<?xml version="1.0" encoding="UTF-8" ?>
<testsuite errors="0" failures="0" hostname="johanness-mbp-4" name="readdy.impl.sim.core.CoreTest" tests="1" time="7.64" timestamp="2014-05-21T15:10:05">
  <properties>
    <property name="netbeans.autoupdate.country" value="US" />
    <property name="nb.wait.for.caches" value="true" />
    <property name="javac.test.classpath" value="lib/colt.jar:lib/statlab.jar:build/classes:/Applications/NetBeans/NetBeans 7.2.1.app/Contents/Resources/NetBeans/platform/modules/ext/junit-4.10.jar" />
    <property name="libs.junit.javadoc" value="/Applications/NetBeans/NetBeans 7.2.1.app/Contents/Resources/NetBeans/java/docs/junit-3.8.2-api.zip" />
    <property name="file.reference.colt.jar" value="lib/colt.jar" />
    <property name="ant.core.lib" value="/Applications/NetBeans/NetBeans 7.2.1.app/Contents/Resources/NetBeans/java/ant/lib/ant.jar" />
    <property name="javadoc.windowtitle" value="" />
    <property name="user.dir" value="/Users/johannesschoeneberg/Desktop/PhD/projects/ReaDDy/gitHub/readdy" />
    <property name="com.apple.mrj.application.apple.menu.about.name" value="NetBeans" />
    <property name="libs.hibernate-persistence.javadoc" value="" />
    <property name="java.vm.version" value="24.51-b03" />
    <property name="libs.MyLibrary.src" value="" />
    <property name="libs.MySQLDriver.classpath" value="/Applications/NetBeans/NetBeans 7.2.1.app/Contents/Resources/NetBeans/ide/modules/ext/mysql-connector-java-5.1.18-bin.jar" />
    <property name="libs.eclipselinkmodelgen.src" value="" />
    <property name="javadoc.notree" value="false" />
    <property name="netbeans.autoupdate.version" value="1.23" />
    <property name="libs.EclipseLink-GlassFish-v3.classpath" value="/Applications/NetBeans/glassfish-3.0.1/glassfish/modules/org.eclipse.persistence.antlr.jar:/Applications/NetBeans/glassfish-3.0.1/glassfish/modules/org.eclipse.persistence.asm.jar:/Applications/NetBeans/glassfish-3.0.1/glassfish/modules/org.eclipse.persistence.core.jar:/Applications/NetBeans/glassfish-3.0.1/glassfish/modules/org.eclipse.persistence.jpa.jar:/Applications/NetBeans/glassfish-3.0.1/glassfish/modules/org.eclipse.persistence.jpa.modelgen.jar:/Applications/NetBeans/glassfish-3.0.1/glassfish/modules/org.eclipse.persistence.oracle.jar:/Applications/NetBeans/glassfish-3.0.1/glassfish/modules/javax.persistence.jar" />
    <property name="libs.hibernate-support.maven-pom" value="" />
    <property name="libs.hibernate-support.javadoc" value="" />
    <property name="jdk.home" value="/Library/Java/JavaVirtualMachines/jdk1.7.0_51.jdk/Contents/Home" />
    <property name="libs.javac-api.src" value="" />
    <property name="javadoc.noindex" value="false" />
    <property name="sun.os.patch.level" value="unknown" />
    <property name="do.archive+manifest.available" value="true" />
    <property name="java.vm.specification.name" value="Java Virtual Machine Specification" />
    <property name="nb.show.statistics.ui" value="usageStatisticsEnabled" />
    <property name="netbeans.autoupdate.variant" value="" />
    <property name="have.tests" value="true" />
    <property name="org.xml.sax.driver" value="com.sun.org.apache.xerces.internal.jaxp.SAXParserImpl$JAXPSAXParser" />
    <property name="libs.javac-api.javadoc" value="" />
    <property name="os.name" value="Mac OS X" />
    <property name="libs.beans-binding.classpath" value="/Applications/NetBeans/NetBeans 7.2.1.app/Contents/Resources/NetBeans/java/modules/ext/beansbinding-1.2.1.jar" />
    <property name="libs.JWSAntTasks.maven-pom" value="" />
    <property name="jnlp.signing.keystore" value="" />
    <property name="libs.testng.src" value="" />
    <property name="java.vendor.url.bug" value="http://bugreport.sun.com/bugreport/" />
    <property name="libs.jaxb.maven-pom" value="" />
    <property name="os.arch" value="x86_64" />
    <property name="libs.eclipselink.src" value="" />
    <property name="user.name" value="johannesschoeneberg" />
    <property name="libs.Comet-GlassFish-v3.javadoc" value="" />
    <property name="copylibs.rebase" value="true" />
    <property name="manifest.available+main.class" value="true" />
    <property name="libs.swing-layout.maven-pom" value="" />
    <property name="sun.java.command" value="org.apache.tools.ant.taskdefs.optional.junit.JUnitTestRunner readdy.impl.sim.core.CoreTest filtertrace=true haltOnError=false haltOnFailure=false showoutput=true outputtoformatters=true logfailedtests=true logtestlistenerevents=true formatter=org.apache.tools.ant.taskdefs.optional.junit.BriefJUnitResultFormatter formatter=org.apache.tools.ant.taskdefs.optional.junit.XMLJUnitResultFormatter,/Users/johannesschoeneberg/Desktop/PhD/projects/ReaDDy/gitHub/readdy/build/test/results/TEST-readdy.impl.sim.core.CoreTest.xml crashfile=/Users/johannesschoeneberg/Desktop/PhD/projects/ReaDDy/gitHub/readdy/build/junitvmwatcher2954566668399062328.properties propsfile=/Users/johannesschoeneberg/Desktop/PhD/projects/ReaDDy/gitHub/readdy/build/junit3853428731116819837.properties" />
    <property name="build.classes.dir" value="build/classes" />
    <property name="netbeans.accept_license_class" value="org.netbeans.license.AcceptLicense" />
    <property name="jnlp.descriptor" value="application" />
    <property name="build.sysclasspath" value="ignore" />
    <property name="libs.jaxws21.javadoc" value="/Applications/NetBeans/NetBeans 7.2.1.app/Contents/Resources/NetBeans/java/docs/jaxws-api-doc.zip" />
    <property name="includes" value="**" />
    <property name="user.country" value="US" />
    <property name="manifest.file" value="manifest.mf" />
    <property name="javadoc.encoding" value="UTF-8" />
    <property name="javac.classpath" value="lib/colt.jar:lib/statlab.jar" />
    <property name="debug-transport" value="dt_socket" />
    <property name="netbeans.system_http_non_proxy_hosts" value="" />
    <property name="com.sun.mysql.port" value="3306" />
    <property name="netbeans.home" value="/Applications/NetBeans/NetBeans 7.2.1.app/Contents/Resources/NetBeans/platform" />
    <property name="build.compiler.emacs" value="true" />
    <property name="libs.ejb3-persistence.src" value="" />
    <property name="java.endorsed.dirs" value="/Library/Java/JavaVirtualMachines/jdk1.7.0_51.jdk/Contents/Home/jre/lib/endorsed" />
    <property name="libs.Comet-GlassFish-v3.maven-pom" value="" />
    <property name="netbeans.dynamic.classpath" value="/Applications/NetBeans/NetBeans 7.2.1.app/Contents/Resources/NetBeans/platform/core/core.jar:/Applications/NetBeans/NetBeans 7.2.1.app/Contents/Resources/NetBeans/platform/core/org-openide-filesystems.jar:/Applications/NetBeans/NetBeans 7.2.1.app/Contents/Resources/NetBeans/platform/core/locale/core_ja.jar:/Applications/NetBeans/NetBeans 7.2.1.app/Contents/Resources/NetBeans/platform/core/locale/core_pt_BR.jar:/Applications/NetBeans/NetBeans 7.2.1.app/Contents/Resources/NetBeans/platform/core/locale/core_ru.jar:/Applications/NetBeans/NetBeans 7.2.1.app/Contents/Resources/NetBeans/platform/core/locale/core_zh_CN.jar:/Applications/NetBeans/NetBeans 7.2.1.app/Contents/Resources/NetBeans/platform/core/locale/org-openide-filesystems_ja.jar:/Applications/NetBeans/NetBeans 7.2.1.app/Contents/Resources/NetBeans/platform/core/locale/org-openide-filesystems_pt_BR.jar:/Applications/NetBeans/NetBeans 7.2.1.app/Contents/Resources/NetBeans/platform/core/locale/org-openide-filesystems_ru.jar:/Applications/NetBeans/NetBeans 7.2.1.app/Contents/Resources/NetBeans/platform/core/locale/org-openide-filesystems_zh_CN.jar:/Applications/NetBeans/NetBeans 7.2.1.app/Contents/Resources/NetBeans/nb/core/org-netbeans-upgrader.jar:/Applications/NetBeans/NetBeans 7.2.1.app/Contents/Resources/NetBeans/nb/core/locale/core_nb.jar:/Applications/NetBeans/NetBeans 7.2.1.app/Contents/Resources/NetBeans/nb/core/locale/core_nb_ja.jar:/Applications/NetBeans/NetBeans 7.2.1.app/Contents/Resources/NetBeans/nb/core/locale/core_nb_pt_BR.jar:/Applications/NetBeans/NetBeans 7.2.1.app/Contents/Resources/NetBeans/nb/core/locale/core_nb_ru.jar:/Applications/NetBeans/NetBeans 7.2.1.app/Contents/Resources/NetBeans/nb/core/locale/core_nb_zh_CN.jar:/Applications/NetBeans/NetBeans 7.2.1.app/Contents/Resources/NetBeans/nb/core/locale/org-netbeans-upgrader_ja.jar:/Applications/NetBeans/NetBeans 7.2.1.app/Contents/Resources/NetBeans/nb/core/locale/org-netbeans-upgrader_pt_BR.jar:/Applications/NetBeans/NetBeans 7.2.1.app/Contents/Resources/NetBeans/nb/core/locale/org-netbeans-upgrader_ru.jar:/Applications/NetBeans/NetBeans 7.2.1.app/Contents/Resources/NetBeans/nb/core/locale/org-netbeans-upgrader_zh_CN.jar" />
    <property name="jnlp.enabled" value="false" />
    <property name="java.vm.specification.version" value="1.7" />
    <property name="ftp.nonProxyHosts" value="local|*.local|169.254/16|*.169.254/16" />
    <property name="netbeans.productversion" value="NetBeans IDE 7.2.1 (Build 201210100934)" />
    <property name="libs.hibernate-persistence.classpath" value="/Applications/NetBeans/NetBeans 7.2.1.app/Contents/Resources/NetBeans/java/modules/ext/hibernate/antlr-2.7.6.jar:/Applications/NetBeans/NetBeans 7.2.1.app/Contents/Resources/NetBeans/java/modules/ext/hibernate/asm.jar:/Applications/NetBeans/NetBeans 7.2.1.app/Contents/Resources/NetBeans/java/modules/ext/hibernate/asm-attrs.jar:/Applications/NetBeans/NetBeans 7.2.1.app/Contents/Resources/NetBeans/java/modules/ext/hibernate/cglib-2.1.3.jar:/Applications/NetBeans/NetBeans 7.2.1.app/Contents/Resources/NetBeans/java/modules/ext/hibernate/commons-collections-2.1.1.jar:/Applications/NetBeans/NetBeans 7.2.1.app/Contents/Resources/NetBeans/ide/modules/org-apache-commons-logging.jar:/Applications/NetBeans/NetBeans 7.2.1.app/Contents/Resources/NetBeans/java/modules/ext/hibernate/dom4j-1.6.1.jar:/Applications/NetBeans/NetBeans 7.2.1.app/Contents/Resources/NetBeans/java/modules/ext/hibernate/ehcache-1.2.3.jar:/Applications/NetBeans/NetBeans 7.2.1.app/Contents/Resources/NetBeans/java/modules/ext/hibernate/jdbc2_0-stdext.jar:/Applications/NetBeans/NetBeans 7.2.1.app/Contents/Resources/NetBeans/java/modules/ext/hibernate/jta.jar:/Applications/NetBeans/NetBeans 7.2.1.app/Contents/Resources/NetBeans/java/modules/ext/hibernate/hibernate3.jar:/Applications/NetBeans/NetBeans 7.2.1.app/Contents/Resources/NetBeans/java/modules/ext/hibernate/hibernate-tools.jar:/Applications/NetBeans/NetBeans 7.2.1.app/Contents/Resources/NetBeans/java/modules/ext/hibernate/hibernate-annotations.jar:/Applications/NetBeans/NetBeans 7.2.1.app/Contents/Resources/NetBeans/java/modules/ext/hibernate/hibernate-commons-annotations.jar:/Applications/NetBeans/NetBeans 7.2.1.app/Contents/Resources/NetBeans/java/modules/ext/hibernate/hibernate-entitymanager.jar:/Applications/NetBeans/NetBeans 7.2.1.app/Contents/Resources/NetBeans/java/modules/ext/hibernate/javassist.jar:/Applications/NetBeans/NetBeans 7.2.1.app/Contents/Resources/NetBeans/java/modules/ext/hibernate/ejb3-persistence.jar" />
    <property name="libs.jaxws21.src" value="" />
    <property name="application.title" value="ReaDDy" />
    <property name="do.archive" value="true" />
    <property name="netbeans.autoupdate.language" value="en" />
    <property name="java.vendor" value="Oracle Corporation" />
    <property name="sun.font.fontmanager" value="sun.font.CFontManager" />
    <property name="jar.index.metainf" value="false" />
    <property name="javac.debug" value="true" />
    <property name="javadoc.splitindex" value="true" />
    <property name="file.separator" value="/" />
    <property name="libs.junit_4.maven-pom" value="" />
    <property name="mkdist.disabled" value="false" />
    <property name="javac.test.processorpath" value="lib/colt.jar:lib/statlab.jar:build/classes:/Applications/NetBeans/NetBeans 7.2.1.app/Contents/Resources/NetBeans/platform/modules/ext/junit-4.10.jar" />
    <property name="netbeans.buildnumber" value="201210100934" />
    <property name="libs.JWSAntTasks.javadoc" value="" />
    <property name="build.generated.sources.dir" value="build/generated-sources" />
    <property name="libs.eclipselinkmodelgen.classpath" value="/Applications/NetBeans/NetBeans 7.2.1.app/Contents/Resources/NetBeans/java/modules/ext/eclipselink/org.eclipse.persistence.jpa.modelgen.processor-2.3.2.jar" />
    <property name="sun.java.launcher" value="SUN_STANDARD" />
    <property name="libs.junit.classpath" value="/Applications/NetBeans/NetBeans 7.2.1.app/Contents/Resources/NetBeans/java/modules/ext/junit-3.8.2.jar" />
    <property name="libs.jaxb.javadoc" value="/Applications/NetBeans/NetBeans 7.2.1.app/Contents/Resources/NetBeans/ide/docs/jaxb-api-doc.zip" />
    <property name="ant.home" value="/Applications/NetBeans/NetBeans 7.2.1.app/Contents/Resources/NetBeans/java/ant" />
    <property name="libs.junit_4.src" value="/Applications/NetBeans/NetBeans 7.2.1.app/Contents/Resources/NetBeans/java/docs/junit-4.10-sources.jar" />
    <property name="libs.testng.classpath" value="/Applications/NetBeans/NetBeans 7.2.1.app/Contents/Resources/NetBeans/platform/modules/ext/testng-6.5.1-dist.jar" />
    <property name="libs.absolutelayout.maven-pom" value="" />
    <property name="ant.java.version" value="1.7" />
    <property name="java.library.path" value="/Users/johannesschoeneberg/Library/Java/Extensions:/Library/Java/Extensions:/Network/Library/Java/Extensions:/System/Library/Java/Extensions:/usr/lib/java:." />
    <property name="javadoc.author" value="false" />
    <property name="manifest.available+main.class-mkdist.available" value="true" />
    <property name="libs.EclipseLink-GlassFish-v3.src" value="" />
    <property name="java.util.logging.config.class" value="org.netbeans.core.startup.TopLogging" />
    <property name="libs.PostgreSQLDriver.src" value="" />
    <property name="sun.arch.data.model" value="64" />
    <property name="basedir" value="/Users/johannesschoeneberg/Desktop/PhD/projects/ReaDDy/gitHub/readdy" />
    <property name="libs.jpa20-persistence.maven-pom" value="" />
    <property name="jar.compress" value="false" />
    <property name="path.separator" value=":" />
    <property name="ant.junit.enabletestlistenerevents" value="true" />
    <property name="sun.io.unicode.encoding" value="UnicodeBig" />
    <property name="libs.jaxws21.classpath" value="/Applications/NetBeans/NetBeans 7.2.1.app/Contents/Resources/NetBeans/ide/modules/ext/jaxb/jaxb-impl.jar:/Applications/NetBeans/NetBeans 7.2.1.app/Contents/Resources/NetBeans/ide/modules/ext/jaxb/jaxb-xjc.jar:/Applications/NetBeans/NetBeans 7.2.1.app/Contents/Resources/NetBeans/java/modules/ext/jaxws22/FastInfoset.jar:/Applications/NetBeans/NetBeans 7.2.1.app/Contents/Resources/NetBeans/java/modules/ext/jaxws22/gmbal-api-only.jar:/Applications/NetBeans/NetBeans 7.2.1.app/Contents/Resources/NetBeans/java/modules/ext/jaxws22/ha-api.jar:/Applications/NetBeans/NetBeans 7.2.1.app/Contents/Resources/NetBeans/java/modules/ext/jaxws22/javax.mail_1.4.jar:/Applications/NetBeans/NetBeans 7.2.1.app/Contents/Resources/NetBeans/java/modules/ext/jaxws22/jaxws-rt.jar:/Applications/NetBeans/NetBeans 7.2.1.app/Contents/Resources/NetBeans/java/modules/ext/jaxws22/jaxws-tools.jar:/Applications/NetBeans/NetBeans 7.2.1.app/Contents/Resources/NetBeans/java/modules/ext/jaxws22/management-api.jar:/Applications/NetBeans/NetBeans 7.2.1.app/Contents/Resources/NetBeans/java/modules/ext/jaxws22/mimepull.jar:/Applications/NetBeans/NetBeans 7.2.1.app/Contents/Resources/NetBeans/java/modules/ext/jaxws22/policy.jar:/Applications/NetBeans/NetBeans 7.2.1.app/Contents/Resources/NetBeans/java/modules/ext/jaxws22/saaj-impl.jar:/Applications/NetBeans/NetBeans 7.2.1.app/Contents/Resources/NetBeans/java/modules/ext/jaxws22/stax-ex.jar:/Applications/NetBeans/NetBeans 7.2.1.app/Contents/Resources/NetBeans/java/modules/ext/jaxws22/stax2-api.jar:/Applications/NetBeans/NetBeans 7.2.1.app/Contents/Resources/NetBeans/java/modules/ext/jaxws22/streambuffer.jar:/Applications/NetBeans/NetBeans 7.2.1.app/Contents/Resources/NetBeans/java/modules/ext/jaxws22/woodstox-core-asl.jar:/Applications/NetBeans/NetBeans 7.2.1.app/Contents/Resources/NetBeans/java/modules/ext/jaxws22/api/jaxws-api.jar:/Applications/NetBeans/NetBeans 7.2.1.app/Contents/Resources/NetBeans/java/modules/ext/jaxws22/api/jsr181-api.jar:/Applications/NetBeans/NetBeans 7.2.1.app/Contents/Resources/NetBeans/java/modules/ext/jaxws22/api/javax.annotation.jar:/Applications/NetBeans/NetBeans 7.2.1.app/Contents/Resources/NetBeans/java/modules/ext/jaxws22/api/saaj-api.jar:/Applications/NetBeans/NetBeans 7.2.1.app/Contents/Resources/NetBeans/ide/modules/ext/jaxb/activation.jar:/Applications/NetBeans/NetBeans 7.2.1.app/Contents/Resources/NetBeans/ide/modules/ext/jaxb/api/jaxb-api.jar:/Applications/NetBeans/NetBeans 7.2.1.app/Contents/Resources/NetBeans/ide/modules/ext/jaxb/api/jsr173_1.0_api.jar" />
    <property name="compile.on.save" value="true" />
    <property name="ant.file.ReaDDy" value="/Users/johannesschoeneberg/Desktop/PhD/projects/ReaDDy/gitHub/readdy/build.xml" />
    <property name="apple.awt.graphics.UseQuartz" value="true" />
    <property name="user.language" value="en" />
    <property name="testng.mode" value="testng" />
    <property name="libs.JAXB-ENDORSED.maven-pom" value="" />
    <property name="libs.spring-framework.classpath" value="/Applications/NetBeans/NetBeans 7.2.1.app/Contents/Resources/NetBeans/ide/modules/org-apache-commons-logging.jar:/Applications/NetBeans/NetBeans 7.2.1.app/Contents/Resources/NetBeans/java/modules/ext/cglib-2.2.jar:/Applications/NetBeans/NetBeans 7.2.1.app/Contents/Resources/NetBeans/java/modules/ext/spring/spring-2.5.6.SEC03.jar" />
    <property name="libs.eclipselink.maven-pom" value="" />
    <property name="application.vendor" value="Jojo" />
    <property name="manifest.available" value="true" />
    <property name="libs.spring-framework300.maven-pom" value="" />
    <property name="run.test.classpath" value="lib/colt.jar:lib/statlab.jar:build/classes:/Applications/NetBeans/NetBeans 7.2.1.app/Contents/Resources/NetBeans/platform/modules/ext/junit-4.10.jar:build/test/classes" />
    <property name="ant.project.invoked-targets" value="test" />
    <property name="libs.swing-layout.javadoc" value="/Applications/NetBeans/NetBeans 7.2.1.app/Contents/Resources/NetBeans/platform/docs/swing-layout-1.0.4-doc.zip" />
    <property name="libs.ejb3-persistence.maven-pom" value="" />
    <property name="gopherProxySet" value="false" />
    <property name="libs.PostgreSQLDriver.maven-pom" value="" />
    <property name="java.class.version" value="51.0" />
    <property name="netbeans.system_http_proxy" value="DIRECT" />
    <property name="libs.eclipselink.javadoc" value="" />
    <property name="user.properties.file" value="/Users/johannesschoeneberg/Library/Application Support/NetBeans/7.2.1/build.properties" />
    <property name="runtime.encoding" value="UTF-8" />
    <property name="libs.spring-framework.src" value="" />
    <property name="libs.javac-api.maven-pom" value="" />
    <property name="file.encoding.pkg" value="sun.io" />
    <property name="sun.cpu.endian" value="little" />
    <property name="libs.JAXB-ENDORSED.javadoc" value="" />
    <property name="libs.JWSAntTasks.classpath" value="/Applications/NetBeans/NetBeans 7.2.1.app/Contents/Resources/NetBeans/java/ant/extra/org-netbeans-modules-javawebstart-anttasks.jar" />
    <property name="libs.spring-framework300.src" value="" />
    <property name="empty.dir" value="/Users/johannesschoeneberg/Desktop/PhD/projects/ReaDDy/gitHub/readdy/build/empty" />
    <property name="version-output" value="java version &quot;1.7" />
    <property name="javadoc.preview" value="true" />
    <property name="socksNonProxyHosts" value="local|*.local|169.254/16|*.169.254/16" />
    <property name="libs.jpa20-persistence.javadoc" value="" />
    <property name="java.home" value="/Library/Java/JavaVirtualMachines/jdk1.7.0_51.jdk/Contents/Home/jre" />
    <property name="debug.test.classpath" value="lib/colt.jar:lib/statlab.jar:build/classes:/Applications/NetBeans/NetBeans 7.2.1.app/Contents/Resources/NetBeans/platform/modules/ext/junit-4.10.jar:build/test/classes" />
    <property name="netbeans.importclass" value="org.netbeans.upgrade.AutoUpgrade" />
    <property name="ant.project.default-target" value="default" />
    <property name="annotation.processing.run.all.processors" value="true" />
    <property name="libs.MyLibrary.classpath" value="/Users/Jojo/NetBeansProjects/IoTools/dist/IoTools.jar" />
    <property name="jar.archive.disabled" value="false" />
    <property name="jnlp.signing.alias" value="" />
    <property name="libs.PostgreSQLDriver.javadoc" value="" />
    <property name="com.sun.mysql.stopcommand" value="/usr/local/mysql/support-files/mysql-admin.server" />
    <property name="libs.MySQLDriver.maven-pom" value="" />
    <property name="ant.file.type.ReaDDy-impl" value="file" />
    <property name="http.nonProxyHosts" value="local|*.local|169.254/16|*.169.254/16" />
    <property name="libs.junit_4.javadoc" value="/Applications/NetBeans/NetBeans 7.2.1.app/Contents/Resources/NetBeans/java/docs/junit-4.10-javadoc.jar" />
    <property name="libs.EclipseLink-GlassFish-v3.maven-pom" value="" />
    <property name="run.classpath" value="lib/colt.jar:lib/statlab.jar:build/classes" />
    <property name="libs.hibernate-support.src" value="" />
    <property name="jna.boot.library.name" value="jnidispatch-340" />
    <property name="sun.awt.datatransfer.timeout" value="1000" />
    <property name="annotation.processing.enabled.in.editor" value="false" />
    <property name="sun.management.compiler" value="HotSpot 64-Bit Tiered Compilers" />
    <property name="javac.deprecation" value="false" />
    <property name="javadoc.use" value="true" />
    <property name="sun.java2d.noddraw" value="true" />
    <property name="javac.processorpath" value="lib/colt.jar:lib/statlab.jar" />
    <property name="javac.compilerargs" value="" />
    <property name="svnkit.http.methods" value="Basic" />
    <property name="ant.file" value="/Users/johannesschoeneberg/Desktop/PhD/projects/ReaDDy/gitHub/readdy/build.xml" />
    <property name="libs.beans-binding.maven-pom" value="" />
    <property name="jnlp.codebase.type" value="no.codebase" />
    <property name="libs.beans-binding.src" value="" />
    <property name="java.vm.specification.vendor" value="Oracle Corporation" />
    <property name="libs.swing-layout.src" value="/Applications/NetBeans/NetBeans 7.2.1.app/Contents/Resources/NetBeans/platform/docs/swing-layout-1.0.4-src.zip" />
    <property name="org.openide.major.version" value="IDE/1" />
    <property name="java.vm.name" value="Java HotSpot(TM) 64-Bit Server VM" />
    <property name="netbeans.user" value="/Users/johannesschoeneberg/Library/Application Support/NetBeans/7.2.1" />
    <property name="javadoc.additionalparam" value="" />
    <property name="jnlp.offline-allowed" value="false" />
    <property name="java.io.tmpdir" value="/var/folders/3g/_bpdg45s3zv2x4ktzdvpvsnw0000gn/T/" />
    <property name="java.vendor.url" value="http://java.oracle.com/" />
    <property name="endorsed.classpath.cmd.line.arg" value="" />
    <property name="junit.available" value="true" />
    <property name="org.openide.awt.ActionReference.completion" value="org.netbeans.modules.apisupport.project.layers.PathCompletions" />
    <property name="sun.boot.library.path" value="/Library/Java/JavaVirtualMachines/jdk1.7.0_51.jdk/Contents/Home/jre/lib" />
    <property name="have.sources" value="true" />
    <property name="debug.classpath" value="lib/colt.jar:lib/statlab.jar:build/classes" />
    <property name="javadoc.private" value="false" />
    <property name="test.src.dir" value="test" />
    <property name="libs.MyLibrary.javadoc" value="" />
    <property name="meta.inf.dir" value="src/META-INF" />
    <property name="javadoc.encoding.used" value="UTF-8" />
    <property name="dist.jar" value="dist/ReaDDy.jar" />
    <property name="java.runtime.name" value="Java(TM) SE Runtime Environment" />
    <property name="ant.project.name" value="ReaDDy" />
    <property name="netbeans.hash.code" value="unique=NB_JAVA056e4f842-5fe4-4f9b-9400-70920d741659_f13b8425-b6a4-4f8b-97bd-90bd6ef862dd" />
    <property name="netbeans.default_userdir_root" value="/Users/johannesschoeneberg/Library/Application Support/NetBeans" />
    <property name="manifest.available-mkdist.available" value="true" />
    <property name="sun.cpu.isalist" value="" />
    <property name="libs.CopyLibs.javadoc" value="" />
    <property name="org.openide.specification.version" value="6.2" />
    <property name="libs.hibernate-support.classpath" value="/Applications/NetBeans/NetBeans 7.2.1.app/Contents/Resources/NetBeans/java/modules/ext/hibernate/antlr-2.7.6.jar:/Applications/NetBeans/NetBeans 7.2.1.app/Contents/Resources/NetBeans/java/modules/ext/hibernate/asm.jar:/Applications/NetBeans/NetBeans 7.2.1.app/Contents/Resources/NetBeans/java/modules/ext/hibernate/asm-attrs.jar:/Applications/NetBeans/NetBeans 7.2.1.app/Contents/Resources/NetBeans/java/modules/ext/hibernate/cglib-2.1.3.jar:/Applications/NetBeans/NetBeans 7.2.1.app/Contents/Resources/NetBeans/java/modules/ext/hibernate/commons-collections-2.1.1.jar:/Applications/NetBeans/NetBeans 7.2.1.app/Contents/Resources/NetBeans/ide/modules/org-apache-commons-logging.jar:/Applications/NetBeans/NetBeans 7.2.1.app/Contents/Resources/NetBeans/java/modules/ext/hibernate/dom4j-1.6.1.jar:/Applications/NetBeans/NetBeans 7.2.1.app/Contents/Resources/NetBeans/java/modules/ext/hibernate/ehcache-1.2.3.jar:/Applications/NetBeans/NetBeans 7.2.1.app/Contents/Resources/NetBeans/java/modules/ext/hibernate/jdbc2_0-stdext.jar:/Applications/NetBeans/NetBeans 7.2.1.app/Contents/Resources/NetBeans/java/modules/ext/hibernate/jta.jar:/Applications/NetBeans/NetBeans 7.2.1.app/Contents/Resources/NetBeans/java/modules/ext/hibernate/hibernate3.jar:/Applications/NetBeans/NetBeans 7.2.1.app/Contents/Resources/NetBeans/java/modules/ext/hibernate/hibernate-tools.jar:/Applications/NetBeans/NetBeans 7.2.1.app/Contents/Resources/NetBeans/java/modules/ext/hibernate/hibernate-annotations.jar:/Applications/NetBeans/NetBeans 7.2.1.app/Contents/Resources/NetBeans/java/modules/ext/hibernate/hibernate-commons-annotations.jar:/Applications/NetBeans/NetBeans 7.2.1.app/Contents/Resources/NetBeans/java/modules/ext/hibernate/hibernate-entitymanager.jar:/Applications/NetBeans/NetBeans 7.2.1.app/Contents/Resources/NetBeans/java/modules/ext/hibernate/javassist.jar" />
    <property name="user.home" value="/Users/johannesschoeneberg" />
    <property name="annotation.processing.processors.list" value="" />
    <property name="debug-args-line" value="-Xdebug" />
    <property name="libs.JWSAntTasks.src" value="" />
    <property name="jar.index" value="false" />
    <property name="libs.CopyLibs.maven-pom" value="" />
    <property name="libs.spring-framework300.javadoc" value="" />
    <property name="libs.hibernate-persistence.maven-pom" value="" />
    <property name="libs.absolutelayout.javadoc" value="" />
    <property name="java.specification.name" value="Java Platform API Specification" />
    <property name="do.archive+main.class.available" value="true" />
    <property name="jnlp.mixed.code" value="default" />
    <property name="java.specification.vendor" value="Oracle Corporation" />
    <property name="libs.javac-api.classpath" value="/Applications/NetBeans/NetBeans 7.2.1.app/Contents/Resources/NetBeans/java/modules/ext/nb-javac-api.jar" />
    <property name="java.version" value="1.7.0_51" />
    <property name="run.jvmargs.ide" value="" />
    <property name="javadoc.version" value="false" />
    <property name="libs.MySQLDriver.javadoc" value="" />
    <property name="org.openide.version" value="deprecated" />
    <property name="ant.file.ReaDDy-impl" value="/Users/johannesschoeneberg/Desktop/PhD/projects/ReaDDy/gitHub/readdy/nbproject/build-impl.xml" />
    <property name="source.encoding" value="UTF-8" />
    <property name="ap.cmd.line.internal" value="" />
    <property name="libs.eclipselinkmodelgen.maven-pom" value="" />
    <property name="libs.junit.maven-pom" value="" />
    <property name="libs.eclipselinkmodelgen.javadoc" value="" />
    <property name="netbeans.home+have.tests" value="true" />
    <property name="annotation.processing.processor.options" value="" />
    <property name="libs.testng.maven-pom" value="" />
    <property name="libs.jaxb.src" value="" />
    <property name="work.dir" value="/Users/johannesschoeneberg/Desktop/PhD/projects/ReaDDy/gitHub/readdy" />
    <property name="libs.jaxb.classpath" value="/Applications/NetBeans/NetBeans 7.2.1.app/Contents/Resources/NetBeans/ide/modules/ext/jaxb/jaxb-impl.jar:/Applications/NetBeans/NetBeans 7.2.1.app/Contents/Resources/NetBeans/ide/modules/ext/jaxb/jaxb-xjc.jar:/Applications/NetBeans/NetBeans 7.2.1.app/Contents/Resources/NetBeans/ide/modules/ext/jaxb/jaxb1-impl.jar:/Applications/NetBeans/NetBeans 7.2.1.app/Contents/Resources/NetBeans/ide/modules/ext/jaxb/activation.jar:/Applications/NetBeans/NetBeans 7.2.1.app/Contents/Resources/NetBeans/ide/modules/ext/jaxb/api/jaxb-api.jar:/Applications/NetBeans/NetBeans 7.2.1.app/Contents/Resources/NetBeans/ide/modules/ext/jaxb/api/jsr173_1.0_api.jar" />
    <property name="do.depend" value="false" />
    <property name="com.sun.mysql.startargs" value="start" />
    <property name="dist.javadoc.dir" value="dist/javadoc" />
    <property name="libs.swing-layout.classpath" value="/Applications/NetBeans/NetBeans 7.2.1.app/Contents/Resources/NetBeans/platform/modules/ext/swing-layout-1.0.4.jar" />
    <property name="build.generated.dir" value="build/generated" />
    <property name="javac.source" value="1.5" />
    <property name="libs.hibernate-persistence.src" value="" />
    <property name="line.separator" value="&#xa;" />
    <property name="java.specification.version" value="1.7" />
    <property name="libs.jaxws21.maven-pom" value="" />
    <property name="java.vm.info" value="mixed mode" />
    <property name="nb.junit.batch" value="true" />
    <property name="junit.forkmode" value="perTest" />
    <property name="libs.spring-framework.maven-pom" value="" />
    <property name="sun.boot.class.path" value="/Library/Java/JavaVirtualMachines/jdk1.7.0_51.jdk/Contents/Home/jre/lib/resources.jar:/Library/Java/JavaVirtualMachines/jdk1.7.0_51.jdk/Contents/Home/jre/lib/rt.jar:/Library/Java/JavaVirtualMachines/jdk1.7.0_51.jdk/Contents/Home/jre/lib/sunrsasign.jar:/Library/Java/JavaVirtualMachines/jdk1.7.0_51.jdk/Contents/Home/jre/lib/jsse.jar:/Library/Java/JavaVirtualMachines/jdk1.7.0_51.jdk/Contents/Home/jre/lib/jce.jar:/Library/Java/JavaVirtualMachines/jdk1.7.0_51.jdk/Contents/Home/jre/lib/charsets.jar:/Library/Java/JavaVirtualMachines/jdk1.7.0_51.jdk/Contents/Home/jre/lib/jfr.jar:/Library/Java/JavaVirtualMachines/jdk1.7.0_51.jdk/Contents/Home/jre/classes" />
    <property name="javac.target" value="1.5" />
    <property name="built-jar.properties" value="/Users/johannesschoeneberg/Desktop/PhD/projects/ReaDDy/gitHub/readdy/build/built-jar.properties" />
    <property name="build.test.classes.dir" value="build/test/classes" />
    <property name="src.dir" value="src" />
    <property name="annotation.processing.enabled" value="true" />
    <property name="com.sun.mysql.startcommand" value="/usr/local/mysql/support-files/mysql-admin.server" />
    <property name="libs.jpa20-persistence.src" value="" />
    <property name="file.reference.statlab.jar" value="lib/statlab.jar" />
    <property name="ignore.failing.tests" value="true" />
    <property name="libs.Comet-GlassFish-v3.classpath" value="/Applications/NetBeans/glassfish-3.0.1/glassfish/modules/grizzly-comet.jar" />
    <property name="dist.dir" value="dist" />
    <property name="do.archive+manifest.available+main.class" value="true" />
    <property name="testng.debug.mode" value="" />
    <property name="javac.fork" value="false" />
    <property name="java.awt.printerjob" value="sun.lwawt.macosx.CPrinterJob" />
    <property name="default.javac.source" value="1.7" />
    <property name="com.sun.mysql.stopargs" value="stop" />
    <property name="debug-transport-by-os" value="dt_socket" />
    <property name="libs.MySQLDriver.src" value="" />
    <property name="sun.jnu.encoding" value="UTF-8" />
    <property name="java.runtime.version" value="1.7.0_51-b13" />
    <property name="build.test.results.dir" value="build/test/results" />
    <property name="libs.ejb3-persistence.javadoc" value="" />
    <property name="manifest.available+main.class+mkdist.available" value="true" />
    <property name="jna.platform.library.path" value="/usr/lib:/usr/lib" />
    <property name="default.javac.target" value="1.7" />
    <property name="libs.junit_4.classpath" value="/Applications/NetBeans/NetBeans 7.2.1.app/Contents/Resources/NetBeans/platform/modules/ext/junit-4.10.jar" />
    <property name="user.timezone" value="" />
    <property name="nb.junit.single" value="false" />
    <property name="do.jar" value="true" />
    <property name="netbeans.dirs" value="/Applications/NetBeans/NetBeans 7.2.1.app/Contents/Resources/NetBeans/nb:/Applications/NetBeans/NetBeans 7.2.1.app/Contents/Resources/NetBeans/ergonomics:/Applications/NetBeans/NetBeans 7.2.1.app/Contents/Resources/NetBeans/ide:/Applications/NetBeans/NetBeans 7.2.1.app/Contents/Resources/NetBeans/java:/Applications/NetBeans/NetBeans 7.2.1.app/Contents/Resources/NetBeans/apisupport:/Applications/NetBeans/NetBeans 7.2.1.app/Contents/Resources/NetBeans/webcommon:/Applications/NetBeans/NetBeans 7.2.1.app/Contents/Resources/NetBeans/websvccommon:/Applications/NetBeans/NetBeans 7.2.1.app/Contents/Resources/NetBeans/enterprise:/Applications/NetBeans/NetBeans 7.2.1.app/Contents/Resources/NetBeans/mobility:/Applications/NetBeans/NetBeans 7.2.1.app/Contents/Resources/NetBeans/profiler:/Applications/NetBeans/NetBeans 7.2.1.app/Contents/Resources/NetBeans/python:/Applications/NetBeans/NetBeans 7.2.1.app/Contents/Resources/NetBeans/php:/Applications/NetBeans/NetBeans 7.2.1.app/Contents/Resources/NetBeans/identity:/Applications/NetBeans/NetBeans 7.2.1.app/Contents/Resources/NetBeans/harness:/Applications/NetBeans/NetBeans 7.2.1.app/Contents/Resources/NetBeans/cnd:/Applications/NetBeans/NetBeans 7.2.1.app/Contents/Resources/NetBeans/dlight:/Applications/NetBeans/NetBeans 7.2.1.app/Contents/Resources/NetBeans/groovy:/Applications/NetBeans/NetBeans 7.2.1.app/Contents/Resources/NetBeans/extra:/Applications/NetBeans/NetBeans 7.2.1.app/Contents/Resources/NetBeans/javacard:/Applications/NetBeans/NetBeans 7.2.1.app/Contents/Resources/NetBeans/javafx:" />
    <property name="java.ext.dirs" value="/Users/johannesschoeneberg/Library/Java/Extensions:/Library/Java/JavaVirtualMachines/jdk1.7.0_51.jdk/Contents/Home/jre/lib/ext:/Library/Java/Extensions:/Network/Library/Java/Extensions:/System/Library/Java/Extensions:/usr/lib/java" />
    <property name="libs.MyLibrary.maven-pom" value="" />
    <property name="endorsed.classpath" value="" />
    <property name="libs.absolutelayout.classpath" value="/Applications/NetBeans/NetBeans 7.2.1.app/Contents/Resources/NetBeans/java/modules/ext/AbsoluteLayout.jar" />
    <property name="excludes" value="" />
    <property name="java.class.path" value="/Users/johannesschoeneberg/Desktop/PhD/projects/ReaDDy/gitHub/readdy/lib/colt.jar:/Users/johannesschoeneberg/Desktop/PhD/projects/ReaDDy/gitHub/readdy/lib/statlab.jar:/Users/johannesschoeneberg/Desktop/PhD/projects/ReaDDy/gitHub/readdy/build/classes:/Applications/NetBeans/NetBeans 7.2.1.app/Contents/Resources/NetBeans/platform/modules/ext/junit-4.10.jar:/Users/johannesschoeneberg/Desktop/PhD/projects/ReaDDy/gitHub/readdy/build/test/classes:/Applications/NetBeans/NetBeans 7.2.1.app/Contents/Resources/NetBeans/java/ant/lib/ant-launcher.jar:/Applications/NetBeans/NetBeans 7.2.1.app/Contents/Resources/NetBeans/java/ant/lib/ant.jar:/Applications/NetBeans/NetBeans 7.2.1.app/Contents/Resources/NetBeans/java/ant/lib/ant-junit.jar:/Applications/NetBeans/NetBeans 7.2.1.app/Contents/Resources/NetBeans/java/ant/lib/ant-junit4.jar" />
    <property name="apple.laf.useScreenMenuBar" value="true" />
    <property name="do.mkdist" value="true" />
    <property name="libs.absolutelayout.src" value="" />
    <property name="libs.jpa20-persistence.classpath" value="/Applications/NetBeans/NetBeans 7.2.1.app/Contents/Resources/NetBeans/java/modules/ext/eclipselink/javax.persistence-2.0.3.jar" />
    <property name="os.version" value="10.9.2" />
    <property name="application.args" value="" />
    <property name="libs.EclipseLink-GlassFish-v3.javadoc" value="/Applications/NetBeans/NetBeans 6.9.app/Contents/Resources/NetBeans/enterprise/docs/javaee6-doc-api.zip" />
    <property name="main.class.available" value="true" />
    <property name="sun.awt.enableExtraMouseButtons" value="true" />
    <property name="libs.Comet-GlassFish-v3.src" value="" />
    <property name="libs.JAXB-ENDORSED.classpath" value="/Applications/NetBeans/NetBeans 7.2.1.app/Contents/Resources/NetBeans/ide/modules/ext/jaxb/api/jaxb-api.jar" />
    <property name="libs.eclipselink.classpath" value="/Applications/NetBeans/NetBeans 7.2.1.app/Contents/Resources/NetBeans/java/modules/ext/eclipselink/eclipselink-2.3.2.jar:/Applications/NetBeans/NetBeans 7.2.1.app/Contents/Resources/NetBeans/java/modules/ext/eclipselink/javax.persistence-2.0.3.jar:/Applications/NetBeans/NetBeans 7.2.1.app/Contents/Resources/NetBeans/java/modules/ext/eclipselink/org.eclipse.persistence.jpa.jpql_1.0.1.jar" />
    <property name="libs.beans-binding.javadoc" value="/Applications/NetBeans/NetBeans 7.2.1.app/Contents/Resources/NetBeans/java/docs/beansbinding-1.2.1-doc.zip" />
    <property name="java.awt.graphicsenv" value="sun.awt.CGraphicsEnvironment" />
    <property name="java.vm.vendor" value="Oracle Corporation" />
    <property name="libs.CopyLibs.classpath" value="/Applications/NetBeans/NetBeans 7.2.1.app/Contents/Resources/NetBeans/java/ant/extra/org-netbeans-modules-java-j2seproject-copylibstask.jar" />
    <property name="libs.spring-framework300.classpath" value="/Applications/NetBeans/NetBeans 7.2.1.app/Contents/Resources/NetBeans/ide/modules/org-apache-commons-logging.jar:/Applications/NetBeans/NetBeans 7.2.1.app/Contents/Resources/NetBeans/java/modules/ext/cglib-2.2.jar:/Applications/NetBeans/NetBeans 7.2.1.app/Contents/Resources/NetBeans/java/modules/ext/spring-3.0/spring-aop-3.1.1.RELEASE.jar:/Applications/NetBeans/NetBeans 7.2.1.app/Contents/Resources/NetBeans/java/modules/ext/spring-3.0/spring-asm-3.1.1.RELEASE.jar:/Applications/NetBeans/NetBeans 7.2.1.app/Contents/Resources/NetBeans/java/modules/ext/spring-3.0/spring-aspects-3.1.1.RELEASE.jar:/Applications/NetBeans/NetBeans 7.2.1.app/Contents/Resources/NetBeans/java/modules/ext/spring-3.0/spring-beans-3.1.1.RELEASE.jar:/Applications/NetBeans/NetBeans 7.2.1.app/Contents/Resources/NetBeans/java/modules/ext/spring-3.0/spring-context-3.1.1.RELEASE.jar:/Applications/NetBeans/NetBeans 7.2.1.app/Contents/Resources/NetBeans/java/modules/ext/spring-3.0/spring-context-support-3.1.1.RELEASE.jar:/Applications/NetBeans/NetBeans 7.2.1.app/Contents/Resources/NetBeans/java/modules/ext/spring-3.0/spring-core-3.1.1.RELEASE.jar:/Applications/NetBeans/NetBeans 7.2.1.app/Contents/Resources/NetBeans/java/modules/ext/spring-3.0/spring-expression-3.1.1.RELEASE.jar:/Applications/NetBeans/NetBeans 7.2.1.app/Contents/Resources/NetBeans/java/modules/ext/spring-3.0/spring-instrument-3.1.1.RELEASE.jar:/Applications/NetBeans/NetBeans 7.2.1.app/Contents/Resources/NetBeans/java/modules/ext/spring-3.0/spring-instrument-tomcat-3.1.1.RELEASE.jar:/Applications/NetBeans/NetBeans 7.2.1.app/Contents/Resources/NetBeans/java/modules/ext/spring-3.0/spring-jdbc-3.1.1.RELEASE.jar:/Applications/NetBeans/NetBeans 7.2.1.app/Contents/Resources/NetBeans/java/modules/ext/spring-3.0/spring-jms-3.1.1.RELEASE.jar:/Applications/NetBeans/NetBeans 7.2.1.app/Contents/Resources/NetBeans/java/modules/ext/spring-3.0/spring-orm-3.1.1.RELEASE.jar:/Applications/NetBeans/NetBeans 7.2.1.app/Contents/Resources/NetBeans/java/modules/ext/spring-3.0/spring-oxm-3.1.1.RELEASE.jar:/Applications/NetBeans/NetBeans 7.2.1.app/Contents/Resources/NetBeans/java/modules/ext/spring-3.0/spring-test-3.1.1.RELEASE.jar:/Applications/NetBeans/NetBeans 7.2.1.app/Contents/Resources/NetBeans/java/modules/ext/spring-3.0/spring-tx-3.1.1.RELEASE.jar:/Applications/NetBeans/NetBeans 7.2.1.app/Contents/Resources/NetBeans/java/modules/ext/spring-3.0/spring-web-3.1.1.RELEASE.jar:/Applications/NetBeans/NetBeans 7.2.1.app/Contents/Resources/NetBeans/java/modules/ext/spring-3.0/spring-webmvc-portlet-3.1.1.RELEASE.jar:/Applications/NetBeans/NetBeans 7.2.1.app/Contents/Resources/NetBeans/java/modules/ext/spring-3.0/spring-webmvc-3.1.1.RELEASE.jar:/Applications/NetBeans/NetBeans 7.2.1.app/Contents/Resources/NetBeans/java/modules/ext/spring-3.0/spring-struts-3.1.1.RELEASE.jar" />
    <property name="run.jvmargs" value="" />
    <property name="libs.ejb3-persistence.classpath" value="/Applications/NetBeans/NetBeans 7.2.1.app/Contents/Resources/NetBeans/java/modules/ext/hibernate/ejb3-persistence.jar" />
    <property name="libs.spring-framework.javadoc" value="" />
    <property name="libs.JAXB-ENDORSED.src" value="" />
    <property name="libs.testng.javadoc" value="/Applications/NetBeans/NetBeans 7.2.1.app/Contents/Resources/NetBeans/platform/docs/testng-6.5.1-javadoc.zip" />
    <property name="libs.PostgreSQLDriver.classpath" value="/Applications/NetBeans/NetBeans 7.2.1.app/Contents/Resources/NetBeans/ide/modules/ext/postgresql-9.1-901.jdbc4.jar" />
    <property name="ant.file.type.ReaDDy" value="file" />
    <property name="jnlp.signing" value="" />
    <property name="libs.junit.src" value="" />
    <property name="annotation.processing.source.output" value="build/generated-sources/ap-source-output" />
    <property name="jnlp.signed" value="false" />
    <property name="main.class" value="readdy.Main" />
    <property name="libs.CopyLibs.src" value="" />
    <property name="build.dir" value="build" />
    <property name="ant.version" value="Apache Ant(TM) version 1.8.3 compiled on February 26 2012" />
    <property name="file.encoding" value="US-ASCII" />
    <property name="build.classes.excludes" value="**/*.java,**/*.form" />
    <property name="jdkBug6558476" value="false" />
    <property name="javadoc.nonavbar" value="false" />
    <property name="platform.active" value="default_platform" />
    <property name="awt.toolkit" value="sun.lwawt.macosx.LWCToolkit" />
  </properties>
  <testcase classname="readdy.impl.sim.core.CoreTest" name="testStep" time="7.439" />
  <system-out><![CDATA[CoreTEST...:

parse param_global...
parsing param_global file: /Users/johannesschoeneberg/Desktop/PhD/projects/ReaDDy/gitHub/readdy/./test/testInputFiles/test_core/coreTest_param_global.xml
... done.
parse ParamParticles
parsing param_particles file: /Users/johannesschoeneberg/Desktop/PhD/projects/ReaDDy/gitHub/readdy/./test/testInputFiles/test_core/coreTest_param_particles.xml
... done.
parsing tplgy_potentials file: /Users/johannesschoeneberg/Desktop/PhD/projects/ReaDDy/gitHub/readdy/./test/testInputFiles/test_core/coreTest_tplgy_potentials.xml
... done.
latticeBoxSize!!! :2.0
parse tplgyCoordinatesFile
parsing tplgy_coordinates file: /Users/johannesschoeneberg/Desktop/PhD/projects/ReaDDy/gitHub/readdy/./test/testInputFiles/test_core/coreTest_tplgy_coordinates.xml
... done.
---------------------------------------
NeighborLattice construction... 
num Dimensions:          3
latice origin:           -50.0 -50.0 -50.0
latice extension:        100.0 100.0 100.0
num boxes per dimension: 50,50,50
box edge length per dim: 2.0 2.0 2.0
total num boxes:         125000
... lattice ready.
---------------------------------------
parse elementalReactions...
parsing react_elmtlRk file: /Users/johannesschoeneberg/Desktop/PhD/projects/ReaDDy/gitHub/readdy/./test/testInputFiles/test_core/coreTest_react_elmtlRk.xml
trimed: 0
trimed: 1
trimed: 2
trimed: 3
trimed: 4
... done.
step
100
Neighbor List consistency Check...
--------
nle(id0,id1,dist): 5 6 1.3669913911193288
list:
dist: 1.3669913911193288 vs. 1.3669913911193288
--------
nle(id0,id1,dist): 5 7 1.581271383954333
list:
dist: 1.581271383954333 vs. 1.581271383954333
--------
nle(id0,id1,dist): 4 40 4.397817142704199
list:
dist: 4.397817142704199 vs. 4.397817142704199
--------
nle(id0,id1,dist): 5 20 2.3457770500789383
list:
dist: 2.3457770500789383 vs. 2.3457770500789383
--------
nle(id0,id1,dist): 5 22 3.1181280837107157
list:
dist: 3.1181280837107157 vs. 3.1181280837107157
--------
nle(id0,id1,dist): 4 54 5.450784410449645
list:
dist: 5.450784410449645 vs. 5.450784410449645
--------
nle(id0,id1,dist): 5 17 2.430958898469024
list:
dist: 2.430958898469024 vs. 2.430958898469024
--------
nle(id0,id1,dist): 5 16 3.230833727167796
list:
dist: 3.230833727167796 vs. 3.230833727167796
--------
nle(id0,id1,dist): 5 19 2.809906073586173
list:
dist: 2.809906073586173 vs. 2.809906073586173
--------
nle(id0,id1,dist): 5 18 2.751292526510163
list:
dist: 2.751292526510163 vs. 2.751292526510163
--------
nle(id0,id1,dist): 5 13 1.3625318116273988
list:
dist: 1.3625318116273988 vs. 1.3625318116273988
--------
nle(id0,id1,dist): 5 12 0.8591963881724748
list:
dist: 0.8591963881724748 vs. 0.8591963881724748
--------
nle(id0,id1,dist): 5 15 2.4527545323714626
list:
dist: 2.4527545323714626 vs. 2.4527545323714626
--------
nle(id0,id1,dist): 5 14 1.8139277657145636
list:
dist: 1.8139277657145636 vs. 1.8139277657145636
--------
nle(id0,id1,dist): 5 9 2.0071345841895734
list:
dist: 2.0071345841895734 vs. 2.0071345841895734
--------
nle(id0,id1,dist): 5 8 1.5039060258399144
list:
dist: 1.5039060258399144 vs. 1.5039060258399144
--------
nle(id0,id1,dist): 5 11 1.7077427585544258
list:
dist: 1.7077427585544258 vs. 1.7077427585544258
--------
nle(id0,id1,dist): 5 10 1.3275893291124743
list:
dist: 1.3275893291124743 vs. 1.3275893291124743
--------
nle(id0,id1,dist): 4 11 1.1608496123748693
list:
dist: 1.1608496123748693 vs. 1.1608496123748693
--------
nle(id0,id1,dist): 4 12 1.2846942893819706
list:
dist: 1.2846942893819706 vs. 1.2846942893819706
--------
nle(id0,id1,dist): 4 9 1.1891661195604708
list:
dist: 1.1891661195604708 vs. 1.1891661195604708
--------
nle(id0,id1,dist): 4 10 1.5020241217315196
list:
dist: 1.5020241217315196 vs. 1.5020241217315196
--------
nle(id0,id1,dist): 4 7 1.3807274685702384
list:
dist: 1.3807274685702384 vs. 1.3807274685702384
--------
nle(id0,id1,dist): 4 8 0.4914590785684982
list:
dist: 0.4914590785684982 vs. 0.4914590785684982
--------
nle(id0,id1,dist): 4 5 1.272402352407457
list:
dist: 1.272402352407457 vs. 1.272402352407457
--------
nle(id0,id1,dist): 4 6 0.5070974517798467
list:
dist: 0.5070974517798467 vs. 0.5070974517798467
--------
nle(id0,id1,dist): 4 28 3.0423314264062156
list:
dist: 3.0423314264062156 vs. 3.0423314264062156
--------
nle(id0,id1,dist): 4 27 3.0253930700707325
list:
dist: 3.0253930700707325 vs. 3.0253930700707325
--------
nle(id0,id1,dist): 4 25 3.5973927997489716
list:
dist: 3.5973927997489716 vs. 3.5973927997489716
--------
nle(id0,id1,dist): 4 24 1.9665249825227638
list:
dist: 1.9665249825227638 vs. 1.9665249825227638
--------
nle(id0,id1,dist): 4 23 2.7607432771041513
list:
dist: 2.7607432771041513 vs. 2.7607432771041513
--------
nle(id0,id1,dist): 4 22 2.2135882425767703
list:
dist: 2.2135882425767703 vs. 2.2135882425767703
--------
nle(id0,id1,dist): 4 21 2.280500070252205
list:
dist: 2.280500070252205 vs. 2.280500070252205
--------
nle(id0,id1,dist): 4 20 1.9602667138760368
list:
dist: 1.9602667138760368 vs. 1.9602667138760368
--------
nle(id0,id1,dist): 4 19 1.6607311471114254
list:
dist: 1.6607311471114254 vs. 1.6607311471114254
--------
nle(id0,id1,dist): 4 18 1.5298339667321723
list:
dist: 1.5298339667321723 vs. 1.5298339667321723
--------
nle(id0,id1,dist): 4 17 1.397274769489584
list:
dist: 1.397274769489584 vs. 1.397274769489584
--------
nle(id0,id1,dist): 4 16 2.5009843110541436
list:
dist: 2.5009843110541436 vs. 2.5009843110541436
--------
nle(id0,id1,dist): 4 15 1.4869747087456753
list:
dist: 1.4869747087456753 vs. 1.4869747087456753
--------
nle(id0,id1,dist): 4 14 0.939953574257755
list:
dist: 0.939953574257755 vs. 0.939953574257755
--------
nle(id0,id1,dist): 4 13 1.1380665652907
list:
dist: 1.1380665652907 vs. 1.1380665652907
--------
nle(id0,id1,dist): 6 27 2.7335462206766663
list:
dist: 2.7335462206766663 vs. 2.7335462206766663
--------
nle(id0,id1,dist): 6 28 2.888248944487653
list:
dist: 2.888248944487653 vs. 2.888248944487653
--------
nle(id0,id1,dist): 6 19 1.459030533624525
list:
dist: 1.459030533624525 vs. 1.459030533624525
--------
nle(id0,id1,dist): 6 20 1.4555100481389218
list:
dist: 1.4555100481389218 vs. 1.4555100481389218
--------
nle(id0,id1,dist): 6 21 2.050573571151242
list:
dist: 2.050573571151242 vs. 2.050573571151242
--------
nle(id0,id1,dist): 6 22 1.821928096832637
list:
dist: 1.821928096832637 vs. 1.821928096832637
--------
nle(id0,id1,dist): 6 23 2.6345463455859788
list:
dist: 2.6345463455859788 vs. 2.6345463455859788
--------
nle(id0,id1,dist): 6 24 1.6537210992513147
list:
dist: 1.6537210992513147 vs. 1.6537210992513147
--------
nle(id0,id1,dist): 6 25 3.29954276740269
list:
dist: 3.29954276740269 vs. 3.29954276740269
--------
nle(id0,id1,dist): 7 9 1.5745758625993964
list:
dist: 1.5745758625993964 vs. 1.5745758625993964
--------
nle(id0,id1,dist): 7 8 1.1024501420299908
list:
dist: 1.1024501420299908 vs. 1.1024501420299908
--------
nle(id0,id1,dist): 7 11 2.5106994073442697
list:
dist: 2.5106994073442697 vs. 2.5106994073442697
--------
nle(id0,id1,dist): 7 10 2.3545035599644737
list:
dist: 2.3545035599644737 vs. 2.3545035599644737
--------
nle(id0,id1,dist): 7 13 2.265960387043827
list:
dist: 2.265960387043827 vs. 2.265960387043827
--------
nle(id0,id1,dist): 7 12 1.187498840308976
list:
dist: 1.187498840308976 vs. 1.187498840308976
--------
nle(id0,id1,dist): 6 40 4.404970839673678
list:
dist: 4.404970839673678 vs. 4.404970839673678
--------
nle(id0,id1,dist): 5 27 4.038444716267872
list:
dist: 4.038444716267872 vs. 4.038444716267872
--------
nle(id0,id1,dist): 5 24 3.0062436083069963
list:
dist: 3.0062436083069963 vs. 3.0062436083069963
--------
nle(id0,id1,dist): 5 28 4.192953662156501
list:
dist: 4.192953662156501 vs. 4.192953662156501
--------
nle(id0,id1,dist): 6 14 0.5955354604787758
list:
dist: 0.5955354604787758 vs. 0.5955354604787758
--------
nle(id0,id1,dist): 6 13 0.8010414155298076
list:
dist: 0.8010414155298076 vs. 0.8010414155298076
--------
nle(id0,id1,dist): 6 12 1.2236319931361659
list:
dist: 1.2236319931361659 vs. 1.2236319931361659
--------
nle(id0,id1,dist): 6 11 1.0738132614402305
list:
dist: 1.0738132614402305 vs. 1.0738132614402305
--------
nle(id0,id1,dist): 6 18 1.4518752494630822
list:
dist: 1.4518752494630822 vs. 1.4518752494630822
--------
nle(id0,id1,dist): 6 17 1.1088091872758585
list:
dist: 1.1088091872758585 vs. 1.1088091872758585
--------
nle(id0,id1,dist): 6 16 2.067121356449022
list:
dist: 2.067121356449022 vs. 2.067121356449022
--------
nle(id0,id1,dist): 6 15 1.3170725498756999
list:
dist: 1.3170725498756999 vs. 1.3170725498756999
--------
nle(id0,id1,dist): 6 10 1.1362136075097342
list:
dist: 1.1362136075097342 vs. 1.1362136075097342
--------
nle(id0,id1,dist): 6 9 0.9301409303379345
list:
dist: 0.9301409303379345 vs. 0.9301409303379345
--------
nle(id0,id1,dist): 6 8 0.6546851977295408
list:
dist: 0.6546851977295408 vs. 0.6546851977295408
--------
nle(id0,id1,dist): 6 7 1.6307594807640602
list:
dist: 1.6307594807640602 vs. 1.6307594807640602
--------
nle(id0,id1,dist): 8 14 0.7236102223855495
list:
dist: 0.7236102223855495 vs. 0.7236102223855495
--------
nle(id0,id1,dist): 8 13 1.43646299956964
list:
dist: 1.43646299956964 vs. 1.43646299956964
--------
nle(id0,id1,dist): 8 16 2.309252442100557
list:
dist: 2.309252442100557 vs. 2.309252442100557
--------
nle(id0,id1,dist): 8 15 1.0890921579750776
list:
dist: 1.0890921579750776 vs. 1.0890921579750776
--------
nle(id0,id1,dist): 8 10 1.7082576751709302
list:
dist: 1.7082576751709302 vs. 1.7082576751709302
--------
nle(id0,id1,dist): 8 9 0.8322618931159004
list:
dist: 0.8322618931159004 vs. 0.8322618931159004
--------
nle(id0,id1,dist): 8 12 1.2237742853753484
list:
dist: 1.2237742853753484 vs. 1.2237742853753484
--------
nle(id0,id1,dist): 8 11 1.5873089993311194
list:
dist: 1.5873089993311194 vs. 1.5873089993311194
--------
nle(id0,id1,dist): 8 22 2.103285072331346
list:
dist: 2.103285072331346 vs. 2.103285072331346
--------
nle(id0,id1,dist): 8 21 2.34807166235472
list:
dist: 2.34807166235472 vs. 2.34807166235472
--------
nle(id0,id1,dist): 8 24 1.8288976160306112
list:
dist: 1.8288976160306112 vs. 1.8288976160306112
--------
nle(id0,id1,dist): 8 23 2.6372406983063224
list:
dist: 2.6372406983063224 vs. 2.6372406983063224
--------
nle(id0,id1,dist): 8 18 1.339710073318931
list:
dist: 1.339710073318931 vs. 1.339710073318931
--------
nle(id0,id1,dist): 8 17 1.4631696236806695
list:
dist: 1.4631696236806695 vs. 1.4631696236806695
--------
nle(id0,id1,dist): 8 20 1.9881155810075635
list:
dist: 1.9881155810075635 vs. 1.9881155810075635
--------
nle(id0,id1,dist): 8 19 1.4830667450659785
list:
dist: 1.4830667450659785 vs. 1.4830667450659785
--------
nle(id0,id1,dist): 8 25 3.570276471545845
list:
dist: 3.570276471545845 vs. 3.570276471545845
--------
nle(id0,id1,dist): 8 27 2.767418573546155
list:
dist: 2.767418573546155 vs. 2.767418573546155
--------
nle(id0,id1,dist): 8 28 2.7584261602429505
list:
dist: 2.7584261602429505 vs. 2.7584261602429505
--------
nle(id0,id1,dist): 8 40 4.168250640661909
list:
dist: 4.168250640661909 vs. 4.168250640661909
--------
nle(id0,id1,dist): 7 20 2.841324245064334
list:
dist: 2.841324245064334 vs. 2.841324245064334
--------
nle(id0,id1,dist): 7 19 2.450259102695018
list:
dist: 2.450259102695018 vs. 2.450259102695018
--------
nle(id0,id1,dist): 7 18 2.2693458794057517
list:
dist: 2.2693458794057517 vs. 2.2693458794057517
--------
nle(id0,id1,dist): 6 54 5.471069130758377
list:
dist: 5.471069130758377 vs. 5.471069130758377
--------
nle(id0,id1,dist): 7 17 2.5586002049919445
list:
dist: 2.5586002049919445 vs. 2.5586002049919445
--------
nle(id0,id1,dist): 7 16 3.1176232356680758
list:
dist: 3.1176232356680758 vs. 3.1176232356680758
--------
nle(id0,id1,dist): 7 15 1.7731921898651206
list:
dist: 1.7731921898651206 vs. 1.7731921898651206
--------
nle(id0,id1,dist): 7 14 1.6583303726768737
list:
dist: 1.6583303726768737 vs. 1.6583303726768737
--------
nle(id0,id1,dist): 7 28 3.471822261585493
list:
dist: 3.471822261585493 vs. 3.471822261585493
--------
nle(id0,id1,dist): 7 27 3.5527984096740375
list:
dist: 3.5527984096740375 vs. 3.5527984096740375
--------
nle(id0,id1,dist): 7 24 2.811245252218409
list:
dist: 2.811245252218409 vs. 2.811245252218409
--------
nle(id0,id1,dist): 7 22 3.0711574248618243
list:
dist: 3.0711574248618243 vs. 3.0711574248618243
--------
nle(id0,id1,dist): 9 37 4.052264491888012
list:
dist: 4.052264491888012 vs. 4.052264491888012
--------
nle(id0,id1,dist): 9 36 2.9556666324562406
list:
dist: 2.9556666324562406 vs. 2.9556666324562406
--------
nle(id0,id1,dist): 9 39 4.4358359773297344
list:
dist: 4.4358359773297344 vs. 4.4358359773297344
--------
nle(id0,id1,dist): 9 38 4.494004396293773
list:
dist: 4.494004396293773 vs. 4.494004396293773
--------
nle(id0,id1,dist): 9 41 3.5704349582249155
list:
dist: 3.5704349582249155 vs. 3.5704349582249155
--------
nle(id0,id1,dist): 9 40 3.9538340074985374
list:
dist: 3.9538340074985374 vs. 3.9538340074985374
--------
nle(id0,id1,dist): 9 43 3.0932611693893617
list:
dist: 3.0932611693893617 vs. 3.0932611693893617
--------
nle(id0,id1,dist): 9 42 3.918805257197214
list:
dist: 3.918805257197214 vs. 3.918805257197214
--------
nle(id0,id1,dist): 9 45 4.213386929870551
list:
dist: 4.213386929870551 vs. 4.213386929870551
--------
nle(id0,id1,dist): 9 44 4.431071980952072
list:
dist: 4.431071980952072 vs. 4.431071980952072
--------
nle(id0,id1,dist): 9 47 5.2746305436427425
list:
dist: 5.2746305436427425 vs. 5.2746305436427425
--------
nle(id0,id1,dist): 9 46 4.94155760882953
list:
dist: 4.94155760882953 vs. 4.94155760882953
--------
nle(id0,id1,dist): 9 49 5.384981087812444
list:
dist: 5.384981087812444 vs. 5.384981087812444
--------
nle(id0,id1,dist): 10 12 1.3419697197147775
list:
dist: 1.3419697197147775 vs. 1.3419697197147775
--------
nle(id0,id1,dist): 9 48 5.084187869218189
list:
dist: 5.084187869218189 vs. 5.084187869218189
--------
nle(id0,id1,dist): 10 11 1.3193931287040361
list:
dist: 1.3193931287040361 vs. 1.3193931287040361
--------
nle(id0,id1,dist): 9 51 3.648035012085444
list:
dist: 3.648035012085444 vs. 3.648035012085444
--------
nle(id0,id1,dist): 10 14 1.4469196225858092
list:
dist: 1.4469196225858092 vs. 1.4469196225858092
--------
nle(id0,id1,dist): 10 13 0.5561034738851875
list:
dist: 0.5561034738851875 vs. 0.5561034738851875
--------
nle(id0,id1,dist): 9 52 4.37712054989269
list:
dist: 4.37712054989269 vs. 4.37712054989269
--------
nle(id0,id1,dist): 10 15 2.1987638207370592
list:
dist: 2.1987638207370592 vs. 2.1987638207370592
--------
nle(id0,id1,dist): 10 16 2.2986085079879484
list:
dist: 2.2986085079879484 vs. 2.2986085079879484
--------
nle(id0,id1,dist): 9 53 4.7943256615441925
list:
dist: 4.7943256615441925 vs. 4.7943256615441925
--------
nle(id0,id1,dist): 9 54 4.941481053492129
list:
dist: 4.941481053492129 vs. 4.941481053492129
--------
nle(id0,id1,dist): 10 17 1.7645475685759866
list:
dist: 1.7645475685759866 vs. 1.7645475685759866
--------
nle(id0,id1,dist): 9 55 5.355616863291721
list:
dist: 5.355616863291721 vs. 5.355616863291721
--------
nle(id0,id1,dist): 10 18 2.4458835331858277
list:
dist: 2.4458835331858277 vs. 2.4458835331858277
--------
nle(id0,id1,dist): 10 19 2.319032273622849
list:
dist: 2.319032273622849 vs. 2.319032273622849
--------
nle(id0,id1,dist): 10 20 1.1497267507183055
list:
dist: 1.1497267507183055 vs. 1.1497267507183055
--------
nle(id0,id1,dist): 10 22 2.2202811790912644
list:
dist: 2.2202811790912644 vs. 2.2202811790912644
--------
nle(id0,id1,dist): 10 24 2.2874791012197346
list:
dist: 2.2874791012197346 vs. 2.2874791012197346
--------
nle(id0,id1,dist): 10 27 3.317601205501594
list:
dist: 3.317601205501594 vs. 3.317601205501594
--------
nle(id0,id1,dist): 10 28 3.7105635312481775
list:
dist: 3.7105635312481775 vs. 3.7105635312481775
--------
nle(id0,id1,dist): 9 11 1.939884842289254
list:
dist: 1.939884842289254 vs. 1.939884842289254
--------
nle(id0,id1,dist): 9 10 1.7227545363653893
list:
dist: 1.7227545363653893 vs. 1.7227545363653893
--------
nle(id0,id1,dist): 9 15 0.505922358928798
list:
dist: 0.505922358928798 vs. 0.505922358928798
--------
nle(id0,id1,dist): 9 14 0.3714316043261522
list:
dist: 0.3714316043261522 vs. 0.3714316043261522
--------
nle(id0,id1,dist): 9 13 1.5819021774053936
list:
dist: 1.5819021774053936 vs. 1.5819021774053936
--------
nle(id0,id1,dist): 9 12 1.4442995775823835
list:
dist: 1.4442995775823835 vs. 1.4442995775823835
--------
nle(id0,id1,dist): 9 19 1.1272361041364272
list:
dist: 1.1272361041364272 vs. 1.1272361041364272
--------
nle(id0,id1,dist): 9 18 1.181512392175862
list:
dist: 1.181512392175862 vs. 1.181512392175862
--------
nle(id0,id1,dist): 8 54 5.17985914562746
list:
dist: 5.17985914562746 vs. 5.17985914562746
--------
nle(id0,id1,dist): 9 17 1.3187934248577111
list:
dist: 1.3187934248577111 vs. 1.3187934248577111
--------
nle(id0,id1,dist): 9 16 1.5588739566991894
list:
dist: 1.5588739566991894 vs. 1.5588739566991894
--------
nle(id0,id1,dist): 9 22 1.5216064713033397
list:
dist: 1.5216064713033397 vs. 1.5216064713033397
--------
nle(id0,id1,dist): 9 23 2.361896503039017
list:
dist: 2.361896503039017 vs. 2.361896503039017
--------
nle(id0,id1,dist): 9 20 1.5434764190330799
list:
dist: 1.5434764190330799 vs. 1.5434764190330799
--------
nle(id0,id1,dist): 9 21 2.1542017425433793
list:
dist: 2.1542017425433793 vs. 2.1542017425433793
--------
nle(id0,id1,dist): 9 26 2.406389520362504
list:
dist: 2.406389520362504 vs. 2.406389520362504
--------
nle(id0,id1,dist): 9 27 2.111107555256242
list:
dist: 2.111107555256242 vs. 2.111107555256242
--------
nle(id0,id1,dist): 9 24 1.3294053264329402
list:
dist: 1.3294053264329402 vs. 1.3294053264329402
--------
nle(id0,id1,dist): 9 25 3.140334937043405
list:
dist: 3.140334937043405 vs. 3.140334937043405
--------
nle(id0,id1,dist): 9 30 2.700541455987529
list:
dist: 2.700541455987529 vs. 2.700541455987529
--------
nle(id0,id1,dist): 9 31 3.3946975466141533
list:
dist: 3.3946975466141533 vs. 3.3946975466141533
--------
nle(id0,id1,dist): 9 28 2.2818868278436115
list:
dist: 2.2818868278436115 vs. 2.2818868278436115
--------
nle(id0,id1,dist): 9 29 2.8675758785257304
list:
dist: 2.8675758785257304 vs. 2.8675758785257304
--------
nle(id0,id1,dist): 9 34 3.0775067268477803
list:
dist: 3.0775067268477803 vs. 3.0775067268477803
--------
nle(id0,id1,dist): 9 35 4.515484642434466
list:
dist: 4.515484642434466 vs. 4.515484642434466
--------
nle(id0,id1,dist): 9 32 3.5254817300027965
list:
dist: 3.5254817300027965 vs. 3.5254817300027965
--------
nle(id0,id1,dist): 9 33 3.1944939455933845
list:
dist: 3.1944939455933845 vs. 3.1944939455933845
--------
nle(id0,id1,dist): 12 20 2.0477467233866498
list:
dist: 2.0477467233866498 vs. 2.0477467233866498
--------
nle(id0,id1,dist): 12 19 2.466773540491884
list:
dist: 2.466773540491884 vs. 2.466773540491884
--------
nle(id0,id1,dist): 12 18 2.4503202915225857
list:
dist: 2.4503202915225857 vs. 2.4503202915225857
--------
nle(id0,id1,dist): 12 17 2.2867941503131064
list:
dist: 2.2867941503131064 vs. 2.2867941503131064
--------
nle(id0,id1,dist): 12 16 2.7053397608911642
list:
dist: 2.7053397608911642 vs. 2.7053397608911642
--------
nle(id0,id1,dist): 12 15 1.9008953664613781
list:
dist: 1.9008953664613781 vs. 1.9008953664613781
--------
nle(id0,id1,dist): 12 14 1.3863434193337716
list:
dist: 1.3863434193337716 vs. 1.3863434193337716
--------
nle(id0,id1,dist): 12 13 1.4855056042128405
list:
dist: 1.4855056042128405 vs. 1.4855056042128405
--------
nle(id0,id1,dist): 11 28 3.4274331865242305
list:
dist: 3.4274331865242305 vs. 3.4274331865242305
--------
nle(id0,id1,dist): 11 27 3.2698521908365366
list:
dist: 3.2698521908365366 vs. 3.2698521908365366
--------
nle(id0,id1,dist): 11 23 2.8526215305855462
list:
dist: 2.8526215305855462 vs. 2.8526215305855462
--------
nle(id0,id1,dist): 11 22 2.1979632096066877
list:
dist: 2.1979632096066877 vs. 2.1979632096066877
--------
nle(id0,id1,dist): 11 25 3.2659250648423663
list:
dist: 3.2659250648423663 vs. 3.2659250648423663
--------
nle(id0,id1,dist): 11 24 2.0850759561574708
list:
dist: 2.0850759561574708 vs. 2.0850759561574708
--------
nle(id0,id1,dist): 11 19 1.9837427566917236
list:
dist: 1.9837427566917236 vs. 1.9837427566917236
--------
nle(id0,id1,dist): 11 18 1.9844590121187713
list:
dist: 1.9844590121187713 vs. 1.9844590121187713
--------
nle(id0,id1,dist): 11 21 1.9181068240775696
list:
dist: 1.9181068240775696 vs. 1.9181068240775696
--------
nle(id0,id1,dist): 11 20 1.7631665915984198
list:
dist: 1.7631665915984198 vs. 1.7631665915984198
--------
nle(id0,id1,dist): 11 15 2.2418076620881364
list:
dist: 2.2418076620881364 vs. 2.2418076620881364
--------
nle(id0,id1,dist): 11 14 1.572196513740664
list:
dist: 1.572196513740664 vs. 1.572196513740664
--------
nle(id0,id1,dist): 11 17 1.266037128330697
list:
dist: 1.266037128330697 vs. 1.266037128330697
--------
nle(id0,id1,dist): 11 16 2.630590508659806
list:
dist: 2.630590508659806 vs. 2.630590508659806
--------
nle(id0,id1,dist): 11 13 0.78445273822661
list:
dist: 0.78445273822661 vs. 0.78445273822661
--------
nle(id0,id1,dist): 11 12 2.030429398089754
list:
dist: 2.030429398089754 vs. 2.030429398089754
--------
nle(id0,id1,dist): 13 27 3.1260459565834724
list:
dist: 3.1260459565834724 vs. 3.1260459565834724
--------
nle(id0,id1,dist): 13 24 2.0037374975352047
list:
dist: 2.0037374975352047 vs. 2.0037374975352047
--------
nle(id0,id1,dist): 13 25 3.3831854804569925
list:
dist: 3.3831854804569925 vs. 3.3831854804569925
--------
nle(id0,id1,dist): 13 28 3.427187075223385
list:
dist: 3.427187075223385 vs. 3.427187075223385
--------
nle(id0,id1,dist): 13 18 2.066134666916967
list:
dist: 2.066134666916967 vs. 2.066134666916967
--------
nle(id0,id1,dist): 13 19 1.97959224554101
list:
dist: 1.97959224554101 vs. 1.97959224554101
--------
nle(id0,id1,dist): 13 16 2.2544558625571165
list:
dist: 2.2544558625571165 vs. 2.2544558625571165
--------
nle(id0,id1,dist): 13 17 1.3462911252357157
list:
dist: 1.3462911252357157 vs. 1.3462911252357157
--------
nle(id0,id1,dist): 13 22 2.01603636907263
list:
dist: 2.01603636907263 vs. 2.01603636907263
--------
nle(id0,id1,dist): 13 23 3.0560569483680466
list:
dist: 3.0560569483680466 vs. 3.0560569483680466
--------
nle(id0,id1,dist): 13 20 1.212930843494735
list:
dist: 1.212930843494735 vs. 1.212930843494735
--------
nle(id0,id1,dist): 13 21 2.17285028525133
list:
dist: 2.17285028525133 vs. 2.17285028525133
--------
nle(id0,id1,dist): 13 15 2.003814548857883
list:
dist: 2.003814548857883 vs. 2.003814548857883
--------
nle(id0,id1,dist): 13 14 1.2372221029315593
list:
dist: 1.2372221029315593 vs. 1.2372221029315593
--------
nle(id0,id1,dist): 12 22 2.7389924334231943
list:
dist: 2.7389924334231943 vs. 2.7389924334231943
--------
nle(id0,id1,dist): 12 24 2.6444092276265856
list:
dist: 2.6444092276265856 vs. 2.6444092276265856
--------
nle(id0,id1,dist): 12 27 3.5207766551058994
list:
dist: 3.5207766551058994 vs. 3.5207766551058994
--------
nle(id0,id1,dist): 12 28 3.720131017551224
list:
dist: 3.720131017551224 vs. 3.720131017551224
--------
nle(id0,id1,dist): 15 28 1.8303006930401806
list:
dist: 1.8303006930401806 vs. 1.8303006930401806
--------
nle(id0,id1,dist): 15 29 2.671318998136306
list:
dist: 2.671318998136306 vs. 2.671318998136306
--------
nle(id0,id1,dist): 15 26 2.342730392314121
list:
dist: 2.342730392314121 vs. 2.342730392314121
--------
nle(id0,id1,dist): 15 27 1.7825565358578475
list:
dist: 1.7825565358578475 vs. 1.7825565358578475
--------
nle(id0,id1,dist): 15 24 1.182017976396759
list:
dist: 1.182017976396759 vs. 1.182017976396759
--------
nle(id0,id1,dist): 15 25 2.961669557744843
list:
dist: 2.961669557744843 vs. 2.961669557744843
--------
nle(id0,id1,dist): 15 22 1.4693459323055564
list:
dist: 1.4693459323055564 vs. 1.4693459323055564
--------
nle(id0,id1,dist): 15 23 2.023118013043603
list:
dist: 2.023118013043603 vs. 2.023118013043603
--------
nle(id0,id1,dist): 15 36 2.543405378135327
list:
dist: 2.543405378135327 vs. 2.543405378135327
--------
nle(id0,id1,dist): 15 37 3.6525703361609807
list:
dist: 3.6525703361609807 vs. 3.6525703361609807
--------
nle(id0,id1,dist): 15 34 2.5836505325189076
list:
dist: 2.5836505325189076 vs. 2.5836505325189076
--------
nle(id0,id1,dist): 15 35 4.066340628412611
list:
dist: 4.066340628412611 vs. 4.066340628412611
--------
nle(id0,id1,dist): 15 32 3.121291425573267
list:
dist: 3.121291425573267 vs. 3.121291425573267
--------
nle(id0,id1,dist): 15 33 2.810760889854836
list:
dist: 2.810760889854836 vs. 2.810760889854836
--------
nle(id0,id1,dist): 15 30 2.308224323704441
list:
dist: 2.308224323704441 vs. 2.308224323704441
--------
nle(id0,id1,dist): 15 31 2.9360504175747204
list:
dist: 2.9360504175747204 vs. 2.9360504175747204
--------
nle(id0,id1,dist): 14 49 5.599692665456637
list:
dist: 5.599692665456637 vs. 5.599692665456637
--------
nle(id0,id1,dist): 14 48 5.259707822922916
list:
dist: 5.259707822922916 vs. 5.259707822922916
--------
nle(id0,id1,dist): 14 47 5.472449326499608
list:
dist: 5.472449326499608 vs. 5.472449326499608
--------
nle(id0,id1,dist): 14 46 5.1163030579564825
list:
dist: 5.1163030579564825 vs. 5.1163030579564825
--------
nle(id0,id1,dist): 14 45 4.429673743238153
list:
dist: 4.429673743238153 vs. 4.429673743238153
--------
nle(id0,id1,dist): 14 44 4.588311714960455
list:
dist: 4.588311714960455 vs. 4.588311714960455
--------
nle(id0,id1,dist): 14 43 3.3461104056602595
list:
dist: 3.3461104056602595 vs. 3.3461104056602595
--------
nle(id0,id1,dist): 15 21 2.0775735675413043
list:
dist: 2.0775735675413043 vs. 2.0775735675413043
--------
nle(id0,id1,dist): 15 20 1.8683125871417818
list:
dist: 1.8683125871417818 vs. 1.8683125871417818
--------
nle(id0,id1,dist): 15 19 0.8951789189336121
list:
dist: 0.8951789189336121 vs. 0.8951789189336121
--------
nle(id0,id1,dist): 14 55 5.492793335385096
list:
dist: 5.492793335385096 vs. 5.492793335385096
--------
nle(id0,id1,dist): 15 18 0.9095262583273863
list:
dist: 0.9095262583273863 vs. 0.9095262583273863
--------
nle(id0,id1,dist): 14 54 5.088801642311964
list:
dist: 5.088801642311964 vs. 5.088801642311964
--------
nle(id0,id1,dist): 15 17 1.3985950857660145
list:
dist: 1.3985950857660145 vs. 1.3985950857660145
--------
nle(id0,id1,dist): 15 16 1.5424799740301598
list:
dist: 1.5424799740301598 vs. 1.5424799740301598
--------
nle(id0,id1,dist): 14 53 4.921543921282111
list:
dist: 4.921543921282111 vs. 4.921543921282111
--------
nle(id0,id1,dist): 14 52 4.464606141625868
list:
dist: 4.464606141625868 vs. 4.464606141625868
--------
nle(id0,id1,dist): 14 51 3.7791106511828234
list:
dist: 3.7791106511828234 vs. 3.7791106511828234
--------
nle(id0,id1,dist): 14 31 3.698117798092699
list:
dist: 3.698117798092699 vs. 3.698117798092699
--------
nle(id0,id1,dist): 14 32 3.832105113431277
list:
dist: 3.832105113431277 vs. 3.832105113431277
--------
nle(id0,id1,dist): 14 33 3.4881696788391414
list:
dist: 3.4881696788391414 vs. 3.4881696788391414
--------
nle(id0,id1,dist): 14 34 3.3373500848197875
list:
dist: 3.3373500848197875 vs. 3.3373500848197875
--------
nle(id0,id1,dist): 14 27 2.2300258241105975
list:
dist: 2.2300258241105975 vs. 2.2300258241105975
--------
nle(id0,id1,dist): 14 28 2.420033539906147
list:
dist: 2.420033539906147 vs. 2.420033539906147
--------
nle(id0,id1,dist): 14 29 2.844425573435495
list:
dist: 2.844425573435495 vs. 2.844425573435495
--------
nle(id0,id1,dist): 14 30 3.0418820647723575
list:
dist: 3.0418820647723575 vs. 3.0418820647723575
--------
nle(id0,id1,dist): 14 39 4.716034032074787
list:
dist: 4.716034032074787 vs. 4.716034032074787
--------
nle(id0,id1,dist): 14 40 4.0569469959332
list:
dist: 4.0569469959332 vs. 4.0569469959332
--------
nle(id0,id1,dist): 14 41 3.797081633104255
list:
dist: 3.797081633104255 vs. 3.797081633104255
--------
nle(id0,id1,dist): 14 42 4.108693917719937
list:
dist: 4.108693917719937 vs. 4.108693917719937
--------
nle(id0,id1,dist): 14 35 4.741790674435692
list:
dist: 4.741790674435692 vs. 4.741790674435692
--------
nle(id0,id1,dist): 14 36 3.2304070132962313
list:
dist: 3.2304070132962313 vs. 3.2304070132962313
--------
nle(id0,id1,dist): 14 37 4.2754471778206335
list:
dist: 4.2754471778206335 vs. 4.2754471778206335
--------
nle(id0,id1,dist): 14 38 4.790656822610951
list:
dist: 4.790656822610951 vs. 4.790656822610951
--------
nle(id0,id1,dist): 14 16 1.6047756713605723
list:
dist: 1.6047756713605723 vs. 1.6047756713605723
--------
nle(id0,id1,dist): 14 15 0.7731099421868037
list:
dist: 0.7731099421868037 vs. 0.7731099421868037
--------
nle(id0,id1,dist): 14 18 1.1532176054131447
list:
dist: 1.1532176054131447 vs. 1.1532176054131447
--------
nle(id0,id1,dist): 14 17 1.051187800613739
list:
dist: 1.051187800613739 vs. 1.051187800613739
--------
nle(id0,id1,dist): 14 24 1.2740979997109283
list:
dist: 1.2740979997109283 vs. 1.2740979997109283
--------
nle(id0,id1,dist): 14 23 2.3402672323910263
list:
dist: 2.3402672323910263 vs. 2.3402672323910263
--------
nle(id0,id1,dist): 14 26 2.4167960965765007
list:
dist: 2.4167960965765007 vs. 2.4167960965765007
--------
nle(id0,id1,dist): 14 25 3.047847078997365
list:
dist: 3.047847078997365 vs. 3.047847078997365
--------
nle(id0,id1,dist): 14 20 1.3483538520113967
list:
dist: 1.3483538520113967 vs. 1.3483538520113967
--------
nle(id0,id1,dist): 14 19 1.0911833545093093
list:
dist: 1.0911833545093093 vs. 1.0911833545093093
--------
nle(id0,id1,dist): 14 22 1.454614298308655
list:
dist: 1.454614298308655 vs. 1.454614298308655
--------
nle(id0,id1,dist): 14 21 1.9551673397556177
list:
dist: 1.9551673397556177 vs. 1.9551673397556177
--------
nle(id0,id1,dist): 16 51 3.0735220328879556
list:
dist: 3.0735220328879556 vs. 3.0735220328879556
--------
nle(id0,id1,dist): 16 52 3.807235924459402
list:
dist: 3.807235924459402 vs. 3.807235924459402
--------
nle(id0,id1,dist): 16 49 4.895996253318438
list:
dist: 4.895996253318438 vs. 4.895996253318438
--------
nle(id0,id1,dist): 16 55 4.476070683087989
list:
dist: 4.476070683087989 vs. 4.476070683087989
--------
nle(id0,id1,dist): 17 18 0.9849631417125795
list:
dist: 0.9849631417125795 vs. 0.9849631417125795
--------
nle(id0,id1,dist): 17 19 0.8168548760077
list:
dist: 0.8168548760077 vs. 0.8168548760077
--------
nle(id0,id1,dist): 16 53 4.111605449026834
list:
dist: 4.111605449026834 vs. 4.111605449026834
--------
nle(id0,id1,dist): 16 54 4.828446384710417
list:
dist: 4.828446384710417 vs. 4.828446384710417
--------
nle(id0,id1,dist): 17 22 1.030230824025428
list:
dist: 1.030230824025428 vs. 1.030230824025428
--------
nle(id0,id1,dist): 17 23 1.7150180056701971
list:
dist: 1.7150180056701971 vs. 1.7150180056701971
--------
nle(id0,id1,dist): 17 20 1.3561883123901468
list:
dist: 1.3561883123901468 vs. 1.3561883123901468
--------
nle(id0,id1,dist): 17 21 0.9490367646670054
list:
dist: 0.9490367646670054 vs. 0.9490367646670054
--------
nle(id0,id1,dist): 17 26 2.1191037230931005
list:
dist: 2.1191037230931005 vs. 2.1191037230931005
--------
nle(id0,id1,dist): 17 27 2.013952243731057
list:
dist: 2.013952243731057 vs. 2.013952243731057
--------
nle(id0,id1,dist): 17 24 0.8318236046513846
list:
dist: 0.8318236046513846 vs. 0.8318236046513846
--------
nle(id0,id1,dist): 17 25 2.217163141613257
list:
dist: 2.217163141613257 vs. 2.217163141613257
--------
nle(id0,id1,dist): 16 36 2.4493282385455784
list:
dist: 2.4493282385455784 vs. 2.4493282385455784
--------
nle(id0,id1,dist): 16 35 3.8427278318729816
list:
dist: 3.8427278318729816 vs. 3.8427278318729816
--------
nle(id0,id1,dist): 16 34 3.033059416823289
list:
dist: 3.033059416823289 vs. 3.033059416823289
--------
nle(id0,id1,dist): 16 33 2.6715282760955588
list:
dist: 2.6715282760955588 vs. 2.6715282760955588
--------
nle(id0,id1,dist): 16 40 3.8639029384945234
list:
dist: 3.8639029384945234 vs. 3.8639029384945234
--------
nle(id0,id1,dist): 16 39 4.2514071187045435
list:
dist: 4.2514071187045435 vs. 4.2514071187045435
--------
nle(id0,id1,dist): 16 38 4.047779943943048
list:
dist: 4.047779943943048 vs. 4.047779943943048
--------
nle(id0,id1,dist): 16 37 3.1919507004338974
list:
dist: 3.1919507004338974 vs. 3.1919507004338974
--------
nle(id0,id1,dist): 16 44 4.187895159794758
list:
dist: 4.187895159794758 vs. 4.187895159794758
--------
nle(id0,id1,dist): 16 43 2.559066068417204
list:
dist: 2.559066068417204 vs. 2.559066068417204
--------
nle(id0,id1,dist): 16 42 3.643939421327456
list:
dist: 3.643939421327456 vs. 3.643939421327456
--------
nle(id0,id1,dist): 16 41 3.0786409169175233
list:
dist: 3.0786409169175233 vs. 3.0786409169175233
--------
nle(id0,id1,dist): 16 48 4.4626058516530565
list:
dist: 4.4626058516530565 vs. 4.4626058516530565
--------
nle(id0,id1,dist): 16 47 4.777808712062876
list:
dist: 4.777808712062876 vs. 4.777808712062876
--------
nle(id0,id1,dist): 16 46 4.100976259535002
list:
dist: 4.100976259535002 vs. 4.100976259535002
--------
nle(id0,id1,dist): 16 45 3.661367451463452
list:
dist: 3.661367451463452 vs. 3.661367451463452
--------
nle(id0,id1,dist): 15 54 4.446784919912765
list:
dist: 4.446784919912765 vs. 4.446784919912765
--------
nle(id0,id1,dist): 16 17 1.58915210722513
list:
dist: 1.58915210722513 vs. 1.58915210722513
--------
nle(id0,id1,dist): 15 55 4.928532477661567
list:
dist: 4.928532477661567 vs. 4.928532477661567
--------
nle(id0,id1,dist): 16 18 1.7942562947754819
list:
dist: 1.7942562947754819 vs. 1.7942562947754819
--------
nle(id0,id1,dist): 16 19 1.4201463706048094
list:
dist: 1.4201463706048094 vs. 1.4201463706048094
--------
nle(id0,id1,dist): 16 20 1.2656111981544165
list:
dist: 1.2656111981544165 vs. 1.2656111981544165
--------
nle(id0,id1,dist): 16 21 1.8680619585631861
list:
dist: 1.8680619585631861 vs. 1.8680619585631861
--------
nle(id0,id1,dist): 16 22 0.6924718594535547
list:
dist: 0.6924718594535547 vs. 0.6924718594535547
--------
nle(id0,id1,dist): 16 23 2.1300956385303325
list:
dist: 2.1300956385303325 vs. 2.1300956385303325
--------
nle(id0,id1,dist): 16 24 1.0208429085413693
list:
dist: 1.0208429085413693 vs. 1.0208429085413693
--------
nle(id0,id1,dist): 16 25 2.1443974890714403
list:
dist: 2.1443974890714403 vs. 2.1443974890714403
--------
nle(id0,id1,dist): 16 26 0.8683296830190516
list:
dist: 0.8683296830190516 vs. 0.8683296830190516
--------
nle(id0,id1,dist): 16 27 1.2325945582760973
list:
dist: 1.2325945582760973 vs. 1.2325945582760973
--------
nle(id0,id1,dist): 16 28 1.9720956809483443
list:
dist: 1.9720956809483443 vs. 1.9720956809483443
--------
nle(id0,id1,dist): 16 29 1.6501332689171466
list:
dist: 1.6501332689171466 vs. 1.6501332689171466
--------
nle(id0,id1,dist): 16 30 2.74455349611407
list:
dist: 2.74455349611407 vs. 2.74455349611407
--------
nle(id0,id1,dist): 16 31 3.2908388455660136
list:
dist: 3.2908388455660136 vs. 3.2908388455660136
--------
nle(id0,id1,dist): 16 32 3.119053429010042
list:
dist: 3.119053429010042 vs. 3.119053429010042
--------
nle(id0,id1,dist): 15 39 3.955267330182131
list:
dist: 3.955267330182131 vs. 3.955267330182131
--------
nle(id0,id1,dist): 15 38 4.062987771556487
list:
dist: 4.062987771556487 vs. 4.062987771556487
--------
nle(id0,id1,dist): 15 41 3.103807584536605
list:
dist: 3.103807584536605 vs. 3.103807584536605
--------
nle(id0,id1,dist): 15 40 3.4805816908776186
list:
dist: 3.4805816908776186 vs. 3.4805816908776186
--------
nle(id0,id1,dist): 15 43 2.659047757718127
list:
dist: 2.659047757718127 vs. 2.659047757718127
--------
nle(id0,id1,dist): 15 42 3.423123841725286
list:
dist: 3.423123841725286 vs. 3.423123841725286
--------
nle(id0,id1,dist): 15 45 3.74448949071826
list:
dist: 3.74448949071826 vs. 3.74448949071826
--------
nle(id0,id1,dist): 15 44 3.9375191633733118
list:
dist: 3.9375191633733118 vs. 3.9375191633733118
--------
nle(id0,id1,dist): 15 47 4.789404095730945
list:
dist: 4.789404095730945 vs. 4.789404095730945
--------
nle(id0,id1,dist): 15 46 4.507857134025444
list:
dist: 4.507857134025444 vs. 4.507857134025444
--------
nle(id0,id1,dist): 15 49 4.900004963484351
list:
dist: 4.900004963484351 vs. 4.900004963484351
--------
nle(id0,id1,dist): 15 48 4.614504157737405
list:
dist: 4.614504157737405 vs. 4.614504157737405
--------
nle(id0,id1,dist): 15 51 3.1963462957042874
list:
dist: 3.1963462957042874 vs. 3.1963462957042874
--------
nle(id0,id1,dist): 15 53 4.344404317609148
list:
dist: 4.344404317609148 vs. 4.344404317609148
--------
nle(id0,id1,dist): 15 52 3.9357877848076535
list:
dist: 3.9357877848076535 vs. 3.9357877848076535
--------
nle(id0,id1,dist): 1 2 1.6118507804218187
list:
dist: 1.6118507804218187 vs. 1.6118507804218187
--------
nle(id0,id1,dist): 1 3 1.3321503284221767
list:
dist: 1.3321503284221767 vs. 1.3321503284221767
--------
nle(id0,id1,dist): 1 4 2.0998185659853705
list:
dist: 2.0998185659853705 vs. 2.0998185659853705
--------
nle(id0,id1,dist): 1 5 1.174808802991597
list:
dist: 1.174808802991597 vs. 1.174808802991597
--------
nle(id0,id1,dist): 1 6 2.2370194027144836
list:
dist: 2.2370194027144836 vs. 2.2370194027144836
--------
nle(id0,id1,dist): 1 7 1.4527736730542005
list:
dist: 1.4527736730542005 vs. 1.4527736730542005
--------
nle(id0,id1,dist): 1 8 2.091736314237806
list:
dist: 2.091736314237806 vs. 2.091736314237806
--------
nle(id0,id1,dist): 1 9 2.500854685457072
list:
dist: 2.500854685457072 vs. 2.500854685457072
--------
nle(id0,id1,dist): 1 10 2.2698099228846718
list:
dist: 2.2698099228846718 vs. 2.2698099228846718
--------
nle(id0,id1,dist): 1 11 2.8435616002511352
list:
dist: 2.8435616002511352 vs. 2.8435616002511352
--------
nle(id0,id1,dist): 1 28 4.711454927025171
list:
dist: 4.711454927025171 vs. 4.711454927025171
--------
nle(id0,id1,dist): 2 5 1.2696211105274964
list:
dist: 1.2696211105274964 vs. 1.2696211105274964
--------
nle(id0,id1,dist): 2 6 1.185606249993637
list:
dist: 1.185606249993637 vs. 1.185606249993637
--------
nle(id0,id1,dist): 2 3 0.8936474117946502
list:
dist: 0.8936474117946502 vs. 0.8936474117946502
--------
nle(id0,id1,dist): 2 4 1.434659878146817
list:
dist: 1.434659878146817 vs. 1.434659878146817
--------
nle(id0,id1,dist): 1 15 2.891540999874082
list:
dist: 2.891540999874082 vs. 2.891540999874082
--------
nle(id0,id1,dist): 1 14 2.4736102288018778
list:
dist: 2.4736102288018778 vs. 2.4736102288018778
--------
nle(id0,id1,dist): 1 13 2.430683034373777
list:
dist: 2.430683034373777 vs. 2.430683034373777
--------
nle(id0,id1,dist): 1 12 1.14695968540466
list:
dist: 1.14695968540466 vs. 1.14695968540466
--------
nle(id0,id1,dist): 1 19 3.5090484563185647
list:
dist: 3.5090484563185647 vs. 3.5090484563185647
--------
nle(id0,id1,dist): 1 18 3.419640217647913
list:
dist: 3.419640217647913 vs. 3.419640217647913
--------
nle(id0,id1,dist): 1 17 3.3432741871617147
list:
dist: 3.3432741871617147 vs. 3.3432741871617147
--------
nle(id0,id1,dist): 1 16 3.8377744991028906
list:
dist: 3.8377744991028906 vs. 3.8377744991028906
--------
nle(id0,id1,dist): 1 22 3.87538716586512
list:
dist: 3.87538716586512 vs. 3.87538716586512
--------
nle(id0,id1,dist): 1 20 3.156919637329874
list:
dist: 3.156919637329874 vs. 3.156919637329874
--------
nle(id0,id1,dist): 1 27 4.601649179256585
list:
dist: 4.601649179256585 vs. 4.601649179256585
--------
nle(id0,id1,dist): 1 24 3.74749673899806
list:
dist: 3.74749673899806 vs. 3.74749673899806
--------
nle(id0,id1,dist): 2 27 3.161142188858345
list:
dist: 3.161142188858345 vs. 3.161142188858345
--------
nle(id0,id1,dist): 2 28 3.4633936938988508
list:
dist: 3.4633936938988508 vs. 3.4633936938988508
--------
nle(id0,id1,dist): 2 30 3.550873197533717
list:
dist: 3.550873197533717 vs. 3.550873197533717
--------
nle(id0,id1,dist): 2 24 2.347333757061795
list:
dist: 2.347333757061795 vs. 2.347333757061795
--------
nle(id0,id1,dist): 2 26 3.075410450040622
list:
dist: 3.075410450040622 vs. 3.075410450040622
--------
nle(id0,id1,dist): 2 36 3.927859030461759
list:
dist: 3.927859030461759 vs. 3.927859030461759
--------
nle(id0,id1,dist): 2 38 5.428662661567606
list:
dist: 5.428662661567606 vs. 5.428662661567606
--------
nle(id0,id1,dist): 2 31 4.380992286820147
list:
dist: 4.380992286820147 vs. 4.380992286820147
--------
nle(id0,id1,dist): 2 32 4.421402819670272
list:
dist: 4.421402819670272 vs. 4.421402819670272
--------
nle(id0,id1,dist): 2 33 4.086031316743984
list:
dist: 4.086031316743984 vs. 4.086031316743984
--------
nle(id0,id1,dist): 2 34 4.174034292496568
list:
dist: 4.174034292496568 vs. 4.174034292496568
--------
nle(id0,id1,dist): 2 12 0.5307727123349063
list:
dist: 0.5307727123349063 vs. 0.5307727123349063
--------
nle(id0,id1,dist): 2 11 2.060219362515975
list:
dist: 2.060219362515975 vs. 2.060219362515975
--------
nle(id0,id1,dist): 2 14 1.1794565188057857
list:
dist: 1.1794565188057857 vs. 1.1794565188057857
--------
nle(id0,id1,dist): 2 13 1.4000265124456455
list:
dist: 1.4000265124456455 vs. 1.4000265124456455
--------
nle(id0,id1,dist): 2 8 1.3098931194128844
list:
dist: 1.3098931194128844 vs. 1.3098931194128844
--------
nle(id0,id1,dist): 2 7 1.510965091117684
list:
dist: 1.510965091117684 vs. 1.510965091117684
--------
nle(id0,id1,dist): 2 10 1.1731922363317817
list:
dist: 1.1731922363317817 vs. 1.1731922363317817
--------
nle(id0,id1,dist): 2 9 1.206604251837572
list:
dist: 1.206604251837572 vs. 1.206604251837572
--------
nle(id0,id1,dist): 2 20 1.6397184655789094
list:
dist: 1.6397184655789094 vs. 1.6397184655789094
--------
nle(id0,id1,dist): 2 19 2.25394200856784
list:
dist: 2.25394200856784 vs. 2.25394200856784
--------
nle(id0,id1,dist): 2 22 2.3755932685094328
list:
dist: 2.3755932685094328 vs. 2.3755932685094328
--------
nle(id0,id1,dist): 2 16 2.2568431567217577
list:
dist: 2.2568431567217577 vs. 2.2568431567217577
--------
nle(id0,id1,dist): 2 15 1.6897825371245918
list:
dist: 1.6897825371245918 vs. 1.6897825371245918
--------
nle(id0,id1,dist): 2 18 2.3168129793208783
list:
dist: 2.3168129793208783 vs. 2.3168129793208783
--------
nle(id0,id1,dist): 2 17 2.096898479883191
list:
dist: 2.096898479883191 vs. 2.096898479883191
--------
nle(id0,id1,dist): 3 24 2.7173785121851406
list:
dist: 2.7173785121851406 vs. 2.7173785121851406
--------
nle(id0,id1,dist): 3 22 2.787898062703048
list:
dist: 2.787898062703048 vs. 2.787898062703048
--------
nle(id0,id1,dist): 3 20 1.957290750379807
list:
dist: 1.957290750379807 vs. 1.957290750379807
--------
nle(id0,id1,dist): 3 18 2.5649773645830423
list:
dist: 2.5649773645830423 vs. 2.5649773645830423
--------
nle(id0,id1,dist): 3 19 2.5714652899358392
list:
dist: 2.5714652899358392 vs. 2.5714652899358392
--------
nle(id0,id1,dist): 3 28 3.94687259779385
list:
dist: 3.94687259779385 vs. 3.94687259779385
--------
nle(id0,id1,dist): 3 27 3.722896646784761
list:
dist: 3.722896646784761 vs. 3.722896646784761
--------
nle(id0,id1,dist): 3 9 1.7215764934874995
list:
dist: 1.7215764934874995 vs. 1.7215764934874995
--------
nle(id0,id1,dist): 3 8 1.3811731111867651
list:
dist: 1.3811731111867651 vs. 1.3811731111867651
--------
nle(id0,id1,dist): 3 7 1.6044160266910257
list:
dist: 1.6044160266910257 vs. 1.6044160266910257
--------
nle(id0,id1,dist): 3 6 1.1455642707657232
list:
dist: 1.1455642707657232 vs. 1.1455642707657232
--------
nle(id0,id1,dist): 2 43 4.1220223878081095
list:
dist: 4.1220223878081095 vs. 4.1220223878081095
--------
nle(id0,id1,dist): 3 5 0.4320703916660441
list:
dist: 0.4320703916660441 vs. 0.4320703916660441
--------
nle(id0,id1,dist): 3 4 1.2096576459194974
list:
dist: 1.2096576459194974 vs. 1.2096576459194974
--------
nle(id0,id1,dist): 2 39 5.47107449515614
list:
dist: 5.47107449515614 vs. 5.47107449515614
--------
nle(id0,id1,dist): 3 17 2.196777263742723
list:
dist: 2.196777263742723 vs. 2.196777263742723
--------
nle(id0,id1,dist): 3 16 2.851640369597363
list:
dist: 2.851640369597363 vs. 2.851640369597363
--------
nle(id0,id1,dist): 3 15 2.2001156167587634
list:
dist: 2.2001156167587634 vs. 2.2001156167587634
--------
nle(id0,id1,dist): 3 14 1.5305620923781964
list:
dist: 1.5305620923781964 vs. 1.5305620923781964
--------
nle(id0,id1,dist): 3 13 1.1078675705896925
list:
dist: 1.1078675705896925 vs. 1.1078675705896925
--------
nle(id0,id1,dist): 3 12 0.6162049699256276
list:
dist: 0.6162049699256276 vs. 0.6162049699256276
--------
nle(id0,id1,dist): 3 11 1.627163896032626
list:
dist: 1.627163896032626 vs. 1.627163896032626
--------
nle(id0,id1,dist): 3 10 0.9785501535289394
list:
dist: 0.9785501535289394 vs. 0.9785501535289394
--------
nle(id0,id1,dist): 37 48 1.8465069551564357
list:
dist: 1.8465069551564357 vs. 1.8465069551564357
--------
nle(id0,id1,dist): 37 49 2.099887990783825
list:
dist: 2.099887990783825 vs. 2.099887990783825
--------
nle(id0,id1,dist): 37 50 2.9799991793449743
list:
dist: 2.9799991793449743 vs. 2.9799991793449743
--------
nle(id0,id1,dist): 37 51 1.7165494076187597
list:
dist: 1.7165494076187597 vs. 1.7165494076187597
--------
nle(id0,id1,dist): 37 52 2.3662715239807817
list:
dist: 2.3662715239807817 vs. 2.3662715239807817
--------
nle(id0,id1,dist): 37 53 1.9970716916967663
list:
dist: 1.9970716916967663 vs. 1.9970716916967663
--------
nle(id0,id1,dist): 37 54 3.1283914294000414
list:
dist: 3.1283914294000414 vs. 3.1283914294000414
--------
nle(id0,id1,dist): 37 55 1.9650166384824364
list:
dist: 1.9650166384824364 vs. 1.9650166384824364
--------
nle(id0,id1,dist): 37 40 2.9186553699459377
list:
dist: 2.9186553699459377 vs. 2.9186553699459377
--------
nle(id0,id1,dist): 37 41 1.0728450908573646
list:
dist: 1.0728450908573646 vs. 1.0728450908573646
--------
nle(id0,id1,dist): 37 42 1.9027309909542611
list:
dist: 1.9027309909542611 vs. 1.9027309909542611
--------
nle(id0,id1,dist): 37 43 1.1046420032529056
list:
dist: 1.1046420032529056 vs. 1.1046420032529056
--------
nle(id0,id1,dist): 37 44 2.4468150871082086
list:
dist: 2.4468150871082086 vs. 2.4468150871082086
--------
nle(id0,id1,dist): 37 45 1.1002423816980935
list:
dist: 1.1002423816980935 vs. 1.1002423816980935
--------
nle(id0,id1,dist): 37 46 1.3018915148175514
list:
dist: 1.3018915148175514 vs. 1.3018915148175514
--------
nle(id0,id1,dist): 37 47 2.103321180430135
list:
dist: 2.103321180430135 vs. 2.103321180430135
--------
nle(id0,id1,dist): 37 39 1.970335223472338
list:
dist: 1.970335223472338 vs. 1.970335223472338
--------
nle(id0,id1,dist): 37 38 1.4431738294285394
list:
dist: 1.4431738294285394 vs. 1.4431738294285394
--------
nle(id0,id1,dist): 36 65 4.210270376409081
list:
dist: 4.210270376409081 vs. 4.210270376409081
--------
nle(id0,id1,dist): 36 55 3.004741220846558
list:
dist: 3.004741220846558 vs. 3.004741220846558
--------
nle(id0,id1,dist): 36 53 2.694585483713749
list:
dist: 2.694585483713749 vs. 2.694585483713749
--------
nle(id0,id1,dist): 36 54 3.247364670185395
list:
dist: 3.247364670185395 vs. 3.247364670185395
--------
nle(id0,id1,dist): 36 60 5.049570548677647
list:
dist: 5.049570548677647 vs. 5.049570548677647
--------
nle(id0,id1,dist): 36 47 2.7691498295453267
list:
dist: 2.7691498295453267 vs. 2.7691498295453267
--------
nle(id0,id1,dist): 36 48 2.6336174600021383
list:
dist: 2.6336174600021383 vs. 2.6336174600021383
--------
nle(id0,id1,dist): 36 45 1.5995197361228082
list:
dist: 1.5995197361228082 vs. 1.5995197361228082
--------
nle(id0,id1,dist): 36 46 2.379810541012976
list:
dist: 2.379810541012976 vs. 2.379810541012976
--------
nle(id0,id1,dist): 36 51 1.8752794219830597
list:
dist: 1.8752794219830597 vs. 1.8752794219830597
--------
nle(id0,id1,dist): 36 52 2.7525657751927377
list:
dist: 2.7525657751927377 vs. 2.7525657751927377
--------
nle(id0,id1,dist): 36 49 2.7768789864439283
list:
dist: 2.7768789864439283 vs. 2.7768789864439283
--------
nle(id0,id1,dist): 36 40 2.7854303243693024
list:
dist: 2.7854303243693024 vs. 2.7854303243693024
--------
nle(id0,id1,dist): 36 39 1.8944019886985923
list:
dist: 1.8944019886985923 vs. 1.8944019886985923
--------
nle(id0,id1,dist): 36 38 1.617054990131504
list:
dist: 1.617054990131504 vs. 1.617054990131504
--------
nle(id0,id1,dist): 36 37 1.2782683974564424
list:
dist: 1.2782683974564424 vs. 1.2782683974564424
--------
nle(id0,id1,dist): 36 44 2.5850131845765576
list:
dist: 2.5850131845765576 vs. 2.5850131845765576
--------
nle(id0,id1,dist): 35 81 4.879003255599822
list:
dist: 4.879003255599822 vs. 4.879003255599822
--------
nle(id0,id1,dist): 36 43 0.34725577578973366
list:
dist: 0.34725577578973366 vs. 0.34725577578973366
--------
nle(id0,id1,dist): 36 42 1.8892365546458234
list:
dist: 1.8892365546458234 vs. 1.8892365546458234
--------
nle(id0,id1,dist): 36 41 1.0251829379178692
list:
dist: 1.0251829379178692 vs. 1.0251829379178692
--------
nle(id0,id1,dist): 35 70 4.731230569772226
list:
dist: 4.731230569772226 vs. 4.731230569772226
--------
nle(id0,id1,dist): 35 65 3.578085147392853
list:
dist: 3.578085147392853 vs. 3.578085147392853
--------
nle(id0,id1,dist): 35 58 1.966166594951781
list:
dist: 1.966166594951781 vs. 1.966166594951781
--------
nle(id0,id1,dist): 35 59 2.0159738725745315
list:
dist: 2.0159738725745315 vs. 2.0159738725745315
--------
nle(id0,id1,dist): 35 60 4.740156550237902
list:
dist: 4.740156550237902 vs. 4.740156550237902
--------
nle(id0,id1,dist): 35 54 2.4837989494376913
list:
dist: 2.4837989494376913 vs. 2.4837989494376913
--------
nle(id0,id1,dist): 35 55 1.5955387323789796
list:
dist: 1.5955387323789796 vs. 1.5955387323789796
--------
nle(id0,id1,dist): 35 56 2.293518787510752
list:
dist: 2.293518787510752 vs. 2.293518787510752
--------
nle(id0,id1,dist): 35 57 2.366997259143543
list:
dist: 2.366997259143543 vs. 2.366997259143543
--------
nle(id0,id1,dist): 35 50 2.5203528571214364
list:
dist: 2.5203528571214364 vs. 2.5203528571214364
--------
nle(id0,id1,dist): 35 51 1.6220823347898945
list:
dist: 1.6220823347898945 vs. 1.6220823347898945
--------
nle(id0,id1,dist): 35 52 2.073701378990914
list:
dist: 2.073701378990914 vs. 2.073701378990914
--------
nle(id0,id1,dist): 35 53 1.5634102004185126
list:
dist: 1.5634102004185126 vs. 1.5634102004185126
--------
nle(id0,id1,dist): 35 47 1.2789682916931815
list:
dist: 1.2789682916931815 vs. 1.2789682916931815
--------
nle(id0,id1,dist): 35 46 0.9010103113144522
list:
dist: 0.9010103113144522 vs. 0.9010103113144522
--------
nle(id0,id1,dist): 35 49 1.2464552188572315
list:
dist: 1.2464552188572315 vs. 1.2464552188572315
--------
nle(id0,id1,dist): 35 48 1.1405783398839873
list:
dist: 1.1405783398839873 vs. 1.1405783398839873
--------
nle(id0,id1,dist): 35 43 1.4638728266125225
list:
dist: 1.4638728266125225 vs. 1.4638728266125225
--------
nle(id0,id1,dist): 35 42 1.4612499776313916
list:
dist: 1.4612499776313916 vs. 1.4612499776313916
--------
nle(id0,id1,dist): 35 45 0.5291725220563807
list:
dist: 0.5291725220563807 vs. 0.5291725220563807
--------
nle(id0,id1,dist): 35 44 1.8805827623755025
list:
dist: 1.8805827623755025 vs. 1.8805827623755025
--------
nle(id0,id1,dist): 35 39 1.443067634808987
list:
dist: 1.443067634808987 vs. 1.443067634808987
--------
nle(id0,id1,dist): 35 38 1.2477796738892146
list:
dist: 1.2477796738892146 vs. 1.2477796738892146
--------
nle(id0,id1,dist): 35 41 1.0034246492796188
list:
dist: 1.0034246492796188 vs. 1.0034246492796188
--------
nle(id0,id1,dist): 35 40 2.562678091020676
list:
dist: 2.562678091020676 vs. 2.562678091020676
--------
nle(id0,id1,dist): 35 37 0.8573198481830723
list:
dist: 0.8573198481830723 vs. 0.8573198481830723
--------
nle(id0,id1,dist): 35 36 1.7188832018844578
list:
dist: 1.7188832018844578 vs. 1.7188832018844578
--------
nle(id0,id1,dist): 34 65 3.166651977197781
list:
dist: 3.166651977197781 vs. 3.166651977197781
--------
nle(id0,id1,dist): 34 60 3.90357019747714
list:
dist: 3.90357019747714 vs. 3.90357019747714
--------
nle(id0,id1,dist): 34 55 3.0683126970834227
list:
dist: 3.0683126970834227 vs. 3.0683126970834227
--------
nle(id0,id1,dist): 34 54 2.3679071100782902
list:
dist: 2.3679071100782902 vs. 2.3679071100782902
--------
nle(id0,id1,dist): 34 53 2.4871209471404865
list:
dist: 2.4871209471404865 vs. 2.4871209471404865
--------
nle(id0,id1,dist): 34 52 2.400896400418554
list:
dist: 2.400896400418554 vs. 2.400896400418554
--------
nle(id0,id1,dist): 34 51 1.6456392181402562
list:
dist: 1.6456392181402562 vs. 1.6456392181402562
--------
nle(id0,id1,dist): 34 49 2.4463465904218773
list:
dist: 2.4463465904218773 vs. 2.4463465904218773
--------
nle(id0,id1,dist): 34 48 2.4072875368112614
list:
dist: 2.4072875368112614 vs. 2.4072875368112614
--------
nle(id0,id1,dist): 34 47 2.3997737686827145
list:
dist: 2.3997737686827145 vs. 2.3997737686827145
--------
nle(id0,id1,dist): 34 46 2.5353268412701917
list:
dist: 2.5353268412701917 vs. 2.5353268412701917
--------
nle(id0,id1,dist): 34 45 1.4812258647826018
list:
dist: 1.4812258647826018 vs. 1.4812258647826018
--------
nle(id0,id1,dist): 34 44 1.8262850162061424
list:
dist: 1.8262850162061424 vs. 1.8262850162061424
--------
nle(id0,id1,dist): 34 43 1.030807662531165
list:
dist: 1.030807662531165 vs. 1.030807662531165
--------
nle(id0,id1,dist): 34 42 1.1810190290683433
list:
dist: 1.1810190290683433 vs. 1.1810190290683433
--------
nle(id0,id1,dist): 34 41 0.9745322521790166
list:
dist: 0.9745322521790166 vs. 0.9745322521790166
--------
nle(id0,id1,dist): 34 40 1.956213379948126
list:
dist: 1.956213379948126 vs. 1.956213379948126
--------
nle(id0,id1,dist): 34 39 1.4105500307354708
list:
dist: 1.4105500307354708 vs. 1.4105500307354708
--------
nle(id0,id1,dist): 33 60 5.291519899889421
list:
dist: 5.291519899889421 vs. 5.291519899889421
--------
nle(id0,id1,dist): 33 65 4.396854392895852
list:
dist: 4.396854392895852 vs. 4.396854392895852
--------
nle(id0,id1,dist): 34 36 1.1633446474683848
list:
dist: 1.1633446474683848 vs. 1.1633446474683848
--------
nle(id0,id1,dist): 34 35 1.8742509247927441
list:
dist: 1.8742509247927441 vs. 1.8742509247927441
--------
nle(id0,id1,dist): 34 38 1.8535141063685976
list:
dist: 1.8535141063685976 vs. 1.8535141063685976
--------
nle(id0,id1,dist): 34 37 1.9470817598926191
list:
dist: 1.9470817598926191 vs. 1.9470817598926191
--------
nle(id0,id1,dist): 33 44 2.874739069955308
list:
dist: 2.874739069955308 vs. 2.874739069955308
--------
nle(id0,id1,dist): 33 45 1.7638768247366072
list:
dist: 1.7638768247366072 vs. 1.7638768247366072
--------
nle(id0,id1,dist): 33 46 2.4966805169565514
list:
dist: 2.4966805169565514 vs. 2.4966805169565514
--------
nle(id0,id1,dist): 33 47 2.9000228524368348
list:
dist: 2.9000228524368348 vs. 2.9000228524368348
--------
nle(id0,id1,dist): 33 48 2.798063623289391
list:
dist: 2.798063623289391 vs. 2.798063623289391
--------
nle(id0,id1,dist): 33 49 2.862524335783649
list:
dist: 2.862524335783649 vs. 2.862524335783649
--------
nle(id0,id1,dist): 33 51 2.231611611683068
list:
dist: 2.231611611683068 vs. 2.231611611683068
--------
nle(id0,id1,dist): 33 52 3.086294644320709
list:
dist: 3.086294644320709 vs. 3.086294644320709
--------
nle(id0,id1,dist): 33 53 2.9465820932131224
list:
dist: 2.9465820932131224 vs. 2.9465820932131224
--------
nle(id0,id1,dist): 33 54 3.5229650639687904
list:
dist: 3.5229650639687904 vs. 3.5229650639687904
--------
nle(id0,id1,dist): 33 55 3.1631788289714042
list:
dist: 3.1631788289714042 vs. 3.1631788289714042
--------
nle(id0,id1,dist): 32 65 4.120349854737483
list:
dist: 4.120349854737483 vs. 4.120349854737483
--------
nle(id0,id1,dist): 33 35 1.7732715595548127
list:
dist: 1.7732715595548127 vs. 1.7732715595548127
--------
nle(id0,id1,dist): 33 34 1.4474307304647547
list:
dist: 1.4474307304647547 vs. 1.4474307304647547
--------
nle(id0,id1,dist): 33 39 1.9085062360685408
list:
dist: 1.9085062360685408 vs. 1.9085062360685408
--------
nle(id0,id1,dist): 33 38 1.4211421104050315
list:
dist: 1.4211421104050315 vs. 1.4211421104050315
--------
nle(id0,id1,dist): 33 37 1.2955581305050707
list:
dist: 1.2955581305050707 vs. 1.2955581305050707
--------
nle(id0,id1,dist): 33 36 0.4263818325406085
list:
dist: 0.4263818325406085 vs. 0.4263818325406085
--------
nle(id0,id1,dist): 33 43 0.6990315574123857
list:
dist: 0.6990315574123857 vs. 0.6990315574123857
--------
nle(id0,id1,dist): 33 42 2.181248668697775
list:
dist: 2.181248668697775 vs. 2.181248668697775
--------
nle(id0,id1,dist): 33 41 1.287353548200725
list:
dist: 1.287353548200725 vs. 1.287353548200725
--------
nle(id0,id1,dist): 33 40 3.1544613625794526
list:
dist: 3.1544613625794526 vs. 3.1544613625794526
--------
nle(id0,id1,dist): 32 51 2.347409804606954
list:
dist: 2.347409804606954 vs. 2.347409804606954
--------
nle(id0,id1,dist): 32 52 3.1557890289128063
list:
dist: 3.1557890289128063 vs. 3.1557890289128063
--------
nle(id0,id1,dist): 32 49 2.626018256496285
list:
dist: 2.626018256496285 vs. 2.626018256496285
--------
nle(id0,id1,dist): 32 55 3.1643176732138754
list:
dist: 3.1643176732138754 vs. 3.1643176732138754
--------
nle(id0,id1,dist): 32 53 2.95375177815754
list:
dist: 2.95375177815754 vs. 2.95375177815754
--------
nle(id0,id1,dist): 32 54 3.383364367965186
list:
dist: 3.383364367965186 vs. 3.383364367965186
--------
nle(id0,id1,dist): 32 60 5.073331799499005
list:
dist: 5.073331799499005 vs. 5.073331799499005
--------
nle(id0,id1,dist): 32 38 1.0200846396124004
list:
dist: 1.0200846396124004 vs. 1.0200846396124004
--------
nle(id0,id1,dist): 32 37 1.376585333282057
list:
dist: 1.376585333282057 vs. 1.376585333282057
--------
nle(id0,id1,dist): 32 40 3.160972643349652
list:
dist: 3.160972643349652 vs. 3.160972643349652
--------
nle(id0,id1,dist): 32 39 1.5340475916887566
list:
dist: 1.5340475916887566 vs. 1.5340475916887566
--------
nle(id0,id1,dist): 32 34 1.3895972952611988
list:
dist: 1.3895972952611988 vs. 1.3895972952611988
--------
nle(id0,id1,dist): 32 33 0.47165343063672577
list:
dist: 0.47165343063672577 vs. 0.47165343063672577
--------
nle(id0,id1,dist): 32 36 0.7493640566940437
list:
dist: 0.7493640566940437 vs. 0.7493640566940437
--------
nle(id0,id1,dist): 32 35 1.6464009683213505
list:
dist: 1.6464009683213505 vs. 1.6464009683213505
--------
nle(id0,id1,dist): 32 46 2.4714746865417294
list:
dist: 2.4714746865417294 vs. 2.4714746865417294
--------
nle(id0,id1,dist): 32 45 1.6589223819365728
list:
dist: 1.6589223819365728 vs. 1.6589223819365728
--------
nle(id0,id1,dist): 32 48 2.6885925583650345
list:
dist: 2.6885925583650345 vs. 2.6885925583650345
--------
nle(id0,id1,dist): 32 47 2.705452957031544
list:
dist: 2.705452957031544 vs. 2.705452957031544
--------
nle(id0,id1,dist): 32 42 2.103482348163432
list:
dist: 2.103482348163432 vs. 2.103482348163432
--------
nle(id0,id1,dist): 32 41 1.2843494657010797
list:
dist: 1.2843494657010797 vs. 1.2843494657010797
--------
nle(id0,id1,dist): 32 44 2.7807440970167328
list:
dist: 2.7807440970167328 vs. 2.7807440970167328
--------
nle(id0,id1,dist): 32 43 0.9055233011372882
list:
dist: 0.9055233011372882 vs. 0.9055233011372882
--------
nle(id0,id1,dist): 31 60 4.288076138643617
list:
dist: 4.288076138643617 vs. 4.288076138643617
--------
nle(id0,id1,dist): 31 54 2.8255339777221002
list:
dist: 2.8255339777221002 vs. 2.8255339777221002
--------
nle(id0,id1,dist): 31 55 3.248130331537933
list:
dist: 3.248130331537933 vs. 3.248130331537933
--------
nle(id0,id1,dist): 31 65 3.4222322606518456
list:
dist: 3.4222322606518456 vs. 3.4222322606518456
--------
nle(id0,id1,dist): 31 45 1.5746130692219014
list:
dist: 1.5746130692219014 vs. 1.5746130692219014
--------
nle(id0,id1,dist): 31 44 2.3031608693156924
list:
dist: 2.3031608693156924 vs. 2.3031608693156924
--------
nle(id0,id1,dist): 31 43 1.0485324536750162
list:
dist: 1.0485324536750162 vs. 1.0485324536750162
--------
nle(id0,id1,dist): 31 42 1.6496813309781189
list:
dist: 1.6496813309781189 vs. 1.6496813309781189
--------
nle(id0,id1,dist): 31 41 1.162640427070151
list:
dist: 1.162640427070151 vs. 1.162640427070151
--------
nle(id0,id1,dist): 31 40 2.623317195008323
list:
dist: 2.623317195008323 vs. 2.623317195008323
--------
nle(id0,id1,dist): 31 39 1.1194193922252487
list:
dist: 1.1194193922252487 vs. 1.1194193922252487
--------
nle(id0,id1,dist): 31 38 1.2955611955669248
list:
dist: 1.2955611955669248 vs. 1.2955611955669248
--------
nle(id0,id1,dist): 31 53 2.834241006708055
list:
dist: 2.834241006708055 vs. 2.834241006708055
--------
nle(id0,id1,dist): 31 52 2.920920412779696
list:
dist: 2.920920412779696 vs. 2.920920412779696
--------
nle(id0,id1,dist): 31 51 2.1560446778061984
list:
dist: 2.1560446778061984 vs. 2.1560446778061984
--------
nle(id0,id1,dist): 31 49 2.4578767798394305
list:
dist: 2.4578767798394305 vs. 2.4578767798394305
--------
nle(id0,id1,dist): 31 48 2.580167129709472
list:
dist: 2.580167129709472 vs. 2.580167129709472
--------
nle(id0,id1,dist): 31 47 2.5064150331954314
list:
dist: 2.5064150331954314 vs. 2.5064150331954314
--------
nle(id0,id1,dist): 31 46 2.614261166282428
list:
dist: 2.614261166282428 vs. 2.614261166282428
--------
nle(id0,id1,dist): 30 65 4.236081855279551
list:
dist: 4.236081855279551 vs. 4.236081855279551
--------
nle(id0,id1,dist): 30 60 4.922584325055255
list:
dist: 4.922584325055255 vs. 4.922584325055255
--------
nle(id0,id1,dist): 31 36 1.0366725323731676
list:
dist: 1.0366725323731676 vs. 1.0366725323731676
--------
nle(id0,id1,dist): 31 37 1.823078893295436
list:
dist: 1.823078893295436 vs. 1.823078893295436
--------
nle(id0,id1,dist): 31 34 0.7450704610401093
list:
dist: 0.7450704610401093 vs. 0.7450704610401093
--------
nle(id0,id1,dist): 31 35 1.787671871422138
list:
dist: 1.787671871422138 vs. 1.787671871422138
--------
nle(id0,id1,dist): 31 32 0.8291198288337351
list:
dist: 0.8291198288337351 vs. 0.8291198288337351
--------
nle(id0,id1,dist): 31 33 1.0881404653220363
list:
dist: 1.0881404653220363 vs. 1.0881404653220363
--------
nle(id0,id1,dist): 43 60 4.8468114907804045
list:
dist: 4.8468114907804045 vs. 4.8468114907804045
--------
nle(id0,id1,dist): 43 65 3.984906334482867
list:
dist: 3.984906334482867 vs. 3.984906334482867
--------
nle(id0,id1,dist): 44 47 1.3284636468276358
list:
dist: 1.3284636468276358 vs. 1.3284636468276358
--------
nle(id0,id1,dist): 44 48 1.3453034931446948
list:
dist: 1.3453034931446948 vs. 1.3453034931446948
--------
nle(id0,id1,dist): 44 45 1.4112259024683547
list:
dist: 1.4112259024683547 vs. 1.4112259024683547
--------
nle(id0,id1,dist): 44 46 1.970762773348007
list:
dist: 1.970762773348007 vs. 1.970762773348007
--------
nle(id0,id1,dist): 44 51 1.2906777796416036
list:
dist: 1.2906777796416036 vs. 1.2906777796416036
--------
nle(id0,id1,dist): 44 52 1.2131400627689064
list:
dist: 1.2131400627689064 vs. 1.2131400627689064
--------
nle(id0,id1,dist): 44 49 1.572224365656945
list:
dist: 1.572224365656945 vs. 1.572224365656945
--------
nle(id0,id1,dist): 44 50 0.8898646359109607
list:
dist: 0.8898646359109607 vs. 0.8898646359109607
--------
nle(id0,id1,dist): 42 65 2.6224227913131926
list:
dist: 2.6224227913131926 vs. 2.6224227913131926
--------
nle(id0,id1,dist): 42 70 3.4975322968752547
list:
dist: 3.4975322968752547 vs. 3.4975322968752547
--------
nle(id0,id1,dist): 43 51 1.5435120927017605
list:
dist: 1.5435120927017605 vs. 1.5435120927017605
--------
nle(id0,id1,dist): 43 52 2.412486785370333
list:
dist: 2.412486785370333 vs. 2.412486785370333
--------
nle(id0,id1,dist): 43 53 2.3517274880289354
list:
dist: 2.3517274880289354 vs. 2.3517274880289354
--------
nle(id0,id1,dist): 43 54 2.9419725853536387
list:
dist: 2.9419725853536387 vs. 2.9419725853536387
--------
nle(id0,id1,dist): 43 55 2.6951100562906847
list:
dist: 2.6951100562906847 vs. 2.6951100562906847
--------
nle(id0,id1,dist): 43 44 2.265136487928757
list:
dist: 2.265136487928757 vs. 2.265136487928757
--------
nle(id0,id1,dist): 42 81 4.0942201975634465
list:
dist: 4.0942201975634465 vs. 4.0942201975634465
--------
nle(id0,id1,dist): 43 45 1.2915015885273575
list:
dist: 1.2915015885273575 vs. 1.2915015885273575
--------
nle(id0,id1,dist): 43 46 2.0884421323010094
list:
dist: 2.0884421323010094 vs. 2.0884421323010094
--------
nle(id0,id1,dist): 43 47 2.4680251329849723
list:
dist: 2.4680251329849723 vs. 2.4680251329849723
--------
nle(id0,id1,dist): 43 48 2.3119833696450156
list:
dist: 2.3119833696450156 vs. 2.3119833696450156
--------
nle(id0,id1,dist): 43 49 2.4991867892943795
list:
dist: 2.4991867892943795 vs. 2.4991867892943795
--------
nle(id0,id1,dist): 42 46 1.7981847430669111
list:
dist: 1.7981847430669111 vs. 1.7981847430669111
--------
nle(id0,id1,dist): 40 120 4.716008383099859
list:
dist: 4.716008383099859 vs. 4.716008383099859
--------
nle(id0,id1,dist): 42 45 0.9352052308383502
list:
dist: 0.9352052308383502 vs. 0.9352052308383502
--------
nle(id0,id1,dist): 42 44 0.7010729017908174
list:
dist: 0.7010729017908174 vs. 0.7010729017908174
--------
nle(id0,id1,dist): 41 81 4.970696484091428
list:
dist: 4.970696484091428 vs. 4.970696484091428
--------
nle(id0,id1,dist): 42 43 1.5770151654364633
list:
dist: 1.5770151654364633 vs. 1.5770151654364633
--------
nle(id0,id1,dist): 41 70 4.406465035932312
list:
dist: 4.406465035932312 vs. 4.406465035932312
--------
nle(id0,id1,dist): 42 59 2.5165695395834944
list:
dist: 2.5165695395834944 vs. 2.5165695395834944
--------
nle(id0,id1,dist): 42 60 3.5254390154234305
list:
dist: 3.5254390154234305 vs. 3.5254390154234305
--------
nle(id0,id1,dist): 42 57 2.0622129275874217
list:
dist: 2.0622129275874217 vs. 2.0622129275874217
--------
nle(id0,id1,dist): 42 58 2.0881990840271696
list:
dist: 2.0881990840271696 vs. 2.0881990840271696
--------
nle(id0,id1,dist): 42 55 2.15518310029811
list:
dist: 2.15518310029811 vs. 2.15518310029811
--------
nle(id0,id1,dist): 42 56 2.3171750421814123
list:
dist: 2.3171750421814123 vs. 2.3171750421814123
--------
nle(id0,id1,dist): 42 53 1.4430648143910128
list:
dist: 1.4430648143910128 vs. 1.4430648143910128
--------
nle(id0,id1,dist): 42 54 1.366154401047591
list:
dist: 1.366154401047591 vs. 1.366154401047591
--------
nle(id0,id1,dist): 42 51 0.9874680611597331
list:
dist: 0.9874680611597331 vs. 0.9874680611597331
--------
nle(id0,id1,dist): 42 52 1.407144844896776
list:
dist: 1.407144844896776 vs. 1.407144844896776
--------
nle(id0,id1,dist): 42 49 1.607881635536856
list:
dist: 1.607881635536856 vs. 1.607881635536856
--------
nle(id0,id1,dist): 42 50 1.4388334455941278
list:
dist: 1.4388334455941278 vs. 1.4388334455941278
--------
nle(id0,id1,dist): 42 47 1.442772633973597
list:
dist: 1.442772633973597 vs. 1.442772633973597
--------
nle(id0,id1,dist): 40 121 4.738981621930838
list:
dist: 4.738981621930838 vs. 4.738981621930838
--------
nle(id0,id1,dist): 42 48 1.4102010492451922
list:
dist: 1.4102010492451922 vs. 1.4102010492451922
--------
nle(id0,id1,dist): 41 49 1.8644442841275128
list:
dist: 1.8644442841275128 vs. 1.8644442841275128
--------
nle(id0,id1,dist): 41 48 1.6606939404477856
list:
dist: 1.6606939404477856 vs. 1.6606939404477856
--------
nle(id0,id1,dist): 41 51 1.1031705835495773
list:
dist: 1.1031705835495773 vs. 1.1031705835495773
--------
nle(id0,id1,dist): 41 50 2.2540617750623535
list:
dist: 2.2540617750623535 vs. 2.2540617750623535
--------
nle(id0,id1,dist): 41 45 0.6538398078265757
list:
dist: 0.6538398078265757 vs. 0.6538398078265757
--------
nle(id0,id1,dist): 41 44 1.6197598307797254
list:
dist: 1.6197598307797254 vs. 1.6197598307797254
--------
nle(id0,id1,dist): 40 81 3.798505505644223
list:
dist: 3.798505505644223 vs. 3.798505505644223
--------
nle(id0,id1,dist): 41 47 1.800928933204119
list:
dist: 1.800928933204119 vs. 1.800928933204119
--------
nle(id0,id1,dist): 41 46 1.5997255463225983
list:
dist: 1.5997255463225983 vs. 1.5997255463225983
--------
nle(id0,id1,dist): 41 43 0.6958963145912284
list:
dist: 0.6958963145912284 vs. 0.6958963145912284
--------
nle(id0,id1,dist): 41 42 0.9542242090711426
list:
dist: 0.9542242090711426 vs. 0.9542242090711426
--------
nle(id0,id1,dist): 41 65 3.433819453069757
list:
dist: 3.433819453069757 vs. 3.433819453069757
--------
nle(id0,id1,dist): 41 60 4.376226506318697
list:
dist: 4.376226506318697 vs. 4.376226506318697
--------
nle(id0,id1,dist): 41 56 2.809993301328973
list:
dist: 2.809993301328973 vs. 2.809993301328973
--------
nle(id0,id1,dist): 41 57 2.727556570938
list:
dist: 2.727556570938 vs. 2.727556570938
--------
nle(id0,id1,dist): 41 58 2.448619199084354
list:
dist: 2.448619199084354 vs. 2.448619199084354
--------
nle(id0,id1,dist): 41 59 2.7816361899255817
list:
dist: 2.7816361899255817 vs. 2.7816361899255817
--------
nle(id0,id1,dist): 41 52 1.8762056507250562
list:
dist: 1.8762056507250562 vs. 1.8762056507250562
--------
nle(id0,id1,dist): 41 53 1.7507299271036592
list:
dist: 1.7507299271036592 vs. 1.7507299271036592
--------
nle(id0,id1,dist): 41 54 2.3032638508760477
list:
dist: 2.3032638508760477 vs. 2.3032638508760477
--------
nle(id0,id1,dist): 41 55 2.176232290052017
list:
dist: 2.176232290052017 vs. 2.176232290052017
--------
nle(id0,id1,dist): 40 43 2.490742867241432
list:
dist: 2.490742867241432 vs. 2.490742867241432
--------
nle(id0,id1,dist): 40 44 0.9177441213217832
list:
dist: 0.9177441213217832 vs. 0.9177441213217832
--------
nle(id0,id1,dist): 40 41 2.0012734709952373
list:
dist: 2.0012734709952373 vs. 2.0012734709952373
--------
nle(id0,id1,dist): 40 42 1.1865766979605559
list:
dist: 1.1865766979605559 vs. 1.1865766979605559
--------
nle(id0,id1,dist): 40 47 2.226128044616146
list:
dist: 2.226128044616146 vs. 2.226128044616146
--------
nle(id0,id1,dist): 40 48 2.135908860247917
list:
dist: 2.135908860247917 vs. 2.135908860247917
--------
nle(id0,id1,dist): 40 45 2.0518306614954396
list:
dist: 2.0518306614954396 vs. 2.0518306614954396
--------
nle(id0,id1,dist): 40 46 2.6172041259011958
list:
dist: 2.6172041259011958 vs. 2.6172041259011958
--------
nle(id0,id1,dist): 40 51 1.3578715858116452
list:
dist: 1.3578715858116452 vs. 1.3578715858116452
--------
nle(id0,id1,dist): 40 52 1.2747595146024413
list:
dist: 1.2747595146024413 vs. 1.2747595146024413
--------
nle(id0,id1,dist): 40 49 2.480233033099768
list:
dist: 2.480233033099768 vs. 2.480233033099768
--------
nle(id0,id1,dist): 40 50 0.7979596761967843
list:
dist: 0.7979596761967843 vs. 0.7979596761967843
--------
nle(id0,id1,dist): 40 55 2.69736926668499
list:
dist: 2.69736926668499 vs. 2.69736926668499
--------
nle(id0,id1,dist): 40 56 2.608655883835663
list:
dist: 2.608655883835663 vs. 2.608655883835663
--------
nle(id0,id1,dist): 40 53 1.8083337244235276
list:
dist: 1.8083337244235276 vs. 1.8083337244235276
--------
nle(id0,id1,dist): 40 54 1.1606491139821622
list:
dist: 1.1606491139821622 vs. 1.1606491139821622
--------
nle(id0,id1,dist): 40 60 3.074076742430953
list:
dist: 3.074076742430953 vs. 3.074076742430953
--------
nle(id0,id1,dist): 40 58 2.4166678314530152
list:
dist: 2.4166678314530152 vs. 2.4166678314530152
--------
nle(id0,id1,dist): 40 57 2.2922420766989635
list:
dist: 2.2922420766989635 vs. 2.2922420766989635
--------
nle(id0,id1,dist): 40 65 2.580900133773345
list:
dist: 2.580900133773345 vs. 2.580900133773345
--------
nle(id0,id1,dist): 40 70 2.9081680146194047
list:
dist: 2.9081680146194047 vs. 2.9081680146194047
--------
nle(id0,id1,dist): 39 46 2.2425588209944687
list:
dist: 2.2425588209944687 vs. 2.2425588209944687
--------
nle(id0,id1,dist): 39 47 1.701276264570106
list:
dist: 1.701276264570106 vs. 1.701276264570106
--------
nle(id0,id1,dist): 39 48 1.9778154348756283
list:
dist: 1.9778154348756283 vs. 1.9778154348756283
--------
nle(id0,id1,dist): 39 49 1.5669348432985324
list:
dist: 1.5669348432985324 vs. 1.5669348432985324
--------
nle(id0,id1,dist): 39 51 2.267787385101288
list:
dist: 2.267787385101288 vs. 2.267787385101288
--------
nle(id0,id1,dist): 39 52 2.7680199376987673
list:
dist: 2.7680199376987673 vs. 2.7680199376987673
--------
nle(id0,id1,dist): 39 53 2.4861436010088105
list:
dist: 2.4861436010088105 vs. 2.4861436010088105
--------
nle(id0,id1,dist): 39 54 2.280875722756084
list:
dist: 2.280875722756084 vs. 2.280875722756084
--------
nle(id0,id1,dist): 39 55 2.827337992915514
list:
dist: 2.827337992915514 vs. 2.827337992915514
--------
nle(id0,id1,dist): 39 60 3.841991528712875
list:
dist: 3.841991528712875 vs. 3.841991528712875
--------
nle(id0,id1,dist): 39 65 2.708589988995055
list:
dist: 2.708589988995055 vs. 2.708589988995055
--------
nle(id0,id1,dist): 38 55 2.8200421340584603
list:
dist: 2.8200421340584603 vs. 2.8200421340584603
--------
nle(id0,id1,dist): 38 53 2.755298358979638
list:
dist: 2.755298358979638 vs. 2.755298358979638
--------
nle(id0,id1,dist): 38 54 3.1478537093843553
list:
dist: 3.1478537093843553 vs. 3.1478537093843553
--------
nle(id0,id1,dist): 38 51 2.5472000804885395
list:
dist: 2.5472000804885395 vs. 2.5472000804885395
--------
nle(id0,id1,dist): 38 52 3.162601925935994
list:
dist: 3.162601925935994 vs. 3.162601925935994
--------
nle(id0,id1,dist): 38 65 3.7466122624407165
list:
dist: 3.7466122624407165 vs. 3.7466122624407165
--------
nle(id0,id1,dist): 38 60 4.903459520484947
list:
dist: 4.903459520484947 vs. 4.903459520484947
--------
nle(id0,id1,dist): 39 45 1.2896056999363643
list:
dist: 1.2896056999363643 vs. 1.2896056999363643
--------
nle(id0,id1,dist): 39 44 1.903046494077383
list:
dist: 1.903046494077383 vs. 1.903046494077383
--------
nle(id0,id1,dist): 39 43 1.7525581000240813
list:
dist: 1.7525581000240813 vs. 1.7525581000240813
--------
nle(id0,id1,dist): 39 42 1.469129104917456
list:
dist: 1.469129104917456 vs. 1.469129104917456
--------
nle(id0,id1,dist): 39 41 1.391348025829088
list:
dist: 1.391348025829088 vs. 1.391348025829088
--------
nle(id0,id1,dist): 39 40 2.5569290495487893
list:
dist: 2.5569290495487893 vs. 2.5569290495487893
--------
nle(id0,id1,dist): 37 56 3.0023571106688283
list:
dist: 3.0023571106688283 vs. 3.0023571106688283
--------
nle(id0,id1,dist): 37 57 3.1476572863930135
list:
dist: 3.1476572863930135 vs. 3.1476572863930135
--------
nle(id0,id1,dist): 37 58 2.5464208273787725
list:
dist: 2.5464208273787725 vs. 2.5464208273787725
--------
nle(id0,id1,dist): 37 59 2.7573775373965055
list:
dist: 2.7573775373965055 vs. 2.7573775373965055
--------
nle(id0,id1,dist): 38 40 3.2774623071605347
list:
dist: 3.2774623071605347 vs. 3.2774623071605347
--------
nle(id0,id1,dist): 38 39 1.0623343057147288
list:
dist: 1.0623343057147288 vs. 1.0623343057147288
--------
nle(id0,id1,dist): 38 42 2.096977359830078
list:
dist: 2.096977359830078 vs. 2.096977359830078
--------
nle(id0,id1,dist): 38 41 1.5020540425639968
list:
dist: 1.5020540425639968 vs. 1.5020540425639968
--------
nle(id0,id1,dist): 38 48 2.2456922259311534
list:
dist: 2.2456922259311534 vs. 2.2456922259311534
--------
nle(id0,id1,dist): 38 47 2.127826076909392
list:
dist: 2.127826076909392 vs. 2.127826076909392
--------
nle(id0,id1,dist): 38 49 1.9471969081551244
list:
dist: 1.9471969081551244 vs. 1.9471969081551244
--------
nle(id0,id1,dist): 38 44 2.637181546510092
list:
dist: 2.637181546510092 vs. 2.637181546510092
--------
nle(id0,id1,dist): 38 43 1.580951634875205
list:
dist: 1.580951634875205 vs. 1.580951634875205
--------
nle(id0,id1,dist): 38 46 2.122492003262652
list:
dist: 2.122492003262652 vs. 2.122492003262652
--------
nle(id0,id1,dist): 38 45 1.4459638319635506
list:
dist: 1.4459638319635506 vs. 1.4459638319635506
--------
nle(id0,id1,dist): 23 28 1.0428196294172023
list:
dist: 1.0428196294172023 vs. 1.0428196294172023
--------
nle(id0,id1,dist): 23 29 1.6337266426525099
list:
dist: 1.6337266426525099 vs. 1.6337266426525099
--------
nle(id0,id1,dist): 23 26 2.2703037806616093
list:
dist: 2.2703037806616093 vs. 2.2703037806616093
--------
nle(id0,id1,dist): 23 27 1.393383290560873
list:
dist: 1.393383290560873 vs. 1.393383290560873
--------
nle(id0,id1,dist): 23 24 1.2911418929679048
list:
dist: 1.2911418929679048 vs. 1.2911418929679048
--------
nle(id0,id1,dist): 23 25 1.5448573496501004
list:
dist: 1.5448573496501004 vs. 1.5448573496501004
--------
nle(id0,id1,dist): 22 51 2.9022263190779105
list:
dist: 2.9022263190779105 vs. 2.9022263190779105
--------
nle(id0,id1,dist): 22 52 3.5409964861530088
list:
dist: 3.5409964861530088 vs. 3.5409964861530088
--------
nle(id0,id1,dist): 22 37 3.3898328212440454
list:
dist: 3.3898328212440454 vs. 3.3898328212440454
--------
nle(id0,id1,dist): 23 58 3.7337172091561195
list:
dist: 3.7337172091561195 vs. 3.7337172091561195
--------
nle(id0,id1,dist): 23 54 3.209924226259752
list:
dist: 3.209924226259752 vs. 3.209924226259752
--------
nle(id0,id1,dist): 23 55 3.5770750381968264
list:
dist: 3.5770750381968264 vs. 3.5770750381968264
--------
nle(id0,id1,dist): 23 56 4.2027343395712915
list:
dist: 4.2027343395712915 vs. 4.2027343395712915
--------
nle(id0,id1,dist): 23 57 4.1286848576602315
list:
dist: 4.1286848576602315 vs. 4.1286848576602315
--------
nle(id0,id1,dist): 23 50 2.566639678579611
list:
dist: 2.566639678579611 vs. 2.566639678579611
--------
nle(id0,id1,dist): 23 51 1.8687368492152685
list:
dist: 1.8687368492152685 vs. 1.8687368492152685
--------
nle(id0,id1,dist): 23 52 2.2887885166503836
list:
dist: 2.2887885166503836 vs. 2.2887885166503836
--------
nle(id0,id1,dist): 23 53 2.896732633788352
list:
dist: 2.896732633788352 vs. 2.896732633788352
--------
nle(id0,id1,dist): 23 46 3.412378751950284
list:
dist: 3.412378751950284 vs. 3.412378751950284
--------
nle(id0,id1,dist): 23 47 3.7261138033883143
list:
dist: 3.7261138033883143 vs. 3.7261138033883143
--------
nle(id0,id1,dist): 23 48 3.42725054233641
list:
dist: 3.42725054233641 vs. 3.42725054233641
--------
nle(id0,id1,dist): 23 49 3.947754723267047
list:
dist: 3.947754723267047 vs. 3.947754723267047
--------
nle(id0,id1,dist): 23 43 2.454312696730918
list:
dist: 2.454312696730918 vs. 2.454312696730918
--------
nle(id0,id1,dist): 23 42 2.459979370355131
list:
dist: 2.459979370355131 vs. 2.459979370355131
--------
nle(id0,id1,dist): 23 45 2.938472193404336
list:
dist: 2.938472193404336 vs. 2.938472193404336
--------
nle(id0,id1,dist): 23 44 2.720137622883847
list:
dist: 2.720137622883847 vs. 2.720137622883847
--------
nle(id0,id1,dist): 23 39 3.6526914369513563
list:
dist: 3.6526914369513563 vs. 3.6526914369513563
--------
nle(id0,id1,dist): 23 38 3.9416160415522583
list:
dist: 3.9416160415522583 vs. 3.9416160415522583
--------
nle(id0,id1,dist): 23 41 2.4953629248300135
list:
dist: 2.4953629248300135 vs. 2.4953629248300135
--------
nle(id0,id1,dist): 23 40 2.0765212310446746
list:
dist: 2.0765212310446746 vs. 2.0765212310446746
--------
nle(id0,id1,dist): 23 35 3.3416424937872984
list:
dist: 3.3416424937872984 vs. 3.3416424937872984
--------
nle(id0,id1,dist): 23 34 2.395998521844121
list:
dist: 2.395998521844121 vs. 2.395998521844121
--------
nle(id0,id1,dist): 23 37 3.1184137273553545
list:
dist: 3.1184137273553545 vs. 3.1184137273553545
--------
nle(id0,id1,dist): 23 36 2.6033247076773636
list:
dist: 2.6033247076773636 vs. 2.6033247076773636
--------
nle(id0,id1,dist): 23 31 3.0484853820115587
list:
dist: 3.0484853820115587 vs. 3.0484853820115587
--------
nle(id0,id1,dist): 23 30 3.0385329093891125
list:
dist: 3.0385329093891125 vs. 3.0385329093891125
--------
nle(id0,id1,dist): 23 33 3.020242382481139
list:
dist: 3.020242382481139 vs. 3.020242382481139
--------
nle(id0,id1,dist): 23 32 3.306344943471777
list:
dist: 3.306344943471777 vs. 3.306344943471777
--------
nle(id0,id1,dist): 21 37 3.9854632566469177
list:
dist: 3.9854632566469177 vs. 3.9854632566469177
--------
nle(id0,id1,dist): 21 26 2.0222739165339902
list:
dist: 2.0222739165339902 vs. 2.0222739165339902
--------
nle(id0,id1,dist): 21 27 1.8892369786509013
list:
dist: 1.8892369786509013 vs. 1.8892369786509013
--------
nle(id0,id1,dist): 21 24 1.0516169528801003
list:
dist: 1.0516169528801003 vs. 1.0516169528801003
--------
nle(id0,id1,dist): 21 25 1.415083229969541
list:
dist: 1.415083229969541 vs. 1.415083229969541
--------
nle(id0,id1,dist): 21 28 2.0463804576349065
list:
dist: 2.0463804576349065 vs. 2.0463804576349065
--------
nle(id0,id1,dist): 21 29 1.6679470772536042
list:
dist: 1.6679470772536042 vs. 1.6679470772536042
--------
nle(id0,id1,dist): 21 23 1.2366681762806468
list:
dist: 1.2366681762806468 vs. 1.2366681762806468
--------
nle(id0,id1,dist): 21 22 1.1776320060537488
list:
dist: 1.1776320060537488 vs. 1.1776320060537488
--------
nle(id0,id1,dist): 20 52 4.812091128235108
list:
dist: 4.812091128235108 vs. 4.812091128235108
--------
nle(id0,id1,dist): 20 51 4.159260724100662
list:
dist: 4.159260724100662 vs. 4.159260724100662
--------
nle(id0,id1,dist): 22 27 1.2059275987069706
list:
dist: 1.2059275987069706 vs. 1.2059275987069706
--------
nle(id0,id1,dist): 22 28 1.7676509643166056
list:
dist: 1.7676509643166056 vs. 1.7676509643166056
--------
nle(id0,id1,dist): 22 29 1.4185131530565152
list:
dist: 1.4185131530565152 vs. 1.4185131530565152
--------
nle(id0,id1,dist): 22 23 1.6040910284794265
list:
dist: 1.6040910284794265 vs. 1.6040910284794265
--------
nle(id0,id1,dist): 22 24 0.4670749861972055
list:
dist: 0.4670749861972055 vs. 0.4670749861972055
--------
nle(id0,id1,dist): 22 25 1.707421531349813
list:
dist: 1.707421531349813 vs. 1.707421531349813
--------
nle(id0,id1,dist): 22 26 1.115453782902692
list:
dist: 1.115453782902692 vs. 1.115453782902692
--------
nle(id0,id1,dist): 21 51 2.988628600586574
list:
dist: 2.988628600586574 vs. 2.988628600586574
--------
nle(id0,id1,dist): 21 52 3.3761798746069083
list:
dist: 3.3761798746069083 vs. 3.3761798746069083
--------
nle(id0,id1,dist): 19 41 2.9926899844967068
list:
dist: 2.9926899844967068 vs. 2.9926899844967068
--------
nle(id0,id1,dist): 19 40 3.0589738521529375
list:
dist: 3.0589738521529375 vs. 3.0589738521529375
--------
nle(id0,id1,dist): 19 39 4.043898071212822
list:
dist: 4.043898071212822 vs. 4.043898071212822
--------
nle(id0,id1,dist): 19 38 4.203915711215094
list:
dist: 4.203915711215094 vs. 4.203915711215094
--------
nle(id0,id1,dist): 19 37 3.544779007450316
list:
dist: 3.544779007450316 vs. 3.544779007450316
--------
nle(id0,id1,dist): 19 36 2.657038766342779
list:
dist: 2.657038766342779 vs. 2.657038766342779
--------
nle(id0,id1,dist): 19 35 3.9343432523935076
list:
dist: 3.9343432523935076 vs. 3.9343432523935076
--------
nle(id0,id1,dist): 19 34 2.6489038745366917
list:
dist: 2.6489038745366917 vs. 2.6489038745366917
--------
nle(id0,id1,dist): 19 49 4.720095301066499
list:
dist: 4.720095301066499 vs. 4.720095301066499
--------
nle(id0,id1,dist): 19 48 4.310862803002059
list:
dist: 4.310862803002059 vs. 4.310862803002059
--------
nle(id0,id1,dist): 19 47 4.557610379997093
list:
dist: 4.557610379997093 vs. 4.557610379997093
--------
nle(id0,id1,dist): 19 46 4.208115295402343
list:
dist: 4.208115295402343 vs. 4.208115295402343
--------
nle(id0,id1,dist): 19 45 3.5814119482288436
list:
dist: 3.5814119482288436 vs. 3.5814119482288436
--------
nle(id0,id1,dist): 19 44 3.6255245640954143
list:
dist: 3.6255245640954143 vs. 3.6255245640954143
--------
nle(id0,id1,dist): 19 43 2.6703813776211236
list:
dist: 2.6703813776211236 vs. 2.6703813776211236
--------
nle(id0,id1,dist): 19 42 3.202099020802566
list:
dist: 3.202099020802566 vs. 3.202099020802566
--------
nle(id0,id1,dist): 19 24 0.5104894946022105
list:
dist: 0.5104894946022105 vs. 0.5104894946022105
--------
nle(id0,id1,dist): 19 25 2.171466060678049
list:
dist: 2.171466060678049 vs. 2.171466060678049
--------
nle(id0,id1,dist): 19 22 0.9642482506317078
list:
dist: 0.9642482506317078 vs. 0.9642482506317078
--------
nle(id0,id1,dist): 19 23 1.2523115512881162
list:
dist: 1.2523115512881162 vs. 1.2523115512881162
--------
nle(id0,id1,dist): 19 20 1.7869505457880812
list:
dist: 1.7869505457880812 vs. 1.7869505457880812
--------
nle(id0,id1,dist): 19 21 1.216504935470909
list:
dist: 1.216504935470909 vs. 1.216504935470909
--------
nle(id0,id1,dist): 18 55 4.644716870744949
list:
dist: 4.644716870744949 vs. 4.644716870744949
--------
nle(id0,id1,dist): 19 32 3.3441620113071995
list:
dist: 3.3441620113071995 vs. 3.3441620113071995
--------
nle(id0,id1,dist): 19 33 3.004530317211841
list:
dist: 3.004530317211841 vs. 3.004530317211841
--------
nle(id0,id1,dist): 19 30 2.7505130816823793
list:
dist: 2.7505130816823793 vs. 2.7505130816823793
--------
nle(id0,id1,dist): 19 31 3.152730253982839
list:
dist: 3.152730253982839 vs. 3.152730253982839
--------
nle(id0,id1,dist): 19 28 1.4680848919893212
list:
dist: 1.4680848919893212 vs. 1.4680848919893212
--------
nle(id0,id1,dist): 19 29 2.031267505679283
list:
dist: 2.031267505679283 vs. 2.031267505679283
--------
nle(id0,id1,dist): 19 26 2.0076969881921545
list:
dist: 2.0076969881921545 vs. 2.0076969881921545
--------
nle(id0,id1,dist): 19 27 1.434497218579909
list:
dist: 1.434497218579909 vs. 1.434497218579909
--------
nle(id0,id1,dist): 20 29 2.506055195652384
list:
dist: 2.506055195652384 vs. 2.506055195652384
--------
nle(id0,id1,dist): 20 37 4.45432943076612
list:
dist: 4.45432943076612 vs. 4.45432943076612
--------
nle(id0,id1,dist): 19 54 4.136209813629512
list:
dist: 4.136209813629512 vs. 4.136209813629512
--------
nle(id0,id1,dist): 19 55 4.5186048600314805
list:
dist: 4.5186048600314805 vs. 4.5186048600314805
--------
nle(id0,id1,dist): 19 51 2.7785127037760047
list:
dist: 2.7785127037760047 vs. 2.7785127037760047
--------
nle(id0,id1,dist): 19 52 3.404948425079335
list:
dist: 3.404948425079335 vs. 3.404948425079335
--------
nle(id0,id1,dist): 19 53 3.9070045376199487
list:
dist: 3.9070045376199487 vs. 3.9070045376199487
--------
nle(id0,id1,dist): 20 25 2.7352778845599475
list:
dist: 2.7352778845599475 vs. 2.7352778845599475
--------
nle(id0,id1,dist): 20 26 1.7988921245906218
list:
dist: 1.7988921245906218 vs. 1.7988921245906218
--------
nle(id0,id1,dist): 20 27 2.3834882639053125
list:
dist: 2.3834882639053125 vs. 2.3834882639053125
--------
nle(id0,id1,dist): 20 28 2.95848166185148
list:
dist: 2.95848166185148 vs. 2.95848166185148
--------
nle(id0,id1,dist): 20 21 1.9620572155864635
list:
dist: 1.9620572155864635 vs. 1.9620572155864635
--------
nle(id0,id1,dist): 20 22 1.27131392734439
list:
dist: 1.27131392734439 vs. 1.27131392734439
--------
nle(id0,id1,dist): 20 23 2.7736978695641588
list:
dist: 2.7736978695641588 vs. 2.7736978695641588
--------
nle(id0,id1,dist): 20 24 1.5247995006886739
list:
dist: 1.5247995006886739 vs. 1.5247995006886739
--------
nle(id0,id1,dist): 17 47 5.277641060948903
list:
dist: 5.277641060948903 vs. 5.277641060948903
--------
nle(id0,id1,dist): 17 46 4.8498674334374865
list:
dist: 4.8498674334374865 vs. 4.8498674334374865
--------
nle(id0,id1,dist): 17 45 4.318374721294472
list:
dist: 4.318374721294472 vs. 4.318374721294472
--------
nle(id0,id1,dist): 17 44 4.329879012913771
list:
dist: 4.329879012913771 vs. 4.329879012913771
--------
nle(id0,id1,dist): 17 51 3.4322770015111557
list:
dist: 3.4322770015111557 vs. 3.4322770015111557
--------
nle(id0,id1,dist): 17 49 5.456465863165741
list:
dist: 5.456465863165741 vs. 5.456465863165741
--------
nle(id0,id1,dist): 17 48 4.992004973365564
list:
dist: 4.992004973365564 vs. 4.992004973365564
--------
nle(id0,id1,dist): 17 55 5.102799272400337
list:
dist: 5.102799272400337 vs. 5.102799272400337
--------
nle(id0,id1,dist): 17 54 4.82212849498327
list:
dist: 4.82212849498327 vs. 4.82212849498327
--------
nle(id0,id1,dist): 17 53 4.518567718892355
list:
dist: 4.518567718892355 vs. 4.518567718892355
--------
nle(id0,id1,dist): 17 52 3.9747423068145684
list:
dist: 3.9747423068145684 vs. 3.9747423068145684
--------
nle(id0,id1,dist): 18 22 1.3563125168096688
list:
dist: 1.3563125168096688 vs. 1.3563125168096688
--------
nle(id0,id1,dist): 18 21 1.4033673994751992
list:
dist: 1.4033673994751992 vs. 1.4033673994751992
--------
nle(id0,id1,dist): 18 20 2.076760151411265
list:
dist: 2.076760151411265 vs. 2.076760151411265
--------
nle(id0,id1,dist): 18 19 0.39409536484781893
list:
dist: 0.39409536484781893 vs. 0.39409536484781893
--------
nle(id0,id1,dist): 17 30 3.5073450568850095
list:
dist: 3.5073450568850095 vs. 3.5073450568850095
--------
nle(id0,id1,dist): 17 31 3.957273386538145
list:
dist: 3.957273386538145 vs. 3.957273386538145
--------
nle(id0,id1,dist): 17 28 2.208751115842144
list:
dist: 2.208751115842144 vs. 2.208751115842144
--------
nle(id0,id1,dist): 17 29 2.2219290946970407
list:
dist: 2.2219290946970407 vs. 2.2219290946970407
--------
nle(id0,id1,dist): 17 34 3.46147913321352
list:
dist: 3.46147913321352 vs. 3.46147913321352
--------
nle(id0,id1,dist): 17 35 4.65429362003501
list:
dist: 4.65429362003501 vs. 4.65429362003501
--------
nle(id0,id1,dist): 17 32 4.097217277121921
list:
dist: 4.097217277121921 vs. 4.097217277121921
--------
nle(id0,id1,dist): 17 33 3.7271865750690196
list:
dist: 3.7271865750690196 vs. 3.7271865750690196
--------
nle(id0,id1,dist): 17 38 4.973689031320374
list:
dist: 4.973689031320374 vs. 4.973689031320374
--------
nle(id0,id1,dist): 17 39 4.850119774649842
list:
dist: 4.850119774649842 vs. 4.850119774649842
--------
nle(id0,id1,dist): 17 36 3.39658257650127
list:
dist: 3.39658257650127 vs. 3.39658257650127
--------
nle(id0,id1,dist): 17 37 4.214789257571152
list:
dist: 4.214789257571152 vs. 4.214789257571152
--------
nle(id0,id1,dist): 17 42 3.9513986259105645
list:
dist: 3.9513986259105645 vs. 3.9513986259105645
--------
nle(id0,id1,dist): 17 43 3.4175152188909093
list:
dist: 3.4175152188909093 vs. 3.4175152188909093
--------
nle(id0,id1,dist): 17 40 3.7003196417990636
list:
dist: 3.7003196417990636 vs. 3.7003196417990636
--------
nle(id0,id1,dist): 17 41 3.74803371580716
list:
dist: 3.74803371580716 vs. 3.74803371580716
--------
nle(id0,id1,dist): 18 40 2.956361920711852
list:
dist: 2.956361920711852 vs. 2.956361920711852
--------
nle(id0,id1,dist): 18 39 4.026385292923534
list:
dist: 4.026385292923534 vs. 4.026385292923534
--------
nle(id0,id1,dist): 18 42 3.1811836746075923
list:
dist: 3.1811836746075923 vs. 3.1811836746075923
--------
nle(id0,id1,dist): 18 41 3.0659299679391108
list:
dist: 3.0659299679391108 vs. 3.0659299679391108
--------
nle(id0,id1,dist): 18 44 3.572407915793286
list:
dist: 3.572407915793286 vs. 3.572407915793286
--------
nle(id0,id1,dist): 18 43 2.789458122364436
list:
dist: 2.789458122364436 vs. 2.789458122364436
--------
nle(id0,id1,dist): 18 46 4.337195656157188
list:
dist: 4.337195656157188 vs. 4.337195656157188
--------
nle(id0,id1,dist): 18 45 3.6488806335312454
list:
dist: 3.6488806335312454 vs. 3.6488806335312454
--------
nle(id0,id1,dist): 18 48 4.367845826809381
list:
dist: 4.367845826809381 vs. 4.367845826809381
--------
nle(id0,id1,dist): 18 47 4.579168274902845
list:
dist: 4.579168274902845 vs. 4.579168274902845
--------
nle(id0,id1,dist): 18 49 4.743605924770821
list:
dist: 4.743605924770821 vs. 4.743605924770821
--------
nle(id0,id1,dist): 18 52 3.447234569423926
list:
dist: 3.447234569423926 vs. 3.447234569423926
--------
nle(id0,id1,dist): 18 51 2.850932163500406
list:
dist: 2.850932163500406 vs. 2.850932163500406
--------
nle(id0,id1,dist): 18 54 4.032457646170978
list:
dist: 4.032457646170978 vs. 4.032457646170978
--------
nle(id0,id1,dist): 18 53 3.9794346311654865
list:
dist: 3.9794346311654865 vs. 3.9794346311654865
--------
nle(id0,id1,dist): 18 23 1.304531938349149
list:
dist: 1.304531938349149 vs. 1.304531938349149
--------
nle(id0,id1,dist): 18 24 0.9005277616022093
list:
dist: 0.9005277616022093 vs. 0.9005277616022093
--------
nle(id0,id1,dist): 18 25 2.4398103157069846
list:
dist: 2.4398103157069846 vs. 2.4398103157069846
--------
nle(id0,id1,dist): 18 26 2.396655398113186
list:
dist: 2.396655398113186 vs. 2.396655398113186
--------
nle(id0,id1,dist): 18 27 1.7122001679537477
list:
dist: 1.7122001679537477 vs. 1.7122001679537477
--------
nle(id0,id1,dist): 18 28 1.5487256684694422
list:
dist: 1.5487256684694422 vs. 1.5487256684694422
--------
nle(id0,id1,dist): 18 29 2.355189701290695
list:
dist: 2.355189701290695 vs. 2.355189701290695
--------
nle(id0,id1,dist): 18 30 2.7813509552394082
list:
dist: 2.7813509552394082 vs. 2.7813509552394082
--------
nle(id0,id1,dist): 18 31 3.1575609915532588
list:
dist: 3.1575609915532588 vs. 3.1575609915532588
--------
nle(id0,id1,dist): 18 32 3.441384613150821
list:
dist: 3.441384613150821 vs. 3.441384613150821
--------
nle(id0,id1,dist): 18 33 3.1417681994701034
list:
dist: 3.1417681994701034 vs. 3.1417681994701034
--------
nle(id0,id1,dist): 18 34 2.6182295110483373
list:
dist: 2.6182295110483373 vs. 2.6182295110483373
--------
nle(id0,id1,dist): 18 35 4.036432867317106
list:
dist: 4.036432867317106 vs. 4.036432867317106
--------
nle(id0,id1,dist): 18 36 2.786438410396414
list:
dist: 2.786438410396414 vs. 2.786438410396414
--------
nle(id0,id1,dist): 18 37 3.7172803464774256
list:
dist: 3.7172803464774256 vs. 3.7172803464774256
--------
nle(id0,id1,dist): 18 38 4.277094804828488
list:
dist: 4.277094804828488 vs. 4.277094804828488
--------
nle(id0,id1,dist): 29 37 2.7506161863278464
list:
dist: 2.7506161863278464 vs. 2.7506161863278464
--------
nle(id0,id1,dist): 29 52 2.6836967775755376
list:
dist: 2.6836967775755376 vs. 2.6836967775755376
--------
nle(id0,id1,dist): 29 51 2.2213236416030218
list:
dist: 2.2213236416030218 vs. 2.2213236416030218
--------
nle(id0,id1,dist): 30 42 2.4298697667806786
list:
dist: 2.4298697667806786 vs. 2.4298697667806786
--------
nle(id0,id1,dist): 30 41 1.8276077354302844
list:
dist: 1.8276077354302844 vs. 1.8276077354302844
--------
nle(id0,id1,dist): 30 40 3.217516150843555
list:
dist: 3.217516150843555 vs. 3.217516150843555
--------
nle(id0,id1,dist): 30 39 2.0789876306999737
list:
dist: 2.0789876306999737 vs. 2.0789876306999737
--------
nle(id0,id1,dist): 30 38 1.9902415512673706
list:
dist: 1.9902415512673706 vs. 1.9902415512673706
--------
nle(id0,id1,dist): 30 37 2.288512242950973
list:
dist: 2.288512242950973 vs. 2.288512242950973
--------
nle(id0,id1,dist): 30 36 1.0855090817437918
list:
dist: 1.0855090817437918 vs. 1.0855090817437918
--------
nle(id0,id1,dist): 30 35 2.5560391309454107
list:
dist: 2.5560391309454107 vs. 2.5560391309454107
--------
nle(id0,id1,dist): 30 34 1.298878786302111
list:
dist: 1.298878786302111 vs. 1.298878786302111
--------
nle(id0,id1,dist): 30 33 1.0728271759105927
list:
dist: 1.0728271759105927 vs. 1.0728271759105927
--------
nle(id0,id1,dist): 30 32 1.0925958631563717
list:
dist: 1.0925958631563717 vs. 1.0925958631563717
--------
nle(id0,id1,dist): 30 31 0.9760344794741034
list:
dist: 0.9760344794741034 vs. 0.9760344794741034
--------
nle(id0,id1,dist): 30 55 3.9706961096717857
list:
dist: 3.9706961096717857 vs. 3.9706961096717857
--------
nle(id0,id1,dist): 30 53 3.566975430450909
list:
dist: 3.566975430450909 vs. 3.566975430450909
--------
nle(id0,id1,dist): 30 54 3.64968177654158
list:
dist: 3.64968177654158 vs. 3.64968177654158
--------
nle(id0,id1,dist): 30 51 2.6920755651791506
list:
dist: 2.6920755651791506 vs. 2.6920755651791506
--------
nle(id0,id1,dist): 30 52 3.5498159661339757
list:
dist: 3.5498159661339757 vs. 3.5498159661339757
--------
nle(id0,id1,dist): 30 49 3.398876999675273
list:
dist: 3.398876999675273 vs. 3.398876999675273
--------
nle(id0,id1,dist): 30 47 3.4314325317207044
list:
dist: 3.4314325317207044 vs. 3.4314325317207044
--------
nle(id0,id1,dist): 30 48 3.431512013755427
list:
dist: 3.431512013755427 vs. 3.431512013755427
--------
nle(id0,id1,dist): 30 45 2.383505187789782
list:
dist: 2.383505187789782 vs. 2.383505187789782
--------
nle(id0,id1,dist): 30 46 3.333807154522907
list:
dist: 3.333807154522907 vs. 3.333807154522907
--------
nle(id0,id1,dist): 30 43 1.3345099566039298
list:
dist: 1.3345099566039298 vs. 1.3345099566039298
--------
nle(id0,id1,dist): 30 44 3.1052939516617513
list:
dist: 3.1052939516617513 vs. 3.1052939516617513
--------
nle(id0,id1,dist): 27 51 1.8433342797995589
list:
dist: 1.8433342797995589 vs. 1.8433342797995589
--------
nle(id0,id1,dist): 27 53 2.901753276295958
list:
dist: 2.901753276295958 vs. 2.901753276295958
--------
nle(id0,id1,dist): 27 52 2.6103825964369554
list:
dist: 2.6103825964369554 vs. 2.6103825964369554
--------
nle(id0,id1,dist): 27 55 3.335080411019837
list:
dist: 3.335080411019837 vs. 3.335080411019837
--------
nle(id0,id1,dist): 27 54 3.6368734711486286
list:
dist: 3.6368734711486286 vs. 3.6368734711486286
--------
nle(id0,id1,dist): 27 43 1.5707556379403917
list:
dist: 1.5707556379403917 vs. 1.5707556379403917
--------
nle(id0,id1,dist): 27 42 2.4480261117268696
list:
dist: 2.4480261117268696 vs. 2.4480261117268696
--------
nle(id0,id1,dist): 27 45 2.4981570650864304
list:
dist: 2.4981570650864304 vs. 2.4981570650864304
--------
nle(id0,id1,dist): 27 44 2.976984773558715
list:
dist: 2.976984773558715 vs. 2.976984773558715
--------
nle(id0,id1,dist): 27 47 3.572902143618105
list:
dist: 3.572902143618105 vs. 3.572902143618105
--------
nle(id0,id1,dist): 27 46 2.967065463235793
list:
dist: 2.967065463235793 vs. 2.967065463235793
--------
nle(id0,id1,dist): 27 49 3.711986710665378
list:
dist: 3.711986710665378 vs. 3.711986710665378
--------
nle(id0,id1,dist): 27 48 3.2554500948185936
list:
dist: 3.2554500948185936 vs. 3.2554500948185936
--------
nle(id0,id1,dist): 28 29 1.7956831529338833
list:
dist: 1.7956831529338833 vs. 1.7956831529338833
--------
nle(id0,id1,dist): 28 30 2.053873435088953
list:
dist: 2.053873435088953 vs. 2.053873435088953
--------
nle(id0,id1,dist): 28 31 2.033967799471852
list:
dist: 2.033967799471852 vs. 2.033967799471852
--------
nle(id0,id1,dist): 28 32 2.267994263335039
list:
dist: 2.267994263335039 vs. 2.267994263335039
--------
nle(id0,id1,dist): 28 33 2.000813967799798
list:
dist: 2.000813967799798 vs. 2.000813967799798
--------
nle(id0,id1,dist): 28 34 1.4449722600587425
list:
dist: 1.4449722600587425 vs. 1.4449722600587425
--------
nle(id0,id1,dist): 28 35 2.510978772857603
list:
dist: 2.510978772857603 vs. 2.510978772857603
--------
nle(id0,id1,dist): 28 36 1.579469332443483
list:
dist: 1.579469332443483 vs. 1.579469332443483
--------
nle(id0,id1,dist): 28 48 2.853862210188596
list:
dist: 2.853862210188596 vs. 2.853862210188596
--------
nle(id0,id1,dist): 28 47 3.0949912959854644
list:
dist: 3.0949912959854644 vs. 3.0949912959854644
--------
nle(id0,id1,dist): 28 46 2.7948958951200864
list:
dist: 2.7948958951200864 vs. 2.7948958951200864
--------
nle(id0,id1,dist): 28 45 2.1273379755991875
list:
dist: 2.1273379755991875 vs. 2.1273379755991875
--------
nle(id0,id1,dist): 28 52 2.125245223130966
list:
dist: 2.125245223130966 vs. 2.125245223130966
--------
nle(id0,id1,dist): 28 51 1.3696741328024709
list:
dist: 1.3696741328024709 vs. 1.3696741328024709
--------
nle(id0,id1,dist): 28 49 3.2565613764209305
list:
dist: 3.2565613764209305 vs. 3.2565613764209305
--------
nle(id0,id1,dist): 28 40 1.920797200321466
list:
dist: 1.920797200321466 vs. 1.920797200321466
--------
nle(id0,id1,dist): 28 39 2.7318926313750707
list:
dist: 2.7318926313750707 vs. 2.7318926313750707
--------
nle(id0,id1,dist): 28 38 2.9431822125156892
list:
dist: 2.9431822125156892 vs. 2.9431822125156892
--------
nle(id0,id1,dist): 28 37 2.258911864828202
list:
dist: 2.258911864828202 vs. 2.258911864828202
--------
nle(id0,id1,dist): 28 44 2.2679051219452653
list:
dist: 2.2679051219452653 vs. 2.2679051219452653
--------
nle(id0,id1,dist): 28 43 1.4404536038534124
list:
dist: 1.4404536038534124 vs. 1.4404536038534124
--------
nle(id0,id1,dist): 28 42 1.78252634822175
list:
dist: 1.78252634822175 vs. 1.78252634822175
--------
nle(id0,id1,dist): 28 41 1.5758463559552636
list:
dist: 1.5758463559552636 vs. 1.5758463559552636
--------
nle(id0,id1,dist): 28 55 3.14469917358267
list:
dist: 3.14469917358267 vs. 3.14469917358267
--------
nle(id0,id1,dist): 28 53 2.5187290286701396
list:
dist: 2.5187290286701396 vs. 2.5187290286701396
--------
nle(id0,id1,dist): 28 54 2.8718719872875487
list:
dist: 2.8718719872875487 vs. 2.8718719872875487
--------
nle(id0,id1,dist): 25 52 2.677896284050505
list:
dist: 2.677896284050505 vs. 2.677896284050505
--------
nle(id0,id1,dist): 26 27 1.305066730956012
list:
dist: 1.305066730956012 vs. 1.305066730956012
--------
nle(id0,id1,dist): 26 28 2.172536788030828
list:
dist: 2.172536788030828 vs. 2.172536788030828
--------
nle(id0,id1,dist): 26 29 1.1133489247457187
list:
dist: 1.1133489247457187 vs. 1.1133489247457187
--------
nle(id0,id1,dist): 26 37 2.966798018011236
list:
dist: 2.966798018011236 vs. 2.966798018011236
--------
nle(id0,id1,dist): 26 51 2.938873005720112
list:
dist: 2.938873005720112 vs. 2.938873005720112
--------
nle(id0,id1,dist): 26 52 3.5872321822456277
list:
dist: 3.5872321822456277 vs. 3.5872321822456277
--------
nle(id0,id1,dist): 27 33 1.9480347971288523
list:
dist: 1.9480347971288523 vs. 1.9480347971288523
--------
nle(id0,id1,dist): 27 32 2.349818423498121
list:
dist: 2.349818423498121 vs. 2.349818423498121
--------
nle(id0,id1,dist): 27 31 2.416851314908032
list:
dist: 2.416851314908032 vs. 2.416851314908032
--------
nle(id0,id1,dist): 27 30 2.211159231191518
list:
dist: 2.211159231191518 vs. 2.211159231191518
--------
nle(id0,id1,dist): 27 29 1.2124594656295657
list:
dist: 1.2124594656295657 vs. 1.2124594656295657
--------
nle(id0,id1,dist): 27 28 0.8910482341243386
list:
dist: 0.8910482341243386 vs. 0.8910482341243386
--------
nle(id0,id1,dist): 27 41 1.9436498872702925
list:
dist: 1.9436498872702925 vs. 1.9436498872702925
--------
nle(id0,id1,dist): 27 40 2.726064124413295
list:
dist: 2.726064124413295 vs. 2.726064124413295
--------
nle(id0,id1,dist): 27 39 3.219941887362728
list:
dist: 3.219941887362728 vs. 3.219941887362728
--------
nle(id0,id1,dist): 27 38 3.1418535824297944
list:
dist: 3.1418535824297944 vs. 3.1418535824297944
--------
nle(id0,id1,dist): 27 37 2.2125625570267755
list:
dist: 2.2125625570267755 vs. 2.2125625570267755
--------
nle(id0,id1,dist): 27 36 1.6021628503683116
list:
dist: 1.6021628503683116 vs. 1.6021628503683116
--------
nle(id0,id1,dist): 27 35 2.738250362043341
list:
dist: 2.738250362043341 vs. 2.738250362043341
--------
nle(id0,id1,dist): 27 34 2.040014992308732
list:
dist: 2.040014992308732 vs. 2.040014992308732
--------
nle(id0,id1,dist): 24 25 1.8142989928166857
list:
dist: 1.8142989928166857 vs. 1.8142989928166857
--------
nle(id0,id1,dist): 24 26 1.5199018773595874
list:
dist: 1.5199018773595874 vs. 1.5199018773595874
--------
nle(id0,id1,dist): 24 27 1.1850584235904587
list:
dist: 1.1850584235904587 vs. 1.1850584235904587
--------
nle(id0,id1,dist): 24 28 1.5057116439974048
list:
dist: 1.5057116439974048 vs. 1.5057116439974048
--------
nle(id0,id1,dist): 24 29 1.6103657562097862
list:
dist: 1.6103657562097862 vs. 1.6103657562097862
--------
nle(id0,id1,dist): 24 30 2.8540535301104613
list:
dist: 2.8540535301104613 vs. 2.8540535301104613
--------
nle(id0,id1,dist): 24 31 3.254526811781953
list:
dist: 3.254526811781953 vs. 3.254526811781953
--------
nle(id0,id1,dist): 24 32 3.32833275674918
list:
dist: 3.32833275674918 vs. 3.32833275674918
--------
nle(id0,id1,dist): 24 33 2.942958305837873
list:
dist: 2.942958305837873 vs. 2.942958305837873
--------
nle(id0,id1,dist): 24 34 2.7921310393375567
list:
dist: 2.7921310393375567 vs. 2.7921310393375567
--------
nle(id0,id1,dist): 24 35 3.8614771686120197
list:
dist: 3.8614771686120197 vs. 3.8614771686120197
--------
nle(id0,id1,dist): 24 36 2.6086076164573773
list:
dist: 2.6086076164573773 vs. 2.6086076164573773
--------
nle(id0,id1,dist): 24 37 3.389562743224623
list:
dist: 3.389562743224623 vs. 3.389562743224623
--------
nle(id0,id1,dist): 24 38 4.193626384247022
list:
dist: 4.193626384247022 vs. 4.193626384247022
--------
nle(id0,id1,dist): 24 39 4.141313755754157
list:
dist: 4.141313755754157 vs. 4.141313755754157
--------
nle(id0,id1,dist): 24 40 3.2177500319288077
list:
dist: 3.2177500319288077 vs. 3.2177500319288077
--------
nle(id0,id1,dist): 24 42 3.286398474654984
list:
dist: 3.286398474654984 vs. 3.286398474654984
--------
nle(id0,id1,dist): 24 41 2.9802572885088225
list:
dist: 2.9802572885088225 vs. 2.9802572885088225
--------
nle(id0,id1,dist): 24 44 3.728034401171106
list:
dist: 3.728034401171106 vs. 3.728034401171106
--------
nle(id0,id1,dist): 24 43 2.623772653874075
list:
dist: 2.623772653874075 vs. 2.623772653874075
--------
nle(id0,id1,dist): 24 46 4.076057486100054
list:
dist: 4.076057486100054 vs. 4.076057486100054
--------
nle(id0,id1,dist): 24 45 3.555590065113958
list:
dist: 3.555590065113958 vs. 3.555590065113958
--------
nle(id0,id1,dist): 24 48 4.269086762411868
list:
dist: 4.269086762411868 vs. 4.269086762411868
--------
nle(id0,id1,dist): 24 47 4.564930170487048
list:
dist: 4.564930170487048 vs. 4.564930170487048
--------
nle(id0,id1,dist): 24 49 4.728967800735152
list:
dist: 4.728967800735152 vs. 4.728967800735152
--------
nle(id0,id1,dist): 24 52 3.3694850940151397
list:
dist: 3.3694850940151397 vs. 3.3694850940151397
--------
nle(id0,id1,dist): 24 51 2.736611980459918
list:
dist: 2.736611980459918 vs. 2.736611980459918
--------
nle(id0,id1,dist): 24 54 4.289417051108086
list:
dist: 4.289417051108086 vs. 4.289417051108086
--------
nle(id0,id1,dist): 24 53 3.8356459644176804
list:
dist: 3.8356459644176804 vs. 3.8356459644176804
--------
nle(id0,id1,dist): 24 55 4.372724482065041
list:
dist: 4.372724482065041 vs. 4.372724482065041
--------
nle(id0,id1,dist): 25 26 1.7102104761618295
list:
dist: 1.7102104761618295 vs. 1.7102104761618295
--------
nle(id0,id1,dist): 25 27 1.7430831533254738
list:
dist: 1.7430831533254738 vs. 1.7430831533254738
--------
nle(id0,id1,dist): 25 28 2.085940836669342
list:
dist: 2.085940836669342 vs. 2.085940836669342
--------
nle(id0,id1,dist): 25 29 0.7259522000506657
list:
dist: 0.7259522000506657 vs. 0.7259522000506657
--------
nle(id0,id1,dist): 25 37 3.2894539344853326
list:
dist: 3.2894539344853326 vs. 3.2894539344853326
--------
nle(id0,id1,dist): 25 51 2.4204309776359674
list:
dist: 2.4204309776359674 vs. 2.4204309776359674
--------
nle(id0,id1,dist): 62 79 3.2287720719689808
list:
dist: 3.2287720719689808 vs. 3.2287720719689808
--------
nle(id0,id1,dist): 62 80 3.1202372425612865
list:
dist: 3.1202372425612865 vs. 3.1202372425612865
--------
nle(id0,id1,dist): 62 81 3.1548459026651225
list:
dist: 3.1548459026651225 vs. 3.1548459026651225
--------
nle(id0,id1,dist): 62 75 2.832835992678937
list:
dist: 2.832835992678937 vs. 2.832835992678937
--------
nle(id0,id1,dist): 62 76 2.8844879765695937
list:
dist: 2.8844879765695937 vs. 2.8844879765695937
--------
nle(id0,id1,dist): 62 78 3.810700841492058
list:
dist: 3.810700841492058 vs. 3.810700841492058
--------
nle(id0,id1,dist): 61 126 2.7587432186657526
list:
dist: 2.7587432186657526 vs. 2.7587432186657526
--------
nle(id0,id1,dist): 62 90 3.52556610845856
list:
dist: 3.52556610845856 vs. 3.52556610845856
--------
nle(id0,id1,dist): 62 83 3.230460221753475
list:
dist: 3.230460221753475 vs. 3.230460221753475
--------
nle(id0,id1,dist): 61 120 3.354488825851992
list:
dist: 3.354488825851992 vs. 3.354488825851992
--------
nle(id0,id1,dist): 61 121 3.2724133983251265
list:
dist: 3.2724133983251265 vs. 3.2724133983251265
--------
nle(id0,id1,dist): 61 122 3.070194934966266
list:
dist: 3.070194934966266 vs. 3.070194934966266
--------
nle(id0,id1,dist): 62 64 1.387333264597627
list:
dist: 1.387333264597627 vs. 1.387333264597627
--------
nle(id0,id1,dist): 62 63 1.8692094979056892
list:
dist: 1.8692094979056892 vs. 1.8692094979056892
--------
nle(id0,id1,dist): 61 100 4.88153909826862
list:
dist: 4.88153909826862 vs. 4.88153909826862
--------
nle(id0,id1,dist): 62 66 2.2781483071506297
list:
dist: 2.2781483071506297 vs. 2.2781483071506297
--------
nle(id0,id1,dist): 62 65 1.7303635533620176
list:
dist: 1.7303635533620176 vs. 1.7303635533620176
--------
nle(id0,id1,dist): 61 102 5.478728608739632
list:
dist: 5.478728608739632 vs. 5.478728608739632
--------
nle(id0,id1,dist): 61 97 4.02113688258728
list:
dist: 4.02113688258728 vs. 4.02113688258728
--------
nle(id0,id1,dist): 61 96 3.447832524390333
list:
dist: 3.447832524390333 vs. 3.447832524390333
--------
nle(id0,id1,dist): 61 99 4.572528096879104
list:
dist: 4.572528096879104 vs. 4.572528096879104
--------
nle(id0,id1,dist): 61 98 4.307261090040327
list:
dist: 4.307261090040327 vs. 4.307261090040327
--------
nle(id0,id1,dist): 60 135 3.513261866709747
list:
dist: 3.513261866709747 vs. 3.513261866709747
--------
nle(id0,id1,dist): 62 72 2.0344176896424804
list:
dist: 2.0344176896424804 vs. 2.0344176896424804
--------
nle(id0,id1,dist): 62 71 1.687605677852953
list:
dist: 1.687605677852953 vs. 1.687605677852953
--------
nle(id0,id1,dist): 62 74 2.2060622561300476
list:
dist: 2.2060622561300476 vs. 2.2060622561300476
--------
nle(id0,id1,dist): 62 73 2.5514491786901883
list:
dist: 2.5514491786901883 vs. 2.5514491786901883
--------
nle(id0,id1,dist): 62 68 2.1468203809490247
list:
dist: 2.1468203809490247 vs. 2.1468203809490247
--------
nle(id0,id1,dist): 61 105 4.860764243040926
list:
dist: 4.860764243040926 vs. 4.860764243040926
--------
nle(id0,id1,dist): 62 67 2.755025011280279
list:
dist: 2.755025011280279 vs. 2.755025011280279
--------
nle(id0,id1,dist): 62 70 1.8827764185746358
list:
dist: 1.8827764185746358 vs. 1.8827764185746358
--------
nle(id0,id1,dist): 62 69 2.443354140255165
list:
dist: 2.443354140255165 vs. 2.443354140255165
--------
nle(id0,id1,dist): 60 121 2.3665543016835517
list:
dist: 2.3665543016835517 vs. 2.3665543016835517
--------
nle(id0,id1,dist): 60 122 2.4122898957860723
list:
dist: 2.4122898957860723 vs. 2.4122898957860723
--------
nle(id0,id1,dist): 61 83 2.262550978413153
list:
dist: 2.262550978413153 vs. 2.262550978413153
--------
nle(id0,id1,dist): 60 120 2.3827168535668544
list:
dist: 2.3827168535668544 vs. 2.3827168535668544
--------
nle(id0,id1,dist): 61 80 2.1615480494909893
list:
dist: 2.1615480494909893 vs. 2.1615480494909893
--------
nle(id0,id1,dist): 61 81 1.930786455992039
list:
dist: 1.930786455992039 vs. 1.930786455992039
--------
nle(id0,id1,dist): 61 94 4.485285106605934
list:
dist: 4.485285106605934 vs. 4.485285106605934
--------
nle(id0,id1,dist): 61 95 3.9741057642335225
list:
dist: 3.9741057642335225 vs. 3.9741057642335225
--------
nle(id0,id1,dist): 61 92 4.470767429743311
list:
dist: 4.470767429743311 vs. 4.470767429743311
--------
nle(id0,id1,dist): 60 130 3.123177634473018
list:
dist: 3.123177634473018 vs. 3.123177634473018
--------
nle(id0,id1,dist): 61 93 4.850027016073982
list:
dist: 4.850027016073982 vs. 4.850027016073982
--------
nle(id0,id1,dist): 61 90 4.597333261148463
list:
dist: 4.597333261148463 vs. 4.597333261148463
--------
nle(id0,id1,dist): 61 91 4.803511856461664
list:
dist: 4.803511856461664 vs. 4.803511856461664
--------
nle(id0,id1,dist): 60 126 2.440265916493333
list:
dist: 2.440265916493333 vs. 2.440265916493333
--------
nle(id0,id1,dist): 61 71 0.9646363295344865
list:
dist: 0.9646363295344865 vs. 0.9646363295344865
--------
nle(id0,id1,dist): 61 70 1.772102635771192
list:
dist: 1.772102635771192 vs. 1.772102635771192
--------
nle(id0,id1,dist): 61 69 1.0875995531194322
list:
dist: 1.0875995531194322 vs. 1.0875995531194322
--------
nle(id0,id1,dist): 61 68 1.061920005416156
list:
dist: 1.061920005416156 vs. 1.061920005416156
--------
nle(id0,id1,dist): 61 67 1.5332158284677415
list:
dist: 1.5332158284677415 vs. 1.5332158284677415
--------
nle(id0,id1,dist): 61 66 1.479345928644822
list:
dist: 1.479345928644822 vs. 1.479345928644822
--------
nle(id0,id1,dist): 61 65 1.2504128564448413
list:
dist: 1.2504128564448413 vs. 1.2504128564448413
--------
nle(id0,id1,dist): 61 64 1.4713040519601595
list:
dist: 1.4713040519601595 vs. 1.4713040519601595
--------
nle(id0,id1,dist): 61 79 1.823553225133376
list:
dist: 1.823553225133376 vs. 1.823553225133376
--------
nle(id0,id1,dist): 61 78 2.41021857450402
list:
dist: 2.41021857450402 vs. 2.41021857450402
--------
nle(id0,id1,dist): 61 76 1.5890438389522685
list:
dist: 1.5890438389522685 vs. 1.5890438389522685
--------
nle(id0,id1,dist): 61 75 1.5259916945635683
list:
dist: 1.5259916945635683 vs. 1.5259916945635683
--------
nle(id0,id1,dist): 61 74 1.17367476372519
list:
dist: 1.17367476372519 vs. 1.17367476372519
--------
nle(id0,id1,dist): 61 73 1.1833282233000597
list:
dist: 1.1833282233000597 vs. 1.1833282233000597
--------
nle(id0,id1,dist): 61 72 1.2960863865624026
list:
dist: 1.2960863865624026 vs. 1.2960863865624026
--------
nle(id0,id1,dist): 64 65 2.186941071733175
list:
dist: 2.186941071733175 vs. 2.186941071733175
--------
nle(id0,id1,dist): 63 102 5.640308692220393
list:
dist: 5.640308692220393 vs. 5.640308692220393
--------
nle(id0,id1,dist): 64 66 1.2628429199275808
list:
dist: 1.2628429199275808 vs. 1.2628429199275808
--------
nle(id0,id1,dist): 64 67 2.1522962424716545
list:
dist: 2.1522962424716545 vs. 2.1522962424716545
--------
nle(id0,id1,dist): 64 68 1.7604873452989036
list:
dist: 1.7604873452989036 vs. 1.7604873452989036
--------
nle(id0,id1,dist): 63 105 4.878953566212044
list:
dist: 4.878953566212044 vs. 4.878953566212044
--------
nle(id0,id1,dist): 64 70 1.4993995388388488
list:
dist: 1.4993995388388488 vs. 1.4993995388388488
--------
nle(id0,id1,dist): 64 71 0.8237612346868787
list:
dist: 0.8237612346868787 vs. 0.8237612346868787
--------
nle(id0,id1,dist): 64 72 1.1463165859059008
list:
dist: 1.1463165859059008 vs. 1.1463165859059008
--------
nle(id0,id1,dist): 64 73 2.08500131680857
list:
dist: 2.08500131680857 vs. 2.08500131680857
--------
nle(id0,id1,dist): 64 74 1.3009685499210666
list:
dist: 1.3009685499210666 vs. 1.3009685499210666
--------
nle(id0,id1,dist): 64 75 2.1339618985840616
list:
dist: 2.1339618985840616 vs. 2.1339618985840616
--------
nle(id0,id1,dist): 64 76 2.0898099187048826
list:
dist: 2.0898099187048826 vs. 2.0898099187048826
--------
nle(id0,id1,dist): 64 79 2.6115339410576897
list:
dist: 2.6115339410576897 vs. 2.6115339410576897
--------
nle(id0,id1,dist): 64 80 2.073239145592742
list:
dist: 2.073239145592742 vs. 2.073239145592742
--------
nle(id0,id1,dist): 62 126 3.3340197876243787
list:
dist: 3.3340197876243787 vs. 3.3340197876243787
--------
nle(id0,id1,dist): 63 91 4.999607362516241
list:
dist: 4.999607362516241 vs. 4.999607362516241
--------
nle(id0,id1,dist): 63 90 4.800863491616189
list:
dist: 4.800863491616189 vs. 4.800863491616189
--------
nle(id0,id1,dist): 62 130 4.002687103810814
list:
dist: 4.002687103810814 vs. 4.002687103810814
--------
nle(id0,id1,dist): 63 93 4.946675425267014
list:
dist: 4.946675425267014 vs. 4.946675425267014
--------
nle(id0,id1,dist): 63 92 4.641703317227919
list:
dist: 4.641703317227919 vs. 4.641703317227919
--------
nle(id0,id1,dist): 63 95 4.1090015620384115
list:
dist: 4.1090015620384115 vs. 4.1090015620384115
--------
nle(id0,id1,dist): 63 94 4.631861077773649
list:
dist: 4.631861077773649 vs. 4.631861077773649
--------
nle(id0,id1,dist): 63 97 4.098443037310644
list:
dist: 4.098443037310644 vs. 4.098443037310644
--------
nle(id0,id1,dist): 63 96 3.5263595764137285
list:
dist: 3.5263595764137285 vs. 3.5263595764137285
--------
nle(id0,id1,dist): 63 99 4.605663786742639
list:
dist: 4.605663786742639 vs. 4.605663786742639
--------
nle(id0,id1,dist): 62 135 3.9674194228061563
list:
dist: 3.9674194228061563 vs. 3.9674194228061563
--------
nle(id0,id1,dist): 63 98 4.3316444060349015
list:
dist: 4.3316444060349015 vs. 4.3316444060349015
--------
nle(id0,id1,dist): 63 100 4.949135727129241
list:
dist: 4.949135727129241 vs. 4.949135727129241
--------
nle(id0,id1,dist): 63 72 1.6532005244769663
list:
dist: 1.6532005244769663 vs. 1.6532005244769663
--------
nle(id0,id1,dist): 63 73 1.1348610729698436
list:
dist: 1.1348610729698436 vs. 1.1348610729698436
--------
nle(id0,id1,dist): 63 70 2.22590245381348
list:
dist: 2.22590245381348 vs. 2.22590245381348
--------
nle(id0,id1,dist): 63 71 1.3530166316453067
list:
dist: 1.3530166316453067 vs. 1.3530166316453067
--------
nle(id0,id1,dist): 63 76 1.5112647537548565
list:
dist: 1.5112647537548565 vs. 1.5112647537548565
--------
nle(id0,id1,dist): 63 74 1.382289926214959
list:
dist: 1.382289926214959 vs. 1.382289926214959
--------
nle(id0,id1,dist): 63 75 1.3621182308091504
list:
dist: 1.3621182308091504 vs. 1.3621182308091504
--------
nle(id0,id1,dist): 63 80 2.3343693611195144
list:
dist: 2.3343693611195144 vs. 2.3343693611195144
--------
nle(id0,id1,dist): 63 81 1.9433918339055016
list:
dist: 1.9433918339055016 vs. 1.9433918339055016
--------
nle(id0,id1,dist): 63 78 2.123031176015303
list:
dist: 2.123031176015303 vs. 2.123031176015303
--------
nle(id0,id1,dist): 63 79 1.6473483132920208
list:
dist: 1.6473483132920208 vs. 1.6473483132920208
--------
nle(id0,id1,dist): 62 121 3.296760695256109
list:
dist: 3.296760695256109 vs. 3.296760695256109
--------
nle(id0,id1,dist): 62 122 3.096906669553279
list:
dist: 3.096906669553279 vs. 3.096906669553279
--------
nle(id0,id1,dist): 63 83 2.427123199558527
list:
dist: 2.427123199558527 vs. 2.427123199558527
--------
nle(id0,id1,dist): 62 120 3.3094427134790347
list:
dist: 3.3094427134790347 vs. 3.3094427134790347
--------
nle(id0,id1,dist): 62 94 3.5257629382491302
list:
dist: 3.5257629382491302 vs. 3.5257629382491302
--------
nle(id0,id1,dist): 62 93 4.078946512139552
list:
dist: 4.078946512139552 vs. 4.078946512139552
--------
nle(id0,id1,dist): 61 130 3.930636661604947
list:
dist: 3.930636661604947 vs. 3.930636661604947
--------
nle(id0,id1,dist): 62 92 3.6662393068376735
list:
dist: 3.6662393068376735 vs. 3.6662393068376735
--------
nle(id0,id1,dist): 62 91 3.860466196605532
list:
dist: 3.860466196605532 vs. 3.860466196605532
--------
nle(id0,id1,dist): 62 98 3.7885247679426595
list:
dist: 3.7885247679426595 vs. 3.7885247679426595
--------
nle(id0,id1,dist): 61 135 3.732010168465457
list:
dist: 3.732010168465457 vs. 3.732010168465457
--------
nle(id0,id1,dist): 62 97 3.5305577636119274
list:
dist: 3.5305577636119274 vs. 3.5305577636119274
--------
nle(id0,id1,dist): 62 96 2.8214334318251857
list:
dist: 2.8214334318251857 vs. 2.8214334318251857
--------
nle(id0,id1,dist): 62 95 3.2397061774066227
list:
dist: 3.2397061774066227 vs. 3.2397061774066227
--------
nle(id0,id1,dist): 62 102 4.577548908632687
list:
dist: 4.577548908632687 vs. 4.577548908632687
--------
nle(id0,id1,dist): 63 65 1.4840792991184977
list:
dist: 1.4840792991184977 vs. 1.4840792991184977
--------
nle(id0,id1,dist): 63 64 1.9176052852012133
list:
dist: 1.9176052852012133 vs. 1.9176052852012133
--------
nle(id0,id1,dist): 62 100 4.281310777729114
list:
dist: 4.281310777729114 vs. 4.281310777729114
--------
nle(id0,id1,dist): 62 99 4.02554068684311
list:
dist: 4.02554068684311 vs. 4.02554068684311
--------
nle(id0,id1,dist): 63 69 0.6390938913467011
list:
dist: 0.6390938913467011 vs. 0.6390938913467011
--------
nle(id0,id1,dist): 62 105 4.296636035051406
list:
dist: 4.296636035051406 vs. 4.296636035051406
--------
nle(id0,id1,dist): 63 68 0.9135988977756516
list:
dist: 0.9135988977756516 vs. 0.9135988977756516
--------
nle(id0,id1,dist): 63 67 1.3178280800004705
list:
dist: 1.3178280800004705 vs. 1.3178280800004705
--------
nle(id0,id1,dist): 63 66 1.6226628471306455
list:
dist: 1.6226628471306455 vs. 1.6226628471306455
--------
nle(id0,id1,dist): 58 81 3.919219484671107
list:
dist: 3.919219484671107 vs. 3.919219484671107
--------
nle(id0,id1,dist): 58 70 4.269713376950698
list:
dist: 4.269713376950698 vs. 4.269713376950698
--------
nle(id0,id1,dist): 58 65 3.4440322772317735
list:
dist: 3.4440322772317735 vs. 3.4440322772317735
--------
nle(id0,id1,dist): 58 59 1.1256507882233557
list:
dist: 1.1256507882233557 vs. 1.1256507882233557
--------
nle(id0,id1,dist): 58 60 4.530645789265425
list:
dist: 4.530645789265425 vs. 4.530645789265425
--------
nle(id0,id1,dist): 61 63 0.5135450300226768
list:
dist: 0.5135450300226768 vs. 0.5135450300226768
--------
nle(id0,id1,dist): 61 62 1.457249011914865
list:
dist: 1.457249011914865 vs. 1.457249011914865
--------
nle(id0,id1,dist): 60 78 3.523410013593527
list:
dist: 3.523410013593527 vs. 3.523410013593527
--------
nle(id0,id1,dist): 60 79 2.7605545914068284
list:
dist: 2.7605545914068284 vs. 2.7605545914068284
--------
nle(id0,id1,dist): 60 80 2.242046581350371
list:
dist: 2.242046581350371 vs. 2.242046581350371
--------
nle(id0,id1,dist): 60 81 2.3736960794297115
list:
dist: 2.3736960794297115 vs. 2.3736960794297115
--------
nle(id0,id1,dist): 60 83 2.3228213899541017
list:
dist: 2.3228213899541017 vs. 2.3228213899541017
--------
nle(id0,id1,dist): 60 69 2.5511742312028147
list:
dist: 2.5511742312028147 vs. 2.5511742312028147
--------
nle(id0,id1,dist): 60 70 0.6308912950110903
list:
dist: 0.6308912950110903 vs. 0.6308912950110903
--------
nle(id0,id1,dist): 60 71 1.2086580549223362
list:
dist: 1.2086580549223362 vs. 1.2086580549223362
--------
nle(id0,id1,dist): 60 72 1.2152172742410159
list:
dist: 1.2152172742410159 vs. 1.2152172742410159
--------
nle(id0,id1,dist): 60 73 2.0635048683585118
list:
dist: 2.0635048683585118 vs. 2.0635048683585118
--------
nle(id0,id1,dist): 60 74 1.6960586915248579
list:
dist: 1.6960586915248579 vs. 1.6960586915248579
--------
nle(id0,id1,dist): 60 75 2.6169770918146944
list:
dist: 2.6169770918146944 vs. 2.6169770918146944
--------
nle(id0,id1,dist): 60 76 2.486531425924207
list:
dist: 2.486531425924207 vs. 2.486531425924207
--------
nle(id0,id1,dist): 60 64 1.1544768412668556
list:
dist: 1.1544768412668556 vs. 1.1544768412668556
--------
nle(id0,id1,dist): 60 63 2.007672689918892
list:
dist: 2.007672689918892 vs. 2.007672689918892
--------
nle(id0,id1,dist): 60 62 1.2638172315168856
list:
dist: 1.2638172315168856 vs. 1.2638172315168856
--------
nle(id0,id1,dist): 60 61 1.5051778958656146
list:
dist: 1.5051778958656146 vs. 1.5051778958656146
--------
nle(id0,id1,dist): 60 68 2.345871785680923
list:
dist: 2.345871785680923 vs. 2.345871785680923
--------
nle(id0,id1,dist): 60 67 2.7483828245247643
list:
dist: 2.7483828245247643 vs. 2.7483828245247643
--------
nle(id0,id1,dist): 60 66 2.1262342807135077
list:
dist: 2.1262342807135077 vs. 2.1262342807135077
--------
nle(id0,id1,dist): 60 65 1.4163589567426298
list:
dist: 1.4163589567426298 vs. 1.4163589567426298
--------
nle(id0,id1,dist): 67 137 3.2267277978290223
list:
dist: 3.2267277978290223 vs. 3.2267277978290223
--------
nle(id0,id1,dist): 67 136 2.7101780846424854
list:
dist: 2.7101780846424854 vs. 2.7101780846424854
--------
nle(id0,id1,dist): 67 135 3.2767902314706974
list:
dist: 3.2767902314706974 vs. 3.2767902314706974
--------
nle(id0,id1,dist): 67 134 4.081615238525834
list:
dist: 4.081615238525834 vs. 4.081615238525834
--------
nle(id0,id1,dist): 67 133 3.307450598438082
list:
dist: 3.307450598438082 vs. 3.307450598438082
--------
nle(id0,id1,dist): 67 132 3.460830365412734
list:
dist: 3.460830365412734 vs. 3.460830365412734
--------
nle(id0,id1,dist): 67 131 3.9796797111159283
list:
dist: 3.9796797111159283 vs. 3.9796797111159283
--------
nle(id0,id1,dist): 67 130 4.010676430007646
list:
dist: 4.010676430007646 vs. 4.010676430007646
--------
nle(id0,id1,dist): 69 71 1.669640542355408
list:
dist: 1.669640542355408 vs. 1.669640542355408
--------
nle(id0,id1,dist): 67 144 3.648642328831317
list:
dist: 3.648642328831317 vs. 3.648642328831317
--------
nle(id0,id1,dist): 69 70 2.7027049393295313
list:
dist: 2.7027049393295313 vs. 2.7027049393295313
--------
nle(id0,id1,dist): 67 143 3.995384291119904
list:
dist: 3.995384291119904 vs. 3.995384291119904
--------
nle(id0,id1,dist): 67 141 4.186565018601223
list:
dist: 4.186565018601223 vs. 4.186565018601223
--------
nle(id0,id1,dist): 67 140 4.109638389484717
list:
dist: 4.109638389484717 vs. 4.109638389484717
--------
nle(id0,id1,dist): 67 139 3.5791895244181045
list:
dist: 3.5791895244181045 vs. 3.5791895244181045
--------
nle(id0,id1,dist): 67 138 2.730317896281479
list:
dist: 2.730317896281479 vs. 2.730317896281479
--------
nle(id0,id1,dist): 69 78 1.6022859071364386
list:
dist: 1.6022859071364386 vs. 1.6022859071364386
--------
nle(id0,id1,dist): 69 79 1.3669412536918952
list:
dist: 1.3669412536918952 vs. 1.3669412536918952
--------
nle(id0,id1,dist): 69 76 1.2662648847991964
list:
dist: 1.2662648847991964 vs. 1.2662648847991964
--------
nle(id0,id1,dist): 69 77 2.360811369552086
list:
dist: 2.360811369552086 vs. 2.360811369552086
--------
nle(id0,id1,dist): 69 74 1.4949875165648847
list:
dist: 1.4949875165648847 vs. 1.4949875165648847
--------
nle(id0,id1,dist): 67 148 3.789531780895192
list:
dist: 3.789531780895192 vs. 3.789531780895192
--------
nle(id0,id1,dist): 69 75 1.0016195028335004
list:
dist: 1.0016195028335004 vs. 1.0016195028335004
--------
nle(id0,id1,dist): 69 72 1.9394157661153186
list:
dist: 1.9394157661153186 vs. 1.9394157661153186
--------
nle(id0,id1,dist): 67 146 3.7812434090975837
list:
dist: 3.7812434090975837 vs. 3.7812434090975837
--------
nle(id0,id1,dist): 69 73 1.1663117778886554
list:
dist: 1.1663117778886554 vs. 1.1663117778886554
--------
nle(id0,id1,dist): 69 86 2.499592730525062
list:
dist: 2.499592730525062 vs. 2.499592730525062
--------
nle(id0,id1,dist): 69 87 3.111019640377309
list:
dist: 3.111019640377309 vs. 3.111019640377309
--------
nle(id0,id1,dist): 68 124 3.9357969761624267
list:
dist: 3.9357969761624267 vs. 3.9357969761624267
--------
nle(id0,id1,dist): 68 121 3.503420549603923
list:
dist: 3.503420549603923 vs. 3.503420549603923
--------
nle(id0,id1,dist): 69 85 2.643674261731145
list:
dist: 2.643674261731145 vs. 2.643674261731145
--------
nle(id0,id1,dist): 68 122 3.107677458713822
list:
dist: 3.107677458713822 vs. 3.107677458713822
--------
nle(id0,id1,dist): 69 82 2.064256460403668
list:
dist: 2.064256460403668 vs. 2.064256460403668
--------
nle(id0,id1,dist): 69 83 2.443850482326064
list:
dist: 2.443850482326064 vs. 2.443850482326064
--------
nle(id0,id1,dist): 68 120 3.6152357783305313
list:
dist: 3.6152357783305313 vs. 3.6152357783305313
--------
nle(id0,id1,dist): 69 80 2.355381017778687
list:
dist: 2.355381017778687 vs. 2.355381017778687
--------
nle(id0,id1,dist): 69 81 1.9662691383106523
list:
dist: 1.9662691383106523 vs. 1.9662691383106523
--------
nle(id0,id1,dist): 66 140 3.4301475934939396
list:
dist: 3.4301475934939396 vs. 3.4301475934939396
--------
nle(id0,id1,dist): 66 139 3.2665498931210313
list:
dist: 3.2665498931210313 vs. 3.2665498931210313
--------
nle(id0,id1,dist): 66 141 3.665916661041662
list:
dist: 3.665916661041662 vs. 3.665916661041662
--------
nle(id0,id1,dist): 66 136 2.2949826179342807
list:
dist: 2.2949826179342807 vs. 2.2949826179342807
--------
nle(id0,id1,dist): 66 135 2.408687539346715
list:
dist: 2.408687539346715 vs. 2.408687539346715
--------
nle(id0,id1,dist): 66 138 2.573287254931284
list:
dist: 2.573287254931284 vs. 2.573287254931284
--------
nle(id0,id1,dist): 66 137 2.676800847278698
list:
dist: 2.676800847278698 vs. 2.676800847278698
--------
nle(id0,id1,dist): 68 74 1.241022375655239
list:
dist: 1.241022375655239 vs. 1.241022375655239
--------
nle(id0,id1,dist): 66 148 3.546155306031085
list:
dist: 3.546155306031085 vs. 3.546155306031085
--------
nle(id0,id1,dist): 68 73 1.4557901483474074
list:
dist: 1.4557901483474074 vs. 1.4557901483474074
--------
nle(id0,id1,dist): 68 76 1.2507317631864372
list:
dist: 1.2507317631864372 vs. 1.2507317631864372
--------
nle(id0,id1,dist): 68 75 0.9534060827944274
list:
dist: 0.9534060827944274 vs. 0.9534060827944274
--------
nle(id0,id1,dist): 68 70 2.5810458331678103
list:
dist: 2.5810458331678103 vs. 2.5810458331678103
--------
nle(id0,id1,dist): 66 144 3.1275748407274007
list:
dist: 3.1275748407274007 vs. 3.1275748407274007
--------
nle(id0,id1,dist): 66 143 3.55924918398082
list:
dist: 3.55924918398082 vs. 3.55924918398082
--------
nle(id0,id1,dist): 68 69 0.7698356848904546
list:
dist: 0.7698356848904546 vs. 0.7698356848904546
--------
nle(id0,id1,dist): 68 72 1.7335213619057106
list:
dist: 1.7335213619057106 vs. 1.7335213619057106
--------
nle(id0,id1,dist): 66 146 3.4151980445553605
list:
dist: 3.4151980445553605 vs. 3.4151980445553605
--------
nle(id0,id1,dist): 68 71 1.3325643643979301
list:
dist: 1.3325643643979301 vs. 1.3325643643979301
--------
nle(id0,id1,dist): 68 81 2.2643380108336624
list:
dist: 2.2643380108336624 vs. 2.2643380108336624
--------
nle(id0,id1,dist): 68 82 2.1936933695215823
list:
dist: 2.1936933695215823 vs. 2.1936933695215823
--------
nle(id0,id1,dist): 68 83 2.3726204157620407
list:
dist: 2.3726204157620407 vs. 2.3726204157620407
--------
nle(id0,id1,dist): 67 120 3.6995754315782454
list:
dist: 3.6995754315782454 vs. 3.6995754315782454
--------
nle(id0,id1,dist): 68 84 3.3356152509715447
list:
dist: 3.3356152509715447 vs. 3.3356152509715447
--------
nle(id0,id1,dist): 67 121 3.5653218507663347
list:
dist: 3.5653218507663347 vs. 3.5653218507663347
--------
nle(id0,id1,dist): 68 77 2.1548198863466888
list:
dist: 2.1548198863466888 vs. 2.1548198863466888
--------
nle(id0,id1,dist): 68 78 1.8692410709530562
list:
dist: 1.8692410709530562 vs. 1.8692410709530562
--------
nle(id0,id1,dist): 68 79 1.6912151191740579
list:
dist: 1.6912151191740579 vs. 1.6912151191740579
--------
nle(id0,id1,dist): 68 80 2.2518867441756263
list:
dist: 2.2518867441756263 vs. 2.2518867441756263
--------
nle(id0,id1,dist): 67 126 2.6337251558602626
list:
dist: 2.6337251558602626 vs. 2.6337251558602626
--------
nle(id0,id1,dist): 68 89 3.2072750663786462
list:
dist: 3.2072750663786462 vs. 3.2072750663786462
--------
nle(id0,id1,dist): 67 127 3.3300726419956344
list:
dist: 3.3300726419956344 vs. 3.3300726419956344
--------
nle(id0,id1,dist): 67 128 3.1220018339492928
list:
dist: 3.1220018339492928 vs. 3.1220018339492928
--------
nle(id0,id1,dist): 67 129 3.564443004180629
list:
dist: 3.564443004180629 vs. 3.564443004180629
--------
nle(id0,id1,dist): 68 85 2.6775011297476374
list:
dist: 2.6775011297476374 vs. 2.6775011297476374
--------
nle(id0,id1,dist): 67 122 3.175578543299523
list:
dist: 3.175578543299523 vs. 3.175578543299523
--------
nle(id0,id1,dist): 68 86 2.437480302691938
list:
dist: 2.437480302691938 vs. 2.437480302691938
--------
nle(id0,id1,dist): 68 87 2.9308921966873096
list:
dist: 2.9308921966873096 vs. 2.9308921966873096
--------
nle(id0,id1,dist): 67 124 3.7740057360425685
list:
dist: 3.7740057360425685 vs. 3.7740057360425685
--------
nle(id0,id1,dist): 67 125 3.060712277640435
list:
dist: 3.060712277640435 vs. 3.060712277640435
--------
nle(id0,id1,dist): 68 88 2.9688275232171684
list:
dist: 2.9688275232171684 vs. 2.9688275232171684
--------
nle(id0,id1,dist): 70 86 3.0686127898996416
list:
dist: 3.0686127898996416 vs. 3.0686127898996416
--------
nle(id0,id1,dist): 70 85 2.994485728820277
list:
dist: 2.994485728820277 vs. 2.994485728820277
--------
nle(id0,id1,dist): 70 84 2.2007188512728364
list:
dist: 2.2007188512728364 vs. 2.2007188512728364
--------
nle(id0,id1,dist): 70 83 1.9433910526480465
list:
dist: 1.9433910526480465 vs. 1.9433910526480465
--------
nle(id0,id1,dist): 70 89 3.4676138529711955
list:
dist: 3.4676138529711955 vs. 3.4676138529711955
--------
nle(id0,id1,dist): 70 88 4.292620113061873
list:
dist: 4.292620113061873 vs. 4.292620113061873
--------
nle(id0,id1,dist): 70 87 2.8664336024808854
list:
dist: 2.8664336024808854 vs. 2.8664336024808854
--------
nle(id0,id1,dist): 69 138 3.4771859610834417
list:
dist: 3.4771859610834417 vs. 3.4771859610834417
--------
nle(id0,id1,dist): 71 72 0.5146364689573737
list:
dist: 0.5146364689573737 vs. 0.5146364689573737
--------
nle(id0,id1,dist): 71 73 1.2651895967094837
list:
dist: 1.2651895967094837 vs. 1.2651895967094837
--------
nle(id0,id1,dist): 71 76 1.3670746429347964
list:
dist: 1.3670746429347964 vs. 1.3670746429347964
--------
nle(id0,id1,dist): 71 77 2.1072208684729063
list:
dist: 2.1072208684729063 vs. 2.1072208684729063
--------
nle(id0,id1,dist): 71 74 0.5557022202606973
list:
dist: 0.5557022202606973 vs. 0.5557022202606973
--------
nle(id0,id1,dist): 71 75 1.4688004619150354
list:
dist: 1.4688004619150354 vs. 1.4688004619150354
--------
nle(id0,id1,dist): 68 126 2.7727309639510294
list:
dist: 2.7727309639510294 vs. 2.7727309639510294
--------
nle(id0,id1,dist): 69 89 3.2742648737952464
list:
dist: 3.2742648737952464 vs. 3.2742648737952464
--------
nle(id0,id1,dist): 68 125 3.170009987734077
list:
dist: 3.170009987734077 vs. 3.170009987734077
--------
nle(id0,id1,dist): 69 88 2.801799521196343
list:
dist: 2.801799521196343 vs. 2.801799521196343
--------
nle(id0,id1,dist): 68 128 3.427290868874503
list:
dist: 3.427290868874503 vs. 3.427290868874503
--------
nle(id0,id1,dist): 68 127 3.592123494876698
list:
dist: 3.592123494876698 vs. 3.592123494876698
--------
nle(id0,id1,dist): 68 130 4.0283460319238795
list:
dist: 4.0283460319238795 vs. 4.0283460319238795
--------
nle(id0,id1,dist): 68 129 3.7062669748928143
list:
dist: 3.7062669748928143 vs. 3.7062669748928143
--------
nle(id0,id1,dist): 68 132 3.622513999561506
list:
dist: 3.622513999561506 vs. 3.622513999561506
--------
nle(id0,id1,dist): 68 131 4.242378079410162
list:
dist: 4.242378079410162 vs. 4.242378079410162
--------
nle(id0,id1,dist): 68 134 4.331817047231801
list:
dist: 4.331817047231801 vs. 4.331817047231801
--------
nle(id0,id1,dist): 68 133 3.6864648858775895
list:
dist: 3.6864648858775895 vs. 3.6864648858775895
--------
nle(id0,id1,dist): 68 136 3.0846633958592844
list:
dist: 3.0846633958592844 vs. 3.0846633958592844
--------
nle(id0,id1,dist): 68 135 3.3771390930335756
list:
dist: 3.3771390930335756 vs. 3.3771390930335756
--------
nle(id0,id1,dist): 68 138 3.2396990039230227
list:
dist: 3.2396990039230227 vs. 3.2396990039230227
--------
nle(id0,id1,dist): 68 137 3.5521985789172166
list:
dist: 3.5521985789172166 vs. 3.5521985789172166
--------
nle(id0,id1,dist): 68 140 4.380252721098201
list:
dist: 4.380252721098201 vs. 4.380252721098201
--------
nle(id0,id1,dist): 68 139 4.019220778409211
list:
dist: 4.019220778409211 vs. 4.019220778409211
--------
nle(id0,id1,dist): 68 141 4.542622197024629
list:
dist: 4.542622197024629 vs. 4.542622197024629
--------
nle(id0,id1,dist): 68 143 4.403691592207319
list:
dist: 4.403691592207319 vs. 4.403691592207319
--------
nle(id0,id1,dist): 68 144 3.9660057463648535
list:
dist: 3.9660057463648535 vs. 3.9660057463648535
--------
nle(id0,id1,dist): 70 71 1.3283897876197879
list:
dist: 1.3283897876197879 vs. 1.3283897876197879
--------
nle(id0,id1,dist): 70 72 1.0743796878644658
list:
dist: 1.0743796878644658 vs. 1.0743796878644658
--------
nle(id0,id1,dist): 68 146 4.210479857282588
list:
dist: 4.210479857282588 vs. 4.210479857282588
--------
nle(id0,id1,dist): 70 73 1.9449778605684613
list:
dist: 1.9449778605684613 vs. 1.9449778605684613
--------
nle(id0,id1,dist): 70 74 1.6644637718439326
list:
dist: 1.6644637718439326 vs. 1.6644637718439326
--------
nle(id0,id1,dist): 68 148 4.270823731442871
list:
dist: 4.270823731442871 vs. 4.270823731442871
--------
nle(id0,id1,dist): 70 75 2.624024155294613
list:
dist: 2.624024155294613 vs. 2.624024155294613
--------
nle(id0,id1,dist): 70 76 2.4047914635353766
list:
dist: 2.4047914635353766 vs. 2.4047914635353766
--------
nle(id0,id1,dist): 70 77 3.039407919629594
list:
dist: 3.039407919629594 vs. 3.039407919629594
--------
nle(id0,id1,dist): 70 78 3.4243482573409674
list:
dist: 3.4243482573409674 vs. 3.4243482573409674
--------
nle(id0,id1,dist): 70 79 2.595270737962346
list:
dist: 2.595270737962346 vs. 2.595270737962346
--------
nle(id0,id1,dist): 70 80 1.8934617990828602
list:
dist: 1.8934617990828602 vs. 1.8934617990828602
--------
nle(id0,id1,dist): 70 81 2.0294712720192227
list:
dist: 2.0294712720192227 vs. 2.0294712720192227
--------
nle(id0,id1,dist): 70 82 2.6485219353149088
list:
dist: 2.6485219353149088 vs. 2.6485219353149088
--------
nle(id0,id1,dist): 64 126 2.041577884359039
list:
dist: 2.041577884359039 vs. 2.041577884359039
--------
nle(id0,id1,dist): 64 123 2.869999752884437
list:
dist: 2.869999752884437 vs. 2.869999752884437
--------
nle(id0,id1,dist): 64 121 2.1203600514784977
list:
dist: 2.1203600514784977 vs. 2.1203600514784977
--------
nle(id0,id1,dist): 64 122 1.7958863160696894
list:
dist: 1.7958863160696894 vs. 1.7958863160696894
--------
nle(id0,id1,dist): 65 83 2.6606726263289078
list:
dist: 2.6606726263289078 vs. 2.6606726263289078
--------
nle(id0,id1,dist): 64 120 2.1746483865371893
list:
dist: 2.1746483865371893 vs. 2.1746483865371893
--------
nle(id0,id1,dist): 65 80 2.612623703559644
list:
dist: 2.612623703559644 vs. 2.612623703559644
--------
nle(id0,id1,dist): 65 81 2.0339040836268563
list:
dist: 2.0339040836268563 vs. 2.0339040836268563
--------
nle(id0,id1,dist): 65 78 3.2019453208183872
list:
dist: 3.2019453208183872 vs. 3.2019453208183872
--------
nle(id0,id1,dist): 65 79 2.4148178916967353
list:
dist: 2.4148178916967353 vs. 2.4148178916967353
--------
nle(id0,id1,dist): 65 76 2.455264598548654
list:
dist: 2.455264598548654 vs. 2.455264598548654
--------
nle(id0,id1,dist): 66 70 2.2621208011391802
list:
dist: 2.2621208011391802 vs. 2.2621208011391802
--------
nle(id0,id1,dist): 66 69 1.6044665346432587
list:
dist: 1.6044665346432587 vs. 1.6044665346432587
--------
nle(id0,id1,dist): 66 68 0.9914395670596102
list:
dist: 0.9914395670596102 vs. 0.9914395670596102
--------
nle(id0,id1,dist): 66 67 1.0554299574369326
list:
dist: 1.0554299574369326 vs. 1.0554299574369326
--------
nle(id0,id1,dist): 64 135 2.6167192549115286
list:
dist: 2.6167192549115286 vs. 2.6167192549115286
--------
nle(id0,id1,dist): 64 130 2.761189797824525
list:
dist: 2.761189797824525 vs. 2.761189797824525
--------
nle(id0,id1,dist): 64 93 4.516543436481133
list:
dist: 4.516543436481133 vs. 4.516543436481133
--------
nle(id0,id1,dist): 63 130 4.309243992411862
list:
dist: 4.309243992411862 vs. 4.309243992411862
--------
nle(id0,id1,dist): 64 94 4.171558589927261
list:
dist: 4.171558589927261 vs. 4.171558589927261
--------
nle(id0,id1,dist): 64 95 3.5366401807964833
list:
dist: 3.5366401807964833 vs. 3.5366401807964833
--------
nle(id0,id1,dist): 64 96 3.286250354135372
list:
dist: 3.286250354135372 vs. 3.286250354135372
--------
nle(id0,id1,dist): 63 126 3.036857607826326
list:
dist: 3.036857607826326 vs. 3.036857607826326
--------
nle(id0,id1,dist): 64 90 4.113848841362941
list:
dist: 4.113848841362941 vs. 4.113848841362941
--------
nle(id0,id1,dist): 64 91 4.180192990644371
list:
dist: 4.180192990644371 vs. 4.180192990644371
--------
nle(id0,id1,dist): 64 92 3.862779025230174
list:
dist: 3.862779025230174 vs. 3.862779025230174
--------
nle(id0,id1,dist): 63 122 3.4540715359002685
list:
dist: 3.4540715359002685 vs. 3.4540715359002685
--------
nle(id0,id1,dist): 64 81 2.5861767277075813
list:
dist: 2.5861767277075813 vs. 2.5861767277075813
--------
nle(id0,id1,dist): 64 83 2.2027524056586025
list:
dist: 2.2027524056586025 vs. 2.2027524056586025
--------
nle(id0,id1,dist): 63 120 3.778429840546988
list:
dist: 3.778429840546988 vs. 3.778429840546988
--------
nle(id0,id1,dist): 63 121 3.6836101489177153
list:
dist: 3.6836101489177153 vs. 3.6836101489177153
--------
nle(id0,id1,dist): 65 73 1.6895241723720877
list:
dist: 1.6895241723720877 vs. 1.6895241723720877
--------
nle(id0,id1,dist): 65 72 1.778411450734557
list:
dist: 1.778411450734557 vs. 1.778411450734557
--------
nle(id0,id1,dist): 65 75 2.52648722429988
list:
dist: 2.52648722429988 vs. 2.52648722429988
--------
nle(id0,id1,dist): 65 74 2.0121757305223964
list:
dist: 2.0121757305223964 vs. 2.0121757305223964
--------
nle(id0,id1,dist): 65 69 2.053516793795156
list:
dist: 2.053516793795156 vs. 2.053516793795156
--------
nle(id0,id1,dist): 64 105 4.695565837693272
list:
dist: 4.695565837693272 vs. 4.695565837693272
--------
nle(id0,id1,dist): 65 68 2.2908464717885937
list:
dist: 2.2908464717885937 vs. 2.2908464717885937
--------
nle(id0,id1,dist): 65 71 1.7593762193244584
list:
dist: 1.7593762193244584 vs. 1.7593762193244584
--------
nle(id0,id1,dist): 65 70 1.5266472872393757
list:
dist: 1.5266472872393757 vs. 1.5266472872393757
--------
nle(id0,id1,dist): 64 102 4.910597852566324
list:
dist: 4.910597852566324 vs. 4.910597852566324
--------
nle(id0,id1,dist): 65 67 2.6632330471599235
list:
dist: 2.6632330471599235 vs. 2.6632330471599235
--------
nle(id0,id1,dist): 65 66 2.5923617195590283
list:
dist: 2.5923617195590283 vs. 2.5923617195590283
--------
nle(id0,id1,dist): 64 98 4.1388363246054345
list:
dist: 4.1388363246054345 vs. 4.1388363246054345
--------
nle(id0,id1,dist): 63 135 3.992663399953591
list:
dist: 3.992663399953591 vs. 3.992663399953591
--------
nle(id0,id1,dist): 64 97 3.624131692154435
list:
dist: 3.624131692154435 vs. 3.624131692154435
--------
nle(id0,id1,dist): 64 100 4.510378331958092
list:
dist: 4.510378331958092 vs. 4.510378331958092
--------
nle(id0,id1,dist): 64 99 4.351722156394458
list:
dist: 4.351722156394458 vs. 4.351722156394458
--------
nle(id0,id1,dist): 67 76 0.8609763315785638
list:
dist: 0.8609763315785638 vs. 0.8609763315785638
--------
nle(id0,id1,dist): 67 77 1.6539070234630755
list:
dist: 1.6539070234630755 vs. 1.6539070234630755
--------
nle(id0,id1,dist): 67 74 1.2733615872709356
list:
dist: 1.2733615872709356 vs. 1.2733615872709356
--------
nle(id0,id1,dist): 67 75 0.46780433640881813
list:
dist: 0.46780433640881813 vs. 0.46780433640881813
--------
nle(id0,id1,dist): 67 80 2.0404714397861046
list:
dist: 2.0404714397861046 vs. 2.0404714397861046
--------
nle(id0,id1,dist): 67 81 2.083123601434685
list:
dist: 2.083123601434685 vs. 2.083123601434685
--------
nle(id0,id1,dist): 67 78 1.265486796973119
list:
dist: 1.265486796973119 vs. 1.265486796973119
--------
nle(id0,id1,dist): 67 79 1.3068190066384626
list:
dist: 1.3068190066384626 vs. 1.3068190066384626
--------
nle(id0,id1,dist): 67 68 0.6619144772056362
list:
dist: 0.6619144772056362 vs. 0.6619144772056362
--------
nle(id0,id1,dist): 67 69 0.8900392207059247
list:
dist: 0.8900392207059247 vs. 0.8900392207059247
--------
nle(id0,id1,dist): 67 72 1.8698076278809486
list:
dist: 1.8698076278809486 vs. 1.8698076278809486
--------
nle(id0,id1,dist): 67 73 1.3848861419947427
list:
dist: 1.3848861419947427 vs. 1.3848861419947427
--------
nle(id0,id1,dist): 67 70 2.8550547028580584
list:
dist: 2.8550547028580584 vs. 2.8550547028580584
--------
nle(id0,id1,dist): 67 71 1.6051923272564355
list:
dist: 1.6051923272564355 vs. 1.6051923272564355
--------
nle(id0,id1,dist): 66 130 3.0819621277420484
list:
dist: 3.0819621277420484 vs. 3.0819621277420484
--------
nle(id0,id1,dist): 66 129 2.864688618715915
list:
dist: 2.864688618715915 vs. 2.864688618715915
--------
nle(id0,id1,dist): 66 128 2.642399366417473
list:
dist: 2.642399366417473 vs. 2.642399366417473
--------
nle(id0,id1,dist): 66 127 2.7549538650708456
list:
dist: 2.7549538650708456 vs. 2.7549538650708456
--------
nle(id0,id1,dist): 66 134 3.394834726969989
list:
dist: 3.394834726969989 vs. 3.394834726969989
--------
nle(id0,id1,dist): 66 133 2.879407790617601
list:
dist: 2.879407790617601 vs. 2.879407790617601
--------
nle(id0,id1,dist): 66 132 2.6455760877676355
list:
dist: 2.6455760877676355 vs. 2.6455760877676355
--------
nle(id0,id1,dist): 66 131 3.354373450462256
list:
dist: 3.354373450462256 vs. 3.354373450462256
--------
nle(id0,id1,dist): 67 85 2.1991809888887106
list:
dist: 2.1991809888887106 vs. 2.1991809888887106
--------
nle(id0,id1,dist): 66 122 2.1682223398006197
list:
dist: 2.1682223398006197 vs. 2.1682223398006197
--------
nle(id0,id1,dist): 67 84 3.1729355135150845
list:
dist: 3.1729355135150845 vs. 3.1729355135150845
--------
nle(id0,id1,dist): 66 121 2.6226715718047617
list:
dist: 2.6226715718047617 vs. 2.6226715718047617
--------
nle(id0,id1,dist): 67 83 2.147371513477201
list:
dist: 2.147371513477201 vs. 2.147371513477201
--------
nle(id0,id1,dist): 66 120 2.7461301554053925
list:
dist: 2.7461301554053925 vs. 2.7461301554053925
--------
nle(id0,id1,dist): 67 82 1.7569395607214164
list:
dist: 1.7569395607214164 vs. 1.7569395607214164
--------
nle(id0,id1,dist): 66 126 1.8949463135130482
list:
dist: 1.8949463135130482 vs. 1.8949463135130482
--------
nle(id0,id1,dist): 67 89 2.7089669837487484
list:
dist: 2.7089669837487484 vs. 2.7089669837487484
--------
nle(id0,id1,dist): 66 125 2.2305842552030835
list:
dist: 2.2305842552030835 vs. 2.2305842552030835
--------
nle(id0,id1,dist): 67 88 2.3174934345707086
list:
dist: 2.3174934345707086 vs. 2.3174934345707086
--------
nle(id0,id1,dist): 67 87 2.554827173999893
list:
dist: 2.554827173999893 vs. 2.554827173999893
--------
nle(id0,id1,dist): 66 124 3.10025691150383
list:
dist: 3.10025691150383 vs. 3.10025691150383
--------
nle(id0,id1,dist): 67 86 1.923482685922406
list:
dist: 1.923482685922406 vs. 1.923482685922406
--------
nle(id0,id1,dist): 66 79 1.7999475268217078
list:
dist: 1.7999475268217078 vs. 1.7999475268217078
--------
nle(id0,id1,dist): 66 80 1.6695623728055853
list:
dist: 1.6695623728055853 vs. 1.6695623728055853
--------
nle(id0,id1,dist): 66 81 2.2033074804631188
list:
dist: 2.2033074804631188 vs. 2.2033074804631188
--------
nle(id0,id1,dist): 66 82 1.9411495645140746
list:
dist: 1.9411495645140746 vs. 1.9411495645140746
--------
nle(id0,id1,dist): 66 83 1.8118635116784836
list:
dist: 1.8118635116784836 vs. 1.8118635116784836
--------
nle(id0,id1,dist): 65 120 3.6301133638571006
list:
dist: 3.6301133638571006 vs. 3.6301133638571006
--------
nle(id0,id1,dist): 66 84 2.578259321136397
list:
dist: 2.578259321136397 vs. 2.578259321136397
--------
nle(id0,id1,dist): 65 121 3.582427754919649
list:
dist: 3.582427754919649 vs. 3.582427754919649
--------
nle(id0,id1,dist): 66 85 2.2515757633449773
list:
dist: 2.2515757633449773 vs. 2.2515757633449773
--------
nle(id0,id1,dist): 65 122 3.6328437455632603
list:
dist: 3.6328437455632603 vs. 3.6328437455632603
--------
nle(id0,id1,dist): 66 86 1.9664529174661909
list:
dist: 1.9664529174661909 vs. 1.9664529174661909
--------
nle(id0,id1,dist): 66 71 0.967614551177418
list:
dist: 0.967614551177418 vs. 0.967614551177418
--------
nle(id0,id1,dist): 66 72 1.2871775330101038
list:
dist: 1.2871775330101038 vs. 1.2871775330101038
--------
nle(id0,id1,dist): 66 73 1.6064667221702333
list:
dist: 1.6064667221702333 vs. 1.6064667221702333
--------
nle(id0,id1,dist): 66 74 0.818818062008525
list:
dist: 0.818818062008525 vs. 0.818818062008525
--------
nle(id0,id1,dist): 66 75 1.0776227192293475
list:
dist: 1.0776227192293475 vs. 1.0776227192293475
--------
nle(id0,id1,dist): 66 76 1.1361043197966867
list:
dist: 1.1361043197966867 vs. 1.1361043197966867
--------
nle(id0,id1,dist): 66 77 1.5929140145337268
list:
dist: 1.5929140145337268 vs. 1.5929140145337268
--------
nle(id0,id1,dist): 66 78 2.06017705532536
list:
dist: 2.06017705532536 vs. 2.06017705532536
--------
nle(id0,id1,dist): 65 135 4.56956555569704
list:
dist: 4.56956555569704 vs. 4.56956555569704
--------
nle(id0,id1,dist): 66 88 2.9159404749724316
list:
dist: 2.9159404749724316 vs. 2.9159404749724316
--------
nle(id0,id1,dist): 66 87 2.2101258637748584
list:
dist: 2.2101258637748584 vs. 2.2101258637748584
--------
nle(id0,id1,dist): 65 126 3.273871022411561
list:
dist: 3.273871022411561 vs. 3.273871022411561
--------
nle(id0,id1,dist): 66 89 2.639233499893729
list:
dist: 2.639233499893729 vs. 2.639233499893729
--------
nle(id0,id1,dist): 65 130 4.314687845147947
list:
dist: 4.314687845147947 vs. 4.314687845147947
--------
nle(id0,id1,dist): 48 51 1.5692765166967904
list:
dist: 1.5692765166967904 vs. 1.5692765166967904
--------
nle(id0,id1,dist): 48 52 1.4590481518882044
list:
dist: 1.4590481518882044 vs. 1.4590481518882044
--------
nle(id0,id1,dist): 48 49 0.7956415054007013
list:
dist: 0.7956415054007013 vs. 0.7956415054007013
--------
nle(id0,id1,dist): 48 50 1.7691785321606468
list:
dist: 1.7691785321606468 vs. 1.7691785321606468
--------
nle(id0,id1,dist): 48 55 0.9840416949183153
list:
dist: 0.9840416949183153 vs. 0.9840416949183153
--------
nle(id0,id1,dist): 48 56 1.1873067280185434
list:
dist: 1.1873067280185434 vs. 1.1873067280185434
--------
nle(id0,id1,dist): 48 53 0.782449628539112
list:
dist: 0.782449628539112 vs. 0.782449628539112
--------
nle(id0,id1,dist): 48 54 1.786343141309176
list:
dist: 1.786343141309176 vs. 1.786343141309176
--------
nle(id0,id1,dist): 48 59 1.2066119931405894
list:
dist: 1.2066119931405894 vs. 1.2066119931405894
--------
nle(id0,id1,dist): 48 60 4.2650131771504105
list:
dist: 4.2650131771504105 vs. 4.2650131771504105
--------
nle(id0,id1,dist): 48 57 1.335845386642312
list:
dist: 1.335845386642312 vs. 1.335845386642312
--------
nle(id0,id1,dist): 48 58 0.8970222570210289
list:
dist: 0.8970222570210289 vs. 0.8970222570210289
--------
nle(id0,id1,dist): 47 70 3.841004408751161
list:
dist: 3.841004408751161 vs. 3.841004408751161
--------
nle(id0,id1,dist): 47 81 3.6722398615675744
list:
dist: 3.6722398615675744 vs. 3.6722398615675744
--------
nle(id0,id1,dist): 48 81 4.023019311872679
list:
dist: 4.023019311872679 vs. 4.023019311872679
--------
nle(id0,id1,dist): 49 50 2.2202237009480186
list:
dist: 2.2202237009480186 vs. 2.2202237009480186
--------
nle(id0,id1,dist): 49 51 2.1328904403541213
list:
dist: 2.1328904403541213 vs. 2.1328904403541213
--------
nle(id0,id1,dist): 49 52 2.141790387016454
list:
dist: 2.141790387016454 vs. 2.141790387016454
--------
nle(id0,id1,dist): 49 53 1.5565721107601602
list:
dist: 1.5565721107601602 vs. 1.5565721107601602
--------
nle(id0,id1,dist): 49 54 1.8466419786227137
list:
dist: 1.8466419786227137 vs. 1.8466419786227137
--------
nle(id0,id1,dist): 49 55 1.6688146477028172
list:
dist: 1.6688146477028172 vs. 1.6688146477028172
--------
nle(id0,id1,dist): 49 56 1.4167201076482345
list:
dist: 1.4167201076482345 vs. 1.4167201076482345
--------
nle(id0,id1,dist): 49 57 1.3049750535682358
list:
dist: 1.3049750535682358 vs. 1.3049750535682358
--------
nle(id0,id1,dist): 49 58 1.4841979408842816
list:
dist: 1.4841979408842816 vs. 1.4841979408842816
--------
nle(id0,id1,dist): 49 59 1.1234927352779198
list:
dist: 1.1234927352779198 vs. 1.1234927352779198
--------
nle(id0,id1,dist): 48 65 3.10012687097334
list:
dist: 3.10012687097334 vs. 3.10012687097334
--------
nle(id0,id1,dist): 48 70 4.123364529250887
list:
dist: 4.123364529250887 vs. 4.123364529250887
--------
nle(id0,id1,dist): 49 81 3.75703341134176
list:
dist: 3.75703341134176 vs. 3.75703341134176
--------
nle(id0,id1,dist): 50 53 1.3588907847055838
list:
dist: 1.3588907847055838 vs. 1.3588907847055838
--------
nle(id0,id1,dist): 50 54 1.0061520096562977
list:
dist: 1.0061520096562977 vs. 1.0061520096562977
--------
nle(id0,id1,dist): 50 51 1.4701095842144138
list:
dist: 1.4701095842144138 vs. 1.4701095842144138
--------
nle(id0,id1,dist): 50 52 0.8923851355719927
list:
dist: 0.8923851355719927 vs. 0.8923851355719927
--------
nle(id0,id1,dist): 49 65 2.730038952449818
list:
dist: 2.730038952449818 vs. 2.730038952449818
--------
nle(id0,id1,dist): 49 60 4.033651567355706
list:
dist: 4.033651567355706 vs. 4.033651567355706
--------
nle(id0,id1,dist): 49 70 3.9722423561584654
list:
dist: 3.9722423561584654 vs. 3.9722423561584654
--------
nle(id0,id1,dist): 50 84 4.412995580691149
list:
dist: 4.412995580691149 vs. 4.412995580691149
--------
nle(id0,id1,dist): 50 81 3.4955026589708216
list:
dist: 3.4955026589708216 vs. 3.4955026589708216
--------
nle(id0,id1,dist): 50 60 3.3086652376388255
list:
dist: 3.3086652376388255 vs. 3.3086652376388255
--------
nle(id0,id1,dist): 50 56 1.957611591494063
list:
dist: 1.957611591494063 vs. 1.957611591494063
--------
nle(id0,id1,dist): 50 55 2.218339351913644
list:
dist: 2.218339351913644 vs. 2.218339351913644
--------
nle(id0,id1,dist): 50 58 1.7864260288860399
list:
dist: 1.7864260288860399 vs. 1.7864260288860399
--------
nle(id0,id1,dist): 50 57 1.736272192545939
list:
dist: 1.736272192545939 vs. 1.736272192545939
--------
nle(id0,id1,dist): 50 70 3.028373404205551
list:
dist: 3.028373404205551 vs. 3.028373404205551
--------
nle(id0,id1,dist): 50 65 2.6623135244404756
list:
dist: 2.6623135244404756 vs. 2.6623135244404756
--------
nle(id0,id1,dist): 45 47 1.1847120558738897
list:
dist: 1.1847120558738897 vs. 1.1847120558738897
--------
nle(id0,id1,dist): 45 46 1.0969161391929312
list:
dist: 1.0969161391929312 vs. 1.0969161391929312
--------
nle(id0,id1,dist): 44 81 3.4906950836242445
list:
dist: 3.4906950836242445 vs. 3.4906950836242445
--------
nle(id0,id1,dist): 44 70 3.0190411299467432
list:
dist: 3.0190411299467432 vs. 3.0190411299467432
--------
nle(id0,id1,dist): 44 65 2.246542733282411
list:
dist: 2.246542733282411 vs. 2.246542733282411
--------
nle(id0,id1,dist): 44 55 2.1162028686312855
list:
dist: 2.1162028686312855 vs. 2.1162028686312855
--------
nle(id0,id1,dist): 44 56 1.8966908213865075
list:
dist: 1.8966908213865075 vs. 1.8966908213865075
--------
nle(id0,id1,dist): 44 53 1.3124485773543904
list:
dist: 1.3124485773543904 vs. 1.3124485773543904
--------
nle(id0,id1,dist): 44 54 0.7213209547460833
list:
dist: 0.7213209547460833 vs. 0.7213209547460833
--------
nle(id0,id1,dist): 44 59 2.29177287021743
list:
dist: 2.29177287021743 vs. 2.29177287021743
--------
nle(id0,id1,dist): 44 60 3.1463859153081923
list:
dist: 3.1463859153081923 vs. 3.1463859153081923
--------
nle(id0,id1,dist): 44 57 1.5447840449643375
list:
dist: 1.5447840449643375 vs. 1.5447840449643375
--------
nle(id0,id1,dist): 44 58 1.7871959580732928
list:
dist: 1.7871959580732928 vs. 1.7871959580732928
--------
nle(id0,id1,dist): 45 65 3.2209237128101655
list:
dist: 3.2209237128101655 vs. 3.2209237128101655
--------
nle(id0,id1,dist): 45 70 4.293057959987953
list:
dist: 4.293057959987953 vs. 4.293057959987953
--------
nle(id0,id1,dist): 45 56 2.2256862192542983
list:
dist: 2.2256862192542983 vs. 2.2256862192542983
--------
nle(id0,id1,dist): 45 57 2.1881627199729365
list:
dist: 2.1881627199729365 vs. 2.1881627199729365
--------
nle(id0,id1,dist): 45 58 1.9073402293353958
list:
dist: 1.9073402293353958 vs. 1.9073402293353958
--------
nle(id0,id1,dist): 45 59 2.1324923339576722
list:
dist: 2.1324923339576722 vs. 2.1324923339576722
--------
nle(id0,id1,dist): 45 60 4.306971025070497
list:
dist: 4.306971025070497 vs. 4.306971025070497
--------
nle(id0,id1,dist): 45 48 1.0577810960262446
list:
dist: 1.0577810960262446 vs. 1.0577810960262446
--------
nle(id0,id1,dist): 45 49 1.2422366449745414
list:
dist: 1.2422366449745414 vs. 1.2422366449745414
--------
nle(id0,id1,dist): 45 50 2.0857630820698514
list:
dist: 2.0857630820698514 vs. 2.0857630820698514
--------
nle(id0,id1,dist): 45 51 1.2165453237489563
list:
dist: 1.2165453237489563 vs. 1.2165453237489563
--------
nle(id0,id1,dist): 45 52 1.7192304627591009
list:
dist: 1.7192304627591009 vs. 1.7192304627591009
--------
nle(id0,id1,dist): 45 53 1.356365943490969
list:
dist: 1.356365943490969 vs. 1.356365943490969
--------
nle(id0,id1,dist): 45 54 2.05511372733657
list:
dist: 2.05511372733657 vs. 2.05511372733657
--------
nle(id0,id1,dist): 45 55 1.6850948704072513
list:
dist: 1.6850948704072513 vs. 1.6850948704072513
--------
nle(id0,id1,dist): 46 70 4.898171028030248
list:
dist: 4.898171028030248 vs. 4.898171028030248
--------
nle(id0,id1,dist): 46 65 3.8725512287846975
list:
dist: 3.8725512287846975 vs. 3.8725512287846975
--------
nle(id0,id1,dist): 46 60 5.0196772555136775
list:
dist: 5.0196772555136775 vs. 5.0196772555136775
--------
nle(id0,id1,dist): 46 59 1.6147938788897955
list:
dist: 1.6147938788897955 vs. 1.6147938788897955
--------
nle(id0,id1,dist): 46 57 2.124872175404573
list:
dist: 2.124872175404573 vs. 2.124872175404573
--------
nle(id0,id1,dist): 46 58 1.2997587099560595
list:
dist: 1.2997587099560595 vs. 1.2997587099560595
--------
nle(id0,id1,dist): 46 55 0.715886985067464
list:
dist: 0.715886985067464 vs. 0.715886985067464
--------
nle(id0,id1,dist): 46 56 1.7952342958957053
list:
dist: 1.7952342958957053 vs. 1.7952342958957053
--------
nle(id0,id1,dist): 46 53 1.0391730358180977
list:
dist: 1.0391730358180977 vs. 1.0391730358180977
--------
nle(id0,id1,dist): 46 54 2.534118243572294
list:
dist: 2.534118243572294 vs. 2.534118243572294
--------
nle(id0,id1,dist): 46 51 1.6103755800528174
list:
dist: 1.6103755800528174 vs. 1.6103755800528174
--------
nle(id0,id1,dist): 46 52 1.7203626445107605
list:
dist: 1.7203626445107605 vs. 1.7203626445107605
--------
nle(id0,id1,dist): 46 49 1.371523663107504
list:
dist: 1.371523663107504 vs. 1.371523663107504
--------
nle(id0,id1,dist): 46 50 2.3285287501916927
list:
dist: 2.3285287501916927 vs. 2.3285287501916927
--------
nle(id0,id1,dist): 46 47 1.271053047321391
list:
dist: 1.271053047321391 vs. 1.271053047321391
--------
nle(id0,id1,dist): 46 48 0.8267771366892637
list:
dist: 0.8267771366892637 vs. 0.8267771366892637
--------
nle(id0,id1,dist): 45 81 4.594792682703033
list:
dist: 4.594792682703033 vs. 4.594792682703033
--------
nle(id0,id1,dist): 47 65 2.6895171576910135
list:
dist: 2.6895171576910135 vs. 2.6895171576910135
--------
nle(id0,id1,dist): 47 59 1.1142249796274897
list:
dist: 1.1142249796274897 vs. 1.1142249796274897
--------
nle(id0,id1,dist): 47 58 1.2305830035357748
list:
dist: 1.2305830035357748 vs. 1.2305830035357748
--------
nle(id0,id1,dist): 47 60 3.9413108171635693
list:
dist: 3.9413108171635693 vs. 3.9413108171635693
--------
nle(id0,id1,dist): 47 55 1.4873995407741325
list:
dist: 1.4873995407741325 vs. 1.4873995407741325
--------
nle(id0,id1,dist): 47 54 1.6250939540079499
list:
dist: 1.6250939540079499 vs. 1.6250939540079499
--------
nle(id0,id1,dist): 47 57 1.1137932609485808
list:
dist: 1.1137932609485808 vs. 1.1137932609485808
--------
nle(id0,id1,dist): 47 56 1.213603806047194
list:
dist: 1.213603806047194 vs. 1.213603806047194
--------
nle(id0,id1,dist): 47 50 1.9166288468193542
list:
dist: 1.9166288468193542 vs. 1.9166288468193542
--------
nle(id0,id1,dist): 47 51 1.9083682222465526
list:
dist: 1.9083682222465526 vs. 1.9083682222465526
--------
nle(id0,id1,dist): 47 52 1.83857809263223
list:
dist: 1.83857809263223 vs. 1.83857809263223
--------
nle(id0,id1,dist): 47 53 1.2691495813012297
list:
dist: 1.2691495813012297 vs. 1.2691495813012297
--------
nle(id0,id1,dist): 47 48 0.5507175057266426
list:
dist: 0.5507175057266426 vs. 0.5507175057266426
--------
nle(id0,id1,dist): 47 49 0.3240138013832942
list:
dist: 0.3240138013832942 vs. 0.3240138013832942
--------
nle(id0,id1,dist): 46 81 4.844904222640122
list:
dist: 4.844904222640122 vs. 4.844904222640122
--------
nle(id0,id1,dist): 54 70 2.377172011207545
list:
dist: 2.377172011207545 vs. 2.377172011207545
--------
nle(id0,id1,dist): 54 81 2.7946428199319144
list:
dist: 2.7946428199319144 vs. 2.7946428199319144
--------
nle(id0,id1,dist): 55 56 1.4502633829027338
list:
dist: 1.4502633829027338 vs. 1.4502633829027338
--------
nle(id0,id1,dist): 55 57 1.9691775306714216
list:
dist: 1.9691775306714216 vs. 1.9691775306714216
--------
nle(id0,id1,dist): 55 58 0.8330910516472455
list:
dist: 0.8330910516472455 vs. 0.8330910516472455
--------
nle(id0,id1,dist): 55 59 1.4732041189130505
list:
dist: 1.4732041189130505 vs. 1.4732041189130505
--------
nle(id0,id1,dist): 55 60 5.125151635203854
list:
dist: 5.125151635203854 vs. 5.125151635203854
--------
nle(id0,id1,dist): 55 65 4.020274588535277
list:
dist: 4.020274588535277 vs. 4.020274588535277
--------
nle(id0,id1,dist): 55 70 4.917462848371508
list:
dist: 4.917462848371508 vs. 4.917462848371508
--------
nle(id0,id1,dist): 55 81 4.707863402562903
list:
dist: 4.707863402562903 vs. 4.707863402562903
--------
nle(id0,id1,dist): 54 121 4.38168962467432
list:
dist: 4.38168962467432 vs. 4.38168962467432
--------
nle(id0,id1,dist): 54 120 4.399988743789745
list:
dist: 4.399988743789745 vs. 4.399988743789745
--------
nle(id0,id1,dist): 56 58 0.6832043438015301
list:
dist: 0.6832043438015301 vs. 0.6832043438015301
--------
nle(id0,id1,dist): 56 57 0.7323786716030577
list:
dist: 0.7323786716030577 vs. 0.7323786716030577
--------
nle(id0,id1,dist): 56 60 4.22368591454766
list:
dist: 4.22368591454766 vs. 4.22368591454766
--------
nle(id0,id1,dist): 56 59 0.8572549527199907
list:
dist: 0.8572549527199907 vs. 0.8572549527199907
--------
nle(id0,id1,dist): 56 70 3.9523508852610916
list:
dist: 3.9523508852610916 vs. 3.9523508852610916
--------
nle(id0,id1,dist): 56 65 3.080838839985417
list:
dist: 3.080838839985417 vs. 3.080838839985417
--------
nle(id0,id1,dist): 56 81 3.352818386402231
list:
dist: 3.352818386402231 vs. 3.352818386402231
--------
nle(id0,id1,dist): 57 59 1.2435708035223467
list:
dist: 1.2435708035223467 vs. 1.2435708035223467
--------
nle(id0,id1,dist): 57 58 1.234738527502052
list:
dist: 1.234738527502052 vs. 1.234738527502052
--------
nle(id0,id1,dist): 57 65 2.351978903103892
list:
dist: 2.351978903103892 vs. 2.351978903103892
--------
nle(id0,id1,dist): 57 60 3.5161981689025
list:
dist: 3.5161981689025 vs. 3.5161981689025
--------
nle(id0,id1,dist): 57 70 3.272485284930502
list:
dist: 3.272485284930502 vs. 3.272485284930502
--------
nle(id0,id1,dist): 57 81 2.757397398441723
list:
dist: 2.757397398441723 vs. 2.757397398441723
--------
nle(id0,id1,dist): 51 58 2.00908395745025
list:
dist: 2.00908395745025 vs. 2.00908395745025
--------
nle(id0,id1,dist): 51 59 2.7622083871354466
list:
dist: 2.7622083871354466 vs. 2.7622083871354466
--------
nle(id0,id1,dist): 51 52 0.8966594685486321
list:
dist: 0.8966594685486321 vs. 0.8966594685486321
--------
nle(id0,id1,dist): 51 53 1.1493337287877947
list:
dist: 1.1493337287877947 vs. 1.1493337287877947
--------
nle(id0,id1,dist): 51 54 1.979471877489129
list:
dist: 1.979471877489129 vs. 1.979471877489129
--------
nle(id0,id1,dist): 51 55 1.8417769321103998
list:
dist: 1.8417769321103998 vs. 1.8417769321103998
--------
nle(id0,id1,dist): 51 56 2.484473323509465
list:
dist: 2.484473323509465 vs. 2.484473323509465
--------
nle(id0,id1,dist): 51 57 2.485601731925035
list:
dist: 2.485601731925035 vs. 2.485601731925035
--------
nle(id0,id1,dist): 52 55 1.595649539726996
list:
dist: 1.595649539726996 vs. 1.595649539726996
--------
nle(id0,id1,dist): 50 129 4.790201871388531
list:
dist: 4.790201871388531 vs. 4.790201871388531
--------
nle(id0,id1,dist): 52 56 1.9486061083143633
list:
dist: 1.9486061083143633 vs. 1.9486061083143633
--------
nle(id0,id1,dist): 52 53 0.7685874206560694
list:
dist: 0.7685874206560694 vs. 0.7685874206560694
--------
nle(id0,id1,dist): 52 54 1.6986544145082267
list:
dist: 1.6986544145082267 vs. 1.6986544145082267
--------
nle(id0,id1,dist): 52 59 2.462511088715645
list:
dist: 2.462511088715645 vs. 2.462511088715645
--------
nle(id0,id1,dist): 52 57 2.0193553126602226
list:
dist: 2.0193553126602226 vs. 2.0193553126602226
--------
nle(id0,id1,dist): 52 58 1.4840720462212174
list:
dist: 1.4840720462212174 vs. 1.4840720462212174
--------
nle(id0,id1,dist): 50 121 4.823746736403482
list:
dist: 4.823746736403482 vs. 4.823746736403482
--------
nle(id0,id1,dist): 50 120 4.822876194093834
list:
dist: 4.822876194093834 vs. 4.822876194093834
--------
nle(id0,id1,dist): 50 124 4.8814051789294775
list:
dist: 4.8814051789294775 vs. 4.8814051789294775
--------
nle(id0,id1,dist): 53 54 1.8169504111123207
list:
dist: 1.8169504111123207 vs. 1.8169504111123207
--------
nle(id0,id1,dist): 53 55 0.8920609512746389
list:
dist: 0.8920609512746389 vs. 0.8920609512746389
--------
nle(id0,id1,dist): 53 70 4.1697875827587465
list:
dist: 4.1697875827587465 vs. 4.1697875827587465
--------
nle(id0,id1,dist): 53 65 3.39721350370503
list:
dist: 3.39721350370503 vs. 3.39721350370503
--------
nle(id0,id1,dist): 53 60 4.379948144859657
list:
dist: 4.379948144859657 vs. 4.379948144859657
--------
nle(id0,id1,dist): 53 57 1.6516032944490333
list:
dist: 1.6516032944490333 vs. 1.6516032944490333
--------
nle(id0,id1,dist): 53 56 1.4207731131336188
list:
dist: 1.4207731131336188 vs. 1.4207731131336188
--------
nle(id0,id1,dist): 53 59 1.769127859749069
list:
dist: 1.769127859749069 vs. 1.769127859749069
--------
nle(id0,id1,dist): 53 58 0.8664278241305431
list:
dist: 0.8664278241305431 vs. 0.8664278241305431
--------
nle(id0,id1,dist): 53 81 4.237361897141727
list:
dist: 4.237361897141727 vs. 4.237361897141727
--------
nle(id0,id1,dist): 54 65 1.6900308450083372
list:
dist: 1.6900308450083372 vs. 1.6900308450083372
--------
nle(id0,id1,dist): 54 60 2.566663152732535
list:
dist: 2.566663152732535 vs. 2.566663152732535
--------
nle(id0,id1,dist): 54 58 2.035889213176992
list:
dist: 2.035889213176992 vs. 2.035889213176992
--------
nle(id0,id1,dist): 54 57 1.3634722249644347
list:
dist: 1.3634722249644347 vs. 1.3634722249644347
--------
nle(id0,id1,dist): 54 56 1.919967544823104
list:
dist: 1.919967544823104 vs. 1.919967544823104
--------
nle(id0,id1,dist): 54 55 2.574125976110726
list:
dist: 2.574125976110726 vs. 2.574125976110726
--------
nle(id0,id1,dist): 93 97 1.332258080115761
list:
dist: 1.332258080115761 vs. 1.332258080115761
--------
nle(id0,id1,dist): 93 96 1.4221001378707854
list:
dist: 1.4221001378707854 vs. 1.4221001378707854
--------
nle(id0,id1,dist): 93 99 0.7724960809746302
list:
dist: 0.7724960809746302 vs. 0.7724960809746302
--------
nle(id0,id1,dist): 93 98 0.9253420141980621
list:
dist: 0.9253420141980621 vs. 0.9253420141980621
--------
nle(id0,id1,dist): 93 101 0.45353307466890586
list:
dist: 0.45353307466890586 vs. 0.45353307466890586
--------
nle(id0,id1,dist): 93 100 0.747260731795306
list:
dist: 0.747260731795306 vs. 0.747260731795306
--------
nle(id0,id1,dist): 93 103 0.9945225991116671
list:
dist: 0.9945225991116671 vs. 0.9945225991116671
--------
nle(id0,id1,dist): 93 102 0.9878422432139853
list:
dist: 0.9878422432139853 vs. 0.9878422432139853
--------
nle(id0,id1,dist): 93 105 0.7683066604636729
list:
dist: 0.7683066604636729 vs. 0.7683066604636729
--------
nle(id0,id1,dist): 93 104 1.4212838109706785
list:
dist: 1.4212838109706785 vs. 1.4212838109706785
--------
nle(id0,id1,dist): 93 107 1.4266302112760478
list:
dist: 1.4266302112760478 vs. 1.4266302112760478
--------
nle(id0,id1,dist): 93 106 1.4144189269828464
list:
dist: 1.4144189269828464 vs. 1.4144189269828464
--------
nle(id0,id1,dist): 93 109 2.35056349688614
list:
dist: 2.35056349688614 vs. 2.35056349688614
--------
nle(id0,id1,dist): 93 108 1.637710153057482
list:
dist: 1.637710153057482 vs. 1.637710153057482
--------
nle(id0,id1,dist): 94 109 3.031082521890886
list:
dist: 3.031082521890886 vs. 3.031082521890886
--------
nle(id0,id1,dist): 94 107 2.0911107523909034
list:
dist: 2.0911107523909034 vs. 2.0911107523909034
--------
nle(id0,id1,dist): 94 108 2.359861971010375
list:
dist: 2.359861971010375 vs. 2.359861971010375
--------
nle(id0,id1,dist): 94 98 1.4448909544597541
list:
dist: 1.4448909544597541 vs. 1.4448909544597541
--------
nle(id0,id1,dist): 94 97 1.7686247477353214
list:
dist: 1.7686247477353214 vs. 1.7686247477353214
--------
nle(id0,id1,dist): 94 96 1.3194594858749915
list:
dist: 1.3194594858749915 vs. 1.3194594858749915
--------
nle(id0,id1,dist): 94 95 1.128114741372217
list:
dist: 1.128114741372217 vs. 1.128114741372217
--------
nle(id0,id1,dist): 94 102 1.4046830302916273
list:
dist: 1.4046830302916273 vs. 1.4046830302916273
--------
nle(id0,id1,dist): 94 101 1.110073524270732
list:
dist: 1.110073524270732 vs. 1.110073524270732
--------
nle(id0,id1,dist): 94 100 1.5770867232243995
list:
dist: 1.5770867232243995 vs. 1.5770867232243995
--------
nle(id0,id1,dist): 94 99 1.4585280645384195
list:
dist: 1.4585280645384195 vs. 1.4585280645384195
--------
nle(id0,id1,dist): 94 106 2.292712894763229
list:
dist: 2.292712894763229 vs. 2.292712894763229
--------
nle(id0,id1,dist): 94 105 1.4920703645125633
list:
dist: 1.4920703645125633 vs. 1.4920703645125633
--------
nle(id0,id1,dist): 94 104 2.1093831996584655
list:
dist: 2.1093831996584655 vs. 2.1093831996584655
--------
nle(id0,id1,dist): 94 103 1.8171386678519426
list:
dist: 1.8171386678519426 vs. 1.8171386678519426
--------
nle(id0,id1,dist): 92 97 1.0133065623756032
list:
dist: 1.0133065623756032 vs. 1.0133065623756032
--------
nle(id0,id1,dist): 92 98 1.3552869720793015
list:
dist: 1.3552869720793015 vs. 1.3552869720793015
--------
nle(id0,id1,dist): 92 99 1.2846793578979594
list:
dist: 1.2846793578979594 vs. 1.2846793578979594
--------
nle(id0,id1,dist): 92 100 1.0433747785066576
list:
dist: 1.0433747785066576 vs. 1.0433747785066576
--------
nle(id0,id1,dist): 92 93 1.031888693469131
list:
dist: 1.031888693469131 vs. 1.031888693469131
--------
nle(id0,id1,dist): 92 94 1.2988358216964593
list:
dist: 1.2988358216964593 vs. 1.2988358216964593
--------
nle(id0,id1,dist): 92 95 0.6435497451140794
list:
dist: 0.6435497451140794 vs. 0.6435497451140794
--------
nle(id0,id1,dist): 92 96 1.433067088159585
list:
dist: 1.433067088159585 vs. 1.433067088159585
--------
nle(id0,id1,dist): 91 107 2.295510815722011
list:
dist: 2.295510815722011 vs. 2.295510815722011
--------
nle(id0,id1,dist): 91 106 2.1753029709076777
list:
dist: 2.1753029709076777 vs. 2.1753029709076777
--------
nle(id0,id1,dist): 91 109 3.2045731139310294
list:
dist: 3.2045731139310294 vs. 3.2045731139310294
--------
nle(id0,id1,dist): 91 108 2.5364145741636475
list:
dist: 2.5364145741636475 vs. 2.5364145741636475
--------
nle(id0,id1,dist): 93 94 0.8979847486599195
list:
dist: 0.8979847486599195 vs. 0.8979847486599195
--------
nle(id0,id1,dist): 93 95 1.007117518166093
list:
dist: 1.007117518166093 vs. 1.007117518166093
--------
nle(id0,id1,dist): 92 108 2.2455322218234377
list:
dist: 2.2455322218234377 vs. 2.2455322218234377
--------
nle(id0,id1,dist): 92 107 1.9733858253038499
list:
dist: 1.9733858253038499 vs. 1.9733858253038499
--------
nle(id0,id1,dist): 92 106 1.9587539916877055
list:
dist: 1.9587539916877055 vs. 1.9587539916877055
--------
nle(id0,id1,dist): 92 105 1.5502898418520306
list:
dist: 1.5502898418520306 vs. 1.5502898418520306
--------
nle(id0,id1,dist): 92 104 1.1646097280291454
list:
dist: 1.1646097280291454 vs. 1.1646097280291454
--------
nle(id0,id1,dist): 92 103 1.2444801458712222
list:
dist: 1.2444801458712222 vs. 1.2444801458712222
--------
nle(id0,id1,dist): 92 102 1.1029178819005705
list:
dist: 1.1029178819005705 vs. 1.1029178819005705
--------
nle(id0,id1,dist): 92 101 1.411654798241712
list:
dist: 1.411654798241712 vs. 1.411654798241712
--------
nle(id0,id1,dist): 92 109 2.8476649731248864
list:
dist: 2.8476649731248864 vs. 2.8476649731248864
--------
nle(id0,id1,dist): 97 101 1.741219617044988
list:
dist: 1.741219617044988 vs. 1.741219617044988
--------
nle(id0,id1,dist): 97 100 0.9479457241761364
list:
dist: 0.9479457241761364 vs. 0.9479457241761364
--------
nle(id0,id1,dist): 97 103 0.9363294756015519
list:
dist: 0.9363294756015519 vs. 0.9363294756015519
--------
nle(id0,id1,dist): 97 102 1.8909710669533906
list:
dist: 1.8909710669533906 vs. 1.8909710669533906
--------
nle(id0,id1,dist): 97 105 1.3031372693808396
list:
dist: 1.3031372693808396 vs. 1.3031372693808396
--------
nle(id0,id1,dist): 97 104 1.614978597441018
list:
dist: 1.614978597441018 vs. 1.614978597441018
--------
nle(id0,id1,dist): 97 107 1.3451496684951894
list:
dist: 1.3451496684951894 vs. 1.3451496684951894
--------
nle(id0,id1,dist): 97 106 1.6886828257819244
list:
dist: 1.6886828257819244 vs. 1.6886828257819244
--------
nle(id0,id1,dist): 97 99 0.9120773141196941
list:
dist: 0.9120773141196941 vs. 0.9120773141196941
--------
nle(id0,id1,dist): 97 98 0.8517442077328046
list:
dist: 0.8517442077328046 vs. 0.8517442077328046
--------
nle(id0,id1,dist): 98 102 1.8219093844908711
list:
dist: 1.8219093844908711 vs. 1.8219093844908711
--------
nle(id0,id1,dist): 98 101 1.240106058959215
list:
dist: 1.240106058959215 vs. 1.240106058959215
--------
nle(id0,id1,dist): 98 100 0.7917522099308337
list:
dist: 0.7917522099308337 vs. 0.7917522099308337
--------
nle(id0,id1,dist): 98 99 0.2885700677968702
list:
dist: 0.2885700677968702 vs. 0.2885700677968702
--------
nle(id0,id1,dist): 97 108 1.668221123899596
list:
dist: 1.668221123899596 vs. 1.668221123899596
--------
nle(id0,id1,dist): 97 109 2.0950816143808138
list:
dist: 2.0950816143808138 vs. 2.0950816143808138
--------
nle(id0,id1,dist): 95 107 1.6754369981353643
list:
dist: 1.6754369981353643 vs. 1.6754369981353643
--------
nle(id0,id1,dist): 95 106 1.9745408588577422
list:
dist: 1.9745408588577422 vs. 1.9745408588577422
--------
nle(id0,id1,dist): 95 109 2.5678547723718976
list:
dist: 2.5678547723718976 vs. 2.5678547723718976
--------
nle(id0,id1,dist): 95 108 2.0120764572922774
list:
dist: 2.0120764572922774 vs. 2.0120764572922774
--------
nle(id0,id1,dist): 95 103 1.2372760577096793
list:
dist: 1.2372760577096793 vs. 1.2372760577096793
--------
nle(id0,id1,dist): 95 102 1.551971274551555
list:
dist: 1.551971274551555 vs. 1.551971274551555
--------
nle(id0,id1,dist): 95 105 1.3402600583716056
list:
dist: 1.3402600583716056 vs. 1.3402600583716056
--------
nle(id0,id1,dist): 95 104 1.6667691028785778
list:
dist: 1.6667691028785778 vs. 1.6667691028785778
--------
nle(id0,id1,dist): 95 98 0.9574821973661929
list:
dist: 0.9574821973661929 vs. 0.9574821973661929
--------
nle(id0,id1,dist): 95 99 1.0252111096547605
list:
dist: 1.0252111096547605 vs. 1.0252111096547605
--------
nle(id0,id1,dist): 95 100 1.0809434761083019
list:
dist: 1.0809434761083019 vs. 1.0809434761083019
--------
nle(id0,id1,dist): 95 101 1.45997610414784
list:
dist: 1.45997610414784 vs. 1.45997610414784
--------
nle(id0,id1,dist): 95 96 0.7910130325298254
list:
dist: 0.7910130325298254 vs. 0.7910130325298254
--------
nle(id0,id1,dist): 95 97 0.7213749416884833
list:
dist: 0.7213749416884833 vs. 0.7213749416884833
--------
nle(id0,id1,dist): 96 109 2.4593495196137707
list:
dist: 2.4593495196137707 vs. 2.4593495196137707
--------
nle(id0,id1,dist): 96 108 2.014695630002357
list:
dist: 2.014695630002357 vs. 2.014695630002357
--------
nle(id0,id1,dist): 96 107 1.6405265081883973
list:
dist: 1.6405265081883973 vs. 1.6405265081883973
--------
nle(id0,id1,dist): 96 106 2.278401127713328
list:
dist: 2.278401127713328 vs. 2.278401127713328
--------
nle(id0,id1,dist): 96 105 1.4783519464884356
list:
dist: 1.4783519464884356 vs. 1.4783519464884356
--------
nle(id0,id1,dist): 96 104 2.389497597449803
list:
dist: 2.389497597449803 vs. 2.389497597449803
--------
nle(id0,id1,dist): 96 103 1.6492417412016744
list:
dist: 1.6492417412016744 vs. 1.6492417412016744
--------
nle(id0,id1,dist): 96 102 2.217260909140697
list:
dist: 2.217260909140697 vs. 2.217260909140697
--------
nle(id0,id1,dist): 96 101 1.8277658619881127
list:
dist: 1.8277658619881127 vs. 1.8277658619881127
--------
nle(id0,id1,dist): 96 100 1.562831242074791
list:
dist: 1.562831242074791 vs. 1.562831242074791
--------
nle(id0,id1,dist): 96 99 1.2160924828532125
list:
dist: 1.2160924828532125 vs. 1.2160924828532125
--------
nle(id0,id1,dist): 96 98 0.9758578129587286
list:
dist: 0.9758578129587286 vs. 0.9758578129587286
--------
nle(id0,id1,dist): 96 97 1.0639724286791301
list:
dist: 1.0639724286791301 vs. 1.0639724286791301
--------
nle(id0,id1,dist): 85 139 1.7767613246686602
list:
dist: 1.7767613246686602 vs. 1.7767613246686602
--------
nle(id0,id1,dist): 85 138 1.449707534024262
list:
dist: 1.449707534024262 vs. 1.449707534024262
--------
nle(id0,id1,dist): 85 137 1.858158292463098
list:
dist: 1.858158292463098 vs. 1.858158292463098
--------
nle(id0,id1,dist): 85 136 1.244468160255351
list:
dist: 1.244468160255351 vs. 1.244468160255351
--------
nle(id0,id1,dist): 85 143 2.691609212810458
list:
dist: 2.691609212810458 vs. 2.691609212810458
--------
nle(id0,id1,dist): 85 142 2.4798394190434707
list:
dist: 2.4798394190434707 vs. 2.4798394190434707
--------
nle(id0,id1,dist): 85 141 2.6274967982100286
list:
dist: 2.6274967982100286 vs. 2.6274967982100286
--------
nle(id0,id1,dist): 85 140 3.0647091947614373
list:
dist: 3.0647091947614373 vs. 3.0647091947614373
--------
nle(id0,id1,dist): 85 147 2.769282464114665
list:
dist: 2.769282464114665 vs. 2.769282464114665
--------
nle(id0,id1,dist): 85 146 2.816478238687053
list:
dist: 2.816478238687053 vs. 2.816478238687053
--------
nle(id0,id1,dist): 85 145 2.797094307312847
list:
dist: 2.797094307312847 vs. 2.797094307312847
--------
nle(id0,id1,dist): 85 144 3.2158339804843066
list:
dist: 3.2158339804843066 vs. 3.2158339804843066
--------
nle(id0,id1,dist): 85 149 3.105069037976032
list:
dist: 3.105069037976032 vs. 3.105069037976032
--------
nle(id0,id1,dist): 85 148 2.779395266137955
list:
dist: 2.779395266137955 vs. 2.779395266137955
--------
nle(id0,id1,dist): 86 121 3.017361214857694
list:
dist: 3.017361214857694 vs. 3.017361214857694
--------
nle(id0,id1,dist): 86 122 2.8503092883219363
list:
dist: 2.8503092883219363 vs. 2.8503092883219363
--------
nle(id0,id1,dist): 86 120 3.187654726829072
list:
dist: 3.187654726829072 vs. 3.187654726829072
--------
nle(id0,id1,dist): 86 125 2.185091921818442
list:
dist: 2.185091921818442 vs. 2.185091921818442
--------
nle(id0,id1,dist): 87 88 2.3408932196458387
list:
dist: 2.3408932196458387 vs. 2.3408932196458387
--------
nle(id0,id1,dist): 87 89 0.7595765012015749
list:
dist: 0.7595765012015749 vs. 0.7595765012015749
--------
nle(id0,id1,dist): 86 126 1.7483225193046705
list:
dist: 1.7483225193046705 vs. 1.7483225193046705
--------
nle(id0,id1,dist): 86 124 2.497058543454321
list:
dist: 2.497058543454321 vs. 2.497058543454321
--------
nle(id0,id1,dist): 86 129 2.380198215646691
list:
dist: 2.380198215646691 vs. 2.380198215646691
--------
nle(id0,id1,dist): 86 130 3.2173710951236383
list:
dist: 3.2173710951236383 vs. 3.2173710951236383
--------
nle(id0,id1,dist): 86 127 1.8735562482953125
list:
dist: 1.8735562482953125 vs. 1.8735562482953125
--------
nle(id0,id1,dist): 86 128 1.5645775774222819
list:
dist: 1.5645775774222819 vs. 1.5645775774222819
--------
nle(id0,id1,dist): 86 132 2.4800789229126554
list:
dist: 2.4800789229126554 vs. 2.4800789229126554
--------
nle(id0,id1,dist): 86 131 2.485956772807365
list:
dist: 2.485956772807365 vs. 2.485956772807365
--------
nle(id0,id1,dist): 86 134 2.7062057247339033
list:
dist: 2.7062057247339033 vs. 2.7062057247339033
--------
nle(id0,id1,dist): 86 133 1.6335585157169215
list:
dist: 1.6335585157169215 vs. 1.6335585157169215
--------
nle(id0,id1,dist): 86 136 1.141933011366507
list:
dist: 1.141933011366507 vs. 1.141933011366507
--------
nle(id0,id1,dist): 86 135 2.805121649443725
list:
dist: 2.805121649443725 vs. 2.805121649443725
--------
nle(id0,id1,dist): 86 138 1.1746364306032102
list:
dist: 1.1746364306032102 vs. 1.1746364306032102
--------
nle(id0,id1,dist): 86 137 1.763061396284126
list:
dist: 1.763061396284126 vs. 1.763061396284126
--------
nle(id0,id1,dist): 86 140 2.892815195763094
list:
dist: 2.892815195763094 vs. 2.892815195763094
--------
nle(id0,id1,dist): 86 139 1.7810035048011381
list:
dist: 1.7810035048011381 vs. 1.7810035048011381
--------
nle(id0,id1,dist): 86 142 2.41394975572582
list:
dist: 2.41394975572582 vs. 2.41394975572582
--------
nle(id0,id1,dist): 86 141 2.5849569545174287
list:
dist: 2.5849569545174287 vs. 2.5849569545174287
--------
nle(id0,id1,dist): 86 144 2.865664058945052
list:
dist: 2.865664058945052 vs. 2.865664058945052
--------
nle(id0,id1,dist): 86 143 2.519613014147549
list:
dist: 2.519613014147549 vs. 2.519613014147549
--------
nle(id0,id1,dist): 86 146 2.5396452199261095
list:
dist: 2.5396452199261095 vs. 2.5396452199261095
--------
nle(id0,id1,dist): 86 145 2.66022651139195
list:
dist: 2.66022651139195 vs. 2.66022651139195
--------
nle(id0,id1,dist): 86 147 2.720460877318523
list:
dist: 2.720460877318523 vs. 2.720460877318523
--------
nle(id0,id1,dist): 86 148 2.5032516077799123
list:
dist: 2.5032516077799123 vs. 2.5032516077799123
--------
nle(id0,id1,dist): 86 149 2.978912201861813
list:
dist: 2.978912201861813 vs. 2.978912201861813
--------
nle(id0,id1,dist): 87 120 2.4840961208237413
list:
dist: 2.4840961208237413 vs. 2.4840961208237413
--------
nle(id0,id1,dist): 87 121 2.312989849071121
list:
dist: 2.312989849071121 vs. 2.312989849071121
--------
nle(id0,id1,dist): 87 122 2.269205551478871
list:
dist: 2.269205551478871 vs. 2.269205551478871
--------
nle(id0,id1,dist): 87 124 1.6072450601624746
list:
dist: 1.6072450601624746 vs. 1.6072450601624746
--------
nle(id0,id1,dist): 87 125 1.4352363026238883
list:
dist: 1.4352363026238883 vs. 1.4352363026238883
--------
nle(id0,id1,dist): 83 148 3.326133071494354
list:
dist: 3.326133071494354 vs. 3.326133071494354
--------
nle(id0,id1,dist): 83 146 3.2204700463475975
list:
dist: 3.2204700463475975 vs. 3.2204700463475975
--------
nle(id0,id1,dist): 84 124 0.7064314404702404
list:
dist: 0.7064314404702404 vs. 0.7064314404702404
--------
nle(id0,id1,dist): 85 87 0.9285742300704607
list:
dist: 0.9285742300704607 vs. 0.9285742300704607
--------
nle(id0,id1,dist): 84 123 2.2855715603152866
list:
dist: 2.2855715603152866 vs. 2.2855715603152866
--------
nle(id0,id1,dist): 85 86 0.4676405386728903
list:
dist: 0.4676405386728903 vs. 0.4676405386728903
--------
nle(id0,id1,dist): 84 122 1.8607294889667172
list:
dist: 1.8607294889667172 vs. 1.8607294889667172
--------
nle(id0,id1,dist): 84 121 1.5079777511436443
list:
dist: 1.5079777511436443 vs. 1.5079777511436443
--------
nle(id0,id1,dist): 84 120 1.6459907551143806
list:
dist: 1.6459907551143806 vs. 1.6459907551143806
--------
nle(id0,id1,dist): 84 131 1.3888601380159726
list:
dist: 1.3888601380159726 vs. 1.3888601380159726
--------
nle(id0,id1,dist): 84 132 1.663087025392576
list:
dist: 1.663087025392576 vs. 1.663087025392576
--------
nle(id0,id1,dist): 84 129 0.5664321536307807
list:
dist: 0.5664321536307807 vs. 0.5664321536307807
--------
nle(id0,id1,dist): 84 130 1.7433362787853457
list:
dist: 1.7433362787853457 vs. 1.7433362787853457
--------
nle(id0,id1,dist): 84 127 0.7866341439133422
list:
dist: 0.7866341439133422 vs. 0.7866341439133422
--------
nle(id0,id1,dist): 84 128 0.8306665458027068
list:
dist: 0.8306665458027068 vs. 0.8306665458027068
--------
nle(id0,id1,dist): 84 125 1.0843427231628981
list:
dist: 1.0843427231628981 vs. 1.0843427231628981
--------
nle(id0,id1,dist): 85 88 1.6159747020352877
list:
dist: 1.6159747020352877 vs. 1.6159747020352877
--------
nle(id0,id1,dist): 84 126 0.8440069905937972
list:
dist: 0.8440069905937972 vs. 0.8440069905937972
--------
nle(id0,id1,dist): 85 89 0.726352960236968
list:
dist: 0.726352960236968 vs. 0.726352960236968
--------
nle(id0,id1,dist): 84 139 1.9376396139404155
list:
dist: 1.9376396139404155 vs. 1.9376396139404155
--------
nle(id0,id1,dist): 84 140 2.4633593401951766
list:
dist: 2.4633593401951766 vs. 2.4633593401951766
--------
nle(id0,id1,dist): 84 137 1.4576658235686246
list:
dist: 1.4576658235686246 vs. 1.4576658235686246
--------
nle(id0,id1,dist): 84 138 2.32305877339396
list:
dist: 2.32305877339396 vs. 2.32305877339396
--------
nle(id0,id1,dist): 84 135 2.5250328639073616
list:
dist: 2.5250328639073616 vs. 2.5250328639073616
--------
nle(id0,id1,dist): 84 136 1.3646733765909986
list:
dist: 1.3646733765909986 vs. 1.3646733765909986
--------
nle(id0,id1,dist): 84 133 1.4961788120402906
list:
dist: 1.4961788120402906 vs. 1.4961788120402906
--------
nle(id0,id1,dist): 84 134 1.7972103535482782
list:
dist: 1.7972103535482782 vs. 1.7972103535482782
--------
nle(id0,id1,dist): 84 147 2.9998814948276724
list:
dist: 2.9998814948276724 vs. 2.9998814948276724
--------
nle(id0,id1,dist): 84 142 2.528182943294091
list:
dist: 2.528182943294091 vs. 2.528182943294091
--------
nle(id0,id1,dist): 84 141 2.1621280452503067
list:
dist: 2.1621280452503067 vs. 2.1621280452503067
--------
nle(id0,id1,dist): 84 143 2.6872378762625972
list:
dist: 2.6872378762625972 vs. 2.6872378762625972
--------
nle(id0,id1,dist): 86 87 0.9249872449850368
list:
dist: 0.9249872449850368 vs. 0.9249872449850368
--------
nle(id0,id1,dist): 85 124 2.3735241639044053
list:
dist: 2.3735241639044053 vs. 2.3735241639044053
--------
nle(id0,id1,dist): 85 125 2.2653862205373203
list:
dist: 2.2653862205373203 vs. 2.2653862205373203
--------
nle(id0,id1,dist): 86 88 1.4893711633110398
list:
dist: 1.4893711633110398 vs. 1.4893711633110398
--------
nle(id0,id1,dist): 85 126 1.7998139503695971
list:
dist: 1.7998139503695971 vs. 1.7998139503695971
--------
nle(id0,id1,dist): 86 89 0.7895876542200905
list:
dist: 0.7895876542200905 vs. 0.7895876542200905
--------
nle(id0,id1,dist): 85 127 1.8073140627926123
list:
dist: 1.8073140627926123 vs. 1.8073140627926123
--------
nle(id0,id1,dist): 85 120 3.2138262548232848
list:
dist: 3.2138262548232848 vs. 3.2138262548232848
--------
nle(id0,id1,dist): 85 121 3.0479410029364504
list:
dist: 3.0479410029364504 vs. 3.0479410029364504
--------
nle(id0,id1,dist): 85 122 2.9969890694389125
list:
dist: 2.9969890694389125 vs. 2.9969890694389125
--------
nle(id0,id1,dist): 85 132 2.6245665744416447
list:
dist: 2.6245665744416447 vs. 2.6245665744416447
--------
nle(id0,id1,dist): 85 133 1.6524263580138363
list:
dist: 1.6524263580138363 vs. 1.6524263580138363
--------
nle(id0,id1,dist): 85 134 2.755030702935218
list:
dist: 2.755030702935218 vs. 2.755030702935218
--------
nle(id0,id1,dist): 85 135 3.0929238844608165
list:
dist: 3.0929238844608165 vs. 3.0929238844608165
--------
nle(id0,id1,dist): 85 128 1.469745220508003
list:
dist: 1.469745220508003 vs. 1.469745220508003
--------
nle(id0,id1,dist): 85 129 2.2820497222961804
list:
dist: 2.2820497222961804 vs. 2.2820497222961804
--------
nle(id0,id1,dist): 85 130 3.268976222690258
list:
dist: 3.268976222690258 vs. 3.268976222690258
--------
nle(id0,id1,dist): 85 131 2.445210872722225
list:
dist: 2.445210872722225 vs. 2.445210872722225
--------
nle(id0,id1,dist): 89 126 1.8435498698359176
list:
dist: 1.8435498698359176 vs. 1.8435498698359176
--------
nle(id0,id1,dist): 89 127 1.5359690454075305
list:
dist: 1.5359690454075305 vs. 1.5359690454075305
--------
nle(id0,id1,dist): 89 124 2.211429606520044
list:
dist: 2.211429606520044 vs. 2.211429606520044
--------
nle(id0,id1,dist): 89 125 2.1746298702605293
list:
dist: 2.1746298702605293 vs. 2.1746298702605293
--------
nle(id0,id1,dist): 89 130 3.1144681430676977
list:
dist: 3.1144681430676977 vs. 3.1144681430676977
--------
nle(id0,id1,dist): 90 93 1.2070765699712056
list:
dist: 1.2070765699712056 vs. 1.2070765699712056
--------
nle(id0,id1,dist): 90 94 0.5732340483095207
list:
dist: 0.5732340483095207 vs. 0.5732340483095207
--------
nle(id0,id1,dist): 89 131 2.0217521122171416
list:
dist: 2.0217521122171416 vs. 2.0217521122171416
--------
nle(id0,id1,dist): 90 91 0.838467816017565
list:
dist: 0.838467816017565 vs. 0.838467816017565
--------
nle(id0,id1,dist): 89 128 1.210342766153189
list:
dist: 1.210342766153189 vs. 1.210342766153189
--------
nle(id0,id1,dist): 90 92 1.2196986336397357
list:
dist: 1.2196986336397357 vs. 1.2196986336397357
--------
nle(id0,id1,dist): 89 129 2.1706712734761853
list:
dist: 2.1706712734761853 vs. 2.1706712734761853
--------
nle(id0,id1,dist): 89 122 3.0076195659102933
list:
dist: 3.0076195659102933 vs. 3.0076195659102933
--------
nle(id0,id1,dist): 89 120 3.2380689406940837
list:
dist: 3.2380689406940837 vs. 3.2380689406940837
--------
nle(id0,id1,dist): 89 121 3.067655871935752
list:
dist: 3.067655871935752 vs. 3.067655871935752
--------
nle(id0,id1,dist): 89 143 2.046317100324253
list:
dist: 2.046317100324253 vs. 2.046317100324253
--------
nle(id0,id1,dist): 90 106 2.6079149389986314
list:
dist: 2.6079149389986314 vs. 2.6079149389986314
--------
nle(id0,id1,dist): 89 142 1.7793205990691716
list:
dist: 1.7793205990691716 vs. 1.7793205990691716
--------
nle(id0,id1,dist): 90 105 1.9201606641317588
list:
dist: 1.9201606641317588 vs. 1.9201606641317588
--------
nle(id0,id1,dist): 90 104 2.0624711807916394
list:
dist: 2.0624711807916394 vs. 2.0624711807916394
--------
nle(id0,id1,dist): 89 141 2.0147845798644335
list:
dist: 2.0147845798644335 vs. 2.0147845798644335
--------
nle(id0,id1,dist): 90 103 2.0751994210064946
list:
dist: 2.0751994210064946 vs. 2.0751994210064946
--------
nle(id0,id1,dist): 89 140 2.5565225884945293
list:
dist: 2.5565225884945293 vs. 2.5565225884945293
--------
nle(id0,id1,dist): 89 147 2.044173740598402
list:
dist: 2.044173740598402 vs. 2.044173740598402
--------
nle(id0,id1,dist): 90 109 3.4766651530279487
list:
dist: 3.4766651530279487 vs. 3.4766651530279487
--------
nle(id0,id1,dist): 89 146 2.2315469299871338
list:
dist: 2.2315469299871338 vs. 2.2315469299871338
--------
nle(id0,id1,dist): 90 108 2.7960426785765926
list:
dist: 2.7960426785765926 vs. 2.7960426785765926
--------
nle(id0,id1,dist): 89 145 2.08959242940715
list:
dist: 2.08959242940715 vs. 2.08959242940715
--------
nle(id0,id1,dist): 90 107 2.5283678078852034
list:
dist: 2.5283678078852034 vs. 2.5283678078852034
--------
nle(id0,id1,dist): 89 144 2.7821996060214573
list:
dist: 2.7821996060214573 vs. 2.7821996060214573
--------
nle(id0,id1,dist): 90 98 1.8544113087719547
list:
dist: 1.8544113087719547 vs. 1.8544113087719547
--------
nle(id0,id1,dist): 89 135 2.8829222712880997
list:
dist: 2.8829222712880997 vs. 2.8829222712880997
--------
nle(id0,id1,dist): 90 97 1.9628905718129164
list:
dist: 1.9628905718129164 vs. 1.9628905718129164
--------
nle(id0,id1,dist): 89 134 2.2940444732618004
list:
dist: 2.2940444732618004 vs. 2.2940444732618004
--------
nle(id0,id1,dist): 90 96 1.6512476653565105
list:
dist: 1.6512476653565105 vs. 1.6512476653565105
--------
nle(id0,id1,dist): 89 133 1.1106844974202648
list:
dist: 1.1106844974202648 vs. 1.1106844974202648
--------
nle(id0,id1,dist): 90 95 1.2702722535701236
list:
dist: 1.2702722535701236 vs. 1.2702722535701236
--------
nle(id0,id1,dist): 89 132 2.3445738426122165
list:
dist: 2.3445738426122165 vs. 2.3445738426122165
--------
nle(id0,id1,dist): 89 139 1.098595521389308
list:
dist: 1.098595521389308 vs. 1.098595521389308
--------
nle(id0,id1,dist): 90 102 1.2920398478817583
list:
dist: 1.2920398478817583 vs. 1.2920398478817583
--------
nle(id0,id1,dist): 90 101 1.4108545717930967
list:
dist: 1.4108545717930967 vs. 1.4108545717930967
--------
nle(id0,id1,dist): 89 138 0.934878072084077
list:
dist: 0.934878072084077 vs. 0.934878072084077
--------
nle(id0,id1,dist): 90 100 1.8152018545784052
list:
dist: 1.8152018545784052 vs. 1.8152018545784052
--------
nle(id0,id1,dist): 89 137 1.4141746547505638
list:
dist: 1.4141746547505638 vs. 1.4141746547505638
--------
nle(id0,id1,dist): 89 136 0.8993869275128198
list:
dist: 0.8993869275128198 vs. 0.8993869275128198
--------
nle(id0,id1,dist): 90 99 1.8378336156630974
list:
dist: 1.8378336156630974 vs. 1.8378336156630974
--------
nle(id0,id1,dist): 89 148 2.1789737066521986
list:
dist: 2.1789737066521986 vs. 2.1789737066521986
--------
nle(id0,id1,dist): 89 149 2.4702756088148465
list:
dist: 2.4702756088148465 vs. 2.4702756088148465
--------
nle(id0,id1,dist): 91 99 1.5803466324675914
list:
dist: 1.5803466324675914 vs. 1.5803466324675914
--------
nle(id0,id1,dist): 91 98 1.6811660308843392
list:
dist: 1.6811660308843392 vs. 1.6811660308843392
--------
nle(id0,id1,dist): 91 101 1.2859078656944585
list:
dist: 1.2859078656944585 vs. 1.2859078656944585
--------
nle(id0,id1,dist): 91 100 1.332714519824241
list:
dist: 1.332714519824241 vs. 1.332714519824241
--------
nle(id0,id1,dist): 91 103 1.5851112871439443
list:
dist: 1.5851112871439443 vs. 1.5851112871439443
--------
nle(id0,id1,dist): 91 102 0.7578781525633128
list:
dist: 0.7578781525633128 vs. 0.7578781525633128
--------
nle(id0,id1,dist): 91 105 1.736052942702265
list:
dist: 1.736052942702265 vs. 1.736052942702265
--------
nle(id0,id1,dist): 91 104 1.280151132528986
list:
dist: 1.280151132528986 vs. 1.280151132528986
--------
nle(id0,id1,dist): 91 93 1.0267033170151754
list:
dist: 1.0267033170151754 vs. 1.0267033170151754
--------
nle(id0,id1,dist): 91 92 0.5788756757937455
list:
dist: 0.5788756757937455 vs. 0.5788756757937455
--------
nle(id0,id1,dist): 91 95 1.0379659557810639
list:
dist: 1.0379659557810639 vs. 1.0379659557810639
--------
nle(id0,id1,dist): 91 94 1.0949572445004936
list:
dist: 1.0949572445004936 vs. 1.0949572445004936
--------
nle(id0,id1,dist): 91 97 1.5525884813229411
list:
dist: 1.5525884813229411 vs. 1.5525884813229411
--------
nle(id0,id1,dist): 91 96 1.744543089739467
list:
dist: 1.744543089739467 vs. 1.744543089739467
--------
nle(id0,id1,dist): 87 140 2.19511639332216
list:
dist: 2.19511639332216 vs. 2.19511639332216
--------
nle(id0,id1,dist): 87 141 1.8341735639063574
list:
dist: 1.8341735639063574 vs. 1.8341735639063574
--------
nle(id0,id1,dist): 87 138 1.1554374341601839
list:
dist: 1.1554374341601839 vs. 1.1554374341601839
--------
nle(id0,id1,dist): 87 139 1.1935222417457831
list:
dist: 1.1935222417457831 vs. 1.1935222417457831
--------
nle(id0,id1,dist): 87 136 0.38299270827144294
list:
dist: 0.38299270827144294 vs. 0.38299270827144294
--------
nle(id0,id1,dist): 87 137 0.9627480318155729
list:
dist: 0.9627480318155729 vs. 0.9627480318155729
--------
nle(id0,id1,dist): 87 134 1.8460268800419355
list:
dist: 1.8460268800419355 vs. 1.8460268800419355
--------
nle(id0,id1,dist): 87 135 2.3246807035015395
list:
dist: 2.3246807035015395 vs. 2.3246807035015395
--------
nle(id0,id1,dist): 87 132 1.7196732562038488
list:
dist: 1.7196732562038488 vs. 1.7196732562038488
--------
nle(id0,id1,dist): 87 133 0.8541979772513565
list:
dist: 0.8541979772513565 vs. 0.8541979772513565
--------
nle(id0,id1,dist): 87 130 2.4079920397179575
list:
dist: 2.4079920397179575 vs. 2.4079920397179575
--------
nle(id0,id1,dist): 87 131 1.5774589398161452
list:
dist: 1.5774589398161452 vs. 1.5774589398161452
--------
nle(id0,id1,dist): 87 128 0.6521964976610698
list:
dist: 0.6521964976610698 vs. 0.6521964976610698
--------
nle(id0,id1,dist): 87 129 1.5119733505926125
list:
dist: 1.5119733505926125 vs. 1.5119733505926125
--------
nle(id0,id1,dist): 87 126 1.0853682843246084
list:
dist: 1.0853682843246084 vs. 1.0853682843246084
--------
nle(id0,id1,dist): 88 89 1.7952584284885746
list:
dist: 1.7952584284885746 vs. 1.7952584284885746
--------
nle(id0,id1,dist): 87 127 0.9498141457856191
list:
dist: 0.9498141457856191 vs. 0.9498141457856191
--------
nle(id0,id1,dist): 87 149 2.998342063259415
list:
dist: 2.998342063259415 vs. 2.998342063259415
--------
nle(id0,id1,dist): 87 148 2.341159751196063
list:
dist: 2.341159751196063 vs. 2.341159751196063
--------
nle(id0,id1,dist): 87 147 2.2868773544688135
list:
dist: 2.2868773544688135 vs. 2.2868773544688135
--------
nle(id0,id1,dist): 87 146 2.247545172295674
list:
dist: 2.247545172295674 vs. 2.247545172295674
--------
nle(id0,id1,dist): 87 145 2.349177810679819
list:
dist: 2.349177810679819 vs. 2.349177810679819
--------
nle(id0,id1,dist): 87 144 2.586355728962861
list:
dist: 2.586355728962861 vs. 2.586355728962861
--------
nle(id0,id1,dist): 87 143 2.005567443678563
list:
dist: 2.005567443678563 vs. 2.005567443678563
--------
nle(id0,id1,dist): 87 142 1.8673097163446708
list:
dist: 1.8673097163446708 vs. 1.8673097163446708
--------
nle(id0,id1,dist): 88 149 2.87015478857205
list:
dist: 2.87015478857205 vs. 2.87015478857205
--------
nle(id0,id1,dist): 88 138 1.9672874583040403
list:
dist: 1.9672874583040403 vs. 1.9672874583040403
--------
nle(id0,id1,dist): 81 82 1.0319457218653985
list:
dist: 1.0319457218653985 vs. 1.0319457218653985
--------
nle(id0,id1,dist): 81 83 1.1663389421918633
list:
dist: 1.1663389421918633 vs. 1.1663389421918633
--------
nle(id0,id1,dist): 80 120 2.282347628605852
list:
dist: 2.282347628605852 vs. 2.282347628605852
--------
nle(id0,id1,dist): 80 127 1.5650254738424745
list:
dist: 1.5650254738424745 vs. 1.5650254738424745
--------
nle(id0,id1,dist): 80 128 1.3654592387249982
list:
dist: 1.3654592387249982 vs. 1.3654592387249982
--------
nle(id0,id1,dist): 80 125 1.5971893299944147
list:
dist: 1.5971893299944147 vs. 1.5971893299944147
--------
nle(id0,id1,dist): 81 88 2.5802259020433302
list:
dist: 2.5802259020433302 vs. 2.5802259020433302
--------
nle(id0,id1,dist): 80 126 1.0464609471497146
list:
dist: 1.0464609471497146 vs. 1.0464609471497146
--------
nle(id0,id1,dist): 81 89 2.234834306355179
list:
dist: 2.234834306355179 vs. 2.234834306355179
--------
nle(id0,id1,dist): 81 86 1.775268663769649
list:
dist: 1.775268663769649 vs. 1.775268663769649
--------
nle(id0,id1,dist): 80 124 1.8695802580843308
list:
dist: 1.8695802580843308 vs. 1.8695802580843308
--------
nle(id0,id1,dist): 81 87 2.0645184301166544
list:
dist: 2.0645184301166544 vs. 2.0645184301166544
--------
nle(id0,id1,dist): 80 121 2.131845008857096
list:
dist: 2.131845008857096 vs. 2.131845008857096
--------
nle(id0,id1,dist): 81 84 2.1524578935988368
list:
dist: 2.1524578935988368 vs. 2.1524578935988368
--------
nle(id0,id1,dist): 80 122 2.146706952806705
list:
dist: 2.146706952806705 vs. 2.146706952806705
--------
nle(id0,id1,dist): 81 85 1.5443268158255583
list:
dist: 1.5443268158255583 vs. 1.5443268158255583
--------
nle(id0,id1,dist): 79 141 3.8963863895709383
list:
dist: 3.8963863895709383 vs. 3.8963863895709383
--------
nle(id0,id1,dist): 79 140 4.12727664075756
list:
dist: 4.12727664075756 vs. 4.12727664075756
--------
nle(id0,id1,dist): 79 139 3.1286115135548744
list:
dist: 3.1286115135548744 vs. 3.1286115135548744
--------
nle(id0,id1,dist): 79 138 2.5583993630590114
list:
dist: 2.5583993630590114 vs. 2.5583993630590114
--------
nle(id0,id1,dist): 79 137 2.9873867910257346
list:
dist: 2.9873867910257346 vs. 2.9873867910257346
--------
nle(id0,id1,dist): 79 136 2.3794831517614297
list:
dist: 2.3794831517614297 vs. 2.3794831517614297
--------
nle(id0,id1,dist): 79 135 3.6810883656078888
list:
dist: 3.6810883656078888 vs. 3.6810883656078888
--------
nle(id0,id1,dist): 79 134 3.8685275371634242
list:
dist: 3.8685275371634242 vs. 3.8685275371634242
--------
nle(id0,id1,dist): 79 148 3.851853095968568
list:
dist: 3.851853095968568 vs. 3.851853095968568
--------
nle(id0,id1,dist): 79 146 3.8810597771434505
list:
dist: 3.8810597771434505 vs. 3.8810597771434505
--------
nle(id0,id1,dist): 79 144 4.035910898082052
list:
dist: 4.035910898082052 vs. 4.035910898082052
--------
nle(id0,id1,dist): 79 143 3.8983462671432796
list:
dist: 3.8983462671432796 vs. 3.8983462671432796
--------
nle(id0,id1,dist): 79 122 3.3682628011027096
list:
dist: 3.3682628011027096 vs. 3.3682628011027096
--------
nle(id0,id1,dist): 80 85 1.1409644449991345
list:
dist: 1.1409644449991345 vs. 1.1409644449991345
--------
nle(id0,id1,dist): 80 86 1.220982693443357
list:
dist: 1.220982693443357 vs. 1.220982693443357
--------
nle(id0,id1,dist): 79 124 3.2895394103609106
list:
dist: 3.2895394103609106 vs. 3.2895394103609106
--------
nle(id0,id1,dist): 80 87 1.074182824783748
list:
dist: 1.074182824783748 vs. 1.074182824783748
--------
nle(id0,id1,dist): 79 125 2.9570627201954074
list:
dist: 2.9570627201954074 vs. 2.9570627201954074
--------
nle(id0,id1,dist): 80 88 2.5939210156704826
list:
dist: 2.5939210156704826 vs. 2.5939210156704826
--------
nle(id0,id1,dist): 80 81 1.203401451718464
list:
dist: 1.203401451718464 vs. 1.203401451718464
--------
nle(id0,id1,dist): 80 82 1.0077461087744288
list:
dist: 1.0077461087744288 vs. 1.0077461087744288
--------
nle(id0,id1,dist): 80 83 0.14586474112871872
list:
dist: 0.14586474112871872 vs. 0.14586474112871872
--------
nle(id0,id1,dist): 79 120 3.640682994753615
list:
dist: 3.640682994753615 vs. 3.640682994753615
--------
nle(id0,id1,dist): 79 121 3.4976915888699596
list:
dist: 3.4976915888699596 vs. 3.4976915888699596
--------
nle(id0,id1,dist): 80 84 1.1942158355967216
list:
dist: 1.1942158355967216 vs. 1.1942158355967216
--------
nle(id0,id1,dist): 79 130 3.954204207853875
list:
dist: 3.954204207853875 vs. 3.954204207853875
--------
nle(id0,id1,dist): 79 131 3.5955979282387416
list:
dist: 3.5955979282387416 vs. 3.5955979282387416
--------
nle(id0,id1,dist): 79 132 3.47090325877203
list:
dist: 3.47090325877203 vs. 3.47090325877203
--------
nle(id0,id1,dist): 79 133 2.9142111958991608
list:
dist: 2.9142111958991608 vs. 2.9142111958991608
--------
nle(id0,id1,dist): 79 126 2.4205439294073354
list:
dist: 2.4205439294073354 vs. 2.4205439294073354
--------
nle(id0,id1,dist): 80 89 1.5849633499365998
list:
dist: 1.5849633499365998 vs. 1.5849633499365998
--------
nle(id0,id1,dist): 79 127 2.8816292940625967
list:
dist: 2.8816292940625967 vs. 2.8816292940625967
--------
nle(id0,id1,dist): 79 128 2.6014852123645755
list:
dist: 2.6014852123645755 vs. 2.6014852123645755
--------
nle(id0,id1,dist): 79 129 3.1275678862018466
list:
dist: 3.1275678862018466 vs. 3.1275678862018466
--------
nle(id0,id1,dist): 79 88 1.876739843345149
list:
dist: 1.876739843345149 vs. 1.876739843345149
--------
nle(id0,id1,dist): 79 89 2.096212193132488
list:
dist: 2.096212193132488 vs. 2.096212193132488
--------
nle(id0,id1,dist): 79 86 1.4091868432232137
list:
dist: 1.4091868432232137 vs. 1.4091868432232137
--------
nle(id0,id1,dist): 79 87 2.07545846873188
list:
dist: 2.07545846873188 vs. 2.07545846873188
--------
nle(id0,id1,dist): 78 138 2.3857742089007004
list:
dist: 2.3857742089007004 vs. 2.3857742089007004
--------
nle(id0,id1,dist): 77 147 2.8217227948927923
list:
dist: 2.8217227948927923 vs. 2.8217227948927923
--------
nle(id0,id1,dist): 77 146 2.3558897228973055
list:
dist: 2.3558897228973055 vs. 2.3558897228973055
--------
nle(id0,id1,dist): 77 145 2.681619168587187
list:
dist: 2.681619168587187 vs. 2.681619168587187
--------
nle(id0,id1,dist): 77 144 2.525983365125597
list:
dist: 2.525983365125597 vs. 2.525983365125597
--------
nle(id0,id1,dist): 77 149 3.0673705046341553
list:
dist: 3.0673705046341553 vs. 3.0673705046341553
--------
nle(id0,id1,dist): 77 148 2.357557032977945
list:
dist: 2.357557032977945 vs. 2.357557032977945
--------
nle(id0,id1,dist): 79 81 0.9648056770360608
list:
dist: 0.9648056770360608 vs. 0.9648056770360608
--------
nle(id0,id1,dist): 79 80 1.451973594161971
list:
dist: 1.451973594161971 vs. 1.451973594161971
--------
nle(id0,id1,dist): 79 85 1.395531220556046
list:
dist: 1.395531220556046 vs. 1.395531220556046
--------
nle(id0,id1,dist): 79 84 2.6136934770427667
list:
dist: 2.6136934770427667 vs. 2.6136934770427667
--------
nle(id0,id1,dist): 79 83 1.4772178530776572
list:
dist: 1.4772178530776572 vs. 1.4772178530776572
--------
nle(id0,id1,dist): 79 82 0.7768376865894338
list:
dist: 0.7768376865894338 vs. 0.7768376865894338
--------
nle(id0,id1,dist): 77 128 1.7131240792848244
list:
dist: 1.7131240792848244 vs. 1.7131240792848244
--------
nle(id0,id1,dist): 77 129 2.4418861675176036
list:
dist: 2.4418861675176036 vs. 2.4418861675176036
--------
nle(id0,id1,dist): 77 130 3.0843193612018087
list:
dist: 3.0843193612018087 vs. 3.0843193612018087
--------
nle(id0,id1,dist): 77 131 2.5456262939138896
list:
dist: 2.5456262939138896 vs. 2.5456262939138896
--------
nle(id0,id1,dist): 77 132 2.2963392547596198
list:
dist: 2.2963392547596198 vs. 2.2963392547596198
--------
nle(id0,id1,dist): 77 133 1.7243002999291113
list:
dist: 1.7243002999291113 vs. 1.7243002999291113
--------
nle(id0,id1,dist): 77 134 2.6671403789099712
list:
dist: 2.6671403789099712 vs. 2.6671403789099712
--------
nle(id0,id1,dist): 77 135 2.439066424945826
list:
dist: 2.439066424945826 vs. 2.439066424945826
--------
nle(id0,id1,dist): 77 136 1.1677409150729618
list:
dist: 1.1677409150729618 vs. 1.1677409150729618
--------
nle(id0,id1,dist): 77 137 1.7291788825217
list:
dist: 1.7291788825217 vs. 1.7291788825217
--------
nle(id0,id1,dist): 77 138 1.1267635720916656
list:
dist: 1.1267635720916656 vs. 1.1267635720916656
--------
nle(id0,id1,dist): 77 139 1.936453215231337
list:
dist: 1.936453215231337 vs. 1.936453215231337
--------
nle(id0,id1,dist): 77 140 2.7322965748819428
list:
dist: 2.7322965748819428 vs. 2.7322965748819428
--------
nle(id0,id1,dist): 77 141 2.6127228802951703
list:
dist: 2.6127228802951703 vs. 2.6127228802951703
--------
nle(id0,id1,dist): 77 142 2.476587642699764
list:
dist: 2.476587642699764 vs. 2.476587642699764
--------
nle(id0,id1,dist): 77 143 2.443313124345397
list:
dist: 2.443313124345397 vs. 2.443313124345397
--------
nle(id0,id1,dist): 78 80 2.081876640215044
list:
dist: 2.081876640215044 vs. 2.081876640215044
--------
nle(id0,id1,dist): 78 79 0.9105215642066281
list:
dist: 0.9105215642066281 vs. 0.9105215642066281
--------
nle(id0,id1,dist): 78 82 1.2299940433380174
list:
dist: 1.2299940433380174 vs. 1.2299940433380174
--------
nle(id0,id1,dist): 78 81 1.8429937734478576
list:
dist: 1.8429937734478576 vs. 1.8429937734478576
--------
nle(id0,id1,dist): 77 121 2.8871621287093707
list:
dist: 2.8871621287093707 vs. 2.8871621287093707
--------
nle(id0,id1,dist): 78 83 2.1154299678671262
list:
dist: 2.1154299678671262 vs. 2.1154299678671262
--------
nle(id0,id1,dist): 77 120 3.0569227675486896
list:
dist: 3.0569227675486896 vs. 3.0569227675486896
--------
nle(id0,id1,dist): 78 86 1.4477422258505293
list:
dist: 1.4477422258505293 vs. 1.4477422258505293
--------
nle(id0,id1,dist): 78 85 1.6032565585249792
list:
dist: 1.6032565585249792 vs. 1.6032565585249792
--------
nle(id0,id1,dist): 77 122 2.595618954165772
list:
dist: 2.595618954165772 vs. 2.595618954165772
--------
nle(id0,id1,dist): 77 125 2.050726575010372
list:
dist: 2.050726575010372 vs. 2.050726575010372
--------
nle(id0,id1,dist): 78 88 1.204640018543195
list:
dist: 1.204640018543195 vs. 1.204640018543195
--------
nle(id0,id1,dist): 78 87 2.3389221976939454
list:
dist: 2.3389221976939454 vs. 2.3389221976939454
--------
nle(id0,id1,dist): 77 124 2.5909046381929692
list:
dist: 2.5909046381929692 vs. 2.5909046381929692
--------
nle(id0,id1,dist): 77 127 1.9635638580883559
list:
dist: 1.9635638580883559 vs. 1.9635638580883559
--------
nle(id0,id1,dist): 78 89 2.141233968481341
list:
dist: 2.141233968481341 vs. 2.141233968481341
--------
nle(id0,id1,dist): 77 126 1.6594458159364567
list:
dist: 1.6594458159364567 vs. 1.6594458159364567
--------
nle(id0,id1,dist): 83 144 3.3853788357615975
list:
dist: 3.3853788357615975 vs. 3.3853788357615975
--------
nle(id0,id1,dist): 83 143 3.018758030075369
list:
dist: 3.018758030075369 vs. 3.018758030075369
--------
nle(id0,id1,dist): 83 141 2.7719600051187445
list:
dist: 2.7719600051187445 vs. 2.7719600051187445
--------
nle(id0,id1,dist): 83 140 3.024800343354017
list:
dist: 3.024800343354017 vs. 3.024800343354017
--------
nle(id0,id1,dist): 83 139 2.2051933233869065
list:
dist: 2.2051933233869065 vs. 2.2051933233869065
--------
nle(id0,id1,dist): 83 138 2.0761806339037947
list:
dist: 2.0761806339037947 vs. 2.0761806339037947
--------
nle(id0,id1,dist): 83 137 1.855333272051777
list:
dist: 1.855333272051777 vs. 1.855333272051777
--------
nle(id0,id1,dist): 83 136 1.3727274876274898
list:
dist: 1.3727274876274898 vs. 1.3727274876274898
--------
nle(id0,id1,dist): 83 135 2.761795730972451
list:
dist: 2.761795730972451 vs. 2.761795730972451
--------
nle(id0,id1,dist): 83 134 2.5850177554141385
list:
dist: 2.5850177554141385 vs. 2.5850177554141385
--------
nle(id0,id1,dist): 83 133 1.8378848072229554
list:
dist: 1.8378848072229554 vs. 1.8378848072229554
--------
nle(id0,id1,dist): 83 132 2.2449033178283604
list:
dist: 2.2449033178283604 vs. 2.2449033178283604
--------
nle(id0,id1,dist): 83 131 2.258452429639968
list:
dist: 2.258452429639968 vs. 2.258452429639968
--------
nle(id0,id1,dist): 83 130 2.5869385698358496
list:
dist: 2.5869385698358496 vs. 2.5869385698358496
--------
nle(id0,id1,dist): 83 128 1.3124077202645705
list:
dist: 1.3124077202645705 vs. 1.3124077202645705
--------
nle(id0,id1,dist): 83 129 1.657785456879008
list:
dist: 1.657785456879008 vs. 1.657785456879008
--------
nle(id0,id1,dist): 83 126 1.0960710385701165
list:
dist: 1.0960710385701165 vs. 1.0960710385701165
--------
nle(id0,id1,dist): 84 89 1.8686527980976273
list:
dist: 1.8686527980976273 vs. 1.8686527980976273
--------
nle(id0,id1,dist): 83 127 1.525918157893419
list:
dist: 1.525918157893419 vs. 1.525918157893419
--------
nle(id0,id1,dist): 83 124 1.8243447851595127
list:
dist: 1.8243447851595127 vs. 1.8243447851595127
--------
nle(id0,id1,dist): 84 87 1.2218272373550991
list:
dist: 1.2218272373550991 vs. 1.2218272373550991
--------
nle(id0,id1,dist): 83 125 1.641725080280644
list:
dist: 1.641725080280644 vs. 1.641725080280644
--------
nle(id0,id1,dist): 83 122 2.23331389186151
list:
dist: 2.23331389186151 vs. 2.23331389186151
--------
nle(id0,id1,dist): 84 85 1.838595233192448
list:
dist: 1.838595233192448 vs. 1.838595233192448
--------
nle(id0,id1,dist): 84 86 1.9919139111297157
list:
dist: 1.9919139111297157 vs. 1.9919139111297157
--------
nle(id0,id1,dist): 83 120 2.3283266440113737
list:
dist: 2.3283266440113737 vs. 2.3283266440113737
--------
nle(id0,id1,dist): 83 121 2.178587484267493
list:
dist: 2.178587484267493 vs. 2.178587484267493
--------
nle(id0,id1,dist): 82 148 3.2792532761570383
list:
dist: 3.2792532761570383 vs. 3.2792532761570383
--------
nle(id0,id1,dist): 82 147 3.3892193355109415
list:
dist: 3.3892193355109415 vs. 3.3892193355109415
--------
nle(id0,id1,dist): 82 149 3.6684973051104657
list:
dist: 3.6684973051104657 vs. 3.6684973051104657
--------
nle(id0,id1,dist): 82 144 3.5733359545635097
list:
dist: 3.5733359545635097 vs. 3.5733359545635097
--------
nle(id0,id1,dist): 82 143 3.2329247408919146
list:
dist: 3.2329247408919146 vs. 3.2329247408919146
--------
nle(id0,id1,dist): 82 146 3.3015146619021274
list:
dist: 3.3015146619021274 vs. 3.3015146619021274
--------
nle(id0,id1,dist): 82 145 3.3892762008326733
list:
dist: 3.3892762008326733 vs. 3.3892762008326733
--------
nle(id0,id1,dist): 82 140 3.5087540309290595
list:
dist: 3.5087540309290595 vs. 3.5087540309290595
--------
nle(id0,id1,dist): 82 139 2.379934673789295
list:
dist: 2.379934673789295 vs. 2.379934673789295
--------
nle(id0,id1,dist): 82 142 3.077858587585906
list:
dist: 3.077858587585906 vs. 3.077858587585906
--------
nle(id0,id1,dist): 82 141 3.175246227186646
list:
dist: 3.175246227186646 vs. 3.175246227186646
--------
nle(id0,id1,dist): 82 136 1.6980201014836735
list:
dist: 1.6980201014836735 vs. 1.6980201014836735
--------
nle(id0,id1,dist): 82 135 3.292694698335357
list:
dist: 3.292694698335357 vs. 3.292694698335357
--------
nle(id0,id1,dist): 82 138 1.9464518208697945
list:
dist: 1.9464518208697945 vs. 1.9464518208697945
--------
nle(id0,id1,dist): 82 137 2.3157463670654086
list:
dist: 2.3157463670654086 vs. 2.3157463670654086
--------
nle(id0,id1,dist): 82 131 2.8973831143432482
list:
dist: 2.8973831143432482 vs. 2.8973831143432482
--------
nle(id0,id1,dist): 82 132 2.9263655337975023
list:
dist: 2.9263655337975023 vs. 2.9263655337975023
--------
nle(id0,id1,dist): 82 133 2.1873567953771356
list:
dist: 2.1873567953771356 vs. 2.1873567953771356
--------
nle(id0,id1,dist): 82 134 3.2010225762089926
list:
dist: 3.2010225762089926 vs. 3.2010225762089926
--------
nle(id0,id1,dist): 82 127 2.200158354589564
list:
dist: 2.200158354589564 vs. 2.200158354589564
--------
nle(id0,id1,dist): 82 128 1.8926570741922957
list:
dist: 1.8926570741922957 vs. 1.8926570741922957
--------
nle(id0,id1,dist): 82 129 2.5362206382447923
list:
dist: 2.5362206382447923 vs. 2.5362206382447923
--------
nle(id0,id1,dist): 82 130 3.471187513288219
list:
dist: 3.471187513288219 vs. 3.471187513288219
--------
nle(id0,id1,dist): 83 86 1.2220792082133047
list:
dist: 1.2220792082133047 vs. 1.2220792082133047
--------
nle(id0,id1,dist): 83 87 1.0470014718586274
list:
dist: 1.0470014718586274 vs. 1.0470014718586274
--------
nle(id0,id1,dist): 82 124 2.6682659731235816
list:
dist: 2.6682659731235816 vs. 2.6682659731235816
--------
nle(id0,id1,dist): 82 125 2.4577948797621705
list:
dist: 2.4577948797621705 vs. 2.4577948797621705
--------
nle(id0,id1,dist): 83 88 2.5858775412450186
list:
dist: 2.5858775412450186 vs. 2.5858775412450186
--------
nle(id0,id1,dist): 83 89 1.532862171058142
list:
dist: 1.532862171058142 vs. 1.532862171058142
--------
nle(id0,id1,dist): 82 126 1.9305058979686014
list:
dist: 1.9305058979686014 vs. 1.9305058979686014
--------
nle(id0,id1,dist): 82 120 3.2738186229438693
list:
dist: 3.2738186229438693 vs. 3.2738186229438693
--------
nle(id0,id1,dist): 83 84 1.140230154341338
list:
dist: 1.140230154341338 vs. 1.140230154341338
--------
nle(id0,id1,dist): 82 121 3.1174204795314964
list:
dist: 3.1174204795314964 vs. 3.1174204795314964
--------
nle(id0,id1,dist): 83 85 1.0876992169578967
list:
dist: 1.0876992169578967 vs. 1.0876992169578967
--------
nle(id0,id1,dist): 82 122 3.047074186309408
list:
dist: 3.047074186309408 vs. 3.047074186309408
--------
nle(id0,id1,dist): 81 143 4.061008846910782
list:
dist: 4.061008846910782 vs. 4.061008846910782
--------
nle(id0,id1,dist): 81 141 3.849779909328335
list:
dist: 3.849779909328335 vs. 3.849779909328335
--------
nle(id0,id1,dist): 81 140 4.172534008459754
list:
dist: 4.172534008459754 vs. 4.172534008459754
--------
nle(id0,id1,dist): 81 134 3.729884278429772
list:
dist: 3.729884278429772 vs. 3.729884278429772
--------
nle(id0,id1,dist): 81 135 3.8321320531652643
list:
dist: 3.8321320531652643 vs. 3.8321320531652643
--------
nle(id0,id1,dist): 81 132 3.4049957153408545
list:
dist: 3.4049957153408545 vs. 3.4049957153408545
--------
nle(id0,id1,dist): 81 133 2.8826282744548717
list:
dist: 2.8826282744548717 vs. 2.8826282744548717
--------
nle(id0,id1,dist): 81 138 2.906865284369421
list:
dist: 2.906865284369421 vs. 2.906865284369421
--------
nle(id0,id1,dist): 81 139 3.147858398910624
list:
dist: 3.147858398910624 vs. 3.147858398910624
--------
nle(id0,id1,dist): 81 136 2.4276881978196463
list:
dist: 2.4276881978196463 vs. 2.4276881978196463
--------
nle(id0,id1,dist): 81 137 2.9747174102341094
list:
dist: 2.9747174102341094 vs. 2.9747174102341094
--------
nle(id0,id1,dist): 82 89 1.3534390899942768
list:
dist: 1.3534390899942768 vs. 1.3534390899942768
--------
nle(id0,id1,dist): 81 126 2.2307728715493136
list:
dist: 2.2307728715493136 vs. 2.2307728715493136
--------
nle(id0,id1,dist): 81 127 2.6334597191139633
list:
dist: 2.6334597191139633 vs. 2.6334597191139633
--------
nle(id0,id1,dist): 82 87 1.367059960077317
list:
dist: 1.367059960077317 vs. 1.367059960077317
--------
nle(id0,id1,dist): 81 124 2.853372452344272
list:
dist: 2.853372452344272 vs. 2.853372452344272
--------
nle(id0,id1,dist): 81 125 2.775984299413442
list:
dist: 2.775984299413442 vs. 2.775984299413442
--------
nle(id0,id1,dist): 82 88 1.694349236460367
list:
dist: 1.694349236460367 vs. 1.694349236460367
--------
nle(id0,id1,dist): 81 130 3.666793130436494
list:
dist: 3.666793130436494 vs. 3.666793130436494
--------
nle(id0,id1,dist): 81 131 3.35950069298318
list:
dist: 3.35950069298318 vs. 3.35950069298318
--------
nle(id0,id1,dist): 81 128 2.3862080895957782
list:
dist: 2.3862080895957782 vs. 2.3862080895957782
--------
nle(id0,id1,dist): 81 129 2.7106207819254977
list:
dist: 2.7106207819254977 vs. 2.7106207819254977
--------
nle(id0,id1,dist): 82 84 2.032510439490096
list:
dist: 2.032510439490096 vs. 2.032510439490096
--------
nle(id0,id1,dist): 81 121 3.1476599400490306
list:
dist: 3.1476599400490306 vs. 3.1476599400490306
--------
nle(id0,id1,dist): 82 83 0.9866343669886896
list:
dist: 0.9866343669886896 vs. 0.9866343669886896
--------
nle(id0,id1,dist): 81 120 3.271773467421192
list:
dist: 3.271773467421192 vs. 3.271773467421192
--------
nle(id0,id1,dist): 82 86 0.7777783372363621
list:
dist: 0.7777783372363621 vs. 0.7777783372363621
--------
nle(id0,id1,dist): 82 85 0.6351549092504557
list:
dist: 0.6351549092504557 vs. 0.6351549092504557
--------
nle(id0,id1,dist): 81 122 3.228448426003504
list:
dist: 3.228448426003504 vs. 3.228448426003504
--------
nle(id0,id1,dist): 80 146 3.1956265467108556
list:
dist: 3.1956265467108556 vs. 3.1956265467108556
--------
nle(id0,id1,dist): 80 148 3.3086047414770796
list:
dist: 3.3086047414770796 vs. 3.3086047414770796
--------
nle(id0,id1,dist): 80 137 1.8576997706082823
list:
dist: 1.8576997706082823 vs. 1.8576997706082823
--------
nle(id0,id1,dist): 80 138 2.0686446478133402
list:
dist: 2.0686446478133402 vs. 2.0686446478133402
--------
nle(id0,id1,dist): 80 139 2.2521428819511833
list:
dist: 2.2521428819511833 vs. 2.2521428819511833
--------
nle(id0,id1,dist): 80 140 3.003259580670936
list:
dist: 3.003259580670936 vs. 3.003259580670936
--------
nle(id0,id1,dist): 80 141 2.7988831712735056
list:
dist: 2.7988831712735056 vs. 2.7988831712735056
--------
nle(id0,id1,dist): 80 143 3.0188308250301508
list:
dist: 3.0188308250301508 vs. 3.0188308250301508
--------
nle(id0,id1,dist): 80 144 3.322279563079318
list:
dist: 3.322279563079318 vs. 3.322279563079318
--------
nle(id0,id1,dist): 80 129 1.6890765303083717
list:
dist: 1.6890765303083717 vs. 1.6890765303083717
--------
nle(id0,id1,dist): 80 130 2.554578923804033
list:
dist: 2.554578923804033 vs. 2.554578923804033
--------
nle(id0,id1,dist): 80 131 2.294162076983757
list:
dist: 2.294162076983757 vs. 2.294162076983757
--------
nle(id0,id1,dist): 80 132 2.203681446732739
list:
dist: 2.203681446732739 vs. 2.203681446732739
--------
nle(id0,id1,dist): 80 133 1.8705924248423638
list:
dist: 1.8705924248423638 vs. 1.8705924248423638
--------
nle(id0,id1,dist): 80 134 2.593530766403296
list:
dist: 2.593530766403296 vs. 2.593530766403296
--------
nle(id0,id1,dist): 80 135 2.6730043482677326
list:
dist: 2.6730043482677326 vs. 2.6730043482677326
--------
nle(id0,id1,dist): 80 136 1.377882532495244
list:
dist: 1.377882532495244 vs. 1.377882532495244
--------
nle(id0,id1,dist): 72 141 3.6493308765688734
list:
dist: 3.6493308765688734 vs. 3.6493308765688734
--------
nle(id0,id1,dist): 72 144 3.8134735952287153
list:
dist: 3.8134735952287153 vs. 3.8134735952287153
--------
nle(id0,id1,dist): 72 143 3.8373414549381066
list:
dist: 3.8373414549381066 vs. 3.8373414549381066
--------
nle(id0,id1,dist): 72 138 2.948176777063223
list:
dist: 2.948176777063223 vs. 2.948176777063223
--------
nle(id0,id1,dist): 72 137 2.6724527757763212
list:
dist: 2.6724527757763212 vs. 2.6724527757763212
--------
nle(id0,id1,dist): 72 140 3.6172608112378697
list:
dist: 3.6172608112378697 vs. 3.6172608112378697
--------
nle(id0,id1,dist): 72 139 3.251575488088066
list:
dist: 3.251575488088066 vs. 3.251575488088066
--------
nle(id0,id1,dist): 74 76 0.8404080575386714
list:
dist: 0.8404080575386714 vs. 0.8404080575386714
--------
nle(id0,id1,dist): 74 75 1.0206339255042551
list:
dist: 1.0206339255042551 vs. 1.0206339255042551
--------
nle(id0,id1,dist): 74 78 1.9317565130223269
list:
dist: 1.9317565130223269 vs. 1.9317565130223269
--------
nle(id0,id1,dist): 74 77 1.5983559962731968
list:
dist: 1.5983559962731968 vs. 1.5983559962731968
--------
nle(id0,id1,dist): 72 146 3.93246502441433
list:
dist: 3.93246502441433 vs. 3.93246502441433
--------
nle(id0,id1,dist): 72 148 4.095585001459427
list:
dist: 4.095585001459427 vs. 4.095585001459427
--------
nle(id0,id1,dist): 74 83 1.2220904304515339
list:
dist: 1.2220904304515339 vs. 1.2220904304515339
--------
nle(id0,id1,dist): 73 120 3.3186205905424395
list:
dist: 3.3186205905424395 vs. 3.3186205905424395
--------
nle(id0,id1,dist): 73 121 3.1980936699565796
list:
dist: 3.1980936699565796 vs. 3.1980936699565796
--------
nle(id0,id1,dist): 74 84 2.123764014554105
list:
dist: 2.123764014554105 vs. 2.123764014554105
--------
nle(id0,id1,dist): 73 122 3.108983673178606
list:
dist: 3.108983673178606 vs. 3.108983673178606
--------
nle(id0,id1,dist): 74 85 1.8875928989332644
list:
dist: 1.8875928989332644 vs. 1.8875928989332644
--------
nle(id0,id1,dist): 74 86 1.7663708809448269
list:
dist: 1.7663708809448269 vs. 1.7663708809448269
--------
nle(id0,id1,dist): 74 79 1.330428502396614
list:
dist: 1.330428502396614 vs. 1.330428502396614
--------
nle(id0,id1,dist): 74 80 1.0938383983483229
list:
dist: 1.0938383983483229 vs. 1.0938383983483229
--------
nle(id0,id1,dist): 74 81 1.4508151946000019
list:
dist: 1.4508151946000019 vs. 1.4508151946000019
--------
nle(id0,id1,dist): 74 82 1.470092845969978
list:
dist: 1.470092845969978 vs. 1.470092845969978
--------
nle(id0,id1,dist): 73 128 2.7434946727510288
list:
dist: 2.7434946727510288 vs. 2.7434946727510288
--------
nle(id0,id1,dist): 73 129 3.0391707914638415
list:
dist: 3.0391707914638415 vs. 3.0391707914638415
--------
nle(id0,id1,dist): 73 130 3.7660645107539215
list:
dist: 3.7660645107539215 vs. 3.7660645107539215
--------
nle(id0,id1,dist): 73 131 3.6928662698189005
list:
dist: 3.6928662698189005 vs. 3.6928662698189005
--------
nle(id0,id1,dist): 73 124 3.229139663041992
list:
dist: 3.229139663041992 vs. 3.229139663041992
--------
nle(id0,id1,dist): 74 87 1.962032390213303
list:
dist: 1.962032390213303 vs. 1.962032390213303
--------
nle(id0,id1,dist): 73 125 2.8563315182255944
list:
dist: 2.8563315182255944 vs. 2.8563315182255944
--------
nle(id0,id1,dist): 74 88 2.841824098767483
list:
dist: 2.841824098767483 vs. 2.841824098767483
--------
nle(id0,id1,dist): 73 126 2.32888760119647
list:
dist: 2.32888760119647 vs. 2.32888760119647
--------
nle(id0,id1,dist): 74 89 2.411945270991782
list:
dist: 2.411945270991782 vs. 2.411945270991782
--------
nle(id0,id1,dist): 73 127 2.9642533828939883
list:
dist: 2.9642533828939883 vs. 2.9642533828939883
--------
nle(id0,id1,dist): 73 75 1.0420394735665004
list:
dist: 1.0420394735665004 vs. 1.0420394735665004
--------
nle(id0,id1,dist): 73 74 0.9475684881965372
list:
dist: 0.9475684881965372 vs. 0.9475684881965372
--------
nle(id0,id1,dist): 71 148 4.19439980049977
list:
dist: 4.19439980049977 vs. 4.19439980049977
--------
nle(id0,id1,dist): 71 146 4.033183902733026
list:
dist: 4.033183902733026 vs. 4.033183902733026
--------
nle(id0,id1,dist): 71 144 3.815783865887346
list:
dist: 3.815783865887346 vs. 3.815783865887346
--------
nle(id0,id1,dist): 71 143 4.0236348125518555
list:
dist: 4.0236348125518555 vs. 4.0236348125518555
--------
nle(id0,id1,dist): 73 83 1.4535240820813953
list:
dist: 1.4535240820813953 vs. 1.4535240820813953
--------
nle(id0,id1,dist): 72 120 2.1937757508558016
list:
dist: 2.1937757508558016 vs. 2.1937757508558016
--------
nle(id0,id1,dist): 73 82 1.2580079340915344
list:
dist: 1.2580079340915344 vs. 1.2580079340915344
--------
nle(id0,id1,dist): 73 81 0.8383147897642553
list:
dist: 0.8383147897642553 vs. 0.8383147897642553
--------
nle(id0,id1,dist): 73 80 1.4012419039536566
list:
dist: 1.4012419039536566 vs. 1.4012419039536566
--------
nle(id0,id1,dist): 73 79 0.7507273394831538
list:
dist: 0.7507273394831538 vs. 0.7507273394831538
--------
nle(id0,id1,dist): 73 78 1.5826453089475787
list:
dist: 1.5826453089475787 vs. 1.5826453089475787
--------
nle(id0,id1,dist): 73 77 1.9338341742132923
list:
dist: 1.9338341742132923 vs. 1.9338341742132923
--------
nle(id0,id1,dist): 73 76 0.8633933548715159
list:
dist: 0.8633933548715159 vs. 0.8633933548715159
--------
nle(id0,id1,dist): 72 127 2.393824459093631
list:
dist: 2.393824459093631 vs. 2.393824459093631
--------
nle(id0,id1,dist): 72 128 2.3026281870384504
list:
dist: 2.3026281870384504 vs. 2.3026281870384504
--------
nle(id0,id1,dist): 72 125 1.9735816591985844
list:
dist: 1.9735816591985844 vs. 1.9735816591985844
--------
nle(id0,id1,dist): 73 88 2.615341466237717
list:
dist: 2.615341466237717 vs. 2.615341466237717
--------
nle(id0,id1,dist): 72 126 1.5389318582664524
list:
dist: 1.5389318582664524 vs. 1.5389318582664524
--------
nle(id0,id1,dist): 73 89 2.556416807551445
list:
dist: 2.556416807551445 vs. 2.556416807551445
--------
nle(id0,id1,dist): 73 86 1.8941358575746725
list:
dist: 1.8941358575746725 vs. 1.8941358575746725
--------
nle(id0,id1,dist): 72 124 2.4899213041886163
list:
dist: 2.4899213041886163 vs. 2.4899213041886163
--------
nle(id0,id1,dist): 73 87 2.323146201224901
list:
dist: 2.323146201224901 vs. 2.323146201224901
--------
nle(id0,id1,dist): 72 121 2.0915950251602253
list:
dist: 2.0915950251602253 vs. 2.0915950251602253
--------
nle(id0,id1,dist): 73 84 2.532484514930926
list:
dist: 2.532484514930926 vs. 2.532484514930926
--------
nle(id0,id1,dist): 72 122 2.029053540718861
list:
dist: 2.029053540718861 vs. 2.029053540718861
--------
nle(id0,id1,dist): 73 85 1.8675417482153607
list:
dist: 1.8675417482153607 vs. 1.8675417482153607
--------
nle(id0,id1,dist): 72 135 2.8521928057932
list:
dist: 2.8521928057932 vs. 2.8521928057932
--------
nle(id0,id1,dist): 72 136 2.297890981084361
list:
dist: 2.297890981084361 vs. 2.297890981084361
--------
nle(id0,id1,dist): 72 133 2.8118128016044044
list:
dist: 2.8118128016044044 vs. 2.8118128016044044
--------
nle(id0,id1,dist): 72 134 3.2748917599500187
list:
dist: 3.2748917599500187 vs. 3.2748917599500187
--------
nle(id0,id1,dist): 72 131 3.0634840858703787
list:
dist: 3.0634840858703787 vs. 3.0634840858703787
--------
nle(id0,id1,dist): 72 132 2.647105456412191
list:
dist: 2.647105456412191 vs. 2.647105456412191
--------
nle(id0,id1,dist): 72 129 2.259331176883736
list:
dist: 2.259331176883736 vs. 2.259331176883736
--------
nle(id0,id1,dist): 72 130 2.735127676558935
list:
dist: 2.735127676558935 vs. 2.735127676558935
--------
nle(id0,id1,dist): 72 74 0.6113563574185182
list:
dist: 0.6113563574185182 vs. 0.6113563574185182
--------
nle(id0,id1,dist): 72 73 1.193593146910005
list:
dist: 1.193593146910005 vs. 1.193593146910005
--------
nle(id0,id1,dist): 72 76 1.3826562791512584
list:
dist: 1.3826562791512584 vs. 1.3826562791512584
--------
nle(id0,id1,dist): 72 75 1.6113972874400113
list:
dist: 1.6113972874400113 vs. 1.6113972874400113
--------
nle(id0,id1,dist): 72 78 2.454323291699217
list:
dist: 2.454323291699217 vs. 2.454323291699217
--------
nle(id0,id1,dist): 72 77 2.0169902728411437
list:
dist: 2.0169902728411437 vs. 2.0169902728411437
--------
nle(id0,id1,dist): 72 80 1.0930662870100467
list:
dist: 1.0930662870100467 vs. 1.0930662870100467
--------
nle(id0,id1,dist): 72 79 1.7237623903167296
list:
dist: 1.7237623903167296 vs. 1.7237623903167296
--------
nle(id0,id1,dist): 72 82 1.7673276256448733
list:
dist: 1.7673276256448733 vs. 1.7673276256448733
--------
nle(id0,id1,dist): 72 81 1.4769249374430933
list:
dist: 1.4769249374430933 vs. 1.4769249374430933
--------
nle(id0,id1,dist): 72 84 1.8735474168354738
list:
dist: 1.8735474168354738 vs. 1.8735474168354738
--------
nle(id0,id1,dist): 71 121 2.336857299954005
list:
dist: 2.336857299954005 vs. 2.336857299954005
--------
nle(id0,id1,dist): 72 83 1.1984847358119326
list:
dist: 1.1984847358119326 vs. 1.1984847358119326
--------
nle(id0,id1,dist): 71 120 2.4311611509437276
list:
dist: 2.4311611509437276 vs. 2.4311611509437276
--------
nle(id0,id1,dist): 72 86 2.1127043825065708
list:
dist: 2.1127043825065708 vs. 2.1127043825065708
--------
nle(id0,id1,dist): 72 85 2.136759613039323
list:
dist: 2.136759613039323 vs. 2.136759613039323
--------
nle(id0,id1,dist): 71 122 2.124935257506005
list:
dist: 2.124935257506005 vs. 2.124935257506005
--------
nle(id0,id1,dist): 71 125 2.2284393445404036
list:
dist: 2.2284393445404036 vs. 2.2284393445404036
--------
nle(id0,id1,dist): 72 88 3.3150978581270887
list:
dist: 3.3150978581270887 vs. 3.3150978581270887
--------
nle(id0,id1,dist): 72 87 2.0806074998863817
list:
dist: 2.0806074998863817 vs. 2.0806074998863817
--------
nle(id0,id1,dist): 71 124 2.8980734331017435
list:
dist: 2.8980734331017435 vs. 2.8980734331017435
--------
nle(id0,id1,dist): 72 89 2.633670666972547
list:
dist: 2.633670666972547 vs. 2.633670666972547
--------
nle(id0,id1,dist): 71 126 1.84204364160051
list:
dist: 1.84204364160051 vs. 1.84204364160051
--------
nle(id0,id1,dist): 71 127 2.7558374720068635
list:
dist: 2.7558374720068635 vs. 2.7558374720068635
--------
nle(id0,id1,dist): 71 128 2.6682055178282273
list:
dist: 2.6682055178282273 vs. 2.6682055178282273
--------
nle(id0,id1,dist): 71 129 2.6570821735890795
list:
dist: 2.6570821735890795 vs. 2.6570821735890795
--------
nle(id0,id1,dist): 71 130 2.9722143902234923
list:
dist: 2.9722143902234923 vs. 2.9722143902234923
--------
nle(id0,id1,dist): 71 131 3.4041880576975094
list:
dist: 3.4041880576975094 vs. 3.4041880576975094
--------
nle(id0,id1,dist): 71 132 2.838612242020784
list:
dist: 2.838612242020784 vs. 2.838612242020784
--------
nle(id0,id1,dist): 71 133 3.106778111314705
list:
dist: 3.106778111314705 vs. 3.106778111314705
--------
nle(id0,id1,dist): 71 134 3.5515084158450194
list:
dist: 3.5515084158450194 vs. 3.5515084158450194
--------
nle(id0,id1,dist): 71 135 2.852258067820463
list:
dist: 2.852258067820463 vs. 2.852258067820463
--------
nle(id0,id1,dist): 71 136 2.558503815626824
list:
dist: 2.558503815626824 vs. 2.558503815626824
--------
nle(id0,id1,dist): 71 137 2.930816917864339
list:
dist: 2.930816917864339 vs. 2.930816917864339
--------
nle(id0,id1,dist): 71 138 3.100833652139695
list:
dist: 3.100833652139695 vs. 3.100833652139695
--------
nle(id0,id1,dist): 71 139 3.5433393871780083
list:
dist: 3.5433393871780083 vs. 3.5433393871780083
--------
nle(id0,id1,dist): 71 140 3.7919542969294184
list:
dist: 3.7919542969294184 vs. 3.7919542969294184
--------
nle(id0,id1,dist): 71 141 3.9270587607230993
list:
dist: 3.9270587607230993 vs. 3.9270587607230993
--------
nle(id0,id1,dist): 71 81 1.7931257139084336
list:
dist: 1.7931257139084336 vs. 1.7931257139084336
--------
nle(id0,id1,dist): 71 80 1.476583089984047
list:
dist: 1.476583089984047 vs. 1.476583089984047
--------
nle(id0,id1,dist): 71 79 1.8129471478882135
list:
dist: 1.8129471478882135 vs. 1.8129471478882135
--------
nle(id0,id1,dist): 71 78 2.4376374134622396
list:
dist: 2.4376374134622396 vs. 2.4376374134622396
--------
nle(id0,id1,dist): 71 85 2.4085289412464013
list:
dist: 2.4085289412464013 vs. 2.4085289412464013
--------
nle(id0,id1,dist): 70 122 2.33266680253407
list:
dist: 2.33266680253407 vs. 2.33266680253407
--------
nle(id0,id1,dist): 71 84 2.3142112174475047
list:
dist: 2.3142112174475047 vs. 2.3142112174475047
--------
nle(id0,id1,dist): 70 121 2.1258439337881168
list:
dist: 2.1258439337881168 vs. 2.1258439337881168
--------
nle(id0,id1,dist): 71 83 1.6010467737930183
list:
dist: 1.6010467737930183 vs. 1.6010467737930183
--------
nle(id0,id1,dist): 70 120 2.153545166335827
list:
dist: 2.153545166335827 vs. 2.153545166335827
--------
nle(id0,id1,dist): 71 82 2.000111581722579
list:
dist: 2.000111581722579 vs. 2.000111581722579
--------
nle(id0,id1,dist): 71 89 2.9058591457024843
list:
dist: 2.9058591457024843 vs. 2.9058591457024843
--------
nle(id0,id1,dist): 70 126 2.1371355436829003
list:
dist: 2.1371355436829003 vs. 2.1371355436829003
--------
nle(id0,id1,dist): 70 125 2.4435267103003717
list:
dist: 2.4435267103003717 vs. 2.4435267103003717
--------
nle(id0,id1,dist): 71 88 3.391047062384085
list:
dist: 3.391047062384085 vs. 3.391047062384085
--------
nle(id0,id1,dist): 71 87 2.3804146645068416
list:
dist: 2.3804146645068416 vs. 2.3804146645068416
--------
nle(id0,id1,dist): 70 124 2.7121579064711345
list:
dist: 2.7121579064711345 vs. 2.7121579064711345
--------
nle(id0,id1,dist): 71 86 2.3000115202239884
list:
dist: 2.3000115202239884 vs. 2.3000115202239884
--------
nle(id0,id1,dist): 70 130 2.8755814997745945
list:
dist: 2.8755814997745945 vs. 2.8755814997745945
--------
nle(id0,id1,dist): 70 129 2.5065976458108827
list:
dist: 2.5065976458108827 vs. 2.5065976458108827
--------
nle(id0,id1,dist): 70 128 2.886301889849653
list:
dist: 2.886301889849653 vs. 2.886301889849653
--------
nle(id0,id1,dist): 70 127 2.8985188010552156
list:
dist: 2.8985188010552156 vs. 2.8985188010552156
--------
nle(id0,id1,dist): 70 133 3.496669720405638
list:
dist: 3.496669720405638 vs. 3.496669720405638
--------
nle(id0,id1,dist): 70 134 3.7432376152969087
list:
dist: 3.7432376152969087 vs. 3.7432376152969087
--------
nle(id0,id1,dist): 70 131 3.4897576506741155
list:
dist: 3.4897576506741155 vs. 3.4897576506741155
--------
nle(id0,id1,dist): 70 132 3.16297658770805
list:
dist: 3.16297658770805 vs. 3.16297658770805
--------
nle(id0,id1,dist): 70 137 3.3505349680405887
list:
dist: 3.3505349680405887 vs. 3.3505349680405887
--------
nle(id0,id1,dist): 70 138 3.8731382591107577
list:
dist: 3.8731382591107577 vs. 3.8731382591107577
--------
nle(id0,id1,dist): 70 135 3.4774383584796382
list:
dist: 3.4774383584796382 vs. 3.4774383584796382
--------
nle(id0,id1,dist): 70 136 3.085664608446647
list:
dist: 3.085664608446647 vs. 3.085664608446647
--------
nle(id0,id1,dist): 70 141 4.237567861633914
list:
dist: 4.237567861633914 vs. 4.237567861633914
--------
nle(id0,id1,dist): 70 139 3.9613251407609225
list:
dist: 3.9613251407609225 vs. 3.9613251407609225
--------
nle(id0,id1,dist): 70 140 4.213230853867386
list:
dist: 4.213230853867386 vs. 4.213230853867386
--------
nle(id0,id1,dist): 70 143 4.581901544367887
list:
dist: 4.581901544367887 vs. 4.581901544367887
--------
nle(id0,id1,dist): 76 129 2.8692396214287994
list:
dist: 2.8692396214287994 vs. 2.8692396214287994
--------
nle(id0,id1,dist): 76 130 3.5184176391545394
list:
dist: 3.5184176391545394 vs. 3.5184176391545394
--------
nle(id0,id1,dist): 76 131 3.3263181819023644
list:
dist: 3.3263181819023644 vs. 3.3263181819023644
--------
nle(id0,id1,dist): 76 132 3.0022406080772126
list:
dist: 3.0022406080772126 vs. 3.0022406080772126
--------
nle(id0,id1,dist): 76 125 2.5221458006302493
list:
dist: 2.5221458006302493 vs. 2.5221458006302493
--------
nle(id0,id1,dist): 77 88 1.6802821189090127
list:
dist: 1.6802821189090127 vs. 1.6802821189090127
--------
nle(id0,id1,dist): 76 126 2.0230908120700537
list:
dist: 2.0230908120700537 vs. 2.0230908120700537
--------
nle(id0,id1,dist): 77 89 1.1506212153743802
list:
dist: 1.1506212153743802 vs. 1.1506212153743802
--------
nle(id0,id1,dist): 76 127 2.6328506407756604
list:
dist: 2.6328506407756604 vs. 2.6328506407756604
--------
nle(id0,id1,dist): 76 128 2.3966351727013286
list:
dist: 2.3966351727013286 vs. 2.3966351727013286
--------
nle(id0,id1,dist): 77 84 2.116655253682409
list:
dist: 2.116655253682409 vs. 2.116655253682409
--------
nle(id0,id1,dist): 76 121 3.073813803113072
list:
dist: 3.073813803113072 vs. 3.073813803113072
--------
nle(id0,id1,dist): 77 85 0.9713791072910193
list:
dist: 0.9713791072910193 vs. 0.9713791072910193
--------
nle(id0,id1,dist): 76 122 2.831893917473338
list:
dist: 2.831893917473338 vs. 2.831893917473338
--------
nle(id0,id1,dist): 77 86 0.5221662611062932
list:
dist: 0.5221662611062932 vs. 0.5221662611062932
--------
nle(id0,id1,dist): 77 87 1.0750813962961177
list:
dist: 1.0750813962961177 vs. 1.0750813962961177
--------
nle(id0,id1,dist): 76 124 3.0614311128032132
list:
dist: 3.0614311128032132 vs. 3.0614311128032132
--------
nle(id0,id1,dist): 77 80 1.3176791681100821
list:
dist: 1.3176791681100821 vs. 1.3176791681100821
--------
nle(id0,id1,dist): 77 81 2.0190982778598467
list:
dist: 2.0190982778598467 vs. 2.0190982778598467
--------
nle(id0,id1,dist): 77 82 1.0989342879197406
list:
dist: 1.0989342879197406 vs. 1.0989342879197406
--------
nle(id0,id1,dist): 77 83 1.3734422930536638
list:
dist: 1.3734422930536638 vs. 1.3734422930536638
--------
nle(id0,id1,dist): 76 120 3.218813205762723
list:
dist: 3.218813205762723 vs. 3.218813205762723
--------
nle(id0,id1,dist): 76 146 3.490146945472745
list:
dist: 3.490146945472745 vs. 3.490146945472745
--------
nle(id0,id1,dist): 76 148 3.5111090511449587
list:
dist: 3.5111090511449587 vs. 3.5111090511449587
--------
nle(id0,id1,dist): 76 141 3.6144457427751453
list:
dist: 3.6144457427751453 vs. 3.6144457427751453
--------
nle(id0,id1,dist): 76 144 3.513541394432423
list:
dist: 3.513541394432423 vs. 3.513541394432423
--------
nle(id0,id1,dist): 76 143 3.560468985302161
list:
dist: 3.560468985302161 vs. 3.560468985302161
--------
nle(id0,id1,dist): 76 138 2.2853088179612686
list:
dist: 2.2853088179612686 vs. 2.2853088179612686
--------
nle(id0,id1,dist): 76 137 2.649825130308295
list:
dist: 2.649825130308295 vs. 2.649825130308295
--------
nle(id0,id1,dist): 76 140 3.691890254846891
list:
dist: 3.691890254846891 vs. 3.691890254846891
--------
nle(id0,id1,dist): 76 139 2.95353343104319
list:
dist: 2.95353343104319 vs. 2.95353343104319
--------
nle(id0,id1,dist): 76 134 3.5175383154561524
list:
dist: 3.5175383154561524 vs. 3.5175383154561524
--------
nle(id0,id1,dist): 76 133 2.6717251684379
list:
dist: 2.6717251684379 vs. 2.6717251684379
--------
nle(id0,id1,dist): 76 136 2.08450539509919
list:
dist: 2.08450539509919 vs. 2.08450539509919
--------
nle(id0,id1,dist): 76 135 3.08233835083092
list:
dist: 3.08233835083092 vs. 3.08233835083092
--------
nle(id0,id1,dist): 75 136 2.3817782593832177
list:
dist: 2.3817782593832177 vs. 2.3817782593832177
--------
nle(id0,id1,dist): 75 137 2.932188119707569
list:
dist: 2.932188119707569 vs. 2.932188119707569
--------
nle(id0,id1,dist): 75 134 3.803390778298955
list:
dist: 3.803390778298955 vs. 3.803390778298955
--------
nle(id0,id1,dist): 75 135 3.200966896157134
list:
dist: 3.200966896157134 vs. 3.200966896157134
--------
nle(id0,id1,dist): 75 132 3.242820579548666
list:
dist: 3.242820579548666 vs. 3.242820579548666
--------
nle(id0,id1,dist): 75 133 2.9757128018647014
list:
dist: 2.9757128018647014 vs. 2.9757128018647014
--------
nle(id0,id1,dist): 75 130 3.7827196610683775
list:
dist: 3.7827196610683775 vs. 3.7827196610683775
--------
nle(id0,id1,dist): 75 131 3.651386656111268
list:
dist: 3.651386656111268 vs. 3.651386656111268
--------
nle(id0,id1,dist): 75 128 2.7484226046904237
list:
dist: 2.7484226046904237 vs. 2.7484226046904237
--------
nle(id0,id1,dist): 75 129 3.218625420962456
list:
dist: 3.218625420962456 vs. 3.218625420962456
--------
nle(id0,id1,dist): 76 89 2.034979205523646
list:
dist: 2.034979205523646 vs. 2.034979205523646
--------
nle(id0,id1,dist): 75 126 2.330661156326095
list:
dist: 2.330661156326095 vs. 2.330661156326095
--------
nle(id0,id1,dist): 75 127 2.976185930913754
list:
dist: 2.976185930913754 vs. 2.976185930913754
--------
nle(id0,id1,dist): 76 87 1.8509353408458595
list:
dist: 1.8509353408458595 vs. 1.8509353408458595
--------
nle(id0,id1,dist): 75 124 3.417963515533944
list:
dist: 3.417963515533944 vs. 3.417963515533944
--------
nle(id0,id1,dist): 75 125 2.8002221902773465
list:
dist: 2.8002221902773465 vs. 2.8002221902773465
--------
nle(id0,id1,dist): 76 88 2.0437551168215284
list:
dist: 2.0437551168215284 vs. 2.0437551168215284
--------
nle(id0,id1,dist): 76 85 1.4410274203845077
list:
dist: 1.4410274203845077 vs. 1.4410274203845077
--------
nle(id0,id1,dist): 75 122 3.025134012706064
list:
dist: 3.025134012706064 vs. 3.025134012706064
--------
nle(id0,id1,dist): 76 86 1.271487916011717
list:
dist: 1.271487916011717 vs. 1.271487916011717
--------
nle(id0,id1,dist): 77 79 1.5370746001976776
list:
dist: 1.5370746001976776 vs. 1.5370746001976776
--------
nle(id0,id1,dist): 77 78 1.492636418972713
list:
dist: 1.492636418972713 vs. 1.492636418972713
--------
nle(id0,id1,dist): 75 148 3.636115170758361
list:
dist: 3.636115170758361 vs. 3.636115170758361
--------
nle(id0,id1,dist): 75 146 3.6285422597753354
list:
dist: 3.6285422597753354 vs. 3.6285422597753354
--------
nle(id0,id1,dist): 75 144 3.589688311157603
list:
dist: 3.589688311157603 vs. 3.589688311157603
--------
nle(id0,id1,dist): 75 143 3.7703807021394993
list:
dist: 3.7703807021394993 vs. 3.7703807021394993
--------
nle(id0,id1,dist): 75 141 3.8945611484756757
list:
dist: 3.8945611484756757 vs. 3.8945611484756757
--------
nle(id0,id1,dist): 75 140 3.908355868018615
list:
dist: 3.908355868018615 vs. 3.908355868018615
--------
nle(id0,id1,dist): 75 139 3.245515747580533
list:
dist: 3.245515747580533 vs. 3.245515747580533
--------
nle(id0,id1,dist): 75 138 2.477054411232116
list:
dist: 2.477054411232116 vs. 2.477054411232116
--------
nle(id0,id1,dist): 74 135 2.7788912614531025
list:
dist: 2.7788912614531025 vs. 2.7788912614531025
--------
nle(id0,id1,dist): 74 136 2.1672908023000197
list:
dist: 2.1672908023000197 vs. 2.1672908023000197
--------
nle(id0,id1,dist): 74 137 2.6175875570849465
list:
dist: 2.6175875570849465 vs. 2.6175875570849465
--------
nle(id0,id1,dist): 74 138 2.6381453309051146
list:
dist: 2.6381453309051146 vs. 2.6381453309051146
--------
nle(id0,id1,dist): 74 139 3.1374804472711926
list:
dist: 3.1374804472711926 vs. 3.1374804472711926
--------
nle(id0,id1,dist): 74 140 3.575654958128693
list:
dist: 3.575654958128693 vs. 3.575654958128693
--------
nle(id0,id1,dist): 74 141 3.6213947145785137
list:
dist: 3.6213947145785137 vs. 3.6213947145785137
--------
nle(id0,id1,dist): 74 127 2.487955288510895
list:
dist: 2.487955288510895 vs. 2.487955288510895
--------
nle(id0,id1,dist): 74 128 2.342920086544912
list:
dist: 2.342920086544912 vs. 2.342920086544912
--------
nle(id0,id1,dist): 74 129 2.5223282383402332
list:
dist: 2.5223282383402332 vs. 2.5223282383402332
--------
nle(id0,id1,dist): 74 130 3.0057311635845387
list:
dist: 3.0057311635845387 vs. 3.0057311635845387
--------
nle(id0,id1,dist): 74 131 3.17096243852704
list:
dist: 3.17096243852704 vs. 3.17096243852704
--------
nle(id0,id1,dist): 74 132 2.703845366327963
list:
dist: 2.703845366327963 vs. 2.703845366327963
--------
nle(id0,id1,dist): 74 133 2.7415953222764884
list:
dist: 2.7415953222764884 vs. 2.7415953222764884
--------
nle(id0,id1,dist): 74 134 3.343334725817899
list:
dist: 3.343334725817899 vs. 3.343334725817899
--------
nle(id0,id1,dist): 76 78 1.095097956645142
list:
dist: 1.095097956645142 vs. 1.095097956645142
--------
nle(id0,id1,dist): 76 77 1.1650194272195165
list:
dist: 1.1650194272195165 vs. 1.1650194272195165
--------
nle(id0,id1,dist): 76 80 1.2446501450457945
list:
dist: 1.2446501450457945 vs. 1.2446501450457945
--------
nle(id0,id1,dist): 76 79 0.6850709018284081
list:
dist: 0.6850709018284081 vs. 0.6850709018284081
--------
nle(id0,id1,dist): 76 82 0.9480991163109458
list:
dist: 0.9480991163109458 vs. 0.9480991163109458
--------
nle(id0,id1,dist): 76 81 1.330137047111855
list:
dist: 1.330137047111855 vs. 1.330137047111855
--------
nle(id0,id1,dist): 76 84 2.421539081654257
list:
dist: 2.421539081654257 vs. 2.421539081654257
--------
nle(id0,id1,dist): 75 121 3.3365057626754924
list:
dist: 3.3365057626754924 vs. 3.3365057626754924
--------
nle(id0,id1,dist): 76 83 1.3316233896120324
list:
dist: 1.3316233896120324 vs. 1.3316233896120324
--------
nle(id0,id1,dist): 75 120 3.477405520622477
list:
dist: 3.477405520622477 vs. 3.477405520622477
--------
nle(id0,id1,dist): 74 144 3.5591833494429808
list:
dist: 3.5591833494429808 vs. 3.5591833494429808
--------
nle(id0,id1,dist): 74 143 3.6791264776912325
list:
dist: 3.6791264776912325 vs. 3.6791264776912325
--------
nle(id0,id1,dist): 74 146 3.677337233709739
list:
dist: 3.677337233709739 vs. 3.677337233709739
--------
nle(id0,id1,dist): 74 148 3.7965043017899958
list:
dist: 3.7965043017899958 vs. 3.7965043017899958
--------
nle(id0,id1,dist): 73 143 4.22039068484192
list:
dist: 4.22039068484192 vs. 4.22039068484192
--------
nle(id0,id1,dist): 73 140 4.274905071448384
list:
dist: 4.274905071448384 vs. 4.274905071448384
--------
nle(id0,id1,dist): 73 141 4.135267053102437
list:
dist: 4.135267053102437 vs. 4.135267053102437
--------
nle(id0,id1,dist): 73 146 4.241453623384102
list:
dist: 4.241453623384102 vs. 4.241453623384102
--------
nle(id0,id1,dist): 73 144 4.2763864682941986
list:
dist: 4.2763864682941986 vs. 4.2763864682941986
--------
nle(id0,id1,dist): 73 134 3.964731355408797
list:
dist: 3.964731355408797 vs. 3.964731355408797
--------
nle(id0,id1,dist): 73 135 3.658236469399877
list:
dist: 3.658236469399877 vs. 3.658236469399877
--------
nle(id0,id1,dist): 73 132 3.464944323827252
list:
dist: 3.464944323827252 vs. 3.464944323827252
--------
nle(id0,id1,dist): 73 133 3.173997224712867
list:
dist: 3.173997224712867 vs. 3.173997224712867
--------
nle(id0,id1,dist): 73 138 3.004763745149959
list:
dist: 3.004763745149959 vs. 3.004763745149959
--------
nle(id0,id1,dist): 73 139 3.482486162312848
list:
dist: 3.482486162312848 vs. 3.482486162312848
--------
nle(id0,id1,dist): 73 136 2.6253813213706843
list:
dist: 2.6253813213706843 vs. 2.6253813213706843
--------
nle(id0,id1,dist): 73 137 3.1734137396209974
list:
dist: 3.1734137396209974 vs. 3.1734137396209974
--------
nle(id0,id1,dist): 74 122 2.233026247857217
list:
dist: 2.233026247857217 vs. 2.233026247857217
--------
nle(id0,id1,dist): 75 85 1.7735306614769497
list:
dist: 1.7735306614769497 vs. 1.7735306614769497
--------
nle(id0,id1,dist): 75 84 2.793113631669292
list:
dist: 2.793113631669292 vs. 2.793113631669292
--------
nle(id0,id1,dist): 74 121 2.4506837705060165
list:
dist: 2.4506837705060165 vs. 2.4506837705060165
--------
nle(id0,id1,dist): 75 83 1.725013000265793
list:
dist: 1.725013000265793 vs. 1.725013000265793
--------
nle(id0,id1,dist): 74 120 2.5742715123396427
list:
dist: 2.5742715123396427 vs. 2.5742715123396427
--------
nle(id0,id1,dist): 75 82 1.298563690652606
list:
dist: 1.298563690652606 vs. 1.298563690652606
--------
nle(id0,id1,dist): 74 126 1.6596356445477156
list:
dist: 1.6596356445477156 vs. 1.6596356445477156
--------
nle(id0,id1,dist): 75 89 2.3331468849814914
list:
dist: 2.3331468849814914 vs. 2.3331468849814914
--------
nle(id0,id1,dist): 74 125 2.121745648039198
list:
dist: 2.121745648039198 vs. 2.121745648039198
--------
nle(id0,id1,dist): 75 88 2.091348761037817
list:
dist: 2.091348761037817 vs. 2.091348761037817
--------
nle(id0,id1,dist): 75 87 2.183611918998843
list:
dist: 2.183611918998843 vs. 2.183611918998843
--------
nle(id0,id1,dist): 74 124 2.7492065410767887
list:
dist: 2.7492065410767887 vs. 2.7492065410767887
--------
nle(id0,id1,dist): 75 86 1.5475329051473297
list:
dist: 1.5475329051473297 vs. 1.5475329051473297
--------
nle(id0,id1,dist): 75 77 1.3607292547599004
list:
dist: 1.3607292547599004 vs. 1.3607292547599004
--------
nle(id0,id1,dist): 75 76 0.40325494005411466
list:
dist: 0.40325494005411466 vs. 0.40325494005411466
--------
nle(id0,id1,dist): 73 148 4.282080320236184
list:
dist: 4.282080320236184 vs. 4.282080320236184
--------
nle(id0,id1,dist): 75 81 1.6524498926787532
list:
dist: 1.6524498926787532 vs. 1.6524498926787532
--------
nle(id0,id1,dist): 75 80 1.6300240743845804
list:
dist: 1.6300240743845804 vs. 1.6300240743845804
--------
nle(id0,id1,dist): 75 79 0.8853790127720078
list:
dist: 0.8853790127720078 vs. 0.8853790127720078
--------
nle(id0,id1,dist): 75 78 1.0382738645962382
list:
dist: 1.0382738645962382 vs. 1.0382738645962382
--------
nle(id0,id1,dist): 118 148 3.397425444283807
list:
dist: 3.397425444283807 vs. 3.397425444283807
--------
nle(id0,id1,dist): 118 144 3.10146857280853
list:
dist: 3.10146857280853 vs. 3.10146857280853
--------
nle(id0,id1,dist): 118 146 3.490271191656005
list:
dist: 3.490271191656005 vs. 3.490271191656005
--------
nle(id0,id1,dist): 119 148 3.3221490247976133
list:
dist: 3.3221490247976133 vs. 3.3221490247976133
--------
nle(id0,id1,dist): 119 146 3.48555882259457
list:
dist: 3.48555882259457 vs. 3.48555882259457
--------
nle(id0,id1,dist): 119 144 3.2077738597234378
list:
dist: 3.2077738597234378 vs. 3.2077738597234378
--------
nle(id0,id1,dist): 120 137 2.261972259189458
list:
dist: 2.261972259189458 vs. 2.261972259189458
--------
nle(id0,id1,dist): 120 138 3.316732402790483
list:
dist: 3.316732402790483 vs. 3.316732402790483
--------
nle(id0,id1,dist): 120 139 3.0930518991691502
list:
dist: 3.0930518991691502 vs. 3.0930518991691502
--------
nle(id0,id1,dist): 120 140 2.5715319619055785
list:
dist: 2.5715319619055785 vs. 2.5715319619055785
--------
nle(id0,id1,dist): 120 141 2.8599277969655046
list:
dist: 2.8599277969655046 vs. 2.8599277969655046
--------
nle(id0,id1,dist): 120 143 3.3017880129452992
list:
dist: 3.3017880129452992 vs. 3.3017880129452992
--------
nle(id0,id1,dist): 120 130 0.7952255932446518
list:
dist: 0.7952255932446518 vs. 0.7952255932446518
--------
nle(id0,id1,dist): 120 129 1.370281259117057
list:
dist: 1.370281259117057 vs. 1.370281259117057
--------
nle(id0,id1,dist): 120 132 1.5604945673131478
list:
dist: 1.5604945673131478 vs. 1.5604945673131478
--------
nle(id0,id1,dist): 120 131 2.103211475625723
list:
dist: 2.103211475625723 vs. 2.103211475625723
--------
nle(id0,id1,dist): 120 134 2.1330674364523734
list:
dist: 2.1330674364523734 vs. 2.1330674364523734
--------
nle(id0,id1,dist): 120 133 2.582362593876092
list:
dist: 2.582362593876092 vs. 2.582362593876092
--------
nle(id0,id1,dist): 120 136 2.442916507196013
list:
dist: 2.442916507196013 vs. 2.442916507196013
--------
nle(id0,id1,dist): 120 135 2.0539307478627773
list:
dist: 2.0539307478627773 vs. 2.0539307478627773
--------
nle(id0,id1,dist): 120 122 0.850517566616869
list:
dist: 0.850517566616869 vs. 0.850517566616869
--------
nle(id0,id1,dist): 120 121 0.17413468791863068
list:
dist: 0.17413468791863068 vs. 0.17413468791863068
--------
nle(id0,id1,dist): 120 124 1.5470539952507532
list:
dist: 1.5470539952507532 vs. 1.5470539952507532
--------
nle(id0,id1,dist): 120 123 1.000132213634656
list:
dist: 1.000132213634656 vs. 1.000132213634656
--------
nle(id0,id1,dist): 120 126 1.443251239295776
list:
dist: 1.443251239295776 vs. 1.443251239295776
--------
nle(id0,id1,dist): 120 125 1.1445411517995931
list:
dist: 1.1445411517995931 vs. 1.1445411517995931
--------
nle(id0,id1,dist): 120 128 2.168785004571628
list:
dist: 2.168785004571628 vs. 2.168785004571628
--------
nle(id0,id1,dist): 120 127 1.92516997403139
list:
dist: 1.92516997403139 vs. 1.92516997403139
--------
nle(id0,id1,dist): 121 143 3.1591251271256677
list:
dist: 3.1591251271256677 vs. 3.1591251271256677
--------
nle(id0,id1,dist): 121 140 2.4571394192692493
list:
dist: 2.4571394192692493 vs. 2.4571394192692493
--------
nle(id0,id1,dist): 121 141 2.728890581390227
list:
dist: 2.728890581390227 vs. 2.728890581390227
--------
nle(id0,id1,dist): 121 134 2.017400026936777
list:
dist: 2.017400026936777 vs. 2.017400026936777
--------
nle(id0,id1,dist): 121 135 1.9496640867532016
list:
dist: 1.9496640867532016 vs. 1.9496640867532016
--------
nle(id0,id1,dist): 121 132 1.4271165419129561
list:
dist: 1.4271165419129561 vs. 1.4271165419129561
--------
nle(id0,id1,dist): 121 133 2.4215954928766834
list:
dist: 2.4215954928766834 vs. 2.4215954928766834
--------
nle(id0,id1,dist): 121 138 3.144839483468641
list:
dist: 3.144839483468641 vs. 3.144839483468641
--------
nle(id0,id1,dist): 121 139 2.935131517792255
list:
dist: 2.935131517792255 vs. 2.935131517792255
--------
nle(id0,id1,dist): 121 136 2.270866457574423
list:
dist: 2.270866457574423 vs. 2.270866457574423
--------
nle(id0,id1,dist): 121 137 2.101235123237386
list:
dist: 2.101235123237386 vs. 2.101235123237386
--------
nle(id0,id1,dist): 121 127 1.7719846725599548
list:
dist: 1.7719846725599548 vs. 1.7719846725599548
--------
nle(id0,id1,dist): 121 126 1.2717060796840478
list:
dist: 1.2717060796840478 vs. 1.2717060796840478
--------
nle(id0,id1,dist): 121 125 0.9746768212806859
list:
dist: 0.9746768212806859 vs. 0.9746768212806859
--------
nle(id0,id1,dist): 121 124 1.4353309963294922
list:
dist: 1.4353309963294922 vs. 1.4353309963294922
--------
nle(id0,id1,dist): 121 131 1.9794408297132988
list:
dist: 1.9794408297132988 vs. 1.9794408297132988
--------
nle(id0,id1,dist): 121 130 0.7646923592891716
list:
dist: 0.7646923592891716 vs. 0.7646923592891716
--------
nle(id0,id1,dist): 121 129 1.2446774354077799
list:
dist: 1.2446774354077799 vs. 1.2446774354077799
--------
nle(id0,id1,dist): 121 128 2.0090894787535962
list:
dist: 2.0090894787535962 vs. 2.0090894787535962
--------
nle(id0,id1,dist): 121 123 1.157211414044974
list:
dist: 1.157211414044974 vs. 1.157211414044974
--------
nle(id0,id1,dist): 121 122 0.7650111600191758
list:
dist: 0.7650111600191758 vs. 0.7650111600191758
--------
nle(id0,id1,dist): 122 132 1.2304406122782017
list:
dist: 1.2304406122782017 vs. 1.2304406122782017
--------
nle(id0,id1,dist): 122 131 2.1822149827321797
list:
dist: 2.1822149827321797 vs. 2.1822149827321797
--------
nle(id0,id1,dist): 122 134 2.0763295112456195
list:
dist: 2.0763295112456195 vs. 2.0763295112456195
--------
nle(id0,id1,dist): 122 133 2.4106598161346477
list:
dist: 2.4106598161346477 vs. 2.4106598161346477
--------
nle(id0,id1,dist): 122 128 2.1390137955131863
list:
dist: 2.1390137955131863 vs. 2.1390137955131863
--------
nle(id0,id1,dist): 122 127 1.947401141391316
list:
dist: 1.947401141391316 vs. 1.947401141391316
--------
nle(id0,id1,dist): 122 130 1.052758552718458
list:
dist: 1.052758552718458 vs. 1.052758552718458
--------
nle(id0,id1,dist): 122 129 1.6723787329060542
list:
dist: 1.6723787329060542 vs. 1.6723787329060542
--------
nle(id0,id1,dist): 122 140 2.253378276748038
list:
dist: 2.253378276748038 vs. 2.253378276748038
--------
nle(id0,id1,dist): 122 139 2.9235847879513885
list:
dist: 2.9235847879513885 vs. 2.9235847879513885
--------
nle(id0,id1,dist): 122 141 2.735967508319232
list:
dist: 2.735967508319232 vs. 2.735967508319232
--------
nle(id0,id1,dist): 122 136 2.1645235445666815
list:
dist: 2.1645235445666815 vs. 2.1645235445666815
--------
nle(id0,id1,dist): 122 135 1.3275367412089105
list:
dist: 1.3275367412089105 vs. 1.3275367412089105
--------
nle(id0,id1,dist): 122 138 2.8889327190753717
list:
dist: 2.8889327190753717 vs. 2.8889327190753717
--------
nle(id0,id1,dist): 122 137 2.017657077267803
list:
dist: 2.017657077267803 vs. 2.017657077267803
--------
nle(id0,id1,dist): 122 123 1.7960773662916152
list:
dist: 1.7960773662916152 vs. 1.7960773662916152
--------
nle(id0,id1,dist): 122 124 1.8877644886039506
list:
dist: 1.8877644886039506 vs. 1.8877644886039506
--------
nle(id0,id1,dist): 122 125 0.9446357221284928
list:
dist: 0.9446357221284928 vs. 0.9446357221284928
--------
nle(id0,id1,dist): 122 126 1.2562707954731547
list:
dist: 1.2562707954731547 vs. 1.2562707954731547
--------
nle(id0,id1,dist): 123 129 1.97128899633837
list:
dist: 1.97128899633837 vs. 1.97128899633837
--------
nle(id0,id1,dist): 123 128 2.916428902213729
list:
dist: 2.916428902213729 vs. 2.916428902213729
--------
nle(id0,id1,dist): 123 127 2.6492942353584295
list:
dist: 2.6492942353584295 vs. 2.6492942353584295
--------
nle(id0,id1,dist): 123 126 2.351576856440665
list:
dist: 2.351576856440665 vs. 2.351576856440665
--------
nle(id0,id1,dist): 123 125 2.0759494039982442
list:
dist: 2.0759494039982442 vs. 2.0759494039982442
--------
nle(id0,id1,dist): 123 124 2.0576781760936846
list:
dist: 2.0576781760936846 vs. 2.0576781760936846
--------
nle(id0,id1,dist): 123 137 3.0952044094741624
list:
dist: 3.0952044094741624 vs. 3.0952044094741624
--------
nle(id0,id1,dist): 123 136 3.31686984322998
list:
dist: 3.31686984322998 vs. 3.31686984322998
--------
nle(id0,id1,dist): 123 135 2.947660680433627
list:
dist: 2.947660680433627 vs. 2.947660680433627
--------
nle(id0,id1,dist): 123 134 2.772810697251633
list:
dist: 2.772810697251633 vs. 2.772810697251633
--------
nle(id0,id1,dist): 123 133 3.368333961023469
list:
dist: 3.368333961023469 vs. 3.368333961023469
--------
nle(id0,id1,dist): 123 132 2.4128152256832243
list:
dist: 2.4128152256832243 vs. 2.4128152256832243
--------
nle(id0,id1,dist): 123 131 2.701241606077966
list:
dist: 2.701241606077966 vs. 2.701241606077966
--------
nle(id0,id1,dist): 123 130 1.4035568983845874
list:
dist: 1.4035568983845874 vs. 1.4035568983845874
--------
nle(id0,id1,dist): 122 148 3.4706246809863126
list:
dist: 3.4706246809863126 vs. 3.4706246809863126
--------
nle(id0,id1,dist): 122 146 3.1203871695810625
list:
dist: 3.1203871695810625 vs. 3.1203871695810625
--------
nle(id0,id1,dist): 122 143 2.9589007050226996
list:
dist: 2.9589007050226996 vs. 2.9589007050226996
--------
nle(id0,id1,dist): 122 144 2.7356705139397497
list:
dist: 2.7356705139397497 vs. 2.7356705139397497
--------
nle(id0,id1,dist): 124 126 1.2139744514683921
list:
dist: 1.2139744514683921 vs. 1.2139744514683921
--------
nle(id0,id1,dist): 124 125 1.110738951717409
list:
dist: 1.110738951717409 vs. 1.110738951717409
--------
nle(id0,id1,dist): 124 128 1.009148234798731
list:
dist: 1.009148234798731 vs. 1.009148234798731
--------
nle(id0,id1,dist): 124 127 0.7388697168390445
list:
dist: 0.7388697168390445 vs. 0.7388697168390445
--------
nle(id0,id1,dist): 124 130 1.3744575348905643
list:
dist: 1.3744575348905643 vs. 1.3744575348905643
--------
nle(id0,id1,dist): 124 129 0.2536182417254717
list:
dist: 0.2536182417254717 vs. 0.2536182417254717
--------
nle(id0,id1,dist): 124 132 1.44453054188507
list:
dist: 1.44453054188507 vs. 1.44453054188507
--------
nle(id0,id1,dist): 124 131 0.9167467215195023
list:
dist: 0.9167467215195023 vs. 0.9167467215195023
--------
nle(id0,id1,dist): 123 139 3.8477225624732525
list:
dist: 3.8477225624732525 vs. 3.8477225624732525
--------
nle(id0,id1,dist): 123 140 3.2985955017952517
list:
dist: 3.2985955017952517 vs. 3.2985955017952517
--------
nle(id0,id1,dist): 123 141 3.523138574747509
list:
dist: 3.523138574747509 vs. 3.523138574747509
--------
nle(id0,id1,dist): 123 143 4.08679023107426
list:
dist: 4.08679023107426 vs. 4.08679023107426
--------
nle(id0,id1,dist): 125 127 1.0057200099753787
list:
dist: 1.0057200099753787 vs. 1.0057200099753787
--------
nle(id0,id1,dist): 125 126 0.5510970646435875
list:
dist: 0.5510970646435875 vs. 0.5510970646435875
--------
nle(id0,id1,dist): 124 135 2.4600993392863364
list:
dist: 2.4600993392863364 vs. 2.4600993392863364
--------
nle(id0,id1,dist): 124 136 1.6021447650317957
list:
dist: 1.6021447650317957 vs. 1.6021447650317957
--------
nle(id0,id1,dist): 124 133 1.4853820913664464
list:
dist: 1.4853820913664464 vs. 1.4853820913664464
--------
nle(id0,id1,dist): 124 134 1.3359342402065362
list:
dist: 1.3359342402065362 vs. 1.3359342402065362
--------
nle(id0,id1,dist): 124 139 1.9012803364740547
list:
dist: 1.9012803364740547 vs. 1.9012803364740547
--------
nle(id0,id1,dist): 124 140 2.1212068974475096
list:
dist: 2.1212068974475096 vs. 2.1212068974475096
--------
nle(id0,id1,dist): 124 137 1.4020882843000062
list:
dist: 1.4020882843000062 vs. 1.4020882843000062
--------
nle(id0,id1,dist): 124 138 2.5300648431675685
list:
dist: 2.5300648431675685 vs. 2.5300648431675685
--------
nle(id0,id1,dist): 124 143 2.488732668414094
list:
dist: 2.488732668414094 vs. 2.488732668414094
--------
nle(id0,id1,dist): 124 141 1.8157921642173083
list:
dist: 1.8157921642173083 vs. 1.8157921642173083
--------
nle(id0,id1,dist): 124 142 2.3322196641731736
list:
dist: 2.3322196641731736 vs. 2.3322196641731736
--------
nle(id0,id1,dist): 124 147 2.8109139215700747
list:
dist: 2.8109139215700747 vs. 2.8109139215700747
--------
nle(id0,id1,dist): 111 148 2.4943648346744327
list:
dist: 2.4943648346744327 vs. 2.4943648346744327
--------
nle(id0,id1,dist): 111 146 2.404706705780145
list:
dist: 2.404706705780145 vs. 2.404706705780145
--------
nle(id0,id1,dist): 111 144 1.68649571953006
list:
dist: 1.68649571953006 vs. 1.68649571953006
--------
nle(id0,id1,dist): 112 119 2.4410216594382477
list:
dist: 2.4410216594382477 vs. 2.4410216594382477
--------
nle(id0,id1,dist): 112 117 2.381052870059117
list:
dist: 2.381052870059117 vs. 2.381052870059117
--------
nle(id0,id1,dist): 112 118 1.8522536696003016
list:
dist: 1.8522536696003016 vs. 1.8522536696003016
--------
nle(id0,id1,dist): 112 115 1.4388802454984027
list:
dist: 1.4388802454984027 vs. 1.4388802454984027
--------
nle(id0,id1,dist): 112 116 2.1586088973876008
list:
dist: 2.1586088973876008 vs. 2.1586088973876008
--------
nle(id0,id1,dist): 112 113 1.1359635996782764
list:
dist: 1.1359635996782764 vs. 1.1359635996782764
--------
nle(id0,id1,dist): 112 114 1.7624396313755566
list:
dist: 1.7624396313755566 vs. 1.7624396313755566
--------
nle(id0,id1,dist): 112 144 2.7277278495563966
list:
dist: 2.7277278495563966 vs. 2.7277278495563966
--------
nle(id0,id1,dist): 113 116 1.1489095267556535
list:
dist: 1.1489095267556535 vs. 1.1489095267556535
--------
nle(id0,id1,dist): 113 117 1.424097740559111
list:
dist: 1.424097740559111 vs. 1.424097740559111
--------
nle(id0,id1,dist): 113 118 0.7362043092070855
list:
dist: 0.7362043092070855 vs. 0.7362043092070855
--------
nle(id0,id1,dist): 113 119 1.487738820757319
list:
dist: 1.487738820757319 vs. 1.487738820757319
--------
nle(id0,id1,dist): 113 114 0.8114685292864577
list:
dist: 0.8114685292864577 vs. 0.8114685292864577
--------
nle(id0,id1,dist): 113 115 1.29953369518216
list:
dist: 1.29953369518216 vs. 1.29953369518216
--------
nle(id0,id1,dist): 112 146 3.531781484823285
list:
dist: 3.531781484823285 vs. 3.531781484823285
--------
nle(id0,id1,dist): 112 148 3.6714010890368263
list:
dist: 3.6714010890368263 vs. 3.6714010890368263
--------
nle(id0,id1,dist): 113 148 3.4502899961069455
list:
dist: 3.4502899961069455 vs. 3.4502899961069455
--------
nle(id0,id1,dist): 114 117 1.4860180093675253
list:
dist: 1.4860180093675253 vs. 1.4860180093675253
--------
nle(id0,id1,dist): 114 118 0.6925275255005637
list:
dist: 0.6925275255005637 vs. 0.6925275255005637
--------
nle(id0,id1,dist): 114 115 1.3414712807762366
list:
dist: 1.3414712807762366 vs. 1.3414712807762366
--------
nle(id0,id1,dist): 114 116 1.2434170180551298
list:
dist: 1.2434170180551298 vs. 1.2434170180551298
--------
nle(id0,id1,dist): 113 146 3.4484509411189346
list:
dist: 3.4484509411189346 vs. 3.4484509411189346
--------
nle(id0,id1,dist): 113 144 2.8852449574071954
list:
dist: 2.8852449574071954 vs. 2.8852449574071954
--------
nle(id0,id1,dist): 114 119 1.2745991879637302
list:
dist: 1.2745991879637302 vs. 1.2745991879637302
--------
nle(id0,id1,dist): 114 144 3.5920295269501956
list:
dist: 3.5920295269501956 vs. 3.5920295269501956
--------
nle(id0,id1,dist): 114 146 4.084248252538559
list:
dist: 4.084248252538559 vs. 4.084248252538559
--------
nle(id0,id1,dist): 114 148 4.025921212524457
list:
dist: 4.025921212524457 vs. 4.025921212524457
--------
nle(id0,id1,dist): 115 118 1.5377296289055176
list:
dist: 1.5377296289055176 vs. 1.5377296289055176
--------
nle(id0,id1,dist): 115 119 1.6134568731138048
list:
dist: 1.6134568731138048 vs. 1.6134568731138048
--------
nle(id0,id1,dist): 115 116 1.7725277421332988
list:
dist: 1.7725277421332988 vs. 1.7725277421332988
--------
nle(id0,id1,dist): 115 117 1.8815778690551541
list:
dist: 1.8815778690551541 vs. 1.8815778690551541
--------
nle(id0,id1,dist): 115 144 3.1657155775784767
list:
dist: 3.1657155775784767 vs. 3.1657155775784767
--------
nle(id0,id1,dist): 115 146 3.8326709346695065
list:
dist: 3.8326709346695065 vs. 3.8326709346695065
--------
nle(id0,id1,dist): 115 148 3.8518305021394714
list:
dist: 3.8518305021394714 vs. 3.8518305021394714
--------
nle(id0,id1,dist): 116 117 0.30671239514932164
list:
dist: 0.30671239514932164 vs. 0.30671239514932164
--------
nle(id0,id1,dist): 116 118 0.5795421442969576
list:
dist: 0.5795421442969576 vs. 0.5795421442969576
--------
nle(id0,id1,dist): 116 119 0.6762582069443818
list:
dist: 0.6762582069443818 vs. 0.6762582069443818
--------
nle(id0,id1,dist): 116 144 2.809525837168905
list:
dist: 2.809525837168905 vs. 2.809525837168905
--------
nle(id0,id1,dist): 116 148 2.938624868279557
list:
dist: 2.938624868279557 vs. 2.938624868279557
--------
nle(id0,id1,dist): 116 146 3.0803630653968397
list:
dist: 3.0803630653968397 vs. 3.0803630653968397
--------
nle(id0,id1,dist): 117 118 0.8611799907348331
list:
dist: 0.8611799907348331 vs. 0.8611799907348331
--------
nle(id0,id1,dist): 117 119 0.5930193876610357
list:
dist: 0.5930193876610357 vs. 0.5930193876610357
--------
nle(id0,id1,dist): 117 144 2.7882623187230835
list:
dist: 2.7882623187230835 vs. 2.7882623187230835
--------
nle(id0,id1,dist): 117 145 3.6411434254779613
list:
dist: 3.6411434254779613 vs. 3.6411434254779613
--------
nle(id0,id1,dist): 117 146 2.9960783379551374
list:
dist: 2.9960783379551374 vs. 2.9960783379551374
--------
nle(id0,id1,dist): 117 148 2.8224527959541965
list:
dist: 2.8224527959541965 vs. 2.8224527959541965
--------
nle(id0,id1,dist): 117 149 3.5035803292036394
list:
dist: 3.5035803292036394 vs. 3.5035803292036394
--------
nle(id0,id1,dist): 118 119 0.8908954554128936
list:
dist: 0.8908954554128936 vs. 0.8908954554128936
--------
nle(id0,id1,dist): 106 109 1.4036886909674082
list:
dist: 1.4036886909674082 vs. 1.4036886909674082
--------
nle(id0,id1,dist): 106 108 0.8238813836057479
list:
dist: 0.8238813836057479 vs. 0.8238813836057479
--------
nle(id0,id1,dist): 106 107 0.9644827685243649
list:
dist: 0.9644827685243649 vs. 0.9644827685243649
--------
nle(id0,id1,dist): 105 109 1.601366604275273
list:
dist: 1.601366604275273 vs. 1.601366604275273
--------
nle(id0,id1,dist): 105 108 0.8864053764128775
list:
dist: 0.8864053764128775 vs. 0.8864053764128775
--------
nle(id0,id1,dist): 105 107 0.6981416354811542
list:
dist: 0.6981416354811542 vs. 0.6981416354811542
--------
nle(id0,id1,dist): 105 106 0.9359376629379884
list:
dist: 0.9359376629379884 vs. 0.9359376629379884
--------
nle(id0,id1,dist): 108 109 0.7372101872686293
list:
dist: 0.7372101872686293 vs. 0.7372101872686293
--------
nle(id0,id1,dist): 107 108 0.3789973126341649
list:
dist: 0.3789973126341649 vs. 0.3789973126341649
--------
nle(id0,id1,dist): 107 109 0.948767611892752
list:
dist: 0.948767611892752 vs. 0.948767611892752
--------
nle(id0,id1,dist): 111 119 1.9299982797817323
list:
dist: 1.9299982797817323 vs. 1.9299982797817323
--------
nle(id0,id1,dist): 111 118 1.811842104107978
list:
dist: 1.811842104107978 vs. 1.811842104107978
--------
nle(id0,id1,dist): 110 146 3.0333873287136814
list:
dist: 3.0333873287136814 vs. 3.0333873287136814
--------
nle(id0,id1,dist): 110 144 2.4267807131645998
list:
dist: 2.4267807131645998 vs. 2.4267807131645998
--------
nle(id0,id1,dist): 111 116 1.70089099184514
list:
dist: 1.70089099184514 vs. 1.70089099184514
--------
nle(id0,id1,dist): 111 117 1.7466257954418616
list:
dist: 1.7466257954418616 vs. 1.7466257954418616
--------
nle(id0,id1,dist): 111 114 2.1241399663597287
list:
dist: 2.1241399663597287 vs. 2.1241399663597287
--------
nle(id0,id1,dist): 111 115 1.4792621585599177
list:
dist: 1.4792621585599177 vs. 1.4792621585599177
--------
nle(id0,id1,dist): 111 112 1.4425652719930322
list:
dist: 1.4425652719930322 vs. 1.4425652719930322
--------
nle(id0,id1,dist): 111 113 1.519267359523016
list:
dist: 1.519267359523016 vs. 1.519267359523016
--------
nle(id0,id1,dist): 110 148 3.0696319409686113
list:
dist: 3.0696319409686113 vs. 3.0696319409686113
--------
nle(id0,id1,dist): 110 111 1.1279499527492647
list:
dist: 1.1279499527492647 vs. 1.1279499527492647
--------
nle(id0,id1,dist): 110 112 0.9738733059737659
list:
dist: 0.9738733059737659 vs. 0.9738733059737659
--------
nle(id0,id1,dist): 110 113 0.47243718593917305
list:
dist: 0.47243718593917305 vs. 0.47243718593917305
--------
nle(id0,id1,dist): 110 114 1.2588529695657533
list:
dist: 1.2588529695657533 vs. 1.2588529695657533
--------
nle(id0,id1,dist): 110 119 1.636554565733081
list:
dist: 1.636554565733081 vs. 1.636554565733081
--------
nle(id0,id1,dist): 110 115 1.3736397198569172
list:
dist: 1.3736397198569172 vs. 1.3736397198569172
--------
nle(id0,id1,dist): 110 116 1.2227043125016848
list:
dist: 1.2227043125016848 vs. 1.2227043125016848
--------
nle(id0,id1,dist): 110 117 1.4557682852234066
list:
dist: 1.4557682852234066 vs. 1.4557682852234066
--------
nle(id0,id1,dist): 110 118 1.0182518960256117
list:
dist: 1.0182518960256117 vs. 1.0182518960256117
--------
nle(id0,id1,dist): 99 107 0.7221319638953232
list:
dist: 0.7221319638953232 vs. 0.7221319638953232
--------
nle(id0,id1,dist): 99 106 1.0679789252972693
list:
dist: 1.0679789252972693 vs. 1.0679789252972693
--------
nle(id0,id1,dist): 99 109 1.6579866600691018
list:
dist: 1.6579866600691018 vs. 1.6579866600691018
--------
nle(id0,id1,dist): 99 108 1.0143076651085172
list:
dist: 1.0143076651085172 vs. 1.0143076651085172
--------
nle(id0,id1,dist): 99 101 1.0467216747520138
list:
dist: 1.0467216747520138 vs. 1.0467216747520138
--------
nle(id0,id1,dist): 99 100 0.5384851111107205
list:
dist: 0.5384851111107205 vs. 0.5384851111107205
--------
nle(id0,id1,dist): 99 103 0.5715189329219105
list:
dist: 0.5715189329219105 vs. 0.5715189329219105
--------
nle(id0,id1,dist): 99 102 1.6190208502901577
list:
dist: 1.6190208502901577 vs. 1.6190208502901577
--------
nle(id0,id1,dist): 99 105 0.39168750965091165
list:
dist: 0.39168750965091165 vs. 0.39168750965091165
--------
nle(id0,id1,dist): 99 104 1.601052939569802
list:
dist: 1.601052939569802 vs. 1.601052939569802
--------
nle(id0,id1,dist): 98 106 1.3145857591965249
list:
dist: 1.3145857591965249 vs. 1.3145857591965249
--------
nle(id0,id1,dist): 98 105 0.5763758454856581
list:
dist: 0.5763758454856581 vs. 0.5763758454856581
--------
nle(id0,id1,dist): 98 104 1.8331231123561988
list:
dist: 1.8331231123561988 vs. 1.8331231123561988
--------
nle(id0,id1,dist): 98 103 0.8096758694787255
list:
dist: 0.8096758694787255 vs. 0.8096758694787255
--------
nle(id0,id1,dist): 98 109 1.6715468254253385
list:
dist: 1.6715468254253385 vs. 1.6715468254253385
--------
nle(id0,id1,dist): 98 108 1.0984841445034694
list:
dist: 1.0984841445034694 vs. 1.0984841445034694
--------
nle(id0,id1,dist): 98 107 0.7469903086639526
list:
dist: 0.7469903086639526 vs. 0.7469903086639526
--------
nle(id0,id1,dist): 101 103 1.201593602664617
list:
dist: 1.201593602664617 vs. 1.201593602664617
--------
nle(id0,id1,dist): 101 102 0.972370594944099
list:
dist: 0.972370594944099 vs. 0.972370594944099
--------
nle(id0,id1,dist): 101 108 1.6802889581963452
list:
dist: 1.6802889581963452 vs. 1.6802889581963452
--------
nle(id0,id1,dist): 101 109 2.4170345192203957
list:
dist: 2.4170345192203957 vs. 2.4170345192203957
--------
nle(id0,id1,dist): 101 104 1.5228779726267345
list:
dist: 1.5228779726267345 vs. 1.5228779726267345
--------
nle(id0,id1,dist): 101 105 0.8689040137043647
list:
dist: 0.8689040137043647 vs. 0.8689040137043647
--------
nle(id0,id1,dist): 101 106 1.3665704418403835
list:
dist: 1.3665704418403835 vs. 1.3665704418403835
--------
nle(id0,id1,dist): 101 107 1.5598736831961526
list:
dist: 1.5598736831961526 vs. 1.5598736831961526
--------
nle(id0,id1,dist): 100 108 1.2656814258885758
list:
dist: 1.2656814258885758 vs. 1.2656814258885758
--------
nle(id0,id1,dist): 100 107 1.07979883702069
list:
dist: 1.07979883702069 vs. 1.07979883702069
--------
nle(id0,id1,dist): 100 106 0.929143615460608
list:
dist: 0.929143615460608 vs. 0.929143615460608
--------
nle(id0,id1,dist): 100 105 0.7154216142819564
list:
dist: 0.7154216142819564 vs. 0.7154216142819564
--------
nle(id0,id1,dist): 100 104 1.0673265987132619
list:
dist: 1.0673265987132619 vs. 1.0673265987132619
--------
nle(id0,id1,dist): 100 103 0.2720716049216462
list:
dist: 0.2720716049216462 vs. 0.2720716049216462
--------
nle(id0,id1,dist): 100 102 1.259082747304602
list:
dist: 1.259082747304602 vs. 1.259082747304602
--------
nle(id0,id1,dist): 100 101 0.9841416607135961
list:
dist: 0.9841416607135961 vs. 0.9841416607135961
--------
nle(id0,id1,dist): 100 109 1.9100043923622783
list:
dist: 1.9100043923622783 vs. 1.9100043923622783
--------
nle(id0,id1,dist): 103 105 0.7569479527520036
list:
dist: 0.7569479527520036 vs. 0.7569479527520036
--------
nle(id0,id1,dist): 103 104 1.1681566081557058
list:
dist: 1.1681566081557058 vs. 1.1681566081557058
--------
nle(id0,id1,dist): 103 107 0.9302832355501877
list:
dist: 0.9302832355501877 vs. 0.9302832355501877
--------
nle(id0,id1,dist): 103 106 0.7855769445360729
list:
dist: 0.7855769445360729 vs. 0.7855769445360729
--------
nle(id0,id1,dist): 103 109 1.6908015427452667
list:
dist: 1.6908015427452667 vs. 1.6908015427452667
--------
nle(id0,id1,dist): 103 108 1.093610213632586
list:
dist: 1.093610213632586 vs. 1.093610213632586
--------
nle(id0,id1,dist): 102 106 1.8431695292973962
list:
dist: 1.8431695292973962 vs. 1.8431695292973962
--------
nle(id0,id1,dist): 102 105 1.6328663163769945
list:
dist: 1.6328663163769945 vs. 1.6328663163769945
--------
nle(id0,id1,dist): 102 104 1.0021303021463184
list:
dist: 1.0021303021463184 vs. 1.0021303021463184
--------
nle(id0,id1,dist): 102 103 1.504753579582247
list:
dist: 1.504753579582247 vs. 1.504753579582247
--------
nle(id0,id1,dist): 102 109 3.0901504753846285
list:
dist: 3.0901504753846285 vs. 3.0901504753846285
--------
nle(id0,id1,dist): 102 108 2.384240232949202
list:
dist: 2.384240232949202 vs. 2.384240232949202
--------
nle(id0,id1,dist): 102 107 2.2462815693045863
list:
dist: 2.2462815693045863 vs. 2.2462815693045863
--------
nle(id0,id1,dist): 104 109 2.7641757230960735
list:
dist: 2.7641757230960735 vs. 2.7641757230960735
--------
nle(id0,id1,dist): 104 105 1.7251473499049916
list:
dist: 1.7251473499049916 vs. 1.7251473499049916
--------
nle(id0,id1,dist): 104 106 1.528030593951852
list:
dist: 1.528030593951852 vs. 1.528030593951852
--------
nle(id0,id1,dist): 104 107 2.086460533425705
list:
dist: 2.086460533425705 vs. 2.086460533425705
--------
nle(id0,id1,dist): 104 108 2.1836125973424445
list:
dist: 2.1836125973424445 vs. 2.1836125973424445
--------
nle(id0,id1,dist): 147 149 1.4623507486907286
list:
dist: 1.4623507486907286 vs. 1.4623507486907286
--------
nle(id0,id1,dist): 147 148 1.4103843674336292
list:
dist: 1.4103843674336292 vs. 1.4103843674336292
--------
nle(id0,id1,dist): 148 149 1.5309633099597597
list:
dist: 1.5309633099597597 vs. 1.5309633099597597
--------
nle(id0,id1,dist): 146 147 1.4716302685869527
list:
dist: 1.4716302685869527 vs. 1.4716302685869527
--------
nle(id0,id1,dist): 146 148 0.4464610612057921
list:
dist: 0.4464610612057921 vs. 0.4464610612057921
--------
nle(id0,id1,dist): 146 149 1.9237873469251596
list:
dist: 1.9237873469251596 vs. 1.9237873469251596
--------
nle(id0,id1,dist): 144 148 1.3046342411868348
list:
dist: 1.3046342411868348 vs. 1.3046342411868348
--------
nle(id0,id1,dist): 144 147 2.392975373603064
list:
dist: 2.392975373603064 vs. 2.392975373603064
--------
nle(id0,id1,dist): 144 146 0.9711270219367593
list:
dist: 0.9711270219367593 vs. 0.9711270219367593
--------
nle(id0,id1,dist): 144 145 2.0194926165630065
list:
dist: 2.0194926165630065 vs. 2.0194926165630065
--------
nle(id0,id1,dist): 144 149 2.8331286773981543
list:
dist: 2.8331286773981543 vs. 2.8331286773981543
--------
nle(id0,id1,dist): 145 149 1.1840045135069486
list:
dist: 1.1840045135069486 vs. 1.1840045135069486
--------
nle(id0,id1,dist): 145 148 0.8990533542148507
list:
dist: 0.8990533542148507 vs. 0.8990533542148507
--------
nle(id0,id1,dist): 145 147 0.5543830124246691
list:
dist: 0.5543830124246691 vs. 0.5543830124246691
--------
nle(id0,id1,dist): 145 146 1.054157356904211
list:
dist: 1.054157356904211 vs. 1.054157356904211
--------
nle(id0,id1,dist): 142 149 1.845872452651673
list:
dist: 1.845872452651673 vs. 1.845872452651673
--------
nle(id0,id1,dist): 142 147 0.5433619837613728
list:
dist: 0.5433619837613728 vs. 0.5433619837613728
--------
nle(id0,id1,dist): 142 148 1.343381201066972
list:
dist: 1.343381201066972 vs. 1.343381201066972
--------
nle(id0,id1,dist): 142 145 0.7735856379174922
list:
dist: 0.7735856379174922 vs. 0.7735856379174922
--------
nle(id0,id1,dist): 142 146 1.2680399311548967
list:
dist: 1.2680399311548967 vs. 1.2680399311548967
--------
nle(id0,id1,dist): 142 143 0.656613485520729
list:
dist: 0.656613485520729 vs. 0.656613485520729
--------
nle(id0,id1,dist): 142 144 2.0883466659261707
list:
dist: 2.0883466659261707 vs. 2.0883466659261707
--------
nle(id0,id1,dist): 143 146 0.7228993927084428
list:
dist: 0.7228993927084428 vs. 0.7228993927084428
--------
nle(id0,id1,dist): 143 147 1.0110127325741531
list:
dist: 1.0110127325741531 vs. 1.0110127325741531
--------
nle(id0,id1,dist): 143 148 0.976932822310621
list:
dist: 0.976932822310621 vs. 0.976932822310621
--------
nle(id0,id1,dist): 143 149 2.0210600406437425
list:
dist: 2.0210600406437425 vs. 2.0210600406437425
--------
nle(id0,id1,dist): 143 144 1.457405912618424
list:
dist: 1.457405912618424 vs. 1.457405912618424
--------
nle(id0,id1,dist): 143 145 0.8732854910423544
list:
dist: 0.8732854910423544 vs. 0.8732854910423544
--------
nle(id0,id1,dist): 141 142 0.7070509755317905
list:
dist: 0.7070509755317905 vs. 0.7070509755317905
--------
nle(id0,id1,dist): 141 143 0.8603777707571721
list:
dist: 0.8603777707571721 vs. 0.8603777707571721
--------
nle(id0,id1,dist): 140 149 3.04551933341019
list:
dist: 3.04551933341019 vs. 3.04551933341019
--------
nle(id0,id1,dist): 141 145 1.4260426919536209
list:
dist: 1.4260426919536209 vs. 1.4260426919536209
--------
nle(id0,id1,dist): 141 144 2.1213885668440664
list:
dist: 2.1213885668440664 vs. 2.1213885668440664
--------
nle(id0,id1,dist): 141 147 1.1799018780173822
list:
dist: 1.1799018780173822 vs. 1.1799018780173822
--------
nle(id0,id1,dist): 141 146 1.564744362942532
list:
dist: 1.564744362942532 vs. 1.564744362942532
--------
nle(id0,id1,dist): 141 149 2.5491165081313945
list:
dist: 2.5491165081313945 vs. 2.5491165081313945
--------
nle(id0,id1,dist): 141 148 1.8059292297142973
list:
dist: 1.8059292297142973 vs. 1.8059292297142973
--------
nle(id0,id1,dist): 139 144 2.35505328900998
list:
dist: 2.35505328900998 vs. 2.35505328900998
--------
nle(id0,id1,dist): 139 145 1.3279028534132056
list:
dist: 1.3279028534132056 vs. 1.3279028534132056
--------
nle(id0,id1,dist): 139 142 0.7511104479694343
list:
dist: 0.7511104479694343 vs. 0.7511104479694343
--------
nle(id0,id1,dist): 139 143 1.1741112310575268
list:
dist: 1.1741112310575268 vs. 1.1741112310575268
--------
nle(id0,id1,dist): 139 140 1.7450799237770342
list:
dist: 1.7450799237770342 vs. 1.7450799237770342
--------
nle(id0,id1,dist): 139 141 0.9737764924501823
list:
dist: 0.9737764924501823 vs. 0.9737764924501823
--------
nle(id0,id1,dist): 139 148 1.7023066965476963
list:
dist: 1.7023066965476963 vs. 1.7023066965476963
--------
nle(id0,id1,dist): 139 149 2.1328679519097204
list:
dist: 2.1328679519097204 vs. 2.1328679519097204
--------
nle(id0,id1,dist): 139 146 1.6528735818314386
list:
dist: 1.6528735818314386 vs. 1.6528735818314386
--------
nle(id0,id1,dist): 139 147 1.122880463287728
list:
dist: 1.122880463287728 vs. 1.122880463287728
--------
nle(id0,id1,dist): 140 145 1.88904611583764
list:
dist: 1.88904611583764 vs. 1.88904611583764
--------
nle(id0,id1,dist): 140 146 1.3987401587394377
list:
dist: 1.3987401587394377 vs. 1.3987401587394377
--------
nle(id0,id1,dist): 140 147 1.910780557025683
list:
dist: 1.910780557025683 vs. 1.910780557025683
--------
nle(id0,id1,dist): 140 148 1.8154421251361237
list:
dist: 1.8154421251361237 vs. 1.8154421251361237
--------
nle(id0,id1,dist): 140 141 1.0216806320354574
list:
dist: 1.0216806320354574 vs. 1.0216806320354574
--------
nle(id0,id1,dist): 140 142 1.4575889132260795
list:
dist: 1.4575889132260795 vs. 1.4575889132260795
--------
nle(id0,id1,dist): 140 143 1.0260120008167974
list:
dist: 1.0260120008167974 vs. 1.0260120008167974
--------
nle(id0,id1,dist): 140 144 1.4493590324018082
list:
dist: 1.4493590324018082 vs. 1.4493590324018082
--------
nle(id0,id1,dist): 138 141 1.7971265111210017
list:
dist: 1.7971265111210017 vs. 1.7971265111210017
--------
nle(id0,id1,dist): 138 142 1.4641830724175096
list:
dist: 1.4641830724175096 vs. 1.4641830724175096
--------
nle(id0,id1,dist): 138 139 1.11878295523177
list:
dist: 1.11878295523177 vs. 1.11878295523177
--------
nle(id0,id1,dist): 138 140 2.065933588421457
list:
dist: 2.065933588421457 vs. 2.065933588421457
--------
nle(id0,id1,dist): 138 149 2.041671553599596
list:
dist: 2.041671553599596 vs. 2.041671553599596
--------
nle(id0,id1,dist): 138 148 1.3367522716475673
list:
dist: 1.3367522716475673 vs. 1.3367522716475673
--------
nle(id0,id1,dist): 138 147 1.7448875985639936
list:
dist: 1.7448875985639936 vs. 1.7448875985639936
--------
nle(id0,id1,dist): 138 146 1.3993423949616326
list:
dist: 1.3993423949616326 vs. 1.3993423949616326
--------
nle(id0,id1,dist): 138 145 1.5576059666112099
list:
dist: 1.5576059666112099 vs. 1.5576059666112099
--------
nle(id0,id1,dist): 138 144 1.927939447889314
list:
dist: 1.927939447889314 vs. 1.927939447889314
--------
nle(id0,id1,dist): 138 143 1.4551194137983012
list:
dist: 1.4551194137983012 vs. 1.4551194137983012
--------
nle(id0,id1,dist): 137 144 1.970312973262848
list:
dist: 1.970312973262848 vs. 1.970312973262848
--------
nle(id0,id1,dist): 137 145 1.8704564372803851
list:
dist: 1.8704564372803851 vs. 1.8704564372803851
--------
nle(id0,id1,dist): 137 146 1.6533691328008229
list:
dist: 1.6533691328008229 vs. 1.6533691328008229
--------
nle(id0,id1,dist): 137 147 1.7979388274969057
list:
dist: 1.7979388274969057 vs. 1.7979388274969057
--------
nle(id0,id1,dist): 137 140 1.2476631228406942
list:
dist: 1.2476631228406942 vs. 1.2476631228406942
--------
nle(id0,id1,dist): 137 141 1.006817639489563
list:
dist: 1.006817639489563 vs. 1.006817639489563
--------
nle(id0,id1,dist): 137 142 1.2696834179440892
list:
dist: 1.2696834179440892 vs. 1.2696834179440892
--------
nle(id0,id1,dist): 137 143 1.2564117598362983
list:
dist: 1.2564117598362983 vs. 1.2564117598362983
--------
nle(id0,id1,dist): 137 138 1.264715739202707
list:
dist: 1.264715739202707 vs. 1.264715739202707
--------
nle(id0,id1,dist): 137 139 0.9173509039322154
list:
dist: 0.9173509039322154 vs. 0.9173509039322154
--------
nle(id0,id1,dist): 137 149 2.8311368646261506
list:
dist: 2.8311368646261506 vs. 2.8311368646261506
--------
nle(id0,id1,dist): 137 148 1.891725600195742
list:
dist: 1.891725600195742 vs. 1.891725600195742
--------
nle(id0,id1,dist): 136 147 2.0376966683254327
list:
dist: 2.0376966683254327 vs. 2.0376966683254327
--------
nle(id0,id1,dist): 136 148 2.024986828192232
list:
dist: 2.024986828192232 vs. 2.024986828192232
--------
nle(id0,id1,dist): 136 145 2.067909341702308
list:
dist: 2.067909341702308 vs. 2.067909341702308
--------
nle(id0,id1,dist): 136 146 1.894386383648231
list:
dist: 1.894386383648231 vs. 1.894386383648231
--------
nle(id0,id1,dist): 136 149 2.814763473242879
list:
dist: 2.814763473242879 vs. 2.814763473242879
--------
nle(id0,id1,dist): 136 139 0.9958483025365769
list:
dist: 0.9958483025365769 vs. 0.9958483025365769
--------
nle(id0,id1,dist): 136 140 1.8315343708555083
list:
dist: 1.8315343708555083 vs. 1.8315343708555083
--------
nle(id0,id1,dist): 136 137 0.6280807352593248
list:
dist: 0.6280807352593248 vs. 0.6280807352593248
--------
nle(id0,id1,dist): 136 138 0.9680358197745416
list:
dist: 0.9680358197745416 vs. 0.9680358197745416
--------
nle(id0,id1,dist): 136 143 1.6494356018843679
list:
dist: 1.6494356018843679 vs. 1.6494356018843679
--------
nle(id0,id1,dist): 136 144 2.2300634911377326
list:
dist: 2.2300634911377326 vs. 2.2300634911377326
--------
nle(id0,id1,dist): 136 141 1.5340276010729617
list:
dist: 1.5340276010729617 vs. 1.5340276010729617
--------
nle(id0,id1,dist): 136 142 1.5828422588737847
list:
dist: 1.5828422588737847 vs. 1.5828422588737847
--------
nle(id0,id1,dist): 135 143 2.1604992306514657
list:
dist: 2.1604992306514657 vs. 2.1604992306514657
--------
nle(id0,id1,dist): 135 144 1.4854421508848774
list:
dist: 1.4854421508848774 vs. 1.4854421508848774
--------
nle(id0,id1,dist): 135 146 2.104891464335444
list:
dist: 2.104891464335444 vs. 2.104891464335444
--------
nle(id0,id1,dist): 135 148 2.4903791359453
list:
dist: 2.4903791359453 vs. 2.4903791359453
--------
nle(id0,id1,dist): 134 149 3.2777718279968453
list:
dist: 3.2777718279968453 vs. 3.2777718279968453
--------
nle(id0,id1,dist): 134 148 2.309919143620802
list:
dist: 2.309919143620802 vs. 2.309919143620802
--------
nle(id0,id1,dist): 134 147 1.9623910561275681
list:
dist: 1.9623910561275681 vs. 1.9623910561275681
--------
nle(id0,id1,dist): 135 140 1.495233803309526
list:
dist: 1.495233803309526 vs. 1.495233803309526
--------
nle(id0,id1,dist): 135 141 2.3016490886822134
list:
dist: 2.3016490886822134 vs. 2.3016490886822134
--------
nle(id0,id1,dist): 135 138 2.3630404964333316
list:
dist: 2.3630404964333316 vs. 2.3630404964333316
--------
nle(id0,id1,dist): 135 139 2.603385754923597
list:
dist: 2.603385754923597 vs. 2.603385754923597
--------
nle(id0,id1,dist): 135 136 2.0455154988824296
list:
dist: 2.0455154988824296 vs. 2.0455154988824296
--------
nle(id0,id1,dist): 135 137 1.770682863012979
list:
dist: 1.770682863012979 vs. 1.770682863012979
--------
nle(id0,id1,dist): 134 135 1.8588631662986765
list:
dist: 1.8588631662986765 vs. 1.8588631662986765
--------
nle(id0,id1,dist): 134 136 1.5643724606328118
list:
dist: 1.5643724606328118 vs. 1.5643724606328118
--------
nle(id0,id1,dist): 134 137 0.9539461639705236
list:
dist: 0.9539461639705236 vs. 0.9539461639705236
--------
nle(id0,id1,dist): 134 138 2.1321568617975424
list:
dist: 2.1321568617975424 vs. 2.1321568617975424
--------
nle(id0,id1,dist): 134 143 1.3977192430491427
list:
dist: 1.3977192430491427 vs. 1.3977192430491427
--------
nle(id0,id1,dist): 134 144 2.191922272403634
list:
dist: 2.191922272403634 vs. 2.191922272403634
--------
nle(id0,id1,dist): 134 145 2.145261382175569
list:
dist: 2.145261382175569 vs. 2.145261382175569
--------
nle(id0,id1,dist): 134 146 1.9715052465173923
list:
dist: 1.9715052465173923 vs. 1.9715052465173923
--------
nle(id0,id1,dist): 134 139 1.479972199402175
list:
dist: 1.479972199402175 vs. 1.479972199402175
--------
nle(id0,id1,dist): 134 140 0.8544508625958295
list:
dist: 0.8544508625958295 vs. 0.8544508625958295
--------
nle(id0,id1,dist): 134 141 0.7876210765390403
list:
dist: 0.7876210765390403 vs. 0.7876210765390403
--------
nle(id0,id1,dist): 134 142 1.4596243461430103
list:
dist: 1.4596243461430103 vs. 1.4596243461430103
--------
nle(id0,id1,dist): 133 135 2.21080475298275
list:
dist: 2.21080475298275 vs. 2.21080475298275
--------
nle(id0,id1,dist): 133 134 1.1899129192994817
list:
dist: 1.1899129192994817 vs. 1.1899129192994817
--------
nle(id0,id1,dist): 133 138 1.1516028787655046
list:
dist: 1.1516028787655046 vs. 1.1516028787655046
--------
nle(id0,id1,dist): 133 139 0.5241808565334987
list:
dist: 0.5241808565334987 vs. 0.5241808565334987
--------
nle(id0,id1,dist): 133 136 0.6024457686525563
list:
dist: 0.6024457686525563 vs. 0.6024457686525563
--------
nle(id0,id1,dist): 133 137 0.4506122933181294
list:
dist: 0.4506122933181294 vs. 0.4506122933181294
--------
nle(id0,id1,dist): 133 142 1.0860753025831906
list:
dist: 1.0860753025831906 vs. 1.0860753025831906
--------
nle(id0,id1,dist): 133 143 1.293426288897294
list:
dist: 1.293426288897294 vs. 1.293426288897294
--------
nle(id0,id1,dist): 133 140 1.552619970723164
list:
dist: 1.552619970723164 vs. 1.552619970723164
--------
nle(id0,id1,dist): 133 141 0.9891560318109563
list:
dist: 0.9891560318109563 vs. 0.9891560318109563
--------
nle(id0,id1,dist): 133 146 1.743867842064768
list:
dist: 1.743867842064768 vs. 1.743867842064768
--------
nle(id0,id1,dist): 133 147 1.5635155092616586
list:
dist: 1.5635155092616586 vs. 1.5635155092616586
--------
nle(id0,id1,dist): 133 144 2.2450722879292546
list:
dist: 2.2450722879292546 vs. 2.2450722879292546
--------
nle(id0,id1,dist): 133 145 1.7103980532127712
list:
dist: 1.7103980532127712 vs. 1.7103980532127712
--------
nle(id0,id1,dist): 133 148 1.8918417834320904
list:
dist: 1.8918417834320904 vs. 1.8918417834320904
--------
nle(id0,id1,dist): 133 149 2.584934375934517
list:
dist: 2.584934375934517 vs. 2.584934375934517
--------
nle(id0,id1,dist): 132 134 0.9234332698596539
list:
dist: 0.9234332698596539 vs. 0.9234332698596539
--------
nle(id0,id1,dist): 132 133 1.447111917693823
list:
dist: 1.447111917693823 vs. 1.447111917693823
--------
nle(id0,id1,dist): 132 136 1.4525295059338472
list:
dist: 1.4525295059338472 vs. 1.4525295059338472
--------
nle(id0,id1,dist): 132 135 1.0652043287342263
list:
dist: 1.0652043287342263 vs. 1.0652043287342263
--------
nle(id0,id1,dist): 132 138 2.092596001606076
list:
dist: 2.092596001606076 vs. 2.092596001606076
--------
nle(id0,id1,dist): 132 137 1.0128743490663776
list:
dist: 1.0128743490663776 vs. 1.0128743490663776
--------
nle(id0,id1,dist): 132 140 1.0779680363173403
list:
dist: 1.0779680363173403 vs. 1.0779680363173403
--------
nle(id0,id1,dist): 132 139 1.8992694789299294
list:
dist: 1.8992694789299294 vs. 1.8992694789299294
--------
nle(id0,id1,dist): 132 141 1.5339063380201534
list:
dist: 1.5339063380201534 vs. 1.5339063380201534
--------
nle(id0,id1,dist): 132 142 2.0367627471510814
list:
dist: 2.0367627471510814 vs. 2.0367627471510814
--------
nle(id0,id1,dist): 132 143 1.7809830137298437
list:
dist: 1.7809830137298437 vs. 1.7809830137298437
--------
nle(id0,id1,dist): 132 144 1.9362633999247236
list:
dist: 1.9362633999247236 vs. 1.9362633999247236
--------
nle(id0,id1,dist): 132 145 2.600790462961806
list:
dist: 2.600790462961806 vs. 2.600790462961806
--------
nle(id0,id1,dist): 132 146 2.0770954424448016
list:
dist: 2.0770954424448016 vs. 2.0770954424448016
--------
nle(id0,id1,dist): 132 147 2.575459858898297
list:
dist: 2.575459858898297 vs. 2.575459858898297
--------
nle(id0,id1,dist): 132 148 2.449406072739969
list:
dist: 2.449406072739969 vs. 2.449406072739969
--------
nle(id0,id1,dist): 132 149 3.665517561821998
list:
dist: 3.665517561821998 vs. 3.665517561821998
--------
nle(id0,id1,dist): 131 147 1.9903891556618238
list:
dist: 1.9903891556618238 vs. 1.9903891556618238
--------
nle(id0,id1,dist): 131 146 2.265580376918113
list:
dist: 2.265580376918113 vs. 2.265580376918113
--------
nle(id0,id1,dist): 131 149 3.3070624201428545
list:
dist: 3.3070624201428545 vs. 3.3070624201428545
--------
nle(id0,id1,dist): 131 148 2.5350360709899813
list:
dist: 2.5350360709899813 vs. 2.5350360709899813
--------
nle(id0,id1,dist): 131 142 1.5059268465936806
list:
dist: 1.5059268465936806 vs. 1.5059268465936806
--------
nle(id0,id1,dist): 131 143 1.6579394718171376
list:
dist: 1.6579394718171376 vs. 1.6579394718171376
--------
nle(id0,id1,dist): 131 144 2.6001669361332715
list:
dist: 2.6001669361332715 vs. 2.6001669361332715
--------
nle(id0,id1,dist): 131 145 2.2626279350542413
list:
dist: 2.2626279350542413 vs. 2.2626279350542413
--------
nle(id0,id1,dist): 131 138 2.096689819484061
list:
dist: 2.096689819484061 vs. 2.096689819484061
--------
nle(id0,id1,dist): 131 139 1.2931221910210025
list:
dist: 1.2931221910210025 vs. 1.2931221910210025
--------
nle(id0,id1,dist): 131 140 1.3800014012436974
list:
dist: 1.3800014012436974 vs. 1.3800014012436974
--------
nle(id0,id1,dist): 131 141 0.9130617745404308
list:
dist: 0.9130617745404308 vs. 0.9130617745404308
--------
nle(id0,id1,dist): 131 134 0.5654750819150058
list:
dist: 0.5654750819150058 vs. 0.5654750819150058
--------
nle(id0,id1,dist): 131 135 2.2213615700327876
list:
dist: 2.2213615700327876 vs. 2.2213615700327876
--------
nle(id0,id1,dist): 131 136 1.387960960152698
list:
dist: 1.387960960152698 vs. 1.387960960152698
--------
nle(id0,id1,dist): 131 137 0.9068851025036708
list:
dist: 0.9068851025036708 vs. 0.9068851025036708
--------
nle(id0,id1,dist): 131 132 1.1913793891779316
list:
dist: 1.1913793891779316 vs. 1.1913793891779316
--------
nle(id0,id1,dist): 131 133 0.9810070682542712
list:
dist: 0.9810070682542712 vs. 0.9810070682542712
--------
nle(id0,id1,dist): 130 148 3.4916481747868677
list:
dist: 3.4916481747868677 vs. 3.4916481747868677
--------
nle(id0,id1,dist): 130 146 3.110569714815594
list:
dist: 3.110569714815594 vs. 3.110569714815594
--------
nle(id0,id1,dist): 130 143 2.736646941989247
list:
dist: 2.736646941989247 vs. 2.736646941989247
--------
nle(id0,id1,dist): 130 144 2.910710218082179
list:
dist: 2.910710218082179 vs. 2.910710218082179
--------
nle(id0,id1,dist): 130 141 2.2701409974541082
list:
dist: 2.2701409974541082 vs. 2.2701409974541082
--------
nle(id0,id1,dist): 130 139 2.712321188053438
list:
dist: 2.712321188053438 vs. 2.712321188053438
--------
nle(id0,id1,dist): 130 140 1.9046037731091165
list:
dist: 1.9046037731091165 vs. 1.9046037731091165
--------
nle(id0,id1,dist): 130 137 1.8895291492306847
list:
dist: 1.8895291492306847 vs. 1.8895291492306847
--------
nle(id0,id1,dist): 130 138 3.0668246542176028
list:
dist: 3.0668246542176028 vs. 3.0668246542176028
--------
nle(id0,id1,dist): 130 135 1.7271843438289778
list:
dist: 1.7271843438289778 vs. 1.7271843438289778
--------
nle(id0,id1,dist): 130 136 2.260204400174378
list:
dist: 2.260204400174378 vs. 2.260204400174378
--------
nle(id0,id1,dist): 130 132 1.0609155676739084
list:
dist: 1.0609155676739084 vs. 1.0609155676739084
--------
nle(id0,id1,dist): 130 131 1.6043182365763538
list:
dist: 1.6043182365763538 vs. 1.6043182365763538
--------
nle(id0,id1,dist): 130 134 1.4930047277869323
list:
dist: 1.4930047277869323 vs. 1.4930047277869323
--------
nle(id0,id1,dist): 130 133 2.241958440467064
list:
dist: 2.241958440467064 vs. 2.241958440467064
--------
nle(id0,id1,dist): 129 140 2.1212055551680913
list:
dist: 2.1212055551680913 vs. 2.1212055551680913
--------
nle(id0,id1,dist): 129 141 1.9046359287241426
list:
dist: 1.9046359287241426 vs. 1.9046359287241426
--------
nle(id0,id1,dist): 129 142 2.403306934192083
list:
dist: 2.403306934192083 vs. 2.403306934192083
--------
nle(id0,id1,dist): 129 143 2.5127919423341925
list:
dist: 2.5127919423341925 vs. 2.5127919423341925
--------
nle(id0,id1,dist): 129 147 2.8995728578437387
list:
dist: 2.8995728578437387 vs. 2.8995728578437387
--------
nle(id0,id1,dist): 129 135 2.3067307992480126
list:
dist: 2.3067307992480126 vs. 2.3067307992480126
--------
nle(id0,id1,dist): 129 134 1.393997554230157
list:
dist: 1.393997554230157 vs. 1.393997554230157
--------
nle(id0,id1,dist): 129 133 1.4920712414844801
list:
dist: 1.4920712414844801 vs. 1.4920712414844801
--------
nle(id0,id1,dist): 129 132 1.3366139525150238
list:
dist: 1.3366139525150238 vs. 1.3366139525150238
--------
nle(id0,id1,dist): 129 139 1.9489936850951972
list:
dist: 1.9489936850951972 vs. 1.9489936850951972
--------
nle(id0,id1,dist): 129 138 2.4668680248414754
list:
dist: 2.4668680248414754 vs. 2.4668680248414754
--------
nle(id0,id1,dist): 129 137 1.361710229467463
list:
dist: 1.361710229467463 vs. 1.361710229467463
--------
nle(id0,id1,dist): 129 136 1.5164112687694924
list:
dist: 1.5164112687694924 vs. 1.5164112687694924
--------
nle(id0,id1,dist): 129 131 1.0338693117459523
list:
dist: 1.0338693117459523 vs. 1.0338693117459523
--------
nle(id0,id1,dist): 129 130 1.2761301510580652
list:
dist: 1.2761301510580652 vs. 1.2761301510580652
--------
nle(id0,id1,dist): 128 147 2.2038120337160483
list:
dist: 2.2038120337160483 vs. 2.2038120337160483
--------
nle(id0,id1,dist): 128 148 2.5367527930458893
list:
dist: 2.5367527930458893 vs. 2.5367527930458893
--------
nle(id0,id1,dist): 128 145 2.389604244663056
list:
dist: 2.389604244663056 vs. 2.389604244663056
--------
nle(id0,id1,dist): 128 146 2.3730143507954136
list:
dist: 2.3730143507954136 vs. 2.3730143507954136
--------
nle(id0,id1,dist): 128 149 3.1993667536620345
list:
dist: 3.1993667536620345 vs. 3.1993667536620345
--------
nle(id0,id1,dist): 128 133 0.6855242529715768
list:
dist: 0.6855242529715768 vs. 0.6855242529715768
--------
nle(id0,id1,dist): 128 134 1.4029407879744917
list:
dist: 1.4029407879744917 vs. 1.4029407879744917
--------
nle(id0,id1,dist): 128 135 2.3314242252842177
list:
dist: 2.3314242252842177 vs. 2.3314242252842177
--------
nle(id0,id1,dist): 128 136 0.679892351521996
list:
dist: 0.679892351521996 vs. 0.679892351521996
--------
nle(id0,id1,dist): 128 129 0.9756082061419601
list:
dist: 0.9756082061419601 vs. 0.9756082061419601
--------
nle(id0,id1,dist): 128 130 2.003962208437237
list:
dist: 2.003962208437237 vs. 2.003962208437237
--------
nle(id0,id1,dist): 128 131 1.0115825605360866
list:
dist: 1.0115825605360866 vs. 1.0115825605360866
--------
nle(id0,id1,dist): 128 132 1.4725029285434836
list:
dist: 1.4725029285434836 vs. 1.4725029285434836
--------
nle(id0,id1,dist): 128 141 1.506785115411464
list:
dist: 1.506785115411464 vs. 1.506785115411464
--------
nle(id0,id1,dist): 128 142 1.7435169219895188
list:
dist: 1.7435169219895188 vs. 1.7435169219895188
--------
nle(id0,id1,dist): 128 143 1.948902216496097
list:
dist: 1.948902216496097 vs. 1.948902216496097
--------
nle(id0,id1,dist): 128 144 2.7280368983070167
list:
dist: 2.7280368983070167 vs. 2.7280368983070167
--------
nle(id0,id1,dist): 128 137 0.7889108118574234
list:
dist: 0.7889108118574234 vs. 0.7889108118574234
--------
nle(id0,id1,dist): 128 138 1.5860619425657598
list:
dist: 1.5860619425657598 vs. 1.5860619425657598
--------
nle(id0,id1,dist): 128 139 1.11594931563977
list:
dist: 1.11594931563977 vs. 1.11594931563977
--------
nle(id0,id1,dist): 128 140 1.9699685439627725
list:
dist: 1.9699685439627725 vs. 1.9699685439627725
--------
nle(id0,id1,dist): 127 140 1.7753749154166742
list:
dist: 1.7753749154166742 vs. 1.7753749154166742
--------
nle(id0,id1,dist): 127 141 1.3851732081971133
list:
dist: 1.3851732081971133 vs. 1.3851732081971133
--------
nle(id0,id1,dist): 127 138 1.7928562834792223
list:
dist: 1.7928562834792223 vs. 1.7928562834792223
--------
nle(id0,id1,dist): 127 139 1.2441577050993302
list:
dist: 1.2441577050993302 vs. 1.2441577050993302
--------
nle(id0,id1,dist): 127 136 0.884142147275892
list:
dist: 0.884142147275892 vs. 0.884142147275892
--------
nle(id0,id1,dist): 127 137 0.741717216101768
list:
dist: 0.741717216101768 vs. 0.741717216101768
--------
nle(id0,id1,dist): 127 134 1.1299791737912706
list:
dist: 1.1299791737912706 vs. 1.1299791737912706
--------
nle(id0,id1,dist): 127 135 2.1788304902921283
list:
dist: 2.1788304902921283 vs. 2.1788304902921283
--------
nle(id0,id1,dist): 127 148 2.6025820839826124
list:
dist: 2.6025820839826124 vs. 2.6025820839826124
--------
nle(id0,id1,dist): 127 149 3.357868727907833
list:
dist: 3.357868727907833 vs. 3.357868727907833
--------
nle(id0,id1,dist): 127 146 2.385682921824869
list:
dist: 2.385682921824869 vs. 2.385682921824869
--------
nle(id0,id1,dist): 127 147 2.2512107548802236
list:
dist: 2.2512107548802236 vs. 2.2512107548802236
--------
nle(id0,id1,dist): 127 144 2.679714176673374
list:
dist: 2.679714176673374 vs. 2.679714176673374
--------
nle(id0,id1,dist): 127 145 2.453195483139118
list:
dist: 2.453195483139118 vs. 2.453195483139118
--------
nle(id0,id1,dist): 127 142 1.759484600488419
list:
dist: 1.759484600488419 vs. 1.759484600488419
--------
nle(id0,id1,dist): 127 143 1.9159395882507702
list:
dist: 1.9159395882507702 vs. 1.9159395882507702
--------
nle(id0,id1,dist): 127 133 0.7787501336798618
list:
dist: 0.7787501336798618 vs. 0.7787501336798618
--------
nle(id0,id1,dist): 127 132 1.2296590714343287
list:
dist: 1.2296590714343287 vs. 1.2296590714343287
--------
nle(id0,id1,dist): 127 131 0.7329572554683462
list:
dist: 0.7329572554683462 vs. 0.7329572554683462
--------
nle(id0,id1,dist): 127 130 1.690405608628159
list:
dist: 1.690405608628159 vs. 1.690405608628159
--------
nle(id0,id1,dist): 127 129 0.7193872152037758
list:
dist: 0.7193872152037758 vs. 0.7193872152037758
--------
nle(id0,id1,dist): 127 128 0.3490391712265264
list:
dist: 0.3490391712265264 vs. 0.3490391712265264
--------
nle(id0,id1,dist): 126 139 1.9750470921969043
list:
dist: 1.9750470921969043 vs. 1.9750470921969043
--------
nle(id0,id1,dist): 126 140 2.1435958042172985
list:
dist: 2.1435958042172985 vs. 2.1435958042172985
--------
nle(id0,id1,dist): 126 141 2.1559183611352655
list:
dist: 2.1559183611352655 vs. 2.1559183611352655
--------
nle(id0,id1,dist): 126 143 2.4483220473732366
list:
dist: 2.4483220473732366 vs. 2.4483220473732366
--------
nle(id0,id1,dist): 126 144 2.6911227772221213
list:
dist: 2.6911227772221213 vs. 2.6911227772221213
--------
nle(id0,id1,dist): 126 146 2.6975769033452184
list:
dist: 2.6975769033452184 vs. 2.6975769033452184
--------
nle(id0,id1,dist): 126 148 2.9379870354051185
list:
dist: 2.9379870354051185 vs. 2.9379870354051185
--------
nle(id0,id1,dist): 126 128 1.0193517555467813
list:
dist: 1.0193517555467813 vs. 1.0193517555467813
--------
nle(id0,id1,dist): 126 127 0.9771406838513925
list:
dist: 0.9771406838513925 vs. 0.9771406838513925
--------
nle(id0,id1,dist): 126 130 1.5484638071655812
list:
dist: 1.5484638071655812 vs. 1.5484638071655812
--------
nle(id0,id1,dist): 126 129 0.9836827289148301
list:
dist: 0.9836827289148301 vs. 0.9836827289148301
--------
nle(id0,id1,dist): 126 132 1.2054042044947477
list:
dist: 1.2054042044947477 vs. 1.2054042044947477
--------
nle(id0,id1,dist): 126 131 1.5658023627343765
list:
dist: 1.5658023627343765 vs. 1.5658023627343765
--------
nle(id0,id1,dist): 126 134 1.7362868281882402
list:
dist: 1.7362868281882402 vs. 1.7362868281882402
--------
nle(id0,id1,dist): 126 133 1.4636085388101103
list:
dist: 1.4636085388101103 vs. 1.4636085388101103
--------
nle(id0,id1,dist): 126 136 1.1101273155512033
list:
dist: 1.1101273155512033 vs. 1.1101273155512033
--------
nle(id0,id1,dist): 126 135 1.8080150202726861
list:
dist: 1.8080150202726861 vs. 1.8080150202726861
--------
nle(id0,id1,dist): 126 138 1.9967210020325614
list:
dist: 1.9967210020325614 vs. 1.9967210020325614
--------
nle(id0,id1,dist): 126 137 1.2297337646255273
list:
dist: 1.2297337646255273 vs. 1.2297337646255273
--------
nle(id0,id1,dist): 125 146 2.576851570916546
list:
dist: 2.576851570916546 vs. 2.576851570916546
--------
nle(id0,id1,dist): 125 147 2.941930185938503
list:
dist: 2.941930185938503 vs. 2.941930185938503
--------
nle(id0,id1,dist): 125 144 2.4877239659966803
list:
dist: 2.4877239659966803 vs. 2.4877239659966803
--------
nle(id0,id1,dist): 125 145 3.0089794026334786
list:
dist: 3.0089794026334786 vs. 3.0089794026334786
--------
nle(id0,id1,dist): 125 148 2.884761760013821
list:
dist: 2.884761760013821 vs. 2.884761760013821
--------
nle(id0,id1,dist): 125 149 3.972908118847887
list:
dist: 3.972908118847887 vs. 3.972908118847887
--------
nle(id0,id1,dist): 125 131 1.3422773986462422
list:
dist: 1.3422773986462422 vs. 1.3422773986462422
--------
nle(id0,id1,dist): 125 130 1.0439139974728782
list:
dist: 1.0439139974728782 vs. 1.0439139974728782
--------
nle(id0,id1,dist): 125 129 0.9002655886775474
list:
dist: 0.9002655886775474 vs. 0.9002655886775474
--------
nle(id0,id1,dist): 125 128 1.2042653721631296
list:
dist: 1.2042653721631296 vs. 1.2042653721631296
--------
nle(id0,id1,dist): 125 135 1.4714238408965787
list:
dist: 1.4714238408965787 vs. 1.4714238408965787
--------
nle(id0,id1,dist): 125 134 1.3813134206039317
list:
dist: 1.3813134206039317 vs. 1.3813134206039317
--------
nle(id0,id1,dist): 125 133 1.5104205158336441
list:
dist: 1.5104205158336441 vs. 1.5104205158336441
--------
nle(id0,id1,dist): 125 132 0.7389855022865679
list:
dist: 0.7389855022865679 vs. 0.7389855022865679
--------
nle(id0,id1,dist): 125 139 2.0319758779920485
list:
dist: 2.0319758779920485 vs. 2.0319758779920485
--------
nle(id0,id1,dist): 125 138 2.174592266863549
list:
dist: 2.174592266863549 vs. 2.174592266863549
--------
nle(id0,id1,dist): 125 137 1.1657852424914366
list:
dist: 1.1657852424914366 vs. 1.1657852424914366
--------
nle(id0,id1,dist): 125 136 1.325214137167667
list:
dist: 1.325214137167667 vs. 1.325214137167667
--------
nle(id0,id1,dist): 125 143 2.2862935728576548
list:
dist: 2.2862935728576548 vs. 2.2862935728576548
--------
nle(id0,id1,dist): 125 142 2.4032143014711047
list:
dist: 2.4032143014711047 vs. 2.4032143014711047
--------
nle(id0,id1,dist): 125 141 1.9523015019537804
list:
dist: 1.9523015019537804 vs. 1.9523015019537804
--------
nle(id0,id1,dist): 125 140 1.7735770281593586
list:
dist: 1.7735770281593586 vs. 1.7735770281593586
2. Check the NeighborList query for coordinates against the neighbor list for consistency
list:
dist: 2.2698099228846718 vs. 2.2698099228846718
list:
dist: 1.3321503284221767 vs. 1.3321503284221767
list:
dist: 1.174808802991597 vs. 1.174808802991597
list:
dist: 1.4527736730542005 vs. 1.4527736730542005
list:
dist: 1.14695968540466 vs. 1.14695968540466
list:
dist: 1.6118507804218187 vs. 1.6118507804218187
list:
dist: 2.8435616002511352 vs. 2.8435616002511352
list:
dist: 2.430683034373777 vs. 2.430683034373777
list:
dist: 2.2370194027144836 vs. 2.2370194027144836
list:
dist: 2.0998185659853705 vs. 2.0998185659853705
list:
dist: 2.091736314237806 vs. 2.091736314237806
list:
dist: 3.156919637329874 vs. 3.156919637329874
list:
dist: 3.87538716586512 vs. 3.87538716586512
list:
dist: 2.4736102288018778 vs. 2.4736102288018778
list:
dist: 2.891540999874082 vs. 2.891540999874082
list:
dist: 3.3432741871617147 vs. 3.3432741871617147
list:
dist: 3.419640217647913 vs. 3.419640217647913
list:
dist: 3.74749673899806 vs. 3.74749673899806
list:
dist: 4.711454927025171 vs. 4.711454927025171
list:
dist: 3.5090484563185647 vs. 3.5090484563185647
list:
dist: 4.601649179256585 vs. 4.601649179256585
list:
dist: 2.500854685457072 vs. 2.500854685457072
list:
dist: 3.8377744991028906 vs. 3.8377744991028906
list:
dist: 1.1731922363317817 vs. 1.1731922363317817
list:
dist: 0.8936474117946502 vs. 0.8936474117946502
list:
dist: 1.2696211105274964 vs. 1.2696211105274964
list:
dist: 1.510965091117684 vs. 1.510965091117684
list:
dist: 0.5307727123349063 vs. 0.5307727123349063
list:
dist: 1.6118507804218187 vs. 1.6118507804218187
list:
dist: 2.060219362515975 vs. 2.060219362515975
list:
dist: 1.4000265124456455 vs. 1.4000265124456455
list:
dist: 1.185606249993637 vs. 1.185606249993637
list:
dist: 1.434659878146817 vs. 1.434659878146817
list:
dist: 1.3098931194128844 vs. 1.3098931194128844
list:
dist: 1.6397184655789094 vs. 1.6397184655789094
list:
dist: 2.3755932685094328 vs. 2.3755932685094328
list:
dist: 1.1794565188057857 vs. 1.1794565188057857
list:
dist: 1.6897825371245918 vs. 1.6897825371245918
list:
dist: 2.096898479883191 vs. 2.096898479883191
list:
dist: 2.3168129793208783 vs. 2.3168129793208783
list:
dist: 2.347333757061795 vs. 2.347333757061795
list:
dist: 3.4633936938988508 vs. 3.4633936938988508
list:
dist: 2.25394200856784 vs. 2.25394200856784
list:
dist: 3.161142188858345 vs. 3.161142188858345
list:
dist: 1.206604251837572 vs. 1.206604251837572
list:
dist: 2.2568431567217577 vs. 2.2568431567217577
list:
dist: 3.075410450040622 vs. 3.075410450040622
list:
dist: 4.380992286820147 vs. 4.380992286820147
list:
dist: 4.421402819670272 vs. 4.421402819670272
list:
dist: 3.550873197533717 vs. 3.550873197533717
list:
dist: 3.927859030461759 vs. 3.927859030461759
list:
dist: 4.174034292496568 vs. 4.174034292496568
list:
dist: 4.086031316743984 vs. 4.086031316743984
list:
dist: 5.428662661567606 vs. 5.428662661567606
list:
dist: 4.1220223878081095 vs. 4.1220223878081095
list:
dist: 5.47107449515614 vs. 5.47107449515614
list:
dist: 0.9785501535289394 vs. 0.9785501535289394
list:
dist: 0.4320703916660441 vs. 0.4320703916660441
list:
dist: 1.6044160266910257 vs. 1.6044160266910257
list:
dist: 0.6162049699256276 vs. 0.6162049699256276
list:
dist: 1.3321503284221767 vs. 1.3321503284221767
list:
dist: 0.8936474117946502 vs. 0.8936474117946502
list:
dist: 1.627163896032626 vs. 1.627163896032626
list:
dist: 1.1078675705896925 vs. 1.1078675705896925
list:
dist: 1.1455642707657232 vs. 1.1455642707657232
list:
dist: 1.2096576459194974 vs. 1.2096576459194974
list:
dist: 1.3811731111867651 vs. 1.3811731111867651
list:
dist: 1.957290750379807 vs. 1.957290750379807
list:
dist: 2.787898062703048 vs. 2.787898062703048
list:
dist: 1.5305620923781964 vs. 1.5305620923781964
list:
dist: 2.2001156167587634 vs. 2.2001156167587634
list:
dist: 2.196777263742723 vs. 2.196777263742723
list:
dist: 2.5649773645830423 vs. 2.5649773645830423
list:
dist: 2.7173785121851406 vs. 2.7173785121851406
list:
dist: 3.94687259779385 vs. 3.94687259779385
list:
dist: 2.5714652899358392 vs. 2.5714652899358392
list:
dist: 3.722896646784761 vs. 3.722896646784761
list:
dist: 1.7215764934874995 vs. 1.7215764934874995
list:
dist: 2.851640369597363 vs. 2.851640369597363
list:
dist: 1.5020241217315196 vs. 1.5020241217315196
list:
dist: 1.2096576459194974 vs. 1.2096576459194974
list:
dist: 1.272402352407457 vs. 1.272402352407457
list:
dist: 1.3807274685702384 vs. 1.3807274685702384
list:
dist: 1.2846942893819706 vs. 1.2846942893819706
list:
dist: 2.0998185659853705 vs. 2.0998185659853705
list:
dist: 1.434659878146817 vs. 1.434659878146817
list:
dist: 1.1608496123748693 vs. 1.1608496123748693
list:
dist: 1.1380665652907 vs. 1.1380665652907
list:
dist: 0.5070974517798467 vs. 0.5070974517798467
list:
dist: 0.4914590785684982 vs. 0.4914590785684982
list:
dist: 1.9602667138760368 vs. 1.9602667138760368
list:
dist: 2.2135882425767703 vs. 2.2135882425767703
list:
dist: 0.939953574257755 vs. 0.939953574257755
list:
dist: 1.4869747087456753 vs. 1.4869747087456753
list:
dist: 1.397274769489584 vs. 1.397274769489584
list:
dist: 1.5298339667321723 vs. 1.5298339667321723
list:
dist: 1.9665249825227638 vs. 1.9665249825227638
list:
dist: 3.0423314264062156 vs. 3.0423314264062156
list:
dist: 1.6607311471114254 vs. 1.6607311471114254
list:
dist: 3.0253930700707325 vs. 3.0253930700707325
list:
dist: 1.1891661195604708 vs. 1.1891661195604708
list:
dist: 2.5009843110541436 vs. 2.5009843110541436
list:
dist: 3.5973927997489716 vs. 3.5973927997489716
list:
dist: 2.280500070252205 vs. 2.280500070252205
list:
dist: 2.7607432771041513 vs. 2.7607432771041513
list:
dist: 4.397817142704199 vs. 4.397817142704199
list:
dist: 5.450784410449645 vs. 5.450784410449645
list:
dist: 1.3275893291124743 vs. 1.3275893291124743
list:
dist: 0.4320703916660441 vs. 0.4320703916660441
list:
dist: 1.581271383954333 vs. 1.581271383954333
list:
dist: 0.8591963881724748 vs. 0.8591963881724748
list:
dist: 1.174808802991597 vs. 1.174808802991597
list:
dist: 1.2696211105274964 vs. 1.2696211105274964
list:
dist: 1.7077427585544258 vs. 1.7077427585544258
list:
dist: 1.3625318116273988 vs. 1.3625318116273988
list:
dist: 1.3669913911193288 vs. 1.3669913911193288
list:
dist: 1.272402352407457 vs. 1.272402352407457
list:
dist: 1.5039060258399144 vs. 1.5039060258399144
list:
dist: 2.3457770500789383 vs. 2.3457770500789383
list:
dist: 3.1181280837107157 vs. 3.1181280837107157
list:
dist: 1.8139277657145636 vs. 1.8139277657145636
list:
dist: 2.4527545323714626 vs. 2.4527545323714626
list:
dist: 2.430958898469024 vs. 2.430958898469024
list:
dist: 2.751292526510163 vs. 2.751292526510163
list:
dist: 3.0062436083069963 vs. 3.0062436083069963
list:
dist: 4.192953662156501 vs. 4.192953662156501
list:
dist: 2.809906073586173 vs. 2.809906073586173
list:
dist: 4.038444716267872 vs. 4.038444716267872
list:
dist: 2.0071345841895734 vs. 2.0071345841895734
list:
dist: 3.230833727167796 vs. 3.230833727167796
list:
dist: 1.1362136075097342 vs. 1.1362136075097342
list:
dist: 1.1455642707657232 vs. 1.1455642707657232
list:
dist: 1.3669913911193288 vs. 1.3669913911193288
list:
dist: 1.6307594807640602 vs. 1.6307594807640602
list:
dist: 1.2236319931361659 vs. 1.2236319931361659
list:
dist: 2.2370194027144836 vs. 2.2370194027144836
list:
dist: 1.185606249993637 vs. 1.185606249993637
list:
dist: 1.0738132614402305 vs. 1.0738132614402305
list:
dist: 0.8010414155298076 vs. 0.8010414155298076
list:
dist: 0.5070974517798467 vs. 0.5070974517798467
list:
dist: 0.6546851977295408 vs. 0.6546851977295408
list:
dist: 1.4555100481389218 vs. 1.4555100481389218
list:
dist: 1.821928096832637 vs. 1.821928096832637
list:
dist: 0.5955354604787758 vs. 0.5955354604787758
list:
dist: 1.3170725498756999 vs. 1.3170725498756999
list:
dist: 1.1088091872758585 vs. 1.1088091872758585
list:
dist: 1.4518752494630822 vs. 1.4518752494630822
list:
dist: 1.6537210992513147 vs. 1.6537210992513147
list:
dist: 2.888248944487653 vs. 2.888248944487653
list:
dist: 1.459030533624525 vs. 1.459030533624525
list:
dist: 2.7335462206766663 vs. 2.7335462206766663
list:
dist: 0.9301409303379345 vs. 0.9301409303379345
list:
dist: 2.067121356449022 vs. 2.067121356449022
list:
dist: 3.29954276740269 vs. 3.29954276740269
list:
dist: 2.050573571151242 vs. 2.050573571151242
list:
dist: 2.6345463455859788 vs. 2.6345463455859788
list:
dist: 4.404970839673678 vs. 4.404970839673678
list:
dist: 5.471069130758377 vs. 5.471069130758377
list:
dist: 2.3545035599644737 vs. 2.3545035599644737
list:
dist: 1.6044160266910257 vs. 1.6044160266910257
list:
dist: 1.581271383954333 vs. 1.581271383954333
list:
dist: 1.187498840308976 vs. 1.187498840308976
list:
dist: 1.4527736730542005 vs. 1.4527736730542005
list:
dist: 1.510965091117684 vs. 1.510965091117684
list:
dist: 2.5106994073442697 vs. 2.5106994073442697
list:
dist: 2.265960387043827 vs. 2.265960387043827
list:
dist: 1.6307594807640602 vs. 1.6307594807640602
list:
dist: 1.3807274685702384 vs. 1.3807274685702384
list:
dist: 1.1024501420299908 vs. 1.1024501420299908
list:
dist: 2.841324245064334 vs. 2.841324245064334
list:
dist: 3.0711574248618243 vs. 3.0711574248618243
list:
dist: 1.6583303726768737 vs. 1.6583303726768737
list:
dist: 1.7731921898651206 vs. 1.7731921898651206
list:
dist: 2.5586002049919445 vs. 2.5586002049919445
list:
dist: 2.2693458794057517 vs. 2.2693458794057517
list:
dist: 2.811245252218409 vs. 2.811245252218409
list:
dist: 3.471822261585493 vs. 3.471822261585493
list:
dist: 2.450259102695018 vs. 2.450259102695018
list:
dist: 3.5527984096740375 vs. 3.5527984096740375
list:
dist: 1.5745758625993964 vs. 1.5745758625993964
list:
dist: 3.1176232356680758 vs. 3.1176232356680758
list:
dist: 1.7082576751709302 vs. 1.7082576751709302
list:
dist: 1.3811731111867651 vs. 1.3811731111867651
list:
dist: 1.5039060258399144 vs. 1.5039060258399144
list:
dist: 1.1024501420299908 vs. 1.1024501420299908
list:
dist: 1.2237742853753484 vs. 1.2237742853753484
list:
dist: 2.091736314237806 vs. 2.091736314237806
list:
dist: 1.3098931194128844 vs. 1.3098931194128844
list:
dist: 1.5873089993311194 vs. 1.5873089993311194
list:
dist: 1.43646299956964 vs. 1.43646299956964
list:
dist: 0.6546851977295408 vs. 0.6546851977295408
list:
dist: 0.4914590785684982 vs. 0.4914590785684982
list:
dist: 1.9881155810075635 vs. 1.9881155810075635
list:
dist: 2.103285072331346 vs. 2.103285072331346
list:
dist: 0.7236102223855495 vs. 0.7236102223855495
list:
dist: 1.0890921579750776 vs. 1.0890921579750776
list:
dist: 1.4631696236806695 vs. 1.4631696236806695
list:
dist: 1.339710073318931 vs. 1.339710073318931
list:
dist: 1.8288976160306112 vs. 1.8288976160306112
list:
dist: 2.7584261602429505 vs. 2.7584261602429505
list:
dist: 1.4830667450659785 vs. 1.4830667450659785
list:
dist: 2.767418573546155 vs. 2.767418573546155
list:
dist: 0.8322618931159004 vs. 0.8322618931159004
list:
dist: 2.309252442100557 vs. 2.309252442100557
list:
dist: 3.570276471545845 vs. 3.570276471545845
list:
dist: 2.34807166235472 vs. 2.34807166235472
list:
dist: 2.6372406983063224 vs. 2.6372406983063224
list:
dist: 4.168250640661909 vs. 4.168250640661909
list:
dist: 5.17985914562746 vs. 5.17985914562746
list:
dist: 1.7227545363653893 vs. 1.7227545363653893
list:
dist: 1.7215764934874995 vs. 1.7215764934874995
list:
dist: 2.0071345841895734 vs. 2.0071345841895734
list:
dist: 1.5745758625993964 vs. 1.5745758625993964
list:
dist: 1.4442995775823835 vs. 1.4442995775823835
list:
dist: 2.500854685457072 vs. 2.500854685457072
list:
dist: 1.206604251837572 vs. 1.206604251837572
list:
dist: 1.939884842289254 vs. 1.939884842289254
list:
dist: 1.5819021774053936 vs. 1.5819021774053936
list:
dist: 0.9301409303379345 vs. 0.9301409303379345
list:
dist: 1.1891661195604708 vs. 1.1891661195604708
list:
dist: 0.8322618931159004 vs. 0.8322618931159004
list:
dist: 1.5434764190330799 vs. 1.5434764190330799
list:
dist: 1.5216064713033397 vs. 1.5216064713033397
list:
dist: 0.3714316043261522 vs. 0.3714316043261522
list:
dist: 0.505922358928798 vs. 0.505922358928798
list:
dist: 1.3187934248577111 vs. 1.3187934248577111
list:
dist: 1.181512392175862 vs. 1.181512392175862
list:
dist: 1.3294053264329402 vs. 1.3294053264329402
list:
dist: 2.2818868278436115 vs. 2.2818868278436115
list:
dist: 1.1272361041364272 vs. 1.1272361041364272
list:
dist: 2.111107555256242 vs. 2.111107555256242
list:
dist: 1.5588739566991894 vs. 1.5588739566991894
list:
dist: 2.406389520362504 vs. 2.406389520362504
list:
dist: 3.3946975466141533 vs. 3.3946975466141533
list:
dist: 3.5254817300027965 vs. 3.5254817300027965
list:
dist: 2.700541455987529 vs. 2.700541455987529
list:
dist: 2.9556666324562406 vs. 2.9556666324562406
list:
dist: 3.0775067268477803 vs. 3.0775067268477803
list:
dist: 3.1944939455933845 vs. 3.1944939455933845
list:
dist: 4.494004396293773 vs. 4.494004396293773
list:
dist: 3.0932611693893617 vs. 3.0932611693893617
list:
dist: 4.4358359773297344 vs. 4.4358359773297344
list:
dist: 3.140334937043405 vs. 3.140334937043405
list:
dist: 2.1542017425433793 vs. 2.1542017425433793
list:
dist: 2.361896503039017 vs. 2.361896503039017
list:
dist: 3.9538340074985374 vs. 3.9538340074985374
list:
dist: 4.941481053492129 vs. 4.941481053492129
list:
dist: 2.8675758785257304 vs. 2.8675758785257304
list:
dist: 3.648035012085444 vs. 3.648035012085444
list:
dist: 4.37712054989269 vs. 4.37712054989269
list:
dist: 4.052264491888012 vs. 4.052264491888012
list:
dist: 5.384981087812444 vs. 5.384981087812444
list:
dist: 4.213386929870551 vs. 4.213386929870551
list:
dist: 5.084187869218189 vs. 5.084187869218189
list:
dist: 4.515484642434466 vs. 4.515484642434466
list:
dist: 3.5704349582249155 vs. 3.5704349582249155
list:
dist: 4.94155760882953 vs. 4.94155760882953
list:
dist: 3.918805257197214 vs. 3.918805257197214
list:
dist: 5.2746305436427425 vs. 5.2746305436427425
list:
dist: 4.7943256615441925 vs. 4.7943256615441925
list:
dist: 4.431071980952072 vs. 4.431071980952072
list:
dist: 5.355616863291721 vs. 5.355616863291721
list:
dist: 0.9785501535289394 vs. 0.9785501535289394
list:
dist: 1.3275893291124743 vs. 1.3275893291124743
list:
dist: 2.3545035599644737 vs. 2.3545035599644737
list:
dist: 1.3419697197147775 vs. 1.3419697197147775
list:
dist: 2.2698099228846718 vs. 2.2698099228846718
list:
dist: 1.1731922363317817 vs. 1.1731922363317817
list:
dist: 1.3193931287040361 vs. 1.3193931287040361
list:
dist: 0.5561034738851875 vs. 0.5561034738851875
list:
dist: 1.1362136075097342 vs. 1.1362136075097342
list:
dist: 1.5020241217315196 vs. 1.5020241217315196
list:
dist: 1.7082576751709302 vs. 1.7082576751709302
list:
dist: 1.1497267507183055 vs. 1.1497267507183055
list:
dist: 2.2202811790912644 vs. 2.2202811790912644
list:
dist: 1.4469196225858092 vs. 1.4469196225858092
list:
dist: 2.1987638207370592 vs. 2.1987638207370592
list:
dist: 1.7645475685759866 vs. 1.7645475685759866
list:
dist: 2.4458835331858277 vs. 2.4458835331858277
list:
dist: 2.2874791012197346 vs. 2.2874791012197346
list:
dist: 3.7105635312481775 vs. 3.7105635312481775
list:
dist: 2.319032273622849 vs. 2.319032273622849
list:
dist: 3.317601205501594 vs. 3.317601205501594
list:
dist: 1.7227545363653893 vs. 1.7227545363653893
list:
dist: 2.2986085079879484 vs. 2.2986085079879484
list:
dist: 1.3193931287040361 vs. 1.3193931287040361
list:
dist: 1.627163896032626 vs. 1.627163896032626
list:
dist: 1.7077427585544258 vs. 1.7077427585544258
list:
dist: 2.5106994073442697 vs. 2.5106994073442697
list:
dist: 2.030429398089754 vs. 2.030429398089754
list:
dist: 2.8435616002511352 vs. 2.8435616002511352
list:
dist: 2.060219362515975 vs. 2.060219362515975
list:
dist: 0.78445273822661 vs. 0.78445273822661
list:
dist: 1.0738132614402305 vs. 1.0738132614402305
list:
dist: 1.1608496123748693 vs. 1.1608496123748693
list:
dist: 1.5873089993311194 vs. 1.5873089993311194
list:
dist: 1.7631665915984198 vs. 1.7631665915984198
list:
dist: 2.1979632096066877 vs. 2.1979632096066877
list:
dist: 1.572196513740664 vs. 1.572196513740664
list:
dist: 2.2418076620881364 vs. 2.2418076620881364
list:
dist: 1.266037128330697 vs. 1.266037128330697
list:
dist: 1.9844590121187713 vs. 1.9844590121187713
list:
dist: 2.0850759561574708 vs. 2.0850759561574708
list:
dist: 3.4274331865242305 vs. 3.4274331865242305
list:
dist: 1.9837427566917236 vs. 1.9837427566917236
list:
dist: 3.2698521908365366 vs. 3.2698521908365366
list:
dist: 1.939884842289254 vs. 1.939884842289254
list:
dist: 2.630590508659806 vs. 2.630590508659806
list:
dist: 3.2659250648423663 vs. 3.2659250648423663
list:
dist: 1.9181068240775696 vs. 1.9181068240775696
list:
dist: 2.8526215305855462 vs. 2.8526215305855462
list:
dist: 1.3419697197147775 vs. 1.3419697197147775
list:
dist: 0.6162049699256276 vs. 0.6162049699256276
list:
dist: 0.8591963881724748 vs. 0.8591963881724748
list:
dist: 1.187498840308976 vs. 1.187498840308976
list:
dist: 1.14695968540466 vs. 1.14695968540466
list:
dist: 0.5307727123349063 vs. 0.5307727123349063
list:
dist: 2.030429398089754 vs. 2.030429398089754
list:
dist: 1.4855056042128405 vs. 1.4855056042128405
list:
dist: 1.2236319931361659 vs. 1.2236319931361659
list:
dist: 1.2846942893819706 vs. 1.2846942893819706
list:
dist: 1.2237742853753484 vs. 1.2237742853753484
list:
dist: 2.0477467233866498 vs. 2.0477467233866498
list:
dist: 2.7389924334231943 vs. 2.7389924334231943
list:
dist: 1.3863434193337716 vs. 1.3863434193337716
list:
dist: 1.9008953664613781 vs. 1.9008953664613781
list:
dist: 2.2867941503131064 vs. 2.2867941503131064
list:
dist: 2.4503202915225857 vs. 2.4503202915225857
list:
dist: 2.6444092276265856 vs. 2.6444092276265856
list:
dist: 3.720131017551224 vs. 3.720131017551224
list:
dist: 2.466773540491884 vs. 2.466773540491884
list:
dist: 3.5207766551058994 vs. 3.5207766551058994
list:
dist: 1.4442995775823835 vs. 1.4442995775823835
list:
dist: 2.7053397608911642 vs. 2.7053397608911642
list:
dist: 0.5561034738851875 vs. 0.5561034738851875
list:
dist: 1.1078675705896925 vs. 1.1078675705896925
list:
dist: 1.3625318116273988 vs. 1.3625318116273988
list:
dist: 2.265960387043827 vs. 2.265960387043827
list:
dist: 1.4855056042128405 vs. 1.4855056042128405
list:
dist: 2.430683034373777 vs. 2.430683034373777
list:
dist: 1.4000265124456455 vs. 1.4000265124456455
list:
dist: 0.78445273822661 vs. 0.78445273822661
list:
dist: 0.8010414155298076 vs. 0.8010414155298076
list:
dist: 1.1380665652907 vs. 1.1380665652907
list:
dist: 1.43646299956964 vs. 1.43646299956964
list:
dist: 1.212930843494735 vs. 1.212930843494735
list:
dist: 2.01603636907263 vs. 2.01603636907263
list:
dist: 1.2372221029315593 vs. 1.2372221029315593
list:
dist: 2.003814548857883 vs. 2.003814548857883
list:
dist: 1.3462911252357157 vs. 1.3462911252357157
list:
dist: 2.066134666916967 vs. 2.066134666916967
list:
dist: 2.0037374975352047 vs. 2.0037374975352047
list:
dist: 3.427187075223385 vs. 3.427187075223385
list:
dist: 1.97959224554101 vs. 1.97959224554101
list:
dist: 3.1260459565834724 vs. 3.1260459565834724
list:
dist: 1.5819021774053936 vs. 1.5819021774053936
list:
dist: 2.2544558625571165 vs. 2.2544558625571165
list:
dist: 3.3831854804569925 vs. 3.3831854804569925
list:
dist: 2.17285028525133 vs. 2.17285028525133
list:
dist: 3.0560569483680466 vs. 3.0560569483680466
list:
dist: 1.4469196225858092 vs. 1.4469196225858092
list:
dist: 1.5305620923781964 vs. 1.5305620923781964
list:
dist: 1.8139277657145636 vs. 1.8139277657145636
list:
dist: 1.6583303726768737 vs. 1.6583303726768737
list:
dist: 1.3863434193337716 vs. 1.3863434193337716
list:
dist: 2.4736102288018778 vs. 2.4736102288018778
list:
dist: 1.1794565188057857 vs. 1.1794565188057857
list:
dist: 1.572196513740664 vs. 1.572196513740664
list:
dist: 1.2372221029315593 vs. 1.2372221029315593
list:
dist: 0.5955354604787758 vs. 0.5955354604787758
list:
dist: 0.939953574257755 vs. 0.939953574257755
list:
dist: 0.7236102223855495 vs. 0.7236102223855495
list:
dist: 1.3483538520113967 vs. 1.3483538520113967
list:
dist: 1.454614298308655 vs. 1.454614298308655
list:
dist: 0.7731099421868037 vs. 0.7731099421868037
list:
dist: 1.051187800613739 vs. 1.051187800613739
list:
dist: 1.1532176054131447 vs. 1.1532176054131447
list:
dist: 1.2740979997109283 vs. 1.2740979997109283
list:
dist: 2.420033539906147 vs. 2.420033539906147
list:
dist: 1.0911833545093093 vs. 1.0911833545093093
list:
dist: 2.2300258241105975 vs. 2.2300258241105975
list:
dist: 0.3714316043261522 vs. 0.3714316043261522
list:
dist: 1.6047756713605723 vs. 1.6047756713605723
list:
dist: 2.4167960965765007 vs. 2.4167960965765007
list:
dist: 3.698117798092699 vs. 3.698117798092699
list:
dist: 3.832105113431277 vs. 3.832105113431277
list:
dist: 3.0418820647723575 vs. 3.0418820647723575
list:
dist: 3.2304070132962313 vs. 3.2304070132962313
list:
dist: 3.3373500848197875 vs. 3.3373500848197875
list:
dist: 3.4881696788391414 vs. 3.4881696788391414
list:
dist: 4.790656822610951 vs. 4.790656822610951
list:
dist: 3.3461104056602595 vs. 3.3461104056602595
list:
dist: 4.716034032074787 vs. 4.716034032074787
list:
dist: 3.047847078997365 vs. 3.047847078997365
list:
dist: 1.9551673397556177 vs. 1.9551673397556177
list:
dist: 2.3402672323910263 vs. 2.3402672323910263
list:
dist: 4.0569469959332 vs. 4.0569469959332
list:
dist: 5.088801642311964 vs. 5.088801642311964
list:
dist: 2.844425573435495 vs. 2.844425573435495
list:
dist: 3.7791106511828234 vs. 3.7791106511828234
list:
dist: 4.464606141625868 vs. 4.464606141625868
list:
dist: 4.2754471778206335 vs. 4.2754471778206335
list:
dist: 5.599692665456637 vs. 5.599692665456637
list:
dist: 4.429673743238153 vs. 4.429673743238153
list:
dist: 5.259707822922916 vs. 5.259707822922916
list:
dist: 4.741790674435692 vs. 4.741790674435692
list:
dist: 3.797081633104255 vs. 3.797081633104255
list:
dist: 5.1163030579564825 vs. 5.1163030579564825
list:
dist: 4.108693917719937 vs. 4.108693917719937
list:
dist: 5.472449326499608 vs. 5.472449326499608
list:
dist: 4.921543921282111 vs. 4.921543921282111
list:
dist: 4.588311714960455 vs. 4.588311714960455
list:
dist: 5.492793335385096 vs. 5.492793335385096
list:
dist: 2.1987638207370592 vs. 2.1987638207370592
list:
dist: 2.2001156167587634 vs. 2.2001156167587634
list:
dist: 2.4527545323714626 vs. 2.4527545323714626
list:
dist: 1.7731921898651206 vs. 1.7731921898651206
list:
dist: 1.9008953664613781 vs. 1.9008953664613781
list:
dist: 2.891540999874082 vs. 2.891540999874082
list:
dist: 1.6897825371245918 vs. 1.6897825371245918
list:
dist: 2.2418076620881364 vs. 2.2418076620881364
list:
dist: 2.003814548857883 vs. 2.003814548857883
list:
dist: 1.3170725498756999 vs. 1.3170725498756999
list:
dist: 1.4869747087456753 vs. 1.4869747087456753
list:
dist: 1.0890921579750776 vs. 1.0890921579750776
list:
dist: 1.8683125871417818 vs. 1.8683125871417818
list:
dist: 1.4693459323055564 vs. 1.4693459323055564
list:
dist: 0.7731099421868037 vs. 0.7731099421868037
list:
dist: 1.3985950857660145 vs. 1.3985950857660145
list:
dist: 0.9095262583273863 vs. 0.9095262583273863
list:
dist: 1.182017976396759 vs. 1.182017976396759
list:
dist: 1.8303006930401806 vs. 1.8303006930401806
list:
dist: 0.8951789189336121 vs. 0.8951789189336121
list:
dist: 1.7825565358578475 vs. 1.7825565358578475
list:
dist: 0.505922358928798 vs. 0.505922358928798
list:
dist: 1.5424799740301598 vs. 1.5424799740301598
list:
dist: 2.342730392314121 vs. 2.342730392314121
list:
dist: 2.9360504175747204 vs. 2.9360504175747204
list:
dist: 3.121291425573267 vs. 3.121291425573267
list:
dist: 2.308224323704441 vs. 2.308224323704441
list:
dist: 2.543405378135327 vs. 2.543405378135327
list:
dist: 2.5836505325189076 vs. 2.5836505325189076
list:
dist: 2.810760889854836 vs. 2.810760889854836
list:
dist: 4.062987771556487 vs. 4.062987771556487
list:
dist: 2.659047757718127 vs. 2.659047757718127
list:
dist: 3.955267330182131 vs. 3.955267330182131
list:
dist: 2.961669557744843 vs. 2.961669557744843
list:
dist: 2.0775735675413043 vs. 2.0775735675413043
list:
dist: 2.023118013043603 vs. 2.023118013043603
list:
dist: 3.4805816908776186 vs. 3.4805816908776186
list:
dist: 4.446784919912765 vs. 4.446784919912765
list:
dist: 2.671318998136306 vs. 2.671318998136306
list:
dist: 3.1963462957042874 vs. 3.1963462957042874
list:
dist: 3.9357877848076535 vs. 3.9357877848076535
list:
dist: 3.6525703361609807 vs. 3.6525703361609807
list:
dist: 4.900004963484351 vs. 4.900004963484351
list:
dist: 3.74448949071826 vs. 3.74448949071826
list:
dist: 4.614504157737405 vs. 4.614504157737405
list:
dist: 4.066340628412611 vs. 4.066340628412611
list:
dist: 3.103807584536605 vs. 3.103807584536605
list:
dist: 4.507857134025444 vs. 4.507857134025444
list:
dist: 3.423123841725286 vs. 3.423123841725286
list:
dist: 4.789404095730945 vs. 4.789404095730945
list:
dist: 4.344404317609148 vs. 4.344404317609148
list:
dist: 3.9375191633733118 vs. 3.9375191633733118
list:
dist: 4.928532477661567 vs. 4.928532477661567
list:
dist: 1.7645475685759866 vs. 1.7645475685759866
list:
dist: 2.196777263742723 vs. 2.196777263742723
list:
dist: 2.430958898469024 vs. 2.430958898469024
list:
dist: 2.5586002049919445 vs. 2.5586002049919445
list:
dist: 2.2867941503131064 vs. 2.2867941503131064
list:
dist: 3.3432741871617147 vs. 3.3432741871617147
list:
dist: 2.096898479883191 vs. 2.096898479883191
list:
dist: 1.266037128330697 vs. 1.266037128330697
list:
dist: 1.3462911252357157 vs. 1.3462911252357157
list:
dist: 1.1088091872758585 vs. 1.1088091872758585
list:
dist: 1.397274769489584 vs. 1.397274769489584
list:
dist: 1.4631696236806695 vs. 1.4631696236806695
list:
dist: 1.3561883123901468 vs. 1.3561883123901468
list:
dist: 1.030230824025428 vs. 1.030230824025428
list:
dist: 1.051187800613739 vs. 1.051187800613739
list:
dist: 1.3985950857660145 vs. 1.3985950857660145
list:
dist: 0.9849631417125795 vs. 0.9849631417125795
list:
dist: 0.8318236046513846 vs. 0.8318236046513846
list:
dist: 2.208751115842144 vs. 2.208751115842144
list:
dist: 0.8168548760077 vs. 0.8168548760077
list:
dist: 2.013952243731057 vs. 2.013952243731057
list:
dist: 1.3187934248577111 vs. 1.3187934248577111
list:
dist: 1.58915210722513 vs. 1.58915210722513
list:
dist: 2.1191037230931005 vs. 2.1191037230931005
list:
dist: 3.957273386538145 vs. 3.957273386538145
list:
dist: 4.097217277121921 vs. 4.097217277121921
list:
dist: 3.5073450568850095 vs. 3.5073450568850095
list:
dist: 3.39658257650127 vs. 3.39658257650127
list:
dist: 3.46147913321352 vs. 3.46147913321352
list:
dist: 3.7271865750690196 vs. 3.7271865750690196
list:
dist: 4.973689031320374 vs. 4.973689031320374
list:
dist: 3.4175152188909093 vs. 3.4175152188909093
list:
dist: 4.850119774649842 vs. 4.850119774649842
list:
dist: 2.217163141613257 vs. 2.217163141613257
list:
dist: 0.9490367646670054 vs. 0.9490367646670054
list:
dist: 1.7150180056701971 vs. 1.7150180056701971
list:
dist: 3.7003196417990636 vs. 3.7003196417990636
list:
dist: 4.82212849498327 vs. 4.82212849498327
list:
dist: 2.2219290946970407 vs. 2.2219290946970407
list:
dist: 3.4322770015111557 vs. 3.4322770015111557
list:
dist: 3.9747423068145684 vs. 3.9747423068145684
list:
dist: 4.214789257571152 vs. 4.214789257571152
list:
dist: 5.456465863165741 vs. 5.456465863165741
list:
dist: 4.318374721294472 vs. 4.318374721294472
list:
dist: 4.992004973365564 vs. 4.992004973365564
list:
dist: 4.65429362003501 vs. 4.65429362003501
list:
dist: 3.74803371580716 vs. 3.74803371580716
list:
dist: 4.8498674334374865 vs. 4.8498674334374865
list:
dist: 3.9513986259105645 vs. 3.9513986259105645
list:
dist: 5.277641060948903 vs. 5.277641060948903
list:
dist: 4.518567718892355 vs. 4.518567718892355
list:
dist: 4.329879012913771 vs. 4.329879012913771
list:
dist: 5.102799272400337 vs. 5.102799272400337
list:
dist: 2.2986085079879484 vs. 2.2986085079879484
list:
dist: 2.851640369597363 vs. 2.851640369597363
list:
dist: 3.230833727167796 vs. 3.230833727167796
list:
dist: 3.1176232356680758 vs. 3.1176232356680758
list:
dist: 2.7053397608911642 vs. 2.7053397608911642
list:
dist: 3.8377744991028906 vs. 3.8377744991028906
list:
dist: 2.2568431567217577 vs. 2.2568431567217577
list:
dist: 2.630590508659806 vs. 2.630590508659806
list:
dist: 2.2544558625571165 vs. 2.2544558625571165
list:
dist: 2.067121356449022 vs. 2.067121356449022
list:
dist: 2.5009843110541436 vs. 2.5009843110541436
list:
dist: 2.309252442100557 vs. 2.309252442100557
list:
dist: 1.2656111981544165 vs. 1.2656111981544165
list:
dist: 0.6924718594535547 vs. 0.6924718594535547
list:
dist: 1.6047756713605723 vs. 1.6047756713605723
list:
dist: 1.5424799740301598 vs. 1.5424799740301598
list:
dist: 1.58915210722513 vs. 1.58915210722513
list:
dist: 1.7942562947754819 vs. 1.7942562947754819
list:
dist: 1.0208429085413693 vs. 1.0208429085413693
list:
dist: 1.9720956809483443 vs. 1.9720956809483443
list:
dist: 1.4201463706048094 vs. 1.4201463706048094
list:
dist: 1.2325945582760973 vs. 1.2325945582760973
list:
dist: 1.5588739566991894 vs. 1.5588739566991894
list:
dist: 0.8683296830190516 vs. 0.8683296830190516
list:
dist: 3.2908388455660136 vs. 3.2908388455660136
list:
dist: 3.119053429010042 vs. 3.119053429010042
list:
dist: 2.74455349611407 vs. 2.74455349611407
list:
dist: 2.4493282385455784 vs. 2.4493282385455784
list:
dist: 3.033059416823289 vs. 3.033059416823289
list:
dist: 2.6715282760955588 vs. 2.6715282760955588
list:
dist: 4.047779943943048 vs. 4.047779943943048
list:
dist: 2.559066068417204 vs. 2.559066068417204
list:
dist: 4.2514071187045435 vs. 4.2514071187045435
list:
dist: 2.1443974890714403 vs. 2.1443974890714403
list:
dist: 1.8680619585631861 vs. 1.8680619585631861
list:
dist: 2.1300956385303325 vs. 2.1300956385303325
list:
dist: 3.8639029384945234 vs. 3.8639029384945234
list:
dist: 4.828446384710417 vs. 4.828446384710417
list:
dist: 1.6501332689171466 vs. 1.6501332689171466
list:
dist: 3.0735220328879556 vs. 3.0735220328879556
list:
dist: 3.807235924459402 vs. 3.807235924459402
list:
dist: 3.1919507004338974 vs. 3.1919507004338974
list:
dist: 4.895996253318438 vs. 4.895996253318438
list:
dist: 3.661367451463452 vs. 3.661367451463452
list:
dist: 4.4626058516530565 vs. 4.4626058516530565
list:
dist: 3.8427278318729816 vs. 3.8427278318729816
list:
dist: 3.0786409169175233 vs. 3.0786409169175233
list:
dist: 4.100976259535002 vs. 4.100976259535002
list:
dist: 3.643939421327456 vs. 3.643939421327456
list:
dist: 4.777808712062876 vs. 4.777808712062876
list:
dist: 4.111605449026834 vs. 4.111605449026834
list:
dist: 4.187895159794758 vs. 4.187895159794758
list:
dist: 4.476070683087989 vs. 4.476070683087989
list:
dist: 2.319032273622849 vs. 2.319032273622849
list:
dist: 2.5714652899358392 vs. 2.5714652899358392
list:
dist: 2.809906073586173 vs. 2.809906073586173
list:
dist: 2.450259102695018 vs. 2.450259102695018
list:
dist: 2.466773540491884 vs. 2.466773540491884
list:
dist: 3.5090484563185647 vs. 3.5090484563185647
list:
dist: 2.25394200856784 vs. 2.25394200856784
list:
dist: 1.9837427566917236 vs. 1.9837427566917236
list:
dist: 1.97959224554101 vs. 1.97959224554101
list:
dist: 1.459030533624525 vs. 1.459030533624525
list:
dist: 1.6607311471114254 vs. 1.6607311471114254
list:
dist: 1.4830667450659785 vs. 1.4830667450659785
list:
dist: 1.7869505457880812 vs. 1.7869505457880812
list:
dist: 0.9642482506317078 vs. 0.9642482506317078
list:
dist: 1.0911833545093093 vs. 1.0911833545093093
list:
dist: 0.8951789189336121 vs. 0.8951789189336121
list:
dist: 0.8168548760077 vs. 0.8168548760077
list:
dist: 0.39409536484781893 vs. 0.39409536484781893
list:
dist: 0.5104894946022105 vs. 0.5104894946022105
list:
dist: 1.4680848919893212 vs. 1.4680848919893212
list:
dist: 1.434497218579909 vs. 1.434497218579909
list:
dist: 1.1272361041364272 vs. 1.1272361041364272
list:
dist: 1.4201463706048094 vs. 1.4201463706048094
list:
dist: 2.0076969881921545 vs. 2.0076969881921545
list:
dist: 3.152730253982839 vs. 3.152730253982839
list:
dist: 3.3441620113071995 vs. 3.3441620113071995
list:
dist: 2.7505130816823793 vs. 2.7505130816823793
list:
dist: 2.657038766342779 vs. 2.657038766342779
list:
dist: 2.6489038745366917 vs. 2.6489038745366917
list:
dist: 3.004530317211841 vs. 3.004530317211841
list:
dist: 4.203915711215094 vs. 4.203915711215094
list:
dist: 2.6703813776211236 vs. 2.6703813776211236
list:
dist: 4.043898071212822 vs. 4.043898071212822
list:
dist: 2.171466060678049 vs. 2.171466060678049
list:
dist: 1.216504935470909 vs. 1.216504935470909
list:
dist: 1.2523115512881162 vs. 1.2523115512881162
list:
dist: 3.0589738521529375 vs. 3.0589738521529375
list:
dist: 4.136209813629512 vs. 4.136209813629512
list:
dist: 2.031267505679283 vs. 2.031267505679283
list:
dist: 2.7785127037760047 vs. 2.7785127037760047
list:
dist: 3.404948425079335 vs. 3.404948425079335
list:
dist: 3.544779007450316 vs. 3.544779007450316
list:
dist: 4.720095301066499 vs. 4.720095301066499
list:
dist: 3.5814119482288436 vs. 3.5814119482288436
list:
dist: 4.310862803002059 vs. 4.310862803002059
list:
dist: 3.9343432523935076 vs. 3.9343432523935076
list:
dist: 2.9926899844967068 vs. 2.9926899844967068
list:
dist: 4.208115295402343 vs. 4.208115295402343
list:
dist: 3.202099020802566 vs. 3.202099020802566
list:
dist: 4.557610379997093 vs. 4.557610379997093
list:
dist: 3.9070045376199487 vs. 3.9070045376199487
list:
dist: 3.6255245640954143 vs. 3.6255245640954143
list:
dist: 4.5186048600314805 vs. 4.5186048600314805
list:
dist: 2.4458835331858277 vs. 2.4458835331858277
list:
dist: 2.5649773645830423 vs. 2.5649773645830423
list:
dist: 2.751292526510163 vs. 2.751292526510163
list:
dist: 2.2693458794057517 vs. 2.2693458794057517
list:
dist: 2.4503202915225857 vs. 2.4503202915225857
list:
dist: 3.419640217647913 vs. 3.419640217647913
list:
dist: 2.3168129793208783 vs. 2.3168129793208783
list:
dist: 1.9844590121187713 vs. 1.9844590121187713
list:
dist: 2.066134666916967 vs. 2.066134666916967
list:
dist: 1.4518752494630822 vs. 1.4518752494630822
list:
dist: 1.5298339667321723 vs. 1.5298339667321723
list:
dist: 1.339710073318931 vs. 1.339710073318931
list:
dist: 2.076760151411265 vs. 2.076760151411265
list:
dist: 1.3563125168096688 vs. 1.3563125168096688
list:
dist: 1.1532176054131447 vs. 1.1532176054131447
list:
dist: 0.9095262583273863 vs. 0.9095262583273863
list:
dist: 0.9849631417125795 vs. 0.9849631417125795
list:
dist: 0.9005277616022093 vs. 0.9005277616022093
list:
dist: 1.5487256684694422 vs. 1.5487256684694422
list:
dist: 0.39409536484781893 vs. 0.39409536484781893
list:
dist: 1.7122001679537477 vs. 1.7122001679537477
list:
dist: 1.181512392175862 vs. 1.181512392175862
list:
dist: 1.7942562947754819 vs. 1.7942562947754819
list:
dist: 2.396655398113186 vs. 2.396655398113186
list:
dist: 3.1575609915532588 vs. 3.1575609915532588
list:
dist: 3.441384613150821 vs. 3.441384613150821
list:
dist: 2.7813509552394082 vs. 2.7813509552394082
list:
dist: 2.786438410396414 vs. 2.786438410396414
list:
dist: 2.6182295110483373 vs. 2.6182295110483373
list:
dist: 3.1417681994701034 vs. 3.1417681994701034
list:
dist: 4.277094804828488 vs. 4.277094804828488
list:
dist: 2.789458122364436 vs. 2.789458122364436
list:
dist: 4.026385292923534 vs. 4.026385292923534
list:
dist: 2.4398103157069846 vs. 2.4398103157069846
list:
dist: 1.4033673994751992 vs. 1.4033673994751992
list:
dist: 1.304531938349149 vs. 1.304531938349149
list:
dist: 2.956361920711852 vs. 2.956361920711852
list:
dist: 4.032457646170978 vs. 4.032457646170978
list:
dist: 2.355189701290695 vs. 2.355189701290695
list:
dist: 2.850932163500406 vs. 2.850932163500406
list:
dist: 3.447234569423926 vs. 3.447234569423926
list:
dist: 3.7172803464774256 vs. 3.7172803464774256
list:
dist: 4.743605924770821 vs. 4.743605924770821
list:
dist: 3.6488806335312454 vs. 3.6488806335312454
list:
dist: 4.367845826809381 vs. 4.367845826809381
list:
dist: 4.036432867317106 vs. 4.036432867317106
list:
dist: 3.0659299679391108 vs. 3.0659299679391108
list:
dist: 4.337195656157188 vs. 4.337195656157188
list:
dist: 3.1811836746075923 vs. 3.1811836746075923
list:
dist: 4.579168274902845 vs. 4.579168274902845
list:
dist: 3.9794346311654865 vs. 3.9794346311654865
list:
dist: 3.572407915793286 vs. 3.572407915793286
list:
dist: 4.644716870744949 vs. 4.644716870744949
list:
dist: 1.9181068240775696 vs. 1.9181068240775696
list:
dist: 2.17285028525133 vs. 2.17285028525133
list:
dist: 2.050573571151242 vs. 2.050573571151242
list:
dist: 2.280500070252205 vs. 2.280500070252205
list:
dist: 2.34807166235472 vs. 2.34807166235472
list:
dist: 1.9620572155864635 vs. 1.9620572155864635
list:
dist: 1.1776320060537488 vs. 1.1776320060537488
list:
dist: 1.9551673397556177 vs. 1.9551673397556177
list:
dist: 2.0775735675413043 vs. 2.0775735675413043
list:
dist: 0.9490367646670054 vs. 0.9490367646670054
list:
dist: 1.4033673994751992 vs. 1.4033673994751992
list:
dist: 1.0516169528801003 vs. 1.0516169528801003
list:
dist: 2.0463804576349065 vs. 2.0463804576349065
list:
dist: 1.216504935470909 vs. 1.216504935470909
list:
dist: 1.8892369786509013 vs. 1.8892369786509013
list:
dist: 2.1542017425433793 vs. 2.1542017425433793
list:
dist: 1.8680619585631861 vs. 1.8680619585631861
list:
dist: 2.0222739165339902 vs. 2.0222739165339902
list:
dist: 1.415083229969541 vs. 1.415083229969541
list:
dist: 1.2366681762806468 vs. 1.2366681762806468
list:
dist: 1.6679470772536042 vs. 1.6679470772536042
list:
dist: 2.988628600586574 vs. 2.988628600586574
list:
dist: 3.3761798746069083 vs. 3.3761798746069083
list:
dist: 3.9854632566469177 vs. 3.9854632566469177
list:
dist: 1.1497267507183055 vs. 1.1497267507183055
list:
dist: 1.957290750379807 vs. 1.957290750379807
list:
dist: 2.3457770500789383 vs. 2.3457770500789383
list:
dist: 2.841324245064334 vs. 2.841324245064334
list:
dist: 2.0477467233866498 vs. 2.0477467233866498
list:
dist: 3.156919637329874 vs. 3.156919637329874
list:
dist: 1.6397184655789094 vs. 1.6397184655789094
list:
dist: 1.7631665915984198 vs. 1.7631665915984198
list:
dist: 1.212930843494735 vs. 1.212930843494735
list:
dist: 1.4555100481389218 vs. 1.4555100481389218
list:
dist: 1.9602667138760368 vs. 1.9602667138760368
list:
dist: 1.9881155810075635 vs. 1.9881155810075635
list:
dist: 1.27131392734439 vs. 1.27131392734439
list:
dist: 1.3483538520113967 vs. 1.3483538520113967
list:
dist: 1.8683125871417818 vs. 1.8683125871417818
list:
dist: 1.3561883123901468 vs. 1.3561883123901468
list:
dist: 2.076760151411265 vs. 2.076760151411265
list:
dist: 1.5247995006886739 vs. 1.5247995006886739
list:
dist: 2.95848166185148 vs. 2.95848166185148
list:
dist: 1.7869505457880812 vs. 1.7869505457880812
list:
dist: 2.3834882639053125 vs. 2.3834882639053125
list:
dist: 1.5434764190330799 vs. 1.5434764190330799
list:
dist: 1.2656111981544165 vs. 1.2656111981544165
list:
dist: 1.7988921245906218 vs. 1.7988921245906218
list:
dist: 2.7352778845599475 vs. 2.7352778845599475
list:
dist: 1.9620572155864635 vs. 1.9620572155864635
list:
dist: 2.7736978695641588 vs. 2.7736978695641588
list:
dist: 2.506055195652384 vs. 2.506055195652384
list:
dist: 4.159260724100662 vs. 4.159260724100662
list:
dist: 4.812091128235108 vs. 4.812091128235108
list:
dist: 4.45432943076612 vs. 4.45432943076612
list:
dist: 2.8526215305855462 vs. 2.8526215305855462
list:
dist: 3.0560569483680466 vs. 3.0560569483680466
list:
dist: 2.6345463455859788 vs. 2.6345463455859788
list:
dist: 2.7607432771041513 vs. 2.7607432771041513
list:
dist: 2.6372406983063224 vs. 2.6372406983063224
list:
dist: 2.7736978695641588 vs. 2.7736978695641588
list:
dist: 1.6040910284794265 vs. 1.6040910284794265
list:
dist: 2.3402672323910263 vs. 2.3402672323910263
list:
dist: 2.023118013043603 vs. 2.023118013043603
list:
dist: 1.7150180056701971 vs. 1.7150180056701971
list:
dist: 1.304531938349149 vs. 1.304531938349149
list:
dist: 1.2911418929679048 vs. 1.2911418929679048
list:
dist: 1.0428196294172023 vs. 1.0428196294172023
list:
dist: 1.2523115512881162 vs. 1.2523115512881162
list:
dist: 1.393383290560873 vs. 1.393383290560873
list:
dist: 2.361896503039017 vs. 2.361896503039017
list:
dist: 2.1300956385303325 vs. 2.1300956385303325
list:
dist: 2.2703037806616093 vs. 2.2703037806616093
list:
dist: 3.0484853820115587 vs. 3.0484853820115587
list:
dist: 3.306344943471777 vs. 3.306344943471777
list:
dist: 3.0385329093891125 vs. 3.0385329093891125
list:
dist: 2.6033247076773636 vs. 2.6033247076773636
list:
dist: 2.395998521844121 vs. 2.395998521844121
list:
dist: 3.020242382481139 vs. 3.020242382481139
list:
dist: 3.9416160415522583 vs. 3.9416160415522583
list:
dist: 2.454312696730918 vs. 2.454312696730918
list:
dist: 3.6526914369513563 vs. 3.6526914369513563
list:
dist: 1.5448573496501004 vs. 1.5448573496501004
list:
dist: 1.2366681762806468 vs. 1.2366681762806468
list:
dist: 2.0765212310446746 vs. 2.0765212310446746
list:
dist: 3.209924226259752 vs. 3.209924226259752
list:
dist: 1.6337266426525099 vs. 1.6337266426525099
list:
dist: 1.8687368492152685 vs. 1.8687368492152685
list:
dist: 2.2887885166503836 vs. 2.2887885166503836
list:
dist: 3.1184137273553545 vs. 3.1184137273553545
list:
dist: 3.947754723267047 vs. 3.947754723267047
list:
dist: 2.938472193404336 vs. 2.938472193404336
list:
dist: 3.42725054233641 vs. 3.42725054233641
list:
dist: 3.3416424937872984 vs. 3.3416424937872984
list:
dist: 2.4953629248300135 vs. 2.4953629248300135
list:
dist: 3.412378751950284 vs. 3.412378751950284
list:
dist: 2.459979370355131 vs. 2.459979370355131
list:
dist: 3.7261138033883143 vs. 3.7261138033883143
list:
dist: 2.896732633788352 vs. 2.896732633788352
list:
dist: 2.720137622883847 vs. 2.720137622883847
list:
dist: 3.5770750381968264 vs. 3.5770750381968264
list:
dist: 2.566639678579611 vs. 2.566639678579611
list:
dist: 4.1286848576602315 vs. 4.1286848576602315
list:
dist: 4.2027343395712915 vs. 4.2027343395712915
list:
dist: 3.7337172091561195 vs. 3.7337172091561195
list:
dist: 2.2202811790912644 vs. 2.2202811790912644
list:
dist: 2.787898062703048 vs. 2.787898062703048
list:
dist: 3.1181280837107157 vs. 3.1181280837107157
list:
dist: 3.0711574248618243 vs. 3.0711574248618243
list:
dist: 2.7389924334231943 vs. 2.7389924334231943
list:
dist: 3.87538716586512 vs. 3.87538716586512
list:
dist: 2.3755932685094328 vs. 2.3755932685094328
list:
dist: 2.1979632096066877 vs. 2.1979632096066877
list:
dist: 2.01603636907263 vs. 2.01603636907263
list:
dist: 1.821928096832637 vs. 1.821928096832637
list:
dist: 2.2135882425767703 vs. 2.2135882425767703
list:
dist: 2.103285072331346 vs. 2.103285072331346
list:
dist: 1.27131392734439 vs. 1.27131392734439
list:
dist: 1.454614298308655 vs. 1.454614298308655
list:
dist: 1.4693459323055564 vs. 1.4693459323055564
list:
dist: 1.030230824025428 vs. 1.030230824025428
list:
dist: 1.3563125168096688 vs. 1.3563125168096688
list:
dist: 0.4670749861972055 vs. 0.4670749861972055
list:
dist: 1.7676509643166056 vs. 1.7676509643166056
list:
dist: 0.9642482506317078 vs. 0.9642482506317078
list:
dist: 1.2059275987069706 vs. 1.2059275987069706
list:
dist: 1.5216064713033397 vs. 1.5216064713033397
list:
dist: 0.6924718594535547 vs. 0.6924718594535547
list:
dist: 1.115453782902692 vs. 1.115453782902692
list:
dist: 1.707421531349813 vs. 1.707421531349813
list:
dist: 1.1776320060537488 vs. 1.1776320060537488
list:
dist: 1.6040910284794265 vs. 1.6040910284794265
list:
dist: 1.4185131530565152 vs. 1.4185131530565152
list:
dist: 2.9022263190779105 vs. 2.9022263190779105
list:
dist: 3.5409964861530088 vs. 3.5409964861530088
list:
dist: 3.3898328212440454 vs. 3.3898328212440454
list:
dist: 3.2659250648423663 vs. 3.2659250648423663
list:
dist: 3.3831854804569925 vs. 3.3831854804569925
list:
dist: 3.29954276740269 vs. 3.29954276740269
list:
dist: 3.5973927997489716 vs. 3.5973927997489716
list:
dist: 3.570276471545845 vs. 3.570276471545845
list:
dist: 2.7352778845599475 vs. 2.7352778845599475
list:
dist: 1.707421531349813 vs. 1.707421531349813
list:
dist: 3.047847078997365 vs. 3.047847078997365
list:
dist: 2.961669557744843 vs. 2.961669557744843
list:
dist: 2.217163141613257 vs. 2.217163141613257
list:
dist: 2.4398103157069846 vs. 2.4398103157069846
list:
dist: 1.8142989928166857 vs. 1.8142989928166857
list:
dist: 2.085940836669342 vs. 2.085940836669342
list:
dist: 2.171466060678049 vs. 2.171466060678049
list:
dist: 1.7430831533254738 vs. 1.7430831533254738
list:
dist: 3.140334937043405 vs. 3.140334937043405
list:
dist: 2.1443974890714403 vs. 2.1443974890714403
list:
dist: 1.7102104761618295 vs. 1.7102104761618295
list:
dist: 1.415083229969541 vs. 1.415083229969541
list:
dist: 1.5448573496501004 vs. 1.5448573496501004
list:
dist: 0.7259522000506657 vs. 0.7259522000506657
list:
dist: 2.4204309776359674 vs. 2.4204309776359674
list:
dist: 2.677896284050505 vs. 2.677896284050505
list:
dist: 3.2894539344853326 vs. 3.2894539344853326
list:
dist: 2.2874791012197346 vs. 2.2874791012197346
list:
dist: 2.7173785121851406 vs. 2.7173785121851406
list:
dist: 3.0062436083069963 vs. 3.0062436083069963
list:
dist: 2.811245252218409 vs. 2.811245252218409
list:
dist: 2.6444092276265856 vs. 2.6444092276265856
list:
dist: 3.74749673899806 vs. 3.74749673899806
list:
dist: 2.347333757061795 vs. 2.347333757061795
list:
dist: 2.0850759561574708 vs. 2.0850759561574708
list:
dist: 2.0037374975352047 vs. 2.0037374975352047
list:
dist: 1.6537210992513147 vs. 1.6537210992513147
list:
dist: 1.9665249825227638 vs. 1.9665249825227638
list:
dist: 1.8288976160306112 vs. 1.8288976160306112
list:
dist: 1.5247995006886739 vs. 1.5247995006886739
list:
dist: 0.4670749861972055 vs. 0.4670749861972055
list:
dist: 1.2740979997109283 vs. 1.2740979997109283
list:
dist: 1.182017976396759 vs. 1.182017976396759
list:
dist: 0.8318236046513846 vs. 0.8318236046513846
list:
dist: 0.9005277616022093 vs. 0.9005277616022093
list:
dist: 1.5057116439974048 vs. 1.5057116439974048
list:
dist: 0.5104894946022105 vs. 0.5104894946022105
list:
dist: 1.1850584235904587 vs. 1.1850584235904587
list:
dist: 1.3294053264329402 vs. 1.3294053264329402
list:
dist: 1.0208429085413693 vs. 1.0208429085413693
list:
dist: 1.5199018773595874 vs. 1.5199018773595874
list:
dist: 3.254526811781953 vs. 3.254526811781953
list:
dist: 3.32833275674918 vs. 3.32833275674918
list:
dist: 2.8540535301104613 vs. 2.8540535301104613
list:
dist: 2.6086076164573773 vs. 2.6086076164573773
list:
dist: 2.7921310393375567 vs. 2.7921310393375567
list:
dist: 2.942958305837873 vs. 2.942958305837873
list:
dist: 4.193626384247022 vs. 4.193626384247022
list:
dist: 2.623772653874075 vs. 2.623772653874075
list:
dist: 4.141313755754157 vs. 4.141313755754157
list:
dist: 1.8142989928166857 vs. 1.8142989928166857
list:
dist: 1.0516169528801003 vs. 1.0516169528801003
list:
dist: 1.2911418929679048 vs. 1.2911418929679048
list:
dist: 3.2177500319288077 vs. 3.2177500319288077
list:
dist: 4.289417051108086 vs. 4.289417051108086
list:
dist: 1.6103657562097862 vs. 1.6103657562097862
list:
dist: 2.736611980459918 vs. 2.736611980459918
list:
dist: 3.3694850940151397 vs. 3.3694850940151397
list:
dist: 3.389562743224623 vs. 3.389562743224623
list:
dist: 4.728967800735152 vs. 4.728967800735152
list:
dist: 3.555590065113958 vs. 3.555590065113958
list:
dist: 4.269086762411868 vs. 4.269086762411868
list:
dist: 3.8614771686120197 vs. 3.8614771686120197
list:
dist: 2.9802572885088225 vs. 2.9802572885088225
list:
dist: 4.076057486100054 vs. 4.076057486100054
list:
dist: 3.286398474654984 vs. 3.286398474654984
list:
dist: 4.564930170487048 vs. 4.564930170487048
list:
dist: 3.8356459644176804 vs. 3.8356459644176804
list:
dist: 3.728034401171106 vs. 3.728034401171106
list:
dist: 4.372724482065041 vs. 4.372724482065041
list:
dist: 3.317601205501594 vs. 3.317601205501594
list:
dist: 3.722896646784761 vs. 3.722896646784761
list:
dist: 4.038444716267872 vs. 4.038444716267872
list:
dist: 3.5527984096740375 vs. 3.5527984096740375
list:
dist: 3.5207766551058994 vs. 3.5207766551058994
list:
dist: 4.601649179256585 vs. 4.601649179256585
list:
dist: 3.161142188858345 vs. 3.161142188858345
list:
dist: 3.2698521908365366 vs. 3.2698521908365366
list:
dist: 3.1260459565834724 vs. 3.1260459565834724
list:
dist: 2.7335462206766663 vs. 2.7335462206766663
list:
dist: 3.0253930700707325 vs. 3.0253930700707325
list:
dist: 2.767418573546155 vs. 2.767418573546155
list:
dist: 2.3834882639053125 vs. 2.3834882639053125
list:
dist: 1.2059275987069706 vs. 1.2059275987069706
list:
dist: 2.2300258241105975 vs. 2.2300258241105975
list:
dist: 1.7825565358578475 vs. 1.7825565358578475
list:
dist: 2.013952243731057 vs. 2.013952243731057
list:
dist: 1.7122001679537477 vs. 1.7122001679537477
list:
dist: 1.1850584235904587 vs. 1.1850584235904587
list:
dist: 0.8910482341243386 vs. 0.8910482341243386
list:
dist: 1.434497218579909 vs. 1.434497218579909
list:
dist: 2.111107555256242 vs. 2.111107555256242
list:
dist: 1.2325945582760973 vs. 1.2325945582760973
list:
dist: 1.305066730956012 vs. 1.305066730956012
list:
dist: 2.416851314908032 vs. 2.416851314908032
list:
dist: 2.349818423498121 vs. 2.349818423498121
list:
dist: 2.211159231191518 vs. 2.211159231191518
list:
dist: 1.6021628503683116 vs. 1.6021628503683116
list:
dist: 2.040014992308732 vs. 2.040014992308732
list:
dist: 1.9480347971288523 vs. 1.9480347971288523
list:
dist: 3.1418535824297944 vs. 3.1418535824297944
list:
dist: 1.5707556379403917 vs. 1.5707556379403917
list:
dist: 3.219941887362728 vs. 3.219941887362728
list:
dist: 1.7430831533254738 vs. 1.7430831533254738
list:
dist: 1.8892369786509013 vs. 1.8892369786509013
list:
dist: 1.393383290560873 vs. 1.393383290560873
list:
dist: 2.726064124413295 vs. 2.726064124413295
list:
dist: 3.6368734711486286 vs. 3.6368734711486286
list:
dist: 1.2124594656295657 vs. 1.2124594656295657
list:
dist: 1.8433342797995589 vs. 1.8433342797995589
list:
dist: 2.6103825964369554 vs. 2.6103825964369554
list:
dist: 2.2125625570267755 vs. 2.2125625570267755
list:
dist: 3.711986710665378 vs. 3.711986710665378
list:
dist: 2.4981570650864304 vs. 2.4981570650864304
list:
dist: 3.2554500948185936 vs. 3.2554500948185936
list:
dist: 2.738250362043341 vs. 2.738250362043341
list:
dist: 1.9436498872702925 vs. 1.9436498872702925
list:
dist: 2.967065463235793 vs. 2.967065463235793
list:
dist: 2.4480261117268696 vs. 2.4480261117268696
list:
dist: 3.572902143618105 vs. 3.572902143618105
list:
dist: 2.901753276295958 vs. 2.901753276295958
list:
dist: 2.976984773558715 vs. 2.976984773558715
list:
dist: 3.335080411019837 vs. 3.335080411019837
list:
dist: 3.075410450040622 vs. 3.075410450040622
list:
dist: 1.7988921245906218 vs. 1.7988921245906218
list:
dist: 1.115453782902692 vs. 1.115453782902692
list:
dist: 2.4167960965765007 vs. 2.4167960965765007
list:
dist: 2.342730392314121 vs. 2.342730392314121
list:
dist: 2.1191037230931005 vs. 2.1191037230931005
list:
dist: 2.396655398113186 vs. 2.396655398113186
list:
dist: 1.5199018773595874 vs. 1.5199018773595874
list:
dist: 2.172536788030828 vs. 2.172536788030828
list:
dist: 2.0076969881921545 vs. 2.0076969881921545
list:
dist: 1.305066730956012 vs. 1.305066730956012
list:
dist: 2.406389520362504 vs. 2.406389520362504
list:
dist: 0.8683296830190516 vs. 0.8683296830190516
list:
dist: 1.7102104761618295 vs. 1.7102104761618295
list:
dist: 2.0222739165339902 vs. 2.0222739165339902
list:
dist: 2.2703037806616093 vs. 2.2703037806616093
list:
dist: 1.1133489247457187 vs. 1.1133489247457187
list:
dist: 2.938873005720112 vs. 2.938873005720112
list:
dist: 3.5872321822456277 vs. 3.5872321822456277
list:
dist: 2.966798018011236 vs. 2.966798018011236
list:
dist: 2.506055195652384 vs. 2.506055195652384
list:
dist: 1.4185131530565152 vs. 1.4185131530565152
list:
dist: 2.844425573435495 vs. 2.844425573435495
list:
dist: 2.671318998136306 vs. 2.671318998136306
list:
dist: 2.2219290946970407 vs. 2.2219290946970407
list:
dist: 2.355189701290695 vs. 2.355189701290695
list:
dist: 1.6103657562097862 vs. 1.6103657562097862
list:
dist: 1.7956831529338833 vs. 1.7956831529338833
list:
dist: 2.031267505679283 vs. 2.031267505679283
list:
dist: 1.2124594656295657 vs. 1.2124594656295657
list:
dist: 2.8675758785257304 vs. 2.8675758785257304
list:
dist: 1.6501332689171466 vs. 1.6501332689171466
list:
dist: 1.1133489247457187 vs. 1.1133489247457187
list:
dist: 0.7259522000506657 vs. 0.7259522000506657
list:
dist: 1.6679470772536042 vs. 1.6679470772536042
list:
dist: 1.6337266426525099 vs. 1.6337266426525099
list:
dist: 2.2213236416030218 vs. 2.2213236416030218
list:
dist: 2.6836967775755376 vs. 2.6836967775755376
list:
dist: 2.7506161863278464 vs. 2.7506161863278464
list:
dist: 3.7105635312481775 vs. 3.7105635312481775
list:
dist: 3.94687259779385 vs. 3.94687259779385
list:
dist: 4.192953662156501 vs. 4.192953662156501
list:
dist: 3.471822261585493 vs. 3.471822261585493
list:
dist: 3.720131017551224 vs. 3.720131017551224
list:
dist: 4.711454927025171 vs. 4.711454927025171
list:
dist: 3.4633936938988508 vs. 3.4633936938988508
list:
dist: 3.4274331865242305 vs. 3.4274331865242305
list:
dist: 3.427187075223385 vs. 3.427187075223385
list:
dist: 2.888248944487653 vs. 2.888248944487653
list:
dist: 3.0423314264062156 vs. 3.0423314264062156
list:
dist: 2.7584261602429505 vs. 2.7584261602429505
list:
dist: 2.95848166185148 vs. 2.95848166185148
list:
dist: 1.7676509643166056 vs. 1.7676509643166056
list:
dist: 2.420033539906147 vs. 2.420033539906147
list:
dist: 1.8303006930401806 vs. 1.8303006930401806
list:
dist: 2.208751115842144 vs. 2.208751115842144
list:
dist: 1.5487256684694422 vs. 1.5487256684694422
list:
dist: 1.5057116439974048 vs. 1.5057116439974048
list:
dist: 1.4680848919893212 vs. 1.4680848919893212
list:
dist: 0.8910482341243386 vs. 0.8910482341243386
list:
dist: 2.2818868278436115 vs. 2.2818868278436115
list:
dist: 1.9720956809483443 vs. 1.9720956809483443
list:
dist: 2.172536788030828 vs. 2.172536788030828
list:
dist: 2.033967799471852 vs. 2.033967799471852
list:
dist: 2.267994263335039 vs. 2.267994263335039
list:
dist: 2.053873435088953 vs. 2.053873435088953
list:
dist: 1.579469332443483 vs. 1.579469332443483
list:
dist: 1.4449722600587425 vs. 1.4449722600587425
list:
dist: 2.000813967799798 vs. 2.000813967799798
list:
dist: 2.9431822125156892 vs. 2.9431822125156892
list:
dist: 1.4404536038534124 vs. 1.4404536038534124
list:
dist: 2.7318926313750707 vs. 2.7318926313750707
list:
dist: 2.085940836669342 vs. 2.085940836669342
list:
dist: 2.0463804576349065 vs. 2.0463804576349065
list:
dist: 1.0428196294172023 vs. 1.0428196294172023
list:
dist: 1.920797200321466 vs. 1.920797200321466
list:
dist: 2.8718719872875487 vs. 2.8718719872875487
list:
dist: 1.7956831529338833 vs. 1.7956831529338833
list:
dist: 1.3696741328024709 vs. 1.3696741328024709
list:
dist: 2.125245223130966 vs. 2.125245223130966
list:
dist: 2.258911864828202 vs. 2.258911864828202
list:
dist: 3.2565613764209305 vs. 3.2565613764209305
list:
dist: 2.1273379755991875 vs. 2.1273379755991875
list:
dist: 2.853862210188596 vs. 2.853862210188596
list:
dist: 2.510978772857603 vs. 2.510978772857603
list:
dist: 1.5758463559552636 vs. 1.5758463559552636
list:
dist: 2.7948958951200864 vs. 2.7948958951200864
list:
dist: 1.78252634822175 vs. 1.78252634822175
list:
dist: 3.0949912959854644 vs. 3.0949912959854644
list:
dist: 2.5187290286701396 vs. 2.5187290286701396
list:
dist: 2.2679051219452653 vs. 2.2679051219452653
list:
dist: 3.14469917358267 vs. 3.14469917358267
list:
dist: 4.380992286820147 vs. 4.380992286820147
list:
dist: 3.698117798092699 vs. 3.698117798092699
list:
dist: 2.9360504175747204 vs. 2.9360504175747204
list:
dist: 3.957273386538145 vs. 3.957273386538145
list:
dist: 3.1575609915532588 vs. 3.1575609915532588
list:
dist: 3.254526811781953 vs. 3.254526811781953
list:
dist: 2.033967799471852 vs. 2.033967799471852
list:
dist: 3.152730253982839 vs. 3.152730253982839
list:
dist: 2.416851314908032 vs. 2.416851314908032
list:
dist: 3.3946975466141533 vs. 3.3946975466141533
list:
dist: 3.2908388455660136 vs. 3.2908388455660136
list:
dist: 0.8291198288337351 vs. 0.8291198288337351
list:
dist: 0.9760344794741034 vs. 0.9760344794741034
list:
dist: 1.0366725323731676 vs. 1.0366725323731676
list:
dist: 0.7450704610401093 vs. 0.7450704610401093
list:
dist: 1.0881404653220363 vs. 1.0881404653220363
list:
dist: 1.2955611955669248 vs. 1.2955611955669248
list:
dist: 1.0485324536750162 vs. 1.0485324536750162
list:
dist: 1.1194193922252487 vs. 1.1194193922252487
list:
dist: 3.0484853820115587 vs. 3.0484853820115587
list:
dist: 2.623317195008323 vs. 2.623317195008323
list:
dist: 2.8255339777221002 vs. 2.8255339777221002
list:
dist: 4.288076138643617 vs. 4.288076138643617
list:
dist: 3.4222322606518456 vs. 3.4222322606518456
list:
dist: 2.1560446778061984 vs. 2.1560446778061984
list:
dist: 2.920920412779696 vs. 2.920920412779696
list:
dist: 1.823078893295436 vs. 1.823078893295436
list:
dist: 2.4578767798394305 vs. 2.4578767798394305
list:
dist: 1.5746130692219014 vs. 1.5746130692219014
list:
dist: 2.580167129709472 vs. 2.580167129709472
list:
dist: 1.787671871422138 vs. 1.787671871422138
list:
dist: 1.162640427070151 vs. 1.162640427070151
list:
dist: 2.614261166282428 vs. 2.614261166282428
list:
dist: 1.6496813309781189 vs. 1.6496813309781189
list:
dist: 2.5064150331954314 vs. 2.5064150331954314
list:
dist: 2.834241006708055 vs. 2.834241006708055
list:
dist: 2.3031608693156924 vs. 2.3031608693156924
list:
dist: 3.248130331537933 vs. 3.248130331537933
list:
dist: 3.550873197533717 vs. 3.550873197533717
list:
dist: 3.0418820647723575 vs. 3.0418820647723575
list:
dist: 2.308224323704441 vs. 2.308224323704441
list:
dist: 3.5073450568850095 vs. 3.5073450568850095
list:
dist: 2.7813509552394082 vs. 2.7813509552394082
list:
dist: 2.8540535301104613 vs. 2.8540535301104613
list:
dist: 2.053873435088953 vs. 2.053873435088953
list:
dist: 2.7505130816823793 vs. 2.7505130816823793
list:
dist: 2.211159231191518 vs. 2.211159231191518
list:
dist: 2.700541455987529 vs. 2.700541455987529
list:
dist: 2.74455349611407 vs. 2.74455349611407
list:
dist: 0.9760344794741034 vs. 0.9760344794741034
list:
dist: 1.0925958631563717 vs. 1.0925958631563717
list:
dist: 1.0855090817437918 vs. 1.0855090817437918
list:
dist: 1.298878786302111 vs. 1.298878786302111
list:
dist: 1.0728271759105927 vs. 1.0728271759105927
list:
dist: 1.9902415512673706 vs. 1.9902415512673706
list:
dist: 1.3345099566039298 vs. 1.3345099566039298
list:
dist: 2.0789876306999737 vs. 2.0789876306999737
list:
dist: 3.0385329093891125 vs. 3.0385329093891125
list:
dist: 3.217516150843555 vs. 3.217516150843555
list:
dist: 3.64968177654158 vs. 3.64968177654158
list:
dist: 4.922584325055255 vs. 4.922584325055255
list:
dist: 4.236081855279551 vs. 4.236081855279551
list:
dist: 2.6920755651791506 vs. 2.6920755651791506
list:
dist: 3.5498159661339757 vs. 3.5498159661339757
list:
dist: 2.288512242950973 vs. 2.288512242950973
list:
dist: 3.398876999675273 vs. 3.398876999675273
list:
dist: 2.383505187789782 vs. 2.383505187789782
list:
dist: 3.431512013755427 vs. 3.431512013755427
list:
dist: 2.5560391309454107 vs. 2.5560391309454107
list:
dist: 1.8276077354302844 vs. 1.8276077354302844
list:
dist: 3.333807154522907 vs. 3.333807154522907
list:
dist: 2.4298697667806786 vs. 2.4298697667806786
list:
dist: 3.4314325317207044 vs. 3.4314325317207044
list:
dist: 3.566975430450909 vs. 3.566975430450909
list:
dist: 3.1052939516617513 vs. 3.1052939516617513
list:
dist: 3.9706961096717857 vs. 3.9706961096717857
list:
dist: 4.174034292496568 vs. 4.174034292496568
list:
dist: 3.3373500848197875 vs. 3.3373500848197875
list:
dist: 2.5836505325189076 vs. 2.5836505325189076
list:
dist: 3.46147913321352 vs. 3.46147913321352
list:
dist: 2.6182295110483373 vs. 2.6182295110483373
list:
dist: 2.7921310393375567 vs. 2.7921310393375567
list:
dist: 1.4449722600587425 vs. 1.4449722600587425
list:
dist: 2.6489038745366917 vs. 2.6489038745366917
list:
dist: 2.040014992308732 vs. 2.040014992308732
list:
dist: 3.0775067268477803 vs. 3.0775067268477803
list:
dist: 3.033059416823289 vs. 3.033059416823289
list:
dist: 0.7450704610401093 vs. 0.7450704610401093
list:
dist: 1.3895972952611988 vs. 1.3895972952611988
list:
dist: 1.298878786302111 vs. 1.298878786302111
list:
dist: 1.1633446474683848 vs. 1.1633446474683848
list:
dist: 1.4474307304647547 vs. 1.4474307304647547
list:
dist: 1.8535141063685976 vs. 1.8535141063685976
list:
dist: 1.030807662531165 vs. 1.030807662531165
list:
dist: 1.4105500307354708 vs. 1.4105500307354708
list:
dist: 2.395998521844121 vs. 2.395998521844121
list:
dist: 1.956213379948126 vs. 1.956213379948126
list:
dist: 2.3679071100782902 vs. 2.3679071100782902
list:
dist: 3.90357019747714 vs. 3.90357019747714
list:
dist: 3.166651977197781 vs. 3.166651977197781
list:
dist: 1.6456392181402562 vs. 1.6456392181402562
list:
dist: 2.400896400418554 vs. 2.400896400418554
list:
dist: 1.9470817598926191 vs. 1.9470817598926191
list:
dist: 2.4463465904218773 vs. 2.4463465904218773
list:
dist: 1.4812258647826018 vs. 1.4812258647826018
list:
dist: 2.4072875368112614 vs. 2.4072875368112614
list:
dist: 1.8742509247927441 vs. 1.8742509247927441
list:
dist: 0.9745322521790166 vs. 0.9745322521790166
list:
dist: 2.5353268412701917 vs. 2.5353268412701917
list:
dist: 1.1810190290683433 vs. 1.1810190290683433
list:
dist: 2.3997737686827145 vs. 2.3997737686827145
list:
dist: 2.4871209471404865 vs. 2.4871209471404865
list:
dist: 1.8262850162061424 vs. 1.8262850162061424
list:
dist: 3.0683126970834227 vs. 3.0683126970834227
list:
dist: 4.741790674435692 vs. 4.741790674435692
list:
dist: 4.066340628412611 vs. 4.066340628412611
list:
dist: 4.65429362003501 vs. 4.65429362003501
list:
dist: 4.036432867317106 vs. 4.036432867317106
list:
dist: 3.8614771686120197 vs. 3.8614771686120197
list:
dist: 2.510978772857603 vs. 2.510978772857603
list:
dist: 3.9343432523935076 vs. 3.9343432523935076
list:
dist: 2.738250362043341 vs. 2.738250362043341
list:
dist: 4.515484642434466 vs. 4.515484642434466
list:
dist: 3.8427278318729816 vs. 3.8427278318729816
list:
dist: 1.787671871422138 vs. 1.787671871422138
list:
dist: 1.6464009683213505 vs. 1.6464009683213505
list:
dist: 2.5560391309454107 vs. 2.5560391309454107
list:
dist: 1.7188832018844578 vs. 1.7188832018844578
list:
dist: 1.8742509247927441 vs. 1.8742509247927441
list:
dist: 1.7732715595548127 vs. 1.7732715595548127
list:
dist: 1.2477796738892146 vs. 1.2477796738892146
list:
dist: 1.4638728266125225 vs. 1.4638728266125225
list:
dist: 1.443067634808987 vs. 1.443067634808987
list:
dist: 3.3416424937872984 vs. 3.3416424937872984
list:
dist: 2.562678091020676 vs. 2.562678091020676
list:
dist: 2.4837989494376913 vs. 2.4837989494376913
list:
dist: 4.740156550237902 vs. 4.740156550237902
list:
dist: 3.578085147392853 vs. 3.578085147392853
list:
dist: 1.6220823347898945 vs. 1.6220823347898945
list:
dist: 2.073701378990914 vs. 2.073701378990914
list:
dist: 0.8573198481830723 vs. 0.8573198481830723
list:
dist: 1.2464552188572315 vs. 1.2464552188572315
list:
dist: 0.5291725220563807 vs. 0.5291725220563807
list:
dist: 1.1405783398839873 vs. 1.1405783398839873
list:
dist: 1.0034246492796188 vs. 1.0034246492796188
list:
dist: 0.9010103113144522 vs. 0.9010103113144522
list:
dist: 1.4612499776313916 vs. 1.4612499776313916
list:
dist: 1.2789682916931815 vs. 1.2789682916931815
list:
dist: 1.5634102004185126 vs. 1.5634102004185126
list:
dist: 1.8805827623755025 vs. 1.8805827623755025
list:
dist: 1.5955387323789796 vs. 1.5955387323789796
list:
dist: 2.5203528571214364 vs. 2.5203528571214364
list:
dist: 4.879003255599822 vs. 4.879003255599822
list:
dist: 4.731230569772226 vs. 4.731230569772226
list:
dist: 2.366997259143543 vs. 2.366997259143543
list:
dist: 2.293518787510752 vs. 2.293518787510752
list:
dist: 1.966166594951781 vs. 1.966166594951781
list:
dist: 2.0159738725745315 vs. 2.0159738725745315
list:
dist: 4.421402819670272 vs. 4.421402819670272
list:
dist: 3.832105113431277 vs. 3.832105113431277
list:
dist: 3.121291425573267 vs. 3.121291425573267
list:
dist: 4.097217277121921 vs. 4.097217277121921
list:
dist: 3.441384613150821 vs. 3.441384613150821
list:
dist: 3.32833275674918 vs. 3.32833275674918
list:
dist: 2.267994263335039 vs. 2.267994263335039
list:
dist: 3.3441620113071995 vs. 3.3441620113071995
list:
dist: 2.349818423498121 vs. 2.349818423498121
list:
dist: 3.5254817300027965 vs. 3.5254817300027965
list:
dist: 3.119053429010042 vs. 3.119053429010042
list:
dist: 0.8291198288337351 vs. 0.8291198288337351
list:
dist: 1.0925958631563717 vs. 1.0925958631563717
list:
dist: 0.7493640566940437 vs. 0.7493640566940437
list:
dist: 1.3895972952611988 vs. 1.3895972952611988
list:
dist: 0.47165343063672577 vs. 0.47165343063672577
list:
dist: 1.0200846396124004 vs. 1.0200846396124004
list:
dist: 0.9055233011372882 vs. 0.9055233011372882
list:
dist: 1.5340475916887566 vs. 1.5340475916887566
list:
dist: 3.306344943471777 vs. 3.306344943471777
list:
dist: 3.160972643349652 vs. 3.160972643349652
list:
dist: 3.383364367965186 vs. 3.383364367965186
list:
dist: 5.073331799499005 vs. 5.073331799499005
list:
dist: 4.120349854737483 vs. 4.120349854737483
list:
dist: 2.347409804606954 vs. 2.347409804606954
list:
dist: 3.1557890289128063 vs. 3.1557890289128063
list:
dist: 1.376585333282057 vs. 1.376585333282057
list:
dist: 2.626018256496285 vs. 2.626018256496285
list:
dist: 1.6589223819365728 vs. 1.6589223819365728
list:
dist: 2.6885925583650345 vs. 2.6885925583650345
list:
dist: 1.6464009683213505 vs. 1.6464009683213505
list:
dist: 1.2843494657010797 vs. 1.2843494657010797
list:
dist: 2.4714746865417294 vs. 2.4714746865417294
list:
dist: 2.103482348163432 vs. 2.103482348163432
list:
dist: 2.705452957031544 vs. 2.705452957031544
list:
dist: 2.95375177815754 vs. 2.95375177815754
list:
dist: 2.7807440970167328 vs. 2.7807440970167328
list:
dist: 3.1643176732138754 vs. 3.1643176732138754
list:
dist: 4.086031316743984 vs. 4.086031316743984
list:
dist: 3.4881696788391414 vs. 3.4881696788391414
list:
dist: 2.810760889854836 vs. 2.810760889854836
list:
dist: 3.7271865750690196 vs. 3.7271865750690196
list:
dist: 3.1417681994701034 vs. 3.1417681994701034
list:
dist: 2.942958305837873 vs. 2.942958305837873
list:
dist: 2.000813967799798 vs. 2.000813967799798
list:
dist: 3.004530317211841 vs. 3.004530317211841
list:
dist: 1.9480347971288523 vs. 1.9480347971288523
list:
dist: 3.1944939455933845 vs. 3.1944939455933845
list:
dist: 2.6715282760955588 vs. 2.6715282760955588
list:
dist: 1.0881404653220363 vs. 1.0881404653220363
list:
dist: 0.47165343063672577 vs. 0.47165343063672577
list:
dist: 1.0728271759105927 vs. 1.0728271759105927
list:
dist: 0.4263818325406085 vs. 0.4263818325406085
list:
dist: 1.4474307304647547 vs. 1.4474307304647547
list:
dist: 1.4211421104050315 vs. 1.4211421104050315
list:
dist: 0.6990315574123857 vs. 0.6990315574123857
list:
dist: 1.9085062360685408 vs. 1.9085062360685408
list:
dist: 3.020242382481139 vs. 3.020242382481139
list:
dist: 3.1544613625794526 vs. 3.1544613625794526
list:
dist: 3.5229650639687904 vs. 3.5229650639687904
list:
dist: 5.291519899889421 vs. 5.291519899889421
list:
dist: 4.396854392895852 vs. 4.396854392895852
list:
dist: 2.231611611683068 vs. 2.231611611683068
list:
dist: 3.086294644320709 vs. 3.086294644320709
list:
dist: 1.2955581305050707 vs. 1.2955581305050707
list:
dist: 2.862524335783649 vs. 2.862524335783649
list:
dist: 1.7638768247366072 vs. 1.7638768247366072
list:
dist: 2.798063623289391 vs. 2.798063623289391
list:
dist: 1.7732715595548127 vs. 1.7732715595548127
list:
dist: 1.287353548200725 vs. 1.287353548200725
list:
dist: 2.4966805169565514 vs. 2.4966805169565514
list:
dist: 2.181248668697775 vs. 2.181248668697775
list:
dist: 2.9000228524368348 vs. 2.9000228524368348
list:
dist: 2.9465820932131224 vs. 2.9465820932131224
list:
dist: 2.874739069955308 vs. 2.874739069955308
list:
dist: 3.1631788289714042 vs. 3.1631788289714042
list:
dist: 5.428662661567606 vs. 5.428662661567606
list:
dist: 4.790656822610951 vs. 4.790656822610951
list:
dist: 4.062987771556487 vs. 4.062987771556487
list:
dist: 4.973689031320374 vs. 4.973689031320374
list:
dist: 4.277094804828488 vs. 4.277094804828488
list:
dist: 4.193626384247022 vs. 4.193626384247022
list:
dist: 2.9431822125156892 vs. 2.9431822125156892
list:
dist: 4.203915711215094 vs. 4.203915711215094
list:
dist: 3.1418535824297944 vs. 3.1418535824297944
list:
dist: 4.494004396293773 vs. 4.494004396293773
list:
dist: 4.047779943943048 vs. 4.047779943943048
list:
dist: 1.2955611955669248 vs. 1.2955611955669248
list:
dist: 1.0200846396124004 vs. 1.0200846396124004
list:
dist: 1.9902415512673706 vs. 1.9902415512673706
list:
dist: 1.617054990131504 vs. 1.617054990131504
list:
dist: 1.8535141063685976 vs. 1.8535141063685976
list:
dist: 1.4211421104050315 vs. 1.4211421104050315
list:
dist: 1.580951634875205 vs. 1.580951634875205
list:
dist: 1.0623343057147288 vs. 1.0623343057147288
list:
dist: 3.9416160415522583 vs. 3.9416160415522583
list:
dist: 3.2774623071605347 vs. 3.2774623071605347
list:
dist: 3.1478537093843553 vs. 3.1478537093843553
list:
dist: 4.903459520484947 vs. 4.903459520484947
list:
dist: 3.7466122624407165 vs. 3.7466122624407165
list:
dist: 2.5472000804885395 vs. 2.5472000804885395
list:
dist: 3.162601925935994 vs. 3.162601925935994
list:
dist: 1.4431738294285394 vs. 1.4431738294285394
list:
dist: 1.9471969081551244 vs. 1.9471969081551244
list:
dist: 1.4459638319635506 vs. 1.4459638319635506
list:
dist: 2.2456922259311534 vs. 2.2456922259311534
list:
dist: 1.2477796738892146 vs. 1.2477796738892146
list:
dist: 1.5020540425639968 vs. 1.5020540425639968
list:
dist: 2.122492003262652 vs. 2.122492003262652
list:
dist: 2.096977359830078 vs. 2.096977359830078
list:
dist: 2.127826076909392 vs. 2.127826076909392
list:
dist: 2.755298358979638 vs. 2.755298358979638
list:
dist: 2.637181546510092 vs. 2.637181546510092
list:
dist: 2.8200421340584603 vs. 2.8200421340584603
list:
dist: 5.47107449515614 vs. 5.47107449515614
list:
dist: 4.716034032074787 vs. 4.716034032074787
list:
dist: 3.955267330182131 vs. 3.955267330182131
list:
dist: 4.850119774649842 vs. 4.850119774649842
list:
dist: 4.026385292923534 vs. 4.026385292923534
list:
dist: 4.141313755754157 vs. 4.141313755754157
list:
dist: 2.7318926313750707 vs. 2.7318926313750707
list:
dist: 4.043898071212822 vs. 4.043898071212822
list:
dist: 3.219941887362728 vs. 3.219941887362728
list:
dist: 4.4358359773297344 vs. 4.4358359773297344
list:
dist: 4.2514071187045435 vs. 4.2514071187045435
list:
dist: 1.1194193922252487 vs. 1.1194193922252487
list:
dist: 1.5340475916887566 vs. 1.5340475916887566
list:
dist: 2.0789876306999737 vs. 2.0789876306999737
list:
dist: 1.8944019886985923 vs. 1.8944019886985923
list:
dist: 1.4105500307354708 vs. 1.4105500307354708
list:
dist: 1.9085062360685408 vs. 1.9085062360685408
list:
dist: 1.0623343057147288 vs. 1.0623343057147288
list:
dist: 1.7525581000240813 vs. 1.7525581000240813
list:
dist: 3.6526914369513563 vs. 3.6526914369513563
list:
dist: 2.5569290495487893 vs. 2.5569290495487893
list:
dist: 2.280875722756084 vs. 2.280875722756084
list:
dist: 3.841991528712875 vs. 3.841991528712875
list:
dist: 2.708589988995055 vs. 2.708589988995055
list:
dist: 2.267787385101288 vs. 2.267787385101288
list:
dist: 2.7680199376987673 vs. 2.7680199376987673
list:
dist: 1.970335223472338 vs. 1.970335223472338
list:
dist: 1.5669348432985324 vs. 1.5669348432985324
list:
dist: 1.2896056999363643 vs. 1.2896056999363643
list:
dist: 1.9778154348756283 vs. 1.9778154348756283
list:
dist: 1.443067634808987 vs. 1.443067634808987
list:
dist: 1.391348025829088 vs. 1.391348025829088
list:
dist: 2.2425588209944687 vs. 2.2425588209944687
list:
dist: 1.469129104917456 vs. 1.469129104917456
list:
dist: 1.701276264570106 vs. 1.701276264570106
list:
dist: 2.4861436010088105 vs. 2.4861436010088105
list:
dist: 1.903046494077383 vs. 1.903046494077383
list:
dist: 2.827337992915514 vs. 2.827337992915514
list:
dist: 3.927859030461759 vs. 3.927859030461759
list:
dist: 3.2304070132962313 vs. 3.2304070132962313
list:
dist: 2.543405378135327 vs. 2.543405378135327
list:
dist: 3.39658257650127 vs. 3.39658257650127
list:
dist: 2.786438410396414 vs. 2.786438410396414
list:
dist: 2.6086076164573773 vs. 2.6086076164573773
list:
dist: 1.579469332443483 vs. 1.579469332443483
list:
dist: 2.657038766342779 vs. 2.657038766342779
list:
dist: 1.6021628503683116 vs. 1.6021628503683116
list:
dist: 2.9556666324562406 vs. 2.9556666324562406
list:
dist: 2.4493282385455784 vs. 2.4493282385455784
list:
dist: 1.0366725323731676 vs. 1.0366725323731676
list:
dist: 0.7493640566940437 vs. 0.7493640566940437
list:
dist: 1.0855090817437918 vs. 1.0855090817437918
list:
dist: 1.1633446474683848 vs. 1.1633446474683848
list:
dist: 0.4263818325406085 vs. 0.4263818325406085
list:
dist: 1.617054990131504 vs. 1.617054990131504
list:
dist: 0.34725577578973366 vs. 0.34725577578973366
list:
dist: 1.8944019886985923 vs. 1.8944019886985923
list:
dist: 2.6033247076773636 vs. 2.6033247076773636
list:
dist: 2.7854303243693024 vs. 2.7854303243693024
list:
dist: 3.247364670185395 vs. 3.247364670185395
list:
dist: 5.049570548677647 vs. 5.049570548677647
list:
dist: 4.210270376409081 vs. 4.210270376409081
list:
dist: 1.8752794219830597 vs. 1.8752794219830597
list:
dist: 2.7525657751927377 vs. 2.7525657751927377
list:
dist: 1.2782683974564424 vs. 1.2782683974564424
list:
dist: 2.7768789864439283 vs. 2.7768789864439283
list:
dist: 1.5995197361228082 vs. 1.5995197361228082
list:
dist: 2.6336174600021383 vs. 2.6336174600021383
list:
dist: 1.7188832018844578 vs. 1.7188832018844578
list:
dist: 1.0251829379178692 vs. 1.0251829379178692
list:
dist: 2.379810541012976 vs. 2.379810541012976
list:
dist: 1.8892365546458234 vs. 1.8892365546458234
list:
dist: 2.7691498295453267 vs. 2.7691498295453267
list:
dist: 2.694585483713749 vs. 2.694585483713749
list:
dist: 2.5850131845765576 vs. 2.5850131845765576
list:
dist: 3.004741220846558 vs. 3.004741220846558
list:
dist: 4.45432943076612 vs. 4.45432943076612
list:
dist: 3.3898328212440454 vs. 3.3898328212440454
list:
dist: 4.2754471778206335 vs. 4.2754471778206335
list:
dist: 3.6525703361609807 vs. 3.6525703361609807
list:
dist: 4.214789257571152 vs. 4.214789257571152
list:
dist: 3.7172803464774256 vs. 3.7172803464774256
list:
dist: 3.389562743224623 vs. 3.389562743224623
list:
dist: 2.258911864828202 vs. 2.258911864828202
list:
dist: 3.544779007450316 vs. 3.544779007450316
list:
dist: 2.2125625570267755 vs. 2.2125625570267755
list:
dist: 4.052264491888012 vs. 4.052264491888012
list:
dist: 3.1919507004338974 vs. 3.1919507004338974
list:
dist: 2.966798018011236 vs. 2.966798018011236
list:
dist: 1.823078893295436 vs. 1.823078893295436
list:
dist: 1.376585333282057 vs. 1.376585333282057
list:
dist: 2.288512242950973 vs. 2.288512242950973
list:
dist: 1.2782683974564424 vs. 1.2782683974564424
list:
dist: 1.9470817598926191 vs. 1.9470817598926191
list:
dist: 1.2955581305050707 vs. 1.2955581305050707
list:
dist: 1.4431738294285394 vs. 1.4431738294285394
list:
dist: 1.1046420032529056 vs. 1.1046420032529056
list:
dist: 1.970335223472338 vs. 1.970335223472338
list:
dist: 3.2894539344853326 vs. 3.2894539344853326
list:
dist: 3.9854632566469177 vs. 3.9854632566469177
list:
dist: 3.1184137273553545 vs. 3.1184137273553545
list:
dist: 2.9186553699459377 vs. 2.9186553699459377
list:
dist: 3.1283914294000414 vs. 3.1283914294000414
list:
dist: 2.7506161863278464 vs. 2.7506161863278464
list:
dist: 1.7165494076187597 vs. 1.7165494076187597
list:
dist: 2.3662715239807817 vs. 2.3662715239807817
list:
dist: 2.099887990783825 vs. 2.099887990783825
list:
dist: 1.1002423816980935 vs. 1.1002423816980935
list:
dist: 1.8465069551564357 vs. 1.8465069551564357
list:
dist: 0.8573198481830723 vs. 0.8573198481830723
list:
dist: 1.0728450908573646 vs. 1.0728450908573646
list:
dist: 1.3018915148175514 vs. 1.3018915148175514
list:
dist: 1.9027309909542611 vs. 1.9027309909542611
list:
dist: 2.103321180430135 vs. 2.103321180430135
list:
dist: 1.9970716916967663 vs. 1.9970716916967663
list:
dist: 2.4468150871082086 vs. 2.4468150871082086
list:
dist: 1.9650166384824364 vs. 1.9650166384824364
list:
dist: 2.9799991793449743 vs. 2.9799991793449743
list:
dist: 3.1476572863930135 vs. 3.1476572863930135
list:
dist: 3.0023571106688283 vs. 3.0023571106688283
list:
dist: 2.5464208273787725 vs. 2.5464208273787725
list:
dist: 2.7573775373965055 vs. 2.7573775373965055
list:
dist: 4.108693917719937 vs. 4.108693917719937
list:
dist: 3.423123841725286 vs. 3.423123841725286
list:
dist: 3.9513986259105645 vs. 3.9513986259105645
list:
dist: 3.1811836746075923 vs. 3.1811836746075923
list:
dist: 3.286398474654984 vs. 3.286398474654984
list:
dist: 1.78252634822175 vs. 1.78252634822175
list:
dist: 3.202099020802566 vs. 3.202099020802566
list:
dist: 2.4480261117268696 vs. 2.4480261117268696
list:
dist: 3.918805257197214 vs. 3.918805257197214
list:
dist: 3.643939421327456 vs. 3.643939421327456
list:
dist: 1.6496813309781189 vs. 1.6496813309781189
list:
dist: 2.103482348163432 vs. 2.103482348163432
list:
dist: 2.4298697667806786 vs. 2.4298697667806786
list:
dist: 1.8892365546458234 vs. 1.8892365546458234
list:
dist: 1.1810190290683433 vs. 1.1810190290683433
list:
dist: 2.181248668697775 vs. 2.181248668697775
list:
dist: 2.096977359830078 vs. 2.096977359830078
list:
dist: 1.5770151654364633 vs. 1.5770151654364633
list:
dist: 1.469129104917456 vs. 1.469129104917456
list:
dist: 2.459979370355131 vs. 2.459979370355131
list:
dist: 1.1865766979605559 vs. 1.1865766979605559
list:
dist: 1.366154401047591 vs. 1.366154401047591
list:
dist: 3.5254390154234305 vs. 3.5254390154234305
list:
dist: 2.6224227913131926 vs. 2.6224227913131926
list:
dist: 0.9874680611597331 vs. 0.9874680611597331
list:
dist: 1.407144844896776 vs. 1.407144844896776
list:
dist: 1.9027309909542611 vs. 1.9027309909542611
list:
dist: 1.607881635536856 vs. 1.607881635536856
list:
dist: 0.9352052308383502 vs. 0.9352052308383502
list:
dist: 1.4102010492451922 vs. 1.4102010492451922
list:
dist: 1.4612499776313916 vs. 1.4612499776313916
list:
dist: 0.9542242090711426 vs. 0.9542242090711426
list:
dist: 1.7981847430669111 vs. 1.7981847430669111
list:
dist: 1.442772633973597 vs. 1.442772633973597
list:
dist: 1.4430648143910128 vs. 1.4430648143910128
list:
dist: 0.7010729017908174 vs. 0.7010729017908174
list:
dist: 2.15518310029811 vs. 2.15518310029811
list:
dist: 1.4388334455941278 vs. 1.4388334455941278
list:
dist: 4.0942201975634465 vs. 4.0942201975634465
list:
dist: 3.4975322968752547 vs. 3.4975322968752547
list:
dist: 2.0622129275874217 vs. 2.0622129275874217
list:
dist: 2.3171750421814123 vs. 2.3171750421814123
list:
dist: 2.0881990840271696 vs. 2.0881990840271696
list:
dist: 2.5165695395834944 vs. 2.5165695395834944
list:
dist: 4.1220223878081095 vs. 4.1220223878081095
list:
dist: 3.3461104056602595 vs. 3.3461104056602595
list:
dist: 2.659047757718127 vs. 2.659047757718127
list:
dist: 3.4175152188909093 vs. 3.4175152188909093
list:
dist: 2.789458122364436 vs. 2.789458122364436
list:
dist: 2.623772653874075 vs. 2.623772653874075
list:
dist: 1.4404536038534124 vs. 1.4404536038534124
list:
dist: 2.6703813776211236 vs. 2.6703813776211236
list:
dist: 1.5707556379403917 vs. 1.5707556379403917
list:
dist: 3.0932611693893617 vs. 3.0932611693893617
list:
dist: 2.559066068417204 vs. 2.559066068417204
list:
dist: 1.0485324536750162 vs. 1.0485324536750162
list:
dist: 0.9055233011372882 vs. 0.9055233011372882
list:
dist: 1.3345099566039298 vs. 1.3345099566039298
list:
dist: 0.34725577578973366 vs. 0.34725577578973366
list:
dist: 1.030807662531165 vs. 1.030807662531165
list:
dist: 0.6990315574123857 vs. 0.6990315574123857
list:
dist: 1.580951634875205 vs. 1.580951634875205
list:
dist: 1.7525581000240813 vs. 1.7525581000240813
list:
dist: 2.454312696730918 vs. 2.454312696730918
list:
dist: 2.490742867241432 vs. 2.490742867241432
list:
dist: 2.9419725853536387 vs. 2.9419725853536387
list:
dist: 4.8468114907804045 vs. 4.8468114907804045
list:
dist: 3.984906334482867 vs. 3.984906334482867
list:
dist: 1.5435120927017605 vs. 1.5435120927017605
list:
dist: 2.412486785370333 vs. 2.412486785370333
list:
dist: 1.1046420032529056 vs. 1.1046420032529056
list:
dist: 2.4991867892943795 vs. 2.4991867892943795
list:
dist: 1.2915015885273575 vs. 1.2915015885273575
list:
dist: 2.3119833696450156 vs. 2.3119833696450156
list:
dist: 1.4638728266125225 vs. 1.4638728266125225
list:
dist: 0.6958963145912284 vs. 0.6958963145912284
list:
dist: 2.0884421323010094 vs. 2.0884421323010094
list:
dist: 1.5770151654364633 vs. 1.5770151654364633
list:
dist: 2.4680251329849723 vs. 2.4680251329849723
list:
dist: 2.3517274880289354 vs. 2.3517274880289354
list:
dist: 2.265136487928757 vs. 2.265136487928757
list:
dist: 2.6951100562906847 vs. 2.6951100562906847
list:
dist: 4.404970839673678 vs. 4.404970839673678
list:
dist: 4.397817142704199 vs. 4.397817142704199
list:
dist: 4.168250640661909 vs. 4.168250640661909
list:
dist: 4.0569469959332 vs. 4.0569469959332
list:
dist: 3.4805816908776186 vs. 3.4805816908776186
list:
dist: 3.7003196417990636 vs. 3.7003196417990636
list:
dist: 2.956361920711852 vs. 2.956361920711852
list:
dist: 3.2177500319288077 vs. 3.2177500319288077
list:
dist: 1.920797200321466 vs. 1.920797200321466
list:
dist: 3.0589738521529375 vs. 3.0589738521529375
list:
dist: 2.726064124413295 vs. 2.726064124413295
list:
dist: 3.9538340074985374 vs. 3.9538340074985374
list:
dist: 3.8639029384945234 vs. 3.8639029384945234
list:
dist: 2.623317195008323 vs. 2.623317195008323
list:
dist: 3.160972643349652 vs. 3.160972643349652
list:
dist: 3.217516150843555 vs. 3.217516150843555
list:
dist: 2.7854303243693024 vs. 2.7854303243693024
list:
dist: 1.956213379948126 vs. 1.956213379948126
list:
dist: 3.1544613625794526 vs. 3.1544613625794526
list:
dist: 3.2774623071605347 vs. 3.2774623071605347
list:
dist: 2.490742867241432 vs. 2.490742867241432
list:
dist: 2.5569290495487893 vs. 2.5569290495487893
list:
dist: 2.0765212310446746 vs. 2.0765212310446746
list:
dist: 1.1606491139821622 vs. 1.1606491139821622
list:
dist: 3.074076742430953 vs. 3.074076742430953
list:
dist: 2.580900133773345 vs. 2.580900133773345
list:
dist: 1.3578715858116452 vs. 1.3578715858116452
list:
dist: 1.2747595146024413 vs. 1.2747595146024413
list:
dist: 2.9186553699459377 vs. 2.9186553699459377
list:
dist: 2.480233033099768 vs. 2.480233033099768
list:
dist: 2.0518306614954396 vs. 2.0518306614954396
list:
dist: 2.135908860247917 vs. 2.135908860247917
list:
dist: 2.562678091020676 vs. 2.562678091020676
list:
dist: 2.0012734709952373 vs. 2.0012734709952373
list:
dist: 2.6172041259011958 vs. 2.6172041259011958
list:
dist: 1.1865766979605559 vs. 1.1865766979605559
list:
dist: 2.226128044616146 vs. 2.226128044616146
list:
dist: 1.8083337244235276 vs. 1.8083337244235276
list:
dist: 0.9177441213217832 vs. 0.9177441213217832
list:
dist: 2.69736926668499 vs. 2.69736926668499
list:
dist: 4.738981621930838 vs. 4.738981621930838
list:
dist: 4.716008383099859 vs. 4.716008383099859
list:
dist: 0.7979596761967843 vs. 0.7979596761967843
list:
dist: 3.798505505644223 vs. 3.798505505644223
list:
dist: 2.9081680146194047 vs. 2.9081680146194047
list:
dist: 2.2922420766989635 vs. 2.2922420766989635
list:
dist: 2.608655883835663 vs. 2.608655883835663
list:
dist: 2.4166678314530152 vs. 2.4166678314530152
list:
dist: 3.797081633104255 vs. 3.797081633104255
list:
dist: 3.103807584536605 vs. 3.103807584536605
list:
dist: 3.74803371580716 vs. 3.74803371580716
list:
dist: 3.0659299679391108 vs. 3.0659299679391108
list:
dist: 2.9802572885088225 vs. 2.9802572885088225
list:
dist: 1.5758463559552636 vs. 1.5758463559552636
list:
dist: 2.9926899844967068 vs. 2.9926899844967068
list:
dist: 1.9436498872702925 vs. 1.9436498872702925
list:
dist: 3.5704349582249155 vs. 3.5704349582249155
list:
dist: 3.0786409169175233 vs. 3.0786409169175233
list:
dist: 1.162640427070151 vs. 1.162640427070151
list:
dist: 1.2843494657010797 vs. 1.2843494657010797
list:
dist: 1.8276077354302844 vs. 1.8276077354302844
list:
dist: 1.0251829379178692 vs. 1.0251829379178692
list:
dist: 0.9745322521790166 vs. 0.9745322521790166
list:
dist: 1.287353548200725 vs. 1.287353548200725
list:
dist: 1.5020540425639968 vs. 1.5020540425639968
list:
dist: 0.6958963145912284 vs. 0.6958963145912284
list:
dist: 1.391348025829088 vs. 1.391348025829088
list:
dist: 2.4953629248300135 vs. 2.4953629248300135
list:
dist: 2.0012734709952373 vs. 2.0012734709952373
list:
dist: 2.3032638508760477 vs. 2.3032638508760477
list:
dist: 4.376226506318697 vs. 4.376226506318697
list:
dist: 3.433819453069757 vs. 3.433819453069757
list:
dist: 1.1031705835495773 vs. 1.1031705835495773
list:
dist: 1.8762056507250562 vs. 1.8762056507250562
list:
dist: 1.0728450908573646 vs. 1.0728450908573646
list:
dist: 1.8644442841275128 vs. 1.8644442841275128
list:
dist: 0.6538398078265757 vs. 0.6538398078265757
list:
dist: 1.6606939404477856 vs. 1.6606939404477856
list:
dist: 1.0034246492796188 vs. 1.0034246492796188
list:
dist: 1.5997255463225983 vs. 1.5997255463225983
list:
dist: 0.9542242090711426 vs. 0.9542242090711426
list:
dist: 1.800928933204119 vs. 1.800928933204119
list:
dist: 1.7507299271036592 vs. 1.7507299271036592
list:
dist: 1.6197598307797254 vs. 1.6197598307797254
list:
dist: 2.176232290052017 vs. 2.176232290052017
list:
dist: 2.2540617750623535 vs. 2.2540617750623535
list:
dist: 4.970696484091428 vs. 4.970696484091428
list:
dist: 4.406465035932312 vs. 4.406465035932312
list:
dist: 2.727556570938 vs. 2.727556570938
list:
dist: 2.809993301328973 vs. 2.809993301328973
list:
dist: 2.448619199084354 vs. 2.448619199084354
list:
dist: 2.7816361899255817 vs. 2.7816361899255817
list:
dist: 5.1163030579564825 vs. 5.1163030579564825
list:
dist: 4.507857134025444 vs. 4.507857134025444
list:
dist: 4.8498674334374865 vs. 4.8498674334374865
list:
dist: 4.337195656157188 vs. 4.337195656157188
list:
dist: 4.076057486100054 vs. 4.076057486100054
list:
dist: 2.7948958951200864 vs. 2.7948958951200864
list:
dist: 4.208115295402343 vs. 4.208115295402343
list:
dist: 2.967065463235793 vs. 2.967065463235793
list:
dist: 4.94155760882953 vs. 4.94155760882953
list:
dist: 4.100976259535002 vs. 4.100976259535002
list:
dist: 2.614261166282428 vs. 2.614261166282428
list:
dist: 2.4714746865417294 vs. 2.4714746865417294
list:
dist: 3.333807154522907 vs. 3.333807154522907
list:
dist: 2.379810541012976 vs. 2.379810541012976
list:
dist: 2.5353268412701917 vs. 2.5353268412701917
list:
dist: 2.4966805169565514 vs. 2.4966805169565514
list:
dist: 2.122492003262652 vs. 2.122492003262652
list:
dist: 2.0884421323010094 vs. 2.0884421323010094
list:
dist: 2.2425588209944687 vs. 2.2425588209944687
list:
dist: 3.412378751950284 vs. 3.412378751950284
list:
dist: 2.6172041259011958 vs. 2.6172041259011958
list:
dist: 2.534118243572294 vs. 2.534118243572294
list:
dist: 5.0196772555136775 vs. 5.0196772555136775
list:
dist: 3.8725512287846975 vs. 3.8725512287846975
list:
dist: 1.6103755800528174 vs. 1.6103755800528174
list:
dist: 1.7203626445107605 vs. 1.7203626445107605
list:
dist: 1.3018915148175514 vs. 1.3018915148175514
list:
dist: 1.371523663107504 vs. 1.371523663107504
list:
dist: 1.0969161391929312 vs. 1.0969161391929312
list:
dist: 0.8267771366892637 vs. 0.8267771366892637
list:
dist: 0.9010103113144522 vs. 0.9010103113144522
list:
dist: 1.5997255463225983 vs. 1.5997255463225983
list:
dist: 1.7981847430669111 vs. 1.7981847430669111
list:
dist: 1.271053047321391 vs. 1.271053047321391
list:
dist: 1.0391730358180977 vs. 1.0391730358180977
list:
dist: 1.970762773348007 vs. 1.970762773348007
list:
dist: 0.715886985067464 vs. 0.715886985067464
list:
dist: 2.3285287501916927 vs. 2.3285287501916927
list:
dist: 4.844904222640122 vs. 4.844904222640122
list:
dist: 4.898171028030248 vs. 4.898171028030248
list:
dist: 2.124872175404573 vs. 2.124872175404573
list:
dist: 1.7952342958957053 vs. 1.7952342958957053
list:
dist: 1.2997587099560595 vs. 1.2997587099560595
list:
dist: 1.6147938788897955 vs. 1.6147938788897955
list:
dist: 5.472449326499608 vs. 5.472449326499608
list:
dist: 4.789404095730945 vs. 4.789404095730945
list:
dist: 5.277641060948903 vs. 5.277641060948903
list:
dist: 4.579168274902845 vs. 4.579168274902845
list:
dist: 4.564930170487048 vs. 4.564930170487048
list:
dist: 3.0949912959854644 vs. 3.0949912959854644
list:
dist: 4.557610379997093 vs. 4.557610379997093
list:
dist: 3.572902143618105 vs. 3.572902143618105
list:
dist: 5.2746305436427425 vs. 5.2746305436427425
list:
dist: 4.777808712062876 vs. 4.777808712062876
list:
dist: 2.5064150331954314 vs. 2.5064150331954314
list:
dist: 2.705452957031544 vs. 2.705452957031544
list:
dist: 3.4314325317207044 vs. 3.4314325317207044
list:
dist: 2.7691498295453267 vs. 2.7691498295453267
list:
dist: 2.3997737686827145 vs. 2.3997737686827145
list:
dist: 2.9000228524368348 vs. 2.9000228524368348
list:
dist: 2.127826076909392 vs. 2.127826076909392
list:
dist: 2.4680251329849723 vs. 2.4680251329849723
list:
dist: 1.701276264570106 vs. 1.701276264570106
list:
dist: 3.7261138033883143 vs. 3.7261138033883143
list:
dist: 2.226128044616146 vs. 2.226128044616146
list:
dist: 1.6250939540079499 vs. 1.6250939540079499
list:
dist: 3.9413108171635693 vs. 3.9413108171635693
list:
dist: 2.6895171576910135 vs. 2.6895171576910135
list:
dist: 1.9083682222465526 vs. 1.9083682222465526
list:
dist: 1.83857809263223 vs. 1.83857809263223
list:
dist: 2.103321180430135 vs. 2.103321180430135
list:
dist: 0.3240138013832942 vs. 0.3240138013832942
list:
dist: 1.1847120558738897 vs. 1.1847120558738897
list:
dist: 0.5507175057266426 vs. 0.5507175057266426
list:
dist: 1.2789682916931815 vs. 1.2789682916931815
list:
dist: 1.800928933204119 vs. 1.800928933204119
list:
dist: 1.271053047321391 vs. 1.271053047321391
list:
dist: 1.442772633973597 vs. 1.442772633973597
list:
dist: 1.2691495813012297 vs. 1.2691495813012297
list:
dist: 1.3284636468276358 vs. 1.3284636468276358
list:
dist: 1.4873995407741325 vs. 1.4873995407741325
list:
dist: 1.9166288468193542 vs. 1.9166288468193542
list:
dist: 3.6722398615675744 vs. 3.6722398615675744
list:
dist: 3.841004408751161 vs. 3.841004408751161
list:
dist: 1.1137932609485808 vs. 1.1137932609485808
list:
dist: 1.213603806047194 vs. 1.213603806047194
list:
dist: 1.2305830035357748 vs. 1.2305830035357748
list:
dist: 1.1142249796274897 vs. 1.1142249796274897
list:
dist: 4.588311714960455 vs. 4.588311714960455
list:
dist: 3.9375191633733118 vs. 3.9375191633733118
list:
dist: 4.329879012913771 vs. 4.329879012913771
list:
dist: 3.572407915793286 vs. 3.572407915793286
list:
dist: 3.728034401171106 vs. 3.728034401171106
list:
dist: 2.2679051219452653 vs. 2.2679051219452653
list:
dist: 3.6255245640954143 vs. 3.6255245640954143
list:
dist: 2.976984773558715 vs. 2.976984773558715
list:
dist: 4.431071980952072 vs. 4.431071980952072
list:
dist: 4.187895159794758 vs. 4.187895159794758
list:
dist: 2.3031608693156924 vs. 2.3031608693156924
list:
dist: 2.7807440970167328 vs. 2.7807440970167328
list:
dist: 3.1052939516617513 vs. 3.1052939516617513
list:
dist: 2.5850131845765576 vs. 2.5850131845765576
list:
dist: 1.8262850162061424 vs. 1.8262850162061424
list:
dist: 2.874739069955308 vs. 2.874739069955308
list:
dist: 2.637181546510092 vs. 2.637181546510092
list:
dist: 2.265136487928757 vs. 2.265136487928757
list:
dist: 1.903046494077383 vs. 1.903046494077383
list:
dist: 2.720137622883847 vs. 2.720137622883847
list:
dist: 0.9177441213217832 vs. 0.9177441213217832
list:
dist: 0.7213209547460833 vs. 0.7213209547460833
list:
dist: 3.1463859153081923 vs. 3.1463859153081923
list:
dist: 2.246542733282411 vs. 2.246542733282411
list:
dist: 1.2906777796416036 vs. 1.2906777796416036
list:
dist: 1.2131400627689064 vs. 1.2131400627689064
list:
dist: 2.4468150871082086 vs. 2.4468150871082086
list:
dist: 1.572224365656945 vs. 1.572224365656945
list:
dist: 1.4112259024683547 vs. 1.4112259024683547
list:
dist: 1.3453034931446948 vs. 1.3453034931446948
list:
dist: 1.8805827623755025 vs. 1.8805827623755025
list:
dist: 1.6197598307797254 vs. 1.6197598307797254
list:
dist: 1.970762773348007 vs. 1.970762773348007
list:
dist: 0.7010729017908174 vs. 0.7010729017908174
list:
dist: 1.3284636468276358 vs. 1.3284636468276358
list:
dist: 1.3124485773543904 vs. 1.3124485773543904
list:
dist: 2.1162028686312855 vs. 2.1162028686312855
list:
dist: 0.8898646359109607 vs. 0.8898646359109607
list:
dist: 3.4906950836242445 vs. 3.4906950836242445
list:
dist: 3.0190411299467432 vs. 3.0190411299467432
list:
dist: 1.5447840449643375 vs. 1.5447840449643375
list:
dist: 1.8966908213865075 vs. 1.8966908213865075
list:
dist: 1.7871959580732928 vs. 1.7871959580732928
list:
dist: 2.29177287021743 vs. 2.29177287021743
list:
dist: 4.429673743238153 vs. 4.429673743238153
list:
dist: 3.74448949071826 vs. 3.74448949071826
list:
dist: 4.318374721294472 vs. 4.318374721294472
list:
dist: 3.6488806335312454 vs. 3.6488806335312454
list:
dist: 3.555590065113958 vs. 3.555590065113958
list:
dist: 2.1273379755991875 vs. 2.1273379755991875
list:
dist: 3.5814119482288436 vs. 3.5814119482288436
list:
dist: 2.4981570650864304 vs. 2.4981570650864304
list:
dist: 4.213386929870551 vs. 4.213386929870551
list:
dist: 3.661367451463452 vs. 3.661367451463452
list:
dist: 1.5746130692219014 vs. 1.5746130692219014
list:
dist: 1.6589223819365728 vs. 1.6589223819365728
list:
dist: 2.383505187789782 vs. 2.383505187789782
list:
dist: 1.5995197361228082 vs. 1.5995197361228082
list:
dist: 1.4812258647826018 vs. 1.4812258647826018
list:
dist: 1.7638768247366072 vs. 1.7638768247366072
list:
dist: 1.4459638319635506 vs. 1.4459638319635506
list:
dist: 1.2915015885273575 vs. 1.2915015885273575
list:
dist: 1.2896056999363643 vs. 1.2896056999363643
list:
dist: 2.938472193404336 vs. 2.938472193404336
list:
dist: 2.0518306614954396 vs. 2.0518306614954396
list:
dist: 2.05511372733657 vs. 2.05511372733657
list:
dist: 4.306971025070497 vs. 4.306971025070497
list:
dist: 3.2209237128101655 vs. 3.2209237128101655
list:
dist: 1.2165453237489563 vs. 1.2165453237489563
list:
dist: 1.7192304627591009 vs. 1.7192304627591009
list:
dist: 1.1002423816980935 vs. 1.1002423816980935
list:
dist: 1.2422366449745414 vs. 1.2422366449745414
list:
dist: 1.0577810960262446 vs. 1.0577810960262446
list:
dist: 0.5291725220563807 vs. 0.5291725220563807
list:
dist: 0.6538398078265757 vs. 0.6538398078265757
list:
dist: 1.0969161391929312 vs. 1.0969161391929312
list:
dist: 0.9352052308383502 vs. 0.9352052308383502
list:
dist: 1.1847120558738897 vs. 1.1847120558738897
list:
dist: 1.356365943490969 vs. 1.356365943490969
list:
dist: 1.4112259024683547 vs. 1.4112259024683547
list:
dist: 1.6850948704072513 vs. 1.6850948704072513
list:
dist: 2.0857630820698514 vs. 2.0857630820698514
list:
dist: 4.594792682703033 vs. 4.594792682703033
list:
dist: 4.293057959987953 vs. 4.293057959987953
list:
dist: 2.1881627199729365 vs. 2.1881627199729365
list:
dist: 2.2256862192542983 vs. 2.2256862192542983
list:
dist: 1.9073402293353958 vs. 1.9073402293353958
list:
dist: 2.1324923339576722 vs. 2.1324923339576722
list:
dist: 4.159260724100662 vs. 4.159260724100662
list:
dist: 2.9022263190779105 vs. 2.9022263190779105
list:
dist: 3.7791106511828234 vs. 3.7791106511828234
list:
dist: 3.1963462957042874 vs. 3.1963462957042874
list:
dist: 3.4322770015111557 vs. 3.4322770015111557
list:
dist: 2.850932163500406 vs. 2.850932163500406
list:
dist: 2.736611980459918 vs. 2.736611980459918
list:
dist: 1.3696741328024709 vs. 1.3696741328024709
list:
dist: 2.7785127037760047 vs. 2.7785127037760047
list:
dist: 1.8433342797995589 vs. 1.8433342797995589
list:
dist: 3.648035012085444 vs. 3.648035012085444
list:
dist: 3.0735220328879556 vs. 3.0735220328879556
list:
dist: 2.938873005720112 vs. 2.938873005720112
list:
dist: 2.1560446778061984 vs. 2.1560446778061984
list:
dist: 2.347409804606954 vs. 2.347409804606954
list:
dist: 2.6920755651791506 vs. 2.6920755651791506
list:
dist: 1.8752794219830597 vs. 1.8752794219830597
list:
dist: 1.6456392181402562 vs. 1.6456392181402562
list:
dist: 2.231611611683068 vs. 2.231611611683068
list:
dist: 2.5472000804885395 vs. 2.5472000804885395
list:
dist: 1.5435120927017605 vs. 1.5435120927017605
list:
dist: 2.267787385101288 vs. 2.267787385101288
list:
dist: 2.4204309776359674 vs. 2.4204309776359674
list:
dist: 2.988628600586574 vs. 2.988628600586574
list:
dist: 1.8687368492152685 vs. 1.8687368492152685
list:
dist: 1.3578715858116452 vs. 1.3578715858116452
list:
dist: 1.979471877489129 vs. 1.979471877489129
list:
dist: 2.2213236416030218 vs. 2.2213236416030218
list:
dist: 0.8966594685486321 vs. 0.8966594685486321
list:
dist: 1.7165494076187597 vs. 1.7165494076187597
list:
dist: 2.1328904403541213 vs. 2.1328904403541213
list:
dist: 1.2165453237489563 vs. 1.2165453237489563
list:
dist: 1.5692765166967904 vs. 1.5692765166967904
list:
dist: 1.6220823347898945 vs. 1.6220823347898945
list:
dist: 1.1031705835495773 vs. 1.1031705835495773
list:
dist: 1.6103755800528174 vs. 1.6103755800528174
list:
dist: 0.9874680611597331 vs. 0.9874680611597331
list:
dist: 1.9083682222465526 vs. 1.9083682222465526
list:
dist: 1.1493337287877947 vs. 1.1493337287877947
list:
dist: 1.2906777796416036 vs. 1.2906777796416036
list:
dist: 1.8417769321103998 vs. 1.8417769321103998
list:
dist: 1.4701095842144138 vs. 1.4701095842144138
list:
dist: 2.485601731925035 vs. 2.485601731925035
list:
dist: 2.484473323509465 vs. 2.484473323509465
list:
dist: 2.00908395745025 vs. 2.00908395745025
list:
dist: 2.7622083871354466 vs. 2.7622083871354466
list:
dist: 2.566639678579611 vs. 2.566639678579611
list:
dist: 0.7979596761967843 vs. 0.7979596761967843
list:
dist: 1.0061520096562977 vs. 1.0061520096562977
list:
dist: 3.3086652376388255 vs. 3.3086652376388255
list:
dist: 2.6623135244404756 vs. 2.6623135244404756
list:
dist: 1.4701095842144138 vs. 1.4701095842144138
list:
dist: 0.8923851355719927 vs. 0.8923851355719927
list:
dist: 2.9799991793449743 vs. 2.9799991793449743
list:
dist: 2.2202237009480186 vs. 2.2202237009480186
list:
dist: 2.0857630820698514 vs. 2.0857630820698514
list:
dist: 1.7691785321606468 vs. 1.7691785321606468
list:
dist: 2.5203528571214364 vs. 2.5203528571214364
list:
dist: 2.2540617750623535 vs. 2.2540617750623535
list:
dist: 2.3285287501916927 vs. 2.3285287501916927
list:
dist: 1.4388334455941278 vs. 1.4388334455941278
list:
dist: 1.9166288468193542 vs. 1.9166288468193542
list:
dist: 1.3588907847055838 vs. 1.3588907847055838
list:
dist: 0.8898646359109607 vs. 0.8898646359109607
list:
dist: 2.218339351913644 vs. 2.218339351913644
list:
dist: 4.823746736403482 vs. 4.823746736403482
list:
dist: 4.822876194093834 vs. 4.822876194093834
list:
dist: 3.4955026589708216 vs. 3.4955026589708216
list:
dist: 3.028373404205551 vs. 3.028373404205551
list:
dist: 1.736272192545939 vs. 1.736272192545939
list:
dist: 1.957611591494063 vs. 1.957611591494063
list:
dist: 1.7864260288860399 vs. 1.7864260288860399
list:
dist: 4.790201871388531 vs. 4.790201871388531
list:
dist: 4.8814051789294775 vs. 4.8814051789294775
list:
dist: 4.412995580691149 vs. 4.412995580691149
list:
dist: 5.599692665456637 vs. 5.599692665456637
list:
dist: 4.900004963484351 vs. 4.900004963484351
list:
dist: 5.456465863165741 vs. 5.456465863165741
list:
dist: 4.743605924770821 vs. 4.743605924770821
list:
dist: 4.728967800735152 vs. 4.728967800735152
list:
dist: 3.2565613764209305 vs. 3.2565613764209305
list:
dist: 4.720095301066499 vs. 4.720095301066499
list:
dist: 3.711986710665378 vs. 3.711986710665378
list:
dist: 5.384981087812444 vs. 5.384981087812444
list:
dist: 4.895996253318438 vs. 4.895996253318438
list:
dist: 2.4578767798394305 vs. 2.4578767798394305
list:
dist: 2.626018256496285 vs. 2.626018256496285
list:
dist: 3.398876999675273 vs. 3.398876999675273
list:
dist: 2.7768789864439283 vs. 2.7768789864439283
list:
dist: 2.4463465904218773 vs. 2.4463465904218773
list:
dist: 2.862524335783649 vs. 2.862524335783649
list:
dist: 1.9471969081551244 vs. 1.9471969081551244
list:
dist: 2.4991867892943795 vs. 2.4991867892943795
list:
dist: 1.5669348432985324 vs. 1.5669348432985324
list:
dist: 3.947754723267047 vs. 3.947754723267047
list:
dist: 2.480233033099768 vs. 2.480233033099768
list:
dist: 1.8466419786227137 vs. 1.8466419786227137
list:
dist: 4.033651567355706 vs. 4.033651567355706
list:
dist: 2.730038952449818 vs. 2.730038952449818
list:
dist: 2.1328904403541213 vs. 2.1328904403541213
list:
dist: 2.141790387016454 vs. 2.141790387016454
list:
dist: 2.099887990783825 vs. 2.099887990783825
list:
dist: 1.2422366449745414 vs. 1.2422366449745414
list:
dist: 0.7956415054007013 vs. 0.7956415054007013
list:
dist: 1.2464552188572315 vs. 1.2464552188572315
list:
dist: 1.8644442841275128 vs. 1.8644442841275128
list:
dist: 1.371523663107504 vs. 1.371523663107504
list:
dist: 1.607881635536856 vs. 1.607881635536856
list:
dist: 0.3240138013832942 vs. 0.3240138013832942
list:
dist: 1.5565721107601602 vs. 1.5565721107601602
list:
dist: 1.572224365656945 vs. 1.572224365656945
list:
dist: 1.6688146477028172 vs. 1.6688146477028172
list:
dist: 2.2202237009480186 vs. 2.2202237009480186
list:
dist: 3.75703341134176 vs. 3.75703341134176
list:
dist: 3.9722423561584654 vs. 3.9722423561584654
list:
dist: 1.3049750535682358 vs. 1.3049750535682358
list:
dist: 1.4167201076482345 vs. 1.4167201076482345
list:
dist: 1.4841979408842816 vs. 1.4841979408842816
list:
dist: 1.1234927352779198 vs. 1.1234927352779198
list:
dist: 5.259707822922916 vs. 5.259707822922916
list:
dist: 4.614504157737405 vs. 4.614504157737405
list:
dist: 4.992004973365564 vs. 4.992004973365564
list:
dist: 4.367845826809381 vs. 4.367845826809381
list:
dist: 4.269086762411868 vs. 4.269086762411868
list:
dist: 2.853862210188596 vs. 2.853862210188596
list:
dist: 4.310862803002059 vs. 4.310862803002059
list:
dist: 3.2554500948185936 vs. 3.2554500948185936
list:
dist: 5.084187869218189 vs. 5.084187869218189
list:
dist: 4.4626058516530565 vs. 4.4626058516530565
list:
dist: 2.580167129709472 vs. 2.580167129709472
list:
dist: 2.6885925583650345 vs. 2.6885925583650345
list:
dist: 3.431512013755427 vs. 3.431512013755427
list:
dist: 2.6336174600021383 vs. 2.6336174600021383
list:
dist: 2.4072875368112614 vs. 2.4072875368112614
list:
dist: 2.798063623289391 vs. 2.798063623289391
list:
dist: 2.2456922259311534 vs. 2.2456922259311534
list:
dist: 2.3119833696450156 vs. 2.3119833696450156
list:
dist: 1.9778154348756283 vs. 1.9778154348756283
list:
dist: 3.42725054233641 vs. 3.42725054233641
list:
dist: 2.135908860247917 vs. 2.135908860247917
list:
dist: 1.786343141309176 vs. 1.786343141309176
list:
dist: 4.2650131771504105 vs. 4.2650131771504105
list:
dist: 3.10012687097334 vs. 3.10012687097334
list:
dist: 1.5692765166967904 vs. 1.5692765166967904
list:
dist: 1.4590481518882044 vs. 1.4590481518882044
list:
dist: 1.8465069551564357 vs. 1.8465069551564357
list:
dist: 0.7956415054007013 vs. 0.7956415054007013
list:
dist: 1.0577810960262446 vs. 1.0577810960262446
list:
dist: 1.1405783398839873 vs. 1.1405783398839873
list:
dist: 1.6606939404477856 vs. 1.6606939404477856
list:
dist: 0.8267771366892637 vs. 0.8267771366892637
list:
dist: 1.4102010492451922 vs. 1.4102010492451922
list:
dist: 0.5507175057266426 vs. 0.5507175057266426
list:
dist: 0.782449628539112 vs. 0.782449628539112
list:
dist: 1.3453034931446948 vs. 1.3453034931446948
list:
dist: 0.9840416949183153 vs. 0.9840416949183153
list:
dist: 1.7691785321606468 vs. 1.7691785321606468
list:
dist: 4.023019311872679 vs. 4.023019311872679
list:
dist: 4.123364529250887 vs. 4.123364529250887
list:
dist: 1.335845386642312 vs. 1.335845386642312
list:
dist: 1.1873067280185434 vs. 1.1873067280185434
list:
dist: 0.8970222570210289 vs. 0.8970222570210289
list:
dist: 1.2066119931405894 vs. 1.2066119931405894
list:
dist: 5.492793335385096 vs. 5.492793335385096
list:
dist: 4.928532477661567 vs. 4.928532477661567
list:
dist: 5.102799272400337 vs. 5.102799272400337
list:
dist: 4.644716870744949 vs. 4.644716870744949
list:
dist: 4.372724482065041 vs. 4.372724482065041
list:
dist: 3.14469917358267 vs. 3.14469917358267
list:
dist: 4.5186048600314805 vs. 4.5186048600314805
list:
dist: 3.335080411019837 vs. 3.335080411019837
list:
dist: 5.355616863291721 vs. 5.355616863291721
list:
dist: 4.476070683087989 vs. 4.476070683087989
list:
dist: 3.248130331537933 vs. 3.248130331537933
list:
dist: 3.1643176732138754 vs. 3.1643176732138754
list:
dist: 3.9706961096717857 vs. 3.9706961096717857
list:
dist: 3.004741220846558 vs. 3.004741220846558
list:
dist: 3.0683126970834227 vs. 3.0683126970834227
list:
dist: 3.1631788289714042 vs. 3.1631788289714042
list:
dist: 2.8200421340584603 vs. 2.8200421340584603
list:
dist: 2.6951100562906847 vs. 2.6951100562906847
list:
dist: 2.827337992915514 vs. 2.827337992915514
list:
dist: 3.5770750381968264 vs. 3.5770750381968264
list:
dist: 2.69736926668499 vs. 2.69736926668499
list:
dist: 2.574125976110726 vs. 2.574125976110726
list:
dist: 5.125151635203854 vs. 5.125151635203854
list:
dist: 4.020274588535277 vs. 4.020274588535277
list:
dist: 1.8417769321103998 vs. 1.8417769321103998
list:
dist: 1.595649539726996 vs. 1.595649539726996
list:
dist: 1.9650166384824364 vs. 1.9650166384824364
list:
dist: 1.6688146477028172 vs. 1.6688146477028172
list:
dist: 1.6850948704072513 vs. 1.6850948704072513
list:
dist: 0.9840416949183153 vs. 0.9840416949183153
list:
dist: 1.5955387323789796 vs. 1.5955387323789796
list:
dist: 2.176232290052017 vs. 2.176232290052017
list:
dist: 0.715886985067464 vs. 0.715886985067464
list:
dist: 2.15518310029811 vs. 2.15518310029811
list:
dist: 1.4873995407741325 vs. 1.4873995407741325
list:
dist: 0.8920609512746389 vs. 0.8920609512746389
list:
dist: 2.1162028686312855 vs. 2.1162028686312855
list:
dist: 2.218339351913644 vs. 2.218339351913644
list:
dist: 4.707863402562903 vs. 4.707863402562903
list:
dist: 4.917462848371508 vs. 4.917462848371508
list:
dist: 1.9691775306714216 vs. 1.9691775306714216
list:
dist: 1.4502633829027338 vs. 1.4502633829027338
list:
dist: 0.8330910516472455 vs. 0.8330910516472455
list:
dist: 1.4732041189130505 vs. 1.4732041189130505
list:
dist: 5.471069130758377 vs. 5.471069130758377
list:
dist: 5.450784410449645 vs. 5.450784410449645
list:
dist: 5.17985914562746 vs. 5.17985914562746
list:
dist: 5.088801642311964 vs. 5.088801642311964
list:
dist: 4.446784919912765 vs. 4.446784919912765
list:
dist: 4.82212849498327 vs. 4.82212849498327
list:
dist: 4.032457646170978 vs. 4.032457646170978
list:
dist: 4.289417051108086 vs. 4.289417051108086
list:
dist: 2.8718719872875487 vs. 2.8718719872875487
list:
dist: 4.136209813629512 vs. 4.136209813629512
list:
dist: 3.6368734711486286 vs. 3.6368734711486286
list:
dist: 4.941481053492129 vs. 4.941481053492129
list:
dist: 4.828446384710417 vs. 4.828446384710417
list:
dist: 2.8255339777221002 vs. 2.8255339777221002
list:
dist: 3.383364367965186 vs. 3.383364367965186
list:
dist: 3.64968177654158 vs. 3.64968177654158
list:
dist: 3.247364670185395 vs. 3.247364670185395
list:
dist: 2.3679071100782902 vs. 2.3679071100782902
list:
dist: 3.5229650639687904 vs. 3.5229650639687904
list:
dist: 3.1478537093843553 vs. 3.1478537093843553
list:
dist: 2.9419725853536387 vs. 2.9419725853536387
list:
dist: 2.280875722756084 vs. 2.280875722756084
list:
dist: 3.209924226259752 vs. 3.209924226259752
list:
dist: 1.1606491139821622 vs. 1.1606491139821622
list:
dist: 2.566663152732535 vs. 2.566663152732535
list:
dist: 1.6900308450083372 vs. 1.6900308450083372
list:
dist: 1.979471877489129 vs. 1.979471877489129
list:
dist: 1.6986544145082267 vs. 1.6986544145082267
list:
dist: 3.1283914294000414 vs. 3.1283914294000414
list:
dist: 1.8466419786227137 vs. 1.8466419786227137
list:
dist: 2.05511372733657 vs. 2.05511372733657
list:
dist: 1.786343141309176 vs. 1.786343141309176
list:
dist: 2.4837989494376913 vs. 2.4837989494376913
list:
dist: 2.3032638508760477 vs. 2.3032638508760477
list:
dist: 2.534118243572294 vs. 2.534118243572294
list:
dist: 1.366154401047591 vs. 1.366154401047591
list:
dist: 1.6250939540079499 vs. 1.6250939540079499
list:
dist: 1.8169504111123207 vs. 1.8169504111123207
list:
dist: 0.7213209547460833 vs. 0.7213209547460833
list:
dist: 2.574125976110726 vs. 2.574125976110726
list:
dist: 4.38168962467432 vs. 4.38168962467432
list:
dist: 4.399988743789745 vs. 4.399988743789745
list:
dist: 1.0061520096562977 vs. 1.0061520096562977
list:
dist: 2.7946428199319144 vs. 2.7946428199319144
list:
dist: 2.377172011207545 vs. 2.377172011207545
list:
dist: 1.3634722249644347 vs. 1.3634722249644347
list:
dist: 1.919967544823104 vs. 1.919967544823104
list:
dist: 2.035889213176992 vs. 2.035889213176992
list:
dist: 4.921543921282111 vs. 4.921543921282111
list:
dist: 4.344404317609148 vs. 4.344404317609148
list:
dist: 4.518567718892355 vs. 4.518567718892355
list:
dist: 3.9794346311654865 vs. 3.9794346311654865
list:
dist: 3.8356459644176804 vs. 3.8356459644176804
list:
dist: 2.5187290286701396 vs. 2.5187290286701396
list:
dist: 3.9070045376199487 vs. 3.9070045376199487
list:
dist: 2.901753276295958 vs. 2.901753276295958
list:
dist: 4.7943256615441925 vs. 4.7943256615441925
list:
dist: 4.111605449026834 vs. 4.111605449026834
list:
dist: 2.834241006708055 vs. 2.834241006708055
list:
dist: 2.95375177815754 vs. 2.95375177815754
list:
dist: 3.566975430450909 vs. 3.566975430450909
list:
dist: 2.694585483713749 vs. 2.694585483713749
list:
dist: 2.4871209471404865 vs. 2.4871209471404865
list:
dist: 2.9465820932131224 vs. 2.9465820932131224
list:
dist: 2.755298358979638 vs. 2.755298358979638
list:
dist: 2.3517274880289354 vs. 2.3517274880289354
list:
dist: 2.4861436010088105 vs. 2.4861436010088105
list:
dist: 2.896732633788352 vs. 2.896732633788352
list:
dist: 1.8083337244235276 vs. 1.8083337244235276
list:
dist: 1.8169504111123207 vs. 1.8169504111123207
list:
dist: 4.379948144859657 vs. 4.379948144859657
list:
dist: 3.39721350370503 vs. 3.39721350370503
list:
dist: 1.1493337287877947 vs. 1.1493337287877947
list:
dist: 0.7685874206560694 vs. 0.7685874206560694
list:
dist: 1.9970716916967663 vs. 1.9970716916967663
list:
dist: 1.5565721107601602 vs. 1.5565721107601602
list:
dist: 1.356365943490969 vs. 1.356365943490969
list:
dist: 0.782449628539112 vs. 0.782449628539112
list:
dist: 1.5634102004185126 vs. 1.5634102004185126
list:
dist: 1.7507299271036592 vs. 1.7507299271036592
list:
dist: 1.0391730358180977 vs. 1.0391730358180977
list:
dist: 1.4430648143910128 vs. 1.4430648143910128
list:
dist: 1.2691495813012297 vs. 1.2691495813012297
list:
dist: 1.3124485773543904 vs. 1.3124485773543904
list:
dist: 0.8920609512746389 vs. 0.8920609512746389
list:
dist: 1.3588907847055838 vs. 1.3588907847055838
list:
dist: 4.237361897141727 vs. 4.237361897141727
list:
dist: 4.1697875827587465 vs. 4.1697875827587465
list:
dist: 1.6516032944490333 vs. 1.6516032944490333
list:
dist: 1.4207731131336188 vs. 1.4207731131336188
list:
dist: 0.8664278241305431 vs. 0.8664278241305431
list:
dist: 1.769127859749069 vs. 1.769127859749069
list:
dist: 4.812091128235108 vs. 4.812091128235108
list:
dist: 3.5409964861530088 vs. 3.5409964861530088
list:
dist: 4.464606141625868 vs. 4.464606141625868
list:
dist: 3.9357877848076535 vs. 3.9357877848076535
list:
dist: 3.9747423068145684 vs. 3.9747423068145684
list:
dist: 3.447234569423926 vs. 3.447234569423926
list:
dist: 3.3694850940151397 vs. 3.3694850940151397
list:
dist: 2.125245223130966 vs. 2.125245223130966
list:
dist: 3.404948425079335 vs. 3.404948425079335
list:
dist: 2.6103825964369554 vs. 2.6103825964369554
list:
dist: 4.37712054989269 vs. 4.37712054989269
list:
dist: 3.807235924459402 vs. 3.807235924459402
list:
dist: 3.5872321822456277 vs. 3.5872321822456277
list:
dist: 2.920920412779696 vs. 2.920920412779696
list:
dist: 3.1557890289128063 vs. 3.1557890289128063
list:
dist: 3.5498159661339757 vs. 3.5498159661339757
list:
dist: 2.7525657751927377 vs. 2.7525657751927377
list:
dist: 2.400896400418554 vs. 2.400896400418554
list:
dist: 3.086294644320709 vs. 3.086294644320709
list:
dist: 3.162601925935994 vs. 3.162601925935994
list:
dist: 2.412486785370333 vs. 2.412486785370333
list:
dist: 2.7680199376987673 vs. 2.7680199376987673
list:
dist: 2.677896284050505 vs. 2.677896284050505
list:
dist: 3.3761798746069083 vs. 3.3761798746069083
list:
dist: 2.2887885166503836 vs. 2.2887885166503836
list:
dist: 1.2747595146024413 vs. 1.2747595146024413
list:
dist: 1.6986544145082267 vs. 1.6986544145082267
list:
dist: 2.6836967775755376 vs. 2.6836967775755376
list:
dist: 0.8966594685486321 vs. 0.8966594685486321
list:
dist: 2.3662715239807817 vs. 2.3662715239807817
list:
dist: 2.141790387016454 vs. 2.141790387016454
list:
dist: 1.7192304627591009 vs. 1.7192304627591009
list:
dist: 1.4590481518882044 vs. 1.4590481518882044
list:
dist: 2.073701378990914 vs. 2.073701378990914
list:
dist: 1.8762056507250562 vs. 1.8762056507250562
list:
dist: 1.7203626445107605 vs. 1.7203626445107605
list:
dist: 1.407144844896776 vs. 1.407144844896776
list:
dist: 1.83857809263223 vs. 1.83857809263223
list:
dist: 0.7685874206560694 vs. 0.7685874206560694
list:
dist: 1.2131400627689064 vs. 1.2131400627689064
list:
dist: 1.595649539726996 vs. 1.595649539726996
list:
dist: 0.8923851355719927 vs. 0.8923851355719927
list:
dist: 2.0193553126602226 vs. 2.0193553126602226
list:
dist: 1.9486061083143633 vs. 1.9486061083143633
list:
dist: 1.4840720462212174 vs. 1.4840720462212174
list:
dist: 2.462511088715645 vs. 2.462511088715645
list:
dist: 2.7622083871354466 vs. 2.7622083871354466
list:
dist: 2.462511088715645 vs. 2.462511088715645
list:
dist: 2.7573775373965055 vs. 2.7573775373965055
list:
dist: 1.1234927352779198 vs. 1.1234927352779198
list:
dist: 2.1324923339576722 vs. 2.1324923339576722
list:
dist: 1.2066119931405894 vs. 1.2066119931405894
list:
dist: 2.0159738725745315 vs. 2.0159738725745315
list:
dist: 2.7816361899255817 vs. 2.7816361899255817
list:
dist: 1.6147938788897955 vs. 1.6147938788897955
list:
dist: 2.5165695395834944 vs. 2.5165695395834944
list:
dist: 1.1142249796274897 vs. 1.1142249796274897
list:
dist: 1.769127859749069 vs. 1.769127859749069
list:
dist: 2.29177287021743 vs. 2.29177287021743
list:
dist: 1.4732041189130505 vs. 1.4732041189130505
list:
dist: 1.2435708035223467 vs. 1.2435708035223467
list:
dist: 0.8572549527199907 vs. 0.8572549527199907
list:
dist: 1.1256507882233557 vs. 1.1256507882233557
list:
dist: 3.7337172091561195 vs. 3.7337172091561195
list:
dist: 2.4166678314530152 vs. 2.4166678314530152
list:
dist: 2.035889213176992 vs. 2.035889213176992
list:
dist: 4.530645789265425 vs. 4.530645789265425
list:
dist: 3.4440322772317735 vs. 3.4440322772317735
list:
dist: 2.00908395745025 vs. 2.00908395745025
list:
dist: 1.4840720462212174 vs. 1.4840720462212174
list:
dist: 2.5464208273787725 vs. 2.5464208273787725
list:
dist: 1.4841979408842816 vs. 1.4841979408842816
list:
dist: 1.9073402293353958 vs. 1.9073402293353958
list:
dist: 0.8970222570210289 vs. 0.8970222570210289
list:
dist: 1.966166594951781 vs. 1.966166594951781
list:
dist: 2.448619199084354 vs. 2.448619199084354
list:
dist: 1.2997587099560595 vs. 1.2997587099560595
list:
dist: 2.0881990840271696 vs. 2.0881990840271696
list:
dist: 1.2305830035357748 vs. 1.2305830035357748
list:
dist: 0.8664278241305431 vs. 0.8664278241305431
list:
dist: 1.7871959580732928 vs. 1.7871959580732928
list:
dist: 0.8330910516472455 vs. 0.8330910516472455
list:
dist: 1.7864260288860399 vs. 1.7864260288860399
list:
dist: 3.919219484671107 vs. 3.919219484671107
list:
dist: 4.269713376950698 vs. 4.269713376950698
list:
dist: 1.234738527502052 vs. 1.234738527502052
list:
dist: 0.6832043438015301 vs. 0.6832043438015301
list:
dist: 1.1256507882233557 vs. 1.1256507882233557
list:
dist: 4.1286848576602315 vs. 4.1286848576602315
list:
dist: 2.2922420766989635 vs. 2.2922420766989635
list:
dist: 1.3634722249644347 vs. 1.3634722249644347
list:
dist: 3.5161981689025 vs. 3.5161981689025
list:
dist: 2.351978903103892 vs. 2.351978903103892
list:
dist: 2.485601731925035 vs. 2.485601731925035
list:
dist: 2.0193553126602226 vs. 2.0193553126602226
list:
dist: 3.1476572863930135 vs. 3.1476572863930135
list:
dist: 1.3049750535682358 vs. 1.3049750535682358
list:
dist: 2.1881627199729365 vs. 2.1881627199729365
list:
dist: 1.335845386642312 vs. 1.335845386642312
list:
dist: 2.366997259143543 vs. 2.366997259143543
list:
dist: 2.727556570938 vs. 2.727556570938
list:
dist: 2.124872175404573 vs. 2.124872175404573
list:
dist: 2.0622129275874217 vs. 2.0622129275874217
list:
dist: 1.1137932609485808 vs. 1.1137932609485808
list:
dist: 1.6516032944490333 vs. 1.6516032944490333
list:
dist: 1.5447840449643375 vs. 1.5447840449643375
list:
dist: 1.9691775306714216 vs. 1.9691775306714216
list:
dist: 1.736272192545939 vs. 1.736272192545939
list:
dist: 2.757397398441723 vs. 2.757397398441723
list:
dist: 3.272485284930502 vs. 3.272485284930502
list:
dist: 0.7323786716030577 vs. 0.7323786716030577
list:
dist: 1.234738527502052 vs. 1.234738527502052
list:
dist: 1.2435708035223467 vs. 1.2435708035223467
list:
dist: 4.2027343395712915 vs. 4.2027343395712915
list:
dist: 2.608655883835663 vs. 2.608655883835663
list:
dist: 1.919967544823104 vs. 1.919967544823104
list:
dist: 4.22368591454766 vs. 4.22368591454766
list:
dist: 3.080838839985417 vs. 3.080838839985417
list:
dist: 2.484473323509465 vs. 2.484473323509465
list:
dist: 1.9486061083143633 vs. 1.9486061083143633
list:
dist: 3.0023571106688283 vs. 3.0023571106688283
list:
dist: 1.4167201076482345 vs. 1.4167201076482345
list:
dist: 2.2256862192542983 vs. 2.2256862192542983
list:
dist: 1.1873067280185434 vs. 1.1873067280185434
list:
dist: 2.293518787510752 vs. 2.293518787510752
list:
dist: 2.809993301328973 vs. 2.809993301328973
list:
dist: 1.7952342958957053 vs. 1.7952342958957053
list:
dist: 2.3171750421814123 vs. 2.3171750421814123
list:
dist: 1.213603806047194 vs. 1.213603806047194
list:
dist: 1.4207731131336188 vs. 1.4207731131336188
list:
dist: 1.8966908213865075 vs. 1.8966908213865075
list:
dist: 1.4502633829027338 vs. 1.4502633829027338
list:
dist: 1.957611591494063 vs. 1.957611591494063
list:
dist: 3.352818386402231 vs. 3.352818386402231
list:
dist: 3.9523508852610916 vs. 3.9523508852610916
list:
dist: 0.7323786716030577 vs. 0.7323786716030577
list:
dist: 0.6832043438015301 vs. 0.6832043438015301
list:
dist: 0.8572549527199907 vs. 0.8572549527199907
list:
dist: 4.949135727129241 vs. 4.949135727129241
list:
dist: 4.946675425267014 vs. 4.946675425267014
list:
dist: 4.999607362516241 vs. 4.999607362516241
list:
dist: 4.641703317227919 vs. 4.641703317227919
list:
dist: 5.640308692220393 vs. 5.640308692220393
list:
dist: 4.098443037310644 vs. 4.098443037310644
list:
dist: 4.631861077773649 vs. 4.631861077773649
list:
dist: 4.1090015620384115 vs. 4.1090015620384115
list:
dist: 4.800863491616189 vs. 4.800863491616189
list:
dist: 4.605663786742639 vs. 4.605663786742639
list:
dist: 4.878953566212044 vs. 4.878953566212044
list:
dist: 4.3316444060349015 vs. 4.3316444060349015
list:
dist: 3.5263595764137285 vs. 3.5263595764137285
list:
dist: 1.9176052852012133 vs. 1.9176052852012133
list:
dist: 2.007672689918892 vs. 2.007672689918892
list:
dist: 1.4840792991184977 vs. 1.4840792991184977
list:
dist: 0.5135450300226768 vs. 0.5135450300226768
list:
dist: 1.8692094979056892 vs. 1.8692094979056892
list:
dist: 3.6836101489177153 vs. 3.6836101489177153
list:
dist: 3.778429840546988 vs. 3.778429840546988
list:
dist: 3.992663399953591 vs. 3.992663399953591
list:
dist: 3.4540715359002685 vs. 3.4540715359002685
list:
dist: 3.036857607826326 vs. 3.036857607826326
list:
dist: 4.309243992411862 vs. 4.309243992411862
list:
dist: 1.9433918339055016 vs. 1.9433918339055016
list:
dist: 2.22590245381348 vs. 2.22590245381348
list:
dist: 1.6226628471306455 vs. 1.6226628471306455
list:
dist: 0.9135988977756516 vs. 0.9135988977756516
list:
dist: 1.3621182308091504 vs. 1.3621182308091504
list:
dist: 1.3178280800004705 vs. 1.3178280800004705
list:
dist: 1.5112647537548565 vs. 1.5112647537548565
list:
dist: 1.382289926214959 vs. 1.382289926214959
list:
dist: 1.3530166316453067 vs. 1.3530166316453067
list:
dist: 1.1348610729698436 vs. 1.1348610729698436
list:
dist: 1.6532005244769663 vs. 1.6532005244769663
list:
dist: 2.3343693611195144 vs. 2.3343693611195144
list:
dist: 1.6473483132920208 vs. 1.6473483132920208
list:
dist: 2.427123199558527 vs. 2.427123199558527
list:
dist: 0.6390938913467011 vs. 0.6390938913467011
list:
dist: 2.123031176015303 vs. 2.123031176015303
list:
dist: 4.281310777729114 vs. 4.281310777729114
list:
dist: 4.078946512139552 vs. 4.078946512139552
list:
dist: 3.860466196605532 vs. 3.860466196605532
list:
dist: 3.6662393068376735 vs. 3.6662393068376735
list:
dist: 4.577548908632687 vs. 4.577548908632687
list:
dist: 3.5305577636119274 vs. 3.5305577636119274
list:
dist: 3.5257629382491302 vs. 3.5257629382491302
list:
dist: 3.2397061774066227 vs. 3.2397061774066227
list:
dist: 3.52556610845856 vs. 3.52556610845856
list:
dist: 4.02554068684311 vs. 4.02554068684311
list:
dist: 4.296636035051406 vs. 4.296636035051406
list:
dist: 3.7885247679426595 vs. 3.7885247679426595
list:
dist: 2.8214334318251857 vs. 2.8214334318251857
list:
dist: 1.387333264597627 vs. 1.387333264597627
list:
dist: 1.2638172315168856 vs. 1.2638172315168856
list:
dist: 1.7303635533620176 vs. 1.7303635533620176
list:
dist: 1.8692094979056892 vs. 1.8692094979056892
list:
dist: 1.457249011914865 vs. 1.457249011914865
list:
dist: 3.296760695256109 vs. 3.296760695256109
list:
dist: 3.3094427134790347 vs. 3.3094427134790347
list:
dist: 3.9674194228061563 vs. 3.9674194228061563
list:
dist: 3.096906669553279 vs. 3.096906669553279
list:
dist: 3.3340197876243787 vs. 3.3340197876243787
list:
dist: 4.002687103810814 vs. 4.002687103810814
list:
dist: 3.1548459026651225 vs. 3.1548459026651225
list:
dist: 1.8827764185746358 vs. 1.8827764185746358
list:
dist: 2.2781483071506297 vs. 2.2781483071506297
list:
dist: 2.1468203809490247 vs. 2.1468203809490247
list:
dist: 2.832835992678937 vs. 2.832835992678937
list:
dist: 2.755025011280279 vs. 2.755025011280279
list:
dist: 2.8844879765695937 vs. 2.8844879765695937
list:
dist: 2.2060622561300476 vs. 2.2060622561300476
list:
dist: 1.687605677852953 vs. 1.687605677852953
list:
dist: 2.5514491786901883 vs. 2.5514491786901883
list:
dist: 2.0344176896424804 vs. 2.0344176896424804
list:
dist: 3.1202372425612865 vs. 3.1202372425612865
list:
dist: 3.2287720719689808 vs. 3.2287720719689808
list:
dist: 3.230460221753475 vs. 3.230460221753475
list:
dist: 2.443354140255165 vs. 2.443354140255165
list:
dist: 3.810700841492058 vs. 3.810700841492058
list:
dist: 4.88153909826862 vs. 4.88153909826862
list:
dist: 4.850027016073982 vs. 4.850027016073982
list:
dist: 4.803511856461664 vs. 4.803511856461664
list:
dist: 4.470767429743311 vs. 4.470767429743311
list:
dist: 5.478728608739632 vs. 5.478728608739632
list:
dist: 4.02113688258728 vs. 4.02113688258728
list:
dist: 4.485285106605934 vs. 4.485285106605934
list:
dist: 3.9741057642335225 vs. 3.9741057642335225
list:
dist: 4.597333261148463 vs. 4.597333261148463
list:
dist: 4.572528096879104 vs. 4.572528096879104
list:
dist: 4.860764243040926 vs. 4.860764243040926
list:
dist: 4.307261090040327 vs. 4.307261090040327
list:
dist: 3.447832524390333 vs. 3.447832524390333
list:
dist: 1.4713040519601595 vs. 1.4713040519601595
list:
dist: 1.5051778958656146 vs. 1.5051778958656146
list:
dist: 1.2504128564448413 vs. 1.2504128564448413
list:
dist: 0.5135450300226768 vs. 0.5135450300226768
list:
dist: 1.457249011914865 vs. 1.457249011914865
list:
dist: 3.2724133983251265 vs. 3.2724133983251265
list:
dist: 3.354488825851992 vs. 3.354488825851992
list:
dist: 3.732010168465457 vs. 3.732010168465457
list:
dist: 3.070194934966266 vs. 3.070194934966266
list:
dist: 2.7587432186657526 vs. 2.7587432186657526
list:
dist: 3.930636661604947 vs. 3.930636661604947
list:
dist: 1.930786455992039 vs. 1.930786455992039
list:
dist: 1.772102635771192 vs. 1.772102635771192
list:
dist: 1.479345928644822 vs. 1.479345928644822
list:
dist: 1.061920005416156 vs. 1.061920005416156
list:
dist: 1.5259916945635683 vs. 1.5259916945635683
list:
dist: 1.5332158284677415 vs. 1.5332158284677415
list:
dist: 1.5890438389522685 vs. 1.5890438389522685
list:
dist: 1.17367476372519 vs. 1.17367476372519
list:
dist: 0.9646363295344865 vs. 0.9646363295344865
list:
dist: 1.1833282233000597 vs. 1.1833282233000597
list:
dist: 1.2960863865624026 vs. 1.2960863865624026
list:
dist: 2.1615480494909893 vs. 2.1615480494909893
list:
dist: 1.823553225133376 vs. 1.823553225133376
list:
dist: 2.262550978413153 vs. 2.262550978413153
list:
dist: 1.0875995531194322 vs. 1.0875995531194322
list:
dist: 2.41021857450402 vs. 2.41021857450402
list:
dist: 4.288076138643617 vs. 4.288076138643617
list:
dist: 5.073331799499005 vs. 5.073331799499005
list:
dist: 4.922584325055255 vs. 4.922584325055255
list:
dist: 5.049570548677647 vs. 5.049570548677647
list:
dist: 3.90357019747714 vs. 3.90357019747714
list:
dist: 5.291519899889421 vs. 5.291519899889421
list:
dist: 4.903459520484947 vs. 4.903459520484947
list:
dist: 4.8468114907804045 vs. 4.8468114907804045
list:
dist: 3.841991528712875 vs. 3.841991528712875
list:
dist: 1.1544768412668556 vs. 1.1544768412668556
list:
dist: 3.074076742430953 vs. 3.074076742430953
list:
dist: 2.566663152732535 vs. 2.566663152732535
list:
dist: 1.4163589567426298 vs. 1.4163589567426298
list:
dist: 2.007672689918892 vs. 2.007672689918892
list:
dist: 1.5051778958656146 vs. 1.5051778958656146
list:
dist: 1.2638172315168856 vs. 1.2638172315168856
list:
dist: 4.033651567355706 vs. 4.033651567355706
list:
dist: 4.306971025070497 vs. 4.306971025070497
list:
dist: 4.2650131771504105 vs. 4.2650131771504105
list:
dist: 4.740156550237902 vs. 4.740156550237902
list:
dist: 4.376226506318697 vs. 4.376226506318697
list:
dist: 5.0196772555136775 vs. 5.0196772555136775
list:
dist: 3.5254390154234305 vs. 3.5254390154234305
list:
dist: 3.9413108171635693 vs. 3.9413108171635693
list:
dist: 4.379948144859657 vs. 4.379948144859657
list:
dist: 3.1463859153081923 vs. 3.1463859153081923
list:
dist: 5.125151635203854 vs. 5.125151635203854
list:
dist: 2.3665543016835517 vs. 2.3665543016835517
list:
dist: 2.3827168535668544 vs. 2.3827168535668544
list:
dist: 3.513261866709747 vs. 3.513261866709747
list:
dist: 2.4122898957860723 vs. 2.4122898957860723
list:
dist: 2.440265916493333 vs. 2.440265916493333
list:
dist: 3.123177634473018 vs. 3.123177634473018
list:
dist: 3.3086652376388255 vs. 3.3086652376388255
list:
dist: 2.3736960794297115 vs. 2.3736960794297115
list:
dist: 0.6308912950110903 vs. 0.6308912950110903
list:
dist: 2.1262342807135077 vs. 2.1262342807135077
list:
dist: 2.345871785680923 vs. 2.345871785680923
list:
dist: 2.6169770918146944 vs. 2.6169770918146944
list:
dist: 2.7483828245247643 vs. 2.7483828245247643
list:
dist: 2.486531425924207 vs. 2.486531425924207
list:
dist: 1.6960586915248579 vs. 1.6960586915248579
list:
dist: 1.2086580549223362 vs. 1.2086580549223362
list:
dist: 2.0635048683585118 vs. 2.0635048683585118
list:
dist: 1.2152172742410159 vs. 1.2152172742410159
list:
dist: 2.242046581350371 vs. 2.242046581350371
list:
dist: 2.7605545914068284 vs. 2.7605545914068284
list:
dist: 2.3228213899541017 vs. 2.3228213899541017
list:
dist: 3.5161981689025 vs. 3.5161981689025
list:
dist: 4.22368591454766 vs. 4.22368591454766
list:
dist: 4.530645789265425 vs. 4.530645789265425
list:
dist: 2.5511742312028147 vs. 2.5511742312028147
list:
dist: 3.523410013593527 vs. 3.523410013593527
list:
dist: 1.7604873452989036 vs. 1.7604873452989036
list:
dist: 2.345871785680923 vs. 2.345871785680923
list:
dist: 2.2908464717885937 vs. 2.2908464717885937
list:
dist: 0.9135988977756516 vs. 0.9135988977756516
list:
dist: 1.061920005416156 vs. 1.061920005416156
list:
dist: 2.1468203809490247 vs. 2.1468203809490247
list:
dist: 3.503420549603923 vs. 3.503420549603923
list:
dist: 3.6152357783305313 vs. 3.6152357783305313
list:
dist: 3.3771390930335756 vs. 3.3771390930335756
list:
dist: 3.107677458713822 vs. 3.107677458713822
list:
dist: 2.7727309639510294 vs. 2.7727309639510294
list:
dist: 4.0283460319238795 vs. 4.0283460319238795
list:
dist: 2.2643380108336624 vs. 2.2643380108336624
list:
dist: 2.5810458331678103 vs. 2.5810458331678103
list:
dist: 0.9914395670596102 vs. 0.9914395670596102
list:
dist: 0.9534060827944274 vs. 0.9534060827944274
list:
dist: 0.6619144772056362 vs. 0.6619144772056362
list:
dist: 1.2507317631864372 vs. 1.2507317631864372
list:
dist: 1.241022375655239 vs. 1.241022375655239
list:
dist: 1.3325643643979301 vs. 1.3325643643979301
list:
dist: 1.4557901483474074 vs. 1.4557901483474074
list:
dist: 1.7335213619057106 vs. 1.7335213619057106
list:
dist: 2.2518867441756263 vs. 2.2518867441756263
list:
dist: 1.6912151191740579 vs. 1.6912151191740579
list:
dist: 2.3726204157620407 vs. 2.3726204157620407
list:
dist: 0.7698356848904546 vs. 0.7698356848904546
list:
dist: 1.8692410709530562 vs. 1.8692410709530562
list:
dist: 3.7062669748928143 vs. 3.7062669748928143
list:
dist: 3.9357969761624267 vs. 3.9357969761624267
list:
dist: 3.3356152509715447 vs. 3.3356152509715447
list:
dist: 4.380252721098201 vs. 4.380252721098201
list:
dist: 4.542622197024629 vs. 4.542622197024629
list:
dist: 4.331817047231801 vs. 4.331817047231801
list:
dist: 3.5521985789172166 vs. 3.5521985789172166
list:
dist: 4.242378079410162 vs. 4.242378079410162
list:
dist: 3.6864648858775895 vs. 3.6864648858775895
list:
dist: 3.427290868874503 vs. 3.427290868874503
list:
dist: 3.592123494876698 vs. 3.592123494876698
list:
dist: 3.622513999561506 vs. 3.622513999561506
list:
dist: 4.019220778409211 vs. 4.019220778409211
list:
dist: 3.0846633958592844 vs. 3.0846633958592844
list:
dist: 4.403691592207319 vs. 4.403691592207319
list:
dist: 3.170009987734077 vs. 3.170009987734077
list:
dist: 4.210479857282588 vs. 4.210479857282588
list:
dist: 3.9660057463648535 vs. 3.9660057463648535
list:
dist: 4.270823731442871 vs. 4.270823731442871
list:
dist: 3.2396990039230227 vs. 3.2396990039230227
list:
dist: 2.437480302691938 vs. 2.437480302691938
list:
dist: 2.1548198863466888 vs. 2.1548198863466888
list:
dist: 3.2072750663786462 vs. 3.2072750663786462
list:
dist: 2.6775011297476374 vs. 2.6775011297476374
list:
dist: 2.9308921966873096 vs. 2.9308921966873096
list:
dist: 2.1936933695215823 vs. 2.1936933695215823
list:
dist: 2.9688275232171684 vs. 2.9688275232171684
list:
dist: 2.5511742312028147 vs. 2.5511742312028147
list:
dist: 2.053516793795156 vs. 2.053516793795156
list:
dist: 0.6390938913467011 vs. 0.6390938913467011
list:
dist: 1.0875995531194322 vs. 1.0875995531194322
list:
dist: 2.443354140255165 vs. 2.443354140255165
list:
dist: 1.9662691383106523 vs. 1.9662691383106523
list:
dist: 2.7027049393295313 vs. 2.7027049393295313
list:
dist: 1.6044665346432587 vs. 1.6044665346432587
list:
dist: 0.7698356848904546 vs. 0.7698356848904546
list:
dist: 1.0016195028335004 vs. 1.0016195028335004
list:
dist: 0.8900392207059247 vs. 0.8900392207059247
list:
dist: 1.2662648847991964 vs. 1.2662648847991964
list:
dist: 1.4949875165648847 vs. 1.4949875165648847
list:
dist: 1.669640542355408 vs. 1.669640542355408
list:
dist: 1.1663117778886554 vs. 1.1663117778886554
list:
dist: 1.9394157661153186 vs. 1.9394157661153186
list:
dist: 2.355381017778687 vs. 2.355381017778687
list:
dist: 1.3669412536918952 vs. 1.3669412536918952
list:
dist: 2.443850482326064 vs. 2.443850482326064
list:
dist: 1.6022859071364386 vs. 1.6022859071364386
list:
dist: 3.4771859610834417 vs. 3.4771859610834417
list:
dist: 2.499592730525062 vs. 2.499592730525062
list:
dist: 2.360811369552086 vs. 2.360811369552086
list:
dist: 3.2742648737952464 vs. 3.2742648737952464
list:
dist: 2.643674261731145 vs. 2.643674261731145
list:
dist: 3.111019640377309 vs. 3.111019640377309
list:
dist: 2.064256460403668 vs. 2.064256460403668
list:
dist: 2.801799521196343 vs. 2.801799521196343
list:
dist: 1.4993995388388488 vs. 1.4993995388388488
list:
dist: 2.9081680146194047 vs. 2.9081680146194047
list:
dist: 2.377172011207545 vs. 2.377172011207545
list:
dist: 0.6308912950110903 vs. 0.6308912950110903
list:
dist: 1.5266472872393757 vs. 1.5266472872393757
list:
dist: 2.22590245381348 vs. 2.22590245381348
list:
dist: 1.772102635771192 vs. 1.772102635771192
list:
dist: 1.8827764185746358 vs. 1.8827764185746358
list:
dist: 3.9722423561584654 vs. 3.9722423561584654
list:
dist: 4.293057959987953 vs. 4.293057959987953
list:
dist: 4.123364529250887 vs. 4.123364529250887
list:
dist: 4.731230569772226 vs. 4.731230569772226
list:
dist: 4.406465035932312 vs. 4.406465035932312
list:
dist: 4.898171028030248 vs. 4.898171028030248
list:
dist: 3.4975322968752547 vs. 3.4975322968752547
list:
dist: 3.841004408751161 vs. 3.841004408751161
list:
dist: 4.1697875827587465 vs. 4.1697875827587465
list:
dist: 3.0190411299467432 vs. 3.0190411299467432
list:
dist: 4.917462848371508 vs. 4.917462848371508
list:
dist: 2.1258439337881168 vs. 2.1258439337881168
list:
dist: 2.153545166335827 vs. 2.153545166335827
list:
dist: 3.4774383584796382 vs. 3.4774383584796382
list:
dist: 2.33266680253407 vs. 2.33266680253407
list:
dist: 2.1371355436829003 vs. 2.1371355436829003
list:
dist: 2.8755814997745945 vs. 2.8755814997745945
list:
dist: 3.028373404205551 vs. 3.028373404205551
list:
dist: 2.0294712720192227 vs. 2.0294712720192227
list:
dist: 2.2621208011391802 vs. 2.2621208011391802
list:
dist: 2.5810458331678103 vs. 2.5810458331678103
list:
dist: 2.624024155294613 vs. 2.624024155294613
list:
dist: 2.8550547028580584 vs. 2.8550547028580584
list:
dist: 2.4047914635353766 vs. 2.4047914635353766
list:
dist: 1.6644637718439326 vs. 1.6644637718439326
list:
dist: 1.3283897876197879 vs. 1.3283897876197879
list:
dist: 1.9449778605684613 vs. 1.9449778605684613
list:
dist: 1.0743796878644658 vs. 1.0743796878644658
list:
dist: 1.8934617990828602 vs. 1.8934617990828602
list:
dist: 2.595270737962346 vs. 2.595270737962346
list:
dist: 1.9433910526480465 vs. 1.9433910526480465
list:
dist: 3.272485284930502 vs. 3.272485284930502
list:
dist: 3.9523508852610916 vs. 3.9523508852610916
list:
dist: 4.269713376950698 vs. 4.269713376950698
list:
dist: 2.7027049393295313 vs. 2.7027049393295313
list:
dist: 3.4243482573409674 vs. 3.4243482573409674
list:
dist: 2.5065976458108827 vs. 2.5065976458108827
list:
dist: 2.7121579064711345 vs. 2.7121579064711345
list:
dist: 2.2007188512728364 vs. 2.2007188512728364
list:
dist: 4.213230853867386 vs. 4.213230853867386
list:
dist: 4.237567861633914 vs. 4.237567861633914
list:
dist: 3.7432376152969087 vs. 3.7432376152969087
list:
dist: 3.3505349680405887 vs. 3.3505349680405887
list:
dist: 3.4897576506741155 vs. 3.4897576506741155
list:
dist: 3.496669720405638 vs. 3.496669720405638
list:
dist: 2.886301889849653 vs. 2.886301889849653
list:
dist: 2.8985188010552156 vs. 2.8985188010552156
list:
dist: 3.16297658770805 vs. 3.16297658770805
list:
dist: 3.9613251407609225 vs. 3.9613251407609225
list:
dist: 3.085664608446647 vs. 3.085664608446647
list:
dist: 4.581901544367887 vs. 4.581901544367887
list:
dist: 2.4435267103003717 vs. 2.4435267103003717
list:
dist: 3.8731382591107577 vs. 3.8731382591107577
list:
dist: 3.0686127898996416 vs. 3.0686127898996416
list:
dist: 3.039407919629594 vs. 3.039407919629594
list:
dist: 3.4676138529711955 vs. 3.4676138529711955
list:
dist: 2.994485728820277 vs. 2.994485728820277
list:
dist: 2.8664336024808854 vs. 2.8664336024808854
list:
dist: 2.6485219353149088 vs. 2.6485219353149088
list:
dist: 4.292620113061873 vs. 4.292620113061873
list:
dist: 0.8237612346868787 vs. 0.8237612346868787
list:
dist: 1.2086580549223362 vs. 1.2086580549223362
list:
dist: 1.7593762193244584 vs. 1.7593762193244584
list:
dist: 1.3530166316453067 vs. 1.3530166316453067
list:
dist: 0.9646363295344865 vs. 0.9646363295344865
list:
dist: 1.687605677852953 vs. 1.687605677852953
list:
dist: 2.336857299954005 vs. 2.336857299954005
list:
dist: 2.4311611509437276 vs. 2.4311611509437276
list:
dist: 2.852258067820463 vs. 2.852258067820463
list:
dist: 2.124935257506005 vs. 2.124935257506005
list:
dist: 1.84204364160051 vs. 1.84204364160051
list:
dist: 2.9722143902234923 vs. 2.9722143902234923
list:
dist: 1.7931257139084336 vs. 1.7931257139084336
list:
dist: 1.3283897876197879 vs. 1.3283897876197879
list:
dist: 0.967614551177418 vs. 0.967614551177418
list:
dist: 1.3325643643979301 vs. 1.3325643643979301
list:
dist: 1.4688004619150354 vs. 1.4688004619150354
list:
dist: 1.6051923272564355 vs. 1.6051923272564355
list:
dist: 1.3670746429347964 vs. 1.3670746429347964
list:
dist: 0.5557022202606973 vs. 0.5557022202606973
list:
dist: 1.2651895967094837 vs. 1.2651895967094837
list:
dist: 0.5146364689573737 vs. 0.5146364689573737
list:
dist: 1.476583089984047 vs. 1.476583089984047
list:
dist: 1.8129471478882135 vs. 1.8129471478882135
list:
dist: 1.6010467737930183 vs. 1.6010467737930183
list:
dist: 1.669640542355408 vs. 1.669640542355408
list:
dist: 2.4376374134622396 vs. 2.4376374134622396
list:
dist: 2.6570821735890795 vs. 2.6570821735890795
list:
dist: 2.8980734331017435 vs. 2.8980734331017435
list:
dist: 2.3142112174475047 vs. 2.3142112174475047
list:
dist: 3.7919542969294184 vs. 3.7919542969294184
list:
dist: 3.9270587607230993 vs. 3.9270587607230993
list:
dist: 3.5515084158450194 vs. 3.5515084158450194
list:
dist: 2.930816917864339 vs. 2.930816917864339
list:
dist: 3.4041880576975094 vs. 3.4041880576975094
list:
dist: 3.106778111314705 vs. 3.106778111314705
list:
dist: 2.6682055178282273 vs. 2.6682055178282273
list:
dist: 2.7558374720068635 vs. 2.7558374720068635
list:
dist: 2.838612242020784 vs. 2.838612242020784
list:
dist: 3.5433393871780083 vs. 3.5433393871780083
list:
dist: 2.558503815626824 vs. 2.558503815626824
list:
dist: 4.0236348125518555 vs. 4.0236348125518555
list:
dist: 2.2284393445404036 vs. 2.2284393445404036
list:
dist: 4.033183902733026 vs. 4.033183902733026
list:
dist: 3.815783865887346 vs. 3.815783865887346
list:
dist: 4.19439980049977 vs. 4.19439980049977
list:
dist: 3.100833652139695 vs. 3.100833652139695
list:
dist: 2.3000115202239884 vs. 2.3000115202239884
list:
dist: 2.1072208684729063 vs. 2.1072208684729063
list:
dist: 2.9058591457024843 vs. 2.9058591457024843
list:
dist: 2.4085289412464013 vs. 2.4085289412464013
list:
dist: 2.3804146645068416 vs. 2.3804146645068416
list:
dist: 2.000111581722579 vs. 2.000111581722579
list:
dist: 3.391047062384085 vs. 3.391047062384085
list:
dist: 4.510378331958092 vs. 4.510378331958092
list:
dist: 4.516543436481133 vs. 4.516543436481133
list:
dist: 4.180192990644371 vs. 4.180192990644371
list:
dist: 3.862779025230174 vs. 3.862779025230174
list:
dist: 4.910597852566324 vs. 4.910597852566324
list:
dist: 3.624131692154435 vs. 3.624131692154435
list:
dist: 4.171558589927261 vs. 4.171558589927261
list:
dist: 3.5366401807964833 vs. 3.5366401807964833
list:
dist: 4.113848841362941 vs. 4.113848841362941
list:
dist: 4.351722156394458 vs. 4.351722156394458
list:
dist: 4.695565837693272 vs. 4.695565837693272
list:
dist: 4.1388363246054345 vs. 4.1388363246054345
list:
dist: 3.286250354135372 vs. 3.286250354135372
list:
dist: 1.1544768412668556 vs. 1.1544768412668556
list:
dist: 2.186941071733175 vs. 2.186941071733175
list:
dist: 1.9176052852012133 vs. 1.9176052852012133
list:
dist: 1.4713040519601595 vs. 1.4713040519601595
list:
dist: 1.387333264597627 vs. 1.387333264597627
list:
dist: 2.869999752884437 vs. 2.869999752884437
list:
dist: 2.1203600514784977 vs. 2.1203600514784977
list:
dist: 2.1746483865371893 vs. 2.1746483865371893
list:
dist: 2.6167192549115286 vs. 2.6167192549115286
list:
dist: 1.7958863160696894 vs. 1.7958863160696894
list:
dist: 2.041577884359039 vs. 2.041577884359039
list:
dist: 2.761189797824525 vs. 2.761189797824525
list:
dist: 2.5861767277075813 vs. 2.5861767277075813
list:
dist: 1.4993995388388488 vs. 1.4993995388388488
list:
dist: 1.2628429199275808 vs. 1.2628429199275808
list:
dist: 1.7604873452989036 vs. 1.7604873452989036
list:
dist: 2.1339618985840616 vs. 2.1339618985840616
list:
dist: 2.1522962424716545 vs. 2.1522962424716545
list:
dist: 2.0898099187048826 vs. 2.0898099187048826
list:
dist: 1.3009685499210666 vs. 1.3009685499210666
list:
dist: 0.8237612346868787 vs. 0.8237612346868787
list:
dist: 2.08500131680857 vs. 2.08500131680857
list:
dist: 1.1463165859059008 vs. 1.1463165859059008
list:
dist: 2.073239145592742 vs. 2.073239145592742
list:
dist: 2.6115339410576897 vs. 2.6115339410576897
list:
dist: 2.2027524056586025 vs. 2.2027524056586025
list:
dist: 3.4222322606518456 vs. 3.4222322606518456
list:
dist: 4.120349854737483 vs. 4.120349854737483
list:
dist: 4.236081855279551 vs. 4.236081855279551
list:
dist: 4.210270376409081 vs. 4.210270376409081
list:
dist: 3.166651977197781 vs. 3.166651977197781
list:
dist: 4.396854392895852 vs. 4.396854392895852
list:
dist: 3.7466122624407165 vs. 3.7466122624407165
list:
dist: 3.984906334482867 vs. 3.984906334482867
list:
dist: 2.708589988995055 vs. 2.708589988995055
list:
dist: 2.186941071733175 vs. 2.186941071733175
list:
dist: 2.580900133773345 vs. 2.580900133773345
list:
dist: 1.6900308450083372 vs. 1.6900308450083372
list:
dist: 1.4163589567426298 vs. 1.4163589567426298
list:
dist: 1.4840792991184977 vs. 1.4840792991184977
list:
dist: 1.2504128564448413 vs. 1.2504128564448413
list:
dist: 1.7303635533620176 vs. 1.7303635533620176
list:
dist: 2.730038952449818 vs. 2.730038952449818
list:
dist: 3.2209237128101655 vs. 3.2209237128101655
list:
dist: 3.10012687097334 vs. 3.10012687097334
list:
dist: 3.578085147392853 vs. 3.578085147392853
list:
dist: 3.433819453069757 vs. 3.433819453069757
list:
dist: 3.8725512287846975 vs. 3.8725512287846975
list:
dist: 2.6224227913131926 vs. 2.6224227913131926
list:
dist: 2.6895171576910135 vs. 2.6895171576910135
list:
dist: 3.39721350370503 vs. 3.39721350370503
list:
dist: 2.246542733282411 vs. 2.246542733282411
list:
dist: 4.020274588535277 vs. 4.020274588535277
list:
dist: 3.582427754919649 vs. 3.582427754919649
list:
dist: 3.6301133638571006 vs. 3.6301133638571006
list:
dist: 4.56956555569704 vs. 4.56956555569704
list:
dist: 3.6328437455632603 vs. 3.6328437455632603
list:
dist: 3.273871022411561 vs. 3.273871022411561
list:
dist: 4.314687845147947 vs. 4.314687845147947
list:
dist: 2.6623135244404756 vs. 2.6623135244404756
list:
dist: 2.0339040836268563 vs. 2.0339040836268563
list:
dist: 1.5266472872393757 vs. 1.5266472872393757
list:
dist: 2.5923617195590283 vs. 2.5923617195590283
list:
dist: 2.2908464717885937 vs. 2.2908464717885937
list:
dist: 2.52648722429988 vs. 2.52648722429988
list:
dist: 2.6632330471599235 vs. 2.6632330471599235
list:
dist: 2.455264598548654 vs. 2.455264598548654
list:
dist: 2.0121757305223964 vs. 2.0121757305223964
list:
dist: 1.7593762193244584 vs. 1.7593762193244584
list:
dist: 1.6895241723720877 vs. 1.6895241723720877
list:
dist: 1.778411450734557 vs. 1.778411450734557
list:
dist: 2.612623703559644 vs. 2.612623703559644
list:
dist: 2.4148178916967353 vs. 2.4148178916967353
list:
dist: 2.6606726263289078 vs. 2.6606726263289078
list:
dist: 2.351978903103892 vs. 2.351978903103892
list:
dist: 3.080838839985417 vs. 3.080838839985417
list:
dist: 3.4440322772317735 vs. 3.4440322772317735
list:
dist: 2.053516793795156 vs. 2.053516793795156
list:
dist: 3.2019453208183872 vs. 3.2019453208183872
list:
dist: 1.2628429199275808 vs. 1.2628429199275808
list:
dist: 2.1262342807135077 vs. 2.1262342807135077
list:
dist: 2.5923617195590283 vs. 2.5923617195590283
list:
dist: 1.6226628471306455 vs. 1.6226628471306455
list:
dist: 1.479345928644822 vs. 1.479345928644822
list:
dist: 2.2781483071506297 vs. 2.2781483071506297
list:
dist: 2.6226715718047617 vs. 2.6226715718047617
list:
dist: 2.7461301554053925 vs. 2.7461301554053925
list:
dist: 2.408687539346715 vs. 2.408687539346715
list:
dist: 2.1682223398006197 vs. 2.1682223398006197
list:
dist: 1.8949463135130482 vs. 1.8949463135130482
list:
dist: 3.0819621277420484 vs. 3.0819621277420484
list:
dist: 2.2033074804631188 vs. 2.2033074804631188
list:
dist: 2.2621208011391802 vs. 2.2621208011391802
list:
dist: 0.9914395670596102 vs. 0.9914395670596102
list:
dist: 1.0776227192293475 vs. 1.0776227192293475
list:
dist: 1.0554299574369326 vs. 1.0554299574369326
list:
dist: 1.1361043197966867 vs. 1.1361043197966867
list:
dist: 0.818818062008525 vs. 0.818818062008525
list:
dist: 0.967614551177418 vs. 0.967614551177418
list:
dist: 1.6064667221702333 vs. 1.6064667221702333
list:
dist: 1.2871775330101038 vs. 1.2871775330101038
list:
dist: 1.6695623728055853 vs. 1.6695623728055853
list:
dist: 1.7999475268217078 vs. 1.7999475268217078
list:
dist: 1.8118635116784836 vs. 1.8118635116784836
list:
dist: 1.6044665346432587 vs. 1.6044665346432587
list:
dist: 2.06017705532536 vs. 2.06017705532536
list:
dist: 2.864688618715915 vs. 2.864688618715915
list:
dist: 3.10025691150383 vs. 3.10025691150383
list:
dist: 2.578259321136397 vs. 2.578259321136397
list:
dist: 3.4301475934939396 vs. 3.4301475934939396
list:
dist: 3.665916661041662 vs. 3.665916661041662
list:
dist: 3.394834726969989 vs. 3.394834726969989
list:
dist: 2.676800847278698 vs. 2.676800847278698
list:
dist: 3.354373450462256 vs. 3.354373450462256
list:
dist: 2.879407790617601 vs. 2.879407790617601
list:
dist: 2.642399366417473 vs. 2.642399366417473
list:
dist: 2.7549538650708456 vs. 2.7549538650708456
list:
dist: 2.6455760877676355 vs. 2.6455760877676355
list:
dist: 3.2665498931210313 vs. 3.2665498931210313
list:
dist: 2.2949826179342807 vs. 2.2949826179342807
list:
dist: 3.55924918398082 vs. 3.55924918398082
list:
dist: 2.2305842552030835 vs. 2.2305842552030835
list:
dist: 3.4151980445553605 vs. 3.4151980445553605
list:
dist: 3.1275748407274007 vs. 3.1275748407274007
list:
dist: 3.546155306031085 vs. 3.546155306031085
list:
dist: 2.573287254931284 vs. 2.573287254931284
list:
dist: 1.9664529174661909 vs. 1.9664529174661909
list:
dist: 1.5929140145337268 vs. 1.5929140145337268
list:
dist: 2.639233499893729 vs. 2.639233499893729
list:
dist: 2.2515757633449773 vs. 2.2515757633449773
list:
dist: 2.2101258637748584 vs. 2.2101258637748584
list:
dist: 1.9411495645140746 vs. 1.9411495645140746
list:
dist: 2.9159404749724316 vs. 2.9159404749724316
list:
dist: 2.1522962424716545 vs. 2.1522962424716545
list:
dist: 2.7483828245247643 vs. 2.7483828245247643
list:
dist: 2.6632330471599235 vs. 2.6632330471599235
list:
dist: 1.3178280800004705 vs. 1.3178280800004705
list:
dist: 1.5332158284677415 vs. 1.5332158284677415
list:
dist: 2.755025011280279 vs. 2.755025011280279
list:
dist: 3.5653218507663347 vs. 3.5653218507663347
list:
dist: 3.6995754315782454 vs. 3.6995754315782454
list:
dist: 3.2767902314706974 vs. 3.2767902314706974
list:
dist: 3.175578543299523 vs. 3.175578543299523
list:
dist: 2.6337251558602626 vs. 2.6337251558602626
list:
dist: 4.010676430007646 vs. 4.010676430007646
list:
dist: 2.083123601434685 vs. 2.083123601434685
list:
dist: 2.8550547028580584 vs. 2.8550547028580584
list:
dist: 1.0554299574369326 vs. 1.0554299574369326
list:
dist: 0.6619144772056362 vs. 0.6619144772056362
list:
dist: 0.46780433640881813 vs. 0.46780433640881813
list:
dist: 0.8609763315785638 vs. 0.8609763315785638
list:
dist: 1.2733615872709356 vs. 1.2733615872709356
list:
dist: 1.6051923272564355 vs. 1.6051923272564355
list:
dist: 1.3848861419947427 vs. 1.3848861419947427
list:
dist: 1.8698076278809486 vs. 1.8698076278809486
list:
dist: 2.0404714397861046 vs. 2.0404714397861046
list:
dist: 1.3068190066384626 vs. 1.3068190066384626
list:
dist: 2.147371513477201 vs. 2.147371513477201
list:
dist: 0.8900392207059247 vs. 0.8900392207059247
list:
dist: 1.265486796973119 vs. 1.265486796973119
list:
dist: 3.564443004180629 vs. 3.564443004180629
list:
dist: 3.7740057360425685 vs. 3.7740057360425685
list:
dist: 3.1729355135150845 vs. 3.1729355135150845
list:
dist: 4.109638389484717 vs. 4.109638389484717
list:
dist: 4.186565018601223 vs. 4.186565018601223
list:
dist: 4.081615238525834 vs. 4.081615238525834
list:
dist: 3.2267277978290223 vs. 3.2267277978290223
list:
dist: 3.9796797111159283 vs. 3.9796797111159283
list:
dist: 3.307450598438082 vs. 3.307450598438082
list:
dist: 3.1220018339492928 vs. 3.1220018339492928
list:
dist: 3.3300726419956344 vs. 3.3300726419956344
list:
dist: 3.460830365412734 vs. 3.460830365412734
list:
dist: 3.5791895244181045 vs. 3.5791895244181045
list:
dist: 2.7101780846424854 vs. 2.7101780846424854
list:
dist: 3.995384291119904 vs. 3.995384291119904
list:
dist: 3.060712277640435 vs. 3.060712277640435
list:
dist: 3.7812434090975837 vs. 3.7812434090975837
list:
dist: 3.648642328831317 vs. 3.648642328831317
list:
dist: 3.789531780895192 vs. 3.789531780895192
list:
dist: 2.730317896281479 vs. 2.730317896281479
list:
dist: 1.923482685922406 vs. 1.923482685922406
list:
dist: 1.6539070234630755 vs. 1.6539070234630755
list:
dist: 2.7089669837487484 vs. 2.7089669837487484
list:
dist: 2.1991809888887106 vs. 2.1991809888887106
list:
dist: 2.554827173999893 vs. 2.554827173999893
list:
dist: 1.7569395607214164 vs. 1.7569395607214164
list:
dist: 2.3174934345707086 vs. 2.3174934345707086
list:
dist: 2.0898099187048826 vs. 2.0898099187048826
list:
dist: 2.486531425924207 vs. 2.486531425924207
list:
dist: 2.455264598548654 vs. 2.455264598548654
list:
dist: 1.5112647537548565 vs. 1.5112647537548565
list:
dist: 1.5890438389522685 vs. 1.5890438389522685
list:
dist: 2.8844879765695937 vs. 2.8844879765695937
list:
dist: 3.073813803113072 vs. 3.073813803113072
list:
dist: 3.218813205762723 vs. 3.218813205762723
list:
dist: 3.08233835083092 vs. 3.08233835083092
list:
dist: 2.831893917473338 vs. 2.831893917473338
list:
dist: 2.0230908120700537 vs. 2.0230908120700537
list:
dist: 3.5184176391545394 vs. 3.5184176391545394
list:
dist: 1.330137047111855 vs. 1.330137047111855
list:
dist: 2.4047914635353766 vs. 2.4047914635353766
list:
dist: 1.1361043197966867 vs. 1.1361043197966867
list:
dist: 1.2507317631864372 vs. 1.2507317631864372
list:
dist: 0.40325494005411466 vs. 0.40325494005411466
list:
dist: 0.8609763315785638 vs. 0.8609763315785638
list:
dist: 0.8404080575386714 vs. 0.8404080575386714
list:
dist: 1.3670746429347964 vs. 1.3670746429347964
list:
dist: 0.8633933548715159 vs. 0.8633933548715159
list:
dist: 1.3826562791512584 vs. 1.3826562791512584
list:
dist: 1.2446501450457945 vs. 1.2446501450457945
list:
dist: 0.6850709018284081 vs. 0.6850709018284081
list:
dist: 1.3316233896120324 vs. 1.3316233896120324
list:
dist: 1.2662648847991964 vs. 1.2662648847991964
list:
dist: 1.095097956645142 vs. 1.095097956645142
list:
dist: 2.8692396214287994 vs. 2.8692396214287994
list:
dist: 3.0614311128032132 vs. 3.0614311128032132
list:
dist: 2.421539081654257 vs. 2.421539081654257
list:
dist: 3.691890254846891 vs. 3.691890254846891
list:
dist: 3.6144457427751453 vs. 3.6144457427751453
list:
dist: 3.5175383154561524 vs. 3.5175383154561524
list:
dist: 2.649825130308295 vs. 2.649825130308295
list:
dist: 3.3263181819023644 vs. 3.3263181819023644
list:
dist: 2.6717251684379 vs. 2.6717251684379
list:
dist: 2.3966351727013286 vs. 2.3966351727013286
list:
dist: 2.6328506407756604 vs. 2.6328506407756604
list:
dist: 3.0022406080772126 vs. 3.0022406080772126
list:
dist: 2.95353343104319 vs. 2.95353343104319
list:
dist: 2.08450539509919 vs. 2.08450539509919
list:
dist: 3.560468985302161 vs. 3.560468985302161
list:
dist: 2.5221458006302493 vs. 2.5221458006302493
list:
dist: 3.490146945472745 vs. 3.490146945472745
list:
dist: 3.513541394432423 vs. 3.513541394432423
list:
dist: 3.5111090511449587 vs. 3.5111090511449587
list:
dist: 2.2853088179612686 vs. 2.2853088179612686
list:
dist: 1.271487916011717 vs. 1.271487916011717
list:
dist: 1.1650194272195165 vs. 1.1650194272195165
list:
dist: 2.034979205523646 vs. 2.034979205523646
list:
dist: 1.4410274203845077 vs. 1.4410274203845077
list:
dist: 1.8509353408458595 vs. 1.8509353408458595
list:
dist: 0.9480991163109458 vs. 0.9480991163109458
list:
dist: 2.0437551168215284 vs. 2.0437551168215284
list:
dist: 2.8871621287093707 vs. 2.8871621287093707
list:
dist: 3.0569227675486896 vs. 3.0569227675486896
list:
dist: 2.439066424945826 vs. 2.439066424945826
list:
dist: 2.595618954165772 vs. 2.595618954165772
list:
dist: 1.6594458159364567 vs. 1.6594458159364567
list:
dist: 3.0843193612018087 vs. 3.0843193612018087
list:
dist: 2.0190982778598467 vs. 2.0190982778598467
list:
dist: 3.039407919629594 vs. 3.039407919629594
list:
dist: 1.5929140145337268 vs. 1.5929140145337268
list:
dist: 2.1548198863466888 vs. 2.1548198863466888
list:
dist: 1.3607292547599004 vs. 1.3607292547599004
list:
dist: 1.6539070234630755 vs. 1.6539070234630755
list:
dist: 1.1650194272195165 vs. 1.1650194272195165
list:
dist: 1.5983559962731968 vs. 1.5983559962731968
list:
dist: 2.1072208684729063 vs. 2.1072208684729063
list:
dist: 1.9338341742132923 vs. 1.9338341742132923
list:
dist: 2.0169902728411437 vs. 2.0169902728411437
list:
dist: 1.3176791681100821 vs. 1.3176791681100821
list:
dist: 1.5370746001976776 vs. 1.5370746001976776
list:
dist: 1.3734422930536638 vs. 1.3734422930536638
list:
dist: 2.360811369552086 vs. 2.360811369552086
list:
dist: 1.492636418972713 vs. 1.492636418972713
list:
dist: 2.4418861675176036 vs. 2.4418861675176036
list:
dist: 2.5909046381929692 vs. 2.5909046381929692
list:
dist: 2.116655253682409 vs. 2.116655253682409
list:
dist: 2.7322965748819428 vs. 2.7322965748819428
list:
dist: 2.6127228802951703 vs. 2.6127228802951703
list:
dist: 2.6671403789099712 vs. 2.6671403789099712
list:
dist: 1.7291788825217 vs. 1.7291788825217
list:
dist: 2.5456262939138896 vs. 2.5456262939138896
list:
dist: 1.7243002999291113 vs. 1.7243002999291113
list:
dist: 1.7131240792848244 vs. 1.7131240792848244
list:
dist: 1.9635638580883559 vs. 1.9635638580883559
list:
dist: 2.2963392547596198 vs. 2.2963392547596198
list:
dist: 1.936453215231337 vs. 1.936453215231337
list:
dist: 1.1677409150729618 vs. 1.1677409150729618
list:
dist: 2.443313124345397 vs. 2.443313124345397
list:
dist: 2.050726575010372 vs. 2.050726575010372
list:
dist: 2.3558897228973055 vs. 2.3558897228973055
list:
dist: 2.525983365125597 vs. 2.525983365125597
list:
dist: 2.357557032977945 vs. 2.357557032977945
list:
dist: 1.1267635720916656 vs. 1.1267635720916656
list:
dist: 0.5221662611062932 vs. 0.5221662611062932
list:
dist: 1.1506212153743802 vs. 1.1506212153743802
list:
dist: 0.9713791072910193 vs. 0.9713791072910193
list:
dist: 1.0750813962961177 vs. 1.0750813962961177
list:
dist: 1.0989342879197406 vs. 1.0989342879197406
list:
dist: 1.6802821189090127 vs. 1.6802821189090127
list:
dist: 2.8217227948927923 vs. 2.8217227948927923
list:
dist: 2.476587642699764 vs. 2.476587642699764
list:
dist: 2.681619168587187 vs. 2.681619168587187
list:
dist: 3.0673705046341553 vs. 3.0673705046341553
list:
dist: 3.523410013593527 vs. 3.523410013593527
list:
dist: 3.2019453208183872 vs. 3.2019453208183872
list:
dist: 2.123031176015303 vs. 2.123031176015303
list:
dist: 2.41021857450402 vs. 2.41021857450402
list:
dist: 3.810700841492058 vs. 3.810700841492058
list:
dist: 1.8429937734478576 vs. 1.8429937734478576
list:
dist: 3.4243482573409674 vs. 3.4243482573409674
list:
dist: 2.06017705532536 vs. 2.06017705532536
list:
dist: 1.8692410709530562 vs. 1.8692410709530562
list:
dist: 1.0382738645962382 vs. 1.0382738645962382
list:
dist: 1.265486796973119 vs. 1.265486796973119
list:
dist: 1.095097956645142 vs. 1.095097956645142
list:
dist: 1.9317565130223269 vs. 1.9317565130223269
list:
dist: 2.4376374134622396 vs. 2.4376374134622396
list:
dist: 1.5826453089475787 vs. 1.5826453089475787
list:
dist: 2.454323291699217 vs. 2.454323291699217
list:
dist: 2.081876640215044 vs. 2.081876640215044
list:
dist: 0.9105215642066281 vs. 0.9105215642066281
list:
dist: 2.1154299678671262 vs. 2.1154299678671262
list:
dist: 1.6022859071364386 vs. 1.6022859071364386
list:
dist: 2.3857742089007004 vs. 2.3857742089007004
list:
dist: 1.4477422258505293 vs. 1.4477422258505293
list:
dist: 1.492636418972713 vs. 1.492636418972713
list:
dist: 2.141233968481341 vs. 2.141233968481341
list:
dist: 1.6032565585249792 vs. 1.6032565585249792
list:
dist: 2.3389221976939454 vs. 2.3389221976939454
list:
dist: 1.2299940433380174 vs. 1.2299940433380174
list:
dist: 1.204640018543195 vs. 1.204640018543195
list:
dist: 2.6115339410576897 vs. 2.6115339410576897
list:
dist: 2.7605545914068284 vs. 2.7605545914068284
list:
dist: 2.4148178916967353 vs. 2.4148178916967353
list:
dist: 1.6473483132920208 vs. 1.6473483132920208
list:
dist: 1.823553225133376 vs. 1.823553225133376
list:
dist: 3.2287720719689808 vs. 3.2287720719689808
list:
dist: 3.4976915888699596 vs. 3.4976915888699596
list:
dist: 3.640682994753615 vs. 3.640682994753615
list:
dist: 3.6810883656078888 vs. 3.6810883656078888
list:
dist: 3.3682628011027096 vs. 3.3682628011027096
list:
dist: 2.4205439294073354 vs. 2.4205439294073354
list:
dist: 3.954204207853875 vs. 3.954204207853875
list:
dist: 0.9648056770360608 vs. 0.9648056770360608
list:
dist: 2.595270737962346 vs. 2.595270737962346
list:
dist: 1.7999475268217078 vs. 1.7999475268217078
list:
dist: 1.6912151191740579 vs. 1.6912151191740579
list:
dist: 0.8853790127720078 vs. 0.8853790127720078
list:
dist: 1.3068190066384626 vs. 1.3068190066384626
list:
dist: 0.6850709018284081 vs. 0.6850709018284081
list:
dist: 1.330428502396614 vs. 1.330428502396614
list:
dist: 1.8129471478882135 vs. 1.8129471478882135
list:
dist: 0.7507273394831538 vs. 0.7507273394831538
list:
dist: 1.7237623903167296 vs. 1.7237623903167296
list:
dist: 1.451973594161971 vs. 1.451973594161971
list:
dist: 1.4772178530776572 vs. 1.4772178530776572
list:
dist: 1.3669412536918952 vs. 1.3669412536918952
list:
dist: 0.9105215642066281 vs. 0.9105215642066281
list:
dist: 3.1275678862018466 vs. 3.1275678862018466
list:
dist: 3.2895394103609106 vs. 3.2895394103609106
list:
dist: 2.6136934770427667 vs. 2.6136934770427667
list:
dist: 4.12727664075756 vs. 4.12727664075756
list:
dist: 3.8963863895709383 vs. 3.8963863895709383
list:
dist: 3.8685275371634242 vs. 3.8685275371634242
list:
dist: 2.9873867910257346 vs. 2.9873867910257346
list:
dist: 3.5955979282387416 vs. 3.5955979282387416
list:
dist: 2.9142111958991608 vs. 2.9142111958991608
list:
dist: 2.6014852123645755 vs. 2.6014852123645755
list:
dist: 2.8816292940625967 vs. 2.8816292940625967
list:
dist: 3.47090325877203 vs. 3.47090325877203
list:
dist: 3.1286115135548744 vs. 3.1286115135548744
list:
dist: 2.3794831517614297 vs. 2.3794831517614297
list:
dist: 3.8983462671432796 vs. 3.8983462671432796
list:
dist: 2.9570627201954074 vs. 2.9570627201954074
list:
dist: 3.8810597771434505 vs. 3.8810597771434505
list:
dist: 4.035910898082052 vs. 4.035910898082052
list:
dist: 3.851853095968568 vs. 3.851853095968568
list:
dist: 2.5583993630590114 vs. 2.5583993630590114
list:
dist: 1.4091868432232137 vs. 1.4091868432232137
list:
dist: 1.5370746001976776 vs. 1.5370746001976776
list:
dist: 2.096212193132488 vs. 2.096212193132488
list:
dist: 1.395531220556046 vs. 1.395531220556046
list:
dist: 2.07545846873188 vs. 2.07545846873188
list:
dist: 0.7768376865894338 vs. 0.7768376865894338
list:
dist: 1.876739843345149 vs. 1.876739843345149
list:
dist: 1.1463165859059008 vs. 1.1463165859059008
list:
dist: 1.2152172742410159 vs. 1.2152172742410159
list:
dist: 1.778411450734557 vs. 1.778411450734557
list:
dist: 1.6532005244769663 vs. 1.6532005244769663
list:
dist: 1.2960863865624026 vs. 1.2960863865624026
list:
dist: 2.0344176896424804 vs. 2.0344176896424804
list:
dist: 2.0915950251602253 vs. 2.0915950251602253
list:
dist: 2.1937757508558016 vs. 2.1937757508558016
list:
dist: 2.8521928057932 vs. 2.8521928057932
list:
dist: 2.029053540718861 vs. 2.029053540718861
list:
dist: 1.5389318582664524 vs. 1.5389318582664524
list:
dist: 2.735127676558935 vs. 2.735127676558935
list:
dist: 1.4769249374430933 vs. 1.4769249374430933
list:
dist: 1.0743796878644658 vs. 1.0743796878644658
list:
dist: 1.2871775330101038 vs. 1.2871775330101038
list:
dist: 1.7335213619057106 vs. 1.7335213619057106
list:
dist: 1.6113972874400113 vs. 1.6113972874400113
list:
dist: 1.8698076278809486 vs. 1.8698076278809486
list:
dist: 1.3826562791512584 vs. 1.3826562791512584
list:
dist: 0.6113563574185182 vs. 0.6113563574185182
list:
dist: 0.5146364689573737 vs. 0.5146364689573737
list:
dist: 1.193593146910005 vs. 1.193593146910005
list:
dist: 1.0930662870100467 vs. 1.0930662870100467
list:
dist: 1.7237623903167296 vs. 1.7237623903167296
list:
dist: 1.1984847358119326 vs. 1.1984847358119326
list:
dist: 1.9394157661153186 vs. 1.9394157661153186
list:
dist: 2.454323291699217 vs. 2.454323291699217
list:
dist: 2.259331176883736 vs. 2.259331176883736
list:
dist: 2.4899213041886163 vs. 2.4899213041886163
list:
dist: 1.8735474168354738 vs. 1.8735474168354738
list:
dist: 3.6172608112378697 vs. 3.6172608112378697
list:
dist: 3.6493308765688734 vs. 3.6493308765688734
list:
dist: 3.2748917599500187 vs. 3.2748917599500187
list:
dist: 2.6724527757763212 vs. 2.6724527757763212
list:
dist: 3.0634840858703787 vs. 3.0634840858703787
list:
dist: 2.8118128016044044 vs. 2.8118128016044044
list:
dist: 2.3026281870384504 vs. 2.3026281870384504
list:
dist: 2.393824459093631 vs. 2.393824459093631
list:
dist: 2.647105456412191 vs. 2.647105456412191
list:
dist: 3.251575488088066 vs. 3.251575488088066
list:
dist: 2.297890981084361 vs. 2.297890981084361
list:
dist: 3.8373414549381066 vs. 3.8373414549381066
list:
dist: 1.9735816591985844 vs. 1.9735816591985844
list:
dist: 3.93246502441433 vs. 3.93246502441433
list:
dist: 3.8134735952287153 vs. 3.8134735952287153
list:
dist: 4.095585001459427 vs. 4.095585001459427
list:
dist: 2.948176777063223 vs. 2.948176777063223
list:
dist: 2.1127043825065708 vs. 2.1127043825065708
list:
dist: 2.0169902728411437 vs. 2.0169902728411437
list:
dist: 2.633670666972547 vs. 2.633670666972547
list:
dist: 2.136759613039323 vs. 2.136759613039323
list:
dist: 2.0806074998863817 vs. 2.0806074998863817
list:
dist: 1.7673276256448733 vs. 1.7673276256448733
list:
dist: 3.3150978581270887 vs. 3.3150978581270887
list:
dist: 2.08500131680857 vs. 2.08500131680857
list:
dist: 2.0635048683585118 vs. 2.0635048683585118
list:
dist: 1.6895241723720877 vs. 1.6895241723720877
list:
dist: 1.1348610729698436 vs. 1.1348610729698436
list:
dist: 1.1833282233000597 vs. 1.1833282233000597
list:
dist: 2.5514491786901883 vs. 2.5514491786901883
list:
dist: 3.1980936699565796 vs. 3.1980936699565796
list:
dist: 3.3186205905424395 vs. 3.3186205905424395
list:
dist: 3.658236469399877 vs. 3.658236469399877
list:
dist: 3.108983673178606 vs. 3.108983673178606
list:
dist: 2.32888760119647 vs. 2.32888760119647
list:
dist: 3.7660645107539215 vs. 3.7660645107539215
list:
dist: 0.8383147897642553 vs. 0.8383147897642553
list:
dist: 1.9449778605684613 vs. 1.9449778605684613
list:
dist: 1.6064667221702333 vs. 1.6064667221702333
list:
dist: 1.4557901483474074 vs. 1.4557901483474074
list:
dist: 1.0420394735665004 vs. 1.0420394735665004
list:
dist: 1.3848861419947427 vs. 1.3848861419947427
list:
dist: 0.8633933548715159 vs. 0.8633933548715159
list:
dist: 0.9475684881965372 vs. 0.9475684881965372
list:
dist: 1.2651895967094837 vs. 1.2651895967094837
list:
dist: 1.193593146910005 vs. 1.193593146910005
list:
dist: 1.4012419039536566 vs. 1.4012419039536566
list:
dist: 0.7507273394831538 vs. 0.7507273394831538
list:
dist: 1.4535240820813953 vs. 1.4535240820813953
list:
dist: 1.1663117778886554 vs. 1.1663117778886554
list:
dist: 1.5826453089475787 vs. 1.5826453089475787
list:
dist: 3.0391707914638415 vs. 3.0391707914638415
list:
dist: 3.229139663041992 vs. 3.229139663041992
list:
dist: 2.532484514930926 vs. 2.532484514930926
list:
dist: 4.274905071448384 vs. 4.274905071448384
list:
dist: 4.135267053102437 vs. 4.135267053102437
list:
dist: 3.964731355408797 vs. 3.964731355408797
list:
dist: 3.1734137396209974 vs. 3.1734137396209974
list:
dist: 3.6928662698189005 vs. 3.6928662698189005
list:
dist: 3.173997224712867 vs. 3.173997224712867
list:
dist: 2.7434946727510288 vs. 2.7434946727510288
list:
dist: 2.9642533828939883 vs. 2.9642533828939883
list:
dist: 3.464944323827252 vs. 3.464944323827252
list:
dist: 3.482486162312848 vs. 3.482486162312848
list:
dist: 2.6253813213706843 vs. 2.6253813213706843
list:
dist: 4.22039068484192 vs. 4.22039068484192
list:
dist: 2.8563315182255944 vs. 2.8563315182255944
list:
dist: 4.241453623384102 vs. 4.241453623384102
list:
dist: 4.2763864682941986 vs. 4.2763864682941986
list:
dist: 4.282080320236184 vs. 4.282080320236184
list:
dist: 3.004763745149959 vs. 3.004763745149959
list:
dist: 1.8941358575746725 vs. 1.8941358575746725
list:
dist: 1.9338341742132923 vs. 1.9338341742132923
list:
dist: 2.556416807551445 vs. 2.556416807551445
list:
dist: 1.8675417482153607 vs. 1.8675417482153607
list:
dist: 2.323146201224901 vs. 2.323146201224901
list:
dist: 1.2580079340915344 vs. 1.2580079340915344
list:
dist: 2.615341466237717 vs. 2.615341466237717
list:
dist: 1.3009685499210666 vs. 1.3009685499210666
list:
dist: 1.6960586915248579 vs. 1.6960586915248579
list:
dist: 2.0121757305223964 vs. 2.0121757305223964
list:
dist: 1.382289926214959 vs. 1.382289926214959
list:
dist: 1.17367476372519 vs. 1.17367476372519
list:
dist: 2.2060622561300476 vs. 2.2060622561300476
list:
dist: 2.4506837705060165 vs. 2.4506837705060165
list:
dist: 2.5742715123396427 vs. 2.5742715123396427
list:
dist: 2.7788912614531025 vs. 2.7788912614531025
list:
dist: 2.233026247857217 vs. 2.233026247857217
list:
dist: 1.6596356445477156 vs. 1.6596356445477156
list:
dist: 3.0057311635845387 vs. 3.0057311635845387
list:
dist: 1.4508151946000019 vs. 1.4508151946000019
list:
dist: 1.6644637718439326 vs. 1.6644637718439326
list:
dist: 0.818818062008525 vs. 0.818818062008525
list:
dist: 1.241022375655239 vs. 1.241022375655239
list:
dist: 1.0206339255042551 vs. 1.0206339255042551
list:
dist: 1.2733615872709356 vs. 1.2733615872709356
list:
dist: 0.8404080575386714 vs. 0.8404080575386714
list:
dist: 0.5557022202606973 vs. 0.5557022202606973
list:
dist: 0.9475684881965372 vs. 0.9475684881965372
list:
dist: 0.6113563574185182 vs. 0.6113563574185182
list:
dist: 1.0938383983483229 vs. 1.0938383983483229
list:
dist: 1.330428502396614 vs. 1.330428502396614
list:
dist: 1.2220904304515339 vs. 1.2220904304515339
list:
dist: 1.4949875165648847 vs. 1.4949875165648847
list:
dist: 1.9317565130223269 vs. 1.9317565130223269
list:
dist: 2.5223282383402332 vs. 2.5223282383402332
list:
dist: 2.7492065410767887 vs. 2.7492065410767887
list:
dist: 2.123764014554105 vs. 2.123764014554105
list:
dist: 3.575654958128693 vs. 3.575654958128693
list:
dist: 3.6213947145785137 vs. 3.6213947145785137
list:
dist: 3.343334725817899 vs. 3.343334725817899
list:
dist: 2.6175875570849465 vs. 2.6175875570849465
list:
dist: 3.17096243852704 vs. 3.17096243852704
list:
dist: 2.7415953222764884 vs. 2.7415953222764884
list:
dist: 2.342920086544912 vs. 2.342920086544912
list:
dist: 2.487955288510895 vs. 2.487955288510895
list:
dist: 2.703845366327963 vs. 2.703845366327963
list:
dist: 3.1374804472711926 vs. 3.1374804472711926
list:
dist: 2.1672908023000197 vs. 2.1672908023000197
list:
dist: 3.6791264776912325 vs. 3.6791264776912325
list:
dist: 2.121745648039198 vs. 2.121745648039198
list:
dist: 3.677337233709739 vs. 3.677337233709739
list:
dist: 3.5591833494429808 vs. 3.5591833494429808
list:
dist: 3.7965043017899958 vs. 3.7965043017899958
list:
dist: 2.6381453309051146 vs. 2.6381453309051146
list:
dist: 1.7663708809448269 vs. 1.7663708809448269
list:
dist: 1.5983559962731968 vs. 1.5983559962731968
list:
dist: 2.411945270991782 vs. 2.411945270991782
list:
dist: 1.8875928989332644 vs. 1.8875928989332644
list:
dist: 1.962032390213303 vs. 1.962032390213303
list:
dist: 1.470092845969978 vs. 1.470092845969978
list:
dist: 2.841824098767483 vs. 2.841824098767483
list:
dist: 2.1339618985840616 vs. 2.1339618985840616
list:
dist: 2.6169770918146944 vs. 2.6169770918146944
list:
dist: 2.52648722429988 vs. 2.52648722429988
list:
dist: 1.3621182308091504 vs. 1.3621182308091504
list:
dist: 1.5259916945635683 vs. 1.5259916945635683
list:
dist: 2.832835992678937 vs. 2.832835992678937
list:
dist: 3.3365057626754924 vs. 3.3365057626754924
list:
dist: 3.477405520622477 vs. 3.477405520622477
list:
dist: 3.200966896157134 vs. 3.200966896157134
list:
dist: 3.025134012706064 vs. 3.025134012706064
list:
dist: 2.330661156326095 vs. 2.330661156326095
list:
dist: 3.7827196610683775 vs. 3.7827196610683775
list:
dist: 1.6524498926787532 vs. 1.6524498926787532
list:
dist: 2.624024155294613 vs. 2.624024155294613
list:
dist: 1.0776227192293475 vs. 1.0776227192293475
list:
dist: 0.9534060827944274 vs. 0.9534060827944274
list:
dist: 0.46780433640881813 vs. 0.46780433640881813
list:
dist: 0.40325494005411466 vs. 0.40325494005411466
list:
dist: 1.0206339255042551 vs. 1.0206339255042551
list:
dist: 1.4688004619150354 vs. 1.4688004619150354
list:
dist: 1.0420394735665004 vs. 1.0420394735665004
list:
dist: 1.6113972874400113 vs. 1.6113972874400113
list:
dist: 1.6300240743845804 vs. 1.6300240743845804
list:
dist: 0.8853790127720078 vs. 0.8853790127720078
list:
dist: 1.725013000265793 vs. 1.725013000265793
list:
dist: 1.0016195028335004 vs. 1.0016195028335004
list:
dist: 1.0382738645962382 vs. 1.0382738645962382
list:
dist: 3.218625420962456 vs. 3.218625420962456
list:
dist: 3.417963515533944 vs. 3.417963515533944
list:
dist: 2.793113631669292 vs. 2.793113631669292
list:
dist: 3.908355868018615 vs. 3.908355868018615
list:
dist: 3.8945611484756757 vs. 3.8945611484756757
list:
dist: 3.803390778298955 vs. 3.803390778298955
list:
dist: 2.932188119707569 vs. 2.932188119707569
list:
dist: 3.651386656111268 vs. 3.651386656111268
list:
dist: 2.9757128018647014 vs. 2.9757128018647014
list:
dist: 2.7484226046904237 vs. 2.7484226046904237
list:
dist: 2.976185930913754 vs. 2.976185930913754
list:
dist: 3.242820579548666 vs. 3.242820579548666
list:
dist: 3.245515747580533 vs. 3.245515747580533
list:
dist: 2.3817782593832177 vs. 2.3817782593832177
list:
dist: 3.7703807021394993 vs. 3.7703807021394993
list:
dist: 2.8002221902773465 vs. 2.8002221902773465
list:
dist: 3.6285422597753354 vs. 3.6285422597753354
list:
dist: 3.589688311157603 vs. 3.589688311157603
list:
dist: 3.636115170758361 vs. 3.636115170758361
list:
dist: 2.477054411232116 vs. 2.477054411232116
list:
dist: 1.5475329051473297 vs. 1.5475329051473297
list:
dist: 1.3607292547599004 vs. 1.3607292547599004
list:
dist: 2.3331468849814914 vs. 2.3331468849814914
list:
dist: 1.7735306614769497 vs. 1.7735306614769497
list:
dist: 2.183611918998843 vs. 2.183611918998843
list:
dist: 1.298563690652606 vs. 1.298563690652606
list:
dist: 2.091348761037817 vs. 2.091348761037817
list:
dist: 3.0479410029364504 vs. 3.0479410029364504
list:
dist: 3.2138262548232848 vs. 3.2138262548232848
list:
dist: 3.0929238844608165 vs. 3.0929238844608165
list:
dist: 2.9969890694389125 vs. 2.9969890694389125
list:
dist: 1.7998139503695971 vs. 1.7998139503695971
list:
dist: 3.268976222690258 vs. 3.268976222690258
list:
dist: 1.5443268158255583 vs. 1.5443268158255583
list:
dist: 2.994485728820277 vs. 2.994485728820277
list:
dist: 2.2515757633449773 vs. 2.2515757633449773
list:
dist: 2.6775011297476374 vs. 2.6775011297476374
list:
dist: 1.7735306614769497 vs. 1.7735306614769497
list:
dist: 2.1991809888887106 vs. 2.1991809888887106
list:
dist: 1.4410274203845077 vs. 1.4410274203845077
list:
dist: 1.8875928989332644 vs. 1.8875928989332644
list:
dist: 2.4085289412464013 vs. 2.4085289412464013
list:
dist: 1.8675417482153607 vs. 1.8675417482153607
list:
dist: 2.136759613039323 vs. 2.136759613039323
list:
dist: 1.1409644449991345 vs. 1.1409644449991345
list:
dist: 1.395531220556046 vs. 1.395531220556046
list:
dist: 1.0876992169578967 vs. 1.0876992169578967
list:
dist: 2.643674261731145 vs. 2.643674261731145
list:
dist: 1.6032565585249792 vs. 1.6032565585249792
list:
dist: 2.2820497222961804 vs. 2.2820497222961804
list:
dist: 2.3735241639044053 vs. 2.3735241639044053
list:
dist: 1.838595233192448 vs. 1.838595233192448
list:
dist: 3.0647091947614373 vs. 3.0647091947614373
list:
dist: 2.6274967982100286 vs. 2.6274967982100286
list:
dist: 2.755030702935218 vs. 2.755030702935218
list:
dist: 1.858158292463098 vs. 1.858158292463098
list:
dist: 2.445210872722225 vs. 2.445210872722225
list:
dist: 1.6524263580138363 vs. 1.6524263580138363
list:
dist: 1.469745220508003 vs. 1.469745220508003
list:
dist: 1.8073140627926123 vs. 1.8073140627926123
list:
dist: 2.6245665744416447 vs. 2.6245665744416447
list:
dist: 1.7767613246686602 vs. 1.7767613246686602
list:
dist: 1.244468160255351 vs. 1.244468160255351
list:
dist: 2.691609212810458 vs. 2.691609212810458
list:
dist: 2.2653862205373203 vs. 2.2653862205373203
list:
dist: 2.816478238687053 vs. 2.816478238687053
list:
dist: 3.2158339804843066 vs. 3.2158339804843066
list:
dist: 2.779395266137955 vs. 2.779395266137955
list:
dist: 1.449707534024262 vs. 1.449707534024262
list:
dist: 0.4676405386728903 vs. 0.4676405386728903
list:
dist: 0.9713791072910193 vs. 0.9713791072910193
list:
dist: 0.726352960236968 vs. 0.726352960236968
list:
dist: 0.9285742300704607 vs. 0.9285742300704607
list:
dist: 0.6351549092504557 vs. 0.6351549092504557
list:
dist: 1.6159747020352877 vs. 1.6159747020352877
list:
dist: 2.769282464114665 vs. 2.769282464114665
list:
dist: 2.4798394190434707 vs. 2.4798394190434707
list:
dist: 2.797094307312847 vs. 2.797094307312847
list:
dist: 3.105069037976032 vs. 3.105069037976032
list:
dist: 2.2855715603152866 vs. 2.2855715603152866
list:
dist: 1.5079777511436443 vs. 1.5079777511436443
list:
dist: 1.6459907551143806 vs. 1.6459907551143806
list:
dist: 2.5250328639073616 vs. 2.5250328639073616
list:
dist: 1.8607294889667172 vs. 1.8607294889667172
list:
dist: 0.8440069905937972 vs. 0.8440069905937972
list:
dist: 1.7433362787853457 vs. 1.7433362787853457
list:
dist: 4.412995580691149 vs. 4.412995580691149
list:
dist: 2.1524578935988368 vs. 2.1524578935988368
list:
dist: 2.2007188512728364 vs. 2.2007188512728364
list:
dist: 2.578259321136397 vs. 2.578259321136397
list:
dist: 3.3356152509715447 vs. 3.3356152509715447
list:
dist: 2.793113631669292 vs. 2.793113631669292
list:
dist: 3.1729355135150845 vs. 3.1729355135150845
list:
dist: 2.421539081654257 vs. 2.421539081654257
list:
dist: 2.123764014554105 vs. 2.123764014554105
list:
dist: 2.3142112174475047 vs. 2.3142112174475047
list:
dist: 2.532484514930926 vs. 2.532484514930926
list:
dist: 1.8735474168354738 vs. 1.8735474168354738
list:
dist: 1.1942158355967216 vs. 1.1942158355967216
list:
dist: 2.6136934770427667 vs. 2.6136934770427667
list:
dist: 1.140230154341338 vs. 1.140230154341338
list:
dist: 0.5664321536307807 vs. 0.5664321536307807
list:
dist: 0.7064314404702404 vs. 0.7064314404702404
list:
dist: 2.4633593401951766 vs. 2.4633593401951766
list:
dist: 2.1621280452503067 vs. 2.1621280452503067
list:
dist: 1.7972103535482782 vs. 1.7972103535482782
list:
dist: 1.4576658235686246 vs. 1.4576658235686246
list:
dist: 1.3888601380159726 vs. 1.3888601380159726
list:
dist: 1.4961788120402906 vs. 1.4961788120402906
list:
dist: 0.8306665458027068 vs. 0.8306665458027068
list:
dist: 0.7866341439133422 vs. 0.7866341439133422
list:
dist: 1.663087025392576 vs. 1.663087025392576
list:
dist: 1.9376396139404155 vs. 1.9376396139404155
list:
dist: 1.3646733765909986 vs. 1.3646733765909986
list:
dist: 2.6872378762625972 vs. 2.6872378762625972
list:
dist: 1.0843427231628981 vs. 1.0843427231628981
list:
dist: 2.32305877339396 vs. 2.32305877339396
list:
dist: 1.9919139111297157 vs. 1.9919139111297157
list:
dist: 2.116655253682409 vs. 2.116655253682409
list:
dist: 1.8686527980976273 vs. 1.8686527980976273
list:
dist: 1.838595233192448 vs. 1.838595233192448
list:
dist: 1.2218272373550991 vs. 1.2218272373550991
list:
dist: 2.032510439490096 vs. 2.032510439490096
list:
dist: 2.9998814948276724 vs. 2.9998814948276724
list:
dist: 2.528182943294091 vs. 2.528182943294091
list:
dist: 2.312989849071121 vs. 2.312989849071121
list:
dist: 2.4840961208237413 vs. 2.4840961208237413
list:
dist: 2.3246807035015395 vs. 2.3246807035015395
list:
dist: 2.269205551478871 vs. 2.269205551478871
list:
dist: 1.0853682843246084 vs. 1.0853682843246084
list:
dist: 2.4079920397179575 vs. 2.4079920397179575
list:
dist: 2.0645184301166544 vs. 2.0645184301166544
list:
dist: 2.8664336024808854 vs. 2.8664336024808854
list:
dist: 2.2101258637748584 vs. 2.2101258637748584
list:
dist: 2.9308921966873096 vs. 2.9308921966873096
list:
dist: 2.183611918998843 vs. 2.183611918998843
list:
dist: 2.554827173999893 vs. 2.554827173999893
list:
dist: 1.8509353408458595 vs. 1.8509353408458595
list:
dist: 1.962032390213303 vs. 1.962032390213303
list:
dist: 2.3804146645068416 vs. 2.3804146645068416
list:
dist: 2.323146201224901 vs. 2.323146201224901
list:
dist: 2.0806074998863817 vs. 2.0806074998863817
list:
dist: 1.074182824783748 vs. 1.074182824783748
list:
dist: 2.07545846873188 vs. 2.07545846873188
list:
dist: 1.0470014718586274 vs. 1.0470014718586274
list:
dist: 3.111019640377309 vs. 3.111019640377309
list:
dist: 2.3389221976939454 vs. 2.3389221976939454
list:
dist: 1.5119733505926125 vs. 1.5119733505926125
list:
dist: 1.6072450601624746 vs. 1.6072450601624746
list:
dist: 1.2218272373550991 vs. 1.2218272373550991
list:
dist: 2.19511639332216 vs. 2.19511639332216
list:
dist: 1.8341735639063574 vs. 1.8341735639063574
list:
dist: 1.8460268800419355 vs. 1.8460268800419355
list:
dist: 0.9627480318155729 vs. 0.9627480318155729
list:
dist: 1.5774589398161452 vs. 1.5774589398161452
list:
dist: 0.8541979772513565 vs. 0.8541979772513565
list:
dist: 0.6521964976610698 vs. 0.6521964976610698
list:
dist: 0.9498141457856191 vs. 0.9498141457856191
list:
dist: 1.7196732562038488 vs. 1.7196732562038488
list:
dist: 1.1935222417457831 vs. 1.1935222417457831
list:
dist: 0.38299270827144294 vs. 0.38299270827144294
list:
dist: 2.005567443678563 vs. 2.005567443678563
list:
dist: 1.4352363026238883 vs. 1.4352363026238883
list:
dist: 2.247545172295674 vs. 2.247545172295674
list:
dist: 2.586355728962861 vs. 2.586355728962861
list:
dist: 2.341159751196063 vs. 2.341159751196063
list:
dist: 1.1554374341601839 vs. 1.1554374341601839
list:
dist: 0.9249872449850368 vs. 0.9249872449850368
list:
dist: 1.0750813962961177 vs. 1.0750813962961177
list:
dist: 0.7595765012015749 vs. 0.7595765012015749
list:
dist: 0.9285742300704607 vs. 0.9285742300704607
list:
dist: 1.367059960077317 vs. 1.367059960077317
list:
dist: 2.3408932196458387 vs. 2.3408932196458387
list:
dist: 2.2868773544688135 vs. 2.2868773544688135
list:
dist: 1.8673097163446708 vs. 1.8673097163446708
list:
dist: 2.349177810679819 vs. 2.349177810679819
list:
dist: 2.998342063259415 vs. 2.998342063259415
list:
dist: 3.017361214857694 vs. 3.017361214857694
list:
dist: 3.187654726829072 vs. 3.187654726829072
list:
dist: 2.805121649443725 vs. 2.805121649443725
list:
dist: 2.8503092883219363 vs. 2.8503092883219363
list:
dist: 1.7483225193046705 vs. 1.7483225193046705
list:
dist: 3.2173710951236383 vs. 3.2173710951236383
list:
dist: 1.775268663769649 vs. 1.775268663769649
list:
dist: 3.0686127898996416 vs. 3.0686127898996416
list:
dist: 1.9664529174661909 vs. 1.9664529174661909
list:
dist: 2.437480302691938 vs. 2.437480302691938
list:
dist: 1.5475329051473297 vs. 1.5475329051473297
list:
dist: 1.923482685922406 vs. 1.923482685922406
list:
dist: 1.271487916011717 vs. 1.271487916011717
list:
dist: 1.7663708809448269 vs. 1.7663708809448269
list:
dist: 2.3000115202239884 vs. 2.3000115202239884
list:
dist: 1.8941358575746725 vs. 1.8941358575746725
list:
dist: 2.1127043825065708 vs. 2.1127043825065708
list:
dist: 1.220982693443357 vs. 1.220982693443357
list:
dist: 1.4091868432232137 vs. 1.4091868432232137
list:
dist: 1.2220792082133047 vs. 1.2220792082133047
list:
dist: 2.499592730525062 vs. 2.499592730525062
list:
dist: 1.4477422258505293 vs. 1.4477422258505293
list:
dist: 2.380198215646691 vs. 2.380198215646691
list:
dist: 2.497058543454321 vs. 2.497058543454321
list:
dist: 1.9919139111297157 vs. 1.9919139111297157
list:
dist: 2.892815195763094 vs. 2.892815195763094
list:
dist: 2.5849569545174287 vs. 2.5849569545174287
list:
dist: 2.7062057247339033 vs. 2.7062057247339033
list:
dist: 1.763061396284126 vs. 1.763061396284126
list:
dist: 2.485956772807365 vs. 2.485956772807365
list:
dist: 1.6335585157169215 vs. 1.6335585157169215
list:
dist: 1.5645775774222819 vs. 1.5645775774222819
list:
dist: 1.8735562482953125 vs. 1.8735562482953125
list:
dist: 2.4800789229126554 vs. 2.4800789229126554
list:
dist: 1.7810035048011381 vs. 1.7810035048011381
list:
dist: 1.141933011366507 vs. 1.141933011366507
list:
dist: 2.519613014147549 vs. 2.519613014147549
list:
dist: 2.185091921818442 vs. 2.185091921818442
list:
dist: 2.5396452199261095 vs. 2.5396452199261095
list:
dist: 2.865664058945052 vs. 2.865664058945052
list:
dist: 2.5032516077799123 vs. 2.5032516077799123
list:
dist: 1.1746364306032102 vs. 1.1746364306032102
list:
dist: 0.5221662611062932 vs. 0.5221662611062932
list:
dist: 0.7895876542200905 vs. 0.7895876542200905
list:
dist: 0.4676405386728903 vs. 0.4676405386728903
list:
dist: 0.9249872449850368 vs. 0.9249872449850368
list:
dist: 0.7777783372363621 vs. 0.7777783372363621
list:
dist: 1.4893711633110398 vs. 1.4893711633110398
list:
dist: 2.720460877318523 vs. 2.720460877318523
list:
dist: 2.41394975572582 vs. 2.41394975572582
list:
dist: 2.66022651139195 vs. 2.66022651139195
list:
dist: 2.978912201861813 vs. 2.978912201861813
list:
dist: 2.5861767277075813 vs. 2.5861767277075813
list:
dist: 3.798505505644223 vs. 3.798505505644223
list:
dist: 2.7946428199319144 vs. 2.7946428199319144
list:
dist: 2.3736960794297115 vs. 2.3736960794297115
list:
dist: 2.0339040836268563 vs. 2.0339040836268563
list:
dist: 1.9433918339055016 vs. 1.9433918339055016
list:
dist: 1.930786455992039 vs. 1.930786455992039
list:
dist: 3.1548459026651225 vs. 3.1548459026651225
list:
dist: 3.75703341134176 vs. 3.75703341134176
list:
dist: 4.594792682703033 vs. 4.594792682703033
list:
dist: 4.023019311872679 vs. 4.023019311872679
list:
dist: 4.879003255599822 vs. 4.879003255599822
list:
dist: 4.970696484091428 vs. 4.970696484091428
list:
dist: 4.844904222640122 vs. 4.844904222640122
list:
dist: 4.0942201975634465 vs. 4.0942201975634465
list:
dist: 3.6722398615675744 vs. 3.6722398615675744
list:
dist: 4.237361897141727 vs. 4.237361897141727
list:
dist: 3.4906950836242445 vs. 3.4906950836242445
list:
dist: 4.707863402562903 vs. 4.707863402562903
list:
dist: 3.1476599400490306 vs. 3.1476599400490306
list:
dist: 3.271773467421192 vs. 3.271773467421192
list:
dist: 3.8321320531652643 vs. 3.8321320531652643
list:
dist: 3.228448426003504 vs. 3.228448426003504
list:
dist: 2.2307728715493136 vs. 2.2307728715493136
list:
dist: 3.666793130436494 vs. 3.666793130436494
list:
dist: 3.4955026589708216 vs. 3.4955026589708216
list:
dist: 2.0294712720192227 vs. 2.0294712720192227
list:
dist: 2.2033074804631188 vs. 2.2033074804631188
list:
dist: 2.2643380108336624 vs. 2.2643380108336624
list:
dist: 1.6524498926787532 vs. 1.6524498926787532
list:
dist: 2.083123601434685 vs. 2.083123601434685
list:
dist: 1.330137047111855 vs. 1.330137047111855
list:
dist: 1.4508151946000019 vs. 1.4508151946000019
list:
dist: 1.7931257139084336 vs. 1.7931257139084336
list:
dist: 0.8383147897642553 vs. 0.8383147897642553
list:
dist: 1.4769249374430933 vs. 1.4769249374430933
list:
dist: 1.203401451718464 vs. 1.203401451718464
list:
dist: 0.9648056770360608 vs. 0.9648056770360608
list:
dist: 1.1663389421918633 vs. 1.1663389421918633
list:
dist: 2.757397398441723 vs. 2.757397398441723
list:
dist: 3.352818386402231 vs. 3.352818386402231
list:
dist: 3.919219484671107 vs. 3.919219484671107
list:
dist: 1.9662691383106523 vs. 1.9662691383106523
list:
dist: 1.8429937734478576 vs. 1.8429937734478576
list:
dist: 2.7106207819254977 vs. 2.7106207819254977
list:
dist: 2.853372452344272 vs. 2.853372452344272
list:
dist: 2.1524578935988368 vs. 2.1524578935988368
list:
dist: 4.172534008459754 vs. 4.172534008459754
list:
dist: 3.849779909328335 vs. 3.849779909328335
list:
dist: 3.729884278429772 vs. 3.729884278429772
list:
dist: 2.9747174102341094 vs. 2.9747174102341094
list:
dist: 3.35950069298318 vs. 3.35950069298318
list:
dist: 2.8826282744548717 vs. 2.8826282744548717
list:
dist: 2.3862080895957782 vs. 2.3862080895957782
list:
dist: 2.6334597191139633 vs. 2.6334597191139633
list:
dist: 3.4049957153408545 vs. 3.4049957153408545
list:
dist: 3.147858398910624 vs. 3.147858398910624
list:
dist: 2.4276881978196463 vs. 2.4276881978196463
list:
dist: 4.061008846910782 vs. 4.061008846910782
list:
dist: 2.775984299413442 vs. 2.775984299413442
list:
dist: 2.906865284369421 vs. 2.906865284369421
list:
dist: 1.775268663769649 vs. 1.775268663769649
list:
dist: 2.0190982778598467 vs. 2.0190982778598467
list:
dist: 2.234834306355179 vs. 2.234834306355179
list:
dist: 1.5443268158255583 vs. 1.5443268158255583
list:
dist: 2.0645184301166544 vs. 2.0645184301166544
list:
dist: 1.0319457218653985 vs. 1.0319457218653985
list:
dist: 2.5802259020433302 vs. 2.5802259020433302
list:
dist: 2.073239145592742 vs. 2.073239145592742
list:
dist: 2.242046581350371 vs. 2.242046581350371
list:
dist: 2.612623703559644 vs. 2.612623703559644
list:
dist: 2.3343693611195144 vs. 2.3343693611195144
list:
dist: 2.1615480494909893 vs. 2.1615480494909893
list:
dist: 3.1202372425612865 vs. 3.1202372425612865
list:
dist: 2.131845008857096 vs. 2.131845008857096
list:
dist: 2.282347628605852 vs. 2.282347628605852
list:
dist: 2.6730043482677326 vs. 2.6730043482677326
list:
dist: 2.146706952806705 vs. 2.146706952806705
list:
dist: 1.0464609471497146 vs. 1.0464609471497146
list:
dist: 2.554578923804033 vs. 2.554578923804033
list:
dist: 1.203401451718464 vs. 1.203401451718464
list:
dist: 1.8934617990828602 vs. 1.8934617990828602
list:
dist: 1.6695623728055853 vs. 1.6695623728055853
list:
dist: 2.2518867441756263 vs. 2.2518867441756263
list:
dist: 1.6300240743845804 vs. 1.6300240743845804
list:
dist: 2.0404714397861046 vs. 2.0404714397861046
list:
dist: 1.2446501450457945 vs. 1.2446501450457945
list:
dist: 1.0938383983483229 vs. 1.0938383983483229
list:
dist: 1.476583089984047 vs. 1.476583089984047
list:
dist: 1.4012419039536566 vs. 1.4012419039536566
list:
dist: 1.0930662870100467 vs. 1.0930662870100467
list:
dist: 1.451973594161971 vs. 1.451973594161971
list:
dist: 0.14586474112871872 vs. 0.14586474112871872
list:
dist: 2.355381017778687 vs. 2.355381017778687
list:
dist: 2.081876640215044 vs. 2.081876640215044
list:
dist: 1.6890765303083717 vs. 1.6890765303083717
list:
dist: 1.8695802580843308 vs. 1.8695802580843308
list:
dist: 1.1942158355967216 vs. 1.1942158355967216
list:
dist: 3.003259580670936 vs. 3.003259580670936
list:
dist: 2.7988831712735056 vs. 2.7988831712735056
list:
dist: 2.593530766403296 vs. 2.593530766403296
list:
dist: 1.8576997706082823 vs. 1.8576997706082823
list:
dist: 2.294162076983757 vs. 2.294162076983757
list:
dist: 1.8705924248423638 vs. 1.8705924248423638
list:
dist: 1.3654592387249982 vs. 1.3654592387249982
list:
dist: 1.5650254738424745 vs. 1.5650254738424745
list:
dist: 2.203681446732739 vs. 2.203681446732739
list:
dist: 2.2521428819511833 vs. 2.2521428819511833
list:
dist: 1.377882532495244 vs. 1.377882532495244
list:
dist: 3.0188308250301508 vs. 3.0188308250301508
list:
dist: 1.5971893299944147 vs. 1.5971893299944147
list:
dist: 3.1956265467108556 vs. 3.1956265467108556
list:
dist: 3.322279563079318 vs. 3.322279563079318
list:
dist: 3.3086047414770796 vs. 3.3086047414770796
list:
dist: 2.0686446478133402 vs. 2.0686446478133402
list:
dist: 1.220982693443357 vs. 1.220982693443357
list:
dist: 1.3176791681100821 vs. 1.3176791681100821
list:
dist: 1.5849633499365998 vs. 1.5849633499365998
list:
dist: 1.1409644449991345 vs. 1.1409644449991345
list:
dist: 1.074182824783748 vs. 1.074182824783748
list:
dist: 1.0077461087744288 vs. 1.0077461087744288
list:
dist: 2.5939210156704826 vs. 2.5939210156704826
list:
dist: 2.2027524056586025 vs. 2.2027524056586025
list:
dist: 2.3228213899541017 vs. 2.3228213899541017
list:
dist: 2.6606726263289078 vs. 2.6606726263289078
list:
dist: 2.427123199558527 vs. 2.427123199558527
list:
dist: 2.262550978413153 vs. 2.262550978413153
list:
dist: 3.230460221753475 vs. 3.230460221753475
list:
dist: 2.178587484267493 vs. 2.178587484267493
list:
dist: 2.3283266440113737 vs. 2.3283266440113737
list:
dist: 2.761795730972451 vs. 2.761795730972451
list:
dist: 2.23331389186151 vs. 2.23331389186151
list:
dist: 1.0960710385701165 vs. 1.0960710385701165
list:
dist: 2.5869385698358496 vs. 2.5869385698358496
list:
dist: 1.1663389421918633 vs. 1.1663389421918633
list:
dist: 1.9433910526480465 vs. 1.9433910526480465
list:
dist: 1.8118635116784836 vs. 1.8118635116784836
list:
dist: 2.3726204157620407 vs. 2.3726204157620407
list:
dist: 1.725013000265793 vs. 1.725013000265793
list:
dist: 2.147371513477201 vs. 2.147371513477201
list:
dist: 1.3316233896120324 vs. 1.3316233896120324
list:
dist: 1.2220904304515339 vs. 1.2220904304515339
list:
dist: 1.6010467737930183 vs. 1.6010467737930183
list:
dist: 1.4535240820813953 vs. 1.4535240820813953
list:
dist: 1.1984847358119326 vs. 1.1984847358119326
list:
dist: 0.14586474112871872 vs. 0.14586474112871872
list:
dist: 1.4772178530776572 vs. 1.4772178530776572
list:
dist: 2.443850482326064 vs. 2.443850482326064
list:
dist: 2.1154299678671262 vs. 2.1154299678671262
list:
dist: 1.657785456879008 vs. 1.657785456879008
list:
dist: 1.8243447851595127 vs. 1.8243447851595127
list:
dist: 1.140230154341338 vs. 1.140230154341338
list:
dist: 3.024800343354017 vs. 3.024800343354017
list:
dist: 2.7719600051187445 vs. 2.7719600051187445
list:
dist: 2.5850177554141385 vs. 2.5850177554141385
list:
dist: 1.855333272051777 vs. 1.855333272051777
list:
dist: 2.258452429639968 vs. 2.258452429639968
list:
dist: 1.8378848072229554 vs. 1.8378848072229554
list:
dist: 1.3124077202645705 vs. 1.3124077202645705
list:
dist: 1.525918157893419 vs. 1.525918157893419
list:
dist: 2.2449033178283604 vs. 2.2449033178283604
list:
dist: 2.2051933233869065 vs. 2.2051933233869065
list:
dist: 1.3727274876274898 vs. 1.3727274876274898
list:
dist: 3.018758030075369 vs. 3.018758030075369
list:
dist: 1.641725080280644 vs. 1.641725080280644
list:
dist: 3.2204700463475975 vs. 3.2204700463475975
list:
dist: 3.3853788357615975 vs. 3.3853788357615975
list:
dist: 3.326133071494354 vs. 3.326133071494354
list:
dist: 2.0761806339037947 vs. 2.0761806339037947
list:
dist: 1.2220792082133047 vs. 1.2220792082133047
list:
dist: 1.3734422930536638 vs. 1.3734422930536638
list:
dist: 1.532862171058142 vs. 1.532862171058142
list:
dist: 1.0876992169578967 vs. 1.0876992169578967
list:
dist: 1.0470014718586274 vs. 1.0470014718586274
list:
dist: 0.9866343669886896 vs. 0.9866343669886896
list:
dist: 2.5858775412450186 vs. 2.5858775412450186
list:
dist: 3.1174204795314964 vs. 3.1174204795314964
list:
dist: 3.2738186229438693 vs. 3.2738186229438693
list:
dist: 3.292694698335357 vs. 3.292694698335357
list:
dist: 3.047074186309408 vs. 3.047074186309408
list:
dist: 1.9305058979686014 vs. 1.9305058979686014
list:
dist: 3.471187513288219 vs. 3.471187513288219
list:
dist: 1.0319457218653985 vs. 1.0319457218653985
list:
dist: 2.6485219353149088 vs. 2.6485219353149088
list:
dist: 1.9411495645140746 vs. 1.9411495645140746
list:
dist: 2.1936933695215823 vs. 2.1936933695215823
list:
dist: 1.298563690652606 vs. 1.298563690652606
list:
dist: 1.7569395607214164 vs. 1.7569395607214164
list:
dist: 0.9480991163109458 vs. 0.9480991163109458
list:
dist: 1.470092845969978 vs. 1.470092845969978
list:
dist: 2.000111581722579 vs. 2.000111581722579
list:
dist: 1.2580079340915344 vs. 1.2580079340915344
list:
dist: 1.7673276256448733 vs. 1.7673276256448733
list:
dist: 1.0077461087744288 vs. 1.0077461087744288
list:
dist: 0.7768376865894338 vs. 0.7768376865894338
list:
dist: 0.9866343669886896 vs. 0.9866343669886896
list:
dist: 2.064256460403668 vs. 2.064256460403668
list:
dist: 1.2299940433380174 vs. 1.2299940433380174
list:
dist: 2.5362206382447923 vs. 2.5362206382447923
list:
dist: 2.6682659731235816 vs. 2.6682659731235816
list:
dist: 2.032510439490096 vs. 2.032510439490096
list:
dist: 3.5087540309290595 vs. 3.5087540309290595
list:
dist: 3.175246227186646 vs. 3.175246227186646
list:
dist: 3.2010225762089926 vs. 3.2010225762089926
list:
dist: 2.3157463670654086 vs. 2.3157463670654086
list:
dist: 2.8973831143432482 vs. 2.8973831143432482
list:
dist: 2.1873567953771356 vs. 2.1873567953771356
list:
dist: 1.8926570741922957 vs. 1.8926570741922957
list:
dist: 2.200158354589564 vs. 2.200158354589564
list:
dist: 2.9263655337975023 vs. 2.9263655337975023
list:
dist: 2.379934673789295 vs. 2.379934673789295
list:
dist: 1.6980201014836735 vs. 1.6980201014836735
list:
dist: 3.2329247408919146 vs. 3.2329247408919146
list:
dist: 2.4577948797621705 vs. 2.4577948797621705
list:
dist: 3.3015146619021274 vs. 3.3015146619021274
list:
dist: 3.5733359545635097 vs. 3.5733359545635097
list:
dist: 3.2792532761570383 vs. 3.2792532761570383
list:
dist: 1.9464518208697945 vs. 1.9464518208697945
list:
dist: 0.7777783372363621 vs. 0.7777783372363621
list:
dist: 1.0989342879197406 vs. 1.0989342879197406
list:
dist: 1.3534390899942768 vs. 1.3534390899942768
list:
dist: 0.6351549092504557 vs. 0.6351549092504557
list:
dist: 1.367059960077317 vs. 1.367059960077317
list:
dist: 1.694349236460367 vs. 1.694349236460367
list:
dist: 3.3892193355109415 vs. 3.3892193355109415
list:
dist: 3.077858587585906 vs. 3.077858587585906
list:
dist: 3.3892762008326733 vs. 3.3892762008326733
list:
dist: 3.6684973051104657 vs. 3.6684973051104657
list:
dist: 0.45353307466890586 vs. 0.45353307466890586
list:
dist: 0.747260731795306 vs. 0.747260731795306
list:
dist: 1.0267033170151754 vs. 1.0267033170151754
list:
dist: 1.031888693469131 vs. 1.031888693469131
list:
dist: 0.9878422432139853 vs. 0.9878422432139853
list:
dist: 1.332258080115761 vs. 1.332258080115761
list:
dist: 0.8979847486599195 vs. 0.8979847486599195
list:
dist: 1.007117518166093 vs. 1.007117518166093
list:
dist: 1.2070765699712056 vs. 1.2070765699712056
list:
dist: 1.4144189269828464 vs. 1.4144189269828464
list:
dist: 0.9945225991116671 vs. 0.9945225991116671
list:
dist: 1.4212838109706785 vs. 1.4212838109706785
list:
dist: 0.7724960809746302 vs. 0.7724960809746302
list:
dist: 0.7683066604636729 vs. 0.7683066604636729
list:
dist: 0.9253420141980621 vs. 0.9253420141980621
list:
dist: 1.4221001378707854 vs. 1.4221001378707854
list:
dist: 2.35056349688614 vs. 2.35056349688614
list:
dist: 1.637710153057482 vs. 1.637710153057482
list:
dist: 1.4266302112760478 vs. 1.4266302112760478
list:
dist: 4.516543436481133 vs. 4.516543436481133
list:
dist: 4.946675425267014 vs. 4.946675425267014
list:
dist: 4.850027016073982 vs. 4.850027016073982
list:
dist: 4.078946512139552 vs. 4.078946512139552
list:
dist: 1.411654798241712 vs. 1.411654798241712
list:
dist: 1.0433747785066576 vs. 1.0433747785066576
list:
dist: 1.031888693469131 vs. 1.031888693469131
list:
dist: 0.5788756757937455 vs. 0.5788756757937455
list:
dist: 1.1029178819005705 vs. 1.1029178819005705
list:
dist: 1.0133065623756032 vs. 1.0133065623756032
list:
dist: 1.2988358216964593 vs. 1.2988358216964593
list:
dist: 0.6435497451140794 vs. 0.6435497451140794
list:
dist: 1.2196986336397357 vs. 1.2196986336397357
list:
dist: 1.9587539916877055 vs. 1.9587539916877055
list:
dist: 1.2444801458712222 vs. 1.2444801458712222
list:
dist: 1.1646097280291454 vs. 1.1646097280291454
list:
dist: 1.2846793578979594 vs. 1.2846793578979594
list:
dist: 1.5502898418520306 vs. 1.5502898418520306
list:
dist: 1.3552869720793015 vs. 1.3552869720793015
list:
dist: 1.433067088159585 vs. 1.433067088159585
list:
dist: 2.8476649731248864 vs. 2.8476649731248864
list:
dist: 2.2455322218234377 vs. 2.2455322218234377
list:
dist: 1.9733858253038499 vs. 1.9733858253038499
list:
dist: 3.862779025230174 vs. 3.862779025230174
list:
dist: 4.641703317227919 vs. 4.641703317227919
list:
dist: 4.470767429743311 vs. 4.470767429743311
list:
dist: 3.6662393068376735 vs. 3.6662393068376735
list:
dist: 1.45997610414784 vs. 1.45997610414784
list:
dist: 1.0809434761083019 vs. 1.0809434761083019
list:
dist: 1.007117518166093 vs. 1.007117518166093
list:
dist: 1.0379659557810639 vs. 1.0379659557810639
list:
dist: 0.6435497451140794 vs. 0.6435497451140794
list:
dist: 1.551971274551555 vs. 1.551971274551555
list:
dist: 0.7213749416884833 vs. 0.7213749416884833
list:
dist: 1.128114741372217 vs. 1.128114741372217
list:
dist: 1.2702722535701236 vs. 1.2702722535701236
list:
dist: 1.9745408588577422 vs. 1.9745408588577422
list:
dist: 1.2372760577096793 vs. 1.2372760577096793
list:
dist: 1.6667691028785778 vs. 1.6667691028785778
list:
dist: 1.0252111096547605 vs. 1.0252111096547605
list:
dist: 1.3402600583716056 vs. 1.3402600583716056
list:
dist: 0.9574821973661929 vs. 0.9574821973661929
list:
dist: 0.7910130325298254 vs. 0.7910130325298254
list:
dist: 2.5678547723718976 vs. 2.5678547723718976
list:
dist: 2.0120764572922774 vs. 2.0120764572922774
list:
dist: 1.6754369981353643 vs. 1.6754369981353643
list:
dist: 3.5366401807964833 vs. 3.5366401807964833
list:
dist: 4.1090015620384115 vs. 4.1090015620384115
list:
dist: 3.9741057642335225 vs. 3.9741057642335225
list:
dist: 3.2397061774066227 vs. 3.2397061774066227
list:
dist: 1.110073524270732 vs. 1.110073524270732
list:
dist: 1.5770867232243995 vs. 1.5770867232243995
list:
dist: 0.8979847486599195 vs. 0.8979847486599195
list:
dist: 1.0949572445004936 vs. 1.0949572445004936
list:
dist: 1.2988358216964593 vs. 1.2988358216964593
list:
dist: 1.4046830302916273 vs. 1.4046830302916273
list:
dist: 1.7686247477353214 vs. 1.7686247477353214
list:
dist: 1.128114741372217 vs. 1.128114741372217
list:
dist: 0.5732340483095207 vs. 0.5732340483095207
list:
dist: 2.292712894763229 vs. 2.292712894763229
list:
dist: 1.8171386678519426 vs. 1.8171386678519426
list:
dist: 2.1093831996584655 vs. 2.1093831996584655
list:
dist: 1.4585280645384195 vs. 1.4585280645384195
list:
dist: 1.4920703645125633 vs. 1.4920703645125633
list:
dist: 1.4448909544597541 vs. 1.4448909544597541
list:
dist: 1.3194594858749915 vs. 1.3194594858749915
list:
dist: 3.031082521890886 vs. 3.031082521890886
list:
dist: 2.359861971010375 vs. 2.359861971010375
list:
dist: 2.0911107523909034 vs. 2.0911107523909034
list:
dist: 4.171558589927261 vs. 4.171558589927261
list:
dist: 4.631861077773649 vs. 4.631861077773649
list:
dist: 4.485285106605934 vs. 4.485285106605934
list:
dist: 3.5257629382491302 vs. 3.5257629382491302
list:
dist: 3.067655871935752 vs. 3.067655871935752
list:
dist: 3.2380689406940837 vs. 3.2380689406940837
list:
dist: 2.8829222712880997 vs. 2.8829222712880997
list:
dist: 3.0076195659102933 vs. 3.0076195659102933
list:
dist: 1.8435498698359176 vs. 1.8435498698359176
list:
dist: 3.1144681430676977 vs. 3.1144681430676977
list:
dist: 2.234834306355179 vs. 2.234834306355179
list:
dist: 3.4676138529711955 vs. 3.4676138529711955
list:
dist: 2.639233499893729 vs. 2.639233499893729
list:
dist: 3.2072750663786462 vs. 3.2072750663786462
list:
dist: 2.3331468849814914 vs. 2.3331468849814914
list:
dist: 2.7089669837487484 vs. 2.7089669837487484
list:
dist: 2.034979205523646 vs. 2.034979205523646
list:
dist: 2.411945270991782 vs. 2.411945270991782
list:
dist: 2.9058591457024843 vs. 2.9058591457024843
list:
dist: 2.556416807551445 vs. 2.556416807551445
list:
dist: 2.633670666972547 vs. 2.633670666972547
list:
dist: 1.5849633499365998 vs. 1.5849633499365998
list:
dist: 2.096212193132488 vs. 2.096212193132488
list:
dist: 1.532862171058142 vs. 1.532862171058142
list:
dist: 3.2742648737952464 vs. 3.2742648737952464
list:
dist: 2.141233968481341 vs. 2.141233968481341
list:
dist: 2.1706712734761853 vs. 2.1706712734761853
list:
dist: 2.211429606520044 vs. 2.211429606520044
list:
dist: 1.8686527980976273 vs. 1.8686527980976273
list:
dist: 2.5565225884945293 vs. 2.5565225884945293
list:
dist: 2.0147845798644335 vs. 2.0147845798644335
list:
dist: 2.2940444732618004 vs. 2.2940444732618004
list:
dist: 1.4141746547505638 vs. 1.4141746547505638
list:
dist: 2.0217521122171416 vs. 2.0217521122171416
list:
dist: 1.1106844974202648 vs. 1.1106844974202648
list:
dist: 1.210342766153189 vs. 1.210342766153189
list:
dist: 1.5359690454075305 vs. 1.5359690454075305
list:
dist: 2.3445738426122165 vs. 2.3445738426122165
list:
dist: 1.098595521389308 vs. 1.098595521389308
list:
dist: 0.8993869275128198 vs. 0.8993869275128198
list:
dist: 2.046317100324253 vs. 2.046317100324253
list:
dist: 2.1746298702605293 vs. 2.1746298702605293
list:
dist: 2.2315469299871338 vs. 2.2315469299871338
list:
dist: 2.7821996060214573 vs. 2.7821996060214573
list:
dist: 2.1789737066521986 vs. 2.1789737066521986
list:
dist: 0.934878072084077 vs. 0.934878072084077
list:
dist: 0.7895876542200905 vs. 0.7895876542200905
list:
dist: 1.1506212153743802 vs. 1.1506212153743802
list:
dist: 0.726352960236968 vs. 0.726352960236968
list:
dist: 0.7595765012015749 vs. 0.7595765012015749
list:
dist: 1.3534390899942768 vs. 1.3534390899942768
list:
dist: 1.7952584284885746 vs. 1.7952584284885746
list:
dist: 2.044173740598402 vs. 2.044173740598402
list:
dist: 1.7793205990691716 vs. 1.7793205990691716
list:
dist: 2.08959242940715 vs. 2.08959242940715
list:
dist: 2.4702756088148465 vs. 2.4702756088148465
list:
dist: 2.5802259020433302 vs. 2.5802259020433302
list:
dist: 4.292620113061873 vs. 4.292620113061873
list:
dist: 2.9159404749724316 vs. 2.9159404749724316
list:
dist: 2.9688275232171684 vs. 2.9688275232171684
list:
dist: 2.091348761037817 vs. 2.091348761037817
list:
dist: 2.3174934345707086 vs. 2.3174934345707086
list:
dist: 2.0437551168215284 vs. 2.0437551168215284
list:
dist: 2.841824098767483 vs. 2.841824098767483
list:
dist: 3.391047062384085 vs. 3.391047062384085
list:
dist: 2.615341466237717 vs. 2.615341466237717
list:
dist: 3.3150978581270887 vs. 3.3150978581270887
list:
dist: 2.5939210156704826 vs. 2.5939210156704826
list:
dist: 1.876739843345149 vs. 1.876739843345149
list:
dist: 2.5858775412450186 vs. 2.5858775412450186
list:
dist: 2.801799521196343 vs. 2.801799521196343
list:
dist: 1.204640018543195 vs. 1.204640018543195
list:
dist: 1.9672874583040403 vs. 1.9672874583040403
list:
dist: 1.4893711633110398 vs. 1.4893711633110398
list:
dist: 1.6802821189090127 vs. 1.6802821189090127
list:
dist: 1.7952584284885746 vs. 1.7952584284885746
list:
dist: 1.6159747020352877 vs. 1.6159747020352877
list:
dist: 2.3408932196458387 vs. 2.3408932196458387
list:
dist: 1.694349236460367 vs. 1.694349236460367
list:
dist: 2.87015478857205 vs. 2.87015478857205
list:
dist: 1.2859078656944585 vs. 1.2859078656944585
list:
dist: 1.332714519824241 vs. 1.332714519824241
list:
dist: 1.0267033170151754 vs. 1.0267033170151754
list:
dist: 0.5788756757937455 vs. 0.5788756757937455
list:
dist: 0.7578781525633128 vs. 0.7578781525633128
list:
dist: 1.5525884813229411 vs. 1.5525884813229411
list:
dist: 1.0949572445004936 vs. 1.0949572445004936
list:
dist: 1.0379659557810639 vs. 1.0379659557810639
list:
dist: 0.838467816017565 vs. 0.838467816017565
list:
dist: 2.1753029709076777 vs. 2.1753029709076777
list:
dist: 1.5851112871439443 vs. 1.5851112871439443
list:
dist: 1.280151132528986 vs. 1.280151132528986
list:
dist: 1.5803466324675914 vs. 1.5803466324675914
list:
dist: 1.736052942702265 vs. 1.736052942702265
list:
dist: 1.6811660308843392 vs. 1.6811660308843392
list:
dist: 1.744543089739467 vs. 1.744543089739467
list:
dist: 3.2045731139310294 vs. 3.2045731139310294
list:
dist: 2.5364145741636475 vs. 2.5364145741636475
list:
dist: 2.295510815722011 vs. 2.295510815722011
list:
dist: 4.180192990644371 vs. 4.180192990644371
list:
dist: 4.999607362516241 vs. 4.999607362516241
list:
dist: 4.803511856461664 vs. 4.803511856461664
list:
dist: 3.860466196605532 vs. 3.860466196605532
list:
dist: 1.4108545717930967 vs. 1.4108545717930967
list:
dist: 1.8152018545784052 vs. 1.8152018545784052
list:
dist: 1.2070765699712056 vs. 1.2070765699712056
list:
dist: 0.838467816017565 vs. 0.838467816017565
list:
dist: 1.2196986336397357 vs. 1.2196986336397357
list:
dist: 1.2920398478817583 vs. 1.2920398478817583
list:
dist: 1.9628905718129164 vs. 1.9628905718129164
list:
dist: 0.5732340483095207 vs. 0.5732340483095207
list:
dist: 1.2702722535701236 vs. 1.2702722535701236
list:
dist: 2.6079149389986314 vs. 2.6079149389986314
list:
dist: 2.0751994210064946 vs. 2.0751994210064946
list:
dist: 2.0624711807916394 vs. 2.0624711807916394
list:
dist: 1.8378336156630974 vs. 1.8378336156630974
list:
dist: 1.9201606641317588 vs. 1.9201606641317588
list:
dist: 1.8544113087719547 vs. 1.8544113087719547
list:
dist: 1.6512476653565105 vs. 1.6512476653565105
list:
dist: 3.4766651530279487 vs. 3.4766651530279487
list:
dist: 2.7960426785765926 vs. 2.7960426785765926
list:
dist: 2.5283678078852034 vs. 2.5283678078852034
list:
dist: 4.113848841362941 vs. 4.113848841362941
list:
dist: 4.800863491616189 vs. 4.800863491616189
list:
dist: 4.597333261148463 vs. 4.597333261148463
list:
dist: 3.52556610845856 vs. 3.52556610845856
list:
dist: 0.972370594944099 vs. 0.972370594944099
list:
dist: 1.259082747304602 vs. 1.259082747304602
list:
dist: 0.9878422432139853 vs. 0.9878422432139853
list:
dist: 0.7578781525633128 vs. 0.7578781525633128
list:
dist: 1.1029178819005705 vs. 1.1029178819005705
list:
dist: 1.8909710669533906 vs. 1.8909710669533906
list:
dist: 1.4046830302916273 vs. 1.4046830302916273
list:
dist: 1.551971274551555 vs. 1.551971274551555
list:
dist: 1.2920398478817583 vs. 1.2920398478817583
list:
dist: 1.8431695292973962 vs. 1.8431695292973962
list:
dist: 1.504753579582247 vs. 1.504753579582247
list:
dist: 1.0021303021463184 vs. 1.0021303021463184
list:
dist: 1.6190208502901577 vs. 1.6190208502901577
list:
dist: 1.6328663163769945 vs. 1.6328663163769945
list:
dist: 1.8219093844908711 vs. 1.8219093844908711
list:
dist: 2.217260909140697 vs. 2.217260909140697
list:
dist: 3.0901504753846285 vs. 3.0901504753846285
list:
dist: 2.384240232949202 vs. 2.384240232949202
list:
dist: 2.2462815693045863 vs. 2.2462815693045863
list:
dist: 4.910597852566324 vs. 4.910597852566324
list:
dist: 5.640308692220393 vs. 5.640308692220393
list:
dist: 5.478728608739632 vs. 5.478728608739632
list:
dist: 4.577548908632687 vs. 4.577548908632687
list:
dist: 1.201593602664617 vs. 1.201593602664617
list:
dist: 0.2720716049216462 vs. 0.2720716049216462
list:
dist: 0.9945225991116671 vs. 0.9945225991116671
list:
dist: 1.5851112871439443 vs. 1.5851112871439443
list:
dist: 1.2444801458712222 vs. 1.2444801458712222
list:
dist: 1.504753579582247 vs. 1.504753579582247
list:
dist: 0.9363294756015519 vs. 0.9363294756015519
list:
dist: 1.8171386678519426 vs. 1.8171386678519426
list:
dist: 1.2372760577096793 vs. 1.2372760577096793
list:
dist: 2.0751994210064946 vs. 2.0751994210064946
list:
dist: 0.7855769445360729 vs. 0.7855769445360729
list:
dist: 1.1681566081557058 vs. 1.1681566081557058
list:
dist: 0.5715189329219105 vs. 0.5715189329219105
list:
dist: 0.7569479527520036 vs. 0.7569479527520036
list:
dist: 0.8096758694787255 vs. 0.8096758694787255
list:
dist: 1.6492417412016744 vs. 1.6492417412016744
list:
dist: 1.6908015427452667 vs. 1.6908015427452667
list:
dist: 1.093610213632586 vs. 1.093610213632586
list:
dist: 0.9302832355501877 vs. 0.9302832355501877
list:
dist: 0.9841416607135961 vs. 0.9841416607135961
list:
dist: 0.747260731795306 vs. 0.747260731795306
list:
dist: 1.332714519824241 vs. 1.332714519824241
list:
dist: 1.0433747785066576 vs. 1.0433747785066576
list:
dist: 1.259082747304602 vs. 1.259082747304602
list:
dist: 0.9479457241761364 vs. 0.9479457241761364
list:
dist: 1.5770867232243995 vs. 1.5770867232243995
list:
dist: 1.0809434761083019 vs. 1.0809434761083019
list:
dist: 1.8152018545784052 vs. 1.8152018545784052
list:
dist: 0.929143615460608 vs. 0.929143615460608
list:
dist: 0.2720716049216462 vs. 0.2720716049216462
list:
dist: 1.0673265987132619 vs. 1.0673265987132619
list:
dist: 0.5384851111107205 vs. 0.5384851111107205
list:
dist: 0.7154216142819564 vs. 0.7154216142819564
list:
dist: 0.7917522099308337 vs. 0.7917522099308337
list:
dist: 1.562831242074791 vs. 1.562831242074791
list:
dist: 1.9100043923622783 vs. 1.9100043923622783
list:
dist: 1.2656814258885758 vs. 1.2656814258885758
list:
dist: 1.07979883702069 vs. 1.07979883702069
list:
dist: 4.510378331958092 vs. 4.510378331958092
list:
dist: 4.949135727129241 vs. 4.949135727129241
list:
dist: 4.88153909826862 vs. 4.88153909826862
list:
dist: 4.281310777729114 vs. 4.281310777729114
list:
dist: 0.9841416607135961 vs. 0.9841416607135961
list:
dist: 0.45353307466890586 vs. 0.45353307466890586
list:
dist: 1.2859078656944585 vs. 1.2859078656944585
list:
dist: 1.411654798241712 vs. 1.411654798241712
list:
dist: 0.972370594944099 vs. 0.972370594944099
list:
dist: 1.741219617044988 vs. 1.741219617044988
list:
dist: 1.110073524270732 vs. 1.110073524270732
list:
dist: 1.45997610414784 vs. 1.45997610414784
list:
dist: 1.4108545717930967 vs. 1.4108545717930967
list:
dist: 1.3665704418403835 vs. 1.3665704418403835
list:
dist: 1.201593602664617 vs. 1.201593602664617
list:
dist: 1.5228779726267345 vs. 1.5228779726267345
list:
dist: 1.0467216747520138 vs. 1.0467216747520138
list:
dist: 0.8689040137043647 vs. 0.8689040137043647
list:
dist: 1.240106058959215 vs. 1.240106058959215
list:
dist: 1.8277658619881127 vs. 1.8277658619881127
list:
dist: 2.4170345192203957 vs. 2.4170345192203957
list:
dist: 1.6802889581963452 vs. 1.6802889581963452
list:
dist: 1.5598736831961526 vs. 1.5598736831961526
list:
dist: 1.240106058959215 vs. 1.240106058959215
list:
dist: 0.7917522099308337 vs. 0.7917522099308337
list:
dist: 0.9253420141980621 vs. 0.9253420141980621
list:
dist: 1.6811660308843392 vs. 1.6811660308843392
list:
dist: 1.3552869720793015 vs. 1.3552869720793015
list:
dist: 1.8219093844908711 vs. 1.8219093844908711
list:
dist: 0.8517442077328046 vs. 0.8517442077328046
list:
dist: 1.4448909544597541 vs. 1.4448909544597541
list:
dist: 0.9574821973661929 vs. 0.9574821973661929
list:
dist: 1.8544113087719547 vs. 1.8544113087719547
list:
dist: 1.3145857591965249 vs. 1.3145857591965249
list:
dist: 0.8096758694787255 vs. 0.8096758694787255
list:
dist: 1.8331231123561988 vs. 1.8331231123561988
list:
dist: 0.2885700677968702 vs. 0.2885700677968702
list:
dist: 0.5763758454856581 vs. 0.5763758454856581
list:
dist: 0.9758578129587286 vs. 0.9758578129587286
list:
dist: 1.6715468254253385 vs. 1.6715468254253385
list:
dist: 1.0984841445034694 vs. 1.0984841445034694
list:
dist: 0.7469903086639526 vs. 0.7469903086639526
list:
dist: 4.1388363246054345 vs. 4.1388363246054345
list:
dist: 4.3316444060349015 vs. 4.3316444060349015
list:
dist: 4.307261090040327 vs. 4.307261090040327
list:
dist: 3.7885247679426595 vs. 3.7885247679426595
list:
dist: 1.0467216747520138 vs. 1.0467216747520138
list:
dist: 0.5384851111107205 vs. 0.5384851111107205
list:
dist: 0.7724960809746302 vs. 0.7724960809746302
list:
dist: 1.5803466324675914 vs. 1.5803466324675914
list:
dist: 1.2846793578979594 vs. 1.2846793578979594
list:
dist: 1.6190208502901577 vs. 1.6190208502901577
list:
dist: 0.9120773141196941 vs. 0.9120773141196941
list:
dist: 1.4585280645384195 vs. 1.4585280645384195
list:
dist: 1.0252111096547605 vs. 1.0252111096547605
list:
dist: 1.8378336156630974 vs. 1.8378336156630974
list:
dist: 1.0679789252972693 vs. 1.0679789252972693
list:
dist: 0.5715189329219105 vs. 0.5715189329219105
list:
dist: 1.601052939569802 vs. 1.601052939569802
list:
dist: 0.39168750965091165 vs. 0.39168750965091165
list:
dist: 0.2885700677968702 vs. 0.2885700677968702
list:
dist: 1.2160924828532125 vs. 1.2160924828532125
list:
dist: 1.6579866600691018 vs. 1.6579866600691018
list:
dist: 1.0143076651085172 vs. 1.0143076651085172
list:
dist: 0.7221319638953232 vs. 0.7221319638953232
list:
dist: 4.351722156394458 vs. 4.351722156394458
list:
dist: 4.605663786742639 vs. 4.605663786742639
list:
dist: 4.572528096879104 vs. 4.572528096879104
list:
dist: 4.02554068684311 vs. 4.02554068684311
list:
dist: 1.8277658619881127 vs. 1.8277658619881127
list:
dist: 1.562831242074791 vs. 1.562831242074791
list:
dist: 1.4221001378707854 vs. 1.4221001378707854
list:
dist: 1.744543089739467 vs. 1.744543089739467
list:
dist: 1.433067088159585 vs. 1.433067088159585
list:
dist: 2.217260909140697 vs. 2.217260909140697
list:
dist: 1.0639724286791301 vs. 1.0639724286791301
list:
dist: 1.3194594858749915 vs. 1.3194594858749915
list:
dist: 0.7910130325298254 vs. 0.7910130325298254
list:
dist: 1.6512476653565105 vs. 1.6512476653565105
list:
dist: 2.278401127713328 vs. 2.278401127713328
list:
dist: 1.6492417412016744 vs. 1.6492417412016744
list:
dist: 2.389497597449803 vs. 2.389497597449803
list:
dist: 1.2160924828532125 vs. 1.2160924828532125
list:
dist: 1.4783519464884356 vs. 1.4783519464884356
list:
dist: 0.9758578129587286 vs. 0.9758578129587286
list:
dist: 2.4593495196137707 vs. 2.4593495196137707
list:
dist: 2.014695630002357 vs. 2.014695630002357
list:
dist: 1.6405265081883973 vs. 1.6405265081883973
list:
dist: 3.286250354135372 vs. 3.286250354135372
list:
dist: 3.5263595764137285 vs. 3.5263595764137285
list:
dist: 3.447832524390333 vs. 3.447832524390333
list:
dist: 2.8214334318251857 vs. 2.8214334318251857
list:
dist: 1.741219617044988 vs. 1.741219617044988
list:
dist: 0.9479457241761364 vs. 0.9479457241761364
list:
dist: 1.332258080115761 vs. 1.332258080115761
list:
dist: 1.5525884813229411 vs. 1.5525884813229411
list:
dist: 1.0133065623756032 vs. 1.0133065623756032
list:
dist: 1.8909710669533906 vs. 1.8909710669533906
list:
dist: 1.7686247477353214 vs. 1.7686247477353214
list:
dist: 0.7213749416884833 vs. 0.7213749416884833
list:
dist: 1.9628905718129164 vs. 1.9628905718129164
list:
dist: 1.6886828257819244 vs. 1.6886828257819244
list:
dist: 0.9363294756015519 vs. 0.9363294756015519
list:
dist: 1.614978597441018 vs. 1.614978597441018
list:
dist: 0.9120773141196941 vs. 0.9120773141196941
list:
dist: 1.3031372693808396 vs. 1.3031372693808396
list:
dist: 0.8517442077328046 vs. 0.8517442077328046
list:
dist: 1.0639724286791301 vs. 1.0639724286791301
list:
dist: 2.0950816143808138 vs. 2.0950816143808138
list:
dist: 1.668221123899596 vs. 1.668221123899596
list:
dist: 1.3451496684951894 vs. 1.3451496684951894
list:
dist: 3.624131692154435 vs. 3.624131692154435
list:
dist: 4.098443037310644 vs. 4.098443037310644
list:
dist: 4.02113688258728 vs. 4.02113688258728
list:
dist: 3.5305577636119274 vs. 3.5305577636119274
list:
dist: 1.3736397198569172 vs. 1.3736397198569172
list:
dist: 1.1279499527492647 vs. 1.1279499527492647
list:
dist: 0.9738733059737659 vs. 0.9738733059737659
list:
dist: 1.636554565733081 vs. 1.636554565733081
list:
dist: 1.2227043125016848 vs. 1.2227043125016848
list:
dist: 1.2588529695657533 vs. 1.2588529695657533
list:
dist: 1.0182518960256117 vs. 1.0182518960256117
list:
dist: 0.47243718593917305 vs. 0.47243718593917305
list:
dist: 3.0333873287136814 vs. 3.0333873287136814
list:
dist: 2.4267807131645998 vs. 2.4267807131645998
list:
dist: 3.0696319409686113 vs. 3.0696319409686113
list:
dist: 1.4557682852234066 vs. 1.4557682852234066
list:
dist: 1.4792621585599177 vs. 1.4792621585599177
list:
dist: 1.1279499527492647 vs. 1.1279499527492647
list:
dist: 1.4425652719930322 vs. 1.4425652719930322
list:
dist: 1.9299982797817323 vs. 1.9299982797817323
list:
dist: 1.70089099184514 vs. 1.70089099184514
list:
dist: 2.1241399663597287 vs. 2.1241399663597287
list:
dist: 1.811842104107978 vs. 1.811842104107978
list:
dist: 1.519267359523016 vs. 1.519267359523016
list:
dist: 2.404706705780145 vs. 2.404706705780145
list:
dist: 1.68649571953006 vs. 1.68649571953006
list:
dist: 2.4943648346744327 vs. 2.4943648346744327
list:
dist: 1.7466257954418616 vs. 1.7466257954418616
list:
dist: 1.6802889581963452 vs. 1.6802889581963452
list:
dist: 1.2656814258885758 vs. 1.2656814258885758
list:
dist: 1.637710153057482 vs. 1.637710153057482
list:
dist: 2.5364145741636475 vs. 2.5364145741636475
list:
dist: 2.2455322218234377 vs. 2.2455322218234377
list:
dist: 2.384240232949202 vs. 2.384240232949202
list:
dist: 1.668221123899596 vs. 1.668221123899596
list:
dist: 2.359861971010375 vs. 2.359861971010375
list:
dist: 2.0120764572922774 vs. 2.0120764572922774
list:
dist: 2.7960426785765926 vs. 2.7960426785765926
list:
dist: 0.8238813836057479 vs. 0.8238813836057479
list:
dist: 1.093610213632586 vs. 1.093610213632586
list:
dist: 2.1836125973424445 vs. 2.1836125973424445
list:
dist: 1.0143076651085172 vs. 1.0143076651085172
list:
dist: 0.8864053764128775 vs. 0.8864053764128775
list:
dist: 1.0984841445034694 vs. 1.0984841445034694
list:
dist: 2.014695630002357 vs. 2.014695630002357
list:
dist: 0.7372101872686293 vs. 0.7372101872686293
list:
dist: 0.3789973126341649 vs. 0.3789973126341649
list:
dist: 2.4170345192203957 vs. 2.4170345192203957
list:
dist: 1.9100043923622783 vs. 1.9100043923622783
list:
dist: 2.35056349688614 vs. 2.35056349688614
list:
dist: 3.2045731139310294 vs. 3.2045731139310294
list:
dist: 2.8476649731248864 vs. 2.8476649731248864
list:
dist: 3.0901504753846285 vs. 3.0901504753846285
list:
dist: 2.0950816143808138 vs. 2.0950816143808138
list:
dist: 3.031082521890886 vs. 3.031082521890886
list:
dist: 2.5678547723718976 vs. 2.5678547723718976
list:
dist: 3.4766651530279487 vs. 3.4766651530279487
list:
dist: 1.4036886909674082 vs. 1.4036886909674082
list:
dist: 1.6908015427452667 vs. 1.6908015427452667
list:
dist: 2.7641757230960735 vs. 2.7641757230960735
list:
dist: 1.6579866600691018 vs. 1.6579866600691018
list:
dist: 1.601366604275273 vs. 1.601366604275273
list:
dist: 1.6715468254253385 vs. 1.6715468254253385
list:
dist: 2.4593495196137707 vs. 2.4593495196137707
list:
dist: 0.7372101872686293 vs. 0.7372101872686293
list:
dist: 0.948767611892752 vs. 0.948767611892752
list:
dist: 1.3665704418403835 vs. 1.3665704418403835
list:
dist: 0.929143615460608 vs. 0.929143615460608
list:
dist: 1.4144189269828464 vs. 1.4144189269828464
list:
dist: 2.1753029709076777 vs. 2.1753029709076777
list:
dist: 1.9587539916877055 vs. 1.9587539916877055
list:
dist: 1.8431695292973962 vs. 1.8431695292973962
list:
dist: 1.6886828257819244 vs. 1.6886828257819244
list:
dist: 2.292712894763229 vs. 2.292712894763229
list:
dist: 1.9745408588577422 vs. 1.9745408588577422
list:
dist: 2.6079149389986314 vs. 2.6079149389986314
list:
dist: 0.7855769445360729 vs. 0.7855769445360729
list:
dist: 1.528030593951852 vs. 1.528030593951852
list:
dist: 1.0679789252972693 vs. 1.0679789252972693
list:
dist: 0.9359376629379884 vs. 0.9359376629379884
list:
dist: 1.3145857591965249 vs. 1.3145857591965249
list:
dist: 2.278401127713328 vs. 2.278401127713328
list:
dist: 1.4036886909674082 vs. 1.4036886909674082
list:
dist: 0.8238813836057479 vs. 0.8238813836057479
list:
dist: 0.9644827685243649 vs. 0.9644827685243649
list:
dist: 1.5598736831961526 vs. 1.5598736831961526
list:
dist: 1.07979883702069 vs. 1.07979883702069
list:
dist: 1.4266302112760478 vs. 1.4266302112760478
list:
dist: 2.295510815722011 vs. 2.295510815722011
list:
dist: 1.9733858253038499 vs. 1.9733858253038499
list:
dist: 2.2462815693045863 vs. 2.2462815693045863
list:
dist: 1.3451496684951894 vs. 1.3451496684951894
list:
dist: 2.0911107523909034 vs. 2.0911107523909034
list:
dist: 1.6754369981353643 vs. 1.6754369981353643
list:
dist: 2.5283678078852034 vs. 2.5283678078852034
list:
dist: 0.9644827685243649 vs. 0.9644827685243649
list:
dist: 0.9302832355501877 vs. 0.9302832355501877
list:
dist: 2.086460533425705 vs. 2.086460533425705
list:
dist: 0.7221319638953232 vs. 0.7221319638953232
list:
dist: 0.6981416354811542 vs. 0.6981416354811542
list:
dist: 0.7469903086639526 vs. 0.7469903086639526
list:
dist: 1.6405265081883973 vs. 1.6405265081883973
list:
dist: 0.948767611892752 vs. 0.948767611892752
list:
dist: 0.3789973126341649 vs. 0.3789973126341649
list:
dist: 1.5228779726267345 vs. 1.5228779726267345
list:
dist: 1.0673265987132619 vs. 1.0673265987132619
list:
dist: 1.4212838109706785 vs. 1.4212838109706785
list:
dist: 1.280151132528986 vs. 1.280151132528986
list:
dist: 1.1646097280291454 vs. 1.1646097280291454
list:
dist: 1.0021303021463184 vs. 1.0021303021463184
list:
dist: 1.614978597441018 vs. 1.614978597441018
list:
dist: 2.1093831996584655 vs. 2.1093831996584655
list:
dist: 1.6667691028785778 vs. 1.6667691028785778
list:
dist: 2.0624711807916394 vs. 2.0624711807916394
list:
dist: 1.528030593951852 vs. 1.528030593951852
list:
dist: 1.1681566081557058 vs. 1.1681566081557058
list:
dist: 1.601052939569802 vs. 1.601052939569802
list:
dist: 1.7251473499049916 vs. 1.7251473499049916
list:
dist: 1.8331231123561988 vs. 1.8331231123561988
list:
dist: 2.389497597449803 vs. 2.389497597449803
list:
dist: 2.7641757230960735 vs. 2.7641757230960735
list:
dist: 2.1836125973424445 vs. 2.1836125973424445
list:
dist: 2.086460533425705 vs. 2.086460533425705
list:
dist: 0.8689040137043647 vs. 0.8689040137043647
list:
dist: 0.7154216142819564 vs. 0.7154216142819564
list:
dist: 0.7683066604636729 vs. 0.7683066604636729
list:
dist: 1.736052942702265 vs. 1.736052942702265
list:
dist: 1.5502898418520306 vs. 1.5502898418520306
list:
dist: 1.6328663163769945 vs. 1.6328663163769945
list:
dist: 1.3031372693808396 vs. 1.3031372693808396
list:
dist: 1.4920703645125633 vs. 1.4920703645125633
list:
dist: 1.3402600583716056 vs. 1.3402600583716056
list:
dist: 1.9201606641317588 vs. 1.9201606641317588
list:
dist: 0.9359376629379884 vs. 0.9359376629379884
list:
dist: 0.7569479527520036 vs. 0.7569479527520036
list:
dist: 1.7251473499049916 vs. 1.7251473499049916
list:
dist: 0.39168750965091165 vs. 0.39168750965091165
list:
dist: 0.5763758454856581 vs. 0.5763758454856581
list:
dist: 1.4783519464884356 vs. 1.4783519464884356
list:
dist: 1.601366604275273 vs. 1.601366604275273
list:
dist: 0.8864053764128775 vs. 0.8864053764128775
list:
dist: 0.6981416354811542 vs. 0.6981416354811542
list:
dist: 4.695565837693272 vs. 4.695565837693272
list:
dist: 4.878953566212044 vs. 4.878953566212044
list:
dist: 4.860764243040926 vs. 4.860764243040926
list:
dist: 4.296636035051406 vs. 4.296636035051406
list:
dist: 1.6134568731138048 vs. 1.6134568731138048
list:
dist: 1.9299982797817323 vs. 1.9299982797817323
list:
dist: 1.636554565733081 vs. 1.636554565733081
list:
dist: 2.4410216594382477 vs. 2.4410216594382477
list:
dist: 0.6762582069443818 vs. 0.6762582069443818
list:
dist: 1.2745991879637302 vs. 1.2745991879637302
list:
dist: 0.8908954554128936 vs. 0.8908954554128936
list:
dist: 1.487738820757319 vs. 1.487738820757319
list:
dist: 3.48555882259457 vs. 3.48555882259457
list:
dist: 3.2077738597234378 vs. 3.2077738597234378
list:
dist: 3.3221490247976133 vs. 3.3221490247976133
list:
dist: 0.5930193876610357 vs. 0.5930193876610357
list:
dist: 1.5377296289055176 vs. 1.5377296289055176
list:
dist: 1.811842104107978 vs. 1.811842104107978
list:
dist: 1.0182518960256117 vs. 1.0182518960256117
list:
dist: 1.8522536696003016 vs. 1.8522536696003016
list:
dist: 0.8908954554128936 vs. 0.8908954554128936
list:
dist: 0.5795421442969576 vs. 0.5795421442969576
list:
dist: 0.6925275255005637 vs. 0.6925275255005637
list:
dist: 0.7362043092070855 vs. 0.7362043092070855
list:
dist: 3.490271191656005 vs. 3.490271191656005
list:
dist: 3.10146857280853 vs. 3.10146857280853
list:
dist: 3.397425444283807 vs. 3.397425444283807
list:
dist: 0.8611799907348331 vs. 0.8611799907348331
list:
dist: 1.8815778690551541 vs. 1.8815778690551541
list:
dist: 1.7466257954418616 vs. 1.7466257954418616
list:
dist: 1.4557682852234066 vs. 1.4557682852234066
list:
dist: 2.381052870059117 vs. 2.381052870059117
list:
dist: 0.5930193876610357 vs. 0.5930193876610357
list:
dist: 0.30671239514932164 vs. 0.30671239514932164
list:
dist: 1.4860180093675253 vs. 1.4860180093675253
list:
dist: 0.8611799907348331 vs. 0.8611799907348331
list:
dist: 1.424097740559111 vs. 1.424097740559111
list:
dist: 2.9960783379551374 vs. 2.9960783379551374
list:
dist: 2.7882623187230835 vs. 2.7882623187230835
list:
dist: 2.8224527959541965 vs. 2.8224527959541965
list:
dist: 3.6411434254779613 vs. 3.6411434254779613
list:
dist: 3.5035803292036394 vs. 3.5035803292036394
list:
dist: 1.7725277421332988 vs. 1.7725277421332988
list:
dist: 1.70089099184514 vs. 1.70089099184514
list:
dist: 1.2227043125016848 vs. 1.2227043125016848
list:
dist: 2.1586088973876008 vs. 2.1586088973876008
list:
dist: 0.6762582069443818 vs. 0.6762582069443818
list:
dist: 1.2434170180551298 vs. 1.2434170180551298
list:
dist: 0.5795421442969576 vs. 0.5795421442969576
list:
dist: 1.1489095267556535 vs. 1.1489095267556535
list:
dist: 3.0803630653968397 vs. 3.0803630653968397
list:
dist: 2.809525837168905 vs. 2.809525837168905
list:
dist: 2.938624868279557 vs. 2.938624868279557
list:
dist: 0.30671239514932164 vs. 0.30671239514932164
list:
dist: 1.4792621585599177 vs. 1.4792621585599177
list:
dist: 1.3736397198569172 vs. 1.3736397198569172
list:
dist: 1.4388802454984027 vs. 1.4388802454984027
list:
dist: 1.6134568731138048 vs. 1.6134568731138048
list:
dist: 1.7725277421332988 vs. 1.7725277421332988
list:
dist: 1.3414712807762366 vs. 1.3414712807762366
list:
dist: 1.5377296289055176 vs. 1.5377296289055176
list:
dist: 1.29953369518216 vs. 1.29953369518216
list:
dist: 3.8326709346695065 vs. 3.8326709346695065
list:
dist: 3.1657155775784767 vs. 3.1657155775784767
list:
dist: 3.8518305021394714 vs. 3.8518305021394714
list:
dist: 1.8815778690551541 vs. 1.8815778690551541
list:
dist: 1.3414712807762366 vs. 1.3414712807762366
list:
dist: 2.1241399663597287 vs. 2.1241399663597287
list:
dist: 1.2588529695657533 vs. 1.2588529695657533
list:
dist: 1.7624396313755566 vs. 1.7624396313755566
list:
dist: 1.2745991879637302 vs. 1.2745991879637302
list:
dist: 1.2434170180551298 vs. 1.2434170180551298
list:
dist: 0.6925275255005637 vs. 0.6925275255005637
list:
dist: 0.8114685292864577 vs. 0.8114685292864577
list:
dist: 4.084248252538559 vs. 4.084248252538559
list:
dist: 3.5920295269501956 vs. 3.5920295269501956
list:
dist: 4.025921212524457 vs. 4.025921212524457
list:
dist: 1.4860180093675253 vs. 1.4860180093675253
list:
dist: 1.29953369518216 vs. 1.29953369518216
list:
dist: 1.519267359523016 vs. 1.519267359523016
list:
dist: 0.47243718593917305 vs. 0.47243718593917305
list:
dist: 1.1359635996782764 vs. 1.1359635996782764
list:
dist: 1.487738820757319 vs. 1.487738820757319
list:
dist: 1.1489095267556535 vs. 1.1489095267556535
list:
dist: 0.8114685292864577 vs. 0.8114685292864577
list:
dist: 0.7362043092070855 vs. 0.7362043092070855
list:
dist: 3.4484509411189346 vs. 3.4484509411189346
list:
dist: 2.8852449574071954 vs. 2.8852449574071954
list:
dist: 3.4502899961069455 vs. 3.4502899961069455
list:
dist: 1.424097740559111 vs. 1.424097740559111
list:
dist: 1.4388802454984027 vs. 1.4388802454984027
list:
dist: 1.4425652719930322 vs. 1.4425652719930322
list:
dist: 0.9738733059737659 vs. 0.9738733059737659
list:
dist: 2.4410216594382477 vs. 2.4410216594382477
list:
dist: 2.1586088973876008 vs. 2.1586088973876008
list:
dist: 1.7624396313755566 vs. 1.7624396313755566
list:
dist: 1.8522536696003016 vs. 1.8522536696003016
list:
dist: 1.1359635996782764 vs. 1.1359635996782764
list:
dist: 3.531781484823285 vs. 3.531781484823285
list:
dist: 2.7277278495563966 vs. 2.7277278495563966
list:
dist: 3.6714010890368263 vs. 3.6714010890368263
list:
dist: 2.381052870059117 vs. 2.381052870059117
list:
dist: 2.6492942353584295 vs. 2.6492942353584295
list:
dist: 1.7719846725599548 vs. 1.7719846725599548
list:
dist: 1.92516997403139 vs. 1.92516997403139
list:
dist: 2.1788304902921283 vs. 2.1788304902921283
list:
dist: 1.947401141391316 vs. 1.947401141391316
list:
dist: 0.9771406838513925 vs. 0.9771406838513925
list:
dist: 1.690405608628159 vs. 1.690405608628159
list:
dist: 2.6334597191139633 vs. 2.6334597191139633
list:
dist: 2.8985188010552156 vs. 2.8985188010552156
list:
dist: 2.7549538650708456 vs. 2.7549538650708456
list:
dist: 3.592123494876698 vs. 3.592123494876698
list:
dist: 2.976185930913754 vs. 2.976185930913754
list:
dist: 3.3300726419956344 vs. 3.3300726419956344
list:
dist: 2.6328506407756604 vs. 2.6328506407756604
list:
dist: 2.487955288510895 vs. 2.487955288510895
list:
dist: 2.7558374720068635 vs. 2.7558374720068635
list:
dist: 2.9642533828939883 vs. 2.9642533828939883
list:
dist: 2.393824459093631 vs. 2.393824459093631
list:
dist: 1.5650254738424745 vs. 1.5650254738424745
list:
dist: 2.8816292940625967 vs. 2.8816292940625967
list:
dist: 1.525918157893419 vs. 1.525918157893419
list:
dist: 0.7193872152037758 vs. 0.7193872152037758
list:
dist: 0.7388697168390445 vs. 0.7388697168390445
list:
dist: 0.7866341439133422 vs. 0.7866341439133422
list:
dist: 1.7753749154166742 vs. 1.7753749154166742
list:
dist: 1.3851732081971133 vs. 1.3851732081971133
list:
dist: 1.1299791737912706 vs. 1.1299791737912706
list:
dist: 0.741717216101768 vs. 0.741717216101768
list:
dist: 0.7329572554683462 vs. 0.7329572554683462
list:
dist: 0.7787501336798618 vs. 0.7787501336798618
list:
dist: 0.3490391712265264 vs. 0.3490391712265264
list:
dist: 1.2296590714343287 vs. 1.2296590714343287
list:
dist: 1.2441577050993302 vs. 1.2441577050993302
list:
dist: 0.884142147275892 vs. 0.884142147275892
list:
dist: 1.9159395882507702 vs. 1.9159395882507702
list:
dist: 1.0057200099753787 vs. 1.0057200099753787
list:
dist: 2.385682921824869 vs. 2.385682921824869
list:
dist: 2.679714176673374 vs. 2.679714176673374
list:
dist: 2.6025820839826124 vs. 2.6025820839826124
list:
dist: 1.7928562834792223 vs. 1.7928562834792223
list:
dist: 1.8735562482953125 vs. 1.8735562482953125
list:
dist: 1.9635638580883559 vs. 1.9635638580883559
list:
dist: 1.5359690454075305 vs. 1.5359690454075305
list:
dist: 1.8073140627926123 vs. 1.8073140627926123
list:
dist: 0.9498141457856191 vs. 0.9498141457856191
list:
dist: 2.200158354589564 vs. 2.200158354589564
list:
dist: 2.2512107548802236 vs. 2.2512107548802236
list:
dist: 1.759484600488419 vs. 1.759484600488419
list:
dist: 2.453195483139118 vs. 2.453195483139118
list:
dist: 3.357868727907833 vs. 3.357868727907833
list:
dist: 2.041577884359039 vs. 2.041577884359039
list:
dist: 2.440265916493333 vs. 2.440265916493333
list:
dist: 3.273871022411561 vs. 3.273871022411561
list:
dist: 3.036857607826326 vs. 3.036857607826326
list:
dist: 2.7587432186657526 vs. 2.7587432186657526
list:
dist: 3.3340197876243787 vs. 3.3340197876243787
list:
dist: 2.351576856440665 vs. 2.351576856440665
list:
dist: 1.2717060796840478 vs. 1.2717060796840478
list:
dist: 1.443251239295776 vs. 1.443251239295776
list:
dist: 1.8080150202726861 vs. 1.8080150202726861
list:
dist: 1.2562707954731547 vs. 1.2562707954731547
list:
dist: 1.5484638071655812 vs. 1.5484638071655812
list:
dist: 2.2307728715493136 vs. 2.2307728715493136
list:
dist: 2.1371355436829003 vs. 2.1371355436829003
list:
dist: 1.8949463135130482 vs. 1.8949463135130482
list:
dist: 2.7727309639510294 vs. 2.7727309639510294
list:
dist: 2.330661156326095 vs. 2.330661156326095
list:
dist: 2.6337251558602626 vs. 2.6337251558602626
list:
dist: 2.0230908120700537 vs. 2.0230908120700537
list:
dist: 1.6596356445477156 vs. 1.6596356445477156
list:
dist: 1.84204364160051 vs. 1.84204364160051
list:
dist: 2.32888760119647 vs. 2.32888760119647
list:
dist: 1.5389318582664524 vs. 1.5389318582664524
list:
dist: 1.0464609471497146 vs. 1.0464609471497146
list:
dist: 2.4205439294073354 vs. 2.4205439294073354
list:
dist: 1.0960710385701165 vs. 1.0960710385701165
list:
dist: 0.9836827289148301 vs. 0.9836827289148301
list:
dist: 1.2139744514683921 vs. 1.2139744514683921
list:
dist: 0.8440069905937972 vs. 0.8440069905937972
list:
dist: 2.1435958042172985 vs. 2.1435958042172985
list:
dist: 2.1559183611352655 vs. 2.1559183611352655
list:
dist: 1.7362868281882402 vs. 1.7362868281882402
list:
dist: 1.2297337646255273 vs. 1.2297337646255273
list:
dist: 1.5658023627343765 vs. 1.5658023627343765
list:
dist: 1.4636085388101103 vs. 1.4636085388101103
list:
dist: 1.0193517555467813 vs. 1.0193517555467813
list:
dist: 0.9771406838513925 vs. 0.9771406838513925
list:
dist: 1.2054042044947477 vs. 1.2054042044947477
list:
dist: 1.9750470921969043 vs. 1.9750470921969043
list:
dist: 1.1101273155512033 vs. 1.1101273155512033
list:
dist: 2.4483220473732366 vs. 2.4483220473732366
list:
dist: 0.5510970646435875 vs. 0.5510970646435875
list:
dist: 2.6975769033452184 vs. 2.6975769033452184
list:
dist: 2.6911227772221213 vs. 2.6911227772221213
list:
dist: 2.9379870354051185 vs. 2.9379870354051185
list:
dist: 1.9967210020325614 vs. 1.9967210020325614
list:
dist: 1.7483225193046705 vs. 1.7483225193046705
list:
dist: 1.6594458159364567 vs. 1.6594458159364567
list:
dist: 1.8435498698359176 vs. 1.8435498698359176
list:
dist: 1.7998139503695971 vs. 1.7998139503695971
list:
dist: 1.0853682843246084 vs. 1.0853682843246084
list:
dist: 1.9305058979686014 vs. 1.9305058979686014
list:
dist: 2.0759494039982442 vs. 2.0759494039982442
list:
dist: 0.9746768212806859 vs. 0.9746768212806859
list:
dist: 1.1445411517995931 vs. 1.1445411517995931
list:
dist: 1.4714238408965787 vs. 1.4714238408965787
list:
dist: 0.9446357221284928 vs. 0.9446357221284928
list:
dist: 0.5510970646435875 vs. 0.5510970646435875
list:
dist: 1.0439139974728782 vs. 1.0439139974728782
list:
dist: 2.775984299413442 vs. 2.775984299413442
list:
dist: 2.4435267103003717 vs. 2.4435267103003717
list:
dist: 2.2305842552030835 vs. 2.2305842552030835
list:
dist: 3.170009987734077 vs. 3.170009987734077
list:
dist: 2.8002221902773465 vs. 2.8002221902773465
list:
dist: 3.060712277640435 vs. 3.060712277640435
list:
dist: 2.5221458006302493 vs. 2.5221458006302493
list:
dist: 2.121745648039198 vs. 2.121745648039198
list:
dist: 2.2284393445404036 vs. 2.2284393445404036
list:
dist: 2.8563315182255944 vs. 2.8563315182255944
list:
dist: 1.9735816591985844 vs. 1.9735816591985844
list:
dist: 1.5971893299944147 vs. 1.5971893299944147
list:
dist: 2.9570627201954074 vs. 2.9570627201954074
list:
dist: 1.641725080280644 vs. 1.641725080280644
list:
dist: 0.9002655886775474 vs. 0.9002655886775474
list:
dist: 1.110738951717409 vs. 1.110738951717409
list:
dist: 1.0843427231628981 vs. 1.0843427231628981
list:
dist: 1.7735770281593586 vs. 1.7735770281593586
list:
dist: 1.9523015019537804 vs. 1.9523015019537804
list:
dist: 1.3813134206039317 vs. 1.3813134206039317
list:
dist: 1.1657852424914366 vs. 1.1657852424914366
list:
dist: 1.3422773986462422 vs. 1.3422773986462422
list:
dist: 1.5104205158336441 vs. 1.5104205158336441
list:
dist: 1.2042653721631296 vs. 1.2042653721631296
list:
dist: 1.0057200099753787 vs. 1.0057200099753787
list:
dist: 0.7389855022865679 vs. 0.7389855022865679
list:
dist: 2.0319758779920485 vs. 2.0319758779920485
list:
dist: 1.325214137167667 vs. 1.325214137167667
list:
dist: 2.2862935728576548 vs. 2.2862935728576548
list:
dist: 2.576851570916546 vs. 2.576851570916546
list:
dist: 2.4877239659966803 vs. 2.4877239659966803
list:
dist: 2.884761760013821 vs. 2.884761760013821
list:
dist: 2.174592266863549 vs. 2.174592266863549
list:
dist: 2.185091921818442 vs. 2.185091921818442
list:
dist: 2.050726575010372 vs. 2.050726575010372
list:
dist: 2.1746298702605293 vs. 2.1746298702605293
list:
dist: 2.2653862205373203 vs. 2.2653862205373203
list:
dist: 1.4352363026238883 vs. 1.4352363026238883
list:
dist: 2.4577948797621705 vs. 2.4577948797621705
list:
dist: 2.941930185938503 vs. 2.941930185938503
list:
dist: 2.4032143014711047 vs. 2.4032143014711047
list:
dist: 3.0089794026334786 vs. 3.0089794026334786
list:
dist: 3.972908118847887 vs. 3.972908118847887
list:
dist: 2.0576781760936846 vs. 2.0576781760936846
list:
dist: 1.4353309963294922 vs. 1.4353309963294922
list:
dist: 1.5470539952507532 vs. 1.5470539952507532
list:
dist: 2.4600993392863364 vs. 2.4600993392863364
list:
dist: 1.8877644886039506 vs. 1.8877644886039506
list:
dist: 1.2139744514683921 vs. 1.2139744514683921
list:
dist: 1.3744575348905643 vs. 1.3744575348905643
list:
dist: 4.8814051789294775 vs. 4.8814051789294775
list:
dist: 2.853372452344272 vs. 2.853372452344272
list:
dist: 2.7121579064711345 vs. 2.7121579064711345
list:
dist: 3.10025691150383 vs. 3.10025691150383
list:
dist: 3.9357969761624267 vs. 3.9357969761624267
list:
dist: 3.417963515533944 vs. 3.417963515533944
list:
dist: 3.7740057360425685 vs. 3.7740057360425685
list:
dist: 3.0614311128032132 vs. 3.0614311128032132
list:
dist: 2.7492065410767887 vs. 2.7492065410767887
list:
dist: 2.8980734331017435 vs. 2.8980734331017435
list:
dist: 3.229139663041992 vs. 3.229139663041992
list:
dist: 2.4899213041886163 vs. 2.4899213041886163
list:
dist: 1.8695802580843308 vs. 1.8695802580843308
list:
dist: 3.2895394103609106 vs. 3.2895394103609106
list:
dist: 1.8243447851595127 vs. 1.8243447851595127
list:
dist: 0.2536182417254717 vs. 0.2536182417254717
list:
dist: 0.7064314404702404 vs. 0.7064314404702404
list:
dist: 2.1212068974475096 vs. 2.1212068974475096
list:
dist: 1.8157921642173083 vs. 1.8157921642173083
list:
dist: 1.3359342402065362 vs. 1.3359342402065362
list:
dist: 1.4020882843000062 vs. 1.4020882843000062
list:
dist: 0.9167467215195023 vs. 0.9167467215195023
list:
dist: 1.4853820913664464 vs. 1.4853820913664464
list:
dist: 1.009148234798731 vs. 1.009148234798731
list:
dist: 0.7388697168390445 vs. 0.7388697168390445
list:
dist: 1.44453054188507 vs. 1.44453054188507
list:
dist: 1.9012803364740547 vs. 1.9012803364740547
list:
dist: 1.6021447650317957 vs. 1.6021447650317957
list:
dist: 2.488732668414094 vs. 2.488732668414094
list:
dist: 1.110738951717409 vs. 1.110738951717409
list:
dist: 2.5300648431675685 vs. 2.5300648431675685
list:
dist: 2.497058543454321 vs. 2.497058543454321
list:
dist: 2.5909046381929692 vs. 2.5909046381929692
list:
dist: 2.211429606520044 vs. 2.211429606520044
list:
dist: 2.3735241639044053 vs. 2.3735241639044053
list:
dist: 1.6072450601624746 vs. 1.6072450601624746
list:
dist: 2.6682659731235816 vs. 2.6682659731235816
list:
dist: 2.8109139215700747 vs. 2.8109139215700747
list:
dist: 2.3322196641731736 vs. 2.3322196641731736
list:
dist: 2.869999752884437 vs. 2.869999752884437
list:
dist: 1.157211414044974 vs. 1.157211414044974
list:
dist: 1.000132213634656 vs. 1.000132213634656
list:
dist: 2.947660680433627 vs. 2.947660680433627
list:
dist: 1.7960773662916152 vs. 1.7960773662916152
list:
dist: 2.351576856440665 vs. 2.351576856440665
list:
dist: 1.4035568983845874 vs. 1.4035568983845874
list:
dist: 1.97128899633837 vs. 1.97128899633837
list:
dist: 2.0576781760936846 vs. 2.0576781760936846
list:
dist: 2.2855715603152866 vs. 2.2855715603152866
list:
dist: 3.2985955017952517 vs. 3.2985955017952517
list:
dist: 3.523138574747509 vs. 3.523138574747509
list:
dist: 2.772810697251633 vs. 2.772810697251633
list:
dist: 3.0952044094741624 vs. 3.0952044094741624
list:
dist: 2.701241606077966 vs. 2.701241606077966
list:
dist: 3.368333961023469 vs. 3.368333961023469
list:
dist: 2.916428902213729 vs. 2.916428902213729
list:
dist: 2.6492942353584295 vs. 2.6492942353584295
list:
dist: 2.4128152256832243 vs. 2.4128152256832243
list:
dist: 3.8477225624732525 vs. 3.8477225624732525
list:
dist: 3.31686984322998 vs. 3.31686984322998
list:
dist: 4.08679023107426 vs. 4.08679023107426
list:
dist: 2.0759494039982442 vs. 2.0759494039982442
list:
dist: 1.7958863160696894 vs. 1.7958863160696894
list:
dist: 2.4122898957860723 vs. 2.4122898957860723
list:
dist: 3.6328437455632603 vs. 3.6328437455632603
list:
dist: 3.4540715359002685 vs. 3.4540715359002685
list:
dist: 3.070194934966266 vs. 3.070194934966266
list:
dist: 3.096906669553279 vs. 3.096906669553279
list:
dist: 1.7960773662916152 vs. 1.7960773662916152
list:
dist: 0.7650111600191758 vs. 0.7650111600191758
list:
dist: 0.850517566616869 vs. 0.850517566616869
list:
dist: 1.3275367412089105 vs. 1.3275367412089105
list:
dist: 1.2562707954731547 vs. 1.2562707954731547
list:
dist: 1.052758552718458 vs. 1.052758552718458
list:
dist: 3.228448426003504 vs. 3.228448426003504
list:
dist: 2.33266680253407 vs. 2.33266680253407
list:
dist: 2.1682223398006197 vs. 2.1682223398006197
list:
dist: 3.107677458713822 vs. 3.107677458713822
list:
dist: 3.025134012706064 vs. 3.025134012706064
list:
dist: 3.175578543299523 vs. 3.175578543299523
list:
dist: 2.831893917473338 vs. 2.831893917473338
list:
dist: 2.233026247857217 vs. 2.233026247857217
list:
dist: 2.124935257506005 vs. 2.124935257506005
list:
dist: 3.108983673178606 vs. 3.108983673178606
list:
dist: 2.029053540718861 vs. 2.029053540718861
list:
dist: 2.146706952806705 vs. 2.146706952806705
list:
dist: 3.3682628011027096 vs. 3.3682628011027096
list:
dist: 2.23331389186151 vs. 2.23331389186151
list:
dist: 1.6723787329060542 vs. 1.6723787329060542
list:
dist: 1.8877644886039506 vs. 1.8877644886039506
list:
dist: 1.8607294889667172 vs. 1.8607294889667172
list:
dist: 2.253378276748038 vs. 2.253378276748038
list:
dist: 2.735967508319232 vs. 2.735967508319232
list:
dist: 2.0763295112456195 vs. 2.0763295112456195
list:
dist: 2.017657077267803 vs. 2.017657077267803
list:
dist: 2.1822149827321797 vs. 2.1822149827321797
list:
dist: 2.4106598161346477 vs. 2.4106598161346477
list:
dist: 2.1390137955131863 vs. 2.1390137955131863
list:
dist: 1.947401141391316 vs. 1.947401141391316
list:
dist: 1.2304406122782017 vs. 1.2304406122782017
list:
dist: 2.9235847879513885 vs. 2.9235847879513885
list:
dist: 2.1645235445666815 vs. 2.1645235445666815
list:
dist: 2.9589007050226996 vs. 2.9589007050226996
list:
dist: 0.9446357221284928 vs. 0.9446357221284928
list:
dist: 3.1203871695810625 vs. 3.1203871695810625
list:
dist: 2.7356705139397497 vs. 2.7356705139397497
list:
dist: 3.4706246809863126 vs. 3.4706246809863126
list:
dist: 2.8889327190753717 vs. 2.8889327190753717
list:
dist: 2.8503092883219363 vs. 2.8503092883219363
list:
dist: 2.595618954165772 vs. 2.595618954165772
list:
dist: 3.0076195659102933 vs. 3.0076195659102933
list:
dist: 2.9969890694389125 vs. 2.9969890694389125
list:
dist: 2.269205551478871 vs. 2.269205551478871
list:
dist: 3.047074186309408 vs. 3.047074186309408
list:
dist: 2.1203600514784977 vs. 2.1203600514784977
list:
dist: 4.738981621930838 vs. 4.738981621930838
list:
dist: 4.38168962467432 vs. 4.38168962467432
list:
dist: 2.3665543016835517 vs. 2.3665543016835517
list:
dist: 3.582427754919649 vs. 3.582427754919649
list:
dist: 3.6836101489177153 vs. 3.6836101489177153
list:
dist: 3.2724133983251265 vs. 3.2724133983251265
list:
dist: 3.296760695256109 vs. 3.296760695256109
list:
dist: 1.157211414044974 vs. 1.157211414044974
list:
dist: 0.17413468791863068 vs. 0.17413468791863068
list:
dist: 1.9496640867532016 vs. 1.9496640867532016
list:
dist: 0.7650111600191758 vs. 0.7650111600191758
list:
dist: 1.2717060796840478 vs. 1.2717060796840478
list:
dist: 0.7646923592891716 vs. 0.7646923592891716
list:
dist: 4.823746736403482 vs. 4.823746736403482
list:
dist: 3.1476599400490306 vs. 3.1476599400490306
list:
dist: 2.1258439337881168 vs. 2.1258439337881168
list:
dist: 2.6226715718047617 vs. 2.6226715718047617
list:
dist: 3.503420549603923 vs. 3.503420549603923
list:
dist: 3.3365057626754924 vs. 3.3365057626754924
list:
dist: 3.5653218507663347 vs. 3.5653218507663347
list:
dist: 3.073813803113072 vs. 3.073813803113072
list:
dist: 2.4506837705060165 vs. 2.4506837705060165
list:
dist: 2.336857299954005 vs. 2.336857299954005
list:
dist: 3.1980936699565796 vs. 3.1980936699565796
list:
dist: 2.0915950251602253 vs. 2.0915950251602253
list:
dist: 2.131845008857096 vs. 2.131845008857096
list:
dist: 3.4976915888699596 vs. 3.4976915888699596
list:
dist: 2.178587484267493 vs. 2.178587484267493
list:
dist: 1.2446774354077799 vs. 1.2446774354077799
list:
dist: 1.4353309963294922 vs. 1.4353309963294922
list:
dist: 1.5079777511436443 vs. 1.5079777511436443
list:
dist: 2.4571394192692493 vs. 2.4571394192692493
list:
dist: 2.728890581390227 vs. 2.728890581390227
list:
dist: 2.017400026936777 vs. 2.017400026936777
list:
dist: 2.101235123237386 vs. 2.101235123237386
list:
dist: 1.9794408297132988 vs. 1.9794408297132988
list:
dist: 2.4215954928766834 vs. 2.4215954928766834
list:
dist: 2.0090894787535962 vs. 2.0090894787535962
list:
dist: 1.7719846725599548 vs. 1.7719846725599548
list:
dist: 1.4271165419129561 vs. 1.4271165419129561
list:
dist: 2.935131517792255 vs. 2.935131517792255
list:
dist: 2.270866457574423 vs. 2.270866457574423
list:
dist: 3.1591251271256677 vs. 3.1591251271256677
list:
dist: 0.9746768212806859 vs. 0.9746768212806859
list:
dist: 3.144839483468641 vs. 3.144839483468641
list:
dist: 3.017361214857694 vs. 3.017361214857694
list:
dist: 2.8871621287093707 vs. 2.8871621287093707
list:
dist: 3.067655871935752 vs. 3.067655871935752
list:
dist: 3.0479410029364504 vs. 3.0479410029364504
list:
dist: 2.312989849071121 vs. 2.312989849071121
list:
dist: 3.1174204795314964 vs. 3.1174204795314964
list:
dist: 2.1746483865371893 vs. 2.1746483865371893
list:
dist: 4.716008383099859 vs. 4.716008383099859
list:
dist: 4.399988743789745 vs. 4.399988743789745
list:
dist: 2.3827168535668544 vs. 2.3827168535668544
list:
dist: 3.6301133638571006 vs. 3.6301133638571006
list:
dist: 3.778429840546988 vs. 3.778429840546988
list:
dist: 3.354488825851992 vs. 3.354488825851992
list:
dist: 3.3094427134790347 vs. 3.3094427134790347
list:
dist: 1.000132213634656 vs. 1.000132213634656
list:
dist: 0.17413468791863068 vs. 0.17413468791863068
list:
dist: 2.0539307478627773 vs. 2.0539307478627773
list:
dist: 0.850517566616869 vs. 0.850517566616869
list:
dist: 1.443251239295776 vs. 1.443251239295776
list:
dist: 0.7952255932446518 vs. 0.7952255932446518
list:
dist: 4.822876194093834 vs. 4.822876194093834
list:
dist: 3.271773467421192 vs. 3.271773467421192
list:
dist: 2.153545166335827 vs. 2.153545166335827
list:
dist: 2.7461301554053925 vs. 2.7461301554053925
list:
dist: 3.6152357783305313 vs. 3.6152357783305313
list:
dist: 3.477405520622477 vs. 3.477405520622477
list:
dist: 3.6995754315782454 vs. 3.6995754315782454
list:
dist: 3.218813205762723 vs. 3.218813205762723
list:
dist: 2.5742715123396427 vs. 2.5742715123396427
list:
dist: 2.4311611509437276 vs. 2.4311611509437276
list:
dist: 3.3186205905424395 vs. 3.3186205905424395
list:
dist: 2.1937757508558016 vs. 2.1937757508558016
list:
dist: 2.282347628605852 vs. 2.282347628605852
list:
dist: 3.640682994753615 vs. 3.640682994753615
list:
dist: 2.3283266440113737 vs. 2.3283266440113737
list:
dist: 1.370281259117057 vs. 1.370281259117057
list:
dist: 1.5470539952507532 vs. 1.5470539952507532
list:
dist: 1.6459907551143806 vs. 1.6459907551143806
list:
dist: 2.5715319619055785 vs. 2.5715319619055785
list:
dist: 2.8599277969655046 vs. 2.8599277969655046
list:
dist: 2.1330674364523734 vs. 2.1330674364523734
list:
dist: 2.261972259189458 vs. 2.261972259189458
list:
dist: 2.103211475625723 vs. 2.103211475625723
list:
dist: 2.582362593876092 vs. 2.582362593876092
list:
dist: 2.168785004571628 vs. 2.168785004571628
list:
dist: 1.92516997403139 vs. 1.92516997403139
list:
dist: 1.5604945673131478 vs. 1.5604945673131478
list:
dist: 3.0930518991691502 vs. 3.0930518991691502
list:
dist: 2.442916507196013 vs. 2.442916507196013
list:
dist: 3.3017880129452992 vs. 3.3017880129452992
list:
dist: 1.1445411517995931 vs. 1.1445411517995931
list:
dist: 3.316732402790483 vs. 3.316732402790483
list:
dist: 3.187654726829072 vs. 3.187654726829072
list:
dist: 3.0569227675486896 vs. 3.0569227675486896
list:
dist: 3.2380689406940837 vs. 3.2380689406940837
list:
dist: 3.2138262548232848 vs. 3.2138262548232848
list:
dist: 2.4840961208237413 vs. 2.4840961208237413
list:
dist: 3.2738186229438693 vs. 3.2738186229438693
list:
dist: 3.0952044094741624 vs. 3.0952044094741624
list:
dist: 2.101235123237386 vs. 2.101235123237386
list:
dist: 2.261972259189458 vs. 2.261972259189458
list:
dist: 1.770682863012979 vs. 1.770682863012979
list:
dist: 2.017657077267803 vs. 2.017657077267803
list:
dist: 1.2297337646255273 vs. 1.2297337646255273
list:
dist: 1.8895291492306847 vs. 1.8895291492306847
list:
dist: 2.9747174102341094 vs. 2.9747174102341094
list:
dist: 3.3505349680405887 vs. 3.3505349680405887
list:
dist: 2.676800847278698 vs. 2.676800847278698
list:
dist: 3.5521985789172166 vs. 3.5521985789172166
list:
dist: 2.932188119707569 vs. 2.932188119707569
list:
dist: 3.2267277978290223 vs. 3.2267277978290223
list:
dist: 2.649825130308295 vs. 2.649825130308295
list:
dist: 2.6175875570849465 vs. 2.6175875570849465
list:
dist: 2.930816917864339 vs. 2.930816917864339
list:
dist: 3.1734137396209974 vs. 3.1734137396209974
list:
dist: 2.6724527757763212 vs. 2.6724527757763212
list:
dist: 1.8576997706082823 vs. 1.8576997706082823
list:
dist: 2.9873867910257346 vs. 2.9873867910257346
list:
dist: 1.855333272051777 vs. 1.855333272051777
list:
dist: 1.361710229467463 vs. 1.361710229467463
list:
dist: 1.4020882843000062 vs. 1.4020882843000062
list:
dist: 1.4576658235686246 vs. 1.4576658235686246
list:
dist: 1.2476631228406942 vs. 1.2476631228406942
list:
dist: 1.006817639489563 vs. 1.006817639489563
list:
dist: 0.9539461639705236 vs. 0.9539461639705236
list:
dist: 0.9068851025036708 vs. 0.9068851025036708
list:
dist: 0.4506122933181294 vs. 0.4506122933181294
list:
dist: 0.7889108118574234 vs. 0.7889108118574234
list:
dist: 0.741717216101768 vs. 0.741717216101768
list:
dist: 1.0128743490663776 vs. 1.0128743490663776
list:
dist: 0.9173509039322154 vs. 0.9173509039322154
list:
dist: 0.6280807352593248 vs. 0.6280807352593248
list:
dist: 1.2564117598362983 vs. 1.2564117598362983
list:
dist: 1.1657852424914366 vs. 1.1657852424914366
list:
dist: 1.6533691328008229 vs. 1.6533691328008229
list:
dist: 1.970312973262848 vs. 1.970312973262848
list:
dist: 1.891725600195742 vs. 1.891725600195742
list:
dist: 1.264715739202707 vs. 1.264715739202707
list:
dist: 1.763061396284126 vs. 1.763061396284126
list:
dist: 1.7291788825217 vs. 1.7291788825217
list:
dist: 1.4141746547505638 vs. 1.4141746547505638
list:
dist: 1.858158292463098 vs. 1.858158292463098
list:
dist: 0.9627480318155729 vs. 0.9627480318155729
list:
dist: 2.3157463670654086 vs. 2.3157463670654086
list:
dist: 1.7979388274969057 vs. 1.7979388274969057
list:
dist: 1.2696834179440892 vs. 1.2696834179440892
list:
dist: 1.8704564372803851 vs. 1.8704564372803851
list:
dist: 2.8311368646261506 vs. 2.8311368646261506
list:
dist: 3.31686984322998 vs. 3.31686984322998
list:
dist: 2.270866457574423 vs. 2.270866457574423
list:
dist: 2.442916507196013 vs. 2.442916507196013
list:
dist: 2.0455154988824296 vs. 2.0455154988824296
list:
dist: 2.1645235445666815 vs. 2.1645235445666815
list:
dist: 1.1101273155512033 vs. 1.1101273155512033
list:
dist: 2.260204400174378 vs. 2.260204400174378
list:
dist: 2.4276881978196463 vs. 2.4276881978196463
list:
dist: 3.085664608446647 vs. 3.085664608446647
list:
dist: 2.2949826179342807 vs. 2.2949826179342807
list:
dist: 3.0846633958592844 vs. 3.0846633958592844
list:
dist: 2.3817782593832177 vs. 2.3817782593832177
list:
dist: 2.7101780846424854 vs. 2.7101780846424854
list:
dist: 2.08450539509919 vs. 2.08450539509919
list:
dist: 2.1672908023000197 vs. 2.1672908023000197
list:
dist: 2.558503815626824 vs. 2.558503815626824
list:
dist: 2.6253813213706843 vs. 2.6253813213706843
list:
dist: 2.297890981084361 vs. 2.297890981084361
list:
dist: 1.377882532495244 vs. 1.377882532495244
list:
dist: 2.3794831517614297 vs. 2.3794831517614297
list:
dist: 1.3727274876274898 vs. 1.3727274876274898
list:
dist: 1.5164112687694924 vs. 1.5164112687694924
list:
dist: 1.6021447650317957 vs. 1.6021447650317957
list:
dist: 1.3646733765909986 vs. 1.3646733765909986
list:
dist: 1.8315343708555083 vs. 1.8315343708555083
list:
dist: 1.5340276010729617 vs. 1.5340276010729617
list:
dist: 1.5643724606328118 vs. 1.5643724606328118
list:
dist: 0.6280807352593248 vs. 0.6280807352593248
list:
dist: 1.387960960152698 vs. 1.387960960152698
list:
dist: 0.6024457686525563 vs. 0.6024457686525563
list:
dist: 0.679892351521996 vs. 0.679892351521996
list:
dist: 0.884142147275892 vs. 0.884142147275892
list:
dist: 1.4525295059338472 vs. 1.4525295059338472
list:
dist: 0.9958483025365769 vs. 0.9958483025365769
list:
dist: 1.6494356018843679 vs. 1.6494356018843679
list:
dist: 1.325214137167667 vs. 1.325214137167667
list:
dist: 1.894386383648231 vs. 1.894386383648231
list:
dist: 2.2300634911377326 vs. 2.2300634911377326
list:
dist: 2.024986828192232 vs. 2.024986828192232
list:
dist: 0.9680358197745416 vs. 0.9680358197745416
list:
dist: 1.141933011366507 vs. 1.141933011366507
list:
dist: 1.1677409150729618 vs. 1.1677409150729618
list:
dist: 0.8993869275128198 vs. 0.8993869275128198
list:
dist: 1.244468160255351 vs. 1.244468160255351
list:
dist: 0.38299270827144294 vs. 0.38299270827144294
list:
dist: 1.6980201014836735 vs. 1.6980201014836735
list:
dist: 2.0376966683254327 vs. 2.0376966683254327
list:
dist: 1.5828422588737847 vs. 1.5828422588737847
list:
dist: 2.067909341702308 vs. 2.067909341702308
list:
dist: 2.814763473242879 vs. 2.814763473242879
list:
dist: 3.8477225624732525 vs. 3.8477225624732525
list:
dist: 2.935131517792255 vs. 2.935131517792255
list:
dist: 3.0930518991691502 vs. 3.0930518991691502
list:
dist: 2.603385754923597 vs. 2.603385754923597
list:
dist: 2.9235847879513885 vs. 2.9235847879513885
list:
dist: 1.9750470921969043 vs. 1.9750470921969043
list:
dist: 2.712321188053438 vs. 2.712321188053438
list:
dist: 3.147858398910624 vs. 3.147858398910624
list:
dist: 3.9613251407609225 vs. 3.9613251407609225
list:
dist: 3.2665498931210313 vs. 3.2665498931210313
list:
dist: 4.019220778409211 vs. 4.019220778409211
list:
dist: 3.245515747580533 vs. 3.245515747580533
list:
dist: 3.5791895244181045 vs. 3.5791895244181045
list:
dist: 2.95353343104319 vs. 2.95353343104319
list:
dist: 3.1374804472711926 vs. 3.1374804472711926
list:
dist: 3.5433393871780083 vs. 3.5433393871780083
list:
dist: 3.482486162312848 vs. 3.482486162312848
list:
dist: 3.251575488088066 vs. 3.251575488088066
list:
dist: 2.2521428819511833 vs. 2.2521428819511833
list:
dist: 3.1286115135548744 vs. 3.1286115135548744
list:
dist: 2.2051933233869065 vs. 2.2051933233869065
list:
dist: 1.9489936850951972 vs. 1.9489936850951972
list:
dist: 1.9012803364740547 vs. 1.9012803364740547
list:
dist: 1.9376396139404155 vs. 1.9376396139404155
list:
dist: 1.7450799237770342 vs. 1.7450799237770342
list:
dist: 0.9737764924501823 vs. 0.9737764924501823
list:
dist: 1.479972199402175 vs. 1.479972199402175
list:
dist: 0.9173509039322154 vs. 0.9173509039322154
list:
dist: 1.2931221910210025 vs. 1.2931221910210025
list:
dist: 0.5241808565334987 vs. 0.5241808565334987
list:
dist: 1.11594931563977 vs. 1.11594931563977
list:
dist: 1.2441577050993302 vs. 1.2441577050993302
list:
dist: 1.8992694789299294 vs. 1.8992694789299294
list:
dist: 0.9958483025365769 vs. 0.9958483025365769
list:
dist: 1.1741112310575268 vs. 1.1741112310575268
list:
dist: 2.0319758779920485 vs. 2.0319758779920485
list:
dist: 1.6528735818314386 vs. 1.6528735818314386
list:
dist: 2.35505328900998 vs. 2.35505328900998
list:
dist: 1.7023066965476963 vs. 1.7023066965476963
list:
dist: 1.11878295523177 vs. 1.11878295523177
list:
dist: 1.7810035048011381 vs. 1.7810035048011381
list:
dist: 1.936453215231337 vs. 1.936453215231337
list:
dist: 1.098595521389308 vs. 1.098595521389308
list:
dist: 1.7767613246686602 vs. 1.7767613246686602
list:
dist: 1.1935222417457831 vs. 1.1935222417457831
list:
dist: 2.379934673789295 vs. 2.379934673789295
list:
dist: 1.122880463287728 vs. 1.122880463287728
list:
dist: 0.7511104479694343 vs. 0.7511104479694343
list:
dist: 1.3279028534132056 vs. 1.3279028534132056
list:
dist: 2.1328679519097204 vs. 2.1328679519097204
list:
dist: 3.144839483468641 vs. 3.144839483468641
list:
dist: 3.316732402790483 vs. 3.316732402790483
list:
dist: 2.3630404964333316 vs. 2.3630404964333316
list:
dist: 2.8889327190753717 vs. 2.8889327190753717
list:
dist: 1.9967210020325614 vs. 1.9967210020325614
list:
dist: 3.0668246542176028 vs. 3.0668246542176028
list:
dist: 2.906865284369421 vs. 2.906865284369421
list:
dist: 3.8731382591107577 vs. 3.8731382591107577
list:
dist: 2.573287254931284 vs. 2.573287254931284
list:
dist: 3.2396990039230227 vs. 3.2396990039230227
list:
dist: 2.477054411232116 vs. 2.477054411232116
list:
dist: 2.730317896281479 vs. 2.730317896281479
list:
dist: 2.2853088179612686 vs. 2.2853088179612686
list:
dist: 2.6381453309051146 vs. 2.6381453309051146
list:
dist: 3.100833652139695 vs. 3.100833652139695
list:
dist: 3.004763745149959 vs. 3.004763745149959
list:
dist: 2.948176777063223 vs. 2.948176777063223
list:
dist: 2.0686446478133402 vs. 2.0686446478133402
list:
dist: 2.5583993630590114 vs. 2.5583993630590114
list:
dist: 2.0761806339037947 vs. 2.0761806339037947
list:
dist: 3.4771859610834417 vs. 3.4771859610834417
list:
dist: 2.3857742089007004 vs. 2.3857742089007004
list:
dist: 2.4668680248414754 vs. 2.4668680248414754
list:
dist: 2.5300648431675685 vs. 2.5300648431675685
list:
dist: 2.32305877339396 vs. 2.32305877339396
list:
dist: 2.065933588421457 vs. 2.065933588421457
list:
dist: 1.7971265111210017 vs. 1.7971265111210017
list:
dist: 2.1321568617975424 vs. 2.1321568617975424
list:
dist: 1.264715739202707 vs. 1.264715739202707
list:
dist: 2.096689819484061 vs. 2.096689819484061
list:
dist: 1.1516028787655046 vs. 1.1516028787655046
list:
dist: 1.5860619425657598 vs. 1.5860619425657598
list:
dist: 1.7928562834792223 vs. 1.7928562834792223
list:
dist: 2.092596001606076 vs. 2.092596001606076
list:
dist: 1.11878295523177 vs. 1.11878295523177
list:
dist: 0.9680358197745416 vs. 0.9680358197745416
list:
dist: 1.4551194137983012 vs. 1.4551194137983012
list:
dist: 2.174592266863549 vs. 2.174592266863549
list:
dist: 1.3993423949616326 vs. 1.3993423949616326
list:
dist: 1.927939447889314 vs. 1.927939447889314
list:
dist: 1.3367522716475673 vs. 1.3367522716475673
list:
dist: 1.1746364306032102 vs. 1.1746364306032102
list:
dist: 1.1267635720916656 vs. 1.1267635720916656
list:
dist: 0.934878072084077 vs. 0.934878072084077
list:
dist: 1.449707534024262 vs. 1.449707534024262
list:
dist: 1.1554374341601839 vs. 1.1554374341601839
list:
dist: 1.9464518208697945 vs. 1.9464518208697945
list:
dist: 1.9672874583040403 vs. 1.9672874583040403
list:
dist: 1.7448875985639936 vs. 1.7448875985639936
list:
dist: 1.4641830724175096 vs. 1.4641830724175096
list:
dist: 1.5576059666112099 vs. 1.5576059666112099
list:
dist: 2.041671553599596 vs. 2.041671553599596
list:
dist: 3.523138574747509 vs. 3.523138574747509
list:
dist: 2.728890581390227 vs. 2.728890581390227
list:
dist: 2.8599277969655046 vs. 2.8599277969655046
list:
dist: 2.3016490886822134 vs. 2.3016490886822134
list:
dist: 2.735967508319232 vs. 2.735967508319232
list:
dist: 2.1559183611352655 vs. 2.1559183611352655
list:
dist: 2.2701409974541082 vs. 2.2701409974541082
list:
dist: 3.849779909328335 vs. 3.849779909328335
list:
dist: 4.237567861633914 vs. 4.237567861633914
list:
dist: 3.665916661041662 vs. 3.665916661041662
list:
dist: 4.542622197024629 vs. 4.542622197024629
list:
dist: 3.8945611484756757 vs. 3.8945611484756757
list:
dist: 4.186565018601223 vs. 4.186565018601223
list:
dist: 3.6144457427751453 vs. 3.6144457427751453
list:
dist: 3.6213947145785137 vs. 3.6213947145785137
list:
dist: 3.9270587607230993 vs. 3.9270587607230993
list:
dist: 4.135267053102437 vs. 4.135267053102437
list:
dist: 3.6493308765688734 vs. 3.6493308765688734
list:
dist: 2.7988831712735056 vs. 2.7988831712735056
list:
dist: 3.8963863895709383 vs. 3.8963863895709383
list:
dist: 2.7719600051187445 vs. 2.7719600051187445
list:
dist: 1.9046359287241426 vs. 1.9046359287241426
list:
dist: 1.8157921642173083 vs. 1.8157921642173083
list:
dist: 2.1621280452503067 vs. 2.1621280452503067
list:
dist: 1.0216806320354574 vs. 1.0216806320354574
list:
dist: 0.7876210765390403 vs. 0.7876210765390403
list:
dist: 1.006817639489563 vs. 1.006817639489563
list:
dist: 0.9130617745404308 vs. 0.9130617745404308
list:
dist: 0.9891560318109563 vs. 0.9891560318109563
list:
dist: 1.506785115411464 vs. 1.506785115411464
list:
dist: 1.3851732081971133 vs. 1.3851732081971133
list:
dist: 1.5339063380201534 vs. 1.5339063380201534
list:
dist: 0.9737764924501823 vs. 0.9737764924501823
list:
dist: 1.5340276010729617 vs. 1.5340276010729617
list:
dist: 0.8603777707571721 vs. 0.8603777707571721
list:
dist: 1.9523015019537804 vs. 1.9523015019537804
list:
dist: 1.564744362942532 vs. 1.564744362942532
list:
dist: 2.1213885668440664 vs. 2.1213885668440664
list:
dist: 1.8059292297142973 vs. 1.8059292297142973
list:
dist: 1.7971265111210017 vs. 1.7971265111210017
list:
dist: 2.5849569545174287 vs. 2.5849569545174287
list:
dist: 2.6127228802951703 vs. 2.6127228802951703
list:
dist: 2.0147845798644335 vs. 2.0147845798644335
list:
dist: 2.6274967982100286 vs. 2.6274967982100286
list:
dist: 1.8341735639063574 vs. 1.8341735639063574
list:
dist: 3.175246227186646 vs. 3.175246227186646
list:
dist: 1.1799018780173822 vs. 1.1799018780173822
list:
dist: 0.7070509755317905 vs. 0.7070509755317905
list:
dist: 1.4260426919536209 vs. 1.4260426919536209
list:
dist: 2.5491165081313945 vs. 2.5491165081313945
list:
dist: 3.2985955017952517 vs. 3.2985955017952517
list:
dist: 2.4571394192692493 vs. 2.4571394192692493
list:
dist: 2.5715319619055785 vs. 2.5715319619055785
list:
dist: 1.495233803309526 vs. 1.495233803309526
list:
dist: 2.253378276748038 vs. 2.253378276748038
list:
dist: 2.1435958042172985 vs. 2.1435958042172985
list:
dist: 1.9046037731091165 vs. 1.9046037731091165
list:
dist: 4.172534008459754 vs. 4.172534008459754
list:
dist: 4.213230853867386 vs. 4.213230853867386
list:
dist: 3.4301475934939396 vs. 3.4301475934939396
list:
dist: 4.380252721098201 vs. 4.380252721098201
list:
dist: 3.908355868018615 vs. 3.908355868018615
list:
dist: 4.109638389484717 vs. 4.109638389484717
list:
dist: 3.691890254846891 vs. 3.691890254846891
list:
dist: 3.575654958128693 vs. 3.575654958128693
list:
dist: 3.7919542969294184 vs. 3.7919542969294184
list:
dist: 4.274905071448384 vs. 4.274905071448384
list:
dist: 3.6172608112378697 vs. 3.6172608112378697
list:
dist: 3.003259580670936 vs. 3.003259580670936
list:
dist: 4.12727664075756 vs. 4.12727664075756
list:
dist: 3.024800343354017 vs. 3.024800343354017
list:
dist: 2.1212055551680913 vs. 2.1212055551680913
list:
dist: 2.1212068974475096 vs. 2.1212068974475096
list:
dist: 2.4633593401951766 vs. 2.4633593401951766
list:
dist: 1.0216806320354574 vs. 1.0216806320354574
list:
dist: 0.8544508625958295 vs. 0.8544508625958295
list:
dist: 1.2476631228406942 vs. 1.2476631228406942
list:
dist: 1.3800014012436974 vs. 1.3800014012436974
list:
dist: 1.552619970723164 vs. 1.552619970723164
list:
dist: 1.9699685439627725 vs. 1.9699685439627725
list:
dist: 1.7753749154166742 vs. 1.7753749154166742
list:
dist: 1.0779680363173403 vs. 1.0779680363173403
list:
dist: 1.7450799237770342 vs. 1.7450799237770342
list:
dist: 1.8315343708555083 vs. 1.8315343708555083
list:
dist: 1.0260120008167974 vs. 1.0260120008167974
list:
dist: 1.7735770281593586 vs. 1.7735770281593586
list:
dist: 1.3987401587394377 vs. 1.3987401587394377
list:
dist: 1.4493590324018082 vs. 1.4493590324018082
list:
dist: 1.8154421251361237 vs. 1.8154421251361237
list:
dist: 2.065933588421457 vs. 2.065933588421457
list:
dist: 2.892815195763094 vs. 2.892815195763094
list:
dist: 2.7322965748819428 vs. 2.7322965748819428
list:
dist: 2.5565225884945293 vs. 2.5565225884945293
list:
dist: 3.0647091947614373 vs. 3.0647091947614373
list:
dist: 2.19511639332216 vs. 2.19511639332216
list:
dist: 3.5087540309290595 vs. 3.5087540309290595
list:
dist: 1.910780557025683 vs. 1.910780557025683
list:
dist: 1.4575889132260795 vs. 1.4575889132260795
list:
dist: 1.88904611583764 vs. 1.88904611583764
list:
dist: 3.04551933341019 vs. 3.04551933341019
list:
dist: 4.08679023107426 vs. 4.08679023107426
list:
dist: 3.1591251271256677 vs. 3.1591251271256677
list:
dist: 3.3017880129452992 vs. 3.3017880129452992
list:
dist: 2.1604992306514657 vs. 2.1604992306514657
list:
dist: 2.9589007050226996 vs. 2.9589007050226996
list:
dist: 2.4483220473732366 vs. 2.4483220473732366
list:
dist: 2.736646941989247 vs. 2.736646941989247
list:
dist: 4.061008846910782 vs. 4.061008846910782
list:
dist: 4.581901544367887 vs. 4.581901544367887
list:
dist: 3.55924918398082 vs. 3.55924918398082
list:
dist: 4.403691592207319 vs. 4.403691592207319
list:
dist: 3.7703807021394993 vs. 3.7703807021394993
list:
dist: 3.995384291119904 vs. 3.995384291119904
list:
dist: 3.560468985302161 vs. 3.560468985302161
list:
dist: 3.6791264776912325 vs. 3.6791264776912325
list:
dist: 4.0236348125518555 vs. 4.0236348125518555
list:
dist: 4.22039068484192 vs. 4.22039068484192
list:
dist: 3.8373414549381066 vs. 3.8373414549381066
list:
dist: 3.0188308250301508 vs. 3.0188308250301508
list:
dist: 3.8983462671432796 vs. 3.8983462671432796
list:
dist: 3.018758030075369 vs. 3.018758030075369
list:
dist: 2.5127919423341925 vs. 2.5127919423341925
list:
dist: 2.488732668414094 vs. 2.488732668414094
list:
dist: 2.6872378762625972 vs. 2.6872378762625972
list:
dist: 1.0260120008167974 vs. 1.0260120008167974
list:
dist: 0.8603777707571721 vs. 0.8603777707571721
list:
dist: 1.3977192430491427 vs. 1.3977192430491427
list:
dist: 1.2564117598362983 vs. 1.2564117598362983
list:
dist: 1.6579394718171376 vs. 1.6579394718171376
list:
dist: 1.293426288897294 vs. 1.293426288897294
list:
dist: 1.948902216496097 vs. 1.948902216496097
list:
dist: 1.9159395882507702 vs. 1.9159395882507702
list:
dist: 1.7809830137298437 vs. 1.7809830137298437
list:
dist: 1.1741112310575268 vs. 1.1741112310575268
list:
dist: 1.6494356018843679 vs. 1.6494356018843679
list:
dist: 2.2862935728576548 vs. 2.2862935728576548
list:
dist: 0.7228993927084428 vs. 0.7228993927084428
list:
dist: 1.457405912618424 vs. 1.457405912618424
list:
dist: 0.976932822310621 vs. 0.976932822310621
list:
dist: 1.4551194137983012 vs. 1.4551194137983012
list:
dist: 2.519613014147549 vs. 2.519613014147549
list:
dist: 2.443313124345397 vs. 2.443313124345397
list:
dist: 2.046317100324253 vs. 2.046317100324253
list:
dist: 2.691609212810458 vs. 2.691609212810458
list:
dist: 2.005567443678563 vs. 2.005567443678563
list:
dist: 3.2329247408919146 vs. 3.2329247408919146
list:
dist: 1.0110127325741531 vs. 1.0110127325741531
list:
dist: 0.656613485520729 vs. 0.656613485520729
list:
dist: 0.8732854910423544 vs. 0.8732854910423544
list:
dist: 2.0210600406437425 vs. 2.0210600406437425
list:
dist: 2.403306934192083 vs. 2.403306934192083
list:
dist: 2.3322196641731736 vs. 2.3322196641731736
list:
dist: 2.528182943294091 vs. 2.528182943294091
list:
dist: 1.4575889132260795 vs. 1.4575889132260795
list:
dist: 0.7070509755317905 vs. 0.7070509755317905
list:
dist: 1.4596243461430103 vs. 1.4596243461430103
list:
dist: 1.2696834179440892 vs. 1.2696834179440892
list:
dist: 1.5059268465936806 vs. 1.5059268465936806
list:
dist: 1.0860753025831906 vs. 1.0860753025831906
list:
dist: 1.7435169219895188 vs. 1.7435169219895188
list:
dist: 1.759484600488419 vs. 1.759484600488419
list:
dist: 2.0367627471510814 vs. 2.0367627471510814
list:
dist: 0.7511104479694343 vs. 0.7511104479694343
list:
dist: 1.5828422588737847 vs. 1.5828422588737847
list:
dist: 0.656613485520729 vs. 0.656613485520729
list:
dist: 2.4032143014711047 vs. 2.4032143014711047
list:
dist: 1.2680399311548967 vs. 1.2680399311548967
list:
dist: 2.0883466659261707 vs. 2.0883466659261707
list:
dist: 1.343381201066972 vs. 1.343381201066972
list:
dist: 1.4641830724175096 vs. 1.4641830724175096
list:
dist: 2.41394975572582 vs. 2.41394975572582
list:
dist: 2.476587642699764 vs. 2.476587642699764
list:
dist: 1.7793205990691716 vs. 1.7793205990691716
list:
dist: 2.4798394190434707 vs. 2.4798394190434707
list:
dist: 1.8673097163446708 vs. 1.8673097163446708
list:
dist: 3.077858587585906 vs. 3.077858587585906
list:
dist: 0.5433619837613728 vs. 0.5433619837613728
list:
dist: 0.7735856379174922 vs. 0.7735856379174922
list:
dist: 1.845872452651673 vs. 1.845872452651673
list:
dist: 1.97128899633837 vs. 1.97128899633837
list:
dist: 1.2446774354077799 vs. 1.2446774354077799
list:
dist: 1.370281259117057 vs. 1.370281259117057
list:
dist: 2.3067307992480126 vs. 2.3067307992480126
list:
dist: 1.6723787329060542 vs. 1.6723787329060542
list:
dist: 0.9836827289148301 vs. 0.9836827289148301
list:
dist: 1.2761301510580652 vs. 1.2761301510580652
list:
dist: 4.790201871388531 vs. 4.790201871388531
list:
dist: 2.7106207819254977 vs. 2.7106207819254977
list:
dist: 2.5065976458108827 vs. 2.5065976458108827
list:
dist: 2.864688618715915 vs. 2.864688618715915
list:
dist: 3.7062669748928143 vs. 3.7062669748928143
list:
dist: 3.218625420962456 vs. 3.218625420962456
list:
dist: 3.564443004180629 vs. 3.564443004180629
list:
dist: 2.8692396214287994 vs. 2.8692396214287994
list:
dist: 2.5223282383402332 vs. 2.5223282383402332
list:
dist: 2.6570821735890795 vs. 2.6570821735890795
list:
dist: 3.0391707914638415 vs. 3.0391707914638415
list:
dist: 2.259331176883736 vs. 2.259331176883736
list:
dist: 1.6890765303083717 vs. 1.6890765303083717
list:
dist: 3.1275678862018466 vs. 3.1275678862018466
list:
dist: 1.657785456879008 vs. 1.657785456879008
list:
dist: 0.2536182417254717 vs. 0.2536182417254717
list:
dist: 0.5664321536307807 vs. 0.5664321536307807
list:
dist: 2.1212055551680913 vs. 2.1212055551680913
list:
dist: 1.9046359287241426 vs. 1.9046359287241426
list:
dist: 1.393997554230157 vs. 1.393997554230157
list:
dist: 1.361710229467463 vs. 1.361710229467463
list:
dist: 1.0338693117459523 vs. 1.0338693117459523
list:
dist: 1.4920712414844801 vs. 1.4920712414844801
list:
dist: 0.9756082061419601 vs. 0.9756082061419601
list:
dist: 0.7193872152037758 vs. 0.7193872152037758
list:
dist: 1.3366139525150238 vs. 1.3366139525150238
list:
dist: 1.9489936850951972 vs. 1.9489936850951972
list:
dist: 1.5164112687694924 vs. 1.5164112687694924
list:
dist: 2.5127919423341925 vs. 2.5127919423341925
list:
dist: 0.9002655886775474 vs. 0.9002655886775474
list:
dist: 2.4668680248414754 vs. 2.4668680248414754
list:
dist: 2.380198215646691 vs. 2.380198215646691
list:
dist: 2.4418861675176036 vs. 2.4418861675176036
list:
dist: 2.1706712734761853 vs. 2.1706712734761853
list:
dist: 2.2820497222961804 vs. 2.2820497222961804
list:
dist: 1.5119733505926125 vs. 1.5119733505926125
list:
dist: 2.5362206382447923 vs. 2.5362206382447923
list:
dist: 2.8995728578437387 vs. 2.8995728578437387
list:
dist: 2.403306934192083 vs. 2.403306934192083
list:
dist: 2.916428902213729 vs. 2.916428902213729
list:
dist: 2.0090894787535962 vs. 2.0090894787535962
list:
dist: 2.168785004571628 vs. 2.168785004571628
list:
dist: 2.3314242252842177 vs. 2.3314242252842177
list:
dist: 2.1390137955131863 vs. 2.1390137955131863
list:
dist: 1.0193517555467813 vs. 1.0193517555467813
list:
dist: 2.003962208437237 vs. 2.003962208437237
list:
dist: 2.3862080895957782 vs. 2.3862080895957782
list:
dist: 2.886301889849653 vs. 2.886301889849653
list:
dist: 2.642399366417473 vs. 2.642399366417473
list:
dist: 3.427290868874503 vs. 3.427290868874503
list:
dist: 2.7484226046904237 vs. 2.7484226046904237
list:
dist: 3.1220018339492928 vs. 3.1220018339492928
list:
dist: 2.3966351727013286 vs. 2.3966351727013286
list:
dist: 2.342920086544912 vs. 2.342920086544912
list:
dist: 2.6682055178282273 vs. 2.6682055178282273
list:
dist: 2.7434946727510288 vs. 2.7434946727510288
list:
dist: 2.3026281870384504 vs. 2.3026281870384504
list:
dist: 1.3654592387249982 vs. 1.3654592387249982
list:
dist: 2.6014852123645755 vs. 2.6014852123645755
list:
dist: 1.3124077202645705 vs. 1.3124077202645705
list:
dist: 0.9756082061419601 vs. 0.9756082061419601
list:
dist: 1.009148234798731 vs. 1.009148234798731
list:
dist: 0.8306665458027068 vs. 0.8306665458027068
list:
dist: 1.9699685439627725 vs. 1.9699685439627725
list:
dist: 1.506785115411464 vs. 1.506785115411464
list:
dist: 1.4029407879744917 vs. 1.4029407879744917
list:
dist: 0.7889108118574234 vs. 0.7889108118574234
list:
dist: 1.0115825605360866 vs. 1.0115825605360866
list:
dist: 0.6855242529715768 vs. 0.6855242529715768
list:
dist: 0.3490391712265264 vs. 0.3490391712265264
list:
dist: 1.4725029285434836 vs. 1.4725029285434836
list:
dist: 1.11594931563977 vs. 1.11594931563977
list:
dist: 0.679892351521996 vs. 0.679892351521996
list:
dist: 1.948902216496097 vs. 1.948902216496097
list:
dist: 1.2042653721631296 vs. 1.2042653721631296
list:
dist: 2.3730143507954136 vs. 2.3730143507954136
list:
dist: 2.7280368983070167 vs. 2.7280368983070167
list:
dist: 2.5367527930458893 vs. 2.5367527930458893
list:
dist: 1.5860619425657598 vs. 1.5860619425657598
list:
dist: 1.5645775774222819 vs. 1.5645775774222819
list:
dist: 1.7131240792848244 vs. 1.7131240792848244
list:
dist: 1.210342766153189 vs. 1.210342766153189
list:
dist: 1.469745220508003 vs. 1.469745220508003
list:
dist: 0.6521964976610698 vs. 0.6521964976610698
list:
dist: 1.8926570741922957 vs. 1.8926570741922957
list:
dist: 2.2038120337160483 vs. 2.2038120337160483
list:
dist: 1.7435169219895188 vs. 1.7435169219895188
list:
dist: 2.389604244663056 vs. 2.389604244663056
list:
dist: 3.1993667536620345 vs. 3.1993667536620345
list:
dist: 2.701241606077966 vs. 2.701241606077966
list:
dist: 1.9794408297132988 vs. 1.9794408297132988
list:
dist: 2.103211475625723 vs. 2.103211475625723
list:
dist: 2.2213615700327876 vs. 2.2213615700327876
list:
dist: 2.1822149827321797 vs. 2.1822149827321797
list:
dist: 1.5658023627343765 vs. 1.5658023627343765
list:
dist: 1.6043182365763538 vs. 1.6043182365763538
list:
dist: 3.35950069298318 vs. 3.35950069298318
list:
dist: 3.4897576506741155 vs. 3.4897576506741155
list:
dist: 3.354373450462256 vs. 3.354373450462256
list:
dist: 4.242378079410162 vs. 4.242378079410162
list:
dist: 3.651386656111268 vs. 3.651386656111268
list:
dist: 3.9796797111159283 vs. 3.9796797111159283
list:
dist: 3.3263181819023644 vs. 3.3263181819023644
list:
dist: 3.17096243852704 vs. 3.17096243852704
list:
dist: 3.4041880576975094 vs. 3.4041880576975094
list:
dist: 3.6928662698189005 vs. 3.6928662698189005
list:
dist: 3.0634840858703787 vs. 3.0634840858703787
list:
dist: 2.294162076983757 vs. 2.294162076983757
list:
dist: 3.5955979282387416 vs. 3.5955979282387416
list:
dist: 2.258452429639968 vs. 2.258452429639968
list:
dist: 1.0338693117459523 vs. 1.0338693117459523
list:
dist: 0.9167467215195023 vs. 0.9167467215195023
list:
dist: 1.3888601380159726 vs. 1.3888601380159726
list:
dist: 1.3800014012436974 vs. 1.3800014012436974
list:
dist: 0.9130617745404308 vs. 0.9130617745404308
list:
dist: 0.5654750819150058 vs. 0.5654750819150058
list:
dist: 0.9068851025036708 vs. 0.9068851025036708
list:
dist: 0.9810070682542712 vs. 0.9810070682542712
list:
dist: 1.0115825605360866 vs. 1.0115825605360866
list:
dist: 0.7329572554683462 vs. 0.7329572554683462
list:
dist: 1.1913793891779316 vs. 1.1913793891779316
list:
dist: 1.2931221910210025 vs. 1.2931221910210025
list:
dist: 1.387960960152698 vs. 1.387960960152698
list:
dist: 1.6579394718171376 vs. 1.6579394718171376
list:
dist: 1.3422773986462422 vs. 1.3422773986462422
list:
dist: 2.265580376918113 vs. 2.265580376918113
list:
dist: 2.6001669361332715 vs. 2.6001669361332715
list:
dist: 2.5350360709899813 vs. 2.5350360709899813
list:
dist: 2.096689819484061 vs. 2.096689819484061
list:
dist: 2.485956772807365 vs. 2.485956772807365
list:
dist: 2.5456262939138896 vs. 2.5456262939138896
list:
dist: 2.0217521122171416 vs. 2.0217521122171416
list:
dist: 2.445210872722225 vs. 2.445210872722225
list:
dist: 1.5774589398161452 vs. 1.5774589398161452
list:
dist: 2.8973831143432482 vs. 2.8973831143432482
list:
dist: 1.9903891556618238 vs. 1.9903891556618238
list:
dist: 1.5059268465936806 vs. 1.5059268465936806
list:
dist: 2.2626279350542413 vs. 2.2626279350542413
list:
dist: 3.3070624201428545 vs. 3.3070624201428545
list:
dist: 2.761189797824525 vs. 2.761189797824525
list:
dist: 3.123177634473018 vs. 3.123177634473018
list:
dist: 4.314687845147947 vs. 4.314687845147947
list:
dist: 4.309243992411862 vs. 4.309243992411862
list:
dist: 3.930636661604947 vs. 3.930636661604947
list:
dist: 4.002687103810814 vs. 4.002687103810814
list:
dist: 1.4035568983845874 vs. 1.4035568983845874
list:
dist: 0.7646923592891716 vs. 0.7646923592891716
list:
dist: 0.7952255932446518 vs. 0.7952255932446518
list:
dist: 1.7271843438289778 vs. 1.7271843438289778
list:
dist: 1.052758552718458 vs. 1.052758552718458
list:
dist: 1.5484638071655812 vs. 1.5484638071655812
list:
dist: 3.666793130436494 vs. 3.666793130436494
list:
dist: 2.8755814997745945 vs. 2.8755814997745945
list:
dist: 3.0819621277420484 vs. 3.0819621277420484
list:
dist: 4.0283460319238795 vs. 4.0283460319238795
list:
dist: 3.7827196610683775 vs. 3.7827196610683775
list:
dist: 4.010676430007646 vs. 4.010676430007646
list:
dist: 3.5184176391545394 vs. 3.5184176391545394
list:
dist: 3.0057311635845387 vs. 3.0057311635845387
list:
dist: 2.9722143902234923 vs. 2.9722143902234923
list:
dist: 3.7660645107539215 vs. 3.7660645107539215
list:
dist: 2.735127676558935 vs. 2.735127676558935
list:
dist: 2.554578923804033 vs. 2.554578923804033
list:
dist: 3.954204207853875 vs. 3.954204207853875
list:
dist: 2.5869385698358496 vs. 2.5869385698358496
list:
dist: 1.2761301510580652 vs. 1.2761301510580652
list:
dist: 1.3744575348905643 vs. 1.3744575348905643
list:
dist: 1.7433362787853457 vs. 1.7433362787853457
list:
dist: 1.9046037731091165 vs. 1.9046037731091165
list:
dist: 2.2701409974541082 vs. 2.2701409974541082
list:
dist: 1.4930047277869323 vs. 1.4930047277869323
list:
dist: 1.8895291492306847 vs. 1.8895291492306847
list:
dist: 1.6043182365763538 vs. 1.6043182365763538
list:
dist: 2.241958440467064 vs. 2.241958440467064
list:
dist: 2.003962208437237 vs. 2.003962208437237
list:
dist: 1.690405608628159 vs. 1.690405608628159
list:
dist: 1.0609155676739084 vs. 1.0609155676739084
list:
dist: 2.712321188053438 vs. 2.712321188053438
list:
dist: 2.260204400174378 vs. 2.260204400174378
list:
dist: 2.736646941989247 vs. 2.736646941989247
list:
dist: 1.0439139974728782 vs. 1.0439139974728782
list:
dist: 3.110569714815594 vs. 3.110569714815594
list:
dist: 2.910710218082179 vs. 2.910710218082179
list:
dist: 3.4916481747868677 vs. 3.4916481747868677
list:
dist: 3.0668246542176028 vs. 3.0668246542176028
list:
dist: 3.2173710951236383 vs. 3.2173710951236383
list:
dist: 3.0843193612018087 vs. 3.0843193612018087
list:
dist: 3.1144681430676977 vs. 3.1144681430676977
list:
dist: 3.268976222690258 vs. 3.268976222690258
list:
dist: 2.4079920397179575 vs. 2.4079920397179575
list:
dist: 3.471187513288219 vs. 3.471187513288219
list:
dist: 3.368333961023469 vs. 3.368333961023469
list:
dist: 2.4215954928766834 vs. 2.4215954928766834
list:
dist: 2.582362593876092 vs. 2.582362593876092
list:
dist: 2.21080475298275 vs. 2.21080475298275
list:
dist: 2.4106598161346477 vs. 2.4106598161346477
list:
dist: 1.4636085388101103 vs. 1.4636085388101103
list:
dist: 2.241958440467064 vs. 2.241958440467064
list:
dist: 2.8826282744548717 vs. 2.8826282744548717
list:
dist: 3.496669720405638 vs. 3.496669720405638
list:
dist: 2.879407790617601 vs. 2.879407790617601
list:
dist: 3.6864648858775895 vs. 3.6864648858775895
list:
dist: 2.9757128018647014 vs. 2.9757128018647014
list:
dist: 3.307450598438082 vs. 3.307450598438082
list:
dist: 2.6717251684379 vs. 2.6717251684379
list:
dist: 2.7415953222764884 vs. 2.7415953222764884
list:
dist: 3.106778111314705 vs. 3.106778111314705
list:
dist: 3.173997224712867 vs. 3.173997224712867
list:
dist: 2.8118128016044044 vs. 2.8118128016044044
list:
dist: 1.8705924248423638 vs. 1.8705924248423638
list:
dist: 2.9142111958991608 vs. 2.9142111958991608
list:
dist: 1.8378848072229554 vs. 1.8378848072229554
list:
dist: 1.4920712414844801 vs. 1.4920712414844801
list:
dist: 1.4853820913664464 vs. 1.4853820913664464
list:
dist: 1.4961788120402906 vs. 1.4961788120402906
list:
dist: 1.552619970723164 vs. 1.552619970723164
list:
dist: 0.9891560318109563 vs. 0.9891560318109563
list:
dist: 1.1899129192994817 vs. 1.1899129192994817
list:
dist: 0.4506122933181294 vs. 0.4506122933181294
list:
dist: 0.9810070682542712 vs. 0.9810070682542712
list:
dist: 0.6855242529715768 vs. 0.6855242529715768
list:
dist: 0.7787501336798618 vs. 0.7787501336798618
list:
dist: 1.447111917693823 vs. 1.447111917693823
list:
dist: 0.5241808565334987 vs. 0.5241808565334987
list:
dist: 0.6024457686525563 vs. 0.6024457686525563
list:
dist: 1.293426288897294 vs. 1.293426288897294
list:
dist: 1.5104205158336441 vs. 1.5104205158336441
list:
dist: 1.743867842064768 vs. 1.743867842064768
list:
dist: 2.2450722879292546 vs. 2.2450722879292546
list:
dist: 1.8918417834320904 vs. 1.8918417834320904
list:
dist: 1.1516028787655046 vs. 1.1516028787655046
list:
dist: 1.6335585157169215 vs. 1.6335585157169215
list:
dist: 1.7243002999291113 vs. 1.7243002999291113
list:
dist: 1.1106844974202648 vs. 1.1106844974202648
list:
dist: 1.6524263580138363 vs. 1.6524263580138363
list:
dist: 0.8541979772513565 vs. 0.8541979772513565
list:
dist: 2.1873567953771356 vs. 2.1873567953771356
list:
dist: 1.5635155092616586 vs. 1.5635155092616586
list:
dist: 1.0860753025831906 vs. 1.0860753025831906
list:
dist: 1.7103980532127712 vs. 1.7103980532127712
list:
dist: 2.584934375934517 vs. 2.584934375934517
list:
dist: 2.4128152256832243 vs. 2.4128152256832243
list:
dist: 1.4271165419129561 vs. 1.4271165419129561
list:
dist: 1.5604945673131478 vs. 1.5604945673131478
list:
dist: 1.0652043287342263 vs. 1.0652043287342263
list:
dist: 1.2304406122782017 vs. 1.2304406122782017
list:
dist: 1.2054042044947477 vs. 1.2054042044947477
list:
dist: 1.0609155676739084 vs. 1.0609155676739084
list:
dist: 3.4049957153408545 vs. 3.4049957153408545
list:
dist: 3.16297658770805 vs. 3.16297658770805
list:
dist: 2.6455760877676355 vs. 2.6455760877676355
list:
dist: 3.622513999561506 vs. 3.622513999561506
list:
dist: 3.242820579548666 vs. 3.242820579548666
list:
dist: 3.460830365412734 vs. 3.460830365412734
list:
dist: 3.0022406080772126 vs. 3.0022406080772126
list:
dist: 2.703845366327963 vs. 2.703845366327963
list:
dist: 2.838612242020784 vs. 2.838612242020784
list:
dist: 3.464944323827252 vs. 3.464944323827252
list:
dist: 2.647105456412191 vs. 2.647105456412191
list:
dist: 2.203681446732739 vs. 2.203681446732739
list:
dist: 3.47090325877203 vs. 3.47090325877203
list:
dist: 2.2449033178283604 vs. 2.2449033178283604
list:
dist: 1.3366139525150238 vs. 1.3366139525150238
list:
dist: 1.44453054188507 vs. 1.44453054188507
list:
dist: 1.663087025392576 vs. 1.663087025392576
list:
dist: 1.0779680363173403 vs. 1.0779680363173403
list:
dist: 1.5339063380201534 vs. 1.5339063380201534
list:
dist: 0.9234332698596539 vs. 0.9234332698596539
list:
dist: 1.0128743490663776 vs. 1.0128743490663776
list:
dist: 1.1913793891779316 vs. 1.1913793891779316
list:
dist: 1.447111917693823 vs. 1.447111917693823
list:
dist: 1.4725029285434836 vs. 1.4725029285434836
list:
dist: 1.2296590714343287 vs. 1.2296590714343287
list:
dist: 1.8992694789299294 vs. 1.8992694789299294
list:
dist: 1.4525295059338472 vs. 1.4525295059338472
list:
dist: 1.7809830137298437 vs. 1.7809830137298437
list:
dist: 0.7389855022865679 vs. 0.7389855022865679
list:
dist: 2.0770954424448016 vs. 2.0770954424448016
list:
dist: 1.9362633999247236 vs. 1.9362633999247236
list:
dist: 2.449406072739969 vs. 2.449406072739969
list:
dist: 2.092596001606076 vs. 2.092596001606076
list:
dist: 2.4800789229126554 vs. 2.4800789229126554
list:
dist: 2.2963392547596198 vs. 2.2963392547596198
list:
dist: 2.3445738426122165 vs. 2.3445738426122165
list:
dist: 2.6245665744416447 vs. 2.6245665744416447
list:
dist: 1.7196732562038488 vs. 1.7196732562038488
list:
dist: 2.9263655337975023 vs. 2.9263655337975023
list:
dist: 2.575459858898297 vs. 2.575459858898297
list:
dist: 2.0367627471510814 vs. 2.0367627471510814
list:
dist: 2.600790462961806 vs. 2.600790462961806
list:
dist: 3.665517561821998 vs. 3.665517561821998
list:
dist: 2.6167192549115286 vs. 2.6167192549115286
list:
dist: 3.513261866709747 vs. 3.513261866709747
list:
dist: 4.56956555569704 vs. 4.56956555569704
list:
dist: 3.992663399953591 vs. 3.992663399953591
list:
dist: 3.732010168465457 vs. 3.732010168465457
list:
dist: 3.9674194228061563 vs. 3.9674194228061563
list:
dist: 2.947660680433627 vs. 2.947660680433627
list:
dist: 1.9496640867532016 vs. 1.9496640867532016
list:
dist: 2.0539307478627773 vs. 2.0539307478627773
list:
dist: 1.3275367412089105 vs. 1.3275367412089105
list:
dist: 1.8080150202726861 vs. 1.8080150202726861
list:
dist: 1.7271843438289778 vs. 1.7271843438289778
list:
dist: 3.8321320531652643 vs. 3.8321320531652643
list:
dist: 3.4774383584796382 vs. 3.4774383584796382
list:
dist: 2.408687539346715 vs. 2.408687539346715
list:
dist: 3.3771390930335756 vs. 3.3771390930335756
list:
dist: 3.200966896157134 vs. 3.200966896157134
list:
dist: 3.2767902314706974 vs. 3.2767902314706974
list:
dist: 3.08233835083092 vs. 3.08233835083092
list:
dist: 2.7788912614531025 vs. 2.7788912614531025
list:
dist: 2.852258067820463 vs. 2.852258067820463
list:
dist: 3.658236469399877 vs. 3.658236469399877
list:
dist: 2.8521928057932 vs. 2.8521928057932
list:
dist: 2.6730043482677326 vs. 2.6730043482677326
list:
dist: 3.6810883656078888 vs. 3.6810883656078888
list:
dist: 2.761795730972451 vs. 2.761795730972451
list:
dist: 2.3067307992480126 vs. 2.3067307992480126
list:
dist: 2.4600993392863364 vs. 2.4600993392863364
list:
dist: 2.5250328639073616 vs. 2.5250328639073616
list:
dist: 1.495233803309526 vs. 1.495233803309526
list:
dist: 2.3016490886822134 vs. 2.3016490886822134
list:
dist: 1.8588631662986765 vs. 1.8588631662986765
list:
dist: 1.770682863012979 vs. 1.770682863012979
list:
dist: 2.2213615700327876 vs. 2.2213615700327876
list:
dist: 2.21080475298275 vs. 2.21080475298275
list:
dist: 2.3314242252842177 vs. 2.3314242252842177
list:
dist: 2.1788304902921283 vs. 2.1788304902921283
list:
dist: 1.0652043287342263 vs. 1.0652043287342263
list:
dist: 2.603385754923597 vs. 2.603385754923597
list:
dist: 2.0455154988824296 vs. 2.0455154988824296
list:
dist: 2.1604992306514657 vs. 2.1604992306514657
list:
dist: 1.4714238408965787 vs. 1.4714238408965787
list:
dist: 2.104891464335444 vs. 2.104891464335444
list:
dist: 1.4854421508848774 vs. 1.4854421508848774
list:
dist: 2.4903791359453 vs. 2.4903791359453
list:
dist: 2.3630404964333316 vs. 2.3630404964333316
list:
dist: 2.805121649443725 vs. 2.805121649443725
list:
dist: 2.439066424945826 vs. 2.439066424945826
list:
dist: 2.8829222712880997 vs. 2.8829222712880997
list:
dist: 3.0929238844608165 vs. 3.0929238844608165
list:
dist: 2.3246807035015395 vs. 2.3246807035015395
list:
dist: 3.292694698335357 vs. 3.292694698335357
list:
dist: 2.772810697251633 vs. 2.772810697251633
list:
dist: 2.017400026936777 vs. 2.017400026936777
list:
dist: 2.1330674364523734 vs. 2.1330674364523734
list:
dist: 1.8588631662986765 vs. 1.8588631662986765
list:
dist: 2.0763295112456195 vs. 2.0763295112456195
list:
dist: 1.7362868281882402 vs. 1.7362868281882402
list:
dist: 1.4930047277869323 vs. 1.4930047277869323
list:
dist: 3.729884278429772 vs. 3.729884278429772
list:
dist: 3.7432376152969087 vs. 3.7432376152969087
list:
dist: 3.394834726969989 vs. 3.394834726969989
list:
dist: 4.331817047231801 vs. 4.331817047231801
list:
dist: 3.803390778298955 vs. 3.803390778298955
list:
dist: 4.081615238525834 vs. 4.081615238525834
list:
dist: 3.5175383154561524 vs. 3.5175383154561524
list:
dist: 3.343334725817899 vs. 3.343334725817899
list:
dist: 3.5515084158450194 vs. 3.5515084158450194
list:
dist: 3.964731355408797 vs. 3.964731355408797
list:
dist: 3.2748917599500187 vs. 3.2748917599500187
list:
dist: 2.593530766403296 vs. 2.593530766403296
list:
dist: 3.8685275371634242 vs. 3.8685275371634242
list:
dist: 2.5850177554141385 vs. 2.5850177554141385
list:
dist: 1.393997554230157 vs. 1.393997554230157
list:
dist: 1.3359342402065362 vs. 1.3359342402065362
list:
dist: 1.7972103535482782 vs. 1.7972103535482782
list:
dist: 0.8544508625958295 vs. 0.8544508625958295
list:
dist: 0.7876210765390403 vs. 0.7876210765390403
list:
dist: 0.9539461639705236 vs. 0.9539461639705236
list:
dist: 0.5654750819150058 vs. 0.5654750819150058
list:
dist: 1.1899129192994817 vs. 1.1899129192994817
list:
dist: 1.4029407879744917 vs. 1.4029407879744917
list:
dist: 1.1299791737912706 vs. 1.1299791737912706
list:
dist: 0.9234332698596539 vs. 0.9234332698596539
list:
dist: 1.479972199402175 vs. 1.479972199402175
list:
dist: 1.5643724606328118 vs. 1.5643724606328118
list:
dist: 1.3977192430491427 vs. 1.3977192430491427
list:
dist: 1.3813134206039317 vs. 1.3813134206039317
list:
dist: 1.9715052465173923 vs. 1.9715052465173923
list:
dist: 2.191922272403634 vs. 2.191922272403634
list:
dist: 2.309919143620802 vs. 2.309919143620802
list:
dist: 2.1321568617975424 vs. 2.1321568617975424
list:
dist: 2.7062057247339033 vs. 2.7062057247339033
list:
dist: 2.6671403789099712 vs. 2.6671403789099712
list:
dist: 2.2940444732618004 vs. 2.2940444732618004
list:
dist: 2.755030702935218 vs. 2.755030702935218
list:
dist: 1.8460268800419355 vs. 1.8460268800419355
list:
dist: 3.2010225762089926 vs. 3.2010225762089926
list:
dist: 1.9623910561275681 vs. 1.9623910561275681
list:
dist: 1.4596243461430103 vs. 1.4596243461430103
list:
dist: 2.145261382175569 vs. 2.145261382175569
list:
dist: 3.2777718279968453 vs. 3.2777718279968453
list:
dist: 1.4854421508848774 vs. 1.4854421508848774
list:
dist: 2.7356705139397497 vs. 2.7356705139397497
list:
dist: 2.6911227772221213 vs. 2.6911227772221213
list:
dist: 2.910710218082179 vs. 2.910710218082179
list:
dist: 3.1657155775784767 vs. 3.1657155775784767
list:
dist: 1.68649571953006 vs. 1.68649571953006
list:
dist: 2.4267807131645998 vs. 2.4267807131645998
list:
dist: 2.7277278495563966 vs. 2.7277278495563966
list:
dist: 3.1275748407274007 vs. 3.1275748407274007
list:
dist: 3.9660057463648535 vs. 3.9660057463648535
list:
dist: 3.589688311157603 vs. 3.589688311157603
list:
dist: 3.648642328831317 vs. 3.648642328831317
list:
dist: 3.513541394432423 vs. 3.513541394432423
list:
dist: 3.5591833494429808 vs. 3.5591833494429808
list:
dist: 3.815783865887346 vs. 3.815783865887346
list:
dist: 4.2763864682941986 vs. 4.2763864682941986
list:
dist: 3.8134735952287153 vs. 3.8134735952287153
list:
dist: 3.322279563079318 vs. 3.322279563079318
list:
dist: 4.035910898082052 vs. 4.035910898082052
list:
dist: 3.3853788357615975 vs. 3.3853788357615975
list:
dist: 3.2077738597234378 vs. 3.2077738597234378
list:
dist: 2.809525837168905 vs. 2.809525837168905
list:
dist: 3.5920295269501956 vs. 3.5920295269501956
list:
dist: 3.10146857280853 vs. 3.10146857280853
list:
dist: 2.8852449574071954 vs. 2.8852449574071954
list:
dist: 1.4493590324018082 vs. 1.4493590324018082
list:
dist: 2.1213885668440664 vs. 2.1213885668440664
list:
dist: 2.191922272403634 vs. 2.191922272403634
list:
dist: 1.970312973262848 vs. 1.970312973262848
list:
dist: 2.6001669361332715 vs. 2.6001669361332715
list:
dist: 2.2450722879292546 vs. 2.2450722879292546
list:
dist: 2.7280368983070167 vs. 2.7280368983070167
list:
dist: 2.679714176673374 vs. 2.679714176673374
list:
dist: 1.9362633999247236 vs. 1.9362633999247236
list:
dist: 2.35505328900998 vs. 2.35505328900998
list:
dist: 2.2300634911377326 vs. 2.2300634911377326
list:
dist: 1.457405912618424 vs. 1.457405912618424
list:
dist: 2.4877239659966803 vs. 2.4877239659966803
list:
dist: 0.9711270219367593 vs. 0.9711270219367593
list:
dist: 1.3046342411868348 vs. 1.3046342411868348
list:
dist: 1.927939447889314 vs. 1.927939447889314
list:
dist: 2.865664058945052 vs. 2.865664058945052
list:
dist: 2.525983365125597 vs. 2.525983365125597
list:
dist: 2.7821996060214573 vs. 2.7821996060214573
list:
dist: 3.2158339804843066 vs. 3.2158339804843066
list:
dist: 2.586355728962861 vs. 2.586355728962861
list:
dist: 3.5733359545635097 vs. 3.5733359545635097
list:
dist: 2.7882623187230835 vs. 2.7882623187230835
list:
dist: 2.392975373603064 vs. 2.392975373603064
list:
dist: 2.0883466659261707 vs. 2.0883466659261707
list:
dist: 2.0194926165630065 vs. 2.0194926165630065
list:
dist: 2.8331286773981543 vs. 2.8331286773981543
list:
dist: 1.88904611583764 vs. 1.88904611583764
list:
dist: 1.4260426919536209 vs. 1.4260426919536209
list:
dist: 2.145261382175569 vs. 2.145261382175569
list:
dist: 1.8704564372803851 vs. 1.8704564372803851
list:
dist: 2.2626279350542413 vs. 2.2626279350542413
list:
dist: 1.7103980532127712 vs. 1.7103980532127712
list:
dist: 2.389604244663056 vs. 2.389604244663056
list:
dist: 2.453195483139118 vs. 2.453195483139118
list:
dist: 2.600790462961806 vs. 2.600790462961806
list:
dist: 1.3279028534132056 vs. 1.3279028534132056
list:
dist: 2.067909341702308 vs. 2.067909341702308
list:
dist: 0.8732854910423544 vs. 0.8732854910423544
list:
dist: 3.0089794026334786 vs. 3.0089794026334786
list:
dist: 1.054157356904211 vs. 1.054157356904211
list:
dist: 2.0194926165630065 vs. 2.0194926165630065
list:
dist: 0.8990533542148507 vs. 0.8990533542148507
list:
dist: 1.5576059666112099 vs. 1.5576059666112099
list:
dist: 2.66022651139195 vs. 2.66022651139195
list:
dist: 2.681619168587187 vs. 2.681619168587187
list:
dist: 2.08959242940715 vs. 2.08959242940715
list:
dist: 2.797094307312847 vs. 2.797094307312847
list:
dist: 2.349177810679819 vs. 2.349177810679819
list:
dist: 3.3892762008326733 vs. 3.3892762008326733
list:
dist: 3.6411434254779613 vs. 3.6411434254779613
list:
dist: 0.5543830124246691 vs. 0.5543830124246691
list:
dist: 0.7735856379174922 vs. 0.7735856379174922
list:
dist: 1.1840045135069486 vs. 1.1840045135069486
list:
dist: 2.104891464335444 vs. 2.104891464335444
list:
dist: 3.1203871695810625 vs. 3.1203871695810625
list:
dist: 2.6975769033452184 vs. 2.6975769033452184
list:
dist: 3.110569714815594 vs. 3.110569714815594
list:
dist: 3.8326709346695065 vs. 3.8326709346695065
list:
dist: 2.404706705780145 vs. 2.404706705780145
list:
dist: 3.0333873287136814 vs. 3.0333873287136814
list:
dist: 3.531781484823285 vs. 3.531781484823285
list:
dist: 3.4151980445553605 vs. 3.4151980445553605
list:
dist: 4.210479857282588 vs. 4.210479857282588
list:
dist: 3.6285422597753354 vs. 3.6285422597753354
list:
dist: 3.7812434090975837 vs. 3.7812434090975837
list:
dist: 3.490146945472745 vs. 3.490146945472745
list:
dist: 3.677337233709739 vs. 3.677337233709739
list:
dist: 4.033183902733026 vs. 4.033183902733026
list:
dist: 4.241453623384102 vs. 4.241453623384102
list:
dist: 3.93246502441433 vs. 3.93246502441433
list:
dist: 3.1956265467108556 vs. 3.1956265467108556
list:
dist: 3.8810597771434505 vs. 3.8810597771434505
list:
dist: 3.2204700463475975 vs. 3.2204700463475975
list:
dist: 3.48555882259457 vs. 3.48555882259457
list:
dist: 3.0803630653968397 vs. 3.0803630653968397
list:
dist: 4.084248252538559 vs. 4.084248252538559
list:
dist: 3.490271191656005 vs. 3.490271191656005
list:
dist: 3.4484509411189346 vs. 3.4484509411189346
list:
dist: 1.3987401587394377 vs. 1.3987401587394377
list:
dist: 1.564744362942532 vs. 1.564744362942532
list:
dist: 1.9715052465173923 vs. 1.9715052465173923
list:
dist: 1.6533691328008229 vs. 1.6533691328008229
list:
dist: 2.265580376918113 vs. 2.265580376918113
list:
dist: 1.743867842064768 vs. 1.743867842064768
list:
dist: 2.3730143507954136 vs. 2.3730143507954136
list:
dist: 2.385682921824869 vs. 2.385682921824869
list:
dist: 2.0770954424448016 vs. 2.0770954424448016
list:
dist: 1.6528735818314386 vs. 1.6528735818314386
list:
dist: 1.894386383648231 vs. 1.894386383648231
list:
dist: 0.7228993927084428 vs. 0.7228993927084428
list:
dist: 2.576851570916546 vs. 2.576851570916546
list:
dist: 0.9711270219367593 vs. 0.9711270219367593
list:
dist: 0.4464610612057921 vs. 0.4464610612057921
list:
dist: 1.3993423949616326 vs. 1.3993423949616326
list:
dist: 2.5396452199261095 vs. 2.5396452199261095
list:
dist: 2.3558897228973055 vs. 2.3558897228973055
list:
dist: 2.2315469299871338 vs. 2.2315469299871338
list:
dist: 2.816478238687053 vs. 2.816478238687053
list:
dist: 2.247545172295674 vs. 2.247545172295674
list:
dist: 3.3015146619021274 vs. 3.3015146619021274
list:
dist: 2.9960783379551374 vs. 2.9960783379551374
list:
dist: 1.4716302685869527 vs. 1.4716302685869527
list:
dist: 1.2680399311548967 vs. 1.2680399311548967
list:
dist: 1.054157356904211 vs. 1.054157356904211
list:
dist: 1.9237873469251596 vs. 1.9237873469251596
list:
dist: 2.8995728578437387 vs. 2.8995728578437387
list:
dist: 2.8109139215700747 vs. 2.8109139215700747
list:
dist: 2.9998814948276724 vs. 2.9998814948276724
list:
dist: 1.910780557025683 vs. 1.910780557025683
list:
dist: 1.1799018780173822 vs. 1.1799018780173822
list:
dist: 1.9623910561275681 vs. 1.9623910561275681
list:
dist: 1.7979388274969057 vs. 1.7979388274969057
list:
dist: 1.9903891556618238 vs. 1.9903891556618238
list:
dist: 1.5635155092616586 vs. 1.5635155092616586
list:
dist: 2.2038120337160483 vs. 2.2038120337160483
list:
dist: 2.2512107548802236 vs. 2.2512107548802236
list:
dist: 2.575459858898297 vs. 2.575459858898297
list:
dist: 1.122880463287728 vs. 1.122880463287728
list:
dist: 2.0376966683254327 vs. 2.0376966683254327
list:
dist: 1.0110127325741531 vs. 1.0110127325741531
list:
dist: 2.941930185938503 vs. 2.941930185938503
list:
dist: 1.4716302685869527 vs. 1.4716302685869527
list:
dist: 2.392975373603064 vs. 2.392975373603064
list:
dist: 1.4103843674336292 vs. 1.4103843674336292
list:
dist: 1.7448875985639936 vs. 1.7448875985639936
list:
dist: 2.720460877318523 vs. 2.720460877318523
list:
dist: 2.8217227948927923 vs. 2.8217227948927923
list:
dist: 2.044173740598402 vs. 2.044173740598402
list:
dist: 2.769282464114665 vs. 2.769282464114665
list:
dist: 2.2868773544688135 vs. 2.2868773544688135
list:
dist: 3.3892193355109415 vs. 3.3892193355109415
list:
dist: 0.5433619837613728 vs. 0.5433619837613728
list:
dist: 0.5543830124246691 vs. 0.5543830124246691
list:
dist: 1.4623507486907286 vs. 1.4623507486907286
list:
dist: 2.4903791359453 vs. 2.4903791359453
list:
dist: 3.4706246809863126 vs. 3.4706246809863126
list:
dist: 2.9379870354051185 vs. 2.9379870354051185
list:
dist: 3.4916481747868677 vs. 3.4916481747868677
list:
dist: 3.8518305021394714 vs. 3.8518305021394714
list:
dist: 2.4943648346744327 vs. 2.4943648346744327
list:
dist: 3.0696319409686113 vs. 3.0696319409686113
list:
dist: 3.6714010890368263 vs. 3.6714010890368263
list:
dist: 3.546155306031085 vs. 3.546155306031085
list:
dist: 4.270823731442871 vs. 4.270823731442871
list:
dist: 3.636115170758361 vs. 3.636115170758361
list:
dist: 3.789531780895192 vs. 3.789531780895192
list:
dist: 3.5111090511449587 vs. 3.5111090511449587
list:
dist: 3.7965043017899958 vs. 3.7965043017899958
list:
dist: 4.19439980049977 vs. 4.19439980049977
list:
dist: 4.282080320236184 vs. 4.282080320236184
list:
dist: 4.095585001459427 vs. 4.095585001459427
list:
dist: 3.3086047414770796 vs. 3.3086047414770796
list:
dist: 3.851853095968568 vs. 3.851853095968568
list:
dist: 3.326133071494354 vs. 3.326133071494354
list:
dist: 3.3221490247976133 vs. 3.3221490247976133
list:
dist: 2.938624868279557 vs. 2.938624868279557
list:
dist: 4.025921212524457 vs. 4.025921212524457
list:
dist: 3.397425444283807 vs. 3.397425444283807
list:
dist: 3.4502899961069455 vs. 3.4502899961069455
list:
dist: 1.8154421251361237 vs. 1.8154421251361237
list:
dist: 1.8059292297142973 vs. 1.8059292297142973
list:
dist: 2.309919143620802 vs. 2.309919143620802
list:
dist: 1.891725600195742 vs. 1.891725600195742
list:
dist: 2.5350360709899813 vs. 2.5350360709899813
list:
dist: 1.8918417834320904 vs. 1.8918417834320904
list:
dist: 2.5367527930458893 vs. 2.5367527930458893
list:
dist: 2.6025820839826124 vs. 2.6025820839826124
list:
dist: 2.449406072739969 vs. 2.449406072739969
list:
dist: 1.7023066965476963 vs. 1.7023066965476963
list:
dist: 2.024986828192232 vs. 2.024986828192232
list:
dist: 0.976932822310621 vs. 0.976932822310621
list:
dist: 2.884761760013821 vs. 2.884761760013821
list:
dist: 0.4464610612057921 vs. 0.4464610612057921
list:
dist: 1.3046342411868348 vs. 1.3046342411868348
list:
dist: 1.3367522716475673 vs. 1.3367522716475673
list:
dist: 2.5032516077799123 vs. 2.5032516077799123
list:
dist: 2.357557032977945 vs. 2.357557032977945
list:
dist: 2.1789737066521986 vs. 2.1789737066521986
list:
dist: 2.779395266137955 vs. 2.779395266137955
list:
dist: 2.341159751196063 vs. 2.341159751196063
list:
dist: 3.2792532761570383 vs. 3.2792532761570383
list:
dist: 2.8224527959541965 vs. 2.8224527959541965
list:
dist: 1.4103843674336292 vs. 1.4103843674336292
list:
dist: 1.343381201066972 vs. 1.343381201066972
list:
dist: 0.8990533542148507 vs. 0.8990533542148507
list:
dist: 1.5309633099597597 vs. 1.5309633099597597
list:
dist: 3.04551933341019 vs. 3.04551933341019
list:
dist: 2.5491165081313945 vs. 2.5491165081313945
list:
dist: 3.2777718279968453 vs. 3.2777718279968453
list:
dist: 2.8311368646261506 vs. 2.8311368646261506
list:
dist: 3.3070624201428545 vs. 3.3070624201428545
list:
dist: 2.584934375934517 vs. 2.584934375934517
list:
dist: 3.1993667536620345 vs. 3.1993667536620345
list:
dist: 3.357868727907833 vs. 3.357868727907833
list:
dist: 3.665517561821998 vs. 3.665517561821998
list:
dist: 2.1328679519097204 vs. 2.1328679519097204
list:
dist: 2.814763473242879 vs. 2.814763473242879
list:
dist: 2.0210600406437425 vs. 2.0210600406437425
list:
dist: 3.972908118847887 vs. 3.972908118847887
list:
dist: 1.9237873469251596 vs. 1.9237873469251596
list:
dist: 2.8331286773981543 vs. 2.8331286773981543
list:
dist: 1.5309633099597597 vs. 1.5309633099597597
list:
dist: 2.041671553599596 vs. 2.041671553599596
list:
dist: 2.978912201861813 vs. 2.978912201861813
list:
dist: 3.0673705046341553 vs. 3.0673705046341553
list:
dist: 2.4702756088148465 vs. 2.4702756088148465
list:
dist: 3.105069037976032 vs. 3.105069037976032
list:
dist: 2.998342063259415 vs. 2.998342063259415
list:
dist: 3.6684973051104657 vs. 3.6684973051104657
list:
dist: 3.5035803292036394 vs. 3.5035803292036394
list:
dist: 2.87015478857205 vs. 2.87015478857205
list:
dist: 1.4623507486907286 vs. 1.4623507486907286
list:
dist: 1.845872452651673 vs. 1.845872452651673
list:
dist: 1.1840045135069486 vs. 1.1840045135069486
100
rk
<OccurredElementalReaction>
	 elmtlRkId: 3
	 p(id,type,coords) 119 4 7.92164499719953 2.260033993769234 12.510756776435812
</OccurredElementalReaction>
200
Neighbor List consistency Check...
--------
nle(id0,id1,dist): 5 6 1.6990066947402471
list:
dist: 1.6990066947402471 vs. 1.6990066947402471
--------
nle(id0,id1,dist): 5 7 0.9449522999698109
list:
dist: 0.9449522999698109 vs. 0.9449522999698109
--------
nle(id0,id1,dist): 5 12 1.7510349711037865
list:
dist: 1.7510349711037865 vs. 1.7510349711037865
--------
nle(id0,id1,dist): 5 15 2.4495515974928894
list:
dist: 2.4495515974928894 vs. 2.4495515974928894
--------
nle(id0,id1,dist): 4 11 1.2606311352431525
list:
dist: 1.2606311352431525 vs. 1.2606311352431525
--------
nle(id0,id1,dist): 4 12 1.0122882756874254
list:
dist: 1.0122882756874254 vs. 1.0122882756874254
--------
nle(id0,id1,dist): 4 9 1.299015404684103
list:
dist: 1.299015404684103 vs. 1.299015404684103
--------
nle(id0,id1,dist): 4 10 0.9645864420167839
list:
dist: 0.9645864420167839 vs. 0.9645864420167839
--------
nle(id0,id1,dist): 4 7 2.210702826468343
list:
dist: 2.210702826468343 vs. 2.210702826468343
--------
nle(id0,id1,dist): 4 8 0.8826715649499969
list:
dist: 0.8826715649499969 vs. 0.8826715649499969
--------
nle(id0,id1,dist): 4 6 1.3342300193944865
list:
dist: 1.3342300193944865 vs. 1.3342300193944865
--------
nle(id0,id1,dist): 4 28 2.18455548666256
list:
dist: 2.18455548666256 vs. 2.18455548666256
--------
nle(id0,id1,dist): 4 25 2.806016735296275
list:
dist: 2.806016735296275 vs. 2.806016735296275
--------
nle(id0,id1,dist): 4 24 1.7615011991966538
list:
dist: 1.7615011991966538 vs. 1.7615011991966538
--------
nle(id0,id1,dist): 4 23 2.361765889931929
list:
dist: 2.361765889931929 vs. 2.361765889931929
--------
nle(id0,id1,dist): 4 21 1.3336628963638055
list:
dist: 1.3336628963638055 vs. 1.3336628963638055
--------
nle(id0,id1,dist): 4 20 1.2546377497694137
list:
dist: 1.2546377497694137 vs. 1.2546377497694137
--------
nle(id0,id1,dist): 4 19 1.1986705943220746
list:
dist: 1.1986705943220746 vs. 1.1986705943220746
--------
nle(id0,id1,dist): 4 18 1.5142205396285935
list:
dist: 1.5142205396285935 vs. 1.5142205396285935
--------
nle(id0,id1,dist): 4 17 0.5027040602965281
list:
dist: 0.5027040602965281 vs. 0.5027040602965281
--------
nle(id0,id1,dist): 4 16 2.3074797988648763
list:
dist: 2.3074797988648763 vs. 2.3074797988648763
--------
nle(id0,id1,dist): 4 15 1.6385026990792826
list:
dist: 1.6385026990792826 vs. 1.6385026990792826
--------
nle(id0,id1,dist): 4 14 0.7742001201566083
list:
dist: 0.7742001201566083 vs. 0.7742001201566083
--------
nle(id0,id1,dist): 4 13 1.4028135294022583
list:
dist: 1.4028135294022583 vs. 1.4028135294022583
--------
nle(id0,id1,dist): 6 28 3.2888479615798505
list:
dist: 3.2888479615798505 vs. 3.2888479615798505
--------
nle(id0,id1,dist): 6 19 2.313851563708845
list:
dist: 2.313851563708845 vs. 2.313851563708845
--------
nle(id0,id1,dist): 6 20 1.6113321559267648
list:
dist: 1.6113321559267648 vs. 1.6113321559267648
--------
nle(id0,id1,dist): 6 21 2.539212685558497
list:
dist: 2.539212685558497 vs. 2.539212685558497
--------
nle(id0,id1,dist): 6 24 2.6877932053526483
list:
dist: 2.6877932053526483 vs. 2.6877932053526483
--------
nle(id0,id1,dist): 7 9 1.92540308249346
list:
dist: 1.92540308249346 vs. 1.92540308249346
--------
nle(id0,id1,dist): 7 8 1.7731283126793151
list:
dist: 1.7731283126793151 vs. 1.7731283126793151
--------
nle(id0,id1,dist): 7 11 2.624259643146551
list:
dist: 2.624259643146551 vs. 2.624259643146551
--------
nle(id0,id1,dist): 7 10 2.5413808483772966
list:
dist: 2.5413808483772966 vs. 2.5413808483772966
--------
nle(id0,id1,dist): 7 13 2.7883849323093686
list:
dist: 2.7883849323093686 vs. 2.7883849323093686
--------
nle(id0,id1,dist): 7 12 1.2187879927702194
list:
dist: 1.2187879927702194 vs. 1.2187879927702194
--------
nle(id0,id1,dist): 6 14 1.767081550456624
list:
dist: 1.767081550456624 vs. 1.767081550456624
--------
nle(id0,id1,dist): 6 13 1.2284470049060352
list:
dist: 1.2284470049060352 vs. 1.2284470049060352
--------
nle(id0,id1,dist): 6 12 0.9233457089210303
list:
dist: 0.9233457089210303 vs. 0.9233457089210303
--------
nle(id0,id1,dist): 6 11 1.6094809466096436
list:
dist: 1.6094809466096436 vs. 1.6094809466096436
--------
nle(id0,id1,dist): 6 18 2.792246422261639
list:
dist: 2.792246422261639 vs. 2.792246422261639
--------
nle(id0,id1,dist): 6 17 1.496025734340291
list:
dist: 1.496025734340291 vs. 1.496025734340291
--------
nle(id0,id1,dist): 6 16 2.7957566060411536
list:
dist: 2.7957566060411536 vs. 2.7957566060411536
--------
nle(id0,id1,dist): 6 15 1.9265774531925859
list:
dist: 1.9265774531925859 vs. 1.9265774531925859
--------
nle(id0,id1,dist): 6 10 1.0359627349921903
list:
dist: 1.0359627349921903 vs. 1.0359627349921903
--------
nle(id0,id1,dist): 6 9 1.7549409456490332
list:
dist: 1.7549409456490332 vs. 1.7549409456490332
--------
nle(id0,id1,dist): 6 8 1.4964634999980837
list:
dist: 1.4964634999980837 vs. 1.4964634999980837
--------
nle(id0,id1,dist): 6 7 1.6787313400986938
list:
dist: 1.6787313400986938 vs. 1.6787313400986938
--------
nle(id0,id1,dist): 8 14 0.8572886007486922
list:
dist: 0.8572886007486922 vs. 0.8572886007486922
--------
nle(id0,id1,dist): 8 13 1.798091145833727
list:
dist: 1.798091145833727 vs. 1.798091145833727
--------
nle(id0,id1,dist): 8 16 3.160368413461616
list:
dist: 3.160368413461616 vs. 3.160368413461616
--------
nle(id0,id1,dist): 8 15 1.8017801707592032
list:
dist: 1.8017801707592032 vs. 1.8017801707592032
--------
nle(id0,id1,dist): 8 10 1.508402913933952
list:
dist: 1.508402913933952 vs. 1.508402913933952
--------
nle(id0,id1,dist): 8 9 1.6517723640426467
list:
dist: 1.6517723640426467 vs. 1.6517723640426467
--------
nle(id0,id1,dist): 8 12 0.9258823107365518
list:
dist: 0.9258823107365518 vs. 0.9258823107365518
--------
nle(id0,id1,dist): 8 11 1.1901191005067462
list:
dist: 1.1901191005067462 vs. 1.1901191005067462
--------
nle(id0,id1,dist): 8 21 2.035412462884267
list:
dist: 2.035412462884267 vs. 2.035412462884267
--------
nle(id0,id1,dist): 8 24 2.5505064602049425
list:
dist: 2.5505064602049425 vs. 2.5505064602049425
--------
nle(id0,id1,dist): 8 23 2.833170631817232
list:
dist: 2.833170631817232 vs. 2.833170631817232
--------
nle(id0,id1,dist): 8 18 1.9566455243391394
list:
dist: 1.9566455243391394 vs. 1.9566455243391394
--------
nle(id0,id1,dist): 8 17 0.8676755283304985
list:
dist: 0.8676755283304985 vs. 0.8676755283304985
--------
nle(id0,id1,dist): 8 20 2.102926904600965
list:
dist: 2.102926904600965 vs. 2.102926904600965
--------
nle(id0,id1,dist): 8 19 1.8544195883030263
list:
dist: 1.8544195883030263 vs. 1.8544195883030263
--------
nle(id0,id1,dist): 8 25 3.598009694980863
list:
dist: 3.598009694980863 vs. 3.598009694980863
--------
nle(id0,id1,dist): 8 28 2.723564353948078
list:
dist: 2.723564353948078 vs. 2.723564353948078
--------
nle(id0,id1,dist): 7 21 3.357453444913934
list:
dist: 3.357453444913934 vs. 3.357453444913934
--------
nle(id0,id1,dist): 7 20 2.940166091440847
list:
dist: 2.940166091440847 vs. 2.940166091440847
--------
nle(id0,id1,dist): 7 19 2.932580112430294
list:
dist: 2.932580112430294 vs. 2.932580112430294
--------
nle(id0,id1,dist): 7 18 3.256318400130902
list:
dist: 3.256318400130902 vs. 3.256318400130902
--------
nle(id0,id1,dist): 7 17 2.4465446951578236
list:
dist: 2.4465446951578236 vs. 2.4465446951578236
--------
nle(id0,id1,dist): 7 16 3.854933620703062
list:
dist: 3.854933620703062 vs. 3.854933620703062
--------
nle(id0,id1,dist): 7 15 1.7115432659297054
list:
dist: 1.7115432659297054 vs. 1.7115432659297054
--------
nle(id0,id1,dist): 7 14 1.9847090558694926
list:
dist: 1.9847090558694926 vs. 1.9847090558694926
--------
nle(id0,id1,dist): 7 28 3.6923716363743257
list:
dist: 3.6923716363743257 vs. 3.6923716363743257
--------
nle(id0,id1,dist): 7 24 3.5332201507379586
list:
dist: 3.5332201507379586 vs. 3.5332201507379586
--------
nle(id0,id1,dist): 9 36 4.469038521853256
list:
dist: 4.469038521853256 vs. 4.469038521853256
--------
nle(id0,id1,dist): 9 41 4.35326768540161
list:
dist: 4.35326768540161 vs. 4.35326768540161
--------
nle(id0,id1,dist): 9 43 3.4283747929466317
list:
dist: 3.4283747929466317 vs. 3.4283747929466317
--------
nle(id0,id1,dist): 9 45 5.254643840008039
list:
dist: 5.254643840008039 vs. 5.254643840008039
--------
nle(id0,id1,dist): 10 12 1.4467918816095506
list:
dist: 1.4467918816095506 vs. 1.4467918816095506
--------
nle(id0,id1,dist): 10 11 1.086337016954199
list:
dist: 1.086337016954199 vs. 1.086337016954199
--------
nle(id0,id1,dist): 9 51 4.432950545254531
list:
dist: 4.432950545254531 vs. 4.432950545254531
--------
nle(id0,id1,dist): 10 14 1.7165814952426144
list:
dist: 1.7165814952426144 vs. 1.7165814952426144
--------
nle(id0,id1,dist): 10 13 0.48624511413010013
list:
dist: 0.48624511413010013 vs. 0.48624511413010013
--------
nle(id0,id1,dist): 10 15 2.3121179545095636
list:
dist: 2.3121179545095636 vs. 2.3121179545095636
--------
nle(id0,id1,dist): 9 53 5.465700375224375
list:
dist: 5.465700375224375 vs. 5.465700375224375
--------
nle(id0,id1,dist): 10 16 2.3803690854265755
list:
dist: 2.3803690854265755 vs. 2.3803690854265755
--------
nle(id0,id1,dist): 10 17 0.9136545336510757
list:
dist: 0.9136545336510757 vs. 0.9136545336510757
--------
nle(id0,id1,dist): 10 18 2.3252702044878246
list:
dist: 2.3252702044878246 vs. 2.3252702044878246
--------
nle(id0,id1,dist): 10 19 1.924360746560544
list:
dist: 1.924360746560544 vs. 1.924360746560544
--------
nle(id0,id1,dist): 10 20 1.0869007810016678
list:
dist: 1.0869007810016678 vs. 1.0869007810016678
--------
nle(id0,id1,dist): 10 21 1.9087981267531602
list:
dist: 1.9087981267531602 vs. 1.9087981267531602
--------
nle(id0,id1,dist): 10 23 2.9906854987852767
list:
dist: 2.9906854987852767 vs. 2.9906854987852767
--------
nle(id0,id1,dist): 10 24 2.191410332839366
list:
dist: 2.191410332839366 vs. 2.191410332839366
--------
nle(id0,id1,dist): 10 25 2.993870321553719
list:
dist: 2.993870321553719 vs. 2.993870321553719
--------
nle(id0,id1,dist): 10 28 2.9150561212231714
list:
dist: 2.9150561212231714 vs. 2.9150561212231714
--------
nle(id0,id1,dist): 9 11 2.4947825698573207
list:
dist: 2.4947825698573207 vs. 2.4947825698573207
--------
nle(id0,id1,dist): 9 10 1.9735882216166476
list:
dist: 1.9735882216166476 vs. 1.9735882216166476
--------
nle(id0,id1,dist): 9 15 0.44062497203816486
list:
dist: 0.44062497203816486 vs. 0.44062497203816486
--------
nle(id0,id1,dist): 9 14 0.988184340332118
list:
dist: 0.988184340332118 vs. 0.988184340332118
--------
nle(id0,id1,dist): 9 13 2.444161801923534
list:
dist: 2.444161801923534 vs. 2.444161801923534
--------
nle(id0,id1,dist): 9 12 1.122028376234931
list:
dist: 1.122028376234931 vs. 1.122028376234931
--------
nle(id0,id1,dist): 9 19 1.2016313021671277
list:
dist: 1.2016313021671277 vs. 1.2016313021671277
--------
nle(id0,id1,dist): 9 18 1.712248622981392
list:
dist: 1.712248622981392 vs. 1.712248622981392
--------
nle(id0,id1,dist): 9 17 1.7929957891719792
list:
dist: 1.7929957891719792 vs. 1.7929957891719792
--------
nle(id0,id1,dist): 9 16 2.138165971297014
list:
dist: 2.138165971297014 vs. 2.138165971297014
--------
nle(id0,id1,dist): 9 22 1.5055457107424997
list:
dist: 1.5055457107424997 vs. 1.5055457107424997
--------
nle(id0,id1,dist): 9 23 2.7094624233054336
list:
dist: 2.7094624233054336 vs. 2.7094624233054336
--------
nle(id0,id1,dist): 9 20 1.6493755492160969
list:
dist: 1.6493755492160969 vs. 1.6493755492160969
--------
nle(id0,id1,dist): 9 21 1.7504011069604641
list:
dist: 1.7504011069604641 vs. 1.7504011069604641
--------
nle(id0,id1,dist): 9 26 1.9028995880194883
list:
dist: 1.9028995880194883 vs. 1.9028995880194883
--------
nle(id0,id1,dist): 9 27 2.5824307496056833
list:
dist: 2.5824307496056833 vs. 2.5824307496056833
--------
nle(id0,id1,dist): 9 24 1.7026224205767597
list:
dist: 1.7026224205767597 vs. 1.7026224205767597
--------
nle(id0,id1,dist): 9 25 3.095462970613155
list:
dist: 3.095462970613155 vs. 3.095462970613155
--------
nle(id0,id1,dist): 9 28 1.8714677746763544
list:
dist: 1.8714677746763544 vs. 1.8714677746763544
--------
nle(id0,id1,dist): 9 29 2.886009072139282
list:
dist: 2.886009072139282 vs. 2.886009072139282
--------
nle(id0,id1,dist): 9 33 3.6200196226900627
list:
dist: 3.6200196226900627 vs. 3.6200196226900627
--------
nle(id0,id1,dist): 12 20 1.8005886944978735
list:
dist: 1.8005886944978735 vs. 1.8005886944978735
--------
nle(id0,id1,dist): 12 19 1.8509457318141262
list:
dist: 1.8509457318141262 vs. 1.8509457318141262
--------
nle(id0,id1,dist): 12 18 2.2337717837359126
list:
dist: 2.2337717837359126 vs. 2.2337717837359126
--------
nle(id0,id1,dist): 12 17 1.3217773872135126
list:
dist: 1.3217773872135126 vs. 1.3217773872135126
--------
nle(id0,id1,dist): 12 16 2.8127505104283226
list:
dist: 2.8127505104283226 vs. 2.8127505104283226
--------
nle(id0,id1,dist): 12 15 1.2124568844256995
list:
dist: 1.2124568844256995 vs. 1.2124568844256995
--------
nle(id0,id1,dist): 12 14 1.0121323933097883
list:
dist: 1.0121323933097883 vs. 1.0121323933097883
--------
nle(id0,id1,dist): 12 13 1.8043385056057797
list:
dist: 1.8043385056057797 vs. 1.8043385056057797
--------
nle(id0,id1,dist): 11 28 3.299633520443787
list:
dist: 3.299633520443787 vs. 3.299633520443787
--------
nle(id0,id1,dist): 11 23 3.0755873126945685
list:
dist: 3.0755873126945685 vs. 3.0755873126945685
--------
nle(id0,id1,dist): 11 25 3.529990701977161
list:
dist: 3.529990701977161 vs. 3.529990701977161
--------
nle(id0,id1,dist): 11 24 2.8393317343296776
list:
dist: 2.8393317343296776 vs. 2.8393317343296776
--------
nle(id0,id1,dist): 11 19 2.3631695980452587
list:
dist: 2.3631695980452587 vs. 2.3631695980452587
--------
nle(id0,id1,dist): 11 18 2.4776582792952824
list:
dist: 2.4776582792952824 vs. 2.4776582792952824
--------
nle(id0,id1,dist): 11 21 2.2728504180948628
list:
dist: 2.2728504180948628 vs. 2.2728504180948628
--------
nle(id0,id1,dist): 11 20 2.065993616879418
list:
dist: 2.065993616879418 vs. 2.065993616879418
--------
nle(id0,id1,dist): 11 15 2.761578009373867
list:
dist: 2.761578009373867 vs. 2.761578009373867
--------
nle(id0,id1,dist): 11 14 1.8103268289308716
list:
dist: 1.8103268289308716 vs. 1.8103268289308716
--------
nle(id0,id1,dist): 11 17 0.819561003481228
list:
dist: 0.819561003481228 vs. 0.819561003481228
--------
nle(id0,id1,dist): 11 16 3.2900430746003098
list:
dist: 3.2900430746003098 vs. 3.2900430746003098
--------
nle(id0,id1,dist): 11 13 1.0528770470648778
list:
dist: 1.0528770470648778 vs. 1.0528770470648778
--------
nle(id0,id1,dist): 11 12 1.719454167692565
list:
dist: 1.719454167692565 vs. 1.719454167692565
--------
nle(id0,id1,dist): 13 24 2.6154157955063626
list:
dist: 2.6154157955063626 vs. 2.6154157955063626
--------
nle(id0,id1,dist): 13 25 3.278010091153942
list:
dist: 3.278010091153942 vs. 3.278010091153942
--------
nle(id0,id1,dist): 13 28 3.3667251603505273
list:
dist: 3.3667251603505273 vs. 3.3667251603505273
--------
nle(id0,id1,dist): 13 18 2.7463246322055643
list:
dist: 2.7463246322055643 vs. 2.7463246322055643
--------
nle(id0,id1,dist): 13 19 2.386493930406815
list:
dist: 2.386493930406815 vs. 2.386493930406815
--------
nle(id0,id1,dist): 13 16 2.735964999101634
list:
dist: 2.735964999101634 vs. 2.735964999101634
--------
nle(id0,id1,dist): 13 17 1.224729098868532
list:
dist: 1.224729098868532 vs. 1.224729098868532
--------
nle(id0,id1,dist): 13 23 3.338534471790815
list:
dist: 3.338534471790815 vs. 3.338534471790815
--------
nle(id0,id1,dist): 13 20 1.4633134260415852
list:
dist: 1.4633134260415852 vs. 1.4633134260415852
--------
nle(id0,id1,dist): 13 21 2.312126572531499
list:
dist: 2.312126572531499 vs. 2.312126572531499
--------
nle(id0,id1,dist): 13 15 2.7643320194229624
list:
dist: 2.7643320194229624 vs. 2.7643320194229624
--------
nle(id0,id1,dist): 13 14 2.1476180976397443
list:
dist: 2.1476180976397443 vs. 2.1476180976397443
--------
nle(id0,id1,dist): 12 21 2.2046981417943616
list:
dist: 2.2046981417943616 vs. 2.2046981417943616
--------
nle(id0,id1,dist): 12 24 2.4321803464503686
list:
dist: 2.4321803464503686 vs. 2.4321803464503686
--------
nle(id0,id1,dist): 12 28 2.748243706047453
list:
dist: 2.748243706047453 vs. 2.748243706047453
--------
nle(id0,id1,dist): 15 28 2.1346743890503954
list:
dist: 2.1346743890503954 vs. 2.1346743890503954
--------
nle(id0,id1,dist): 15 26 2.157169183388329
list:
dist: 2.157169183388329 vs. 2.157169183388329
--------
nle(id0,id1,dist): 15 27 2.933387864776136
list:
dist: 2.933387864776136 vs. 2.933387864776136
--------
nle(id0,id1,dist): 15 24 2.0988125996776517
list:
dist: 2.0988125996776517 vs. 2.0988125996776517
--------
nle(id0,id1,dist): 15 22 1.6955546998110722
list:
dist: 1.6955546998110722 vs. 1.6955546998110722
--------
nle(id0,id1,dist): 15 36 4.322950052043923
list:
dist: 4.322950052043923 vs. 4.322950052043923
--------
nle(id0,id1,dist): 15 33 3.4459695313550074
list:
dist: 3.4459695313550074 vs. 3.4459695313550074
--------
nle(id0,id1,dist): 15 21 2.1506202217761206
list:
dist: 2.1506202217761206 vs. 2.1506202217761206
--------
nle(id0,id1,dist): 15 20 2.062084417259795
list:
dist: 2.062084417259795 vs. 2.062084417259795
--------
nle(id0,id1,dist): 15 19 1.5864388381680128
list:
dist: 1.5864388381680128 vs. 1.5864388381680128
--------
nle(id0,id1,dist): 15 18 2.0194591216079383
list:
dist: 2.0194591216079383 vs. 2.0194591216079383
--------
nle(id0,id1,dist): 15 17 2.1110084988323417
list:
dist: 2.1110084988323417 vs. 2.1110084988323417
--------
nle(id0,id1,dist): 15 16 2.5091717140626377
list:
dist: 2.5091717140626377 vs. 2.5091717140626377
--------
nle(id0,id1,dist): 14 28 1.9254799054402725
list:
dist: 1.9254799054402725 vs. 1.9254799054402725
--------
nle(id0,id1,dist): 14 16 2.59231976108376
list:
dist: 2.59231976108376 vs. 2.59231976108376
--------
nle(id0,id1,dist): 14 15 1.202472369664516
list:
dist: 1.202472369664516 vs. 1.202472369664516
--------
nle(id0,id1,dist): 14 18 1.2924645084159518
list:
dist: 1.2924645084159518 vs. 1.2924645084159518
--------
nle(id0,id1,dist): 14 17 1.108552521824255
list:
dist: 1.108552521824255 vs. 1.108552521824255
--------
nle(id0,id1,dist): 14 24 1.8843007292605407
list:
dist: 1.8843007292605407 vs. 1.8843007292605407
--------
nle(id0,id1,dist): 14 23 2.294993664448706
list:
dist: 2.294993664448706 vs. 2.294993664448706
--------
nle(id0,id1,dist): 14 25 3.074177191211002
list:
dist: 3.074177191211002 vs. 3.074177191211002
--------
nle(id0,id1,dist): 14 20 1.8175874002686176
list:
dist: 1.8175874002686176 vs. 1.8175874002686176
--------
nle(id0,id1,dist): 14 19 1.1266017681040648
list:
dist: 1.1266017681040648 vs. 1.1266017681040648
--------
nle(id0,id1,dist): 14 21 1.475182007354074
list:
dist: 1.475182007354074 vs. 1.475182007354074
--------
nle(id0,id1,dist): 17 18 1.7069116697976796
list:
dist: 1.7069116697976796 vs. 1.7069116697976796
--------
nle(id0,id1,dist): 17 19 1.5465156249519243
list:
dist: 1.5465156249519243 vs. 1.5465156249519243
--------
nle(id0,id1,dist): 17 23 2.415351254074565
list:
dist: 2.415351254074565 vs. 2.415351254074565
--------
nle(id0,id1,dist): 17 20 1.5172809477415914
list:
dist: 1.5172809477415914 vs. 1.5172809477415914
--------
nle(id0,id1,dist): 17 21 1.5133787130271297
list:
dist: 1.5133787130271297 vs. 1.5133787130271297
--------
nle(id0,id1,dist): 17 24 2.074136361536457
list:
dist: 2.074136361536457 vs. 2.074136361536457
--------
nle(id0,id1,dist): 17 25 2.9184259105092254
list:
dist: 2.9184259105092254 vs. 2.9184259105092254
--------
nle(id0,id1,dist): 16 17 2.6319362975505465
list:
dist: 2.6319362975505465 vs. 2.6319362975505465
--------
nle(id0,id1,dist): 16 18 2.2527080874126626
list:
dist: 2.2527080874126626 vs. 2.2527080874126626
--------
nle(id0,id1,dist): 16 19 1.682146562567549
list:
dist: 1.682146562567549 vs. 1.682146562567549
--------
nle(id0,id1,dist): 16 20 1.299159624639377
list:
dist: 1.299159624639377 vs. 1.299159624639377
--------
nle(id0,id1,dist): 16 21 1.7219667791916538
list:
dist: 1.7219667791916538 vs. 1.7219667791916538
--------
nle(id0,id1,dist): 16 22 1.2800300988292004
list:
dist: 1.2800300988292004 vs. 1.2800300988292004
--------
nle(id0,id1,dist): 16 23 2.58495963683543
list:
dist: 2.58495963683543 vs. 2.58495963683543
--------
nle(id0,id1,dist): 16 24 1.011028593689924
list:
dist: 1.011028593689924 vs. 1.011028593689924
--------
nle(id0,id1,dist): 16 25 1.6544066009287515
list:
dist: 1.6544066009287515 vs. 1.6544066009287515
--------
nle(id0,id1,dist): 16 26 0.8815181120382013
list:
dist: 0.8815181120382013 vs. 0.8815181120382013
--------
nle(id0,id1,dist): 16 27 0.871093434579798
list:
dist: 0.871093434579798 vs. 0.871093434579798
--------
nle(id0,id1,dist): 16 28 1.959383478752092
list:
dist: 1.959383478752092 vs. 1.959383478752092
--------
nle(id0,id1,dist): 16 29 1.4062973826158092
list:
dist: 1.4062973826158092 vs. 1.4062973826158092
--------
nle(id0,id1,dist): 15 41 4.263489813235715
list:
dist: 4.263489813235715 vs. 4.263489813235715
--------
nle(id0,id1,dist): 15 43 3.298039358939399
list:
dist: 3.298039358939399 vs. 3.298039358939399
--------
nle(id0,id1,dist): 1 2 0.9782649642435828
list:
dist: 0.9782649642435828 vs. 0.9782649642435828
--------
nle(id0,id1,dist): 1 3 1.2635440674587226
list:
dist: 1.2635440674587226 vs. 1.2635440674587226
--------
nle(id0,id1,dist): 1 4 2.341748105984268
list:
dist: 2.341748105984268 vs. 2.341748105984268
--------
nle(id0,id1,dist): 1 5 0.556205337756427
list:
dist: 0.556205337756427 vs. 0.556205337756427
--------
nle(id0,id1,dist): 1 6 1.5326414580753331
list:
dist: 1.5326414580753331 vs. 1.5326414580753331
--------
nle(id0,id1,dist): 1 7 0.7205333115040848
list:
dist: 0.7205333115040848 vs. 0.7205333115040848
--------
nle(id0,id1,dist): 1 8 1.8623317220160673
list:
dist: 1.8623317220160673 vs. 1.8623317220160673
--------
nle(id0,id1,dist): 1 9 2.394766789190003
list:
dist: 2.394766789190003 vs. 2.394766789190003
--------
nle(id0,id1,dist): 1 10 2.431270013538568
list:
dist: 2.431270013538568 vs. 2.431270013538568
--------
nle(id0,id1,dist): 1 11 2.4138410606667464
list:
dist: 2.4138410606667464 vs. 2.4138410606667464
--------
nle(id0,id1,dist): 1 28 4.1383101796472115
list:
dist: 4.1383101796472115 vs. 4.1383101796472115
--------
nle(id0,id1,dist): 2 5 1.1084469562767492
list:
dist: 1.1084469562767492 vs. 1.1084469562767492
--------
nle(id0,id1,dist): 2 6 0.8503863551322135
list:
dist: 0.8503863551322135 vs. 0.8503863551322135
--------
nle(id0,id1,dist): 2 3 1.0617942086447767
list:
dist: 1.0617942086447767 vs. 1.0617942086447767
--------
nle(id0,id1,dist): 2 4 1.6788576826731603
list:
dist: 1.6788576826731603 vs. 1.6788576826731603
--------
nle(id0,id1,dist): 1 15 2.277902733417987
list:
dist: 2.277902733417987 vs. 2.277902733417987
--------
nle(id0,id1,dist): 1 14 2.3200061783835486
list:
dist: 2.3200061783835486 vs. 2.3200061783835486
--------
nle(id0,id1,dist): 1 13 2.556450391379399
list:
dist: 2.556450391379399 vs. 2.556450391379399
--------
nle(id0,id1,dist): 1 12 1.4320672719802714
list:
dist: 1.4320672719802714 vs. 1.4320672719802714
--------
nle(id0,id1,dist): 1 19 3.27821015295936
list:
dist: 3.27821015295936 vs. 3.27821015295936
--------
nle(id0,id1,dist): 1 18 3.6051934366062923
list:
dist: 3.6051934366062923 vs. 3.6051934366062923
--------
nle(id0,id1,dist): 1 17 2.461172462635915
list:
dist: 2.461172462635915 vs. 2.461172462635915
--------
nle(id0,id1,dist): 1 16 4.114830238113178
list:
dist: 4.114830238113178 vs. 4.114830238113178
--------
nle(id0,id1,dist): 1 21 3.619276322446581
list:
dist: 3.619276322446581 vs. 3.619276322446581
--------
nle(id0,id1,dist): 1 20 3.0465257013844846
list:
dist: 3.0465257013844846 vs. 3.0465257013844846
--------
nle(id0,id1,dist): 1 24 3.8516078013096617
list:
dist: 3.8516078013096617 vs. 3.8516078013096617
--------
nle(id0,id1,dist): 2 28 3.3616028046098365
list:
dist: 3.3616028046098365 vs. 3.3616028046098365
--------
nle(id0,id1,dist): 2 24 2.9716327273847245
list:
dist: 2.9716327273847245 vs. 2.9716327273847245
--------
nle(id0,id1,dist): 2 12 0.7384867073708622
list:
dist: 0.7384867073708622 vs. 0.7384867073708622
--------
nle(id0,id1,dist): 2 11 2.1590800990068204
list:
dist: 2.1590800990068204 vs. 2.1590800990068204
--------
nle(id0,id1,dist): 2 14 1.734975317314706
list:
dist: 1.734975317314706 vs. 1.734975317314706
--------
nle(id0,id1,dist): 2 13 2.047930582220195
list:
dist: 2.047930582220195 vs. 2.047930582220195
--------
nle(id0,id1,dist): 2 8 1.5610375666983378
list:
dist: 1.5610375666983378 vs. 1.5610375666983378
--------
nle(id0,id1,dist): 2 7 0.8853680060918163
list:
dist: 0.8853680060918163 vs. 0.8853680060918163
--------
nle(id0,id1,dist): 2 10 1.7944800650245472
list:
dist: 1.7944800650245472 vs. 1.7944800650245472
--------
nle(id0,id1,dist): 2 9 1.5632954906435386
list:
dist: 1.5632954906435386 vs. 1.5632954906435386
--------
nle(id0,id1,dist): 2 20 2.1631010712923837
list:
dist: 2.1631010712923837 vs. 2.1631010712923837
--------
nle(id0,id1,dist): 2 19 2.487768962744682
list:
dist: 2.487768962744682 vs. 2.487768962744682
--------
nle(id0,id1,dist): 2 21 2.862471941203492
list:
dist: 2.862471941203492 vs. 2.862471941203492
--------
nle(id0,id1,dist): 2 16 3.157901579415482
list:
dist: 3.157901579415482 vs. 3.157901579415482
--------
nle(id0,id1,dist): 2 15 1.5296398676826792
list:
dist: 1.5296398676826792 vs. 1.5296398676826792
--------
nle(id0,id1,dist): 2 18 2.9386614898696797
list:
dist: 2.9386614898696797 vs. 2.9386614898696797
--------
nle(id0,id1,dist): 2 17 1.9473947057838923
list:
dist: 1.9473947057838923 vs. 1.9473947057838923
--------
nle(id0,id1,dist): 3 24 3.1996529229139634
list:
dist: 3.1996529229139634 vs. 3.1996529229139634
--------
nle(id0,id1,dist): 3 20 2.150318957380019
list:
dist: 2.150318957380019 vs. 2.150318957380019
--------
nle(id0,id1,dist): 3 21 2.922805492815377
list:
dist: 2.922805492815377 vs. 2.922805492815377
--------
nle(id0,id1,dist): 3 18 3.1162741316339386
list:
dist: 3.1162741316339386 vs. 3.1162741316339386
--------
nle(id0,id1,dist): 3 19 2.7451755404129266
list:
dist: 2.7451755404129266 vs. 2.7451755404129266
--------
nle(id0,id1,dist): 3 28 3.730224903273666
list:
dist: 3.730224903273666 vs. 3.730224903273666
--------
nle(id0,id1,dist): 3 9 2.2282824007015205
list:
dist: 2.2282824007015205 vs. 2.2282824007015205
--------
nle(id0,id1,dist): 3 8 1.4623546649867625
list:
dist: 1.4623546649867625 vs. 1.4623546649867625
--------
nle(id0,id1,dist): 3 7 1.6488524989860869
list:
dist: 1.6488524989860869 vs. 1.6488524989860869
--------
nle(id0,id1,dist): 3 6 0.6480635640490617
list:
dist: 0.6480635640490617 vs. 0.6480635640490617
--------
nle(id0,id1,dist): 3 5 1.5303522221941415
list:
dist: 1.5303522221941415 vs. 1.5303522221941415
--------
nle(id0,id1,dist): 3 4 1.6190756067906038
list:
dist: 1.6190756067906038 vs. 1.6190756067906038
--------
nle(id0,id1,dist): 3 17 1.6106295876413255
list:
dist: 1.6106295876413255 vs. 1.6106295876413255
--------
nle(id0,id1,dist): 3 16 3.3906822744547718
list:
dist: 3.3906822744547718 vs. 3.3906822744547718
--------
nle(id0,id1,dist): 3 15 2.351028889026467
list:
dist: 2.351028889026467 vs. 2.351028889026467
--------
nle(id0,id1,dist): 3 14 2.0146412832655005
list:
dist: 2.0146412832655005 vs. 2.0146412832655005
--------
nle(id0,id1,dist): 3 13 1.31867145949239
list:
dist: 1.31867145949239 vs. 1.31867145949239
--------
nle(id0,id1,dist): 3 12 1.1811399413866832
list:
dist: 1.1811399413866832 vs. 1.1811399413866832
--------
nle(id0,id1,dist): 3 11 1.4209161533483776
list:
dist: 1.4209161533483776 vs. 1.4209161533483776
--------
nle(id0,id1,dist): 3 10 1.3027225657984862
list:
dist: 1.3027225657984862 vs. 1.3027225657984862
--------
nle(id0,id1,dist): 37 49 2.0453515628407035
list:
dist: 2.0453515628407035 vs. 2.0453515628407035
--------
nle(id0,id1,dist): 37 50 3.0408226670296212
list:
dist: 3.0408226670296212 vs. 3.0408226670296212
--------
nle(id0,id1,dist): 37 51 2.2328951340481478
list:
dist: 2.2328951340481478 vs. 2.2328951340481478
--------
nle(id0,id1,dist): 37 53 1.6681367157495122
list:
dist: 1.6681367157495122 vs. 1.6681367157495122
--------
nle(id0,id1,dist): 37 54 2.7834818690627015
list:
dist: 2.7834818690627015 vs. 2.7834818690627015
--------
nle(id0,id1,dist): 37 55 2.2609121119537923
list:
dist: 2.2609121119537923 vs. 2.2609121119537923
--------
nle(id0,id1,dist): 37 41 1.4929445152328495
list:
dist: 1.4929445152328495 vs. 1.4929445152328495
--------
nle(id0,id1,dist): 37 42 2.467663228528794
list:
dist: 2.467663228528794 vs. 2.467663228528794
--------
nle(id0,id1,dist): 37 43 1.948031025277399
list:
dist: 1.948031025277399 vs. 1.948031025277399
--------
nle(id0,id1,dist): 37 44 3.209864875815665
list:
dist: 3.209864875815665 vs. 3.209864875815665
--------
nle(id0,id1,dist): 37 45 1.598958426154178
list:
dist: 1.598958426154178 vs. 1.598958426154178
--------
nle(id0,id1,dist): 37 46 1.1057840790218623
list:
dist: 1.1057840790218623 vs. 1.1057840790218623
--------
nle(id0,id1,dist): 37 47 1.4557355313049851
list:
dist: 1.4557355313049851 vs. 1.4557355313049851
--------
nle(id0,id1,dist): 37 39 2.12684268764965
list:
dist: 2.12684268764965 vs. 2.12684268764965
--------
nle(id0,id1,dist): 37 38 1.595477069269809
list:
dist: 1.595477069269809 vs. 1.595477069269809
--------
nle(id0,id1,dist): 36 55 2.9765827419204314
list:
dist: 2.9765827419204314 vs. 2.9765827419204314
--------
nle(id0,id1,dist): 36 53 2.2479670623160874
list:
dist: 2.2479670623160874 vs. 2.2479670623160874
--------
nle(id0,id1,dist): 36 54 2.887597610687493
list:
dist: 2.887597610687493 vs. 2.887597610687493
--------
nle(id0,id1,dist): 36 57 3.0752129419653143
list:
dist: 3.0752129419653143 vs. 3.0752129419653143
--------
nle(id0,id1,dist): 36 47 2.212083715094554
list:
dist: 2.212083715094554 vs. 2.212083715094554
--------
nle(id0,id1,dist): 36 45 2.0611896423988125
list:
dist: 2.0611896423988125 vs. 2.0611896423988125
--------
nle(id0,id1,dist): 36 46 1.6711680951342225
list:
dist: 1.6711680951342225 vs. 1.6711680951342225
--------
nle(id0,id1,dist): 36 51 2.35543114306419
list:
dist: 2.35543114306419 vs. 2.35543114306419
--------
nle(id0,id1,dist): 36 49 2.536747081913361
list:
dist: 2.536747081913361 vs. 2.536747081913361
--------
nle(id0,id1,dist): 36 50 3.2796364706132732
list:
dist: 3.2796364706132732 vs. 3.2796364706132732
--------
nle(id0,id1,dist): 36 40 3.276052629290665
list:
dist: 3.276052629290665 vs. 3.276052629290665
--------
nle(id0,id1,dist): 36 39 1.7265443932869855
list:
dist: 1.7265443932869855 vs. 1.7265443932869855
--------
nle(id0,id1,dist): 36 38 1.0132266125687015
list:
dist: 1.0132266125687015 vs. 1.0132266125687015
--------
nle(id0,id1,dist): 36 37 0.8925337923090033
list:
dist: 0.8925337923090033 vs. 0.8925337923090033
--------
nle(id0,id1,dist): 36 44 3.381174717265772
list:
dist: 3.381174717265772 vs. 3.381174717265772
--------
nle(id0,id1,dist): 36 43 1.3575969769917378
list:
dist: 1.3575969769917378 vs. 1.3575969769917378
--------
nle(id0,id1,dist): 36 42 2.6663727928962104
list:
dist: 2.6663727928962104 vs. 2.6663727928962104
--------
nle(id0,id1,dist): 36 41 1.3185405703048168
list:
dist: 1.3185405703048168 vs. 1.3185405703048168
--------
nle(id0,id1,dist): 35 54 3.005583701223566
list:
dist: 3.005583701223566 vs. 3.005583701223566
--------
nle(id0,id1,dist): 35 55 2.1985814782136877
list:
dist: 2.1985814782136877 vs. 2.1985814782136877
--------
nle(id0,id1,dist): 35 57 2.711693657451612
list:
dist: 2.711693657451612 vs. 2.711693657451612
--------
nle(id0,id1,dist): 35 50 3.27241557748763
list:
dist: 3.27241557748763 vs. 3.27241557748763
--------
nle(id0,id1,dist): 35 51 2.5518292318510944
list:
dist: 2.5518292318510944 vs. 2.5518292318510944
--------
nle(id0,id1,dist): 35 53 1.7589647276360527
list:
dist: 1.7589647276360527 vs. 1.7589647276360527
--------
nle(id0,id1,dist): 35 47 1.2246877317449634
list:
dist: 1.2246877317449634 vs. 1.2246877317449634
--------
nle(id0,id1,dist): 35 46 1.2279041267611976
list:
dist: 1.2279041267611976 vs. 1.2279041267611976
--------
nle(id0,id1,dist): 35 49 2.0831144883970953
list:
dist: 2.0831144883970953 vs. 2.0831144883970953
--------
nle(id0,id1,dist): 35 43 2.4205383661816957
list:
dist: 2.4205383661816957 vs. 2.4205383661816957
--------
nle(id0,id1,dist): 35 42 2.7003687250818893
list:
dist: 2.7003687250818893 vs. 2.7003687250818893
--------
nle(id0,id1,dist): 35 45 1.7728642365515526
list:
dist: 1.7728642365515526 vs. 1.7728642365515526
--------
nle(id0,id1,dist): 35 44 3.4286389227543355
list:
dist: 3.4286389227543355 vs. 3.4286389227543355
--------
nle(id0,id1,dist): 35 39 2.4572439077861055
list:
dist: 2.4572439077861055 vs. 2.4572439077861055
--------
nle(id0,id1,dist): 35 38 1.8890901034982663
list:
dist: 1.8890901034982663 vs. 1.8890901034982663
--------
nle(id0,id1,dist): 35 41 1.9169672145401828
list:
dist: 1.9169672145401828 vs. 1.9169672145401828
--------
nle(id0,id1,dist): 35 37 0.4740050525298382
list:
dist: 0.4740050525298382 vs. 0.4740050525298382
--------
nle(id0,id1,dist): 35 36 1.3097958584902574
list:
dist: 1.3097958584902574 vs. 1.3097958584902574
--------
nle(id0,id1,dist): 34 57 3.005975067784462
list:
dist: 3.005975067784462 vs. 3.005975067784462
--------
nle(id0,id1,dist): 34 55 3.487188197267412
list:
dist: 3.487188197267412 vs. 3.487188197267412
--------
nle(id0,id1,dist): 34 54 2.2751878278002073
list:
dist: 2.2751878278002073 vs. 2.2751878278002073
--------
nle(id0,id1,dist): 34 53 2.65611199657396
list:
dist: 2.65611199657396 vs. 2.65611199657396
--------
nle(id0,id1,dist): 34 51 2.1204137555414078
list:
dist: 2.1204137555414078 vs. 2.1204137555414078
--------
nle(id0,id1,dist): 34 50 2.870051303461881
list:
dist: 2.870051303461881 vs. 2.870051303461881
--------
nle(id0,id1,dist): 34 49 2.7184414345641734
list:
dist: 2.7184414345641734 vs. 2.7184414345641734
--------
nle(id0,id1,dist): 34 47 3.0690549318240428
list:
dist: 3.0690549318240428 vs. 3.0690549318240428
--------
nle(id0,id1,dist): 34 46 2.249645487829997
list:
dist: 2.249645487829997 vs. 2.249645487829997
--------
nle(id0,id1,dist): 34 45 2.3354320352408307
list:
dist: 2.3354320352408307 vs. 2.3354320352408307
--------
nle(id0,id1,dist): 34 44 2.752410935951145
list:
dist: 2.752410935951145 vs. 2.752410935951145
--------
nle(id0,id1,dist): 34 43 0.9992697650043115
list:
dist: 0.9992697650043115 vs. 0.9992697650043115
--------
nle(id0,id1,dist): 34 42 2.2501994149665068
list:
dist: 2.2501994149665068 vs. 2.2501994149665068
--------
nle(id0,id1,dist): 34 41 1.1436439513981158
list:
dist: 1.1436439513981158 vs. 1.1436439513981158
--------
nle(id0,id1,dist): 34 40 2.37583463258027
list:
dist: 2.37583463258027 vs. 2.37583463258027
--------
nle(id0,id1,dist): 34 39 1.064524775478933
list:
dist: 1.064524775478933 vs. 1.064524775478933
--------
nle(id0,id1,dist): 34 36 1.5796247540262969
list:
dist: 1.5796247540262969 vs. 1.5796247540262969
--------
nle(id0,id1,dist): 34 35 2.6603540263654084
list:
dist: 2.6603540263654084 vs. 2.6603540263654084
--------
nle(id0,id1,dist): 34 38 1.4904333114267139
list:
dist: 1.4904333114267139 vs. 1.4904333114267139
--------
nle(id0,id1,dist): 34 37 2.2147945620061553
list:
dist: 2.2147945620061553 vs. 2.2147945620061553
--------
nle(id0,id1,dist): 33 44 3.721166673770312
list:
dist: 3.721166673770312 vs. 3.721166673770312
--------
nle(id0,id1,dist): 33 45 2.5876075333944617
list:
dist: 2.5876075333944617 vs. 2.5876075333944617
--------
nle(id0,id1,dist): 33 46 2.377881698570002
list:
dist: 2.377881698570002 vs. 2.377881698570002
--------
nle(id0,id1,dist): 33 47 3.06607801969968
list:
dist: 3.06607801969968 vs. 3.06607801969968
--------
nle(id0,id1,dist): 33 49 3.223400659752269
list:
dist: 3.223400659752269 vs. 3.223400659752269
--------
nle(id0,id1,dist): 33 50 3.518985236548438
list:
dist: 3.518985236548438 vs. 3.518985236548438
--------
nle(id0,id1,dist): 33 51 2.4957295607999157
list:
dist: 2.4957295607999157 vs. 2.4957295607999157
--------
nle(id0,id1,dist): 33 53 2.815606431472912
list:
dist: 2.815606431472912 vs. 2.815606431472912
--------
nle(id0,id1,dist): 33 54 3.309770076886126
list:
dist: 3.309770076886126 vs. 3.309770076886126
--------
nle(id0,id1,dist): 33 55 3.5853417149397773
list:
dist: 3.5853417149397773 vs. 3.5853417149397773
--------
nle(id0,id1,dist): 33 57 3.6323281556896063
list:
dist: 3.6323281556896063 vs. 3.6323281556896063
--------
nle(id0,id1,dist): 33 35 2.1356877921595414
list:
dist: 2.1356877921595414 vs. 2.1356877921595414
--------
nle(id0,id1,dist): 33 34 1.430998787657815
list:
dist: 1.430998787657815 vs. 1.430998787657815
--------
nle(id0,id1,dist): 33 39 2.0672815343896054
list:
dist: 2.0672815343896054 vs. 2.0672815343896054
--------
nle(id0,id1,dist): 33 38 1.5049998007933445
list:
dist: 1.5049998007933445 vs. 1.5049998007933445
--------
nle(id0,id1,dist): 33 37 1.7036333520251339
list:
dist: 1.7036333520251339 vs. 1.7036333520251339
--------
nle(id0,id1,dist): 33 36 0.9062114546016186
list:
dist: 0.9062114546016186 vs. 0.9062114546016186
--------
nle(id0,id1,dist): 33 43 0.9040853222120457
list:
dist: 0.9040853222120457 vs. 0.9040853222120457
--------
nle(id0,id1,dist): 33 42 3.0594633785273655
list:
dist: 3.0594633785273655 vs. 3.0594633785273655
--------
nle(id0,id1,dist): 33 41 1.5531877559584877
list:
dist: 1.5531877559584877 vs. 1.5531877559584877
--------
nle(id0,id1,dist): 33 40 3.362498910223235
list:
dist: 3.362498910223235 vs. 3.362498910223235
--------
nle(id0,id1,dist): 32 51 2.356328593663761
list:
dist: 2.356328593663761 vs. 2.356328593663761
--------
nle(id0,id1,dist): 32 49 2.2463859914293876
list:
dist: 2.2463859914293876 vs. 2.2463859914293876
--------
nle(id0,id1,dist): 32 50 3.1524114404578154
list:
dist: 3.1524114404578154 vs. 3.1524114404578154
--------
nle(id0,id1,dist): 32 55 2.9642221730458727
list:
dist: 2.9642221730458727 vs. 2.9642221730458727
--------
nle(id0,id1,dist): 32 53 2.2105213377028905
list:
dist: 2.2105213377028905 vs. 2.2105213377028905
--------
nle(id0,id1,dist): 32 54 2.471870387341408
list:
dist: 2.471870387341408 vs. 2.471870387341408
--------
nle(id0,id1,dist): 32 57 2.8218804390827557
list:
dist: 2.8218804390827557 vs. 2.8218804390827557
--------
nle(id0,id1,dist): 32 38 0.592998004246526
list:
dist: 0.592998004246526 vs. 0.592998004246526
--------
nle(id0,id1,dist): 32 37 1.1274354996290954
list:
dist: 1.1274354996290954 vs. 1.1274354996290954
--------
nle(id0,id1,dist): 32 40 3.0485610922214237
list:
dist: 3.0485610922214237 vs. 3.0485610922214237
--------
nle(id0,id1,dist): 32 39 1.155144684249717
list:
dist: 1.155144684249717 vs. 1.155144684249717
--------
nle(id0,id1,dist): 32 34 1.31453667595036
list:
dist: 1.31453667595036 vs. 1.31453667595036
--------
nle(id0,id1,dist): 32 33 1.2754047929711163
list:
dist: 1.2754047929711163 vs. 1.2754047929711163
--------
nle(id0,id1,dist): 32 36 0.6108377095633208
list:
dist: 0.6108377095633208 vs. 0.6108377095633208
--------
nle(id0,id1,dist): 32 35 1.5000772128881756
list:
dist: 1.5000772128881756 vs. 1.5000772128881756
--------
nle(id0,id1,dist): 32 46 1.5544616719007964
list:
dist: 1.5544616719007964 vs. 1.5544616719007964
--------
nle(id0,id1,dist): 32 45 1.9871228383264774
list:
dist: 1.9871228383264774 vs. 1.9871228383264774
--------
nle(id0,id1,dist): 32 47 2.084461914424514
list:
dist: 2.084461914424514 vs. 2.084461914424514
--------
nle(id0,id1,dist): 32 42 2.3886352772082993
list:
dist: 2.3886352772082993 vs. 2.3886352772082993
--------
nle(id0,id1,dist): 32 41 1.2182978962851894
list:
dist: 1.2182978962851894 vs. 1.2182978962851894
--------
nle(id0,id1,dist): 32 44 3.06488369896443
list:
dist: 3.06488369896443 vs. 3.06488369896443
--------
nle(id0,id1,dist): 32 43 1.5000527265219896
list:
dist: 1.5000527265219896 vs. 1.5000527265219896
--------
nle(id0,id1,dist): 31 54 2.608382266976009
list:
dist: 2.608382266976009 vs. 2.608382266976009
--------
nle(id0,id1,dist): 31 55 3.6676675651280313
list:
dist: 3.6676675651280313 vs. 3.6676675651280313
--------
nle(id0,id1,dist): 31 57 3.2824243424514896
list:
dist: 3.2824243424514896 vs. 3.2824243424514896
--------
nle(id0,id1,dist): 31 45 2.522732937391408
list:
dist: 2.522732937391408 vs. 2.522732937391408
--------
nle(id0,id1,dist): 31 44 3.05515621914972
list:
dist: 3.05515621914972 vs. 3.05515621914972
--------
nle(id0,id1,dist): 31 43 0.8303196944767909
list:
dist: 0.8303196944767909 vs. 0.8303196944767909
--------
nle(id0,id1,dist): 31 42 2.5340570039059456
list:
dist: 2.5340570039059456 vs. 2.5340570039059456
--------
nle(id0,id1,dist): 31 41 1.2894290165169748
list:
dist: 1.2894290165169748 vs. 1.2894290165169748
--------
nle(id0,id1,dist): 31 40 2.6198108808113796
list:
dist: 2.6198108808113796 vs. 2.6198108808113796
--------
nle(id0,id1,dist): 31 39 1.3473333318853833
list:
dist: 1.3473333318853833 vs. 1.3473333318853833
--------
nle(id0,id1,dist): 31 38 1.5262405567814825
list:
dist: 1.5262405567814825 vs. 1.5262405567814825
--------
nle(id0,id1,dist): 31 53 2.8339958521659177
list:
dist: 2.8339958521659177 vs. 2.8339958521659177
--------
nle(id0,id1,dist): 31 51 2.2587378781632017
list:
dist: 2.2587378781632017 vs. 2.2587378781632017
--------
nle(id0,id1,dist): 31 50 3.0889831455082435
list:
dist: 3.0889831455082435 vs. 3.0889831455082435
--------
nle(id0,id1,dist): 31 49 2.984676045078826
list:
dist: 2.984676045078826 vs. 2.984676045078826
--------
nle(id0,id1,dist): 31 47 3.2445981944692615
list:
dist: 3.2445981944692615 vs. 3.2445981944692615
--------
nle(id0,id1,dist): 31 46 2.4279107074921784
list:
dist: 2.4279107074921784 vs. 2.4279107074921784
--------
nle(id0,id1,dist): 31 36 1.5233969862448702
list:
dist: 1.5233969862448702 vs. 1.5233969862448702
--------
nle(id0,id1,dist): 31 37 2.2485326367867966
list:
dist: 2.2485326367867966 vs. 2.2485326367867966
--------
nle(id0,id1,dist): 31 34 0.35206258193747825
list:
dist: 0.35206258193747825 vs. 0.35206258193747825
--------
nle(id0,id1,dist): 31 35 2.7068744386004915
list:
dist: 2.7068744386004915 vs. 2.7068744386004915
--------
nle(id0,id1,dist): 31 32 1.3751052639775851
list:
dist: 1.3751052639775851 vs. 1.3751052639775851
--------
nle(id0,id1,dist): 31 33 1.1865222824234056
list:
dist: 1.1865222824234056 vs. 1.1865222824234056
--------
nle(id0,id1,dist): 44 47 2.8527821401339066
list:
dist: 2.8527821401339066 vs. 2.8527821401339066
--------
nle(id0,id1,dist): 44 48 1.4062152356671491
list:
dist: 1.4062152356671491 vs. 1.4062152356671491
--------
nle(id0,id1,dist): 44 45 1.7954743703326073
list:
dist: 1.7954743703326073 vs. 1.7954743703326073
--------
nle(id0,id1,dist): 44 46 2.2093944154122336
list:
dist: 2.2093944154122336 vs. 2.2093944154122336
--------
nle(id0,id1,dist): 44 51 1.7546231900950888
list:
dist: 1.7546231900950888 vs. 1.7546231900950888
--------
nle(id0,id1,dist): 44 52 1.2346061245824083
list:
dist: 1.2346061245824083 vs. 1.2346061245824083
--------
nle(id0,id1,dist): 44 49 1.6666707155189058
list:
dist: 1.6666707155189058 vs. 1.6666707155189058
--------
nle(id0,id1,dist): 44 50 1.0728766873032602
list:
dist: 1.0728766873032602 vs. 1.0728766873032602
--------
nle(id0,id1,dist): 43 50 2.7901205057570824
list:
dist: 2.7901205057570824 vs. 2.7901205057570824
--------
nle(id0,id1,dist): 43 51 1.792197802260775
list:
dist: 1.792197802260775 vs. 1.792197802260775
--------
nle(id0,id1,dist): 43 53 2.4680630185106343
list:
dist: 2.4680630185106343 vs. 2.4680630185106343
--------
nle(id0,id1,dist): 43 54 2.7499257212257224
list:
dist: 2.7499257212257224 vs. 2.7499257212257224
--------
nle(id0,id1,dist): 43 55 3.275530131069305
list:
dist: 3.275530131069305 vs. 3.275530131069305
--------
nle(id0,id1,dist): 43 57 3.1452629168452564
list:
dist: 3.1452629168452564 vs. 3.1452629168452564
--------
nle(id0,id1,dist): 43 44 3.0405079190897104
list:
dist: 3.0405079190897104 vs. 3.0405079190897104
--------
nle(id0,id1,dist): 43 45 2.1884545902809425
list:
dist: 2.1884545902809425 vs. 2.1884545902809425
--------
nle(id0,id1,dist): 43 46 2.1956150189721804
list:
dist: 2.1956150189721804 vs. 2.1956150189721804
--------
nle(id0,id1,dist): 43 47 3.085993082154299
list:
dist: 3.085993082154299 vs. 3.085993082154299
--------
nle(id0,id1,dist): 43 49 2.910751069486072
list:
dist: 2.910751069486072 vs. 2.910751069486072
--------
nle(id0,id1,dist): 42 46 1.494034162907972
list:
dist: 1.494034162907972 vs. 1.494034162907972
--------
nle(id0,id1,dist): 42 45 1.100649701593725
list:
dist: 1.100649701593725 vs. 1.100649701593725
--------
nle(id0,id1,dist): 42 44 0.7456874087237022
list:
dist: 0.7456874087237022 vs. 0.7456874087237022
--------
nle(id0,id1,dist): 42 43 2.448578229653443
list:
dist: 2.448578229653443 vs. 2.448578229653443
--------
nle(id0,id1,dist): 42 59 2.35729967018645
list:
dist: 2.35729967018645 vs. 2.35729967018645
--------
nle(id0,id1,dist): 42 57 0.8877649230063144
list:
dist: 0.8877649230063144 vs. 0.8877649230063144
--------
nle(id0,id1,dist): 42 58 2.531875343331546
list:
dist: 2.531875343331546 vs. 2.531875343331546
--------
nle(id0,id1,dist): 42 55 1.866360325739592
list:
dist: 1.866360325739592 vs. 1.866360325739592
--------
nle(id0,id1,dist): 42 56 1.6586940715209255
list:
dist: 1.6586940715209255 vs. 1.6586940715209255
--------
nle(id0,id1,dist): 42 53 1.3224223594241769
list:
dist: 1.3224223594241769 vs. 1.3224223594241769
--------
nle(id0,id1,dist): 42 54 0.7330022655318997
list:
dist: 0.7330022655318997 vs. 0.7330022655318997
--------
nle(id0,id1,dist): 42 51 1.2425801773036023
list:
dist: 1.2425801773036023 vs. 1.2425801773036023
--------
nle(id0,id1,dist): 42 52 1.1872543900166728
list:
dist: 1.1872543900166728 vs. 1.1872543900166728
--------
nle(id0,id1,dist): 42 49 1.1711505265374076
list:
dist: 1.1711505265374076 vs. 1.1711505265374076
--------
nle(id0,id1,dist): 42 50 1.041489157271013
list:
dist: 1.041489157271013 vs. 1.041489157271013
--------
nle(id0,id1,dist): 42 47 2.245542643975957
list:
dist: 2.245542643975957 vs. 2.245542643975957
--------
nle(id0,id1,dist): 42 48 1.1994210745105587
list:
dist: 1.1994210745105587 vs. 1.1994210745105587
--------
nle(id0,id1,dist): 41 49 1.8893244546799737
list:
dist: 1.8893244546799737 vs. 1.8893244546799737
--------
nle(id0,id1,dist): 41 51 1.1741872458332354
list:
dist: 1.1741872458332354 vs. 1.1741872458332354
--------
nle(id0,id1,dist): 41 50 2.043895218888157
list:
dist: 2.043895218888157 vs. 2.043895218888157
--------
nle(id0,id1,dist): 41 45 1.2423621059409882
list:
dist: 1.2423621059409882 vs. 1.2423621059409882
--------
nle(id0,id1,dist): 41 44 2.1838999137593933
list:
dist: 2.1838999137593933 vs. 2.1838999137593933
--------
nle(id0,id1,dist): 41 47 2.2298675144147992
list:
dist: 2.2298675144147992 vs. 2.2298675144147992
--------
nle(id0,id1,dist): 41 46 1.2734744470266766
list:
dist: 1.2734744470266766 vs. 1.2734744470266766
--------
nle(id0,id1,dist): 41 43 1.0270797165453487
list:
dist: 1.0270797165453487 vs. 1.0270797165453487
--------
nle(id0,id1,dist): 41 42 1.509604801439581
list:
dist: 1.509604801439581 vs. 1.509604801439581
--------
nle(id0,id1,dist): 41 57 2.1409028022693435
list:
dist: 2.1409028022693435 vs. 2.1409028022693435
--------
nle(id0,id1,dist): 41 53 1.5533141576104035
list:
dist: 1.5533141576104035 vs. 1.5533141576104035
--------
nle(id0,id1,dist): 41 54 1.8517583532507491
list:
dist: 1.8517583532507491 vs. 1.8517583532507491
--------
nle(id0,id1,dist): 41 55 2.3861721613551636
list:
dist: 2.3861721613551636 vs. 2.3861721613551636
--------
nle(id0,id1,dist): 40 43 2.5376566012665207
list:
dist: 2.5376566012665207 vs. 2.5376566012665207
--------
nle(id0,id1,dist): 40 44 1.0235025787722907
list:
dist: 1.0235025787722907 vs. 1.0235025787722907
--------
nle(id0,id1,dist): 40 41 1.9630563055991492
list:
dist: 1.9630563055991492 vs. 1.9630563055991492
--------
nle(id0,id1,dist): 40 42 1.178217883875231
list:
dist: 1.178217883875231 vs. 1.178217883875231
--------
nle(id0,id1,dist): 40 48 2.09657611232081
list:
dist: 2.09657611232081 vs. 2.09657611232081
--------
nle(id0,id1,dist): 40 45 2.0299230134652997
list:
dist: 2.0299230134652997 vs. 2.0299230134652997
--------
nle(id0,id1,dist): 40 51 1.3978446140680518
list:
dist: 1.3978446140680518 vs. 1.3978446140680518
--------
nle(id0,id1,dist): 40 52 1.3476105804226561
list:
dist: 1.3476105804226561 vs. 1.3476105804226561
--------
nle(id0,id1,dist): 40 49 2.34910093194274
list:
dist: 2.34910093194274 vs. 2.34910093194274
--------
nle(id0,id1,dist): 40 50 1.0363385401861123
list:
dist: 1.0363385401861123 vs. 1.0363385401861123
--------
nle(id0,id1,dist): 40 56 2.1536564217673964
list:
dist: 2.1536564217673964 vs. 2.1536564217673964
--------
nle(id0,id1,dist): 40 53 2.2718491714080957
list:
dist: 2.2718491714080957 vs. 2.2718491714080957
--------
nle(id0,id1,dist): 40 54 1.4428951035309274
list:
dist: 1.4428951035309274 vs. 1.4428951035309274
--------
nle(id0,id1,dist): 40 57 1.9159751756029035
list:
dist: 1.9159751756029035 vs. 1.9159751756029035
--------
nle(id0,id1,dist): 39 46 1.9732966657385476
list:
dist: 1.9732966657385476 vs. 1.9732966657385476
--------
nle(id0,id1,dist): 39 47 2.5484808103573746
list:
dist: 2.5484808103573746 vs. 2.5484808103573746
--------
nle(id0,id1,dist): 39 49 2.194287891747875
list:
dist: 2.194287891747875 vs. 2.194287891747875
--------
nle(id0,id1,dist): 39 50 2.980773604688206
list:
dist: 2.980773604688206 vs. 2.980773604688206
--------
nle(id0,id1,dist): 39 51 2.469880746649682
list:
dist: 2.469880746649682 vs. 2.469880746649682
--------
nle(id0,id1,dist): 39 53 2.5299297827648837
list:
dist: 2.5299297827648837 vs. 2.5299297827648837
--------
nle(id0,id1,dist): 39 54 1.837828744979795
list:
dist: 1.837828744979795 vs. 1.837828744979795
--------
nle(id0,id1,dist): 39 55 3.2882571624451944
list:
dist: 3.2882571624451944 vs. 3.2882571624451944
--------
nle(id0,id1,dist): 39 57 2.6449856864315895
list:
dist: 2.6449856864315895 vs. 2.6449856864315895
--------
nle(id0,id1,dist): 38 57 3.2671340379225415
list:
dist: 3.2671340379225415 vs. 3.2671340379225415
--------
nle(id0,id1,dist): 38 55 3.488226469277754
list:
dist: 3.488226469277754 vs. 3.488226469277754
--------
nle(id0,id1,dist): 38 53 2.757745353650391
list:
dist: 2.757745353650391 vs. 2.757745353650391
--------
nle(id0,id1,dist): 38 54 2.7925321027617276
list:
dist: 2.7925321027617276 vs. 2.7925321027617276
--------
nle(id0,id1,dist): 38 51 2.908556101456996
list:
dist: 2.908556101456996 vs. 2.908556101456996
--------
nle(id0,id1,dist): 39 45 2.2441577931159853
list:
dist: 2.2441577931159853 vs. 2.2441577931159853
--------
nle(id0,id1,dist): 39 44 2.550948564262831
list:
dist: 2.550948564262831 vs. 2.550948564262831
--------
nle(id0,id1,dist): 39 43 1.8887059967341489
list:
dist: 1.8887059967341489 vs. 1.8887059967341489
--------
nle(id0,id1,dist): 39 42 2.070122922151679
list:
dist: 2.070122922151679 vs. 2.070122922151679
--------
nle(id0,id1,dist): 39 41 1.4602392735424148
list:
dist: 1.4602392735424148 vs. 1.4602392735424148
--------
nle(id0,id1,dist): 39 40 2.5773240275098988
list:
dist: 2.5773240275098988 vs. 2.5773240275098988
--------
nle(id0,id1,dist): 37 57 2.628149862867794
list:
dist: 2.628149862867794 vs. 2.628149862867794
--------
nle(id0,id1,dist): 38 40 3.4647546509211002
list:
dist: 3.4647546509211002 vs. 3.4647546509211002
--------
nle(id0,id1,dist): 38 39 1.1658475216714268
list:
dist: 1.1658475216714268 vs. 1.1658475216714268
--------
nle(id0,id1,dist): 38 42 2.8348068663377135
list:
dist: 2.8348068663377135 vs. 2.8348068663377135
--------
nle(id0,id1,dist): 38 41 1.747180247640575
list:
dist: 1.747180247640575 vs. 1.747180247640575
--------
nle(id0,id1,dist): 38 47 2.4436706875525345
list:
dist: 2.4436706875525345 vs. 2.4436706875525345
--------
nle(id0,id1,dist): 38 50 3.6638798760012032
list:
dist: 3.6638798760012032 vs. 3.6638798760012032
--------
nle(id0,id1,dist): 38 49 2.6501545778738174
list:
dist: 2.6501545778738174 vs. 2.6501545778738174
--------
nle(id0,id1,dist): 38 44 3.4623829993185917
list:
dist: 3.4623829993185917 vs. 3.4623829993185917
--------
nle(id0,id1,dist): 38 43 1.874299074947767
list:
dist: 1.874299074947767 vs. 1.874299074947767
--------
nle(id0,id1,dist): 38 46 2.0669157265878746
list:
dist: 2.0669157265878746 vs. 2.0669157265878746
--------
nle(id0,id1,dist): 38 45 2.5378565962304314
list:
dist: 2.5378565962304314 vs. 2.5378565962304314
--------
nle(id0,id1,dist): 23 28 1.2888499298861817
list:
dist: 1.2888499298861817 vs. 1.2888499298861817
--------
nle(id0,id1,dist): 23 29 1.9504091111879873
list:
dist: 1.9504091111879873 vs. 1.9504091111879873
--------
nle(id0,id1,dist): 23 26 3.0343408220347463
list:
dist: 3.0343408220347463 vs. 3.0343408220347463
--------
nle(id0,id1,dist): 23 27 2.243581705738343
list:
dist: 2.243581705738343 vs. 2.243581705738343
--------
nle(id0,id1,dist): 23 24 1.6546938477499908
list:
dist: 1.6546938477499908 vs. 1.6546938477499908
--------
nle(id0,id1,dist): 23 25 1.6891197360241457
list:
dist: 1.6891197360241457 vs. 1.6891197360241457
--------
nle(id0,id1,dist): 22 55 5.640705842244084
list:
dist: 5.640705842244084 vs. 5.640705842244084
--------
nle(id0,id1,dist): 22 53 5.088237394252921
list:
dist: 5.088237394252921 vs. 5.088237394252921
--------
nle(id0,id1,dist): 22 51 4.323136031196428
list:
dist: 4.323136031196428 vs. 4.323136031196428
--------
nle(id0,id1,dist): 22 45 4.9480856711021595
list:
dist: 4.9480856711021595 vs. 4.9480856711021595
--------
nle(id0,id1,dist): 22 43 3.3857622293369594
list:
dist: 3.3857622293369594 vs. 3.3857622293369594
--------
nle(id0,id1,dist): 22 41 4.230171999224314
list:
dist: 4.230171999224314 vs. 4.230171999224314
--------
nle(id0,id1,dist): 22 37 4.482991390693311
list:
dist: 4.482991390693311 vs. 4.482991390693311
--------
nle(id0,id1,dist): 22 36 4.075449832885489
list:
dist: 4.075449832885489 vs. 4.075449832885489
--------
nle(id0,id1,dist): 22 35 4.807871699645448
list:
dist: 4.807871699645448 vs. 4.807871699645448
--------
nle(id0,id1,dist): 23 51 3.4652326959646373
list:
dist: 3.4652326959646373 vs. 3.4652326959646373
--------
nle(id0,id1,dist): 23 52 4.00875386460876
list:
dist: 4.00875386460876 vs. 4.00875386460876
--------
nle(id0,id1,dist): 23 53 4.613551335483433
list:
dist: 4.613551335483433 vs. 4.613551335483433
--------
nle(id0,id1,dist): 23 43 3.7097242048102994
list:
dist: 3.7097242048102994 vs. 3.7097242048102994
--------
nle(id0,id1,dist): 23 45 4.479492090817221
list:
dist: 4.479492090817221 vs. 4.479492090817221
--------
nle(id0,id1,dist): 23 41 4.11914721375179
list:
dist: 4.11914721375179 vs. 4.11914721375179
--------
nle(id0,id1,dist): 23 36 4.849678252862831
list:
dist: 4.849678252862831 vs. 4.849678252862831
--------
nle(id0,id1,dist): 23 33 4.330559863576286
list:
dist: 4.330559863576286 vs. 4.330559863576286
--------
nle(id0,id1,dist): 21 33 4.2824393589897545
list:
dist: 4.2824393589897545 vs. 4.2824393589897545
--------
nle(id0,id1,dist): 21 36 4.9529694122008365
list:
dist: 4.9529694122008365 vs. 4.9529694122008365
--------
nle(id0,id1,dist): 21 26 2.173003608207405
list:
dist: 2.173003608207405 vs. 2.173003608207405
--------
nle(id0,id1,dist): 21 27 1.7891695500187124
list:
dist: 1.7891695500187124 vs. 1.7891695500187124
--------
nle(id0,id1,dist): 21 24 0.8094641497829794
list:
dist: 0.8094641497829794 vs. 0.8094641497829794
--------
nle(id0,id1,dist): 21 25 1.617699471526636
list:
dist: 1.617699471526636 vs. 1.617699471526636
--------
nle(id0,id1,dist): 21 28 1.1686098774325597
list:
dist: 1.1686098774325597 vs. 1.1686098774325597
--------
nle(id0,id1,dist): 21 29 1.8245611285058914
list:
dist: 1.8245611285058914 vs. 1.8245611285058914
--------
nle(id0,id1,dist): 21 23 1.1913184559085428
list:
dist: 1.1913184559085428 vs. 1.1913184559085428
--------
nle(id0,id1,dist): 21 22 2.151320594698816
list:
dist: 2.151320594698816 vs. 2.151320594698816
--------
nle(id0,id1,dist): 22 27 1.6917656742646767
list:
dist: 1.6917656742646767 vs. 1.6917656742646767
--------
nle(id0,id1,dist): 22 28 1.9362719872490937
list:
dist: 1.9362719872490937 vs. 1.9362719872490937
--------
nle(id0,id1,dist): 22 29 2.153347266569875
list:
dist: 2.153347266569875 vs. 2.153347266569875
--------
nle(id0,id1,dist): 22 33 3.340099861605602
list:
dist: 3.340099861605602 vs. 3.340099861605602
--------
nle(id0,id1,dist): 22 23 3.0282297493746144
list:
dist: 3.0282297493746144 vs. 3.0282297493746144
--------
nle(id0,id1,dist): 22 24 1.4984857330648418
list:
dist: 1.4984857330648418 vs. 1.4984857330648418
--------
nle(id0,id1,dist): 22 25 2.6856505762147638
list:
dist: 2.6856505762147638 vs. 2.6856505762147638
--------
nle(id0,id1,dist): 22 26 0.5331411458934188
list:
dist: 0.5331411458934188 vs. 0.5331411458934188
--------
nle(id0,id1,dist): 21 51 4.1101514366621785
list:
dist: 4.1101514366621785 vs. 4.1101514366621785
--------
nle(id0,id1,dist): 21 53 5.212430743944729
list:
dist: 5.212430743944729 vs. 5.212430743944729
--------
nle(id0,id1,dist): 21 41 4.494997790559756
list:
dist: 4.494997790559756 vs. 4.494997790559756
--------
nle(id0,id1,dist): 21 43 3.8436742754746027
list:
dist: 3.8436742754746027 vs. 3.8436742754746027
--------
nle(id0,id1,dist): 21 45 5.059679521314922
list:
dist: 5.059679521314922 vs. 5.059679521314922
--------
nle(id0,id1,dist): 19 41 4.200271198965695
list:
dist: 4.200271198965695 vs. 4.200271198965695
--------
nle(id0,id1,dist): 19 36 4.566246179329166
list:
dist: 4.566246179329166 vs. 4.566246179329166
--------
nle(id0,id1,dist): 19 45 4.8799961231166336
list:
dist: 4.8799961231166336 vs. 4.8799961231166336
--------
nle(id0,id1,dist): 19 43 3.458018615203346
list:
dist: 3.458018615203346 vs. 3.458018615203346
--------
nle(id0,id1,dist): 19 24 0.7938633707450321
list:
dist: 0.7938633707450321 vs. 0.7938633707450321
--------
nle(id0,id1,dist): 19 25 2.023341296176873
list:
dist: 2.023341296176873 vs. 2.023341296176873
--------
nle(id0,id1,dist): 19 22 1.7416266328784151
list:
dist: 1.7416266328784151 vs. 1.7416266328784151
--------
nle(id0,id1,dist): 19 23 1.559680285076404
list:
dist: 1.559680285076404 vs. 1.559680285076404
--------
nle(id0,id1,dist): 19 20 1.4149872586268968
list:
dist: 1.4149872586268968 vs. 1.4149872586268968
--------
nle(id0,id1,dist): 19 21 0.589578625776256
list:
dist: 0.589578625776256 vs. 0.589578625776256
--------
nle(id0,id1,dist): 19 33 3.8410044441048603
list:
dist: 3.8410044441048603 vs. 3.8410044441048603
--------
nle(id0,id1,dist): 19 28 1.0052744859566565
list:
dist: 1.0052744859566565 vs. 1.0052744859566565
--------
nle(id0,id1,dist): 19 29 1.9831387457114549
list:
dist: 1.9831387457114549 vs. 1.9831387457114549
--------
nle(id0,id1,dist): 19 26 1.8893960742518316
list:
dist: 1.8893960742518316 vs. 1.8893960742518316
--------
nle(id0,id1,dist): 19 27 1.8487514222737234
list:
dist: 1.8487514222737234 vs. 1.8487514222737234
--------
nle(id0,id1,dist): 20 29 2.389210066970277
list:
dist: 2.389210066970277 vs. 2.389210066970277
--------
nle(id0,id1,dist): 19 51 3.9625436102424296
list:
dist: 3.9625436102424296 vs. 3.9625436102424296
--------
nle(id0,id1,dist): 19 53 5.054285320665843
list:
dist: 5.054285320665843 vs. 5.054285320665843
--------
nle(id0,id1,dist): 20 25 2.2361329203795357
list:
dist: 2.2361329203795357 vs. 2.2361329203795357
--------
nle(id0,id1,dist): 20 26 1.7257659794917655
list:
dist: 1.7257659794917655 vs. 1.7257659794917655
--------
nle(id0,id1,dist): 20 27 2.0070134738972385
list:
dist: 2.0070134738972385 vs. 2.0070134738972385
--------
nle(id0,id1,dist): 20 28 2.2669971801645508
list:
dist: 2.2669971801645508 vs. 2.2669971801645508
--------
nle(id0,id1,dist): 20 21 1.4523229568335991
list:
dist: 1.4523229568335991 vs. 1.4523229568335991
--------
nle(id0,id1,dist): 20 22 1.7979526151547252
list:
dist: 1.7979526151547252 vs. 1.7979526151547252
--------
nle(id0,id1,dist): 20 23 2.6195095256956367
list:
dist: 2.6195095256956367 vs. 2.6195095256956367
--------
nle(id0,id1,dist): 20 24 1.334696803448946
list:
dist: 1.334696803448946 vs. 1.334696803448946
--------
nle(id0,id1,dist): 18 22 2.3652353676805493
list:
dist: 2.3652353676805493 vs. 2.3652353676805493
--------
nle(id0,id1,dist): 18 21 0.7013902301579577
list:
dist: 0.7013902301579577 vs. 0.7013902301579577
--------
nle(id0,id1,dist): 18 20 2.012852796350274
list:
dist: 2.012852796350274 vs. 2.012852796350274
--------
nle(id0,id1,dist): 18 19 0.7018159568504457
list:
dist: 0.7018159568504457 vs. 0.7018159568504457
--------
nle(id0,id1,dist): 17 28 2.4921575359253394
list:
dist: 2.4921575359253394 vs. 2.4921575359253394
--------
nle(id0,id1,dist): 18 41 4.008888341917166
list:
dist: 4.008888341917166 vs. 4.008888341917166
--------
nle(id0,id1,dist): 18 43 3.369372472141835
list:
dist: 3.369372472141835 vs. 3.369372472141835
--------
nle(id0,id1,dist): 18 45 4.636621254764064
list:
dist: 4.636621254764064 vs. 4.636621254764064
--------
nle(id0,id1,dist): 18 51 3.6394721138413004
list:
dist: 3.6394721138413004 vs. 3.6394721138413004
--------
nle(id0,id1,dist): 18 53 4.819449263880429
list:
dist: 4.819449263880429 vs. 4.819449263880429
--------
nle(id0,id1,dist): 18 23 1.0383230137894235
list:
dist: 1.0383230137894235 vs. 1.0383230137894235
--------
nle(id0,id1,dist): 18 24 1.2563193708224838
list:
dist: 1.2563193708224838 vs. 1.2563193708224838
--------
nle(id0,id1,dist): 18 25 2.1046535084353866
list:
dist: 2.1046535084353866 vs. 2.1046535084353866
--------
nle(id0,id1,dist): 18 26 2.5124505062159406
list:
dist: 2.5124505062159406 vs. 2.5124505062159406
--------
nle(id0,id1,dist): 18 27 2.2109297623351685
list:
dist: 2.2109297623351685 vs. 2.2109297623351685
--------
nle(id0,id1,dist): 18 28 0.9397716374611127
list:
dist: 0.9397716374611127 vs. 0.9397716374611127
--------
nle(id0,id1,dist): 18 29 2.1649383159231315
list:
dist: 2.1649383159231315 vs. 2.1649383159231315
--------
nle(id0,id1,dist): 18 33 3.90251457331744
list:
dist: 3.90251457331744 vs. 3.90251457331744
--------
nle(id0,id1,dist): 18 36 4.572354038223287
list:
dist: 4.572354038223287 vs. 4.572354038223287
--------
nle(id0,id1,dist): 30 41 2.8494567847928227
list:
dist: 2.8494567847928227 vs. 2.8494567847928227
--------
nle(id0,id1,dist): 30 39 2.457112597885193
list:
dist: 2.457112597885193 vs. 2.457112597885193
--------
nle(id0,id1,dist): 30 38 2.065089770736933
list:
dist: 2.065089770736933 vs. 2.065089770736933
--------
nle(id0,id1,dist): 30 37 3.240892929906045
list:
dist: 3.240892929906045 vs. 3.240892929906045
--------
nle(id0,id1,dist): 30 36 2.351005797684568
list:
dist: 2.351005797684568 vs. 2.351005797684568
--------
nle(id0,id1,dist): 30 35 3.6321386314528996
list:
dist: 3.6321386314528996 vs. 3.6321386314528996
--------
nle(id0,id1,dist): 30 34 1.9171207189069963
list:
dist: 1.9171207189069963 vs. 1.9171207189069963
--------
nle(id0,id1,dist): 30 33 1.7912673347864068
list:
dist: 1.7912673347864068 vs. 1.7912673347864068
--------
nle(id0,id1,dist): 30 32 2.32569607925952
list:
dist: 2.32569607925952 vs. 2.32569607925952
--------
nle(id0,id1,dist): 30 31 1.6565010492223189
list:
dist: 1.6565010492223189 vs. 1.6565010492223189
--------
nle(id0,id1,dist): 30 43 2.1492608942700695
list:
dist: 2.1492608942700695 vs. 2.1492608942700695
--------
nle(id0,id1,dist): 28 29 1.583701289581541
list:
dist: 1.583701289581541 vs. 1.583701289581541
--------
nle(id0,id1,dist): 28 33 3.2141064506272348
list:
dist: 3.2141064506272348 vs. 3.2141064506272348
--------
nle(id0,id1,dist): 28 36 3.8235191668187443
list:
dist: 3.8235191668187443 vs. 3.8235191668187443
--------
nle(id0,id1,dist): 28 45 3.9211716196677844
list:
dist: 3.9211716196677844 vs. 3.9211716196677844
--------
nle(id0,id1,dist): 28 51 3.014677398877824
list:
dist: 3.014677398877824 vs. 3.014677398877824
--------
nle(id0,id1,dist): 28 43 2.746146727106885
list:
dist: 2.746146727106885 vs. 2.746146727106885
--------
nle(id0,id1,dist): 28 41 3.3544115023546057
list:
dist: 3.3544115023546057 vs. 3.3544115023546057
--------
nle(id0,id1,dist): 28 53 4.079507143366851
list:
dist: 4.079507143366851 vs. 4.079507143366851
--------
nle(id0,id1,dist): 26 27 1.340278470925091
list:
dist: 1.340278470925091 vs. 1.340278470925091
--------
nle(id0,id1,dist): 26 28 2.058398584343154
list:
dist: 2.058398584343154 vs. 2.058398584343154
--------
nle(id0,id1,dist): 26 29 1.8679326683509632
list:
dist: 1.8679326683509632 vs. 1.8679326683509632
--------
nle(id0,id1,dist): 27 29 0.5735556993991204
list:
dist: 0.5735556993991204 vs. 0.5735556993991204
--------
nle(id0,id1,dist): 27 28 1.671766601307035
list:
dist: 1.671766601307035 vs. 1.671766601307035
--------
nle(id0,id1,dist): 24 25 1.409816762463953
list:
dist: 1.409816762463953 vs. 1.409816762463953
--------
nle(id0,id1,dist): 24 26 1.4265302269858495
list:
dist: 1.4265302269858495 vs. 1.4265302269858495
--------
nle(id0,id1,dist): 24 27 1.0695598556022334
list:
dist: 1.0695598556022334 vs. 1.0695598556022334
--------
nle(id0,id1,dist): 24 28 1.0607292650782627
list:
dist: 1.0607292650782627 vs. 1.0607292650782627
--------
nle(id0,id1,dist): 24 29 1.2713987524135122
list:
dist: 1.2713987524135122 vs. 1.2713987524135122
--------
nle(id0,id1,dist): 24 33 3.9325099482845314
list:
dist: 3.9325099482845314 vs. 3.9325099482845314
--------
nle(id0,id1,dist): 24 36 4.585775349164198
list:
dist: 4.585775349164198 vs. 4.585775349164198
--------
nle(id0,id1,dist): 24 41 4.304991117814097
list:
dist: 4.304991117814097 vs. 4.304991117814097
--------
nle(id0,id1,dist): 24 43 3.631191536253659
list:
dist: 3.631191536253659 vs. 3.631191536253659
--------
nle(id0,id1,dist): 24 45 4.844147449096575
list:
dist: 4.844147449096575 vs. 4.844147449096575
--------
nle(id0,id1,dist): 24 51 4.006477976711566
list:
dist: 4.006477976711566 vs. 4.006477976711566
--------
nle(id0,id1,dist): 24 53 4.972134853079843
list:
dist: 4.972134853079843 vs. 4.972134853079843
--------
nle(id0,id1,dist): 25 26 2.3937159806794206
list:
dist: 2.3937159806794206 vs. 2.3937159806794206
--------
nle(id0,id1,dist): 25 27 1.1852424156520072
list:
dist: 1.1852424156520072 vs. 1.1852424156520072
--------
nle(id0,id1,dist): 25 28 1.91555276289548
list:
dist: 1.91555276289548 vs. 1.91555276289548
--------
nle(id0,id1,dist): 25 29 0.9261372735615159
list:
dist: 0.9261372735615159 vs. 0.9261372735615159
--------
nle(id0,id1,dist): 62 79 2.5258703057762752
list:
dist: 2.5258703057762752 vs. 2.5258703057762752
--------
nle(id0,id1,dist): 62 80 2.8372132191162565
list:
dist: 2.8372132191162565 vs. 2.8372132191162565
--------
nle(id0,id1,dist): 62 81 2.35147237969431
list:
dist: 2.35147237969431 vs. 2.35147237969431
--------
nle(id0,id1,dist): 62 82 3.296745837016869
list:
dist: 3.296745837016869 vs. 3.296745837016869
--------
nle(id0,id1,dist): 62 75 2.7437376924301082
list:
dist: 2.7437376924301082 vs. 2.7437376924301082
--------
nle(id0,id1,dist): 62 76 2.30509430105798
list:
dist: 2.30509430105798 vs. 2.30509430105798
--------
nle(id0,id1,dist): 62 77 3.320874632743395
list:
dist: 3.320874632743395 vs. 3.320874632743395
--------
nle(id0,id1,dist): 62 78 2.862858722765056
list:
dist: 2.862858722765056 vs. 2.862858722765056
--------
nle(id0,id1,dist): 62 87 3.627019335860185
list:
dist: 3.627019335860185 vs. 3.627019335860185
--------
nle(id0,id1,dist): 62 88 3.958544280299849
list:
dist: 3.958544280299849 vs. 3.958544280299849
--------
nle(id0,id1,dist): 62 90 4.44438455245431
list:
dist: 4.44438455245431 vs. 4.44438455245431
--------
nle(id0,id1,dist): 62 83 2.479088780395831
list:
dist: 2.479088780395831 vs. 2.479088780395831
--------
nle(id0,id1,dist): 62 84 3.5739530512780524
list:
dist: 3.5739530512780524 vs. 3.5739530512780524
--------
nle(id0,id1,dist): 62 86 3.393329860697753
list:
dist: 3.393329860697753 vs. 3.393329860697753
--------
nle(id0,id1,dist): 62 64 1.650935368663585
list:
dist: 1.650935368663585 vs. 1.650935368663585
--------
nle(id0,id1,dist): 62 63 1.5766118454915936
list:
dist: 1.5766118454915936 vs. 1.5766118454915936
--------
nle(id0,id1,dist): 62 66 1.6834521373661333
list:
dist: 1.6834521373661333 vs. 1.6834521373661333
--------
nle(id0,id1,dist): 62 65 1.7754570828810075
list:
dist: 1.7754570828810075 vs. 1.7754570828810075
--------
nle(id0,id1,dist): 61 96 3.9924691567249906
list:
dist: 3.9924691567249906 vs. 3.9924691567249906
--------
nle(id0,id1,dist): 62 72 1.2989014638123098
list:
dist: 1.2989014638123098 vs. 1.2989014638123098
--------
nle(id0,id1,dist): 62 71 0.8843699026085613
list:
dist: 0.8843699026085613 vs. 0.8843699026085613
--------
nle(id0,id1,dist): 62 74 1.8586917985205083
list:
dist: 1.8586917985205083 vs. 1.8586917985205083
--------
nle(id0,id1,dist): 62 73 1.8951197975479763
list:
dist: 1.8951197975479763 vs. 1.8951197975479763
--------
nle(id0,id1,dist): 62 68 1.241733470151034
list:
dist: 1.241733470151034 vs. 1.241733470151034
--------
nle(id0,id1,dist): 62 67 2.248243129554697
list:
dist: 2.248243129554697 vs. 2.248243129554697
--------
nle(id0,id1,dist): 62 70 1.7865408067472386
list:
dist: 1.7865408067472386 vs. 1.7865408067472386
--------
nle(id0,id1,dist): 62 69 2.360651947985353
list:
dist: 2.360651947985353 vs. 2.360651947985353
--------
nle(id0,id1,dist): 61 86 2.4898816046961425
list:
dist: 2.4898816046961425 vs. 2.4898816046961425
--------
nle(id0,id1,dist): 61 87 3.4528693358053157
list:
dist: 3.4528693358053157 vs. 3.4528693358053157
--------
nle(id0,id1,dist): 61 84 3.5018206579067424
list:
dist: 3.5018206579067424 vs. 3.5018206579067424
--------
nle(id0,id1,dist): 61 82 2.5689607878569527
list:
dist: 2.5689607878569527 vs. 2.5689607878569527
--------
nle(id0,id1,dist): 61 83 1.942156416397747
list:
dist: 1.942156416397747 vs. 1.942156416397747
--------
nle(id0,id1,dist): 61 80 2.710257693456301
list:
dist: 2.710257693456301 vs. 2.710257693456301
--------
nle(id0,id1,dist): 61 81 1.5022043610962368
list:
dist: 1.5022043610962368 vs. 1.5022043610962368
--------
nle(id0,id1,dist): 61 94 3.8598214509372077
list:
dist: 3.8598214509372077 vs. 3.8598214509372077
--------
nle(id0,id1,dist): 61 88 3.0856121481223666
list:
dist: 3.0856121481223666 vs. 3.0856121481223666
--------
nle(id0,id1,dist): 61 71 0.7579427895997537
list:
dist: 0.7579427895997537 vs. 0.7579427895997537
--------
nle(id0,id1,dist): 61 70 1.5329505518510822
list:
dist: 1.5329505518510822 vs. 1.5329505518510822
--------
nle(id0,id1,dist): 61 69 1.4903120950975117
list:
dist: 1.4903120950975117 vs. 1.4903120950975117
--------
nle(id0,id1,dist): 61 68 0.959904373512855
list:
dist: 0.959904373512855 vs. 0.959904373512855
--------
nle(id0,id1,dist): 61 67 1.4609331653605848
list:
dist: 1.4609331653605848 vs. 1.4609331653605848
--------
nle(id0,id1,dist): 61 66 1.7484400114249488
list:
dist: 1.7484400114249488 vs. 1.7484400114249488
--------
nle(id0,id1,dist): 61 65 1.6575531918200799
list:
dist: 1.6575531918200799 vs. 1.6575531918200799
--------
nle(id0,id1,dist): 61 64 1.750566384771585
list:
dist: 1.750566384771585 vs. 1.750566384771585
--------
nle(id0,id1,dist): 61 79 1.5139294713091171
list:
dist: 1.5139294713091171 vs. 1.5139294713091171
--------
nle(id0,id1,dist): 61 78 1.9604409445210806
list:
dist: 1.9604409445210806 vs. 1.9604409445210806
--------
nle(id0,id1,dist): 61 77 2.9413450515273607
list:
dist: 2.9413450515273607 vs. 2.9413450515273607
--------
nle(id0,id1,dist): 61 76 1.7537535599355478
list:
dist: 1.7537535599355478 vs. 1.7537535599355478
--------
nle(id0,id1,dist): 61 75 1.649069185491352
list:
dist: 1.649069185491352 vs. 1.649069185491352
--------
nle(id0,id1,dist): 61 74 1.6650002301421258
list:
dist: 1.6650002301421258 vs. 1.6650002301421258
--------
nle(id0,id1,dist): 61 73 0.9151446617187058
list:
dist: 0.9151446617187058 vs. 0.9151446617187058
--------
nle(id0,id1,dist): 61 72 1.6429933882609666
list:
dist: 1.6429933882609666 vs. 1.6429933882609666
--------
nle(id0,id1,dist): 64 65 2.6006305928896127
list:
dist: 2.6006305928896127 vs. 2.6006305928896127
--------
nle(id0,id1,dist): 64 66 0.3375156113993779
list:
dist: 0.3375156113993779 vs. 0.3375156113993779
--------
nle(id0,id1,dist): 64 67 1.8928987778838136
list:
dist: 1.8928987778838136 vs. 1.8928987778838136
--------
nle(id0,id1,dist): 64 68 1.8207304870361722
list:
dist: 1.8207304870361722 vs. 1.8207304870361722
--------
nle(id0,id1,dist): 64 69 3.1059006849789585
list:
dist: 3.1059006849789585 vs. 3.1059006849789585
--------
nle(id0,id1,dist): 64 70 1.2751969127487763
list:
dist: 1.2751969127487763 vs. 1.2751969127487763
--------
nle(id0,id1,dist): 64 71 1.0646027678995744
list:
dist: 1.0646027678995744 vs. 1.0646027678995744
--------
nle(id0,id1,dist): 64 72 1.6684394929039654
list:
dist: 1.6684394929039654 vs. 1.6684394929039654
--------
nle(id0,id1,dist): 64 73 1.5069505897185043
list:
dist: 1.5069505897185043 vs. 1.5069505897185043
--------
nle(id0,id1,dist): 64 74 0.48540505822282554
list:
dist: 0.48540505822282554 vs. 0.48540505822282554
--------
nle(id0,id1,dist): 64 75 2.1843501402346486
list:
dist: 2.1843501402346486 vs. 2.1843501402346486
--------
nle(id0,id1,dist): 64 76 1.2538462591369826
list:
dist: 1.2538462591369826 vs. 1.2538462591369826
--------
nle(id0,id1,dist): 64 77 1.8256653108921477
list:
dist: 1.8256653108921477 vs. 1.8256653108921477
--------
nle(id0,id1,dist): 64 78 1.9923888018419247
list:
dist: 1.9923888018419247 vs. 1.9923888018419247
--------
nle(id0,id1,dist): 64 79 2.6069797635981287
list:
dist: 2.6069797635981287 vs. 2.6069797635981287
--------
nle(id0,id1,dist): 64 80 1.1894100444518816
list:
dist: 1.1894100444518816 vs. 1.1894100444518816
--------
nle(id0,id1,dist): 63 87 4.348167790412238
list:
dist: 4.348167790412238 vs. 4.348167790412238
--------
nle(id0,id1,dist): 63 86 3.1826909262233065
list:
dist: 3.1826909262233065 vs. 3.1826909262233065
--------
nle(id0,id1,dist): 63 88 3.7481036741053066
list:
dist: 3.7481036741053066 vs. 3.7481036741053066
--------
nle(id0,id1,dist): 63 94 4.224024633229561
list:
dist: 4.224024633229561 vs. 4.224024633229561
--------
nle(id0,id1,dist): 63 96 4.552724850400166
list:
dist: 4.552724850400166 vs. 4.552724850400166
--------
nle(id0,id1,dist): 63 72 2.009452758034802
list:
dist: 2.009452758034802 vs. 2.009452758034802
--------
nle(id0,id1,dist): 63 73 1.69402675030086
list:
dist: 1.69402675030086 vs. 1.69402675030086
--------
nle(id0,id1,dist): 63 70 2.172695220027527
list:
dist: 2.172695220027527 vs. 2.172695220027527
--------
nle(id0,id1,dist): 63 71 1.5466523479203076
list:
dist: 1.5466523479203076 vs. 1.5466523479203076
--------
nle(id0,id1,dist): 63 76 2.621277673225955
list:
dist: 2.621277673225955 vs. 2.621277673225955
--------
nle(id0,id1,dist): 63 77 3.8261387452205433
list:
dist: 3.8261387452205433 vs. 3.8261387452205433
--------
nle(id0,id1,dist): 63 74 2.5257267331471334
list:
dist: 2.5257267331471334 vs. 2.5257267331471334
--------
nle(id0,id1,dist): 63 75 2.257642155020185
list:
dist: 2.257642155020185 vs. 2.257642155020185
--------
nle(id0,id1,dist): 63 80 3.5931099625609257
list:
dist: 3.5931099625609257 vs. 3.5931099625609257
--------
nle(id0,id1,dist): 63 81 2.122056360229888
list:
dist: 2.122056360229888 vs. 2.122056360229888
--------
nle(id0,id1,dist): 63 78 2.7027189984969366
list:
dist: 2.7027189984969366 vs. 2.7027189984969366
--------
nle(id0,id1,dist): 63 79 1.8456530966220985
list:
dist: 1.8456530966220985 vs. 1.8456530966220985
--------
nle(id0,id1,dist): 63 84 4.3458999971754455
list:
dist: 4.3458999971754455 vs. 4.3458999971754455
--------
nle(id0,id1,dist): 63 82 3.3789480386081774
list:
dist: 3.3789480386081774 vs. 3.3789480386081774
--------
nle(id0,id1,dist): 63 83 2.8072562821913203
list:
dist: 2.8072562821913203 vs. 2.8072562821913203
--------
nle(id0,id1,dist): 62 94 3.104108868079585
list:
dist: 3.104108868079585 vs. 3.104108868079585
--------
nle(id0,id1,dist): 62 91 3.588614475122993
list:
dist: 3.588614475122993 vs. 3.588614475122993
--------
nle(id0,id1,dist): 62 96 3.493441587205884
list:
dist: 3.493441587205884 vs. 3.493441587205884
--------
nle(id0,id1,dist): 62 95 3.73454289136702
list:
dist: 3.73454289136702 vs. 3.73454289136702
--------
nle(id0,id1,dist): 62 102 4.629965949689164
list:
dist: 4.629965949689164 vs. 4.629965949689164
--------
nle(id0,id1,dist): 63 65 1.4832255924291364
list:
dist: 1.4832255924291364 vs. 1.4832255924291364
--------
nle(id0,id1,dist): 63 64 2.5988730804456215
list:
dist: 2.5988730804456215 vs. 2.5988730804456215
--------
nle(id0,id1,dist): 62 99 3.7731908624430774
list:
dist: 3.7731908624430774 vs. 3.7731908624430774
--------
nle(id0,id1,dist): 63 69 1.178439819755627
list:
dist: 1.178439819755627 vs. 1.178439819755627
--------
nle(id0,id1,dist): 63 68 1.462733222511982
list:
dist: 1.462733222511982 vs. 1.462733222511982
--------
nle(id0,id1,dist): 63 67 2.1481423585329074
list:
dist: 2.1481423585329074 vs. 2.1481423585329074
--------
nle(id0,id1,dist): 63 66 2.6122385428100867
list:
dist: 2.6122385428100867 vs. 2.6122385428100867
--------
nle(id0,id1,dist): 58 59 0.9337938216635394
list:
dist: 0.9337938216635394 vs. 0.9337938216635394
--------
nle(id0,id1,dist): 61 63 0.8992195062074488
list:
dist: 0.8992195062074488 vs. 0.8992195062074488
--------
nle(id0,id1,dist): 61 62 1.2328315165573351
list:
dist: 1.2328315165573351 vs. 1.2328315165573351
--------
nle(id0,id1,dist): 60 86 3.785550280621142
list:
dist: 3.785550280621142 vs. 3.785550280621142
--------
nle(id0,id1,dist): 60 88 4.430148028546523
list:
dist: 4.430148028546523 vs. 4.430148028546523
--------
nle(id0,id1,dist): 60 87 3.957279677411291
list:
dist: 3.957279677411291 vs. 3.957279677411291
--------
nle(id0,id1,dist): 60 77 3.802909906928954
list:
dist: 3.802909906928954 vs. 3.802909906928954
--------
nle(id0,id1,dist): 60 78 3.1947260388158063
list:
dist: 3.1947260388158063 vs. 3.1947260388158063
--------
nle(id0,id1,dist): 60 79 3.174496975452434
list:
dist: 3.174496975452434 vs. 3.174496975452434
--------
nle(id0,id1,dist): 60 80 3.095608317475738
list:
dist: 3.095608317475738 vs. 3.095608317475738
--------
nle(id0,id1,dist): 60 81 1.8964437916844414
list:
dist: 1.8964437916844414 vs. 1.8964437916844414
--------
nle(id0,id1,dist): 60 82 3.513909880449847
list:
dist: 3.513909880449847 vs. 3.513909880449847
--------
nle(id0,id1,dist): 60 83 2.6441413798723743
list:
dist: 2.6441413798723743 vs. 2.6441413798723743
--------
nle(id0,id1,dist): 60 84 3.52594386401973
list:
dist: 3.52594386401973 vs. 3.52594386401973
--------
nle(id0,id1,dist): 60 69 2.932203570740901
list:
dist: 2.932203570740901 vs. 2.932203570740901
--------
nle(id0,id1,dist): 60 70 1.2571227704400294
list:
dist: 1.2571227704400294 vs. 1.2571227704400294
--------
nle(id0,id1,dist): 60 71 1.6267788222369686
list:
dist: 1.6267788222369686 vs. 1.6267788222369686
--------
nle(id0,id1,dist): 60 72 0.6585167989050349
list:
dist: 0.6585167989050349 vs. 0.6585167989050349
--------
nle(id0,id1,dist): 60 73 2.01532546362596
list:
dist: 2.01532546362596 vs. 2.01532546362596
--------
nle(id0,id1,dist): 60 74 2.1070637055920147
list:
dist: 2.1070637055920147 vs. 2.1070637055920147
--------
nle(id0,id1,dist): 60 75 2.832238309561885
list:
dist: 2.832238309561885 vs. 2.832238309561885
--------
nle(id0,id1,dist): 60 76 2.9263007738778883
list:
dist: 2.9263007738778883 vs. 2.9263007738778883
--------
nle(id0,id1,dist): 60 64 2.2181086649298916
list:
dist: 2.2181086649298916 vs. 2.2181086649298916
--------
nle(id0,id1,dist): 60 63 1.8091265121371018
list:
dist: 1.8091265121371018 vs. 1.8091265121371018
--------
nle(id0,id1,dist): 60 62 1.633884604667762
list:
dist: 1.633884604667762 vs. 1.633884604667762
--------
nle(id0,id1,dist): 60 61 1.7039128766981575
list:
dist: 1.7039128766981575 vs. 1.7039128766981575
--------
nle(id0,id1,dist): 60 68 2.4603869776581395
list:
dist: 2.4603869776581395 vs. 2.4603869776581395
--------
nle(id0,id1,dist): 60 67 3.041305376438675
list:
dist: 3.041305376438675 vs. 3.041305376438675
--------
nle(id0,id1,dist): 60 66 2.4521398354411414
list:
dist: 2.4521398354411414 vs. 2.4521398354411414
--------
nle(id0,id1,dist): 60 65 0.5725570871758223
list:
dist: 0.5725570871758223 vs. 0.5725570871758223
--------
nle(id0,id1,dist): 68 96 3.139122806243771
list:
dist: 3.139122806243771 vs. 3.139122806243771
--------
nle(id0,id1,dist): 68 94 3.009321513801486
list:
dist: 3.009321513801486 vs. 3.009321513801486
--------
nle(id0,id1,dist): 69 71 2.175758392630034
list:
dist: 2.175758392630034 vs. 2.175758392630034
--------
nle(id0,id1,dist): 69 70 2.9737350999638457
list:
dist: 2.9737350999638457 vs. 2.9737350999638457
--------
nle(id0,id1,dist): 69 78 2.5445678385480326
list:
dist: 2.5445678385480326 vs. 2.5445678385480326
--------
nle(id0,id1,dist): 69 79 1.1511824477508177
list:
dist: 1.1511824477508177 vs. 1.1511824477508177
--------
nle(id0,id1,dist): 69 76 2.650671355740757
list:
dist: 2.650671355740757 vs. 2.650671355740757
--------
nle(id0,id1,dist): 69 77 3.8647726847531776
list:
dist: 3.8647726847531776 vs. 3.8647726847531776
--------
nle(id0,id1,dist): 69 74 3.0325270568119946
list:
dist: 3.0325270568119946 vs. 3.0325270568119946
--------
nle(id0,id1,dist): 69 75 2.1620774090478876
list:
dist: 2.1620774090478876 vs. 2.1620774090478876
--------
nle(id0,id1,dist): 69 72 3.0431642324003128
list:
dist: 3.0431642324003128 vs. 3.0431642324003128
--------
nle(id0,id1,dist): 69 73 2.016942070173687
list:
dist: 2.016942070173687 vs. 2.016942070173687
--------
nle(id0,id1,dist): 69 86 2.8441825113353287
list:
dist: 2.8441825113353287 vs. 2.8441825113353287
--------
nle(id0,id1,dist): 69 87 4.570250747613793
list:
dist: 4.570250747613793 vs. 4.570250747613793
--------
nle(id0,id1,dist): 69 84 4.815974267826288
list:
dist: 4.815974267826288 vs. 4.815974267826288
--------
nle(id0,id1,dist): 69 82 3.349818504183525
list:
dist: 3.349818504183525 vs. 3.349818504183525
--------
nle(id0,id1,dist): 69 83 3.0823270594097383
list:
dist: 3.0823270594097383 vs. 3.0823270594097383
--------
nle(id0,id1,dist): 69 80 3.961600325145398
list:
dist: 3.961600325145398 vs. 3.961600325145398
--------
nle(id0,id1,dist): 69 81 2.6151507826828797
list:
dist: 2.6151507826828797 vs. 2.6151507826828797
--------
nle(id0,id1,dist): 66 135 5.039535524010244
list:
dist: 5.039535524010244 vs. 5.039535524010244
--------
nle(id0,id1,dist): 68 74 1.941198230234887
list:
dist: 1.941198230234887 vs. 1.941198230234887
--------
nle(id0,id1,dist): 68 73 1.515631392890762
list:
dist: 1.515631392890762 vs. 1.515631392890762
--------
nle(id0,id1,dist): 68 76 1.6908808079497417
list:
dist: 1.6908808079497417 vs. 1.6908808079497417
--------
nle(id0,id1,dist): 68 75 2.064433221880511
list:
dist: 2.064433221880511 vs. 2.064433221880511
--------
nle(id0,id1,dist): 68 70 2.208769470421589
list:
dist: 2.208769470421589 vs. 2.208769470421589
--------
nle(id0,id1,dist): 68 69 1.5392235057919652
list:
dist: 1.5392235057919652 vs. 1.5392235057919652
--------
nle(id0,id1,dist): 68 72 2.2283471742572516
list:
dist: 2.2283471742572516 vs. 2.2283471742572516
--------
nle(id0,id1,dist): 68 71 1.0553631430324557
list:
dist: 1.0553631430324557 vs. 1.0553631430324557
--------
nle(id0,id1,dist): 68 81 2.2588541605297494
list:
dist: 2.2588541605297494 vs. 2.2588541605297494
--------
nle(id0,id1,dist): 68 82 2.731122255171201
list:
dist: 2.731122255171201 vs. 2.731122255171201
--------
nle(id0,id1,dist): 68 83 2.2176690728063444
list:
dist: 2.2176690728063444 vs. 2.2176690728063444
--------
nle(id0,id1,dist): 68 84 3.726644326427234
list:
dist: 3.726644326427234 vs. 3.726644326427234
--------
nle(id0,id1,dist): 68 77 2.8728763221276146
list:
dist: 2.8728763221276146 vs. 2.8728763221276146
--------
nle(id0,id1,dist): 68 78 2.1111957819778633
list:
dist: 2.1111957819778633 vs. 2.1111957819778633
--------
nle(id0,id1,dist): 68 79 1.4220563620956947
list:
dist: 1.4220563620956947 vs. 1.4220563620956947
--------
nle(id0,id1,dist): 68 80 2.8206026146815497
list:
dist: 2.8206026146815497 vs. 2.8206026146815497
--------
nle(id0,id1,dist): 68 86 2.5275463529792845
list:
dist: 2.5275463529792845 vs. 2.5275463529792845
--------
nle(id0,id1,dist): 68 87 3.4573878515380563
list:
dist: 3.4573878515380563 vs. 3.4573878515380563
--------
nle(id0,id1,dist): 68 88 3.0137666317811886
list:
dist: 3.0137666317811886 vs. 3.0137666317811886
--------
nle(id0,id1,dist): 70 86 2.8002296065415027
list:
dist: 2.8002296065415027 vs. 2.8002296065415027
--------
nle(id0,id1,dist): 70 84 2.366901234185029
list:
dist: 2.366901234185029 vs. 2.366901234185029
--------
nle(id0,id1,dist): 70 83 1.44653476320816
list:
dist: 1.44653476320816 vs. 1.44653476320816
--------
nle(id0,id1,dist): 70 88 3.433861600080132
list:
dist: 3.433861600080132 vs. 3.433861600080132
--------
nle(id0,id1,dist): 70 87 2.7421834731500314
list:
dist: 2.7421834731500314 vs. 2.7421834731500314
--------
nle(id0,id1,dist): 71 72 1.2760129854706366
list:
dist: 1.2760129854706366 vs. 1.2760129854706366
--------
nle(id0,id1,dist): 71 73 1.0601307396757997
list:
dist: 1.0601307396757997 vs. 1.0601307396757997
--------
nle(id0,id1,dist): 71 76 1.5129145332708456
list:
dist: 1.5129145332708456 vs. 1.5129145332708456
--------
nle(id0,id1,dist): 71 77 2.5686829891600995
list:
dist: 2.5686829891600995 vs. 2.5686829891600995
--------
nle(id0,id1,dist): 71 74 1.1115968607577167
list:
dist: 1.1115968607577167 vs. 1.1115968607577167
--------
nle(id0,id1,dist): 71 75 1.9210798056946925
list:
dist: 1.9210798056946925 vs. 1.9210798056946925
--------
nle(id0,id1,dist): 69 88 3.2728729088804336
list:
dist: 3.2728729088804336 vs. 3.2728729088804336
--------
nle(id0,id1,dist): 69 94 4.25138610720205
list:
dist: 4.25138610720205 vs. 4.25138610720205
--------
nle(id0,id1,dist): 69 96 4.444278451290974
list:
dist: 4.444278451290974 vs. 4.444278451290974
--------
nle(id0,id1,dist): 70 71 1.1932511233820475
list:
dist: 1.1932511233820475 vs. 1.1932511233820475
--------
nle(id0,id1,dist): 70 72 0.9804185957115124
list:
dist: 0.9804185957115124 vs. 0.9804185957115124
--------
nle(id0,id1,dist): 70 73 1.2543379567363515
list:
dist: 1.2543379567363515 vs. 1.2543379567363515
--------
nle(id0,id1,dist): 70 74 0.9804962266486082
list:
dist: 0.9804962266486082 vs. 0.9804962266486082
--------
nle(id0,id1,dist): 70 75 2.0235011514123005
list:
dist: 2.0235011514123005 vs. 2.0235011514123005
--------
nle(id0,id1,dist): 70 76 1.9178174846397573
list:
dist: 1.9178174846397573 vs. 1.9178174846397573
--------
nle(id0,id1,dist): 70 77 2.6083306383212173
list:
dist: 2.6083306383212173 vs. 2.6083306383212173
--------
nle(id0,id1,dist): 70 78 2.215621737407359
list:
dist: 2.215621737407359 vs. 2.215621737407359
--------
nle(id0,id1,dist): 70 79 2.732277287434962
list:
dist: 2.732277287434962 vs. 2.732277287434962
--------
nle(id0,id1,dist): 70 80 1.899639958731429
list:
dist: 1.899639958731429 vs. 1.899639958731429
--------
nle(id0,id1,dist): 70 81 1.012968541741984
list:
dist: 1.012968541741984 vs. 1.012968541741984
--------
nle(id0,id1,dist): 70 82 2.352617560953997
list:
dist: 2.352617560953997 vs. 2.352617560953997
--------
nle(id0,id1,dist): 65 88 4.515411111313248
list:
dist: 4.515411111313248 vs. 4.515411111313248
--------
nle(id0,id1,dist): 65 86 3.8767490204053807
list:
dist: 3.8767490204053807 vs. 3.8767490204053807
--------
nle(id0,id1,dist): 65 87 4.363489932791383
list:
dist: 4.363489932791383 vs. 4.363489932791383
--------
nle(id0,id1,dist): 65 84 4.001404937247452
list:
dist: 4.001404937247452 vs. 4.001404937247452
--------
nle(id0,id1,dist): 64 122 5.185003126560054
list:
dist: 5.185003126560054 vs. 5.185003126560054
--------
nle(id0,id1,dist): 65 82 3.72890818980603
list:
dist: 3.72890818980603 vs. 3.72890818980603
--------
nle(id0,id1,dist): 65 83 2.933625263880075
list:
dist: 2.933625263880075 vs. 2.933625263880075
--------
nle(id0,id1,dist): 65 80 3.5131453428826696
list:
dist: 3.5131453428826696 vs. 3.5131453428826696
--------
nle(id0,id1,dist): 65 81 2.045245951289891
list:
dist: 2.045245951289891 vs. 2.045245951289891
--------
nle(id0,id1,dist): 65 78 3.3036379041277306
list:
dist: 3.3036379041277306 vs. 3.3036379041277306
--------
nle(id0,id1,dist): 65 79 3.0556243515415207
list:
dist: 3.0556243515415207 vs. 3.0556243515415207
--------
nle(id0,id1,dist): 65 76 3.132867912436875
list:
dist: 3.132867912436875 vs. 3.132867912436875
--------
nle(id0,id1,dist): 65 77 4.115272560698585
list:
dist: 4.115272560698585 vs. 4.115272560698585
--------
nle(id0,id1,dist): 66 70 1.545902308909863
list:
dist: 1.545902308909863 vs. 1.545902308909863
--------
nle(id0,id1,dist): 66 69 3.002009650098986
list:
dist: 3.002009650098986 vs. 3.002009650098986
--------
nle(id0,id1,dist): 66 68 1.6585631051218372
list:
dist: 1.6585631051218372 vs. 1.6585631051218372
--------
nle(id0,id1,dist): 66 67 1.678073206483603
list:
dist: 1.678073206483603 vs. 1.678073206483603
--------
nle(id0,id1,dist): 64 135 4.920409223849017
list:
dist: 4.920409223849017 vs. 4.920409223849017
--------
nle(id0,id1,dist): 64 94 3.4934937214551782
list:
dist: 3.4934937214551782 vs. 3.4934937214551782
--------
nle(id0,id1,dist): 64 95 3.8832997509245306
list:
dist: 3.8832997509245306 vs. 3.8832997509245306
--------
nle(id0,id1,dist): 64 96 3.3078047822268863
list:
dist: 3.3078047822268863 vs. 3.3078047822268863
--------
nle(id0,id1,dist): 64 89 2.320265117269803
list:
dist: 2.320265117269803 vs. 2.320265117269803
--------
nle(id0,id1,dist): 64 85 2.5559200158332596
list:
dist: 2.5559200158332596 vs. 2.5559200158332596
--------
nle(id0,id1,dist): 64 86 2.4936493789669667
list:
dist: 2.4936493789669667 vs. 2.4936493789669667
--------
nle(id0,id1,dist): 64 87 1.9874184823771
list:
dist: 1.9874184823771 vs. 1.9874184823771
--------
nle(id0,id1,dist): 64 88 3.031327332218916
list:
dist: 3.031327332218916 vs. 3.031327332218916
--------
nle(id0,id1,dist): 64 81 1.7756755974463405
list:
dist: 1.7756755974463405 vs. 1.7756755974463405
--------
nle(id0,id1,dist): 64 82 2.034511968689379
list:
dist: 2.034511968689379 vs. 2.034511968689379
--------
nle(id0,id1,dist): 64 83 1.150564730273346
list:
dist: 1.150564730273346 vs. 1.150564730273346
--------
nle(id0,id1,dist): 64 84 1.9882675178119509
list:
dist: 1.9882675178119509 vs. 1.9882675178119509
--------
nle(id0,id1,dist): 65 73 2.103703706412601
list:
dist: 2.103703706412601 vs. 2.103703706412601
--------
nle(id0,id1,dist): 65 72 1.1689903763242695
list:
dist: 1.1689903763242695 vs. 1.1689903763242695
--------
nle(id0,id1,dist): 65 75 2.852489160680101
list:
dist: 2.852489160680101 vs. 2.852489160680101
--------
nle(id0,id1,dist): 65 74 2.473779992771332
list:
dist: 2.473779992771332 vs. 2.473779992771332
--------
nle(id0,id1,dist): 65 69 2.6363547219950285
list:
dist: 2.6363547219950285 vs. 2.6363547219950285
--------
nle(id0,id1,dist): 65 68 2.4606803822109726
list:
dist: 2.4606803822109726 vs. 2.4606803822109726
--------
nle(id0,id1,dist): 65 71 1.8213024629957892
list:
dist: 1.8213024629957892 vs. 1.8213024629957892
--------
nle(id0,id1,dist): 65 70 1.6549287673159203
list:
dist: 1.6549287673159203 vs. 1.6549287673159203
--------
nle(id0,id1,dist): 65 67 3.083659575303627
list:
dist: 3.083659575303627 vs. 3.083659575303627
--------
nle(id0,id1,dist): 65 66 2.7908933468756607
list:
dist: 2.7908933468756607 vs. 2.7908933468756607
--------
nle(id0,id1,dist): 64 99 3.8948012693043297
list:
dist: 3.8948012693043297 vs. 3.8948012693043297
--------
nle(id0,id1,dist): 67 76 0.9392435264550822
list:
dist: 0.9392435264550822 vs. 0.9392435264550822
--------
nle(id0,id1,dist): 67 77 2.0747697994258534
list:
dist: 2.0747697994258534 vs. 2.0747697994258534
--------
nle(id0,id1,dist): 67 74 1.822785093502019
list:
dist: 1.822785093502019 vs. 1.822785093502019
--------
nle(id0,id1,dist): 67 75 1.223580073440072
list:
dist: 1.223580073440072 vs. 1.223580073440072
--------
nle(id0,id1,dist): 67 80 2.4116661411156524
list:
dist: 2.4116661411156524 vs. 2.4116661411156524
--------
nle(id0,id1,dist): 67 81 1.952336940278208
list:
dist: 1.952336940278208 vs. 1.952336940278208
--------
nle(id0,id1,dist): 67 78 1.0415839016795838
list:
dist: 1.0415839016795838 vs. 1.0415839016795838
--------
nle(id0,id1,dist): 67 79 0.8794535185180613
list:
dist: 0.8794535185180613 vs. 0.8794535185180613
--------
nle(id0,id1,dist): 67 68 1.2111960886347526
list:
dist: 1.2111960886347526 vs. 1.2111960886347526
--------
nle(id0,id1,dist): 67 69 1.842680565038616
list:
dist: 1.842680565038616 vs. 1.842680565038616
--------
nle(id0,id1,dist): 67 72 2.814164792714633
list:
dist: 2.814164792714633 vs. 2.814164792714633
--------
nle(id0,id1,dist): 67 73 1.2275848964047062
list:
dist: 1.2275848964047062 vs. 1.2275848964047062
--------
nle(id0,id1,dist): 67 70 2.3365167515667866
list:
dist: 2.3365167515667866 vs. 2.3365167515667866
--------
nle(id0,id1,dist): 67 71 1.5901290103435
list:
dist: 1.5901290103435 vs. 1.5901290103435
--------
nle(id0,id1,dist): 67 96 3.3922294603112984
list:
dist: 3.3922294603112984 vs. 3.3922294603112984
--------
nle(id0,id1,dist): 67 94 3.6789117018205446
list:
dist: 3.6789117018205446 vs. 3.6789117018205446
--------
nle(id0,id1,dist): 67 85 2.4617578816561307
list:
dist: 2.4617578816561307 vs. 2.4617578816561307
--------
nle(id0,id1,dist): 66 122 5.383647548252198
list:
dist: 5.383647548252198 vs. 5.383647548252198
--------
nle(id0,id1,dist): 67 84 3.330913858632213
list:
dist: 3.330913858632213 vs. 3.330913858632213
--------
nle(id0,id1,dist): 67 83 1.6341240566507047
list:
dist: 1.6341240566507047 vs. 1.6341240566507047
--------
nle(id0,id1,dist): 67 82 1.7417988175347712
list:
dist: 1.7417988175347712 vs. 1.7417988175347712
--------
nle(id0,id1,dist): 67 89 2.469999081015168
list:
dist: 2.469999081015168 vs. 2.469999081015168
--------
nle(id0,id1,dist): 67 88 1.8042493033898301
list:
dist: 1.8042493033898301 vs. 1.8042493033898301
--------
nle(id0,id1,dist): 67 87 2.8532210678863446
list:
dist: 2.8532210678863446 vs. 2.8532210678863446
--------
nle(id0,id1,dist): 67 86 1.3407271312244708
list:
dist: 1.3407271312244708 vs. 1.3407271312244708
--------
nle(id0,id1,dist): 66 79 2.4411615788049015
list:
dist: 2.4411615788049015 vs. 2.4411615788049015
--------
nle(id0,id1,dist): 66 80 1.2551714809434726
list:
dist: 1.2551714809434726 vs. 1.2551714809434726
--------
nle(id0,id1,dist): 66 81 1.9157539242434074
list:
dist: 1.9157539242434074 vs. 1.9157539242434074
--------
nle(id0,id1,dist): 66 82 1.958607991337007
list:
dist: 1.958607991337007 vs. 1.958607991337007
--------
nle(id0,id1,dist): 66 83 1.1786884091843242
list:
dist: 1.1786884091843242 vs. 1.1786884091843242
--------
nle(id0,id1,dist): 66 84 2.1373661357130915
list:
dist: 2.1373661357130915 vs. 2.1373661357130915
--------
nle(id0,id1,dist): 66 85 2.53187543516314
list:
dist: 2.53187543516314 vs. 2.53187543516314
--------
nle(id0,id1,dist): 66 86 2.339041524003883
list:
dist: 2.339041524003883 vs. 2.339041524003883
--------
nle(id0,id1,dist): 66 71 1.100465513297656
list:
dist: 1.100465513297656 vs. 1.100465513297656
--------
nle(id0,id1,dist): 66 72 1.9205013822865007
list:
dist: 1.9205013822865007 vs. 1.9205013822865007
--------
nle(id0,id1,dist): 66 73 1.5255935992744187
list:
dist: 1.5255935992744187 vs. 1.5255935992744187
--------
nle(id0,id1,dist): 66 74 0.6922955825143958
list:
dist: 0.6922955825143958 vs. 0.6922955825143958
--------
nle(id0,id1,dist): 66 75 2.136408810936717
list:
dist: 2.136408810936717 vs. 2.136408810936717
--------
nle(id0,id1,dist): 66 76 1.0608417431305865
list:
dist: 1.0608417431305865 vs. 1.0608417431305865
--------
nle(id0,id1,dist): 66 77 1.6947643591810784
list:
dist: 1.6947643591810784 vs. 1.6947643591810784
--------
nle(id0,id1,dist): 66 78 1.874249603987711
list:
dist: 1.874249603987711 vs. 1.874249603987711
--------
nle(id0,id1,dist): 66 96 3.0291594881697974
list:
dist: 3.0291594881697974 vs. 3.0291594881697974
--------
nle(id0,id1,dist): 66 95 3.683042925368188
list:
dist: 3.683042925368188 vs. 3.683042925368188
--------
nle(id0,id1,dist): 66 99 3.6585937528022665
list:
dist: 3.6585937528022665 vs. 3.6585937528022665
--------
nle(id0,id1,dist): 66 88 2.8456358611896984
list:
dist: 2.8456358611896984 vs. 2.8456358611896984
--------
nle(id0,id1,dist): 66 87 1.9644625918078762
list:
dist: 1.9644625918078762 vs. 1.9644625918078762
--------
nle(id0,id1,dist): 66 89 2.218382611875885
list:
dist: 2.218382611875885 vs. 2.218382611875885
--------
nle(id0,id1,dist): 66 94 3.2705280607544163
list:
dist: 3.2705280607544163 vs. 3.2705280607544163
--------
nle(id0,id1,dist): 48 51 1.8106919520015814
list:
dist: 1.8106919520015814 vs. 1.8106919520015814
--------
nle(id0,id1,dist): 48 52 1.1434690611938036
list:
dist: 1.1434690611938036 vs. 1.1434690611938036
--------
nle(id0,id1,dist): 48 49 1.0942537672107384
list:
dist: 1.0942537672107384 vs. 1.0942537672107384
--------
nle(id0,id1,dist): 48 50 1.3163351691206187
list:
dist: 1.3163351691206187 vs. 1.3163351691206187
--------
nle(id0,id1,dist): 48 55 1.0187431290218971
list:
dist: 1.0187431290218971 vs. 1.0187431290218971
--------
nle(id0,id1,dist): 48 56 0.7985671902913285
list:
dist: 0.7985671902913285 vs. 0.7985671902913285
--------
nle(id0,id1,dist): 48 53 1.1308968730242315
list:
dist: 1.1308968730242315 vs. 1.1308968730242315
--------
nle(id0,id1,dist): 48 54 1.6511188517623392
list:
dist: 1.6511188517623392 vs. 1.6511188517623392
--------
nle(id0,id1,dist): 48 59 1.3545494319398654
list:
dist: 1.3545494319398654 vs. 1.3545494319398654
--------
nle(id0,id1,dist): 48 57 0.4768962885316428
list:
dist: 0.4768962885316428 vs. 0.4768962885316428
--------
nle(id0,id1,dist): 48 58 1.3376433274322885
list:
dist: 1.3376433274322885 vs. 1.3376433274322885
--------
nle(id0,id1,dist): 49 50 1.9539300260605463
list:
dist: 1.9539300260605463 vs. 1.9539300260605463
--------
nle(id0,id1,dist): 49 51 1.9832553590573672
list:
dist: 1.9832553590573672 vs. 1.9832553590573672
--------
nle(id0,id1,dist): 49 52 1.927728845515008
list:
dist: 1.927728845515008 vs. 1.927728845515008
--------
nle(id0,id1,dist): 49 53 1.0632481123610633
list:
dist: 1.0632481123610633 vs. 1.0632481123610633
--------
nle(id0,id1,dist): 49 54 1.3225676932938233
list:
dist: 1.3225676932938233 vs. 1.3225676932938233
--------
nle(id0,id1,dist): 49 55 1.3833562753968462
list:
dist: 1.3833562753968462 vs. 1.3833562753968462
--------
nle(id0,id1,dist): 49 56 1.8827814214455576
list:
dist: 1.8827814214455576 vs. 1.8827814214455576
--------
nle(id0,id1,dist): 49 57 0.7956834124041765
list:
dist: 0.7956834124041765 vs. 0.7956834124041765
--------
nle(id0,id1,dist): 49 58 2.0746005826741687
list:
dist: 2.0746005826741687 vs. 2.0746005826741687
--------
nle(id0,id1,dist): 49 59 1.555658216746042
list:
dist: 1.555658216746042 vs. 1.555658216746042
--------
nle(id0,id1,dist): 50 53 1.6264533513980943
list:
dist: 1.6264533513980943 vs. 1.6264533513980943
--------
nle(id0,id1,dist): 50 54 1.6591276584981418
list:
dist: 1.6591276584981418 vs. 1.6591276584981418
--------
nle(id0,id1,dist): 50 51 1.0860120533627264
list:
dist: 1.0860120533627264 vs. 1.0860120533627264
--------
nle(id0,id1,dist): 50 52 0.31550072144124874
list:
dist: 0.31550072144124874 vs. 0.31550072144124874
--------
nle(id0,id1,dist): 50 59 2.6628438166191453
list:
dist: 2.6628438166191453 vs. 2.6628438166191453
--------
nle(id0,id1,dist): 50 56 1.182363743139595
list:
dist: 1.182363743139595 vs. 1.182363743139595
--------
nle(id0,id1,dist): 50 55 1.9353743997416322
list:
dist: 1.9353743997416322 vs. 1.9353743997416322
--------
nle(id0,id1,dist): 50 58 2.451432147916935
list:
dist: 2.451432147916935 vs. 2.451432147916935
--------
nle(id0,id1,dist): 50 57 1.3618574855651806
list:
dist: 1.3618574855651806 vs. 1.3618574855651806
--------
nle(id0,id1,dist): 45 47 1.5197079930746396
list:
dist: 1.5197079930746396 vs. 1.5197079930746396
--------
nle(id0,id1,dist): 45 46 0.6635806309968088
list:
dist: 0.6635806309968088 vs. 0.6635806309968088
--------
nle(id0,id1,dist): 44 55 2.3178489498293025
list:
dist: 2.3178489498293025 vs. 2.3178489498293025
--------
nle(id0,id1,dist): 44 56 1.6656365574893
list:
dist: 1.6656365574893 vs. 1.6656365574893
--------
nle(id0,id1,dist): 44 53 1.9608848687545555
list:
dist: 1.9608848687545555 vs. 1.9608848687545555
--------
nle(id0,id1,dist): 44 54 0.8162136101286586
list:
dist: 0.8162136101286586 vs. 0.8162136101286586
--------
nle(id0,id1,dist): 44 59 2.505901388534356
list:
dist: 2.505901388534356 vs. 2.505901388534356
--------
nle(id0,id1,dist): 44 57 1.1220491271516817
list:
dist: 1.1220491271516817 vs. 1.1220491271516817
--------
nle(id0,id1,dist): 44 58 2.6020859708912147
list:
dist: 2.6020859708912147 vs. 2.6020859708912147
--------
nle(id0,id1,dist): 45 56 1.7372011333586124
list:
dist: 1.7372011333586124 vs. 1.7372011333586124
--------
nle(id0,id1,dist): 45 57 1.1960100567348082
list:
dist: 1.1960100567348082 vs. 1.1960100567348082
--------
nle(id0,id1,dist): 45 58 2.351780176350137
list:
dist: 2.351780176350137 vs. 2.351780176350137
--------
nle(id0,id1,dist): 45 59 2.203298933736893
list:
dist: 2.203298933736893 vs. 2.203298933736893
--------
nle(id0,id1,dist): 45 48 1.238833724403126
list:
dist: 1.238833724403126 vs. 1.238833724403126
--------
nle(id0,id1,dist): 45 49 1.0511445851669696
list:
dist: 1.0511445851669696 vs. 1.0511445851669696
--------
nle(id0,id1,dist): 45 50 1.5129260321451319
list:
dist: 1.5129260321451319 vs. 1.5129260321451319
--------
nle(id0,id1,dist): 45 51 1.0973904785447521
list:
dist: 1.0973904785447521 vs. 1.0973904785447521
--------
nle(id0,id1,dist): 45 52 1.4984529690177222
list:
dist: 1.4984529690177222 vs. 1.4984529690177222
--------
nle(id0,id1,dist): 45 53 0.3359500529765957
list:
dist: 0.3359500529765957 vs. 0.3359500529765957
--------
nle(id0,id1,dist): 45 54 1.6804607938534932
list:
dist: 1.6804607938534932 vs. 1.6804607938534932
--------
nle(id0,id1,dist): 45 55 1.156418832817435
list:
dist: 1.156418832817435 vs. 1.156418832817435
--------
nle(id0,id1,dist): 46 59 2.268232007709416
list:
dist: 2.268232007709416 vs. 2.268232007709416
--------
nle(id0,id1,dist): 46 57 1.523853271726806
list:
dist: 1.523853271726806 vs. 1.523853271726806
--------
nle(id0,id1,dist): 46 58 2.6286044704220215
list:
dist: 2.6286044704220215 vs. 2.6286044704220215
--------
nle(id0,id1,dist): 46 55 1.4233831701112003
list:
dist: 1.4233831701112003 vs. 1.4233831701112003
--------
nle(id0,id1,dist): 46 56 2.2875958083918677
list:
dist: 2.2875958083918677 vs. 2.2875958083918677
--------
nle(id0,id1,dist): 46 53 0.7455688350959957
list:
dist: 0.7455688350959957 vs. 0.7455688350959957
--------
nle(id0,id1,dist): 46 54 1.8554634989640155
list:
dist: 1.8554634989640155 vs. 1.8554634989640155
--------
nle(id0,id1,dist): 46 51 1.6432228455781146
list:
dist: 1.6432228455781146 vs. 1.6432228455781146
--------
nle(id0,id1,dist): 46 52 2.1389167583557875
list:
dist: 2.1389167583557875 vs. 2.1389167583557875
--------
nle(id0,id1,dist): 46 49 0.9853744573111087
list:
dist: 0.9853744573111087 vs. 0.9853744573111087
--------
nle(id0,id1,dist): 46 50 2.1392446362928523
list:
dist: 2.1392446362928523 vs. 2.1392446362928523
--------
nle(id0,id1,dist): 46 47 1.0013054082926756
list:
dist: 1.0013054082926756 vs. 1.0013054082926756
--------
nle(id0,id1,dist): 46 48 1.657035665992274
list:
dist: 1.657035665992274 vs. 1.657035665992274
--------
nle(id0,id1,dist): 47 59 1.940403367231347
list:
dist: 1.940403367231347 vs. 1.940403367231347
--------
nle(id0,id1,dist): 47 58 2.520302053546812
list:
dist: 2.520302053546812 vs. 2.520302053546812
--------
nle(id0,id1,dist): 47 55 1.56909736187355
list:
dist: 1.56909736187355 vs. 1.56909736187355
--------
nle(id0,id1,dist): 47 54 2.4477068765071026
list:
dist: 2.4477068765071026 vs. 2.4477068765071026
--------
nle(id0,id1,dist): 47 57 1.914785846601371
list:
dist: 1.914785846601371 vs. 1.914785846601371
--------
nle(id0,id1,dist): 47 56 2.699363987301112
list:
dist: 2.699363987301112 vs. 2.699363987301112
--------
nle(id0,id1,dist): 47 50 2.9115163354912785
list:
dist: 2.9115163354912785 vs. 2.9115163354912785
--------
nle(id0,id1,dist): 47 51 2.5974060747072807
list:
dist: 2.5974060747072807 vs. 2.5974060747072807
--------
nle(id0,id1,dist): 47 52 2.843253989526421
list:
dist: 2.843253989526421 vs. 2.843253989526421
--------
nle(id0,id1,dist): 47 53 1.4018599813402906
list:
dist: 1.4018599813402906 vs. 1.4018599813402906
--------
nle(id0,id1,dist): 47 48 2.0037995458462143
list:
dist: 2.0037995458462143 vs. 2.0037995458462143
--------
nle(id0,id1,dist): 47 49 1.21866588454157
list:
dist: 1.21866588454157 vs. 1.21866588454157
--------
nle(id0,id1,dist): 55 56 1.347898217324736
list:
dist: 1.347898217324736 vs. 1.347898217324736
--------
nle(id0,id1,dist): 55 57 1.3318839294514395
list:
dist: 1.3318839294514395 vs. 1.3318839294514395
--------
nle(id0,id1,dist): 55 58 1.399052736156334
list:
dist: 1.399052736156334 vs. 1.399052736156334
--------
nle(id0,id1,dist): 55 59 1.4789535510656586
list:
dist: 1.4789535510656586 vs. 1.4789535510656586
--------
nle(id0,id1,dist): 56 58 1.3357711094586098
list:
dist: 1.3357711094586098 vs. 1.3357711094586098
--------
nle(id0,id1,dist): 56 57 1.1992240943540582
list:
dist: 1.1992240943540582 vs. 1.1992240943540582
--------
nle(id0,id1,dist): 56 59 1.8152841527020225
list:
dist: 1.8152841527020225 vs. 1.8152841527020225
--------
nle(id0,id1,dist): 57 59 1.4818285440107541
list:
dist: 1.4818285440107541 vs. 1.4818285440107541
--------
nle(id0,id1,dist): 57 58 1.7019869612676584
list:
dist: 1.7019869612676584 vs. 1.7019869612676584
--------
nle(id0,id1,dist): 51 58 2.9995939693486773
list:
dist: 2.9995939693486773 vs. 2.9995939693486773
--------
nle(id0,id1,dist): 51 59 3.0757503401372666
list:
dist: 3.0757503401372666 vs. 3.0757503401372666
--------
nle(id0,id1,dist): 51 52 1.2196599075853145
list:
dist: 1.2196599075853145 vs. 1.2196599075853145
--------
nle(id0,id1,dist): 51 53 1.320362974589457
list:
dist: 1.320362974589457 vs. 1.320362974589457
--------
nle(id0,id1,dist): 51 54 1.9063432750681777
list:
dist: 1.9063432750681777 vs. 1.9063432750681777
--------
nle(id0,id1,dist): 51 55 1.9610596079138207
list:
dist: 1.9610596079138207 vs. 1.9610596079138207
--------
nle(id0,id1,dist): 51 56 1.9281454655540444
list:
dist: 1.9281454655540444 vs. 1.9281454655540444
--------
nle(id0,id1,dist): 51 57 1.7986377238380513
list:
dist: 1.7986377238380513 vs. 1.7986377238380513
--------
nle(id0,id1,dist): 52 55 1.7277590563005303
list:
dist: 1.7277590563005303 vs. 1.7277590563005303
--------
nle(id0,id1,dist): 52 56 0.8894006999611154
list:
dist: 0.8894006999611154 vs. 0.8894006999611154
--------
nle(id0,id1,dist): 52 53 1.546201044993853
list:
dist: 1.546201044993853 vs. 1.546201044993853
--------
nle(id0,id1,dist): 52 54 1.822276007139628
list:
dist: 1.822276007139628 vs. 1.822276007139628
--------
nle(id0,id1,dist): 52 59 2.4706450042807404
list:
dist: 2.4706450042807404 vs. 2.4706450042807404
--------
nle(id0,id1,dist): 52 57 1.2943949677053752
list:
dist: 1.2943949677053752 vs. 1.2943949677053752
--------
nle(id0,id1,dist): 52 58 2.183629543479432
list:
dist: 2.183629543479432 vs. 2.183629543479432
--------
nle(id0,id1,dist): 53 54 1.8983377316809662
list:
dist: 1.8983377316809662 vs. 1.8983377316809662
--------
nle(id0,id1,dist): 53 55 0.8339160512852174
list:
dist: 0.8339160512852174 vs. 0.8339160512852174
--------
nle(id0,id1,dist): 53 57 1.1929243506615048
list:
dist: 1.1929243506615048 vs. 1.1929243506615048
--------
nle(id0,id1,dist): 53 56 1.617289856246045
list:
dist: 1.617289856246045 vs. 1.617289856246045
--------
nle(id0,id1,dist): 53 59 1.9887886459078243
list:
dist: 1.9887886459078243 vs. 1.9887886459078243
--------
nle(id0,id1,dist): 53 58 2.1001764746791296
list:
dist: 2.1001764746791296 vs. 2.1001764746791296
--------
nle(id0,id1,dist): 54 59 2.525465237365815
list:
dist: 2.525465237365815 vs. 2.525465237365815
--------
nle(id0,id1,dist): 54 58 2.8821671123744412
list:
dist: 2.8821671123744412 vs. 2.8821671123744412
--------
nle(id0,id1,dist): 54 57 1.2076295718948855
list:
dist: 1.2076295718948855 vs. 1.2076295718948855
--------
nle(id0,id1,dist): 54 56 2.1927544958181784
list:
dist: 2.1927544958181784 vs. 2.1927544958181784
--------
nle(id0,id1,dist): 54 55 2.4044714559744467
list:
dist: 2.4044714559744467 vs. 2.4044714559744467
--------
nle(id0,id1,dist): 93 97 1.6378690074493312
list:
dist: 1.6378690074493312 vs. 1.6378690074493312
--------
nle(id0,id1,dist): 93 96 1.6040694554293269
list:
dist: 1.6040694554293269 vs. 1.6040694554293269
--------
nle(id0,id1,dist): 93 99 0.8867567693845265
list:
dist: 0.8867567693845265 vs. 0.8867567693845265
--------
nle(id0,id1,dist): 93 98 1.5621235467126955
list:
dist: 1.5621235467126955 vs. 1.5621235467126955
--------
nle(id0,id1,dist): 93 101 0.5130120816849555
list:
dist: 0.5130120816849555 vs. 0.5130120816849555
--------
nle(id0,id1,dist): 93 100 1.4046007931608289
list:
dist: 1.4046007931608289 vs. 1.4046007931608289
--------
nle(id0,id1,dist): 93 103 1.3132541289777602
list:
dist: 1.3132541289777602 vs. 1.3132541289777602
--------
nle(id0,id1,dist): 93 102 1.8212992368065761
list:
dist: 1.8212992368065761 vs. 1.8212992368065761
--------
nle(id0,id1,dist): 93 105 0.4654353994286724
list:
dist: 0.4654353994286724 vs. 0.4654353994286724
--------
nle(id0,id1,dist): 93 104 1.3335169349131202
list:
dist: 1.3335169349131202 vs. 1.3335169349131202
--------
nle(id0,id1,dist): 93 107 1.6767013225925975
list:
dist: 1.6767013225925975 vs. 1.6767013225925975
--------
nle(id0,id1,dist): 93 106 1.0785868268888348
list:
dist: 1.0785868268888348 vs. 1.0785868268888348
--------
nle(id0,id1,dist): 93 109 1.4350243457131433
list:
dist: 1.4350243457131433 vs. 1.4350243457131433
--------
nle(id0,id1,dist): 93 108 0.7950369905303779
list:
dist: 0.7950369905303779 vs. 0.7950369905303779
--------
nle(id0,id1,dist): 94 109 2.191235997172759
list:
dist: 2.191235997172759 vs. 2.191235997172759
--------
nle(id0,id1,dist): 94 110 3.2720580843610603
list:
dist: 3.2720580843610603 vs. 3.2720580843610603
--------
nle(id0,id1,dist): 94 107 2.1451861814585778
list:
dist: 2.1451861814585778 vs. 2.1451861814585778
--------
nle(id0,id1,dist): 94 108 1.6673614463164017
list:
dist: 1.6673614463164017 vs. 1.6673614463164017
--------
nle(id0,id1,dist): 94 113 3.7133634268880265
list:
dist: 3.7133634268880265 vs. 3.7133634268880265
--------
nle(id0,id1,dist): 94 112 2.5304024903210762
list:
dist: 2.5304024903210762 vs. 2.5304024903210762
--------
nle(id0,id1,dist): 94 117 3.947902103915174
list:
dist: 3.947902103915174 vs. 3.947902103915174
--------
nle(id0,id1,dist): 94 118 4.2841150238306875
list:
dist: 4.2841150238306875 vs. 4.2841150238306875
--------
nle(id0,id1,dist): 94 116 4.288245510346196
list:
dist: 4.288245510346196 vs. 4.288245510346196
--------
nle(id0,id1,dist): 94 98 1.919089370971145
list:
dist: 1.919089370971145 vs. 1.919089370971145
--------
nle(id0,id1,dist): 94 97 1.732539718652954
list:
dist: 1.732539718652954 vs. 1.732539718652954
--------
nle(id0,id1,dist): 94 96 1.2468929995873004
list:
dist: 1.2468929995873004 vs. 1.2468929995873004
--------
nle(id0,id1,dist): 94 95 0.9457115710388271
list:
dist: 0.9457115710388271 vs. 0.9457115710388271
--------
nle(id0,id1,dist): 94 102 1.9564593872146963
list:
dist: 1.9564593872146963 vs. 1.9564593872146963
--------
nle(id0,id1,dist): 94 101 1.1720181307766324
list:
dist: 1.1720181307766324 vs. 1.1720181307766324
--------
nle(id0,id1,dist): 94 100 2.0912285341911985
list:
dist: 2.0912285341911985 vs. 2.0912285341911985
--------
nle(id0,id1,dist): 94 99 0.8086195200575989
list:
dist: 0.8086195200575989 vs. 0.8086195200575989
--------
nle(id0,id1,dist): 94 106 2.095747998639689
list:
dist: 2.095747998639689 vs. 2.095747998639689
--------
nle(id0,id1,dist): 94 105 1.28816357626707
list:
dist: 1.28816357626707 vs. 1.28816357626707
--------
nle(id0,id1,dist): 94 104 1.4127926136759348
list:
dist: 1.4127926136759348 vs. 1.4127926136759348
--------
nle(id0,id1,dist): 94 103 1.951416641881607
list:
dist: 1.951416641881607 vs. 1.951416641881607
--------
nle(id0,id1,dist): 92 97 2.0883734559197076
list:
dist: 2.0883734559197076 vs. 2.0883734559197076
--------
nle(id0,id1,dist): 92 98 2.2535714022628333
list:
dist: 2.2535714022628333 vs. 2.2535714022628333
--------
nle(id0,id1,dist): 92 99 1.4170643796506976
list:
dist: 1.4170643796506976 vs. 1.4170643796506976
--------
nle(id0,id1,dist): 92 100 0.9944273965454744
list:
dist: 0.9944273965454744 vs. 0.9944273965454744
--------
nle(id0,id1,dist): 92 93 1.7946916835880036
list:
dist: 1.7946916835880036 vs. 1.7946916835880036
--------
nle(id0,id1,dist): 92 94 2.1831270842098
list:
dist: 2.1831270842098 vs. 2.1831270842098
--------
nle(id0,id1,dist): 92 95 1.3797141447978074
list:
dist: 1.3797141447978074 vs. 1.3797141447978074
--------
nle(id0,id1,dist): 92 96 2.039745748835069
list:
dist: 2.039745748835069 vs. 2.039745748835069
--------
nle(id0,id1,dist): 91 107 2.7042372043069007
list:
dist: 2.7042372043069007 vs. 2.7042372043069007
--------
nle(id0,id1,dist): 91 106 1.9851429039395907
list:
dist: 1.9851429039395907 vs. 1.9851429039395907
--------
nle(id0,id1,dist): 91 109 2.5738638432269028
list:
dist: 2.5738638432269028 vs. 2.5738638432269028
--------
nle(id0,id1,dist): 91 108 1.911742533292629
list:
dist: 1.911742533292629 vs. 1.911742533292629
--------
nle(id0,id1,dist): 92 117 3.984706006116168
list:
dist: 3.984706006116168 vs. 3.984706006116168
--------
nle(id0,id1,dist): 92 118 4.183344354059331
list:
dist: 4.183344354059331 vs. 4.183344354059331
--------
nle(id0,id1,dist): 93 94 1.023807966359874
list:
dist: 1.023807966359874 vs. 1.023807966359874
--------
nle(id0,id1,dist): 93 95 1.2139931561489414
list:
dist: 1.2139931561489414 vs. 1.2139931561489414
--------
nle(id0,id1,dist): 92 108 1.9384112001930374
list:
dist: 1.9384112001930374 vs. 1.9384112001930374
--------
nle(id0,id1,dist): 92 107 2.811214540785145
list:
dist: 2.811214540785145 vs. 2.811214540785145
--------
nle(id0,id1,dist): 92 106 1.8790230354173545
list:
dist: 1.8790230354173545 vs. 1.8790230354173545
--------
nle(id0,id1,dist): 92 105 2.162708188138169
list:
dist: 2.162708188138169 vs. 2.162708188138169
--------
nle(id0,id1,dist): 92 104 0.8258783490317815
list:
dist: 0.8258783490317815 vs. 0.8258783490317815
--------
nle(id0,id1,dist): 92 103 1.3626818135873087
list:
dist: 1.3626818135873087 vs. 1.3626818135873087
--------
nle(id0,id1,dist): 92 102 1.3078351999088347
list:
dist: 1.3078351999088347 vs. 1.3078351999088347
--------
nle(id0,id1,dist): 92 101 1.4540094306060332
list:
dist: 1.4540094306060332 vs. 1.4540094306060332
--------
nle(id0,id1,dist): 92 116 4.354039764804404
list:
dist: 4.354039764804404 vs. 4.354039764804404
--------
nle(id0,id1,dist): 92 115 3.2464055351333694
list:
dist: 3.2464055351333694 vs. 3.2464055351333694
--------
nle(id0,id1,dist): 92 114 4.005715023261275
list:
dist: 4.005715023261275 vs. 4.005715023261275
--------
nle(id0,id1,dist): 92 113 3.0655526474200308
list:
dist: 3.0655526474200308 vs. 3.0655526474200308
--------
nle(id0,id1,dist): 92 112 2.3360756789914645
list:
dist: 2.3360756789914645 vs. 2.3360756789914645
--------
nle(id0,id1,dist): 92 110 3.369706598158429
list:
dist: 3.369706598158429 vs. 3.369706598158429
--------
nle(id0,id1,dist): 92 109 2.604339955779751
list:
dist: 2.604339955779751 vs. 2.604339955779751
--------
nle(id0,id1,dist): 97 101 1.908635163198358
list:
dist: 1.908635163198358 vs. 1.908635163198358
--------
nle(id0,id1,dist): 97 100 1.5115228320422975
list:
dist: 1.5115228320422975 vs. 1.5115228320422975
--------
nle(id0,id1,dist): 97 103 1.1041439405998368
list:
dist: 1.1041439405998368 vs. 1.1041439405998368
--------
nle(id0,id1,dist): 97 102 2.8203002987726307
list:
dist: 2.8203002987726307 vs. 2.8203002987726307
--------
nle(id0,id1,dist): 97 105 1.6722405180631716
list:
dist: 1.6722405180631716 vs. 1.6722405180631716
--------
nle(id0,id1,dist): 97 104 1.6694574846769608
list:
dist: 1.6694574846769608 vs. 1.6694574846769608
--------
nle(id0,id1,dist): 97 107 1.2787650039498215
list:
dist: 1.2787650039498215 vs. 1.2787650039498215
--------
nle(id0,id1,dist): 97 106 2.2241652003074748
list:
dist: 2.2241652003074748 vs. 2.2241652003074748
--------
nle(id0,id1,dist): 97 99 1.3440968433228824
list:
dist: 1.3440968433228824 vs. 1.3440968433228824
--------
nle(id0,id1,dist): 97 98 0.560400177049648
list:
dist: 0.560400177049648 vs. 0.560400177049648
--------
nle(id0,id1,dist): 96 113 2.516764970853457
list:
dist: 2.516764970853457 vs. 2.516764970853457
--------
nle(id0,id1,dist): 96 116 3.1153924981124765
list:
dist: 3.1153924981124765 vs. 3.1153924981124765
--------
nle(id0,id1,dist): 96 117 2.774615553626648
list:
dist: 2.774615553626648 vs. 2.774615553626648
--------
nle(id0,id1,dist): 96 118 3.099480367444404
list:
dist: 3.099480367444404 vs. 3.099480367444404
--------
nle(id0,id1,dist): 98 102 2.989203518265215
list:
dist: 2.989203518265215 vs. 2.989203518265215
--------
nle(id0,id1,dist): 98 101 1.9090804788976292
list:
dist: 1.9090804788976292 vs. 1.9090804788976292
--------
nle(id0,id1,dist): 98 100 1.4622082958303866
list:
dist: 1.4622082958303866 vs. 1.4622082958303866
--------
nle(id0,id1,dist): 98 99 1.580381194479936
list:
dist: 1.580381194479936 vs. 1.580381194479936
--------
nle(id0,id1,dist): 97 118 2.6392797276218247
list:
dist: 2.6392797276218247 vs. 2.6392797276218247
--------
nle(id0,id1,dist): 97 116 2.699901422134219
list:
dist: 2.699901422134219 vs. 2.699901422134219
--------
nle(id0,id1,dist): 97 117 2.3326793850039205
list:
dist: 2.3326793850039205 vs. 2.3326793850039205
--------
nle(id0,id1,dist): 97 110 1.7406635529980334
list:
dist: 1.7406635529980334 vs. 1.7406635529980334
--------
nle(id0,id1,dist): 97 108 1.4002665771727094
list:
dist: 1.4002665771727094 vs. 1.4002665771727094
--------
nle(id0,id1,dist): 97 109 1.6331998853015244
list:
dist: 1.6331998853015244 vs. 1.6331998853015244
--------
nle(id0,id1,dist): 97 114 2.5975663334804127
list:
dist: 2.5975663334804127 vs. 2.5975663334804127
--------
nle(id0,id1,dist): 97 115 2.6512348290398142
list:
dist: 2.6512348290398142 vs. 2.6512348290398142
--------
nle(id0,id1,dist): 97 112 1.044688612980287
list:
dist: 1.044688612980287 vs. 1.044688612980287
--------
nle(id0,id1,dist): 97 113 2.123512422575443
list:
dist: 2.123512422575443 vs. 2.123512422575443
--------
nle(id0,id1,dist): 95 117 4.028569894154706
list:
dist: 4.028569894154706 vs. 4.028569894154706
--------
nle(id0,id1,dist): 95 116 4.385108831609573
list:
dist: 4.385108831609573 vs. 4.385108831609573
--------
nle(id0,id1,dist): 95 110 3.3127187794628856
list:
dist: 3.3127187794628856 vs. 3.3127187794628856
--------
nle(id0,id1,dist): 95 113 3.471586416787996
list:
dist: 3.471586416787996 vs. 3.471586416787996
--------
nle(id0,id1,dist): 95 112 2.3811112013140785
list:
dist: 2.3811112013140785 vs. 2.3811112013140785
--------
nle(id0,id1,dist): 95 107 2.555867220364348
list:
dist: 2.555867220364348 vs. 2.555867220364348
--------
nle(id0,id1,dist): 95 106 2.025176287184187
list:
dist: 2.025176287184187 vs. 2.025176287184187
--------
nle(id0,id1,dist): 95 109 2.498471294093951
list:
dist: 2.498471294093951 vs. 2.498471294093951
--------
nle(id0,id1,dist): 95 108 1.8132377148742127
list:
dist: 1.8132377148742127 vs. 1.8132377148742127
--------
nle(id0,id1,dist): 95 103 1.7192900581276578
list:
dist: 1.7192900581276578 vs. 1.7192900581276578
--------
nle(id0,id1,dist): 95 102 1.1852324127481537
list:
dist: 1.1852324127481537 vs. 1.1852324127481537
--------
nle(id0,id1,dist): 95 105 1.6581044163036964
list:
dist: 1.6581044163036964 vs. 1.6581044163036964
--------
nle(id0,id1,dist): 95 104 0.60149310530673
list:
dist: 0.60149310530673 vs. 0.60149310530673
--------
nle(id0,id1,dist): 95 98 2.1086787150354853
list:
dist: 2.1086787150354853 vs. 2.1086787150354853
--------
nle(id0,id1,dist): 95 99 0.5345763569527362
list:
dist: 0.5345763569527362 vs. 0.5345763569527362
--------
nle(id0,id1,dist): 95 100 1.6706637379357345
list:
dist: 1.6706637379357345 vs. 1.6706637379357345
--------
nle(id0,id1,dist): 95 101 0.9803025742554415
list:
dist: 0.9803025742554415 vs. 0.9803025742554415
--------
nle(id0,id1,dist): 95 96 1.3546083882182385
list:
dist: 1.3546083882182385 vs. 1.3546083882182385
--------
nle(id0,id1,dist): 95 97 1.8352519962178142
list:
dist: 1.8352519962178142 vs. 1.8352519962178142
--------
nle(id0,id1,dist): 96 112 1.3168428566465316
list:
dist: 1.3168428566465316 vs. 1.3168428566465316
--------
nle(id0,id1,dist): 96 110 2.058180547955761
list:
dist: 2.058180547955761 vs. 2.058180547955761
--------
nle(id0,id1,dist): 96 109 2.1581880387066428
list:
dist: 2.1581880387066428 vs. 2.1581880387066428
--------
nle(id0,id1,dist): 96 108 1.7508760517436799
list:
dist: 1.7508760517436799 vs. 1.7508760517436799
--------
nle(id0,id1,dist): 96 107 1.8569468845866144
list:
dist: 1.8569468845866144 vs. 1.8569468845866144
--------
nle(id0,id1,dist): 96 106 2.4666677188342625
list:
dist: 2.4666677188342625 vs. 2.4666677188342625
--------
nle(id0,id1,dist): 96 105 1.7872248542338298
list:
dist: 1.7872248542338298 vs. 1.7872248542338298
--------
nle(id0,id1,dist): 96 104 1.3790142667696237
list:
dist: 1.3790142667696237 vs. 1.3790142667696237
--------
nle(id0,id1,dist): 96 103 1.5392377283186067
list:
dist: 1.5392377283186067 vs. 1.5392377283186067
--------
nle(id0,id1,dist): 96 102 2.489850061554451
list:
dist: 2.489850061554451 vs. 2.489850061554451
--------
nle(id0,id1,dist): 96 101 1.7864961029365851
list:
dist: 1.7864961029365851 vs. 1.7864961029365851
--------
nle(id0,id1,dist): 96 100 1.8140867989167797
list:
dist: 1.8140867989167797 vs. 1.8140867989167797
--------
nle(id0,id1,dist): 96 99 0.9875901480235174
list:
dist: 0.9875901480235174 vs. 0.9875901480235174
--------
nle(id0,id1,dist): 96 98 1.2757306574773564
list:
dist: 1.2757306574773564 vs. 1.2757306574773564
--------
nle(id0,id1,dist): 96 97 0.7901660712824652
list:
dist: 0.7901660712824652 vs. 0.7901660712824652
--------
nle(id0,id1,dist): 95 118 4.319718378283585
list:
dist: 4.319718378283585 vs. 4.319718378283585
--------
nle(id0,id1,dist): 85 138 2.952619047180131
list:
dist: 2.952619047180131 vs. 2.952619047180131
--------
nle(id0,id1,dist): 85 136 4.598666925609734
list:
dist: 4.598666925609734 vs. 4.598666925609734
--------
nle(id0,id1,dist): 87 88 2.7282820311464437
list:
dist: 2.7282820311464437 vs. 2.7282820311464437
--------
nle(id0,id1,dist): 87 89 0.9572923064739158
list:
dist: 0.9572923064739158 vs. 0.9572923064739158
--------
nle(id0,id1,dist): 87 95 4.717411972036295
list:
dist: 4.717411972036295 vs. 4.717411972036295
--------
nle(id0,id1,dist): 87 94 4.588056325414953
list:
dist: 4.588056325414953 vs. 4.588056325414953
--------
nle(id0,id1,dist): 87 96 3.870151090866409
list:
dist: 3.870151090866409 vs. 3.870151090866409
--------
nle(id0,id1,dist): 87 99 4.673060465188057
list:
dist: 4.673060465188057 vs. 4.673060465188057
--------
nle(id0,id1,dist): 87 122 4.02321690927308
list:
dist: 4.02321690927308 vs. 4.02321690927308
--------
nle(id0,id1,dist): 85 87 1.695771077263649
list:
dist: 1.695771077263649 vs. 1.695771077263649
--------
nle(id0,id1,dist): 85 86 1.4455408535353476
list:
dist: 1.4455408535353476 vs. 1.4455408535353476
--------
nle(id0,id1,dist): 84 122 3.297048898610745
list:
dist: 3.297048898610745 vs. 3.297048898610745
--------
nle(id0,id1,dist): 85 88 1.6645427149288903
list:
dist: 1.6645427149288903 vs. 1.6645427149288903
--------
nle(id0,id1,dist): 85 89 1.0493222498662222
list:
dist: 1.0493222498662222 vs. 1.0493222498662222
--------
nle(id0,id1,dist): 84 135 3.046666892660558
list:
dist: 3.046666892660558 vs. 3.046666892660558
--------
nle(id0,id1,dist): 86 87 2.4919799248239856
list:
dist: 2.4919799248239856 vs. 2.4919799248239856
--------
nle(id0,id1,dist): 86 88 0.6479127523002057
list:
dist: 0.6479127523002057 vs. 0.6479127523002057
--------
nle(id0,id1,dist): 86 89 1.7499835245299662
list:
dist: 1.7499835245299662 vs. 1.7499835245299662
--------
nle(id0,id1,dist): 86 96 4.200000770017076
list:
dist: 4.200000770017076 vs. 4.200000770017076
--------
nle(id0,id1,dist): 86 94 4.760501823396312
list:
dist: 4.760501823396312 vs. 4.760501823396312
--------
nle(id0,id1,dist): 89 127 5.681917110612835
list:
dist: 5.681917110612835 vs. 5.681917110612835
--------
nle(id0,id1,dist): 89 125 4.264441450457406
list:
dist: 4.264441450457406 vs. 4.264441450457406
--------
nle(id0,id1,dist): 90 93 1.9512226962055421
list:
dist: 1.9512226962055421 vs. 1.9512226962055421
--------
nle(id0,id1,dist): 89 130 5.250569062479296
list:
dist: 5.250569062479296 vs. 5.250569062479296
--------
nle(id0,id1,dist): 90 94 1.9133972240534811
list:
dist: 1.9133972240534811 vs. 1.9133972240534811
--------
nle(id0,id1,dist): 90 91 1.1700038660933374
list:
dist: 1.1700038660933374 vs. 1.1700038660933374
--------
nle(id0,id1,dist): 90 92 1.3232518167921081
list:
dist: 1.3232518167921081 vs. 1.3232518167921081
--------
nle(id0,id1,dist): 89 119 3.0275763572990373
list:
dist: 3.0275763572990373 vs. 3.0275763572990373
--------
nle(id0,id1,dist): 89 122 4.670226770270247
list:
dist: 4.670226770270247 vs. 4.670226770270247
--------
nle(id0,id1,dist): 90 106 2.372592568292463
list:
dist: 2.372592568292463 vs. 2.372592568292463
--------
nle(id0,id1,dist): 90 105 2.4124958164941672
list:
dist: 2.4124958164941672 vs. 2.4124958164941672
--------
nle(id0,id1,dist): 89 141 5.182719081765301
list:
dist: 5.182719081765301 vs. 5.182719081765301
--------
nle(id0,id1,dist): 90 104 1.118133467715615
list:
dist: 1.118133467715615 vs. 1.118133467715615
--------
nle(id0,id1,dist): 90 103 2.3375742982795753
list:
dist: 2.3375742982795753 vs. 2.3375742982795753
--------
nle(id0,id1,dist): 90 109 3.2581524627841314
list:
dist: 3.2581524627841314 vs. 3.2581524627841314
--------
nle(id0,id1,dist): 89 146 4.582070032366339
list:
dist: 4.582070032366339 vs. 4.582070032366339
--------
nle(id0,id1,dist): 90 108 2.5284261472329588
list:
dist: 2.5284261472329588 vs. 2.5284261472329588
--------
nle(id0,id1,dist): 90 107 3.455515635304565
list:
dist: 3.455515635304565 vs. 3.455515635304565
--------
nle(id0,id1,dist): 89 144 4.571212036399015
list:
dist: 4.571212036399015 vs. 4.571212036399015
--------
nle(id0,id1,dist): 90 98 3.004227988165961
list:
dist: 3.004227988165961 vs. 3.004227988165961
--------
nle(id0,id1,dist): 89 135 4.133675235809901
list:
dist: 4.133675235809901 vs. 4.133675235809901
--------
nle(id0,id1,dist): 90 97 2.765735112427226
list:
dist: 2.765735112427226 vs. 2.765735112427226
--------
nle(id0,id1,dist): 90 96 2.355824390621402
list:
dist: 2.355824390621402 vs. 2.355824390621402
--------
nle(id0,id1,dist): 89 132 5.810107135292083
list:
dist: 5.810107135292083 vs. 5.810107135292083
--------
nle(id0,id1,dist): 90 95 1.0659768746885812
list:
dist: 1.0659768746885812 vs. 1.0659768746885812
--------
nle(id0,id1,dist): 90 102 0.3863552786086176
list:
dist: 0.3863552786086176 vs. 0.3863552786086176
--------
nle(id0,id1,dist): 89 139 5.04575663584028
list:
dist: 5.04575663584028 vs. 5.04575663584028
--------
nle(id0,id1,dist): 89 138 2.7296184267634187
list:
dist: 2.7296184267634187 vs. 2.7296184267634187
--------
nle(id0,id1,dist): 90 101 1.490782491507509
list:
dist: 1.490782491507509 vs. 1.490782491507509
--------
nle(id0,id1,dist): 90 100 2.0787590759934895
list:
dist: 2.0787590759934895 vs. 2.0787590759934895
--------
nle(id0,id1,dist): 89 137 4.408140078790375
list:
dist: 4.408140078790375 vs. 4.408140078790375
--------
nle(id0,id1,dist): 90 99 1.5288960404307521
list:
dist: 1.5288960404307521 vs. 1.5288960404307521
--------
nle(id0,id1,dist): 89 136 4.782074378427295
list:
dist: 4.782074378427295 vs. 4.782074378427295
--------
nle(id0,id1,dist): 89 148 4.143988490165221
list:
dist: 4.143988490165221 vs. 4.143988490165221
--------
nle(id0,id1,dist): 91 99 0.9231645957346215
list:
dist: 0.9231645957346215 vs. 0.9231645957346215
--------
nle(id0,id1,dist): 91 98 2.419111832383639
list:
dist: 2.419111832383639 vs. 2.419111832383639
--------
nle(id0,id1,dist): 91 101 0.907858606967805
list:
dist: 0.907858606967805 vs. 0.907858606967805
--------
nle(id0,id1,dist): 91 100 2.0325464063667695
list:
dist: 2.0325464063667695 vs. 2.0325464063667695
--------
nle(id0,id1,dist): 91 103 2.083136005465259
list:
dist: 2.083136005465259 vs. 2.083136005465259
--------
nle(id0,id1,dist): 91 102 1.176084685609951
list:
dist: 1.176084685609951 vs. 1.176084685609951
--------
nle(id0,id1,dist): 91 105 1.5718253815274223
list:
dist: 1.5718253815274223 vs. 1.5718253815274223
--------
nle(id0,id1,dist): 91 104 1.151422062802324
list:
dist: 1.151422062802324 vs. 1.151422062802324
--------
nle(id0,id1,dist): 91 93 1.1514507722442164
list:
dist: 1.1514507722442164 vs. 1.1514507722442164
--------
nle(id0,id1,dist): 91 92 1.8094869773028066
list:
dist: 1.8094869773028066 vs. 1.8094869773028066
--------
nle(id0,id1,dist): 91 95 0.6249088025577988
list:
dist: 0.6249088025577988 vs. 0.6249088025577988
--------
nle(id0,id1,dist): 91 94 0.8428851281263663
list:
dist: 0.8428851281263663 vs. 0.8428851281263663
--------
nle(id0,id1,dist): 91 97 2.2391796392489804
list:
dist: 2.2391796392489804 vs. 2.2391796392489804
--------
nle(id0,id1,dist): 91 96 1.7780750247618076
list:
dist: 1.7780750247618076 vs. 1.7780750247618076
--------
nle(id0,id1,dist): 87 135 3.4469456792954642
list:
dist: 3.4469456792954642 vs. 3.4469456792954642
--------
nle(id0,id1,dist): 88 96 4.321516743897397
list:
dist: 4.321516743897397 vs. 4.321516743897397
--------
nle(id0,id1,dist): 88 94 5.00095249262111
list:
dist: 5.00095249262111 vs. 5.00095249262111
--------
nle(id0,id1,dist): 88 89 1.8547697491862214
list:
dist: 1.8547697491862214 vs. 1.8547697491862214
--------
nle(id0,id1,dist): 81 82 1.8042489914678597
list:
dist: 1.8042489914678597 vs. 1.8042489914678597
--------
nle(id0,id1,dist): 81 83 1.2280695722726331
list:
dist: 1.2280695722726331 vs. 1.2280695722726331
--------
nle(id0,id1,dist): 81 88 2.7383206831951634
list:
dist: 2.7383206831951634 vs. 2.7383206831951634
--------
nle(id0,id1,dist): 81 89 2.7010640021348395
list:
dist: 2.7010640021348395 vs. 2.7010640021348395
--------
nle(id0,id1,dist): 81 86 2.100452199679993
list:
dist: 2.100452199679993 vs. 2.100452199679993
--------
nle(id0,id1,dist): 81 87 2.7940711950233044
list:
dist: 2.7940711950233044 vs. 2.7940711950233044
--------
nle(id0,id1,dist): 81 84 2.6324110026539436
list:
dist: 2.6324110026539436 vs. 2.6324110026539436
--------
nle(id0,id1,dist): 81 85 2.1855196401139
list:
dist: 2.1855196401139 vs. 2.1855196401139
--------
nle(id0,id1,dist): 80 122 4.255987838934367
list:
dist: 4.255987838934367 vs. 4.255987838934367
--------
nle(id0,id1,dist): 80 99 4.47493407122314
list:
dist: 4.47493407122314 vs. 4.47493407122314
--------
nle(id0,id1,dist): 80 85 1.8085432090332143
list:
dist: 1.8085432090332143 vs. 1.8085432090332143
--------
nle(id0,id1,dist): 80 86 2.361996385850339
list:
dist: 2.361996385850339 vs. 2.361996385850339
--------
nle(id0,id1,dist): 80 87 0.8673408800694032
list:
dist: 0.8673408800694032 vs. 0.8673408800694032
--------
nle(id0,id1,dist): 80 88 2.7808293737476113
list:
dist: 2.7808293737476113 vs. 2.7808293737476113
--------
nle(id0,id1,dist): 80 81 2.1047810227478756
list:
dist: 2.1047810227478756 vs. 2.1047810227478756
--------
nle(id0,id1,dist): 80 82 1.574628765697913
list:
dist: 1.574628765697913 vs. 1.574628765697913
--------
nle(id0,id1,dist): 80 83 1.0322529107968372
list:
dist: 1.0322529107968372 vs. 1.0322529107968372
--------
nle(id0,id1,dist): 80 84 0.9598290456995988
list:
dist: 0.9598290456995988 vs. 0.9598290456995988
--------
nle(id0,id1,dist): 80 94 4.25323538455828
list:
dist: 4.25323538455828 vs. 4.25323538455828
--------
nle(id0,id1,dist): 80 95 4.4826818443806244
list:
dist: 4.4826818443806244 vs. 4.4826818443806244
--------
nle(id0,id1,dist): 80 96 3.752773245722968
list:
dist: 3.752773245722968 vs. 3.752773245722968
--------
nle(id0,id1,dist): 80 89 1.424653606994967
list:
dist: 1.424653606994967 vs. 1.424653606994967
--------
nle(id0,id1,dist): 79 88 2.1325502915515404
list:
dist: 2.1325502915515404 vs. 2.1325502915515404
--------
nle(id0,id1,dist): 79 86 1.7346888464184114
list:
dist: 1.7346888464184114 vs. 1.7346888464184114
--------
nle(id0,id1,dist): 79 87 3.674438437658833
list:
dist: 3.674438437658833 vs. 3.674438437658833
--------
nle(id0,id1,dist): 79 96 3.9928123469472467
list:
dist: 3.9928123469472467 vs. 3.9928123469472467
--------
nle(id0,id1,dist): 79 94 4.127872137115472
list:
dist: 4.127872137115472 vs. 4.127872137115472
--------
nle(id0,id1,dist): 79 81 2.195414974723379
list:
dist: 2.195414974723379 vs. 2.195414974723379
--------
nle(id0,id1,dist): 79 80 3.2050934383465415
list:
dist: 3.2050934383465415 vs. 3.2050934383465415
--------
nle(id0,id1,dist): 79 84 4.085260396826533
list:
dist: 4.085260396826533 vs. 4.085260396826533
--------
nle(id0,id1,dist): 79 83 2.308851736190642
list:
dist: 2.308851736190642 vs. 2.308851736190642
--------
nle(id0,id1,dist): 79 82 2.34799643200006
list:
dist: 2.34799643200006 vs. 2.34799643200006
--------
nle(id0,id1,dist): 78 94 4.523252071846367
list:
dist: 4.523252071846367 vs. 4.523252071846367
--------
nle(id0,id1,dist): 78 96 4.07971483604595
list:
dist: 4.07971483604595 vs. 4.07971483604595
--------
nle(id0,id1,dist): 77 135 4.320011468903131
list:
dist: 4.320011468903131 vs. 4.320011468903131
--------
nle(id0,id1,dist): 78 80 2.0222378376049437
list:
dist: 2.0222378376049437 vs. 2.0222378376049437
--------
nle(id0,id1,dist): 78 79 1.5302993903909308
list:
dist: 1.5302993903909308 vs. 1.5302993903909308
--------
nle(id0,id1,dist): 78 82 0.8245973658230373
list:
dist: 0.8245973658230373 vs. 0.8245973658230373
--------
nle(id0,id1,dist): 78 81 1.5521641133602546
list:
dist: 1.5521641133602546 vs. 1.5521641133602546
--------
nle(id0,id1,dist): 78 84 2.7950673531627146
list:
dist: 2.7950673531627146 vs. 2.7950673531627146
--------
nle(id0,id1,dist): 78 83 1.1185747396092798
list:
dist: 1.1185747396092798 vs. 1.1185747396092798
--------
nle(id0,id1,dist): 78 86 0.5944783090637478
list:
dist: 0.5944783090637478 vs. 0.5944783090637478
--------
nle(id0,id1,dist): 78 85 1.4868326844795194
list:
dist: 1.4868326844795194 vs. 1.4868326844795194
--------
nle(id0,id1,dist): 77 122 4.846845767541319
list:
dist: 4.846845767541319 vs. 4.846845767541319
--------
nle(id0,id1,dist): 78 88 1.2380585484885431
list:
dist: 1.2380585484885431 vs. 1.2380585484885431
--------
nle(id0,id1,dist): 78 87 2.3486379850260137
list:
dist: 2.3486379850260137 vs. 2.3486379850260137
--------
nle(id0,id1,dist): 78 89 1.8043219484479556
list:
dist: 1.8043219484479556 vs. 1.8043219484479556
--------
nle(id0,id1,dist): 84 99 5.183783186105742
list:
dist: 5.183783186105742 vs. 5.183783186105742
--------
nle(id0,id1,dist): 83 135 4.798676976127402
list:
dist: 4.798676976127402 vs. 4.798676976127402
--------
nle(id0,id1,dist): 84 96 4.50444076135907
list:
dist: 4.50444076135907 vs. 4.50444076135907
--------
nle(id0,id1,dist): 84 95 5.133858971759818
list:
dist: 5.133858971759818 vs. 5.133858971759818
--------
nle(id0,id1,dist): 84 94 5.0223106191159985
list:
dist: 5.0223106191159985 vs. 5.0223106191159985
--------
nle(id0,id1,dist): 84 89 1.839627735981795
list:
dist: 1.839627735981795 vs. 1.839627735981795
--------
nle(id0,id1,dist): 84 87 1.059361244435714
list:
dist: 1.059361244435714 vs. 1.059361244435714
--------
nle(id0,id1,dist): 84 88 3.4601502529885426
list:
dist: 3.4601502529885426 vs. 3.4601502529885426
--------
nle(id0,id1,dist): 84 85 2.1144709780284368
list:
dist: 2.1144709780284368 vs. 2.1144709780284368
--------
nle(id0,id1,dist): 83 122 4.984037106472133
list:
dist: 4.984037106472133 vs. 4.984037106472133
--------
nle(id0,id1,dist): 84 86 3.0893853322268674
list:
dist: 3.0893853322268674 vs. 3.0893853322268674
--------
nle(id0,id1,dist): 83 99 4.710845450273841
list:
dist: 4.710845450273841 vs. 4.710845450273841
--------
nle(id0,id1,dist): 83 94 4.356918499649053
list:
dist: 4.356918499649053 vs. 4.356918499649053
--------
nle(id0,id1,dist): 83 95 4.7865100741052835
list:
dist: 4.7865100741052835 vs. 4.7865100741052835
--------
nle(id0,id1,dist): 83 96 3.965734991589478
list:
dist: 3.965734991589478 vs. 3.965734991589478
--------
nle(id0,id1,dist): 83 86 1.5960850878297994
list:
dist: 1.5960850878297994 vs. 1.5960850878297994
--------
nle(id0,id1,dist): 83 87 1.638869230389755
list:
dist: 1.638869230389755 vs. 1.638869230389755
--------
nle(id0,id1,dist): 83 88 2.1582884710351693
list:
dist: 2.1582884710351693 vs. 2.1582884710351693
--------
nle(id0,id1,dist): 83 89 1.580417351749741
list:
dist: 1.580417351749741 vs. 1.580417351749741
--------
nle(id0,id1,dist): 83 84 1.7945875655151107
list:
dist: 1.7945875655151107 vs. 1.7945875655151107
--------
nle(id0,id1,dist): 83 85 1.4686384808807347
list:
dist: 1.4686384808807347 vs. 1.4686384808807347
--------
nle(id0,id1,dist): 82 96 4.232929140334626
list:
dist: 4.232929140334626 vs. 4.232929140334626
--------
nle(id0,id1,dist): 82 89 1.079315737154546
list:
dist: 1.079315737154546 vs. 1.079315737154546
--------
nle(id0,id1,dist): 82 87 1.691911872336328
list:
dist: 1.691911872336328 vs. 1.691911872336328
--------
nle(id0,id1,dist): 82 88 1.3406798814022725
list:
dist: 1.3406798814022725 vs. 1.3406798814022725
--------
nle(id0,id1,dist): 82 94 4.817256189694449
list:
dist: 4.817256189694449 vs. 4.817256189694449
--------
nle(id0,id1,dist): 82 84 2.1935420756324135
list:
dist: 2.1935420756324135 vs. 2.1935420756324135
--------
nle(id0,id1,dist): 82 83 0.9701175312962111
list:
dist: 0.9701175312962111 vs. 0.9701175312962111
--------
nle(id0,id1,dist): 82 86 0.9232476449444579
list:
dist: 0.9232476449444579 vs. 0.9232476449444579
--------
nle(id0,id1,dist): 82 85 0.7282493862719898
list:
dist: 0.7282493862719898 vs. 0.7282493862719898
--------
nle(id0,id1,dist): 80 135 3.904737337673026
list:
dist: 3.904737337673026 vs. 3.904737337673026
--------
nle(id0,id1,dist): 74 76 1.1356322705206485
list:
dist: 1.1356322705206485 vs. 1.1356322705206485
--------
nle(id0,id1,dist): 74 75 1.8423943411142996
list:
dist: 1.8423943411142996 vs. 1.8423943411142996
--------
nle(id0,id1,dist): 74 78 1.7109675162945328
list:
dist: 1.7109675162945328 vs. 1.7109675162945328
--------
nle(id0,id1,dist): 74 77 1.7218211980497007
list:
dist: 1.7218211980497007 vs. 1.7218211980497007
--------
nle(id0,id1,dist): 74 83 0.7708702940537588
list:
dist: 0.7708702940537588 vs. 0.7708702940537588
--------
nle(id0,id1,dist): 74 84 1.8531746001886378
list:
dist: 1.8531746001886378 vs. 1.8531746001886378
--------
nle(id0,id1,dist): 74 85 2.2151142027010073
list:
dist: 2.2151142027010073 vs. 2.2151142027010073
--------
nle(id0,id1,dist): 74 86 2.243950091892743
list:
dist: 2.243950091892743 vs. 2.243950091892743
--------
nle(id0,id1,dist): 74 79 2.487990555246398
list:
dist: 2.487990555246398 vs. 2.487990555246398
--------
nle(id0,id1,dist): 74 80 1.092443023657013
list:
dist: 1.092443023657013 vs. 1.092443023657013
--------
nle(id0,id1,dist): 74 81 1.3374555687392304
list:
dist: 1.3374555687392304 vs. 1.3374555687392304
--------
nle(id0,id1,dist): 74 82 1.726874793588317
list:
dist: 1.726874793588317 vs. 1.726874793588317
--------
nle(id0,id1,dist): 74 94 3.936474760512109
list:
dist: 3.936474760512109 vs. 3.936474760512109
--------
nle(id0,id1,dist): 74 87 1.922794832119456
list:
dist: 1.922794832119456 vs. 1.922794832119456
--------
nle(id0,id1,dist): 74 88 2.8196850357390004
list:
dist: 2.8196850357390004 vs. 2.8196850357390004
--------
nle(id0,id1,dist): 74 89 2.162001558933914
list:
dist: 2.162001558933914 vs. 2.162001558933914
--------
nle(id0,id1,dist): 73 75 0.9042657993029075
list:
dist: 0.9042657993029075 vs. 0.9042657993029075
--------
nle(id0,id1,dist): 73 74 1.2051513204771325
list:
dist: 1.2051513204771325 vs. 1.2051513204771325
--------
nle(id0,id1,dist): 73 83 1.166826675688835
list:
dist: 1.166826675688835 vs. 1.166826675688835
--------
nle(id0,id1,dist): 73 82 1.726339489644657
list:
dist: 1.726339489644657 vs. 1.726339489644657
--------
nle(id0,id1,dist): 73 81 0.7851262814450507
list:
dist: 0.7851262814450507 vs. 0.7851262814450507
--------
nle(id0,id1,dist): 73 80 2.1056784053964925
list:
dist: 2.1056784053964925 vs. 2.1056784053964925
--------
nle(id0,id1,dist): 73 79 1.5199208321334774
list:
dist: 1.5199208321334774 vs. 1.5199208321334774
--------
nle(id0,id1,dist): 73 78 1.2043041879972791
list:
dist: 1.2043041879972791 vs. 1.2043041879972791
--------
nle(id0,id1,dist): 73 77 2.2547430876022356
list:
dist: 2.2547430876022356 vs. 2.2547430876022356
--------
nle(id0,id1,dist): 73 76 1.1871140454599785
list:
dist: 1.1871140454599785 vs. 1.1871140454599785
--------
nle(id0,id1,dist): 73 88 2.4251715410237775
list:
dist: 2.4251715410237775 vs. 2.4251715410237775
--------
nle(id0,id1,dist): 73 89 2.622739858422227
list:
dist: 2.622739858422227 vs. 2.622739858422227
--------
nle(id0,id1,dist): 73 86 1.7845776793722257
list:
dist: 1.7845776793722257 vs. 1.7845776793722257
--------
nle(id0,id1,dist): 73 87 2.7866439910260707
list:
dist: 2.7866439910260707 vs. 2.7866439910260707
--------
nle(id0,id1,dist): 73 84 2.860850856754889
list:
dist: 2.860850856754889 vs. 2.860850856754889
--------
nle(id0,id1,dist): 73 85 2.3169661389375142
list:
dist: 2.3169661389375142 vs. 2.3169661389375142
--------
nle(id0,id1,dist): 73 96 4.168490211608077
list:
dist: 4.168490211608077 vs. 4.168490211608077
--------
nle(id0,id1,dist): 73 94 4.2908856712666195
list:
dist: 4.2908856712666195 vs. 4.2908856712666195
--------
nle(id0,id1,dist): 72 74 1.646784206056281
list:
dist: 1.646784206056281 vs. 1.646784206056281
--------
nle(id0,id1,dist): 72 73 1.8890450072495948
list:
dist: 1.8890450072495948 vs. 1.8890450072495948
--------
nle(id0,id1,dist): 72 76 2.5689589513950297
list:
dist: 2.5689589513950297 vs. 2.5689589513950297
--------
nle(id0,id1,dist): 72 75 2.769188495031757
list:
dist: 2.769188495031757 vs. 2.769188495031757
--------
nle(id0,id1,dist): 72 78 2.9932694609374755
list:
dist: 2.9932694609374755 vs. 2.9932694609374755
--------
nle(id0,id1,dist): 72 77 3.368378938505483
list:
dist: 3.368378938505483 vs. 3.368378938505483
--------
nle(id0,id1,dist): 72 80 2.597080927187492
list:
dist: 2.597080927187492 vs. 2.597080927187492
--------
nle(id0,id1,dist): 72 79 3.1189358203921573
list:
dist: 3.1189358203921573 vs. 3.1189358203921573
--------
nle(id0,id1,dist): 72 82 3.235780574800219
list:
dist: 3.235780574800219 vs. 3.235780574800219
--------
nle(id0,id1,dist): 72 81 1.8653858702390058
list:
dist: 1.8653858702390058 vs. 1.8653858702390058
--------
nle(id0,id1,dist): 72 84 3.0542069854817235
list:
dist: 3.0542069854817235 vs. 3.0542069854817235
--------
nle(id0,id1,dist): 72 83 2.3004904703306335
list:
dist: 2.3004904703306335 vs. 2.3004904703306335
--------
nle(id0,id1,dist): 72 86 3.585386637904521
list:
dist: 3.585386637904521 vs. 3.585386637904521
--------
nle(id0,id1,dist): 72 88 4.216403404942955
list:
dist: 4.216403404942955 vs. 4.216403404942955
--------
nle(id0,id1,dist): 72 87 3.4642567193916696
list:
dist: 3.4642567193916696 vs. 3.4642567193916696
--------
nle(id0,id1,dist): 71 81 1.5613450442610095
list:
dist: 1.5613450442610095 vs. 1.5613450442610095
--------
nle(id0,id1,dist): 71 80 2.1598976688093905
list:
dist: 2.1598976688093905 vs. 2.1598976688093905
--------
nle(id0,id1,dist): 71 79 1.997311241937449
list:
dist: 1.997311241937449 vs. 1.997311241937449
--------
nle(id0,id1,dist): 71 78 2.019520780999679
list:
dist: 2.019520780999679 vs. 2.019520780999679
--------
nle(id0,id1,dist): 71 84 2.9485083466158652
list:
dist: 2.9485083466158652 vs. 2.9485083466158652
--------
nle(id0,id1,dist): 71 83 1.6287256326391324
list:
dist: 1.6287256326391324 vs. 1.6287256326391324
--------
nle(id0,id1,dist): 71 82 2.4338466096918294
list:
dist: 2.4338466096918294 vs. 2.4338466096918294
--------
nle(id0,id1,dist): 71 88 3.1697129582145624
list:
dist: 3.1697129582145624 vs. 3.1697129582145624
--------
nle(id0,id1,dist): 71 87 2.9468299436846976
list:
dist: 2.9468299436846976 vs. 2.9468299436846976
--------
nle(id0,id1,dist): 71 86 2.5755696952801284
list:
dist: 2.5755696952801284 vs. 2.5755696952801284
--------
nle(id0,id1,dist): 71 91 4.058730985791335
list:
dist: 4.058730985791335 vs. 4.058730985791335
--------
nle(id0,id1,dist): 71 90 4.872945862336741
list:
dist: 4.872945862336741 vs. 4.872945862336741
--------
nle(id0,id1,dist): 71 96 3.5709791051067956
list:
dist: 3.5709791051067956 vs. 3.5709791051067956
--------
nle(id0,id1,dist): 71 94 3.4838571571101955
list:
dist: 3.4838571571101955 vs. 3.4838571571101955
--------
nle(id0,id1,dist): 71 95 4.084434136083919
list:
dist: 4.084434136083919 vs. 4.084434136083919
--------
nle(id0,id1,dist): 71 99 4.060367119740406
list:
dist: 4.060367119740406 vs. 4.060367119740406
--------
nle(id0,id1,dist): 71 102 5.087673487815686
list:
dist: 5.087673487815686 vs. 5.087673487815686
--------
nle(id0,id1,dist): 77 94 4.303352959619844
list:
dist: 4.303352959619844 vs. 4.303352959619844
--------
nle(id0,id1,dist): 77 95 4.5857099468935285
list:
dist: 4.5857099468935285 vs. 4.5857099468935285
--------
nle(id0,id1,dist): 77 88 1.8798130518460996
list:
dist: 1.8798130518460996 vs. 1.8798130518460996
--------
nle(id0,id1,dist): 77 89 0.5437938272750076
list:
dist: 0.5437938272750076 vs. 0.5437938272750076
--------
nle(id0,id1,dist): 77 84 1.7597806934981535
list:
dist: 1.7597806934981535 vs. 1.7597806934981535
--------
nle(id0,id1,dist): 77 85 1.2964447088719808
list:
dist: 1.2964447088719808 vs. 1.2964447088719808
--------
nle(id0,id1,dist): 77 86 1.6488451302411782
list:
dist: 1.6488451302411782 vs. 1.6488451302411782
--------
nle(id0,id1,dist): 77 87 0.8993701316669286
list:
dist: 0.8993701316669286 vs. 0.8993701316669286
--------
nle(id0,id1,dist): 77 80 1.0887498265651776
list:
dist: 1.0887498265651776 vs. 1.0887498265651776
--------
nle(id0,id1,dist): 77 81 2.4317999230460696
list:
dist: 2.4317999230460696 vs. 2.4317999230460696
--------
nle(id0,id1,dist): 77 82 1.0078204233164
list:
dist: 1.0078204233164 vs. 1.0078204233164
--------
nle(id0,id1,dist): 77 83 1.2319639485009164
list:
dist: 1.2319639485009164 vs. 1.2319639485009164
--------
nle(id0,id1,dist): 77 96 3.5805678445416236
list:
dist: 3.5805678445416236 vs. 3.5805678445416236
--------
nle(id0,id1,dist): 77 99 4.455012009418506
list:
dist: 4.455012009418506 vs. 4.455012009418506
--------
nle(id0,id1,dist): 76 96 3.350656168639105
list:
dist: 3.350656168639105 vs. 3.350656168639105
--------
nle(id0,id1,dist): 76 94 3.778307363800554
list:
dist: 3.778307363800554 vs. 3.778307363800554
--------
nle(id0,id1,dist): 76 89 1.6908164484757455
list:
dist: 1.6908164484757455 vs. 1.6908164484757455
--------
nle(id0,id1,dist): 76 87 1.9361662757970013
list:
dist: 1.9361662757970013 vs. 1.9361662757970013
--------
nle(id0,id1,dist): 76 88 1.8010820298804564
list:
dist: 1.8010820298804564 vs. 1.8010820298804564
--------
nle(id0,id1,dist): 76 85 1.8221302030834168
list:
dist: 1.8221302030834168 vs. 1.8221302030834168
--------
nle(id0,id1,dist): 76 86 1.2840999974294354
list:
dist: 1.2840999974294354 vs. 1.2840999974294354
--------
nle(id0,id1,dist): 77 79 2.88214253977947
list:
dist: 2.88214253977947 vs. 2.88214253977947
--------
nle(id0,id1,dist): 77 78 1.5726521473999213
list:
dist: 1.5726521473999213 vs. 1.5726521473999213
--------
nle(id0,id1,dist): 74 135 4.877017106634803
list:
dist: 4.877017106634803 vs. 4.877017106634803
--------
nle(id0,id1,dist): 75 94 4.810880973002325
list:
dist: 4.810880973002325 vs. 4.810880973002325
--------
nle(id0,id1,dist): 75 96 4.5236544865656425
list:
dist: 4.5236544865656425 vs. 4.5236544865656425
--------
nle(id0,id1,dist): 76 78 0.8713689149993759
list:
dist: 0.8713689149993759 vs. 0.8713689149993759
--------
nle(id0,id1,dist): 76 77 1.2375858102123025
list:
dist: 1.2375858102123025 vs. 1.2375858102123025
--------
nle(id0,id1,dist): 76 80 1.482707428042689
list:
dist: 1.482707428042689 vs. 1.482707428042689
--------
nle(id0,id1,dist): 76 79 1.7631920464761588
list:
dist: 1.7631920464761588 vs. 1.7631920464761588
--------
nle(id0,id1,dist): 76 82 1.1187115511255854
list:
dist: 1.1187115511255854 vs. 1.1187115511255854
--------
nle(id0,id1,dist): 76 81 1.6816534755703005
list:
dist: 1.6816534755703005 vs. 1.6816534755703005
--------
nle(id0,id1,dist): 76 84 2.4030821002952796
list:
dist: 2.4030821002952796 vs. 2.4030821002952796
--------
nle(id0,id1,dist): 76 83 0.8279735932916926
list:
dist: 0.8279735932916926 vs. 0.8279735932916926
--------
nle(id0,id1,dist): 74 95 4.353388218701103
list:
dist: 4.353388218701103 vs. 4.353388218701103
--------
nle(id0,id1,dist): 74 96 3.7191038682546633
list:
dist: 3.7191038682546633 vs. 3.7191038682546633
--------
nle(id0,id1,dist): 74 99 4.345236864377916
list:
dist: 4.345236864377916 vs. 4.345236864377916
--------
nle(id0,id1,dist): 74 122 5.041797414871451
list:
dist: 5.041797414871451 vs. 5.041797414871451
--------
nle(id0,id1,dist): 75 85 1.8985520219618763
list:
dist: 1.8985520219618763 vs. 1.8985520219618763
--------
nle(id0,id1,dist): 75 84 3.127835457323772
list:
dist: 3.127835457323772 vs. 3.127835457323772
--------
nle(id0,id1,dist): 75 83 1.3904412383599025
list:
dist: 1.3904412383599025 vs. 1.3904412383599025
--------
nle(id0,id1,dist): 75 82 1.3624646241132676
list:
dist: 1.3624646241132676 vs. 1.3624646241132676
--------
nle(id0,id1,dist): 75 89 2.4190377961099867
list:
dist: 2.4190377961099867 vs. 2.4190377961099867
--------
nle(id0,id1,dist): 75 88 1.7331023598504753
list:
dist: 1.7331023598504753 vs. 1.7331023598504753
--------
nle(id0,id1,dist): 75 87 2.8771281505596598
list:
dist: 2.8771281505596598 vs. 2.8771281505596598
--------
nle(id0,id1,dist): 75 86 1.121076838539581
list:
dist: 1.121076838539581 vs. 1.121076838539581
--------
nle(id0,id1,dist): 75 77 2.1929526100214654
list:
dist: 2.1929526100214654 vs. 2.1929526100214654
--------
nle(id0,id1,dist): 75 76 1.3296951115489337
list:
dist: 1.3296951115489337 vs. 1.3296951115489337
--------
nle(id0,id1,dist): 75 81 1.1748116744999118
list:
dist: 1.1748116744999118 vs. 1.1748116744999118
--------
nle(id0,id1,dist): 75 80 2.4136145472996433
list:
dist: 2.4136145472996433 vs. 2.4136145472996433
--------
nle(id0,id1,dist): 75 79 1.344874156110203
list:
dist: 1.344874156110203 vs. 1.344874156110203
--------
nle(id0,id1,dist): 75 78 0.6973965422548933
list:
dist: 0.6973965422548933 vs. 0.6973965422548933
--------
nle(id0,id1,dist): 119 149 3.6921064948897655
list:
dist: 3.6921064948897655 vs. 3.6921064948897655
--------
nle(id0,id1,dist): 119 146 3.308311871700584
list:
dist: 3.308311871700584 vs. 3.308311871700584
--------
nle(id0,id1,dist): 119 138 2.7773284155113305
list:
dist: 2.7773284155113305 vs. 2.7773284155113305
--------
nle(id0,id1,dist): 120 148 4.399068489886427
list:
dist: 4.399068489886427 vs. 4.399068489886427
--------
nle(id0,id1,dist): 120 137 2.7464742263644313
list:
dist: 2.7464742263644313 vs. 2.7464742263644313
--------
nle(id0,id1,dist): 120 139 3.469376091631524
list:
dist: 3.469376091631524 vs. 3.469376091631524
--------
nle(id0,id1,dist): 120 140 2.923783682988048
list:
dist: 2.923783682988048 vs. 2.923783682988048
--------
nle(id0,id1,dist): 120 141 3.6466065428754253
list:
dist: 3.6466065428754253 vs. 3.6466065428754253
--------
nle(id0,id1,dist): 120 144 2.8776276167312598
list:
dist: 2.8776276167312598 vs. 2.8776276167312598
--------
nle(id0,id1,dist): 120 130 1.9160149693691073
list:
dist: 1.9160149693691073 vs. 1.9160149693691073
--------
nle(id0,id1,dist): 120 129 3.3108880435588435
list:
dist: 3.3108880435588435 vs. 3.3108880435588435
--------
nle(id0,id1,dist): 120 132 2.859018651511273
list:
dist: 2.859018651511273 vs. 2.859018651511273
--------
nle(id0,id1,dist): 120 131 2.361954076550807
list:
dist: 2.361954076550807 vs. 2.361954076550807
--------
nle(id0,id1,dist): 120 134 2.887684826233219
list:
dist: 2.887684826233219 vs. 2.887684826233219
--------
nle(id0,id1,dist): 120 135 2.547344917408455
list:
dist: 2.547344917408455 vs. 2.547344917408455
--------
nle(id0,id1,dist): 120 122 1.48153145930685
list:
dist: 1.48153145930685 vs. 1.48153145930685
--------
nle(id0,id1,dist): 120 121 1.0764499730855608
list:
dist: 1.0764499730855608 vs. 1.0764499730855608
--------
nle(id0,id1,dist): 120 124 3.1424988610963656
list:
dist: 3.1424988610963656 vs. 3.1424988610963656
--------
nle(id0,id1,dist): 120 123 1.7364429041120728
list:
dist: 1.7364429041120728 vs. 1.7364429041120728
--------
nle(id0,id1,dist): 120 126 1.5106565795341071
list:
dist: 1.5106565795341071 vs. 1.5106565795341071
--------
nle(id0,id1,dist): 120 125 2.849842779041906
list:
dist: 2.849842779041906 vs. 2.849842779041906
--------
nle(id0,id1,dist): 120 128 3.2790252596835883
list:
dist: 3.2790252596835883 vs. 3.2790252596835883
--------
nle(id0,id1,dist): 120 127 2.943527068302983
list:
dist: 2.943527068302983 vs. 2.943527068302983
--------
nle(id0,id1,dist): 121 140 2.5298715301323482
list:
dist: 2.5298715301323482 vs. 2.5298715301323482
--------
nle(id0,id1,dist): 121 141 2.8015813684486837
list:
dist: 2.8015813684486837 vs. 2.8015813684486837
--------
nle(id0,id1,dist): 121 144 2.281835376624301
list:
dist: 2.281835376624301 vs. 2.281835376624301
--------
nle(id0,id1,dist): 121 134 2.3980958621334887
list:
dist: 2.3980958621334887 vs. 2.3980958621334887
--------
nle(id0,id1,dist): 121 135 2.183532661178803
list:
dist: 2.183532661178803 vs. 2.183532661178803
--------
nle(id0,id1,dist): 121 132 2.1907598189985045
list:
dist: 2.1907598189985045 vs. 2.1907598189985045
--------
nle(id0,id1,dist): 121 139 2.5225655433391836
list:
dist: 2.5225655433391836 vs. 2.5225655433391836
--------
nle(id0,id1,dist): 121 136 2.710675808914346
list:
dist: 2.710675808914346 vs. 2.710675808914346
--------
nle(id0,id1,dist): 121 137 2.0305978657636388
list:
dist: 2.0305978657636388 vs. 2.0305978657636388
--------
nle(id0,id1,dist): 121 127 2.189163636978684
list:
dist: 2.189163636978684 vs. 2.189163636978684
--------
nle(id0,id1,dist): 121 126 0.48057772382072506
list:
dist: 0.48057772382072506 vs. 0.48057772382072506
--------
nle(id0,id1,dist): 121 125 1.996702876620594
list:
dist: 1.996702876620594 vs. 1.996702876620594
--------
nle(id0,id1,dist): 121 124 2.375788303136983
list:
dist: 2.375788303136983 vs. 2.375788303136983
--------
nle(id0,id1,dist): 121 131 1.7542223983039427
list:
dist: 1.7542223983039427 vs. 1.7542223983039427
--------
nle(id0,id1,dist): 121 130 1.2689727928395653
list:
dist: 1.2689727928395653 vs. 1.2689727928395653
--------
nle(id0,id1,dist): 121 129 2.443731963347944
list:
dist: 2.443731963347944 vs. 2.443731963347944
--------
nle(id0,id1,dist): 121 128 2.3916848120984757
list:
dist: 2.3916848120984757 vs. 2.3916848120984757
--------
nle(id0,id1,dist): 121 123 2.457495782362665
list:
dist: 2.457495782362665 vs. 2.457495782362665
--------
nle(id0,id1,dist): 121 122 0.6862711397864318
list:
dist: 0.6862711397864318 vs. 0.6862711397864318
--------
nle(id0,id1,dist): 122 132 2.0167151412570252
list:
dist: 2.0167151412570252 vs. 2.0167151412570252
--------
nle(id0,id1,dist): 122 131 1.6973865935603023
list:
dist: 1.6973865935603023 vs. 1.6973865935603023
--------
nle(id0,id1,dist): 122 134 2.2795579859972603
list:
dist: 2.2795579859972603 vs. 2.2795579859972603
--------
nle(id0,id1,dist): 122 128 2.4327593539101016
list:
dist: 2.4327593539101016 vs. 2.4327593539101016
--------
nle(id0,id1,dist): 122 127 2.012454956110383
list:
dist: 2.012454956110383 vs. 2.012454956110383
--------
nle(id0,id1,dist): 122 130 0.992095038590387
list:
dist: 0.992095038590387 vs. 0.992095038590387
--------
nle(id0,id1,dist): 122 129 2.695606960341389
list:
dist: 2.695606960341389 vs. 2.695606960341389
--------
nle(id0,id1,dist): 122 140 1.9687018914115482
list:
dist: 1.9687018914115482 vs. 1.9687018914115482
--------
nle(id0,id1,dist): 122 139 2.2326896852543676
list:
dist: 2.2326896852543676 vs. 2.2326896852543676
--------
nle(id0,id1,dist): 122 141 2.4358427204779582
list:
dist: 2.4358427204779582 vs. 2.4358427204779582
--------
nle(id0,id1,dist): 122 136 2.4445229118794907
list:
dist: 2.4445229118794907 vs. 2.4445229118794907
--------
nle(id0,id1,dist): 122 135 1.5354028893690397
list:
dist: 1.5354028893690397 vs. 1.5354028893690397
--------
nle(id0,id1,dist): 122 138 2.4875905985316087
list:
dist: 2.4875905985316087 vs. 2.4875905985316087
--------
nle(id0,id1,dist): 122 137 1.4292364812475171
list:
dist: 1.4292364812475171 vs. 1.4292364812475171
--------
nle(id0,id1,dist): 121 148 3.5270372121507836
list:
dist: 3.5270372121507836 vs. 3.5270372121507836
--------
nle(id0,id1,dist): 122 124 2.5899323351035264
list:
dist: 2.5899323351035264 vs. 2.5899323351035264
--------
nle(id0,id1,dist): 122 125 1.4343090048367515
list:
dist: 1.4343090048367515 vs. 1.4343090048367515
--------
nle(id0,id1,dist): 122 126 0.4199292950122496
list:
dist: 0.4199292950122496 vs. 0.4199292950122496
--------
nle(id0,id1,dist): 123 129 3.733327735821054
list:
dist: 3.733327735821054 vs. 3.733327735821054
--------
nle(id0,id1,dist): 123 128 3.9196436275223494
list:
dist: 3.9196436275223494 vs. 3.9196436275223494
--------
nle(id0,id1,dist): 123 126 2.919022271219199
list:
dist: 2.919022271219199 vs. 2.919022271219199
--------
nle(id0,id1,dist): 123 124 3.505647886775683
list:
dist: 3.505647886775683 vs. 3.505647886775683
--------
nle(id0,id1,dist): 123 134 3.5869266822225803
list:
dist: 3.5869266822225803 vs. 3.5869266822225803
--------
nle(id0,id1,dist): 123 131 3.1839681186529623
list:
dist: 3.1839681186529623 vs. 3.1839681186529623
--------
nle(id0,id1,dist): 122 148 2.9791214964417176
list:
dist: 2.9791214964417176 vs. 2.9791214964417176
--------
nle(id0,id1,dist): 122 146 2.602438264812609
list:
dist: 2.602438264812609 vs. 2.602438264812609
--------
nle(id0,id1,dist): 122 144 1.6850631388301565
list:
dist: 1.6850631388301565 vs. 1.6850631388301565
--------
nle(id0,id1,dist): 124 126 2.2724586500197406
list:
dist: 2.2724586500197406 vs. 2.2724586500197406
--------
nle(id0,id1,dist): 124 125 2.58120576922666
list:
dist: 2.58120576922666 vs. 2.58120576922666
--------
nle(id0,id1,dist): 124 128 0.6527919317259585
list:
dist: 0.6527919317259585 vs. 0.6527919317259585
--------
nle(id0,id1,dist): 124 127 1.51071813283192
list:
dist: 1.51071813283192 vs. 1.51071813283192
--------
nle(id0,id1,dist): 124 130 2.1063083359054633
list:
dist: 2.1063083359054633 vs. 2.1063083359054633
--------
nle(id0,id1,dist): 124 129 0.7993844399674829
list:
dist: 0.7993844399674829 vs. 0.7993844399674829
--------
nle(id0,id1,dist): 124 132 1.6546045856250005
list:
dist: 1.6546045856250005 vs. 1.6546045856250005
--------
nle(id0,id1,dist): 124 131 1.550719545562358
list:
dist: 1.550719545562358 vs. 1.550719545562358
--------
nle(id0,id1,dist): 125 127 1.464654139204462
list:
dist: 1.464654139204462 vs. 1.464654139204462
--------
nle(id0,id1,dist): 125 126 1.5540537018694853
list:
dist: 1.5540537018694853 vs. 1.5540537018694853
--------
nle(id0,id1,dist): 124 135 3.7194701799201826
list:
dist: 3.7194701799201826 vs. 3.7194701799201826
--------
nle(id0,id1,dist): 124 136 1.962446014630736
list:
dist: 1.962446014630736 vs. 1.962446014630736
--------
nle(id0,id1,dist): 124 133 1.6109183011244845
list:
dist: 1.6109183011244845 vs. 1.6109183011244845
--------
nle(id0,id1,dist): 124 134 1.8860955659052017
list:
dist: 1.8860955659052017 vs. 1.8860955659052017
--------
nle(id0,id1,dist): 124 139 1.8051296993402564
list:
dist: 1.8051296993402564 vs. 1.8051296993402564
--------
nle(id0,id1,dist): 124 140 3.3911478837287095
list:
dist: 3.3911478837287095 vs. 3.3911478837287095
--------
nle(id0,id1,dist): 124 137 2.793729177344473
list:
dist: 2.793729177344473 vs. 2.793729177344473
--------
nle(id0,id1,dist): 124 143 2.6857734608837873
list:
dist: 2.6857734608837873 vs. 2.6857734608837873
--------
nle(id0,id1,dist): 124 144 3.0403935981307653
list:
dist: 3.0403935981307653 vs. 3.0403935981307653
--------
nle(id0,id1,dist): 124 141 2.1907813155401388
list:
dist: 2.1907813155401388 vs. 2.1907813155401388
--------
nle(id0,id1,dist): 124 142 2.265999967194392
list:
dist: 2.265999967194392 vs. 2.265999967194392
--------
nle(id0,id1,dist): 124 147 3.0494837060815603
list:
dist: 3.0494837060815603 vs. 3.0494837060815603
--------
nle(id0,id1,dist): 124 148 3.422349182804667
list:
dist: 3.422349182804667 vs. 3.422349182804667
--------
nle(id0,id1,dist): 124 145 2.6179881913976466
list:
dist: 2.6179881913976466 vs. 2.6179881913976466
--------
nle(id0,id1,dist): 112 117 1.7285337558061848
list:
dist: 1.7285337558061848 vs. 1.7285337558061848
--------
nle(id0,id1,dist): 112 118 1.9757631276538106
list:
dist: 1.9757631276538106 vs. 1.9757631276538106
--------
nle(id0,id1,dist): 112 115 1.9360826173881422
list:
dist: 1.9360826173881422 vs. 1.9360826173881422
--------
nle(id0,id1,dist): 112 116 2.0821023168302397
list:
dist: 2.0821023168302397 vs. 2.0821023168302397
--------
nle(id0,id1,dist): 112 113 1.20087935712467
list:
dist: 1.20087935712467 vs. 1.20087935712467
--------
nle(id0,id1,dist): 112 114 2.1906055846849513
list:
dist: 2.1906055846849513 vs. 2.1906055846849513
--------
nle(id0,id1,dist): 113 116 1.624517331250341
list:
dist: 1.624517331250341 vs. 1.624517331250341
--------
nle(id0,id1,dist): 113 117 1.3619304549344717
list:
dist: 1.3619304549344717 vs. 1.3619304549344717
--------
nle(id0,id1,dist): 113 118 1.3643575070250613
list:
dist: 1.3643575070250613 vs. 1.3643575070250613
--------
nle(id0,id1,dist): 113 114 1.5957162842750505
list:
dist: 1.5957162842750505 vs. 1.5957162842750505
--------
nle(id0,id1,dist): 113 115 0.9503024835974583
list:
dist: 0.9503024835974583 vs. 0.9503024835974583
--------
nle(id0,id1,dist): 114 117 1.1839335962625637
list:
dist: 1.1839335962625637 vs. 1.1839335962625637
--------
nle(id0,id1,dist): 114 118 1.0745031234303768
list:
dist: 1.0745031234303768 vs. 1.0745031234303768
--------
nle(id0,id1,dist): 114 115 1.5371254950923192
list:
dist: 1.5371254950923192 vs. 1.5371254950923192
--------
nle(id0,id1,dist): 114 116 1.3289749453112536
list:
dist: 1.3289749453112536 vs. 1.3289749453112536
--------
nle(id0,id1,dist): 115 118 1.825095497931989
list:
dist: 1.825095497931989 vs. 1.825095497931989
--------
nle(id0,id1,dist): 115 116 2.1636722644638917
list:
dist: 2.1636722644638917 vs. 2.1636722644638917
--------
nle(id0,id1,dist): 115 117 1.9484016043980332
list:
dist: 1.9484016043980332 vs. 1.9484016043980332
--------
nle(id0,id1,dist): 116 117 0.38064220034059126
list:
dist: 0.38064220034059126 vs. 0.38064220034059126
--------
nle(id0,id1,dist): 116 118 0.3509880555019158
list:
dist: 0.3509880555019158 vs. 0.3509880555019158
--------
nle(id0,id1,dist): 117 118 0.37912608192633707
list:
dist: 0.37912608192633707 vs. 0.37912608192633707
--------
nle(id0,id1,dist): 106 109 1.3633686221659378
list:
dist: 1.3633686221659378 vs. 1.3633686221659378
--------
nle(id0,id1,dist): 106 108 0.9091195803683331
list:
dist: 0.9091195803683331 vs. 0.9091195803683331
--------
nle(id0,id1,dist): 106 107 1.935889062765076
list:
dist: 1.935889062765076 vs. 1.935889062765076
--------
nle(id0,id1,dist): 105 109 1.0695366837057982
list:
dist: 1.0695366837057982 vs. 1.0695366837057982
--------
nle(id0,id1,dist): 105 108 0.6133927839355422
list:
dist: 0.6133927839355422 vs. 0.6133927839355422
--------
nle(id0,id1,dist): 105 107 1.360810486025545
list:
dist: 1.360810486025545 vs. 1.360810486025545
--------
nle(id0,id1,dist): 105 106 1.0472406992342194
list:
dist: 1.0472406992342194 vs. 1.0472406992342194
--------
nle(id0,id1,dist): 108 115 3.46849516445459
list:
dist: 3.46849516445459 vs. 3.46849516445459
--------
nle(id0,id1,dist): 108 116 3.9003748531957085
list:
dist: 3.9003748531957085 vs. 3.9003748531957085
--------
nle(id0,id1,dist): 108 113 3.2461750674271452
list:
dist: 3.2461750674271452 vs. 3.2461750674271452
--------
nle(id0,id1,dist): 108 114 3.43337684402135
list:
dist: 3.43337684402135 vs. 3.43337684402135
--------
nle(id0,id1,dist): 108 112 2.3407795882494393
list:
dist: 2.3407795882494393 vs. 2.3407795882494393
--------
nle(id0,id1,dist): 108 109 0.7306257504105453
list:
dist: 0.7306257504105453 vs. 0.7306257504105453
--------
nle(id0,id1,dist): 108 110 3.068814919034127
list:
dist: 3.068814919034127 vs. 3.068814919034127
--------
nle(id0,id1,dist): 107 118 3.1552159451307333
list:
dist: 3.1552159451307333 vs. 3.1552159451307333
--------
nle(id0,id1,dist): 107 114 2.7870379897068847
list:
dist: 2.7870379897068847 vs. 2.7870379897068847
--------
nle(id0,id1,dist): 107 115 3.290120923851569
list:
dist: 3.290120923851569 vs. 3.290120923851569
--------
nle(id0,id1,dist): 107 116 3.196667871908581
list:
dist: 3.196667871908581 vs. 3.196667871908581
--------
nle(id0,id1,dist): 107 117 2.863586372205221
list:
dist: 2.863586372205221 vs. 2.863586372205221
--------
nle(id0,id1,dist): 107 110 2.5526210831438454
list:
dist: 2.5526210831438454 vs. 2.5526210831438454
--------
nle(id0,id1,dist): 107 112 2.1890115815967706
list:
dist: 2.1890115815967706 vs. 2.1890115815967706
--------
nle(id0,id1,dist): 107 113 2.9979364729408537
list:
dist: 2.9979364729408537 vs. 2.9979364729408537
--------
nle(id0,id1,dist): 107 108 1.0997874569903965
list:
dist: 1.0997874569903965 vs. 1.0997874569903965
--------
nle(id0,id1,dist): 107 109 0.6761150612491135
list:
dist: 0.6761150612491135 vs. 0.6761150612491135
--------
nle(id0,id1,dist): 109 114 3.185251893673233
list:
dist: 3.185251893673233 vs. 3.185251893673233
--------
nle(id0,id1,dist): 109 115 3.5106068429786927
list:
dist: 3.5106068429786927 vs. 3.5106068429786927
--------
nle(id0,id1,dist): 109 112 2.5634258840178346
list:
dist: 2.5634258840178346 vs. 2.5634258840178346
--------
nle(id0,id1,dist): 109 113 3.3469345682788916
list:
dist: 3.3469345682788916 vs. 3.3469345682788916
--------
nle(id0,id1,dist): 109 118 3.6697396717177884
list:
dist: 3.6697396717177884 vs. 3.6697396717177884
--------
nle(id0,id1,dist): 109 116 3.7526627131880232
list:
dist: 3.7526627131880232 vs. 3.7526627131880232
--------
nle(id0,id1,dist): 109 117 3.406134082419545
list:
dist: 3.406134082419545 vs. 3.406134082419545
--------
nle(id0,id1,dist): 109 110 3.0829620104907534
list:
dist: 3.0829620104907534 vs. 3.0829620104907534
--------
nle(id0,id1,dist): 108 117 3.531478794420829
list:
dist: 3.531478794420829 vs. 3.531478794420829
--------
nle(id0,id1,dist): 108 118 3.803457139801553
list:
dist: 3.803457139801553 vs. 3.803457139801553
--------
nle(id0,id1,dist): 111 119 3.259730272463517
list:
dist: 3.259730272463517 vs. 3.259730272463517
--------
nle(id0,id1,dist): 111 118 1.719851331499733
list:
dist: 1.719851331499733 vs. 1.719851331499733
--------
nle(id0,id1,dist): 111 116 1.9918821906990092
list:
dist: 1.9918821906990092 vs. 1.9918821906990092
--------
nle(id0,id1,dist): 111 117 1.9159661815608549
list:
dist: 1.9159661815608549 vs. 1.9159661815608549
--------
nle(id0,id1,dist): 111 114 2.063883187964568
list:
dist: 2.063883187964568 vs. 2.063883187964568
--------
nle(id0,id1,dist): 111 115 1.1544057771165916
list:
dist: 1.1544057771165916 vs. 1.1544057771165916
--------
nle(id0,id1,dist): 111 112 2.2049513245868186
list:
dist: 2.2049513245868186 vs. 2.2049513245868186
--------
nle(id0,id1,dist): 111 113 1.0555376689609168
list:
dist: 1.0555376689609168 vs. 1.0555376689609168
--------
nle(id0,id1,dist): 110 111 1.976383970133122
list:
dist: 1.976383970133122 vs. 1.976383970133122
--------
nle(id0,id1,dist): 110 112 1.0394674241376345
list:
dist: 1.0394674241376345 vs. 1.0394674241376345
--------
nle(id0,id1,dist): 110 113 1.1563729453867195
list:
dist: 1.1563729453867195 vs. 1.1563729453867195
--------
nle(id0,id1,dist): 110 114 1.696268141134718
list:
dist: 1.696268141134718 vs. 1.696268141134718
--------
nle(id0,id1,dist): 110 115 1.9936185304741079
list:
dist: 1.9936185304741079 vs. 1.9936185304741079
--------
nle(id0,id1,dist): 110 116 1.098253345181876
list:
dist: 1.098253345181876 vs. 1.098253345181876
--------
nle(id0,id1,dist): 110 117 0.7874037511170041
list:
dist: 0.7874037511170041 vs. 0.7874037511170041
--------
nle(id0,id1,dist): 110 118 1.0932505820079785
list:
dist: 1.0932505820079785 vs. 1.0932505820079785
--------
nle(id0,id1,dist): 99 107 2.028837634174313
list:
dist: 2.028837634174313 vs. 2.028837634174313
--------
nle(id0,id1,dist): 99 106 1.7651195697027178
list:
dist: 1.7651195697027178 vs. 1.7651195697027178
--------
nle(id0,id1,dist): 99 109 2.01300000299767
list:
dist: 2.01300000299767 vs. 2.01300000299767
--------
nle(id0,id1,dist): 99 108 1.3617776832708042
list:
dist: 1.3617776832708042 vs. 1.3617776832708042
--------
nle(id0,id1,dist): 99 110 2.931045223647279
list:
dist: 2.931045223647279 vs. 2.931045223647279
--------
nle(id0,id1,dist): 99 113 3.1461098502747338
list:
dist: 3.1461098502747338 vs. 3.1461098502747338
--------
nle(id0,id1,dist): 99 112 2.030211354250616
list:
dist: 2.030211354250616 vs. 2.030211354250616
--------
nle(id0,id1,dist): 99 101 0.8593190193313486
list:
dist: 0.8593190193313486 vs. 0.8593190193313486
--------
nle(id0,id1,dist): 99 100 1.3700771472109452
list:
dist: 1.3700771472109452 vs. 1.3700771472109452
--------
nle(id0,id1,dist): 99 103 1.3002405227236324
list:
dist: 1.3002405227236324 vs. 1.3002405227236324
--------
nle(id0,id1,dist): 99 102 1.578061146600083
list:
dist: 1.578061146600083 vs. 1.578061146600083
--------
nle(id0,id1,dist): 99 105 1.2742121333894076
list:
dist: 1.2742121333894076 vs. 1.2742121333894076
--------
nle(id0,id1,dist): 99 104 0.6694921702629878
list:
dist: 0.6694921702629878 vs. 0.6694921702629878
--------
nle(id0,id1,dist): 99 116 3.9752140824338773
list:
dist: 3.9752140824338773 vs. 3.9752140824338773
--------
nle(id0,id1,dist): 99 117 3.6128050325732097
list:
dist: 3.6128050325732097 vs. 3.6128050325732097
--------
nle(id0,id1,dist): 99 118 3.9110536488903263
list:
dist: 3.9110536488903263 vs. 3.9110536488903263
--------
nle(id0,id1,dist): 98 114 2.509437117079359
list:
dist: 2.509437117079359 vs. 2.509437117079359
--------
nle(id0,id1,dist): 98 113 2.356621047540237
list:
dist: 2.356621047540237 vs. 2.356621047540237
--------
nle(id0,id1,dist): 98 112 1.4595319333443753
list:
dist: 1.4595319333443753 vs. 1.4595319333443753
--------
nle(id0,id1,dist): 98 118 2.7546590422816375
list:
dist: 2.7546590422816375 vs. 2.7546590422816375
--------
nle(id0,id1,dist): 98 117 2.4644600828354353
list:
dist: 2.4644600828354353 vs. 2.4644600828354353
--------
nle(id0,id1,dist): 98 116 2.8300555311627402
list:
dist: 2.8300555311627402 vs. 2.8300555311627402
--------
nle(id0,id1,dist): 98 115 2.729126106173428
list:
dist: 2.729126106173428 vs. 2.729126106173428
--------
nle(id0,id1,dist): 98 106 1.9530555188257204
list:
dist: 1.9530555188257204 vs. 1.9530555188257204
--------
nle(id0,id1,dist): 98 105 1.4562832497462233
list:
dist: 1.4562832497462233 vs. 1.4562832497462233
--------
nle(id0,id1,dist): 98 104 1.9362139793591382
list:
dist: 1.9362139793591382 vs. 1.9362139793591382
--------
nle(id0,id1,dist): 98 103 1.00005306732515
list:
dist: 1.00005306732515 vs. 1.00005306732515
--------
nle(id0,id1,dist): 98 110 2.016915145553681
list:
dist: 2.016915145553681 vs. 2.016915145553681
--------
nle(id0,id1,dist): 98 109 1.1251670654159578
list:
dist: 1.1251670654159578 vs. 1.1251670654159578
--------
nle(id0,id1,dist): 98 108 1.081974492533364
list:
dist: 1.081974492533364 vs. 1.081974492533364
--------
nle(id0,id1,dist): 98 107 0.7742735876252467
list:
dist: 0.7742735876252467 vs. 0.7742735876252467
--------
nle(id0,id1,dist): 101 103 1.4039677175477345
list:
dist: 1.4039677175477345 vs. 1.4039677175477345
--------
nle(id0,id1,dist): 101 102 1.3236975040996346
list:
dist: 1.3236975040996346 vs. 1.3236975040996346
--------
nle(id0,id1,dist): 101 108 1.1392155911359079
list:
dist: 1.1392155911359079 vs. 1.1392155911359079
--------
nle(id0,id1,dist): 101 109 1.842273135202897
list:
dist: 1.842273135202897 vs. 1.842273135202897
--------
nle(id0,id1,dist): 101 104 1.0653124321590772
list:
dist: 1.0653124321590772 vs. 1.0653124321590772
--------
nle(id0,id1,dist): 101 105 0.9427922601659424
list:
dist: 0.9427922601659424 vs. 0.9427922601659424
--------
nle(id0,id1,dist): 101 106 1.0919032144425966
list:
dist: 1.0919032144425966 vs. 1.0919032144425966
--------
nle(id0,id1,dist): 101 107 2.1306587201627285
list:
dist: 2.1306587201627285 vs. 2.1306587201627285
--------
nle(id0,id1,dist): 100 108 1.1453142397336076
list:
dist: 1.1453142397336076 vs. 1.1453142397336076
--------
nle(id0,id1,dist): 100 107 1.9403963134944788
list:
dist: 1.9403963134944788 vs. 1.9403963134944788
--------
nle(id0,id1,dist): 100 106 1.2999596702184582
list:
dist: 1.2999596702184582 vs. 1.2999596702184582
--------
nle(id0,id1,dist): 100 105 1.5882430021866698
list:
dist: 1.5882430021866698 vs. 1.5882430021866698
--------
nle(id0,id1,dist): 100 104 1.2051338811786376
list:
dist: 1.2051338811786376 vs. 1.2051338811786376
--------
nle(id0,id1,dist): 100 103 0.46368858485060355
list:
dist: 0.46368858485060355 vs. 0.46368858485060355
--------
nle(id0,id1,dist): 100 102 1.98344438413664
list:
dist: 1.98344438413664 vs. 1.98344438413664
--------
nle(id0,id1,dist): 100 101 1.328450219667131
list:
dist: 1.328450219667131 vs. 1.328450219667131
--------
nle(id0,id1,dist): 100 117 3.4432592635197543
list:
dist: 3.4432592635197543 vs. 3.4432592635197543
--------
nle(id0,id1,dist): 100 118 3.650313818238892
list:
dist: 3.650313818238892 vs. 3.650313818238892
--------
nle(id0,id1,dist): 100 115 2.837307345187207
list:
dist: 2.837307345187207 vs. 2.837307345187207
--------
nle(id0,id1,dist): 100 116 3.8228105558008747
list:
dist: 3.8228105558008747 vs. 3.8228105558008747
--------
nle(id0,id1,dist): 100 113 2.725962701110079
list:
dist: 2.725962701110079 vs. 2.725962701110079
--------
nle(id0,id1,dist): 100 114 3.3050911502392775
list:
dist: 3.3050911502392775 vs. 3.3050911502392775
--------
nle(id0,id1,dist): 100 112 1.9988913662686074
list:
dist: 1.9988913662686074 vs. 1.9988913662686074
--------
nle(id0,id1,dist): 100 109 1.698688083983668
list:
dist: 1.698688083983668 vs. 1.698688083983668
--------
nle(id0,id1,dist): 100 110 2.9326216753046337
list:
dist: 2.9326216753046337 vs. 2.9326216753046337
--------
nle(id0,id1,dist): 103 105 1.4093537241476821
list:
dist: 1.4093537241476821 vs. 1.4093537241476821
--------
nle(id0,id1,dist): 103 104 1.336952263848297
list:
dist: 1.336952263848297 vs. 1.336952263848297
--------
nle(id0,id1,dist): 103 107 1.515690408690899
list:
dist: 1.515690408690899 vs. 1.515690408690899
--------
nle(id0,id1,dist): 103 106 1.3853190544203584
list:
dist: 1.3853190544203584 vs. 1.3853190544203584
--------
nle(id0,id1,dist): 103 109 1.379409813186777
list:
dist: 1.379409813186777 vs. 1.379409813186777
--------
nle(id0,id1,dist): 103 108 0.9073420295914186
list:
dist: 0.9073420295914186 vs. 0.9073420295914186
--------
nle(id0,id1,dist): 102 106 2.109626540856708
list:
dist: 2.109626540856708 vs. 2.109626540856708
--------
nle(id0,id1,dist): 102 105 2.265144396439544
list:
dist: 2.265144396439544 vs. 2.265144396439544
--------
nle(id0,id1,dist): 102 104 1.2108742682635436
list:
dist: 1.2108742682635436 vs. 1.2108742682635436
--------
nle(id0,id1,dist): 102 103 2.2720905777014173
list:
dist: 2.2720905777014173 vs. 2.2720905777014173
--------
nle(id0,id1,dist): 102 109 3.112529569442325
list:
dist: 3.112529569442325 vs. 3.112529569442325
--------
nle(id0,id1,dist): 102 108 2.386769883941744
list:
dist: 2.386769883941744 vs. 2.386769883941744
--------
nle(id0,id1,dist): 102 107 3.380321139287459
list:
dist: 3.380321139287459 vs. 3.380321139287459
--------
nle(id0,id1,dist): 104 109 2.399501274668419
list:
dist: 2.399501274668419 vs. 2.399501274668419
--------
nle(id0,id1,dist): 104 110 3.0880028195466482
list:
dist: 3.0880028195466482 vs. 3.0880028195466482
--------
nle(id0,id1,dist): 104 112 2.0838723810970707
list:
dist: 2.0838723810970707 vs. 2.0838723810970707
--------
nle(id0,id1,dist): 104 105 1.7555775675149765
list:
dist: 1.7555775675149765 vs. 1.7555775675149765
--------
nle(id0,id1,dist): 104 106 1.8921419093401082
list:
dist: 1.8921419093401082 vs. 1.8921419093401082
--------
nle(id0,id1,dist): 104 107 2.486534386175547
list:
dist: 2.486534386175547 vs. 2.486534386175547
--------
nle(id0,id1,dist): 104 108 1.70361018406716
list:
dist: 1.70361018406716 vs. 1.70361018406716
--------
nle(id0,id1,dist): 104 117 3.777019322266212
list:
dist: 3.777019322266212 vs. 3.777019322266212
--------
nle(id0,id1,dist): 104 118 4.0340823486182105
list:
dist: 4.0340823486182105 vs. 4.0340823486182105
--------
nle(id0,id1,dist): 104 113 3.068829060426495
list:
dist: 3.068829060426495 vs. 3.068829060426495
--------
nle(id0,id1,dist): 104 114 3.992325711223948
list:
dist: 3.992325711223948 vs. 3.992325711223948
--------
nle(id0,id1,dist): 104 115 3.4634987751861313
list:
dist: 3.4634987751861313 vs. 3.4634987751861313
--------
nle(id0,id1,dist): 104 116 4.142704959403716
list:
dist: 4.142704959403716 vs. 4.142704959403716
--------
nle(id0,id1,dist): 103 116 3.4627775820214186
list:
dist: 3.4627775820214186 vs. 3.4627775820214186
--------
nle(id0,id1,dist): 103 117 3.0824380593239913
list:
dist: 3.0824380593239913 vs. 3.0824380593239913
--------
nle(id0,id1,dist): 103 114 2.9791284830133646
list:
dist: 2.9791284830133646 vs. 2.9791284830133646
--------
nle(id0,id1,dist): 103 115 2.6989835144442083
list:
dist: 2.6989835144442083 vs. 2.6989835144442083
--------
nle(id0,id1,dist): 103 112 1.7156535265126243
list:
dist: 1.7156535265126243 vs. 1.7156535265126243
--------
nle(id0,id1,dist): 103 113 2.5125983810989228
list:
dist: 2.5125983810989228 vs. 2.5125983810989228
--------
nle(id0,id1,dist): 103 110 2.585005048977821
list:
dist: 2.585005048977821 vs. 2.585005048977821
--------
nle(id0,id1,dist): 103 118 3.3113066176110553
list:
dist: 3.3113066176110553 vs. 3.3113066176110553
--------
nle(id0,id1,dist): 147 149 1.6678559496908951
list:
dist: 1.6678559496908951 vs. 1.6678559496908951
--------
nle(id0,id1,dist): 147 148 1.8679078684697827
list:
dist: 1.8679078684697827 vs. 1.8679078684697827
--------
nle(id0,id1,dist): 148 149 1.203896330262424
list:
dist: 1.203896330262424 vs. 1.203896330262424
--------
nle(id0,id1,dist): 146 147 2.0181342049552575
list:
dist: 2.0181342049552575 vs. 2.0181342049552575
--------
nle(id0,id1,dist): 146 148 1.2587611138689012
list:
dist: 1.2587611138689012 vs. 1.2587611138689012
--------
nle(id0,id1,dist): 146 149 2.1526986744074685
list:
dist: 2.1526986744074685 vs. 2.1526986744074685
--------
nle(id0,id1,dist): 144 148 1.794882694781247
list:
dist: 1.794882694781247 vs. 1.794882694781247
--------
nle(id0,id1,dist): 144 147 2.519554790599579
list:
dist: 2.519554790599579 vs. 2.519554790599579
--------
nle(id0,id1,dist): 144 146 0.9557956800785782
list:
dist: 0.9557956800785782 vs. 0.9557956800785782
--------
nle(id0,id1,dist): 144 145 2.134755203342958
list:
dist: 2.134755203342958 vs. 2.134755203342958
--------
nle(id0,id1,dist): 144 149 2.8712756321454633
list:
dist: 2.8712756321454633 vs. 2.8712756321454633
--------
nle(id0,id1,dist): 145 149 1.409364644658399
list:
dist: 1.409364644658399 vs. 1.409364644658399
--------
nle(id0,id1,dist): 145 148 1.2547518196508276
list:
dist: 1.2547518196508276 vs. 1.2547518196508276
--------
nle(id0,id1,dist): 145 147 0.9095058414335062
list:
dist: 0.9095058414335062 vs. 0.9095058414335062
--------
nle(id0,id1,dist): 145 146 1.785771614093176
list:
dist: 1.785771614093176 vs. 1.785771614093176
--------
nle(id0,id1,dist): 142 149 2.3094652326186655
list:
dist: 2.3094652326186655 vs. 2.3094652326186655
--------
nle(id0,id1,dist): 142 147 1.277472271642628
list:
dist: 1.277472271642628 vs. 1.277472271642628
--------
nle(id0,id1,dist): 142 148 1.7312131233836703
list:
dist: 1.7312131233836703 vs. 1.7312131233836703
--------
nle(id0,id1,dist): 142 145 1.0711720175688277
list:
dist: 1.0711720175688277 vs. 1.0711720175688277
--------
nle(id0,id1,dist): 142 146 1.4633384977387356
list:
dist: 1.4633384977387356 vs. 1.4633384977387356
--------
nle(id0,id1,dist): 142 143 0.6263653718641586
list:
dist: 0.6263653718641586 vs. 0.6263653718641586
--------
nle(id0,id1,dist): 142 144 1.4738667113129447
list:
dist: 1.4738667113129447 vs. 1.4738667113129447
--------
nle(id0,id1,dist): 143 146 1.261006932181851
list:
dist: 1.261006932181851 vs. 1.261006932181851
--------
nle(id0,id1,dist): 143 147 0.9609955819811378
list:
dist: 0.9609955819811378 vs. 0.9609955819811378
--------
nle(id0,id1,dist): 143 148 1.219258157546977
list:
dist: 1.219258157546977 vs. 1.219258157546977
--------
nle(id0,id1,dist): 143 149 1.6891353096404087
list:
dist: 1.6891353096404087 vs. 1.6891353096404087
--------
nle(id0,id1,dist): 143 144 1.6175452456031765
list:
dist: 1.6175452456031765 vs. 1.6175452456031765
--------
nle(id0,id1,dist): 143 145 0.6289917337118189
list:
dist: 0.6289917337118189 vs. 0.6289917337118189
--------
nle(id0,id1,dist): 141 142 0.5237290394577647
list:
dist: 0.5237290394577647 vs. 0.5237290394577647
--------
nle(id0,id1,dist): 141 143 0.544217191747306
list:
dist: 0.544217191747306 vs. 0.544217191747306
--------
nle(id0,id1,dist): 141 145 0.75210442917268
list:
dist: 0.75210442917268 vs. 0.75210442917268
--------
nle(id0,id1,dist): 141 144 1.5401398324768043
list:
dist: 1.5401398324768043 vs. 1.5401398324768043
--------
nle(id0,id1,dist): 141 147 1.3356049375984982
list:
dist: 1.3356049375984982 vs. 1.3356049375984982
--------
nle(id0,id1,dist): 141 146 1.5066887640121946
list:
dist: 1.5066887640121946 vs. 1.5066887640121946
--------
nle(id0,id1,dist): 141 149 2.022746229295142
list:
dist: 2.022746229295142 vs. 2.022746229295142
--------
nle(id0,id1,dist): 141 148 1.394789526666497
list:
dist: 1.394789526666497 vs. 1.394789526666497
--------
nle(id0,id1,dist): 139 144 1.7870266634658498
list:
dist: 1.7870266634658498 vs. 1.7870266634658498
--------
nle(id0,id1,dist): 139 145 1.066745161457882
list:
dist: 1.066745161457882 vs. 1.066745161457882
--------
nle(id0,id1,dist): 139 142 1.0502008514098533
list:
dist: 1.0502008514098533 vs. 1.0502008514098533
--------
nle(id0,id1,dist): 139 143 1.1308843993130555
list:
dist: 1.1308843993130555 vs. 1.1308843993130555
--------
nle(id0,id1,dist): 139 140 2.2772482968044776
list:
dist: 2.2772482968044776 vs. 2.2772482968044776
--------
nle(id0,id1,dist): 139 141 0.6168341257864443
list:
dist: 0.6168341257864443 vs. 0.6168341257864443
--------
nle(id0,id1,dist): 139 148 1.6173368294973116
list:
dist: 1.6173368294973116 vs. 1.6173368294973116
--------
nle(id0,id1,dist): 139 149 2.289492840371663
list:
dist: 2.289492840371663 vs. 2.289492840371663
--------
nle(id0,id1,dist): 139 146 1.95393594773574
list:
dist: 1.95393594773574 vs. 1.95393594773574
--------
nle(id0,id1,dist): 139 147 1.8180025492917116
list:
dist: 1.8180025492917116 vs. 1.8180025492917116
--------
nle(id0,id1,dist): 140 145 2.5213965405206147
list:
dist: 2.5213965405206147 vs. 2.5213965405206147
--------
nle(id0,id1,dist): 140 146 1.116286311740732
list:
dist: 1.116286311740732 vs. 1.116286311740732
--------
nle(id0,id1,dist): 140 147 2.7329109650760417
list:
dist: 2.7329109650760417 vs. 2.7329109650760417
--------
nle(id0,id1,dist): 140 148 2.2254727804864927
list:
dist: 2.2254727804864927 vs. 2.2254727804864927
--------
nle(id0,id1,dist): 140 141 1.9479426954360148
list:
dist: 1.9479426954360148 vs. 1.9479426954360148
--------
nle(id0,id1,dist): 140 142 1.7420867142309904
list:
dist: 1.7420867142309904 vs. 1.7420867142309904
--------
nle(id0,id1,dist): 140 143 1.936234124515854
list:
dist: 1.936234124515854 vs. 1.936234124515854
--------
nle(id0,id1,dist): 140 144 0.5838969204358957
list:
dist: 0.5838969204358957 vs. 0.5838969204358957
--------
nle(id0,id1,dist): 138 141 2.4881518222894536
list:
dist: 2.4881518222894536 vs. 2.4881518222894536
--------
nle(id0,id1,dist): 138 142 2.8069052328830133
list:
dist: 2.8069052328830133 vs. 2.8069052328830133
--------
nle(id0,id1,dist): 138 139 2.435816334672293
list:
dist: 2.435816334672293 vs. 2.435816334672293
--------
nle(id0,id1,dist): 138 149 2.7067021010441192
list:
dist: 2.7067021010441192 vs. 2.7067021010441192
--------
nle(id0,id1,dist): 138 148 1.6377219086748904
list:
dist: 1.6377219086748904 vs. 1.6377219086748904
--------
nle(id0,id1,dist): 138 147 3.417408848351888
list:
dist: 3.417408848351888 vs. 3.417408848351888
--------
nle(id0,id1,dist): 138 146 1.9860282394465933
list:
dist: 1.9860282394465933 vs. 1.9860282394465933
--------
nle(id0,id1,dist): 138 145 2.704671009715463
list:
dist: 2.704671009715463 vs. 2.704671009715463
--------
nle(id0,id1,dist): 138 144 1.9511678910035772
list:
dist: 1.9511678910035772 vs. 1.9511678910035772
--------
nle(id0,id1,dist): 138 143 2.5637618623865714
list:
dist: 2.5637618623865714 vs. 2.5637618623865714
--------
nle(id0,id1,dist): 137 144 0.40470702509102346
list:
dist: 0.40470702509102346 vs. 0.40470702509102346
--------
nle(id0,id1,dist): 137 145 2.047664050470832
list:
dist: 2.047664050470832 vs. 2.047664050470832
--------
nle(id0,id1,dist): 137 146 1.1825940270804582
list:
dist: 1.1825940270804582 vs. 1.1825940270804582
--------
nle(id0,id1,dist): 137 147 2.5628712872827295
list:
dist: 2.5628712872827295 vs. 2.5628712872827295
--------
nle(id0,id1,dist): 137 140 0.9675435291999259
list:
dist: 0.9675435291999259 vs. 0.9675435291999259
--------
nle(id0,id1,dist): 137 141 1.4238443377964127
list:
dist: 1.4238443377964127 vs. 1.4238443377964127
--------
nle(id0,id1,dist): 137 142 1.4723972811632853
list:
dist: 1.4723972811632853 vs. 1.4723972811632853
--------
nle(id0,id1,dist): 137 143 1.6169355901846008
list:
dist: 1.6169355901846008 vs. 1.6169355901846008
--------
nle(id0,id1,dist): 137 138 1.7635718012456594
list:
dist: 1.7635718012456594 vs. 1.7635718012456594
--------
nle(id0,id1,dist): 137 139 1.5374795217133226
list:
dist: 1.5374795217133226 vs. 1.5374795217133226
--------
nle(id0,id1,dist): 137 149 2.8402030931821964
list:
dist: 2.8402030931821964 vs. 2.8402030931821964
--------
nle(id0,id1,dist): 137 148 1.7174978048265561
list:
dist: 1.7174978048265561 vs. 1.7174978048265561
--------
nle(id0,id1,dist): 136 147 2.181078545324666
list:
dist: 2.181078545324666 vs. 2.181078545324666
--------
nle(id0,id1,dist): 136 148 1.6811231346619924
list:
dist: 1.6811231346619924 vs. 1.6811231346619924
--------
nle(id0,id1,dist): 136 145 1.3168694489069104
list:
dist: 1.3168694489069104 vs. 1.3168694489069104
--------
nle(id0,id1,dist): 136 146 2.3348588805038264
list:
dist: 2.3348588805038264 vs. 2.3348588805038264
--------
nle(id0,id1,dist): 136 149 2.282679685036558
list:
dist: 2.282679685036558 vs. 2.282679685036558
--------
nle(id0,id1,dist): 136 139 0.615867349718817
list:
dist: 0.615867349718817 vs. 0.615867349718817
--------
nle(id0,id1,dist): 136 137 1.8956304083845288
list:
dist: 1.8956304083845288 vs. 1.8956304083845288
--------
nle(id0,id1,dist): 136 138 2.3447201924123533
list:
dist: 2.3447201924123533 vs. 2.3447201924123533
--------
nle(id0,id1,dist): 136 143 1.576862479782257
list:
dist: 1.576862479782257 vs. 1.576862479782257
--------
nle(id0,id1,dist): 136 144 2.202670549209744
list:
dist: 2.202670549209744 vs. 2.202670549209744
--------
nle(id0,id1,dist): 136 141 1.153530552824281
list:
dist: 1.153530552824281 vs. 1.153530552824281
--------
nle(id0,id1,dist): 136 142 1.641202595714611
list:
dist: 1.641202595714611 vs. 1.641202595714611
--------
nle(id0,id1,dist): 135 144 1.0805630830483048
list:
dist: 1.0805630830483048 vs. 1.0805630830483048
--------
nle(id0,id1,dist): 135 146 1.7887936173093653
list:
dist: 1.7887936173093653 vs. 1.7887936173093653
--------
nle(id0,id1,dist): 135 148 2.5627702979020905
list:
dist: 2.5627702979020905 vs. 2.5627702979020905
--------
nle(id0,id1,dist): 134 148 2.822672729585108
list:
dist: 2.822672729585108 vs. 2.822672729585108
--------
nle(id0,id1,dist): 134 147 2.2254087713383495
list:
dist: 2.2254087713383495 vs. 2.2254087713383495
--------
nle(id0,id1,dist): 135 140 1.1011822426495677
list:
dist: 1.1011822426495677 vs. 1.1011822426495677
--------
nle(id0,id1,dist): 135 141 2.5629811499149224
list:
dist: 2.5629811499149224 vs. 2.5629811499149224
--------
nle(id0,id1,dist): 135 138 1.9527787109549264
list:
dist: 1.9527787109549264 vs. 1.9527787109549264
--------
nle(id0,id1,dist): 135 139 2.6739812677937604
list:
dist: 2.6739812677937604 vs. 2.6739812677937604
--------
nle(id0,id1,dist): 135 136 2.968479658076511
list:
dist: 2.968479658076511 vs. 2.968479658076511
--------
nle(id0,id1,dist): 135 137 1.1516318688743983
list:
dist: 1.1516318688743983 vs. 1.1516318688743983
--------
nle(id0,id1,dist): 134 135 2.6977016634346676
list:
dist: 2.6977016634346676 vs. 2.6977016634346676
--------
nle(id0,id1,dist): 134 137 1.8771690534150194
list:
dist: 1.8771690534150194 vs. 1.8771690534150194
--------
nle(id0,id1,dist): 134 143 1.7904562921751195
list:
dist: 1.7904562921751195 vs. 1.7904562921751195
--------
nle(id0,id1,dist): 134 144 1.8660482461149062
list:
dist: 1.8660482461149062 vs. 1.8660482461149062
--------
nle(id0,id1,dist): 134 145 2.1602527652227375
list:
dist: 2.1602527652227375 vs. 2.1602527652227375
--------
nle(id0,id1,dist): 134 139 1.7312963341290053
list:
dist: 1.7312963341290053 vs. 1.7312963341290053
--------
nle(id0,id1,dist): 134 140 1.9447630931113655
list:
dist: 1.9447630931113655 vs. 1.9447630931113655
--------
nle(id0,id1,dist): 134 141 1.5414422003808854
list:
dist: 1.5414422003808854 vs. 1.5414422003808854
--------
nle(id0,id1,dist): 134 142 1.1647720136052249
list:
dist: 1.1647720136052249 vs. 1.1647720136052249
--------
nle(id0,id1,dist): 133 134 1.5694414458250896
list:
dist: 1.5694414458250896 vs. 1.5694414458250896
--------
nle(id0,id1,dist): 133 139 0.8410768411598376
list:
dist: 0.8410768411598376 vs. 0.8410768411598376
--------
nle(id0,id1,dist): 133 136 1.220884588624881
list:
dist: 1.220884588624881 vs. 1.220884588624881
--------
nle(id0,id1,dist): 133 137 2.1782165836860052
list:
dist: 2.1782165836860052 vs. 2.1782165836860052
--------
nle(id0,id1,dist): 133 142 1.0522099373119116
list:
dist: 1.0522099373119116 vs. 1.0522099373119116
--------
nle(id0,id1,dist): 133 143 1.240799168107199
list:
dist: 1.240799168107199 vs. 1.240799168107199
--------
nle(id0,id1,dist): 133 140 2.7043088746181367
list:
dist: 2.7043088746181367 vs. 2.7043088746181367
--------
nle(id0,id1,dist): 133 141 0.8942714591536287
list:
dist: 0.8942714591536287 vs. 0.8942714591536287
--------
nle(id0,id1,dist): 133 147 1.4704248902196722
list:
dist: 1.4704248902196722 vs. 1.4704248902196722
--------
nle(id0,id1,dist): 133 144 2.3317487238968564
list:
dist: 2.3317487238968564 vs. 2.3317487238968564
--------
nle(id0,id1,dist): 133 145 1.065702814691111
list:
dist: 1.065702814691111 vs. 1.065702814691111
--------
nle(id0,id1,dist): 133 148 2.137258852867326
list:
dist: 2.137258852867326 vs. 2.137258852867326
--------
nle(id0,id1,dist): 132 134 0.527124744387091
list:
dist: 0.527124744387091 vs. 0.527124744387091
--------
nle(id0,id1,dist): 132 133 1.2099307409529223
list:
dist: 1.2099307409529223 vs. 1.2099307409529223
--------
nle(id0,id1,dist): 132 136 1.8005164922240888
list:
dist: 1.8005164922240888 vs. 1.8005164922240888
--------
nle(id0,id1,dist): 132 135 2.506430711569848
list:
dist: 2.506430711569848 vs. 2.506430711569848
--------
nle(id0,id1,dist): 132 138 3.1265819075842476
list:
dist: 3.1265819075842476 vs. 3.1265819075842476
--------
nle(id0,id1,dist): 132 137 1.5472917102641377
list:
dist: 1.5472917102641377 vs. 1.5472917102641377
--------
nle(id0,id1,dist): 132 140 1.8613255731625427
list:
dist: 1.8613255731625427 vs. 1.8613255731625427
--------
nle(id0,id1,dist): 132 139 1.2217296645603883
list:
dist: 1.2217296645603883 vs. 1.2217296645603883
--------
nle(id0,id1,dist): 132 141 1.1197034277539617
list:
dist: 1.1197034277539617 vs. 1.1197034277539617
--------
nle(id0,id1,dist): 132 142 0.8822041130613271
list:
dist: 0.8822041130613271 vs. 0.8822041130613271
--------
nle(id0,id1,dist): 132 143 1.4815478155026096
list:
dist: 1.4815478155026096 vs. 1.4815478155026096
--------
nle(id0,id1,dist): 132 144 1.627933133281661
list:
dist: 1.627933133281661 vs. 1.627933133281661
--------
nle(id0,id1,dist): 132 145 1.796139138967029
list:
dist: 1.796139138967029 vs. 1.796139138967029
--------
nle(id0,id1,dist): 132 146 2.0611982045397212
list:
dist: 2.0611982045397212 vs. 2.0611982045397212
--------
nle(id0,id1,dist): 132 147 2.057695489775722
list:
dist: 2.057695489775722 vs. 2.057695489775722
--------
nle(id0,id1,dist): 132 148 2.4216881395689924
list:
dist: 2.4216881395689924 vs. 2.4216881395689924
--------
nle(id0,id1,dist): 132 149 3.1245570884377685
list:
dist: 3.1245570884377685 vs. 3.1245570884377685
--------
nle(id0,id1,dist): 131 147 2.595324140233769
list:
dist: 2.595324140233769 vs. 2.595324140233769
--------
nle(id0,id1,dist): 131 148 2.8025021833594583
list:
dist: 2.8025021833594583 vs. 2.8025021833594583
--------
nle(id0,id1,dist): 131 142 1.395922963159461
list:
dist: 1.395922963159461 vs. 1.395922963159461
--------
nle(id0,id1,dist): 131 143 1.9785549575056673
list:
dist: 1.9785549575056673 vs. 1.9785549575056673
--------
nle(id0,id1,dist): 131 144 1.752481548126185
list:
dist: 1.752481548126185 vs. 1.752481548126185
--------
nle(id0,id1,dist): 131 145 2.2875603601488255
list:
dist: 2.2875603601488255 vs. 2.2875603601488255
--------
nle(id0,id1,dist): 131 139 1.5471519518629768
list:
dist: 1.5471519518629768 vs. 1.5471519518629768
--------
nle(id0,id1,dist): 131 140 1.9532635404788872
list:
dist: 1.9532635404788872 vs. 1.9532635404788872
--------
nle(id0,id1,dist): 131 141 1.5806978143676174
list:
dist: 1.5806978143676174 vs. 1.5806978143676174
--------
nle(id0,id1,dist): 131 134 0.6796247985243951
list:
dist: 0.6796247985243951 vs. 0.6796247985243951
--------
nle(id0,id1,dist): 131 135 2.4369205693698976
list:
dist: 2.4369205693698976 vs. 2.4369205693698976
--------
nle(id0,id1,dist): 131 136 2.0515906454282495
list:
dist: 2.0515906454282495 vs. 2.0515906454282495
--------
nle(id0,id1,dist): 131 137 1.6384193256866644
list:
dist: 1.6384193256866644 vs. 1.6384193256866644
--------
nle(id0,id1,dist): 131 132 0.5376979544292738
list:
dist: 0.5376979544292738 vs. 0.5376979544292738
--------
nle(id0,id1,dist): 131 133 1.6328025629429843
list:
dist: 1.6328025629429843 vs. 1.6328025629429843
--------
nle(id0,id1,dist): 130 149 3.641003359301257
list:
dist: 3.641003359301257 vs. 3.641003359301257
--------
nle(id0,id1,dist): 130 147 2.9342674899870556
list:
dist: 2.9342674899870556 vs. 2.9342674899870556
--------
nle(id0,id1,dist): 130 148 2.6446222988405674
list:
dist: 2.6446222988405674 vs. 2.6446222988405674
--------
nle(id0,id1,dist): 130 145 2.505061292309654
list:
dist: 2.505061292309654 vs. 2.505061292309654
--------
nle(id0,id1,dist): 130 146 2.120254552516273
list:
dist: 2.120254552516273 vs. 2.120254552516273
--------
nle(id0,id1,dist): 130 143 2.1235790955145473
list:
dist: 2.1235790955145473 vs. 2.1235790955145473
--------
nle(id0,id1,dist): 130 144 1.2689112223139405
list:
dist: 1.2689112223139405 vs. 1.2689112223139405
--------
nle(id0,id1,dist): 130 141 1.754246330712377
list:
dist: 1.754246330712377 vs. 1.754246330712377
--------
nle(id0,id1,dist): 130 142 1.6581315651258037
list:
dist: 1.6581315651258037 vs. 1.6581315651258037
--------
nle(id0,id1,dist): 130 139 1.7065095587134698
list:
dist: 1.7065095587134698 vs. 1.7065095587134698
--------
nle(id0,id1,dist): 130 140 1.499362757950329
list:
dist: 1.499362757950329 vs. 1.499362757950329
--------
nle(id0,id1,dist): 130 137 1.115521744622371
list:
dist: 1.115521744622371 vs. 1.115521744622371
--------
nle(id0,id1,dist): 130 138 2.7302558188809223
list:
dist: 2.7302558188809223 vs. 2.7302558188809223
--------
nle(id0,id1,dist): 130 135 1.7062647470903487
list:
dist: 1.7062647470903487 vs. 1.7062647470903487
--------
nle(id0,id1,dist): 130 136 2.1351334908150648
list:
dist: 2.1351334908150648 vs. 2.1351334908150648
--------
nle(id0,id1,dist): 130 132 1.0873388613450803
list:
dist: 1.0873388613450803 vs. 1.0873388613450803
--------
nle(id0,id1,dist): 130 131 0.7940545632557651
list:
dist: 0.7940545632557651 vs. 0.7940545632557651
--------
nle(id0,id1,dist): 130 134 1.2968577163945842
list:
dist: 1.2968577163945842 vs. 1.2968577163945842
--------
nle(id0,id1,dist): 130 133 2.1170976551038523
list:
dist: 2.1170976551038523 vs. 2.1170976551038523
--------
nle(id0,id1,dist): 129 148 3.575895231433937
list:
dist: 3.575895231433937 vs. 3.575895231433937
--------
nle(id0,id1,dist): 129 140 3.8048654583269514
list:
dist: 3.8048654583269514 vs. 3.8048654583269514
--------
nle(id0,id1,dist): 129 141 2.556402059133627
list:
dist: 2.556402059133627 vs. 2.556402059133627
--------
nle(id0,id1,dist): 129 142 2.7662823549003757
list:
dist: 2.7662823549003757 vs. 2.7662823549003757
--------
nle(id0,id1,dist): 129 143 3.0805255270487217
list:
dist: 3.0805255270487217 vs. 3.0805255270487217
--------
nle(id0,id1,dist): 129 144 3.3755963615062283
list:
dist: 3.3755963615062283 vs. 3.3755963615062283
--------
nle(id0,id1,dist): 129 145 2.9179367120203348
list:
dist: 2.9179367120203348 vs. 2.9179367120203348
--------
nle(id0,id1,dist): 129 147 3.507342179636057
list:
dist: 3.507342179636057 vs. 3.507342179636057
--------
nle(id0,id1,dist): 129 135 3.9451879592756476
list:
dist: 3.9451879592756476 vs. 3.9451879592756476
--------
nle(id0,id1,dist): 129 134 2.574294241027665
list:
dist: 2.574294241027665 vs. 2.574294241027665
--------
nle(id0,id1,dist): 129 133 2.0400828944877274
list:
dist: 2.0400828944877274 vs. 2.0400828944877274
--------
nle(id0,id1,dist): 129 132 2.248969584025918
list:
dist: 2.248969584025918 vs. 2.248969584025918
--------
nle(id0,id1,dist): 129 139 2.029080740091196
list:
dist: 2.029080740091196 vs. 2.029080740091196
--------
nle(id0,id1,dist): 129 137 3.059125333451914
list:
dist: 3.059125333451914 vs. 3.059125333451914
--------
nle(id0,id1,dist): 129 136 1.9437839021825614
list:
dist: 1.9437839021825614 vs. 1.9437839021825614
--------
nle(id0,id1,dist): 129 131 2.128798863292642
list:
dist: 2.128798863292642 vs. 2.128798863292642
--------
nle(id0,id1,dist): 129 130 2.483983996369092
list:
dist: 2.483983996369092 vs. 2.483983996369092
--------
nle(id0,id1,dist): 128 147 2.52568427725225
list:
dist: 2.52568427725225 vs. 2.52568427725225
--------
nle(id0,id1,dist): 128 148 2.7914741110006682
list:
dist: 2.7914741110006682 vs. 2.7914741110006682
--------
nle(id0,id1,dist): 128 145 2.0010710420191495
list:
dist: 2.0010710420191495 vs. 2.0010710420191495
--------
nle(id0,id1,dist): 128 133 1.0604035953969266
list:
dist: 1.0604035953969266 vs. 1.0604035953969266
--------
nle(id0,id1,dist): 128 134 1.7301936471609345
list:
dist: 1.7301936471609345 vs. 1.7301936471609345
--------
nle(id0,id1,dist): 128 135 3.384382308690775
list:
dist: 3.384382308690775 vs. 3.384382308690775
--------
nle(id0,id1,dist): 128 136 1.3337598339910675
list:
dist: 1.3337598339910675 vs. 1.3337598339910675
--------
nle(id0,id1,dist): 128 129 1.0151544656963747
list:
dist: 1.0151544656963747 vs. 1.0151544656963747
--------
nle(id0,id1,dist): 128 130 1.9111277903584527
list:
dist: 1.9111277903584527 vs. 1.9111277903584527
--------
nle(id0,id1,dist): 128 131 1.4266365370524914
list:
dist: 1.4266365370524914 vs. 1.4266365370524914
--------
nle(id0,id1,dist): 128 132 1.3575387162246242
list:
dist: 1.3575387162246242 vs. 1.3575387162246242
--------
nle(id0,id1,dist): 128 141 1.6081619503470135
list:
dist: 1.6081619503470135 vs. 1.6081619503470135
--------
nle(id0,id1,dist): 128 142 1.777215422226241
list:
dist: 1.777215422226241 vs. 1.777215422226241
--------
nle(id0,id1,dist): 128 143 2.1137537372143784
list:
dist: 2.1137537372143784 vs. 2.1137537372143784
--------
nle(id0,id1,dist): 128 144 2.6194122743640738
list:
dist: 2.6194122743640738 vs. 2.6194122743640738
--------
nle(id0,id1,dist): 128 137 2.3599100719301833
list:
dist: 2.3599100719301833 vs. 2.3599100719301833
--------
nle(id0,id1,dist): 128 139 1.178115695188194
list:
dist: 1.178115695188194 vs. 1.178115695188194
--------
nle(id0,id1,dist): 128 140 3.027484741408127
list:
dist: 3.027484741408127 vs. 3.027484741408127
--------
nle(id0,id1,dist): 127 140 1.9825835408977408
list:
dist: 1.9825835408977408 vs. 1.9825835408977408
--------
nle(id0,id1,dist): 127 141 0.9636802400021149
list:
dist: 0.9636802400021149 vs. 0.9636802400021149
--------
nle(id0,id1,dist): 127 138 3.0093805991454436
list:
dist: 3.0093805991454436 vs. 3.0093805991454436
--------
nle(id0,id1,dist): 127 139 0.9694026617735992
list:
dist: 0.9694026617735992 vs. 0.9694026617735992
--------
nle(id0,id1,dist): 127 136 1.5350214191575324
list:
dist: 1.5350214191575324 vs. 1.5350214191575324
--------
nle(id0,id1,dist): 127 137 1.5367685841927785
list:
dist: 1.5367685841927785 vs. 1.5367685841927785
--------
nle(id0,id1,dist): 127 134 0.7879454502607784
list:
dist: 0.7879454502607784 vs. 0.7879454502607784
--------
nle(id0,id1,dist): 127 135 2.5625171569154124
list:
dist: 2.5625171569154124 vs. 2.5625171569154124
--------
nle(id0,id1,dist): 127 148 2.288368359803872
list:
dist: 2.288368359803872 vs. 2.288368359803872
--------
nle(id0,id1,dist): 127 149 2.9811807571144686
list:
dist: 2.9811807571144686 vs. 2.9811807571144686
--------
nle(id0,id1,dist): 127 146 2.0753058865904386
list:
dist: 2.0753058865904386 vs. 2.0753058865904386
--------
nle(id0,id1,dist): 127 147 1.995349233269428
list:
dist: 1.995349233269428 vs. 1.995349233269428
--------
nle(id0,id1,dist): 127 144 1.6735286379395284
list:
dist: 1.6735286379395284 vs. 1.6735286379395284
--------
nle(id0,id1,dist): 127 145 1.6337730594573352
list:
dist: 1.6337730594573352 vs. 1.6337730594573352
--------
nle(id0,id1,dist): 127 142 0.8551041271301709
list:
dist: 0.8551041271301709 vs. 0.8551041271301709
--------
nle(id0,id1,dist): 127 143 1.397181819802485
list:
dist: 1.397181819802485 vs. 1.397181819802485
--------
nle(id0,id1,dist): 127 133 1.0014621435051358
list:
dist: 1.0014621435051358 vs. 1.0014621435051358
--------
nle(id0,id1,dist): 127 132 0.2771719688694555
list:
dist: 0.2771719688694555 vs. 0.2771719688694555
--------
nle(id0,id1,dist): 127 131 0.6687624551187765
list:
dist: 0.6687624551187765 vs. 0.6687624551187765
--------
nle(id0,id1,dist): 127 130 1.161294881927924
list:
dist: 1.161294881927924 vs. 1.161294881927924
--------
nle(id0,id1,dist): 127 129 2.0546792191930154
list:
dist: 2.0546792191930154 vs. 2.0546792191930154
--------
nle(id0,id1,dist): 127 128 1.133457153431294
list:
dist: 1.133457153431294 vs. 1.133457153431294
--------
nle(id0,id1,dist): 126 139 2.1296463718222247
list:
dist: 2.1296463718222247 vs. 2.1296463718222247
--------
nle(id0,id1,dist): 126 140 2.2722413151765193
list:
dist: 2.2722413151765193 vs. 2.2722413151765193
--------
nle(id0,id1,dist): 126 141 2.4228630136507325
list:
dist: 2.4228630136507325 vs. 2.4228630136507325
--------
nle(id0,id1,dist): 126 144 1.9407680077916085
list:
dist: 1.9407680077916085 vs. 1.9407680077916085
--------
nle(id0,id1,dist): 126 148 3.069346891742317
list:
dist: 3.069346891742317 vs. 3.069346891742317
--------
nle(id0,id1,dist): 126 128 2.162729123385621
list:
dist: 2.162729123385621 vs. 2.162729123385621
--------
nle(id0,id1,dist): 126 127 1.9289985274217558
list:
dist: 1.9289985274217558 vs. 1.9289985274217558
--------
nle(id0,id1,dist): 126 130 1.0639250944209875
list:
dist: 1.0639250944209875 vs. 1.0639250944209875
--------
nle(id0,id1,dist): 126 129 2.318535438988325
list:
dist: 2.318535438988325 vs. 2.318535438988325
--------
nle(id0,id1,dist): 126 132 1.9681542188515704
list:
dist: 1.9681542188515704 vs. 1.9681542188515704
--------
nle(id0,id1,dist): 126 131 1.6180114583006053
list:
dist: 1.6180114583006053 vs. 1.6180114583006053
--------
nle(id0,id1,dist): 126 134 2.2610792009063525
list:
dist: 2.2610792009063525 vs. 2.2610792009063525
--------
nle(id0,id1,dist): 126 136 2.293320470554741
list:
dist: 2.293320470554741 vs. 2.293320470554741
--------
nle(id0,id1,dist): 126 135 1.930755339489471
list:
dist: 1.930755339489471 vs. 1.930755339489471
--------
nle(id0,id1,dist): 126 137 1.6426144329491492
list:
dist: 1.6426144329491492 vs. 1.6426144329491492
--------
nle(id0,id1,dist): 125 146 1.3875132907803376
list:
dist: 1.3875132907803376 vs. 1.3875132907803376
--------
nle(id0,id1,dist): 125 147 2.513919036665714
list:
dist: 2.513919036665714 vs. 2.513919036665714
--------
nle(id0,id1,dist): 125 144 0.831132110219457
list:
dist: 0.831132110219457 vs. 0.831132110219457
--------
nle(id0,id1,dist): 125 145 1.8656353321892518
list:
dist: 1.8656353321892518 vs. 1.8656353321892518
--------
nle(id0,id1,dist): 125 148 1.5522908822556734
list:
dist: 1.5522908822556734 vs. 1.5522908822556734
--------
nle(id0,id1,dist): 125 149 2.6781728642660716
list:
dist: 2.6781728642660716 vs. 2.6781728642660716
--------
nle(id0,id1,dist): 125 131 1.663856415102762
list:
dist: 1.663856415102762 vs. 1.663856415102762
--------
nle(id0,id1,dist): 125 130 1.218680210702151
list:
dist: 1.218680210702151 vs. 1.218680210702151
--------
nle(id0,id1,dist): 125 129 2.7599150560929067
list:
dist: 2.7599150560929067 vs. 2.7599150560929067
--------
nle(id0,id1,dist): 125 128 2.102901734609849
list:
dist: 2.102901734609849 vs. 2.102901734609849
--------
nle(id0,id1,dist): 125 135 1.472025429998007
list:
dist: 1.472025429998007 vs. 1.472025429998007
--------
nle(id0,id1,dist): 125 134 1.9772478544099905
list:
dist: 1.9772478544099905 vs. 1.9772478544099905
--------
nle(id0,id1,dist): 125 133 1.979326403312954
list:
dist: 1.979326403312954 vs. 1.979326403312954
--------
nle(id0,id1,dist): 125 132 1.553930500752853
list:
dist: 1.553930500752853 vs. 1.553930500752853
--------
nle(id0,id1,dist): 125 139 1.2363113069671134
list:
dist: 1.2363113069671134 vs. 1.2363113069671134
--------
nle(id0,id1,dist): 125 138 1.6001214744819279
list:
dist: 1.6001214744819279 vs. 1.6001214744819279
--------
nle(id0,id1,dist): 125 137 0.44695925596074004
list:
dist: 0.44695925596074004 vs. 0.44695925596074004
--------
nle(id0,id1,dist): 125 136 1.5008351440050276
list:
dist: 1.5008351440050276 vs. 1.5008351440050276
--------
nle(id0,id1,dist): 125 143 1.5587419462180565
list:
dist: 1.5587419462180565 vs. 1.5587419462180565
--------
nle(id0,id1,dist): 125 142 1.4722111971348935
list:
dist: 1.4722111971348935 vs. 1.4722111971348935
--------
nle(id0,id1,dist): 125 141 1.2729809302743602
list:
dist: 1.2729809302743602 vs. 1.2729809302743602
--------
nle(id0,id1,dist): 125 140 1.4078375030836872
list:
dist: 1.4078375030836872 vs. 1.4078375030836872
2. Check the NeighborList query for coordinates against the neighbor list for consistency
list:
dist: 0.556205337756427 vs. 0.556205337756427
list:
dist: 1.2635440674587226 vs. 1.2635440674587226
list:
dist: 1.5326414580753331 vs. 1.5326414580753331
list:
dist: 0.7205333115040848 vs. 0.7205333115040848
list:
dist: 1.4320672719802714 vs. 1.4320672719802714
list:
dist: 0.9782649642435828 vs. 0.9782649642435828
list:
dist: 2.277902733417987 vs. 2.277902733417987
list:
dist: 2.556450391379399 vs. 2.556450391379399
list:
dist: 2.4138410606667464 vs. 2.4138410606667464
list:
dist: 2.431270013538568 vs. 2.431270013538568
list:
dist: 2.461172462635915 vs. 2.461172462635915
list:
dist: 2.341748105984268 vs. 2.341748105984268
list:
dist: 1.8623317220160673 vs. 1.8623317220160673
list:
dist: 2.3200061783835486 vs. 2.3200061783835486
list:
dist: 3.0465257013844846 vs. 3.0465257013844846
list:
dist: 4.114830238113178 vs. 4.114830238113178
list:
dist: 4.1383101796472115 vs. 4.1383101796472115
list:
dist: 3.6051934366062923 vs. 3.6051934366062923
list:
dist: 3.27821015295936 vs. 3.27821015295936
list:
dist: 3.619276322446581 vs. 3.619276322446581
list:
dist: 2.394766789190003 vs. 2.394766789190003
list:
dist: 3.8516078013096617 vs. 3.8516078013096617
list:
dist: 1.1084469562767492 vs. 1.1084469562767492
list:
dist: 1.0617942086447767 vs. 1.0617942086447767
list:
dist: 0.8503863551322135 vs. 0.8503863551322135
list:
dist: 0.8853680060918163 vs. 0.8853680060918163
list:
dist: 0.7384867073708622 vs. 0.7384867073708622
list:
dist: 0.9782649642435828 vs. 0.9782649642435828
list:
dist: 1.5296398676826792 vs. 1.5296398676826792
list:
dist: 2.047930582220195 vs. 2.047930582220195
list:
dist: 2.1590800990068204 vs. 2.1590800990068204
list:
dist: 1.7944800650245472 vs. 1.7944800650245472
list:
dist: 1.9473947057838923 vs. 1.9473947057838923
list:
dist: 1.6788576826731603 vs. 1.6788576826731603
list:
dist: 1.5610375666983378 vs. 1.5610375666983378
list:
dist: 1.734975317314706 vs. 1.734975317314706
list:
dist: 2.1631010712923837 vs. 2.1631010712923837
list:
dist: 3.157901579415482 vs. 3.157901579415482
list:
dist: 3.3616028046098365 vs. 3.3616028046098365
list:
dist: 2.9386614898696797 vs. 2.9386614898696797
list:
dist: 2.487768962744682 vs. 2.487768962744682
list:
dist: 2.862471941203492 vs. 2.862471941203492
list:
dist: 1.5632954906435386 vs. 1.5632954906435386
list:
dist: 2.9716327273847245 vs. 2.9716327273847245
list:
dist: 1.5303522221941415 vs. 1.5303522221941415
list:
dist: 0.6480635640490617 vs. 0.6480635640490617
list:
dist: 1.6488524989860869 vs. 1.6488524989860869
list:
dist: 1.1811399413866832 vs. 1.1811399413866832
list:
dist: 1.2635440674587226 vs. 1.2635440674587226
list:
dist: 1.0617942086447767 vs. 1.0617942086447767
list:
dist: 2.351028889026467 vs. 2.351028889026467
list:
dist: 1.31867145949239 vs. 1.31867145949239
list:
dist: 1.4209161533483776 vs. 1.4209161533483776
list:
dist: 1.3027225657984862 vs. 1.3027225657984862
list:
dist: 1.6106295876413255 vs. 1.6106295876413255
list:
dist: 1.6190756067906038 vs. 1.6190756067906038
list:
dist: 1.4623546649867625 vs. 1.4623546649867625
list:
dist: 2.0146412832655005 vs. 2.0146412832655005
list:
dist: 2.150318957380019 vs. 2.150318957380019
list:
dist: 3.3906822744547718 vs. 3.3906822744547718
list:
dist: 3.730224903273666 vs. 3.730224903273666
list:
dist: 3.1162741316339386 vs. 3.1162741316339386
list:
dist: 2.7451755404129266 vs. 2.7451755404129266
list:
dist: 2.922805492815377 vs. 2.922805492815377
list:
dist: 2.2282824007015205 vs. 2.2282824007015205
list:
dist: 3.1996529229139634 vs. 3.1996529229139634
list:
dist: 1.6190756067906038 vs. 1.6190756067906038
list:
dist: 1.3342300193944865 vs. 1.3342300193944865
list:
dist: 2.210702826468343 vs. 2.210702826468343
list:
dist: 1.0122882756874254 vs. 1.0122882756874254
list:
dist: 2.341748105984268 vs. 2.341748105984268
list:
dist: 1.6788576826731603 vs. 1.6788576826731603
list:
dist: 1.6385026990792826 vs. 1.6385026990792826
list:
dist: 1.4028135294022583 vs. 1.4028135294022583
list:
dist: 1.2606311352431525 vs. 1.2606311352431525
list:
dist: 0.9645864420167839 vs. 0.9645864420167839
list:
dist: 0.5027040602965281 vs. 0.5027040602965281
list:
dist: 0.8826715649499969 vs. 0.8826715649499969
list:
dist: 0.7742001201566083 vs. 0.7742001201566083
list:
dist: 1.2546377497694137 vs. 1.2546377497694137
list:
dist: 2.3074797988648763 vs. 2.3074797988648763
list:
dist: 2.18455548666256 vs. 2.18455548666256
list:
dist: 1.5142205396285935 vs. 1.5142205396285935
list:
dist: 1.1986705943220746 vs. 1.1986705943220746
list:
dist: 1.3336628963638055 vs. 1.3336628963638055
list:
dist: 1.299015404684103 vs. 1.299015404684103
list:
dist: 1.7615011991966538 vs. 1.7615011991966538
list:
dist: 2.806016735296275 vs. 2.806016735296275
list:
dist: 2.361765889931929 vs. 2.361765889931929
list:
dist: 1.5303522221941415 vs. 1.5303522221941415
list:
dist: 1.6990066947402471 vs. 1.6990066947402471
list:
dist: 0.9449522999698109 vs. 0.9449522999698109
list:
dist: 1.7510349711037865 vs. 1.7510349711037865
list:
dist: 0.556205337756427 vs. 0.556205337756427
list:
dist: 1.1084469562767492 vs. 1.1084469562767492
list:
dist: 2.4495515974928894 vs. 2.4495515974928894
list:
dist: 1.6990066947402471 vs. 1.6990066947402471
list:
dist: 0.6480635640490617 vs. 0.6480635640490617
list:
dist: 1.6787313400986938 vs. 1.6787313400986938
list:
dist: 0.9233457089210303 vs. 0.9233457089210303
list:
dist: 1.5326414580753331 vs. 1.5326414580753331
list:
dist: 0.8503863551322135 vs. 0.8503863551322135
list:
dist: 1.9265774531925859 vs. 1.9265774531925859
list:
dist: 1.2284470049060352 vs. 1.2284470049060352
list:
dist: 1.6094809466096436 vs. 1.6094809466096436
list:
dist: 1.0359627349921903 vs. 1.0359627349921903
list:
dist: 1.496025734340291 vs. 1.496025734340291
list:
dist: 1.3342300193944865 vs. 1.3342300193944865
list:
dist: 1.4964634999980837 vs. 1.4964634999980837
list:
dist: 1.767081550456624 vs. 1.767081550456624
list:
dist: 1.6113321559267648 vs. 1.6113321559267648
list:
dist: 2.7957566060411536 vs. 2.7957566060411536
list:
dist: 3.2888479615798505 vs. 3.2888479615798505
list:
dist: 2.792246422261639 vs. 2.792246422261639
list:
dist: 2.313851563708845 vs. 2.313851563708845
list:
dist: 2.539212685558497 vs. 2.539212685558497
list:
dist: 1.7549409456490332 vs. 1.7549409456490332
list:
dist: 2.6877932053526483 vs. 2.6877932053526483
list:
dist: 0.9449522999698109 vs. 0.9449522999698109
list:
dist: 1.6488524989860869 vs. 1.6488524989860869
list:
dist: 1.6787313400986938 vs. 1.6787313400986938
list:
dist: 1.2187879927702194 vs. 1.2187879927702194
list:
dist: 0.7205333115040848 vs. 0.7205333115040848
list:
dist: 0.8853680060918163 vs. 0.8853680060918163
list:
dist: 1.7115432659297054 vs. 1.7115432659297054
list:
dist: 2.7883849323093686 vs. 2.7883849323093686
list:
dist: 2.624259643146551 vs. 2.624259643146551
list:
dist: 2.5413808483772966 vs. 2.5413808483772966
list:
dist: 2.4465446951578236 vs. 2.4465446951578236
list:
dist: 2.210702826468343 vs. 2.210702826468343
list:
dist: 1.7731283126793151 vs. 1.7731283126793151
list:
dist: 1.9847090558694926 vs. 1.9847090558694926
list:
dist: 2.940166091440847 vs. 2.940166091440847
list:
dist: 3.854933620703062 vs. 3.854933620703062
list:
dist: 3.6923716363743257 vs. 3.6923716363743257
list:
dist: 3.256318400130902 vs. 3.256318400130902
list:
dist: 2.932580112430294 vs. 2.932580112430294
list:
dist: 3.357453444913934 vs. 3.357453444913934
list:
dist: 1.92540308249346 vs. 1.92540308249346
list:
dist: 3.5332201507379586 vs. 3.5332201507379586
list:
dist: 1.4623546649867625 vs. 1.4623546649867625
list:
dist: 1.4964634999980837 vs. 1.4964634999980837
list:
dist: 1.7731283126793151 vs. 1.7731283126793151
list:
dist: 0.9258823107365518 vs. 0.9258823107365518
list:
dist: 1.8623317220160673 vs. 1.8623317220160673
list:
dist: 1.5610375666983378 vs. 1.5610375666983378
list:
dist: 1.8017801707592032 vs. 1.8017801707592032
list:
dist: 1.798091145833727 vs. 1.798091145833727
list:
dist: 1.1901191005067462 vs. 1.1901191005067462
list:
dist: 1.508402913933952 vs. 1.508402913933952
list:
dist: 0.8676755283304985 vs. 0.8676755283304985
list:
dist: 0.8826715649499969 vs. 0.8826715649499969
list:
dist: 0.8572886007486922 vs. 0.8572886007486922
list:
dist: 2.102926904600965 vs. 2.102926904600965
list:
dist: 3.160368413461616 vs. 3.160368413461616
list:
dist: 2.723564353948078 vs. 2.723564353948078
list:
dist: 1.9566455243391394 vs. 1.9566455243391394
list:
dist: 1.8544195883030263 vs. 1.8544195883030263
list:
dist: 2.035412462884267 vs. 2.035412462884267
list:
dist: 1.6517723640426467 vs. 1.6517723640426467
list:
dist: 2.5505064602049425 vs. 2.5505064602049425
list:
dist: 3.598009694980863 vs. 3.598009694980863
list:
dist: 2.833170631817232 vs. 2.833170631817232
list:
dist: 2.2282824007015205 vs. 2.2282824007015205
list:
dist: 1.7549409456490332 vs. 1.7549409456490332
list:
dist: 1.92540308249346 vs. 1.92540308249346
list:
dist: 1.122028376234931 vs. 1.122028376234931
list:
dist: 2.394766789190003 vs. 2.394766789190003
list:
dist: 1.5632954906435386 vs. 1.5632954906435386
list:
dist: 0.44062497203816486 vs. 0.44062497203816486
list:
dist: 2.444161801923534 vs. 2.444161801923534
list:
dist: 2.4947825698573207 vs. 2.4947825698573207
list:
dist: 1.9735882216166476 vs. 1.9735882216166476
list:
dist: 1.7929957891719792 vs. 1.7929957891719792
list:
dist: 1.299015404684103 vs. 1.299015404684103
list:
dist: 1.6517723640426467 vs. 1.6517723640426467
list:
dist: 0.988184340332118 vs. 0.988184340332118
list:
dist: 1.6493755492160969 vs. 1.6493755492160969
list:
dist: 2.138165971297014 vs. 2.138165971297014
list:
dist: 1.8714677746763544 vs. 1.8714677746763544
list:
dist: 1.712248622981392 vs. 1.712248622981392
list:
dist: 1.2016313021671277 vs. 1.2016313021671277
list:
dist: 1.7504011069604641 vs. 1.7504011069604641
list:
dist: 1.7026224205767597 vs. 1.7026224205767597
list:
dist: 1.9028995880194883 vs. 1.9028995880194883
list:
dist: 2.5824307496056833 vs. 2.5824307496056833
list:
dist: 1.5055457107424997 vs. 1.5055457107424997
list:
dist: 3.6200196226900627 vs. 3.6200196226900627
list:
dist: 3.4283747929466317 vs. 3.4283747929466317
list:
dist: 4.469038521853256 vs. 4.469038521853256
list:
dist: 4.35326768540161 vs. 4.35326768540161
list:
dist: 3.095462970613155 vs. 3.095462970613155
list:
dist: 2.7094624233054336 vs. 2.7094624233054336
list:
dist: 2.886009072139282 vs. 2.886009072139282
list:
dist: 5.465700375224375 vs. 5.465700375224375
list:
dist: 4.432950545254531 vs. 4.432950545254531
list:
dist: 5.254643840008039 vs. 5.254643840008039
list:
dist: 1.3027225657984862 vs. 1.3027225657984862
list:
dist: 1.0359627349921903 vs. 1.0359627349921903
list:
dist: 2.5413808483772966 vs. 2.5413808483772966
list:
dist: 1.4467918816095506 vs. 1.4467918816095506
list:
dist: 2.431270013538568 vs. 2.431270013538568
list:
dist: 1.7944800650245472 vs. 1.7944800650245472
list:
dist: 2.3121179545095636 vs. 2.3121179545095636
list:
dist: 0.48624511413010013 vs. 0.48624511413010013
list:
dist: 1.086337016954199 vs. 1.086337016954199
list:
dist: 0.9136545336510757 vs. 0.9136545336510757
list:
dist: 0.9645864420167839 vs. 0.9645864420167839
list:
dist: 1.508402913933952 vs. 1.508402913933952
list:
dist: 1.7165814952426144 vs. 1.7165814952426144
list:
dist: 1.0869007810016678 vs. 1.0869007810016678
list:
dist: 2.3803690854265755 vs. 2.3803690854265755
list:
dist: 2.9150561212231714 vs. 2.9150561212231714
list:
dist: 2.3252702044878246 vs. 2.3252702044878246
list:
dist: 1.924360746560544 vs. 1.924360746560544
list:
dist: 1.9087981267531602 vs. 1.9087981267531602
list:
dist: 1.9735882216166476 vs. 1.9735882216166476
list:
dist: 2.191410332839366 vs. 2.191410332839366
list:
dist: 2.993870321553719 vs. 2.993870321553719
list:
dist: 2.9906854987852767 vs. 2.9906854987852767
list:
dist: 1.4209161533483776 vs. 1.4209161533483776
list:
dist: 1.6094809466096436 vs. 1.6094809466096436
list:
dist: 2.624259643146551 vs. 2.624259643146551
list:
dist: 1.719454167692565 vs. 1.719454167692565
list:
dist: 2.4138410606667464 vs. 2.4138410606667464
list:
dist: 2.1590800990068204 vs. 2.1590800990068204
list:
dist: 2.761578009373867 vs. 2.761578009373867
list:
dist: 1.0528770470648778 vs. 1.0528770470648778
list:
dist: 1.086337016954199 vs. 1.086337016954199
list:
dist: 0.819561003481228 vs. 0.819561003481228
list:
dist: 1.2606311352431525 vs. 1.2606311352431525
list:
dist: 1.1901191005067462 vs. 1.1901191005067462
list:
dist: 1.8103268289308716 vs. 1.8103268289308716
list:
dist: 2.065993616879418 vs. 2.065993616879418
list:
dist: 3.2900430746003098 vs. 3.2900430746003098
list:
dist: 3.299633520443787 vs. 3.299633520443787
list:
dist: 2.4776582792952824 vs. 2.4776582792952824
list:
dist: 2.3631695980452587 vs. 2.3631695980452587
list:
dist: 2.2728504180948628 vs. 2.2728504180948628
list:
dist: 2.4947825698573207 vs. 2.4947825698573207
list:
dist: 2.8393317343296776 vs. 2.8393317343296776
list:
dist: 3.529990701977161 vs. 3.529990701977161
list:
dist: 3.0755873126945685 vs. 3.0755873126945685
list:
dist: 1.7510349711037865 vs. 1.7510349711037865
list:
dist: 1.1811399413866832 vs. 1.1811399413866832
list:
dist: 0.9233457089210303 vs. 0.9233457089210303
list:
dist: 1.2187879927702194 vs. 1.2187879927702194
list:
dist: 1.4320672719802714 vs. 1.4320672719802714
list:
dist: 0.7384867073708622 vs. 0.7384867073708622
list:
dist: 1.2124568844256995 vs. 1.2124568844256995
list:
dist: 1.8043385056057797 vs. 1.8043385056057797
list:
dist: 1.719454167692565 vs. 1.719454167692565
list:
dist: 1.4467918816095506 vs. 1.4467918816095506
list:
dist: 1.3217773872135126 vs. 1.3217773872135126
list:
dist: 1.0122882756874254 vs. 1.0122882756874254
list:
dist: 0.9258823107365518 vs. 0.9258823107365518
list:
dist: 1.0121323933097883 vs. 1.0121323933097883
list:
dist: 1.8005886944978735 vs. 1.8005886944978735
list:
dist: 2.8127505104283226 vs. 2.8127505104283226
list:
dist: 2.748243706047453 vs. 2.748243706047453
list:
dist: 2.2337717837359126 vs. 2.2337717837359126
list:
dist: 1.8509457318141262 vs. 1.8509457318141262
list:
dist: 2.2046981417943616 vs. 2.2046981417943616
list:
dist: 1.122028376234931 vs. 1.122028376234931
list:
dist: 2.4321803464503686 vs. 2.4321803464503686
list:
dist: 1.31867145949239 vs. 1.31867145949239
list:
dist: 1.2284470049060352 vs. 1.2284470049060352
list:
dist: 2.7883849323093686 vs. 2.7883849323093686
list:
dist: 1.8043385056057797 vs. 1.8043385056057797
list:
dist: 2.556450391379399 vs. 2.556450391379399
list:
dist: 2.047930582220195 vs. 2.047930582220195
list:
dist: 2.7643320194229624 vs. 2.7643320194229624
list:
dist: 1.0528770470648778 vs. 1.0528770470648778
list:
dist: 0.48624511413010013 vs. 0.48624511413010013
list:
dist: 1.224729098868532 vs. 1.224729098868532
list:
dist: 1.4028135294022583 vs. 1.4028135294022583
list:
dist: 1.798091145833727 vs. 1.798091145833727
list:
dist: 2.1476180976397443 vs. 2.1476180976397443
list:
dist: 1.4633134260415852 vs. 1.4633134260415852
list:
dist: 2.735964999101634 vs. 2.735964999101634
list:
dist: 3.3667251603505273 vs. 3.3667251603505273
list:
dist: 2.7463246322055643 vs. 2.7463246322055643
list:
dist: 2.386493930406815 vs. 2.386493930406815
list:
dist: 2.312126572531499 vs. 2.312126572531499
list:
dist: 2.444161801923534 vs. 2.444161801923534
list:
dist: 2.6154157955063626 vs. 2.6154157955063626
list:
dist: 3.278010091153942 vs. 3.278010091153942
list:
dist: 3.338534471790815 vs. 3.338534471790815
list:
dist: 2.0146412832655005 vs. 2.0146412832655005
list:
dist: 1.767081550456624 vs. 1.767081550456624
list:
dist: 1.9847090558694926 vs. 1.9847090558694926
list:
dist: 1.0121323933097883 vs. 1.0121323933097883
list:
dist: 2.3200061783835486 vs. 2.3200061783835486
list:
dist: 1.734975317314706 vs. 1.734975317314706
list:
dist: 1.202472369664516 vs. 1.202472369664516
list:
dist: 2.1476180976397443 vs. 2.1476180976397443
list:
dist: 1.8103268289308716 vs. 1.8103268289308716
list:
dist: 1.7165814952426144 vs. 1.7165814952426144
list:
dist: 1.108552521824255 vs. 1.108552521824255
list:
dist: 0.7742001201566083 vs. 0.7742001201566083
list:
dist: 0.8572886007486922 vs. 0.8572886007486922
list:
dist: 1.8175874002686176 vs. 1.8175874002686176
list:
dist: 2.59231976108376 vs. 2.59231976108376
list:
dist: 1.9254799054402725 vs. 1.9254799054402725
list:
dist: 1.2924645084159518 vs. 1.2924645084159518
list:
dist: 1.1266017681040648 vs. 1.1266017681040648
list:
dist: 1.475182007354074 vs. 1.475182007354074
list:
dist: 0.988184340332118 vs. 0.988184340332118
list:
dist: 1.8843007292605407 vs. 1.8843007292605407
list:
dist: 3.074177191211002 vs. 3.074177191211002
list:
dist: 2.294993664448706 vs. 2.294993664448706
list:
dist: 2.4495515974928894 vs. 2.4495515974928894
list:
dist: 2.351028889026467 vs. 2.351028889026467
list:
dist: 1.9265774531925859 vs. 1.9265774531925859
list:
dist: 1.7115432659297054 vs. 1.7115432659297054
list:
dist: 1.2124568844256995 vs. 1.2124568844256995
list:
dist: 2.277902733417987 vs. 2.277902733417987
list:
dist: 1.5296398676826792 vs. 1.5296398676826792
list:
dist: 2.7643320194229624 vs. 2.7643320194229624
list:
dist: 2.761578009373867 vs. 2.761578009373867
list:
dist: 2.3121179545095636 vs. 2.3121179545095636
list:
dist: 2.1110084988323417 vs. 2.1110084988323417
list:
dist: 1.6385026990792826 vs. 1.6385026990792826
list:
dist: 1.8017801707592032 vs. 1.8017801707592032
list:
dist: 1.202472369664516 vs. 1.202472369664516
list:
dist: 2.062084417259795 vs. 2.062084417259795
list:
dist: 2.5091717140626377 vs. 2.5091717140626377
list:
dist: 2.1346743890503954 vs. 2.1346743890503954
list:
dist: 2.0194591216079383 vs. 2.0194591216079383
list:
dist: 1.5864388381680128 vs. 1.5864388381680128
list:
dist: 2.1506202217761206 vs. 2.1506202217761206
list:
dist: 0.44062497203816486 vs. 0.44062497203816486
list:
dist: 2.0988125996776517 vs. 2.0988125996776517
list:
dist: 2.157169183388329 vs. 2.157169183388329
list:
dist: 2.933387864776136 vs. 2.933387864776136
list:
dist: 1.6955546998110722 vs. 1.6955546998110722
list:
dist: 3.4459695313550074 vs. 3.4459695313550074
list:
dist: 3.298039358939399 vs. 3.298039358939399
list:
dist: 4.322950052043923 vs. 4.322950052043923
list:
dist: 4.263489813235715 vs. 4.263489813235715
list:
dist: 1.6106295876413255 vs. 1.6106295876413255
list:
dist: 1.496025734340291 vs. 1.496025734340291
list:
dist: 2.4465446951578236 vs. 2.4465446951578236
list:
dist: 1.3217773872135126 vs. 1.3217773872135126
list:
dist: 2.461172462635915 vs. 2.461172462635915
list:
dist: 1.9473947057838923 vs. 1.9473947057838923
list:
dist: 2.1110084988323417 vs. 2.1110084988323417
list:
dist: 1.224729098868532 vs. 1.224729098868532
list:
dist: 0.819561003481228 vs. 0.819561003481228
list:
dist: 0.9136545336510757 vs. 0.9136545336510757
list:
dist: 0.5027040602965281 vs. 0.5027040602965281
list:
dist: 0.8676755283304985 vs. 0.8676755283304985
list:
dist: 1.108552521824255 vs. 1.108552521824255
list:
dist: 1.5172809477415914 vs. 1.5172809477415914
list:
dist: 2.6319362975505465 vs. 2.6319362975505465
list:
dist: 2.4921575359253394 vs. 2.4921575359253394
list:
dist: 1.7069116697976796 vs. 1.7069116697976796
list:
dist: 1.5465156249519243 vs. 1.5465156249519243
list:
dist: 1.5133787130271297 vs. 1.5133787130271297
list:
dist: 1.7929957891719792 vs. 1.7929957891719792
list:
dist: 2.074136361536457 vs. 2.074136361536457
list:
dist: 2.9184259105092254 vs. 2.9184259105092254
list:
dist: 2.415351254074565 vs. 2.415351254074565
list:
dist: 3.3906822744547718 vs. 3.3906822744547718
list:
dist: 2.7957566060411536 vs. 2.7957566060411536
list:
dist: 3.854933620703062 vs. 3.854933620703062
list:
dist: 2.8127505104283226 vs. 2.8127505104283226
list:
dist: 4.114830238113178 vs. 4.114830238113178
list:
dist: 3.157901579415482 vs. 3.157901579415482
list:
dist: 2.5091717140626377 vs. 2.5091717140626377
list:
dist: 2.735964999101634 vs. 2.735964999101634
list:
dist: 3.2900430746003098 vs. 3.2900430746003098
list:
dist: 2.3803690854265755 vs. 2.3803690854265755
list:
dist: 2.6319362975505465 vs. 2.6319362975505465
list:
dist: 2.3074797988648763 vs. 2.3074797988648763
list:
dist: 3.160368413461616 vs. 3.160368413461616
list:
dist: 2.59231976108376 vs. 2.59231976108376
list:
dist: 1.299159624639377 vs. 1.299159624639377
list:
dist: 1.959383478752092 vs. 1.959383478752092
list:
dist: 2.2527080874126626 vs. 2.2527080874126626
list:
dist: 1.682146562567549 vs. 1.682146562567549
list:
dist: 1.7219667791916538 vs. 1.7219667791916538
list:
dist: 2.138165971297014 vs. 2.138165971297014
list:
dist: 1.011028593689924 vs. 1.011028593689924
list:
dist: 0.8815181120382013 vs. 0.8815181120382013
list:
dist: 0.871093434579798 vs. 0.871093434579798
list:
dist: 1.2800300988292004 vs. 1.2800300988292004
list:
dist: 1.6544066009287515 vs. 1.6544066009287515
list:
dist: 2.58495963683543 vs. 2.58495963683543
list:
dist: 1.4062973826158092 vs. 1.4062973826158092
list:
dist: 2.7451755404129266 vs. 2.7451755404129266
list:
dist: 2.313851563708845 vs. 2.313851563708845
list:
dist: 2.932580112430294 vs. 2.932580112430294
list:
dist: 1.8509457318141262 vs. 1.8509457318141262
list:
dist: 3.27821015295936 vs. 3.27821015295936
list:
dist: 2.487768962744682 vs. 2.487768962744682
list:
dist: 1.5864388381680128 vs. 1.5864388381680128
list:
dist: 2.386493930406815 vs. 2.386493930406815
list:
dist: 2.3631695980452587 vs. 2.3631695980452587
list:
dist: 1.924360746560544 vs. 1.924360746560544
list:
dist: 1.5465156249519243 vs. 1.5465156249519243
list:
dist: 1.1986705943220746 vs. 1.1986705943220746
list:
dist: 1.8544195883030263 vs. 1.8544195883030263
list:
dist: 1.1266017681040648 vs. 1.1266017681040648
list:
dist: 1.4149872586268968 vs. 1.4149872586268968
list:
dist: 1.682146562567549 vs. 1.682146562567549
list:
dist: 1.0052744859566565 vs. 1.0052744859566565
list:
dist: 0.7018159568504457 vs. 0.7018159568504457
list:
dist: 0.589578625776256 vs. 0.589578625776256
list:
dist: 1.2016313021671277 vs. 1.2016313021671277
list:
dist: 0.7938633707450321 vs. 0.7938633707450321
list:
dist: 1.8893960742518316 vs. 1.8893960742518316
list:
dist: 1.8487514222737234 vs. 1.8487514222737234
list:
dist: 1.7416266328784151 vs. 1.7416266328784151
list:
dist: 3.8410044441048603 vs. 3.8410044441048603
list:
dist: 3.458018615203346 vs. 3.458018615203346
list:
dist: 4.566246179329166 vs. 4.566246179329166
list:
dist: 4.200271198965695 vs. 4.200271198965695
list:
dist: 2.023341296176873 vs. 2.023341296176873
list:
dist: 1.559680285076404 vs. 1.559680285076404
list:
dist: 1.9831387457114549 vs. 1.9831387457114549
list:
dist: 5.054285320665843 vs. 5.054285320665843
list:
dist: 3.9625436102424296 vs. 3.9625436102424296
list:
dist: 4.8799961231166336 vs. 4.8799961231166336
list:
dist: 3.1162741316339386 vs. 3.1162741316339386
list:
dist: 2.792246422261639 vs. 2.792246422261639
list:
dist: 3.256318400130902 vs. 3.256318400130902
list:
dist: 2.2337717837359126 vs. 2.2337717837359126
list:
dist: 3.6051934366062923 vs. 3.6051934366062923
list:
dist: 2.9386614898696797 vs. 2.9386614898696797
list:
dist: 2.0194591216079383 vs. 2.0194591216079383
list:
dist: 2.7463246322055643 vs. 2.7463246322055643
list:
dist: 2.4776582792952824 vs. 2.4776582792952824
list:
dist: 2.3252702044878246 vs. 2.3252702044878246
list:
dist: 1.7069116697976796 vs. 1.7069116697976796
list:
dist: 1.5142205396285935 vs. 1.5142205396285935
list:
dist: 1.9566455243391394 vs. 1.9566455243391394
list:
dist: 1.2924645084159518 vs. 1.2924645084159518
list:
dist: 2.012852796350274 vs. 2.012852796350274
list:
dist: 2.2527080874126626 vs. 2.2527080874126626
list:
dist: 0.9397716374611127 vs. 0.9397716374611127
list:
dist: 0.7018159568504457 vs. 0.7018159568504457
list:
dist: 0.7013902301579577 vs. 0.7013902301579577
list:
dist: 1.712248622981392 vs. 1.712248622981392
list:
dist: 1.2563193708224838 vs. 1.2563193708224838
list:
dist: 2.5124505062159406 vs. 2.5124505062159406
list:
dist: 2.2109297623351685 vs. 2.2109297623351685
list:
dist: 2.3652353676805493 vs. 2.3652353676805493
list:
dist: 3.90251457331744 vs. 3.90251457331744
list:
dist: 3.369372472141835 vs. 3.369372472141835
list:
dist: 4.572354038223287 vs. 4.572354038223287
list:
dist: 4.008888341917166 vs. 4.008888341917166
list:
dist: 2.1046535084353866 vs. 2.1046535084353866
list:
dist: 1.0383230137894235 vs. 1.0383230137894235
list:
dist: 2.1649383159231315 vs. 2.1649383159231315
list:
dist: 4.819449263880429 vs. 4.819449263880429
list:
dist: 3.6394721138413004 vs. 3.6394721138413004
list:
dist: 4.636621254764064 vs. 4.636621254764064
list:
dist: 2.922805492815377 vs. 2.922805492815377
list:
dist: 2.539212685558497 vs. 2.539212685558497
list:
dist: 3.357453444913934 vs. 3.357453444913934
list:
dist: 2.2046981417943616 vs. 2.2046981417943616
list:
dist: 3.619276322446581 vs. 3.619276322446581
list:
dist: 2.862471941203492 vs. 2.862471941203492
list:
dist: 2.1506202217761206 vs. 2.1506202217761206
list:
dist: 2.312126572531499 vs. 2.312126572531499
list:
dist: 2.2728504180948628 vs. 2.2728504180948628
list:
dist: 1.9087981267531602 vs. 1.9087981267531602
list:
dist: 1.5133787130271297 vs. 1.5133787130271297
list:
dist: 1.3336628963638055 vs. 1.3336628963638055
list:
dist: 2.035412462884267 vs. 2.035412462884267
list:
dist: 1.475182007354074 vs. 1.475182007354074
list:
dist: 1.4523229568335991 vs. 1.4523229568335991
list:
dist: 1.7219667791916538 vs. 1.7219667791916538
list:
dist: 1.1686098774325597 vs. 1.1686098774325597
list:
dist: 0.7013902301579577 vs. 0.7013902301579577
list:
dist: 0.589578625776256 vs. 0.589578625776256
list:
dist: 1.7504011069604641 vs. 1.7504011069604641
list:
dist: 0.8094641497829794 vs. 0.8094641497829794
list:
dist: 2.173003608207405 vs. 2.173003608207405
list:
dist: 1.7891695500187124 vs. 1.7891695500187124
list:
dist: 2.151320594698816 vs. 2.151320594698816
list:
dist: 4.2824393589897545 vs. 4.2824393589897545
list:
dist: 3.8436742754746027 vs. 3.8436742754746027
list:
dist: 4.9529694122008365 vs. 4.9529694122008365
list:
dist: 4.494997790559756 vs. 4.494997790559756
list:
dist: 1.617699471526636 vs. 1.617699471526636
list:
dist: 1.1913184559085428 vs. 1.1913184559085428
list:
dist: 1.8245611285058914 vs. 1.8245611285058914
list:
dist: 5.212430743944729 vs. 5.212430743944729
list:
dist: 4.1101514366621785 vs. 4.1101514366621785
list:
dist: 5.059679521314922 vs. 5.059679521314922
list:
dist: 2.150318957380019 vs. 2.150318957380019
list:
dist: 1.6113321559267648 vs. 1.6113321559267648
list:
dist: 2.940166091440847 vs. 2.940166091440847
list:
dist: 1.8005886944978735 vs. 1.8005886944978735
list:
dist: 3.0465257013844846 vs. 3.0465257013844846
list:
dist: 2.1631010712923837 vs. 2.1631010712923837
list:
dist: 2.062084417259795 vs. 2.062084417259795
list:
dist: 1.4633134260415852 vs. 1.4633134260415852
list:
dist: 2.065993616879418 vs. 2.065993616879418
list:
dist: 1.0869007810016678 vs. 1.0869007810016678
list:
dist: 1.5172809477415914 vs. 1.5172809477415914
list:
dist: 1.2546377497694137 vs. 1.2546377497694137
list:
dist: 2.102926904600965 vs. 2.102926904600965
list:
dist: 1.8175874002686176 vs. 1.8175874002686176
list:
dist: 1.299159624639377 vs. 1.299159624639377
list:
dist: 2.2669971801645508 vs. 2.2669971801645508
list:
dist: 2.012852796350274 vs. 2.012852796350274
list:
dist: 1.4149872586268968 vs. 1.4149872586268968
list:
dist: 1.4523229568335991 vs. 1.4523229568335991
list:
dist: 1.6493755492160969 vs. 1.6493755492160969
list:
dist: 1.334696803448946 vs. 1.334696803448946
list:
dist: 1.7257659794917655 vs. 1.7257659794917655
list:
dist: 2.0070134738972385 vs. 2.0070134738972385
list:
dist: 1.7979526151547252 vs. 1.7979526151547252
list:
dist: 2.2361329203795357 vs. 2.2361329203795357
list:
dist: 2.6195095256956367 vs. 2.6195095256956367
list:
dist: 2.389210066970277 vs. 2.389210066970277
list:
dist: 3.338534471790815 vs. 3.338534471790815
list:
dist: 3.0755873126945685 vs. 3.0755873126945685
list:
dist: 2.9906854987852767 vs. 2.9906854987852767
list:
dist: 2.415351254074565 vs. 2.415351254074565
list:
dist: 2.361765889931929 vs. 2.361765889931929
list:
dist: 2.833170631817232 vs. 2.833170631817232
list:
dist: 2.294993664448706 vs. 2.294993664448706
list:
dist: 2.6195095256956367 vs. 2.6195095256956367
list:
dist: 2.58495963683543 vs. 2.58495963683543
list:
dist: 1.2888499298861817 vs. 1.2888499298861817
list:
dist: 1.0383230137894235 vs. 1.0383230137894235
list:
dist: 1.559680285076404 vs. 1.559680285076404
list:
dist: 1.1913184559085428 vs. 1.1913184559085428
list:
dist: 2.7094624233054336 vs. 2.7094624233054336
list:
dist: 1.6546938477499908 vs. 1.6546938477499908
list:
dist: 3.0343408220347463 vs. 3.0343408220347463
list:
dist: 2.243581705738343 vs. 2.243581705738343
list:
dist: 3.0282297493746144 vs. 3.0282297493746144
list:
dist: 4.330559863576286 vs. 4.330559863576286
list:
dist: 3.7097242048102994 vs. 3.7097242048102994
list:
dist: 4.849678252862831 vs. 4.849678252862831
list:
dist: 4.11914721375179 vs. 4.11914721375179
list:
dist: 1.6891197360241457 vs. 1.6891197360241457
list:
dist: 1.9504091111879873 vs. 1.9504091111879873
list:
dist: 4.613551335483433 vs. 4.613551335483433
list:
dist: 3.4652326959646373 vs. 3.4652326959646373
list:
dist: 4.479492090817221 vs. 4.479492090817221
list:
dist: 4.00875386460876 vs. 4.00875386460876
list:
dist: 1.6955546998110722 vs. 1.6955546998110722
list:
dist: 1.7979526151547252 vs. 1.7979526151547252
list:
dist: 1.2800300988292004 vs. 1.2800300988292004
list:
dist: 1.9362719872490937 vs. 1.9362719872490937
list:
dist: 2.3652353676805493 vs. 2.3652353676805493
list:
dist: 1.7416266328784151 vs. 1.7416266328784151
list:
dist: 2.151320594698816 vs. 2.151320594698816
list:
dist: 1.5055457107424997 vs. 1.5055457107424997
list:
dist: 1.4984857330648418 vs. 1.4984857330648418
list:
dist: 0.5331411458934188 vs. 0.5331411458934188
list:
dist: 1.6917656742646767 vs. 1.6917656742646767
list:
dist: 3.340099861605602 vs. 3.340099861605602
list:
dist: 3.3857622293369594 vs. 3.3857622293369594
list:
dist: 4.075449832885489 vs. 4.075449832885489
list:
dist: 4.230171999224314 vs. 4.230171999224314
list:
dist: 4.807871699645448 vs. 4.807871699645448
list:
dist: 4.482991390693311 vs. 4.482991390693311
list:
dist: 2.6856505762147638 vs. 2.6856505762147638
list:
dist: 3.0282297493746144 vs. 3.0282297493746144
list:
dist: 2.153347266569875 vs. 2.153347266569875
list:
dist: 5.088237394252921 vs. 5.088237394252921
list:
dist: 4.323136031196428 vs. 4.323136031196428
list:
dist: 4.9480856711021595 vs. 4.9480856711021595
list:
dist: 5.640705842244084 vs. 5.640705842244084
list:
dist: 3.278010091153942 vs. 3.278010091153942
list:
dist: 3.529990701977161 vs. 3.529990701977161
list:
dist: 2.993870321553719 vs. 2.993870321553719
list:
dist: 2.9184259105092254 vs. 2.9184259105092254
list:
dist: 2.806016735296275 vs. 2.806016735296275
list:
dist: 3.598009694980863 vs. 3.598009694980863
list:
dist: 3.074177191211002 vs. 3.074177191211002
list:
dist: 2.2361329203795357 vs. 2.2361329203795357
list:
dist: 1.6544066009287515 vs. 1.6544066009287515
list:
dist: 1.91555276289548 vs. 1.91555276289548
list:
dist: 2.1046535084353866 vs. 2.1046535084353866
list:
dist: 2.023341296176873 vs. 2.023341296176873
list:
dist: 1.617699471526636 vs. 1.617699471526636
list:
dist: 3.095462970613155 vs. 3.095462970613155
list:
dist: 1.409816762463953 vs. 1.409816762463953
list:
dist: 2.3937159806794206 vs. 2.3937159806794206
list:
dist: 1.1852424156520072 vs. 1.1852424156520072
list:
dist: 2.6856505762147638 vs. 2.6856505762147638
list:
dist: 1.6891197360241457 vs. 1.6891197360241457
list:
dist: 0.9261372735615159 vs. 0.9261372735615159
list:
dist: 3.1996529229139634 vs. 3.1996529229139634
list:
dist: 2.6877932053526483 vs. 2.6877932053526483
list:
dist: 3.5332201507379586 vs. 3.5332201507379586
list:
dist: 2.4321803464503686 vs. 2.4321803464503686
list:
dist: 3.8516078013096617 vs. 3.8516078013096617
list:
dist: 2.9716327273847245 vs. 2.9716327273847245
list:
dist: 2.0988125996776517 vs. 2.0988125996776517
list:
dist: 2.6154157955063626 vs. 2.6154157955063626
list:
dist: 2.8393317343296776 vs. 2.8393317343296776
list:
dist: 2.191410332839366 vs. 2.191410332839366
list:
dist: 2.074136361536457 vs. 2.074136361536457
list:
dist: 1.7615011991966538 vs. 1.7615011991966538
list:
dist: 2.5505064602049425 vs. 2.5505064602049425
list:
dist: 1.8843007292605407 vs. 1.8843007292605407
list:
dist: 1.334696803448946 vs. 1.334696803448946
list:
dist: 1.011028593689924 vs. 1.011028593689924
list:
dist: 1.0607292650782627 vs. 1.0607292650782627
list:
dist: 1.2563193708224838 vs. 1.2563193708224838
list:
dist: 0.7938633707450321 vs. 0.7938633707450321
list:
dist: 0.8094641497829794 vs. 0.8094641497829794
list:
dist: 1.7026224205767597 vs. 1.7026224205767597
list:
dist: 1.4265302269858495 vs. 1.4265302269858495
list:
dist: 1.0695598556022334 vs. 1.0695598556022334
list:
dist: 1.4984857330648418 vs. 1.4984857330648418
list:
dist: 3.9325099482845314 vs. 3.9325099482845314
list:
dist: 3.631191536253659 vs. 3.631191536253659
list:
dist: 4.585775349164198 vs. 4.585775349164198
list:
dist: 4.304991117814097 vs. 4.304991117814097
list:
dist: 1.409816762463953 vs. 1.409816762463953
list:
dist: 1.6546938477499908 vs. 1.6546938477499908
list:
dist: 1.2713987524135122 vs. 1.2713987524135122
list:
dist: 4.972134853079843 vs. 4.972134853079843
list:
dist: 4.006477976711566 vs. 4.006477976711566
list:
dist: 4.844147449096575 vs. 4.844147449096575
list:
dist: 2.933387864776136 vs. 2.933387864776136
list:
dist: 2.0070134738972385 vs. 2.0070134738972385
list:
dist: 0.871093434579798 vs. 0.871093434579798
list:
dist: 1.671766601307035 vs. 1.671766601307035
list:
dist: 2.2109297623351685 vs. 2.2109297623351685
list:
dist: 1.8487514222737234 vs. 1.8487514222737234
list:
dist: 1.7891695500187124 vs. 1.7891695500187124
list:
dist: 2.5824307496056833 vs. 2.5824307496056833
list:
dist: 1.0695598556022334 vs. 1.0695598556022334
list:
dist: 1.340278470925091 vs. 1.340278470925091
list:
dist: 1.6917656742646767 vs. 1.6917656742646767
list:
dist: 1.1852424156520072 vs. 1.1852424156520072
list:
dist: 2.243581705738343 vs. 2.243581705738343
list:
dist: 0.5735556993991204 vs. 0.5735556993991204
list:
dist: 2.157169183388329 vs. 2.157169183388329
list:
dist: 1.7257659794917655 vs. 1.7257659794917655
list:
dist: 0.8815181120382013 vs. 0.8815181120382013
list:
dist: 2.058398584343154 vs. 2.058398584343154
list:
dist: 2.5124505062159406 vs. 2.5124505062159406
list:
dist: 1.8893960742518316 vs. 1.8893960742518316
list:
dist: 2.173003608207405 vs. 2.173003608207405
list:
dist: 1.9028995880194883 vs. 1.9028995880194883
list:
dist: 1.4265302269858495 vs. 1.4265302269858495
list:
dist: 1.340278470925091 vs. 1.340278470925091
list:
dist: 0.5331411458934188 vs. 0.5331411458934188
list:
dist: 2.3937159806794206 vs. 2.3937159806794206
list:
dist: 3.0343408220347463 vs. 3.0343408220347463
list:
dist: 1.8679326683509632 vs. 1.8679326683509632
list:
dist: 2.389210066970277 vs. 2.389210066970277
list:
dist: 1.4062973826158092 vs. 1.4062973826158092
list:
dist: 1.583701289581541 vs. 1.583701289581541
list:
dist: 2.1649383159231315 vs. 2.1649383159231315
list:
dist: 1.9831387457114549 vs. 1.9831387457114549
list:
dist: 1.8245611285058914 vs. 1.8245611285058914
list:
dist: 2.886009072139282 vs. 2.886009072139282
list:
dist: 1.2713987524135122 vs. 1.2713987524135122
list:
dist: 1.8679326683509632 vs. 1.8679326683509632
list:
dist: 0.5735556993991204 vs. 0.5735556993991204
list:
dist: 2.153347266569875 vs. 2.153347266569875
list:
dist: 0.9261372735615159 vs. 0.9261372735615159
list:
dist: 1.9504091111879873 vs. 1.9504091111879873
list:
dist: 3.730224903273666 vs. 3.730224903273666
list:
dist: 3.2888479615798505 vs. 3.2888479615798505
list:
dist: 3.6923716363743257 vs. 3.6923716363743257
list:
dist: 2.748243706047453 vs. 2.748243706047453
list:
dist: 4.1383101796472115 vs. 4.1383101796472115
list:
dist: 3.3616028046098365 vs. 3.3616028046098365
list:
dist: 2.1346743890503954 vs. 2.1346743890503954
list:
dist: 3.3667251603505273 vs. 3.3667251603505273
list:
dist: 3.299633520443787 vs. 3.299633520443787
list:
dist: 2.9150561212231714 vs. 2.9150561212231714
list:
dist: 2.4921575359253394 vs. 2.4921575359253394
list:
dist: 2.18455548666256 vs. 2.18455548666256
list:
dist: 2.723564353948078 vs. 2.723564353948078
list:
dist: 1.9254799054402725 vs. 1.9254799054402725
list:
dist: 2.2669971801645508 vs. 2.2669971801645508
list:
dist: 1.959383478752092 vs. 1.959383478752092
list:
dist: 0.9397716374611127 vs. 0.9397716374611127
list:
dist: 1.0052744859566565 vs. 1.0052744859566565
list:
dist: 1.1686098774325597 vs. 1.1686098774325597
list:
dist: 1.8714677746763544 vs. 1.8714677746763544
list:
dist: 1.0607292650782627 vs. 1.0607292650782627
list:
dist: 2.058398584343154 vs. 2.058398584343154
list:
dist: 1.671766601307035 vs. 1.671766601307035
list:
dist: 1.9362719872490937 vs. 1.9362719872490937
list:
dist: 3.2141064506272348 vs. 3.2141064506272348
list:
dist: 2.746146727106885 vs. 2.746146727106885
list:
dist: 3.8235191668187443 vs. 3.8235191668187443
list:
dist: 3.3544115023546057 vs. 3.3544115023546057
list:
dist: 1.91555276289548 vs. 1.91555276289548
list:
dist: 1.2888499298861817 vs. 1.2888499298861817
list:
dist: 1.583701289581541 vs. 1.583701289581541
list:
dist: 4.079507143366851 vs. 4.079507143366851
list:
dist: 3.014677398877824 vs. 3.014677398877824
list:
dist: 3.9211716196677844 vs. 3.9211716196677844
list:
dist: 1.6565010492223189 vs. 1.6565010492223189
list:
dist: 1.1865222824234056 vs. 1.1865222824234056
list:
dist: 0.8303196944767909 vs. 0.8303196944767909
list:
dist: 1.5233969862448702 vs. 1.5233969862448702
list:
dist: 1.2894290165169748 vs. 1.2894290165169748
list:
dist: 1.3473333318853833 vs. 1.3473333318853833
list:
dist: 1.3751052639775851 vs. 1.3751052639775851
list:
dist: 0.35206258193747825 vs. 0.35206258193747825
list:
dist: 1.5262405567814825 vs. 1.5262405567814825
list:
dist: 2.7068744386004915 vs. 2.7068744386004915
list:
dist: 2.2485326367867966 vs. 2.2485326367867966
list:
dist: 2.6198108808113796 vs. 2.6198108808113796
list:
dist: 2.8339958521659177 vs. 2.8339958521659177
list:
dist: 2.2587378781632017 vs. 2.2587378781632017
list:
dist: 2.522732937391408 vs. 2.522732937391408
list:
dist: 2.608382266976009 vs. 2.608382266976009
list:
dist: 2.984676045078826 vs. 2.984676045078826
list:
dist: 3.05515621914972 vs. 3.05515621914972
list:
dist: 3.2824243424514896 vs. 3.2824243424514896
list:
dist: 2.5340570039059456 vs. 2.5340570039059456
list:
dist: 3.0889831455082435 vs. 3.0889831455082435
list:
dist: 3.6676675651280313 vs. 3.6676675651280313
list:
dist: 3.2445981944692615 vs. 3.2445981944692615
list:
dist: 2.4279107074921784 vs. 2.4279107074921784
list:
dist: 1.7912673347864068 vs. 1.7912673347864068
list:
dist: 2.1492608942700695 vs. 2.1492608942700695
list:
dist: 2.351005797684568 vs. 2.351005797684568
list:
dist: 2.8494567847928227 vs. 2.8494567847928227
list:
dist: 2.457112597885193 vs. 2.457112597885193
list:
dist: 2.32569607925952 vs. 2.32569607925952
list:
dist: 1.9171207189069963 vs. 1.9171207189069963
list:
dist: 2.065089770736933 vs. 2.065089770736933
list:
dist: 1.6565010492223189 vs. 1.6565010492223189
list:
dist: 3.6321386314528996 vs. 3.6321386314528996
list:
dist: 3.240892929906045 vs. 3.240892929906045
list:
dist: 1.9171207189069963 vs. 1.9171207189069963
list:
dist: 1.430998787657815 vs. 1.430998787657815
list:
dist: 0.9992697650043115 vs. 0.9992697650043115
list:
dist: 1.5796247540262969 vs. 1.5796247540262969
list:
dist: 1.1436439513981158 vs. 1.1436439513981158
list:
dist: 1.064524775478933 vs. 1.064524775478933
list:
dist: 1.31453667595036 vs. 1.31453667595036
list:
dist: 1.4904333114267139 vs. 1.4904333114267139
list:
dist: 0.35206258193747825 vs. 0.35206258193747825
list:
dist: 2.6603540263654084 vs. 2.6603540263654084
list:
dist: 2.2147945620061553 vs. 2.2147945620061553
list:
dist: 2.37583463258027 vs. 2.37583463258027
list:
dist: 2.65611199657396 vs. 2.65611199657396
list:
dist: 2.1204137555414078 vs. 2.1204137555414078
list:
dist: 2.3354320352408307 vs. 2.3354320352408307
list:
dist: 2.2751878278002073 vs. 2.2751878278002073
list:
dist: 2.7184414345641734 vs. 2.7184414345641734
list:
dist: 2.752410935951145 vs. 2.752410935951145
list:
dist: 3.005975067784462 vs. 3.005975067784462
list:
dist: 2.2501994149665068 vs. 2.2501994149665068
list:
dist: 2.870051303461881 vs. 2.870051303461881
list:
dist: 3.487188197267412 vs. 3.487188197267412
list:
dist: 3.0690549318240428 vs. 3.0690549318240428
list:
dist: 2.249645487829997 vs. 2.249645487829997
list:
dist: 3.6321386314528996 vs. 3.6321386314528996
list:
dist: 4.807871699645448 vs. 4.807871699645448
list:
dist: 2.1356877921595414 vs. 2.1356877921595414
list:
dist: 2.4205383661816957 vs. 2.4205383661816957
list:
dist: 1.3097958584902574 vs. 1.3097958584902574
list:
dist: 1.9169672145401828 vs. 1.9169672145401828
list:
dist: 2.4572439077861055 vs. 2.4572439077861055
list:
dist: 1.5000772128881756 vs. 1.5000772128881756
list:
dist: 2.6603540263654084 vs. 2.6603540263654084
list:
dist: 1.8890901034982663 vs. 1.8890901034982663
list:
dist: 2.7068744386004915 vs. 2.7068744386004915
list:
dist: 0.4740050525298382 vs. 0.4740050525298382
list:
dist: 1.7589647276360527 vs. 1.7589647276360527
list:
dist: 2.5518292318510944 vs. 2.5518292318510944
list:
dist: 1.7728642365515526 vs. 1.7728642365515526
list:
dist: 3.005583701223566 vs. 3.005583701223566
list:
dist: 2.0831144883970953 vs. 2.0831144883970953
list:
dist: 3.4286389227543355 vs. 3.4286389227543355
list:
dist: 2.711693657451612 vs. 2.711693657451612
list:
dist: 2.7003687250818893 vs. 2.7003687250818893
list:
dist: 3.27241557748763 vs. 3.27241557748763
list:
dist: 2.1985814782136877 vs. 2.1985814782136877
list:
dist: 1.2246877317449634 vs. 1.2246877317449634
list:
dist: 1.2279041267611976 vs. 1.2279041267611976
list:
dist: 2.32569607925952 vs. 2.32569607925952
list:
dist: 1.2754047929711163 vs. 1.2754047929711163
list:
dist: 1.5000527265219896 vs. 1.5000527265219896
list:
dist: 0.6108377095633208 vs. 0.6108377095633208
list:
dist: 1.2182978962851894 vs. 1.2182978962851894
list:
dist: 1.155144684249717 vs. 1.155144684249717
list:
dist: 1.31453667595036 vs. 1.31453667595036
list:
dist: 0.592998004246526 vs. 0.592998004246526
list:
dist: 1.3751052639775851 vs. 1.3751052639775851
list:
dist: 1.5000772128881756 vs. 1.5000772128881756
list:
dist: 1.1274354996290954 vs. 1.1274354996290954
list:
dist: 3.0485610922214237 vs. 3.0485610922214237
list:
dist: 2.2105213377028905 vs. 2.2105213377028905
list:
dist: 2.356328593663761 vs. 2.356328593663761
list:
dist: 1.9871228383264774 vs. 1.9871228383264774
list:
dist: 2.471870387341408 vs. 2.471870387341408
list:
dist: 2.2463859914293876 vs. 2.2463859914293876
list:
dist: 3.06488369896443 vs. 3.06488369896443
list:
dist: 2.8218804390827557 vs. 2.8218804390827557
list:
dist: 2.3886352772082993 vs. 2.3886352772082993
list:
dist: 3.1524114404578154 vs. 3.1524114404578154
list:
dist: 2.9642221730458727 vs. 2.9642221730458727
list:
dist: 2.084461914424514 vs. 2.084461914424514
list:
dist: 1.5544616719007964 vs. 1.5544616719007964
list:
dist: 3.4459695313550074 vs. 3.4459695313550074
list:
dist: 1.7912673347864068 vs. 1.7912673347864068
list:
dist: 3.2141064506272348 vs. 3.2141064506272348
list:
dist: 3.90251457331744 vs. 3.90251457331744
list:
dist: 3.8410044441048603 vs. 3.8410044441048603
list:
dist: 4.2824393589897545 vs. 4.2824393589897545
list:
dist: 3.6200196226900627 vs. 3.6200196226900627
list:
dist: 3.9325099482845314 vs. 3.9325099482845314
list:
dist: 3.340099861605602 vs. 3.340099861605602
list:
dist: 0.9040853222120457 vs. 0.9040853222120457
list:
dist: 0.9062114546016186 vs. 0.9062114546016186
list:
dist: 1.5531877559584877 vs. 1.5531877559584877
list:
dist: 2.0672815343896054 vs. 2.0672815343896054
list:
dist: 1.2754047929711163 vs. 1.2754047929711163
list:
dist: 1.430998787657815 vs. 1.430998787657815
list:
dist: 1.5049998007933445 vs. 1.5049998007933445
list:
dist: 1.1865222824234056 vs. 1.1865222824234056
list:
dist: 2.1356877921595414 vs. 2.1356877921595414
list:
dist: 1.7036333520251339 vs. 1.7036333520251339
list:
dist: 4.330559863576286 vs. 4.330559863576286
list:
dist: 3.362498910223235 vs. 3.362498910223235
list:
dist: 2.815606431472912 vs. 2.815606431472912
list:
dist: 2.4957295607999157 vs. 2.4957295607999157
list:
dist: 2.5876075333944617 vs. 2.5876075333944617
list:
dist: 3.309770076886126 vs. 3.309770076886126
list:
dist: 3.223400659752269 vs. 3.223400659752269
list:
dist: 3.721166673770312 vs. 3.721166673770312
list:
dist: 3.6323281556896063 vs. 3.6323281556896063
list:
dist: 3.0594633785273655 vs. 3.0594633785273655
list:
dist: 3.518985236548438 vs. 3.518985236548438
list:
dist: 3.5853417149397773 vs. 3.5853417149397773
list:
dist: 3.06607801969968 vs. 3.06607801969968
list:
dist: 2.377881698570002 vs. 2.377881698570002
list:
dist: 2.065089770736933 vs. 2.065089770736933
list:
dist: 1.5049998007933445 vs. 1.5049998007933445
list:
dist: 1.874299074947767 vs. 1.874299074947767
list:
dist: 1.0132266125687015 vs. 1.0132266125687015
list:
dist: 1.747180247640575 vs. 1.747180247640575
list:
dist: 1.1658475216714268 vs. 1.1658475216714268
list:
dist: 0.592998004246526 vs. 0.592998004246526
list:
dist: 1.4904333114267139 vs. 1.4904333114267139
list:
dist: 1.5262405567814825 vs. 1.5262405567814825
list:
dist: 1.8890901034982663 vs. 1.8890901034982663
list:
dist: 1.595477069269809 vs. 1.595477069269809
list:
dist: 3.4647546509211002 vs. 3.4647546509211002
list:
dist: 2.757745353650391 vs. 2.757745353650391
list:
dist: 2.908556101456996 vs. 2.908556101456996
list:
dist: 2.5378565962304314 vs. 2.5378565962304314
list:
dist: 2.7925321027617276 vs. 2.7925321027617276
list:
dist: 2.6501545778738174 vs. 2.6501545778738174
list:
dist: 3.4623829993185917 vs. 3.4623829993185917
list:
dist: 3.2671340379225415 vs. 3.2671340379225415
list:
dist: 2.8348068663377135 vs. 2.8348068663377135
list:
dist: 3.6638798760012032 vs. 3.6638798760012032
list:
dist: 3.488226469277754 vs. 3.488226469277754
list:
dist: 2.4436706875525345 vs. 2.4436706875525345
list:
dist: 2.0669157265878746 vs. 2.0669157265878746
list:
dist: 2.457112597885193 vs. 2.457112597885193
list:
dist: 2.0672815343896054 vs. 2.0672815343896054
list:
dist: 1.8887059967341489 vs. 1.8887059967341489
list:
dist: 1.7265443932869855 vs. 1.7265443932869855
list:
dist: 1.4602392735424148 vs. 1.4602392735424148
list:
dist: 1.155144684249717 vs. 1.155144684249717
list:
dist: 1.064524775478933 vs. 1.064524775478933
list:
dist: 1.1658475216714268 vs. 1.1658475216714268
list:
dist: 1.3473333318853833 vs. 1.3473333318853833
list:
dist: 2.4572439077861055 vs. 2.4572439077861055
list:
dist: 2.12684268764965 vs. 2.12684268764965
list:
dist: 2.5773240275098988 vs. 2.5773240275098988
list:
dist: 2.5299297827648837 vs. 2.5299297827648837
list:
dist: 2.469880746649682 vs. 2.469880746649682
list:
dist: 2.2441577931159853 vs. 2.2441577931159853
list:
dist: 1.837828744979795 vs. 1.837828744979795
list:
dist: 2.194287891747875 vs. 2.194287891747875
list:
dist: 2.550948564262831 vs. 2.550948564262831
list:
dist: 2.6449856864315895 vs. 2.6449856864315895
list:
dist: 2.070122922151679 vs. 2.070122922151679
list:
dist: 2.980773604688206 vs. 2.980773604688206
list:
dist: 3.2882571624451944 vs. 3.2882571624451944
list:
dist: 2.5484808103573746 vs. 2.5484808103573746
list:
dist: 1.9732966657385476 vs. 1.9732966657385476
list:
dist: 4.322950052043923 vs. 4.322950052043923
list:
dist: 2.351005797684568 vs. 2.351005797684568
list:
dist: 3.8235191668187443 vs. 3.8235191668187443
list:
dist: 4.572354038223287 vs. 4.572354038223287
list:
dist: 4.566246179329166 vs. 4.566246179329166
list:
dist: 4.9529694122008365 vs. 4.9529694122008365
list:
dist: 4.469038521853256 vs. 4.469038521853256
list:
dist: 4.585775349164198 vs. 4.585775349164198
list:
dist: 4.075449832885489 vs. 4.075449832885489
list:
dist: 0.9062114546016186 vs. 0.9062114546016186
list:
dist: 1.3575969769917378 vs. 1.3575969769917378
list:
dist: 1.3185405703048168 vs. 1.3185405703048168
list:
dist: 1.7265443932869855 vs. 1.7265443932869855
list:
dist: 0.6108377095633208 vs. 0.6108377095633208
list:
dist: 1.5796247540262969 vs. 1.5796247540262969
list:
dist: 1.0132266125687015 vs. 1.0132266125687015
list:
dist: 1.5233969862448702 vs. 1.5233969862448702
list:
dist: 1.3097958584902574 vs. 1.3097958584902574
list:
dist: 0.8925337923090033 vs. 0.8925337923090033
list:
dist: 4.849678252862831 vs. 4.849678252862831
list:
dist: 3.276052629290665 vs. 3.276052629290665
list:
dist: 2.2479670623160874 vs. 2.2479670623160874
list:
dist: 2.35543114306419 vs. 2.35543114306419
list:
dist: 2.0611896423988125 vs. 2.0611896423988125
list:
dist: 2.887597610687493 vs. 2.887597610687493
list:
dist: 2.536747081913361 vs. 2.536747081913361
list:
dist: 3.381174717265772 vs. 3.381174717265772
list:
dist: 3.0752129419653143 vs. 3.0752129419653143
list:
dist: 2.6663727928962104 vs. 2.6663727928962104
list:
dist: 3.2796364706132732 vs. 3.2796364706132732
list:
dist: 2.9765827419204314 vs. 2.9765827419204314
list:
dist: 2.212083715094554 vs. 2.212083715094554
list:
dist: 1.6711680951342225 vs. 1.6711680951342225
list:
dist: 3.240892929906045 vs. 3.240892929906045
list:
dist: 4.482991390693311 vs. 4.482991390693311
list:
dist: 1.7036333520251339 vs. 1.7036333520251339
list:
dist: 1.948031025277399 vs. 1.948031025277399
list:
dist: 0.8925337923090033 vs. 0.8925337923090033
list:
dist: 1.4929445152328495 vs. 1.4929445152328495
list:
dist: 2.12684268764965 vs. 2.12684268764965
list:
dist: 1.1274354996290954 vs. 1.1274354996290954
list:
dist: 2.2147945620061553 vs. 2.2147945620061553
list:
dist: 1.595477069269809 vs. 1.595477069269809
list:
dist: 2.2485326367867966 vs. 2.2485326367867966
list:
dist: 0.4740050525298382 vs. 0.4740050525298382
list:
dist: 1.6681367157495122 vs. 1.6681367157495122
list:
dist: 2.2328951340481478 vs. 2.2328951340481478
list:
dist: 1.598958426154178 vs. 1.598958426154178
list:
dist: 2.7834818690627015 vs. 2.7834818690627015
list:
dist: 2.0453515628407035 vs. 2.0453515628407035
list:
dist: 3.209864875815665 vs. 3.209864875815665
list:
dist: 2.628149862867794 vs. 2.628149862867794
list:
dist: 2.467663228528794 vs. 2.467663228528794
list:
dist: 3.0408226670296212 vs. 3.0408226670296212
list:
dist: 2.2609121119537923 vs. 2.2609121119537923
list:
dist: 1.4557355313049851 vs. 1.4557355313049851
list:
dist: 1.1057840790218623 vs. 1.1057840790218623
list:
dist: 3.0594633785273655 vs. 3.0594633785273655
list:
dist: 2.448578229653443 vs. 2.448578229653443
list:
dist: 2.6663727928962104 vs. 2.6663727928962104
list:
dist: 1.509604801439581 vs. 1.509604801439581
list:
dist: 2.070122922151679 vs. 2.070122922151679
list:
dist: 2.3886352772082993 vs. 2.3886352772082993
list:
dist: 2.2501994149665068 vs. 2.2501994149665068
list:
dist: 2.8348068663377135 vs. 2.8348068663377135
list:
dist: 2.5340570039059456 vs. 2.5340570039059456
list:
dist: 2.7003687250818893 vs. 2.7003687250818893
list:
dist: 2.467663228528794 vs. 2.467663228528794
list:
dist: 1.178217883875231 vs. 1.178217883875231
list:
dist: 1.3224223594241769 vs. 1.3224223594241769
list:
dist: 1.2425801773036023 vs. 1.2425801773036023
list:
dist: 1.100649701593725 vs. 1.100649701593725
list:
dist: 0.7330022655318997 vs. 0.7330022655318997
list:
dist: 1.1711505265374076 vs. 1.1711505265374076
list:
dist: 0.7456874087237022 vs. 0.7456874087237022
list:
dist: 0.8877649230063144 vs. 0.8877649230063144
list:
dist: 1.041489157271013 vs. 1.041489157271013
list:
dist: 1.866360325739592 vs. 1.866360325739592
list:
dist: 2.245542643975957 vs. 2.245542643975957
list:
dist: 1.494034162907972 vs. 1.494034162907972
list:
dist: 1.1872543900166728 vs. 1.1872543900166728
list:
dist: 1.6586940715209255 vs. 1.6586940715209255
list:
dist: 1.1994210745105587 vs. 1.1994210745105587
list:
dist: 2.35729967018645 vs. 2.35729967018645
list:
dist: 2.531875343331546 vs. 2.531875343331546
list:
dist: 3.298039358939399 vs. 3.298039358939399
list:
dist: 2.1492608942700695 vs. 2.1492608942700695
list:
dist: 2.746146727106885 vs. 2.746146727106885
list:
dist: 3.369372472141835 vs. 3.369372472141835
list:
dist: 3.458018615203346 vs. 3.458018615203346
list:
dist: 3.8436742754746027 vs. 3.8436742754746027
list:
dist: 3.4283747929466317 vs. 3.4283747929466317
list:
dist: 3.631191536253659 vs. 3.631191536253659
list:
dist: 3.3857622293369594 vs. 3.3857622293369594
list:
dist: 0.9040853222120457 vs. 0.9040853222120457
list:
dist: 1.3575969769917378 vs. 1.3575969769917378
list:
dist: 1.0270797165453487 vs. 1.0270797165453487
list:
dist: 1.8887059967341489 vs. 1.8887059967341489
list:
dist: 1.5000527265219896 vs. 1.5000527265219896
list:
dist: 0.9992697650043115 vs. 0.9992697650043115
list:
dist: 1.874299074947767 vs. 1.874299074947767
list:
dist: 0.8303196944767909 vs. 0.8303196944767909
list:
dist: 2.4205383661816957 vs. 2.4205383661816957
list:
dist: 1.948031025277399 vs. 1.948031025277399
list:
dist: 3.7097242048102994 vs. 3.7097242048102994
list:
dist: 2.5376566012665207 vs. 2.5376566012665207
list:
dist: 2.4680630185106343 vs. 2.4680630185106343
list:
dist: 1.792197802260775 vs. 1.792197802260775
list:
dist: 2.1884545902809425 vs. 2.1884545902809425
list:
dist: 2.7499257212257224 vs. 2.7499257212257224
list:
dist: 2.910751069486072 vs. 2.910751069486072
list:
dist: 3.0405079190897104 vs. 3.0405079190897104
list:
dist: 3.1452629168452564 vs. 3.1452629168452564
list:
dist: 2.448578229653443 vs. 2.448578229653443
list:
dist: 2.7901205057570824 vs. 2.7901205057570824
list:
dist: 3.275530131069305 vs. 3.275530131069305
list:
dist: 3.085993082154299 vs. 3.085993082154299
list:
dist: 2.1956150189721804 vs. 2.1956150189721804
list:
dist: 3.362498910223235 vs. 3.362498910223235
list:
dist: 2.5376566012665207 vs. 2.5376566012665207
list:
dist: 3.276052629290665 vs. 3.276052629290665
list:
dist: 1.9630563055991492 vs. 1.9630563055991492
list:
dist: 2.5773240275098988 vs. 2.5773240275098988
list:
dist: 3.0485610922214237 vs. 3.0485610922214237
list:
dist: 2.37583463258027 vs. 2.37583463258027
list:
dist: 3.4647546509211002 vs. 3.4647546509211002
list:
dist: 2.6198108808113796 vs. 2.6198108808113796
list:
dist: 2.2718491714080957 vs. 2.2718491714080957
list:
dist: 1.3978446140680518 vs. 1.3978446140680518
list:
dist: 2.0299230134652997 vs. 2.0299230134652997
list:
dist: 1.4428951035309274 vs. 1.4428951035309274
list:
dist: 2.34910093194274 vs. 2.34910093194274
list:
dist: 1.0235025787722907 vs. 1.0235025787722907
list:
dist: 1.9159751756029035 vs. 1.9159751756029035
list:
dist: 1.178217883875231 vs. 1.178217883875231
list:
dist: 1.0363385401861123 vs. 1.0363385401861123
list:
dist: 1.3476105804226561 vs. 1.3476105804226561
list:
dist: 2.1536564217673964 vs. 2.1536564217673964
list:
dist: 2.09657611232081 vs. 2.09657611232081
list:
dist: 4.263489813235715 vs. 4.263489813235715
list:
dist: 2.8494567847928227 vs. 2.8494567847928227
list:
dist: 3.3544115023546057 vs. 3.3544115023546057
list:
dist: 4.008888341917166 vs. 4.008888341917166
list:
dist: 4.200271198965695 vs. 4.200271198965695
list:
dist: 4.494997790559756 vs. 4.494997790559756
list:
dist: 4.35326768540161 vs. 4.35326768540161
list:
dist: 4.304991117814097 vs. 4.304991117814097
list:
dist: 4.230171999224314 vs. 4.230171999224314
list:
dist: 1.5531877559584877 vs. 1.5531877559584877
list:
dist: 1.0270797165453487 vs. 1.0270797165453487
list:
dist: 1.3185405703048168 vs. 1.3185405703048168
list:
dist: 1.4602392735424148 vs. 1.4602392735424148
list:
dist: 1.2182978962851894 vs. 1.2182978962851894
list:
dist: 1.1436439513981158 vs. 1.1436439513981158
list:
dist: 1.747180247640575 vs. 1.747180247640575
list:
dist: 1.2894290165169748 vs. 1.2894290165169748
list:
dist: 1.9169672145401828 vs. 1.9169672145401828
list:
dist: 1.4929445152328495 vs. 1.4929445152328495
list:
dist: 4.11914721375179 vs. 4.11914721375179
list:
dist: 1.9630563055991492 vs. 1.9630563055991492
list:
dist: 1.5533141576104035 vs. 1.5533141576104035
list:
dist: 1.1741872458332354 vs. 1.1741872458332354
list:
dist: 1.2423621059409882 vs. 1.2423621059409882
list:
dist: 1.8517583532507491 vs. 1.8517583532507491
list:
dist: 1.8893244546799737 vs. 1.8893244546799737
list:
dist: 2.1838999137593933 vs. 2.1838999137593933
list:
dist: 2.1409028022693435 vs. 2.1409028022693435
list:
dist: 1.509604801439581 vs. 1.509604801439581
list:
dist: 2.043895218888157 vs. 2.043895218888157
list:
dist: 2.3861721613551636 vs. 2.3861721613551636
list:
dist: 2.2298675144147992 vs. 2.2298675144147992
list:
dist: 1.2734744470266766 vs. 1.2734744470266766
list:
dist: 2.377881698570002 vs. 2.377881698570002
list:
dist: 2.1956150189721804 vs. 2.1956150189721804
list:
dist: 1.6711680951342225 vs. 1.6711680951342225
list:
dist: 1.2734744470266766 vs. 1.2734744470266766
list:
dist: 1.9732966657385476 vs. 1.9732966657385476
list:
dist: 1.5544616719007964 vs. 1.5544616719007964
list:
dist: 2.249645487829997 vs. 2.249645487829997
list:
dist: 2.0669157265878746 vs. 2.0669157265878746
list:
dist: 2.4279107074921784 vs. 2.4279107074921784
list:
dist: 1.2279041267611976 vs. 1.2279041267611976
list:
dist: 1.1057840790218623 vs. 1.1057840790218623
list:
dist: 0.7455688350959957 vs. 0.7455688350959957
list:
dist: 1.6432228455781146 vs. 1.6432228455781146
list:
dist: 0.6635806309968088 vs. 0.6635806309968088
list:
dist: 1.8554634989640155 vs. 1.8554634989640155
list:
dist: 0.9853744573111087 vs. 0.9853744573111087
list:
dist: 2.2093944154122336 vs. 2.2093944154122336
list:
dist: 1.523853271726806 vs. 1.523853271726806
list:
dist: 1.494034162907972 vs. 1.494034162907972
list:
dist: 2.1392446362928523 vs. 2.1392446362928523
list:
dist: 1.4233831701112003 vs. 1.4233831701112003
list:
dist: 1.0013054082926756 vs. 1.0013054082926756
list:
dist: 2.1389167583557875 vs. 2.1389167583557875
list:
dist: 2.2875958083918677 vs. 2.2875958083918677
list:
dist: 1.657035665992274 vs. 1.657035665992274
list:
dist: 2.268232007709416 vs. 2.268232007709416
list:
dist: 2.6286044704220215 vs. 2.6286044704220215
list:
dist: 3.06607801969968 vs. 3.06607801969968
list:
dist: 3.085993082154299 vs. 3.085993082154299
list:
dist: 2.212083715094554 vs. 2.212083715094554
list:
dist: 2.2298675144147992 vs. 2.2298675144147992
list:
dist: 2.5484808103573746 vs. 2.5484808103573746
list:
dist: 2.084461914424514 vs. 2.084461914424514
list:
dist: 3.0690549318240428 vs. 3.0690549318240428
list:
dist: 2.4436706875525345 vs. 2.4436706875525345
list:
dist: 3.2445981944692615 vs. 3.2445981944692615
list:
dist: 1.2246877317449634 vs. 1.2246877317449634
list:
dist: 1.4557355313049851 vs. 1.4557355313049851
list:
dist: 1.4018599813402906 vs. 1.4018599813402906
list:
dist: 2.5974060747072807 vs. 2.5974060747072807
list:
dist: 1.5197079930746396 vs. 1.5197079930746396
list:
dist: 2.4477068765071026 vs. 2.4477068765071026
list:
dist: 1.21866588454157 vs. 1.21866588454157
list:
dist: 2.8527821401339066 vs. 2.8527821401339066
list:
dist: 1.914785846601371 vs. 1.914785846601371
list:
dist: 2.245542643975957 vs. 2.245542643975957
list:
dist: 2.9115163354912785 vs. 2.9115163354912785
list:
dist: 1.56909736187355 vs. 1.56909736187355
list:
dist: 1.0013054082926756 vs. 1.0013054082926756
list:
dist: 2.843253989526421 vs. 2.843253989526421
list:
dist: 2.699363987301112 vs. 2.699363987301112
list:
dist: 2.0037995458462143 vs. 2.0037995458462143
list:
dist: 1.940403367231347 vs. 1.940403367231347
list:
dist: 2.520302053546812 vs. 2.520302053546812
list:
dist: 3.721166673770312 vs. 3.721166673770312
list:
dist: 3.0405079190897104 vs. 3.0405079190897104
list:
dist: 3.381174717265772 vs. 3.381174717265772
list:
dist: 2.1838999137593933 vs. 2.1838999137593933
list:
dist: 2.550948564262831 vs. 2.550948564262831
list:
dist: 3.06488369896443 vs. 3.06488369896443
list:
dist: 2.752410935951145 vs. 2.752410935951145
list:
dist: 3.4623829993185917 vs. 3.4623829993185917
list:
dist: 3.05515621914972 vs. 3.05515621914972
list:
dist: 3.4286389227543355 vs. 3.4286389227543355
list:
dist: 3.209864875815665 vs. 3.209864875815665
list:
dist: 1.0235025787722907 vs. 1.0235025787722907
list:
dist: 1.9608848687545555 vs. 1.9608848687545555
list:
dist: 1.7546231900950888 vs. 1.7546231900950888
list:
dist: 1.7954743703326073 vs. 1.7954743703326073
list:
dist: 0.8162136101286586 vs. 0.8162136101286586
list:
dist: 1.6666707155189058 vs. 1.6666707155189058
list:
dist: 1.1220491271516817 vs. 1.1220491271516817
list:
dist: 0.7456874087237022 vs. 0.7456874087237022
list:
dist: 1.0728766873032602 vs. 1.0728766873032602
list:
dist: 2.3178489498293025 vs. 2.3178489498293025
list:
dist: 2.8527821401339066 vs. 2.8527821401339066
list:
dist: 2.2093944154122336 vs. 2.2093944154122336
list:
dist: 1.2346061245824083 vs. 1.2346061245824083
list:
dist: 1.6656365574893 vs. 1.6656365574893
list:
dist: 1.4062152356671491 vs. 1.4062152356671491
list:
dist: 2.505901388534356 vs. 2.505901388534356
list:
dist: 2.6020859708912147 vs. 2.6020859708912147
list:
dist: 3.9211716196677844 vs. 3.9211716196677844
list:
dist: 4.636621254764064 vs. 4.636621254764064
list:
dist: 4.8799961231166336 vs. 4.8799961231166336
list:
dist: 5.059679521314922 vs. 5.059679521314922
list:
dist: 5.254643840008039 vs. 5.254643840008039
list:
dist: 4.844147449096575 vs. 4.844147449096575
list:
dist: 4.9480856711021595 vs. 4.9480856711021595
list:
dist: 2.5876075333944617 vs. 2.5876075333944617
list:
dist: 2.1884545902809425 vs. 2.1884545902809425
list:
dist: 2.0611896423988125 vs. 2.0611896423988125
list:
dist: 1.2423621059409882 vs. 1.2423621059409882
list:
dist: 2.2441577931159853 vs. 2.2441577931159853
list:
dist: 1.9871228383264774 vs. 1.9871228383264774
list:
dist: 2.3354320352408307 vs. 2.3354320352408307
list:
dist: 2.5378565962304314 vs. 2.5378565962304314
list:
dist: 2.522732937391408 vs. 2.522732937391408
list:
dist: 1.7728642365515526 vs. 1.7728642365515526
list:
dist: 1.598958426154178 vs. 1.598958426154178
list:
dist: 4.479492090817221 vs. 4.479492090817221
list:
dist: 2.0299230134652997 vs. 2.0299230134652997
list:
dist: 0.3359500529765957 vs. 0.3359500529765957
list:
dist: 1.0973904785447521 vs. 1.0973904785447521
list:
dist: 1.6804607938534932 vs. 1.6804607938534932
list:
dist: 1.0511445851669696 vs. 1.0511445851669696
list:
dist: 1.7954743703326073 vs. 1.7954743703326073
list:
dist: 1.1960100567348082 vs. 1.1960100567348082
list:
dist: 1.100649701593725 vs. 1.100649701593725
list:
dist: 1.5129260321451319 vs. 1.5129260321451319
list:
dist: 1.156418832817435 vs. 1.156418832817435
list:
dist: 1.5197079930746396 vs. 1.5197079930746396
list:
dist: 0.6635806309968088 vs. 0.6635806309968088
list:
dist: 1.4984529690177222 vs. 1.4984529690177222
list:
dist: 1.7372011333586124 vs. 1.7372011333586124
list:
dist: 1.238833724403126 vs. 1.238833724403126
list:
dist: 2.203298933736893 vs. 2.203298933736893
list:
dist: 2.351780176350137 vs. 2.351780176350137
list:
dist: 3.014677398877824 vs. 3.014677398877824
list:
dist: 3.6394721138413004 vs. 3.6394721138413004
list:
dist: 3.9625436102424296 vs. 3.9625436102424296
list:
dist: 4.1101514366621785 vs. 4.1101514366621785
list:
dist: 4.432950545254531 vs. 4.432950545254531
list:
dist: 4.006477976711566 vs. 4.006477976711566
list:
dist: 4.323136031196428 vs. 4.323136031196428
list:
dist: 2.4957295607999157 vs. 2.4957295607999157
list:
dist: 1.792197802260775 vs. 1.792197802260775
list:
dist: 2.35543114306419 vs. 2.35543114306419
list:
dist: 1.1741872458332354 vs. 1.1741872458332354
list:
dist: 2.469880746649682 vs. 2.469880746649682
list:
dist: 2.356328593663761 vs. 2.356328593663761
list:
dist: 2.1204137555414078 vs. 2.1204137555414078
list:
dist: 2.908556101456996 vs. 2.908556101456996
list:
dist: 2.2587378781632017 vs. 2.2587378781632017
list:
dist: 2.5518292318510944 vs. 2.5518292318510944
list:
dist: 2.2328951340481478 vs. 2.2328951340481478
list:
dist: 3.4652326959646373 vs. 3.4652326959646373
list:
dist: 1.3978446140680518 vs. 1.3978446140680518
list:
dist: 1.320362974589457 vs. 1.320362974589457
list:
dist: 1.0973904785447521 vs. 1.0973904785447521
list:
dist: 1.9063432750681777 vs. 1.9063432750681777
list:
dist: 1.9832553590573672 vs. 1.9832553590573672
list:
dist: 1.7546231900950888 vs. 1.7546231900950888
list:
dist: 1.7986377238380513 vs. 1.7986377238380513
list:
dist: 1.2425801773036023 vs. 1.2425801773036023
list:
dist: 1.0860120533627264 vs. 1.0860120533627264
list:
dist: 1.9610596079138207 vs. 1.9610596079138207
list:
dist: 2.5974060747072807 vs. 2.5974060747072807
list:
dist: 1.6432228455781146 vs. 1.6432228455781146
list:
dist: 1.2196599075853145 vs. 1.2196599075853145
list:
dist: 1.9281454655540444 vs. 1.9281454655540444
list:
dist: 1.8106919520015814 vs. 1.8106919520015814
list:
dist: 3.0757503401372666 vs. 3.0757503401372666
list:
dist: 2.9995939693486773 vs. 2.9995939693486773
list:
dist: 3.518985236548438 vs. 3.518985236548438
list:
dist: 2.7901205057570824 vs. 2.7901205057570824
list:
dist: 3.2796364706132732 vs. 3.2796364706132732
list:
dist: 2.043895218888157 vs. 2.043895218888157
list:
dist: 2.980773604688206 vs. 2.980773604688206
list:
dist: 3.1524114404578154 vs. 3.1524114404578154
list:
dist: 2.870051303461881 vs. 2.870051303461881
list:
dist: 3.6638798760012032 vs. 3.6638798760012032
list:
dist: 3.0889831455082435 vs. 3.0889831455082435
list:
dist: 3.27241557748763 vs. 3.27241557748763
list:
dist: 3.0408226670296212 vs. 3.0408226670296212
list:
dist: 1.0363385401861123 vs. 1.0363385401861123
list:
dist: 1.6264533513980943 vs. 1.6264533513980943
list:
dist: 1.0860120533627264 vs. 1.0860120533627264
list:
dist: 1.5129260321451319 vs. 1.5129260321451319
list:
dist: 1.6591276584981418 vs. 1.6591276584981418
list:
dist: 1.9539300260605463 vs. 1.9539300260605463
list:
dist: 1.0728766873032602 vs. 1.0728766873032602
list:
dist: 1.3618574855651806 vs. 1.3618574855651806
list:
dist: 1.041489157271013 vs. 1.041489157271013
list:
dist: 1.9353743997416322 vs. 1.9353743997416322
list:
dist: 2.9115163354912785 vs. 2.9115163354912785
list:
dist: 2.1392446362928523 vs. 2.1392446362928523
list:
dist: 0.31550072144124874 vs. 0.31550072144124874
list:
dist: 1.182363743139595 vs. 1.182363743139595
list:
dist: 1.3163351691206187 vs. 1.3163351691206187
list:
dist: 2.6628438166191453 vs. 2.6628438166191453
list:
dist: 2.451432147916935 vs. 2.451432147916935
list:
dist: 3.223400659752269 vs. 3.223400659752269
list:
dist: 2.910751069486072 vs. 2.910751069486072
list:
dist: 2.536747081913361 vs. 2.536747081913361
list:
dist: 1.8893244546799737 vs. 1.8893244546799737
list:
dist: 2.194287891747875 vs. 2.194287891747875
list:
dist: 2.2463859914293876 vs. 2.2463859914293876
list:
dist: 2.7184414345641734 vs. 2.7184414345641734
list:
dist: 2.6501545778738174 vs. 2.6501545778738174
list:
dist: 2.984676045078826 vs. 2.984676045078826
list:
dist: 2.0831144883970953 vs. 2.0831144883970953
list:
dist: 2.0453515628407035 vs. 2.0453515628407035
list:
dist: 2.34910093194274 vs. 2.34910093194274
list:
dist: 1.0632481123610633 vs. 1.0632481123610633
list:
dist: 1.9832553590573672 vs. 1.9832553590573672
list:
dist: 1.0511445851669696 vs. 1.0511445851669696
list:
dist: 1.3225676932938233 vs. 1.3225676932938233
list:
dist: 1.6666707155189058 vs. 1.6666707155189058
list:
dist: 0.7956834124041765 vs. 0.7956834124041765
list:
dist: 1.1711505265374076 vs. 1.1711505265374076
list:
dist: 1.9539300260605463 vs. 1.9539300260605463
list:
dist: 1.3833562753968462 vs. 1.3833562753968462
list:
dist: 1.21866588454157 vs. 1.21866588454157
list:
dist: 0.9853744573111087 vs. 0.9853744573111087
list:
dist: 1.927728845515008 vs. 1.927728845515008
list:
dist: 1.8827814214455576 vs. 1.8827814214455576
list:
dist: 1.0942537672107384 vs. 1.0942537672107384
list:
dist: 1.555658216746042 vs. 1.555658216746042
list:
dist: 2.0746005826741687 vs. 2.0746005826741687
list:
dist: 2.09657611232081 vs. 2.09657611232081
list:
dist: 1.1308968730242315 vs. 1.1308968730242315
list:
dist: 1.8106919520015814 vs. 1.8106919520015814
list:
dist: 1.238833724403126 vs. 1.238833724403126
list:
dist: 1.6511188517623392 vs. 1.6511188517623392
list:
dist: 1.0942537672107384 vs. 1.0942537672107384
list:
dist: 1.4062152356671491 vs. 1.4062152356671491
list:
dist: 0.4768962885316428 vs. 0.4768962885316428
list:
dist: 1.1994210745105587 vs. 1.1994210745105587
list:
dist: 1.3163351691206187 vs. 1.3163351691206187
list:
dist: 1.0187431290218971 vs. 1.0187431290218971
list:
dist: 2.0037995458462143 vs. 2.0037995458462143
list:
dist: 1.657035665992274 vs. 1.657035665992274
list:
dist: 1.1434690611938036 vs. 1.1434690611938036
list:
dist: 0.7985671902913285 vs. 0.7985671902913285
list:
dist: 1.3545494319398654 vs. 1.3545494319398654
list:
dist: 1.3376433274322885 vs. 1.3376433274322885
list:
dist: 5.640705842244084 vs. 5.640705842244084
list:
dist: 3.5853417149397773 vs. 3.5853417149397773
list:
dist: 3.275530131069305 vs. 3.275530131069305
list:
dist: 2.9765827419204314 vs. 2.9765827419204314
list:
dist: 2.3861721613551636 vs. 2.3861721613551636
list:
dist: 3.2882571624451944 vs. 3.2882571624451944
list:
dist: 2.9642221730458727 vs. 2.9642221730458727
list:
dist: 3.487188197267412 vs. 3.487188197267412
list:
dist: 3.488226469277754 vs. 3.488226469277754
list:
dist: 3.6676675651280313 vs. 3.6676675651280313
list:
dist: 2.1985814782136877 vs. 2.1985814782136877
list:
dist: 2.2609121119537923 vs. 2.2609121119537923
list:
dist: 0.8339160512852174 vs. 0.8339160512852174
list:
dist: 1.9610596079138207 vs. 1.9610596079138207
list:
dist: 1.156418832817435 vs. 1.156418832817435
list:
dist: 2.4044714559744467 vs. 2.4044714559744467
list:
dist: 1.3833562753968462 vs. 1.3833562753968462
list:
dist: 2.3178489498293025 vs. 2.3178489498293025
list:
dist: 1.3318839294514395 vs. 1.3318839294514395
list:
dist: 1.866360325739592 vs. 1.866360325739592
list:
dist: 1.9353743997416322 vs. 1.9353743997416322
list:
dist: 1.56909736187355 vs. 1.56909736187355
list:
dist: 1.4233831701112003 vs. 1.4233831701112003
list:
dist: 1.7277590563005303 vs. 1.7277590563005303
list:
dist: 1.347898217324736 vs. 1.347898217324736
list:
dist: 1.0187431290218971 vs. 1.0187431290218971
list:
dist: 1.4789535510656586 vs. 1.4789535510656586
list:
dist: 1.399052736156334 vs. 1.399052736156334
list:
dist: 3.309770076886126 vs. 3.309770076886126
list:
dist: 2.7499257212257224 vs. 2.7499257212257224
list:
dist: 2.887597610687493 vs. 2.887597610687493
list:
dist: 1.8517583532507491 vs. 1.8517583532507491
list:
dist: 1.837828744979795 vs. 1.837828744979795
list:
dist: 2.471870387341408 vs. 2.471870387341408
list:
dist: 2.2751878278002073 vs. 2.2751878278002073
list:
dist: 2.7925321027617276 vs. 2.7925321027617276
list:
dist: 2.608382266976009 vs. 2.608382266976009
list:
dist: 3.005583701223566 vs. 3.005583701223566
list:
dist: 2.7834818690627015 vs. 2.7834818690627015
list:
dist: 1.4428951035309274 vs. 1.4428951035309274
list:
dist: 1.8983377316809662 vs. 1.8983377316809662
list:
dist: 1.9063432750681777 vs. 1.9063432750681777
list:
dist: 1.6804607938534932 vs. 1.6804607938534932
list:
dist: 1.3225676932938233 vs. 1.3225676932938233
list:
dist: 0.8162136101286586 vs. 0.8162136101286586
list:
dist: 1.2076295718948855 vs. 1.2076295718948855
list:
dist: 0.7330022655318997 vs. 0.7330022655318997
list:
dist: 1.6591276584981418 vs. 1.6591276584981418
list:
dist: 2.4044714559744467 vs. 2.4044714559744467
list:
dist: 2.4477068765071026 vs. 2.4477068765071026
list:
dist: 1.8554634989640155 vs. 1.8554634989640155
list:
dist: 1.822276007139628 vs. 1.822276007139628
list:
dist: 2.1927544958181784 vs. 2.1927544958181784
list:
dist: 1.6511188517623392 vs. 1.6511188517623392
list:
dist: 2.525465237365815 vs. 2.525465237365815
list:
dist: 2.8821671123744412 vs. 2.8821671123744412
list:
dist: 4.079507143366851 vs. 4.079507143366851
list:
dist: 4.819449263880429 vs. 4.819449263880429
list:
dist: 5.054285320665843 vs. 5.054285320665843
list:
dist: 5.212430743944729 vs. 5.212430743944729
list:
dist: 5.465700375224375 vs. 5.465700375224375
list:
dist: 4.972134853079843 vs. 4.972134853079843
list:
dist: 5.088237394252921 vs. 5.088237394252921
list:
dist: 2.815606431472912 vs. 2.815606431472912
list:
dist: 2.4680630185106343 vs. 2.4680630185106343
list:
dist: 2.2479670623160874 vs. 2.2479670623160874
list:
dist: 1.5533141576104035 vs. 1.5533141576104035
list:
dist: 2.5299297827648837 vs. 2.5299297827648837
list:
dist: 2.2105213377028905 vs. 2.2105213377028905
list:
dist: 2.65611199657396 vs. 2.65611199657396
list:
dist: 2.757745353650391 vs. 2.757745353650391
list:
dist: 2.8339958521659177 vs. 2.8339958521659177
list:
dist: 1.7589647276360527 vs. 1.7589647276360527
list:
dist: 1.6681367157495122 vs. 1.6681367157495122
list:
dist: 4.613551335483433 vs. 4.613551335483433
list:
dist: 2.2718491714080957 vs. 2.2718491714080957
list:
dist: 1.320362974589457 vs. 1.320362974589457
list:
dist: 0.3359500529765957 vs. 0.3359500529765957
list:
dist: 1.8983377316809662 vs. 1.8983377316809662
list:
dist: 1.0632481123610633 vs. 1.0632481123610633
list:
dist: 1.9608848687545555 vs. 1.9608848687545555
list:
dist: 1.1929243506615048 vs. 1.1929243506615048
list:
dist: 1.3224223594241769 vs. 1.3224223594241769
list:
dist: 1.6264533513980943 vs. 1.6264533513980943
list:
dist: 0.8339160512852174 vs. 0.8339160512852174
list:
dist: 1.4018599813402906 vs. 1.4018599813402906
list:
dist: 0.7455688350959957 vs. 0.7455688350959957
list:
dist: 1.546201044993853 vs. 1.546201044993853
list:
dist: 1.617289856246045 vs. 1.617289856246045
list:
dist: 1.1308968730242315 vs. 1.1308968730242315
list:
dist: 1.9887886459078243 vs. 1.9887886459078243
list:
dist: 2.1001764746791296 vs. 2.1001764746791296
list:
dist: 4.00875386460876 vs. 4.00875386460876
list:
dist: 1.3476105804226561 vs. 1.3476105804226561
list:
dist: 1.546201044993853 vs. 1.546201044993853
list:
dist: 1.2196599075853145 vs. 1.2196599075853145
list:
dist: 1.4984529690177222 vs. 1.4984529690177222
list:
dist: 1.822276007139628 vs. 1.822276007139628
list:
dist: 1.927728845515008 vs. 1.927728845515008
list:
dist: 1.2346061245824083 vs. 1.2346061245824083
list:
dist: 1.2943949677053752 vs. 1.2943949677053752
list:
dist: 1.1872543900166728 vs. 1.1872543900166728
list:
dist: 0.31550072144124874 vs. 0.31550072144124874
list:
dist: 1.7277590563005303 vs. 1.7277590563005303
list:
dist: 2.843253989526421 vs. 2.843253989526421
list:
dist: 2.1389167583557875 vs. 2.1389167583557875
list:
dist: 0.8894006999611154 vs. 0.8894006999611154
list:
dist: 1.1434690611938036 vs. 1.1434690611938036
list:
dist: 2.4706450042807404 vs. 2.4706450042807404
list:
dist: 2.183629543479432 vs. 2.183629543479432
list:
dist: 1.9887886459078243 vs. 1.9887886459078243
list:
dist: 3.0757503401372666 vs. 3.0757503401372666
list:
dist: 2.203298933736893 vs. 2.203298933736893
list:
dist: 2.525465237365815 vs. 2.525465237365815
list:
dist: 1.555658216746042 vs. 1.555658216746042
list:
dist: 2.505901388534356 vs. 2.505901388534356
list:
dist: 1.4818285440107541 vs. 1.4818285440107541
list:
dist: 2.35729967018645 vs. 2.35729967018645
list:
dist: 2.6628438166191453 vs. 2.6628438166191453
list:
dist: 1.4789535510656586 vs. 1.4789535510656586
list:
dist: 1.940403367231347 vs. 1.940403367231347
list:
dist: 2.268232007709416 vs. 2.268232007709416
list:
dist: 2.4706450042807404 vs. 2.4706450042807404
list:
dist: 1.8152841527020225 vs. 1.8152841527020225
list:
dist: 1.3545494319398654 vs. 1.3545494319398654
list:
dist: 0.9337938216635394 vs. 0.9337938216635394
list:
dist: 2.1001764746791296 vs. 2.1001764746791296
list:
dist: 2.9995939693486773 vs. 2.9995939693486773
list:
dist: 2.351780176350137 vs. 2.351780176350137
list:
dist: 2.8821671123744412 vs. 2.8821671123744412
list:
dist: 2.0746005826741687 vs. 2.0746005826741687
list:
dist: 2.6020859708912147 vs. 2.6020859708912147
list:
dist: 1.7019869612676584 vs. 1.7019869612676584
list:
dist: 2.531875343331546 vs. 2.531875343331546
list:
dist: 2.451432147916935 vs. 2.451432147916935
list:
dist: 1.399052736156334 vs. 1.399052736156334
list:
dist: 2.520302053546812 vs. 2.520302053546812
list:
dist: 2.6286044704220215 vs. 2.6286044704220215
list:
dist: 2.183629543479432 vs. 2.183629543479432
list:
dist: 1.3357711094586098 vs. 1.3357711094586098
list:
dist: 1.3376433274322885 vs. 1.3376433274322885
list:
dist: 0.9337938216635394 vs. 0.9337938216635394
list:
dist: 3.6323281556896063 vs. 3.6323281556896063
list:
dist: 3.1452629168452564 vs. 3.1452629168452564
list:
dist: 3.0752129419653143 vs. 3.0752129419653143
list:
dist: 2.1409028022693435 vs. 2.1409028022693435
list:
dist: 2.6449856864315895 vs. 2.6449856864315895
list:
dist: 2.8218804390827557 vs. 2.8218804390827557
list:
dist: 3.005975067784462 vs. 3.005975067784462
list:
dist: 3.2671340379225415 vs. 3.2671340379225415
list:
dist: 3.2824243424514896 vs. 3.2824243424514896
list:
dist: 2.711693657451612 vs. 2.711693657451612
list:
dist: 2.628149862867794 vs. 2.628149862867794
list:
dist: 1.9159751756029035 vs. 1.9159751756029035
list:
dist: 1.1929243506615048 vs. 1.1929243506615048
list:
dist: 1.7986377238380513 vs. 1.7986377238380513
list:
dist: 1.1960100567348082 vs. 1.1960100567348082
list:
dist: 1.2076295718948855 vs. 1.2076295718948855
list:
dist: 0.7956834124041765 vs. 0.7956834124041765
list:
dist: 1.1220491271516817 vs. 1.1220491271516817
list:
dist: 0.8877649230063144 vs. 0.8877649230063144
list:
dist: 1.3618574855651806 vs. 1.3618574855651806
list:
dist: 1.3318839294514395 vs. 1.3318839294514395
list:
dist: 1.914785846601371 vs. 1.914785846601371
list:
dist: 1.523853271726806 vs. 1.523853271726806
list:
dist: 1.2943949677053752 vs. 1.2943949677053752
list:
dist: 1.1992240943540582 vs. 1.1992240943540582
list:
dist: 0.4768962885316428 vs. 0.4768962885316428
list:
dist: 1.4818285440107541 vs. 1.4818285440107541
list:
dist: 1.7019869612676584 vs. 1.7019869612676584
list:
dist: 2.1536564217673964 vs. 2.1536564217673964
list:
dist: 1.617289856246045 vs. 1.617289856246045
list:
dist: 1.9281454655540444 vs. 1.9281454655540444
list:
dist: 1.7372011333586124 vs. 1.7372011333586124
list:
dist: 2.1927544958181784 vs. 2.1927544958181784
list:
dist: 1.8827814214455576 vs. 1.8827814214455576
list:
dist: 1.6656365574893 vs. 1.6656365574893
list:
dist: 1.1992240943540582 vs. 1.1992240943540582
list:
dist: 1.6586940715209255 vs. 1.6586940715209255
list:
dist: 1.182363743139595 vs. 1.182363743139595
list:
dist: 1.347898217324736 vs. 1.347898217324736
list:
dist: 2.699363987301112 vs. 2.699363987301112
list:
dist: 2.2875958083918677 vs. 2.2875958083918677
list:
dist: 0.8894006999611154 vs. 0.8894006999611154
list:
dist: 0.7985671902913285 vs. 0.7985671902913285
list:
dist: 1.8152841527020225 vs. 1.8152841527020225
list:
dist: 1.3357711094586098 vs. 1.3357711094586098
list:
dist: 2.009452758034802 vs. 2.009452758034802
list:
dist: 2.172695220027527 vs. 2.172695220027527
list:
dist: 1.8091265121371018 vs. 1.8091265121371018
list:
dist: 1.5766118454915936 vs. 1.5766118454915936
list:
dist: 1.5466523479203076 vs. 1.5466523479203076
list:
dist: 4.552724850400166 vs. 4.552724850400166
list:
dist: 4.224024633229561 vs. 4.224024633229561
list:
dist: 1.4832255924291364 vs. 1.4832255924291364
list:
dist: 1.462733222511982 vs. 1.462733222511982
list:
dist: 0.8992195062074488 vs. 0.8992195062074488
list:
dist: 1.8456530966220985 vs. 1.8456530966220985
list:
dist: 1.178439819755627 vs. 1.178439819755627
list:
dist: 3.8261387452205433 vs. 3.8261387452205433
list:
dist: 2.6122385428100867 vs. 2.6122385428100867
list:
dist: 3.5931099625609257 vs. 3.5931099625609257
list:
dist: 2.5257267331471334 vs. 2.5257267331471334
list:
dist: 4.348167790412238 vs. 4.348167790412238
list:
dist: 2.8072562821913203 vs. 2.8072562821913203
list:
dist: 2.5988730804456215 vs. 2.5988730804456215
list:
dist: 4.3458999971754455 vs. 4.3458999971754455
list:
dist: 2.122056360229888 vs. 2.122056360229888
list:
dist: 2.621277673225955 vs. 2.621277673225955
list:
dist: 2.7027189984969366 vs. 2.7027189984969366
list:
dist: 3.7481036741053066 vs. 3.7481036741053066
list:
dist: 3.1826909262233065 vs. 3.1826909262233065
list:
dist: 1.69402675030086 vs. 1.69402675030086
list:
dist: 3.3789480386081774 vs. 3.3789480386081774
list:
dist: 2.257642155020185 vs. 2.257642155020185
list:
dist: 2.1481423585329074 vs. 2.1481423585329074
list:
dist: 3.588614475122993 vs. 3.588614475122993
list:
dist: 4.44438455245431 vs. 4.44438455245431
list:
dist: 4.629965949689164 vs. 4.629965949689164
list:
dist: 3.73454289136702 vs. 3.73454289136702
list:
dist: 3.7731908624430774 vs. 3.7731908624430774
list:
dist: 1.2989014638123098 vs. 1.2989014638123098
list:
dist: 1.7865408067472386 vs. 1.7865408067472386
list:
dist: 1.633884604667762 vs. 1.633884604667762
list:
dist: 0.8843699026085613 vs. 0.8843699026085613
list:
dist: 3.493441587205884 vs. 3.493441587205884
list:
dist: 3.104108868079585 vs. 3.104108868079585
list:
dist: 1.7754570828810075 vs. 1.7754570828810075
list:
dist: 1.241733470151034 vs. 1.241733470151034
list:
dist: 1.2328315165573351 vs. 1.2328315165573351
list:
dist: 1.5766118454915936 vs. 1.5766118454915936
list:
dist: 2.5258703057762752 vs. 2.5258703057762752
list:
dist: 2.360651947985353 vs. 2.360651947985353
list:
dist: 3.320874632743395 vs. 3.320874632743395
list:
dist: 1.6834521373661333 vs. 1.6834521373661333
list:
dist: 2.8372132191162565 vs. 2.8372132191162565
list:
dist: 1.8586917985205083 vs. 1.8586917985205083
list:
dist: 3.627019335860185 vs. 3.627019335860185
list:
dist: 2.479088780395831 vs. 2.479088780395831
list:
dist: 1.650935368663585 vs. 1.650935368663585
list:
dist: 3.5739530512780524 vs. 3.5739530512780524
list:
dist: 2.35147237969431 vs. 2.35147237969431
list:
dist: 2.30509430105798 vs. 2.30509430105798
list:
dist: 2.862858722765056 vs. 2.862858722765056
list:
dist: 3.958544280299849 vs. 3.958544280299849
list:
dist: 3.393329860697753 vs. 3.393329860697753
list:
dist: 1.8951197975479763 vs. 1.8951197975479763
list:
dist: 3.296745837016869 vs. 3.296745837016869
list:
dist: 2.7437376924301082 vs. 2.7437376924301082
list:
dist: 2.248243129554697 vs. 2.248243129554697
list:
dist: 1.6429933882609666 vs. 1.6429933882609666
list:
dist: 1.5329505518510822 vs. 1.5329505518510822
list:
dist: 1.7039128766981575 vs. 1.7039128766981575
list:
dist: 1.2328315165573351 vs. 1.2328315165573351
list:
dist: 0.7579427895997537 vs. 0.7579427895997537
list:
dist: 3.9924691567249906 vs. 3.9924691567249906
list:
dist: 3.8598214509372077 vs. 3.8598214509372077
list:
dist: 1.6575531918200799 vs. 1.6575531918200799
list:
dist: 0.959904373512855 vs. 0.959904373512855
list:
dist: 0.8992195062074488 vs. 0.8992195062074488
list:
dist: 1.5139294713091171 vs. 1.5139294713091171
list:
dist: 1.4903120950975117 vs. 1.4903120950975117
list:
dist: 2.9413450515273607 vs. 2.9413450515273607
list:
dist: 1.7484400114249488 vs. 1.7484400114249488
list:
dist: 2.710257693456301 vs. 2.710257693456301
list:
dist: 1.6650002301421258 vs. 1.6650002301421258
list:
dist: 3.4528693358053157 vs. 3.4528693358053157
list:
dist: 1.942156416397747 vs. 1.942156416397747
list:
dist: 1.750566384771585 vs. 1.750566384771585
list:
dist: 3.5018206579067424 vs. 3.5018206579067424
list:
dist: 1.5022043610962368 vs. 1.5022043610962368
list:
dist: 1.7537535599355478 vs. 1.7537535599355478
list:
dist: 1.9604409445210806 vs. 1.9604409445210806
list:
dist: 3.0856121481223666 vs. 3.0856121481223666
list:
dist: 2.4898816046961425 vs. 2.4898816046961425
list:
dist: 0.9151446617187058 vs. 0.9151446617187058
list:
dist: 2.5689607878569527 vs. 2.5689607878569527
list:
dist: 1.649069185491352 vs. 1.649069185491352
list:
dist: 1.4609331653605848 vs. 1.4609331653605848
list:
dist: 0.6585167989050349 vs. 0.6585167989050349
list:
dist: 1.2571227704400294 vs. 1.2571227704400294
list:
dist: 1.633884604667762 vs. 1.633884604667762
list:
dist: 1.6267788222369686 vs. 1.6267788222369686
list:
dist: 0.5725570871758223 vs. 0.5725570871758223
list:
dist: 2.4603869776581395 vs. 2.4603869776581395
list:
dist: 1.7039128766981575 vs. 1.7039128766981575
list:
dist: 1.8091265121371018 vs. 1.8091265121371018
list:
dist: 3.174496975452434 vs. 3.174496975452434
list:
dist: 2.932203570740901 vs. 2.932203570740901
list:
dist: 3.802909906928954 vs. 3.802909906928954
list:
dist: 2.4521398354411414 vs. 2.4521398354411414
list:
dist: 3.095608317475738 vs. 3.095608317475738
list:
dist: 2.1070637055920147 vs. 2.1070637055920147
list:
dist: 3.957279677411291 vs. 3.957279677411291
list:
dist: 2.6441413798723743 vs. 2.6441413798723743
list:
dist: 2.2181086649298916 vs. 2.2181086649298916
list:
dist: 3.52594386401973 vs. 3.52594386401973
list:
dist: 1.8964437916844414 vs. 1.8964437916844414
list:
dist: 2.9263007738778883 vs. 2.9263007738778883
list:
dist: 3.1947260388158063 vs. 3.1947260388158063
list:
dist: 4.430148028546523 vs. 4.430148028546523
list:
dist: 3.785550280621142 vs. 3.785550280621142
list:
dist: 2.01532546362596 vs. 2.01532546362596
list:
dist: 3.513909880449847 vs. 3.513909880449847
list:
dist: 2.832238309561885 vs. 2.832238309561885
list:
dist: 3.041305376438675 vs. 3.041305376438675
list:
dist: 2.2283471742572516 vs. 2.2283471742572516
list:
dist: 2.208769470421589 vs. 2.208769470421589
list:
dist: 2.4603869776581395 vs. 2.4603869776581395
list:
dist: 1.241733470151034 vs. 1.241733470151034
list:
dist: 1.0553631430324557 vs. 1.0553631430324557
list:
dist: 3.139122806243771 vs. 3.139122806243771
list:
dist: 3.009321513801486 vs. 3.009321513801486
list:
dist: 2.4606803822109726 vs. 2.4606803822109726
list:
dist: 0.959904373512855 vs. 0.959904373512855
list:
dist: 1.462733222511982 vs. 1.462733222511982
list:
dist: 1.4220563620956947 vs. 1.4220563620956947
list:
dist: 1.5392235057919652 vs. 1.5392235057919652
list:
dist: 2.8728763221276146 vs. 2.8728763221276146
list:
dist: 1.6585631051218372 vs. 1.6585631051218372
list:
dist: 2.8206026146815497 vs. 2.8206026146815497
list:
dist: 1.941198230234887 vs. 1.941198230234887
list:
dist: 3.4573878515380563 vs. 3.4573878515380563
list:
dist: 2.2176690728063444 vs. 2.2176690728063444
list:
dist: 1.8207304870361722 vs. 1.8207304870361722
list:
dist: 3.726644326427234 vs. 3.726644326427234
list:
dist: 2.2588541605297494 vs. 2.2588541605297494
list:
dist: 1.6908808079497417 vs. 1.6908808079497417
list:
dist: 2.1111957819778633 vs. 2.1111957819778633
list:
dist: 3.0137666317811886 vs. 3.0137666317811886
list:
dist: 2.5275463529792845 vs. 2.5275463529792845
list:
dist: 1.515631392890762 vs. 1.515631392890762
list:
dist: 2.731122255171201 vs. 2.731122255171201
list:
dist: 2.064433221880511 vs. 2.064433221880511
list:
dist: 1.2111960886347526 vs. 1.2111960886347526
list:
dist: 3.0431642324003128 vs. 3.0431642324003128
list:
dist: 2.9737350999638457 vs. 2.9737350999638457
list:
dist: 2.932203570740901 vs. 2.932203570740901
list:
dist: 2.360651947985353 vs. 2.360651947985353
list:
dist: 2.175758392630034 vs. 2.175758392630034
list:
dist: 4.444278451290974 vs. 4.444278451290974
list:
dist: 4.25138610720205 vs. 4.25138610720205
list:
dist: 2.6363547219950285 vs. 2.6363547219950285
list:
dist: 1.5392235057919652 vs. 1.5392235057919652
list:
dist: 1.4903120950975117 vs. 1.4903120950975117
list:
dist: 1.178439819755627 vs. 1.178439819755627
list:
dist: 1.1511824477508177 vs. 1.1511824477508177
list:
dist: 3.8647726847531776 vs. 3.8647726847531776
list:
dist: 3.002009650098986 vs. 3.002009650098986
list:
dist: 3.961600325145398 vs. 3.961600325145398
list:
dist: 3.0325270568119946 vs. 3.0325270568119946
list:
dist: 4.570250747613793 vs. 4.570250747613793
list:
dist: 3.0823270594097383 vs. 3.0823270594097383
list:
dist: 3.1059006849789585 vs. 3.1059006849789585
list:
dist: 4.815974267826288 vs. 4.815974267826288
list:
dist: 2.6151507826828797 vs. 2.6151507826828797
list:
dist: 2.650671355740757 vs. 2.650671355740757
list:
dist: 2.5445678385480326 vs. 2.5445678385480326
list:
dist: 3.2728729088804336 vs. 3.2728729088804336
list:
dist: 2.8441825113353287 vs. 2.8441825113353287
list:
dist: 2.016942070173687 vs. 2.016942070173687
list:
dist: 3.349818504183525 vs. 3.349818504183525
list:
dist: 2.1620774090478876 vs. 2.1620774090478876
list:
dist: 1.842680565038616 vs. 1.842680565038616
list:
dist: 0.9804185957115124 vs. 0.9804185957115124
list:
dist: 1.2571227704400294 vs. 1.2571227704400294
list:
dist: 1.7865408067472386 vs. 1.7865408067472386
list:
dist: 1.1932511233820475 vs. 1.1932511233820475
list:
dist: 1.6549287673159203 vs. 1.6549287673159203
list:
dist: 2.208769470421589 vs. 2.208769470421589
list:
dist: 1.5329505518510822 vs. 1.5329505518510822
list:
dist: 2.172695220027527 vs. 2.172695220027527
list:
dist: 2.732277287434962 vs. 2.732277287434962
list:
dist: 2.9737350999638457 vs. 2.9737350999638457
list:
dist: 2.6083306383212173 vs. 2.6083306383212173
list:
dist: 1.545902308909863 vs. 1.545902308909863
list:
dist: 1.899639958731429 vs. 1.899639958731429
list:
dist: 0.9804962266486082 vs. 0.9804962266486082
list:
dist: 2.7421834731500314 vs. 2.7421834731500314
list:
dist: 1.44653476320816 vs. 1.44653476320816
list:
dist: 1.2751969127487763 vs. 1.2751969127487763
list:
dist: 2.366901234185029 vs. 2.366901234185029
list:
dist: 1.012968541741984 vs. 1.012968541741984
list:
dist: 1.9178174846397573 vs. 1.9178174846397573
list:
dist: 2.215621737407359 vs. 2.215621737407359
list:
dist: 3.433861600080132 vs. 3.433861600080132
list:
dist: 2.8002296065415027 vs. 2.8002296065415027
list:
dist: 1.2543379567363515 vs. 1.2543379567363515
list:
dist: 2.352617560953997 vs. 2.352617560953997
list:
dist: 2.0235011514123005 vs. 2.0235011514123005
list:
dist: 2.3365167515667866 vs. 2.3365167515667866
list:
dist: 4.058730985791335 vs. 4.058730985791335
list:
dist: 4.872945862336741 vs. 4.872945862336741
list:
dist: 5.087673487815686 vs. 5.087673487815686
list:
dist: 4.084434136083919 vs. 4.084434136083919
list:
dist: 4.060367119740406 vs. 4.060367119740406
list:
dist: 1.2760129854706366 vs. 1.2760129854706366
list:
dist: 1.1932511233820475 vs. 1.1932511233820475
list:
dist: 1.6267788222369686 vs. 1.6267788222369686
list:
dist: 0.8843699026085613 vs. 0.8843699026085613
list:
dist: 3.5709791051067956 vs. 3.5709791051067956
list:
dist: 3.4838571571101955 vs. 3.4838571571101955
list:
dist: 1.8213024629957892 vs. 1.8213024629957892
list:
dist: 1.0553631430324557 vs. 1.0553631430324557
list:
dist: 0.7579427895997537 vs. 0.7579427895997537
list:
dist: 1.5466523479203076 vs. 1.5466523479203076
list:
dist: 1.997311241937449 vs. 1.997311241937449
list:
dist: 2.175758392630034 vs. 2.175758392630034
list:
dist: 2.5686829891600995 vs. 2.5686829891600995
list:
dist: 1.100465513297656 vs. 1.100465513297656
list:
dist: 2.1598976688093905 vs. 2.1598976688093905
list:
dist: 1.1115968607577167 vs. 1.1115968607577167
list:
dist: 2.9468299436846976 vs. 2.9468299436846976
list:
dist: 1.6287256326391324 vs. 1.6287256326391324
list:
dist: 1.0646027678995744 vs. 1.0646027678995744
list:
dist: 2.9485083466158652 vs. 2.9485083466158652
list:
dist: 1.5613450442610095 vs. 1.5613450442610095
list:
dist: 1.5129145332708456 vs. 1.5129145332708456
list:
dist: 2.019520780999679 vs. 2.019520780999679
list:
dist: 3.1697129582145624 vs. 3.1697129582145624
list:
dist: 2.5755696952801284 vs. 2.5755696952801284
list:
dist: 1.0601307396757997 vs. 1.0601307396757997
list:
dist: 2.4338466096918294 vs. 2.4338466096918294
list:
dist: 1.9210798056946925 vs. 1.9210798056946925
list:
dist: 1.5901290103435 vs. 1.5901290103435
list:
dist: 3.8832997509245306 vs. 3.8832997509245306
list:
dist: 3.8948012693043297 vs. 3.8948012693043297
list:
dist: 1.6684394929039654 vs. 1.6684394929039654
list:
dist: 1.2751969127487763 vs. 1.2751969127487763
list:
dist: 2.2181086649298916 vs. 2.2181086649298916
list:
dist: 1.650935368663585 vs. 1.650935368663585
list:
dist: 1.0646027678995744 vs. 1.0646027678995744
list:
dist: 3.3078047822268863 vs. 3.3078047822268863
list:
dist: 3.4934937214551782 vs. 3.4934937214551782
list:
dist: 2.6006305928896127 vs. 2.6006305928896127
list:
dist: 1.8207304870361722 vs. 1.8207304870361722
list:
dist: 1.750566384771585 vs. 1.750566384771585
list:
dist: 2.5988730804456215 vs. 2.5988730804456215
list:
dist: 2.6069797635981287 vs. 2.6069797635981287
list:
dist: 3.1059006849789585 vs. 3.1059006849789585
list:
dist: 1.8256653108921477 vs. 1.8256653108921477
list:
dist: 0.3375156113993779 vs. 0.3375156113993779
list:
dist: 1.1894100444518816 vs. 1.1894100444518816
list:
dist: 0.48540505822282554 vs. 0.48540505822282554
list:
dist: 1.9874184823771 vs. 1.9874184823771
list:
dist: 1.150564730273346 vs. 1.150564730273346
list:
dist: 1.9882675178119509 vs. 1.9882675178119509
list:
dist: 1.7756755974463405 vs. 1.7756755974463405
list:
dist: 1.2538462591369826 vs. 1.2538462591369826
list:
dist: 1.9923888018419247 vs. 1.9923888018419247
list:
dist: 3.031327332218916 vs. 3.031327332218916
list:
dist: 2.4936493789669667 vs. 2.4936493789669667
list:
dist: 1.5069505897185043 vs. 1.5069505897185043
list:
dist: 2.034511968689379 vs. 2.034511968689379
list:
dist: 2.1843501402346486 vs. 2.1843501402346486
list:
dist: 1.8928987778838136 vs. 1.8928987778838136
list:
dist: 4.920409223849017 vs. 4.920409223849017
list:
dist: 5.185003126560054 vs. 5.185003126560054
list:
dist: 2.320265117269803 vs. 2.320265117269803
list:
dist: 2.5559200158332596 vs. 2.5559200158332596
list:
dist: 1.1689903763242695 vs. 1.1689903763242695
list:
dist: 1.6549287673159203 vs. 1.6549287673159203
list:
dist: 0.5725570871758223 vs. 0.5725570871758223
list:
dist: 1.7754570828810075 vs. 1.7754570828810075
list:
dist: 1.8213024629957892 vs. 1.8213024629957892
list:
dist: 2.4606803822109726 vs. 2.4606803822109726
list:
dist: 1.6575531918200799 vs. 1.6575531918200799
list:
dist: 1.4832255924291364 vs. 1.4832255924291364
list:
dist: 3.0556243515415207 vs. 3.0556243515415207
list:
dist: 2.6363547219950285 vs. 2.6363547219950285
list:
dist: 4.115272560698585 vs. 4.115272560698585
list:
dist: 2.7908933468756607 vs. 2.7908933468756607
list:
dist: 3.5131453428826696 vs. 3.5131453428826696
list:
dist: 2.473779992771332 vs. 2.473779992771332
list:
dist: 4.363489932791383 vs. 4.363489932791383
list:
dist: 2.933625263880075 vs. 2.933625263880075
list:
dist: 2.6006305928896127 vs. 2.6006305928896127
list:
dist: 4.001404937247452 vs. 4.001404937247452
list:
dist: 2.045245951289891 vs. 2.045245951289891
list:
dist: 3.132867912436875 vs. 3.132867912436875
list:
dist: 3.3036379041277306 vs. 3.3036379041277306
list:
dist: 4.515411111313248 vs. 4.515411111313248
list:
dist: 3.8767490204053807 vs. 3.8767490204053807
list:
dist: 2.103703706412601 vs. 2.103703706412601
list:
dist: 3.72890818980603 vs. 3.72890818980603
list:
dist: 2.852489160680101 vs. 2.852489160680101
list:
dist: 3.083659575303627 vs. 3.083659575303627
list:
dist: 3.683042925368188 vs. 3.683042925368188
list:
dist: 3.6585937528022665 vs. 3.6585937528022665
list:
dist: 1.9205013822865007 vs. 1.9205013822865007
list:
dist: 1.545902308909863 vs. 1.545902308909863
list:
dist: 2.4521398354411414 vs. 2.4521398354411414
list:
dist: 1.6834521373661333 vs. 1.6834521373661333
list:
dist: 1.100465513297656 vs. 1.100465513297656
list:
dist: 3.0291594881697974 vs. 3.0291594881697974
list:
dist: 3.2705280607544163 vs. 3.2705280607544163
list:
dist: 2.7908933468756607 vs. 2.7908933468756607
list:
dist: 1.6585631051218372 vs. 1.6585631051218372
list:
dist: 1.7484400114249488 vs. 1.7484400114249488
list:
dist: 2.6122385428100867 vs. 2.6122385428100867
list:
dist: 2.4411615788049015 vs. 2.4411615788049015
list:
dist: 3.002009650098986 vs. 3.002009650098986
list:
dist: 1.6947643591810784 vs. 1.6947643591810784
list:
dist: 1.2551714809434726 vs. 1.2551714809434726
list:
dist: 0.6922955825143958 vs. 0.6922955825143958
list:
dist: 1.9644625918078762 vs. 1.9644625918078762
list:
dist: 1.1786884091843242 vs. 1.1786884091843242
list:
dist: 0.3375156113993779 vs. 0.3375156113993779
list:
dist: 2.1373661357130915 vs. 2.1373661357130915
list:
dist: 1.9157539242434074 vs. 1.9157539242434074
list:
dist: 1.0608417431305865 vs. 1.0608417431305865
list:
dist: 1.874249603987711 vs. 1.874249603987711
list:
dist: 2.8456358611896984 vs. 2.8456358611896984
list:
dist: 2.339041524003883 vs. 2.339041524003883
list:
dist: 1.5255935992744187 vs. 1.5255935992744187
list:
dist: 1.958607991337007 vs. 1.958607991337007
list:
dist: 2.136408810936717 vs. 2.136408810936717
list:
dist: 1.678073206483603 vs. 1.678073206483603
list:
dist: 5.039535524010244 vs. 5.039535524010244
list:
dist: 5.383647548252198 vs. 5.383647548252198
list:
dist: 2.218382611875885 vs. 2.218382611875885
list:
dist: 2.53187543516314 vs. 2.53187543516314
list:
dist: 2.814164792714633 vs. 2.814164792714633
list:
dist: 2.3365167515667866 vs. 2.3365167515667866
list:
dist: 3.041305376438675 vs. 3.041305376438675
list:
dist: 2.248243129554697 vs. 2.248243129554697
list:
dist: 1.5901290103435 vs. 1.5901290103435
list:
dist: 3.3922294603112984 vs. 3.3922294603112984
list:
dist: 3.6789117018205446 vs. 3.6789117018205446
list:
dist: 3.083659575303627 vs. 3.083659575303627
list:
dist: 1.2111960886347526 vs. 1.2111960886347526
list:
dist: 1.4609331653605848 vs. 1.4609331653605848
list:
dist: 2.1481423585329074 vs. 2.1481423585329074
list:
dist: 0.8794535185180613 vs. 0.8794535185180613
list:
dist: 1.842680565038616 vs. 1.842680565038616
list:
dist: 2.0747697994258534 vs. 2.0747697994258534
list:
dist: 1.678073206483603 vs. 1.678073206483603
list:
dist: 2.4116661411156524 vs. 2.4116661411156524
list:
dist: 1.822785093502019 vs. 1.822785093502019
list:
dist: 2.8532210678863446 vs. 2.8532210678863446
list:
dist: 1.6341240566507047 vs. 1.6341240566507047
list:
dist: 1.8928987778838136 vs. 1.8928987778838136
list:
dist: 3.330913858632213 vs. 3.330913858632213
list:
dist: 1.952336940278208 vs. 1.952336940278208
list:
dist: 0.9392435264550822 vs. 0.9392435264550822
list:
dist: 1.0415839016795838 vs. 1.0415839016795838
list:
dist: 1.8042493033898301 vs. 1.8042493033898301
list:
dist: 1.3407271312244708 vs. 1.3407271312244708
list:
dist: 1.2275848964047062 vs. 1.2275848964047062
list:
dist: 1.7417988175347712 vs. 1.7417988175347712
list:
dist: 1.223580073440072 vs. 1.223580073440072
list:
dist: 2.469999081015168 vs. 2.469999081015168
list:
dist: 2.4617578816561307 vs. 2.4617578816561307
list:
dist: 2.5689589513950297 vs. 2.5689589513950297
list:
dist: 1.9178174846397573 vs. 1.9178174846397573
list:
dist: 2.9263007738778883 vs. 2.9263007738778883
list:
dist: 2.30509430105798 vs. 2.30509430105798
list:
dist: 1.5129145332708456 vs. 1.5129145332708456
list:
dist: 3.350656168639105 vs. 3.350656168639105
list:
dist: 3.778307363800554 vs. 3.778307363800554
list:
dist: 3.132867912436875 vs. 3.132867912436875
list:
dist: 1.6908808079497417 vs. 1.6908808079497417
list:
dist: 1.7537535599355478 vs. 1.7537535599355478
list:
dist: 2.621277673225955 vs. 2.621277673225955
list:
dist: 1.7631920464761588 vs. 1.7631920464761588
list:
dist: 2.650671355740757 vs. 2.650671355740757
list:
dist: 1.2375858102123025 vs. 1.2375858102123025
list:
dist: 1.0608417431305865 vs. 1.0608417431305865
list:
dist: 1.482707428042689 vs. 1.482707428042689
list:
dist: 1.1356322705206485 vs. 1.1356322705206485
list:
dist: 1.9361662757970013 vs. 1.9361662757970013
list:
dist: 0.8279735932916926 vs. 0.8279735932916926
list:
dist: 1.2538462591369826 vs. 1.2538462591369826
list:
dist: 2.4030821002952796 vs. 2.4030821002952796
list:
dist: 1.6816534755703005 vs. 1.6816534755703005
list:
dist: 0.8713689149993759 vs. 0.8713689149993759
list:
dist: 1.8010820298804564 vs. 1.8010820298804564
list:
dist: 1.2840999974294354 vs. 1.2840999974294354
list:
dist: 1.1871140454599785 vs. 1.1871140454599785
list:
dist: 1.1187115511255854 vs. 1.1187115511255854
list:
dist: 1.3296951115489337 vs. 1.3296951115489337
list:
dist: 0.9392435264550822 vs. 0.9392435264550822
list:
dist: 1.6908164484757455 vs. 1.6908164484757455
list:
dist: 1.8221302030834168 vs. 1.8221302030834168
list:
dist: 4.5857099468935285 vs. 4.5857099468935285
list:
dist: 4.455012009418506 vs. 4.455012009418506
list:
dist: 3.368378938505483 vs. 3.368378938505483
list:
dist: 2.6083306383212173 vs. 2.6083306383212173
list:
dist: 3.802909906928954 vs. 3.802909906928954
list:
dist: 3.320874632743395 vs. 3.320874632743395
list:
dist: 2.5686829891600995 vs. 2.5686829891600995
list:
dist: 3.5805678445416236 vs. 3.5805678445416236
list:
dist: 4.303352959619844 vs. 4.303352959619844
list:
dist: 4.115272560698585 vs. 4.115272560698585
list:
dist: 2.8728763221276146 vs. 2.8728763221276146
list:
dist: 2.9413450515273607 vs. 2.9413450515273607
list:
dist: 3.8261387452205433 vs. 3.8261387452205433
list:
dist: 2.88214253977947 vs. 2.88214253977947
list:
dist: 3.8647726847531776 vs. 3.8647726847531776
list:
dist: 1.6947643591810784 vs. 1.6947643591810784
list:
dist: 1.0887498265651776 vs. 1.0887498265651776
list:
dist: 1.7218211980497007 vs. 1.7218211980497007
list:
dist: 0.8993701316669286 vs. 0.8993701316669286
list:
dist: 1.2319639485009164 vs. 1.2319639485009164
list:
dist: 1.8256653108921477 vs. 1.8256653108921477
list:
dist: 1.7597806934981535 vs. 1.7597806934981535
list:
dist: 2.4317999230460696 vs. 2.4317999230460696
list:
dist: 1.2375858102123025 vs. 1.2375858102123025
list:
dist: 1.5726521473999213 vs. 1.5726521473999213
list:
dist: 1.8798130518460996 vs. 1.8798130518460996
list:
dist: 1.6488451302411782 vs. 1.6488451302411782
list:
dist: 2.2547430876022356 vs. 2.2547430876022356
list:
dist: 1.0078204233164 vs. 1.0078204233164
list:
dist: 2.1929526100214654 vs. 2.1929526100214654
list:
dist: 2.0747697994258534 vs. 2.0747697994258534
list:
dist: 4.320011468903131 vs. 4.320011468903131
list:
dist: 4.846845767541319 vs. 4.846845767541319
list:
dist: 0.5437938272750076 vs. 0.5437938272750076
list:
dist: 1.2964447088719808 vs. 1.2964447088719808
list:
dist: 2.9932694609374755 vs. 2.9932694609374755
list:
dist: 2.215621737407359 vs. 2.215621737407359
list:
dist: 3.1947260388158063 vs. 3.1947260388158063
list:
dist: 2.862858722765056 vs. 2.862858722765056
list:
dist: 2.019520780999679 vs. 2.019520780999679
list:
dist: 4.07971483604595 vs. 4.07971483604595
list:
dist: 4.523252071846367 vs. 4.523252071846367
list:
dist: 3.3036379041277306 vs. 3.3036379041277306
list:
dist: 2.1111957819778633 vs. 2.1111957819778633
list:
dist: 1.9604409445210806 vs. 1.9604409445210806
list:
dist: 2.7027189984969366 vs. 2.7027189984969366
list:
dist: 1.5302993903909308 vs. 1.5302993903909308
list:
dist: 2.5445678385480326 vs. 2.5445678385480326
list:
dist: 1.5726521473999213 vs. 1.5726521473999213
list:
dist: 1.874249603987711 vs. 1.874249603987711
list:
dist: 2.0222378376049437 vs. 2.0222378376049437
list:
dist: 1.7109675162945328 vs. 1.7109675162945328
list:
dist: 2.3486379850260137 vs. 2.3486379850260137
list:
dist: 1.1185747396092798 vs. 1.1185747396092798
list:
dist: 1.9923888018419247 vs. 1.9923888018419247
list:
dist: 2.7950673531627146 vs. 2.7950673531627146
list:
dist: 1.5521641133602546 vs. 1.5521641133602546
list:
dist: 0.8713689149993759 vs. 0.8713689149993759
list:
dist: 1.2380585484885431 vs. 1.2380585484885431
list:
dist: 0.5944783090637478 vs. 0.5944783090637478
list:
dist: 1.2043041879972791 vs. 1.2043041879972791
list:
dist: 0.8245973658230373 vs. 0.8245973658230373
list:
dist: 0.6973965422548933 vs. 0.6973965422548933
list:
dist: 1.0415839016795838 vs. 1.0415839016795838
list:
dist: 1.8043219484479556 vs. 1.8043219484479556
list:
dist: 1.4868326844795194 vs. 1.4868326844795194
list:
dist: 3.1189358203921573 vs. 3.1189358203921573
list:
dist: 2.732277287434962 vs. 2.732277287434962
list:
dist: 3.174496975452434 vs. 3.174496975452434
list:
dist: 2.5258703057762752 vs. 2.5258703057762752
list:
dist: 1.997311241937449 vs. 1.997311241937449
list:
dist: 3.9928123469472467 vs. 3.9928123469472467
list:
dist: 4.127872137115472 vs. 4.127872137115472
list:
dist: 3.0556243515415207 vs. 3.0556243515415207
list:
dist: 1.4220563620956947 vs. 1.4220563620956947
list:
dist: 1.5139294713091171 vs. 1.5139294713091171
list:
dist: 1.8456530966220985 vs. 1.8456530966220985
list:
dist: 1.1511824477508177 vs. 1.1511824477508177
list:
dist: 2.88214253977947 vs. 2.88214253977947
list:
dist: 2.4411615788049015 vs. 2.4411615788049015
list:
dist: 3.2050934383465415 vs. 3.2050934383465415
list:
dist: 2.487990555246398 vs. 2.487990555246398
list:
dist: 3.674438437658833 vs. 3.674438437658833
list:
dist: 2.308851736190642 vs. 2.308851736190642
list:
dist: 2.6069797635981287 vs. 2.6069797635981287
list:
dist: 4.085260396826533 vs. 4.085260396826533
list:
dist: 2.195414974723379 vs. 2.195414974723379
list:
dist: 1.7631920464761588 vs. 1.7631920464761588
list:
dist: 1.5302993903909308 vs. 1.5302993903909308
list:
dist: 2.1325502915515404 vs. 2.1325502915515404
list:
dist: 1.7346888464184114 vs. 1.7346888464184114
list:
dist: 1.5199208321334774 vs. 1.5199208321334774
list:
dist: 2.34799643200006 vs. 2.34799643200006
list:
dist: 1.344874156110203 vs. 1.344874156110203
list:
dist: 0.8794535185180613 vs. 0.8794535185180613
list:
dist: 0.9804185957115124 vs. 0.9804185957115124
list:
dist: 0.6585167989050349 vs. 0.6585167989050349
list:
dist: 1.2989014638123098 vs. 1.2989014638123098
list:
dist: 1.2760129854706366 vs. 1.2760129854706366
list:
dist: 1.1689903763242695 vs. 1.1689903763242695
list:
dist: 2.2283471742572516 vs. 2.2283471742572516
list:
dist: 1.6429933882609666 vs. 1.6429933882609666
list:
dist: 2.009452758034802 vs. 2.009452758034802
list:
dist: 3.1189358203921573 vs. 3.1189358203921573
list:
dist: 3.0431642324003128 vs. 3.0431642324003128
list:
dist: 3.368378938505483 vs. 3.368378938505483
list:
dist: 1.9205013822865007 vs. 1.9205013822865007
list:
dist: 2.597080927187492 vs. 2.597080927187492
list:
dist: 1.646784206056281 vs. 1.646784206056281
list:
dist: 3.4642567193916696 vs. 3.4642567193916696
list:
dist: 2.3004904703306335 vs. 2.3004904703306335
list:
dist: 1.6684394929039654 vs. 1.6684394929039654
list:
dist: 3.0542069854817235 vs. 3.0542069854817235
list:
dist: 1.8653858702390058 vs. 1.8653858702390058
list:
dist: 2.5689589513950297 vs. 2.5689589513950297
list:
dist: 2.9932694609374755 vs. 2.9932694609374755
list:
dist: 4.216403404942955 vs. 4.216403404942955
list:
dist: 3.585386637904521 vs. 3.585386637904521
list:
dist: 1.8890450072495948 vs. 1.8890450072495948
list:
dist: 3.235780574800219 vs. 3.235780574800219
list:
dist: 2.769188495031757 vs. 2.769188495031757
list:
dist: 2.814164792714633 vs. 2.814164792714633
list:
dist: 1.8890450072495948 vs. 1.8890450072495948
list:
dist: 1.2543379567363515 vs. 1.2543379567363515
list:
dist: 2.01532546362596 vs. 2.01532546362596
list:
dist: 1.8951197975479763 vs. 1.8951197975479763
list:
dist: 1.0601307396757997 vs. 1.0601307396757997
list:
dist: 4.168490211608077 vs. 4.168490211608077
list:
dist: 4.2908856712666195 vs. 4.2908856712666195
list:
dist: 2.103703706412601 vs. 2.103703706412601
list:
dist: 1.515631392890762 vs. 1.515631392890762
list:
dist: 0.9151446617187058 vs. 0.9151446617187058
list:
dist: 1.69402675030086 vs. 1.69402675030086
list:
dist: 1.5199208321334774 vs. 1.5199208321334774
list:
dist: 2.016942070173687 vs. 2.016942070173687
list:
dist: 2.2547430876022356 vs. 2.2547430876022356
list:
dist: 1.5255935992744187 vs. 1.5255935992744187
list:
dist: 2.1056784053964925 vs. 2.1056784053964925
list:
dist: 1.2051513204771325 vs. 1.2051513204771325
list:
dist: 2.7866439910260707 vs. 2.7866439910260707
list:
dist: 1.166826675688835 vs. 1.166826675688835
list:
dist: 1.5069505897185043 vs. 1.5069505897185043
list:
dist: 2.860850856754889 vs. 2.860850856754889
list:
dist: 0.7851262814450507 vs. 0.7851262814450507
list:
dist: 1.1871140454599785 vs. 1.1871140454599785
list:
dist: 1.2043041879972791 vs. 1.2043041879972791
list:
dist: 2.4251715410237775 vs. 2.4251715410237775
list:
dist: 1.7845776793722257 vs. 1.7845776793722257
list:
dist: 1.726339489644657 vs. 1.726339489644657
list:
dist: 0.9042657993029075 vs. 0.9042657993029075
list:
dist: 1.2275848964047062 vs. 1.2275848964047062
list:
dist: 2.622739858422227 vs. 2.622739858422227
list:
dist: 2.3169661389375142 vs. 2.3169661389375142
list:
dist: 4.353388218701103 vs. 4.353388218701103
list:
dist: 4.345236864377916 vs. 4.345236864377916
list:
dist: 1.646784206056281 vs. 1.646784206056281
list:
dist: 0.9804962266486082 vs. 0.9804962266486082
list:
dist: 2.1070637055920147 vs. 2.1070637055920147
list:
dist: 1.8586917985205083 vs. 1.8586917985205083
list:
dist: 1.1115968607577167 vs. 1.1115968607577167
list:
dist: 3.7191038682546633 vs. 3.7191038682546633
list:
dist: 3.936474760512109 vs. 3.936474760512109
list:
dist: 2.473779992771332 vs. 2.473779992771332
list:
dist: 1.941198230234887 vs. 1.941198230234887
list:
dist: 1.6650002301421258 vs. 1.6650002301421258
list:
dist: 2.5257267331471334 vs. 2.5257267331471334
list:
dist: 2.487990555246398 vs. 2.487990555246398
list:
dist: 3.0325270568119946 vs. 3.0325270568119946
list:
dist: 1.7218211980497007 vs. 1.7218211980497007
list:
dist: 0.6922955825143958 vs. 0.6922955825143958
list:
dist: 1.092443023657013 vs. 1.092443023657013
list:
dist: 1.922794832119456 vs. 1.922794832119456
list:
dist: 0.7708702940537588 vs. 0.7708702940537588
list:
dist: 0.48540505822282554 vs. 0.48540505822282554
list:
dist: 1.8531746001886378 vs. 1.8531746001886378
list:
dist: 1.3374555687392304 vs. 1.3374555687392304
list:
dist: 1.1356322705206485 vs. 1.1356322705206485
list:
dist: 1.7109675162945328 vs. 1.7109675162945328
list:
dist: 2.8196850357390004 vs. 2.8196850357390004
list:
dist: 2.243950091892743 vs. 2.243950091892743
list:
dist: 1.2051513204771325 vs. 1.2051513204771325
list:
dist: 1.726874793588317 vs. 1.726874793588317
list:
dist: 1.8423943411142996 vs. 1.8423943411142996
list:
dist: 1.822785093502019 vs. 1.822785093502019
list:
dist: 4.877017106634803 vs. 4.877017106634803
list:
dist: 5.041797414871451 vs. 5.041797414871451
list:
dist: 2.162001558933914 vs. 2.162001558933914
list:
dist: 2.2151142027010073 vs. 2.2151142027010073
list:
dist: 2.769188495031757 vs. 2.769188495031757
list:
dist: 2.0235011514123005 vs. 2.0235011514123005
list:
dist: 2.832238309561885 vs. 2.832238309561885
list:
dist: 2.7437376924301082 vs. 2.7437376924301082
list:
dist: 1.9210798056946925 vs. 1.9210798056946925
list:
dist: 4.5236544865656425 vs. 4.5236544865656425
list:
dist: 4.810880973002325 vs. 4.810880973002325
list:
dist: 2.852489160680101 vs. 2.852489160680101
list:
dist: 2.064433221880511 vs. 2.064433221880511
list:
dist: 1.649069185491352 vs. 1.649069185491352
list:
dist: 2.257642155020185 vs. 2.257642155020185
list:
dist: 1.344874156110203 vs. 1.344874156110203
list:
dist: 2.1620774090478876 vs. 2.1620774090478876
list:
dist: 2.1929526100214654 vs. 2.1929526100214654
list:
dist: 2.136408810936717 vs. 2.136408810936717
list:
dist: 2.4136145472996433 vs. 2.4136145472996433
list:
dist: 1.8423943411142996 vs. 1.8423943411142996
list:
dist: 2.8771281505596598 vs. 2.8771281505596598
list:
dist: 1.3904412383599025 vs. 1.3904412383599025
list:
dist: 2.1843501402346486 vs. 2.1843501402346486
list:
dist: 3.127835457323772 vs. 3.127835457323772
list:
dist: 1.1748116744999118 vs. 1.1748116744999118
list:
dist: 1.3296951115489337 vs. 1.3296951115489337
list:
dist: 0.6973965422548933 vs. 0.6973965422548933
list:
dist: 1.7331023598504753 vs. 1.7331023598504753
list:
dist: 1.121076838539581 vs. 1.121076838539581
list:
dist: 0.9042657993029075 vs. 0.9042657993029075
list:
dist: 1.3624646241132676 vs. 1.3624646241132676
list:
dist: 1.223580073440072 vs. 1.223580073440072
list:
dist: 2.4190377961099867 vs. 2.4190377961099867
list:
dist: 1.8985520219618763 vs. 1.8985520219618763
list:
dist: 1.2964447088719808 vs. 1.2964447088719808
list:
dist: 2.53187543516314 vs. 2.53187543516314
list:
dist: 1.8085432090332143 vs. 1.8085432090332143
list:
dist: 2.2151142027010073 vs. 2.2151142027010073
list:
dist: 1.695771077263649 vs. 1.695771077263649
list:
dist: 1.4686384808807347 vs. 1.4686384808807347
list:
dist: 2.5559200158332596 vs. 2.5559200158332596
list:
dist: 2.1144709780284368 vs. 2.1144709780284368
list:
dist: 2.1855196401139 vs. 2.1855196401139
list:
dist: 1.8221302030834168 vs. 1.8221302030834168
list:
dist: 1.4868326844795194 vs. 1.4868326844795194
list:
dist: 1.6645427149288903 vs. 1.6645427149288903
list:
dist: 1.4455408535353476 vs. 1.4455408535353476
list:
dist: 2.3169661389375142 vs. 2.3169661389375142
list:
dist: 0.7282493862719898 vs. 0.7282493862719898
list:
dist: 1.8985520219618763 vs. 1.8985520219618763
list:
dist: 2.4617578816561307 vs. 2.4617578816561307
list:
dist: 1.0493222498662222 vs. 1.0493222498662222
list:
dist: 4.598666925609734 vs. 4.598666925609734
list:
dist: 2.952619047180131 vs. 2.952619047180131
list:
dist: 5.133858971759818 vs. 5.133858971759818
list:
dist: 5.183783186105742 vs. 5.183783186105742
list:
dist: 3.0542069854817235 vs. 3.0542069854817235
list:
dist: 2.366901234185029 vs. 2.366901234185029
list:
dist: 3.52594386401973 vs. 3.52594386401973
list:
dist: 3.5739530512780524 vs. 3.5739530512780524
list:
dist: 2.9485083466158652 vs. 2.9485083466158652
list:
dist: 4.50444076135907 vs. 4.50444076135907
list:
dist: 5.0223106191159985 vs. 5.0223106191159985
list:
dist: 4.001404937247452 vs. 4.001404937247452
list:
dist: 3.726644326427234 vs. 3.726644326427234
list:
dist: 3.5018206579067424 vs. 3.5018206579067424
list:
dist: 4.3458999971754455 vs. 4.3458999971754455
list:
dist: 4.085260396826533 vs. 4.085260396826533
list:
dist: 4.815974267826288 vs. 4.815974267826288
list:
dist: 1.7597806934981535 vs. 1.7597806934981535
list:
dist: 2.1373661357130915 vs. 2.1373661357130915
list:
dist: 0.9598290456995988 vs. 0.9598290456995988
list:
dist: 1.8531746001886378 vs. 1.8531746001886378
list:
dist: 1.059361244435714 vs. 1.059361244435714
list:
dist: 1.7945875655151107 vs. 1.7945875655151107
list:
dist: 1.9882675178119509 vs. 1.9882675178119509
list:
dist: 2.6324110026539436 vs. 2.6324110026539436
list:
dist: 2.4030821002952796 vs. 2.4030821002952796
list:
dist: 2.7950673531627146 vs. 2.7950673531627146
list:
dist: 3.4601502529885426 vs. 3.4601502529885426
list:
dist: 3.0893853322268674 vs. 3.0893853322268674
list:
dist: 2.860850856754889 vs. 2.860850856754889
list:
dist: 2.1935420756324135 vs. 2.1935420756324135
list:
dist: 3.127835457323772 vs. 3.127835457323772
list:
dist: 3.330913858632213 vs. 3.330913858632213
list:
dist: 3.046666892660558 vs. 3.046666892660558
list:
dist: 3.297048898610745 vs. 3.297048898610745
list:
dist: 1.839627735981795 vs. 1.839627735981795
list:
dist: 2.1144709780284368 vs. 2.1144709780284368
list:
dist: 4.717411972036295 vs. 4.717411972036295
list:
dist: 4.673060465188057 vs. 4.673060465188057
list:
dist: 3.4642567193916696 vs. 3.4642567193916696
list:
dist: 2.7421834731500314 vs. 2.7421834731500314
list:
dist: 3.957279677411291 vs. 3.957279677411291
list:
dist: 3.627019335860185 vs. 3.627019335860185
list:
dist: 2.9468299436846976 vs. 2.9468299436846976
list:
dist: 3.870151090866409 vs. 3.870151090866409
list:
dist: 4.588056325414953 vs. 4.588056325414953
list:
dist: 4.363489932791383 vs. 4.363489932791383
list:
dist: 3.4573878515380563 vs. 3.4573878515380563
list:
dist: 3.4528693358053157 vs. 3.4528693358053157
list:
dist: 4.348167790412238 vs. 4.348167790412238
list:
dist: 3.674438437658833 vs. 3.674438437658833
list:
dist: 4.570250747613793 vs. 4.570250747613793
list:
dist: 0.8993701316669286 vs. 0.8993701316669286
list:
dist: 1.9644625918078762 vs. 1.9644625918078762
list:
dist: 0.8673408800694032 vs. 0.8673408800694032
list:
dist: 1.922794832119456 vs. 1.922794832119456
list:
dist: 1.638869230389755 vs. 1.638869230389755
list:
dist: 1.9874184823771 vs. 1.9874184823771
list:
dist: 1.059361244435714 vs. 1.059361244435714
list:
dist: 2.7940711950233044 vs. 2.7940711950233044
list:
dist: 1.9361662757970013 vs. 1.9361662757970013
list:
dist: 2.3486379850260137 vs. 2.3486379850260137
list:
dist: 2.7282820311464437 vs. 2.7282820311464437
list:
dist: 2.4919799248239856 vs. 2.4919799248239856
list:
dist: 2.7866439910260707 vs. 2.7866439910260707
list:
dist: 1.691911872336328 vs. 1.691911872336328
list:
dist: 2.8771281505596598 vs. 2.8771281505596598
list:
dist: 2.8532210678863446 vs. 2.8532210678863446
list:
dist: 3.4469456792954642 vs. 3.4469456792954642
list:
dist: 4.02321690927308 vs. 4.02321690927308
list:
dist: 0.9572923064739158 vs. 0.9572923064739158
list:
dist: 1.695771077263649 vs. 1.695771077263649
list:
dist: 3.585386637904521 vs. 3.585386637904521
list:
dist: 2.8002296065415027 vs. 2.8002296065415027
list:
dist: 3.785550280621142 vs. 3.785550280621142
list:
dist: 3.393329860697753 vs. 3.393329860697753
list:
dist: 2.5755696952801284 vs. 2.5755696952801284
list:
dist: 4.200000770017076 vs. 4.200000770017076
list:
dist: 4.760501823396312 vs. 4.760501823396312
list:
dist: 3.8767490204053807 vs. 3.8767490204053807
list:
dist: 2.5275463529792845 vs. 2.5275463529792845
list:
dist: 2.4898816046961425 vs. 2.4898816046961425
list:
dist: 3.1826909262233065 vs. 3.1826909262233065
list:
dist: 1.7346888464184114 vs. 1.7346888464184114
list:
dist: 2.8441825113353287 vs. 2.8441825113353287
list:
dist: 1.6488451302411782 vs. 1.6488451302411782
list:
dist: 2.339041524003883 vs. 2.339041524003883
list:
dist: 2.361996385850339 vs. 2.361996385850339
list:
dist: 2.243950091892743 vs. 2.243950091892743
list:
dist: 2.4919799248239856 vs. 2.4919799248239856
list:
dist: 1.5960850878297994 vs. 1.5960850878297994
list:
dist: 2.4936493789669667 vs. 2.4936493789669667
list:
dist: 3.0893853322268674 vs. 3.0893853322268674
list:
dist: 2.100452199679993 vs. 2.100452199679993
list:
dist: 1.2840999974294354 vs. 1.2840999974294354
list:
dist: 0.5944783090637478 vs. 0.5944783090637478
list:
dist: 0.6479127523002057 vs. 0.6479127523002057
list:
dist: 1.7845776793722257 vs. 1.7845776793722257
list:
dist: 0.9232476449444579 vs. 0.9232476449444579
list:
dist: 1.121076838539581 vs. 1.121076838539581
list:
dist: 1.3407271312244708 vs. 1.3407271312244708
list:
dist: 1.7499835245299662 vs. 1.7499835245299662
list:
dist: 1.4455408535353476 vs. 1.4455408535353476
list:
dist: 1.8653858702390058 vs. 1.8653858702390058
list:
dist: 1.012968541741984 vs. 1.012968541741984
list:
dist: 1.8964437916844414 vs. 1.8964437916844414
list:
dist: 2.35147237969431 vs. 2.35147237969431
list:
dist: 1.5613450442610095 vs. 1.5613450442610095
list:
dist: 2.045245951289891 vs. 2.045245951289891
list:
dist: 2.2588541605297494 vs. 2.2588541605297494
list:
dist: 1.5022043610962368 vs. 1.5022043610962368
list:
dist: 2.122056360229888 vs. 2.122056360229888
list:
dist: 2.195414974723379 vs. 2.195414974723379
list:
dist: 2.6151507826828797 vs. 2.6151507826828797
list:
dist: 2.4317999230460696 vs. 2.4317999230460696
list:
dist: 1.9157539242434074 vs. 1.9157539242434074
list:
dist: 2.1047810227478756 vs. 2.1047810227478756
list:
dist: 1.3374555687392304 vs. 1.3374555687392304
list:
dist: 2.7940711950233044 vs. 2.7940711950233044
list:
dist: 1.2280695722726331 vs. 1.2280695722726331
list:
dist: 1.7756755974463405 vs. 1.7756755974463405
list:
dist: 2.6324110026539436 vs. 2.6324110026539436
list:
dist: 1.6816534755703005 vs. 1.6816534755703005
list:
dist: 1.5521641133602546 vs. 1.5521641133602546
list:
dist: 2.7383206831951634 vs. 2.7383206831951634
list:
dist: 2.100452199679993 vs. 2.100452199679993
list:
dist: 0.7851262814450507 vs. 0.7851262814450507
list:
dist: 1.8042489914678597 vs. 1.8042489914678597
list:
dist: 1.1748116744999118 vs. 1.1748116744999118
list:
dist: 1.952336940278208 vs. 1.952336940278208
list:
dist: 2.7010640021348395 vs. 2.7010640021348395
list:
dist: 2.1855196401139 vs. 2.1855196401139
list:
dist: 4.4826818443806244 vs. 4.4826818443806244
list:
dist: 4.47493407122314 vs. 4.47493407122314
list:
dist: 2.597080927187492 vs. 2.597080927187492
list:
dist: 1.899639958731429 vs. 1.899639958731429
list:
dist: 3.095608317475738 vs. 3.095608317475738
list:
dist: 2.8372132191162565 vs. 2.8372132191162565
list:
dist: 2.1598976688093905 vs. 2.1598976688093905
list:
dist: 3.752773245722968 vs. 3.752773245722968
list:
dist: 4.25323538455828 vs. 4.25323538455828
list:
dist: 3.5131453428826696 vs. 3.5131453428826696
list:
dist: 2.8206026146815497 vs. 2.8206026146815497
list:
dist: 2.710257693456301 vs. 2.710257693456301
list:
dist: 3.5931099625609257 vs. 3.5931099625609257
list:
dist: 3.2050934383465415 vs. 3.2050934383465415
list:
dist: 3.961600325145398 vs. 3.961600325145398
list:
dist: 1.0887498265651776 vs. 1.0887498265651776
list:
dist: 1.2551714809434726 vs. 1.2551714809434726
list:
dist: 1.092443023657013 vs. 1.092443023657013
list:
dist: 0.8673408800694032 vs. 0.8673408800694032
list:
dist: 1.0322529107968372 vs. 1.0322529107968372
list:
dist: 1.1894100444518816 vs. 1.1894100444518816
list:
dist: 0.9598290456995988 vs. 0.9598290456995988
list:
dist: 2.1047810227478756 vs. 2.1047810227478756
list:
dist: 1.482707428042689 vs. 1.482707428042689
list:
dist: 2.0222378376049437 vs. 2.0222378376049437
list:
dist: 2.7808293737476113 vs. 2.7808293737476113
list:
dist: 2.361996385850339 vs. 2.361996385850339
list:
dist: 2.1056784053964925 vs. 2.1056784053964925
list:
dist: 1.574628765697913 vs. 1.574628765697913
list:
dist: 2.4136145472996433 vs. 2.4136145472996433
list:
dist: 2.4116661411156524 vs. 2.4116661411156524
list:
dist: 3.904737337673026 vs. 3.904737337673026
list:
dist: 4.255987838934367 vs. 4.255987838934367
list:
dist: 1.424653606994967 vs. 1.424653606994967
list:
dist: 1.8085432090332143 vs. 1.8085432090332143
list:
dist: 4.7865100741052835 vs. 4.7865100741052835
list:
dist: 4.710845450273841 vs. 4.710845450273841
list:
dist: 2.3004904703306335 vs. 2.3004904703306335
list:
dist: 1.44653476320816 vs. 1.44653476320816
list:
dist: 2.6441413798723743 vs. 2.6441413798723743
list:
dist: 2.479088780395831 vs. 2.479088780395831
list:
dist: 1.6287256326391324 vs. 1.6287256326391324
list:
dist: 3.965734991589478 vs. 3.965734991589478
list:
dist: 4.356918499649053 vs. 4.356918499649053
list:
dist: 2.933625263880075 vs. 2.933625263880075
list:
dist: 2.2176690728063444 vs. 2.2176690728063444
list:
dist: 1.942156416397747 vs. 1.942156416397747
list:
dist: 2.8072562821913203 vs. 2.8072562821913203
list:
dist: 2.308851736190642 vs. 2.308851736190642
list:
dist: 3.0823270594097383 vs. 3.0823270594097383
list:
dist: 1.2319639485009164 vs. 1.2319639485009164
list:
dist: 1.1786884091843242 vs. 1.1786884091843242
list:
dist: 1.0322529107968372 vs. 1.0322529107968372
list:
dist: 0.7708702940537588 vs. 0.7708702940537588
list:
dist: 1.638869230389755 vs. 1.638869230389755
list:
dist: 1.150564730273346 vs. 1.150564730273346
list:
dist: 1.7945875655151107 vs. 1.7945875655151107
list:
dist: 1.2280695722726331 vs. 1.2280695722726331
list:
dist: 0.8279735932916926 vs. 0.8279735932916926
list:
dist: 1.1185747396092798 vs. 1.1185747396092798
list:
dist: 2.1582884710351693 vs. 2.1582884710351693
list:
dist: 1.5960850878297994 vs. 1.5960850878297994
list:
dist: 1.166826675688835 vs. 1.166826675688835
list:
dist: 0.9701175312962111 vs. 0.9701175312962111
list:
dist: 1.3904412383599025 vs. 1.3904412383599025
list:
dist: 1.6341240566507047 vs. 1.6341240566507047
list:
dist: 4.798676976127402 vs. 4.798676976127402
list:
dist: 4.984037106472133 vs. 4.984037106472133
list:
dist: 1.580417351749741 vs. 1.580417351749741
list:
dist: 1.4686384808807347 vs. 1.4686384808807347
list:
dist: 3.235780574800219 vs. 3.235780574800219
list:
dist: 2.352617560953997 vs. 2.352617560953997
list:
dist: 3.513909880449847 vs. 3.513909880449847
list:
dist: 3.296745837016869 vs. 3.296745837016869
list:
dist: 2.4338466096918294 vs. 2.4338466096918294
list:
dist: 4.232929140334626 vs. 4.232929140334626
list:
dist: 4.817256189694449 vs. 4.817256189694449
list:
dist: 3.72890818980603 vs. 3.72890818980603
list:
dist: 2.731122255171201 vs. 2.731122255171201
list:
dist: 2.5689607878569527 vs. 2.5689607878569527
list:
dist: 3.3789480386081774 vs. 3.3789480386081774
list:
dist: 2.34799643200006 vs. 2.34799643200006
list:
dist: 3.349818504183525 vs. 3.349818504183525
list:
dist: 1.0078204233164 vs. 1.0078204233164
list:
dist: 1.958607991337007 vs. 1.958607991337007
list:
dist: 1.574628765697913 vs. 1.574628765697913
list:
dist: 1.726874793588317 vs. 1.726874793588317
list:
dist: 1.691911872336328 vs. 1.691911872336328
list:
dist: 0.9701175312962111 vs. 0.9701175312962111
list:
dist: 2.034511968689379 vs. 2.034511968689379
list:
dist: 2.1935420756324135 vs. 2.1935420756324135
list:
dist: 1.8042489914678597 vs. 1.8042489914678597
list:
dist: 1.1187115511255854 vs. 1.1187115511255854
list:
dist: 0.8245973658230373 vs. 0.8245973658230373
list:
dist: 1.3406798814022725 vs. 1.3406798814022725
list:
dist: 0.9232476449444579 vs. 0.9232476449444579
list:
dist: 1.726339489644657 vs. 1.726339489644657
list:
dist: 1.3624646241132676 vs. 1.3624646241132676
list:
dist: 1.7417988175347712 vs. 1.7417988175347712
list:
dist: 1.079315737154546 vs. 1.079315737154546
list:
dist: 0.7282493862719898 vs. 0.7282493862719898
list:
dist: 1.1514507722442164 vs. 1.1514507722442164
list:
dist: 1.9512226962055421 vs. 1.9512226962055421
list:
dist: 1.8212992368065761 vs. 1.8212992368065761
list:
dist: 0.5130120816849555 vs. 0.5130120816849555
list:
dist: 1.0785868268888348 vs. 1.0785868268888348
list:
dist: 0.4654353994286724 vs. 0.4654353994286724
list:
dist: 1.2139931561489414 vs. 1.2139931561489414
list:
dist: 0.8867567693845265 vs. 0.8867567693845265
list:
dist: 1.4046007931608289 vs. 1.4046007931608289
list:
dist: 1.7946916835880036 vs. 1.7946916835880036
list:
dist: 1.3335169349131202 vs. 1.3335169349131202
list:
dist: 1.6040694554293269 vs. 1.6040694554293269
list:
dist: 1.023807966359874 vs. 1.023807966359874
list:
dist: 1.3132541289777602 vs. 1.3132541289777602
list:
dist: 1.6767013225925975 vs. 1.6767013225925975
list:
dist: 1.5621235467126955 vs. 1.5621235467126955
list:
dist: 1.6378690074493312 vs. 1.6378690074493312
list:
dist: 0.7950369905303779 vs. 0.7950369905303779
list:
dist: 1.4350243457131433 vs. 1.4350243457131433
list:
dist: 1.8094869773028066 vs. 1.8094869773028066
list:
dist: 1.3232518167921081 vs. 1.3232518167921081
list:
dist: 1.3078351999088347 vs. 1.3078351999088347
list:
dist: 1.4540094306060332 vs. 1.4540094306060332
list:
dist: 1.8790230354173545 vs. 1.8790230354173545
list:
dist: 2.162708188138169 vs. 2.162708188138169
list:
dist: 1.7946916835880036 vs. 1.7946916835880036
list:
dist: 1.3797141447978074 vs. 1.3797141447978074
list:
dist: 1.4170643796506976 vs. 1.4170643796506976
list:
dist: 0.9944273965454744 vs. 0.9944273965454744
list:
dist: 0.8258783490317815 vs. 0.8258783490317815
list:
dist: 2.039745748835069 vs. 2.039745748835069
list:
dist: 2.1831270842098 vs. 2.1831270842098
list:
dist: 1.3626818135873087 vs. 1.3626818135873087
list:
dist: 2.811214540785145 vs. 2.811214540785145
list:
dist: 2.2535714022628333 vs. 2.2535714022628333
list:
dist: 2.0883734559197076 vs. 2.0883734559197076
list:
dist: 1.9384112001930374 vs. 1.9384112001930374
list:
dist: 2.604339955779751 vs. 2.604339955779751
list:
dist: 3.2464055351333694 vs. 3.2464055351333694
list:
dist: 4.183344354059331 vs. 4.183344354059331
list:
dist: 3.984706006116168 vs. 3.984706006116168
list:
dist: 3.0655526474200308 vs. 3.0655526474200308
list:
dist: 3.369706598158429 vs. 3.369706598158429
list:
dist: 2.3360756789914645 vs. 2.3360756789914645
list:
dist: 4.354039764804404 vs. 4.354039764804404
list:
dist: 4.005715023261275 vs. 4.005715023261275
list:
dist: 0.6249088025577988 vs. 0.6249088025577988
list:
dist: 1.0659768746885812 vs. 1.0659768746885812
list:
dist: 1.1852324127481537 vs. 1.1852324127481537
list:
dist: 0.9803025742554415 vs. 0.9803025742554415
list:
dist: 2.025176287184187 vs. 2.025176287184187
list:
dist: 1.6581044163036964 vs. 1.6581044163036964
list:
dist: 1.2139931561489414 vs. 1.2139931561489414
list:
dist: 0.5345763569527362 vs. 0.5345763569527362
list:
dist: 1.6706637379357345 vs. 1.6706637379357345
list:
dist: 1.3797141447978074 vs. 1.3797141447978074
list:
dist: 0.60149310530673 vs. 0.60149310530673
list:
dist: 3.73454289136702 vs. 3.73454289136702
list:
dist: 4.084434136083919 vs. 4.084434136083919
list:
dist: 1.3546083882182385 vs. 1.3546083882182385
list:
dist: 0.9457115710388271 vs. 0.9457115710388271
list:
dist: 1.7192900581276578 vs. 1.7192900581276578
list:
dist: 2.555867220364348 vs. 2.555867220364348
list:
dist: 2.1086787150354853 vs. 2.1086787150354853
list:
dist: 1.8352519962178142 vs. 1.8352519962178142
list:
dist: 1.8132377148742127 vs. 1.8132377148742127
list:
dist: 2.498471294093951 vs. 2.498471294093951
list:
dist: 4.5857099468935285 vs. 4.5857099468935285
list:
dist: 3.683042925368188 vs. 3.683042925368188
list:
dist: 4.4826818443806244 vs. 4.4826818443806244
list:
dist: 4.353388218701103 vs. 4.353388218701103
list:
dist: 4.717411972036295 vs. 4.717411972036295
list:
dist: 4.7865100741052835 vs. 4.7865100741052835
list:
dist: 3.8832997509245306 vs. 3.8832997509245306
list:
dist: 5.133858971759818 vs. 5.133858971759818
list:
dist: 4.319718378283585 vs. 4.319718378283585
list:
dist: 4.028569894154706 vs. 4.028569894154706
list:
dist: 3.471586416787996 vs. 3.471586416787996
list:
dist: 3.3127187794628856 vs. 3.3127187794628856
list:
dist: 2.3811112013140785 vs. 2.3811112013140785
list:
dist: 4.385108831609573 vs. 4.385108831609573
list:
dist: 0.8428851281263663 vs. 0.8428851281263663
list:
dist: 1.9133972240534811 vs. 1.9133972240534811
list:
dist: 1.9564593872146963 vs. 1.9564593872146963
list:
dist: 1.1720181307766324 vs. 1.1720181307766324
list:
dist: 2.095747998639689 vs. 2.095747998639689
list:
dist: 1.28816357626707 vs. 1.28816357626707
list:
dist: 1.023807966359874 vs. 1.023807966359874
list:
dist: 0.9457115710388271 vs. 0.9457115710388271
list:
dist: 0.8086195200575989 vs. 0.8086195200575989
list:
dist: 2.0912285341911985 vs. 2.0912285341911985
list:
dist: 2.1831270842098 vs. 2.1831270842098
list:
dist: 1.4127926136759348 vs. 1.4127926136759348
list:
dist: 3.104108868079585 vs. 3.104108868079585
list:
dist: 3.4838571571101955 vs. 3.4838571571101955
list:
dist: 1.2468929995873004 vs. 1.2468929995873004
list:
dist: 1.951416641881607 vs. 1.951416641881607
list:
dist: 2.1451861814585778 vs. 2.1451861814585778
list:
dist: 1.919089370971145 vs. 1.919089370971145
list:
dist: 1.732539718652954 vs. 1.732539718652954
list:
dist: 1.6673614463164017 vs. 1.6673614463164017
list:
dist: 2.191235997172759 vs. 2.191235997172759
list:
dist: 3.009321513801486 vs. 3.009321513801486
list:
dist: 3.8598214509372077 vs. 3.8598214509372077
list:
dist: 4.224024633229561 vs. 4.224024633229561
list:
dist: 4.127872137115472 vs. 4.127872137115472
list:
dist: 4.25138610720205 vs. 4.25138610720205
list:
dist: 4.303352959619844 vs. 4.303352959619844
list:
dist: 3.2705280607544163 vs. 3.2705280607544163
list:
dist: 4.25323538455828 vs. 4.25323538455828
list:
dist: 3.936474760512109 vs. 3.936474760512109
list:
dist: 4.588056325414953 vs. 4.588056325414953
list:
dist: 4.356918499649053 vs. 4.356918499649053
list:
dist: 3.4934937214551782 vs. 3.4934937214551782
list:
dist: 5.0223106191159985 vs. 5.0223106191159985
list:
dist: 4.2841150238306875 vs. 4.2841150238306875
list:
dist: 3.947902103915174 vs. 3.947902103915174
list:
dist: 3.7133634268880265 vs. 3.7133634268880265
list:
dist: 3.2720580843610603 vs. 3.2720580843610603
list:
dist: 2.5304024903210762 vs. 2.5304024903210762
list:
dist: 4.288245510346196 vs. 4.288245510346196
list:
dist: 3.778307363800554 vs. 3.778307363800554
list:
dist: 4.523252071846367 vs. 4.523252071846367
list:
dist: 5.00095249262111 vs. 5.00095249262111
list:
dist: 4.760501823396312 vs. 4.760501823396312
list:
dist: 4.2908856712666195 vs. 4.2908856712666195
list:
dist: 4.817256189694449 vs. 4.817256189694449
list:
dist: 4.810880973002325 vs. 4.810880973002325
list:
dist: 3.6789117018205446 vs. 3.6789117018205446
list:
dist: 0.5437938272750076 vs. 0.5437938272750076
list:
dist: 2.218382611875885 vs. 2.218382611875885
list:
dist: 1.424653606994967 vs. 1.424653606994967
list:
dist: 2.162001558933914 vs. 2.162001558933914
list:
dist: 0.9572923064739158 vs. 0.9572923064739158
list:
dist: 1.580417351749741 vs. 1.580417351749741
list:
dist: 2.320265117269803 vs. 2.320265117269803
list:
dist: 1.839627735981795 vs. 1.839627735981795
list:
dist: 2.7010640021348395 vs. 2.7010640021348395
list:
dist: 1.6908164484757455 vs. 1.6908164484757455
list:
dist: 1.8043219484479556 vs. 1.8043219484479556
list:
dist: 1.8547697491862214 vs. 1.8547697491862214
list:
dist: 1.7499835245299662 vs. 1.7499835245299662
list:
dist: 2.622739858422227 vs. 2.622739858422227
list:
dist: 1.079315737154546 vs. 1.079315737154546
list:
dist: 2.4190377961099867 vs. 2.4190377961099867
list:
dist: 2.469999081015168 vs. 2.469999081015168
list:
dist: 4.133675235809901 vs. 4.133675235809901
list:
dist: 4.670226770270247 vs. 4.670226770270247
list:
dist: 1.0493222498662222 vs. 1.0493222498662222
list:
dist: 4.264441450457406 vs. 4.264441450457406
list:
dist: 4.408140078790375 vs. 4.408140078790375
list:
dist: 5.250569062479296 vs. 5.250569062479296
list:
dist: 4.571212036399015 vs. 4.571212036399015
list:
dist: 5.04575663584028 vs. 5.04575663584028
list:
dist: 4.143988490165221 vs. 4.143988490165221
list:
dist: 5.810107135292083 vs. 5.810107135292083
list:
dist: 5.681917110612835 vs. 5.681917110612835
list:
dist: 5.182719081765301 vs. 5.182719081765301
list:
dist: 4.582070032366339 vs. 4.582070032366339
list:
dist: 3.0275763572990373 vs. 3.0275763572990373
list:
dist: 4.782074378427295 vs. 4.782074378427295
list:
dist: 2.7296184267634187 vs. 2.7296184267634187
list:
dist: 4.216403404942955 vs. 4.216403404942955
list:
dist: 3.433861600080132 vs. 3.433861600080132
list:
dist: 4.430148028546523 vs. 4.430148028546523
list:
dist: 3.958544280299849 vs. 3.958544280299849
list:
dist: 3.1697129582145624 vs. 3.1697129582145624
list:
dist: 4.321516743897397 vs. 4.321516743897397
list:
dist: 5.00095249262111 vs. 5.00095249262111
list:
dist: 4.515411111313248 vs. 4.515411111313248
list:
dist: 3.0137666317811886 vs. 3.0137666317811886
list:
dist: 3.0856121481223666 vs. 3.0856121481223666
list:
dist: 3.7481036741053066 vs. 3.7481036741053066
list:
dist: 2.1325502915515404 vs. 2.1325502915515404
list:
dist: 3.2728729088804336 vs. 3.2728729088804336
list:
dist: 1.8798130518460996 vs. 1.8798130518460996
list:
dist: 2.8456358611896984 vs. 2.8456358611896984
list:
dist: 2.7808293737476113 vs. 2.7808293737476113
list:
dist: 2.8196850357390004 vs. 2.8196850357390004
list:
dist: 2.7282820311464437 vs. 2.7282820311464437
list:
dist: 2.1582884710351693 vs. 2.1582884710351693
list:
dist: 3.031327332218916 vs. 3.031327332218916
list:
dist: 3.4601502529885426 vs. 3.4601502529885426
list:
dist: 2.7383206831951634 vs. 2.7383206831951634
list:
dist: 1.8010820298804564 vs. 1.8010820298804564
list:
dist: 1.2380585484885431 vs. 1.2380585484885431
list:
dist: 0.6479127523002057 vs. 0.6479127523002057
list:
dist: 2.4251715410237775 vs. 2.4251715410237775
list:
dist: 1.3406798814022725 vs. 1.3406798814022725
list:
dist: 1.7331023598504753 vs. 1.7331023598504753
list:
dist: 1.8042493033898301 vs. 1.8042493033898301
list:
dist: 1.8547697491862214 vs. 1.8547697491862214
list:
dist: 1.6645427149288903 vs. 1.6645427149288903
list:
dist: 1.1700038660933374 vs. 1.1700038660933374
list:
dist: 1.176084685609951 vs. 1.176084685609951
list:
dist: 0.907858606967805 vs. 0.907858606967805
list:
dist: 1.9851429039395907 vs. 1.9851429039395907
list:
dist: 1.5718253815274223 vs. 1.5718253815274223
list:
dist: 1.1514507722442164 vs. 1.1514507722442164
list:
dist: 0.6249088025577988 vs. 0.6249088025577988
list:
dist: 0.9231645957346215 vs. 0.9231645957346215
list:
dist: 2.0325464063667695 vs. 2.0325464063667695
list:
dist: 1.8094869773028066 vs. 1.8094869773028066
list:
dist: 1.151422062802324 vs. 1.151422062802324
list:
dist: 3.588614475122993 vs. 3.588614475122993
list:
dist: 4.058730985791335 vs. 4.058730985791335
list:
dist: 1.7780750247618076 vs. 1.7780750247618076
list:
dist: 0.8428851281263663 vs. 0.8428851281263663
list:
dist: 2.083136005465259 vs. 2.083136005465259
list:
dist: 2.7042372043069007 vs. 2.7042372043069007
list:
dist: 2.419111832383639 vs. 2.419111832383639
list:
dist: 2.2391796392489804 vs. 2.2391796392489804
list:
dist: 1.911742533292629 vs. 1.911742533292629
list:
dist: 2.5738638432269028 vs. 2.5738638432269028
list:
dist: 1.1700038660933374 vs. 1.1700038660933374
list:
dist: 0.3863552786086176 vs. 0.3863552786086176
list:
dist: 1.490782491507509 vs. 1.490782491507509
list:
dist: 2.372592568292463 vs. 2.372592568292463
list:
dist: 2.4124958164941672 vs. 2.4124958164941672
list:
dist: 1.9512226962055421 vs. 1.9512226962055421
list:
dist: 1.0659768746885812 vs. 1.0659768746885812
list:
dist: 1.5288960404307521 vs. 1.5288960404307521
list:
dist: 2.0787590759934895 vs. 2.0787590759934895
list:
dist: 1.3232518167921081 vs. 1.3232518167921081
list:
dist: 1.118133467715615 vs. 1.118133467715615
list:
dist: 4.44438455245431 vs. 4.44438455245431
list:
dist: 4.872945862336741 vs. 4.872945862336741
list:
dist: 2.355824390621402 vs. 2.355824390621402
list:
dist: 1.9133972240534811 vs. 1.9133972240534811
list:
dist: 2.3375742982795753 vs. 2.3375742982795753
list:
dist: 3.455515635304565 vs. 3.455515635304565
list:
dist: 3.004227988165961 vs. 3.004227988165961
list:
dist: 2.765735112427226 vs. 2.765735112427226
list:
dist: 2.5284261472329588 vs. 2.5284261472329588
list:
dist: 3.2581524627841314 vs. 3.2581524627841314
list:
dist: 1.176084685609951 vs. 1.176084685609951
list:
dist: 0.3863552786086176 vs. 0.3863552786086176
list:
dist: 1.3236975040996346 vs. 1.3236975040996346
list:
dist: 2.109626540856708 vs. 2.109626540856708
list:
dist: 2.265144396439544 vs. 2.265144396439544
list:
dist: 1.8212992368065761 vs. 1.8212992368065761
list:
dist: 1.1852324127481537 vs. 1.1852324127481537
list:
dist: 1.578061146600083 vs. 1.578061146600083
list:
dist: 1.98344438413664 vs. 1.98344438413664
list:
dist: 1.3078351999088347 vs. 1.3078351999088347
list:
dist: 1.2108742682635436 vs. 1.2108742682635436
list:
dist: 4.629965949689164 vs. 4.629965949689164
list:
dist: 5.087673487815686 vs. 5.087673487815686
list:
dist: 2.489850061554451 vs. 2.489850061554451
list:
dist: 1.9564593872146963 vs. 1.9564593872146963
list:
dist: 2.2720905777014173 vs. 2.2720905777014173
list:
dist: 3.380321139287459 vs. 3.380321139287459
list:
dist: 2.989203518265215 vs. 2.989203518265215
list:
dist: 2.8203002987726307 vs. 2.8203002987726307
list:
dist: 2.386769883941744 vs. 2.386769883941744
list:
dist: 3.112529569442325 vs. 3.112529569442325
list:
dist: 2.083136005465259 vs. 2.083136005465259
list:
dist: 2.3375742982795753 vs. 2.3375742982795753
list:
dist: 2.2720905777014173 vs. 2.2720905777014173
list:
dist: 1.4039677175477345 vs. 1.4039677175477345
list:
dist: 1.3853190544203584 vs. 1.3853190544203584
list:
dist: 1.4093537241476821 vs. 1.4093537241476821
list:
dist: 1.3132541289777602 vs. 1.3132541289777602
list:
dist: 1.7192900581276578 vs. 1.7192900581276578
list:
dist: 1.3002405227236324 vs. 1.3002405227236324
list:
dist: 0.46368858485060355 vs. 0.46368858485060355
list:
dist: 1.3626818135873087 vs. 1.3626818135873087
list:
dist: 1.336952263848297 vs. 1.336952263848297
list:
dist: 1.5392377283186067 vs. 1.5392377283186067
list:
dist: 1.951416641881607 vs. 1.951416641881607
list:
dist: 1.515690408690899 vs. 1.515690408690899
list:
dist: 1.00005306732515 vs. 1.00005306732515
list:
dist: 1.1041439405998368 vs. 1.1041439405998368
list:
dist: 0.9073420295914186 vs. 0.9073420295914186
list:
dist: 1.379409813186777 vs. 1.379409813186777
list:
dist: 2.6989835144442083 vs. 2.6989835144442083
list:
dist: 3.3113066176110553 vs. 3.3113066176110553
list:
dist: 3.0824380593239913 vs. 3.0824380593239913
list:
dist: 2.5125983810989228 vs. 2.5125983810989228
list:
dist: 2.585005048977821 vs. 2.585005048977821
list:
dist: 1.7156535265126243 vs. 1.7156535265126243
list:
dist: 3.4627775820214186 vs. 3.4627775820214186
list:
dist: 2.9791284830133646 vs. 2.9791284830133646
list:
dist: 2.0325464063667695 vs. 2.0325464063667695
list:
dist: 2.0787590759934895 vs. 2.0787590759934895
list:
dist: 1.98344438413664 vs. 1.98344438413664
list:
dist: 1.328450219667131 vs. 1.328450219667131
list:
dist: 1.2999596702184582 vs. 1.2999596702184582
list:
dist: 1.5882430021866698 vs. 1.5882430021866698
list:
dist: 1.4046007931608289 vs. 1.4046007931608289
list:
dist: 1.6706637379357345 vs. 1.6706637379357345
list:
dist: 1.3700771472109452 vs. 1.3700771472109452
list:
dist: 0.9944273965454744 vs. 0.9944273965454744
list:
dist: 1.2051338811786376 vs. 1.2051338811786376
list:
dist: 1.8140867989167797 vs. 1.8140867989167797
list:
dist: 2.0912285341911985 vs. 2.0912285341911985
list:
dist: 0.46368858485060355 vs. 0.46368858485060355
list:
dist: 1.9403963134944788 vs. 1.9403963134944788
list:
dist: 1.4622082958303866 vs. 1.4622082958303866
list:
dist: 1.5115228320422975 vs. 1.5115228320422975
list:
dist: 1.1453142397336076 vs. 1.1453142397336076
list:
dist: 1.698688083983668 vs. 1.698688083983668
list:
dist: 2.837307345187207 vs. 2.837307345187207
list:
dist: 3.650313818238892 vs. 3.650313818238892
list:
dist: 3.4432592635197543 vs. 3.4432592635197543
list:
dist: 2.725962701110079 vs. 2.725962701110079
list:
dist: 2.9326216753046337 vs. 2.9326216753046337
list:
dist: 1.9988913662686074 vs. 1.9988913662686074
list:
dist: 3.8228105558008747 vs. 3.8228105558008747
list:
dist: 3.3050911502392775 vs. 3.3050911502392775
list:
dist: 0.907858606967805 vs. 0.907858606967805
list:
dist: 1.490782491507509 vs. 1.490782491507509
list:
dist: 1.3236975040996346 vs. 1.3236975040996346
list:
dist: 1.0919032144425966 vs. 1.0919032144425966
list:
dist: 0.9427922601659424 vs. 0.9427922601659424
list:
dist: 0.5130120816849555 vs. 0.5130120816849555
list:
dist: 0.9803025742554415 vs. 0.9803025742554415
list:
dist: 0.8593190193313486 vs. 0.8593190193313486
list:
dist: 1.328450219667131 vs. 1.328450219667131
list:
dist: 1.4540094306060332 vs. 1.4540094306060332
list:
dist: 1.0653124321590772 vs. 1.0653124321590772
list:
dist: 1.7864961029365851 vs. 1.7864961029365851
list:
dist: 1.1720181307766324 vs. 1.1720181307766324
list:
dist: 1.4039677175477345 vs. 1.4039677175477345
list:
dist: 2.1306587201627285 vs. 2.1306587201627285
list:
dist: 1.9090804788976292 vs. 1.9090804788976292
list:
dist: 1.908635163198358 vs. 1.908635163198358
list:
dist: 1.1392155911359079 vs. 1.1392155911359079
list:
dist: 1.842273135202897 vs. 1.842273135202897
list:
dist: 2.419111832383639 vs. 2.419111832383639
list:
dist: 3.004227988165961 vs. 3.004227988165961
list:
dist: 2.989203518265215 vs. 2.989203518265215
list:
dist: 1.9090804788976292 vs. 1.9090804788976292
list:
dist: 1.9530555188257204 vs. 1.9530555188257204
list:
dist: 1.4562832497462233 vs. 1.4562832497462233
list:
dist: 1.5621235467126955 vs. 1.5621235467126955
list:
dist: 2.1086787150354853 vs. 2.1086787150354853
list:
dist: 1.580381194479936 vs. 1.580381194479936
list:
dist: 1.4622082958303866 vs. 1.4622082958303866
list:
dist: 2.2535714022628333 vs. 2.2535714022628333
list:
dist: 1.9362139793591382 vs. 1.9362139793591382
list:
dist: 1.2757306574773564 vs. 1.2757306574773564
list:
dist: 1.919089370971145 vs. 1.919089370971145
list:
dist: 1.00005306732515 vs. 1.00005306732515
list:
dist: 0.7742735876252467 vs. 0.7742735876252467
list:
dist: 0.560400177049648 vs. 0.560400177049648
list:
dist: 1.081974492533364 vs. 1.081974492533364
list:
dist: 1.1251670654159578 vs. 1.1251670654159578
list:
dist: 2.729126106173428 vs. 2.729126106173428
list:
dist: 2.7546590422816375 vs. 2.7546590422816375
list:
dist: 2.4644600828354353 vs. 2.4644600828354353
list:
dist: 2.356621047540237 vs. 2.356621047540237
list:
dist: 2.016915145553681 vs. 2.016915145553681
list:
dist: 1.4595319333443753 vs. 1.4595319333443753
list:
dist: 2.8300555311627402 vs. 2.8300555311627402
list:
dist: 2.509437117079359 vs. 2.509437117079359
list:
dist: 0.9231645957346215 vs. 0.9231645957346215
list:
dist: 1.5288960404307521 vs. 1.5288960404307521
list:
dist: 1.578061146600083 vs. 1.578061146600083
list:
dist: 0.8593190193313486 vs. 0.8593190193313486
list:
dist: 1.7651195697027178 vs. 1.7651195697027178
list:
dist: 1.2742121333894076 vs. 1.2742121333894076
list:
dist: 0.8867567693845265 vs. 0.8867567693845265
list:
dist: 0.5345763569527362 vs. 0.5345763569527362
list:
dist: 1.3700771472109452 vs. 1.3700771472109452
list:
dist: 1.4170643796506976 vs. 1.4170643796506976
list:
dist: 0.6694921702629878 vs. 0.6694921702629878
list:
dist: 3.7731908624430774 vs. 3.7731908624430774
list:
dist: 4.060367119740406 vs. 4.060367119740406
list:
dist: 0.9875901480235174 vs. 0.9875901480235174
list:
dist: 0.8086195200575989 vs. 0.8086195200575989
list:
dist: 1.3002405227236324 vs. 1.3002405227236324
list:
dist: 2.028837634174313 vs. 2.028837634174313
list:
dist: 1.580381194479936 vs. 1.580381194479936
list:
dist: 1.3440968433228824 vs. 1.3440968433228824
list:
dist: 1.3617776832708042 vs. 1.3617776832708042
list:
dist: 2.01300000299767 vs. 2.01300000299767
list:
dist: 4.455012009418506 vs. 4.455012009418506
list:
dist: 3.6585937528022665 vs. 3.6585937528022665
list:
dist: 4.47493407122314 vs. 4.47493407122314
list:
dist: 4.345236864377916 vs. 4.345236864377916
list:
dist: 4.673060465188057 vs. 4.673060465188057
list:
dist: 4.710845450273841 vs. 4.710845450273841
list:
dist: 3.8948012693043297 vs. 3.8948012693043297
list:
dist: 5.183783186105742 vs. 5.183783186105742
list:
dist: 3.9110536488903263 vs. 3.9110536488903263
list:
dist: 3.6128050325732097 vs. 3.6128050325732097
list:
dist: 3.1461098502747338 vs. 3.1461098502747338
list:
dist: 2.931045223647279 vs. 2.931045223647279
list:
dist: 2.030211354250616 vs. 2.030211354250616
list:
dist: 3.9752140824338773 vs. 3.9752140824338773
list:
dist: 1.7780750247618076 vs. 1.7780750247618076
list:
dist: 2.355824390621402 vs. 2.355824390621402
list:
dist: 2.489850061554451 vs. 2.489850061554451
list:
dist: 1.7864961029365851 vs. 1.7864961029365851
list:
dist: 2.4666677188342625 vs. 2.4666677188342625
list:
dist: 1.7872248542338298 vs. 1.7872248542338298
list:
dist: 1.6040694554293269 vs. 1.6040694554293269
list:
dist: 1.3546083882182385 vs. 1.3546083882182385
list:
dist: 0.9875901480235174 vs. 0.9875901480235174
list:
dist: 1.8140867989167797 vs. 1.8140867989167797
list:
dist: 2.039745748835069 vs. 2.039745748835069
list:
dist: 1.3790142667696237 vs. 1.3790142667696237
list:
dist: 3.493441587205884 vs. 3.493441587205884
list:
dist: 3.5709791051067956 vs. 3.5709791051067956
list:
dist: 1.2468929995873004 vs. 1.2468929995873004
list:
dist: 1.5392377283186067 vs. 1.5392377283186067
list:
dist: 1.8569468845866144 vs. 1.8569468845866144
list:
dist: 1.2757306574773564 vs. 1.2757306574773564
list:
dist: 0.7901660712824652 vs. 0.7901660712824652
list:
dist: 1.7508760517436799 vs. 1.7508760517436799
list:
dist: 2.1581880387066428 vs. 2.1581880387066428
list:
dist: 3.139122806243771 vs. 3.139122806243771
list:
dist: 3.9924691567249906 vs. 3.9924691567249906
list:
dist: 4.552724850400166 vs. 4.552724850400166
list:
dist: 3.9928123469472467 vs. 3.9928123469472467
list:
dist: 4.444278451290974 vs. 4.444278451290974
list:
dist: 3.5805678445416236 vs. 3.5805678445416236
list:
dist: 3.0291594881697974 vs. 3.0291594881697974
list:
dist: 3.752773245722968 vs. 3.752773245722968
list:
dist: 3.7191038682546633 vs. 3.7191038682546633
list:
dist: 3.870151090866409 vs. 3.870151090866409
list:
dist: 3.965734991589478 vs. 3.965734991589478
list:
dist: 3.3078047822268863 vs. 3.3078047822268863
list:
dist: 4.50444076135907 vs. 4.50444076135907
list:
dist: 3.099480367444404 vs. 3.099480367444404
list:
dist: 2.774615553626648 vs. 2.774615553626648
list:
dist: 2.516764970853457 vs. 2.516764970853457
list:
dist: 2.058180547955761 vs. 2.058180547955761
list:
dist: 1.3168428566465316 vs. 1.3168428566465316
list:
dist: 3.1153924981124765 vs. 3.1153924981124765
list:
dist: 3.350656168639105 vs. 3.350656168639105
list:
dist: 4.07971483604595 vs. 4.07971483604595
list:
dist: 4.321516743897397 vs. 4.321516743897397
list:
dist: 4.200000770017076 vs. 4.200000770017076
list:
dist: 4.168490211608077 vs. 4.168490211608077
list:
dist: 4.232929140334626 vs. 4.232929140334626
list:
dist: 4.5236544865656425 vs. 4.5236544865656425
list:
dist: 3.3922294603112984 vs. 3.3922294603112984
list:
dist: 2.2391796392489804 vs. 2.2391796392489804
list:
dist: 2.765735112427226 vs. 2.765735112427226
list:
dist: 2.8203002987726307 vs. 2.8203002987726307
list:
dist: 1.908635163198358 vs. 1.908635163198358
list:
dist: 2.2241652003074748 vs. 2.2241652003074748
list:
dist: 1.6722405180631716 vs. 1.6722405180631716
list:
dist: 1.6378690074493312 vs. 1.6378690074493312
list:
dist: 1.8352519962178142 vs. 1.8352519962178142
list:
dist: 1.3440968433228824 vs. 1.3440968433228824
list:
dist: 1.5115228320422975 vs. 1.5115228320422975
list:
dist: 2.0883734559197076 vs. 2.0883734559197076
list:
dist: 1.6694574846769608 vs. 1.6694574846769608
list:
dist: 0.7901660712824652 vs. 0.7901660712824652
list:
dist: 1.732539718652954 vs. 1.732539718652954
list:
dist: 1.1041439405998368 vs. 1.1041439405998368
list:
dist: 1.2787650039498215 vs. 1.2787650039498215
list:
dist: 0.560400177049648 vs. 0.560400177049648
list:
dist: 1.4002665771727094 vs. 1.4002665771727094
list:
dist: 1.6331998853015244 vs. 1.6331998853015244
list:
dist: 2.6512348290398142 vs. 2.6512348290398142
list:
dist: 2.6392797276218247 vs. 2.6392797276218247
list:
dist: 2.3326793850039205 vs. 2.3326793850039205
list:
dist: 2.123512422575443 vs. 2.123512422575443
list:
dist: 1.7406635529980334 vs. 1.7406635529980334
list:
dist: 1.044688612980287 vs. 1.044688612980287
list:
dist: 2.699901422134219 vs. 2.699901422134219
list:
dist: 2.5975663334804127 vs. 2.5975663334804127
list:
dist: 3.3127187794628856 vs. 3.3127187794628856
list:
dist: 2.931045223647279 vs. 2.931045223647279
list:
dist: 2.9326216753046337 vs. 2.9326216753046337
list:
dist: 3.369706598158429 vs. 3.369706598158429
list:
dist: 3.0880028195466482 vs. 3.0880028195466482
list:
dist: 2.058180547955761 vs. 2.058180547955761
list:
dist: 3.2720580843610603 vs. 3.2720580843610603
list:
dist: 2.585005048977821 vs. 2.585005048977821
list:
dist: 2.5526210831438454 vs. 2.5526210831438454
list:
dist: 2.016915145553681 vs. 2.016915145553681
list:
dist: 1.7406635529980334 vs. 1.7406635529980334
list:
dist: 3.068814919034127 vs. 3.068814919034127
list:
dist: 3.0829620104907534 vs. 3.0829620104907534
list:
dist: 1.9936185304741079 vs. 1.9936185304741079
list:
dist: 1.0932505820079785 vs. 1.0932505820079785
list:
dist: 0.7874037511170041 vs. 0.7874037511170041
list:
dist: 1.1563729453867195 vs. 1.1563729453867195
list:
dist: 1.0394674241376345 vs. 1.0394674241376345
list:
dist: 1.098253345181876 vs. 1.098253345181876
list:
dist: 1.696268141134718 vs. 1.696268141134718
list:
dist: 1.976383970133122 vs. 1.976383970133122
list:
dist: 1.1544057771165916 vs. 1.1544057771165916
list:
dist: 1.719851331499733 vs. 1.719851331499733
list:
dist: 1.9159661815608549 vs. 1.9159661815608549
list:
dist: 1.0555376689609168 vs. 1.0555376689609168
list:
dist: 1.976383970133122 vs. 1.976383970133122
list:
dist: 2.2049513245868186 vs. 2.2049513245868186
list:
dist: 1.9918821906990092 vs. 1.9918821906990092
list:
dist: 2.063883187964568 vs. 2.063883187964568
list:
dist: 3.259730272463517 vs. 3.259730272463517
list:
dist: 1.911742533292629 vs. 1.911742533292629
list:
dist: 2.5284261472329588 vs. 2.5284261472329588
list:
dist: 2.386769883941744 vs. 2.386769883941744
list:
dist: 1.1392155911359079 vs. 1.1392155911359079
list:
dist: 0.9091195803683331 vs. 0.9091195803683331
list:
dist: 0.6133927839355422 vs. 0.6133927839355422
list:
dist: 0.7950369905303779 vs. 0.7950369905303779
list:
dist: 1.8132377148742127 vs. 1.8132377148742127
list:
dist: 1.3617776832708042 vs. 1.3617776832708042
list:
dist: 1.1453142397336076 vs. 1.1453142397336076
list:
dist: 1.9384112001930374 vs. 1.9384112001930374
list:
dist: 1.70361018406716 vs. 1.70361018406716
list:
dist: 1.7508760517436799 vs. 1.7508760517436799
list:
dist: 1.6673614463164017 vs. 1.6673614463164017
list:
dist: 0.9073420295914186 vs. 0.9073420295914186
list:
dist: 1.0997874569903965 vs. 1.0997874569903965
list:
dist: 1.081974492533364 vs. 1.081974492533364
list:
dist: 1.4002665771727094 vs. 1.4002665771727094
list:
dist: 0.7306257504105453 vs. 0.7306257504105453
list:
dist: 3.46849516445459 vs. 3.46849516445459
list:
dist: 3.803457139801553 vs. 3.803457139801553
list:
dist: 3.531478794420829 vs. 3.531478794420829
list:
dist: 3.2461750674271452 vs. 3.2461750674271452
list:
dist: 3.068814919034127 vs. 3.068814919034127
list:
dist: 2.3407795882494393 vs. 2.3407795882494393
list:
dist: 3.9003748531957085 vs. 3.9003748531957085
list:
dist: 3.43337684402135 vs. 3.43337684402135
list:
dist: 2.5738638432269028 vs. 2.5738638432269028
list:
dist: 3.2581524627841314 vs. 3.2581524627841314
list:
dist: 3.112529569442325 vs. 3.112529569442325
list:
dist: 1.842273135202897 vs. 1.842273135202897
list:
dist: 1.3633686221659378 vs. 1.3633686221659378
list:
dist: 1.0695366837057982 vs. 1.0695366837057982
list:
dist: 1.4350243457131433 vs. 1.4350243457131433
list:
dist: 2.498471294093951 vs. 2.498471294093951
list:
dist: 2.01300000299767 vs. 2.01300000299767
list:
dist: 1.698688083983668 vs. 1.698688083983668
list:
dist: 2.604339955779751 vs. 2.604339955779751
list:
dist: 2.399501274668419 vs. 2.399501274668419
list:
dist: 2.1581880387066428 vs. 2.1581880387066428
list:
dist: 2.191235997172759 vs. 2.191235997172759
list:
dist: 1.379409813186777 vs. 1.379409813186777
list:
dist: 0.6761150612491135 vs. 0.6761150612491135
list:
dist: 1.1251670654159578 vs. 1.1251670654159578
list:
dist: 1.6331998853015244 vs. 1.6331998853015244
list:
dist: 0.7306257504105453 vs. 0.7306257504105453
list:
dist: 3.5106068429786927 vs. 3.5106068429786927
list:
dist: 3.6697396717177884 vs. 3.6697396717177884
list:
dist: 3.406134082419545 vs. 3.406134082419545
list:
dist: 3.3469345682788916 vs. 3.3469345682788916
list:
dist: 3.0829620104907534 vs. 3.0829620104907534
list:
dist: 2.5634258840178346 vs. 2.5634258840178346
list:
dist: 3.7526627131880232 vs. 3.7526627131880232
list:
dist: 3.185251893673233 vs. 3.185251893673233
list:
dist: 1.9851429039395907 vs. 1.9851429039395907
list:
dist: 2.372592568292463 vs. 2.372592568292463
list:
dist: 2.109626540856708 vs. 2.109626540856708
list:
dist: 1.0919032144425966 vs. 1.0919032144425966
list:
dist: 1.0472406992342194 vs. 1.0472406992342194
list:
dist: 1.0785868268888348 vs. 1.0785868268888348
list:
dist: 2.025176287184187 vs. 2.025176287184187
list:
dist: 1.7651195697027178 vs. 1.7651195697027178
list:
dist: 1.2999596702184582 vs. 1.2999596702184582
list:
dist: 1.8790230354173545 vs. 1.8790230354173545
list:
dist: 1.8921419093401082 vs. 1.8921419093401082
list:
dist: 2.4666677188342625 vs. 2.4666677188342625
list:
dist: 2.095747998639689 vs. 2.095747998639689
list:
dist: 1.3853190544203584 vs. 1.3853190544203584
list:
dist: 1.935889062765076 vs. 1.935889062765076
list:
dist: 1.9530555188257204 vs. 1.9530555188257204
list:
dist: 2.2241652003074748 vs. 2.2241652003074748
list:
dist: 0.9091195803683331 vs. 0.9091195803683331
list:
dist: 1.3633686221659378 vs. 1.3633686221659378
list:
dist: 2.7042372043069007 vs. 2.7042372043069007
list:
dist: 3.455515635304565 vs. 3.455515635304565
list:
dist: 3.380321139287459 vs. 3.380321139287459
list:
dist: 2.1306587201627285 vs. 2.1306587201627285
list:
dist: 1.935889062765076 vs. 1.935889062765076
list:
dist: 1.360810486025545 vs. 1.360810486025545
list:
dist: 1.6767013225925975 vs. 1.6767013225925975
list:
dist: 2.555867220364348 vs. 2.555867220364348
list:
dist: 2.028837634174313 vs. 2.028837634174313
list:
dist: 1.9403963134944788 vs. 1.9403963134944788
list:
dist: 2.811214540785145 vs. 2.811214540785145
list:
dist: 2.486534386175547 vs. 2.486534386175547
list:
dist: 1.8569468845866144 vs. 1.8569468845866144
list:
dist: 2.1451861814585778 vs. 2.1451861814585778
list:
dist: 1.515690408690899 vs. 1.515690408690899
list:
dist: 0.7742735876252467 vs. 0.7742735876252467
list:
dist: 1.2787650039498215 vs. 1.2787650039498215
list:
dist: 1.0997874569903965 vs. 1.0997874569903965
list:
dist: 0.6761150612491135 vs. 0.6761150612491135
list:
dist: 3.290120923851569 vs. 3.290120923851569
list:
dist: 3.1552159451307333 vs. 3.1552159451307333
list:
dist: 2.863586372205221 vs. 2.863586372205221
list:
dist: 2.9979364729408537 vs. 2.9979364729408537
list:
dist: 2.5526210831438454 vs. 2.5526210831438454
list:
dist: 2.1890115815967706 vs. 2.1890115815967706
list:
dist: 3.196667871908581 vs. 3.196667871908581
list:
dist: 2.7870379897068847 vs. 2.7870379897068847
list:
dist: 1.151422062802324 vs. 1.151422062802324
list:
dist: 1.118133467715615 vs. 1.118133467715615
list:
dist: 1.2108742682635436 vs. 1.2108742682635436
list:
dist: 1.0653124321590772 vs. 1.0653124321590772
list:
dist: 1.8921419093401082 vs. 1.8921419093401082
list:
dist: 1.7555775675149765 vs. 1.7555775675149765
list:
dist: 1.3335169349131202 vs. 1.3335169349131202
list:
dist: 0.60149310530673 vs. 0.60149310530673
list:
dist: 0.6694921702629878 vs. 0.6694921702629878
list:
dist: 1.2051338811786376 vs. 1.2051338811786376
list:
dist: 0.8258783490317815 vs. 0.8258783490317815
list:
dist: 1.3790142667696237 vs. 1.3790142667696237
list:
dist: 1.4127926136759348 vs. 1.4127926136759348
list:
dist: 1.336952263848297 vs. 1.336952263848297
list:
dist: 2.486534386175547 vs. 2.486534386175547
list:
dist: 1.9362139793591382 vs. 1.9362139793591382
list:
dist: 1.6694574846769608 vs. 1.6694574846769608
list:
dist: 1.70361018406716 vs. 1.70361018406716
list:
dist: 2.399501274668419 vs. 2.399501274668419
list:
dist: 3.4634987751861313 vs. 3.4634987751861313
list:
dist: 4.0340823486182105 vs. 4.0340823486182105
list:
dist: 3.777019322266212 vs. 3.777019322266212
list:
dist: 3.068829060426495 vs. 3.068829060426495
list:
dist: 3.0880028195466482 vs. 3.0880028195466482
list:
dist: 2.0838723810970707 vs. 2.0838723810970707
list:
dist: 4.142704959403716 vs. 4.142704959403716
list:
dist: 3.992325711223948 vs. 3.992325711223948
list:
dist: 1.5718253815274223 vs. 1.5718253815274223
list:
dist: 2.4124958164941672 vs. 2.4124958164941672
list:
dist: 2.265144396439544 vs. 2.265144396439544
list:
dist: 0.9427922601659424 vs. 0.9427922601659424
list:
dist: 1.0472406992342194 vs. 1.0472406992342194
list:
dist: 0.4654353994286724 vs. 0.4654353994286724
list:
dist: 1.6581044163036964 vs. 1.6581044163036964
list:
dist: 1.2742121333894076 vs. 1.2742121333894076
list:
dist: 1.5882430021866698 vs. 1.5882430021866698
list:
dist: 2.162708188138169 vs. 2.162708188138169
list:
dist: 1.7555775675149765 vs. 1.7555775675149765
list:
dist: 1.7872248542338298 vs. 1.7872248542338298
list:
dist: 1.28816357626707 vs. 1.28816357626707
list:
dist: 1.4093537241476821 vs. 1.4093537241476821
list:
dist: 1.360810486025545 vs. 1.360810486025545
list:
dist: 1.4562832497462233 vs. 1.4562832497462233
list:
dist: 1.6722405180631716 vs. 1.6722405180631716
list:
dist: 0.6133927839355422 vs. 0.6133927839355422
list:
dist: 1.0695366837057982 vs. 1.0695366837057982
list:
dist: 3.259730272463517 vs. 3.259730272463517
list:
dist: 3.0275763572990373 vs. 3.0275763572990373
list:
dist: 3.308311871700584 vs. 3.308311871700584
list:
dist: 2.7773284155113305 vs. 2.7773284155113305
list:
dist: 3.6921064948897655 vs. 3.6921064948897655
list:
dist: 4.319718378283585 vs. 4.319718378283585
list:
dist: 3.9110536488903263 vs. 3.9110536488903263
list:
dist: 3.650313818238892 vs. 3.650313818238892
list:
dist: 4.183344354059331 vs. 4.183344354059331
list:
dist: 4.0340823486182105 vs. 4.0340823486182105
list:
dist: 3.099480367444404 vs. 3.099480367444404
list:
dist: 4.2841150238306875 vs. 4.2841150238306875
list:
dist: 3.3113066176110553 vs. 3.3113066176110553
list:
dist: 3.1552159451307333 vs. 3.1552159451307333
list:
dist: 2.7546590422816375 vs. 2.7546590422816375
list:
dist: 2.6392797276218247 vs. 2.6392797276218247
list:
dist: 3.803457139801553 vs. 3.803457139801553
list:
dist: 3.6697396717177884 vs. 3.6697396717177884
list:
dist: 1.825095497931989 vs. 1.825095497931989
list:
dist: 0.37912608192633707 vs. 0.37912608192633707
list:
dist: 1.3643575070250613 vs. 1.3643575070250613
list:
dist: 1.0932505820079785 vs. 1.0932505820079785
list:
dist: 1.9757631276538106 vs. 1.9757631276538106
list:
dist: 0.3509880555019158 vs. 0.3509880555019158
list:
dist: 1.0745031234303768 vs. 1.0745031234303768
list:
dist: 1.719851331499733 vs. 1.719851331499733
list:
dist: 4.028569894154706 vs. 4.028569894154706
list:
dist: 3.6128050325732097 vs. 3.6128050325732097
list:
dist: 3.4432592635197543 vs. 3.4432592635197543
list:
dist: 3.984706006116168 vs. 3.984706006116168
list:
dist: 3.777019322266212 vs. 3.777019322266212
list:
dist: 2.774615553626648 vs. 2.774615553626648
list:
dist: 3.947902103915174 vs. 3.947902103915174
list:
dist: 3.0824380593239913 vs. 3.0824380593239913
list:
dist: 2.863586372205221 vs. 2.863586372205221
list:
dist: 2.4644600828354353 vs. 2.4644600828354353
list:
dist: 2.3326793850039205 vs. 2.3326793850039205
list:
dist: 3.531478794420829 vs. 3.531478794420829
list:
dist: 3.406134082419545 vs. 3.406134082419545
list:
dist: 1.9484016043980332 vs. 1.9484016043980332
list:
dist: 0.37912608192633707 vs. 0.37912608192633707
list:
dist: 1.3619304549344717 vs. 1.3619304549344717
list:
dist: 0.7874037511170041 vs. 0.7874037511170041
list:
dist: 1.7285337558061848 vs. 1.7285337558061848
list:
dist: 0.38064220034059126 vs. 0.38064220034059126
list:
dist: 1.1839335962625637 vs. 1.1839335962625637
list:
dist: 1.9159661815608549 vs. 1.9159661815608549
list:
dist: 4.385108831609573 vs. 4.385108831609573
list:
dist: 3.9752140824338773 vs. 3.9752140824338773
list:
dist: 3.8228105558008747 vs. 3.8228105558008747
list:
dist: 4.354039764804404 vs. 4.354039764804404
list:
dist: 4.142704959403716 vs. 4.142704959403716
list:
dist: 3.1153924981124765 vs. 3.1153924981124765
list:
dist: 4.288245510346196 vs. 4.288245510346196
list:
dist: 3.4627775820214186 vs. 3.4627775820214186
list:
dist: 3.196667871908581 vs. 3.196667871908581
list:
dist: 2.8300555311627402 vs. 2.8300555311627402
list:
dist: 2.699901422134219 vs. 2.699901422134219
list:
dist: 3.9003748531957085 vs. 3.9003748531957085
list:
dist: 3.7526627131880232 vs. 3.7526627131880232
list:
dist: 2.1636722644638917 vs. 2.1636722644638917
list:
dist: 0.3509880555019158 vs. 0.3509880555019158
list:
dist: 0.38064220034059126 vs. 0.38064220034059126
list:
dist: 1.624517331250341 vs. 1.624517331250341
list:
dist: 1.098253345181876 vs. 1.098253345181876
list:
dist: 2.0821023168302397 vs. 2.0821023168302397
list:
dist: 1.3289749453112536 vs. 1.3289749453112536
list:
dist: 1.9918821906990092 vs. 1.9918821906990092
list:
dist: 2.837307345187207 vs. 2.837307345187207
list:
dist: 3.2464055351333694 vs. 3.2464055351333694
list:
dist: 3.4634987751861313 vs. 3.4634987751861313
list:
dist: 2.6989835144442083 vs. 2.6989835144442083
list:
dist: 3.290120923851569 vs. 3.290120923851569
list:
dist: 2.729126106173428 vs. 2.729126106173428
list:
dist: 2.6512348290398142 vs. 2.6512348290398142
list:
dist: 3.46849516445459 vs. 3.46849516445459
list:
dist: 3.5106068429786927 vs. 3.5106068429786927
list:
dist: 1.825095497931989 vs. 1.825095497931989
list:
dist: 1.9484016043980332 vs. 1.9484016043980332
list:
dist: 0.9503024835974583 vs. 0.9503024835974583
list:
dist: 1.9936185304741079 vs. 1.9936185304741079
list:
dist: 1.9360826173881422 vs. 1.9360826173881422
list:
dist: 2.1636722644638917 vs. 2.1636722644638917
list:
dist: 1.5371254950923192 vs. 1.5371254950923192
list:
dist: 1.1544057771165916 vs. 1.1544057771165916
list:
dist: 3.3050911502392775 vs. 3.3050911502392775
list:
dist: 4.005715023261275 vs. 4.005715023261275
list:
dist: 3.992325711223948 vs. 3.992325711223948
list:
dist: 2.9791284830133646 vs. 2.9791284830133646
list:
dist: 2.7870379897068847 vs. 2.7870379897068847
list:
dist: 2.509437117079359 vs. 2.509437117079359
list:
dist: 2.5975663334804127 vs. 2.5975663334804127
list:
dist: 3.43337684402135 vs. 3.43337684402135
list:
dist: 3.185251893673233 vs. 3.185251893673233
list:
dist: 1.5371254950923192 vs. 1.5371254950923192
list:
dist: 1.0745031234303768 vs. 1.0745031234303768
list:
dist: 1.1839335962625637 vs. 1.1839335962625637
list:
dist: 1.5957162842750505 vs. 1.5957162842750505
list:
dist: 1.696268141134718 vs. 1.696268141134718
list:
dist: 2.1906055846849513 vs. 2.1906055846849513
list:
dist: 1.3289749453112536 vs. 1.3289749453112536
list:
dist: 2.063883187964568 vs. 2.063883187964568
list:
dist: 3.471586416787996 vs. 3.471586416787996
list:
dist: 3.1461098502747338 vs. 3.1461098502747338
list:
dist: 2.725962701110079 vs. 2.725962701110079
list:
dist: 3.0655526474200308 vs. 3.0655526474200308
list:
dist: 3.068829060426495 vs. 3.068829060426495
list:
dist: 2.516764970853457 vs. 2.516764970853457
list:
dist: 3.7133634268880265 vs. 3.7133634268880265
list:
dist: 2.5125983810989228 vs. 2.5125983810989228
list:
dist: 2.9979364729408537 vs. 2.9979364729408537
list:
dist: 2.356621047540237 vs. 2.356621047540237
list:
dist: 2.123512422575443 vs. 2.123512422575443
list:
dist: 3.2461750674271452 vs. 3.2461750674271452
list:
dist: 3.3469345682788916 vs. 3.3469345682788916
list:
dist: 0.9503024835974583 vs. 0.9503024835974583
list:
dist: 1.3643575070250613 vs. 1.3643575070250613
list:
dist: 1.3619304549344717 vs. 1.3619304549344717
list:
dist: 1.1563729453867195 vs. 1.1563729453867195
list:
dist: 1.20087935712467 vs. 1.20087935712467
list:
dist: 1.624517331250341 vs. 1.624517331250341
list:
dist: 1.5957162842750505 vs. 1.5957162842750505
list:
dist: 1.0555376689609168 vs. 1.0555376689609168
list:
dist: 2.3811112013140785 vs. 2.3811112013140785
list:
dist: 2.030211354250616 vs. 2.030211354250616
list:
dist: 1.9988913662686074 vs. 1.9988913662686074
list:
dist: 2.3360756789914645 vs. 2.3360756789914645
list:
dist: 2.0838723810970707 vs. 2.0838723810970707
list:
dist: 1.3168428566465316 vs. 1.3168428566465316
list:
dist: 2.5304024903210762 vs. 2.5304024903210762
list:
dist: 1.7156535265126243 vs. 1.7156535265126243
list:
dist: 2.1890115815967706 vs. 2.1890115815967706
list:
dist: 1.4595319333443753 vs. 1.4595319333443753
list:
dist: 1.044688612980287 vs. 1.044688612980287
list:
dist: 2.3407795882494393 vs. 2.3407795882494393
list:
dist: 2.5634258840178346 vs. 2.5634258840178346
list:
dist: 1.9360826173881422 vs. 1.9360826173881422
list:
dist: 1.9757631276538106 vs. 1.9757631276538106
list:
dist: 1.7285337558061848 vs. 1.7285337558061848
list:
dist: 1.20087935712467 vs. 1.20087935712467
list:
dist: 1.0394674241376345 vs. 1.0394674241376345
list:
dist: 2.0821023168302397 vs. 2.0821023168302397
list:
dist: 2.1906055846849513 vs. 2.1906055846849513
list:
dist: 2.2049513245868186 vs. 2.2049513245868186
list:
dist: 2.943527068302983 vs. 2.943527068302983
list:
dist: 2.189163636978684 vs. 2.189163636978684
list:
dist: 1.9289985274217558 vs. 1.9289985274217558
list:
dist: 2.5625171569154124 vs. 2.5625171569154124
list:
dist: 2.012454956110383 vs. 2.012454956110383
list:
dist: 5.681917110612835 vs. 5.681917110612835
list:
dist: 0.7879454502607784 vs. 0.7879454502607784
list:
dist: 1.9825835408977408 vs. 1.9825835408977408
list:
dist: 0.6687624551187765 vs. 0.6687624551187765
list:
dist: 1.51071813283192 vs. 1.51071813283192
list:
dist: 1.133457153431294 vs. 1.133457153431294
list:
dist: 2.0546792191930154 vs. 2.0546792191930154
list:
dist: 1.464654139204462 vs. 1.464654139204462
list:
dist: 1.5367685841927785 vs. 1.5367685841927785
list:
dist: 1.161294881927924 vs. 1.161294881927924
list:
dist: 1.6735286379395284 vs. 1.6735286379395284
list:
dist: 0.9694026617735992 vs. 0.9694026617735992
list:
dist: 2.288368359803872 vs. 2.288368359803872
list:
dist: 0.2771719688694555 vs. 0.2771719688694555
list:
dist: 0.9636802400021149 vs. 0.9636802400021149
list:
dist: 2.0753058865904386 vs. 2.0753058865904386
list:
dist: 1.5350214191575324 vs. 1.5350214191575324
list:
dist: 3.0093805991454436 vs. 3.0093805991454436
list:
dist: 1.0014621435051358 vs. 1.0014621435051358
list:
dist: 1.995349233269428 vs. 1.995349233269428
list:
dist: 1.397181819802485 vs. 1.397181819802485
list:
dist: 1.6337730594573352 vs. 1.6337730594573352
list:
dist: 0.8551041271301709 vs. 0.8551041271301709
list:
dist: 2.9811807571144686 vs. 2.9811807571144686
list:
dist: 2.919022271219199 vs. 2.919022271219199
list:
dist: 1.5106565795341071 vs. 1.5106565795341071
list:
dist: 0.48057772382072506 vs. 0.48057772382072506
list:
dist: 1.930755339489471 vs. 1.930755339489471
list:
dist: 0.4199292950122496 vs. 0.4199292950122496
list:
dist: 2.2610792009063525 vs. 2.2610792009063525
list:
dist: 2.2722413151765193 vs. 2.2722413151765193
list:
dist: 1.6180114583006053 vs. 1.6180114583006053
list:
dist: 2.2724586500197406 vs. 2.2724586500197406
list:
dist: 2.162729123385621 vs. 2.162729123385621
list:
dist: 2.318535438988325 vs. 2.318535438988325
list:
dist: 1.5540537018694853 vs. 1.5540537018694853
list:
dist: 1.6426144329491492 vs. 1.6426144329491492
list:
dist: 1.0639250944209875 vs. 1.0639250944209875
list:
dist: 1.9407680077916085 vs. 1.9407680077916085
list:
dist: 2.1296463718222247 vs. 2.1296463718222247
list:
dist: 3.069346891742317 vs. 3.069346891742317
list:
dist: 1.9681542188515704 vs. 1.9681542188515704
list:
dist: 1.9289985274217558 vs. 1.9289985274217558
list:
dist: 2.4228630136507325 vs. 2.4228630136507325
list:
dist: 2.293320470554741 vs. 2.293320470554741
list:
dist: 2.849842779041906 vs. 2.849842779041906
list:
dist: 1.996702876620594 vs. 1.996702876620594
list:
dist: 1.5540537018694853 vs. 1.5540537018694853
list:
dist: 1.472025429998007 vs. 1.472025429998007
list:
dist: 1.4343090048367515 vs. 1.4343090048367515
list:
dist: 4.264441450457406 vs. 4.264441450457406
list:
dist: 1.9772478544099905 vs. 1.9772478544099905
list:
dist: 1.4078375030836872 vs. 1.4078375030836872
list:
dist: 1.663856415102762 vs. 1.663856415102762
list:
dist: 2.58120576922666 vs. 2.58120576922666
list:
dist: 2.102901734609849 vs. 2.102901734609849
list:
dist: 2.7599150560929067 vs. 2.7599150560929067
list:
dist: 0.44695925596074004 vs. 0.44695925596074004
list:
dist: 1.218680210702151 vs. 1.218680210702151
list:
dist: 0.831132110219457 vs. 0.831132110219457
list:
dist: 1.2363113069671134 vs. 1.2363113069671134
list:
dist: 1.5522908822556734 vs. 1.5522908822556734
list:
dist: 1.553930500752853 vs. 1.553930500752853
list:
dist: 1.464654139204462 vs. 1.464654139204462
list:
dist: 1.2729809302743602 vs. 1.2729809302743602
list:
dist: 1.3875132907803376 vs. 1.3875132907803376
list:
dist: 1.5008351440050276 vs. 1.5008351440050276
list:
dist: 1.6001214744819279 vs. 1.6001214744819279
list:
dist: 1.979326403312954 vs. 1.979326403312954
list:
dist: 2.513919036665714 vs. 2.513919036665714
list:
dist: 1.5587419462180565 vs. 1.5587419462180565
list:
dist: 1.8656353321892518 vs. 1.8656353321892518
list:
dist: 1.4722111971348935 vs. 1.4722111971348935
list:
dist: 2.6781728642660716 vs. 2.6781728642660716
list:
dist: 3.505647886775683 vs. 3.505647886775683
list:
dist: 3.1424988610963656 vs. 3.1424988610963656
list:
dist: 2.375788303136983 vs. 2.375788303136983
list:
dist: 2.2724586500197406 vs. 2.2724586500197406
list:
dist: 3.7194701799201826 vs. 3.7194701799201826
list:
dist: 2.5899323351035264 vs. 2.5899323351035264
list:
dist: 1.8860955659052017 vs. 1.8860955659052017
list:
dist: 3.3911478837287095 vs. 3.3911478837287095
list:
dist: 1.550719545562358 vs. 1.550719545562358
list:
dist: 0.6527919317259585 vs. 0.6527919317259585
list:
dist: 0.7993844399674829 vs. 0.7993844399674829
list:
dist: 2.58120576922666 vs. 2.58120576922666
list:
dist: 2.793729177344473 vs. 2.793729177344473
list:
dist: 2.1063083359054633 vs. 2.1063083359054633
list:
dist: 3.0403935981307653 vs. 3.0403935981307653
list:
dist: 1.8051296993402564 vs. 1.8051296993402564
list:
dist: 3.422349182804667 vs. 3.422349182804667
list:
dist: 1.6546045856250005 vs. 1.6546045856250005
list:
dist: 1.51071813283192 vs. 1.51071813283192
list:
dist: 2.1907813155401388 vs. 2.1907813155401388
list:
dist: 1.962446014630736 vs. 1.962446014630736
list:
dist: 1.6109183011244845 vs. 1.6109183011244845
list:
dist: 3.0494837060815603 vs. 3.0494837060815603
list:
dist: 2.6857734608837873 vs. 2.6857734608837873
list:
dist: 2.6179881913976466 vs. 2.6179881913976466
list:
dist: 2.265999967194392 vs. 2.265999967194392
list:
dist: 1.7364429041120728 vs. 1.7364429041120728
list:
dist: 2.457495782362665 vs. 2.457495782362665
list:
dist: 2.919022271219199 vs. 2.919022271219199
list:
dist: 3.5869266822225803 vs. 3.5869266822225803
list:
dist: 3.1839681186529623 vs. 3.1839681186529623
list:
dist: 3.505647886775683 vs. 3.505647886775683
list:
dist: 3.9196436275223494 vs. 3.9196436275223494
list:
dist: 3.733327735821054 vs. 3.733327735821054
list:
dist: 4.846845767541319 vs. 4.846845767541319
list:
dist: 5.383647548252198 vs. 5.383647548252198
list:
dist: 4.255987838934367 vs. 4.255987838934367
list:
dist: 5.041797414871451 vs. 5.041797414871451
list:
dist: 4.02321690927308 vs. 4.02321690927308
list:
dist: 4.984037106472133 vs. 4.984037106472133
list:
dist: 5.185003126560054 vs. 5.185003126560054
list:
dist: 3.297048898610745 vs. 3.297048898610745
list:
dist: 1.48153145930685 vs. 1.48153145930685
list:
dist: 0.6862711397864318 vs. 0.6862711397864318
list:
dist: 0.4199292950122496 vs. 0.4199292950122496
list:
dist: 1.5354028893690397 vs. 1.5354028893690397
list:
dist: 4.670226770270247 vs. 4.670226770270247
list:
dist: 2.2795579859972603 vs. 2.2795579859972603
list:
dist: 1.9687018914115482 vs. 1.9687018914115482
list:
dist: 1.6973865935603023 vs. 1.6973865935603023
list:
dist: 2.5899323351035264 vs. 2.5899323351035264
list:
dist: 2.4327593539101016 vs. 2.4327593539101016
list:
dist: 2.695606960341389 vs. 2.695606960341389
list:
dist: 1.4343090048367515 vs. 1.4343090048367515
list:
dist: 1.4292364812475171 vs. 1.4292364812475171
list:
dist: 0.992095038590387 vs. 0.992095038590387
list:
dist: 1.6850631388301565 vs. 1.6850631388301565
list:
dist: 2.2326896852543676 vs. 2.2326896852543676
list:
dist: 2.9791214964417176 vs. 2.9791214964417176
list:
dist: 2.0167151412570252 vs. 2.0167151412570252
list:
dist: 2.012454956110383 vs. 2.012454956110383
list:
dist: 2.4358427204779582 vs. 2.4358427204779582
list:
dist: 2.602438264812609 vs. 2.602438264812609
list:
dist: 2.4445229118794907 vs. 2.4445229118794907
list:
dist: 2.4875905985316087 vs. 2.4875905985316087
list:
dist: 2.457495782362665 vs. 2.457495782362665
list:
dist: 1.0764499730855608 vs. 1.0764499730855608
list:
dist: 0.48057772382072506 vs. 0.48057772382072506
list:
dist: 2.183532661178803 vs. 2.183532661178803
list:
dist: 0.6862711397864318 vs. 0.6862711397864318
list:
dist: 2.3980958621334887 vs. 2.3980958621334887
list:
dist: 2.5298715301323482 vs. 2.5298715301323482
list:
dist: 1.7542223983039427 vs. 1.7542223983039427
list:
dist: 2.375788303136983 vs. 2.375788303136983
list:
dist: 2.3916848120984757 vs. 2.3916848120984757
list:
dist: 2.443731963347944 vs. 2.443731963347944
list:
dist: 1.996702876620594 vs. 1.996702876620594
list:
dist: 2.0305978657636388 vs. 2.0305978657636388
list:
dist: 1.2689727928395653 vs. 1.2689727928395653
list:
dist: 2.281835376624301 vs. 2.281835376624301
list:
dist: 2.5225655433391836 vs. 2.5225655433391836
list:
dist: 3.5270372121507836 vs. 3.5270372121507836
list:
dist: 2.1907598189985045 vs. 2.1907598189985045
list:
dist: 2.189163636978684 vs. 2.189163636978684
list:
dist: 2.8015813684486837 vs. 2.8015813684486837
list:
dist: 2.710675808914346 vs. 2.710675808914346
list:
dist: 1.7364429041120728 vs. 1.7364429041120728
list:
dist: 1.0764499730855608 vs. 1.0764499730855608
list:
dist: 1.5106565795341071 vs. 1.5106565795341071
list:
dist: 2.547344917408455 vs. 2.547344917408455
list:
dist: 1.48153145930685 vs. 1.48153145930685
list:
dist: 2.887684826233219 vs. 2.887684826233219
list:
dist: 2.923783682988048 vs. 2.923783682988048
list:
dist: 2.361954076550807 vs. 2.361954076550807
list:
dist: 3.1424988610963656 vs. 3.1424988610963656
list:
dist: 3.2790252596835883 vs. 3.2790252596835883
list:
dist: 3.3108880435588435 vs. 3.3108880435588435
list:
dist: 2.849842779041906 vs. 2.849842779041906
list:
dist: 2.7464742263644313 vs. 2.7464742263644313
list:
dist: 1.9160149693691073 vs. 1.9160149693691073
list:
dist: 2.8776276167312598 vs. 2.8776276167312598
list:
dist: 3.469376091631524 vs. 3.469376091631524
list:
dist: 4.399068489886427 vs. 4.399068489886427
list:
dist: 2.859018651511273 vs. 2.859018651511273
list:
dist: 2.943527068302983 vs. 2.943527068302983
list:
dist: 3.6466065428754253 vs. 3.6466065428754253
list:
dist: 2.7464742263644313 vs. 2.7464742263644313
list:
dist: 2.0305978657636388 vs. 2.0305978657636388
list:
dist: 1.6426144329491492 vs. 1.6426144329491492
list:
dist: 1.1516318688743983 vs. 1.1516318688743983
list:
dist: 1.4292364812475171 vs. 1.4292364812475171
list:
dist: 4.408140078790375 vs. 4.408140078790375
list:
dist: 1.8771690534150194 vs. 1.8771690534150194
list:
dist: 0.9675435291999259 vs. 0.9675435291999259
list:
dist: 1.6384193256866644 vs. 1.6384193256866644
list:
dist: 2.793729177344473 vs. 2.793729177344473
list:
dist: 2.3599100719301833 vs. 2.3599100719301833
list:
dist: 3.059125333451914 vs. 3.059125333451914
list:
dist: 0.44695925596074004 vs. 0.44695925596074004
list:
dist: 1.115521744622371 vs. 1.115521744622371
list:
dist: 0.40470702509102346 vs. 0.40470702509102346
list:
dist: 1.5374795217133226 vs. 1.5374795217133226
list:
dist: 1.7174978048265561 vs. 1.7174978048265561
list:
dist: 1.5472917102641377 vs. 1.5472917102641377
list:
dist: 1.5367685841927785 vs. 1.5367685841927785
list:
dist: 1.4238443377964127 vs. 1.4238443377964127
list:
dist: 1.1825940270804582 vs. 1.1825940270804582
list:
dist: 1.8956304083845288 vs. 1.8956304083845288
list:
dist: 1.7635718012456594 vs. 1.7635718012456594
list:
dist: 2.1782165836860052 vs. 2.1782165836860052
list:
dist: 2.5628712872827295 vs. 2.5628712872827295
list:
dist: 1.6169355901846008 vs. 1.6169355901846008
list:
dist: 2.047664050470832 vs. 2.047664050470832
list:
dist: 1.4723972811632853 vs. 1.4723972811632853
list:
dist: 2.8402030931821964 vs. 2.8402030931821964
list:
dist: 2.710675808914346 vs. 2.710675808914346
list:
dist: 2.293320470554741 vs. 2.293320470554741
list:
dist: 2.968479658076511 vs. 2.968479658076511
list:
dist: 2.4445229118794907 vs. 2.4445229118794907
list:
dist: 4.782074378427295 vs. 4.782074378427295
list:
dist: 4.598666925609734 vs. 4.598666925609734
list:
dist: 2.0515906454282495 vs. 2.0515906454282495
list:
dist: 1.962446014630736 vs. 1.962446014630736
list:
dist: 1.3337598339910675 vs. 1.3337598339910675
list:
dist: 1.9437839021825614 vs. 1.9437839021825614
list:
dist: 1.5008351440050276 vs. 1.5008351440050276
list:
dist: 1.8956304083845288 vs. 1.8956304083845288
list:
dist: 2.1351334908150648 vs. 2.1351334908150648
list:
dist: 2.202670549209744 vs. 2.202670549209744
list:
dist: 0.615867349718817 vs. 0.615867349718817
list:
dist: 1.6811231346619924 vs. 1.6811231346619924
list:
dist: 1.8005164922240888 vs. 1.8005164922240888
list:
dist: 1.5350214191575324 vs. 1.5350214191575324
list:
dist: 1.153530552824281 vs. 1.153530552824281
list:
dist: 2.3348588805038264 vs. 2.3348588805038264
list:
dist: 2.3447201924123533 vs. 2.3447201924123533
list:
dist: 1.220884588624881 vs. 1.220884588624881
list:
dist: 2.181078545324666 vs. 2.181078545324666
list:
dist: 1.576862479782257 vs. 1.576862479782257
list:
dist: 1.3168694489069104 vs. 1.3168694489069104
list:
dist: 1.641202595714611 vs. 1.641202595714611
list:
dist: 2.282679685036558 vs. 2.282679685036558
list:
dist: 3.469376091631524 vs. 3.469376091631524
list:
dist: 2.5225655433391836 vs. 2.5225655433391836
list:
dist: 2.1296463718222247 vs. 2.1296463718222247
list:
dist: 2.6739812677937604 vs. 2.6739812677937604
list:
dist: 2.2326896852543676 vs. 2.2326896852543676
list:
dist: 5.04575663584028 vs. 5.04575663584028
list:
dist: 1.7312963341290053 vs. 1.7312963341290053
list:
dist: 2.2772482968044776 vs. 2.2772482968044776
list:
dist: 1.5471519518629768 vs. 1.5471519518629768
list:
dist: 1.8051296993402564 vs. 1.8051296993402564
list:
dist: 1.178115695188194 vs. 1.178115695188194
list:
dist: 2.029080740091196 vs. 2.029080740091196
list:
dist: 1.2363113069671134 vs. 1.2363113069671134
list:
dist: 1.5374795217133226 vs. 1.5374795217133226
list:
dist: 1.7065095587134698 vs. 1.7065095587134698
list:
dist: 1.7870266634658498 vs. 1.7870266634658498
list:
dist: 1.6173368294973116 vs. 1.6173368294973116
list:
dist: 1.2217296645603883 vs. 1.2217296645603883
list:
dist: 0.9694026617735992 vs. 0.9694026617735992
list:
dist: 0.6168341257864443 vs. 0.6168341257864443
list:
dist: 1.95393594773574 vs. 1.95393594773574
list:
dist: 0.615867349718817 vs. 0.615867349718817
list:
dist: 2.435816334672293 vs. 2.435816334672293
list:
dist: 0.8410768411598376 vs. 0.8410768411598376
list:
dist: 1.8180025492917116 vs. 1.8180025492917116
list:
dist: 1.1308843993130555 vs. 1.1308843993130555
list:
dist: 1.066745161457882 vs. 1.066745161457882
list:
dist: 1.0502008514098533 vs. 1.0502008514098533
list:
dist: 2.289492840371663 vs. 2.289492840371663
list:
dist: 1.9527787109549264 vs. 1.9527787109549264
list:
dist: 2.4875905985316087 vs. 2.4875905985316087
list:
dist: 2.7296184267634187 vs. 2.7296184267634187
list:
dist: 2.952619047180131 vs. 2.952619047180131
list:
dist: 1.6001214744819279 vs. 1.6001214744819279
list:
dist: 1.7635718012456594 vs. 1.7635718012456594
list:
dist: 2.7302558188809223 vs. 2.7302558188809223
list:
dist: 1.9511678910035772 vs. 1.9511678910035772
list:
dist: 2.435816334672293 vs. 2.435816334672293
list:
dist: 1.6377219086748904 vs. 1.6377219086748904
list:
dist: 3.1265819075842476 vs. 3.1265819075842476
list:
dist: 3.0093805991454436 vs. 3.0093805991454436
list:
dist: 2.4881518222894536 vs. 2.4881518222894536
list:
dist: 1.9860282394465933 vs. 1.9860282394465933
list:
dist: 2.7773284155113305 vs. 2.7773284155113305
list:
dist: 2.3447201924123533 vs. 2.3447201924123533
list:
dist: 3.417408848351888 vs. 3.417408848351888
list:
dist: 2.5637618623865714 vs. 2.5637618623865714
list:
dist: 2.704671009715463 vs. 2.704671009715463
list:
dist: 2.8069052328830133 vs. 2.8069052328830133
list:
dist: 2.7067021010441192 vs. 2.7067021010441192
list:
dist: 3.6466065428754253 vs. 3.6466065428754253
list:
dist: 2.8015813684486837 vs. 2.8015813684486837
list:
dist: 2.4228630136507325 vs. 2.4228630136507325
list:
dist: 2.5629811499149224 vs. 2.5629811499149224
list:
dist: 2.4358427204779582 vs. 2.4358427204779582
list:
dist: 5.182719081765301 vs. 5.182719081765301
list:
dist: 1.5414422003808854 vs. 1.5414422003808854
list:
dist: 1.9479426954360148 vs. 1.9479426954360148
list:
dist: 1.5806978143676174 vs. 1.5806978143676174
list:
dist: 2.1907813155401388 vs. 2.1907813155401388
list:
dist: 1.6081619503470135 vs. 1.6081619503470135
list:
dist: 2.556402059133627 vs. 2.556402059133627
list:
dist: 1.2729809302743602 vs. 1.2729809302743602
list:
dist: 1.4238443377964127 vs. 1.4238443377964127
list:
dist: 1.754246330712377 vs. 1.754246330712377
list:
dist: 1.5401398324768043 vs. 1.5401398324768043
list:
dist: 0.6168341257864443 vs. 0.6168341257864443
list:
dist: 1.394789526666497 vs. 1.394789526666497
list:
dist: 1.1197034277539617 vs. 1.1197034277539617
list:
dist: 0.9636802400021149 vs. 0.9636802400021149
list:
dist: 1.5066887640121946 vs. 1.5066887640121946
list:
dist: 1.153530552824281 vs. 1.153530552824281
list:
dist: 2.4881518222894536 vs. 2.4881518222894536
list:
dist: 0.8942714591536287 vs. 0.8942714591536287
list:
dist: 1.3356049375984982 vs. 1.3356049375984982
list:
dist: 0.544217191747306 vs. 0.544217191747306
list:
dist: 0.75210442917268 vs. 0.75210442917268
list:
dist: 0.5237290394577647 vs. 0.5237290394577647
list:
dist: 2.022746229295142 vs. 2.022746229295142
list:
dist: 2.923783682988048 vs. 2.923783682988048
list:
dist: 2.5298715301323482 vs. 2.5298715301323482
list:
dist: 2.2722413151765193 vs. 2.2722413151765193
list:
dist: 1.1011822426495677 vs. 1.1011822426495677
list:
dist: 1.9687018914115482 vs. 1.9687018914115482
list:
dist: 1.9447630931113655 vs. 1.9447630931113655
list:
dist: 1.9532635404788872 vs. 1.9532635404788872
list:
dist: 3.3911478837287095 vs. 3.3911478837287095
list:
dist: 3.027484741408127 vs. 3.027484741408127
list:
dist: 3.8048654583269514 vs. 3.8048654583269514
list:
dist: 1.4078375030836872 vs. 1.4078375030836872
list:
dist: 0.9675435291999259 vs. 0.9675435291999259
list:
dist: 1.499362757950329 vs. 1.499362757950329
list:
dist: 0.5838969204358957 vs. 0.5838969204358957
list:
dist: 2.2772482968044776 vs. 2.2772482968044776
list:
dist: 2.2254727804864927 vs. 2.2254727804864927
list:
dist: 1.8613255731625427 vs. 1.8613255731625427
list:
dist: 1.9825835408977408 vs. 1.9825835408977408
list:
dist: 1.9479426954360148 vs. 1.9479426954360148
list:
dist: 1.116286311740732 vs. 1.116286311740732
list:
dist: 2.7043088746181367 vs. 2.7043088746181367
list:
dist: 2.7329109650760417 vs. 2.7329109650760417
list:
dist: 1.936234124515854 vs. 1.936234124515854
list:
dist: 2.5213965405206147 vs. 2.5213965405206147
list:
dist: 1.7420867142309904 vs. 1.7420867142309904
list:
dist: 1.7904562921751195 vs. 1.7904562921751195
list:
dist: 1.936234124515854 vs. 1.936234124515854
list:
dist: 1.9785549575056673 vs. 1.9785549575056673
list:
dist: 2.6857734608837873 vs. 2.6857734608837873
list:
dist: 2.1137537372143784 vs. 2.1137537372143784
list:
dist: 3.0805255270487217 vs. 3.0805255270487217
list:
dist: 1.5587419462180565 vs. 1.5587419462180565
list:
dist: 1.6169355901846008 vs. 1.6169355901846008
list:
dist: 2.1235790955145473 vs. 2.1235790955145473
list:
dist: 1.6175452456031765 vs. 1.6175452456031765
list:
dist: 1.1308843993130555 vs. 1.1308843993130555
list:
dist: 1.219258157546977 vs. 1.219258157546977
list:
dist: 1.4815478155026096 vs. 1.4815478155026096
list:
dist: 1.397181819802485 vs. 1.397181819802485
list:
dist: 0.544217191747306 vs. 0.544217191747306
list:
dist: 1.261006932181851 vs. 1.261006932181851
list:
dist: 1.576862479782257 vs. 1.576862479782257
list:
dist: 2.5637618623865714 vs. 2.5637618623865714
list:
dist: 1.240799168107199 vs. 1.240799168107199
list:
dist: 0.9609955819811378 vs. 0.9609955819811378
list:
dist: 0.6289917337118189 vs. 0.6289917337118189
list:
dist: 0.6263653718641586 vs. 0.6263653718641586
list:
dist: 1.6891353096404087 vs. 1.6891353096404087
list:
dist: 1.1647720136052249 vs. 1.1647720136052249
list:
dist: 1.7420867142309904 vs. 1.7420867142309904
list:
dist: 1.395922963159461 vs. 1.395922963159461
list:
dist: 2.265999967194392 vs. 2.265999967194392
list:
dist: 1.777215422226241 vs. 1.777215422226241
list:
dist: 2.7662823549003757 vs. 2.7662823549003757
list:
dist: 1.4722111971348935 vs. 1.4722111971348935
list:
dist: 1.4723972811632853 vs. 1.4723972811632853
list:
dist: 1.6581315651258037 vs. 1.6581315651258037
list:
dist: 1.4738667113129447 vs. 1.4738667113129447
list:
dist: 1.0502008514098533 vs. 1.0502008514098533
list:
dist: 1.7312131233836703 vs. 1.7312131233836703
list:
dist: 0.8822041130613271 vs. 0.8822041130613271
list:
dist: 0.8551041271301709 vs. 0.8551041271301709
list:
dist: 0.5237290394577647 vs. 0.5237290394577647
list:
dist: 1.4633384977387356 vs. 1.4633384977387356
list:
dist: 1.641202595714611 vs. 1.641202595714611
list:
dist: 2.8069052328830133 vs. 2.8069052328830133
list:
dist: 1.0522099373119116 vs. 1.0522099373119116
list:
dist: 1.277472271642628 vs. 1.277472271642628
list:
dist: 0.6263653718641586 vs. 0.6263653718641586
list:
dist: 1.0711720175688277 vs. 1.0711720175688277
list:
dist: 2.3094652326186655 vs. 2.3094652326186655
list:
dist: 3.733327735821054 vs. 3.733327735821054
list:
dist: 3.3108880435588435 vs. 3.3108880435588435
list:
dist: 2.443731963347944 vs. 2.443731963347944
list:
dist: 2.318535438988325 vs. 2.318535438988325
list:
dist: 3.9451879592756476 vs. 3.9451879592756476
list:
dist: 2.695606960341389 vs. 2.695606960341389
list:
dist: 2.574294241027665 vs. 2.574294241027665
list:
dist: 3.8048654583269514 vs. 3.8048654583269514
list:
dist: 2.128798863292642 vs. 2.128798863292642
list:
dist: 0.7993844399674829 vs. 0.7993844399674829
list:
dist: 1.0151544656963747 vs. 1.0151544656963747
list:
dist: 2.7599150560929067 vs. 2.7599150560929067
list:
dist: 3.059125333451914 vs. 3.059125333451914
list:
dist: 2.483983996369092 vs. 2.483983996369092
list:
dist: 3.3755963615062283 vs. 3.3755963615062283
list:
dist: 2.029080740091196 vs. 2.029080740091196
list:
dist: 3.575895231433937 vs. 3.575895231433937
list:
dist: 2.248969584025918 vs. 2.248969584025918
list:
dist: 2.0546792191930154 vs. 2.0546792191930154
list:
dist: 2.556402059133627 vs. 2.556402059133627
list:
dist: 1.9437839021825614 vs. 1.9437839021825614
list:
dist: 2.0400828944877274 vs. 2.0400828944877274
list:
dist: 3.507342179636057 vs. 3.507342179636057
list:
dist: 3.0805255270487217 vs. 3.0805255270487217
list:
dist: 2.9179367120203348 vs. 2.9179367120203348
list:
dist: 2.7662823549003757 vs. 2.7662823549003757
list:
dist: 3.9196436275223494 vs. 3.9196436275223494
list:
dist: 3.2790252596835883 vs. 3.2790252596835883
list:
dist: 2.3916848120984757 vs. 2.3916848120984757
list:
dist: 2.162729123385621 vs. 2.162729123385621
list:
dist: 3.384382308690775 vs. 3.384382308690775
list:
dist: 2.4327593539101016 vs. 2.4327593539101016
list:
dist: 1.7301936471609345 vs. 1.7301936471609345
list:
dist: 3.027484741408127 vs. 3.027484741408127
list:
dist: 1.4266365370524914 vs. 1.4266365370524914
list:
dist: 0.6527919317259585 vs. 0.6527919317259585
list:
dist: 1.0151544656963747 vs. 1.0151544656963747
list:
dist: 2.102901734609849 vs. 2.102901734609849
list:
dist: 2.3599100719301833 vs. 2.3599100719301833
list:
dist: 1.9111277903584527 vs. 1.9111277903584527
list:
dist: 2.6194122743640738 vs. 2.6194122743640738
list:
dist: 1.178115695188194 vs. 1.178115695188194
list:
dist: 2.7914741110006682 vs. 2.7914741110006682
list:
dist: 1.3575387162246242 vs. 1.3575387162246242
list:
dist: 1.133457153431294 vs. 1.133457153431294
list:
dist: 1.6081619503470135 vs. 1.6081619503470135
list:
dist: 1.3337598339910675 vs. 1.3337598339910675
list:
dist: 1.0604035953969266 vs. 1.0604035953969266
list:
dist: 2.52568427725225 vs. 2.52568427725225
list:
dist: 2.1137537372143784 vs. 2.1137537372143784
list:
dist: 2.0010710420191495 vs. 2.0010710420191495
list:
dist: 1.777215422226241 vs. 1.777215422226241
list:
dist: 3.1839681186529623 vs. 3.1839681186529623
list:
dist: 2.361954076550807 vs. 2.361954076550807
list:
dist: 1.7542223983039427 vs. 1.7542223983039427
list:
dist: 1.6180114583006053 vs. 1.6180114583006053
list:
dist: 2.4369205693698976 vs. 2.4369205693698976
list:
dist: 1.6973865935603023 vs. 1.6973865935603023
list:
dist: 0.6796247985243951 vs. 0.6796247985243951
list:
dist: 1.9532635404788872 vs. 1.9532635404788872
list:
dist: 1.550719545562358 vs. 1.550719545562358
list:
dist: 1.4266365370524914 vs. 1.4266365370524914
list:
dist: 2.128798863292642 vs. 2.128798863292642
list:
dist: 1.663856415102762 vs. 1.663856415102762
list:
dist: 1.6384193256866644 vs. 1.6384193256866644
list:
dist: 0.7940545632557651 vs. 0.7940545632557651
list:
dist: 1.752481548126185 vs. 1.752481548126185
list:
dist: 1.5471519518629768 vs. 1.5471519518629768
list:
dist: 2.8025021833594583 vs. 2.8025021833594583
list:
dist: 0.5376979544292738 vs. 0.5376979544292738
list:
dist: 0.6687624551187765 vs. 0.6687624551187765
list:
dist: 1.5806978143676174 vs. 1.5806978143676174
list:
dist: 2.0515906454282495 vs. 2.0515906454282495
list:
dist: 1.6328025629429843 vs. 1.6328025629429843
list:
dist: 2.595324140233769 vs. 2.595324140233769
list:
dist: 1.9785549575056673 vs. 1.9785549575056673
list:
dist: 2.2875603601488255 vs. 2.2875603601488255
list:
dist: 1.395922963159461 vs. 1.395922963159461
list:
dist: 1.9160149693691073 vs. 1.9160149693691073
list:
dist: 1.2689727928395653 vs. 1.2689727928395653
list:
dist: 1.0639250944209875 vs. 1.0639250944209875
list:
dist: 1.7062647470903487 vs. 1.7062647470903487
list:
dist: 0.992095038590387 vs. 0.992095038590387
list:
dist: 5.250569062479296 vs. 5.250569062479296
list:
dist: 1.2968577163945842 vs. 1.2968577163945842
list:
dist: 1.499362757950329 vs. 1.499362757950329
list:
dist: 0.7940545632557651 vs. 0.7940545632557651
list:
dist: 2.1063083359054633 vs. 2.1063083359054633
list:
dist: 1.9111277903584527 vs. 1.9111277903584527
list:
dist: 2.483983996369092 vs. 2.483983996369092
list:
dist: 1.218680210702151 vs. 1.218680210702151
list:
dist: 1.115521744622371 vs. 1.115521744622371
list:
dist: 1.2689112223139405 vs. 1.2689112223139405
list:
dist: 1.7065095587134698 vs. 1.7065095587134698
list:
dist: 2.6446222988405674 vs. 2.6446222988405674
list:
dist: 1.0873388613450803 vs. 1.0873388613450803
list:
dist: 1.161294881927924 vs. 1.161294881927924
list:
dist: 1.754246330712377 vs. 1.754246330712377
list:
dist: 2.120254552516273 vs. 2.120254552516273
list:
dist: 2.1351334908150648 vs. 2.1351334908150648
list:
dist: 2.7302558188809223 vs. 2.7302558188809223
list:
dist: 2.1170976551038523 vs. 2.1170976551038523
list:
dist: 2.9342674899870556 vs. 2.9342674899870556
list:
dist: 2.1235790955145473 vs. 2.1235790955145473
list:
dist: 2.505061292309654 vs. 2.505061292309654
list:
dist: 1.6581315651258037 vs. 1.6581315651258037
list:
dist: 3.641003359301257 vs. 3.641003359301257
list:
dist: 1.5694414458250896 vs. 1.5694414458250896
list:
dist: 2.7043088746181367 vs. 2.7043088746181367
list:
dist: 1.6328025629429843 vs. 1.6328025629429843
list:
dist: 1.6109183011244845 vs. 1.6109183011244845
list:
dist: 1.0604035953969266 vs. 1.0604035953969266
list:
dist: 2.0400828944877274 vs. 2.0400828944877274
list:
dist: 1.979326403312954 vs. 1.979326403312954
list:
dist: 2.1782165836860052 vs. 2.1782165836860052
list:
dist: 2.1170976551038523 vs. 2.1170976551038523
list:
dist: 2.3317487238968564 vs. 2.3317487238968564
list:
dist: 0.8410768411598376 vs. 0.8410768411598376
list:
dist: 2.137258852867326 vs. 2.137258852867326
list:
dist: 1.2099307409529223 vs. 1.2099307409529223
list:
dist: 1.0014621435051358 vs. 1.0014621435051358
list:
dist: 0.8942714591536287 vs. 0.8942714591536287
list:
dist: 1.220884588624881 vs. 1.220884588624881
list:
dist: 1.4704248902196722 vs. 1.4704248902196722
list:
dist: 1.240799168107199 vs. 1.240799168107199
list:
dist: 1.065702814691111 vs. 1.065702814691111
list:
dist: 1.0522099373119116 vs. 1.0522099373119116
list:
dist: 2.859018651511273 vs. 2.859018651511273
list:
dist: 2.1907598189985045 vs. 2.1907598189985045
list:
dist: 1.9681542188515704 vs. 1.9681542188515704
list:
dist: 2.506430711569848 vs. 2.506430711569848
list:
dist: 2.0167151412570252 vs. 2.0167151412570252
list:
dist: 5.810107135292083 vs. 5.810107135292083
list:
dist: 0.527124744387091 vs. 0.527124744387091
list:
dist: 1.8613255731625427 vs. 1.8613255731625427
list:
dist: 0.5376979544292738 vs. 0.5376979544292738
list:
dist: 1.6546045856250005 vs. 1.6546045856250005
list:
dist: 1.3575387162246242 vs. 1.3575387162246242
list:
dist: 2.248969584025918 vs. 2.248969584025918
list:
dist: 1.553930500752853 vs. 1.553930500752853
list:
dist: 1.5472917102641377 vs. 1.5472917102641377
list:
dist: 1.0873388613450803 vs. 1.0873388613450803
list:
dist: 1.627933133281661 vs. 1.627933133281661
list:
dist: 1.2217296645603883 vs. 1.2217296645603883
list:
dist: 2.4216881395689924 vs. 2.4216881395689924
list:
dist: 0.2771719688694555 vs. 0.2771719688694555
list:
dist: 1.1197034277539617 vs. 1.1197034277539617
list:
dist: 2.0611982045397212 vs. 2.0611982045397212
list:
dist: 1.8005164922240888 vs. 1.8005164922240888
list:
dist: 3.1265819075842476 vs. 3.1265819075842476
list:
dist: 1.2099307409529223 vs. 1.2099307409529223
list:
dist: 2.057695489775722 vs. 2.057695489775722
list:
dist: 1.4815478155026096 vs. 1.4815478155026096
list:
dist: 1.796139138967029 vs. 1.796139138967029
list:
dist: 0.8822041130613271 vs. 0.8822041130613271
list:
dist: 3.1245570884377685 vs. 3.1245570884377685
list:
dist: 4.320011468903131 vs. 4.320011468903131
list:
dist: 5.039535524010244 vs. 5.039535524010244
list:
dist: 3.904737337673026 vs. 3.904737337673026
list:
dist: 4.877017106634803 vs. 4.877017106634803
list:
dist: 3.4469456792954642 vs. 3.4469456792954642
list:
dist: 4.798676976127402 vs. 4.798676976127402
list:
dist: 4.920409223849017 vs. 4.920409223849017
list:
dist: 3.046666892660558 vs. 3.046666892660558
list:
dist: 2.547344917408455 vs. 2.547344917408455
list:
dist: 2.183532661178803 vs. 2.183532661178803
list:
dist: 1.930755339489471 vs. 1.930755339489471
list:
dist: 1.5354028893690397 vs. 1.5354028893690397
list:
dist: 4.133675235809901 vs. 4.133675235809901
list:
dist: 2.6977016634346676 vs. 2.6977016634346676
list:
dist: 1.1011822426495677 vs. 1.1011822426495677
list:
dist: 2.4369205693698976 vs. 2.4369205693698976
list:
dist: 3.7194701799201826 vs. 3.7194701799201826
list:
dist: 3.384382308690775 vs. 3.384382308690775
list:
dist: 3.9451879592756476 vs. 3.9451879592756476
list:
dist: 1.472025429998007 vs. 1.472025429998007
list:
dist: 1.1516318688743983 vs. 1.1516318688743983
list:
dist: 1.7062647470903487 vs. 1.7062647470903487
list:
dist: 1.0805630830483048 vs. 1.0805630830483048
list:
dist: 2.6739812677937604 vs. 2.6739812677937604
list:
dist: 2.5627702979020905 vs. 2.5627702979020905
list:
dist: 2.506430711569848 vs. 2.506430711569848
list:
dist: 2.5625171569154124 vs. 2.5625171569154124
list:
dist: 2.5629811499149224 vs. 2.5629811499149224
list:
dist: 1.7887936173093653 vs. 1.7887936173093653
list:
dist: 2.968479658076511 vs. 2.968479658076511
list:
dist: 1.9527787109549264 vs. 1.9527787109549264
list:
dist: 3.5869266822225803 vs. 3.5869266822225803
list:
dist: 2.887684826233219 vs. 2.887684826233219
list:
dist: 2.3980958621334887 vs. 2.3980958621334887
list:
dist: 2.2610792009063525 vs. 2.2610792009063525
list:
dist: 2.6977016634346676 vs. 2.6977016634346676
list:
dist: 2.2795579859972603 vs. 2.2795579859972603
list:
dist: 1.9447630931113655 vs. 1.9447630931113655
list:
dist: 0.6796247985243951 vs. 0.6796247985243951
list:
dist: 1.8860955659052017 vs. 1.8860955659052017
list:
dist: 1.7301936471609345 vs. 1.7301936471609345
list:
dist: 2.574294241027665 vs. 2.574294241027665
list:
dist: 1.9772478544099905 vs. 1.9772478544099905
list:
dist: 1.8771690534150194 vs. 1.8771690534150194
list:
dist: 1.2968577163945842 vs. 1.2968577163945842
list:
dist: 1.8660482461149062 vs. 1.8660482461149062
list:
dist: 1.7312963341290053 vs. 1.7312963341290053
list:
dist: 2.822672729585108 vs. 2.822672729585108
list:
dist: 0.527124744387091 vs. 0.527124744387091
list:
dist: 0.7879454502607784 vs. 0.7879454502607784
list:
dist: 1.5414422003808854 vs. 1.5414422003808854
list:
dist: 1.5694414458250896 vs. 1.5694414458250896
list:
dist: 2.2254087713383495 vs. 2.2254087713383495
list:
dist: 1.7904562921751195 vs. 1.7904562921751195
list:
dist: 2.1602527652227375 vs. 2.1602527652227375
list:
dist: 1.1647720136052249 vs. 1.1647720136052249
list:
dist: 2.8776276167312598 vs. 2.8776276167312598
list:
dist: 2.281835376624301 vs. 2.281835376624301
list:
dist: 1.9407680077916085 vs. 1.9407680077916085
list:
dist: 1.0805630830483048 vs. 1.0805630830483048
list:
dist: 1.6850631388301565 vs. 1.6850631388301565
list:
dist: 4.571212036399015 vs. 4.571212036399015
list:
dist: 1.8660482461149062 vs. 1.8660482461149062
list:
dist: 0.5838969204358957 vs. 0.5838969204358957
list:
dist: 1.752481548126185 vs. 1.752481548126185
list:
dist: 3.0403935981307653 vs. 3.0403935981307653
list:
dist: 2.6194122743640738 vs. 2.6194122743640738
list:
dist: 3.3755963615062283 vs. 3.3755963615062283
list:
dist: 0.831132110219457 vs. 0.831132110219457
list:
dist: 0.40470702509102346 vs. 0.40470702509102346
list:
dist: 1.2689112223139405 vs. 1.2689112223139405
list:
dist: 1.7870266634658498 vs. 1.7870266634658498
list:
dist: 1.794882694781247 vs. 1.794882694781247
list:
dist: 1.627933133281661 vs. 1.627933133281661
list:
dist: 1.6735286379395284 vs. 1.6735286379395284
list:
dist: 1.5401398324768043 vs. 1.5401398324768043
list:
dist: 0.9557956800785782 vs. 0.9557956800785782
list:
dist: 2.202670549209744 vs. 2.202670549209744
list:
dist: 1.9511678910035772 vs. 1.9511678910035772
list:
dist: 2.3317487238968564 vs. 2.3317487238968564
list:
dist: 2.519554790599579 vs. 2.519554790599579
list:
dist: 1.6175452456031765 vs. 1.6175452456031765
list:
dist: 2.134755203342958 vs. 2.134755203342958
list:
dist: 1.4738667113129447 vs. 1.4738667113129447
list:
dist: 2.8712756321454633 vs. 2.8712756321454633
list:
dist: 2.1602527652227375 vs. 2.1602527652227375
list:
dist: 2.5213965405206147 vs. 2.5213965405206147
list:
dist: 2.2875603601488255 vs. 2.2875603601488255
list:
dist: 2.6179881913976466 vs. 2.6179881913976466
list:
dist: 2.0010710420191495 vs. 2.0010710420191495
list:
dist: 2.9179367120203348 vs. 2.9179367120203348
list:
dist: 1.8656353321892518 vs. 1.8656353321892518
list:
dist: 2.047664050470832 vs. 2.047664050470832
list:
dist: 2.505061292309654 vs. 2.505061292309654
list:
dist: 2.134755203342958 vs. 2.134755203342958
list:
dist: 1.066745161457882 vs. 1.066745161457882
list:
dist: 1.2547518196508276 vs. 1.2547518196508276
list:
dist: 1.796139138967029 vs. 1.796139138967029
list:
dist: 1.6337730594573352 vs. 1.6337730594573352
list:
dist: 0.75210442917268 vs. 0.75210442917268
list:
dist: 1.785771614093176 vs. 1.785771614093176
list:
dist: 1.3168694489069104 vs. 1.3168694489069104
list:
dist: 2.704671009715463 vs. 2.704671009715463
list:
dist: 1.065702814691111 vs. 1.065702814691111
list:
dist: 0.9095058414335062 vs. 0.9095058414335062
list:
dist: 0.6289917337118189 vs. 0.6289917337118189
list:
dist: 1.0711720175688277 vs. 1.0711720175688277
list:
dist: 1.409364644658399 vs. 1.409364644658399
list:
dist: 1.7887936173093653 vs. 1.7887936173093653
list:
dist: 2.602438264812609 vs. 2.602438264812609
list:
dist: 4.582070032366339 vs. 4.582070032366339
list:
dist: 1.116286311740732 vs. 1.116286311740732
list:
dist: 1.3875132907803376 vs. 1.3875132907803376
list:
dist: 1.1825940270804582 vs. 1.1825940270804582
list:
dist: 2.120254552516273 vs. 2.120254552516273
list:
dist: 0.9557956800785782 vs. 0.9557956800785782
list:
dist: 1.95393594773574 vs. 1.95393594773574
list:
dist: 1.2587611138689012 vs. 1.2587611138689012
list:
dist: 2.0611982045397212 vs. 2.0611982045397212
list:
dist: 2.0753058865904386 vs. 2.0753058865904386
list:
dist: 1.5066887640121946 vs. 1.5066887640121946
list:
dist: 3.308311871700584 vs. 3.308311871700584
list:
dist: 2.3348588805038264 vs. 2.3348588805038264
list:
dist: 1.9860282394465933 vs. 1.9860282394465933
list:
dist: 2.0181342049552575 vs. 2.0181342049552575
list:
dist: 1.261006932181851 vs. 1.261006932181851
list:
dist: 1.785771614093176 vs. 1.785771614093176
list:
dist: 1.4633384977387356 vs. 1.4633384977387356
list:
dist: 2.1526986744074685 vs. 2.1526986744074685
list:
dist: 2.2254087713383495 vs. 2.2254087713383495
list:
dist: 2.7329109650760417 vs. 2.7329109650760417
list:
dist: 2.595324140233769 vs. 2.595324140233769
list:
dist: 3.0494837060815603 vs. 3.0494837060815603
list:
dist: 2.52568427725225 vs. 2.52568427725225
list:
dist: 3.507342179636057 vs. 3.507342179636057
list:
dist: 2.513919036665714 vs. 2.513919036665714
list:
dist: 2.5628712872827295 vs. 2.5628712872827295
list:
dist: 2.9342674899870556 vs. 2.9342674899870556
list:
dist: 2.519554790599579 vs. 2.519554790599579
list:
dist: 1.8180025492917116 vs. 1.8180025492917116
list:
dist: 1.8679078684697827 vs. 1.8679078684697827
list:
dist: 2.057695489775722 vs. 2.057695489775722
list:
dist: 1.995349233269428 vs. 1.995349233269428
list:
dist: 1.3356049375984982 vs. 1.3356049375984982
list:
dist: 2.0181342049552575 vs. 2.0181342049552575
list:
dist: 2.181078545324666 vs. 2.181078545324666
list:
dist: 3.417408848351888 vs. 3.417408848351888
list:
dist: 1.4704248902196722 vs. 1.4704248902196722
list:
dist: 0.9609955819811378 vs. 0.9609955819811378
list:
dist: 0.9095058414335062 vs. 0.9095058414335062
list:
dist: 1.277472271642628 vs. 1.277472271642628
list:
dist: 1.6678559496908951 vs. 1.6678559496908951
list:
dist: 4.399068489886427 vs. 4.399068489886427
list:
dist: 3.5270372121507836 vs. 3.5270372121507836
list:
dist: 3.069346891742317 vs. 3.069346891742317
list:
dist: 2.5627702979020905 vs. 2.5627702979020905
list:
dist: 2.9791214964417176 vs. 2.9791214964417176
list:
dist: 4.143988490165221 vs. 4.143988490165221
list:
dist: 2.822672729585108 vs. 2.822672729585108
list:
dist: 2.2254727804864927 vs. 2.2254727804864927
list:
dist: 2.8025021833594583 vs. 2.8025021833594583
list:
dist: 3.422349182804667 vs. 3.422349182804667
list:
dist: 2.7914741110006682 vs. 2.7914741110006682
list:
dist: 3.575895231433937 vs. 3.575895231433937
list:
dist: 1.5522908822556734 vs. 1.5522908822556734
list:
dist: 1.7174978048265561 vs. 1.7174978048265561
list:
dist: 2.6446222988405674 vs. 2.6446222988405674
list:
dist: 1.794882694781247 vs. 1.794882694781247
list:
dist: 1.6173368294973116 vs. 1.6173368294973116
list:
dist: 2.4216881395689924 vs. 2.4216881395689924
list:
dist: 2.288368359803872 vs. 2.288368359803872
list:
dist: 1.394789526666497 vs. 1.394789526666497
list:
dist: 1.2587611138689012 vs. 1.2587611138689012
list:
dist: 1.6811231346619924 vs. 1.6811231346619924
list:
dist: 1.6377219086748904 vs. 1.6377219086748904
list:
dist: 2.137258852867326 vs. 2.137258852867326
list:
dist: 1.8679078684697827 vs. 1.8679078684697827
list:
dist: 1.219258157546977 vs. 1.219258157546977
list:
dist: 1.2547518196508276 vs. 1.2547518196508276
list:
dist: 1.7312131233836703 vs. 1.7312131233836703
list:
dist: 1.203896330262424 vs. 1.203896330262424
list:
dist: 2.6781728642660716 vs. 2.6781728642660716
list:
dist: 2.8402030931821964 vs. 2.8402030931821964
list:
dist: 3.641003359301257 vs. 3.641003359301257
list:
dist: 2.8712756321454633 vs. 2.8712756321454633
list:
dist: 2.289492840371663 vs. 2.289492840371663
list:
dist: 1.203896330262424 vs. 1.203896330262424
list:
dist: 3.1245570884377685 vs. 3.1245570884377685
list:
dist: 2.9811807571144686 vs. 2.9811807571144686
list:
dist: 2.022746229295142 vs. 2.022746229295142
list:
dist: 2.1526986744074685 vs. 2.1526986744074685
list:
dist: 3.6921064948897655 vs. 3.6921064948897655
list:
dist: 2.282679685036558 vs. 2.282679685036558
list:
dist: 2.7067021010441192 vs. 2.7067021010441192
list:
dist: 1.6678559496908951 vs. 1.6678559496908951
list:
dist: 1.6891353096404087 vs. 1.6891353096404087
list:
dist: 1.409364644658399 vs. 1.409364644658399
list:
dist: 2.3094652326186655 vs. 2.3094652326186655
200
rk
<OccurredElementalReaction>
	 elmtlRkId: 0
	 p(id,type,coords) 25 1 4.67470494217494 3.444197146508905 -0.6443885292348607
</OccurredElementalReaction>
rk
<OccurredElementalReaction>
	 elmtlRkId: 2
	 p(id,type,coords) 86 3 6.922364116735187 3.1981536353136946 12.454931283948746
</OccurredElementalReaction>
rk
<OccurredElementalReaction>
	 elmtlRkId: 2
	 p(id,type,coords) 64 3 6.13021445769544 1.5429127296780487 12.982629916168516
</OccurredElementalReaction>
rk
<OccurredElementalReaction>
	 elmtlRkId: 4
	 p(id,type,coords) 126 5 11.555381844939651 -2.7843031751021656 8.024663339001624
</OccurredElementalReaction>
300
Neighbor List consistency Check...
--------
nle(id0,id1,dist): 5 6 2.2819174203105517
list:
dist: 2.2819174203105517 vs. 2.2819174203105517
--------
nle(id0,id1,dist): 5 7 1.5039586398064941
list:
dist: 1.5039586398064941 vs. 1.5039586398064941
--------
nle(id0,id1,dist): 4 29 2.9165770145228658
list:
dist: 2.9165770145228658 vs. 2.9165770145228658
--------
nle(id0,id1,dist): 5 21 3.7933899850709434
list:
dist: 3.7933899850709434 vs. 3.7933899850709434
--------
nle(id0,id1,dist): 5 20 3.540405193208061
list:
dist: 3.540405193208061 vs. 3.540405193208061
--------
nle(id0,id1,dist): 5 17 3.3842816322009406
list:
dist: 3.3842816322009406 vs. 3.3842816322009406
--------
nle(id0,id1,dist): 5 19 3.5667360171829348
list:
dist: 3.5667360171829348 vs. 3.5667360171829348
--------
nle(id0,id1,dist): 5 18 3.5928840328679947
list:
dist: 3.5928840328679947 vs. 3.5928840328679947
--------
nle(id0,id1,dist): 5 13 2.339398362187762
list:
dist: 2.339398362187762 vs. 2.339398362187762
--------
nle(id0,id1,dist): 5 12 1.1860976108531796
list:
dist: 1.1860976108531796 vs. 1.1860976108531796
--------
nle(id0,id1,dist): 5 15 1.7515561766832837
list:
dist: 1.7515561766832837 vs. 1.7515561766832837
--------
nle(id0,id1,dist): 5 14 2.923486540093643
list:
dist: 2.923486540093643 vs. 2.923486540093643
--------
nle(id0,id1,dist): 5 9 1.7060764558404096
list:
dist: 1.7060764558404096 vs. 1.7060764558404096
--------
nle(id0,id1,dist): 5 8 2.7249394262034277
list:
dist: 2.7249394262034277 vs. 2.7249394262034277
--------
nle(id0,id1,dist): 5 11 3.3338595488087064
list:
dist: 3.3338595488087064 vs. 3.3338595488087064
--------
nle(id0,id1,dist): 5 10 3.11955519799221
list:
dist: 3.11955519799221 vs. 3.11955519799221
--------
nle(id0,id1,dist): 4 11 2.052879108656169
list:
dist: 2.052879108656169 vs. 2.052879108656169
--------
nle(id0,id1,dist): 4 12 2.0545948704809733
list:
dist: 2.0545948704809733 vs. 2.0545948704809733
--------
nle(id0,id1,dist): 4 9 1.8124153244367545
list:
dist: 1.8124153244367545 vs. 1.8124153244367545
--------
nle(id0,id1,dist): 4 10 1.3767022671716345
list:
dist: 1.3767022671716345 vs. 1.3767022671716345
--------
nle(id0,id1,dist): 4 7 2.7473133659368747
list:
dist: 2.7473133659368747 vs. 2.7473133659368747
--------
nle(id0,id1,dist): 4 8 1.5641624087959396
list:
dist: 1.5641624087959396 vs. 1.5641624087959396
--------
nle(id0,id1,dist): 4 5 2.8383401660405396
list:
dist: 2.8383401660405396 vs. 2.8383401660405396
--------
nle(id0,id1,dist): 4 6 2.0490890324171827
list:
dist: 2.0490890324171827 vs. 2.0490890324171827
--------
nle(id0,id1,dist): 4 28 1.2455920124692765
list:
dist: 1.2455920124692765 vs. 1.2455920124692765
--------
nle(id0,id1,dist): 4 27 2.661175277095307
list:
dist: 2.661175277095307 vs. 2.661175277095307
--------
nle(id0,id1,dist): 4 26 2.0043582866360548
list:
dist: 2.0043582866360548 vs. 2.0043582866360548
--------
nle(id0,id1,dist): 4 24 1.9762498009786469
list:
dist: 1.9762498009786469 vs. 1.9762498009786469
--------
nle(id0,id1,dist): 4 23 1.8638913537290527
list:
dist: 1.8638913537290527 vs. 1.8638913537290527
--------
nle(id0,id1,dist): 4 22 2.690427448280517
list:
dist: 2.690427448280517 vs. 2.690427448280517
--------
nle(id0,id1,dist): 4 21 1.0021207437228394
list:
dist: 1.0021207437228394 vs. 1.0021207437228394
--------
nle(id0,id1,dist): 4 20 1.190012726874729
list:
dist: 1.190012726874729 vs. 1.190012726874729
--------
nle(id0,id1,dist): 4 19 1.4276932026728724
list:
dist: 1.4276932026728724 vs. 1.4276932026728724
--------
nle(id0,id1,dist): 4 18 1.395596006996292
list:
dist: 1.395596006996292 vs. 1.395596006996292
--------
nle(id0,id1,dist): 4 17 1.1734933683342204
list:
dist: 1.1734933683342204 vs. 1.1734933683342204
--------
nle(id0,id1,dist): 4 16 2.4511085707964617
list:
dist: 2.4511085707964617 vs. 2.4511085707964617
--------
nle(id0,id1,dist): 4 15 1.306018476234899
list:
dist: 1.306018476234899 vs. 1.306018476234899
--------
nle(id0,id1,dist): 4 14 0.37780873683232197
list:
dist: 0.37780873683232197 vs. 0.37780873683232197
--------
nle(id0,id1,dist): 4 13 1.3581702816222627
list:
dist: 1.3581702816222627 vs. 1.3581702816222627
--------
nle(id0,id1,dist): 6 28 3.2391659355535367
list:
dist: 3.2391659355535367 vs. 3.2391659355535367
--------
nle(id0,id1,dist): 6 19 2.771808270914492
list:
dist: 2.771808270914492 vs. 2.771808270914492
--------
nle(id0,id1,dist): 6 20 1.9620595199916389
list:
dist: 1.9620595199916389 vs. 1.9620595199916389
--------
nle(id0,id1,dist): 6 21 2.8113432371611147
list:
dist: 2.8113432371611147 vs. 2.8113432371611147
--------
nle(id0,id1,dist): 6 24 3.9057733419427367
list:
dist: 3.9057733419427367 vs. 3.9057733419427367
--------
nle(id0,id1,dist): 7 9 2.608553722874903
list:
dist: 2.608553722874903 vs. 2.608553722874903
--------
nle(id0,id1,dist): 7 8 1.809908191720977
list:
dist: 1.809908191720977 vs. 1.809908191720977
--------
nle(id0,id1,dist): 7 11 2.2440622353343147
list:
dist: 2.2440622353343147 vs. 2.2440622353343147
--------
nle(id0,id1,dist): 7 10 2.3245403113165235
list:
dist: 2.3245403113165235 vs. 2.3245403113165235
--------
nle(id0,id1,dist): 7 13 1.9909239365331801
list:
dist: 1.9909239365331801 vs. 1.9909239365331801
--------
nle(id0,id1,dist): 7 12 0.81749001743778
list:
dist: 0.81749001743778 vs. 0.81749001743778
--------
nle(id0,id1,dist): 5 24 4.283530706367587
list:
dist: 4.283530706367587 vs. 4.283530706367587
--------
nle(id0,id1,dist): 5 28 3.8042799004250396
list:
dist: 3.8042799004250396 vs. 3.8042799004250396
--------
nle(id0,id1,dist): 6 14 2.3167019338567187
list:
dist: 2.3167019338567187 vs. 2.3167019338567187
--------
nle(id0,id1,dist): 6 13 1.361298598378269
list:
dist: 1.361298598378269 vs. 1.361298598378269
--------
nle(id0,id1,dist): 6 12 1.1372111360930133
list:
dist: 1.1372111360930133 vs. 1.1372111360930133
--------
nle(id0,id1,dist): 6 11 1.119481561562902
list:
dist: 1.119481561562902 vs. 1.119481561562902
--------
nle(id0,id1,dist): 6 18 3.1316661529502765
list:
dist: 3.1316661529502765 vs. 3.1316661529502765
--------
nle(id0,id1,dist): 6 17 1.6907129968601067
list:
dist: 1.6907129968601067 vs. 1.6907129968601067
--------
nle(id0,id1,dist): 6 15 2.1665484596192495
list:
dist: 2.1665484596192495 vs. 2.1665484596192495
--------
nle(id0,id1,dist): 6 10 1.2370331285257754
list:
dist: 1.2370331285257754 vs. 1.2370331285257754
--------
nle(id0,id1,dist): 6 9 2.6797969720873134
list:
dist: 2.6797969720873134 vs. 2.6797969720873134
--------
nle(id0,id1,dist): 6 8 0.7436821383375052
list:
dist: 0.7436821383375052 vs. 0.7436821383375052
--------
nle(id0,id1,dist): 6 7 1.1346167501535096
list:
dist: 1.1346167501535096 vs. 1.1346167501535096
--------
nle(id0,id1,dist): 8 14 1.8278167021421245
list:
dist: 1.8278167021421245 vs. 1.8278167021421245
--------
nle(id0,id1,dist): 8 13 1.3235836866798616
list:
dist: 1.3235836866798616 vs. 1.3235836866798616
--------
nle(id0,id1,dist): 8 15 2.116256424723231
list:
dist: 2.116256424723231 vs. 2.116256424723231
--------
nle(id0,id1,dist): 8 10 0.5970811528911102
list:
dist: 0.5970811528911102 vs. 0.5970811528911102
--------
nle(id0,id1,dist): 8 9 2.6753148067897814
list:
dist: 2.6753148067897814 vs. 2.6753148067897814
--------
nle(id0,id1,dist): 8 12 1.5542486008276395
list:
dist: 1.5542486008276395 vs. 1.5542486008276395
--------
nle(id0,id1,dist): 8 11 0.7271239841938038
list:
dist: 0.7271239841938038 vs. 0.7271239841938038
--------
nle(id0,id1,dist): 8 21 2.2181328997182916
list:
dist: 2.2181328997182916 vs. 2.2181328997182916
--------
nle(id0,id1,dist): 8 24 3.335392021456336
list:
dist: 3.335392021456336 vs. 3.335392021456336
--------
nle(id0,id1,dist): 8 23 2.8368453029732366
list:
dist: 2.8368453029732366 vs. 2.8368453029732366
--------
nle(id0,id1,dist): 8 18 2.586790558891058
list:
dist: 2.586790558891058 vs. 2.586790558891058
--------
nle(id0,id1,dist): 8 17 0.9642772696148356
list:
dist: 0.9642772696148356 vs. 0.9642772696148356
--------
nle(id0,id1,dist): 8 20 1.3587060935899804
list:
dist: 1.3587060935899804 vs. 1.3587060935899804
--------
nle(id0,id1,dist): 8 19 2.181400979238251
list:
dist: 2.181400979238251 vs. 2.181400979238251
--------
nle(id0,id1,dist): 8 28 2.6662456409594846
list:
dist: 2.6662456409594846 vs. 2.6662456409594846
--------
nle(id0,id1,dist): 7 21 3.6553989139007834
list:
dist: 3.6553989139007834 vs. 3.6553989139007834
--------
nle(id0,id1,dist): 7 20 2.984161904472117
list:
dist: 2.984161904472117 vs. 2.984161904472117
--------
nle(id0,id1,dist): 7 19 3.422398580962078
list:
dist: 3.422398580962078 vs. 3.422398580962078
--------
nle(id0,id1,dist): 7 18 3.7062309832978646
list:
dist: 3.7062309832978646 vs. 3.7062309832978646
--------
nle(id0,id1,dist): 7 17 2.72496173114034
list:
dist: 2.72496173114034 vs. 2.72496173114034
--------
nle(id0,id1,dist): 7 15 2.2909908929817826
list:
dist: 2.2909908929817826 vs. 2.2909908929817826
--------
nle(id0,id1,dist): 7 14 2.9460637218429664
list:
dist: 2.9460637218429664 vs. 2.9460637218429664
--------
nle(id0,id1,dist): 7 28 3.912344509770816
list:
dist: 3.912344509770816 vs. 3.912344509770816
--------
nle(id0,id1,dist): 7 24 4.507966166752181
list:
dist: 4.507966166752181 vs. 4.507966166752181
--------
nle(id0,id1,dist): 9 43 4.099715194063364
list:
dist: 4.099715194063364 vs. 4.099715194063364
--------
nle(id0,id1,dist): 10 12 2.003619394388716
list:
dist: 2.003619394388716 vs. 2.003619394388716
--------
nle(id0,id1,dist): 10 11 0.691918455127352
list:
dist: 0.691918455127352 vs. 0.691918455127352
--------
nle(id0,id1,dist): 10 14 1.6860121096685854
list:
dist: 1.6860121096685854 vs. 1.6860121096685854
--------
nle(id0,id1,dist): 10 13 1.250954499235728
list:
dist: 1.250954499235728 vs. 1.250954499235728
--------
nle(id0,id1,dist): 10 15 2.2145657096376583
list:
dist: 2.2145657096376583 vs. 2.2145657096376583
--------
nle(id0,id1,dist): 10 17 0.5631559815153225
list:
dist: 0.5631559815153225 vs. 0.5631559815153225
--------
nle(id0,id1,dist): 10 18 2.482554841438559
list:
dist: 2.482554841438559 vs. 2.482554841438559
--------
nle(id0,id1,dist): 10 19 2.135391066248725
list:
dist: 2.135391066248725 vs. 2.135391066248725
--------
nle(id0,id1,dist): 10 20 0.7906580527977998
list:
dist: 0.7906580527977998 vs. 0.7906580527977998
--------
nle(id0,id1,dist): 10 21 1.7885555412770864
list:
dist: 1.7885555412770864 vs. 1.7885555412770864
--------
nle(id0,id1,dist): 10 23 2.5799913534418377
list:
dist: 2.5799913534418377 vs. 2.5799913534418377
--------
nle(id0,id1,dist): 10 24 3.128008825032101
list:
dist: 3.128008825032101 vs. 3.128008825032101
--------
nle(id0,id1,dist): 10 28 2.411674573098008
list:
dist: 2.411674573098008 vs. 2.411674573098008
--------
nle(id0,id1,dist): 9 11 3.335697285422649
list:
dist: 3.335697285422649 vs. 3.335697285422649
--------
nle(id0,id1,dist): 9 10 2.8110279068272015
list:
dist: 2.8110279068272015 vs. 2.8110279068272015
--------
nle(id0,id1,dist): 9 15 0.6167831291285188
list:
dist: 0.6167831291285188 vs. 0.6167831291285188
--------
nle(id0,id1,dist): 9 14 1.7525973455207193
list:
dist: 1.7525973455207193 vs. 1.7525973455207193
--------
nle(id0,id1,dist): 9 13 2.0460475813188337
list:
dist: 2.0460475813188337 vs. 2.0460475813188337
--------
nle(id0,id1,dist): 9 12 1.8276709359634602
list:
dist: 1.8276709359634602 vs. 1.8276709359634602
--------
nle(id0,id1,dist): 9 19 2.5698460086705355
list:
dist: 2.5698460086705355 vs. 2.5698460086705355
--------
nle(id0,id1,dist): 9 18 2.303443300729113
list:
dist: 2.303443300729113 vs. 2.303443300729113
--------
nle(id0,id1,dist): 9 17 2.8328307297070516
list:
dist: 2.8328307297070516 vs. 2.8328307297070516
--------
nle(id0,id1,dist): 9 16 2.89288053148114
list:
dist: 2.89288053148114 vs. 2.89288053148114
--------
nle(id0,id1,dist): 9 22 2.0123458094625293
list:
dist: 2.0123458094625293 vs. 2.0123458094625293
--------
nle(id0,id1,dist): 9 20 2.8718698320045997
list:
dist: 2.8718698320045997 vs. 2.8718698320045997
--------
nle(id0,id1,dist): 9 21 2.6112688456090156
list:
dist: 2.6112688456090156 vs. 2.6112688456090156
--------
nle(id0,id1,dist): 9 26 2.281373667376784
list:
dist: 2.281373667376784 vs. 2.281373667376784
--------
nle(id0,id1,dist): 9 24 2.7968440009489517
list:
dist: 2.7968440009489517 vs. 2.7968440009489517
--------
nle(id0,id1,dist): 9 28 2.3971469201753544
list:
dist: 2.3971469201753544 vs. 2.3971469201753544
--------
nle(id0,id1,dist): 12 20 2.54275295715166
list:
dist: 2.54275295715166 vs. 2.54275295715166
--------
nle(id0,id1,dist): 12 19 2.7818514715863176
list:
dist: 2.7818514715863176 vs. 2.7818514715863176
--------
nle(id0,id1,dist): 12 18 2.9760741437562213
list:
dist: 2.9760741437562213 vs. 2.9760741437562213
--------
nle(id0,id1,dist): 12 17 2.3019772726679655
list:
dist: 2.3019772726679655 vs. 2.3019772726679655
--------
nle(id0,id1,dist): 12 15 1.4961993782012408
list:
dist: 1.4961993782012408 vs. 1.4961993782012408
--------
nle(id0,id1,dist): 12 14 2.2150993583461256
list:
dist: 2.2150993583461256 vs. 2.2150993583461256
--------
nle(id0,id1,dist): 12 13 1.5323420478646488
list:
dist: 1.5323420478646488 vs. 1.5323420478646488
--------
nle(id0,id1,dist): 11 28 3.07542315936341
list:
dist: 3.07542315936341 vs. 3.07542315936341
--------
nle(id0,id1,dist): 11 23 3.130694535008373
list:
dist: 3.130694535008373 vs. 3.130694535008373
--------
nle(id0,id1,dist): 11 24 3.7669034301328
list:
dist: 3.7669034301328 vs. 3.7669034301328
--------
nle(id0,id1,dist): 11 19 2.6534104443339093
list:
dist: 2.6534104443339093 vs. 2.6534104443339093
--------
nle(id0,id1,dist): 11 18 3.089395095690134
list:
dist: 3.089395095690134 vs. 3.089395095690134
--------
nle(id0,id1,dist): 11 21 2.450991499955683
list:
dist: 2.450991499955683 vs. 2.450991499955683
--------
nle(id0,id1,dist): 11 20 1.372549297637908
list:
dist: 1.372549297637908 vs. 1.372549297637908
--------
nle(id0,id1,dist): 11 15 2.7490601533904524
list:
dist: 2.7490601533904524 vs. 2.7490601533904524
--------
nle(id0,id1,dist): 11 14 2.349353630668976
list:
dist: 2.349353630668976 vs. 2.349353630668976
--------
nle(id0,id1,dist): 11 17 1.1213075465319744
list:
dist: 1.1213075465319744 vs. 1.1213075465319744
--------
nle(id0,id1,dist): 11 13 1.6651118751587919
list:
dist: 1.6651118751587919 vs. 1.6651118751587919
--------
nle(id0,id1,dist): 11 12 2.1709217448753435
list:
dist: 2.1709217448753435 vs. 2.1709217448753435
--------
nle(id0,id1,dist): 13 24 3.3109156507017654
list:
dist: 3.3109156507017654 vs. 3.3109156507017654
--------
nle(id0,id1,dist): 13 28 2.5629006798232097
list:
dist: 2.5629006798232097 vs. 2.5629006798232097
--------
nle(id0,id1,dist): 13 18 2.733239806818729
list:
dist: 2.733239806818729 vs. 2.733239806818729
--------
nle(id0,id1,dist): 13 19 2.6604247594950774
list:
dist: 2.6604247594950774 vs. 2.6604247594950774
--------
nle(id0,id1,dist): 13 17 1.5982831676840126
list:
dist: 1.5982831676840126 vs. 1.5982831676840126
--------
nle(id0,id1,dist): 13 20 1.40431028554689
list:
dist: 1.40431028554689 vs. 1.40431028554689
--------
nle(id0,id1,dist): 13 21 1.9729217304031377
list:
dist: 1.9729217304031377 vs. 1.9729217304031377
--------
nle(id0,id1,dist): 13 15 1.449419573653144
list:
dist: 1.449419573653144 vs. 1.449419573653144
--------
nle(id0,id1,dist): 13 14 1.7043650090448068
list:
dist: 1.7043650090448068 vs. 1.7043650090448068
--------
nle(id0,id1,dist): 12 21 3.0151220319430356
list:
dist: 3.0151220319430356 vs. 3.0151220319430356
--------
nle(id0,id1,dist): 12 24 3.753464367817086
list:
dist: 3.753464367817086 vs. 3.753464367817086
--------
nle(id0,id1,dist): 12 28 3.1764355935381765
list:
dist: 3.1764355935381765 vs. 3.1764355935381765
--------
nle(id0,id1,dist): 15 28 2.143738440446327
list:
dist: 2.143738440446327 vs. 2.143738440446327
--------
nle(id0,id1,dist): 15 26 2.2608932851607615
list:
dist: 2.2608932851607615 vs. 2.2608932851607615
--------
nle(id0,id1,dist): 15 24 2.686142015821757
list:
dist: 2.686142015821757 vs. 2.686142015821757
--------
nle(id0,id1,dist): 15 22 2.351781020291571
list:
dist: 2.351781020291571 vs. 2.351781020291571
--------
nle(id0,id1,dist): 14 43 4.481945924426959
list:
dist: 4.481945924426959 vs. 4.481945924426959
--------
nle(id0,id1,dist): 15 21 2.1623780766307212
list:
dist: 2.1623780766307212 vs. 2.1623780766307212
--------
nle(id0,id1,dist): 15 20 2.283837944352161
list:
dist: 2.283837944352161 vs. 2.283837944352161
--------
nle(id0,id1,dist): 15 19 2.2940439189177404
list:
dist: 2.2940439189177404 vs. 2.2940439189177404
--------
nle(id0,id1,dist): 15 18 2.122214949848016
list:
dist: 2.122214949848016 vs. 2.122214949848016
--------
nle(id0,id1,dist): 15 17 2.27014339778459
list:
dist: 2.27014339778459 vs. 2.27014339778459
--------
nle(id0,id1,dist): 15 16 2.9045966585281677
list:
dist: 2.9045966585281677 vs. 2.9045966585281677
--------
nle(id0,id1,dist): 14 27 2.4778143474696006
list:
dist: 2.4778143474696006 vs. 2.4778143474696006
--------
nle(id0,id1,dist): 14 28 0.971174892498684
list:
dist: 0.971174892498684 vs. 0.971174892498684
--------
nle(id0,id1,dist): 14 29 2.7041929072611706
list:
dist: 2.7041929072611706 vs. 2.7041929072611706
--------
nle(id0,id1,dist): 14 16 2.1341950256939457
list:
dist: 2.1341950256939457 vs. 2.1341950256939457
--------
nle(id0,id1,dist): 14 15 1.3458516827058364
list:
dist: 1.3458516827058364 vs. 1.3458516827058364
--------
nle(id0,id1,dist): 14 18 1.038875441025031
list:
dist: 1.038875441025031 vs. 1.038875441025031
--------
nle(id0,id1,dist): 14 17 1.4061999234812006
list:
dist: 1.4061999234812006 vs. 1.4061999234812006
--------
nle(id0,id1,dist): 14 24 1.6478083612721244
list:
dist: 1.6478083612721244 vs. 1.6478083612721244
--------
nle(id0,id1,dist): 14 23 1.6394074263539744
list:
dist: 1.6394074263539744 vs. 1.6394074263539744
--------
nle(id0,id1,dist): 14 26 1.784195472310419
list:
dist: 1.784195472310419 vs. 1.784195472310419
--------
nle(id0,id1,dist): 14 20 1.4984224126428518
list:
dist: 1.4984224126428518 vs. 1.4984224126428518
--------
nle(id0,id1,dist): 14 19 1.173398977143599
list:
dist: 1.173398977143599 vs. 1.173398977143599
--------
nle(id0,id1,dist): 14 22 2.3998120404616325
list:
dist: 2.3998120404616325 vs. 2.3998120404616325
--------
nle(id0,id1,dist): 14 21 1.069198830852469
list:
dist: 1.069198830852469 vs. 1.069198830852469
--------
nle(id0,id1,dist): 17 18 2.050730413394881
list:
dist: 2.050730413394881 vs. 2.050730413394881
--------
nle(id0,id1,dist): 17 19 1.6781120885465988
list:
dist: 1.6781120885465988 vs. 1.6781120885465988
--------
nle(id0,id1,dist): 17 23 2.0353638081697536
list:
dist: 2.0353638081697536 vs. 2.0353638081697536
--------
nle(id0,id1,dist): 17 20 0.684882279530018
list:
dist: 0.684882279530018 vs. 0.684882279530018
--------
nle(id0,id1,dist): 17 21 1.4420222029354726
list:
dist: 1.4420222029354726 vs. 1.4420222029354726
--------
nle(id0,id1,dist): 17 24 2.6666480722359487
list:
dist: 2.6666480722359487 vs. 2.6666480722359487
--------
nle(id0,id1,dist): 16 43 3.807581697334757
list:
dist: 3.807581697334757 vs. 3.807581697334757
--------
nle(id0,id1,dist): 16 18 1.5266788067395123
list:
dist: 1.5266788067395123 vs. 1.5266788067395123
--------
nle(id0,id1,dist): 16 19 2.196422448474197
list:
dist: 2.196422448474197 vs. 2.196422448474197
--------
nle(id0,id1,dist): 16 21 2.2088092874388057
list:
dist: 2.2088092874388057 vs. 2.2088092874388057
--------
nle(id0,id1,dist): 16 22 1.589149618779828
list:
dist: 1.589149618779828 vs. 1.589149618779828
--------
nle(id0,id1,dist): 16 23 1.8337228333578708
list:
dist: 1.8337228333578708 vs. 1.8337228333578708
--------
nle(id0,id1,dist): 16 24 0.7795495902312225
list:
dist: 0.7795495902312225 vs. 0.7795495902312225
--------
nle(id0,id1,dist): 16 26 1.0359219139278442
list:
dist: 1.0359219139278442 vs. 1.0359219139278442
--------
nle(id0,id1,dist): 16 27 1.2577444615434978
list:
dist: 1.2577444615434978 vs. 1.2577444615434978
--------
nle(id0,id1,dist): 16 28 1.3233760709320284
list:
dist: 1.3233760709320284 vs. 1.3233760709320284
--------
nle(id0,id1,dist): 16 29 1.672145291437759
list:
dist: 1.672145291437759 vs. 1.672145291437759
--------
nle(id0,id1,dist): 15 43 4.498466033176433
list:
dist: 4.498466033176433 vs. 4.498466033176433
--------
nle(id0,id1,dist): 1 2 0.6617276764053412
list:
dist: 0.6617276764053412 vs. 0.6617276764053412
--------
nle(id0,id1,dist): 1 3 1.9762102370223096
list:
dist: 1.9762102370223096 vs. 1.9762102370223096
--------
nle(id0,id1,dist): 1 4 2.5520378755033923
list:
dist: 2.5520378755033923 vs. 2.5520378755033923
--------
nle(id0,id1,dist): 1 5 0.6767496688334931
list:
dist: 0.6767496688334931 vs. 0.6767496688334931
--------
nle(id0,id1,dist): 1 6 1.7394180151954508
list:
dist: 1.7394180151954508 vs. 1.7394180151954508
--------
nle(id0,id1,dist): 1 7 1.0664509914746865
list:
dist: 1.0664509914746865 vs. 1.0664509914746865
--------
nle(id0,id1,dist): 1 8 2.24461635521892
list:
dist: 2.24461635521892 vs. 2.24461635521892
--------
nle(id0,id1,dist): 1 9 1.8314883674239841
list:
dist: 1.8314883674239841 vs. 1.8314883674239841
--------
nle(id0,id1,dist): 1 10 2.6184422707390063
list:
dist: 2.6184422707390063 vs. 2.6184422707390063
--------
nle(id0,id1,dist): 1 11 2.7859569197805225
list:
dist: 2.7859569197805225 vs. 2.7859569197805225
--------
nle(id0,id1,dist): 1 28 3.6546491297419754
list:
dist: 3.6546491297419754 vs. 3.6546491297419754
--------
nle(id0,id1,dist): 2 5 0.8671590104952559
list:
dist: 0.8671590104952559 vs. 0.8671590104952559
--------
nle(id0,id1,dist): 2 6 2.0250264646382448
list:
dist: 2.0250264646382448 vs. 2.0250264646382448
--------
nle(id0,id1,dist): 2 3 2.315239772318334
list:
dist: 2.315239772318334 vs. 2.315239772318334
--------
nle(id0,id1,dist): 2 4 2.2437865872963054
list:
dist: 2.2437865872963054 vs. 2.2437865872963054
--------
nle(id0,id1,dist): 1 15 1.6467650381326389
list:
dist: 1.6467650381326389 vs. 1.6467650381326389
--------
nle(id0,id1,dist): 1 14 2.7179548917853285
list:
dist: 2.7179548917853285 vs. 2.7179548917853285
--------
nle(id0,id1,dist): 1 13 1.7997247943630754
list:
dist: 1.7997247943630754 vs. 1.7997247943630754
--------
nle(id0,id1,dist): 1 12 0.804281125587403
list:
dist: 0.804281125587403 vs. 0.804281125587403
--------
nle(id0,id1,dist): 1 19 3.444255605537613
list:
dist: 3.444255605537613 vs. 3.444255605537613
--------
nle(id0,id1,dist): 1 18 3.524508189953329
list:
dist: 3.524508189953329 vs. 3.524508189953329
--------
nle(id0,id1,dist): 1 17 2.958669387541156
list:
dist: 2.958669387541156 vs. 2.958669387541156
--------
nle(id0,id1,dist): 1 21 3.4730090990603375
list:
dist: 3.4730090990603375 vs. 3.4730090990603375
--------
nle(id0,id1,dist): 1 20 3.066820892121538
list:
dist: 3.066820892121538 vs. 3.066820892121538
--------
nle(id0,id1,dist): 1 24 4.229441593330144
list:
dist: 4.229441593330144 vs. 4.229441593330144
--------
nle(id0,id1,dist): 2 28 3.2621127502171925
list:
dist: 3.2621127502171925 vs. 3.2621127502171925
--------
nle(id0,id1,dist): 2 24 3.825226977227494
list:
dist: 3.825226977227494 vs. 3.825226977227494
--------
nle(id0,id1,dist): 2 26 3.3479578909932113
list:
dist: 3.3479578909932113 vs. 3.3479578909932113
--------
nle(id0,id1,dist): 2 12 1.1060529440286142
list:
dist: 1.1060529440286142 vs. 1.1060529440286142
--------
nle(id0,id1,dist): 2 11 2.9328759206060178
list:
dist: 2.9328759206060178 vs. 2.9328759206060178
--------
nle(id0,id1,dist): 2 14 2.384506368398092
list:
dist: 2.384506368398092 vs. 2.384506368398092
--------
nle(id0,id1,dist): 2 13 1.6250720481174918
list:
dist: 1.6250720481174918 vs. 1.6250720481174918
--------
nle(id0,id1,dist): 2 8 2.3584588246756106
list:
dist: 2.3584588246756106 vs. 2.3584588246756106
--------
nle(id0,id1,dist): 2 7 1.649417058825208
list:
dist: 1.649417058825208 vs. 1.649417058825208
--------
nle(id0,id1,dist): 2 10 2.616200634189509
list:
dist: 2.616200634189509 vs. 2.616200634189509
--------
nle(id0,id1,dist): 2 9 1.2868568872491355
list:
dist: 1.2868568872491355 vs. 1.2868568872491355
--------
nle(id0,id1,dist): 2 20 2.904380119184681
list:
dist: 2.904380119184681 vs. 2.904380119184681
--------
nle(id0,id1,dist): 2 19 3.248795217447357
list:
dist: 3.248795217447357 vs. 3.248795217447357
--------
nle(id0,id1,dist): 2 22 3.29174542159221
list:
dist: 3.29174542159221 vs. 3.29174542159221
--------
nle(id0,id1,dist): 2 21 3.1202892049552027
list:
dist: 3.1202892049552027 vs. 3.1202892049552027
--------
nle(id0,id1,dist): 2 16 4.040328452813957
list:
dist: 4.040328452813957 vs. 4.040328452813957
--------
nle(id0,id1,dist): 2 15 1.1466219615072535
list:
dist: 1.1466219615072535 vs. 1.1466219615072535
--------
nle(id0,id1,dist): 2 18 3.204462269919226
list:
dist: 3.204462269919226 vs. 3.204462269919226
--------
nle(id0,id1,dist): 2 17 2.886253062075782
list:
dist: 2.886253062075782 vs. 2.886253062075782
--------
nle(id0,id1,dist): 3 24 5.173080571636175
list:
dist: 5.173080571636175 vs. 5.173080571636175
--------
nle(id0,id1,dist): 3 20 2.9287984819075947
list:
dist: 2.9287984819075947 vs. 2.9287984819075947
--------
nle(id0,id1,dist): 3 21 3.8151937742516204
list:
dist: 3.8151937742516204 vs. 3.8151937742516204
--------
nle(id0,id1,dist): 3 18 4.500742493539414
list:
dist: 4.500742493539414 vs. 4.500742493539414
--------
nle(id0,id1,dist): 3 19 4.273286867315688
list:
dist: 4.273286867315688 vs. 4.273286867315688
--------
nle(id0,id1,dist): 3 28 4.439467423570123
list:
dist: 4.439467423570123 vs. 4.439467423570123
--------
nle(id0,id1,dist): 3 9 3.4305066818405066
list:
dist: 3.4305066818405066 vs. 3.4305066818405066
--------
nle(id0,id1,dist): 3 8 2.2351960901142545
list:
dist: 2.2351960901142545 vs. 2.2351960901142545
--------
nle(id0,id1,dist): 3 7 1.676036288767488
list:
dist: 1.676036288767488 vs. 1.676036288767488
--------
nle(id0,id1,dist): 3 6 1.6468923437193779
list:
dist: 1.6468923437193779 vs. 1.6468923437193779
--------
nle(id0,id1,dist): 3 5 2.629261261618808
list:
dist: 2.629261261618808 vs. 2.629261261618808
--------
nle(id0,id1,dist): 3 4 3.2000257887837065
list:
dist: 3.2000257887837065 vs. 3.2000257887837065
--------
nle(id0,id1,dist): 3 17 2.993166911101081
list:
dist: 2.993166911101081 vs. 2.993166911101081
--------
nle(id0,id1,dist): 3 15 2.9760766333974713
list:
dist: 2.9760766333974713 vs. 2.9760766333974713
--------
nle(id0,id1,dist): 3 14 3.5297288122232384
list:
dist: 3.5297288122232384 vs. 3.5297288122232384
--------
nle(id0,id1,dist): 3 13 1.916282425186519
list:
dist: 1.916282425186519 vs. 1.916282425186519
--------
nle(id0,id1,dist): 3 12 2.0517919186343345
list:
dist: 2.0517919186343345 vs. 2.0517919186343345
--------
nle(id0,id1,dist): 3 11 2.225840473681439
list:
dist: 2.225840473681439 vs. 2.225840473681439
--------
nle(id0,id1,dist): 3 10 2.4404956753959572
list:
dist: 2.4404956753959572 vs. 2.4404956753959572
--------
nle(id0,id1,dist): 37 49 3.1325357270106227
list:
dist: 3.1325357270106227 vs. 3.1325357270106227
--------
nle(id0,id1,dist): 37 50 3.2615784024192274
list:
dist: 3.2615784024192274 vs. 3.2615784024192274
--------
nle(id0,id1,dist): 37 51 2.471994247835116
list:
dist: 2.471994247835116 vs. 2.471994247835116
--------
nle(id0,id1,dist): 37 52 3.0853093481650387
list:
dist: 3.0853093481650387 vs. 3.0853093481650387
--------
nle(id0,id1,dist): 37 53 2.353186801157833
list:
dist: 2.353186801157833 vs. 2.353186801157833
--------
nle(id0,id1,dist): 37 54 2.6764903887702074
list:
dist: 2.6764903887702074 vs. 2.6764903887702074
--------
nle(id0,id1,dist): 37 55 2.532159294661813
list:
dist: 2.532159294661813 vs. 2.532159294661813
--------
nle(id0,id1,dist): 37 41 1.1674467886987672
list:
dist: 1.1674467886987672 vs. 1.1674467886987672
--------
nle(id0,id1,dist): 37 42 1.937210993557425
list:
dist: 1.937210993557425 vs. 1.937210993557425
--------
nle(id0,id1,dist): 37 43 2.1554788831014964
list:
dist: 2.1554788831014964 vs. 2.1554788831014964
--------
nle(id0,id1,dist): 37 44 2.986115057420022
list:
dist: 2.986115057420022 vs. 2.986115057420022
--------
nle(id0,id1,dist): 37 45 1.5672761611564243
list:
dist: 1.5672761611564243 vs. 1.5672761611564243
--------
nle(id0,id1,dist): 37 46 1.1112571935173423
list:
dist: 1.1112571935173423 vs. 1.1112571935173423
--------
nle(id0,id1,dist): 37 47 1.728306792680496
list:
dist: 1.728306792680496 vs. 1.728306792680496
--------
nle(id0,id1,dist): 37 39 1.327800589343275
list:
dist: 1.327800589343275 vs. 1.327800589343275
--------
nle(id0,id1,dist): 37 38 1.1949912253136363
list:
dist: 1.1949912253136363 vs. 1.1949912253136363
--------
nle(id0,id1,dist): 36 55 3.4553969710948773
list:
dist: 3.4553969710948773 vs. 3.4553969710948773
--------
nle(id0,id1,dist): 36 53 2.4596970317698297
list:
dist: 2.4596970317698297 vs. 2.4596970317698297
--------
nle(id0,id1,dist): 36 54 2.0970359194386354
list:
dist: 2.0970359194386354 vs. 2.0970359194386354
--------
nle(id0,id1,dist): 36 59 4.145653686363865
list:
dist: 4.145653686363865 vs. 4.145653686363865
--------
nle(id0,id1,dist): 36 47 2.2507087266859442
list:
dist: 2.2507087266859442 vs. 2.2507087266859442
--------
nle(id0,id1,dist): 36 45 1.9120706910689678
list:
dist: 1.9120706910689678 vs. 1.9120706910689678
--------
nle(id0,id1,dist): 36 46 2.0854606708501895
list:
dist: 2.0854606708501895 vs. 2.0854606708501895
--------
nle(id0,id1,dist): 36 51 1.8869091303223844
list:
dist: 1.8869091303223844 vs. 1.8869091303223844
--------
nle(id0,id1,dist): 36 52 2.9282659043641774
list:
dist: 2.9282659043641774 vs. 2.9282659043641774
--------
nle(id0,id1,dist): 36 49 3.452816727467675
list:
dist: 3.452816727467675 vs. 3.452816727467675
--------
nle(id0,id1,dist): 36 50 2.7447715712611083
list:
dist: 2.7447715712611083 vs. 2.7447715712611083
--------
nle(id0,id1,dist): 36 40 3.773938157335738
list:
dist: 3.773938157335738 vs. 3.773938157335738
--------
nle(id0,id1,dist): 36 39 0.8255069611209936
list:
dist: 0.8255069611209936 vs. 0.8255069611209936
--------
nle(id0,id1,dist): 36 38 1.1417343335744627
list:
dist: 1.1417343335744627 vs. 1.1417343335744627
--------
nle(id0,id1,dist): 36 37 1.2228799546547306
list:
dist: 1.2228799546547306 vs. 1.2228799546547306
--------
nle(id0,id1,dist): 36 44 2.8366477854486396
list:
dist: 2.8366477854486396 vs. 2.8366477854486396
--------
nle(id0,id1,dist): 36 43 1.206654843078315
list:
dist: 1.206654843078315 vs. 1.206654843078315
--------
nle(id0,id1,dist): 36 42 1.8326085505573373
list:
dist: 1.8326085505573373 vs. 1.8326085505573373
--------
nle(id0,id1,dist): 36 41 0.4262984916111422
list:
dist: 0.4262984916111422 vs. 0.4262984916111422
--------
nle(id0,id1,dist): 35 59 3.2112360454451223
list:
dist: 3.2112360454451223 vs. 3.2112360454451223
--------
nle(id0,id1,dist): 35 54 3.0030445019853236
list:
dist: 3.0030445019853236 vs. 3.0030445019853236
--------
nle(id0,id1,dist): 35 55 2.4203972180468094
list:
dist: 2.4203972180468094 vs. 2.4203972180468094
--------
nle(id0,id1,dist): 35 50 3.5988386329265243
list:
dist: 3.5988386329265243 vs. 3.5988386329265243
--------
nle(id0,id1,dist): 35 51 2.8374501082046573
list:
dist: 2.8374501082046573 vs. 2.8374501082046573
--------
nle(id0,id1,dist): 35 52 3.3339412707505547
list:
dist: 3.3339412707505547 vs. 3.3339412707505547
--------
nle(id0,id1,dist): 35 53 2.54208871719303
list:
dist: 2.54208871719303 vs. 2.54208871719303
--------
nle(id0,id1,dist): 35 47 1.7911989594253819
list:
dist: 1.7911989594253819 vs. 1.7911989594253819
--------
nle(id0,id1,dist): 35 46 0.980188058200746
list:
dist: 0.980188058200746 vs. 0.980188058200746
--------
nle(id0,id1,dist): 35 49 3.20957853536626
list:
dist: 3.20957853536626 vs. 3.20957853536626
--------
nle(id0,id1,dist): 35 43 2.5106480098686257
list:
dist: 2.5106480098686257 vs. 2.5106480098686257
--------
nle(id0,id1,dist): 35 42 2.1885318126718483
list:
dist: 2.1885318126718483 vs. 2.1885318126718483
--------
nle(id0,id1,dist): 35 45 1.7447258225255602
list:
dist: 1.7447258225255602 vs. 1.7447258225255602
--------
nle(id0,id1,dist): 35 44 3.1773333228785487
list:
dist: 3.1773333228785487 vs. 3.1773333228785487
--------
nle(id0,id1,dist): 35 39 1.645746025145406
list:
dist: 1.645746025145406 vs. 1.645746025145406
--------
nle(id0,id1,dist): 35 38 1.400966768880317
list:
dist: 1.400966768880317 vs. 1.400966768880317
--------
nle(id0,id1,dist): 35 41 1.5714935664984246
list:
dist: 1.5714935664984246 vs. 1.5714935664984246
--------
nle(id0,id1,dist): 35 37 0.4149493586950045
list:
dist: 0.4149493586950045 vs. 0.4149493586950045
--------
nle(id0,id1,dist): 35 36 1.6139532105864456
list:
dist: 1.6139532105864456 vs. 1.6139532105864456
--------
nle(id0,id1,dist): 34 59 4.340030669983739
list:
dist: 4.340030669983739 vs. 4.340030669983739
--------
nle(id0,id1,dist): 34 55 3.8148031111262983
list:
dist: 3.8148031111262983 vs. 3.8148031111262983
--------
nle(id0,id1,dist): 34 54 1.3618151592619103
list:
dist: 1.3618151592619103 vs. 1.3618151592619103
--------
nle(id0,id1,dist): 34 53 2.2369010172975448
list:
dist: 2.2369010172975448 vs. 2.2369010172975448
--------
nle(id0,id1,dist): 34 52 2.4198716628151895
list:
dist: 2.4198716628151895 vs. 2.4198716628151895
--------
nle(id0,id1,dist): 34 51 1.23428636771789
list:
dist: 1.23428636771789 vs. 1.23428636771789
--------
nle(id0,id1,dist): 34 50 2.006439054367293
list:
dist: 2.006439054367293 vs. 2.006439054367293
--------
nle(id0,id1,dist): 34 49 3.2781119786250685
list:
dist: 3.2781119786250685 vs. 3.2781119786250685
--------
nle(id0,id1,dist): 34 47 2.418747392691966
list:
dist: 2.418747392691966 vs. 2.418747392691966
--------
nle(id0,id1,dist): 34 46 2.633656832663009
list:
dist: 2.633656832663009 vs. 2.633656832663009
--------
nle(id0,id1,dist): 34 45 2.0135491325715016
list:
dist: 2.0135491325715016 vs. 2.0135491325715016
--------
nle(id0,id1,dist): 34 44 2.407442205730919
list:
dist: 2.407442205730919 vs. 2.407442205730919
--------
nle(id0,id1,dist): 34 43 1.5671160463469858
list:
dist: 1.5671160463469858 vs. 1.5671160463469858
--------
nle(id0,id1,dist): 34 42 1.605294914023231
list:
dist: 1.605294914023231 vs. 1.605294914023231
--------
nle(id0,id1,dist): 34 41 0.8928739217608137
list:
dist: 0.8928739217608137 vs. 0.8928739217608137
--------
nle(id0,id1,dist): 34 40 2.898060323945597
list:
dist: 2.898060323945597 vs. 2.898060323945597
--------
nle(id0,id1,dist): 34 39 1.077285473987292
list:
dist: 1.077285473987292 vs. 1.077285473987292
--------
nle(id0,id1,dist): 34 36 0.9952252432401425
list:
dist: 0.9952252432401425 vs. 0.9952252432401425
--------
nle(id0,id1,dist): 34 35 2.455909359313454
list:
dist: 2.455909359313454 vs. 2.455909359313454
--------
nle(id0,id1,dist): 34 38 1.6012187120355068
list:
dist: 1.6012187120355068 vs. 1.6012187120355068
--------
nle(id0,id1,dist): 34 37 2.0573362296711304
list:
dist: 2.0573362296711304 vs. 2.0573362296711304
--------
nle(id0,id1,dist): 33 44 3.3753187095545347
list:
dist: 3.3753187095545347 vs. 3.3753187095545347
--------
nle(id0,id1,dist): 33 45 2.5428068624134585
list:
dist: 2.5428068624134585 vs. 2.5428068624134585
--------
nle(id0,id1,dist): 33 46 2.43134977798686
list:
dist: 2.43134977798686 vs. 2.43134977798686
--------
nle(id0,id1,dist): 33 47 2.7797725496571006
list:
dist: 2.7797725496571006 vs. 2.7797725496571006
--------
nle(id0,id1,dist): 33 49 4.057359320836184
list:
dist: 4.057359320836184 vs. 4.057359320836184
--------
nle(id0,id1,dist): 33 50 3.462497489719083
list:
dist: 3.462497489719083 vs. 3.462497489719083
--------
nle(id0,id1,dist): 33 51 2.615356286051618
list:
dist: 2.615356286051618 vs. 2.615356286051618
--------
nle(id0,id1,dist): 33 52 3.6430522116779147
list:
dist: 3.6430522116779147 vs. 3.6430522116779147
--------
nle(id0,id1,dist): 33 53 3.1225123225478466
list:
dist: 3.1225123225478466 vs. 3.1225123225478466
--------
nle(id0,id1,dist): 33 54 2.7279349774601847
list:
dist: 2.7279349774601847 vs. 2.7279349774601847
--------
nle(id0,id1,dist): 33 55 3.9660213505940596
list:
dist: 3.9660213505940596 vs. 3.9660213505940596
--------
nle(id0,id1,dist): 33 59 4.599986752653042
list:
dist: 4.599986752653042 vs. 4.599986752653042
--------
nle(id0,id1,dist): 33 35 1.7710446581848902
list:
dist: 1.7710446581848902 vs. 1.7710446581848902
--------
nle(id0,id1,dist): 33 34 1.5559843176711512
list:
dist: 1.5559843176711512 vs. 1.5559843176711512
--------
nle(id0,id1,dist): 33 39 1.2626461516696044
list:
dist: 1.2626461516696044 vs. 1.2626461516696044
--------
nle(id0,id1,dist): 33 38 1.349972987127758
list:
dist: 1.349972987127758 vs. 1.349972987127758
--------
nle(id0,id1,dist): 33 37 1.485617465275547
list:
dist: 1.485617465275547 vs. 1.485617465275547
--------
nle(id0,id1,dist): 33 36 0.7590815546533123
list:
dist: 0.7590815546533123 vs. 0.7590815546533123
--------
nle(id0,id1,dist): 33 43 1.2051173628290022
list:
dist: 1.2051173628290022 vs. 1.2051173628290022
--------
nle(id0,id1,dist): 33 42 2.467885068669191
list:
dist: 2.467885068669191 vs. 2.467885068669191
--------
nle(id0,id1,dist): 33 41 1.1627816702511005
list:
dist: 1.1627816702511005 vs. 1.1627816702511005
--------
nle(id0,id1,dist): 33 40 4.441480061511391
list:
dist: 4.441480061511391 vs. 4.441480061511391
--------
nle(id0,id1,dist): 32 51 2.403052276911408
list:
dist: 2.403052276911408 vs. 2.403052276911408
--------
nle(id0,id1,dist): 32 52 3.1306611133322844
list:
dist: 3.1306611133322844 vs. 3.1306611133322844
--------
nle(id0,id1,dist): 32 49 3.272865563444031
list:
dist: 3.272865563444031 vs. 3.272865563444031
--------
nle(id0,id1,dist): 32 50 3.221780069571601
list:
dist: 3.221780069571601 vs. 3.221780069571601
--------
nle(id0,id1,dist): 32 55 2.9892892991222926
list:
dist: 2.9892892991222926 vs. 2.9892892991222926
--------
nle(id0,id1,dist): 32 53 2.4384317017977137
list:
dist: 2.4384317017977137 vs. 2.4384317017977137
--------
nle(id0,id1,dist): 32 54 2.5067297008009675
list:
dist: 2.5067297008009675 vs. 2.5067297008009675
--------
nle(id0,id1,dist): 32 59 3.6269744025793287
list:
dist: 3.6269744025793287 vs. 3.6269744025793287
--------
nle(id0,id1,dist): 32 38 0.8227725545790194
list:
dist: 0.8227725545790194 vs. 0.8227725545790194
--------
nle(id0,id1,dist): 32 37 0.5351924227391661
list:
dist: 0.5351924227391661 vs. 0.5351924227391661
--------
nle(id0,id1,dist): 32 39 0.9582430711539499
list:
dist: 0.9582430711539499 vs. 0.9582430711539499
--------
nle(id0,id1,dist): 32 34 1.746447832385676
list:
dist: 1.746447832385676 vs. 1.746447832385676
--------
nle(id0,id1,dist): 32 33 1.0235217856167533
list:
dist: 1.0235217856167533 vs. 1.0235217856167533
--------
nle(id0,id1,dist): 32 36 0.8677943510779929
list:
dist: 0.8677943510779929 vs. 0.8677943510779929
--------
nle(id0,id1,dist): 32 35 0.8256848589288653
list:
dist: 0.8256848589288653 vs. 0.8256848589288653
--------
nle(id0,id1,dist): 32 46 1.4156886480273867
list:
dist: 1.4156886480273867 vs. 1.4156886480273867
--------
nle(id0,id1,dist): 32 45 1.7348265674118897
list:
dist: 1.7348265674118897 vs. 1.7348265674118897
--------
nle(id0,id1,dist): 32 47 1.8933285144845837
list:
dist: 1.8933285144845837 vs. 1.8933285144845837
--------
nle(id0,id1,dist): 32 42 1.8914571918047476
list:
dist: 1.8914571918047476 vs. 1.8914571918047476
--------
nle(id0,id1,dist): 32 41 0.9249017355470609
list:
dist: 0.9249017355470609 vs. 0.9249017355470609
--------
nle(id0,id1,dist): 32 44 2.8826684872915673
list:
dist: 2.8826684872915673 vs. 2.8826684872915673
--------
nle(id0,id1,dist): 32 43 1.8901232078270438
list:
dist: 1.8901232078270438 vs. 1.8901232078270438
--------
nle(id0,id1,dist): 31 59 4.950504684266262
list:
dist: 4.950504684266262 vs. 4.950504684266262
--------
nle(id0,id1,dist): 31 54 2.1300396886331763
list:
dist: 2.1300396886331763 vs. 2.1300396886331763
--------
nle(id0,id1,dist): 31 55 4.461179138474993
list:
dist: 4.461179138474993 vs. 4.461179138474993
--------
nle(id0,id1,dist): 31 45 2.7138523375323675
list:
dist: 2.7138523375323675 vs. 2.7138523375323675
--------
nle(id0,id1,dist): 31 44 3.040379726218135
list:
dist: 3.040379726218135 vs. 3.040379726218135
--------
nle(id0,id1,dist): 31 43 1.297803330326729
list:
dist: 1.297803330326729 vs. 1.297803330326729
--------
nle(id0,id1,dist): 31 42 2.334259148556523
list:
dist: 2.334259148556523 vs. 2.334259148556523
--------
nle(id0,id1,dist): 31 41 1.3313283186528568
list:
dist: 1.3313283186528568 vs. 1.3313283186528568
--------
nle(id0,id1,dist): 31 40 3.6293158969043184
list:
dist: 3.6293158969043184 vs. 3.6293158969043184
--------
nle(id0,id1,dist): 31 39 1.3718904308258908
list:
dist: 1.3718904308258908 vs. 1.3718904308258908
--------
nle(id0,id1,dist): 31 38 1.7522620199319998
list:
dist: 1.7522620199319998 vs. 1.7522620199319998
--------
nle(id0,id1,dist): 31 53 3.0232334588326495
list:
dist: 3.0232334588326495 vs. 3.0232334588326495
--------
nle(id0,id1,dist): 31 52 3.2798065314785205
list:
dist: 3.2798065314785205 vs. 3.2798065314785205
--------
nle(id0,id1,dist): 31 51 2.122259729644733
list:
dist: 2.122259729644733 vs. 2.122259729644733
--------
nle(id0,id1,dist): 31 50 2.8587668385255345
list:
dist: 2.8587668385255345 vs. 2.8587668385255345
--------
nle(id0,id1,dist): 31 49 4.020855074282606
list:
dist: 4.020855074282606 vs. 4.020855074282606
--------
nle(id0,id1,dist): 31 47 3.0330881331904105
list:
dist: 3.0330881331904105 vs. 3.0330881331904105
--------
nle(id0,id1,dist): 31 46 3.0511346550717233
list:
dist: 3.0511346550717233 vs. 3.0511346550717233
--------
nle(id0,id1,dist): 31 36 1.1149093284523364
list:
dist: 1.1149093284523364 vs. 1.1149093284523364
--------
nle(id0,id1,dist): 31 37 2.3030494764913736
list:
dist: 2.3030494764913736 vs. 2.3030494764913736
--------
nle(id0,id1,dist): 31 34 0.8944670271563319
list:
dist: 0.8944670271563319 vs. 0.8944670271563319
--------
nle(id0,id1,dist): 31 35 2.66768125433237
list:
dist: 2.66768125433237 vs. 2.66768125433237
--------
nle(id0,id1,dist): 31 32 1.8536461851976422
list:
dist: 1.8536461851976422 vs. 1.8536461851976422
--------
nle(id0,id1,dist): 31 33 1.1750343918599642
list:
dist: 1.1750343918599642 vs. 1.1750343918599642
--------
nle(id0,id1,dist): 44 47 1.6699073466671828
list:
dist: 1.6699073466671828 vs. 1.6699073466671828
--------
nle(id0,id1,dist): 44 48 1.9876731624000226
list:
dist: 1.9876731624000226 vs. 1.9876731624000226
--------
nle(id0,id1,dist): 44 45 1.7412248933824
list:
dist: 1.7412248933824 vs. 1.7412248933824
--------
nle(id0,id1,dist): 44 46 2.53100452113656
list:
dist: 2.53100452113656 vs. 2.53100452113656
--------
nle(id0,id1,dist): 44 51 2.01923169129828
list:
dist: 2.01923169129828 vs. 2.01923169129828
--------
nle(id0,id1,dist): 44 52 1.3951290926686033
list:
dist: 1.3951290926686033 vs. 1.3951290926686033
--------
nle(id0,id1,dist): 44 49 1.4388811963657917
list:
dist: 1.4388811963657917 vs. 1.4388811963657917
--------
nle(id0,id1,dist): 44 50 2.0326324866443644
list:
dist: 2.0326324866443644 vs. 2.0326324866443644
--------
nle(id0,id1,dist): 43 50 3.288453186553599
list:
dist: 3.288453186553599 vs. 3.288453186553599
--------
nle(id0,id1,dist): 43 51 2.4755357501533974
list:
dist: 2.4755357501533974 vs. 2.4755357501533974
--------
nle(id0,id1,dist): 43 52 3.7662124925162344
list:
dist: 3.7662124925162344 vs. 3.7662124925162344
--------
nle(id0,id1,dist): 43 53 3.4854151207760697
list:
dist: 3.4854151207760697 vs. 3.4854151207760697
--------
nle(id0,id1,dist): 43 54 2.8983952126845316
list:
dist: 2.8983952126845316 vs. 2.8983952126845316
--------
nle(id0,id1,dist): 43 55 4.359225521771427
list:
dist: 4.359225521771427 vs. 4.359225521771427
--------
nle(id0,id1,dist): 43 45 2.9794998150237504
list:
dist: 2.9794998150237504 vs. 2.9794998150237504
--------
nle(id0,id1,dist): 43 46 3.180707888203632
list:
dist: 3.180707888203632 vs. 3.180707888203632
--------
nle(id0,id1,dist): 43 47 3.3949891436246125
list:
dist: 3.3949891436246125 vs. 3.3949891436246125
--------
nle(id0,id1,dist): 42 46 1.7229077132408759
list:
dist: 1.7229077132408759 vs. 1.7229077132408759
--------
nle(id0,id1,dist): 42 45 0.7648549459223694
list:
dist: 0.7648549459223694 vs. 0.7648549459223694
--------
nle(id0,id1,dist): 42 44 1.159743942325072
list:
dist: 1.159743942325072 vs. 1.159743942325072
--------
nle(id0,id1,dist): 42 43 2.9015486369082
list:
dist: 2.9015486369082 vs. 2.9015486369082
--------
nle(id0,id1,dist): 42 59 2.8105783508905398
list:
dist: 2.8105783508905398 vs. 2.8105783508905398
--------
nle(id0,id1,dist): 42 57 1.9471006265242432
list:
dist: 1.9471006265242432 vs. 1.9471006265242432
--------
nle(id0,id1,dist): 42 58 2.9381175822470817
list:
dist: 2.9381175822470817 vs. 2.9381175822470817
--------
nle(id0,id1,dist): 42 55 2.6399952269504223
list:
dist: 2.6399952269504223 vs. 2.6399952269504223
--------
nle(id0,id1,dist): 42 56 2.3697383610058553
list:
dist: 2.3697383610058553 vs. 2.3697383610058553
--------
nle(id0,id1,dist): 42 53 0.7184747808533072
list:
dist: 0.7184747808533072 vs. 0.7184747808533072
--------
nle(id0,id1,dist): 42 54 1.0100142412870838
list:
dist: 1.0100142412870838 vs. 1.0100142412870838
--------
nle(id0,id1,dist): 42 51 1.287082900724767
list:
dist: 1.287082900724767 vs. 1.287082900724767
--------
nle(id0,id1,dist): 42 52 1.3334115014522236
list:
dist: 1.3334115014522236 vs. 1.3334115014522236
--------
nle(id0,id1,dist): 42 49 1.6929668860381695
list:
dist: 1.6929668860381695 vs. 1.6929668860381695
--------
nle(id0,id1,dist): 42 50 1.7422232461180744
list:
dist: 1.7422232461180744 vs. 1.7422232461180744
--------
nle(id0,id1,dist): 42 47 1.0191665588252743
list:
dist: 1.0191665588252743 vs. 1.0191665588252743
--------
nle(id0,id1,dist): 42 48 1.800955821066047
list:
dist: 1.800955821066047 vs. 1.800955821066047
--------
nle(id0,id1,dist): 41 49 3.049008502826981
list:
dist: 3.049008502826981 vs. 3.049008502826981
--------
nle(id0,id1,dist): 41 51 1.5452211679502494
list:
dist: 1.5452211679502494 vs. 1.5452211679502494
--------
nle(id0,id1,dist): 41 50 2.3955895132517315
list:
dist: 2.3955895132517315 vs. 2.3955895132517315
--------
nle(id0,id1,dist): 41 45 1.5147255773251886
list:
dist: 1.5147255773251886 vs. 1.5147255773251886
--------
nle(id0,id1,dist): 41 44 2.4869848329223894
list:
dist: 2.4869848329223894 vs. 2.4869848329223894
--------
nle(id0,id1,dist): 41 47 1.8937835399519867
list:
dist: 1.8937835399519867 vs. 1.8937835399519867
--------
nle(id0,id1,dist): 41 46 1.8586119623770785
list:
dist: 1.8586119623770785 vs. 1.8586119623770785
--------
nle(id0,id1,dist): 41 43 1.5243648748707574
list:
dist: 1.5243648748707574 vs. 1.5243648748707574
--------
nle(id0,id1,dist): 41 42 1.4346338504214184
list:
dist: 1.4346338504214184 vs. 1.4346338504214184
--------
nle(id0,id1,dist): 41 59 3.8089605352830396
list:
dist: 3.8089605352830396 vs. 3.8089605352830396
--------
nle(id0,id1,dist): 41 52 2.51543168885436
list:
dist: 2.51543168885436 vs. 2.51543168885436
--------
nle(id0,id1,dist): 41 53 2.041700545278889
list:
dist: 2.041700545278889 vs. 2.041700545278889
--------
nle(id0,id1,dist): 41 54 1.766151417852638
list:
dist: 1.766151417852638 vs. 1.766151417852638
--------
nle(id0,id1,dist): 41 55 3.1411225518821135
list:
dist: 3.1411225518821135 vs. 3.1411225518821135
--------
nle(id0,id1,dist): 40 43 4.1304050396981635
list:
dist: 4.1304050396981635 vs. 4.1304050396981635
--------
nle(id0,id1,dist): 40 44 2.806981415678377
list:
dist: 2.806981415678377 vs. 2.806981415678377
--------
nle(id0,id1,dist): 40 41 3.473573681665385
list:
dist: 3.473573681665385 vs. 3.473573681665385
--------
nle(id0,id1,dist): 40 42 2.850017801313184
list:
dist: 2.850017801313184 vs. 2.850017801313184
--------
nle(id0,id1,dist): 40 48 3.099459381966162
list:
dist: 3.099459381966162 vs. 3.099459381966162
--------
nle(id0,id1,dist): 40 51 1.966314795539464
list:
dist: 1.966314795539464 vs. 1.966314795539464
--------
nle(id0,id1,dist): 40 52 1.953817200720419
list:
dist: 1.953817200720419 vs. 1.953817200720419
--------
nle(id0,id1,dist): 40 50 1.193989664638719
list:
dist: 1.193989664638719 vs. 1.193989664638719
--------
nle(id0,id1,dist): 40 56 2.35313765740875
list:
dist: 2.35313765740875 vs. 2.35313765740875
--------
nle(id0,id1,dist): 40 53 2.789935603694924
list:
dist: 2.789935603694924 vs. 2.789935603694924
--------
nle(id0,id1,dist): 40 54 2.0423292286191908
list:
dist: 2.0423292286191908 vs. 2.0423292286191908
--------
nle(id0,id1,dist): 40 58 3.642290838258353
list:
dist: 3.642290838258353 vs. 3.642290838258353
--------
nle(id0,id1,dist): 40 57 2.719908106904567
list:
dist: 2.719908106904567 vs. 2.719908106904567
--------
nle(id0,id1,dist): 39 46 1.7429157367045074
list:
dist: 1.7429157367045074 vs. 1.7429157367045074
--------
nle(id0,id1,dist): 39 47 1.711375121053308
list:
dist: 1.711375121053308 vs. 1.711375121053308
--------
nle(id0,id1,dist): 39 49 2.855322769425363
list:
dist: 2.855322769425363 vs. 2.855322769425363
--------
nle(id0,id1,dist): 39 50 2.5500063843748833
list:
dist: 2.5500063843748833 vs. 2.5500063843748833
--------
nle(id0,id1,dist): 39 51 1.7899845268690313
list:
dist: 1.7899845268690313 vs. 1.7899845268690313
--------
nle(id0,id1,dist): 39 52 2.5160281527891133
list:
dist: 2.5160281527891133 vs. 2.5160281527891133
--------
nle(id0,id1,dist): 39 53 1.9468811195356448
list:
dist: 1.9468811195356448 vs. 1.9468811195356448
--------
nle(id0,id1,dist): 39 54 1.6565837075485528
list:
dist: 1.6565837075485528 vs. 1.6565837075485528
--------
nle(id0,id1,dist): 39 55 3.2476804901550387
list:
dist: 3.2476804901550387 vs. 3.2476804901550387
--------
nle(id0,id1,dist): 39 59 3.6012255156841015
list:
dist: 3.6012255156841015 vs. 3.6012255156841015
--------
nle(id0,id1,dist): 38 55 3.153634030213668
list:
dist: 3.153634030213668 vs. 3.153634030213668
--------
nle(id0,id1,dist): 38 53 2.105535794025737
list:
dist: 2.105535794025737 vs. 2.105535794025737
--------
nle(id0,id1,dist): 38 54 2.0606165790362376
list:
dist: 2.0606165790362376 vs. 2.0606165790362376
--------
nle(id0,id1,dist): 38 51 2.2581599316940197
list:
dist: 2.2581599316940197 vs. 2.2581599316940197
--------
nle(id0,id1,dist): 38 52 2.806166074065509
list:
dist: 2.806166074065509 vs. 2.806166074065509
--------
nle(id0,id1,dist): 38 59 3.397748562059279
list:
dist: 3.397748562059279 vs. 3.397748562059279
--------
nle(id0,id1,dist): 39 45 1.5096880820889063
list:
dist: 1.5096880820889063 vs. 1.5096880820889063
--------
nle(id0,id1,dist): 39 44 2.120703961778862
list:
dist: 2.120703961778862 vs. 2.120703961778862
--------
nle(id0,id1,dist): 39 43 1.9907813467728939
list:
dist: 1.9907813467728939 vs. 1.9907813467728939
--------
nle(id0,id1,dist): 39 42 1.2566239080187735
list:
dist: 1.2566239080187735 vs. 1.2566239080187735
--------
nle(id0,id1,dist): 39 41 0.668157970693962
list:
dist: 0.668157970693962 vs. 0.668157970693962
--------
nle(id0,id1,dist): 39 40 3.5981802147820083
list:
dist: 3.5981802147820083 vs. 3.5981802147820083
--------
nle(id0,id1,dist): 37 59 3.3456922065840966
list:
dist: 3.3456922065840966 vs. 3.3456922065840966
--------
nle(id0,id1,dist): 38 39 0.53028788502734
list:
dist: 0.53028788502734 vs. 0.53028788502734
--------
nle(id0,id1,dist): 38 42 1.4782408100877296
list:
dist: 1.4782408100877296 vs. 1.4782408100877296
--------
nle(id0,id1,dist): 38 41 1.0637903330970526
list:
dist: 1.0637903330970526 vs. 1.0637903330970526
--------
nle(id0,id1,dist): 38 47 1.6297219471292987
list:
dist: 1.6297219471292987 vs. 1.6297219471292987
--------
nle(id0,id1,dist): 38 50 2.9865741798053294
list:
dist: 2.9865741798053294 vs. 2.9865741798053294
--------
nle(id0,id1,dist): 38 49 2.8786448937492115
list:
dist: 2.8786448937492115 vs. 2.8786448937492115
--------
nle(id0,id1,dist): 38 44 2.246987007028997
list:
dist: 2.246987007028997 vs. 2.246987007028997
--------
nle(id0,id1,dist): 38 43 2.3084214214091863
list:
dist: 2.3084214214091863 vs. 2.3084214214091863
--------
nle(id0,id1,dist): 38 46 1.4739868643692577
list:
dist: 1.4739868643692577 vs. 1.4739868643692577
--------
nle(id0,id1,dist): 38 45 1.5957622561627334
list:
dist: 1.5957622561627334 vs. 1.5957622561627334
--------
nle(id0,id1,dist): 23 28 1.0351548209623296
list:
dist: 1.0351548209623296 vs. 1.0351548209623296
--------
nle(id0,id1,dist): 23 29 1.4565200433571057
list:
dist: 1.4565200433571057 vs. 1.4565200433571057
--------
nle(id0,id1,dist): 23 26 2.2193322038089023
list:
dist: 2.2193322038089023 vs. 2.2193322038089023
--------
nle(id0,id1,dist): 23 27 2.0223978543799768
list:
dist: 2.0223978543799768 vs. 2.0223978543799768
--------
nle(id0,id1,dist): 23 24 1.0812333129805454
list:
dist: 1.0812333129805454 vs. 1.0812333129805454
--------
nle(id0,id1,dist): 22 43 3.1483422231201206
list:
dist: 3.1483422231201206 vs. 3.1483422231201206
--------
nle(id0,id1,dist): 23 43 4.525392841023244
list:
dist: 4.525392841023244 vs. 4.525392841023244
--------
nle(id0,id1,dist): 21 26 1.8107973620359974
list:
dist: 1.8107973620359974 vs. 1.8107973620359974
--------
nle(id0,id1,dist): 21 27 1.9600544838151508
list:
dist: 1.9600544838151508 vs. 1.9600544838151508
--------
nle(id0,id1,dist): 21 24 1.7627546346989496
list:
dist: 1.7627546346989496 vs. 1.7627546346989496
--------
nle(id0,id1,dist): 21 28 1.0206908069453329
list:
dist: 1.0206908069453329 vs. 1.0206908069453329
--------
nle(id0,id1,dist): 21 29 2.218769078405878
list:
dist: 2.218769078405878 vs. 2.218769078405878
--------
nle(id0,id1,dist): 21 23 1.5480880509709216
list:
dist: 1.5480880509709216 vs. 1.5480880509709216
--------
nle(id0,id1,dist): 21 22 2.944116112243184
list:
dist: 2.944116112243184 vs. 2.944116112243184
--------
nle(id0,id1,dist): 22 27 2.5844709151428233
list:
dist: 2.5844709151428233 vs. 2.5844709151428233
--------
nle(id0,id1,dist): 22 28 2.188387568480916
list:
dist: 2.188387568480916 vs. 2.188387568480916
--------
nle(id0,id1,dist): 22 29 3.2443886687579413
list:
dist: 3.2443886687579413 vs. 3.2443886687579413
--------
nle(id0,id1,dist): 22 23 2.98904376699786
list:
dist: 2.98904376699786 vs. 2.98904376699786
--------
nle(id0,id1,dist): 22 24 2.0056931713754977
list:
dist: 2.0056931713754977 vs. 2.0056931713754977
--------
nle(id0,id1,dist): 22 26 1.422902518261868
list:
dist: 1.422902518261868 vs. 1.422902518261868
--------
nle(id0,id1,dist): 19 43 4.051320493769259
list:
dist: 4.051320493769259 vs. 4.051320493769259
--------
nle(id0,id1,dist): 19 24 1.4727674672467952
list:
dist: 1.4727674672467952 vs. 1.4727674672467952
--------
nle(id0,id1,dist): 19 22 2.785958249206913
list:
dist: 2.785958249206913 vs. 2.785958249206913
--------
nle(id0,id1,dist): 19 23 1.0531114164304474
list:
dist: 1.0531114164304474 vs. 1.0531114164304474
--------
nle(id0,id1,dist): 19 20 2.0947033302280103
list:
dist: 2.0947033302280103 vs. 2.0947033302280103
--------
nle(id0,id1,dist): 19 21 1.7455356542487952
list:
dist: 1.7455356542487952 vs. 1.7455356542487952
--------
nle(id0,id1,dist): 19 28 1.235177294486886
list:
dist: 1.235177294486886 vs. 1.235177294486886
--------
nle(id0,id1,dist): 19 29 2.4514004804875063
list:
dist: 2.4514004804875063 vs. 2.4514004804875063
--------
nle(id0,id1,dist): 19 26 2.392793444361173
list:
dist: 2.392793444361173 vs. 2.392793444361173
--------
nle(id0,id1,dist): 19 27 2.7435321774982997
list:
dist: 2.7435321774982997 vs. 2.7435321774982997
--------
nle(id0,id1,dist): 20 28 1.9900080664890392
list:
dist: 1.9900080664890392 vs. 1.9900080664890392
--------
nle(id0,id1,dist): 20 21 1.1460310018916615
list:
dist: 1.1460310018916615 vs. 1.1460310018916615
--------
nle(id0,id1,dist): 20 23 2.2296102841640497
list:
dist: 2.2296102841640497 vs. 2.2296102841640497
--------
nle(id0,id1,dist): 20 24 2.7416324289938223
list:
dist: 2.7416324289938223 vs. 2.7416324289938223
--------
nle(id0,id1,dist): 18 22 2.1511010822816945
list:
dist: 2.1511010822816945 vs. 2.1511010822816945
--------
nle(id0,id1,dist): 18 21 1.5924169839906797
list:
dist: 1.5924169839906797 vs. 1.5924169839906797
--------
nle(id0,id1,dist): 18 20 2.28242052963769
list:
dist: 2.28242052963769 vs. 2.28242052963769
--------
nle(id0,id1,dist): 18 19 0.7006107696919259
list:
dist: 0.7006107696919259 vs. 0.7006107696919259
--------
nle(id0,id1,dist): 17 28 1.9859075377660174
list:
dist: 1.9859075377660174 vs. 1.9859075377660174
--------
nle(id0,id1,dist): 18 43 3.7965889046461485
list:
dist: 3.7965889046461485 vs. 3.7965889046461485
--------
nle(id0,id1,dist): 18 23 1.0341625462999624
list:
dist: 1.0341625462999624 vs. 1.0341625462999624
--------
nle(id0,id1,dist): 18 24 0.8728955438006956
list:
dist: 0.8728955438006956 vs. 0.8728955438006956
--------
nle(id0,id1,dist): 18 26 1.7385071383717423
list:
dist: 1.7385071383717423 vs. 1.7385071383717423
--------
nle(id0,id1,dist): 18 27 2.2026997664888057
list:
dist: 2.2026997664888057 vs. 2.2026997664888057
--------
nle(id0,id1,dist): 18 28 0.7428734342564002
list:
dist: 0.7428734342564002 vs. 0.7428734342564002
--------
nle(id0,id1,dist): 18 29 2.1249175968171277
list:
dist: 2.1249175968171277 vs. 2.1249175968171277
--------
nle(id0,id1,dist): 30 41 2.3760582361404072
list:
dist: 2.3760582361404072 vs. 2.3760582361404072
--------
nle(id0,id1,dist): 30 39 2.462456895692083
list:
dist: 2.462456895692083 vs. 2.462456895692083
--------
nle(id0,id1,dist): 30 38 2.630505630457399
list:
dist: 2.630505630457399 vs. 2.630505630457399
--------
nle(id0,id1,dist): 30 37 2.917113278470373
list:
dist: 2.917113278470373 vs. 2.917113278470373
--------
nle(id0,id1,dist): 30 36 1.979652125548621
list:
dist: 1.979652125548621 vs. 1.979652125548621
--------
nle(id0,id1,dist): 30 35 3.190656933660186
list:
dist: 3.190656933660186 vs. 3.190656933660186
--------
nle(id0,id1,dist): 30 34 2.2618565666446346
list:
dist: 2.2618565666446346 vs. 2.2618565666446346
--------
nle(id0,id1,dist): 30 33 1.4435490743462374
list:
dist: 1.4435490743462374 vs. 1.4435490743462374
--------
nle(id0,id1,dist): 30 32 2.466583979292915
list:
dist: 2.466583979292915 vs. 2.466583979292915
--------
nle(id0,id1,dist): 30 31 1.424889615846184
list:
dist: 1.424889615846184 vs. 1.424889615846184
--------
nle(id0,id1,dist): 30 46 3.867553128302503
list:
dist: 3.867553128302503 vs. 3.867553128302503
--------
nle(id0,id1,dist): 30 43 1.463315987548069
list:
dist: 1.463315987548069 vs. 1.463315987548069
--------
nle(id0,id1,dist): 28 29 1.7713385884830801
list:
dist: 1.7713385884830801 vs. 1.7713385884830801
--------
nle(id0,id1,dist): 28 43 4.360709092125833
list:
dist: 4.360709092125833 vs. 4.360709092125833
--------
nle(id0,id1,dist): 26 27 1.3564789374836865
list:
dist: 1.3564789374836865 vs. 1.3564789374836865
--------
nle(id0,id1,dist): 26 28 1.284606388077781
list:
dist: 1.284606388077781 vs. 1.284606388077781
--------
nle(id0,id1,dist): 26 29 2.25501241707029
list:
dist: 2.25501241707029 vs. 2.25501241707029
--------
nle(id0,id1,dist): 27 29 1.232969766487887
list:
dist: 1.232969766487887 vs. 1.232969766487887
--------
nle(id0,id1,dist): 27 28 1.6061081838016835
list:
dist: 1.6061081838016835 vs. 1.6061081838016835
--------
nle(id0,id1,dist): 24 26 1.366989749431427
list:
dist: 1.366989749431427 vs. 1.366989749431427
--------
nle(id0,id1,dist): 24 27 1.4792952219362736
list:
dist: 1.4792952219362736 vs. 1.4792952219362736
--------
nle(id0,id1,dist): 24 28 0.7837848847173008
list:
dist: 0.7837848847173008 vs. 0.7837848847173008
--------
nle(id0,id1,dist): 24 29 1.4476002306350746
list:
dist: 1.4476002306350746 vs. 1.4476002306350746
--------
nle(id0,id1,dist): 24 43 3.8944658180547385
list:
dist: 3.8944658180547385 vs. 3.8944658180547385
--------
nle(id0,id1,dist): 62 79 2.6691478036486638
list:
dist: 2.6691478036486638 vs. 2.6691478036486638
--------
nle(id0,id1,dist): 62 80 3.265179023292245
list:
dist: 3.265179023292245 vs. 3.265179023292245
--------
nle(id0,id1,dist): 62 81 3.0530139461983885
list:
dist: 3.0530139461983885 vs. 3.0530139461983885
--------
nle(id0,id1,dist): 62 76 2.7915534601543253
list:
dist: 2.7915534601543253 vs. 2.7915534601543253
--------
nle(id0,id1,dist): 62 64 3.1327077183822216
list:
dist: 3.1327077183822216 vs. 3.1327077183822216
--------
nle(id0,id1,dist): 62 63 1.9010624732563992
list:
dist: 1.9010624732563992 vs. 1.9010624732563992
--------
nle(id0,id1,dist): 62 66 3.0424555391910206
list:
dist: 3.0424555391910206 vs. 3.0424555391910206
--------
nle(id0,id1,dist): 62 65 2.005534868790146
list:
dist: 2.005534868790146 vs. 2.005534868790146
--------
nle(id0,id1,dist): 62 72 1.6833962726394727
list:
dist: 1.6833962726394727 vs. 1.6833962726394727
--------
nle(id0,id1,dist): 62 71 2.683641849811353
list:
dist: 2.683641849811353 vs. 2.683641849811353
--------
nle(id0,id1,dist): 62 73 1.909590830770477
list:
dist: 1.909590830770477 vs. 1.909590830770477
--------
nle(id0,id1,dist): 62 68 1.6309284540573183
list:
dist: 1.6309284540573183 vs. 1.6309284540573183
--------
nle(id0,id1,dist): 62 70 2.5407744976478788
list:
dist: 2.5407744976478788 vs. 2.5407744976478788
--------
nle(id0,id1,dist): 62 69 2.3098665692967915
list:
dist: 2.3098665692967915 vs. 2.3098665692967915
--------
nle(id0,id1,dist): 61 85 2.4342294928173724
list:
dist: 2.4342294928173724 vs. 2.4342294928173724
--------
nle(id0,id1,dist): 61 82 2.1652358592672054
list:
dist: 2.1652358592672054 vs. 2.1652358592672054
--------
nle(id0,id1,dist): 61 83 2.8576071626287
list:
dist: 2.8576071626287 vs. 2.8576071626287
--------
nle(id0,id1,dist): 61 80 2.8098027378885697
list:
dist: 2.8098027378885697 vs. 2.8098027378885697
--------
nle(id0,id1,dist): 61 81 0.9576158470915398
list:
dist: 0.9576158470915398 vs. 0.9576158470915398
--------
nle(id0,id1,dist): 61 88 2.2108413227656394
list:
dist: 2.2108413227656394 vs. 2.2108413227656394
--------
nle(id0,id1,dist): 61 89 3.1900423453882905
list:
dist: 3.1900423453882905 vs. 3.1900423453882905
--------
nle(id0,id1,dist): 61 71 0.9913326667384529
list:
dist: 0.9913326667384529 vs. 0.9913326667384529
--------
nle(id0,id1,dist): 61 70 1.072895971770788
list:
dist: 1.072895971770788 vs. 1.072895971770788
--------
nle(id0,id1,dist): 61 69 1.9675324829192022
list:
dist: 1.9675324829192022 vs. 1.9675324829192022
--------
nle(id0,id1,dist): 61 68 1.3981181579046276
list:
dist: 1.3981181579046276 vs. 1.3981181579046276
--------
nle(id0,id1,dist): 61 67 2.198333743838907
list:
dist: 2.198333743838907 vs. 2.198333743838907
--------
nle(id0,id1,dist): 61 66 2.345624455764392
list:
dist: 2.345624455764392 vs. 2.345624455764392
--------
nle(id0,id1,dist): 61 65 1.4077522981351849
list:
dist: 1.4077522981351849 vs. 1.4077522981351849
--------
nle(id0,id1,dist): 61 64 2.4600367180646536
list:
dist: 2.4600367180646536 vs. 2.4600367180646536
--------
nle(id0,id1,dist): 61 79 1.183401855363602
list:
dist: 1.183401855363602 vs. 1.183401855363602
--------
nle(id0,id1,dist): 61 78 1.8691257506889087
list:
dist: 1.8691257506889087 vs. 1.8691257506889087
--------
nle(id0,id1,dist): 61 77 3.283668317610353
list:
dist: 3.283668317610353 vs. 3.283668317610353
--------
nle(id0,id1,dist): 61 76 1.3702437131164387
list:
dist: 1.3702437131164387 vs. 1.3702437131164387
--------
nle(id0,id1,dist): 61 75 1.283610984425197
list:
dist: 1.283610984425197 vs. 1.283610984425197
--------
nle(id0,id1,dist): 61 73 1.2102382281882382
list:
dist: 1.2102382281882382 vs. 1.2102382281882382
--------
nle(id0,id1,dist): 61 72 2.6098739730912563
list:
dist: 2.6098739730912563 vs. 2.6098739730912563
--------
nle(id0,id1,dist): 64 65 3.286901656603462
list:
dist: 3.286901656603462 vs. 3.286901656603462
--------
nle(id0,id1,dist): 64 66 1.1370449680615957
list:
dist: 1.1370449680615957 vs. 1.1370449680615957
--------
nle(id0,id1,dist): 64 67 1.5363500319091656
list:
dist: 1.5363500319091656 vs. 1.5363500319091656
--------
nle(id0,id1,dist): 64 68 1.902824886087985
list:
dist: 1.902824886087985 vs. 1.902824886087985
--------
nle(id0,id1,dist): 64 69 3.731079210412024
list:
dist: 3.731079210412024 vs. 3.731079210412024
--------
nle(id0,id1,dist): 64 70 2.197086057698448
list:
dist: 2.197086057698448 vs. 2.197086057698448
--------
nle(id0,id1,dist): 64 71 1.5080083095726158
list:
dist: 1.5080083095726158 vs. 1.5080083095726158
--------
nle(id0,id1,dist): 64 72 3.3072609308621304
list:
dist: 3.3072609308621304 vs. 3.3072609308621304
--------
nle(id0,id1,dist): 64 73 2.232207101935556
list:
dist: 2.232207101935556 vs. 2.232207101935556
--------
nle(id0,id1,dist): 64 74 1.4573280481043338
list:
dist: 1.4573280481043338 vs. 1.4573280481043338
--------
nle(id0,id1,dist): 64 75 2.293148009088435
list:
dist: 2.293148009088435 vs. 2.293148009088435
--------
nle(id0,id1,dist): 64 76 1.1315713041608157
list:
dist: 1.1315713041608157 vs. 1.1315713041608157
--------
nle(id0,id1,dist): 64 77 1.9683880508000797
list:
dist: 1.9683880508000797 vs. 1.9683880508000797
--------
nle(id0,id1,dist): 64 78 1.3747040216929378
list:
dist: 1.3747040216929378 vs. 1.3747040216929378
--------
nle(id0,id1,dist): 64 79 2.2067848790010176
list:
dist: 2.2067848790010176 vs. 2.2067848790010176
--------
nle(id0,id1,dist): 64 80 1.1770550052838016
list:
dist: 1.1770550052838016 vs. 1.1770550052838016
--------
nle(id0,id1,dist): 63 72 2.7358989403803067
list:
dist: 2.7358989403803067 vs. 2.7358989403803067
--------
nle(id0,id1,dist): 63 73 2.0350380455231085
list:
dist: 2.0350380455231085 vs. 2.0350380455231085
--------
nle(id0,id1,dist): 63 70 2.335706459525184
list:
dist: 2.335706459525184 vs. 2.335706459525184
--------
nle(id0,id1,dist): 63 71 2.25804039944093
list:
dist: 2.25804039944093 vs. 2.25804039944093
--------
nle(id0,id1,dist): 63 76 2.609055614653449
list:
dist: 2.609055614653449 vs. 2.609055614653449
--------
nle(id0,id1,dist): 63 80 3.8975800625199377
list:
dist: 3.8975800625199377 vs. 3.8975800625199377
--------
nle(id0,id1,dist): 63 81 2.384237856105196
list:
dist: 2.384237856105196 vs. 2.384237856105196
--------
nle(id0,id1,dist): 63 79 1.7315089835805701
list:
dist: 1.7315089835805701 vs. 1.7315089835805701
--------
nle(id0,id1,dist): 63 65 1.611403520871706
list:
dist: 1.611403520871706 vs. 1.611403520871706
--------
nle(id0,id1,dist): 63 64 3.4542304617759387
list:
dist: 3.4542304617759387 vs. 3.4542304617759387
--------
nle(id0,id1,dist): 63 69 0.6523495945357421
list:
dist: 0.6523495945357421 vs. 0.6523495945357421
--------
nle(id0,id1,dist): 63 68 1.6270149868733947
list:
dist: 1.6270149868733947 vs. 1.6270149868733947
--------
nle(id0,id1,dist): 63 66 3.5013426806552443
list:
dist: 3.5013426806552443 vs. 3.5013426806552443
--------
nle(id0,id1,dist): 58 59 2.2391298196853144
list:
dist: 2.2391298196853144 vs. 2.2391298196853144
--------
nle(id0,id1,dist): 61 63 1.554352057814794
list:
dist: 1.554352057814794 vs. 1.554352057814794
--------
nle(id0,id1,dist): 61 62 2.493156087924857
list:
dist: 2.493156087924857 vs. 2.493156087924857
--------
nle(id0,id1,dist): 60 80 2.9656943790406674
list:
dist: 2.9656943790406674 vs. 2.9656943790406674
--------
nle(id0,id1,dist): 60 81 2.4372939787085492
list:
dist: 2.4372939787085492 vs. 2.4372939787085492
--------
nle(id0,id1,dist): 60 69 3.5587277101889563
list:
dist: 3.5587277101889563 vs. 3.5587277101889563
--------
nle(id0,id1,dist): 60 70 1.942790343942213
list:
dist: 1.942790343942213 vs. 1.942790343942213
--------
nle(id0,id1,dist): 60 71 2.9320500013209196
list:
dist: 2.9320500013209196 vs. 2.9320500013209196
--------
nle(id0,id1,dist): 60 72 0.5552072468201475
list:
dist: 0.5552072468201475 vs. 0.5552072468201475
--------
nle(id0,id1,dist): 60 73 1.568634913133475
list:
dist: 1.568634913133475 vs. 1.568634913133475
--------
nle(id0,id1,dist): 60 76 2.967158684435429
list:
dist: 2.967158684435429 vs. 2.967158684435429
--------
nle(id0,id1,dist): 60 63 2.9152923144048724
list:
dist: 2.9152923144048724 vs. 2.9152923144048724
--------
nle(id0,id1,dist): 60 62 2.168530551544348
list:
dist: 2.168530551544348 vs. 2.168530551544348
--------
nle(id0,id1,dist): 60 61 2.6216284317220007
list:
dist: 2.6216284317220007 vs. 2.6216284317220007
--------
nle(id0,id1,dist): 60 66 2.691703528841747
list:
dist: 2.691703528841747 vs. 2.691703528841747
--------
nle(id0,id1,dist): 60 65 1.5268932034431484
list:
dist: 1.5268932034431484 vs. 1.5268932034431484
--------
nle(id0,id1,dist): 68 99 4.610399293231465
list:
dist: 4.610399293231465 vs. 4.610399293231465
--------
nle(id0,id1,dist): 68 96 4.487583324410788
list:
dist: 4.487583324410788 vs. 4.487583324410788
--------
nle(id0,id1,dist): 68 94 4.068353034716657
list:
dist: 4.068353034716657 vs. 4.068353034716657
--------
nle(id0,id1,dist): 68 93 4.9512663247146556
list:
dist: 4.9512663247146556 vs. 4.9512663247146556
--------
nle(id0,id1,dist): 69 71 2.577104405213127
list:
dist: 2.577104405213127 vs. 2.577104405213127
--------
nle(id0,id1,dist): 69 70 2.8717697095637917
list:
dist: 2.8717697095637917 vs. 2.8717697095637917
--------
nle(id0,id1,dist): 68 104 5.246818736826053
list:
dist: 5.246818736826053 vs. 5.246818736826053
--------
nle(id0,id1,dist): 69 79 1.7899844102804423
list:
dist: 1.7899844102804423 vs. 1.7899844102804423
--------
nle(id0,id1,dist): 69 76 2.9387295010480585
list:
dist: 2.9387295010480585 vs. 2.9387295010480585
--------
nle(id0,id1,dist): 68 112 4.747598367581511
list:
dist: 4.747598367581511 vs. 4.747598367581511
--------
nle(id0,id1,dist): 69 72 3.3525486527146033
list:
dist: 3.3525486527146033 vs. 3.3525486527146033
--------
nle(id0,id1,dist): 68 110 4.895173733194965
list:
dist: 4.895173733194965 vs. 4.895173733194965
--------
nle(id0,id1,dist): 69 73 2.6105009917241215
list:
dist: 2.6105009917241215 vs. 2.6105009917241215
--------
nle(id0,id1,dist): 69 80 4.324506371999534
list:
dist: 4.324506371999534 vs. 4.324506371999534
--------
nle(id0,id1,dist): 68 117 5.626979829604994
list:
dist: 5.626979829604994 vs. 5.626979829604994
--------
nle(id0,id1,dist): 69 81 2.863487410766848
list:
dist: 2.863487410766848 vs. 2.863487410766848
--------
nle(id0,id1,dist): 68 74 2.910074240955065
list:
dist: 2.910074240955065 vs. 2.910074240955065
--------
nle(id0,id1,dist): 68 73 1.4098659775704854
list:
dist: 1.4098659775704854 vs. 1.4098659775704854
--------
nle(id0,id1,dist): 67 110 3.67300465211054
list:
dist: 3.67300465211054 vs. 3.67300465211054
--------
nle(id0,id1,dist): 68 76 1.3799258064434248
list:
dist: 1.3799258064434248 vs. 1.3799258064434248
--------
nle(id0,id1,dist): 68 75 2.187574313482388
list:
dist: 2.187574313482388 vs. 2.187574313482388
--------
nle(id0,id1,dist): 67 112 3.8630500067183613
list:
dist: 3.8630500067183613 vs. 3.8630500067183613
--------
nle(id0,id1,dist): 68 70 1.7496780065002362
list:
dist: 1.7496780065002362 vs. 1.7496780065002362
--------
nle(id0,id1,dist): 68 69 1.9223045774177483
list:
dist: 1.9223045774177483 vs. 1.9223045774177483
--------
nle(id0,id1,dist): 68 72 2.437938579267889
list:
dist: 2.437938579267889 vs. 2.437938579267889
--------
nle(id0,id1,dist): 68 71 1.2245832878264271
list:
dist: 1.2245832878264271 vs. 1.2245832878264271
--------
nle(id0,id1,dist): 68 81 2.132611276019925
list:
dist: 2.132611276019925 vs. 2.132611276019925
--------
nle(id0,id1,dist): 68 82 2.6045134093486846
list:
dist: 2.6045134093486846 vs. 2.6045134093486846
--------
nle(id0,id1,dist): 68 83 2.995109420449433
list:
dist: 2.995109420449433 vs. 2.995109420449433
--------
nle(id0,id1,dist): 68 84 3.9732919524537658
list:
dist: 3.9732919524537658 vs. 3.9732919524537658
--------
nle(id0,id1,dist): 68 77 3.501666576298513
list:
dist: 3.501666576298513 vs. 3.501666576298513
--------
nle(id0,id1,dist): 68 78 2.191007509769795
list:
dist: 2.191007509769795 vs. 2.191007509769795
--------
nle(id0,id1,dist): 68 79 1.1571966070243143
list:
dist: 1.1571966070243143 vs. 1.1571966070243143
--------
nle(id0,id1,dist): 67 116 4.109333804957592
list:
dist: 4.109333804957592 vs. 4.109333804957592
--------
nle(id0,id1,dist): 68 80 2.4783257097028013
list:
dist: 2.4783257097028013 vs. 2.4783257097028013
--------
nle(id0,id1,dist): 68 89 3.4103475955549962
list:
dist: 3.4103475955549962 vs. 3.4103475955549962
--------
nle(id0,id1,dist): 68 91 4.568226187552626
list:
dist: 4.568226187552626 vs. 4.568226187552626
--------
nle(id0,id1,dist): 68 85 3.0697266946810977
list:
dist: 3.0697266946810977 vs. 3.0697266946810977
--------
nle(id0,id1,dist): 68 86 3.7112502899771083
list:
dist: 3.7112502899771083 vs. 3.7112502899771083
--------
nle(id0,id1,dist): 68 87 4.184174395016701
list:
dist: 4.184174395016701 vs. 4.184174395016701
--------
nle(id0,id1,dist): 68 88 2.7093842381895903
list:
dist: 2.7093842381895903 vs. 2.7093842381895903
--------
nle(id0,id1,dist): 70 85 2.3238576674712066
list:
dist: 2.3238576674712066 vs. 2.3238576674712066
--------
nle(id0,id1,dist): 70 84 2.8025954383043357
list:
dist: 2.8025954383043357 vs. 2.8025954383043357
--------
nle(id0,id1,dist): 70 83 2.3445596784477654
list:
dist: 2.3445596784477654 vs. 2.3445596784477654
--------
nle(id0,id1,dist): 70 89 2.826580757603808
list:
dist: 2.826580757603808 vs. 2.826580757603808
--------
nle(id0,id1,dist): 70 88 2.4518768398319324
list:
dist: 2.4518768398319324 vs. 2.4518768398319324
--------
nle(id0,id1,dist): 70 87 3.4239528717349255
list:
dist: 3.4239528717349255 vs. 3.4239528717349255
--------
nle(id0,id1,dist): 71 72 2.847712730086759
list:
dist: 2.847712730086759 vs. 2.847712730086759
--------
nle(id0,id1,dist): 71 73 1.3701734806413646
list:
dist: 1.3701734806413646 vs. 1.3701734806413646
--------
nle(id0,id1,dist): 71 76 0.4156694582823801
list:
dist: 0.4156694582823801 vs. 0.4156694582823801
--------
nle(id0,id1,dist): 71 77 2.4738330316876156
list:
dist: 2.4738330316876156 vs. 2.4738330316876156
--------
nle(id0,id1,dist): 71 74 2.3382400449399543
list:
dist: 2.3382400449399543 vs. 2.3382400449399543
--------
nle(id0,id1,dist): 71 75 1.0859220593934973
list:
dist: 1.0859220593934973 vs. 1.0859220593934973
--------
nle(id0,id1,dist): 70 71 1.1820437552047336
list:
dist: 1.1820437552047336 vs. 1.1820437552047336
--------
nle(id0,id1,dist): 70 72 2.0337205709239
list:
dist: 2.0337205709239 vs. 2.0337205709239
--------
nle(id0,id1,dist): 70 73 0.6464596503736119
list:
dist: 0.6464596503736119 vs. 0.6464596503736119
--------
nle(id0,id1,dist): 70 74 2.338003381275676
list:
dist: 2.338003381275676 vs. 2.338003381275676
--------
nle(id0,id1,dist): 70 75 1.6768830259436067
list:
dist: 1.6768830259436067 vs. 1.6768830259436067
--------
nle(id0,id1,dist): 70 76 1.273320142211498
list:
dist: 1.273320142211498 vs. 1.273320142211498
--------
nle(id0,id1,dist): 70 77 2.835431371070384
list:
dist: 2.835431371070384 vs. 2.835431371070384
--------
nle(id0,id1,dist): 70 78 1.3572316665686825
list:
dist: 1.3572316665686825 vs. 1.3572316665686825
--------
nle(id0,id1,dist): 70 79 2.0173264972631566
list:
dist: 2.0173264972631566 vs. 2.0173264972631566
--------
nle(id0,id1,dist): 70 80 2.082561753511999
list:
dist: 2.082561753511999 vs. 2.082561753511999
--------
nle(id0,id1,dist): 70 81 0.71582510477066
list:
dist: 0.71582510477066 vs. 0.71582510477066
--------
nle(id0,id1,dist): 70 82 1.973956686357174
list:
dist: 1.973956686357174 vs. 1.973956686357174
--------
nle(id0,id1,dist): 65 80 3.2280932867038885
list:
dist: 3.2280932867038885 vs. 3.2280932867038885
--------
nle(id0,id1,dist): 64 117 4.086671016715975
list:
dist: 4.086671016715975 vs. 4.086671016715975
--------
nle(id0,id1,dist): 65 81 1.5411481015907988
list:
dist: 1.5411481015907988 vs. 1.5411481015907988
--------
nle(id0,id1,dist): 65 79 2.4065513568704002
list:
dist: 2.4065513568704002 vs. 2.4065513568704002
--------
nle(id0,id1,dist): 65 76 2.3815710392077483
list:
dist: 2.3815710392077483 vs. 2.3815710392077483
--------
nle(id0,id1,dist): 66 70 1.6069261690777508
list:
dist: 1.6069261690777508 vs. 1.6069261690777508
--------
nle(id0,id1,dist): 66 69 3.9431175635774895
list:
dist: 3.9431175635774895 vs. 3.9431175635774895
--------
nle(id0,id1,dist): 66 68 2.1665836928253923
list:
dist: 2.1665836928253923 vs. 2.1665836928253923
--------
nle(id0,id1,dist): 66 67 2.1553518527139124
list:
dist: 2.1553518527139124 vs. 2.1553518527139124
--------
nle(id0,id1,dist): 64 93 4.1682228179870195
list:
dist: 4.1682228179870195 vs. 4.1682228179870195
--------
nle(id0,id1,dist): 64 94 3.353168701974277
list:
dist: 3.353168701974277 vs. 3.353168701974277
--------
nle(id0,id1,dist): 64 96 2.970334346474623
list:
dist: 2.970334346474623 vs. 2.970334346474623
--------
nle(id0,id1,dist): 64 89 1.9115227602013491
list:
dist: 1.9115227602013491 vs. 1.9115227602013491
--------
nle(id0,id1,dist): 64 91 3.3717562471438267
list:
dist: 3.3717562471438267 vs. 3.3717562471438267
--------
nle(id0,id1,dist): 64 85 2.2463522686904502
list:
dist: 2.2463522686904502 vs. 2.2463522686904502
--------
nle(id0,id1,dist): 64 86 2.782215131400827
list:
dist: 2.782215131400827 vs. 2.782215131400827
--------
nle(id0,id1,dist): 64 87 2.675349581664643
list:
dist: 2.675349581664643 vs. 2.675349581664643
--------
nle(id0,id1,dist): 64 88 2.14803363980364
list:
dist: 2.14803363980364 vs. 2.14803363980364
--------
nle(id0,id1,dist): 64 81 2.6134643131460153
list:
dist: 2.6134643131460153 vs. 2.6134643131460153
--------
nle(id0,id1,dist): 64 82 1.6795625653004844
list:
dist: 1.6795625653004844 vs. 1.6795625653004844
--------
nle(id0,id1,dist): 64 83 1.4949114178905858
list:
dist: 1.4949114178905858 vs. 1.4949114178905858
--------
nle(id0,id1,dist): 64 84 2.8065701729896797
list:
dist: 2.8065701729896797 vs. 2.8065701729896797
--------
nle(id0,id1,dist): 65 73 1.1067189475253825
list:
dist: 1.1067189475253825 vs. 1.1067189475253825
--------
nle(id0,id1,dist): 64 110 3.32244636296109
list:
dist: 3.32244636296109 vs. 3.32244636296109
--------
nle(id0,id1,dist): 65 72 1.606440143973504
list:
dist: 1.606440143973504 vs. 1.606440143973504
--------
nle(id0,id1,dist): 64 112 3.4240220798644607
list:
dist: 3.4240220798644607 vs. 3.4240220798644607
--------
nle(id0,id1,dist): 65 69 2.2552238380401786
list:
dist: 2.2552238380401786 vs. 2.2552238380401786
--------
nle(id0,id1,dist): 65 68 1.9956920674517837
list:
dist: 1.9956920674517837 vs. 1.9956920674517837
--------
nle(id0,id1,dist): 65 71 2.1409764841253955
list:
dist: 2.1409764841253955 vs. 2.1409764841253955
--------
nle(id0,id1,dist): 65 70 1.371764948225564
list:
dist: 1.371764948225564 vs. 1.371764948225564
--------
nle(id0,id1,dist): 64 104 4.195685439257675
list:
dist: 4.195685439257675 vs. 4.195685439257675
--------
nle(id0,id1,dist): 65 66 2.8032003084919506
list:
dist: 2.8032003084919506 vs. 2.8032003084919506
--------
nle(id0,id1,dist): 64 99 3.4015808950142787
list:
dist: 3.4015808950142787 vs. 3.4015808950142787
--------
nle(id0,id1,dist): 67 76 1.2676381026090273
list:
dist: 1.2676381026090273 vs. 1.2676381026090273
--------
nle(id0,id1,dist): 67 77 1.83770443103767
list:
dist: 1.83770443103767 vs. 1.83770443103767
--------
nle(id0,id1,dist): 67 75 1.3268312720851565
list:
dist: 1.3268312720851565 vs. 1.3268312720851565
--------
nle(id0,id1,dist): 67 80 2.405236279377741
list:
dist: 2.405236279377741 vs. 2.405236279377741
--------
nle(id0,id1,dist): 67 81 2.372552874118806
list:
dist: 2.372552874118806 vs. 2.372552874118806
--------
nle(id0,id1,dist): 67 78 1.469998089014187
list:
dist: 1.469998089014187 vs. 1.469998089014187
--------
nle(id0,id1,dist): 67 79 1.749652364533288
list:
dist: 1.749652364533288 vs. 1.749652364533288
--------
nle(id0,id1,dist): 67 68 2.3052387600933146
list:
dist: 2.3052387600933146 vs. 2.3052387600933146
--------
nle(id0,id1,dist): 67 73 2.6978844376317697
list:
dist: 2.6978844376317697 vs. 2.6978844376317697
--------
nle(id0,id1,dist): 67 70 2.3926130079030616
list:
dist: 2.3926130079030616 vs. 2.3926130079030616
--------
nle(id0,id1,dist): 67 71 1.3713126158412707
list:
dist: 1.3713126158412707 vs. 1.3713126158412707
--------
nle(id0,id1,dist): 67 85 1.2775251003049684
list:
dist: 1.2775251003049684 vs. 1.2775251003049684
--------
nle(id0,id1,dist): 67 83 1.6668858914462534
list:
dist: 1.6668858914462534 vs. 1.6668858914462534
--------
nle(id0,id1,dist): 67 82 0.9948592073922627
list:
dist: 0.9948592073922627 vs. 0.9948592073922627
--------
nle(id0,id1,dist): 67 89 1.617595161209869
list:
dist: 1.617595161209869 vs. 1.617595161209869
--------
nle(id0,id1,dist): 67 88 0.7154477209208356
list:
dist: 0.7154477209208356 vs. 0.7154477209208356
--------
nle(id0,id1,dist): 67 86 1.820155168572872
list:
dist: 1.820155168572872 vs. 1.820155168572872
--------
nle(id0,id1,dist): 66 79 2.6430222029382446
list:
dist: 2.6430222029382446 vs. 2.6430222029382446
--------
nle(id0,id1,dist): 66 80 0.4876095683420971
list:
dist: 0.4876095683420971 vs. 0.4876095683420971
--------
nle(id0,id1,dist): 66 81 2.1370934562243695
list:
dist: 2.1370934562243695 vs. 2.1370934562243695
--------
nle(id0,id1,dist): 66 82 1.7269357362353883
list:
dist: 1.7269357362353883 vs. 1.7269357362353883
--------
nle(id0,id1,dist): 66 83 1.3459485976280352
list:
dist: 1.3459485976280352 vs. 1.3459485976280352
--------
nle(id0,id1,dist): 66 84 1.8704469008536428
list:
dist: 1.8704469008536428 vs. 1.8704469008536428
--------
nle(id0,id1,dist): 66 85 2.2618596982863126
list:
dist: 2.2618596982863126 vs. 2.2618596982863126
--------
nle(id0,id1,dist): 66 71 1.6317926146349848
list:
dist: 1.6317926146349848 vs. 1.6317926146349848
--------
nle(id0,id1,dist): 66 72 2.62563518839114
list:
dist: 2.62563518839114 vs. 2.62563518839114
--------
nle(id0,id1,dist): 66 73 1.7146333951613746
list:
dist: 1.7146333951613746 vs. 1.7146333951613746
--------
nle(id0,id1,dist): 66 74 0.7976707927937262
list:
dist: 0.7976707927937262 vs. 0.7976707927937262
--------
nle(id0,id1,dist): 66 75 2.363074464893707
list:
dist: 2.363074464893707 vs. 2.363074464893707
--------
nle(id0,id1,dist): 66 76 1.272480474605533
list:
dist: 1.272480474605533 vs. 1.272480474605533
--------
nle(id0,id1,dist): 66 77 1.9260272017321423
list:
dist: 1.9260272017321423 vs. 1.9260272017321423
--------
nle(id0,id1,dist): 66 78 1.0083406919606568
list:
dist: 1.0083406919606568 vs. 1.0083406919606568
--------
nle(id0,id1,dist): 66 88 2.513613016077172
list:
dist: 2.513613016077172 vs. 2.513613016077172
--------
nle(id0,id1,dist): 66 87 2.0435046216151056
list:
dist: 2.0435046216151056 vs. 2.0435046216151056
--------
nle(id0,id1,dist): 66 89 1.9918281198370165
list:
dist: 1.9918281198370165 vs. 1.9918281198370165
--------
nle(id0,id1,dist): 48 51 2.297139107756137
list:
dist: 2.297139107756137 vs. 2.297139107756137
--------
nle(id0,id1,dist): 48 52 1.2607857256239918
list:
dist: 1.2607857256239918 vs. 1.2607857256239918
--------
nle(id0,id1,dist): 48 49 0.9228242420748793
list:
dist: 0.9228242420748793 vs. 0.9228242420748793
--------
nle(id0,id1,dist): 48 50 2.19631796529731
list:
dist: 2.19631796529731 vs. 2.19631796529731
--------
nle(id0,id1,dist): 48 55 1.8825053406119714
list:
dist: 1.8825053406119714 vs. 1.8825053406119714
--------
nle(id0,id1,dist): 48 56 1.1820292019331036
list:
dist: 1.1820292019331036 vs. 1.1820292019331036
--------
nle(id0,id1,dist): 48 53 1.0964678353657866
list:
dist: 1.0964678353657866 vs. 1.0964678353657866
--------
nle(id0,id1,dist): 48 54 2.3314819145310675
list:
dist: 2.3314819145310675 vs. 2.3314819145310675
--------
nle(id0,id1,dist): 48 59 2.0264660701393726
list:
dist: 2.0264660701393726 vs. 2.0264660701393726
--------
nle(id0,id1,dist): 48 57 0.48607407540907543
list:
dist: 0.48607407540907543 vs. 0.48607407540907543
--------
nle(id0,id1,dist): 48 58 1.4945464160354696
list:
dist: 1.4945464160354696 vs. 1.4945464160354696
--------
nle(id0,id1,dist): 49 50 2.508667494732406
list:
dist: 2.508667494732406 vs. 2.508667494732406
--------
nle(id0,id1,dist): 49 51 2.574793520968083
list:
dist: 2.574793520968083 vs. 2.574793520968083
--------
nle(id0,id1,dist): 49 52 1.4739497271033464
list:
dist: 1.4739497271033464 vs. 1.4739497271033464
--------
nle(id0,id1,dist): 49 53 1.0762643537348404
list:
dist: 1.0762643537348404 vs. 1.0762643537348404
--------
nle(id0,id1,dist): 49 54 2.273460213366785
list:
dist: 2.273460213366785 vs. 2.273460213366785
--------
nle(id0,id1,dist): 49 55 2.2549798169434205
list:
dist: 2.2549798169434205 vs. 2.2549798169434205
--------
nle(id0,id1,dist): 49 56 1.914601675380956
list:
dist: 1.914601675380956 vs. 1.914601675380956
--------
nle(id0,id1,dist): 49 57 1.1700678291358826
list:
dist: 1.1700678291358826 vs. 1.1700678291358826
--------
nle(id0,id1,dist): 49 58 1.366118422256407
list:
dist: 1.366118422256407 vs. 1.366118422256407
--------
nle(id0,id1,dist): 49 59 1.6636170979182527
list:
dist: 1.6636170979182527 vs. 1.6636170979182527
--------
nle(id0,id1,dist): 50 53 1.718096345692037
list:
dist: 1.718096345692037 vs. 1.718096345692037
--------
nle(id0,id1,dist): 50 54 1.1373608026432365
list:
dist: 1.1373608026432365 vs. 1.1373608026432365
--------
nle(id0,id1,dist): 50 51 0.8671188412584148
list:
dist: 0.8671188412584148 vs. 0.8671188412584148
--------
nle(id0,id1,dist): 50 52 1.050120656213256
list:
dist: 1.050120656213256 vs. 1.050120656213256
--------
nle(id0,id1,dist): 50 59 4.015746873208775
list:
dist: 4.015746873208775 vs. 4.015746873208775
--------
nle(id0,id1,dist): 50 56 1.7601425619041124
list:
dist: 1.7601425619041124 vs. 1.7601425619041124
--------
nle(id0,id1,dist): 50 55 3.6143249906856068
list:
dist: 3.6143249906856068 vs. 3.6143249906856068
--------
nle(id0,id1,dist): 50 58 3.1264259175381692
list:
dist: 3.1264259175381692 vs. 3.1264259175381692
--------
nle(id0,id1,dist): 50 57 1.9368495315174818
list:
dist: 1.9368495315174818 vs. 1.9368495315174818
--------
nle(id0,id1,dist): 45 47 0.5834997007675328
list:
dist: 0.5834997007675328 vs. 0.5834997007675328
--------
nle(id0,id1,dist): 45 46 1.1789604812119276
list:
dist: 1.1789604812119276 vs. 1.1789604812119276
--------
nle(id0,id1,dist): 44 55 3.280541434098193
list:
dist: 3.280541434098193 vs. 3.280541434098193
--------
nle(id0,id1,dist): 44 56 2.5352654370815273
list:
dist: 2.5352654370815273 vs. 2.5352654370815273
--------
nle(id0,id1,dist): 44 53 1.1653569965544914
list:
dist: 1.1653569965544914 vs. 1.1653569965544914
--------
nle(id0,id1,dist): 44 54 1.279891377893922
list:
dist: 1.279891377893922 vs. 1.279891377893922
--------
nle(id0,id1,dist): 44 59 2.8238127522521945
list:
dist: 2.8238127522521945 vs. 2.8238127522521945
--------
nle(id0,id1,dist): 44 57 2.0294761069851694
list:
dist: 2.0294761069851694 vs. 2.0294761069851694
--------
nle(id0,id1,dist): 44 58 2.503208975618678
list:
dist: 2.503208975618678 vs. 2.503208975618678
--------
nle(id0,id1,dist): 45 56 2.306045056369665
list:
dist: 2.306045056369665 vs. 2.306045056369665
--------
nle(id0,id1,dist): 45 57 1.8402569916836602
list:
dist: 1.8402569916836602 vs. 1.8402569916836602
--------
nle(id0,id1,dist): 45 58 2.8859205947528923
list:
dist: 2.8859205947528923 vs. 2.8859205947528923
--------
nle(id0,id1,dist): 45 59 2.3953373684134847
list:
dist: 2.3953373684134847 vs. 2.3953373684134847
--------
nle(id0,id1,dist): 45 48 1.551619537413724
list:
dist: 1.551619537413724 vs. 1.551619537413724
--------
nle(id0,id1,dist): 45 49 1.6463462037099788
list:
dist: 1.6463462037099788 vs. 1.6463462037099788
--------
nle(id0,id1,dist): 45 50 2.1450748875848302
list:
dist: 2.1450748875848302 vs. 2.1450748875848302
--------
nle(id0,id1,dist): 45 51 1.6488320353738029
list:
dist: 1.6488320353738029 vs. 1.6488320353738029
--------
nle(id0,id1,dist): 45 52 1.625048055948365
list:
dist: 1.625048055948365 vs. 1.625048055948365
--------
nle(id0,id1,dist): 45 53 0.8145373930670651
list:
dist: 0.8145373930670651 vs. 0.8145373930670651
--------
nle(id0,id1,dist): 45 54 1.7061878828498838
list:
dist: 1.7061878828498838 vs. 1.7061878828498838
--------
nle(id0,id1,dist): 45 55 1.9139254535111303
list:
dist: 1.9139254535111303 vs. 1.9139254535111303
--------
nle(id0,id1,dist): 46 59 2.258041730269045
list:
dist: 2.258041730269045 vs. 2.258041730269045
--------
nle(id0,id1,dist): 46 55 1.7946059398241632
list:
dist: 1.7946059398241632 vs. 1.7946059398241632
--------
nle(id0,id1,dist): 46 53 1.8820193293302019
list:
dist: 1.8820193293302019 vs. 1.8820193293302019
--------
nle(id0,id1,dist): 46 54 2.7015107689446487
list:
dist: 2.7015107689446487 vs. 2.7015107689446487
--------
nle(id0,id1,dist): 46 51 2.697349078288764
list:
dist: 2.697349078288764 vs. 2.697349078288764
--------
nle(id0,id1,dist): 46 52 2.7736135251080505
list:
dist: 2.7736135251080505 vs. 2.7736135251080505
--------
nle(id0,id1,dist): 46 49 2.329346491461009
list:
dist: 2.329346491461009 vs. 2.329346491461009
--------
nle(id0,id1,dist): 46 50 3.3010082785293404
list:
dist: 3.3010082785293404 vs. 3.3010082785293404
--------
nle(id0,id1,dist): 46 47 0.9623992957530918
list:
dist: 0.9623992957530918 vs. 0.9623992957530918
--------
nle(id0,id1,dist): 47 59 1.9335515974719286
list:
dist: 1.9335515974719286 vs. 1.9335515974719286
--------
nle(id0,id1,dist): 47 58 2.7476489324016837
list:
dist: 2.7476489324016837 vs. 2.7476489324016837
--------
nle(id0,id1,dist): 47 55 1.8205563105890143
list:
dist: 1.8205563105890143 vs. 1.8205563105890143
--------
nle(id0,id1,dist): 47 54 2.0203961556954635
list:
dist: 2.0203961556954635 vs. 2.0203961556954635
--------
nle(id0,id1,dist): 47 57 1.977462659558556
list:
dist: 1.977462659558556 vs. 1.977462659558556
--------
nle(id0,id1,dist): 47 56 2.5779290486988344
list:
dist: 2.5779290486988344 vs. 2.5779290486988344
--------
nle(id0,id1,dist): 47 50 2.5800154906095982
list:
dist: 2.5800154906095982 vs. 2.5800154906095982
--------
nle(id0,id1,dist): 47 51 2.156695220577644
list:
dist: 2.156695220577644 vs. 2.156695220577644
--------
nle(id0,id1,dist): 47 52 1.8944541801375347
list:
dist: 1.8944541801375347 vs. 1.8944541801375347
--------
nle(id0,id1,dist): 47 53 0.9732888262499415
list:
dist: 0.9732888262499415 vs. 0.9732888262499415
--------
nle(id0,id1,dist): 47 48 1.60659097789231
list:
dist: 1.60659097789231 vs. 1.60659097789231
--------
nle(id0,id1,dist): 47 49 1.4286881117359256
list:
dist: 1.4286881117359256 vs. 1.4286881117359256
--------
nle(id0,id1,dist): 55 56 2.77068453128447
list:
dist: 2.77068453128447 vs. 2.77068453128447
--------
nle(id0,id1,dist): 55 57 2.317162008352422
list:
dist: 2.317162008352422 vs. 2.317162008352422
--------
nle(id0,id1,dist): 55 58 2.942632497437745
list:
dist: 2.942632497437745 vs. 2.942632497437745
--------
nle(id0,id1,dist): 55 59 1.7540383101201047
list:
dist: 1.7540383101201047 vs. 1.7540383101201047
--------
nle(id0,id1,dist): 56 58 1.9039642076352816
list:
dist: 1.9039642076352816 vs. 1.9039642076352816
--------
nle(id0,id1,dist): 56 57 0.7568893962474591
list:
dist: 0.7568893962474591 vs. 0.7568893962474591
--------
nle(id0,id1,dist): 56 59 3.1726468771119216
list:
dist: 3.1726468771119216 vs. 3.1726468771119216
--------
nle(id0,id1,dist): 57 59 2.461216310673667
list:
dist: 2.461216310673667 vs. 2.461216310673667
--------
nle(id0,id1,dist): 57 58 1.4328089112230082
list:
dist: 1.4328089112230082 vs. 1.4328089112230082
--------
nle(id0,id1,dist): 51 58 3.4944895912104577
list:
dist: 3.4944895912104577 vs. 3.4944895912104577
--------
nle(id0,id1,dist): 51 59 3.8737269167298103
list:
dist: 3.8737269167298103 vs. 3.8737269167298103
--------
nle(id0,id1,dist): 51 52 1.3806982366693534
list:
dist: 1.3806982366693534 vs. 1.3806982366693534
--------
nle(id0,id1,dist): 51 53 1.5522851717705166
list:
dist: 1.5522851717705166 vs. 1.5522851717705166
--------
nle(id0,id1,dist): 51 54 0.9070707263355723
list:
dist: 0.9070707263355723 vs. 0.9070707263355723
--------
nle(id0,id1,dist): 51 55 3.3052611435436403
list:
dist: 3.3052611435436403 vs. 3.3052611435436403
--------
nle(id0,id1,dist): 51 56 2.2074169105173835
list:
dist: 2.2074169105173835 vs. 2.2074169105173835
--------
nle(id0,id1,dist): 51 57 2.2118875164903162
list:
dist: 2.2118875164903162 vs. 2.2118875164903162
--------
nle(id0,id1,dist): 52 55 2.907529343767806
list:
dist: 2.907529343767806 vs. 2.907529343767806
--------
nle(id0,id1,dist): 52 56 1.2414721845423065
list:
dist: 1.2414721845423065 vs. 1.2414721845423065
--------
nle(id0,id1,dist): 52 53 0.9234197649577602
list:
dist: 0.9234197649577602 vs. 0.9234197649577602
--------
nle(id0,id1,dist): 52 54 1.2784738995125895
list:
dist: 1.2784738995125895 vs. 1.2784738995125895
--------
nle(id0,id1,dist): 52 59 3.034841021897071
list:
dist: 3.034841021897071 vs. 3.034841021897071
--------
nle(id0,id1,dist): 52 57 1.0406515479429586
list:
dist: 1.0406515479429586 vs. 1.0406515479429586
--------
nle(id0,id1,dist): 52 58 2.149236495787455
list:
dist: 2.149236495787455 vs. 2.149236495787455
--------
nle(id0,id1,dist): 53 54 1.3818313055789229
list:
dist: 1.3818313055789229 vs. 1.3818313055789229
--------
nle(id0,id1,dist): 53 55 2.2729201170453273
list:
dist: 2.2729201170453273 vs. 2.2729201170453273
--------
nle(id0,id1,dist): 53 57 1.260739259787181
list:
dist: 1.260739259787181 vs. 1.260739259787181
--------
nle(id0,id1,dist): 53 56 1.7884246706045661
list:
dist: 1.7884246706045661 vs. 1.7884246706045661
--------
nle(id0,id1,dist): 53 59 2.367483258092474
list:
dist: 2.367483258092474 vs. 2.367483258092474
--------
nle(id0,id1,dist): 53 58 2.2546694035629193
list:
dist: 2.2546694035629193 vs. 2.2546694035629193
--------
nle(id0,id1,dist): 54 59 3.6803500905508115
list:
dist: 3.6803500905508115 vs. 3.6803500905508115
--------
nle(id0,id1,dist): 54 58 3.272228153251166
list:
dist: 3.272228153251166 vs. 3.272228153251166
--------
nle(id0,id1,dist): 54 57 2.264382782214238
list:
dist: 2.264382782214238 vs. 2.264382782214238
--------
nle(id0,id1,dist): 54 56 2.454168265097633
list:
dist: 2.454168265097633 vs. 2.454168265097633
--------
nle(id0,id1,dist): 54 55 3.535185504988477
list:
dist: 3.535185504988477 vs. 3.535185504988477
--------
nle(id0,id1,dist): 93 112 2.6418799949987615
list:
dist: 2.6418799949987615 vs. 2.6418799949987615
--------
nle(id0,id1,dist): 93 113 3.548152637699113
list:
dist: 3.548152637699113 vs. 3.548152637699113
--------
nle(id0,id1,dist): 93 114 3.5849642154216688
list:
dist: 3.5849642154216688 vs. 3.5849642154216688
--------
nle(id0,id1,dist): 93 115 3.059564558237643
list:
dist: 3.059564558237643 vs. 3.059564558237643
--------
nle(id0,id1,dist): 93 117 3.5614948494095
list:
dist: 3.5614948494095 vs. 3.5614948494095
--------
nle(id0,id1,dist): 93 118 3.7162971273771377
list:
dist: 3.7162971273771377 vs. 3.7162971273771377
--------
nle(id0,id1,dist): 93 97 1.8901894111259754
list:
dist: 1.8901894111259754 vs. 1.8901894111259754
--------
nle(id0,id1,dist): 93 96 2.3425396904750992
list:
dist: 2.3425396904750992 vs. 2.3425396904750992
--------
nle(id0,id1,dist): 93 99 1.2764140474476853
list:
dist: 1.2764140474476853 vs. 1.2764140474476853
--------
nle(id0,id1,dist): 93 98 2.5541948178998406
list:
dist: 2.5541948178998406 vs. 2.5541948178998406
--------
nle(id0,id1,dist): 93 101 0.2884473237978614
list:
dist: 0.2884473237978614 vs. 0.2884473237978614
--------
nle(id0,id1,dist): 93 100 0.588733422730054
list:
dist: 0.588733422730054 vs. 0.588733422730054
--------
nle(id0,id1,dist): 93 103 1.1016222338166293
list:
dist: 1.1016222338166293 vs. 1.1016222338166293
--------
nle(id0,id1,dist): 93 102 1.5612962484457964
list:
dist: 1.5612962484457964 vs. 1.5612962484457964
--------
nle(id0,id1,dist): 93 105 1.2231655196536426
list:
dist: 1.2231655196536426 vs. 1.2231655196536426
--------
nle(id0,id1,dist): 93 104 0.7803306098081887
list:
dist: 0.7803306098081887 vs. 0.7803306098081887
--------
nle(id0,id1,dist): 93 107 2.90770173251598
list:
dist: 2.90770173251598 vs. 2.90770173251598
--------
nle(id0,id1,dist): 93 106 1.5329884150870352
list:
dist: 1.5329884150870352 vs. 1.5329884150870352
--------
nle(id0,id1,dist): 93 109 1.845980306995602
list:
dist: 1.845980306995602 vs. 1.845980306995602
--------
nle(id0,id1,dist): 93 108 1.522637912026358
list:
dist: 1.522637912026358 vs. 1.522637912026358
--------
nle(id0,id1,dist): 93 110 3.2826281548836693
list:
dist: 3.2826281548836693 vs. 3.2826281548836693
--------
nle(id0,id1,dist): 94 109 1.9646693105557715
list:
dist: 1.9646693105557715 vs. 1.9646693105557715
--------
nle(id0,id1,dist): 94 110 3.142022440264515
list:
dist: 3.142022440264515 vs. 3.142022440264515
--------
nle(id0,id1,dist): 94 107 2.9119456549594123
list:
dist: 2.9119456549594123 vs. 2.9119456549594123
--------
nle(id0,id1,dist): 94 108 1.8986168653730087
list:
dist: 1.8986168653730087 vs. 1.8986168653730087
--------
nle(id0,id1,dist): 94 113 3.686983598300735
list:
dist: 3.686983598300735 vs. 3.686983598300735
--------
nle(id0,id1,dist): 94 114 3.745630344200466
list:
dist: 3.745630344200466 vs. 3.745630344200466
--------
nle(id0,id1,dist): 94 112 2.5672918720018827
list:
dist: 2.5672918720018827 vs. 2.5672918720018827
--------
nle(id0,id1,dist): 94 117 3.596195950194999
list:
dist: 3.596195950194999 vs. 3.596195950194999
--------
nle(id0,id1,dist): 94 118 4.071808136131723
list:
dist: 4.071808136131723 vs. 4.071808136131723
--------
nle(id0,id1,dist): 94 115 3.4125707350052172
list:
dist: 3.4125707350052172 vs. 3.4125707350052172
--------
nle(id0,id1,dist): 94 98 2.633608825602457
list:
dist: 2.633608825602457 vs. 2.633608825602457
--------
nle(id0,id1,dist): 94 97 2.245778017116252
list:
dist: 2.245778017116252 vs. 2.245778017116252
--------
nle(id0,id1,dist): 94 96 2.1437441046656303
list:
dist: 2.1437441046656303 vs. 2.1437441046656303
--------
nle(id0,id1,dist): 94 95 2.0691206721788005
list:
dist: 2.0691206721788005 vs. 2.0691206721788005
--------
nle(id0,id1,dist): 94 102 2.101271052143526
list:
dist: 2.101271052143526 vs. 2.101271052143526
--------
nle(id0,id1,dist): 94 101 1.0244905209318511
list:
dist: 1.0244905209318511 vs. 1.0244905209318511
--------
nle(id0,id1,dist): 94 100 1.379470205324675
list:
dist: 1.379470205324675 vs. 1.379470205324675
--------
nle(id0,id1,dist): 94 99 1.2482534049171268
list:
dist: 1.2482534049171268 vs. 1.2482534049171268
--------
nle(id0,id1,dist): 94 106 1.9577465341940659
list:
dist: 1.9577465341940659 vs. 1.9577465341940659
--------
nle(id0,id1,dist): 94 105 1.7410312035498796
list:
dist: 1.7410312035498796 vs. 1.7410312035498796
--------
nle(id0,id1,dist): 94 104 1.324481763503587
list:
dist: 1.324481763503587 vs. 1.324481763503587
--------
nle(id0,id1,dist): 94 103 1.6010970069568875
list:
dist: 1.6010970069568875 vs. 1.6010970069568875
--------
nle(id0,id1,dist): 92 97 1.6479151710178004
list:
dist: 1.6479151710178004 vs. 1.6479151710178004
--------
nle(id0,id1,dist): 92 99 1.6178264905747706
list:
dist: 1.6178264905747706 vs. 1.6178264905747706
--------
nle(id0,id1,dist): 92 100 1.584540646169224
list:
dist: 1.584540646169224 vs. 1.584540646169224
--------
nle(id0,id1,dist): 92 93 1.664315005287622
list:
dist: 1.664315005287622 vs. 1.664315005287622
--------
nle(id0,id1,dist): 92 94 2.3363089226690623
list:
dist: 2.3363089226690623 vs. 2.3363089226690623
--------
nle(id0,id1,dist): 92 95 1.281005032429225
list:
dist: 1.281005032429225 vs. 1.281005032429225
--------
nle(id0,id1,dist): 92 96 2.3306576732306743
list:
dist: 2.3306576732306743 vs. 2.3306576732306743
--------
nle(id0,id1,dist): 91 110 2.354364780722482
list:
dist: 2.354364780722482 vs. 2.354364780722482
--------
nle(id0,id1,dist): 91 113 2.8438064702098713
list:
dist: 2.8438064702098713 vs. 2.8438064702098713
--------
nle(id0,id1,dist): 91 112 1.9781100813741987
list:
dist: 1.9781100813741987 vs. 1.9781100813741987
--------
nle(id0,id1,dist): 91 107 2.917961752588845
list:
dist: 2.917961752588845 vs. 2.917961752588845
--------
nle(id0,id1,dist): 91 106 2.5101608395826376
list:
dist: 2.5101608395826376 vs. 2.5101608395826376
--------
nle(id0,id1,dist): 91 109 2.337443516794258
list:
dist: 2.337443516794258 vs. 2.337443516794258
--------
nle(id0,id1,dist): 91 108 1.6810435758690825
list:
dist: 1.6810435758690825 vs. 1.6810435758690825
--------
nle(id0,id1,dist): 91 118 3.2767109879968106
list:
dist: 3.2767109879968106 vs. 3.2767109879968106
--------
nle(id0,id1,dist): 91 115 2.4761800726218497
list:
dist: 2.4761800726218497 vs. 2.4761800726218497
--------
nle(id0,id1,dist): 91 114 3.11660616674495
list:
dist: 3.11660616674495 vs. 3.11660616674495
--------
nle(id0,id1,dist): 91 117 2.7589990802598208
list:
dist: 2.7589990802598208 vs. 2.7589990802598208
--------
nle(id0,id1,dist): 92 117 3.092149029907524
list:
dist: 3.092149029907524 vs. 3.092149029907524
--------
nle(id0,id1,dist): 92 118 2.880198973527491
list:
dist: 2.880198973527491 vs. 2.880198973527491
--------
nle(id0,id1,dist): 93 94 0.8989317474273528
list:
dist: 0.8989317474273528 vs. 0.8989317474273528
--------
nle(id0,id1,dist): 93 95 1.8399892330791239
list:
dist: 1.8399892330791239 vs. 1.8399892330791239
--------
nle(id0,id1,dist): 92 108 1.8582355601831035
list:
dist: 1.8582355601831035 vs. 1.8582355601831035
--------
nle(id0,id1,dist): 92 106 2.6561333403923437
list:
dist: 2.6561333403923437 vs. 2.6561333403923437
--------
nle(id0,id1,dist): 92 105 2.186288976900963
list:
dist: 2.186288976900963 vs. 2.186288976900963
--------
nle(id0,id1,dist): 92 104 1.019398635006083
list:
dist: 1.019398635006083 vs. 1.019398635006083
--------
nle(id0,id1,dist): 92 103 1.5576699633280269
list:
dist: 1.5576699633280269 vs. 1.5576699633280269
--------
nle(id0,id1,dist): 92 102 1.8582696990182384
list:
dist: 1.8582696990182384 vs. 1.8582696990182384
--------
nle(id0,id1,dist): 92 101 1.7175647666825726
list:
dist: 1.7175647666825726 vs. 1.7175647666825726
--------
nle(id0,id1,dist): 92 115 2.0627356615111965
list:
dist: 2.0627356615111965 vs. 2.0627356615111965
--------
nle(id0,id1,dist): 92 113 2.951007661763831
list:
dist: 2.951007661763831 vs. 2.951007661763831
--------
nle(id0,id1,dist): 97 101 1.7546068628493288
list:
dist: 1.7546068628493288 vs. 1.7546068628493288
--------
nle(id0,id1,dist): 97 100 1.6233665516572076
list:
dist: 1.6233665516572076 vs. 1.6233665516572076
--------
nle(id0,id1,dist): 97 103 0.8958538603322285
list:
dist: 0.8958538603322285 vs. 0.8958538603322285
--------
nle(id0,id1,dist): 97 102 3.0660732494010485
list:
dist: 3.0660732494010485 vs. 3.0660732494010485
--------
nle(id0,id1,dist): 97 105 1.692805238294068
list:
dist: 1.692805238294068 vs. 1.692805238294068
--------
nle(id0,id1,dist): 97 104 1.628825790411412
list:
dist: 1.628825790411412 vs. 1.628825790411412
--------
nle(id0,id1,dist): 97 107 1.911106117692473
list:
dist: 1.911106117692473 vs. 1.911106117692473
--------
nle(id0,id1,dist): 97 106 2.197734985457443
list:
dist: 2.197734985457443 vs. 2.197734985457443
--------
nle(id0,id1,dist): 97 99 1.3361223249875582
list:
dist: 1.3361223249875582 vs. 1.3361223249875582
--------
nle(id0,id1,dist): 97 98 1.5842608060450367
list:
dist: 1.5842608060450367 vs. 1.5842608060450367
--------
nle(id0,id1,dist): 96 113 1.9076478032902873
list:
dist: 1.9076478032902873 vs. 1.9076478032902873
--------
nle(id0,id1,dist): 96 114 2.308224461333656
list:
dist: 2.308224461333656 vs. 2.308224461333656
--------
nle(id0,id1,dist): 96 115 1.959802918209603
list:
dist: 1.959802918209603 vs. 1.959802918209603
--------
nle(id0,id1,dist): 96 116 2.058032888857231
list:
dist: 2.058032888857231 vs. 2.058032888857231
--------
nle(id0,id1,dist): 96 117 1.6913732293986148
list:
dist: 1.6913732293986148 vs. 1.6913732293986148
--------
nle(id0,id1,dist): 96 118 2.641801470144
list:
dist: 2.641801470144 vs. 2.641801470144
--------
nle(id0,id1,dist): 98 101 2.3192679086500783
list:
dist: 2.3192679086500783 vs. 2.3192679086500783
--------
nle(id0,id1,dist): 98 100 2.239688679774328
list:
dist: 2.239688679774328 vs. 2.239688679774328
--------
nle(id0,id1,dist): 98 99 2.3243583667694483
list:
dist: 2.3243583667694483 vs. 2.3243583667694483
--------
nle(id0,id1,dist): 97 118 1.8555402562409813
list:
dist: 1.8555402562409813 vs. 1.8555402562409813
--------
nle(id0,id1,dist): 97 116 2.25371880882794
list:
dist: 2.25371880882794 vs. 2.25371880882794
--------
nle(id0,id1,dist): 97 117 1.8683093157406856
list:
dist: 1.8683093157406856 vs. 1.8683093157406856
--------
nle(id0,id1,dist): 97 110 1.9010946859539923
list:
dist: 1.9010946859539923 vs. 1.9010946859539923
--------
nle(id0,id1,dist): 97 111 1.7904781746031684
list:
dist: 1.7904781746031684 vs. 1.7904781746031684
--------
nle(id0,id1,dist): 97 108 0.6958052607683024
list:
dist: 0.6958052607683024 vs. 0.6958052607683024
--------
nle(id0,id1,dist): 97 109 1.7904997046982882
list:
dist: 1.7904997046982882 vs. 1.7904997046982882
--------
nle(id0,id1,dist): 97 114 1.7516908079098976
list:
dist: 1.7516908079098976 vs. 1.7516908079098976
--------
nle(id0,id1,dist): 97 115 1.3762034426288527
list:
dist: 1.3762034426288527 vs. 1.3762034426288527
--------
nle(id0,id1,dist): 97 112 1.2511477892985874
list:
dist: 1.2511477892985874 vs. 1.2511477892985874
--------
nle(id0,id1,dist): 97 113 1.748062172911241
list:
dist: 1.748062172911241 vs. 1.748062172911241
--------
nle(id0,id1,dist): 95 115 2.6401047598520564
list:
dist: 2.6401047598520564 vs. 2.6401047598520564
--------
nle(id0,id1,dist): 95 117 3.3064926137968174
list:
dist: 3.3064926137968174 vs. 3.3064926137968174
--------
nle(id0,id1,dist): 95 113 3.3195085783630547
list:
dist: 3.3195085783630547 vs. 3.3195085783630547
--------
nle(id0,id1,dist): 95 106 3.27642103120739
list:
dist: 3.27642103120739 vs. 3.27642103120739
--------
nle(id0,id1,dist): 95 108 2.5002691061179836
list:
dist: 2.5002691061179836 vs. 2.5002691061179836
--------
nle(id0,id1,dist): 95 103 2.174938185725058
list:
dist: 2.174938185725058 vs. 2.174938185725058
--------
nle(id0,id1,dist): 95 102 1.8133746328358151
list:
dist: 1.8133746328358151 vs. 1.8133746328358151
--------
nle(id0,id1,dist): 95 105 2.8381304631673427
list:
dist: 2.8381304631673427 vs. 2.8381304631673427
--------
nle(id0,id1,dist): 95 104 1.134938467873943
list:
dist: 1.134938467873943 vs. 1.134938467873943
--------
nle(id0,id1,dist): 95 99 1.4195580951138165
list:
dist: 1.4195580951138165 vs. 1.4195580951138165
--------
nle(id0,id1,dist): 95 100 2.1444969980747635
list:
dist: 2.1444969980747635 vs. 2.1444969980747635
--------
nle(id0,id1,dist): 95 101 2.0443602836337007
list:
dist: 2.0443602836337007 vs. 2.0443602836337007
--------
nle(id0,id1,dist): 95 96 2.031875316226353
list:
dist: 2.031875316226353 vs. 2.031875316226353
--------
nle(id0,id1,dist): 95 97 2.2858957347870947
list:
dist: 2.2858957347870947 vs. 2.2858957347870947
--------
nle(id0,id1,dist): 96 112 1.1162014640557898
list:
dist: 1.1162014640557898 vs. 1.1162014640557898
--------
nle(id0,id1,dist): 96 111 1.78723243197553
list:
dist: 1.78723243197553 vs. 1.78723243197553
--------
nle(id0,id1,dist): 96 110 1.1465233734274825
list:
dist: 1.1465233734274825 vs. 1.1465233734274825
--------
nle(id0,id1,dist): 96 109 2.630460993353173
list:
dist: 2.630460993353173 vs. 2.630460993353173
--------
nle(id0,id1,dist): 96 108 1.9160263129233663
list:
dist: 1.9160263129233663 vs. 1.9160263129233663
--------
nle(id0,id1,dist): 96 107 2.5937028741249883
list:
dist: 2.5937028741249883 vs. 2.5937028741249883
--------
nle(id0,id1,dist): 96 106 3.1916860946009016
list:
dist: 3.1916860946009016 vs. 3.1916860946009016
--------
nle(id0,id1,dist): 96 105 2.7366427029822398
list:
dist: 2.7366427029822398 vs. 2.7366427029822398
--------
nle(id0,id1,dist): 96 104 1.9633093678685278
list:
dist: 1.9633093678685278 vs. 1.9633093678685278
--------
nle(id0,id1,dist): 96 103 1.949869706663658
list:
dist: 1.949869706663658 vs. 1.949869706663658
--------
nle(id0,id1,dist): 96 102 3.4089478978968715
list:
dist: 3.4089478978968715 vs. 3.4089478978968715
--------
nle(id0,id1,dist): 96 101 2.3660520291129297
list:
dist: 2.3660520291129297 vs. 2.3660520291129297
--------
nle(id0,id1,dist): 96 100 2.4766739680188326
list:
dist: 2.4766739680188326 vs. 2.4766739680188326
--------
nle(id0,id1,dist): 96 99 1.0833340103059264
list:
dist: 1.0833340103059264 vs. 1.0833340103059264
--------
nle(id0,id1,dist): 96 98 2.4185159331632162
list:
dist: 2.4185159331632162 vs. 2.4185159331632162
--------
nle(id0,id1,dist): 96 97 1.5702932313574107
list:
dist: 1.5702932313574107 vs. 1.5702932313574107
--------
nle(id0,id1,dist): 95 118 3.593407537410603
list:
dist: 3.593407537410603 vs. 3.593407537410603
--------
nle(id0,id1,dist): 86 110 2.8465719208742217
list:
dist: 2.8465719208742217 vs. 2.8465719208742217
--------
nle(id0,id1,dist): 86 109 4.200574890573317
list:
dist: 4.200574890573317 vs. 4.200574890573317
--------
nle(id0,id1,dist): 86 107 3.31838754461183
list:
dist: 3.31838754461183 vs. 3.31838754461183
--------
nle(id0,id1,dist): 86 114 3.5429034807680164
list:
dist: 3.5429034807680164 vs. 3.5429034807680164
--------
nle(id0,id1,dist): 86 112 3.0215461509450727
list:
dist: 3.0215461509450727 vs. 3.0215461509450727
--------
nle(id0,id1,dist): 86 116 2.8701263622138162
list:
dist: 2.8701263622138162 vs. 2.8701263622138162
--------
nle(id0,id1,dist): 87 89 2.4351489049596973
list:
dist: 2.4351489049596973 vs. 2.4351489049596973
--------
nle(id0,id1,dist): 85 88 0.8601740178930954
list:
dist: 0.8601740178930954 vs. 0.8601740178930954
--------
nle(id0,id1,dist): 85 89 1.1893060032415095
list:
dist: 1.1893060032415095 vs. 1.1893060032415095
--------
nle(id0,id1,dist): 86 88 2.0754620488989945
list:
dist: 2.0754620488989945 vs. 2.0754620488989945
--------
nle(id0,id1,dist): 86 89 2.6060065367752556
list:
dist: 2.6060065367752556 vs. 2.6060065367752556
--------
nle(id0,id1,dist): 86 98 3.57871998862424
list:
dist: 3.57871998862424 vs. 3.57871998862424
--------
nle(id0,id1,dist): 90 93 1.4446797367428508
list:
dist: 1.4446797367428508 vs. 1.4446797367428508
--------
nle(id0,id1,dist): 90 94 1.3240096310547218
list:
dist: 1.3240096310547218 vs. 1.3240096310547218
--------
nle(id0,id1,dist): 90 91 1.3769841210338916
list:
dist: 1.3769841210338916 vs. 1.3769841210338916
--------
nle(id0,id1,dist): 90 92 2.1428655313365317
list:
dist: 2.1428655313365317 vs. 2.1428655313365317
--------
nle(id0,id1,dist): 89 116 4.052866417251119
list:
dist: 4.052866417251119 vs. 4.052866417251119
--------
nle(id0,id1,dist): 89 117 4.18526533974436
list:
dist: 4.18526533974436 vs. 4.18526533974436
--------
nle(id0,id1,dist): 90 106 2.9341763511879377
list:
dist: 2.9341763511879377 vs. 2.9341763511879377
--------
nle(id0,id1,dist): 90 105 2.663065946879059
list:
dist: 2.663065946879059 vs. 2.663065946879059
--------
nle(id0,id1,dist): 90 104 1.3425221362538096
list:
dist: 1.3425221362538096 vs. 1.3425221362538096
--------
nle(id0,id1,dist): 90 103 2.349700273432386
list:
dist: 2.349700273432386 vs. 2.349700273432386
--------
nle(id0,id1,dist): 90 108 2.742299599927009
list:
dist: 2.742299599927009 vs. 2.742299599927009
--------
nle(id0,id1,dist): 90 97 2.858971061007362
list:
dist: 2.858971061007362 vs. 2.858971061007362
--------
nle(id0,id1,dist): 90 96 2.5575901816543656
list:
dist: 2.5575901816543656 vs. 2.5575901816543656
--------
nle(id0,id1,dist): 90 95 1.3621136342820677
list:
dist: 1.3621136342820677 vs. 1.3621136342820677
--------
nle(id0,id1,dist): 90 102 1.3930914024212389
list:
dist: 1.3930914024212389 vs. 1.3930914024212389
--------
nle(id0,id1,dist): 90 101 1.7297989712072517
list:
dist: 1.7297989712072517 vs. 1.7297989712072517
--------
nle(id0,id1,dist): 90 100 2.002619221882594
list:
dist: 2.002619221882594 vs. 2.002619221882594
--------
nle(id0,id1,dist): 90 99 1.680763917544571
list:
dist: 1.680763917544571 vs. 1.680763917544571
--------
nle(id0,id1,dist): 90 113 4.189461418969573
list:
dist: 4.189461418969573 vs. 4.189461418969573
--------
nle(id0,id1,dist): 90 115 3.6796458273169126
list:
dist: 3.6796458273169126 vs. 3.6796458273169126
--------
nle(id0,id1,dist): 90 117 4.117266706677341
list:
dist: 4.117266706677341 vs. 4.117266706677341
--------
nle(id0,id1,dist): 90 118 4.5361838105799706
list:
dist: 4.5361838105799706 vs. 4.5361838105799706
--------
nle(id0,id1,dist): 91 99 0.32795043039593413
list:
dist: 0.32795043039593413 vs. 0.32795043039593413
--------
nle(id0,id1,dist): 91 98 2.6248901041545363
list:
dist: 2.6248901041545363 vs. 2.6248901041545363
--------
nle(id0,id1,dist): 91 101 1.3734740000618824
list:
dist: 1.3734740000618824 vs. 1.3734740000618824
--------
nle(id0,id1,dist): 91 100 1.5704642549226935
list:
dist: 1.5704642549226935 vs. 1.5704642549226935
--------
nle(id0,id1,dist): 91 103 1.4216998584683984
list:
dist: 1.4216998584683984 vs. 1.4216998584683984
--------
nle(id0,id1,dist): 91 102 2.192880598052574
list:
dist: 2.192880598052574 vs. 2.192880598052574
--------
nle(id0,id1,dist): 91 105 2.083312826880246
list:
dist: 2.083312826880246 vs. 2.083312826880246
--------
nle(id0,id1,dist): 91 104 0.8652523416271286
list:
dist: 0.8652523416271286 vs. 0.8652523416271286
--------
nle(id0,id1,dist): 91 93 1.2411508359370085
list:
dist: 1.2411508359370085 vs. 1.2411508359370085
--------
nle(id0,id1,dist): 91 92 1.6369373357740062
list:
dist: 1.6369373357740062 vs. 1.6369373357740062
--------
nle(id0,id1,dist): 91 95 1.2109831807733118
list:
dist: 1.2109831807733118 vs. 1.2109831807733118
--------
nle(id0,id1,dist): 91 94 1.1492568780022352
list:
dist: 1.1492568780022352 vs. 1.1492568780022352
--------
nle(id0,id1,dist): 91 97 1.6383421652204595
list:
dist: 1.6383421652204595 vs. 1.6383421652204595
--------
nle(id0,id1,dist): 91 96 1.25632090798034
list:
dist: 1.25632090798034 vs. 1.25632090798034
--------
nle(id0,id1,dist): 88 89 1.6808678737276732
list:
dist: 1.6808678737276732 vs. 1.6808678737276732
--------
nle(id0,id1,dist): 88 116 4.565763228742882
list:
dist: 4.565763228742882 vs. 4.565763228742882
--------
nle(id0,id1,dist): 88 112 4.467544130720107
list:
dist: 4.467544130720107 vs. 4.467544130720107
--------
nle(id0,id1,dist): 88 110 4.207810726650529
list:
dist: 4.207810726650529 vs. 4.207810726650529
--------
nle(id0,id1,dist): 89 96 3.6658090837666855
list:
dist: 3.6658090837666855 vs. 3.6658090837666855
--------
nle(id0,id1,dist): 89 99 4.493232882799555
list:
dist: 4.493232882799555 vs. 4.493232882799555
--------
nle(id0,id1,dist): 89 93 5.553169892570649
list:
dist: 5.553169892570649 vs. 5.553169892570649
--------
nle(id0,id1,dist): 89 94 4.874230632350917
list:
dist: 4.874230632350917 vs. 4.874230632350917
--------
nle(id0,id1,dist): 89 91 4.513696340479854
list:
dist: 4.513696340479854 vs. 4.513696340479854
--------
nle(id0,id1,dist): 89 112 4.035343980468984
list:
dist: 4.035343980468984 vs. 4.035343980468984
--------
nle(id0,id1,dist): 89 110 3.5299839484783364
list:
dist: 3.5299839484783364 vs. 3.5299839484783364
--------
nle(id0,id1,dist): 89 104 5.3771442682472355
list:
dist: 5.3771442682472355 vs. 5.3771442682472355
--------
nle(id0,id1,dist): 81 82 1.9166821940589178
list:
dist: 1.9166821940589178 vs. 1.9166821940589178
--------
nle(id0,id1,dist): 81 83 2.5229673173690146
list:
dist: 2.5229673173690146 vs. 2.5229673173690146
--------
nle(id0,id1,dist): 81 88 2.227619811897449
list:
dist: 2.227619811897449 vs. 2.227619811897449
--------
nle(id0,id1,dist): 81 89 2.874533391764368
list:
dist: 2.874533391764368 vs. 2.874533391764368
--------
nle(id0,id1,dist): 81 85 2.0992342607051406
list:
dist: 2.0992342607051406 vs. 2.0992342607051406
--------
nle(id0,id1,dist): 80 85 2.558989966353701
list:
dist: 2.558989966353701 vs. 2.558989966353701
--------
nle(id0,id1,dist): 80 87 1.7147808778714737
list:
dist: 1.7147808778714737 vs. 1.7147808778714737
--------
nle(id0,id1,dist): 80 88 2.821939251068765
list:
dist: 2.821939251068765 vs. 2.821939251068765
--------
nle(id0,id1,dist): 80 81 2.6234436666183076
list:
dist: 2.6234436666183076 vs. 2.6234436666183076
--------
nle(id0,id1,dist): 80 82 2.027951647910179
list:
dist: 2.027951647910179 vs. 2.027951647910179
--------
nle(id0,id1,dist): 80 83 1.4248190513114063
list:
dist: 1.4248190513114063 vs. 1.4248190513114063
--------
nle(id0,id1,dist): 80 84 1.792041574081978
list:
dist: 1.792041574081978 vs. 1.792041574081978
--------
nle(id0,id1,dist): 80 89 2.06072008259634
list:
dist: 2.06072008259634 vs. 2.06072008259634
--------
nle(id0,id1,dist): 79 110 4.893892524135972
list:
dist: 4.893892524135972 vs. 4.893892524135972
--------
nle(id0,id1,dist): 79 112 4.806748087329949
list:
dist: 4.806748087329949 vs. 4.806748087329949
--------
nle(id0,id1,dist): 79 88 1.9762234786294464
list:
dist: 1.9762234786294464 vs. 1.9762234786294464
--------
nle(id0,id1,dist): 79 89 3.1922938558612812
list:
dist: 3.1922938558612812 vs. 3.1922938558612812
--------
nle(id0,id1,dist): 79 86 3.0569350690344375
list:
dist: 3.0569350690344375 vs. 3.0569350690344375
--------
nle(id0,id1,dist): 79 81 2.0174281491236017
list:
dist: 2.0174281491236017 vs. 2.0174281491236017
--------
nle(id0,id1,dist): 79 80 3.0126051316393605
list:
dist: 3.0126051316393605 vs. 3.0126051316393605
--------
nle(id0,id1,dist): 79 85 2.5603291846623275
list:
dist: 2.5603291846623275 vs. 2.5603291846623275
--------
nle(id0,id1,dist): 79 83 2.976977016529941
list:
dist: 2.976977016529941 vs. 2.976977016529941
--------
nle(id0,id1,dist): 79 82 2.2557561160539943
list:
dist: 2.2557561160539943 vs. 2.2557561160539943
--------
nle(id0,id1,dist): 78 80 1.405832766098266
list:
dist: 1.405832766098266 vs. 1.405832766098266
--------
nle(id0,id1,dist): 78 79 2.199295598304758
list:
dist: 2.199295598304758 vs. 2.199295598304758
--------
nle(id0,id1,dist): 78 82 0.8085318623923482
list:
dist: 0.8085318623923482 vs. 0.8085318623923482
--------
nle(id0,id1,dist): 78 81 1.5532720338800883
list:
dist: 1.5532720338800883 vs. 1.5532720338800883
--------
nle(id0,id1,dist): 78 84 2.1911966787926254
list:
dist: 2.1911966787926254 vs. 2.1911966787926254
--------
nle(id0,id1,dist): 78 83 1.0159902682899284
list:
dist: 1.0159902682899284 vs. 1.0159902682899284
--------
nle(id0,id1,dist): 78 85 1.3097915366380175
list:
dist: 1.3097915366380175 vs. 1.3097915366380175
--------
nle(id0,id1,dist): 78 88 1.6143880757070352
list:
dist: 1.6143880757070352 vs. 1.6143880757070352
--------
nle(id0,id1,dist): 78 87 2.5932878579036673
list:
dist: 2.5932878579036673 vs. 2.5932878579036673
--------
nle(id0,id1,dist): 78 89 1.482838719902234
list:
dist: 1.482838719902234 vs. 1.482838719902234
--------
nle(id0,id1,dist): 84 89 2.3705169330888904
list:
dist: 2.3705169330888904 vs. 2.3705169330888904
--------
nle(id0,id1,dist): 84 87 1.091527913047355
list:
dist: 1.091527913047355 vs. 1.091527913047355
--------
nle(id0,id1,dist): 83 87 2.0204110200181034
list:
dist: 2.0204110200181034 vs. 2.0204110200181034
--------
nle(id0,id1,dist): 83 88 1.8551568650009584
list:
dist: 1.8551568650009584 vs. 1.8551568650009584
--------
nle(id0,id1,dist): 83 89 0.6617176499594618
list:
dist: 0.6617176499594618 vs. 0.6617176499594618
--------
nle(id0,id1,dist): 83 84 1.9082998489080707
list:
dist: 1.9082998489080707 vs. 1.9082998489080707
--------
nle(id0,id1,dist): 83 85 1.3779276625965502
list:
dist: 1.3779276625965502 vs. 1.3779276625965502
--------
nle(id0,id1,dist): 82 89 1.0653541738020424
list:
dist: 1.0653541738020424 vs. 1.0653541738020424
--------
nle(id0,id1,dist): 82 87 2.981108254990134
list:
dist: 2.981108254990134 vs. 2.981108254990134
--------
nle(id0,id1,dist): 82 88 0.9309535339072108
list:
dist: 0.9309535339072108 vs. 0.9309535339072108
--------
nle(id0,id1,dist): 82 84 2.647653952291156
list:
dist: 2.647653952291156 vs. 2.647653952291156
--------
nle(id0,id1,dist): 82 83 1.0110978378227526
list:
dist: 1.0110978378227526 vs. 1.0110978378227526
--------
nle(id0,id1,dist): 82 85 0.581363337619202
list:
dist: 0.581363337619202 vs. 0.581363337619202
--------
nle(id0,id1,dist): 74 76 1.946379018793927
list:
dist: 1.946379018793927 vs. 1.946379018793927
--------
nle(id0,id1,dist): 74 78 1.4812774317506392
list:
dist: 1.4812774317506392 vs. 1.4812774317506392
--------
nle(id0,id1,dist): 74 77 1.6820694117202126
list:
dist: 1.6820694117202126 vs. 1.6820694117202126
--------
nle(id0,id1,dist): 74 83 1.2106272618614682
list:
dist: 1.2106272618614682 vs. 1.2106272618614682
--------
nle(id0,id1,dist): 74 84 1.4258891181593545
list:
dist: 1.4258891181593545 vs. 1.4258891181593545
--------
nle(id0,id1,dist): 74 80 0.48556323899502124
list:
dist: 0.48556323899502124 vs. 0.48556323899502124
--------
nle(id0,id1,dist): 74 82 2.0069182604219797
list:
dist: 2.0069182604219797 vs. 2.0069182604219797
--------
nle(id0,id1,dist): 74 87 1.2905533576094121
list:
dist: 1.2905533576094121 vs. 1.2905533576094121
--------
nle(id0,id1,dist): 74 89 1.8275137752806774
list:
dist: 1.8275137752806774 vs. 1.8275137752806774
--------
nle(id0,id1,dist): 73 75 2.1308941657360885
list:
dist: 2.1308941657360885 vs. 2.1308941657360885
--------
nle(id0,id1,dist): 73 74 2.4870346179815472
list:
dist: 2.4870346179815472 vs. 2.4870346179815472
--------
nle(id0,id1,dist): 73 83 2.7220791833741704
list:
dist: 2.7220791833741704 vs. 2.7220791833741704
--------
nle(id0,id1,dist): 73 82 2.4445941541519427
list:
dist: 2.4445941541519427 vs. 2.4445941541519427
--------
nle(id0,id1,dist): 73 81 1.2712121319036362
list:
dist: 1.2712121319036362 vs. 1.2712121319036362
--------
nle(id0,id1,dist): 73 80 2.133635543377863
list:
dist: 2.133635543377863 vs. 2.133635543377863
--------
nle(id0,id1,dist): 73 79 2.0207537367563733
list:
dist: 2.0207537367563733 vs. 2.0207537367563733
--------
nle(id0,id1,dist): 73 78 1.7764842591601366
list:
dist: 1.7764842591601366 vs. 1.7764842591601366
--------
nle(id0,id1,dist): 73 77 3.2606975139444283
list:
dist: 3.2606975139444283 vs. 3.2606975139444283
--------
nle(id0,id1,dist): 73 76 1.4622917259681023
list:
dist: 1.4622917259681023 vs. 1.4622917259681023
--------
nle(id0,id1,dist): 73 88 2.8833509961178
list:
dist: 2.8833509961178 vs. 2.8833509961178
--------
nle(id0,id1,dist): 73 89 3.253202882082285
list:
dist: 3.253202882082285 vs. 3.253202882082285
--------
nle(id0,id1,dist): 73 87 3.6085311391712613
list:
dist: 3.6085311391712613 vs. 3.6085311391712613
--------
nle(id0,id1,dist): 73 84 3.0970916377578415
list:
dist: 3.0970916377578415 vs. 3.0970916377578415
--------
nle(id0,id1,dist): 73 85 2.8611176427310467
list:
dist: 2.8611176427310467 vs. 2.8611176427310467
--------
nle(id0,id1,dist): 72 73 1.5182932339591315
list:
dist: 1.5182932339591315 vs. 1.5182932339591315
--------
nle(id0,id1,dist): 72 76 2.8729148065178376
list:
dist: 2.8729148065178376 vs. 2.8729148065178376
--------
nle(id0,id1,dist): 72 80 2.8647868782613957
list:
dist: 2.8647868782613957 vs. 2.8647868782613957
--------
nle(id0,id1,dist): 72 79 3.3568568707813706
list:
dist: 3.3568568707813706 vs. 3.3568568707813706
--------
nle(id0,id1,dist): 72 81 2.6061265812537586
list:
dist: 2.6061265812537586 vs. 2.6061265812537586
--------
nle(id0,id1,dist): 71 81 1.3451109758381774
list:
dist: 1.3451109758381774 vs. 1.3451109758381774
--------
nle(id0,id1,dist): 71 80 2.051429281726533
list:
dist: 2.051429281726533 vs. 2.051429281726533
--------
nle(id0,id1,dist): 71 79 1.0880644611612265
list:
dist: 1.0880644611612265 vs. 1.0880644611612265
--------
nle(id0,id1,dist): 71 78 1.1440113624065076
list:
dist: 1.1440113624065076 vs. 1.1440113624065076
--------
nle(id0,id1,dist): 71 85 1.8617634825362228
list:
dist: 1.8617634825362228 vs. 1.8617634825362228
--------
nle(id0,id1,dist): 71 84 3.240340830618395
list:
dist: 3.240340830618395 vs. 3.240340830618395
--------
nle(id0,id1,dist): 71 83 2.026634795113593
list:
dist: 2.026634795113593 vs. 2.026634795113593
--------
nle(id0,id1,dist): 71 82 1.433363936400453
list:
dist: 1.433363936400453 vs. 1.433363936400453
--------
nle(id0,id1,dist): 71 89 2.367331137114599
list:
dist: 2.367331137114599 vs. 2.367331137114599
--------
nle(id0,id1,dist): 71 88 1.6167052298304718
list:
dist: 1.6167052298304718 vs. 1.6167052298304718
--------
nle(id0,id1,dist): 71 87 3.5865542504392907
list:
dist: 3.5865542504392907 vs. 3.5865542504392907
--------
nle(id0,id1,dist): 77 88 1.9054542251414626
list:
dist: 1.9054542251414626 vs. 1.9054542251414626
--------
nle(id0,id1,dist): 77 89 0.2637855122628543
list:
dist: 0.2637855122628543 vs. 0.2637855122628543
--------
nle(id0,id1,dist): 77 84 2.1338629382099716
list:
dist: 2.1338629382099716 vs. 2.1338629382099716
--------
nle(id0,id1,dist): 77 85 1.347152684485108
list:
dist: 1.347152684485108 vs. 1.347152684485108
--------
nle(id0,id1,dist): 77 87 2.199230349858436
list:
dist: 2.199230349858436 vs. 2.199230349858436
--------
nle(id0,id1,dist): 77 80 1.965151277819919
list:
dist: 1.965151277819919 vs. 1.965151277819919
--------
nle(id0,id1,dist): 77 81 2.9139037982699034
list:
dist: 2.9139037982699034 vs. 2.9139037982699034
--------
nle(id0,id1,dist): 77 82 1.2074824277306986
list:
dist: 1.2074824277306986 vs. 1.2074824277306986
--------
nle(id0,id1,dist): 77 83 0.584462966450617
list:
dist: 0.584462966450617 vs. 0.584462966450617
--------
nle(id0,id1,dist): 76 89 2.069146179589151
list:
dist: 2.069146179589151 vs. 2.069146179589151
--------
nle(id0,id1,dist): 76 87 3.2041441881080512
list:
dist: 3.2041441881080512 vs. 3.2041441881080512
--------
nle(id0,id1,dist): 76 88 1.6176855521739515
list:
dist: 1.6176855521739515 vs. 1.6176855521739515
--------
nle(id0,id1,dist): 76 85 1.7625784003716778
list:
dist: 1.7625784003716778 vs. 1.7625784003716778
--------
nle(id0,id1,dist): 77 79 3.352596513943257
list:
dist: 3.352596513943257 vs. 3.352596513943257
--------
nle(id0,id1,dist): 77 78 1.5031942046773212
list:
dist: 1.5031942046773212 vs. 1.5031942046773212
--------
nle(id0,id1,dist): 76 78 0.8652751737955501
list:
dist: 0.8652751737955501 vs. 0.8652751737955501
--------
nle(id0,id1,dist): 76 77 2.158663240446317
list:
dist: 2.158663240446317 vs. 2.158663240446317
--------
nle(id0,id1,dist): 76 80 1.6677567447657733
list:
dist: 1.6677567447657733 vs. 1.6677567447657733
--------
nle(id0,id1,dist): 76 79 1.4185591115511187
list:
dist: 1.4185591115511187 vs. 1.4185591115511187
--------
nle(id0,id1,dist): 76 82 1.2499566995259799
list:
dist: 1.2499566995259799 vs. 1.2499566995259799
--------
nle(id0,id1,dist): 76 81 1.549286423946493
list:
dist: 1.549286423946493 vs. 1.549286423946493
--------
nle(id0,id1,dist): 76 84 2.92904007950195
list:
dist: 2.92904007950195 vs. 2.92904007950195
--------
nle(id0,id1,dist): 76 83 1.6774518947744763
list:
dist: 1.6774518947744763 vs. 1.6774518947744763
--------
nle(id0,id1,dist): 75 85 1.2990487205157422
list:
dist: 1.2990487205157422 vs. 1.2990487205157422
--------
nle(id0,id1,dist): 75 83 2.1964092675556044
list:
dist: 2.1964092675556044 vs. 2.1964092675556044
--------
nle(id0,id1,dist): 75 82 1.2363301188201272
list:
dist: 1.2363301188201272 vs. 1.2363301188201272
--------
nle(id0,id1,dist): 75 89 2.2881020726778805
list:
dist: 2.2881020726778805 vs. 2.2881020726778805
--------
nle(id0,id1,dist): 75 88 1.0216321519615075
list:
dist: 1.0216321519615075 vs. 1.0216321519615075
--------
nle(id0,id1,dist): 75 77 2.4391823436362468
list:
dist: 2.4391823436362468 vs. 2.4391823436362468
--------
nle(id0,id1,dist): 75 76 1.304924617017825
list:
dist: 1.304924617017825 vs. 1.304924617017825
--------
nle(id0,id1,dist): 75 81 1.3128995890086832
list:
dist: 1.3128995890086832 vs. 1.3128995890086832
--------
nle(id0,id1,dist): 75 80 2.791134136192469
list:
dist: 2.791134136192469 vs. 2.791134136192469
--------
nle(id0,id1,dist): 75 79 1.4814042987609324
list:
dist: 1.4814042987609324 vs. 1.4814042987609324
--------
nle(id0,id1,dist): 75 78 1.4620089859340293
list:
dist: 1.4620089859340293 vs. 1.4620089859340293
--------
nle(id0,id1,dist): 119 149 3.8524638870248107
list:
dist: 3.8524638870248107 vs. 3.8524638870248107
--------
nle(id0,id1,dist): 119 146 3.0290148079729935
list:
dist: 3.0290148079729935 vs. 3.0290148079729935
--------
nle(id0,id1,dist): 119 143 4.054068401329757
list:
dist: 4.054068401329757 vs. 4.054068401329757
--------
nle(id0,id1,dist): 119 138 3.042055554002559
list:
dist: 3.042055554002559 vs. 3.042055554002559
--------
nle(id0,id1,dist): 119 137 3.8568083979194028
list:
dist: 3.8568083979194028 vs. 3.8568083979194028
--------
nle(id0,id1,dist): 119 135 3.7910113870199553
list:
dist: 3.7910113870199553 vs. 3.7910113870199553
--------
nle(id0,id1,dist): 120 140 2.8014262132144294
list:
dist: 2.8014262132144294 vs. 2.8014262132144294
--------
nle(id0,id1,dist): 120 141 4.06249263177472
list:
dist: 4.06249263177472 vs. 4.06249263177472
--------
nle(id0,id1,dist): 120 142 3.6957792104743934
list:
dist: 3.6957792104743934 vs. 3.6957792104743934
--------
nle(id0,id1,dist): 120 144 3.4865145728647713
list:
dist: 3.4865145728647713 vs. 3.4865145728647713
--------
nle(id0,id1,dist): 120 130 2.1651807496379765
list:
dist: 2.1651807496379765 vs. 2.1651807496379765
--------
nle(id0,id1,dist): 120 132 3.5511531211631486
list:
dist: 3.5511531211631486 vs. 3.5511531211631486
--------
nle(id0,id1,dist): 120 131 2.674549516000371
list:
dist: 2.674549516000371 vs. 2.674549516000371
--------
nle(id0,id1,dist): 120 134 4.184380652182308
list:
dist: 4.184380652182308 vs. 4.184380652182308
--------
nle(id0,id1,dist): 120 133 4.263022047038871
list:
dist: 4.263022047038871 vs. 4.263022047038871
--------
nle(id0,id1,dist): 120 122 2.3373953033265398
list:
dist: 2.3373953033265398 vs. 2.3373953033265398
--------
nle(id0,id1,dist): 120 121 2.2058460976682697
list:
dist: 2.2058460976682697 vs. 2.2058460976682697
--------
nle(id0,id1,dist): 120 124 3.880507761905966
list:
dist: 3.880507761905966 vs. 3.880507761905966
--------
nle(id0,id1,dist): 120 123 2.235519767659279
list:
dist: 2.235519767659279 vs. 2.235519767659279
--------
nle(id0,id1,dist): 120 126 2.6022616744500433
list:
dist: 2.6022616744500433 vs. 2.6022616744500433
--------
nle(id0,id1,dist): 120 125 3.423692858399306
list:
dist: 3.423692858399306 vs. 3.423692858399306
--------
nle(id0,id1,dist): 120 128 4.430141621906993
list:
dist: 4.430141621906993 vs. 4.430141621906993
--------
nle(id0,id1,dist): 120 127 3.2999719309728124
list:
dist: 3.2999719309728124 vs. 3.2999719309728124
--------
nle(id0,id1,dist): 121 142 2.019955804273875
list:
dist: 2.019955804273875 vs. 2.019955804273875
--------
nle(id0,id1,dist): 121 140 1.8199941174541345
list:
dist: 1.8199941174541345 vs. 1.8199941174541345
--------
nle(id0,id1,dist): 121 141 1.9662553325294674
list:
dist: 1.9662553325294674 vs. 1.9662553325294674
--------
nle(id0,id1,dist): 121 144 2.1206377602659208
list:
dist: 2.1206377602659208 vs. 2.1206377602659208
--------
nle(id0,id1,dist): 121 134 2.0466279495098654
list:
dist: 2.0466279495098654 vs. 2.0466279495098654
--------
nle(id0,id1,dist): 121 132 1.6302190435605977
list:
dist: 1.6302190435605977 vs. 1.6302190435605977
--------
nle(id0,id1,dist): 121 133 2.151115278296168
list:
dist: 2.151115278296168 vs. 2.151115278296168
--------
nle(id0,id1,dist): 121 139 2.8258397493747704
list:
dist: 2.8258397493747704 vs. 2.8258397493747704
--------
nle(id0,id1,dist): 121 136 2.5222731404524783
list:
dist: 2.5222731404524783 vs. 2.5222731404524783
--------
nle(id0,id1,dist): 121 127 1.2369519768301336
list:
dist: 1.2369519768301336 vs. 1.2369519768301336
--------
nle(id0,id1,dist): 121 126 1.223307827791347
list:
dist: 1.223307827791347 vs. 1.223307827791347
--------
nle(id0,id1,dist): 121 125 1.7424165895245725
list:
dist: 1.7424165895245725 vs. 1.7424165895245725
--------
nle(id0,id1,dist): 121 124 1.7986441668055313
list:
dist: 1.7986441668055313 vs. 1.7986441668055313
--------
nle(id0,id1,dist): 121 131 0.6245186369869148
list:
dist: 0.6245186369869148 vs. 0.6245186369869148
--------
nle(id0,id1,dist): 121 130 0.5526954017223742
list:
dist: 0.5526954017223742 vs. 0.5526954017223742
--------
nle(id0,id1,dist): 121 129 2.1274588890489103
list:
dist: 2.1274588890489103 vs. 2.1274588890489103
--------
nle(id0,id1,dist): 121 128 2.2253727423068037
list:
dist: 2.2253727423068037 vs. 2.2253727423068037
--------
nle(id0,id1,dist): 121 123 2.1445422729977577
list:
dist: 2.1445422729977577 vs. 2.1445422729977577
--------
nle(id0,id1,dist): 121 122 1.154374191309508
list:
dist: 1.154374191309508 vs. 1.154374191309508
--------
nle(id0,id1,dist): 122 132 1.3572549051456175
list:
dist: 1.3572549051456175 vs. 1.3572549051456175
--------
nle(id0,id1,dist): 122 131 1.4275706120163594
list:
dist: 1.4275706120163594 vs. 1.4275706120163594
--------
nle(id0,id1,dist): 122 134 2.166450366677348
list:
dist: 2.166450366677348 vs. 2.166450366677348
--------
nle(id0,id1,dist): 122 133 2.5038167386638785
list:
dist: 2.5038167386638785 vs. 2.5038167386638785
--------
nle(id0,id1,dist): 122 128 2.616301206814609
list:
dist: 2.616301206814609 vs. 2.616301206814609
--------
nle(id0,id1,dist): 122 127 1.5769816879490566
list:
dist: 1.5769816879490566 vs. 1.5769816879490566
--------
nle(id0,id1,dist): 122 130 0.7791049528487941
list:
dist: 0.7791049528487941 vs. 0.7791049528487941
--------
nle(id0,id1,dist): 122 140 0.7065083703174947
list:
dist: 0.7065083703174947 vs. 0.7065083703174947
--------
nle(id0,id1,dist): 122 142 1.4461370834782796
list:
dist: 1.4461370834782796 vs. 1.4461370834782796
--------
nle(id0,id1,dist): 122 141 1.946997711033154
list:
dist: 1.946997711033154 vs. 1.946997711033154
--------
nle(id0,id1,dist): 122 135 1.6075264469642216
list:
dist: 1.6075264469642216 vs. 1.6075264469642216
--------
nle(id0,id1,dist): 122 137 1.5807605715362325
list:
dist: 1.5807605715362325 vs. 1.5807605715362325
--------
nle(id0,id1,dist): 121 148 3.5832752677871347
list:
dist: 3.5832752677871347 vs. 3.5832752677871347
--------
nle(id0,id1,dist): 122 123 2.8283445965404437
list:
dist: 2.8283445965404437 vs. 2.8283445965404437
--------
nle(id0,id1,dist): 122 124 2.6555652278811146
list:
dist: 2.6555652278811146 vs. 2.6555652278811146
--------
nle(id0,id1,dist): 122 125 1.6662755788452417
list:
dist: 1.6662755788452417 vs. 1.6662755788452417
--------
nle(id0,id1,dist): 122 126 2.1686298866137093
list:
dist: 2.1686298866137093 vs. 2.1686298866137093
--------
nle(id0,id1,dist): 123 128 3.7466771885412165
list:
dist: 3.7466771885412165 vs. 3.7466771885412165
--------
nle(id0,id1,dist): 123 127 3.289882550983725
list:
dist: 3.289882550983725 vs. 3.289882550983725
--------
nle(id0,id1,dist): 123 126 2.730939739293336
list:
dist: 2.730939739293336 vs. 2.730939739293336
--------
nle(id0,id1,dist): 123 125 3.8864911666957855
list:
dist: 3.8864911666957855 vs. 3.8864911666957855
--------
nle(id0,id1,dist): 123 124 3.0948546454967585
list:
dist: 3.0948546454967585 vs. 3.0948546454967585
--------
nle(id0,id1,dist): 123 134 3.6064896108347835
list:
dist: 3.6064896108347835 vs. 3.6064896108347835
--------
nle(id0,id1,dist): 123 133 4.027254039879096
list:
dist: 4.027254039879096 vs. 4.027254039879096
--------
nle(id0,id1,dist): 123 132 3.3070130482262683
list:
dist: 3.3070130482262683 vs. 3.3070130482262683
--------
nle(id0,id1,dist): 123 131 2.0734924856874755
list:
dist: 2.0734924856874755 vs. 2.0734924856874755
--------
nle(id0,id1,dist): 123 130 2.1416969043743324
list:
dist: 2.1416969043743324 vs. 2.1416969043743324
--------
nle(id0,id1,dist): 122 147 3.1204056490002263
list:
dist: 3.1204056490002263 vs. 3.1204056490002263
--------
nle(id0,id1,dist): 122 146 2.224782213654226
list:
dist: 2.224782213654226 vs. 2.224782213654226
--------
nle(id0,id1,dist): 122 143 2.4466233882034407
list:
dist: 2.4466233882034407 vs. 2.4466233882034407
--------
nle(id0,id1,dist): 122 144 1.3563332465357603
list:
dist: 1.3563332465357603 vs. 1.3563332465357603
--------
nle(id0,id1,dist): 124 126 1.6876667327539028
list:
dist: 1.6876667327539028 vs. 1.6876667327539028
--------
nle(id0,id1,dist): 124 125 2.159754245221232
list:
dist: 2.159754245221232 vs. 2.159754245221232
--------
nle(id0,id1,dist): 124 128 1.1505920311797995
list:
dist: 1.1505920311797995 vs. 1.1505920311797995
--------
nle(id0,id1,dist): 124 127 1.395280833720119
list:
dist: 1.395280833720119 vs. 1.395280833720119
--------
nle(id0,id1,dist): 124 130 2.1692474833604067
list:
dist: 2.1692474833604067 vs. 2.1692474833604067
--------
nle(id0,id1,dist): 124 129 1.1285578791841742
list:
dist: 1.1285578791841742 vs. 1.1285578791841742
--------
nle(id0,id1,dist): 124 132 2.056151649644881
list:
dist: 2.056151649644881 vs. 2.056151649644881
--------
nle(id0,id1,dist): 124 131 1.4968480108637277
list:
dist: 1.4968480108637277 vs. 1.4968480108637277
--------
nle(id0,id1,dist): 123 140 3.5045866653558257
list:
dist: 3.5045866653558257 vs. 3.5045866653558257
--------
nle(id0,id1,dist): 123 141 3.7180185692109506
list:
dist: 3.7180185692109506 vs. 3.7180185692109506
--------
nle(id0,id1,dist): 123 142 4.010572728342232
list:
dist: 4.010572728342232 vs. 4.010572728342232
--------
nle(id0,id1,dist): 123 144 4.111633985943568
list:
dist: 4.111633985943568 vs. 4.111633985943568
--------
nle(id0,id1,dist): 125 127 0.832836707990227
list:
dist: 0.832836707990227 vs. 0.832836707990227
--------
nle(id0,id1,dist): 125 126 1.8381894131833778
list:
dist: 1.8381894131833778 vs. 1.8381894131833778
--------
nle(id0,id1,dist): 124 136 2.220768626914579
list:
dist: 2.220768626914579 vs. 2.220768626914579
--------
nle(id0,id1,dist): 124 133 1.3124687190511686
list:
dist: 1.3124687190511686 vs. 1.3124687190511686
--------
nle(id0,id1,dist): 124 134 1.5978014801180687
list:
dist: 1.5978014801180687 vs. 1.5978014801180687
--------
nle(id0,id1,dist): 124 139 2.5032602428822655
list:
dist: 2.5032602428822655 vs. 2.5032602428822655
--------
nle(id0,id1,dist): 124 140 3.1344191074320418
list:
dist: 3.1344191074320418 vs. 3.1344191074320418
--------
nle(id0,id1,dist): 124 144 2.9491260686245013
list:
dist: 2.9491260686245013 vs. 2.9491260686245013
--------
nle(id0,id1,dist): 124 141 1.7451883991658081
list:
dist: 1.7451883991658081 vs. 1.7451883991658081
--------
nle(id0,id1,dist): 124 142 2.563735586301782
list:
dist: 2.563735586301782 vs. 2.563735586301782
--------
nle(id0,id1,dist): 124 147 2.564172772055809
list:
dist: 2.564172772055809 vs. 2.564172772055809
--------
nle(id0,id1,dist): 124 148 3.160236077522367
list:
dist: 3.160236077522367 vs. 3.160236077522367
--------
nle(id0,id1,dist): 124 145 2.5584272557880277
list:
dist: 2.5584272557880277 vs. 2.5584272557880277
--------
nle(id0,id1,dist): 112 117 1.1787718482431129
list:
dist: 1.1787718482431129 vs. 1.1787718482431129
--------
nle(id0,id1,dist): 112 118 2.0389865686645794
list:
dist: 2.0389865686645794 vs. 2.0389865686645794
--------
nle(id0,id1,dist): 112 115 1.7721241068644789
list:
dist: 1.7721241068644789 vs. 1.7721241068644789
--------
nle(id0,id1,dist): 112 116 1.341232805092662
list:
dist: 1.341232805092662 vs. 1.341232805092662
--------
nle(id0,id1,dist): 112 113 1.3439582382754014
list:
dist: 1.3439582382754014 vs. 1.3439582382754014
--------
nle(id0,id1,dist): 112 114 1.3641859196069064
list:
dist: 1.3641859196069064 vs. 1.3641859196069064
--------
nle(id0,id1,dist): 113 116 0.8656702101270919
list:
dist: 0.8656702101270919 vs. 0.8656702101270919
--------
nle(id0,id1,dist): 113 117 0.42552560121697486
list:
dist: 0.42552560121697486 vs. 0.42552560121697486
--------
nle(id0,id1,dist): 113 118 1.0068185627595505
list:
dist: 1.0068185627595505 vs. 1.0068185627595505
--------
nle(id0,id1,dist): 113 114 0.8479490740180611
list:
dist: 0.8479490740180611 vs. 0.8479490740180611
--------
nle(id0,id1,dist): 113 115 1.0714514012339178
list:
dist: 1.0714514012339178 vs. 1.0714514012339178
--------
nle(id0,id1,dist): 114 117 1.0441766685665375
list:
dist: 1.0441766685665375 vs. 1.0441766685665375
--------
nle(id0,id1,dist): 114 118 1.079487519143495
list:
dist: 1.079487519143495 vs. 1.079487519143495
--------
nle(id0,id1,dist): 114 115 1.5664763395270525
list:
dist: 1.5664763395270525 vs. 1.5664763395270525
--------
nle(id0,id1,dist): 114 116 1.0183403816309922
list:
dist: 1.0183403816309922 vs. 1.0183403816309922
--------
nle(id0,id1,dist): 115 118 0.9899929829402763
list:
dist: 0.9899929829402763 vs. 0.9899929829402763
--------
nle(id0,id1,dist): 115 116 1.9177532866472464
list:
dist: 1.9177532866472464 vs. 1.9177532866472464
--------
nle(id0,id1,dist): 115 117 1.3661646594972494
list:
dist: 1.3661646594972494 vs. 1.3661646594972494
--------
nle(id0,id1,dist): 116 117 0.6111471555402663
list:
dist: 0.6111471555402663 vs. 0.6111471555402663
--------
nle(id0,id1,dist): 116 118 1.7344750014395816
list:
dist: 1.7344750014395816 vs. 1.7344750014395816
--------
nle(id0,id1,dist): 117 118 1.4315614535606531
list:
dist: 1.4315614535606531 vs. 1.4315614535606531
--------
nle(id0,id1,dist): 106 113 3.838945997301529
list:
dist: 3.838945997301529 vs. 3.838945997301529
--------
nle(id0,id1,dist): 106 114 3.526163139153408
list:
dist: 3.526163139153408 vs. 3.526163139153408
--------
nle(id0,id1,dist): 106 112 2.923551630478854
list:
dist: 2.923551630478854 vs. 2.923551630478854
--------
nle(id0,id1,dist): 106 117 3.916747673148837
list:
dist: 3.916747673148837 vs. 3.916747673148837
--------
nle(id0,id1,dist): 106 118 3.814890322233408
list:
dist: 3.814890322233408 vs. 3.814890322233408
--------
nle(id0,id1,dist): 106 115 3.525633865897062
list:
dist: 3.525633865897062 vs. 3.525633865897062
--------
nle(id0,id1,dist): 106 110 3.773314687423589
list:
dist: 3.773314687423589 vs. 3.773314687423589
--------
nle(id0,id1,dist): 106 109 1.015049852068958
list:
dist: 1.015049852068958 vs. 1.015049852068958
--------
nle(id0,id1,dist): 106 108 1.5216610063084364
list:
dist: 1.5216610063084364 vs. 1.5216610063084364
--------
nle(id0,id1,dist): 106 107 2.282890485986962
list:
dist: 2.282890485986962 vs. 2.282890485986962
--------
nle(id0,id1,dist): 105 117 3.45926113989537
list:
dist: 3.45926113989537 vs. 3.45926113989537
--------
nle(id0,id1,dist): 105 118 3.36539777332123
list:
dist: 3.36539777332123 vs. 3.36539777332123
--------
nle(id0,id1,dist): 105 109 0.9357674432788899
list:
dist: 0.9357674432788899 vs. 0.9357674432788899
--------
nle(id0,id1,dist): 105 108 1.0372421870379642
list:
dist: 1.0372421870379642 vs. 1.0372421870379642
--------
nle(id0,id1,dist): 105 110 3.332642339366496
list:
dist: 3.332642339366496 vs. 3.332642339366496
--------
nle(id0,id1,dist): 105 113 3.374913625212665
list:
dist: 3.374913625212665 vs. 3.374913625212665
--------
nle(id0,id1,dist): 105 112 2.5053680291959175
list:
dist: 2.5053680291959175 vs. 2.5053680291959175
--------
nle(id0,id1,dist): 105 115 3.0184684806206135
list:
dist: 3.0184684806206135 vs. 3.0184684806206135
--------
nle(id0,id1,dist): 105 114 3.128295840136764
list:
dist: 3.128295840136764 vs. 3.128295840136764
--------
nle(id0,id1,dist): 105 107 2.1108562339200887
list:
dist: 2.1108562339200887 vs. 2.1108562339200887
--------
nle(id0,id1,dist): 105 106 0.5267126904187914
list:
dist: 0.5267126904187914 vs. 0.5267126904187914
--------
nle(id0,id1,dist): 108 115 2.060706939756191
list:
dist: 2.060706939756191 vs. 2.060706939756191
--------
nle(id0,id1,dist): 108 113 2.341285667610809
list:
dist: 2.341285667610809 vs. 2.341285667610809
--------
nle(id0,id1,dist): 108 114 2.1631648743411285
list:
dist: 2.1631648743411285 vs. 2.1631648743411285
--------
nle(id0,id1,dist): 108 112 1.5529565729474009
list:
dist: 1.5529565729474009 vs. 1.5529565729474009
--------
nle(id0,id1,dist): 108 109 1.1371791935743012
list:
dist: 1.1371791935743012 vs. 1.1371791935743012
--------
nle(id0,id1,dist): 108 110 2.356813840529082
list:
dist: 2.356813840529082 vs. 2.356813840529082
--------
nle(id0,id1,dist): 107 118 2.732781816817382
list:
dist: 2.732781816817382 vs. 2.732781816817382
--------
nle(id0,id1,dist): 107 114 1.896659697755079
list:
dist: 1.896659697755079 vs. 1.896659697755079
--------
nle(id0,id1,dist): 107 115 2.8709400962340528
list:
dist: 2.8709400962340528 vs. 2.8709400962340528
--------
nle(id0,id1,dist): 107 117 2.500799143733506
list:
dist: 2.500799143733506 vs. 2.500799143733506
--------
nle(id0,id1,dist): 107 110 2.4328100206744603
list:
dist: 2.4328100206744603 vs. 2.4328100206744603
--------
nle(id0,id1,dist): 107 112 1.6391633174308287
list:
dist: 1.6391633174308287 vs. 1.6391633174308287
--------
nle(id0,id1,dist): 107 113 2.504693574548982
list:
dist: 2.504693574548982 vs. 2.504693574548982
--------
nle(id0,id1,dist): 107 108 1.6360824209425229
list:
dist: 1.6360824209425229 vs. 1.6360824209425229
--------
nle(id0,id1,dist): 107 109 1.3198692764128641
list:
dist: 1.3198692764128641 vs. 1.3198692764128641
--------
nle(id0,id1,dist): 109 114 2.782529881102934
list:
dist: 2.782529881102934 vs. 2.782529881102934
--------
nle(id0,id1,dist): 109 115 3.1256959990880118
list:
dist: 3.1256959990880118 vs. 3.1256959990880118
--------
nle(id0,id1,dist): 109 112 2.1350839695852897
list:
dist: 2.1350839695852897 vs. 2.1350839695852897
--------
nle(id0,id1,dist): 109 113 3.172887054002916
list:
dist: 3.172887054002916 vs. 3.172887054002916
--------
nle(id0,id1,dist): 109 118 3.3082416631564566
list:
dist: 3.3082416631564566 vs. 3.3082416631564566
--------
nle(id0,id1,dist): 109 117 3.1946822662239094
list:
dist: 3.1946822662239094 vs. 3.1946822662239094
--------
nle(id0,id1,dist): 109 110 3.0126408207246365
list:
dist: 3.0126408207246365 vs. 3.0126408207246365
--------
nle(id0,id1,dist): 108 117 2.426974532121702
list:
dist: 2.426974532121702 vs. 2.426974532121702
--------
nle(id0,id1,dist): 108 118 2.42158631496399
list:
dist: 2.42158631496399 vs. 2.42158631496399
--------
nle(id0,id1,dist): 111 118 1.3607053169838426
list:
dist: 1.3607053169838426 vs. 1.3607053169838426
--------
nle(id0,id1,dist): 111 116 1.729869710043652
list:
dist: 1.729869710043652 vs. 1.729869710043652
--------
nle(id0,id1,dist): 111 117 1.132193140382691
list:
dist: 1.132193140382691 vs. 1.132193140382691
--------
nle(id0,id1,dist): 111 114 1.7605475446082017
list:
dist: 1.7605475446082017 vs. 1.7605475446082017
--------
nle(id0,id1,dist): 111 115 0.6701220571826496
list:
dist: 0.6701220571826496 vs. 0.6701220571826496
--------
nle(id0,id1,dist): 111 112 1.8041639031751158
list:
dist: 1.8041639031751158 vs. 1.8041639031751158
--------
nle(id0,id1,dist): 111 113 0.9911368478899618
list:
dist: 0.9911368478899618 vs. 0.9911368478899618
--------
nle(id0,id1,dist): 110 111 1.5228399996152049
list:
dist: 1.5228399996152049 vs. 1.5228399996152049
--------
nle(id0,id1,dist): 110 112 0.8854682059424531
list:
dist: 0.8854682059424531 vs. 0.8854682059424531
--------
nle(id0,id1,dist): 110 113 1.149976111351665
list:
dist: 1.149976111351665 vs. 1.149976111351665
--------
nle(id0,id1,dist): 110 114 1.5734160620650106
list:
dist: 1.5734160620650106 vs. 1.5734160620650106
--------
nle(id0,id1,dist): 110 115 1.8151909904212469
list:
dist: 1.8151909904212469 vs. 1.8151909904212469
--------
nle(id0,id1,dist): 110 116 0.9654984364962749
list:
dist: 0.9654984364962749 vs. 0.9654984364962749
--------
nle(id0,id1,dist): 110 117 0.7678803954276965
list:
dist: 0.7678803954276965 vs. 0.7678803954276965
--------
nle(id0,id1,dist): 110 118 2.1199920517405935
list:
dist: 2.1199920517405935 vs. 2.1199920517405935
--------
nle(id0,id1,dist): 99 107 2.6177363713367052
list:
dist: 2.6177363713367052 vs. 2.6177363713367052
--------
nle(id0,id1,dist): 99 106 2.3754353241834494
list:
dist: 2.3754353241834494 vs. 2.3754353241834494
--------
nle(id0,id1,dist): 99 109 2.114190267533617
list:
dist: 2.114190267533617 vs. 2.114190267533617
--------
nle(id0,id1,dist): 99 108 1.401415916323433
list:
dist: 1.401415916323433 vs. 1.401415916323433
--------
nle(id0,id1,dist): 99 110 2.116792734523197
list:
dist: 2.116792734523197 vs. 2.116792734523197
--------
nle(id0,id1,dist): 99 113 2.567391177684092
list:
dist: 2.567391177684092 vs. 2.567391177684092
--------
nle(id0,id1,dist): 99 112 1.6772059400837502
list:
dist: 1.6772059400837502 vs. 1.6772059400837502
--------
nle(id0,id1,dist): 99 101 1.3411637504732055
list:
dist: 1.3411637504732055 vs. 1.3411637504732055
--------
nle(id0,id1,dist): 99 100 1.4928161359942873
list:
dist: 1.4928161359942873 vs. 1.4928161359942873
--------
nle(id0,id1,dist): 99 103 1.1972621570418547
list:
dist: 1.1972621570418547 vs. 1.1972621570418547
--------
nle(id0,id1,dist): 99 102 2.384939452260406
list:
dist: 2.384939452260406 vs. 2.384939452260406
--------
nle(id0,id1,dist): 99 105 1.9237849712498665
list:
dist: 1.9237849712498665 vs. 1.9237849712498665
--------
nle(id0,id1,dist): 99 104 0.9361463572392532
list:
dist: 0.9361463572392532 vs. 0.9361463572392532
--------
nle(id0,id1,dist): 99 114 2.801517172786822
list:
dist: 2.801517172786822 vs. 2.801517172786822
--------
nle(id0,id1,dist): 99 115 2.2405687623418054
list:
dist: 2.2405687623418054 vs. 2.2405687623418054
--------
nle(id0,id1,dist): 99 117 2.493006387718307
list:
dist: 2.493006387718307 vs. 2.493006387718307
--------
nle(id0,id1,dist): 99 118 2.9961150273528103
list:
dist: 2.9961150273528103 vs. 2.9961150273528103
--------
nle(id0,id1,dist): 98 114 1.883449775926911
list:
dist: 1.883449775926911 vs. 1.883449775926911
--------
nle(id0,id1,dist): 98 113 2.426076659169162
list:
dist: 2.426076659169162 vs. 2.426076659169162
--------
nle(id0,id1,dist): 98 112 1.539855667464018
list:
dist: 1.539855667464018 vs. 1.539855667464018
--------
nle(id0,id1,dist): 98 118 2.6013470456749768
list:
dist: 2.6013470456749768 vs. 2.6013470456749768
--------
nle(id0,id1,dist): 98 117 2.4528036191274802
list:
dist: 2.4528036191274802 vs. 2.4528036191274802
--------
nle(id0,id1,dist): 98 115 2.6506944686527056
list:
dist: 2.6506944686527056 vs. 2.6506944686527056
--------
nle(id0,id1,dist): 98 106 1.9624770025118545
list:
dist: 1.9624770025118545 vs. 1.9624770025118545
--------
nle(id0,id1,dist): 98 105 1.7461502487362208
list:
dist: 1.7461502487362208 vs. 1.7461502487362208
--------
nle(id0,id1,dist): 98 104 2.7493266003150643
list:
dist: 2.7493266003150643 vs. 2.7493266003150643
--------
nle(id0,id1,dist): 98 103 1.655886138674928
list:
dist: 1.655886138674928 vs. 1.655886138674928
--------
nle(id0,id1,dist): 98 110 2.3920367167162007
list:
dist: 2.3920367167162007 vs. 2.3920367167162007
--------
nle(id0,id1,dist): 98 109 1.0340087289360176
list:
dist: 1.0340087289360176 vs. 1.0340087289360176
--------
nle(id0,id1,dist): 98 108 1.2527754304573724
list:
dist: 1.2527754304573724 vs. 1.2527754304573724
--------
nle(id0,id1,dist): 98 107 0.3950897961699894
list:
dist: 0.3950897961699894 vs. 0.3950897961699894
--------
nle(id0,id1,dist): 101 103 0.9044939765072489
list:
dist: 0.9044939765072489 vs. 0.9044939765072489
--------
nle(id0,id1,dist): 101 102 1.7752221569828237
list:
dist: 1.7752221569828237 vs. 1.7752221569828237
--------
nle(id0,id1,dist): 101 117 3.4805703874019676
list:
dist: 3.4805703874019676 vs. 3.4805703874019676
--------
nle(id0,id1,dist): 101 118 3.5842874523190598
list:
dist: 3.5842874523190598 vs. 3.5842874523190598
--------
nle(id0,id1,dist): 101 112 2.5393075370082463
list:
dist: 2.5393075370082463 vs. 2.5393075370082463
--------
nle(id0,id1,dist): 101 113 3.4514688775158384
list:
dist: 3.4514688775158384 vs. 3.4514688775158384
--------
nle(id0,id1,dist): 101 114 3.4271876446080927
list:
dist: 3.4271876446080927 vs. 3.4271876446080927
--------
nle(id0,id1,dist): 101 115 2.989537311844648
list:
dist: 2.989537311844648 vs. 2.989537311844648
--------
nle(id0,id1,dist): 101 108 1.3109063150348905
list:
dist: 1.3109063150348905 vs. 1.3109063150348905
--------
nle(id0,id1,dist): 101 109 1.5878339232408794
list:
dist: 1.5878339232408794 vs. 1.5878339232408794
--------
nle(id0,id1,dist): 101 110 3.233793827417321
list:
dist: 3.233793827417321 vs. 3.233793827417321
--------
nle(id0,id1,dist): 101 104 0.9315924467187997
list:
dist: 0.9315924467187997 vs. 0.9315924467187997
--------
nle(id0,id1,dist): 101 105 0.9355899571601799
list:
dist: 0.9355899571601799 vs. 0.9355899571601799
--------
nle(id0,id1,dist): 101 106 1.2682521076859614
list:
dist: 1.2682521076859614 vs. 1.2682521076859614
--------
nle(id0,id1,dist): 101 107 2.6790044515455262
list:
dist: 2.6790044515455262 vs. 2.6790044515455262
--------
nle(id0,id1,dist): 100 108 1.1688393145987368
list:
dist: 1.1688393145987368 vs. 1.1688393145987368
--------
nle(id0,id1,dist): 100 107 2.618349925432685
list:
dist: 2.618349925432685 vs. 2.618349925432685
--------
nle(id0,id1,dist): 100 106 1.1491514155846987
list:
dist: 1.1491514155846987 vs. 1.1491514155846987
--------
nle(id0,id1,dist): 100 105 0.7541951962697337
list:
dist: 0.7541951962697337 vs. 0.7541951962697337
--------
nle(id0,id1,dist): 100 104 1.0129150120350137
list:
dist: 1.0129150120350137 vs. 1.0129150120350137
--------
nle(id0,id1,dist): 100 103 0.759846181007762
list:
dist: 0.759846181007762 vs. 0.759846181007762
--------
nle(id0,id1,dist): 100 102 1.8474453710795122
list:
dist: 1.8474453710795122 vs. 1.8474453710795122
--------
nle(id0,id1,dist): 100 101 0.3614095482206275
list:
dist: 0.3614095482206275 vs. 0.3614095482206275
--------
nle(id0,id1,dist): 100 117 3.4346283872718186
list:
dist: 3.4346283872718186 vs. 3.4346283872718186
--------
nle(id0,id1,dist): 100 118 3.3986760718302307
list:
dist: 3.3986760718302307 vs. 3.3986760718302307
--------
nle(id0,id1,dist): 100 115 2.846917938982964
list:
dist: 2.846917938982964 vs. 2.846917938982964
--------
nle(id0,id1,dist): 100 113 3.3624345707324137
list:
dist: 3.3624345707324137 vs. 3.3624345707324137
--------
nle(id0,id1,dist): 100 114 3.3046367478398517
list:
dist: 3.3046367478398517 vs. 3.3046367478398517
--------
nle(id0,id1,dist): 100 112 2.549180716113064
list:
dist: 2.549180716113064 vs. 2.549180716113064
--------
nle(id0,id1,dist): 100 109 1.5473814578183602
list:
dist: 1.5473814578183602 vs. 1.5473814578183602
--------
nle(id0,id1,dist): 100 110 3.2670637631459694
list:
dist: 3.2670637631459694 vs. 3.2670637631459694
--------
nle(id0,id1,dist): 102 115 3.8626090958883794
list:
dist: 3.8626090958883794 vs. 3.8626090958883794
--------
nle(id0,id1,dist): 102 117 4.667539030267397
list:
dist: 4.667539030267397 vs. 4.667539030267397
--------
nle(id0,id1,dist): 102 118 4.660571087239751
list:
dist: 4.660571087239751 vs. 4.660571087239751
--------
nle(id0,id1,dist): 103 105 0.8895082696346263
list:
dist: 0.8895082696346263 vs. 0.8895082696346263
--------
nle(id0,id1,dist): 103 104 1.162310277996199
list:
dist: 1.162310277996199 vs. 1.162310277996199
--------
nle(id0,id1,dist): 103 107 2.038481049287737
list:
dist: 2.038481049287737 vs. 2.038481049287737
--------
nle(id0,id1,dist): 103 106 1.4113540709980206
list:
dist: 1.4113540709980206 vs. 1.4113540709980206
--------
nle(id0,id1,dist): 103 109 1.295293513807604
list:
dist: 1.295293513807604 vs. 1.295293513807604
--------
nle(id0,id1,dist): 103 108 0.4481233986170217
list:
dist: 0.4481233986170217 vs. 0.4481233986170217
--------
nle(id0,id1,dist): 102 106 2.7543858465166324
list:
dist: 2.7543858465166324 vs. 2.7543858465166324
--------
nle(id0,id1,dist): 102 105 2.5433841263260555
list:
dist: 2.5433841263260555 vs. 2.5433841263260555
--------
nle(id0,id1,dist): 102 104 1.5229175451941392
list:
dist: 1.5229175451941392 vs. 1.5229175451941392
--------
nle(id0,id1,dist): 102 103 2.442321574143948
list:
dist: 2.442321574143948 vs. 2.442321574143948
--------
nle(id0,id1,dist): 102 108 2.889253045561256
list:
dist: 2.889253045561256 vs. 2.889253045561256
--------
nle(id0,id1,dist): 102 113 4.613532823709032
list:
dist: 4.613532823709032 vs. 4.613532823709032
--------
nle(id0,id1,dist): 104 109 2.296166239334197
list:
dist: 2.296166239334197 vs. 2.296166239334197
--------
nle(id0,id1,dist): 104 110 2.9398149533347238
list:
dist: 2.9398149533347238 vs. 2.9398149533347238
--------
nle(id0,id1,dist): 104 112 2.4476987875508933
list:
dist: 2.4476987875508933 vs. 2.4476987875508933
--------
nle(id0,id1,dist): 104 105 1.7113068131759914
list:
dist: 1.7113068131759914 vs. 1.7113068131759914
--------
nle(id0,id1,dist): 104 106 2.141935310782293
list:
dist: 2.141935310782293 vs. 2.141935310782293
--------
nle(id0,id1,dist): 104 107 3.1074614490716175
list:
dist: 3.1074614490716175 vs. 3.1074614490716175
--------
nle(id0,id1,dist): 104 108 1.568624551681795
list:
dist: 1.568624551681795 vs. 1.568624551681795
--------
nle(id0,id1,dist): 104 117 3.1713925308153637
list:
dist: 3.1713925308153637 vs. 3.1713925308153637
--------
nle(id0,id1,dist): 104 118 3.317887564254774
list:
dist: 3.317887564254774 vs. 3.317887564254774
--------
nle(id0,id1,dist): 104 113 3.143852249595192
list:
dist: 3.143852249595192 vs. 3.143852249595192
--------
nle(id0,id1,dist): 104 114 3.3438132290600926
list:
dist: 3.3438132290600926 vs. 3.3438132290600926
--------
nle(id0,id1,dist): 104 115 2.529533577586344
list:
dist: 2.529533577586344 vs. 2.529533577586344
--------
nle(id0,id1,dist): 103 117 2.7036584598788145
list:
dist: 2.7036584598788145 vs. 2.7036584598788145
--------
nle(id0,id1,dist): 103 114 2.5491030916745325
list:
dist: 2.5491030916745325 vs. 2.5491030916745325
--------
nle(id0,id1,dist): 103 115 2.214684852092802
list:
dist: 2.214684852092802 vs. 2.214684852092802
--------
nle(id0,id1,dist): 103 112 1.837191057768255
list:
dist: 1.837191057768255 vs. 1.837191057768255
--------
nle(id0,id1,dist): 103 113 2.6278518849673236
list:
dist: 2.6278518849673236 vs. 2.6278518849673236
--------
nle(id0,id1,dist): 103 110 2.5826387196825804
list:
dist: 2.5826387196825804 vs. 2.5826387196825804
--------
nle(id0,id1,dist): 103 118 2.7089633166192235
list:
dist: 2.7089633166192235 vs. 2.7089633166192235
--------
nle(id0,id1,dist): 147 149 1.9605891346759472
list:
dist: 1.9605891346759472 vs. 1.9605891346759472
--------
nle(id0,id1,dist): 147 148 1.7513159922844812
list:
dist: 1.7513159922844812 vs. 1.7513159922844812
--------
nle(id0,id1,dist): 148 149 0.7871522929544318
list:
dist: 0.7871522929544318 vs. 0.7871522929544318
--------
nle(id0,id1,dist): 146 147 2.9192218141241435
list:
dist: 2.9192218141241435 vs. 2.9192218141241435
--------
nle(id0,id1,dist): 146 148 2.534759445399208
list:
dist: 2.534759445399208 vs. 2.534759445399208
--------
nle(id0,id1,dist): 146 149 2.393075281259889
list:
dist: 2.393075281259889 vs. 2.393075281259889
--------
nle(id0,id1,dist): 144 148 2.3784395860718184
list:
dist: 2.3784395860718184 vs. 2.3784395860718184
--------
nle(id0,id1,dist): 144 147 2.3494650714794068
list:
dist: 2.3494650714794068 vs. 2.3494650714794068
--------
nle(id0,id1,dist): 144 146 1.0525414077702941
list:
dist: 1.0525414077702941 vs. 1.0525414077702941
--------
nle(id0,id1,dist): 144 145 2.091013722853841
list:
dist: 2.091013722853841 vs. 2.091013722853841
--------
nle(id0,id1,dist): 144 149 2.510570538110616
list:
dist: 2.510570538110616 vs. 2.510570538110616
--------
nle(id0,id1,dist): 145 149 1.6063129933913736
list:
dist: 1.6063129933913736 vs. 1.6063129933913736
--------
nle(id0,id1,dist): 145 148 1.351009136066507
list:
dist: 1.351009136066507 vs. 1.351009136066507
--------
nle(id0,id1,dist): 145 147 0.4349823160057439
list:
dist: 0.4349823160057439 vs. 0.4349823160057439
--------
nle(id0,id1,dist): 145 146 2.6108232436131544
list:
dist: 2.6108232436131544 vs. 2.6108232436131544
--------
nle(id0,id1,dist): 142 149 2.39411644169586
list:
dist: 2.39411644169586 vs. 2.39411644169586
--------
nle(id0,id1,dist): 142 147 1.859152794141316
list:
dist: 1.859152794141316 vs. 1.859152794141316
--------
nle(id0,id1,dist): 142 148 2.1986611917335943
list:
dist: 2.1986611917335943 vs. 2.1986611917335943
--------
nle(id0,id1,dist): 142 145 1.6478997006258587
list:
dist: 1.6478997006258587 vs. 1.6478997006258587
--------
nle(id0,id1,dist): 142 146 1.4956880063000944
list:
dist: 1.4956880063000944 vs. 1.4956880063000944
--------
nle(id0,id1,dist): 142 143 1.0203379005144038
list:
dist: 1.0203379005144038 vs. 1.0203379005144038
--------
nle(id0,id1,dist): 142 144 0.5542989148512906
list:
dist: 0.5542989148512906 vs. 0.5542989148512906
--------
nle(id0,id1,dist): 143 146 1.4933483334771775
list:
dist: 1.4933483334771775 vs. 1.4933483334771775
--------
nle(id0,id1,dist): 143 147 1.4598517188119384
list:
dist: 1.4598517188119384 vs. 1.4598517188119384
--------
nle(id0,id1,dist): 143 148 1.6710179274290489
list:
dist: 1.6710179274290489 vs. 1.6710179274290489
--------
nle(id0,id1,dist): 143 149 1.5838227429108547
list:
dist: 1.5838227429108547 vs. 1.5838227429108547
--------
nle(id0,id1,dist): 143 144 1.2400215410239817
list:
dist: 1.2400215410239817 vs. 1.2400215410239817
--------
nle(id0,id1,dist): 143 145 1.1988897791053028
list:
dist: 1.1988897791053028 vs. 1.1988897791053028
--------
nle(id0,id1,dist): 141 142 1.1787687936113251
list:
dist: 1.1787687936113251 vs. 1.1787687936113251
--------
nle(id0,id1,dist): 141 143 1.644940088793586
list:
dist: 1.644940088793586 vs. 1.644940088793586
--------
nle(id0,id1,dist): 141 145 1.366607717037126
list:
dist: 1.366607717037126 vs. 1.366607717037126
--------
nle(id0,id1,dist): 141 144 1.7167526585659738
list:
dist: 1.7167526585659738 vs. 1.7167526585659738
--------
nle(id0,id1,dist): 141 147 1.3415208780780923
list:
dist: 1.3415208780780923 vs. 1.3415208780780923
--------
nle(id0,id1,dist): 141 146 2.656079005701531
list:
dist: 2.656079005701531 vs. 2.656079005701531
--------
nle(id0,id1,dist): 141 149 2.7793323153384817
list:
dist: 2.7793323153384817 vs. 2.7793323153384817
--------
nle(id0,id1,dist): 141 148 2.413036351589929
list:
dist: 2.413036351589929 vs. 2.413036351589929
--------
nle(id0,id1,dist): 139 144 1.6890376006228798
list:
dist: 1.6890376006228798 vs. 1.6890376006228798
--------
nle(id0,id1,dist): 139 145 0.547143369545331
list:
dist: 0.547143369545331 vs. 0.547143369545331
--------
nle(id0,id1,dist): 139 142 1.320149948215341
list:
dist: 1.320149948215341 vs. 1.320149948215341
--------
nle(id0,id1,dist): 139 143 0.9672510685982936
list:
dist: 0.9672510685982936 vs. 0.9672510685982936
--------
nle(id0,id1,dist): 139 141 1.3686704155282527
list:
dist: 1.3686704155282527 vs. 1.3686704155282527
--------
nle(id0,id1,dist): 139 148 1.0810000845925358
list:
dist: 1.0810000845925358 vs. 1.0810000845925358
--------
nle(id0,id1,dist): 139 149 1.428896149717942
list:
dist: 1.428896149717942 vs. 1.428896149717942
--------
nle(id0,id1,dist): 139 146 2.196225622343953
list:
dist: 2.196225622343953 vs. 2.196225622343953
--------
nle(id0,id1,dist): 139 147 0.9608082901962962
list:
dist: 0.9608082901962962 vs. 0.9608082901962962
--------
nle(id0,id1,dist): 140 146 1.619289469352621
list:
dist: 1.619289469352621 vs. 1.619289469352621
--------
nle(id0,id1,dist): 140 147 3.0358226135695388
list:
dist: 3.0358226135695388 vs. 3.0358226135695388
--------
nle(id0,id1,dist): 140 141 2.0734435802408324
list:
dist: 2.0734435802408324 vs. 2.0734435802408324
--------
nle(id0,id1,dist): 140 142 1.2138668910795816
list:
dist: 1.2138668910795816 vs. 1.2138668910795816
--------
nle(id0,id1,dist): 140 143 2.0738865129833375
list:
dist: 2.0738865129833375 vs. 2.0738865129833375
--------
nle(id0,id1,dist): 140 144 0.9383882631282922
list:
dist: 0.9383882631282922 vs. 0.9383882631282922
--------
nle(id0,id1,dist): 138 141 3.4229837233083575
list:
dist: 3.4229837233083575 vs. 3.4229837233083575
--------
nle(id0,id1,dist): 138 142 2.5421477238851806
list:
dist: 2.5421477238851806 vs. 2.5421477238851806
--------
nle(id0,id1,dist): 138 139 2.509631191811386
list:
dist: 2.509631191811386 vs. 2.509631191811386
--------
nle(id0,id1,dist): 138 149 2.211286034883499
list:
dist: 2.211286034883499 vs. 2.211286034883499
--------
nle(id0,id1,dist): 138 148 2.110463702987694
list:
dist: 2.110463702987694 vs. 2.110463702987694
--------
nle(id0,id1,dist): 138 146 1.8720246785535157
list:
dist: 1.8720246785535157 vs. 1.8720246785535157
--------
nle(id0,id1,dist): 138 144 2.239705600552308
list:
dist: 2.239705600552308 vs. 2.239705600552308
--------
nle(id0,id1,dist): 138 143 2.470723473282862
list:
dist: 2.470723473282862 vs. 2.470723473282862
--------
nle(id0,id1,dist): 137 144 0.6502784425176792
list:
dist: 0.6502784425176792 vs. 0.6502784425176792
--------
nle(id0,id1,dist): 137 145 2.4308705671074797
list:
dist: 2.4308705671074797 vs. 2.4308705671074797
--------
nle(id0,id1,dist): 137 146 0.8997520051015077
list:
dist: 0.8997520051015077 vs. 0.8997520051015077
--------
nle(id0,id1,dist): 137 147 2.639707340363812
list:
dist: 2.639707340363812 vs. 2.639707340363812
--------
nle(id0,id1,dist): 137 140 0.9418377478279685
list:
dist: 0.9418377478279685 vs. 0.9418377478279685
--------
nle(id0,id1,dist): 137 141 2.087808276886583
list:
dist: 2.087808276886583 vs. 2.087808276886583
--------
nle(id0,id1,dist): 137 142 0.9890958611053727
list:
dist: 0.9890958611053727 vs. 0.9890958611053727
--------
nle(id0,id1,dist): 137 143 1.381086240910727
list:
dist: 1.381086240910727 vs. 1.381086240910727
--------
nle(id0,id1,dist): 137 138 2.5768230675746646
list:
dist: 2.5768230675746646 vs. 2.5768230675746646
--------
nle(id0,id1,dist): 137 139 2.1066774723058352
list:
dist: 2.1066774723058352 vs. 2.1066774723058352
--------
nle(id0,id1,dist): 137 149 2.766010447299221
list:
dist: 2.766010447299221 vs. 2.766010447299221
--------
nle(id0,id1,dist): 137 148 2.798132087349539
list:
dist: 2.798132087349539 vs. 2.798132087349539
--------
nle(id0,id1,dist): 136 147 2.0697246102958995
list:
dist: 2.0697246102958995 vs. 2.0697246102958995
--------
nle(id0,id1,dist): 136 148 1.2692292770511344
list:
dist: 1.2692292770511344 vs. 1.2692292770511344
--------
nle(id0,id1,dist): 136 145 1.7029362712138294
list:
dist: 1.7029362712138294 vs. 1.7029362712138294
--------
nle(id0,id1,dist): 136 146 2.5183112232434715
list:
dist: 2.5183112232434715 vs. 2.5183112232434715
--------
nle(id0,id1,dist): 136 149 1.9685263590734279
list:
dist: 1.9685263590734279 vs. 1.9685263590734279
--------
nle(id0,id1,dist): 136 139 1.2674559009955368
list:
dist: 1.2674559009955368 vs. 1.2674559009955368
--------
nle(id0,id1,dist): 136 137 2.604687782424625
list:
dist: 2.604687782424625 vs. 2.604687782424625
--------
nle(id0,id1,dist): 136 138 2.004128347262587
list:
dist: 2.004128347262587 vs. 2.004128347262587
--------
nle(id0,id1,dist): 136 143 1.9683381711998331
list:
dist: 1.9683381711998331 vs. 1.9683381711998331
--------
nle(id0,id1,dist): 136 144 1.9947906039174306
list:
dist: 1.9947906039174306 vs. 1.9947906039174306
--------
nle(id0,id1,dist): 136 141 1.9808336199819279
list:
dist: 1.9808336199819279 vs. 1.9808336199819279
--------
nle(id0,id1,dist): 136 142 1.834317279489312
list:
dist: 1.834317279489312 vs. 1.834317279489312
--------
nle(id0,id1,dist): 135 142 1.9670244791636404
list:
dist: 1.9670244791636404 vs. 1.9670244791636404
--------
nle(id0,id1,dist): 135 143 2.5468761138744562
list:
dist: 2.5468761138744562 vs. 2.5468761138744562
--------
nle(id0,id1,dist): 135 144 1.4662325402753964
list:
dist: 1.4662325402753964 vs. 1.4662325402753964
--------
nle(id0,id1,dist): 135 146 1.4016925118383414
list:
dist: 1.4016925118383414 vs. 1.4016925118383414
--------
nle(id0,id1,dist): 134 149 3.1021763394769577
list:
dist: 3.1021763394769577 vs. 3.1021763394769577
--------
nle(id0,id1,dist): 134 148 2.713628129223588
list:
dist: 2.713628129223588 vs. 2.713628129223588
--------
nle(id0,id1,dist): 134 147 1.4715914218072206
list:
dist: 1.4715914218072206 vs. 1.4715914218072206
--------
nle(id0,id1,dist): 135 140 1.054321905546649
list:
dist: 1.054321905546649 vs. 1.054321905546649
--------
nle(id0,id1,dist): 135 141 3.029616951475657
list:
dist: 3.029616951475657 vs. 3.029616951475657
--------
nle(id0,id1,dist): 135 137 1.2409635049016354
list:
dist: 1.2409635049016354 vs. 1.2409635049016354
--------
nle(id0,id1,dist): 134 135 3.366560703355009
list:
dist: 3.366560703355009 vs. 3.366560703355009
--------
nle(id0,id1,dist): 134 136 2.2666241724839393
list:
dist: 2.2666241724839393 vs. 2.2666241724839393
--------
nle(id0,id1,dist): 134 137 2.4532205063375074
list:
dist: 2.4532205063375074 vs. 2.4532205063375074
--------
nle(id0,id1,dist): 134 138 3.814899757575695
list:
dist: 3.814899757575695 vs. 3.814899757575695
--------
nle(id0,id1,dist): 134 143 2.0201995640195882
list:
dist: 2.0201995640195882 vs. 2.0201995640195882
--------
nle(id0,id1,dist): 134 144 2.1082750119135834
list:
dist: 2.1082750119135834 vs. 2.1082750119135834
--------
nle(id0,id1,dist): 134 145 1.5941835867794645
list:
dist: 1.5941835867794645 vs. 1.5941835867794645
--------
nle(id0,id1,dist): 134 146 3.0603909513869585
list:
dist: 3.0603909513869585 vs. 3.0603909513869585
--------
nle(id0,id1,dist): 134 139 1.6925338862756942
list:
dist: 1.6925338862756942 vs. 1.6925338862756942
--------
nle(id0,id1,dist): 134 140 2.3709516478657777
list:
dist: 2.3709516478657777 vs. 2.3709516478657777
--------
nle(id0,id1,dist): 134 141 0.4147687214223685
list:
dist: 0.4147687214223685 vs. 0.4147687214223685
--------
nle(id0,id1,dist): 134 142 1.5777009320816224
list:
dist: 1.5777009320816224 vs. 1.5777009320816224
--------
nle(id0,id1,dist): 133 135 3.514747271233726
list:
dist: 3.514747271233726 vs. 3.514747271233726
--------
nle(id0,id1,dist): 133 134 1.2777774468591963
list:
dist: 1.2777774468591963 vs. 1.2777774468591963
--------
nle(id0,id1,dist): 133 138 3.0589280755982395
list:
dist: 3.0589280755982395 vs. 3.0589280755982395
--------
nle(id0,id1,dist): 133 139 1.2292104096669054
list:
dist: 1.2292104096669054 vs. 1.2292104096669054
--------
nle(id0,id1,dist): 133 136 1.160240788893148
list:
dist: 1.160240788893148 vs. 1.160240788893148
--------
nle(id0,id1,dist): 133 137 2.713347856783092
list:
dist: 2.713347856783092 vs. 2.713347856783092
--------
nle(id0,id1,dist): 133 142 1.7336660252952745
list:
dist: 1.7336660252952745 vs. 1.7336660252952745
--------
nle(id0,id1,dist): 133 143 2.030275258825661
list:
dist: 2.030275258825661 vs. 2.030275258825661
--------
nle(id0,id1,dist): 133 140 2.7004534443420947
list:
dist: 2.7004534443420947 vs. 2.7004534443420947
--------
nle(id0,id1,dist): 133 141 1.1499806079284154
list:
dist: 1.1499806079284154 vs. 1.1499806079284154
--------
nle(id0,id1,dist): 133 146 2.9845359376016103
list:
dist: 2.9845359376016103 vs. 2.9845359376016103
--------
nle(id0,id1,dist): 133 147 1.5047761906887305
list:
dist: 1.5047761906887305 vs. 1.5047761906887305
--------
nle(id0,id1,dist): 133 144 2.151229456991245
list:
dist: 2.151229456991245 vs. 2.151229456991245
--------
nle(id0,id1,dist): 133 145 1.3566400546945891
list:
dist: 1.3566400546945891 vs. 1.3566400546945891
--------
nle(id0,id1,dist): 133 148 1.8707757509731702
list:
dist: 1.8707757509731702 vs. 1.8707757509731702
--------
nle(id0,id1,dist): 133 149 2.5056062184031016
list:
dist: 2.5056062184031016 vs. 2.5056062184031016
--------
nle(id0,id1,dist): 132 134 0.8946222008342305
list:
dist: 0.8946222008342305 vs. 0.8946222008342305
--------
nle(id0,id1,dist): 132 133 1.7177592069870158
list:
dist: 1.7177592069870158 vs. 1.7177592069870158
--------
nle(id0,id1,dist): 132 136 2.362150698096539
list:
dist: 2.362150698096539 vs. 2.362150698096539
--------
nle(id0,id1,dist): 132 135 2.5381732158319483
list:
dist: 2.5381732158319483 vs. 2.5381732158319483
--------
nle(id0,id1,dist): 132 138 3.499733475350383
list:
dist: 3.499733475350383 vs. 3.499733475350383
--------
nle(id0,id1,dist): 132 137 1.7321801492773754
list:
dist: 1.7321801492773754 vs. 1.7321801492773754
--------
nle(id0,id1,dist): 132 140 1.513040634514043
list:
dist: 1.513040634514043 vs. 1.513040634514043
--------
nle(id0,id1,dist): 132 139 1.8562168920415425
list:
dist: 1.8562168920415425 vs. 1.8562168920415425
--------
nle(id0,id1,dist): 132 141 0.7180200541961942
list:
dist: 0.7180200541961942 vs. 0.7180200541961942
--------
nle(id0,id1,dist): 132 142 1.0381024420999643
list:
dist: 1.0381024420999643 vs. 1.0381024420999643
--------
nle(id0,id1,dist): 132 143 1.8122448630112622
list:
dist: 1.8122448630112622 vs. 1.8122448630112622
--------
nle(id0,id1,dist): 132 144 1.466720160058234
list:
dist: 1.466720160058234 vs. 1.466720160058234
--------
nle(id0,id1,dist): 132 145 1.9550240911795105
list:
dist: 1.9550240911795105 vs. 1.9550240911795105
--------
nle(id0,id1,dist): 132 146 2.4645477516645795
list:
dist: 2.4645477516645795 vs. 2.4645477516645795
--------
nle(id0,id1,dist): 132 147 1.9610268504977089
list:
dist: 1.9610268504977089 vs. 1.9610268504977089
--------
nle(id0,id1,dist): 132 148 2.892178095847654
list:
dist: 2.892178095847654 vs. 2.892178095847654
--------
nle(id0,id1,dist): 132 149 3.188101603343045
list:
dist: 3.188101603343045 vs. 3.188101603343045
--------
nle(id0,id1,dist): 131 147 2.9968724912068545
list:
dist: 2.9968724912068545 vs. 2.9968724912068545
--------
nle(id0,id1,dist): 131 148 3.648660036107956
list:
dist: 3.648660036107956 vs. 3.648660036107956
--------
nle(id0,id1,dist): 131 142 2.0786193856503057
list:
dist: 2.0786193856503057 vs. 2.0786193856503057
--------
nle(id0,id1,dist): 131 144 2.3183348287943852
list:
dist: 2.3183348287943852 vs. 2.3183348287943852
--------
nle(id0,id1,dist): 131 145 2.959544255042182
list:
dist: 2.959544255042182 vs. 2.959544255042182
--------
nle(id0,id1,dist): 131 139 2.786339663655732
list:
dist: 2.786339663655732 vs. 2.786339663655732
--------
nle(id0,id1,dist): 131 140 2.0601947852509688
list:
dist: 2.0601947852509688 vs. 2.0601947852509688
--------
nle(id0,id1,dist): 131 141 1.6907777848409569
list:
dist: 1.6907777848409569 vs. 1.6907777848409569
--------
nle(id0,id1,dist): 131 134 1.654903131587959
list:
dist: 1.654903131587959 vs. 1.654903131587959
--------
nle(id0,id1,dist): 131 136 2.676302562924445
list:
dist: 2.676302562924445 vs. 2.676302562924445
--------
nle(id0,id1,dist): 131 132 1.3932902312563364
list:
dist: 1.3932902312563364 vs. 1.3932902312563364
--------
nle(id0,id1,dist): 131 133 2.0278670235911282
list:
dist: 2.0278670235911282 vs. 2.0278670235911282
--------
nle(id0,id1,dist): 130 147 3.250708314100219
list:
dist: 3.250708314100219 vs. 3.250708314100219
--------
nle(id0,id1,dist): 130 146 2.93184037280342
list:
dist: 2.93184037280342 vs. 2.93184037280342
--------
nle(id0,id1,dist): 130 143 2.9090044877525467
list:
dist: 2.9090044877525467 vs. 2.9090044877525467
--------
nle(id0,id1,dist): 130 144 1.9711754411065556
list:
dist: 1.9711754411065556 vs. 1.9711754411065556
--------
nle(id0,id1,dist): 130 141 1.9461388192918114
list:
dist: 1.9461388192918114 vs. 1.9461388192918114
--------
nle(id0,id1,dist): 130 142 1.8970172462945585
list:
dist: 1.8970172462945585 vs. 1.8970172462945585
--------
nle(id0,id1,dist): 130 140 1.4763720524301522
list:
dist: 1.4763720524301522 vs. 1.4763720524301522
--------
nle(id0,id1,dist): 130 137 2.289344810908245
list:
dist: 2.289344810908245 vs. 2.289344810908245
--------
nle(id0,id1,dist): 130 135 2.363681081319506
list:
dist: 2.363681081319506 vs. 2.363681081319506
--------
nle(id0,id1,dist): 130 132 1.430884870747444
list:
dist: 1.430884870747444 vs. 1.430884870747444
--------
nle(id0,id1,dist): 130 131 0.7532273900948827
list:
dist: 0.7532273900948827 vs. 0.7532273900948827
--------
nle(id0,id1,dist): 130 134 2.0364327521765877
list:
dist: 2.0364327521765877 vs. 2.0364327521765877
--------
nle(id0,id1,dist): 130 133 2.40497530063828
list:
dist: 2.40497530063828 vs. 2.40497530063828
--------
nle(id0,id1,dist): 129 148 2.8359328363587015
list:
dist: 2.8359328363587015 vs. 2.8359328363587015
--------
nle(id0,id1,dist): 129 141 2.3493874689847583
list:
dist: 2.3493874689847583 vs. 2.3493874689847583
--------
nle(id0,id1,dist): 129 142 2.7950022767298304
list:
dist: 2.7950022767298304 vs. 2.7950022767298304
--------
nle(id0,id1,dist): 129 144 3.0523307359303664
list:
dist: 3.0523307359303664 vs. 3.0523307359303664
--------
nle(id0,id1,dist): 129 145 2.754636562991328
list:
dist: 2.754636562991328 vs. 2.754636562991328
--------
nle(id0,id1,dist): 129 147 2.912801246734718
list:
dist: 2.912801246734718 vs. 2.912801246734718
--------
nle(id0,id1,dist): 129 134 2.375487079127561
list:
dist: 2.375487079127561 vs. 2.375487079127561
--------
nle(id0,id1,dist): 129 133 1.428830048128246
list:
dist: 1.428830048128246 vs. 1.428830048128246
--------
nle(id0,id1,dist): 129 132 2.686305717873619
list:
dist: 2.686305717873619 vs. 2.686305717873619
--------
nle(id0,id1,dist): 129 139 2.545749051442258
list:
dist: 2.545749051442258 vs. 2.545749051442258
--------
nle(id0,id1,dist): 129 136 1.7187983037011407
list:
dist: 1.7187983037011407 vs. 1.7187983037011407
--------
nle(id0,id1,dist): 129 131 2.1535664226006226
list:
dist: 2.1535664226006226 vs. 2.1535664226006226
--------
nle(id0,id1,dist): 128 147 1.5204016508261724
list:
dist: 1.5204016508261724 vs. 1.5204016508261724
--------
nle(id0,id1,dist): 128 148 2.62120197878706
list:
dist: 2.62120197878706 vs. 2.62120197878706
--------
nle(id0,id1,dist): 128 145 1.635148220060664
list:
dist: 1.635148220060664 vs. 1.635148220060664
--------
nle(id0,id1,dist): 128 133 0.9521312222080104
list:
dist: 0.9521312222080104 vs. 0.9521312222080104
--------
nle(id0,id1,dist): 128 134 0.6934383766208795
list:
dist: 0.6934383766208795 vs. 0.6934383766208795
--------
nle(id0,id1,dist): 128 136 2.1023973085380847
list:
dist: 2.1023973085380847 vs. 2.1023973085380847
--------
nle(id0,id1,dist): 128 129 1.9213704726641665
list:
dist: 1.9213704726641665 vs. 1.9213704726641665
--------
nle(id0,id1,dist): 128 130 2.374549126902327
list:
dist: 2.374549126902327 vs. 2.374549126902327
--------
nle(id0,id1,dist): 128 131 1.8411727719476887
list:
dist: 1.8411727719476887 vs. 1.8411727719476887
--------
nle(id0,id1,dist): 128 132 1.506887489220888
list:
dist: 1.506887489220888 vs. 1.506887489220888
--------
nle(id0,id1,dist): 128 141 0.9195432381421913
list:
dist: 0.9195432381421913 vs. 0.9195432381421913
--------
nle(id0,id1,dist): 128 142 2.0240568396014975
list:
dist: 2.0240568396014975 vs. 2.0240568396014975
--------
nle(id0,id1,dist): 128 144 2.538146942740578
list:
dist: 2.538146942740578 vs. 2.538146942740578
--------
nle(id0,id1,dist): 128 139 1.7644724512597916
list:
dist: 1.7644724512597916 vs. 1.7644724512597916
--------
nle(id0,id1,dist): 128 140 2.8877571547826517
list:
dist: 2.8877571547826517 vs. 2.8877571547826517
--------
nle(id0,id1,dist): 127 140 1.8910261220186606
list:
dist: 1.8910261220186606 vs. 1.8910261220186606
--------
nle(id0,id1,dist): 127 141 1.1312064706253067
list:
dist: 1.1312064706253067 vs. 1.1312064706253067
--------
nle(id0,id1,dist): 127 138 2.864397121066549
list:
dist: 2.864397121066549 vs. 2.864397121066549
--------
nle(id0,id1,dist): 127 139 1.645619660004544
list:
dist: 1.645619660004544 vs. 1.645619660004544
--------
nle(id0,id1,dist): 127 136 1.4085298703684035
list:
dist: 1.4085298703684035 vs. 1.4085298703684035
--------
nle(id0,id1,dist): 127 137 2.1772252493637385
list:
dist: 2.1772252493637385 vs. 2.1772252493637385
--------
nle(id0,id1,dist): 127 134 1.3483212076336621
list:
dist: 1.3483212076336621 vs. 1.3483212076336621
--------
nle(id0,id1,dist): 127 135 2.7370444424195277
list:
dist: 2.7370444424195277 vs. 2.7370444424195277
--------
nle(id0,id1,dist): 127 148 2.3876758070467843
list:
dist: 2.3876758070467843 vs. 2.3876758070467843
--------
nle(id0,id1,dist): 127 149 2.930801802913847
list:
dist: 2.930801802913847 vs. 2.930801802913847
--------
nle(id0,id1,dist): 127 146 2.561083546709529
list:
dist: 2.561083546709529 vs. 2.561083546709529
--------
nle(id0,id1,dist): 127 147 2.1229681589520935
list:
dist: 2.1229681589520935 vs. 2.1229681589520935
--------
nle(id0,id1,dist): 127 144 1.5887377371503066
list:
dist: 1.5887377371503066 vs. 1.5887377371503066
--------
nle(id0,id1,dist): 127 145 1.943758821272157
list:
dist: 1.943758821272157 vs. 1.943758821272157
--------
nle(id0,id1,dist): 127 142 1.298133805499328
list:
dist: 1.298133805499328 vs. 1.298133805499328
--------
nle(id0,id1,dist): 127 143 2.0561266777388445
list:
dist: 2.0561266777388445 vs. 2.0561266777388445
--------
nle(id0,id1,dist): 127 133 0.9892125943577107
list:
dist: 0.9892125943577107 vs. 0.9892125943577107
--------
nle(id0,id1,dist): 127 132 1.2410588021482625
list:
dist: 1.2410588021482625 vs. 1.2410588021482625
--------
nle(id0,id1,dist): 127 131 1.2852305768049836
list:
dist: 1.2852305768049836 vs. 1.2852305768049836
--------
nle(id0,id1,dist): 127 130 1.4802381278248458
list:
dist: 1.4802381278248458 vs. 1.4802381278248458
--------
nle(id0,id1,dist): 127 129 1.5650124827237186
list:
dist: 1.5650124827237186 vs. 1.5650124827237186
--------
nle(id0,id1,dist): 127 128 1.4058835240234404
list:
dist: 1.4058835240234404 vs. 1.4058835240234404
--------
nle(id0,id1,dist): 126 139 2.9953262767220963
list:
dist: 2.9953262767220963 vs. 2.9953262767220963
--------
nle(id0,id1,dist): 126 140 2.7038838723305942
list:
dist: 2.7038838723305942 vs. 2.7038838723305942
--------
nle(id0,id1,dist): 126 141 2.544070025952724
list:
dist: 2.544070025952724 vs. 2.544070025952724
--------
nle(id0,id1,dist): 126 142 2.6259927984318163
list:
dist: 2.6259927984318163 vs. 2.6259927984318163
--------
nle(id0,id1,dist): 126 144 2.7010186791709088
list:
dist: 2.7010186791709088 vs. 2.7010186791709088
--------
nle(id0,id1,dist): 126 148 3.440047657248313
list:
dist: 3.440047657248313 vs. 3.440047657248313
--------
nle(id0,id1,dist): 126 128 2.503978283962583
list:
dist: 2.503978283962583 vs. 2.503978283962583
--------
nle(id0,id1,dist): 126 127 1.480972205449219
list:
dist: 1.480972205449219 vs. 1.480972205449219
--------
nle(id0,id1,dist): 126 130 1.764838457936904
list:
dist: 1.764838457936904 vs. 1.764838457936904
--------
nle(id0,id1,dist): 126 129 1.3423747359645046
list:
dist: 1.3423747359645046 vs. 1.3423747359645046
--------
nle(id0,id1,dist): 126 132 2.5109672093170006
list:
dist: 2.5109672093170006 vs. 2.5109672093170006
--------
nle(id0,id1,dist): 126 131 1.5818349229782853
list:
dist: 1.5818349229782853 vs. 1.5818349229782853
--------
nle(id0,id1,dist): 126 134 2.6373145028990086
list:
dist: 2.6373145028990086 vs. 2.6373145028990086
--------
nle(id0,id1,dist): 126 133 2.1062794622565626
list:
dist: 2.1062794622565626 vs. 2.1062794622565626
--------
nle(id0,id1,dist): 126 136 2.1880655452088513
list:
dist: 2.1880655452088513 vs. 2.1880655452088513
--------
nle(id0,id1,dist): 125 146 1.8985130280166846
list:
dist: 1.8985130280166846 vs. 1.8985130280166846
--------
nle(id0,id1,dist): 125 147 2.2060474513148915
list:
dist: 2.2060474513148915 vs. 2.2060474513148915
--------
nle(id0,id1,dist): 125 144 1.124492843119411
list:
dist: 1.124492843119411 vs. 1.124492843119411
--------
nle(id0,id1,dist): 125 145 1.891460972671185
list:
dist: 1.891460972671185 vs. 1.891460972671185
--------
nle(id0,id1,dist): 125 148 1.9389918622007367
list:
dist: 1.9389918622007367 vs. 1.9389918622007367
--------
nle(id0,id1,dist): 125 149 2.409075463181806
list:
dist: 2.409075463181806 vs. 2.409075463181806
--------
nle(id0,id1,dist): 125 131 1.9844124397762295
list:
dist: 1.9844124397762295 vs. 1.9844124397762295
--------
nle(id0,id1,dist): 125 130 1.9058751099077162
list:
dist: 1.9058751099077162 vs. 1.9058751099077162
--------
nle(id0,id1,dist): 125 129 1.9918544867463621
list:
dist: 1.9918544867463621 vs. 1.9918544867463621
--------
nle(id0,id1,dist): 125 128 2.0385592305164586
list:
dist: 2.0385592305164586 vs. 2.0385592305164586
--------
nle(id0,id1,dist): 125 135 2.298537974856749
list:
dist: 2.298537974856749 vs. 2.298537974856749
--------
nle(id0,id1,dist): 125 134 1.9152282603847475
list:
dist: 1.9152282603847475 vs. 1.9152282603847475
--------
nle(id0,id1,dist): 125 133 1.3545073196190132
list:
dist: 1.3545073196190132 vs. 1.3545073196190132
--------
nle(id0,id1,dist): 125 132 1.6344087703120846
list:
dist: 1.6344087703120846 vs. 1.6344087703120846
--------
nle(id0,id1,dist): 125 139 1.4154250748365995
list:
dist: 1.4154250748365995 vs. 1.4154250748365995
--------
nle(id0,id1,dist): 125 138 2.0450080935494808
list:
dist: 2.0450080935494808 vs. 2.0450080935494808
--------
nle(id0,id1,dist): 125 137 1.7745465294741374
list:
dist: 1.7745465294741374 vs. 1.7745465294741374
--------
nle(id0,id1,dist): 125 136 1.0351045000082886
list:
dist: 1.0351045000082886 vs. 1.0351045000082886
--------
nle(id0,id1,dist): 125 143 1.6739187376230578
list:
dist: 1.6739187376230578 vs. 1.6739187376230578
--------
nle(id0,id1,dist): 125 142 1.0581737198161312
list:
dist: 1.0581737198161312 vs. 1.0581737198161312
--------
nle(id0,id1,dist): 125 141 1.5660780133981849
list:
dist: 1.5660780133981849 vs. 1.5660780133981849
--------
nle(id0,id1,dist): 125 140 1.7097966191589054
list:
dist: 1.7097966191589054 vs. 1.7097966191589054
2. Check the NeighborList query for coordinates against the neighbor list for consistency
list:
dist: 1.9762102370223096 vs. 1.9762102370223096
list:
dist: 1.7997247943630754 vs. 1.7997247943630754
list:
dist: 1.7394180151954508 vs. 1.7394180151954508
list:
dist: 1.0664509914746865 vs. 1.0664509914746865
list:
dist: 0.804281125587403 vs. 0.804281125587403
list:
dist: 0.6767496688334931 vs. 0.6767496688334931
list:
dist: 0.6617276764053412 vs. 0.6617276764053412
list:
dist: 1.6467650381326389 vs. 1.6467650381326389
list:
dist: 1.8314883674239841 vs. 1.8314883674239841
list:
dist: 2.7859569197805225 vs. 2.7859569197805225
list:
dist: 2.6184422707390063 vs. 2.6184422707390063
list:
dist: 3.066820892121538 vs. 3.066820892121538
list:
dist: 2.958669387541156 vs. 2.958669387541156
list:
dist: 2.24461635521892 vs. 2.24461635521892
list:
dist: 3.4730090990603375 vs. 3.4730090990603375
list:
dist: 2.5520378755033923 vs. 2.5520378755033923
list:
dist: 3.6546491297419754 vs. 3.6546491297419754
list:
dist: 3.524508189953329 vs. 3.524508189953329
list:
dist: 3.444255605537613 vs. 3.444255605537613
list:
dist: 4.229441593330144 vs. 4.229441593330144
list:
dist: 2.7179548917853285 vs. 2.7179548917853285
list:
dist: 2.315239772318334 vs. 2.315239772318334
list:
dist: 1.6250720481174918 vs. 1.6250720481174918
list:
dist: 2.0250264646382448 vs. 2.0250264646382448
list:
dist: 1.649417058825208 vs. 1.649417058825208
list:
dist: 1.1060529440286142 vs. 1.1060529440286142
list:
dist: 0.6617276764053412 vs. 0.6617276764053412
list:
dist: 0.8671590104952559 vs. 0.8671590104952559
list:
dist: 1.1466219615072535 vs. 1.1466219615072535
list:
dist: 1.2868568872491355 vs. 1.2868568872491355
list:
dist: 2.9328759206060178 vs. 2.9328759206060178
list:
dist: 2.616200634189509 vs. 2.616200634189509
list:
dist: 2.904380119184681 vs. 2.904380119184681
list:
dist: 2.886253062075782 vs. 2.886253062075782
list:
dist: 2.3584588246756106 vs. 2.3584588246756106
list:
dist: 3.1202892049552027 vs. 3.1202892049552027
list:
dist: 2.2437865872963054 vs. 2.2437865872963054
list:
dist: 3.2621127502171925 vs. 3.2621127502171925
list:
dist: 3.204462269919226 vs. 3.204462269919226
list:
dist: 3.248795217447357 vs. 3.248795217447357
list:
dist: 3.825226977227494 vs. 3.825226977227494
list:
dist: 2.384506368398092 vs. 2.384506368398092
list:
dist: 3.3479578909932113 vs. 3.3479578909932113
list:
dist: 3.29174542159221 vs. 3.29174542159221
list:
dist: 4.040328452813957 vs. 4.040328452813957
list:
dist: 1.916282425186519 vs. 1.916282425186519
list:
dist: 1.6468923437193779 vs. 1.6468923437193779
list:
dist: 1.676036288767488 vs. 1.676036288767488
list:
dist: 2.0517919186343345 vs. 2.0517919186343345
list:
dist: 1.9762102370223096 vs. 1.9762102370223096
list:
dist: 2.629261261618808 vs. 2.629261261618808
list:
dist: 2.315239772318334 vs. 2.315239772318334
list:
dist: 2.9760766333974713 vs. 2.9760766333974713
list:
dist: 3.4305066818405066 vs. 3.4305066818405066
list:
dist: 2.225840473681439 vs. 2.225840473681439
list:
dist: 2.4404956753959572 vs. 2.4404956753959572
list:
dist: 2.9287984819075947 vs. 2.9287984819075947
list:
dist: 2.993166911101081 vs. 2.993166911101081
list:
dist: 2.2351960901142545 vs. 2.2351960901142545
list:
dist: 3.8151937742516204 vs. 3.8151937742516204
list:
dist: 3.2000257887837065 vs. 3.2000257887837065
list:
dist: 4.439467423570123 vs. 4.439467423570123
list:
dist: 4.500742493539414 vs. 4.500742493539414
list:
dist: 4.273286867315688 vs. 4.273286867315688
list:
dist: 5.173080571636175 vs. 5.173080571636175
list:
dist: 3.5297288122232384 vs. 3.5297288122232384
list:
dist: 3.2000257887837065 vs. 3.2000257887837065
list:
dist: 1.3581702816222627 vs. 1.3581702816222627
list:
dist: 2.0490890324171827 vs. 2.0490890324171827
list:
dist: 2.7473133659368747 vs. 2.7473133659368747
list:
dist: 2.0545948704809733 vs. 2.0545948704809733
list:
dist: 2.5520378755033923 vs. 2.5520378755033923
list:
dist: 2.8383401660405396 vs. 2.8383401660405396
list:
dist: 2.2437865872963054 vs. 2.2437865872963054
list:
dist: 1.306018476234899 vs. 1.306018476234899
list:
dist: 1.8124153244367545 vs. 1.8124153244367545
list:
dist: 2.052879108656169 vs. 2.052879108656169
list:
dist: 1.3767022671716345 vs. 1.3767022671716345
list:
dist: 1.190012726874729 vs. 1.190012726874729
list:
dist: 1.1734933683342204 vs. 1.1734933683342204
list:
dist: 1.5641624087959396 vs. 1.5641624087959396
list:
dist: 1.0021207437228394 vs. 1.0021207437228394
list:
dist: 1.2455920124692765 vs. 1.2455920124692765
list:
dist: 1.395596006996292 vs. 1.395596006996292
list:
dist: 1.4276932026728724 vs. 1.4276932026728724
list:
dist: 1.9762498009786469 vs. 1.9762498009786469
list:
dist: 0.37780873683232197 vs. 0.37780873683232197
list:
dist: 2.0043582866360548 vs. 2.0043582866360548
list:
dist: 2.690427448280517 vs. 2.690427448280517
list:
dist: 2.4511085707964617 vs. 2.4511085707964617
list:
dist: 1.8638913537290527 vs. 1.8638913537290527
list:
dist: 2.9165770145228658 vs. 2.9165770145228658
list:
dist: 2.661175277095307 vs. 2.661175277095307
list:
dist: 2.629261261618808 vs. 2.629261261618808
list:
dist: 2.339398362187762 vs. 2.339398362187762
list:
dist: 2.2819174203105517 vs. 2.2819174203105517
list:
dist: 1.5039586398064941 vs. 1.5039586398064941
list:
dist: 1.1860976108531796 vs. 1.1860976108531796
list:
dist: 0.6767496688334931 vs. 0.6767496688334931
list:
dist: 0.8671590104952559 vs. 0.8671590104952559
list:
dist: 1.7515561766832837 vs. 1.7515561766832837
list:
dist: 1.7060764558404096 vs. 1.7060764558404096
list:
dist: 3.3338595488087064 vs. 3.3338595488087064
list:
dist: 3.11955519799221 vs. 3.11955519799221
list:
dist: 3.540405193208061 vs. 3.540405193208061
list:
dist: 3.3842816322009406 vs. 3.3842816322009406
list:
dist: 2.7249394262034277 vs. 2.7249394262034277
list:
dist: 3.7933899850709434 vs. 3.7933899850709434
list:
dist: 2.8383401660405396 vs. 2.8383401660405396
list:
dist: 3.8042799004250396 vs. 3.8042799004250396
list:
dist: 3.5928840328679947 vs. 3.5928840328679947
list:
dist: 3.5667360171829348 vs. 3.5667360171829348
list:
dist: 4.283530706367587 vs. 4.283530706367587
list:
dist: 2.923486540093643 vs. 2.923486540093643
list:
dist: 1.6468923437193779 vs. 1.6468923437193779
list:
dist: 1.361298598378269 vs. 1.361298598378269
list:
dist: 1.1346167501535096 vs. 1.1346167501535096
list:
dist: 1.1372111360930133 vs. 1.1372111360930133
list:
dist: 1.7394180151954508 vs. 1.7394180151954508
list:
dist: 2.2819174203105517 vs. 2.2819174203105517
list:
dist: 2.0250264646382448 vs. 2.0250264646382448
list:
dist: 2.1665484596192495 vs. 2.1665484596192495
list:
dist: 2.6797969720873134 vs. 2.6797969720873134
list:
dist: 1.119481561562902 vs. 1.119481561562902
list:
dist: 1.2370331285257754 vs. 1.2370331285257754
list:
dist: 1.9620595199916389 vs. 1.9620595199916389
list:
dist: 1.6907129968601067 vs. 1.6907129968601067
list:
dist: 0.7436821383375052 vs. 0.7436821383375052
list:
dist: 2.8113432371611147 vs. 2.8113432371611147
list:
dist: 2.0490890324171827 vs. 2.0490890324171827
list:
dist: 3.2391659355535367 vs. 3.2391659355535367
list:
dist: 3.1316661529502765 vs. 3.1316661529502765
list:
dist: 2.771808270914492 vs. 2.771808270914492
list:
dist: 3.9057733419427367 vs. 3.9057733419427367
list:
dist: 2.3167019338567187 vs. 2.3167019338567187
list:
dist: 1.676036288767488 vs. 1.676036288767488
list:
dist: 1.9909239365331801 vs. 1.9909239365331801
list:
dist: 1.1346167501535096 vs. 1.1346167501535096
list:
dist: 0.81749001743778 vs. 0.81749001743778
list:
dist: 1.0664509914746865 vs. 1.0664509914746865
list:
dist: 1.5039586398064941 vs. 1.5039586398064941
list:
dist: 1.649417058825208 vs. 1.649417058825208
list:
dist: 2.2909908929817826 vs. 2.2909908929817826
list:
dist: 2.608553722874903 vs. 2.608553722874903
list:
dist: 2.2440622353343147 vs. 2.2440622353343147
list:
dist: 2.3245403113165235 vs. 2.3245403113165235
list:
dist: 2.984161904472117 vs. 2.984161904472117
list:
dist: 2.72496173114034 vs. 2.72496173114034
list:
dist: 1.809908191720977 vs. 1.809908191720977
list:
dist: 3.6553989139007834 vs. 3.6553989139007834
list:
dist: 2.7473133659368747 vs. 2.7473133659368747
list:
dist: 3.912344509770816 vs. 3.912344509770816
list:
dist: 3.7062309832978646 vs. 3.7062309832978646
list:
dist: 3.422398580962078 vs. 3.422398580962078
list:
dist: 4.507966166752181 vs. 4.507966166752181
list:
dist: 2.9460637218429664 vs. 2.9460637218429664
list:
dist: 2.2351960901142545 vs. 2.2351960901142545
list:
dist: 1.3235836866798616 vs. 1.3235836866798616
list:
dist: 0.7436821383375052 vs. 0.7436821383375052
list:
dist: 1.809908191720977 vs. 1.809908191720977
list:
dist: 1.5542486008276395 vs. 1.5542486008276395
list:
dist: 2.24461635521892 vs. 2.24461635521892
list:
dist: 2.7249394262034277 vs. 2.7249394262034277
list:
dist: 2.3584588246756106 vs. 2.3584588246756106
list:
dist: 2.116256424723231 vs. 2.116256424723231
list:
dist: 2.6753148067897814 vs. 2.6753148067897814
list:
dist: 0.7271239841938038 vs. 0.7271239841938038
list:
dist: 0.5970811528911102 vs. 0.5970811528911102
list:
dist: 1.3587060935899804 vs. 1.3587060935899804
list:
dist: 0.9642772696148356 vs. 0.9642772696148356
list:
dist: 2.2181328997182916 vs. 2.2181328997182916
list:
dist: 1.5641624087959396 vs. 1.5641624087959396
list:
dist: 2.6662456409594846 vs. 2.6662456409594846
list:
dist: 2.586790558891058 vs. 2.586790558891058
list:
dist: 2.181400979238251 vs. 2.181400979238251
list:
dist: 3.335392021456336 vs. 3.335392021456336
list:
dist: 1.8278167021421245 vs. 1.8278167021421245
list:
dist: 2.8368453029732366 vs. 2.8368453029732366
list:
dist: 3.4305066818405066 vs. 3.4305066818405066
list:
dist: 2.0460475813188337 vs. 2.0460475813188337
list:
dist: 2.6797969720873134 vs. 2.6797969720873134
list:
dist: 2.608553722874903 vs. 2.608553722874903
list:
dist: 1.8276709359634602 vs. 1.8276709359634602
list:
dist: 1.8314883674239841 vs. 1.8314883674239841
list:
dist: 1.7060764558404096 vs. 1.7060764558404096
list:
dist: 1.2868568872491355 vs. 1.2868568872491355
list:
dist: 0.6167831291285188 vs. 0.6167831291285188
list:
dist: 3.335697285422649 vs. 3.335697285422649
list:
dist: 2.8110279068272015 vs. 2.8110279068272015
list:
dist: 2.8718698320045997 vs. 2.8718698320045997
list:
dist: 2.8328307297070516 vs. 2.8328307297070516
list:
dist: 2.6753148067897814 vs. 2.6753148067897814
list:
dist: 2.6112688456090156 vs. 2.6112688456090156
list:
dist: 1.8124153244367545 vs. 1.8124153244367545
list:
dist: 2.3971469201753544 vs. 2.3971469201753544
list:
dist: 2.303443300729113 vs. 2.303443300729113
list:
dist: 2.5698460086705355 vs. 2.5698460086705355
list:
dist: 2.7968440009489517 vs. 2.7968440009489517
list:
dist: 1.7525973455207193 vs. 1.7525973455207193
list:
dist: 2.281373667376784 vs. 2.281373667376784
list:
dist: 2.0123458094625293 vs. 2.0123458094625293
list:
dist: 2.89288053148114 vs. 2.89288053148114
list:
dist: 4.099715194063364 vs. 4.099715194063364
list:
dist: 2.4404956753959572 vs. 2.4404956753959572
list:
dist: 1.250954499235728 vs. 1.250954499235728
list:
dist: 1.2370331285257754 vs. 1.2370331285257754
list:
dist: 2.3245403113165235 vs. 2.3245403113165235
list:
dist: 2.003619394388716 vs. 2.003619394388716
list:
dist: 2.6184422707390063 vs. 2.6184422707390063
list:
dist: 3.11955519799221 vs. 3.11955519799221
list:
dist: 2.616200634189509 vs. 2.616200634189509
list:
dist: 2.2145657096376583 vs. 2.2145657096376583
list:
dist: 2.8110279068272015 vs. 2.8110279068272015
list:
dist: 0.691918455127352 vs. 0.691918455127352
list:
dist: 0.7906580527977998 vs. 0.7906580527977998
list:
dist: 0.5631559815153225 vs. 0.5631559815153225
list:
dist: 0.5970811528911102 vs. 0.5970811528911102
list:
dist: 1.7885555412770864 vs. 1.7885555412770864
list:
dist: 1.3767022671716345 vs. 1.3767022671716345
list:
dist: 2.411674573098008 vs. 2.411674573098008
list:
dist: 2.482554841438559 vs. 2.482554841438559
list:
dist: 2.135391066248725 vs. 2.135391066248725
list:
dist: 3.128008825032101 vs. 3.128008825032101
list:
dist: 1.6860121096685854 vs. 1.6860121096685854
list:
dist: 2.5799913534418377 vs. 2.5799913534418377
list:
dist: 2.225840473681439 vs. 2.225840473681439
list:
dist: 1.6651118751587919 vs. 1.6651118751587919
list:
dist: 1.119481561562902 vs. 1.119481561562902
list:
dist: 2.2440622353343147 vs. 2.2440622353343147
list:
dist: 2.1709217448753435 vs. 2.1709217448753435
list:
dist: 2.7859569197805225 vs. 2.7859569197805225
list:
dist: 3.3338595488087064 vs. 3.3338595488087064
list:
dist: 2.9328759206060178 vs. 2.9328759206060178
list:
dist: 2.7490601533904524 vs. 2.7490601533904524
list:
dist: 3.335697285422649 vs. 3.335697285422649
list:
dist: 0.691918455127352 vs. 0.691918455127352
list:
dist: 1.372549297637908 vs. 1.372549297637908
list:
dist: 1.1213075465319744 vs. 1.1213075465319744
list:
dist: 0.7271239841938038 vs. 0.7271239841938038
list:
dist: 2.450991499955683 vs. 2.450991499955683
list:
dist: 2.052879108656169 vs. 2.052879108656169
list:
dist: 3.07542315936341 vs. 3.07542315936341
list:
dist: 3.089395095690134 vs. 3.089395095690134
list:
dist: 2.6534104443339093 vs. 2.6534104443339093
list:
dist: 3.7669034301328 vs. 3.7669034301328
list:
dist: 2.349353630668976 vs. 2.349353630668976
list:
dist: 3.130694535008373 vs. 3.130694535008373
list:
dist: 2.0517919186343345 vs. 2.0517919186343345
list:
dist: 1.5323420478646488 vs. 1.5323420478646488
list:
dist: 1.1372111360930133 vs. 1.1372111360930133
list:
dist: 0.81749001743778 vs. 0.81749001743778
list:
dist: 0.804281125587403 vs. 0.804281125587403
list:
dist: 1.1860976108531796 vs. 1.1860976108531796
list:
dist: 1.1060529440286142 vs. 1.1060529440286142
list:
dist: 1.4961993782012408 vs. 1.4961993782012408
list:
dist: 1.8276709359634602 vs. 1.8276709359634602
list:
dist: 2.1709217448753435 vs. 2.1709217448753435
list:
dist: 2.003619394388716 vs. 2.003619394388716
list:
dist: 2.54275295715166 vs. 2.54275295715166
list:
dist: 2.3019772726679655 vs. 2.3019772726679655
list:
dist: 1.5542486008276395 vs. 1.5542486008276395
list:
dist: 3.0151220319430356 vs. 3.0151220319430356
list:
dist: 2.0545948704809733 vs. 2.0545948704809733
list:
dist: 3.1764355935381765 vs. 3.1764355935381765
list:
dist: 2.9760741437562213 vs. 2.9760741437562213
list:
dist: 2.7818514715863176 vs. 2.7818514715863176
list:
dist: 3.753464367817086 vs. 3.753464367817086
list:
dist: 2.2150993583461256 vs. 2.2150993583461256
list:
dist: 1.916282425186519 vs. 1.916282425186519
list:
dist: 1.361298598378269 vs. 1.361298598378269
list:
dist: 1.9909239365331801 vs. 1.9909239365331801
list:
dist: 1.5323420478646488 vs. 1.5323420478646488
list:
dist: 1.7997247943630754 vs. 1.7997247943630754
list:
dist: 2.339398362187762 vs. 2.339398362187762
list:
dist: 1.6250720481174918 vs. 1.6250720481174918
list:
dist: 1.449419573653144 vs. 1.449419573653144
list:
dist: 2.0460475813188337 vs. 2.0460475813188337
list:
dist: 1.6651118751587919 vs. 1.6651118751587919
list:
dist: 1.250954499235728 vs. 1.250954499235728
list:
dist: 1.40431028554689 vs. 1.40431028554689
list:
dist: 1.5982831676840126 vs. 1.5982831676840126
list:
dist: 1.3235836866798616 vs. 1.3235836866798616
list:
dist: 1.9729217304031377 vs. 1.9729217304031377
list:
dist: 1.3581702816222627 vs. 1.3581702816222627
list:
dist: 2.5629006798232097 vs. 2.5629006798232097
list:
dist: 2.733239806818729 vs. 2.733239806818729
list:
dist: 2.6604247594950774 vs. 2.6604247594950774
list:
dist: 3.3109156507017654 vs. 3.3109156507017654
list:
dist: 1.7043650090448068 vs. 1.7043650090448068
list:
dist: 3.5297288122232384 vs. 3.5297288122232384
list:
dist: 1.7043650090448068 vs. 1.7043650090448068
list:
dist: 2.3167019338567187 vs. 2.3167019338567187
list:
dist: 2.9460637218429664 vs. 2.9460637218429664
list:
dist: 2.2150993583461256 vs. 2.2150993583461256
list:
dist: 2.7179548917853285 vs. 2.7179548917853285
list:
dist: 2.923486540093643 vs. 2.923486540093643
list:
dist: 2.384506368398092 vs. 2.384506368398092
list:
dist: 1.3458516827058364 vs. 1.3458516827058364
list:
dist: 1.7525973455207193 vs. 1.7525973455207193
list:
dist: 2.349353630668976 vs. 2.349353630668976
list:
dist: 1.6860121096685854 vs. 1.6860121096685854
list:
dist: 1.4984224126428518 vs. 1.4984224126428518
list:
dist: 1.4061999234812006 vs. 1.4061999234812006
list:
dist: 1.8278167021421245 vs. 1.8278167021421245
list:
dist: 1.069198830852469 vs. 1.069198830852469
list:
dist: 0.37780873683232197 vs. 0.37780873683232197
list:
dist: 0.971174892498684 vs. 0.971174892498684
list:
dist: 1.038875441025031 vs. 1.038875441025031
list:
dist: 1.173398977143599 vs. 1.173398977143599
list:
dist: 1.6478083612721244 vs. 1.6478083612721244
list:
dist: 1.784195472310419 vs. 1.784195472310419
list:
dist: 2.3998120404616325 vs. 2.3998120404616325
list:
dist: 2.1341950256939457 vs. 2.1341950256939457
list:
dist: 4.481945924426959 vs. 4.481945924426959
list:
dist: 1.6394074263539744 vs. 1.6394074263539744
list:
dist: 2.7041929072611706 vs. 2.7041929072611706
list:
dist: 2.4778143474696006 vs. 2.4778143474696006
list:
dist: 2.9760766333974713 vs. 2.9760766333974713
list:
dist: 1.449419573653144 vs. 1.449419573653144
list:
dist: 2.1665484596192495 vs. 2.1665484596192495
list:
dist: 2.2909908929817826 vs. 2.2909908929817826
list:
dist: 1.4961993782012408 vs. 1.4961993782012408
list:
dist: 1.6467650381326389 vs. 1.6467650381326389
list:
dist: 1.7515561766832837 vs. 1.7515561766832837
list:
dist: 1.1466219615072535 vs. 1.1466219615072535
list:
dist: 0.6167831291285188 vs. 0.6167831291285188
list:
dist: 2.7490601533904524 vs. 2.7490601533904524
list:
dist: 2.2145657096376583 vs. 2.2145657096376583
list:
dist: 2.283837944352161 vs. 2.283837944352161
list:
dist: 2.27014339778459 vs. 2.27014339778459
list:
dist: 2.116256424723231 vs. 2.116256424723231
list:
dist: 2.1623780766307212 vs. 2.1623780766307212
list:
dist: 1.306018476234899 vs. 1.306018476234899
list:
dist: 2.143738440446327 vs. 2.143738440446327
list:
dist: 2.122214949848016 vs. 2.122214949848016
list:
dist: 2.2940439189177404 vs. 2.2940439189177404
list:
dist: 2.686142015821757 vs. 2.686142015821757
list:
dist: 1.3458516827058364 vs. 1.3458516827058364
list:
dist: 2.2608932851607615 vs. 2.2608932851607615
list:
dist: 2.351781020291571 vs. 2.351781020291571
list:
dist: 2.9045966585281677 vs. 2.9045966585281677
list:
dist: 4.498466033176433 vs. 4.498466033176433
list:
dist: 2.993166911101081 vs. 2.993166911101081
list:
dist: 1.5982831676840126 vs. 1.5982831676840126
list:
dist: 1.6907129968601067 vs. 1.6907129968601067
list:
dist: 2.72496173114034 vs. 2.72496173114034
list:
dist: 2.3019772726679655 vs. 2.3019772726679655
list:
dist: 2.958669387541156 vs. 2.958669387541156
list:
dist: 3.3842816322009406 vs. 3.3842816322009406
list:
dist: 2.886253062075782 vs. 2.886253062075782
list:
dist: 2.27014339778459 vs. 2.27014339778459
list:
dist: 2.8328307297070516 vs. 2.8328307297070516
list:
dist: 1.1213075465319744 vs. 1.1213075465319744
list:
dist: 0.5631559815153225 vs. 0.5631559815153225
list:
dist: 0.684882279530018 vs. 0.684882279530018
list:
dist: 0.9642772696148356 vs. 0.9642772696148356
list:
dist: 1.4420222029354726 vs. 1.4420222029354726
list:
dist: 1.1734933683342204 vs. 1.1734933683342204
list:
dist: 1.9859075377660174 vs. 1.9859075377660174
list:
dist: 2.050730413394881 vs. 2.050730413394881
list:
dist: 1.6781120885465988 vs. 1.6781120885465988
list:
dist: 2.6666480722359487 vs. 2.6666480722359487
list:
dist: 1.4061999234812006 vs. 1.4061999234812006
list:
dist: 2.0353638081697536 vs. 2.0353638081697536
list:
dist: 4.040328452813957 vs. 4.040328452813957
list:
dist: 2.9045966585281677 vs. 2.9045966585281677
list:
dist: 2.89288053148114 vs. 2.89288053148114
list:
dist: 2.2088092874388057 vs. 2.2088092874388057
list:
dist: 2.4511085707964617 vs. 2.4511085707964617
list:
dist: 1.3233760709320284 vs. 1.3233760709320284
list:
dist: 1.5266788067395123 vs. 1.5266788067395123
list:
dist: 2.196422448474197 vs. 2.196422448474197
list:
dist: 0.7795495902312225 vs. 0.7795495902312225
list:
dist: 2.1341950256939457 vs. 2.1341950256939457
list:
dist: 1.0359219139278442 vs. 1.0359219139278442
list:
dist: 1.589149618779828 vs. 1.589149618779828
list:
dist: 3.807581697334757 vs. 3.807581697334757
list:
dist: 1.8337228333578708 vs. 1.8337228333578708
list:
dist: 1.672145291437759 vs. 1.672145291437759
list:
dist: 1.2577444615434978 vs. 1.2577444615434978
list:
dist: 4.273286867315688 vs. 4.273286867315688
list:
dist: 2.6604247594950774 vs. 2.6604247594950774
list:
dist: 2.771808270914492 vs. 2.771808270914492
list:
dist: 3.422398580962078 vs. 3.422398580962078
list:
dist: 2.7818514715863176 vs. 2.7818514715863176
list:
dist: 3.444255605537613 vs. 3.444255605537613
list:
dist: 3.5667360171829348 vs. 3.5667360171829348
list:
dist: 3.248795217447357 vs. 3.248795217447357
list:
dist: 2.2940439189177404 vs. 2.2940439189177404
list:
dist: 2.5698460086705355 vs. 2.5698460086705355
list:
dist: 2.6534104443339093 vs. 2.6534104443339093
list:
dist: 2.135391066248725 vs. 2.135391066248725
list:
dist: 2.0947033302280103 vs. 2.0947033302280103
list:
dist: 1.6781120885465988 vs. 1.6781120885465988
list:
dist: 2.181400979238251 vs. 2.181400979238251
list:
dist: 1.7455356542487952 vs. 1.7455356542487952
list:
dist: 1.4276932026728724 vs. 1.4276932026728724
list:
dist: 1.235177294486886 vs. 1.235177294486886
list:
dist: 0.7006107696919259 vs. 0.7006107696919259
list:
dist: 1.4727674672467952 vs. 1.4727674672467952
list:
dist: 1.173398977143599 vs. 1.173398977143599
list:
dist: 2.392793444361173 vs. 2.392793444361173
list:
dist: 2.785958249206913 vs. 2.785958249206913
list:
dist: 2.196422448474197 vs. 2.196422448474197
list:
dist: 4.051320493769259 vs. 4.051320493769259
list:
dist: 1.0531114164304474 vs. 1.0531114164304474
list:
dist: 2.4514004804875063 vs. 2.4514004804875063
list:
dist: 2.7435321774982997 vs. 2.7435321774982997
list:
dist: 4.500742493539414 vs. 4.500742493539414
list:
dist: 2.733239806818729 vs. 2.733239806818729
list:
dist: 3.1316661529502765 vs. 3.1316661529502765
list:
dist: 3.7062309832978646 vs. 3.7062309832978646
list:
dist: 2.9760741437562213 vs. 2.9760741437562213
list:
dist: 3.524508189953329 vs. 3.524508189953329
list:
dist: 3.5928840328679947 vs. 3.5928840328679947
list:
dist: 3.204462269919226 vs. 3.204462269919226
list:
dist: 2.122214949848016 vs. 2.122214949848016
list:
dist: 2.303443300729113 vs. 2.303443300729113
list:
dist: 3.089395095690134 vs. 3.089395095690134
list:
dist: 2.482554841438559 vs. 2.482554841438559
list:
dist: 2.28242052963769 vs. 2.28242052963769
list:
dist: 2.050730413394881 vs. 2.050730413394881
list:
dist: 2.586790558891058 vs. 2.586790558891058
list:
dist: 1.5924169839906797 vs. 1.5924169839906797
list:
dist: 1.395596006996292 vs. 1.395596006996292
list:
dist: 0.7428734342564002 vs. 0.7428734342564002
list:
dist: 0.7006107696919259 vs. 0.7006107696919259
list:
dist: 0.8728955438006956 vs. 0.8728955438006956
list:
dist: 1.038875441025031 vs. 1.038875441025031
list:
dist: 1.7385071383717423 vs. 1.7385071383717423
list:
dist: 2.1511010822816945 vs. 2.1511010822816945
list:
dist: 1.5266788067395123 vs. 1.5266788067395123
list:
dist: 3.7965889046461485 vs. 3.7965889046461485
list:
dist: 1.0341625462999624 vs. 1.0341625462999624
list:
dist: 2.1249175968171277 vs. 2.1249175968171277
list:
dist: 2.2026997664888057 vs. 2.2026997664888057
list:
dist: 3.8151937742516204 vs. 3.8151937742516204
list:
dist: 1.9729217304031377 vs. 1.9729217304031377
list:
dist: 2.8113432371611147 vs. 2.8113432371611147
list:
dist: 3.6553989139007834 vs. 3.6553989139007834
list:
dist: 3.0151220319430356 vs. 3.0151220319430356
list:
dist: 3.4730090990603375 vs. 3.4730090990603375
list:
dist: 3.7933899850709434 vs. 3.7933899850709434
list:
dist: 3.1202892049552027 vs. 3.1202892049552027
list:
dist: 2.1623780766307212 vs. 2.1623780766307212
list:
dist: 2.6112688456090156 vs. 2.6112688456090156
list:
dist: 2.450991499955683 vs. 2.450991499955683
list:
dist: 1.7885555412770864 vs. 1.7885555412770864
list:
dist: 1.1460310018916615 vs. 1.1460310018916615
list:
dist: 1.4420222029354726 vs. 1.4420222029354726
list:
dist: 2.2181328997182916 vs. 2.2181328997182916
list:
dist: 1.0021207437228394 vs. 1.0021207437228394
list:
dist: 1.0206908069453329 vs. 1.0206908069453329
list:
dist: 1.5924169839906797 vs. 1.5924169839906797
list:
dist: 1.7455356542487952 vs. 1.7455356542487952
list:
dist: 1.7627546346989496 vs. 1.7627546346989496
list:
dist: 1.069198830852469 vs. 1.069198830852469
list:
dist: 1.8107973620359974 vs. 1.8107973620359974
list:
dist: 2.944116112243184 vs. 2.944116112243184
list:
dist: 2.2088092874388057 vs. 2.2088092874388057
list:
dist: 1.5480880509709216 vs. 1.5480880509709216
list:
dist: 2.218769078405878 vs. 2.218769078405878
list:
dist: 1.9600544838151508 vs. 1.9600544838151508
list:
dist: 2.9287984819075947 vs. 2.9287984819075947
list:
dist: 1.40431028554689 vs. 1.40431028554689
list:
dist: 1.9620595199916389 vs. 1.9620595199916389
list:
dist: 2.984161904472117 vs. 2.984161904472117
list:
dist: 2.54275295715166 vs. 2.54275295715166
list:
dist: 3.066820892121538 vs. 3.066820892121538
list:
dist: 3.540405193208061 vs. 3.540405193208061
list:
dist: 2.904380119184681 vs. 2.904380119184681
list:
dist: 2.283837944352161 vs. 2.283837944352161
list:
dist: 2.8718698320045997 vs. 2.8718698320045997
list:
dist: 1.372549297637908 vs. 1.372549297637908
list:
dist: 0.7906580527977998 vs. 0.7906580527977998
list:
dist: 0.684882279530018 vs. 0.684882279530018
list:
dist: 1.3587060935899804 vs. 1.3587060935899804
list:
dist: 1.1460310018916615 vs. 1.1460310018916615
list:
dist: 1.190012726874729 vs. 1.190012726874729
list:
dist: 1.9900080664890392 vs. 1.9900080664890392
list:
dist: 2.28242052963769 vs. 2.28242052963769
list:
dist: 2.0947033302280103 vs. 2.0947033302280103
list:
dist: 2.7416324289938223 vs. 2.7416324289938223
list:
dist: 1.4984224126428518 vs. 1.4984224126428518
list:
dist: 2.2296102841640497 vs. 2.2296102841640497
list:
dist: 3.130694535008373 vs. 3.130694535008373
list:
dist: 2.5799913534418377 vs. 2.5799913534418377
list:
dist: 2.2296102841640497 vs. 2.2296102841640497
list:
dist: 2.0353638081697536 vs. 2.0353638081697536
list:
dist: 2.8368453029732366 vs. 2.8368453029732366
list:
dist: 1.5480880509709216 vs. 1.5480880509709216
list:
dist: 1.8638913537290527 vs. 1.8638913537290527
list:
dist: 1.0351548209623296 vs. 1.0351548209623296
list:
dist: 1.0341625462999624 vs. 1.0341625462999624
list:
dist: 1.0531114164304474 vs. 1.0531114164304474
list:
dist: 1.0812333129805454 vs. 1.0812333129805454
list:
dist: 1.6394074263539744 vs. 1.6394074263539744
list:
dist: 2.2193322038089023 vs. 2.2193322038089023
list:
dist: 2.98904376699786 vs. 2.98904376699786
list:
dist: 1.8337228333578708 vs. 1.8337228333578708
list:
dist: 4.525392841023244 vs. 4.525392841023244
list:
dist: 1.4565200433571057 vs. 1.4565200433571057
list:
dist: 2.0223978543799768 vs. 2.0223978543799768
list:
dist: 3.29174542159221 vs. 3.29174542159221
list:
dist: 2.351781020291571 vs. 2.351781020291571
list:
dist: 2.0123458094625293 vs. 2.0123458094625293
list:
dist: 2.944116112243184 vs. 2.944116112243184
list:
dist: 2.690427448280517 vs. 2.690427448280517
list:
dist: 2.188387568480916 vs. 2.188387568480916
list:
dist: 2.1511010822816945 vs. 2.1511010822816945
list:
dist: 2.785958249206913 vs. 2.785958249206913
list:
dist: 2.0056931713754977 vs. 2.0056931713754977
list:
dist: 2.3998120404616325 vs. 2.3998120404616325
list:
dist: 1.422902518261868 vs. 1.422902518261868
list:
dist: 1.589149618779828 vs. 1.589149618779828
list:
dist: 3.1483422231201206 vs. 3.1483422231201206
list:
dist: 2.98904376699786 vs. 2.98904376699786
list:
dist: 3.2443886687579413 vs. 3.2443886687579413
list:
dist: 2.5844709151428233 vs. 2.5844709151428233
list:
dist: 5.173080571636175 vs. 5.173080571636175
list:
dist: 3.3109156507017654 vs. 3.3109156507017654
list:
dist: 3.9057733419427367 vs. 3.9057733419427367
list:
dist: 4.507966166752181 vs. 4.507966166752181
list:
dist: 3.753464367817086 vs. 3.753464367817086
list:
dist: 4.229441593330144 vs. 4.229441593330144
list:
dist: 4.283530706367587 vs. 4.283530706367587
list:
dist: 3.825226977227494 vs. 3.825226977227494
list:
dist: 2.686142015821757 vs. 2.686142015821757
list:
dist: 2.7968440009489517 vs. 2.7968440009489517
list:
dist: 3.7669034301328 vs. 3.7669034301328
list:
dist: 3.128008825032101 vs. 3.128008825032101
list:
dist: 2.7416324289938223 vs. 2.7416324289938223
list:
dist: 2.6666480722359487 vs. 2.6666480722359487
list:
dist: 3.335392021456336 vs. 3.335392021456336
list:
dist: 1.7627546346989496 vs. 1.7627546346989496
list:
dist: 1.9762498009786469 vs. 1.9762498009786469
list:
dist: 0.7837848847173008 vs. 0.7837848847173008
list:
dist: 0.8728955438006956 vs. 0.8728955438006956
list:
dist: 1.4727674672467952 vs. 1.4727674672467952
list:
dist: 1.6478083612721244 vs. 1.6478083612721244
list:
dist: 1.366989749431427 vs. 1.366989749431427
list:
dist: 2.0056931713754977 vs. 2.0056931713754977
list:
dist: 0.7795495902312225 vs. 0.7795495902312225
list:
dist: 3.8944658180547385 vs. 3.8944658180547385
list:
dist: 1.0812333129805454 vs. 1.0812333129805454
list:
dist: 1.4476002306350746 vs. 1.4476002306350746
list:
dist: 1.4792952219362736 vs. 1.4792952219362736
list:
dist: 1.9600544838151508 vs. 1.9600544838151508
list:
dist: 2.661175277095307 vs. 2.661175277095307
list:
dist: 1.6061081838016835 vs. 1.6061081838016835
list:
dist: 2.2026997664888057 vs. 2.2026997664888057
list:
dist: 2.7435321774982997 vs. 2.7435321774982997
list:
dist: 1.4792952219362736 vs. 1.4792952219362736
list:
dist: 2.4778143474696006 vs. 2.4778143474696006
list:
dist: 1.3564789374836865 vs. 1.3564789374836865
list:
dist: 2.5844709151428233 vs. 2.5844709151428233
list:
dist: 1.2577444615434978 vs. 1.2577444615434978
list:
dist: 2.0223978543799768 vs. 2.0223978543799768
list:
dist: 1.232969766487887 vs. 1.232969766487887
list:
dist: 3.3479578909932113 vs. 3.3479578909932113
list:
dist: 2.2608932851607615 vs. 2.2608932851607615
list:
dist: 2.281373667376784 vs. 2.281373667376784
list:
dist: 1.8107973620359974 vs. 1.8107973620359974
list:
dist: 2.0043582866360548 vs. 2.0043582866360548
list:
dist: 1.284606388077781 vs. 1.284606388077781
list:
dist: 1.7385071383717423 vs. 1.7385071383717423
list:
dist: 2.392793444361173 vs. 2.392793444361173
list:
dist: 1.366989749431427 vs. 1.366989749431427
list:
dist: 1.784195472310419 vs. 1.784195472310419
list:
dist: 1.422902518261868 vs. 1.422902518261868
list:
dist: 1.0359219139278442 vs. 1.0359219139278442
list:
dist: 2.2193322038089023 vs. 2.2193322038089023
list:
dist: 2.25501241707029 vs. 2.25501241707029
list:
dist: 1.3564789374836865 vs. 1.3564789374836865
list:
dist: 2.218769078405878 vs. 2.218769078405878
list:
dist: 2.9165770145228658 vs. 2.9165770145228658
list:
dist: 1.7713385884830801 vs. 1.7713385884830801
list:
dist: 2.1249175968171277 vs. 2.1249175968171277
list:
dist: 2.4514004804875063 vs. 2.4514004804875063
list:
dist: 1.4476002306350746 vs. 1.4476002306350746
list:
dist: 2.7041929072611706 vs. 2.7041929072611706
list:
dist: 2.25501241707029 vs. 2.25501241707029
list:
dist: 3.2443886687579413 vs. 3.2443886687579413
list:
dist: 1.672145291437759 vs. 1.672145291437759
list:
dist: 1.4565200433571057 vs. 1.4565200433571057
list:
dist: 1.232969766487887 vs. 1.232969766487887
list:
dist: 4.439467423570123 vs. 4.439467423570123
list:
dist: 2.5629006798232097 vs. 2.5629006798232097
list:
dist: 3.2391659355535367 vs. 3.2391659355535367
list:
dist: 3.912344509770816 vs. 3.912344509770816
list:
dist: 3.1764355935381765 vs. 3.1764355935381765
list:
dist: 3.6546491297419754 vs. 3.6546491297419754
list:
dist: 3.8042799004250396 vs. 3.8042799004250396
list:
dist: 3.2621127502171925 vs. 3.2621127502171925
list:
dist: 2.143738440446327 vs. 2.143738440446327
list:
dist: 2.3971469201753544 vs. 2.3971469201753544
list:
dist: 3.07542315936341 vs. 3.07542315936341
list:
dist: 2.411674573098008 vs. 2.411674573098008
list:
dist: 1.9900080664890392 vs. 1.9900080664890392
list:
dist: 1.9859075377660174 vs. 1.9859075377660174
list:
dist: 2.6662456409594846 vs. 2.6662456409594846
list:
dist: 1.0206908069453329 vs. 1.0206908069453329
list:
dist: 1.2455920124692765 vs. 1.2455920124692765
list:
dist: 0.7428734342564002 vs. 0.7428734342564002
list:
dist: 1.235177294486886 vs. 1.235177294486886
list:
dist: 0.7837848847173008 vs. 0.7837848847173008
list:
dist: 0.971174892498684 vs. 0.971174892498684
list:
dist: 1.284606388077781 vs. 1.284606388077781
list:
dist: 2.188387568480916 vs. 2.188387568480916
list:
dist: 1.3233760709320284 vs. 1.3233760709320284
list:
dist: 4.360709092125833 vs. 4.360709092125833
list:
dist: 1.0351548209623296 vs. 1.0351548209623296
list:
dist: 1.7713385884830801 vs. 1.7713385884830801
list:
dist: 1.6061081838016835 vs. 1.6061081838016835
list:
dist: 1.424889615846184 vs. 1.424889615846184
list:
dist: 1.297803330326729 vs. 1.297803330326729
list:
dist: 1.3718904308258908 vs. 1.3718904308258908
list:
dist: 0.8944670271563319 vs. 0.8944670271563319
list:
dist: 1.3313283186528568 vs. 1.3313283186528568
list:
dist: 1.1149093284523364 vs. 1.1149093284523364
list:
dist: 1.1750343918599642 vs. 1.1750343918599642
list:
dist: 1.8536461851976422 vs. 1.8536461851976422
list:
dist: 2.3030494764913736 vs. 2.3030494764913736
list:
dist: 2.66768125433237 vs. 2.66768125433237
list:
dist: 3.0511346550717233 vs. 3.0511346550717233
list:
dist: 1.7522620199319998 vs. 1.7522620199319998
list:
dist: 3.6293158969043184 vs. 3.6293158969043184
list:
dist: 2.334259148556523 vs. 2.334259148556523
list:
dist: 3.0232334588326495 vs. 3.0232334588326495
list:
dist: 3.2798065314785205 vs. 3.2798065314785205
list:
dist: 2.122259729644733 vs. 2.122259729644733
list:
dist: 2.1300396886331763 vs. 2.1300396886331763
list:
dist: 2.8587668385255345 vs. 2.8587668385255345
list:
dist: 3.040379726218135 vs. 3.040379726218135
list:
dist: 4.461179138474993 vs. 4.461179138474993
list:
dist: 3.0330881331904105 vs. 3.0330881331904105
list:
dist: 2.7138523375323675 vs. 2.7138523375323675
list:
dist: 4.950504684266262 vs. 4.950504684266262
list:
dist: 4.020855074282606 vs. 4.020855074282606
list:
dist: 1.463315987548069 vs. 1.463315987548069
list:
dist: 2.462456895692083 vs. 2.462456895692083
list:
dist: 2.2618565666446346 vs. 2.2618565666446346
list:
dist: 1.424889615846184 vs. 1.424889615846184
list:
dist: 2.3760582361404072 vs. 2.3760582361404072
list:
dist: 1.979652125548621 vs. 1.979652125548621
list:
dist: 1.4435490743462374 vs. 1.4435490743462374
list:
dist: 2.466583979292915 vs. 2.466583979292915
list:
dist: 2.917113278470373 vs. 2.917113278470373
list:
dist: 3.190656933660186 vs. 3.190656933660186
list:
dist: 3.867553128302503 vs. 3.867553128302503
list:
dist: 2.630505630457399 vs. 2.630505630457399
list:
dist: 2.2618565666446346 vs. 2.2618565666446346
list:
dist: 1.5671160463469858 vs. 1.5671160463469858
list:
dist: 1.077285473987292 vs. 1.077285473987292
list:
dist: 0.8944670271563319 vs. 0.8944670271563319
list:
dist: 0.8928739217608137 vs. 0.8928739217608137
list:
dist: 0.9952252432401425 vs. 0.9952252432401425
list:
dist: 1.5559843176711512 vs. 1.5559843176711512
list:
dist: 1.746447832385676 vs. 1.746447832385676
list:
dist: 2.0573362296711304 vs. 2.0573362296711304
list:
dist: 2.455909359313454 vs. 2.455909359313454
list:
dist: 2.633656832663009 vs. 2.633656832663009
list:
dist: 1.6012187120355068 vs. 1.6012187120355068
list:
dist: 2.898060323945597 vs. 2.898060323945597
list:
dist: 1.605294914023231 vs. 1.605294914023231
list:
dist: 2.2369010172975448 vs. 2.2369010172975448
list:
dist: 2.4198716628151895 vs. 2.4198716628151895
list:
dist: 1.23428636771789 vs. 1.23428636771789
list:
dist: 1.3618151592619103 vs. 1.3618151592619103
list:
dist: 2.006439054367293 vs. 2.006439054367293
list:
dist: 2.407442205730919 vs. 2.407442205730919
list:
dist: 3.8148031111262983 vs. 3.8148031111262983
list:
dist: 2.418747392691966 vs. 2.418747392691966
list:
dist: 2.0135491325715016 vs. 2.0135491325715016
list:
dist: 4.340030669983739 vs. 4.340030669983739
list:
dist: 3.2781119786250685 vs. 3.2781119786250685
list:
dist: 3.190656933660186 vs. 3.190656933660186
list:
dist: 2.5106480098686257 vs. 2.5106480098686257
list:
dist: 1.645746025145406 vs. 1.645746025145406
list:
dist: 2.455909359313454 vs. 2.455909359313454
list:
dist: 2.66768125433237 vs. 2.66768125433237
list:
dist: 1.5714935664984246 vs. 1.5714935664984246
list:
dist: 1.6139532105864456 vs. 1.6139532105864456
list:
dist: 1.7710446581848902 vs. 1.7710446581848902
list:
dist: 0.8256848589288653 vs. 0.8256848589288653
list:
dist: 0.4149493586950045 vs. 0.4149493586950045
list:
dist: 0.980188058200746 vs. 0.980188058200746
list:
dist: 1.400966768880317 vs. 1.400966768880317
list:
dist: 2.1885318126718483 vs. 2.1885318126718483
list:
dist: 2.54208871719303 vs. 2.54208871719303
list:
dist: 3.3339412707505547 vs. 3.3339412707505547
list:
dist: 2.8374501082046573 vs. 2.8374501082046573
list:
dist: 3.0030445019853236 vs. 3.0030445019853236
list:
dist: 3.5988386329265243 vs. 3.5988386329265243
list:
dist: 3.1773333228785487 vs. 3.1773333228785487
list:
dist: 2.4203972180468094 vs. 2.4203972180468094
list:
dist: 1.7911989594253819 vs. 1.7911989594253819
list:
dist: 1.7447258225255602 vs. 1.7447258225255602
list:
dist: 3.2112360454451223 vs. 3.2112360454451223
list:
dist: 3.20957853536626 vs. 3.20957853536626
list:
dist: 2.466583979292915 vs. 2.466583979292915
list:
dist: 1.8901232078270438 vs. 1.8901232078270438
list:
dist: 0.9582430711539499 vs. 0.9582430711539499
list:
dist: 1.746447832385676 vs. 1.746447832385676
list:
dist: 1.8536461851976422 vs. 1.8536461851976422
list:
dist: 0.9249017355470609 vs. 0.9249017355470609
list:
dist: 0.8677943510779929 vs. 0.8677943510779929
list:
dist: 1.0235217856167533 vs. 1.0235217856167533
list:
dist: 0.5351924227391661 vs. 0.5351924227391661
list:
dist: 0.8256848589288653 vs. 0.8256848589288653
list:
dist: 1.4156886480273867 vs. 1.4156886480273867
list:
dist: 0.8227725545790194 vs. 0.8227725545790194
list:
dist: 1.8914571918047476 vs. 1.8914571918047476
list:
dist: 2.4384317017977137 vs. 2.4384317017977137
list:
dist: 3.1306611133322844 vs. 3.1306611133322844
list:
dist: 2.403052276911408 vs. 2.403052276911408
list:
dist: 2.5067297008009675 vs. 2.5067297008009675
list:
dist: 3.221780069571601 vs. 3.221780069571601
list:
dist: 2.8826684872915673 vs. 2.8826684872915673
list:
dist: 2.9892892991222926 vs. 2.9892892991222926
list:
dist: 1.8933285144845837 vs. 1.8933285144845837
list:
dist: 1.7348265674118897 vs. 1.7348265674118897
list:
dist: 3.6269744025793287 vs. 3.6269744025793287
list:
dist: 3.272865563444031 vs. 3.272865563444031
list:
dist: 1.4435490743462374 vs. 1.4435490743462374
list:
dist: 1.2051173628290022 vs. 1.2051173628290022
list:
dist: 1.2626461516696044 vs. 1.2626461516696044
list:
dist: 1.5559843176711512 vs. 1.5559843176711512
list:
dist: 1.1750343918599642 vs. 1.1750343918599642
list:
dist: 1.1627816702511005 vs. 1.1627816702511005
list:
dist: 0.7590815546533123 vs. 0.7590815546533123
list:
dist: 1.0235217856167533 vs. 1.0235217856167533
list:
dist: 1.485617465275547 vs. 1.485617465275547
list:
dist: 1.7710446581848902 vs. 1.7710446581848902
list:
dist: 2.43134977798686 vs. 2.43134977798686
list:
dist: 1.349972987127758 vs. 1.349972987127758
list:
dist: 4.441480061511391 vs. 4.441480061511391
list:
dist: 2.467885068669191 vs. 2.467885068669191
list:
dist: 3.1225123225478466 vs. 3.1225123225478466
list:
dist: 3.6430522116779147 vs. 3.6430522116779147
list:
dist: 2.615356286051618 vs. 2.615356286051618
list:
dist: 2.7279349774601847 vs. 2.7279349774601847
list:
dist: 3.462497489719083 vs. 3.462497489719083
list:
dist: 3.3753187095545347 vs. 3.3753187095545347
list:
dist: 3.9660213505940596 vs. 3.9660213505940596
list:
dist: 2.7797725496571006 vs. 2.7797725496571006
list:
dist: 2.5428068624134585 vs. 2.5428068624134585
list:
dist: 4.599986752653042 vs. 4.599986752653042
list:
dist: 4.057359320836184 vs. 4.057359320836184
list:
dist: 2.630505630457399 vs. 2.630505630457399
list:
dist: 2.3084214214091863 vs. 2.3084214214091863
list:
dist: 0.53028788502734 vs. 0.53028788502734
list:
dist: 1.6012187120355068 vs. 1.6012187120355068
list:
dist: 1.7522620199319998 vs. 1.7522620199319998
list:
dist: 1.0637903330970526 vs. 1.0637903330970526
list:
dist: 1.1417343335744627 vs. 1.1417343335744627
list:
dist: 1.349972987127758 vs. 1.349972987127758
list:
dist: 0.8227725545790194 vs. 0.8227725545790194
list:
dist: 1.1949912253136363 vs. 1.1949912253136363
list:
dist: 1.400966768880317 vs. 1.400966768880317
list:
dist: 1.4739868643692577 vs. 1.4739868643692577
list:
dist: 1.4782408100877296 vs. 1.4782408100877296
list:
dist: 2.105535794025737 vs. 2.105535794025737
list:
dist: 2.806166074065509 vs. 2.806166074065509
list:
dist: 2.2581599316940197 vs. 2.2581599316940197
list:
dist: 2.0606165790362376 vs. 2.0606165790362376
list:
dist: 2.9865741798053294 vs. 2.9865741798053294
list:
dist: 2.246987007028997 vs. 2.246987007028997
list:
dist: 3.153634030213668 vs. 3.153634030213668
list:
dist: 1.6297219471292987 vs. 1.6297219471292987
list:
dist: 1.5957622561627334 vs. 1.5957622561627334
list:
dist: 3.397748562059279 vs. 3.397748562059279
list:
dist: 2.8786448937492115 vs. 2.8786448937492115
list:
dist: 2.462456895692083 vs. 2.462456895692083
list:
dist: 1.9907813467728939 vs. 1.9907813467728939
list:
dist: 1.077285473987292 vs. 1.077285473987292
list:
dist: 1.3718904308258908 vs. 1.3718904308258908
list:
dist: 0.668157970693962 vs. 0.668157970693962
list:
dist: 0.8255069611209936 vs. 0.8255069611209936
list:
dist: 1.2626461516696044 vs. 1.2626461516696044
list:
dist: 0.9582430711539499 vs. 0.9582430711539499
list:
dist: 1.327800589343275 vs. 1.327800589343275
list:
dist: 1.645746025145406 vs. 1.645746025145406
list:
dist: 1.7429157367045074 vs. 1.7429157367045074
list:
dist: 0.53028788502734 vs. 0.53028788502734
list:
dist: 3.5981802147820083 vs. 3.5981802147820083
list:
dist: 1.2566239080187735 vs. 1.2566239080187735
list:
dist: 1.9468811195356448 vs. 1.9468811195356448
list:
dist: 2.5160281527891133 vs. 2.5160281527891133
list:
dist: 1.7899845268690313 vs. 1.7899845268690313
list:
dist: 1.6565837075485528 vs. 1.6565837075485528
list:
dist: 2.5500063843748833 vs. 2.5500063843748833
list:
dist: 2.120703961778862 vs. 2.120703961778862
list:
dist: 3.2476804901550387 vs. 3.2476804901550387
list:
dist: 1.711375121053308 vs. 1.711375121053308
list:
dist: 1.5096880820889063 vs. 1.5096880820889063
list:
dist: 3.6012255156841015 vs. 3.6012255156841015
list:
dist: 2.855322769425363 vs. 2.855322769425363
list:
dist: 1.979652125548621 vs. 1.979652125548621
list:
dist: 1.206654843078315 vs. 1.206654843078315
list:
dist: 0.8255069611209936 vs. 0.8255069611209936
list:
dist: 0.9952252432401425 vs. 0.9952252432401425
list:
dist: 1.1149093284523364 vs. 1.1149093284523364
list:
dist: 0.4262984916111422 vs. 0.4262984916111422
list:
dist: 0.7590815546533123 vs. 0.7590815546533123
list:
dist: 0.8677943510779929 vs. 0.8677943510779929
list:
dist: 1.2228799546547306 vs. 1.2228799546547306
list:
dist: 1.6139532105864456 vs. 1.6139532105864456
list:
dist: 2.0854606708501895 vs. 2.0854606708501895
list:
dist: 1.1417343335744627 vs. 1.1417343335744627
list:
dist: 3.773938157335738 vs. 3.773938157335738
list:
dist: 1.8326085505573373 vs. 1.8326085505573373
list:
dist: 2.4596970317698297 vs. 2.4596970317698297
list:
dist: 2.9282659043641774 vs. 2.9282659043641774
list:
dist: 1.8869091303223844 vs. 1.8869091303223844
list:
dist: 2.0970359194386354 vs. 2.0970359194386354
list:
dist: 2.7447715712611083 vs. 2.7447715712611083
list:
dist: 2.8366477854486396 vs. 2.8366477854486396
list:
dist: 3.4553969710948773 vs. 3.4553969710948773
list:
dist: 2.2507087266859442 vs. 2.2507087266859442
list:
dist: 1.9120706910689678 vs. 1.9120706910689678
list:
dist: 4.145653686363865 vs. 4.145653686363865
list:
dist: 3.452816727467675 vs. 3.452816727467675
list:
dist: 2.917113278470373 vs. 2.917113278470373
list:
dist: 2.1554788831014964 vs. 2.1554788831014964
list:
dist: 1.327800589343275 vs. 1.327800589343275
list:
dist: 2.0573362296711304 vs. 2.0573362296711304
list:
dist: 2.3030494764913736 vs. 2.3030494764913736
list:
dist: 1.1674467886987672 vs. 1.1674467886987672
list:
dist: 1.2228799546547306 vs. 1.2228799546547306
list:
dist: 1.485617465275547 vs. 1.485617465275547
list:
dist: 0.5351924227391661 vs. 0.5351924227391661
list:
dist: 0.4149493586950045 vs. 0.4149493586950045
list:
dist: 1.1112571935173423 vs. 1.1112571935173423
list:
dist: 1.1949912253136363 vs. 1.1949912253136363
list:
dist: 1.937210993557425 vs. 1.937210993557425
list:
dist: 2.353186801157833 vs. 2.353186801157833
list:
dist: 3.0853093481650387 vs. 3.0853093481650387
list:
dist: 2.471994247835116 vs. 2.471994247835116
list:
dist: 2.6764903887702074 vs. 2.6764903887702074
list:
dist: 3.2615784024192274 vs. 3.2615784024192274
list:
dist: 2.986115057420022 vs. 2.986115057420022
list:
dist: 2.532159294661813 vs. 2.532159294661813
list:
dist: 1.728306792680496 vs. 1.728306792680496
list:
dist: 1.5672761611564243 vs. 1.5672761611564243
list:
dist: 3.3456922065840966 vs. 3.3456922065840966
list:
dist: 3.1325357270106227 vs. 3.1325357270106227
list:
dist: 2.9015486369082 vs. 2.9015486369082
list:
dist: 1.2566239080187735 vs. 1.2566239080187735
list:
dist: 1.605294914023231 vs. 1.605294914023231
list:
dist: 2.334259148556523 vs. 2.334259148556523
list:
dist: 1.4346338504214184 vs. 1.4346338504214184
list:
dist: 1.8326085505573373 vs. 1.8326085505573373
list:
dist: 2.467885068669191 vs. 2.467885068669191
list:
dist: 1.8914571918047476 vs. 1.8914571918047476
list:
dist: 1.937210993557425 vs. 1.937210993557425
list:
dist: 2.1885318126718483 vs. 2.1885318126718483
list:
dist: 1.7229077132408759 vs. 1.7229077132408759
list:
dist: 1.4782408100877296 vs. 1.4782408100877296
list:
dist: 2.850017801313184 vs. 2.850017801313184
list:
dist: 0.7184747808533072 vs. 0.7184747808533072
list:
dist: 1.3334115014522236 vs. 1.3334115014522236
list:
dist: 1.287082900724767 vs. 1.287082900724767
list:
dist: 1.0100142412870838 vs. 1.0100142412870838
list:
dist: 1.7422232461180744 vs. 1.7422232461180744
list:
dist: 1.159743942325072 vs. 1.159743942325072
list:
dist: 2.6399952269504223 vs. 2.6399952269504223
list:
dist: 1.0191665588252743 vs. 1.0191665588252743
list:
dist: 0.7648549459223694 vs. 0.7648549459223694
list:
dist: 2.8105783508905398 vs. 2.8105783508905398
list:
dist: 1.6929668860381695 vs. 1.6929668860381695
list:
dist: 2.3697383610058553 vs. 2.3697383610058553
list:
dist: 1.9471006265242432 vs. 1.9471006265242432
list:
dist: 1.800955821066047 vs. 1.800955821066047
list:
dist: 2.9381175822470817 vs. 2.9381175822470817
list:
dist: 4.498466033176433 vs. 4.498466033176433
list:
dist: 4.099715194063364 vs. 4.099715194063364
list:
dist: 1.463315987548069 vs. 1.463315987548069
list:
dist: 4.360709092125833 vs. 4.360709092125833
list:
dist: 3.7965889046461485 vs. 3.7965889046461485
list:
dist: 4.051320493769259 vs. 4.051320493769259
list:
dist: 3.8944658180547385 vs. 3.8944658180547385
list:
dist: 4.481945924426959 vs. 4.481945924426959
list:
dist: 3.1483422231201206 vs. 3.1483422231201206
list:
dist: 3.807581697334757 vs. 3.807581697334757
list:
dist: 1.9907813467728939 vs. 1.9907813467728939
list:
dist: 1.5671160463469858 vs. 1.5671160463469858
list:
dist: 1.297803330326729 vs. 1.297803330326729
list:
dist: 1.5243648748707574 vs. 1.5243648748707574
list:
dist: 1.206654843078315 vs. 1.206654843078315
list:
dist: 1.2051173628290022 vs. 1.2051173628290022
list:
dist: 1.8901232078270438 vs. 1.8901232078270438
list:
dist: 2.1554788831014964 vs. 2.1554788831014964
list:
dist: 2.5106480098686257 vs. 2.5106480098686257
list:
dist: 3.180707888203632 vs. 3.180707888203632
list:
dist: 2.3084214214091863 vs. 2.3084214214091863
list:
dist: 4.525392841023244 vs. 4.525392841023244
list:
dist: 4.1304050396981635 vs. 4.1304050396981635
list:
dist: 2.9015486369082 vs. 2.9015486369082
list:
dist: 3.4854151207760697 vs. 3.4854151207760697
list:
dist: 3.7662124925162344 vs. 3.7662124925162344
list:
dist: 2.4755357501533974 vs. 2.4755357501533974
list:
dist: 2.8983952126845316 vs. 2.8983952126845316
list:
dist: 3.288453186553599 vs. 3.288453186553599
list:
dist: 4.359225521771427 vs. 4.359225521771427
list:
dist: 3.3949891436246125 vs. 3.3949891436246125
list:
dist: 2.9794998150237504 vs. 2.9794998150237504
list:
dist: 4.1304050396981635 vs. 4.1304050396981635
list:
dist: 3.5981802147820083 vs. 3.5981802147820083
list:
dist: 2.898060323945597 vs. 2.898060323945597
list:
dist: 3.6293158969043184 vs. 3.6293158969043184
list:
dist: 3.473573681665385 vs. 3.473573681665385
list:
dist: 3.773938157335738 vs. 3.773938157335738
list:
dist: 4.441480061511391 vs. 4.441480061511391
list:
dist: 2.850017801313184 vs. 2.850017801313184
list:
dist: 2.789935603694924 vs. 2.789935603694924
list:
dist: 1.953817200720419 vs. 1.953817200720419
list:
dist: 1.966314795539464 vs. 1.966314795539464
list:
dist: 2.0423292286191908 vs. 2.0423292286191908
list:
dist: 1.193989664638719 vs. 1.193989664638719
list:
dist: 2.806981415678377 vs. 2.806981415678377
list:
dist: 2.35313765740875 vs. 2.35313765740875
list:
dist: 2.719908106904567 vs. 2.719908106904567
list:
dist: 3.099459381966162 vs. 3.099459381966162
list:
dist: 3.642290838258353 vs. 3.642290838258353
list:
dist: 2.3760582361404072 vs. 2.3760582361404072
list:
dist: 1.5243648748707574 vs. 1.5243648748707574
list:
dist: 0.668157970693962 vs. 0.668157970693962
list:
dist: 0.8928739217608137 vs. 0.8928739217608137
list:
dist: 1.3313283186528568 vs. 1.3313283186528568
list:
dist: 0.4262984916111422 vs. 0.4262984916111422
list:
dist: 1.1627816702511005 vs. 1.1627816702511005
list:
dist: 0.9249017355470609 vs. 0.9249017355470609
list:
dist: 1.1674467886987672 vs. 1.1674467886987672
list:
dist: 1.5714935664984246 vs. 1.5714935664984246
list:
dist: 1.8586119623770785 vs. 1.8586119623770785
list:
dist: 1.0637903330970526 vs. 1.0637903330970526
list:
dist: 3.473573681665385 vs. 3.473573681665385
list:
dist: 1.4346338504214184 vs. 1.4346338504214184
list:
dist: 2.041700545278889 vs. 2.041700545278889
list:
dist: 2.51543168885436 vs. 2.51543168885436
list:
dist: 1.5452211679502494 vs. 1.5452211679502494
list:
dist: 1.766151417852638 vs. 1.766151417852638
list:
dist: 2.3955895132517315 vs. 2.3955895132517315
list:
dist: 2.4869848329223894 vs. 2.4869848329223894
list:
dist: 3.1411225518821135 vs. 3.1411225518821135
list:
dist: 1.8937835399519867 vs. 1.8937835399519867
list:
dist: 1.5147255773251886 vs. 1.5147255773251886
list:
dist: 3.8089605352830396 vs. 3.8089605352830396
list:
dist: 3.049008502826981 vs. 3.049008502826981
list:
dist: 3.867553128302503 vs. 3.867553128302503
list:
dist: 3.180707888203632 vs. 3.180707888203632
list:
dist: 1.7429157367045074 vs. 1.7429157367045074
list:
dist: 2.633656832663009 vs. 2.633656832663009
list:
dist: 3.0511346550717233 vs. 3.0511346550717233
list:
dist: 1.8586119623770785 vs. 1.8586119623770785
list:
dist: 2.0854606708501895 vs. 2.0854606708501895
list:
dist: 2.43134977798686 vs. 2.43134977798686
list:
dist: 1.4156886480273867 vs. 1.4156886480273867
list:
dist: 1.1112571935173423 vs. 1.1112571935173423
list:
dist: 0.980188058200746 vs. 0.980188058200746
list:
dist: 1.4739868643692577 vs. 1.4739868643692577
list:
dist: 1.7229077132408759 vs. 1.7229077132408759
list:
dist: 1.8820193293302019 vs. 1.8820193293302019
list:
dist: 2.7736135251080505 vs. 2.7736135251080505
list:
dist: 2.697349078288764 vs. 2.697349078288764
list:
dist: 2.7015107689446487 vs. 2.7015107689446487
list:
dist: 3.3010082785293404 vs. 3.3010082785293404
list:
dist: 2.53100452113656 vs. 2.53100452113656
list:
dist: 1.7946059398241632 vs. 1.7946059398241632
list:
dist: 0.9623992957530918 vs. 0.9623992957530918
list:
dist: 1.1789604812119276 vs. 1.1789604812119276
list:
dist: 2.258041730269045 vs. 2.258041730269045
list:
dist: 2.329346491461009 vs. 2.329346491461009
list:
dist: 3.3949891436246125 vs. 3.3949891436246125
list:
dist: 1.711375121053308 vs. 1.711375121053308
list:
dist: 2.418747392691966 vs. 2.418747392691966
list:
dist: 3.0330881331904105 vs. 3.0330881331904105
list:
dist: 1.8937835399519867 vs. 1.8937835399519867
list:
dist: 2.2507087266859442 vs. 2.2507087266859442
list:
dist: 2.7797725496571006 vs. 2.7797725496571006
list:
dist: 1.8933285144845837 vs. 1.8933285144845837
list:
dist: 1.728306792680496 vs. 1.728306792680496
list:
dist: 1.7911989594253819 vs. 1.7911989594253819
list:
dist: 0.9623992957530918 vs. 0.9623992957530918
list:
dist: 1.6297219471292987 vs. 1.6297219471292987
list:
dist: 1.0191665588252743 vs. 1.0191665588252743
list:
dist: 0.9732888262499415 vs. 0.9732888262499415
list:
dist: 1.8944541801375347 vs. 1.8944541801375347
list:
dist: 2.156695220577644 vs. 2.156695220577644
list:
dist: 2.0203961556954635 vs. 2.0203961556954635
list:
dist: 2.5800154906095982 vs. 2.5800154906095982
list:
dist: 1.6699073466671828 vs. 1.6699073466671828
list:
dist: 1.8205563105890143 vs. 1.8205563105890143
list:
dist: 0.5834997007675328 vs. 0.5834997007675328
list:
dist: 1.9335515974719286 vs. 1.9335515974719286
list:
dist: 1.4286881117359256 vs. 1.4286881117359256
list:
dist: 2.5779290486988344 vs. 2.5779290486988344
list:
dist: 1.977462659558556 vs. 1.977462659558556
list:
dist: 1.60659097789231 vs. 1.60659097789231
list:
dist: 2.7476489324016837 vs. 2.7476489324016837
list:
dist: 2.120703961778862 vs. 2.120703961778862
list:
dist: 2.407442205730919 vs. 2.407442205730919
list:
dist: 3.040379726218135 vs. 3.040379726218135
list:
dist: 2.4869848329223894 vs. 2.4869848329223894
list:
dist: 2.8366477854486396 vs. 2.8366477854486396
list:
dist: 3.3753187095545347 vs. 3.3753187095545347
list:
dist: 2.8826684872915673 vs. 2.8826684872915673
list:
dist: 2.986115057420022 vs. 2.986115057420022
list:
dist: 3.1773333228785487 vs. 3.1773333228785487
list:
dist: 2.53100452113656 vs. 2.53100452113656
list:
dist: 2.246987007028997 vs. 2.246987007028997
list:
dist: 2.806981415678377 vs. 2.806981415678377
list:
dist: 1.159743942325072 vs. 1.159743942325072
list:
dist: 1.1653569965544914 vs. 1.1653569965544914
list:
dist: 1.3951290926686033 vs. 1.3951290926686033
list:
dist: 2.01923169129828 vs. 2.01923169129828
list:
dist: 1.279891377893922 vs. 1.279891377893922
list:
dist: 2.0326324866443644 vs. 2.0326324866443644
list:
dist: 3.280541434098193 vs. 3.280541434098193
list:
dist: 1.6699073466671828 vs. 1.6699073466671828
list:
dist: 1.7412248933824 vs. 1.7412248933824
list:
dist: 2.8238127522521945 vs. 2.8238127522521945
list:
dist: 1.4388811963657917 vs. 1.4388811963657917
list:
dist: 2.5352654370815273 vs. 2.5352654370815273
list:
dist: 2.0294761069851694 vs. 2.0294761069851694
list:
dist: 1.9876731624000226 vs. 1.9876731624000226
list:
dist: 2.503208975618678 vs. 2.503208975618678
list:
dist: 2.9794998150237504 vs. 2.9794998150237504
list:
dist: 1.5096880820889063 vs. 1.5096880820889063
list:
dist: 2.0135491325715016 vs. 2.0135491325715016
list:
dist: 2.7138523375323675 vs. 2.7138523375323675
list:
dist: 1.5147255773251886 vs. 1.5147255773251886
list:
dist: 1.9120706910689678 vs. 1.9120706910689678
list:
dist: 2.5428068624134585 vs. 2.5428068624134585
list:
dist: 1.7348265674118897 vs. 1.7348265674118897
list:
dist: 1.5672761611564243 vs. 1.5672761611564243
list:
dist: 1.7447258225255602 vs. 1.7447258225255602
list:
dist: 1.1789604812119276 vs. 1.1789604812119276
list:
dist: 1.5957622561627334 vs. 1.5957622561627334
list:
dist: 0.7648549459223694 vs. 0.7648549459223694
list:
dist: 0.8145373930670651 vs. 0.8145373930670651
list:
dist: 1.625048055948365 vs. 1.625048055948365
list:
dist: 1.6488320353738029 vs. 1.6488320353738029
list:
dist: 1.7061878828498838 vs. 1.7061878828498838
list:
dist: 2.1450748875848302 vs. 2.1450748875848302
list:
dist: 1.7412248933824 vs. 1.7412248933824
list:
dist: 1.9139254535111303 vs. 1.9139254535111303
list:
dist: 0.5834997007675328 vs. 0.5834997007675328
list:
dist: 2.3953373684134847 vs. 2.3953373684134847
list:
dist: 1.6463462037099788 vs. 1.6463462037099788
list:
dist: 2.306045056369665 vs. 2.306045056369665
list:
dist: 1.8402569916836602 vs. 1.8402569916836602
list:
dist: 1.551619537413724 vs. 1.551619537413724
list:
dist: 2.8859205947528923 vs. 2.8859205947528923
list:
dist: 2.4755357501533974 vs. 2.4755357501533974
list:
dist: 1.7899845268690313 vs. 1.7899845268690313
list:
dist: 1.23428636771789 vs. 1.23428636771789
list:
dist: 2.122259729644733 vs. 2.122259729644733
list:
dist: 1.5452211679502494 vs. 1.5452211679502494
list:
dist: 1.8869091303223844 vs. 1.8869091303223844
list:
dist: 2.615356286051618 vs. 2.615356286051618
list:
dist: 2.403052276911408 vs. 2.403052276911408
list:
dist: 2.471994247835116 vs. 2.471994247835116
list:
dist: 2.8374501082046573 vs. 2.8374501082046573
list:
dist: 2.697349078288764 vs. 2.697349078288764
list:
dist: 2.2581599316940197 vs. 2.2581599316940197
list:
dist: 1.966314795539464 vs. 1.966314795539464
list:
dist: 1.287082900724767 vs. 1.287082900724767
list:
dist: 1.5522851717705166 vs. 1.5522851717705166
list:
dist: 1.3806982366693534 vs. 1.3806982366693534
list:
dist: 0.9070707263355723 vs. 0.9070707263355723
list:
dist: 0.8671188412584148 vs. 0.8671188412584148
list:
dist: 2.01923169129828 vs. 2.01923169129828
list:
dist: 3.3052611435436403 vs. 3.3052611435436403
list:
dist: 2.156695220577644 vs. 2.156695220577644
list:
dist: 1.6488320353738029 vs. 1.6488320353738029
list:
dist: 3.8737269167298103 vs. 3.8737269167298103
list:
dist: 2.574793520968083 vs. 2.574793520968083
list:
dist: 2.2074169105173835 vs. 2.2074169105173835
list:
dist: 2.2118875164903162 vs. 2.2118875164903162
list:
dist: 2.297139107756137 vs. 2.297139107756137
list:
dist: 3.4944895912104577 vs. 3.4944895912104577
list:
dist: 3.288453186553599 vs. 3.288453186553599
list:
dist: 2.5500063843748833 vs. 2.5500063843748833
list:
dist: 2.006439054367293 vs. 2.006439054367293
list:
dist: 2.8587668385255345 vs. 2.8587668385255345
list:
dist: 2.3955895132517315 vs. 2.3955895132517315
list:
dist: 2.7447715712611083 vs. 2.7447715712611083
list:
dist: 3.462497489719083 vs. 3.462497489719083
list:
dist: 3.221780069571601 vs. 3.221780069571601
list:
dist: 3.2615784024192274 vs. 3.2615784024192274
list:
dist: 3.5988386329265243 vs. 3.5988386329265243
list:
dist: 3.3010082785293404 vs. 3.3010082785293404
list:
dist: 2.9865741798053294 vs. 2.9865741798053294
list:
dist: 1.193989664638719 vs. 1.193989664638719
list:
dist: 1.7422232461180744 vs. 1.7422232461180744
list:
dist: 1.718096345692037 vs. 1.718096345692037
list:
dist: 1.050120656213256 vs. 1.050120656213256
list:
dist: 0.8671188412584148 vs. 0.8671188412584148
list:
dist: 1.1373608026432365 vs. 1.1373608026432365
list:
dist: 2.0326324866443644 vs. 2.0326324866443644
list:
dist: 3.6143249906856068 vs. 3.6143249906856068
list:
dist: 2.5800154906095982 vs. 2.5800154906095982
list:
dist: 2.1450748875848302 vs. 2.1450748875848302
list:
dist: 4.015746873208775 vs. 4.015746873208775
list:
dist: 2.508667494732406 vs. 2.508667494732406
list:
dist: 1.7601425619041124 vs. 1.7601425619041124
list:
dist: 1.9368495315174818 vs. 1.9368495315174818
list:
dist: 2.19631796529731 vs. 2.19631796529731
list:
dist: 3.1264259175381692 vs. 3.1264259175381692
list:
dist: 2.855322769425363 vs. 2.855322769425363
list:
dist: 3.2781119786250685 vs. 3.2781119786250685
list:
dist: 4.020855074282606 vs. 4.020855074282606
list:
dist: 3.049008502826981 vs. 3.049008502826981
list:
dist: 3.452816727467675 vs. 3.452816727467675
list:
dist: 4.057359320836184 vs. 4.057359320836184
list:
dist: 3.272865563444031 vs. 3.272865563444031
list:
dist: 3.1325357270106227 vs. 3.1325357270106227
list:
dist: 3.20957853536626 vs. 3.20957853536626
list:
dist: 2.329346491461009 vs. 2.329346491461009
list:
dist: 2.8786448937492115 vs. 2.8786448937492115
list:
dist: 1.6929668860381695 vs. 1.6929668860381695
list:
dist: 1.0762643537348404 vs. 1.0762643537348404
list:
dist: 1.4739497271033464 vs. 1.4739497271033464
list:
dist: 2.574793520968083 vs. 2.574793520968083
list:
dist: 2.273460213366785 vs. 2.273460213366785
list:
dist: 2.508667494732406 vs. 2.508667494732406
list:
dist: 1.4388811963657917 vs. 1.4388811963657917
list:
dist: 2.2549798169434205 vs. 2.2549798169434205
list:
dist: 1.4286881117359256 vs. 1.4286881117359256
list:
dist: 1.6463462037099788 vs. 1.6463462037099788
list:
dist: 1.6636170979182527 vs. 1.6636170979182527
list:
dist: 1.914601675380956 vs. 1.914601675380956
list:
dist: 1.1700678291358826 vs. 1.1700678291358826
list:
dist: 0.9228242420748793 vs. 0.9228242420748793
list:
dist: 1.366118422256407 vs. 1.366118422256407
list:
dist: 3.099459381966162 vs. 3.099459381966162
list:
dist: 1.800955821066047 vs. 1.800955821066047
list:
dist: 1.0964678353657866 vs. 1.0964678353657866
list:
dist: 1.2607857256239918 vs. 1.2607857256239918
list:
dist: 2.297139107756137 vs. 2.297139107756137
list:
dist: 2.3314819145310675 vs. 2.3314819145310675
list:
dist: 2.19631796529731 vs. 2.19631796529731
list:
dist: 1.9876731624000226 vs. 1.9876731624000226
list:
dist: 1.8825053406119714 vs. 1.8825053406119714
list:
dist: 1.60659097789231 vs. 1.60659097789231
list:
dist: 1.551619537413724 vs. 1.551619537413724
list:
dist: 2.0264660701393726 vs. 2.0264660701393726
list:
dist: 0.9228242420748793 vs. 0.9228242420748793
list:
dist: 1.1820292019331036 vs. 1.1820292019331036
list:
dist: 0.48607407540907543 vs. 0.48607407540907543
list:
dist: 1.4945464160354696 vs. 1.4945464160354696
list:
dist: 4.359225521771427 vs. 4.359225521771427
list:
dist: 3.2476804901550387 vs. 3.2476804901550387
list:
dist: 3.8148031111262983 vs. 3.8148031111262983
list:
dist: 4.461179138474993 vs. 4.461179138474993
list:
dist: 3.1411225518821135 vs. 3.1411225518821135
list:
dist: 3.4553969710948773 vs. 3.4553969710948773
list:
dist: 3.9660213505940596 vs. 3.9660213505940596
list:
dist: 2.9892892991222926 vs. 2.9892892991222926
list:
dist: 2.532159294661813 vs. 2.532159294661813
list:
dist: 2.4203972180468094 vs. 2.4203972180468094
list:
dist: 1.7946059398241632 vs. 1.7946059398241632
list:
dist: 3.153634030213668 vs. 3.153634030213668
list:
dist: 2.6399952269504223 vs. 2.6399952269504223
list:
dist: 2.2729201170453273 vs. 2.2729201170453273
list:
dist: 2.907529343767806 vs. 2.907529343767806
list:
dist: 3.3052611435436403 vs. 3.3052611435436403
list:
dist: 3.535185504988477 vs. 3.535185504988477
list:
dist: 3.6143249906856068 vs. 3.6143249906856068
list:
dist: 3.280541434098193 vs. 3.280541434098193
list:
dist: 1.8205563105890143 vs. 1.8205563105890143
list:
dist: 1.9139254535111303 vs. 1.9139254535111303
list:
dist: 1.7540383101201047 vs. 1.7540383101201047
list:
dist: 2.2549798169434205 vs. 2.2549798169434205
list:
dist: 2.77068453128447 vs. 2.77068453128447
list:
dist: 2.317162008352422 vs. 2.317162008352422
list:
dist: 1.8825053406119714 vs. 1.8825053406119714
list:
dist: 2.942632497437745 vs. 2.942632497437745
list:
dist: 2.8983952126845316 vs. 2.8983952126845316
list:
dist: 1.6565837075485528 vs. 1.6565837075485528
list:
dist: 1.3618151592619103 vs. 1.3618151592619103
list:
dist: 2.1300396886331763 vs. 2.1300396886331763
list:
dist: 1.766151417852638 vs. 1.766151417852638
list:
dist: 2.0970359194386354 vs. 2.0970359194386354
list:
dist: 2.7279349774601847 vs. 2.7279349774601847
list:
dist: 2.5067297008009675 vs. 2.5067297008009675
list:
dist: 2.6764903887702074 vs. 2.6764903887702074
list:
dist: 3.0030445019853236 vs. 3.0030445019853236
list:
dist: 2.7015107689446487 vs. 2.7015107689446487
list:
dist: 2.0606165790362376 vs. 2.0606165790362376
list:
dist: 2.0423292286191908 vs. 2.0423292286191908
list:
dist: 1.0100142412870838 vs. 1.0100142412870838
list:
dist: 1.3818313055789229 vs. 1.3818313055789229
list:
dist: 1.2784738995125895 vs. 1.2784738995125895
list:
dist: 0.9070707263355723 vs. 0.9070707263355723
list:
dist: 1.1373608026432365 vs. 1.1373608026432365
list:
dist: 1.279891377893922 vs. 1.279891377893922
list:
dist: 3.535185504988477 vs. 3.535185504988477
list:
dist: 2.0203961556954635 vs. 2.0203961556954635
list:
dist: 1.7061878828498838 vs. 1.7061878828498838
list:
dist: 3.6803500905508115 vs. 3.6803500905508115
list:
dist: 2.273460213366785 vs. 2.273460213366785
list:
dist: 2.454168265097633 vs. 2.454168265097633
list:
dist: 2.264382782214238 vs. 2.264382782214238
list:
dist: 2.3314819145310675 vs. 2.3314819145310675
list:
dist: 3.272228153251166 vs. 3.272228153251166
list:
dist: 3.4854151207760697 vs. 3.4854151207760697
list:
dist: 1.9468811195356448 vs. 1.9468811195356448
list:
dist: 2.2369010172975448 vs. 2.2369010172975448
list:
dist: 3.0232334588326495 vs. 3.0232334588326495
list:
dist: 2.041700545278889 vs. 2.041700545278889
list:
dist: 2.4596970317698297 vs. 2.4596970317698297
list:
dist: 3.1225123225478466 vs. 3.1225123225478466
list:
dist: 2.4384317017977137 vs. 2.4384317017977137
list:
dist: 2.353186801157833 vs. 2.353186801157833
list:
dist: 2.54208871719303 vs. 2.54208871719303
list:
dist: 1.8820193293302019 vs. 1.8820193293302019
list:
dist: 2.105535794025737 vs. 2.105535794025737
list:
dist: 2.789935603694924 vs. 2.789935603694924
list:
dist: 0.7184747808533072 vs. 0.7184747808533072
list:
dist: 0.9234197649577602 vs. 0.9234197649577602
list:
dist: 1.5522851717705166 vs. 1.5522851717705166
list:
dist: 1.3818313055789229 vs. 1.3818313055789229
list:
dist: 1.718096345692037 vs. 1.718096345692037
list:
dist: 1.1653569965544914 vs. 1.1653569965544914
list:
dist: 2.2729201170453273 vs. 2.2729201170453273
list:
dist: 0.9732888262499415 vs. 0.9732888262499415
list:
dist: 0.8145373930670651 vs. 0.8145373930670651
list:
dist: 2.367483258092474 vs. 2.367483258092474
list:
dist: 1.0762643537348404 vs. 1.0762643537348404
list:
dist: 1.7884246706045661 vs. 1.7884246706045661
list:
dist: 1.260739259787181 vs. 1.260739259787181
list:
dist: 1.0964678353657866 vs. 1.0964678353657866
list:
dist: 2.2546694035629193 vs. 2.2546694035629193
list:
dist: 3.7662124925162344 vs. 3.7662124925162344
list:
dist: 2.5160281527891133 vs. 2.5160281527891133
list:
dist: 2.4198716628151895 vs. 2.4198716628151895
list:
dist: 3.2798065314785205 vs. 3.2798065314785205
list:
dist: 2.51543168885436 vs. 2.51543168885436
list:
dist: 2.9282659043641774 vs. 2.9282659043641774
list:
dist: 3.6430522116779147 vs. 3.6430522116779147
list:
dist: 3.1306611133322844 vs. 3.1306611133322844
list:
dist: 3.0853093481650387 vs. 3.0853093481650387
list:
dist: 3.3339412707505547 vs. 3.3339412707505547
list:
dist: 2.7736135251080505 vs. 2.7736135251080505
list:
dist: 2.806166074065509 vs. 2.806166074065509
list:
dist: 1.953817200720419 vs. 1.953817200720419
list:
dist: 1.3334115014522236 vs. 1.3334115014522236
list:
dist: 0.9234197649577602 vs. 0.9234197649577602
list:
dist: 1.3806982366693534 vs. 1.3806982366693534
list:
dist: 1.2784738995125895 vs. 1.2784738995125895
list:
dist: 1.050120656213256 vs. 1.050120656213256
list:
dist: 1.3951290926686033 vs. 1.3951290926686033
list:
dist: 2.907529343767806 vs. 2.907529343767806
list:
dist: 1.8944541801375347 vs. 1.8944541801375347
list:
dist: 1.625048055948365 vs. 1.625048055948365
list:
dist: 3.034841021897071 vs. 3.034841021897071
list:
dist: 1.4739497271033464 vs. 1.4739497271033464
list:
dist: 1.2414721845423065 vs. 1.2414721845423065
list:
dist: 1.0406515479429586 vs. 1.0406515479429586
list:
dist: 1.2607857256239918 vs. 1.2607857256239918
list:
dist: 2.149236495787455 vs. 2.149236495787455
list:
dist: 3.6012255156841015 vs. 3.6012255156841015
list:
dist: 4.340030669983739 vs. 4.340030669983739
list:
dist: 4.950504684266262 vs. 4.950504684266262
list:
dist: 3.8089605352830396 vs. 3.8089605352830396
list:
dist: 4.145653686363865 vs. 4.145653686363865
list:
dist: 4.599986752653042 vs. 4.599986752653042
list:
dist: 3.6269744025793287 vs. 3.6269744025793287
list:
dist: 3.3456922065840966 vs. 3.3456922065840966
list:
dist: 3.2112360454451223 vs. 3.2112360454451223
list:
dist: 2.258041730269045 vs. 2.258041730269045
list:
dist: 3.397748562059279 vs. 3.397748562059279
list:
dist: 2.8105783508905398 vs. 2.8105783508905398
list:
dist: 2.367483258092474 vs. 2.367483258092474
list:
dist: 3.034841021897071 vs. 3.034841021897071
list:
dist: 3.8737269167298103 vs. 3.8737269167298103
list:
dist: 3.6803500905508115 vs. 3.6803500905508115
list:
dist: 4.015746873208775 vs. 4.015746873208775
list:
dist: 2.8238127522521945 vs. 2.8238127522521945
list:
dist: 1.7540383101201047 vs. 1.7540383101201047
list:
dist: 1.9335515974719286 vs. 1.9335515974719286
list:
dist: 2.3953373684134847 vs. 2.3953373684134847
list:
dist: 1.6636170979182527 vs. 1.6636170979182527
list:
dist: 3.1726468771119216 vs. 3.1726468771119216
list:
dist: 2.461216310673667 vs. 2.461216310673667
list:
dist: 2.0264660701393726 vs. 2.0264660701393726
list:
dist: 2.2391298196853144 vs. 2.2391298196853144
list:
dist: 3.642290838258353 vs. 3.642290838258353
list:
dist: 2.9381175822470817 vs. 2.9381175822470817
list:
dist: 2.2546694035629193 vs. 2.2546694035629193
list:
dist: 2.149236495787455 vs. 2.149236495787455
list:
dist: 3.4944895912104577 vs. 3.4944895912104577
list:
dist: 3.272228153251166 vs. 3.272228153251166
list:
dist: 3.1264259175381692 vs. 3.1264259175381692
list:
dist: 2.503208975618678 vs. 2.503208975618678
list:
dist: 2.942632497437745 vs. 2.942632497437745
list:
dist: 2.7476489324016837 vs. 2.7476489324016837
list:
dist: 2.8859205947528923 vs. 2.8859205947528923
list:
dist: 2.2391298196853144 vs. 2.2391298196853144
list:
dist: 1.366118422256407 vs. 1.366118422256407
list:
dist: 1.9039642076352816 vs. 1.9039642076352816
list:
dist: 1.4328089112230082 vs. 1.4328089112230082
list:
dist: 1.4945464160354696 vs. 1.4945464160354696
list:
dist: 2.719908106904567 vs. 2.719908106904567
list:
dist: 1.9471006265242432 vs. 1.9471006265242432
list:
dist: 1.260739259787181 vs. 1.260739259787181
list:
dist: 1.0406515479429586 vs. 1.0406515479429586
list:
dist: 2.2118875164903162 vs. 2.2118875164903162
list:
dist: 2.264382782214238 vs. 2.264382782214238
list:
dist: 1.9368495315174818 vs. 1.9368495315174818
list:
dist: 2.0294761069851694 vs. 2.0294761069851694
list:
dist: 2.317162008352422 vs. 2.317162008352422
list:
dist: 1.977462659558556 vs. 1.977462659558556
list:
dist: 1.8402569916836602 vs. 1.8402569916836602
list:
dist: 2.461216310673667 vs. 2.461216310673667
list:
dist: 1.1700678291358826 vs. 1.1700678291358826
list:
dist: 0.7568893962474591 vs. 0.7568893962474591
list:
dist: 0.48607407540907543 vs. 0.48607407540907543
list:
dist: 1.4328089112230082 vs. 1.4328089112230082
list:
dist: 2.35313765740875 vs. 2.35313765740875
list:
dist: 2.3697383610058553 vs. 2.3697383610058553
list:
dist: 1.7884246706045661 vs. 1.7884246706045661
list:
dist: 1.2414721845423065 vs. 1.2414721845423065
list:
dist: 2.2074169105173835 vs. 2.2074169105173835
list:
dist: 2.454168265097633 vs. 2.454168265097633
list:
dist: 1.7601425619041124 vs. 1.7601425619041124
list:
dist: 2.5352654370815273 vs. 2.5352654370815273
list:
dist: 2.77068453128447 vs. 2.77068453128447
list:
dist: 2.5779290486988344 vs. 2.5779290486988344
list:
dist: 2.306045056369665 vs. 2.306045056369665
list:
dist: 3.1726468771119216 vs. 3.1726468771119216
list:
dist: 1.914601675380956 vs. 1.914601675380956
list:
dist: 0.7568893962474591 vs. 0.7568893962474591
list:
dist: 1.1820292019331036 vs. 1.1820292019331036
list:
dist: 1.9039642076352816 vs. 1.9039642076352816
list:
dist: 2.9152923144048724 vs. 2.9152923144048724
list:
dist: 1.9010624732563992 vs. 1.9010624732563992
list:
dist: 2.7358989403803067 vs. 2.7358989403803067
list:
dist: 0.6523495945357421 vs. 0.6523495945357421
list:
dist: 1.611403520871706 vs. 1.611403520871706
list:
dist: 2.0350380455231085 vs. 2.0350380455231085
list:
dist: 2.335706459525184 vs. 2.335706459525184
list:
dist: 2.609055614653449 vs. 2.609055614653449
list:
dist: 3.5013426806552443 vs. 3.5013426806552443
list:
dist: 2.25804039944093 vs. 2.25804039944093
list:
dist: 3.8975800625199377 vs. 3.8975800625199377
list:
dist: 3.4542304617759387 vs. 3.4542304617759387
list:
dist: 1.6270149868733947 vs. 1.6270149868733947
list:
dist: 1.554352057814794 vs. 1.554352057814794
list:
dist: 2.384237856105196 vs. 2.384237856105196
list:
dist: 1.7315089835805701 vs. 1.7315089835805701
list:
dist: 2.168530551544348 vs. 2.168530551544348
list:
dist: 1.6833962726394727 vs. 1.6833962726394727
list:
dist: 1.9010624732563992 vs. 1.9010624732563992
list:
dist: 2.3098665692967915 vs. 2.3098665692967915
list:
dist: 2.005534868790146 vs. 2.005534868790146
list:
dist: 1.909590830770477 vs. 1.909590830770477
list:
dist: 2.5407744976478788 vs. 2.5407744976478788
list:
dist: 2.7915534601543253 vs. 2.7915534601543253
list:
dist: 3.0424555391910206 vs. 3.0424555391910206
list:
dist: 2.683641849811353 vs. 2.683641849811353
list:
dist: 3.265179023292245 vs. 3.265179023292245
list:
dist: 3.1327077183822216 vs. 3.1327077183822216
list:
dist: 1.6309284540573183 vs. 1.6309284540573183
list:
dist: 2.493156087924857 vs. 2.493156087924857
list:
dist: 3.0530139461983885 vs. 3.0530139461983885
list:
dist: 2.6691478036486638 vs. 2.6691478036486638
list:
dist: 2.6216284317220007 vs. 2.6216284317220007
list:
dist: 2.493156087924857 vs. 2.493156087924857
list:
dist: 2.6098739730912563 vs. 2.6098739730912563
list:
dist: 1.554352057814794 vs. 1.554352057814794
list:
dist: 1.9675324829192022 vs. 1.9675324829192022
list:
dist: 1.4077522981351849 vs. 1.4077522981351849
list:
dist: 1.2102382281882382 vs. 1.2102382281882382
list:
dist: 1.072895971770788 vs. 1.072895971770788
list:
dist: 1.3702437131164387 vs. 1.3702437131164387
list:
dist: 2.345624455764392 vs. 2.345624455764392
list:
dist: 0.9913326667384529 vs. 0.9913326667384529
list:
dist: 2.8098027378885697 vs. 2.8098027378885697
list:
dist: 2.4600367180646536 vs. 2.4600367180646536
list:
dist: 1.3981181579046276 vs. 1.3981181579046276
list:
dist: 0.9576158470915398 vs. 0.9576158470915398
list:
dist: 1.183401855363602 vs. 1.183401855363602
list:
dist: 3.283668317610353 vs. 3.283668317610353
list:
dist: 2.1652358592672054 vs. 2.1652358592672054
list:
dist: 2.8576071626287 vs. 2.8576071626287
list:
dist: 1.8691257506889087 vs. 1.8691257506889087
list:
dist: 3.1900423453882905 vs. 3.1900423453882905
list:
dist: 1.283610984425197 vs. 1.283610984425197
list:
dist: 2.4342294928173724 vs. 2.4342294928173724
list:
dist: 2.198333743838907 vs. 2.198333743838907
list:
dist: 2.2108413227656394 vs. 2.2108413227656394
list:
dist: 2.168530551544348 vs. 2.168530551544348
list:
dist: 0.5552072468201475 vs. 0.5552072468201475
list:
dist: 2.9152923144048724 vs. 2.9152923144048724
list:
dist: 3.5587277101889563 vs. 3.5587277101889563
list:
dist: 1.5268932034431484 vs. 1.5268932034431484
list:
dist: 1.568634913133475 vs. 1.568634913133475
list:
dist: 1.942790343942213 vs. 1.942790343942213
list:
dist: 2.967158684435429 vs. 2.967158684435429
list:
dist: 2.691703528841747 vs. 2.691703528841747
list:
dist: 2.9320500013209196 vs. 2.9320500013209196
list:
dist: 2.9656943790406674 vs. 2.9656943790406674
list:
dist: 2.6216284317220007 vs. 2.6216284317220007
list:
dist: 2.4372939787085492 vs. 2.4372939787085492
list:
dist: 1.6309284540573183 vs. 1.6309284540573183
list:
dist: 2.437938579267889 vs. 2.437938579267889
list:
dist: 1.6270149868733947 vs. 1.6270149868733947
list:
dist: 1.9223045774177483 vs. 1.9223045774177483
list:
dist: 1.9956920674517837 vs. 1.9956920674517837
list:
dist: 4.9512663247146556 vs. 4.9512663247146556
list:
dist: 5.246818736826053 vs. 5.246818736826053
list:
dist: 4.568226187552626 vs. 4.568226187552626
list:
dist: 4.610399293231465 vs. 4.610399293231465
list:
dist: 4.068353034716657 vs. 4.068353034716657
list:
dist: 1.4098659775704854 vs. 1.4098659775704854
list:
dist: 1.7496780065002362 vs. 1.7496780065002362
list:
dist: 1.3799258064434248 vs. 1.3799258064434248
list:
dist: 2.1665836928253923 vs. 2.1665836928253923
list:
dist: 1.2245832878264271 vs. 1.2245832878264271
list:
dist: 2.4783257097028013 vs. 2.4783257097028013
list:
dist: 1.902824886087985 vs. 1.902824886087985
list:
dist: 1.3981181579046276 vs. 1.3981181579046276
list:
dist: 2.132611276019925 vs. 2.132611276019925
list:
dist: 1.1571966070243143 vs. 1.1571966070243143
list:
dist: 4.184174395016701 vs. 4.184174395016701
list:
dist: 3.9732919524537658 vs. 3.9732919524537658
list:
dist: 2.910074240955065 vs. 2.910074240955065
list:
dist: 4.487583324410788 vs. 4.487583324410788
list:
dist: 5.626979829604994 vs. 5.626979829604994
list:
dist: 3.501666576298513 vs. 3.501666576298513
list:
dist: 2.6045134093486846 vs. 2.6045134093486846
list:
dist: 2.995109420449433 vs. 2.995109420449433
list:
dist: 2.191007509769795 vs. 2.191007509769795
list:
dist: 3.4103475955549962 vs. 3.4103475955549962
list:
dist: 4.895173733194965 vs. 4.895173733194965
list:
dist: 4.747598367581511 vs. 4.747598367581511
list:
dist: 2.187574313482388 vs. 2.187574313482388
list:
dist: 3.0697266946810977 vs. 3.0697266946810977
list:
dist: 2.3052387600933146 vs. 2.3052387600933146
list:
dist: 2.7093842381895903 vs. 2.7093842381895903
list:
dist: 3.7112502899771083 vs. 3.7112502899771083
list:
dist: 3.5587277101889563 vs. 3.5587277101889563
list:
dist: 2.3098665692967915 vs. 2.3098665692967915
list:
dist: 3.3525486527146033 vs. 3.3525486527146033
list:
dist: 0.6523495945357421 vs. 0.6523495945357421
list:
dist: 2.2552238380401786 vs. 2.2552238380401786
list:
dist: 2.6105009917241215 vs. 2.6105009917241215
list:
dist: 2.8717697095637917 vs. 2.8717697095637917
list:
dist: 2.9387295010480585 vs. 2.9387295010480585
list:
dist: 3.9431175635774895 vs. 3.9431175635774895
list:
dist: 2.577104405213127 vs. 2.577104405213127
list:
dist: 4.324506371999534 vs. 4.324506371999534
list:
dist: 3.731079210412024 vs. 3.731079210412024
list:
dist: 1.9223045774177483 vs. 1.9223045774177483
list:
dist: 1.9675324829192022 vs. 1.9675324829192022
list:
dist: 2.863487410766848 vs. 2.863487410766848
list:
dist: 1.7899844102804423 vs. 1.7899844102804423
list:
dist: 1.942790343942213 vs. 1.942790343942213
list:
dist: 2.5407744976478788 vs. 2.5407744976478788
list:
dist: 2.0337205709239 vs. 2.0337205709239
list:
dist: 2.335706459525184 vs. 2.335706459525184
list:
dist: 2.8717697095637917 vs. 2.8717697095637917
list:
dist: 1.371764948225564 vs. 1.371764948225564
list:
dist: 0.6464596503736119 vs. 0.6464596503736119
list:
dist: 1.273320142211498 vs. 1.273320142211498
list:
dist: 1.6069261690777508 vs. 1.6069261690777508
list:
dist: 1.1820437552047336 vs. 1.1820437552047336
list:
dist: 2.082561753511999 vs. 2.082561753511999
list:
dist: 2.197086057698448 vs. 2.197086057698448
list:
dist: 1.7496780065002362 vs. 1.7496780065002362
list:
dist: 1.072895971770788 vs. 1.072895971770788
list:
dist: 0.71582510477066 vs. 0.71582510477066
list:
dist: 2.0173264972631566 vs. 2.0173264972631566
list:
dist: 3.4239528717349255 vs. 3.4239528717349255
list:
dist: 2.8025954383043357 vs. 2.8025954383043357
list:
dist: 2.338003381275676 vs. 2.338003381275676
list:
dist: 2.835431371070384 vs. 2.835431371070384
list:
dist: 1.973956686357174 vs. 1.973956686357174
list:
dist: 2.3445596784477654 vs. 2.3445596784477654
list:
dist: 1.3572316665686825 vs. 1.3572316665686825
list:
dist: 2.826580757603808 vs. 2.826580757603808
list:
dist: 1.6768830259436067 vs. 1.6768830259436067
list:
dist: 2.3238576674712066 vs. 2.3238576674712066
list:
dist: 2.3926130079030616 vs. 2.3926130079030616
list:
dist: 2.4518768398319324 vs. 2.4518768398319324
list:
dist: 2.9320500013209196 vs. 2.9320500013209196
list:
dist: 2.683641849811353 vs. 2.683641849811353
list:
dist: 2.847712730086759 vs. 2.847712730086759
list:
dist: 2.25804039944093 vs. 2.25804039944093
list:
dist: 2.577104405213127 vs. 2.577104405213127
list:
dist: 2.1409764841253955 vs. 2.1409764841253955
list:
dist: 1.3701734806413646 vs. 1.3701734806413646
list:
dist: 1.1820437552047336 vs. 1.1820437552047336
list:
dist: 0.4156694582823801 vs. 0.4156694582823801
list:
dist: 1.6317926146349848 vs. 1.6317926146349848
list:
dist: 2.051429281726533 vs. 2.051429281726533
list:
dist: 1.5080083095726158 vs. 1.5080083095726158
list:
dist: 1.2245832878264271 vs. 1.2245832878264271
list:
dist: 0.9913326667384529 vs. 0.9913326667384529
list:
dist: 1.3451109758381774 vs. 1.3451109758381774
list:
dist: 1.0880644611612265 vs. 1.0880644611612265
list:
dist: 3.5865542504392907 vs. 3.5865542504392907
list:
dist: 3.240340830618395 vs. 3.240340830618395
list:
dist: 2.3382400449399543 vs. 2.3382400449399543
list:
dist: 2.4738330316876156 vs. 2.4738330316876156
list:
dist: 1.433363936400453 vs. 1.433363936400453
list:
dist: 2.026634795113593 vs. 2.026634795113593
list:
dist: 1.1440113624065076 vs. 1.1440113624065076
list:
dist: 2.367331137114599 vs. 2.367331137114599
list:
dist: 1.0859220593934973 vs. 1.0859220593934973
list:
dist: 1.8617634825362228 vs. 1.8617634825362228
list:
dist: 1.3713126158412707 vs. 1.3713126158412707
list:
dist: 1.6167052298304718 vs. 1.6167052298304718
list:
dist: 3.1327077183822216 vs. 3.1327077183822216
list:
dist: 3.3072609308621304 vs. 3.3072609308621304
list:
dist: 3.4542304617759387 vs. 3.4542304617759387
list:
dist: 3.731079210412024 vs. 3.731079210412024
list:
dist: 3.286901656603462 vs. 3.286901656603462
list:
dist: 4.1682228179870195 vs. 4.1682228179870195
list:
dist: 4.195685439257675 vs. 4.195685439257675
list:
dist: 3.3717562471438267 vs. 3.3717562471438267
list:
dist: 3.4015808950142787 vs. 3.4015808950142787
list:
dist: 3.353168701974277 vs. 3.353168701974277
list:
dist: 2.232207101935556 vs. 2.232207101935556
list:
dist: 2.197086057698448 vs. 2.197086057698448
list:
dist: 1.1315713041608157 vs. 1.1315713041608157
list:
dist: 1.1370449680615957 vs. 1.1370449680615957
list:
dist: 1.5080083095726158 vs. 1.5080083095726158
list:
dist: 1.1770550052838016 vs. 1.1770550052838016
list:
dist: 1.902824886087985 vs. 1.902824886087985
list:
dist: 2.4600367180646536 vs. 2.4600367180646536
list:
dist: 2.6134643131460153 vs. 2.6134643131460153
list:
dist: 2.2067848790010176 vs. 2.2067848790010176
list:
dist: 2.675349581664643 vs. 2.675349581664643
list:
dist: 2.8065701729896797 vs. 2.8065701729896797
list:
dist: 1.4573280481043338 vs. 1.4573280481043338
list:
dist: 2.970334346474623 vs. 2.970334346474623
list:
dist: 4.086671016715975 vs. 4.086671016715975
list:
dist: 1.9683880508000797 vs. 1.9683880508000797
list:
dist: 1.6795625653004844 vs. 1.6795625653004844
list:
dist: 1.4949114178905858 vs. 1.4949114178905858
list:
dist: 1.3747040216929378 vs. 1.3747040216929378
list:
dist: 1.9115227602013491 vs. 1.9115227602013491
list:
dist: 3.32244636296109 vs. 3.32244636296109
list:
dist: 3.4240220798644607 vs. 3.4240220798644607
list:
dist: 2.293148009088435 vs. 2.293148009088435
list:
dist: 2.2463522686904502 vs. 2.2463522686904502
list:
dist: 1.5363500319091656 vs. 1.5363500319091656
list:
dist: 2.14803363980364 vs. 2.14803363980364
list:
dist: 2.782215131400827 vs. 2.782215131400827
list:
dist: 1.5268932034431484 vs. 1.5268932034431484
list:
dist: 2.005534868790146 vs. 2.005534868790146
list:
dist: 1.606440143973504 vs. 1.606440143973504
list:
dist: 1.611403520871706 vs. 1.611403520871706
list:
dist: 2.2552238380401786 vs. 2.2552238380401786
list:
dist: 1.1067189475253825 vs. 1.1067189475253825
list:
dist: 1.371764948225564 vs. 1.371764948225564
list:
dist: 2.3815710392077483 vs. 2.3815710392077483
list:
dist: 2.8032003084919506 vs. 2.8032003084919506
list:
dist: 2.1409764841253955 vs. 2.1409764841253955
list:
dist: 3.2280932867038885 vs. 3.2280932867038885
list:
dist: 3.286901656603462 vs. 3.286901656603462
list:
dist: 1.9956920674517837 vs. 1.9956920674517837
list:
dist: 1.4077522981351849 vs. 1.4077522981351849
list:
dist: 1.5411481015907988 vs. 1.5411481015907988
list:
dist: 2.4065513568704002 vs. 2.4065513568704002
list:
dist: 2.691703528841747 vs. 2.691703528841747
list:
dist: 3.0424555391910206 vs. 3.0424555391910206
list:
dist: 2.62563518839114 vs. 2.62563518839114
list:
dist: 3.5013426806552443 vs. 3.5013426806552443
list:
dist: 3.9431175635774895 vs. 3.9431175635774895
list:
dist: 2.8032003084919506 vs. 2.8032003084919506
list:
dist: 1.7146333951613746 vs. 1.7146333951613746
list:
dist: 1.6069261690777508 vs. 1.6069261690777508
list:
dist: 1.272480474605533 vs. 1.272480474605533
list:
dist: 1.6317926146349848 vs. 1.6317926146349848
list:
dist: 0.4876095683420971 vs. 0.4876095683420971
list:
dist: 1.1370449680615957 vs. 1.1370449680615957
list:
dist: 2.1665836928253923 vs. 2.1665836928253923
list:
dist: 2.345624455764392 vs. 2.345624455764392
list:
dist: 2.1370934562243695 vs. 2.1370934562243695
list:
dist: 2.6430222029382446 vs. 2.6430222029382446
list:
dist: 2.0435046216151056 vs. 2.0435046216151056
list:
dist: 1.8704469008536428 vs. 1.8704469008536428
list:
dist: 0.7976707927937262 vs. 0.7976707927937262
list:
dist: 1.9260272017321423 vs. 1.9260272017321423
list:
dist: 1.7269357362353883 vs. 1.7269357362353883
list:
dist: 1.3459485976280352 vs. 1.3459485976280352
list:
dist: 1.0083406919606568 vs. 1.0083406919606568
list:
dist: 1.9918281198370165 vs. 1.9918281198370165
list:
dist: 2.363074464893707 vs. 2.363074464893707
list:
dist: 2.2618596982863126 vs. 2.2618596982863126
list:
dist: 2.1553518527139124 vs. 2.1553518527139124
list:
dist: 2.513613016077172 vs. 2.513613016077172
list:
dist: 2.6978844376317697 vs. 2.6978844376317697
list:
dist: 2.3926130079030616 vs. 2.3926130079030616
list:
dist: 1.2676381026090273 vs. 1.2676381026090273
list:
dist: 2.1553518527139124 vs. 2.1553518527139124
list:
dist: 1.3713126158412707 vs. 1.3713126158412707
list:
dist: 2.405236279377741 vs. 2.405236279377741
list:
dist: 1.5363500319091656 vs. 1.5363500319091656
list:
dist: 2.3052387600933146 vs. 2.3052387600933146
list:
dist: 2.198333743838907 vs. 2.198333743838907
list:
dist: 2.372552874118806 vs. 2.372552874118806
list:
dist: 1.749652364533288 vs. 1.749652364533288
list:
dist: 1.83770443103767 vs. 1.83770443103767
list:
dist: 0.9948592073922627 vs. 0.9948592073922627
list:
dist: 1.6668858914462534 vs. 1.6668858914462534
list:
dist: 1.469998089014187 vs. 1.469998089014187
list:
dist: 1.617595161209869 vs. 1.617595161209869
list:
dist: 3.67300465211054 vs. 3.67300465211054
list:
dist: 3.8630500067183613 vs. 3.8630500067183613
list:
dist: 1.3268312720851565 vs. 1.3268312720851565
list:
dist: 1.2775251003049684 vs. 1.2775251003049684
list:
dist: 0.7154477209208356 vs. 0.7154477209208356
list:
dist: 1.820155168572872 vs. 1.820155168572872
list:
dist: 4.109333804957592 vs. 4.109333804957592
list:
dist: 2.967158684435429 vs. 2.967158684435429
list:
dist: 2.7915534601543253 vs. 2.7915534601543253
list:
dist: 2.8729148065178376 vs. 2.8729148065178376
list:
dist: 2.609055614653449 vs. 2.609055614653449
list:
dist: 2.9387295010480585 vs. 2.9387295010480585
list:
dist: 2.3815710392077483 vs. 2.3815710392077483
list:
dist: 1.4622917259681023 vs. 1.4622917259681023
list:
dist: 1.273320142211498 vs. 1.273320142211498
list:
dist: 1.272480474605533 vs. 1.272480474605533
list:
dist: 0.4156694582823801 vs. 0.4156694582823801
list:
dist: 1.6677567447657733 vs. 1.6677567447657733
list:
dist: 1.1315713041608157 vs. 1.1315713041608157
list:
dist: 1.3799258064434248 vs. 1.3799258064434248
list:
dist: 1.3702437131164387 vs. 1.3702437131164387
list:
dist: 1.549286423946493 vs. 1.549286423946493
list:
dist: 1.4185591115511187 vs. 1.4185591115511187
list:
dist: 3.2041441881080512 vs. 3.2041441881080512
list:
dist: 2.92904007950195 vs. 2.92904007950195
list:
dist: 1.946379018793927 vs. 1.946379018793927
list:
dist: 2.158663240446317 vs. 2.158663240446317
list:
dist: 1.2499566995259799 vs. 1.2499566995259799
list:
dist: 1.6774518947744763 vs. 1.6774518947744763
list:
dist: 0.8652751737955501 vs. 0.8652751737955501
list:
dist: 2.069146179589151 vs. 2.069146179589151
list:
dist: 1.304924617017825 vs. 1.304924617017825
list:
dist: 1.7625784003716778 vs. 1.7625784003716778
list:
dist: 1.2676381026090273 vs. 1.2676381026090273
list:
dist: 1.6176855521739515 vs. 1.6176855521739515
list:
dist: 3.2606975139444283 vs. 3.2606975139444283
list:
dist: 2.835431371070384 vs. 2.835431371070384
list:
dist: 2.158663240446317 vs. 2.158663240446317
list:
dist: 1.9260272017321423 vs. 1.9260272017321423
list:
dist: 2.4738330316876156 vs. 2.4738330316876156
list:
dist: 1.965151277819919 vs. 1.965151277819919
list:
dist: 1.9683880508000797 vs. 1.9683880508000797
list:
dist: 3.501666576298513 vs. 3.501666576298513
list:
dist: 3.283668317610353 vs. 3.283668317610353
list:
dist: 2.9139037982699034 vs. 2.9139037982699034
list:
dist: 3.352596513943257 vs. 3.352596513943257
list:
dist: 2.199230349858436 vs. 2.199230349858436
list:
dist: 2.1338629382099716 vs. 2.1338629382099716
list:
dist: 1.6820694117202126 vs. 1.6820694117202126
list:
dist: 1.2074824277306986 vs. 1.2074824277306986
list:
dist: 0.584462966450617 vs. 0.584462966450617
list:
dist: 1.5031942046773212 vs. 1.5031942046773212
list:
dist: 0.2637855122628543 vs. 0.2637855122628543
list:
dist: 2.4391823436362468 vs. 2.4391823436362468
list:
dist: 1.347152684485108 vs. 1.347152684485108
list:
dist: 1.83770443103767 vs. 1.83770443103767
list:
dist: 1.9054542251414626 vs. 1.9054542251414626
list:
dist: 1.7764842591601366 vs. 1.7764842591601366
list:
dist: 1.3572316665686825 vs. 1.3572316665686825
list:
dist: 0.8652751737955501 vs. 0.8652751737955501
list:
dist: 1.0083406919606568 vs. 1.0083406919606568
list:
dist: 1.1440113624065076 vs. 1.1440113624065076
list:
dist: 1.405832766098266 vs. 1.405832766098266
list:
dist: 1.3747040216929378 vs. 1.3747040216929378
list:
dist: 2.191007509769795 vs. 2.191007509769795
list:
dist: 1.8691257506889087 vs. 1.8691257506889087
list:
dist: 1.5532720338800883 vs. 1.5532720338800883
list:
dist: 2.199295598304758 vs. 2.199295598304758
list:
dist: 2.5932878579036673 vs. 2.5932878579036673
list:
dist: 2.1911966787926254 vs. 2.1911966787926254
list:
dist: 1.4812774317506392 vs. 1.4812774317506392
list:
dist: 1.5031942046773212 vs. 1.5031942046773212
list:
dist: 0.8085318623923482 vs. 0.8085318623923482
list:
dist: 1.0159902682899284 vs. 1.0159902682899284
list:
dist: 1.482838719902234 vs. 1.482838719902234
list:
dist: 1.4620089859340293 vs. 1.4620089859340293
list:
dist: 1.3097915366380175 vs. 1.3097915366380175
list:
dist: 1.469998089014187 vs. 1.469998089014187
list:
dist: 1.6143880757070352 vs. 1.6143880757070352
list:
dist: 2.6691478036486638 vs. 2.6691478036486638
list:
dist: 3.3568568707813706 vs. 3.3568568707813706
list:
dist: 1.7315089835805701 vs. 1.7315089835805701
list:
dist: 1.7899844102804423 vs. 1.7899844102804423
list:
dist: 2.4065513568704002 vs. 2.4065513568704002
list:
dist: 2.0207537367563733 vs. 2.0207537367563733
list:
dist: 2.0173264972631566 vs. 2.0173264972631566
list:
dist: 1.4185591115511187 vs. 1.4185591115511187
list:
dist: 2.6430222029382446 vs. 2.6430222029382446
list:
dist: 1.0880644611612265 vs. 1.0880644611612265
list:
dist: 3.0126051316393605 vs. 3.0126051316393605
list:
dist: 2.2067848790010176 vs. 2.2067848790010176
list:
dist: 1.1571966070243143 vs. 1.1571966070243143
list:
dist: 1.183401855363602 vs. 1.183401855363602
list:
dist: 2.0174281491236017 vs. 2.0174281491236017
list:
dist: 3.352596513943257 vs. 3.352596513943257
list:
dist: 2.2557561160539943 vs. 2.2557561160539943
list:
dist: 2.976977016529941 vs. 2.976977016529941
list:
dist: 2.199295598304758 vs. 2.199295598304758
list:
dist: 3.1922938558612812 vs. 3.1922938558612812
list:
dist: 4.893892524135972 vs. 4.893892524135972
list:
dist: 4.806748087329949 vs. 4.806748087329949
list:
dist: 1.4814042987609324 vs. 1.4814042987609324
list:
dist: 2.5603291846623275 vs. 2.5603291846623275
list:
dist: 1.749652364533288 vs. 1.749652364533288
list:
dist: 1.9762234786294464 vs. 1.9762234786294464
list:
dist: 3.0569350690344375 vs. 3.0569350690344375
list:
dist: 0.5552072468201475 vs. 0.5552072468201475
list:
dist: 1.6833962726394727 vs. 1.6833962726394727
list:
dist: 2.7358989403803067 vs. 2.7358989403803067
list:
dist: 3.3525486527146033 vs. 3.3525486527146033
list:
dist: 1.606440143973504 vs. 1.606440143973504
list:
dist: 1.5182932339591315 vs. 1.5182932339591315
list:
dist: 2.0337205709239 vs. 2.0337205709239
list:
dist: 2.8729148065178376 vs. 2.8729148065178376
list:
dist: 2.62563518839114 vs. 2.62563518839114
list:
dist: 2.847712730086759 vs. 2.847712730086759
list:
dist: 2.8647868782613957 vs. 2.8647868782613957
list:
dist: 3.3072609308621304 vs. 3.3072609308621304
list:
dist: 2.437938579267889 vs. 2.437938579267889
list:
dist: 2.6098739730912563 vs. 2.6098739730912563
list:
dist: 2.6061265812537586 vs. 2.6061265812537586
list:
dist: 3.3568568707813706 vs. 3.3568568707813706
list:
dist: 1.568634913133475 vs. 1.568634913133475
list:
dist: 1.909590830770477 vs. 1.909590830770477
list:
dist: 1.5182932339591315 vs. 1.5182932339591315
list:
dist: 2.0350380455231085 vs. 2.0350380455231085
list:
dist: 2.6105009917241215 vs. 2.6105009917241215
list:
dist: 1.1067189475253825 vs. 1.1067189475253825
list:
dist: 0.6464596503736119 vs. 0.6464596503736119
list:
dist: 1.4622917259681023 vs. 1.4622917259681023
list:
dist: 1.7146333951613746 vs. 1.7146333951613746
list:
dist: 1.3701734806413646 vs. 1.3701734806413646
list:
dist: 2.133635543377863 vs. 2.133635543377863
list:
dist: 2.232207101935556 vs. 2.232207101935556
list:
dist: 1.4098659775704854 vs. 1.4098659775704854
list:
dist: 1.2102382281882382 vs. 1.2102382281882382
list:
dist: 1.2712121319036362 vs. 1.2712121319036362
list:
dist: 2.0207537367563733 vs. 2.0207537367563733
list:
dist: 3.6085311391712613 vs. 3.6085311391712613
list:
dist: 3.0970916377578415 vs. 3.0970916377578415
list:
dist: 2.4870346179815472 vs. 2.4870346179815472
list:
dist: 3.2606975139444283 vs. 3.2606975139444283
list:
dist: 2.4445941541519427 vs. 2.4445941541519427
list:
dist: 2.7220791833741704 vs. 2.7220791833741704
list:
dist: 1.7764842591601366 vs. 1.7764842591601366
list:
dist: 3.253202882082285 vs. 3.253202882082285
list:
dist: 2.1308941657360885 vs. 2.1308941657360885
list:
dist: 2.8611176427310467 vs. 2.8611176427310467
list:
dist: 2.6978844376317697 vs. 2.6978844376317697
list:
dist: 2.8833509961178 vs. 2.8833509961178
list:
dist: 2.4870346179815472 vs. 2.4870346179815472
list:
dist: 2.338003381275676 vs. 2.338003381275676
list:
dist: 1.946379018793927 vs. 1.946379018793927
list:
dist: 0.7976707927937262 vs. 0.7976707927937262
list:
dist: 2.3382400449399543 vs. 2.3382400449399543
list:
dist: 0.48556323899502124 vs. 0.48556323899502124
list:
dist: 1.4573280481043338 vs. 1.4573280481043338
list:
dist: 2.910074240955065 vs. 2.910074240955065
list:
dist: 1.2905533576094121 vs. 1.2905533576094121
list:
dist: 1.4258891181593545 vs. 1.4258891181593545
list:
dist: 1.6820694117202126 vs. 1.6820694117202126
list:
dist: 2.0069182604219797 vs. 2.0069182604219797
list:
dist: 1.2106272618614682 vs. 1.2106272618614682
list:
dist: 1.4812774317506392 vs. 1.4812774317506392
list:
dist: 1.8275137752806774 vs. 1.8275137752806774
list:
dist: 2.1308941657360885 vs. 2.1308941657360885
list:
dist: 1.6768830259436067 vs. 1.6768830259436067
list:
dist: 1.304924617017825 vs. 1.304924617017825
list:
dist: 2.363074464893707 vs. 2.363074464893707
list:
dist: 1.0859220593934973 vs. 1.0859220593934973
list:
dist: 2.791134136192469 vs. 2.791134136192469
list:
dist: 2.293148009088435 vs. 2.293148009088435
list:
dist: 2.187574313482388 vs. 2.187574313482388
list:
dist: 1.283610984425197 vs. 1.283610984425197
list:
dist: 1.3128995890086832 vs. 1.3128995890086832
list:
dist: 1.4814042987609324 vs. 1.4814042987609324
list:
dist: 2.4391823436362468 vs. 2.4391823436362468
list:
dist: 1.2363301188201272 vs. 1.2363301188201272
list:
dist: 2.1964092675556044 vs. 2.1964092675556044
list:
dist: 1.4620089859340293 vs. 1.4620089859340293
list:
dist: 2.2881020726778805 vs. 2.2881020726778805
list:
dist: 1.2990487205157422 vs. 1.2990487205157422
list:
dist: 1.3268312720851565 vs. 1.3268312720851565
list:
dist: 1.0216321519615075 vs. 1.0216321519615075
list:
dist: 2.8611176427310467 vs. 2.8611176427310467
list:
dist: 2.3238576674712066 vs. 2.3238576674712066
list:
dist: 1.7625784003716778 vs. 1.7625784003716778
list:
dist: 2.2618596982863126 vs. 2.2618596982863126
list:
dist: 1.8617634825362228 vs. 1.8617634825362228
list:
dist: 2.558989966353701 vs. 2.558989966353701
list:
dist: 2.2463522686904502 vs. 2.2463522686904502
list:
dist: 3.0697266946810977 vs. 3.0697266946810977
list:
dist: 2.4342294928173724 vs. 2.4342294928173724
list:
dist: 2.0992342607051406 vs. 2.0992342607051406
list:
dist: 2.5603291846623275 vs. 2.5603291846623275
list:
dist: 1.347152684485108 vs. 1.347152684485108
list:
dist: 0.581363337619202 vs. 0.581363337619202
list:
dist: 1.3779276625965502 vs. 1.3779276625965502
list:
dist: 1.3097915366380175 vs. 1.3097915366380175
list:
dist: 1.1893060032415095 vs. 1.1893060032415095
list:
dist: 1.2990487205157422 vs. 1.2990487205157422
list:
dist: 1.2775251003049684 vs. 1.2775251003049684
list:
dist: 0.8601740178930954 vs. 0.8601740178930954
list:
dist: 3.0970916377578415 vs. 3.0970916377578415
list:
dist: 2.8025954383043357 vs. 2.8025954383043357
list:
dist: 2.92904007950195 vs. 2.92904007950195
list:
dist: 1.8704469008536428 vs. 1.8704469008536428
list:
dist: 3.240340830618395 vs. 3.240340830618395
list:
dist: 1.792041574081978 vs. 1.792041574081978
list:
dist: 2.8065701729896797 vs. 2.8065701729896797
list:
dist: 3.9732919524537658 vs. 3.9732919524537658
list:
dist: 1.091527913047355 vs. 1.091527913047355
list:
dist: 1.4258891181593545 vs. 1.4258891181593545
list:
dist: 2.1338629382099716 vs. 2.1338629382099716
list:
dist: 2.647653952291156 vs. 2.647653952291156
list:
dist: 1.9082998489080707 vs. 1.9082998489080707
list:
dist: 2.1911966787926254 vs. 2.1911966787926254
list:
dist: 2.3705169330888904 vs. 2.3705169330888904
list:
dist: 3.6085311391712613 vs. 3.6085311391712613
list:
dist: 3.4239528717349255 vs. 3.4239528717349255
list:
dist: 3.2041441881080512 vs. 3.2041441881080512
list:
dist: 2.0435046216151056 vs. 2.0435046216151056
list:
dist: 3.5865542504392907 vs. 3.5865542504392907
list:
dist: 1.7147808778714737 vs. 1.7147808778714737
list:
dist: 2.675349581664643 vs. 2.675349581664643
list:
dist: 4.184174395016701 vs. 4.184174395016701
list:
dist: 1.091527913047355 vs. 1.091527913047355
list:
dist: 1.2905533576094121 vs. 1.2905533576094121
list:
dist: 2.199230349858436 vs. 2.199230349858436
list:
dist: 2.981108254990134 vs. 2.981108254990134
list:
dist: 2.0204110200181034 vs. 2.0204110200181034
list:
dist: 2.5932878579036673 vs. 2.5932878579036673
list:
dist: 2.4351489049596973 vs. 2.4351489049596973
list:
dist: 2.782215131400827 vs. 2.782215131400827
list:
dist: 3.7112502899771083 vs. 3.7112502899771083
list:
dist: 4.200574890573317 vs. 4.200574890573317
list:
dist: 3.57871998862424 vs. 3.57871998862424
list:
dist: 3.31838754461183 vs. 3.31838754461183
list:
dist: 3.0569350690344375 vs. 3.0569350690344375
list:
dist: 2.6060065367752556 vs. 2.6060065367752556
list:
dist: 2.8465719208742217 vs. 2.8465719208742217
list:
dist: 3.0215461509450727 vs. 3.0215461509450727
list:
dist: 3.5429034807680164 vs. 3.5429034807680164
list:
dist: 1.820155168572872 vs. 1.820155168572872
list:
dist: 2.0754620488989945 vs. 2.0754620488989945
list:
dist: 2.8701263622138162 vs. 2.8701263622138162
list:
dist: 2.4372939787085492 vs. 2.4372939787085492
list:
dist: 3.0530139461983885 vs. 3.0530139461983885
list:
dist: 2.6061265812537586 vs. 2.6061265812537586
list:
dist: 2.384237856105196 vs. 2.384237856105196
list:
dist: 2.863487410766848 vs. 2.863487410766848
list:
dist: 1.5411481015907988 vs. 1.5411481015907988
list:
dist: 1.2712121319036362 vs. 1.2712121319036362
list:
dist: 0.71582510477066 vs. 0.71582510477066
list:
dist: 1.549286423946493 vs. 1.549286423946493
list:
dist: 2.1370934562243695 vs. 2.1370934562243695
list:
dist: 1.3451109758381774 vs. 1.3451109758381774
list:
dist: 2.6234436666183076 vs. 2.6234436666183076
list:
dist: 2.6134643131460153 vs. 2.6134643131460153
list:
dist: 2.132611276019925 vs. 2.132611276019925
list:
dist: 0.9576158470915398 vs. 0.9576158470915398
list:
dist: 2.0174281491236017 vs. 2.0174281491236017
list:
dist: 2.9139037982699034 vs. 2.9139037982699034
list:
dist: 1.9166821940589178 vs. 1.9166821940589178
list:
dist: 2.5229673173690146 vs. 2.5229673173690146
list:
dist: 1.5532720338800883 vs. 1.5532720338800883
list:
dist: 2.874533391764368 vs. 2.874533391764368
list:
dist: 1.3128995890086832 vs. 1.3128995890086832
list:
dist: 2.0992342607051406 vs. 2.0992342607051406
list:
dist: 2.372552874118806 vs. 2.372552874118806
list:
dist: 2.227619811897449 vs. 2.227619811897449
list:
dist: 2.9656943790406674 vs. 2.9656943790406674
list:
dist: 3.265179023292245 vs. 3.265179023292245
list:
dist: 2.8647868782613957 vs. 2.8647868782613957
list:
dist: 3.8975800625199377 vs. 3.8975800625199377
list:
dist: 4.324506371999534 vs. 4.324506371999534
list:
dist: 3.2280932867038885 vs. 3.2280932867038885
list:
dist: 2.133635543377863 vs. 2.133635543377863
list:
dist: 2.082561753511999 vs. 2.082561753511999
list:
dist: 1.6677567447657733 vs. 1.6677567447657733
list:
dist: 0.4876095683420971 vs. 0.4876095683420971
list:
dist: 2.051429281726533 vs. 2.051429281726533
list:
dist: 1.1770550052838016 vs. 1.1770550052838016
list:
dist: 2.4783257097028013 vs. 2.4783257097028013
list:
dist: 2.8098027378885697 vs. 2.8098027378885697
list:
dist: 2.6234436666183076 vs. 2.6234436666183076
list:
dist: 3.0126051316393605 vs. 3.0126051316393605
list:
dist: 1.7147808778714737 vs. 1.7147808778714737
list:
dist: 1.792041574081978 vs. 1.792041574081978
list:
dist: 0.48556323899502124 vs. 0.48556323899502124
list:
dist: 1.965151277819919 vs. 1.965151277819919
list:
dist: 2.027951647910179 vs. 2.027951647910179
list:
dist: 1.4248190513114063 vs. 1.4248190513114063
list:
dist: 1.405832766098266 vs. 1.405832766098266
list:
dist: 2.06072008259634 vs. 2.06072008259634
list:
dist: 2.791134136192469 vs. 2.791134136192469
list:
dist: 2.558989966353701 vs. 2.558989966353701
list:
dist: 2.405236279377741 vs. 2.405236279377741
list:
dist: 2.821939251068765 vs. 2.821939251068765
list:
dist: 2.7220791833741704 vs. 2.7220791833741704
list:
dist: 2.3445596784477654 vs. 2.3445596784477654
list:
dist: 1.6774518947744763 vs. 1.6774518947744763
list:
dist: 1.3459485976280352 vs. 1.3459485976280352
list:
dist: 2.026634795113593 vs. 2.026634795113593
list:
dist: 1.4248190513114063 vs. 1.4248190513114063
list:
dist: 1.4949114178905858 vs. 1.4949114178905858
list:
dist: 2.995109420449433 vs. 2.995109420449433
list:
dist: 2.8576071626287 vs. 2.8576071626287
list:
dist: 2.5229673173690146 vs. 2.5229673173690146
list:
dist: 2.976977016529941 vs. 2.976977016529941
list:
dist: 2.0204110200181034 vs. 2.0204110200181034
list:
dist: 1.9082998489080707 vs. 1.9082998489080707
list:
dist: 1.2106272618614682 vs. 1.2106272618614682
list:
dist: 0.584462966450617 vs. 0.584462966450617
list:
dist: 1.0110978378227526 vs. 1.0110978378227526
list:
dist: 1.0159902682899284 vs. 1.0159902682899284
list:
dist: 0.6617176499594618 vs. 0.6617176499594618
list:
dist: 2.1964092675556044 vs. 2.1964092675556044
list:
dist: 1.3779276625965502 vs. 1.3779276625965502
list:
dist: 1.6668858914462534 vs. 1.6668858914462534
list:
dist: 1.8551568650009584 vs. 1.8551568650009584
list:
dist: 2.4445941541519427 vs. 2.4445941541519427
list:
dist: 1.973956686357174 vs. 1.973956686357174
list:
dist: 1.2499566995259799 vs. 1.2499566995259799
list:
dist: 1.7269357362353883 vs. 1.7269357362353883
list:
dist: 1.433363936400453 vs. 1.433363936400453
list:
dist: 2.027951647910179 vs. 2.027951647910179
list:
dist: 1.6795625653004844 vs. 1.6795625653004844
list:
dist: 2.6045134093486846 vs. 2.6045134093486846
list:
dist: 2.1652358592672054 vs. 2.1652358592672054
list:
dist: 1.9166821940589178 vs. 1.9166821940589178
list:
dist: 2.2557561160539943 vs. 2.2557561160539943
list:
dist: 2.981108254990134 vs. 2.981108254990134
list:
dist: 2.647653952291156 vs. 2.647653952291156
list:
dist: 2.0069182604219797 vs. 2.0069182604219797
list:
dist: 1.2074824277306986 vs. 1.2074824277306986
list:
dist: 1.0110978378227526 vs. 1.0110978378227526
list:
dist: 0.8085318623923482 vs. 0.8085318623923482
list:
dist: 1.0653541738020424 vs. 1.0653541738020424
list:
dist: 1.2363301188201272 vs. 1.2363301188201272
list:
dist: 0.581363337619202 vs. 0.581363337619202
list:
dist: 0.9948592073922627 vs. 0.9948592073922627
list:
dist: 0.9309535339072108 vs. 0.9309535339072108
list:
dist: 1.8399892330791239 vs. 1.8399892330791239
list:
dist: 1.5612962484457964 vs. 1.5612962484457964
list:
dist: 1.4446797367428508 vs. 1.4446797367428508
list:
dist: 1.664315005287622 vs. 1.664315005287622
list:
dist: 0.7803306098081887 vs. 0.7803306098081887
list:
dist: 1.2411508359370085 vs. 1.2411508359370085
list:
dist: 1.2764140474476853 vs. 1.2764140474476853
list:
dist: 0.8989317474273528 vs. 0.8989317474273528
list:
dist: 1.5329884150870352 vs. 1.5329884150870352
list:
dist: 1.1016222338166293 vs. 1.1016222338166293
list:
dist: 0.588733422730054 vs. 0.588733422730054
list:
dist: 1.2231655196536426 vs. 1.2231655196536426
list:
dist: 1.522637912026358 vs. 1.522637912026358
list:
dist: 0.2884473237978614 vs. 0.2884473237978614
list:
dist: 4.1682228179870195 vs. 4.1682228179870195
list:
dist: 4.9512663247146556 vs. 4.9512663247146556
list:
dist: 1.845980306995602 vs. 1.845980306995602
list:
dist: 2.5541948178998406 vs. 2.5541948178998406
list:
dist: 2.90770173251598 vs. 2.90770173251598
list:
dist: 2.3425396904750992 vs. 2.3425396904750992
list:
dist: 3.5614948494095 vs. 3.5614948494095
list:
dist: 3.059564558237643 vs. 3.059564558237643
list:
dist: 1.8901894111259754 vs. 1.8901894111259754
list:
dist: 3.548152637699113 vs. 3.548152637699113
list:
dist: 3.7162971273771377 vs. 3.7162971273771377
list:
dist: 5.553169892570649 vs. 5.553169892570649
list:
dist: 3.2826281548836693 vs. 3.2826281548836693
list:
dist: 2.6418799949987615 vs. 2.6418799949987615
list:
dist: 3.5849642154216688 vs. 3.5849642154216688
list:
dist: 1.281005032429225 vs. 1.281005032429225
list:
dist: 1.8582696990182384 vs. 1.8582696990182384
list:
dist: 2.1428655313365317 vs. 2.1428655313365317
list:
dist: 1.664315005287622 vs. 1.664315005287622
list:
dist: 1.019398635006083 vs. 1.019398635006083
list:
dist: 1.6369373357740062 vs. 1.6369373357740062
list:
dist: 1.6178264905747706 vs. 1.6178264905747706
list:
dist: 2.3363089226690623 vs. 2.3363089226690623
list:
dist: 2.6561333403923437 vs. 2.6561333403923437
list:
dist: 1.5576699633280269 vs. 1.5576699633280269
list:
dist: 1.584540646169224 vs. 1.584540646169224
list:
dist: 2.186288976900963 vs. 2.186288976900963
list:
dist: 1.8582355601831035 vs. 1.8582355601831035
list:
dist: 1.7175647666825726 vs. 1.7175647666825726
list:
dist: 2.3306576732306743 vs. 2.3306576732306743
list:
dist: 3.092149029907524 vs. 3.092149029907524
list:
dist: 2.0627356615111965 vs. 2.0627356615111965
list:
dist: 1.6479151710178004 vs. 1.6479151710178004
list:
dist: 2.951007661763831 vs. 2.951007661763831
list:
dist: 2.880198973527491 vs. 2.880198973527491
list:
dist: 1.8133746328358151 vs. 1.8133746328358151
list:
dist: 1.3621136342820677 vs. 1.3621136342820677
list:
dist: 1.281005032429225 vs. 1.281005032429225
list:
dist: 1.8399892330791239 vs. 1.8399892330791239
list:
dist: 1.134938467873943 vs. 1.134938467873943
list:
dist: 1.2109831807733118 vs. 1.2109831807733118
list:
dist: 1.4195580951138165 vs. 1.4195580951138165
list:
dist: 2.0691206721788005 vs. 2.0691206721788005
list:
dist: 3.27642103120739 vs. 3.27642103120739
list:
dist: 2.174938185725058 vs. 2.174938185725058
list:
dist: 2.1444969980747635 vs. 2.1444969980747635
list:
dist: 2.8381304631673427 vs. 2.8381304631673427
list:
dist: 2.5002691061179836 vs. 2.5002691061179836
list:
dist: 2.0443602836337007 vs. 2.0443602836337007
list:
dist: 2.031875316226353 vs. 2.031875316226353
list:
dist: 3.3064926137968174 vs. 3.3064926137968174
list:
dist: 2.6401047598520564 vs. 2.6401047598520564
list:
dist: 2.2858957347870947 vs. 2.2858957347870947
list:
dist: 3.3195085783630547 vs. 3.3195085783630547
list:
dist: 3.593407537410603 vs. 3.593407537410603
list:
dist: 2.0691206721788005 vs. 2.0691206721788005
list:
dist: 2.101271052143526 vs. 2.101271052143526
list:
dist: 1.3240096310547218 vs. 1.3240096310547218
list:
dist: 2.3363089226690623 vs. 2.3363089226690623
list:
dist: 0.8989317474273528 vs. 0.8989317474273528
list:
dist: 1.324481763503587 vs. 1.324481763503587
list:
dist: 1.1492568780022352 vs. 1.1492568780022352
list:
dist: 1.2482534049171268 vs. 1.2482534049171268
list:
dist: 1.9577465341940659 vs. 1.9577465341940659
list:
dist: 1.6010970069568875 vs. 1.6010970069568875
list:
dist: 1.379470205324675 vs. 1.379470205324675
list:
dist: 1.7410312035498796 vs. 1.7410312035498796
list:
dist: 1.8986168653730087 vs. 1.8986168653730087
list:
dist: 1.0244905209318511 vs. 1.0244905209318511
list:
dist: 3.353168701974277 vs. 3.353168701974277
list:
dist: 4.068353034716657 vs. 4.068353034716657
list:
dist: 1.9646693105557715 vs. 1.9646693105557715
list:
dist: 2.633608825602457 vs. 2.633608825602457
list:
dist: 2.9119456549594123 vs. 2.9119456549594123
list:
dist: 2.1437441046656303 vs. 2.1437441046656303
list:
dist: 3.596195950194999 vs. 3.596195950194999
list:
dist: 3.4125707350052172 vs. 3.4125707350052172
list:
dist: 2.245778017116252 vs. 2.245778017116252
list:
dist: 3.686983598300735 vs. 3.686983598300735
list:
dist: 4.071808136131723 vs. 4.071808136131723
list:
dist: 4.874230632350917 vs. 4.874230632350917
list:
dist: 3.142022440264515 vs. 3.142022440264515
list:
dist: 2.5672918720018827 vs. 2.5672918720018827
list:
dist: 3.745630344200466 vs. 3.745630344200466
list:
dist: 5.553169892570649 vs. 5.553169892570649
list:
dist: 5.3771442682472355 vs. 5.3771442682472355
list:
dist: 4.513696340479854 vs. 4.513696340479854
list:
dist: 4.493232882799555 vs. 4.493232882799555
list:
dist: 4.874230632350917 vs. 4.874230632350917
list:
dist: 3.253202882082285 vs. 3.253202882082285
list:
dist: 2.826580757603808 vs. 2.826580757603808
list:
dist: 2.069146179589151 vs. 2.069146179589151
list:
dist: 1.9918281198370165 vs. 1.9918281198370165
list:
dist: 2.367331137114599 vs. 2.367331137114599
list:
dist: 2.06072008259634 vs. 2.06072008259634
list:
dist: 1.9115227602013491 vs. 1.9115227602013491
list:
dist: 3.4103475955549962 vs. 3.4103475955549962
list:
dist: 3.1900423453882905 vs. 3.1900423453882905
list:
dist: 2.874533391764368 vs. 2.874533391764368
list:
dist: 3.1922938558612812 vs. 3.1922938558612812
list:
dist: 2.4351489049596973 vs. 2.4351489049596973
list:
dist: 2.3705169330888904 vs. 2.3705169330888904
list:
dist: 1.8275137752806774 vs. 1.8275137752806774
list:
dist: 3.6658090837666855 vs. 3.6658090837666855
list:
dist: 4.18526533974436 vs. 4.18526533974436
list:
dist: 0.2637855122628543 vs. 0.2637855122628543
list:
dist: 1.0653541738020424 vs. 1.0653541738020424
list:
dist: 0.6617176499594618 vs. 0.6617176499594618
list:
dist: 1.482838719902234 vs. 1.482838719902234
list:
dist: 3.5299839484783364 vs. 3.5299839484783364
list:
dist: 4.035343980468984 vs. 4.035343980468984
list:
dist: 2.2881020726778805 vs. 2.2881020726778805
list:
dist: 1.1893060032415095 vs. 1.1893060032415095
list:
dist: 1.617595161209869 vs. 1.617595161209869
list:
dist: 1.6808678737276732 vs. 1.6808678737276732
list:
dist: 2.6060065367752556 vs. 2.6060065367752556
list:
dist: 4.052866417251119 vs. 4.052866417251119
list:
dist: 2.8833509961178 vs. 2.8833509961178
list:
dist: 2.4518768398319324 vs. 2.4518768398319324
list:
dist: 1.6176855521739515 vs. 1.6176855521739515
list:
dist: 2.513613016077172 vs. 2.513613016077172
list:
dist: 1.6167052298304718 vs. 1.6167052298304718
list:
dist: 2.821939251068765 vs. 2.821939251068765
list:
dist: 2.14803363980364 vs. 2.14803363980364
list:
dist: 2.7093842381895903 vs. 2.7093842381895903
list:
dist: 2.2108413227656394 vs. 2.2108413227656394
list:
dist: 2.227619811897449 vs. 2.227619811897449
list:
dist: 1.9762234786294464 vs. 1.9762234786294464
list:
dist: 1.9054542251414626 vs. 1.9054542251414626
list:
dist: 0.9309535339072108 vs. 0.9309535339072108
list:
dist: 1.8551568650009584 vs. 1.8551568650009584
list:
dist: 1.6143880757070352 vs. 1.6143880757070352
list:
dist: 1.6808678737276732 vs. 1.6808678737276732
list:
dist: 4.207810726650529 vs. 4.207810726650529
list:
dist: 4.467544130720107 vs. 4.467544130720107
list:
dist: 1.0216321519615075 vs. 1.0216321519615075
list:
dist: 0.8601740178930954 vs. 0.8601740178930954
list:
dist: 0.7154477209208356 vs. 0.7154477209208356
list:
dist: 2.0754620488989945 vs. 2.0754620488989945
list:
dist: 4.565763228742882 vs. 4.565763228742882
list:
dist: 1.2109831807733118 vs. 1.2109831807733118
list:
dist: 2.192880598052574 vs. 2.192880598052574
list:
dist: 1.3769841210338916 vs. 1.3769841210338916
list:
dist: 1.6369373357740062 vs. 1.6369373357740062
list:
dist: 1.2411508359370085 vs. 1.2411508359370085
list:
dist: 0.8652523416271286 vs. 0.8652523416271286
list:
dist: 0.32795043039593413 vs. 0.32795043039593413
list:
dist: 1.1492568780022352 vs. 1.1492568780022352
list:
dist: 2.5101608395826376 vs. 2.5101608395826376
list:
dist: 1.4216998584683984 vs. 1.4216998584683984
list:
dist: 1.5704642549226935 vs. 1.5704642549226935
list:
dist: 2.083312826880246 vs. 2.083312826880246
list:
dist: 1.6810435758690825 vs. 1.6810435758690825
list:
dist: 1.3734740000618824 vs. 1.3734740000618824
list:
dist: 3.3717562471438267 vs. 3.3717562471438267
list:
dist: 4.568226187552626 vs. 4.568226187552626
list:
dist: 2.337443516794258 vs. 2.337443516794258
list:
dist: 2.6248901041545363 vs. 2.6248901041545363
list:
dist: 2.917961752588845 vs. 2.917961752588845
list:
dist: 1.25632090798034 vs. 1.25632090798034
list:
dist: 2.7589990802598208 vs. 2.7589990802598208
list:
dist: 2.4761800726218497 vs. 2.4761800726218497
list:
dist: 1.6383421652204595 vs. 1.6383421652204595
list:
dist: 2.8438064702098713 vs. 2.8438064702098713
list:
dist: 3.2767109879968106 vs. 3.2767109879968106
list:
dist: 4.513696340479854 vs. 4.513696340479854
list:
dist: 2.354364780722482 vs. 2.354364780722482
list:
dist: 1.9781100813741987 vs. 1.9781100813741987
list:
dist: 3.11660616674495 vs. 3.11660616674495
list:
dist: 1.3621136342820677 vs. 1.3621136342820677
list:
dist: 1.3930914024212389 vs. 1.3930914024212389
list:
dist: 2.1428655313365317 vs. 2.1428655313365317
list:
dist: 1.4446797367428508 vs. 1.4446797367428508
list:
dist: 1.3425221362538096 vs. 1.3425221362538096
list:
dist: 1.3769841210338916 vs. 1.3769841210338916
list:
dist: 1.680763917544571 vs. 1.680763917544571
list:
dist: 1.3240096310547218 vs. 1.3240096310547218
list:
dist: 2.9341763511879377 vs. 2.9341763511879377
list:
dist: 2.349700273432386 vs. 2.349700273432386
list:
dist: 2.002619221882594 vs. 2.002619221882594
list:
dist: 2.663065946879059 vs. 2.663065946879059
list:
dist: 2.742299599927009 vs. 2.742299599927009
list:
dist: 1.7297989712072517 vs. 1.7297989712072517
list:
dist: 2.5575901816543656 vs. 2.5575901816543656
list:
dist: 4.117266706677341 vs. 4.117266706677341
list:
dist: 3.6796458273169126 vs. 3.6796458273169126
list:
dist: 2.858971061007362 vs. 2.858971061007362
list:
dist: 4.189461418969573 vs. 4.189461418969573
list:
dist: 4.5361838105799706 vs. 4.5361838105799706
list:
dist: 1.8133746328358151 vs. 1.8133746328358151
list:
dist: 1.3930914024212389 vs. 1.3930914024212389
list:
dist: 1.8582696990182384 vs. 1.8582696990182384
list:
dist: 1.5612962484457964 vs. 1.5612962484457964
list:
dist: 1.5229175451941392 vs. 1.5229175451941392
list:
dist: 2.192880598052574 vs. 2.192880598052574
list:
dist: 2.384939452260406 vs. 2.384939452260406
list:
dist: 2.101271052143526 vs. 2.101271052143526
list:
dist: 2.7543858465166324 vs. 2.7543858465166324
list:
dist: 2.442321574143948 vs. 2.442321574143948
list:
dist: 1.8474453710795122 vs. 1.8474453710795122
list:
dist: 2.5433841263260555 vs. 2.5433841263260555
list:
dist: 2.889253045561256 vs. 2.889253045561256
list:
dist: 1.7752221569828237 vs. 1.7752221569828237
list:
dist: 3.4089478978968715 vs. 3.4089478978968715
list:
dist: 4.667539030267397 vs. 4.667539030267397
list:
dist: 3.8626090958883794 vs. 3.8626090958883794
list:
dist: 3.0660732494010485 vs. 3.0660732494010485
list:
dist: 4.613532823709032 vs. 4.613532823709032
list:
dist: 4.660571087239751 vs. 4.660571087239751
list:
dist: 2.174938185725058 vs. 2.174938185725058
list:
dist: 2.442321574143948 vs. 2.442321574143948
list:
dist: 2.349700273432386 vs. 2.349700273432386
list:
dist: 1.5576699633280269 vs. 1.5576699633280269
list:
dist: 1.1016222338166293 vs. 1.1016222338166293
list:
dist: 1.162310277996199 vs. 1.162310277996199
list:
dist: 1.4216998584683984 vs. 1.4216998584683984
list:
dist: 1.1972621570418547 vs. 1.1972621570418547
list:
dist: 1.6010970069568875 vs. 1.6010970069568875
list:
dist: 1.4113540709980206 vs. 1.4113540709980206
list:
dist: 0.759846181007762 vs. 0.759846181007762
list:
dist: 0.8895082696346263 vs. 0.8895082696346263
list:
dist: 0.4481233986170217 vs. 0.4481233986170217
list:
dist: 0.9044939765072489 vs. 0.9044939765072489
list:
dist: 1.295293513807604 vs. 1.295293513807604
list:
dist: 1.655886138674928 vs. 1.655886138674928
list:
dist: 2.038481049287737 vs. 2.038481049287737
list:
dist: 1.949869706663658 vs. 1.949869706663658
list:
dist: 2.7036584598788145 vs. 2.7036584598788145
list:
dist: 2.214684852092802 vs. 2.214684852092802
list:
dist: 0.8958538603322285 vs. 0.8958538603322285
list:
dist: 2.6278518849673236 vs. 2.6278518849673236
list:
dist: 2.7089633166192235 vs. 2.7089633166192235
list:
dist: 2.5826387196825804 vs. 2.5826387196825804
list:
dist: 1.837191057768255 vs. 1.837191057768255
list:
dist: 2.5491030916745325 vs. 2.5491030916745325
list:
dist: 2.1444969980747635 vs. 2.1444969980747635
list:
dist: 1.8474453710795122 vs. 1.8474453710795122
list:
dist: 2.002619221882594 vs. 2.002619221882594
list:
dist: 1.584540646169224 vs. 1.584540646169224
list:
dist: 0.588733422730054 vs. 0.588733422730054
list:
dist: 1.0129150120350137 vs. 1.0129150120350137
list:
dist: 1.5704642549226935 vs. 1.5704642549226935
list:
dist: 1.4928161359942873 vs. 1.4928161359942873
list:
dist: 1.379470205324675 vs. 1.379470205324675
list:
dist: 1.1491514155846987 vs. 1.1491514155846987
list:
dist: 0.759846181007762 vs. 0.759846181007762
list:
dist: 0.7541951962697337 vs. 0.7541951962697337
list:
dist: 1.1688393145987368 vs. 1.1688393145987368
list:
dist: 0.3614095482206275 vs. 0.3614095482206275
list:
dist: 1.5473814578183602 vs. 1.5473814578183602
list:
dist: 2.239688679774328 vs. 2.239688679774328
list:
dist: 2.618349925432685 vs. 2.618349925432685
list:
dist: 2.4766739680188326 vs. 2.4766739680188326
list:
dist: 3.4346283872718186 vs. 3.4346283872718186
list:
dist: 2.846917938982964 vs. 2.846917938982964
list:
dist: 1.6233665516572076 vs. 1.6233665516572076
list:
dist: 3.3624345707324137 vs. 3.3624345707324137
list:
dist: 3.3986760718302307 vs. 3.3986760718302307
list:
dist: 3.2670637631459694 vs. 3.2670637631459694
list:
dist: 2.549180716113064 vs. 2.549180716113064
list:
dist: 3.3046367478398517 vs. 3.3046367478398517
list:
dist: 2.0443602836337007 vs. 2.0443602836337007
list:
dist: 1.7752221569828237 vs. 1.7752221569828237
list:
dist: 1.7297989712072517 vs. 1.7297989712072517
list:
dist: 1.7175647666825726 vs. 1.7175647666825726
list:
dist: 0.2884473237978614 vs. 0.2884473237978614
list:
dist: 0.9315924467187997 vs. 0.9315924467187997
list:
dist: 1.3734740000618824 vs. 1.3734740000618824
list:
dist: 1.3411637504732055 vs. 1.3411637504732055
list:
dist: 1.0244905209318511 vs. 1.0244905209318511
list:
dist: 1.2682521076859614 vs. 1.2682521076859614
list:
dist: 0.9044939765072489 vs. 0.9044939765072489
list:
dist: 0.3614095482206275 vs. 0.3614095482206275
list:
dist: 0.9355899571601799 vs. 0.9355899571601799
list:
dist: 1.3109063150348905 vs. 1.3109063150348905
list:
dist: 1.5878339232408794 vs. 1.5878339232408794
list:
dist: 2.3192679086500783 vs. 2.3192679086500783
list:
dist: 2.6790044515455262 vs. 2.6790044515455262
list:
dist: 2.3660520291129297 vs. 2.3660520291129297
list:
dist: 3.4805703874019676 vs. 3.4805703874019676
list:
dist: 2.989537311844648 vs. 2.989537311844648
list:
dist: 1.7546068628493288 vs. 1.7546068628493288
list:
dist: 3.4514688775158384 vs. 3.4514688775158384
list:
dist: 3.5842874523190598 vs. 3.5842874523190598
list:
dist: 3.233793827417321 vs. 3.233793827417321
list:
dist: 2.5393075370082463 vs. 2.5393075370082463
list:
dist: 3.4271876446080927 vs. 3.4271876446080927
list:
dist: 2.5541948178998406 vs. 2.5541948178998406
list:
dist: 2.7493266003150643 vs. 2.7493266003150643
list:
dist: 2.6248901041545363 vs. 2.6248901041545363
list:
dist: 2.3243583667694483 vs. 2.3243583667694483
list:
dist: 2.633608825602457 vs. 2.633608825602457
list:
dist: 1.9624770025118545 vs. 1.9624770025118545
list:
dist: 1.655886138674928 vs. 1.655886138674928
list:
dist: 2.239688679774328 vs. 2.239688679774328
list:
dist: 1.7461502487362208 vs. 1.7461502487362208
list:
dist: 1.2527754304573724 vs. 1.2527754304573724
list:
dist: 2.3192679086500783 vs. 2.3192679086500783
list:
dist: 1.0340087289360176 vs. 1.0340087289360176
list:
dist: 0.3950897961699894 vs. 0.3950897961699894
list:
dist: 2.4185159331632162 vs. 2.4185159331632162
list:
dist: 2.4528036191274802 vs. 2.4528036191274802
list:
dist: 2.6506944686527056 vs. 2.6506944686527056
list:
dist: 1.5842608060450367 vs. 1.5842608060450367
list:
dist: 2.426076659169162 vs. 2.426076659169162
list:
dist: 2.6013470456749768 vs. 2.6013470456749768
list:
dist: 2.3920367167162007 vs. 2.3920367167162007
list:
dist: 1.539855667464018 vs. 1.539855667464018
list:
dist: 1.883449775926911 vs. 1.883449775926911
list:
dist: 3.57871998862424 vs. 3.57871998862424
list:
dist: 1.4195580951138165 vs. 1.4195580951138165
list:
dist: 2.384939452260406 vs. 2.384939452260406
list:
dist: 1.680763917544571 vs. 1.680763917544571
list:
dist: 1.6178264905747706 vs. 1.6178264905747706
list:
dist: 1.2764140474476853 vs. 1.2764140474476853
list:
dist: 0.9361463572392532 vs. 0.9361463572392532
list:
dist: 0.32795043039593413 vs. 0.32795043039593413
list:
dist: 1.2482534049171268 vs. 1.2482534049171268
list:
dist: 2.3754353241834494 vs. 2.3754353241834494
list:
dist: 1.1972621570418547 vs. 1.1972621570418547
list:
dist: 1.4928161359942873 vs. 1.4928161359942873
list:
dist: 1.9237849712498665 vs. 1.9237849712498665
list:
dist: 1.401415916323433 vs. 1.401415916323433
list:
dist: 1.3411637504732055 vs. 1.3411637504732055
list:
dist: 3.4015808950142787 vs. 3.4015808950142787
list:
dist: 4.610399293231465 vs. 4.610399293231465
list:
dist: 2.114190267533617 vs. 2.114190267533617
list:
dist: 2.3243583667694483 vs. 2.3243583667694483
list:
dist: 2.6177363713367052 vs. 2.6177363713367052
list:
dist: 1.0833340103059264 vs. 1.0833340103059264
list:
dist: 2.493006387718307 vs. 2.493006387718307
list:
dist: 2.2405687623418054 vs. 2.2405687623418054
list:
dist: 1.3361223249875582 vs. 1.3361223249875582
list:
dist: 2.567391177684092 vs. 2.567391177684092
list:
dist: 2.9961150273528103 vs. 2.9961150273528103
list:
dist: 4.493232882799555 vs. 4.493232882799555
list:
dist: 2.116792734523197 vs. 2.116792734523197
list:
dist: 1.6772059400837502 vs. 1.6772059400837502
list:
dist: 2.801517172786822 vs. 2.801517172786822
list:
dist: 2.031875316226353 vs. 2.031875316226353
list:
dist: 3.4089478978968715 vs. 3.4089478978968715
list:
dist: 2.5575901816543656 vs. 2.5575901816543656
list:
dist: 2.3306576732306743 vs. 2.3306576732306743
list:
dist: 2.3425396904750992 vs. 2.3425396904750992
list:
dist: 1.9633093678685278 vs. 1.9633093678685278
list:
dist: 1.25632090798034 vs. 1.25632090798034
list:
dist: 1.0833340103059264 vs. 1.0833340103059264
list:
dist: 2.1437441046656303 vs. 2.1437441046656303
list:
dist: 3.1916860946009016 vs. 3.1916860946009016
list:
dist: 1.949869706663658 vs. 1.949869706663658
list:
dist: 2.4766739680188326 vs. 2.4766739680188326
list:
dist: 2.7366427029822398 vs. 2.7366427029822398
list:
dist: 1.9160263129233663 vs. 1.9160263129233663
list:
dist: 2.3660520291129297 vs. 2.3660520291129297
list:
dist: 2.970334346474623 vs. 2.970334346474623
list:
dist: 4.487583324410788 vs. 4.487583324410788
list:
dist: 2.630460993353173 vs. 2.630460993353173
list:
dist: 2.4185159331632162 vs. 2.4185159331632162
list:
dist: 2.5937028741249883 vs. 2.5937028741249883
list:
dist: 1.6913732293986148 vs. 1.6913732293986148
list:
dist: 1.959802918209603 vs. 1.959802918209603
list:
dist: 1.5702932313574107 vs. 1.5702932313574107
list:
dist: 1.9076478032902873 vs. 1.9076478032902873
list:
dist: 2.641801470144 vs. 2.641801470144
list:
dist: 3.6658090837666855 vs. 3.6658090837666855
list:
dist: 1.1465233734274825 vs. 1.1465233734274825
list:
dist: 1.1162014640557898 vs. 1.1162014640557898
list:
dist: 2.308224461333656 vs. 2.308224461333656
list:
dist: 1.78723243197553 vs. 1.78723243197553
list:
dist: 2.058032888857231 vs. 2.058032888857231
list:
dist: 2.2858957347870947 vs. 2.2858957347870947
list:
dist: 3.0660732494010485 vs. 3.0660732494010485
list:
dist: 2.858971061007362 vs. 2.858971061007362
list:
dist: 1.6479151710178004 vs. 1.6479151710178004
list:
dist: 1.8901894111259754 vs. 1.8901894111259754
list:
dist: 1.628825790411412 vs. 1.628825790411412
list:
dist: 1.6383421652204595 vs. 1.6383421652204595
list:
dist: 1.3361223249875582 vs. 1.3361223249875582
list:
dist: 2.245778017116252 vs. 2.245778017116252
list:
dist: 2.197734985457443 vs. 2.197734985457443
list:
dist: 0.8958538603322285 vs. 0.8958538603322285
list:
dist: 1.6233665516572076 vs. 1.6233665516572076
list:
dist: 1.692805238294068 vs. 1.692805238294068
list:
dist: 0.6958052607683024 vs. 0.6958052607683024
list:
dist: 1.7546068628493288 vs. 1.7546068628493288
list:
dist: 1.7904997046982882 vs. 1.7904997046982882
list:
dist: 1.5842608060450367 vs. 1.5842608060450367
list:
dist: 1.911106117692473 vs. 1.911106117692473
list:
dist: 1.5702932313574107 vs. 1.5702932313574107
list:
dist: 1.8683093157406856 vs. 1.8683093157406856
list:
dist: 1.3762034426288527 vs. 1.3762034426288527
list:
dist: 1.748062172911241 vs. 1.748062172911241
list:
dist: 1.8555402562409813 vs. 1.8555402562409813
list:
dist: 1.9010946859539923 vs. 1.9010946859539923
list:
dist: 1.2511477892985874 vs. 1.2511477892985874
list:
dist: 1.7516908079098976 vs. 1.7516908079098976
list:
dist: 1.7904781746031684 vs. 1.7904781746031684
list:
dist: 2.25371880882794 vs. 2.25371880882794
list:
dist: 3.2826281548836693 vs. 3.2826281548836693
list:
dist: 2.9398149533347238 vs. 2.9398149533347238
list:
dist: 2.354364780722482 vs. 2.354364780722482
list:
dist: 2.116792734523197 vs. 2.116792734523197
list:
dist: 3.142022440264515 vs. 3.142022440264515
list:
dist: 3.773314687423589 vs. 3.773314687423589
list:
dist: 2.5826387196825804 vs. 2.5826387196825804
list:
dist: 3.2670637631459694 vs. 3.2670637631459694
list:
dist: 3.332642339366496 vs. 3.332642339366496
list:
dist: 2.356813840529082 vs. 2.356813840529082
list:
dist: 3.233793827417321 vs. 3.233793827417321
list:
dist: 3.32244636296109 vs. 3.32244636296109
list:
dist: 4.895173733194965 vs. 4.895173733194965
list:
dist: 3.0126408207246365 vs. 3.0126408207246365
list:
dist: 2.3920367167162007 vs. 2.3920367167162007
list:
dist: 2.4328100206744603 vs. 2.4328100206744603
list:
dist: 4.893892524135972 vs. 4.893892524135972
list:
dist: 1.1465233734274825 vs. 1.1465233734274825
list:
dist: 0.7678803954276965 vs. 0.7678803954276965
list:
dist: 1.8151909904212469 vs. 1.8151909904212469
list:
dist: 1.9010946859539923 vs. 1.9010946859539923
list:
dist: 1.149976111351665 vs. 1.149976111351665
list:
dist: 2.1199920517405935 vs. 2.1199920517405935
list:
dist: 3.5299839484783364 vs. 3.5299839484783364
list:
dist: 0.8854682059424531 vs. 0.8854682059424531
list:
dist: 1.5734160620650106 vs. 1.5734160620650106
list:
dist: 3.67300465211054 vs. 3.67300465211054
list:
dist: 4.207810726650529 vs. 4.207810726650529
list:
dist: 2.8465719208742217 vs. 2.8465719208742217
list:
dist: 1.5228399996152049 vs. 1.5228399996152049
list:
dist: 0.9654984364962749 vs. 0.9654984364962749
list:
dist: 1.78723243197553 vs. 1.78723243197553
list:
dist: 1.132193140382691 vs. 1.132193140382691
list:
dist: 0.6701220571826496 vs. 0.6701220571826496
list:
dist: 1.7904781746031684 vs. 1.7904781746031684
list:
dist: 0.9911368478899618 vs. 0.9911368478899618
list:
dist: 1.3607053169838426 vs. 1.3607053169838426
list:
dist: 1.5228399996152049 vs. 1.5228399996152049
list:
dist: 1.8041639031751158 vs. 1.8041639031751158
list:
dist: 1.7605475446082017 vs. 1.7605475446082017
list:
dist: 1.729869710043652 vs. 1.729869710043652
list:
dist: 2.5002691061179836 vs. 2.5002691061179836
list:
dist: 2.889253045561256 vs. 2.889253045561256
list:
dist: 2.742299599927009 vs. 2.742299599927009
list:
dist: 1.8582355601831035 vs. 1.8582355601831035
list:
dist: 1.522637912026358 vs. 1.522637912026358
list:
dist: 1.568624551681795 vs. 1.568624551681795
list:
dist: 1.6810435758690825 vs. 1.6810435758690825
list:
dist: 1.401415916323433 vs. 1.401415916323433
list:
dist: 1.8986168653730087 vs. 1.8986168653730087
list:
dist: 1.5216610063084364 vs. 1.5216610063084364
list:
dist: 0.4481233986170217 vs. 0.4481233986170217
list:
dist: 1.1688393145987368 vs. 1.1688393145987368
list:
dist: 1.0372421870379642 vs. 1.0372421870379642
list:
dist: 1.3109063150348905 vs. 1.3109063150348905
list:
dist: 1.1371791935743012 vs. 1.1371791935743012
list:
dist: 1.2527754304573724 vs. 1.2527754304573724
list:
dist: 1.6360824209425229 vs. 1.6360824209425229
list:
dist: 1.9160263129233663 vs. 1.9160263129233663
list:
dist: 2.426974532121702 vs. 2.426974532121702
list:
dist: 2.060706939756191 vs. 2.060706939756191
list:
dist: 0.6958052607683024 vs. 0.6958052607683024
list:
dist: 2.341285667610809 vs. 2.341285667610809
list:
dist: 2.42158631496399 vs. 2.42158631496399
list:
dist: 2.356813840529082 vs. 2.356813840529082
list:
dist: 1.5529565729474009 vs. 1.5529565729474009
list:
dist: 2.1631648743411285 vs. 2.1631648743411285
list:
dist: 1.845980306995602 vs. 1.845980306995602
list:
dist: 2.296166239334197 vs. 2.296166239334197
list:
dist: 2.337443516794258 vs. 2.337443516794258
list:
dist: 2.114190267533617 vs. 2.114190267533617
list:
dist: 1.9646693105557715 vs. 1.9646693105557715
list:
dist: 1.015049852068958 vs. 1.015049852068958
list:
dist: 1.295293513807604 vs. 1.295293513807604
list:
dist: 1.5473814578183602 vs. 1.5473814578183602
list:
dist: 0.9357674432788899 vs. 0.9357674432788899
list:
dist: 1.1371791935743012 vs. 1.1371791935743012
list:
dist: 1.5878339232408794 vs. 1.5878339232408794
list:
dist: 1.0340087289360176 vs. 1.0340087289360176
list:
dist: 1.3198692764128641 vs. 1.3198692764128641
list:
dist: 2.630460993353173 vs. 2.630460993353173
list:
dist: 3.1946822662239094 vs. 3.1946822662239094
list:
dist: 3.1256959990880118 vs. 3.1256959990880118
list:
dist: 1.7904997046982882 vs. 1.7904997046982882
list:
dist: 3.172887054002916 vs. 3.172887054002916
list:
dist: 3.3082416631564566 vs. 3.3082416631564566
list:
dist: 3.0126408207246365 vs. 3.0126408207246365
list:
dist: 2.1350839695852897 vs. 2.1350839695852897
list:
dist: 2.782529881102934 vs. 2.782529881102934
list:
dist: 4.200574890573317 vs. 4.200574890573317
list:
dist: 3.27642103120739 vs. 3.27642103120739
list:
dist: 2.7543858465166324 vs. 2.7543858465166324
list:
dist: 2.9341763511879377 vs. 2.9341763511879377
list:
dist: 2.6561333403923437 vs. 2.6561333403923437
list:
dist: 1.5329884150870352 vs. 1.5329884150870352
list:
dist: 2.141935310782293 vs. 2.141935310782293
list:
dist: 2.5101608395826376 vs. 2.5101608395826376
list:
dist: 2.3754353241834494 vs. 2.3754353241834494
list:
dist: 1.9577465341940659 vs. 1.9577465341940659
list:
dist: 1.4113540709980206 vs. 1.4113540709980206
list:
dist: 1.1491514155846987 vs. 1.1491514155846987
list:
dist: 0.5267126904187914 vs. 0.5267126904187914
list:
dist: 1.5216610063084364 vs. 1.5216610063084364
list:
dist: 1.2682521076859614 vs. 1.2682521076859614
list:
dist: 1.015049852068958 vs. 1.015049852068958
list:
dist: 1.9624770025118545 vs. 1.9624770025118545
list:
dist: 2.282890485986962 vs. 2.282890485986962
list:
dist: 3.1916860946009016 vs. 3.1916860946009016
list:
dist: 3.916747673148837 vs. 3.916747673148837
list:
dist: 3.525633865897062 vs. 3.525633865897062
list:
dist: 2.197734985457443 vs. 2.197734985457443
list:
dist: 3.838945997301529 vs. 3.838945997301529
list:
dist: 3.814890322233408 vs. 3.814890322233408
list:
dist: 3.773314687423589 vs. 3.773314687423589
list:
dist: 2.923551630478854 vs. 2.923551630478854
list:
dist: 3.526163139153408 vs. 3.526163139153408
list:
dist: 2.90770173251598 vs. 2.90770173251598
list:
dist: 3.1074614490716175 vs. 3.1074614490716175
list:
dist: 2.917961752588845 vs. 2.917961752588845
list:
dist: 2.6177363713367052 vs. 2.6177363713367052
list:
dist: 2.9119456549594123 vs. 2.9119456549594123
list:
dist: 2.282890485986962 vs. 2.282890485986962
list:
dist: 2.038481049287737 vs. 2.038481049287737
list:
dist: 2.618349925432685 vs. 2.618349925432685
list:
dist: 2.1108562339200887 vs. 2.1108562339200887
list:
dist: 1.6360824209425229 vs. 1.6360824209425229
list:
dist: 2.6790044515455262 vs. 2.6790044515455262
list:
dist: 1.3198692764128641 vs. 1.3198692764128641
list:
dist: 0.3950897961699894 vs. 0.3950897961699894
list:
dist: 2.5937028741249883 vs. 2.5937028741249883
list:
dist: 2.500799143733506 vs. 2.500799143733506
list:
dist: 2.8709400962340528 vs. 2.8709400962340528
list:
dist: 1.911106117692473 vs. 1.911106117692473
list:
dist: 2.504693574548982 vs. 2.504693574548982
list:
dist: 2.732781816817382 vs. 2.732781816817382
list:
dist: 2.4328100206744603 vs. 2.4328100206744603
list:
dist: 1.6391633174308287 vs. 1.6391633174308287
list:
dist: 1.896659697755079 vs. 1.896659697755079
list:
dist: 3.31838754461183 vs. 3.31838754461183
list:
dist: 1.134938467873943 vs. 1.134938467873943
list:
dist: 1.5229175451941392 vs. 1.5229175451941392
list:
dist: 1.3425221362538096 vs. 1.3425221362538096
list:
dist: 1.019398635006083 vs. 1.019398635006083
list:
dist: 0.7803306098081887 vs. 0.7803306098081887
list:
dist: 0.8652523416271286 vs. 0.8652523416271286
list:
dist: 0.9361463572392532 vs. 0.9361463572392532
list:
dist: 1.324481763503587 vs. 1.324481763503587
list:
dist: 2.141935310782293 vs. 2.141935310782293
list:
dist: 1.162310277996199 vs. 1.162310277996199
list:
dist: 1.0129150120350137 vs. 1.0129150120350137
list:
dist: 1.7113068131759914 vs. 1.7113068131759914
list:
dist: 1.568624551681795 vs. 1.568624551681795
list:
dist: 0.9315924467187997 vs. 0.9315924467187997
list:
dist: 4.195685439257675 vs. 4.195685439257675
list:
dist: 5.246818736826053 vs. 5.246818736826053
list:
dist: 2.296166239334197 vs. 2.296166239334197
list:
dist: 2.7493266003150643 vs. 2.7493266003150643
list:
dist: 3.1074614490716175 vs. 3.1074614490716175
list:
dist: 1.9633093678685278 vs. 1.9633093678685278
list:
dist: 3.1713925308153637 vs. 3.1713925308153637
list:
dist: 2.529533577586344 vs. 2.529533577586344
list:
dist: 1.628825790411412 vs. 1.628825790411412
list:
dist: 3.143852249595192 vs. 3.143852249595192
list:
dist: 3.317887564254774 vs. 3.317887564254774
list:
dist: 5.3771442682472355 vs. 5.3771442682472355
list:
dist: 2.9398149533347238 vs. 2.9398149533347238
list:
dist: 2.4476987875508933 vs. 2.4476987875508933
list:
dist: 3.3438132290600926 vs. 3.3438132290600926
list:
dist: 2.8381304631673427 vs. 2.8381304631673427
list:
dist: 2.5433841263260555 vs. 2.5433841263260555
list:
dist: 2.663065946879059 vs. 2.663065946879059
list:
dist: 2.186288976900963 vs. 2.186288976900963
list:
dist: 1.2231655196536426 vs. 1.2231655196536426
list:
dist: 1.7113068131759914 vs. 1.7113068131759914
list:
dist: 2.083312826880246 vs. 2.083312826880246
list:
dist: 1.9237849712498665 vs. 1.9237849712498665
list:
dist: 1.7410312035498796 vs. 1.7410312035498796
list:
dist: 0.5267126904187914 vs. 0.5267126904187914
list:
dist: 0.8895082696346263 vs. 0.8895082696346263
list:
dist: 0.7541951962697337 vs. 0.7541951962697337
list:
dist: 1.0372421870379642 vs. 1.0372421870379642
list:
dist: 0.9355899571601799 vs. 0.9355899571601799
list:
dist: 0.9357674432788899 vs. 0.9357674432788899
list:
dist: 1.7461502487362208 vs. 1.7461502487362208
list:
dist: 2.1108562339200887 vs. 2.1108562339200887
list:
dist: 2.7366427029822398 vs. 2.7366427029822398
list:
dist: 3.45926113989537 vs. 3.45926113989537
list:
dist: 3.0184684806206135 vs. 3.0184684806206135
list:
dist: 1.692805238294068 vs. 1.692805238294068
list:
dist: 3.374913625212665 vs. 3.374913625212665
list:
dist: 3.36539777332123 vs. 3.36539777332123
list:
dist: 3.332642339366496 vs. 3.332642339366496
list:
dist: 2.5053680291959175 vs. 2.5053680291959175
list:
dist: 3.128295840136764 vs. 3.128295840136764
list:
dist: 3.7910113870199553 vs. 3.7910113870199553
list:
dist: 3.042055554002559 vs. 3.042055554002559
list:
dist: 3.8568083979194028 vs. 3.8568083979194028
list:
dist: 4.054068401329757 vs. 4.054068401329757
list:
dist: 3.0290148079729935 vs. 3.0290148079729935
list:
dist: 3.8524638870248107 vs. 3.8524638870248107
list:
dist: 3.593407537410603 vs. 3.593407537410603
list:
dist: 4.660571087239751 vs. 4.660571087239751
list:
dist: 4.5361838105799706 vs. 4.5361838105799706
list:
dist: 2.880198973527491 vs. 2.880198973527491
list:
dist: 3.7162971273771377 vs. 3.7162971273771377
list:
dist: 3.317887564254774 vs. 3.317887564254774
list:
dist: 3.2767109879968106 vs. 3.2767109879968106
list:
dist: 2.9961150273528103 vs. 2.9961150273528103
list:
dist: 4.071808136131723 vs. 4.071808136131723
list:
dist: 3.814890322233408 vs. 3.814890322233408
list:
dist: 2.7089633166192235 vs. 2.7089633166192235
list:
dist: 3.3986760718302307 vs. 3.3986760718302307
list:
dist: 3.36539777332123 vs. 3.36539777332123
list:
dist: 2.42158631496399 vs. 2.42158631496399
list:
dist: 3.5842874523190598 vs. 3.5842874523190598
list:
dist: 3.3082416631564566 vs. 3.3082416631564566
list:
dist: 2.6013470456749768 vs. 2.6013470456749768
list:
dist: 2.732781816817382 vs. 2.732781816817382
list:
dist: 2.641801470144 vs. 2.641801470144
list:
dist: 1.4315614535606531 vs. 1.4315614535606531
list:
dist: 0.9899929829402763 vs. 0.9899929829402763
list:
dist: 1.8555402562409813 vs. 1.8555402562409813
list:
dist: 1.0068185627595505 vs. 1.0068185627595505
list:
dist: 2.1199920517405935 vs. 2.1199920517405935
list:
dist: 2.0389865686645794 vs. 2.0389865686645794
list:
dist: 1.079487519143495 vs. 1.079487519143495
list:
dist: 1.3607053169838426 vs. 1.3607053169838426
list:
dist: 1.7344750014395816 vs. 1.7344750014395816
list:
dist: 3.3064926137968174 vs. 3.3064926137968174
list:
dist: 4.667539030267397 vs. 4.667539030267397
list:
dist: 4.117266706677341 vs. 4.117266706677341
list:
dist: 3.092149029907524 vs. 3.092149029907524
list:
dist: 3.5614948494095 vs. 3.5614948494095
list:
dist: 3.1713925308153637 vs. 3.1713925308153637
list:
dist: 2.7589990802598208 vs. 2.7589990802598208
list:
dist: 2.493006387718307 vs. 2.493006387718307
list:
dist: 3.596195950194999 vs. 3.596195950194999
list:
dist: 3.916747673148837 vs. 3.916747673148837
list:
dist: 2.7036584598788145 vs. 2.7036584598788145
list:
dist: 3.4346283872718186 vs. 3.4346283872718186
list:
dist: 3.45926113989537 vs. 3.45926113989537
list:
dist: 2.426974532121702 vs. 2.426974532121702
list:
dist: 3.4805703874019676 vs. 3.4805703874019676
list:
dist: 4.086671016715975 vs. 4.086671016715975
list:
dist: 5.626979829604994 vs. 5.626979829604994
list:
dist: 3.1946822662239094 vs. 3.1946822662239094
list:
dist: 2.4528036191274802 vs. 2.4528036191274802
list:
dist: 2.500799143733506 vs. 2.500799143733506
list:
dist: 1.6913732293986148 vs. 1.6913732293986148
list:
dist: 1.3661646594972494 vs. 1.3661646594972494
list:
dist: 1.8683093157406856 vs. 1.8683093157406856
list:
dist: 0.42552560121697486 vs. 0.42552560121697486
list:
dist: 1.4315614535606531 vs. 1.4315614535606531
list:
dist: 4.18526533974436 vs. 4.18526533974436
list:
dist: 0.7678803954276965 vs. 0.7678803954276965
list:
dist: 1.1787718482431129 vs. 1.1787718482431129
list:
dist: 1.0441766685665375 vs. 1.0441766685665375
list:
dist: 1.132193140382691 vs. 1.132193140382691
list:
dist: 0.6111471555402663 vs. 0.6111471555402663
list:
dist: 2.058032888857231 vs. 2.058032888857231
list:
dist: 0.6111471555402663 vs. 0.6111471555402663
list:
dist: 1.9177532866472464 vs. 1.9177532866472464
list:
dist: 2.25371880882794 vs. 2.25371880882794
list:
dist: 0.8656702101270919 vs. 0.8656702101270919
list:
dist: 1.7344750014395816 vs. 1.7344750014395816
list:
dist: 4.052866417251119 vs. 4.052866417251119
list:
dist: 0.9654984364962749 vs. 0.9654984364962749
list:
dist: 1.341232805092662 vs. 1.341232805092662
list:
dist: 1.0183403816309922 vs. 1.0183403816309922
list:
dist: 4.109333804957592 vs. 4.109333804957592
list:
dist: 4.565763228742882 vs. 4.565763228742882
list:
dist: 2.8701263622138162 vs. 2.8701263622138162
list:
dist: 1.729869710043652 vs. 1.729869710043652
list:
dist: 2.6401047598520564 vs. 2.6401047598520564
list:
dist: 3.8626090958883794 vs. 3.8626090958883794
list:
dist: 3.6796458273169126 vs. 3.6796458273169126
list:
dist: 2.0627356615111965 vs. 2.0627356615111965
list:
dist: 3.059564558237643 vs. 3.059564558237643
list:
dist: 2.529533577586344 vs. 2.529533577586344
list:
dist: 2.4761800726218497 vs. 2.4761800726218497
list:
dist: 2.2405687623418054 vs. 2.2405687623418054
list:
dist: 3.4125707350052172 vs. 3.4125707350052172
list:
dist: 3.525633865897062 vs. 3.525633865897062
list:
dist: 2.214684852092802 vs. 2.214684852092802
list:
dist: 2.846917938982964 vs. 2.846917938982964
list:
dist: 3.0184684806206135 vs. 3.0184684806206135
list:
dist: 2.060706939756191 vs. 2.060706939756191
list:
dist: 2.989537311844648 vs. 2.989537311844648
list:
dist: 3.1256959990880118 vs. 3.1256959990880118
list:
dist: 2.6506944686527056 vs. 2.6506944686527056
list:
dist: 2.8709400962340528 vs. 2.8709400962340528
list:
dist: 1.959802918209603 vs. 1.959802918209603
list:
dist: 1.3661646594972494 vs. 1.3661646594972494
list:
dist: 1.3762034426288527 vs. 1.3762034426288527
list:
dist: 1.0714514012339178 vs. 1.0714514012339178
list:
dist: 0.9899929829402763 vs. 0.9899929829402763
list:
dist: 1.8151909904212469 vs. 1.8151909904212469
list:
dist: 1.7721241068644789 vs. 1.7721241068644789
list:
dist: 1.5664763395270525 vs. 1.5664763395270525
list:
dist: 0.6701220571826496 vs. 0.6701220571826496
list:
dist: 1.9177532866472464 vs. 1.9177532866472464
list:
dist: 3.5849642154216688 vs. 3.5849642154216688
list:
dist: 3.3438132290600926 vs. 3.3438132290600926
list:
dist: 3.11660616674495 vs. 3.11660616674495
list:
dist: 2.801517172786822 vs. 2.801517172786822
list:
dist: 3.745630344200466 vs. 3.745630344200466
list:
dist: 3.526163139153408 vs. 3.526163139153408
list:
dist: 2.5491030916745325 vs. 2.5491030916745325
list:
dist: 3.3046367478398517 vs. 3.3046367478398517
list:
dist: 3.128295840136764 vs. 3.128295840136764
list:
dist: 2.1631648743411285 vs. 2.1631648743411285
list:
dist: 3.4271876446080927 vs. 3.4271876446080927
list:
dist: 2.782529881102934 vs. 2.782529881102934
list:
dist: 1.883449775926911 vs. 1.883449775926911
list:
dist: 1.896659697755079 vs. 1.896659697755079
list:
dist: 2.308224461333656 vs. 2.308224461333656
list:
dist: 1.0441766685665375 vs. 1.0441766685665375
list:
dist: 1.5664763395270525 vs. 1.5664763395270525
list:
dist: 1.7516908079098976 vs. 1.7516908079098976
list:
dist: 0.8479490740180611 vs. 0.8479490740180611
list:
dist: 1.079487519143495 vs. 1.079487519143495
list:
dist: 1.5734160620650106 vs. 1.5734160620650106
list:
dist: 1.3641859196069064 vs. 1.3641859196069064
list:
dist: 3.5429034807680164 vs. 3.5429034807680164
list:
dist: 1.7605475446082017 vs. 1.7605475446082017
list:
dist: 1.0183403816309922 vs. 1.0183403816309922
list:
dist: 3.3195085783630547 vs. 3.3195085783630547
list:
dist: 4.613532823709032 vs. 4.613532823709032
list:
dist: 4.189461418969573 vs. 4.189461418969573
list:
dist: 2.951007661763831 vs. 2.951007661763831
list:
dist: 3.548152637699113 vs. 3.548152637699113
list:
dist: 3.143852249595192 vs. 3.143852249595192
list:
dist: 2.8438064702098713 vs. 2.8438064702098713
list:
dist: 2.567391177684092 vs. 2.567391177684092
list:
dist: 3.686983598300735 vs. 3.686983598300735
list:
dist: 3.838945997301529 vs. 3.838945997301529
list:
dist: 2.6278518849673236 vs. 2.6278518849673236
list:
dist: 3.3624345707324137 vs. 3.3624345707324137
list:
dist: 3.374913625212665 vs. 3.374913625212665
list:
dist: 2.341285667610809 vs. 2.341285667610809
list:
dist: 3.4514688775158384 vs. 3.4514688775158384
list:
dist: 3.172887054002916 vs. 3.172887054002916
list:
dist: 2.426076659169162 vs. 2.426076659169162
list:
dist: 2.504693574548982 vs. 2.504693574548982
list:
dist: 1.9076478032902873 vs. 1.9076478032902873
list:
dist: 0.42552560121697486 vs. 0.42552560121697486
list:
dist: 1.0714514012339178 vs. 1.0714514012339178
list:
dist: 1.748062172911241 vs. 1.748062172911241
list:
dist: 1.0068185627595505 vs. 1.0068185627595505
list:
dist: 1.149976111351665 vs. 1.149976111351665
list:
dist: 1.3439582382754014 vs. 1.3439582382754014
list:
dist: 0.8479490740180611 vs. 0.8479490740180611
list:
dist: 0.9911368478899618 vs. 0.9911368478899618
list:
dist: 0.8656702101270919 vs. 0.8656702101270919
list:
dist: 2.6418799949987615 vs. 2.6418799949987615
list:
dist: 2.4476987875508933 vs. 2.4476987875508933
list:
dist: 1.9781100813741987 vs. 1.9781100813741987
list:
dist: 1.6772059400837502 vs. 1.6772059400837502
list:
dist: 2.5672918720018827 vs. 2.5672918720018827
list:
dist: 2.923551630478854 vs. 2.923551630478854
list:
dist: 1.837191057768255 vs. 1.837191057768255
list:
dist: 2.549180716113064 vs. 2.549180716113064
list:
dist: 2.5053680291959175 vs. 2.5053680291959175
list:
dist: 1.5529565729474009 vs. 1.5529565729474009
list:
dist: 2.5393075370082463 vs. 2.5393075370082463
list:
dist: 3.4240220798644607 vs. 3.4240220798644607
list:
dist: 4.747598367581511 vs. 4.747598367581511
list:
dist: 2.1350839695852897 vs. 2.1350839695852897
list:
dist: 1.539855667464018 vs. 1.539855667464018
list:
dist: 1.6391633174308287 vs. 1.6391633174308287
list:
dist: 4.806748087329949 vs. 4.806748087329949
list:
dist: 1.1162014640557898 vs. 1.1162014640557898
list:
dist: 1.1787718482431129 vs. 1.1787718482431129
list:
dist: 1.7721241068644789 vs. 1.7721241068644789
list:
dist: 1.2511477892985874 vs. 1.2511477892985874
list:
dist: 1.3439582382754014 vs. 1.3439582382754014
list:
dist: 2.0389865686645794 vs. 2.0389865686645794
list:
dist: 4.035343980468984 vs. 4.035343980468984
list:
dist: 0.8854682059424531 vs. 0.8854682059424531
list:
dist: 1.3641859196069064 vs. 1.3641859196069064
list:
dist: 3.8630500067183613 vs. 3.8630500067183613
list:
dist: 4.467544130720107 vs. 4.467544130720107
list:
dist: 3.0215461509450727 vs. 3.0215461509450727
list:
dist: 1.8041639031751158 vs. 1.8041639031751158
list:
dist: 1.341232805092662 vs. 1.341232805092662
list:
dist: 3.289882550983725 vs. 3.289882550983725
list:
dist: 3.2999719309728124 vs. 3.2999719309728124
list:
dist: 2.7370444424195277 vs. 2.7370444424195277
list:
dist: 1.2369519768301336 vs. 1.2369519768301336
list:
dist: 1.480972205449219 vs. 1.480972205449219
list:
dist: 2.864397121066549 vs. 2.864397121066549
list:
dist: 1.8910261220186606 vs. 1.8910261220186606
list:
dist: 1.4802381278248458 vs. 1.4802381278248458
list:
dist: 1.5769816879490566 vs. 1.5769816879490566
list:
dist: 1.2852305768049836 vs. 1.2852305768049836
list:
dist: 1.395280833720119 vs. 1.395280833720119
list:
dist: 1.4058835240234404 vs. 1.4058835240234404
list:
dist: 1.2410588021482625 vs. 1.2410588021482625
list:
dist: 1.298133805499328 vs. 1.298133805499328
list:
dist: 1.3483212076336621 vs. 1.3483212076336621
list:
dist: 1.1312064706253067 vs. 1.1312064706253067
list:
dist: 0.832836707990227 vs. 0.832836707990227
list:
dist: 0.9892125943577107 vs. 0.9892125943577107
list:
dist: 1.5887377371503066 vs. 1.5887377371503066
list:
dist: 2.1772252493637385 vs. 2.1772252493637385
list:
dist: 2.0561266777388445 vs. 2.0561266777388445
list:
dist: 2.561083546709529 vs. 2.561083546709529
list:
dist: 1.5650124827237186 vs. 1.5650124827237186
list:
dist: 1.4085298703684035 vs. 1.4085298703684035
list:
dist: 1.645619660004544 vs. 1.645619660004544
list:
dist: 2.3876758070467843 vs. 2.3876758070467843
list:
dist: 2.930801802913847 vs. 2.930801802913847
list:
dist: 2.1229681589520935 vs. 2.1229681589520935
list:
dist: 1.943758821272157 vs. 1.943758821272157
list:
dist: 2.730939739293336 vs. 2.730939739293336
list:
dist: 2.6022616744500433 vs. 2.6022616744500433
list:
dist: 1.223307827791347 vs. 1.223307827791347
list:
dist: 2.7038838723305942 vs. 2.7038838723305942
list:
dist: 1.764838457936904 vs. 1.764838457936904
list:
dist: 2.1686298866137093 vs. 2.1686298866137093
list:
dist: 1.5818349229782853 vs. 1.5818349229782853
list:
dist: 1.6876667327539028 vs. 1.6876667327539028
list:
dist: 2.503978283962583 vs. 2.503978283962583
list:
dist: 2.5109672093170006 vs. 2.5109672093170006
list:
dist: 2.6259927984318163 vs. 2.6259927984318163
list:
dist: 1.480972205449219 vs. 1.480972205449219
list:
dist: 2.6373145028990086 vs. 2.6373145028990086
list:
dist: 2.544070025952724 vs. 2.544070025952724
list:
dist: 1.8381894131833778 vs. 1.8381894131833778
list:
dist: 2.1062794622565626 vs. 2.1062794622565626
list:
dist: 2.7010186791709088 vs. 2.7010186791709088
list:
dist: 1.3423747359645046 vs. 1.3423747359645046
list:
dist: 2.1880655452088513 vs. 2.1880655452088513
list:
dist: 2.9953262767220963 vs. 2.9953262767220963
list:
dist: 3.440047657248313 vs. 3.440047657248313
list:
dist: 3.8864911666957855 vs. 3.8864911666957855
list:
dist: 3.423692858399306 vs. 3.423692858399306
list:
dist: 2.298537974856749 vs. 2.298537974856749
list:
dist: 1.7424165895245725 vs. 1.7424165895245725
list:
dist: 1.8381894131833778 vs. 1.8381894131833778
list:
dist: 2.0450080935494808 vs. 2.0450080935494808
list:
dist: 1.7097966191589054 vs. 1.7097966191589054
list:
dist: 1.9058751099077162 vs. 1.9058751099077162
list:
dist: 1.6662755788452417 vs. 1.6662755788452417
list:
dist: 1.9844124397762295 vs. 1.9844124397762295
list:
dist: 2.159754245221232 vs. 2.159754245221232
list:
dist: 2.0385592305164586 vs. 2.0385592305164586
list:
dist: 1.6344087703120846 vs. 1.6344087703120846
list:
dist: 1.0581737198161312 vs. 1.0581737198161312
list:
dist: 0.832836707990227 vs. 0.832836707990227
list:
dist: 1.9152282603847475 vs. 1.9152282603847475
list:
dist: 1.5660780133981849 vs. 1.5660780133981849
list:
dist: 1.3545073196190132 vs. 1.3545073196190132
list:
dist: 1.124492843119411 vs. 1.124492843119411
list:
dist: 1.7745465294741374 vs. 1.7745465294741374
list:
dist: 1.6739187376230578 vs. 1.6739187376230578
list:
dist: 1.8985130280166846 vs. 1.8985130280166846
list:
dist: 1.9918544867463621 vs. 1.9918544867463621
list:
dist: 1.0351045000082886 vs. 1.0351045000082886
list:
dist: 1.4154250748365995 vs. 1.4154250748365995
list:
dist: 1.9389918622007367 vs. 1.9389918622007367
list:
dist: 2.409075463181806 vs. 2.409075463181806
list:
dist: 2.2060474513148915 vs. 2.2060474513148915
list:
dist: 1.891460972671185 vs. 1.891460972671185
list:
dist: 3.0948546454967585 vs. 3.0948546454967585
list:
dist: 3.880507761905966 vs. 3.880507761905966
list:
dist: 1.7986441668055313 vs. 1.7986441668055313
list:
dist: 1.6876667327539028 vs. 1.6876667327539028
list:
dist: 3.1344191074320418 vs. 3.1344191074320418
list:
dist: 2.1692474833604067 vs. 2.1692474833604067
list:
dist: 2.6555652278811146 vs. 2.6555652278811146
list:
dist: 1.4968480108637277 vs. 1.4968480108637277
list:
dist: 1.1505920311797995 vs. 1.1505920311797995
list:
dist: 2.056151649644881 vs. 2.056151649644881
list:
dist: 2.563735586301782 vs. 2.563735586301782
list:
dist: 1.395280833720119 vs. 1.395280833720119
list:
dist: 1.5978014801180687 vs. 1.5978014801180687
list:
dist: 1.7451883991658081 vs. 1.7451883991658081
list:
dist: 2.159754245221232 vs. 2.159754245221232
list:
dist: 1.3124687190511686 vs. 1.3124687190511686
list:
dist: 2.9491260686245013 vs. 2.9491260686245013
list:
dist: 1.1285578791841742 vs. 1.1285578791841742
list:
dist: 2.220768626914579 vs. 2.220768626914579
list:
dist: 2.5032602428822655 vs. 2.5032602428822655
list:
dist: 3.160236077522367 vs. 3.160236077522367
list:
dist: 2.564172772055809 vs. 2.564172772055809
list:
dist: 2.5584272557880277 vs. 2.5584272557880277
list:
dist: 2.235519767659279 vs. 2.235519767659279
list:
dist: 2.1445422729977577 vs. 2.1445422729977577
list:
dist: 2.730939739293336 vs. 2.730939739293336
list:
dist: 3.5045866653558257 vs. 3.5045866653558257
list:
dist: 2.1416969043743324 vs. 2.1416969043743324
list:
dist: 2.8283445965404437 vs. 2.8283445965404437
list:
dist: 2.0734924856874755 vs. 2.0734924856874755
list:
dist: 3.0948546454967585 vs. 3.0948546454967585
list:
dist: 3.7466771885412165 vs. 3.7466771885412165
list:
dist: 3.3070130482262683 vs. 3.3070130482262683
list:
dist: 4.010572728342232 vs. 4.010572728342232
list:
dist: 3.289882550983725 vs. 3.289882550983725
list:
dist: 3.6064896108347835 vs. 3.6064896108347835
list:
dist: 3.7180185692109506 vs. 3.7180185692109506
list:
dist: 3.8864911666957855 vs. 3.8864911666957855
list:
dist: 4.027254039879096 vs. 4.027254039879096
list:
dist: 4.111633985943568 vs. 4.111633985943568
list:
dist: 2.8283445965404437 vs. 2.8283445965404437
list:
dist: 2.3373953033265398 vs. 2.3373953033265398
list:
dist: 1.6075264469642216 vs. 1.6075264469642216
list:
dist: 1.154374191309508 vs. 1.154374191309508
list:
dist: 2.1686298866137093 vs. 2.1686298866137093
list:
dist: 0.7065083703174947 vs. 0.7065083703174947
list:
dist: 0.7791049528487941 vs. 0.7791049528487941
list:
dist: 1.4275706120163594 vs. 1.4275706120163594
list:
dist: 2.6555652278811146 vs. 2.6555652278811146
list:
dist: 2.616301206814609 vs. 2.616301206814609
list:
dist: 1.3572549051456175 vs. 1.3572549051456175
list:
dist: 1.4461370834782796 vs. 1.4461370834782796
list:
dist: 1.5769816879490566 vs. 1.5769816879490566
list:
dist: 2.166450366677348 vs. 2.166450366677348
list:
dist: 1.946997711033154 vs. 1.946997711033154
list:
dist: 1.6662755788452417 vs. 1.6662755788452417
list:
dist: 2.5038167386638785 vs. 2.5038167386638785
list:
dist: 1.3563332465357603 vs. 1.3563332465357603
list:
dist: 1.5807605715362325 vs. 1.5807605715362325
list:
dist: 2.4466233882034407 vs. 2.4466233882034407
list:
dist: 2.224782213654226 vs. 2.224782213654226
list:
dist: 3.1204056490002263 vs. 3.1204056490002263
list:
dist: 2.1445422729977577 vs. 2.1445422729977577
list:
dist: 2.2058460976682697 vs. 2.2058460976682697
list:
dist: 1.223307827791347 vs. 1.223307827791347
list:
dist: 1.8199941174541345 vs. 1.8199941174541345
list:
dist: 0.5526954017223742 vs. 0.5526954017223742
list:
dist: 1.154374191309508 vs. 1.154374191309508
list:
dist: 0.6245186369869148 vs. 0.6245186369869148
list:
dist: 1.7986441668055313 vs. 1.7986441668055313
list:
dist: 2.2253727423068037 vs. 2.2253727423068037
list:
dist: 1.6302190435605977 vs. 1.6302190435605977
list:
dist: 2.019955804273875 vs. 2.019955804273875
list:
dist: 1.2369519768301336 vs. 1.2369519768301336
list:
dist: 2.0466279495098654 vs. 2.0466279495098654
list:
dist: 1.9662553325294674 vs. 1.9662553325294674
list:
dist: 1.7424165895245725 vs. 1.7424165895245725
list:
dist: 2.151115278296168 vs. 2.151115278296168
list:
dist: 2.1206377602659208 vs. 2.1206377602659208
list:
dist: 2.1274588890489103 vs. 2.1274588890489103
list:
dist: 2.5222731404524783 vs. 2.5222731404524783
list:
dist: 2.8258397493747704 vs. 2.8258397493747704
list:
dist: 3.5832752677871347 vs. 3.5832752677871347
list:
dist: 2.235519767659279 vs. 2.235519767659279
list:
dist: 2.2058460976682697 vs. 2.2058460976682697
list:
dist: 2.6022616744500433 vs. 2.6022616744500433
list:
dist: 2.8014262132144294 vs. 2.8014262132144294
list:
dist: 2.1651807496379765 vs. 2.1651807496379765
list:
dist: 2.3373953033265398 vs. 2.3373953033265398
list:
dist: 2.674549516000371 vs. 2.674549516000371
list:
dist: 3.880507761905966 vs. 3.880507761905966
list:
dist: 4.430141621906993 vs. 4.430141621906993
list:
dist: 3.5511531211631486 vs. 3.5511531211631486
list:
dist: 3.6957792104743934 vs. 3.6957792104743934
list:
dist: 3.2999719309728124 vs. 3.2999719309728124
list:
dist: 4.184380652182308 vs. 4.184380652182308
list:
dist: 4.06249263177472 vs. 4.06249263177472
list:
dist: 3.423692858399306 vs. 3.423692858399306
list:
dist: 4.263022047038871 vs. 4.263022047038871
list:
dist: 3.4865145728647713 vs. 3.4865145728647713
list:
dist: 1.2409635049016354 vs. 1.2409635049016354
list:
dist: 3.8568083979194028 vs. 3.8568083979194028
list:
dist: 2.5768230675746646 vs. 2.5768230675746646
list:
dist: 0.9418377478279685 vs. 0.9418377478279685
list:
dist: 2.289344810908245 vs. 2.289344810908245
list:
dist: 1.5807605715362325 vs. 1.5807605715362325
list:
dist: 1.7321801492773754 vs. 1.7321801492773754
list:
dist: 0.9890958611053727 vs. 0.9890958611053727
list:
dist: 2.1772252493637385 vs. 2.1772252493637385
list:
dist: 2.4532205063375074 vs. 2.4532205063375074
list:
dist: 2.087808276886583 vs. 2.087808276886583
list:
dist: 1.7745465294741374 vs. 1.7745465294741374
list:
dist: 2.713347856783092 vs. 2.713347856783092
list:
dist: 0.6502784425176792 vs. 0.6502784425176792
list:
dist: 1.381086240910727 vs. 1.381086240910727
list:
dist: 0.8997520051015077 vs. 0.8997520051015077
list:
dist: 2.604687782424625 vs. 2.604687782424625
list:
dist: 2.1066774723058352 vs. 2.1066774723058352
list:
dist: 2.798132087349539 vs. 2.798132087349539
list:
dist: 2.766010447299221 vs. 2.766010447299221
list:
dist: 2.639707340363812 vs. 2.639707340363812
list:
dist: 2.4308705671074797 vs. 2.4308705671074797
list:
dist: 2.5222731404524783 vs. 2.5222731404524783
list:
dist: 2.1880655452088513 vs. 2.1880655452088513
list:
dist: 2.004128347262587 vs. 2.004128347262587
list:
dist: 2.676302562924445 vs. 2.676302562924445
list:
dist: 2.220768626914579 vs. 2.220768626914579
list:
dist: 2.1023973085380847 vs. 2.1023973085380847
list:
dist: 2.362150698096539 vs. 2.362150698096539
list:
dist: 1.834317279489312 vs. 1.834317279489312
list:
dist: 1.4085298703684035 vs. 1.4085298703684035
list:
dist: 2.2666241724839393 vs. 2.2666241724839393
list:
dist: 1.9808336199819279 vs. 1.9808336199819279
list:
dist: 1.0351045000082886 vs. 1.0351045000082886
list:
dist: 1.160240788893148 vs. 1.160240788893148
list:
dist: 1.9947906039174306 vs. 1.9947906039174306
list:
dist: 2.604687782424625 vs. 2.604687782424625
list:
dist: 1.9683381711998331 vs. 1.9683381711998331
list:
dist: 2.5183112232434715 vs. 2.5183112232434715
list:
dist: 1.7187983037011407 vs. 1.7187983037011407
list:
dist: 1.2674559009955368 vs. 1.2674559009955368
list:
dist: 1.2692292770511344 vs. 1.2692292770511344
list:
dist: 1.9685263590734279 vs. 1.9685263590734279
list:
dist: 2.0697246102958995 vs. 2.0697246102958995
list:
dist: 1.7029362712138294 vs. 1.7029362712138294
list:
dist: 2.8258397493747704 vs. 2.8258397493747704
list:
dist: 2.9953262767220963 vs. 2.9953262767220963
list:
dist: 2.509631191811386 vs. 2.509631191811386
list:
dist: 2.786339663655732 vs. 2.786339663655732
list:
dist: 2.5032602428822655 vs. 2.5032602428822655
list:
dist: 1.7644724512597916 vs. 1.7644724512597916
list:
dist: 1.8562168920415425 vs. 1.8562168920415425
list:
dist: 1.320149948215341 vs. 1.320149948215341
list:
dist: 1.645619660004544 vs. 1.645619660004544
list:
dist: 1.6925338862756942 vs. 1.6925338862756942
list:
dist: 1.3686704155282527 vs. 1.3686704155282527
list:
dist: 1.4154250748365995 vs. 1.4154250748365995
list:
dist: 1.2292104096669054 vs. 1.2292104096669054
list:
dist: 1.6890376006228798 vs. 1.6890376006228798
list:
dist: 2.1066774723058352 vs. 2.1066774723058352
list:
dist: 0.9672510685982936 vs. 0.9672510685982936
list:
dist: 2.196225622343953 vs. 2.196225622343953
list:
dist: 2.545749051442258 vs. 2.545749051442258
list:
dist: 1.2674559009955368 vs. 1.2674559009955368
list:
dist: 1.0810000845925358 vs. 1.0810000845925358
list:
dist: 1.428896149717942 vs. 1.428896149717942
list:
dist: 0.9608082901962962 vs. 0.9608082901962962
list:
dist: 0.547143369545331 vs. 0.547143369545331
list:
dist: 3.042055554002559 vs. 3.042055554002559
list:
dist: 3.499733475350383 vs. 3.499733475350383
list:
dist: 2.5421477238851806 vs. 2.5421477238851806
list:
dist: 2.864397121066549 vs. 2.864397121066549
list:
dist: 3.814899757575695 vs. 3.814899757575695
list:
dist: 3.4229837233083575 vs. 3.4229837233083575
list:
dist: 2.0450080935494808 vs. 2.0450080935494808
list:
dist: 3.0589280755982395 vs. 3.0589280755982395
list:
dist: 2.239705600552308 vs. 2.239705600552308
list:
dist: 2.5768230675746646 vs. 2.5768230675746646
list:
dist: 2.470723473282862 vs. 2.470723473282862
list:
dist: 1.8720246785535157 vs. 1.8720246785535157
list:
dist: 2.004128347262587 vs. 2.004128347262587
list:
dist: 2.509631191811386 vs. 2.509631191811386
list:
dist: 2.110463702987694 vs. 2.110463702987694
list:
dist: 2.211286034883499 vs. 2.211286034883499
list:
dist: 3.7180185692109506 vs. 3.7180185692109506
list:
dist: 4.06249263177472 vs. 4.06249263177472
list:
dist: 3.029616951475657 vs. 3.029616951475657
list:
dist: 1.9662553325294674 vs. 1.9662553325294674
list:
dist: 2.544070025952724 vs. 2.544070025952724
list:
dist: 3.4229837233083575 vs. 3.4229837233083575
list:
dist: 2.0734435802408324 vs. 2.0734435802408324
list:
dist: 1.9461388192918114 vs. 1.9461388192918114
list:
dist: 1.946997711033154 vs. 1.946997711033154
list:
dist: 1.6907777848409569 vs. 1.6907777848409569
list:
dist: 1.7451883991658081 vs. 1.7451883991658081
list:
dist: 0.9195432381421913 vs. 0.9195432381421913
list:
dist: 0.7180200541961942 vs. 0.7180200541961942
list:
dist: 1.1787687936113251 vs. 1.1787687936113251
list:
dist: 1.1312064706253067 vs. 1.1312064706253067
list:
dist: 0.4147687214223685 vs. 0.4147687214223685
list:
dist: 1.5660780133981849 vs. 1.5660780133981849
list:
dist: 1.1499806079284154 vs. 1.1499806079284154
list:
dist: 1.7167526585659738 vs. 1.7167526585659738
list:
dist: 2.087808276886583 vs. 2.087808276886583
list:
dist: 1.644940088793586 vs. 1.644940088793586
list:
dist: 2.656079005701531 vs. 2.656079005701531
list:
dist: 2.3493874689847583 vs. 2.3493874689847583
list:
dist: 1.9808336199819279 vs. 1.9808336199819279
list:
dist: 1.3686704155282527 vs. 1.3686704155282527
list:
dist: 2.413036351589929 vs. 2.413036351589929
list:
dist: 2.7793323153384817 vs. 2.7793323153384817
list:
dist: 1.3415208780780923 vs. 1.3415208780780923
list:
dist: 1.366607717037126 vs. 1.366607717037126
list:
dist: 3.5045866653558257 vs. 3.5045866653558257
list:
dist: 2.8014262132144294 vs. 2.8014262132144294
list:
dist: 1.054321905546649 vs. 1.054321905546649
list:
dist: 1.8199941174541345 vs. 1.8199941174541345
list:
dist: 2.7038838723305942 vs. 2.7038838723305942
list:
dist: 1.4763720524301522 vs. 1.4763720524301522
list:
dist: 0.7065083703174947 vs. 0.7065083703174947
list:
dist: 2.0601947852509688 vs. 2.0601947852509688
list:
dist: 3.1344191074320418 vs. 3.1344191074320418
list:
dist: 2.8877571547826517 vs. 2.8877571547826517
list:
dist: 1.513040634514043 vs. 1.513040634514043
list:
dist: 1.2138668910795816 vs. 1.2138668910795816
list:
dist: 1.8910261220186606 vs. 1.8910261220186606
list:
dist: 2.3709516478657777 vs. 2.3709516478657777
list:
dist: 2.0734435802408324 vs. 2.0734435802408324
list:
dist: 1.7097966191589054 vs. 1.7097966191589054
list:
dist: 2.7004534443420947 vs. 2.7004534443420947
list:
dist: 0.9383882631282922 vs. 0.9383882631282922
list:
dist: 0.9418377478279685 vs. 0.9418377478279685
list:
dist: 2.0738865129833375 vs. 2.0738865129833375
list:
dist: 1.619289469352621 vs. 1.619289469352621
list:
dist: 3.0358226135695388 vs. 3.0358226135695388
list:
dist: 2.5468761138744562 vs. 2.5468761138744562
list:
dist: 4.054068401329757 vs. 4.054068401329757
list:
dist: 2.470723473282862 vs. 2.470723473282862
list:
dist: 2.0738865129833375 vs. 2.0738865129833375
list:
dist: 2.9090044877525467 vs. 2.9090044877525467
list:
dist: 2.4466233882034407 vs. 2.4466233882034407
list:
dist: 1.8122448630112622 vs. 1.8122448630112622
list:
dist: 1.0203379005144038 vs. 1.0203379005144038
list:
dist: 2.0561266777388445 vs. 2.0561266777388445
list:
dist: 2.0201995640195882 vs. 2.0201995640195882
list:
dist: 1.644940088793586 vs. 1.644940088793586
list:
dist: 1.6739187376230578 vs. 1.6739187376230578
list:
dist: 2.030275258825661 vs. 2.030275258825661
list:
dist: 1.2400215410239817 vs. 1.2400215410239817
list:
dist: 1.381086240910727 vs. 1.381086240910727
list:
dist: 1.4933483334771775 vs. 1.4933483334771775
list:
dist: 1.9683381711998331 vs. 1.9683381711998331
list:
dist: 0.9672510685982936 vs. 0.9672510685982936
list:
dist: 1.6710179274290489 vs. 1.6710179274290489
list:
dist: 1.5838227429108547 vs. 1.5838227429108547
list:
dist: 1.4598517188119384 vs. 1.4598517188119384
list:
dist: 1.1988897791053028 vs. 1.1988897791053028
list:
dist: 4.010572728342232 vs. 4.010572728342232
list:
dist: 3.6957792104743934 vs. 3.6957792104743934
list:
dist: 1.9670244791636404 vs. 1.9670244791636404
list:
dist: 2.019955804273875 vs. 2.019955804273875
list:
dist: 2.6259927984318163 vs. 2.6259927984318163
list:
dist: 2.5421477238851806 vs. 2.5421477238851806
list:
dist: 1.2138668910795816 vs. 1.2138668910795816
list:
dist: 1.8970172462945585 vs. 1.8970172462945585
list:
dist: 1.4461370834782796 vs. 1.4461370834782796
list:
dist: 2.0786193856503057 vs. 2.0786193856503057
list:
dist: 2.563735586301782 vs. 2.563735586301782
list:
dist: 2.0240568396014975 vs. 2.0240568396014975
list:
dist: 1.0381024420999643 vs. 1.0381024420999643
list:
dist: 1.298133805499328 vs. 1.298133805499328
list:
dist: 1.5777009320816224 vs. 1.5777009320816224
list:
dist: 1.1787687936113251 vs. 1.1787687936113251
list:
dist: 1.0581737198161312 vs. 1.0581737198161312
list:
dist: 1.7336660252952745 vs. 1.7336660252952745
list:
dist: 0.5542989148512906 vs. 0.5542989148512906
list:
dist: 0.9890958611053727 vs. 0.9890958611053727
list:
dist: 1.0203379005144038 vs. 1.0203379005144038
list:
dist: 1.4956880063000944 vs. 1.4956880063000944
list:
dist: 2.7950022767298304 vs. 2.7950022767298304
list:
dist: 1.834317279489312 vs. 1.834317279489312
list:
dist: 1.320149948215341 vs. 1.320149948215341
list:
dist: 2.1986611917335943 vs. 2.1986611917335943
list:
dist: 2.39411644169586 vs. 2.39411644169586
list:
dist: 1.859152794141316 vs. 1.859152794141316
list:
dist: 1.6478997006258587 vs. 1.6478997006258587
list:
dist: 2.1274588890489103 vs. 2.1274588890489103
list:
dist: 1.3423747359645046 vs. 1.3423747359645046
list:
dist: 2.1535664226006226 vs. 2.1535664226006226
list:
dist: 1.1285578791841742 vs. 1.1285578791841742
list:
dist: 1.9213704726641665 vs. 1.9213704726641665
list:
dist: 2.686305717873619 vs. 2.686305717873619
list:
dist: 2.7950022767298304 vs. 2.7950022767298304
list:
dist: 1.5650124827237186 vs. 1.5650124827237186
list:
dist: 2.375487079127561 vs. 2.375487079127561
list:
dist: 2.3493874689847583 vs. 2.3493874689847583
list:
dist: 1.9918544867463621 vs. 1.9918544867463621
list:
dist: 1.428830048128246 vs. 1.428830048128246
list:
dist: 3.0523307359303664 vs. 3.0523307359303664
list:
dist: 1.7187983037011407 vs. 1.7187983037011407
list:
dist: 2.545749051442258 vs. 2.545749051442258
list:
dist: 2.8359328363587015 vs. 2.8359328363587015
list:
dist: 2.912801246734718 vs. 2.912801246734718
list:
dist: 2.754636562991328 vs. 2.754636562991328
list:
dist: 3.7466771885412165 vs. 3.7466771885412165
list:
dist: 4.430141621906993 vs. 4.430141621906993
list:
dist: 2.2253727423068037 vs. 2.2253727423068037
list:
dist: 2.503978283962583 vs. 2.503978283962583
list:
dist: 2.8877571547826517 vs. 2.8877571547826517
list:
dist: 2.374549126902327 vs. 2.374549126902327
list:
dist: 2.616301206814609 vs. 2.616301206814609
list:
dist: 1.8411727719476887 vs. 1.8411727719476887
list:
dist: 1.1505920311797995 vs. 1.1505920311797995
list:
dist: 1.506887489220888 vs. 1.506887489220888
list:
dist: 2.0240568396014975 vs. 2.0240568396014975
list:
dist: 1.4058835240234404 vs. 1.4058835240234404
list:
dist: 0.6934383766208795 vs. 0.6934383766208795
list:
dist: 0.9195432381421913 vs. 0.9195432381421913
list:
dist: 2.0385592305164586 vs. 2.0385592305164586
list:
dist: 0.9521312222080104 vs. 0.9521312222080104
list:
dist: 2.538146942740578 vs. 2.538146942740578
list:
dist: 1.9213704726641665 vs. 1.9213704726641665
list:
dist: 2.1023973085380847 vs. 2.1023973085380847
list:
dist: 1.7644724512597916 vs. 1.7644724512597916
list:
dist: 2.62120197878706 vs. 2.62120197878706
list:
dist: 1.5204016508261724 vs. 1.5204016508261724
list:
dist: 1.635148220060664 vs. 1.635148220060664
list:
dist: 2.0734924856874755 vs. 2.0734924856874755
list:
dist: 2.674549516000371 vs. 2.674549516000371
list:
dist: 0.6245186369869148 vs. 0.6245186369869148
list:
dist: 1.5818349229782853 vs. 1.5818349229782853
list:
dist: 2.0601947852509688 vs. 2.0601947852509688
list:
dist: 0.7532273900948827 vs. 0.7532273900948827
list:
dist: 1.4275706120163594 vs. 1.4275706120163594
list:
dist: 1.4968480108637277 vs. 1.4968480108637277
list:
dist: 1.8411727719476887 vs. 1.8411727719476887
list:
dist: 1.3932902312563364 vs. 1.3932902312563364
list:
dist: 2.0786193856503057 vs. 2.0786193856503057
list:
dist: 1.2852305768049836 vs. 1.2852305768049836
list:
dist: 1.654903131587959 vs. 1.654903131587959
list:
dist: 1.6907777848409569 vs. 1.6907777848409569
list:
dist: 1.9844124397762295 vs. 1.9844124397762295
list:
dist: 2.0278670235911282 vs. 2.0278670235911282
list:
dist: 2.3183348287943852 vs. 2.3183348287943852
list:
dist: 2.1535664226006226 vs. 2.1535664226006226
list:
dist: 2.676302562924445 vs. 2.676302562924445
list:
dist: 2.786339663655732 vs. 2.786339663655732
list:
dist: 3.648660036107956 vs. 3.648660036107956
list:
dist: 2.9968724912068545 vs. 2.9968724912068545
list:
dist: 2.959544255042182 vs. 2.959544255042182
list:
dist: 2.1416969043743324 vs. 2.1416969043743324
list:
dist: 2.1651807496379765 vs. 2.1651807496379765
list:
dist: 2.363681081319506 vs. 2.363681081319506
list:
dist: 0.5526954017223742 vs. 0.5526954017223742
list:
dist: 1.764838457936904 vs. 1.764838457936904
list:
dist: 1.4763720524301522 vs. 1.4763720524301522
list:
dist: 0.7791049528487941 vs. 0.7791049528487941
list:
dist: 0.7532273900948827 vs. 0.7532273900948827
list:
dist: 2.1692474833604067 vs. 2.1692474833604067
list:
dist: 2.374549126902327 vs. 2.374549126902327
list:
dist: 1.430884870747444 vs. 1.430884870747444
list:
dist: 1.8970172462945585 vs. 1.8970172462945585
list:
dist: 1.4802381278248458 vs. 1.4802381278248458
list:
dist: 2.0364327521765877 vs. 2.0364327521765877
list:
dist: 1.9461388192918114 vs. 1.9461388192918114
list:
dist: 1.9058751099077162 vs. 1.9058751099077162
list:
dist: 2.40497530063828 vs. 2.40497530063828
list:
dist: 1.9711754411065556 vs. 1.9711754411065556
list:
dist: 2.289344810908245 vs. 2.289344810908245
list:
dist: 2.9090044877525467 vs. 2.9090044877525467
list:
dist: 2.93184037280342 vs. 2.93184037280342
list:
dist: 3.250708314100219 vs. 3.250708314100219
list:
dist: 4.027254039879096 vs. 4.027254039879096
list:
dist: 4.263022047038871 vs. 4.263022047038871
list:
dist: 3.514747271233726 vs. 3.514747271233726
list:
dist: 2.151115278296168 vs. 2.151115278296168
list:
dist: 2.1062794622565626 vs. 2.1062794622565626
list:
dist: 3.0589280755982395 vs. 3.0589280755982395
list:
dist: 2.7004534443420947 vs. 2.7004534443420947
list:
dist: 2.40497530063828 vs. 2.40497530063828
list:
dist: 2.5038167386638785 vs. 2.5038167386638785
list:
dist: 2.0278670235911282 vs. 2.0278670235911282
list:
dist: 1.3124687190511686 vs. 1.3124687190511686
list:
dist: 0.9521312222080104 vs. 0.9521312222080104
list:
dist: 1.7177592069870158 vs. 1.7177592069870158
list:
dist: 1.7336660252952745 vs. 1.7336660252952745
list:
dist: 0.9892125943577107 vs. 0.9892125943577107
list:
dist: 1.2777774468591963 vs. 1.2777774468591963
list:
dist: 1.1499806079284154 vs. 1.1499806079284154
list:
dist: 1.3545073196190132 vs. 1.3545073196190132
list:
dist: 2.151229456991245 vs. 2.151229456991245
list:
dist: 2.713347856783092 vs. 2.713347856783092
list:
dist: 2.030275258825661 vs. 2.030275258825661
list:
dist: 2.9845359376016103 vs. 2.9845359376016103
list:
dist: 1.428830048128246 vs. 1.428830048128246
list:
dist: 1.160240788893148 vs. 1.160240788893148
list:
dist: 1.2292104096669054 vs. 1.2292104096669054
list:
dist: 1.8707757509731702 vs. 1.8707757509731702
list:
dist: 2.5056062184031016 vs. 2.5056062184031016
list:
dist: 1.5047761906887305 vs. 1.5047761906887305
list:
dist: 1.3566400546945891 vs. 1.3566400546945891
list:
dist: 3.3070130482262683 vs. 3.3070130482262683
list:
dist: 3.5511531211631486 vs. 3.5511531211631486
list:
dist: 2.5381732158319483 vs. 2.5381732158319483
list:
dist: 1.6302190435605977 vs. 1.6302190435605977
list:
dist: 2.5109672093170006 vs. 2.5109672093170006
list:
dist: 3.499733475350383 vs. 3.499733475350383
list:
dist: 1.513040634514043 vs. 1.513040634514043
list:
dist: 1.430884870747444 vs. 1.430884870747444
list:
dist: 1.3572549051456175 vs. 1.3572549051456175
list:
dist: 1.3932902312563364 vs. 1.3932902312563364
list:
dist: 2.056151649644881 vs. 2.056151649644881
list:
dist: 1.506887489220888 vs. 1.506887489220888
list:
dist: 1.0381024420999643 vs. 1.0381024420999643
list:
dist: 1.2410588021482625 vs. 1.2410588021482625
list:
dist: 0.8946222008342305 vs. 0.8946222008342305
list:
dist: 0.7180200541961942 vs. 0.7180200541961942
list:
dist: 1.6344087703120846 vs. 1.6344087703120846
list:
dist: 1.7177592069870158 vs. 1.7177592069870158
list:
dist: 1.466720160058234 vs. 1.466720160058234
list:
dist: 1.7321801492773754 vs. 1.7321801492773754
list:
dist: 1.8122448630112622 vs. 1.8122448630112622
list:
dist: 2.4645477516645795 vs. 2.4645477516645795
list:
dist: 2.686305717873619 vs. 2.686305717873619
list:
dist: 2.362150698096539 vs. 2.362150698096539
list:
dist: 1.8562168920415425 vs. 1.8562168920415425
list:
dist: 2.892178095847654 vs. 2.892178095847654
list:
dist: 3.188101603343045 vs. 3.188101603343045
list:
dist: 1.9610268504977089 vs. 1.9610268504977089
list:
dist: 1.9550240911795105 vs. 1.9550240911795105
list:
dist: 3.7910113870199553 vs. 3.7910113870199553
list:
dist: 1.054321905546649 vs. 1.054321905546649
list:
dist: 2.363681081319506 vs. 2.363681081319506
list:
dist: 1.6075264469642216 vs. 1.6075264469642216
list:
dist: 2.5381732158319483 vs. 2.5381732158319483
list:
dist: 1.9670244791636404 vs. 1.9670244791636404
list:
dist: 2.7370444424195277 vs. 2.7370444424195277
list:
dist: 3.366560703355009 vs. 3.366560703355009
list:
dist: 3.029616951475657 vs. 3.029616951475657
list:
dist: 2.298537974856749 vs. 2.298537974856749
list:
dist: 3.514747271233726 vs. 3.514747271233726
list:
dist: 1.4662325402753964 vs. 1.4662325402753964
list:
dist: 1.2409635049016354 vs. 1.2409635049016354
list:
dist: 2.5468761138744562 vs. 2.5468761138744562
list:
dist: 1.4016925118383414 vs. 1.4016925118383414
list:
dist: 3.6064896108347835 vs. 3.6064896108347835
list:
dist: 4.184380652182308 vs. 4.184380652182308
list:
dist: 3.366560703355009 vs. 3.366560703355009
list:
dist: 2.0466279495098654 vs. 2.0466279495098654
list:
dist: 2.6373145028990086 vs. 2.6373145028990086
list:
dist: 3.814899757575695 vs. 3.814899757575695
list:
dist: 2.3709516478657777 vs. 2.3709516478657777
list:
dist: 2.0364327521765877 vs. 2.0364327521765877
list:
dist: 2.166450366677348 vs. 2.166450366677348
list:
dist: 1.654903131587959 vs. 1.654903131587959
list:
dist: 1.5978014801180687 vs. 1.5978014801180687
list:
dist: 0.6934383766208795 vs. 0.6934383766208795
list:
dist: 0.8946222008342305 vs. 0.8946222008342305
list:
dist: 1.5777009320816224 vs. 1.5777009320816224
list:
dist: 1.3483212076336621 vs. 1.3483212076336621
list:
dist: 0.4147687214223685 vs. 0.4147687214223685
list:
dist: 1.9152282603847475 vs. 1.9152282603847475
list:
dist: 1.2777774468591963 vs. 1.2777774468591963
list:
dist: 2.1082750119135834 vs. 2.1082750119135834
list:
dist: 2.4532205063375074 vs. 2.4532205063375074
list:
dist: 2.0201995640195882 vs. 2.0201995640195882
list:
dist: 3.0603909513869585 vs. 3.0603909513869585
list:
dist: 2.375487079127561 vs. 2.375487079127561
list:
dist: 2.2666241724839393 vs. 2.2666241724839393
list:
dist: 1.6925338862756942 vs. 1.6925338862756942
list:
dist: 2.713628129223588 vs. 2.713628129223588
list:
dist: 3.1021763394769577 vs. 3.1021763394769577
list:
dist: 1.4715914218072206 vs. 1.4715914218072206
list:
dist: 1.5941835867794645 vs. 1.5941835867794645
list:
dist: 4.111633985943568 vs. 4.111633985943568
list:
dist: 3.4865145728647713 vs. 3.4865145728647713
list:
dist: 1.4662325402753964 vs. 1.4662325402753964
list:
dist: 2.1206377602659208 vs. 2.1206377602659208
list:
dist: 2.7010186791709088 vs. 2.7010186791709088
list:
dist: 2.239705600552308 vs. 2.239705600552308
list:
dist: 0.9383882631282922 vs. 0.9383882631282922
list:
dist: 1.9711754411065556 vs. 1.9711754411065556
list:
dist: 1.3563332465357603 vs. 1.3563332465357603
list:
dist: 2.3183348287943852 vs. 2.3183348287943852
list:
dist: 2.9491260686245013 vs. 2.9491260686245013
list:
dist: 2.538146942740578 vs. 2.538146942740578
list:
dist: 1.466720160058234 vs. 1.466720160058234
list:
dist: 0.5542989148512906 vs. 0.5542989148512906
list:
dist: 1.5887377371503066 vs. 1.5887377371503066
list:
dist: 2.1082750119135834 vs. 2.1082750119135834
list:
dist: 1.7167526585659738 vs. 1.7167526585659738
list:
dist: 1.124492843119411 vs. 1.124492843119411
list:
dist: 2.151229456991245 vs. 2.151229456991245
list:
dist: 0.6502784425176792 vs. 0.6502784425176792
list:
dist: 1.2400215410239817 vs. 1.2400215410239817
list:
dist: 1.0525414077702941 vs. 1.0525414077702941
list:
dist: 3.0523307359303664 vs. 3.0523307359303664
list:
dist: 1.9947906039174306 vs. 1.9947906039174306
list:
dist: 1.6890376006228798 vs. 1.6890376006228798
list:
dist: 2.3784395860718184 vs. 2.3784395860718184
list:
dist: 2.510570538110616 vs. 2.510570538110616
list:
dist: 2.3494650714794068 vs. 2.3494650714794068
list:
dist: 2.091013722853841 vs. 2.091013722853841
list:
dist: 2.959544255042182 vs. 2.959544255042182
list:
dist: 2.5584272557880277 vs. 2.5584272557880277
list:
dist: 1.635148220060664 vs. 1.635148220060664
list:
dist: 1.9550240911795105 vs. 1.9550240911795105
list:
dist: 1.6478997006258587 vs. 1.6478997006258587
list:
dist: 1.943758821272157 vs. 1.943758821272157
list:
dist: 1.5941835867794645 vs. 1.5941835867794645
list:
dist: 1.366607717037126 vs. 1.366607717037126
list:
dist: 1.891460972671185 vs. 1.891460972671185
list:
dist: 1.3566400546945891 vs. 1.3566400546945891
list:
dist: 2.091013722853841 vs. 2.091013722853841
list:
dist: 2.4308705671074797 vs. 2.4308705671074797
list:
dist: 1.1988897791053028 vs. 1.1988897791053028
list:
dist: 2.6108232436131544 vs. 2.6108232436131544
list:
dist: 2.754636562991328 vs. 2.754636562991328
list:
dist: 1.7029362712138294 vs. 1.7029362712138294
list:
dist: 0.547143369545331 vs. 0.547143369545331
list:
dist: 1.351009136066507 vs. 1.351009136066507
list:
dist: 1.6063129933913736 vs. 1.6063129933913736
list:
dist: 0.4349823160057439 vs. 0.4349823160057439
list:
dist: 1.4016925118383414 vs. 1.4016925118383414
list:
dist: 3.0290148079729935 vs. 3.0290148079729935
list:
dist: 1.8720246785535157 vs. 1.8720246785535157
list:
dist: 1.619289469352621 vs. 1.619289469352621
list:
dist: 2.93184037280342 vs. 2.93184037280342
list:
dist: 2.224782213654226 vs. 2.224782213654226
list:
dist: 2.4645477516645795 vs. 2.4645477516645795
list:
dist: 1.4956880063000944 vs. 1.4956880063000944
list:
dist: 2.561083546709529 vs. 2.561083546709529
list:
dist: 3.0603909513869585 vs. 3.0603909513869585
list:
dist: 2.656079005701531 vs. 2.656079005701531
list:
dist: 1.8985130280166846 vs. 1.8985130280166846
list:
dist: 2.9845359376016103 vs. 2.9845359376016103
list:
dist: 1.0525414077702941 vs. 1.0525414077702941
list:
dist: 0.8997520051015077 vs. 0.8997520051015077
list:
dist: 1.4933483334771775 vs. 1.4933483334771775
list:
dist: 2.5183112232434715 vs. 2.5183112232434715
list:
dist: 2.196225622343953 vs. 2.196225622343953
list:
dist: 2.534759445399208 vs. 2.534759445399208
list:
dist: 2.393075281259889 vs. 2.393075281259889
list:
dist: 2.9192218141241435 vs. 2.9192218141241435
list:
dist: 2.6108232436131544 vs. 2.6108232436131544
list:
dist: 3.0358226135695388 vs. 3.0358226135695388
list:
dist: 3.250708314100219 vs. 3.250708314100219
list:
dist: 3.1204056490002263 vs. 3.1204056490002263
list:
dist: 2.9968724912068545 vs. 2.9968724912068545
list:
dist: 2.564172772055809 vs. 2.564172772055809
list:
dist: 1.5204016508261724 vs. 1.5204016508261724
list:
dist: 1.9610268504977089 vs. 1.9610268504977089
list:
dist: 1.859152794141316 vs. 1.859152794141316
list:
dist: 2.1229681589520935 vs. 2.1229681589520935
list:
dist: 1.4715914218072206 vs. 1.4715914218072206
list:
dist: 1.3415208780780923 vs. 1.3415208780780923
list:
dist: 2.2060474513148915 vs. 2.2060474513148915
list:
dist: 1.5047761906887305 vs. 1.5047761906887305
list:
dist: 2.3494650714794068 vs. 2.3494650714794068
list:
dist: 2.639707340363812 vs. 2.639707340363812
list:
dist: 1.4598517188119384 vs. 1.4598517188119384
list:
dist: 2.9192218141241435 vs. 2.9192218141241435
list:
dist: 2.912801246734718 vs. 2.912801246734718
list:
dist: 2.0697246102958995 vs. 2.0697246102958995
list:
dist: 0.9608082901962962 vs. 0.9608082901962962
list:
dist: 1.7513159922844812 vs. 1.7513159922844812
list:
dist: 1.9605891346759472 vs. 1.9605891346759472
list:
dist: 0.4349823160057439 vs. 0.4349823160057439
list:
dist: 3.5832752677871347 vs. 3.5832752677871347
list:
dist: 3.440047657248313 vs. 3.440047657248313
list:
dist: 2.110463702987694 vs. 2.110463702987694
list:
dist: 3.648660036107956 vs. 3.648660036107956
list:
dist: 3.160236077522367 vs. 3.160236077522367
list:
dist: 2.62120197878706 vs. 2.62120197878706
list:
dist: 2.892178095847654 vs. 2.892178095847654
list:
dist: 2.1986611917335943 vs. 2.1986611917335943
list:
dist: 2.3876758070467843 vs. 2.3876758070467843
list:
dist: 2.713628129223588 vs. 2.713628129223588
list:
dist: 2.413036351589929 vs. 2.413036351589929
list:
dist: 1.9389918622007367 vs. 1.9389918622007367
list:
dist: 1.8707757509731702 vs. 1.8707757509731702
list:
dist: 2.3784395860718184 vs. 2.3784395860718184
list:
dist: 2.798132087349539 vs. 2.798132087349539
list:
dist: 1.6710179274290489 vs. 1.6710179274290489
list:
dist: 2.534759445399208 vs. 2.534759445399208
list:
dist: 2.8359328363587015 vs. 2.8359328363587015
list:
dist: 1.2692292770511344 vs. 1.2692292770511344
list:
dist: 1.0810000845925358 vs. 1.0810000845925358
list:
dist: 0.7871522929544318 vs. 0.7871522929544318
list:
dist: 1.7513159922844812 vs. 1.7513159922844812
list:
dist: 1.351009136066507 vs. 1.351009136066507
list:
dist: 3.8524638870248107 vs. 3.8524638870248107
list:
dist: 2.211286034883499 vs. 2.211286034883499
list:
dist: 3.188101603343045 vs. 3.188101603343045
list:
dist: 2.39411644169586 vs. 2.39411644169586
list:
dist: 2.930801802913847 vs. 2.930801802913847
list:
dist: 3.1021763394769577 vs. 3.1021763394769577
list:
dist: 2.7793323153384817 vs. 2.7793323153384817
list:
dist: 2.409075463181806 vs. 2.409075463181806
list:
dist: 2.5056062184031016 vs. 2.5056062184031016
list:
dist: 2.510570538110616 vs. 2.510570538110616
list:
dist: 2.766010447299221 vs. 2.766010447299221
list:
dist: 1.5838227429108547 vs. 1.5838227429108547
list:
dist: 2.393075281259889 vs. 2.393075281259889
list:
dist: 1.9685263590734279 vs. 1.9685263590734279
list:
dist: 1.428896149717942 vs. 1.428896149717942
list:
dist: 0.7871522929544318 vs. 0.7871522929544318
list:
dist: 1.9605891346759472 vs. 1.9605891346759472
list:
dist: 1.6063129933913736 vs. 1.6063129933913736
300
rk
<OccurredElementalReaction>
	 elmtlRkId: 2
	 p(id,type,coords) 70 3 4.953003989480701 1.792466577520157 13.282696507981953
</OccurredElementalReaction>
rk
<OccurredElementalReaction>
	 elmtlRkId: 1
	 p(id,type,coords) 38 2 3.09747872382937 6.916102709005959 6.249678118010507
</OccurredElementalReaction>
400
Neighbor List consistency Check...
--------
nle(id0,id1,dist): 5 6 2.368702675439381
list:
dist: 2.368702675439381 vs. 2.368702675439381
--------
nle(id0,id1,dist): 5 7 2.388017433091681
list:
dist: 2.388017433091681 vs. 2.388017433091681
--------
nle(id0,id1,dist): 5 20 3.598378324167546
list:
dist: 3.598378324167546 vs. 3.598378324167546
--------
nle(id0,id1,dist): 5 22 2.249855522477345
list:
dist: 2.249855522477345 vs. 2.249855522477345
--------
nle(id0,id1,dist): 5 17 3.1997625329634647
list:
dist: 3.1997625329634647 vs. 3.1997625329634647
--------
nle(id0,id1,dist): 5 16 3.4966771994839383
list:
dist: 3.4966771994839383 vs. 3.4966771994839383
--------
nle(id0,id1,dist): 5 19 3.511721099110571
list:
dist: 3.511721099110571 vs. 3.511721099110571
--------
nle(id0,id1,dist): 5 18 2.6577764297050663
list:
dist: 2.6577764297050663 vs. 2.6577764297050663
--------
nle(id0,id1,dist): 5 13 1.8655434079988054
list:
dist: 1.8655434079988054 vs. 1.8655434079988054
--------
nle(id0,id1,dist): 5 12 2.1970072688631923
list:
dist: 2.1970072688631923 vs. 2.1970072688631923
--------
nle(id0,id1,dist): 5 15 0.7046666078402971
list:
dist: 0.7046666078402971 vs. 0.7046666078402971
--------
nle(id0,id1,dist): 5 14 3.048684547926149
list:
dist: 3.048684547926149 vs. 3.048684547926149
--------
nle(id0,id1,dist): 5 9 0.9275482453620266
list:
dist: 0.9275482453620266 vs. 0.9275482453620266
--------
nle(id0,id1,dist): 5 8 2.4053066635618294
list:
dist: 2.4053066635618294 vs. 2.4053066635618294
--------
nle(id0,id1,dist): 5 11 3.8537870000179324
list:
dist: 3.8537870000179324 vs. 3.8537870000179324
--------
nle(id0,id1,dist): 5 10 3.0118870869961927
list:
dist: 3.0118870869961927 vs. 3.0118870869961927
--------
nle(id0,id1,dist): 4 11 1.7495267789895694
list:
dist: 1.7495267789895694 vs. 1.7495267789895694
--------
nle(id0,id1,dist): 4 12 1.2533859730659889
list:
dist: 1.2533859730659889 vs. 1.2533859730659889
--------
nle(id0,id1,dist): 4 9 2.4088750884048973
list:
dist: 2.4088750884048973 vs. 2.4088750884048973
--------
nle(id0,id1,dist): 4 10 1.129092221886056
list:
dist: 1.129092221886056 vs. 1.129092221886056
--------
nle(id0,id1,dist): 4 7 2.9559729055957575
list:
dist: 2.9559729055957575 vs. 2.9559729055957575
--------
nle(id0,id1,dist): 4 8 1.626299449024157
list:
dist: 1.626299449024157 vs. 1.626299449024157
--------
nle(id0,id1,dist): 4 5 2.611577600566576
list:
dist: 2.611577600566576 vs. 2.611577600566576
--------
nle(id0,id1,dist): 4 6 1.2476954936260247
list:
dist: 1.2476954936260247 vs. 1.2476954936260247
--------
nle(id0,id1,dist): 4 28 2.2829164896729766
list:
dist: 2.2829164896729766 vs. 2.2829164896729766
--------
nle(id0,id1,dist): 4 24 2.446379911849432
list:
dist: 2.446379911849432 vs. 2.446379911849432
--------
nle(id0,id1,dist): 4 23 2.395786663166302
list:
dist: 2.395786663166302 vs. 2.395786663166302
--------
nle(id0,id1,dist): 4 21 1.7811380077626182
list:
dist: 1.7811380077626182 vs. 1.7811380077626182
--------
nle(id0,id1,dist): 4 20 1.3724533295187413
list:
dist: 1.3724533295187413 vs. 1.3724533295187413
--------
nle(id0,id1,dist): 4 19 1.6518459318407464
list:
dist: 1.6518459318407464 vs. 1.6518459318407464
--------
nle(id0,id1,dist): 4 18 1.8008147142722275
list:
dist: 1.8008147142722275 vs. 1.8008147142722275
--------
nle(id0,id1,dist): 4 17 0.7042174212683403
list:
dist: 0.7042174212683403 vs. 0.7042174212683403
--------
nle(id0,id1,dist): 4 15 2.0889376314549235
list:
dist: 2.0889376314549235 vs. 2.0889376314549235
--------
nle(id0,id1,dist): 4 14 0.8747206317836093
list:
dist: 0.8747206317836093 vs. 0.8747206317836093
--------
nle(id0,id1,dist): 4 13 1.0221379298281728
list:
dist: 1.0221379298281728 vs. 1.0221379298281728
--------
nle(id0,id1,dist): 6 28 3.405767009856219
list:
dist: 3.405767009856219 vs. 3.405767009856219
--------
nle(id0,id1,dist): 6 19 2.700287312965581
list:
dist: 2.700287312965581 vs. 2.700287312965581
--------
nle(id0,id1,dist): 6 20 1.6782414514093202
list:
dist: 1.6782414514093202 vs. 1.6782414514093202
--------
nle(id0,id1,dist): 6 21 3.0262299579977827
list:
dist: 3.0262299579977827 vs. 3.0262299579977827
--------
nle(id0,id1,dist): 6 23 3.5280369091245625
list:
dist: 3.5280369091245625 vs. 3.5280369091245625
--------
nle(id0,id1,dist): 6 24 3.5405144759842098
list:
dist: 3.5405144759842098 vs. 3.5405144759842098
--------
nle(id0,id1,dist): 7 9 3.1058484647339477
list:
dist: 3.1058484647339477 vs. 3.1058484647339477
--------
nle(id0,id1,dist): 7 8 1.5536127238132609
list:
dist: 1.5536127238132609 vs. 1.5536127238132609
--------
nle(id0,id1,dist): 7 11 2.9753670172676436
list:
dist: 2.9753670172676436 vs. 2.9753670172676436
--------
nle(id0,id1,dist): 7 10 2.397259374620464
list:
dist: 2.397259374620464 vs. 2.397259374620464
--------
nle(id0,id1,dist): 7 13 2.293951144913898
list:
dist: 2.293951144913898 vs. 2.293951144913898
--------
nle(id0,id1,dist): 7 12 1.7180377010868968
list:
dist: 1.7180377010868968 vs. 1.7180377010868968
--------
nle(id0,id1,dist): 5 26 3.320864857976665
list:
dist: 3.320864857976665 vs. 3.320864857976665
--------
nle(id0,id1,dist): 5 27 3.5577548796602305
list:
dist: 3.5577548796602305 vs. 3.5577548796602305
--------
nle(id0,id1,dist): 5 24 3.7261047007803167
list:
dist: 3.7261047007803167 vs. 3.7261047007803167
--------
nle(id0,id1,dist): 5 28 3.3867452990024858
list:
dist: 3.3867452990024858 vs. 3.3867452990024858
--------
nle(id0,id1,dist): 6 14 1.6838625447429445
list:
dist: 1.6838625447429445 vs. 1.6838625447429445
--------
nle(id0,id1,dist): 6 13 1.0490427589369125
list:
dist: 1.0490427589369125 vs. 1.0490427589369125
--------
nle(id0,id1,dist): 6 12 0.17299326107607851
list:
dist: 0.17299326107607851 vs. 0.17299326107607851
--------
nle(id0,id1,dist): 6 11 1.5326284712245262
list:
dist: 1.5326284712245262 vs. 1.5326284712245262
--------
nle(id0,id1,dist): 6 18 2.714381446102924
list:
dist: 2.714381446102924 vs. 2.714381446102924
--------
nle(id0,id1,dist): 6 17 1.8994692877275106
list:
dist: 1.8994692877275106 vs. 1.8994692877275106
--------
nle(id0,id1,dist): 6 15 1.8203085503384449
list:
dist: 1.8203085503384449 vs. 1.8203085503384449
--------
nle(id0,id1,dist): 6 10 0.7681512662215446
list:
dist: 0.7681512662215446 vs. 0.7681512662215446
--------
nle(id0,id1,dist): 6 9 2.607450772038691
list:
dist: 2.607450772038691 vs. 2.607450772038691
--------
nle(id0,id1,dist): 6 8 0.5205515486264928
list:
dist: 0.5205515486264928 vs. 0.5205515486264928
--------
nle(id0,id1,dist): 6 7 1.7781037535307571
list:
dist: 1.7781037535307571 vs. 1.7781037535307571
--------
nle(id0,id1,dist): 8 14 1.8516466826759352
list:
dist: 1.8516466826759352 vs. 1.8516466826759352
--------
nle(id0,id1,dist): 8 13 1.4695157567769375
list:
dist: 1.4695157567769375 vs. 1.4695157567769375
--------
nle(id0,id1,dist): 8 15 1.9691463226452026
list:
dist: 1.9691463226452026 vs. 1.9691463226452026
--------
nle(id0,id1,dist): 8 10 1.1657088623314202
list:
dist: 1.1657088623314202 vs. 1.1657088623314202
--------
nle(id0,id1,dist): 8 9 2.7887416271738408
list:
dist: 2.7887416271738408 vs. 2.7887416271738408
--------
nle(id0,id1,dist): 8 12 0.5545559324045467
list:
dist: 0.5545559324045467 vs. 0.5545559324045467
--------
nle(id0,id1,dist): 8 11 1.66578459721368
list:
dist: 1.66578459721368 vs. 1.66578459721368
--------
nle(id0,id1,dist): 8 24 3.7281670841743986
list:
dist: 3.7281670841743986 vs. 3.7281670841743986
--------
nle(id0,id1,dist): 8 18 2.8743752013182897
list:
dist: 2.8743752013182897 vs. 2.8743752013182897
--------
nle(id0,id1,dist): 8 17 2.2715327589726986
list:
dist: 2.2715327589726986 vs. 2.2715327589726986
--------
nle(id0,id1,dist): 8 20 2.130217257175736
list:
dist: 2.130217257175736 vs. 2.130217257175736
--------
nle(id0,id1,dist): 8 19 2.8741001835897193
list:
dist: 2.8741001835897193 vs. 2.8741001835897193
--------
nle(id0,id1,dist): 8 28 3.654836205749623
list:
dist: 3.654836205749623 vs. 3.654836205749623
--------
nle(id0,id1,dist): 7 20 3.2391451508118387
list:
dist: 3.2391451508118387 vs. 3.2391451508118387
--------
nle(id0,id1,dist): 7 19 4.319149688332325
list:
dist: 4.319149688332325 vs. 4.319149688332325
--------
nle(id0,id1,dist): 7 18 4.053511647492509
list:
dist: 4.053511647492509 vs. 4.053511647492509
--------
nle(id0,id1,dist): 7 17 3.643173655501956
list:
dist: 3.643173655501956 vs. 3.643173655501956
--------
nle(id0,id1,dist): 7 15 2.0994871506330295
list:
dist: 2.0994871506330295 vs. 2.0994871506330295
--------
nle(id0,id1,dist): 7 14 3.3561612590054697
list:
dist: 3.3561612590054697 vs. 3.3561612590054697
--------
nle(id0,id1,dist): 7 28 4.862157149612073
list:
dist: 4.862157149612073 vs. 4.862157149612073
--------
nle(id0,id1,dist): 7 24 5.03912772734568
list:
dist: 5.03912772734568 vs. 5.03912772734568
--------
nle(id0,id1,dist): 10 12 0.9056584088147378
list:
dist: 0.9056584088147378 vs. 0.9056584088147378
--------
nle(id0,id1,dist): 10 11 0.9861985408345331
list:
dist: 0.9861985408345331 vs. 0.9861985408345331
--------
nle(id0,id1,dist): 10 14 1.5865375097583472
list:
dist: 1.5865375097583472 vs. 1.5865375097583472
--------
nle(id0,id1,dist): 10 13 1.3294897982834688
list:
dist: 1.3294897982834688 vs. 1.3294897982834688
--------
nle(id0,id1,dist): 10 15 2.404238806720358
list:
dist: 2.404238806720358 vs. 2.404238806720358
--------
nle(id0,id1,dist): 10 17 1.5689439184215197
list:
dist: 1.5689439184215197 vs. 1.5689439184215197
--------
nle(id0,id1,dist): 10 18 2.880167841515837
list:
dist: 2.880167841515837 vs. 2.880167841515837
--------
nle(id0,id1,dist): 10 19 2.5986969562101825
list:
dist: 2.5986969562101825 vs. 2.5986969562101825
--------
nle(id0,id1,dist): 10 20 0.97535391389557
list:
dist: 0.97535391389557 vs. 0.97535391389557
--------
nle(id0,id1,dist): 10 21 2.741104918875884
list:
dist: 2.741104918875884 vs. 2.741104918875884
--------
nle(id0,id1,dist): 10 23 3.213173229319499
list:
dist: 3.213173229319499 vs. 3.213173229319499
--------
nle(id0,id1,dist): 10 24 3.522439322268292
list:
dist: 3.522439322268292 vs. 3.522439322268292
--------
nle(id0,id1,dist): 10 28 3.4061152240876007
list:
dist: 3.4061152240876007 vs. 3.4061152240876007
--------
nle(id0,id1,dist): 9 11 3.952263791920008
list:
dist: 3.952263791920008 vs. 3.952263791920008
--------
nle(id0,id1,dist): 9 10 3.0839400661636853
list:
dist: 3.0839400661636853 vs. 3.0839400661636853
--------
nle(id0,id1,dist): 9 15 1.0272437212394707
list:
dist: 1.0272437212394707 vs. 1.0272437212394707
--------
nle(id0,id1,dist): 9 14 2.894059850482431
list:
dist: 2.894059850482431 vs. 2.894059850482431
--------
nle(id0,id1,dist): 9 13 1.7927151584857917
list:
dist: 1.7927151584857917 vs. 1.7927151584857917
--------
nle(id0,id1,dist): 9 12 2.4467532485317642
list:
dist: 2.4467532485317642 vs. 2.4467532485317642
--------
nle(id0,id1,dist): 9 19 3.133654680023972
list:
dist: 3.133654680023972 vs. 3.133654680023972
--------
nle(id0,id1,dist): 9 18 2.1751479414988646
list:
dist: 2.1751479414988646 vs. 2.1751479414988646
--------
nle(id0,id1,dist): 9 17 2.847717170653676
list:
dist: 2.847717170653676 vs. 2.847717170653676
--------
nle(id0,id1,dist): 9 16 2.712432972079197
list:
dist: 2.712432972079197 vs. 2.712432972079197
--------
nle(id0,id1,dist): 9 22 1.6458921852209019
list:
dist: 1.6458921852209019 vs. 1.6458921852209019
--------
nle(id0,id1,dist): 9 20 3.4508559687440004
list:
dist: 3.4508559687440004 vs. 3.4508559687440004
--------
nle(id0,id1,dist): 9 26 2.425718625528924
list:
dist: 2.425718625528924 vs. 2.425718625528924
--------
nle(id0,id1,dist): 9 27 2.752249205696082
list:
dist: 2.752249205696082 vs. 2.752249205696082
--------
nle(id0,id1,dist): 9 24 3.160019881365851
list:
dist: 3.160019881365851 vs. 3.160019881365851
--------
nle(id0,id1,dist): 9 28 2.7118589816529455
list:
dist: 2.7118589816529455 vs. 2.7118589816529455
--------
nle(id0,id1,dist): 12 20 1.773905913132364
list:
dist: 1.773905913132364 vs. 1.773905913132364
--------
nle(id0,id1,dist): 12 19 2.70998189289245
list:
dist: 2.70998189289245 vs. 2.70998189289245
--------
nle(id0,id1,dist): 12 18 2.6503507069458268
list:
dist: 2.6503507069458268 vs. 2.6503507069458268
--------
nle(id0,id1,dist): 12 17 1.9299621214838945
list:
dist: 1.9299621214838945 vs. 1.9299621214838945
--------
nle(id0,id1,dist): 12 15 1.6486537897299587
list:
dist: 1.6486537897299587 vs. 1.6486537897299587
--------
nle(id0,id1,dist): 12 14 1.7234680188910954
list:
dist: 1.7234680188910954 vs. 1.7234680188910954
--------
nle(id0,id1,dist): 12 13 0.9381073112680699
list:
dist: 0.9381073112680699 vs. 0.9381073112680699
--------
nle(id0,id1,dist): 11 28 3.812153283334223
list:
dist: 3.812153283334223 vs. 3.812153283334223
--------
nle(id0,id1,dist): 11 23 3.151833866444536
list:
dist: 3.151833866444536 vs. 3.151833866444536
--------
nle(id0,id1,dist): 11 24 3.7719506354589494
list:
dist: 3.7719506354589494 vs. 3.7719506354589494
--------
nle(id0,id1,dist): 11 19 2.7191821028217165
list:
dist: 2.7191821028217165 vs. 2.7191821028217165
--------
nle(id0,id1,dist): 11 18 3.3215411276550855
list:
dist: 3.3215411276550855 vs. 3.3215411276550855
--------
nle(id0,id1,dist): 11 21 3.007092328367333
list:
dist: 3.007092328367333 vs. 3.007092328367333
--------
nle(id0,id1,dist): 11 20 1.3777513744857255
list:
dist: 1.3777513744857255 vs. 1.3777513744857255
--------
nle(id0,id1,dist): 11 15 3.3052914179466524
list:
dist: 3.3052914179466524 vs. 3.3052914179466524
--------
nle(id0,id1,dist): 11 14 1.746058294824726
list:
dist: 1.746058294824726 vs. 1.746058294824726
--------
nle(id0,id1,dist): 11 17 1.935108370094533
list:
dist: 1.935108370094533 vs. 1.935108370094533
--------
nle(id0,id1,dist): 11 13 2.270201620542911
list:
dist: 2.270201620542911 vs. 2.270201620542911
--------
nle(id0,id1,dist): 11 12 1.7003192068860875
list:
dist: 1.7003192068860875 vs. 1.7003192068860875
--------
nle(id0,id1,dist): 13 24 3.126577294081497
list:
dist: 3.126577294081497 vs. 3.126577294081497
--------
nle(id0,id1,dist): 13 28 2.8147326190293076
list:
dist: 2.8147326190293076 vs. 2.8147326190293076
--------
nle(id0,id1,dist): 13 18 2.254862287942154
list:
dist: 2.254862287942154 vs. 2.254862287942154
--------
nle(id0,id1,dist): 13 19 2.5338324273289268
list:
dist: 2.5338324273289268 vs. 2.5338324273289268
--------
nle(id0,id1,dist): 13 17 1.6348088369485934
list:
dist: 1.6348088369485934 vs. 1.6348088369485934
--------
nle(id0,id1,dist): 13 20 1.7372479216557153
list:
dist: 1.7372479216557153 vs. 1.7372479216557153
--------
nle(id0,id1,dist): 13 15 1.2175626211947426
list:
dist: 1.2175626211947426 vs. 1.2175626211947426
--------
nle(id0,id1,dist): 13 14 1.7982359732561999
list:
dist: 1.7982359732561999 vs. 1.7982359732561999
--------
nle(id0,id1,dist): 12 24 3.5112752644227885
list:
dist: 3.5112752644227885 vs. 3.5112752644227885
--------
nle(id0,id1,dist): 12 28 3.3559300692378007
list:
dist: 3.3559300692378007 vs. 3.3559300692378007
--------
nle(id0,id1,dist): 15 28 3.2348422591690804
list:
dist: 3.2348422591690804 vs. 3.2348422591690804
--------
nle(id0,id1,dist): 15 26 3.3065434898216504
list:
dist: 3.3065434898216504 vs. 3.3065434898216504
--------
nle(id0,id1,dist): 15 27 3.2973796133776854
list:
dist: 3.2973796133776854 vs. 3.2973796133776854
--------
nle(id0,id1,dist): 15 24 3.5946769478374128
list:
dist: 3.5946769478374128 vs. 3.5946769478374128
--------
nle(id0,id1,dist): 15 22 2.5982192972408473
list:
dist: 2.5982192972408473 vs. 2.5982192972408473
--------
nle(id0,id1,dist): 15 20 2.9417085660707607
list:
dist: 2.9417085660707607 vs. 2.9417085660707607
--------
nle(id0,id1,dist): 15 19 3.245914676989637
list:
dist: 3.245914676989637 vs. 3.245914676989637
--------
nle(id0,id1,dist): 15 18 2.5544321879887297
list:
dist: 2.5544321879887297 vs. 2.5544321879887297
--------
nle(id0,id1,dist): 15 17 2.699503013624813
list:
dist: 2.699503013624813 vs. 2.699503013624813
--------
nle(id0,id1,dist): 15 16 3.45842342715544
list:
dist: 3.45842342715544 vs. 3.45842342715544
--------
nle(id0,id1,dist): 14 28 2.165335273367321
list:
dist: 2.165335273367321 vs. 2.165335273367321
--------
nle(id0,id1,dist): 14 15 2.664391942123165
list:
dist: 2.664391942123165 vs. 2.664391942123165
--------
nle(id0,id1,dist): 14 18 1.6163142405304824
list:
dist: 1.6163142405304824 vs. 1.6163142405304824
--------
nle(id0,id1,dist): 14 17 0.9443064400246406
list:
dist: 0.9443064400246406 vs. 0.9443064400246406
--------
nle(id0,id1,dist): 14 24 2.083188650464171
list:
dist: 2.083188650464171 vs. 2.083188650464171
--------
nle(id0,id1,dist): 14 23 1.9239297217330027
list:
dist: 1.9239297217330027 vs. 1.9239297217330027
--------
nle(id0,id1,dist): 14 20 1.9109032610861838
list:
dist: 1.9109032610861838 vs. 1.9109032610861838
--------
nle(id0,id1,dist): 14 19 1.0769085894400243
list:
dist: 1.0769085894400243 vs. 1.0769085894400243
--------
nle(id0,id1,dist): 14 21 1.7370533195304336
list:
dist: 1.7370533195304336 vs. 1.7370533195304336
--------
nle(id0,id1,dist): 17 18 1.8041475393105357
list:
dist: 1.8041475393105357 vs. 1.8041475393105357
--------
nle(id0,id1,dist): 17 19 1.338235344525043
list:
dist: 1.338235344525043 vs. 1.338235344525043
--------
nle(id0,id1,dist): 17 22 3.5902629330044826
list:
dist: 3.5902629330044826 vs. 3.5902629330044826
--------
nle(id0,id1,dist): 17 23 1.803946083001182
list:
dist: 1.803946083001182 vs. 1.803946083001182
--------
nle(id0,id1,dist): 17 20 1.401588114087415
list:
dist: 1.401588114087415 vs. 1.401588114087415
--------
nle(id0,id1,dist): 17 21 1.1734264230244795
list:
dist: 1.1734264230244795 vs. 1.1734264230244795
--------
nle(id0,id1,dist): 17 26 3.15248184605389
list:
dist: 3.15248184605389 vs. 3.15248184605389
--------
nle(id0,id1,dist): 17 27 2.072989857680123
list:
dist: 2.072989857680123 vs. 2.072989857680123
--------
nle(id0,id1,dist): 17 24 2.1303763029978207
list:
dist: 2.1303763029978207 vs. 2.1303763029978207
--------
nle(id0,id1,dist): 16 17 2.743751524690019
list:
dist: 2.743751524690019 vs. 2.743751524690019
--------
nle(id0,id1,dist): 16 18 1.5091785546715166
list:
dist: 1.5091785546715166 vs. 1.5091785546715166
--------
nle(id0,id1,dist): 16 19 2.2017151157657726
list:
dist: 2.2017151157657726 vs. 2.2017151157657726
--------
nle(id0,id1,dist): 16 21 2.0235457831966257
list:
dist: 2.0235457831966257 vs. 2.0235457831966257
--------
nle(id0,id1,dist): 16 22 2.0046429373005874
list:
dist: 2.0046429373005874 vs. 2.0046429373005874
--------
nle(id0,id1,dist): 16 23 2.5689655946295065
list:
dist: 2.5689655946295065 vs. 2.5689655946295065
--------
nle(id0,id1,dist): 16 24 1.3203224123449688
list:
dist: 1.3203224123449688 vs. 1.3203224123449688
--------
nle(id0,id1,dist): 16 26 0.9914139496300466
list:
dist: 0.9914139496300466 vs. 0.9914139496300466
--------
nle(id0,id1,dist): 16 27 1.1489328838560868
list:
dist: 1.1489328838560868 vs. 1.1489328838560868
--------
nle(id0,id1,dist): 16 28 0.8476007216762615
list:
dist: 0.8476007216762615 vs. 0.8476007216762615
--------
nle(id0,id1,dist): 16 29 1.8157115072340237
list:
dist: 1.8157115072340237 vs. 1.8157115072340237
--------
nle(id0,id1,dist): 1 2 0.9560382814912392
list:
dist: 0.9560382814912392 vs. 0.9560382814912392
--------
nle(id0,id1,dist): 1 3 1.6526721106624656
list:
dist: 1.6526721106624656 vs. 1.6526721106624656
--------
nle(id0,id1,dist): 1 5 1.2887060130334094
list:
dist: 1.2887060130334094 vs. 1.2887060130334094
--------
nle(id0,id1,dist): 1 7 1.5216312078365022
list:
dist: 1.5216312078365022 vs. 1.5216312078365022
--------
nle(id0,id1,dist): 1 8 2.295131178918035
list:
dist: 2.295131178918035 vs. 2.295131178918035
--------
nle(id0,id1,dist): 1 9 2.0138422678468397
list:
dist: 2.0138422678468397 vs. 2.0138422678468397
--------
nle(id0,id1,dist): 2 5 1.6028577273542826
list:
dist: 1.6028577273542826 vs. 1.6028577273542826
--------
nle(id0,id1,dist): 2 6 1.3753760527283603
list:
dist: 1.3753760527283603 vs. 1.3753760527283603
--------
nle(id0,id1,dist): 2 3 1.2714598323765087
list:
dist: 1.2714598323765087 vs. 1.2714598323765087
--------
nle(id0,id1,dist): 2 4 2.270182158864657
list:
dist: 2.270182158864657 vs. 2.270182158864657
--------
nle(id0,id1,dist): 1 15 1.1777675633854774
list:
dist: 1.1777675633854774 vs. 1.1777675633854774
--------
nle(id0,id1,dist): 1 13 2.0757906318635833
list:
dist: 2.0757906318635833 vs. 2.0757906318635833
--------
nle(id0,id1,dist): 1 12 2.1399073040190504
list:
dist: 2.1399073040190504 vs. 2.1399073040190504
--------
nle(id0,id1,dist): 2 28 4.032395347077665
list:
dist: 4.032395347077665 vs. 4.032395347077665
--------
nle(id0,id1,dist): 2 24 4.306517538606225
list:
dist: 4.306517538606225 vs. 4.306517538606225
--------
nle(id0,id1,dist): 2 12 1.2401907069849822
list:
dist: 1.2401907069849822 vs. 1.2401907069849822
--------
nle(id0,id1,dist): 2 11 2.851804620299602
list:
dist: 2.851804620299602 vs. 2.851804620299602
--------
nle(id0,id1,dist): 2 14 2.8455291849810167
list:
dist: 2.8455291849810167 vs. 2.8455291849810167
--------
nle(id0,id1,dist): 2 13 1.3999938564017644
list:
dist: 1.3999938564017644 vs. 1.3999938564017644
--------
nle(id0,id1,dist): 2 8 1.4257470060209299
list:
dist: 1.4257470060209299 vs. 1.4257470060209299
--------
nle(id0,id1,dist): 2 7 1.0592462229696327
list:
dist: 1.0592462229696327 vs. 1.0592462229696327
--------
nle(id0,id1,dist): 2 10 2.0115260118143463
list:
dist: 2.0115260118143463 vs. 2.0115260118143463
--------
nle(id0,id1,dist): 2 9 2.155615369364528
list:
dist: 2.155615369364528 vs. 2.155615369364528
--------
nle(id0,id1,dist): 2 20 2.7164009858410507
list:
dist: 2.7164009858410507 vs. 2.7164009858410507
--------
nle(id0,id1,dist): 2 19 3.70387390892084
list:
dist: 3.70387390892084 vs. 3.70387390892084
--------
nle(id0,id1,dist): 2 15 1.12861236016784
list:
dist: 1.12861236016784 vs. 1.12861236016784
--------
nle(id0,id1,dist): 2 18 3.304779936188427
list:
dist: 3.304779936188427 vs. 3.304779936188427
--------
nle(id0,id1,dist): 2 17 2.9538964686217075
list:
dist: 2.9538964686217075 vs. 2.9538964686217075
--------
nle(id0,id1,dist): 3 24 5.462854491868746
list:
dist: 5.462854491868746 vs. 5.462854491868746
--------
nle(id0,id1,dist): 3 20 3.145023122909438
list:
dist: 3.145023122909438 vs. 3.145023122909438
--------
nle(id0,id1,dist): 3 18 4.5105419836171
list:
dist: 4.5105419836171 vs. 4.5105419836171
--------
nle(id0,id1,dist): 3 19 4.758931614552059
list:
dist: 4.758931614552059 vs. 4.758931614552059
--------
nle(id0,id1,dist): 3 28 5.193846780824021
list:
dist: 5.193846780824021 vs. 5.193846780824021
--------
nle(id0,id1,dist): 3 9 3.336714409681035
list:
dist: 3.336714409681035 vs. 3.336714409681035
--------
nle(id0,id1,dist): 3 8 2.135913177113748
list:
dist: 2.135913177113748 vs. 2.135913177113748
--------
nle(id0,id1,dist): 3 7 1.039760646963812
list:
dist: 1.039760646963812 vs. 1.039760646963812
--------
nle(id0,id1,dist): 3 6 2.124349788395301
list:
dist: 2.124349788395301 vs. 2.124349788395301
--------
nle(id0,id1,dist): 3 5 2.7657677154860756
list:
dist: 2.7657677154860756 vs. 2.7657677154860756
--------
nle(id0,id1,dist): 3 4 3.2016945734330338
list:
dist: 3.2016945734330338 vs. 3.2016945734330338
--------
nle(id0,id1,dist): 3 17 3.8354779487725312
list:
dist: 3.8354779487725312 vs. 3.8354779487725312
--------
nle(id0,id1,dist): 3 15 2.334364843788376
list:
dist: 2.334364843788376 vs. 2.334364843788376
--------
nle(id0,id1,dist): 3 14 3.79524668542033
list:
dist: 3.79524668542033 vs. 3.79524668542033
--------
nle(id0,id1,dist): 3 13 2.4063417239673828
list:
dist: 2.4063417239673828 vs. 2.4063417239673828
--------
nle(id0,id1,dist): 3 12 2.074699872650934
list:
dist: 2.074699872650934 vs. 2.074699872650934
--------
nle(id0,id1,dist): 3 11 3.218318203196374
list:
dist: 3.218318203196374 vs. 3.218318203196374
--------
nle(id0,id1,dist): 3 10 2.5355395128540694
list:
dist: 2.5355395128540694 vs. 2.5355395128540694
--------
nle(id0,id1,dist): 37 48 3.8326003132327027
list:
dist: 3.8326003132327027 vs. 3.8326003132327027
--------
nle(id0,id1,dist): 37 49 4.014276714878725
list:
dist: 4.014276714878725 vs. 4.014276714878725
--------
nle(id0,id1,dist): 37 50 3.9083021302221717
list:
dist: 3.9083021302221717 vs. 3.9083021302221717
--------
nle(id0,id1,dist): 37 51 2.708252408431702
list:
dist: 2.708252408431702 vs. 2.708252408431702
--------
nle(id0,id1,dist): 37 52 4.222206987688712
list:
dist: 4.222206987688712 vs. 4.222206987688712
--------
nle(id0,id1,dist): 37 53 3.2946394363051095
list:
dist: 3.2946394363051095 vs. 3.2946394363051095
--------
nle(id0,id1,dist): 37 54 3.4501707320057977
list:
dist: 3.4501707320057977 vs. 3.4501707320057977
--------
nle(id0,id1,dist): 37 55 2.927529879946528
list:
dist: 2.927529879946528 vs. 2.927529879946528
--------
nle(id0,id1,dist): 37 41 1.4351253316367167
list:
dist: 1.4351253316367167 vs. 1.4351253316367167
--------
nle(id0,id1,dist): 37 42 3.3577524844153084
list:
dist: 3.3577524844153084 vs. 3.3577524844153084
--------
nle(id0,id1,dist): 37 43 1.9750947888628663
list:
dist: 1.9750947888628663 vs. 1.9750947888628663
--------
nle(id0,id1,dist): 37 44 3.1210779965844933
list:
dist: 3.1210779965844933 vs. 3.1210779965844933
--------
nle(id0,id1,dist): 37 45 3.19428402314272
list:
dist: 3.19428402314272 vs. 3.19428402314272
--------
nle(id0,id1,dist): 37 46 2.022117747879888
list:
dist: 2.022117747879888 vs. 2.022117747879888
--------
nle(id0,id1,dist): 37 47 2.694356045063918
list:
dist: 2.694356045063918 vs. 2.694356045063918
--------
nle(id0,id1,dist): 37 39 1.5242458527711273
list:
dist: 1.5242458527711273 vs. 1.5242458527711273
--------
nle(id0,id1,dist): 37 38 1.561163310407851
list:
dist: 1.561163310407851 vs. 1.561163310407851
--------
nle(id0,id1,dist): 36 55 3.7753596255615767
list:
dist: 3.7753596255615767 vs. 3.7753596255615767
--------
nle(id0,id1,dist): 36 53 2.955837534166215
list:
dist: 2.955837534166215 vs. 2.955837534166215
--------
nle(id0,id1,dist): 36 54 2.8310429569622455
list:
dist: 2.8310429569622455 vs. 2.8310429569622455
--------
nle(id0,id1,dist): 36 57 3.52979885180567
list:
dist: 3.52979885180567 vs. 3.52979885180567
--------
nle(id0,id1,dist): 36 47 3.3968934534476505
list:
dist: 3.3968934534476505 vs. 3.3968934534476505
--------
nle(id0,id1,dist): 36 48 4.134623339982518
list:
dist: 4.134623339982518 vs. 4.134623339982518
--------
nle(id0,id1,dist): 36 45 3.816693958272364
list:
dist: 3.816693958272364 vs. 3.816693958272364
--------
nle(id0,id1,dist): 36 46 3.2491440655803476
list:
dist: 3.2491440655803476 vs. 3.2491440655803476
--------
nle(id0,id1,dist): 36 51 2.07470046990877
list:
dist: 2.07470046990877 vs. 2.07470046990877
--------
nle(id0,id1,dist): 36 52 3.931530025712081
list:
dist: 3.931530025712081 vs. 3.931530025712081
--------
nle(id0,id1,dist): 36 49 4.439453883869461
list:
dist: 4.439453883869461 vs. 4.439453883869461
--------
nle(id0,id1,dist): 36 50 3.064522724320563
list:
dist: 3.064522724320563 vs. 3.064522724320563
--------
nle(id0,id1,dist): 36 39 1.2924439851112894
list:
dist: 1.2924439851112894 vs. 1.2924439851112894
--------
nle(id0,id1,dist): 36 38 2.5538067695599564
list:
dist: 2.5538067695599564 vs. 2.5538067695599564
--------
nle(id0,id1,dist): 36 37 1.895382357672365
list:
dist: 1.895382357672365 vs. 1.895382357672365
--------
nle(id0,id1,dist): 36 44 3.2464365963236035
list:
dist: 3.2464365963236035 vs. 3.2464365963236035
--------
nle(id0,id1,dist): 36 43 0.46968320970860283
list:
dist: 0.46968320970860283 vs. 0.46968320970860283
--------
nle(id0,id1,dist): 36 42 2.554600562176669
list:
dist: 2.554600562176669 vs. 2.554600562176669
--------
nle(id0,id1,dist): 36 41 1.753625542435675
list:
dist: 1.753625542435675 vs. 1.753625542435675
--------
nle(id0,id1,dist): 35 59 2.7713165239751087
list:
dist: 2.7713165239751087 vs. 2.7713165239751087
--------
nle(id0,id1,dist): 35 54 3.5657270275234656
list:
dist: 3.5657270275234656 vs. 3.5657270275234656
--------
nle(id0,id1,dist): 35 55 2.2706146293882274
list:
dist: 2.2706146293882274 vs. 2.2706146293882274
--------
nle(id0,id1,dist): 35 57 3.3222122085196206
list:
dist: 3.3222122085196206 vs. 3.3222122085196206
--------
nle(id0,id1,dist): 35 50 4.104495044515859
list:
dist: 4.104495044515859 vs. 4.104495044515859
--------
nle(id0,id1,dist): 35 51 2.9495618568331503
list:
dist: 2.9495618568331503 vs. 2.9495618568331503
--------
nle(id0,id1,dist): 35 52 4.071171793544415
list:
dist: 4.071171793544415 vs. 4.071171793544415
--------
nle(id0,id1,dist): 35 53 3.27423683470238
list:
dist: 3.27423683470238 vs. 3.27423683470238
--------
nle(id0,id1,dist): 35 47 2.2063833396904275
list:
dist: 2.2063833396904275 vs. 2.2063833396904275
--------
nle(id0,id1,dist): 35 46 1.2542059502605096
list:
dist: 1.2542059502605096 vs. 1.2542059502605096
--------
nle(id0,id1,dist): 35 49 3.483469130796809
list:
dist: 3.483469130796809 vs. 3.483469130796809
--------
nle(id0,id1,dist): 35 48 3.3841649491136154
list:
dist: 3.3841649491136154 vs. 3.3841649491136154
--------
nle(id0,id1,dist): 35 43 2.834452146253661
list:
dist: 2.834452146253661 vs. 2.834452146253661
--------
nle(id0,id1,dist): 35 42 3.5777680239975016
list:
dist: 3.5777680239975016 vs. 3.5777680239975016
--------
nle(id0,id1,dist): 35 45 2.636681280658467
list:
dist: 2.636681280658467 vs. 2.636681280658467
--------
nle(id0,id1,dist): 35 44 2.928513197609319
list:
dist: 2.928513197609319 vs. 2.928513197609319
--------
nle(id0,id1,dist): 35 39 2.0832372087267945
list:
dist: 2.0832372087267945 vs. 2.0832372087267945
--------
nle(id0,id1,dist): 35 38 1.296739887214985
list:
dist: 1.296739887214985 vs. 1.296739887214985
--------
nle(id0,id1,dist): 35 41 1.701472052337563
list:
dist: 1.701472052337563 vs. 1.701472052337563
--------
nle(id0,id1,dist): 35 37 1.033282869527588
list:
dist: 1.033282869527588 vs. 1.033282869527588
--------
nle(id0,id1,dist): 35 36 2.786287248424773
list:
dist: 2.786287248424773 vs. 2.786287248424773
--------
nle(id0,id1,dist): 34 57 2.626550581506292
list:
dist: 2.626550581506292 vs. 2.626550581506292
--------
nle(id0,id1,dist): 34 55 3.2561542210256627
list:
dist: 3.2561542210256627 vs. 3.2561542210256627
--------
nle(id0,id1,dist): 34 54 1.5172972172962484
list:
dist: 1.5172972172962484 vs. 1.5172972172962484
--------
nle(id0,id1,dist): 34 53 1.7727290217080136
list:
dist: 1.7727290217080136 vs. 1.7727290217080136
--------
nle(id0,id1,dist): 34 52 2.6799027100556287
list:
dist: 2.6799027100556287 vs. 2.6799027100556287
--------
nle(id0,id1,dist): 34 51 0.8774887393145098
list:
dist: 0.8774887393145098 vs. 0.8774887393145098
--------
nle(id0,id1,dist): 34 50 2.275830816388363
list:
dist: 2.275830816388363 vs. 2.275830816388363
--------
nle(id0,id1,dist): 34 49 3.4638865015281644
list:
dist: 3.4638865015281644 vs. 3.4638865015281644
--------
nle(id0,id1,dist): 34 48 3.1878547627290637
list:
dist: 3.1878547627290637 vs. 3.1878547627290637
--------
nle(id0,id1,dist): 34 47 2.6156980883547187
list:
dist: 2.6156980883547187 vs. 2.6156980883547187
--------
nle(id0,id1,dist): 34 46 2.929052157153837
list:
dist: 2.929052157153837 vs. 2.929052157153837
--------
nle(id0,id1,dist): 34 45 2.9863617738797714
list:
dist: 2.9863617738797714 vs. 2.9863617738797714
--------
nle(id0,id1,dist): 34 44 2.1228383539492333
list:
dist: 2.1228383539492333 vs. 2.1228383539492333
--------
nle(id0,id1,dist): 34 43 1.614077780880737
list:
dist: 1.614077780880737 vs. 1.614077780880737
--------
nle(id0,id1,dist): 34 42 1.2540913923232202
list:
dist: 1.2540913923232202 vs. 1.2540913923232202
--------
nle(id0,id1,dist): 34 41 1.419845090353874
list:
dist: 1.419845090353874 vs. 1.419845090353874
--------
nle(id0,id1,dist): 34 39 1.1222617319586343
list:
dist: 1.1222617319586343 vs. 1.1222617319586343
--------
nle(id0,id1,dist): 34 36 1.4062281162132633
list:
dist: 1.4062281162132633 vs. 1.4062281162132633
--------
nle(id0,id1,dist): 34 35 3.032063873452772
list:
dist: 3.032063873452772 vs. 3.032063873452772
--------
nle(id0,id1,dist): 34 38 2.2331368087208587
list:
dist: 2.2331368087208587 vs. 2.2331368087208587
--------
nle(id0,id1,dist): 34 37 2.508226873450765
list:
dist: 2.508226873450765 vs. 2.508226873450765
--------
nle(id0,id1,dist): 33 46 2.8009380442736447
list:
dist: 2.8009380442736447 vs. 2.8009380442736447
--------
nle(id0,id1,dist): 33 51 3.0228198043627033
list:
dist: 3.0228198043627033 vs. 3.0228198043627033
--------
nle(id0,id1,dist): 33 35 1.797412007945952
list:
dist: 1.797412007945952 vs. 1.797412007945952
--------
nle(id0,id1,dist): 33 34 2.6393139321927834
list:
dist: 2.6393139321927834 vs. 2.6393139321927834
--------
nle(id0,id1,dist): 33 39 1.8103458312773135
list:
dist: 1.8103458312773135 vs. 1.8103458312773135
--------
nle(id0,id1,dist): 33 38 2.2999785780358994
list:
dist: 2.2999785780358994 vs. 2.2999785780358994
--------
nle(id0,id1,dist): 33 37 0.8116461223916385
list:
dist: 0.8116461223916385 vs. 0.8116461223916385
--------
nle(id0,id1,dist): 33 36 1.597573555108875
list:
dist: 1.597573555108875 vs. 1.597573555108875
--------
nle(id0,id1,dist): 33 43 1.6256632353369462
list:
dist: 1.6256632353369462 vs. 1.6256632353369462
--------
nle(id0,id1,dist): 33 41 1.951124562885857
list:
dist: 1.951124562885857 vs. 1.951124562885857
--------
nle(id0,id1,dist): 32 51 2.0956177958273736
list:
dist: 2.0956177958273736 vs. 2.0956177958273736
--------
nle(id0,id1,dist): 32 52 3.2179064289366344
list:
dist: 3.2179064289366344 vs. 3.2179064289366344
--------
nle(id0,id1,dist): 32 49 2.8224154577220926
list:
dist: 2.8224154577220926 vs. 2.8224154577220926
--------
nle(id0,id1,dist): 32 50 3.3909117201833836
list:
dist: 3.3909117201833836 vs. 3.3909117201833836
--------
nle(id0,id1,dist): 32 55 1.8630057044344228
list:
dist: 1.8630057044344228 vs. 1.8630057044344228
--------
nle(id0,id1,dist): 32 53 2.4035360535373225
list:
dist: 2.4035360535373225 vs. 2.4035360535373225
--------
nle(id0,id1,dist): 32 54 2.6774444295081756
list:
dist: 2.6774444295081756 vs. 2.6774444295081756
--------
nle(id0,id1,dist): 32 59 2.3530833962341773
list:
dist: 2.3530833962341773 vs. 2.3530833962341773
--------
nle(id0,id1,dist): 32 57 2.600958343341404
list:
dist: 2.600958343341404 vs. 2.600958343341404
--------
nle(id0,id1,dist): 32 38 0.5857732611817044
list:
dist: 0.5857732611817044 vs. 0.5857732611817044
--------
nle(id0,id1,dist): 32 37 1.236366429730772
list:
dist: 1.236366429730772 vs. 1.236366429730772
--------
nle(id0,id1,dist): 32 39 1.4467660061582552
list:
dist: 1.4467660061582552 vs. 1.4467660061582552
--------
nle(id0,id1,dist): 32 34 2.2741784552962314
list:
dist: 2.2741784552962314 vs. 2.2741784552962314
--------
nle(id0,id1,dist): 32 33 1.9916034911282474
list:
dist: 1.9916034911282474 vs. 1.9916034911282474
--------
nle(id0,id1,dist): 32 36 2.399470031604893
list:
dist: 2.399470031604893 vs. 2.399470031604893
--------
nle(id0,id1,dist): 32 35 0.9096180269168364
list:
dist: 0.9096180269168364 vs. 0.9096180269168364
--------
nle(id0,id1,dist): 32 46 0.8965931171066132
list:
dist: 0.8965931171066132 vs. 0.8965931171066132
--------
nle(id0,id1,dist): 32 45 1.9791220945173829
list:
dist: 1.9791220945173829 vs. 1.9791220945173829
--------
nle(id0,id1,dist): 32 48 2.7023588152435183
list:
dist: 2.7023588152435183 vs. 2.7023588152435183
--------
nle(id0,id1,dist): 32 47 1.4773687491813794
list:
dist: 1.4773687491813794 vs. 1.4773687491813794
--------
nle(id0,id1,dist): 32 42 2.7101099353374467
list:
dist: 2.7101099353374467 vs. 2.7101099353374467
--------
nle(id0,id1,dist): 32 41 0.9311611395037582
list:
dist: 0.9311611395037582 vs. 0.9311611395037582
--------
nle(id0,id1,dist): 32 44 2.0565568016106477
list:
dist: 2.0565568016106477 vs. 2.0565568016106477
--------
nle(id0,id1,dist): 32 43 2.49411979115503
list:
dist: 2.49411979115503 vs. 2.49411979115503
--------
nle(id0,id1,dist): 31 43 1.0044474157924714
list:
dist: 1.0044474157924714 vs. 1.0044474157924714
--------
nle(id0,id1,dist): 31 41 1.5521980387122196
list:
dist: 1.5521980387122196 vs. 1.5521980387122196
--------
nle(id0,id1,dist): 31 39 1.0070421152384121
list:
dist: 1.0070421152384121 vs. 1.0070421152384121
--------
nle(id0,id1,dist): 31 38 2.3283004413272708
list:
dist: 2.3283004413272708 vs. 2.3283004413272708
--------
nle(id0,id1,dist): 31 51 2.08328671828589
list:
dist: 2.08328671828589 vs. 2.08328671828589
--------
nle(id0,id1,dist): 31 46 3.1597002667125906
list:
dist: 3.1597002667125906 vs. 3.1597002667125906
--------
nle(id0,id1,dist): 31 36 0.5412402838872945
list:
dist: 0.5412402838872945 vs. 0.5412402838872945
--------
nle(id0,id1,dist): 31 37 1.8252778914880452
list:
dist: 1.8252778914880452 vs. 1.8252778914880452
--------
nle(id0,id1,dist): 31 34 1.3458406756314896
list:
dist: 1.3458406756314896 vs. 1.3458406756314896
--------
nle(id0,id1,dist): 31 35 2.7060026747155863
list:
dist: 2.7060026747155863 vs. 2.7060026747155863
--------
nle(id0,id1,dist): 31 32 2.2882007310772345
list:
dist: 2.2882007310772345 vs. 2.2882007310772345
--------
nle(id0,id1,dist): 31 33 1.6331059635398184
list:
dist: 1.6331059635398184 vs. 1.6331059635398184
--------
nle(id0,id1,dist): 44 47 1.0097599206881345
list:
dist: 1.0097599206881345 vs. 1.0097599206881345
--------
nle(id0,id1,dist): 44 48 1.8067644666767348
list:
dist: 1.8067644666767348 vs. 1.8067644666767348
--------
nle(id0,id1,dist): 44 45 1.3808352209108827
list:
dist: 1.3808352209108827 vs. 1.3808352209108827
--------
nle(id0,id1,dist): 44 46 2.035084748460333
list:
dist: 2.035084748460333 vs. 2.035084748460333
--------
nle(id0,id1,dist): 44 51 1.5427339527062753
list:
dist: 1.5427339527062753 vs. 1.5427339527062753
--------
nle(id0,id1,dist): 44 52 1.6329265671359359
list:
dist: 1.6329265671359359 vs. 1.6329265671359359
--------
nle(id0,id1,dist): 44 49 1.7887894285168515
list:
dist: 1.7887894285168515 vs. 1.7887894285168515
--------
nle(id0,id1,dist): 44 50 2.891446157177744
list:
dist: 2.891446157177744 vs. 2.891446157177744
--------
nle(id0,id1,dist): 43 50 2.888870691871566
list:
dist: 2.888870691871566 vs. 2.888870691871566
--------
nle(id0,id1,dist): 43 51 2.1563871431873958
list:
dist: 2.1563871431873958 vs. 2.1563871431873958
--------
nle(id0,id1,dist): 43 52 3.9646365526887433
list:
dist: 3.9646365526887433 vs. 3.9646365526887433
--------
nle(id0,id1,dist): 43 53 2.992325986858731
list:
dist: 2.992325986858731 vs. 2.992325986858731
--------
nle(id0,id1,dist): 43 54 2.907705223694064
list:
dist: 2.907705223694064 vs. 2.907705223694064
--------
nle(id0,id1,dist): 43 55 3.7177760697261983
list:
dist: 3.7177760697261983 vs. 3.7177760697261983
--------
nle(id0,id1,dist): 43 57 3.445553211934496
list:
dist: 3.445553211934496 vs. 3.445553211934496
--------
nle(id0,id1,dist): 43 44 3.4233749548574495
list:
dist: 3.4233749548574495 vs. 3.4233749548574495
--------
nle(id0,id1,dist): 43 45 3.8586227381124476
list:
dist: 3.8586227381124476 vs. 3.8586227381124476
--------
nle(id0,id1,dist): 43 46 3.303750534016765
list:
dist: 3.303750534016765 vs. 3.303750534016765
--------
nle(id0,id1,dist): 43 47 3.529174056954525
list:
dist: 3.529174056954525 vs. 3.529174056954525
--------
nle(id0,id1,dist): 43 48 4.108978419990672
list:
dist: 4.108978419990672 vs. 4.108978419990672
--------
nle(id0,id1,dist): 43 49 4.452537730168858
list:
dist: 4.452537730168858 vs. 4.452537730168858
--------
nle(id0,id1,dist): 42 46 3.033788576651129
list:
dist: 3.033788576651129 vs. 3.033788576651129
--------
nle(id0,id1,dist): 42 45 2.495266013516
list:
dist: 2.495266013516 vs. 2.495266013516
--------
nle(id0,id1,dist): 42 44 1.7142970590215267
list:
dist: 1.7142970590215267 vs. 1.7142970590215267
--------
nle(id0,id1,dist): 42 43 2.619987046525409
list:
dist: 2.619987046525409 vs. 2.619987046525409
--------
nle(id0,id1,dist): 42 57 1.7714790947204468
list:
dist: 1.7714790947204468 vs. 1.7714790947204468
--------
nle(id0,id1,dist): 42 58 3.139754802179552
list:
dist: 3.139754802179552 vs. 3.139754802179552
--------
nle(id0,id1,dist): 42 55 2.921955885445829
list:
dist: 2.921955885445829 vs. 2.921955885445829
--------
nle(id0,id1,dist): 42 56 2.443225344382219
list:
dist: 2.443225344382219 vs. 2.443225344382219
--------
nle(id0,id1,dist): 42 53 0.816399466783772
list:
dist: 0.816399466783772 vs. 0.816399466783772
--------
nle(id0,id1,dist): 42 54 0.378846879378162
list:
dist: 0.378846879378162 vs. 0.378846879378162
--------
nle(id0,id1,dist): 42 51 0.6508827527501873
list:
dist: 0.6508827527501873 vs. 0.6508827527501873
--------
nle(id0,id1,dist): 42 52 1.5253675101075088
list:
dist: 1.5253675101075088 vs. 1.5253675101075088
--------
nle(id0,id1,dist): 42 49 2.672712332458206
list:
dist: 2.672712332458206 vs. 2.672712332458206
--------
nle(id0,id1,dist): 42 50 1.500050777015315
list:
dist: 1.500050777015315 vs. 1.500050777015315
--------
nle(id0,id1,dist): 42 47 2.434353537940034
list:
dist: 2.434353537940034 vs. 2.434353537940034
--------
nle(id0,id1,dist): 42 48 2.3631108633058817
list:
dist: 2.3631108633058817 vs. 2.3631108633058817
--------
nle(id0,id1,dist): 41 49 3.0355518019662266
list:
dist: 3.0355518019662266 vs. 3.0355518019662266
--------
nle(id0,id1,dist): 41 48 2.870745212408704
list:
dist: 2.870745212408704 vs. 2.870745212408704
--------
nle(id0,id1,dist): 41 51 1.467860516977085
list:
dist: 1.467860516977085 vs. 1.467860516977085
--------
nle(id0,id1,dist): 41 50 3.028176915776816
list:
dist: 3.028176915776816 vs. 3.028176915776816
--------
nle(id0,id1,dist): 41 45 2.2882592322414137
list:
dist: 2.2882592322414137 vs. 2.2882592322414137
--------
nle(id0,id1,dist): 41 44 1.7836914431490942
list:
dist: 1.7836914431490942 vs. 1.7836914431490942
--------
nle(id0,id1,dist): 41 47 1.7036162437692628
list:
dist: 1.7036162437692628 vs. 1.7036162437692628
--------
nle(id0,id1,dist): 41 46 1.6946762589078301
list:
dist: 1.6946762589078301 vs. 1.6946762589078301
--------
nle(id0,id1,dist): 41 43 1.9633276211096058
list:
dist: 1.9633276211096058 vs. 1.9633276211096058
--------
nle(id0,id1,dist): 41 42 2.0960746515509694
list:
dist: 2.0960746515509694 vs. 2.0960746515509694
--------
nle(id0,id1,dist): 41 57 2.6017415645332727
list:
dist: 2.6017415645332727 vs. 2.6017415645332727
--------
nle(id0,id1,dist): 41 59 2.876450301061337
list:
dist: 2.876450301061337 vs. 2.876450301061337
--------
nle(id0,id1,dist): 41 52 2.9575601453804277
list:
dist: 2.9575601453804277 vs. 2.9575601453804277
--------
nle(id0,id1,dist): 41 53 2.0450135583852203
list:
dist: 2.0450135583852203 vs. 2.0450135583852203
--------
nle(id0,id1,dist): 41 54 2.1374451475612672
list:
dist: 2.1374451475612672 vs. 2.1374451475612672
--------
nle(id0,id1,dist): 41 55 2.437475021047695
list:
dist: 2.437475021047695 vs. 2.437475021047695
--------
nle(id0,id1,dist): 40 42 2.863602296418857
list:
dist: 2.863602296418857 vs. 2.863602296418857
--------
nle(id0,id1,dist): 40 52 3.0531684521693125
list:
dist: 3.0531684521693125 vs. 3.0531684521693125
--------
nle(id0,id1,dist): 40 50 2.576367679952422
list:
dist: 2.576367679952422 vs. 2.576367679952422
--------
nle(id0,id1,dist): 40 56 3.429408288484184
list:
dist: 3.429408288484184 vs. 3.429408288484184
--------
nle(id0,id1,dist): 40 53 3.2853338057311934
list:
dist: 3.2853338057311934 vs. 3.2853338057311934
--------
nle(id0,id1,dist): 40 54 2.9512688350082024
list:
dist: 2.9512688350082024 vs. 2.9512688350082024
--------
nle(id0,id1,dist): 40 58 3.6369049341275823
list:
dist: 3.6369049341275823 vs. 3.6369049341275823
--------
nle(id0,id1,dist): 40 57 3.6788274229051825
list:
dist: 3.6788274229051825 vs. 3.6788274229051825
--------
nle(id0,id1,dist): 39 46 2.262309915966963
list:
dist: 2.262309915966963 vs. 2.262309915966963
--------
nle(id0,id1,dist): 39 47 2.2358705355660353
list:
dist: 2.2358705355660353 vs. 2.2358705355660353
--------
nle(id0,id1,dist): 39 48 3.3207146244514654
list:
dist: 3.3207146244514654 vs. 3.3207146244514654
--------
nle(id0,id1,dist): 39 49 3.514411919349845
list:
dist: 3.514411919349845 vs. 3.514411919349845
--------
nle(id0,id1,dist): 39 50 3.077131938298647
list:
dist: 3.077131938298647 vs. 3.077131938298647
--------
nle(id0,id1,dist): 39 51 1.516948936850199
list:
dist: 1.516948936850199 vs. 1.516948936850199
--------
nle(id0,id1,dist): 39 52 3.221067207848409
list:
dist: 3.221067207848409 vs. 3.221067207848409
--------
nle(id0,id1,dist): 39 53 2.277425435719159
list:
dist: 2.277425435719159 vs. 2.277425435719159
--------
nle(id0,id1,dist): 39 54 2.240066691390811
list:
dist: 2.240066691390811 vs. 2.240066691390811
--------
nle(id0,id1,dist): 39 55 2.972916411294258
list:
dist: 2.972916411294258 vs. 2.972916411294258
--------
nle(id0,id1,dist): 39 57 2.950943776857336
list:
dist: 2.950943776857336 vs. 2.950943776857336
--------
nle(id0,id1,dist): 38 57 2.7430475673354597
list:
dist: 2.7430475673354597 vs. 2.7430475673354597
--------
nle(id0,id1,dist): 38 55 2.1028887305125465
list:
dist: 2.1028887305125465 vs. 2.1028887305125465
--------
nle(id0,id1,dist): 38 53 2.371802882492234
list:
dist: 2.371802882492234 vs. 2.371802882492234
--------
nle(id0,id1,dist): 38 54 2.5934295815117707
list:
dist: 2.5934295815117707 vs. 2.5934295815117707
--------
nle(id0,id1,dist): 38 51 2.083599279253496
list:
dist: 2.083599279253496 vs. 2.083599279253496
--------
nle(id0,id1,dist): 38 52 3.1327292767320816
list:
dist: 3.1327292767320816 vs. 3.1327292767320816
--------
nle(id0,id1,dist): 38 59 2.269014364984318
list:
dist: 2.269014364984318 vs. 2.269014364984318
--------
nle(id0,id1,dist): 39 45 2.8142916487053498
list:
dist: 2.8142916487053498 vs. 2.8142916487053498
--------
nle(id0,id1,dist): 39 44 2.138215981244304
list:
dist: 2.138215981244304 vs. 2.138215981244304
--------
nle(id0,id1,dist): 39 43 1.596662382996935
list:
dist: 1.596662382996935 vs. 1.596662382996935
--------
nle(id0,id1,dist): 39 42 2.113215515732435
list:
dist: 2.113215515732435 vs. 2.113215515732435
--------
nle(id0,id1,dist): 39 41 0.5777203897539728
list:
dist: 0.5777203897539728 vs. 0.5777203897539728
--------
nle(id0,id1,dist): 37 57 3.551224734854128
list:
dist: 3.551224734854128 vs. 3.551224734854128
--------
nle(id0,id1,dist): 37 59 3.5535490458265135
list:
dist: 3.5535490458265135 vs. 3.5535490458265135
--------
nle(id0,id1,dist): 38 39 1.3820212772592402
list:
dist: 1.3820212772592402 vs. 1.3820212772592402
--------
nle(id0,id1,dist): 38 42 2.66247516797511
list:
dist: 2.66247516797511 vs. 2.66247516797511
--------
nle(id0,id1,dist): 38 41 0.8625747368040935
list:
dist: 0.8625747368040935 vs. 0.8625747368040935
--------
nle(id0,id1,dist): 38 48 2.745493566181932
list:
dist: 2.745493566181932 vs. 2.745493566181932
--------
nle(id0,id1,dist): 38 47 1.234195329174694
list:
dist: 1.234195329174694 vs. 1.234195329174694
--------
nle(id0,id1,dist): 38 50 3.577936534933722
list:
dist: 3.577936534933722 vs. 3.577936534933722
--------
nle(id0,id1,dist): 38 49 2.7884055365163753
list:
dist: 2.7884055365163753 vs. 2.7884055365163753
--------
nle(id0,id1,dist): 38 44 1.745410185020593
list:
dist: 1.745410185020593 vs. 1.745410185020593
--------
nle(id0,id1,dist): 38 43 2.740301378173444
list:
dist: 2.740301378173444 vs. 2.740301378173444
--------
nle(id0,id1,dist): 38 46 1.063907273566274
list:
dist: 1.063907273566274 vs. 1.063907273566274
--------
nle(id0,id1,dist): 38 45 1.9441042816221885
list:
dist: 1.9441042816221885 vs. 1.9441042816221885
--------
nle(id0,id1,dist): 23 28 1.7981324789061957
list:
dist: 1.7981324789061957 vs. 1.7981324789061957
--------
nle(id0,id1,dist): 23 29 1.1983245551946968
list:
dist: 1.1983245551946968 vs. 1.1983245551946968
--------
nle(id0,id1,dist): 23 26 3.3697959387021448
list:
dist: 3.3697959387021448 vs. 3.3697959387021448
--------
nle(id0,id1,dist): 23 27 2.2032133454022302
list:
dist: 2.2032133454022302 vs. 2.2032133454022302
--------
nle(id0,id1,dist): 23 24 1.4694866044129389
list:
dist: 1.4694866044129389 vs. 1.4694866044129389
--------
nle(id0,id1,dist): 21 26 2.5823996565822656
list:
dist: 2.5823996565822656 vs. 2.5823996565822656
--------
nle(id0,id1,dist): 21 27 1.2899112118611746
list:
dist: 1.2899112118611746 vs. 1.2899112118611746
--------
nle(id0,id1,dist): 21 24 1.4339489839856805
list:
dist: 1.4339489839856805 vs. 1.4339489839856805
--------
nle(id0,id1,dist): 21 28 1.2973156112131343
list:
dist: 1.2973156112131343 vs. 1.2973156112131343
--------
nle(id0,id1,dist): 21 29 1.2785946604693743
list:
dist: 1.2785946604693743 vs. 1.2785946604693743
--------
nle(id0,id1,dist): 21 23 1.1177814673276185
list:
dist: 1.1177814673276185 vs. 1.1177814673276185
--------
nle(id0,id1,dist): 22 27 2.7024746158680117
list:
dist: 2.7024746158680117 vs. 2.7024746158680117
--------
nle(id0,id1,dist): 22 28 2.4073357740561456
list:
dist: 2.4073357740561456 vs. 2.4073357740561456
--------
nle(id0,id1,dist): 22 24 2.786179248781051
list:
dist: 2.786179248781051 vs. 2.786179248781051
--------
nle(id0,id1,dist): 22 26 1.77623452189179
list:
dist: 1.77623452189179 vs. 1.77623452189179
--------
nle(id0,id1,dist): 19 24 1.086312446278805
list:
dist: 1.086312446278805 vs. 1.086312446278805
--------
nle(id0,id1,dist): 19 22 3.273533215161092
list:
dist: 3.273533215161092 vs. 3.273533215161092
--------
nle(id0,id1,dist): 19 23 1.1285460547340929
list:
dist: 1.1285460547340929 vs. 1.1285460547340929
--------
nle(id0,id1,dist): 19 20 2.678988983070528
list:
dist: 2.678988983070528 vs. 2.678988983070528
--------
nle(id0,id1,dist): 19 21 1.2039055134223924
list:
dist: 1.2039055134223924 vs. 1.2039055134223924
--------
nle(id0,id1,dist): 19 28 1.3699491848817964
list:
dist: 1.3699491848817964 vs. 1.3699491848817964
--------
nle(id0,id1,dist): 19 29 1.7575511760374516
list:
dist: 1.7575511760374516 vs. 1.7575511760374516
--------
nle(id0,id1,dist): 19 26 2.9665587608372412
list:
dist: 2.9665587608372412 vs. 2.9665587608372412
--------
nle(id0,id1,dist): 19 27 2.0554587545764162
list:
dist: 2.0554587545764162 vs. 2.0554587545764162
--------
nle(id0,id1,dist): 20 28 3.359519469142682
list:
dist: 3.359519469142682 vs. 3.359519469142682
--------
nle(id0,id1,dist): 20 21 2.411077050446295
list:
dist: 2.411077050446295 vs. 2.411077050446295
--------
nle(id0,id1,dist): 20 23 2.9801758156953566
list:
dist: 2.9801758156953566 vs. 2.9801758156953566
--------
nle(id0,id1,dist): 20 24 3.5315316705251503
list:
dist: 3.5315316705251503 vs. 3.5315316705251503
--------
nle(id0,id1,dist): 18 22 2.111236804325026
list:
dist: 2.111236804325026 vs. 2.111236804325026
--------
nle(id0,id1,dist): 18 21 1.7050619198641952
list:
dist: 1.7050619198641952 vs. 1.7050619198641952
--------
nle(id0,id1,dist): 18 20 3.1031459853382843
list:
dist: 3.1031459853382843 vs. 3.1031459853382843
--------
nle(id0,id1,dist): 18 19 1.1652378506926941
list:
dist: 1.1652378506926941 vs. 1.1652378506926941
--------
nle(id0,id1,dist): 17 28 2.002606442665779
list:
dist: 2.002606442665779 vs. 2.002606442665779
--------
nle(id0,id1,dist): 17 29 2.4083859597625117
list:
dist: 2.4083859597625117 vs. 2.4083859597625117
--------
nle(id0,id1,dist): 18 23 2.1231105841668807
list:
dist: 2.1231105841668807 vs. 2.1231105841668807
--------
nle(id0,id1,dist): 18 24 1.0822169994140414
list:
dist: 1.0822169994140414 vs. 1.0822169994140414
--------
nle(id0,id1,dist): 18 26 2.130737858644821
list:
dist: 2.130737858644821 vs. 2.130737858644821
--------
nle(id0,id1,dist): 18 27 1.7479078946175288
list:
dist: 1.7479078946175288 vs. 1.7479078946175288
--------
nle(id0,id1,dist): 18 28 0.9681276812453739
list:
dist: 0.9681276812453739 vs. 0.9681276812453739
--------
nle(id0,id1,dist): 18 29 2.1625242133196125
list:
dist: 2.1625242133196125 vs. 2.1625242133196125
--------
nle(id0,id1,dist): 30 41 3.068397362491809
list:
dist: 3.068397362491809 vs. 3.068397362491809
--------
nle(id0,id1,dist): 30 39 2.6725660728378346
list:
dist: 2.6725660728378346 vs. 2.6725660728378346
--------
nle(id0,id1,dist): 30 38 3.5539801319259507
list:
dist: 3.5539801319259507 vs. 3.5539801319259507
--------
nle(id0,id1,dist): 30 37 2.2909309756938665
list:
dist: 2.2909309756938665 vs. 2.2909309756938665
--------
nle(id0,id1,dist): 30 36 1.9849260947956595
list:
dist: 1.9849260947956595 vs. 1.9849260947956595
--------
nle(id0,id1,dist): 30 35 3.2882873875418057
list:
dist: 3.2882873875418057 vs. 3.2882873875418057
--------
nle(id0,id1,dist): 30 34 3.275900742357111
list:
dist: 3.275900742357111 vs. 3.275900742357111
--------
nle(id0,id1,dist): 30 33 1.5847628741232
list:
dist: 1.5847628741232 vs. 1.5847628741232
--------
nle(id0,id1,dist): 30 32 3.4072238891542983
list:
dist: 3.4072238891542983 vs. 3.4072238891542983
--------
nle(id0,id1,dist): 30 31 1.937954622666144
list:
dist: 1.937954622666144 vs. 1.937954622666144
--------
nle(id0,id1,dist): 30 51 3.9553150883631756
list:
dist: 3.9553150883631756 vs. 3.9553150883631756
--------
nle(id0,id1,dist): 30 46 4.27174064112639
list:
dist: 4.27174064112639 vs. 4.27174064112639
--------
nle(id0,id1,dist): 30 43 2.1276226498357125
list:
dist: 2.1276226498357125 vs. 2.1276226498357125
--------
nle(id0,id1,dist): 28 29 1.3556948549932037
list:
dist: 1.3556948549932037 vs. 1.3556948549932037
--------
nle(id0,id1,dist): 26 27 1.3752920129591446
list:
dist: 1.3752920129591446 vs. 1.3752920129591446
--------
nle(id0,id1,dist): 26 28 1.6649115661280278
list:
dist: 1.6649115661280278 vs. 1.6649115661280278
--------
nle(id0,id1,dist): 26 29 2.5983440971479004
list:
dist: 2.5983440971479004 vs. 2.5983440971479004
--------
nle(id0,id1,dist): 27 29 1.570601147915349
list:
dist: 1.570601147915349 vs. 1.570601147915349
--------
nle(id0,id1,dist): 27 28 1.0231131300466823
list:
dist: 1.0231131300466823 vs. 1.0231131300466823
--------
nle(id0,id1,dist): 24 26 2.2547814180878145
list:
dist: 2.2547814180878145 vs. 2.2547814180878145
--------
nle(id0,id1,dist): 24 27 1.6099090209999734
list:
dist: 1.6099090209999734 vs. 1.6099090209999734
--------
nle(id0,id1,dist): 24 28 0.6587441777351889
list:
dist: 0.6587441777351889 vs. 0.6587441777351889
--------
nle(id0,id1,dist): 24 29 1.2331705935635389
list:
dist: 1.2331705935635389 vs. 1.2331705935635389
--------
nle(id0,id1,dist): 62 79 2.7054799458911014
list:
dist: 2.7054799458911014 vs. 2.7054799458911014
--------
nle(id0,id1,dist): 62 80 3.213956769242935
list:
dist: 3.213956769242935 vs. 3.213956769242935
--------
nle(id0,id1,dist): 62 81 2.6558760497414298
list:
dist: 2.6558760497414298 vs. 2.6558760497414298
--------
nle(id0,id1,dist): 62 75 3.8106793187204007
list:
dist: 3.8106793187204007 vs. 3.8106793187204007
--------
nle(id0,id1,dist): 62 76 3.4476998120146103
list:
dist: 3.4476998120146103 vs. 3.4476998120146103
--------
nle(id0,id1,dist): 62 78 3.577541973686257
list:
dist: 3.577541973686257 vs. 3.577541973686257
--------
nle(id0,id1,dist): 62 83 3.574536841881964
list:
dist: 3.574536841881964 vs. 3.574536841881964
--------
nle(id0,id1,dist): 62 85 3.9890400372676242
list:
dist: 3.9890400372676242 vs. 3.9890400372676242
--------
nle(id0,id1,dist): 62 63 1.945558985034105
list:
dist: 1.945558985034105 vs. 1.945558985034105
--------
nle(id0,id1,dist): 62 65 1.5427818472705168
list:
dist: 1.5427818472705168 vs. 1.5427818472705168
--------
nle(id0,id1,dist): 62 72 1.5029726376628607
list:
dist: 1.5029726376628607 vs. 1.5029726376628607
--------
nle(id0,id1,dist): 62 71 2.998980737552476
list:
dist: 2.998980737552476 vs. 2.998980737552476
--------
nle(id0,id1,dist): 62 73 1.9362384746320074
list:
dist: 1.9362384746320074 vs. 1.9362384746320074
--------
nle(id0,id1,dist): 62 68 1.740519419188077
list:
dist: 1.740519419188077 vs. 1.740519419188077
--------
nle(id0,id1,dist): 62 67 4.392528179273702
list:
dist: 4.392528179273702 vs. 4.392528179273702
--------
nle(id0,id1,dist): 62 70 3.6323078794788692
list:
dist: 3.6323078794788692 vs. 3.6323078794788692
--------
nle(id0,id1,dist): 62 69 3.5337915751040114
list:
dist: 3.5337915751040114 vs. 3.5337915751040114
--------
nle(id0,id1,dist): 61 87 4.5505280400597385
list:
dist: 4.5505280400597385 vs. 4.5505280400597385
--------
nle(id0,id1,dist): 61 84 3.729536404376021
list:
dist: 3.729536404376021 vs. 3.729536404376021
--------
nle(id0,id1,dist): 61 85 1.5425919742716672
list:
dist: 1.5425919742716672 vs. 1.5425919742716672
--------
nle(id0,id1,dist): 61 82 1.5693405371859983
list:
dist: 1.5693405371859983 vs. 1.5693405371859983
--------
nle(id0,id1,dist): 61 83 2.2788896164282737
list:
dist: 2.2788896164282737 vs. 2.2788896164282737
--------
nle(id0,id1,dist): 61 80 2.718860817325633
list:
dist: 2.718860817325633 vs. 2.718860817325633
--------
nle(id0,id1,dist): 61 81 1.4864344094157995
list:
dist: 1.4864344094157995 vs. 1.4864344094157995
--------
nle(id0,id1,dist): 61 88 2.541535773743662
list:
dist: 2.541535773743662 vs. 2.541535773743662
--------
nle(id0,id1,dist): 61 89 3.5247980426448895
list:
dist: 3.5247980426448895 vs. 3.5247980426448895
--------
nle(id0,id1,dist): 61 71 0.6986293131348723
list:
dist: 0.6986293131348723 vs. 0.6986293131348723
--------
nle(id0,id1,dist): 61 70 2.1199919588176295
list:
dist: 2.1199919588176295 vs. 2.1199919588176295
--------
nle(id0,id1,dist): 61 69 2.160906293804407
list:
dist: 2.160906293804407 vs. 2.160906293804407
--------
nle(id0,id1,dist): 61 68 0.9313548082699907
list:
dist: 0.9313548082699907 vs. 0.9313548082699907
--------
nle(id0,id1,dist): 61 67 2.0391278553606393
list:
dist: 2.0391278553606393 vs. 2.0391278553606393
--------
nle(id0,id1,dist): 61 66 2.1894155637568904
list:
dist: 2.1894155637568904 vs. 2.1894155637568904
--------
nle(id0,id1,dist): 61 65 1.339885768995389
list:
dist: 1.339885768995389 vs. 1.339885768995389
--------
nle(id0,id1,dist): 61 79 0.8033550245610103
list:
dist: 0.8033550245610103 vs. 0.8033550245610103
--------
nle(id0,id1,dist): 61 78 2.0916632286901877
list:
dist: 2.0916632286901877 vs. 2.0916632286901877
--------
nle(id0,id1,dist): 61 77 3.185082348976672
list:
dist: 3.185082348976672 vs. 3.185082348976672
--------
nle(id0,id1,dist): 61 76 1.1946289049001202
list:
dist: 1.1946289049001202 vs. 1.1946289049001202
--------
nle(id0,id1,dist): 61 75 1.436252800140647
list:
dist: 1.436252800140647 vs. 1.436252800140647
--------
nle(id0,id1,dist): 61 74 3.1076530254148125
list:
dist: 3.1076530254148125 vs. 3.1076530254148125
--------
nle(id0,id1,dist): 61 73 1.3226844470108716
list:
dist: 1.3226844470108716 vs. 1.3226844470108716
--------
nle(id0,id1,dist): 61 72 2.653974038672646
list:
dist: 2.653974038672646 vs. 2.653974038672646
--------
nle(id0,id1,dist): 64 70 2.4366967501930783
list:
dist: 2.4366967501930783 vs. 2.4366967501930783
--------
nle(id0,id1,dist): 63 73 2.0019652812323456
list:
dist: 2.0019652812323456 vs. 2.0019652812323456
--------
nle(id0,id1,dist): 63 70 3.740446905846352
list:
dist: 3.740446905846352 vs. 3.740446905846352
--------
nle(id0,id1,dist): 63 71 2.374840621068478
list:
dist: 2.374840621068478 vs. 2.374840621068478
--------
nle(id0,id1,dist): 63 76 2.884838836701049
list:
dist: 2.884838836701049 vs. 2.884838836701049
--------
nle(id0,id1,dist): 63 75 2.8812991014093563
list:
dist: 2.8812991014093563 vs. 2.8812991014093563
--------
nle(id0,id1,dist): 63 81 2.3995562987026373
list:
dist: 2.3995562987026373 vs. 2.3995562987026373
--------
nle(id0,id1,dist): 63 78 3.7234665326661003
list:
dist: 3.7234665326661003 vs. 3.7234665326661003
--------
nle(id0,id1,dist): 63 79 1.5030978268105906
list:
dist: 1.5030978268105906 vs. 1.5030978268105906
--------
nle(id0,id1,dist): 63 85 3.0191567456204047
list:
dist: 3.0191567456204047 vs. 3.0191567456204047
--------
nle(id0,id1,dist): 63 65 1.4209505182145696
list:
dist: 1.4209505182145696 vs. 1.4209505182145696
--------
nle(id0,id1,dist): 63 69 1.708459981218013
list:
dist: 1.708459981218013 vs. 1.708459981218013
--------
nle(id0,id1,dist): 63 68 1.8502569866866219
list:
dist: 1.8502569866866219 vs. 1.8502569866866219
--------
nle(id0,id1,dist): 63 67 3.3334688018284404
list:
dist: 3.3334688018284404 vs. 3.3334688018284404
--------
nle(id0,id1,dist): 61 63 1.7243102870021847
list:
dist: 1.7243102870021847 vs. 1.7243102870021847
--------
nle(id0,id1,dist): 61 62 2.4701977254604417
list:
dist: 2.4701977254604417 vs. 2.4701977254604417
--------
nle(id0,id1,dist): 60 78 3.2996956311202252
list:
dist: 3.2996956311202252 vs. 3.2996956311202252
--------
nle(id0,id1,dist): 60 80 2.6185531542263307
list:
dist: 2.6185531542263307 vs. 2.6185531542263307
--------
nle(id0,id1,dist): 60 81 2.230795967747566
list:
dist: 2.230795967747566 vs. 2.230795967747566
--------
nle(id0,id1,dist): 60 83 3.3071478227323245
list:
dist: 3.3071478227323245 vs. 3.3071478227323245
--------
nle(id0,id1,dist): 60 70 3.4917580518717624
list:
dist: 3.4917580518717624 vs. 3.4917580518717624
--------
nle(id0,id1,dist): 60 71 3.140031821390567
list:
dist: 3.140031821390567 vs. 3.140031821390567
--------
nle(id0,id1,dist): 60 72 0.39243307863990123
list:
dist: 0.39243307863990123 vs. 0.39243307863990123
--------
nle(id0,id1,dist): 60 73 1.6106361643031133
list:
dist: 1.6106361643031133 vs. 1.6106361643031133
--------
nle(id0,id1,dist): 60 76 3.5016958013459467
list:
dist: 3.5016958013459467 vs. 3.5016958013459467
--------
nle(id0,id1,dist): 60 62 1.1534293499087922
list:
dist: 1.1534293499087922 vs. 1.1534293499087922
--------
nle(id0,id1,dist): 60 61 2.6701075560017635
list:
dist: 2.6701075560017635 vs. 2.6701075560017635
--------
nle(id0,id1,dist): 60 68 1.8930697667094125
list:
dist: 1.8930697667094125 vs. 1.8930697667094125
--------
nle(id0,id1,dist): 60 65 1.5529308907892332
list:
dist: 1.5529308907892332 vs. 1.5529308907892332
--------
nle(id0,id1,dist): 69 71 2.480170455021488
list:
dist: 2.480170455021488 vs. 2.480170455021488
--------
nle(id0,id1,dist): 69 70 4.028216611414597
list:
dist: 4.028216611414597 vs. 4.028216611414597
--------
nle(id0,id1,dist): 69 78 4.1174016987617446
list:
dist: 4.1174016987617446 vs. 4.1174016987617446
--------
nle(id0,id1,dist): 69 79 1.4543923002926673
list:
dist: 1.4543923002926673 vs. 1.4543923002926673
--------
nle(id0,id1,dist): 69 76 2.8523221326740256
list:
dist: 2.8523221326740256 vs. 2.8523221326740256
--------
nle(id0,id1,dist): 69 75 2.725206034985536
list:
dist: 2.725206034985536 vs. 2.725206034985536
--------
nle(id0,id1,dist): 69 73 3.142291184804373
list:
dist: 3.142291184804373 vs. 3.142291184804373
--------
nle(id0,id1,dist): 69 85 2.537489538157998
list:
dist: 2.537489538157998 vs. 2.537489538157998
--------
nle(id0,id1,dist): 69 81 3.260667393919347
list:
dist: 3.260667393919347 vs. 3.260667393919347
--------
nle(id0,id1,dist): 68 74 2.9196747748197724
list:
dist: 2.9196747748197724 vs. 2.9196747748197724
--------
nle(id0,id1,dist): 68 73 1.0145207308921338
list:
dist: 1.0145207308921338 vs. 1.0145207308921338
--------
nle(id0,id1,dist): 68 76 1.7172903934630304
list:
dist: 1.7172903934630304 vs. 1.7172903934630304
--------
nle(id0,id1,dist): 68 75 2.20773922315415
list:
dist: 2.20773922315415 vs. 2.20773922315415
--------
nle(id0,id1,dist): 68 70 2.058378939029681
list:
dist: 2.058378939029681 vs. 2.058378939029681
--------
nle(id0,id1,dist): 68 69 2.8182791111339878
list:
dist: 2.8182791111339878 vs. 2.8182791111339878
--------
nle(id0,id1,dist): 68 72 1.9308130487038462
list:
dist: 1.9308130487038462 vs. 1.9308130487038462
--------
nle(id0,id1,dist): 68 71 1.3030232161352593
list:
dist: 1.3030232161352593 vs. 1.3030232161352593
--------
nle(id0,id1,dist): 68 81 1.5623814531275717
list:
dist: 1.5623814531275717 vs. 1.5623814531275717
--------
nle(id0,id1,dist): 68 82 1.988537249260415
list:
dist: 1.988537249260415 vs. 1.988537249260415
--------
nle(id0,id1,dist): 68 83 2.0897144837620223
list:
dist: 2.0897144837620223 vs. 2.0897144837620223
--------
nle(id0,id1,dist): 68 84 3.565776001969945
list:
dist: 3.565776001969945 vs. 3.565776001969945
--------
nle(id0,id1,dist): 68 77 3.5681361079701928
list:
dist: 3.5681361079701928 vs. 3.5681361079701928
--------
nle(id0,id1,dist): 68 78 2.0112031144834743
list:
dist: 2.0112031144834743 vs. 2.0112031144834743
--------
nle(id0,id1,dist): 68 79 1.4842812284220173
list:
dist: 1.4842812284220173 vs. 1.4842812284220173
--------
nle(id0,id1,dist): 68 80 2.1947431527725496
list:
dist: 2.1947431527725496 vs. 2.1947431527725496
--------
nle(id0,id1,dist): 68 89 3.757602267604867
list:
dist: 3.757602267604867 vs. 3.757602267604867
--------
nle(id0,id1,dist): 68 85 2.328520002092432
list:
dist: 2.328520002092432 vs. 2.328520002092432
--------
nle(id0,id1,dist): 68 87 4.291783134032186
list:
dist: 4.291783134032186 vs. 4.291783134032186
--------
nle(id0,id1,dist): 68 88 3.262670679075169
list:
dist: 3.262670679075169 vs. 3.262670679075169
--------
nle(id0,id1,dist): 70 85 2.0556382700790765
list:
dist: 2.0556382700790765 vs. 2.0556382700790765
--------
nle(id0,id1,dist): 70 84 2.2951193525764753
list:
dist: 2.2951193525764753 vs. 2.2951193525764753
--------
nle(id0,id1,dist): 70 83 0.439529324764136
list:
dist: 0.439529324764136 vs. 0.439529324764136
--------
nle(id0,id1,dist): 70 89 1.8267586332766936
list:
dist: 1.8267586332766936 vs. 1.8267586332766936
--------
nle(id0,id1,dist): 70 88 2.402611167345068
list:
dist: 2.402611167345068 vs. 2.402611167345068
--------
nle(id0,id1,dist): 70 87 2.7890582283425602
list:
dist: 2.7890582283425602 vs. 2.7890582283425602
--------
nle(id0,id1,dist): 70 94 4.091114188514431
list:
dist: 4.091114188514431 vs. 4.091114188514431
--------
nle(id0,id1,dist): 70 96 3.743821081045344
list:
dist: 3.743821081045344 vs. 3.743821081045344
--------
nle(id0,id1,dist): 71 72 3.102060311922157
list:
dist: 3.102060311922157 vs. 3.102060311922157
--------
nle(id0,id1,dist): 71 73 1.7984499686498152
list:
dist: 1.7984499686498152 vs. 1.7984499686498152
--------
nle(id0,id1,dist): 71 76 0.5163638719443168
list:
dist: 0.5163638719443168 vs. 0.5163638719443168
--------
nle(id0,id1,dist): 71 77 2.5386043636278908
list:
dist: 2.5386043636278908 vs. 2.5386043636278908
--------
nle(id0,id1,dist): 71 74 2.7308598414313616
list:
dist: 2.7308598414313616 vs. 2.7308598414313616
--------
nle(id0,id1,dist): 70 112 4.255471386629465
list:
dist: 4.255471386629465 vs. 4.255471386629465
--------
nle(id0,id1,dist): 71 75 1.2136271130546918
list:
dist: 1.2136271130546918 vs. 1.2136271130546918
--------
nle(id0,id1,dist): 70 71 1.590382402126707
list:
dist: 1.590382402126707 vs. 1.590382402126707
--------
nle(id0,id1,dist): 70 73 2.5417872755867656
list:
dist: 2.5417872755867656 vs. 2.5417872755867656
--------
nle(id0,id1,dist): 70 74 1.4812908250275894
list:
dist: 1.4812908250275894 vs. 1.4812908250275894
--------
nle(id0,id1,dist): 70 75 2.2441555534446835
list:
dist: 2.2441555534446835 vs. 2.2441555534446835
--------
nle(id0,id1,dist): 70 76 1.3087371799207095
list:
dist: 1.3087371799207095 vs. 1.3087371799207095
--------
nle(id0,id1,dist): 70 77 1.8673144097228507
list:
dist: 1.8673144097228507 vs. 1.8673144097228507
--------
nle(id0,id1,dist): 70 78 0.47790625930837494
list:
dist: 0.47790625930837494 vs. 0.47790625930837494
--------
nle(id0,id1,dist): 70 79 2.6240157102104145
list:
dist: 2.6240157102104145 vs. 2.6240157102104145
--------
nle(id0,id1,dist): 70 80 1.6323288002407166
list:
dist: 1.6323288002407166 vs. 1.6323288002407166
--------
nle(id0,id1,dist): 70 82 1.2010860242317847
list:
dist: 1.2010860242317847 vs. 1.2010860242317847
--------
nle(id0,id1,dist): 65 85 2.826977721505015
list:
dist: 2.826977721505015 vs. 2.826977721505015
--------
nle(id0,id1,dist): 65 83 2.9236872588158946
list:
dist: 2.9236872588158946 vs. 2.9236872588158946
--------
nle(id0,id1,dist): 64 117 2.1215862459058723
list:
dist: 2.1215862459058723 vs. 2.1215862459058723
--------
nle(id0,id1,dist): 65 80 2.780046152594319
list:
dist: 2.780046152594319 vs. 2.780046152594319
--------
nle(id0,id1,dist): 65 81 1.224535849411457
list:
dist: 1.224535849411457 vs. 1.224535849411457
--------
nle(id0,id1,dist): 64 118 3.2217460016484836
list:
dist: 3.2217460016484836 vs. 3.2217460016484836
--------
nle(id0,id1,dist): 64 115 3.139305141343886
list:
dist: 3.139305141343886 vs. 3.139305141343886
--------
nle(id0,id1,dist): 65 78 2.7877019580437414
list:
dist: 2.7877019580437414 vs. 2.7877019580437414
--------
nle(id0,id1,dist): 64 116 3.2932598864258797
list:
dist: 3.2932598864258797 vs. 3.2932598864258797
--------
nle(id0,id1,dist): 65 79 1.819506936619477
list:
dist: 1.819506936619477 vs. 1.819506936619477
--------
nle(id0,id1,dist): 64 113 3.024086770002252
list:
dist: 3.024086770002252 vs. 3.024086770002252
--------
nle(id0,id1,dist): 65 76 2.410937228519527
list:
dist: 2.410937228519527 vs. 2.410937228519527
--------
nle(id0,id1,dist): 64 114 2.831466668973071
list:
dist: 2.831466668973071 vs. 2.831466668973071
--------
nle(id0,id1,dist): 66 70 0.7412016398367905
list:
dist: 0.7412016398367905 vs. 0.7412016398367905
--------
nle(id0,id1,dist): 66 68 2.2834775054284497
list:
dist: 2.2834775054284497 vs. 2.2834775054284497
--------
nle(id0,id1,dist): 66 67 2.419648939550949
list:
dist: 2.419648939550949 vs. 2.419648939550949
--------
nle(id0,id1,dist): 64 93 2.7048877765294805
list:
dist: 2.7048877765294805 vs. 2.7048877765294805
--------
nle(id0,id1,dist): 64 94 2.4698005917570964
list:
dist: 2.4698005917570964 vs. 2.4698005917570964
--------
nle(id0,id1,dist): 64 95 2.619636097478003
list:
dist: 2.619636097478003 vs. 2.619636097478003
--------
nle(id0,id1,dist): 64 96 1.3571865044231284
list:
dist: 1.3571865044231284 vs. 1.3571865044231284
--------
nle(id0,id1,dist): 64 89 2.2697132691196873
list:
dist: 2.2697132691196873 vs. 2.2697132691196873
--------
nle(id0,id1,dist): 64 90 3.3981134148370673
list:
dist: 3.3981134148370673 vs. 3.3981134148370673
--------
nle(id0,id1,dist): 64 91 2.066217324060724
list:
dist: 2.066217324060724 vs. 2.066217324060724
--------
nle(id0,id1,dist): 64 92 3.6505801751809583
list:
dist: 3.6505801751809583 vs. 3.6505801751809583
--------
nle(id0,id1,dist): 64 110 2.595120125321871
list:
dist: 2.595120125321871 vs. 2.595120125321871
--------
nle(id0,id1,dist): 65 73 0.6388895258136349
list:
dist: 0.6388895258136349 vs. 0.6388895258136349
--------
nle(id0,id1,dist): 64 109 2.4145246075607956
list:
dist: 2.4145246075607956 vs. 2.4145246075607956
--------
nle(id0,id1,dist): 65 72 1.5421969775665858
list:
dist: 1.5421969775665858 vs. 1.5421969775665858
--------
nle(id0,id1,dist): 64 112 1.8490065748787183
list:
dist: 1.8490065748787183 vs. 1.8490065748787183
--------
nle(id0,id1,dist): 65 75 2.4276539387442413
list:
dist: 2.4276539387442413 vs. 2.4276539387442413
--------
nle(id0,id1,dist): 64 111 2.871671589449638
list:
dist: 2.871671589449638 vs. 2.871671589449638
--------
nle(id0,id1,dist): 64 106 3.425417644941861
list:
dist: 3.425417644941861 vs. 3.425417644941861
--------
nle(id0,id1,dist): 65 69 2.7730898689154664
list:
dist: 2.7730898689154664 vs. 2.7730898689154664
--------
nle(id0,id1,dist): 65 68 1.0459966677886021
list:
dist: 1.0459966677886021 vs. 1.0459966677886021
--------
nle(id0,id1,dist): 64 105 2.9420051897838233
list:
dist: 2.9420051897838233 vs. 2.9420051897838233
--------
nle(id0,id1,dist): 64 108 2.295596890365814
list:
dist: 2.295596890365814 vs. 2.295596890365814
--------
nle(id0,id1,dist): 65 71 1.9695933163529715
list:
dist: 1.9695933163529715 vs. 1.9695933163529715
--------
nle(id0,id1,dist): 65 70 2.948405032882657
list:
dist: 2.948405032882657 vs. 2.948405032882657
--------
nle(id0,id1,dist): 64 107 2.996853337019154
list:
dist: 2.996853337019154 vs. 2.996853337019154
--------
nle(id0,id1,dist): 64 102 4.623933603821772
list:
dist: 4.623933603821772 vs. 4.623933603821772
--------
nle(id0,id1,dist): 64 101 3.4030460159082754
list:
dist: 3.4030460159082754 vs. 3.4030460159082754
--------
nle(id0,id1,dist): 65 67 3.3701531074615523
list:
dist: 3.3701531074615523 vs. 3.3701531074615523
--------
nle(id0,id1,dist): 64 104 3.260370652762538
list:
dist: 3.260370652762538 vs. 3.260370652762538
--------
nle(id0,id1,dist): 64 103 3.6172560486366376
list:
dist: 3.6172560486366376 vs. 3.6172560486366376
--------
nle(id0,id1,dist): 64 98 3.27716885593421
list:
dist: 3.27716885593421 vs. 3.27716885593421
--------
nle(id0,id1,dist): 64 97 3.409156456907241
list:
dist: 3.409156456907241 vs. 3.409156456907241
--------
nle(id0,id1,dist): 64 100 3.7308002749412332
list:
dist: 3.7308002749412332 vs. 3.7308002749412332
--------
nle(id0,id1,dist): 64 99 2.7521358229427304
list:
dist: 2.7521358229427304 vs. 2.7521358229427304
--------
nle(id0,id1,dist): 67 76 1.3424171328015377
list:
dist: 1.3424171328015377 vs. 1.3424171328015377
--------
nle(id0,id1,dist): 67 77 2.2858837132610876
list:
dist: 2.2858837132610876 vs. 2.2858837132610876
--------
nle(id0,id1,dist): 67 75 1.6142452499537125
list:
dist: 1.6142452499537125 vs. 1.6142452499537125
--------
nle(id0,id1,dist): 67 78 2.588949407852987
list:
dist: 2.588949407852987 vs. 2.588949407852987
--------
nle(id0,id1,dist): 67 79 1.8591602903187145
list:
dist: 1.8591602903187145 vs. 1.8591602903187145
--------
nle(id0,id1,dist): 67 68 2.7951370661195543
list:
dist: 2.7951370661195543 vs. 2.7951370661195543
--------
nle(id0,id1,dist): 67 69 2.536553397382547
list:
dist: 2.536553397382547 vs. 2.536553397382547
--------
nle(id0,id1,dist): 67 73 3.2621886751218554
list:
dist: 3.2621886751218554 vs. 3.2621886751218554
--------
nle(id0,id1,dist): 67 70 2.4014755994560204
list:
dist: 2.4014755994560204 vs. 2.4014755994560204
--------
nle(id0,id1,dist): 67 71 1.5342494150049835
list:
dist: 1.5342494150049835 vs. 1.5342494150049835
--------
nle(id0,id1,dist): 67 85 0.7253516686889813
list:
dist: 0.7253516686889813 vs. 0.7253516686889813
--------
nle(id0,id1,dist): 67 82 1.7287709195892478
list:
dist: 1.7287709195892478 vs. 1.7287709195892478
--------
nle(id0,id1,dist): 67 89 2.8004639136999883
list:
dist: 2.8004639136999883 vs. 2.8004639136999883
--------
nle(id0,id1,dist): 67 88 1.1789235212220182
list:
dist: 1.1789235212220182 vs. 1.1789235212220182
--------
nle(id0,id1,dist): 66 79 2.7866140124114662
list:
dist: 2.7866140124114662 vs. 2.7866140124114662
--------
nle(id0,id1,dist): 66 80 1.6880015217822129
list:
dist: 1.6880015217822129 vs. 1.6880015217822129
--------
nle(id0,id1,dist): 66 81 2.315969428919266
list:
dist: 2.315969428919266 vs. 2.315969428919266
--------
nle(id0,id1,dist): 66 82 0.8631220865902899
list:
dist: 0.8631220865902899 vs. 0.8631220865902899
--------
nle(id0,id1,dist): 66 83 0.746427831770723
list:
dist: 0.746427831770723 vs. 0.746427831770723
--------
nle(id0,id1,dist): 66 84 1.8561423273943167
list:
dist: 1.8561423273943167 vs. 1.8561423273943167
--------
nle(id0,id1,dist): 66 85 1.938831300989325
list:
dist: 1.938831300989325 vs. 1.938831300989325
--------
nle(id0,id1,dist): 66 71 1.6793624707505324
list:
dist: 1.6793624707505324 vs. 1.6793624707505324
--------
nle(id0,id1,dist): 66 73 2.4835035286058114
list:
dist: 2.4835035286058114 vs. 2.4835035286058114
--------
nle(id0,id1,dist): 66 74 1.178745965503806
list:
dist: 1.178745965503806 vs. 1.178745965503806
--------
nle(id0,id1,dist): 66 75 1.8963318701289922
list:
dist: 1.8963318701289922 vs. 1.8963318701289922
--------
nle(id0,id1,dist): 66 76 1.3165194701158656
list:
dist: 1.3165194701158656 vs. 1.3165194701158656
--------
nle(id0,id1,dist): 66 77 1.5105086301566684
list:
dist: 1.5105086301566684 vs. 1.5105086301566684
--------
nle(id0,id1,dist): 66 78 0.463368052127779
list:
dist: 0.463368052127779 vs. 0.463368052127779
--------
nle(id0,id1,dist): 66 88 2.0926892686760614
list:
dist: 2.0926892686760614 vs. 2.0926892686760614
--------
nle(id0,id1,dist): 66 87 2.557550685289576
list:
dist: 2.557550685289576 vs. 2.557550685289576
--------
nle(id0,id1,dist): 66 89 1.5727981448795059
list:
dist: 1.5727981448795059 vs. 1.5727981448795059
--------
nle(id0,id1,dist): 48 51 2.333111220815764
list:
dist: 2.333111220815764 vs. 2.333111220815764
--------
nle(id0,id1,dist): 48 52 1.3881308968926094
list:
dist: 1.3881308968926094 vs. 1.3881308968926094
--------
nle(id0,id1,dist): 48 49 0.5112601378562834
list:
dist: 0.5112601378562834 vs. 0.5112601378562834
--------
nle(id0,id1,dist): 48 50 2.5621774528655212
list:
dist: 2.5621774528655212 vs. 2.5621774528655212
--------
nle(id0,id1,dist): 48 55 1.3689815032928918
list:
dist: 1.3689815032928918 vs. 1.3689815032928918
--------
nle(id0,id1,dist): 48 56 1.6264694313251487
list:
dist: 1.6264694313251487 vs. 1.6264694313251487
--------
nle(id0,id1,dist): 48 53 1.5541453193851906
list:
dist: 1.5541453193851906 vs. 1.5541453193851906
--------
nle(id0,id1,dist): 48 54 2.0700946925248225
list:
dist: 2.0700946925248225 vs. 2.0700946925248225
--------
nle(id0,id1,dist): 48 59 1.6938531862764286
list:
dist: 1.6938531862764286 vs. 1.6938531862764286
--------
nle(id0,id1,dist): 48 57 0.9130740087425866
list:
dist: 0.9130740087425866 vs. 0.9130740087425866
--------
nle(id0,id1,dist): 48 58 1.9297560571353116
list:
dist: 1.9297560571353116 vs. 1.9297560571353116
--------
nle(id0,id1,dist): 49 50 3.0349430571310996
list:
dist: 3.0349430571310996 vs. 3.0349430571310996
--------
nle(id0,id1,dist): 49 51 2.6344873195060554
list:
dist: 2.6344873195060554 vs. 2.6344873195060554
--------
nle(id0,id1,dist): 49 52 1.5930791287506696
list:
dist: 1.5930791287506696 vs. 1.5930791287506696
--------
nle(id0,id1,dist): 49 53 1.8622152954521822
list:
dist: 1.8622152954521822 vs. 1.8622152954521822
--------
nle(id0,id1,dist): 49 54 2.346625721898768
list:
dist: 2.346625721898768 vs. 2.346625721898768
--------
nle(id0,id1,dist): 49 55 1.498308971820016
list:
dist: 1.498308971820016 vs. 1.498308971820016
--------
nle(id0,id1,dist): 49 56 2.0904784463608395
list:
dist: 2.0904784463608395 vs. 2.0904784463608395
--------
nle(id0,id1,dist): 49 57 1.4099027717439547
list:
dist: 1.4099027717439547 vs. 1.4099027717439547
--------
nle(id0,id1,dist): 49 58 1.938225240705135
list:
dist: 1.938225240705135 vs. 1.938225240705135
--------
nle(id0,id1,dist): 49 59 1.3773681815924856
list:
dist: 1.3773681815924856 vs. 1.3773681815924856
--------
nle(id0,id1,dist): 50 53 1.6498497359599722
list:
dist: 1.6498497359599722 vs. 1.6498497359599722
--------
nle(id0,id1,dist): 50 54 1.6484184206048893
list:
dist: 1.6484184206048893 vs. 1.6484184206048893
--------
nle(id0,id1,dist): 50 51 1.7486758115038894
list:
dist: 1.7486758115038894 vs. 1.7486758115038894
--------
nle(id0,id1,dist): 50 52 2.0398859999600027
list:
dist: 2.0398859999600027 vs. 2.0398859999600027
--------
nle(id0,id1,dist): 50 56 1.6505027340115601
list:
dist: 1.6505027340115601 vs. 1.6505027340115601
--------
nle(id0,id1,dist): 50 55 3.093075702625497
list:
dist: 3.093075702625497 vs. 3.093075702625497
--------
nle(id0,id1,dist): 50 58 3.1534121200956613
list:
dist: 3.1534121200956613 vs. 3.1534121200956613
--------
nle(id0,id1,dist): 50 57 1.6747732596629605
list:
dist: 1.6747732596629605 vs. 1.6747732596629605
--------
nle(id0,id1,dist): 45 47 0.8576675831323624
list:
dist: 0.8576675831323624 vs. 0.8576675831323624
--------
nle(id0,id1,dist): 45 46 1.4259394272380754
list:
dist: 1.4259394272380754 vs. 1.4259394272380754
--------
nle(id0,id1,dist): 44 55 2.201811485907815
list:
dist: 2.201811485907815 vs. 2.201811485907815
--------
nle(id0,id1,dist): 44 56 2.9611212372475255
list:
dist: 2.9611212372475255 vs. 2.9611212372475255
--------
nle(id0,id1,dist): 44 53 1.253726724756271
list:
dist: 1.253726724756271 vs. 1.253726724756271
--------
nle(id0,id1,dist): 44 54 1.4358082212209555
list:
dist: 1.4358082212209555 vs. 1.4358082212209555
--------
nle(id0,id1,dist): 44 59 2.0619137924959334
list:
dist: 2.0619137924959334 vs. 2.0619137924959334
--------
nle(id0,id1,dist): 44 57 1.9332386235647112
list:
dist: 1.9332386235647112 vs. 1.9332386235647112
--------
nle(id0,id1,dist): 44 58 3.0011844551268587
list:
dist: 3.0011844551268587 vs. 3.0011844551268587
--------
nle(id0,id1,dist): 45 56 2.4611754467742513
list:
dist: 2.4611754467742513 vs. 2.4611754467742513
--------
nle(id0,id1,dist): 45 57 1.5026412725818914
list:
dist: 1.5026412725818914 vs. 1.5026412725818914
--------
nle(id0,id1,dist): 45 58 2.742820311806199
list:
dist: 2.742820311806199 vs. 2.742820311806199
--------
nle(id0,id1,dist): 45 59 0.9725319732123872
list:
dist: 0.9725319732123872 vs. 0.9725319732123872
--------
nle(id0,id1,dist): 45 48 0.9559846028544704
list:
dist: 0.9559846028544704 vs. 0.9559846028544704
--------
nle(id0,id1,dist): 45 49 0.8713854492366926
list:
dist: 0.8713854492366926 vs. 0.8713854492366926
--------
nle(id0,id1,dist): 45 50 3.0494536619851553
list:
dist: 3.0494536619851553 vs. 3.0494536619851553
--------
nle(id0,id1,dist): 45 51 2.253613430516224
list:
dist: 2.253613430516224 vs. 2.253613430516224
--------
nle(id0,id1,dist): 45 52 1.920811334648673
list:
dist: 1.920811334648673 vs. 1.920811334648673
--------
nle(id0,id1,dist): 45 53 1.7293145073994682
list:
dist: 1.7293145073994682 vs. 1.7293145073994682
--------
nle(id0,id1,dist): 45 54 2.2201945510014305
list:
dist: 2.2201945510014305 vs. 2.2201945510014305
--------
nle(id0,id1,dist): 45 55 0.9896254780080991
list:
dist: 0.9896254780080991 vs. 0.9896254780080991
--------
nle(id0,id1,dist): 46 59 1.5482190520489116
list:
dist: 1.5482190520489116 vs. 1.5482190520489116
--------
nle(id0,id1,dist): 46 57 2.42860014255462
list:
dist: 2.42860014255462 vs. 2.42860014255462
--------
nle(id0,id1,dist): 46 55 1.2297762874767724
list:
dist: 1.2297762874767724 vs. 1.2297762874767724
--------
nle(id0,id1,dist): 46 53 2.499108549502125
list:
dist: 2.499108549502125 vs. 2.499108549502125
--------
nle(id0,id1,dist): 46 54 2.899688133045371
list:
dist: 2.899688133045371 vs. 2.899688133045371
--------
nle(id0,id1,dist): 46 51 2.5153496752776197
list:
dist: 2.5153496752776197 vs. 2.5153496752776197
--------
nle(id0,id1,dist): 46 52 3.100493046948445
list:
dist: 3.100493046948445 vs. 3.100493046948445
--------
nle(id0,id1,dist): 46 49 2.2759148279113974
list:
dist: 2.2759148279113974 vs. 2.2759148279113974
--------
nle(id0,id1,dist): 46 50 3.616398259698971
list:
dist: 3.616398259698971 vs. 3.616398259698971
--------
nle(id0,id1,dist): 46 47 1.1248618496962783
list:
dist: 1.1248618496962783 vs. 1.1248618496962783
--------
nle(id0,id1,dist): 46 48 2.2566013353145555
list:
dist: 2.2566013353145555 vs. 2.2566013353145555
--------
nle(id0,id1,dist): 47 59 1.2735475719123046
list:
dist: 1.2735475719123046 vs. 1.2735475719123046
--------
nle(id0,id1,dist): 47 58 3.3777108752915908
list:
dist: 3.3777108752915908 vs. 3.3777108752915908
--------
nle(id0,id1,dist): 47 55 1.5081410792361345
list:
dist: 1.5081410792361345 vs. 1.5081410792361345
--------
nle(id0,id1,dist): 47 54 2.201683604459576
list:
dist: 2.201683604459576 vs. 2.201683604459576
--------
nle(id0,id1,dist): 47 57 2.0523545665104437
list:
dist: 2.0523545665104437 vs. 2.0523545665104437
--------
nle(id0,id1,dist): 47 56 3.115632394892064
list:
dist: 3.115632394892064 vs. 3.115632394892064
--------
nle(id0,id1,dist): 47 50 3.321306378456176
list:
dist: 3.321306378456176 vs. 3.321306378456176
--------
nle(id0,id1,dist): 47 51 2.0685630082133284
list:
dist: 2.0685630082133284 vs. 2.0685630082133284
--------
nle(id0,id1,dist): 47 52 2.2712204575945623
list:
dist: 2.2712204575945623 vs. 2.2712204575945623
--------
nle(id0,id1,dist): 47 53 1.8404478849121166
list:
dist: 1.8404478849121166 vs. 1.8404478849121166
--------
nle(id0,id1,dist): 47 48 1.7320968727100696
list:
dist: 1.7320968727100696 vs. 1.7320968727100696
--------
nle(id0,id1,dist): 47 49 1.6425685083096813
list:
dist: 1.6425685083096813 vs. 1.6425685083096813
--------
nle(id0,id1,dist): 55 56 2.4103572627049314
list:
dist: 2.4103572627049314 vs. 2.4103572627049314
--------
nle(id0,id1,dist): 55 57 1.6308873717116956
list:
dist: 1.6308873717116956 vs. 1.6308873717116956
--------
nle(id0,id1,dist): 55 58 3.2736864295772743
list:
dist: 3.2736864295772743 vs. 3.2736864295772743
--------
nle(id0,id1,dist): 55 59 1.3473107881200266
list:
dist: 1.3473107881200266 vs. 1.3473107881200266
--------
nle(id0,id1,dist): 56 58 2.0879025815044296
list:
dist: 2.0879025815044296 vs. 2.0879025815044296
--------
nle(id0,id1,dist): 56 57 1.0889790212909243
list:
dist: 1.0889790212909243 vs. 1.0889790212909243
--------
nle(id0,id1,dist): 57 58 2.2375426736078534
list:
dist: 2.2375426736078534 vs. 2.2375426736078534
--------
nle(id0,id1,dist): 51 52 1.8633938991465515
list:
dist: 1.8633938991465515 vs. 1.8633938991465515
--------
nle(id0,id1,dist): 51 53 0.9096461165731882
list:
dist: 0.9096461165731882 vs. 0.9096461165731882
--------
nle(id0,id1,dist): 51 54 0.7955633217253003
list:
dist: 0.7955633217253003 vs. 0.7955633217253003
--------
nle(id0,id1,dist): 51 55 2.5784428060711138
list:
dist: 2.5784428060711138 vs. 2.5784428060711138
--------
nle(id0,id1,dist): 51 57 1.7713690352156501
list:
dist: 1.7713690352156501 vs. 1.7713690352156501
--------
nle(id0,id1,dist): 52 55 2.5638176307828715
list:
dist: 2.5638176307828715 vs. 2.5638176307828715
--------
nle(id0,id1,dist): 52 56 1.7982423643529628
list:
dist: 1.7982423643529628 vs. 1.7982423643529628
--------
nle(id0,id1,dist): 52 53 0.9916878543183635
list:
dist: 0.9916878543183635 vs. 0.9916878543183635
--------
nle(id0,id1,dist): 52 54 1.1877492966597043
list:
dist: 1.1877492966597043 vs. 1.1877492966597043
--------
nle(id0,id1,dist): 52 57 1.269313912686586
list:
dist: 1.269313912686586 vs. 1.269313912686586
--------
nle(id0,id1,dist): 52 58 1.6531291214176511
list:
dist: 1.6531291214176511 vs. 1.6531291214176511
--------
nle(id0,id1,dist): 53 54 0.5462465438457208
list:
dist: 0.5462465438457208 vs. 0.5462465438457208
--------
nle(id0,id1,dist): 53 55 2.2120702347648096
list:
dist: 2.2120702347648096 vs. 2.2120702347648096
--------
nle(id0,id1,dist): 53 57 1.0852156684603247
list:
dist: 1.0852156684603247 vs. 1.0852156684603247
--------
nle(id0,id1,dist): 53 56 1.961770381946455
list:
dist: 1.961770381946455 vs. 1.961770381946455
--------
nle(id0,id1,dist): 53 58 2.5848217191249767
list:
dist: 2.5848217191249767 vs. 2.5848217191249767
--------
nle(id0,id1,dist): 54 58 2.828824258726901
list:
dist: 2.828824258726901 vs. 2.828824258726901
--------
nle(id0,id1,dist): 54 57 1.5811883021511535
list:
dist: 1.5811883021511535 vs. 1.5811883021511535
--------
nle(id0,id1,dist): 54 56 2.31586142738821
list:
dist: 2.31586142738821 vs. 2.31586142738821
--------
nle(id0,id1,dist): 54 55 2.736772006683001
list:
dist: 2.736772006683001 vs. 2.736772006683001
--------
nle(id0,id1,dist): 93 112 1.969547852243955
list:
dist: 1.969547852243955 vs. 1.969547852243955
--------
nle(id0,id1,dist): 93 114 2.9283132776631104
list:
dist: 2.9283132776631104 vs. 2.9283132776631104
--------
nle(id0,id1,dist): 93 115 2.1711835195889067
list:
dist: 2.1711835195889067 vs. 2.1711835195889067
--------
nle(id0,id1,dist): 93 97 1.6686950239235898
list:
dist: 1.6686950239235898 vs. 1.6686950239235898
--------
nle(id0,id1,dist): 93 96 2.159954666311124
list:
dist: 2.159954666311124 vs. 2.159954666311124
--------
nle(id0,id1,dist): 93 99 0.8931936008035645
list:
dist: 0.8931936008035645 vs. 0.8931936008035645
--------
nle(id0,id1,dist): 93 98 2.7273917480378405
list:
dist: 2.7273917480378405 vs. 2.7273917480378405
--------
nle(id0,id1,dist): 93 101 1.21633813687401
list:
dist: 1.21633813687401 vs. 1.21633813687401
--------
nle(id0,id1,dist): 93 100 1.1512006370376595
list:
dist: 1.1512006370376595 vs. 1.1512006370376595
--------
nle(id0,id1,dist): 93 103 1.015228901710513
list:
dist: 1.015228901710513 vs. 1.015228901710513
--------
nle(id0,id1,dist): 93 102 2.013930331669529
list:
dist: 2.013930331669529 vs. 2.013930331669529
--------
nle(id0,id1,dist): 93 105 0.8509438557559676
list:
dist: 0.8509438557559676 vs. 0.8509438557559676
--------
nle(id0,id1,dist): 93 104 0.6408091104480182
list:
dist: 0.6408091104480182 vs. 0.6408091104480182
--------
nle(id0,id1,dist): 93 106 1.9062771649081285
list:
dist: 1.9062771649081285 vs. 1.9062771649081285
--------
nle(id0,id1,dist): 93 109 1.716844489695944
list:
dist: 1.716844489695944 vs. 1.716844489695944
--------
nle(id0,id1,dist): 93 108 1.3441327239610357
list:
dist: 1.3441327239610357 vs. 1.3441327239610357
--------
nle(id0,id1,dist): 93 111 1.633696459759474
list:
dist: 1.633696459759474 vs. 1.633696459759474
--------
nle(id0,id1,dist): 94 109 1.889139063344638
list:
dist: 1.889139063344638 vs. 1.889139063344638
--------
nle(id0,id1,dist): 94 107 3.0767870439614096
list:
dist: 3.0767870439614096 vs. 3.0767870439614096
--------
nle(id0,id1,dist): 94 108 1.7260774873048277
list:
dist: 1.7260774873048277 vs. 1.7260774873048277
--------
nle(id0,id1,dist): 94 114 3.289847835066007
list:
dist: 3.289847835066007 vs. 3.289847835066007
--------
nle(id0,id1,dist): 94 111 2.068586364988511
list:
dist: 2.068586364988511 vs. 2.068586364988511
--------
nle(id0,id1,dist): 94 112 2.2156890540620613
list:
dist: 2.2156890540620613 vs. 2.2156890540620613
--------
nle(id0,id1,dist): 94 115 2.7036811941819163
list:
dist: 2.7036811941819163 vs. 2.7036811941819163
--------
nle(id0,id1,dist): 94 98 3.112483274574795
list:
dist: 3.112483274574795 vs. 3.112483274574795
--------
nle(id0,id1,dist): 94 97 2.244377396336568
list:
dist: 2.244377396336568 vs. 2.244377396336568
--------
nle(id0,id1,dist): 94 96 2.252343265246314
list:
dist: 2.252343265246314 vs. 2.252343265246314
--------
nle(id0,id1,dist): 94 95 1.088884187498677
list:
dist: 1.088884187498677 vs. 1.088884187498677
--------
nle(id0,id1,dist): 94 102 2.1652550267681554
list:
dist: 2.1652550267681554 vs. 2.1652550267681554
--------
nle(id0,id1,dist): 94 101 1.2339360787336606
list:
dist: 1.2339360787336606 vs. 1.2339360787336606
--------
nle(id0,id1,dist): 94 100 1.5640016527042562
list:
dist: 1.5640016527042562 vs. 1.5640016527042562
--------
nle(id0,id1,dist): 94 99 1.4485574467516953
list:
dist: 1.4485574467516953 vs. 1.4485574467516953
--------
nle(id0,id1,dist): 94 106 2.1254664435828974
list:
dist: 2.1254664435828974 vs. 2.1254664435828974
--------
nle(id0,id1,dist): 94 105 1.2048900877332838
list:
dist: 1.2048900877332838 vs. 1.2048900877332838
--------
nle(id0,id1,dist): 94 104 0.8879243319244823
list:
dist: 0.8879243319244823 vs. 0.8879243319244823
--------
nle(id0,id1,dist): 94 103 1.212245977599855
list:
dist: 1.212245977599855 vs. 1.212245977599855
--------
nle(id0,id1,dist): 92 97 1.6613768322853422
list:
dist: 1.6613768322853422 vs. 1.6613768322853422
--------
nle(id0,id1,dist): 92 98 3.065579088655679
list:
dist: 3.065579088655679 vs. 3.065579088655679
--------
nle(id0,id1,dist): 92 99 1.3531012373163402
list:
dist: 1.3531012373163402 vs. 1.3531012373163402
--------
nle(id0,id1,dist): 92 100 1.5245020637701923
list:
dist: 1.5245020637701923 vs. 1.5245020637701923
--------
nle(id0,id1,dist): 92 93 1.3520282703721558
list:
dist: 1.3520282703721558 vs. 1.3520282703721558
--------
nle(id0,id1,dist): 92 94 1.9222455853978826
list:
dist: 1.9222455853978826 vs. 1.9222455853978826
--------
nle(id0,id1,dist): 92 95 1.5360045596117997
list:
dist: 1.5360045596117997 vs. 1.5360045596117997
--------
nle(id0,id1,dist): 92 96 2.663786052083636
list:
dist: 2.663786052083636 vs. 2.663786052083636
--------
nle(id0,id1,dist): 91 111 1.0152168090443319
list:
dist: 1.0152168090443319 vs. 1.0152168090443319
--------
nle(id0,id1,dist): 91 110 2.645614137644451
list:
dist: 2.645614137644451 vs. 2.645614137644451
--------
nle(id0,id1,dist): 91 113 2.3139862047230495
list:
dist: 2.3139862047230495 vs. 2.3139862047230495
--------
nle(id0,id1,dist): 91 112 1.5648768042923498
list:
dist: 1.5648768042923498 vs. 1.5648768042923498
--------
nle(id0,id1,dist): 91 106 2.775886963582431
list:
dist: 2.775886963582431 vs. 2.775886963582431
--------
nle(id0,id1,dist): 91 109 2.1259592147473825
list:
dist: 2.1259592147473825 vs. 2.1259592147473825
--------
nle(id0,id1,dist): 91 108 1.3798993406089268
list:
dist: 1.3798993406089268 vs. 1.3798993406089268
--------
nle(id0,id1,dist): 91 118 2.7235034035888708
list:
dist: 2.7235034035888708 vs. 2.7235034035888708
--------
nle(id0,id1,dist): 91 115 1.8424817076350015
list:
dist: 1.8424817076350015 vs. 1.8424817076350015
--------
nle(id0,id1,dist): 91 114 2.6657858246669233
list:
dist: 2.6657858246669233 vs. 2.6657858246669233
--------
nle(id0,id1,dist): 91 117 2.3202064472153108
list:
dist: 2.3202064472153108 vs. 2.3202064472153108
--------
nle(id0,id1,dist): 92 117 3.2593167512933494
list:
dist: 3.2593167512933494 vs. 3.2593167512933494
--------
nle(id0,id1,dist): 92 118 3.15685678543078
list:
dist: 3.15685678543078 vs. 3.15685678543078
--------
nle(id0,id1,dist): 93 94 0.6468735907783212
list:
dist: 0.6468735907783212 vs. 0.6468735907783212
--------
nle(id0,id1,dist): 93 95 1.0818503903535996
list:
dist: 1.0818503903535996 vs. 1.0818503903535996
--------
nle(id0,id1,dist): 92 108 1.9048067913884532
list:
dist: 1.9048067913884532 vs. 1.9048067913884532
--------
nle(id0,id1,dist): 92 106 2.702505062919277
list:
dist: 2.702505062919277 vs. 2.702505062919277
--------
nle(id0,id1,dist): 92 105 1.7787588275721087
list:
dist: 1.7787588275721087 vs. 1.7787588275721087
--------
nle(id0,id1,dist): 92 104 1.4695074395775518
list:
dist: 1.4695074395775518 vs. 1.4695074395775518
--------
nle(id0,id1,dist): 92 103 1.3809771412807565
list:
dist: 1.3809771412807565 vs. 1.3809771412807565
--------
nle(id0,id1,dist): 92 102 2.0621180504110623
list:
dist: 2.0621180504110623 vs. 2.0621180504110623
--------
nle(id0,id1,dist): 92 101 2.2002058765491634
list:
dist: 2.2002058765491634 vs. 2.2002058765491634
--------
nle(id0,id1,dist): 92 115 1.77441329182237
list:
dist: 1.77441329182237 vs. 1.77441329182237
--------
nle(id0,id1,dist): 92 114 3.14368470793471
list:
dist: 3.14368470793471 vs. 3.14368470793471
--------
nle(id0,id1,dist): 92 113 2.7133555854417266
list:
dist: 2.7133555854417266 vs. 2.7133555854417266
--------
nle(id0,id1,dist): 92 112 2.4959431928735203
list:
dist: 2.4959431928735203 vs. 2.4959431928735203
--------
nle(id0,id1,dist): 92 111 1.2007893957817446
list:
dist: 1.2007893957817446 vs. 1.2007893957817446
--------
nle(id0,id1,dist): 92 110 3.4779824323000192
list:
dist: 3.4779824323000192 vs. 3.4779824323000192
--------
nle(id0,id1,dist): 92 109 2.6335019843847194
list:
dist: 2.6335019843847194 vs. 2.6335019843847194
--------
nle(id0,id1,dist): 97 101 2.0742602526743443
list:
dist: 2.0742602526743443 vs. 2.0742602526743443
--------
nle(id0,id1,dist): 97 100 1.5325042147485266
list:
dist: 1.5325042147485266 vs. 1.5325042147485266
--------
nle(id0,id1,dist): 97 103 2.238549436453019
list:
dist: 2.238549436453019 vs. 2.238549436453019
--------
nle(id0,id1,dist): 97 102 2.8704142771716
list:
dist: 2.8704142771716 vs. 2.8704142771716
--------
nle(id0,id1,dist): 97 105 1.256881387363571
list:
dist: 1.256881387363571 vs. 1.256881387363571
--------
nle(id0,id1,dist): 97 104 1.8974693520543413
list:
dist: 1.8974693520543413 vs. 1.8974693520543413
--------
nle(id0,id1,dist): 97 107 1.9161940893675522
list:
dist: 1.9161940893675522 vs. 1.9161940893675522
--------
nle(id0,id1,dist): 97 106 1.5823386251624114
list:
dist: 1.5823386251624114 vs. 1.5823386251624114
--------
nle(id0,id1,dist): 97 99 0.8569562899722389
list:
dist: 0.8569562899722389 vs. 0.8569562899722389
--------
nle(id0,id1,dist): 97 98 1.4905845883816031
list:
dist: 1.4905845883816031 vs. 1.4905845883816031
--------
nle(id0,id1,dist): 96 113 1.7546603335348872
list:
dist: 1.7546603335348872 vs. 1.7546603335348872
--------
nle(id0,id1,dist): 96 114 1.9844231133038868
list:
dist: 1.9844231133038868 vs. 1.9844231133038868
--------
nle(id0,id1,dist): 96 115 1.8660470305434023
list:
dist: 1.8660470305434023 vs. 1.8660470305434023
--------
nle(id0,id1,dist): 96 116 2.6614284961183645
list:
dist: 2.6614284961183645 vs. 2.6614284961183645
--------
nle(id0,id1,dist): 96 117 1.2740387868811451
list:
dist: 1.2740387868811451 vs. 1.2740387868811451
--------
nle(id0,id1,dist): 96 118 2.0267007925338336
list:
dist: 2.0267007925338336 vs. 2.0267007925338336
--------
nle(id0,id1,dist): 98 102 4.207208303572706
list:
dist: 4.207208303572706 vs. 4.207208303572706
--------
nle(id0,id1,dist): 98 101 2.9859628264308617
list:
dist: 2.9859628264308617 vs. 2.9859628264308617
--------
nle(id0,id1,dist): 98 100 2.7853268982262906
list:
dist: 2.7853268982262906 vs. 2.7853268982262906
--------
nle(id0,id1,dist): 98 99 1.9175591965745264
list:
dist: 1.9175591965745264 vs. 1.9175591965745264
--------
nle(id0,id1,dist): 97 118 2.6428718730992964
list:
dist: 2.6428718730992964 vs. 2.6428718730992964
--------
nle(id0,id1,dist): 97 116 2.932749957344106
list:
dist: 2.932749957344106 vs. 2.932749957344106
--------
nle(id0,id1,dist): 97 117 2.514672546808957
list:
dist: 2.514672546808957 vs. 2.514672546808957
--------
nle(id0,id1,dist): 97 110 2.8821003542441743
list:
dist: 2.8821003542441743 vs. 2.8821003542441743
--------
nle(id0,id1,dist): 97 111 1.9277513868897167
list:
dist: 1.9277513868897167 vs. 1.9277513868897167
--------
nle(id0,id1,dist): 97 108 1.116967247680115
list:
dist: 1.116967247680115 vs. 1.116967247680115
--------
nle(id0,id1,dist): 97 109 1.5165779195492124
list:
dist: 1.5165779195492124 vs. 1.5165779195492124
--------
nle(id0,id1,dist): 97 114 1.9683914463770635
list:
dist: 1.9683914463770635 vs. 1.9683914463770635
--------
nle(id0,id1,dist): 97 115 1.4096278479593543
list:
dist: 1.4096278479593543 vs. 1.4096278479593543
--------
nle(id0,id1,dist): 97 112 1.77126928043482
list:
dist: 1.77126928043482 vs. 1.77126928043482
--------
nle(id0,id1,dist): 97 113 2.2726296714914715
list:
dist: 2.2726296714914715 vs. 2.2726296714914715
--------
nle(id0,id1,dist): 95 115 2.429940143927325
list:
dist: 2.429940143927325 vs. 2.429940143927325
--------
nle(id0,id1,dist): 95 114 3.4157968163823735
list:
dist: 3.4157968163823735 vs. 3.4157968163823735
--------
nle(id0,id1,dist): 95 117 3.1370375451408155
list:
dist: 3.1370375451408155 vs. 3.1370375451408155
--------
nle(id0,id1,dist): 95 111 1.4058334504451555
list:
dist: 1.4058334504451555 vs. 1.4058334504451555
--------
nle(id0,id1,dist): 95 110 3.4527524785780175
list:
dist: 3.4527524785780175 vs. 3.4527524785780175
--------
nle(id0,id1,dist): 95 113 3.0410982003694755
list:
dist: 3.0410982003694755 vs. 3.0410982003694755
--------
nle(id0,id1,dist): 95 112 2.3333125600051527
list:
dist: 2.3333125600051527 vs. 2.3333125600051527
--------
nle(id0,id1,dist): 95 106 2.9735549561316605
list:
dist: 2.9735549561316605 vs. 2.9735549561316605
--------
nle(id0,id1,dist): 95 109 2.5845121177904784
list:
dist: 2.5845121177904784 vs. 2.5845121177904784
--------
nle(id0,id1,dist): 95 108 1.9806388246179711
list:
dist: 1.9806388246179711 vs. 1.9806388246179711
--------
nle(id0,id1,dist): 95 103 1.4249179223483726
list:
dist: 1.4249179223483726 vs. 1.4249179223483726
--------
nle(id0,id1,dist): 95 102 2.4178267330912053
list:
dist: 2.4178267330912053 vs. 2.4178267330912053
--------
nle(id0,id1,dist): 95 105 1.9266887023930719
list:
dist: 1.9266887023930719 vs. 1.9266887023930719
--------
nle(id0,id1,dist): 95 104 1.440298602532215
list:
dist: 1.440298602532215 vs. 1.440298602532215
--------
nle(id0,id1,dist): 95 98 3.524802408813609
list:
dist: 3.524802408813609 vs. 3.524802408813609
--------
nle(id0,id1,dist): 95 99 1.7035310734068978
list:
dist: 1.7035310734068978 vs. 1.7035310734068978
--------
nle(id0,id1,dist): 95 100 2.086081864856552
list:
dist: 2.086081864856552 vs. 2.086081864856552
--------
nle(id0,id1,dist): 95 101 2.148025913113332
list:
dist: 2.148025913113332 vs. 2.148025913113332
--------
nle(id0,id1,dist): 95 96 2.0495728698729776
list:
dist: 2.0495728698729776 vs. 2.0495728698729776
--------
nle(id0,id1,dist): 95 97 2.500920478102536
list:
dist: 2.500920478102536 vs. 2.500920478102536
--------
nle(id0,id1,dist): 96 112 0.9688669001172155
list:
dist: 0.9688669001172155 vs. 0.9688669001172155
--------
nle(id0,id1,dist): 96 111 1.6850293354203747
list:
dist: 1.6850293354203747 vs. 1.6850293354203747
--------
nle(id0,id1,dist): 96 110 1.6243228604750297
list:
dist: 1.6243228604750297 vs. 1.6243228604750297
--------
nle(id0,id1,dist): 96 109 2.1318281713926277
list:
dist: 2.1318281713926277 vs. 2.1318281713926277
--------
nle(id0,id1,dist): 96 108 1.4780157664877198
list:
dist: 1.4780157664877198 vs. 1.4780157664877198
--------
nle(id0,id1,dist): 96 107 2.6302080568913047
list:
dist: 2.6302080568913047 vs. 2.6302080568913047
--------
nle(id0,id1,dist): 96 106 3.1344919584805604
list:
dist: 3.1344919584805604 vs. 3.1344919584805604
--------
nle(id0,id1,dist): 96 105 2.4727825143852873
list:
dist: 2.4727825143852873 vs. 2.4727825143852873
--------
nle(id0,id1,dist): 96 104 2.7999236152801803
list:
dist: 2.7999236152801803 vs. 2.7999236152801803
--------
nle(id0,id1,dist): 96 103 3.102935570504875
list:
dist: 3.102935570504875 vs. 3.102935570504875
--------
nle(id0,id1,dist): 96 102 4.1387005542246245
list:
dist: 4.1387005542246245 vs. 4.1387005542246245
--------
nle(id0,id1,dist): 96 101 3.1713524302596303
list:
dist: 3.1713524302596303 vs. 3.1713524302596303
--------
nle(id0,id1,dist): 96 100 3.1590749868153662
list:
dist: 3.1590749868153662 vs. 3.1590749868153662
--------
nle(id0,id1,dist): 96 99 1.9391506515949428
list:
dist: 1.9391506515949428 vs. 1.9391506515949428
--------
nle(id0,id1,dist): 96 98 2.6269622466567935
list:
dist: 2.6269622466567935 vs. 2.6269622466567935
--------
nle(id0,id1,dist): 96 97 2.513577902743116
list:
dist: 2.513577902743116 vs. 2.513577902743116
--------
nle(id0,id1,dist): 95 118 3.466648799448784
list:
dist: 3.466648799448784 vs. 3.466648799448784
--------
nle(id0,id1,dist): 86 107 3.5369354423820187
list:
dist: 3.5369354423820187 vs. 3.5369354423820187
--------
nle(id0,id1,dist): 86 116 2.8585514854703673
list:
dist: 2.8585514854703673 vs. 2.8585514854703673
--------
nle(id0,id1,dist): 87 89 2.617516686634927
list:
dist: 2.617516686634927 vs. 2.617516686634927
--------
nle(id0,id1,dist): 85 88 1.0603432346693713
list:
dist: 1.0603432346693713 vs. 1.0603432346693713
--------
nle(id0,id1,dist): 85 89 2.634094045808634
list:
dist: 2.634094045808634 vs. 2.634094045808634
--------
nle(id0,id1,dist): 86 89 2.7008883158878048
list:
dist: 2.7008883158878048 vs. 2.7008883158878048
--------
nle(id0,id1,dist): 90 93 1.3537638069973923
list:
dist: 1.3537638069973923 vs. 1.3537638069973923
--------
nle(id0,id1,dist): 90 94 1.084893766011911
list:
dist: 1.084893766011911 vs. 1.084893766011911
--------
nle(id0,id1,dist): 90 91 2.008628115926301
list:
dist: 2.008628115926301 vs. 2.008628115926301
--------
nle(id0,id1,dist): 90 92 2.0668441988642887
list:
dist: 2.0668441988642887 vs. 2.0668441988642887
--------
nle(id0,id1,dist): 89 117 3.762025393849321
list:
dist: 3.762025393849321 vs. 3.762025393849321
--------
nle(id0,id1,dist): 90 106 2.8320745196293595
list:
dist: 2.8320745196293595 vs. 2.8320745196293595
--------
nle(id0,id1,dist): 90 105 1.9446396043123775
list:
dist: 1.9446396043123775 vs. 1.9446396043123775
--------
nle(id0,id1,dist): 90 104 1.0797599616896745
list:
dist: 1.0797599616896745 vs. 1.0797599616896745
--------
nle(id0,id1,dist): 90 103 0.883999616292174
list:
dist: 0.883999616292174 vs. 0.883999616292174
--------
nle(id0,id1,dist): 90 109 2.8887912839877132
list:
dist: 2.8887912839877132 vs. 2.8887912839877132
--------
nle(id0,id1,dist): 90 108 2.680734018249787
list:
dist: 2.680734018249787 vs. 2.680734018249787
--------
nle(id0,id1,dist): 90 98 4.042946319340736
list:
dist: 4.042946319340736 vs. 4.042946319340736
--------
nle(id0,id1,dist): 90 97 2.9263926225381804
list:
dist: 2.9263926225381804 vs. 2.9263926225381804
--------
nle(id0,id1,dist): 90 96 3.165101661920487
list:
dist: 3.165101661920487 vs. 3.165101661920487
--------
nle(id0,id1,dist): 90 95 1.331898773078894
list:
dist: 1.331898773078894 vs. 1.331898773078894
--------
nle(id0,id1,dist): 90 102 1.5169042981829541
list:
dist: 1.5169042981829541 vs. 1.5169042981829541
--------
nle(id0,id1,dist): 90 101 1.5457662422042078
list:
dist: 1.5457662422042078 vs. 1.5457662422042078
--------
nle(id0,id1,dist): 90 100 1.7717764131103007
list:
dist: 1.7717764131103007 vs. 1.7717764131103007
--------
nle(id0,id1,dist): 90 99 2.2335512230334698
list:
dist: 2.2335512230334698 vs. 2.2335512230334698
--------
nle(id0,id1,dist): 90 111 2.561663371935791
list:
dist: 2.561663371935791 vs. 2.561663371935791
--------
nle(id0,id1,dist): 90 112 3.2250638531631153
list:
dist: 3.2250638531631153 vs. 3.2250638531631153
--------
nle(id0,id1,dist): 90 114 4.265384751282585
list:
dist: 4.265384751282585 vs. 4.265384751282585
--------
nle(id0,id1,dist): 90 115 3.404384612285278
list:
dist: 3.404384612285278 vs. 3.404384612285278
--------
nle(id0,id1,dist): 91 99 1.3548171107104547
list:
dist: 1.3548171107104547 vs. 1.3548171107104547
--------
nle(id0,id1,dist): 91 98 2.9274469625779473
list:
dist: 2.9274469625779473 vs. 2.9274469625779473
--------
nle(id0,id1,dist): 91 101 2.3380975006559446
list:
dist: 2.3380975006559446 vs. 2.3380975006559446
--------
nle(id0,id1,dist): 91 100 2.249083435330895
list:
dist: 2.249083435330895 vs. 2.249083435330895
--------
nle(id0,id1,dist): 91 103 1.9370998416902465
list:
dist: 1.9370998416902465 vs. 1.9370998416902465
--------
nle(id0,id1,dist): 91 102 2.977253667076239
list:
dist: 2.977253667076239 vs. 2.977253667076239
--------
nle(id0,id1,dist): 91 105 1.813212011782079
list:
dist: 1.813212011782079 vs. 1.813212011782079
--------
nle(id0,id1,dist): 91 104 1.7536736074039112
list:
dist: 1.7536736074039112 vs. 1.7536736074039112
--------
nle(id0,id1,dist): 91 93 1.1576858870479037
list:
dist: 1.1576858870479037 vs. 1.1576858870479037
--------
nle(id0,id1,dist): 91 92 1.655072552562926
list:
dist: 1.655072552562926 vs. 1.655072552562926
--------
nle(id0,id1,dist): 91 95 0.8197881036904019
list:
dist: 0.8197881036904019 vs. 0.8197881036904019
--------
nle(id0,id1,dist): 91 94 1.3048107712935924
list:
dist: 1.3048107712935924 vs. 1.3048107712935924
--------
nle(id0,id1,dist): 91 97 2.1453983195500856
list:
dist: 2.1453983195500856 vs. 2.1453983195500856
--------
nle(id0,id1,dist): 91 96 1.257560605011092
list:
dist: 1.257560605011092 vs. 1.257560605011092
--------
nle(id0,id1,dist): 88 89 2.150508754914639
list:
dist: 2.150508754914639 vs. 2.150508754914639
--------
nle(id0,id1,dist): 89 96 3.274040388037486
list:
dist: 3.274040388037486 vs. 3.274040388037486
--------
nle(id0,id1,dist): 89 94 4.582328103580386
list:
dist: 4.582328103580386 vs. 4.582328103580386
--------
nle(id0,id1,dist): 89 112 3.9389071274187057
list:
dist: 3.9389071274187057 vs. 3.9389071274187057
--------
nle(id0,id1,dist): 89 110 3.973299171892169
list:
dist: 3.973299171892169 vs. 3.973299171892169
--------
nle(id0,id1,dist): 81 82 1.9458829535410576
list:
dist: 1.9458829535410576 vs. 1.9458829535410576
--------
nle(id0,id1,dist): 81 83 2.501201350969964
list:
dist: 2.501201350969964 vs. 2.501201350969964
--------
nle(id0,id1,dist): 81 88 3.1159693322317237
list:
dist: 3.1159693322317237 vs. 3.1159693322317237
--------
nle(id0,id1,dist): 81 87 4.12775441202954
list:
dist: 4.12775441202954 vs. 4.12775441202954
--------
nle(id0,id1,dist): 81 84 3.1531273047918558
list:
dist: 3.1531273047918558 vs. 3.1531273047918558
--------
nle(id0,id1,dist): 81 85 2.4431194927608137
list:
dist: 2.4431194927608137 vs. 2.4431194927608137
--------
nle(id0,id1,dist): 80 87 2.2440105147148044
list:
dist: 2.2440105147148044 vs. 2.2440105147148044
--------
nle(id0,id1,dist): 80 81 2.396499710811074
list:
dist: 2.396499710811074 vs. 2.396499710811074
--------
nle(id0,id1,dist): 80 82 2.26207116034386
list:
dist: 2.26207116034386 vs. 2.26207116034386
--------
nle(id0,id1,dist): 80 83 1.2182973108419233
list:
dist: 1.2182973108419233 vs. 1.2182973108419233
--------
nle(id0,id1,dist): 80 84 1.7492820359876486
list:
dist: 1.7492820359876486 vs. 1.7492820359876486
--------
nle(id0,id1,dist): 80 89 2.9502902593906026
list:
dist: 2.9502902593906026 vs. 2.9502902593906026
--------
nle(id0,id1,dist): 79 88 2.6761151211407936
list:
dist: 2.6761151211407936 vs. 2.6761151211407936
--------
nle(id0,id1,dist): 79 89 3.9330229959040803
list:
dist: 3.9330229959040803 vs. 3.9330229959040803
--------
nle(id0,id1,dist): 79 81 2.211075629922384
list:
dist: 2.211075629922384 vs. 2.211075629922384
--------
nle(id0,id1,dist): 79 85 1.6191625012070086
list:
dist: 1.6191625012070086 vs. 1.6191625012070086
--------
nle(id0,id1,dist): 79 82 2.097815542029789
list:
dist: 2.097815542029789 vs. 2.097815542029789
--------
nle(id0,id1,dist): 78 80 1.3393695440287663
list:
dist: 1.3393695440287663 vs. 1.3393695440287663
--------
nle(id0,id1,dist): 78 79 2.706892665160655
list:
dist: 2.706892665160655 vs. 2.706892665160655
--------
nle(id0,id1,dist): 78 82 1.0888400974661376
list:
dist: 1.0888400974661376 vs. 1.0888400974661376
--------
nle(id0,id1,dist): 78 81 2.270771715616205
list:
dist: 2.270771715616205 vs. 2.270771715616205
--------
nle(id0,id1,dist): 78 84 1.9240565163696604
list:
dist: 1.9240565163696604 vs. 1.9240565163696604
--------
nle(id0,id1,dist): 78 83 0.33351241828423334
list:
dist: 0.33351241828423334 vs. 0.33351241828423334
--------
nle(id0,id1,dist): 78 85 2.1260463545279125
list:
dist: 2.1260463545279125 vs. 2.1260463545279125
--------
nle(id0,id1,dist): 78 88 2.4450748990803346
list:
dist: 2.4450748990803346 vs. 2.4450748990803346
--------
nle(id0,id1,dist): 78 87 2.5518158025629782
list:
dist: 2.5518158025629782 vs. 2.5518158025629782
--------
nle(id0,id1,dist): 78 89 1.8853268026379217
list:
dist: 1.8853268026379217 vs. 1.8853268026379217
--------
nle(id0,id1,dist): 84 89 2.3449831783710975
list:
dist: 2.3449831783710975 vs. 2.3449831783710975
--------
nle(id0,id1,dist): 84 87 1.0741794386661343
list:
dist: 1.0741794386661343 vs. 1.0741794386661343
--------
nle(id0,id1,dist): 83 87 2.4512018103227438
list:
dist: 2.4512018103227438 vs. 2.4512018103227438
--------
nle(id0,id1,dist): 83 89 1.9550843324286609
list:
dist: 1.9550843324286609 vs. 1.9550843324286609
--------
nle(id0,id1,dist): 83 84 1.9488943373418113
list:
dist: 1.9488943373418113 vs. 1.9488943373418113
--------
nle(id0,id1,dist): 82 89 2.0218703337826525
list:
dist: 2.0218703337826525 vs. 2.0218703337826525
--------
nle(id0,id1,dist): 82 87 3.389133183375678
list:
dist: 3.389133183375678 vs. 3.389133183375678
--------
nle(id0,id1,dist): 82 88 1.5181129558751472
list:
dist: 1.5181129558751472 vs. 1.5181129558751472
--------
nle(id0,id1,dist): 82 84 2.5847916008221348
list:
dist: 2.5847916008221348 vs. 2.5847916008221348
--------
nle(id0,id1,dist): 82 83 1.3953689878118152
list:
dist: 1.3953689878118152 vs. 1.3953689878118152
--------
nle(id0,id1,dist): 82 85 1.1329525922815684
list:
dist: 1.1329525922815684 vs. 1.1329525922815684
--------
nle(id0,id1,dist): 74 76 2.4544710832889263
list:
dist: 2.4544710832889263 vs. 2.4544710832889263
--------
nle(id0,id1,dist): 74 78 1.1455003346735726
list:
dist: 1.1455003346735726 vs. 1.1455003346735726
--------
nle(id0,id1,dist): 74 77 2.204845833884981
list:
dist: 2.204845833884981 vs. 2.204845833884981
--------
nle(id0,id1,dist): 74 83 1.1222731078330548
list:
dist: 1.1222731078330548 vs. 1.1222731078330548
--------
nle(id0,id1,dist): 74 84 0.8374608347748084
list:
dist: 0.8374608347748084 vs. 0.8374608347748084
--------
nle(id0,id1,dist): 74 80 1.21885274861039
list:
dist: 1.21885274861039 vs. 1.21885274861039
--------
nle(id0,id1,dist): 74 81 2.817450296446622
list:
dist: 2.817450296446622 vs. 2.817450296446622
--------
nle(id0,id1,dist): 74 82 1.9946441930952394
list:
dist: 1.9946441930952394 vs. 1.9946441930952394
--------
nle(id0,id1,dist): 74 87 1.4471641684281487
list:
dist: 1.4471641684281487 vs. 1.4471641684281487
--------
nle(id0,id1,dist): 74 89 1.9479190373628263
list:
dist: 1.9479190373628263 vs. 1.9479190373628263
--------
nle(id0,id1,dist): 73 75 2.1541669488553863
list:
dist: 2.1541669488553863 vs. 2.1541669488553863
--------
nle(id0,id1,dist): 73 74 2.954339633764809
list:
dist: 2.954339633764809 vs. 2.954339633764809
--------
nle(id0,id1,dist): 73 83 2.460455427374957
list:
dist: 2.460455427374957 vs. 2.460455427374957
--------
nle(id0,id1,dist): 73 82 2.1801318846885027
list:
dist: 2.1801318846885027 vs. 2.1801318846885027
--------
nle(id0,id1,dist): 73 81 0.7330391824809172
list:
dist: 0.7330391824809172 vs. 0.7330391824809172
--------
nle(id0,id1,dist): 73 80 2.2583828629372813
list:
dist: 2.2583828629372813 vs. 2.2583828629372813
--------
nle(id0,id1,dist): 73 79 2.0147097635343645
list:
dist: 2.0147097635343645 vs. 2.0147097635343645
--------
nle(id0,id1,dist): 73 78 2.3057345615903535
list:
dist: 2.3057345615903535 vs. 2.3057345615903535
--------
nle(id0,id1,dist): 73 77 3.807147834209982
list:
dist: 3.807147834209982 vs. 3.807147834209982
--------
nle(id0,id1,dist): 73 76 2.1446661048410696
list:
dist: 2.1446661048410696 vs. 2.1446661048410696
--------
nle(id0,id1,dist): 73 88 3.4658709531187837
list:
dist: 3.4658709531187837 vs. 3.4658709531187837
--------
nle(id0,id1,dist): 73 89 4.036211096161796
list:
dist: 4.036211096161796 vs. 4.036211096161796
--------
nle(id0,id1,dist): 73 87 4.274432836565728
list:
dist: 4.274432836565728 vs. 4.274432836565728
--------
nle(id0,id1,dist): 73 84 3.4022642535054723
list:
dist: 3.4022642535054723 vs. 3.4022642535054723
--------
nle(id0,id1,dist): 73 85 2.6453326017513614
list:
dist: 2.6453326017513614 vs. 2.6453326017513614
--------
nle(id0,id1,dist): 72 73 1.4700792364912931
list:
dist: 1.4700792364912931 vs. 1.4700792364912931
--------
nle(id0,id1,dist): 72 76 3.4321452790885854
list:
dist: 3.4321452790885854 vs. 3.4321452790885854
--------
nle(id0,id1,dist): 72 78 3.1694347464701096
list:
dist: 3.1694347464701096 vs. 3.1694347464701096
--------
nle(id0,id1,dist): 72 80 2.4517465545359167
list:
dist: 2.4517465545359167 vs. 2.4517465545359167
--------
nle(id0,id1,dist): 72 81 2.0063928373488014
list:
dist: 2.0063928373488014 vs. 2.0063928373488014
--------
nle(id0,id1,dist): 72 83 3.1973213788542103
list:
dist: 3.1973213788542103 vs. 3.1973213788542103
--------
nle(id0,id1,dist): 71 81 1.834068637871294
list:
dist: 1.834068637871294 vs. 1.834068637871294
--------
nle(id0,id1,dist): 71 80 2.566870375090436
list:
dist: 2.566870375090436 vs. 2.566870375090436
--------
nle(id0,id1,dist): 71 79 1.1102505234437388
list:
dist: 1.1102505234437388 vs. 1.1102505234437388
--------
nle(id0,id1,dist): 71 78 1.6393994902319378
list:
dist: 1.6393994902319378 vs. 1.6393994902319378
--------
nle(id0,id1,dist): 71 85 1.0410950658035178
list:
dist: 1.0410950658035178 vs. 1.0410950658035178
--------
nle(id0,id1,dist): 71 84 3.403217987555286
list:
dist: 3.403217987555286 vs. 3.403217987555286
--------
nle(id0,id1,dist): 71 83 1.840515434050845
list:
dist: 1.840515434050845 vs. 1.840515434050845
--------
nle(id0,id1,dist): 71 82 1.024559942874375
list:
dist: 1.024559942874375 vs. 1.024559942874375
--------
nle(id0,id1,dist): 71 89 2.8796196540916896
list:
dist: 2.8796196540916896 vs. 2.8796196540916896
--------
nle(id0,id1,dist): 71 88 1.9921957145733886
list:
dist: 1.9921957145733886 vs. 1.9921957145733886
--------
nle(id0,id1,dist): 71 87 4.169263275322758
list:
dist: 4.169263275322758 vs. 4.169263275322758
--------
nle(id0,id1,dist): 77 88 1.5079346579510842
list:
dist: 1.5079346579510842 vs. 1.5079346579510842
--------
nle(id0,id1,dist): 77 89 0.6612789380540075
list:
dist: 0.6612789380540075 vs. 0.6612789380540075
--------
nle(id0,id1,dist): 77 84 2.6093832343651098
list:
dist: 2.6093832343651098 vs. 2.6093832343651098
--------
nle(id0,id1,dist): 77 85 2.1115658117490357
list:
dist: 2.1115658117490357 vs. 2.1115658117490357
--------
nle(id0,id1,dist): 77 87 3.0879365730985966
list:
dist: 3.0879365730985966 vs. 3.0879365730985966
--------
nle(id0,id1,dist): 77 80 3.115177300947332
list:
dist: 3.115177300947332 vs. 3.115177300947332
--------
nle(id0,id1,dist): 77 81 3.508103460068349
list:
dist: 3.508103460068349 vs. 3.508103460068349
--------
nle(id0,id1,dist): 77 82 1.6696938529887486
list:
dist: 1.6696938529887486 vs. 1.6696938529887486
--------
nle(id0,id1,dist): 77 83 2.0682664993636726
list:
dist: 2.0682664993636726 vs. 2.0682664993636726
--------
nle(id0,id1,dist): 76 89 2.381399611074768
list:
dist: 2.381399611074768 vs. 2.381399611074768
--------
nle(id0,id1,dist): 76 87 3.8655402045891383
list:
dist: 3.8655402045891383 vs. 3.8655402045891383
--------
nle(id0,id1,dist): 76 88 1.5950487525315507
list:
dist: 1.5950487525315507 vs. 1.5950487525315507
--------
nle(id0,id1,dist): 76 85 0.8316375627865701
list:
dist: 0.8316375627865701 vs. 0.8316375627865701
--------
nle(id0,id1,dist): 77 79 3.546693183611879
list:
dist: 3.546693183611879 vs. 3.546693183611879
--------
nle(id0,id1,dist): 77 78 1.9045081380137026
list:
dist: 1.9045081380137026 vs. 1.9045081380137026
--------
nle(id0,id1,dist): 76 78 1.3794177790659778
list:
dist: 1.3794177790659778 vs. 1.3794177790659778
--------
nle(id0,id1,dist): 76 77 2.024188422380591
list:
dist: 2.024188422380591 vs. 2.024188422380591
--------
nle(id0,id1,dist): 76 80 2.515557625101499
list:
dist: 2.515557625101499 vs. 2.515557625101499
--------
nle(id0,id1,dist): 76 79 1.5677102878396287
list:
dist: 1.5677102878396287 vs. 1.5677102878396287
--------
nle(id0,id1,dist): 76 82 0.6294637499658374
list:
dist: 0.6294637499658374 vs. 0.6294637499658374
--------
nle(id0,id1,dist): 76 81 2.0673745193344613
list:
dist: 2.0673745193344613 vs. 2.0673745193344613
--------
nle(id0,id1,dist): 76 84 3.1245956473199827
list:
dist: 3.1245956473199827 vs. 3.1245956473199827
--------
nle(id0,id1,dist): 76 83 1.609464951256423
list:
dist: 1.609464951256423 vs. 1.609464951256423
--------
nle(id0,id1,dist): 75 85 0.9136341356454097
list:
dist: 0.9136341356454097 vs. 0.9136341356454097
--------
nle(id0,id1,dist): 75 82 1.073251263311049
list:
dist: 1.073251263311049 vs. 1.073251263311049
--------
nle(id0,id1,dist): 75 89 2.8699190153907184
list:
dist: 2.8699190153907184 vs. 2.8699190153907184
--------
nle(id0,id1,dist): 75 88 1.443716087759321
list:
dist: 1.443716087759321 vs. 1.443716087759321
--------
nle(id0,id1,dist): 75 77 2.354126057956138
list:
dist: 2.354126057956138 vs. 2.354126057956138
--------
nle(id0,id1,dist): 75 76 1.1351147785033056
list:
dist: 1.1351147785033056 vs. 1.1351147785033056
--------
nle(id0,id1,dist): 75 81 1.748774942432076
list:
dist: 1.748774942432076 vs. 1.748774942432076
--------
nle(id0,id1,dist): 75 79 1.8105118537944775
list:
dist: 1.8105118537944775 vs. 1.8105118537944775
--------
nle(id0,id1,dist): 75 78 2.1138275548288106
list:
dist: 2.1138275548288106 vs. 2.1138275548288106
--------
nle(id0,id1,dist): 119 149 3.030238598739573
list:
dist: 3.030238598739573 vs. 3.030238598739573
--------
nle(id0,id1,dist): 120 130 1.6856992974211462
list:
dist: 1.6856992974211462 vs. 1.6856992974211462
--------
nle(id0,id1,dist): 120 129 3.5571890188736264
list:
dist: 3.5571890188736264 vs. 3.5571890188736264
--------
nle(id0,id1,dist): 120 132 3.0928341159162507
list:
dist: 3.0928341159162507 vs. 3.0928341159162507
--------
nle(id0,id1,dist): 120 131 2.3718146646928298
list:
dist: 2.3718146646928298 vs. 2.3718146646928298
--------
nle(id0,id1,dist): 120 136 4.34130687401996
list:
dist: 4.34130687401996 vs. 4.34130687401996
--------
nle(id0,id1,dist): 120 122 2.3828310770594414
list:
dist: 2.3828310770594414 vs. 2.3828310770594414
--------
nle(id0,id1,dist): 120 121 1.781451896679313
list:
dist: 1.781451896679313 vs. 1.781451896679313
--------
nle(id0,id1,dist): 120 124 3.067414257599408
list:
dist: 3.067414257599408 vs. 3.067414257599408
--------
nle(id0,id1,dist): 120 123 1.100162555665785
list:
dist: 1.100162555665785 vs. 1.100162555665785
--------
nle(id0,id1,dist): 120 126 5.001666327683897
list:
dist: 5.001666327683897 vs. 5.001666327683897
--------
nle(id0,id1,dist): 120 125 3.6971131593565434
list:
dist: 3.6971131593565434 vs. 3.6971131593565434
--------
nle(id0,id1,dist): 120 127 3.5913584032143224
list:
dist: 3.5913584032143224 vs. 3.5913584032143224
--------
nle(id0,id1,dist): 121 142 2.441686926871675
list:
dist: 2.441686926871675 vs. 2.441686926871675
--------
nle(id0,id1,dist): 121 143 3.1632513967910123
list:
dist: 3.1632513967910123 vs. 3.1632513967910123
--------
nle(id0,id1,dist): 121 140 2.183889999825493
list:
dist: 2.183889999825493 vs. 2.183889999825493
--------
nle(id0,id1,dist): 121 141 2.4628109369305866
list:
dist: 2.4628109369305866 vs. 2.4628109369305866
--------
nle(id0,id1,dist): 121 146 3.3955534303815402
list:
dist: 3.3955534303815402 vs. 3.3955534303815402
--------
nle(id0,id1,dist): 121 147 2.961674695851103
list:
dist: 2.961674695851103 vs. 2.961674695851103
--------
nle(id0,id1,dist): 121 144 2.206457158765506
list:
dist: 2.206457158765506 vs. 2.206457158765506
--------
nle(id0,id1,dist): 121 145 3.603697654980008
list:
dist: 3.603697654980008 vs. 3.603697654980008
--------
nle(id0,id1,dist): 121 134 1.5184076541009568
list:
dist: 1.5184076541009568 vs. 1.5184076541009568
--------
nle(id0,id1,dist): 121 135 2.7111829732378547
list:
dist: 2.7111829732378547 vs. 2.7111829732378547
--------
nle(id0,id1,dist): 121 132 1.7663395045085966
list:
dist: 1.7663395045085966 vs. 1.7663395045085966
--------
nle(id0,id1,dist): 121 133 2.3634676359149025
list:
dist: 2.3634676359149025 vs. 2.3634676359149025
--------
nle(id0,id1,dist): 121 138 3.350665823881492
list:
dist: 3.350665823881492 vs. 3.350665823881492
--------
nle(id0,id1,dist): 121 139 2.965732760089295
list:
dist: 2.965732760089295 vs. 2.965732760089295
--------
nle(id0,id1,dist): 121 136 2.705713622571509
list:
dist: 2.705713622571509 vs. 2.705713622571509
--------
nle(id0,id1,dist): 121 137 2.79665574808755
list:
dist: 2.79665574808755 vs. 2.79665574808755
--------
nle(id0,id1,dist): 121 127 2.0398652764491616
list:
dist: 2.0398652764491616 vs. 2.0398652764491616
--------
nle(id0,id1,dist): 121 125 2.16092179041081
list:
dist: 2.16092179041081 vs. 2.16092179041081
--------
nle(id0,id1,dist): 121 124 1.3471453686369597
list:
dist: 1.3471453686369597 vs. 1.3471453686369597
--------
nle(id0,id1,dist): 121 131 0.7851899562985469
list:
dist: 0.7851899562985469 vs. 0.7851899562985469
--------
nle(id0,id1,dist): 121 130 0.5460167143001665
list:
dist: 0.5460167143001665 vs. 0.5460167143001665
--------
nle(id0,id1,dist): 121 129 1.9871036282824037
list:
dist: 1.9871036282824037 vs. 1.9871036282824037
--------
nle(id0,id1,dist): 121 128 2.8303003677619616
list:
dist: 2.8303003677619616 vs. 2.8303003677619616
--------
nle(id0,id1,dist): 121 123 2.2494633146057663
list:
dist: 2.2494633146057663 vs. 2.2494633146057663
--------
nle(id0,id1,dist): 121 122 1.211734868606624
list:
dist: 1.211734868606624 vs. 1.211734868606624
--------
nle(id0,id1,dist): 122 132 0.8192047523810689
list:
dist: 0.8192047523810689 vs. 0.8192047523810689
--------
nle(id0,id1,dist): 122 131 1.7829254016708898
list:
dist: 1.7829254016708898 vs. 1.7829254016708898
--------
nle(id0,id1,dist): 122 134 1.873469110325859
list:
dist: 1.873469110325859 vs. 1.873469110325859
--------
nle(id0,id1,dist): 122 133 2.0253828551462365
list:
dist: 2.0253828551462365 vs. 2.0253828551462365
--------
nle(id0,id1,dist): 122 128 2.715011162998427
list:
dist: 2.715011162998427 vs. 2.715011162998427
--------
nle(id0,id1,dist): 122 127 1.750263424947404
list:
dist: 1.750263424947404 vs. 1.750263424947404
--------
nle(id0,id1,dist): 122 130 1.7480720635946019
list:
dist: 1.7480720635946019 vs. 1.7480720635946019
--------
nle(id0,id1,dist): 122 129 2.3140864024116348
list:
dist: 2.3140864024116348 vs. 2.3140864024116348
--------
nle(id0,id1,dist): 122 140 0.9912934652128765
list:
dist: 0.9912934652128765 vs. 0.9912934652128765
--------
nle(id0,id1,dist): 122 139 2.381735683350112
list:
dist: 2.381735683350112 vs. 2.381735683350112
--------
nle(id0,id1,dist): 122 142 1.7687432191004115
list:
dist: 1.7687432191004115 vs. 1.7687432191004115
--------
nle(id0,id1,dist): 122 141 1.8291999353479518
list:
dist: 1.8291999353479518 vs. 1.8291999353479518
--------
nle(id0,id1,dist): 122 136 2.571751977064571
list:
dist: 2.571751977064571 vs. 2.571751977064571
--------
nle(id0,id1,dist): 122 135 1.711848454119759
list:
dist: 1.711848454119759 vs. 1.711848454119759
--------
nle(id0,id1,dist): 122 138 2.6999397810257495
list:
dist: 2.6999397810257495 vs. 2.6999397810257495
--------
nle(id0,id1,dist): 122 137 1.6634409339896365
list:
dist: 1.6634409339896365 vs. 1.6634409339896365
--------
nle(id0,id1,dist): 121 148 3.4677270593496066
list:
dist: 3.4677270593496066 vs. 3.4677270593496066
--------
nle(id0,id1,dist): 122 123 3.096300137984617
list:
dist: 3.096300137984617 vs. 3.096300137984617
--------
nle(id0,id1,dist): 122 124 1.8952297901330732
list:
dist: 1.8952297901330732 vs. 1.8952297901330732
--------
nle(id0,id1,dist): 122 125 1.5315198623984512
list:
dist: 1.5315198623984512 vs. 1.5315198623984512
--------
nle(id0,id1,dist): 123 134 3.4545216149299396
list:
dist: 3.4545216149299396 vs. 3.4545216149299396
--------
nle(id0,id1,dist): 123 132 3.671984504235829
list:
dist: 3.671984504235829 vs. 3.671984504235829
--------
nle(id0,id1,dist): 123 131 2.601630986197769
list:
dist: 2.601630986197769 vs. 2.601630986197769
--------
nle(id0,id1,dist): 123 130 1.9185148508695695
list:
dist: 1.9185148508695695 vs. 1.9185148508695695
--------
nle(id0,id1,dist): 122 147 2.641006555954322
list:
dist: 2.641006555954322 vs. 2.641006555954322
--------
nle(id0,id1,dist): 122 148 3.1084788390767923
list:
dist: 3.1084788390767923 vs. 3.1084788390767923
--------
nle(id0,id1,dist): 122 145 2.9202373701969013
list:
dist: 2.9202373701969013 vs. 2.9202373701969013
--------
nle(id0,id1,dist): 122 146 2.1853458953188594
list:
dist: 2.1853458953188594 vs. 2.1853458953188594
--------
nle(id0,id1,dist): 122 143 2.2148157978077565
list:
dist: 2.2148157978077565 vs. 2.2148157978077565
--------
nle(id0,id1,dist): 122 144 1.116748919563141
list:
dist: 1.116748919563141 vs. 1.116748919563141
--------
nle(id0,id1,dist): 124 126 4.865637818191575
list:
dist: 4.865637818191575 vs. 4.865637818191575
--------
nle(id0,id1,dist): 124 125 1.749602028819772
list:
dist: 1.749602028819772 vs. 1.749602028819772
--------
nle(id0,id1,dist): 124 128 1.720644770502779
list:
dist: 1.720644770502779 vs. 1.720644770502779
--------
nle(id0,id1,dist): 124 127 1.4415999714477927
list:
dist: 1.4415999714477927 vs. 1.4415999714477927
--------
nle(id0,id1,dist): 124 130 1.474712789840104
list:
dist: 1.474712789840104 vs. 1.474712789840104
--------
nle(id0,id1,dist): 124 129 0.9545531911319445
list:
dist: 0.9545531911319445 vs. 0.9545531911319445
--------
nle(id0,id1,dist): 124 132 2.044374343242225
list:
dist: 2.044374343242225 vs. 2.044374343242225
--------
nle(id0,id1,dist): 124 131 0.7902678355869854
list:
dist: 0.7902678355869854 vs. 0.7902678355869854
--------
nle(id0,id1,dist): 125 127 0.63134481222438
list:
dist: 0.63134481222438 vs. 0.63134481222438
--------
nle(id0,id1,dist): 124 136 1.6927953793742976
list:
dist: 1.6927953793742976 vs. 1.6927953793742976
--------
nle(id0,id1,dist): 124 133 1.529164797029539
list:
dist: 1.529164797029539 vs. 1.529164797029539
--------
nle(id0,id1,dist): 124 134 0.7991933764669935
list:
dist: 0.7991933764669935 vs. 0.7991933764669935
--------
nle(id0,id1,dist): 124 139 2.2302405853237497
list:
dist: 2.2302405853237497 vs. 2.2302405853237497
--------
nle(id0,id1,dist): 124 141 1.9306975724256201
list:
dist: 1.9306975724256201 vs. 1.9306975724256201
--------
nle(id0,id1,dist): 124 142 1.9639639262035828
list:
dist: 1.9639639262035828 vs. 1.9639639262035828
--------
nle(id0,id1,dist): 124 147 1.9843968521871092
list:
dist: 1.9843968521871092 vs. 1.9843968521871092
--------
nle(id0,id1,dist): 124 148 2.479736516017789
list:
dist: 2.479736516017789 vs. 2.479736516017789
--------
nle(id0,id1,dist): 112 117 1.0003892800866652
list:
dist: 1.0003892800866652 vs. 1.0003892800866652
--------
nle(id0,id1,dist): 112 118 1.850811531642233
list:
dist: 1.850811531642233 vs. 1.850811531642233
--------
nle(id0,id1,dist): 112 115 1.4702950044879
list:
dist: 1.4702950044879 vs. 1.4702950044879
--------
nle(id0,id1,dist): 112 116 2.0568701456117284
list:
dist: 2.0568701456117284 vs. 2.0568701456117284
--------
nle(id0,id1,dist): 112 113 1.5568490560783652
list:
dist: 1.5568490560783652 vs. 1.5568490560783652
--------
nle(id0,id1,dist): 112 114 1.2067007936424636
list:
dist: 1.2067007936424636 vs. 1.2067007936424636
--------
nle(id0,id1,dist): 113 116 1.9704430530333552
list:
dist: 1.9704430530333552 vs. 1.9704430530333552
--------
nle(id0,id1,dist): 113 117 1.2433994480853148
list:
dist: 1.2433994480853148 vs. 1.2433994480853148
--------
nle(id0,id1,dist): 113 118 0.4506933013243499
list:
dist: 0.4506933013243499 vs. 0.4506933013243499
--------
nle(id0,id1,dist): 113 114 1.3746218642081895
list:
dist: 1.3746218642081895 vs. 1.3746218642081895
--------
nle(id0,id1,dist): 113 115 1.0125735149279782
list:
dist: 1.0125735149279782 vs. 1.0125735149279782
--------
nle(id0,id1,dist): 114 117 0.9963299856177992
list:
dist: 0.9963299856177992 vs. 0.9963299856177992
--------
nle(id0,id1,dist): 114 118 1.4452973041251187
list:
dist: 1.4452973041251187 vs. 1.4452973041251187
--------
nle(id0,id1,dist): 114 115 1.6116181396950486
list:
dist: 1.6116181396950486 vs. 1.6116181396950486
--------
nle(id0,id1,dist): 114 116 1.011247925558896
list:
dist: 1.011247925558896 vs. 1.011247925558896
--------
nle(id0,id1,dist): 115 118 1.4353458408947943
list:
dist: 1.4353458408947943 vs. 1.4353458408947943
--------
nle(id0,id1,dist): 115 116 2.5165124095841676
list:
dist: 2.5165124095841676 vs. 2.5165124095841676
--------
nle(id0,id1,dist): 115 117 1.7966323613531456
list:
dist: 1.7966323613531456 vs. 1.7966323613531456
--------
nle(id0,id1,dist): 116 117 1.4139810382360372
list:
dist: 1.4139810382360372 vs. 1.4139810382360372
--------
nle(id0,id1,dist): 116 118 1.797844221523282
list:
dist: 1.797844221523282 vs. 1.797844221523282
--------
nle(id0,id1,dist): 117 118 1.2897507308939107
list:
dist: 1.2897507308939107 vs. 1.2897507308939107
--------
nle(id0,id1,dist): 106 114 2.7609440743225884
list:
dist: 2.7609440743225884 vs. 2.7609440743225884
--------
nle(id0,id1,dist): 106 111 3.085103885028994
list:
dist: 3.085103885028994 vs. 3.085103885028994
--------
nle(id0,id1,dist): 106 112 2.3849024009802626
list:
dist: 2.3849024009802626 vs. 2.3849024009802626
--------
nle(id0,id1,dist): 106 115 2.8444056726170097
list:
dist: 2.8444056726170097 vs. 2.8444056726170097
--------
nle(id0,id1,dist): 106 109 1.11847030345298
list:
dist: 1.11847030345298 vs. 1.11847030345298
--------
nle(id0,id1,dist): 106 108 1.7834477917325453
list:
dist: 1.7834477917325453 vs. 1.7834477917325453
--------
nle(id0,id1,dist): 106 107 1.8140000290982377
list:
dist: 1.8140000290982377 vs. 1.8140000290982377
--------
nle(id0,id1,dist): 105 109 1.1610264342417667
list:
dist: 1.1610264342417667 vs. 1.1610264342417667
--------
nle(id0,id1,dist): 105 108 1.2164190814008353
list:
dist: 1.2164190814008353 vs. 1.2164190814008353
--------
nle(id0,id1,dist): 105 111 2.1605278572881934
list:
dist: 2.1605278572881934 vs. 2.1605278572881934
--------
nle(id0,id1,dist): 105 112 1.944414679221543
list:
dist: 1.944414679221543 vs. 1.944414679221543
--------
nle(id0,id1,dist): 105 115 2.2553174475512874
list:
dist: 2.2553174475512874 vs. 2.2553174475512874
--------
nle(id0,id1,dist): 105 114 2.6705334121744597
list:
dist: 2.6705334121744597 vs. 2.6705334121744597
--------
nle(id0,id1,dist): 105 107 2.2267580752151446
list:
dist: 2.2267580752151446 vs. 2.2267580752151446
--------
nle(id0,id1,dist): 105 106 1.0624312792273338
list:
dist: 1.0624312792273338 vs. 1.0624312792273338
--------
nle(id0,id1,dist): 108 115 1.3509296881756878
list:
dist: 1.3509296881756878 vs. 1.3509296881756878
--------
nle(id0,id1,dist): 108 116 2.563012682954206
list:
dist: 2.563012682954206 vs. 2.563012682954206
--------
nle(id0,id1,dist): 108 113 1.9059667034866372
list:
dist: 1.9059667034866372 vs. 1.9059667034866372
--------
nle(id0,id1,dist): 108 114 1.5893329136951402
list:
dist: 1.5893329136951402 vs. 1.5893329136951402
--------
nle(id0,id1,dist): 108 111 1.5828181458544257
list:
dist: 1.5828181458544257 vs. 1.5828181458544257
--------
nle(id0,id1,dist): 108 112 0.7771958586693059
list:
dist: 0.7771958586693059 vs. 0.7771958586693059
--------
nle(id0,id1,dist): 108 109 1.0043694465969306
list:
dist: 1.0043694465969306 vs. 1.0043694465969306
--------
nle(id0,id1,dist): 108 110 2.226227852841372
list:
dist: 2.226227852841372 vs. 2.226227852841372
--------
nle(id0,id1,dist): 107 118 2.8131691423785177
list:
dist: 2.8131691423785177 vs. 2.8131691423785177
--------
nle(id0,id1,dist): 107 114 1.387765577297886
list:
dist: 1.387765577297886 vs. 1.387765577297886
--------
nle(id0,id1,dist): 107 115 2.4773114859465917
list:
dist: 2.4773114859465917 vs. 2.4773114859465917
--------
nle(id0,id1,dist): 107 116 1.8690074178318044
list:
dist: 1.8690074178318044 vs. 1.8690074178318044
--------
nle(id0,id1,dist): 107 117 2.054454849152792
list:
dist: 2.054454849152792 vs. 2.054454849152792
--------
nle(id0,id1,dist): 107 110 2.6128299186729236
list:
dist: 2.6128299186729236 vs. 2.6128299186729236
--------
nle(id0,id1,dist): 107 112 1.7006447883726452
list:
dist: 1.7006447883726452 vs. 1.7006447883726452
--------
nle(id0,id1,dist): 107 113 2.656999764572706
list:
dist: 2.656999764572706 vs. 2.656999764572706
--------
nle(id0,id1,dist): 107 108 1.7008589722125589
list:
dist: 1.7008589722125589 vs. 1.7008589722125589
--------
nle(id0,id1,dist): 107 109 1.2136765291149523
list:
dist: 1.2136765291149523 vs. 1.2136765291149523
--------
nle(id0,id1,dist): 109 114 1.925405320095635
list:
dist: 1.925405320095635 vs. 1.925405320095635
--------
nle(id0,id1,dist): 109 115 2.2745650929842887
list:
dist: 2.2745650929842887 vs. 2.2745650929842887
--------
nle(id0,id1,dist): 109 112 1.3667526646542227
list:
dist: 1.3667526646542227 vs. 1.3667526646542227
--------
nle(id0,id1,dist): 109 111 2.549698492039307
list:
dist: 2.549698492039307 vs. 2.549698492039307
--------
nle(id0,id1,dist): 108 117 1.728541445340878
list:
dist: 1.728541445340878 vs. 1.728541445340878
--------
nle(id0,id1,dist): 108 118 2.283451482694376
list:
dist: 2.283451482694376 vs. 2.283451482694376
--------
nle(id0,id1,dist): 111 118 2.2482259188764853
list:
dist: 2.2482259188764853 vs. 2.2482259188764853
--------
nle(id0,id1,dist): 111 117 2.362505165283681
list:
dist: 2.362505165283681 vs. 2.362505165283681
--------
nle(id0,id1,dist): 111 114 2.5486252933071967
list:
dist: 2.5486252933071967 vs. 2.5486252933071967
--------
nle(id0,id1,dist): 111 115 1.193230525231456
list:
dist: 1.193230525231456 vs. 1.193230525231456
--------
nle(id0,id1,dist): 111 112 1.806474836502437
list:
dist: 1.806474836502437 vs. 1.806474836502437
--------
nle(id0,id1,dist): 111 113 1.8135636652470826
list:
dist: 1.8135636652470826 vs. 1.8135636652470826
--------
nle(id0,id1,dist): 110 111 2.4831039415134626
list:
dist: 2.4831039415134626 vs. 2.4831039415134626
--------
nle(id0,id1,dist): 110 112 1.5677684677987995
list:
dist: 1.5677684677987995 vs. 1.5677684677987995
--------
nle(id0,id1,dist): 110 113 0.9921854684436285
list:
dist: 0.9921854684436285 vs. 0.9921854684436285
--------
nle(id0,id1,dist): 110 114 1.3360432390513433
list:
dist: 1.3360432390513433 vs. 1.3360432390513433
--------
nle(id0,id1,dist): 110 115 1.8711254976116956
list:
dist: 1.8711254976116956 vs. 1.8711254976116956
--------
nle(id0,id1,dist): 110 116 1.5244195801182359
list:
dist: 1.5244195801182359 vs. 1.5244195801182359
--------
nle(id0,id1,dist): 110 117 0.6790729579570141
list:
dist: 0.6790729579570141 vs. 0.6790729579570141
--------
nle(id0,id1,dist): 110 118 0.8361973215038747
list:
dist: 0.8361973215038747 vs. 0.8361973215038747
--------
nle(id0,id1,dist): 99 107 2.136597901542649
list:
dist: 2.136597901542649 vs. 2.136597901542649
--------
nle(id0,id1,dist): 99 106 1.6371038222046101
list:
dist: 1.6371038222046101 vs. 1.6371038222046101
--------
nle(id0,id1,dist): 99 109 1.2902435050959906
list:
dist: 1.2902435050959906 vs. 1.2902435050959906
--------
nle(id0,id1,dist): 99 108 0.664278189007413
list:
dist: 0.664278189007413 vs. 0.664278189007413
--------
nle(id0,id1,dist): 99 111 1.4484805387411028
list:
dist: 1.4484805387411028 vs. 1.4484805387411028
--------
nle(id0,id1,dist): 99 110 2.774460467674677
list:
dist: 2.774460467674677 vs. 2.774460467674677
--------
nle(id0,id1,dist): 99 113 2.2725306243553085
list:
dist: 2.2725306243553085 vs. 2.2725306243553085
--------
nle(id0,id1,dist): 99 112 1.4186202101683658
list:
dist: 1.4186202101683658 vs. 1.4186202101683658
--------
nle(id0,id1,dist): 99 101 1.6608595912061823
list:
dist: 1.6608595912061823 vs. 1.6608595912061823
--------
nle(id0,id1,dist): 99 100 1.3254795616097252
list:
dist: 1.3254795616097252 vs. 1.3254795616097252
--------
nle(id0,id1,dist): 99 103 1.704671506530045
list:
dist: 1.704671506530045 vs. 1.704671506530045
--------
nle(id0,id1,dist): 99 102 2.5662223318552093
list:
dist: 2.5662223318552093 vs. 2.5662223318552093
--------
nle(id0,id1,dist): 99 105 0.8116266079213055
list:
dist: 0.8116266079213055 vs. 0.8116266079213055
--------
nle(id0,id1,dist): 99 104 1.321368216411003
list:
dist: 1.321368216411003 vs. 1.321368216411003
--------
nle(id0,id1,dist): 99 114 2.1381869283212893
list:
dist: 2.1381869283212893 vs. 2.1381869283212893
--------
nle(id0,id1,dist): 99 115 1.4579123951812174
list:
dist: 1.4579123951812174 vs. 1.4579123951812174
--------
nle(id0,id1,dist): 99 116 3.1394564701442076
list:
dist: 3.1394564701442076 vs. 3.1394564701442076
--------
nle(id0,id1,dist): 99 117 2.345702432678698
list:
dist: 2.345702432678698 vs. 2.345702432678698
--------
nle(id0,id1,dist): 99 118 2.6916207145064344
list:
dist: 2.6916207145064344 vs. 2.6916207145064344
--------
nle(id0,id1,dist): 98 114 1.1279152802169865
list:
dist: 1.1279152802169865 vs. 1.1279152802169865
--------
nle(id0,id1,dist): 98 113 2.2785209990379713
list:
dist: 2.2785209990379713 vs. 2.2785209990379713
--------
nle(id0,id1,dist): 98 112 1.661495867766216
list:
dist: 1.661495867766216 vs. 1.661495867766216
--------
nle(id0,id1,dist): 98 111 2.8951154261920276
list:
dist: 2.8951154261920276 vs. 2.8951154261920276
--------
nle(id0,id1,dist): 98 118 2.4507837791367235
list:
dist: 2.4507837791367235 vs. 2.4507837791367235
--------
nle(id0,id1,dist): 98 117 1.9968361886240165
list:
dist: 1.9968361886240165 vs. 1.9968361886240165
--------
nle(id0,id1,dist): 98 116 1.7810773500220825
list:
dist: 1.7810773500220825 vs. 1.7810773500220825
--------
nle(id0,id1,dist): 98 115 2.014497354305879
list:
dist: 2.014497354305879 vs. 2.014497354305879
--------
nle(id0,id1,dist): 98 106 1.8911258048751864
list:
dist: 1.8911258048751864 vs. 1.8911258048751864
--------
nle(id0,id1,dist): 98 105 2.168750398584458
list:
dist: 2.168750398584458 vs. 2.168750398584458
--------
nle(id0,id1,dist): 98 104 3.0698878571894856
list:
dist: 3.0698878571894856 vs. 3.0698878571894856
--------
nle(id0,id1,dist): 98 103 3.524061064224542
list:
dist: 3.524061064224542 vs. 3.524061064224542
--------
nle(id0,id1,dist): 98 110 2.4465744088235017
list:
dist: 2.4465744088235017 vs. 2.4465744088235017
--------
nle(id0,id1,dist): 98 109 1.4226381843640536
list:
dist: 1.4226381843640536 vs. 1.4226381843640536
--------
nle(id0,id1,dist): 98 108 1.5602891720263112
list:
dist: 1.5602891720263112 vs. 1.5602891720263112
--------
nle(id0,id1,dist): 98 107 0.6657244725985169
list:
dist: 0.6657244725985169 vs. 0.6657244725985169
--------
nle(id0,id1,dist): 101 103 1.2445828138540498
list:
dist: 1.2445828138540498 vs. 1.2445828138540498
--------
nle(id0,id1,dist): 101 102 1.6879637456563712
list:
dist: 1.6879637456563712 vs. 1.6879637456563712
--------
nle(id0,id1,dist): 101 112 2.7762571641141514
list:
dist: 2.7762571641141514 vs. 2.7762571641141514
--------
nle(id0,id1,dist): 101 114 3.5631462001486227
list:
dist: 3.5631462001486227 vs. 3.5631462001486227
--------
nle(id0,id1,dist): 101 115 3.106912258465984
list:
dist: 3.106912258465984 vs. 3.106912258465984
--------
nle(id0,id1,dist): 101 108 2.093502061083647
list:
dist: 2.093502061083647 vs. 2.093502061083647
--------
nle(id0,id1,dist): 101 109 1.8583356084210445
list:
dist: 1.8583356084210445 vs. 1.8583356084210445
--------
nle(id0,id1,dist): 101 111 2.8054187038498415
list:
dist: 2.8054187038498415 vs. 2.8054187038498415
--------
nle(id0,id1,dist): 101 104 0.8292801131133244
list:
dist: 0.8292801131133244 vs. 0.8292801131133244
--------
nle(id0,id1,dist): 101 105 0.9106144202947978
list:
dist: 0.9106144202947978 vs. 0.9106144202947978
--------
nle(id0,id1,dist): 101 106 1.3785564431479587
list:
dist: 1.3785564431479587 vs. 1.3785564431479587
--------
nle(id0,id1,dist): 101 107 2.9617239141711447
list:
dist: 2.9617239141711447 vs. 2.9617239141711447
--------
nle(id0,id1,dist): 100 108 1.9347036962461512
list:
dist: 1.9347036962461512 vs. 1.9347036962461512
--------
nle(id0,id1,dist): 100 106 1.5339619609059278
list:
dist: 1.5339619609059278 vs. 1.5339619609059278
--------
nle(id0,id1,dist): 100 105 0.8948542955584307
list:
dist: 0.8948542955584307 vs. 0.8948542955584307
--------
nle(id0,id1,dist): 100 104 0.7600510148651798
list:
dist: 0.7600510148651798 vs. 0.7600510148651798
--------
nle(id0,id1,dist): 100 103 1.0221669038795818
list:
dist: 1.0221669038795818 vs. 1.0221669038795818
--------
nle(id0,id1,dist): 100 102 1.4271999919626464
list:
dist: 1.4271999919626464 vs. 1.4271999919626464
--------
nle(id0,id1,dist): 100 101 0.8963871991030938
list:
dist: 0.8963871991030938 vs. 0.8963871991030938
--------
nle(id0,id1,dist): 100 115 2.5954917551674055
list:
dist: 2.5954917551674055 vs. 2.5954917551674055
--------
nle(id0,id1,dist): 100 114 3.3411615891893036
list:
dist: 3.3411615891893036 vs. 3.3411615891893036
--------
nle(id0,id1,dist): 100 111 2.3762497623548557
list:
dist: 2.3762497623548557 vs. 2.3762497623548557
--------
nle(id0,id1,dist): 100 112 2.7031277838028434
list:
dist: 2.7031277838028434 vs. 2.7031277838028434
--------
nle(id0,id1,dist): 100 109 2.0216414523056923
list:
dist: 2.0216414523056923 vs. 2.0216414523056923
--------
nle(id0,id1,dist): 102 115 3.6815552362614055
list:
dist: 3.6815552362614055 vs. 3.6815552362614055
--------
nle(id0,id1,dist): 103 105 1.4703795327164886
list:
dist: 1.4703795327164886 vs. 1.4703795327164886
--------
nle(id0,id1,dist): 103 104 0.5400371273063891
list:
dist: 0.5400371273063891 vs. 0.5400371273063891
--------
nle(id0,id1,dist): 103 106 2.380271722655043
list:
dist: 2.380271722655043 vs. 2.380271722655043
--------
nle(id0,id1,dist): 103 109 2.5816783777505803
list:
dist: 2.5816783777505803 vs. 2.5816783777505803
--------
nle(id0,id1,dist): 103 108 2.2914753648788753
list:
dist: 2.2914753648788753 vs. 2.2914753648788753
--------
nle(id0,id1,dist): 102 106 2.831151486488995
list:
dist: 2.831151486488995 vs. 2.831151486488995
--------
nle(id0,id1,dist): 102 105 2.1999692989077393
list:
dist: 2.1999692989077393 vs. 2.1999692989077393
--------
nle(id0,id1,dist): 102 104 1.4151376025756996
list:
dist: 1.4151376025756996 vs. 1.4151376025756996
--------
nle(id0,id1,dist): 102 103 1.0470903033186827
list:
dist: 1.0470903033186827 vs. 1.0470903033186827
--------
nle(id0,id1,dist): 102 109 3.3542999880720026
list:
dist: 3.3542999880720026 vs. 3.3542999880720026
--------
nle(id0,id1,dist): 102 108 3.1971909017685345
list:
dist: 3.1971909017685345 vs. 3.1971909017685345
--------
nle(id0,id1,dist): 102 114 4.68277701912618
list:
dist: 4.68277701912618 vs. 4.68277701912618
--------
nle(id0,id1,dist): 102 112 3.9201723532812105
list:
dist: 3.9201723532812105 vs. 3.9201723532812105
--------
nle(id0,id1,dist): 102 111 3.1048539553582595
list:
dist: 3.1048539553582595 vs. 3.1048539553582595
--------
nle(id0,id1,dist): 104 109 2.0564726619346296
list:
dist: 2.0564726619346296 vs. 2.0564726619346296
--------
nle(id0,id1,dist): 104 111 2.1214151059672846
list:
dist: 2.1214151059672846 vs. 2.1214151059672846
--------
nle(id0,id1,dist): 104 112 2.5596336007047644
list:
dist: 2.5596336007047644 vs. 2.5596336007047644
--------
nle(id0,id1,dist): 104 105 0.9545239134528799
list:
dist: 0.9545239134528799 vs. 0.9545239134528799
--------
nle(id0,id1,dist): 104 106 1.886634697125618
list:
dist: 1.886634697125618 vs. 1.886634697125618
--------
nle(id0,id1,dist): 104 108 1.872261319410052
list:
dist: 1.872261319410052 vs. 1.872261319410052
--------
nle(id0,id1,dist): 104 114 3.434234899669561
list:
dist: 3.434234899669561 vs. 3.434234899669561
--------
nle(id0,id1,dist): 104 115 2.643047045049997
list:
dist: 2.643047045049997 vs. 2.643047045049997
--------
nle(id0,id1,dist): 103 114 3.8385874592152325
list:
dist: 3.8385874592152325 vs. 3.8385874592152325
--------
nle(id0,id1,dist): 103 115 2.862070224908079
list:
dist: 2.862070224908079 vs. 2.862070224908079
--------
nle(id0,id1,dist): 103 112 2.9613209789622457
list:
dist: 2.9613209789622457 vs. 2.9613209789622457
--------
nle(id0,id1,dist): 103 111 2.191570007724848
list:
dist: 2.191570007724848 vs. 2.191570007724848
--------
nle(id0,id1,dist): 147 148 1.1521077308498748
list:
dist: 1.1521077308498748 vs. 1.1521077308498748
--------
nle(id0,id1,dist): 146 147 3.3642105177896564
list:
dist: 3.3642105177896564 vs. 3.3642105177896564
--------
nle(id0,id1,dist): 146 148 3.564837604685537
list:
dist: 3.564837604685537 vs. 3.564837604685537
--------
nle(id0,id1,dist): 146 149 2.881462326928311
list:
dist: 2.881462326928311 vs. 2.881462326928311
--------
nle(id0,id1,dist): 144 148 2.772421357518071
list:
dist: 2.772421357518071 vs. 2.772421357518071
--------
nle(id0,id1,dist): 144 147 2.633571081416677
list:
dist: 2.633571081416677 vs. 2.633571081416677
--------
nle(id0,id1,dist): 144 146 1.4095440517273938
list:
dist: 1.4095440517273938 vs. 1.4095440517273938
--------
nle(id0,id1,dist): 144 145 2.4009756232378683
list:
dist: 2.4009756232378683 vs. 2.4009756232378683
--------
nle(id0,id1,dist): 144 149 3.1300533563387254
list:
dist: 3.1300533563387254 vs. 3.1300533563387254
--------
nle(id0,id1,dist): 145 149 1.7083050600162628
list:
dist: 1.7083050600162628 vs. 1.7083050600162628
--------
nle(id0,id1,dist): 145 148 1.038852122947102
list:
dist: 1.038852122947102 vs. 1.038852122947102
--------
nle(id0,id1,dist): 145 147 1.2611012448163572
list:
dist: 1.2611012448163572 vs. 1.2611012448163572
--------
nle(id0,id1,dist): 145 146 2.812594644554805
list:
dist: 2.812594644554805 vs. 2.812594644554805
--------
nle(id0,id1,dist): 142 147 1.0664127482272707
list:
dist: 1.0664127482272707 vs. 1.0664127482272707
--------
nle(id0,id1,dist): 142 148 1.746075040878644
list:
dist: 1.746075040878644 vs. 1.746075040878644
--------
nle(id0,id1,dist): 142 145 1.355544647137543
list:
dist: 1.355544647137543 vs. 1.355544647137543
--------
nle(id0,id1,dist): 142 146 2.363195348145761
list:
dist: 2.363195348145761 vs. 2.363195348145761
--------
nle(id0,id1,dist): 142 143 0.9992091861040653
list:
dist: 0.9992091861040653 vs. 0.9992091861040653
--------
nle(id0,id1,dist): 142 144 1.7010758017016434
list:
dist: 1.7010758017016434 vs. 1.7010758017016434
--------
nle(id0,id1,dist): 143 146 1.7845962459421405
list:
dist: 1.7845962459421405 vs. 1.7845962459421405
--------
nle(id0,id1,dist): 143 147 1.715266636819654
list:
dist: 1.715266636819654 vs. 1.715266636819654
--------
nle(id0,id1,dist): 143 148 1.9181647630194993
list:
dist: 1.9181647630194993 vs. 1.9181647630194993
--------
nle(id0,id1,dist): 143 149 1.9134585232008123
list:
dist: 1.9134585232008123 vs. 1.9134585232008123
--------
nle(id0,id1,dist): 143 144 1.606457479103656
list:
dist: 1.606457479103656 vs. 1.606457479103656
--------
nle(id0,id1,dist): 143 145 1.0736855449693035
list:
dist: 1.0736855449693035 vs. 1.0736855449693035
--------
nle(id0,id1,dist): 141 142 0.0953913049704365
list:
dist: 0.0953913049704365 vs. 0.0953913049704365
--------
nle(id0,id1,dist): 141 143 1.0434608388401365
list:
dist: 1.0434608388401365 vs. 1.0434608388401365
--------
nle(id0,id1,dist): 140 149 3.574688854100196
list:
dist: 3.574688854100196 vs. 3.574688854100196
--------
nle(id0,id1,dist): 141 145 1.3160083758121257
list:
dist: 1.3160083758121257 vs. 1.3160083758121257
--------
nle(id0,id1,dist): 141 144 1.770477244840463
list:
dist: 1.770477244840463 vs. 1.770477244840463
--------
nle(id0,id1,dist): 141 147 0.9722052064653185
list:
dist: 0.9722052064653185 vs. 0.9722052064653185
--------
nle(id0,id1,dist): 141 146 2.4507569433831753
list:
dist: 2.4507569433831753 vs. 2.4507569433831753
--------
nle(id0,id1,dist): 141 148 1.6706350997241626
list:
dist: 1.6706350997241626 vs. 1.6706350997241626
--------
nle(id0,id1,dist): 139 144 2.1010233497172237
list:
dist: 2.1010233497172237 vs. 2.1010233497172237
--------
nle(id0,id1,dist): 139 145 0.7056200677873018
list:
dist: 0.7056200677873018 vs. 0.7056200677873018
--------
nle(id0,id1,dist): 139 142 0.7495591071597799
list:
dist: 0.7495591071597799 vs. 0.7495591071597799
--------
nle(id0,id1,dist): 139 143 1.0441799165858423
list:
dist: 1.0441799165858423 vs. 1.0441799165858423
--------
nle(id0,id1,dist): 139 140 2.5365111124520308
list:
dist: 2.5365111124520308 vs. 2.5365111124520308
--------
nle(id0,id1,dist): 139 141 0.6841623167248365
list:
dist: 0.6841623167248365 vs. 0.6841623167248365
--------
nle(id0,id1,dist): 139 148 1.0572562121253193
list:
dist: 1.0572562121253193 vs. 1.0572562121253193
--------
nle(id0,id1,dist): 139 146 2.7430218864390867
list:
dist: 2.7430218864390867 vs. 2.7430218864390867
--------
nle(id0,id1,dist): 139 147 0.7312966462940966
list:
dist: 0.7312966462940966 vs. 0.7312966462940966
--------
nle(id0,id1,dist): 140 145 2.8889213451958478
list:
dist: 2.8889213451958478 vs. 2.8889213451958478
--------
nle(id0,id1,dist): 140 146 1.245475663019717
list:
dist: 1.245475663019717 vs. 1.245475663019717
--------
nle(id0,id1,dist): 140 147 3.0025248145057577
list:
dist: 3.0025248145057577 vs. 3.0025248145057577
--------
nle(id0,id1,dist): 140 148 3.3496990059423815
list:
dist: 3.3496990059423815 vs. 3.3496990059423815
--------
nle(id0,id1,dist): 140 141 2.0571717252934762
list:
dist: 2.0571717252934762 vs. 2.0571717252934762
--------
nle(id0,id1,dist): 140 142 1.971721465575049
list:
dist: 1.971721465575049 vs. 1.971721465575049
--------
nle(id0,id1,dist): 140 143 1.9488621134925384
list:
dist: 1.9488621134925384 vs. 1.9488621134925384
--------
nle(id0,id1,dist): 140 144 0.7320501146078239
list:
dist: 0.7320501146078239 vs. 0.7320501146078239
--------
nle(id0,id1,dist): 138 141 2.3425388143031816
list:
dist: 2.3425388143031816 vs. 2.3425388143031816
--------
nle(id0,id1,dist): 138 142 2.34046698997828
list:
dist: 2.34046698997828 vs. 2.34046698997828
--------
nle(id0,id1,dist): 138 139 2.0807319666192257
list:
dist: 2.0807319666192257 vs. 2.0807319666192257
--------
nle(id0,id1,dist): 138 140 2.5831649575955447
list:
dist: 2.5831649575955447 vs. 2.5831649575955447
--------
nle(id0,id1,dist): 138 149 2.4351966172610813
list:
dist: 2.4351966172610813 vs. 2.4351966172610813
--------
nle(id0,id1,dist): 138 148 1.9851963667458483
list:
dist: 1.9851963667458483 vs. 1.9851963667458483
--------
nle(id0,id1,dist): 138 147 2.6571210641099334
list:
dist: 2.6571210641099334 vs. 2.6571210641099334
--------
nle(id0,id1,dist): 138 146 2.6706781206808494
list:
dist: 2.6706781206808494 vs. 2.6706781206808494
--------
nle(id0,id1,dist): 138 145 1.9799229855656295
list:
dist: 1.9799229855656295 vs. 1.9799229855656295
--------
nle(id0,id1,dist): 138 144 1.8582030793768836
list:
dist: 1.8582030793768836 vs. 1.8582030793768836
--------
nle(id0,id1,dist): 138 143 2.003244048894588
list:
dist: 2.003244048894588 vs. 2.003244048894588
--------
nle(id0,id1,dist): 137 144 0.7052734322567149
list:
dist: 0.7052734322567149 vs. 0.7052734322567149
--------
nle(id0,id1,dist): 137 145 2.0322469283939926
list:
dist: 2.0322469283939926 vs. 2.0322469283939926
--------
nle(id0,id1,dist): 137 146 0.9922067665250971
list:
dist: 0.9922067665250971 vs. 0.9922067665250971
--------
nle(id0,id1,dist): 137 147 2.5280832213875657
list:
dist: 2.5280832213875657 vs. 2.5280832213875657
--------
nle(id0,id1,dist): 137 140 1.0600849180524112
list:
dist: 1.0600849180524112 vs. 1.0600849180524112
--------
nle(id0,id1,dist): 137 141 1.6579099233166952
list:
dist: 1.6579099233166952 vs. 1.6579099233166952
--------
nle(id0,id1,dist): 137 142 1.5824492393925242
list:
dist: 1.5824492393925242 vs. 1.5824492393925242
--------
nle(id0,id1,dist): 137 143 1.1023142840032476
list:
dist: 1.1023142840032476 vs. 1.1023142840032476
--------
nle(id0,id1,dist): 137 138 1.8392422365437282
list:
dist: 1.8392422365437282 vs. 1.8392422365437282
--------
nle(id0,id1,dist): 137 139 1.8908517920072727
list:
dist: 1.8908517920072727 vs. 1.8908517920072727
--------
nle(id0,id1,dist): 137 149 2.526320906212102
list:
dist: 2.526320906212102 vs. 2.526320906212102
--------
nle(id0,id1,dist): 137 148 2.641877565146494
list:
dist: 2.641877565146494 vs. 2.641877565146494
--------
nle(id0,id1,dist): 136 147 1.298955746605112
list:
dist: 1.298955746605112 vs. 1.298955746605112
--------
nle(id0,id1,dist): 136 148 0.9186309078059773
list:
dist: 0.9186309078059773 vs. 0.9186309078059773
--------
nle(id0,id1,dist): 136 145 1.6692717655017162
list:
dist: 1.6692717655017162 vs. 1.6692717655017162
--------
nle(id0,id1,dist): 136 146 3.5476893572559316
list:
dist: 3.5476893572559316 vs. 3.5476893572559316
--------
nle(id0,id1,dist): 136 139 1.3144417224747433
list:
dist: 1.3144417224747433 vs. 1.3144417224747433
--------
nle(id0,id1,dist): 136 140 3.0273441297385832
list:
dist: 3.0273441297385832 vs. 3.0273441297385832
--------
nle(id0,id1,dist): 136 137 2.5636776252831806
list:
dist: 2.5636776252831806 vs. 2.5636776252831806
--------
nle(id0,id1,dist): 136 138 1.9045671866722496
list:
dist: 1.9045671866722496 vs. 1.9045671866722496
--------
nle(id0,id1,dist): 136 143 2.151697565529652
list:
dist: 2.151697565529652 vs. 2.151697565529652
--------
nle(id0,id1,dist): 136 144 2.4523353662480374
list:
dist: 2.4523353662480374 vs. 2.4523353662480374
--------
nle(id0,id1,dist): 136 141 1.613094725140989
list:
dist: 1.613094725140989 vs. 1.613094725140989
--------
nle(id0,id1,dist): 136 142 1.6819351637309161
list:
dist: 1.6819351637309161 vs. 1.6819351637309161
--------
nle(id0,id1,dist): 135 142 2.812078844699711
list:
dist: 2.812078844699711 vs. 2.812078844699711
--------
nle(id0,id1,dist): 135 143 2.598829047855665
list:
dist: 2.598829047855665 vs. 2.598829047855665
--------
nle(id0,id1,dist): 135 144 1.1538812337880677
list:
dist: 1.1538812337880677 vs. 1.1538812337880677
--------
nle(id0,id1,dist): 135 145 3.4756910256865634
list:
dist: 3.4756910256865634 vs. 3.4756910256865634
--------
nle(id0,id1,dist): 135 146 1.457878749138449
list:
dist: 1.457878749138449 vs. 1.457878749138449
--------
nle(id0,id1,dist): 135 147 3.7822548853851865
list:
dist: 3.7822548853851865 vs. 3.7822548853851865
--------
nle(id0,id1,dist): 135 148 3.8858357706005893
list:
dist: 3.8858357706005893 vs. 3.8858357706005893
--------
nle(id0,id1,dist): 135 149 3.858742012659012
list:
dist: 3.858742012659012 vs. 3.858742012659012
--------
nle(id0,id1,dist): 134 148 2.6608012974182804
list:
dist: 2.6608012974182804 vs. 2.6608012974182804
--------
nle(id0,id1,dist): 134 147 1.8300811361726919
list:
dist: 1.8300811361726919 vs. 1.8300811361726919
--------
nle(id0,id1,dist): 135 140 1.0097933553307816
list:
dist: 1.0097933553307816 vs. 1.0097933553307816
--------
nle(id0,id1,dist): 135 141 2.88933010689822
list:
dist: 2.88933010689822 vs. 2.88933010689822
--------
nle(id0,id1,dist): 135 138 2.5849670356565655
list:
dist: 2.5849670356565655 vs. 2.5849670356565655
--------
nle(id0,id1,dist): 135 139 3.2410475395314635
list:
dist: 3.2410475395314635 vs. 3.2410475395314635
--------
nle(id0,id1,dist): 135 136 3.538414747674239
list:
dist: 3.538414747674239 vs. 3.538414747674239
--------
nle(id0,id1,dist): 135 137 1.5068336314232373
list:
dist: 1.5068336314232373 vs. 1.5068336314232373
--------
nle(id0,id1,dist): 134 135 3.541663384335938
list:
dist: 3.541663384335938 vs. 3.541663384335938
--------
nle(id0,id1,dist): 134 136 2.0773120881790765
list:
dist: 2.0773120881790765 vs. 2.0773120881790765
--------
nle(id0,id1,dist): 134 137 2.9214763848331815
list:
dist: 2.9214763848331815 vs. 2.9214763848331815
--------
nle(id0,id1,dist): 134 138 3.4210985239839404
list:
dist: 3.4210985239839404 vs. 3.4210985239839404
--------
nle(id0,id1,dist): 134 143 2.71869756555594
list:
dist: 2.71869756555594 vs. 2.71869756555594
--------
nle(id0,id1,dist): 134 144 2.6220629310323194
list:
dist: 2.6220629310323194 vs. 2.6220629310323194
--------
nle(id0,id1,dist): 134 145 2.8613447211560374
list:
dist: 2.8613447211560374 vs. 2.8613447211560374
--------
nle(id0,id1,dist): 134 146 3.650844970634249
list:
dist: 3.650844970634249 vs. 3.650844970634249
--------
nle(id0,id1,dist): 134 139 2.157361697715674
list:
dist: 2.157361697715674 vs. 2.157361697715674
--------
nle(id0,id1,dist): 134 140 2.717705522873872
list:
dist: 2.717705522873872 vs. 2.717705522873872
--------
nle(id0,id1,dist): 134 141 1.7112521101153444
list:
dist: 1.7112521101153444 vs. 1.7112521101153444
--------
nle(id0,id1,dist): 134 142 1.7366302008383951
list:
dist: 1.7366302008383951 vs. 1.7366302008383951
--------
nle(id0,id1,dist): 133 135 3.0857743111195766
list:
dist: 3.0857743111195766 vs. 3.0857743111195766
--------
nle(id0,id1,dist): 133 134 1.6854751903455374
list:
dist: 1.6854751903455374 vs. 1.6854751903455374
--------
nle(id0,id1,dist): 133 138 1.934130502883399
list:
dist: 1.934130502883399 vs. 1.934130502883399
--------
nle(id0,id1,dist): 133 139 0.8070893770827227
list:
dist: 0.8070893770827227 vs. 0.8070893770827227
--------
nle(id0,id1,dist): 133 136 0.7297814266502509
list:
dist: 0.7297814266502509 vs. 0.7297814266502509
--------
nle(id0,id1,dist): 133 137 2.017046988440335
list:
dist: 2.017046988440335 vs. 2.017046988440335
--------
nle(id0,id1,dist): 133 142 0.963687357160444
list:
dist: 0.963687357160444 vs. 0.963687357160444
--------
nle(id0,id1,dist): 133 143 1.5758348318449236
list:
dist: 1.5758348318449236 vs. 1.5758348318449236
--------
nle(id0,id1,dist): 133 140 2.439622273109444
list:
dist: 2.439622273109444 vs. 2.439622273109444
--------
nle(id0,id1,dist): 133 141 0.9004293464340649
list:
dist: 0.9004293464340649 vs. 0.9004293464340649
--------
nle(id0,id1,dist): 133 146 2.967436508631346
list:
dist: 2.967436508631346 vs. 2.967436508631346
--------
nle(id0,id1,dist): 133 147 0.9341160317430682
list:
dist: 0.9341160317430682 vs. 0.9341160317430682
--------
nle(id0,id1,dist): 133 144 1.9476933006532655
list:
dist: 1.9476933006532655 vs. 1.9476933006532655
--------
nle(id0,id1,dist): 133 145 1.3844220891268217
list:
dist: 1.3844220891268217 vs. 1.3844220891268217
--------
nle(id0,id1,dist): 133 148 1.132548106094644
list:
dist: 1.132548106094644 vs. 1.132548106094644
--------
nle(id0,id1,dist): 132 134 1.7533930112155849
list:
dist: 1.7533930112155849 vs. 1.7533930112155849
--------
nle(id0,id1,dist): 132 133 1.8336367630382702
list:
dist: 1.8336367630382702 vs. 1.8336367630382702
--------
nle(id0,id1,dist): 132 136 2.517132467444435
list:
dist: 2.517132467444435 vs. 2.517132467444435
--------
nle(id0,id1,dist): 132 135 2.0805548004011176
list:
dist: 2.0805548004011176 vs. 2.0805548004011176
--------
nle(id0,id1,dist): 132 138 2.805422015261128
list:
dist: 2.805422015261128 vs. 2.805422015261128
--------
nle(id0,id1,dist): 132 137 1.472783285212425
list:
dist: 1.472783285212425 vs. 1.472783285212425
--------
nle(id0,id1,dist): 132 140 1.099033203962287
list:
dist: 1.099033203962287 vs. 1.099033203962287
--------
nle(id0,id1,dist): 132 139 1.938614009962878
list:
dist: 1.938614009962878 vs. 1.938614009962878
--------
nle(id0,id1,dist): 132 141 1.2947263370142663
list:
dist: 1.2947263370142663 vs. 1.2947263370142663
--------
nle(id0,id1,dist): 132 142 1.2173111797731453
list:
dist: 1.2173111797731453 vs. 1.2173111797731453
--------
nle(id0,id1,dist): 132 143 1.7021528640904402
list:
dist: 1.7021528640904402 vs. 1.7021528640904402
--------
nle(id0,id1,dist): 132 144 1.2767609455173747
list:
dist: 1.2767609455173747 vs. 1.2767609455173747
--------
nle(id0,id1,dist): 132 145 2.4797089186401196
list:
dist: 2.4797089186401196 vs. 2.4797089186401196
--------
nle(id0,id1,dist): 132 146 1.9605672912222216
list:
dist: 1.9605672912222216 vs. 1.9605672912222216
--------
nle(id0,id1,dist): 132 147 2.19417598348894
list:
dist: 2.19417598348894 vs. 2.19417598348894
--------
nle(id0,id1,dist): 132 148 2.853201207099838
list:
dist: 2.853201207099838 vs. 2.853201207099838
--------
nle(id0,id1,dist): 131 147 2.6866067854331477
list:
dist: 2.6866067854331477 vs. 2.6866067854331477
--------
nle(id0,id1,dist): 131 148 3.2281198252478953
list:
dist: 3.2281198252478953 vs. 3.2281198252478953
--------
nle(id0,id1,dist): 131 142 2.4553564382851403
list:
dist: 2.4553564382851403 vs. 2.4553564382851403
--------
nle(id0,id1,dist): 131 139 2.8695473096319106
list:
dist: 2.8695473096319106 vs. 2.8695473096319106
--------
nle(id0,id1,dist): 131 141 2.4470855355294163
list:
dist: 2.4470855355294163 vs. 2.4470855355294163
--------
nle(id0,id1,dist): 131 134 1.087928842322319
list:
dist: 1.087928842322319 vs. 1.087928842322319
--------
nle(id0,id1,dist): 131 136 2.426402561729608
list:
dist: 2.426402561729608 vs. 2.426402561729608
--------
nle(id0,id1,dist): 131 132 2.123456733359474
list:
dist: 2.123456733359474 vs. 2.123456733359474
--------
nle(id0,id1,dist): 131 133 2.2019248952137622
list:
dist: 2.2019248952137622 vs. 2.2019248952137622
--------
nle(id0,id1,dist): 130 147 3.2875166366240274
list:
dist: 3.2875166366240274 vs. 3.2875166366240274
--------
nle(id0,id1,dist): 130 148 3.8179892719375514
list:
dist: 3.8179892719375514 vs. 3.8179892719375514
--------
nle(id0,id1,dist): 130 141 2.8946192390273344
list:
dist: 2.8946192390273344 vs. 2.8946192390273344
--------
nle(id0,id1,dist): 130 142 2.882920537304966
list:
dist: 2.882920537304966 vs. 2.882920537304966
--------
nle(id0,id1,dist): 130 139 3.381867924927996
list:
dist: 3.381867924927996 vs. 3.381867924927996
--------
nle(id0,id1,dist): 130 136 3.014748886792683
list:
dist: 3.014748886792683 vs. 3.014748886792683
--------
nle(id0,id1,dist): 130 132 2.2563308124385926
list:
dist: 2.2563308124385926 vs. 2.2563308124385926
--------
nle(id0,id1,dist): 130 131 0.7093320218949007
list:
dist: 0.7093320218949007 vs. 0.7093320218949007
--------
nle(id0,id1,dist): 130 134 1.6619655696775906
list:
dist: 1.6619655696775906 vs. 1.6619655696775906
--------
nle(id0,id1,dist): 130 133 2.744811815312762
list:
dist: 2.744811815312762 vs. 2.744811815312762
--------
nle(id0,id1,dist): 129 148 1.9751563803805305
list:
dist: 1.9751563803805305 vs. 1.9751563803805305
--------
nle(id0,id1,dist): 129 140 3.0468207398611287
list:
dist: 3.0468207398611287 vs. 3.0468207398611287
--------
nle(id0,id1,dist): 129 141 2.0852465316717232
list:
dist: 2.0852465316717232 vs. 2.0852465316717232
--------
nle(id0,id1,dist): 129 142 2.1345897141005836
list:
dist: 2.1345897141005836 vs. 2.1345897141005836
--------
nle(id0,id1,dist): 129 143 2.8248412920648702
list:
dist: 2.8248412920648702 vs. 2.8248412920648702
--------
nle(id0,id1,dist): 129 144 2.578391545220004
list:
dist: 2.578391545220004 vs. 2.578391545220004
--------
nle(id0,id1,dist): 129 145 2.62676447561877
list:
dist: 2.62676447561877 vs. 2.62676447561877
--------
nle(id0,id1,dist): 129 146 3.887942519750925
list:
dist: 3.887942519750925 vs. 3.887942519750925
--------
nle(id0,id1,dist): 129 147 1.9655944019738212
list:
dist: 1.9655944019738212 vs. 1.9655944019738212
--------
nle(id0,id1,dist): 129 135 3.5250676223348023
list:
dist: 3.5250676223348023 vs. 3.5250676223348023
--------
nle(id0,id1,dist): 129 134 1.6594558341699441
list:
dist: 1.6594558341699441 vs. 1.6594558341699441
--------
nle(id0,id1,dist): 129 133 1.3139642687336281
list:
dist: 1.3139642687336281 vs. 1.3139642687336281
--------
nle(id0,id1,dist): 129 132 2.515999584633004
list:
dist: 2.515999584633004 vs. 2.515999584633004
--------
nle(id0,id1,dist): 129 139 2.109708923165255
list:
dist: 2.109708923165255 vs. 2.109708923165255
--------
nle(id0,id1,dist): 129 138 2.4652765872704214
list:
dist: 2.4652765872704214 vs. 2.4652765872704214
--------
nle(id0,id1,dist): 129 137 2.9418616723434923
list:
dist: 2.9418616723434923 vs. 2.9418616723434923
--------
nle(id0,id1,dist): 129 136 1.0651681613175827
list:
dist: 1.0651681613175827 vs. 1.0651681613175827
--------
nle(id0,id1,dist): 129 131 1.5819301115129818
list:
dist: 1.5819301115129818 vs. 1.5819301115129818
--------
nle(id0,id1,dist): 129 130 2.168219646063294
list:
dist: 2.168219646063294 vs. 2.168219646063294
--------
nle(id0,id1,dist): 128 147 0.4940464813447116
list:
dist: 0.4940464813447116 vs. 0.4940464813447116
--------
nle(id0,id1,dist): 128 148 1.4216631961585815
list:
dist: 1.4216631961585815 vs. 1.4216631961585815
--------
nle(id0,id1,dist): 128 145 1.7412468484005057
list:
dist: 1.7412468484005057 vs. 1.7412468484005057
--------
nle(id0,id1,dist): 128 146 3.719030582571564
list:
dist: 3.719030582571564 vs. 3.719030582571564
--------
nle(id0,id1,dist): 128 133 1.0984340100687466
list:
dist: 1.0984340100687466 vs. 1.0984340100687466
--------
nle(id0,id1,dist): 128 134 1.5538435537422883
list:
dist: 1.5538435537422883 vs. 1.5538435537422883
--------
nle(id0,id1,dist): 128 135 4.01808877374221
list:
dist: 4.01808877374221 vs. 4.01808877374221
--------
nle(id0,id1,dist): 128 136 1.3446356862487245
list:
dist: 1.3446356862487245 vs. 1.3446356862487245
--------
nle(id0,id1,dist): 128 129 1.7882662550384305
list:
dist: 1.7882662550384305 vs. 1.7882662550384305
--------
nle(id0,id1,dist): 128 130 3.0854491213643733
list:
dist: 3.0854491213643733 vs. 3.0854491213643733
--------
nle(id0,id1,dist): 128 131 2.4395887599788413
list:
dist: 2.4395887599788413 vs. 2.4395887599788413
--------
nle(id0,id1,dist): 128 132 2.330085343688443
list:
dist: 2.330085343688443 vs. 2.330085343688443
--------
nle(id0,id1,dist): 128 141 1.272987632432585
list:
dist: 1.272987632432585 vs. 1.272987632432585
--------
nle(id0,id1,dist): 128 142 1.36416900075438
list:
dist: 1.36416900075438 vs. 1.36416900075438
--------
nle(id0,id1,dist): 128 143 2.155171950769479
list:
dist: 2.155171950769479 vs. 2.155171950769479
--------
nle(id0,id1,dist): 128 144 2.8823612932389713
list:
dist: 2.8823612932389713 vs. 2.8823612932389713
--------
nle(id0,id1,dist): 128 137 2.8738951849348444
list:
dist: 2.8738951849348444 vs. 2.8738951849348444
--------
nle(id0,id1,dist): 128 138 2.9627964229447086
list:
dist: 2.9627964229447086 vs. 2.9627964229447086
--------
nle(id0,id1,dist): 128 139 1.188296437729993
list:
dist: 1.188296437729993 vs. 1.188296437729993
--------
nle(id0,id1,dist): 128 140 3.2199953047735006
list:
dist: 3.2199953047735006 vs. 3.2199953047735006
--------
nle(id0,id1,dist): 127 140 2.213285691255775
list:
dist: 2.213285691255775 vs. 2.213285691255775
--------
nle(id0,id1,dist): 127 141 1.3612723000944902
list:
dist: 1.3612723000944902 vs. 1.3612723000944902
--------
nle(id0,id1,dist): 127 138 1.6164911713062053
list:
dist: 1.6164911713062053 vs. 1.6164911713062053
--------
nle(id0,id1,dist): 127 139 1.3864375820761947
list:
dist: 1.3864375820761947 vs. 1.3864375820761947
--------
nle(id0,id1,dist): 127 136 0.8841097979993301
list:
dist: 0.8841097979993301 vs. 0.8841097979993301
--------
nle(id0,id1,dist): 127 137 1.9110029990579793
list:
dist: 1.9110029990579793 vs. 1.9110029990579793
--------
nle(id0,id1,dist): 127 134 1.8376686951737025
list:
dist: 1.8376686951737025 vs. 1.8376686951737025
--------
nle(id0,id1,dist): 127 135 2.69641735756336
list:
dist: 2.69641735756336 vs. 2.69641735756336
--------
nle(id0,id1,dist): 127 148 1.5605583626047121
list:
dist: 1.5605583626047121 vs. 1.5605583626047121
--------
nle(id0,id1,dist): 127 146 2.884347139444475
list:
dist: 2.884347139444475 vs. 2.884347139444475
--------
nle(id0,id1,dist): 127 147 1.6172041807160238
list:
dist: 1.6172041807160238 vs. 1.6172041807160238
--------
nle(id0,id1,dist): 127 144 1.6441490052226277
list:
dist: 1.6441490052226277 vs. 1.6441490052226277
--------
nle(id0,id1,dist): 127 145 1.8517191958473112
list:
dist: 1.8517191958473112 vs. 1.8517191958473112
--------
nle(id0,id1,dist): 127 142 1.3860596758381967
list:
dist: 1.3860596758381967 vs. 1.3860596758381967
--------
nle(id0,id1,dist): 127 143 1.8517069754593527
list:
dist: 1.8517069754593527 vs. 1.8517069754593527
--------
nle(id0,id1,dist): 127 133 0.6850798441679503
list:
dist: 0.6850798441679503 vs. 0.6850798441679503
--------
nle(id0,id1,dist): 127 132 1.8434634900636728
list:
dist: 1.8434634900636728 vs. 1.8434634900636728
--------
nle(id0,id1,dist): 127 131 1.9916723476322373
list:
dist: 1.9916723476322373 vs. 1.9916723476322373
--------
nle(id0,id1,dist): 127 130 2.443387120739909
list:
dist: 2.443387120739909 vs. 2.443387120739909
--------
nle(id0,id1,dist): 127 129 1.06520327806366
list:
dist: 1.06520327806366 vs. 1.06520327806366
--------
nle(id0,id1,dist): 127 128 1.717129937097308
list:
dist: 1.717129937097308 vs. 1.717129937097308
--------
nle(id0,id1,dist): 126 130 4.727486349214151
list:
dist: 4.727486349214151 vs. 4.727486349214151
--------
nle(id0,id1,dist): 126 131 4.721221152630969
list:
dist: 4.721221152630969 vs. 4.721221152630969
--------
nle(id0,id1,dist): 125 146 2.3427619319740094
list:
dist: 2.3427619319740094 vs. 2.3427619319740094
--------
nle(id0,id1,dist): 125 147 1.4650960508120314
list:
dist: 1.4650960508120314 vs. 1.4650960508120314
--------
nle(id0,id1,dist): 125 144 1.262700525738767
list:
dist: 1.262700525738767 vs. 1.262700525738767
--------
nle(id0,id1,dist): 125 145 1.5149994365806716
list:
dist: 1.5149994365806716 vs. 1.5149994365806716
--------
nle(id0,id1,dist): 125 148 1.606768601795083
list:
dist: 1.606768601795083 vs. 1.606768601795083
--------
nle(id0,id1,dist): 125 131 2.237840983198742
list:
dist: 2.237840983198742 vs. 2.237840983198742
--------
nle(id0,id1,dist): 125 130 2.6321762131098922
list:
dist: 2.6321762131098922 vs. 2.6321762131098922
--------
nle(id0,id1,dist): 125 129 1.6319674003333233
list:
dist: 1.6319674003333233 vs. 1.6319674003333233
--------
nle(id0,id1,dist): 125 128 1.6987489875132438
list:
dist: 1.6987489875132438 vs. 1.6987489875132438
--------
nle(id0,id1,dist): 125 135 2.4047106296498
list:
dist: 2.4047106296498 vs. 2.4047106296498
--------
nle(id0,id1,dist): 125 134 1.889698907316256
list:
dist: 1.889698907316256 vs. 1.889698907316256
--------
nle(id0,id1,dist): 125 133 0.687954337770959
list:
dist: 0.687954337770959 vs. 0.687954337770959
--------
nle(id0,id1,dist): 125 132 1.408127800947996
list:
dist: 1.408127800947996 vs. 1.408127800947996
--------
nle(id0,id1,dist): 125 139 1.034899451583554
list:
dist: 1.034899451583554 vs. 1.034899451583554
--------
nle(id0,id1,dist): 125 138 1.6224089314604093
list:
dist: 1.6224089314604093 vs. 1.6224089314604093
--------
nle(id0,id1,dist): 125 137 1.3782417369475022
list:
dist: 1.3782417369475022 vs. 1.3782417369475022
--------
nle(id0,id1,dist): 125 136 1.2552061821337426
list:
dist: 1.2552061821337426 vs. 1.2552061821337426
--------
nle(id0,id1,dist): 125 143 1.2584920777229491
list:
dist: 1.2584920777229491 vs. 1.2584920777229491
--------
nle(id0,id1,dist): 125 142 0.8797866050665101
list:
dist: 0.8797866050665101 vs. 0.8797866050665101
--------
nle(id0,id1,dist): 125 141 0.8840024451257725
list:
dist: 0.8840024451257725 vs. 0.8840024451257725
--------
nle(id0,id1,dist): 125 140 1.797015977110838
list:
dist: 1.797015977110838 vs. 1.797015977110838
2. Check the NeighborList query for coordinates against the neighbor list for consistency
list:
dist: 0.9560382814912392 vs. 0.9560382814912392
list:
dist: 1.6526721106624656 vs. 1.6526721106624656
list:
dist: 2.1399073040190504 vs. 2.1399073040190504
list:
dist: 2.0757906318635833 vs. 2.0757906318635833
list:
dist: 2.295131178918035 vs. 2.295131178918035
list:
dist: 1.5216312078365022 vs. 1.5216312078365022
list:
dist: 1.1777675633854774 vs. 1.1777675633854774
list:
dist: 2.0138422678468397 vs. 2.0138422678468397
list:
dist: 1.2887060130334094 vs. 1.2887060130334094
list:
dist: 0.9560382814912392 vs. 0.9560382814912392
list:
dist: 1.2714598323765087 vs. 1.2714598323765087
list:
dist: 1.2401907069849822 vs. 1.2401907069849822
list:
dist: 1.3999938564017644 vs. 1.3999938564017644
list:
dist: 1.4257470060209299 vs. 1.4257470060209299
list:
dist: 1.0592462229696327 vs. 1.0592462229696327
list:
dist: 1.12861236016784 vs. 1.12861236016784
list:
dist: 2.155615369364528 vs. 2.155615369364528
list:
dist: 1.6028577273542826 vs. 1.6028577273542826
list:
dist: 2.0115260118143463 vs. 2.0115260118143463
list:
dist: 2.7164009858410507 vs. 2.7164009858410507
list:
dist: 2.851804620299602 vs. 2.851804620299602
list:
dist: 2.270182158864657 vs. 2.270182158864657
list:
dist: 1.3753760527283603 vs. 1.3753760527283603
list:
dist: 2.8455291849810167 vs. 2.8455291849810167
list:
dist: 2.9538964686217075 vs. 2.9538964686217075
list:
dist: 4.032395347077665 vs. 4.032395347077665
list:
dist: 3.304779936188427 vs. 3.304779936188427
list:
dist: 3.70387390892084 vs. 3.70387390892084
list:
dist: 4.306517538606225 vs. 4.306517538606225
list:
dist: 1.6526721106624656 vs. 1.6526721106624656
list:
dist: 1.2714598323765087 vs. 1.2714598323765087
list:
dist: 2.074699872650934 vs. 2.074699872650934
list:
dist: 2.4063417239673828 vs. 2.4063417239673828
list:
dist: 2.135913177113748 vs. 2.135913177113748
list:
dist: 1.039760646963812 vs. 1.039760646963812
list:
dist: 2.334364843788376 vs. 2.334364843788376
list:
dist: 3.336714409681035 vs. 3.336714409681035
list:
dist: 2.7657677154860756 vs. 2.7657677154860756
list:
dist: 2.5355395128540694 vs. 2.5355395128540694
list:
dist: 3.145023122909438 vs. 3.145023122909438
list:
dist: 3.218318203196374 vs. 3.218318203196374
list:
dist: 3.2016945734330338 vs. 3.2016945734330338
list:
dist: 2.124349788395301 vs. 2.124349788395301
list:
dist: 3.79524668542033 vs. 3.79524668542033
list:
dist: 3.8354779487725312 vs. 3.8354779487725312
list:
dist: 5.193846780824021 vs. 5.193846780824021
list:
dist: 4.5105419836171 vs. 4.5105419836171
list:
dist: 4.758931614552059 vs. 4.758931614552059
list:
dist: 5.462854491868746 vs. 5.462854491868746
list:
dist: 2.270182158864657 vs. 2.270182158864657
list:
dist: 3.2016945734330338 vs. 3.2016945734330338
list:
dist: 1.2533859730659889 vs. 1.2533859730659889
list:
dist: 1.0221379298281728 vs. 1.0221379298281728
list:
dist: 1.626299449024157 vs. 1.626299449024157
list:
dist: 2.9559729055957575 vs. 2.9559729055957575
list:
dist: 2.0889376314549235 vs. 2.0889376314549235
list:
dist: 2.4088750884048973 vs. 2.4088750884048973
list:
dist: 2.611577600566576 vs. 2.611577600566576
list:
dist: 1.129092221886056 vs. 1.129092221886056
list:
dist: 1.3724533295187413 vs. 1.3724533295187413
list:
dist: 1.7495267789895694 vs. 1.7495267789895694
list:
dist: 1.2476954936260247 vs. 1.2476954936260247
list:
dist: 0.8747206317836093 vs. 0.8747206317836093
list:
dist: 0.7042174212683403 vs. 0.7042174212683403
list:
dist: 2.2829164896729766 vs. 2.2829164896729766
list:
dist: 1.8008147142722275 vs. 1.8008147142722275
list:
dist: 1.6518459318407464 vs. 1.6518459318407464
list:
dist: 2.446379911849432 vs. 2.446379911849432
list:
dist: 1.7811380077626182 vs. 1.7811380077626182
list:
dist: 2.395786663166302 vs. 2.395786663166302
list:
dist: 1.2887060130334094 vs. 1.2887060130334094
list:
dist: 1.6028577273542826 vs. 1.6028577273542826
list:
dist: 2.7657677154860756 vs. 2.7657677154860756
list:
dist: 2.1970072688631923 vs. 2.1970072688631923
list:
dist: 1.8655434079988054 vs. 1.8655434079988054
list:
dist: 2.4053066635618294 vs. 2.4053066635618294
list:
dist: 2.388017433091681 vs. 2.388017433091681
list:
dist: 0.7046666078402971 vs. 0.7046666078402971
list:
dist: 0.9275482453620266 vs. 0.9275482453620266
list:
dist: 2.249855522477345 vs. 2.249855522477345
list:
dist: 3.0118870869961927 vs. 3.0118870869961927
list:
dist: 3.598378324167546 vs. 3.598378324167546
list:
dist: 3.8537870000179324 vs. 3.8537870000179324
list:
dist: 2.611577600566576 vs. 2.611577600566576
list:
dist: 2.368702675439381 vs. 2.368702675439381
list:
dist: 3.048684547926149 vs. 3.048684547926149
list:
dist: 3.1997625329634647 vs. 3.1997625329634647
list:
dist: 3.3867452990024858 vs. 3.3867452990024858
list:
dist: 2.6577764297050663 vs. 2.6577764297050663
list:
dist: 3.511721099110571 vs. 3.511721099110571
list:
dist: 3.7261047007803167 vs. 3.7261047007803167
list:
dist: 3.320864857976665 vs. 3.320864857976665
list:
dist: 3.5577548796602305 vs. 3.5577548796602305
list:
dist: 3.4966771994839383 vs. 3.4966771994839383
list:
dist: 1.3753760527283603 vs. 1.3753760527283603
list:
dist: 2.124349788395301 vs. 2.124349788395301
list:
dist: 0.17299326107607851 vs. 0.17299326107607851
list:
dist: 1.0490427589369125 vs. 1.0490427589369125
list:
dist: 0.5205515486264928 vs. 0.5205515486264928
list:
dist: 1.7781037535307571 vs. 1.7781037535307571
list:
dist: 1.8203085503384449 vs. 1.8203085503384449
list:
dist: 2.607450772038691 vs. 2.607450772038691
list:
dist: 2.368702675439381 vs. 2.368702675439381
list:
dist: 0.7681512662215446 vs. 0.7681512662215446
list:
dist: 1.6782414514093202 vs. 1.6782414514093202
list:
dist: 1.5326284712245262 vs. 1.5326284712245262
list:
dist: 1.2476954936260247 vs. 1.2476954936260247
list:
dist: 1.6838625447429445 vs. 1.6838625447429445
list:
dist: 1.8994692877275106 vs. 1.8994692877275106
list:
dist: 3.405767009856219 vs. 3.405767009856219
list:
dist: 2.714381446102924 vs. 2.714381446102924
list:
dist: 2.700287312965581 vs. 2.700287312965581
list:
dist: 3.5405144759842098 vs. 3.5405144759842098
list:
dist: 3.0262299579977827 vs. 3.0262299579977827
list:
dist: 3.5280369091245625 vs. 3.5280369091245625
list:
dist: 1.5216312078365022 vs. 1.5216312078365022
list:
dist: 1.0592462229696327 vs. 1.0592462229696327
list:
dist: 1.039760646963812 vs. 1.039760646963812
list:
dist: 1.7180377010868968 vs. 1.7180377010868968
list:
dist: 2.293951144913898 vs. 2.293951144913898
list:
dist: 1.5536127238132609 vs. 1.5536127238132609
list:
dist: 2.0994871506330295 vs. 2.0994871506330295
list:
dist: 3.1058484647339477 vs. 3.1058484647339477
list:
dist: 2.388017433091681 vs. 2.388017433091681
list:
dist: 2.397259374620464 vs. 2.397259374620464
list:
dist: 3.2391451508118387 vs. 3.2391451508118387
list:
dist: 2.9753670172676436 vs. 2.9753670172676436
list:
dist: 2.9559729055957575 vs. 2.9559729055957575
list:
dist: 1.7781037535307571 vs. 1.7781037535307571
list:
dist: 3.3561612590054697 vs. 3.3561612590054697
list:
dist: 3.643173655501956 vs. 3.643173655501956
list:
dist: 4.862157149612073 vs. 4.862157149612073
list:
dist: 4.053511647492509 vs. 4.053511647492509
list:
dist: 4.319149688332325 vs. 4.319149688332325
list:
dist: 5.03912772734568 vs. 5.03912772734568
list:
dist: 2.295131178918035 vs. 2.295131178918035
list:
dist: 1.4257470060209299 vs. 1.4257470060209299
list:
dist: 2.135913177113748 vs. 2.135913177113748
list:
dist: 0.5545559324045467 vs. 0.5545559324045467
list:
dist: 1.4695157567769375 vs. 1.4695157567769375
list:
dist: 1.5536127238132609 vs. 1.5536127238132609
list:
dist: 1.9691463226452026 vs. 1.9691463226452026
list:
dist: 2.7887416271738408 vs. 2.7887416271738408
list:
dist: 2.4053066635618294 vs. 2.4053066635618294
list:
dist: 1.1657088623314202 vs. 1.1657088623314202
list:
dist: 2.130217257175736 vs. 2.130217257175736
list:
dist: 1.66578459721368 vs. 1.66578459721368
list:
dist: 1.626299449024157 vs. 1.626299449024157
list:
dist: 0.5205515486264928 vs. 0.5205515486264928
list:
dist: 1.8516466826759352 vs. 1.8516466826759352
list:
dist: 2.2715327589726986 vs. 2.2715327589726986
list:
dist: 3.654836205749623 vs. 3.654836205749623
list:
dist: 2.8743752013182897 vs. 2.8743752013182897
list:
dist: 2.8741001835897193 vs. 2.8741001835897193
list:
dist: 3.7281670841743986 vs. 3.7281670841743986
list:
dist: 2.0138422678468397 vs. 2.0138422678468397
list:
dist: 2.155615369364528 vs. 2.155615369364528
list:
dist: 3.336714409681035 vs. 3.336714409681035
list:
dist: 2.4467532485317642 vs. 2.4467532485317642
list:
dist: 1.7927151584857917 vs. 1.7927151584857917
list:
dist: 2.7887416271738408 vs. 2.7887416271738408
list:
dist: 3.1058484647339477 vs. 3.1058484647339477
list:
dist: 1.0272437212394707 vs. 1.0272437212394707
list:
dist: 0.9275482453620266 vs. 0.9275482453620266
list:
dist: 1.6458921852209019 vs. 1.6458921852209019
list:
dist: 3.0839400661636853 vs. 3.0839400661636853
list:
dist: 3.4508559687440004 vs. 3.4508559687440004
list:
dist: 3.952263791920008 vs. 3.952263791920008
list:
dist: 2.4088750884048973 vs. 2.4088750884048973
list:
dist: 2.607450772038691 vs. 2.607450772038691
list:
dist: 2.894059850482431 vs. 2.894059850482431
list:
dist: 2.847717170653676 vs. 2.847717170653676
list:
dist: 2.7118589816529455 vs. 2.7118589816529455
list:
dist: 2.1751479414988646 vs. 2.1751479414988646
list:
dist: 3.133654680023972 vs. 3.133654680023972
list:
dist: 3.160019881365851 vs. 3.160019881365851
list:
dist: 2.425718625528924 vs. 2.425718625528924
list:
dist: 2.752249205696082 vs. 2.752249205696082
list:
dist: 2.712432972079197 vs. 2.712432972079197
list:
dist: 2.0115260118143463 vs. 2.0115260118143463
list:
dist: 2.5355395128540694 vs. 2.5355395128540694
list:
dist: 0.9056584088147378 vs. 0.9056584088147378
list:
dist: 1.3294897982834688 vs. 1.3294897982834688
list:
dist: 1.1657088623314202 vs. 1.1657088623314202
list:
dist: 2.397259374620464 vs. 2.397259374620464
list:
dist: 2.404238806720358 vs. 2.404238806720358
list:
dist: 3.0839400661636853 vs. 3.0839400661636853
list:
dist: 3.0118870869961927 vs. 3.0118870869961927
list:
dist: 0.97535391389557 vs. 0.97535391389557
list:
dist: 0.9861985408345331 vs. 0.9861985408345331
list:
dist: 1.129092221886056 vs. 1.129092221886056
list:
dist: 0.7681512662215446 vs. 0.7681512662215446
list:
dist: 1.5865375097583472 vs. 1.5865375097583472
list:
dist: 1.5689439184215197 vs. 1.5689439184215197
list:
dist: 3.4061152240876007 vs. 3.4061152240876007
list:
dist: 2.880167841515837 vs. 2.880167841515837
list:
dist: 2.5986969562101825 vs. 2.5986969562101825
list:
dist: 3.522439322268292 vs. 3.522439322268292
list:
dist: 2.741104918875884 vs. 2.741104918875884
list:
dist: 3.213173229319499 vs. 3.213173229319499
list:
dist: 2.851804620299602 vs. 2.851804620299602
list:
dist: 3.218318203196374 vs. 3.218318203196374
list:
dist: 1.7003192068860875 vs. 1.7003192068860875
list:
dist: 2.270201620542911 vs. 2.270201620542911
list:
dist: 1.66578459721368 vs. 1.66578459721368
list:
dist: 2.9753670172676436 vs. 2.9753670172676436
list:
dist: 3.3052914179466524 vs. 3.3052914179466524
list:
dist: 3.952263791920008 vs. 3.952263791920008
list:
dist: 3.8537870000179324 vs. 3.8537870000179324
list:
dist: 0.9861985408345331 vs. 0.9861985408345331
list:
dist: 1.3777513744857255 vs. 1.3777513744857255
list:
dist: 1.7495267789895694 vs. 1.7495267789895694
list:
dist: 1.5326284712245262 vs. 1.5326284712245262
list:
dist: 1.746058294824726 vs. 1.746058294824726
list:
dist: 1.935108370094533 vs. 1.935108370094533
list:
dist: 3.812153283334223 vs. 3.812153283334223
list:
dist: 3.3215411276550855 vs. 3.3215411276550855
list:
dist: 2.7191821028217165 vs. 2.7191821028217165
list:
dist: 3.7719506354589494 vs. 3.7719506354589494
list:
dist: 3.007092328367333 vs. 3.007092328367333
list:
dist: 3.151833866444536 vs. 3.151833866444536
list:
dist: 2.1399073040190504 vs. 2.1399073040190504
list:
dist: 1.2401907069849822 vs. 1.2401907069849822
list:
dist: 2.074699872650934 vs. 2.074699872650934
list:
dist: 0.9381073112680699 vs. 0.9381073112680699
list:
dist: 0.5545559324045467 vs. 0.5545559324045467
list:
dist: 1.7180377010868968 vs. 1.7180377010868968
list:
dist: 1.6486537897299587 vs. 1.6486537897299587
list:
dist: 2.4467532485317642 vs. 2.4467532485317642
list:
dist: 2.1970072688631923 vs. 2.1970072688631923
list:
dist: 0.9056584088147378 vs. 0.9056584088147378
list:
dist: 1.773905913132364 vs. 1.773905913132364
list:
dist: 1.7003192068860875 vs. 1.7003192068860875
list:
dist: 1.2533859730659889 vs. 1.2533859730659889
list:
dist: 0.17299326107607851 vs. 0.17299326107607851
list:
dist: 1.7234680188910954 vs. 1.7234680188910954
list:
dist: 1.9299621214838945 vs. 1.9299621214838945
list:
dist: 3.3559300692378007 vs. 3.3559300692378007
list:
dist: 2.6503507069458268 vs. 2.6503507069458268
list:
dist: 2.70998189289245 vs. 2.70998189289245
list:
dist: 3.5112752644227885 vs. 3.5112752644227885
list:
dist: 2.0757906318635833 vs. 2.0757906318635833
list:
dist: 1.3999938564017644 vs. 1.3999938564017644
list:
dist: 2.4063417239673828 vs. 2.4063417239673828
list:
dist: 0.9381073112680699 vs. 0.9381073112680699
list:
dist: 1.4695157567769375 vs. 1.4695157567769375
list:
dist: 2.293951144913898 vs. 2.293951144913898
list:
dist: 1.2175626211947426 vs. 1.2175626211947426
list:
dist: 1.7927151584857917 vs. 1.7927151584857917
list:
dist: 1.8655434079988054 vs. 1.8655434079988054
list:
dist: 1.3294897982834688 vs. 1.3294897982834688
list:
dist: 1.7372479216557153 vs. 1.7372479216557153
list:
dist: 2.270201620542911 vs. 2.270201620542911
list:
dist: 1.0221379298281728 vs. 1.0221379298281728
list:
dist: 1.0490427589369125 vs. 1.0490427589369125
list:
dist: 1.7982359732561999 vs. 1.7982359732561999
list:
dist: 1.6348088369485934 vs. 1.6348088369485934
list:
dist: 2.8147326190293076 vs. 2.8147326190293076
list:
dist: 2.254862287942154 vs. 2.254862287942154
list:
dist: 2.5338324273289268 vs. 2.5338324273289268
list:
dist: 3.126577294081497 vs. 3.126577294081497
list:
dist: 2.8455291849810167 vs. 2.8455291849810167
list:
dist: 3.79524668542033 vs. 3.79524668542033
list:
dist: 1.7234680188910954 vs. 1.7234680188910954
list:
dist: 1.7982359732561999 vs. 1.7982359732561999
list:
dist: 1.8516466826759352 vs. 1.8516466826759352
list:
dist: 3.3561612590054697 vs. 3.3561612590054697
list:
dist: 2.664391942123165 vs. 2.664391942123165
list:
dist: 2.894059850482431 vs. 2.894059850482431
list:
dist: 3.048684547926149 vs. 3.048684547926149
list:
dist: 1.5865375097583472 vs. 1.5865375097583472
list:
dist: 1.9109032610861838 vs. 1.9109032610861838
list:
dist: 1.746058294824726 vs. 1.746058294824726
list:
dist: 0.8747206317836093 vs. 0.8747206317836093
list:
dist: 1.6838625447429445 vs. 1.6838625447429445
list:
dist: 0.9443064400246406 vs. 0.9443064400246406
list:
dist: 2.165335273367321 vs. 2.165335273367321
list:
dist: 1.6163142405304824 vs. 1.6163142405304824
list:
dist: 1.0769085894400243 vs. 1.0769085894400243
list:
dist: 2.083188650464171 vs. 2.083188650464171
list:
dist: 1.7370533195304336 vs. 1.7370533195304336
list:
dist: 1.9239297217330027 vs. 1.9239297217330027
list:
dist: 1.1777675633854774 vs. 1.1777675633854774
list:
dist: 1.12861236016784 vs. 1.12861236016784
list:
dist: 2.334364843788376 vs. 2.334364843788376
list:
dist: 1.6486537897299587 vs. 1.6486537897299587
list:
dist: 1.2175626211947426 vs. 1.2175626211947426
list:
dist: 1.9691463226452026 vs. 1.9691463226452026
list:
dist: 2.0994871506330295 vs. 2.0994871506330295
list:
dist: 1.0272437212394707 vs. 1.0272437212394707
list:
dist: 0.7046666078402971 vs. 0.7046666078402971
list:
dist: 2.5982192972408473 vs. 2.5982192972408473
list:
dist: 2.404238806720358 vs. 2.404238806720358
list:
dist: 2.9417085660707607 vs. 2.9417085660707607
list:
dist: 3.3052914179466524 vs. 3.3052914179466524
list:
dist: 2.0889376314549235 vs. 2.0889376314549235
list:
dist: 1.8203085503384449 vs. 1.8203085503384449
list:
dist: 2.664391942123165 vs. 2.664391942123165
list:
dist: 2.699503013624813 vs. 2.699503013624813
list:
dist: 3.2348422591690804 vs. 3.2348422591690804
list:
dist: 2.5544321879887297 vs. 2.5544321879887297
list:
dist: 3.245914676989637 vs. 3.245914676989637
list:
dist: 3.5946769478374128 vs. 3.5946769478374128
list:
dist: 3.3065434898216504 vs. 3.3065434898216504
list:
dist: 3.2973796133776854 vs. 3.2973796133776854
list:
dist: 3.45842342715544 vs. 3.45842342715544
list:
dist: 2.9538964686217075 vs. 2.9538964686217075
list:
dist: 3.8354779487725312 vs. 3.8354779487725312
list:
dist: 1.9299621214838945 vs. 1.9299621214838945
list:
dist: 1.6348088369485934 vs. 1.6348088369485934
list:
dist: 2.2715327589726986 vs. 2.2715327589726986
list:
dist: 3.643173655501956 vs. 3.643173655501956
list:
dist: 2.699503013624813 vs. 2.699503013624813
list:
dist: 2.847717170653676 vs. 2.847717170653676
list:
dist: 3.1997625329634647 vs. 3.1997625329634647
list:
dist: 3.5902629330044826 vs. 3.5902629330044826
list:
dist: 1.5689439184215197 vs. 1.5689439184215197
list:
dist: 1.401588114087415 vs. 1.401588114087415
list:
dist: 1.935108370094533 vs. 1.935108370094533
list:
dist: 0.7042174212683403 vs. 0.7042174212683403
list:
dist: 1.8994692877275106 vs. 1.8994692877275106
list:
dist: 0.9443064400246406 vs. 0.9443064400246406
list:
dist: 2.002606442665779 vs. 2.002606442665779
list:
dist: 1.8041475393105357 vs. 1.8041475393105357
list:
dist: 1.338235344525043 vs. 1.338235344525043
list:
dist: 2.1303763029978207 vs. 2.1303763029978207
list:
dist: 3.15248184605389 vs. 3.15248184605389
list:
dist: 2.072989857680123 vs. 2.072989857680123
list:
dist: 2.743751524690019 vs. 2.743751524690019
list:
dist: 1.1734264230244795 vs. 1.1734264230244795
list:
dist: 1.803946083001182 vs. 1.803946083001182
list:
dist: 2.4083859597625117 vs. 2.4083859597625117
list:
dist: 3.45842342715544 vs. 3.45842342715544
list:
dist: 2.712432972079197 vs. 2.712432972079197
list:
dist: 3.4966771994839383 vs. 3.4966771994839383
list:
dist: 2.0046429373005874 vs. 2.0046429373005874
list:
dist: 2.743751524690019 vs. 2.743751524690019
list:
dist: 0.8476007216762615 vs. 0.8476007216762615
list:
dist: 1.5091785546715166 vs. 1.5091785546715166
list:
dist: 2.2017151157657726 vs. 2.2017151157657726
list:
dist: 1.3203224123449688 vs. 1.3203224123449688
list:
dist: 0.9914139496300466 vs. 0.9914139496300466
list:
dist: 1.1489328838560868 vs. 1.1489328838560868
list:
dist: 2.0235457831966257 vs. 2.0235457831966257
list:
dist: 2.5689655946295065 vs. 2.5689655946295065
list:
dist: 1.8157115072340237 vs. 1.8157115072340237
list:
dist: 3.70387390892084 vs. 3.70387390892084
list:
dist: 4.758931614552059 vs. 4.758931614552059
list:
dist: 2.70998189289245 vs. 2.70998189289245
list:
dist: 2.5338324273289268 vs. 2.5338324273289268
list:
dist: 2.8741001835897193 vs. 2.8741001835897193
list:
dist: 4.319149688332325 vs. 4.319149688332325
list:
dist: 3.245914676989637 vs. 3.245914676989637
list:
dist: 3.133654680023972 vs. 3.133654680023972
list:
dist: 3.511721099110571 vs. 3.511721099110571
list:
dist: 3.273533215161092 vs. 3.273533215161092
list:
dist: 2.5986969562101825 vs. 2.5986969562101825
list:
dist: 2.678988983070528 vs. 2.678988983070528
list:
dist: 2.7191821028217165 vs. 2.7191821028217165
list:
dist: 1.6518459318407464 vs. 1.6518459318407464
list:
dist: 2.700287312965581 vs. 2.700287312965581
list:
dist: 1.0769085894400243 vs. 1.0769085894400243
list:
dist: 1.338235344525043 vs. 1.338235344525043
list:
dist: 1.3699491848817964 vs. 1.3699491848817964
list:
dist: 1.1652378506926941 vs. 1.1652378506926941
list:
dist: 1.086312446278805 vs. 1.086312446278805
list:
dist: 2.9665587608372412 vs. 2.9665587608372412
list:
dist: 2.0554587545764162 vs. 2.0554587545764162
list:
dist: 2.2017151157657726 vs. 2.2017151157657726
list:
dist: 1.2039055134223924 vs. 1.2039055134223924
list:
dist: 1.1285460547340929 vs. 1.1285460547340929
list:
dist: 1.7575511760374516 vs. 1.7575511760374516
list:
dist: 3.304779936188427 vs. 3.304779936188427
list:
dist: 4.5105419836171 vs. 4.5105419836171
list:
dist: 2.6503507069458268 vs. 2.6503507069458268
list:
dist: 2.254862287942154 vs. 2.254862287942154
list:
dist: 2.8743752013182897 vs. 2.8743752013182897
list:
dist: 4.053511647492509 vs. 4.053511647492509
list:
dist: 2.5544321879887297 vs. 2.5544321879887297
list:
dist: 2.1751479414988646 vs. 2.1751479414988646
list:
dist: 2.6577764297050663 vs. 2.6577764297050663
list:
dist: 2.111236804325026 vs. 2.111236804325026
list:
dist: 2.880167841515837 vs. 2.880167841515837
list:
dist: 3.1031459853382843 vs. 3.1031459853382843
list:
dist: 3.3215411276550855 vs. 3.3215411276550855
list:
dist: 1.8008147142722275 vs. 1.8008147142722275
list:
dist: 2.714381446102924 vs. 2.714381446102924
list:
dist: 1.6163142405304824 vs. 1.6163142405304824
list:
dist: 1.8041475393105357 vs. 1.8041475393105357
list:
dist: 0.9681276812453739 vs. 0.9681276812453739
list:
dist: 1.1652378506926941 vs. 1.1652378506926941
list:
dist: 1.0822169994140414 vs. 1.0822169994140414
list:
dist: 2.130737858644821 vs. 2.130737858644821
list:
dist: 1.7479078946175288 vs. 1.7479078946175288
list:
dist: 1.5091785546715166 vs. 1.5091785546715166
list:
dist: 1.7050619198641952 vs. 1.7050619198641952
list:
dist: 2.1231105841668807 vs. 2.1231105841668807
list:
dist: 2.1625242133196125 vs. 2.1625242133196125
list:
dist: 2.741104918875884 vs. 2.741104918875884
list:
dist: 2.411077050446295 vs. 2.411077050446295
list:
dist: 3.007092328367333 vs. 3.007092328367333
list:
dist: 1.7811380077626182 vs. 1.7811380077626182
list:
dist: 3.0262299579977827 vs. 3.0262299579977827
list:
dist: 1.7370533195304336 vs. 1.7370533195304336
list:
dist: 1.1734264230244795 vs. 1.1734264230244795
list:
dist: 1.2973156112131343 vs. 1.2973156112131343
list:
dist: 1.7050619198641952 vs. 1.7050619198641952
list:
dist: 1.2039055134223924 vs. 1.2039055134223924
list:
dist: 1.4339489839856805 vs. 1.4339489839856805
list:
dist: 2.5823996565822656 vs. 2.5823996565822656
list:
dist: 1.2899112118611746 vs. 1.2899112118611746
list:
dist: 2.0235457831966257 vs. 2.0235457831966257
list:
dist: 1.1177814673276185 vs. 1.1177814673276185
list:
dist: 1.2785946604693743 vs. 1.2785946604693743
list:
dist: 2.7164009858410507 vs. 2.7164009858410507
list:
dist: 3.145023122909438 vs. 3.145023122909438
list:
dist: 1.773905913132364 vs. 1.773905913132364
list:
dist: 1.7372479216557153 vs. 1.7372479216557153
list:
dist: 2.130217257175736 vs. 2.130217257175736
list:
dist: 3.2391451508118387 vs. 3.2391451508118387
list:
dist: 2.9417085660707607 vs. 2.9417085660707607
list:
dist: 3.4508559687440004 vs. 3.4508559687440004
list:
dist: 3.598378324167546 vs. 3.598378324167546
list:
dist: 0.97535391389557 vs. 0.97535391389557
list:
dist: 1.3777513744857255 vs. 1.3777513744857255
list:
dist: 1.3724533295187413 vs. 1.3724533295187413
list:
dist: 1.6782414514093202 vs. 1.6782414514093202
list:
dist: 1.9109032610861838 vs. 1.9109032610861838
list:
dist: 1.401588114087415 vs. 1.401588114087415
list:
dist: 3.359519469142682 vs. 3.359519469142682
list:
dist: 3.1031459853382843 vs. 3.1031459853382843
list:
dist: 2.678988983070528 vs. 2.678988983070528
list:
dist: 3.5315316705251503 vs. 3.5315316705251503
list:
dist: 2.411077050446295 vs. 2.411077050446295
list:
dist: 2.9801758156953566 vs. 2.9801758156953566
list:
dist: 3.213173229319499 vs. 3.213173229319499
list:
dist: 2.9801758156953566 vs. 2.9801758156953566
list:
dist: 3.151833866444536 vs. 3.151833866444536
list:
dist: 2.395786663166302 vs. 2.395786663166302
list:
dist: 3.5280369091245625 vs. 3.5280369091245625
list:
dist: 1.9239297217330027 vs. 1.9239297217330027
list:
dist: 1.803946083001182 vs. 1.803946083001182
list:
dist: 1.7981324789061957 vs. 1.7981324789061957
list:
dist: 2.1231105841668807 vs. 2.1231105841668807
list:
dist: 1.1285460547340929 vs. 1.1285460547340929
list:
dist: 1.4694866044129389 vs. 1.4694866044129389
list:
dist: 3.3697959387021448 vs. 3.3697959387021448
list:
dist: 2.2032133454022302 vs. 2.2032133454022302
list:
dist: 2.5689655946295065 vs. 2.5689655946295065
list:
dist: 1.1177814673276185 vs. 1.1177814673276185
list:
dist: 1.1983245551946968 vs. 1.1983245551946968
list:
dist: 2.5982192972408473 vs. 2.5982192972408473
list:
dist: 1.6458921852209019 vs. 1.6458921852209019
list:
dist: 2.249855522477345 vs. 2.249855522477345
list:
dist: 3.5902629330044826 vs. 3.5902629330044826
list:
dist: 2.4073357740561456 vs. 2.4073357740561456
list:
dist: 2.111236804325026 vs. 2.111236804325026
list:
dist: 3.273533215161092 vs. 3.273533215161092
list:
dist: 2.786179248781051 vs. 2.786179248781051
list:
dist: 1.77623452189179 vs. 1.77623452189179
list:
dist: 2.7024746158680117 vs. 2.7024746158680117
list:
dist: 2.0046429373005874 vs. 2.0046429373005874
list:
dist: 4.306517538606225 vs. 4.306517538606225
list:
dist: 5.462854491868746 vs. 5.462854491868746
list:
dist: 3.5112752644227885 vs. 3.5112752644227885
list:
dist: 3.126577294081497 vs. 3.126577294081497
list:
dist: 3.7281670841743986 vs. 3.7281670841743986
list:
dist: 5.03912772734568 vs. 5.03912772734568
list:
dist: 3.5946769478374128 vs. 3.5946769478374128
list:
dist: 3.160019881365851 vs. 3.160019881365851
list:
dist: 3.7261047007803167 vs. 3.7261047007803167
list:
dist: 2.786179248781051 vs. 2.786179248781051
list:
dist: 3.522439322268292 vs. 3.522439322268292
list:
dist: 3.5315316705251503 vs. 3.5315316705251503
list:
dist: 3.7719506354589494 vs. 3.7719506354589494
list:
dist: 2.446379911849432 vs. 2.446379911849432
list:
dist: 3.5405144759842098 vs. 3.5405144759842098
list:
dist: 2.083188650464171 vs. 2.083188650464171
list:
dist: 2.1303763029978207 vs. 2.1303763029978207
list:
dist: 0.6587441777351889 vs. 0.6587441777351889
list:
dist: 1.0822169994140414 vs. 1.0822169994140414
list:
dist: 1.086312446278805 vs. 1.086312446278805
list:
dist: 2.2547814180878145 vs. 2.2547814180878145
list:
dist: 1.6099090209999734 vs. 1.6099090209999734
list:
dist: 1.3203224123449688 vs. 1.3203224123449688
list:
dist: 1.4339489839856805 vs. 1.4339489839856805
list:
dist: 1.4694866044129389 vs. 1.4694866044129389
list:
dist: 1.2331705935635389 vs. 1.2331705935635389
list:
dist: 3.2973796133776854 vs. 3.2973796133776854
list:
dist: 2.752249205696082 vs. 2.752249205696082
list:
dist: 3.5577548796602305 vs. 3.5577548796602305
list:
dist: 2.7024746158680117 vs. 2.7024746158680117
list:
dist: 2.072989857680123 vs. 2.072989857680123
list:
dist: 1.0231131300466823 vs. 1.0231131300466823
list:
dist: 1.7479078946175288 vs. 1.7479078946175288
list:
dist: 2.0554587545764162 vs. 2.0554587545764162
list:
dist: 1.6099090209999734 vs. 1.6099090209999734
list:
dist: 1.3752920129591446 vs. 1.3752920129591446
list:
dist: 1.1489328838560868 vs. 1.1489328838560868
list:
dist: 1.2899112118611746 vs. 1.2899112118611746
list:
dist: 2.2032133454022302 vs. 2.2032133454022302
list:
dist: 1.570601147915349 vs. 1.570601147915349
list:
dist: 3.3065434898216504 vs. 3.3065434898216504
list:
dist: 2.425718625528924 vs. 2.425718625528924
list:
dist: 3.320864857976665 vs. 3.320864857976665
list:
dist: 1.77623452189179 vs. 1.77623452189179
list:
dist: 3.15248184605389 vs. 3.15248184605389
list:
dist: 1.6649115661280278 vs. 1.6649115661280278
list:
dist: 2.130737858644821 vs. 2.130737858644821
list:
dist: 2.9665587608372412 vs. 2.9665587608372412
list:
dist: 2.2547814180878145 vs. 2.2547814180878145
list:
dist: 1.3752920129591446 vs. 1.3752920129591446
list:
dist: 0.9914139496300466 vs. 0.9914139496300466
list:
dist: 2.5823996565822656 vs. 2.5823996565822656
list:
dist: 3.3697959387021448 vs. 3.3697959387021448
list:
dist: 2.5983440971479004 vs. 2.5983440971479004
list:
dist: 2.4083859597625117 vs. 2.4083859597625117
list:
dist: 1.3556948549932037 vs. 1.3556948549932037
list:
dist: 2.1625242133196125 vs. 2.1625242133196125
list:
dist: 1.7575511760374516 vs. 1.7575511760374516
list:
dist: 1.2331705935635389 vs. 1.2331705935635389
list:
dist: 2.5983440971479004 vs. 2.5983440971479004
list:
dist: 1.570601147915349 vs. 1.570601147915349
list:
dist: 1.8157115072340237 vs. 1.8157115072340237
list:
dist: 1.2785946604693743 vs. 1.2785946604693743
list:
dist: 1.1983245551946968 vs. 1.1983245551946968
list:
dist: 4.032395347077665 vs. 4.032395347077665
list:
dist: 5.193846780824021 vs. 5.193846780824021
list:
dist: 3.3559300692378007 vs. 3.3559300692378007
list:
dist: 2.8147326190293076 vs. 2.8147326190293076
list:
dist: 3.654836205749623 vs. 3.654836205749623
list:
dist: 4.862157149612073 vs. 4.862157149612073
list:
dist: 3.2348422591690804 vs. 3.2348422591690804
list:
dist: 2.7118589816529455 vs. 2.7118589816529455
list:
dist: 3.3867452990024858 vs. 3.3867452990024858
list:
dist: 2.4073357740561456 vs. 2.4073357740561456
list:
dist: 3.4061152240876007 vs. 3.4061152240876007
list:
dist: 3.359519469142682 vs. 3.359519469142682
list:
dist: 3.812153283334223 vs. 3.812153283334223
list:
dist: 2.2829164896729766 vs. 2.2829164896729766
list:
dist: 3.405767009856219 vs. 3.405767009856219
list:
dist: 2.165335273367321 vs. 2.165335273367321
list:
dist: 2.002606442665779 vs. 2.002606442665779
list:
dist: 0.9681276812453739 vs. 0.9681276812453739
list:
dist: 1.3699491848817964 vs. 1.3699491848817964
list:
dist: 0.6587441777351889 vs. 0.6587441777351889
list:
dist: 1.6649115661280278 vs. 1.6649115661280278
list:
dist: 1.0231131300466823 vs. 1.0231131300466823
list:
dist: 0.8476007216762615 vs. 0.8476007216762615
list:
dist: 1.2973156112131343 vs. 1.2973156112131343
list:
dist: 1.7981324789061957 vs. 1.7981324789061957
list:
dist: 1.3556948549932037 vs. 1.3556948549932037
list:
dist: 1.937954622666144 vs. 1.937954622666144
list:
dist: 1.6331059635398184 vs. 1.6331059635398184
list:
dist: 0.5412402838872945 vs. 0.5412402838872945
list:
dist: 1.0044474157924714 vs. 1.0044474157924714
list:
dist: 1.3458406756314896 vs. 1.3458406756314896
list:
dist: 1.0070421152384121 vs. 1.0070421152384121
list:
dist: 2.08328671828589 vs. 2.08328671828589
list:
dist: 2.2882007310772345 vs. 2.2882007310772345
list:
dist: 1.8252778914880452 vs. 1.8252778914880452
list:
dist: 2.7060026747155863 vs. 2.7060026747155863
list:
dist: 3.1597002667125906 vs. 3.1597002667125906
list:
dist: 2.3283004413272708 vs. 2.3283004413272708
list:
dist: 1.5521980387122196 vs. 1.5521980387122196
list:
dist: 1.937954622666144 vs. 1.937954622666144
list:
dist: 1.5847628741232 vs. 1.5847628741232
list:
dist: 1.9849260947956595 vs. 1.9849260947956595
list:
dist: 2.1276226498357125 vs. 2.1276226498357125
list:
dist: 3.275900742357111 vs. 3.275900742357111
list:
dist: 2.6725660728378346 vs. 2.6725660728378346
list:
dist: 3.9553150883631756 vs. 3.9553150883631756
list:
dist: 3.4072238891542983 vs. 3.4072238891542983
list:
dist: 2.2909309756938665 vs. 2.2909309756938665
list:
dist: 3.2882873875418057 vs. 3.2882873875418057
list:
dist: 4.27174064112639 vs. 4.27174064112639
list:
dist: 3.5539801319259507 vs. 3.5539801319259507
list:
dist: 3.068397362491809 vs. 3.068397362491809
list:
dist: 3.275900742357111 vs. 3.275900742357111
list:
dist: 1.3458406756314896 vs. 1.3458406756314896
list:
dist: 2.6393139321927834 vs. 2.6393139321927834
list:
dist: 1.4062281162132633 vs. 1.4062281162132633
list:
dist: 1.614077780880737 vs. 1.614077780880737
list:
dist: 1.1222617319586343 vs. 1.1222617319586343
list:
dist: 0.8774887393145098 vs. 0.8774887393145098
list:
dist: 2.2741784552962314 vs. 2.2741784552962314
list:
dist: 2.508226873450765 vs. 2.508226873450765
list:
dist: 3.032063873452772 vs. 3.032063873452772
list:
dist: 2.929052157153837 vs. 2.929052157153837
list:
dist: 2.2331368087208587 vs. 2.2331368087208587
list:
dist: 1.419845090353874 vs. 1.419845090353874
list:
dist: 2.626550581506292 vs. 2.626550581506292
list:
dist: 2.275830816388363 vs. 2.275830816388363
list:
dist: 1.5172972172962484 vs. 1.5172972172962484
list:
dist: 2.6799027100556287 vs. 2.6799027100556287
list:
dist: 1.2540913923232202 vs. 1.2540913923232202
list:
dist: 1.7727290217080136 vs. 1.7727290217080136
list:
dist: 3.2561542210256627 vs. 3.2561542210256627
list:
dist: 3.4638865015281644 vs. 3.4638865015281644
list:
dist: 2.6156980883547187 vs. 2.6156980883547187
list:
dist: 2.1228383539492333 vs. 2.1228383539492333
list:
dist: 2.9863617738797714 vs. 2.9863617738797714
list:
dist: 3.1878547627290637 vs. 3.1878547627290637
list:
dist: 3.2882873875418057 vs. 3.2882873875418057
list:
dist: 2.7060026747155863 vs. 2.7060026747155863
list:
dist: 1.797412007945952 vs. 1.797412007945952
list:
dist: 2.786287248424773 vs. 2.786287248424773
list:
dist: 2.834452146253661 vs. 2.834452146253661
list:
dist: 3.032063873452772 vs. 3.032063873452772
list:
dist: 2.0832372087267945 vs. 2.0832372087267945
list:
dist: 2.9495618568331503 vs. 2.9495618568331503
list:
dist: 0.9096180269168364 vs. 0.9096180269168364
list:
dist: 1.033282869527588 vs. 1.033282869527588
list:
dist: 1.2542059502605096 vs. 1.2542059502605096
list:
dist: 1.296739887214985 vs. 1.296739887214985
list:
dist: 1.701472052337563 vs. 1.701472052337563
list:
dist: 3.3222122085196206 vs. 3.3222122085196206
list:
dist: 4.104495044515859 vs. 4.104495044515859
list:
dist: 3.5657270275234656 vs. 3.5657270275234656
list:
dist: 4.071171793544415 vs. 4.071171793544415
list:
dist: 3.5777680239975016 vs. 3.5777680239975016
list:
dist: 3.27423683470238 vs. 3.27423683470238
list:
dist: 2.2706146293882274 vs. 2.2706146293882274
list:
dist: 3.483469130796809 vs. 3.483469130796809
list:
dist: 2.2063833396904275 vs. 2.2063833396904275
list:
dist: 2.928513197609319 vs. 2.928513197609319
list:
dist: 2.636681280658467 vs. 2.636681280658467
list:
dist: 3.3841649491136154 vs. 3.3841649491136154
list:
dist: 2.7713165239751087 vs. 2.7713165239751087
list:
dist: 3.4072238891542983 vs. 3.4072238891542983
list:
dist: 2.2882007310772345 vs. 2.2882007310772345
list:
dist: 1.9916034911282474 vs. 1.9916034911282474
list:
dist: 2.399470031604893 vs. 2.399470031604893
list:
dist: 2.49411979115503 vs. 2.49411979115503
list:
dist: 2.2741784552962314 vs. 2.2741784552962314
list:
dist: 1.4467660061582552 vs. 1.4467660061582552
list:
dist: 2.0956177958273736 vs. 2.0956177958273736
list:
dist: 1.236366429730772 vs. 1.236366429730772
list:
dist: 0.9096180269168364 vs. 0.9096180269168364
list:
dist: 0.8965931171066132 vs. 0.8965931171066132
list:
dist: 0.5857732611817044 vs. 0.5857732611817044
list:
dist: 0.9311611395037582 vs. 0.9311611395037582
list:
dist: 2.600958343341404 vs. 2.600958343341404
list:
dist: 3.3909117201833836 vs. 3.3909117201833836
list:
dist: 2.6774444295081756 vs. 2.6774444295081756
list:
dist: 3.2179064289366344 vs. 3.2179064289366344
list:
dist: 2.7101099353374467 vs. 2.7101099353374467
list:
dist: 2.4035360535373225 vs. 2.4035360535373225
list:
dist: 1.8630057044344228 vs. 1.8630057044344228
list:
dist: 2.8224154577220926 vs. 2.8224154577220926
list:
dist: 1.4773687491813794 vs. 1.4773687491813794
list:
dist: 2.0565568016106477 vs. 2.0565568016106477
list:
dist: 1.9791220945173829 vs. 1.9791220945173829
list:
dist: 2.7023588152435183 vs. 2.7023588152435183
list:
dist: 2.3530833962341773 vs. 2.3530833962341773
list:
dist: 1.5847628741232 vs. 1.5847628741232
list:
dist: 1.6331059635398184 vs. 1.6331059635398184
list:
dist: 1.597573555108875 vs. 1.597573555108875
list:
dist: 1.6256632353369462 vs. 1.6256632353369462
list:
dist: 2.6393139321927834 vs. 2.6393139321927834
list:
dist: 1.8103458312773135 vs. 1.8103458312773135
list:
dist: 3.0228198043627033 vs. 3.0228198043627033
list:
dist: 1.9916034911282474 vs. 1.9916034911282474
list:
dist: 0.8116461223916385 vs. 0.8116461223916385
list:
dist: 1.797412007945952 vs. 1.797412007945952
list:
dist: 2.8009380442736447 vs. 2.8009380442736447
list:
dist: 2.2999785780358994 vs. 2.2999785780358994
list:
dist: 1.951124562885857 vs. 1.951124562885857
list:
dist: 3.5539801319259507 vs. 3.5539801319259507
list:
dist: 2.3283004413272708 vs. 2.3283004413272708
list:
dist: 2.2999785780358994 vs. 2.2999785780358994
list:
dist: 2.5538067695599564 vs. 2.5538067695599564
list:
dist: 2.740301378173444 vs. 2.740301378173444
list:
dist: 2.2331368087208587 vs. 2.2331368087208587
list:
dist: 1.3820212772592402 vs. 1.3820212772592402
list:
dist: 2.083599279253496 vs. 2.083599279253496
list:
dist: 0.5857732611817044 vs. 0.5857732611817044
list:
dist: 1.561163310407851 vs. 1.561163310407851
list:
dist: 1.296739887214985 vs. 1.296739887214985
list:
dist: 1.063907273566274 vs. 1.063907273566274
list:
dist: 0.8625747368040935 vs. 0.8625747368040935
list:
dist: 2.7430475673354597 vs. 2.7430475673354597
list:
dist: 3.577936534933722 vs. 3.577936534933722
list:
dist: 2.5934295815117707 vs. 2.5934295815117707
list:
dist: 3.1327292767320816 vs. 3.1327292767320816
list:
dist: 2.66247516797511 vs. 2.66247516797511
list:
dist: 2.371802882492234 vs. 2.371802882492234
list:
dist: 2.1028887305125465 vs. 2.1028887305125465
list:
dist: 2.7884055365163753 vs. 2.7884055365163753
list:
dist: 1.234195329174694 vs. 1.234195329174694
list:
dist: 1.745410185020593 vs. 1.745410185020593
list:
dist: 1.9441042816221885 vs. 1.9441042816221885
list:
dist: 2.745493566181932 vs. 2.745493566181932
list:
dist: 2.269014364984318 vs. 2.269014364984318
list:
dist: 2.6725660728378346 vs. 2.6725660728378346
list:
dist: 1.0070421152384121 vs. 1.0070421152384121
list:
dist: 1.8103458312773135 vs. 1.8103458312773135
list:
dist: 1.2924439851112894 vs. 1.2924439851112894
list:
dist: 1.596662382996935 vs. 1.596662382996935
list:
dist: 1.1222617319586343 vs. 1.1222617319586343
list:
dist: 1.516948936850199 vs. 1.516948936850199
list:
dist: 1.4467660061582552 vs. 1.4467660061582552
list:
dist: 1.5242458527711273 vs. 1.5242458527711273
list:
dist: 2.0832372087267945 vs. 2.0832372087267945
list:
dist: 2.262309915966963 vs. 2.262309915966963
list:
dist: 1.3820212772592402 vs. 1.3820212772592402
list:
dist: 0.5777203897539728 vs. 0.5777203897539728
list:
dist: 2.950943776857336 vs. 2.950943776857336
list:
dist: 3.077131938298647 vs. 3.077131938298647
list:
dist: 2.240066691390811 vs. 2.240066691390811
list:
dist: 3.221067207848409 vs. 3.221067207848409
list:
dist: 2.113215515732435 vs. 2.113215515732435
list:
dist: 2.277425435719159 vs. 2.277425435719159
list:
dist: 2.972916411294258 vs. 2.972916411294258
list:
dist: 3.514411919349845 vs. 3.514411919349845
list:
dist: 2.2358705355660353 vs. 2.2358705355660353
list:
dist: 2.138215981244304 vs. 2.138215981244304
list:
dist: 2.8142916487053498 vs. 2.8142916487053498
list:
dist: 3.3207146244514654 vs. 3.3207146244514654
list:
dist: 1.9849260947956595 vs. 1.9849260947956595
list:
dist: 0.5412402838872945 vs. 0.5412402838872945
list:
dist: 1.597573555108875 vs. 1.597573555108875
list:
dist: 0.46968320970860283 vs. 0.46968320970860283
list:
dist: 1.4062281162132633 vs. 1.4062281162132633
list:
dist: 1.2924439851112894 vs. 1.2924439851112894
list:
dist: 2.07470046990877 vs. 2.07470046990877
list:
dist: 2.399470031604893 vs. 2.399470031604893
list:
dist: 1.895382357672365 vs. 1.895382357672365
list:
dist: 2.786287248424773 vs. 2.786287248424773
list:
dist: 3.2491440655803476 vs. 3.2491440655803476
list:
dist: 2.5538067695599564 vs. 2.5538067695599564
list:
dist: 1.753625542435675 vs. 1.753625542435675
list:
dist: 3.52979885180567 vs. 3.52979885180567
list:
dist: 3.064522724320563 vs. 3.064522724320563
list:
dist: 2.8310429569622455 vs. 2.8310429569622455
list:
dist: 3.931530025712081 vs. 3.931530025712081
list:
dist: 2.554600562176669 vs. 2.554600562176669
list:
dist: 2.955837534166215 vs. 2.955837534166215
list:
dist: 3.7753596255615767 vs. 3.7753596255615767
list:
dist: 4.439453883869461 vs. 4.439453883869461
list:
dist: 3.3968934534476505 vs. 3.3968934534476505
list:
dist: 3.2464365963236035 vs. 3.2464365963236035
list:
dist: 3.816693958272364 vs. 3.816693958272364
list:
dist: 4.134623339982518 vs. 4.134623339982518
list:
dist: 2.2909309756938665 vs. 2.2909309756938665
list:
dist: 1.8252778914880452 vs. 1.8252778914880452
list:
dist: 0.8116461223916385 vs. 0.8116461223916385
list:
dist: 1.895382357672365 vs. 1.895382357672365
list:
dist: 1.9750947888628663 vs. 1.9750947888628663
list:
dist: 2.508226873450765 vs. 2.508226873450765
list:
dist: 1.5242458527711273 vs. 1.5242458527711273
list:
dist: 2.708252408431702 vs. 2.708252408431702
list:
dist: 1.236366429730772 vs. 1.236366429730772
list:
dist: 1.033282869527588 vs. 1.033282869527588
list:
dist: 2.022117747879888 vs. 2.022117747879888
list:
dist: 1.561163310407851 vs. 1.561163310407851
list:
dist: 1.4351253316367167 vs. 1.4351253316367167
list:
dist: 3.551224734854128 vs. 3.551224734854128
list:
dist: 3.9083021302221717 vs. 3.9083021302221717
list:
dist: 3.4501707320057977 vs. 3.4501707320057977
list:
dist: 4.222206987688712 vs. 4.222206987688712
list:
dist: 3.3577524844153084 vs. 3.3577524844153084
list:
dist: 3.2946394363051095 vs. 3.2946394363051095
list:
dist: 2.927529879946528 vs. 2.927529879946528
list:
dist: 4.014276714878725 vs. 4.014276714878725
list:
dist: 2.694356045063918 vs. 2.694356045063918
list:
dist: 3.1210779965844933 vs. 3.1210779965844933
list:
dist: 3.19428402314272 vs. 3.19428402314272
list:
dist: 3.8326003132327027 vs. 3.8326003132327027
list:
dist: 3.5535490458265135 vs. 3.5535490458265135
list:
dist: 2.554600562176669 vs. 2.554600562176669
list:
dist: 2.619987046525409 vs. 2.619987046525409
list:
dist: 1.2540913923232202 vs. 1.2540913923232202
list:
dist: 2.113215515732435 vs. 2.113215515732435
list:
dist: 0.6508827527501873 vs. 0.6508827527501873
list:
dist: 2.7101099353374467 vs. 2.7101099353374467
list:
dist: 3.3577524844153084 vs. 3.3577524844153084
list:
dist: 3.5777680239975016 vs. 3.5777680239975016
list:
dist: 3.033788576651129 vs. 3.033788576651129
list:
dist: 2.66247516797511 vs. 2.66247516797511
list:
dist: 2.0960746515509694 vs. 2.0960746515509694
list:
dist: 1.7714790947204468 vs. 1.7714790947204468
list:
dist: 1.500050777015315 vs. 1.500050777015315
list:
dist: 0.378846879378162 vs. 0.378846879378162
list:
dist: 1.5253675101075088 vs. 1.5253675101075088
list:
dist: 0.816399466783772 vs. 0.816399466783772
list:
dist: 2.921955885445829 vs. 2.921955885445829
list:
dist: 2.672712332458206 vs. 2.672712332458206
list:
dist: 2.434353537940034 vs. 2.434353537940034
list:
dist: 1.7142970590215267 vs. 1.7142970590215267
list:
dist: 2.495266013516 vs. 2.495266013516
list:
dist: 2.3631108633058817 vs. 2.3631108633058817
list:
dist: 2.863602296418857 vs. 2.863602296418857
list:
dist: 2.443225344382219 vs. 2.443225344382219
list:
dist: 3.139754802179552 vs. 3.139754802179552
list:
dist: 2.1276226498357125 vs. 2.1276226498357125
list:
dist: 1.0044474157924714 vs. 1.0044474157924714
list:
dist: 1.6256632353369462 vs. 1.6256632353369462
list:
dist: 0.46968320970860283 vs. 0.46968320970860283
list:
dist: 1.614077780880737 vs. 1.614077780880737
list:
dist: 1.596662382996935 vs. 1.596662382996935
list:
dist: 2.1563871431873958 vs. 2.1563871431873958
list:
dist: 2.49411979115503 vs. 2.49411979115503
list:
dist: 1.9750947888628663 vs. 1.9750947888628663
list:
dist: 2.834452146253661 vs. 2.834452146253661
list:
dist: 3.303750534016765 vs. 3.303750534016765
list:
dist: 2.740301378173444 vs. 2.740301378173444
list:
dist: 1.9633276211096058 vs. 1.9633276211096058
list:
dist: 3.445553211934496 vs. 3.445553211934496
list:
dist: 2.888870691871566 vs. 2.888870691871566
list:
dist: 2.907705223694064 vs. 2.907705223694064
list:
dist: 3.9646365526887433 vs. 3.9646365526887433
list:
dist: 2.619987046525409 vs. 2.619987046525409
list:
dist: 2.992325986858731 vs. 2.992325986858731
list:
dist: 3.7177760697261983 vs. 3.7177760697261983
list:
dist: 4.452537730168858 vs. 4.452537730168858
list:
dist: 3.529174056954525 vs. 3.529174056954525
list:
dist: 3.4233749548574495 vs. 3.4233749548574495
list:
dist: 3.8586227381124476 vs. 3.8586227381124476
list:
dist: 4.108978419990672 vs. 4.108978419990672
list:
dist: 3.6788274229051825 vs. 3.6788274229051825
list:
dist: 2.576367679952422 vs. 2.576367679952422
list:
dist: 2.9512688350082024 vs. 2.9512688350082024
list:
dist: 3.0531684521693125 vs. 3.0531684521693125
list:
dist: 2.863602296418857 vs. 2.863602296418857
list:
dist: 3.2853338057311934 vs. 3.2853338057311934
list:
dist: 3.429408288484184 vs. 3.429408288484184
list:
dist: 3.6369049341275823 vs. 3.6369049341275823
list:
dist: 3.068397362491809 vs. 3.068397362491809
list:
dist: 1.5521980387122196 vs. 1.5521980387122196
list:
dist: 1.951124562885857 vs. 1.951124562885857
list:
dist: 1.753625542435675 vs. 1.753625542435675
list:
dist: 1.9633276211096058 vs. 1.9633276211096058
list:
dist: 1.419845090353874 vs. 1.419845090353874
list:
dist: 0.5777203897539728 vs. 0.5777203897539728
list:
dist: 1.467860516977085 vs. 1.467860516977085
list:
dist: 0.9311611395037582 vs. 0.9311611395037582
list:
dist: 1.4351253316367167 vs. 1.4351253316367167
list:
dist: 1.701472052337563 vs. 1.701472052337563
list:
dist: 1.6946762589078301 vs. 1.6946762589078301
list:
dist: 0.8625747368040935 vs. 0.8625747368040935
list:
dist: 2.6017415645332727 vs. 2.6017415645332727
list:
dist: 3.028176915776816 vs. 3.028176915776816
list:
dist: 2.1374451475612672 vs. 2.1374451475612672
list:
dist: 2.9575601453804277 vs. 2.9575601453804277
list:
dist: 2.0960746515509694 vs. 2.0960746515509694
list:
dist: 2.0450135583852203 vs. 2.0450135583852203
list:
dist: 2.437475021047695 vs. 2.437475021047695
list:
dist: 3.0355518019662266 vs. 3.0355518019662266
list:
dist: 1.7036162437692628 vs. 1.7036162437692628
list:
dist: 1.7836914431490942 vs. 1.7836914431490942
list:
dist: 2.2882592322414137 vs. 2.2882592322414137
list:
dist: 2.870745212408704 vs. 2.870745212408704
list:
dist: 2.876450301061337 vs. 2.876450301061337
list:
dist: 4.27174064112639 vs. 4.27174064112639
list:
dist: 3.1597002667125906 vs. 3.1597002667125906
list:
dist: 2.8009380442736447 vs. 2.8009380442736447
list:
dist: 3.2491440655803476 vs. 3.2491440655803476
list:
dist: 3.303750534016765 vs. 3.303750534016765
list:
dist: 2.929052157153837 vs. 2.929052157153837
list:
dist: 2.262309915966963 vs. 2.262309915966963
list:
dist: 2.5153496752776197 vs. 2.5153496752776197
list:
dist: 0.8965931171066132 vs. 0.8965931171066132
list:
dist: 2.022117747879888 vs. 2.022117747879888
list:
dist: 1.2542059502605096 vs. 1.2542059502605096
list:
dist: 1.063907273566274 vs. 1.063907273566274
list:
dist: 1.6946762589078301 vs. 1.6946762589078301
list:
dist: 2.42860014255462 vs. 2.42860014255462
list:
dist: 3.616398259698971 vs. 3.616398259698971
list:
dist: 2.899688133045371 vs. 2.899688133045371
list:
dist: 3.100493046948445 vs. 3.100493046948445
list:
dist: 3.033788576651129 vs. 3.033788576651129
list:
dist: 2.499108549502125 vs. 2.499108549502125
list:
dist: 1.2297762874767724 vs. 1.2297762874767724
list:
dist: 2.2759148279113974 vs. 2.2759148279113974
list:
dist: 1.1248618496962783 vs. 1.1248618496962783
list:
dist: 2.035084748460333 vs. 2.035084748460333
list:
dist: 1.4259394272380754 vs. 1.4259394272380754
list:
dist: 2.2566013353145555 vs. 2.2566013353145555
list:
dist: 1.5482190520489116 vs. 1.5482190520489116
list:
dist: 3.3968934534476505 vs. 3.3968934534476505
list:
dist: 3.529174056954525 vs. 3.529174056954525
list:
dist: 2.6156980883547187 vs. 2.6156980883547187
list:
dist: 2.2358705355660353 vs. 2.2358705355660353
list:
dist: 2.0685630082133284 vs. 2.0685630082133284
list:
dist: 1.4773687491813794 vs. 1.4773687491813794
list:
dist: 2.694356045063918 vs. 2.694356045063918
list:
dist: 2.2063833396904275 vs. 2.2063833396904275
list:
dist: 1.1248618496962783 vs. 1.1248618496962783
list:
dist: 1.234195329174694 vs. 1.234195329174694
list:
dist: 1.7036162437692628 vs. 1.7036162437692628
list:
dist: 2.0523545665104437 vs. 2.0523545665104437
list:
dist: 3.321306378456176 vs. 3.321306378456176
list:
dist: 2.201683604459576 vs. 2.201683604459576
list:
dist: 2.2712204575945623 vs. 2.2712204575945623
list:
dist: 2.434353537940034 vs. 2.434353537940034
list:
dist: 1.8404478849121166 vs. 1.8404478849121166
list:
dist: 1.5081410792361345 vs. 1.5081410792361345
list:
dist: 1.6425685083096813 vs. 1.6425685083096813
list:
dist: 1.0097599206881345 vs. 1.0097599206881345
list:
dist: 0.8576675831323624 vs. 0.8576675831323624
list:
dist: 1.7320968727100696 vs. 1.7320968727100696
list:
dist: 1.2735475719123046 vs. 1.2735475719123046
list:
dist: 3.115632394892064 vs. 3.115632394892064
list:
dist: 3.3777108752915908 vs. 3.3777108752915908
list:
dist: 3.2464365963236035 vs. 3.2464365963236035
list:
dist: 3.4233749548574495 vs. 3.4233749548574495
list:
dist: 2.1228383539492333 vs. 2.1228383539492333
list:
dist: 2.138215981244304 vs. 2.138215981244304
list:
dist: 1.5427339527062753 vs. 1.5427339527062753
list:
dist: 2.0565568016106477 vs. 2.0565568016106477
list:
dist: 3.1210779965844933 vs. 3.1210779965844933
list:
dist: 2.928513197609319 vs. 2.928513197609319
list:
dist: 2.035084748460333 vs. 2.035084748460333
list:
dist: 1.745410185020593 vs. 1.745410185020593
list:
dist: 1.7836914431490942 vs. 1.7836914431490942
list:
dist: 1.9332386235647112 vs. 1.9332386235647112
list:
dist: 2.891446157177744 vs. 2.891446157177744
list:
dist: 1.4358082212209555 vs. 1.4358082212209555
list:
dist: 1.6329265671359359 vs. 1.6329265671359359
list:
dist: 1.7142970590215267 vs. 1.7142970590215267
list:
dist: 1.253726724756271 vs. 1.253726724756271
list:
dist: 2.201811485907815 vs. 2.201811485907815
list:
dist: 1.7887894285168515 vs. 1.7887894285168515
list:
dist: 1.0097599206881345 vs. 1.0097599206881345
list:
dist: 1.3808352209108827 vs. 1.3808352209108827
list:
dist: 1.8067644666767348 vs. 1.8067644666767348
list:
dist: 2.0619137924959334 vs. 2.0619137924959334
list:
dist: 2.9611212372475255 vs. 2.9611212372475255
list:
dist: 3.0011844551268587 vs. 3.0011844551268587
list:
dist: 3.816693958272364 vs. 3.816693958272364
list:
dist: 3.8586227381124476 vs. 3.8586227381124476
list:
dist: 2.9863617738797714 vs. 2.9863617738797714
list:
dist: 2.8142916487053498 vs. 2.8142916487053498
list:
dist: 2.253613430516224 vs. 2.253613430516224
list:
dist: 1.9791220945173829 vs. 1.9791220945173829
list:
dist: 3.19428402314272 vs. 3.19428402314272
list:
dist: 2.636681280658467 vs. 2.636681280658467
list:
dist: 1.4259394272380754 vs. 1.4259394272380754
list:
dist: 1.9441042816221885 vs. 1.9441042816221885
list:
dist: 2.2882592322414137 vs. 2.2882592322414137
list:
dist: 1.5026412725818914 vs. 1.5026412725818914
list:
dist: 3.0494536619851553 vs. 3.0494536619851553
list:
dist: 2.2201945510014305 vs. 2.2201945510014305
list:
dist: 1.920811334648673 vs. 1.920811334648673
list:
dist: 2.495266013516 vs. 2.495266013516
list:
dist: 1.7293145073994682 vs. 1.7293145073994682
list:
dist: 0.9896254780080991 vs. 0.9896254780080991
list:
dist: 0.8713854492366926 vs. 0.8713854492366926
list:
dist: 0.8576675831323624 vs. 0.8576675831323624
list:
dist: 1.3808352209108827 vs. 1.3808352209108827
list:
dist: 0.9559846028544704 vs. 0.9559846028544704
list:
dist: 0.9725319732123872 vs. 0.9725319732123872
list:
dist: 2.4611754467742513 vs. 2.4611754467742513
list:
dist: 2.742820311806199 vs. 2.742820311806199
list:
dist: 3.9553150883631756 vs. 3.9553150883631756
list:
dist: 2.08328671828589 vs. 2.08328671828589
list:
dist: 3.0228198043627033 vs. 3.0228198043627033
list:
dist: 2.07470046990877 vs. 2.07470046990877
list:
dist: 2.1563871431873958 vs. 2.1563871431873958
list:
dist: 0.8774887393145098 vs. 0.8774887393145098
list:
dist: 1.516948936850199 vs. 1.516948936850199
list:
dist: 2.0956177958273736 vs. 2.0956177958273736
list:
dist: 2.708252408431702 vs. 2.708252408431702
list:
dist: 2.9495618568331503 vs. 2.9495618568331503
list:
dist: 2.5153496752776197 vs. 2.5153496752776197
list:
dist: 2.083599279253496 vs. 2.083599279253496
list:
dist: 1.467860516977085 vs. 1.467860516977085
list:
dist: 1.7713690352156501 vs. 1.7713690352156501
list:
dist: 1.7486758115038894 vs. 1.7486758115038894
list:
dist: 0.7955633217253003 vs. 0.7955633217253003
list:
dist: 1.8633938991465515 vs. 1.8633938991465515
list:
dist: 0.6508827527501873 vs. 0.6508827527501873
list:
dist: 0.9096461165731882 vs. 0.9096461165731882
list:
dist: 2.5784428060711138 vs. 2.5784428060711138
list:
dist: 2.6344873195060554 vs. 2.6344873195060554
list:
dist: 2.0685630082133284 vs. 2.0685630082133284
list:
dist: 1.5427339527062753 vs. 1.5427339527062753
list:
dist: 2.253613430516224 vs. 2.253613430516224
list:
dist: 2.333111220815764 vs. 2.333111220815764
list:
dist: 3.064522724320563 vs. 3.064522724320563
list:
dist: 2.888870691871566 vs. 2.888870691871566
list:
dist: 2.275830816388363 vs. 2.275830816388363
list:
dist: 3.077131938298647 vs. 3.077131938298647
list:
dist: 1.7486758115038894 vs. 1.7486758115038894
list:
dist: 3.3909117201833836 vs. 3.3909117201833836
list:
dist: 3.9083021302221717 vs. 3.9083021302221717
list:
dist: 4.104495044515859 vs. 4.104495044515859
list:
dist: 3.616398259698971 vs. 3.616398259698971
list:
dist: 3.577936534933722 vs. 3.577936534933722
list:
dist: 3.028176915776816 vs. 3.028176915776816
list:
dist: 1.6747732596629605 vs. 1.6747732596629605
list:
dist: 1.6484184206048893 vs. 1.6484184206048893
list:
dist: 2.0398859999600027 vs. 2.0398859999600027
list:
dist: 1.500050777015315 vs. 1.500050777015315
list:
dist: 1.6498497359599722 vs. 1.6498497359599722
list:
dist: 3.093075702625497 vs. 3.093075702625497
list:
dist: 3.0349430571310996 vs. 3.0349430571310996
list:
dist: 3.321306378456176 vs. 3.321306378456176
list:
dist: 2.891446157177744 vs. 2.891446157177744
list:
dist: 3.0494536619851553 vs. 3.0494536619851553
list:
dist: 2.5621774528655212 vs. 2.5621774528655212
list:
dist: 2.576367679952422 vs. 2.576367679952422
list:
dist: 1.6505027340115601 vs. 1.6505027340115601
list:
dist: 3.1534121200956613 vs. 3.1534121200956613
list:
dist: 4.439453883869461 vs. 4.439453883869461
list:
dist: 4.452537730168858 vs. 4.452537730168858
list:
dist: 3.4638865015281644 vs. 3.4638865015281644
list:
dist: 3.514411919349845 vs. 3.514411919349845
list:
dist: 2.6344873195060554 vs. 2.6344873195060554
list:
dist: 2.8224154577220926 vs. 2.8224154577220926
list:
dist: 4.014276714878725 vs. 4.014276714878725
list:
dist: 3.483469130796809 vs. 3.483469130796809
list:
dist: 2.2759148279113974 vs. 2.2759148279113974
list:
dist: 2.7884055365163753 vs. 2.7884055365163753
list:
dist: 3.0355518019662266 vs. 3.0355518019662266
list:
dist: 1.4099027717439547 vs. 1.4099027717439547
list:
dist: 3.0349430571310996 vs. 3.0349430571310996
list:
dist: 2.346625721898768 vs. 2.346625721898768
list:
dist: 1.5930791287506696 vs. 1.5930791287506696
list:
dist: 2.672712332458206 vs. 2.672712332458206
list:
dist: 1.8622152954521822 vs. 1.8622152954521822
list:
dist: 1.498308971820016 vs. 1.498308971820016
list:
dist: 1.6425685083096813 vs. 1.6425685083096813
list:
dist: 1.7887894285168515 vs. 1.7887894285168515
list:
dist: 0.8713854492366926 vs. 0.8713854492366926
list:
dist: 0.5112601378562834 vs. 0.5112601378562834
list:
dist: 1.3773681815924856 vs. 1.3773681815924856
list:
dist: 2.0904784463608395 vs. 2.0904784463608395
list:
dist: 1.938225240705135 vs. 1.938225240705135
list:
dist: 4.134623339982518 vs. 4.134623339982518
list:
dist: 4.108978419990672 vs. 4.108978419990672
list:
dist: 3.1878547627290637 vs. 3.1878547627290637
list:
dist: 3.3207146244514654 vs. 3.3207146244514654
list:
dist: 2.333111220815764 vs. 2.333111220815764
list:
dist: 2.7023588152435183 vs. 2.7023588152435183
list:
dist: 3.8326003132327027 vs. 3.8326003132327027
list:
dist: 3.3841649491136154 vs. 3.3841649491136154
list:
dist: 2.2566013353145555 vs. 2.2566013353145555
list:
dist: 2.745493566181932 vs. 2.745493566181932
list:
dist: 2.870745212408704 vs. 2.870745212408704
list:
dist: 0.9130740087425866 vs. 0.9130740087425866
list:
dist: 2.5621774528655212 vs. 2.5621774528655212
list:
dist: 2.0700946925248225 vs. 2.0700946925248225
list:
dist: 1.3881308968926094 vs. 1.3881308968926094
list:
dist: 2.3631108633058817 vs. 2.3631108633058817
list:
dist: 1.5541453193851906 vs. 1.5541453193851906
list:
dist: 1.3689815032928918 vs. 1.3689815032928918
list:
dist: 0.5112601378562834 vs. 0.5112601378562834
list:
dist: 1.7320968727100696 vs. 1.7320968727100696
list:
dist: 1.8067644666767348 vs. 1.8067644666767348
list:
dist: 0.9559846028544704 vs. 0.9559846028544704
list:
dist: 1.6938531862764286 vs. 1.6938531862764286
list:
dist: 1.6264694313251487 vs. 1.6264694313251487
list:
dist: 1.9297560571353116 vs. 1.9297560571353116
list:
dist: 3.7753596255615767 vs. 3.7753596255615767
list:
dist: 3.7177760697261983 vs. 3.7177760697261983
list:
dist: 3.2561542210256627 vs. 3.2561542210256627
list:
dist: 2.972916411294258 vs. 2.972916411294258
list:
dist: 2.5784428060711138 vs. 2.5784428060711138
list:
dist: 1.8630057044344228 vs. 1.8630057044344228
list:
dist: 2.927529879946528 vs. 2.927529879946528
list:
dist: 2.2706146293882274 vs. 2.2706146293882274
list:
dist: 1.2297762874767724 vs. 1.2297762874767724
list:
dist: 2.1028887305125465 vs. 2.1028887305125465
list:
dist: 2.437475021047695 vs. 2.437475021047695
list:
dist: 1.6308873717116956 vs. 1.6308873717116956
list:
dist: 3.093075702625497 vs. 3.093075702625497
list:
dist: 2.736772006683001 vs. 2.736772006683001
list:
dist: 2.5638176307828715 vs. 2.5638176307828715
list:
dist: 2.921955885445829 vs. 2.921955885445829
list:
dist: 2.2120702347648096 vs. 2.2120702347648096
list:
dist: 1.498308971820016 vs. 1.498308971820016
list:
dist: 1.5081410792361345 vs. 1.5081410792361345
list:
dist: 2.201811485907815 vs. 2.201811485907815
list:
dist: 0.9896254780080991 vs. 0.9896254780080991
list:
dist: 1.3689815032928918 vs. 1.3689815032928918
list:
dist: 1.3473107881200266 vs. 1.3473107881200266
list:
dist: 2.4103572627049314 vs. 2.4103572627049314
list:
dist: 3.2736864295772743 vs. 3.2736864295772743
list:
dist: 2.8310429569622455 vs. 2.8310429569622455
list:
dist: 2.907705223694064 vs. 2.907705223694064
list:
dist: 1.5172972172962484 vs. 1.5172972172962484
list:
dist: 2.240066691390811 vs. 2.240066691390811
list:
dist: 0.7955633217253003 vs. 0.7955633217253003
list:
dist: 2.6774444295081756 vs. 2.6774444295081756
list:
dist: 3.4501707320057977 vs. 3.4501707320057977
list:
dist: 3.5657270275234656 vs. 3.5657270275234656
list:
dist: 2.899688133045371 vs. 2.899688133045371
list:
dist: 2.5934295815117707 vs. 2.5934295815117707
list:
dist: 2.1374451475612672 vs. 2.1374451475612672
list:
dist: 1.5811883021511535 vs. 1.5811883021511535
list:
dist: 1.6484184206048893 vs. 1.6484184206048893
list:
dist: 1.1877492966597043 vs. 1.1877492966597043
list:
dist: 0.378846879378162 vs. 0.378846879378162
list:
dist: 0.5462465438457208 vs. 0.5462465438457208
list:
dist: 2.736772006683001 vs. 2.736772006683001
list:
dist: 2.346625721898768 vs. 2.346625721898768
list:
dist: 2.201683604459576 vs. 2.201683604459576
list:
dist: 1.4358082212209555 vs. 1.4358082212209555
list:
dist: 2.2201945510014305 vs. 2.2201945510014305
list:
dist: 2.0700946925248225 vs. 2.0700946925248225
list:
dist: 2.9512688350082024 vs. 2.9512688350082024
list:
dist: 2.31586142738821 vs. 2.31586142738821
list:
dist: 2.828824258726901 vs. 2.828824258726901
list:
dist: 2.955837534166215 vs. 2.955837534166215
list:
dist: 2.992325986858731 vs. 2.992325986858731
list:
dist: 1.7727290217080136 vs. 1.7727290217080136
list:
dist: 2.277425435719159 vs. 2.277425435719159
list:
dist: 0.9096461165731882 vs. 0.9096461165731882
list:
dist: 2.4035360535373225 vs. 2.4035360535373225
list:
dist: 3.2946394363051095 vs. 3.2946394363051095
list:
dist: 3.27423683470238 vs. 3.27423683470238
list:
dist: 2.499108549502125 vs. 2.499108549502125
list:
dist: 2.371802882492234 vs. 2.371802882492234
list:
dist: 2.0450135583852203 vs. 2.0450135583852203
list:
dist: 1.0852156684603247 vs. 1.0852156684603247
list:
dist: 1.6498497359599722 vs. 1.6498497359599722
list:
dist: 0.5462465438457208 vs. 0.5462465438457208
list:
dist: 0.9916878543183635 vs. 0.9916878543183635
list:
dist: 0.816399466783772 vs. 0.816399466783772
list:
dist: 2.2120702347648096 vs. 2.2120702347648096
list:
dist: 1.8622152954521822 vs. 1.8622152954521822
list:
dist: 1.8404478849121166 vs. 1.8404478849121166
list:
dist: 1.253726724756271 vs. 1.253726724756271
list:
dist: 1.7293145073994682 vs. 1.7293145073994682
list:
dist: 1.5541453193851906 vs. 1.5541453193851906
list:
dist: 3.2853338057311934 vs. 3.2853338057311934
list:
dist: 1.961770381946455 vs. 1.961770381946455
list:
dist: 2.5848217191249767 vs. 2.5848217191249767
list:
dist: 3.931530025712081 vs. 3.931530025712081
list:
dist: 3.9646365526887433 vs. 3.9646365526887433
list:
dist: 2.6799027100556287 vs. 2.6799027100556287
list:
dist: 3.221067207848409 vs. 3.221067207848409
list:
dist: 1.8633938991465515 vs. 1.8633938991465515
list:
dist: 3.2179064289366344 vs. 3.2179064289366344
list:
dist: 4.222206987688712 vs. 4.222206987688712
list:
dist: 4.071171793544415 vs. 4.071171793544415
list:
dist: 3.100493046948445 vs. 3.100493046948445
list:
dist: 3.1327292767320816 vs. 3.1327292767320816
list:
dist: 2.9575601453804277 vs. 2.9575601453804277
list:
dist: 1.269313912686586 vs. 1.269313912686586
list:
dist: 2.0398859999600027 vs. 2.0398859999600027
list:
dist: 1.1877492966597043 vs. 1.1877492966597043
list:
dist: 1.5253675101075088 vs. 1.5253675101075088
list:
dist: 0.9916878543183635 vs. 0.9916878543183635
list:
dist: 2.5638176307828715 vs. 2.5638176307828715
list:
dist: 1.5930791287506696 vs. 1.5930791287506696
list:
dist: 2.2712204575945623 vs. 2.2712204575945623
list:
dist: 1.6329265671359359 vs. 1.6329265671359359
list:
dist: 1.920811334648673 vs. 1.920811334648673
list:
dist: 1.3881308968926094 vs. 1.3881308968926094
list:
dist: 3.0531684521693125 vs. 3.0531684521693125
list:
dist: 1.7982423643529628 vs. 1.7982423643529628
list:
dist: 1.6531291214176511 vs. 1.6531291214176511
list:
dist: 2.3530833962341773 vs. 2.3530833962341773
list:
dist: 3.5535490458265135 vs. 3.5535490458265135
list:
dist: 2.7713165239751087 vs. 2.7713165239751087
list:
dist: 1.5482190520489116 vs. 1.5482190520489116
list:
dist: 2.269014364984318 vs. 2.269014364984318
list:
dist: 2.876450301061337 vs. 2.876450301061337
list:
dist: 1.3473107881200266 vs. 1.3473107881200266
list:
dist: 1.3773681815924856 vs. 1.3773681815924856
list:
dist: 1.2735475719123046 vs. 1.2735475719123046
list:
dist: 2.0619137924959334 vs. 2.0619137924959334
list:
dist: 0.9725319732123872 vs. 0.9725319732123872
list:
dist: 1.6938531862764286 vs. 1.6938531862764286
list:
dist: 2.2375426736078534 vs. 2.2375426736078534
list:
dist: 3.1534121200956613 vs. 3.1534121200956613
list:
dist: 2.828824258726901 vs. 2.828824258726901
list:
dist: 1.6531291214176511 vs. 1.6531291214176511
list:
dist: 3.139754802179552 vs. 3.139754802179552
list:
dist: 2.5848217191249767 vs. 2.5848217191249767
list:
dist: 3.2736864295772743 vs. 3.2736864295772743
list:
dist: 1.938225240705135 vs. 1.938225240705135
list:
dist: 3.3777108752915908 vs. 3.3777108752915908
list:
dist: 3.0011844551268587 vs. 3.0011844551268587
list:
dist: 2.742820311806199 vs. 2.742820311806199
list:
dist: 1.9297560571353116 vs. 1.9297560571353116
list:
dist: 3.6369049341275823 vs. 3.6369049341275823
list:
dist: 2.0879025815044296 vs. 2.0879025815044296
list:
dist: 3.52979885180567 vs. 3.52979885180567
list:
dist: 3.445553211934496 vs. 3.445553211934496
list:
dist: 2.626550581506292 vs. 2.626550581506292
list:
dist: 2.950943776857336 vs. 2.950943776857336
list:
dist: 1.7713690352156501 vs. 1.7713690352156501
list:
dist: 2.600958343341404 vs. 2.600958343341404
list:
dist: 3.551224734854128 vs. 3.551224734854128
list:
dist: 3.3222122085196206 vs. 3.3222122085196206
list:
dist: 2.42860014255462 vs. 2.42860014255462
list:
dist: 2.7430475673354597 vs. 2.7430475673354597
list:
dist: 2.6017415645332727 vs. 2.6017415645332727
list:
dist: 1.6747732596629605 vs. 1.6747732596629605
list:
dist: 1.5811883021511535 vs. 1.5811883021511535
list:
dist: 1.269313912686586 vs. 1.269313912686586
list:
dist: 1.7714790947204468 vs. 1.7714790947204468
list:
dist: 1.0852156684603247 vs. 1.0852156684603247
list:
dist: 1.6308873717116956 vs. 1.6308873717116956
list:
dist: 1.4099027717439547 vs. 1.4099027717439547
list:
dist: 2.0523545665104437 vs. 2.0523545665104437
list:
dist: 1.9332386235647112 vs. 1.9332386235647112
list:
dist: 1.5026412725818914 vs. 1.5026412725818914
list:
dist: 0.9130740087425866 vs. 0.9130740087425866
list:
dist: 3.6788274229051825 vs. 3.6788274229051825
list:
dist: 1.0889790212909243 vs. 1.0889790212909243
list:
dist: 2.2375426736078534 vs. 2.2375426736078534
list:
dist: 1.0889790212909243 vs. 1.0889790212909243
list:
dist: 1.6505027340115601 vs. 1.6505027340115601
list:
dist: 2.31586142738821 vs. 2.31586142738821
list:
dist: 1.7982423643529628 vs. 1.7982423643529628
list:
dist: 2.443225344382219 vs. 2.443225344382219
list:
dist: 1.961770381946455 vs. 1.961770381946455
list:
dist: 2.4103572627049314 vs. 2.4103572627049314
list:
dist: 2.0904784463608395 vs. 2.0904784463608395
list:
dist: 3.115632394892064 vs. 3.115632394892064
list:
dist: 2.9611212372475255 vs. 2.9611212372475255
list:
dist: 2.4611754467742513 vs. 2.4611754467742513
list:
dist: 1.6264694313251487 vs. 1.6264694313251487
list:
dist: 3.429408288484184 vs. 3.429408288484184
list:
dist: 2.0879025815044296 vs. 2.0879025815044296
list:
dist: 1.945558985034105 vs. 1.945558985034105
list:
dist: 1.4209505182145696 vs. 1.4209505182145696
list:
dist: 1.708459981218013 vs. 1.708459981218013
list:
dist: 2.3995562987026373 vs. 2.3995562987026373
list:
dist: 2.884838836701049 vs. 2.884838836701049
list:
dist: 3.7234665326661003 vs. 3.7234665326661003
list:
dist: 1.7243102870021847 vs. 1.7243102870021847
list:
dist: 2.0019652812323456 vs. 2.0019652812323456
list:
dist: 2.374840621068478 vs. 2.374840621068478
list:
dist: 1.8502569866866219 vs. 1.8502569866866219
list:
dist: 3.740446905846352 vs. 3.740446905846352
list:
dist: 1.5030978268105906 vs. 1.5030978268105906
list:
dist: 2.8812991014093563 vs. 2.8812991014093563
list:
dist: 3.0191567456204047 vs. 3.0191567456204047
list:
dist: 3.3334688018284404 vs. 3.3334688018284404
list:
dist: 1.5029726376628607 vs. 1.5029726376628607
list:
dist: 1.1534293499087922 vs. 1.1534293499087922
list:
dist: 1.5427818472705168 vs. 1.5427818472705168
list:
dist: 3.5337915751040114 vs. 3.5337915751040114
list:
dist: 1.945558985034105 vs. 1.945558985034105
list:
dist: 3.213956769242935 vs. 3.213956769242935
list:
dist: 3.574536841881964 vs. 3.574536841881964
list:
dist: 2.6558760497414298 vs. 2.6558760497414298
list:
dist: 3.4476998120146103 vs. 3.4476998120146103
list:
dist: 3.577541973686257 vs. 3.577541973686257
list:
dist: 2.4701977254604417 vs. 2.4701977254604417
list:
dist: 1.9362384746320074 vs. 1.9362384746320074
list:
dist: 2.998980737552476 vs. 2.998980737552476
list:
dist: 1.740519419188077 vs. 1.740519419188077
list:
dist: 3.6323078794788692 vs. 3.6323078794788692
list:
dist: 2.7054799458911014 vs. 2.7054799458911014
list:
dist: 3.8106793187204007 vs. 3.8106793187204007
list:
dist: 3.9890400372676242 vs. 3.9890400372676242
list:
dist: 4.392528179273702 vs. 4.392528179273702
list:
dist: 2.653974038672646 vs. 2.653974038672646
list:
dist: 2.6701075560017635 vs. 2.6701075560017635
list:
dist: 2.4701977254604417 vs. 2.4701977254604417
list:
dist: 1.339885768995389 vs. 1.339885768995389
list:
dist: 2.160906293804407 vs. 2.160906293804407
list:
dist: 1.7243102870021847 vs. 1.7243102870021847
list:
dist: 2.718860817325633 vs. 2.718860817325633
list:
dist: 2.2788896164282737 vs. 2.2788896164282737
list:
dist: 1.4864344094157995 vs. 1.4864344094157995
list:
dist: 1.1946289049001202 vs. 1.1946289049001202
list:
dist: 2.0916632286901877 vs. 2.0916632286901877
list:
dist: 1.3226844470108716 vs. 1.3226844470108716
list:
dist: 0.6986293131348723 vs. 0.6986293131348723
list:
dist: 0.9313548082699907 vs. 0.9313548082699907
list:
dist: 2.1199919588176295 vs. 2.1199919588176295
list:
dist: 0.8033550245610103 vs. 0.8033550245610103
list:
dist: 1.436252800140647 vs. 1.436252800140647
list:
dist: 1.5425919742716672 vs. 1.5425919742716672
list:
dist: 2.0391278553606393 vs. 2.0391278553606393
list:
dist: 3.1076530254148125 vs. 3.1076530254148125
list:
dist: 3.729536404376021 vs. 3.729536404376021
list:
dist: 4.5505280400597385 vs. 4.5505280400597385
list:
dist: 1.5693405371859983 vs. 1.5693405371859983
list:
dist: 2.1894155637568904 vs. 2.1894155637568904
list:
dist: 3.185082348976672 vs. 3.185082348976672
list:
dist: 3.5247980426448895 vs. 3.5247980426448895
list:
dist: 2.541535773743662 vs. 2.541535773743662
list:
dist: 0.39243307863990123 vs. 0.39243307863990123
list:
dist: 1.1534293499087922 vs. 1.1534293499087922
list:
dist: 1.5529308907892332 vs. 1.5529308907892332
list:
dist: 2.6185531542263307 vs. 2.6185531542263307
list:
dist: 3.3071478227323245 vs. 3.3071478227323245
list:
dist: 2.230795967747566 vs. 2.230795967747566
list:
dist: 3.5016958013459467 vs. 3.5016958013459467
list:
dist: 3.2996956311202252 vs. 3.2996956311202252
list:
dist: 2.6701075560017635 vs. 2.6701075560017635
list:
dist: 1.6106361643031133 vs. 1.6106361643031133
list:
dist: 3.140031821390567 vs. 3.140031821390567
list:
dist: 1.8930697667094125 vs. 1.8930697667094125
list:
dist: 3.4917580518717624 vs. 3.4917580518717624
list:
dist: 1.9308130487038462 vs. 1.9308130487038462
list:
dist: 1.8930697667094125 vs. 1.8930697667094125
list:
dist: 1.740519419188077 vs. 1.740519419188077
list:
dist: 1.0459966677886021 vs. 1.0459966677886021
list:
dist: 2.8182791111339878 vs. 2.8182791111339878
list:
dist: 1.8502569866866219 vs. 1.8502569866866219
list:
dist: 2.1947431527725496 vs. 2.1947431527725496
list:
dist: 2.0897144837620223 vs. 2.0897144837620223
list:
dist: 1.5623814531275717 vs. 1.5623814531275717
list:
dist: 1.7172903934630304 vs. 1.7172903934630304
list:
dist: 2.0112031144834743 vs. 2.0112031144834743
list:
dist: 0.9313548082699907 vs. 0.9313548082699907
list:
dist: 1.0145207308921338 vs. 1.0145207308921338
list:
dist: 1.3030232161352593 vs. 1.3030232161352593
list:
dist: 2.058378939029681 vs. 2.058378939029681
list:
dist: 1.4842812284220173 vs. 1.4842812284220173
list:
dist: 2.20773922315415 vs. 2.20773922315415
list:
dist: 2.328520002092432 vs. 2.328520002092432
list:
dist: 2.7951370661195543 vs. 2.7951370661195543
list:
dist: 2.9196747748197724 vs. 2.9196747748197724
list:
dist: 3.565776001969945 vs. 3.565776001969945
list:
dist: 4.291783134032186 vs. 4.291783134032186
list:
dist: 1.988537249260415 vs. 1.988537249260415
list:
dist: 2.2834775054284497 vs. 2.2834775054284497
list:
dist: 3.5681361079701928 vs. 3.5681361079701928
list:
dist: 3.757602267604867 vs. 3.757602267604867
list:
dist: 3.262670679075169 vs. 3.262670679075169
list:
dist: 3.5337915751040114 vs. 3.5337915751040114
list:
dist: 2.7730898689154664 vs. 2.7730898689154664
list:
dist: 1.708459981218013 vs. 1.708459981218013
list:
dist: 3.260667393919347 vs. 3.260667393919347
list:
dist: 2.8523221326740256 vs. 2.8523221326740256
list:
dist: 4.1174016987617446 vs. 4.1174016987617446
list:
dist: 2.160906293804407 vs. 2.160906293804407
list:
dist: 3.142291184804373 vs. 3.142291184804373
list:
dist: 2.480170455021488 vs. 2.480170455021488
list:
dist: 2.8182791111339878 vs. 2.8182791111339878
list:
dist: 4.028216611414597 vs. 4.028216611414597
list:
dist: 1.4543923002926673 vs. 1.4543923002926673
list:
dist: 2.725206034985536 vs. 2.725206034985536
list:
dist: 2.537489538157998 vs. 2.537489538157998
list:
dist: 2.536553397382547 vs. 2.536553397382547
list:
dist: 3.4917580518717624 vs. 3.4917580518717624
list:
dist: 3.6323078794788692 vs. 3.6323078794788692
list:
dist: 2.948405032882657 vs. 2.948405032882657
list:
dist: 4.028216611414597 vs. 4.028216611414597
list:
dist: 3.740446905846352 vs. 3.740446905846352
list:
dist: 1.6323288002407166 vs. 1.6323288002407166
list:
dist: 0.439529324764136 vs. 0.439529324764136
list:
dist: 4.091114188514431 vs. 4.091114188514431
list:
dist: 1.3087371799207095 vs. 1.3087371799207095
list:
dist: 0.47790625930837494 vs. 0.47790625930837494
list:
dist: 2.1199919588176295 vs. 2.1199919588176295
list:
dist: 2.5417872755867656 vs. 2.5417872755867656
list:
dist: 1.590382402126707 vs. 1.590382402126707
list:
dist: 2.058378939029681 vs. 2.058378939029681
list:
dist: 2.6240157102104145 vs. 2.6240157102104145
list:
dist: 2.2441555534446835 vs. 2.2441555534446835
list:
dist: 2.0556382700790765 vs. 2.0556382700790765
list:
dist: 2.4014755994560204 vs. 2.4014755994560204
list:
dist: 1.4812908250275894 vs. 1.4812908250275894
list:
dist: 2.2951193525764753 vs. 2.2951193525764753
list:
dist: 2.7890582283425602 vs. 2.7890582283425602
list:
dist: 4.255471386629465 vs. 4.255471386629465
list:
dist: 3.743821081045344 vs. 3.743821081045344
list:
dist: 2.4366967501930783 vs. 2.4366967501930783
list:
dist: 1.2010860242317847 vs. 1.2010860242317847
list:
dist: 0.7412016398367905 vs. 0.7412016398367905
list:
dist: 1.8673144097228507 vs. 1.8673144097228507
list:
dist: 1.8267586332766936 vs. 1.8267586332766936
list:
dist: 2.402611167345068 vs. 2.402611167345068
list:
dist: 3.102060311922157 vs. 3.102060311922157
list:
dist: 3.140031821390567 vs. 3.140031821390567
list:
dist: 2.998980737552476 vs. 2.998980737552476
list:
dist: 1.9695933163529715 vs. 1.9695933163529715
list:
dist: 2.480170455021488 vs. 2.480170455021488
list:
dist: 2.374840621068478 vs. 2.374840621068478
list:
dist: 2.566870375090436 vs. 2.566870375090436
list:
dist: 1.840515434050845 vs. 1.840515434050845
list:
dist: 1.834068637871294 vs. 1.834068637871294
list:
dist: 0.5163638719443168 vs. 0.5163638719443168
list:
dist: 1.6393994902319378 vs. 1.6393994902319378
list:
dist: 0.6986293131348723 vs. 0.6986293131348723
list:
dist: 1.7984499686498152 vs. 1.7984499686498152
list:
dist: 1.3030232161352593 vs. 1.3030232161352593
list:
dist: 1.590382402126707 vs. 1.590382402126707
list:
dist: 1.1102505234437388 vs. 1.1102505234437388
list:
dist: 1.2136271130546918 vs. 1.2136271130546918
list:
dist: 1.0410950658035178 vs. 1.0410950658035178
list:
dist: 1.5342494150049835 vs. 1.5342494150049835
list:
dist: 2.7308598414313616 vs. 2.7308598414313616
list:
dist: 3.403217987555286 vs. 3.403217987555286
list:
dist: 4.169263275322758 vs. 4.169263275322758
list:
dist: 1.024559942874375 vs. 1.024559942874375
list:
dist: 1.6793624707505324 vs. 1.6793624707505324
list:
dist: 2.5386043636278908 vs. 2.5386043636278908
list:
dist: 2.8796196540916896 vs. 2.8796196540916896
list:
dist: 1.9921957145733886 vs. 1.9921957145733886
list:
dist: 3.3981134148370673 vs. 3.3981134148370673
list:
dist: 2.7048877765294805 vs. 2.7048877765294805
list:
dist: 4.623933603821772 vs. 4.623933603821772
list:
dist: 3.7308002749412332 vs. 3.7308002749412332
list:
dist: 3.260370652762538 vs. 3.260370652762538
list:
dist: 3.6172560486366376 vs. 3.6172560486366376
list:
dist: 2.4698005917570964 vs. 2.4698005917570964
list:
dist: 3.425417644941861 vs. 3.425417644941861
list:
dist: 2.9420051897838233 vs. 2.9420051897838233
list:
dist: 2.4145246075607956 vs. 2.4145246075607956
list:
dist: 3.4030460159082754 vs. 3.4030460159082754
list:
dist: 2.4366967501930783 vs. 2.4366967501930783
list:
dist: 2.871671589449638 vs. 2.871671589449638
list:
dist: 2.619636097478003 vs. 2.619636097478003
list:
dist: 2.066217324060724 vs. 2.066217324060724
list:
dist: 3.6505801751809583 vs. 3.6505801751809583
list:
dist: 1.8490065748787183 vs. 1.8490065748787183
list:
dist: 1.3571865044231284 vs. 1.3571865044231284
list:
dist: 3.409156456907241 vs. 3.409156456907241
list:
dist: 3.139305141343886 vs. 3.139305141343886
list:
dist: 2.295596890365814 vs. 2.295596890365814
list:
dist: 2.7521358229427304 vs. 2.7521358229427304
list:
dist: 3.27716885593421 vs. 3.27716885593421
list:
dist: 2.831466668973071 vs. 2.831466668973071
list:
dist: 2.2697132691196873 vs. 2.2697132691196873
list:
dist: 2.996853337019154 vs. 2.996853337019154
list:
dist: 2.1215862459058723 vs. 2.1215862459058723
list:
dist: 2.595120125321871 vs. 2.595120125321871
list:
dist: 3.2217460016484836 vs. 3.2217460016484836
list:
dist: 3.024086770002252 vs. 3.024086770002252
list:
dist: 3.2932598864258797 vs. 3.2932598864258797
list:
dist: 1.5421969775665858 vs. 1.5421969775665858
list:
dist: 1.5529308907892332 vs. 1.5529308907892332
list:
dist: 1.5427818472705168 vs. 1.5427818472705168
list:
dist: 2.7730898689154664 vs. 2.7730898689154664
list:
dist: 1.4209505182145696 vs. 1.4209505182145696
list:
dist: 2.780046152594319 vs. 2.780046152594319
list:
dist: 2.9236872588158946 vs. 2.9236872588158946
list:
dist: 1.224535849411457 vs. 1.224535849411457
list:
dist: 2.410937228519527 vs. 2.410937228519527
list:
dist: 2.7877019580437414 vs. 2.7877019580437414
list:
dist: 1.339885768995389 vs. 1.339885768995389
list:
dist: 0.6388895258136349 vs. 0.6388895258136349
list:
dist: 1.9695933163529715 vs. 1.9695933163529715
list:
dist: 1.0459966677886021 vs. 1.0459966677886021
list:
dist: 2.948405032882657 vs. 2.948405032882657
list:
dist: 1.819506936619477 vs. 1.819506936619477
list:
dist: 2.4276539387442413 vs. 2.4276539387442413
list:
dist: 2.826977721505015 vs. 2.826977721505015
list:
dist: 3.3701531074615523 vs. 3.3701531074615523
list:
dist: 1.6880015217822129 vs. 1.6880015217822129
list:
dist: 0.746427831770723 vs. 0.746427831770723
list:
dist: 2.315969428919266 vs. 2.315969428919266
list:
dist: 1.3165194701158656 vs. 1.3165194701158656
list:
dist: 0.463368052127779 vs. 0.463368052127779
list:
dist: 2.1894155637568904 vs. 2.1894155637568904
list:
dist: 2.4835035286058114 vs. 2.4835035286058114
list:
dist: 1.6793624707505324 vs. 1.6793624707505324
list:
dist: 2.2834775054284497 vs. 2.2834775054284497
list:
dist: 0.7412016398367905 vs. 0.7412016398367905
list:
dist: 2.7866140124114662 vs. 2.7866140124114662
list:
dist: 1.8963318701289922 vs. 1.8963318701289922
list:
dist: 1.938831300989325 vs. 1.938831300989325
list:
dist: 2.419648939550949 vs. 2.419648939550949
list:
dist: 1.178745965503806 vs. 1.178745965503806
list:
dist: 1.8561423273943167 vs. 1.8561423273943167
list:
dist: 2.557550685289576 vs. 2.557550685289576
list:
dist: 0.8631220865902899 vs. 0.8631220865902899
list:
dist: 1.5105086301566684 vs. 1.5105086301566684
list:
dist: 1.5727981448795059 vs. 1.5727981448795059
list:
dist: 2.0926892686760614 vs. 2.0926892686760614
list:
dist: 4.392528179273702 vs. 4.392528179273702
list:
dist: 3.3701531074615523 vs. 3.3701531074615523
list:
dist: 2.536553397382547 vs. 2.536553397382547
list:
dist: 3.3334688018284404 vs. 3.3334688018284404
list:
dist: 1.3424171328015377 vs. 1.3424171328015377
list:
dist: 2.588949407852987 vs. 2.588949407852987
list:
dist: 2.0391278553606393 vs. 2.0391278553606393
list:
dist: 3.2621886751218554 vs. 3.2621886751218554
list:
dist: 1.5342494150049835 vs. 1.5342494150049835
list:
dist: 2.7951370661195543 vs. 2.7951370661195543
list:
dist: 2.4014755994560204 vs. 2.4014755994560204
list:
dist: 1.8591602903187145 vs. 1.8591602903187145
list:
dist: 1.6142452499537125 vs. 1.6142452499537125
list:
dist: 0.7253516686889813 vs. 0.7253516686889813
list:
dist: 1.7287709195892478 vs. 1.7287709195892478
list:
dist: 2.419648939550949 vs. 2.419648939550949
list:
dist: 2.2858837132610876 vs. 2.2858837132610876
list:
dist: 2.8004639136999883 vs. 2.8004639136999883
list:
dist: 1.1789235212220182 vs. 1.1789235212220182
list:
dist: 3.4321452790885854 vs. 3.4321452790885854
list:
dist: 3.5016958013459467 vs. 3.5016958013459467
list:
dist: 3.4476998120146103 vs. 3.4476998120146103
list:
dist: 2.410937228519527 vs. 2.410937228519527
list:
dist: 2.8523221326740256 vs. 2.8523221326740256
list:
dist: 2.884838836701049 vs. 2.884838836701049
list:
dist: 2.515557625101499 vs. 2.515557625101499
list:
dist: 1.609464951256423 vs. 1.609464951256423
list:
dist: 2.0673745193344613 vs. 2.0673745193344613
list:
dist: 1.3794177790659778 vs. 1.3794177790659778
list:
dist: 1.1946289049001202 vs. 1.1946289049001202
list:
dist: 2.1446661048410696 vs. 2.1446661048410696
list:
dist: 0.5163638719443168 vs. 0.5163638719443168
list:
dist: 1.7172903934630304 vs. 1.7172903934630304
list:
dist: 1.3087371799207095 vs. 1.3087371799207095
list:
dist: 1.5677102878396287 vs. 1.5677102878396287
list:
dist: 1.1351147785033056 vs. 1.1351147785033056
list:
dist: 0.8316375627865701 vs. 0.8316375627865701
list:
dist: 1.3424171328015377 vs. 1.3424171328015377
list:
dist: 2.4544710832889263 vs. 2.4544710832889263
list:
dist: 3.1245956473199827 vs. 3.1245956473199827
list:
dist: 3.8655402045891383 vs. 3.8655402045891383
list:
dist: 0.6294637499658374 vs. 0.6294637499658374
list:
dist: 1.3165194701158656 vs. 1.3165194701158656
list:
dist: 2.024188422380591 vs. 2.024188422380591
list:
dist: 2.381399611074768 vs. 2.381399611074768
list:
dist: 1.5950487525315507 vs. 1.5950487525315507
list:
dist: 3.115177300947332 vs. 3.115177300947332
list:
dist: 2.0682664993636726 vs. 2.0682664993636726
list:
dist: 3.508103460068349 vs. 3.508103460068349
list:
dist: 2.024188422380591 vs. 2.024188422380591
list:
dist: 1.9045081380137026 vs. 1.9045081380137026
list:
dist: 3.185082348976672 vs. 3.185082348976672
list:
dist: 3.807147834209982 vs. 3.807147834209982
list:
dist: 2.5386043636278908 vs. 2.5386043636278908
list:
dist: 3.5681361079701928 vs. 3.5681361079701928
list:
dist: 1.8673144097228507 vs. 1.8673144097228507
list:
dist: 3.546693183611879 vs. 3.546693183611879
list:
dist: 2.354126057956138 vs. 2.354126057956138
list:
dist: 2.1115658117490357 vs. 2.1115658117490357
list:
dist: 2.2858837132610876 vs. 2.2858837132610876
list:
dist: 2.204845833884981 vs. 2.204845833884981
list:
dist: 2.6093832343651098 vs. 2.6093832343651098
list:
dist: 3.0879365730985966 vs. 3.0879365730985966
list:
dist: 1.6696938529887486 vs. 1.6696938529887486
list:
dist: 1.5105086301566684 vs. 1.5105086301566684
list:
dist: 0.6612789380540075 vs. 0.6612789380540075
list:
dist: 1.5079346579510842 vs. 1.5079346579510842
list:
dist: 3.1694347464701096 vs. 3.1694347464701096
list:
dist: 3.2996956311202252 vs. 3.2996956311202252
list:
dist: 3.577541973686257 vs. 3.577541973686257
list:
dist: 2.7877019580437414 vs. 2.7877019580437414
list:
dist: 4.1174016987617446 vs. 4.1174016987617446
list:
dist: 3.7234665326661003 vs. 3.7234665326661003
list:
dist: 1.3393695440287663 vs. 1.3393695440287663
list:
dist: 0.33351241828423334 vs. 0.33351241828423334
list:
dist: 2.270771715616205 vs. 2.270771715616205
list:
dist: 1.3794177790659778 vs. 1.3794177790659778
list:
dist: 2.0916632286901877 vs. 2.0916632286901877
list:
dist: 2.3057345615903535 vs. 2.3057345615903535
list:
dist: 1.6393994902319378 vs. 1.6393994902319378
list:
dist: 2.0112031144834743 vs. 2.0112031144834743
list:
dist: 0.47790625930837494 vs. 0.47790625930837494
list:
dist: 2.706892665160655 vs. 2.706892665160655
list:
dist: 2.1138275548288106 vs. 2.1138275548288106
list:
dist: 2.1260463545279125 vs. 2.1260463545279125
list:
dist: 2.588949407852987 vs. 2.588949407852987
list:
dist: 1.1455003346735726 vs. 1.1455003346735726
list:
dist: 1.9240565163696604 vs. 1.9240565163696604
list:
dist: 2.5518158025629782 vs. 2.5518158025629782
list:
dist: 1.0888400974661376 vs. 1.0888400974661376
list:
dist: 0.463368052127779 vs. 0.463368052127779
list:
dist: 1.9045081380137026 vs. 1.9045081380137026
list:
dist: 1.8853268026379217 vs. 1.8853268026379217
list:
dist: 2.4450748990803346 vs. 2.4450748990803346
list:
dist: 2.7054799458911014 vs. 2.7054799458911014
list:
dist: 1.819506936619477 vs. 1.819506936619477
list:
dist: 1.4543923002926673 vs. 1.4543923002926673
list:
dist: 1.5030978268105906 vs. 1.5030978268105906
list:
dist: 2.211075629922384 vs. 2.211075629922384
list:
dist: 1.5677102878396287 vs. 1.5677102878396287
list:
dist: 2.706892665160655 vs. 2.706892665160655
list:
dist: 0.8033550245610103 vs. 0.8033550245610103
list:
dist: 2.0147097635343645 vs. 2.0147097635343645
list:
dist: 1.1102505234437388 vs. 1.1102505234437388
list:
dist: 1.4842812284220173 vs. 1.4842812284220173
list:
dist: 2.6240157102104145 vs. 2.6240157102104145
list:
dist: 1.8105118537944775 vs. 1.8105118537944775
list:
dist: 1.6191625012070086 vs. 1.6191625012070086
list:
dist: 1.8591602903187145 vs. 1.8591602903187145
list:
dist: 2.097815542029789 vs. 2.097815542029789
list:
dist: 2.7866140124114662 vs. 2.7866140124114662
list:
dist: 3.546693183611879 vs. 3.546693183611879
list:
dist: 3.9330229959040803 vs. 3.9330229959040803
list:
dist: 2.6761151211407936 vs. 2.6761151211407936
list:
dist: 0.39243307863990123 vs. 0.39243307863990123
list:
dist: 1.5029726376628607 vs. 1.5029726376628607
list:
dist: 1.5421969775665858 vs. 1.5421969775665858
list:
dist: 2.4517465545359167 vs. 2.4517465545359167
list:
dist: 3.1973213788542103 vs. 3.1973213788542103
list:
dist: 2.0063928373488014 vs. 2.0063928373488014
list:
dist: 3.4321452790885854 vs. 3.4321452790885854
list:
dist: 3.1694347464701096 vs. 3.1694347464701096
list:
dist: 2.653974038672646 vs. 2.653974038672646
list:
dist: 1.4700792364912931 vs. 1.4700792364912931
list:
dist: 3.102060311922157 vs. 3.102060311922157
list:
dist: 1.9308130487038462 vs. 1.9308130487038462
list:
dist: 1.4700792364912931 vs. 1.4700792364912931
list:
dist: 1.6106361643031133 vs. 1.6106361643031133
list:
dist: 1.9362384746320074 vs. 1.9362384746320074
list:
dist: 0.6388895258136349 vs. 0.6388895258136349
list:
dist: 3.142291184804373 vs. 3.142291184804373
list:
dist: 2.0019652812323456 vs. 2.0019652812323456
list:
dist: 2.2583828629372813 vs. 2.2583828629372813
list:
dist: 2.460455427374957 vs. 2.460455427374957
list:
dist: 0.7330391824809172 vs. 0.7330391824809172
list:
dist: 2.1446661048410696 vs. 2.1446661048410696
list:
dist: 2.3057345615903535 vs. 2.3057345615903535
list:
dist: 1.3226844470108716 vs. 1.3226844470108716
list:
dist: 1.7984499686498152 vs. 1.7984499686498152
list:
dist: 1.0145207308921338 vs. 1.0145207308921338
list:
dist: 2.5417872755867656 vs. 2.5417872755867656
list:
dist: 2.0147097635343645 vs. 2.0147097635343645
list:
dist: 2.1541669488553863 vs. 2.1541669488553863
list:
dist: 2.6453326017513614 vs. 2.6453326017513614
list:
dist: 3.2621886751218554 vs. 3.2621886751218554
list:
dist: 2.954339633764809 vs. 2.954339633764809
list:
dist: 3.4022642535054723 vs. 3.4022642535054723
list:
dist: 4.274432836565728 vs. 4.274432836565728
list:
dist: 2.1801318846885027 vs. 2.1801318846885027
list:
dist: 2.4835035286058114 vs. 2.4835035286058114
list:
dist: 3.807147834209982 vs. 3.807147834209982
list:
dist: 4.036211096161796 vs. 4.036211096161796
list:
dist: 3.4658709531187837 vs. 3.4658709531187837
list:
dist: 1.21885274861039 vs. 1.21885274861039
list:
dist: 1.1222731078330548 vs. 1.1222731078330548
list:
dist: 2.817450296446622 vs. 2.817450296446622
list:
dist: 2.4544710832889263 vs. 2.4544710832889263
list:
dist: 1.1455003346735726 vs. 1.1455003346735726
list:
dist: 3.1076530254148125 vs. 3.1076530254148125
list:
dist: 2.954339633764809 vs. 2.954339633764809
list:
dist: 2.7308598414313616 vs. 2.7308598414313616
list:
dist: 2.9196747748197724 vs. 2.9196747748197724
list:
dist: 1.4812908250275894 vs. 1.4812908250275894
list:
dist: 0.8374608347748084 vs. 0.8374608347748084
list:
dist: 1.4471641684281487 vs. 1.4471641684281487
list:
dist: 1.9946441930952394 vs. 1.9946441930952394
list:
dist: 1.178745965503806 vs. 1.178745965503806
list:
dist: 2.204845833884981 vs. 2.204845833884981
list:
dist: 1.9479190373628263 vs. 1.9479190373628263
list:
dist: 3.8106793187204007 vs. 3.8106793187204007
list:
dist: 2.4276539387442413 vs. 2.4276539387442413
list:
dist: 2.725206034985536 vs. 2.725206034985536
list:
dist: 2.8812991014093563 vs. 2.8812991014093563
list:
dist: 1.748774942432076 vs. 1.748774942432076
list:
dist: 1.1351147785033056 vs. 1.1351147785033056
list:
dist: 2.1138275548288106 vs. 2.1138275548288106
list:
dist: 1.436252800140647 vs. 1.436252800140647
list:
dist: 2.1541669488553863 vs. 2.1541669488553863
list:
dist: 1.2136271130546918 vs. 1.2136271130546918
list:
dist: 2.20773922315415 vs. 2.20773922315415
list:
dist: 2.2441555534446835 vs. 2.2441555534446835
list:
dist: 1.8105118537944775 vs. 1.8105118537944775
list:
dist: 0.9136341356454097 vs. 0.9136341356454097
list:
dist: 1.6142452499537125 vs. 1.6142452499537125
list:
dist: 1.073251263311049 vs. 1.073251263311049
list:
dist: 1.8963318701289922 vs. 1.8963318701289922
list:
dist: 2.354126057956138 vs. 2.354126057956138
list:
dist: 2.8699190153907184 vs. 2.8699190153907184
list:
dist: 1.443716087759321 vs. 1.443716087759321
list:
dist: 3.9890400372676242 vs. 3.9890400372676242
list:
dist: 2.826977721505015 vs. 2.826977721505015
list:
dist: 2.537489538157998 vs. 2.537489538157998
list:
dist: 3.0191567456204047 vs. 3.0191567456204047
list:
dist: 2.4431194927608137 vs. 2.4431194927608137
list:
dist: 0.8316375627865701 vs. 0.8316375627865701
list:
dist: 2.1260463545279125 vs. 2.1260463545279125
list:
dist: 1.5425919742716672 vs. 1.5425919742716672
list:
dist: 2.6453326017513614 vs. 2.6453326017513614
list:
dist: 1.0410950658035178 vs. 1.0410950658035178
list:
dist: 2.328520002092432 vs. 2.328520002092432
list:
dist: 2.0556382700790765 vs. 2.0556382700790765
list:
dist: 1.6191625012070086 vs. 1.6191625012070086
list:
dist: 0.9136341356454097 vs. 0.9136341356454097
list:
dist: 0.7253516686889813 vs. 0.7253516686889813
list:
dist: 1.1329525922815684 vs. 1.1329525922815684
list:
dist: 1.938831300989325 vs. 1.938831300989325
list:
dist: 2.1115658117490357 vs. 2.1115658117490357
list:
dist: 2.634094045808634 vs. 2.634094045808634
list:
dist: 1.0603432346693713 vs. 1.0603432346693713
list:
dist: 1.7492820359876486 vs. 1.7492820359876486
list:
dist: 1.9488943373418113 vs. 1.9488943373418113
list:
dist: 3.1531273047918558 vs. 3.1531273047918558
list:
dist: 3.1245956473199827 vs. 3.1245956473199827
list:
dist: 1.9240565163696604 vs. 1.9240565163696604
list:
dist: 3.729536404376021 vs. 3.729536404376021
list:
dist: 3.4022642535054723 vs. 3.4022642535054723
list:
dist: 3.403217987555286 vs. 3.403217987555286
list:
dist: 3.565776001969945 vs. 3.565776001969945
list:
dist: 2.2951193525764753 vs. 2.2951193525764753
list:
dist: 0.8374608347748084 vs. 0.8374608347748084
list:
dist: 1.0741794386661343 vs. 1.0741794386661343
list:
dist: 2.5847916008221348 vs. 2.5847916008221348
list:
dist: 1.8561423273943167 vs. 1.8561423273943167
list:
dist: 2.6093832343651098 vs. 2.6093832343651098
list:
dist: 2.3449831783710975 vs. 2.3449831783710975
list:
dist: 2.2440105147148044 vs. 2.2440105147148044
list:
dist: 2.4512018103227438 vs. 2.4512018103227438
list:
dist: 4.12775441202954 vs. 4.12775441202954
list:
dist: 3.8655402045891383 vs. 3.8655402045891383
list:
dist: 2.5518158025629782 vs. 2.5518158025629782
list:
dist: 4.5505280400597385 vs. 4.5505280400597385
list:
dist: 4.274432836565728 vs. 4.274432836565728
list:
dist: 4.169263275322758 vs. 4.169263275322758
list:
dist: 4.291783134032186 vs. 4.291783134032186
list:
dist: 2.7890582283425602 vs. 2.7890582283425602
list:
dist: 1.4471641684281487 vs. 1.4471641684281487
list:
dist: 1.0741794386661343 vs. 1.0741794386661343
list:
dist: 3.389133183375678 vs. 3.389133183375678
list:
dist: 2.557550685289576 vs. 2.557550685289576
list:
dist: 3.0879365730985966 vs. 3.0879365730985966
list:
dist: 2.617516686634927 vs. 2.617516686634927
list:
dist: 2.7008883158878048 vs. 2.7008883158878048
list:
dist: 3.5369354423820187 vs. 3.5369354423820187
list:
dist: 2.8585514854703673 vs. 2.8585514854703673
list:
dist: 2.0063928373488014 vs. 2.0063928373488014
list:
dist: 2.230795967747566 vs. 2.230795967747566
list:
dist: 2.6558760497414298 vs. 2.6558760497414298
list:
dist: 1.224535849411457 vs. 1.224535849411457
list:
dist: 3.260667393919347 vs. 3.260667393919347
list:
dist: 2.3995562987026373 vs. 2.3995562987026373
list:
dist: 2.396499710811074 vs. 2.396499710811074
list:
dist: 2.501201350969964 vs. 2.501201350969964
list:
dist: 2.0673745193344613 vs. 2.0673745193344613
list:
dist: 2.270771715616205 vs. 2.270771715616205
list:
dist: 1.4864344094157995 vs. 1.4864344094157995
list:
dist: 0.7330391824809172 vs. 0.7330391824809172
list:
dist: 1.834068637871294 vs. 1.834068637871294
list:
dist: 1.5623814531275717 vs. 1.5623814531275717
list:
dist: 2.211075629922384 vs. 2.211075629922384
list:
dist: 1.748774942432076 vs. 1.748774942432076
list:
dist: 2.4431194927608137 vs. 2.4431194927608137
list:
dist: 2.817450296446622 vs. 2.817450296446622
list:
dist: 3.1531273047918558 vs. 3.1531273047918558
list:
dist: 4.12775441202954 vs. 4.12775441202954
list:
dist: 1.9458829535410576 vs. 1.9458829535410576
list:
dist: 2.315969428919266 vs. 2.315969428919266
list:
dist: 3.508103460068349 vs. 3.508103460068349
list:
dist: 3.1159693322317237 vs. 3.1159693322317237
list:
dist: 2.4517465545359167 vs. 2.4517465545359167
list:
dist: 2.6185531542263307 vs. 2.6185531542263307
list:
dist: 3.213956769242935 vs. 3.213956769242935
list:
dist: 2.780046152594319 vs. 2.780046152594319
list:
dist: 1.2182973108419233 vs. 1.2182973108419233
list:
dist: 2.396499710811074 vs. 2.396499710811074
list:
dist: 2.515557625101499 vs. 2.515557625101499
list:
dist: 1.3393695440287663 vs. 1.3393695440287663
list:
dist: 2.718860817325633 vs. 2.718860817325633
list:
dist: 2.2583828629372813 vs. 2.2583828629372813
list:
dist: 2.566870375090436 vs. 2.566870375090436
list:
dist: 2.1947431527725496 vs. 2.1947431527725496
list:
dist: 1.6323288002407166 vs. 1.6323288002407166
list:
dist: 1.21885274861039 vs. 1.21885274861039
list:
dist: 1.7492820359876486 vs. 1.7492820359876486
list:
dist: 2.2440105147148044 vs. 2.2440105147148044
list:
dist: 2.26207116034386 vs. 2.26207116034386
list:
dist: 1.6880015217822129 vs. 1.6880015217822129
list:
dist: 3.115177300947332 vs. 3.115177300947332
list:
dist: 2.9502902593906026 vs. 2.9502902593906026
list:
dist: 3.1973213788542103 vs. 3.1973213788542103
list:
dist: 3.3071478227323245 vs. 3.3071478227323245
list:
dist: 3.574536841881964 vs. 3.574536841881964
list:
dist: 2.9236872588158946 vs. 2.9236872588158946
list:
dist: 1.2182973108419233 vs. 1.2182973108419233
list:
dist: 2.501201350969964 vs. 2.501201350969964
list:
dist: 1.609464951256423 vs. 1.609464951256423
list:
dist: 0.33351241828423334 vs. 0.33351241828423334
list:
dist: 2.2788896164282737 vs. 2.2788896164282737
list:
dist: 2.460455427374957 vs. 2.460455427374957
list:
dist: 1.840515434050845 vs. 1.840515434050845
list:
dist: 2.0897144837620223 vs. 2.0897144837620223
list:
dist: 0.439529324764136 vs. 0.439529324764136
list:
dist: 1.1222731078330548 vs. 1.1222731078330548
list:
dist: 1.9488943373418113 vs. 1.9488943373418113
list:
dist: 2.4512018103227438 vs. 2.4512018103227438
list:
dist: 1.3953689878118152 vs. 1.3953689878118152
list:
dist: 0.746427831770723 vs. 0.746427831770723
list:
dist: 2.0682664993636726 vs. 2.0682664993636726
list:
dist: 1.9550843324286609 vs. 1.9550843324286609
list:
dist: 2.26207116034386 vs. 2.26207116034386
list:
dist: 1.3953689878118152 vs. 1.3953689878118152
list:
dist: 1.9458829535410576 vs. 1.9458829535410576
list:
dist: 0.6294637499658374 vs. 0.6294637499658374
list:
dist: 1.0888400974661376 vs. 1.0888400974661376
list:
dist: 1.5693405371859983 vs. 1.5693405371859983
list:
dist: 2.1801318846885027 vs. 2.1801318846885027
list:
dist: 1.024559942874375 vs. 1.024559942874375
list:
dist: 1.988537249260415 vs. 1.988537249260415
list:
dist: 1.2010860242317847 vs. 1.2010860242317847
list:
dist: 2.097815542029789 vs. 2.097815542029789
list:
dist: 1.073251263311049 vs. 1.073251263311049
list:
dist: 1.1329525922815684 vs. 1.1329525922815684
list:
dist: 1.7287709195892478 vs. 1.7287709195892478
list:
dist: 1.9946441930952394 vs. 1.9946441930952394
list:
dist: 2.5847916008221348 vs. 2.5847916008221348
list:
dist: 3.389133183375678 vs. 3.389133183375678
list:
dist: 0.8631220865902899 vs. 0.8631220865902899
list:
dist: 1.6696938529887486 vs. 1.6696938529887486
list:
dist: 2.0218703337826525 vs. 2.0218703337826525
list:
dist: 1.5181129558751472 vs. 1.5181129558751472
list:
dist: 1.3537638069973923 vs. 1.3537638069973923
list:
dist: 2.013930331669529 vs. 2.013930331669529
list:
dist: 1.1512006370376595 vs. 1.1512006370376595
list:
dist: 0.6408091104480182 vs. 0.6408091104480182
list:
dist: 1.015228901710513 vs. 1.015228901710513
list:
dist: 0.6468735907783212 vs. 0.6468735907783212
list:
dist: 1.9062771649081285 vs. 1.9062771649081285
list:
dist: 0.8509438557559676 vs. 0.8509438557559676
list:
dist: 1.716844489695944 vs. 1.716844489695944
list:
dist: 1.21633813687401 vs. 1.21633813687401
list:
dist: 1.633696459759474 vs. 1.633696459759474
list:
dist: 1.0818503903535996 vs. 1.0818503903535996
list:
dist: 1.1576858870479037 vs. 1.1576858870479037
list:
dist: 1.3520282703721558 vs. 1.3520282703721558
list:
dist: 1.969547852243955 vs. 1.969547852243955
list:
dist: 2.159954666311124 vs. 2.159954666311124
list:
dist: 2.7048877765294805 vs. 2.7048877765294805
list:
dist: 1.6686950239235898 vs. 1.6686950239235898
list:
dist: 2.1711835195889067 vs. 2.1711835195889067
list:
dist: 1.3441327239610357 vs. 1.3441327239610357
list:
dist: 0.8931936008035645 vs. 0.8931936008035645
list:
dist: 2.7273917480378405 vs. 2.7273917480378405
list:
dist: 2.9283132776631104 vs. 2.9283132776631104
list:
dist: 2.0668441988642887 vs. 2.0668441988642887
list:
dist: 1.3520282703721558 vs. 1.3520282703721558
list:
dist: 2.0621180504110623 vs. 2.0621180504110623
list:
dist: 1.5245020637701923 vs. 1.5245020637701923
list:
dist: 1.4695074395775518 vs. 1.4695074395775518
list:
dist: 1.3809771412807565 vs. 1.3809771412807565
list:
dist: 1.9222455853978826 vs. 1.9222455853978826
list:
dist: 2.702505062919277 vs. 2.702505062919277
list:
dist: 1.7787588275721087 vs. 1.7787588275721087
list:
dist: 2.6335019843847194 vs. 2.6335019843847194
list:
dist: 2.2002058765491634 vs. 2.2002058765491634
list:
dist: 1.2007893957817446 vs. 1.2007893957817446
list:
dist: 1.5360045596117997 vs. 1.5360045596117997
list:
dist: 1.655072552562926 vs. 1.655072552562926
list:
dist: 2.4959431928735203 vs. 2.4959431928735203
list:
dist: 2.663786052083636 vs. 2.663786052083636
list:
dist: 3.6505801751809583 vs. 3.6505801751809583
list:
dist: 1.6613768322853422 vs. 1.6613768322853422
list:
dist: 1.77441329182237 vs. 1.77441329182237
list:
dist: 1.9048067913884532 vs. 1.9048067913884532
list:
dist: 1.3531012373163402 vs. 1.3531012373163402
list:
dist: 3.065579088655679 vs. 3.065579088655679
list:
dist: 3.14368470793471 vs. 3.14368470793471
list:
dist: 3.2593167512933494 vs. 3.2593167512933494
list:
dist: 3.4779824323000192 vs. 3.4779824323000192
list:
dist: 3.15685678543078 vs. 3.15685678543078
list:
dist: 2.7133555854417266 vs. 2.7133555854417266
list:
dist: 1.331898773078894 vs. 1.331898773078894
list:
dist: 1.0818503903535996 vs. 1.0818503903535996
list:
dist: 2.4178267330912053 vs. 2.4178267330912053
list:
dist: 2.086081864856552 vs. 2.086081864856552
list:
dist: 1.440298602532215 vs. 1.440298602532215
list:
dist: 1.4249179223483726 vs. 1.4249179223483726
list:
dist: 1.088884187498677 vs. 1.088884187498677
list:
dist: 2.9735549561316605 vs. 2.9735549561316605
list:
dist: 1.9266887023930719 vs. 1.9266887023930719
list:
dist: 2.5845121177904784 vs. 2.5845121177904784
list:
dist: 2.148025913113332 vs. 2.148025913113332
list:
dist: 1.4058334504451555 vs. 1.4058334504451555
list:
dist: 0.8197881036904019 vs. 0.8197881036904019
list:
dist: 1.5360045596117997 vs. 1.5360045596117997
list:
dist: 2.3333125600051527 vs. 2.3333125600051527
list:
dist: 2.0495728698729776 vs. 2.0495728698729776
list:
dist: 2.619636097478003 vs. 2.619636097478003
list:
dist: 2.500920478102536 vs. 2.500920478102536
list:
dist: 2.429940143927325 vs. 2.429940143927325
list:
dist: 1.9806388246179711 vs. 1.9806388246179711
list:
dist: 1.7035310734068978 vs. 1.7035310734068978
list:
dist: 3.524802408813609 vs. 3.524802408813609
list:
dist: 3.4157968163823735 vs. 3.4157968163823735
list:
dist: 3.1370375451408155 vs. 3.1370375451408155
list:
dist: 3.4527524785780175 vs. 3.4527524785780175
list:
dist: 3.466648799448784 vs. 3.466648799448784
list:
dist: 3.0410982003694755 vs. 3.0410982003694755
list:
dist: 1.084893766011911 vs. 1.084893766011911
list:
dist: 0.6468735907783212 vs. 0.6468735907783212
list:
dist: 2.1652550267681554 vs. 2.1652550267681554
list:
dist: 1.5640016527042562 vs. 1.5640016527042562
list:
dist: 0.8879243319244823 vs. 0.8879243319244823
list:
dist: 1.212245977599855 vs. 1.212245977599855
list:
dist: 2.1254664435828974 vs. 2.1254664435828974
list:
dist: 1.2048900877332838 vs. 1.2048900877332838
list:
dist: 1.889139063344638 vs. 1.889139063344638
list:
dist: 1.2339360787336606 vs. 1.2339360787336606
list:
dist: 4.091114188514431 vs. 4.091114188514431
list:
dist: 2.068586364988511 vs. 2.068586364988511
list:
dist: 1.088884187498677 vs. 1.088884187498677
list:
dist: 1.3048107712935924 vs. 1.3048107712935924
list:
dist: 1.9222455853978826 vs. 1.9222455853978826
list:
dist: 2.2156890540620613 vs. 2.2156890540620613
list:
dist: 2.252343265246314 vs. 2.252343265246314
list:
dist: 2.4698005917570964 vs. 2.4698005917570964
list:
dist: 2.244377396336568 vs. 2.244377396336568
list:
dist: 2.7036811941819163 vs. 2.7036811941819163
list:
dist: 1.7260774873048277 vs. 1.7260774873048277
list:
dist: 1.4485574467516953 vs. 1.4485574467516953
list:
dist: 3.112483274574795 vs. 3.112483274574795
list:
dist: 3.289847835066007 vs. 3.289847835066007
list:
dist: 4.582328103580386 vs. 4.582328103580386
list:
dist: 3.0767870439614096 vs. 3.0767870439614096
list:
dist: 2.9502902593906026 vs. 2.9502902593906026
list:
dist: 1.9550843324286609 vs. 1.9550843324286609
list:
dist: 4.582328103580386 vs. 4.582328103580386
list:
dist: 2.381399611074768 vs. 2.381399611074768
list:
dist: 1.8853268026379217 vs. 1.8853268026379217
list:
dist: 3.5247980426448895 vs. 3.5247980426448895
list:
dist: 4.036211096161796 vs. 4.036211096161796
list:
dist: 2.8796196540916896 vs. 2.8796196540916896
list:
dist: 3.757602267604867 vs. 3.757602267604867
list:
dist: 1.8267586332766936 vs. 1.8267586332766936
list:
dist: 3.9330229959040803 vs. 3.9330229959040803
list:
dist: 2.8699190153907184 vs. 2.8699190153907184
list:
dist: 2.634094045808634 vs. 2.634094045808634
list:
dist: 2.8004639136999883 vs. 2.8004639136999883
list:
dist: 1.9479190373628263 vs. 1.9479190373628263
list:
dist: 2.3449831783710975 vs. 2.3449831783710975
list:
dist: 2.617516686634927 vs. 2.617516686634927
list:
dist: 3.9389071274187057 vs. 3.9389071274187057
list:
dist: 3.274040388037486 vs. 3.274040388037486
list:
dist: 2.2697132691196873 vs. 2.2697132691196873
list:
dist: 2.0218703337826525 vs. 2.0218703337826525
list:
dist: 1.5727981448795059 vs. 1.5727981448795059
list:
dist: 0.6612789380540075 vs. 0.6612789380540075
list:
dist: 2.150508754914639 vs. 2.150508754914639
list:
dist: 3.762025393849321 vs. 3.762025393849321
list:
dist: 3.973299171892169 vs. 3.973299171892169
list:
dist: 2.7008883158878048 vs. 2.7008883158878048
list:
dist: 3.1159693322317237 vs. 3.1159693322317237
list:
dist: 1.5950487525315507 vs. 1.5950487525315507
list:
dist: 2.4450748990803346 vs. 2.4450748990803346
list:
dist: 2.541535773743662 vs. 2.541535773743662
list:
dist: 3.4658709531187837 vs. 3.4658709531187837
list:
dist: 1.9921957145733886 vs. 1.9921957145733886
list:
dist: 3.262670679075169 vs. 3.262670679075169
list:
dist: 2.402611167345068 vs. 2.402611167345068
list:
dist: 2.6761151211407936 vs. 2.6761151211407936
list:
dist: 1.443716087759321 vs. 1.443716087759321
list:
dist: 1.0603432346693713 vs. 1.0603432346693713
list:
dist: 1.1789235212220182 vs. 1.1789235212220182
list:
dist: 1.5181129558751472 vs. 1.5181129558751472
list:
dist: 2.0926892686760614 vs. 2.0926892686760614
list:
dist: 1.5079346579510842 vs. 1.5079346579510842
list:
dist: 2.150508754914639 vs. 2.150508754914639
list:
dist: 2.008628115926301 vs. 2.008628115926301
list:
dist: 1.1576858870479037 vs. 1.1576858870479037
list:
dist: 2.977253667076239 vs. 2.977253667076239
list:
dist: 2.249083435330895 vs. 2.249083435330895
list:
dist: 1.7536736074039112 vs. 1.7536736074039112
list:
dist: 1.9370998416902465 vs. 1.9370998416902465
list:
dist: 1.3048107712935924 vs. 1.3048107712935924
list:
dist: 2.775886963582431 vs. 2.775886963582431
list:
dist: 1.813212011782079 vs. 1.813212011782079
list:
dist: 2.1259592147473825 vs. 2.1259592147473825
list:
dist: 2.3380975006559446 vs. 2.3380975006559446
list:
dist: 1.0152168090443319 vs. 1.0152168090443319
list:
dist: 0.8197881036904019 vs. 0.8197881036904019
list:
dist: 1.655072552562926 vs. 1.655072552562926
list:
dist: 1.5648768042923498 vs. 1.5648768042923498
list:
dist: 1.257560605011092 vs. 1.257560605011092
list:
dist: 2.066217324060724 vs. 2.066217324060724
list:
dist: 2.1453983195500856 vs. 2.1453983195500856
list:
dist: 1.8424817076350015 vs. 1.8424817076350015
list:
dist: 1.3798993406089268 vs. 1.3798993406089268
list:
dist: 1.3548171107104547 vs. 1.3548171107104547
list:
dist: 2.9274469625779473 vs. 2.9274469625779473
list:
dist: 2.6657858246669233 vs. 2.6657858246669233
list:
dist: 2.3202064472153108 vs. 2.3202064472153108
list:
dist: 2.645614137644451 vs. 2.645614137644451
list:
dist: 2.7235034035888708 vs. 2.7235034035888708
list:
dist: 2.3139862047230495 vs. 2.3139862047230495
list:
dist: 1.3537638069973923 vs. 1.3537638069973923
list:
dist: 1.5169042981829541 vs. 1.5169042981829541
list:
dist: 1.7717764131103007 vs. 1.7717764131103007
list:
dist: 1.0797599616896745 vs. 1.0797599616896745
list:
dist: 0.883999616292174 vs. 0.883999616292174
list:
dist: 1.084893766011911 vs. 1.084893766011911
list:
dist: 2.8320745196293595 vs. 2.8320745196293595
list:
dist: 1.9446396043123775 vs. 1.9446396043123775
list:
dist: 2.8887912839877132 vs. 2.8887912839877132
list:
dist: 1.5457662422042078 vs. 1.5457662422042078
list:
dist: 2.561663371935791 vs. 2.561663371935791
list:
dist: 1.331898773078894 vs. 1.331898773078894
list:
dist: 2.008628115926301 vs. 2.008628115926301
list:
dist: 2.0668441988642887 vs. 2.0668441988642887
list:
dist: 3.2250638531631153 vs. 3.2250638531631153
list:
dist: 3.165101661920487 vs. 3.165101661920487
list:
dist: 3.3981134148370673 vs. 3.3981134148370673
list:
dist: 2.9263926225381804 vs. 2.9263926225381804
list:
dist: 3.404384612285278 vs. 3.404384612285278
list:
dist: 2.680734018249787 vs. 2.680734018249787
list:
dist: 2.2335512230334698 vs. 2.2335512230334698
list:
dist: 4.042946319340736 vs. 4.042946319340736
list:
dist: 4.265384751282585 vs. 4.265384751282585
list:
dist: 1.5169042981829541 vs. 1.5169042981829541
list:
dist: 2.013930331669529 vs. 2.013930331669529
list:
dist: 1.4271999919626464 vs. 1.4271999919626464
list:
dist: 1.4151376025756996 vs. 1.4151376025756996
list:
dist: 1.0470903033186827 vs. 1.0470903033186827
list:
dist: 2.1652550267681554 vs. 2.1652550267681554
list:
dist: 2.831151486488995 vs. 2.831151486488995
list:
dist: 2.1999692989077393 vs. 2.1999692989077393
list:
dist: 3.3542999880720026 vs. 3.3542999880720026
list:
dist: 1.6879637456563712 vs. 1.6879637456563712
list:
dist: 3.1048539553582595 vs. 3.1048539553582595
list:
dist: 2.4178267330912053 vs. 2.4178267330912053
list:
dist: 2.977253667076239 vs. 2.977253667076239
list:
dist: 2.0621180504110623 vs. 2.0621180504110623
list:
dist: 3.9201723532812105 vs. 3.9201723532812105
list:
dist: 4.1387005542246245 vs. 4.1387005542246245
list:
dist: 4.623933603821772 vs. 4.623933603821772
list:
dist: 2.8704142771716 vs. 2.8704142771716
list:
dist: 3.6815552362614055 vs. 3.6815552362614055
list:
dist: 3.1971909017685345 vs. 3.1971909017685345
list:
dist: 2.5662223318552093 vs. 2.5662223318552093
list:
dist: 4.207208303572706 vs. 4.207208303572706
list:
dist: 4.68277701912618 vs. 4.68277701912618
list:
dist: 0.883999616292174 vs. 0.883999616292174
list:
dist: 1.015228901710513 vs. 1.015228901710513
list:
dist: 1.0470903033186827 vs. 1.0470903033186827
list:
dist: 1.0221669038795818 vs. 1.0221669038795818
list:
dist: 0.5400371273063891 vs. 0.5400371273063891
list:
dist: 1.212245977599855 vs. 1.212245977599855
list:
dist: 2.380271722655043 vs. 2.380271722655043
list:
dist: 1.4703795327164886 vs. 1.4703795327164886
list:
dist: 2.5816783777505803 vs. 2.5816783777505803
list:
dist: 1.2445828138540498 vs. 1.2445828138540498
list:
dist: 2.191570007724848 vs. 2.191570007724848
list:
dist: 1.4249179223483726 vs. 1.4249179223483726
list:
dist: 1.9370998416902465 vs. 1.9370998416902465
list:
dist: 1.3809771412807565 vs. 1.3809771412807565
list:
dist: 2.9613209789622457 vs. 2.9613209789622457
list:
dist: 3.102935570504875 vs. 3.102935570504875
list:
dist: 3.6172560486366376 vs. 3.6172560486366376
list:
dist: 2.238549436453019 vs. 2.238549436453019
list:
dist: 2.862070224908079 vs. 2.862070224908079
list:
dist: 2.2914753648788753 vs. 2.2914753648788753
list:
dist: 1.704671506530045 vs. 1.704671506530045
list:
dist: 3.524061064224542 vs. 3.524061064224542
list:
dist: 3.8385874592152325 vs. 3.8385874592152325
list:
dist: 1.7717764131103007 vs. 1.7717764131103007
list:
dist: 1.1512006370376595 vs. 1.1512006370376595
list:
dist: 1.4271999919626464 vs. 1.4271999919626464
list:
dist: 0.7600510148651798 vs. 0.7600510148651798
list:
dist: 1.0221669038795818 vs. 1.0221669038795818
list:
dist: 1.5640016527042562 vs. 1.5640016527042562
list:
dist: 1.5339619609059278 vs. 1.5339619609059278
list:
dist: 0.8948542955584307 vs. 0.8948542955584307
list:
dist: 2.0216414523056923 vs. 2.0216414523056923
list:
dist: 0.8963871991030938 vs. 0.8963871991030938
list:
dist: 2.3762497623548557 vs. 2.3762497623548557
list:
dist: 2.086081864856552 vs. 2.086081864856552
list:
dist: 2.249083435330895 vs. 2.249083435330895
list:
dist: 1.5245020637701923 vs. 1.5245020637701923
list:
dist: 2.7031277838028434 vs. 2.7031277838028434
list:
dist: 3.1590749868153662 vs. 3.1590749868153662
list:
dist: 3.7308002749412332 vs. 3.7308002749412332
list:
dist: 1.5325042147485266 vs. 1.5325042147485266
list:
dist: 2.5954917551674055 vs. 2.5954917551674055
list:
dist: 1.9347036962461512 vs. 1.9347036962461512
list:
dist: 1.3254795616097252 vs. 1.3254795616097252
list:
dist: 2.7853268982262906 vs. 2.7853268982262906
list:
dist: 3.3411615891893036 vs. 3.3411615891893036
list:
dist: 1.5457662422042078 vs. 1.5457662422042078
list:
dist: 1.21633813687401 vs. 1.21633813687401
list:
dist: 1.6879637456563712 vs. 1.6879637456563712
list:
dist: 0.8963871991030938 vs. 0.8963871991030938
list:
dist: 0.8292801131133244 vs. 0.8292801131133244
list:
dist: 1.2445828138540498 vs. 1.2445828138540498
list:
dist: 1.2339360787336606 vs. 1.2339360787336606
list:
dist: 1.3785564431479587 vs. 1.3785564431479587
list:
dist: 0.9106144202947978 vs. 0.9106144202947978
list:
dist: 1.8583356084210445 vs. 1.8583356084210445
list:
dist: 2.8054187038498415 vs. 2.8054187038498415
list:
dist: 2.148025913113332 vs. 2.148025913113332
list:
dist: 2.3380975006559446 vs. 2.3380975006559446
list:
dist: 2.2002058765491634 vs. 2.2002058765491634
list:
dist: 2.7762571641141514 vs. 2.7762571641141514
list:
dist: 3.1713524302596303 vs. 3.1713524302596303
list:
dist: 3.4030460159082754 vs. 3.4030460159082754
list:
dist: 2.0742602526743443 vs. 2.0742602526743443
list:
dist: 3.106912258465984 vs. 3.106912258465984
list:
dist: 2.093502061083647 vs. 2.093502061083647
list:
dist: 1.6608595912061823 vs. 1.6608595912061823
list:
dist: 2.9859628264308617 vs. 2.9859628264308617
list:
dist: 3.5631462001486227 vs. 3.5631462001486227
list:
dist: 2.9617239141711447 vs. 2.9617239141711447
list:
dist: 4.042946319340736 vs. 4.042946319340736
list:
dist: 2.7273917480378405 vs. 2.7273917480378405
list:
dist: 4.207208303572706 vs. 4.207208303572706
list:
dist: 2.7853268982262906 vs. 2.7853268982262906
list:
dist: 3.0698878571894856 vs. 3.0698878571894856
list:
dist: 3.524061064224542 vs. 3.524061064224542
list:
dist: 3.112483274574795 vs. 3.112483274574795
list:
dist: 1.8911258048751864 vs. 1.8911258048751864
list:
dist: 2.168750398584458 vs. 2.168750398584458
list:
dist: 1.4226381843640536 vs. 1.4226381843640536
list:
dist: 2.9859628264308617 vs. 2.9859628264308617
list:
dist: 2.8951154261920276 vs. 2.8951154261920276
list:
dist: 3.524802408813609 vs. 3.524802408813609
list:
dist: 2.9274469625779473 vs. 2.9274469625779473
list:
dist: 3.065579088655679 vs. 3.065579088655679
list:
dist: 1.661495867766216 vs. 1.661495867766216
list:
dist: 2.6269622466567935 vs. 2.6269622466567935
list:
dist: 3.27716885593421 vs. 3.27716885593421
list:
dist: 1.4905845883816031 vs. 1.4905845883816031
list:
dist: 2.014497354305879 vs. 2.014497354305879
list:
dist: 1.5602891720263112 vs. 1.5602891720263112
list:
dist: 1.9175591965745264 vs. 1.9175591965745264
list:
dist: 1.1279152802169865 vs. 1.1279152802169865
list:
dist: 0.6657244725985169 vs. 0.6657244725985169
list:
dist: 1.9968361886240165 vs. 1.9968361886240165
list:
dist: 2.4465744088235017 vs. 2.4465744088235017
list:
dist: 2.4507837791367235 vs. 2.4507837791367235
list:
dist: 2.2785209990379713 vs. 2.2785209990379713
list:
dist: 1.7810773500220825 vs. 1.7810773500220825
list:
dist: 2.2335512230334698 vs. 2.2335512230334698
list:
dist: 0.8931936008035645 vs. 0.8931936008035645
list:
dist: 2.5662223318552093 vs. 2.5662223318552093
list:
dist: 1.3254795616097252 vs. 1.3254795616097252
list:
dist: 1.321368216411003 vs. 1.321368216411003
list:
dist: 1.704671506530045 vs. 1.704671506530045
list:
dist: 1.4485574467516953 vs. 1.4485574467516953
list:
dist: 1.6371038222046101 vs. 1.6371038222046101
list:
dist: 0.8116266079213055 vs. 0.8116266079213055
list:
dist: 1.2902435050959906 vs. 1.2902435050959906
list:
dist: 1.6608595912061823 vs. 1.6608595912061823
list:
dist: 1.4484805387411028 vs. 1.4484805387411028
list:
dist: 1.7035310734068978 vs. 1.7035310734068978
list:
dist: 1.3548171107104547 vs. 1.3548171107104547
list:
dist: 1.3531012373163402 vs. 1.3531012373163402
list:
dist: 1.4186202101683658 vs. 1.4186202101683658
list:
dist: 1.9391506515949428 vs. 1.9391506515949428
list:
dist: 2.7521358229427304 vs. 2.7521358229427304
list:
dist: 0.8569562899722389 vs. 0.8569562899722389
list:
dist: 1.4579123951812174 vs. 1.4579123951812174
list:
dist: 0.664278189007413 vs. 0.664278189007413
list:
dist: 1.9175591965745264 vs. 1.9175591965745264
list:
dist: 2.1381869283212893 vs. 2.1381869283212893
list:
dist: 2.136597901542649 vs. 2.136597901542649
list:
dist: 2.345702432678698 vs. 2.345702432678698
list:
dist: 2.774460467674677 vs. 2.774460467674677
list:
dist: 2.6916207145064344 vs. 2.6916207145064344
list:
dist: 2.2725306243553085 vs. 2.2725306243553085
list:
dist: 3.1394564701442076 vs. 3.1394564701442076
list:
dist: 3.165101661920487 vs. 3.165101661920487
list:
dist: 2.159954666311124 vs. 2.159954666311124
list:
dist: 4.1387005542246245 vs. 4.1387005542246245
list:
dist: 3.1590749868153662 vs. 3.1590749868153662
list:
dist: 2.7999236152801803 vs. 2.7999236152801803
list:
dist: 3.102935570504875 vs. 3.102935570504875
list:
dist: 2.252343265246314 vs. 2.252343265246314
list:
dist: 3.1344919584805604 vs. 3.1344919584805604
list:
dist: 2.4727825143852873 vs. 2.4727825143852873
list:
dist: 2.1318281713926277 vs. 2.1318281713926277
list:
dist: 3.1713524302596303 vs. 3.1713524302596303
list:
dist: 3.743821081045344 vs. 3.743821081045344
list:
dist: 1.6850293354203747 vs. 1.6850293354203747
list:
dist: 2.0495728698729776 vs. 2.0495728698729776
list:
dist: 1.257560605011092 vs. 1.257560605011092
list:
dist: 2.663786052083636 vs. 2.663786052083636
list:
dist: 0.9688669001172155 vs. 0.9688669001172155
list:
dist: 1.3571865044231284 vs. 1.3571865044231284
list:
dist: 2.513577902743116 vs. 2.513577902743116
list:
dist: 1.8660470305434023 vs. 1.8660470305434023
list:
dist: 1.4780157664877198 vs. 1.4780157664877198
list:
dist: 1.9391506515949428 vs. 1.9391506515949428
list:
dist: 2.6269622466567935 vs. 2.6269622466567935
list:
dist: 1.9844231133038868 vs. 1.9844231133038868
list:
dist: 3.274040388037486 vs. 3.274040388037486
list:
dist: 2.6302080568913047 vs. 2.6302080568913047
list:
dist: 1.2740387868811451 vs. 1.2740387868811451
list:
dist: 1.6243228604750297 vs. 1.6243228604750297
list:
dist: 2.0267007925338336 vs. 2.0267007925338336
list:
dist: 1.7546603335348872 vs. 1.7546603335348872
list:
dist: 2.6614284961183645 vs. 2.6614284961183645
list:
dist: 2.9263926225381804 vs. 2.9263926225381804
list:
dist: 1.6686950239235898 vs. 1.6686950239235898
list:
dist: 2.8704142771716 vs. 2.8704142771716
list:
dist: 1.5325042147485266 vs. 1.5325042147485266
list:
dist: 1.8974693520543413 vs. 1.8974693520543413
list:
dist: 2.238549436453019 vs. 2.238549436453019
list:
dist: 2.244377396336568 vs. 2.244377396336568
list:
dist: 1.5823386251624114 vs. 1.5823386251624114
list:
dist: 1.256881387363571 vs. 1.256881387363571
list:
dist: 1.5165779195492124 vs. 1.5165779195492124
list:
dist: 2.0742602526743443 vs. 2.0742602526743443
list:
dist: 1.9277513868897167 vs. 1.9277513868897167
list:
dist: 2.500920478102536 vs. 2.500920478102536
list:
dist: 2.1453983195500856 vs. 2.1453983195500856
list:
dist: 1.6613768322853422 vs. 1.6613768322853422
list:
dist: 1.77126928043482 vs. 1.77126928043482
list:
dist: 2.513577902743116 vs. 2.513577902743116
list:
dist: 3.409156456907241 vs. 3.409156456907241
list:
dist: 1.4096278479593543 vs. 1.4096278479593543
list:
dist: 1.116967247680115 vs. 1.116967247680115
list:
dist: 0.8569562899722389 vs. 0.8569562899722389
list:
dist: 1.4905845883816031 vs. 1.4905845883816031
list:
dist: 1.9683914463770635 vs. 1.9683914463770635
list:
dist: 1.9161940893675522 vs. 1.9161940893675522
list:
dist: 2.514672546808957 vs. 2.514672546808957
list:
dist: 2.8821003542441743 vs. 2.8821003542441743
list:
dist: 2.6428718730992964 vs. 2.6428718730992964
list:
dist: 2.2726296714914715 vs. 2.2726296714914715
list:
dist: 2.932749957344106 vs. 2.932749957344106
list:
dist: 2.4831039415134626 vs. 2.4831039415134626
list:
dist: 3.4527524785780175 vs. 3.4527524785780175
list:
dist: 2.645614137644451 vs. 2.645614137644451
list:
dist: 3.4779824323000192 vs. 3.4779824323000192
list:
dist: 1.5677684677987995 vs. 1.5677684677987995
list:
dist: 1.6243228604750297 vs. 1.6243228604750297
list:
dist: 2.595120125321871 vs. 2.595120125321871
list:
dist: 2.8821003542441743 vs. 2.8821003542441743
list:
dist: 1.8711254976116956 vs. 1.8711254976116956
list:
dist: 2.226227852841372 vs. 2.226227852841372
list:
dist: 2.774460467674677 vs. 2.774460467674677
list:
dist: 2.4465744088235017 vs. 2.4465744088235017
list:
dist: 1.3360432390513433 vs. 1.3360432390513433
list:
dist: 3.973299171892169 vs. 3.973299171892169
list:
dist: 2.6128299186729236 vs. 2.6128299186729236
list:
dist: 0.6790729579570141 vs. 0.6790729579570141
list:
dist: 0.8361973215038747 vs. 0.8361973215038747
list:
dist: 0.9921854684436285 vs. 0.9921854684436285
list:
dist: 1.5244195801182359 vs. 1.5244195801182359
list:
dist: 2.561663371935791 vs. 2.561663371935791
list:
dist: 1.633696459759474 vs. 1.633696459759474
list:
dist: 3.1048539553582595 vs. 3.1048539553582595
list:
dist: 2.3762497623548557 vs. 2.3762497623548557
list:
dist: 2.1214151059672846 vs. 2.1214151059672846
list:
dist: 2.191570007724848 vs. 2.191570007724848
list:
dist: 2.068586364988511 vs. 2.068586364988511
list:
dist: 3.085103885028994 vs. 3.085103885028994
list:
dist: 2.1605278572881934 vs. 2.1605278572881934
list:
dist: 2.549698492039307 vs. 2.549698492039307
list:
dist: 2.8054187038498415 vs. 2.8054187038498415
list:
dist: 1.4058334504451555 vs. 1.4058334504451555
list:
dist: 1.0152168090443319 vs. 1.0152168090443319
list:
dist: 1.2007893957817446 vs. 1.2007893957817446
list:
dist: 1.806474836502437 vs. 1.806474836502437
list:
dist: 1.6850293354203747 vs. 1.6850293354203747
list:
dist: 2.871671589449638 vs. 2.871671589449638
list:
dist: 1.9277513868897167 vs. 1.9277513868897167
list:
dist: 1.193230525231456 vs. 1.193230525231456
list:
dist: 1.5828181458544257 vs. 1.5828181458544257
list:
dist: 1.4484805387411028 vs. 1.4484805387411028
list:
dist: 2.8951154261920276 vs. 2.8951154261920276
list:
dist: 2.5486252933071967 vs. 2.5486252933071967
list:
dist: 2.362505165283681 vs. 2.362505165283681
list:
dist: 2.4831039415134626 vs. 2.4831039415134626
list:
dist: 2.2482259188764853 vs. 2.2482259188764853
list:
dist: 1.8135636652470826 vs. 1.8135636652470826
list:
dist: 2.680734018249787 vs. 2.680734018249787
list:
dist: 1.3441327239610357 vs. 1.3441327239610357
list:
dist: 3.1971909017685345 vs. 3.1971909017685345
list:
dist: 1.9347036962461512 vs. 1.9347036962461512
list:
dist: 1.872261319410052 vs. 1.872261319410052
list:
dist: 2.2914753648788753 vs. 2.2914753648788753
list:
dist: 1.7260774873048277 vs. 1.7260774873048277
list:
dist: 1.7834477917325453 vs. 1.7834477917325453
list:
dist: 1.2164190814008353 vs. 1.2164190814008353
list:
dist: 1.0043694465969306 vs. 1.0043694465969306
list:
dist: 2.093502061083647 vs. 2.093502061083647
list:
dist: 1.5828181458544257 vs. 1.5828181458544257
list:
dist: 1.9806388246179711 vs. 1.9806388246179711
list:
dist: 1.3798993406089268 vs. 1.3798993406089268
list:
dist: 1.9048067913884532 vs. 1.9048067913884532
list:
dist: 0.7771958586693059 vs. 0.7771958586693059
list:
dist: 1.4780157664877198 vs. 1.4780157664877198
list:
dist: 2.295596890365814 vs. 2.295596890365814
list:
dist: 1.116967247680115 vs. 1.116967247680115
list:
dist: 1.3509296881756878 vs. 1.3509296881756878
list:
dist: 0.664278189007413 vs. 0.664278189007413
list:
dist: 1.5602891720263112 vs. 1.5602891720263112
list:
dist: 1.5893329136951402 vs. 1.5893329136951402
list:
dist: 1.7008589722125589 vs. 1.7008589722125589
list:
dist: 1.728541445340878 vs. 1.728541445340878
list:
dist: 2.226227852841372 vs. 2.226227852841372
list:
dist: 2.283451482694376 vs. 2.283451482694376
list:
dist: 1.9059667034866372 vs. 1.9059667034866372
list:
dist: 2.563012682954206 vs. 2.563012682954206
list:
dist: 2.8887912839877132 vs. 2.8887912839877132
list:
dist: 1.716844489695944 vs. 1.716844489695944
list:
dist: 3.3542999880720026 vs. 3.3542999880720026
list:
dist: 2.0216414523056923 vs. 2.0216414523056923
list:
dist: 2.0564726619346296 vs. 2.0564726619346296
list:
dist: 2.5816783777505803 vs. 2.5816783777505803
list:
dist: 1.889139063344638 vs. 1.889139063344638
list:
dist: 1.11847030345298 vs. 1.11847030345298
list:
dist: 1.1610264342417667 vs. 1.1610264342417667
list:
dist: 1.8583356084210445 vs. 1.8583356084210445
list:
dist: 2.549698492039307 vs. 2.549698492039307
list:
dist: 2.5845121177904784 vs. 2.5845121177904784
list:
dist: 2.1259592147473825 vs. 2.1259592147473825
list:
dist: 2.6335019843847194 vs. 2.6335019843847194
list:
dist: 1.3667526646542227 vs. 1.3667526646542227
list:
dist: 2.1318281713926277 vs. 2.1318281713926277
list:
dist: 2.4145246075607956 vs. 2.4145246075607956
list:
dist: 1.5165779195492124 vs. 1.5165779195492124
list:
dist: 2.2745650929842887 vs. 2.2745650929842887
list:
dist: 1.0043694465969306 vs. 1.0043694465969306
list:
dist: 1.2902435050959906 vs. 1.2902435050959906
list:
dist: 1.4226381843640536 vs. 1.4226381843640536
list:
dist: 1.925405320095635 vs. 1.925405320095635
list:
dist: 1.2136765291149523 vs. 1.2136765291149523
list:
dist: 2.8320745196293595 vs. 2.8320745196293595
list:
dist: 1.9062771649081285 vs. 1.9062771649081285
list:
dist: 2.831151486488995 vs. 2.831151486488995
list:
dist: 1.5339619609059278 vs. 1.5339619609059278
list:
dist: 1.886634697125618 vs. 1.886634697125618
list:
dist: 2.380271722655043 vs. 2.380271722655043
list:
dist: 2.1254664435828974 vs. 2.1254664435828974
list:
dist: 1.0624312792273338 vs. 1.0624312792273338
list:
dist: 1.11847030345298 vs. 1.11847030345298
list:
dist: 1.3785564431479587 vs. 1.3785564431479587
list:
dist: 3.085103885028994 vs. 3.085103885028994
list:
dist: 2.9735549561316605 vs. 2.9735549561316605
list:
dist: 2.775886963582431 vs. 2.775886963582431
list:
dist: 2.702505062919277 vs. 2.702505062919277
list:
dist: 2.3849024009802626 vs. 2.3849024009802626
list:
dist: 3.1344919584805604 vs. 3.1344919584805604
list:
dist: 3.425417644941861 vs. 3.425417644941861
list:
dist: 1.5823386251624114 vs. 1.5823386251624114
list:
dist: 2.8444056726170097 vs. 2.8444056726170097
list:
dist: 1.7834477917325453 vs. 1.7834477917325453
list:
dist: 1.6371038222046101 vs. 1.6371038222046101
list:
dist: 1.8911258048751864 vs. 1.8911258048751864
list:
dist: 2.7609440743225884 vs. 2.7609440743225884
list:
dist: 1.8140000290982377 vs. 1.8140000290982377
list:
dist: 3.0767870439614096 vs. 3.0767870439614096
list:
dist: 1.8140000290982377 vs. 1.8140000290982377
list:
dist: 2.2267580752151446 vs. 2.2267580752151446
list:
dist: 1.2136765291149523 vs. 1.2136765291149523
list:
dist: 2.9617239141711447 vs. 2.9617239141711447
list:
dist: 1.7006447883726452 vs. 1.7006447883726452
list:
dist: 2.6302080568913047 vs. 2.6302080568913047
list:
dist: 2.996853337019154 vs. 2.996853337019154
list:
dist: 1.9161940893675522 vs. 1.9161940893675522
list:
dist: 2.4773114859465917 vs. 2.4773114859465917
list:
dist: 1.7008589722125589 vs. 1.7008589722125589
list:
dist: 2.136597901542649 vs. 2.136597901542649
list:
dist: 0.6657244725985169 vs. 0.6657244725985169
list:
dist: 1.387765577297886 vs. 1.387765577297886
list:
dist: 2.054454849152792 vs. 2.054454849152792
list:
dist: 2.6128299186729236 vs. 2.6128299186729236
list:
dist: 2.8131691423785177 vs. 2.8131691423785177
list:
dist: 2.656999764572706 vs. 2.656999764572706
list:
dist: 1.8690074178318044 vs. 1.8690074178318044
list:
dist: 3.5369354423820187 vs. 3.5369354423820187
list:
dist: 1.0797599616896745 vs. 1.0797599616896745
list:
dist: 0.6408091104480182 vs. 0.6408091104480182
list:
dist: 1.4151376025756996 vs. 1.4151376025756996
list:
dist: 0.7600510148651798 vs. 0.7600510148651798
list:
dist: 0.5400371273063891 vs. 0.5400371273063891
list:
dist: 0.8879243319244823 vs. 0.8879243319244823
list:
dist: 1.886634697125618 vs. 1.886634697125618
list:
dist: 0.9545239134528799 vs. 0.9545239134528799
list:
dist: 2.0564726619346296 vs. 2.0564726619346296
list:
dist: 0.8292801131133244 vs. 0.8292801131133244
list:
dist: 2.1214151059672846 vs. 2.1214151059672846
list:
dist: 1.440298602532215 vs. 1.440298602532215
list:
dist: 1.7536736074039112 vs. 1.7536736074039112
list:
dist: 1.4695074395775518 vs. 1.4695074395775518
list:
dist: 2.5596336007047644 vs. 2.5596336007047644
list:
dist: 2.7999236152801803 vs. 2.7999236152801803
list:
dist: 3.260370652762538 vs. 3.260370652762538
list:
dist: 1.8974693520543413 vs. 1.8974693520543413
list:
dist: 2.643047045049997 vs. 2.643047045049997
list:
dist: 1.872261319410052 vs. 1.872261319410052
list:
dist: 1.321368216411003 vs. 1.321368216411003
list:
dist: 3.0698878571894856 vs. 3.0698878571894856
list:
dist: 3.434234899669561 vs. 3.434234899669561
list:
dist: 1.9446396043123775 vs. 1.9446396043123775
list:
dist: 0.8509438557559676 vs. 0.8509438557559676
list:
dist: 2.1999692989077393 vs. 2.1999692989077393
list:
dist: 0.8948542955584307 vs. 0.8948542955584307
list:
dist: 0.9545239134528799 vs. 0.9545239134528799
list:
dist: 1.4703795327164886 vs. 1.4703795327164886
list:
dist: 1.2048900877332838 vs. 1.2048900877332838
list:
dist: 1.0624312792273338 vs. 1.0624312792273338
list:
dist: 1.1610264342417667 vs. 1.1610264342417667
list:
dist: 0.9106144202947978 vs. 0.9106144202947978
list:
dist: 2.1605278572881934 vs. 2.1605278572881934
list:
dist: 1.9266887023930719 vs. 1.9266887023930719
list:
dist: 1.813212011782079 vs. 1.813212011782079
list:
dist: 1.7787588275721087 vs. 1.7787588275721087
list:
dist: 1.944414679221543 vs. 1.944414679221543
list:
dist: 2.4727825143852873 vs. 2.4727825143852873
list:
dist: 2.9420051897838233 vs. 2.9420051897838233
list:
dist: 1.256881387363571 vs. 1.256881387363571
list:
dist: 2.2553174475512874 vs. 2.2553174475512874
list:
dist: 1.2164190814008353 vs. 1.2164190814008353
list:
dist: 0.8116266079213055 vs. 0.8116266079213055
list:
dist: 2.168750398584458 vs. 2.168750398584458
list:
dist: 2.6705334121744597 vs. 2.6705334121744597
list:
dist: 2.2267580752151446 vs. 2.2267580752151446
list:
dist: 3.030238598739573 vs. 3.030238598739573
list:
dist: 2.2482259188764853 vs. 2.2482259188764853
list:
dist: 3.466648799448784 vs. 3.466648799448784
list:
dist: 2.7235034035888708 vs. 2.7235034035888708
list:
dist: 3.15685678543078 vs. 3.15685678543078
list:
dist: 1.850811531642233 vs. 1.850811531642233
list:
dist: 2.0267007925338336 vs. 2.0267007925338336
list:
dist: 3.2217460016484836 vs. 3.2217460016484836
list:
dist: 2.6428718730992964 vs. 2.6428718730992964
list:
dist: 1.4353458408947943 vs. 1.4353458408947943
list:
dist: 2.283451482694376 vs. 2.283451482694376
list:
dist: 2.6916207145064344 vs. 2.6916207145064344
list:
dist: 2.4507837791367235 vs. 2.4507837791367235
list:
dist: 1.4452973041251187 vs. 1.4452973041251187
list:
dist: 2.8131691423785177 vs. 2.8131691423785177
list:
dist: 1.2897507308939107 vs. 1.2897507308939107
list:
dist: 0.8361973215038747 vs. 0.8361973215038747
list:
dist: 0.4506933013243499 vs. 0.4506933013243499
list:
dist: 1.797844221523282 vs. 1.797844221523282
list:
dist: 2.362505165283681 vs. 2.362505165283681
list:
dist: 3.1370375451408155 vs. 3.1370375451408155
list:
dist: 2.3202064472153108 vs. 2.3202064472153108
list:
dist: 3.2593167512933494 vs. 3.2593167512933494
list:
dist: 1.0003892800866652 vs. 1.0003892800866652
list:
dist: 1.2740387868811451 vs. 1.2740387868811451
list:
dist: 2.1215862459058723 vs. 2.1215862459058723
list:
dist: 2.514672546808957 vs. 2.514672546808957
list:
dist: 1.7966323613531456 vs. 1.7966323613531456
list:
dist: 1.728541445340878 vs. 1.728541445340878
list:
dist: 2.345702432678698 vs. 2.345702432678698
list:
dist: 1.9968361886240165 vs. 1.9968361886240165
list:
dist: 0.9963299856177992 vs. 0.9963299856177992
list:
dist: 3.762025393849321 vs. 3.762025393849321
list:
dist: 2.054454849152792 vs. 2.054454849152792
list:
dist: 0.6790729579570141 vs. 0.6790729579570141
list:
dist: 1.2897507308939107 vs. 1.2897507308939107
list:
dist: 1.2433994480853148 vs. 1.2433994480853148
list:
dist: 1.4139810382360372 vs. 1.4139810382360372
list:
dist: 2.0568701456117284 vs. 2.0568701456117284
list:
dist: 2.6614284961183645 vs. 2.6614284961183645
list:
dist: 3.2932598864258797 vs. 3.2932598864258797
list:
dist: 2.932749957344106 vs. 2.932749957344106
list:
dist: 2.5165124095841676 vs. 2.5165124095841676
list:
dist: 2.563012682954206 vs. 2.563012682954206
list:
dist: 3.1394564701442076 vs. 3.1394564701442076
list:
dist: 1.7810773500220825 vs. 1.7810773500220825
list:
dist: 1.011247925558896 vs. 1.011247925558896
list:
dist: 1.8690074178318044 vs. 1.8690074178318044
list:
dist: 1.4139810382360372 vs. 1.4139810382360372
list:
dist: 1.5244195801182359 vs. 1.5244195801182359
list:
dist: 1.797844221523282 vs. 1.797844221523282
list:
dist: 1.9704430530333552 vs. 1.9704430530333552
list:
dist: 2.8585514854703673 vs. 2.8585514854703673
list:
dist: 3.404384612285278 vs. 3.404384612285278
list:
dist: 2.1711835195889067 vs. 2.1711835195889067
list:
dist: 3.6815552362614055 vs. 3.6815552362614055
list:
dist: 2.5954917551674055 vs. 2.5954917551674055
list:
dist: 2.643047045049997 vs. 2.643047045049997
list:
dist: 2.862070224908079 vs. 2.862070224908079
list:
dist: 2.7036811941819163 vs. 2.7036811941819163
list:
dist: 2.8444056726170097 vs. 2.8444056726170097
list:
dist: 2.2553174475512874 vs. 2.2553174475512874
list:
dist: 2.2745650929842887 vs. 2.2745650929842887
list:
dist: 3.106912258465984 vs. 3.106912258465984
list:
dist: 1.193230525231456 vs. 1.193230525231456
list:
dist: 2.429940143927325 vs. 2.429940143927325
list:
dist: 1.8424817076350015 vs. 1.8424817076350015
list:
dist: 1.77441329182237 vs. 1.77441329182237
list:
dist: 1.4702950044879 vs. 1.4702950044879
list:
dist: 1.8660470305434023 vs. 1.8660470305434023
list:
dist: 3.139305141343886 vs. 3.139305141343886
list:
dist: 1.4096278479593543 vs. 1.4096278479593543
list:
dist: 1.3509296881756878 vs. 1.3509296881756878
list:
dist: 1.4579123951812174 vs. 1.4579123951812174
list:
dist: 2.014497354305879 vs. 2.014497354305879
list:
dist: 1.6116181396950486 vs. 1.6116181396950486
list:
dist: 2.4773114859465917 vs. 2.4773114859465917
list:
dist: 1.7966323613531456 vs. 1.7966323613531456
list:
dist: 1.8711254976116956 vs. 1.8711254976116956
list:
dist: 1.4353458408947943 vs. 1.4353458408947943
list:
dist: 1.0125735149279782 vs. 1.0125735149279782
list:
dist: 2.5165124095841676 vs. 2.5165124095841676
list:
dist: 4.265384751282585 vs. 4.265384751282585
list:
dist: 2.9283132776631104 vs. 2.9283132776631104
list:
dist: 4.68277701912618 vs. 4.68277701912618
list:
dist: 3.3411615891893036 vs. 3.3411615891893036
list:
dist: 3.434234899669561 vs. 3.434234899669561
list:
dist: 3.8385874592152325 vs. 3.8385874592152325
list:
dist: 3.289847835066007 vs. 3.289847835066007
list:
dist: 2.7609440743225884 vs. 2.7609440743225884
list:
dist: 2.6705334121744597 vs. 2.6705334121744597
list:
dist: 1.925405320095635 vs. 1.925405320095635
list:
dist: 3.5631462001486227 vs. 3.5631462001486227
list:
dist: 2.5486252933071967 vs. 2.5486252933071967
list:
dist: 3.4157968163823735 vs. 3.4157968163823735
list:
dist: 2.6657858246669233 vs. 2.6657858246669233
list:
dist: 3.14368470793471 vs. 3.14368470793471
list:
dist: 1.2067007936424636 vs. 1.2067007936424636
list:
dist: 1.9844231133038868 vs. 1.9844231133038868
list:
dist: 2.831466668973071 vs. 2.831466668973071
list:
dist: 1.9683914463770635 vs. 1.9683914463770635
list:
dist: 1.6116181396950486 vs. 1.6116181396950486
list:
dist: 1.5893329136951402 vs. 1.5893329136951402
list:
dist: 2.1381869283212893 vs. 2.1381869283212893
list:
dist: 1.1279152802169865 vs. 1.1279152802169865
list:
dist: 1.387765577297886 vs. 1.387765577297886
list:
dist: 0.9963299856177992 vs. 0.9963299856177992
list:
dist: 1.3360432390513433 vs. 1.3360432390513433
list:
dist: 1.4452973041251187 vs. 1.4452973041251187
list:
dist: 1.3746218642081895 vs. 1.3746218642081895
list:
dist: 1.011247925558896 vs. 1.011247925558896
list:
dist: 1.8135636652470826 vs. 1.8135636652470826
list:
dist: 3.0410982003694755 vs. 3.0410982003694755
list:
dist: 2.3139862047230495 vs. 2.3139862047230495
list:
dist: 2.7133555854417266 vs. 2.7133555854417266
list:
dist: 1.5568490560783652 vs. 1.5568490560783652
list:
dist: 1.7546603335348872 vs. 1.7546603335348872
list:
dist: 3.024086770002252 vs. 3.024086770002252
list:
dist: 2.2726296714914715 vs. 2.2726296714914715
list:
dist: 1.0125735149279782 vs. 1.0125735149279782
list:
dist: 1.9059667034866372 vs. 1.9059667034866372
list:
dist: 2.2725306243553085 vs. 2.2725306243553085
list:
dist: 2.2785209990379713 vs. 2.2785209990379713
list:
dist: 1.3746218642081895 vs. 1.3746218642081895
list:
dist: 2.656999764572706 vs. 2.656999764572706
list:
dist: 1.2433994480853148 vs. 1.2433994480853148
list:
dist: 0.9921854684436285 vs. 0.9921854684436285
list:
dist: 0.4506933013243499 vs. 0.4506933013243499
list:
dist: 1.9704430530333552 vs. 1.9704430530333552
list:
dist: 3.2250638531631153 vs. 3.2250638531631153
list:
dist: 1.969547852243955 vs. 1.969547852243955
list:
dist: 3.9201723532812105 vs. 3.9201723532812105
list:
dist: 2.7031277838028434 vs. 2.7031277838028434
list:
dist: 2.5596336007047644 vs. 2.5596336007047644
list:
dist: 2.9613209789622457 vs. 2.9613209789622457
list:
dist: 2.2156890540620613 vs. 2.2156890540620613
list:
dist: 2.3849024009802626 vs. 2.3849024009802626
list:
dist: 1.944414679221543 vs. 1.944414679221543
list:
dist: 1.3667526646542227 vs. 1.3667526646542227
list:
dist: 2.7762571641141514 vs. 2.7762571641141514
list:
dist: 4.255471386629465 vs. 4.255471386629465
list:
dist: 1.806474836502437 vs. 1.806474836502437
list:
dist: 2.3333125600051527 vs. 2.3333125600051527
list:
dist: 1.5648768042923498 vs. 1.5648768042923498
list:
dist: 2.4959431928735203 vs. 2.4959431928735203
list:
dist: 0.9688669001172155 vs. 0.9688669001172155
list:
dist: 1.8490065748787183 vs. 1.8490065748787183
list:
dist: 1.77126928043482 vs. 1.77126928043482
list:
dist: 1.4702950044879 vs. 1.4702950044879
list:
dist: 0.7771958586693059 vs. 0.7771958586693059
list:
dist: 1.4186202101683658 vs. 1.4186202101683658
list:
dist: 1.661495867766216 vs. 1.661495867766216
list:
dist: 1.2067007936424636 vs. 1.2067007936424636
list:
dist: 3.9389071274187057 vs. 3.9389071274187057
list:
dist: 1.7006447883726452 vs. 1.7006447883726452
list:
dist: 1.0003892800866652 vs. 1.0003892800866652
list:
dist: 1.5677684677987995 vs. 1.5677684677987995
list:
dist: 1.850811531642233 vs. 1.850811531642233
list:
dist: 1.5568490560783652 vs. 1.5568490560783652
list:
dist: 2.0568701456117284 vs. 2.0568701456117284
list:
dist: 3.5913584032143224 vs. 3.5913584032143224
list:
dist: 1.9916723476322373 vs. 1.9916723476322373
list:
dist: 2.443387120739909 vs. 2.443387120739909
list:
dist: 1.750263424947404 vs. 1.750263424947404
list:
dist: 1.8434634900636728 vs. 1.8434634900636728
list:
dist: 2.0398652764491616 vs. 2.0398652764491616
list:
dist: 2.213285691255775 vs. 2.213285691255775
list:
dist: 1.9110029990579793 vs. 1.9110029990579793
list:
dist: 2.884347139444475 vs. 2.884347139444475
list:
dist: 1.6441490052226277 vs. 1.6441490052226277
list:
dist: 2.69641735756336 vs. 2.69641735756336
list:
dist: 1.4415999714477927 vs. 1.4415999714477927
list:
dist: 0.63134481222438 vs. 0.63134481222438
list:
dist: 0.8841097979993301 vs. 0.8841097979993301
list:
dist: 1.06520327806366 vs. 1.06520327806366
list:
dist: 1.6164911713062053 vs. 1.6164911713062053
list:
dist: 1.8376686951737025 vs. 1.8376686951737025
list:
dist: 1.6172041807160238 vs. 1.6172041807160238
list:
dist: 1.3612723000944902 vs. 1.3612723000944902
list:
dist: 1.717129937097308 vs. 1.717129937097308
list:
dist: 0.6850798441679503 vs. 0.6850798441679503
list:
dist: 1.3860596758381967 vs. 1.3860596758381967
list:
dist: 1.3864375820761947 vs. 1.3864375820761947
list:
dist: 1.5605583626047121 vs. 1.5605583626047121
list:
dist: 1.8517191958473112 vs. 1.8517191958473112
list:
dist: 1.8517069754593527 vs. 1.8517069754593527
list:
dist: 5.001666327683897 vs. 5.001666327683897
list:
dist: 4.721221152630969 vs. 4.721221152630969
list:
dist: 4.727486349214151 vs. 4.727486349214151
list:
dist: 4.865637818191575 vs. 4.865637818191575
list:
dist: 3.6971131593565434 vs. 3.6971131593565434
list:
dist: 2.237840983198742 vs. 2.237840983198742
list:
dist: 2.6321762131098922 vs. 2.6321762131098922
list:
dist: 1.5315198623984512 vs. 1.5315198623984512
list:
dist: 1.408127800947996 vs. 1.408127800947996
list:
dist: 2.16092179041081 vs. 2.16092179041081
list:
dist: 1.797015977110838 vs. 1.797015977110838
list:
dist: 1.3782417369475022 vs. 1.3782417369475022
list:
dist: 2.3427619319740094 vs. 2.3427619319740094
list:
dist: 1.262700525738767 vs. 1.262700525738767
list:
dist: 2.4047106296498 vs. 2.4047106296498
list:
dist: 1.749602028819772 vs. 1.749602028819772
list:
dist: 0.63134481222438 vs. 0.63134481222438
list:
dist: 1.2552061821337426 vs. 1.2552061821337426
list:
dist: 1.6319674003333233 vs. 1.6319674003333233
list:
dist: 1.6224089314604093 vs. 1.6224089314604093
list:
dist: 1.889698907316256 vs. 1.889698907316256
list:
dist: 1.4650960508120314 vs. 1.4650960508120314
list:
dist: 0.8840024451257725 vs. 0.8840024451257725
list:
dist: 1.6987489875132438 vs. 1.6987489875132438
list:
dist: 0.687954337770959 vs. 0.687954337770959
list:
dist: 0.8797866050665101 vs. 0.8797866050665101
list:
dist: 1.034899451583554 vs. 1.034899451583554
list:
dist: 1.606768601795083 vs. 1.606768601795083
list:
dist: 1.5149994365806716 vs. 1.5149994365806716
list:
dist: 1.2584920777229491 vs. 1.2584920777229491
list:
dist: 3.067414257599408 vs. 3.067414257599408
list:
dist: 4.865637818191575 vs. 4.865637818191575
list:
dist: 0.7902678355869854 vs. 0.7902678355869854
list:
dist: 1.474712789840104 vs. 1.474712789840104
list:
dist: 1.8952297901330732 vs. 1.8952297901330732
list:
dist: 2.044374343242225 vs. 2.044374343242225
list:
dist: 1.3471453686369597 vs. 1.3471453686369597
list:
dist: 1.4415999714477927 vs. 1.4415999714477927
list:
dist: 1.749602028819772 vs. 1.749602028819772
list:
dist: 1.6927953793742976 vs. 1.6927953793742976
list:
dist: 0.9545531911319445 vs. 0.9545531911319445
list:
dist: 0.7991933764669935 vs. 0.7991933764669935
list:
dist: 1.9843968521871092 vs. 1.9843968521871092
list:
dist: 1.9306975724256201 vs. 1.9306975724256201
list:
dist: 1.720644770502779 vs. 1.720644770502779
list:
dist: 1.529164797029539 vs. 1.529164797029539
list:
dist: 1.9639639262035828 vs. 1.9639639262035828
list:
dist: 2.2302405853237497 vs. 2.2302405853237497
list:
dist: 2.479736516017789 vs. 2.479736516017789
list:
dist: 1.100162555665785 vs. 1.100162555665785
list:
dist: 2.601630986197769 vs. 2.601630986197769
list:
dist: 1.9185148508695695 vs. 1.9185148508695695
list:
dist: 3.096300137984617 vs. 3.096300137984617
list:
dist: 3.671984504235829 vs. 3.671984504235829
list:
dist: 2.2494633146057663 vs. 2.2494633146057663
list:
dist: 3.4545216149299396 vs. 3.4545216149299396
list:
dist: 2.3828310770594414 vs. 2.3828310770594414
list:
dist: 3.096300137984617 vs. 3.096300137984617
list:
dist: 1.7829254016708898 vs. 1.7829254016708898
list:
dist: 1.7480720635946019 vs. 1.7480720635946019
list:
dist: 0.8192047523810689 vs. 0.8192047523810689
list:
dist: 1.211734868606624 vs. 1.211734868606624
list:
dist: 0.9912934652128765 vs. 0.9912934652128765
list:
dist: 1.6634409339896365 vs. 1.6634409339896365
list:
dist: 2.1853458953188594 vs. 2.1853458953188594
list:
dist: 1.116748919563141 vs. 1.116748919563141
list:
dist: 1.711848454119759 vs. 1.711848454119759
list:
dist: 1.8952297901330732 vs. 1.8952297901330732
list:
dist: 1.750263424947404 vs. 1.750263424947404
list:
dist: 1.5315198623984512 vs. 1.5315198623984512
list:
dist: 2.571751977064571 vs. 2.571751977064571
list:
dist: 2.3140864024116348 vs. 2.3140864024116348
list:
dist: 2.6999397810257495 vs. 2.6999397810257495
list:
dist: 1.873469110325859 vs. 1.873469110325859
list:
dist: 2.641006555954322 vs. 2.641006555954322
list:
dist: 1.8291999353479518 vs. 1.8291999353479518
list:
dist: 2.715011162998427 vs. 2.715011162998427
list:
dist: 2.0253828551462365 vs. 2.0253828551462365
list:
dist: 1.7687432191004115 vs. 1.7687432191004115
list:
dist: 2.381735683350112 vs. 2.381735683350112
list:
dist: 3.1084788390767923 vs. 3.1084788390767923
list:
dist: 2.9202373701969013 vs. 2.9202373701969013
list:
dist: 2.2148157978077565 vs. 2.2148157978077565
list:
dist: 1.781451896679313 vs. 1.781451896679313
list:
dist: 2.2494633146057663 vs. 2.2494633146057663
list:
dist: 0.7851899562985469 vs. 0.7851899562985469
list:
dist: 0.5460167143001665 vs. 0.5460167143001665
list:
dist: 1.211734868606624 vs. 1.211734868606624
list:
dist: 1.7663395045085966 vs. 1.7663395045085966
list:
dist: 2.183889999825493 vs. 2.183889999825493
list:
dist: 2.79665574808755 vs. 2.79665574808755
list:
dist: 3.3955534303815402 vs. 3.3955534303815402
list:
dist: 2.206457158765506 vs. 2.206457158765506
list:
dist: 2.7111829732378547 vs. 2.7111829732378547
list:
dist: 1.3471453686369597 vs. 1.3471453686369597
list:
dist: 2.0398652764491616 vs. 2.0398652764491616
list:
dist: 2.16092179041081 vs. 2.16092179041081
list:
dist: 2.705713622571509 vs. 2.705713622571509
list:
dist: 1.9871036282824037 vs. 1.9871036282824037
list:
dist: 3.350665823881492 vs. 3.350665823881492
list:
dist: 1.5184076541009568 vs. 1.5184076541009568
list:
dist: 2.961674695851103 vs. 2.961674695851103
list:
dist: 2.4628109369305866 vs. 2.4628109369305866
list:
dist: 2.8303003677619616 vs. 2.8303003677619616
list:
dist: 2.3634676359149025 vs. 2.3634676359149025
list:
dist: 2.441686926871675 vs. 2.441686926871675
list:
dist: 2.965732760089295 vs. 2.965732760089295
list:
dist: 3.4677270593496066 vs. 3.4677270593496066
list:
dist: 3.603697654980008 vs. 3.603697654980008
list:
dist: 3.1632513967910123 vs. 3.1632513967910123
list:
dist: 5.001666327683897 vs. 5.001666327683897
list:
dist: 1.100162555665785 vs. 1.100162555665785
list:
dist: 2.3718146646928298 vs. 2.3718146646928298
list:
dist: 1.6856992974211462 vs. 1.6856992974211462
list:
dist: 2.3828310770594414 vs. 2.3828310770594414
list:
dist: 3.0928341159162507 vs. 3.0928341159162507
list:
dist: 1.781451896679313 vs. 1.781451896679313
list:
dist: 3.067414257599408 vs. 3.067414257599408
list:
dist: 3.5913584032143224 vs. 3.5913584032143224
list:
dist: 3.6971131593565434 vs. 3.6971131593565434
list:
dist: 4.34130687401996 vs. 4.34130687401996
list:
dist: 3.5571890188736264 vs. 3.5571890188736264
list:
dist: 1.6634409339896365 vs. 1.6634409339896365
list:
dist: 1.472783285212425 vs. 1.472783285212425
list:
dist: 2.79665574808755 vs. 2.79665574808755
list:
dist: 1.0600849180524112 vs. 1.0600849180524112
list:
dist: 0.9922067665250971 vs. 0.9922067665250971
list:
dist: 0.7052734322567149 vs. 0.7052734322567149
list:
dist: 1.5068336314232373 vs. 1.5068336314232373
list:
dist: 1.9110029990579793 vs. 1.9110029990579793
list:
dist: 1.3782417369475022 vs. 1.3782417369475022
list:
dist: 2.5636776252831806 vs. 2.5636776252831806
list:
dist: 2.9418616723434923 vs. 2.9418616723434923
list:
dist: 1.8392422365437282 vs. 1.8392422365437282
list:
dist: 2.9214763848331815 vs. 2.9214763848331815
list:
dist: 2.5280832213875657 vs. 2.5280832213875657
list:
dist: 1.6579099233166952 vs. 1.6579099233166952
list:
dist: 2.8738951849348444 vs. 2.8738951849348444
list:
dist: 2.017046988440335 vs. 2.017046988440335
list:
dist: 1.5824492393925242 vs. 1.5824492393925242
list:
dist: 1.8908517920072727 vs. 1.8908517920072727
list:
dist: 2.641877565146494 vs. 2.641877565146494
list:
dist: 2.0322469283939926 vs. 2.0322469283939926
list:
dist: 1.1023142840032476 vs. 1.1023142840032476
list:
dist: 2.526320906212102 vs. 2.526320906212102
list:
dist: 4.34130687401996 vs. 4.34130687401996
list:
dist: 2.426402561729608 vs. 2.426402561729608
list:
dist: 3.014748886792683 vs. 3.014748886792683
list:
dist: 2.571751977064571 vs. 2.571751977064571
list:
dist: 2.517132467444435 vs. 2.517132467444435
list:
dist: 2.705713622571509 vs. 2.705713622571509
list:
dist: 3.0273441297385832 vs. 3.0273441297385832
list:
dist: 2.5636776252831806 vs. 2.5636776252831806
list:
dist: 3.5476893572559316 vs. 3.5476893572559316
list:
dist: 2.4523353662480374 vs. 2.4523353662480374
list:
dist: 3.538414747674239 vs. 3.538414747674239
list:
dist: 1.6927953793742976 vs. 1.6927953793742976
list:
dist: 0.8841097979993301 vs. 0.8841097979993301
list:
dist: 1.2552061821337426 vs. 1.2552061821337426
list:
dist: 1.0651681613175827 vs. 1.0651681613175827
list:
dist: 1.9045671866722496 vs. 1.9045671866722496
list:
dist: 2.0773120881790765 vs. 2.0773120881790765
list:
dist: 1.298955746605112 vs. 1.298955746605112
list:
dist: 1.613094725140989 vs. 1.613094725140989
list:
dist: 1.3446356862487245 vs. 1.3446356862487245
list:
dist: 0.7297814266502509 vs. 0.7297814266502509
list:
dist: 1.6819351637309161 vs. 1.6819351637309161
list:
dist: 1.3144417224747433 vs. 1.3144417224747433
list:
dist: 0.9186309078059773 vs. 0.9186309078059773
list:
dist: 1.6692717655017162 vs. 1.6692717655017162
list:
dist: 2.151697565529652 vs. 2.151697565529652
list:
dist: 2.8695473096319106 vs. 2.8695473096319106
list:
dist: 3.381867924927996 vs. 3.381867924927996
list:
dist: 2.381735683350112 vs. 2.381735683350112
list:
dist: 1.938614009962878 vs. 1.938614009962878
list:
dist: 2.965732760089295 vs. 2.965732760089295
list:
dist: 2.5365111124520308 vs. 2.5365111124520308
list:
dist: 1.8908517920072727 vs. 1.8908517920072727
list:
dist: 2.7430218864390867 vs. 2.7430218864390867
list:
dist: 2.1010233497172237 vs. 2.1010233497172237
list:
dist: 3.2410475395314635 vs. 3.2410475395314635
list:
dist: 2.2302405853237497 vs. 2.2302405853237497
list:
dist: 1.3864375820761947 vs. 1.3864375820761947
list:
dist: 1.034899451583554 vs. 1.034899451583554
list:
dist: 1.3144417224747433 vs. 1.3144417224747433
list:
dist: 2.109708923165255 vs. 2.109708923165255
list:
dist: 2.0807319666192257 vs. 2.0807319666192257
list:
dist: 2.157361697715674 vs. 2.157361697715674
list:
dist: 0.7312966462940966 vs. 0.7312966462940966
list:
dist: 0.6841623167248365 vs. 0.6841623167248365
list:
dist: 1.188296437729993 vs. 1.188296437729993
list:
dist: 0.8070893770827227 vs. 0.8070893770827227
list:
dist: 0.7495591071597799 vs. 0.7495591071597799
list:
dist: 1.0572562121253193 vs. 1.0572562121253193
list:
dist: 0.7056200677873018 vs. 0.7056200677873018
list:
dist: 1.0441799165858423 vs. 1.0441799165858423
list:
dist: 2.6999397810257495 vs. 2.6999397810257495
list:
dist: 2.805422015261128 vs. 2.805422015261128
list:
dist: 3.350665823881492 vs. 3.350665823881492
list:
dist: 2.5831649575955447 vs. 2.5831649575955447
list:
dist: 1.8392422365437282 vs. 1.8392422365437282
list:
dist: 2.6706781206808494 vs. 2.6706781206808494
list:
dist: 1.8582030793768836 vs. 1.8582030793768836
list:
dist: 2.5849670356565655 vs. 2.5849670356565655
list:
dist: 1.6164911713062053 vs. 1.6164911713062053
list:
dist: 1.6224089314604093 vs. 1.6224089314604093
list:
dist: 1.9045671866722496 vs. 1.9045671866722496
list:
dist: 2.4652765872704214 vs. 2.4652765872704214
list:
dist: 3.4210985239839404 vs. 3.4210985239839404
list:
dist: 2.6571210641099334 vs. 2.6571210641099334
list:
dist: 2.3425388143031816 vs. 2.3425388143031816
list:
dist: 2.9627964229447086 vs. 2.9627964229447086
list:
dist: 1.934130502883399 vs. 1.934130502883399
list:
dist: 2.34046698997828 vs. 2.34046698997828
list:
dist: 2.0807319666192257 vs. 2.0807319666192257
list:
dist: 1.9851963667458483 vs. 1.9851963667458483
list:
dist: 1.9799229855656295 vs. 1.9799229855656295
list:
dist: 2.003244048894588 vs. 2.003244048894588
list:
dist: 2.4351966172610813 vs. 2.4351966172610813
list:
dist: 2.4470855355294163 vs. 2.4470855355294163
list:
dist: 2.8946192390273344 vs. 2.8946192390273344
list:
dist: 1.8291999353479518 vs. 1.8291999353479518
list:
dist: 1.2947263370142663 vs. 1.2947263370142663
list:
dist: 2.4628109369305866 vs. 2.4628109369305866
list:
dist: 2.0571717252934762 vs. 2.0571717252934762
list:
dist: 1.6579099233166952 vs. 1.6579099233166952
list:
dist: 2.4507569433831753 vs. 2.4507569433831753
list:
dist: 1.770477244840463 vs. 1.770477244840463
list:
dist: 2.88933010689822 vs. 2.88933010689822
list:
dist: 1.9306975724256201 vs. 1.9306975724256201
list:
dist: 1.3612723000944902 vs. 1.3612723000944902
list:
dist: 0.8840024451257725 vs. 0.8840024451257725
list:
dist: 1.613094725140989 vs. 1.613094725140989
list:
dist: 2.0852465316717232 vs. 2.0852465316717232
list:
dist: 2.3425388143031816 vs. 2.3425388143031816
list:
dist: 1.7112521101153444 vs. 1.7112521101153444
list:
dist: 0.9722052064653185 vs. 0.9722052064653185
list:
dist: 1.272987632432585 vs. 1.272987632432585
list:
dist: 0.9004293464340649 vs. 0.9004293464340649
list:
dist: 0.0953913049704365 vs. 0.0953913049704365
list:
dist: 0.6841623167248365 vs. 0.6841623167248365
list:
dist: 1.6706350997241626 vs. 1.6706350997241626
list:
dist: 1.3160083758121257 vs. 1.3160083758121257
list:
dist: 1.0434608388401365 vs. 1.0434608388401365
list:
dist: 0.9912934652128765 vs. 0.9912934652128765
list:
dist: 1.099033203962287 vs. 1.099033203962287
list:
dist: 2.183889999825493 vs. 2.183889999825493
list:
dist: 1.0600849180524112 vs. 1.0600849180524112
list:
dist: 1.245475663019717 vs. 1.245475663019717
list:
dist: 0.7320501146078239 vs. 0.7320501146078239
list:
dist: 1.0097933553307816 vs. 1.0097933553307816
list:
dist: 2.213285691255775 vs. 2.213285691255775
list:
dist: 1.797015977110838 vs. 1.797015977110838
list:
dist: 3.0273441297385832 vs. 3.0273441297385832
list:
dist: 3.0468207398611287 vs. 3.0468207398611287
list:
dist: 2.5831649575955447 vs. 2.5831649575955447
list:
dist: 2.717705522873872 vs. 2.717705522873872
list:
dist: 3.0025248145057577 vs. 3.0025248145057577
list:
dist: 2.0571717252934762 vs. 2.0571717252934762
list:
dist: 3.2199953047735006 vs. 3.2199953047735006
list:
dist: 2.439622273109444 vs. 2.439622273109444
list:
dist: 1.971721465575049 vs. 1.971721465575049
list:
dist: 2.5365111124520308 vs. 2.5365111124520308
list:
dist: 3.3496990059423815 vs. 3.3496990059423815
list:
dist: 2.8889213451958478 vs. 2.8889213451958478
list:
dist: 1.9488621134925384 vs. 1.9488621134925384
list:
dist: 3.574688854100196 vs. 3.574688854100196
list:
dist: 2.2148157978077565 vs. 2.2148157978077565
list:
dist: 1.7021528640904402 vs. 1.7021528640904402
list:
dist: 3.1632513967910123 vs. 3.1632513967910123
list:
dist: 1.9488621134925384 vs. 1.9488621134925384
list:
dist: 1.1023142840032476 vs. 1.1023142840032476
list:
dist: 1.7845962459421405 vs. 1.7845962459421405
list:
dist: 1.606457479103656 vs. 1.606457479103656
list:
dist: 2.598829047855665 vs. 2.598829047855665
list:
dist: 1.8517069754593527 vs. 1.8517069754593527
list:
dist: 1.2584920777229491 vs. 1.2584920777229491
list:
dist: 2.151697565529652 vs. 2.151697565529652
list:
dist: 2.8248412920648702 vs. 2.8248412920648702
list:
dist: 2.003244048894588 vs. 2.003244048894588
list:
dist: 2.71869756555594 vs. 2.71869756555594
list:
dist: 1.715266636819654 vs. 1.715266636819654
list:
dist: 1.0434608388401365 vs. 1.0434608388401365
list:
dist: 2.155171950769479 vs. 2.155171950769479
list:
dist: 1.5758348318449236 vs. 1.5758348318449236
list:
dist: 0.9992091861040653 vs. 0.9992091861040653
list:
dist: 1.0441799165858423 vs. 1.0441799165858423
list:
dist: 1.9181647630194993 vs. 1.9181647630194993
list:
dist: 1.0736855449693035 vs. 1.0736855449693035
list:
dist: 1.9134585232008123 vs. 1.9134585232008123
list:
dist: 2.4553564382851403 vs. 2.4553564382851403
list:
dist: 2.882920537304966 vs. 2.882920537304966
list:
dist: 1.7687432191004115 vs. 1.7687432191004115
list:
dist: 1.2173111797731453 vs. 1.2173111797731453
list:
dist: 2.441686926871675 vs. 2.441686926871675
list:
dist: 1.971721465575049 vs. 1.971721465575049
list:
dist: 1.5824492393925242 vs. 1.5824492393925242
list:
dist: 2.363195348145761 vs. 2.363195348145761
list:
dist: 1.7010758017016434 vs. 1.7010758017016434
list:
dist: 2.812078844699711 vs. 2.812078844699711
list:
dist: 1.9639639262035828 vs. 1.9639639262035828
list:
dist: 1.3860596758381967 vs. 1.3860596758381967
list:
dist: 0.8797866050665101 vs. 0.8797866050665101
list:
dist: 1.6819351637309161 vs. 1.6819351637309161
list:
dist: 2.1345897141005836 vs. 2.1345897141005836
list:
dist: 2.34046698997828 vs. 2.34046698997828
list:
dist: 1.7366302008383951 vs. 1.7366302008383951
list:
dist: 1.0664127482272707 vs. 1.0664127482272707
list:
dist: 0.0953913049704365 vs. 0.0953913049704365
list:
dist: 1.36416900075438 vs. 1.36416900075438
list:
dist: 0.963687357160444 vs. 0.963687357160444
list:
dist: 0.7495591071597799 vs. 0.7495591071597799
list:
dist: 1.746075040878644 vs. 1.746075040878644
list:
dist: 1.355544647137543 vs. 1.355544647137543
list:
dist: 0.9992091861040653 vs. 0.9992091861040653
list:
dist: 3.5571890188736264 vs. 3.5571890188736264
list:
dist: 1.5819301115129818 vs. 1.5819301115129818
list:
dist: 2.168219646063294 vs. 2.168219646063294
list:
dist: 2.3140864024116348 vs. 2.3140864024116348
list:
dist: 2.515999584633004 vs. 2.515999584633004
list:
dist: 1.9871036282824037 vs. 1.9871036282824037
list:
dist: 3.0468207398611287 vs. 3.0468207398611287
list:
dist: 2.9418616723434923 vs. 2.9418616723434923
list:
dist: 3.887942519750925 vs. 3.887942519750925
list:
dist: 2.578391545220004 vs. 2.578391545220004
list:
dist: 3.5250676223348023 vs. 3.5250676223348023
list:
dist: 0.9545531911319445 vs. 0.9545531911319445
list:
dist: 1.06520327806366 vs. 1.06520327806366
list:
dist: 1.6319674003333233 vs. 1.6319674003333233
list:
dist: 1.0651681613175827 vs. 1.0651681613175827
list:
dist: 2.4652765872704214 vs. 2.4652765872704214
list:
dist: 1.6594558341699441 vs. 1.6594558341699441
list:
dist: 1.9655944019738212 vs. 1.9655944019738212
list:
dist: 2.0852465316717232 vs. 2.0852465316717232
list:
dist: 1.7882662550384305 vs. 1.7882662550384305
list:
dist: 1.3139642687336281 vs. 1.3139642687336281
list:
dist: 2.1345897141005836 vs. 2.1345897141005836
list:
dist: 2.109708923165255 vs. 2.109708923165255
list:
dist: 1.9751563803805305 vs. 1.9751563803805305
list:
dist: 2.62676447561877 vs. 2.62676447561877
list:
dist: 2.8248412920648702 vs. 2.8248412920648702
list:
dist: 2.4395887599788413 vs. 2.4395887599788413
list:
dist: 3.0854491213643733 vs. 3.0854491213643733
list:
dist: 2.715011162998427 vs. 2.715011162998427
list:
dist: 2.330085343688443 vs. 2.330085343688443
list:
dist: 2.8303003677619616 vs. 2.8303003677619616
list:
dist: 3.2199953047735006 vs. 3.2199953047735006
list:
dist: 2.8738951849348444 vs. 2.8738951849348444
list:
dist: 3.719030582571564 vs. 3.719030582571564
list:
dist: 2.8823612932389713 vs. 2.8823612932389713
list:
dist: 4.01808877374221 vs. 4.01808877374221
list:
dist: 1.720644770502779 vs. 1.720644770502779
list:
dist: 1.717129937097308 vs. 1.717129937097308
list:
dist: 1.6987489875132438 vs. 1.6987489875132438
list:
dist: 1.3446356862487245 vs. 1.3446356862487245
list:
dist: 1.7882662550384305 vs. 1.7882662550384305
list:
dist: 2.9627964229447086 vs. 2.9627964229447086
list:
dist: 1.5538435537422883 vs. 1.5538435537422883
list:
dist: 0.4940464813447116 vs. 0.4940464813447116
list:
dist: 1.272987632432585 vs. 1.272987632432585
list:
dist: 1.0984340100687466 vs. 1.0984340100687466
list:
dist: 1.36416900075438 vs. 1.36416900075438
list:
dist: 1.188296437729993 vs. 1.188296437729993
list:
dist: 1.4216631961585815 vs. 1.4216631961585815
list:
dist: 1.7412468484005057 vs. 1.7412468484005057
list:
dist: 2.155171950769479 vs. 2.155171950769479
list:
dist: 2.3718146646928298 vs. 2.3718146646928298
list:
dist: 4.721221152630969 vs. 4.721221152630969
list:
dist: 2.601630986197769 vs. 2.601630986197769
list:
dist: 0.7093320218949007 vs. 0.7093320218949007
list:
dist: 1.7829254016708898 vs. 1.7829254016708898
list:
dist: 2.123456733359474 vs. 2.123456733359474
list:
dist: 0.7851899562985469 vs. 0.7851899562985469
list:
dist: 0.7902678355869854 vs. 0.7902678355869854
list:
dist: 1.9916723476322373 vs. 1.9916723476322373
list:
dist: 2.237840983198742 vs. 2.237840983198742
list:
dist: 2.426402561729608 vs. 2.426402561729608
list:
dist: 1.5819301115129818 vs. 1.5819301115129818
list:
dist: 1.087928842322319 vs. 1.087928842322319
list:
dist: 2.6866067854331477 vs. 2.6866067854331477
list:
dist: 2.4470855355294163 vs. 2.4470855355294163
list:
dist: 2.4395887599788413 vs. 2.4395887599788413
list:
dist: 2.2019248952137622 vs. 2.2019248952137622
list:
dist: 2.4553564382851403 vs. 2.4553564382851403
list:
dist: 2.8695473096319106 vs. 2.8695473096319106
list:
dist: 3.2281198252478953 vs. 3.2281198252478953
list:
dist: 1.6856992974211462 vs. 1.6856992974211462
list:
dist: 4.727486349214151 vs. 4.727486349214151
list:
dist: 1.9185148508695695 vs. 1.9185148508695695
list:
dist: 0.7093320218949007 vs. 0.7093320218949007
list:
dist: 1.7480720635946019 vs. 1.7480720635946019
list:
dist: 2.2563308124385926 vs. 2.2563308124385926
list:
dist: 0.5460167143001665 vs. 0.5460167143001665
list:
dist: 1.474712789840104 vs. 1.474712789840104
list:
dist: 2.443387120739909 vs. 2.443387120739909
list:
dist: 2.6321762131098922 vs. 2.6321762131098922
list:
dist: 3.014748886792683 vs. 3.014748886792683
list:
dist: 2.168219646063294 vs. 2.168219646063294
list:
dist: 1.6619655696775906 vs. 1.6619655696775906
list:
dist: 3.2875166366240274 vs. 3.2875166366240274
list:
dist: 2.8946192390273344 vs. 2.8946192390273344
list:
dist: 3.0854491213643733 vs. 3.0854491213643733
list:
dist: 2.744811815312762 vs. 2.744811815312762
list:
dist: 2.882920537304966 vs. 2.882920537304966
list:
dist: 3.381867924927996 vs. 3.381867924927996
list:
dist: 3.8179892719375514 vs. 3.8179892719375514
list:
dist: 2.2019248952137622 vs. 2.2019248952137622
list:
dist: 2.744811815312762 vs. 2.744811815312762
list:
dist: 2.0253828551462365 vs. 2.0253828551462365
list:
dist: 1.8336367630382702 vs. 1.8336367630382702
list:
dist: 2.3634676359149025 vs. 2.3634676359149025
list:
dist: 2.439622273109444 vs. 2.439622273109444
list:
dist: 2.017046988440335 vs. 2.017046988440335
list:
dist: 2.967436508631346 vs. 2.967436508631346
list:
dist: 1.9476933006532655 vs. 1.9476933006532655
list:
dist: 3.0857743111195766 vs. 3.0857743111195766
list:
dist: 1.529164797029539 vs. 1.529164797029539
list:
dist: 0.6850798441679503 vs. 0.6850798441679503
list:
dist: 0.687954337770959 vs. 0.687954337770959
list:
dist: 0.7297814266502509 vs. 0.7297814266502509
list:
dist: 1.3139642687336281 vs. 1.3139642687336281
list:
dist: 1.934130502883399 vs. 1.934130502883399
list:
dist: 1.6854751903455374 vs. 1.6854751903455374
list:
dist: 0.9341160317430682 vs. 0.9341160317430682
list:
dist: 0.9004293464340649 vs. 0.9004293464340649
list:
dist: 1.0984340100687466 vs. 1.0984340100687466
list:
dist: 0.963687357160444 vs. 0.963687357160444
list:
dist: 0.8070893770827227 vs. 0.8070893770827227
list:
dist: 1.132548106094644 vs. 1.132548106094644
list:
dist: 1.3844220891268217 vs. 1.3844220891268217
list:
dist: 1.5758348318449236 vs. 1.5758348318449236
list:
dist: 3.0928341159162507 vs. 3.0928341159162507
list:
dist: 3.671984504235829 vs. 3.671984504235829
list:
dist: 2.123456733359474 vs. 2.123456733359474
list:
dist: 2.2563308124385926 vs. 2.2563308124385926
list:
dist: 0.8192047523810689 vs. 0.8192047523810689
list:
dist: 1.7663395045085966 vs. 1.7663395045085966
list:
dist: 1.099033203962287 vs. 1.099033203962287
list:
dist: 1.472783285212425 vs. 1.472783285212425
list:
dist: 1.9605672912222216 vs. 1.9605672912222216
list:
dist: 1.2767609455173747 vs. 1.2767609455173747
list:
dist: 2.0805548004011176 vs. 2.0805548004011176
list:
dist: 2.044374343242225 vs. 2.044374343242225
list:
dist: 1.8434634900636728 vs. 1.8434634900636728
list:
dist: 1.408127800947996 vs. 1.408127800947996
list:
dist: 2.517132467444435 vs. 2.517132467444435
list:
dist: 2.515999584633004 vs. 2.515999584633004
list:
dist: 2.805422015261128 vs. 2.805422015261128
list:
dist: 1.7533930112155849 vs. 1.7533930112155849
list:
dist: 2.19417598348894 vs. 2.19417598348894
list:
dist: 1.2947263370142663 vs. 1.2947263370142663
list:
dist: 2.330085343688443 vs. 2.330085343688443
list:
dist: 1.8336367630382702 vs. 1.8336367630382702
list:
dist: 1.2173111797731453 vs. 1.2173111797731453
list:
dist: 1.938614009962878 vs. 1.938614009962878
list:
dist: 2.853201207099838 vs. 2.853201207099838
list:
dist: 2.4797089186401196 vs. 2.4797089186401196
list:
dist: 1.7021528640904402 vs. 1.7021528640904402
list:
dist: 1.711848454119759 vs. 1.711848454119759
list:
dist: 2.0805548004011176 vs. 2.0805548004011176
list:
dist: 2.7111829732378547 vs. 2.7111829732378547
list:
dist: 1.0097933553307816 vs. 1.0097933553307816
list:
dist: 1.5068336314232373 vs. 1.5068336314232373
list:
dist: 1.457878749138449 vs. 1.457878749138449
list:
dist: 1.1538812337880677 vs. 1.1538812337880677
list:
dist: 2.69641735756336 vs. 2.69641735756336
list:
dist: 2.4047106296498 vs. 2.4047106296498
list:
dist: 3.538414747674239 vs. 3.538414747674239
list:
dist: 3.5250676223348023 vs. 3.5250676223348023
list:
dist: 2.5849670356565655 vs. 2.5849670356565655
list:
dist: 3.541663384335938 vs. 3.541663384335938
list:
dist: 3.7822548853851865 vs. 3.7822548853851865
list:
dist: 2.88933010689822 vs. 2.88933010689822
list:
dist: 4.01808877374221 vs. 4.01808877374221
list:
dist: 3.0857743111195766 vs. 3.0857743111195766
list:
dist: 2.812078844699711 vs. 2.812078844699711
list:
dist: 3.2410475395314635 vs. 3.2410475395314635
list:
dist: 3.8858357706005893 vs. 3.8858357706005893
list:
dist: 3.4756910256865634 vs. 3.4756910256865634
list:
dist: 2.598829047855665 vs. 2.598829047855665
list:
dist: 3.858742012659012 vs. 3.858742012659012
list:
dist: 3.4545216149299396 vs. 3.4545216149299396
list:
dist: 1.087928842322319 vs. 1.087928842322319
list:
dist: 1.6619655696775906 vs. 1.6619655696775906
list:
dist: 1.873469110325859 vs. 1.873469110325859
list:
dist: 1.7533930112155849 vs. 1.7533930112155849
list:
dist: 1.5184076541009568 vs. 1.5184076541009568
list:
dist: 2.717705522873872 vs. 2.717705522873872
list:
dist: 2.9214763848331815 vs. 2.9214763848331815
list:
dist: 3.650844970634249 vs. 3.650844970634249
list:
dist: 2.6220629310323194 vs. 2.6220629310323194
list:
dist: 3.541663384335938 vs. 3.541663384335938
list:
dist: 0.7991933764669935 vs. 0.7991933764669935
list:
dist: 1.8376686951737025 vs. 1.8376686951737025
list:
dist: 1.889698907316256 vs. 1.889698907316256
list:
dist: 2.0773120881790765 vs. 2.0773120881790765
list:
dist: 1.6594558341699441 vs. 1.6594558341699441
list:
dist: 3.4210985239839404 vs. 3.4210985239839404
list:
dist: 1.8300811361726919 vs. 1.8300811361726919
list:
dist: 1.7112521101153444 vs. 1.7112521101153444
list:
dist: 1.5538435537422883 vs. 1.5538435537422883
list:
dist: 1.6854751903455374 vs. 1.6854751903455374
list:
dist: 1.7366302008383951 vs. 1.7366302008383951
list:
dist: 2.157361697715674 vs. 2.157361697715674
list:
dist: 2.6608012974182804 vs. 2.6608012974182804
list:
dist: 2.8613447211560374 vs. 2.8613447211560374
list:
dist: 2.71869756555594 vs. 2.71869756555594
list:
dist: 1.116748919563141 vs. 1.116748919563141
list:
dist: 1.2767609455173747 vs. 1.2767609455173747
list:
dist: 2.206457158765506 vs. 2.206457158765506
list:
dist: 0.7320501146078239 vs. 0.7320501146078239
list:
dist: 0.7052734322567149 vs. 0.7052734322567149
list:
dist: 1.4095440517273938 vs. 1.4095440517273938
list:
dist: 1.1538812337880677 vs. 1.1538812337880677
list:
dist: 1.6441490052226277 vs. 1.6441490052226277
list:
dist: 1.262700525738767 vs. 1.262700525738767
list:
dist: 2.4523353662480374 vs. 2.4523353662480374
list:
dist: 2.578391545220004 vs. 2.578391545220004
list:
dist: 1.8582030793768836 vs. 1.8582030793768836
list:
dist: 2.6220629310323194 vs. 2.6220629310323194
list:
dist: 2.633571081416677 vs. 2.633571081416677
list:
dist: 1.770477244840463 vs. 1.770477244840463
list:
dist: 2.8823612932389713 vs. 2.8823612932389713
list:
dist: 1.9476933006532655 vs. 1.9476933006532655
list:
dist: 1.7010758017016434 vs. 1.7010758017016434
list:
dist: 2.1010233497172237 vs. 2.1010233497172237
list:
dist: 2.772421357518071 vs. 2.772421357518071
list:
dist: 2.4009756232378683 vs. 2.4009756232378683
list:
dist: 1.606457479103656 vs. 1.606457479103656
list:
dist: 3.1300533563387254 vs. 3.1300533563387254
list:
dist: 2.9202373701969013 vs. 2.9202373701969013
list:
dist: 2.4797089186401196 vs. 2.4797089186401196
list:
dist: 3.603697654980008 vs. 3.603697654980008
list:
dist: 2.8889213451958478 vs. 2.8889213451958478
list:
dist: 2.0322469283939926 vs. 2.0322469283939926
list:
dist: 2.812594644554805 vs. 2.812594644554805
list:
dist: 2.4009756232378683 vs. 2.4009756232378683
list:
dist: 3.4756910256865634 vs. 3.4756910256865634
list:
dist: 1.8517191958473112 vs. 1.8517191958473112
list:
dist: 1.5149994365806716 vs. 1.5149994365806716
list:
dist: 1.6692717655017162 vs. 1.6692717655017162
list:
dist: 2.62676447561877 vs. 2.62676447561877
list:
dist: 1.9799229855656295 vs. 1.9799229855656295
list:
dist: 2.8613447211560374 vs. 2.8613447211560374
list:
dist: 1.2611012448163572 vs. 1.2611012448163572
list:
dist: 1.3160083758121257 vs. 1.3160083758121257
list:
dist: 1.7412468484005057 vs. 1.7412468484005057
list:
dist: 1.3844220891268217 vs. 1.3844220891268217
list:
dist: 1.355544647137543 vs. 1.355544647137543
list:
dist: 0.7056200677873018 vs. 0.7056200677873018
list:
dist: 1.038852122947102 vs. 1.038852122947102
list:
dist: 1.0736855449693035 vs. 1.0736855449693035
list:
dist: 1.7083050600162628 vs. 1.7083050600162628
list:
dist: 2.1853458953188594 vs. 2.1853458953188594
list:
dist: 1.9605672912222216 vs. 1.9605672912222216
list:
dist: 3.3955534303815402 vs. 3.3955534303815402
list:
dist: 1.245475663019717 vs. 1.245475663019717
list:
dist: 0.9922067665250971 vs. 0.9922067665250971
list:
dist: 1.4095440517273938 vs. 1.4095440517273938
list:
dist: 1.457878749138449 vs. 1.457878749138449
list:
dist: 2.884347139444475 vs. 2.884347139444475
list:
dist: 2.3427619319740094 vs. 2.3427619319740094
list:
dist: 3.5476893572559316 vs. 3.5476893572559316
list:
dist: 3.887942519750925 vs. 3.887942519750925
list:
dist: 2.6706781206808494 vs. 2.6706781206808494
list:
dist: 3.650844970634249 vs. 3.650844970634249
list:
dist: 3.3642105177896564 vs. 3.3642105177896564
list:
dist: 2.4507569433831753 vs. 2.4507569433831753
list:
dist: 3.719030582571564 vs. 3.719030582571564
list:
dist: 2.967436508631346 vs. 2.967436508631346
list:
dist: 2.363195348145761 vs. 2.363195348145761
list:
dist: 2.7430218864390867 vs. 2.7430218864390867
list:
dist: 3.564837604685537 vs. 3.564837604685537
list:
dist: 2.812594644554805 vs. 2.812594644554805
list:
dist: 1.7845962459421405 vs. 1.7845962459421405
list:
dist: 2.881462326928311 vs. 2.881462326928311
list:
dist: 2.6866067854331477 vs. 2.6866067854331477
list:
dist: 3.2875166366240274 vs. 3.2875166366240274
list:
dist: 2.641006555954322 vs. 2.641006555954322
list:
dist: 2.19417598348894 vs. 2.19417598348894
list:
dist: 2.961674695851103 vs. 2.961674695851103
list:
dist: 3.0025248145057577 vs. 3.0025248145057577
list:
dist: 2.5280832213875657 vs. 2.5280832213875657
list:
dist: 3.3642105177896564 vs. 3.3642105177896564
list:
dist: 2.633571081416677 vs. 2.633571081416677
list:
dist: 3.7822548853851865 vs. 3.7822548853851865
list:
dist: 1.9843968521871092 vs. 1.9843968521871092
list:
dist: 1.6172041807160238 vs. 1.6172041807160238
list:
dist: 1.4650960508120314 vs. 1.4650960508120314
list:
dist: 1.298955746605112 vs. 1.298955746605112
list:
dist: 1.9655944019738212 vs. 1.9655944019738212
list:
dist: 2.6571210641099334 vs. 2.6571210641099334
list:
dist: 1.8300811361726919 vs. 1.8300811361726919
list:
dist: 0.9722052064653185 vs. 0.9722052064653185
list:
dist: 0.4940464813447116 vs. 0.4940464813447116
list:
dist: 0.9341160317430682 vs. 0.9341160317430682
list:
dist: 1.0664127482272707 vs. 1.0664127482272707
list:
dist: 0.7312966462940966 vs. 0.7312966462940966
list:
dist: 1.1521077308498748 vs. 1.1521077308498748
list:
dist: 1.2611012448163572 vs. 1.2611012448163572
list:
dist: 1.715266636819654 vs. 1.715266636819654
list:
dist: 3.2281198252478953 vs. 3.2281198252478953
list:
dist: 3.8179892719375514 vs. 3.8179892719375514
list:
dist: 3.1084788390767923 vs. 3.1084788390767923
list:
dist: 2.853201207099838 vs. 2.853201207099838
list:
dist: 3.4677270593496066 vs. 3.4677270593496066
list:
dist: 3.3496990059423815 vs. 3.3496990059423815
list:
dist: 2.641877565146494 vs. 2.641877565146494
list:
dist: 3.564837604685537 vs. 3.564837604685537
list:
dist: 2.772421357518071 vs. 2.772421357518071
list:
dist: 3.8858357706005893 vs. 3.8858357706005893
list:
dist: 2.479736516017789 vs. 2.479736516017789
list:
dist: 1.5605583626047121 vs. 1.5605583626047121
list:
dist: 1.606768601795083 vs. 1.606768601795083
list:
dist: 0.9186309078059773 vs. 0.9186309078059773
list:
dist: 1.9751563803805305 vs. 1.9751563803805305
list:
dist: 1.9851963667458483 vs. 1.9851963667458483
list:
dist: 2.6608012974182804 vs. 2.6608012974182804
list:
dist: 1.1521077308498748 vs. 1.1521077308498748
list:
dist: 1.6706350997241626 vs. 1.6706350997241626
list:
dist: 1.4216631961585815 vs. 1.4216631961585815
list:
dist: 1.132548106094644 vs. 1.132548106094644
list:
dist: 1.746075040878644 vs. 1.746075040878644
list:
dist: 1.0572562121253193 vs. 1.0572562121253193
list:
dist: 1.038852122947102 vs. 1.038852122947102
list:
dist: 1.9181647630194993 vs. 1.9181647630194993
list:
dist: 3.574688854100196 vs. 3.574688854100196
list:
dist: 2.526320906212102 vs. 2.526320906212102
list:
dist: 2.881462326928311 vs. 2.881462326928311
list:
dist: 3.1300533563387254 vs. 3.1300533563387254
list:
dist: 3.858742012659012 vs. 3.858742012659012
list:
dist: 2.4351966172610813 vs. 2.4351966172610813
list:
dist: 3.030238598739573 vs. 3.030238598739573
list:
dist: 1.7083050600162628 vs. 1.7083050600162628
list:
dist: 1.9134585232008123 vs. 1.9134585232008123
400
500
Neighbor List consistency Check...
--------
nle(id0,id1,dist): 5 6 2.4664255978685334
list:
dist: 2.4664255978685334 vs. 2.4664255978685334
--------
nle(id0,id1,dist): 5 7 1.5757031406169912
list:
dist: 1.5757031406169912 vs. 1.5757031406169912
--------
nle(id0,id1,dist): 5 20 3.639861768587804
list:
dist: 3.639861768587804 vs. 3.639861768587804
--------
nle(id0,id1,dist): 5 22 2.7771576449178696
list:
dist: 2.7771576449178696 vs. 2.7771576449178696
--------
nle(id0,id1,dist): 5 17 3.43992297537585
list:
dist: 3.43992297537585 vs. 3.43992297537585
--------
nle(id0,id1,dist): 5 16 4.66529029858813
list:
dist: 4.66529029858813 vs. 4.66529029858813
--------
nle(id0,id1,dist): 5 19 3.819587457213792
list:
dist: 3.819587457213792 vs. 3.819587457213792
--------
nle(id0,id1,dist): 5 18 2.727925735030025
list:
dist: 2.727925735030025 vs. 2.727925735030025
--------
nle(id0,id1,dist): 5 13 1.9459478768464082
list:
dist: 1.9459478768464082 vs. 1.9459478768464082
--------
nle(id0,id1,dist): 5 12 2.6983330012537046
list:
dist: 2.6983330012537046 vs. 2.6983330012537046
--------
nle(id0,id1,dist): 5 15 1.0661369210074576
list:
dist: 1.0661369210074576 vs. 1.0661369210074576
--------
nle(id0,id1,dist): 5 14 3.392197713481562
list:
dist: 3.392197713481562 vs. 3.392197713481562
--------
nle(id0,id1,dist): 5 9 0.39627822959860914
list:
dist: 0.39627822959860914 vs. 0.39627822959860914
--------
nle(id0,id1,dist): 5 8 2.578389831002284
list:
dist: 2.578389831002284 vs. 2.578389831002284
--------
nle(id0,id1,dist): 5 10 3.4315108768988973
list:
dist: 3.4315108768988973 vs. 3.4315108768988973
--------
nle(id0,id1,dist): 4 11 2.1979217575614505
list:
dist: 2.1979217575614505 vs. 2.1979217575614505
--------
nle(id0,id1,dist): 4 12 1.287695048497
list:
dist: 1.287695048497 vs. 1.287695048497
--------
nle(id0,id1,dist): 4 9 2.2227162889803314
list:
dist: 2.2227162889803314 vs. 2.2227162889803314
--------
nle(id0,id1,dist): 4 10 1.1404078167996148
list:
dist: 1.1404078167996148 vs. 1.1404078167996148
--------
nle(id0,id1,dist): 4 7 2.786757411958621
list:
dist: 2.786757411958621 vs. 2.786757411958621
--------
nle(id0,id1,dist): 4 8 1.5901183608092926
list:
dist: 1.5901183608092926 vs. 1.5901183608092926
--------
nle(id0,id1,dist): 4 5 2.589833162792596
list:
dist: 2.589833162792596 vs. 2.589833162792596
--------
nle(id0,id1,dist): 4 6 0.4561903365899015
list:
dist: 0.4561903365899015 vs. 0.4561903365899015
--------
nle(id0,id1,dist): 4 28 2.4207293614859093
list:
dist: 2.4207293614859093 vs. 2.4207293614859093
--------
nle(id0,id1,dist): 4 24 2.5728148131065107
list:
dist: 2.5728148131065107 vs. 2.5728148131065107
--------
nle(id0,id1,dist): 4 23 2.745494303142444
list:
dist: 2.745494303142444 vs. 2.745494303142444
--------
nle(id0,id1,dist): 4 21 2.1891459514219815
list:
dist: 2.1891459514219815 vs. 2.1891459514219815
--------
nle(id0,id1,dist): 4 20 1.0720349576729884
list:
dist: 1.0720349576729884 vs. 1.0720349576729884
--------
nle(id0,id1,dist): 4 19 2.1992740875519265
list:
dist: 2.1992740875519265 vs. 2.1992740875519265
--------
nle(id0,id1,dist): 4 18 1.543579601625369
list:
dist: 1.543579601625369 vs. 1.543579601625369
--------
nle(id0,id1,dist): 4 17 1.1906344825809807
list:
dist: 1.1906344825809807 vs. 1.1906344825809807
--------
nle(id0,id1,dist): 4 15 1.5717919004863752
list:
dist: 1.5717919004863752 vs. 1.5717919004863752
--------
nle(id0,id1,dist): 4 14 1.0591312462253666
list:
dist: 1.0591312462253666 vs. 1.0591312462253666
--------
nle(id0,id1,dist): 4 13 0.7220245184495023
list:
dist: 0.7220245184495023 vs. 0.7220245184495023
--------
nle(id0,id1,dist): 6 28 2.302627235052066
list:
dist: 2.302627235052066 vs. 2.302627235052066
--------
nle(id0,id1,dist): 6 19 2.084408464888401
list:
dist: 2.084408464888401 vs. 2.084408464888401
--------
nle(id0,id1,dist): 6 20 1.3391494963786152
list:
dist: 1.3391494963786152 vs. 1.3391494963786152
--------
nle(id0,id1,dist): 6 21 2.3668167310436217
list:
dist: 2.3668167310436217 vs. 2.3668167310436217
--------
nle(id0,id1,dist): 6 23 2.77353383865003
list:
dist: 2.77353383865003 vs. 2.77353383865003
--------
nle(id0,id1,dist): 6 24 2.5347964024879173
list:
dist: 2.5347964024879173 vs. 2.5347964024879173
--------
nle(id0,id1,dist): 7 9 1.6624488027220585
list:
dist: 1.6624488027220585 vs. 1.6624488027220585
--------
nle(id0,id1,dist): 7 8 1.8441491326000958
list:
dist: 1.8441491326000958 vs. 1.8441491326000958
--------
nle(id0,id1,dist): 7 10 3.1427955628079727
list:
dist: 3.1427955628079727 vs. 3.1427955628079727
--------
nle(id0,id1,dist): 7 13 2.107478226659406
list:
dist: 2.107478226659406 vs. 2.107478226659406
--------
nle(id0,id1,dist): 7 12 2.131715329617989
list:
dist: 2.131715329617989 vs. 2.131715329617989
--------
nle(id0,id1,dist): 5 26 2.932072325888591
list:
dist: 2.932072325888591 vs. 2.932072325888591
--------
nle(id0,id1,dist): 5 27 3.980206872569647
list:
dist: 3.980206872569647 vs. 3.980206872569647
--------
nle(id0,id1,dist): 5 28 3.4505891774797135
list:
dist: 3.4505891774797135 vs. 3.4505891774797135
--------
nle(id0,id1,dist): 6 14 0.9447713028537001
list:
dist: 0.9447713028537001 vs. 0.9447713028537001
--------
nle(id0,id1,dist): 6 13 0.5920779826168681
list:
dist: 0.5920779826168681 vs. 0.5920779826168681
--------
nle(id0,id1,dist): 6 12 1.1802268451825861
list:
dist: 1.1802268451825861 vs. 1.1802268451825861
--------
nle(id0,id1,dist): 6 11 2.3458031547638876
list:
dist: 2.3458031547638876 vs. 2.3458031547638876
--------
nle(id0,id1,dist): 6 18 1.645860307379949
list:
dist: 1.645860307379949 vs. 1.645860307379949
--------
nle(id0,id1,dist): 6 17 1.342727692658625
list:
dist: 1.342727692658625 vs. 1.342727692658625
--------
nle(id0,id1,dist): 6 15 1.4563605826300094
list:
dist: 1.4563605826300094 vs. 1.4563605826300094
--------
nle(id0,id1,dist): 6 10 1.347310374433696
list:
dist: 1.347310374433696 vs. 1.347310374433696
--------
nle(id0,id1,dist): 6 9 2.094095842081813
list:
dist: 2.094095842081813 vs. 2.094095842081813
--------
nle(id0,id1,dist): 6 8 1.5866881787749456
list:
dist: 1.5866881787749456 vs. 1.5866881787749456
--------
nle(id0,id1,dist): 6 7 2.625759483415332
list:
dist: 2.625759483415332 vs. 2.625759483415332
--------
nle(id0,id1,dist): 8 14 2.135284872117452
list:
dist: 2.135284872117452 vs. 2.135284872117452
--------
nle(id0,id1,dist): 8 13 1.31881622331079
list:
dist: 1.31881622331079 vs. 1.31881622331079
--------
nle(id0,id1,dist): 8 15 1.6512310434884183
list:
dist: 1.6512310434884183 vs. 1.6512310434884183
--------
nle(id0,id1,dist): 8 10 1.389549752349636
list:
dist: 1.389549752349636 vs. 1.389549752349636
--------
nle(id0,id1,dist): 8 9 2.3708148025338316
list:
dist: 2.3708148025338316 vs. 2.3708148025338316
--------
nle(id0,id1,dist): 8 12 0.5988967075873175
list:
dist: 0.5988967075873175 vs. 0.5988967075873175
--------
nle(id0,id1,dist): 8 18 3.019456929518024
list:
dist: 3.019456929518024 vs. 3.019456929518024
--------
nle(id0,id1,dist): 8 17 2.741571969734115
list:
dist: 2.741571969734115 vs. 2.741571969734115
--------
nle(id0,id1,dist): 8 20 2.0125009549745823
list:
dist: 2.0125009549745823 vs. 2.0125009549745823
--------
nle(id0,id1,dist): 8 19 3.6575098946260622
list:
dist: 3.6575098946260622 vs. 3.6575098946260622
--------
nle(id0,id1,dist): 8 28 3.869269846103048
list:
dist: 3.869269846103048 vs. 3.869269846103048
--------
nle(id0,id1,dist): 7 20 3.6259732046589375
list:
dist: 3.6259732046589375 vs. 3.6259732046589375
--------
nle(id0,id1,dist): 7 19 4.477379745967093
list:
dist: 4.477379745967093 vs. 4.477379745967093
--------
nle(id0,id1,dist): 7 18 3.6531547100840926
list:
dist: 3.6531547100840926 vs. 3.6531547100840926
--------
nle(id0,id1,dist): 7 17 3.9114251938048437
list:
dist: 3.9114251938048437 vs. 3.9114251938048437
--------
nle(id0,id1,dist): 7 15 1.5120670426155158
list:
dist: 1.5120670426155158 vs. 1.5120670426155158
--------
nle(id0,id1,dist): 7 14 3.4449379537167237
list:
dist: 3.4449379537167237 vs. 3.4449379537167237
--------
nle(id0,id1,dist): 7 28 4.377445093221301
list:
dist: 4.377445093221301 vs. 4.377445093221301
--------
nle(id0,id1,dist): 10 12 1.133358974845747
list:
dist: 1.133358974845747 vs. 1.133358974845747
--------
nle(id0,id1,dist): 10 11 1.347133974309894
list:
dist: 1.347133974309894 vs. 1.347133974309894
--------
nle(id0,id1,dist): 10 14 1.3038538018923327
list:
dist: 1.3038538018923327 vs. 1.3038538018923327
--------
nle(id0,id1,dist): 10 13 1.569120622424583
list:
dist: 1.569120622424583 vs. 1.569120622424583
--------
nle(id0,id1,dist): 10 15 2.3724558428488782
list:
dist: 2.3724558428488782 vs. 2.3724558428488782
--------
nle(id0,id1,dist): 10 17 1.8294840291357204
list:
dist: 1.8294840291357204 vs. 1.8294840291357204
--------
nle(id0,id1,dist): 10 18 2.589199899922575
list:
dist: 2.589199899922575 vs. 2.589199899922575
--------
nle(id0,id1,dist): 10 19 2.9473871926526383
list:
dist: 2.9473871926526383 vs. 2.9473871926526383
--------
nle(id0,id1,dist): 10 20 0.7201530214339436
list:
dist: 0.7201530214339436 vs. 0.7201530214339436
--------
nle(id0,id1,dist): 10 21 2.311345695564907
list:
dist: 2.311345695564907 vs. 2.311345695564907
--------
nle(id0,id1,dist): 10 23 2.435995904809728
list:
dist: 2.435995904809728 vs. 2.435995904809728
--------
nle(id0,id1,dist): 10 24 3.2950696419633214
list:
dist: 3.2950696419633214 vs. 3.2950696419633214
--------
nle(id0,id1,dist): 10 28 3.3835120244713797
list:
dist: 3.3835120244713797 vs. 3.3835120244713797
--------
nle(id0,id1,dist): 9 10 3.1139247605839855
list:
dist: 3.1139247605839855 vs. 3.1139247605839855
--------
nle(id0,id1,dist): 9 15 0.7575161704439899
list:
dist: 0.7575161704439899 vs. 0.7575161704439899
--------
nle(id0,id1,dist): 9 14 3.015805516001433
list:
dist: 3.015805516001433 vs. 3.015805516001433
--------
nle(id0,id1,dist): 9 13 1.5943418321240876
list:
dist: 1.5943418321240876 vs. 1.5943418321240876
--------
nle(id0,id1,dist): 9 12 2.4305420269523306
list:
dist: 2.4305420269523306 vs. 2.4305420269523306
--------
nle(id0,id1,dist): 9 19 3.4353507569525688
list:
dist: 3.4353507569525688 vs. 3.4353507569525688
--------
nle(id0,id1,dist): 9 18 2.360140279115161
list:
dist: 2.360140279115161 vs. 2.360140279115161
--------
nle(id0,id1,dist): 9 17 3.047980303429546
list:
dist: 3.047980303429546 vs. 3.047980303429546
--------
nle(id0,id1,dist): 9 16 4.38639941832504
list:
dist: 4.38639941832504 vs. 4.38639941832504
--------
nle(id0,id1,dist): 9 22 2.5123632995794445
list:
dist: 2.5123632995794445 vs. 2.5123632995794445
--------
nle(id0,id1,dist): 9 20 3.2831722439106676
list:
dist: 3.2831722439106676 vs. 3.2831722439106676
--------
nle(id0,id1,dist): 9 26 2.664169622421331
list:
dist: 2.664169622421331 vs. 2.664169622421331
--------
nle(id0,id1,dist): 9 27 3.6372276785823376
list:
dist: 3.6372276785823376 vs. 3.6372276785823376
--------
nle(id0,id1,dist): 9 28 3.093371953623786
list:
dist: 3.093371953623786 vs. 3.093371953623786
--------
nle(id0,id1,dist): 12 20 1.6798635237605943
list:
dist: 1.6798635237605943 vs. 1.6798635237605943
--------
nle(id0,id1,dist): 12 19 3.178154522752898
list:
dist: 3.178154522752898 vs. 3.178154522752898
--------
nle(id0,id1,dist): 12 18 2.7676446043386114
list:
dist: 2.7676446043386114 vs. 2.7676446043386114
--------
nle(id0,id1,dist): 12 17 2.356643074635395
list:
dist: 2.356643074635395 vs. 2.356643074635395
--------
nle(id0,id1,dist): 12 15 1.6902404564144151
list:
dist: 1.6902404564144151 vs. 1.6902404564144151
--------
nle(id0,id1,dist): 12 14 1.6048685478117761
list:
dist: 1.6048685478117761 vs. 1.6048685478117761
--------
nle(id0,id1,dist): 12 13 1.1102319728894394
list:
dist: 1.1102319728894394 vs. 1.1102319728894394
--------
nle(id0,id1,dist): 11 28 3.7995257589592026
list:
dist: 3.7995257589592026 vs. 3.7995257589592026
--------
nle(id0,id1,dist): 11 23 1.4718852524396773
list:
dist: 1.4718852524396773 vs. 1.4718852524396773
--------
nle(id0,id1,dist): 11 24 3.368650835720912
list:
dist: 3.368650835720912 vs. 3.368650835720912
--------
nle(id0,id1,dist): 11 19 3.1222889681196895
list:
dist: 3.1222889681196895 vs. 3.1222889681196895
--------
nle(id0,id1,dist): 11 18 3.315861043992961
list:
dist: 3.315861043992961 vs. 3.315861043992961
--------
nle(id0,id1,dist): 11 21 1.9462475547795002
list:
dist: 1.9462475547795002 vs. 1.9462475547795002
--------
nle(id0,id1,dist): 11 20 1.1967020497940593
list:
dist: 1.1967020497940593 vs. 1.1967020497940593
--------
nle(id0,id1,dist): 11 14 1.6955307788144376
list:
dist: 1.6955307788144376 vs. 1.6955307788144376
--------
nle(id0,id1,dist): 11 17 2.194783442539689
list:
dist: 2.194783442539689 vs. 2.194783442539689
--------
nle(id0,id1,dist): 11 12 2.291948953630051
list:
dist: 2.291948953630051 vs. 2.291948953630051
--------
nle(id0,id1,dist): 13 28 2.6102789752829576
list:
dist: 2.6102789752829576 vs. 2.6102789752829576
--------
nle(id0,id1,dist): 13 18 1.786868315545984
list:
dist: 1.786868315545984 vs. 1.786868315545984
--------
nle(id0,id1,dist): 13 19 2.548561355859092
list:
dist: 2.548561355859092 vs. 2.548561355859092
--------
nle(id0,id1,dist): 13 17 1.8046479470909704
list:
dist: 1.8046479470909704 vs. 1.8046479470909704
--------
nle(id0,id1,dist): 13 20 1.7340281734798193
list:
dist: 1.7340281734798193 vs. 1.7340281734798193
--------
nle(id0,id1,dist): 13 15 0.8971821275633842
list:
dist: 0.8971821275633842 vs. 0.8971821275633842
--------
nle(id0,id1,dist): 13 14 1.5253627024204335
list:
dist: 1.5253627024204335 vs. 1.5253627024204335
--------
nle(id0,id1,dist): 12 21 3.1461411828306813
list:
dist: 3.1461411828306813 vs. 3.1461411828306813
--------
nle(id0,id1,dist): 12 23 3.178037279912125
list:
dist: 3.178037279912125 vs. 3.178037279912125
--------
nle(id0,id1,dist): 12 24 3.647428365242293
list:
dist: 3.647428365242293 vs. 3.647428365242293
--------
nle(id0,id1,dist): 12 28 3.462774311445968
list:
dist: 3.462774311445968 vs. 3.462774311445968
--------
nle(id0,id1,dist): 15 28 2.9809172229047562
list:
dist: 2.9809172229047562 vs. 2.9809172229047562
--------
nle(id0,id1,dist): 15 20 2.6002578838498525
list:
dist: 2.6002578838498525 vs. 2.6002578838498525
--------
nle(id0,id1,dist): 15 19 3.140152121564741
list:
dist: 3.140152121564741 vs. 3.140152121564741
--------
nle(id0,id1,dist): 15 18 2.14551185860172
list:
dist: 2.14551185860172 vs. 2.14551185860172
--------
nle(id0,id1,dist): 15 17 2.559413447448181
list:
dist: 2.559413447448181 vs. 2.559413447448181
--------
nle(id0,id1,dist): 14 28 2.319420250618491
list:
dist: 2.319420250618491 vs. 2.319420250618491
--------
nle(id0,id1,dist): 14 15 2.3953189608010175
list:
dist: 2.3953189608010175 vs. 2.3953189608010175
--------
nle(id0,id1,dist): 14 18 2.013956774920496
list:
dist: 2.013956774920496 vs. 2.013956774920496
--------
nle(id0,id1,dist): 14 17 1.1105405089368359
list:
dist: 1.1105405089368359 vs. 1.1105405089368359
--------
nle(id0,id1,dist): 14 24 2.2035864328028656
list:
dist: 2.2035864328028656 vs. 2.2035864328028656
--------
nle(id0,id1,dist): 14 23 1.8491206298650509
list:
dist: 1.8491206298650509 vs. 1.8491206298650509
--------
nle(id0,id1,dist): 14 20 1.011880896696999
list:
dist: 1.011880896696999 vs. 1.011880896696999
--------
nle(id0,id1,dist): 14 19 1.7680282643081124
list:
dist: 1.7680282643081124 vs. 1.7680282643081124
--------
nle(id0,id1,dist): 14 21 1.7378772033376528
list:
dist: 1.7378772033376528 vs. 1.7378772033376528
--------
nle(id0,id1,dist): 17 18 1.2092045116167303
list:
dist: 1.2092045116167303 vs. 1.2092045116167303
--------
nle(id0,id1,dist): 17 19 1.3338316033593869
list:
dist: 1.3338316033593869 vs. 1.3338316033593869
--------
nle(id0,id1,dist): 17 22 2.628600652555858
list:
dist: 2.628600652555858 vs. 2.628600652555858
--------
nle(id0,id1,dist): 17 23 2.134858961927261
list:
dist: 2.134858961927261 vs. 2.134858961927261
--------
nle(id0,id1,dist): 17 20 1.2335252590473573
list:
dist: 1.2335252590473573 vs. 1.2335252590473573
--------
nle(id0,id1,dist): 17 21 1.1744093964632343
list:
dist: 1.1744093964632343 vs. 1.1744093964632343
--------
nle(id0,id1,dist): 17 26 2.4563870042322518
list:
dist: 2.4563870042322518 vs. 2.4563870042322518
--------
nle(id0,id1,dist): 17 27 1.9352698516797677
list:
dist: 1.9352698516797677 vs. 1.9352698516797677
--------
nle(id0,id1,dist): 17 24 1.5390733233957772
list:
dist: 1.5390733233957772 vs. 1.5390733233957772
--------
nle(id0,id1,dist): 16 17 3.290784294848517
list:
dist: 3.290784294848517 vs. 3.290784294848517
--------
nle(id0,id1,dist): 16 18 2.574783422422536
list:
dist: 2.574783422422536 vs. 2.574783422422536
--------
nle(id0,id1,dist): 16 19 2.7088351933258097
list:
dist: 2.7088351933258097 vs. 2.7088351933258097
--------
nle(id0,id1,dist): 16 21 3.6632244099564724
list:
dist: 3.6632244099564724 vs. 3.6632244099564724
--------
nle(id0,id1,dist): 16 22 2.054539593744993
list:
dist: 2.054539593744993 vs. 2.054539593744993
--------
nle(id0,id1,dist): 16 24 2.3357770188609592
list:
dist: 2.3357770188609592 vs. 2.3357770188609592
--------
nle(id0,id1,dist): 16 26 1.79026143899452
list:
dist: 1.79026143899452 vs. 1.79026143899452
--------
nle(id0,id1,dist): 16 27 1.3688790272816154
list:
dist: 1.3688790272816154 vs. 1.3688790272816154
--------
nle(id0,id1,dist): 16 28 2.106662563299928
list:
dist: 2.106662563299928 vs. 2.106662563299928
--------
nle(id0,id1,dist): 16 29 1.7594687451955275
list:
dist: 1.7594687451955275 vs. 1.7594687451955275
--------
nle(id0,id1,dist): 1 2 1.8445869837367257
list:
dist: 1.8445869837367257 vs. 1.8445869837367257
--------
nle(id0,id1,dist): 1 4 2.6071236631623225
list:
dist: 2.6071236631623225 vs. 2.6071236631623225
--------
nle(id0,id1,dist): 1 5 1.132093476570563
list:
dist: 1.132093476570563 vs. 1.132093476570563
--------
nle(id0,id1,dist): 1 6 2.67994996460157
list:
dist: 2.67994996460157 vs. 2.67994996460157
--------
nle(id0,id1,dist): 1 7 2.239514989855418
list:
dist: 2.239514989855418 vs. 2.239514989855418
--------
nle(id0,id1,dist): 1 8 2.7634578213255288
list:
dist: 2.7634578213255288 vs. 2.7634578213255288
--------
nle(id0,id1,dist): 1 9 1.1638475302876148
list:
dist: 1.1638475302876148 vs. 1.1638475302876148
--------
nle(id0,id1,dist): 1 10 3.4123553183012785
list:
dist: 3.4123553183012785 vs. 3.4123553183012785
--------
nle(id0,id1,dist): 1 28 3.6243258043282363
list:
dist: 3.6243258043282363 vs. 3.6243258043282363
--------
nle(id0,id1,dist): 2 5 2.006037318510008
list:
dist: 2.006037318510008 vs. 2.006037318510008
--------
nle(id0,id1,dist): 2 6 1.466711432931704
list:
dist: 1.466711432931704 vs. 1.466711432931704
--------
nle(id0,id1,dist): 2 3 2.097752239223341
list:
dist: 2.097752239223341 vs. 2.097752239223341
--------
nle(id0,id1,dist): 2 4 1.2971687815269588
list:
dist: 1.2971687815269588 vs. 1.2971687815269588
--------
nle(id0,id1,dist): 1 15 1.4741375559678085
list:
dist: 1.4741375559678085 vs. 1.4741375559678085
--------
nle(id0,id1,dist): 1 14 3.597460781120676
list:
dist: 3.597460781120676 vs. 3.597460781120676
--------
nle(id0,id1,dist): 1 13 2.162688661883884
list:
dist: 2.162688661883884 vs. 2.162688661883884
--------
nle(id0,id1,dist): 1 12 2.985629900662593
list:
dist: 2.985629900662593 vs. 2.985629900662593
--------
nle(id0,id1,dist): 1 19 4.006698582245818
list:
dist: 4.006698582245818 vs. 4.006698582245818
--------
nle(id0,id1,dist): 1 18 2.5691912963689094
list:
dist: 2.5691912963689094 vs. 2.5691912963689094
--------
nle(id0,id1,dist): 1 17 3.376734987906458
list:
dist: 3.376734987906458 vs. 3.376734987906458
--------
nle(id0,id1,dist): 1 16 4.4824259656549765
list:
dist: 4.4824259656549765 vs. 4.4824259656549765
--------
nle(id0,id1,dist): 1 22 2.934731669114113
list:
dist: 2.934731669114113 vs. 2.934731669114113
--------
nle(id0,id1,dist): 1 20 3.56049825421849
list:
dist: 3.56049825421849 vs. 3.56049825421849
--------
nle(id0,id1,dist): 1 27 3.798357353931429
list:
dist: 3.798357353931429 vs. 3.798357353931429
--------
nle(id0,id1,dist): 1 26 2.6956960561997665
list:
dist: 2.6956960561997665 vs. 2.6956960561997665
--------
nle(id0,id1,dist): 2 28 3.441914309838993
list:
dist: 3.441914309838993 vs. 3.441914309838993
--------
nle(id0,id1,dist): 2 12 1.3330484076145428
list:
dist: 1.3330484076145428 vs. 1.3330484076145428
--------
nle(id0,id1,dist): 2 14 2.2641755801825494
list:
dist: 2.2641755801825494 vs. 2.2641755801825494
--------
nle(id0,id1,dist): 2 13 1.0051286508833144
list:
dist: 1.0051286508833144 vs. 1.0051286508833144
--------
nle(id0,id1,dist): 2 8 1.071001072035219
list:
dist: 1.071001072035219 vs. 1.071001072035219
--------
nle(id0,id1,dist): 2 7 1.9337638351384352
list:
dist: 1.9337638351384352 vs. 1.9337638351384352
--------
nle(id0,id1,dist): 2 10 1.663021660573579
list:
dist: 1.663021660573579 vs. 1.663021660573579
--------
nle(id0,id1,dist): 2 9 1.774310185699632
list:
dist: 1.774310185699632 vs. 1.774310185699632
--------
nle(id0,id1,dist): 2 20 2.0228491554945296
list:
dist: 2.0228491554945296 vs. 2.0228491554945296
--------
nle(id0,id1,dist): 2 19 3.41028136726475
list:
dist: 3.41028136726475 vs. 3.41028136726475
--------
nle(id0,id1,dist): 2 15 1.1228965683380498
list:
dist: 1.1228965683380498 vs. 1.1228965683380498
--------
nle(id0,id1,dist): 2 18 2.3419250650922416
list:
dist: 2.3419250650922416 vs. 2.3419250650922416
--------
nle(id0,id1,dist): 2 17 2.4158775879096113
list:
dist: 2.4158775879096113 vs. 2.4158775879096113
--------
nle(id0,id1,dist): 3 8 2.05853509267002
list:
dist: 2.05853509267002 vs. 2.05853509267002
--------
nle(id0,id1,dist): 3 7 1.9575913068432778
list:
dist: 1.9575913068432778 vs. 1.9575913068432778
--------
nle(id0,id1,dist): 3 15 2.6436293340388572
list:
dist: 2.6436293340388572 vs. 2.6436293340388572
--------
nle(id0,id1,dist): 3 13 2.937462536818418
list:
dist: 2.937462536818418 vs. 2.937462536818418
--------
nle(id0,id1,dist): 37 49 3.496075843211478
list:
dist: 3.496075843211478 vs. 3.496075843211478
--------
nle(id0,id1,dist): 37 51 2.2049104223839704
list:
dist: 2.2049104223839704 vs. 2.2049104223839704
--------
nle(id0,id1,dist): 37 52 3.8463724375709787
list:
dist: 3.8463724375709787 vs. 3.8463724375709787
--------
nle(id0,id1,dist): 37 53 2.9944650057564006
list:
dist: 2.9944650057564006 vs. 2.9944650057564006
--------
nle(id0,id1,dist): 37 55 2.4527244610582533
list:
dist: 2.4527244610582533 vs. 2.4527244610582533
--------
nle(id0,id1,dist): 37 41 1.64194423054724
list:
dist: 1.64194423054724 vs. 1.64194423054724
--------
nle(id0,id1,dist): 37 42 3.2449872393406918
list:
dist: 3.2449872393406918 vs. 3.2449872393406918
--------
nle(id0,id1,dist): 37 45 2.5904241364154843
list:
dist: 2.5904241364154843 vs. 2.5904241364154843
--------
nle(id0,id1,dist): 37 46 1.7206754780827525
list:
dist: 1.7206754780827525 vs. 1.7206754780827525
--------
nle(id0,id1,dist): 37 47 1.9089100910667043
list:
dist: 1.9089100910667043 vs. 1.9089100910667043
--------
nle(id0,id1,dist): 37 39 1.3066858362545322
list:
dist: 1.3066858362545322 vs. 1.3066858362545322
--------
nle(id0,id1,dist): 36 47 3.7586508256948705
list:
dist: 3.7586508256948705 vs. 3.7586508256948705
--------
nle(id0,id1,dist): 36 46 3.7227911201355433
list:
dist: 3.7227911201355433 vs. 3.7227911201355433
--------
nle(id0,id1,dist): 36 51 2.1880304010319724
list:
dist: 2.1880304010319724 vs. 2.1880304010319724
--------
nle(id0,id1,dist): 36 39 1.776120158303882
list:
dist: 1.776120158303882 vs. 1.776120158303882
--------
nle(id0,id1,dist): 36 37 2.0584035767584457
list:
dist: 2.0584035767584457 vs. 2.0584035767584457
--------
nle(id0,id1,dist): 36 43 1.2406583647090468
list:
dist: 1.2406583647090468 vs. 1.2406583647090468
--------
nle(id0,id1,dist): 36 41 2.86428730499235
list:
dist: 2.86428730499235 vs. 2.86428730499235
--------
nle(id0,id1,dist): 35 59 3.5294287150933528
list:
dist: 3.5294287150933528 vs. 3.5294287150933528
--------
nle(id0,id1,dist): 35 55 2.7157768707630248
list:
dist: 2.7157768707630248 vs. 2.7157768707630248
--------
nle(id0,id1,dist): 35 56 4.196841475846971
list:
dist: 4.196841475846971 vs. 4.196841475846971
--------
nle(id0,id1,dist): 35 57 3.3386732266803216
list:
dist: 3.3386732266803216 vs. 3.3386732266803216
--------
nle(id0,id1,dist): 35 51 3.0189896354991808
list:
dist: 3.0189896354991808 vs. 3.0189896354991808
--------
nle(id0,id1,dist): 35 52 4.412215096399362
list:
dist: 4.412215096399362 vs. 4.412215096399362
--------
nle(id0,id1,dist): 35 53 3.669994010644706
list:
dist: 3.669994010644706 vs. 3.669994010644706
--------
nle(id0,id1,dist): 35 47 1.9046465332354423
list:
dist: 1.9046465332354423 vs. 1.9046465332354423
--------
nle(id0,id1,dist): 35 46 1.4566620097446474
list:
dist: 1.4566620097446474 vs. 1.4566620097446474
--------
nle(id0,id1,dist): 35 49 3.9017890942283375
list:
dist: 3.9017890942283375 vs. 3.9017890942283375
--------
nle(id0,id1,dist): 35 42 3.9752723674743415
list:
dist: 3.9752723674743415 vs. 3.9752723674743415
--------
nle(id0,id1,dist): 35 45 2.7098593415327956
list:
dist: 2.7098593415327956 vs. 2.7098593415327956
--------
nle(id0,id1,dist): 35 39 2.1288495605126987
list:
dist: 2.1288495605126987 vs. 2.1288495605126987
--------
nle(id0,id1,dist): 35 41 2.174371364574497
list:
dist: 2.174371364574497 vs. 2.174371364574497
--------
nle(id0,id1,dist): 35 37 0.8507840322461385
list:
dist: 0.8507840322461385 vs. 0.8507840322461385
--------
nle(id0,id1,dist): 35 36 2.7424348105332212
list:
dist: 2.7424348105332212 vs. 2.7424348105332212
--------
nle(id0,id1,dist): 34 59 4.5494807741579955
list:
dist: 4.5494807741579955 vs. 4.5494807741579955
--------
nle(id0,id1,dist): 34 57 3.2765436100645307
list:
dist: 3.2765436100645307 vs. 3.2765436100645307
--------
nle(id0,id1,dist): 34 55 3.6050090033559243
list:
dist: 3.6050090033559243 vs. 3.6050090033559243
--------
nle(id0,id1,dist): 34 56 3.689875968131542
list:
dist: 3.689875968131542 vs. 3.689875968131542
--------
nle(id0,id1,dist): 34 54 2.7594750283012934
list:
dist: 2.7594750283012934 vs. 2.7594750283012934
--------
nle(id0,id1,dist): 34 53 2.2440749176223034
list:
dist: 2.2440749176223034 vs. 2.2440749176223034
--------
nle(id0,id1,dist): 34 52 3.212164516610592
list:
dist: 3.212164516610592 vs. 3.212164516610592
--------
nle(id0,id1,dist): 34 51 1.0472304867678295
list:
dist: 1.0472304867678295 vs. 1.0472304867678295
--------
nle(id0,id1,dist): 34 50 2.8513397424332685
list:
dist: 2.8513397424332685 vs. 2.8513397424332685
--------
nle(id0,id1,dist): 34 49 3.5756053587120524
list:
dist: 3.5756053587120524 vs. 3.5756053587120524
--------
nle(id0,id1,dist): 34 47 3.4502934886026213
list:
dist: 3.4502934886026213 vs. 3.4502934886026213
--------
nle(id0,id1,dist): 34 46 3.8545413668423234
list:
dist: 3.8545413668423234 vs. 3.8545413668423234
--------
nle(id0,id1,dist): 34 45 3.734092391060858
list:
dist: 3.734092391060858 vs. 3.734092391060858
--------
nle(id0,id1,dist): 34 44 3.043671101220915
list:
dist: 3.043671101220915 vs. 3.043671101220915
--------
nle(id0,id1,dist): 34 43 1.3180364625747758
list:
dist: 1.3180364625747758 vs. 1.3180364625747758
--------
nle(id0,id1,dist): 34 42 1.9005976245348903
list:
dist: 1.9005976245348903 vs. 1.9005976245348903
--------
nle(id0,id1,dist): 34 41 2.206474956908125
list:
dist: 2.206474956908125 vs. 2.206474956908125
--------
nle(id0,id1,dist): 34 39 1.615983947257937
list:
dist: 1.615983947257937 vs. 1.615983947257937
--------
nle(id0,id1,dist): 34 36 1.6408938557874937
list:
dist: 1.6408938557874937 vs. 1.6408938557874937
--------
nle(id0,id1,dist): 34 35 3.3251785301324777
list:
dist: 3.3251785301324777 vs. 3.3251785301324777
--------
nle(id0,id1,dist): 34 37 2.5034756333925547
list:
dist: 2.5034756333925547 vs. 2.5034756333925547
--------
nle(id0,id1,dist): 33 46 2.9455628621328556
list:
dist: 2.9455628621328556 vs. 2.9455628621328556
--------
nle(id0,id1,dist): 33 47 3.166958063637335
list:
dist: 3.166958063637335 vs. 3.166958063637335
--------
nle(id0,id1,dist): 33 51 2.570625576215024
list:
dist: 2.570625576215024 vs. 2.570625576215024
--------
nle(id0,id1,dist): 33 35 1.7468260443341086
list:
dist: 1.7468260443341086 vs. 1.7468260443341086
--------
nle(id0,id1,dist): 33 34 2.366504869463155
list:
dist: 2.366504869463155 vs. 2.366504869463155
--------
nle(id0,id1,dist): 33 39 1.777819477733954
list:
dist: 1.777819477733954 vs. 1.777819477733954
--------
nle(id0,id1,dist): 33 37 1.2874535194045291
list:
dist: 1.2874535194045291 vs. 1.2874535194045291
--------
nle(id0,id1,dist): 33 36 1.1275624402472735
list:
dist: 1.1275624402472735 vs. 1.1275624402472735
--------
nle(id0,id1,dist): 33 41 2.639443668736102
list:
dist: 2.639443668736102 vs. 2.639443668736102
--------
nle(id0,id1,dist): 32 51 2.7631972746556315
list:
dist: 2.7631972746556315 vs. 2.7631972746556315
--------
nle(id0,id1,dist): 32 52 3.678769309043984
list:
dist: 3.678769309043984 vs. 3.678769309043984
--------
nle(id0,id1,dist): 32 49 3.093486526987305
list:
dist: 3.093486526987305 vs. 3.093486526987305
--------
nle(id0,id1,dist): 32 55 2.429825531179931
list:
dist: 2.429825531179931 vs. 2.429825531179931
--------
nle(id0,id1,dist): 32 56 3.6039866070427835
list:
dist: 3.6039866070427835 vs. 3.6039866070427835
--------
nle(id0,id1,dist): 32 53 3.1199320731852804
list:
dist: 3.1199320731852804 vs. 3.1199320731852804
--------
nle(id0,id1,dist): 32 54 3.6391106875794224
list:
dist: 3.6391106875794224 vs. 3.6391106875794224
--------
nle(id0,id1,dist): 32 59 2.669526718899176
list:
dist: 2.669526718899176 vs. 2.669526718899176
--------
nle(id0,id1,dist): 32 57 2.7850356363652145
list:
dist: 2.7850356363652145 vs. 2.7850356363652145
--------
nle(id0,id1,dist): 32 37 1.2571603571409358
list:
dist: 1.2571603571409358 vs. 1.2571603571409358
--------
nle(id0,id1,dist): 32 39 2.17594862875749
list:
dist: 2.17594862875749 vs. 2.17594862875749
--------
nle(id0,id1,dist): 32 34 3.2276633171086635
list:
dist: 3.2276633171086635 vs. 3.2276633171086635
--------
nle(id0,id1,dist): 32 33 2.427713466900921
list:
dist: 2.427713466900921 vs. 2.427713466900921
--------
nle(id0,id1,dist): 32 36 3.185817650727849
list:
dist: 3.185817650727849 vs. 3.185817650727849
--------
nle(id0,id1,dist): 32 35 1.086573972209219
list:
dist: 1.086573972209219 vs. 1.086573972209219
--------
nle(id0,id1,dist): 32 46 1.2647023092188188
list:
dist: 1.2647023092188188 vs. 1.2647023092188188
--------
nle(id0,id1,dist): 32 45 1.8773695566951765
list:
dist: 1.8773695566951765 vs. 1.8773695566951765
--------
nle(id0,id1,dist): 32 47 0.9521600675372529
list:
dist: 0.9521600675372529 vs. 0.9521600675372529
--------
nle(id0,id1,dist): 32 42 3.43594317155662
list:
dist: 3.43594317155662 vs. 3.43594317155662
--------
nle(id0,id1,dist): 32 41 1.4958101127622474
list:
dist: 1.4958101127622474 vs. 1.4958101127622474
--------
nle(id0,id1,dist): 32 44 3.613778101003065
list:
dist: 3.613778101003065 vs. 3.613778101003065
--------
nle(id0,id1,dist): 31 43 1.2793767015426163
list:
dist: 1.2793767015426163 vs. 1.2793767015426163
--------
nle(id0,id1,dist): 31 41 3.20027060488798
list:
dist: 3.20027060488798 vs. 3.20027060488798
--------
nle(id0,id1,dist): 31 39 2.2883124506951216
list:
dist: 2.2883124506951216 vs. 2.2883124506951216
--------
nle(id0,id1,dist): 31 51 2.453835666875909
list:
dist: 2.453835666875909 vs. 2.453835666875909
--------
nle(id0,id1,dist): 31 47 4.161243375476953
list:
dist: 4.161243375476953 vs. 4.161243375476953
--------
nle(id0,id1,dist): 31 46 4.259644486362299
list:
dist: 4.259644486362299 vs. 4.259644486362299
--------
nle(id0,id1,dist): 31 36 0.6805505651984337
list:
dist: 0.6805505651984337 vs. 0.6805505651984337
--------
nle(id0,id1,dist): 31 37 2.56428524166718
list:
dist: 2.56428524166718 vs. 2.56428524166718
--------
nle(id0,id1,dist): 31 34 1.6425019198169588
list:
dist: 1.6425019198169588 vs. 1.6425019198169588
--------
nle(id0,id1,dist): 31 35 3.221880360754102
list:
dist: 3.221880360754102 vs. 3.221880360754102
--------
nle(id0,id1,dist): 31 32 3.5755477160822475
list:
dist: 3.5755477160822475 vs. 3.5755477160822475
--------
nle(id0,id1,dist): 31 33 1.6148442676354402
list:
dist: 1.6148442676354402 vs. 1.6148442676354402
--------
nle(id0,id1,dist): 44 47 3.102159905233071
list:
dist: 3.102159905233071 vs. 3.102159905233071
--------
nle(id0,id1,dist): 44 48 2.673744194588571
list:
dist: 2.673744194588571 vs. 2.673744194588571
--------
nle(id0,id1,dist): 44 45 2.8232186500628482
list:
dist: 2.8232186500628482 vs. 2.8232186500628482
--------
nle(id0,id1,dist): 44 51 2.4950027755278783
list:
dist: 2.4950027755278783 vs. 2.4950027755278783
--------
nle(id0,id1,dist): 44 52 1.3199946290353552
list:
dist: 1.3199946290353552 vs. 1.3199946290353552
--------
nle(id0,id1,dist): 44 49 1.8051003991986416
list:
dist: 1.8051003991986416 vs. 1.8051003991986416
--------
nle(id0,id1,dist): 44 50 2.950225058566079
list:
dist: 2.950225058566079 vs. 2.950225058566079
--------
nle(id0,id1,dist): 43 51 1.9864595616280125
list:
dist: 1.9864595616280125 vs. 1.9864595616280125
--------
nle(id0,id1,dist): 42 46 3.809098575827019
list:
dist: 3.809098575827019 vs. 3.809098575827019
--------
nle(id0,id1,dist): 42 45 2.919946001974101
list:
dist: 2.919946001974101 vs. 2.919946001974101
--------
nle(id0,id1,dist): 42 44 1.5114116256585566
list:
dist: 1.5114116256585566 vs. 1.5114116256585566
--------
nle(id0,id1,dist): 42 59 3.4722602193508583
list:
dist: 3.4722602193508583 vs. 3.4722602193508583
--------
nle(id0,id1,dist): 42 57 2.1446190973577908
list:
dist: 2.1446190973577908 vs. 2.1446190973577908
--------
nle(id0,id1,dist): 42 58 2.888889176354627
list:
dist: 2.888889176354627 vs. 2.888889176354627
--------
nle(id0,id1,dist): 42 55 3.0129848222029643
list:
dist: 3.0129848222029643 vs. 3.0129848222029643
--------
nle(id0,id1,dist): 42 56 2.192587832289749
list:
dist: 2.192587832289749 vs. 2.192587832289749
--------
nle(id0,id1,dist): 42 53 0.7328142581379309
list:
dist: 0.7328142581379309 vs. 0.7328142581379309
--------
nle(id0,id1,dist): 42 54 0.9783433598918454
list:
dist: 0.9783433598918454 vs. 0.9783433598918454
--------
nle(id0,id1,dist): 42 51 1.2452920123927196
list:
dist: 1.2452920123927196 vs. 1.2452920123927196
--------
nle(id0,id1,dist): 42 52 1.3847324010152715
list:
dist: 1.3847324010152715 vs. 1.3847324010152715
--------
nle(id0,id1,dist): 42 49 2.054924246012668
list:
dist: 2.054924246012668 vs. 2.054924246012668
--------
nle(id0,id1,dist): 42 50 1.7328149571130118
list:
dist: 1.7328149571130118 vs. 1.7328149571130118
--------
nle(id0,id1,dist): 42 47 3.1161892761197905
list:
dist: 3.1161892761197905 vs. 3.1161892761197905
--------
nle(id0,id1,dist): 42 48 2.996697588238536
list:
dist: 2.996697588238536 vs. 2.996697588238536
--------
nle(id0,id1,dist): 41 49 2.0057033239129924
list:
dist: 2.0057033239129924 vs. 2.0057033239129924
--------
nle(id0,id1,dist): 41 51 1.4847008839410343
list:
dist: 1.4847008839410343 vs. 1.4847008839410343
--------
nle(id0,id1,dist): 41 45 1.584214279713309
list:
dist: 1.584214279713309 vs. 1.584214279713309
--------
nle(id0,id1,dist): 41 44 2.322959516374168
list:
dist: 2.322959516374168 vs. 2.322959516374168
--------
nle(id0,id1,dist): 41 47 1.2993425877766995
list:
dist: 1.2993425877766995 vs. 1.2993425877766995
--------
nle(id0,id1,dist): 41 46 2.033432238535951
list:
dist: 2.033432238535951 vs. 2.033432238535951
--------
nle(id0,id1,dist): 41 42 1.9453122015563276
list:
dist: 1.9453122015563276 vs. 1.9453122015563276
--------
nle(id0,id1,dist): 41 56 2.4806958989522223
list:
dist: 2.4806958989522223 vs. 2.4806958989522223
--------
nle(id0,id1,dist): 41 57 1.785453344849498
list:
dist: 1.785453344849498 vs. 1.785453344849498
--------
nle(id0,id1,dist): 41 59 2.434885246859068
list:
dist: 2.434885246859068 vs. 2.434885246859068
--------
nle(id0,id1,dist): 41 52 2.3124237202640403
list:
dist: 2.3124237202640403 vs. 2.3124237202640403
--------
nle(id0,id1,dist): 41 53 1.655196774306304
list:
dist: 1.655196774306304 vs. 1.655196774306304
--------
nle(id0,id1,dist): 41 54 2.2154531173769305
list:
dist: 2.2154531173769305 vs. 2.2154531173769305
--------
nle(id0,id1,dist): 41 55 2.020358822013088
list:
dist: 2.020358822013088 vs. 2.020358822013088
--------
nle(id0,id1,dist): 40 50 2.4021286899825665
list:
dist: 2.4021286899825665 vs. 2.4021286899825665
--------
nle(id0,id1,dist): 39 46 2.4046153480549086
list:
dist: 2.4046153480549086 vs. 2.4046153480549086
--------
nle(id0,id1,dist): 39 47 2.3661736501646637
list:
dist: 2.3661736501646637 vs. 2.3661736501646637
--------
nle(id0,id1,dist): 39 49 2.966575978562223
list:
dist: 2.966575978562223 vs. 2.966575978562223
--------
nle(id0,id1,dist): 39 50 2.8983932531608034
list:
dist: 2.8983932531608034 vs. 2.8983932531608034
--------
nle(id0,id1,dist): 39 51 1.0767217294724827
list:
dist: 1.0767217294724827 vs. 1.0767217294724827
--------
nle(id0,id1,dist): 39 52 3.02928737882305
list:
dist: 3.02928737882305 vs. 3.02928737882305
--------
nle(id0,id1,dist): 39 53 2.0160560213455523
list:
dist: 2.0160560213455523 vs. 2.0160560213455523
--------
nle(id0,id1,dist): 39 55 2.186697832301289
list:
dist: 2.186697832301289 vs. 2.186697832301289
--------
nle(id0,id1,dist): 39 56 2.959222944155007
list:
dist: 2.959222944155007 vs. 2.959222944155007
--------
nle(id0,id1,dist): 39 57 2.28494828166035
list:
dist: 2.28494828166035 vs. 2.28494828166035
--------
nle(id0,id1,dist): 39 59 3.5319796594714306
list:
dist: 3.5319796594714306 vs. 3.5319796594714306
--------
nle(id0,id1,dist): 38 54 4.348455891814872
list:
dist: 4.348455891814872 vs. 4.348455891814872
--------
nle(id0,id1,dist): 39 45 2.6494410555006196
list:
dist: 2.6494410555006196 vs. 2.6494410555006196
--------
nle(id0,id1,dist): 39 43 2.075018538075159
list:
dist: 2.075018538075159 vs. 2.075018538075159
--------
nle(id0,id1,dist): 39 42 2.2324169026684464
list:
dist: 2.2324169026684464 vs. 2.2324169026684464
--------
nle(id0,id1,dist): 39 41 1.4293028275715576
list:
dist: 1.4293028275715576 vs. 1.4293028275715576
--------
nle(id0,id1,dist): 37 56 3.7205038474758454
list:
dist: 3.7205038474758454 vs. 3.7205038474758454
--------
nle(id0,id1,dist): 37 57 2.8980479935658576
list:
dist: 2.8980479935658576 vs. 2.8980479935658576
--------
nle(id0,id1,dist): 37 59 3.490397633918431
list:
dist: 3.490397633918431 vs. 3.490397633918431
--------
nle(id0,id1,dist): 38 44 3.7378408870627857
list:
dist: 3.7378408870627857 vs. 3.7378408870627857
--------
nle(id0,id1,dist): 23 28 3.2811876866062613
list:
dist: 3.2811876866062613 vs. 3.2811876866062613
--------
nle(id0,id1,dist): 23 24 2.5958699560632454
list:
dist: 2.5958699560632454 vs. 2.5958699560632454
--------
nle(id0,id1,dist): 21 26 3.32229296567594
list:
dist: 3.32229296567594 vs. 3.32229296567594
--------
nle(id0,id1,dist): 21 27 2.356214299090209
list:
dist: 2.356214299090209 vs. 2.356214299090209
--------
nle(id0,id1,dist): 21 24 1.7496121588045215
list:
dist: 1.7496121588045215 vs. 1.7496121588045215
--------
nle(id0,id1,dist): 21 28 2.4517993481405314
list:
dist: 2.4517993481405314 vs. 2.4517993481405314
--------
nle(id0,id1,dist): 21 29 2.150924777479115
list:
dist: 2.150924777479115 vs. 2.150924777479115
--------
nle(id0,id1,dist): 21 23 1.4393429979402437
list:
dist: 1.4393429979402437 vs. 1.4393429979402437
--------
nle(id0,id1,dist): 21 22 3.5610041057763056
list:
dist: 3.5610041057763056 vs. 3.5610041057763056
--------
nle(id0,id1,dist): 22 27 1.785561175141099
list:
dist: 1.785561175141099 vs. 1.785561175141099
--------
nle(id0,id1,dist): 22 28 1.3394952432305298
list:
dist: 1.3394952432305298 vs. 1.3394952432305298
--------
nle(id0,id1,dist): 22 29 2.6885404030546014
list:
dist: 2.6885404030546014 vs. 2.6885404030546014
--------
nle(id0,id1,dist): 22 24 2.2627593500447274
list:
dist: 2.2627593500447274 vs. 2.2627593500447274
--------
nle(id0,id1,dist): 22 26 0.9960593648143455
list:
dist: 0.9960593648143455 vs. 0.9960593648143455
--------
nle(id0,id1,dist): 19 24 0.579004889605199
list:
dist: 0.579004889605199 vs. 0.579004889605199
--------
nle(id0,id1,dist): 19 22 2.15541161943545
list:
dist: 2.15541161943545 vs. 2.15541161943545
--------
nle(id0,id1,dist): 19 23 2.4541138233968636
list:
dist: 2.4541138233968636 vs. 2.4541138233968636
--------
nle(id0,id1,dist): 19 20 2.4179888145578836
list:
dist: 2.4179888145578836 vs. 2.4179888145578836
--------
nle(id0,id1,dist): 19 21 1.8025533204825448
list:
dist: 1.8025533204825448 vs. 1.8025533204825448
--------
nle(id0,id1,dist): 19 28 0.8503582872809581
list:
dist: 0.8503582872809581 vs. 0.8503582872809581
--------
nle(id0,id1,dist): 19 29 1.7349821206358451
list:
dist: 1.7349821206358451 vs. 1.7349821206358451
--------
nle(id0,id1,dist): 19 26 2.381531584958439
list:
dist: 2.381531584958439 vs. 2.381531584958439
--------
nle(id0,id1,dist): 19 27 1.6074964419053015
list:
dist: 1.6074964419053015 vs. 1.6074964419053015
--------
nle(id0,id1,dist): 20 28 2.916004125060601
list:
dist: 2.916004125060601 vs. 2.916004125060601
--------
nle(id0,id1,dist): 20 21 1.5973245635653532
list:
dist: 1.5973245635653532 vs. 1.5973245635653532
--------
nle(id0,id1,dist): 20 23 1.9544485907224685
list:
dist: 1.9544485907224685 vs. 1.9544485907224685
--------
nle(id0,id1,dist): 20 24 2.6930867261378135
list:
dist: 2.6930867261378135 vs. 2.6930867261378135
--------
nle(id0,id1,dist): 18 22 1.6221717031827245
list:
dist: 1.6221717031827245 vs. 1.6221717031827245
--------
nle(id0,id1,dist): 18 21 2.2369754157951687
list:
dist: 2.2369754157951687 vs. 2.2369754157951687
--------
nle(id0,id1,dist): 18 20 2.1927379928727726
list:
dist: 2.1927379928727726 vs. 2.1927379928727726
--------
nle(id0,id1,dist): 18 19 1.62382788326254
list:
dist: 1.62382788326254 vs. 1.62382788326254
--------
nle(id0,id1,dist): 17 28 1.7486253266804517
list:
dist: 1.7486253266804517 vs. 1.7486253266804517
--------
nle(id0,id1,dist): 17 29 2.2592174968002157
list:
dist: 2.2592174968002157 vs. 2.2592174968002157
--------
nle(id0,id1,dist): 18 23 3.3211651844009076
list:
dist: 3.3211651844009076 vs. 3.3211651844009076
--------
nle(id0,id1,dist): 18 24 1.7584034763424303
list:
dist: 1.7584034763424303 vs. 1.7584034763424303
--------
nle(id0,id1,dist): 18 26 1.3007198030879659
list:
dist: 1.3007198030879659 vs. 1.3007198030879659
--------
nle(id0,id1,dist): 18 27 1.4258619714592684
list:
dist: 1.4258619714592684 vs. 1.4258619714592684
--------
nle(id0,id1,dist): 18 28 1.3648186821225363
list:
dist: 1.3648186821225363 vs. 1.3648186821225363
--------
nle(id0,id1,dist): 18 29 2.2653649077055182
list:
dist: 2.2653649077055182 vs. 2.2653649077055182
--------
nle(id0,id1,dist): 30 41 4.093071662770514
list:
dist: 4.093071662770514 vs. 4.093071662770514
--------
nle(id0,id1,dist): 30 39 3.055048074188762
list:
dist: 3.055048074188762 vs. 3.055048074188762
--------
nle(id0,id1,dist): 30 37 3.118207228282573
list:
dist: 3.118207228282573 vs. 3.118207228282573
--------
nle(id0,id1,dist): 30 36 1.2862137616392106
list:
dist: 1.2862137616392106 vs. 1.2862137616392106
--------
nle(id0,id1,dist): 30 35 3.6244773159855455
list:
dist: 3.6244773159855455 vs. 3.6244773159855455
--------
nle(id0,id1,dist): 30 34 2.674300208313705
list:
dist: 2.674300208313705 vs. 2.674300208313705
--------
nle(id0,id1,dist): 30 33 1.889019986934271
list:
dist: 1.889019986934271 vs. 1.889019986934271
--------
nle(id0,id1,dist): 30 32 4.217568886551436
list:
dist: 4.217568886551436 vs. 4.217568886551436
--------
nle(id0,id1,dist): 30 31 1.064509440405705
list:
dist: 1.064509440405705 vs. 1.064509440405705
--------
nle(id0,id1,dist): 30 51 3.4174473450996423
list:
dist: 3.4174473450996423 vs. 3.4174473450996423
--------
nle(id0,id1,dist): 30 47 4.909860293535463
list:
dist: 4.909860293535463 vs. 4.909860293535463
--------
nle(id0,id1,dist): 30 46 4.806401150726377
list:
dist: 4.806401150726377 vs. 4.806401150726377
--------
nle(id0,id1,dist): 30 43 1.9303527984420898
list:
dist: 1.9303527984420898 vs. 1.9303527984420898
--------
nle(id0,id1,dist): 28 29 1.7600927141256921
list:
dist: 1.7600927141256921 vs. 1.7600927141256921
--------
nle(id0,id1,dist): 26 27 1.4132057247149379
list:
dist: 1.4132057247149379 vs. 1.4132057247149379
--------
nle(id0,id1,dist): 26 28 1.682152623566754
list:
dist: 1.682152623566754 vs. 1.682152623566754
--------
nle(id0,id1,dist): 26 29 2.4528525115317965
list:
dist: 2.4528525115317965 vs. 2.4528525115317965
--------
nle(id0,id1,dist): 27 29 1.045411038100649
list:
dist: 1.045411038100649 vs. 1.045411038100649
--------
nle(id0,id1,dist): 27 28 1.2312151370081814
list:
dist: 1.2312151370081814 vs. 1.2312151370081814
--------
nle(id0,id1,dist): 24 26 2.344912788701593
list:
dist: 2.344912788701593 vs. 2.344912788701593
--------
nle(id0,id1,dist): 24 27 1.2635092883920371
list:
dist: 1.2635092883920371 vs. 1.2635092883920371
--------
nle(id0,id1,dist): 24 28 0.9692445874381694
list:
dist: 0.9692445874381694 vs. 0.9692445874381694
--------
nle(id0,id1,dist): 24 29 1.1664703561336351
list:
dist: 1.1664703561336351 vs. 1.1664703561336351
--------
nle(id0,id1,dist): 62 80 3.5014149297012365
list:
dist: 3.5014149297012365 vs. 3.5014149297012365
--------
nle(id0,id1,dist): 62 81 1.9784072073788723
list:
dist: 1.9784072073788723 vs. 1.9784072073788723
--------
nle(id0,id1,dist): 62 82 3.05622114748981
list:
dist: 3.05622114748981 vs. 3.05622114748981
--------
nle(id0,id1,dist): 62 76 3.5520203128092906
list:
dist: 3.5520203128092906 vs. 3.5520203128092906
--------
nle(id0,id1,dist): 62 78 3.095386275535824
list:
dist: 3.095386275535824 vs. 3.095386275535824
--------
nle(id0,id1,dist): 62 85 3.836935760651985
list:
dist: 3.836935760651985 vs. 3.836935760651985
--------
nle(id0,id1,dist): 62 63 1.9672756376021447
list:
dist: 1.9672756376021447 vs. 1.9672756376021447
--------
nle(id0,id1,dist): 62 65 2.219011181964266
list:
dist: 2.219011181964266 vs. 2.219011181964266
--------
nle(id0,id1,dist): 62 72 0.6286551391703288
list:
dist: 0.6286551391703288 vs. 0.6286551391703288
--------
nle(id0,id1,dist): 62 71 3.224098720556425
list:
dist: 3.224098720556425 vs. 3.224098720556425
--------
nle(id0,id1,dist): 62 73 1.807382702057861
list:
dist: 1.807382702057861 vs. 1.807382702057861
--------
nle(id0,id1,dist): 62 68 0.866190370823638
list:
dist: 0.866190370823638 vs. 0.866190370823638
--------
nle(id0,id1,dist): 61 84 2.922518244540536
list:
dist: 2.922518244540536 vs. 2.922518244540536
--------
nle(id0,id1,dist): 61 85 0.882098586721412
list:
dist: 0.882098586721412 vs. 0.882098586721412
--------
nle(id0,id1,dist): 61 82 1.024744504447068
list:
dist: 1.024744504447068 vs. 1.024744504447068
--------
nle(id0,id1,dist): 61 83 2.393219434960943
list:
dist: 2.393219434960943 vs. 2.393219434960943
--------
nle(id0,id1,dist): 61 80 2.7564086622387327
list:
dist: 2.7564086622387327 vs. 2.7564086622387327
--------
nle(id0,id1,dist): 61 81 1.3431244544316439
list:
dist: 1.3431244544316439 vs. 1.3431244544316439
--------
nle(id0,id1,dist): 61 88 1.7546966688658387
list:
dist: 1.7546966688658387 vs. 1.7546966688658387
--------
nle(id0,id1,dist): 61 89 2.7662920029636004
list:
dist: 2.7662920029636004 vs. 2.7662920029636004
--------
nle(id0,id1,dist): 61 71 0.9466779756236168
list:
dist: 0.9466779756236168 vs. 0.9466779756236168
--------
nle(id0,id1,dist): 61 70 4.1724630153722595
list:
dist: 4.1724630153722595 vs. 4.1724630153722595
--------
nle(id0,id1,dist): 61 69 2.7016201228429466
list:
dist: 2.7016201228429466 vs. 2.7016201228429466
--------
nle(id0,id1,dist): 61 68 2.4175974301029575
list:
dist: 2.4175974301029575 vs. 2.4175974301029575
--------
nle(id0,id1,dist): 61 67 2.041443994041119
list:
dist: 2.041443994041119 vs. 2.041443994041119
--------
nle(id0,id1,dist): 61 66 2.033127012842828
list:
dist: 2.033127012842828 vs. 2.033127012842828
--------
nle(id0,id1,dist): 61 65 1.6747211735292904
list:
dist: 1.6747211735292904 vs. 1.6747211735292904
--------
nle(id0,id1,dist): 61 64 5.265878550837601
list:
dist: 5.265878550837601 vs. 5.265878550837601
--------
nle(id0,id1,dist): 61 79 1.7025600636522629
list:
dist: 1.7025600636522629 vs. 1.7025600636522629
--------
nle(id0,id1,dist): 61 78 1.984157328426125
list:
dist: 1.984157328426125 vs. 1.984157328426125
--------
nle(id0,id1,dist): 61 77 2.504420790322437
list:
dist: 2.504420790322437 vs. 2.504420790322437
--------
nle(id0,id1,dist): 61 76 1.0820411288498366
list:
dist: 1.0820411288498366 vs. 1.0820411288498366
--------
nle(id0,id1,dist): 61 75 1.7396307550072836
list:
dist: 1.7396307550072836 vs. 1.7396307550072836
--------
nle(id0,id1,dist): 61 74 3.216841131513453
list:
dist: 3.216841131513453 vs. 3.216841131513453
--------
nle(id0,id1,dist): 61 73 1.59362409940854
list:
dist: 1.59362409940854 vs. 1.59362409940854
--------
nle(id0,id1,dist): 61 72 2.9357432698285164
list:
dist: 2.9357432698285164 vs. 2.9357432698285164
--------
nle(id0,id1,dist): 64 66 4.114053054584687
list:
dist: 4.114053054584687 vs. 4.114053054584687
--------
nle(id0,id1,dist): 64 70 1.7051783836290955
list:
dist: 1.7051783836290955 vs. 1.7051783836290955
--------
nle(id0,id1,dist): 64 71 5.277027822589171
list:
dist: 5.277027822589171 vs. 5.277027822589171
--------
nle(id0,id1,dist): 64 73 5.421742003122317
list:
dist: 5.421742003122317 vs. 5.421742003122317
--------
nle(id0,id1,dist): 64 74 3.410918703083783
list:
dist: 3.410918703083783 vs. 3.410918703083783
--------
nle(id0,id1,dist): 64 76 4.260249491694353
list:
dist: 4.260249491694353 vs. 4.260249491694353
--------
nle(id0,id1,dist): 64 77 3.964925409528373
list:
dist: 3.964925409528373 vs. 3.964925409528373
--------
nle(id0,id1,dist): 64 78 3.884540206017049
list:
dist: 3.884540206017049 vs. 3.884540206017049
--------
nle(id0,id1,dist): 64 80 4.090304468545005
list:
dist: 4.090304468545005 vs. 4.090304468545005
--------
nle(id0,id1,dist): 63 72 2.050908349319495
list:
dist: 2.050908349319495 vs. 2.050908349319495
--------
nle(id0,id1,dist): 63 73 2.011694970093961
list:
dist: 2.011694970093961 vs. 2.011694970093961
--------
nle(id0,id1,dist): 63 71 2.1428453785929173
list:
dist: 2.1428453785929173 vs. 2.1428453785929173
--------
nle(id0,id1,dist): 63 76 2.923692344043348
list:
dist: 2.923692344043348 vs. 2.923692344043348
--------
nle(id0,id1,dist): 63 80 4.150018614955509
list:
dist: 4.150018614955509 vs. 4.150018614955509
--------
nle(id0,id1,dist): 63 81 1.892798905574832
list:
dist: 1.892798905574832 vs. 1.892798905574832
--------
nle(id0,id1,dist): 63 78 3.064322354899762
list:
dist: 3.064322354899762 vs. 3.064322354899762
--------
nle(id0,id1,dist): 63 79 2.41921140504993
list:
dist: 2.41921140504993 vs. 2.41921140504993
--------
nle(id0,id1,dist): 63 85 3.010090663789649
list:
dist: 3.010090663789649 vs. 3.010090663789649
--------
nle(id0,id1,dist): 63 82 3.1007498305661843
list:
dist: 3.1007498305661843 vs. 3.1007498305661843
--------
nle(id0,id1,dist): 63 65 1.3392696481071058
list:
dist: 1.3392696481071058 vs. 1.3392696481071058
--------
nle(id0,id1,dist): 63 69 2.722446260628395
list:
dist: 2.722446260628395 vs. 2.722446260628395
--------
nle(id0,id1,dist): 63 68 1.4356291316891068
list:
dist: 1.4356291316891068 vs. 1.4356291316891068
--------
nle(id0,id1,dist): 63 67 3.5423672543312126
list:
dist: 3.5423672543312126 vs. 3.5423672543312126
--------
nle(id0,id1,dist): 58 59 2.8669603512257527
list:
dist: 2.8669603512257527 vs. 2.8669603512257527
--------
nle(id0,id1,dist): 61 63 2.7007485557801543
list:
dist: 2.7007485557801543 vs. 2.7007485557801543
--------
nle(id0,id1,dist): 61 62 3.24351513395426
list:
dist: 3.24351513395426 vs. 3.24351513395426
--------
nle(id0,id1,dist): 60 81 2.6714583335553974
list:
dist: 2.6714583335553974 vs. 2.6714583335553974
--------
nle(id0,id1,dist): 60 72 1.0916594951660388
list:
dist: 1.0916594951660388 vs. 1.0916594951660388
--------
nle(id0,id1,dist): 60 63 2.3908949019338697
list:
dist: 2.3908949019338697 vs. 2.3908949019338697
--------
nle(id0,id1,dist): 60 62 0.6956022713039199
list:
dist: 0.6956022713039199 vs. 0.6956022713039199
--------
nle(id0,id1,dist): 60 68 1.5260583861707449
list:
dist: 1.5260583861707449 vs. 1.5260583861707449
--------
nle(id0,id1,dist): 60 65 2.8648757655500834
list:
dist: 2.8648757655500834 vs. 2.8648757655500834
--------
nle(id0,id1,dist): 69 71 2.023046658461989
list:
dist: 2.023046658461989 vs. 2.023046658461989
--------
nle(id0,id1,dist): 69 79 1.0027512102310945
list:
dist: 1.0027512102310945 vs. 1.0027512102310945
--------
nle(id0,id1,dist): 69 76 3.0262425368815298
list:
dist: 3.0262425368815298 vs. 3.0262425368815298
--------
nle(id0,id1,dist): 69 73 3.5388729504247456
list:
dist: 3.5388729504247456 vs. 3.5388729504247456
--------
nle(id0,id1,dist): 69 85 2.5777887756812286
list:
dist: 2.5777887756812286 vs. 2.5777887756812286
--------
nle(id0,id1,dist): 69 82 3.68774758213186
list:
dist: 3.68774758213186 vs. 3.68774758213186
--------
nle(id0,id1,dist): 69 81 3.06836572878177
list:
dist: 3.06836572878177 vs. 3.06836572878177
--------
nle(id0,id1,dist): 68 73 1.0882271923741285
list:
dist: 1.0882271923741285 vs. 1.0882271923741285
--------
nle(id0,id1,dist): 68 76 2.750545683195708
list:
dist: 2.750545683195708 vs. 2.750545683195708
--------
nle(id0,id1,dist): 68 69 3.665400724658666
list:
dist: 3.665400724658666 vs. 3.665400724658666
--------
nle(id0,id1,dist): 68 72 0.7886856315661577
list:
dist: 0.7886856315661577 vs. 0.7886856315661577
--------
nle(id0,id1,dist): 68 71 2.35958651806087
list:
dist: 2.35958651806087 vs. 2.35958651806087
--------
nle(id0,id1,dist): 68 81 1.1985945024703561
list:
dist: 1.1985945024703561 vs. 1.1985945024703561
--------
nle(id0,id1,dist): 68 82 2.3634490386051628
list:
dist: 2.3634490386051628 vs. 2.3634490386051628
--------
nle(id0,id1,dist): 68 78 2.49877350681395
list:
dist: 2.49877350681395 vs. 2.49877350681395
--------
nle(id0,id1,dist): 68 79 3.011384505138704
list:
dist: 3.011384505138704 vs. 3.011384505138704
--------
nle(id0,id1,dist): 68 80 3.135910425904845
list:
dist: 3.135910425904845 vs. 3.135910425904845
--------
nle(id0,id1,dist): 68 85 2.992162156960243
list:
dist: 2.992162156960243 vs. 2.992162156960243
--------
nle(id0,id1,dist): 70 86 2.8834070191301513
list:
dist: 2.8834070191301513 vs. 2.8834070191301513
--------
nle(id0,id1,dist): 70 85 3.7478916501327784
list:
dist: 3.7478916501327784 vs. 3.7478916501327784
--------
nle(id0,id1,dist): 70 84 2.832830224939567
list:
dist: 2.832830224939567 vs. 2.832830224939567
--------
nle(id0,id1,dist): 70 83 1.9859309353753796
list:
dist: 1.9859309353753796 vs. 1.9859309353753796
--------
nle(id0,id1,dist): 70 89 2.357528280177211
list:
dist: 2.357528280177211 vs. 2.357528280177211
--------
nle(id0,id1,dist): 70 88 3.6491778678136697
list:
dist: 3.6491778678136697 vs. 3.6491778678136697
--------
nle(id0,id1,dist): 70 94 2.7981948296577843
list:
dist: 2.7981948296577843 vs. 2.7981948296577843
--------
nle(id0,id1,dist): 70 93 2.7190877117130867
list:
dist: 2.7190877117130867 vs. 2.7190877117130867
--------
nle(id0,id1,dist): 70 91 2.4509693177980254
list:
dist: 2.4509693177980254 vs. 2.4509693177980254
--------
nle(id0,id1,dist): 70 98 2.8510919462176036
list:
dist: 2.8510919462176036 vs. 2.8510919462176036
--------
nle(id0,id1,dist): 70 96 1.8021789550716714
list:
dist: 1.8021789550716714 vs. 1.8021789550716714
--------
nle(id0,id1,dist): 70 95 2.694207705786838
list:
dist: 2.694207705786838 vs. 2.694207705786838
--------
nle(id0,id1,dist): 70 105 3.2010251889722015
list:
dist: 3.2010251889722015 vs. 3.2010251889722015
--------
nle(id0,id1,dist): 70 103 3.2383925466691297
list:
dist: 3.2383925466691297 vs. 3.2383925466691297
--------
nle(id0,id1,dist): 71 72 2.9564035419071586
list:
dist: 2.9564035419071586 vs. 2.9564035419071586
--------
nle(id0,id1,dist): 70 109 2.665038310832111
list:
dist: 2.665038310832111 vs. 2.665038310832111
--------
nle(id0,id1,dist): 71 73 1.7589654816442843
list:
dist: 1.7589654816442843 vs. 1.7589654816442843
--------
nle(id0,id1,dist): 70 110 3.433986271591947
list:
dist: 3.433986271591947 vs. 3.433986271591947
--------
nle(id0,id1,dist): 70 108 3.1748575502077423
list:
dist: 3.1748575502077423 vs. 3.1748575502077423
--------
nle(id0,id1,dist): 71 76 1.1170915507783887
list:
dist: 1.1170915507783887 vs. 1.1170915507783887
--------
nle(id0,id1,dist): 71 77 3.083030250259243
list:
dist: 3.083030250259243 vs. 3.083030250259243
--------
nle(id0,id1,dist): 71 74 3.772112335964174
list:
dist: 3.772112335964174 vs. 3.772112335964174
--------
nle(id0,id1,dist): 70 111 3.4206196655385814
list:
dist: 3.4206196655385814 vs. 3.4206196655385814
--------
nle(id0,id1,dist): 71 75 2.08386086939683
list:
dist: 2.08386086939683 vs. 2.08386086939683
--------
nle(id0,id1,dist): 70 112 2.422626652292259
list:
dist: 2.422626652292259 vs. 2.422626652292259
--------
nle(id0,id1,dist): 70 71 4.178031866953102
list:
dist: 4.178031866953102 vs. 4.178031866953102
--------
nle(id0,id1,dist): 70 73 3.9513118099206808
list:
dist: 3.9513118099206808 vs. 3.9513118099206808
--------
nle(id0,id1,dist): 70 74 2.439768350497973
list:
dist: 2.439768350497973 vs. 2.439768350497973
--------
nle(id0,id1,dist): 70 76 3.187727569753634
list:
dist: 3.187727569753634 vs. 3.187727569753634
--------
nle(id0,id1,dist): 70 77 3.580088406409936
list:
dist: 3.580088406409936 vs. 3.580088406409936
--------
nle(id0,id1,dist): 70 78 2.436722753928547
list:
dist: 2.436722753928547 vs. 2.436722753928547
--------
nle(id0,id1,dist): 70 80 2.7061143849687865
list:
dist: 2.7061143849687865 vs. 2.7061143849687865
--------
nle(id0,id1,dist): 65 85 2.250115877003509
list:
dist: 2.250115877003509 vs. 2.250115877003509
--------
nle(id0,id1,dist): 65 82 2.2342882845467034
list:
dist: 2.2342882845467034 vs. 2.2342882845467034
--------
nle(id0,id1,dist): 65 80 3.6839503979368198
list:
dist: 3.6839503979368198 vs. 3.6839503979368198
--------
nle(id0,id1,dist): 64 117 1.2035757160173772
list:
dist: 1.2035757160173772 vs. 1.2035757160173772
--------
nle(id0,id1,dist): 65 81 0.907009997377994
list:
dist: 0.907009997377994 vs. 0.907009997377994
--------
nle(id0,id1,dist): 64 118 2.248119094446057
list:
dist: 2.248119094446057 vs. 2.248119094446057
--------
nle(id0,id1,dist): 65 78 2.8001082988005517
list:
dist: 2.8001082988005517 vs. 2.8001082988005517
--------
nle(id0,id1,dist): 65 79 1.6916396491871826
list:
dist: 1.6916396491871826 vs. 1.6916396491871826
--------
nle(id0,id1,dist): 65 76 2.3364139114392177
list:
dist: 2.3364139114392177 vs. 2.3364139114392177
--------
nle(id0,id1,dist): 66 70 3.168643595757212
list:
dist: 3.168643595757212 vs. 3.168643595757212
--------
nle(id0,id1,dist): 66 67 3.2021513692473365
list:
dist: 3.2021513692473365 vs. 3.2021513692473365
--------
nle(id0,id1,dist): 64 93 2.788274156750967
list:
dist: 2.788274156750967 vs. 2.788274156750967
--------
nle(id0,id1,dist): 64 94 3.040430747490174
list:
dist: 3.040430747490174 vs. 3.040430747490174
--------
nle(id0,id1,dist): 64 95 2.4064482260610762
list:
dist: 2.4064482260610762 vs. 2.4064482260610762
--------
nle(id0,id1,dist): 64 96 1.2199719895202978
list:
dist: 1.2199719895202978 vs. 1.2199719895202978
--------
nle(id0,id1,dist): 64 89 3.0304227480280193
list:
dist: 3.0304227480280193 vs. 3.0304227480280193
--------
nle(id0,id1,dist): 64 91 2.2968211420104923
list:
dist: 2.2968211420104923 vs. 2.2968211420104923
--------
nle(id0,id1,dist): 64 85 4.671434967450784
list:
dist: 4.671434967450784 vs. 4.671434967450784
--------
nle(id0,id1,dist): 64 86 1.8519914641540354
list:
dist: 1.8519914641540354 vs. 1.8519914641540354
--------
nle(id0,id1,dist): 64 88 4.203067069179855
list:
dist: 4.203067069179855 vs. 4.203067069179855
--------
nle(id0,id1,dist): 64 83 3.097484948427669
list:
dist: 3.097484948427669 vs. 3.097484948427669
--------
nle(id0,id1,dist): 64 84 3.8416701379284888
list:
dist: 3.8416701379284888 vs. 3.8416701379284888
--------
nle(id0,id1,dist): 65 73 1.5488520272503201
list:
dist: 1.5488520272503201 vs. 1.5488520272503201
--------
nle(id0,id1,dist): 64 110 1.955176989867705
list:
dist: 1.955176989867705 vs. 1.955176989867705
--------
nle(id0,id1,dist): 65 72 2.218382168362841
list:
dist: 2.218382168362841 vs. 2.218382168362841
--------
nle(id0,id1,dist): 64 109 2.5861141697180776
list:
dist: 2.5861141697180776 vs. 2.5861141697180776
--------
nle(id0,id1,dist): 64 112 1.4864079193886173
list:
dist: 1.4864079193886173 vs. 1.4864079193886173
--------
nle(id0,id1,dist): 64 111 2.74273419331089
list:
dist: 2.74273419331089 vs. 2.74273419331089
--------
nle(id0,id1,dist): 65 69 2.355723409472787
list:
dist: 2.355723409472787 vs. 2.355723409472787
--------
nle(id0,id1,dist): 65 68 1.4426500106514928
list:
dist: 1.4426500106514928 vs. 1.4426500106514928
--------
nle(id0,id1,dist): 64 105 3.1464805593814975
list:
dist: 3.1464805593814975 vs. 3.1464805593814975
--------
nle(id0,id1,dist): 65 71 1.466674445232985
list:
dist: 1.466674445232985 vs. 1.466674445232985
--------
nle(id0,id1,dist): 64 108 2.4187047314664003
list:
dist: 2.4187047314664003 vs. 2.4187047314664003
--------
nle(id0,id1,dist): 65 67 2.994993736544362
list:
dist: 2.994993736544362 vs. 2.994993736544362
--------
nle(id0,id1,dist): 64 103 3.7172522422086844
list:
dist: 3.7172522422086844 vs. 3.7172522422086844
--------
nle(id0,id1,dist): 64 98 2.1921163956150416
list:
dist: 2.1921163956150416 vs. 2.1921163956150416
--------
nle(id0,id1,dist): 67 76 1.732430917171039
list:
dist: 1.732430917171039 vs. 1.732430917171039
--------
nle(id0,id1,dist): 67 77 2.7890257417176043
list:
dist: 2.7890257417176043 vs. 2.7890257417176043
--------
nle(id0,id1,dist): 67 75 1.5421453676560264
list:
dist: 1.5421453676560264 vs. 1.5421453676560264
--------
nle(id0,id1,dist): 67 81 3.1499699804187125
list:
dist: 3.1499699804187125 vs. 3.1499699804187125
--------
nle(id0,id1,dist): 67 79 1.6794056030249636
list:
dist: 1.6794056030249636 vs. 1.6794056030249636
--------
nle(id0,id1,dist): 67 68 3.9577018179350834
list:
dist: 3.9577018179350834 vs. 3.9577018179350834
--------
nle(id0,id1,dist): 67 69 2.147105610299471
list:
dist: 2.147105610299471 vs. 2.147105610299471
--------
nle(id0,id1,dist): 67 73 3.2569690509164753
list:
dist: 3.2569690509164753 vs. 3.2569690509164753
--------
nle(id0,id1,dist): 67 71 1.613481689511725
list:
dist: 1.613481689511725 vs. 1.613481689511725
--------
nle(id0,id1,dist): 67 85 1.2774681129264238
list:
dist: 1.2774681129264238 vs. 1.2774681129264238
--------
nle(id0,id1,dist): 67 82 2.789829034532287
list:
dist: 2.789829034532287 vs. 2.789829034532287
--------
nle(id0,id1,dist): 67 88 1.3755486214856798
list:
dist: 1.3755486214856798 vs. 1.3755486214856798
--------
nle(id0,id1,dist): 66 79 3.6537545357868995
list:
dist: 3.6537545357868995 vs. 3.6537545357868995
--------
nle(id0,id1,dist): 66 80 1.5123705043111628
list:
dist: 1.5123705043111628 vs. 1.5123705043111628
--------
nle(id0,id1,dist): 66 82 1.282248229196384
list:
dist: 1.282248229196384 vs. 1.282248229196384
--------
nle(id0,id1,dist): 66 83 1.2446982621591411
list:
dist: 1.2446982621591411 vs. 1.2446982621591411
--------
nle(id0,id1,dist): 66 84 1.0206990245943508
list:
dist: 1.0206990245943508 vs. 1.0206990245943508
--------
nle(id0,id1,dist): 66 85 2.115820784653078
list:
dist: 2.115820784653078 vs. 2.115820784653078
--------
nle(id0,id1,dist): 66 71 2.745203796307578
list:
dist: 2.745203796307578 vs. 2.745203796307578
--------
nle(id0,id1,dist): 66 73 2.4946009863124585
list:
dist: 2.4946009863124585 vs. 2.4946009863124585
--------
nle(id0,id1,dist): 66 74 1.347863527270873
list:
dist: 1.347863527270873 vs. 1.347863527270873
--------
nle(id0,id1,dist): 66 75 2.081394851771882
list:
dist: 2.081394851771882 vs. 2.081394851771882
--------
nle(id0,id1,dist): 66 76 1.8440730566294283
list:
dist: 1.8440730566294283 vs. 1.8440730566294283
--------
nle(id0,id1,dist): 66 77 1.434892638708904
list:
dist: 1.434892638708904 vs. 1.434892638708904
--------
nle(id0,id1,dist): 66 78 1.8393728245212893
list:
dist: 1.8393728245212893 vs. 1.8393728245212893
--------
nle(id0,id1,dist): 66 88 2.024759890079365
list:
dist: 2.024759890079365 vs. 2.024759890079365
--------
nle(id0,id1,dist): 66 89 1.1283787171607842
list:
dist: 1.1283787171607842 vs. 1.1283787171607842
--------
nle(id0,id1,dist): 48 52 1.7814610124443158
list:
dist: 1.7814610124443158 vs. 1.7814610124443158
--------
nle(id0,id1,dist): 48 49 1.0118423764886393
list:
dist: 1.0118423764886393 vs. 1.0118423764886393
--------
nle(id0,id1,dist): 48 55 2.3010884155896263
list:
dist: 2.3010884155896263 vs. 2.3010884155896263
--------
nle(id0,id1,dist): 48 56 1.2385118003954212
list:
dist: 1.2385118003954212 vs. 1.2385118003954212
--------
nle(id0,id1,dist): 48 53 2.402841212097292
list:
dist: 2.402841212097292 vs. 2.402841212097292
--------
nle(id0,id1,dist): 48 54 2.5171659790666996
list:
dist: 2.5171659790666996 vs. 2.5171659790666996
--------
nle(id0,id1,dist): 48 59 1.4523786343089025
list:
dist: 1.4523786343089025 vs. 1.4523786343089025
--------
nle(id0,id1,dist): 48 57 1.5357885709042665
list:
dist: 1.5357885709042665 vs. 1.5357885709042665
--------
nle(id0,id1,dist): 48 58 1.4660588817850384
list:
dist: 1.4660588817850384 vs. 1.4660588817850384
--------
nle(id0,id1,dist): 49 51 2.617165950614663
list:
dist: 2.617165950614663 vs. 2.617165950614663
--------
nle(id0,id1,dist): 49 52 1.018460827713179
list:
dist: 1.018460827713179 vs. 1.018460827713179
--------
nle(id0,id1,dist): 49 53 1.5059229026435677
list:
dist: 1.5059229026435677 vs. 1.5059229026435677
--------
nle(id0,id1,dist): 49 54 1.6171193882385488
list:
dist: 1.6171193882385488 vs. 1.6171193882385488
--------
nle(id0,id1,dist): 49 55 2.113747708382313
list:
dist: 2.113747708382313 vs. 2.113747708382313
--------
nle(id0,id1,dist): 49 56 1.0521222598507776
list:
dist: 1.0521222598507776 vs. 1.0521222598507776
--------
nle(id0,id1,dist): 49 57 1.1022227178830808
list:
dist: 1.1022227178830808 vs. 1.1022227178830808
--------
nle(id0,id1,dist): 49 58 1.7656917532535301
list:
dist: 1.7656917532535301 vs. 1.7656917532535301
--------
nle(id0,id1,dist): 49 59 1.629886364272691
list:
dist: 1.629886364272691 vs. 1.629886364272691
--------
nle(id0,id1,dist): 50 53 1.668502877695891
list:
dist: 1.668502877695891 vs. 1.668502877695891
--------
nle(id0,id1,dist): 50 54 2.283435951906374
list:
dist: 2.283435951906374 vs. 2.283435951906374
--------
nle(id0,id1,dist): 50 51 2.2013643783595573
list:
dist: 2.2013643783595573 vs. 2.2013643783595573
--------
nle(id0,id1,dist): 50 52 2.0835757672474498
list:
dist: 2.0835757672474498 vs. 2.0835757672474498
--------
nle(id0,id1,dist): 50 56 2.1895914731469723
list:
dist: 2.1895914731469723 vs. 2.1895914731469723
--------
nle(id0,id1,dist): 50 58 2.5322342404158364
list:
dist: 2.5322342404158364 vs. 2.5322342404158364
--------
nle(id0,id1,dist): 45 47 0.9500587821399467
list:
dist: 0.9500587821399467 vs. 0.9500587821399467
--------
nle(id0,id1,dist): 45 46 1.6427156030282095
list:
dist: 1.6427156030282095 vs. 1.6427156030282095
--------
nle(id0,id1,dist): 44 56 2.509783217986088
list:
dist: 2.509783217986088 vs. 2.509783217986088
--------
nle(id0,id1,dist): 44 53 1.7082547666014036
list:
dist: 1.7082547666014036 vs. 1.7082547666014036
--------
nle(id0,id1,dist): 44 54 0.6688096976342375
list:
dist: 0.6688096976342375 vs. 0.6688096976342375
--------
nle(id0,id1,dist): 44 59 3.085806172081142
list:
dist: 3.085806172081142 vs. 3.085806172081142
--------
nle(id0,id1,dist): 44 57 2.5801564717224843
list:
dist: 2.5801564717224843 vs. 2.5801564717224843
--------
nle(id0,id1,dist): 44 58 2.9597652886899555
list:
dist: 2.9597652886899555 vs. 2.9597652886899555
--------
nle(id0,id1,dist): 45 56 2.0948077858155707
list:
dist: 2.0948077858155707 vs. 2.0948077858155707
--------
nle(id0,id1,dist): 45 57 1.4367612650743131
list:
dist: 1.4367612650743131 vs. 1.4367612650743131
--------
nle(id0,id1,dist): 45 58 3.01812644931281
list:
dist: 3.01812644931281 vs. 3.01812644931281
--------
nle(id0,id1,dist): 45 59 0.9153144569473374
list:
dist: 0.9153144569473374 vs. 0.9153144569473374
--------
nle(id0,id1,dist): 45 48 1.8450207067051554
list:
dist: 1.8450207067051554 vs. 1.8450207067051554
--------
nle(id0,id1,dist): 45 49 1.536462861670526
list:
dist: 1.536462861670526 vs. 1.536462861670526
--------
nle(id0,id1,dist): 45 51 2.842716465420305
list:
dist: 2.842716465420305 vs. 2.842716465420305
--------
nle(id0,id1,dist): 45 52 2.441159406488996
list:
dist: 2.441159406488996 vs. 2.441159406488996
--------
nle(id0,id1,dist): 45 53 2.3492192906322322
list:
dist: 2.3492192906322322 vs. 2.3492192906322322
--------
nle(id0,id1,dist): 45 54 2.778956655263273
list:
dist: 2.778956655263273 vs. 2.778956655263273
--------
nle(id0,id1,dist): 45 55 1.4955517752398038
list:
dist: 1.4955517752398038 vs. 1.4955517752398038
--------
nle(id0,id1,dist): 46 59 2.3230105787494946
list:
dist: 2.3230105787494946 vs. 2.3230105787494946
--------
nle(id0,id1,dist): 46 57 2.436533025906776
list:
dist: 2.436533025906776 vs. 2.436533025906776
--------
nle(id0,id1,dist): 46 55 1.6405622825716177
list:
dist: 1.6405622825716177 vs. 1.6405622825716177
--------
nle(id0,id1,dist): 46 56 3.2769995412197503
list:
dist: 3.2769995412197503 vs. 3.2769995412197503
--------
nle(id0,id1,dist): 46 53 3.285020858396802
list:
dist: 3.285020858396802 vs. 3.285020858396802
--------
nle(id0,id1,dist): 46 51 3.1603894341371412
list:
dist: 3.1603894341371412 vs. 3.1603894341371412
--------
nle(id0,id1,dist): 46 52 3.784544802633403
list:
dist: 3.784544802633403 vs. 3.784544802633403
--------
nle(id0,id1,dist): 46 49 3.0387466847322546
list:
dist: 3.0387466847322546 vs. 3.0387466847322546
--------
nle(id0,id1,dist): 46 47 1.2082714346054393
list:
dist: 1.2082714346054393 vs. 1.2082714346054393
--------
nle(id0,id1,dist): 47 59 1.7244320505317718
list:
dist: 1.7244320505317718 vs. 1.7244320505317718
--------
nle(id0,id1,dist): 47 55 1.9109479536164327
list:
dist: 1.9109479536164327 vs. 1.9109479536164327
--------
nle(id0,id1,dist): 47 54 3.128845579819433
list:
dist: 3.128845579819433 vs. 3.128845579819433
--------
nle(id0,id1,dist): 47 57 2.100956624493667
list:
dist: 2.100956624493667 vs. 2.100956624493667
--------
nle(id0,id1,dist): 47 56 2.867883786385351
list:
dist: 2.867883786385351 vs. 2.867883786385351
--------
nle(id0,id1,dist): 47 51 2.7449342905823904
list:
dist: 2.7449342905823904 vs. 2.7449342905823904
--------
nle(id0,id1,dist): 47 52 3.0199237666320116
list:
dist: 3.0199237666320116 vs. 3.0199237666320116
--------
nle(id0,id1,dist): 47 53 2.6794181430878097
list:
dist: 2.6794181430878097 vs. 2.6794181430878097
--------
nle(id0,id1,dist): 47 49 2.2818643488871784
list:
dist: 2.2818643488871784 vs. 2.2818643488871784
--------
nle(id0,id1,dist): 55 56 1.8787237528864322
list:
dist: 1.8787237528864322 vs. 1.8787237528864322
--------
nle(id0,id1,dist): 55 57 1.1348615546616119
list:
dist: 1.1348615546616119 vs. 1.1348615546616119
--------
nle(id0,id1,dist): 55 58 2.8803294042652903
list:
dist: 2.8803294042652903 vs. 2.8803294042652903
--------
nle(id0,id1,dist): 55 59 2.0480688824234896
list:
dist: 2.0480688824234896 vs. 2.0480688824234896
--------
nle(id0,id1,dist): 56 58 1.1196288050655885
list:
dist: 1.1196288050655885 vs. 1.1196288050655885
--------
nle(id0,id1,dist): 56 57 0.8652439406952088
list:
dist: 0.8652439406952088 vs. 0.8652439406952088
--------
nle(id0,id1,dist): 56 59 2.2273733232235284
list:
dist: 2.2273733232235284 vs. 2.2273733232235284
--------
nle(id0,id1,dist): 57 59 1.865976011395918
list:
dist: 1.865976011395918 vs. 1.865976011395918
--------
nle(id0,id1,dist): 57 58 1.969613574450131
list:
dist: 1.969613574450131 vs. 1.969613574450131
--------
nle(id0,id1,dist): 51 59 3.62782150701175
list:
dist: 3.62782150701175 vs. 3.62782150701175
--------
nle(id0,id1,dist): 51 52 2.3483094455893614
list:
dist: 2.3483094455893614 vs. 2.3483094455893614
--------
nle(id0,id1,dist): 51 53 1.3042997227547393
list:
dist: 1.3042997227547393 vs. 1.3042997227547393
--------
nle(id0,id1,dist): 51 54 2.104845699824052
list:
dist: 2.104845699824052 vs. 2.104845699824052
--------
nle(id0,id1,dist): 51 55 2.643296532478704
list:
dist: 2.643296532478704 vs. 2.643296532478704
--------
nle(id0,id1,dist): 51 56 2.6651299301052
list:
dist: 2.6651299301052 vs. 2.6651299301052
--------
nle(id0,id1,dist): 51 57 2.2345344375817406
list:
dist: 2.2345344375817406 vs. 2.2345344375817406
--------
nle(id0,id1,dist): 52 55 2.7496406078902136
list:
dist: 2.7496406078902136 vs. 2.7496406078902136
--------
nle(id0,id1,dist): 52 56 1.2694752472216002
list:
dist: 1.2694752472216002 vs. 1.2694752472216002
--------
nle(id0,id1,dist): 52 53 1.0739413819965273
list:
dist: 1.0739413819965273 vs. 1.0739413819965273
--------
nle(id0,id1,dist): 52 54 0.8571759554680634
list:
dist: 0.8571759554680634 vs. 0.8571759554680634
--------
nle(id0,id1,dist): 52 59 2.644712378425613
list:
dist: 2.644712378425613 vs. 2.644712378425613
--------
nle(id0,id1,dist): 52 57 1.6259603924473718
list:
dist: 1.6259603924473718 vs. 1.6259603924473718
--------
nle(id0,id1,dist): 52 58 1.7159225390466202
list:
dist: 1.7159225390466202 vs. 1.7159225390466202
--------
nle(id0,id1,dist): 53 54 1.1550627066803771
list:
dist: 1.1550627066803771 vs. 1.1550627066803771
--------
nle(id0,id1,dist): 53 55 2.3266366410337795
list:
dist: 2.3266366410337795 vs. 2.3266366410337795
--------
nle(id0,id1,dist): 53 57 1.4182421896989206
list:
dist: 1.4182421896989206 vs. 1.4182421896989206
--------
nle(id0,id1,dist): 53 56 1.5281747647761226
list:
dist: 1.5281747647761226 vs. 1.5281747647761226
--------
nle(id0,id1,dist): 53 59 2.8910462990409953
list:
dist: 2.8910462990409953 vs. 2.8910462990409953
--------
nle(id0,id1,dist): 53 58 2.3794450153250577
list:
dist: 2.3794450153250577 vs. 2.3794450153250577
--------
nle(id0,id1,dist): 54 59 3.1092261471941205
list:
dist: 3.1092261471941205 vs. 3.1092261471941205
--------
nle(id0,id1,dist): 54 58 2.5515373890506394
list:
dist: 2.5515373890506394 vs. 2.5515373890506394
--------
nle(id0,id1,dist): 54 57 2.2062245062200745
list:
dist: 2.2062245062200745 vs. 2.2062245062200745
--------
nle(id0,id1,dist): 54 56 2.0672183938236803
list:
dist: 2.0672183938236803 vs. 2.0672183938236803
--------
nle(id0,id1,dist): 93 112 1.8724305354180895
list:
dist: 1.8724305354180895 vs. 1.8724305354180895
--------
nle(id0,id1,dist): 93 113 2.6526574382493844
list:
dist: 2.6526574382493844 vs. 2.6526574382493844
--------
nle(id0,id1,dist): 93 114 2.348806841477681
list:
dist: 2.348806841477681 vs. 2.348806841477681
--------
nle(id0,id1,dist): 93 115 1.7992736137010883
list:
dist: 1.7992736137010883 vs. 1.7992736137010883
--------
nle(id0,id1,dist): 93 117 2.5224923637607795
list:
dist: 2.5224923637607795 vs. 2.5224923637607795
--------
nle(id0,id1,dist): 93 118 3.689165478533727
list:
dist: 3.689165478533727 vs. 3.689165478533727
--------
nle(id0,id1,dist): 93 97 1.7329295473676074
list:
dist: 1.7329295473676074 vs. 1.7329295473676074
--------
nle(id0,id1,dist): 93 96 1.592785873737335
list:
dist: 1.592785873737335 vs. 1.592785873737335
--------
nle(id0,id1,dist): 93 99 2.0382374088235427
list:
dist: 2.0382374088235427 vs. 2.0382374088235427
--------
nle(id0,id1,dist): 93 98 2.19819487426735
list:
dist: 2.19819487426735 vs. 2.19819487426735
--------
nle(id0,id1,dist): 93 101 1.4062726978069657
list:
dist: 1.4062726978069657 vs. 1.4062726978069657
--------
nle(id0,id1,dist): 93 100 1.095801155085982
list:
dist: 1.095801155085982 vs. 1.095801155085982
--------
nle(id0,id1,dist): 93 103 1.1769847345926676
list:
dist: 1.1769847345926676 vs. 1.1769847345926676
--------
nle(id0,id1,dist): 93 102 2.0068095320982664
list:
dist: 2.0068095320982664 vs. 2.0068095320982664
--------
nle(id0,id1,dist): 93 105 0.6818953828434939
list:
dist: 0.6818953828434939 vs. 0.6818953828434939
--------
nle(id0,id1,dist): 93 104 1.5031909086273136
list:
dist: 1.5031909086273136 vs. 1.5031909086273136
--------
nle(id0,id1,dist): 93 107 2.803885330344062
list:
dist: 2.803885330344062 vs. 2.803885330344062
--------
nle(id0,id1,dist): 93 106 1.911507668761669
list:
dist: 1.911507668761669 vs. 1.911507668761669
--------
nle(id0,id1,dist): 93 109 1.5107193193040893
list:
dist: 1.5107193193040893 vs. 1.5107193193040893
--------
nle(id0,id1,dist): 93 108 1.3716833700681055
list:
dist: 1.3716833700681055 vs. 1.3716833700681055
--------
nle(id0,id1,dist): 93 111 1.9697308970117164
list:
dist: 1.9697308970117164 vs. 1.9697308970117164
--------
nle(id0,id1,dist): 93 110 2.8209830690620943
list:
dist: 2.8209830690620943 vs. 2.8209830690620943
--------
nle(id0,id1,dist): 94 109 2.3585784690967246
list:
dist: 2.3585784690967246 vs. 2.3585784690967246
--------
nle(id0,id1,dist): 94 110 3.278151044590053
list:
dist: 3.278151044590053 vs. 3.278151044590053
--------
nle(id0,id1,dist): 94 107 3.6658194099823946
list:
dist: 3.6658194099823946 vs. 3.6658194099823946
--------
nle(id0,id1,dist): 94 108 1.8559728636403623
list:
dist: 1.8559728636403623 vs. 1.8559728636403623
--------
nle(id0,id1,dist): 94 113 3.2065361544013267
list:
dist: 3.2065361544013267 vs. 3.2065361544013267
--------
nle(id0,id1,dist): 94 114 3.02449166188446
list:
dist: 3.02449166188446 vs. 3.02449166188446
--------
nle(id0,id1,dist): 94 111 1.7663384223729737
list:
dist: 1.7663384223729737 vs. 1.7663384223729737
--------
nle(id0,id1,dist): 94 112 2.4804432884313936
list:
dist: 2.4804432884313936 vs. 2.4804432884313936
--------
nle(id0,id1,dist): 94 117 2.9140696028989392
list:
dist: 2.9140696028989392 vs. 2.9140696028989392
--------
nle(id0,id1,dist): 94 118 4.121233030063492
list:
dist: 4.121233030063492 vs. 4.121233030063492
--------
nle(id0,id1,dist): 94 115 2.277042010876712
list:
dist: 2.277042010876712 vs. 2.277042010876712
--------
nle(id0,id1,dist): 94 98 2.9930009643998576
list:
dist: 2.9930009643998576 vs. 2.9930009643998576
--------
nle(id0,id1,dist): 94 97 2.3969644901579716
list:
dist: 2.3969644901579716 vs. 2.3969644901579716
--------
nle(id0,id1,dist): 94 96 2.0088627670995467
list:
dist: 2.0088627670995467 vs. 2.0088627670995467
--------
nle(id0,id1,dist): 94 95 0.9586090415549301
list:
dist: 0.9586090415549301 vs. 0.9586090415549301
--------
nle(id0,id1,dist): 94 102 2.016573304997098
list:
dist: 2.016573304997098 vs. 2.016573304997098
--------
nle(id0,id1,dist): 94 101 2.0473124158015037
list:
dist: 2.0473124158015037 vs. 2.0473124158015037
--------
nle(id0,id1,dist): 94 100 1.6859699058885227
list:
dist: 1.6859699058885227 vs. 1.6859699058885227
--------
nle(id0,id1,dist): 94 99 2.70634464614196
list:
dist: 2.70634464614196 vs. 2.70634464614196
--------
nle(id0,id1,dist): 94 106 2.7705043251945387
list:
dist: 2.7705043251945387 vs. 2.7705043251945387
--------
nle(id0,id1,dist): 94 105 1.4958241719084926
list:
dist: 1.4958241719084926 vs. 1.4958241719084926
--------
nle(id0,id1,dist): 94 104 1.5857627854786664
list:
dist: 1.5857627854786664 vs. 1.5857627854786664
--------
nle(id0,id1,dist): 94 103 0.8382670340333263
list:
dist: 0.8382670340333263 vs. 0.8382670340333263
--------
nle(id0,id1,dist): 92 97 1.6811418591525784
list:
dist: 1.6811418591525784 vs. 1.6811418591525784
--------
nle(id0,id1,dist): 92 98 3.518330180527185
list:
dist: 3.518330180527185 vs. 3.518330180527185
--------
nle(id0,id1,dist): 92 99 2.459113259515007
list:
dist: 2.459113259515007 vs. 2.459113259515007
--------
nle(id0,id1,dist): 92 100 1.3079541726094854
list:
dist: 1.3079541726094854 vs. 1.3079541726094854
--------
nle(id0,id1,dist): 92 93 1.7677887176412366
list:
dist: 1.7677887176412366 vs. 1.7677887176412366
--------
nle(id0,id1,dist): 92 94 1.7118878029128997
list:
dist: 1.7118878029128997 vs. 1.7118878029128997
--------
nle(id0,id1,dist): 92 95 1.925840534120643
list:
dist: 1.925840534120643 vs. 1.925840534120643
--------
nle(id0,id1,dist): 92 96 3.0882202495025886
list:
dist: 3.0882202495025886 vs. 3.0882202495025886
--------
nle(id0,id1,dist): 91 111 1.5128371331863733
list:
dist: 1.5128371331863733 vs. 1.5128371331863733
--------
nle(id0,id1,dist): 91 110 2.392168294457422
list:
dist: 2.392168294457422 vs. 2.392168294457422
--------
nle(id0,id1,dist): 91 113 2.3232224351683817
list:
dist: 2.3232224351683817 vs. 2.3232224351683817
--------
nle(id0,id1,dist): 91 112 1.5439191083916988
list:
dist: 1.5439191083916988 vs. 1.5439191083916988
--------
nle(id0,id1,dist): 91 107 2.850797526207275
list:
dist: 2.850797526207275 vs. 2.850797526207275
--------
nle(id0,id1,dist): 91 106 2.2964816116753086
list:
dist: 2.2964816116753086 vs. 2.2964816116753086
--------
nle(id0,id1,dist): 91 109 1.6897215629227245
list:
dist: 1.6897215629227245 vs. 1.6897215629227245
--------
nle(id0,id1,dist): 91 108 1.0774303946452468
list:
dist: 1.0774303946452468 vs. 1.0774303946452468
--------
nle(id0,id1,dist): 91 118 3.2398760834764233
list:
dist: 3.2398760834764233 vs. 3.2398760834764233
--------
nle(id0,id1,dist): 91 115 1.6595396808108183
list:
dist: 1.6595396808108183 vs. 1.6595396808108183
--------
nle(id0,id1,dist): 91 114 2.1138810223437945
list:
dist: 2.1138810223437945 vs. 2.1138810223437945
--------
nle(id0,id1,dist): 91 117 2.0287747831095513
list:
dist: 2.0287747831095513 vs. 2.0287747831095513
--------
nle(id0,id1,dist): 92 117 3.585978670994687
list:
dist: 3.585978670994687 vs. 3.585978670994687
--------
nle(id0,id1,dist): 92 118 4.442716338020699
list:
dist: 4.442716338020699 vs. 4.442716338020699
--------
nle(id0,id1,dist): 93 94 0.8924507585027289
list:
dist: 0.8924507585027289 vs. 0.8924507585027289
--------
nle(id0,id1,dist): 93 95 1.1445583659496752
list:
dist: 1.1445583659496752 vs. 1.1445583659496752
--------
nle(id0,id1,dist): 92 108 2.0262649396327657
list:
dist: 2.0262649396327657 vs. 2.0262649396327657
--------
nle(id0,id1,dist): 92 107 3.801354967793056
list:
dist: 3.801354967793056 vs. 3.801354967793056
--------
nle(id0,id1,dist): 92 106 3.018798399716016
list:
dist: 3.018798399716016 vs. 3.018798399716016
--------
nle(id0,id1,dist): 92 105 1.7181050389899588
list:
dist: 1.7181050389899588 vs. 1.7181050389899588
--------
nle(id0,id1,dist): 92 104 0.32559384529330154
list:
dist: 0.32559384529330154 vs. 0.32559384529330154
--------
nle(id0,id1,dist): 92 103 1.712599546161487
list:
dist: 1.712599546161487 vs. 1.712599546161487
--------
nle(id0,id1,dist): 92 102 1.5751022089538786
list:
dist: 1.5751022089538786 vs. 1.5751022089538786
--------
nle(id0,id1,dist): 92 101 1.9472273055456695
list:
dist: 1.9472273055456695 vs. 1.9472273055456695
--------
nle(id0,id1,dist): 92 115 1.8784289960728093
list:
dist: 1.8784289960728093 vs. 1.8784289960728093
--------
nle(id0,id1,dist): 92 114 3.2091410342302957
list:
dist: 3.2091410342302957 vs. 3.2091410342302957
--------
nle(id0,id1,dist): 92 113 3.304081072912136
list:
dist: 3.304081072912136 vs. 3.304081072912136
--------
nle(id0,id1,dist): 92 112 3.185609631357633
list:
dist: 3.185609631357633 vs. 3.185609631357633
--------
nle(id0,id1,dist): 92 111 2.052846159159848
list:
dist: 2.052846159159848 vs. 2.052846159159848
--------
nle(id0,id1,dist): 92 110 3.5817773524170584
list:
dist: 3.5817773524170584 vs. 3.5817773524170584
--------
nle(id0,id1,dist): 92 109 2.987088901517119
list:
dist: 2.987088901517119 vs. 2.987088901517119
--------
nle(id0,id1,dist): 97 101 1.1529060091060053
list:
dist: 1.1529060091060053 vs. 1.1529060091060053
--------
nle(id0,id1,dist): 97 100 0.7754046919955755
list:
dist: 0.7754046919955755 vs. 0.7754046919955755
--------
nle(id0,id1,dist): 97 103 2.351635384795788
list:
dist: 2.351635384795788 vs. 2.351635384795788
--------
nle(id0,id1,dist): 97 102 2.0816679907285405
list:
dist: 2.0816679907285405 vs. 2.0816679907285405
--------
nle(id0,id1,dist): 97 105 1.1178028502775121
list:
dist: 1.1178028502775121 vs. 1.1178028502775121
--------
nle(id0,id1,dist): 97 104 1.401446406020915
list:
dist: 1.401446406020915 vs. 1.401446406020915
--------
nle(id0,id1,dist): 97 107 2.3573965999436837
list:
dist: 2.3573965999436837 vs. 2.3573965999436837
--------
nle(id0,id1,dist): 97 106 1.6953772455761498
list:
dist: 1.6953772455761498 vs. 1.6953772455761498
--------
nle(id0,id1,dist): 97 99 1.5208504609554694
list:
dist: 1.5208504609554694 vs. 1.5208504609554694
--------
nle(id0,id1,dist): 97 98 2.410091440896203
list:
dist: 2.410091440896203 vs. 2.410091440896203
--------
nle(id0,id1,dist): 96 113 1.9357888866608155
list:
dist: 1.9357888866608155 vs. 1.9357888866608155
--------
nle(id0,id1,dist): 96 114 1.6952281003790257
list:
dist: 1.6952281003790257 vs. 1.6952281003790257
--------
nle(id0,id1,dist): 96 115 2.102447196075149
list:
dist: 2.102447196075149 vs. 2.102447196075149
--------
nle(id0,id1,dist): 96 116 3.1529172327467796
list:
dist: 3.1529172327467796 vs. 3.1529172327467796
--------
nle(id0,id1,dist): 96 117 1.2162231666915053
list:
dist: 1.2162231666915053 vs. 1.2162231666915053
--------
nle(id0,id1,dist): 96 118 2.5253626432826026
list:
dist: 2.5253626432826026 vs. 2.5253626432826026
--------
nle(id0,id1,dist): 98 102 3.872892747066317
list:
dist: 3.872892747066317 vs. 3.872892747066317
--------
nle(id0,id1,dist): 98 101 2.5579781281189207
list:
dist: 2.5579781281189207 vs. 2.5579781281189207
--------
nle(id0,id1,dist): 98 100 2.48322870821325
list:
dist: 2.48322870821325 vs. 2.48322870821325
--------
nle(id0,id1,dist): 98 99 1.646035741880967
list:
dist: 1.646035741880967 vs. 1.646035741880967
--------
nle(id0,id1,dist): 97 118 3.8933753968681097
list:
dist: 3.8933753968681097 vs. 3.8933753968681097
--------
nle(id0,id1,dist): 97 117 3.1882226602392283
list:
dist: 3.1882226602392283 vs. 3.1882226602392283
--------
nle(id0,id1,dist): 97 110 3.061829109151331
list:
dist: 3.061829109151331 vs. 3.061829109151331
--------
nle(id0,id1,dist): 97 111 2.7587832278655977
list:
dist: 2.7587832278655977 vs. 2.7587832278655977
--------
nle(id0,id1,dist): 97 108 1.7479234990689556
list:
dist: 1.7479234990689556 vs. 1.7479234990689556
--------
nle(id0,id1,dist): 97 109 1.9579565133184973
list:
dist: 1.9579565133184973 vs. 1.9579565133184973
--------
nle(id0,id1,dist): 97 114 2.295081426427746
list:
dist: 2.295081426427746 vs. 2.295081426427746
--------
nle(id0,id1,dist): 97 115 1.4876998181259495
list:
dist: 1.4876998181259495 vs. 1.4876998181259495
--------
nle(id0,id1,dist): 97 112 2.526113457299066
list:
dist: 2.526113457299066 vs. 2.526113457299066
--------
nle(id0,id1,dist): 97 113 2.6111335351763723
list:
dist: 2.6111335351763723 vs. 2.6111335351763723
--------
nle(id0,id1,dist): 95 115 1.727072304490647
list:
dist: 1.727072304490647 vs. 1.727072304490647
--------
nle(id0,id1,dist): 95 114 2.3909920214141143
list:
dist: 2.3909920214141143 vs. 2.3909920214141143
--------
nle(id0,id1,dist): 95 117 2.097639591081014
list:
dist: 2.097639591081014 vs. 2.097639591081014
--------
nle(id0,id1,dist): 95 111 0.9503411346711569
list:
dist: 0.9503411346711569 vs. 0.9503411346711569
--------
nle(id0,id1,dist): 95 110 2.4360203531868283
list:
dist: 2.4360203531868283 vs. 2.4360203531868283
--------
nle(id0,id1,dist): 95 113 2.4426939992283345
list:
dist: 2.4426939992283345 vs. 2.4426939992283345
--------
nle(id0,id1,dist): 95 112 1.8971667753549137
list:
dist: 1.8971667753549137 vs. 1.8971667753549137
--------
nle(id0,id1,dist): 95 107 3.348292094196988
list:
dist: 3.348292094196988 vs. 3.348292094196988
--------
nle(id0,id1,dist): 95 106 2.917936051288498
list:
dist: 2.917936051288498 vs. 2.917936051288498
--------
nle(id0,id1,dist): 95 109 2.320558105121561
list:
dist: 2.320558105121561 vs. 2.320558105121561
--------
nle(id0,id1,dist): 95 108 1.209674477673542
list:
dist: 1.209674477673542 vs. 1.209674477673542
--------
nle(id0,id1,dist): 95 103 1.7628481941382097
list:
dist: 1.7628481941382097 vs. 1.7628481941382097
--------
nle(id0,id1,dist): 95 102 2.7560051545031925
list:
dist: 2.7560051545031925 vs. 2.7560051545031925
--------
nle(id0,id1,dist): 95 105 1.6789234589369868
list:
dist: 1.6789234589369868 vs. 1.6789234589369868
--------
nle(id0,id1,dist): 95 104 1.787383051854242
list:
dist: 1.787383051854242 vs. 1.787383051854242
--------
nle(id0,id1,dist): 95 98 2.6247867177525586
list:
dist: 2.6247867177525586 vs. 2.6247867177525586
--------
nle(id0,id1,dist): 95 99 2.187790568719949
list:
dist: 2.187790568719949 vs. 2.187790568719949
--------
nle(id0,id1,dist): 95 100 1.9338283605082276
list:
dist: 1.9338283605082276 vs. 1.9338283605082276
--------
nle(id0,id1,dist): 95 101 2.4770939166888133
list:
dist: 2.4770939166888133 vs. 2.4770939166888133
--------
nle(id0,id1,dist): 95 96 1.4873513287679796
list:
dist: 1.4873513287679796 vs. 1.4873513287679796
--------
nle(id0,id1,dist): 95 97 2.435696754538345
list:
dist: 2.435696754538345 vs. 2.435696754538345
--------
nle(id0,id1,dist): 96 112 0.7560480719206459
list:
dist: 0.7560480719206459 vs. 0.7560480719206459
--------
nle(id0,id1,dist): 96 111 2.0818543238787264
list:
dist: 2.0818543238787264 vs. 2.0818543238787264
--------
nle(id0,id1,dist): 96 110 1.8262232223202137
list:
dist: 1.8262232223202137 vs. 1.8262232223202137
--------
nle(id0,id1,dist): 96 109 1.5665409398615988
list:
dist: 1.5665409398615988 vs. 1.5665409398615988
--------
nle(id0,id1,dist): 96 108 1.4375540311992006
list:
dist: 1.4375540311992006 vs. 1.4375540311992006
--------
nle(id0,id1,dist): 96 107 2.470772124360105
list:
dist: 2.470772124360105 vs. 2.470772124360105
--------
nle(id0,id1,dist): 96 106 2.447612625757833
list:
dist: 2.447612625757833 vs. 2.447612625757833
--------
nle(id0,id1,dist): 96 105 1.9288103716051774
list:
dist: 1.9288103716051774 vs. 1.9288103716051774
--------
nle(id0,id1,dist): 96 104 2.8413439651090817
list:
dist: 2.8413439651090817 vs. 2.8413439651090817
--------
nle(id0,id1,dist): 96 103 2.6175634834374697
list:
dist: 2.6175634834374697 vs. 2.6175634834374697
--------
nle(id0,id1,dist): 96 102 3.598521040650665
list:
dist: 3.598521040650665 vs. 3.598521040650665
--------
nle(id0,id1,dist): 96 101 2.7282318381923414
list:
dist: 2.7282318381923414 vs. 2.7282318381923414
--------
nle(id0,id1,dist): 96 100 2.452707589659741
list:
dist: 2.452707589659741 vs. 2.452707589659741
--------
nle(id0,id1,dist): 96 99 2.063218768363079
list:
dist: 2.063218768363079 vs. 2.063218768363079
--------
nle(id0,id1,dist): 96 98 1.5241536089399461
list:
dist: 1.5241536089399461 vs. 1.5241536089399461
--------
nle(id0,id1,dist): 96 97 2.762825189696869
list:
dist: 2.762825189696869 vs. 2.762825189696869
--------
nle(id0,id1,dist): 95 118 3.250198288540016
list:
dist: 3.250198288540016 vs. 3.250198288540016
--------
nle(id0,id1,dist): 86 99 3.4064028125250343
list:
dist: 3.4064028125250343 vs. 3.4064028125250343
--------
nle(id0,id1,dist): 86 106 3.681100366546749
list:
dist: 3.681100366546749 vs. 3.681100366546749
--------
nle(id0,id1,dist): 86 110 2.4589180309345746
list:
dist: 2.4589180309345746 vs. 2.4589180309345746
--------
nle(id0,id1,dist): 86 109 2.954274849837066
list:
dist: 2.954274849837066 vs. 2.954274849837066
--------
nle(id0,id1,dist): 86 107 2.699259482507033
list:
dist: 2.699259482507033 vs. 2.699259482507033
--------
nle(id0,id1,dist): 86 114 2.5145981948529927
list:
dist: 2.5145981948529927 vs. 2.5145981948529927
--------
nle(id0,id1,dist): 86 113 2.702676493752648
list:
dist: 2.702676493752648 vs. 2.702676493752648
--------
nle(id0,id1,dist): 86 112 2.178217515629096
list:
dist: 2.178217515629096 vs. 2.178217515629096
--------
nle(id0,id1,dist): 86 117 2.1292294960319107
list:
dist: 2.1292294960319107 vs. 2.1292294960319107
--------
nle(id0,id1,dist): 86 118 2.341636685545524
list:
dist: 2.341636685545524 vs. 2.341636685545524
--------
nle(id0,id1,dist): 86 116 2.1716785743677915
list:
dist: 2.1716785743677915 vs. 2.1716785743677915
--------
nle(id0,id1,dist): 87 89 3.1205204859726177
list:
dist: 3.1205204859726177 vs. 3.1205204859726177
--------
nle(id0,id1,dist): 85 88 1.08148026175685
list:
dist: 1.08148026175685 vs. 1.08148026175685
--------
nle(id0,id1,dist): 85 89 2.4892700839344353
list:
dist: 2.4892700839344353 vs. 2.4892700839344353
--------
nle(id0,id1,dist): 86 96 2.4705755790328214
list:
dist: 2.4705755790328214 vs. 2.4705755790328214
--------
nle(id0,id1,dist): 86 98 2.151595367134668
list:
dist: 2.151595367134668 vs. 2.151595367134668
--------
nle(id0,id1,dist): 90 93 1.7387637824509115
list:
dist: 1.7387637824509115 vs. 1.7387637824509115
--------
nle(id0,id1,dist): 90 94 1.2380476448553188
list:
dist: 1.2380476448553188 vs. 1.2380476448553188
--------
nle(id0,id1,dist): 90 91 2.0689196552877864
list:
dist: 2.0689196552877864 vs. 2.0689196552877864
--------
nle(id0,id1,dist): 90 92 1.4559075188877164
list:
dist: 1.4559075188877164 vs. 1.4559075188877164
--------
nle(id0,id1,dist): 90 105 2.0041404946805317
list:
dist: 2.0041404946805317 vs. 2.0041404946805317
--------
nle(id0,id1,dist): 90 104 1.4841940825652262
list:
dist: 1.4841940825652262 vs. 1.4841940825652262
--------
nle(id0,id1,dist): 90 103 0.7394719688149617
list:
dist: 0.7394719688149617 vs. 0.7394719688149617
--------
nle(id0,id1,dist): 90 108 2.747798217382393
list:
dist: 2.747798217382393 vs. 2.747798217382393
--------
nle(id0,id1,dist): 90 97 2.565609990937402
list:
dist: 2.565609990937402 vs. 2.565609990937402
--------
nle(id0,id1,dist): 90 95 2.068317049602442
list:
dist: 2.068317049602442 vs. 2.068317049602442
--------
nle(id0,id1,dist): 90 102 1.1638403249905964
list:
dist: 1.1638403249905964 vs. 1.1638403249905964
--------
nle(id0,id1,dist): 90 101 2.080484860256214
list:
dist: 2.080484860256214 vs. 2.080484860256214
--------
nle(id0,id1,dist): 90 100 1.8503944407650699
list:
dist: 1.8503944407650699 vs. 1.8503944407650699
--------
nle(id0,id1,dist): 90 111 2.606169614968507
list:
dist: 2.606169614968507 vs. 2.606169614968507
--------
nle(id0,id1,dist): 90 115 2.928223347972307
list:
dist: 2.928223347972307 vs. 2.928223347972307
--------
nle(id0,id1,dist): 91 99 1.9449891663100969
list:
dist: 1.9449891663100969 vs. 1.9449891663100969
--------
nle(id0,id1,dist): 91 98 2.121394716855403
list:
dist: 2.121394716855403 vs. 2.121394716855403
--------
nle(id0,id1,dist): 91 101 1.9858338039166121
list:
dist: 1.9858338039166121 vs. 1.9858338039166121
--------
nle(id0,id1,dist): 91 100 1.564187840443861
list:
dist: 1.564187840443861 vs. 1.564187840443861
--------
nle(id0,id1,dist): 91 103 1.5777466559774653
list:
dist: 1.5777466559774653 vs. 1.5777466559774653
--------
nle(id0,id1,dist): 91 102 2.539514908022045
list:
dist: 2.539514908022045 vs. 2.539514908022045
--------
nle(id0,id1,dist): 91 105 1.162658042981915
list:
dist: 1.162658042981915 vs. 1.162658042981915
--------
nle(id0,id1,dist): 91 104 1.7637627526370145
list:
dist: 1.7637627526370145 vs. 1.7637627526370145
--------
nle(id0,id1,dist): 91 93 0.616515683812812
list:
dist: 0.616515683812812 vs. 0.616515683812812
--------
nle(id0,id1,dist): 91 92 1.990620684707661
list:
dist: 1.990620684707661 vs. 1.990620684707661
--------
nle(id0,id1,dist): 91 95 0.6508436598143894
list:
dist: 0.6508436598143894 vs. 0.6508436598143894
--------
nle(id0,id1,dist): 91 94 0.9428374785228933
list:
dist: 0.9428374785228933 vs. 0.9428374785228933
--------
nle(id0,id1,dist): 91 97 2.083352901540915
list:
dist: 2.083352901540915 vs. 2.083352901540915
--------
nle(id0,id1,dist): 91 96 1.1631521662825244
list:
dist: 1.1631521662825244 vs. 1.1631521662825244
--------
nle(id0,id1,dist): 88 89 2.0702757211079628
list:
dist: 2.0702757211079628 vs. 2.0702757211079628
--------
nle(id0,id1,dist): 81 82 1.5051931191271282
list:
dist: 1.5051931191271282 vs. 1.5051931191271282
--------
nle(id0,id1,dist): 81 85 2.0921160087984383
list:
dist: 2.0921160087984383 vs. 2.0921160087984383
--------
nle(id0,id1,dist): 80 85 2.953106745775165
list:
dist: 2.953106745775165 vs. 2.953106745775165
--------
nle(id0,id1,dist): 80 87 2.5481913932690707
list:
dist: 2.5481913932690707 vs. 2.5481913932690707
--------
nle(id0,id1,dist): 80 88 3.212178206546402
list:
dist: 3.212178206546402 vs. 3.212178206546402
--------
nle(id0,id1,dist): 80 81 2.870657520032087
list:
dist: 2.870657520032087 vs. 2.870657520032087
--------
nle(id0,id1,dist): 80 82 1.7724191075410094
list:
dist: 1.7724191075410094 vs. 1.7724191075410094
--------
nle(id0,id1,dist): 80 83 1.4569196409672345
list:
dist: 1.4569196409672345 vs. 1.4569196409672345
--------
nle(id0,id1,dist): 80 84 1.0380064109126192
list:
dist: 1.0380064109126192 vs. 1.0380064109126192
--------
nle(id0,id1,dist): 80 89 1.8854344694238598
list:
dist: 1.8854344694238598 vs. 1.8854344694238598
--------
nle(id0,id1,dist): 79 88 2.486753791156175
list:
dist: 2.486753791156175 vs. 2.486753791156175
--------
nle(id0,id1,dist): 79 81 2.2194941432845914
list:
dist: 2.2194941432845914 vs. 2.2194941432845914
--------
nle(id0,id1,dist): 79 85 1.683112253267605
list:
dist: 1.683112253267605 vs. 1.683112253267605
--------
nle(id0,id1,dist): 79 82 2.7010089555589927
list:
dist: 2.7010089555589927 vs. 2.7010089555589927
--------
nle(id0,id1,dist): 78 80 1.4825532823919232
list:
dist: 1.4825532823919232 vs. 1.4825532823919232
--------
nle(id0,id1,dist): 78 82 1.4347932179752008
list:
dist: 1.4347932179752008 vs. 1.4347932179752008
--------
nle(id0,id1,dist): 78 81 2.2425003047618635
list:
dist: 2.2425003047618635 vs. 2.2425003047618635
--------
nle(id0,id1,dist): 78 84 2.0761891277426248
list:
dist: 2.0761891277426248 vs. 2.0761891277426248
--------
nle(id0,id1,dist): 78 83 1.1930602630786025
list:
dist: 1.1930602630786025 vs. 1.1930602630786025
--------
nle(id0,id1,dist): 78 85 1.93364054431993
list:
dist: 1.93364054431993 vs. 1.93364054431993
--------
nle(id0,id1,dist): 78 88 2.4623899102727806
list:
dist: 2.4623899102727806 vs. 2.4623899102727806
--------
nle(id0,id1,dist): 78 87 3.95949833108987
list:
dist: 3.95949833108987 vs. 3.95949833108987
--------
nle(id0,id1,dist): 78 89 2.0378678382312168
list:
dist: 2.0378678382312168 vs. 2.0378678382312168
--------
nle(id0,id1,dist): 84 89 1.2487704791827852
list:
dist: 1.2487704791827852 vs. 1.2487704791827852
--------
nle(id0,id1,dist): 84 87 2.1574096426409306
list:
dist: 2.1574096426409306 vs. 2.1574096426409306
--------
nle(id0,id1,dist): 84 88 2.926415079995633
list:
dist: 2.926415079995633 vs. 2.926415079995633
--------
nle(id0,id1,dist): 84 85 3.0121447437807762
list:
dist: 3.0121447437807762 vs. 3.0121447437807762
--------
nle(id0,id1,dist): 83 87 3.3667545648404587
list:
dist: 3.3667545648404587 vs. 3.3667545648404587
--------
nle(id0,id1,dist): 83 88 2.0897120379602407
list:
dist: 2.0897120379602407 vs. 2.0897120379602407
--------
nle(id0,id1,dist): 83 89 0.8788577740635931
list:
dist: 0.8788577740635931 vs. 0.8788577740635931
--------
nle(id0,id1,dist): 83 84 1.386550074336356
list:
dist: 1.386550074336356 vs. 1.386550074336356
--------
nle(id0,id1,dist): 83 85 2.1367524635800237
list:
dist: 2.1367524635800237 vs. 2.1367524635800237
--------
nle(id0,id1,dist): 82 89 2.1774571538228416
list:
dist: 2.1774571538228416 vs. 2.1774571538228416
--------
nle(id0,id1,dist): 82 88 2.090872345815604
list:
dist: 2.090872345815604 vs. 2.090872345815604
--------
nle(id0,id1,dist): 82 84 2.003727868973299
list:
dist: 2.003727868973299 vs. 2.003727868973299
--------
nle(id0,id1,dist): 82 83 1.7729921120484695
list:
dist: 1.7729921120484695 vs. 1.7729921120484695
--------
nle(id0,id1,dist): 82 85 1.51335488996457
list:
dist: 1.51335488996457 vs. 1.51335488996457
--------
nle(id0,id1,dist): 74 76 2.7459213680704257
list:
dist: 2.7459213680704257 vs. 2.7459213680704257
--------
nle(id0,id1,dist): 74 78 2.1259247463775264
list:
dist: 2.1259247463775264 vs. 2.1259247463775264
--------
nle(id0,id1,dist): 74 77 2.2846078040175617
list:
dist: 2.2846078040175617 vs. 2.2846078040175617
--------
nle(id0,id1,dist): 74 83 1.300306313466666
list:
dist: 1.300306313466666 vs. 1.300306313466666
--------
nle(id0,id1,dist): 74 84 0.4825937155409199
list:
dist: 0.4825937155409199 vs. 0.4825937155409199
--------
nle(id0,id1,dist): 74 85 3.1993626991129718
list:
dist: 3.1993626991129718 vs. 3.1993626991129718
--------
nle(id0,id1,dist): 74 80 1.170530663755234
list:
dist: 1.170530663755234 vs. 1.170530663755234
--------
nle(id0,id1,dist): 74 82 2.3333223394643374
list:
dist: 2.3333223394643374 vs. 2.3333223394643374
--------
nle(id0,id1,dist): 74 87 2.0822264767965395
list:
dist: 2.0822264767965395 vs. 2.0822264767965395
--------
nle(id0,id1,dist): 74 88 3.0519367378723934
list:
dist: 3.0519367378723934 vs. 3.0519367378723934
--------
nle(id0,id1,dist): 74 89 1.1427131004928652
list:
dist: 1.1427131004928652 vs. 1.1427131004928652
--------
nle(id0,id1,dist): 73 75 3.174261929010744
list:
dist: 3.174261929010744 vs. 3.174261929010744
--------
nle(id0,id1,dist): 73 74 3.181008203261796
list:
dist: 3.181008203261796 vs. 3.181008203261796
--------
nle(id0,id1,dist): 73 83 2.542511023186648
list:
dist: 2.542511023186648 vs. 2.542511023186648
--------
nle(id0,id1,dist): 73 82 1.3230764144005553
list:
dist: 1.3230764144005553 vs. 1.3230764144005553
--------
nle(id0,id1,dist): 73 81 0.8635799914820013
list:
dist: 0.8635799914820013 vs. 0.8635799914820013
--------
nle(id0,id1,dist): 73 80 2.2236341993872326
list:
dist: 2.2236341993872326 vs. 2.2236341993872326
--------
nle(id0,id1,dist): 73 79 2.693694241479889
list:
dist: 2.693694241479889 vs. 2.693694241479889
--------
nle(id0,id1,dist): 73 78 1.5396775996106162
list:
dist: 1.5396775996106162 vs. 1.5396775996106162
--------
nle(id0,id1,dist): 73 77 3.564897915993148
list:
dist: 3.564897915993148 vs. 3.564897915993148
--------
nle(id0,id1,dist): 73 76 1.7971328078319693
list:
dist: 1.7971328078319693 vs. 1.7971328078319693
--------
nle(id0,id1,dist): 73 88 3.054092952764316
list:
dist: 3.054092952764316 vs. 3.054092952764316
--------
nle(id0,id1,dist): 73 89 3.219157624190012
list:
dist: 3.219157624190012 vs. 3.219157624190012
--------
nle(id0,id1,dist): 73 84 2.9255115789870643
list:
dist: 2.9255115789870643 vs. 2.9255115789870643
--------
nle(id0,id1,dist): 73 85 2.1295662325822082
list:
dist: 2.1295662325822082 vs. 2.1295662325822082
--------
nle(id0,id1,dist): 72 73 1.3797637926994335
list:
dist: 1.3797637926994335 vs. 1.3797637926994335
--------
nle(id0,id1,dist): 72 76 3.1122292386590598
list:
dist: 3.1122292386590598 vs. 3.1122292386590598
--------
nle(id0,id1,dist): 72 78 2.518465072430942
list:
dist: 2.518465072430942 vs. 2.518465072430942
--------
nle(id0,id1,dist): 72 80 2.9134121239807147
list:
dist: 2.9134121239807147 vs. 2.9134121239807147
--------
nle(id0,id1,dist): 72 82 2.6204621821641267
list:
dist: 2.6204621821641267 vs. 2.6204621821641267
--------
nle(id0,id1,dist): 72 81 1.8035595278898415
list:
dist: 1.8035595278898415 vs. 1.8035595278898415
--------
nle(id0,id1,dist): 72 85 3.473245877062964
list:
dist: 3.473245877062964 vs. 3.473245877062964
--------
nle(id0,id1,dist): 71 81 1.5853975200137618
list:
dist: 1.5853975200137618 vs. 1.5853975200137618
--------
nle(id0,id1,dist): 70 118 3.8990207646527386
list:
dist: 3.8990207646527386 vs. 3.8990207646527386
--------
nle(id0,id1,dist): 71 80 3.261805515225172
list:
dist: 3.261805515225172 vs. 3.261805515225172
--------
nle(id0,id1,dist): 70 117 2.6867443751477906
list:
dist: 2.6867443751477906 vs. 2.6867443751477906
--------
nle(id0,id1,dist): 71 79 1.135287553058098
list:
dist: 1.135287553058098 vs. 1.135287553058098
--------
nle(id0,id1,dist): 71 78 2.0948429418084715
list:
dist: 2.0948429418084715 vs. 2.0948429418084715
--------
nle(id0,id1,dist): 71 85 0.9067823430878351
list:
dist: 0.9067823430878351 vs. 0.9067823430878351
--------
nle(id0,id1,dist): 71 84 3.5633731450024664
list:
dist: 3.5633731450024664 vs. 3.5633731450024664
--------
nle(id0,id1,dist): 71 83 2.715096079694125
list:
dist: 2.715096079694125 vs. 2.715096079694125
--------
nle(id0,id1,dist): 71 82 1.755659553838276
list:
dist: 1.755659553838276 vs. 1.755659553838276
--------
nle(id0,id1,dist): 71 89 3.2346428653530026
list:
dist: 3.2346428653530026 vs. 3.2346428653530026
--------
nle(id0,id1,dist): 71 88 1.9690686952426952
list:
dist: 1.9690686952426952 vs. 1.9690686952426952
--------
nle(id0,id1,dist): 77 88 1.4161901835528437
list:
dist: 1.4161901835528437 vs. 1.4161901835528437
--------
nle(id0,id1,dist): 77 89 1.358969809639847
list:
dist: 1.358969809639847 vs. 1.358969809639847
--------
nle(id0,id1,dist): 77 84 2.1541527878272553
list:
dist: 2.1541527878272553 vs. 2.1541527878272553
--------
nle(id0,id1,dist): 77 85 2.206186930633989
list:
dist: 2.206186930633989 vs. 2.206186930633989
--------
nle(id0,id1,dist): 77 80 2.862455117243535
list:
dist: 2.862455117243535 vs. 2.862455117243535
--------
nle(id0,id1,dist): 77 82 2.3021932379572925
list:
dist: 2.3021932379572925 vs. 2.3021932379572925
--------
nle(id0,id1,dist): 77 83 1.9395090415018679
list:
dist: 1.9395090415018679 vs. 1.9395090415018679
--------
nle(id0,id1,dist): 76 89 2.146331664054854
list:
dist: 2.146331664054854 vs. 2.146331664054854
--------
nle(id0,id1,dist): 76 88 1.3714567708964973
list:
dist: 1.3714567708964973 vs. 1.3714567708964973
--------
nle(id0,id1,dist): 76 85 0.650768839476882
list:
dist: 0.650768839476882 vs. 0.650768839476882
--------
nle(id0,id1,dist): 77 79 3.719262615029686
list:
dist: 3.719262615029686 vs. 3.719262615029686
--------
nle(id0,id1,dist): 77 78 2.8054739595519873
list:
dist: 2.8054739595519873 vs. 2.8054739595519873
--------
nle(id0,id1,dist): 76 78 1.2930869817579813
list:
dist: 1.2930869817579813 vs. 1.2930869817579813
--------
nle(id0,id1,dist): 76 77 2.2385119925361896
list:
dist: 2.2385119925361896 vs. 2.2385119925361896
--------
nle(id0,id1,dist): 76 80 2.4219351160483495
list:
dist: 2.4219351160483495 vs. 2.4219351160483495
--------
nle(id0,id1,dist): 76 79 2.151277574371135
list:
dist: 2.151277574371135 vs. 2.151277574371135
--------
nle(id0,id1,dist): 76 82 1.2587671561210803
list:
dist: 1.2587671561210803 vs. 1.2587671561210803
--------
nle(id0,id1,dist): 76 81 2.0232927079668475
list:
dist: 2.0232927079668475 vs. 2.0232927079668475
--------
nle(id0,id1,dist): 76 84 2.6021841894116795
list:
dist: 2.6021841894116795 vs. 2.6021841894116795
--------
nle(id0,id1,dist): 76 83 1.6179648910620446
list:
dist: 1.6179648910620446 vs. 1.6179648910620446
--------
nle(id0,id1,dist): 75 85 1.2370699801927216
list:
dist: 1.2370699801927216 vs. 1.2370699801927216
--------
nle(id0,id1,dist): 75 82 2.1400082500756104
list:
dist: 2.1400082500756104 vs. 2.1400082500756104
--------
nle(id0,id1,dist): 75 88 0.45631700917636125
list:
dist: 0.45631700917636125 vs. 0.45631700917636125
--------
nle(id0,id1,dist): 75 77 1.3746667894014777
list:
dist: 1.3746667894014777 vs. 1.3746667894014777
--------
nle(id0,id1,dist): 75 76 1.6379694837028487
list:
dist: 1.6379694837028487 vs. 1.6379694837028487
--------
nle(id0,id1,dist): 75 79 2.465023274236774
list:
dist: 2.465023274236774 vs. 2.465023274236774
--------
nle(id0,id1,dist): 119 149 1.7151074095911623
list:
dist: 1.7151074095911623 vs. 1.7151074095911623
--------
nle(id0,id1,dist): 120 146 4.0192767704424295
list:
dist: 4.0192767704424295 vs. 4.0192767704424295
--------
nle(id0,id1,dist): 120 147 4.2195408150082185
list:
dist: 4.2195408150082185 vs. 4.2195408150082185
--------
nle(id0,id1,dist): 120 137 4.095913242330524
list:
dist: 4.095913242330524 vs. 4.095913242330524
--------
nle(id0,id1,dist): 120 140 2.8468787144934584
list:
dist: 2.8468787144934584 vs. 2.8468787144934584
--------
nle(id0,id1,dist): 120 142 3.859423431285192
list:
dist: 3.859423431285192 vs. 3.859423431285192
--------
nle(id0,id1,dist): 120 143 4.68495744762327
list:
dist: 4.68495744762327 vs. 4.68495744762327
--------
nle(id0,id1,dist): 120 144 3.4450756324099423
list:
dist: 3.4450756324099423 vs. 3.4450756324099423
--------
nle(id0,id1,dist): 120 130 2.6095422941966477
list:
dist: 2.6095422941966477 vs. 2.6095422941966477
--------
nle(id0,id1,dist): 120 132 2.9131643563890157
list:
dist: 2.9131643563890157 vs. 2.9131643563890157
--------
nle(id0,id1,dist): 120 131 3.2949144475172445
list:
dist: 3.2949144475172445 vs. 3.2949144475172445
--------
nle(id0,id1,dist): 120 134 4.292954774707713
list:
dist: 4.292954774707713 vs. 4.292954774707713
--------
nle(id0,id1,dist): 120 133 3.916699949021986
list:
dist: 3.916699949021986 vs. 3.916699949021986
--------
nle(id0,id1,dist): 120 135 2.880845897202083
list:
dist: 2.880845897202083 vs. 2.880845897202083
--------
nle(id0,id1,dist): 120 122 3.0866484328047257
list:
dist: 3.0866484328047257 vs. 3.0866484328047257
--------
nle(id0,id1,dist): 120 121 2.167913936733148
list:
dist: 2.167913936733148 vs. 2.167913936733148
--------
nle(id0,id1,dist): 120 124 4.182563084947886
list:
dist: 4.182563084947886 vs. 4.182563084947886
--------
nle(id0,id1,dist): 120 123 2.357104104184474
list:
dist: 2.357104104184474 vs. 2.357104104184474
--------
nle(id0,id1,dist): 121 142 1.9975554904491981
list:
dist: 1.9975554904491981 vs. 1.9975554904491981
--------
nle(id0,id1,dist): 121 143 3.1010640428686833
list:
dist: 3.1010640428686833 vs. 3.1010640428686833
--------
nle(id0,id1,dist): 121 140 1.6733081721167382
list:
dist: 1.6733081721167382 vs. 1.6733081721167382
--------
nle(id0,id1,dist): 121 141 2.496909990563163
list:
dist: 2.496909990563163 vs. 2.496909990563163
--------
nle(id0,id1,dist): 121 146 3.190107041714813
list:
dist: 3.190107041714813 vs. 3.190107041714813
--------
nle(id0,id1,dist): 121 147 2.108218384244625
list:
dist: 2.108218384244625 vs. 2.108218384244625
--------
nle(id0,id1,dist): 121 144 1.7590506486763136
list:
dist: 1.7590506486763136 vs. 1.7590506486763136
--------
nle(id0,id1,dist): 121 145 3.7479044896333376
list:
dist: 3.7479044896333376 vs. 3.7479044896333376
--------
nle(id0,id1,dist): 121 134 2.5269141040054386
list:
dist: 2.5269141040054386 vs. 2.5269141040054386
--------
nle(id0,id1,dist): 121 135 2.487681083577118
list:
dist: 2.487681083577118 vs. 2.487681083577118
--------
nle(id0,id1,dist): 121 132 1.358877764845494
list:
dist: 1.358877764845494 vs. 1.358877764845494
--------
nle(id0,id1,dist): 121 133 1.9523140115629367
list:
dist: 1.9523140115629367 vs. 1.9523140115629367
--------
nle(id0,id1,dist): 121 138 3.7833441244739263
list:
dist: 3.7833441244739263 vs. 3.7833441244739263
--------
nle(id0,id1,dist): 121 139 2.910700043755593
list:
dist: 2.910700043755593 vs. 2.910700043755593
--------
nle(id0,id1,dist): 121 136 2.8572452461069657
list:
dist: 2.8572452461069657 vs. 2.8572452461069657
--------
nle(id0,id1,dist): 121 137 2.665123573295585
list:
dist: 2.665123573295585 vs. 2.665123573295585
--------
nle(id0,id1,dist): 121 127 2.195787477349636
list:
dist: 2.195787477349636 vs. 2.195787477349636
--------
nle(id0,id1,dist): 121 125 2.4768784572345557
list:
dist: 2.4768784572345557 vs. 2.4768784572345557
--------
nle(id0,id1,dist): 121 124 2.052290821046851
list:
dist: 2.052290821046851 vs. 2.052290821046851
--------
nle(id0,id1,dist): 121 131 1.4217727639077584
list:
dist: 1.4217727639077584 vs. 1.4217727639077584
--------
nle(id0,id1,dist): 121 130 1.8343757339129825
list:
dist: 1.8343757339129825 vs. 1.8343757339129825
--------
nle(id0,id1,dist): 121 129 2.5305918747418206
list:
dist: 2.5305918747418206 vs. 2.5305918747418206
--------
nle(id0,id1,dist): 121 128 2.5276565289131447
list:
dist: 2.5276565289131447 vs. 2.5276565289131447
--------
nle(id0,id1,dist): 121 123 3.0826471079021793
list:
dist: 3.0826471079021793 vs. 3.0826471079021793
--------
nle(id0,id1,dist): 121 122 1.8193754832678348
list:
dist: 1.8193754832678348 vs. 1.8193754832678348
--------
nle(id0,id1,dist): 122 132 1.2297221618593532
list:
dist: 1.2297221618593532 vs. 1.2297221618593532
--------
nle(id0,id1,dist): 122 134 3.1238123653409273
list:
dist: 3.1238123653409273 vs. 3.1238123653409273
--------
nle(id0,id1,dist): 122 133 1.520064791791476
list:
dist: 1.520064791791476 vs. 1.520064791791476
--------
nle(id0,id1,dist): 122 128 2.619095339689093
list:
dist: 2.619095339689093 vs. 2.619095339689093
--------
nle(id0,id1,dist): 122 127 2.4158597927329177
list:
dist: 2.4158597927329177 vs. 2.4158597927329177
--------
nle(id0,id1,dist): 122 129 3.2485704450458677
list:
dist: 3.2485704450458677 vs. 3.2485704450458677
--------
nle(id0,id1,dist): 122 140 0.8698339664744248
list:
dist: 0.8698339664744248 vs. 0.8698339664744248
--------
nle(id0,id1,dist): 122 139 2.5532747385973975
list:
dist: 2.5532747385973975 vs. 2.5532747385973975
--------
nle(id0,id1,dist): 122 142 1.2196376330458731
list:
dist: 1.2196376330458731 vs. 1.2196376330458731
--------
nle(id0,id1,dist): 122 141 1.8946577641669695
list:
dist: 1.8946577641669695 vs. 1.8946577641669695
--------
nle(id0,id1,dist): 122 136 3.0913438730454494
list:
dist: 3.0913438730454494 vs. 3.0913438730454494
--------
nle(id0,id1,dist): 122 135 1.6535244278342034
list:
dist: 1.6535244278342034 vs. 1.6535244278342034
--------
nle(id0,id1,dist): 122 138 3.3172622346477363
list:
dist: 3.3172622346477363 vs. 3.3172622346477363
--------
nle(id0,id1,dist): 122 137 1.1176425078124808
list:
dist: 1.1176425078124808 vs. 1.1176425078124808
--------
nle(id0,id1,dist): 121 148 3.139318273616519
list:
dist: 3.139318273616519 vs. 3.139318273616519
--------
nle(id0,id1,dist): 122 124 2.768689307019985
list:
dist: 2.768689307019985 vs. 2.768689307019985
--------
nle(id0,id1,dist): 122 125 1.7538099731945658
list:
dist: 1.7538099731945658 vs. 1.7538099731945658
--------
nle(id0,id1,dist): 123 124 4.376716226847029
list:
dist: 4.376716226847029 vs. 4.376716226847029
--------
nle(id0,id1,dist): 123 134 3.833376117258502
list:
dist: 3.833376117258502 vs. 3.833376117258502
--------
nle(id0,id1,dist): 123 132 3.5212748315528173
list:
dist: 3.5212748315528173 vs. 3.5212748315528173
--------
nle(id0,id1,dist): 123 131 3.260205419695366
list:
dist: 3.260205419695366 vs. 3.260205419695366
--------
nle(id0,id1,dist): 123 130 1.848576376070913
list:
dist: 1.848576376070913 vs. 1.848576376070913
--------
nle(id0,id1,dist): 122 149 3.4969914913590148
list:
dist: 3.4969914913590148 vs. 3.4969914913590148
--------
nle(id0,id1,dist): 122 147 2.1068920504091184
list:
dist: 2.1068920504091184 vs. 2.1068920504091184
--------
nle(id0,id1,dist): 122 148 2.712912502067795
list:
dist: 2.712912502067795 vs. 2.712912502067795
--------
nle(id0,id1,dist): 122 145 2.978090699374403
list:
dist: 2.978090699374403 vs. 2.978090699374403
--------
nle(id0,id1,dist): 122 146 1.4214591794647091
list:
dist: 1.4214591794647091 vs. 1.4214591794647091
--------
nle(id0,id1,dist): 122 143 1.6645672493785033
list:
dist: 1.6645672493785033 vs. 1.6645672493785033
--------
nle(id0,id1,dist): 122 144 0.795138498988956
list:
dist: 0.795138498988956 vs. 0.795138498988956
--------
nle(id0,id1,dist): 124 125 2.4525104560586546
list:
dist: 2.4525104560586546 vs. 2.4525104560586546
--------
nle(id0,id1,dist): 124 128 0.9515499241923919
list:
dist: 0.9515499241923919 vs. 0.9515499241923919
--------
nle(id0,id1,dist): 124 127 1.3169305116910606
list:
dist: 1.3169305116910606 vs. 1.3169305116910606
--------
nle(id0,id1,dist): 124 130 2.600053470109824
list:
dist: 2.600053470109824 vs. 2.600053470109824
--------
nle(id0,id1,dist): 124 129 0.5420486378029792
list:
dist: 0.5420486378029792 vs. 0.5420486378029792
--------
nle(id0,id1,dist): 124 132 2.1212628660682
list:
dist: 2.1212628660682 vs. 2.1212628660682
--------
nle(id0,id1,dist): 124 131 1.1469664898482295
list:
dist: 1.1469664898482295 vs. 1.1469664898482295
--------
nle(id0,id1,dist): 123 147 4.6759197058935555
list:
dist: 4.6759197058935555 vs. 4.6759197058935555
--------
nle(id0,id1,dist): 125 127 1.3484429705985166
list:
dist: 1.3484429705985166 vs. 1.3484429705985166
--------
nle(id0,id1,dist): 124 135 3.92128599591193
list:
dist: 3.92128599591193 vs. 3.92128599591193
--------
nle(id0,id1,dist): 124 136 1.423317736148652
list:
dist: 1.423317736148652 vs. 1.423317736148652
--------
nle(id0,id1,dist): 124 133 1.7354849951175222
list:
dist: 1.7354849951175222 vs. 1.7354849951175222
--------
nle(id0,id1,dist): 124 134 1.538238523268247
list:
dist: 1.538238523268247 vs. 1.538238523268247
--------
nle(id0,id1,dist): 124 139 1.689754012499321
list:
dist: 1.689754012499321 vs. 1.689754012499321
--------
nle(id0,id1,dist): 124 140 2.870827537644516
list:
dist: 2.870827537644516 vs. 2.870827537644516
--------
nle(id0,id1,dist): 124 137 3.0242606826368923
list:
dist: 3.0242606826368923 vs. 3.0242606826368923
--------
nle(id0,id1,dist): 124 138 3.4724692107529767
list:
dist: 3.4724692107529767 vs. 3.4724692107529767
--------
nle(id0,id1,dist): 124 143 3.057389583476111
list:
dist: 3.057389583476111 vs. 3.057389583476111
--------
nle(id0,id1,dist): 124 144 2.253615770570596
list:
dist: 2.253615770570596 vs. 2.253615770570596
--------
nle(id0,id1,dist): 124 141 1.7855176464139566
list:
dist: 1.7855176464139566 vs. 1.7855176464139566
--------
nle(id0,id1,dist): 124 142 1.8584205079895848
list:
dist: 1.8584205079895848 vs. 1.8584205079895848
--------
nle(id0,id1,dist): 124 147 0.9683867309668063
list:
dist: 0.9683867309668063 vs. 0.9683867309668063
--------
nle(id0,id1,dist): 124 148 2.250438188772831
list:
dist: 2.250438188772831 vs. 2.250438188772831
--------
nle(id0,id1,dist): 124 145 2.978112319888895
list:
dist: 2.978112319888895 vs. 2.978112319888895
--------
nle(id0,id1,dist): 124 146 4.022054166815924
list:
dist: 4.022054166815924 vs. 4.022054166815924
--------
nle(id0,id1,dist): 112 117 0.9436703013379115
list:
dist: 0.9436703013379115 vs. 0.9436703013379115
--------
nle(id0,id1,dist): 112 118 2.040092107155912
list:
dist: 2.040092107155912 vs. 2.040092107155912
--------
nle(id0,id1,dist): 112 115 1.8075243747802883
list:
dist: 1.8075243747802883 vs. 1.8075243747802883
--------
nle(id0,id1,dist): 112 116 2.4893012861303077
list:
dist: 2.4893012861303077 vs. 2.4893012861303077
--------
nle(id0,id1,dist): 112 113 1.3181146462861497
list:
dist: 1.3181146462861497 vs. 1.3181146462861497
--------
nle(id0,id1,dist): 112 114 0.9807430981337786
list:
dist: 0.9807430981337786 vs. 0.9807430981337786
--------
nle(id0,id1,dist): 113 116 1.8021868986463956
list:
dist: 1.8021868986463956 vs. 1.8021868986463956
--------
nle(id0,id1,dist): 113 117 1.168213341605858
list:
dist: 1.168213341605858 vs. 1.168213341605858
--------
nle(id0,id1,dist): 113 118 1.286308195113409
list:
dist: 1.286308195113409 vs. 1.286308195113409
--------
nle(id0,id1,dist): 113 114 0.6037638208513525
list:
dist: 0.6037638208513525 vs. 0.6037638208513525
--------
nle(id0,id1,dist): 113 115 1.4577957295595818
list:
dist: 1.4577957295595818 vs. 1.4577957295595818
--------
nle(id0,id1,dist): 114 117 1.2809525194851377
list:
dist: 1.2809525194851377 vs. 1.2809525194851377
--------
nle(id0,id1,dist): 114 118 1.7047985180032146
list:
dist: 1.7047985180032146 vs. 1.7047985180032146
--------
nle(id0,id1,dist): 114 115 1.4569330431592364
list:
dist: 1.4569330431592364 vs. 1.4569330431592364
--------
nle(id0,id1,dist): 114 116 1.934386688237107
list:
dist: 1.934386688237107 vs. 1.934386688237107
--------
nle(id0,id1,dist): 115 118 2.659504899244027
list:
dist: 2.659504899244027 vs. 2.659504899244027
--------
nle(id0,id1,dist): 115 117 2.0663175747162508
list:
dist: 2.0663175747162508 vs. 2.0663175747162508
--------
nle(id0,id1,dist): 116 117 2.200545553052962
list:
dist: 2.200545553052962 vs. 2.200545553052962
--------
nle(id0,id1,dist): 116 118 1.2972472966146085
list:
dist: 1.2972472966146085 vs. 1.2972472966146085
--------
nle(id0,id1,dist): 117 118 1.3315480159477293
list:
dist: 1.3315480159477293 vs. 1.3315480159477293
--------
nle(id0,id1,dist): 106 114 2.35986243914995
list:
dist: 2.35986243914995 vs. 2.35986243914995
--------
nle(id0,id1,dist): 106 111 3.5861315512934473
list:
dist: 3.5861315512934473 vs. 3.5861315512934473
--------
nle(id0,id1,dist): 106 112 2.2335371984472934
list:
dist: 2.2335371984472934 vs. 2.2335371984472934
--------
nle(id0,id1,dist): 106 115 2.5246378293596097
list:
dist: 2.5246378293596097 vs. 2.5246378293596097
--------
nle(id0,id1,dist): 106 109 0.9099112390712327
list:
dist: 0.9099112390712327 vs. 0.9099112390712327
--------
nle(id0,id1,dist): 106 108 2.3633535855516112
list:
dist: 2.3633535855516112 vs. 2.3633535855516112
--------
nle(id0,id1,dist): 106 107 1.6779515740945967
list:
dist: 1.6779515740945967 vs. 1.6779515740945967
--------
nle(id0,id1,dist): 105 109 1.2924881786010547
list:
dist: 1.2924881786010547 vs. 1.2924881786010547
--------
nle(id0,id1,dist): 105 108 1.4100260243209863
list:
dist: 1.4100260243209863 vs. 1.4100260243209863
--------
nle(id0,id1,dist): 105 111 2.3368948432136376
list:
dist: 2.3368948432136376 vs. 2.3368948432136376
--------
nle(id0,id1,dist): 105 112 1.9566308388753564
list:
dist: 1.9566308388753564 vs. 1.9566308388753564
--------
nle(id0,id1,dist): 105 115 1.6283086130440863
list:
dist: 1.6283086130440863 vs. 1.6283086130440863
--------
nle(id0,id1,dist): 105 114 2.191801076821522
list:
dist: 2.191801076821522 vs. 2.191801076821522
--------
nle(id0,id1,dist): 105 107 2.4044403619971226
list:
dist: 2.4044403619971226 vs. 2.4044403619971226
--------
nle(id0,id1,dist): 105 106 1.4169887888818944
list:
dist: 1.4169887888818944 vs. 1.4169887888818944
--------
nle(id0,id1,dist): 108 115 0.6854903000749043
list:
dist: 0.6854903000749043 vs. 0.6854903000749043
--------
nle(id0,id1,dist): 108 113 1.4023151039526522
list:
dist: 1.4023151039526522 vs. 1.4023151039526522
--------
nle(id0,id1,dist): 108 114 1.3150520359125009
list:
dist: 1.3150520359125009 vs. 1.3150520359125009
--------
nle(id0,id1,dist): 108 111 1.38160883223791
list:
dist: 1.38160883223791 vs. 1.38160883223791
--------
nle(id0,id1,dist): 108 112 1.2792022834428325
list:
dist: 1.2792022834428325 vs. 1.2792022834428325
--------
nle(id0,id1,dist): 108 109 1.8377020143813343
list:
dist: 1.8377020143813343 vs. 1.8377020143813343
--------
nle(id0,id1,dist): 108 110 1.6153241331680637
list:
dist: 1.6153241331680637 vs. 1.6153241331680637
--------
nle(id0,id1,dist): 107 118 2.8467089655122675
list:
dist: 2.8467089655122675 vs. 2.8467089655122675
--------
nle(id0,id1,dist): 107 114 1.4328436592104044
list:
dist: 1.4328436592104044 vs. 1.4328436592104044
--------
nle(id0,id1,dist): 107 115 2.4123477587234894
list:
dist: 2.4123477587234894 vs. 2.4123477587234894
--------
nle(id0,id1,dist): 107 116 2.4105455899164703
list:
dist: 2.4105455899164703 vs. 2.4105455899164703
--------
nle(id0,id1,dist): 107 117 2.5029169392973833
list:
dist: 2.5029169392973833 vs. 2.5029169392973833
--------
nle(id0,id1,dist): 107 110 2.3597437008089566
list:
dist: 2.3597437008089566 vs. 2.3597437008089566
--------
nle(id0,id1,dist): 107 111 3.7177242357916858
list:
dist: 3.7177242357916858 vs. 3.7177242357916858
--------
nle(id0,id1,dist): 107 112 1.8263076236037108
list:
dist: 1.8263076236037108 vs. 1.8263076236037108
--------
nle(id0,id1,dist): 107 113 1.9805727276584182
list:
dist: 1.9805727276584182 vs. 1.9805727276584182
--------
nle(id0,id1,dist): 107 108 2.35382272090762
list:
dist: 2.35382272090762 vs. 2.35382272090762
--------
nle(id0,id1,dist): 107 109 1.5717253688853936
list:
dist: 1.5717253688853936 vs. 1.5717253688853936
--------
nle(id0,id1,dist): 109 114 1.8206119622306522
list:
dist: 1.8206119622306522 vs. 1.8206119622306522
--------
nle(id0,id1,dist): 109 115 2.2111246528233806
list:
dist: 2.2111246528233806 vs. 2.2111246528233806
--------
nle(id0,id1,dist): 109 112 1.411998914880127
list:
dist: 1.411998914880127 vs. 1.411998914880127
--------
nle(id0,id1,dist): 109 111 3.021172956924896
list:
dist: 3.021172956924896 vs. 3.021172956924896
--------
nle(id0,id1,dist): 108 117 1.602813103613573
list:
dist: 1.602813103613573 vs. 1.602813103613573
--------
nle(id0,id1,dist): 108 118 2.502464765538838
list:
dist: 2.502464765538838 vs. 2.502464765538838
--------
nle(id0,id1,dist): 111 118 3.022721076019866
list:
dist: 3.022721076019866 vs. 3.022721076019866
--------
nle(id0,id1,dist): 111 117 2.1629246082325575
list:
dist: 2.1629246082325575 vs. 2.1629246082325575
--------
nle(id0,id1,dist): 111 114 2.5128755578766735
list:
dist: 2.5128755578766735 vs. 2.5128755578766735
--------
nle(id0,id1,dist): 111 115 1.6452555716185084
list:
dist: 1.6452555716185084 vs. 1.6452555716185084
--------
nle(id0,id1,dist): 111 112 2.2985682482233853
list:
dist: 2.2985682482233853 vs. 2.2985682482233853
--------
nle(id0,id1,dist): 111 113 2.3383697884945143
list:
dist: 2.3383697884945143 vs. 2.3383697884945143
--------
nle(id0,id1,dist): 110 111 2.292115007004309
list:
dist: 2.292115007004309 vs. 2.292115007004309
--------
nle(id0,id1,dist): 110 112 1.319973463591637
list:
dist: 1.319973463591637 vs. 1.319973463591637
--------
nle(id0,id1,dist): 110 113 0.5632396944050719
list:
dist: 0.5632396944050719 vs. 0.5632396944050719
--------
nle(id0,id1,dist): 110 114 0.9943945441353859
list:
dist: 0.9943945441353859 vs. 0.9943945441353859
--------
nle(id0,id1,dist): 110 115 1.8234333031621133
list:
dist: 1.8234333031621133 vs. 1.8234333031621133
--------
nle(id0,id1,dist): 110 116 1.759626902660049
list:
dist: 1.759626902660049 vs. 1.759626902660049
--------
nle(id0,id1,dist): 110 117 0.7704847697619402
list:
dist: 0.7704847697619402 vs. 0.7704847697619402
--------
nle(id0,id1,dist): 110 118 0.8892688233434964
list:
dist: 0.8892688233434964 vs. 0.8892688233434964
--------
nle(id0,id1,dist): 99 107 1.7249171800364616
list:
dist: 1.7249171800364616 vs. 1.7249171800364616
--------
nle(id0,id1,dist): 99 106 2.1867639627986453
list:
dist: 2.1867639627986453 vs. 2.1867639627986453
--------
nle(id0,id1,dist): 99 109 1.8986761972395625
list:
dist: 1.8986761972395625 vs. 1.8986761972395625
--------
nle(id0,id1,dist): 99 108 0.9869801744952429
list:
dist: 0.9869801744952429 vs. 0.9869801744952429
--------
nle(id0,id1,dist): 99 111 2.247047608193718
list:
dist: 2.247047608193718 vs. 2.247047608193718
--------
nle(id0,id1,dist): 99 110 1.6045232904673095
list:
dist: 1.6045232904673095 vs. 1.6045232904673095
--------
nle(id0,id1,dist): 99 113 1.1056823797530984
list:
dist: 1.1056823797530984 vs. 1.1056823797530984
--------
nle(id0,id1,dist): 99 112 1.5417872933678445
list:
dist: 1.5417872933678445 vs. 1.5417872933678445
--------
nle(id0,id1,dist): 99 101 2.343702468941778
list:
dist: 2.343702468941778 vs. 2.343702468941778
--------
nle(id0,id1,dist): 99 100 1.8500055417283636
list:
dist: 1.8500055417283636 vs. 1.8500055417283636
--------
nle(id0,id1,dist): 99 103 3.0932392181282418
list:
dist: 3.0932392181282418 vs. 3.0932392181282418
--------
nle(id0,id1,dist): 99 102 3.356992580335387
list:
dist: 3.356992580335387 vs. 3.356992580335387
--------
nle(id0,id1,dist): 99 105 1.7347995824764677
list:
dist: 1.7347995824764677 vs. 1.7347995824764677
--------
nle(id0,id1,dist): 99 104 2.2067242485448406
list:
dist: 2.2067242485448406 vs. 2.2067242485448406
--------
nle(id0,id1,dist): 99 114 0.9156558316023276
list:
dist: 0.9156558316023276 vs. 0.9156558316023276
--------
nle(id0,id1,dist): 99 115 0.7293532217889515
list:
dist: 0.7293532217889515 vs. 0.7293532217889515
--------
nle(id0,id1,dist): 99 116 2.681915187083508
list:
dist: 2.681915187083508 vs. 2.681915187083508
--------
nle(id0,id1,dist): 99 117 1.9309833768460303
list:
dist: 1.9309833768460303 vs. 1.9309833768460303
--------
nle(id0,id1,dist): 99 118 2.391721982542732
list:
dist: 2.391721982542732 vs. 2.391721982542732
--------
nle(id0,id1,dist): 98 114 1.1206171063438175
list:
dist: 1.1206171063438175 vs. 1.1206171063438175
--------
nle(id0,id1,dist): 98 113 1.6958562321768145
list:
dist: 1.6958562321768145 vs. 1.6958562321768145
--------
nle(id0,id1,dist): 98 112 0.949104923363434
list:
dist: 0.949104923363434 vs. 0.949104923363434
--------
nle(id0,id1,dist): 98 111 3.099040245303457
list:
dist: 3.099040245303457 vs. 3.099040245303457
--------
nle(id0,id1,dist): 98 118 2.4926251644903243
list:
dist: 2.4926251644903243 vs. 2.4926251644903243
--------
nle(id0,id1,dist): 98 117 1.7611618035802532
list:
dist: 1.7611618035802532 vs. 1.7611618035802532
--------
nle(id0,id1,dist): 98 116 2.4425001360042726
list:
dist: 2.4425001360042726 vs. 2.4425001360042726
--------
nle(id0,id1,dist): 98 115 2.1727894606191778
list:
dist: 2.1727894606191778 vs. 2.1727894606191778
--------
nle(id0,id1,dist): 98 106 1.6585837256263023
list:
dist: 1.6585837256263023 vs. 1.6585837256263023
--------
nle(id0,id1,dist): 98 105 2.022104651866132
list:
dist: 2.022104651866132 vs. 2.022104651866132
--------
nle(id0,id1,dist): 98 104 3.209758014544063
list:
dist: 3.209758014544063 vs. 3.209758014544063
--------
nle(id0,id1,dist): 98 103 3.330478317992094
list:
dist: 3.330478317992094 vs. 3.330478317992094
--------
nle(id0,id1,dist): 98 110 1.900492837043232
list:
dist: 1.900492837043232 vs. 1.900492837043232
--------
nle(id0,id1,dist): 98 109 1.0225053182734465
list:
dist: 1.0225053182734465 vs. 1.0225053182734465
--------
nle(id0,id1,dist): 98 108 1.8411663490520112
list:
dist: 1.8411663490520112 vs. 1.8411663490520112
--------
nle(id0,id1,dist): 98 107 0.9898616055179188
list:
dist: 0.9898616055179188 vs. 0.9898616055179188
--------
nle(id0,id1,dist): 101 103 1.6923893010931503
list:
dist: 1.6923893010931503 vs. 1.6923893010931503
--------
nle(id0,id1,dist): 101 102 1.4648606092041667
list:
dist: 1.4648606092041667 vs. 1.4648606092041667
--------
nle(id0,id1,dist): 101 112 2.725231853153142
list:
dist: 2.725231853153142 vs. 2.725231853153142
--------
nle(id0,id1,dist): 101 114 2.8724875192916026
list:
dist: 2.8724875192916026 vs. 2.8724875192916026
--------
nle(id0,id1,dist): 101 115 2.3049231241080013
list:
dist: 2.3049231241080013 vs. 2.3049231241080013
--------
nle(id0,id1,dist): 101 108 2.2389050074567
list:
dist: 2.2389050074567 vs. 2.2389050074567
--------
nle(id0,id1,dist): 101 109 1.6949073132745693
list:
dist: 1.6949073132745693 vs. 1.6949073132745693
--------
nle(id0,id1,dist): 101 111 3.123697605791992
list:
dist: 3.123697605791992 vs. 3.123697605791992
--------
nle(id0,id1,dist): 101 104 1.6664794042953213
list:
dist: 1.6664794042953213 vs. 1.6664794042953213
--------
nle(id0,id1,dist): 101 105 0.8755416267476671
list:
dist: 0.8755416267476671 vs. 0.8755416267476671
--------
nle(id0,id1,dist): 101 106 1.3068709144860613
list:
dist: 1.3068709144860613 vs. 1.3068709144860613
--------
nle(id0,id1,dist): 101 107 2.7102835785930846
list:
dist: 2.7102835785930846 vs. 2.7102835785930846
--------
nle(id0,id1,dist): 100 108 1.6410082756489484
list:
dist: 1.6410082756489484 vs. 1.6410082756489484
--------
nle(id0,id1,dist): 100 107 2.705337519837402
list:
dist: 2.705337519837402 vs. 2.705337519837402
--------
nle(id0,id1,dist): 100 106 1.7131006468421413
list:
dist: 1.7131006468421413 vs. 1.7131006468421413
--------
nle(id0,id1,dist): 100 105 0.5887384545288025
list:
dist: 0.5887384545288025 vs. 0.5887384545288025
--------
nle(id0,id1,dist): 100 104 0.9931524813462689
list:
dist: 0.9931524813462689 vs. 0.9931524813462689
--------
nle(id0,id1,dist): 100 103 1.5773897559324153
list:
dist: 1.5773897559324153 vs. 1.5773897559324153
--------
nle(id0,id1,dist): 100 102 1.5258620394820577
list:
dist: 1.5258620394820577 vs. 1.5258620394820577
--------
nle(id0,id1,dist): 100 101 0.770835781903164
list:
dist: 0.770835781903164 vs. 0.770835781903164
--------
nle(id0,id1,dist): 100 115 1.6362431514739475
list:
dist: 1.6362431514739475 vs. 1.6362431514739475
--------
nle(id0,id1,dist): 100 114 2.500785872196511
list:
dist: 2.500785872196511 vs. 2.500785872196511
--------
nle(id0,id1,dist): 100 111 2.440955174309397
list:
dist: 2.440955174309397 vs. 2.440955174309397
--------
nle(id0,id1,dist): 100 112 2.4347510831364816
list:
dist: 2.4347510831364816 vs. 2.4347510831364816
--------
nle(id0,id1,dist): 100 109 1.8116094068273638
list:
dist: 1.8116094068273638 vs. 1.8116094068273638
--------
nle(id0,id1,dist): 102 115 3.0178060387493058
list:
dist: 3.0178060387493058 vs. 3.0178060387493058
--------
nle(id0,id1,dist): 103 105 1.529000826099128
list:
dist: 1.529000826099128 vs. 1.529000826099128
--------
nle(id0,id1,dist): 103 104 1.5969240968645326
list:
dist: 1.5969240968645326 vs. 1.5969240968645326
--------
nle(id0,id1,dist): 103 107 3.882202123525153
list:
dist: 3.882202123525153 vs. 3.882202123525153
--------
nle(id0,id1,dist): 103 106 2.659268218726148
list:
dist: 2.659268218726148 vs. 2.659268218726148
--------
nle(id0,id1,dist): 103 109 2.500365575372678
list:
dist: 2.500365575372678 vs. 2.500365575372678
--------
nle(id0,id1,dist): 103 108 2.4139557306667556
list:
dist: 2.4139557306667556 vs. 2.4139557306667556
--------
nle(id0,id1,dist): 102 106 2.756603428112933
list:
dist: 2.756603428112933 vs. 2.756603428112933
--------
nle(id0,id1,dist): 102 105 1.8760190796977787
list:
dist: 1.8760190796977787 vs. 1.8760190796977787
--------
nle(id0,id1,dist): 102 104 1.5218995497033667
list:
dist: 1.5218995497033667 vs. 1.5218995497033667
--------
nle(id0,id1,dist): 102 103 1.3284490720848956
list:
dist: 1.3284490720848956 vs. 1.3284490720848956
--------
nle(id0,id1,dist): 102 109 3.0080065316911697
list:
dist: 3.0080065316911697 vs. 3.0080065316911697
--------
nle(id0,id1,dist): 102 108 2.9968053249701887
list:
dist: 2.9968053249701887 vs. 2.9968053249701887
--------
nle(id0,id1,dist): 102 107 4.122704920052024
list:
dist: 4.122704920052024 vs. 4.122704920052024
--------
nle(id0,id1,dist): 102 114 4.004938842409767
list:
dist: 4.004938842409767 vs. 4.004938842409767
--------
nle(id0,id1,dist): 102 112 3.791926056219922
list:
dist: 3.791926056219922 vs. 3.791926056219922
--------
nle(id0,id1,dist): 102 111 3.2993497311470934
list:
dist: 3.2993497311470934 vs. 3.2993497311470934
--------
nle(id0,id1,dist): 104 109 2.6673490797557484
list:
dist: 2.6673490797557484 vs. 2.6673490797557484
--------
nle(id0,id1,dist): 104 110 3.3746859300242233
list:
dist: 3.3746859300242233 vs. 3.3746859300242233
--------
nle(id0,id1,dist): 104 111 2.010913296063788
list:
dist: 2.010913296063788 vs. 2.010913296063788
--------
nle(id0,id1,dist): 104 112 2.9148588671861346
list:
dist: 2.9148588671861346 vs. 2.9148588671861346
--------
nle(id0,id1,dist): 104 105 1.400231669905491
list:
dist: 1.400231669905491 vs. 1.400231669905491
--------
nle(id0,id1,dist): 104 106 2.6991440950626595
list:
dist: 2.6991440950626595 vs. 2.6991440950626595
--------
nle(id0,id1,dist): 104 107 3.491587056620994
list:
dist: 3.491587056620994 vs. 3.491587056620994
--------
nle(id0,id1,dist): 104 108 1.793498385202618
list:
dist: 1.793498385202618 vs. 1.793498385202618
--------
nle(id0,id1,dist): 104 117 3.3688432089910023
list:
dist: 3.3688432089910023 vs. 3.3688432089910023
--------
nle(id0,id1,dist): 104 118 4.247001873731983
list:
dist: 4.247001873731983 vs. 4.247001873731983
--------
nle(id0,id1,dist): 104 113 3.081833712458115
list:
dist: 3.081833712458115 vs. 3.081833712458115
--------
nle(id0,id1,dist): 104 114 2.946058034824757
list:
dist: 2.946058034824757 vs. 2.946058034824757
--------
nle(id0,id1,dist): 104 115 1.673007269167978
list:
dist: 1.673007269167978 vs. 1.673007269167978
--------
nle(id0,id1,dist): 103 114 3.5119301715863664
list:
dist: 3.5119301715863664 vs. 3.5119301715863664
--------
nle(id0,id1,dist): 103 115 2.7199458151453575
list:
dist: 2.7199458151453575 vs. 2.7199458151453575
--------
nle(id0,id1,dist): 103 112 3.0241851609402475
list:
dist: 3.0241851609402475 vs. 3.0241851609402475
--------
nle(id0,id1,dist): 103 111 2.5176994058521234
list:
dist: 2.5176994058521234 vs. 2.5176994058521234
--------
nle(id0,id1,dist): 147 148 1.8054885599624144
list:
dist: 1.8054885599624144 vs. 1.8054885599624144
--------
nle(id0,id1,dist): 148 149 2.8149098492496356
list:
dist: 2.8149098492496356 vs. 2.8149098492496356
--------
nle(id0,id1,dist): 146 147 3.2201254787651172
list:
dist: 3.2201254787651172 vs. 3.2201254787651172
--------
nle(id0,id1,dist): 146 148 3.26259855452155
list:
dist: 3.26259855452155 vs. 3.26259855452155
--------
nle(id0,id1,dist): 146 149 2.747284990307624
list:
dist: 2.747284990307624 vs. 2.747284990307624
--------
nle(id0,id1,dist): 144 148 1.9500795478709831
list:
dist: 1.9500795478709831 vs. 1.9500795478709831
--------
nle(id0,id1,dist): 144 147 1.6040882546890018
list:
dist: 1.6040882546890018 vs. 1.6040882546890018
--------
nle(id0,id1,dist): 144 146 1.8380553914677864
list:
dist: 1.8380553914677864 vs. 1.8380553914677864
--------
nle(id0,id1,dist): 144 145 2.2999548803278382
list:
dist: 2.2999548803278382 vs. 2.2999548803278382
--------
nle(id0,id1,dist): 144 149 3.1921326398739174
list:
dist: 3.1921326398739174 vs. 3.1921326398739174
--------
nle(id0,id1,dist): 145 149 2.154277381310522
list:
dist: 2.154277381310522 vs. 2.154277381310522
--------
nle(id0,id1,dist): 145 148 0.7833463022602739
list:
dist: 0.7833463022602739 vs. 0.7833463022602739
--------
nle(id0,id1,dist): 145 147 2.3969619859829807
list:
dist: 2.3969619859829807 vs. 2.3969619859829807
--------
nle(id0,id1,dist): 145 146 3.1802498399947354
list:
dist: 3.1802498399947354 vs. 3.1802498399947354
--------
nle(id0,id1,dist): 142 149 3.535513952345016
list:
dist: 3.535513952345016 vs. 3.535513952345016
--------
nle(id0,id1,dist): 142 147 0.9899218263348024
list:
dist: 0.9899218263348024 vs. 0.9899218263348024
--------
nle(id0,id1,dist): 142 148 1.9931572319570618
list:
dist: 1.9931572319570618 vs. 1.9931572319570618
--------
nle(id0,id1,dist): 142 145 2.3730672767476353
list:
dist: 2.3730672767476353 vs. 2.3730672767476353
--------
nle(id0,id1,dist): 142 146 2.257910122746147
list:
dist: 2.257910122746147 vs. 2.257910122746147
--------
nle(id0,id1,dist): 142 143 1.4851445305459345
list:
dist: 1.4851445305459345 vs. 1.4851445305459345
--------
nle(id0,id1,dist): 142 144 0.9054478260794458
list:
dist: 0.9054478260794458 vs. 0.9054478260794458
--------
nle(id0,id1,dist): 143 146 1.6110308341824249
list:
dist: 1.6110308341824249 vs. 1.6110308341824249
--------
nle(id0,id1,dist): 143 147 2.1843482396823792
list:
dist: 2.1843482396823792 vs. 2.1843482396823792
--------
nle(id0,id1,dist): 143 148 1.8069633207399096
list:
dist: 1.8069633207399096 vs. 1.8069633207399096
--------
nle(id0,id1,dist): 143 149 2.0769679609978993
list:
dist: 2.0769679609978993 vs. 2.0769679609978993
--------
nle(id0,id1,dist): 143 144 1.351452092786482
list:
dist: 1.351452092786482 vs. 1.351452092786482
--------
nle(id0,id1,dist): 143 145 1.6572361493333767
list:
dist: 1.6572361493333767 vs. 1.6572361493333767
--------
nle(id0,id1,dist): 141 142 0.951700756196383
list:
dist: 0.951700756196383 vs. 0.951700756196383
--------
nle(id0,id1,dist): 141 143 1.3362344492532972
list:
dist: 1.3362344492532972 vs. 1.3362344492532972
--------
nle(id0,id1,dist): 140 149 3.439414475272997
list:
dist: 3.439414475272997 vs. 3.439414475272997
--------
nle(id0,id1,dist): 141 145 1.4995642558389999
list:
dist: 1.4995642558389999 vs. 1.4995642558389999
--------
nle(id0,id1,dist): 141 144 1.2295215039572347
list:
dist: 1.2295215039572347 vs. 1.2295215039572347
--------
nle(id0,id1,dist): 141 147 0.9880973982948877
list:
dist: 0.9880973982948877 vs. 0.9880973982948877
--------
nle(id0,id1,dist): 141 146 2.6611729550389986
list:
dist: 2.6611729550389986 vs. 2.6611729550389986
--------
nle(id0,id1,dist): 141 149 3.0861688052378073
list:
dist: 3.0861688052378073 vs. 3.0861688052378073
--------
nle(id0,id1,dist): 141 148 1.064009219700152
list:
dist: 1.064009219700152 vs. 1.064009219700152
--------
nle(id0,id1,dist): 139 144 1.867264439066411
list:
dist: 1.867264439066411 vs. 1.867264439066411
--------
nle(id0,id1,dist): 139 145 1.388069607433504
list:
dist: 1.388069607433504 vs. 1.388069607433504
--------
nle(id0,id1,dist): 139 142 1.523804701300434
list:
dist: 1.523804701300434 vs. 1.523804701300434
--------
nle(id0,id1,dist): 139 143 1.8546110428128901
list:
dist: 1.8546110428128901 vs. 1.8546110428128901
--------
nle(id0,id1,dist): 139 140 2.6945764867540127
list:
dist: 2.6945764867540127 vs. 2.6945764867540127
--------
nle(id0,id1,dist): 139 141 0.6686210481131322
list:
dist: 0.6686210481131322 vs. 0.6686210481131322
--------
nle(id0,id1,dist): 139 148 0.8593404080232494
list:
dist: 0.8593404080232494 vs. 0.8593404080232494
--------
nle(id0,id1,dist): 139 149 3.3251957974005864
list:
dist: 3.3251957974005864 vs. 3.3251957974005864
--------
nle(id0,id1,dist): 139 146 3.299367688206058
list:
dist: 3.299367688206058 vs. 3.299367688206058
--------
nle(id0,id1,dist): 139 147 1.1078244119867569
list:
dist: 1.1078244119867569 vs. 1.1078244119867569
--------
nle(id0,id1,dist): 140 145 2.9296787015527186
list:
dist: 2.9296787015527186 vs. 2.9296787015527186
--------
nle(id0,id1,dist): 140 146 1.7356690080533757
list:
dist: 1.7356690080533757 vs. 1.7356690080533757
--------
nle(id0,id1,dist): 140 147 2.397163103279684
list:
dist: 2.397163103279684 vs. 2.397163103279684
--------
nle(id0,id1,dist): 140 148 2.6199715393103262
list:
dist: 2.6199715393103262 vs. 2.6199715393103262
--------
nle(id0,id1,dist): 140 141 2.0865772521495365
list:
dist: 2.0865772521495365 vs. 2.0865772521495365
--------
nle(id0,id1,dist): 140 142 1.7270007146276054
list:
dist: 1.7270007146276054 vs. 1.7270007146276054
--------
nle(id0,id1,dist): 140 143 1.9366585770428608
list:
dist: 1.9366585770428608 vs. 1.9366585770428608
--------
nle(id0,id1,dist): 140 144 0.8884077112471603
list:
dist: 0.8884077112471603 vs. 0.8884077112471603
--------
nle(id0,id1,dist): 138 141 2.35270096973627
list:
dist: 2.35270096973627 vs. 2.35270096973627
--------
nle(id0,id1,dist): 138 142 3.102428956202359
list:
dist: 3.102428956202359 vs. 3.102428956202359
--------
nle(id0,id1,dist): 138 139 2.36130594565503
list:
dist: 2.36130594565503 vs. 2.36130594565503
--------
nle(id0,id1,dist): 138 140 2.8789123894199156
list:
dist: 2.8789123894199156 vs. 2.8789123894199156
--------
nle(id0,id1,dist): 138 149 2.4107552775375596
list:
dist: 2.4107552775375596 vs. 2.4107552775375596
--------
nle(id0,id1,dist): 138 148 1.5113945634718577
list:
dist: 1.5113945634718577 vs. 1.5113945634718577
--------
nle(id0,id1,dist): 138 147 3.149199671922506
list:
dist: 3.149199671922506 vs. 3.149199671922506
--------
nle(id0,id1,dist): 138 146 3.5135031817342592
list:
dist: 3.5135031817342592 vs. 3.5135031817342592
--------
nle(id0,id1,dist): 138 145 1.4289716060568756
list:
dist: 1.4289716060568756 vs. 1.4289716060568756
--------
nle(id0,id1,dist): 138 144 2.6255820540720847
list:
dist: 2.6255820540720847 vs. 2.6255820540720847
--------
nle(id0,id1,dist): 138 143 2.434162887518799
list:
dist: 2.434162887518799 vs. 2.434162887518799
--------
nle(id0,id1,dist): 137 144 0.9448726577689116
list:
dist: 0.9448726577689116 vs. 0.9448726577689116
--------
nle(id0,id1,dist): 137 145 2.093495927164636
list:
dist: 2.093495927164636 vs. 2.093495927164636
--------
nle(id0,id1,dist): 137 146 1.1893117211450073
list:
dist: 1.1893117211450073 vs. 1.1893117211450073
--------
nle(id0,id1,dist): 137 147 2.213773173375871
list:
dist: 2.213773173375871 vs. 2.213773173375871
--------
nle(id0,id1,dist): 137 140 1.3510140525318262
list:
dist: 1.3510140525318262 vs. 1.3510140525318262
--------
nle(id0,id1,dist): 137 141 1.5108318294836884
list:
dist: 1.5108318294836884 vs. 1.5108318294836884
--------
nle(id0,id1,dist): 137 142 1.3758710619143544
list:
dist: 1.3758710619143544 vs. 1.3758710619143544
--------
nle(id0,id1,dist): 137 143 0.6338133457632595
list:
dist: 0.6338133457632595 vs. 0.6338133457632595
--------
nle(id0,id1,dist): 137 138 2.5694618107189595
list:
dist: 2.5694618107189595 vs. 2.5694618107189595
--------
nle(id0,id1,dist): 137 139 2.1355208588335106
list:
dist: 2.1355208588335106 vs. 2.1355208588335106
--------
nle(id0,id1,dist): 137 149 2.4042278104936403
list:
dist: 2.4042278104936403 vs. 2.4042278104936403
--------
nle(id0,id1,dist): 137 148 2.0846039016134803
list:
dist: 2.0846039016134803 vs. 2.0846039016134803
--------
nle(id0,id1,dist): 136 147 1.5104665473725292
list:
dist: 1.5104665473725292 vs. 1.5104665473725292
--------
nle(id0,id1,dist): 136 148 1.15775925092236
list:
dist: 1.15775925092236 vs. 1.15775925092236
--------
nle(id0,id1,dist): 136 145 1.902260266536324
list:
dist: 1.902260266536324 vs. 1.902260266536324
--------
nle(id0,id1,dist): 136 146 4.01598381217295
list:
dist: 4.01598381217295 vs. 4.01598381217295
--------
nle(id0,id1,dist): 136 139 1.0523505846222119
list:
dist: 1.0523505846222119 vs. 1.0523505846222119
--------
nle(id0,id1,dist): 136 140 2.9945488234644326
list:
dist: 2.9945488234644326 vs. 2.9945488234644326
--------
nle(id0,id1,dist): 136 137 2.8465348400784953
list:
dist: 2.8465348400784953 vs. 2.8465348400784953
--------
nle(id0,id1,dist): 136 138 2.3150906661793718
list:
dist: 2.3150906661793718 vs. 2.3150906661793718
--------
nle(id0,id1,dist): 136 143 2.7010555527869737
list:
dist: 2.7010555527869737 vs. 2.7010555527869737
--------
nle(id0,id1,dist): 136 144 2.338912508353227
list:
dist: 2.338912508353227 vs. 2.338912508353227
--------
nle(id0,id1,dist): 136 141 1.48070093479716
list:
dist: 1.48070093479716 vs. 1.48070093479716
--------
nle(id0,id1,dist): 136 142 2.203897211373697
list:
dist: 2.203897211373697 vs. 2.203897211373697
--------
nle(id0,id1,dist): 135 142 2.7238378623780073
list:
dist: 2.7238378623780073 vs. 2.7238378623780073
--------
nle(id0,id1,dist): 135 143 2.5414282993672996
list:
dist: 2.5414282993672996 vs. 2.5414282993672996
--------
nle(id0,id1,dist): 135 144 1.8907195519796445
list:
dist: 1.8907195519796445 vs. 1.8907195519796445
--------
nle(id0,id1,dist): 135 145 3.5949091733020344
list:
dist: 3.5949091733020344 vs. 3.5949091733020344
--------
nle(id0,id1,dist): 135 146 1.7348834280532603
list:
dist: 1.7348834280532603 vs. 1.7348834280532603
--------
nle(id0,id1,dist): 135 147 3.4568399348138263
list:
dist: 3.4568399348138263 vs. 3.4568399348138263
--------
nle(id0,id1,dist): 135 148 3.43204770270128
list:
dist: 3.43204770270128 vs. 3.43204770270128
--------
nle(id0,id1,dist): 135 149 3.5230432997255288
list:
dist: 3.5230432997255288 vs. 3.5230432997255288
--------
nle(id0,id1,dist): 134 148 3.478396421759577
list:
dist: 3.478396421759577 vs. 3.478396421759577
--------
nle(id0,id1,dist): 134 147 1.7129096608800467
list:
dist: 1.7129096608800467 vs. 1.7129096608800467
--------
nle(id0,id1,dist): 135 140 1.0674296895424449
list:
dist: 1.0674296895424449 vs. 1.0674296895424449
--------
nle(id0,id1,dist): 135 141 3.044762092845747
list:
dist: 3.044762092845747 vs. 3.044762092845747
--------
nle(id0,id1,dist): 135 138 3.2858616214805765
list:
dist: 3.2858616214805765 vs. 3.2858616214805765
--------
nle(id0,id1,dist): 135 139 3.650662828537645
list:
dist: 3.650662828537645 vs. 3.650662828537645
--------
nle(id0,id1,dist): 135 136 3.9412369865029007
list:
dist: 3.9412369865029007 vs. 3.9412369865029007
--------
nle(id0,id1,dist): 135 137 1.9409087651435157
list:
dist: 1.9409087651435157 vs. 1.9409087651435157
--------
nle(id0,id1,dist): 134 135 4.574637505560198
list:
dist: 4.574637505560198 vs. 4.574637505560198
--------
nle(id0,id1,dist): 134 136 2.853939594352157
list:
dist: 2.853939594352157 vs. 2.853939594352157
--------
nle(id0,id1,dist): 134 137 3.6430963403598717
list:
dist: 3.6430963403598717 vs. 3.6430963403598717
--------
nle(id0,id1,dist): 134 138 4.818383915135535
list:
dist: 4.818383915135535 vs. 4.818383915135535
--------
nle(id0,id1,dist): 134 143 3.7025339175426297
list:
dist: 3.7025339175426297 vs. 3.7025339175426297
--------
nle(id0,id1,dist): 134 144 2.9614594039842337
list:
dist: 2.9614594039842337 vs. 2.9614594039842337
--------
nle(id0,id1,dist): 134 145 4.077347306746727
list:
dist: 4.077347306746727 vs. 4.077347306746727
--------
nle(id0,id1,dist): 134 146 4.379152967131788
list:
dist: 4.379152967131788 vs. 4.379152967131788
--------
nle(id0,id1,dist): 134 139 2.717623110854362
list:
dist: 2.717623110854362 vs. 2.717623110854362
--------
nle(id0,id1,dist): 134 140 3.5537279876745456
list:
dist: 3.5537279876745456 vs. 3.5537279876745456
--------
nle(id0,id1,dist): 134 141 2.6802901018796934
list:
dist: 2.6802901018796934 vs. 2.6802901018796934
--------
nle(id0,id1,dist): 134 142 2.2710252236762716
list:
dist: 2.2710252236762716 vs. 2.2710252236762716
--------
nle(id0,id1,dist): 133 135 2.5221179391211437
list:
dist: 2.5221179391211437 vs. 2.5221179391211437
--------
nle(id0,id1,dist): 133 134 2.7270864424051067
list:
dist: 2.7270864424051067 vs. 2.7270864424051067
--------
nle(id0,id1,dist): 133 138 2.2713489586772537
list:
dist: 2.2713489586772537 vs. 2.2713489586772537
--------
nle(id0,id1,dist): 133 139 1.1827843145791634
list:
dist: 1.1827843145791634 vs. 1.1827843145791634
--------
nle(id0,id1,dist): 133 136 1.592317727731555
list:
dist: 1.592317727731555 vs. 1.592317727731555
--------
nle(id0,id1,dist): 133 137 1.3722613957627936
list:
dist: 1.3722613957627936 vs. 1.3722613957627936
--------
nle(id0,id1,dist): 133 142 0.9232460900223871
list:
dist: 0.9232460900223871 vs. 0.9232460900223871
--------
nle(id0,id1,dist): 133 143 1.4723540233694645
list:
dist: 1.4723540233694645 vs. 1.4723540233694645
--------
nle(id0,id1,dist): 133 140 1.525708593429183
list:
dist: 1.525708593429183 vs. 1.525708593429183
--------
nle(id0,id1,dist): 133 141 0.654440184408539
list:
dist: 0.654440184408539 vs. 0.654440184408539
--------
nle(id0,id1,dist): 133 146 2.47504328607939
list:
dist: 2.47504328607939 vs. 2.47504328607939
--------
nle(id0,id1,dist): 133 147 1.1219964754316858
list:
dist: 1.1219964754316858 vs. 1.1219964754316858
--------
nle(id0,id1,dist): 133 144 0.7544027387228245
list:
dist: 0.7544027387228245 vs. 0.7544027387228245
--------
nle(id0,id1,dist): 133 145 1.8261927841752819
list:
dist: 1.8261927841752819 vs. 1.8261927841752819
--------
nle(id0,id1,dist): 133 148 1.3070202578481374
list:
dist: 1.3070202578481374 vs. 1.3070202578481374
--------
nle(id0,id1,dist): 133 149 3.2246348661986675
list:
dist: 3.2246348661986675 vs. 3.2246348661986675
--------
nle(id0,id1,dist): 132 134 2.0304164432871614
list:
dist: 2.0304164432871614 vs. 2.0304164432871614
--------
nle(id0,id1,dist): 132 133 1.7875115305176585
list:
dist: 1.7875115305176585 vs. 1.7875115305176585
--------
nle(id0,id1,dist): 132 136 2.990375891709855
list:
dist: 2.990375891709855 vs. 2.990375891709855
--------
nle(id0,id1,dist): 132 135 2.6778644131043885
list:
dist: 2.6778644131043885 vs. 2.6778644131043885
--------
nle(id0,id1,dist): 132 138 4.003423899316939
list:
dist: 4.003423899316939 vs. 4.003423899316939
--------
nle(id0,id1,dist): 132 137 2.1274609509407383
list:
dist: 2.1274609509407383 vs. 2.1274609509407383
--------
nle(id0,id1,dist): 132 140 1.7764854727060968
list:
dist: 1.7764854727060968 vs. 1.7764854727060968
--------
nle(id0,id1,dist): 132 139 2.5823978040028863
list:
dist: 2.5823978040028863 vs. 2.5823978040028863
--------
nle(id0,id1,dist): 132 141 2.072571715786489
list:
dist: 2.072571715786489 vs. 2.072571715786489
--------
nle(id0,id1,dist): 132 142 1.189457391762531
list:
dist: 1.189457391762531 vs. 1.189457391762531
--------
nle(id0,id1,dist): 132 143 2.4787731978760137
list:
dist: 2.4787731978760137 vs. 2.4787731978760137
--------
nle(id0,id1,dist): 132 144 1.4600074243189296
list:
dist: 1.4600074243189296 vs. 1.4600074243189296
--------
nle(id0,id1,dist): 132 145 3.5072737850912263
list:
dist: 3.5072737850912263 vs. 3.5072737850912263
--------
nle(id0,id1,dist): 132 146 2.559174355537723
list:
dist: 2.559174355537723 vs. 2.559174355537723
--------
nle(id0,id1,dist): 132 147 1.667939093231488
list:
dist: 1.667939093231488 vs. 1.667939093231488
--------
nle(id0,id1,dist): 132 148 3.0451049653409266
list:
dist: 3.0451049653409266 vs. 3.0451049653409266
--------
nle(id0,id1,dist): 131 147 1.757406704829147
list:
dist: 1.757406704829147 vs. 1.757406704829147
--------
nle(id0,id1,dist): 131 134 1.5298642750335352
list:
dist: 1.5298642750335352 vs. 1.5298642750335352
--------
nle(id0,id1,dist): 131 136 2.428573092631184
list:
dist: 2.428573092631184 vs. 2.428573092631184
--------
nle(id0,id1,dist): 131 132 1.8861920985439826
list:
dist: 1.8861920985439826 vs. 1.8861920985439826
--------
nle(id0,id1,dist): 130 147 3.0791178885436006
list:
dist: 3.0791178885436006 vs. 3.0791178885436006
--------
nle(id0,id1,dist): 130 132 2.4416117619321245
list:
dist: 2.4416117619321245 vs. 2.4416117619321245
--------
nle(id0,id1,dist): 130 131 1.4615726513720653
list:
dist: 1.4615726513720653 vs. 1.4615726513720653
--------
nle(id0,id1,dist): 130 134 2.3296679217122738
list:
dist: 2.3296679217122738 vs. 2.3296679217122738
--------
nle(id0,id1,dist): 129 148 2.271712586567371
list:
dist: 2.271712586567371 vs. 2.271712586567371
--------
nle(id0,id1,dist): 129 140 3.3047167665399946
list:
dist: 3.3047167665399946 vs. 3.3047167665399946
--------
nle(id0,id1,dist): 129 141 2.0275074755568343
list:
dist: 2.0275074755568343 vs. 2.0275074755568343
--------
nle(id0,id1,dist): 129 142 2.2886637532405647
list:
dist: 2.2886637532405647 vs. 2.2886637532405647
--------
nle(id0,id1,dist): 129 143 3.353408138672494
list:
dist: 3.353408138672494 vs. 3.353408138672494
--------
nle(id0,id1,dist): 129 144 2.6711986030364856
list:
dist: 2.6711986030364856 vs. 2.6711986030364856
--------
nle(id0,id1,dist): 129 145 3.0071819041185748
list:
dist: 3.0071819041185748 vs. 3.0071819041185748
--------
nle(id0,id1,dist): 129 146 4.447146094309521
list:
dist: 4.447146094309521 vs. 4.447146094309521
--------
nle(id0,id1,dist): 129 147 1.3341678136040722
list:
dist: 1.3341678136040722 vs. 1.3341678136040722
--------
nle(id0,id1,dist): 129 135 4.342499314884593
list:
dist: 4.342499314884593 vs. 4.342499314884593
--------
nle(id0,id1,dist): 129 134 1.8373383507268881
list:
dist: 1.8373383507268881 vs. 1.8373383507268881
--------
nle(id0,id1,dist): 129 133 2.0632054492996503
list:
dist: 2.0632054492996503 vs. 2.0632054492996503
--------
nle(id0,id1,dist): 129 132 2.65819294441253
list:
dist: 2.65819294441253 vs. 2.65819294441253
--------
nle(id0,id1,dist): 129 139 1.751583308858271
list:
dist: 1.751583308858271 vs. 1.751583308858271
--------
nle(id0,id1,dist): 129 138 3.494784229085785
list:
dist: 3.494784229085785 vs. 3.494784229085785
--------
nle(id0,id1,dist): 129 137 3.389519765064791
list:
dist: 3.389519765064791 vs. 3.389519765064791
--------
nle(id0,id1,dist): 129 136 1.2532258414914454
list:
dist: 1.2532258414914454 vs. 1.2532258414914454
--------
nle(id0,id1,dist): 129 131 1.5319735670878014
list:
dist: 1.5319735670878014 vs. 1.5319735670878014
--------
nle(id0,id1,dist): 128 147 0.6761170746319621
list:
dist: 0.6761170746319621 vs. 0.6761170746319621
--------
nle(id0,id1,dist): 128 148 1.4423092697028634
list:
dist: 1.4423092697028634 vs. 1.4423092697028634
--------
nle(id0,id1,dist): 128 145 2.1054915678773276
list:
dist: 2.1054915678773276 vs. 2.1054915678773276
--------
nle(id0,id1,dist): 128 146 3.633062117272997
list:
dist: 3.633062117272997 vs. 3.633062117272997
--------
nle(id0,id1,dist): 128 133 1.303836922910281
list:
dist: 1.303836922910281 vs. 1.303836922910281
--------
nle(id0,id1,dist): 128 134 2.088663317855944
list:
dist: 2.088663317855944 vs. 2.088663317855944
--------
nle(id0,id1,dist): 128 135 3.800465617661459
list:
dist: 3.800465617661459 vs. 3.800465617661459
--------
nle(id0,id1,dist): 128 136 0.9073605398150933
list:
dist: 0.9073605398150933 vs. 0.9073605398150933
--------
nle(id0,id1,dist): 128 129 1.0293687817248534
list:
dist: 1.0293687817248534 vs. 1.0293687817248534
--------
nle(id0,id1,dist): 128 131 2.0266809198394298
list:
dist: 2.0266809198394298 vs. 2.0266809198394298
--------
nle(id0,id1,dist): 128 132 2.316240011128347
list:
dist: 2.316240011128347 vs. 2.316240011128347
--------
nle(id0,id1,dist): 128 141 1.0528540950220986
list:
dist: 1.0528540950220986 vs. 1.0528540950220986
--------
nle(id0,id1,dist): 128 142 1.5349663266138966
list:
dist: 1.5349663266138966 vs. 1.5349663266138966
--------
nle(id0,id1,dist): 128 143 2.3854994890607375
list:
dist: 2.3854994890607375 vs. 2.3854994890607375
--------
nle(id0,id1,dist): 128 144 1.9812453795012719
list:
dist: 1.9812453795012719 vs. 1.9812453795012719
--------
nle(id0,id1,dist): 128 137 2.5202438698248586
list:
dist: 2.5202438698248586 vs. 2.5202438698248586
--------
nle(id0,id1,dist): 128 138 2.852008160254108
list:
dist: 2.852008160254108 vs. 2.852008160254108
--------
nle(id0,id1,dist): 128 139 0.7571729019461533
list:
dist: 0.7571729019461533 vs. 0.7571729019461533
--------
nle(id0,id1,dist): 128 140 2.7655770966406656
list:
dist: 2.7655770966406656 vs. 2.7655770966406656
--------
nle(id0,id1,dist): 127 140 2.2547074590674825
list:
dist: 2.2547074590674825 vs. 2.2547074590674825
--------
nle(id0,id1,dist): 127 141 1.1421915953299175
list:
dist: 1.1421915953299175 vs. 1.1421915953299175
--------
nle(id0,id1,dist): 127 138 2.161669894612915
list:
dist: 2.161669894612915 vs. 2.161669894612915
--------
nle(id0,id1,dist): 127 139 1.102813994252012
list:
dist: 1.102813994252012 vs. 1.102813994252012
--------
nle(id0,id1,dist): 127 136 0.7568462659531913
list:
dist: 0.7568462659531913 vs. 0.7568462659531913
--------
nle(id0,id1,dist): 127 137 2.2887473308937683
list:
dist: 2.2887473308937683 vs. 2.2887473308937683
--------
nle(id0,id1,dist): 127 134 2.727305997588472
list:
dist: 2.727305997588472 vs. 2.727305997588472
--------
nle(id0,id1,dist): 127 135 3.212177901084747
list:
dist: 3.212177901084747 vs. 3.212177901084747
--------
nle(id0,id1,dist): 127 148 1.1431543360390493
list:
dist: 1.1431543360390493 vs. 1.1431543360390493
--------
nle(id0,id1,dist): 127 146 3.412881697072349
list:
dist: 3.412881697072349 vs. 3.412881697072349
--------
nle(id0,id1,dist): 127 147 1.2419102687894064
list:
dist: 1.2419102687894064 vs. 1.2419102687894064
--------
nle(id0,id1,dist): 127 144 1.661285662505701
list:
dist: 1.661285662505701 vs. 1.661285662505701
--------
nle(id0,id1,dist): 127 145 1.9095775224654625
list:
dist: 1.9095775224654625 vs. 1.9095775224654625
--------
nle(id0,id1,dist): 127 142 1.705198679984946
list:
dist: 1.705198679984946 vs. 1.705198679984946
--------
nle(id0,id1,dist): 127 143 2.287358898397577
list:
dist: 2.287358898397577 vs. 2.287358898397577
--------
nle(id0,id1,dist): 127 133 0.9621658907193342
list:
dist: 0.9621658907193342 vs. 0.9621658907193342
--------
nle(id0,id1,dist): 127 132 2.408330330025567
list:
dist: 2.408330330025567 vs. 2.408330330025567
--------
nle(id0,id1,dist): 127 131 2.0876440298568464
list:
dist: 2.0876440298568464 vs. 2.0876440298568464
--------
nle(id0,id1,dist): 127 129 1.4307952255938416
list:
dist: 1.4307952255938416 vs. 1.4307952255938416
--------
nle(id0,id1,dist): 127 128 0.9611267043629126
list:
dist: 0.9611267043629126 vs. 0.9611267043629126
--------
nle(id0,id1,dist): 125 146 2.281019102982575
list:
dist: 2.281019102982575 vs. 2.281019102982575
--------
nle(id0,id1,dist): 125 147 1.879792754279662
list:
dist: 1.879792754279662 vs. 1.879792754279662
--------
nle(id0,id1,dist): 125 144 1.027721976243042
list:
dist: 1.027721976243042 vs. 1.027721976243042
--------
nle(id0,id1,dist): 125 145 1.4318507436231793
list:
dist: 1.4318507436231793 vs. 1.4318507436231793
--------
nle(id0,id1,dist): 125 148 1.1573556473314945
list:
dist: 1.1573556473314945 vs. 1.1573556473314945
--------
nle(id0,id1,dist): 125 149 2.5592272663160114
list:
dist: 2.5592272663160114 vs. 2.5592272663160114
--------
nle(id0,id1,dist): 125 129 2.6986822266619814
list:
dist: 2.6986822266619814 vs. 2.6986822266619814
--------
nle(id0,id1,dist): 125 128 1.906027718975292
list:
dist: 1.906027718975292 vs. 1.906027718975292
--------
nle(id0,id1,dist): 125 135 2.278524916968218
list:
dist: 2.278524916968218 vs. 2.278524916968218
--------
nle(id0,id1,dist): 125 134 3.5260244168392116
list:
dist: 3.5260244168392116 vs. 3.5260244168392116
--------
nle(id0,id1,dist): 125 133 0.8015956453769619
list:
dist: 0.8015956453769619 vs. 0.8015956453769619
--------
nle(id0,id1,dist): 125 132 2.4242050376974325
list:
dist: 2.4242050376974325 vs. 2.4242050376974325
--------
nle(id0,id1,dist): 125 139 1.5181579662264724
list:
dist: 1.5181579662264724 vs. 1.5181579662264724
--------
nle(id0,id1,dist): 125 138 1.6151544876927029
list:
dist: 1.6151544876927029 vs. 1.6151544876927029
--------
nle(id0,id1,dist): 125 137 1.1701002098649895
list:
dist: 1.1701002098649895 vs. 1.1701002098649895
--------
nle(id0,id1,dist): 125 136 1.8983545423043189
list:
dist: 1.8983545423043189 vs. 1.8983545423043189
--------
nle(id0,id1,dist): 125 143 1.2312680062125563
list:
dist: 1.2312680062125563 vs. 1.2312680062125563
--------
nle(id0,id1,dist): 125 142 1.549111208033647
list:
dist: 1.549111208033647 vs. 1.549111208033647
--------
nle(id0,id1,dist): 125 141 1.0844049620291478
list:
dist: 1.0844049620291478 vs. 1.0844049620291478
--------
nle(id0,id1,dist): 125 140 1.5224179928113453
list:
dist: 1.5224179928113453 vs. 1.5224179928113453
2. Check the NeighborList query for coordinates against the neighbor list for consistency
list:
dist: 1.8445869837367257 vs. 1.8445869837367257
list:
dist: 2.7634578213255288 vs. 2.7634578213255288
list:
dist: 2.239514989855418 vs. 2.239514989855418
list:
dist: 2.162688661883884 vs. 2.162688661883884
list:
dist: 1.4741375559678085 vs. 1.4741375559678085
list:
dist: 1.132093476570563 vs. 1.132093476570563
list:
dist: 1.1638475302876148 vs. 1.1638475302876148
list:
dist: 3.4123553183012785 vs. 3.4123553183012785
list:
dist: 3.56049825421849 vs. 3.56049825421849
list:
dist: 2.6071236631623225 vs. 2.6071236631623225
list:
dist: 3.597460781120676 vs. 3.597460781120676
list:
dist: 2.67994996460157 vs. 2.67994996460157
list:
dist: 2.985629900662593 vs. 2.985629900662593
list:
dist: 3.376734987906458 vs. 3.376734987906458
list:
dist: 2.5691912963689094 vs. 2.5691912963689094
list:
dist: 3.6243258043282363 vs. 3.6243258043282363
list:
dist: 4.006698582245818 vs. 4.006698582245818
list:
dist: 2.6956960561997665 vs. 2.6956960561997665
list:
dist: 3.798357353931429 vs. 3.798357353931429
list:
dist: 4.4824259656549765 vs. 4.4824259656549765
list:
dist: 2.934731669114113 vs. 2.934731669114113
list:
dist: 2.097752239223341 vs. 2.097752239223341
list:
dist: 1.071001072035219 vs. 1.071001072035219
list:
dist: 1.9337638351384352 vs. 1.9337638351384352
list:
dist: 1.0051286508833144 vs. 1.0051286508833144
list:
dist: 1.1228965683380498 vs. 1.1228965683380498
list:
dist: 1.8445869837367257 vs. 1.8445869837367257
list:
dist: 2.006037318510008 vs. 2.006037318510008
list:
dist: 1.774310185699632 vs. 1.774310185699632
list:
dist: 1.663021660573579 vs. 1.663021660573579
list:
dist: 2.0228491554945296 vs. 2.0228491554945296
list:
dist: 1.2971687815269588 vs. 1.2971687815269588
list:
dist: 2.2641755801825494 vs. 2.2641755801825494
list:
dist: 1.466711432931704 vs. 1.466711432931704
list:
dist: 1.3330484076145428 vs. 1.3330484076145428
list:
dist: 2.4158775879096113 vs. 2.4158775879096113
list:
dist: 2.3419250650922416 vs. 2.3419250650922416
list:
dist: 3.441914309838993 vs. 3.441914309838993
list:
dist: 3.41028136726475 vs. 3.41028136726475
list:
dist: 2.097752239223341 vs. 2.097752239223341
list:
dist: 2.05853509267002 vs. 2.05853509267002
list:
dist: 1.9575913068432778 vs. 1.9575913068432778
list:
dist: 2.937462536818418 vs. 2.937462536818418
list:
dist: 2.6436293340388572 vs. 2.6436293340388572
list:
dist: 1.2971687815269588 vs. 1.2971687815269588
list:
dist: 1.5901183608092926 vs. 1.5901183608092926
list:
dist: 2.786757411958621 vs. 2.786757411958621
list:
dist: 0.7220245184495023 vs. 0.7220245184495023
list:
dist: 1.5717919004863752 vs. 1.5717919004863752
list:
dist: 2.6071236631623225 vs. 2.6071236631623225
list:
dist: 2.589833162792596 vs. 2.589833162792596
list:
dist: 2.2227162889803314 vs. 2.2227162889803314
list:
dist: 1.1404078167996148 vs. 1.1404078167996148
list:
dist: 1.0720349576729884 vs. 1.0720349576729884
list:
dist: 1.0591312462253666 vs. 1.0591312462253666
list:
dist: 0.4561903365899015 vs. 0.4561903365899015
list:
dist: 1.287695048497 vs. 1.287695048497
list:
dist: 1.1906344825809807 vs. 1.1906344825809807
list:
dist: 1.543579601625369 vs. 1.543579601625369
list:
dist: 2.4207293614859093 vs. 2.4207293614859093
list:
dist: 2.1992740875519265 vs. 2.1992740875519265
list:
dist: 2.1979217575614505 vs. 2.1979217575614505
list:
dist: 2.745494303142444 vs. 2.745494303142444
list:
dist: 2.1891459514219815 vs. 2.1891459514219815
list:
dist: 2.5728148131065107 vs. 2.5728148131065107
list:
dist: 2.006037318510008 vs. 2.006037318510008
list:
dist: 2.578389831002284 vs. 2.578389831002284
list:
dist: 1.5757031406169912 vs. 1.5757031406169912
list:
dist: 1.9459478768464082 vs. 1.9459478768464082
list:
dist: 1.0661369210074576 vs. 1.0661369210074576
list:
dist: 1.132093476570563 vs. 1.132093476570563
list:
dist: 0.39627822959860914 vs. 0.39627822959860914
list:
dist: 3.4315108768988973 vs. 3.4315108768988973
list:
dist: 3.639861768587804 vs. 3.639861768587804
list:
dist: 2.589833162792596 vs. 2.589833162792596
list:
dist: 3.392197713481562 vs. 3.392197713481562
list:
dist: 2.4664255978685334 vs. 2.4664255978685334
list:
dist: 2.6983330012537046 vs. 2.6983330012537046
list:
dist: 3.43992297537585 vs. 3.43992297537585
list:
dist: 2.727925735030025 vs. 2.727925735030025
list:
dist: 3.4505891774797135 vs. 3.4505891774797135
list:
dist: 3.819587457213792 vs. 3.819587457213792
list:
dist: 2.932072325888591 vs. 2.932072325888591
list:
dist: 3.980206872569647 vs. 3.980206872569647
list:
dist: 4.66529029858813 vs. 4.66529029858813
list:
dist: 2.7771576449178696 vs. 2.7771576449178696
list:
dist: 1.466711432931704 vs. 1.466711432931704
list:
dist: 1.5866881787749456 vs. 1.5866881787749456
list:
dist: 2.625759483415332 vs. 2.625759483415332
list:
dist: 0.5920779826168681 vs. 0.5920779826168681
list:
dist: 1.4563605826300094 vs. 1.4563605826300094
list:
dist: 2.67994996460157 vs. 2.67994996460157
list:
dist: 2.4664255978685334 vs. 2.4664255978685334
list:
dist: 2.094095842081813 vs. 2.094095842081813
list:
dist: 1.347310374433696 vs. 1.347310374433696
list:
dist: 1.3391494963786152 vs. 1.3391494963786152
list:
dist: 0.4561903365899015 vs. 0.4561903365899015
list:
dist: 0.9447713028537001 vs. 0.9447713028537001
list:
dist: 1.1802268451825861 vs. 1.1802268451825861
list:
dist: 1.342727692658625 vs. 1.342727692658625
list:
dist: 1.645860307379949 vs. 1.645860307379949
list:
dist: 2.302627235052066 vs. 2.302627235052066
list:
dist: 2.084408464888401 vs. 2.084408464888401
list:
dist: 2.3458031547638876 vs. 2.3458031547638876
list:
dist: 2.77353383865003 vs. 2.77353383865003
list:
dist: 2.3668167310436217 vs. 2.3668167310436217
list:
dist: 2.5347964024879173 vs. 2.5347964024879173
list:
dist: 1.9575913068432778 vs. 1.9575913068432778
list:
dist: 1.9337638351384352 vs. 1.9337638351384352
list:
dist: 1.8441491326000958 vs. 1.8441491326000958
list:
dist: 2.107478226659406 vs. 2.107478226659406
list:
dist: 1.5120670426155158 vs. 1.5120670426155158
list:
dist: 2.239514989855418 vs. 2.239514989855418
list:
dist: 1.5757031406169912 vs. 1.5757031406169912
list:
dist: 1.6624488027220585 vs. 1.6624488027220585
list:
dist: 3.1427955628079727 vs. 3.1427955628079727
list:
dist: 3.6259732046589375 vs. 3.6259732046589375
list:
dist: 2.786757411958621 vs. 2.786757411958621
list:
dist: 3.4449379537167237 vs. 3.4449379537167237
list:
dist: 2.625759483415332 vs. 2.625759483415332
list:
dist: 2.131715329617989 vs. 2.131715329617989
list:
dist: 3.9114251938048437 vs. 3.9114251938048437
list:
dist: 3.6531547100840926 vs. 3.6531547100840926
list:
dist: 4.377445093221301 vs. 4.377445093221301
list:
dist: 4.477379745967093 vs. 4.477379745967093
list:
dist: 2.05853509267002 vs. 2.05853509267002
list:
dist: 1.071001072035219 vs. 1.071001072035219
list:
dist: 1.8441491326000958 vs. 1.8441491326000958
list:
dist: 1.31881622331079 vs. 1.31881622331079
list:
dist: 1.6512310434884183 vs. 1.6512310434884183
list:
dist: 2.7634578213255288 vs. 2.7634578213255288
list:
dist: 2.578389831002284 vs. 2.578389831002284
list:
dist: 2.3708148025338316 vs. 2.3708148025338316
list:
dist: 1.389549752349636 vs. 1.389549752349636
list:
dist: 2.0125009549745823 vs. 2.0125009549745823
list:
dist: 1.5901183608092926 vs. 1.5901183608092926
list:
dist: 2.135284872117452 vs. 2.135284872117452
list:
dist: 1.5866881787749456 vs. 1.5866881787749456
list:
dist: 0.5988967075873175 vs. 0.5988967075873175
list:
dist: 2.741571969734115 vs. 2.741571969734115
list:
dist: 3.019456929518024 vs. 3.019456929518024
list:
dist: 3.869269846103048 vs. 3.869269846103048
list:
dist: 3.6575098946260622 vs. 3.6575098946260622
list:
dist: 1.774310185699632 vs. 1.774310185699632
list:
dist: 2.3708148025338316 vs. 2.3708148025338316
list:
dist: 1.6624488027220585 vs. 1.6624488027220585
list:
dist: 1.5943418321240876 vs. 1.5943418321240876
list:
dist: 0.7575161704439899 vs. 0.7575161704439899
list:
dist: 1.1638475302876148 vs. 1.1638475302876148
list:
dist: 0.39627822959860914 vs. 0.39627822959860914
list:
dist: 3.1139247605839855 vs. 3.1139247605839855
list:
dist: 3.2831722439106676 vs. 3.2831722439106676
list:
dist: 2.2227162889803314 vs. 2.2227162889803314
list:
dist: 3.015805516001433 vs. 3.015805516001433
list:
dist: 2.094095842081813 vs. 2.094095842081813
list:
dist: 2.4305420269523306 vs. 2.4305420269523306
list:
dist: 3.047980303429546 vs. 3.047980303429546
list:
dist: 2.360140279115161 vs. 2.360140279115161
list:
dist: 3.093371953623786 vs. 3.093371953623786
list:
dist: 3.4353507569525688 vs. 3.4353507569525688
list:
dist: 2.664169622421331 vs. 2.664169622421331
list:
dist: 3.6372276785823376 vs. 3.6372276785823376
list:
dist: 4.38639941832504 vs. 4.38639941832504
list:
dist: 2.5123632995794445 vs. 2.5123632995794445
list:
dist: 1.663021660573579 vs. 1.663021660573579
list:
dist: 1.389549752349636 vs. 1.389549752349636
list:
dist: 3.1427955628079727 vs. 3.1427955628079727
list:
dist: 1.569120622424583 vs. 1.569120622424583
list:
dist: 2.3724558428488782 vs. 2.3724558428488782
list:
dist: 3.4123553183012785 vs. 3.4123553183012785
list:
dist: 3.4315108768988973 vs. 3.4315108768988973
list:
dist: 3.1139247605839855 vs. 3.1139247605839855
list:
dist: 0.7201530214339436 vs. 0.7201530214339436
list:
dist: 1.1404078167996148 vs. 1.1404078167996148
list:
dist: 1.3038538018923327 vs. 1.3038538018923327
list:
dist: 1.347310374433696 vs. 1.347310374433696
list:
dist: 1.133358974845747 vs. 1.133358974845747
list:
dist: 1.8294840291357204 vs. 1.8294840291357204
list:
dist: 2.589199899922575 vs. 2.589199899922575
list:
dist: 3.3835120244713797 vs. 3.3835120244713797
list:
dist: 2.9473871926526383 vs. 2.9473871926526383
list:
dist: 1.347133974309894 vs. 1.347133974309894
list:
dist: 2.435995904809728 vs. 2.435995904809728
list:
dist: 2.311345695564907 vs. 2.311345695564907
list:
dist: 3.2950696419633214 vs. 3.2950696419633214
list:
dist: 1.347133974309894 vs. 1.347133974309894
list:
dist: 1.1967020497940593 vs. 1.1967020497940593
list:
dist: 2.1979217575614505 vs. 2.1979217575614505
list:
dist: 1.6955307788144376 vs. 1.6955307788144376
list:
dist: 2.3458031547638876 vs. 2.3458031547638876
list:
dist: 2.291948953630051 vs. 2.291948953630051
list:
dist: 2.194783442539689 vs. 2.194783442539689
list:
dist: 3.315861043992961 vs. 3.315861043992961
list:
dist: 3.7995257589592026 vs. 3.7995257589592026
list:
dist: 3.1222889681196895 vs. 3.1222889681196895
list:
dist: 1.4718852524396773 vs. 1.4718852524396773
list:
dist: 1.9462475547795002 vs. 1.9462475547795002
list:
dist: 3.368650835720912 vs. 3.368650835720912
list:
dist: 1.3330484076145428 vs. 1.3330484076145428
list:
dist: 0.5988967075873175 vs. 0.5988967075873175
list:
dist: 2.131715329617989 vs. 2.131715329617989
list:
dist: 1.1102319728894394 vs. 1.1102319728894394
list:
dist: 1.6902404564144151 vs. 1.6902404564144151
list:
dist: 2.985629900662593 vs. 2.985629900662593
list:
dist: 2.6983330012537046 vs. 2.6983330012537046
list:
dist: 2.4305420269523306 vs. 2.4305420269523306
list:
dist: 1.133358974845747 vs. 1.133358974845747
list:
dist: 1.6798635237605943 vs. 1.6798635237605943
list:
dist: 1.287695048497 vs. 1.287695048497
list:
dist: 1.6048685478117761 vs. 1.6048685478117761
list:
dist: 1.1802268451825861 vs. 1.1802268451825861
list:
dist: 2.356643074635395 vs. 2.356643074635395
list:
dist: 2.7676446043386114 vs. 2.7676446043386114
list:
dist: 3.462774311445968 vs. 3.462774311445968
list:
dist: 3.178154522752898 vs. 3.178154522752898
list:
dist: 2.291948953630051 vs. 2.291948953630051
list:
dist: 3.178037279912125 vs. 3.178037279912125
list:
dist: 3.1461411828306813 vs. 3.1461411828306813
list:
dist: 3.647428365242293 vs. 3.647428365242293
list:
dist: 2.937462536818418 vs. 2.937462536818418
list:
dist: 1.0051286508833144 vs. 1.0051286508833144
list:
dist: 1.31881622331079 vs. 1.31881622331079
list:
dist: 2.107478226659406 vs. 2.107478226659406
list:
dist: 0.8971821275633842 vs. 0.8971821275633842
list:
dist: 2.162688661883884 vs. 2.162688661883884
list:
dist: 1.9459478768464082 vs. 1.9459478768464082
list:
dist: 1.5943418321240876 vs. 1.5943418321240876
list:
dist: 1.569120622424583 vs. 1.569120622424583
list:
dist: 1.7340281734798193 vs. 1.7340281734798193
list:
dist: 0.7220245184495023 vs. 0.7220245184495023
list:
dist: 1.5253627024204335 vs. 1.5253627024204335
list:
dist: 0.5920779826168681 vs. 0.5920779826168681
list:
dist: 1.1102319728894394 vs. 1.1102319728894394
list:
dist: 1.8046479470909704 vs. 1.8046479470909704
list:
dist: 1.786868315545984 vs. 1.786868315545984
list:
dist: 2.6102789752829576 vs. 2.6102789752829576
list:
dist: 2.548561355859092 vs. 2.548561355859092
list:
dist: 2.2641755801825494 vs. 2.2641755801825494
list:
dist: 2.135284872117452 vs. 2.135284872117452
list:
dist: 3.4449379537167237 vs. 3.4449379537167237
list:
dist: 1.5253627024204335 vs. 1.5253627024204335
list:
dist: 2.3953189608010175 vs. 2.3953189608010175
list:
dist: 3.597460781120676 vs. 3.597460781120676
list:
dist: 3.392197713481562 vs. 3.392197713481562
list:
dist: 3.015805516001433 vs. 3.015805516001433
list:
dist: 1.3038538018923327 vs. 1.3038538018923327
list:
dist: 1.011880896696999 vs. 1.011880896696999
list:
dist: 1.0591312462253666 vs. 1.0591312462253666
list:
dist: 0.9447713028537001 vs. 0.9447713028537001
list:
dist: 1.6048685478117761 vs. 1.6048685478117761
list:
dist: 1.1105405089368359 vs. 1.1105405089368359
list:
dist: 2.013956774920496 vs. 2.013956774920496
list:
dist: 2.319420250618491 vs. 2.319420250618491
list:
dist: 1.7680282643081124 vs. 1.7680282643081124
list:
dist: 1.6955307788144376 vs. 1.6955307788144376
list:
dist: 1.8491206298650509 vs. 1.8491206298650509
list:
dist: 1.7378772033376528 vs. 1.7378772033376528
list:
dist: 2.2035864328028656 vs. 2.2035864328028656
list:
dist: 2.6436293340388572 vs. 2.6436293340388572
list:
dist: 1.1228965683380498 vs. 1.1228965683380498
list:
dist: 1.6512310434884183 vs. 1.6512310434884183
list:
dist: 1.5120670426155158 vs. 1.5120670426155158
list:
dist: 0.8971821275633842 vs. 0.8971821275633842
list:
dist: 1.4741375559678085 vs. 1.4741375559678085
list:
dist: 1.0661369210074576 vs. 1.0661369210074576
list:
dist: 0.7575161704439899 vs. 0.7575161704439899
list:
dist: 2.3724558428488782 vs. 2.3724558428488782
list:
dist: 2.6002578838498525 vs. 2.6002578838498525
list:
dist: 1.5717919004863752 vs. 1.5717919004863752
list:
dist: 2.3953189608010175 vs. 2.3953189608010175
list:
dist: 1.4563605826300094 vs. 1.4563605826300094
list:
dist: 1.6902404564144151 vs. 1.6902404564144151
list:
dist: 2.559413447448181 vs. 2.559413447448181
list:
dist: 2.14551185860172 vs. 2.14551185860172
list:
dist: 2.9809172229047562 vs. 2.9809172229047562
list:
dist: 3.140152121564741 vs. 3.140152121564741
list:
dist: 2.4158775879096113 vs. 2.4158775879096113
list:
dist: 2.741571969734115 vs. 2.741571969734115
list:
dist: 3.9114251938048437 vs. 3.9114251938048437
list:
dist: 1.8046479470909704 vs. 1.8046479470909704
list:
dist: 2.559413447448181 vs. 2.559413447448181
list:
dist: 3.376734987906458 vs. 3.376734987906458
list:
dist: 3.43992297537585 vs. 3.43992297537585
list:
dist: 3.047980303429546 vs. 3.047980303429546
list:
dist: 1.8294840291357204 vs. 1.8294840291357204
list:
dist: 1.2335252590473573 vs. 1.2335252590473573
list:
dist: 1.1906344825809807 vs. 1.1906344825809807
list:
dist: 1.1105405089368359 vs. 1.1105405089368359
list:
dist: 1.342727692658625 vs. 1.342727692658625
list:
dist: 2.356643074635395 vs. 2.356643074635395
list:
dist: 1.2092045116167303 vs. 1.2092045116167303
list:
dist: 1.7486253266804517 vs. 1.7486253266804517
list:
dist: 1.3338316033593869 vs. 1.3338316033593869
list:
dist: 2.4563870042322518 vs. 2.4563870042322518
list:
dist: 1.9352698516797677 vs. 1.9352698516797677
list:
dist: 3.290784294848517 vs. 3.290784294848517
list:
dist: 2.628600652555858 vs. 2.628600652555858
list:
dist: 2.194783442539689 vs. 2.194783442539689
list:
dist: 2.134858961927261 vs. 2.134858961927261
list:
dist: 1.1744093964632343 vs. 1.1744093964632343
list:
dist: 1.5390733233957772 vs. 1.5390733233957772
list:
dist: 2.2592174968002157 vs. 2.2592174968002157
list:
dist: 4.4824259656549765 vs. 4.4824259656549765
list:
dist: 4.66529029858813 vs. 4.66529029858813
list:
dist: 4.38639941832504 vs. 4.38639941832504
list:
dist: 3.290784294848517 vs. 3.290784294848517
list:
dist: 2.574783422422536 vs. 2.574783422422536
list:
dist: 2.106662563299928 vs. 2.106662563299928
list:
dist: 2.7088351933258097 vs. 2.7088351933258097
list:
dist: 1.79026143899452 vs. 1.79026143899452
list:
dist: 1.3688790272816154 vs. 1.3688790272816154
list:
dist: 2.054539593744993 vs. 2.054539593744993
list:
dist: 3.6632244099564724 vs. 3.6632244099564724
list:
dist: 2.3357770188609592 vs. 2.3357770188609592
list:
dist: 1.7594687451955275 vs. 1.7594687451955275
list:
dist: 3.41028136726475 vs. 3.41028136726475
list:
dist: 3.6575098946260622 vs. 3.6575098946260622
list:
dist: 4.477379745967093 vs. 4.477379745967093
list:
dist: 2.548561355859092 vs. 2.548561355859092
list:
dist: 3.140152121564741 vs. 3.140152121564741
list:
dist: 4.006698582245818 vs. 4.006698582245818
list:
dist: 3.819587457213792 vs. 3.819587457213792
list:
dist: 3.4353507569525688 vs. 3.4353507569525688
list:
dist: 2.9473871926526383 vs. 2.9473871926526383
list:
dist: 2.4179888145578836 vs. 2.4179888145578836
list:
dist: 2.1992740875519265 vs. 2.1992740875519265
list:
dist: 1.7680282643081124 vs. 1.7680282643081124
list:
dist: 2.084408464888401 vs. 2.084408464888401
list:
dist: 3.178154522752898 vs. 3.178154522752898
list:
dist: 1.3338316033593869 vs. 1.3338316033593869
list:
dist: 1.62382788326254 vs. 1.62382788326254
list:
dist: 0.8503582872809581 vs. 0.8503582872809581
list:
dist: 2.381531584958439 vs. 2.381531584958439
list:
dist: 1.6074964419053015 vs. 1.6074964419053015
list:
dist: 2.7088351933258097 vs. 2.7088351933258097
list:
dist: 2.15541161943545 vs. 2.15541161943545
list:
dist: 3.1222889681196895 vs. 3.1222889681196895
list:
dist: 2.4541138233968636 vs. 2.4541138233968636
list:
dist: 1.8025533204825448 vs. 1.8025533204825448
list:
dist: 0.579004889605199 vs. 0.579004889605199
list:
dist: 1.7349821206358451 vs. 1.7349821206358451
list:
dist: 2.3419250650922416 vs. 2.3419250650922416
list:
dist: 3.019456929518024 vs. 3.019456929518024
list:
dist: 3.6531547100840926 vs. 3.6531547100840926
list:
dist: 1.786868315545984 vs. 1.786868315545984
list:
dist: 2.14551185860172 vs. 2.14551185860172
list:
dist: 2.5691912963689094 vs. 2.5691912963689094
list:
dist: 2.727925735030025 vs. 2.727925735030025
list:
dist: 2.360140279115161 vs. 2.360140279115161
list:
dist: 2.589199899922575 vs. 2.589199899922575
list:
dist: 2.1927379928727726 vs. 2.1927379928727726
list:
dist: 1.543579601625369 vs. 1.543579601625369
list:
dist: 2.013956774920496 vs. 2.013956774920496
list:
dist: 1.645860307379949 vs. 1.645860307379949
list:
dist: 2.7676446043386114 vs. 2.7676446043386114
list:
dist: 1.2092045116167303 vs. 1.2092045116167303
list:
dist: 1.3648186821225363 vs. 1.3648186821225363
list:
dist: 1.62382788326254 vs. 1.62382788326254
list:
dist: 1.3007198030879659 vs. 1.3007198030879659
list:
dist: 1.4258619714592684 vs. 1.4258619714592684
list:
dist: 2.574783422422536 vs. 2.574783422422536
list:
dist: 1.6221717031827245 vs. 1.6221717031827245
list:
dist: 3.315861043992961 vs. 3.315861043992961
list:
dist: 3.3211651844009076 vs. 3.3211651844009076
list:
dist: 2.2369754157951687 vs. 2.2369754157951687
list:
dist: 1.7584034763424303 vs. 1.7584034763424303
list:
dist: 2.2653649077055182 vs. 2.2653649077055182
list:
dist: 2.311345695564907 vs. 2.311345695564907
list:
dist: 1.5973245635653532 vs. 1.5973245635653532
list:
dist: 2.1891459514219815 vs. 2.1891459514219815
list:
dist: 1.7378772033376528 vs. 1.7378772033376528
list:
dist: 2.3668167310436217 vs. 2.3668167310436217
list:
dist: 3.1461411828306813 vs. 3.1461411828306813
list:
dist: 1.1744093964632343 vs. 1.1744093964632343
list:
dist: 2.2369754157951687 vs. 2.2369754157951687
list:
dist: 2.4517993481405314 vs. 2.4517993481405314
list:
dist: 1.8025533204825448 vs. 1.8025533204825448
list:
dist: 3.32229296567594 vs. 3.32229296567594
list:
dist: 2.356214299090209 vs. 2.356214299090209
list:
dist: 3.6632244099564724 vs. 3.6632244099564724
list:
dist: 3.5610041057763056 vs. 3.5610041057763056
list:
dist: 1.9462475547795002 vs. 1.9462475547795002
list:
dist: 1.4393429979402437 vs. 1.4393429979402437
list:
dist: 1.7496121588045215 vs. 1.7496121588045215
list:
dist: 2.150924777479115 vs. 2.150924777479115
list:
dist: 2.0228491554945296 vs. 2.0228491554945296
list:
dist: 2.0125009549745823 vs. 2.0125009549745823
list:
dist: 3.6259732046589375 vs. 3.6259732046589375
list:
dist: 1.7340281734798193 vs. 1.7340281734798193
list:
dist: 2.6002578838498525 vs. 2.6002578838498525
list:
dist: 3.56049825421849 vs. 3.56049825421849
list:
dist: 3.639861768587804 vs. 3.639861768587804
list:
dist: 3.2831722439106676 vs. 3.2831722439106676
list:
dist: 0.7201530214339436 vs. 0.7201530214339436
list:
dist: 1.0720349576729884 vs. 1.0720349576729884
list:
dist: 1.011880896696999 vs. 1.011880896696999
list:
dist: 1.3391494963786152 vs. 1.3391494963786152
list:
dist: 1.6798635237605943 vs. 1.6798635237605943
list:
dist: 1.2335252590473573 vs. 1.2335252590473573
list:
dist: 2.1927379928727726 vs. 2.1927379928727726
list:
dist: 2.916004125060601 vs. 2.916004125060601
list:
dist: 2.4179888145578836 vs. 2.4179888145578836
list:
dist: 1.1967020497940593 vs. 1.1967020497940593
list:
dist: 1.9544485907224685 vs. 1.9544485907224685
list:
dist: 1.5973245635653532 vs. 1.5973245635653532
list:
dist: 2.6930867261378135 vs. 2.6930867261378135
list:
dist: 2.435995904809728 vs. 2.435995904809728
list:
dist: 1.9544485907224685 vs. 1.9544485907224685
list:
dist: 2.745494303142444 vs. 2.745494303142444
list:
dist: 1.8491206298650509 vs. 1.8491206298650509
list:
dist: 2.77353383865003 vs. 2.77353383865003
list:
dist: 3.178037279912125 vs. 3.178037279912125
list:
dist: 2.134858961927261 vs. 2.134858961927261
list:
dist: 3.3211651844009076 vs. 3.3211651844009076
list:
dist: 3.2811876866062613 vs. 3.2811876866062613
list:
dist: 2.4541138233968636 vs. 2.4541138233968636
list:
dist: 1.4718852524396773 vs. 1.4718852524396773
list:
dist: 1.4393429979402437 vs. 1.4393429979402437
list:
dist: 2.5958699560632454 vs. 2.5958699560632454
list:
dist: 2.934731669114113 vs. 2.934731669114113
list:
dist: 2.7771576449178696 vs. 2.7771576449178696
list:
dist: 2.5123632995794445 vs. 2.5123632995794445
list:
dist: 2.628600652555858 vs. 2.628600652555858
list:
dist: 1.6221717031827245 vs. 1.6221717031827245
list:
dist: 1.3394952432305298 vs. 1.3394952432305298
list:
dist: 2.15541161943545 vs. 2.15541161943545
list:
dist: 0.9960593648143455 vs. 0.9960593648143455
list:
dist: 1.785561175141099 vs. 1.785561175141099
list:
dist: 2.054539593744993 vs. 2.054539593744993
list:
dist: 3.5610041057763056 vs. 3.5610041057763056
list:
dist: 2.2627593500447274 vs. 2.2627593500447274
list:
dist: 2.6885404030546014 vs. 2.6885404030546014
list:
dist: 3.2950696419633214 vs. 3.2950696419633214
list:
dist: 2.6930867261378135 vs. 2.6930867261378135
list:
dist: 2.5728148131065107 vs. 2.5728148131065107
list:
dist: 2.2035864328028656 vs. 2.2035864328028656
list:
dist: 2.5347964024879173 vs. 2.5347964024879173
list:
dist: 3.647428365242293 vs. 3.647428365242293
list:
dist: 1.5390733233957772 vs. 1.5390733233957772
list:
dist: 1.7584034763424303 vs. 1.7584034763424303
list:
dist: 0.9692445874381694 vs. 0.9692445874381694
list:
dist: 0.579004889605199 vs. 0.579004889605199
list:
dist: 2.344912788701593 vs. 2.344912788701593
list:
dist: 1.2635092883920371 vs. 1.2635092883920371
list:
dist: 2.3357770188609592 vs. 2.3357770188609592
list:
dist: 2.2627593500447274 vs. 2.2627593500447274
list:
dist: 3.368650835720912 vs. 3.368650835720912
list:
dist: 2.5958699560632454 vs. 2.5958699560632454
list:
dist: 1.7496121588045215 vs. 1.7496121588045215
list:
dist: 1.1664703561336351 vs. 1.1664703561336351
list:
dist: 3.798357353931429 vs. 3.798357353931429
list:
dist: 3.980206872569647 vs. 3.980206872569647
list:
dist: 3.6372276785823376 vs. 3.6372276785823376
list:
dist: 1.9352698516797677 vs. 1.9352698516797677
list:
dist: 1.4258619714592684 vs. 1.4258619714592684
list:
dist: 1.2312151370081814 vs. 1.2312151370081814
list:
dist: 1.6074964419053015 vs. 1.6074964419053015
list:
dist: 1.4132057247149379 vs. 1.4132057247149379
list:
dist: 1.3688790272816154 vs. 1.3688790272816154
list:
dist: 1.785561175141099 vs. 1.785561175141099
list:
dist: 2.356214299090209 vs. 2.356214299090209
list:
dist: 1.2635092883920371 vs. 1.2635092883920371
list:
dist: 1.045411038100649 vs. 1.045411038100649
list:
dist: 2.6956960561997665 vs. 2.6956960561997665
list:
dist: 2.932072325888591 vs. 2.932072325888591
list:
dist: 2.664169622421331 vs. 2.664169622421331
list:
dist: 2.4563870042322518 vs. 2.4563870042322518
list:
dist: 1.3007198030879659 vs. 1.3007198030879659
list:
dist: 1.682152623566754 vs. 1.682152623566754
list:
dist: 2.381531584958439 vs. 2.381531584958439
list:
dist: 1.4132057247149379 vs. 1.4132057247149379
list:
dist: 1.79026143899452 vs. 1.79026143899452
list:
dist: 0.9960593648143455 vs. 0.9960593648143455
list:
dist: 3.32229296567594 vs. 3.32229296567594
list:
dist: 2.344912788701593 vs. 2.344912788701593
list:
dist: 2.4528525115317965 vs. 2.4528525115317965
list:
dist: 2.2592174968002157 vs. 2.2592174968002157
list:
dist: 2.2653649077055182 vs. 2.2653649077055182
list:
dist: 1.7600927141256921 vs. 1.7600927141256921
list:
dist: 1.7349821206358451 vs. 1.7349821206358451
list:
dist: 2.4528525115317965 vs. 2.4528525115317965
list:
dist: 1.045411038100649 vs. 1.045411038100649
list:
dist: 1.7594687451955275 vs. 1.7594687451955275
list:
dist: 2.6885404030546014 vs. 2.6885404030546014
list:
dist: 2.150924777479115 vs. 2.150924777479115
list:
dist: 1.1664703561336351 vs. 1.1664703561336351
list:
dist: 3.441914309838993 vs. 3.441914309838993
list:
dist: 3.869269846103048 vs. 3.869269846103048
list:
dist: 4.377445093221301 vs. 4.377445093221301
list:
dist: 2.6102789752829576 vs. 2.6102789752829576
list:
dist: 2.9809172229047562 vs. 2.9809172229047562
list:
dist: 3.6243258043282363 vs. 3.6243258043282363
list:
dist: 3.4505891774797135 vs. 3.4505891774797135
list:
dist: 3.093371953623786 vs. 3.093371953623786
list:
dist: 3.3835120244713797 vs. 3.3835120244713797
list:
dist: 2.916004125060601 vs. 2.916004125060601
list:
dist: 2.4207293614859093 vs. 2.4207293614859093
list:
dist: 2.319420250618491 vs. 2.319420250618491
list:
dist: 2.302627235052066 vs. 2.302627235052066
list:
dist: 3.462774311445968 vs. 3.462774311445968
list:
dist: 1.7486253266804517 vs. 1.7486253266804517
list:
dist: 1.3648186821225363 vs. 1.3648186821225363
list:
dist: 0.8503582872809581 vs. 0.8503582872809581
list:
dist: 1.682152623566754 vs. 1.682152623566754
list:
dist: 1.2312151370081814 vs. 1.2312151370081814
list:
dist: 2.106662563299928 vs. 2.106662563299928
list:
dist: 1.3394952432305298 vs. 1.3394952432305298
list:
dist: 3.7995257589592026 vs. 3.7995257589592026
list:
dist: 3.2811876866062613 vs. 3.2811876866062613
list:
dist: 2.4517993481405314 vs. 2.4517993481405314
list:
dist: 0.9692445874381694 vs. 0.9692445874381694
list:
dist: 1.7600927141256921 vs. 1.7600927141256921
list:
dist: 1.2793767015426163 vs. 1.2793767015426163
list:
dist: 1.064509440405705 vs. 1.064509440405705
list:
dist: 0.6805505651984337 vs. 0.6805505651984337
list:
dist: 1.6148442676354402 vs. 1.6148442676354402
list:
dist: 2.2883124506951216 vs. 2.2883124506951216
list:
dist: 1.6425019198169588 vs. 1.6425019198169588
list:
dist: 2.453835666875909 vs. 2.453835666875909
list:
dist: 3.221880360754102 vs. 3.221880360754102
list:
dist: 2.56428524166718 vs. 2.56428524166718
list:
dist: 4.259644486362299 vs. 4.259644486362299
list:
dist: 3.20027060488798 vs. 3.20027060488798
list:
dist: 3.5755477160822475 vs. 3.5755477160822475
list:
dist: 4.161243375476953 vs. 4.161243375476953
list:
dist: 1.9303527984420898 vs. 1.9303527984420898
list:
dist: 1.2862137616392106 vs. 1.2862137616392106
list:
dist: 1.064509440405705 vs. 1.064509440405705
list:
dist: 1.889019986934271 vs. 1.889019986934271
list:
dist: 3.055048074188762 vs. 3.055048074188762
list:
dist: 2.674300208313705 vs. 2.674300208313705
list:
dist: 3.4174473450996423 vs. 3.4174473450996423
list:
dist: 3.6244773159855455 vs. 3.6244773159855455
list:
dist: 3.118207228282573 vs. 3.118207228282573
list:
dist: 4.806401150726377 vs. 4.806401150726377
list:
dist: 4.093071662770514 vs. 4.093071662770514
list:
dist: 4.217568886551436 vs. 4.217568886551436
list:
dist: 4.909860293535463 vs. 4.909860293535463
list:
dist: 1.3180364625747758 vs. 1.3180364625747758
list:
dist: 2.674300208313705 vs. 2.674300208313705
list:
dist: 1.6408938557874937 vs. 1.6408938557874937
list:
dist: 1.6425019198169588 vs. 1.6425019198169588
list:
dist: 2.366504869463155 vs. 2.366504869463155
list:
dist: 1.615983947257937 vs. 1.615983947257937
list:
dist: 1.0472304867678295 vs. 1.0472304867678295
list:
dist: 3.3251785301324777 vs. 3.3251785301324777
list:
dist: 2.5034756333925547 vs. 2.5034756333925547
list:
dist: 3.8545413668423234 vs. 3.8545413668423234
list:
dist: 2.206474956908125 vs. 2.206474956908125
list:
dist: 3.2276633171086635 vs. 3.2276633171086635
list:
dist: 3.4502934886026213 vs. 3.4502934886026213
list:
dist: 2.8513397424332685 vs. 2.8513397424332685
list:
dist: 2.2440749176223034 vs. 2.2440749176223034
list:
dist: 1.9005976245348903 vs. 1.9005976245348903
list:
dist: 3.212164516610592 vs. 3.212164516610592
list:
dist: 3.689875968131542 vs. 3.689875968131542
list:
dist: 3.043671101220915 vs. 3.043671101220915
list:
dist: 2.7594750283012934 vs. 2.7594750283012934
list:
dist: 3.6050090033559243 vs. 3.6050090033559243
list:
dist: 3.5756053587120524 vs. 3.5756053587120524
list:
dist: 3.734092391060858 vs. 3.734092391060858
list:
dist: 3.2765436100645307 vs. 3.2765436100645307
list:
dist: 4.5494807741579955 vs. 4.5494807741579955
list:
dist: 3.6244773159855455 vs. 3.6244773159855455
list:
dist: 2.7424348105332212 vs. 2.7424348105332212
list:
dist: 3.221880360754102 vs. 3.221880360754102
list:
dist: 1.7468260443341086 vs. 1.7468260443341086
list:
dist: 2.1288495605126987 vs. 2.1288495605126987
list:
dist: 3.3251785301324777 vs. 3.3251785301324777
list:
dist: 3.0189896354991808 vs. 3.0189896354991808
list:
dist: 0.8507840322461385 vs. 0.8507840322461385
list:
dist: 1.4566620097446474 vs. 1.4566620097446474
list:
dist: 2.174371364574497 vs. 2.174371364574497
list:
dist: 1.086573972209219 vs. 1.086573972209219
list:
dist: 1.9046465332354423 vs. 1.9046465332354423
list:
dist: 3.669994010644706 vs. 3.669994010644706
list:
dist: 3.9752723674743415 vs. 3.9752723674743415
list:
dist: 4.412215096399362 vs. 4.412215096399362
list:
dist: 4.196841475846971 vs. 4.196841475846971
list:
dist: 2.7157768707630248 vs. 2.7157768707630248
list:
dist: 3.9017890942283375 vs. 3.9017890942283375
list:
dist: 2.7098593415327956 vs. 2.7098593415327956
list:
dist: 3.3386732266803216 vs. 3.3386732266803216
list:
dist: 3.5294287150933528 vs. 3.5294287150933528
list:
dist: 4.217568886551436 vs. 4.217568886551436
list:
dist: 3.185817650727849 vs. 3.185817650727849
list:
dist: 3.5755477160822475 vs. 3.5755477160822475
list:
dist: 2.427713466900921 vs. 2.427713466900921
list:
dist: 2.17594862875749 vs. 2.17594862875749
list:
dist: 3.2276633171086635 vs. 3.2276633171086635
list:
dist: 2.7631972746556315 vs. 2.7631972746556315
list:
dist: 1.086573972209219 vs. 1.086573972209219
list:
dist: 1.2571603571409358 vs. 1.2571603571409358
list:
dist: 1.2647023092188188 vs. 1.2647023092188188
list:
dist: 1.4958101127622474 vs. 1.4958101127622474
list:
dist: 0.9521600675372529 vs. 0.9521600675372529
list:
dist: 3.1199320731852804 vs. 3.1199320731852804
list:
dist: 3.43594317155662 vs. 3.43594317155662
list:
dist: 3.678769309043984 vs. 3.678769309043984
list:
dist: 3.6039866070427835 vs. 3.6039866070427835
list:
dist: 3.613778101003065 vs. 3.613778101003065
list:
dist: 3.6391106875794224 vs. 3.6391106875794224
list:
dist: 2.429825531179931 vs. 2.429825531179931
list:
dist: 3.093486526987305 vs. 3.093486526987305
list:
dist: 1.8773695566951765 vs. 1.8773695566951765
list:
dist: 2.7850356363652145 vs. 2.7850356363652145
list:
dist: 2.669526718899176 vs. 2.669526718899176
list:
dist: 1.889019986934271 vs. 1.889019986934271
list:
dist: 1.1275624402472735 vs. 1.1275624402472735
list:
dist: 1.6148442676354402 vs. 1.6148442676354402
list:
dist: 1.777819477733954 vs. 1.777819477733954
list:
dist: 2.366504869463155 vs. 2.366504869463155
list:
dist: 2.570625576215024 vs. 2.570625576215024
list:
dist: 1.7468260443341086 vs. 1.7468260443341086
list:
dist: 1.2874535194045291 vs. 1.2874535194045291
list:
dist: 2.9455628621328556 vs. 2.9455628621328556
list:
dist: 2.639443668736102 vs. 2.639443668736102
list:
dist: 2.427713466900921 vs. 2.427713466900921
list:
dist: 3.166958063637335 vs. 3.166958063637335
list:
dist: 3.7378408870627857 vs. 3.7378408870627857
list:
dist: 4.348455891814872 vs. 4.348455891814872
list:
dist: 2.075018538075159 vs. 2.075018538075159
list:
dist: 3.055048074188762 vs. 3.055048074188762
list:
dist: 1.776120158303882 vs. 1.776120158303882
list:
dist: 2.2883124506951216 vs. 2.2883124506951216
list:
dist: 1.777819477733954 vs. 1.777819477733954
list:
dist: 1.615983947257937 vs. 1.615983947257937
list:
dist: 1.0767217294724827 vs. 1.0767217294724827
list:
dist: 2.1288495605126987 vs. 2.1288495605126987
list:
dist: 1.3066858362545322 vs. 1.3066858362545322
list:
dist: 2.4046153480549086 vs. 2.4046153480549086
list:
dist: 1.4293028275715576 vs. 1.4293028275715576
list:
dist: 2.17594862875749 vs. 2.17594862875749
list:
dist: 2.3661736501646637 vs. 2.3661736501646637
list:
dist: 2.8983932531608034 vs. 2.8983932531608034
list:
dist: 2.0160560213455523 vs. 2.0160560213455523
list:
dist: 2.2324169026684464 vs. 2.2324169026684464
list:
dist: 3.02928737882305 vs. 3.02928737882305
list:
dist: 2.959222944155007 vs. 2.959222944155007
list:
dist: 2.186697832301289 vs. 2.186697832301289
list:
dist: 2.966575978562223 vs. 2.966575978562223
list:
dist: 2.6494410555006196 vs. 2.6494410555006196
list:
dist: 2.28494828166035 vs. 2.28494828166035
list:
dist: 3.5319796594714306 vs. 3.5319796594714306
list:
dist: 1.2406583647090468 vs. 1.2406583647090468
list:
dist: 1.2862137616392106 vs. 1.2862137616392106
list:
dist: 0.6805505651984337 vs. 0.6805505651984337
list:
dist: 1.1275624402472735 vs. 1.1275624402472735
list:
dist: 1.776120158303882 vs. 1.776120158303882
list:
dist: 1.6408938557874937 vs. 1.6408938557874937
list:
dist: 2.1880304010319724 vs. 2.1880304010319724
list:
dist: 2.7424348105332212 vs. 2.7424348105332212
list:
dist: 2.0584035767584457 vs. 2.0584035767584457
list:
dist: 3.7227911201355433 vs. 3.7227911201355433
list:
dist: 2.86428730499235 vs. 2.86428730499235
list:
dist: 3.185817650727849 vs. 3.185817650727849
list:
dist: 3.7586508256948705 vs. 3.7586508256948705
list:
dist: 3.118207228282573 vs. 3.118207228282573
list:
dist: 2.0584035767584457 vs. 2.0584035767584457
list:
dist: 2.56428524166718 vs. 2.56428524166718
list:
dist: 1.2874535194045291 vs. 1.2874535194045291
list:
dist: 1.3066858362545322 vs. 1.3066858362545322
list:
dist: 2.5034756333925547 vs. 2.5034756333925547
list:
dist: 2.2049104223839704 vs. 2.2049104223839704
list:
dist: 0.8507840322461385 vs. 0.8507840322461385
list:
dist: 1.7206754780827525 vs. 1.7206754780827525
list:
dist: 1.64194423054724 vs. 1.64194423054724
list:
dist: 1.2571603571409358 vs. 1.2571603571409358
list:
dist: 1.9089100910667043 vs. 1.9089100910667043
list:
dist: 2.9944650057564006 vs. 2.9944650057564006
list:
dist: 3.2449872393406918 vs. 3.2449872393406918
list:
dist: 3.8463724375709787 vs. 3.8463724375709787
list:
dist: 3.7205038474758454 vs. 3.7205038474758454
list:
dist: 2.4527244610582533 vs. 2.4527244610582533
list:
dist: 3.496075843211478 vs. 3.496075843211478
list:
dist: 2.5904241364154843 vs. 2.5904241364154843
list:
dist: 2.8980479935658576 vs. 2.8980479935658576
list:
dist: 3.490397633918431 vs. 3.490397633918431
list:
dist: 2.2324169026684464 vs. 2.2324169026684464
list:
dist: 1.9005976245348903 vs. 1.9005976245348903
list:
dist: 1.2452920123927196 vs. 1.2452920123927196
list:
dist: 3.9752723674743415 vs. 3.9752723674743415
list:
dist: 3.2449872393406918 vs. 3.2449872393406918
list:
dist: 3.809098575827019 vs. 3.809098575827019
list:
dist: 1.9453122015563276 vs. 1.9453122015563276
list:
dist: 3.43594317155662 vs. 3.43594317155662
list:
dist: 3.1161892761197905 vs. 3.1161892761197905
list:
dist: 1.7328149571130118 vs. 1.7328149571130118
list:
dist: 0.7328142581379309 vs. 0.7328142581379309
list:
dist: 1.3847324010152715 vs. 1.3847324010152715
list:
dist: 2.192587832289749 vs. 2.192587832289749
list:
dist: 1.5114116256585566 vs. 1.5114116256585566
list:
dist: 0.9783433598918454 vs. 0.9783433598918454
list:
dist: 3.0129848222029643 vs. 3.0129848222029643
list:
dist: 2.054924246012668 vs. 2.054924246012668
list:
dist: 2.919946001974101 vs. 2.919946001974101
list:
dist: 2.1446190973577908 vs. 2.1446190973577908
list:
dist: 3.4722602193508583 vs. 3.4722602193508583
list:
dist: 2.888889176354627 vs. 2.888889176354627
list:
dist: 2.996697588238536 vs. 2.996697588238536
list:
dist: 1.9303527984420898 vs. 1.9303527984420898
list:
dist: 1.2406583647090468 vs. 1.2406583647090468
list:
dist: 1.2793767015426163 vs. 1.2793767015426163
list:
dist: 2.075018538075159 vs. 2.075018538075159
list:
dist: 1.3180364625747758 vs. 1.3180364625747758
list:
dist: 1.9864595616280125 vs. 1.9864595616280125
list:
dist: 2.4021286899825665 vs. 2.4021286899825665
list:
dist: 4.093071662770514 vs. 4.093071662770514
list:
dist: 2.86428730499235 vs. 2.86428730499235
list:
dist: 3.20027060488798 vs. 3.20027060488798
list:
dist: 2.639443668736102 vs. 2.639443668736102
list:
dist: 1.4293028275715576 vs. 1.4293028275715576
list:
dist: 2.206474956908125 vs. 2.206474956908125
list:
dist: 1.4847008839410343 vs. 1.4847008839410343
list:
dist: 2.174371364574497 vs. 2.174371364574497
list:
dist: 1.64194423054724 vs. 1.64194423054724
list:
dist: 2.033432238535951 vs. 2.033432238535951
list:
dist: 1.4958101127622474 vs. 1.4958101127622474
list:
dist: 1.2993425877766995 vs. 1.2993425877766995
list:
dist: 1.655196774306304 vs. 1.655196774306304
list:
dist: 1.9453122015563276 vs. 1.9453122015563276
list:
dist: 2.3124237202640403 vs. 2.3124237202640403
list:
dist: 2.4806958989522223 vs. 2.4806958989522223
list:
dist: 2.322959516374168 vs. 2.322959516374168
list:
dist: 2.2154531173769305 vs. 2.2154531173769305
list:
dist: 2.020358822013088 vs. 2.020358822013088
list:
dist: 2.0057033239129924 vs. 2.0057033239129924
list:
dist: 1.584214279713309 vs. 1.584214279713309
list:
dist: 1.785453344849498 vs. 1.785453344849498
list:
dist: 2.434885246859068 vs. 2.434885246859068
list:
dist: 4.806401150726377 vs. 4.806401150726377
list:
dist: 3.7227911201355433 vs. 3.7227911201355433
list:
dist: 4.259644486362299 vs. 4.259644486362299
list:
dist: 2.9455628621328556 vs. 2.9455628621328556
list:
dist: 2.4046153480549086 vs. 2.4046153480549086
list:
dist: 3.8545413668423234 vs. 3.8545413668423234
list:
dist: 3.1603894341371412 vs. 3.1603894341371412
list:
dist: 1.4566620097446474 vs. 1.4566620097446474
list:
dist: 1.7206754780827525 vs. 1.7206754780827525
list:
dist: 2.033432238535951 vs. 2.033432238535951
list:
dist: 1.2647023092188188 vs. 1.2647023092188188
list:
dist: 1.2082714346054393 vs. 1.2082714346054393
list:
dist: 3.285020858396802 vs. 3.285020858396802
list:
dist: 3.809098575827019 vs. 3.809098575827019
list:
dist: 3.784544802633403 vs. 3.784544802633403
list:
dist: 3.2769995412197503 vs. 3.2769995412197503
list:
dist: 1.6405622825716177 vs. 1.6405622825716177
list:
dist: 3.0387466847322546 vs. 3.0387466847322546
list:
dist: 1.6427156030282095 vs. 1.6427156030282095
list:
dist: 2.436533025906776 vs. 2.436533025906776
list:
dist: 2.3230105787494946 vs. 2.3230105787494946
list:
dist: 4.909860293535463 vs. 4.909860293535463
list:
dist: 3.7586508256948705 vs. 3.7586508256948705
list:
dist: 4.161243375476953 vs. 4.161243375476953
list:
dist: 3.166958063637335 vs. 3.166958063637335
list:
dist: 2.3661736501646637 vs. 2.3661736501646637
list:
dist: 3.4502934886026213 vs. 3.4502934886026213
list:
dist: 2.7449342905823904 vs. 2.7449342905823904
list:
dist: 1.9046465332354423 vs. 1.9046465332354423
list:
dist: 1.9089100910667043 vs. 1.9089100910667043
list:
dist: 1.2082714346054393 vs. 1.2082714346054393
list:
dist: 1.2993425877766995 vs. 1.2993425877766995
list:
dist: 0.9521600675372529 vs. 0.9521600675372529
list:
dist: 2.6794181430878097 vs. 2.6794181430878097
list:
dist: 3.1161892761197905 vs. 3.1161892761197905
list:
dist: 3.0199237666320116 vs. 3.0199237666320116
list:
dist: 2.867883786385351 vs. 2.867883786385351
list:
dist: 3.102159905233071 vs. 3.102159905233071
list:
dist: 3.128845579819433 vs. 3.128845579819433
list:
dist: 1.9109479536164327 vs. 1.9109479536164327
list:
dist: 2.2818643488871784 vs. 2.2818643488871784
list:
dist: 0.9500587821399467 vs. 0.9500587821399467
list:
dist: 2.100956624493667 vs. 2.100956624493667
list:
dist: 1.7244320505317718 vs. 1.7244320505317718
list:
dist: 3.043671101220915 vs. 3.043671101220915
list:
dist: 2.4950027755278783 vs. 2.4950027755278783
list:
dist: 2.322959516374168 vs. 2.322959516374168
list:
dist: 3.613778101003065 vs. 3.613778101003065
list:
dist: 3.102159905233071 vs. 3.102159905233071
list:
dist: 3.7378408870627857 vs. 3.7378408870627857
list:
dist: 2.950225058566079 vs. 2.950225058566079
list:
dist: 1.7082547666014036 vs. 1.7082547666014036
list:
dist: 1.5114116256585566 vs. 1.5114116256585566
list:
dist: 1.3199946290353552 vs. 1.3199946290353552
list:
dist: 2.509783217986088 vs. 2.509783217986088
list:
dist: 0.6688096976342375 vs. 0.6688096976342375
list:
dist: 1.8051003991986416 vs. 1.8051003991986416
list:
dist: 2.8232186500628482 vs. 2.8232186500628482
list:
dist: 2.5801564717224843 vs. 2.5801564717224843
list:
dist: 3.085806172081142 vs. 3.085806172081142
list:
dist: 2.9597652886899555 vs. 2.9597652886899555
list:
dist: 2.673744194588571 vs. 2.673744194588571
list:
dist: 2.6494410555006196 vs. 2.6494410555006196
list:
dist: 3.734092391060858 vs. 3.734092391060858
list:
dist: 2.842716465420305 vs. 2.842716465420305
list:
dist: 2.7098593415327956 vs. 2.7098593415327956
list:
dist: 2.5904241364154843 vs. 2.5904241364154843
list:
dist: 1.6427156030282095 vs. 1.6427156030282095
list:
dist: 1.584214279713309 vs. 1.584214279713309
list:
dist: 1.8773695566951765 vs. 1.8773695566951765
list:
dist: 0.9500587821399467 vs. 0.9500587821399467
list:
dist: 2.3492192906322322 vs. 2.3492192906322322
list:
dist: 2.919946001974101 vs. 2.919946001974101
list:
dist: 2.441159406488996 vs. 2.441159406488996
list:
dist: 2.0948077858155707 vs. 2.0948077858155707
list:
dist: 2.8232186500628482 vs. 2.8232186500628482
list:
dist: 2.778956655263273 vs. 2.778956655263273
list:
dist: 1.4955517752398038 vs. 1.4955517752398038
list:
dist: 1.536462861670526 vs. 1.536462861670526
list:
dist: 1.4367612650743131 vs. 1.4367612650743131
list:
dist: 0.9153144569473374 vs. 0.9153144569473374
list:
dist: 3.01812644931281 vs. 3.01812644931281
list:
dist: 1.8450207067051554 vs. 1.8450207067051554
list:
dist: 1.9864595616280125 vs. 1.9864595616280125
list:
dist: 3.4174473450996423 vs. 3.4174473450996423
list:
dist: 2.1880304010319724 vs. 2.1880304010319724
list:
dist: 2.453835666875909 vs. 2.453835666875909
list:
dist: 2.570625576215024 vs. 2.570625576215024
list:
dist: 1.0767217294724827 vs. 1.0767217294724827
list:
dist: 1.0472304867678295 vs. 1.0472304867678295
list:
dist: 3.0189896354991808 vs. 3.0189896354991808
list:
dist: 2.2049104223839704 vs. 2.2049104223839704
list:
dist: 3.1603894341371412 vs. 3.1603894341371412
list:
dist: 1.4847008839410343 vs. 1.4847008839410343
list:
dist: 2.7631972746556315 vs. 2.7631972746556315
list:
dist: 2.7449342905823904 vs. 2.7449342905823904
list:
dist: 2.2013643783595573 vs. 2.2013643783595573
list:
dist: 1.3042997227547393 vs. 1.3042997227547393
list:
dist: 1.2452920123927196 vs. 1.2452920123927196
list:
dist: 2.3483094455893614 vs. 2.3483094455893614
list:
dist: 2.6651299301052 vs. 2.6651299301052
list:
dist: 2.4950027755278783 vs. 2.4950027755278783
list:
dist: 2.104845699824052 vs. 2.104845699824052
list:
dist: 2.643296532478704 vs. 2.643296532478704
list:
dist: 2.617165950614663 vs. 2.617165950614663
list:
dist: 2.842716465420305 vs. 2.842716465420305
list:
dist: 2.2345344375817406 vs. 2.2345344375817406
list:
dist: 3.62782150701175 vs. 3.62782150701175
list:
dist: 2.8983932531608034 vs. 2.8983932531608034
list:
dist: 2.8513397424332685 vs. 2.8513397424332685
list:
dist: 2.2013643783595573 vs. 2.2013643783595573
list:
dist: 1.668502877695891 vs. 1.668502877695891
list:
dist: 1.7328149571130118 vs. 1.7328149571130118
list:
dist: 2.0835757672474498 vs. 2.0835757672474498
list:
dist: 2.1895914731469723 vs. 2.1895914731469723
list:
dist: 2.950225058566079 vs. 2.950225058566079
list:
dist: 2.283435951906374 vs. 2.283435951906374
list:
dist: 2.4021286899825665 vs. 2.4021286899825665
list:
dist: 2.5322342404158364 vs. 2.5322342404158364
list:
dist: 2.966575978562223 vs. 2.966575978562223
list:
dist: 3.5756053587120524 vs. 3.5756053587120524
list:
dist: 2.617165950614663 vs. 2.617165950614663
list:
dist: 3.9017890942283375 vs. 3.9017890942283375
list:
dist: 3.496075843211478 vs. 3.496075843211478
list:
dist: 3.0387466847322546 vs. 3.0387466847322546
list:
dist: 2.0057033239129924 vs. 2.0057033239129924
list:
dist: 3.093486526987305 vs. 3.093486526987305
list:
dist: 2.2818643488871784 vs. 2.2818643488871784
list:
dist: 1.5059229026435677 vs. 1.5059229026435677
list:
dist: 2.054924246012668 vs. 2.054924246012668
list:
dist: 1.018460827713179 vs. 1.018460827713179
list:
dist: 1.0521222598507776 vs. 1.0521222598507776
list:
dist: 1.8051003991986416 vs. 1.8051003991986416
list:
dist: 1.6171193882385488 vs. 1.6171193882385488
list:
dist: 2.113747708382313 vs. 2.113747708382313
list:
dist: 1.536462861670526 vs. 1.536462861670526
list:
dist: 1.1022227178830808 vs. 1.1022227178830808
list:
dist: 1.629886364272691 vs. 1.629886364272691
list:
dist: 1.7656917532535301 vs. 1.7656917532535301
list:
dist: 1.0118423764886393 vs. 1.0118423764886393
list:
dist: 2.402841212097292 vs. 2.402841212097292
list:
dist: 2.996697588238536 vs. 2.996697588238536
list:
dist: 1.7814610124443158 vs. 1.7814610124443158
list:
dist: 1.2385118003954212 vs. 1.2385118003954212
list:
dist: 2.673744194588571 vs. 2.673744194588571
list:
dist: 2.5171659790666996 vs. 2.5171659790666996
list:
dist: 2.3010884155896263 vs. 2.3010884155896263
list:
dist: 1.0118423764886393 vs. 1.0118423764886393
list:
dist: 1.8450207067051554 vs. 1.8450207067051554
list:
dist: 1.5357885709042665 vs. 1.5357885709042665
list:
dist: 1.4523786343089025 vs. 1.4523786343089025
list:
dist: 1.4660588817850384 vs. 1.4660588817850384
list:
dist: 2.186697832301289 vs. 2.186697832301289
list:
dist: 3.6050090033559243 vs. 3.6050090033559243
list:
dist: 2.643296532478704 vs. 2.643296532478704
list:
dist: 2.7157768707630248 vs. 2.7157768707630248
list:
dist: 2.4527244610582533 vs. 2.4527244610582533
list:
dist: 1.6405622825716177 vs. 1.6405622825716177
list:
dist: 2.020358822013088 vs. 2.020358822013088
list:
dist: 2.429825531179931 vs. 2.429825531179931
list:
dist: 1.9109479536164327 vs. 1.9109479536164327
list:
dist: 2.3266366410337795 vs. 2.3266366410337795
list:
dist: 3.0129848222029643 vs. 3.0129848222029643
list:
dist: 2.7496406078902136 vs. 2.7496406078902136
list:
dist: 1.8787237528864322 vs. 1.8787237528864322
list:
dist: 2.113747708382313 vs. 2.113747708382313
list:
dist: 1.4955517752398038 vs. 1.4955517752398038
list:
dist: 1.1348615546616119 vs. 1.1348615546616119
list:
dist: 2.0480688824234896 vs. 2.0480688824234896
list:
dist: 2.8803294042652903 vs. 2.8803294042652903
list:
dist: 2.3010884155896263 vs. 2.3010884155896263
list:
dist: 2.7594750283012934 vs. 2.7594750283012934
list:
dist: 2.104845699824052 vs. 2.104845699824052
list:
dist: 2.2154531173769305 vs. 2.2154531173769305
list:
dist: 3.6391106875794224 vs. 3.6391106875794224
list:
dist: 3.128845579819433 vs. 3.128845579819433
list:
dist: 4.348455891814872 vs. 4.348455891814872
list:
dist: 2.283435951906374 vs. 2.283435951906374
list:
dist: 1.1550627066803771 vs. 1.1550627066803771
list:
dist: 0.9783433598918454 vs. 0.9783433598918454
list:
dist: 0.8571759554680634 vs. 0.8571759554680634
list:
dist: 2.0672183938236803 vs. 2.0672183938236803
list:
dist: 0.6688096976342375 vs. 0.6688096976342375
list:
dist: 1.6171193882385488 vs. 1.6171193882385488
list:
dist: 2.778956655263273 vs. 2.778956655263273
list:
dist: 2.2062245062200745 vs. 2.2062245062200745
list:
dist: 3.1092261471941205 vs. 3.1092261471941205
list:
dist: 2.5515373890506394 vs. 2.5515373890506394
list:
dist: 2.5171659790666996 vs. 2.5171659790666996
list:
dist: 2.0160560213455523 vs. 2.0160560213455523
list:
dist: 2.2440749176223034 vs. 2.2440749176223034
list:
dist: 1.3042997227547393 vs. 1.3042997227547393
list:
dist: 3.669994010644706 vs. 3.669994010644706
list:
dist: 2.9944650057564006 vs. 2.9944650057564006
list:
dist: 3.285020858396802 vs. 3.285020858396802
list:
dist: 1.655196774306304 vs. 1.655196774306304
list:
dist: 3.1199320731852804 vs. 3.1199320731852804
list:
dist: 2.6794181430878097 vs. 2.6794181430878097
list:
dist: 1.668502877695891 vs. 1.668502877695891
list:
dist: 0.7328142581379309 vs. 0.7328142581379309
list:
dist: 1.0739413819965273 vs. 1.0739413819965273
list:
dist: 1.5281747647761226 vs. 1.5281747647761226
list:
dist: 1.7082547666014036 vs. 1.7082547666014036
list:
dist: 1.1550627066803771 vs. 1.1550627066803771
list:
dist: 2.3266366410337795 vs. 2.3266366410337795
list:
dist: 1.5059229026435677 vs. 1.5059229026435677
list:
dist: 2.3492192906322322 vs. 2.3492192906322322
list:
dist: 1.4182421896989206 vs. 1.4182421896989206
list:
dist: 2.8910462990409953 vs. 2.8910462990409953
list:
dist: 2.3794450153250577 vs. 2.3794450153250577
list:
dist: 2.402841212097292 vs. 2.402841212097292
list:
dist: 3.02928737882305 vs. 3.02928737882305
list:
dist: 3.212164516610592 vs. 3.212164516610592
list:
dist: 2.3483094455893614 vs. 2.3483094455893614
list:
dist: 4.412215096399362 vs. 4.412215096399362
list:
dist: 3.8463724375709787 vs. 3.8463724375709787
list:
dist: 3.784544802633403 vs. 3.784544802633403
list:
dist: 2.3124237202640403 vs. 2.3124237202640403
list:
dist: 3.678769309043984 vs. 3.678769309043984
list:
dist: 3.0199237666320116 vs. 3.0199237666320116
list:
dist: 2.0835757672474498 vs. 2.0835757672474498
list:
dist: 1.0739413819965273 vs. 1.0739413819965273
list:
dist: 1.3847324010152715 vs. 1.3847324010152715
list:
dist: 1.2694752472216002 vs. 1.2694752472216002
list:
dist: 1.3199946290353552 vs. 1.3199946290353552
list:
dist: 0.8571759554680634 vs. 0.8571759554680634
list:
dist: 2.7496406078902136 vs. 2.7496406078902136
list:
dist: 1.018460827713179 vs. 1.018460827713179
list:
dist: 2.441159406488996 vs. 2.441159406488996
list:
dist: 1.6259603924473718 vs. 1.6259603924473718
list:
dist: 2.644712378425613 vs. 2.644712378425613
list:
dist: 1.7159225390466202 vs. 1.7159225390466202
list:
dist: 1.7814610124443158 vs. 1.7814610124443158
list:
dist: 3.5319796594714306 vs. 3.5319796594714306
list:
dist: 4.5494807741579955 vs. 4.5494807741579955
list:
dist: 3.62782150701175 vs. 3.62782150701175
list:
dist: 3.5294287150933528 vs. 3.5294287150933528
list:
dist: 3.490397633918431 vs. 3.490397633918431
list:
dist: 2.3230105787494946 vs. 2.3230105787494946
list:
dist: 2.434885246859068 vs. 2.434885246859068
list:
dist: 2.669526718899176 vs. 2.669526718899176
list:
dist: 1.7244320505317718 vs. 1.7244320505317718
list:
dist: 2.8910462990409953 vs. 2.8910462990409953
list:
dist: 3.4722602193508583 vs. 3.4722602193508583
list:
dist: 2.644712378425613 vs. 2.644712378425613
list:
dist: 2.2273733232235284 vs. 2.2273733232235284
list:
dist: 3.085806172081142 vs. 3.085806172081142
list:
dist: 3.1092261471941205 vs. 3.1092261471941205
list:
dist: 2.0480688824234896 vs. 2.0480688824234896
list:
dist: 1.629886364272691 vs. 1.629886364272691
list:
dist: 0.9153144569473374 vs. 0.9153144569473374
list:
dist: 1.865976011395918 vs. 1.865976011395918
list:
dist: 2.8669603512257527 vs. 2.8669603512257527
list:
dist: 1.4523786343089025 vs. 1.4523786343089025
list:
dist: 2.5322342404158364 vs. 2.5322342404158364
list:
dist: 2.3794450153250577 vs. 2.3794450153250577
list:
dist: 2.888889176354627 vs. 2.888889176354627
list:
dist: 1.7159225390466202 vs. 1.7159225390466202
list:
dist: 1.1196288050655885 vs. 1.1196288050655885
list:
dist: 2.9597652886899555 vs. 2.9597652886899555
list:
dist: 2.5515373890506394 vs. 2.5515373890506394
list:
dist: 2.8803294042652903 vs. 2.8803294042652903
list:
dist: 1.7656917532535301 vs. 1.7656917532535301
list:
dist: 3.01812644931281 vs. 3.01812644931281
list:
dist: 1.969613574450131 vs. 1.969613574450131
list:
dist: 2.8669603512257527 vs. 2.8669603512257527
list:
dist: 1.4660588817850384 vs. 1.4660588817850384
list:
dist: 2.28494828166035 vs. 2.28494828166035
list:
dist: 3.2765436100645307 vs. 3.2765436100645307
list:
dist: 2.2345344375817406 vs. 2.2345344375817406
list:
dist: 3.3386732266803216 vs. 3.3386732266803216
list:
dist: 2.8980479935658576 vs. 2.8980479935658576
list:
dist: 2.436533025906776 vs. 2.436533025906776
list:
dist: 1.785453344849498 vs. 1.785453344849498
list:
dist: 2.7850356363652145 vs. 2.7850356363652145
list:
dist: 2.100956624493667 vs. 2.100956624493667
list:
dist: 1.4182421896989206 vs. 1.4182421896989206
list:
dist: 2.1446190973577908 vs. 2.1446190973577908
list:
dist: 1.6259603924473718 vs. 1.6259603924473718
list:
dist: 0.8652439406952088 vs. 0.8652439406952088
list:
dist: 2.5801564717224843 vs. 2.5801564717224843
list:
dist: 2.2062245062200745 vs. 2.2062245062200745
list:
dist: 1.1348615546616119 vs. 1.1348615546616119
list:
dist: 1.1022227178830808 vs. 1.1022227178830808
list:
dist: 1.4367612650743131 vs. 1.4367612650743131
list:
dist: 1.865976011395918 vs. 1.865976011395918
list:
dist: 1.969613574450131 vs. 1.969613574450131
list:
dist: 1.5357885709042665 vs. 1.5357885709042665
list:
dist: 2.959222944155007 vs. 2.959222944155007
list:
dist: 3.689875968131542 vs. 3.689875968131542
list:
dist: 2.6651299301052 vs. 2.6651299301052
list:
dist: 4.196841475846971 vs. 4.196841475846971
list:
dist: 3.7205038474758454 vs. 3.7205038474758454
list:
dist: 3.2769995412197503 vs. 3.2769995412197503
list:
dist: 2.4806958989522223 vs. 2.4806958989522223
list:
dist: 3.6039866070427835 vs. 3.6039866070427835
list:
dist: 2.867883786385351 vs. 2.867883786385351
list:
dist: 2.1895914731469723 vs. 2.1895914731469723
list:
dist: 1.5281747647761226 vs. 1.5281747647761226
list:
dist: 2.192587832289749 vs. 2.192587832289749
list:
dist: 1.2694752472216002 vs. 1.2694752472216002
list:
dist: 2.509783217986088 vs. 2.509783217986088
list:
dist: 2.0672183938236803 vs. 2.0672183938236803
list:
dist: 1.8787237528864322 vs. 1.8787237528864322
list:
dist: 1.0521222598507776 vs. 1.0521222598507776
list:
dist: 2.0948077858155707 vs. 2.0948077858155707
list:
dist: 0.8652439406952088 vs. 0.8652439406952088
list:
dist: 2.2273733232235284 vs. 2.2273733232235284
list:
dist: 1.1196288050655885 vs. 1.1196288050655885
list:
dist: 1.2385118003954212 vs. 1.2385118003954212
list:
dist: 2.3908949019338697 vs. 2.3908949019338697
list:
dist: 1.9672756376021447 vs. 1.9672756376021447
list:
dist: 2.050908349319495 vs. 2.050908349319495
list:
dist: 1.3392696481071058 vs. 1.3392696481071058
list:
dist: 1.892798905574832 vs. 1.892798905574832
list:
dist: 1.4356291316891068 vs. 1.4356291316891068
list:
dist: 2.722446260628395 vs. 2.722446260628395
list:
dist: 4.150018614955509 vs. 4.150018614955509
list:
dist: 3.064322354899762 vs. 3.064322354899762
list:
dist: 3.1007498305661843 vs. 3.1007498305661843
list:
dist: 2.923692344043348 vs. 2.923692344043348
list:
dist: 2.1428453785929173 vs. 2.1428453785929173
list:
dist: 3.010090663789649 vs. 3.010090663789649
list:
dist: 2.7007485557801543 vs. 2.7007485557801543
list:
dist: 2.011694970093961 vs. 2.011694970093961
list:
dist: 2.41921140504993 vs. 2.41921140504993
list:
dist: 3.5423672543312126 vs. 3.5423672543312126
list:
dist: 0.6956022713039199 vs. 0.6956022713039199
list:
dist: 0.6286551391703288 vs. 0.6286551391703288
list:
dist: 2.219011181964266 vs. 2.219011181964266
list:
dist: 1.9784072073788723 vs. 1.9784072073788723
list:
dist: 1.9672756376021447 vs. 1.9672756376021447
list:
dist: 0.866190370823638 vs. 0.866190370823638
list:
dist: 3.5014149297012365 vs. 3.5014149297012365
list:
dist: 3.095386275535824 vs. 3.095386275535824
list:
dist: 3.05622114748981 vs. 3.05622114748981
list:
dist: 3.5520203128092906 vs. 3.5520203128092906
list:
dist: 3.224098720556425 vs. 3.224098720556425
list:
dist: 3.836935760651985 vs. 3.836935760651985
list:
dist: 3.24351513395426 vs. 3.24351513395426
list:
dist: 1.807382702057861 vs. 1.807382702057861
list:
dist: 3.24351513395426 vs. 3.24351513395426
list:
dist: 2.9357432698285164 vs. 2.9357432698285164
list:
dist: 1.6747211735292904 vs. 1.6747211735292904
list:
dist: 1.3431244544316439 vs. 1.3431244544316439
list:
dist: 2.7007485557801543 vs. 2.7007485557801543
list:
dist: 2.4175974301029575 vs. 2.4175974301029575
list:
dist: 2.7016201228429466 vs. 2.7016201228429466
list:
dist: 2.7564086622387327 vs. 2.7564086622387327
list:
dist: 1.984157328426125 vs. 1.984157328426125
list:
dist: 1.024744504447068 vs. 1.024744504447068
list:
dist: 1.0820411288498366 vs. 1.0820411288498366
list:
dist: 0.9466779756236168 vs. 0.9466779756236168
list:
dist: 0.882098586721412 vs. 0.882098586721412
list:
dist: 1.59362409940854 vs. 1.59362409940854
list:
dist: 1.7025600636522629 vs. 1.7025600636522629
list:
dist: 2.041443994041119 vs. 2.041443994041119
list:
dist: 3.216841131513453 vs. 3.216841131513453
list:
dist: 2.393219434960943 vs. 2.393219434960943
list:
dist: 2.922518244540536 vs. 2.922518244540536
list:
dist: 2.7662920029636004 vs. 2.7662920029636004
list:
dist: 5.265878550837601 vs. 5.265878550837601
list:
dist: 4.1724630153722595 vs. 4.1724630153722595
list:
dist: 2.504420790322437 vs. 2.504420790322437
list:
dist: 2.033127012842828 vs. 2.033127012842828
list:
dist: 1.7546966688658387 vs. 1.7546966688658387
list:
dist: 1.7396307550072836 vs. 1.7396307550072836
list:
dist: 0.6956022713039199 vs. 0.6956022713039199
list:
dist: 1.0916594951660388 vs. 1.0916594951660388
list:
dist: 2.8648757655500834 vs. 2.8648757655500834
list:
dist: 2.6714583335553974 vs. 2.6714583335553974
list:
dist: 2.3908949019338697 vs. 2.3908949019338697
list:
dist: 1.5260583861707449 vs. 1.5260583861707449
list:
dist: 1.5260583861707449 vs. 1.5260583861707449
list:
dist: 0.866190370823638 vs. 0.866190370823638
list:
dist: 0.7886856315661577 vs. 0.7886856315661577
list:
dist: 1.4426500106514928 vs. 1.4426500106514928
list:
dist: 1.1985945024703561 vs. 1.1985945024703561
list:
dist: 1.4356291316891068 vs. 1.4356291316891068
list:
dist: 3.665400724658666 vs. 3.665400724658666
list:
dist: 3.135910425904845 vs. 3.135910425904845
list:
dist: 2.49877350681395 vs. 2.49877350681395
list:
dist: 2.3634490386051628 vs. 2.3634490386051628
list:
dist: 2.750545683195708 vs. 2.750545683195708
list:
dist: 2.35958651806087 vs. 2.35958651806087
list:
dist: 2.992162156960243 vs. 2.992162156960243
list:
dist: 2.4175974301029575 vs. 2.4175974301029575
list:
dist: 1.0882271923741285 vs. 1.0882271923741285
list:
dist: 3.011384505138704 vs. 3.011384505138704
list:
dist: 3.9577018179350834 vs. 3.9577018179350834
list:
dist: 2.355723409472787 vs. 2.355723409472787
list:
dist: 3.06836572878177 vs. 3.06836572878177
list:
dist: 2.722446260628395 vs. 2.722446260628395
list:
dist: 3.665400724658666 vs. 3.665400724658666
list:
dist: 3.68774758213186 vs. 3.68774758213186
list:
dist: 3.0262425368815298 vs. 3.0262425368815298
list:
dist: 2.023046658461989 vs. 2.023046658461989
list:
dist: 2.5777887756812286 vs. 2.5777887756812286
list:
dist: 2.7016201228429466 vs. 2.7016201228429466
list:
dist: 3.5388729504247456 vs. 3.5388729504247456
list:
dist: 1.0027512102310945 vs. 1.0027512102310945
list:
dist: 2.147105610299471 vs. 2.147105610299471
list:
dist: 3.2383925466691297 vs. 3.2383925466691297
list:
dist: 3.2010251889722015 vs. 3.2010251889722015
list:
dist: 2.7061143849687865 vs. 2.7061143849687865
list:
dist: 2.436722753928547 vs. 2.436722753928547
list:
dist: 2.665038310832111 vs. 2.665038310832111
list:
dist: 3.187727569753634 vs. 3.187727569753634
list:
dist: 4.178031866953102 vs. 4.178031866953102
list:
dist: 3.7478916501327784 vs. 3.7478916501327784
list:
dist: 4.1724630153722595 vs. 4.1724630153722595
list:
dist: 3.9513118099206808 vs. 3.9513118099206808
list:
dist: 3.4206196655385814 vs. 3.4206196655385814
list:
dist: 2.4509693177980254 vs. 2.4509693177980254
list:
dist: 2.694207705786838 vs. 2.694207705786838
list:
dist: 2.7190877117130867 vs. 2.7190877117130867
list:
dist: 3.1748575502077423 vs. 3.1748575502077423
list:
dist: 2.7981948296577843 vs. 2.7981948296577843
list:
dist: 2.439768350497973 vs. 2.439768350497973
list:
dist: 1.9859309353753796 vs. 1.9859309353753796
list:
dist: 2.832830224939567 vs. 2.832830224939567
list:
dist: 2.357528280177211 vs. 2.357528280177211
list:
dist: 1.7051783836290955 vs. 1.7051783836290955
list:
dist: 2.422626652292259 vs. 2.422626652292259
list:
dist: 2.8510919462176036 vs. 2.8510919462176036
list:
dist: 1.8021789550716714 vs. 1.8021789550716714
list:
dist: 3.580088406409936 vs. 3.580088406409936
list:
dist: 3.168643595757212 vs. 3.168643595757212
list:
dist: 3.6491778678136697 vs. 3.6491778678136697
list:
dist: 2.8834070191301513 vs. 2.8834070191301513
list:
dist: 3.8990207646527386 vs. 3.8990207646527386
list:
dist: 3.433986271591947 vs. 3.433986271591947
list:
dist: 2.6867443751477906 vs. 2.6867443751477906
list:
dist: 3.224098720556425 vs. 3.224098720556425
list:
dist: 2.9564035419071586 vs. 2.9564035419071586
list:
dist: 1.466674445232985 vs. 1.466674445232985
list:
dist: 1.5853975200137618 vs. 1.5853975200137618
list:
dist: 2.1428453785929173 vs. 2.1428453785929173
list:
dist: 2.35958651806087 vs. 2.35958651806087
list:
dist: 2.023046658461989 vs. 2.023046658461989
list:
dist: 3.261805515225172 vs. 3.261805515225172
list:
dist: 2.0948429418084715 vs. 2.0948429418084715
list:
dist: 1.755659553838276 vs. 1.755659553838276
list:
dist: 1.1170915507783887 vs. 1.1170915507783887
list:
dist: 0.9067823430878351 vs. 0.9067823430878351
list:
dist: 0.9466779756236168 vs. 0.9466779756236168
list:
dist: 1.7589654816442843 vs. 1.7589654816442843
list:
dist: 1.135287553058098 vs. 1.135287553058098
list:
dist: 1.613481689511725 vs. 1.613481689511725
list:
dist: 3.772112335964174 vs. 3.772112335964174
list:
dist: 2.715096079694125 vs. 2.715096079694125
list:
dist: 3.5633731450024664 vs. 3.5633731450024664
list:
dist: 3.2346428653530026 vs. 3.2346428653530026
list:
dist: 5.277027822589171 vs. 5.277027822589171
list:
dist: 4.178031866953102 vs. 4.178031866953102
list:
dist: 3.083030250259243 vs. 3.083030250259243
list:
dist: 2.745203796307578 vs. 2.745203796307578
list:
dist: 1.9690686952426952 vs. 1.9690686952426952
list:
dist: 2.08386086939683 vs. 2.08386086939683
list:
dist: 3.7172522422086844 vs. 3.7172522422086844
list:
dist: 3.1464805593814975 vs. 3.1464805593814975
list:
dist: 4.090304468545005 vs. 4.090304468545005
list:
dist: 3.884540206017049 vs. 3.884540206017049
list:
dist: 2.5861141697180776 vs. 2.5861141697180776
list:
dist: 4.260249491694353 vs. 4.260249491694353
list:
dist: 5.277027822589171 vs. 5.277027822589171
list:
dist: 4.671434967450784 vs. 4.671434967450784
list:
dist: 5.265878550837601 vs. 5.265878550837601
list:
dist: 5.421742003122317 vs. 5.421742003122317
list:
dist: 2.74273419331089 vs. 2.74273419331089
list:
dist: 2.2968211420104923 vs. 2.2968211420104923
list:
dist: 2.4064482260610762 vs. 2.4064482260610762
list:
dist: 2.788274156750967 vs. 2.788274156750967
list:
dist: 2.4187047314664003 vs. 2.4187047314664003
list:
dist: 3.040430747490174 vs. 3.040430747490174
list:
dist: 3.410918703083783 vs. 3.410918703083783
list:
dist: 3.097484948427669 vs. 3.097484948427669
list:
dist: 3.8416701379284888 vs. 3.8416701379284888
list:
dist: 3.0304227480280193 vs. 3.0304227480280193
list:
dist: 1.7051783836290955 vs. 1.7051783836290955
list:
dist: 1.4864079193886173 vs. 1.4864079193886173
list:
dist: 2.1921163956150416 vs. 2.1921163956150416
list:
dist: 1.2199719895202978 vs. 1.2199719895202978
list:
dist: 3.964925409528373 vs. 3.964925409528373
list:
dist: 4.114053054584687 vs. 4.114053054584687
list:
dist: 4.203067069179855 vs. 4.203067069179855
list:
dist: 1.8519914641540354 vs. 1.8519914641540354
list:
dist: 2.248119094446057 vs. 2.248119094446057
list:
dist: 1.955176989867705 vs. 1.955176989867705
list:
dist: 1.2035757160173772 vs. 1.2035757160173772
list:
dist: 2.8648757655500834 vs. 2.8648757655500834
list:
dist: 2.219011181964266 vs. 2.219011181964266
list:
dist: 2.218382168362841 vs. 2.218382168362841
list:
dist: 0.907009997377994 vs. 0.907009997377994
list:
dist: 1.3392696481071058 vs. 1.3392696481071058
list:
dist: 1.4426500106514928 vs. 1.4426500106514928
list:
dist: 2.355723409472787 vs. 2.355723409472787
list:
dist: 3.6839503979368198 vs. 3.6839503979368198
list:
dist: 2.8001082988005517 vs. 2.8001082988005517
list:
dist: 2.2342882845467034 vs. 2.2342882845467034
list:
dist: 2.3364139114392177 vs. 2.3364139114392177
list:
dist: 1.466674445232985 vs. 1.466674445232985
list:
dist: 2.250115877003509 vs. 2.250115877003509
list:
dist: 1.6747211735292904 vs. 1.6747211735292904
list:
dist: 1.5488520272503201 vs. 1.5488520272503201
list:
dist: 1.6916396491871826 vs. 1.6916396491871826
list:
dist: 2.994993736544362 vs. 2.994993736544362
list:
dist: 1.5123705043111628 vs. 1.5123705043111628
list:
dist: 1.8393728245212893 vs. 1.8393728245212893
list:
dist: 1.282248229196384 vs. 1.282248229196384
list:
dist: 1.8440730566294283 vs. 1.8440730566294283
list:
dist: 2.745203796307578 vs. 2.745203796307578
list:
dist: 2.115820784653078 vs. 2.115820784653078
list:
dist: 2.033127012842828 vs. 2.033127012842828
list:
dist: 2.4946009863124585 vs. 2.4946009863124585
list:
dist: 3.6537545357868995 vs. 3.6537545357868995
list:
dist: 3.2021513692473365 vs. 3.2021513692473365
list:
dist: 1.347863527270873 vs. 1.347863527270873
list:
dist: 1.2446982621591411 vs. 1.2446982621591411
list:
dist: 1.0206990245943508 vs. 1.0206990245943508
list:
dist: 1.1283787171607842 vs. 1.1283787171607842
list:
dist: 4.114053054584687 vs. 4.114053054584687
list:
dist: 3.168643595757212 vs. 3.168643595757212
list:
dist: 1.434892638708904 vs. 1.434892638708904
list:
dist: 2.024759890079365 vs. 2.024759890079365
list:
dist: 2.081394851771882 vs. 2.081394851771882
list:
dist: 2.994993736544362 vs. 2.994993736544362
list:
dist: 3.1499699804187125 vs. 3.1499699804187125
list:
dist: 3.5423672543312126 vs. 3.5423672543312126
list:
dist: 3.9577018179350834 vs. 3.9577018179350834
list:
dist: 2.147105610299471 vs. 2.147105610299471
list:
dist: 2.789829034532287 vs. 2.789829034532287
list:
dist: 1.732430917171039 vs. 1.732430917171039
list:
dist: 1.613481689511725 vs. 1.613481689511725
list:
dist: 1.2774681129264238 vs. 1.2774681129264238
list:
dist: 2.041443994041119 vs. 2.041443994041119
list:
dist: 3.2569690509164753 vs. 3.2569690509164753
list:
dist: 1.6794056030249636 vs. 1.6794056030249636
list:
dist: 2.7890257417176043 vs. 2.7890257417176043
list:
dist: 3.2021513692473365 vs. 3.2021513692473365
list:
dist: 1.3755486214856798 vs. 1.3755486214856798
list:
dist: 1.5421453676560264 vs. 1.5421453676560264
list:
dist: 3.5520203128092906 vs. 3.5520203128092906
list:
dist: 3.1122292386590598 vs. 3.1122292386590598
list:
dist: 2.3364139114392177 vs. 2.3364139114392177
list:
dist: 2.0232927079668475 vs. 2.0232927079668475
list:
dist: 2.923692344043348 vs. 2.923692344043348
list:
dist: 2.750545683195708 vs. 2.750545683195708
list:
dist: 3.0262425368815298 vs. 3.0262425368815298
list:
dist: 2.4219351160483495 vs. 2.4219351160483495
list:
dist: 1.2930869817579813 vs. 1.2930869817579813
list:
dist: 1.2587671561210803 vs. 1.2587671561210803
list:
dist: 1.1170915507783887 vs. 1.1170915507783887
list:
dist: 0.650768839476882 vs. 0.650768839476882
list:
dist: 1.0820411288498366 vs. 1.0820411288498366
list:
dist: 1.7971328078319693 vs. 1.7971328078319693
list:
dist: 2.151277574371135 vs. 2.151277574371135
list:
dist: 1.732430917171039 vs. 1.732430917171039
list:
dist: 2.7459213680704257 vs. 2.7459213680704257
list:
dist: 1.6179648910620446 vs. 1.6179648910620446
list:
dist: 2.6021841894116795 vs. 2.6021841894116795
list:
dist: 2.146331664054854 vs. 2.146331664054854
list:
dist: 4.260249491694353 vs. 4.260249491694353
list:
dist: 3.187727569753634 vs. 3.187727569753634
list:
dist: 2.2385119925361896 vs. 2.2385119925361896
list:
dist: 1.8440730566294283 vs. 1.8440730566294283
list:
dist: 1.3714567708964973 vs. 1.3714567708964973
list:
dist: 1.6379694837028487 vs. 1.6379694837028487
list:
dist: 2.862455117243535 vs. 2.862455117243535
list:
dist: 2.8054739595519873 vs. 2.8054739595519873
list:
dist: 2.3021932379572925 vs. 2.3021932379572925
list:
dist: 2.2385119925361896 vs. 2.2385119925361896
list:
dist: 3.083030250259243 vs. 3.083030250259243
list:
dist: 2.206186930633989 vs. 2.206186930633989
list:
dist: 2.504420790322437 vs. 2.504420790322437
list:
dist: 3.564897915993148 vs. 3.564897915993148
list:
dist: 3.719262615029686 vs. 3.719262615029686
list:
dist: 2.7890257417176043 vs. 2.7890257417176043
list:
dist: 2.2846078040175617 vs. 2.2846078040175617
list:
dist: 1.9395090415018679 vs. 1.9395090415018679
list:
dist: 2.1541527878272553 vs. 2.1541527878272553
list:
dist: 1.358969809639847 vs. 1.358969809639847
list:
dist: 3.964925409528373 vs. 3.964925409528373
list:
dist: 3.580088406409936 vs. 3.580088406409936
list:
dist: 1.434892638708904 vs. 1.434892638708904
list:
dist: 1.4161901835528437 vs. 1.4161901835528437
list:
dist: 1.3746667894014777 vs. 1.3746667894014777
list:
dist: 3.095386275535824 vs. 3.095386275535824
list:
dist: 2.518465072430942 vs. 2.518465072430942
list:
dist: 2.8001082988005517 vs. 2.8001082988005517
list:
dist: 2.2425003047618635 vs. 2.2425003047618635
list:
dist: 3.064322354899762 vs. 3.064322354899762
list:
dist: 2.49877350681395 vs. 2.49877350681395
list:
dist: 1.4825532823919232 vs. 1.4825532823919232
list:
dist: 1.4347932179752008 vs. 1.4347932179752008
list:
dist: 1.2930869817579813 vs. 1.2930869817579813
list:
dist: 2.0948429418084715 vs. 2.0948429418084715
list:
dist: 1.93364054431993 vs. 1.93364054431993
list:
dist: 1.984157328426125 vs. 1.984157328426125
list:
dist: 1.5396775996106162 vs. 1.5396775996106162
list:
dist: 3.95949833108987 vs. 3.95949833108987
list:
dist: 2.1259247463775264 vs. 2.1259247463775264
list:
dist: 1.1930602630786025 vs. 1.1930602630786025
list:
dist: 2.0761891277426248 vs. 2.0761891277426248
list:
dist: 2.0378678382312168 vs. 2.0378678382312168
list:
dist: 3.884540206017049 vs. 3.884540206017049
list:
dist: 2.436722753928547 vs. 2.436722753928547
list:
dist: 2.8054739595519873 vs. 2.8054739595519873
list:
dist: 1.8393728245212893 vs. 1.8393728245212893
list:
dist: 2.4623899102727806 vs. 2.4623899102727806
list:
dist: 1.6916396491871826 vs. 1.6916396491871826
list:
dist: 2.2194941432845914 vs. 2.2194941432845914
list:
dist: 2.41921140504993 vs. 2.41921140504993
list:
dist: 3.011384505138704 vs. 3.011384505138704
list:
dist: 1.0027512102310945 vs. 1.0027512102310945
list:
dist: 2.7010089555589927 vs. 2.7010089555589927
list:
dist: 2.151277574371135 vs. 2.151277574371135
list:
dist: 1.135287553058098 vs. 1.135287553058098
list:
dist: 1.683112253267605 vs. 1.683112253267605
list:
dist: 1.7025600636522629 vs. 1.7025600636522629
list:
dist: 2.693694241479889 vs. 2.693694241479889
list:
dist: 1.6794056030249636 vs. 1.6794056030249636
list:
dist: 3.719262615029686 vs. 3.719262615029686
list:
dist: 3.6537545357868995 vs. 3.6537545357868995
list:
dist: 2.486753791156175 vs. 2.486753791156175
list:
dist: 2.465023274236774 vs. 2.465023274236774
list:
dist: 1.0916594951660388 vs. 1.0916594951660388
list:
dist: 0.6286551391703288 vs. 0.6286551391703288
list:
dist: 2.218382168362841 vs. 2.218382168362841
list:
dist: 1.8035595278898415 vs. 1.8035595278898415
list:
dist: 2.050908349319495 vs. 2.050908349319495
list:
dist: 0.7886856315661577 vs. 0.7886856315661577
list:
dist: 2.9134121239807147 vs. 2.9134121239807147
list:
dist: 2.518465072430942 vs. 2.518465072430942
list:
dist: 2.6204621821641267 vs. 2.6204621821641267
list:
dist: 3.1122292386590598 vs. 3.1122292386590598
list:
dist: 2.9564035419071586 vs. 2.9564035419071586
list:
dist: 3.473245877062964 vs. 3.473245877062964
list:
dist: 2.9357432698285164 vs. 2.9357432698285164
list:
dist: 1.3797637926994335 vs. 1.3797637926994335
list:
dist: 1.807382702057861 vs. 1.807382702057861
list:
dist: 1.3797637926994335 vs. 1.3797637926994335
list:
dist: 1.5488520272503201 vs. 1.5488520272503201
list:
dist: 0.8635799914820013 vs. 0.8635799914820013
list:
dist: 2.011694970093961 vs. 2.011694970093961
list:
dist: 1.0882271923741285 vs. 1.0882271923741285
list:
dist: 3.5388729504247456 vs. 3.5388729504247456
list:
dist: 2.2236341993872326 vs. 2.2236341993872326
list:
dist: 1.5396775996106162 vs. 1.5396775996106162
list:
dist: 1.3230764144005553 vs. 1.3230764144005553
list:
dist: 1.7971328078319693 vs. 1.7971328078319693
list:
dist: 1.7589654816442843 vs. 1.7589654816442843
list:
dist: 2.1295662325822082 vs. 2.1295662325822082
list:
dist: 1.59362409940854 vs. 1.59362409940854
list:
dist: 2.693694241479889 vs. 2.693694241479889
list:
dist: 3.2569690509164753 vs. 3.2569690509164753
list:
dist: 3.181008203261796 vs. 3.181008203261796
list:
dist: 2.542511023186648 vs. 2.542511023186648
list:
dist: 2.9255115789870643 vs. 2.9255115789870643
list:
dist: 3.219157624190012 vs. 3.219157624190012
list:
dist: 5.421742003122317 vs. 5.421742003122317
list:
dist: 3.9513118099206808 vs. 3.9513118099206808
list:
dist: 3.564897915993148 vs. 3.564897915993148
list:
dist: 2.4946009863124585 vs. 2.4946009863124585
list:
dist: 3.054092952764316 vs. 3.054092952764316
list:
dist: 3.174261929010744 vs. 3.174261929010744
list:
dist: 1.170530663755234 vs. 1.170530663755234
list:
dist: 2.1259247463775264 vs. 2.1259247463775264
list:
dist: 2.3333223394643374 vs. 2.3333223394643374
list:
dist: 2.7459213680704257 vs. 2.7459213680704257
list:
dist: 3.772112335964174 vs. 3.772112335964174
list:
dist: 3.1993626991129718 vs. 3.1993626991129718
list:
dist: 3.216841131513453 vs. 3.216841131513453
list:
dist: 3.181008203261796 vs. 3.181008203261796
list:
dist: 2.0822264767965395 vs. 2.0822264767965395
list:
dist: 1.300306313466666 vs. 1.300306313466666
list:
dist: 0.4825937155409199 vs. 0.4825937155409199
list:
dist: 1.1427131004928652 vs. 1.1427131004928652
list:
dist: 3.410918703083783 vs. 3.410918703083783
list:
dist: 2.439768350497973 vs. 2.439768350497973
list:
dist: 2.2846078040175617 vs. 2.2846078040175617
list:
dist: 1.347863527270873 vs. 1.347863527270873
list:
dist: 3.0519367378723934 vs. 3.0519367378723934
list:
dist: 2.1400082500756104 vs. 2.1400082500756104
list:
dist: 1.6379694837028487 vs. 1.6379694837028487
list:
dist: 2.08386086939683 vs. 2.08386086939683
list:
dist: 1.2370699801927216 vs. 1.2370699801927216
list:
dist: 1.7396307550072836 vs. 1.7396307550072836
list:
dist: 3.174261929010744 vs. 3.174261929010744
list:
dist: 2.465023274236774 vs. 2.465023274236774
list:
dist: 1.5421453676560264 vs. 1.5421453676560264
list:
dist: 1.3746667894014777 vs. 1.3746667894014777
list:
dist: 2.081394851771882 vs. 2.081394851771882
list:
dist: 0.45631700917636125 vs. 0.45631700917636125
list:
dist: 3.836935760651985 vs. 3.836935760651985
list:
dist: 3.473245877062964 vs. 3.473245877062964
list:
dist: 2.250115877003509 vs. 2.250115877003509
list:
dist: 2.0921160087984383 vs. 2.0921160087984383
list:
dist: 3.010090663789649 vs. 3.010090663789649
list:
dist: 2.992162156960243 vs. 2.992162156960243
list:
dist: 2.5777887756812286 vs. 2.5777887756812286
list:
dist: 2.953106745775165 vs. 2.953106745775165
list:
dist: 1.93364054431993 vs. 1.93364054431993
list:
dist: 1.51335488996457 vs. 1.51335488996457
list:
dist: 0.650768839476882 vs. 0.650768839476882
list:
dist: 0.9067823430878351 vs. 0.9067823430878351
list:
dist: 0.882098586721412 vs. 0.882098586721412
list:
dist: 2.1295662325822082 vs. 2.1295662325822082
list:
dist: 1.683112253267605 vs. 1.683112253267605
list:
dist: 1.2774681129264238 vs. 1.2774681129264238
list:
dist: 3.1993626991129718 vs. 3.1993626991129718
list:
dist: 2.1367524635800237 vs. 2.1367524635800237
list:
dist: 3.0121447437807762 vs. 3.0121447437807762
list:
dist: 2.4892700839344353 vs. 2.4892700839344353
list:
dist: 4.671434967450784 vs. 4.671434967450784
list:
dist: 3.7478916501327784 vs. 3.7478916501327784
list:
dist: 2.206186930633989 vs. 2.206186930633989
list:
dist: 2.115820784653078 vs. 2.115820784653078
list:
dist: 1.08148026175685 vs. 1.08148026175685
list:
dist: 1.2370699801927216 vs. 1.2370699801927216
list:
dist: 1.0380064109126192 vs. 1.0380064109126192
list:
dist: 2.0761891277426248 vs. 2.0761891277426248
list:
dist: 2.003727868973299 vs. 2.003727868973299
list:
dist: 2.6021841894116795 vs. 2.6021841894116795
list:
dist: 3.5633731450024664 vs. 3.5633731450024664
list:
dist: 3.0121447437807762 vs. 3.0121447437807762
list:
dist: 2.922518244540536 vs. 2.922518244540536
list:
dist: 2.9255115789870643 vs. 2.9255115789870643
list:
dist: 2.1574096426409306 vs. 2.1574096426409306
list:
dist: 0.4825937155409199 vs. 0.4825937155409199
list:
dist: 1.386550074336356 vs. 1.386550074336356
list:
dist: 1.2487704791827852 vs. 1.2487704791827852
list:
dist: 3.8416701379284888 vs. 3.8416701379284888
list:
dist: 2.832830224939567 vs. 2.832830224939567
list:
dist: 2.1541527878272553 vs. 2.1541527878272553
list:
dist: 1.0206990245943508 vs. 1.0206990245943508
list:
dist: 2.926415079995633 vs. 2.926415079995633
list:
dist: 2.5481913932690707 vs. 2.5481913932690707
list:
dist: 3.95949833108987 vs. 3.95949833108987
list:
dist: 2.0822264767965395 vs. 2.0822264767965395
list:
dist: 3.3667545648404587 vs. 3.3667545648404587
list:
dist: 2.1574096426409306 vs. 2.1574096426409306
list:
dist: 3.1205204859726177 vs. 3.1205204859726177
list:
dist: 2.954274849837066 vs. 2.954274849837066
list:
dist: 3.681100366546749 vs. 3.681100366546749
list:
dist: 1.8519914641540354 vs. 1.8519914641540354
list:
dist: 2.8834070191301513 vs. 2.8834070191301513
list:
dist: 2.178217515629096 vs. 2.178217515629096
list:
dist: 2.151595367134668 vs. 2.151595367134668
list:
dist: 2.4705755790328214 vs. 2.4705755790328214
list:
dist: 3.4064028125250343 vs. 3.4064028125250343
list:
dist: 2.5145981948529927 vs. 2.5145981948529927
list:
dist: 2.699259482507033 vs. 2.699259482507033
list:
dist: 2.341636685545524 vs. 2.341636685545524
list:
dist: 2.4589180309345746 vs. 2.4589180309345746
list:
dist: 2.1292294960319107 vs. 2.1292294960319107
list:
dist: 2.702676493752648 vs. 2.702676493752648
list:
dist: 2.1716785743677915 vs. 2.1716785743677915
list:
dist: 2.6714583335553974 vs. 2.6714583335553974
list:
dist: 1.9784072073788723 vs. 1.9784072073788723
list:
dist: 1.8035595278898415 vs. 1.8035595278898415
list:
dist: 0.907009997377994 vs. 0.907009997377994
list:
dist: 1.892798905574832 vs. 1.892798905574832
list:
dist: 1.1985945024703561 vs. 1.1985945024703561
list:
dist: 3.06836572878177 vs. 3.06836572878177
list:
dist: 2.870657520032087 vs. 2.870657520032087
list:
dist: 2.2425003047618635 vs. 2.2425003047618635
list:
dist: 1.5051931191271282 vs. 1.5051931191271282
list:
dist: 2.0232927079668475 vs. 2.0232927079668475
list:
dist: 1.5853975200137618 vs. 1.5853975200137618
list:
dist: 2.0921160087984383 vs. 2.0921160087984383
list:
dist: 1.3431244544316439 vs. 1.3431244544316439
list:
dist: 0.8635799914820013 vs. 0.8635799914820013
list:
dist: 2.2194941432845914 vs. 2.2194941432845914
list:
dist: 3.1499699804187125 vs. 3.1499699804187125
list:
dist: 3.5014149297012365 vs. 3.5014149297012365
list:
dist: 2.9134121239807147 vs. 2.9134121239807147
list:
dist: 3.6839503979368198 vs. 3.6839503979368198
list:
dist: 2.870657520032087 vs. 2.870657520032087
list:
dist: 4.150018614955509 vs. 4.150018614955509
list:
dist: 3.135910425904845 vs. 3.135910425904845
list:
dist: 1.4825532823919232 vs. 1.4825532823919232
list:
dist: 1.7724191075410094 vs. 1.7724191075410094
list:
dist: 2.4219351160483495 vs. 2.4219351160483495
list:
dist: 3.261805515225172 vs. 3.261805515225172
list:
dist: 2.953106745775165 vs. 2.953106745775165
list:
dist: 2.7564086622387327 vs. 2.7564086622387327
list:
dist: 2.2236341993872326 vs. 2.2236341993872326
list:
dist: 2.5481913932690707 vs. 2.5481913932690707
list:
dist: 1.170530663755234 vs. 1.170530663755234
list:
dist: 1.4569196409672345 vs. 1.4569196409672345
list:
dist: 1.0380064109126192 vs. 1.0380064109126192
list:
dist: 1.8854344694238598 vs. 1.8854344694238598
list:
dist: 4.090304468545005 vs. 4.090304468545005
list:
dist: 2.7061143849687865 vs. 2.7061143849687865
list:
dist: 2.862455117243535 vs. 2.862455117243535
list:
dist: 1.5123705043111628 vs. 1.5123705043111628
list:
dist: 3.212178206546402 vs. 3.212178206546402
list:
dist: 1.4569196409672345 vs. 1.4569196409672345
list:
dist: 1.1930602630786025 vs. 1.1930602630786025
list:
dist: 1.7729921120484695 vs. 1.7729921120484695
list:
dist: 1.6179648910620446 vs. 1.6179648910620446
list:
dist: 2.715096079694125 vs. 2.715096079694125
list:
dist: 2.1367524635800237 vs. 2.1367524635800237
list:
dist: 2.393219434960943 vs. 2.393219434960943
list:
dist: 2.542511023186648 vs. 2.542511023186648
list:
dist: 3.3667545648404587 vs. 3.3667545648404587
list:
dist: 1.300306313466666 vs. 1.300306313466666
list:
dist: 1.386550074336356 vs. 1.386550074336356
list:
dist: 0.8788577740635931 vs. 0.8788577740635931
list:
dist: 3.097484948427669 vs. 3.097484948427669
list:
dist: 1.9859309353753796 vs. 1.9859309353753796
list:
dist: 1.9395090415018679 vs. 1.9395090415018679
list:
dist: 1.2446982621591411 vs. 1.2446982621591411
list:
dist: 2.0897120379602407 vs. 2.0897120379602407
list:
dist: 3.05622114748981 vs. 3.05622114748981
list:
dist: 2.6204621821641267 vs. 2.6204621821641267
list:
dist: 2.2342882845467034 vs. 2.2342882845467034
list:
dist: 1.5051931191271282 vs. 1.5051931191271282
list:
dist: 3.1007498305661843 vs. 3.1007498305661843
list:
dist: 2.3634490386051628 vs. 2.3634490386051628
list:
dist: 3.68774758213186 vs. 3.68774758213186
list:
dist: 1.7724191075410094 vs. 1.7724191075410094
list:
dist: 1.4347932179752008 vs. 1.4347932179752008
list:
dist: 1.2587671561210803 vs. 1.2587671561210803
list:
dist: 1.755659553838276 vs. 1.755659553838276
list:
dist: 1.51335488996457 vs. 1.51335488996457
list:
dist: 1.024744504447068 vs. 1.024744504447068
list:
dist: 1.3230764144005553 vs. 1.3230764144005553
list:
dist: 2.7010089555589927 vs. 2.7010089555589927
list:
dist: 2.789829034532287 vs. 2.789829034532287
list:
dist: 2.3333223394643374 vs. 2.3333223394643374
list:
dist: 1.7729921120484695 vs. 1.7729921120484695
list:
dist: 2.003727868973299 vs. 2.003727868973299
list:
dist: 2.1774571538228416 vs. 2.1774571538228416
list:
dist: 2.3021932379572925 vs. 2.3021932379572925
list:
dist: 1.282248229196384 vs. 1.282248229196384
list:
dist: 2.090872345815604 vs. 2.090872345815604
list:
dist: 2.1400082500756104 vs. 2.1400082500756104
list:
dist: 1.7387637824509115 vs. 1.7387637824509115
list:
dist: 1.1769847345926676 vs. 1.1769847345926676
list:
dist: 0.6818953828434939 vs. 0.6818953828434939
list:
dist: 1.4062726978069657 vs. 1.4062726978069657
list:
dist: 1.095801155085982 vs. 1.095801155085982
list:
dist: 2.0068095320982664 vs. 2.0068095320982664
list:
dist: 1.5107193193040893 vs. 1.5107193193040893
list:
dist: 1.911507668761669 vs. 1.911507668761669
list:
dist: 1.9697308970117164 vs. 1.9697308970117164
list:
dist: 0.616515683812812 vs. 0.616515683812812
list:
dist: 1.1445583659496752 vs. 1.1445583659496752
list:
dist: 1.3716833700681055 vs. 1.3716833700681055
list:
dist: 0.8924507585027289 vs. 0.8924507585027289
list:
dist: 1.7329295473676074 vs. 1.7329295473676074
list:
dist: 1.7992736137010883 vs. 1.7992736137010883
list:
dist: 1.5031909086273136 vs. 1.5031909086273136
list:
dist: 1.7677887176412366 vs. 1.7677887176412366
list:
dist: 2.788274156750967 vs. 2.788274156750967
list:
dist: 2.7190877117130867 vs. 2.7190877117130867
list:
dist: 1.8724305354180895 vs. 1.8724305354180895
list:
dist: 2.19819487426735 vs. 2.19819487426735
list:
dist: 1.592785873737335 vs. 1.592785873737335
list:
dist: 2.0382374088235427 vs. 2.0382374088235427
list:
dist: 2.348806841477681 vs. 2.348806841477681
list:
dist: 2.803885330344062 vs. 2.803885330344062
list:
dist: 3.689165478533727 vs. 3.689165478533727
list:
dist: 2.8209830690620943 vs. 2.8209830690620943
list:
dist: 2.5224923637607795 vs. 2.5224923637607795
list:
dist: 2.6526574382493844 vs. 2.6526574382493844
list:
dist: 1.4559075188877164 vs. 1.4559075188877164
list:
dist: 1.712599546161487 vs. 1.712599546161487
list:
dist: 1.7181050389899588 vs. 1.7181050389899588
list:
dist: 1.9472273055456695 vs. 1.9472273055456695
list:
dist: 1.3079541726094854 vs. 1.3079541726094854
list:
dist: 1.5751022089538786 vs. 1.5751022089538786
list:
dist: 2.987088901517119 vs. 2.987088901517119
list:
dist: 3.018798399716016 vs. 3.018798399716016
list:
dist: 2.052846159159848 vs. 2.052846159159848
list:
dist: 1.990620684707661 vs. 1.990620684707661
list:
dist: 1.925840534120643 vs. 1.925840534120643
list:
dist: 1.7677887176412366 vs. 1.7677887176412366
list:
dist: 2.0262649396327657 vs. 2.0262649396327657
list:
dist: 1.7118878029128997 vs. 1.7118878029128997
list:
dist: 1.6811418591525784 vs. 1.6811418591525784
list:
dist: 1.8784289960728093 vs. 1.8784289960728093
list:
dist: 0.32559384529330154 vs. 0.32559384529330154
list:
dist: 3.185609631357633 vs. 3.185609631357633
list:
dist: 3.518330180527185 vs. 3.518330180527185
list:
dist: 3.0882202495025886 vs. 3.0882202495025886
list:
dist: 2.459113259515007 vs. 2.459113259515007
list:
dist: 3.2091410342302957 vs. 3.2091410342302957
list:
dist: 3.801354967793056 vs. 3.801354967793056
list:
dist: 4.442716338020699 vs. 4.442716338020699
list:
dist: 3.5817773524170584 vs. 3.5817773524170584
list:
dist: 3.585978670994687 vs. 3.585978670994687
list:
dist: 3.304081072912136 vs. 3.304081072912136
list:
dist: 2.068317049602442 vs. 2.068317049602442
list:
dist: 1.7628481941382097 vs. 1.7628481941382097
list:
dist: 1.6789234589369868 vs. 1.6789234589369868
list:
dist: 2.4770939166888133 vs. 2.4770939166888133
list:
dist: 1.9338283605082276 vs. 1.9338283605082276
list:
dist: 2.7560051545031925 vs. 2.7560051545031925
list:
dist: 2.320558105121561 vs. 2.320558105121561
list:
dist: 2.917936051288498 vs. 2.917936051288498
list:
dist: 0.9503411346711569 vs. 0.9503411346711569
list:
dist: 0.6508436598143894 vs. 0.6508436598143894
list:
dist: 1.1445583659496752 vs. 1.1445583659496752
list:
dist: 1.209674477673542 vs. 1.209674477673542
list:
dist: 0.9586090415549301 vs. 0.9586090415549301
list:
dist: 2.435696754538345 vs. 2.435696754538345
list:
dist: 1.727072304490647 vs. 1.727072304490647
list:
dist: 1.787383051854242 vs. 1.787383051854242
list:
dist: 1.925840534120643 vs. 1.925840534120643
list:
dist: 2.4064482260610762 vs. 2.4064482260610762
list:
dist: 2.694207705786838 vs. 2.694207705786838
list:
dist: 1.8971667753549137 vs. 1.8971667753549137
list:
dist: 2.6247867177525586 vs. 2.6247867177525586
list:
dist: 1.4873513287679796 vs. 1.4873513287679796
list:
dist: 2.187790568719949 vs. 2.187790568719949
list:
dist: 2.3909920214141143 vs. 2.3909920214141143
list:
dist: 3.348292094196988 vs. 3.348292094196988
list:
dist: 3.250198288540016 vs. 3.250198288540016
list:
dist: 2.4360203531868283 vs. 2.4360203531868283
list:
dist: 2.097639591081014 vs. 2.097639591081014
list:
dist: 2.4426939992283345 vs. 2.4426939992283345
list:
dist: 1.2380476448553188 vs. 1.2380476448553188
list:
dist: 0.8382670340333263 vs. 0.8382670340333263
list:
dist: 1.4958241719084926 vs. 1.4958241719084926
list:
dist: 2.0473124158015037 vs. 2.0473124158015037
list:
dist: 1.6859699058885227 vs. 1.6859699058885227
list:
dist: 2.016573304997098 vs. 2.016573304997098
list:
dist: 2.3585784690967246 vs. 2.3585784690967246
list:
dist: 2.7705043251945387 vs. 2.7705043251945387
list:
dist: 1.7663384223729737 vs. 1.7663384223729737
list:
dist: 0.9428374785228933 vs. 0.9428374785228933
list:
dist: 0.9586090415549301 vs. 0.9586090415549301
list:
dist: 0.8924507585027289 vs. 0.8924507585027289
list:
dist: 1.8559728636403623 vs. 1.8559728636403623
list:
dist: 2.3969644901579716 vs. 2.3969644901579716
list:
dist: 2.277042010876712 vs. 2.277042010876712
list:
dist: 1.5857627854786664 vs. 1.5857627854786664
list:
dist: 1.7118878029128997 vs. 1.7118878029128997
list:
dist: 3.040430747490174 vs. 3.040430747490174
list:
dist: 2.7981948296577843 vs. 2.7981948296577843
list:
dist: 2.4804432884313936 vs. 2.4804432884313936
list:
dist: 2.9930009643998576 vs. 2.9930009643998576
list:
dist: 2.0088627670995467 vs. 2.0088627670995467
list:
dist: 2.70634464614196 vs. 2.70634464614196
list:
dist: 3.02449166188446 vs. 3.02449166188446
list:
dist: 3.6658194099823946 vs. 3.6658194099823946
list:
dist: 4.121233030063492 vs. 4.121233030063492
list:
dist: 3.278151044590053 vs. 3.278151044590053
list:
dist: 2.9140696028989392 vs. 2.9140696028989392
list:
dist: 3.2065361544013267 vs. 3.2065361544013267
list:
dist: 1.8854344694238598 vs. 1.8854344694238598
list:
dist: 2.0378678382312168 vs. 2.0378678382312168
list:
dist: 2.1774571538228416 vs. 2.1774571538228416
list:
dist: 2.146331664054854 vs. 2.146331664054854
list:
dist: 3.2346428653530026 vs. 3.2346428653530026
list:
dist: 2.4892700839344353 vs. 2.4892700839344353
list:
dist: 2.7662920029636004 vs. 2.7662920029636004
list:
dist: 3.219157624190012 vs. 3.219157624190012
list:
dist: 3.1205204859726177 vs. 3.1205204859726177
list:
dist: 1.1427131004928652 vs. 1.1427131004928652
list:
dist: 0.8788577740635931 vs. 0.8788577740635931
list:
dist: 1.2487704791827852 vs. 1.2487704791827852
list:
dist: 3.0304227480280193 vs. 3.0304227480280193
list:
dist: 2.357528280177211 vs. 2.357528280177211
list:
dist: 1.358969809639847 vs. 1.358969809639847
list:
dist: 1.1283787171607842 vs. 1.1283787171607842
list:
dist: 2.0702757211079628 vs. 2.0702757211079628
list:
dist: 3.212178206546402 vs. 3.212178206546402
list:
dist: 2.4623899102727806 vs. 2.4623899102727806
list:
dist: 2.090872345815604 vs. 2.090872345815604
list:
dist: 1.3714567708964973 vs. 1.3714567708964973
list:
dist: 1.9690686952426952 vs. 1.9690686952426952
list:
dist: 1.08148026175685 vs. 1.08148026175685
list:
dist: 1.7546966688658387 vs. 1.7546966688658387
list:
dist: 3.054092952764316 vs. 3.054092952764316
list:
dist: 2.486753791156175 vs. 2.486753791156175
list:
dist: 1.3755486214856798 vs. 1.3755486214856798
list:
dist: 3.0519367378723934 vs. 3.0519367378723934
list:
dist: 2.0897120379602407 vs. 2.0897120379602407
list:
dist: 2.926415079995633 vs. 2.926415079995633
list:
dist: 2.0702757211079628 vs. 2.0702757211079628
list:
dist: 4.203067069179855 vs. 4.203067069179855
list:
dist: 3.6491778678136697 vs. 3.6491778678136697
list:
dist: 1.4161901835528437 vs. 1.4161901835528437
list:
dist: 2.024759890079365 vs. 2.024759890079365
list:
dist: 0.45631700917636125 vs. 0.45631700917636125
list:
dist: 2.0689196552877864 vs. 2.0689196552877864
list:
dist: 1.5777466559774653 vs. 1.5777466559774653
list:
dist: 1.162658042981915 vs. 1.162658042981915
list:
dist: 1.9858338039166121 vs. 1.9858338039166121
list:
dist: 1.564187840443861 vs. 1.564187840443861
list:
dist: 2.539514908022045 vs. 2.539514908022045
list:
dist: 1.6897215629227245 vs. 1.6897215629227245
list:
dist: 2.2964816116753086 vs. 2.2964816116753086
list:
dist: 1.5128371331863733 vs. 1.5128371331863733
list:
dist: 0.6508436598143894 vs. 0.6508436598143894
list:
dist: 0.616515683812812 vs. 0.616515683812812
list:
dist: 1.0774303946452468 vs. 1.0774303946452468
list:
dist: 0.9428374785228933 vs. 0.9428374785228933
list:
dist: 2.083352901540915 vs. 2.083352901540915
list:
dist: 1.6595396808108183 vs. 1.6595396808108183
list:
dist: 1.7637627526370145 vs. 1.7637627526370145
list:
dist: 1.990620684707661 vs. 1.990620684707661
list:
dist: 2.2968211420104923 vs. 2.2968211420104923
list:
dist: 2.4509693177980254 vs. 2.4509693177980254
list:
dist: 1.5439191083916988 vs. 1.5439191083916988
list:
dist: 2.121394716855403 vs. 2.121394716855403
list:
dist: 1.1631521662825244 vs. 1.1631521662825244
list:
dist: 1.9449891663100969 vs. 1.9449891663100969
list:
dist: 2.1138810223437945 vs. 2.1138810223437945
list:
dist: 2.850797526207275 vs. 2.850797526207275
list:
dist: 3.2398760834764233 vs. 3.2398760834764233
list:
dist: 2.392168294457422 vs. 2.392168294457422
list:
dist: 2.0287747831095513 vs. 2.0287747831095513
list:
dist: 2.3232224351683817 vs. 2.3232224351683817
list:
dist: 0.7394719688149617 vs. 0.7394719688149617
list:
dist: 2.0041404946805317 vs. 2.0041404946805317
list:
dist: 2.080484860256214 vs. 2.080484860256214
list:
dist: 1.8503944407650699 vs. 1.8503944407650699
list:
dist: 1.1638403249905964 vs. 1.1638403249905964
list:
dist: 2.606169614968507 vs. 2.606169614968507
list:
dist: 2.0689196552877864 vs. 2.0689196552877864
list:
dist: 2.068317049602442 vs. 2.068317049602442
list:
dist: 1.7387637824509115 vs. 1.7387637824509115
list:
dist: 2.747798217382393 vs. 2.747798217382393
list:
dist: 1.2380476448553188 vs. 1.2380476448553188
list:
dist: 2.565609990937402 vs. 2.565609990937402
list:
dist: 2.928223347972307 vs. 2.928223347972307
list:
dist: 1.4841940825652262 vs. 1.4841940825652262
list:
dist: 1.4559075188877164 vs. 1.4559075188877164
list:
dist: 1.1638403249905964 vs. 1.1638403249905964
list:
dist: 1.3284490720848956 vs. 1.3284490720848956
list:
dist: 1.8760190796977787 vs. 1.8760190796977787
list:
dist: 1.4648606092041667 vs. 1.4648606092041667
list:
dist: 1.5258620394820577 vs. 1.5258620394820577
list:
dist: 3.0080065316911697 vs. 3.0080065316911697
list:
dist: 2.756603428112933 vs. 2.756603428112933
list:
dist: 3.2993497311470934 vs. 3.2993497311470934
list:
dist: 2.539514908022045 vs. 2.539514908022045
list:
dist: 2.7560051545031925 vs. 2.7560051545031925
list:
dist: 2.0068095320982664 vs. 2.0068095320982664
list:
dist: 2.9968053249701887 vs. 2.9968053249701887
list:
dist: 2.016573304997098 vs. 2.016573304997098
list:
dist: 2.0816679907285405 vs. 2.0816679907285405
list:
dist: 3.0178060387493058 vs. 3.0178060387493058
list:
dist: 1.5218995497033667 vs. 1.5218995497033667
list:
dist: 1.5751022089538786 vs. 1.5751022089538786
list:
dist: 3.791926056219922 vs. 3.791926056219922
list:
dist: 3.872892747066317 vs. 3.872892747066317
list:
dist: 3.598521040650665 vs. 3.598521040650665
list:
dist: 3.356992580335387 vs. 3.356992580335387
list:
dist: 4.004938842409767 vs. 4.004938842409767
list:
dist: 4.122704920052024 vs. 4.122704920052024
list:
dist: 0.7394719688149617 vs. 0.7394719688149617
list:
dist: 1.529000826099128 vs. 1.529000826099128
list:
dist: 1.6923893010931503 vs. 1.6923893010931503
list:
dist: 1.5773897559324153 vs. 1.5773897559324153
list:
dist: 1.3284490720848956 vs. 1.3284490720848956
list:
dist: 2.500365575372678 vs. 2.500365575372678
list:
dist: 2.659268218726148 vs. 2.659268218726148
list:
dist: 2.5176994058521234 vs. 2.5176994058521234
list:
dist: 1.5777466559774653 vs. 1.5777466559774653
list:
dist: 1.7628481941382097 vs. 1.7628481941382097
list:
dist: 1.1769847345926676 vs. 1.1769847345926676
list:
dist: 2.4139557306667556 vs. 2.4139557306667556
list:
dist: 0.8382670340333263 vs. 0.8382670340333263
list:
dist: 2.351635384795788 vs. 2.351635384795788
list:
dist: 2.7199458151453575 vs. 2.7199458151453575
list:
dist: 1.5969240968645326 vs. 1.5969240968645326
list:
dist: 1.712599546161487 vs. 1.712599546161487
list:
dist: 3.7172522422086844 vs. 3.7172522422086844
list:
dist: 3.2383925466691297 vs. 3.2383925466691297
list:
dist: 3.0241851609402475 vs. 3.0241851609402475
list:
dist: 3.330478317992094 vs. 3.330478317992094
list:
dist: 2.6175634834374697 vs. 2.6175634834374697
list:
dist: 3.0932392181282418 vs. 3.0932392181282418
list:
dist: 3.5119301715863664 vs. 3.5119301715863664
list:
dist: 3.882202123525153 vs. 3.882202123525153
list:
dist: 1.8503944407650699 vs. 1.8503944407650699
list:
dist: 1.5773897559324153 vs. 1.5773897559324153
list:
dist: 0.5887384545288025 vs. 0.5887384545288025
list:
dist: 0.770835781903164 vs. 0.770835781903164
list:
dist: 1.5258620394820577 vs. 1.5258620394820577
list:
dist: 1.8116094068273638 vs. 1.8116094068273638
list:
dist: 1.7131006468421413 vs. 1.7131006468421413
list:
dist: 2.440955174309397 vs. 2.440955174309397
list:
dist: 1.564187840443861 vs. 1.564187840443861
list:
dist: 1.9338283605082276 vs. 1.9338283605082276
list:
dist: 1.095801155085982 vs. 1.095801155085982
list:
dist: 1.6410082756489484 vs. 1.6410082756489484
list:
dist: 1.6859699058885227 vs. 1.6859699058885227
list:
dist: 0.7754046919955755 vs. 0.7754046919955755
list:
dist: 1.6362431514739475 vs. 1.6362431514739475
list:
dist: 0.9931524813462689 vs. 0.9931524813462689
list:
dist: 1.3079541726094854 vs. 1.3079541726094854
list:
dist: 2.4347510831364816 vs. 2.4347510831364816
list:
dist: 2.48322870821325 vs. 2.48322870821325
list:
dist: 2.452707589659741 vs. 2.452707589659741
list:
dist: 1.8500055417283636 vs. 1.8500055417283636
list:
dist: 2.500785872196511 vs. 2.500785872196511
list:
dist: 2.705337519837402 vs. 2.705337519837402
list:
dist: 2.080484860256214 vs. 2.080484860256214
list:
dist: 1.6923893010931503 vs. 1.6923893010931503
list:
dist: 0.8755416267476671 vs. 0.8755416267476671
list:
dist: 0.770835781903164 vs. 0.770835781903164
list:
dist: 1.4648606092041667 vs. 1.4648606092041667
list:
dist: 1.6949073132745693 vs. 1.6949073132745693
list:
dist: 1.3068709144860613 vs. 1.3068709144860613
list:
dist: 3.123697605791992 vs. 3.123697605791992
list:
dist: 1.9858338039166121 vs. 1.9858338039166121
list:
dist: 2.4770939166888133 vs. 2.4770939166888133
list:
dist: 1.4062726978069657 vs. 1.4062726978069657
list:
dist: 2.2389050074567 vs. 2.2389050074567
list:
dist: 2.0473124158015037 vs. 2.0473124158015037
list:
dist: 1.1529060091060053 vs. 1.1529060091060053
list:
dist: 2.3049231241080013 vs. 2.3049231241080013
list:
dist: 1.6664794042953213 vs. 1.6664794042953213
list:
dist: 1.9472273055456695 vs. 1.9472273055456695
list:
dist: 2.725231853153142 vs. 2.725231853153142
list:
dist: 2.5579781281189207 vs. 2.5579781281189207
list:
dist: 2.7282318381923414 vs. 2.7282318381923414
list:
dist: 2.343702468941778 vs. 2.343702468941778
list:
dist: 2.8724875192916026 vs. 2.8724875192916026
list:
dist: 2.7102835785930846 vs. 2.7102835785930846
list:
dist: 3.330478317992094 vs. 3.330478317992094
list:
dist: 2.022104651866132 vs. 2.022104651866132
list:
dist: 2.5579781281189207 vs. 2.5579781281189207
list:
dist: 2.48322870821325 vs. 2.48322870821325
list:
dist: 3.872892747066317 vs. 3.872892747066317
list:
dist: 1.0225053182734465 vs. 1.0225053182734465
list:
dist: 1.6585837256263023 vs. 1.6585837256263023
list:
dist: 3.099040245303457 vs. 3.099040245303457
list:
dist: 2.121394716855403 vs. 2.121394716855403
list:
dist: 2.6247867177525586 vs. 2.6247867177525586
list:
dist: 2.19819487426735 vs. 2.19819487426735
list:
dist: 1.8411663490520112 vs. 1.8411663490520112
list:
dist: 2.9930009643998576 vs. 2.9930009643998576
list:
dist: 2.410091440896203 vs. 2.410091440896203
list:
dist: 2.1727894606191778 vs. 2.1727894606191778
list:
dist: 3.209758014544063 vs. 3.209758014544063
list:
dist: 3.518330180527185 vs. 3.518330180527185
list:
dist: 2.1921163956150416 vs. 2.1921163956150416
list:
dist: 2.8510919462176036 vs. 2.8510919462176036
list:
dist: 0.949104923363434 vs. 0.949104923363434
list:
dist: 1.5241536089399461 vs. 1.5241536089399461
list:
dist: 1.646035741880967 vs. 1.646035741880967
list:
dist: 1.1206171063438175 vs. 1.1206171063438175
list:
dist: 0.9898616055179188 vs. 0.9898616055179188
list:
dist: 2.151595367134668 vs. 2.151595367134668
list:
dist: 2.4926251644903243 vs. 2.4926251644903243
list:
dist: 1.900492837043232 vs. 1.900492837043232
list:
dist: 1.7611618035802532 vs. 1.7611618035802532
list:
dist: 1.6958562321768145 vs. 1.6958562321768145
list:
dist: 2.4425001360042726 vs. 2.4425001360042726
list:
dist: 3.0932392181282418 vs. 3.0932392181282418
list:
dist: 1.7347995824764677 vs. 1.7347995824764677
list:
dist: 2.343702468941778 vs. 2.343702468941778
list:
dist: 1.8500055417283636 vs. 1.8500055417283636
list:
dist: 3.356992580335387 vs. 3.356992580335387
list:
dist: 1.8986761972395625 vs. 1.8986761972395625
list:
dist: 2.1867639627986453 vs. 2.1867639627986453
list:
dist: 2.247047608193718 vs. 2.247047608193718
list:
dist: 1.9449891663100969 vs. 1.9449891663100969
list:
dist: 2.187790568719949 vs. 2.187790568719949
list:
dist: 2.0382374088235427 vs. 2.0382374088235427
list:
dist: 0.9869801744952429 vs. 0.9869801744952429
list:
dist: 2.70634464614196 vs. 2.70634464614196
list:
dist: 1.5208504609554694 vs. 1.5208504609554694
list:
dist: 0.7293532217889515 vs. 0.7293532217889515
list:
dist: 2.2067242485448406 vs. 2.2067242485448406
list:
dist: 2.459113259515007 vs. 2.459113259515007
list:
dist: 1.5417872933678445 vs. 1.5417872933678445
list:
dist: 1.646035741880967 vs. 1.646035741880967
list:
dist: 2.063218768363079 vs. 2.063218768363079
list:
dist: 0.9156558316023276 vs. 0.9156558316023276
list:
dist: 1.7249171800364616 vs. 1.7249171800364616
list:
dist: 3.4064028125250343 vs. 3.4064028125250343
list:
dist: 2.391721982542732 vs. 2.391721982542732
list:
dist: 1.6045232904673095 vs. 1.6045232904673095
list:
dist: 1.9309833768460303 vs. 1.9309833768460303
list:
dist: 1.1056823797530984 vs. 1.1056823797530984
list:
dist: 2.681915187083508 vs. 2.681915187083508
list:
dist: 2.6175634834374697 vs. 2.6175634834374697
list:
dist: 1.9288103716051774 vs. 1.9288103716051774
list:
dist: 2.7282318381923414 vs. 2.7282318381923414
list:
dist: 2.452707589659741 vs. 2.452707589659741
list:
dist: 3.598521040650665 vs. 3.598521040650665
list:
dist: 1.5665409398615988 vs. 1.5665409398615988
list:
dist: 2.447612625757833 vs. 2.447612625757833
list:
dist: 2.0818543238787264 vs. 2.0818543238787264
list:
dist: 1.1631521662825244 vs. 1.1631521662825244
list:
dist: 1.4873513287679796 vs. 1.4873513287679796
list:
dist: 1.592785873737335 vs. 1.592785873737335
list:
dist: 1.4375540311992006 vs. 1.4375540311992006
list:
dist: 2.0088627670995467 vs. 2.0088627670995467
list:
dist: 2.762825189696869 vs. 2.762825189696869
list:
dist: 2.102447196075149 vs. 2.102447196075149
list:
dist: 2.8413439651090817 vs. 2.8413439651090817
list:
dist: 3.0882202495025886 vs. 3.0882202495025886
list:
dist: 1.2199719895202978 vs. 1.2199719895202978
list:
dist: 1.8021789550716714 vs. 1.8021789550716714
list:
dist: 0.7560480719206459 vs. 0.7560480719206459
list:
dist: 1.5241536089399461 vs. 1.5241536089399461
list:
dist: 2.063218768363079 vs. 2.063218768363079
list:
dist: 1.6952281003790257 vs. 1.6952281003790257
list:
dist: 2.470772124360105 vs. 2.470772124360105
list:
dist: 2.4705755790328214 vs. 2.4705755790328214
list:
dist: 2.5253626432826026 vs. 2.5253626432826026
list:
dist: 1.8262232223202137 vs. 1.8262232223202137
list:
dist: 1.2162231666915053 vs. 1.2162231666915053
list:
dist: 1.9357888866608155 vs. 1.9357888866608155
list:
dist: 3.1529172327467796 vs. 3.1529172327467796
list:
dist: 2.565609990937402 vs. 2.565609990937402
list:
dist: 2.351635384795788 vs. 2.351635384795788
list:
dist: 1.1178028502775121 vs. 1.1178028502775121
list:
dist: 1.1529060091060053 vs. 1.1529060091060053
list:
dist: 0.7754046919955755 vs. 0.7754046919955755
list:
dist: 2.0816679907285405 vs. 2.0816679907285405
list:
dist: 1.9579565133184973 vs. 1.9579565133184973
list:
dist: 1.6953772455761498 vs. 1.6953772455761498
list:
dist: 2.7587832278655977 vs. 2.7587832278655977
list:
dist: 2.083352901540915 vs. 2.083352901540915
list:
dist: 2.435696754538345 vs. 2.435696754538345
list:
dist: 1.7329295473676074 vs. 1.7329295473676074
list:
dist: 1.7479234990689556 vs. 1.7479234990689556
list:
dist: 2.3969644901579716 vs. 2.3969644901579716
list:
dist: 1.4876998181259495 vs. 1.4876998181259495
list:
dist: 1.401446406020915 vs. 1.401446406020915
list:
dist: 1.6811418591525784 vs. 1.6811418591525784
list:
dist: 2.526113457299066 vs. 2.526113457299066
list:
dist: 2.410091440896203 vs. 2.410091440896203
list:
dist: 2.762825189696869 vs. 2.762825189696869
list:
dist: 1.5208504609554694 vs. 1.5208504609554694
list:
dist: 2.295081426427746 vs. 2.295081426427746
list:
dist: 2.3573965999436837 vs. 2.3573965999436837
list:
dist: 3.8933753968681097 vs. 3.8933753968681097
list:
dist: 3.061829109151331 vs. 3.061829109151331
list:
dist: 3.1882226602392283 vs. 3.1882226602392283
list:
dist: 2.6111335351763723 vs. 2.6111335351763723
list:
dist: 2.292115007004309 vs. 2.292115007004309
list:
dist: 2.392168294457422 vs. 2.392168294457422
list:
dist: 2.4360203531868283 vs. 2.4360203531868283
list:
dist: 2.8209830690620943 vs. 2.8209830690620943
list:
dist: 1.6153241331680637 vs. 1.6153241331680637
list:
dist: 3.278151044590053 vs. 3.278151044590053
list:
dist: 3.061829109151331 vs. 3.061829109151331
list:
dist: 1.8234333031621133 vs. 1.8234333031621133
list:
dist: 3.3746859300242233 vs. 3.3746859300242233
list:
dist: 3.5817773524170584 vs. 3.5817773524170584
list:
dist: 1.955176989867705 vs. 1.955176989867705
list:
dist: 3.433986271591947 vs. 3.433986271591947
list:
dist: 1.319973463591637 vs. 1.319973463591637
list:
dist: 1.900492837043232 vs. 1.900492837043232
list:
dist: 1.8262232223202137 vs. 1.8262232223202137
list:
dist: 1.6045232904673095 vs. 1.6045232904673095
list:
dist: 0.9943945441353859 vs. 0.9943945441353859
list:
dist: 2.3597437008089566 vs. 2.3597437008089566
list:
dist: 2.4589180309345746 vs. 2.4589180309345746
list:
dist: 0.8892688233434964 vs. 0.8892688233434964
list:
dist: 0.7704847697619402 vs. 0.7704847697619402
list:
dist: 0.5632396944050719 vs. 0.5632396944050719
list:
dist: 1.759626902660049 vs. 1.759626902660049
list:
dist: 2.606169614968507 vs. 2.606169614968507
list:
dist: 2.5176994058521234 vs. 2.5176994058521234
list:
dist: 2.3368948432136376 vs. 2.3368948432136376
list:
dist: 3.123697605791992 vs. 3.123697605791992
list:
dist: 2.440955174309397 vs. 2.440955174309397
list:
dist: 3.2993497311470934 vs. 3.2993497311470934
list:
dist: 3.021172956924896 vs. 3.021172956924896
list:
dist: 3.5861315512934473 vs. 3.5861315512934473
list:
dist: 1.5128371331863733 vs. 1.5128371331863733
list:
dist: 0.9503411346711569 vs. 0.9503411346711569
list:
dist: 1.9697308970117164 vs. 1.9697308970117164
list:
dist: 1.38160883223791 vs. 1.38160883223791
list:
dist: 1.7663384223729737 vs. 1.7663384223729737
list:
dist: 2.7587832278655977 vs. 2.7587832278655977
list:
dist: 1.6452555716185084 vs. 1.6452555716185084
list:
dist: 2.010913296063788 vs. 2.010913296063788
list:
dist: 2.052846159159848 vs. 2.052846159159848
list:
dist: 2.74273419331089 vs. 2.74273419331089
list:
dist: 3.4206196655385814 vs. 3.4206196655385814
list:
dist: 2.2985682482233853 vs. 2.2985682482233853
list:
dist: 3.099040245303457 vs. 3.099040245303457
list:
dist: 2.0818543238787264 vs. 2.0818543238787264
list:
dist: 2.247047608193718 vs. 2.247047608193718
list:
dist: 2.5128755578766735 vs. 2.5128755578766735
list:
dist: 3.7177242357916858 vs. 3.7177242357916858
list:
dist: 3.022721076019866 vs. 3.022721076019866
list:
dist: 2.292115007004309 vs. 2.292115007004309
list:
dist: 2.1629246082325575 vs. 2.1629246082325575
list:
dist: 2.3383697884945143 vs. 2.3383697884945143
list:
dist: 2.747798217382393 vs. 2.747798217382393
list:
dist: 2.4139557306667556 vs. 2.4139557306667556
list:
dist: 1.4100260243209863 vs. 1.4100260243209863
list:
dist: 2.2389050074567 vs. 2.2389050074567
list:
dist: 1.6410082756489484 vs. 1.6410082756489484
list:
dist: 2.9968053249701887 vs. 2.9968053249701887
list:
dist: 1.8377020143813343 vs. 1.8377020143813343
list:
dist: 2.3633535855516112 vs. 2.3633535855516112
list:
dist: 1.38160883223791 vs. 1.38160883223791
list:
dist: 1.0774303946452468 vs. 1.0774303946452468
list:
dist: 1.209674477673542 vs. 1.209674477673542
list:
dist: 1.3716833700681055 vs. 1.3716833700681055
list:
dist: 1.8559728636403623 vs. 1.8559728636403623
list:
dist: 1.7479234990689556 vs. 1.7479234990689556
list:
dist: 0.6854903000749043 vs. 0.6854903000749043
list:
dist: 1.793498385202618 vs. 1.793498385202618
list:
dist: 2.0262649396327657 vs. 2.0262649396327657
list:
dist: 2.4187047314664003 vs. 2.4187047314664003
list:
dist: 3.1748575502077423 vs. 3.1748575502077423
list:
dist: 1.2792022834428325 vs. 1.2792022834428325
list:
dist: 1.8411663490520112 vs. 1.8411663490520112
list:
dist: 1.4375540311992006 vs. 1.4375540311992006
list:
dist: 0.9869801744952429 vs. 0.9869801744952429
list:
dist: 1.3150520359125009 vs. 1.3150520359125009
list:
dist: 2.35382272090762 vs. 2.35382272090762
list:
dist: 2.502464765538838 vs. 2.502464765538838
list:
dist: 1.6153241331680637 vs. 1.6153241331680637
list:
dist: 1.602813103613573 vs. 1.602813103613573
list:
dist: 1.4023151039526522 vs. 1.4023151039526522
list:
dist: 2.500365575372678 vs. 2.500365575372678
list:
dist: 1.2924881786010547 vs. 1.2924881786010547
list:
dist: 1.6949073132745693 vs. 1.6949073132745693
list:
dist: 1.8116094068273638 vs. 1.8116094068273638
list:
dist: 3.0080065316911697 vs. 3.0080065316911697
list:
dist: 0.9099112390712327 vs. 0.9099112390712327
list:
dist: 3.021172956924896 vs. 3.021172956924896
list:
dist: 1.6897215629227245 vs. 1.6897215629227245
list:
dist: 2.320558105121561 vs. 2.320558105121561
list:
dist: 1.5107193193040893 vs. 1.5107193193040893
list:
dist: 1.8377020143813343 vs. 1.8377020143813343
list:
dist: 2.3585784690967246 vs. 2.3585784690967246
list:
dist: 1.9579565133184973 vs. 1.9579565133184973
list:
dist: 2.2111246528233806 vs. 2.2111246528233806
list:
dist: 2.6673490797557484 vs. 2.6673490797557484
list:
dist: 2.987088901517119 vs. 2.987088901517119
list:
dist: 2.5861141697180776 vs. 2.5861141697180776
list:
dist: 2.665038310832111 vs. 2.665038310832111
list:
dist: 1.411998914880127 vs. 1.411998914880127
list:
dist: 1.0225053182734465 vs. 1.0225053182734465
list:
dist: 1.5665409398615988 vs. 1.5665409398615988
list:
dist: 1.8986761972395625 vs. 1.8986761972395625
list:
dist: 1.8206119622306522 vs. 1.8206119622306522
list:
dist: 1.5717253688853936 vs. 1.5717253688853936
list:
dist: 2.954274849837066 vs. 2.954274849837066
list:
dist: 2.659268218726148 vs. 2.659268218726148
list:
dist: 1.4169887888818944 vs. 1.4169887888818944
list:
dist: 1.3068709144860613 vs. 1.3068709144860613
list:
dist: 1.7131006468421413 vs. 1.7131006468421413
list:
dist: 2.756603428112933 vs. 2.756603428112933
list:
dist: 0.9099112390712327 vs. 0.9099112390712327
list:
dist: 3.5861315512934473 vs. 3.5861315512934473
list:
dist: 2.2964816116753086 vs. 2.2964816116753086
list:
dist: 2.917936051288498 vs. 2.917936051288498
list:
dist: 1.911507668761669 vs. 1.911507668761669
list:
dist: 2.3633535855516112 vs. 2.3633535855516112
list:
dist: 2.7705043251945387 vs. 2.7705043251945387
list:
dist: 1.6953772455761498 vs. 1.6953772455761498
list:
dist: 2.5246378293596097 vs. 2.5246378293596097
list:
dist: 2.6991440950626595 vs. 2.6991440950626595
list:
dist: 3.018798399716016 vs. 3.018798399716016
list:
dist: 2.2335371984472934 vs. 2.2335371984472934
list:
dist: 1.6585837256263023 vs. 1.6585837256263023
list:
dist: 2.447612625757833 vs. 2.447612625757833
list:
dist: 2.1867639627986453 vs. 2.1867639627986453
list:
dist: 2.35986243914995 vs. 2.35986243914995
list:
dist: 1.6779515740945967 vs. 1.6779515740945967
list:
dist: 3.681100366546749 vs. 3.681100366546749
list:
dist: 3.882202123525153 vs. 3.882202123525153
list:
dist: 2.4044403619971226 vs. 2.4044403619971226
list:
dist: 2.7102835785930846 vs. 2.7102835785930846
list:
dist: 2.705337519837402 vs. 2.705337519837402
list:
dist: 4.122704920052024 vs. 4.122704920052024
list:
dist: 1.5717253688853936 vs. 1.5717253688853936
list:
dist: 1.6779515740945967 vs. 1.6779515740945967
list:
dist: 3.7177242357916858 vs. 3.7177242357916858
list:
dist: 2.850797526207275 vs. 2.850797526207275
list:
dist: 3.348292094196988 vs. 3.348292094196988
list:
dist: 2.803885330344062 vs. 2.803885330344062
list:
dist: 2.35382272090762 vs. 2.35382272090762
list:
dist: 3.6658194099823946 vs. 3.6658194099823946
list:
dist: 2.3573965999436837 vs. 2.3573965999436837
list:
dist: 2.4123477587234894 vs. 2.4123477587234894
list:
dist: 3.491587056620994 vs. 3.491587056620994
list:
dist: 3.801354967793056 vs. 3.801354967793056
list:
dist: 1.8263076236037108 vs. 1.8263076236037108
list:
dist: 0.9898616055179188 vs. 0.9898616055179188
list:
dist: 2.470772124360105 vs. 2.470772124360105
list:
dist: 1.7249171800364616 vs. 1.7249171800364616
list:
dist: 1.4328436592104044 vs. 1.4328436592104044
list:
dist: 2.699259482507033 vs. 2.699259482507033
list:
dist: 2.8467089655122675 vs. 2.8467089655122675
list:
dist: 2.3597437008089566 vs. 2.3597437008089566
list:
dist: 2.5029169392973833 vs. 2.5029169392973833
list:
dist: 1.9805727276584182 vs. 1.9805727276584182
list:
dist: 2.4105455899164703 vs. 2.4105455899164703
list:
dist: 1.4841940825652262 vs. 1.4841940825652262
list:
dist: 1.5969240968645326 vs. 1.5969240968645326
list:
dist: 1.400231669905491 vs. 1.400231669905491
list:
dist: 1.6664794042953213 vs. 1.6664794042953213
list:
dist: 0.9931524813462689 vs. 0.9931524813462689
list:
dist: 1.5218995497033667 vs. 1.5218995497033667
list:
dist: 2.6673490797557484 vs. 2.6673490797557484
list:
dist: 2.6991440950626595 vs. 2.6991440950626595
list:
dist: 2.010913296063788 vs. 2.010913296063788
list:
dist: 1.7637627526370145 vs. 1.7637627526370145
list:
dist: 1.787383051854242 vs. 1.787383051854242
list:
dist: 1.5031909086273136 vs. 1.5031909086273136
list:
dist: 1.793498385202618 vs. 1.793498385202618
list:
dist: 1.5857627854786664 vs. 1.5857627854786664
list:
dist: 1.401446406020915 vs. 1.401446406020915
list:
dist: 1.673007269167978 vs. 1.673007269167978
list:
dist: 0.32559384529330154 vs. 0.32559384529330154
list:
dist: 2.9148588671861346 vs. 2.9148588671861346
list:
dist: 3.209758014544063 vs. 3.209758014544063
list:
dist: 2.8413439651090817 vs. 2.8413439651090817
list:
dist: 2.2067242485448406 vs. 2.2067242485448406
list:
dist: 2.946058034824757 vs. 2.946058034824757
list:
dist: 3.491587056620994 vs. 3.491587056620994
list:
dist: 4.247001873731983 vs. 4.247001873731983
list:
dist: 3.3746859300242233 vs. 3.3746859300242233
list:
dist: 3.3688432089910023 vs. 3.3688432089910023
list:
dist: 3.081833712458115 vs. 3.081833712458115
list:
dist: 2.0041404946805317 vs. 2.0041404946805317
list:
dist: 1.529000826099128 vs. 1.529000826099128
list:
dist: 0.8755416267476671 vs. 0.8755416267476671
list:
dist: 0.5887384545288025 vs. 0.5887384545288025
list:
dist: 1.8760190796977787 vs. 1.8760190796977787
list:
dist: 1.2924881786010547 vs. 1.2924881786010547
list:
dist: 1.4169887888818944 vs. 1.4169887888818944
list:
dist: 2.3368948432136376 vs. 2.3368948432136376
list:
dist: 1.162658042981915 vs. 1.162658042981915
list:
dist: 1.6789234589369868 vs. 1.6789234589369868
list:
dist: 0.6818953828434939 vs. 0.6818953828434939
list:
dist: 1.4100260243209863 vs. 1.4100260243209863
list:
dist: 1.4958241719084926 vs. 1.4958241719084926
list:
dist: 1.1178028502775121 vs. 1.1178028502775121
list:
dist: 1.6283086130440863 vs. 1.6283086130440863
list:
dist: 1.400231669905491 vs. 1.400231669905491
list:
dist: 1.7181050389899588 vs. 1.7181050389899588
list:
dist: 3.1464805593814975 vs. 3.1464805593814975
list:
dist: 3.2010251889722015 vs. 3.2010251889722015
list:
dist: 1.9566308388753564 vs. 1.9566308388753564
list:
dist: 2.022104651866132 vs. 2.022104651866132
list:
dist: 1.9288103716051774 vs. 1.9288103716051774
list:
dist: 1.7347995824764677 vs. 1.7347995824764677
list:
dist: 2.191801076821522 vs. 2.191801076821522
list:
dist: 2.4044403619971226 vs. 2.4044403619971226
list:
dist: 1.7151074095911623 vs. 1.7151074095911623
list:
dist: 3.022721076019866 vs. 3.022721076019866
list:
dist: 3.2398760834764233 vs. 3.2398760834764233
list:
dist: 3.250198288540016 vs. 3.250198288540016
list:
dist: 3.689165478533727 vs. 3.689165478533727
list:
dist: 2.502464765538838 vs. 2.502464765538838
list:
dist: 4.121233030063492 vs. 4.121233030063492
list:
dist: 3.8933753968681097 vs. 3.8933753968681097
list:
dist: 2.659504899244027 vs. 2.659504899244027
list:
dist: 4.247001873731983 vs. 4.247001873731983
list:
dist: 4.442716338020699 vs. 4.442716338020699
list:
dist: 2.248119094446057 vs. 2.248119094446057
list:
dist: 3.8990207646527386 vs. 3.8990207646527386
list:
dist: 2.040092107155912 vs. 2.040092107155912
list:
dist: 2.4926251644903243 vs. 2.4926251644903243
list:
dist: 2.5253626432826026 vs. 2.5253626432826026
list:
dist: 2.391721982542732 vs. 2.391721982542732
list:
dist: 1.7047985180032146 vs. 1.7047985180032146
list:
dist: 2.8467089655122675 vs. 2.8467089655122675
list:
dist: 2.341636685545524 vs. 2.341636685545524
list:
dist: 0.8892688233434964 vs. 0.8892688233434964
list:
dist: 1.3315480159477293 vs. 1.3315480159477293
list:
dist: 1.286308195113409 vs. 1.286308195113409
list:
dist: 1.2972472966146085 vs. 1.2972472966146085
list:
dist: 2.1629246082325575 vs. 2.1629246082325575
list:
dist: 2.0287747831095513 vs. 2.0287747831095513
list:
dist: 2.097639591081014 vs. 2.097639591081014
list:
dist: 2.5224923637607795 vs. 2.5224923637607795
list:
dist: 1.602813103613573 vs. 1.602813103613573
list:
dist: 2.9140696028989392 vs. 2.9140696028989392
list:
dist: 3.1882226602392283 vs. 3.1882226602392283
list:
dist: 2.0663175747162508 vs. 2.0663175747162508
list:
dist: 3.3688432089910023 vs. 3.3688432089910023
list:
dist: 3.585978670994687 vs. 3.585978670994687
list:
dist: 1.2035757160173772 vs. 1.2035757160173772
list:
dist: 2.6867443751477906 vs. 2.6867443751477906
list:
dist: 0.9436703013379115 vs. 0.9436703013379115
list:
dist: 1.7611618035802532 vs. 1.7611618035802532
list:
dist: 1.2162231666915053 vs. 1.2162231666915053
list:
dist: 1.9309833768460303 vs. 1.9309833768460303
list:
dist: 1.2809525194851377 vs. 1.2809525194851377
list:
dist: 2.5029169392973833 vs. 2.5029169392973833
list:
dist: 2.1292294960319107 vs. 2.1292294960319107
list:
dist: 1.3315480159477293 vs. 1.3315480159477293
list:
dist: 0.7704847697619402 vs. 0.7704847697619402
list:
dist: 1.168213341605858 vs. 1.168213341605858
list:
dist: 2.200545553052962 vs. 2.200545553052962
list:
dist: 2.4893012861303077 vs. 2.4893012861303077
list:
dist: 2.4425001360042726 vs. 2.4425001360042726
list:
dist: 3.1529172327467796 vs. 3.1529172327467796
list:
dist: 2.681915187083508 vs. 2.681915187083508
list:
dist: 1.934386688237107 vs. 1.934386688237107
list:
dist: 2.4105455899164703 vs. 2.4105455899164703
list:
dist: 2.1716785743677915 vs. 2.1716785743677915
list:
dist: 1.2972472966146085 vs. 1.2972472966146085
list:
dist: 1.759626902660049 vs. 1.759626902660049
list:
dist: 2.200545553052962 vs. 2.200545553052962
list:
dist: 1.8021868986463956 vs. 1.8021868986463956
list:
dist: 2.928223347972307 vs. 2.928223347972307
list:
dist: 2.7199458151453575 vs. 2.7199458151453575
list:
dist: 1.6283086130440863 vs. 1.6283086130440863
list:
dist: 2.3049231241080013 vs. 2.3049231241080013
list:
dist: 1.6362431514739475 vs. 1.6362431514739475
list:
dist: 3.0178060387493058 vs. 3.0178060387493058
list:
dist: 2.2111246528233806 vs. 2.2111246528233806
list:
dist: 2.5246378293596097 vs. 2.5246378293596097
list:
dist: 1.6452555716185084 vs. 1.6452555716185084
list:
dist: 1.6595396808108183 vs. 1.6595396808108183
list:
dist: 1.727072304490647 vs. 1.727072304490647
list:
dist: 1.7992736137010883 vs. 1.7992736137010883
list:
dist: 0.6854903000749043 vs. 0.6854903000749043
list:
dist: 2.277042010876712 vs. 2.277042010876712
list:
dist: 1.4876998181259495 vs. 1.4876998181259495
list:
dist: 1.673007269167978 vs. 1.673007269167978
list:
dist: 1.8784289960728093 vs. 1.8784289960728093
list:
dist: 1.8075243747802883 vs. 1.8075243747802883
list:
dist: 2.1727894606191778 vs. 2.1727894606191778
list:
dist: 2.102447196075149 vs. 2.102447196075149
list:
dist: 0.7293532217889515 vs. 0.7293532217889515
list:
dist: 1.4569330431592364 vs. 1.4569330431592364
list:
dist: 2.4123477587234894 vs. 2.4123477587234894
list:
dist: 2.659504899244027 vs. 2.659504899244027
list:
dist: 1.8234333031621133 vs. 1.8234333031621133
list:
dist: 2.0663175747162508 vs. 2.0663175747162508
list:
dist: 1.4577957295595818 vs. 1.4577957295595818
list:
dist: 3.5119301715863664 vs. 3.5119301715863664
list:
dist: 2.191801076821522 vs. 2.191801076821522
list:
dist: 2.8724875192916026 vs. 2.8724875192916026
list:
dist: 2.500785872196511 vs. 2.500785872196511
list:
dist: 4.004938842409767 vs. 4.004938842409767
list:
dist: 1.8206119622306522 vs. 1.8206119622306522
list:
dist: 2.35986243914995 vs. 2.35986243914995
list:
dist: 2.5128755578766735 vs. 2.5128755578766735
list:
dist: 2.1138810223437945 vs. 2.1138810223437945
list:
dist: 2.3909920214141143 vs. 2.3909920214141143
list:
dist: 2.348806841477681 vs. 2.348806841477681
list:
dist: 1.3150520359125009 vs. 1.3150520359125009
list:
dist: 3.02449166188446 vs. 3.02449166188446
list:
dist: 2.295081426427746 vs. 2.295081426427746
list:
dist: 1.4569330431592364 vs. 1.4569330431592364
list:
dist: 2.946058034824757 vs. 2.946058034824757
list:
dist: 3.2091410342302957 vs. 3.2091410342302957
list:
dist: 0.9807430981337786 vs. 0.9807430981337786
list:
dist: 1.1206171063438175 vs. 1.1206171063438175
list:
dist: 1.6952281003790257 vs. 1.6952281003790257
list:
dist: 0.9156558316023276 vs. 0.9156558316023276
list:
dist: 1.4328436592104044 vs. 1.4328436592104044
list:
dist: 2.5145981948529927 vs. 2.5145981948529927
list:
dist: 1.7047985180032146 vs. 1.7047985180032146
list:
dist: 0.9943945441353859 vs. 0.9943945441353859
list:
dist: 1.2809525194851377 vs. 1.2809525194851377
list:
dist: 0.6037638208513525 vs. 0.6037638208513525
list:
dist: 1.934386688237107 vs. 1.934386688237107
list:
dist: 2.3383697884945143 vs. 2.3383697884945143
list:
dist: 2.3232224351683817 vs. 2.3232224351683817
list:
dist: 2.4426939992283345 vs. 2.4426939992283345
list:
dist: 2.6526574382493844 vs. 2.6526574382493844
list:
dist: 1.4023151039526522 vs. 1.4023151039526522
list:
dist: 3.2065361544013267 vs. 3.2065361544013267
list:
dist: 2.6111335351763723 vs. 2.6111335351763723
list:
dist: 1.4577957295595818 vs. 1.4577957295595818
list:
dist: 3.081833712458115 vs. 3.081833712458115
list:
dist: 3.304081072912136 vs. 3.304081072912136
list:
dist: 1.3181146462861497 vs. 1.3181146462861497
list:
dist: 1.6958562321768145 vs. 1.6958562321768145
list:
dist: 1.9357888866608155 vs. 1.9357888866608155
list:
dist: 1.1056823797530984 vs. 1.1056823797530984
list:
dist: 0.6037638208513525 vs. 0.6037638208513525
list:
dist: 1.9805727276584182 vs. 1.9805727276584182
list:
dist: 2.702676493752648 vs. 2.702676493752648
list:
dist: 1.286308195113409 vs. 1.286308195113409
list:
dist: 0.5632396944050719 vs. 0.5632396944050719
list:
dist: 1.168213341605858 vs. 1.168213341605858
list:
dist: 1.8021868986463956 vs. 1.8021868986463956
list:
dist: 3.0241851609402475 vs. 3.0241851609402475
list:
dist: 1.9566308388753564 vs. 1.9566308388753564
list:
dist: 2.725231853153142 vs. 2.725231853153142
list:
dist: 2.4347510831364816 vs. 2.4347510831364816
list:
dist: 3.791926056219922 vs. 3.791926056219922
list:
dist: 1.411998914880127 vs. 1.411998914880127
list:
dist: 2.2335371984472934 vs. 2.2335371984472934
list:
dist: 2.2985682482233853 vs. 2.2985682482233853
list:
dist: 1.5439191083916988 vs. 1.5439191083916988
list:
dist: 1.8971667753549137 vs. 1.8971667753549137
list:
dist: 1.8724305354180895 vs. 1.8724305354180895
list:
dist: 1.2792022834428325 vs. 1.2792022834428325
list:
dist: 2.4804432884313936 vs. 2.4804432884313936
list:
dist: 2.526113457299066 vs. 2.526113457299066
list:
dist: 1.8075243747802883 vs. 1.8075243747802883
list:
dist: 2.9148588671861346 vs. 2.9148588671861346
list:
dist: 3.185609631357633 vs. 3.185609631357633
list:
dist: 1.4864079193886173 vs. 1.4864079193886173
list:
dist: 2.422626652292259 vs. 2.422626652292259
list:
dist: 0.949104923363434 vs. 0.949104923363434
list:
dist: 0.7560480719206459 vs. 0.7560480719206459
list:
dist: 1.5417872933678445 vs. 1.5417872933678445
list:
dist: 0.9807430981337786 vs. 0.9807430981337786
list:
dist: 1.8263076236037108 vs. 1.8263076236037108
list:
dist: 2.178217515629096 vs. 2.178217515629096
list:
dist: 2.040092107155912 vs. 2.040092107155912
list:
dist: 1.319973463591637 vs. 1.319973463591637
list:
dist: 0.9436703013379115 vs. 0.9436703013379115
list:
dist: 1.3181146462861497 vs. 1.3181146462861497
list:
dist: 2.4893012861303077 vs. 2.4893012861303077
list:
dist: 2.195787477349636 vs. 2.195787477349636
list:
dist: 2.2547074590674825 vs. 2.2547074590674825
list:
dist: 3.212177901084747 vs. 3.212177901084747
list:
dist: 3.412881697072349 vs. 3.412881697072349
list:
dist: 2.161669894612915 vs. 2.161669894612915
list:
dist: 2.0876440298568464 vs. 2.0876440298568464
list:
dist: 1.3169305116910606 vs. 1.3169305116910606
list:
dist: 2.408330330025567 vs. 2.408330330025567
list:
dist: 1.2419102687894064 vs. 1.2419102687894064
list:
dist: 2.727305997588472 vs. 2.727305997588472
list:
dist: 2.2887473308937683 vs. 2.2887473308937683
list:
dist: 0.9621658907193342 vs. 0.9621658907193342
list:
dist: 1.661285662505701 vs. 1.661285662505701
list:
dist: 2.287358898397577 vs. 2.287358898397577
list:
dist: 2.4158597927329177 vs. 2.4158597927329177
list:
dist: 1.705198679984946 vs. 1.705198679984946
list:
dist: 0.9611267043629126 vs. 0.9611267043629126
list:
dist: 0.7568462659531913 vs. 0.7568462659531913
list:
dist: 1.4307952255938416 vs. 1.4307952255938416
list:
dist: 1.9095775224654625 vs. 1.9095775224654625
list:
dist: 1.1431543360390493 vs. 1.1431543360390493
list:
dist: 1.3484429705985166 vs. 1.3484429705985166
list:
dist: 1.1421915953299175 vs. 1.1421915953299175
list:
dist: 1.102813994252012 vs. 1.102813994252012
list:
dist: 2.4768784572345557 vs. 2.4768784572345557
list:
dist: 1.5224179928113453 vs. 1.5224179928113453
list:
dist: 2.278524916968218 vs. 2.278524916968218
list:
dist: 2.281019102982575 vs. 2.281019102982575
list:
dist: 1.6151544876927029 vs. 1.6151544876927029
list:
dist: 2.4525104560586546 vs. 2.4525104560586546
list:
dist: 2.4242050376974325 vs. 2.4242050376974325
list:
dist: 1.879792754279662 vs. 1.879792754279662
list:
dist: 3.5260244168392116 vs. 3.5260244168392116
list:
dist: 1.1701002098649895 vs. 1.1701002098649895
list:
dist: 0.8015956453769619 vs. 0.8015956453769619
list:
dist: 1.027721976243042 vs. 1.027721976243042
list:
dist: 1.2312680062125563 vs. 1.2312680062125563
list:
dist: 1.7538099731945658 vs. 1.7538099731945658
list:
dist: 1.549111208033647 vs. 1.549111208033647
list:
dist: 1.906027718975292 vs. 1.906027718975292
list:
dist: 1.8983545423043189 vs. 1.8983545423043189
list:
dist: 2.6986822266619814 vs. 2.6986822266619814
list:
dist: 1.3484429705985166 vs. 1.3484429705985166
list:
dist: 1.4318507436231793 vs. 1.4318507436231793
list:
dist: 1.1573556473314945 vs. 1.1573556473314945
list:
dist: 1.0844049620291478 vs. 1.0844049620291478
list:
dist: 1.5181579662264724 vs. 1.5181579662264724
list:
dist: 2.5592272663160114 vs. 2.5592272663160114
list:
dist: 4.376716226847029 vs. 4.376716226847029
list:
dist: 2.600053470109824 vs. 2.600053470109824
list:
dist: 4.182563084947886 vs. 4.182563084947886
list:
dist: 2.052290821046851 vs. 2.052290821046851
list:
dist: 2.870827537644516 vs. 2.870827537644516
list:
dist: 3.92128599591193 vs. 3.92128599591193
list:
dist: 4.022054166815924 vs. 4.022054166815924
list:
dist: 3.4724692107529767 vs. 3.4724692107529767
list:
dist: 1.1469664898482295 vs. 1.1469664898482295
list:
dist: 2.1212628660682 vs. 2.1212628660682
list:
dist: 0.9683867309668063 vs. 0.9683867309668063
list:
dist: 1.538238523268247 vs. 1.538238523268247
list:
dist: 3.0242606826368923 vs. 3.0242606826368923
list:
dist: 1.7354849951175222 vs. 1.7354849951175222
list:
dist: 2.253615770570596 vs. 2.253615770570596
list:
dist: 3.057389583476111 vs. 3.057389583476111
list:
dist: 2.768689307019985 vs. 2.768689307019985
list:
dist: 1.8584205079895848 vs. 1.8584205079895848
list:
dist: 0.9515499241923919 vs. 0.9515499241923919
list:
dist: 1.423317736148652 vs. 1.423317736148652
list:
dist: 0.5420486378029792 vs. 0.5420486378029792
list:
dist: 1.3169305116910606 vs. 1.3169305116910606
list:
dist: 2.978112319888895 vs. 2.978112319888895
list:
dist: 2.250438188772831 vs. 2.250438188772831
list:
dist: 2.4525104560586546 vs. 2.4525104560586546
list:
dist: 1.7855176464139566 vs. 1.7855176464139566
list:
dist: 1.689754012499321 vs. 1.689754012499321
list:
dist: 1.848576376070913 vs. 1.848576376070913
list:
dist: 2.357104104184474 vs. 2.357104104184474
list:
dist: 3.0826471079021793 vs. 3.0826471079021793
list:
dist: 3.260205419695366 vs. 3.260205419695366
list:
dist: 4.376716226847029 vs. 4.376716226847029
list:
dist: 3.5212748315528173 vs. 3.5212748315528173
list:
dist: 4.6759197058935555 vs. 4.6759197058935555
list:
dist: 3.833376117258502 vs. 3.833376117258502
list:
dist: 3.0866484328047257 vs. 3.0866484328047257
list:
dist: 1.8193754832678348 vs. 1.8193754832678348
list:
dist: 0.8698339664744248 vs. 0.8698339664744248
list:
dist: 1.6535244278342034 vs. 1.6535244278342034
list:
dist: 1.4214591794647091 vs. 1.4214591794647091
list:
dist: 3.3172622346477363 vs. 3.3172622346477363
list:
dist: 2.768689307019985 vs. 2.768689307019985
list:
dist: 1.2297221618593532 vs. 1.2297221618593532
list:
dist: 2.1068920504091184 vs. 2.1068920504091184
list:
dist: 3.1238123653409273 vs. 3.1238123653409273
list:
dist: 1.1176425078124808 vs. 1.1176425078124808
list:
dist: 1.520064791791476 vs. 1.520064791791476
list:
dist: 0.795138498988956 vs. 0.795138498988956
list:
dist: 1.6645672493785033 vs. 1.6645672493785033
list:
dist: 1.2196376330458731 vs. 1.2196376330458731
list:
dist: 2.619095339689093 vs. 2.619095339689093
list:
dist: 3.0913438730454494 vs. 3.0913438730454494
list:
dist: 3.2485704450458677 vs. 3.2485704450458677
list:
dist: 2.4158597927329177 vs. 2.4158597927329177
list:
dist: 2.978090699374403 vs. 2.978090699374403
list:
dist: 2.712912502067795 vs. 2.712912502067795
list:
dist: 1.7538099731945658 vs. 1.7538099731945658
list:
dist: 1.8946577641669695 vs. 1.8946577641669695
list:
dist: 2.5532747385973975 vs. 2.5532747385973975
list:
dist: 3.4969914913590148 vs. 3.4969914913590148
list:
dist: 3.0826471079021793 vs. 3.0826471079021793
list:
dist: 1.8343757339129825 vs. 1.8343757339129825
list:
dist: 2.167913936733148 vs. 2.167913936733148
list:
dist: 1.6733081721167382 vs. 1.6733081721167382
list:
dist: 2.487681083577118 vs. 2.487681083577118
list:
dist: 3.190107041714813 vs. 3.190107041714813
list:
dist: 3.7833441244739263 vs. 3.7833441244739263
list:
dist: 1.4217727639077584 vs. 1.4217727639077584
list:
dist: 2.052290821046851 vs. 2.052290821046851
list:
dist: 1.358877764845494 vs. 1.358877764845494
list:
dist: 2.108218384244625 vs. 2.108218384244625
list:
dist: 2.5269141040054386 vs. 2.5269141040054386
list:
dist: 2.665123573295585 vs. 2.665123573295585
list:
dist: 1.9523140115629367 vs. 1.9523140115629367
list:
dist: 1.7590506486763136 vs. 1.7590506486763136
list:
dist: 3.1010640428686833 vs. 3.1010640428686833
list:
dist: 1.8193754832678348 vs. 1.8193754832678348
list:
dist: 1.9975554904491981 vs. 1.9975554904491981
list:
dist: 2.5276565289131447 vs. 2.5276565289131447
list:
dist: 2.8572452461069657 vs. 2.8572452461069657
list:
dist: 2.5305918747418206 vs. 2.5305918747418206
list:
dist: 2.195787477349636 vs. 2.195787477349636
list:
dist: 3.7479044896333376 vs. 3.7479044896333376
list:
dist: 3.139318273616519 vs. 3.139318273616519
list:
dist: 2.4768784572345557 vs. 2.4768784572345557
list:
dist: 2.496909990563163 vs. 2.496909990563163
list:
dist: 2.910700043755593 vs. 2.910700043755593
list:
dist: 2.357104104184474 vs. 2.357104104184474
list:
dist: 2.6095422941966477 vs. 2.6095422941966477
list:
dist: 2.167913936733148 vs. 2.167913936733148
list:
dist: 2.8468787144934584 vs. 2.8468787144934584
list:
dist: 2.880845897202083 vs. 2.880845897202083
list:
dist: 4.0192767704424295 vs. 4.0192767704424295
list:
dist: 3.2949144475172445 vs. 3.2949144475172445
list:
dist: 4.182563084947886 vs. 4.182563084947886
list:
dist: 2.9131643563890157 vs. 2.9131643563890157
list:
dist: 4.2195408150082185 vs. 4.2195408150082185
list:
dist: 4.292954774707713 vs. 4.292954774707713
list:
dist: 4.095913242330524 vs. 4.095913242330524
list:
dist: 3.916699949021986 vs. 3.916699949021986
list:
dist: 3.4450756324099423 vs. 3.4450756324099423
list:
dist: 4.68495744762327 vs. 4.68495744762327
list:
dist: 3.0866484328047257 vs. 3.0866484328047257
list:
dist: 3.859423431285192 vs. 3.859423431285192
list:
dist: 4.095913242330524 vs. 4.095913242330524
list:
dist: 2.665123573295585 vs. 2.665123573295585
list:
dist: 1.3510140525318262 vs. 1.3510140525318262
list:
dist: 1.9409087651435157 vs. 1.9409087651435157
list:
dist: 1.1893117211450073 vs. 1.1893117211450073
list:
dist: 2.5694618107189595 vs. 2.5694618107189595
list:
dist: 3.0242606826368923 vs. 3.0242606826368923
list:
dist: 2.1274609509407383 vs. 2.1274609509407383
list:
dist: 2.213773173375871 vs. 2.213773173375871
list:
dist: 3.6430963403598717 vs. 3.6430963403598717
list:
dist: 1.3722613957627936 vs. 1.3722613957627936
list:
dist: 0.9448726577689116 vs. 0.9448726577689116
list:
dist: 0.6338133457632595 vs. 0.6338133457632595
list:
dist: 1.1176425078124808 vs. 1.1176425078124808
list:
dist: 1.3758710619143544 vs. 1.3758710619143544
list:
dist: 2.5202438698248586 vs. 2.5202438698248586
list:
dist: 2.8465348400784953 vs. 2.8465348400784953
list:
dist: 3.389519765064791 vs. 3.389519765064791
list:
dist: 2.2887473308937683 vs. 2.2887473308937683
list:
dist: 2.093495927164636 vs. 2.093495927164636
list:
dist: 2.0846039016134803 vs. 2.0846039016134803
list:
dist: 1.1701002098649895 vs. 1.1701002098649895
list:
dist: 1.5108318294836884 vs. 1.5108318294836884
list:
dist: 2.1355208588335106 vs. 2.1355208588335106
list:
dist: 2.4042278104936403 vs. 2.4042278104936403
list:
dist: 2.8572452461069657 vs. 2.8572452461069657
list:
dist: 2.9945488234644326 vs. 2.9945488234644326
list:
dist: 3.9412369865029007 vs. 3.9412369865029007
list:
dist: 4.01598381217295 vs. 4.01598381217295
list:
dist: 2.3150906661793718 vs. 2.3150906661793718
list:
dist: 2.428573092631184 vs. 2.428573092631184
list:
dist: 1.423317736148652 vs. 1.423317736148652
list:
dist: 2.990375891709855 vs. 2.990375891709855
list:
dist: 1.5104665473725292 vs. 1.5104665473725292
list:
dist: 2.853939594352157 vs. 2.853939594352157
list:
dist: 2.8465348400784953 vs. 2.8465348400784953
list:
dist: 1.592317727731555 vs. 1.592317727731555
list:
dist: 2.338912508353227 vs. 2.338912508353227
list:
dist: 2.7010555527869737 vs. 2.7010555527869737
list:
dist: 3.0913438730454494 vs. 3.0913438730454494
list:
dist: 2.203897211373697 vs. 2.203897211373697
list:
dist: 0.9073605398150933 vs. 0.9073605398150933
list:
dist: 1.2532258414914454 vs. 1.2532258414914454
list:
dist: 0.7568462659531913 vs. 0.7568462659531913
list:
dist: 1.902260266536324 vs. 1.902260266536324
list:
dist: 1.15775925092236 vs. 1.15775925092236
list:
dist: 1.8983545423043189 vs. 1.8983545423043189
list:
dist: 1.48070093479716 vs. 1.48070093479716
list:
dist: 1.0523505846222119 vs. 1.0523505846222119
list:
dist: 2.910700043755593 vs. 2.910700043755593
list:
dist: 2.6945764867540127 vs. 2.6945764867540127
list:
dist: 3.650662828537645 vs. 3.650662828537645
list:
dist: 3.299367688206058 vs. 3.299367688206058
list:
dist: 2.36130594565503 vs. 2.36130594565503
list:
dist: 1.689754012499321 vs. 1.689754012499321
list:
dist: 2.5823978040028863 vs. 2.5823978040028863
list:
dist: 1.1078244119867569 vs. 1.1078244119867569
list:
dist: 2.717623110854362 vs. 2.717623110854362
list:
dist: 2.1355208588335106 vs. 2.1355208588335106
list:
dist: 1.1827843145791634 vs. 1.1827843145791634
list:
dist: 1.867264439066411 vs. 1.867264439066411
list:
dist: 1.8546110428128901 vs. 1.8546110428128901
list:
dist: 2.5532747385973975 vs. 2.5532747385973975
list:
dist: 1.523804701300434 vs. 1.523804701300434
list:
dist: 0.7571729019461533 vs. 0.7571729019461533
list:
dist: 1.0523505846222119 vs. 1.0523505846222119
list:
dist: 1.751583308858271 vs. 1.751583308858271
list:
dist: 1.102813994252012 vs. 1.102813994252012
list:
dist: 1.388069607433504 vs. 1.388069607433504
list:
dist: 0.8593404080232494 vs. 0.8593404080232494
list:
dist: 1.5181579662264724 vs. 1.5181579662264724
list:
dist: 0.6686210481131322 vs. 0.6686210481131322
list:
dist: 3.3251957974005864 vs. 3.3251957974005864
list:
dist: 3.7833441244739263 vs. 3.7833441244739263
list:
dist: 2.8789123894199156 vs. 2.8789123894199156
list:
dist: 3.2858616214805765 vs. 3.2858616214805765
list:
dist: 3.5135031817342592 vs. 3.5135031817342592
list:
dist: 3.4724692107529767 vs. 3.4724692107529767
list:
dist: 4.003423899316939 vs. 4.003423899316939
list:
dist: 3.149199671922506 vs. 3.149199671922506
list:
dist: 4.818383915135535 vs. 4.818383915135535
list:
dist: 2.5694618107189595 vs. 2.5694618107189595
list:
dist: 2.2713489586772537 vs. 2.2713489586772537
list:
dist: 2.6255820540720847 vs. 2.6255820540720847
list:
dist: 2.434162887518799 vs. 2.434162887518799
list:
dist: 3.3172622346477363 vs. 3.3172622346477363
list:
dist: 3.102428956202359 vs. 3.102428956202359
list:
dist: 2.852008160254108 vs. 2.852008160254108
list:
dist: 2.3150906661793718 vs. 2.3150906661793718
list:
dist: 3.494784229085785 vs. 3.494784229085785
list:
dist: 2.161669894612915 vs. 2.161669894612915
list:
dist: 1.4289716060568756 vs. 1.4289716060568756
list:
dist: 1.5113945634718577 vs. 1.5113945634718577
list:
dist: 1.6151544876927029 vs. 1.6151544876927029
list:
dist: 2.35270096973627 vs. 2.35270096973627
list:
dist: 2.36130594565503 vs. 2.36130594565503
list:
dist: 2.4107552775375596 vs. 2.4107552775375596
list:
dist: 2.496909990563163 vs. 2.496909990563163
list:
dist: 2.0865772521495365 vs. 2.0865772521495365
list:
dist: 3.044762092845747 vs. 3.044762092845747
list:
dist: 2.6611729550389986 vs. 2.6611729550389986
list:
dist: 2.35270096973627 vs. 2.35270096973627
list:
dist: 1.7855176464139566 vs. 1.7855176464139566
list:
dist: 2.072571715786489 vs. 2.072571715786489
list:
dist: 0.9880973982948877 vs. 0.9880973982948877
list:
dist: 2.6802901018796934 vs. 2.6802901018796934
list:
dist: 1.5108318294836884 vs. 1.5108318294836884
list:
dist: 0.654440184408539 vs. 0.654440184408539
list:
dist: 1.2295215039572347 vs. 1.2295215039572347
list:
dist: 1.3362344492532972 vs. 1.3362344492532972
list:
dist: 1.8946577641669695 vs. 1.8946577641669695
list:
dist: 0.951700756196383 vs. 0.951700756196383
list:
dist: 1.0528540950220986 vs. 1.0528540950220986
list:
dist: 1.48070093479716 vs. 1.48070093479716
list:
dist: 2.0275074755568343 vs. 2.0275074755568343
list:
dist: 1.1421915953299175 vs. 1.1421915953299175
list:
dist: 1.4995642558389999 vs. 1.4995642558389999
list:
dist: 1.064009219700152 vs. 1.064009219700152
list:
dist: 1.0844049620291478 vs. 1.0844049620291478
list:
dist: 0.6686210481131322 vs. 0.6686210481131322
list:
dist: 3.0861688052378073 vs. 3.0861688052378073
list:
dist: 2.8468787144934584 vs. 2.8468787144934584
list:
dist: 1.6733081721167382 vs. 1.6733081721167382
list:
dist: 1.0674296895424449 vs. 1.0674296895424449
list:
dist: 1.7356690080533757 vs. 1.7356690080533757
list:
dist: 2.8789123894199156 vs. 2.8789123894199156
list:
dist: 2.870827537644516 vs. 2.870827537644516
list:
dist: 1.7764854727060968 vs. 1.7764854727060968
list:
dist: 2.397163103279684 vs. 2.397163103279684
list:
dist: 3.5537279876745456 vs. 3.5537279876745456
list:
dist: 1.3510140525318262 vs. 1.3510140525318262
list:
dist: 1.525708593429183 vs. 1.525708593429183
list:
dist: 0.8884077112471603 vs. 0.8884077112471603
list:
dist: 1.9366585770428608 vs. 1.9366585770428608
list:
dist: 0.8698339664744248 vs. 0.8698339664744248
list:
dist: 1.7270007146276054 vs. 1.7270007146276054
list:
dist: 2.7655770966406656 vs. 2.7655770966406656
list:
dist: 2.9945488234644326 vs. 2.9945488234644326
list:
dist: 3.3047167665399946 vs. 3.3047167665399946
list:
dist: 2.2547074590674825 vs. 2.2547074590674825
list:
dist: 2.9296787015527186 vs. 2.9296787015527186
list:
dist: 2.6199715393103262 vs. 2.6199715393103262
list:
dist: 1.5224179928113453 vs. 1.5224179928113453
list:
dist: 2.0865772521495365 vs. 2.0865772521495365
list:
dist: 2.6945764867540127 vs. 2.6945764867540127
list:
dist: 3.439414475272997 vs. 3.439414475272997
list:
dist: 4.68495744762327 vs. 4.68495744762327
list:
dist: 3.1010640428686833 vs. 3.1010640428686833
list:
dist: 1.9366585770428608 vs. 1.9366585770428608
list:
dist: 2.5414282993672996 vs. 2.5414282993672996
list:
dist: 1.6110308341824249 vs. 1.6110308341824249
list:
dist: 2.434162887518799 vs. 2.434162887518799
list:
dist: 3.057389583476111 vs. 3.057389583476111
list:
dist: 2.4787731978760137 vs. 2.4787731978760137
list:
dist: 2.1843482396823792 vs. 2.1843482396823792
list:
dist: 3.7025339175426297 vs. 3.7025339175426297
list:
dist: 0.6338133457632595 vs. 0.6338133457632595
list:
dist: 1.4723540233694645 vs. 1.4723540233694645
list:
dist: 1.351452092786482 vs. 1.351452092786482
list:
dist: 1.6645672493785033 vs. 1.6645672493785033
list:
dist: 1.4851445305459345 vs. 1.4851445305459345
list:
dist: 2.3854994890607375 vs. 2.3854994890607375
list:
dist: 2.7010555527869737 vs. 2.7010555527869737
list:
dist: 3.353408138672494 vs. 3.353408138672494
list:
dist: 2.287358898397577 vs. 2.287358898397577
list:
dist: 1.6572361493333767 vs. 1.6572361493333767
list:
dist: 1.8069633207399096 vs. 1.8069633207399096
list:
dist: 1.2312680062125563 vs. 1.2312680062125563
list:
dist: 1.3362344492532972 vs. 1.3362344492532972
list:
dist: 1.8546110428128901 vs. 1.8546110428128901
list:
dist: 2.0769679609978993 vs. 2.0769679609978993
list:
dist: 3.859423431285192 vs. 3.859423431285192
list:
dist: 1.9975554904491981 vs. 1.9975554904491981
list:
dist: 1.7270007146276054 vs. 1.7270007146276054
list:
dist: 2.7238378623780073 vs. 2.7238378623780073
list:
dist: 2.257910122746147 vs. 2.257910122746147
list:
dist: 3.102428956202359 vs. 3.102428956202359
list:
dist: 1.8584205079895848 vs. 1.8584205079895848
list:
dist: 1.189457391762531 vs. 1.189457391762531
list:
dist: 0.9899218263348024 vs. 0.9899218263348024
list:
dist: 2.2710252236762716 vs. 2.2710252236762716
list:
dist: 1.3758710619143544 vs. 1.3758710619143544
list:
dist: 0.9232460900223871 vs. 0.9232460900223871
list:
dist: 0.9054478260794458 vs. 0.9054478260794458
list:
dist: 1.4851445305459345 vs. 1.4851445305459345
list:
dist: 1.2196376330458731 vs. 1.2196376330458731
list:
dist: 1.5349663266138966 vs. 1.5349663266138966
list:
dist: 2.203897211373697 vs. 2.203897211373697
list:
dist: 2.2886637532405647 vs. 2.2886637532405647
list:
dist: 1.705198679984946 vs. 1.705198679984946
list:
dist: 2.3730672767476353 vs. 2.3730672767476353
list:
dist: 1.9931572319570618 vs. 1.9931572319570618
list:
dist: 1.549111208033647 vs. 1.549111208033647
list:
dist: 0.951700756196383 vs. 0.951700756196383
list:
dist: 1.523804701300434 vs. 1.523804701300434
list:
dist: 3.535513952345016 vs. 3.535513952345016
list:
dist: 2.5305918747418206 vs. 2.5305918747418206
list:
dist: 3.3047167665399946 vs. 3.3047167665399946
list:
dist: 4.342499314884593 vs. 4.342499314884593
list:
dist: 4.447146094309521 vs. 4.447146094309521
list:
dist: 3.494784229085785 vs. 3.494784229085785
list:
dist: 1.5319735670878014 vs. 1.5319735670878014
list:
dist: 0.5420486378029792 vs. 0.5420486378029792
list:
dist: 2.65819294441253 vs. 2.65819294441253
list:
dist: 1.3341678136040722 vs. 1.3341678136040722
list:
dist: 1.8373383507268881 vs. 1.8373383507268881
list:
dist: 3.389519765064791 vs. 3.389519765064791
list:
dist: 2.0632054492996503 vs. 2.0632054492996503
list:
dist: 2.6711986030364856 vs. 2.6711986030364856
list:
dist: 3.353408138672494 vs. 3.353408138672494
list:
dist: 3.2485704450458677 vs. 3.2485704450458677
list:
dist: 2.2886637532405647 vs. 2.2886637532405647
list:
dist: 1.0293687817248534 vs. 1.0293687817248534
list:
dist: 1.2532258414914454 vs. 1.2532258414914454
list:
dist: 1.4307952255938416 vs. 1.4307952255938416
list:
dist: 3.0071819041185748 vs. 3.0071819041185748
list:
dist: 2.271712586567371 vs. 2.271712586567371
list:
dist: 2.6986822266619814 vs. 2.6986822266619814
list:
dist: 2.0275074755568343 vs. 2.0275074755568343
list:
dist: 1.751583308858271 vs. 1.751583308858271
list:
dist: 2.5276565289131447 vs. 2.5276565289131447
list:
dist: 2.7655770966406656 vs. 2.7655770966406656
list:
dist: 3.800465617661459 vs. 3.800465617661459
list:
dist: 3.633062117272997 vs. 3.633062117272997
list:
dist: 2.852008160254108 vs. 2.852008160254108
list:
dist: 2.0266809198394298 vs. 2.0266809198394298
list:
dist: 0.9515499241923919 vs. 0.9515499241923919
list:
dist: 2.316240011128347 vs. 2.316240011128347
list:
dist: 0.6761170746319621 vs. 0.6761170746319621
list:
dist: 2.088663317855944 vs. 2.088663317855944
list:
dist: 2.5202438698248586 vs. 2.5202438698248586
list:
dist: 1.303836922910281 vs. 1.303836922910281
list:
dist: 1.9812453795012719 vs. 1.9812453795012719
list:
dist: 2.3854994890607375 vs. 2.3854994890607375
list:
dist: 2.619095339689093 vs. 2.619095339689093
list:
dist: 1.5349663266138966 vs. 1.5349663266138966
list:
dist: 0.9073605398150933 vs. 0.9073605398150933
list:
dist: 1.0293687817248534 vs. 1.0293687817248534
list:
dist: 0.9611267043629126 vs. 0.9611267043629126
list:
dist: 2.1054915678773276 vs. 2.1054915678773276
list:
dist: 1.4423092697028634 vs. 1.4423092697028634
list:
dist: 1.906027718975292 vs. 1.906027718975292
list:
dist: 1.0528540950220986 vs. 1.0528540950220986
list:
dist: 0.7571729019461533 vs. 0.7571729019461533
list:
dist: 3.260205419695366 vs. 3.260205419695366
list:
dist: 1.4615726513720653 vs. 1.4615726513720653
list:
dist: 3.2949144475172445 vs. 3.2949144475172445
list:
dist: 1.4217727639077584 vs. 1.4217727639077584
list:
dist: 1.1469664898482295 vs. 1.1469664898482295
list:
dist: 1.8861920985439826 vs. 1.8861920985439826
list:
dist: 1.757406704829147 vs. 1.757406704829147
list:
dist: 1.5298642750335352 vs. 1.5298642750335352
list:
dist: 2.0266809198394298 vs. 2.0266809198394298
list:
dist: 2.428573092631184 vs. 2.428573092631184
list:
dist: 1.5319735670878014 vs. 1.5319735670878014
list:
dist: 2.0876440298568464 vs. 2.0876440298568464
list:
dist: 1.848576376070913 vs. 1.848576376070913
list:
dist: 2.6095422941966477 vs. 2.6095422941966477
list:
dist: 1.8343757339129825 vs. 1.8343757339129825
list:
dist: 1.4615726513720653 vs. 1.4615726513720653
list:
dist: 2.600053470109824 vs. 2.600053470109824
list:
dist: 2.4416117619321245 vs. 2.4416117619321245
list:
dist: 3.0791178885436006 vs. 3.0791178885436006
list:
dist: 2.3296679217122738 vs. 2.3296679217122738
list:
dist: 3.916699949021986 vs. 3.916699949021986
list:
dist: 1.9523140115629367 vs. 1.9523140115629367
list:
dist: 1.525708593429183 vs. 1.525708593429183
list:
dist: 2.5221179391211437 vs. 2.5221179391211437
list:
dist: 2.47504328607939 vs. 2.47504328607939
list:
dist: 2.2713489586772537 vs. 2.2713489586772537
list:
dist: 1.7354849951175222 vs. 1.7354849951175222
list:
dist: 1.7875115305176585 vs. 1.7875115305176585
list:
dist: 1.1219964754316858 vs. 1.1219964754316858
list:
dist: 2.7270864424051067 vs. 2.7270864424051067
list:
dist: 1.3722613957627936 vs. 1.3722613957627936
list:
dist: 0.7544027387228245 vs. 0.7544027387228245
list:
dist: 1.4723540233694645 vs. 1.4723540233694645
list:
dist: 1.520064791791476 vs. 1.520064791791476
list:
dist: 0.9232460900223871 vs. 0.9232460900223871
list:
dist: 1.303836922910281 vs. 1.303836922910281
list:
dist: 1.592317727731555 vs. 1.592317727731555
list:
dist: 2.0632054492996503 vs. 2.0632054492996503
list:
dist: 0.9621658907193342 vs. 0.9621658907193342
list:
dist: 1.8261927841752819 vs. 1.8261927841752819
list:
dist: 1.3070202578481374 vs. 1.3070202578481374
list:
dist: 0.8015956453769619 vs. 0.8015956453769619
list:
dist: 0.654440184408539 vs. 0.654440184408539
list:
dist: 1.1827843145791634 vs. 1.1827843145791634
list:
dist: 3.2246348661986675 vs. 3.2246348661986675
list:
dist: 3.5212748315528173 vs. 3.5212748315528173
list:
dist: 2.4416117619321245 vs. 2.4416117619321245
list:
dist: 2.9131643563890157 vs. 2.9131643563890157
list:
dist: 1.358877764845494 vs. 1.358877764845494
list:
dist: 1.7764854727060968 vs. 1.7764854727060968
list:
dist: 2.6778644131043885 vs. 2.6778644131043885
list:
dist: 2.559174355537723 vs. 2.559174355537723
list:
dist: 4.003423899316939 vs. 4.003423899316939
list:
dist: 1.8861920985439826 vs. 1.8861920985439826
list:
dist: 2.1212628660682 vs. 2.1212628660682
list:
dist: 1.667939093231488 vs. 1.667939093231488
list:
dist: 2.0304164432871614 vs. 2.0304164432871614
list:
dist: 2.1274609509407383 vs. 2.1274609509407383
list:
dist: 1.7875115305176585 vs. 1.7875115305176585
list:
dist: 1.4600074243189296 vs. 1.4600074243189296
list:
dist: 2.4787731978760137 vs. 2.4787731978760137
list:
dist: 1.2297221618593532 vs. 1.2297221618593532
list:
dist: 1.189457391762531 vs. 1.189457391762531
list:
dist: 2.316240011128347 vs. 2.316240011128347
list:
dist: 2.990375891709855 vs. 2.990375891709855
list:
dist: 2.65819294441253 vs. 2.65819294441253
list:
dist: 2.408330330025567 vs. 2.408330330025567
list:
dist: 3.5072737850912263 vs. 3.5072737850912263
list:
dist: 3.0451049653409266 vs. 3.0451049653409266
list:
dist: 2.4242050376974325 vs. 2.4242050376974325
list:
dist: 2.072571715786489 vs. 2.072571715786489
list:
dist: 2.5823978040028863 vs. 2.5823978040028863
list:
dist: 2.880845897202083 vs. 2.880845897202083
list:
dist: 2.487681083577118 vs. 2.487681083577118
list:
dist: 1.0674296895424449 vs. 1.0674296895424449
list:
dist: 1.7348834280532603 vs. 1.7348834280532603
list:
dist: 3.2858616214805765 vs. 3.2858616214805765
list:
dist: 3.92128599591193 vs. 3.92128599591193
list:
dist: 2.6778644131043885 vs. 2.6778644131043885
list:
dist: 3.4568399348138263 vs. 3.4568399348138263
list:
dist: 4.574637505560198 vs. 4.574637505560198
list:
dist: 1.9409087651435157 vs. 1.9409087651435157
list:
dist: 2.5221179391211437 vs. 2.5221179391211437
list:
dist: 1.8907195519796445 vs. 1.8907195519796445
list:
dist: 2.5414282993672996 vs. 2.5414282993672996
list:
dist: 1.6535244278342034 vs. 1.6535244278342034
list:
dist: 2.7238378623780073 vs. 2.7238378623780073
list:
dist: 3.800465617661459 vs. 3.800465617661459
list:
dist: 3.9412369865029007 vs. 3.9412369865029007
list:
dist: 4.342499314884593 vs. 4.342499314884593
list:
dist: 3.212177901084747 vs. 3.212177901084747
list:
dist: 3.5949091733020344 vs. 3.5949091733020344
list:
dist: 3.43204770270128 vs. 3.43204770270128
list:
dist: 2.278524916968218 vs. 2.278524916968218
list:
dist: 3.044762092845747 vs. 3.044762092845747
list:
dist: 3.650662828537645 vs. 3.650662828537645
list:
dist: 3.5230432997255288 vs. 3.5230432997255288
list:
dist: 3.833376117258502 vs. 3.833376117258502
list:
dist: 2.3296679217122738 vs. 2.3296679217122738
list:
dist: 4.292954774707713 vs. 4.292954774707713
list:
dist: 2.5269141040054386 vs. 2.5269141040054386
list:
dist: 3.5537279876745456 vs. 3.5537279876745456
list:
dist: 4.574637505560198 vs. 4.574637505560198
list:
dist: 4.379152967131788 vs. 4.379152967131788
list:
dist: 4.818383915135535 vs. 4.818383915135535
list:
dist: 1.5298642750335352 vs. 1.5298642750335352
list:
dist: 1.538238523268247 vs. 1.538238523268247
list:
dist: 2.0304164432871614 vs. 2.0304164432871614
list:
dist: 1.7129096608800467 vs. 1.7129096608800467
list:
dist: 3.6430963403598717 vs. 3.6430963403598717
list:
dist: 2.7270864424051067 vs. 2.7270864424051067
list:
dist: 2.9614594039842337 vs. 2.9614594039842337
list:
dist: 3.7025339175426297 vs. 3.7025339175426297
list:
dist: 3.1238123653409273 vs. 3.1238123653409273
list:
dist: 2.2710252236762716 vs. 2.2710252236762716
list:
dist: 2.088663317855944 vs. 2.088663317855944
list:
dist: 2.853939594352157 vs. 2.853939594352157
list:
dist: 1.8373383507268881 vs. 1.8373383507268881
list:
dist: 2.727305997588472 vs. 2.727305997588472
list:
dist: 4.077347306746727 vs. 4.077347306746727
list:
dist: 3.478396421759577 vs. 3.478396421759577
list:
dist: 3.5260244168392116 vs. 3.5260244168392116
list:
dist: 2.6802901018796934 vs. 2.6802901018796934
list:
dist: 2.717623110854362 vs. 2.717623110854362
list:
dist: 3.4450756324099423 vs. 3.4450756324099423
list:
dist: 1.7590506486763136 vs. 1.7590506486763136
list:
dist: 0.8884077112471603 vs. 0.8884077112471603
list:
dist: 1.8907195519796445 vs. 1.8907195519796445
list:
dist: 1.8380553914677864 vs. 1.8380553914677864
list:
dist: 2.6255820540720847 vs. 2.6255820540720847
list:
dist: 2.253615770570596 vs. 2.253615770570596
list:
dist: 1.4600074243189296 vs. 1.4600074243189296
list:
dist: 1.6040882546890018 vs. 1.6040882546890018
list:
dist: 2.9614594039842337 vs. 2.9614594039842337
list:
dist: 0.9448726577689116 vs. 0.9448726577689116
list:
dist: 0.7544027387228245 vs. 0.7544027387228245
list:
dist: 1.351452092786482 vs. 1.351452092786482
list:
dist: 0.795138498988956 vs. 0.795138498988956
list:
dist: 0.9054478260794458 vs. 0.9054478260794458
list:
dist: 1.9812453795012719 vs. 1.9812453795012719
list:
dist: 2.338912508353227 vs. 2.338912508353227
list:
dist: 2.6711986030364856 vs. 2.6711986030364856
list:
dist: 1.661285662505701 vs. 1.661285662505701
list:
dist: 2.2999548803278382 vs. 2.2999548803278382
list:
dist: 1.9500795478709831 vs. 1.9500795478709831
list:
dist: 1.027721976243042 vs. 1.027721976243042
list:
dist: 1.2295215039572347 vs. 1.2295215039572347
list:
dist: 1.867264439066411 vs. 1.867264439066411
list:
dist: 3.1921326398739174 vs. 3.1921326398739174
list:
dist: 3.7479044896333376 vs. 3.7479044896333376
list:
dist: 2.9296787015527186 vs. 2.9296787015527186
list:
dist: 3.5949091733020344 vs. 3.5949091733020344
list:
dist: 3.1802498399947354 vs. 3.1802498399947354
list:
dist: 1.4289716060568756 vs. 1.4289716060568756
list:
dist: 2.978112319888895 vs. 2.978112319888895
list:
dist: 3.5072737850912263 vs. 3.5072737850912263
list:
dist: 2.3969619859829807 vs. 2.3969619859829807
list:
dist: 4.077347306746727 vs. 4.077347306746727
list:
dist: 2.093495927164636 vs. 2.093495927164636
list:
dist: 1.8261927841752819 vs. 1.8261927841752819
list:
dist: 2.2999548803278382 vs. 2.2999548803278382
list:
dist: 1.6572361493333767 vs. 1.6572361493333767
list:
dist: 2.978090699374403 vs. 2.978090699374403
list:
dist: 2.3730672767476353 vs. 2.3730672767476353
list:
dist: 2.1054915678773276 vs. 2.1054915678773276
list:
dist: 1.902260266536324 vs. 1.902260266536324
list:
dist: 3.0071819041185748 vs. 3.0071819041185748
list:
dist: 1.9095775224654625 vs. 1.9095775224654625
list:
dist: 0.7833463022602739 vs. 0.7833463022602739
list:
dist: 1.4318507436231793 vs. 1.4318507436231793
list:
dist: 1.4995642558389999 vs. 1.4995642558389999
list:
dist: 1.388069607433504 vs. 1.388069607433504
list:
dist: 2.154277381310522 vs. 2.154277381310522
list:
dist: 4.0192767704424295 vs. 4.0192767704424295
list:
dist: 3.190107041714813 vs. 3.190107041714813
list:
dist: 1.7356690080533757 vs. 1.7356690080533757
list:
dist: 1.7348834280532603 vs. 1.7348834280532603
list:
dist: 3.5135031817342592 vs. 3.5135031817342592
list:
dist: 4.022054166815924 vs. 4.022054166815924
list:
dist: 2.559174355537723 vs. 2.559174355537723
list:
dist: 3.2201254787651172 vs. 3.2201254787651172
list:
dist: 4.379152967131788 vs. 4.379152967131788
list:
dist: 1.1893117211450073 vs. 1.1893117211450073
list:
dist: 2.47504328607939 vs. 2.47504328607939
list:
dist: 1.8380553914677864 vs. 1.8380553914677864
list:
dist: 1.6110308341824249 vs. 1.6110308341824249
list:
dist: 1.4214591794647091 vs. 1.4214591794647091
list:
dist: 2.257910122746147 vs. 2.257910122746147
list:
dist: 3.633062117272997 vs. 3.633062117272997
list:
dist: 4.01598381217295 vs. 4.01598381217295
list:
dist: 4.447146094309521 vs. 4.447146094309521
list:
dist: 3.412881697072349 vs. 3.412881697072349
list:
dist: 3.1802498399947354 vs. 3.1802498399947354
list:
dist: 3.26259855452155 vs. 3.26259855452155
list:
dist: 2.281019102982575 vs. 2.281019102982575
list:
dist: 2.6611729550389986 vs. 2.6611729550389986
list:
dist: 3.299367688206058 vs. 3.299367688206058
list:
dist: 2.747284990307624 vs. 2.747284990307624
list:
dist: 4.6759197058935555 vs. 4.6759197058935555
list:
dist: 3.0791178885436006 vs. 3.0791178885436006
list:
dist: 4.2195408150082185 vs. 4.2195408150082185
list:
dist: 2.108218384244625 vs. 2.108218384244625
list:
dist: 2.397163103279684 vs. 2.397163103279684
list:
dist: 3.4568399348138263 vs. 3.4568399348138263
list:
dist: 3.2201254787651172 vs. 3.2201254787651172
list:
dist: 3.149199671922506 vs. 3.149199671922506
list:
dist: 1.757406704829147 vs. 1.757406704829147
list:
dist: 0.9683867309668063 vs. 0.9683867309668063
list:
dist: 1.667939093231488 vs. 1.667939093231488
list:
dist: 1.7129096608800467 vs. 1.7129096608800467
list:
dist: 2.213773173375871 vs. 2.213773173375871
list:
dist: 1.1219964754316858 vs. 1.1219964754316858
list:
dist: 1.6040882546890018 vs. 1.6040882546890018
list:
dist: 2.1843482396823792 vs. 2.1843482396823792
list:
dist: 2.1068920504091184 vs. 2.1068920504091184
list:
dist: 0.9899218263348024 vs. 0.9899218263348024
list:
dist: 0.6761170746319621 vs. 0.6761170746319621
list:
dist: 1.5104665473725292 vs. 1.5104665473725292
list:
dist: 1.3341678136040722 vs. 1.3341678136040722
list:
dist: 1.2419102687894064 vs. 1.2419102687894064
list:
dist: 2.3969619859829807 vs. 2.3969619859829807
list:
dist: 1.8054885599624144 vs. 1.8054885599624144
list:
dist: 1.879792754279662 vs. 1.879792754279662
list:
dist: 0.9880973982948877 vs. 0.9880973982948877
list:
dist: 1.1078244119867569 vs. 1.1078244119867569
list:
dist: 3.139318273616519 vs. 3.139318273616519
list:
dist: 2.6199715393103262 vs. 2.6199715393103262
list:
dist: 3.43204770270128 vs. 3.43204770270128
list:
dist: 3.26259855452155 vs. 3.26259855452155
list:
dist: 1.5113945634718577 vs. 1.5113945634718577
list:
dist: 2.250438188772831 vs. 2.250438188772831
list:
dist: 3.0451049653409266 vs. 3.0451049653409266
list:
dist: 1.8054885599624144 vs. 1.8054885599624144
list:
dist: 3.478396421759577 vs. 3.478396421759577
list:
dist: 2.0846039016134803 vs. 2.0846039016134803
list:
dist: 1.3070202578481374 vs. 1.3070202578481374
list:
dist: 1.9500795478709831 vs. 1.9500795478709831
list:
dist: 1.8069633207399096 vs. 1.8069633207399096
list:
dist: 2.712912502067795 vs. 2.712912502067795
list:
dist: 1.9931572319570618 vs. 1.9931572319570618
list:
dist: 1.4423092697028634 vs. 1.4423092697028634
list:
dist: 1.15775925092236 vs. 1.15775925092236
list:
dist: 2.271712586567371 vs. 2.271712586567371
list:
dist: 1.1431543360390493 vs. 1.1431543360390493
list:
dist: 0.7833463022602739 vs. 0.7833463022602739
list:
dist: 1.1573556473314945 vs. 1.1573556473314945
list:
dist: 1.064009219700152 vs. 1.064009219700152
list:
dist: 0.8593404080232494 vs. 0.8593404080232494
list:
dist: 2.8149098492496356 vs. 2.8149098492496356
list:
dist: 3.439414475272997 vs. 3.439414475272997
list:
dist: 3.5230432997255288 vs. 3.5230432997255288
list:
dist: 2.747284990307624 vs. 2.747284990307624
list:
dist: 2.4107552775375596 vs. 2.4107552775375596
list:
dist: 1.7151074095911623 vs. 1.7151074095911623
list:
dist: 2.4042278104936403 vs. 2.4042278104936403
list:
dist: 3.2246348661986675 vs. 3.2246348661986675
list:
dist: 3.1921326398739174 vs. 3.1921326398739174
list:
dist: 2.0769679609978993 vs. 2.0769679609978993
list:
dist: 3.4969914913590148 vs. 3.4969914913590148
list:
dist: 3.535513952345016 vs. 3.535513952345016
list:
dist: 2.154277381310522 vs. 2.154277381310522
list:
dist: 2.8149098492496356 vs. 2.8149098492496356
list:
dist: 2.5592272663160114 vs. 2.5592272663160114
list:
dist: 3.0861688052378073 vs. 3.0861688052378073
list:
dist: 3.3251957974005864 vs. 3.3251957974005864
500
rk
<OccurredElementalReaction>
	 elmtlRkId: 3
	 p(id,type,coords) 97 4 6.269574109761213 -2.9887968046150735 23.308466052761204
</OccurredElementalReaction>
600
Neighbor List consistency Check...
--------
nle(id0,id1,dist): 5 7 1.5316325089109233
list:
dist: 1.5316325089109233 vs. 1.5316325089109233
--------
nle(id0,id1,dist): 5 15 1.1565646374315415
list:
dist: 1.1565646374315415 vs. 1.1565646374315415
--------
nle(id0,id1,dist): 5 9 1.3843074498299774
list:
dist: 1.3843074498299774 vs. 1.3843074498299774
--------
nle(id0,id1,dist): 5 8 2.5285274478138398
list:
dist: 2.5285274478138398 vs. 2.5285274478138398
--------
nle(id0,id1,dist): 4 11 1.886868936060188
list:
dist: 1.886868936060188 vs. 1.886868936060188
--------
nle(id0,id1,dist): 4 12 2.1513285749045257
list:
dist: 2.1513285749045257 vs. 2.1513285749045257
--------
nle(id0,id1,dist): 4 9 1.973672762181857
list:
dist: 1.973672762181857 vs. 1.973672762181857
--------
nle(id0,id1,dist): 4 10 1.2647551332465856
list:
dist: 1.2647551332465856 vs. 1.2647551332465856
--------
nle(id0,id1,dist): 4 7 2.759661243377802
list:
dist: 2.759661243377802 vs. 2.759661243377802
--------
nle(id0,id1,dist): 4 8 2.4194844013765233
list:
dist: 2.4194844013765233 vs. 2.4194844013765233
--------
nle(id0,id1,dist): 4 6 1.9347227852021471
list:
dist: 1.9347227852021471 vs. 1.9347227852021471
--------
nle(id0,id1,dist): 4 24 1.4946509747976222
list:
dist: 1.4946509747976222 vs. 1.4946509747976222
--------
nle(id0,id1,dist): 4 23 2.52864355233852
list:
dist: 2.52864355233852 vs. 2.52864355233852
--------
nle(id0,id1,dist): 4 21 2.7489467829289618
list:
dist: 2.7489467829289618 vs. 2.7489467829289618
--------
nle(id0,id1,dist): 4 20 1.4544448692486862
list:
dist: 1.4544448692486862 vs. 1.4544448692486862
--------
nle(id0,id1,dist): 4 19 2.5009735404892797
list:
dist: 2.5009735404892797 vs. 2.5009735404892797
--------
nle(id0,id1,dist): 4 18 1.4619232668626307
list:
dist: 1.4619232668626307 vs. 1.4619232668626307
--------
nle(id0,id1,dist): 4 17 1.3593556511150706
list:
dist: 1.3593556511150706 vs. 1.3593556511150706
--------
nle(id0,id1,dist): 4 15 2.4719350821911474
list:
dist: 2.4719350821911474 vs. 2.4719350821911474
--------
nle(id0,id1,dist): 4 14 1.5096057068197812
list:
dist: 1.5096057068197812 vs. 1.5096057068197812
--------
nle(id0,id1,dist): 4 13 1.5061094212828416
list:
dist: 1.5061094212828416 vs. 1.5061094212828416
--------
nle(id0,id1,dist): 6 27 3.1061394873447643
list:
dist: 3.1061394873447643 vs. 3.1061394873447643
--------
nle(id0,id1,dist): 6 28 3.0926817150790615
list:
dist: 3.0926817150790615 vs. 3.0926817150790615
--------
nle(id0,id1,dist): 6 29 3.290356864788242
list:
dist: 3.290356864788242 vs. 3.290356864788242
--------
nle(id0,id1,dist): 6 19 1.5686748885347033
list:
dist: 1.5686748885347033 vs. 1.5686748885347033
--------
nle(id0,id1,dist): 6 20 2.1143733384849264
list:
dist: 2.1143733384849264 vs. 2.1143733384849264
--------
nle(id0,id1,dist): 6 21 2.7334106788426014
list:
dist: 2.7334106788426014 vs. 2.7334106788426014
--------
nle(id0,id1,dist): 6 22 2.0052984035562234
list:
dist: 2.0052984035562234 vs. 2.0052984035562234
--------
nle(id0,id1,dist): 6 23 3.1990159615425013
list:
dist: 3.1990159615425013 vs. 3.1990159615425013
--------
nle(id0,id1,dist): 6 24 1.6275872918011343
list:
dist: 1.6275872918011343 vs. 1.6275872918011343
--------
nle(id0,id1,dist): 6 26 2.3836588736199045
list:
dist: 2.3836588736199045 vs. 2.3836588736199045
--------
nle(id0,id1,dist): 7 9 1.2794929033757911
list:
dist: 1.2794929033757911 vs. 1.2794929033757911
--------
nle(id0,id1,dist): 7 8 1.0469747954897894
list:
dist: 1.0469747954897894 vs. 1.0469747954897894
--------
nle(id0,id1,dist): 7 10 3.0932063986302683
list:
dist: 3.0932063986302683 vs. 3.0932063986302683
--------
nle(id0,id1,dist): 7 13 1.5310669561964039
list:
dist: 1.5310669561964039 vs. 1.5310669561964039
--------
nle(id0,id1,dist): 7 12 2.787546822051988
list:
dist: 2.787546822051988 vs. 2.787546822051988
--------
nle(id0,id1,dist): 5 26 2.475714016085945
list:
dist: 2.475714016085945 vs. 2.475714016085945
--------
nle(id0,id1,dist): 6 14 1.276924303776304
list:
dist: 1.276924303776304 vs. 1.276924303776304
--------
nle(id0,id1,dist): 6 13 1.057247146147176
list:
dist: 1.057247146147176 vs. 1.057247146147176
--------
nle(id0,id1,dist): 6 12 2.1892937423615653
list:
dist: 2.1892937423615653 vs. 2.1892937423615653
--------
nle(id0,id1,dist): 6 11 2.820021126585579
list:
dist: 2.820021126585579 vs. 2.820021126585579
--------
nle(id0,id1,dist): 6 18 1.0851946349653838
list:
dist: 1.0851946349653838 vs. 1.0851946349653838
--------
nle(id0,id1,dist): 6 17 1.685041412913841
list:
dist: 1.685041412913841 vs. 1.685041412913841
--------
nle(id0,id1,dist): 6 16 2.7507980954901385
list:
dist: 2.7507980954901385 vs. 2.7507980954901385
--------
nle(id0,id1,dist): 6 15 1.95380609453826
list:
dist: 1.95380609453826 vs. 1.95380609453826
--------
nle(id0,id1,dist): 6 10 2.398323257333997
list:
dist: 2.398323257333997 vs. 2.398323257333997
--------
nle(id0,id1,dist): 6 9 1.7564534995543581
list:
dist: 1.7564534995543581 vs. 1.7564534995543581
--------
nle(id0,id1,dist): 6 8 1.9817046363507795
list:
dist: 1.9817046363507795 vs. 1.9817046363507795
--------
nle(id0,id1,dist): 6 7 1.9828076573072413
list:
dist: 1.9828076573072413 vs. 1.9828076573072413
--------
nle(id0,id1,dist): 8 14 2.0468608170333598
list:
dist: 2.0468608170333598 vs. 2.0468608170333598
--------
nle(id0,id1,dist): 8 13 1.1337391924018883
list:
dist: 1.1337391924018883 vs. 1.1337391924018883
--------
nle(id0,id1,dist): 8 15 1.481068675141566
list:
dist: 1.481068675141566 vs. 1.481068675141566
--------
nle(id0,id1,dist): 8 10 2.334070920303041
list:
dist: 2.334070920303041 vs. 2.334070920303041
--------
nle(id0,id1,dist): 8 9 1.7874915106993436
list:
dist: 1.7874915106993436 vs. 1.7874915106993436
--------
nle(id0,id1,dist): 8 12 1.8725433511438676
list:
dist: 1.8725433511438676 vs. 1.8725433511438676
--------
nle(id0,id1,dist): 8 24 3.0083555292215443
list:
dist: 3.0083555292215443 vs. 3.0083555292215443
--------
nle(id0,id1,dist): 8 18 2.739195248481357
list:
dist: 2.739195248481357 vs. 2.739195248481357
--------
nle(id0,id1,dist): 8 17 2.8824153690004732
list:
dist: 2.8824153690004732 vs. 2.8824153690004732
--------
nle(id0,id1,dist): 8 20 2.0992494621031885
list:
dist: 2.0992494621031885 vs. 2.0992494621031885
--------
nle(id0,id1,dist): 8 19 3.4837870720783704
list:
dist: 3.4837870720783704 vs. 3.4837870720783704
--------
nle(id0,id1,dist): 7 20 2.8958310860248337
list:
dist: 2.8958310860248337 vs. 2.8958310860248337
--------
nle(id0,id1,dist): 7 19 3.5390891207436703
list:
dist: 3.5390891207436703 vs. 3.5390891207436703
--------
nle(id0,id1,dist): 7 18 2.757582135918595
list:
dist: 2.757582135918595 vs. 2.757582135918595
--------
nle(id0,id1,dist): 7 17 3.301003396149507
list:
dist: 3.301003396149507 vs. 3.301003396149507
--------
nle(id0,id1,dist): 7 15 0.6925461031196187
list:
dist: 0.6925461031196187 vs. 0.6925461031196187
--------
nle(id0,id1,dist): 7 14 2.607310485730285
list:
dist: 2.607310485730285 vs. 2.607310485730285
--------
nle(id0,id1,dist): 7 24 3.353085759715645
list:
dist: 3.353085759715645 vs. 3.353085759715645
--------
nle(id0,id1,dist): 10 12 1.2476175896482353
list:
dist: 1.2476175896482353 vs. 1.2476175896482353
--------
nle(id0,id1,dist): 10 11 1.0297453391292894
list:
dist: 1.0297453391292894 vs. 1.0297453391292894
--------
nle(id0,id1,dist): 10 14 1.3226804501377276
list:
dist: 1.3226804501377276 vs. 1.3226804501377276
--------
nle(id0,id1,dist): 10 13 1.7206967464205356
list:
dist: 1.7206967464205356 vs. 1.7206967464205356
--------
nle(id0,id1,dist): 10 15 3.071206891687771
list:
dist: 3.071206891687771 vs. 3.071206891687771
--------
nle(id0,id1,dist): 10 17 1.5463426890463996
list:
dist: 1.5463426890463996 vs. 1.5463426890463996
--------
nle(id0,id1,dist): 10 18 2.2998723077950065
list:
dist: 2.2998723077950065 vs. 2.2998723077950065
--------
nle(id0,id1,dist): 10 19 2.9950493774054516
list:
dist: 2.9950493774054516 vs. 2.9950493774054516
--------
nle(id0,id1,dist): 10 20 0.4883159345446662
list:
dist: 0.4883159345446662 vs. 0.4883159345446662
--------
nle(id0,id1,dist): 10 21 2.777356757895593
list:
dist: 2.777356757895593 vs. 2.777356757895593
--------
nle(id0,id1,dist): 10 23 1.9204648504417452
list:
dist: 1.9204648504417452 vs. 1.9204648504417452
--------
nle(id0,id1,dist): 10 24 1.811599331203694
list:
dist: 1.811599331203694 vs. 1.811599331203694
--------
nle(id0,id1,dist): 9 10 2.79198894600392
list:
dist: 2.79198894600392 vs. 2.79198894600392
--------
nle(id0,id1,dist): 9 15 0.665185895422786
list:
dist: 0.665185895422786 vs. 0.665185895422786
--------
nle(id0,id1,dist): 9 14 2.434035612516436
list:
dist: 2.434035612516436 vs. 2.434035612516436
--------
nle(id0,id1,dist): 9 13 1.4554309948462174
list:
dist: 1.4554309948462174 vs. 1.4554309948462174
--------
nle(id0,id1,dist): 9 12 2.9854046778497536
list:
dist: 2.9854046778497536 vs. 2.9854046778497536
--------
nle(id0,id1,dist): 9 19 3.0509689838086613
list:
dist: 3.0509689838086613 vs. 3.0509689838086613
--------
nle(id0,id1,dist): 9 18 2.0116529457592383
list:
dist: 2.0116529457592383 vs. 2.0116529457592383
--------
nle(id0,id1,dist): 9 17 2.778010144153451
list:
dist: 2.778010144153451 vs. 2.778010144153451
--------
nle(id0,id1,dist): 9 16 3.318942542864493
list:
dist: 3.318942542864493 vs. 3.318942542864493
--------
nle(id0,id1,dist): 9 22 2.885207535735562
list:
dist: 2.885207535735562 vs. 2.885207535735562
--------
nle(id0,id1,dist): 9 20 2.742832896539334
list:
dist: 2.742832896539334 vs. 2.742832896539334
--------
nle(id0,id1,dist): 9 26 2.2638216450614324
list:
dist: 2.2638216450614324 vs. 2.2638216450614324
--------
nle(id0,id1,dist): 9 27 3.8305481579641194
list:
dist: 3.8305481579641194 vs. 3.8305481579641194
--------
nle(id0,id1,dist): 9 24 2.794096345941502
list:
dist: 2.794096345941502 vs. 2.794096345941502
--------
nle(id0,id1,dist): 9 28 4.069944498255796
list:
dist: 4.069944498255796 vs. 4.069944498255796
--------
nle(id0,id1,dist): 12 20 0.804812819347666
list:
dist: 0.804812819347666 vs. 0.804812819347666
--------
nle(id0,id1,dist): 12 19 3.00230787175353
list:
dist: 3.00230787175353 vs. 3.00230787175353
--------
nle(id0,id1,dist): 12 18 2.6018138072115358
list:
dist: 2.6018138072115358 vs. 2.6018138072115358
--------
nle(id0,id1,dist): 12 17 1.9390742453808578
list:
dist: 1.9390742453808578 vs. 1.9390742453808578
--------
nle(id0,id1,dist): 12 15 3.034300543500084
list:
dist: 3.034300543500084 vs. 3.034300543500084
--------
nle(id0,id1,dist): 12 14 1.1479733317209813
list:
dist: 1.1479733317209813 vs. 1.1479733317209813
--------
nle(id0,id1,dist): 12 13 1.5724492368355587
list:
dist: 1.5724492368355587 vs. 1.5724492368355587
--------
nle(id0,id1,dist): 11 23 0.9166063235817395
list:
dist: 0.9166063235817395 vs. 0.9166063235817395
--------
nle(id0,id1,dist): 11 24 1.6885584421130118
list:
dist: 1.6885584421130118 vs. 1.6885584421130118
--------
nle(id0,id1,dist): 11 19 2.8961560847389283
list:
dist: 2.8961560847389283 vs. 2.8961560847389283
--------
nle(id0,id1,dist): 11 18 2.558740349725852
list:
dist: 2.558740349725852 vs. 2.558740349725852
--------
nle(id0,id1,dist): 11 21 2.1322442715091463
list:
dist: 2.1322442715091463 vs. 2.1322442715091463
--------
nle(id0,id1,dist): 11 20 1.098628396422018
list:
dist: 1.098628396422018 vs. 1.098628396422018
--------
nle(id0,id1,dist): 11 14 1.5987373386295094
list:
dist: 1.5987373386295094 vs. 1.5987373386295094
--------
nle(id0,id1,dist): 11 17 1.437136247597826
list:
dist: 1.437136247597826 vs. 1.437136247597826
--------
nle(id0,id1,dist): 11 13 2.4593393099134717
list:
dist: 2.4593393099134717 vs. 2.4593393099134717
--------
nle(id0,id1,dist): 11 12 1.6378845160396018
list:
dist: 1.6378845160396018 vs. 1.6378845160396018
--------
nle(id0,id1,dist): 13 24 1.9108541694587484
list:
dist: 1.9108541694587484 vs. 1.9108541694587484
--------
nle(id0,id1,dist): 13 18 1.629823066727577
list:
dist: 1.629823066727577 vs. 1.629823066727577
--------
nle(id0,id1,dist): 13 19 2.435409949314001
list:
dist: 2.435409949314001 vs. 2.435409949314001
--------
nle(id0,id1,dist): 13 17 1.8136627425456153
list:
dist: 1.8136627425456153 vs. 1.8136627425456153
--------
nle(id0,id1,dist): 13 23 3.1054889326351067
list:
dist: 3.1054889326351067 vs. 3.1054889326351067
--------
nle(id0,id1,dist): 13 20 1.4811886314785572
list:
dist: 1.4811886314785572 vs. 1.4811886314785572
--------
nle(id0,id1,dist): 13 21 3.1693384468164223
list:
dist: 3.1693384468164223 vs. 3.1693384468164223
--------
nle(id0,id1,dist): 13 15 1.5746643531406068
list:
dist: 1.5746643531406068 vs. 1.5746643531406068
--------
nle(id0,id1,dist): 13 14 1.1141467824652609
list:
dist: 1.1141467824652609 vs. 1.1141467824652609
--------
nle(id0,id1,dist): 12 21 2.9794162728869686
list:
dist: 2.9794162728869686 vs. 2.9794162728869686
--------
nle(id0,id1,dist): 12 23 2.296250873648686
list:
dist: 2.296250873648686 vs. 2.296250873648686
--------
nle(id0,id1,dist): 12 24 2.156728282429998
list:
dist: 2.156728282429998 vs. 2.156728282429998
--------
nle(id0,id1,dist): 15 24 3.215991826752173
list:
dist: 3.215991826752173 vs. 3.215991826752173
--------
nle(id0,id1,dist): 15 20 2.9577593863232097
list:
dist: 2.9577593863232097 vs. 2.9577593863232097
--------
nle(id0,id1,dist): 15 19 3.4129525486617145
list:
dist: 3.4129525486617145 vs. 3.4129525486617145
--------
nle(id0,id1,dist): 15 18 2.489790560157639
list:
dist: 2.489790560157639 vs. 2.489790560157639
--------
nle(id0,id1,dist): 15 17 3.1847959749726438
list:
dist: 3.1847959749726438 vs. 3.1847959749726438
--------
nle(id0,id1,dist): 14 15 2.6628799167694637
list:
dist: 2.6628799167694637 vs. 2.6628799167694637
--------
nle(id0,id1,dist): 14 18 1.4869192133983897
list:
dist: 1.4869192133983897 vs. 1.4869192133983897
--------
nle(id0,id1,dist): 14 17 0.9596484009925105
list:
dist: 0.9596484009925105 vs. 0.9596484009925105
--------
nle(id0,id1,dist): 14 24 1.1112891710652988
list:
dist: 1.1112891710652988 vs. 1.1112891710652988
--------
nle(id0,id1,dist): 14 23 2.0733781370011033
list:
dist: 2.0733781370011033 vs. 2.0733781370011033
--------
nle(id0,id1,dist): 14 20 0.9569931165834501
list:
dist: 0.9569931165834501 vs. 0.9569931165834501
--------
nle(id0,id1,dist): 14 19 1.903941516604874
list:
dist: 1.903941516604874 vs. 1.903941516604874
--------
nle(id0,id1,dist): 14 21 2.1753083780527054
list:
dist: 2.1753083780527054 vs. 2.1753083780527054
--------
nle(id0,id1,dist): 17 18 1.192017211935667
list:
dist: 1.192017211935667 vs. 1.192017211935667
--------
nle(id0,id1,dist): 17 19 1.5306305969459666
list:
dist: 1.5306305969459666 vs. 1.5306305969459666
--------
nle(id0,id1,dist): 17 22 2.588343168260293
list:
dist: 2.588343168260293 vs. 2.588343168260293
--------
nle(id0,id1,dist): 17 23 1.6450483583361952
list:
dist: 1.6450483583361952 vs. 1.6450483583361952
--------
nle(id0,id1,dist): 17 20 1.4335589297161622
list:
dist: 1.4335589297161622 vs. 1.4335589297161622
--------
nle(id0,id1,dist): 17 21 1.4622378168301926
list:
dist: 1.4622378168301926 vs. 1.4622378168301926
--------
nle(id0,id1,dist): 17 26 3.028763572617943
list:
dist: 3.028763572617943 vs. 3.028763572617943
--------
nle(id0,id1,dist): 17 27 2.5162295704944246
list:
dist: 2.5162295704944246 vs. 2.5162295704944246
--------
nle(id0,id1,dist): 17 24 0.2736912164472972
list:
dist: 0.2736912164472972 vs. 0.2736912164472972
--------
nle(id0,id1,dist): 16 17 2.9765493927155093
list:
dist: 2.9765493927155093 vs. 2.9765493927155093
--------
nle(id0,id1,dist): 16 18 2.0550903018341935
list:
dist: 2.0550903018341935 vs. 2.0550903018341935
--------
nle(id0,id1,dist): 16 19 1.9811106453580833
list:
dist: 1.9811106453580833 vs. 1.9811106453580833
--------
nle(id0,id1,dist): 16 21 3.146570813275301
list:
dist: 3.146570813275301 vs. 3.146570813275301
--------
nle(id0,id1,dist): 16 22 0.9286039378824046
list:
dist: 0.9286039378824046 vs. 0.9286039378824046
--------
nle(id0,id1,dist): 16 24 2.7305481687846918
list:
dist: 2.7305481687846918 vs. 2.7305481687846918
--------
nle(id0,id1,dist): 16 26 1.3145439081451609
list:
dist: 1.3145439081451609 vs. 1.3145439081451609
--------
nle(id0,id1,dist): 16 27 1.3827979427281714
list:
dist: 1.3827979427281714 vs. 1.3827979427281714
--------
nle(id0,id1,dist): 16 28 1.1870579233503311
list:
dist: 1.1870579233503311 vs. 1.1870579233503311
--------
nle(id0,id1,dist): 16 29 2.231953997058025
list:
dist: 2.231953997058025 vs. 2.231953997058025
--------
nle(id0,id1,dist): 1 2 2.171872603112894
list:
dist: 2.171872603112894 vs. 2.171872603112894
--------
nle(id0,id1,dist): 1 4 2.6641246870823556
list:
dist: 2.6641246870823556 vs. 2.6641246870823556
--------
nle(id0,id1,dist): 1 5 1.0079011826031574
list:
dist: 1.0079011826031574 vs. 1.0079011826031574
--------
nle(id0,id1,dist): 1 6 2.318143646792418
list:
dist: 2.318143646792418 vs. 2.318143646792418
--------
nle(id0,id1,dist): 1 7 1.9104776666505332
list:
dist: 1.9104776666505332 vs. 1.9104776666505332
--------
nle(id0,id1,dist): 1 8 2.6703899892136005
list:
dist: 2.6703899892136005 vs. 2.6703899892136005
--------
nle(id0,id1,dist): 1 9 0.9586803010035182
list:
dist: 0.9586803010035182 vs. 0.9586803010035182
--------
nle(id0,id1,dist): 1 10 3.657925207117518
list:
dist: 3.657925207117518 vs. 3.657925207117518
--------
nle(id0,id1,dist): 1 28 4.041286491087222
list:
dist: 4.041286491087222 vs. 4.041286491087222
--------
nle(id0,id1,dist): 2 5 2.2871771476155294
list:
dist: 2.2871771476155294 vs. 2.2871771476155294
--------
nle(id0,id1,dist): 2 6 2.264788271819181
list:
dist: 2.264788271819181 vs. 2.264788271819181
--------
nle(id0,id1,dist): 2 3 2.0500254583331072
list:
dist: 2.0500254583331072 vs. 2.0500254583331072
--------
nle(id0,id1,dist): 2 4 2.1055508926195308
list:
dist: 2.1055508926195308 vs. 2.1055508926195308
--------
nle(id0,id1,dist): 1 15 1.2598041580915522
list:
dist: 1.2598041580915522 vs. 1.2598041580915522
--------
nle(id0,id1,dist): 1 14 3.2224200116296604
list:
dist: 3.2224200116296604 vs. 3.2224200116296604
--------
nle(id0,id1,dist): 1 13 2.340245299399762
list:
dist: 2.340245299399762 vs. 2.340245299399762
--------
nle(id0,id1,dist): 1 12 3.9010185346382995
list:
dist: 3.9010185346382995 vs. 3.9010185346382995
--------
nle(id0,id1,dist): 1 19 3.3652345323624666
list:
dist: 3.3652345323624666 vs. 3.3652345323624666
--------
nle(id0,id1,dist): 1 18 2.4136886504413266
list:
dist: 2.4136886504413266 vs. 2.4136886504413266
--------
nle(id0,id1,dist): 1 17 3.41195144824363
list:
dist: 3.41195144824363 vs. 3.41195144824363
--------
nle(id0,id1,dist): 1 16 3.0764057115695906
list:
dist: 3.0764057115695906 vs. 3.0764057115695906
--------
nle(id0,id1,dist): 1 22 2.7805942127925225
list:
dist: 2.7805942127925225 vs. 2.7805942127925225
--------
nle(id0,id1,dist): 1 20 3.628860345645456
list:
dist: 3.628860345645456 vs. 3.628860345645456
--------
nle(id0,id1,dist): 1 27 3.8447629430343935
list:
dist: 3.8447629430343935 vs. 3.8447629430343935
--------
nle(id0,id1,dist): 1 26 1.8253906230722825
list:
dist: 1.8253906230722825 vs. 1.8253906230722825
--------
nle(id0,id1,dist): 1 24 3.36671479583216
list:
dist: 3.36671479583216 vs. 3.36671479583216
--------
nle(id0,id1,dist): 2 24 3.1204133969807875
list:
dist: 3.1204133969807875 vs. 3.1204133969807875
--------
nle(id0,id1,dist): 2 12 2.3869337284259142
list:
dist: 2.3869337284259142 vs. 2.3869337284259142
--------
nle(id0,id1,dist): 2 14 2.379624831804741
list:
dist: 2.379624831804741 vs. 2.379624831804741
--------
nle(id0,id1,dist): 2 13 1.3601316292985932
list:
dist: 1.3601316292985932 vs. 1.3601316292985932
--------
nle(id0,id1,dist): 2 8 0.960712949013094
list:
dist: 0.960712949013094 vs. 0.960712949013094
--------
nle(id0,id1,dist): 2 7 1.1626329175869123
list:
dist: 1.1626329175869123 vs. 1.1626329175869123
--------
nle(id0,id1,dist): 2 10 2.3430179924008003
list:
dist: 2.3430179924008003 vs. 2.3430179924008003
--------
nle(id0,id1,dist): 2 9 1.2959498024473854
list:
dist: 1.2959498024473854 vs. 1.2959498024473854
--------
nle(id0,id1,dist): 2 20 2.2976570202413713
list:
dist: 2.2976570202413713 vs. 2.2976570202413713
--------
nle(id0,id1,dist): 2 19 3.7071325202648935
list:
dist: 3.7071325202648935 vs. 3.7071325202648935
--------
nle(id0,id1,dist): 2 15 1.140789057370445
list:
dist: 1.140789057370445 vs. 1.140789057370445
--------
nle(id0,id1,dist): 2 18 2.7161978604875947
list:
dist: 2.7161978604875947 vs. 2.7161978604875947
--------
nle(id0,id1,dist): 2 17 2.9947793968569436
list:
dist: 2.9947793968569436 vs. 2.9947793968569436
--------
nle(id0,id1,dist): 3 20 3.580263090890799
list:
dist: 3.580263090890799 vs. 3.580263090890799
--------
nle(id0,id1,dist): 3 8 2.5671237235947606
list:
dist: 2.5671237235947606 vs. 2.5671237235947606
--------
nle(id0,id1,dist): 3 7 2.9099255544672333
list:
dist: 2.9099255544672333 vs. 2.9099255544672333
--------
nle(id0,id1,dist): 3 4 3.605417183390616
list:
dist: 3.605417183390616 vs. 3.605417183390616
--------
nle(id0,id1,dist): 3 15 2.9659512403539754
list:
dist: 2.9659512403539754 vs. 2.9659512403539754
--------
nle(id0,id1,dist): 3 14 4.078080350618229
list:
dist: 4.078080350618229 vs. 4.078080350618229
--------
nle(id0,id1,dist): 3 13 3.279541379344105
list:
dist: 3.279541379344105 vs. 3.279541379344105
--------
nle(id0,id1,dist): 3 12 3.6267556971336337
list:
dist: 3.6267556971336337 vs. 3.6267556971336337
--------
nle(id0,id1,dist): 3 10 3.47212761026144
list:
dist: 3.47212761026144 vs. 3.47212761026144
--------
nle(id0,id1,dist): 37 49 3.220226805668453
list:
dist: 3.220226805668453 vs. 3.220226805668453
--------
nle(id0,id1,dist): 37 50 3.1229670047046483
list:
dist: 3.1229670047046483 vs. 3.1229670047046483
--------
nle(id0,id1,dist): 37 51 1.6563088003955648
list:
dist: 1.6563088003955648 vs. 1.6563088003955648
--------
nle(id0,id1,dist): 37 52 2.4319753178441084
list:
dist: 2.4319753178441084 vs. 2.4319753178441084
--------
nle(id0,id1,dist): 37 53 2.051411629640621
list:
dist: 2.051411629640621 vs. 2.051411629640621
--------
nle(id0,id1,dist): 37 55 1.7656778641859217
list:
dist: 1.7656778641859217 vs. 1.7656778641859217
--------
nle(id0,id1,dist): 37 41 1.4551529418911235
list:
dist: 1.4551529418911235 vs. 1.4551529418911235
--------
nle(id0,id1,dist): 37 42 2.890690472418938
list:
dist: 2.890690472418938 vs. 2.890690472418938
--------
nle(id0,id1,dist): 37 45 2.380713798328149
list:
dist: 2.380713798328149 vs. 2.380713798328149
--------
nle(id0,id1,dist): 37 46 1.8280356439871124
list:
dist: 1.8280356439871124 vs. 1.8280356439871124
--------
nle(id0,id1,dist): 37 47 2.3748415391732833
list:
dist: 2.3748415391732833 vs. 2.3748415391732833
--------
nle(id0,id1,dist): 37 39 1.261892251118282
list:
dist: 1.261892251118282 vs. 1.261892251118282
--------
nle(id0,id1,dist): 36 55 3.0945092085281716
list:
dist: 3.0945092085281716 vs. 3.0945092085281716
--------
nle(id0,id1,dist): 36 51 1.6903680845831563
list:
dist: 1.6903680845831563 vs. 1.6903680845831563
--------
nle(id0,id1,dist): 36 39 0.6081543233585289
list:
dist: 0.6081543233585289 vs. 0.6081543233585289
--------
nle(id0,id1,dist): 36 37 1.7074793377313555
list:
dist: 1.7074793377313555 vs. 1.7074793377313555
--------
nle(id0,id1,dist): 36 43 1.4922032114460475
list:
dist: 1.4922032114460475 vs. 1.4922032114460475
--------
nle(id0,id1,dist): 36 41 1.8964058863758895
list:
dist: 1.8964058863758895 vs. 1.8964058863758895
--------
nle(id0,id1,dist): 35 55 2.1334687813704165
list:
dist: 2.1334687813704165 vs. 2.1334687813704165
--------
nle(id0,id1,dist): 35 57 3.007806425944005
list:
dist: 3.007806425944005 vs. 3.007806425944005
--------
nle(id0,id1,dist): 35 50 4.080608879996857
list:
dist: 4.080608879996857 vs. 4.080608879996857
--------
nle(id0,id1,dist): 35 51 2.7006369173093416
list:
dist: 2.7006369173093416 vs. 2.7006369173093416
--------
nle(id0,id1,dist): 35 52 3.33635625615823
list:
dist: 3.33635625615823 vs. 3.33635625615823
--------
nle(id0,id1,dist): 35 53 2.9364681470467673
list:
dist: 2.9364681470467673 vs. 2.9364681470467673
--------
nle(id0,id1,dist): 35 47 2.423287715155339
list:
dist: 2.423287715155339 vs. 2.423287715155339
--------
nle(id0,id1,dist): 35 46 1.6866737979571622
list:
dist: 1.6866737979571622 vs. 1.6866737979571622
--------
nle(id0,id1,dist): 35 49 3.9585529495203824
list:
dist: 3.9585529495203824 vs. 3.9585529495203824
--------
nle(id0,id1,dist): 35 42 3.9651416203823624
list:
dist: 3.9651416203823624 vs. 3.9651416203823624
--------
nle(id0,id1,dist): 35 45 2.8555843092871673
list:
dist: 2.8555843092871673 vs. 2.8555843092871673
--------
nle(id0,id1,dist): 35 39 2.065087272770586
list:
dist: 2.065087272770586 vs. 2.065087272770586
--------
nle(id0,id1,dist): 35 41 2.50674881588986
list:
dist: 2.50674881588986 vs. 2.50674881588986
--------
nle(id0,id1,dist): 35 37 1.0899632766124046
list:
dist: 1.0899632766124046 vs. 1.0899632766124046
--------
nle(id0,id1,dist): 35 36 2.443262390325561
list:
dist: 2.443262390325561 vs. 2.443262390325561
--------
nle(id0,id1,dist): 34 55 3.034204380156908
list:
dist: 3.034204380156908 vs. 3.034204380156908
--------
nle(id0,id1,dist): 34 51 1.958251499226201
list:
dist: 1.958251499226201 vs. 1.958251499226201
--------
nle(id0,id1,dist): 34 43 1.7682302620590926
list:
dist: 1.7682302620590926 vs. 1.7682302620590926
--------
nle(id0,id1,dist): 34 41 1.8318237519288556
list:
dist: 1.8318237519288556 vs. 1.8318237519288556
--------
nle(id0,id1,dist): 34 39 1.2709343750451876
list:
dist: 1.2709343750451876 vs. 1.2709343750451876
--------
nle(id0,id1,dist): 34 36 0.7876534578322996
list:
dist: 0.7876534578322996 vs. 0.7876534578322996
--------
nle(id0,id1,dist): 34 35 2.856241268168884
list:
dist: 2.856241268168884 vs. 2.856241268168884
--------
nle(id0,id1,dist): 34 37 2.0644153481688283
list:
dist: 2.0644153481688283 vs. 2.0644153481688283
--------
nle(id0,id1,dist): 33 46 2.734466074769523
list:
dist: 2.734466074769523 vs. 2.734466074769523
--------
nle(id0,id1,dist): 33 47 2.8155075118735695
list:
dist: 2.8155075118735695 vs. 2.8155075118735695
--------
nle(id0,id1,dist): 33 51 2.3284877527147403
list:
dist: 2.3284877527147403 vs. 2.3284877527147403
--------
nle(id0,id1,dist): 33 55 2.4375061569921326
list:
dist: 2.4375061569921326 vs. 2.4375061569921326
--------
nle(id0,id1,dist): 33 35 1.6234497677017783
list:
dist: 1.6234497677017783 vs. 1.6234497677017783
--------
nle(id0,id1,dist): 33 34 1.403469109674552
list:
dist: 1.403469109674552 vs. 1.403469109674552
--------
nle(id0,id1,dist): 33 39 1.2854848183871408
list:
dist: 1.2854848183871408 vs. 1.2854848183871408
--------
nle(id0,id1,dist): 33 37 1.292981792609022
list:
dist: 1.292981792609022 vs. 1.292981792609022
--------
nle(id0,id1,dist): 33 36 1.2308382981062054
list:
dist: 1.2308382981062054 vs. 1.2308382981062054
--------
nle(id0,id1,dist): 33 41 2.0512652547721846
list:
dist: 2.0512652547721846 vs. 2.0512652547721846
--------
nle(id0,id1,dist): 32 51 2.249709188348796
list:
dist: 2.249709188348796 vs. 2.249709188348796
--------
nle(id0,id1,dist): 32 52 2.484025644439944
list:
dist: 2.484025644439944 vs. 2.484025644439944
--------
nle(id0,id1,dist): 32 49 3.3120606276913462
list:
dist: 3.3120606276913462 vs. 3.3120606276913462
--------
nle(id0,id1,dist): 32 50 3.678418859157255
list:
dist: 3.678418859157255 vs. 3.678418859157255
--------
nle(id0,id1,dist): 32 55 1.2653866543647776
list:
dist: 1.2653866543647776 vs. 1.2653866543647776
--------
nle(id0,id1,dist): 32 53 2.716938041548113
list:
dist: 2.716938041548113 vs. 2.716938041548113
--------
nle(id0,id1,dist): 32 54 2.987015596579792
list:
dist: 2.987015596579792 vs. 2.987015596579792
--------
nle(id0,id1,dist): 32 57 2.66274441215446
list:
dist: 2.66274441215446 vs. 2.66274441215446
--------
nle(id0,id1,dist): 32 37 1.2316421634422325
list:
dist: 1.2316421634422325 vs. 1.2316421634422325
--------
nle(id0,id1,dist): 32 39 1.9116185550131075
list:
dist: 1.9116185550131075 vs. 1.9116185550131075
--------
nle(id0,id1,dist): 32 34 1.8955955628977963
list:
dist: 1.8955955628977963 vs. 1.8955955628977963
--------
nle(id0,id1,dist): 32 33 1.2678302416606693
list:
dist: 1.2678302416606693 vs. 1.2678302416606693
--------
nle(id0,id1,dist): 32 36 2.0189377585485584
list:
dist: 2.0189377585485584 vs. 2.0189377585485584
--------
nle(id0,id1,dist): 32 35 1.7805600255116678
list:
dist: 1.7805600255116678 vs. 1.7805600255116678
--------
nle(id0,id1,dist): 32 46 1.9396557722999583
list:
dist: 1.9396557722999583 vs. 1.9396557722999583
--------
nle(id0,id1,dist): 32 45 2.0638507204025083
list:
dist: 2.0638507204025083 vs. 2.0638507204025083
--------
nle(id0,id1,dist): 32 47 1.6985907526975321
list:
dist: 1.6985907526975321 vs. 1.6985907526975321
--------
nle(id0,id1,dist): 32 42 3.076885159873448
list:
dist: 3.076885159873448 vs. 3.076885159873448
--------
nle(id0,id1,dist): 32 41 1.44431348784269
list:
dist: 1.44431348784269 vs. 1.44431348784269
--------
nle(id0,id1,dist): 32 44 3.5506971869738293
list:
dist: 3.5506971869738293 vs. 3.5506971869738293
--------
nle(id0,id1,dist): 31 55 4.0143815840684764
list:
dist: 4.0143815840684764 vs. 4.0143815840684764
--------
nle(id0,id1,dist): 31 43 1.0562079182361412
list:
dist: 1.0562079182361412 vs. 1.0562079182361412
--------
nle(id0,id1,dist): 31 41 2.8563282220523294
list:
dist: 2.8563282220523294 vs. 2.8563282220523294
--------
nle(id0,id1,dist): 31 39 1.6246425421771582
list:
dist: 1.6246425421771582 vs. 1.6246425421771582
--------
nle(id0,id1,dist): 31 51 2.645341841748248
list:
dist: 2.645341841748248 vs. 2.645341841748248
--------
nle(id0,id1,dist): 31 36 1.0605298428565764
list:
dist: 1.0605298428565764 vs. 1.0605298428565764
--------
nle(id0,id1,dist): 31 37 2.7029651573891775
list:
dist: 2.7029651573891775 vs. 2.7029651573891775
--------
nle(id0,id1,dist): 31 34 1.1655772667881625
list:
dist: 1.1655772667881625 vs. 1.1655772667881625
--------
nle(id0,id1,dist): 31 35 3.257718467484972
list:
dist: 3.257718467484972 vs. 3.257718467484972
--------
nle(id0,id1,dist): 31 32 2.824640331005634
list:
dist: 2.824640331005634 vs. 2.824640331005634
--------
nle(id0,id1,dist): 31 33 1.8439160375470784
list:
dist: 1.8439160375470784 vs. 1.8439160375470784
--------
nle(id0,id1,dist): 44 48 2.2395161060545203
list:
dist: 2.2395161060545203 vs. 2.2395161060545203
--------
nle(id0,id1,dist): 44 45 2.5787649972342095
list:
dist: 2.5787649972342095 vs. 2.5787649972342095
--------
nle(id0,id1,dist): 44 51 2.87811514226931
list:
dist: 2.87811514226931 vs. 2.87811514226931
--------
nle(id0,id1,dist): 44 52 1.4462609930314438
list:
dist: 1.4462609930314438 vs. 1.4462609930314438
--------
nle(id0,id1,dist): 44 49 1.573864497844838
list:
dist: 1.573864497844838 vs. 1.573864497844838
--------
nle(id0,id1,dist): 44 50 2.379177927888282
list:
dist: 2.379177927888282 vs. 2.379177927888282
--------
nle(id0,id1,dist): 43 51 2.534371177130082
list:
dist: 2.534371177130082 vs. 2.534371177130082
--------
nle(id0,id1,dist): 42 45 3.0830222818637822
list:
dist: 3.0830222818637822 vs. 3.0830222818637822
--------
nle(id0,id1,dist): 42 44 1.8395637769521413
list:
dist: 1.8395637769521413 vs. 1.8395637769521413
--------
nle(id0,id1,dist): 42 59 2.935733563641559
list:
dist: 2.935733563641559 vs. 2.935733563641559
--------
nle(id0,id1,dist): 42 57 2.4500353503902725
list:
dist: 2.4500353503902725 vs. 2.4500353503902725
--------
nle(id0,id1,dist): 42 58 2.556100339181357
list:
dist: 2.556100339181357 vs. 2.556100339181357
--------
nle(id0,id1,dist): 42 55 3.2378573980549166
list:
dist: 3.2378573980549166 vs. 3.2378573980549166
--------
nle(id0,id1,dist): 42 56 2.596506476349049
list:
dist: 2.596506476349049 vs. 2.596506476349049
--------
nle(id0,id1,dist): 42 53 1.6022409415477417
list:
dist: 1.6022409415477417 vs. 1.6022409415477417
--------
nle(id0,id1,dist): 42 54 0.7534740107613168
list:
dist: 0.7534740107613168 vs. 0.7534740107613168
--------
nle(id0,id1,dist): 42 51 1.4168147434484317
list:
dist: 1.4168147434484317 vs. 1.4168147434484317
--------
nle(id0,id1,dist): 42 52 1.5726871291742328
list:
dist: 1.5726871291742328 vs. 1.5726871291742328
--------
nle(id0,id1,dist): 42 49 2.3771463532173
list:
dist: 2.3771463532173 vs. 2.3771463532173
--------
nle(id0,id1,dist): 42 50 1.1980897536812738
list:
dist: 1.1980897536812738 vs. 1.1980897536812738
--------
nle(id0,id1,dist): 42 48 3.204238860779979
list:
dist: 3.204238860779979 vs. 3.204238860779979
--------
nle(id0,id1,dist): 41 49 2.389063908693219
list:
dist: 2.389063908693219 vs. 2.389063908693219
--------
nle(id0,id1,dist): 41 51 1.0758317710182135
list:
dist: 1.0758317710182135 vs. 1.0758317710182135
--------
nle(id0,id1,dist): 41 50 2.2863227172183875
list:
dist: 2.2863227172183875 vs. 2.2863227172183875
--------
nle(id0,id1,dist): 41 45 2.012204332150813
list:
dist: 2.012204332150813 vs. 2.012204332150813
--------
nle(id0,id1,dist): 41 44 2.438201188713264
list:
dist: 2.438201188713264 vs. 2.438201188713264
--------
nle(id0,id1,dist): 41 47 2.5723926214794344
list:
dist: 2.5723926214794344 vs. 2.5723926214794344
--------
nle(id0,id1,dist): 41 46 2.4820443936863494
list:
dist: 2.4820443936863494 vs. 2.4820443936863494
--------
nle(id0,id1,dist): 41 42 1.646708708889271
list:
dist: 1.646708708889271 vs. 1.646708708889271
--------
nle(id0,id1,dist): 41 57 1.9310634974070042
list:
dist: 1.9310634974070042 vs. 1.9310634974070042
--------
nle(id0,id1,dist): 41 52 1.3683121399294713
list:
dist: 1.3683121399294713 vs. 1.3683121399294713
--------
nle(id0,id1,dist): 41 53 1.544470899890694
list:
dist: 1.544470899890694 vs. 1.544470899890694
--------
nle(id0,id1,dist): 41 54 1.6686910891325184
list:
dist: 1.6686910891325184 vs. 1.6686910891325184
--------
nle(id0,id1,dist): 41 55 1.7832496592446188
list:
dist: 1.7832496592446188 vs. 1.7832496592446188
--------
nle(id0,id1,dist): 40 44 3.3964969995400285
list:
dist: 3.3964969995400285 vs. 3.3964969995400285
--------
nle(id0,id1,dist): 40 42 2.5075896619621623
list:
dist: 2.5075896619621623 vs. 2.5075896619621623
--------
nle(id0,id1,dist): 40 51 3.6319542258810524
list:
dist: 3.6319542258810524 vs. 3.6319542258810524
--------
nle(id0,id1,dist): 40 50 2.6330975184039103
list:
dist: 2.6330975184039103 vs. 2.6330975184039103
--------
nle(id0,id1,dist): 40 53 3.767777773862877
list:
dist: 3.767777773862877 vs. 3.767777773862877
--------
nle(id0,id1,dist): 40 54 2.797548153744933
list:
dist: 2.797548153744933 vs. 2.797548153744933
--------
nle(id0,id1,dist): 40 58 3.4368507118260943
list:
dist: 3.4368507118260943 vs. 3.4368507118260943
--------
nle(id0,id1,dist): 39 49 3.8302072417549535
list:
dist: 3.8302072417549535 vs. 3.8302072417549535
--------
nle(id0,id1,dist): 39 50 2.962787821147281
list:
dist: 2.962787821147281 vs. 2.962787821147281
--------
nle(id0,id1,dist): 39 51 1.3094482559784089
list:
dist: 1.3094482559784089 vs. 1.3094482559784089
--------
nle(id0,id1,dist): 39 52 2.877122050456104
list:
dist: 2.877122050456104 vs. 2.877122050456104
--------
nle(id0,id1,dist): 39 53 2.295616794877126
list:
dist: 2.295616794877126 vs. 2.295616794877126
--------
nle(id0,id1,dist): 39 55 2.817683870797717
list:
dist: 2.817683870797717 vs. 2.817683870797717
--------
nle(id0,id1,dist): 39 57 3.14981532736594
list:
dist: 3.14981532736594 vs. 3.14981532736594
--------
nle(id0,id1,dist): 39 45 3.3582998103461166
list:
dist: 3.3582998103461166 vs. 3.3582998103461166
--------
nle(id0,id1,dist): 39 43 1.858430035508457
list:
dist: 1.858430035508457 vs. 1.858430035508457
--------
nle(id0,id1,dist): 39 42 2.6057846131236273
list:
dist: 2.6057846131236273 vs. 2.6057846131236273
--------
nle(id0,id1,dist): 39 41 1.6538847715155491
list:
dist: 1.6538847715155491 vs. 1.6538847715155491
--------
nle(id0,id1,dist): 37 57 2.3661038445580758
list:
dist: 2.3661038445580758 vs. 2.3661038445580758
--------
nle(id0,id1,dist): 23 24 1.8017989013940112
list:
dist: 1.8017989013940112 vs. 1.8017989013940112
--------
nle(id0,id1,dist): 21 27 2.342352468032064
list:
dist: 2.342352468032064 vs. 2.342352468032064
--------
nle(id0,id1,dist): 21 24 1.3489365697863611
list:
dist: 1.3489365697863611 vs. 1.3489365697863611
--------
nle(id0,id1,dist): 21 28 2.41247347414832
list:
dist: 2.41247347414832 vs. 2.41247347414832
--------
nle(id0,id1,dist): 21 29 1.6307179378838375
list:
dist: 1.6307179378838375 vs. 1.6307179378838375
--------
nle(id0,id1,dist): 21 23 1.5839330031542629
list:
dist: 1.5839330031542629 vs. 1.5839330031542629
--------
nle(id0,id1,dist): 21 22 2.879090226827178
list:
dist: 2.879090226827178 vs. 2.879090226827178
--------
nle(id0,id1,dist): 22 27 1.8910999858268231
list:
dist: 1.8910999858268231 vs. 1.8910999858268231
--------
nle(id0,id1,dist): 22 28 1.5372621113904132
list:
dist: 1.5372621113904132 vs. 1.5372621113904132
--------
nle(id0,id1,dist): 22 29 2.480088890315947
list:
dist: 2.480088890315947 vs. 2.480088890315947
--------
nle(id0,id1,dist): 22 24 2.345003859165276
list:
dist: 2.345003859165276 vs. 2.345003859165276
--------
nle(id0,id1,dist): 22 26 1.4061483765036213
list:
dist: 1.4061483765036213 vs. 1.4061483765036213
--------
nle(id0,id1,dist): 19 24 1.2788674004914686
list:
dist: 1.2788674004914686 vs. 1.2788674004914686
--------
nle(id0,id1,dist): 19 22 1.3808437827818756
list:
dist: 1.3808437827818756 vs. 1.3808437827818756
--------
nle(id0,id1,dist): 19 23 2.8173285091760154
list:
dist: 2.8173285091760154 vs. 2.8173285091760154
--------
nle(id0,id1,dist): 19 20 2.7728540100374324
list:
dist: 2.7728540100374324 vs. 2.7728540100374324
--------
nle(id0,id1,dist): 19 21 1.6335042597741416
list:
dist: 1.6335042597741416 vs. 1.6335042597741416
--------
nle(id0,id1,dist): 19 28 1.7608779413777826
list:
dist: 1.7608779413777826 vs. 1.7608779413777826
--------
nle(id0,id1,dist): 19 29 1.988623055456338
list:
dist: 1.988623055456338 vs. 1.988623055456338
--------
nle(id0,id1,dist): 19 26 2.445719657254089
list:
dist: 2.445719657254089 vs. 2.445719657254089
--------
nle(id0,id1,dist): 19 27 1.9847293963181578
list:
dist: 1.9847293963181578 vs. 1.9847293963181578
--------
nle(id0,id1,dist): 20 21 2.645904153122671
list:
dist: 2.645904153122671 vs. 2.645904153122671
--------
nle(id0,id1,dist): 20 23 1.9059593440418137
list:
dist: 1.9059593440418137 vs. 1.9059593440418137
--------
nle(id0,id1,dist): 20 24 1.690340462519762
list:
dist: 1.690340462519762 vs. 1.690340462519762
--------
nle(id0,id1,dist): 18 22 1.6066203829122832
list:
dist: 1.6066203829122832 vs. 1.6066203829122832
--------
nle(id0,id1,dist): 18 21 2.200459521276848
list:
dist: 2.200459521276848 vs. 2.200459521276848
--------
nle(id0,id1,dist): 18 20 2.1909831728961113
list:
dist: 2.1909831728961113 vs. 2.1909831728961113
--------
nle(id0,id1,dist): 18 19 1.1948464586247531
list:
dist: 1.1948464586247531 vs. 1.1948464586247531
--------
nle(id0,id1,dist): 17 28 2.7982404609008165
list:
dist: 2.7982404609008165 vs. 2.7982404609008165
--------
nle(id0,id1,dist): 17 29 2.273087171893964
list:
dist: 2.273087171893964 vs. 2.273087171893964
--------
nle(id0,id1,dist): 18 23 2.8278471719749834
list:
dist: 2.8278471719749834 vs. 2.8278471719749834
--------
nle(id0,id1,dist): 18 24 1.0419018681423124
list:
dist: 1.0419018681423124 vs. 1.0419018681423124
--------
nle(id0,id1,dist): 18 26 1.8781465934960746
list:
dist: 1.8781465934960746 vs. 1.8781465934960746
--------
nle(id0,id1,dist): 18 27 2.121057671159114
list:
dist: 2.121057671159114 vs. 2.121057671159114
--------
nle(id0,id1,dist): 18 28 2.3157336900198944
list:
dist: 2.3157336900198944 vs. 2.3157336900198944
--------
nle(id0,id1,dist): 18 29 2.3579207512837193
list:
dist: 2.3579207512837193 vs. 2.3579207512837193
--------
nle(id0,id1,dist): 30 41 3.1541049503382315
list:
dist: 3.1541049503382315 vs. 3.1541049503382315
--------
nle(id0,id1,dist): 30 39 2.1110516040561014
list:
dist: 2.1110516040561014 vs. 2.1110516040561014
--------
nle(id0,id1,dist): 30 37 2.698170930820036
list:
dist: 2.698170930820036 vs. 2.698170930820036
--------
nle(id0,id1,dist): 30 36 1.6452976884102195
list:
dist: 1.6452976884102195 vs. 1.6452976884102195
--------
nle(id0,id1,dist): 30 35 2.93300558691494
list:
dist: 2.93300558691494 vs. 2.93300558691494
--------
nle(id0,id1,dist): 30 34 1.5818096474088919
list:
dist: 1.5818096474088919 vs. 1.5818096474088919
--------
nle(id0,id1,dist): 30 33 1.4502239072644074
list:
dist: 1.4502239072644074 vs. 1.4502239072644074
--------
nle(id0,id1,dist): 30 32 2.51407356053495
list:
dist: 2.51407356053495 vs. 2.51407356053495
--------
nle(id0,id1,dist): 30 31 1.2339681107587082
list:
dist: 1.2339681107587082 vs. 1.2339681107587082
--------
nle(id0,id1,dist): 30 55 3.7693185252241737
list:
dist: 3.7693185252241737 vs. 3.7693185252241737
--------
nle(id0,id1,dist): 30 51 3.283827619568281
list:
dist: 3.283827619568281 vs. 3.283827619568281
--------
nle(id0,id1,dist): 30 43 2.27940801560219
list:
dist: 2.27940801560219 vs. 2.27940801560219
--------
nle(id0,id1,dist): 28 29 1.343211106872464
list:
dist: 1.343211106872464 vs. 1.343211106872464
--------
nle(id0,id1,dist): 26 27 2.2954303526382027
list:
dist: 2.2954303526382027 vs. 2.2954303526382027
--------
nle(id0,id1,dist): 26 28 2.4094546762310824
list:
dist: 2.4094546762310824 vs. 2.4094546762310824
--------
nle(id0,id1,dist): 27 29 0.9735243648354746
list:
dist: 0.9735243648354746 vs. 0.9735243648354746
--------
nle(id0,id1,dist): 27 28 0.8913352426453752
list:
dist: 0.8913352426453752 vs. 0.8913352426453752
--------
nle(id0,id1,dist): 24 26 2.8553996737838907
list:
dist: 2.8553996737838907 vs. 2.8553996737838907
--------
nle(id0,id1,dist): 24 27 2.2869636079608755
list:
dist: 2.2869636079608755 vs. 2.2869636079608755
--------
nle(id0,id1,dist): 24 28 2.532748179846717
list:
dist: 2.532748179846717 vs. 2.532748179846717
--------
nle(id0,id1,dist): 24 29 2.07000776948628
list:
dist: 2.07000776948628 vs. 2.07000776948628
--------
nle(id0,id1,dist): 62 79 2.8043723835277508
list:
dist: 2.8043723835277508 vs. 2.8043723835277508
--------
nle(id0,id1,dist): 62 80 2.487886807452759
list:
dist: 2.487886807452759 vs. 2.487886807452759
--------
nle(id0,id1,dist): 62 81 1.2907312542352587
list:
dist: 1.2907312542352587 vs. 1.2907312542352587
--------
nle(id0,id1,dist): 62 82 1.8833669038281078
list:
dist: 1.8833669038281078 vs. 1.8833669038281078
--------
nle(id0,id1,dist): 62 76 3.1578215075261413
list:
dist: 3.1578215075261413 vs. 3.1578215075261413
--------
nle(id0,id1,dist): 62 78 3.065185809453301
list:
dist: 3.065185809453301 vs. 3.065185809453301
--------
nle(id0,id1,dist): 62 85 3.738428963024313
list:
dist: 3.738428963024313 vs. 3.738428963024313
--------
nle(id0,id1,dist): 62 63 1.775008014104268
list:
dist: 1.775008014104268 vs. 1.775008014104268
--------
nle(id0,id1,dist): 62 65 1.2626897307476759
list:
dist: 1.2626897307476759 vs. 1.2626897307476759
--------
nle(id0,id1,dist): 62 72 0.7998952965096955
list:
dist: 0.7998952965096955 vs. 0.7998952965096955
--------
nle(id0,id1,dist): 62 71 2.0890424633609825
list:
dist: 2.0890424633609825 vs. 2.0890424633609825
--------
nle(id0,id1,dist): 62 73 1.2937897671910834
list:
dist: 1.2937897671910834 vs. 1.2937897671910834
--------
nle(id0,id1,dist): 62 68 1.0245369025138922
list:
dist: 1.0245369025138922 vs. 1.0245369025138922
--------
nle(id0,id1,dist): 61 84 2.458753854145085
list:
dist: 2.458753854145085 vs. 2.458753854145085
--------
nle(id0,id1,dist): 61 85 1.148580617482833
list:
dist: 1.148580617482833 vs. 1.148580617482833
--------
nle(id0,id1,dist): 61 82 1.7815135488701865
list:
dist: 1.7815135488701865 vs. 1.7815135488701865
--------
nle(id0,id1,dist): 61 83 1.7329057063699829
list:
dist: 1.7329057063699829 vs. 1.7329057063699829
--------
nle(id0,id1,dist): 61 80 2.032201817847875
list:
dist: 2.032201817847875 vs. 2.032201817847875
--------
nle(id0,id1,dist): 61 81 1.6565395875011453
list:
dist: 1.6565395875011453 vs. 1.6565395875011453
--------
nle(id0,id1,dist): 61 88 2.45042289167417
list:
dist: 2.45042289167417 vs. 2.45042289167417
--------
nle(id0,id1,dist): 61 89 2.305369142018415
list:
dist: 2.305369142018415 vs. 2.305369142018415
--------
nle(id0,id1,dist): 61 71 0.7706998511300154
list:
dist: 0.7706998511300154 vs. 0.7706998511300154
--------
nle(id0,id1,dist): 61 69 3.090167021625802
list:
dist: 3.090167021625802 vs. 3.090167021625802
--------
nle(id0,id1,dist): 61 68 2.741931382656947
list:
dist: 2.741931382656947 vs. 2.741931382656947
--------
nle(id0,id1,dist): 61 67 1.89049806221845
list:
dist: 1.89049806221845 vs. 1.89049806221845
--------
nle(id0,id1,dist): 61 66 1.0179541724907104
list:
dist: 1.0179541724907104 vs. 1.0179541724907104
--------
nle(id0,id1,dist): 61 65 2.3014364428348224
list:
dist: 2.3014364428348224 vs. 2.3014364428348224
--------
nle(id0,id1,dist): 61 79 1.2744689938403335
list:
dist: 1.2744689938403335 vs. 1.2744689938403335
--------
nle(id0,id1,dist): 61 78 1.8538377379965598
list:
dist: 1.8538377379965598 vs. 1.8538377379965598
--------
nle(id0,id1,dist): 61 77 2.7108499176028333
list:
dist: 2.7108499176028333 vs. 2.7108499176028333
--------
nle(id0,id1,dist): 61 76 1.2645619304870563
list:
dist: 1.2645619304870563 vs. 1.2645619304870563
--------
nle(id0,id1,dist): 61 75 1.8325211770336531
list:
dist: 1.8325211770336531 vs. 1.8325211770336531
--------
nle(id0,id1,dist): 61 74 2.521249084798878
list:
dist: 2.521249084798878 vs. 2.521249084798878
--------
nle(id0,id1,dist): 61 73 1.7481911442235185
list:
dist: 1.7481911442235185 vs. 1.7481911442235185
--------
nle(id0,id1,dist): 61 72 3.5181595188374826
list:
dist: 3.5181595188374826 vs. 3.5181595188374826
--------
nle(id0,id1,dist): 64 70 0.9344510368114559
list:
dist: 0.9344510368114559 vs. 0.9344510368114559
--------
nle(id0,id1,dist): 64 78 3.739584714862378
list:
dist: 3.739584714862378 vs. 3.739584714862378
--------
nle(id0,id1,dist): 63 72 1.7869612655560279
list:
dist: 1.7869612655560279 vs. 1.7869612655560279
--------
nle(id0,id1,dist): 63 73 2.0890283907469427
list:
dist: 2.0890283907469427 vs. 2.0890283907469427
--------
nle(id0,id1,dist): 63 81 2.1848617857522292
list:
dist: 2.1848617857522292 vs. 2.1848617857522292
--------
nle(id0,id1,dist): 63 65 1.3889703137401963
list:
dist: 1.3889703137401963 vs. 1.3889703137401963
--------
nle(id0,id1,dist): 63 69 3.8200352560746236
list:
dist: 3.8200352560746236 vs. 3.8200352560746236
--------
nle(id0,id1,dist): 63 68 1.1103624306818187
list:
dist: 1.1103624306818187 vs. 1.1103624306818187
--------
nle(id0,id1,dist): 58 59 1.801755665168523
list:
dist: 1.801755665168523 vs. 1.801755665168523
--------
nle(id0,id1,dist): 61 62 2.731594337101238
list:
dist: 2.731594337101238 vs. 2.731594337101238
--------
nle(id0,id1,dist): 60 81 2.6360353708974844
list:
dist: 2.6360353708974844 vs. 2.6360353708974844
--------
nle(id0,id1,dist): 60 72 0.9691710652863034
list:
dist: 0.9691710652863034 vs. 0.9691710652863034
--------
nle(id0,id1,dist): 60 73 2.315270923016402
list:
dist: 2.315270923016402 vs. 2.315270923016402
--------
nle(id0,id1,dist): 60 63 1.5644949699804238
list:
dist: 1.5644949699804238 vs. 1.5644949699804238
--------
nle(id0,id1,dist): 60 62 1.517174766063059
list:
dist: 1.517174766063059 vs. 1.517174766063059
--------
nle(id0,id1,dist): 60 68 1.4829903781723612
list:
dist: 1.4829903781723612 vs. 1.4829903781723612
--------
nle(id0,id1,dist): 60 65 2.1530219335801553
list:
dist: 2.1530219335801553 vs. 2.1530219335801553
--------
nle(id0,id1,dist): 69 71 3.5683981020223148
list:
dist: 3.5683981020223148 vs. 3.5683981020223148
--------
nle(id0,id1,dist): 69 78 4.166249725212046
list:
dist: 4.166249725212046 vs. 4.166249725212046
--------
nle(id0,id1,dist): 69 79 2.4066109742461843
list:
dist: 2.4066109742461843 vs. 2.4066109742461843
--------
nle(id0,id1,dist): 69 76 3.736906369932671
list:
dist: 3.736906369932671 vs. 3.736906369932671
--------
nle(id0,id1,dist): 69 75 2.104100398066511
list:
dist: 2.104100398066511 vs. 2.104100398066511
--------
nle(id0,id1,dist): 69 73 3.3438645287421385
list:
dist: 3.3438645287421385 vs. 3.3438645287421385
--------
nle(id0,id1,dist): 69 85 2.7551221333900413
list:
dist: 2.7551221333900413 vs. 2.7551221333900413
--------
nle(id0,id1,dist): 69 81 3.1807668356658287
list:
dist: 3.1807668356658287 vs. 3.1807668356658287
--------
nle(id0,id1,dist): 68 73 1.0339925067039426
list:
dist: 1.0339925067039426 vs. 1.0339925067039426
--------
nle(id0,id1,dist): 68 76 3.049940426646933
list:
dist: 3.049940426646933 vs. 3.049940426646933
--------
nle(id0,id1,dist): 68 75 3.6245723425989733
list:
dist: 3.6245723425989733 vs. 3.6245723425989733
--------
nle(id0,id1,dist): 68 69 3.651549561399604
list:
dist: 3.651549561399604 vs. 3.651549561399604
--------
nle(id0,id1,dist): 68 72 1.4130725561867181
list:
dist: 1.4130725561867181 vs. 1.4130725561867181
--------
nle(id0,id1,dist): 68 71 2.303959262789708
list:
dist: 2.303959262789708 vs. 2.303959262789708
--------
nle(id0,id1,dist): 68 81 1.3671061041173975
list:
dist: 1.3671061041173975 vs. 1.3671061041173975
--------
nle(id0,id1,dist): 68 82 2.485180015733765
list:
dist: 2.485180015733765 vs. 2.485180015733765
--------
nle(id0,id1,dist): 68 78 2.9292829095613
list:
dist: 2.9292829095613 vs. 2.9292829095613
--------
nle(id0,id1,dist): 68 79 2.3438896587955775
list:
dist: 2.3438896587955775 vs. 2.3438896587955775
--------
nle(id0,id1,dist): 68 80 2.6956602183376197
list:
dist: 2.6956602183376197 vs. 2.6956602183376197
--------
nle(id0,id1,dist): 68 85 3.5211101910935887
list:
dist: 3.5211101910935887 vs. 3.5211101910935887
--------
nle(id0,id1,dist): 70 86 2.0451036150743698
list:
dist: 2.0451036150743698 vs. 2.0451036150743698
--------
nle(id0,id1,dist): 70 83 3.1402499699116064
list:
dist: 3.1402499699116064 vs. 3.1402499699116064
--------
nle(id0,id1,dist): 70 90 3.1556934363239204
list:
dist: 3.1556934363239204 vs. 3.1556934363239204
--------
nle(id0,id1,dist): 70 89 3.0256267594749775
list:
dist: 3.0256267594749775 vs. 3.0256267594749775
--------
nle(id0,id1,dist): 70 94 2.3683759988987583
list:
dist: 2.3683759988987583 vs. 2.3683759988987583
--------
nle(id0,id1,dist): 70 93 2.019215672746465
list:
dist: 2.019215672746465 vs. 2.019215672746465
--------
nle(id0,id1,dist): 70 92 3.2944942735726674
list:
dist: 3.2944942735726674 vs. 3.2944942735726674
--------
nle(id0,id1,dist): 70 91 2.2052571863709156
list:
dist: 2.2052571863709156 vs. 2.2052571863709156
--------
nle(id0,id1,dist): 70 98 2.7794568257837553
list:
dist: 2.7794568257837553 vs. 2.7794568257837553
--------
nle(id0,id1,dist): 70 97 3.0359364813201166
list:
dist: 3.0359364813201166 vs. 3.0359364813201166
--------
nle(id0,id1,dist): 70 96 1.5866498470610704
list:
dist: 1.5866498470610704 vs. 1.5866498470610704
--------
nle(id0,id1,dist): 70 95 2.7018357210114616
list:
dist: 2.7018357210114616 vs. 2.7018357210114616
--------
nle(id0,id1,dist): 70 101 3.610137731063253
list:
dist: 3.610137731063253 vs. 3.610137731063253
--------
nle(id0,id1,dist): 70 102 3.659585483685398
list:
dist: 3.659585483685398 vs. 3.659585483685398
--------
nle(id0,id1,dist): 70 99 2.531552223999516
list:
dist: 2.531552223999516 vs. 2.531552223999516
--------
nle(id0,id1,dist): 70 100 2.8331149560142226
list:
dist: 2.8331149560142226 vs. 2.8331149560142226
--------
nle(id0,id1,dist): 70 105 2.214853263769264
list:
dist: 2.214853263769264 vs. 2.214853263769264
--------
nle(id0,id1,dist): 70 106 3.3840133715648126
list:
dist: 3.3840133715648126 vs. 3.3840133715648126
--------
nle(id0,id1,dist): 70 103 2.8266146914687447
list:
dist: 2.8266146914687447 vs. 2.8266146914687447
--------
nle(id0,id1,dist): 70 109 2.5624324126389215
list:
dist: 2.5624324126389215 vs. 2.5624324126389215
--------
nle(id0,id1,dist): 71 72 2.8552574333723735
list:
dist: 2.8552574333723735 vs. 2.8552574333723735
--------
nle(id0,id1,dist): 70 110 2.9653647364265665
list:
dist: 2.9653647364265665 vs. 2.9653647364265665
--------
nle(id0,id1,dist): 71 73 1.330741196008097
list:
dist: 1.330741196008097 vs. 1.330741196008097
--------
nle(id0,id1,dist): 70 107 3.4842704003179197
list:
dist: 3.4842704003179197 vs. 3.4842704003179197
--------
nle(id0,id1,dist): 70 108 2.964293333941781
list:
dist: 2.964293333941781 vs. 2.964293333941781
--------
nle(id0,id1,dist): 71 76 1.4728182305317208
list:
dist: 1.4728182305317208 vs. 1.4728182305317208
--------
nle(id0,id1,dist): 70 113 3.171320700120041
list:
dist: 3.171320700120041 vs. 3.171320700120041
--------
nle(id0,id1,dist): 71 77 3.1925386029389538
list:
dist: 3.1925386029389538 vs. 3.1925386029389538
--------
nle(id0,id1,dist): 70 111 2.140510028412417
list:
dist: 2.140510028412417 vs. 2.140510028412417
--------
nle(id0,id1,dist): 71 74 2.363704654066164
list:
dist: 2.363704654066164 vs. 2.363704654066164
--------
nle(id0,id1,dist): 71 75 2.52453810829107
list:
dist: 2.52453810829107 vs. 2.52453810829107
--------
nle(id0,id1,dist): 70 112 1.6723285909246062
list:
dist: 1.6723285909246062 vs. 1.6723285909246062
--------
nle(id0,id1,dist): 70 78 3.054195542811687
list:
dist: 3.054195542811687 vs. 3.054195542811687
--------
nle(id0,id1,dist): 65 85 3.0664283221919124
list:
dist: 3.0664283221919124 vs. 3.0664283221919124
--------
nle(id0,id1,dist): 65 82 2.397988607718528
list:
dist: 2.397988607718528 vs. 2.397988607718528
--------
nle(id0,id1,dist): 64 117 1.608286111103031
list:
dist: 1.608286111103031 vs. 1.608286111103031
--------
nle(id0,id1,dist): 65 80 2.78983859978234
list:
dist: 2.78983859978234 vs. 2.78983859978234
--------
nle(id0,id1,dist): 65 81 0.8628998552181476
list:
dist: 0.8628998552181476 vs. 0.8628998552181476
--------
nle(id0,id1,dist): 64 118 2.3743666319737278
list:
dist: 2.3743666319737278 vs. 2.3743666319737278
--------
nle(id0,id1,dist): 65 78 2.921016233970729
list:
dist: 2.921016233970729 vs. 2.921016233970729
--------
nle(id0,id1,dist): 64 115 3.233885948963213
list:
dist: 3.233885948963213 vs. 3.233885948963213
--------
nle(id0,id1,dist): 64 116 3.5463311571459912
list:
dist: 3.5463311571459912 vs. 3.5463311571459912
--------
nle(id0,id1,dist): 65 79 1.9675754825749445
list:
dist: 1.9675754825749445 vs. 1.9675754825749445
--------
nle(id0,id1,dist): 65 76 2.8647881708662566
list:
dist: 2.8647881708662566 vs. 2.8647881708662566
--------
nle(id0,id1,dist): 64 113 2.660220737509591
list:
dist: 2.660220737509591 vs. 2.660220737509591
--------
nle(id0,id1,dist): 66 67 2.363977173705418
list:
dist: 2.363977173705418 vs. 2.363977173705418
--------
nle(id0,id1,dist): 64 93 2.0724176125405864
list:
dist: 2.0724176125405864 vs. 2.0724176125405864
--------
nle(id0,id1,dist): 64 94 2.564795911323902
list:
dist: 2.564795911323902 vs. 2.564795911323902
--------
nle(id0,id1,dist): 64 95 2.180049287119386
list:
dist: 2.180049287119386 vs. 2.180049287119386
--------
nle(id0,id1,dist): 64 96 1.2713796066150698
list:
dist: 1.2713796066150698 vs. 1.2713796066150698
--------
nle(id0,id1,dist): 64 89 3.33351732472466
list:
dist: 3.33351732472466 vs. 3.33351732472466
--------
nle(id0,id1,dist): 64 90 3.453156230026229
list:
dist: 3.453156230026229 vs. 3.453156230026229
--------
nle(id0,id1,dist): 64 91 1.8407095081260734
list:
dist: 1.8407095081260734 vs. 1.8407095081260734
--------
nle(id0,id1,dist): 64 92 3.488705463977214
list:
dist: 3.488705463977214 vs. 3.488705463977214
--------
nle(id0,id1,dist): 64 86 1.9542260652716523
list:
dist: 1.9542260652716523 vs. 1.9542260652716523
--------
nle(id0,id1,dist): 64 83 3.651164049424146
list:
dist: 3.651164049424146 vs. 3.651164049424146
--------
nle(id0,id1,dist): 64 110 2.6972268542729116
list:
dist: 2.6972268542729116 vs. 2.6972268542729116
--------
nle(id0,id1,dist): 65 73 0.9064725833828645
list:
dist: 0.9064725833828645 vs. 0.9064725833828645
--------
nle(id0,id1,dist): 64 109 2.9824714972685924
list:
dist: 2.9824714972685924 vs. 2.9824714972685924
--------
nle(id0,id1,dist): 65 72 1.8711489186289727
list:
dist: 1.8711489186289727 vs. 1.8711489186289727
--------
nle(id0,id1,dist): 65 75 3.1528389418272753
list:
dist: 3.1528389418272753 vs. 3.1528389418272753
--------
nle(id0,id1,dist): 64 112 1.7551224952239175
list:
dist: 1.7551224952239175 vs. 1.7551224952239175
--------
nle(id0,id1,dist): 64 111 1.588426473195432
list:
dist: 1.588426473195432 vs. 1.588426473195432
--------
nle(id0,id1,dist): 64 106 3.51339487033267
list:
dist: 3.51339487033267 vs. 3.51339487033267
--------
nle(id0,id1,dist): 65 69 3.059380416845285
list:
dist: 3.059380416845285 vs. 3.059380416845285
--------
nle(id0,id1,dist): 64 105 2.586180462126503
list:
dist: 2.586180462126503 vs. 2.586180462126503
--------
nle(id0,id1,dist): 65 68 0.7255792289477412
list:
dist: 0.7255792289477412 vs. 0.7255792289477412
--------
nle(id0,id1,dist): 64 108 2.5080777799399496
list:
dist: 2.5080777799399496 vs. 2.5080777799399496
--------
nle(id0,id1,dist): 65 71 1.9782636165560217
list:
dist: 1.9782636165560217 vs. 1.9782636165560217
--------
nle(id0,id1,dist): 64 107 3.6356161588708678
list:
dist: 3.6356161588708678 vs. 3.6356161588708678
--------
nle(id0,id1,dist): 64 102 4.173140888041058
list:
dist: 4.173140888041058 vs. 4.173140888041058
--------
nle(id0,id1,dist): 64 101 3.884456145091265
list:
dist: 3.884456145091265 vs. 3.884456145091265
--------
nle(id0,id1,dist): 65 67 3.033321554510485
list:
dist: 3.033321554510485 vs. 3.033321554510485
--------
nle(id0,id1,dist): 64 103 3.3038806961943434
list:
dist: 3.3038806961943434 vs. 3.3038806961943434
--------
nle(id0,id1,dist): 64 98 2.837496667448393
list:
dist: 2.837496667448393 vs. 2.837496667448393
--------
nle(id0,id1,dist): 64 97 3.022073553462642
list:
dist: 3.022073553462642 vs. 3.022073553462642
--------
nle(id0,id1,dist): 64 100 2.675657072289361
list:
dist: 2.675657072289361 vs. 2.675657072289361
--------
nle(id0,id1,dist): 64 99 2.053967289201683
list:
dist: 2.053967289201683 vs. 2.053967289201683
--------
nle(id0,id1,dist): 67 76 1.9691379253718209
list:
dist: 1.9691379253718209 vs. 1.9691379253718209
--------
nle(id0,id1,dist): 67 77 3.0170464269436756
list:
dist: 3.0170464269436756 vs. 3.0170464269436756
--------
nle(id0,id1,dist): 67 75 0.28751806709039535
list:
dist: 0.28751806709039535 vs. 0.28751806709039535
--------
nle(id0,id1,dist): 67 81 2.871204637877424
list:
dist: 2.871204637877424 vs. 2.871204637877424
--------
nle(id0,id1,dist): 67 78 2.4510144328750583
list:
dist: 2.4510144328750583 vs. 2.4510144328750583
--------
nle(id0,id1,dist): 67 79 1.1837544646432228
list:
dist: 1.1837544646432228 vs. 1.1837544646432228
--------
nle(id0,id1,dist): 67 68 3.4720271099052917
list:
dist: 3.4720271099052917 vs. 3.4720271099052917
--------
nle(id0,id1,dist): 67 69 2.0725974643979757
list:
dist: 2.0725974643979757 vs. 2.0725974643979757
--------
nle(id0,id1,dist): 67 73 2.7072418069889213
list:
dist: 2.7072418069889213 vs. 2.7072418069889213
--------
nle(id0,id1,dist): 67 71 2.532360031897428
list:
dist: 2.532360031897428 vs. 2.532360031897428
--------
nle(id0,id1,dist): 67 85 1.0581759142427691
list:
dist: 1.0581759142427691 vs. 1.0581759142427691
--------
nle(id0,id1,dist): 67 83 2.336017209616871
list:
dist: 2.336017209616871 vs. 2.336017209616871
--------
nle(id0,id1,dist): 67 89 2.677177414987717
list:
dist: 2.677177414987717 vs. 2.677177414987717
--------
nle(id0,id1,dist): 67 88 1.8592489538438075
list:
dist: 1.8592489538438075 vs. 1.8592489538438075
--------
nle(id0,id1,dist): 66 79 2.0038535642356496
list:
dist: 2.0038535642356496 vs. 2.0038535642356496
--------
nle(id0,id1,dist): 66 80 1.8618025520129438
list:
dist: 1.8618025520129438 vs. 1.8618025520129438
--------
nle(id0,id1,dist): 66 82 1.8920668282322697
list:
dist: 1.8920668282322697 vs. 1.8920668282322697
--------
nle(id0,id1,dist): 66 83 1.1913874002667642
list:
dist: 1.1913874002667642 vs. 1.1913874002667642
--------
nle(id0,id1,dist): 66 84 1.59082561848271
list:
dist: 1.59082561848271 vs. 1.59082561848271
--------
nle(id0,id1,dist): 66 85 1.3901515014294892
list:
dist: 1.3901515014294892 vs. 1.3901515014294892
--------
nle(id0,id1,dist): 66 71 1.3182503900678326
list:
dist: 1.3182503900678326 vs. 1.3182503900678326
--------
nle(id0,id1,dist): 66 74 1.7321531537677002
list:
dist: 1.7321531537677002 vs. 1.7321531537677002
--------
nle(id0,id1,dist): 66 75 2.27024613394726
list:
dist: 2.27024613394726 vs. 2.27024613394726
--------
nle(id0,id1,dist): 66 76 1.078185527444195
list:
dist: 1.078185527444195 vs. 1.078185527444195
--------
nle(id0,id1,dist): 66 77 1.8831491190126761
list:
dist: 1.8831491190126761 vs. 1.8831491190126761
--------
nle(id0,id1,dist): 66 78 1.692178258495816
list:
dist: 1.692178258495816 vs. 1.692178258495816
--------
nle(id0,id1,dist): 66 88 2.1250537102538822
list:
dist: 2.1250537102538822 vs. 2.1250537102538822
--------
nle(id0,id1,dist): 66 89 1.5264489438735114
list:
dist: 1.5264489438735114 vs. 1.5264489438735114
--------
nle(id0,id1,dist): 48 52 1.8405388626294321
list:
dist: 1.8405388626294321 vs. 1.8405388626294321
--------
nle(id0,id1,dist): 48 49 0.835551429019506
list:
dist: 0.835551429019506 vs. 0.835551429019506
--------
nle(id0,id1,dist): 48 50 2.9933238898639223
list:
dist: 2.9933238898639223 vs. 2.9933238898639223
--------
nle(id0,id1,dist): 48 56 1.2040232902063066
list:
dist: 1.2040232902063066 vs. 1.2040232902063066
--------
nle(id0,id1,dist): 48 53 2.5215689590588086
list:
dist: 2.5215689590588086 vs. 2.5215689590588086
--------
nle(id0,id1,dist): 48 54 3.0039879988599894
list:
dist: 3.0039879988599894 vs. 3.0039879988599894
--------
nle(id0,id1,dist): 48 59 0.6946513892180483
list:
dist: 0.6946513892180483 vs. 0.6946513892180483
--------
nle(id0,id1,dist): 48 57 1.3847845119970144
list:
dist: 1.3847845119970144 vs. 1.3847845119970144
--------
nle(id0,id1,dist): 48 58 1.9516462738214941
list:
dist: 1.9516462738214941 vs. 1.9516462738214941
--------
nle(id0,id1,dist): 49 50 2.2978436134968256
list:
dist: 2.2978436134968256 vs. 2.2978436134968256
--------
nle(id0,id1,dist): 49 51 2.761561223742606
list:
dist: 2.761561223742606 vs. 2.761561223742606
--------
nle(id0,id1,dist): 49 52 1.0518780117955997
list:
dist: 1.0518780117955997 vs. 1.0518780117955997
--------
nle(id0,id1,dist): 49 53 1.8811372194520803
list:
dist: 1.8811372194520803 vs. 1.8811372194520803
--------
nle(id0,id1,dist): 49 54 2.179563372523542
list:
dist: 2.179563372523542 vs. 2.179563372523542
--------
nle(id0,id1,dist): 49 55 2.523124727111867
list:
dist: 2.523124727111867 vs. 2.523124727111867
--------
nle(id0,id1,dist): 49 56 1.0191597381596593
list:
dist: 1.0191597381596593 vs. 1.0191597381596593
--------
nle(id0,id1,dist): 49 57 1.0044610209636888
list:
dist: 1.0044610209636888 vs. 1.0044610209636888
--------
nle(id0,id1,dist): 49 58 1.6445208173187533
list:
dist: 1.6445208173187533 vs. 1.6445208173187533
--------
nle(id0,id1,dist): 49 59 0.7268508686655908
list:
dist: 0.7268508686655908 vs. 0.7268508686655908
--------
nle(id0,id1,dist): 50 53 1.228053920528086
list:
dist: 1.228053920528086 vs. 1.228053920528086
--------
nle(id0,id1,dist): 50 54 1.7955837965021675
list:
dist: 1.7955837965021675 vs. 1.7955837965021675
--------
nle(id0,id1,dist): 50 51 1.6862116611367004
list:
dist: 1.6862116611367004 vs. 1.6862116611367004
--------
nle(id0,id1,dist): 50 52 1.8623129927739406
list:
dist: 1.8623129927739406 vs. 1.8623129927739406
--------
nle(id0,id1,dist): 50 59 2.965752518316407
list:
dist: 2.965752518316407 vs. 2.965752518316407
--------
nle(id0,id1,dist): 50 56 2.018947777940697
list:
dist: 2.018947777940697 vs. 2.018947777940697
--------
nle(id0,id1,dist): 50 55 3.6398292815611066
list:
dist: 3.6398292815611066 vs. 3.6398292815611066
--------
nle(id0,id1,dist): 50 58 2.238500980580728
list:
dist: 2.238500980580728 vs. 2.238500980580728
--------
nle(id0,id1,dist): 50 57 2.303519858509751
list:
dist: 2.303519858509751 vs. 2.303519858509751
--------
nle(id0,id1,dist): 45 47 1.3986461960347232
list:
dist: 1.3986461960347232 vs. 1.3986461960347232
--------
nle(id0,id1,dist): 45 46 1.5372152675042994
list:
dist: 1.5372152675042994 vs. 1.5372152675042994
--------
nle(id0,id1,dist): 44 55 3.1491406956874215
list:
dist: 3.1491406956874215 vs. 3.1491406956874215
--------
nle(id0,id1,dist): 44 56 2.344796365286557
list:
dist: 2.344796365286557 vs. 2.344796365286557
--------
nle(id0,id1,dist): 44 53 2.5097369657374324
list:
dist: 2.5097369657374324 vs. 2.5097369657374324
--------
nle(id0,id1,dist): 44 54 1.2616839448091777
list:
dist: 1.2616839448091777 vs. 1.2616839448091777
--------
nle(id0,id1,dist): 44 59 1.672085151948881
list:
dist: 1.672085151948881 vs. 1.672085151948881
--------
nle(id0,id1,dist): 44 57 2.2938920879297924
list:
dist: 2.2938920879297924 vs. 2.2938920879297924
--------
nle(id0,id1,dist): 44 58 1.6919828199715943
list:
dist: 1.6919828199715943 vs. 1.6919828199715943
--------
nle(id0,id1,dist): 45 56 2.4140637610658633
list:
dist: 2.4140637610658633 vs. 2.4140637610658633
--------
nle(id0,id1,dist): 45 57 1.3507148045768629
list:
dist: 1.3507148045768629 vs. 1.3507148045768629
--------
nle(id0,id1,dist): 45 58 3.378729618226939
list:
dist: 3.378729618226939 vs. 3.378729618226939
--------
nle(id0,id1,dist): 45 59 1.8666623368322093
list:
dist: 1.8666623368322093 vs. 1.8666623368322093
--------
nle(id0,id1,dist): 45 48 1.975479130972791
list:
dist: 1.975479130972791 vs. 1.975479130972791
--------
nle(id0,id1,dist): 45 49 1.7664897665613715
list:
dist: 1.7664897665613715 vs. 1.7664897665613715
--------
nle(id0,id1,dist): 45 50 3.379192643178205
list:
dist: 3.379192643178205 vs. 3.379192643178205
--------
nle(id0,id1,dist): 45 51 2.848324982372493
list:
dist: 2.848324982372493 vs. 2.848324982372493
--------
nle(id0,id1,dist): 45 52 1.6119481141348815
list:
dist: 1.6119481141348815 vs. 1.6119481141348815
--------
nle(id0,id1,dist): 45 53 2.4267320559099734
list:
dist: 2.4267320559099734 vs. 2.4267320559099734
--------
nle(id0,id1,dist): 45 54 2.8029836707726927
list:
dist: 2.8029836707726927 vs. 2.8029836707726927
--------
nle(id0,id1,dist): 45 55 0.912843089166351
list:
dist: 0.912843089166351 vs. 0.912843089166351
--------
nle(id0,id1,dist): 46 57 2.0443523477547862
list:
dist: 2.0443523477547862 vs. 2.0443523477547862
--------
nle(id0,id1,dist): 46 55 1.1313986547310713
list:
dist: 1.1313986547310713 vs. 1.1313986547310713
--------
nle(id0,id1,dist): 46 52 2.650457387192749
list:
dist: 2.650457387192749 vs. 2.650457387192749
--------
nle(id0,id1,dist): 46 49 2.9139025595101344
list:
dist: 2.9139025595101344 vs. 2.9139025595101344
--------
nle(id0,id1,dist): 46 47 1.2986164081733687
list:
dist: 1.2986164081733687 vs. 1.2986164081733687
--------
nle(id0,id1,dist): 47 55 0.8392212118682115
list:
dist: 0.8392212118682115 vs. 0.8392212118682115
--------
nle(id0,id1,dist): 47 57 2.584715996349968
list:
dist: 2.584715996349968 vs. 2.584715996349968
--------
nle(id0,id1,dist): 47 52 2.8188011248095832
list:
dist: 2.8188011248095832 vs. 2.8188011248095832
--------
nle(id0,id1,dist): 47 49 3.160120869865537
list:
dist: 3.160120869865537 vs. 3.160120869865537
--------
nle(id0,id1,dist): 55 57 1.8863628913056685
list:
dist: 1.8863628913056685 vs. 1.8863628913056685
--------
nle(id0,id1,dist): 56 58 1.7170681493144162
list:
dist: 1.7170681493144162 vs. 1.7170681493144162
--------
nle(id0,id1,dist): 56 57 1.1633442675552466
list:
dist: 1.1633442675552466 vs. 1.1633442675552466
--------
nle(id0,id1,dist): 56 59 1.5765978006644341
list:
dist: 1.5765978006644341 vs. 1.5765978006644341
--------
nle(id0,id1,dist): 57 59 1.5610444297503299
list:
dist: 1.5610444297503299 vs. 1.5610444297503299
--------
nle(id0,id1,dist): 57 58 2.4967685959993062
list:
dist: 2.4967685959993062 vs. 2.4967685959993062
--------
nle(id0,id1,dist): 51 52 1.8323482645254647
list:
dist: 1.8323482645254647 vs. 1.8323482645254647
--------
nle(id0,id1,dist): 51 53 1.1677458041423467
list:
dist: 1.1677458041423467 vs. 1.1677458041423467
--------
nle(id0,id1,dist): 51 54 1.8973778195075943
list:
dist: 1.8973778195075943 vs. 1.8973778195075943
--------
nle(id0,id1,dist): 51 55 2.6696390920670194
list:
dist: 2.6696390920670194 vs. 2.6696390920670194
--------
nle(id0,id1,dist): 51 57 2.2717422260661326
list:
dist: 2.2717422260661326 vs. 2.2717422260661326
--------
nle(id0,id1,dist): 52 55 2.0442348826645524
list:
dist: 2.0442348826645524 vs. 2.0442348826645524
--------
nle(id0,id1,dist): 52 56 1.619152791456346
list:
dist: 1.619152791456346 vs. 1.619152791456346
--------
nle(id0,id1,dist): 52 53 1.2988825365135315
list:
dist: 1.2988825365135315 vs. 1.2988825365135315
--------
nle(id0,id1,dist): 52 54 1.403977739598241
list:
dist: 1.403977739598241 vs. 1.403977739598241
--------
nle(id0,id1,dist): 52 59 1.6095683198724033
list:
dist: 1.6095683198724033 vs. 1.6095683198724033
--------
nle(id0,id1,dist): 52 57 1.0469266477359211
list:
dist: 1.0469266477359211 vs. 1.0469266477359211
--------
nle(id0,id1,dist): 52 58 2.197557754821056
list:
dist: 2.197557754821056 vs. 2.197557754821056
--------
nle(id0,id1,dist): 53 54 2.003007026943341
list:
dist: 2.003007026943341 vs. 2.003007026943341
--------
nle(id0,id1,dist): 53 55 2.5757838241220625
list:
dist: 2.5757838241220625 vs. 2.5757838241220625
--------
nle(id0,id1,dist): 53 57 1.3821451593820913
list:
dist: 1.3821451593820913 vs. 1.3821451593820913
--------
nle(id0,id1,dist): 53 56 1.6542869694576736
list:
dist: 1.6542869694576736 vs. 1.6542869694576736
--------
nle(id0,id1,dist): 53 59 2.5978394775093108
list:
dist: 2.5978394775093108 vs. 2.5978394775093108
--------
nle(id0,id1,dist): 53 58 2.6732773914749126
list:
dist: 2.6732773914749126 vs. 2.6732773914749126
--------
nle(id0,id1,dist): 54 59 2.5921561898240375
list:
dist: 2.5921561898240375 vs. 2.5921561898240375
--------
nle(id0,id1,dist): 54 58 2.4396400262768285
list:
dist: 2.4396400262768285 vs. 2.4396400262768285
--------
nle(id0,id1,dist): 54 57 2.4325576552668857
list:
dist: 2.4325576552668857 vs. 2.4325576552668857
--------
nle(id0,id1,dist): 54 56 2.6840798811670172
list:
dist: 2.6840798811670172 vs. 2.6840798811670172
--------
nle(id0,id1,dist): 54 55 3.037674915947551
list:
dist: 3.037674915947551 vs. 3.037674915947551
--------
nle(id0,id1,dist): 93 112 0.9689463791532852
list:
dist: 0.9689463791532852 vs. 0.9689463791532852
--------
nle(id0,id1,dist): 93 113 2.2653708065546745
list:
dist: 2.2653708065546745 vs. 2.2653708065546745
--------
nle(id0,id1,dist): 93 114 2.470304784707336
list:
dist: 2.470304784707336 vs. 2.470304784707336
--------
nle(id0,id1,dist): 93 115 1.4282459414194482
list:
dist: 1.4282459414194482 vs. 1.4282459414194482
--------
nle(id0,id1,dist): 93 116 3.9395916177382704
list:
dist: 3.9395916177382704 vs. 3.9395916177382704
--------
nle(id0,id1,dist): 93 117 2.3615750838885354
list:
dist: 2.3615750838885354 vs. 2.3615750838885354
--------
nle(id0,id1,dist): 93 118 2.421460304097208
list:
dist: 2.421460304097208 vs. 2.421460304097208
--------
nle(id0,id1,dist): 93 97 1.1003365979591588
list:
dist: 1.1003365979591588 vs. 1.1003365979591588
--------
nle(id0,id1,dist): 93 96 1.2852604774035712
list:
dist: 1.2852604774035712 vs. 1.2852604774035712
--------
nle(id0,id1,dist): 93 99 1.6597950440498634
list:
dist: 1.6597950440498634 vs. 1.6597950440498634
--------
nle(id0,id1,dist): 93 98 1.4939310784064261
list:
dist: 1.4939310784064261 vs. 1.4939310784064261
--------
nle(id0,id1,dist): 93 101 1.8638422697211576
list:
dist: 1.8638422697211576 vs. 1.8638422697211576
--------
nle(id0,id1,dist): 93 100 1.2513731793904763
list:
dist: 1.2513731793904763 vs. 1.2513731793904763
--------
nle(id0,id1,dist): 93 103 1.8861437091234163
list:
dist: 1.8861437091234163 vs. 1.8861437091234163
--------
nle(id0,id1,dist): 93 102 2.520086660901485
list:
dist: 2.520086660901485 vs. 2.520086660901485
--------
nle(id0,id1,dist): 93 105 0.8918057129892495
list:
dist: 0.8918057129892495 vs. 0.8918057129892495
--------
nle(id0,id1,dist): 93 104 1.7602298865602937
list:
dist: 1.7602298865602937 vs. 1.7602298865602937
--------
nle(id0,id1,dist): 93 107 2.4511542862759845
list:
dist: 2.4511542862759845 vs. 2.4511542862759845
--------
nle(id0,id1,dist): 93 106 1.7737111780966826
list:
dist: 1.7737111780966826 vs. 1.7737111780966826
--------
nle(id0,id1,dist): 93 109 2.2195035227510336
list:
dist: 2.2195035227510336 vs. 2.2195035227510336
--------
nle(id0,id1,dist): 93 108 1.613871748215127
list:
dist: 1.613871748215127 vs. 1.613871748215127
--------
nle(id0,id1,dist): 93 111 1.7266949513993903
list:
dist: 1.7266949513993903 vs. 1.7266949513993903
--------
nle(id0,id1,dist): 93 110 2.2711720362028935
list:
dist: 2.2711720362028935 vs. 2.2711720362028935
--------
nle(id0,id1,dist): 94 109 2.5288583607331505
list:
dist: 2.5288583607331505 vs. 2.5288583607331505
--------
nle(id0,id1,dist): 94 110 2.890265585219493
list:
dist: 2.890265585219493 vs. 2.890265585219493
--------
nle(id0,id1,dist): 94 107 2.781836592980301
list:
dist: 2.781836592980301 vs. 2.781836592980301
--------
nle(id0,id1,dist): 94 108 2.1497059662754547
list:
dist: 2.1497059662754547 vs. 2.1497059662754547
--------
nle(id0,id1,dist): 94 113 2.886144784419643
list:
dist: 2.886144784419643 vs. 2.886144784419643
--------
nle(id0,id1,dist): 94 114 2.95140936234461
list:
dist: 2.95140936234461 vs. 2.95140936234461
--------
nle(id0,id1,dist): 94 111 2.0531650227077907
list:
dist: 2.0531650227077907 vs. 2.0531650227077907
--------
nle(id0,id1,dist): 94 112 1.5641882910525133
list:
dist: 1.5641882910525133 vs. 1.5641882910525133
--------
nle(id0,id1,dist): 94 117 3.0388658697587987
list:
dist: 3.0388658697587987 vs. 3.0388658697587987
--------
nle(id0,id1,dist): 94 118 3.0699190411662745
list:
dist: 3.0699190411662745 vs. 3.0699190411662745
--------
nle(id0,id1,dist): 94 115 1.5964829873448536
list:
dist: 1.5964829873448536 vs. 1.5964829873448536
--------
nle(id0,id1,dist): 94 116 4.606233926880991
list:
dist: 4.606233926880991 vs. 4.606233926880991
--------
nle(id0,id1,dist): 94 98 1.915451164983427
list:
dist: 1.915451164983427 vs. 1.915451164983427
--------
nle(id0,id1,dist): 94 97 0.841873571654392
list:
dist: 0.841873571654392 vs. 0.841873571654392
--------
nle(id0,id1,dist): 94 96 1.952265964270496
list:
dist: 1.952265964270496 vs. 1.952265964270496
--------
nle(id0,id1,dist): 94 95 1.938561341094279
list:
dist: 1.938561341094279 vs. 1.938561341094279
--------
nle(id0,id1,dist): 94 102 1.888214983434722
list:
dist: 1.888214983434722 vs. 1.888214983434722
--------
nle(id0,id1,dist): 94 101 1.5404400065247454
list:
dist: 1.5404400065247454 vs. 1.5404400065247454
--------
nle(id0,id1,dist): 94 100 1.7405086028428989
list:
dist: 1.7405086028428989 vs. 1.7405086028428989
--------
nle(id0,id1,dist): 94 99 2.3131597870632823
list:
dist: 2.3131597870632823 vs. 2.3131597870632823
--------
nle(id0,id1,dist): 94 106 1.9273023716843911
list:
dist: 1.9273023716843911 vs. 1.9273023716843911
--------
nle(id0,id1,dist): 94 105 0.8451376976092575
list:
dist: 0.8451376976092575 vs. 0.8451376976092575
--------
nle(id0,id1,dist): 94 104 1.4058825151952588
list:
dist: 1.4058825151952588 vs. 1.4058825151952588
--------
nle(id0,id1,dist): 94 103 1.2708222278649395
list:
dist: 1.2708222278649395 vs. 1.2708222278649395
--------
nle(id0,id1,dist): 92 97 0.8056444101636582
list:
dist: 0.8056444101636582 vs. 0.8056444101636582
--------
nle(id0,id1,dist): 92 98 2.281874693424994
list:
dist: 2.281874693424994 vs. 2.281874693424994
--------
nle(id0,id1,dist): 92 100 2.1043353460856795
list:
dist: 2.1043353460856795 vs. 2.1043353460856795
--------
nle(id0,id1,dist): 92 93 1.4976213383910404
list:
dist: 1.4976213383910404 vs. 1.4976213383910404
--------
nle(id0,id1,dist): 92 94 0.9369130509054606
list:
dist: 0.9369130509054606 vs. 0.9369130509054606
--------
nle(id0,id1,dist): 92 96 2.769951147135801
list:
dist: 2.769951147135801 vs. 2.769951147135801
--------
nle(id0,id1,dist): 91 111 0.7690771607623569
list:
dist: 0.7690771607623569 vs. 0.7690771607623569
--------
nle(id0,id1,dist): 91 110 2.562862122642367
list:
dist: 2.562862122642367 vs. 2.562862122642367
--------
nle(id0,id1,dist): 91 113 2.1530350564221954
list:
dist: 2.1530350564221954 vs. 2.1530350564221954
--------
nle(id0,id1,dist): 91 112 1.6364519505160813
list:
dist: 1.6364519505160813 vs. 1.6364519505160813
--------
nle(id0,id1,dist): 91 107 3.263659180641206
list:
dist: 3.263659180641206 vs. 3.263659180641206
--------
nle(id0,id1,dist): 91 106 2.6163785284774725
list:
dist: 2.6163785284774725 vs. 2.6163785284774725
--------
nle(id0,id1,dist): 91 109 3.131131040138055
list:
dist: 3.131131040138055 vs. 3.131131040138055
--------
nle(id0,id1,dist): 91 108 1.3820959293405242
list:
dist: 1.3820959293405242 vs. 1.3820959293405242
--------
nle(id0,id1,dist): 91 118 2.117235515794592
list:
dist: 2.117235515794592 vs. 2.117235515794592
--------
nle(id0,id1,dist): 91 115 1.762654121688772
list:
dist: 1.762654121688772 vs. 1.762654121688772
--------
nle(id0,id1,dist): 91 117 2.1677662130732345
list:
dist: 2.1677662130732345 vs. 2.1677662130732345
--------
nle(id0,id1,dist): 91 116 3.79880359662796
list:
dist: 3.79880359662796 vs. 3.79880359662796
--------
nle(id0,id1,dist): 93 94 0.6835166034882296
list:
dist: 0.6835166034882296 vs. 0.6835166034882296
--------
nle(id0,id1,dist): 93 95 1.6022256187647639
list:
dist: 1.6022256187647639 vs. 1.6022256187647639
--------
nle(id0,id1,dist): 92 107 2.996851260508347
list:
dist: 2.996851260508347 vs. 2.996851260508347
--------
nle(id0,id1,dist): 92 106 1.9297620856538664
list:
dist: 1.9297620856538664 vs. 1.9297620856538664
--------
nle(id0,id1,dist): 92 105 1.4060039544473046
list:
dist: 1.4060039544473046 vs. 1.4060039544473046
--------
nle(id0,id1,dist): 92 104 0.8694928208879927
list:
dist: 0.8694928208879927 vs. 0.8694928208879927
--------
nle(id0,id1,dist): 92 103 1.3669924089760355
list:
dist: 1.3669924089760355 vs. 1.3669924089760355
--------
nle(id0,id1,dist): 92 102 1.508583599270033
list:
dist: 1.508583599270033 vs. 1.508583599270033
--------
nle(id0,id1,dist): 92 101 1.0341478814305625
list:
dist: 1.0341478814305625 vs. 1.0341478814305625
--------
nle(id0,id1,dist): 92 115 1.5754013976592862
list:
dist: 1.5754013976592862 vs. 1.5754013976592862
--------
nle(id0,id1,dist): 92 114 3.185986695820587
list:
dist: 3.185986695820587 vs. 3.185986695820587
--------
nle(id0,id1,dist): 92 112 2.3353559770420826
list:
dist: 2.3353559770420826 vs. 2.3353559770420826
--------
nle(id0,id1,dist): 92 110 3.4070634744793704
list:
dist: 3.4070634744793704 vs. 3.4070634744793704
--------
nle(id0,id1,dist): 92 109 3.0123881046992613
list:
dist: 3.0123881046992613 vs. 3.0123881046992613
--------
nle(id0,id1,dist): 97 101 1.5317495256317568
list:
dist: 1.5317495256317568 vs. 1.5317495256317568
--------
nle(id0,id1,dist): 97 100 1.6292469239989984
list:
dist: 1.6292469239989984 vs. 1.6292469239989984
--------
nle(id0,id1,dist): 97 103 1.839822821652267
list:
dist: 1.839822821652267 vs. 1.839822821652267
--------
nle(id0,id1,dist): 97 102 2.253579705615153
list:
dist: 2.253579705615153 vs. 2.253579705615153
--------
nle(id0,id1,dist): 97 105 1.4994652909146475
list:
dist: 1.4994652909146475 vs. 1.4994652909146475
--------
nle(id0,id1,dist): 97 104 0.6625173263627625
list:
dist: 0.6625173263627625 vs. 0.6625173263627625
--------
nle(id0,id1,dist): 97 107 2.9355902321338387
list:
dist: 2.9355902321338387 vs. 2.9355902321338387
--------
nle(id0,id1,dist): 97 106 1.915550852637336
list:
dist: 1.915550852637336 vs. 1.915550852637336
--------
nle(id0,id1,dist): 97 99 2.282486176256219
list:
dist: 2.282486176256219 vs. 2.282486176256219
--------
nle(id0,id1,dist): 97 98 2.060562495813325
list:
dist: 2.060562495813325 vs. 2.060562495813325
--------
nle(id0,id1,dist): 96 113 1.6012084623358565
list:
dist: 1.6012084623358565 vs. 1.6012084623358565
--------
nle(id0,id1,dist): 96 115 2.145146297828548
list:
dist: 2.145146297828548 vs. 2.145146297828548
--------
nle(id0,id1,dist): 96 116 2.8890412953565803
list:
dist: 2.8890412953565803 vs. 2.8890412953565803
--------
nle(id0,id1,dist): 96 117 1.1197165787171648
list:
dist: 1.1197165787171648 vs. 1.1197165787171648
--------
nle(id0,id1,dist): 96 118 1.5427031424841957
list:
dist: 1.5427031424841957 vs. 1.5427031424841957
--------
nle(id0,id1,dist): 98 102 3.226690050687088
list:
dist: 3.226690050687088 vs. 3.226690050687088
--------
nle(id0,id1,dist): 98 101 1.8836498589714985
list:
dist: 1.8836498589714985 vs. 1.8836498589714985
--------
nle(id0,id1,dist): 98 100 0.7955700395825879
list:
dist: 0.7955700395825879 vs. 0.7955700395825879
--------
nle(id0,id1,dist): 98 99 1.5841853438862954
list:
dist: 1.5841853438862954 vs. 1.5841853438862954
--------
nle(id0,id1,dist): 97 118 2.974305463746269
list:
dist: 2.974305463746269 vs. 2.974305463746269
--------
nle(id0,id1,dist): 97 116 4.571208631930514
list:
dist: 4.571208631930514 vs. 4.571208631930514
--------
nle(id0,id1,dist): 97 117 3.2124943727683877
list:
dist: 3.2124943727683877 vs. 3.2124943727683877
--------
nle(id0,id1,dist): 97 110 2.950999806766592
list:
dist: 2.950999806766592 vs. 2.950999806766592
--------
nle(id0,id1,dist): 97 111 2.1187458879539136
list:
dist: 2.1187458879539136 vs. 2.1187458879539136
--------
nle(id0,id1,dist): 97 108 1.8678956158351696
list:
dist: 1.8678956158351696 vs. 1.8678956158351696
--------
nle(id0,id1,dist): 97 109 3.0352199745278075
list:
dist: 3.0352199745278075 vs. 3.0352199745278075
--------
nle(id0,id1,dist): 97 114 2.7883596871549368
list:
dist: 2.7883596871549368 vs. 2.7883596871549368
--------
nle(id0,id1,dist): 97 115 1.0745379455454336
list:
dist: 1.0745379455454336 vs. 1.0745379455454336
--------
nle(id0,id1,dist): 97 112 2.009427648358472
list:
dist: 2.009427648358472 vs. 2.009427648358472
--------
nle(id0,id1,dist): 97 113 2.735576608678799
list:
dist: 2.735576608678799 vs. 2.735576608678799
--------
nle(id0,id1,dist): 95 115 1.8816853184729359
list:
dist: 1.8816853184729359 vs. 1.8816853184729359
--------
nle(id0,id1,dist): 95 114 2.931015597738585
list:
dist: 2.931015597738585 vs. 2.931015597738585
--------
nle(id0,id1,dist): 95 117 2.273685880793424
list:
dist: 2.273685880793424 vs. 2.273685880793424
--------
nle(id0,id1,dist): 95 116 3.722076463892678
list:
dist: 3.722076463892678 vs. 3.722076463892678
--------
nle(id0,id1,dist): 95 111 0.8362641758767553
list:
dist: 0.8362641758767553 vs. 0.8362641758767553
--------
nle(id0,id1,dist): 95 110 2.723921343427307
list:
dist: 2.723921343427307 vs. 2.723921343427307
--------
nle(id0,id1,dist): 95 113 2.10209998597555
list:
dist: 2.10209998597555 vs. 2.10209998597555
--------
nle(id0,id1,dist): 95 112 2.1145408842389073
list:
dist: 2.1145408842389073 vs. 2.1145408842389073
--------
nle(id0,id1,dist): 95 107 3.589599574506391
list:
dist: 3.589599574506391 vs. 3.589599574506391
--------
nle(id0,id1,dist): 95 106 2.933168260835574
list:
dist: 2.933168260835574 vs. 2.933168260835574
--------
nle(id0,id1,dist): 95 108 1.3095527528348714
list:
dist: 1.3095527528348714 vs. 1.3095527528348714
--------
nle(id0,id1,dist): 95 104 2.1035109184217706
list:
dist: 2.1035109184217706 vs. 2.1035109184217706
--------
nle(id0,id1,dist): 95 98 2.6075247189640245
list:
dist: 2.6075247189640245 vs. 2.6075247189640245
--------
nle(id0,id1,dist): 95 99 1.6282382579890384
list:
dist: 1.6282382579890384 vs. 1.6282382579890384
--------
nle(id0,id1,dist): 95 100 1.9273339792235733
list:
dist: 1.9273339792235733 vs. 1.9273339792235733
--------
nle(id0,id1,dist): 95 96 1.7595620567702634
list:
dist: 1.7595620567702634 vs. 1.7595620567702634
--------
nle(id0,id1,dist): 95 97 1.6912198437840738
list:
dist: 1.6912198437840738 vs. 1.6912198437840738
--------
nle(id0,id1,dist): 96 112 0.7391254669245116
list:
dist: 0.7391254669245116 vs. 0.7391254669245116
--------
nle(id0,id1,dist): 96 111 1.6897989847324297
list:
dist: 1.6897989847324297 vs. 1.6897989847324297
--------
nle(id0,id1,dist): 96 110 1.5524554892012865
list:
dist: 1.5524554892012865 vs. 1.5524554892012865
--------
nle(id0,id1,dist): 96 109 2.1554586874664445
list:
dist: 2.1554586874664445 vs. 2.1554586874664445
--------
nle(id0,id1,dist): 96 108 1.4618641383330921
list:
dist: 1.4618641383330921 vs. 1.4618641383330921
--------
nle(id0,id1,dist): 96 107 2.4779040312766654
list:
dist: 2.4779040312766654 vs. 2.4779040312766654
--------
nle(id0,id1,dist): 96 106 2.3444101175077345
list:
dist: 2.3444101175077345 vs. 2.3444101175077345
--------
nle(id0,id1,dist): 96 105 1.8375869030194398
list:
dist: 1.8375869030194398 vs. 1.8375869030194398
--------
nle(id0,id1,dist): 96 103 3.0237656382983467
list:
dist: 3.0237656382983467 vs. 3.0237656382983467
--------
nle(id0,id1,dist): 96 102 3.715356448534437
list:
dist: 3.715356448534437 vs. 3.715356448534437
--------
nle(id0,id1,dist): 96 101 2.9517475521161014
list:
dist: 2.9517475521161014 vs. 2.9517475521161014
--------
nle(id0,id1,dist): 96 100 1.444424690271021
list:
dist: 1.444424690271021 vs. 1.444424690271021
--------
nle(id0,id1,dist): 96 99 0.9538979106413531
list:
dist: 0.9538979106413531 vs. 0.9538979106413531
--------
nle(id0,id1,dist): 96 98 1.630858733387191
list:
dist: 1.630858733387191 vs. 1.630858733387191
--------
nle(id0,id1,dist): 96 97 2.26242831178794
list:
dist: 2.26242831178794 vs. 2.26242831178794
--------
nle(id0,id1,dist): 95 118 2.019992601927589
list:
dist: 2.019992601927589 vs. 2.019992601927589
--------
nle(id0,id1,dist): 86 102 4.4693456417406665
list:
dist: 4.4693456417406665 vs. 4.4693456417406665
--------
nle(id0,id1,dist): 86 101 3.5891753082320257
list:
dist: 3.5891753082320257 vs. 3.5891753082320257
--------
nle(id0,id1,dist): 86 100 2.1196881079223773
list:
dist: 2.1196881079223773 vs. 2.1196881079223773
--------
nle(id0,id1,dist): 86 99 1.6959527818790874
list:
dist: 1.6959527818790874 vs. 1.6959527818790874
--------
nle(id0,id1,dist): 86 106 2.68843760387919
list:
dist: 2.68843760387919 vs. 2.68843760387919
--------
nle(id0,id1,dist): 86 105 2.5149759990377136
list:
dist: 2.5149759990377136 vs. 2.5149759990377136
--------
nle(id0,id1,dist): 86 103 3.9068470843356335
list:
dist: 3.9068470843356335 vs. 3.9068470843356335
--------
nle(id0,id1,dist): 86 110 1.3186844273101361
list:
dist: 1.3186844273101361 vs. 1.3186844273101361
--------
nle(id0,id1,dist): 86 109 1.7585854117567516
list:
dist: 1.7585854117567516 vs. 1.7585854117567516
--------
nle(id0,id1,dist): 86 108 2.370701830663024
list:
dist: 2.370701830663024 vs. 2.370701830663024
--------
nle(id0,id1,dist): 86 107 2.2149812924125465
list:
dist: 2.2149812924125465 vs. 2.2149812924125465
--------
nle(id0,id1,dist): 86 113 1.9683859588565296
list:
dist: 1.9683859588565296 vs. 1.9683859588565296
--------
nle(id0,id1,dist): 86 112 1.4104166984428725
list:
dist: 1.4104166984428725 vs. 1.4104166984428725
--------
nle(id0,id1,dist): 86 111 2.947225524398969
list:
dist: 2.947225524398969 vs. 2.947225524398969
--------
nle(id0,id1,dist): 86 117 1.2676132937940792
list:
dist: 1.2676132937940792 vs. 1.2676132937940792
--------
nle(id0,id1,dist): 86 118 1.9469725602808439
list:
dist: 1.9469725602808439 vs. 1.9469725602808439
--------
nle(id0,id1,dist): 86 115 3.0142318369498056
list:
dist: 3.0142318369498056 vs. 3.0142318369498056
--------
nle(id0,id1,dist): 86 116 2.441191476927013
list:
dist: 2.441191476927013 vs. 2.441191476927013
--------
nle(id0,id1,dist): 85 88 1.4283521218753132
list:
dist: 1.4283521218753132 vs. 1.4283521218753132
--------
nle(id0,id1,dist): 85 89 2.0175432566822282
list:
dist: 2.0175432566822282 vs. 2.0175432566822282
--------
nle(id0,id1,dist): 86 89 3.870233274573208
list:
dist: 3.870233274573208 vs. 3.870233274573208
--------
nle(id0,id1,dist): 86 90 3.6646026114483754
list:
dist: 3.6646026114483754 vs. 3.6646026114483754
--------
nle(id0,id1,dist): 86 95 3.0272120349633367
list:
dist: 3.0272120349633367 vs. 3.0272120349633367
--------
nle(id0,id1,dist): 86 96 1.3098890013027695
list:
dist: 1.3098890013027695 vs. 1.3098890013027695
--------
nle(id0,id1,dist): 86 97 3.3590360682799543
list:
dist: 3.3590360682799543 vs. 3.3590360682799543
--------
nle(id0,id1,dist): 86 98 1.8699224691979859
list:
dist: 1.8699224691979859 vs. 1.8699224691979859
--------
nle(id0,id1,dist): 86 91 2.7005869372779894
list:
dist: 2.7005869372779894 vs. 2.7005869372779894
--------
nle(id0,id1,dist): 86 92 3.725136510814634
list:
dist: 3.725136510814634 vs. 3.725136510814634
--------
nle(id0,id1,dist): 86 93 2.354191613393553
list:
dist: 2.354191613393553 vs. 2.354191613393553
--------
nle(id0,id1,dist): 86 94 2.97311448836596
list:
dist: 2.97311448836596 vs. 2.97311448836596
--------
nle(id0,id1,dist): 90 93 1.5155825881246667
list:
dist: 1.5155825881246667 vs. 1.5155825881246667
--------
nle(id0,id1,dist): 90 94 0.907374509720358
list:
dist: 0.907374509720358 vs. 0.907374509720358
--------
nle(id0,id1,dist): 90 91 2.262742048711269
list:
dist: 2.262742048711269 vs. 2.262742048711269
--------
nle(id0,id1,dist): 90 92 0.3939766269426996
list:
dist: 0.3939766269426996 vs. 0.3939766269426996
--------
nle(id0,id1,dist): 89 117 4.237486166106008
list:
dist: 4.237486166106008 vs. 4.237486166106008
--------
nle(id0,id1,dist): 90 106 1.9431759946039238
list:
dist: 1.9431759946039238 vs. 1.9431759946039238
--------
nle(id0,id1,dist): 90 105 1.2144438165904996
list:
dist: 1.2144438165904996 vs. 1.2144438165904996
--------
nle(id0,id1,dist): 90 104 1.2614891608965935
list:
dist: 1.2614891608965935 vs. 1.2614891608965935
--------
nle(id0,id1,dist): 90 103 1.0827661964072208
list:
dist: 1.0827661964072208 vs. 1.0827661964072208
--------
nle(id0,id1,dist): 90 110 3.4602622186052576
list:
dist: 3.4602622186052576 vs. 3.4602622186052576
--------
nle(id0,id1,dist): 90 109 2.8255257150691655
list:
dist: 2.8255257150691655 vs. 2.8255257150691655
--------
nle(id0,id1,dist): 90 107 2.942862003336873
list:
dist: 2.942862003336873 vs. 2.942862003336873
--------
nle(id0,id1,dist): 90 98 2.2770114766809413
list:
dist: 2.2770114766809413 vs. 2.2770114766809413
--------
nle(id0,id1,dist): 90 97 1.1021979607972903
list:
dist: 1.1021979607972903 vs. 1.1021979607972903
--------
nle(id0,id1,dist): 90 96 2.7821127843005056
list:
dist: 2.7821127843005056 vs. 2.7821127843005056
--------
nle(id0,id1,dist): 90 102 1.1929674867314939
list:
dist: 1.1929674867314939 vs. 1.1929674867314939
--------
nle(id0,id1,dist): 90 101 0.9777468177383921
list:
dist: 0.9777468177383921 vs. 0.9777468177383921
--------
nle(id0,id1,dist): 90 100 2.224395381843771
list:
dist: 2.224395381843771 vs. 2.224395381843771
--------
nle(id0,id1,dist): 90 112 2.279519673005113
list:
dist: 2.279519673005113 vs. 2.279519673005113
--------
nle(id0,id1,dist): 90 114 3.2998463671411793
list:
dist: 3.2998463671411793 vs. 3.2998463671411793
--------
nle(id0,id1,dist): 90 115 1.8290809725041894
list:
dist: 1.8290809725041894 vs. 1.8290809725041894
--------
nle(id0,id1,dist): 91 99 1.5506826209928788
list:
dist: 1.5506826209928788 vs. 1.5506826209928788
--------
nle(id0,id1,dist): 91 98 2.2652871006825412
list:
dist: 2.2652871006825412 vs. 2.2652871006825412
--------
nle(id0,id1,dist): 91 101 2.736330210354964
list:
dist: 2.736330210354964 vs. 2.736330210354964
--------
nle(id0,id1,dist): 91 100 1.7058870328704094
list:
dist: 1.7058870328704094 vs. 1.7058870328704094
--------
nle(id0,id1,dist): 91 103 2.5136145546531568
list:
dist: 2.5136145546531568 vs. 2.5136145546531568
--------
nle(id0,id1,dist): 91 102 3.2740645339368095
list:
dist: 3.2740645339368095 vs. 3.2740645339368095
--------
nle(id0,id1,dist): 91 105 1.94912058202892
list:
dist: 1.94912058202892 vs. 1.94912058202892
--------
nle(id0,id1,dist): 91 104 1.9640559224510121
list:
dist: 1.9640559224510121 vs. 1.9640559224510121
--------
nle(id0,id1,dist): 91 93 1.0680553889890663
list:
dist: 1.0680553889890663 vs. 1.0680553889890663
--------
nle(id0,id1,dist): 91 92 2.1136124584341887
list:
dist: 2.1136124584341887 vs. 2.1136124584341887
--------
nle(id0,id1,dist): 91 95 0.6020040946623774
list:
dist: 0.6020040946623774 vs. 0.6020040946623774
--------
nle(id0,id1,dist): 91 94 1.4354127291676315
list:
dist: 1.4354127291676315 vs. 1.4354127291676315
--------
nle(id0,id1,dist): 91 97 1.4192252508257441
list:
dist: 1.4192252508257441 vs. 1.4192252508257441
--------
nle(id0,id1,dist): 91 96 1.3939636649131724
list:
dist: 1.3939636649131724 vs. 1.3939636649131724
--------
nle(id0,id1,dist): 88 89 1.833691691061427
list:
dist: 1.833691691061427 vs. 1.833691691061427
--------
nle(id0,id1,dist): 89 96 4.257017217730195
list:
dist: 4.257017217730195 vs. 4.257017217730195
--------
nle(id0,id1,dist): 81 82 1.7154575056335182
list:
dist: 1.7154575056335182 vs. 1.7154575056335182
--------
nle(id0,id1,dist): 81 85 2.617639711254995
list:
dist: 2.617639711254995 vs. 2.617639711254995
--------
nle(id0,id1,dist): 80 85 2.7316601320919047
list:
dist: 2.7316601320919047 vs. 2.7316601320919047
--------
nle(id0,id1,dist): 80 87 3.0384578315329414
list:
dist: 3.0384578315329414 vs. 3.0384578315329414
--------
nle(id0,id1,dist): 80 81 2.385137711370743
list:
dist: 2.385137711370743 vs. 2.385137711370743
--------
nle(id0,id1,dist): 80 82 1.354145881624622
list:
dist: 1.354145881624622 vs. 1.354145881624622
--------
nle(id0,id1,dist): 80 83 1.5314061525076252
list:
dist: 1.5314061525076252 vs. 1.5314061525076252
--------
nle(id0,id1,dist): 80 84 1.8548776598922814
list:
dist: 1.8548776598922814 vs. 1.8548776598922814
--------
nle(id0,id1,dist): 80 89 2.2334839416272065
list:
dist: 2.2334839416272065 vs. 2.2334839416272065
--------
nle(id0,id1,dist): 79 88 2.5938251046375425
list:
dist: 2.5938251046375425 vs. 2.5938251046375425
--------
nle(id0,id1,dist): 79 89 2.6435289226073704
list:
dist: 2.6435289226073704 vs. 2.6435289226073704
--------
nle(id0,id1,dist): 79 81 1.8207201250566754
list:
dist: 1.8207201250566754 vs. 1.8207201250566754
--------
nle(id0,id1,dist): 79 80 2.357081159541114
list:
dist: 2.357081159541114 vs. 2.357081159541114
--------
nle(id0,id1,dist): 79 85 1.323672163461443
list:
dist: 1.323672163461443 vs. 1.323672163461443
--------
nle(id0,id1,dist): 79 84 3.3704501725984928
list:
dist: 3.3704501725984928 vs. 3.3704501725984928
--------
nle(id0,id1,dist): 79 83 1.9881151326252329
list:
dist: 1.9881151326252329 vs. 1.9881151326252329
--------
nle(id0,id1,dist): 79 82 2.569287916357964
list:
dist: 2.569287916357964 vs. 2.569287916357964
--------
nle(id0,id1,dist): 78 96 4.4647604509659145
list:
dist: 4.4647604509659145 vs. 4.4647604509659145
--------
nle(id0,id1,dist): 78 80 1.079365466409982
list:
dist: 1.079365466409982 vs. 1.079365466409982
--------
nle(id0,id1,dist): 78 79 1.7776961194383787
list:
dist: 1.7776961194383787 vs. 1.7776961194383787
--------
nle(id0,id1,dist): 78 82 2.1560057436549243
list:
dist: 2.1560057436549243 vs. 2.1560057436549243
--------
nle(id0,id1,dist): 78 81 2.6291719249660273
list:
dist: 2.6291719249660273 vs. 2.6291719249660273
--------
nle(id0,id1,dist): 78 84 2.221410614419362
list:
dist: 2.221410614419362 vs. 2.221410614419362
--------
nle(id0,id1,dist): 78 83 0.8265008030071042
list:
dist: 0.8265008030071042 vs. 0.8265008030071042
--------
nle(id0,id1,dist): 78 86 4.139681931829489
list:
dist: 4.139681931829489 vs. 4.139681931829489
--------
nle(id0,id1,dist): 78 85 2.091238228011511
list:
dist: 2.091238228011511 vs. 2.091238228011511
--------
nle(id0,id1,dist): 78 88 2.783248541976591
list:
dist: 2.783248541976591 vs. 2.783248541976591
--------
nle(id0,id1,dist): 78 89 1.5990866540224575
list:
dist: 1.5990866540224575 vs. 1.5990866540224575
--------
nle(id0,id1,dist): 84 89 1.8604487708018955
list:
dist: 1.8604487708018955 vs. 1.8604487708018955
--------
nle(id0,id1,dist): 84 87 2.0094645761119687
list:
dist: 2.0094645761119687 vs. 2.0094645761119687
--------
nle(id0,id1,dist): 84 85 2.9388031347369052
list:
dist: 2.9388031347369052 vs. 2.9388031347369052
--------
nle(id0,id1,dist): 83 117 4.657118740355777
list:
dist: 4.657118740355777 vs. 4.657118740355777
--------
nle(id0,id1,dist): 83 96 4.499848604863802
list:
dist: 4.499848604863802 vs. 4.499848604863802
--------
nle(id0,id1,dist): 83 86 4.130330476839796
list:
dist: 4.130330476839796 vs. 4.130330476839796
--------
nle(id0,id1,dist): 83 88 2.134751705952945
list:
dist: 2.134751705952945 vs. 2.134751705952945
--------
nle(id0,id1,dist): 83 89 0.8285988173788353
list:
dist: 0.8285988173788353 vs. 0.8285988173788353
--------
nle(id0,id1,dist): 83 84 1.8137378244903957
list:
dist: 1.8137378244903957 vs. 1.8137378244903957
--------
nle(id0,id1,dist): 83 85 1.7275267402699976
list:
dist: 1.7275267402699976 vs. 1.7275267402699976
--------
nle(id0,id1,dist): 82 89 3.0063195595131273
list:
dist: 3.0063195595131273 vs. 3.0063195595131273
--------
nle(id0,id1,dist): 82 87 2.8605113950314935
list:
dist: 2.8605113950314935 vs. 2.8605113950314935
--------
nle(id0,id1,dist): 82 84 2.060646998699572
list:
dist: 2.060646998699572 vs. 2.060646998699572
--------
nle(id0,id1,dist): 82 83 2.35782344204878
list:
dist: 2.35782344204878 vs. 2.35782344204878
--------
nle(id0,id1,dist): 82 85 2.861359734413198
list:
dist: 2.861359734413198 vs. 2.861359734413198
--------
nle(id0,id1,dist): 74 76 1.7479053141419723
list:
dist: 1.7479053141419723 vs. 1.7479053141419723
--------
nle(id0,id1,dist): 74 78 1.6592030499617652
list:
dist: 1.6592030499617652 vs. 1.6592030499617652
--------
nle(id0,id1,dist): 74 77 2.443690950736644
list:
dist: 2.443690950736644 vs. 2.443690950736644
--------
nle(id0,id1,dist): 74 83 1.37834338662696
list:
dist: 1.37834338662696 vs. 1.37834338662696
--------
nle(id0,id1,dist): 74 84 0.8228078886889747
list:
dist: 0.8228078886889747 vs. 0.8228078886889747
--------
nle(id0,id1,dist): 74 85 2.896563451935905
list:
dist: 2.896563451935905 vs. 2.896563451935905
--------
nle(id0,id1,dist): 74 79 3.14249596286019
list:
dist: 3.14249596286019 vs. 3.14249596286019
--------
nle(id0,id1,dist): 74 80 1.4321627915618456
list:
dist: 1.4321627915618456 vs. 1.4321627915618456
--------
nle(id0,id1,dist): 74 82 2.1840105610503984
list:
dist: 2.1840105610503984 vs. 2.1840105610503984
--------
nle(id0,id1,dist): 74 87 2.4271792216883497
list:
dist: 2.4271792216883497 vs. 2.4271792216883497
--------
nle(id0,id1,dist): 74 89 1.5072063721872733
list:
dist: 1.5072063721872733 vs. 1.5072063721872733
--------
nle(id0,id1,dist): 73 75 2.826142042080668
list:
dist: 2.826142042080668 vs. 2.826142042080668
--------
nle(id0,id1,dist): 73 82 1.7412124702900236
list:
dist: 1.7412124702900236 vs. 1.7412124702900236
--------
nle(id0,id1,dist): 73 81 0.8426510315267007
list:
dist: 0.8426510315267007 vs. 0.8426510315267007
--------
nle(id0,id1,dist): 73 80 1.8971950187055455
list:
dist: 1.8971950187055455 vs. 1.8971950187055455
--------
nle(id0,id1,dist): 73 79 1.5297994985827348
list:
dist: 1.5297994985827348 vs. 1.5297994985827348
--------
nle(id0,id1,dist): 73 78 2.0500238942198363
list:
dist: 2.0500238942198363 vs. 2.0500238942198363
--------
nle(id0,id1,dist): 73 76 2.0584976648735793
list:
dist: 2.0584976648735793 vs. 2.0584976648735793
--------
nle(id0,id1,dist): 73 85 2.5738713429972173
list:
dist: 2.5738713429972173 vs. 2.5738713429972173
--------
nle(id0,id1,dist): 72 73 1.9987335640697037
list:
dist: 1.9987335640697037 vs. 1.9987335640697037
--------
nle(id0,id1,dist): 72 76 3.841622748161521
list:
dist: 3.841622748161521 vs. 3.841622748161521
--------
nle(id0,id1,dist): 72 78 3.648157469866628
list:
dist: 3.648157469866628 vs. 3.648157469866628
--------
nle(id0,id1,dist): 72 80 2.995958536953255
list:
dist: 2.995958536953255 vs. 2.995958536953255
--------
nle(id0,id1,dist): 72 79 3.5219985116022645
list:
dist: 3.5219985116022645 vs. 3.5219985116022645
--------
nle(id0,id1,dist): 72 82 2.48975122387408
list:
dist: 2.48975122387408 vs. 2.48975122387408
--------
nle(id0,id1,dist): 72 81 2.075207992727671
list:
dist: 2.075207992727671 vs. 2.075207992727671
--------
nle(id0,id1,dist): 72 85 4.5130483541006905
list:
dist: 4.5130483541006905 vs. 4.5130483541006905
--------
nle(id0,id1,dist): 70 118 3.015833162529502
list:
dist: 3.015833162529502 vs. 3.015833162529502
--------
nle(id0,id1,dist): 71 81 1.2455628320443564
list:
dist: 1.2455628320443564 vs. 1.2455628320443564
--------
nle(id0,id1,dist): 70 117 2.243024868828466
list:
dist: 2.243024868828466 vs. 2.243024868828466
--------
nle(id0,id1,dist): 71 80 1.5861930609432529
list:
dist: 1.5861930609432529 vs. 1.5861930609432529
--------
nle(id0,id1,dist): 70 116 4.131776689283153
list:
dist: 4.131776689283153 vs. 4.131776689283153
--------
nle(id0,id1,dist): 71 79 1.6266013247705078
list:
dist: 1.6266013247705078 vs. 1.6266013247705078
--------
nle(id0,id1,dist): 71 78 1.8148002039831062
list:
dist: 1.8148002039831062 vs. 1.8148002039831062
--------
nle(id0,id1,dist): 70 115 3.3746631019080637
list:
dist: 3.3746631019080637 vs. 3.3746631019080637
--------
nle(id0,id1,dist): 71 85 1.890468752481061
list:
dist: 1.890468752481061 vs. 1.890468752481061
--------
nle(id0,id1,dist): 71 84 2.302476950862589
list:
dist: 2.302476950862589 vs. 2.302476950862589
--------
nle(id0,id1,dist): 71 83 1.919601684761792
list:
dist: 1.919601684761792 vs. 1.919601684761792
--------
nle(id0,id1,dist): 71 82 1.053257543872785
list:
dist: 1.053257543872785 vs. 1.053257543872785
--------
nle(id0,id1,dist): 71 89 2.602829505501601
list:
dist: 2.602829505501601 vs. 2.602829505501601
--------
nle(id0,id1,dist): 71 88 3.1380222537224784
list:
dist: 3.1380222537224784 vs. 3.1380222537224784
--------
nle(id0,id1,dist): 77 88 1.4360572268128433
list:
dist: 1.4360572268128433 vs. 1.4360572268128433
--------
nle(id0,id1,dist): 77 89 1.3890295212444161
list:
dist: 1.3890295212444161 vs. 1.3890295212444161
--------
nle(id0,id1,dist): 77 84 2.331293272031362
list:
dist: 2.331293272031362 vs. 2.331293272031362
--------
nle(id0,id1,dist): 77 85 2.19801435772633
list:
dist: 2.19801435772633 vs. 2.19801435772633
--------
nle(id0,id1,dist): 77 80 3.340400943434809
list:
dist: 3.340400943434809 vs. 3.340400943434809
--------
nle(id0,id1,dist): 77 82 3.6913776191827217
list:
dist: 3.6913776191827217 vs. 3.6913776191827217
--------
nle(id0,id1,dist): 77 83 2.017523642658613
list:
dist: 2.017523642658613 vs. 2.017523642658613
--------
nle(id0,id1,dist): 76 89 1.3471064623256257
list:
dist: 1.3471064623256257 vs. 1.3471064623256257
--------
nle(id0,id1,dist): 76 88 2.1995302808003103
list:
dist: 2.1995302808003103 vs. 2.1995302808003103
--------
nle(id0,id1,dist): 76 85 1.407424428771012
list:
dist: 1.407424428771012 vs. 1.407424428771012
--------
nle(id0,id1,dist): 77 79 3.327897273249685
list:
dist: 3.327897273249685 vs. 3.327897273249685
--------
nle(id0,id1,dist): 77 78 2.842175142124221
list:
dist: 2.842175142124221 vs. 2.842175142124221
--------
nle(id0,id1,dist): 76 78 0.7289858890248259
list:
dist: 0.7289858890248259 vs. 0.7289858890248259
--------
nle(id0,id1,dist): 76 77 2.3365057592017346
list:
dist: 2.3365057592017346 vs. 2.3365057592017346
--------
nle(id0,id1,dist): 76 80 1.4335177939734496
list:
dist: 1.4335177939734496 vs. 1.4335177939734496
--------
nle(id0,id1,dist): 76 79 1.442417141435353
list:
dist: 1.442417141435353 vs. 1.442417141435353
--------
nle(id0,id1,dist): 76 82 2.086637107351629
list:
dist: 2.086637107351629 vs. 2.086637107351629
--------
nle(id0,id1,dist): 76 81 2.43976391899219
list:
dist: 2.43976391899219 vs. 2.43976391899219
--------
nle(id0,id1,dist): 76 84 2.080497717218461
list:
dist: 2.080497717218461 vs. 2.080497717218461
--------
nle(id0,id1,dist): 76 83 0.5780750558089273
list:
dist: 0.5780750558089273 vs. 0.5780750558089273
--------
nle(id0,id1,dist): 75 85 0.9020860496206784
list:
dist: 0.9020860496206784 vs. 0.9020860496206784
--------
nle(id0,id1,dist): 75 83 2.353357238294081
list:
dist: 2.353357238294081 vs. 2.353357238294081
--------
nle(id0,id1,dist): 75 89 2.6415459231216394
list:
dist: 2.6415459231216394 vs. 2.6415459231216394
--------
nle(id0,id1,dist): 75 88 1.682670883733152
list:
dist: 1.682670883733152 vs. 1.682670883733152
--------
nle(id0,id1,dist): 75 77 2.8547307863189753
list:
dist: 2.8547307863189753 vs. 2.8547307863189753
--------
nle(id0,id1,dist): 75 76 2.006474242925856
list:
dist: 2.006474242925856 vs. 2.006474242925856
--------
nle(id0,id1,dist): 75 81 2.923399387257332
list:
dist: 2.923399387257332 vs. 2.923399387257332
--------
nle(id0,id1,dist): 75 79 1.3287573190556297
list:
dist: 1.3287573190556297 vs. 1.3287573190556297
--------
nle(id0,id1,dist): 75 78 2.552024948382813
list:
dist: 2.552024948382813 vs. 2.552024948382813
--------
nle(id0,id1,dist): 119 149 1.736135668685372
list:
dist: 1.736135668685372 vs. 1.736135668685372
--------
nle(id0,id1,dist): 119 137 3.1402741657447595
list:
dist: 3.1402741657447595 vs. 3.1402741657447595
--------
nle(id0,id1,dist): 120 140 2.7359731303351316
list:
dist: 2.7359731303351316 vs. 2.7359731303351316
--------
nle(id0,id1,dist): 120 142 3.4371125040959503
list:
dist: 3.4371125040959503 vs. 3.4371125040959503
--------
nle(id0,id1,dist): 120 143 4.356213953146302
list:
dist: 4.356213953146302 vs. 4.356213953146302
--------
nle(id0,id1,dist): 120 144 3.803643321242492
list:
dist: 3.803643321242492 vs. 3.803643321242492
--------
nle(id0,id1,dist): 120 130 2.4879977490835485
list:
dist: 2.4879977490835485 vs. 2.4879977490835485
--------
nle(id0,id1,dist): 120 132 3.058167038222421
list:
dist: 3.058167038222421 vs. 3.058167038222421
--------
nle(id0,id1,dist): 120 131 3.5586965868924345
list:
dist: 3.5586965868924345 vs. 3.5586965868924345
--------
nle(id0,id1,dist): 120 133 3.317575338578047
list:
dist: 3.317575338578047 vs. 3.317575338578047
--------
nle(id0,id1,dist): 120 135 2.3338387324542835
list:
dist: 2.3338387324542835 vs. 2.3338387324542835
--------
nle(id0,id1,dist): 120 122 2.8279460664974305
list:
dist: 2.8279460664974305 vs. 2.8279460664974305
--------
nle(id0,id1,dist): 120 121 2.2565719678917713
list:
dist: 2.2565719678917713 vs. 2.2565719678917713
--------
nle(id0,id1,dist): 120 124 3.908411079685607
list:
dist: 3.908411079685607 vs. 3.908411079685607
--------
nle(id0,id1,dist): 120 123 3.4138948101538364
list:
dist: 3.4138948101538364 vs. 3.4138948101538364
--------
nle(id0,id1,dist): 120 125 3.473915959676761
list:
dist: 3.473915959676761 vs. 3.473915959676761
--------
nle(id0,id1,dist): 121 142 1.818825615777417
list:
dist: 1.818825615777417 vs. 1.818825615777417
--------
nle(id0,id1,dist): 121 143 3.0222625093973754
list:
dist: 3.0222625093973754 vs. 3.0222625093973754
--------
nle(id0,id1,dist): 121 140 1.8357598464745686
list:
dist: 1.8357598464745686 vs. 1.8357598464745686
--------
nle(id0,id1,dist): 121 141 2.915046915794866
list:
dist: 2.915046915794866 vs. 2.915046915794866
--------
nle(id0,id1,dist): 121 147 2.233308092053129
list:
dist: 2.233308092053129 vs. 2.233308092053129
--------
nle(id0,id1,dist): 121 144 2.8640734461994204
list:
dist: 2.8640734461994204 vs. 2.8640734461994204
--------
nle(id0,id1,dist): 121 145 3.709680350023996
list:
dist: 3.709680350023996 vs. 3.709680350023996
--------
nle(id0,id1,dist): 121 134 2.0589472890117033
list:
dist: 2.0589472890117033 vs. 2.0589472890117033
--------
nle(id0,id1,dist): 121 135 2.6706747422971224
list:
dist: 2.6706747422971224 vs. 2.6706747422971224
--------
nle(id0,id1,dist): 121 132 1.6059641961266347
list:
dist: 1.6059641961266347 vs. 1.6059641961266347
--------
nle(id0,id1,dist): 121 133 1.6686139122078818
list:
dist: 1.6686139122078818 vs. 1.6686139122078818
--------
nle(id0,id1,dist): 121 138 3.235720801838983
list:
dist: 3.235720801838983 vs. 3.235720801838983
--------
nle(id0,id1,dist): 121 139 3.308291263075818
list:
dist: 3.308291263075818 vs. 3.308291263075818
--------
nle(id0,id1,dist): 121 136 3.2966378432287526
list:
dist: 3.2966378432287526 vs. 3.2966378432287526
--------
nle(id0,id1,dist): 121 127 2.7156362300507366
list:
dist: 2.7156362300507366 vs. 2.7156362300507366
--------
nle(id0,id1,dist): 121 125 2.377107553239663
list:
dist: 2.377107553239663 vs. 2.377107553239663
--------
nle(id0,id1,dist): 121 124 1.6719224415979197
list:
dist: 1.6719224415979197 vs. 1.6719224415979197
--------
nle(id0,id1,dist): 121 131 1.3290798407479207
list:
dist: 1.3290798407479207 vs. 1.3290798407479207
--------
nle(id0,id1,dist): 121 130 0.5960365414322095
list:
dist: 0.5960365414322095 vs. 0.5960365414322095
--------
nle(id0,id1,dist): 121 129 2.5967328673626806
list:
dist: 2.5967328673626806 vs. 2.5967328673626806
--------
nle(id0,id1,dist): 121 128 2.613385040205903
list:
dist: 2.613385040205903 vs. 2.613385040205903
--------
nle(id0,id1,dist): 121 122 1.7148157586027015
list:
dist: 1.7148157586027015 vs. 1.7148157586027015
--------
nle(id0,id1,dist): 122 132 1.9962477037525015
list:
dist: 1.9962477037525015 vs. 1.9962477037525015
--------
nle(id0,id1,dist): 122 131 1.9886974818180656
list:
dist: 1.9886974818180656 vs. 1.9886974818180656
--------
nle(id0,id1,dist): 122 133 0.9876385099734687
list:
dist: 0.9876385099734687 vs. 0.9876385099734687
--------
nle(id0,id1,dist): 122 128 2.2725900782703703
list:
dist: 2.2725900782703703 vs. 2.2725900782703703
--------
nle(id0,id1,dist): 122 127 2.1603975457936766
list:
dist: 2.1603975457936766 vs. 2.1603975457936766
--------
nle(id0,id1,dist): 122 130 2.267005414717262
list:
dist: 2.267005414717262 vs. 2.267005414717262
--------
nle(id0,id1,dist): 122 129 3.1792130464990658
list:
dist: 3.1792130464990658 vs. 3.1792130464990658
--------
nle(id0,id1,dist): 122 140 0.27196100725369154
list:
dist: 0.27196100725369154 vs. 0.27196100725369154
--------
nle(id0,id1,dist): 122 139 2.2472958803586915
list:
dist: 2.2472958803586915 vs. 2.2472958803586915
--------
nle(id0,id1,dist): 122 142 0.7855108468679671
list:
dist: 0.7855108468679671 vs. 0.7855108468679671
--------
nle(id0,id1,dist): 122 141 1.798712586481364
list:
dist: 1.798712586481364 vs. 1.798712586481364
--------
nle(id0,id1,dist): 122 136 2.841053886336718
list:
dist: 2.841053886336718 vs. 2.841053886336718
--------
nle(id0,id1,dist): 122 135 1.585294383670666
list:
dist: 1.585294383670666 vs. 1.585294383670666
--------
nle(id0,id1,dist): 122 138 2.157254832799467
list:
dist: 2.157254832799467 vs. 2.157254832799467
--------
nle(id0,id1,dist): 122 137 2.269559589242641
list:
dist: 2.269559589242641 vs. 2.269559589242641
--------
nle(id0,id1,dist): 121 148 3.5221177520213724
list:
dist: 3.5221177520213724 vs. 3.5221177520213724
--------
nle(id0,id1,dist): 122 124 2.3060065477495604
list:
dist: 2.3060065477495604 vs. 2.3060065477495604
--------
nle(id0,id1,dist): 122 125 1.0213921116774214
list:
dist: 1.0213921116774214 vs. 1.0213921116774214
--------
nle(id0,id1,dist): 123 132 3.7352327709907427
list:
dist: 3.7352327709907427 vs. 3.7352327709907427
--------
nle(id0,id1,dist): 122 149 3.500006368765065
list:
dist: 3.500006368765065 vs. 3.500006368765065
--------
nle(id0,id1,dist): 122 147 2.0222550816299325
list:
dist: 2.0222550816299325 vs. 2.0222550816299325
--------
nle(id0,id1,dist): 122 148 2.2631287780461142
list:
dist: 2.2631287780461142 vs. 2.2631287780461142
--------
nle(id0,id1,dist): 122 145 2.2109501973489536
list:
dist: 2.2109501973489536 vs. 2.2109501973489536
--------
nle(id0,id1,dist): 122 146 2.4815448188261993
list:
dist: 2.4815448188261993 vs. 2.4815448188261993
--------
nle(id0,id1,dist): 122 143 1.541100178767364
list:
dist: 1.541100178767364 vs. 1.541100178767364
--------
nle(id0,id1,dist): 122 144 1.3325943850507178
list:
dist: 1.3325943850507178 vs. 1.3325943850507178
--------
nle(id0,id1,dist): 124 125 2.5265174599196745
list:
dist: 2.5265174599196745 vs. 2.5265174599196745
--------
nle(id0,id1,dist): 124 128 1.4583384799286037
list:
dist: 1.4583384799286037 vs. 1.4583384799286037
--------
nle(id0,id1,dist): 124 127 2.0914637719146763
list:
dist: 2.0914637719146763 vs. 2.0914637719146763
--------
nle(id0,id1,dist): 124 130 1.6960055714026214
list:
dist: 1.6960055714026214 vs. 1.6960055714026214
--------
nle(id0,id1,dist): 124 129 0.9586350122451076
list:
dist: 0.9586350122451076 vs. 0.9586350122451076
--------
nle(id0,id1,dist): 124 132 2.2312252567409696
list:
dist: 2.2312252567409696 vs. 2.2312252567409696
--------
nle(id0,id1,dist): 124 131 0.3696559994905052
list:
dist: 0.3696559994905052 vs. 0.3696559994905052
--------
nle(id0,id1,dist): 125 127 1.443804428488253
list:
dist: 1.443804428488253 vs. 1.443804428488253
--------
nle(id0,id1,dist): 124 135 3.7600316703836274
list:
dist: 3.7600316703836274 vs. 3.7600316703836274
--------
nle(id0,id1,dist): 124 136 2.0971745278041793
list:
dist: 2.0971745278041793 vs. 2.0971745278041793
--------
nle(id0,id1,dist): 124 133 1.6012738515965343
list:
dist: 1.6012738515965343 vs. 1.6012738515965343
--------
nle(id0,id1,dist): 124 134 1.537241127493928
list:
dist: 1.537241127493928 vs. 1.537241127493928
--------
nle(id0,id1,dist): 124 139 2.4879409397697247
list:
dist: 2.4879409397697247 vs. 2.4879409397697247
--------
nle(id0,id1,dist): 124 140 2.5479295650181073
list:
dist: 2.5479295650181073 vs. 2.5479295650181073
--------
nle(id0,id1,dist): 124 138 3.1203106490641375
list:
dist: 3.1203106490641375 vs. 3.1203106490641375
--------
nle(id0,id1,dist): 124 143 2.784246661976408
list:
dist: 2.784246661976408 vs. 2.784246661976408
--------
nle(id0,id1,dist): 124 144 2.9877404542472785
list:
dist: 2.9877404542472785 vs. 2.9877404542472785
--------
nle(id0,id1,dist): 124 141 2.394193809715482
list:
dist: 2.394193809715482 vs. 2.394193809715482
--------
nle(id0,id1,dist): 124 142 1.8184120373968622
list:
dist: 1.8184120373968622 vs. 1.8184120373968622
--------
nle(id0,id1,dist): 124 147 1.3161737378014207
list:
dist: 1.3161737378014207 vs. 1.3161737378014207
--------
nle(id0,id1,dist): 124 148 3.0947676790826395
list:
dist: 3.0947676790826395 vs. 3.0947676790826395
--------
nle(id0,id1,dist): 124 145 3.405029959303882
list:
dist: 3.405029959303882 vs. 3.405029959303882
--------
nle(id0,id1,dist): 112 117 1.7537625281846534
list:
dist: 1.7537625281846534 vs. 1.7537625281846534
--------
nle(id0,id1,dist): 112 118 2.0638402754881167
list:
dist: 2.0638402754881167 vs. 2.0638402754881167
--------
nle(id0,id1,dist): 112 115 1.920362160689916
list:
dist: 1.920362160689916 vs. 1.920362160689916
--------
nle(id0,id1,dist): 112 116 3.308480441618426
list:
dist: 3.308480441618426 vs. 3.308480441618426
--------
nle(id0,id1,dist): 112 113 1.932874528532216
list:
dist: 1.932874528532216 vs. 1.932874528532216
--------
nle(id0,id1,dist): 112 114 2.1249309447461022
list:
dist: 2.1249309447461022 vs. 2.1249309447461022
--------
nle(id0,id1,dist): 113 116 1.8576284052066563
list:
dist: 1.8576284052066563 vs. 1.8576284052066563
--------
nle(id0,id1,dist): 113 117 1.3763739381187574
list:
dist: 1.3763739381187574 vs. 1.3763739381187574
--------
nle(id0,id1,dist): 113 118 0.5664918808930101
list:
dist: 0.5664918808930101 vs. 0.5664918808930101
--------
nle(id0,id1,dist): 113 114 1.3102180314025103
list:
dist: 1.3102180314025103 vs. 1.3102180314025103
--------
nle(id0,id1,dist): 113 115 2.005789589016456
list:
dist: 2.005789589016456 vs. 2.005789589016456
--------
nle(id0,id1,dist): 114 118 1.8596252977317633
list:
dist: 1.8596252977317633 vs. 1.8596252977317633
--------
nle(id0,id1,dist): 114 115 1.8190849773231317
list:
dist: 1.8190849773231317 vs. 1.8190849773231317
--------
nle(id0,id1,dist): 114 116 2.500451840541713
list:
dist: 2.500451840541713 vs. 2.500451840541713
--------
nle(id0,id1,dist): 115 118 2.3967338975594648
list:
dist: 2.3967338975594648 vs. 2.3967338975594648
--------
nle(id0,id1,dist): 115 116 3.8318470506493383
list:
dist: 3.8318470506493383 vs. 3.8318470506493383
--------
nle(id0,id1,dist): 115 117 2.8719436949309305
list:
dist: 2.8719436949309305 vs. 2.8719436949309305
--------
nle(id0,id1,dist): 116 117 1.9546754874876362
list:
dist: 1.9546754874876362 vs. 1.9546754874876362
--------
nle(id0,id1,dist): 116 118 1.7089975715193555
list:
dist: 1.7089975715193555 vs. 1.7089975715193555
--------
nle(id0,id1,dist): 117 118 1.0130905537946586
list:
dist: 1.0130905537946586 vs. 1.0130905537946586
--------
nle(id0,id1,dist): 106 113 2.4077759623524724
list:
dist: 2.4077759623524724 vs. 2.4077759623524724
--------
nle(id0,id1,dist): 106 114 1.6027344974609334
list:
dist: 1.6027344974609334 vs. 1.6027344974609334
--------
nle(id0,id1,dist): 106 111 3.3545359245988506
list:
dist: 3.3545359245988506 vs. 3.3545359245988506
--------
nle(id0,id1,dist): 106 112 1.7889352769557787
list:
dist: 1.7889352769557787 vs. 1.7889352769557787
--------
nle(id0,id1,dist): 106 117 3.1061938376805007
list:
dist: 3.1061938376805007 vs. 3.1061938376805007
--------
nle(id0,id1,dist): 106 118 2.8743465393071
list:
dist: 2.8743465393071 vs. 2.8743465393071
--------
nle(id0,id1,dist): 106 115 1.3271498681341494
list:
dist: 1.3271498681341494 vs. 1.3271498681341494
--------
nle(id0,id1,dist): 106 116 3.9304892172437427
list:
dist: 3.9304892172437427 vs. 3.9304892172437427
--------
nle(id0,id1,dist): 106 110 2.041124919382766
list:
dist: 2.041124919382766 vs. 2.041124919382766
--------
nle(id0,id1,dist): 106 109 1.805443366423154
list:
dist: 1.805443366423154 vs. 1.805443366423154
--------
nle(id0,id1,dist): 106 108 2.1141357753435748
list:
dist: 2.1141357753435748 vs. 2.1141357753435748
--------
nle(id0,id1,dist): 106 107 1.1452149693298124
list:
dist: 1.1452149693298124 vs. 1.1452149693298124
--------
nle(id0,id1,dist): 105 109 1.7244224763354277
list:
dist: 1.7244224763354277 vs. 1.7244224763354277
--------
nle(id0,id1,dist): 105 110 2.5515809298529994
list:
dist: 2.5515809298529994 vs. 2.5515809298529994
--------
nle(id0,id1,dist): 105 112 1.194583904383448
list:
dist: 1.194583904383448 vs. 1.194583904383448
--------
nle(id0,id1,dist): 105 115 1.8053940805640645
list:
dist: 1.8053940805640645 vs. 1.8053940805640645
--------
nle(id0,id1,dist): 105 114 2.670828847266864
list:
dist: 2.670828847266864 vs. 2.670828847266864
--------
nle(id0,id1,dist): 105 107 2.148253797737892
list:
dist: 2.148253797737892 vs. 2.148253797737892
--------
nle(id0,id1,dist): 105 106 1.5124353121076406
list:
dist: 1.5124353121076406 vs. 1.5124353121076406
--------
nle(id0,id1,dist): 108 115 1.281766489862501
list:
dist: 1.281766489862501 vs. 1.281766489862501
--------
nle(id0,id1,dist): 108 116 2.7789100780129337
list:
dist: 2.7789100780129337 vs. 2.7789100780129337
--------
nle(id0,id1,dist): 108 113 0.9444925089205118
list:
dist: 0.9444925089205118 vs. 0.9444925089205118
--------
nle(id0,id1,dist): 108 114 1.6508811405251205
list:
dist: 1.6508811405251205 vs. 1.6508811405251205
--------
nle(id0,id1,dist): 108 111 1.9139726421812657
list:
dist: 1.9139726421812657 vs. 1.9139726421812657
--------
nle(id0,id1,dist): 108 112 1.7074738880529772
list:
dist: 1.7074738880529772 vs. 1.7074738880529772
--------
nle(id0,id1,dist): 108 110 1.5969158783170483
list:
dist: 1.5969158783170483 vs. 1.5969158783170483
--------
nle(id0,id1,dist): 107 118 2.8807757106357106
list:
dist: 2.8807757106357106 vs. 2.8807757106357106
--------
nle(id0,id1,dist): 107 114 1.43793665291551
list:
dist: 1.43793665291551 vs. 1.43793665291551
--------
nle(id0,id1,dist): 107 115 2.2742191695480445
list:
dist: 2.2742191695480445 vs. 2.2742191695480445
--------
nle(id0,id1,dist): 107 116 3.4570751489412292
list:
dist: 3.4570751489412292 vs. 3.4570751489412292
--------
nle(id0,id1,dist): 107 117 2.9632117837407828
list:
dist: 2.9632117837407828 vs. 2.9632117837407828
--------
nle(id0,id1,dist): 107 110 1.6638571769175055
list:
dist: 1.6638571769175055 vs. 1.6638571769175055
--------
nle(id0,id1,dist): 107 111 3.9082069517317453
list:
dist: 3.9082069517317453 vs. 3.9082069517317453
--------
nle(id0,id1,dist): 107 112 1.9654257904157166
list:
dist: 1.9654257904157166 vs. 1.9654257904157166
--------
nle(id0,id1,dist): 107 113 2.4308779342034663
list:
dist: 2.4308779342034663 vs. 2.4308779342034663
--------
nle(id0,id1,dist): 107 108 2.568502722698214
list:
dist: 2.568502722698214 vs. 2.568502722698214
--------
nle(id0,id1,dist): 107 109 1.2997965495856285
list:
dist: 1.2997965495856285 vs. 1.2997965495856285
--------
nle(id0,id1,dist): 109 114 2.407047684910263
list:
dist: 2.407047684910263 vs. 2.407047684910263
--------
nle(id0,id1,dist): 109 115 2.78790270450445
list:
dist: 2.78790270450445 vs. 2.78790270450445
--------
nle(id0,id1,dist): 109 112 1.5364162453656993
list:
dist: 1.5364162453656993 vs. 1.5364162453656993
--------
nle(id0,id1,dist): 109 110 2.0719600425615696
list:
dist: 2.0719600425615696 vs. 2.0719600425615696
--------
nle(id0,id1,dist): 108 117 1.789318718079087
list:
dist: 1.789318718079087 vs. 1.789318718079087
--------
nle(id0,id1,dist): 108 118 1.174123682584308
list:
dist: 1.174123682584308 vs. 1.174123682584308
--------
nle(id0,id1,dist): 111 118 2.330735935476386
list:
dist: 2.330735935476386 vs. 2.330735935476386
--------
nle(id0,id1,dist): 111 116 3.9491584413782355
list:
dist: 3.9491584413782355 vs. 3.9491584413782355
--------
nle(id0,id1,dist): 111 117 2.222896069170731
list:
dist: 2.222896069170731 vs. 2.222896069170731
--------
nle(id0,id1,dist): 111 115 2.5147190929709264
list:
dist: 2.5147190929709264 vs. 2.5147190929709264
--------
nle(id0,id1,dist): 111 112 2.1217957353435484
list:
dist: 2.1217957353435484 vs. 2.1217957353435484
--------
nle(id0,id1,dist): 111 113 2.5378486664922675
list:
dist: 2.5378486664922675 vs. 2.5378486664922675
--------
nle(id0,id1,dist): 110 111 3.013656616223912
list:
dist: 3.013656616223912 vs. 3.013656616223912
--------
nle(id0,id1,dist): 110 112 1.6094454052253364
list:
dist: 1.6094454052253364 vs. 1.6094454052253364
--------
nle(id0,id1,dist): 110 113 0.9871707897078567
list:
dist: 0.9871707897078567 vs. 0.9871707897078567
--------
nle(id0,id1,dist): 110 114 1.0297476198531634
list:
dist: 1.0297476198531634 vs. 1.0297476198531634
--------
nle(id0,id1,dist): 110 115 2.230908353708366
list:
dist: 2.230908353708366 vs. 2.230908353708366
--------
nle(id0,id1,dist): 110 116 1.9449961312778974
list:
dist: 1.9449961312778974 vs. 1.9449961312778974
--------
nle(id0,id1,dist): 110 117 1.4824287947879684
list:
dist: 1.4824287947879684 vs. 1.4824287947879684
--------
nle(id0,id1,dist): 110 118 1.3154747080696176
list:
dist: 1.3154747080696176 vs. 1.3154747080696176
--------
nle(id0,id1,dist): 99 107 2.391820781226226
list:
dist: 2.391820781226226 vs. 2.391820781226226
--------
nle(id0,id1,dist): 99 106 2.2275263796746594
list:
dist: 2.2275263796746594 vs. 2.2275263796746594
--------
nle(id0,id1,dist): 99 108 0.7162871263816859
list:
dist: 0.7162871263816859 vs. 0.7162871263816859
--------
nle(id0,id1,dist): 99 111 1.951740470797156
list:
dist: 1.951740470797156 vs. 1.951740470797156
--------
nle(id0,id1,dist): 99 110 1.122946307603311
list:
dist: 1.122946307603311 vs. 1.122946307603311
--------
nle(id0,id1,dist): 99 113 0.6920570389889997
list:
dist: 0.6920570389889997 vs. 0.6920570389889997
--------
nle(id0,id1,dist): 99 112 1.355767121711959
list:
dist: 1.355767121711959 vs. 1.355767121711959
--------
nle(id0,id1,dist): 99 100 1.0911685250181515
list:
dist: 1.0911685250181515 vs. 1.0911685250181515
--------
nle(id0,id1,dist): 99 114 1.6198947035327218
list:
dist: 1.6198947035327218 vs. 1.6198947035327218
--------
nle(id0,id1,dist): 99 115 1.783155086402934
list:
dist: 1.783155086402934 vs. 1.783155086402934
--------
nle(id0,id1,dist): 99 116 2.3340542495308494
list:
dist: 2.3340542495308494 vs. 2.3340542495308494
--------
nle(id0,id1,dist): 99 117 1.1175361998543514
list:
dist: 1.1175361998543514 vs. 1.1175361998543514
--------
nle(id0,id1,dist): 99 118 0.7773848113873103
list:
dist: 0.7773848113873103 vs. 0.7773848113873103
--------
nle(id0,id1,dist): 98 114 1.2935829250152635
list:
dist: 1.2935829250152635 vs. 1.2935829250152635
--------
nle(id0,id1,dist): 98 113 1.8271066391993636
list:
dist: 1.8271066391993636 vs. 1.8271066391993636
--------
nle(id0,id1,dist): 98 112 1.1260377471353287
list:
dist: 1.1260377471353287 vs. 1.1260377471353287
--------
nle(id0,id1,dist): 98 111 2.924191798654828
list:
dist: 2.924191798654828 vs. 2.924191798654828
--------
nle(id0,id1,dist): 98 118 2.2312030293598437
list:
dist: 2.2312030293598437 vs. 2.2312030293598437
--------
nle(id0,id1,dist): 98 117 2.3253647786137535
list:
dist: 2.3253647786137535 vs. 2.3253647786137535
--------
nle(id0,id1,dist): 98 116 3.2637304078464946
list:
dist: 3.2637304078464946 vs. 3.2637304078464946
--------
nle(id0,id1,dist): 98 115 1.4895622253881082
list:
dist: 1.4895622253881082 vs. 1.4895622253881082
--------
nle(id0,id1,dist): 98 106 0.8282742222766021
list:
dist: 0.8282742222766021 vs. 0.8282742222766021
--------
nle(id0,id1,dist): 98 105 1.4323726569991908
list:
dist: 1.4323726569991908 vs. 1.4323726569991908
--------
nle(id0,id1,dist): 98 103 2.952555012433003
list:
dist: 2.952555012433003 vs. 2.952555012433003
--------
nle(id0,id1,dist): 98 110 1.3242885080047193
list:
dist: 1.3242885080047193 vs. 1.3242885080047193
--------
nle(id0,id1,dist): 98 109 1.3898753515128983
list:
dist: 1.3898753515128983 vs. 1.3898753515128983
--------
nle(id0,id1,dist): 98 108 1.7109467866625028
list:
dist: 1.7109467866625028 vs. 1.7109467866625028
--------
nle(id0,id1,dist): 98 107 0.9992835026781275
list:
dist: 0.9992835026781275 vs. 0.9992835026781275
--------
nle(id0,id1,dist): 101 103 1.9583885039021192
list:
dist: 1.9583885039021192 vs. 1.9583885039021192
--------
nle(id0,id1,dist): 101 102 1.7360085591347347
list:
dist: 1.7360085591347347 vs. 1.7360085591347347
--------
nle(id0,id1,dist): 101 112 2.3574354236633073
list:
dist: 2.3574354236633073 vs. 2.3574354236633073
--------
nle(id0,id1,dist): 101 114 2.790501899031218
list:
dist: 2.790501899031218 vs. 2.790501899031218
--------
nle(id0,id1,dist): 101 115 1.6364386512666957
list:
dist: 1.6364386512666957 vs. 1.6364386512666957
--------
nle(id0,id1,dist): 101 109 2.5085895648813077
list:
dist: 2.5085895648813077 vs. 2.5085895648813077
--------
nle(id0,id1,dist): 101 110 3.1664208973920416
list:
dist: 3.1664208973920416 vs. 3.1664208973920416
--------
nle(id0,id1,dist): 101 104 1.6151862252512852
list:
dist: 1.6151862252512852 vs. 1.6151862252512852
--------
nle(id0,id1,dist): 101 105 1.4043708761624913
list:
dist: 1.4043708761624913 vs. 1.4043708761624913
--------
nle(id0,id1,dist): 101 106 1.258797261707089
list:
dist: 1.258797261707089 vs. 1.258797261707089
--------
nle(id0,id1,dist): 101 107 2.2935972167570022
list:
dist: 2.2935972167570022 vs. 2.2935972167570022
--------
nle(id0,id1,dist): 100 108 0.9628844896012506
list:
dist: 0.9628844896012506 vs. 0.9628844896012506
--------
nle(id0,id1,dist): 100 107 1.7006437442700604
list:
dist: 1.7006437442700604 vs. 1.7006437442700604
--------
nle(id0,id1,dist): 100 106 1.1801189973973847
list:
dist: 1.1801189973973847 vs. 1.1801189973973847
--------
nle(id0,id1,dist): 100 105 1.6295516553319231
list:
dist: 1.6295516553319231 vs. 1.6295516553319231
--------
nle(id0,id1,dist): 100 104 2.109436265206453
list:
dist: 2.109436265206453 vs. 2.109436265206453
--------
nle(id0,id1,dist): 100 103 2.9591513039499375
list:
dist: 2.9591513039499375 vs. 2.9591513039499375
--------
nle(id0,id1,dist): 100 102 3.339354095620682
list:
dist: 3.339354095620682 vs. 3.339354095620682
--------
nle(id0,id1,dist): 100 101 2.004757778472832
list:
dist: 2.004757778472832 vs. 2.004757778472832
--------
nle(id0,id1,dist): 100 117 2.1040223008248207
list:
dist: 2.1040223008248207 vs. 2.1040223008248207
--------
nle(id0,id1,dist): 100 118 1.76935719309481
list:
dist: 1.76935719309481 vs. 1.76935719309481
--------
nle(id0,id1,dist): 100 115 0.9160763396559317
list:
dist: 0.9160763396559317 vs. 0.9160763396559317
--------
nle(id0,id1,dist): 100 116 3.1028114394889523
list:
dist: 3.1028114394889523 vs. 3.1028114394889523
--------
nle(id0,id1,dist): 100 113 1.3645803113637966
list:
dist: 1.3645803113637966 vs. 1.3645803113637966
--------
nle(id0,id1,dist): 100 114 1.244888238641944
list:
dist: 1.244888238641944 vs. 1.244888238641944
--------
nle(id0,id1,dist): 100 111 2.3945610875898335
list:
dist: 2.3945610875898335 vs. 2.3945610875898335
--------
nle(id0,id1,dist): 100 112 1.2317822446858182
list:
dist: 1.2317822446858182 vs. 1.2317822446858182
--------
nle(id0,id1,dist): 100 109 2.1256742688911907
list:
dist: 2.1256742688911907 vs. 2.1256742688911907
--------
nle(id0,id1,dist): 100 110 1.3592766473086557
list:
dist: 1.3592766473086557 vs. 1.3592766473086557
--------
nle(id0,id1,dist): 102 115 3.0081610673214936
list:
dist: 3.0081610673214936 vs. 3.0081610673214936
--------
nle(id0,id1,dist): 103 105 1.5585703481606905
list:
dist: 1.5585703481606905 vs. 1.5585703481606905
--------
nle(id0,id1,dist): 103 104 2.0789286097586257
list:
dist: 2.0789286097586257 vs. 2.0789286097586257
--------
nle(id0,id1,dist): 103 107 3.6354989953723824
list:
dist: 3.6354989953723824 vs. 3.6354989953723824
--------
nle(id0,id1,dist): 103 106 2.817408909548858
list:
dist: 2.817408909548858 vs. 2.817408909548858
--------
nle(id0,id1,dist): 103 109 3.1322436893251635
list:
dist: 3.1322436893251635 vs. 3.1322436893251635
--------
nle(id0,id1,dist): 102 106 2.8569073986290943
list:
dist: 2.8569073986290943 vs. 2.8569073986290943
--------
nle(id0,id1,dist): 102 105 1.9788904944998806
list:
dist: 1.9788904944998806 vs. 1.9788904944998806
--------
nle(id0,id1,dist): 102 104 2.2876711427477114
list:
dist: 2.2876711427477114 vs. 2.2876711427477114
--------
nle(id0,id1,dist): 102 103 0.9738061669355071
list:
dist: 0.9738061669355071 vs. 0.9738061669355071
--------
nle(id0,id1,dist): 102 110 4.469740474720734
list:
dist: 4.469740474720734 vs. 4.469740474720734
--------
nle(id0,id1,dist): 102 109 3.360786464663853
list:
dist: 3.360786464663853 vs. 3.360786464663853
--------
nle(id0,id1,dist): 102 107 3.7144128799704323
list:
dist: 3.7144128799704323 vs. 3.7144128799704323
--------
nle(id0,id1,dist): 102 114 4.355203763608474
list:
dist: 4.355203763608474 vs. 4.355203763608474
--------
nle(id0,id1,dist): 102 112 3.1535598378326934
list:
dist: 3.1535598378326934 vs. 3.1535598378326934
--------
nle(id0,id1,dist): 104 111 2.6090289932841455
list:
dist: 2.6090289932841455 vs. 2.6090289932841455
--------
nle(id0,id1,dist): 104 105 2.0378232075478517
list:
dist: 2.0378232075478517 vs. 2.0378232075478517
--------
nle(id0,id1,dist): 104 106 2.225993420168334
list:
dist: 2.225993420168334 vs. 2.225993420168334
--------
nle(id0,id1,dist): 104 108 2.3029307738473443
list:
dist: 2.3029307738473443 vs. 2.3029307738473443
--------
nle(id0,id1,dist): 104 115 1.3303157204883025
list:
dist: 1.3303157204883025 vs. 1.3303157204883025
--------
nle(id0,id1,dist): 103 115 2.742918095805994
list:
dist: 2.742918095805994 vs. 2.742918095805994
--------
nle(id0,id1,dist): 103 112 2.5721173822835204
list:
dist: 2.5721173822835204 vs. 2.5721173822835204
--------
nle(id0,id1,dist): 103 110 4.043660517760749
list:
dist: 4.043660517760749 vs. 4.043660517760749
--------
nle(id0,id1,dist): 147 148 2.762668616138242
list:
dist: 2.762668616138242 vs. 2.762668616138242
--------
nle(id0,id1,dist): 148 149 2.8845504161834215
list:
dist: 2.8845504161834215 vs. 2.8845504161834215
--------
nle(id0,id1,dist): 146 149 2.5405227463779294
list:
dist: 2.5405227463779294 vs. 2.5405227463779294
--------
nle(id0,id1,dist): 144 148 1.1536242825665315
list:
dist: 1.1536242825665315 vs. 1.1536242825665315
--------
nle(id0,id1,dist): 144 147 2.6273690034755277
list:
dist: 2.6273690034755277 vs. 2.6273690034755277
--------
nle(id0,id1,dist): 144 146 2.59360108043014
list:
dist: 2.59360108043014 vs. 2.59360108043014
--------
nle(id0,id1,dist): 144 145 1.0925665668310196
list:
dist: 1.0925665668310196 vs. 1.0925665668310196
--------
nle(id0,id1,dist): 144 149 2.5661384693254
list:
dist: 2.5661384693254 vs. 2.5661384693254
--------
nle(id0,id1,dist): 145 149 2.2759335012857513
list:
dist: 2.2759335012857513 vs. 2.2759335012857513
--------
nle(id0,id1,dist): 145 148 0.7638880192042898
list:
dist: 0.7638880192042898 vs. 0.7638880192042898
--------
nle(id0,id1,dist): 145 147 2.7916604490940555
list:
dist: 2.7916604490940555 vs. 2.7916604490940555
--------
nle(id0,id1,dist): 142 149 3.727231753866539
list:
dist: 3.727231753866539 vs. 3.727231753866539
--------
nle(id0,id1,dist): 142 147 1.2653380514697128
list:
dist: 1.2653380514697128 vs. 1.2653380514697128
--------
nle(id0,id1,dist): 142 148 2.1294387706478575
list:
dist: 2.1294387706478575 vs. 2.1294387706478575
--------
nle(id0,id1,dist): 142 145 2.0868797986024297
list:
dist: 2.0868797986024297 vs. 2.0868797986024297
--------
nle(id0,id1,dist): 142 146 3.052829164546837
list:
dist: 3.052829164546837 vs. 3.052829164546837
--------
nle(id0,id1,dist): 142 143 1.2348696382501456
list:
dist: 1.2348696382501456 vs. 1.2348696382501456
--------
nle(id0,id1,dist): 142 144 1.5489945217785146
list:
dist: 1.5489945217785146 vs. 1.5489945217785146
--------
nle(id0,id1,dist): 143 146 2.898701031226047
list:
dist: 2.898701031226047 vs. 2.898701031226047
--------
nle(id0,id1,dist): 143 147 1.9537467321276747
list:
dist: 1.9537467321276747 vs. 1.9537467321276747
--------
nle(id0,id1,dist): 143 148 1.4434511471813603
list:
dist: 1.4434511471813603 vs. 1.4434511471813603
--------
nle(id0,id1,dist): 143 149 2.7321287715465554
list:
dist: 2.7321287715465554 vs. 2.7321287715465554
--------
nle(id0,id1,dist): 143 144 1.145764449013256
list:
dist: 1.145764449013256 vs. 1.145764449013256
--------
nle(id0,id1,dist): 143 145 1.036103595223486
list:
dist: 1.036103595223486 vs. 1.036103595223486
--------
nle(id0,id1,dist): 141 142 1.5046893428187276
list:
dist: 1.5046893428187276 vs. 1.5046893428187276
--------
nle(id0,id1,dist): 141 143 1.1333503875467092
list:
dist: 1.1333503875467092 vs. 1.1333503875467092
--------
nle(id0,id1,dist): 140 149 3.4031891800276037
list:
dist: 3.4031891800276037 vs. 3.4031891800276037
--------
nle(id0,id1,dist): 141 145 1.092092058633145
list:
dist: 1.092092058633145 vs. 1.092092058633145
--------
nle(id0,id1,dist): 141 144 1.1236621913247582
list:
dist: 1.1236621913247582 vs. 1.1236621913247582
--------
nle(id0,id1,dist): 141 147 2.0566145103493234
list:
dist: 2.0566145103493234 vs. 2.0566145103493234
--------
nle(id0,id1,dist): 141 149 3.294132401715328
list:
dist: 3.294132401715328 vs. 3.294132401715328
--------
nle(id0,id1,dist): 141 148 0.7276755802536861
list:
dist: 0.7276755802536861 vs. 0.7276755802536861
--------
nle(id0,id1,dist): 139 144 1.8327338588451478
list:
dist: 1.8327338588451478 vs. 1.8327338588451478
--------
nle(id0,id1,dist): 139 145 1.3616357577217246
list:
dist: 1.3616357577217246 vs. 1.3616357577217246
--------
nle(id0,id1,dist): 139 142 1.6721708103888062
list:
dist: 1.6721708103888062 vs. 1.6721708103888062
--------
nle(id0,id1,dist): 139 143 1.0757653997001217
list:
dist: 1.0757653997001217 vs. 1.0757653997001217
--------
nle(id0,id1,dist): 139 140 2.4289894273859716
list:
dist: 2.4289894273859716 vs. 2.4289894273859716
--------
nle(id0,id1,dist): 139 141 0.9782957608543704
list:
dist: 0.9782957608543704 vs. 0.9782957608543704
--------
nle(id0,id1,dist): 139 148 1.3958309530085506
list:
dist: 1.3958309530085506 vs. 1.3958309530085506
--------
nle(id0,id1,dist): 139 149 3.4900990053752423
list:
dist: 3.4900990053752423 vs. 3.4900990053752423
--------
nle(id0,id1,dist): 139 147 1.7134580417692764
list:
dist: 1.7134580417692764 vs. 1.7134580417692764
--------
nle(id0,id1,dist): 140 145 2.301140258765229
list:
dist: 2.301140258765229 vs. 2.301140258765229
--------
nle(id0,id1,dist): 140 146 2.230088312939552
list:
dist: 2.230088312939552 vs. 2.230088312939552
--------
nle(id0,id1,dist): 140 147 2.2173695965856073
list:
dist: 2.2173695965856073 vs. 2.2173695965856073
--------
nle(id0,id1,dist): 140 148 2.417333732022838
list:
dist: 2.417333732022838 vs. 2.417333732022838
--------
nle(id0,id1,dist): 140 141 2.001452092291236
list:
dist: 2.001452092291236 vs. 2.001452092291236
--------
nle(id0,id1,dist): 140 142 0.9881762552960668
list:
dist: 0.9881762552960668 vs. 0.9881762552960668
--------
nle(id0,id1,dist): 140 143 1.6311083068034218
list:
dist: 1.6311083068034218 vs. 1.6311083068034218
--------
nle(id0,id1,dist): 140 144 1.4082529948112934
list:
dist: 1.4082529948112934 vs. 1.4082529948112934
--------
nle(id0,id1,dist): 138 141 1.2263401725602723
list:
dist: 1.2263401725602723 vs. 1.2263401725602723
--------
nle(id0,id1,dist): 138 142 2.2900051594406765
list:
dist: 2.2900051594406765 vs. 2.2900051594406765
--------
nle(id0,id1,dist): 138 139 2.172932381256368
list:
dist: 2.172932381256368 vs. 2.172932381256368
--------
nle(id0,id1,dist): 138 140 2.3047223911798205
list:
dist: 2.3047223911798205 vs. 2.3047223911798205
--------
nle(id0,id1,dist): 138 149 3.182815098181026
list:
dist: 3.182815098181026 vs. 3.182815098181026
--------
nle(id0,id1,dist): 138 148 0.9603182756381723
list:
dist: 0.9603182756381723 vs. 0.9603182756381723
--------
nle(id0,id1,dist): 138 147 3.12766608143784
list:
dist: 3.12766608143784 vs. 3.12766608143784
--------
nle(id0,id1,dist): 138 145 1.5232795550380713
list:
dist: 1.5232795550380713 vs. 1.5232795550380713
--------
nle(id0,id1,dist): 138 144 1.1425120838691045
list:
dist: 1.1425120838691045 vs. 1.1425120838691045
--------
nle(id0,id1,dist): 138 143 2.0172216446679423
list:
dist: 2.0172216446679423 vs. 2.0172216446679423
--------
nle(id0,id1,dist): 137 144 1.6423210468002796
list:
dist: 1.6423210468002796 vs. 1.6423210468002796
--------
nle(id0,id1,dist): 137 145 1.5144644226697714
list:
dist: 1.5144644226697714 vs. 1.5144644226697714
--------
nle(id0,id1,dist): 137 146 2.021032037127949
list:
dist: 2.021032037127949 vs. 2.021032037127949
--------
nle(id0,id1,dist): 137 140 2.1825609008981823
list:
dist: 2.1825609008981823 vs. 2.1825609008981823
--------
nle(id0,id1,dist): 137 141 2.3193381448112325
list:
dist: 2.3193381448112325 vs. 2.3193381448112325
--------
nle(id0,id1,dist): 137 142 2.38948548352647
list:
dist: 2.38948548352647 vs. 2.38948548352647
--------
nle(id0,id1,dist): 137 143 1.4538105172360065
list:
dist: 1.4538105172360065 vs. 1.4538105172360065
--------
nle(id0,id1,dist): 137 138 2.6216946059845667
list:
dist: 2.6216946059845667 vs. 2.6216946059845667
--------
nle(id0,id1,dist): 137 139 2.3969414375797666
list:
dist: 2.3969414375797666 vs. 2.3969414375797666
--------
nle(id0,id1,dist): 137 149 1.439798910851987
list:
dist: 1.439798910851987 vs. 1.439798910851987
--------
nle(id0,id1,dist): 137 148 2.209560247897619
list:
dist: 2.209560247897619 vs. 2.209560247897619
--------
nle(id0,id1,dist): 136 147 2.1530123166316795
list:
dist: 2.1530123166316795 vs. 2.1530123166316795
--------
nle(id0,id1,dist): 136 148 1.7742715350321923
list:
dist: 1.7742715350321923 vs. 1.7742715350321923
--------
nle(id0,id1,dist): 136 145 2.3057920238257767
list:
dist: 2.3057920238257767 vs. 2.3057920238257767
--------
nle(id0,id1,dist): 136 139 1.4880670204876292
list:
dist: 1.4880670204876292 vs. 1.4880670204876292
--------
nle(id0,id1,dist): 136 140 3.095389881118179
list:
dist: 3.095389881118179 vs. 3.095389881118179
--------
nle(id0,id1,dist): 136 138 2.1366289932826446
list:
dist: 2.1366289932826446 vs. 2.1366289932826446
--------
nle(id0,id1,dist): 136 143 2.323266615176248
list:
dist: 2.323266615176248 vs. 2.323266615176248
--------
nle(id0,id1,dist): 136 144 2.4857999751037965
list:
dist: 2.4857999751037965 vs. 2.4857999751037965
--------
nle(id0,id1,dist): 136 141 1.3933802250179754
list:
dist: 1.3933802250179754 vs. 1.3933802250179754
--------
nle(id0,id1,dist): 136 142 2.342786197020168
list:
dist: 2.342786197020168 vs. 2.342786197020168
--------
nle(id0,id1,dist): 135 142 2.35674624937965
list:
dist: 2.35674624937965 vs. 2.35674624937965
--------
nle(id0,id1,dist): 135 143 2.6417338668148047
list:
dist: 2.6417338668148047 vs. 2.6417338668148047
--------
nle(id0,id1,dist): 135 144 1.9356753821141406
list:
dist: 1.9356753821141406 vs. 1.9356753821141406
--------
nle(id0,id1,dist): 135 145 2.936857265280003
list:
dist: 2.936857265280003 vs. 2.936857265280003
--------
nle(id0,id1,dist): 135 146 1.54327796985616
list:
dist: 1.54327796985616 vs. 1.54327796985616
--------
nle(id0,id1,dist): 135 148 3.0683819000335544
list:
dist: 3.0683819000335544 vs. 3.0683819000335544
--------
nle(id0,id1,dist): 135 149 3.227365029857
list:
dist: 3.227365029857 vs. 3.227365029857
--------
nle(id0,id1,dist): 134 147 2.074571734473341
list:
dist: 2.074571734473341 vs. 2.074571734473341
--------
nle(id0,id1,dist): 135 140 1.3881607744430933
list:
dist: 1.3881607744430933 vs. 1.3881607744430933
--------
nle(id0,id1,dist): 135 141 2.932312866519396
list:
dist: 2.932312866519396 vs. 2.932312866519396
--------
nle(id0,id1,dist): 135 138 2.6555379539000006
list:
dist: 2.6555379539000006 vs. 2.6555379539000006
--------
nle(id0,id1,dist): 135 136 4.145573948682456
list:
dist: 4.145573948682456 vs. 4.145573948682456
--------
nle(id0,id1,dist): 135 137 2.481820025515179
list:
dist: 2.481820025515179 vs. 2.481820025515179
--------
nle(id0,id1,dist): 134 136 3.5543254061930263
list:
dist: 3.5543254061930263 vs. 3.5543254061930263
--------
nle(id0,id1,dist): 133 135 2.3727062657650886
list:
dist: 2.3727062657650886 vs. 2.3727062657650886
--------
nle(id0,id1,dist): 133 134 2.8752120222166693
list:
dist: 2.8752120222166693 vs. 2.8752120222166693
--------
nle(id0,id1,dist): 133 138 1.7607895180514463
list:
dist: 1.7607895180514463 vs. 1.7607895180514463
--------
nle(id0,id1,dist): 133 139 1.8116128465186594
list:
dist: 1.8116128465186594 vs. 1.8116128465186594
--------
nle(id0,id1,dist): 133 136 1.9505501509200003
list:
dist: 1.9505501509200003 vs. 1.9505501509200003
--------
nle(id0,id1,dist): 133 142 0.825538838722371
list:
dist: 0.825538838722371 vs. 0.825538838722371
--------
nle(id0,id1,dist): 133 143 1.6119349855966658
list:
dist: 1.6119349855966658 vs. 1.6119349855966658
--------
nle(id0,id1,dist): 133 140 1.2579063370835544
list:
dist: 1.2579063370835544 vs. 1.2579063370835544
--------
nle(id0,id1,dist): 133 141 1.2499728030663095
list:
dist: 1.2499728030663095 vs. 1.2499728030663095
--------
nle(id0,id1,dist): 133 147 1.642090104454432
list:
dist: 1.642090104454432 vs. 1.642090104454432
--------
nle(id0,id1,dist): 133 144 1.427415015300774
list:
dist: 1.427415015300774 vs. 1.427415015300774
--------
nle(id0,id1,dist): 133 145 2.1092859611392134
list:
dist: 2.1092859611392134 vs. 2.1092859611392134
--------
nle(id0,id1,dist): 133 148 1.8643137443236957
list:
dist: 1.8643137443236957 vs. 1.8643137443236957
--------
nle(id0,id1,dist): 132 134 1.9931832756590366
list:
dist: 1.9931832756590366 vs. 1.9931832756590366
--------
nle(id0,id1,dist): 132 133 2.331615533517791
list:
dist: 2.331615533517791 vs. 2.331615533517791
--------
nle(id0,id1,dist): 132 135 3.0845084453917395
list:
dist: 3.0845084453917395 vs. 3.0845084453917395
--------
nle(id0,id1,dist): 132 140 2.0137225669184553
list:
dist: 2.0137225669184553 vs. 2.0137225669184553
--------
nle(id0,id1,dist): 132 142 1.8282787424647922
list:
dist: 1.8282787424647922 vs. 1.8282787424647922
--------
nle(id0,id1,dist): 132 143 2.8935731262418187
list:
dist: 2.8935731262418187 vs. 2.8935731262418187
--------
nle(id0,id1,dist): 132 144 3.252623868049264
list:
dist: 3.252623868049264 vs. 3.252623868049264
--------
nle(id0,id1,dist): 132 147 1.9050749795700324
list:
dist: 1.9050749795700324 vs. 1.9050749795700324
--------
nle(id0,id1,dist): 131 147 1.3118266414901827
list:
dist: 1.3118266414901827 vs. 1.3118266414901827
--------
nle(id0,id1,dist): 131 148 3.0026111868461833
list:
dist: 3.0026111868461833 vs. 3.0026111868461833
--------
nle(id0,id1,dist): 131 142 1.5717597134761538
list:
dist: 1.5717597134761538 vs. 1.5717597134761538
--------
nle(id0,id1,dist): 131 143 2.630265711650024
list:
dist: 2.630265711650024 vs. 2.630265711650024
--------
nle(id0,id1,dist): 131 144 2.7688807032976865
list:
dist: 2.7688807032976865 vs. 2.7688807032976865
--------
nle(id0,id1,dist): 131 145 3.2827610092164266
list:
dist: 3.2827610092164266 vs. 3.2827610092164266
--------
nle(id0,id1,dist): 131 138 2.971929509850517
list:
dist: 2.971929509850517 vs. 2.971929509850517
--------
nle(id0,id1,dist): 131 139 2.477849556895396
list:
dist: 2.477849556895396 vs. 2.477849556895396
--------
nle(id0,id1,dist): 131 140 2.2235750724333947
list:
dist: 2.2235750724333947 vs. 2.2235750724333947
--------
nle(id0,id1,dist): 131 141 2.302669467236944
list:
dist: 2.302669467236944 vs. 2.302669467236944
--------
nle(id0,id1,dist): 131 134 1.600233731354959
list:
dist: 1.600233731354959 vs. 1.600233731354959
--------
nle(id0,id1,dist): 131 135 3.415346494610771
list:
dist: 3.415346494610771 vs. 3.415346494610771
--------
nle(id0,id1,dist): 131 136 2.222172360052259
list:
dist: 2.222172360052259 vs. 2.222172360052259
--------
nle(id0,id1,dist): 131 132 1.980729673989394
list:
dist: 1.980729673989394 vs. 1.980729673989394
--------
nle(id0,id1,dist): 131 133 1.355869581178102
list:
dist: 1.355869581178102 vs. 1.355869581178102
--------
nle(id0,id1,dist): 130 147 2.395026297159566
list:
dist: 2.395026297159566 vs. 2.395026297159566
--------
nle(id0,id1,dist): 130 148 4.017315047982242
list:
dist: 4.017315047982242 vs. 4.017315047982242
--------
nle(id0,id1,dist): 130 145 4.218419657776551
list:
dist: 4.218419657776551 vs. 4.218419657776551
--------
nle(id0,id1,dist): 130 143 3.4903773919785275
list:
dist: 3.4903773919785275 vs. 3.4903773919785275
--------
nle(id0,id1,dist): 130 144 3.425405747674274
list:
dist: 3.425405747674274 vs. 3.425405747674274
--------
nle(id0,id1,dist): 130 141 3.376083507995736
list:
dist: 3.376083507995736 vs. 3.376083507995736
--------
nle(id0,id1,dist): 130 142 2.2613503441977647
list:
dist: 2.2613503441977647 vs. 2.2613503441977647
--------
nle(id0,id1,dist): 130 139 3.681697216585073
list:
dist: 3.681697216585073 vs. 3.681697216585073
--------
nle(id0,id1,dist): 130 140 2.3856029598470077
list:
dist: 2.3856029598470077 vs. 2.3856029598470077
--------
nle(id0,id1,dist): 130 138 3.764251285139444
list:
dist: 3.764251285139444 vs. 3.764251285139444
--------
nle(id0,id1,dist): 130 135 3.229412593377371
list:
dist: 3.229412593377371 vs. 3.229412593377371
--------
nle(id0,id1,dist): 130 136 3.5824229691934573
list:
dist: 3.5824229691934573 vs. 3.5824229691934573
--------
nle(id0,id1,dist): 130 132 1.6416646068361795
list:
dist: 1.6416646068361795 vs. 1.6416646068361795
--------
nle(id0,id1,dist): 130 131 1.4278723331876633
list:
dist: 1.4278723331876633 vs. 1.4278723331876633
--------
nle(id0,id1,dist): 130 134 1.6557751031187606
list:
dist: 1.6557751031187606 vs. 1.6557751031187606
--------
nle(id0,id1,dist): 130 133 2.155696514498075
list:
dist: 2.155696514498075 vs. 2.155696514498075
--------
nle(id0,id1,dist): 129 148 3.492391908328246
list:
dist: 3.492391908328246 vs. 3.492391908328246
--------
nle(id0,id1,dist): 129 140 3.4302381541087206
list:
dist: 3.4302381541087206 vs. 3.4302381541087206
--------
nle(id0,id1,dist): 129 141 2.836093767697589
list:
dist: 2.836093767697589 vs. 2.836093767697589
--------
nle(id0,id1,dist): 129 142 2.5978857787967806
list:
dist: 2.5978857787967806 vs. 2.5978857787967806
--------
nle(id0,id1,dist): 129 143 3.3412898238394004
list:
dist: 3.3412898238394004 vs. 3.3412898238394004
--------
nle(id0,id1,dist): 129 144 3.6589448362430175
list:
dist: 3.6589448362430175 vs. 3.6589448362430175
--------
nle(id0,id1,dist): 129 145 3.860787009898504
list:
dist: 3.860787009898504 vs. 3.860787009898504
--------
nle(id0,id1,dist): 129 147 1.753340807540519
list:
dist: 1.753340807540519 vs. 1.753340807540519
--------
nle(id0,id1,dist): 129 134 1.7909731156407025
list:
dist: 1.7909731156407025 vs. 1.7909731156407025
--------
nle(id0,id1,dist): 129 133 2.382234783232471
list:
dist: 2.382234783232471 vs. 2.382234783232471
--------
nle(id0,id1,dist): 129 132 3.013764667628151
list:
dist: 3.013764667628151 vs. 3.013764667628151
--------
nle(id0,id1,dist): 129 139 2.749426163048789
list:
dist: 2.749426163048789 vs. 2.749426163048789
--------
nle(id0,id1,dist): 129 138 3.634817516939981
list:
dist: 3.634817516939981 vs. 3.634817516939981
--------
nle(id0,id1,dist): 129 136 2.045683180646919
list:
dist: 2.045683180646919 vs. 2.045683180646919
--------
nle(id0,id1,dist): 129 131 1.328145054225043
list:
dist: 1.328145054225043 vs. 1.328145054225043
--------
nle(id0,id1,dist): 129 130 2.519786570914918
list:
dist: 2.519786570914918 vs. 2.519786570914918
--------
nle(id0,id1,dist): 128 147 1.564656864193634
list:
dist: 1.564656864193634 vs. 1.564656864193634
--------
nle(id0,id1,dist): 128 148 1.85277255113678
list:
dist: 1.85277255113678 vs. 1.85277255113678
--------
nle(id0,id1,dist): 128 145 2.292090346310758
list:
dist: 2.292090346310758 vs. 2.292090346310758
--------
nle(id0,id1,dist): 128 133 1.35783766996938
list:
dist: 1.35783766996938 vs. 1.35783766996938
--------
nle(id0,id1,dist): 128 134 2.939799192789616
list:
dist: 2.939799192789616 vs. 2.939799192789616
--------
nle(id0,id1,dist): 128 135 3.678746364784256
list:
dist: 3.678746364784256 vs. 3.678746364784256
--------
nle(id0,id1,dist): 128 136 0.7098105496752054
list:
dist: 0.7098105496752054 vs. 0.7098105496752054
--------
nle(id0,id1,dist): 128 129 1.646628753023805
list:
dist: 1.646628753023805 vs. 1.646628753023805
--------
nle(id0,id1,dist): 128 130 2.897319129310933
list:
dist: 2.897319129310933 vs. 2.897319129310933
--------
nle(id0,id1,dist): 128 131 1.539529896431699
list:
dist: 1.539529896431699 vs. 1.539529896431699
--------
nle(id0,id1,dist): 128 141 1.2425678570123073
list:
dist: 1.2425678570123073 vs. 1.2425678570123073
--------
nle(id0,id1,dist): 128 142 1.740601916357411
list:
dist: 1.740601916357411 vs. 1.740601916357411
--------
nle(id0,id1,dist): 128 143 2.032235827394705
list:
dist: 2.032235827394705 vs. 2.032235827394705
--------
nle(id0,id1,dist): 128 144 2.2204018174999267
list:
dist: 2.2204018174999267 vs. 2.2204018174999267
--------
nle(id0,id1,dist): 128 138 2.103935367128945
list:
dist: 2.103935367128945 vs. 2.103935367128945
--------
nle(id0,id1,dist): 128 139 1.3992454042011837
list:
dist: 1.3992454042011837 vs. 1.3992454042011837
--------
nle(id0,id1,dist): 128 140 2.536747009969056
list:
dist: 2.536747009969056 vs. 2.536747009969056
--------
nle(id0,id1,dist): 127 140 2.4056149030080656
list:
dist: 2.4056149030080656 vs. 2.4056149030080656
--------
nle(id0,id1,dist): 127 141 1.0224740249052626
list:
dist: 1.0224740249052626 vs. 1.0224740249052626
--------
nle(id0,id1,dist): 127 138 1.2267317352003533
list:
dist: 1.2267317352003533 vs. 1.2267317352003533
--------
nle(id0,id1,dist): 127 139 1.7843458057558612
list:
dist: 1.7843458057558612 vs. 1.7843458057558612
--------
nle(id0,id1,dist): 127 136 1.1212981162463536
list:
dist: 1.1212981162463536 vs. 1.1212981162463536
--------
nle(id0,id1,dist): 127 134 3.616516635741542
list:
dist: 3.616516635741542 vs. 3.616516635741542
--------
nle(id0,id1,dist): 127 135 3.2296498063021692
list:
dist: 3.2296498063021692 vs. 3.2296498063021692
--------
nle(id0,id1,dist): 127 148 1.368184161717762
list:
dist: 1.368184161717762 vs. 1.368184161717762
--------
nle(id0,id1,dist): 127 147 2.3498312482268657
list:
dist: 2.3498312482268657 vs. 2.3498312482268657
--------
nle(id0,id1,dist): 127 144 1.7515550684432972
list:
dist: 1.7515550684432972 vs. 1.7515550684432972
--------
nle(id0,id1,dist): 127 145 2.0142211736247937
list:
dist: 2.0142211736247937 vs. 2.0142211736247937
--------
nle(id0,id1,dist): 127 142 1.9580125634148269
list:
dist: 1.9580125634148269 vs. 1.9580125634148269
--------
nle(id0,id1,dist): 127 143 2.0965206055327603
list:
dist: 2.0965206055327603 vs. 2.0965206055327603
--------
nle(id0,id1,dist): 127 133 1.2856452864917152
list:
dist: 1.2856452864917152 vs. 1.2856452864917152
--------
nle(id0,id1,dist): 127 131 2.0441909748703666
list:
dist: 2.0441909748703666 vs. 2.0441909748703666
--------
nle(id0,id1,dist): 127 130 3.1236156424595336
list:
dist: 3.1236156424595336 vs. 3.1236156424595336
--------
nle(id0,id1,dist): 127 129 2.458675712199026
list:
dist: 2.458675712199026 vs. 2.458675712199026
--------
nle(id0,id1,dist): 127 128 1.0047071765200144
list:
dist: 1.0047071765200144 vs. 1.0047071765200144
--------
nle(id0,id1,dist): 125 146 2.8115172810131117
list:
dist: 2.8115172810131117 vs. 2.8115172810131117
--------
nle(id0,id1,dist): 125 147 2.3346131107595425
list:
dist: 2.3346131107595425 vs. 2.3346131107595425
--------
nle(id0,id1,dist): 125 144 0.5322511641293962
list:
dist: 0.5322511641293962 vs. 0.5322511641293962
--------
nle(id0,id1,dist): 125 145 1.4769351290519892
list:
dist: 1.4769351290519892 vs. 1.4769351290519892
--------
nle(id0,id1,dist): 125 148 1.3362505141033405
list:
dist: 1.3362505141033405 vs. 1.3362505141033405
--------
nle(id0,id1,dist): 125 149 3.0885280696769644
list:
dist: 3.0885280696769644 vs. 3.0885280696769644
--------
nle(id0,id1,dist): 125 131 2.2918260646824695
list:
dist: 2.2918260646824695 vs. 2.2918260646824695
--------
nle(id0,id1,dist): 125 130 2.9345827030873264
list:
dist: 2.9345827030873264 vs. 2.9345827030873264
--------
nle(id0,id1,dist): 125 129 3.242806636442724
list:
dist: 3.242806636442724 vs. 3.242806636442724
--------
nle(id0,id1,dist): 125 128 1.9026912115923553
list:
dist: 1.9026912115923553 vs. 1.9026912115923553
--------
nle(id0,id1,dist): 125 135 1.901329211589722
list:
dist: 1.901329211589722 vs. 1.901329211589722
--------
nle(id0,id1,dist): 125 133 0.93617489619942
list:
dist: 0.93617489619942 vs. 0.93617489619942
--------
nle(id0,id1,dist): 125 132 2.9261704431686204
list:
dist: 2.9261704431686204 vs. 2.9261704431686204
--------
nle(id0,id1,dist): 125 139 1.8415617400164186
list:
dist: 1.8415617400164186 vs. 1.8415617400164186
--------
nle(id0,id1,dist): 125 138 1.149939345803861
list:
dist: 1.149939345803861 vs. 1.149939345803861
--------
nle(id0,id1,dist): 125 137 2.0857247485793766
list:
dist: 2.0857247485793766 vs. 2.0857247485793766
--------
nle(id0,id1,dist): 125 136 2.2730109356181183
list:
dist: 2.2730109356181183 vs. 2.2730109356181183
--------
nle(id0,id1,dist): 125 143 1.3019188295553477
list:
dist: 1.3019188295553477 vs. 1.3019188295553477
--------
nle(id0,id1,dist): 125 142 1.2454197480848308
list:
dist: 1.2454197480848308 vs. 1.2454197480848308
--------
nle(id0,id1,dist): 125 141 1.0528658850076935
list:
dist: 1.0528658850076935 vs. 1.0528658850076935
--------
nle(id0,id1,dist): 125 140 1.1754025576189386
list:
dist: 1.1754025576189386 vs. 1.1754025576189386
2. Check the NeighborList query for coordinates against the neighbor list for consistency
list:
dist: 1.0079011826031574 vs. 1.0079011826031574
list:
dist: 2.171872603112894 vs. 2.171872603112894
list:
dist: 1.9104776666505332 vs. 1.9104776666505332
list:
dist: 2.6703899892136005 vs. 2.6703899892136005
list:
dist: 1.2598041580915522 vs. 1.2598041580915522
list:
dist: 0.9586803010035182 vs. 0.9586803010035182
list:
dist: 1.8253906230722825 vs. 1.8253906230722825
list:
dist: 3.657925207117518 vs. 3.657925207117518
list:
dist: 3.628860345645456 vs. 3.628860345645456
list:
dist: 2.6641246870823556 vs. 2.6641246870823556
list:
dist: 3.9010185346382995 vs. 3.9010185346382995
list:
dist: 3.2224200116296604 vs. 3.2224200116296604
list:
dist: 2.340245299399762 vs. 2.340245299399762
list:
dist: 3.41195144824363 vs. 3.41195144824363
list:
dist: 3.36671479583216 vs. 3.36671479583216
list:
dist: 3.3652345323624666 vs. 3.3652345323624666
list:
dist: 2.318143646792418 vs. 2.318143646792418
list:
dist: 2.4136886504413266 vs. 2.4136886504413266
list:
dist: 3.8447629430343935 vs. 3.8447629430343935
list:
dist: 2.7805942127925225 vs. 2.7805942127925225
list:
dist: 4.041286491087222 vs. 4.041286491087222
list:
dist: 3.0764057115695906 vs. 3.0764057115695906
list:
dist: 2.2871771476155294 vs. 2.2871771476155294
list:
dist: 2.0500254583331072 vs. 2.0500254583331072
list:
dist: 1.1626329175869123 vs. 1.1626329175869123
list:
dist: 0.960712949013094 vs. 0.960712949013094
list:
dist: 1.140789057370445 vs. 1.140789057370445
list:
dist: 2.171872603112894 vs. 2.171872603112894
list:
dist: 1.2959498024473854 vs. 1.2959498024473854
list:
dist: 2.3430179924008003 vs. 2.3430179924008003
list:
dist: 2.2976570202413713 vs. 2.2976570202413713
list:
dist: 2.1055508926195308 vs. 2.1055508926195308
list:
dist: 2.3869337284259142 vs. 2.3869337284259142
list:
dist: 2.379624831804741 vs. 2.379624831804741
list:
dist: 1.3601316292985932 vs. 1.3601316292985932
list:
dist: 2.9947793968569436 vs. 2.9947793968569436
list:
dist: 3.1204133969807875 vs. 3.1204133969807875
list:
dist: 3.7071325202648935 vs. 3.7071325202648935
list:
dist: 2.264788271819181 vs. 2.264788271819181
list:
dist: 2.7161978604875947 vs. 2.7161978604875947
list:
dist: 2.0500254583331072 vs. 2.0500254583331072
list:
dist: 2.9099255544672333 vs. 2.9099255544672333
list:
dist: 2.5671237235947606 vs. 2.5671237235947606
list:
dist: 2.9659512403539754 vs. 2.9659512403539754
list:
dist: 3.47212761026144 vs. 3.47212761026144
list:
dist: 3.580263090890799 vs. 3.580263090890799
list:
dist: 3.605417183390616 vs. 3.605417183390616
list:
dist: 3.6267556971336337 vs. 3.6267556971336337
list:
dist: 4.078080350618229 vs. 4.078080350618229
list:
dist: 3.279541379344105 vs. 3.279541379344105
list:
dist: 3.605417183390616 vs. 3.605417183390616
list:
dist: 2.1055508926195308 vs. 2.1055508926195308
list:
dist: 2.759661243377802 vs. 2.759661243377802
list:
dist: 2.4194844013765233 vs. 2.4194844013765233
list:
dist: 2.4719350821911474 vs. 2.4719350821911474
list:
dist: 2.6641246870823556 vs. 2.6641246870823556
list:
dist: 1.973672762181857 vs. 1.973672762181857
list:
dist: 1.2647551332465856 vs. 1.2647551332465856
list:
dist: 1.4544448692486862 vs. 1.4544448692486862
list:
dist: 2.1513285749045257 vs. 2.1513285749045257
list:
dist: 1.5096057068197812 vs. 1.5096057068197812
list:
dist: 1.5061094212828416 vs. 1.5061094212828416
list:
dist: 1.3593556511150706 vs. 1.3593556511150706
list:
dist: 1.4946509747976222 vs. 1.4946509747976222
list:
dist: 2.5009735404892797 vs. 2.5009735404892797
list:
dist: 1.9347227852021471 vs. 1.9347227852021471
list:
dist: 1.4619232668626307 vs. 1.4619232668626307
list:
dist: 1.886868936060188 vs. 1.886868936060188
list:
dist: 2.52864355233852 vs. 2.52864355233852
list:
dist: 2.7489467829289618 vs. 2.7489467829289618
list:
dist: 2.2871771476155294 vs. 2.2871771476155294
list:
dist: 1.5316325089109233 vs. 1.5316325089109233
list:
dist: 2.5285274478138398 vs. 2.5285274478138398
list:
dist: 1.1565646374315415 vs. 1.1565646374315415
list:
dist: 1.0079011826031574 vs. 1.0079011826031574
list:
dist: 1.3843074498299774 vs. 1.3843074498299774
list:
dist: 2.475714016085945 vs. 2.475714016085945
list:
dist: 2.264788271819181 vs. 2.264788271819181
list:
dist: 1.9828076573072413 vs. 1.9828076573072413
list:
dist: 1.9817046363507795 vs. 1.9817046363507795
list:
dist: 1.95380609453826 vs. 1.95380609453826
list:
dist: 2.318143646792418 vs. 2.318143646792418
list:
dist: 1.7564534995543581 vs. 1.7564534995543581
list:
dist: 2.3836588736199045 vs. 2.3836588736199045
list:
dist: 2.398323257333997 vs. 2.398323257333997
list:
dist: 2.1143733384849264 vs. 2.1143733384849264
list:
dist: 1.9347227852021471 vs. 1.9347227852021471
list:
dist: 2.1892937423615653 vs. 2.1892937423615653
list:
dist: 1.276924303776304 vs. 1.276924303776304
list:
dist: 1.057247146147176 vs. 1.057247146147176
list:
dist: 1.685041412913841 vs. 1.685041412913841
list:
dist: 1.6275872918011343 vs. 1.6275872918011343
list:
dist: 1.5686748885347033 vs. 1.5686748885347033
list:
dist: 1.0851946349653838 vs. 1.0851946349653838
list:
dist: 3.1061394873447643 vs. 3.1061394873447643
list:
dist: 2.0052984035562234 vs. 2.0052984035562234
list:
dist: 3.0926817150790615 vs. 3.0926817150790615
list:
dist: 2.7507980954901385 vs. 2.7507980954901385
list:
dist: 2.820021126585579 vs. 2.820021126585579
list:
dist: 3.1990159615425013 vs. 3.1990159615425013
list:
dist: 2.7334106788426014 vs. 2.7334106788426014
list:
dist: 3.290356864788242 vs. 3.290356864788242
list:
dist: 1.5316325089109233 vs. 1.5316325089109233
list:
dist: 2.9099255544672333 vs. 2.9099255544672333
list:
dist: 1.1626329175869123 vs. 1.1626329175869123
list:
dist: 1.0469747954897894 vs. 1.0469747954897894
list:
dist: 0.6925461031196187 vs. 0.6925461031196187
list:
dist: 1.9104776666505332 vs. 1.9104776666505332
list:
dist: 1.2794929033757911 vs. 1.2794929033757911
list:
dist: 3.0932063986302683 vs. 3.0932063986302683
list:
dist: 2.8958310860248337 vs. 2.8958310860248337
list:
dist: 2.759661243377802 vs. 2.759661243377802
list:
dist: 2.787546822051988 vs. 2.787546822051988
list:
dist: 2.607310485730285 vs. 2.607310485730285
list:
dist: 1.5310669561964039 vs. 1.5310669561964039
list:
dist: 3.301003396149507 vs. 3.301003396149507
list:
dist: 3.353085759715645 vs. 3.353085759715645
list:
dist: 3.5390891207436703 vs. 3.5390891207436703
list:
dist: 1.9828076573072413 vs. 1.9828076573072413
list:
dist: 2.757582135918595 vs. 2.757582135918595
list:
dist: 2.5285274478138398 vs. 2.5285274478138398
list:
dist: 2.5671237235947606 vs. 2.5671237235947606
list:
dist: 0.960712949013094 vs. 0.960712949013094
list:
dist: 1.0469747954897894 vs. 1.0469747954897894
list:
dist: 1.481068675141566 vs. 1.481068675141566
list:
dist: 2.6703899892136005 vs. 2.6703899892136005
list:
dist: 1.7874915106993436 vs. 1.7874915106993436
list:
dist: 2.334070920303041 vs. 2.334070920303041
list:
dist: 2.0992494621031885 vs. 2.0992494621031885
list:
dist: 2.4194844013765233 vs. 2.4194844013765233
list:
dist: 1.8725433511438676 vs. 1.8725433511438676
list:
dist: 2.0468608170333598 vs. 2.0468608170333598
list:
dist: 1.1337391924018883 vs. 1.1337391924018883
list:
dist: 2.8824153690004732 vs. 2.8824153690004732
list:
dist: 3.0083555292215443 vs. 3.0083555292215443
list:
dist: 3.4837870720783704 vs. 3.4837870720783704
list:
dist: 1.9817046363507795 vs. 1.9817046363507795
list:
dist: 2.739195248481357 vs. 2.739195248481357
list:
dist: 1.3843074498299774 vs. 1.3843074498299774
list:
dist: 1.2959498024473854 vs. 1.2959498024473854
list:
dist: 1.2794929033757911 vs. 1.2794929033757911
list:
dist: 1.7874915106993436 vs. 1.7874915106993436
list:
dist: 0.665185895422786 vs. 0.665185895422786
list:
dist: 0.9586803010035182 vs. 0.9586803010035182
list:
dist: 2.2638216450614324 vs. 2.2638216450614324
list:
dist: 2.79198894600392 vs. 2.79198894600392
list:
dist: 2.742832896539334 vs. 2.742832896539334
list:
dist: 1.973672762181857 vs. 1.973672762181857
list:
dist: 2.9854046778497536 vs. 2.9854046778497536
list:
dist: 2.434035612516436 vs. 2.434035612516436
list:
dist: 1.4554309948462174 vs. 1.4554309948462174
list:
dist: 2.778010144153451 vs. 2.778010144153451
list:
dist: 2.794096345941502 vs. 2.794096345941502
list:
dist: 3.0509689838086613 vs. 3.0509689838086613
list:
dist: 1.7564534995543581 vs. 1.7564534995543581
list:
dist: 2.0116529457592383 vs. 2.0116529457592383
list:
dist: 3.8305481579641194 vs. 3.8305481579641194
list:
dist: 2.885207535735562 vs. 2.885207535735562
list:
dist: 4.069944498255796 vs. 4.069944498255796
list:
dist: 3.318942542864493 vs. 3.318942542864493
list:
dist: 3.47212761026144 vs. 3.47212761026144
list:
dist: 2.3430179924008003 vs. 2.3430179924008003
list:
dist: 3.0932063986302683 vs. 3.0932063986302683
list:
dist: 2.334070920303041 vs. 2.334070920303041
list:
dist: 3.071206891687771 vs. 3.071206891687771
list:
dist: 3.657925207117518 vs. 3.657925207117518
list:
dist: 2.79198894600392 vs. 2.79198894600392
list:
dist: 0.4883159345446662 vs. 0.4883159345446662
list:
dist: 1.2647551332465856 vs. 1.2647551332465856
list:
dist: 1.2476175896482353 vs. 1.2476175896482353
list:
dist: 1.3226804501377276 vs. 1.3226804501377276
list:
dist: 1.7206967464205356 vs. 1.7206967464205356
list:
dist: 1.5463426890463996 vs. 1.5463426890463996
list:
dist: 1.811599331203694 vs. 1.811599331203694
list:
dist: 2.9950493774054516 vs. 2.9950493774054516
list:
dist: 2.398323257333997 vs. 2.398323257333997
list:
dist: 2.2998723077950065 vs. 2.2998723077950065
list:
dist: 1.0297453391292894 vs. 1.0297453391292894
list:
dist: 1.9204648504417452 vs. 1.9204648504417452
list:
dist: 2.777356757895593 vs. 2.777356757895593
list:
dist: 1.0297453391292894 vs. 1.0297453391292894
list:
dist: 1.098628396422018 vs. 1.098628396422018
list:
dist: 1.886868936060188 vs. 1.886868936060188
list:
dist: 1.6378845160396018 vs. 1.6378845160396018
list:
dist: 1.5987373386295094 vs. 1.5987373386295094
list:
dist: 2.4593393099134717 vs. 2.4593393099134717
list:
dist: 1.437136247597826 vs. 1.437136247597826
list:
dist: 1.6885584421130118 vs. 1.6885584421130118
list:
dist: 2.8961560847389283 vs. 2.8961560847389283
list:
dist: 2.820021126585579 vs. 2.820021126585579
list:
dist: 2.558740349725852 vs. 2.558740349725852
list:
dist: 0.9166063235817395 vs. 0.9166063235817395
list:
dist: 2.1322442715091463 vs. 2.1322442715091463
list:
dist: 3.6267556971336337 vs. 3.6267556971336337
list:
dist: 2.3869337284259142 vs. 2.3869337284259142
list:
dist: 2.787546822051988 vs. 2.787546822051988
list:
dist: 1.8725433511438676 vs. 1.8725433511438676
list:
dist: 3.034300543500084 vs. 3.034300543500084
list:
dist: 3.9010185346382995 vs. 3.9010185346382995
list:
dist: 2.9854046778497536 vs. 2.9854046778497536
list:
dist: 1.2476175896482353 vs. 1.2476175896482353
list:
dist: 0.804812819347666 vs. 0.804812819347666
list:
dist: 2.1513285749045257 vs. 2.1513285749045257
list:
dist: 1.1479733317209813 vs. 1.1479733317209813
list:
dist: 1.5724492368355587 vs. 1.5724492368355587
list:
dist: 1.9390742453808578 vs. 1.9390742453808578
list:
dist: 2.156728282429998 vs. 2.156728282429998
list:
dist: 3.00230787175353 vs. 3.00230787175353
list:
dist: 2.1892937423615653 vs. 2.1892937423615653
list:
dist: 2.6018138072115358 vs. 2.6018138072115358
list:
dist: 1.6378845160396018 vs. 1.6378845160396018
list:
dist: 2.296250873648686 vs. 2.296250873648686
list:
dist: 2.9794162728869686 vs. 2.9794162728869686
list:
dist: 3.279541379344105 vs. 3.279541379344105
list:
dist: 1.3601316292985932 vs. 1.3601316292985932
list:
dist: 1.5310669561964039 vs. 1.5310669561964039
list:
dist: 1.1337391924018883 vs. 1.1337391924018883
list:
dist: 1.5746643531406068 vs. 1.5746643531406068
list:
dist: 2.340245299399762 vs. 2.340245299399762
list:
dist: 1.4554309948462174 vs. 1.4554309948462174
list:
dist: 1.7206967464205356 vs. 1.7206967464205356
list:
dist: 1.4811886314785572 vs. 1.4811886314785572
list:
dist: 1.5061094212828416 vs. 1.5061094212828416
list:
dist: 1.5724492368355587 vs. 1.5724492368355587
list:
dist: 1.1141467824652609 vs. 1.1141467824652609
list:
dist: 1.8136627425456153 vs. 1.8136627425456153
list:
dist: 1.9108541694587484 vs. 1.9108541694587484
list:
dist: 2.435409949314001 vs. 2.435409949314001
list:
dist: 1.057247146147176 vs. 1.057247146147176
list:
dist: 1.629823066727577 vs. 1.629823066727577
list:
dist: 2.4593393099134717 vs. 2.4593393099134717
list:
dist: 3.1054889326351067 vs. 3.1054889326351067
list:
dist: 3.1693384468164223 vs. 3.1693384468164223
list:
dist: 4.078080350618229 vs. 4.078080350618229
list:
dist: 2.379624831804741 vs. 2.379624831804741
list:
dist: 2.607310485730285 vs. 2.607310485730285
list:
dist: 2.0468608170333598 vs. 2.0468608170333598
list:
dist: 2.6628799167694637 vs. 2.6628799167694637
list:
dist: 3.2224200116296604 vs. 3.2224200116296604
list:
dist: 2.434035612516436 vs. 2.434035612516436
list:
dist: 1.3226804501377276 vs. 1.3226804501377276
list:
dist: 0.9569931165834501 vs. 0.9569931165834501
list:
dist: 1.5096057068197812 vs. 1.5096057068197812
list:
dist: 1.1479733317209813 vs. 1.1479733317209813
list:
dist: 1.1141467824652609 vs. 1.1141467824652609
list:
dist: 0.9596484009925105 vs. 0.9596484009925105
list:
dist: 1.1112891710652988 vs. 1.1112891710652988
list:
dist: 1.903941516604874 vs. 1.903941516604874
list:
dist: 1.276924303776304 vs. 1.276924303776304
list:
dist: 1.4869192133983897 vs. 1.4869192133983897
list:
dist: 1.5987373386295094 vs. 1.5987373386295094
list:
dist: 2.0733781370011033 vs. 2.0733781370011033
list:
dist: 2.1753083780527054 vs. 2.1753083780527054
list:
dist: 1.1565646374315415 vs. 1.1565646374315415
list:
dist: 2.9659512403539754 vs. 2.9659512403539754
list:
dist: 1.140789057370445 vs. 1.140789057370445
list:
dist: 0.6925461031196187 vs. 0.6925461031196187
list:
dist: 1.481068675141566 vs. 1.481068675141566
list:
dist: 1.2598041580915522 vs. 1.2598041580915522
list:
dist: 0.665185895422786 vs. 0.665185895422786
list:
dist: 3.071206891687771 vs. 3.071206891687771
list:
dist: 2.9577593863232097 vs. 2.9577593863232097
list:
dist: 2.4719350821911474 vs. 2.4719350821911474
list:
dist: 3.034300543500084 vs. 3.034300543500084
list:
dist: 2.6628799167694637 vs. 2.6628799167694637
list:
dist: 1.5746643531406068 vs. 1.5746643531406068
list:
dist: 3.1847959749726438 vs. 3.1847959749726438
list:
dist: 3.215991826752173 vs. 3.215991826752173
list:
dist: 3.4129525486617145 vs. 3.4129525486617145
list:
dist: 1.95380609453826 vs. 1.95380609453826
list:
dist: 2.489790560157639 vs. 2.489790560157639
list:
dist: 2.9947793968569436 vs. 2.9947793968569436
list:
dist: 3.301003396149507 vs. 3.301003396149507
list:
dist: 2.8824153690004732 vs. 2.8824153690004732
list:
dist: 3.1847959749726438 vs. 3.1847959749726438
list:
dist: 3.41195144824363 vs. 3.41195144824363
list:
dist: 2.778010144153451 vs. 2.778010144153451
list:
dist: 3.028763572617943 vs. 3.028763572617943
list:
dist: 1.5463426890463996 vs. 1.5463426890463996
list:
dist: 1.4335589297161622 vs. 1.4335589297161622
list:
dist: 1.3593556511150706 vs. 1.3593556511150706
list:
dist: 1.9390742453808578 vs. 1.9390742453808578
list:
dist: 0.9596484009925105 vs. 0.9596484009925105
list:
dist: 1.8136627425456153 vs. 1.8136627425456153
list:
dist: 0.2736912164472972 vs. 0.2736912164472972
list:
dist: 1.5306305969459666 vs. 1.5306305969459666
list:
dist: 1.685041412913841 vs. 1.685041412913841
list:
dist: 1.192017211935667 vs. 1.192017211935667
list:
dist: 2.5162295704944246 vs. 2.5162295704944246
list:
dist: 2.588343168260293 vs. 2.588343168260293
list:
dist: 2.7982404609008165 vs. 2.7982404609008165
list:
dist: 2.9765493927155093 vs. 2.9765493927155093
list:
dist: 1.437136247597826 vs. 1.437136247597826
list:
dist: 1.6450483583361952 vs. 1.6450483583361952
list:
dist: 1.4622378168301926 vs. 1.4622378168301926
list:
dist: 2.273087171893964 vs. 2.273087171893964
list:
dist: 3.0764057115695906 vs. 3.0764057115695906
list:
dist: 3.318942542864493 vs. 3.318942542864493
list:
dist: 1.3145439081451609 vs. 1.3145439081451609
list:
dist: 2.9765493927155093 vs. 2.9765493927155093
list:
dist: 2.7305481687846918 vs. 2.7305481687846918
list:
dist: 1.9811106453580833 vs. 1.9811106453580833
list:
dist: 2.7507980954901385 vs. 2.7507980954901385
list:
dist: 2.0550903018341935 vs. 2.0550903018341935
list:
dist: 1.3827979427281714 vs. 1.3827979427281714
list:
dist: 0.9286039378824046 vs. 0.9286039378824046
list:
dist: 1.1870579233503311 vs. 1.1870579233503311
list:
dist: 3.146570813275301 vs. 3.146570813275301
list:
dist: 2.231953997058025 vs. 2.231953997058025
list:
dist: 3.7071325202648935 vs. 3.7071325202648935
list:
dist: 3.5390891207436703 vs. 3.5390891207436703
list:
dist: 3.4837870720783704 vs. 3.4837870720783704
list:
dist: 3.4129525486617145 vs. 3.4129525486617145
list:
dist: 3.3652345323624666 vs. 3.3652345323624666
list:
dist: 3.0509689838086613 vs. 3.0509689838086613
list:
dist: 2.445719657254089 vs. 2.445719657254089
list:
dist: 2.9950493774054516 vs. 2.9950493774054516
list:
dist: 2.7728540100374324 vs. 2.7728540100374324
list:
dist: 2.5009735404892797 vs. 2.5009735404892797
list:
dist: 3.00230787175353 vs. 3.00230787175353
list:
dist: 1.903941516604874 vs. 1.903941516604874
list:
dist: 2.435409949314001 vs. 2.435409949314001
list:
dist: 1.5306305969459666 vs. 1.5306305969459666
list:
dist: 1.2788674004914686 vs. 1.2788674004914686
list:
dist: 1.5686748885347033 vs. 1.5686748885347033
list:
dist: 1.1948464586247531 vs. 1.1948464586247531
list:
dist: 1.9847293963181578 vs. 1.9847293963181578
list:
dist: 1.3808437827818756 vs. 1.3808437827818756
list:
dist: 1.7608779413777826 vs. 1.7608779413777826
list:
dist: 1.9811106453580833 vs. 1.9811106453580833
list:
dist: 2.8961560847389283 vs. 2.8961560847389283
list:
dist: 2.8173285091760154 vs. 2.8173285091760154
list:
dist: 1.6335042597741416 vs. 1.6335042597741416
list:
dist: 1.988623055456338 vs. 1.988623055456338
list:
dist: 2.7161978604875947 vs. 2.7161978604875947
list:
dist: 2.757582135918595 vs. 2.757582135918595
list:
dist: 2.739195248481357 vs. 2.739195248481357
list:
dist: 2.489790560157639 vs. 2.489790560157639
list:
dist: 2.4136886504413266 vs. 2.4136886504413266
list:
dist: 2.0116529457592383 vs. 2.0116529457592383
list:
dist: 1.8781465934960746 vs. 1.8781465934960746
list:
dist: 2.2998723077950065 vs. 2.2998723077950065
list:
dist: 2.1909831728961113 vs. 2.1909831728961113
list:
dist: 1.4619232668626307 vs. 1.4619232668626307
list:
dist: 2.6018138072115358 vs. 2.6018138072115358
list:
dist: 1.4869192133983897 vs. 1.4869192133983897
list:
dist: 1.629823066727577 vs. 1.629823066727577
list:
dist: 1.192017211935667 vs. 1.192017211935667
list:
dist: 1.0419018681423124 vs. 1.0419018681423124
list:
dist: 1.1948464586247531 vs. 1.1948464586247531
list:
dist: 1.0851946349653838 vs. 1.0851946349653838
list:
dist: 2.121057671159114 vs. 2.121057671159114
list:
dist: 1.6066203829122832 vs. 1.6066203829122832
list:
dist: 2.3157336900198944 vs. 2.3157336900198944
list:
dist: 2.0550903018341935 vs. 2.0550903018341935
list:
dist: 2.558740349725852 vs. 2.558740349725852
list:
dist: 2.8278471719749834 vs. 2.8278471719749834
list:
dist: 2.200459521276848 vs. 2.200459521276848
list:
dist: 2.3579207512837193 vs. 2.3579207512837193
list:
dist: 2.777356757895593 vs. 2.777356757895593
list:
dist: 2.645904153122671 vs. 2.645904153122671
list:
dist: 2.7489467829289618 vs. 2.7489467829289618
list:
dist: 2.9794162728869686 vs. 2.9794162728869686
list:
dist: 2.1753083780527054 vs. 2.1753083780527054
list:
dist: 3.1693384468164223 vs. 3.1693384468164223
list:
dist: 1.4622378168301926 vs. 1.4622378168301926
list:
dist: 1.3489365697863611 vs. 1.3489365697863611
list:
dist: 1.6335042597741416 vs. 1.6335042597741416
list:
dist: 2.7334106788426014 vs. 2.7334106788426014
list:
dist: 2.200459521276848 vs. 2.200459521276848
list:
dist: 2.342352468032064 vs. 2.342352468032064
list:
dist: 2.879090226827178 vs. 2.879090226827178
list:
dist: 2.41247347414832 vs. 2.41247347414832
list:
dist: 3.146570813275301 vs. 3.146570813275301
list:
dist: 2.1322442715091463 vs. 2.1322442715091463
list:
dist: 1.5839330031542629 vs. 1.5839330031542629
list:
dist: 1.6307179378838375 vs. 1.6307179378838375
list:
dist: 3.580263090890799 vs. 3.580263090890799
list:
dist: 2.2976570202413713 vs. 2.2976570202413713
list:
dist: 2.8958310860248337 vs. 2.8958310860248337
list:
dist: 2.0992494621031885 vs. 2.0992494621031885
list:
dist: 2.9577593863232097 vs. 2.9577593863232097
list:
dist: 3.628860345645456 vs. 3.628860345645456
list:
dist: 2.742832896539334 vs. 2.742832896539334
list:
dist: 0.4883159345446662 vs. 0.4883159345446662
list:
dist: 1.4544448692486862 vs. 1.4544448692486862
list:
dist: 0.804812819347666 vs. 0.804812819347666
list:
dist: 0.9569931165834501 vs. 0.9569931165834501
list:
dist: 1.4811886314785572 vs. 1.4811886314785572
list:
dist: 1.4335589297161622 vs. 1.4335589297161622
list:
dist: 1.690340462519762 vs. 1.690340462519762
list:
dist: 2.7728540100374324 vs. 2.7728540100374324
list:
dist: 2.1143733384849264 vs. 2.1143733384849264
list:
dist: 2.1909831728961113 vs. 2.1909831728961113
list:
dist: 1.098628396422018 vs. 1.098628396422018
list:
dist: 1.9059593440418137 vs. 1.9059593440418137
list:
dist: 2.645904153122671 vs. 2.645904153122671
list:
dist: 1.9204648504417452 vs. 1.9204648504417452
list:
dist: 1.9059593440418137 vs. 1.9059593440418137
list:
dist: 2.52864355233852 vs. 2.52864355233852
list:
dist: 2.296250873648686 vs. 2.296250873648686
list:
dist: 2.0733781370011033 vs. 2.0733781370011033
list:
dist: 3.1054889326351067 vs. 3.1054889326351067
list:
dist: 1.6450483583361952 vs. 1.6450483583361952
list:
dist: 1.8017989013940112 vs. 1.8017989013940112
list:
dist: 2.8173285091760154 vs. 2.8173285091760154
list:
dist: 3.1990159615425013 vs. 3.1990159615425013
list:
dist: 2.8278471719749834 vs. 2.8278471719749834
list:
dist: 0.9166063235817395 vs. 0.9166063235817395
list:
dist: 1.5839330031542629 vs. 1.5839330031542629
list:
dist: 2.7805942127925225 vs. 2.7805942127925225
list:
dist: 2.885207535735562 vs. 2.885207535735562
list:
dist: 1.4061483765036213 vs. 1.4061483765036213
list:
dist: 2.588343168260293 vs. 2.588343168260293
list:
dist: 2.345003859165276 vs. 2.345003859165276
list:
dist: 1.3808437827818756 vs. 1.3808437827818756
list:
dist: 2.0052984035562234 vs. 2.0052984035562234
list:
dist: 1.6066203829122832 vs. 1.6066203829122832
list:
dist: 1.8910999858268231 vs. 1.8910999858268231
list:
dist: 1.5372621113904132 vs. 1.5372621113904132
list:
dist: 0.9286039378824046 vs. 0.9286039378824046
list:
dist: 2.879090226827178 vs. 2.879090226827178
list:
dist: 2.480088890315947 vs. 2.480088890315947
list:
dist: 3.1204133969807875 vs. 3.1204133969807875
list:
dist: 3.353085759715645 vs. 3.353085759715645
list:
dist: 3.0083555292215443 vs. 3.0083555292215443
list:
dist: 3.215991826752173 vs. 3.215991826752173
list:
dist: 3.36671479583216 vs. 3.36671479583216
list:
dist: 2.794096345941502 vs. 2.794096345941502
list:
dist: 2.8553996737838907 vs. 2.8553996737838907
list:
dist: 1.811599331203694 vs. 1.811599331203694
list:
dist: 1.690340462519762 vs. 1.690340462519762
list:
dist: 1.4946509747976222 vs. 1.4946509747976222
list:
dist: 2.156728282429998 vs. 2.156728282429998
list:
dist: 1.1112891710652988 vs. 1.1112891710652988
list:
dist: 1.9108541694587484 vs. 1.9108541694587484
list:
dist: 0.2736912164472972 vs. 0.2736912164472972
list:
dist: 1.2788674004914686 vs. 1.2788674004914686
list:
dist: 1.6275872918011343 vs. 1.6275872918011343
list:
dist: 1.0419018681423124 vs. 1.0419018681423124
list:
dist: 2.2869636079608755 vs. 2.2869636079608755
list:
dist: 2.345003859165276 vs. 2.345003859165276
list:
dist: 2.532748179846717 vs. 2.532748179846717
list:
dist: 2.7305481687846918 vs. 2.7305481687846918
list:
dist: 1.6885584421130118 vs. 1.6885584421130118
list:
dist: 1.8017989013940112 vs. 1.8017989013940112
list:
dist: 1.3489365697863611 vs. 1.3489365697863611
list:
dist: 2.07000776948628 vs. 2.07000776948628
list:
dist: 3.8447629430343935 vs. 3.8447629430343935
list:
dist: 3.8305481579641194 vs. 3.8305481579641194
list:
dist: 2.2954303526382027 vs. 2.2954303526382027
list:
dist: 2.5162295704944246 vs. 2.5162295704944246
list:
dist: 2.2869636079608755 vs. 2.2869636079608755
list:
dist: 1.9847293963181578 vs. 1.9847293963181578
list:
dist: 3.1061394873447643 vs. 3.1061394873447643
list:
dist: 2.121057671159114 vs. 2.121057671159114
list:
dist: 1.8910999858268231 vs. 1.8910999858268231
list:
dist: 0.8913352426453752 vs. 0.8913352426453752
list:
dist: 1.3827979427281714 vs. 1.3827979427281714
list:
dist: 2.342352468032064 vs. 2.342352468032064
list:
dist: 0.9735243648354746 vs. 0.9735243648354746
list:
dist: 2.475714016085945 vs. 2.475714016085945
list:
dist: 1.8253906230722825 vs. 1.8253906230722825
list:
dist: 2.2638216450614324 vs. 2.2638216450614324
list:
dist: 3.028763572617943 vs. 3.028763572617943
list:
dist: 2.8553996737838907 vs. 2.8553996737838907
list:
dist: 2.445719657254089 vs. 2.445719657254089
list:
dist: 2.3836588736199045 vs. 2.3836588736199045
list:
dist: 1.8781465934960746 vs. 1.8781465934960746
list:
dist: 2.2954303526382027 vs. 2.2954303526382027
list:
dist: 1.4061483765036213 vs. 1.4061483765036213
list:
dist: 2.4094546762310824 vs. 2.4094546762310824
list:
dist: 1.3145439081451609 vs. 1.3145439081451609
list:
dist: 2.273087171893964 vs. 2.273087171893964
list:
dist: 2.07000776948628 vs. 2.07000776948628
list:
dist: 1.988623055456338 vs. 1.988623055456338
list:
dist: 3.290356864788242 vs. 3.290356864788242
list:
dist: 2.3579207512837193 vs. 2.3579207512837193
list:
dist: 0.9735243648354746 vs. 0.9735243648354746
list:
dist: 2.480088890315947 vs. 2.480088890315947
list:
dist: 1.343211106872464 vs. 1.343211106872464
list:
dist: 2.231953997058025 vs. 2.231953997058025
list:
dist: 1.6307179378838375 vs. 1.6307179378838375
list:
dist: 4.041286491087222 vs. 4.041286491087222
list:
dist: 4.069944498255796 vs. 4.069944498255796
list:
dist: 2.4094546762310824 vs. 2.4094546762310824
list:
dist: 2.7982404609008165 vs. 2.7982404609008165
list:
dist: 2.532748179846717 vs. 2.532748179846717
list:
dist: 1.7608779413777826 vs. 1.7608779413777826
list:
dist: 3.0926817150790615 vs. 3.0926817150790615
list:
dist: 2.3157336900198944 vs. 2.3157336900198944
list:
dist: 0.8913352426453752 vs. 0.8913352426453752
list:
dist: 1.5372621113904132 vs. 1.5372621113904132
list:
dist: 1.1870579233503311 vs. 1.1870579233503311
list:
dist: 2.41247347414832 vs. 2.41247347414832
list:
dist: 1.343211106872464 vs. 1.343211106872464
list:
dist: 1.0562079182361412 vs. 1.0562079182361412
list:
dist: 1.2339681107587082 vs. 1.2339681107587082
list:
dist: 1.0605298428565764 vs. 1.0605298428565764
list:
dist: 1.1655772667881625 vs. 1.1655772667881625
list:
dist: 1.8439160375470784 vs. 1.8439160375470784
list:
dist: 1.6246425421771582 vs. 1.6246425421771582
list:
dist: 2.645341841748248 vs. 2.645341841748248
list:
dist: 3.257718467484972 vs. 3.257718467484972
list:
dist: 2.7029651573891775 vs. 2.7029651573891775
list:
dist: 2.824640331005634 vs. 2.824640331005634
list:
dist: 4.0143815840684764 vs. 4.0143815840684764
list:
dist: 2.8563282220523294 vs. 2.8563282220523294
list:
dist: 2.27940801560219 vs. 2.27940801560219
list:
dist: 1.2339681107587082 vs. 1.2339681107587082
list:
dist: 1.6452976884102195 vs. 1.6452976884102195
list:
dist: 1.5818096474088919 vs. 1.5818096474088919
list:
dist: 1.4502239072644074 vs. 1.4502239072644074
list:
dist: 2.1110516040561014 vs. 2.1110516040561014
list:
dist: 3.283827619568281 vs. 3.283827619568281
list:
dist: 2.93300558691494 vs. 2.93300558691494
list:
dist: 2.698170930820036 vs. 2.698170930820036
list:
dist: 2.51407356053495 vs. 2.51407356053495
list:
dist: 3.7693185252241737 vs. 3.7693185252241737
list:
dist: 3.1541049503382315 vs. 3.1541049503382315
list:
dist: 1.7682302620590926 vs. 1.7682302620590926
list:
dist: 1.1655772667881625 vs. 1.1655772667881625
list:
dist: 1.5818096474088919 vs. 1.5818096474088919
list:
dist: 0.7876534578322996 vs. 0.7876534578322996
list:
dist: 1.403469109674552 vs. 1.403469109674552
list:
dist: 1.2709343750451876 vs. 1.2709343750451876
list:
dist: 1.958251499226201 vs. 1.958251499226201
list:
dist: 2.856241268168884 vs. 2.856241268168884
list:
dist: 2.0644153481688283 vs. 2.0644153481688283
list:
dist: 1.8955955628977963 vs. 1.8955955628977963
list:
dist: 3.034204380156908 vs. 3.034204380156908
list:
dist: 1.8318237519288556 vs. 1.8318237519288556
list:
dist: 3.257718467484972 vs. 3.257718467484972
list:
dist: 2.93300558691494 vs. 2.93300558691494
list:
dist: 2.443262390325561 vs. 2.443262390325561
list:
dist: 2.856241268168884 vs. 2.856241268168884
list:
dist: 1.6234497677017783 vs. 1.6234497677017783
list:
dist: 2.065087272770586 vs. 2.065087272770586
list:
dist: 2.7006369173093416 vs. 2.7006369173093416
list:
dist: 1.0899632766124046 vs. 1.0899632766124046
list:
dist: 1.7805600255116678 vs. 1.7805600255116678
list:
dist: 2.1334687813704165 vs. 2.1334687813704165
list:
dist: 2.50674881588986 vs. 2.50674881588986
list:
dist: 1.6866737979571622 vs. 1.6866737979571622
list:
dist: 2.423287715155339 vs. 2.423287715155339
list:
dist: 2.9364681470467673 vs. 2.9364681470467673
list:
dist: 4.080608879996857 vs. 4.080608879996857
list:
dist: 3.9651416203823624 vs. 3.9651416203823624
list:
dist: 2.8555843092871673 vs. 2.8555843092871673
list:
dist: 3.007806425944005 vs. 3.007806425944005
list:
dist: 3.9585529495203824 vs. 3.9585529495203824
list:
dist: 3.33635625615823 vs. 3.33635625615823
list:
dist: 2.824640331005634 vs. 2.824640331005634
list:
dist: 2.51407356053495 vs. 2.51407356053495
list:
dist: 2.0189377585485584 vs. 2.0189377585485584
list:
dist: 1.8955955628977963 vs. 1.8955955628977963
list:
dist: 1.2678302416606693 vs. 1.2678302416606693
list:
dist: 1.9116185550131075 vs. 1.9116185550131075
list:
dist: 2.249709188348796 vs. 2.249709188348796
list:
dist: 1.7805600255116678 vs. 1.7805600255116678
list:
dist: 1.2316421634422325 vs. 1.2316421634422325
list:
dist: 1.2653866543647776 vs. 1.2653866543647776
list:
dist: 1.44431348784269 vs. 1.44431348784269
list:
dist: 1.9396557722999583 vs. 1.9396557722999583
list:
dist: 1.6985907526975321 vs. 1.6985907526975321
list:
dist: 2.716938041548113 vs. 2.716938041548113
list:
dist: 3.678418859157255 vs. 3.678418859157255
list:
dist: 3.076885159873448 vs. 3.076885159873448
list:
dist: 3.5506971869738293 vs. 3.5506971869738293
list:
dist: 2.987015596579792 vs. 2.987015596579792
list:
dist: 2.0638507204025083 vs. 2.0638507204025083
list:
dist: 2.66274441215446 vs. 2.66274441215446
list:
dist: 3.3120606276913462 vs. 3.3120606276913462
list:
dist: 2.484025644439944 vs. 2.484025644439944
list:
dist: 1.8439160375470784 vs. 1.8439160375470784
list:
dist: 1.4502239072644074 vs. 1.4502239072644074
list:
dist: 1.2308382981062054 vs. 1.2308382981062054
list:
dist: 1.403469109674552 vs. 1.403469109674552
list:
dist: 1.2854848183871408 vs. 1.2854848183871408
list:
dist: 2.3284877527147403 vs. 2.3284877527147403
list:
dist: 1.6234497677017783 vs. 1.6234497677017783
list:
dist: 1.292981792609022 vs. 1.292981792609022
list:
dist: 1.2678302416606693 vs. 1.2678302416606693
list:
dist: 2.4375061569921326 vs. 2.4375061569921326
list:
dist: 2.0512652547721846 vs. 2.0512652547721846
list:
dist: 2.734466074769523 vs. 2.734466074769523
list:
dist: 2.8155075118735695 vs. 2.8155075118735695
list:
dist: 1.858430035508457 vs. 1.858430035508457
list:
dist: 1.6246425421771582 vs. 1.6246425421771582
list:
dist: 2.1110516040561014 vs. 2.1110516040561014
list:
dist: 0.6081543233585289 vs. 0.6081543233585289
list:
dist: 1.2709343750451876 vs. 1.2709343750451876
list:
dist: 1.2854848183871408 vs. 1.2854848183871408
list:
dist: 1.3094482559784089 vs. 1.3094482559784089
list:
dist: 2.065087272770586 vs. 2.065087272770586
list:
dist: 1.261892251118282 vs. 1.261892251118282
list:
dist: 1.9116185550131075 vs. 1.9116185550131075
list:
dist: 2.817683870797717 vs. 2.817683870797717
list:
dist: 1.6538847715155491 vs. 1.6538847715155491
list:
dist: 2.295616794877126 vs. 2.295616794877126
list:
dist: 2.962787821147281 vs. 2.962787821147281
list:
dist: 2.6057846131236273 vs. 2.6057846131236273
list:
dist: 3.3582998103461166 vs. 3.3582998103461166
list:
dist: 3.14981532736594 vs. 3.14981532736594
list:
dist: 3.8302072417549535 vs. 3.8302072417549535
list:
dist: 2.877122050456104 vs. 2.877122050456104
list:
dist: 1.4922032114460475 vs. 1.4922032114460475
list:
dist: 1.0605298428565764 vs. 1.0605298428565764
list:
dist: 1.6452976884102195 vs. 1.6452976884102195
list:
dist: 0.7876534578322996 vs. 0.7876534578322996
list:
dist: 1.2308382981062054 vs. 1.2308382981062054
list:
dist: 0.6081543233585289 vs. 0.6081543233585289
list:
dist: 1.6903680845831563 vs. 1.6903680845831563
list:
dist: 2.443262390325561 vs. 2.443262390325561
list:
dist: 1.7074793377313555 vs. 1.7074793377313555
list:
dist: 2.0189377585485584 vs. 2.0189377585485584
list:
dist: 3.0945092085281716 vs. 3.0945092085281716
list:
dist: 1.8964058863758895 vs. 1.8964058863758895
list:
dist: 2.7029651573891775 vs. 2.7029651573891775
list:
dist: 2.698170930820036 vs. 2.698170930820036
list:
dist: 1.7074793377313555 vs. 1.7074793377313555
list:
dist: 2.0644153481688283 vs. 2.0644153481688283
list:
dist: 1.292981792609022 vs. 1.292981792609022
list:
dist: 1.261892251118282 vs. 1.261892251118282
list:
dist: 1.6563088003955648 vs. 1.6563088003955648
list:
dist: 1.0899632766124046 vs. 1.0899632766124046
list:
dist: 1.2316421634422325 vs. 1.2316421634422325
list:
dist: 1.7656778641859217 vs. 1.7656778641859217
list:
dist: 1.4551529418911235 vs. 1.4551529418911235
list:
dist: 1.8280356439871124 vs. 1.8280356439871124
list:
dist: 2.3748415391732833 vs. 2.3748415391732833
list:
dist: 2.051411629640621 vs. 2.051411629640621
list:
dist: 3.1229670047046483 vs. 3.1229670047046483
list:
dist: 2.890690472418938 vs. 2.890690472418938
list:
dist: 2.380713798328149 vs. 2.380713798328149
list:
dist: 2.3661038445580758 vs. 2.3661038445580758
list:
dist: 3.220226805668453 vs. 3.220226805668453
list:
dist: 2.4319753178441084 vs. 2.4319753178441084
list:
dist: 2.6057846131236273 vs. 2.6057846131236273
list:
dist: 1.4168147434484317 vs. 1.4168147434484317
list:
dist: 3.9651416203823624 vs. 3.9651416203823624
list:
dist: 2.890690472418938 vs. 2.890690472418938
list:
dist: 3.076885159873448 vs. 3.076885159873448
list:
dist: 3.2378573980549166 vs. 3.2378573980549166
list:
dist: 1.646708708889271 vs. 1.646708708889271
list:
dist: 2.5075896619621623 vs. 2.5075896619621623
list:
dist: 1.6022409415477417 vs. 1.6022409415477417
list:
dist: 1.1980897536812738 vs. 1.1980897536812738
list:
dist: 1.8395637769521413 vs. 1.8395637769521413
list:
dist: 0.7534740107613168 vs. 0.7534740107613168
list:
dist: 3.0830222818637822 vs. 3.0830222818637822
list:
dist: 2.4500353503902725 vs. 2.4500353503902725
list:
dist: 2.3771463532173 vs. 2.3771463532173
list:
dist: 1.5726871291742328 vs. 1.5726871291742328
list:
dist: 2.556100339181357 vs. 2.556100339181357
list:
dist: 3.204238860779979 vs. 3.204238860779979
list:
dist: 2.596506476349049 vs. 2.596506476349049
list:
dist: 2.935733563641559 vs. 2.935733563641559
list:
dist: 1.0562079182361412 vs. 1.0562079182361412
list:
dist: 2.27940801560219 vs. 2.27940801560219
list:
dist: 1.4922032114460475 vs. 1.4922032114460475
list:
dist: 1.7682302620590926 vs. 1.7682302620590926
list:
dist: 1.858430035508457 vs. 1.858430035508457
list:
dist: 2.534371177130082 vs. 2.534371177130082
list:
dist: 3.6319542258810524 vs. 3.6319542258810524
list:
dist: 3.767777773862877 vs. 3.767777773862877
list:
dist: 2.6330975184039103 vs. 2.6330975184039103
list:
dist: 2.5075896619621623 vs. 2.5075896619621623
list:
dist: 3.3964969995400285 vs. 3.3964969995400285
list:
dist: 2.797548153744933 vs. 2.797548153744933
list:
dist: 3.4368507118260943 vs. 3.4368507118260943
list:
dist: 2.8563282220523294 vs. 2.8563282220523294
list:
dist: 3.1541049503382315 vs. 3.1541049503382315
list:
dist: 1.8964058863758895 vs. 1.8964058863758895
list:
dist: 1.8318237519288556 vs. 1.8318237519288556
list:
dist: 2.0512652547721846 vs. 2.0512652547721846
list:
dist: 1.6538847715155491 vs. 1.6538847715155491
list:
dist: 1.0758317710182135 vs. 1.0758317710182135
list:
dist: 2.50674881588986 vs. 2.50674881588986
list:
dist: 1.4551529418911235 vs. 1.4551529418911235
list:
dist: 1.44431348784269 vs. 1.44431348784269
list:
dist: 1.7832496592446188 vs. 1.7832496592446188
list:
dist: 2.4820443936863494 vs. 2.4820443936863494
list:
dist: 2.5723926214794344 vs. 2.5723926214794344
list:
dist: 1.544470899890694 vs. 1.544470899890694
list:
dist: 2.2863227172183875 vs. 2.2863227172183875
list:
dist: 1.646708708889271 vs. 1.646708708889271
list:
dist: 2.438201188713264 vs. 2.438201188713264
list:
dist: 1.6686910891325184 vs. 1.6686910891325184
list:
dist: 2.012204332150813 vs. 2.012204332150813
list:
dist: 1.9310634974070042 vs. 1.9310634974070042
list:
dist: 2.389063908693219 vs. 2.389063908693219
list:
dist: 1.3683121399294713 vs. 1.3683121399294713
list:
dist: 2.734466074769523 vs. 2.734466074769523
list:
dist: 1.6866737979571622 vs. 1.6866737979571622
list:
dist: 1.8280356439871124 vs. 1.8280356439871124
list:
dist: 1.9396557722999583 vs. 1.9396557722999583
list:
dist: 1.1313986547310713 vs. 1.1313986547310713
list:
dist: 2.4820443936863494 vs. 2.4820443936863494
list:
dist: 1.2986164081733687 vs. 1.2986164081733687
list:
dist: 1.5372152675042994 vs. 1.5372152675042994
list:
dist: 2.0443523477547862 vs. 2.0443523477547862
list:
dist: 2.9139025595101344 vs. 2.9139025595101344
list:
dist: 2.650457387192749 vs. 2.650457387192749
list:
dist: 2.8155075118735695 vs. 2.8155075118735695
list:
dist: 2.423287715155339 vs. 2.423287715155339
list:
dist: 2.3748415391732833 vs. 2.3748415391732833
list:
dist: 1.6985907526975321 vs. 1.6985907526975321
list:
dist: 0.8392212118682115 vs. 0.8392212118682115
list:
dist: 2.5723926214794344 vs. 2.5723926214794344
list:
dist: 1.2986164081733687 vs. 1.2986164081733687
list:
dist: 1.3986461960347232 vs. 1.3986461960347232
list:
dist: 2.584715996349968 vs. 2.584715996349968
list:
dist: 3.160120869865537 vs. 3.160120869865537
list:
dist: 2.8188011248095832 vs. 2.8188011248095832
list:
dist: 2.87811514226931 vs. 2.87811514226931
list:
dist: 3.5506971869738293 vs. 3.5506971869738293
list:
dist: 3.1491406956874215 vs. 3.1491406956874215
list:
dist: 2.438201188713264 vs. 2.438201188713264
list:
dist: 3.3964969995400285 vs. 3.3964969995400285
list:
dist: 2.5097369657374324 vs. 2.5097369657374324
list:
dist: 2.379177927888282 vs. 2.379177927888282
list:
dist: 1.8395637769521413 vs. 1.8395637769521413
list:
dist: 1.2616839448091777 vs. 1.2616839448091777
list:
dist: 2.5787649972342095 vs. 2.5787649972342095
list:
dist: 2.2938920879297924 vs. 2.2938920879297924
list:
dist: 1.573864497844838 vs. 1.573864497844838
list:
dist: 1.4462609930314438 vs. 1.4462609930314438
list:
dist: 1.6919828199715943 vs. 1.6919828199715943
list:
dist: 2.2395161060545203 vs. 2.2395161060545203
list:
dist: 2.344796365286557 vs. 2.344796365286557
list:
dist: 1.672085151948881 vs. 1.672085151948881
list:
dist: 3.3582998103461166 vs. 3.3582998103461166
list:
dist: 2.848324982372493 vs. 2.848324982372493
list:
dist: 2.8555843092871673 vs. 2.8555843092871673
list:
dist: 2.380713798328149 vs. 2.380713798328149
list:
dist: 2.0638507204025083 vs. 2.0638507204025083
list:
dist: 0.912843089166351 vs. 0.912843089166351
list:
dist: 2.012204332150813 vs. 2.012204332150813
list:
dist: 1.5372152675042994 vs. 1.5372152675042994
list:
dist: 1.3986461960347232 vs. 1.3986461960347232
list:
dist: 2.4267320559099734 vs. 2.4267320559099734
list:
dist: 3.379192643178205 vs. 3.379192643178205
list:
dist: 3.0830222818637822 vs. 3.0830222818637822
list:
dist: 2.5787649972342095 vs. 2.5787649972342095
list:
dist: 2.8029836707726927 vs. 2.8029836707726927
list:
dist: 1.3507148045768629 vs. 1.3507148045768629
list:
dist: 1.7664897665613715 vs. 1.7664897665613715
list:
dist: 1.6119481141348815 vs. 1.6119481141348815
list:
dist: 3.378729618226939 vs. 3.378729618226939
list:
dist: 1.975479130972791 vs. 1.975479130972791
list:
dist: 2.4140637610658633 vs. 2.4140637610658633
list:
dist: 1.8666623368322093 vs. 1.8666623368322093
list:
dist: 2.534371177130082 vs. 2.534371177130082
list:
dist: 2.645341841748248 vs. 2.645341841748248
list:
dist: 3.283827619568281 vs. 3.283827619568281
list:
dist: 1.6903680845831563 vs. 1.6903680845831563
list:
dist: 1.958251499226201 vs. 1.958251499226201
list:
dist: 2.3284877527147403 vs. 2.3284877527147403
list:
dist: 1.3094482559784089 vs. 1.3094482559784089
list:
dist: 2.7006369173093416 vs. 2.7006369173093416
list:
dist: 1.6563088003955648 vs. 1.6563088003955648
list:
dist: 2.249709188348796 vs. 2.249709188348796
list:
dist: 2.6696390920670194 vs. 2.6696390920670194
list:
dist: 1.0758317710182135 vs. 1.0758317710182135
list:
dist: 3.6319542258810524 vs. 3.6319542258810524
list:
dist: 1.1677458041423467 vs. 1.1677458041423467
list:
dist: 1.6862116611367004 vs. 1.6862116611367004
list:
dist: 1.4168147434484317 vs. 1.4168147434484317
list:
dist: 2.87811514226931 vs. 2.87811514226931
list:
dist: 1.8973778195075943 vs. 1.8973778195075943
list:
dist: 2.848324982372493 vs. 2.848324982372493
list:
dist: 2.2717422260661326 vs. 2.2717422260661326
list:
dist: 2.761561223742606 vs. 2.761561223742606
list:
dist: 1.8323482645254647 vs. 1.8323482645254647
list:
dist: 2.962787821147281 vs. 2.962787821147281
list:
dist: 1.6862116611367004 vs. 1.6862116611367004
list:
dist: 4.080608879996857 vs. 4.080608879996857
list:
dist: 3.1229670047046483 vs. 3.1229670047046483
list:
dist: 3.678418859157255 vs. 3.678418859157255
list:
dist: 3.6398292815611066 vs. 3.6398292815611066
list:
dist: 2.2863227172183875 vs. 2.2863227172183875
list:
dist: 2.6330975184039103 vs. 2.6330975184039103
list:
dist: 1.228053920528086 vs. 1.228053920528086
list:
dist: 1.1980897536812738 vs. 1.1980897536812738
list:
dist: 2.379177927888282 vs. 2.379177927888282
list:
dist: 1.7955837965021675 vs. 1.7955837965021675
list:
dist: 3.379192643178205 vs. 3.379192643178205
list:
dist: 2.303519858509751 vs. 2.303519858509751
list:
dist: 2.2978436134968256 vs. 2.2978436134968256
list:
dist: 1.8623129927739406 vs. 1.8623129927739406
list:
dist: 2.238500980580728 vs. 2.238500980580728
list:
dist: 2.9933238898639223 vs. 2.9933238898639223
list:
dist: 2.018947777940697 vs. 2.018947777940697
list:
dist: 2.965752518316407 vs. 2.965752518316407
list:
dist: 3.8302072417549535 vs. 3.8302072417549535
list:
dist: 2.761561223742606 vs. 2.761561223742606
list:
dist: 3.9585529495203824 vs. 3.9585529495203824
list:
dist: 3.220226805668453 vs. 3.220226805668453
list:
dist: 3.3120606276913462 vs. 3.3120606276913462
list:
dist: 2.523124727111867 vs. 2.523124727111867
list:
dist: 2.389063908693219 vs. 2.389063908693219
list:
dist: 2.9139025595101344 vs. 2.9139025595101344
list:
dist: 3.160120869865537 vs. 3.160120869865537
list:
dist: 1.8811372194520803 vs. 1.8811372194520803
list:
dist: 2.2978436134968256 vs. 2.2978436134968256
list:
dist: 2.3771463532173 vs. 2.3771463532173
list:
dist: 1.573864497844838 vs. 1.573864497844838
list:
dist: 2.179563372523542 vs. 2.179563372523542
list:
dist: 1.7664897665613715 vs. 1.7664897665613715
list:
dist: 1.0044610209636888 vs. 1.0044610209636888
list:
dist: 1.0518780117955997 vs. 1.0518780117955997
list:
dist: 1.6445208173187533 vs. 1.6445208173187533
list:
dist: 0.835551429019506 vs. 0.835551429019506
list:
dist: 1.0191597381596593 vs. 1.0191597381596593
list:
dist: 0.7268508686655908 vs. 0.7268508686655908
list:
dist: 2.5215689590588086 vs. 2.5215689590588086
list:
dist: 2.9933238898639223 vs. 2.9933238898639223
list:
dist: 3.204238860779979 vs. 3.204238860779979
list:
dist: 2.2395161060545203 vs. 2.2395161060545203
list:
dist: 3.0039879988599894 vs. 3.0039879988599894
list:
dist: 1.975479130972791 vs. 1.975479130972791
list:
dist: 1.3847845119970144 vs. 1.3847845119970144
list:
dist: 0.835551429019506 vs. 0.835551429019506
list:
dist: 1.8405388626294321 vs. 1.8405388626294321
list:
dist: 1.9516462738214941 vs. 1.9516462738214941
list:
dist: 1.2040232902063066 vs. 1.2040232902063066
list:
dist: 0.6946513892180483 vs. 0.6946513892180483
list:
dist: 4.0143815840684764 vs. 4.0143815840684764
list:
dist: 3.7693185252241737 vs. 3.7693185252241737
list:
dist: 3.0945092085281716 vs. 3.0945092085281716
list:
dist: 3.034204380156908 vs. 3.034204380156908
list:
dist: 2.4375061569921326 vs. 2.4375061569921326
list:
dist: 2.817683870797717 vs. 2.817683870797717
list:
dist: 2.6696390920670194 vs. 2.6696390920670194
list:
dist: 2.1334687813704165 vs. 2.1334687813704165
list:
dist: 1.7656778641859217 vs. 1.7656778641859217
list:
dist: 1.2653866543647776 vs. 1.2653866543647776
list:
dist: 1.7832496592446188 vs. 1.7832496592446188
list:
dist: 1.1313986547310713 vs. 1.1313986547310713
list:
dist: 0.8392212118682115 vs. 0.8392212118682115
list:
dist: 2.5757838241220625 vs. 2.5757838241220625
list:
dist: 3.6398292815611066 vs. 3.6398292815611066
list:
dist: 3.2378573980549166 vs. 3.2378573980549166
list:
dist: 3.1491406956874215 vs. 3.1491406956874215
list:
dist: 3.037674915947551 vs. 3.037674915947551
list:
dist: 0.912843089166351 vs. 0.912843089166351
list:
dist: 1.8863628913056685 vs. 1.8863628913056685
list:
dist: 2.523124727111867 vs. 2.523124727111867
list:
dist: 2.0442348826645524 vs. 2.0442348826645524
list:
dist: 1.8973778195075943 vs. 1.8973778195075943
list:
dist: 2.987015596579792 vs. 2.987015596579792
list:
dist: 3.037674915947551 vs. 3.037674915947551
list:
dist: 1.6686910891325184 vs. 1.6686910891325184
list:
dist: 2.797548153744933 vs. 2.797548153744933
list:
dist: 2.003007026943341 vs. 2.003007026943341
list:
dist: 1.7955837965021675 vs. 1.7955837965021675
list:
dist: 0.7534740107613168 vs. 0.7534740107613168
list:
dist: 1.2616839448091777 vs. 1.2616839448091777
list:
dist: 2.8029836707726927 vs. 2.8029836707726927
list:
dist: 2.4325576552668857 vs. 2.4325576552668857
list:
dist: 2.179563372523542 vs. 2.179563372523542
list:
dist: 1.403977739598241 vs. 1.403977739598241
list:
dist: 2.4396400262768285 vs. 2.4396400262768285
list:
dist: 3.0039879988599894 vs. 3.0039879988599894
list:
dist: 2.6840798811670172 vs. 2.6840798811670172
list:
dist: 2.5921561898240375 vs. 2.5921561898240375
list:
dist: 2.295616794877126 vs. 2.295616794877126
list:
dist: 1.1677458041423467 vs. 1.1677458041423467
list:
dist: 2.9364681470467673 vs. 2.9364681470467673
list:
dist: 2.051411629640621 vs. 2.051411629640621
list:
dist: 2.716938041548113 vs. 2.716938041548113
list:
dist: 2.5757838241220625 vs. 2.5757838241220625
list:
dist: 1.544470899890694 vs. 1.544470899890694
list:
dist: 3.767777773862877 vs. 3.767777773862877
list:
dist: 1.228053920528086 vs. 1.228053920528086
list:
dist: 1.6022409415477417 vs. 1.6022409415477417
list:
dist: 2.5097369657374324 vs. 2.5097369657374324
list:
dist: 2.003007026943341 vs. 2.003007026943341
list:
dist: 2.4267320559099734 vs. 2.4267320559099734
list:
dist: 1.3821451593820913 vs. 1.3821451593820913
list:
dist: 1.8811372194520803 vs. 1.8811372194520803
list:
dist: 1.2988825365135315 vs. 1.2988825365135315
list:
dist: 2.6732773914749126 vs. 2.6732773914749126
list:
dist: 2.5215689590588086 vs. 2.5215689590588086
list:
dist: 1.6542869694576736 vs. 1.6542869694576736
list:
dist: 2.5978394775093108 vs. 2.5978394775093108
list:
dist: 2.877122050456104 vs. 2.877122050456104
list:
dist: 1.8323482645254647 vs. 1.8323482645254647
list:
dist: 3.33635625615823 vs. 3.33635625615823
list:
dist: 2.4319753178441084 vs. 2.4319753178441084
list:
dist: 2.484025644439944 vs. 2.484025644439944
list:
dist: 2.0442348826645524 vs. 2.0442348826645524
list:
dist: 1.3683121399294713 vs. 1.3683121399294713
list:
dist: 2.650457387192749 vs. 2.650457387192749
list:
dist: 2.8188011248095832 vs. 2.8188011248095832
list:
dist: 1.2988825365135315 vs. 1.2988825365135315
list:
dist: 1.8623129927739406 vs. 1.8623129927739406
list:
dist: 1.5726871291742328 vs. 1.5726871291742328
list:
dist: 1.4462609930314438 vs. 1.4462609930314438
list:
dist: 1.403977739598241 vs. 1.403977739598241
list:
dist: 1.6119481141348815 vs. 1.6119481141348815
list:
dist: 1.0469266477359211 vs. 1.0469266477359211
list:
dist: 1.0518780117955997 vs. 1.0518780117955997
list:
dist: 2.197557754821056 vs. 2.197557754821056
list:
dist: 1.8405388626294321 vs. 1.8405388626294321
list:
dist: 1.619152791456346 vs. 1.619152791456346
list:
dist: 1.6095683198724033 vs. 1.6095683198724033
list:
dist: 2.5978394775093108 vs. 2.5978394775093108
list:
dist: 2.965752518316407 vs. 2.965752518316407
list:
dist: 2.935733563641559 vs. 2.935733563641559
list:
dist: 1.672085151948881 vs. 1.672085151948881
list:
dist: 2.5921561898240375 vs. 2.5921561898240375
list:
dist: 1.8666623368322093 vs. 1.8666623368322093
list:
dist: 1.5610444297503299 vs. 1.5610444297503299
list:
dist: 0.7268508686655908 vs. 0.7268508686655908
list:
dist: 1.6095683198724033 vs. 1.6095683198724033
list:
dist: 1.801755665168523 vs. 1.801755665168523
list:
dist: 0.6946513892180483 vs. 0.6946513892180483
list:
dist: 1.5765978006644341 vs. 1.5765978006644341
list:
dist: 3.4368507118260943 vs. 3.4368507118260943
list:
dist: 2.6732773914749126 vs. 2.6732773914749126
list:
dist: 2.238500980580728 vs. 2.238500980580728
list:
dist: 2.556100339181357 vs. 2.556100339181357
list:
dist: 1.6919828199715943 vs. 1.6919828199715943
list:
dist: 2.4396400262768285 vs. 2.4396400262768285
list:
dist: 3.378729618226939 vs. 3.378729618226939
list:
dist: 2.4967685959993062 vs. 2.4967685959993062
list:
dist: 1.6445208173187533 vs. 1.6445208173187533
list:
dist: 2.197557754821056 vs. 2.197557754821056
list:
dist: 1.9516462738214941 vs. 1.9516462738214941
list:
dist: 1.7170681493144162 vs. 1.7170681493144162
list:
dist: 1.801755665168523 vs. 1.801755665168523
list:
dist: 3.14981532736594 vs. 3.14981532736594
list:
dist: 2.2717422260661326 vs. 2.2717422260661326
list:
dist: 3.007806425944005 vs. 3.007806425944005
list:
dist: 2.3661038445580758 vs. 2.3661038445580758
list:
dist: 2.66274441215446 vs. 2.66274441215446
list:
dist: 1.8863628913056685 vs. 1.8863628913056685
list:
dist: 1.9310634974070042 vs. 1.9310634974070042
list:
dist: 2.0443523477547862 vs. 2.0443523477547862
list:
dist: 2.584715996349968 vs. 2.584715996349968
list:
dist: 1.3821451593820913 vs. 1.3821451593820913
list:
dist: 2.303519858509751 vs. 2.303519858509751
list:
dist: 2.4500353503902725 vs. 2.4500353503902725
list:
dist: 2.2938920879297924 vs. 2.2938920879297924
list:
dist: 2.4325576552668857 vs. 2.4325576552668857
list:
dist: 1.3507148045768629 vs. 1.3507148045768629
list:
dist: 1.0044610209636888 vs. 1.0044610209636888
list:
dist: 1.0469266477359211 vs. 1.0469266477359211
list:
dist: 2.4967685959993062 vs. 2.4967685959993062
list:
dist: 1.3847845119970144 vs. 1.3847845119970144
list:
dist: 1.1633442675552466 vs. 1.1633442675552466
list:
dist: 1.5610444297503299 vs. 1.5610444297503299
list:
dist: 1.6542869694576736 vs. 1.6542869694576736
list:
dist: 2.018947777940697 vs. 2.018947777940697
list:
dist: 2.596506476349049 vs. 2.596506476349049
list:
dist: 2.344796365286557 vs. 2.344796365286557
list:
dist: 2.6840798811670172 vs. 2.6840798811670172
list:
dist: 2.4140637610658633 vs. 2.4140637610658633
list:
dist: 1.1633442675552466 vs. 1.1633442675552466
list:
dist: 1.0191597381596593 vs. 1.0191597381596593
list:
dist: 1.619152791456346 vs. 1.619152791456346
list:
dist: 1.7170681493144162 vs. 1.7170681493144162
list:
dist: 1.2040232902063066 vs. 1.2040232902063066
list:
dist: 1.5765978006644341 vs. 1.5765978006644341
list:
dist: 1.5644949699804238 vs. 1.5644949699804238
list:
dist: 1.7869612655560279 vs. 1.7869612655560279
list:
dist: 1.775008014104268 vs. 1.775008014104268
list:
dist: 1.1103624306818187 vs. 1.1103624306818187
list:
dist: 1.3889703137401963 vs. 1.3889703137401963
list:
dist: 2.1848617857522292 vs. 2.1848617857522292
list:
dist: 2.0890283907469427 vs. 2.0890283907469427
list:
dist: 3.8200352560746236 vs. 3.8200352560746236
list:
dist: 1.517174766063059 vs. 1.517174766063059
list:
dist: 1.775008014104268 vs. 1.775008014104268
list:
dist: 0.7998952965096955 vs. 0.7998952965096955
list:
dist: 1.0245369025138922 vs. 1.0245369025138922
list:
dist: 1.2626897307476759 vs. 1.2626897307476759
list:
dist: 1.2907312542352587 vs. 1.2907312542352587
list:
dist: 1.2937897671910834 vs. 1.2937897671910834
list:
dist: 2.487886807452759 vs. 2.487886807452759
list:
dist: 1.8833669038281078 vs. 1.8833669038281078
list:
dist: 2.0890424633609825 vs. 2.0890424633609825
list:
dist: 2.731594337101238 vs. 2.731594337101238
list:
dist: 2.8043723835277508 vs. 2.8043723835277508
list:
dist: 3.738428963024313 vs. 3.738428963024313
list:
dist: 3.1578215075261413 vs. 3.1578215075261413
list:
dist: 3.065185809453301 vs. 3.065185809453301
list:
dist: 3.5181595188374826 vs. 3.5181595188374826
list:
dist: 2.731594337101238 vs. 2.731594337101238
list:
dist: 2.741931382656947 vs. 2.741931382656947
list:
dist: 2.3014364428348224 vs. 2.3014364428348224
list:
dist: 1.6565395875011453 vs. 1.6565395875011453
list:
dist: 1.7481911442235185 vs. 1.7481911442235185
list:
dist: 3.090167021625802 vs. 3.090167021625802
list:
dist: 2.032201817847875 vs. 2.032201817847875
list:
dist: 1.7815135488701865 vs. 1.7815135488701865
list:
dist: 0.7706998511300154 vs. 0.7706998511300154
list:
dist: 1.2744689938403335 vs. 1.2744689938403335
list:
dist: 1.148580617482833 vs. 1.148580617482833
list:
dist: 1.2645619304870563 vs. 1.2645619304870563
list:
dist: 1.8538377379965598 vs. 1.8538377379965598
list:
dist: 1.89049806221845 vs. 1.89049806221845
list:
dist: 1.8325211770336531 vs. 1.8325211770336531
list:
dist: 2.521249084798878 vs. 2.521249084798878
list:
dist: 2.458753854145085 vs. 2.458753854145085
list:
dist: 2.7108499176028333 vs. 2.7108499176028333
list:
dist: 1.0179541724907104 vs. 1.0179541724907104
list:
dist: 2.305369142018415 vs. 2.305369142018415
list:
dist: 1.7329057063699829 vs. 1.7329057063699829
list:
dist: 2.45042289167417 vs. 2.45042289167417
list:
dist: 1.5644949699804238 vs. 1.5644949699804238
list:
dist: 0.9691710652863034 vs. 0.9691710652863034
list:
dist: 1.517174766063059 vs. 1.517174766063059
list:
dist: 1.4829903781723612 vs. 1.4829903781723612
list:
dist: 2.1530219335801553 vs. 2.1530219335801553
list:
dist: 2.6360353708974844 vs. 2.6360353708974844
list:
dist: 2.315270923016402 vs. 2.315270923016402
list:
dist: 1.4829903781723612 vs. 1.4829903781723612
list:
dist: 1.1103624306818187 vs. 1.1103624306818187
list:
dist: 1.4130725561867181 vs. 1.4130725561867181
list:
dist: 1.0245369025138922 vs. 1.0245369025138922
list:
dist: 0.7255792289477412 vs. 0.7255792289477412
list:
dist: 1.3671061041173975 vs. 1.3671061041173975
list:
dist: 1.0339925067039426 vs. 1.0339925067039426
list:
dist: 3.651549561399604 vs. 3.651549561399604
list:
dist: 2.6956602183376197 vs. 2.6956602183376197
list:
dist: 2.485180015733765 vs. 2.485180015733765
list:
dist: 2.303959262789708 vs. 2.303959262789708
list:
dist: 2.741931382656947 vs. 2.741931382656947
list:
dist: 2.3438896587955775 vs. 2.3438896587955775
list:
dist: 3.5211101910935887 vs. 3.5211101910935887
list:
dist: 3.049940426646933 vs. 3.049940426646933
list:
dist: 2.9292829095613 vs. 2.9292829095613
list:
dist: 3.4720271099052917 vs. 3.4720271099052917
list:
dist: 3.6245723425989733 vs. 3.6245723425989733
list:
dist: 3.8200352560746236 vs. 3.8200352560746236
list:
dist: 3.651549561399604 vs. 3.651549561399604
list:
dist: 3.059380416845285 vs. 3.059380416845285
list:
dist: 3.1807668356658287 vs. 3.1807668356658287
list:
dist: 3.3438645287421385 vs. 3.3438645287421385
list:
dist: 3.5683981020223148 vs. 3.5683981020223148
list:
dist: 3.090167021625802 vs. 3.090167021625802
list:
dist: 2.4066109742461843 vs. 2.4066109742461843
list:
dist: 2.7551221333900413 vs. 2.7551221333900413
list:
dist: 3.736906369932671 vs. 3.736906369932671
list:
dist: 4.166249725212046 vs. 4.166249725212046
list:
dist: 2.0725974643979757 vs. 2.0725974643979757
list:
dist: 2.104100398066511 vs. 2.104100398066511
list:
dist: 2.8266146914687447 vs. 2.8266146914687447
list:
dist: 3.610137731063253 vs. 3.610137731063253
list:
dist: 3.659585483685398 vs. 3.659585483685398
list:
dist: 3.1556934363239204 vs. 3.1556934363239204
list:
dist: 3.2944942735726674 vs. 3.2944942735726674
list:
dist: 2.214853263769264 vs. 2.214853263769264
list:
dist: 2.5624324126389215 vs. 2.5624324126389215
list:
dist: 3.054195542811687 vs. 3.054195542811687
list:
dist: 2.2052571863709156 vs. 2.2052571863709156
list:
dist: 3.3746631019080637 vs. 3.3746631019080637
list:
dist: 3.0359364813201166 vs. 3.0359364813201166
list:
dist: 2.019215672746465 vs. 2.019215672746465
list:
dist: 2.3683759988987583 vs. 2.3683759988987583
list:
dist: 2.8331149560142226 vs. 2.8331149560142226
list:
dist: 3.3840133715648126 vs. 3.3840133715648126
list:
dist: 1.5866498470610704 vs. 1.5866498470610704
list:
dist: 0.9344510368114559 vs. 0.9344510368114559
list:
dist: 2.0451036150743698 vs. 2.0451036150743698
list:
dist: 3.4842704003179197 vs. 3.4842704003179197
list:
dist: 2.7794568257837553 vs. 2.7794568257837553
list:
dist: 1.6723285909246062 vs. 1.6723285909246062
list:
dist: 2.9653647364265665 vs. 2.9653647364265665
list:
dist: 3.0256267594749775 vs. 3.0256267594749775
list:
dist: 3.1402499699116064 vs. 3.1402499699116064
list:
dist: 2.140510028412417 vs. 2.140510028412417
list:
dist: 2.964293333941781 vs. 2.964293333941781
list:
dist: 2.7018357210114616 vs. 2.7018357210114616
list:
dist: 2.243024868828466 vs. 2.243024868828466
list:
dist: 3.171320700120041 vs. 3.171320700120041
list:
dist: 3.015833162529502 vs. 3.015833162529502
list:
dist: 4.131776689283153 vs. 4.131776689283153
list:
dist: 2.531552223999516 vs. 2.531552223999516
list:
dist: 2.8552574333723735 vs. 2.8552574333723735
list:
dist: 2.0890424633609825 vs. 2.0890424633609825
list:
dist: 2.303959262789708 vs. 2.303959262789708
list:
dist: 1.9782636165560217 vs. 1.9782636165560217
list:
dist: 1.2455628320443564 vs. 1.2455628320443564
list:
dist: 1.330741196008097 vs. 1.330741196008097
list:
dist: 3.5683981020223148 vs. 3.5683981020223148
list:
dist: 1.5861930609432529 vs. 1.5861930609432529
list:
dist: 1.053257543872785 vs. 1.053257543872785
list:
dist: 0.7706998511300154 vs. 0.7706998511300154
list:
dist: 1.6266013247705078 vs. 1.6266013247705078
list:
dist: 1.890468752481061 vs. 1.890468752481061
list:
dist: 1.4728182305317208 vs. 1.4728182305317208
list:
dist: 1.8148002039831062 vs. 1.8148002039831062
list:
dist: 2.532360031897428 vs. 2.532360031897428
list:
dist: 2.52453810829107 vs. 2.52453810829107
list:
dist: 2.363704654066164 vs. 2.363704654066164
list:
dist: 2.302476950862589 vs. 2.302476950862589
list:
dist: 3.1925386029389538 vs. 3.1925386029389538
list:
dist: 1.3182503900678326 vs. 1.3182503900678326
list:
dist: 2.602829505501601 vs. 2.602829505501601
list:
dist: 1.919601684761792 vs. 1.919601684761792
list:
dist: 3.1380222537224784 vs. 3.1380222537224784
list:
dist: 3.3038806961943434 vs. 3.3038806961943434
list:
dist: 3.884456145091265 vs. 3.884456145091265
list:
dist: 4.173140888041058 vs. 4.173140888041058
list:
dist: 3.453156230026229 vs. 3.453156230026229
list:
dist: 3.488705463977214 vs. 3.488705463977214
list:
dist: 2.586180462126503 vs. 2.586180462126503
list:
dist: 2.9824714972685924 vs. 2.9824714972685924
list:
dist: 3.739584714862378 vs. 3.739584714862378
list:
dist: 1.8407095081260734 vs. 1.8407095081260734
list:
dist: 3.233885948963213 vs. 3.233885948963213
list:
dist: 3.022073553462642 vs. 3.022073553462642
list:
dist: 2.0724176125405864 vs. 2.0724176125405864
list:
dist: 2.564795911323902 vs. 2.564795911323902
list:
dist: 2.675657072289361 vs. 2.675657072289361
list:
dist: 3.51339487033267 vs. 3.51339487033267
list:
dist: 1.2713796066150698 vs. 1.2713796066150698
list:
dist: 0.9344510368114559 vs. 0.9344510368114559
list:
dist: 1.9542260652716523 vs. 1.9542260652716523
list:
dist: 3.6356161588708678 vs. 3.6356161588708678
list:
dist: 2.837496667448393 vs. 2.837496667448393
list:
dist: 1.7551224952239175 vs. 1.7551224952239175
list:
dist: 2.6972268542729116 vs. 2.6972268542729116
list:
dist: 3.33351732472466 vs. 3.33351732472466
list:
dist: 3.651164049424146 vs. 3.651164049424146
list:
dist: 1.588426473195432 vs. 1.588426473195432
list:
dist: 2.5080777799399496 vs. 2.5080777799399496
list:
dist: 2.180049287119386 vs. 2.180049287119386
list:
dist: 1.608286111103031 vs. 1.608286111103031
list:
dist: 2.660220737509591 vs. 2.660220737509591
list:
dist: 2.3743666319737278 vs. 2.3743666319737278
list:
dist: 3.5463311571459912 vs. 3.5463311571459912
list:
dist: 2.053967289201683 vs. 2.053967289201683
list:
dist: 2.1530219335801553 vs. 2.1530219335801553
list:
dist: 1.3889703137401963 vs. 1.3889703137401963
list:
dist: 1.8711489186289727 vs. 1.8711489186289727
list:
dist: 1.2626897307476759 vs. 1.2626897307476759
list:
dist: 0.7255792289477412 vs. 0.7255792289477412
list:
dist: 0.8628998552181476 vs. 0.8628998552181476
list:
dist: 0.9064725833828645 vs. 0.9064725833828645
list:
dist: 3.059380416845285 vs. 3.059380416845285
list:
dist: 2.78983859978234 vs. 2.78983859978234
list:
dist: 2.397988607718528 vs. 2.397988607718528
list:
dist: 1.9782636165560217 vs. 1.9782636165560217
list:
dist: 2.3014364428348224 vs. 2.3014364428348224
list:
dist: 1.9675754825749445 vs. 1.9675754825749445
list:
dist: 3.0664283221919124 vs. 3.0664283221919124
list:
dist: 2.8647881708662566 vs. 2.8647881708662566
list:
dist: 2.921016233970729 vs. 2.921016233970729
list:
dist: 3.033321554510485 vs. 3.033321554510485
list:
dist: 3.1528389418272753 vs. 3.1528389418272753
list:
dist: 1.8618025520129438 vs. 1.8618025520129438
list:
dist: 1.8920668282322697 vs. 1.8920668282322697
list:
dist: 1.3182503900678326 vs. 1.3182503900678326
list:
dist: 1.0179541724907104 vs. 1.0179541724907104
list:
dist: 2.0038535642356496 vs. 2.0038535642356496
list:
dist: 1.3901515014294892 vs. 1.3901515014294892
list:
dist: 1.078185527444195 vs. 1.078185527444195
list:
dist: 1.692178258495816 vs. 1.692178258495816
list:
dist: 2.363977173705418 vs. 2.363977173705418
list:
dist: 2.27024613394726 vs. 2.27024613394726
list:
dist: 1.7321531537677002 vs. 1.7321531537677002
list:
dist: 1.59082561848271 vs. 1.59082561848271
list:
dist: 1.8831491190126761 vs. 1.8831491190126761
list:
dist: 1.5264489438735114 vs. 1.5264489438735114
list:
dist: 1.1913874002667642 vs. 1.1913874002667642
list:
dist: 2.1250537102538822 vs. 2.1250537102538822
list:
dist: 3.4720271099052917 vs. 3.4720271099052917
list:
dist: 3.033321554510485 vs. 3.033321554510485
list:
dist: 2.871204637877424 vs. 2.871204637877424
list:
dist: 2.7072418069889213 vs. 2.7072418069889213
list:
dist: 2.0725974643979757 vs. 2.0725974643979757
list:
dist: 2.532360031897428 vs. 2.532360031897428
list:
dist: 1.89049806221845 vs. 1.89049806221845
list:
dist: 1.1837544646432228 vs. 1.1837544646432228
list:
dist: 1.0581759142427691 vs. 1.0581759142427691
list:
dist: 1.9691379253718209 vs. 1.9691379253718209
list:
dist: 2.4510144328750583 vs. 2.4510144328750583
list:
dist: 0.28751806709039535 vs. 0.28751806709039535
list:
dist: 3.0170464269436756 vs. 3.0170464269436756
list:
dist: 2.363977173705418 vs. 2.363977173705418
list:
dist: 2.677177414987717 vs. 2.677177414987717
list:
dist: 2.336017209616871 vs. 2.336017209616871
list:
dist: 1.8592489538438075 vs. 1.8592489538438075
list:
dist: 3.841622748161521 vs. 3.841622748161521
list:
dist: 3.1578215075261413 vs. 3.1578215075261413
list:
dist: 3.049940426646933 vs. 3.049940426646933
list:
dist: 2.8647881708662566 vs. 2.8647881708662566
list:
dist: 2.43976391899219 vs. 2.43976391899219
list:
dist: 2.0584976648735793 vs. 2.0584976648735793
list:
dist: 3.736906369932671 vs. 3.736906369932671
list:
dist: 1.4335177939734496 vs. 1.4335177939734496
list:
dist: 2.086637107351629 vs. 2.086637107351629
list:
dist: 1.4728182305317208 vs. 1.4728182305317208
list:
dist: 1.2645619304870563 vs. 1.2645619304870563
list:
dist: 1.442417141435353 vs. 1.442417141435353
list:
dist: 1.407424428771012 vs. 1.407424428771012
list:
dist: 0.7289858890248259 vs. 0.7289858890248259
list:
dist: 1.9691379253718209 vs. 1.9691379253718209
list:
dist: 2.006474242925856 vs. 2.006474242925856
list:
dist: 1.7479053141419723 vs. 1.7479053141419723
list:
dist: 2.080497717218461 vs. 2.080497717218461
list:
dist: 2.3365057592017346 vs. 2.3365057592017346
list:
dist: 1.078185527444195 vs. 1.078185527444195
list:
dist: 1.3471064623256257 vs. 1.3471064623256257
list:
dist: 0.5780750558089273 vs. 0.5780750558089273
list:
dist: 2.1995302808003103 vs. 2.1995302808003103
list:
dist: 3.340400943434809 vs. 3.340400943434809
list:
dist: 3.6913776191827217 vs. 3.6913776191827217
list:
dist: 3.1925386029389538 vs. 3.1925386029389538
list:
dist: 2.7108499176028333 vs. 2.7108499176028333
list:
dist: 3.327897273249685 vs. 3.327897273249685
list:
dist: 2.19801435772633 vs. 2.19801435772633
list:
dist: 2.3365057592017346 vs. 2.3365057592017346
list:
dist: 2.842175142124221 vs. 2.842175142124221
list:
dist: 3.0170464269436756 vs. 3.0170464269436756
list:
dist: 2.8547307863189753 vs. 2.8547307863189753
list:
dist: 2.443690950736644 vs. 2.443690950736644
list:
dist: 2.331293272031362 vs. 2.331293272031362
list:
dist: 1.8831491190126761 vs. 1.8831491190126761
list:
dist: 1.3890295212444161 vs. 1.3890295212444161
list:
dist: 2.017523642658613 vs. 2.017523642658613
list:
dist: 1.4360572268128433 vs. 1.4360572268128433
list:
dist: 3.648157469866628 vs. 3.648157469866628
list:
dist: 3.065185809453301 vs. 3.065185809453301
list:
dist: 2.9292829095613 vs. 2.9292829095613
list:
dist: 2.921016233970729 vs. 2.921016233970729
list:
dist: 2.6291719249660273 vs. 2.6291719249660273
list:
dist: 2.0500238942198363 vs. 2.0500238942198363
list:
dist: 4.166249725212046 vs. 4.166249725212046
list:
dist: 1.079365466409982 vs. 1.079365466409982
list:
dist: 2.1560057436549243 vs. 2.1560057436549243
list:
dist: 1.8148002039831062 vs. 1.8148002039831062
list:
dist: 1.8538377379965598 vs. 1.8538377379965598
list:
dist: 1.7776961194383787 vs. 1.7776961194383787
list:
dist: 2.091238228011511 vs. 2.091238228011511
list:
dist: 0.7289858890248259 vs. 0.7289858890248259
list:
dist: 2.4510144328750583 vs. 2.4510144328750583
list:
dist: 2.552024948382813 vs. 2.552024948382813
list:
dist: 1.6592030499617652 vs. 1.6592030499617652
list:
dist: 2.221410614419362 vs. 2.221410614419362
list:
dist: 4.4647604509659145 vs. 4.4647604509659145
list:
dist: 3.739584714862378 vs. 3.739584714862378
list:
dist: 3.054195542811687 vs. 3.054195542811687
list:
dist: 4.139681931829489 vs. 4.139681931829489
list:
dist: 2.842175142124221 vs. 2.842175142124221
list:
dist: 1.692178258495816 vs. 1.692178258495816
list:
dist: 1.5990866540224575 vs. 1.5990866540224575
list:
dist: 0.8265008030071042 vs. 0.8265008030071042
list:
dist: 2.783248541976591 vs. 2.783248541976591
list:
dist: 3.5219985116022645 vs. 3.5219985116022645
list:
dist: 2.8043723835277508 vs. 2.8043723835277508
list:
dist: 2.3438896587955775 vs. 2.3438896587955775
list:
dist: 1.9675754825749445 vs. 1.9675754825749445
list:
dist: 1.8207201250566754 vs. 1.8207201250566754
list:
dist: 1.5297994985827348 vs. 1.5297994985827348
list:
dist: 2.4066109742461843 vs. 2.4066109742461843
list:
dist: 2.357081159541114 vs. 2.357081159541114
list:
dist: 2.569287916357964 vs. 2.569287916357964
list:
dist: 1.6266013247705078 vs. 1.6266013247705078
list:
dist: 1.2744689938403335 vs. 1.2744689938403335
list:
dist: 1.323672163461443 vs. 1.323672163461443
list:
dist: 1.442417141435353 vs. 1.442417141435353
list:
dist: 1.7776961194383787 vs. 1.7776961194383787
list:
dist: 1.1837544646432228 vs. 1.1837544646432228
list:
dist: 1.3287573190556297 vs. 1.3287573190556297
list:
dist: 3.14249596286019 vs. 3.14249596286019
list:
dist: 3.3704501725984928 vs. 3.3704501725984928
list:
dist: 3.327897273249685 vs. 3.327897273249685
list:
dist: 2.0038535642356496 vs. 2.0038535642356496
list:
dist: 2.6435289226073704 vs. 2.6435289226073704
list:
dist: 1.9881151326252329 vs. 1.9881151326252329
list:
dist: 2.5938251046375425 vs. 2.5938251046375425
list:
dist: 0.9691710652863034 vs. 0.9691710652863034
list:
dist: 1.7869612655560279 vs. 1.7869612655560279
list:
dist: 0.7998952965096955 vs. 0.7998952965096955
list:
dist: 1.4130725561867181 vs. 1.4130725561867181
list:
dist: 1.8711489186289727 vs. 1.8711489186289727
list:
dist: 2.075207992727671 vs. 2.075207992727671
list:
dist: 1.9987335640697037 vs. 1.9987335640697037
list:
dist: 2.995958536953255 vs. 2.995958536953255
list:
dist: 2.48975122387408 vs. 2.48975122387408
list:
dist: 2.8552574333723735 vs. 2.8552574333723735
list:
dist: 3.5181595188374826 vs. 3.5181595188374826
list:
dist: 3.5219985116022645 vs. 3.5219985116022645
list:
dist: 4.5130483541006905 vs. 4.5130483541006905
list:
dist: 3.841622748161521 vs. 3.841622748161521
list:
dist: 3.648157469866628 vs. 3.648157469866628
list:
dist: 2.315270923016402 vs. 2.315270923016402
list:
dist: 2.0890283907469427 vs. 2.0890283907469427
list:
dist: 1.9987335640697037 vs. 1.9987335640697037
list:
dist: 1.2937897671910834 vs. 1.2937897671910834
list:
dist: 1.0339925067039426 vs. 1.0339925067039426
list:
dist: 0.9064725833828645 vs. 0.9064725833828645
list:
dist: 0.8426510315267007 vs. 0.8426510315267007
list:
dist: 3.3438645287421385 vs. 3.3438645287421385
list:
dist: 1.8971950187055455 vs. 1.8971950187055455
list:
dist: 1.7412124702900236 vs. 1.7412124702900236
list:
dist: 1.330741196008097 vs. 1.330741196008097
list:
dist: 1.7481911442235185 vs. 1.7481911442235185
list:
dist: 1.5297994985827348 vs. 1.5297994985827348
list:
dist: 2.5738713429972173 vs. 2.5738713429972173
list:
dist: 2.0584976648735793 vs. 2.0584976648735793
list:
dist: 2.0500238942198363 vs. 2.0500238942198363
list:
dist: 2.7072418069889213 vs. 2.7072418069889213
list:
dist: 2.826142042080668 vs. 2.826142042080668
list:
dist: 1.4321627915618456 vs. 1.4321627915618456
list:
dist: 2.1840105610503984 vs. 2.1840105610503984
list:
dist: 2.363704654066164 vs. 2.363704654066164
list:
dist: 2.521249084798878 vs. 2.521249084798878
list:
dist: 3.14249596286019 vs. 3.14249596286019
list:
dist: 2.896563451935905 vs. 2.896563451935905
list:
dist: 1.7479053141419723 vs. 1.7479053141419723
list:
dist: 1.6592030499617652 vs. 1.6592030499617652
list:
dist: 2.4271792216883497 vs. 2.4271792216883497
list:
dist: 0.8228078886889747 vs. 0.8228078886889747
list:
dist: 2.443690950736644 vs. 2.443690950736644
list:
dist: 1.7321531537677002 vs. 1.7321531537677002
list:
dist: 1.5072063721872733 vs. 1.5072063721872733
list:
dist: 1.37834338662696 vs. 1.37834338662696
list:
dist: 3.6245723425989733 vs. 3.6245723425989733
list:
dist: 3.1528389418272753 vs. 3.1528389418272753
list:
dist: 2.923399387257332 vs. 2.923399387257332
list:
dist: 2.826142042080668 vs. 2.826142042080668
list:
dist: 2.104100398066511 vs. 2.104100398066511
list:
dist: 2.52453810829107 vs. 2.52453810829107
list:
dist: 1.8325211770336531 vs. 1.8325211770336531
list:
dist: 1.3287573190556297 vs. 1.3287573190556297
list:
dist: 0.9020860496206784 vs. 0.9020860496206784
list:
dist: 2.006474242925856 vs. 2.006474242925856
list:
dist: 2.552024948382813 vs. 2.552024948382813
list:
dist: 0.28751806709039535 vs. 0.28751806709039535
list:
dist: 2.8547307863189753 vs. 2.8547307863189753
list:
dist: 2.27024613394726 vs. 2.27024613394726
list:
dist: 2.6415459231216394 vs. 2.6415459231216394
list:
dist: 2.353357238294081 vs. 2.353357238294081
list:
dist: 1.682670883733152 vs. 1.682670883733152
list:
dist: 4.5130483541006905 vs. 4.5130483541006905
list:
dist: 3.738428963024313 vs. 3.738428963024313
list:
dist: 3.5211101910935887 vs. 3.5211101910935887
list:
dist: 3.0664283221919124 vs. 3.0664283221919124
list:
dist: 2.617639711254995 vs. 2.617639711254995
list:
dist: 2.5738713429972173 vs. 2.5738713429972173
list:
dist: 2.7551221333900413 vs. 2.7551221333900413
list:
dist: 2.7316601320919047 vs. 2.7316601320919047
list:
dist: 2.861359734413198 vs. 2.861359734413198
list:
dist: 1.890468752481061 vs. 1.890468752481061
list:
dist: 1.148580617482833 vs. 1.148580617482833
list:
dist: 1.323672163461443 vs. 1.323672163461443
list:
dist: 1.407424428771012 vs. 1.407424428771012
list:
dist: 2.091238228011511 vs. 2.091238228011511
list:
dist: 1.0581759142427691 vs. 1.0581759142427691
list:
dist: 0.9020860496206784 vs. 0.9020860496206784
list:
dist: 2.896563451935905 vs. 2.896563451935905
list:
dist: 2.9388031347369052 vs. 2.9388031347369052
list:
dist: 2.19801435772633 vs. 2.19801435772633
list:
dist: 1.3901515014294892 vs. 1.3901515014294892
list:
dist: 2.0175432566822282 vs. 2.0175432566822282
list:
dist: 1.7275267402699976 vs. 1.7275267402699976
list:
dist: 1.4283521218753132 vs. 1.4283521218753132
list:
dist: 1.8548776598922814 vs. 1.8548776598922814
list:
dist: 2.060646998699572 vs. 2.060646998699572
list:
dist: 2.302476950862589 vs. 2.302476950862589
list:
dist: 2.458753854145085 vs. 2.458753854145085
list:
dist: 3.3704501725984928 vs. 3.3704501725984928
list:
dist: 2.9388031347369052 vs. 2.9388031347369052
list:
dist: 2.080497717218461 vs. 2.080497717218461
list:
dist: 2.221410614419362 vs. 2.221410614419362
list:
dist: 2.0094645761119687 vs. 2.0094645761119687
list:
dist: 0.8228078886889747 vs. 0.8228078886889747
list:
dist: 2.331293272031362 vs. 2.331293272031362
list:
dist: 1.59082561848271 vs. 1.59082561848271
list:
dist: 1.8604487708018955 vs. 1.8604487708018955
list:
dist: 1.8137378244903957 vs. 1.8137378244903957
list:
dist: 3.0384578315329414 vs. 3.0384578315329414
list:
dist: 2.8605113950314935 vs. 2.8605113950314935
list:
dist: 2.4271792216883497 vs. 2.4271792216883497
list:
dist: 2.0094645761119687 vs. 2.0094645761119687
list:
dist: 3.9068470843356335 vs. 3.9068470843356335
list:
dist: 3.5891753082320257 vs. 3.5891753082320257
list:
dist: 4.4693456417406665 vs. 4.4693456417406665
list:
dist: 3.6646026114483754 vs. 3.6646026114483754
list:
dist: 3.725136510814634 vs. 3.725136510814634
list:
dist: 2.5149759990377136 vs. 2.5149759990377136
list:
dist: 1.7585854117567516 vs. 1.7585854117567516
list:
dist: 4.139681931829489 vs. 4.139681931829489
list:
dist: 2.7005869372779894 vs. 2.7005869372779894
list:
dist: 3.0142318369498056 vs. 3.0142318369498056
list:
dist: 3.3590360682799543 vs. 3.3590360682799543
list:
dist: 2.354191613393553 vs. 2.354191613393553
list:
dist: 2.97311448836596 vs. 2.97311448836596
list:
dist: 2.1196881079223773 vs. 2.1196881079223773
list:
dist: 2.68843760387919 vs. 2.68843760387919
list:
dist: 1.3098890013027695 vs. 1.3098890013027695
list:
dist: 1.9542260652716523 vs. 1.9542260652716523
list:
dist: 2.0451036150743698 vs. 2.0451036150743698
list:
dist: 2.2149812924125465 vs. 2.2149812924125465
list:
dist: 1.8699224691979859 vs. 1.8699224691979859
list:
dist: 1.4104166984428725 vs. 1.4104166984428725
list:
dist: 1.3186844273101361 vs. 1.3186844273101361
list:
dist: 3.870233274573208 vs. 3.870233274573208
list:
dist: 4.130330476839796 vs. 4.130330476839796
list:
dist: 2.947225524398969 vs. 2.947225524398969
list:
dist: 2.370701830663024 vs. 2.370701830663024
list:
dist: 3.0272120349633367 vs. 3.0272120349633367
list:
dist: 1.2676132937940792 vs. 1.2676132937940792
list:
dist: 1.9683859588565296 vs. 1.9683859588565296
list:
dist: 1.9469725602808439 vs. 1.9469725602808439
list:
dist: 2.441191476927013 vs. 2.441191476927013
list:
dist: 1.6959527818790874 vs. 1.6959527818790874
list:
dist: 2.6360353708974844 vs. 2.6360353708974844
list:
dist: 2.1848617857522292 vs. 2.1848617857522292
list:
dist: 2.075207992727671 vs. 2.075207992727671
list:
dist: 1.2907312542352587 vs. 1.2907312542352587
list:
dist: 1.3671061041173975 vs. 1.3671061041173975
list:
dist: 0.8628998552181476 vs. 0.8628998552181476
list:
dist: 0.8426510315267007 vs. 0.8426510315267007
list:
dist: 3.1807668356658287 vs. 3.1807668356658287
list:
dist: 2.385137711370743 vs. 2.385137711370743
list:
dist: 1.7154575056335182 vs. 1.7154575056335182
list:
dist: 1.2455628320443564 vs. 1.2455628320443564
list:
dist: 1.6565395875011453 vs. 1.6565395875011453
list:
dist: 1.8207201250566754 vs. 1.8207201250566754
list:
dist: 2.617639711254995 vs. 2.617639711254995
list:
dist: 2.43976391899219 vs. 2.43976391899219
list:
dist: 2.6291719249660273 vs. 2.6291719249660273
list:
dist: 2.871204637877424 vs. 2.871204637877424
list:
dist: 2.923399387257332 vs. 2.923399387257332
list:
dist: 2.995958536953255 vs. 2.995958536953255
list:
dist: 2.487886807452759 vs. 2.487886807452759
list:
dist: 2.6956602183376197 vs. 2.6956602183376197
list:
dist: 2.78983859978234 vs. 2.78983859978234
list:
dist: 2.385137711370743 vs. 2.385137711370743
list:
dist: 1.8971950187055455 vs. 1.8971950187055455
list:
dist: 1.354145881624622 vs. 1.354145881624622
list:
dist: 1.5861930609432529 vs. 1.5861930609432529
list:
dist: 2.032201817847875 vs. 2.032201817847875
list:
dist: 2.357081159541114 vs. 2.357081159541114
list:
dist: 2.7316601320919047 vs. 2.7316601320919047
list:
dist: 1.4335177939734496 vs. 1.4335177939734496
list:
dist: 1.079365466409982 vs. 1.079365466409982
list:
dist: 3.0384578315329414 vs. 3.0384578315329414
list:
dist: 1.4321627915618456 vs. 1.4321627915618456
list:
dist: 1.8548776598922814 vs. 1.8548776598922814
list:
dist: 3.340400943434809 vs. 3.340400943434809
list:
dist: 1.8618025520129438 vs. 1.8618025520129438
list:
dist: 2.2334839416272065 vs. 2.2334839416272065
list:
dist: 1.5314061525076252 vs. 1.5314061525076252
list:
dist: 1.5314061525076252 vs. 1.5314061525076252
list:
dist: 2.35782344204878 vs. 2.35782344204878
list:
dist: 1.919601684761792 vs. 1.919601684761792
list:
dist: 1.7329057063699829 vs. 1.7329057063699829
list:
dist: 1.9881151326252329 vs. 1.9881151326252329
list:
dist: 1.7275267402699976 vs. 1.7275267402699976
list:
dist: 0.5780750558089273 vs. 0.5780750558089273
list:
dist: 0.8265008030071042 vs. 0.8265008030071042
list:
dist: 2.336017209616871 vs. 2.336017209616871
list:
dist: 2.353357238294081 vs. 2.353357238294081
list:
dist: 1.37834338662696 vs. 1.37834338662696
list:
dist: 1.8137378244903957 vs. 1.8137378244903957
list:
dist: 4.499848604863802 vs. 4.499848604863802
list:
dist: 3.651164049424146 vs. 3.651164049424146
list:
dist: 3.1402499699116064 vs. 3.1402499699116064
list:
dist: 4.130330476839796 vs. 4.130330476839796
list:
dist: 2.017523642658613 vs. 2.017523642658613
list:
dist: 1.1913874002667642 vs. 1.1913874002667642
list:
dist: 0.8285988173788353 vs. 0.8285988173788353
list:
dist: 2.134751705952945 vs. 2.134751705952945
list:
dist: 4.657118740355777 vs. 4.657118740355777
list:
dist: 2.48975122387408 vs. 2.48975122387408
list:
dist: 1.8833669038281078 vs. 1.8833669038281078
list:
dist: 2.485180015733765 vs. 2.485180015733765
list:
dist: 2.397988607718528 vs. 2.397988607718528
list:
dist: 1.7154575056335182 vs. 1.7154575056335182
list:
dist: 1.7412124702900236 vs. 1.7412124702900236
list:
dist: 1.354145881624622 vs. 1.354145881624622
list:
dist: 1.053257543872785 vs. 1.053257543872785
list:
dist: 1.7815135488701865 vs. 1.7815135488701865
list:
dist: 2.569287916357964 vs. 2.569287916357964
list:
dist: 2.861359734413198 vs. 2.861359734413198
list:
dist: 2.086637107351629 vs. 2.086637107351629
list:
dist: 2.1560057436549243 vs. 2.1560057436549243
list:
dist: 2.8605113950314935 vs. 2.8605113950314935
list:
dist: 2.1840105610503984 vs. 2.1840105610503984
list:
dist: 2.060646998699572 vs. 2.060646998699572
list:
dist: 3.6913776191827217 vs. 3.6913776191827217
list:
dist: 1.8920668282322697 vs. 1.8920668282322697
list:
dist: 3.0063195595131273 vs. 3.0063195595131273
list:
dist: 2.35782344204878 vs. 2.35782344204878
list:
dist: 1.8861437091234163 vs. 1.8861437091234163
list:
dist: 1.8638422697211576 vs. 1.8638422697211576
list:
dist: 2.520086660901485 vs. 2.520086660901485
list:
dist: 1.5155825881246667 vs. 1.5155825881246667
list:
dist: 1.4976213383910404 vs. 1.4976213383910404
list:
dist: 0.8918057129892495 vs. 0.8918057129892495
list:
dist: 2.2195035227510336 vs. 2.2195035227510336
list:
dist: 1.7602298865602937 vs. 1.7602298865602937
list:
dist: 1.0680553889890663 vs. 1.0680553889890663
list:
dist: 1.4282459414194482 vs. 1.4282459414194482
list:
dist: 1.1003365979591588 vs. 1.1003365979591588
list:
dist: 0.6835166034882296 vs. 0.6835166034882296
list:
dist: 1.2513731793904763 vs. 1.2513731793904763
list:
dist: 1.7737111780966826 vs. 1.7737111780966826
list:
dist: 1.2852604774035712 vs. 1.2852604774035712
list:
dist: 2.0724176125405864 vs. 2.0724176125405864
list:
dist: 2.019215672746465 vs. 2.019215672746465
list:
dist: 2.354191613393553 vs. 2.354191613393553
list:
dist: 2.4511542862759845 vs. 2.4511542862759845
list:
dist: 1.4939310784064261 vs. 1.4939310784064261
list:
dist: 0.9689463791532852 vs. 0.9689463791532852
list:
dist: 2.2711720362028935 vs. 2.2711720362028935
list:
dist: 2.470304784707336 vs. 2.470304784707336
list:
dist: 1.7266949513993903 vs. 1.7266949513993903
list:
dist: 1.613871748215127 vs. 1.613871748215127
list:
dist: 1.6022256187647639 vs. 1.6022256187647639
list:
dist: 2.3615750838885354 vs. 2.3615750838885354
list:
dist: 2.2653708065546745 vs. 2.2653708065546745
list:
dist: 2.421460304097208 vs. 2.421460304097208
list:
dist: 3.9395916177382704 vs. 3.9395916177382704
list:
dist: 1.6597950440498634 vs. 1.6597950440498634
list:
dist: 1.3669924089760355 vs. 1.3669924089760355
list:
dist: 1.0341478814305625 vs. 1.0341478814305625
list:
dist: 1.508583599270033 vs. 1.508583599270033
list:
dist: 0.3939766269426996 vs. 0.3939766269426996
list:
dist: 1.4060039544473046 vs. 1.4060039544473046
list:
dist: 3.0123881046992613 vs. 3.0123881046992613
list:
dist: 0.8694928208879927 vs. 0.8694928208879927
list:
dist: 2.1136124584341887 vs. 2.1136124584341887
list:
dist: 1.5754013976592862 vs. 1.5754013976592862
list:
dist: 0.8056444101636582 vs. 0.8056444101636582
list:
dist: 1.4976213383910404 vs. 1.4976213383910404
list:
dist: 0.9369130509054606 vs. 0.9369130509054606
list:
dist: 2.1043353460856795 vs. 2.1043353460856795
list:
dist: 1.9297620856538664 vs. 1.9297620856538664
list:
dist: 2.769951147135801 vs. 2.769951147135801
list:
dist: 3.488705463977214 vs. 3.488705463977214
list:
dist: 3.2944942735726674 vs. 3.2944942735726674
list:
dist: 3.725136510814634 vs. 3.725136510814634
list:
dist: 2.996851260508347 vs. 2.996851260508347
list:
dist: 2.281874693424994 vs. 2.281874693424994
list:
dist: 2.3353559770420826 vs. 2.3353559770420826
list:
dist: 3.4070634744793704 vs. 3.4070634744793704
list:
dist: 3.185986695820587 vs. 3.185986695820587
list:
dist: 2.1035109184217706 vs. 2.1035109184217706
list:
dist: 0.6020040946623774 vs. 0.6020040946623774
list:
dist: 1.8816853184729359 vs. 1.8816853184729359
list:
dist: 1.6912198437840738 vs. 1.6912198437840738
list:
dist: 1.6022256187647639 vs. 1.6022256187647639
list:
dist: 1.938561341094279 vs. 1.938561341094279
list:
dist: 1.9273339792235733 vs. 1.9273339792235733
list:
dist: 2.933168260835574 vs. 2.933168260835574
list:
dist: 1.7595620567702634 vs. 1.7595620567702634
list:
dist: 2.180049287119386 vs. 2.180049287119386
list:
dist: 2.7018357210114616 vs. 2.7018357210114616
list:
dist: 3.0272120349633367 vs. 3.0272120349633367
list:
dist: 3.589599574506391 vs. 3.589599574506391
list:
dist: 2.6075247189640245 vs. 2.6075247189640245
list:
dist: 2.1145408842389073 vs. 2.1145408842389073
list:
dist: 2.723921343427307 vs. 2.723921343427307
list:
dist: 2.931015597738585 vs. 2.931015597738585
list:
dist: 0.8362641758767553 vs. 0.8362641758767553
list:
dist: 1.3095527528348714 vs. 1.3095527528348714
list:
dist: 2.273685880793424 vs. 2.273685880793424
list:
dist: 2.10209998597555 vs. 2.10209998597555
list:
dist: 2.019992601927589 vs. 2.019992601927589
list:
dist: 3.722076463892678 vs. 3.722076463892678
list:
dist: 1.6282382579890384 vs. 1.6282382579890384
list:
dist: 1.2708222278649395 vs. 1.2708222278649395
list:
dist: 1.5404400065247454 vs. 1.5404400065247454
list:
dist: 1.888214983434722 vs. 1.888214983434722
list:
dist: 0.907374509720358 vs. 0.907374509720358
list:
dist: 0.9369130509054606 vs. 0.9369130509054606
list:
dist: 0.8451376976092575 vs. 0.8451376976092575
list:
dist: 2.5288583607331505 vs. 2.5288583607331505
list:
dist: 1.4058825151952588 vs. 1.4058825151952588
list:
dist: 1.4354127291676315 vs. 1.4354127291676315
list:
dist: 1.5964829873448536 vs. 1.5964829873448536
list:
dist: 0.841873571654392 vs. 0.841873571654392
list:
dist: 0.6835166034882296 vs. 0.6835166034882296
list:
dist: 1.7405086028428989 vs. 1.7405086028428989
list:
dist: 1.9273023716843911 vs. 1.9273023716843911
list:
dist: 1.952265964270496 vs. 1.952265964270496
list:
dist: 2.564795911323902 vs. 2.564795911323902
list:
dist: 2.3683759988987583 vs. 2.3683759988987583
list:
dist: 2.97311448836596 vs. 2.97311448836596
list:
dist: 2.781836592980301 vs. 2.781836592980301
list:
dist: 1.915451164983427 vs. 1.915451164983427
list:
dist: 1.5641882910525133 vs. 1.5641882910525133
list:
dist: 2.890265585219493 vs. 2.890265585219493
list:
dist: 2.95140936234461 vs. 2.95140936234461
list:
dist: 2.0531650227077907 vs. 2.0531650227077907
list:
dist: 2.1497059662754547 vs. 2.1497059662754547
list:
dist: 1.938561341094279 vs. 1.938561341094279
list:
dist: 3.0388658697587987 vs. 3.0388658697587987
list:
dist: 2.886144784419643 vs. 2.886144784419643
list:
dist: 3.0699190411662745 vs. 3.0699190411662745
list:
dist: 4.606233926880991 vs. 4.606233926880991
list:
dist: 2.3131597870632823 vs. 2.3131597870632823
list:
dist: 2.2334839416272065 vs. 2.2334839416272065
list:
dist: 3.0063195595131273 vs. 3.0063195595131273
list:
dist: 2.602829505501601 vs. 2.602829505501601
list:
dist: 2.305369142018415 vs. 2.305369142018415
list:
dist: 2.6435289226073704 vs. 2.6435289226073704
list:
dist: 2.0175432566822282 vs. 2.0175432566822282
list:
dist: 1.3471064623256257 vs. 1.3471064623256257
list:
dist: 1.5990866540224575 vs. 1.5990866540224575
list:
dist: 2.677177414987717 vs. 2.677177414987717
list:
dist: 2.6415459231216394 vs. 2.6415459231216394
list:
dist: 1.5072063721872733 vs. 1.5072063721872733
list:
dist: 1.8604487708018955 vs. 1.8604487708018955
list:
dist: 4.257017217730195 vs. 4.257017217730195
list:
dist: 3.33351732472466 vs. 3.33351732472466
list:
dist: 3.0256267594749775 vs. 3.0256267594749775
list:
dist: 3.870233274573208 vs. 3.870233274573208
list:
dist: 1.3890295212444161 vs. 1.3890295212444161
list:
dist: 1.5264489438735114 vs. 1.5264489438735114
list:
dist: 0.8285988173788353 vs. 0.8285988173788353
list:
dist: 1.833691691061427 vs. 1.833691691061427
list:
dist: 4.237486166106008 vs. 4.237486166106008
list:
dist: 3.1380222537224784 vs. 3.1380222537224784
list:
dist: 2.45042289167417 vs. 2.45042289167417
list:
dist: 2.5938251046375425 vs. 2.5938251046375425
list:
dist: 1.4283521218753132 vs. 1.4283521218753132
list:
dist: 2.1995302808003103 vs. 2.1995302808003103
list:
dist: 2.783248541976591 vs. 2.783248541976591
list:
dist: 1.8592489538438075 vs. 1.8592489538438075
list:
dist: 1.682670883733152 vs. 1.682670883733152
list:
dist: 1.4360572268128433 vs. 1.4360572268128433
list:
dist: 2.1250537102538822 vs. 2.1250537102538822
list:
dist: 1.833691691061427 vs. 1.833691691061427
list:
dist: 2.134751705952945 vs. 2.134751705952945
list:
dist: 2.5136145546531568 vs. 2.5136145546531568
list:
dist: 2.736330210354964 vs. 2.736330210354964
list:
dist: 3.2740645339368095 vs. 3.2740645339368095
list:
dist: 2.262742048711269 vs. 2.262742048711269
list:
dist: 2.1136124584341887 vs. 2.1136124584341887
list:
dist: 1.94912058202892 vs. 1.94912058202892
list:
dist: 3.131131040138055 vs. 3.131131040138055
list:
dist: 1.9640559224510121 vs. 1.9640559224510121
list:
dist: 1.762654121688772 vs. 1.762654121688772
list:
dist: 1.4192252508257441 vs. 1.4192252508257441
list:
dist: 1.0680553889890663 vs. 1.0680553889890663
list:
dist: 1.4354127291676315 vs. 1.4354127291676315
list:
dist: 1.7058870328704094 vs. 1.7058870328704094
list:
dist: 2.6163785284774725 vs. 2.6163785284774725
list:
dist: 1.3939636649131724 vs. 1.3939636649131724
list:
dist: 1.8407095081260734 vs. 1.8407095081260734
list:
dist: 2.2052571863709156 vs. 2.2052571863709156
list:
dist: 2.7005869372779894 vs. 2.7005869372779894
list:
dist: 3.263659180641206 vs. 3.263659180641206
list:
dist: 2.2652871006825412 vs. 2.2652871006825412
list:
dist: 1.6364519505160813 vs. 1.6364519505160813
list:
dist: 2.562862122642367 vs. 2.562862122642367
list:
dist: 0.7690771607623569 vs. 0.7690771607623569
list:
dist: 1.3820959293405242 vs. 1.3820959293405242
list:
dist: 0.6020040946623774 vs. 0.6020040946623774
list:
dist: 2.1677662130732345 vs. 2.1677662130732345
list:
dist: 2.1530350564221954 vs. 2.1530350564221954
list:
dist: 2.117235515794592 vs. 2.117235515794592
list:
dist: 3.79880359662796 vs. 3.79880359662796
list:
dist: 1.5506826209928788 vs. 1.5506826209928788
list:
dist: 1.0827661964072208 vs. 1.0827661964072208
list:
dist: 0.9777468177383921 vs. 0.9777468177383921
list:
dist: 1.1929674867314939 vs. 1.1929674867314939
list:
dist: 0.3939766269426996 vs. 0.3939766269426996
list:
dist: 1.2144438165904996 vs. 1.2144438165904996
list:
dist: 2.8255257150691655 vs. 2.8255257150691655
list:
dist: 1.2614891608965935 vs. 1.2614891608965935
list:
dist: 2.262742048711269 vs. 2.262742048711269
list:
dist: 1.8290809725041894 vs. 1.8290809725041894
list:
dist: 1.1021979607972903 vs. 1.1021979607972903
list:
dist: 1.5155825881246667 vs. 1.5155825881246667
list:
dist: 0.907374509720358 vs. 0.907374509720358
list:
dist: 2.224395381843771 vs. 2.224395381843771
list:
dist: 1.9431759946039238 vs. 1.9431759946039238
list:
dist: 2.7821127843005056 vs. 2.7821127843005056
list:
dist: 3.453156230026229 vs. 3.453156230026229
list:
dist: 3.1556934363239204 vs. 3.1556934363239204
list:
dist: 3.6646026114483754 vs. 3.6646026114483754
list:
dist: 2.942862003336873 vs. 2.942862003336873
list:
dist: 2.2770114766809413 vs. 2.2770114766809413
list:
dist: 2.279519673005113 vs. 2.279519673005113
list:
dist: 3.4602622186052576 vs. 3.4602622186052576
list:
dist: 3.2998463671411793 vs. 3.2998463671411793
list:
dist: 0.9738061669355071 vs. 0.9738061669355071
list:
dist: 1.7360085591347347 vs. 1.7360085591347347
list:
dist: 1.1929674867314939 vs. 1.1929674867314939
list:
dist: 1.508583599270033 vs. 1.508583599270033
list:
dist: 1.9788904944998806 vs. 1.9788904944998806
list:
dist: 3.360786464663853 vs. 3.360786464663853
list:
dist: 2.2876711427477114 vs. 2.2876711427477114
list:
dist: 3.2740645339368095 vs. 3.2740645339368095
list:
dist: 3.0081610673214936 vs. 3.0081610673214936
list:
dist: 2.253579705615153 vs. 2.253579705615153
list:
dist: 2.520086660901485 vs. 2.520086660901485
list:
dist: 1.888214983434722 vs. 1.888214983434722
list:
dist: 3.339354095620682 vs. 3.339354095620682
list:
dist: 2.8569073986290943 vs. 2.8569073986290943
list:
dist: 3.715356448534437 vs. 3.715356448534437
list:
dist: 4.173140888041058 vs. 4.173140888041058
list:
dist: 3.659585483685398 vs. 3.659585483685398
list:
dist: 4.4693456417406665 vs. 4.4693456417406665
list:
dist: 3.7144128799704323 vs. 3.7144128799704323
list:
dist: 3.226690050687088 vs. 3.226690050687088
list:
dist: 3.1535598378326934 vs. 3.1535598378326934
list:
dist: 4.469740474720734 vs. 4.469740474720734
list:
dist: 4.355203763608474 vs. 4.355203763608474
list:
dist: 1.9583885039021192 vs. 1.9583885039021192
list:
dist: 0.9738061669355071 vs. 0.9738061669355071
list:
dist: 1.0827661964072208 vs. 1.0827661964072208
list:
dist: 1.3669924089760355 vs. 1.3669924089760355
list:
dist: 1.5585703481606905 vs. 1.5585703481606905
list:
dist: 3.1322436893251635 vs. 3.1322436893251635
list:
dist: 2.0789286097586257 vs. 2.0789286097586257
list:
dist: 2.5136145546531568 vs. 2.5136145546531568
list:
dist: 2.742918095805994 vs. 2.742918095805994
list:
dist: 1.839822821652267 vs. 1.839822821652267
list:
dist: 1.8861437091234163 vs. 1.8861437091234163
list:
dist: 1.2708222278649395 vs. 1.2708222278649395
list:
dist: 2.9591513039499375 vs. 2.9591513039499375
list:
dist: 2.817408909548858 vs. 2.817408909548858
list:
dist: 3.0237656382983467 vs. 3.0237656382983467
list:
dist: 3.3038806961943434 vs. 3.3038806961943434
list:
dist: 2.8266146914687447 vs. 2.8266146914687447
list:
dist: 3.9068470843356335 vs. 3.9068470843356335
list:
dist: 3.6354989953723824 vs. 3.6354989953723824
list:
dist: 2.952555012433003 vs. 2.952555012433003
list:
dist: 2.5721173822835204 vs. 2.5721173822835204
list:
dist: 4.043660517760749 vs. 4.043660517760749
list:
dist: 2.9591513039499375 vs. 2.9591513039499375
list:
dist: 2.004757778472832 vs. 2.004757778472832
list:
dist: 3.339354095620682 vs. 3.339354095620682
list:
dist: 2.224395381843771 vs. 2.224395381843771
list:
dist: 2.1043353460856795 vs. 2.1043353460856795
list:
dist: 1.6295516553319231 vs. 1.6295516553319231
list:
dist: 2.1256742688911907 vs. 2.1256742688911907
list:
dist: 2.109436265206453 vs. 2.109436265206453
list:
dist: 1.7058870328704094 vs. 1.7058870328704094
list:
dist: 0.9160763396559317 vs. 0.9160763396559317
list:
dist: 1.6292469239989984 vs. 1.6292469239989984
list:
dist: 1.2513731793904763 vs. 1.2513731793904763
list:
dist: 1.7405086028428989 vs. 1.7405086028428989
list:
dist: 1.1801189973973847 vs. 1.1801189973973847
list:
dist: 1.444424690271021 vs. 1.444424690271021
list:
dist: 2.675657072289361 vs. 2.675657072289361
list:
dist: 2.8331149560142226 vs. 2.8331149560142226
list:
dist: 2.1196881079223773 vs. 2.1196881079223773
list:
dist: 1.7006437442700604 vs. 1.7006437442700604
list:
dist: 0.7955700395825879 vs. 0.7955700395825879
list:
dist: 1.2317822446858182 vs. 1.2317822446858182
list:
dist: 1.3592766473086557 vs. 1.3592766473086557
list:
dist: 1.244888238641944 vs. 1.244888238641944
list:
dist: 2.3945610875898335 vs. 2.3945610875898335
list:
dist: 0.9628844896012506 vs. 0.9628844896012506
list:
dist: 1.9273339792235733 vs. 1.9273339792235733
list:
dist: 2.1040223008248207 vs. 2.1040223008248207
list:
dist: 1.3645803113637966 vs. 1.3645803113637966
list:
dist: 1.76935719309481 vs. 1.76935719309481
list:
dist: 3.1028114394889523 vs. 3.1028114394889523
list:
dist: 1.0911685250181515 vs. 1.0911685250181515
list:
dist: 1.9583885039021192 vs. 1.9583885039021192
list:
dist: 1.7360085591347347 vs. 1.7360085591347347
list:
dist: 0.9777468177383921 vs. 0.9777468177383921
list:
dist: 1.0341478814305625 vs. 1.0341478814305625
list:
dist: 1.4043708761624913 vs. 1.4043708761624913
list:
dist: 2.5085895648813077 vs. 2.5085895648813077
list:
dist: 1.6151862252512852 vs. 1.6151862252512852
list:
dist: 2.736330210354964 vs. 2.736330210354964
list:
dist: 1.6364386512666957 vs. 1.6364386512666957
list:
dist: 1.5317495256317568 vs. 1.5317495256317568
list:
dist: 1.8638422697211576 vs. 1.8638422697211576
list:
dist: 1.5404400065247454 vs. 1.5404400065247454
list:
dist: 2.004757778472832 vs. 2.004757778472832
list:
dist: 1.258797261707089 vs. 1.258797261707089
list:
dist: 2.9517475521161014 vs. 2.9517475521161014
list:
dist: 3.884456145091265 vs. 3.884456145091265
list:
dist: 3.610137731063253 vs. 3.610137731063253
list:
dist: 3.5891753082320257 vs. 3.5891753082320257
list:
dist: 2.2935972167570022 vs. 2.2935972167570022
list:
dist: 1.8836498589714985 vs. 1.8836498589714985
list:
dist: 2.3574354236633073 vs. 2.3574354236633073
list:
dist: 3.1664208973920416 vs. 3.1664208973920416
list:
dist: 2.790501899031218 vs. 2.790501899031218
list:
dist: 2.952555012433003 vs. 2.952555012433003
list:
dist: 1.8836498589714985 vs. 1.8836498589714985
list:
dist: 3.226690050687088 vs. 3.226690050687088
list:
dist: 2.2770114766809413 vs. 2.2770114766809413
list:
dist: 2.281874693424994 vs. 2.281874693424994
list:
dist: 1.4323726569991908 vs. 1.4323726569991908
list:
dist: 1.3898753515128983 vs. 1.3898753515128983
list:
dist: 2.2652871006825412 vs. 2.2652871006825412
list:
dist: 1.4895622253881082 vs. 1.4895622253881082
list:
dist: 2.060562495813325 vs. 2.060562495813325
list:
dist: 1.4939310784064261 vs. 1.4939310784064261
list:
dist: 1.915451164983427 vs. 1.915451164983427
list:
dist: 0.7955700395825879 vs. 0.7955700395825879
list:
dist: 0.8282742222766021 vs. 0.8282742222766021
list:
dist: 1.630858733387191 vs. 1.630858733387191
list:
dist: 2.837496667448393 vs. 2.837496667448393
list:
dist: 2.7794568257837553 vs. 2.7794568257837553
list:
dist: 1.8699224691979859 vs. 1.8699224691979859
list:
dist: 0.9992835026781275 vs. 0.9992835026781275
list:
dist: 1.1260377471353287 vs. 1.1260377471353287
list:
dist: 1.3242885080047193 vs. 1.3242885080047193
list:
dist: 1.2935829250152635 vs. 1.2935829250152635
list:
dist: 2.924191798654828 vs. 2.924191798654828
list:
dist: 1.7109467866625028 vs. 1.7109467866625028
list:
dist: 2.6075247189640245 vs. 2.6075247189640245
list:
dist: 2.3253647786137535 vs. 2.3253647786137535
list:
dist: 1.8271066391993636 vs. 1.8271066391993636
list:
dist: 2.2312030293598437 vs. 2.2312030293598437
list:
dist: 3.2637304078464946 vs. 3.2637304078464946
list:
dist: 1.5841853438862954 vs. 1.5841853438862954
list:
dist: 1.5506826209928788 vs. 1.5506826209928788
list:
dist: 1.783155086402934 vs. 1.783155086402934
list:
dist: 2.282486176256219 vs. 2.282486176256219
list:
dist: 1.6597950440498634 vs. 1.6597950440498634
list:
dist: 2.3131597870632823 vs. 2.3131597870632823
list:
dist: 1.0911685250181515 vs. 1.0911685250181515
list:
dist: 2.2275263796746594 vs. 2.2275263796746594
list:
dist: 0.9538979106413531 vs. 0.9538979106413531
list:
dist: 2.053967289201683 vs. 2.053967289201683
list:
dist: 2.531552223999516 vs. 2.531552223999516
list:
dist: 1.6959527818790874 vs. 1.6959527818790874
list:
dist: 2.391820781226226 vs. 2.391820781226226
list:
dist: 1.5841853438862954 vs. 1.5841853438862954
list:
dist: 1.355767121711959 vs. 1.355767121711959
list:
dist: 1.122946307603311 vs. 1.122946307603311
list:
dist: 1.6198947035327218 vs. 1.6198947035327218
list:
dist: 1.951740470797156 vs. 1.951740470797156
list:
dist: 0.7162871263816859 vs. 0.7162871263816859
list:
dist: 1.6282382579890384 vs. 1.6282382579890384
list:
dist: 1.1175361998543514 vs. 1.1175361998543514
list:
dist: 0.6920570389889997 vs. 0.6920570389889997
list:
dist: 0.7773848113873103 vs. 0.7773848113873103
list:
dist: 2.3340542495308494 vs. 2.3340542495308494
list:
dist: 3.0237656382983467 vs. 3.0237656382983467
list:
dist: 2.9517475521161014 vs. 2.9517475521161014
list:
dist: 3.715356448534437 vs. 3.715356448534437
list:
dist: 2.7821127843005056 vs. 2.7821127843005056
list:
dist: 2.769951147135801 vs. 2.769951147135801
list:
dist: 1.8375869030194398 vs. 1.8375869030194398
list:
dist: 2.1554586874664445 vs. 2.1554586874664445
list:
dist: 4.4647604509659145 vs. 4.4647604509659145
list:
dist: 1.3939636649131724 vs. 1.3939636649131724
list:
dist: 2.145146297828548 vs. 2.145146297828548
list:
dist: 2.26242831178794 vs. 2.26242831178794
list:
dist: 1.2852604774035712 vs. 1.2852604774035712
list:
dist: 1.952265964270496 vs. 1.952265964270496
list:
dist: 1.444424690271021 vs. 1.444424690271021
list:
dist: 2.3444101175077345 vs. 2.3444101175077345
list:
dist: 1.2713796066150698 vs. 1.2713796066150698
list:
dist: 1.5866498470610704 vs. 1.5866498470610704
list:
dist: 1.3098890013027695 vs. 1.3098890013027695
list:
dist: 2.4779040312766654 vs. 2.4779040312766654
list:
dist: 1.630858733387191 vs. 1.630858733387191
list:
dist: 0.7391254669245116 vs. 0.7391254669245116
list:
dist: 1.5524554892012865 vs. 1.5524554892012865
list:
dist: 4.257017217730195 vs. 4.257017217730195
list:
dist: 4.499848604863802 vs. 4.499848604863802
list:
dist: 1.6897989847324297 vs. 1.6897989847324297
list:
dist: 1.4618641383330921 vs. 1.4618641383330921
list:
dist: 1.7595620567702634 vs. 1.7595620567702634
list:
dist: 1.1197165787171648 vs. 1.1197165787171648
list:
dist: 1.6012084623358565 vs. 1.6012084623358565
list:
dist: 1.5427031424841957 vs. 1.5427031424841957
list:
dist: 2.8890412953565803 vs. 2.8890412953565803
list:
dist: 0.9538979106413531 vs. 0.9538979106413531
list:
dist: 1.839822821652267 vs. 1.839822821652267
list:
dist: 1.5317495256317568 vs. 1.5317495256317568
list:
dist: 2.253579705615153 vs. 2.253579705615153
list:
dist: 1.1021979607972903 vs. 1.1021979607972903
list:
dist: 0.8056444101636582 vs. 0.8056444101636582
list:
dist: 1.4994652909146475 vs. 1.4994652909146475
list:
dist: 3.0352199745278075 vs. 3.0352199745278075
list:
dist: 0.6625173263627625 vs. 0.6625173263627625
list:
dist: 1.4192252508257441 vs. 1.4192252508257441
list:
dist: 1.0745379455454336 vs. 1.0745379455454336
list:
dist: 1.1003365979591588 vs. 1.1003365979591588
list:
dist: 0.841873571654392 vs. 0.841873571654392
list:
dist: 1.6292469239989984 vs. 1.6292469239989984
list:
dist: 1.915550852637336 vs. 1.915550852637336
list:
dist: 2.26242831178794 vs. 2.26242831178794
list:
dist: 3.022073553462642 vs. 3.022073553462642
list:
dist: 3.0359364813201166 vs. 3.0359364813201166
list:
dist: 3.3590360682799543 vs. 3.3590360682799543
list:
dist: 2.9355902321338387 vs. 2.9355902321338387
list:
dist: 2.060562495813325 vs. 2.060562495813325
list:
dist: 2.009427648358472 vs. 2.009427648358472
list:
dist: 2.950999806766592 vs. 2.950999806766592
list:
dist: 2.7883596871549368 vs. 2.7883596871549368
list:
dist: 2.1187458879539136 vs. 2.1187458879539136
list:
dist: 1.8678956158351696 vs. 1.8678956158351696
list:
dist: 1.6912198437840738 vs. 1.6912198437840738
list:
dist: 3.2124943727683877 vs. 3.2124943727683877
list:
dist: 2.735576608678799 vs. 2.735576608678799
list:
dist: 2.974305463746269 vs. 2.974305463746269
list:
dist: 4.571208631930514 vs. 4.571208631930514
list:
dist: 2.282486176256219 vs. 2.282486176256219
list:
dist: 4.043660517760749 vs. 4.043660517760749
list:
dist: 3.1664208973920416 vs. 3.1664208973920416
list:
dist: 4.469740474720734 vs. 4.469740474720734
list:
dist: 3.4602622186052576 vs. 3.4602622186052576
list:
dist: 3.4070634744793704 vs. 3.4070634744793704
list:
dist: 2.5515809298529994 vs. 2.5515809298529994
list:
dist: 2.0719600425615696 vs. 2.0719600425615696
list:
dist: 2.562862122642367 vs. 2.562862122642367
list:
dist: 2.230908353708366 vs. 2.230908353708366
list:
dist: 2.950999806766592 vs. 2.950999806766592
list:
dist: 2.2711720362028935 vs. 2.2711720362028935
list:
dist: 2.890265585219493 vs. 2.890265585219493
list:
dist: 1.3592766473086557 vs. 1.3592766473086557
list:
dist: 2.041124919382766 vs. 2.041124919382766
list:
dist: 1.5524554892012865 vs. 1.5524554892012865
list:
dist: 2.6972268542729116 vs. 2.6972268542729116
list:
dist: 2.9653647364265665 vs. 2.9653647364265665
list:
dist: 1.3186844273101361 vs. 1.3186844273101361
list:
dist: 1.6638571769175055 vs. 1.6638571769175055
list:
dist: 1.3242885080047193 vs. 1.3242885080047193
list:
dist: 1.6094454052253364 vs. 1.6094454052253364
list:
dist: 1.0297476198531634 vs. 1.0297476198531634
list:
dist: 3.013656616223912 vs. 3.013656616223912
list:
dist: 1.5969158783170483 vs. 1.5969158783170483
list:
dist: 2.723921343427307 vs. 2.723921343427307
list:
dist: 1.4824287947879684 vs. 1.4824287947879684
list:
dist: 0.9871707897078567 vs. 0.9871707897078567
list:
dist: 1.3154747080696176 vs. 1.3154747080696176
list:
dist: 1.9449961312778974 vs. 1.9449961312778974
list:
dist: 1.122946307603311 vs. 1.122946307603311
list:
dist: 2.6090289932841455 vs. 2.6090289932841455
list:
dist: 0.7690771607623569 vs. 0.7690771607623569
list:
dist: 2.5147190929709264 vs. 2.5147190929709264
list:
dist: 2.1187458879539136 vs. 2.1187458879539136
list:
dist: 1.7266949513993903 vs. 1.7266949513993903
list:
dist: 2.0531650227077907 vs. 2.0531650227077907
list:
dist: 2.3945610875898335 vs. 2.3945610875898335
list:
dist: 3.3545359245988506 vs. 3.3545359245988506
list:
dist: 1.6897989847324297 vs. 1.6897989847324297
list:
dist: 1.588426473195432 vs. 1.588426473195432
list:
dist: 2.140510028412417 vs. 2.140510028412417
list:
dist: 2.947225524398969 vs. 2.947225524398969
list:
dist: 3.9082069517317453 vs. 3.9082069517317453
list:
dist: 2.924191798654828 vs. 2.924191798654828
list:
dist: 2.1217957353435484 vs. 2.1217957353435484
list:
dist: 3.013656616223912 vs. 3.013656616223912
list:
dist: 1.9139726421812657 vs. 1.9139726421812657
list:
dist: 0.8362641758767553 vs. 0.8362641758767553
list:
dist: 2.222896069170731 vs. 2.222896069170731
list:
dist: 2.5378486664922675 vs. 2.5378486664922675
list:
dist: 2.330735935476386 vs. 2.330735935476386
list:
dist: 3.9491584413782355 vs. 3.9491584413782355
list:
dist: 1.951740470797156 vs. 1.951740470797156
list:
dist: 2.3029307738473443 vs. 2.3029307738473443
list:
dist: 1.3820959293405242 vs. 1.3820959293405242
list:
dist: 1.281766489862501 vs. 1.281766489862501
list:
dist: 1.8678956158351696 vs. 1.8678956158351696
list:
dist: 1.613871748215127 vs. 1.613871748215127
list:
dist: 2.1497059662754547 vs. 2.1497059662754547
list:
dist: 0.9628844896012506 vs. 0.9628844896012506
list:
dist: 2.1141357753435748 vs. 2.1141357753435748
list:
dist: 1.4618641383330921 vs. 1.4618641383330921
list:
dist: 2.5080777799399496 vs. 2.5080777799399496
list:
dist: 2.964293333941781 vs. 2.964293333941781
list:
dist: 2.370701830663024 vs. 2.370701830663024
list:
dist: 2.568502722698214 vs. 2.568502722698214
list:
dist: 1.7109467866625028 vs. 1.7109467866625028
list:
dist: 1.7074738880529772 vs. 1.7074738880529772
list:
dist: 1.5969158783170483 vs. 1.5969158783170483
list:
dist: 1.6508811405251205 vs. 1.6508811405251205
list:
dist: 1.9139726421812657 vs. 1.9139726421812657
list:
dist: 1.3095527528348714 vs. 1.3095527528348714
list:
dist: 1.789318718079087 vs. 1.789318718079087
list:
dist: 0.9444925089205118 vs. 0.9444925089205118
list:
dist: 1.174123682584308 vs. 1.174123682584308
list:
dist: 2.7789100780129337 vs. 2.7789100780129337
list:
dist: 0.7162871263816859 vs. 0.7162871263816859
list:
dist: 3.1322436893251635 vs. 3.1322436893251635
list:
dist: 2.5085895648813077 vs. 2.5085895648813077
list:
dist: 3.360786464663853 vs. 3.360786464663853
list:
dist: 2.8255257150691655 vs. 2.8255257150691655
list:
dist: 3.0123881046992613 vs. 3.0123881046992613
list:
dist: 1.7244224763354277 vs. 1.7244224763354277
list:
dist: 3.131131040138055 vs. 3.131131040138055
list:
dist: 2.78790270450445 vs. 2.78790270450445
list:
dist: 3.0352199745278075 vs. 3.0352199745278075
list:
dist: 2.2195035227510336 vs. 2.2195035227510336
list:
dist: 2.5288583607331505 vs. 2.5288583607331505
list:
dist: 2.1256742688911907 vs. 2.1256742688911907
list:
dist: 1.805443366423154 vs. 1.805443366423154
list:
dist: 2.1554586874664445 vs. 2.1554586874664445
list:
dist: 2.9824714972685924 vs. 2.9824714972685924
list:
dist: 2.5624324126389215 vs. 2.5624324126389215
list:
dist: 1.7585854117567516 vs. 1.7585854117567516
list:
dist: 1.2997965495856285 vs. 1.2997965495856285
list:
dist: 1.3898753515128983 vs. 1.3898753515128983
list:
dist: 1.5364162453656993 vs. 1.5364162453656993
list:
dist: 2.0719600425615696 vs. 2.0719600425615696
list:
dist: 2.407047684910263 vs. 2.407047684910263
list:
dist: 2.817408909548858 vs. 2.817408909548858
list:
dist: 1.258797261707089 vs. 1.258797261707089
list:
dist: 2.8569073986290943 vs. 2.8569073986290943
list:
dist: 1.9431759946039238 vs. 1.9431759946039238
list:
dist: 1.9297620856538664 vs. 1.9297620856538664
list:
dist: 1.5124353121076406 vs. 1.5124353121076406
list:
dist: 1.805443366423154 vs. 1.805443366423154
list:
dist: 2.225993420168334 vs. 2.225993420168334
list:
dist: 2.6163785284774725 vs. 2.6163785284774725
list:
dist: 1.3271498681341494 vs. 1.3271498681341494
list:
dist: 1.915550852637336 vs. 1.915550852637336
list:
dist: 1.7737111780966826 vs. 1.7737111780966826
list:
dist: 1.9273023716843911 vs. 1.9273023716843911
list:
dist: 1.1801189973973847 vs. 1.1801189973973847
list:
dist: 2.3444101175077345 vs. 2.3444101175077345
list:
dist: 3.51339487033267 vs. 3.51339487033267
list:
dist: 3.3840133715648126 vs. 3.3840133715648126
list:
dist: 2.68843760387919 vs. 2.68843760387919
list:
dist: 1.1452149693298124 vs. 1.1452149693298124
list:
dist: 0.8282742222766021 vs. 0.8282742222766021
list:
dist: 1.7889352769557787 vs. 1.7889352769557787
list:
dist: 2.041124919382766 vs. 2.041124919382766
list:
dist: 1.6027344974609334 vs. 1.6027344974609334
list:
dist: 3.3545359245988506 vs. 3.3545359245988506
list:
dist: 2.1141357753435748 vs. 2.1141357753435748
list:
dist: 2.933168260835574 vs. 2.933168260835574
list:
dist: 3.1061938376805007 vs. 3.1061938376805007
list:
dist: 2.4077759623524724 vs. 2.4077759623524724
list:
dist: 2.8743465393071 vs. 2.8743465393071
list:
dist: 3.9304892172437427 vs. 3.9304892172437427
list:
dist: 2.2275263796746594 vs. 2.2275263796746594
list:
dist: 3.6354989953723824 vs. 3.6354989953723824
list:
dist: 2.2935972167570022 vs. 2.2935972167570022
list:
dist: 3.7144128799704323 vs. 3.7144128799704323
list:
dist: 2.942862003336873 vs. 2.942862003336873
list:
dist: 2.996851260508347 vs. 2.996851260508347
list:
dist: 2.148253797737892 vs. 2.148253797737892
list:
dist: 1.2997965495856285 vs. 1.2997965495856285
list:
dist: 3.263659180641206 vs. 3.263659180641206
list:
dist: 2.2742191695480445 vs. 2.2742191695480445
list:
dist: 2.9355902321338387 vs. 2.9355902321338387
list:
dist: 2.4511542862759845 vs. 2.4511542862759845
list:
dist: 2.781836592980301 vs. 2.781836592980301
list:
dist: 1.7006437442700604 vs. 1.7006437442700604
list:
dist: 1.1452149693298124 vs. 1.1452149693298124
list:
dist: 2.4779040312766654 vs. 2.4779040312766654
list:
dist: 3.6356161588708678 vs. 3.6356161588708678
list:
dist: 3.4842704003179197 vs. 3.4842704003179197
list:
dist: 2.2149812924125465 vs. 2.2149812924125465
list:
dist: 0.9992835026781275 vs. 0.9992835026781275
list:
dist: 1.9654257904157166 vs. 1.9654257904157166
list:
dist: 1.6638571769175055 vs. 1.6638571769175055
list:
dist: 1.43793665291551 vs. 1.43793665291551
list:
dist: 3.9082069517317453 vs. 3.9082069517317453
list:
dist: 2.568502722698214 vs. 2.568502722698214
list:
dist: 3.589599574506391 vs. 3.589599574506391
list:
dist: 2.9632117837407828 vs. 2.9632117837407828
list:
dist: 2.4308779342034663 vs. 2.4308779342034663
list:
dist: 2.8807757106357106 vs. 2.8807757106357106
list:
dist: 3.4570751489412292 vs. 3.4570751489412292
list:
dist: 2.391820781226226 vs. 2.391820781226226
list:
dist: 2.0789286097586257 vs. 2.0789286097586257
list:
dist: 1.6151862252512852 vs. 1.6151862252512852
list:
dist: 2.2876711427477114 vs. 2.2876711427477114
list:
dist: 1.2614891608965935 vs. 1.2614891608965935
list:
dist: 0.8694928208879927 vs. 0.8694928208879927
list:
dist: 2.0378232075478517 vs. 2.0378232075478517
list:
dist: 1.9640559224510121 vs. 1.9640559224510121
list:
dist: 1.3303157204883025 vs. 1.3303157204883025
list:
dist: 0.6625173263627625 vs. 0.6625173263627625
list:
dist: 1.7602298865602937 vs. 1.7602298865602937
list:
dist: 1.4058825151952588 vs. 1.4058825151952588
list:
dist: 2.109436265206453 vs. 2.109436265206453
list:
dist: 2.225993420168334 vs. 2.225993420168334
list:
dist: 2.6090289932841455 vs. 2.6090289932841455
list:
dist: 2.3029307738473443 vs. 2.3029307738473443
list:
dist: 2.1035109184217706 vs. 2.1035109184217706
list:
dist: 1.5585703481606905 vs. 1.5585703481606905
list:
dist: 1.4043708761624913 vs. 1.4043708761624913
list:
dist: 1.9788904944998806 vs. 1.9788904944998806
list:
dist: 1.2144438165904996 vs. 1.2144438165904996
list:
dist: 1.4060039544473046 vs. 1.4060039544473046
list:
dist: 1.7244224763354277 vs. 1.7244224763354277
list:
dist: 2.0378232075478517 vs. 2.0378232075478517
list:
dist: 1.94912058202892 vs. 1.94912058202892
list:
dist: 1.8053940805640645 vs. 1.8053940805640645
list:
dist: 1.4994652909146475 vs. 1.4994652909146475
list:
dist: 0.8918057129892495 vs. 0.8918057129892495
list:
dist: 0.8451376976092575 vs. 0.8451376976092575
list:
dist: 1.6295516553319231 vs. 1.6295516553319231
list:
dist: 1.5124353121076406 vs. 1.5124353121076406
list:
dist: 1.8375869030194398 vs. 1.8375869030194398
list:
dist: 2.586180462126503 vs. 2.586180462126503
list:
dist: 2.214853263769264 vs. 2.214853263769264
list:
dist: 2.5149759990377136 vs. 2.5149759990377136
list:
dist: 2.148253797737892 vs. 2.148253797737892
list:
dist: 1.4323726569991908 vs. 1.4323726569991908
list:
dist: 1.194583904383448 vs. 1.194583904383448
list:
dist: 2.5515809298529994 vs. 2.5515809298529994
list:
dist: 2.670828847266864 vs. 2.670828847266864
list:
dist: 1.736135668685372 vs. 1.736135668685372
list:
dist: 3.1402741657447595 vs. 3.1402741657447595
list:
dist: 2.117235515794592 vs. 2.117235515794592
list:
dist: 2.3967338975594648 vs. 2.3967338975594648
list:
dist: 2.974305463746269 vs. 2.974305463746269
list:
dist: 2.421460304097208 vs. 2.421460304097208
list:
dist: 3.0699190411662745 vs. 3.0699190411662745
list:
dist: 1.76935719309481 vs. 1.76935719309481
list:
dist: 2.8743465393071 vs. 2.8743465393071
list:
dist: 1.5427031424841957 vs. 1.5427031424841957
list:
dist: 2.3743666319737278 vs. 2.3743666319737278
list:
dist: 3.015833162529502 vs. 3.015833162529502
list:
dist: 1.9469725602808439 vs. 1.9469725602808439
list:
dist: 2.8807757106357106 vs. 2.8807757106357106
list:
dist: 2.2312030293598437 vs. 2.2312030293598437
list:
dist: 2.0638402754881167 vs. 2.0638402754881167
list:
dist: 1.3154747080696176 vs. 1.3154747080696176
list:
dist: 1.8596252977317633 vs. 1.8596252977317633
list:
dist: 2.330735935476386 vs. 2.330735935476386
list:
dist: 1.174123682584308 vs. 1.174123682584308
list:
dist: 2.019992601927589 vs. 2.019992601927589
list:
dist: 1.0130905537946586 vs. 1.0130905537946586
list:
dist: 0.5664918808930101 vs. 0.5664918808930101
list:
dist: 1.7089975715193555 vs. 1.7089975715193555
list:
dist: 0.7773848113873103 vs. 0.7773848113873103
list:
dist: 2.1677662130732345 vs. 2.1677662130732345
list:
dist: 2.8719436949309305 vs. 2.8719436949309305
list:
dist: 3.2124943727683877 vs. 3.2124943727683877
list:
dist: 2.3615750838885354 vs. 2.3615750838885354
list:
dist: 3.0388658697587987 vs. 3.0388658697587987
list:
dist: 2.1040223008248207 vs. 2.1040223008248207
list:
dist: 3.1061938376805007 vs. 3.1061938376805007
list:
dist: 1.1197165787171648 vs. 1.1197165787171648
list:
dist: 1.608286111103031 vs. 1.608286111103031
list:
dist: 2.243024868828466 vs. 2.243024868828466
list:
dist: 1.2676132937940792 vs. 1.2676132937940792
list:
dist: 2.9632117837407828 vs. 2.9632117837407828
list:
dist: 2.3253647786137535 vs. 2.3253647786137535
list:
dist: 1.7537625281846534 vs. 1.7537625281846534
list:
dist: 1.4824287947879684 vs. 1.4824287947879684
list:
dist: 4.237486166106008 vs. 4.237486166106008
list:
dist: 4.657118740355777 vs. 4.657118740355777
list:
dist: 2.222896069170731 vs. 2.222896069170731
list:
dist: 1.789318718079087 vs. 1.789318718079087
list:
dist: 2.273685880793424 vs. 2.273685880793424
list:
dist: 1.3763739381187574 vs. 1.3763739381187574
list:
dist: 1.0130905537946586 vs. 1.0130905537946586
list:
dist: 1.9546754874876362 vs. 1.9546754874876362
list:
dist: 1.1175361998543514 vs. 1.1175361998543514
list:
dist: 3.79880359662796 vs. 3.79880359662796
list:
dist: 3.8318470506493383 vs. 3.8318470506493383
list:
dist: 4.571208631930514 vs. 4.571208631930514
list:
dist: 3.9395916177382704 vs. 3.9395916177382704
list:
dist: 4.606233926880991 vs. 4.606233926880991
list:
dist: 3.1028114394889523 vs. 3.1028114394889523
list:
dist: 3.9304892172437427 vs. 3.9304892172437427
list:
dist: 2.8890412953565803 vs. 2.8890412953565803
list:
dist: 3.5463311571459912 vs. 3.5463311571459912
list:
dist: 4.131776689283153 vs. 4.131776689283153
list:
dist: 2.441191476927013 vs. 2.441191476927013
list:
dist: 3.4570751489412292 vs. 3.4570751489412292
list:
dist: 3.2637304078464946 vs. 3.2637304078464946
list:
dist: 3.308480441618426 vs. 3.308480441618426
list:
dist: 1.9449961312778974 vs. 1.9449961312778974
list:
dist: 2.500451840541713 vs. 2.500451840541713
list:
dist: 3.9491584413782355 vs. 3.9491584413782355
list:
dist: 2.7789100780129337 vs. 2.7789100780129337
list:
dist: 3.722076463892678 vs. 3.722076463892678
list:
dist: 1.9546754874876362 vs. 1.9546754874876362
list:
dist: 1.8576284052066563 vs. 1.8576284052066563
list:
dist: 1.7089975715193555 vs. 1.7089975715193555
list:
dist: 2.3340542495308494 vs. 2.3340542495308494
list:
dist: 2.742918095805994 vs. 2.742918095805994
list:
dist: 1.6364386512666957 vs. 1.6364386512666957
list:
dist: 3.0081610673214936 vs. 3.0081610673214936
list:
dist: 1.8290809725041894 vs. 1.8290809725041894
list:
dist: 1.5754013976592862 vs. 1.5754013976592862
list:
dist: 1.8053940805640645 vs. 1.8053940805640645
list:
dist: 2.78790270450445 vs. 2.78790270450445
list:
dist: 1.3303157204883025 vs. 1.3303157204883025
list:
dist: 1.762654121688772 vs. 1.762654121688772
list:
dist: 1.0745379455454336 vs. 1.0745379455454336
list:
dist: 1.4282459414194482 vs. 1.4282459414194482
list:
dist: 1.5964829873448536 vs. 1.5964829873448536
list:
dist: 0.9160763396559317 vs. 0.9160763396559317
list:
dist: 1.3271498681341494 vs. 1.3271498681341494
list:
dist: 2.145146297828548 vs. 2.145146297828548
list:
dist: 3.233885948963213 vs. 3.233885948963213
list:
dist: 3.3746631019080637 vs. 3.3746631019080637
list:
dist: 3.0142318369498056 vs. 3.0142318369498056
list:
dist: 2.2742191695480445 vs. 2.2742191695480445
list:
dist: 1.4895622253881082 vs. 1.4895622253881082
list:
dist: 1.920362160689916 vs. 1.920362160689916
list:
dist: 2.230908353708366 vs. 2.230908353708366
list:
dist: 1.8190849773231317 vs. 1.8190849773231317
list:
dist: 2.5147190929709264 vs. 2.5147190929709264
list:
dist: 1.281766489862501 vs. 1.281766489862501
list:
dist: 1.8816853184729359 vs. 1.8816853184729359
list:
dist: 2.8719436949309305 vs. 2.8719436949309305
list:
dist: 2.005789589016456 vs. 2.005789589016456
list:
dist: 2.3967338975594648 vs. 2.3967338975594648
list:
dist: 3.8318470506493383 vs. 3.8318470506493383
list:
dist: 1.783155086402934 vs. 1.783155086402934
list:
dist: 2.790501899031218 vs. 2.790501899031218
list:
dist: 4.355203763608474 vs. 4.355203763608474
list:
dist: 3.2998463671411793 vs. 3.2998463671411793
list:
dist: 3.185986695820587 vs. 3.185986695820587
list:
dist: 2.670828847266864 vs. 2.670828847266864
list:
dist: 2.407047684910263 vs. 2.407047684910263
list:
dist: 1.8190849773231317 vs. 1.8190849773231317
list:
dist: 2.7883596871549368 vs. 2.7883596871549368
list:
dist: 2.470304784707336 vs. 2.470304784707336
list:
dist: 2.95140936234461 vs. 2.95140936234461
list:
dist: 1.244888238641944 vs. 1.244888238641944
list:
dist: 1.6027344974609334 vs. 1.6027344974609334
list:
dist: 1.43793665291551 vs. 1.43793665291551
list:
dist: 1.2935829250152635 vs. 1.2935829250152635
list:
dist: 2.1249309447461022 vs. 2.1249309447461022
list:
dist: 1.0297476198531634 vs. 1.0297476198531634
list:
dist: 1.6508811405251205 vs. 1.6508811405251205
list:
dist: 2.931015597738585 vs. 2.931015597738585
list:
dist: 1.3102180314025103 vs. 1.3102180314025103
list:
dist: 1.8596252977317633 vs. 1.8596252977317633
list:
dist: 2.500451840541713 vs. 2.500451840541713
list:
dist: 1.6198947035327218 vs. 1.6198947035327218
list:
dist: 2.1530350564221954 vs. 2.1530350564221954
list:
dist: 2.005789589016456 vs. 2.005789589016456
list:
dist: 2.735576608678799 vs. 2.735576608678799
list:
dist: 2.2653708065546745 vs. 2.2653708065546745
list:
dist: 2.886144784419643 vs. 2.886144784419643
list:
dist: 1.3645803113637966 vs. 1.3645803113637966
list:
dist: 2.4077759623524724 vs. 2.4077759623524724
list:
dist: 1.6012084623358565 vs. 1.6012084623358565
list:
dist: 2.660220737509591 vs. 2.660220737509591
list:
dist: 3.171320700120041 vs. 3.171320700120041
list:
dist: 1.9683859588565296 vs. 1.9683859588565296
list:
dist: 2.4308779342034663 vs. 2.4308779342034663
list:
dist: 1.8271066391993636 vs. 1.8271066391993636
list:
dist: 1.932874528532216 vs. 1.932874528532216
list:
dist: 0.9871707897078567 vs. 0.9871707897078567
list:
dist: 1.3102180314025103 vs. 1.3102180314025103
list:
dist: 2.5378486664922675 vs. 2.5378486664922675
list:
dist: 0.9444925089205118 vs. 0.9444925089205118
list:
dist: 2.10209998597555 vs. 2.10209998597555
list:
dist: 1.3763739381187574 vs. 1.3763739381187574
list:
dist: 0.5664918808930101 vs. 0.5664918808930101
list:
dist: 1.8576284052066563 vs. 1.8576284052066563
list:
dist: 0.6920570389889997 vs. 0.6920570389889997
list:
dist: 2.5721173822835204 vs. 2.5721173822835204
list:
dist: 2.3574354236633073 vs. 2.3574354236633073
list:
dist: 3.1535598378326934 vs. 3.1535598378326934
list:
dist: 2.279519673005113 vs. 2.279519673005113
list:
dist: 2.3353559770420826 vs. 2.3353559770420826
list:
dist: 1.194583904383448 vs. 1.194583904383448
list:
dist: 1.5364162453656993 vs. 1.5364162453656993
list:
dist: 1.6364519505160813 vs. 1.6364519505160813
list:
dist: 1.920362160689916 vs. 1.920362160689916
list:
dist: 2.009427648358472 vs. 2.009427648358472
list:
dist: 0.9689463791532852 vs. 0.9689463791532852
list:
dist: 1.5641882910525133 vs. 1.5641882910525133
list:
dist: 1.2317822446858182 vs. 1.2317822446858182
list:
dist: 1.7889352769557787 vs. 1.7889352769557787
list:
dist: 0.7391254669245116 vs. 0.7391254669245116
list:
dist: 1.7551224952239175 vs. 1.7551224952239175
list:
dist: 1.6723285909246062 vs. 1.6723285909246062
list:
dist: 1.4104166984428725 vs. 1.4104166984428725
list:
dist: 1.9654257904157166 vs. 1.9654257904157166
list:
dist: 1.1260377471353287 vs. 1.1260377471353287
list:
dist: 1.6094454052253364 vs. 1.6094454052253364
list:
dist: 2.1249309447461022 vs. 2.1249309447461022
list:
dist: 2.1217957353435484 vs. 2.1217957353435484
list:
dist: 1.7074738880529772 vs. 1.7074738880529772
list:
dist: 2.1145408842389073 vs. 2.1145408842389073
list:
dist: 1.7537625281846534 vs. 1.7537625281846534
list:
dist: 1.932874528532216 vs. 1.932874528532216
list:
dist: 2.0638402754881167 vs. 2.0638402754881167
list:
dist: 3.308480441618426 vs. 3.308480441618426
list:
dist: 1.355767121711959 vs. 1.355767121711959
list:
dist: 3.2296498063021692 vs. 3.2296498063021692
list:
dist: 2.0914637719146763 vs. 2.0914637719146763
list:
dist: 2.7156362300507366 vs. 2.7156362300507366
list:
dist: 1.2856452864917152 vs. 1.2856452864917152
list:
dist: 2.0441909748703666 vs. 2.0441909748703666
list:
dist: 3.1236156424595336 vs. 3.1236156424595336
list:
dist: 2.0965206055327603 vs. 2.0965206055327603
list:
dist: 2.1603975457936766 vs. 2.1603975457936766
list:
dist: 1.9580125634148269 vs. 1.9580125634148269
list:
dist: 2.4056149030080656 vs. 2.4056149030080656
list:
dist: 1.443804428488253 vs. 1.443804428488253
list:
dist: 1.7515550684432972 vs. 1.7515550684432972
list:
dist: 1.0047071765200144 vs. 1.0047071765200144
list:
dist: 1.1212981162463536 vs. 1.1212981162463536
list:
dist: 2.0142211736247937 vs. 2.0142211736247937
list:
dist: 1.368184161717762 vs. 1.368184161717762
list:
dist: 1.2267317352003533 vs. 1.2267317352003533
list:
dist: 1.0224740249052626 vs. 1.0224740249052626
list:
dist: 3.616516635741542 vs. 3.616516635741542
list:
dist: 2.3498312482268657 vs. 2.3498312482268657
list:
dist: 2.458675712199026 vs. 2.458675712199026
list:
dist: 1.7843458057558612 vs. 1.7843458057558612
list:
dist: 3.473915959676761 vs. 3.473915959676761
list:
dist: 2.8115172810131117 vs. 2.8115172810131117
list:
dist: 1.901329211589722 vs. 1.901329211589722
list:
dist: 2.9261704431686204 vs. 2.9261704431686204
list:
dist: 2.5265174599196745 vs. 2.5265174599196745
list:
dist: 2.377107553239663 vs. 2.377107553239663
list:
dist: 0.93617489619942 vs. 0.93617489619942
list:
dist: 2.2918260646824695 vs. 2.2918260646824695
list:
dist: 2.9345827030873264 vs. 2.9345827030873264
list:
dist: 1.3019188295553477 vs. 1.3019188295553477
list:
dist: 1.0213921116774214 vs. 1.0213921116774214
list:
dist: 1.2454197480848308 vs. 1.2454197480848308
list:
dist: 1.1754025576189386 vs. 1.1754025576189386
list:
dist: 0.5322511641293962 vs. 0.5322511641293962
list:
dist: 3.0885280696769644 vs. 3.0885280696769644
list:
dist: 2.0857247485793766 vs. 2.0857247485793766
list:
dist: 1.9026912115923553 vs. 1.9026912115923553
list:
dist: 1.443804428488253 vs. 1.443804428488253
list:
dist: 2.2730109356181183 vs. 2.2730109356181183
list:
dist: 1.4769351290519892 vs. 1.4769351290519892
list:
dist: 1.3362505141033405 vs. 1.3362505141033405
list:
dist: 1.149939345803861 vs. 1.149939345803861
list:
dist: 1.0528658850076935 vs. 1.0528658850076935
list:
dist: 2.3346131107595425 vs. 2.3346131107595425
list:
dist: 3.242806636442724 vs. 3.242806636442724
list:
dist: 1.8415617400164186 vs. 1.8415617400164186
list:
dist: 3.908411079685607 vs. 3.908411079685607
list:
dist: 3.7600316703836274 vs. 3.7600316703836274
list:
dist: 2.2312252567409696 vs. 2.2312252567409696
list:
dist: 1.6719224415979197 vs. 1.6719224415979197
list:
dist: 1.6012738515965343 vs. 1.6012738515965343
list:
dist: 0.3696559994905052 vs. 0.3696559994905052
list:
dist: 1.6960055714026214 vs. 1.6960055714026214
list:
dist: 2.784246661976408 vs. 2.784246661976408
list:
dist: 2.3060065477495604 vs. 2.3060065477495604
list:
dist: 1.8184120373968622 vs. 1.8184120373968622
list:
dist: 2.5479295650181073 vs. 2.5479295650181073
list:
dist: 2.5265174599196745 vs. 2.5265174599196745
list:
dist: 2.9877404542472785 vs. 2.9877404542472785
list:
dist: 1.4583384799286037 vs. 1.4583384799286037
list:
dist: 2.0914637719146763 vs. 2.0914637719146763
list:
dist: 2.0971745278041793 vs. 2.0971745278041793
list:
dist: 3.405029959303882 vs. 3.405029959303882
list:
dist: 3.0947676790826395 vs. 3.0947676790826395
list:
dist: 3.1203106490641375 vs. 3.1203106490641375
list:
dist: 2.394193809715482 vs. 2.394193809715482
list:
dist: 1.537241127493928 vs. 1.537241127493928
list:
dist: 1.3161737378014207 vs. 1.3161737378014207
list:
dist: 0.9586350122451076 vs. 0.9586350122451076
list:
dist: 2.4879409397697247 vs. 2.4879409397697247
list:
dist: 3.4138948101538364 vs. 3.4138948101538364
list:
dist: 3.7352327709907427 vs. 3.7352327709907427
list:
dist: 2.8279460664974305 vs. 2.8279460664974305
list:
dist: 2.4815448188261993 vs. 2.4815448188261993
list:
dist: 1.585294383670666 vs. 1.585294383670666
list:
dist: 1.9962477037525015 vs. 1.9962477037525015
list:
dist: 2.3060065477495604 vs. 2.3060065477495604
list:
dist: 1.7148157586027015 vs. 1.7148157586027015
list:
dist: 0.9876385099734687 vs. 0.9876385099734687
list:
dist: 1.9886974818180656 vs. 1.9886974818180656
list:
dist: 2.267005414717262 vs. 2.267005414717262
list:
dist: 1.541100178767364 vs. 1.541100178767364
list:
dist: 0.7855108468679671 vs. 0.7855108468679671
list:
dist: 0.27196100725369154 vs. 0.27196100725369154
list:
dist: 1.0213921116774214 vs. 1.0213921116774214
list:
dist: 1.3325943850507178 vs. 1.3325943850507178
list:
dist: 3.500006368765065 vs. 3.500006368765065
list:
dist: 2.269559589242641 vs. 2.269559589242641
list:
dist: 2.2725900782703703 vs. 2.2725900782703703
list:
dist: 2.1603975457936766 vs. 2.1603975457936766
list:
dist: 2.841053886336718 vs. 2.841053886336718
list:
dist: 2.2109501973489536 vs. 2.2109501973489536
list:
dist: 2.2631287780461142 vs. 2.2631287780461142
list:
dist: 2.157254832799467 vs. 2.157254832799467
list:
dist: 1.798712586481364 vs. 1.798712586481364
list:
dist: 2.0222550816299325 vs. 2.0222550816299325
list:
dist: 3.1792130464990658 vs. 3.1792130464990658
list:
dist: 2.2472958803586915 vs. 2.2472958803586915
list:
dist: 2.2565719678917713 vs. 2.2565719678917713
list:
dist: 2.6706747422971224 vs. 2.6706747422971224
list:
dist: 1.6059641961266347 vs. 1.6059641961266347
list:
dist: 1.6719224415979197 vs. 1.6719224415979197
list:
dist: 1.6686139122078818 vs. 1.6686139122078818
list:
dist: 1.3290798407479207 vs. 1.3290798407479207
list:
dist: 0.5960365414322095 vs. 0.5960365414322095
list:
dist: 3.0222625093973754 vs. 3.0222625093973754
list:
dist: 1.7148157586027015 vs. 1.7148157586027015
list:
dist: 1.818825615777417 vs. 1.818825615777417
list:
dist: 1.8357598464745686 vs. 1.8357598464745686
list:
dist: 2.377107553239663 vs. 2.377107553239663
list:
dist: 2.8640734461994204 vs. 2.8640734461994204
list:
dist: 2.613385040205903 vs. 2.613385040205903
list:
dist: 2.7156362300507366 vs. 2.7156362300507366
list:
dist: 3.2966378432287526 vs. 3.2966378432287526
list:
dist: 3.709680350023996 vs. 3.709680350023996
list:
dist: 3.5221177520213724 vs. 3.5221177520213724
list:
dist: 3.235720801838983 vs. 3.235720801838983
list:
dist: 2.915046915794866 vs. 2.915046915794866
list:
dist: 2.0589472890117033 vs. 2.0589472890117033
list:
dist: 2.233308092053129 vs. 2.233308092053129
list:
dist: 2.5967328673626806 vs. 2.5967328673626806
list:
dist: 3.308291263075818 vs. 3.308291263075818
list:
dist: 3.4138948101538364 vs. 3.4138948101538364
list:
dist: 2.3338387324542835 vs. 2.3338387324542835
list:
dist: 3.058167038222421 vs. 3.058167038222421
list:
dist: 3.908411079685607 vs. 3.908411079685607
list:
dist: 2.2565719678917713 vs. 2.2565719678917713
list:
dist: 3.317575338578047 vs. 3.317575338578047
list:
dist: 3.5586965868924345 vs. 3.5586965868924345
list:
dist: 2.4879977490835485 vs. 2.4879977490835485
list:
dist: 4.356213953146302 vs. 4.356213953146302
list:
dist: 2.8279460664974305 vs. 2.8279460664974305
list:
dist: 3.4371125040959503 vs. 3.4371125040959503
list:
dist: 2.7359731303351316 vs. 2.7359731303351316
list:
dist: 3.473915959676761 vs. 3.473915959676761
list:
dist: 3.803643321242492 vs. 3.803643321242492
list:
dist: 2.021032037127949 vs. 2.021032037127949
list:
dist: 2.481820025515179 vs. 2.481820025515179
list:
dist: 1.4538105172360065 vs. 1.4538105172360065
list:
dist: 2.269559589242641 vs. 2.269559589242641
list:
dist: 2.38948548352647 vs. 2.38948548352647
list:
dist: 2.1825609008981823 vs. 2.1825609008981823
list:
dist: 2.0857247485793766 vs. 2.0857247485793766
list:
dist: 1.6423210468002796 vs. 1.6423210468002796
list:
dist: 1.439798910851987 vs. 1.439798910851987
list:
dist: 1.5144644226697714 vs. 1.5144644226697714
list:
dist: 2.209560247897619 vs. 2.209560247897619
list:
dist: 2.6216946059845667 vs. 2.6216946059845667
list:
dist: 2.3193381448112325 vs. 2.3193381448112325
list:
dist: 3.1402741657447595 vs. 3.1402741657447595
list:
dist: 2.3969414375797666 vs. 2.3969414375797666
list:
dist: 4.145573948682456 vs. 4.145573948682456
list:
dist: 2.0971745278041793 vs. 2.0971745278041793
list:
dist: 3.2966378432287526 vs. 3.2966378432287526
list:
dist: 1.9505501509200003 vs. 1.9505501509200003
list:
dist: 2.222172360052259 vs. 2.222172360052259
list:
dist: 3.5824229691934573 vs. 3.5824229691934573
list:
dist: 2.323266615176248 vs. 2.323266615176248
list:
dist: 2.841053886336718 vs. 2.841053886336718
list:
dist: 2.342786197020168 vs. 2.342786197020168
list:
dist: 3.095389881118179 vs. 3.095389881118179
list:
dist: 2.2730109356181183 vs. 2.2730109356181183
list:
dist: 2.4857999751037965 vs. 2.4857999751037965
list:
dist: 0.7098105496752054 vs. 0.7098105496752054
list:
dist: 1.1212981162463536 vs. 1.1212981162463536
list:
dist: 2.3057920238257767 vs. 2.3057920238257767
list:
dist: 1.7742715350321923 vs. 1.7742715350321923
list:
dist: 2.1366289932826446 vs. 2.1366289932826446
list:
dist: 1.3933802250179754 vs. 1.3933802250179754
list:
dist: 3.5543254061930263 vs. 3.5543254061930263
list:
dist: 2.1530123166316795 vs. 2.1530123166316795
list:
dist: 2.045683180646919 vs. 2.045683180646919
list:
dist: 1.4880670204876292 vs. 1.4880670204876292
list:
dist: 2.4879409397697247 vs. 2.4879409397697247
list:
dist: 3.308291263075818 vs. 3.308291263075818
list:
dist: 1.8116128465186594 vs. 1.8116128465186594
list:
dist: 2.477849556895396 vs. 2.477849556895396
list:
dist: 3.681697216585073 vs. 3.681697216585073
list:
dist: 1.0757653997001217 vs. 1.0757653997001217
list:
dist: 2.2472958803586915 vs. 2.2472958803586915
list:
dist: 1.6721708103888062 vs. 1.6721708103888062
list:
dist: 2.4289894273859716 vs. 2.4289894273859716
list:
dist: 1.8415617400164186 vs. 1.8415617400164186
list:
dist: 1.8327338588451478 vs. 1.8327338588451478
list:
dist: 3.4900990053752423 vs. 3.4900990053752423
list:
dist: 2.3969414375797666 vs. 2.3969414375797666
list:
dist: 1.3992454042011837 vs. 1.3992454042011837
list:
dist: 1.7843458057558612 vs. 1.7843458057558612
list:
dist: 1.4880670204876292 vs. 1.4880670204876292
list:
dist: 1.3616357577217246 vs. 1.3616357577217246
list:
dist: 1.3958309530085506 vs. 1.3958309530085506
list:
dist: 2.172932381256368 vs. 2.172932381256368
list:
dist: 0.9782957608543704 vs. 0.9782957608543704
list:
dist: 1.7134580417692764 vs. 1.7134580417692764
list:
dist: 2.749426163048789 vs. 2.749426163048789
list:
dist: 2.6555379539000006 vs. 2.6555379539000006
list:
dist: 3.1203106490641375 vs. 3.1203106490641375
list:
dist: 3.235720801838983 vs. 3.235720801838983
list:
dist: 1.7607895180514463 vs. 1.7607895180514463
list:
dist: 2.971929509850517 vs. 2.971929509850517
list:
dist: 3.764251285139444 vs. 3.764251285139444
list:
dist: 2.0172216446679423 vs. 2.0172216446679423
list:
dist: 2.157254832799467 vs. 2.157254832799467
list:
dist: 2.2900051594406765 vs. 2.2900051594406765
list:
dist: 2.3047223911798205 vs. 2.3047223911798205
list:
dist: 1.149939345803861 vs. 1.149939345803861
list:
dist: 1.1425120838691045 vs. 1.1425120838691045
list:
dist: 3.182815098181026 vs. 3.182815098181026
list:
dist: 2.6216946059845667 vs. 2.6216946059845667
list:
dist: 2.103935367128945 vs. 2.103935367128945
list:
dist: 1.2267317352003533 vs. 1.2267317352003533
list:
dist: 2.1366289932826446 vs. 2.1366289932826446
list:
dist: 1.5232795550380713 vs. 1.5232795550380713
list:
dist: 0.9603182756381723 vs. 0.9603182756381723
list:
dist: 1.2263401725602723 vs. 1.2263401725602723
list:
dist: 3.12766608143784 vs. 3.12766608143784
list:
dist: 3.634817516939981 vs. 3.634817516939981
list:
dist: 2.172932381256368 vs. 2.172932381256368
list:
dist: 2.932312866519396 vs. 2.932312866519396
list:
dist: 2.394193809715482 vs. 2.394193809715482
list:
dist: 2.915046915794866 vs. 2.915046915794866
list:
dist: 1.2499728030663095 vs. 1.2499728030663095
list:
dist: 2.302669467236944 vs. 2.302669467236944
list:
dist: 3.376083507995736 vs. 3.376083507995736
list:
dist: 1.1333503875467092 vs. 1.1333503875467092
list:
dist: 1.798712586481364 vs. 1.798712586481364
list:
dist: 1.5046893428187276 vs. 1.5046893428187276
list:
dist: 2.001452092291236 vs. 2.001452092291236
list:
dist: 1.0528658850076935 vs. 1.0528658850076935
list:
dist: 1.1236621913247582 vs. 1.1236621913247582
list:
dist: 3.294132401715328 vs. 3.294132401715328
list:
dist: 2.3193381448112325 vs. 2.3193381448112325
list:
dist: 1.2425678570123073 vs. 1.2425678570123073
list:
dist: 1.0224740249052626 vs. 1.0224740249052626
list:
dist: 1.3933802250179754 vs. 1.3933802250179754
list:
dist: 1.092092058633145 vs. 1.092092058633145
list:
dist: 0.7276755802536861 vs. 0.7276755802536861
list:
dist: 1.2263401725602723 vs. 1.2263401725602723
list:
dist: 2.0566145103493234 vs. 2.0566145103493234
list:
dist: 2.836093767697589 vs. 2.836093767697589
list:
dist: 0.9782957608543704 vs. 0.9782957608543704
list:
dist: 2.7359731303351316 vs. 2.7359731303351316
list:
dist: 2.230088312939552 vs. 2.230088312939552
list:
dist: 1.3881607744430933 vs. 1.3881607744430933
list:
dist: 2.0137225669184553 vs. 2.0137225669184553
list:
dist: 2.5479295650181073 vs. 2.5479295650181073
list:
dist: 1.8357598464745686 vs. 1.8357598464745686
list:
dist: 1.2579063370835544 vs. 1.2579063370835544
list:
dist: 2.2235750724333947 vs. 2.2235750724333947
list:
dist: 2.3856029598470077 vs. 2.3856029598470077
list:
dist: 1.6311083068034218 vs. 1.6311083068034218
list:
dist: 0.27196100725369154 vs. 0.27196100725369154
list:
dist: 0.9881762552960668 vs. 0.9881762552960668
list:
dist: 1.1754025576189386 vs. 1.1754025576189386
list:
dist: 1.4082529948112934 vs. 1.4082529948112934
list:
dist: 3.4031891800276037 vs. 3.4031891800276037
list:
dist: 2.1825609008981823 vs. 2.1825609008981823
list:
dist: 2.536747009969056 vs. 2.536747009969056
list:
dist: 2.4056149030080656 vs. 2.4056149030080656
list:
dist: 3.095389881118179 vs. 3.095389881118179
list:
dist: 2.301140258765229 vs. 2.301140258765229
list:
dist: 2.417333732022838 vs. 2.417333732022838
list:
dist: 2.3047223911798205 vs. 2.3047223911798205
list:
dist: 2.001452092291236 vs. 2.001452092291236
list:
dist: 2.2173695965856073 vs. 2.2173695965856073
list:
dist: 3.4302381541087206 vs. 3.4302381541087206
list:
dist: 2.4289894273859716 vs. 2.4289894273859716
list:
dist: 4.356213953146302 vs. 4.356213953146302
list:
dist: 2.898701031226047 vs. 2.898701031226047
list:
dist: 2.6417338668148047 vs. 2.6417338668148047
list:
dist: 2.8935731262418187 vs. 2.8935731262418187
list:
dist: 2.784246661976408 vs. 2.784246661976408
list:
dist: 3.0222625093973754 vs. 3.0222625093973754
list:
dist: 1.6119349855966658 vs. 1.6119349855966658
list:
dist: 2.630265711650024 vs. 2.630265711650024
list:
dist: 3.4903773919785275 vs. 3.4903773919785275
list:
dist: 1.541100178767364 vs. 1.541100178767364
list:
dist: 1.2348696382501456 vs. 1.2348696382501456
list:
dist: 1.6311083068034218 vs. 1.6311083068034218
list:
dist: 1.3019188295553477 vs. 1.3019188295553477
list:
dist: 1.145764449013256 vs. 1.145764449013256
list:
dist: 2.7321287715465554 vs. 2.7321287715465554
list:
dist: 1.4538105172360065 vs. 1.4538105172360065
list:
dist: 2.032235827394705 vs. 2.032235827394705
list:
dist: 2.0965206055327603 vs. 2.0965206055327603
list:
dist: 2.323266615176248 vs. 2.323266615176248
list:
dist: 1.036103595223486 vs. 1.036103595223486
list:
dist: 1.4434511471813603 vs. 1.4434511471813603
list:
dist: 2.0172216446679423 vs. 2.0172216446679423
list:
dist: 1.1333503875467092 vs. 1.1333503875467092
list:
dist: 1.9537467321276747 vs. 1.9537467321276747
list:
dist: 3.3412898238394004 vs. 3.3412898238394004
list:
dist: 1.0757653997001217 vs. 1.0757653997001217
list:
dist: 3.4371125040959503 vs. 3.4371125040959503
list:
dist: 3.052829164546837 vs. 3.052829164546837
list:
dist: 2.35674624937965 vs. 2.35674624937965
list:
dist: 1.8282787424647922 vs. 1.8282787424647922
list:
dist: 1.8184120373968622 vs. 1.8184120373968622
list:
dist: 1.818825615777417 vs. 1.818825615777417
list:
dist: 0.825538838722371 vs. 0.825538838722371
list:
dist: 1.5717597134761538 vs. 1.5717597134761538
list:
dist: 2.2613503441977647 vs. 2.2613503441977647
list:
dist: 1.2348696382501456 vs. 1.2348696382501456
list:
dist: 0.7855108468679671 vs. 0.7855108468679671
list:
dist: 0.9881762552960668 vs. 0.9881762552960668
list:
dist: 1.2454197480848308 vs. 1.2454197480848308
list:
dist: 1.5489945217785146 vs. 1.5489945217785146
list:
dist: 3.727231753866539 vs. 3.727231753866539
list:
dist: 2.38948548352647 vs. 2.38948548352647
list:
dist: 1.740601916357411 vs. 1.740601916357411
list:
dist: 1.9580125634148269 vs. 1.9580125634148269
list:
dist: 2.342786197020168 vs. 2.342786197020168
list:
dist: 2.0868797986024297 vs. 2.0868797986024297
list:
dist: 2.1294387706478575 vs. 2.1294387706478575
list:
dist: 2.2900051594406765 vs. 2.2900051594406765
list:
dist: 1.5046893428187276 vs. 1.5046893428187276
list:
dist: 1.2653380514697128 vs. 1.2653380514697128
list:
dist: 2.5978857787967806 vs. 2.5978857787967806
list:
dist: 1.6721708103888062 vs. 1.6721708103888062
list:
dist: 3.013764667628151 vs. 3.013764667628151
list:
dist: 0.9586350122451076 vs. 0.9586350122451076
list:
dist: 2.5967328673626806 vs. 2.5967328673626806
list:
dist: 2.382234783232471 vs. 2.382234783232471
list:
dist: 1.328145054225043 vs. 1.328145054225043
list:
dist: 2.519786570914918 vs. 2.519786570914918
list:
dist: 3.3412898238394004 vs. 3.3412898238394004
list:
dist: 3.1792130464990658 vs. 3.1792130464990658
list:
dist: 2.5978857787967806 vs. 2.5978857787967806
list:
dist: 3.4302381541087206 vs. 3.4302381541087206
list:
dist: 3.242806636442724 vs. 3.242806636442724
list:
dist: 3.6589448362430175 vs. 3.6589448362430175
list:
dist: 1.646628753023805 vs. 1.646628753023805
list:
dist: 2.458675712199026 vs. 2.458675712199026
list:
dist: 2.045683180646919 vs. 2.045683180646919
list:
dist: 3.860787009898504 vs. 3.860787009898504
list:
dist: 3.492391908328246 vs. 3.492391908328246
list:
dist: 3.634817516939981 vs. 3.634817516939981
list:
dist: 2.836093767697589 vs. 2.836093767697589
list:
dist: 1.7909731156407025 vs. 1.7909731156407025
list:
dist: 1.753340807540519 vs. 1.753340807540519
list:
dist: 2.749426163048789 vs. 2.749426163048789
list:
dist: 3.678746364784256 vs. 3.678746364784256
list:
dist: 1.4583384799286037 vs. 1.4583384799286037
list:
dist: 2.613385040205903 vs. 2.613385040205903
list:
dist: 1.35783766996938 vs. 1.35783766996938
list:
dist: 1.539529896431699 vs. 1.539529896431699
list:
dist: 2.897319129310933 vs. 2.897319129310933
list:
dist: 2.032235827394705 vs. 2.032235827394705
list:
dist: 2.2725900782703703 vs. 2.2725900782703703
list:
dist: 1.740601916357411 vs. 1.740601916357411
list:
dist: 2.536747009969056 vs. 2.536747009969056
list:
dist: 1.9026912115923553 vs. 1.9026912115923553
list:
dist: 2.2204018174999267 vs. 2.2204018174999267
list:
dist: 1.0047071765200144 vs. 1.0047071765200144
list:
dist: 0.7098105496752054 vs. 0.7098105496752054
list:
dist: 2.292090346310758 vs. 2.292090346310758
list:
dist: 1.85277255113678 vs. 1.85277255113678
list:
dist: 2.103935367128945 vs. 2.103935367128945
list:
dist: 1.2425678570123073 vs. 1.2425678570123073
list:
dist: 2.939799192789616 vs. 2.939799192789616
list:
dist: 1.564656864193634 vs. 1.564656864193634
list:
dist: 1.646628753023805 vs. 1.646628753023805
list:
dist: 1.3992454042011837 vs. 1.3992454042011837
list:
dist: 3.5586965868924345 vs. 3.5586965868924345
list:
dist: 3.415346494610771 vs. 3.415346494610771
list:
dist: 1.980729673989394 vs. 1.980729673989394
list:
dist: 0.3696559994905052 vs. 0.3696559994905052
list:
dist: 1.3290798407479207 vs. 1.3290798407479207
list:
dist: 1.355869581178102 vs. 1.355869581178102
list:
dist: 1.4278723331876633 vs. 1.4278723331876633
list:
dist: 2.630265711650024 vs. 2.630265711650024
list:
dist: 1.9886974818180656 vs. 1.9886974818180656
list:
dist: 1.5717597134761538 vs. 1.5717597134761538
list:
dist: 2.2235750724333947 vs. 2.2235750724333947
list:
dist: 2.2918260646824695 vs. 2.2918260646824695
list:
dist: 2.7688807032976865 vs. 2.7688807032976865
list:
dist: 1.539529896431699 vs. 1.539529896431699
list:
dist: 2.0441909748703666 vs. 2.0441909748703666
list:
dist: 2.222172360052259 vs. 2.222172360052259
list:
dist: 3.2827610092164266 vs. 3.2827610092164266
list:
dist: 3.0026111868461833 vs. 3.0026111868461833
list:
dist: 2.971929509850517 vs. 2.971929509850517
list:
dist: 2.302669467236944 vs. 2.302669467236944
list:
dist: 1.600233731354959 vs. 1.600233731354959
list:
dist: 1.3118266414901827 vs. 1.3118266414901827
list:
dist: 1.328145054225043 vs. 1.328145054225043
list:
dist: 2.477849556895396 vs. 2.477849556895396
list:
dist: 2.4879977490835485 vs. 2.4879977490835485
list:
dist: 3.229412593377371 vs. 3.229412593377371
list:
dist: 1.6416646068361795 vs. 1.6416646068361795
list:
dist: 1.6960055714026214 vs. 1.6960055714026214
list:
dist: 0.5960365414322095 vs. 0.5960365414322095
list:
dist: 2.155696514498075 vs. 2.155696514498075
list:
dist: 1.4278723331876633 vs. 1.4278723331876633
list:
dist: 3.4903773919785275 vs. 3.4903773919785275
list:
dist: 2.267005414717262 vs. 2.267005414717262
list:
dist: 2.2613503441977647 vs. 2.2613503441977647
list:
dist: 2.3856029598470077 vs. 2.3856029598470077
list:
dist: 2.9345827030873264 vs. 2.9345827030873264
list:
dist: 3.425405747674274 vs. 3.425405747674274
list:
dist: 2.897319129310933 vs. 2.897319129310933
list:
dist: 3.1236156424595336 vs. 3.1236156424595336
list:
dist: 3.5824229691934573 vs. 3.5824229691934573
list:
dist: 4.218419657776551 vs. 4.218419657776551
list:
dist: 4.017315047982242 vs. 4.017315047982242
list:
dist: 3.764251285139444 vs. 3.764251285139444
list:
dist: 3.376083507995736 vs. 3.376083507995736
list:
dist: 1.6557751031187606 vs. 1.6557751031187606
list:
dist: 2.395026297159566 vs. 2.395026297159566
list:
dist: 2.519786570914918 vs. 2.519786570914918
list:
dist: 3.681697216585073 vs. 3.681697216585073
list:
dist: 3.317575338578047 vs. 3.317575338578047
list:
dist: 2.3727062657650886 vs. 2.3727062657650886
list:
dist: 2.331615533517791 vs. 2.331615533517791
list:
dist: 1.6012738515965343 vs. 1.6012738515965343
list:
dist: 1.6686139122078818 vs. 1.6686139122078818
list:
dist: 1.355869581178102 vs. 1.355869581178102
list:
dist: 2.155696514498075 vs. 2.155696514498075
list:
dist: 1.6119349855966658 vs. 1.6119349855966658
list:
dist: 0.9876385099734687 vs. 0.9876385099734687
list:
dist: 0.825538838722371 vs. 0.825538838722371
list:
dist: 1.2579063370835544 vs. 1.2579063370835544
list:
dist: 0.93617489619942 vs. 0.93617489619942
list:
dist: 1.427415015300774 vs. 1.427415015300774
list:
dist: 1.35783766996938 vs. 1.35783766996938
list:
dist: 1.2856452864917152 vs. 1.2856452864917152
list:
dist: 1.9505501509200003 vs. 1.9505501509200003
list:
dist: 2.1092859611392134 vs. 2.1092859611392134
list:
dist: 1.8643137443236957 vs. 1.8643137443236957
list:
dist: 1.7607895180514463 vs. 1.7607895180514463
list:
dist: 1.2499728030663095 vs. 1.2499728030663095
list:
dist: 2.8752120222166693 vs. 2.8752120222166693
list:
dist: 1.642090104454432 vs. 1.642090104454432
list:
dist: 2.382234783232471 vs. 2.382234783232471
list:
dist: 1.8116128465186594 vs. 1.8116128465186594
list:
dist: 3.7352327709907427 vs. 3.7352327709907427
list:
dist: 3.058167038222421 vs. 3.058167038222421
list:
dist: 3.0845084453917395 vs. 3.0845084453917395
list:
dist: 2.2312252567409696 vs. 2.2312252567409696
list:
dist: 1.6059641961266347 vs. 1.6059641961266347
list:
dist: 2.331615533517791 vs. 2.331615533517791
list:
dist: 1.980729673989394 vs. 1.980729673989394
list:
dist: 1.6416646068361795 vs. 1.6416646068361795
list:
dist: 2.8935731262418187 vs. 2.8935731262418187
list:
dist: 1.9962477037525015 vs. 1.9962477037525015
list:
dist: 1.8282787424647922 vs. 1.8282787424647922
list:
dist: 2.0137225669184553 vs. 2.0137225669184553
list:
dist: 2.9261704431686204 vs. 2.9261704431686204
list:
dist: 3.252623868049264 vs. 3.252623868049264
list:
dist: 1.9931832756590366 vs. 1.9931832756590366
list:
dist: 1.9050749795700324 vs. 1.9050749795700324
list:
dist: 3.013764667628151 vs. 3.013764667628151
list:
dist: 2.3338387324542835 vs. 2.3338387324542835
list:
dist: 1.54327796985616 vs. 1.54327796985616
list:
dist: 3.0845084453917395 vs. 3.0845084453917395
list:
dist: 3.7600316703836274 vs. 3.7600316703836274
list:
dist: 2.6706747422971224 vs. 2.6706747422971224
list:
dist: 2.3727062657650886 vs. 2.3727062657650886
list:
dist: 3.415346494610771 vs. 3.415346494610771
list:
dist: 3.229412593377371 vs. 3.229412593377371
list:
dist: 2.6417338668148047 vs. 2.6417338668148047
list:
dist: 1.585294383670666 vs. 1.585294383670666
list:
dist: 2.35674624937965 vs. 2.35674624937965
list:
dist: 1.3881607744430933 vs. 1.3881607744430933
list:
dist: 1.901329211589722 vs. 1.901329211589722
list:
dist: 1.9356753821141406 vs. 1.9356753821141406
list:
dist: 3.227365029857 vs. 3.227365029857
list:
dist: 2.481820025515179 vs. 2.481820025515179
list:
dist: 3.678746364784256 vs. 3.678746364784256
list:
dist: 3.2296498063021692 vs. 3.2296498063021692
list:
dist: 4.145573948682456 vs. 4.145573948682456
list:
dist: 2.936857265280003 vs. 2.936857265280003
list:
dist: 3.0683819000335544 vs. 3.0683819000335544
list:
dist: 2.6555379539000006 vs. 2.6555379539000006
list:
dist: 2.932312866519396 vs. 2.932312866519396
list:
dist: 1.9931832756590366 vs. 1.9931832756590366
list:
dist: 1.537241127493928 vs. 1.537241127493928
list:
dist: 2.0589472890117033 vs. 2.0589472890117033
list:
dist: 2.8752120222166693 vs. 2.8752120222166693
list:
dist: 1.600233731354959 vs. 1.600233731354959
list:
dist: 1.6557751031187606 vs. 1.6557751031187606
list:
dist: 2.939799192789616 vs. 2.939799192789616
list:
dist: 3.616516635741542 vs. 3.616516635741542
list:
dist: 3.5543254061930263 vs. 3.5543254061930263
list:
dist: 2.074571734473341 vs. 2.074571734473341
list:
dist: 1.7909731156407025 vs. 1.7909731156407025
list:
dist: 3.803643321242492 vs. 3.803643321242492
list:
dist: 2.59360108043014 vs. 2.59360108043014
list:
dist: 1.9356753821141406 vs. 1.9356753821141406
list:
dist: 3.252623868049264 vs. 3.252623868049264
list:
dist: 2.9877404542472785 vs. 2.9877404542472785
list:
dist: 2.8640734461994204 vs. 2.8640734461994204
list:
dist: 1.427415015300774 vs. 1.427415015300774
list:
dist: 2.7688807032976865 vs. 2.7688807032976865
list:
dist: 3.425405747674274 vs. 3.425405747674274
list:
dist: 1.145764449013256 vs. 1.145764449013256
list:
dist: 1.3325943850507178 vs. 1.3325943850507178
list:
dist: 1.5489945217785146 vs. 1.5489945217785146
list:
dist: 1.4082529948112934 vs. 1.4082529948112934
list:
dist: 0.5322511641293962 vs. 0.5322511641293962
list:
dist: 2.5661384693254 vs. 2.5661384693254
list:
dist: 1.6423210468002796 vs. 1.6423210468002796
list:
dist: 2.2204018174999267 vs. 2.2204018174999267
list:
dist: 1.7515550684432972 vs. 1.7515550684432972
list:
dist: 2.4857999751037965 vs. 2.4857999751037965
list:
dist: 1.0925665668310196 vs. 1.0925665668310196
list:
dist: 1.1536242825665315 vs. 1.1536242825665315
list:
dist: 1.1425120838691045 vs. 1.1425120838691045
list:
dist: 1.1236621913247582 vs. 1.1236621913247582
list:
dist: 2.6273690034755277 vs. 2.6273690034755277
list:
dist: 3.6589448362430175 vs. 3.6589448362430175
list:
dist: 1.8327338588451478 vs. 1.8327338588451478
list:
dist: 2.936857265280003 vs. 2.936857265280003
list:
dist: 3.405029959303882 vs. 3.405029959303882
list:
dist: 3.709680350023996 vs. 3.709680350023996
list:
dist: 2.1092859611392134 vs. 2.1092859611392134
list:
dist: 3.2827610092164266 vs. 3.2827610092164266
list:
dist: 4.218419657776551 vs. 4.218419657776551
list:
dist: 1.036103595223486 vs. 1.036103595223486
list:
dist: 2.2109501973489536 vs. 2.2109501973489536
list:
dist: 2.0868797986024297 vs. 2.0868797986024297
list:
dist: 2.301140258765229 vs. 2.301140258765229
list:
dist: 1.4769351290519892 vs. 1.4769351290519892
list:
dist: 1.0925665668310196 vs. 1.0925665668310196
list:
dist: 2.2759335012857513 vs. 2.2759335012857513
list:
dist: 1.5144644226697714 vs. 1.5144644226697714
list:
dist: 2.292090346310758 vs. 2.292090346310758
list:
dist: 2.0142211736247937 vs. 2.0142211736247937
list:
dist: 2.3057920238257767 vs. 2.3057920238257767
list:
dist: 0.7638880192042898 vs. 0.7638880192042898
list:
dist: 1.5232795550380713 vs. 1.5232795550380713
list:
dist: 1.092092058633145 vs. 1.092092058633145
list:
dist: 2.7916604490940555 vs. 2.7916604490940555
list:
dist: 3.860787009898504 vs. 3.860787009898504
list:
dist: 1.3616357577217246 vs. 1.3616357577217246
list:
dist: 1.54327796985616 vs. 1.54327796985616
list:
dist: 2.898701031226047 vs. 2.898701031226047
list:
dist: 2.4815448188261993 vs. 2.4815448188261993
list:
dist: 3.052829164546837 vs. 3.052829164546837
list:
dist: 2.230088312939552 vs. 2.230088312939552
list:
dist: 2.8115172810131117 vs. 2.8115172810131117
list:
dist: 2.59360108043014 vs. 2.59360108043014
list:
dist: 2.5405227463779294 vs. 2.5405227463779294
list:
dist: 2.021032037127949 vs. 2.021032037127949
list:
dist: 1.9050749795700324 vs. 1.9050749795700324
list:
dist: 1.3161737378014207 vs. 1.3161737378014207
list:
dist: 2.233308092053129 vs. 2.233308092053129
list:
dist: 1.642090104454432 vs. 1.642090104454432
list:
dist: 1.3118266414901827 vs. 1.3118266414901827
list:
dist: 2.395026297159566 vs. 2.395026297159566
list:
dist: 1.9537467321276747 vs. 1.9537467321276747
list:
dist: 2.0222550816299325 vs. 2.0222550816299325
list:
dist: 1.2653380514697128 vs. 1.2653380514697128
list:
dist: 2.2173695965856073 vs. 2.2173695965856073
list:
dist: 2.3346131107595425 vs. 2.3346131107595425
list:
dist: 2.6273690034755277 vs. 2.6273690034755277
list:
dist: 1.564656864193634 vs. 1.564656864193634
list:
dist: 2.3498312482268657 vs. 2.3498312482268657
list:
dist: 2.1530123166316795 vs. 2.1530123166316795
list:
dist: 2.7916604490940555 vs. 2.7916604490940555
list:
dist: 2.762668616138242 vs. 2.762668616138242
list:
dist: 3.12766608143784 vs. 3.12766608143784
list:
dist: 2.0566145103493234 vs. 2.0566145103493234
list:
dist: 2.074571734473341 vs. 2.074571734473341
list:
dist: 1.753340807540519 vs. 1.753340807540519
list:
dist: 1.7134580417692764 vs. 1.7134580417692764
list:
dist: 3.0683819000335544 vs. 3.0683819000335544
list:
dist: 3.0947676790826395 vs. 3.0947676790826395
list:
dist: 3.5221177520213724 vs. 3.5221177520213724
list:
dist: 1.8643137443236957 vs. 1.8643137443236957
list:
dist: 3.0026111868461833 vs. 3.0026111868461833
list:
dist: 4.017315047982242 vs. 4.017315047982242
list:
dist: 1.4434511471813603 vs. 1.4434511471813603
list:
dist: 2.2631287780461142 vs. 2.2631287780461142
list:
dist: 2.1294387706478575 vs. 2.1294387706478575
list:
dist: 2.417333732022838 vs. 2.417333732022838
list:
dist: 1.3362505141033405 vs. 1.3362505141033405
list:
dist: 1.1536242825665315 vs. 1.1536242825665315
list:
dist: 2.8845504161834215 vs. 2.8845504161834215
list:
dist: 2.209560247897619 vs. 2.209560247897619
list:
dist: 1.85277255113678 vs. 1.85277255113678
list:
dist: 1.368184161717762 vs. 1.368184161717762
list:
dist: 1.7742715350321923 vs. 1.7742715350321923
list:
dist: 0.7638880192042898 vs. 0.7638880192042898
list:
dist: 0.9603182756381723 vs. 0.9603182756381723
list:
dist: 0.7276755802536861 vs. 0.7276755802536861
list:
dist: 2.762668616138242 vs. 2.762668616138242
list:
dist: 3.492391908328246 vs. 3.492391908328246
list:
dist: 1.3958309530085506 vs. 1.3958309530085506
list:
dist: 2.5405227463779294 vs. 2.5405227463779294
list:
dist: 3.227365029857 vs. 3.227365029857
list:
dist: 2.7321287715465554 vs. 2.7321287715465554
list:
dist: 3.500006368765065 vs. 3.500006368765065
list:
dist: 3.727231753866539 vs. 3.727231753866539
list:
dist: 3.4031891800276037 vs. 3.4031891800276037
list:
dist: 3.0885280696769644 vs. 3.0885280696769644
list:
dist: 2.5661384693254 vs. 2.5661384693254
list:
dist: 1.439798910851987 vs. 1.439798910851987
list:
dist: 2.2759335012857513 vs. 2.2759335012857513
list:
dist: 2.8845504161834215 vs. 2.8845504161834215
list:
dist: 3.182815098181026 vs. 3.182815098181026
list:
dist: 3.294132401715328 vs. 3.294132401715328
list:
dist: 1.736135668685372 vs. 1.736135668685372
list:
dist: 3.4900990053752423 vs. 3.4900990053752423
600
rk
<OccurredElementalReaction>
	 elmtlRkId: 1
	 p(id,type,coords) 41 2 3.705110067709872 6.293562584536258 6.943498124444372
</OccurredElementalReaction>
700
Neighbor List consistency Check...
--------
nle(id0,id1,dist): 5 7 1.6269620158745834
list:
dist: 1.6269620158745834 vs. 1.6269620158745834
--------
nle(id0,id1,dist): 5 15 1.3613153573356314
list:
dist: 1.3613153573356314 vs. 1.3613153573356314
--------
nle(id0,id1,dist): 5 9 1.9428784137588244
list:
dist: 1.9428784137588244 vs. 1.9428784137588244
--------
nle(id0,id1,dist): 4 11 2.320164478371357
list:
dist: 2.320164478371357 vs. 2.320164478371357
--------
nle(id0,id1,dist): 4 12 2.7241846755736208
list:
dist: 2.7241846755736208 vs. 2.7241846755736208
--------
nle(id0,id1,dist): 4 9 1.0633512527003162
list:
dist: 1.0633512527003162 vs. 1.0633512527003162
--------
nle(id0,id1,dist): 4 10 2.0408242588870764
list:
dist: 2.0408242588870764 vs. 2.0408242588870764
--------
nle(id0,id1,dist): 4 7 1.9393739312974034
list:
dist: 1.9393739312974034 vs. 1.9393739312974034
--------
nle(id0,id1,dist): 4 8 1.8468619691644717
list:
dist: 1.8468619691644717 vs. 1.8468619691644717
--------
nle(id0,id1,dist): 4 6 1.9770247014803366
list:
dist: 1.9770247014803366 vs. 1.9770247014803366
--------
nle(id0,id1,dist): 4 24 1.494079912152566
list:
dist: 1.494079912152566 vs. 1.494079912152566
--------
nle(id0,id1,dist): 4 23 2.622300385935561
list:
dist: 2.622300385935561 vs. 2.622300385935561
--------
nle(id0,id1,dist): 4 21 3.190139654604944
list:
dist: 3.190139654604944 vs. 3.190139654604944
--------
nle(id0,id1,dist): 4 20 2.56527648994269
list:
dist: 2.56527648994269 vs. 2.56527648994269
--------
nle(id0,id1,dist): 4 19 2.2831946828500396
list:
dist: 2.2831946828500396 vs. 2.2831946828500396
--------
nle(id0,id1,dist): 4 18 1.7996452216447927
list:
dist: 1.7996452216447927 vs. 1.7996452216447927
--------
nle(id0,id1,dist): 4 17 2.546118964119715
list:
dist: 2.546118964119715 vs. 2.546118964119715
--------
nle(id0,id1,dist): 4 15 2.2877173863830613
list:
dist: 2.2877173863830613 vs. 2.2877173863830613
--------
nle(id0,id1,dist): 4 14 0.806615996789458
list:
dist: 0.806615996789458 vs. 0.806615996789458
--------
nle(id0,id1,dist): 4 13 1.4455798515442129
list:
dist: 1.4455798515442129 vs. 1.4455798515442129
--------
nle(id0,id1,dist): 6 19 1.0970873214079069
list:
dist: 1.0970873214079069 vs. 1.0970873214079069
--------
nle(id0,id1,dist): 6 20 2.7122854606263185
list:
dist: 2.7122854606263185 vs. 2.7122854606263185
--------
nle(id0,id1,dist): 6 21 3.058276148983694
list:
dist: 3.058276148983694 vs. 3.058276148983694
--------
nle(id0,id1,dist): 6 23 2.5786925386267128
list:
dist: 2.5786925386267128 vs. 2.5786925386267128
--------
nle(id0,id1,dist): 6 24 1.898335694417046
list:
dist: 1.898335694417046 vs. 1.898335694417046
--------
nle(id0,id1,dist): 7 9 1.2140944848457165
list:
dist: 1.2140944848457165 vs. 1.2140944848457165
--------
nle(id0,id1,dist): 7 8 1.2588776556228545
list:
dist: 1.2588776556228545 vs. 1.2588776556228545
--------
nle(id0,id1,dist): 7 10 2.7183654299111613
list:
dist: 2.7183654299111613 vs. 2.7183654299111613
--------
nle(id0,id1,dist): 7 13 1.5950780174988628
list:
dist: 1.5950780174988628 vs. 1.5950780174988628
--------
nle(id0,id1,dist): 7 12 2.433940012589117
list:
dist: 2.433940012589117 vs. 2.433940012589117
--------
nle(id0,id1,dist): 6 14 1.3146898476696294
list:
dist: 1.3146898476696294 vs. 1.3146898476696294
--------
nle(id0,id1,dist): 6 13 0.6227292748925172
list:
dist: 0.6227292748925172 vs. 0.6227292748925172
--------
nle(id0,id1,dist): 6 12 2.792422251517974
list:
dist: 2.792422251517974 vs. 2.792422251517974
--------
nle(id0,id1,dist): 6 11 2.819877647158312
list:
dist: 2.819877647158312 vs. 2.819877647158312
--------
nle(id0,id1,dist): 6 18 2.0971958124857175
list:
dist: 2.0971958124857175 vs. 2.0971958124857175
--------
nle(id0,id1,dist): 6 17 2.696441116332206
list:
dist: 2.696441116332206 vs. 2.696441116332206
--------
nle(id0,id1,dist): 6 15 1.6267854408984175
list:
dist: 1.6267854408984175 vs. 1.6267854408984175
--------
nle(id0,id1,dist): 6 10 2.455866343666486
list:
dist: 2.455866343666486 vs. 2.455866343666486
--------
nle(id0,id1,dist): 6 9 1.6712682351695132
list:
dist: 1.6712682351695132 vs. 1.6712682351695132
--------
nle(id0,id1,dist): 6 8 0.6461301758813417
list:
dist: 0.6461301758813417 vs. 0.6461301758813417
--------
nle(id0,id1,dist): 6 7 1.5703179529154094
list:
dist: 1.5703179529154094 vs. 1.5703179529154094
--------
nle(id0,id1,dist): 8 14 1.313628934296721
list:
dist: 1.313628934296721 vs. 1.313628934296721
--------
nle(id0,id1,dist): 8 13 0.9380692222268963
list:
dist: 0.9380692222268963 vs. 0.9380692222268963
--------
nle(id0,id1,dist): 8 15 1.882409318513542
list:
dist: 1.882409318513542 vs. 1.882409318513542
--------
nle(id0,id1,dist): 8 10 2.0125395513425235
list:
dist: 2.0125395513425235 vs. 2.0125395513425235
--------
nle(id0,id1,dist): 8 9 1.6349103051188216
list:
dist: 1.6349103051188216 vs. 1.6349103051188216
--------
nle(id0,id1,dist): 8 12 2.1622729685856847
list:
dist: 2.1622729685856847 vs. 2.1622729685856847
--------
nle(id0,id1,dist): 8 11 2.6094138413479593
list:
dist: 2.6094138413479593 vs. 2.6094138413479593
--------
nle(id0,id1,dist): 8 21 3.300887437359598
list:
dist: 3.300887437359598 vs. 3.300887437359598
--------
nle(id0,id1,dist): 8 24 1.866358034695691
list:
dist: 1.866358034695691 vs. 1.866358034695691
--------
nle(id0,id1,dist): 8 23 2.560849528163643
list:
dist: 2.560849528163643 vs. 2.560849528163643
--------
nle(id0,id1,dist): 8 18 2.470442611198559
list:
dist: 2.470442611198559 vs. 2.470442611198559
--------
nle(id0,id1,dist): 8 17 2.7674818135044035
list:
dist: 2.7674818135044035 vs. 2.7674818135044035
--------
nle(id0,id1,dist): 8 20 2.220053278933609
list:
dist: 2.220053278933609 vs. 2.220053278933609
--------
nle(id0,id1,dist): 8 19 1.6473813076868946
list:
dist: 1.6473813076868946 vs. 1.6473813076868946
--------
nle(id0,id1,dist): 7 20 2.944911441934748
list:
dist: 2.944911441934748 vs. 2.944911441934748
--------
nle(id0,id1,dist): 7 19 2.5785102347961537
list:
dist: 2.5785102347961537 vs. 2.5785102347961537
--------
nle(id0,id1,dist): 7 18 3.0102254495074816
list:
dist: 3.0102254495074816 vs. 3.0102254495074816
--------
nle(id0,id1,dist): 7 15 1.4285171806357913
list:
dist: 1.4285171806357913 vs. 1.4285171806357913
--------
nle(id0,id1,dist): 7 14 1.8854554212878463
list:
dist: 1.8854554212878463 vs. 1.8854554212878463
--------
nle(id0,id1,dist): 7 24 2.747368190676814
list:
dist: 2.747368190676814 vs. 2.747368190676814
--------
nle(id0,id1,dist): 10 12 1.4225806635754785
list:
dist: 1.4225806635754785 vs. 1.4225806635754785
--------
nle(id0,id1,dist): 10 11 1.1435040915046397
list:
dist: 1.1435040915046397 vs. 1.1435040915046397
--------
nle(id0,id1,dist): 10 14 1.875955643410783
list:
dist: 1.875955643410783 vs. 1.875955643410783
--------
nle(id0,id1,dist): 10 13 2.368003636641016
list:
dist: 2.368003636641016 vs. 2.368003636641016
--------
nle(id0,id1,dist): 10 15 3.6471670287532847
list:
dist: 3.6471670287532847 vs. 3.6471670287532847
--------
nle(id0,id1,dist): 10 17 2.1369784812271853
list:
dist: 2.1369784812271853 vs. 2.1369784812271853
--------
nle(id0,id1,dist): 10 18 3.0951747476968325
list:
dist: 3.0951747476968325 vs. 3.0951747476968325
--------
nle(id0,id1,dist): 10 19 2.85337538358031
list:
dist: 2.85337538358031 vs. 2.85337538358031
--------
nle(id0,id1,dist): 10 20 0.5736732970112767
list:
dist: 0.5736732970112767 vs. 0.5736732970112767
--------
nle(id0,id1,dist): 10 21 3.04797708586746
list:
dist: 3.04797708586746 vs. 3.04797708586746
--------
nle(id0,id1,dist): 10 23 1.794115368587813
list:
dist: 1.794115368587813 vs. 1.794115368587813
--------
nle(id0,id1,dist): 10 24 1.499427421410338
list:
dist: 1.499427421410338 vs. 1.499427421410338
--------
nle(id0,id1,dist): 9 10 2.7236403394305846
list:
dist: 2.7236403394305846 vs. 2.7236403394305846
--------
nle(id0,id1,dist): 9 15 1.3082246351355964
list:
dist: 1.3082246351355964 vs. 1.3082246351355964
--------
nle(id0,id1,dist): 9 14 1.249280046486875
list:
dist: 1.249280046486875 vs. 1.249280046486875
--------
nle(id0,id1,dist): 9 13 1.239328827917837
list:
dist: 1.239328827917837 vs. 1.239328827917837
--------
nle(id0,id1,dist): 9 19 2.2426188384500363
list:
dist: 2.2426188384500363 vs. 2.2426188384500363
--------
nle(id0,id1,dist): 9 18 2.0744290881466534
list:
dist: 2.0744290881466534 vs. 2.0744290881466534
--------
nle(id0,id1,dist): 9 16 2.9735462857160675
list:
dist: 2.9735462857160675 vs. 2.9735462857160675
--------
nle(id0,id1,dist): 9 22 2.774231917633658
list:
dist: 2.774231917633658 vs. 2.774231917633658
--------
nle(id0,id1,dist): 9 26 2.266398162170308
list:
dist: 2.266398162170308 vs. 2.266398162170308
--------
nle(id0,id1,dist): 9 27 3.276289245285075
list:
dist: 3.276289245285075 vs. 3.276289245285075
--------
nle(id0,id1,dist): 9 24 2.2428765640514974
list:
dist: 2.2428765640514974 vs. 2.2428765640514974
--------
nle(id0,id1,dist): 9 28 3.5346490780371433
list:
dist: 3.5346490780371433 vs. 3.5346490780371433
--------
nle(id0,id1,dist): 12 20 1.1730747533875678
list:
dist: 1.1730747533875678 vs. 1.1730747533875678
--------
nle(id0,id1,dist): 12 17 3.483364586474933
list:
dist: 3.483364586474933 vs. 3.483364586474933
--------
nle(id0,id1,dist): 12 14 2.665960387473768
list:
dist: 2.665960387473768 vs. 2.665960387473768
--------
nle(id0,id1,dist): 11 23 0.9499410010298442
list:
dist: 0.9499410010298442 vs. 0.9499410010298442
--------
nle(id0,id1,dist): 11 24 1.1608623489540042
list:
dist: 1.1608623489540042 vs. 1.1608623489540042
--------
nle(id0,id1,dist): 11 19 2.765878660021006
list:
dist: 2.765878660021006 vs. 2.765878660021006
--------
nle(id0,id1,dist): 11 18 2.777815932949404
list:
dist: 2.777815932949404 vs. 2.777815932949404
--------
nle(id0,id1,dist): 11 21 2.138858108904738
list:
dist: 2.138858108904738 vs. 2.138858108904738
--------
nle(id0,id1,dist): 11 20 1.4803235050182075
list:
dist: 1.4803235050182075 vs. 1.4803235050182075
--------
nle(id0,id1,dist): 11 14 2.051458974136838
list:
dist: 2.051458974136838 vs. 2.051458974136838
--------
nle(id0,id1,dist): 11 17 1.1992950750340938
list:
dist: 1.1992950750340938 vs. 1.1992950750340938
--------
nle(id0,id1,dist): 11 13 2.631918307326144
list:
dist: 2.631918307326144 vs. 2.631918307326144
--------
nle(id0,id1,dist): 11 12 2.5525915872329312
list:
dist: 2.5525915872329312 vs. 2.5525915872329312
--------
nle(id0,id1,dist): 13 26 2.3255663775765107
list:
dist: 2.3255663775765107 vs. 2.3255663775765107
--------
nle(id0,id1,dist): 13 27 2.8348827381670967
list:
dist: 2.8348827381670967 vs. 2.8348827381670967
--------
nle(id0,id1,dist): 13 24 1.579333892983339
list:
dist: 1.579333892983339 vs. 1.579333892983339
--------
nle(id0,id1,dist): 13 28 3.161113944798355
list:
dist: 3.161113944798355 vs. 3.161113944798355
--------
nle(id0,id1,dist): 13 29 3.3667251383799677
list:
dist: 3.3667251383799677 vs. 3.3667251383799677
--------
nle(id0,id1,dist): 13 18 1.5834918224096077
list:
dist: 1.5834918224096077 vs. 1.5834918224096077
--------
nle(id0,id1,dist): 13 19 1.0673716685084216
list:
dist: 1.0673716685084216 vs. 1.0673716685084216
--------
nle(id0,id1,dist): 13 16 3.165420348605832
list:
dist: 3.165420348605832 vs. 3.165420348605832
--------
nle(id0,id1,dist): 13 17 2.479453248085851
list:
dist: 2.479453248085851 vs. 2.479453248085851
--------
nle(id0,id1,dist): 13 22 2.3733220207067354
list:
dist: 2.3733220207067354 vs. 2.3733220207067354
--------
nle(id0,id1,dist): 13 23 2.467282515069133
list:
dist: 2.467282515069133 vs. 2.467282515069133
--------
nle(id0,id1,dist): 13 21 2.8722506856466357
list:
dist: 2.8722506856466357 vs. 2.8722506856466357
--------
nle(id0,id1,dist): 13 15 1.5288724455993266
list:
dist: 1.5288724455993266 vs. 1.5288724455993266
--------
nle(id0,id1,dist): 13 14 0.8009305649007442
list:
dist: 0.8009305649007442 vs. 0.8009305649007442
--------
nle(id0,id1,dist): 12 23 3.089783532388744
list:
dist: 3.089783532388744 vs. 3.089783532388744
--------
nle(id0,id1,dist): 12 24 2.7219775903063566
list:
dist: 2.7219775903063566 vs. 2.7219775903063566
--------
nle(id0,id1,dist): 15 28 3.6999972296462764
list:
dist: 3.6999972296462764 vs. 3.6999972296462764
--------
nle(id0,id1,dist): 15 26 2.1566817196769414
list:
dist: 2.1566817196769414 vs. 2.1566817196769414
--------
nle(id0,id1,dist): 15 27 3.7724110672749975
list:
dist: 3.7724110672749975 vs. 3.7724110672749975
--------
nle(id0,id1,dist): 15 24 3.0558179926094957
list:
dist: 3.0558179926094957 vs. 3.0558179926094957
--------
nle(id0,id1,dist): 15 22 2.6091090596628317
list:
dist: 2.6091090596628317 vs. 2.6091090596628317
--------
nle(id0,id1,dist): 15 19 2.1969063427020226
list:
dist: 2.1969063427020226 vs. 2.1969063427020226
--------
nle(id0,id1,dist): 15 18 2.5026841632993997
list:
dist: 2.5026841632993997 vs. 2.5026841632993997
--------
nle(id0,id1,dist): 15 16 2.98513331390938
list:
dist: 2.98513331390938 vs. 2.98513331390938
--------
nle(id0,id1,dist): 14 15 2.1045919386282104
list:
dist: 2.1045919386282104 vs. 2.1045919386282104
--------
nle(id0,id1,dist): 14 18 1.4410386873548553
list:
dist: 1.4410386873548553 vs. 1.4410386873548553
--------
nle(id0,id1,dist): 14 17 2.0586838581041795
list:
dist: 2.0586838581041795 vs. 2.0586838581041795
--------
nle(id0,id1,dist): 14 24 1.0067684476498262
list:
dist: 1.0067684476498262 vs. 1.0067684476498262
--------
nle(id0,id1,dist): 14 23 2.093744975997015
list:
dist: 2.093744975997015 vs. 2.093744975997015
--------
nle(id0,id1,dist): 14 20 2.357320348835417
list:
dist: 2.357320348835417 vs. 2.357320348835417
--------
nle(id0,id1,dist): 14 19 1.5217384989026874
list:
dist: 1.5217384989026874 vs. 1.5217384989026874
--------
nle(id0,id1,dist): 14 21 2.6305463134012808
list:
dist: 2.6305463134012808 vs. 2.6305463134012808
--------
nle(id0,id1,dist): 17 18 2.1357693683714647
list:
dist: 2.1357693683714647 vs. 2.1357693683714647
--------
nle(id0,id1,dist): 17 19 2.1790147544570004
list:
dist: 2.1790147544570004 vs. 2.1790147544570004
--------
nle(id0,id1,dist): 17 23 0.5590946673805335
list:
dist: 0.5590946673805335 vs. 0.5590946673805335
--------
nle(id0,id1,dist): 17 20 2.4871730606876676
list:
dist: 2.4871730606876676 vs. 2.4871730606876676
--------
nle(id0,id1,dist): 17 21 0.9491856455598137
list:
dist: 0.9491856455598137 vs. 0.9491856455598137
--------
nle(id0,id1,dist): 17 24 1.1066892070967747
list:
dist: 1.1066892070967747 vs. 1.1066892070967747
--------
nle(id0,id1,dist): 16 18 2.1520786527888354
list:
dist: 2.1520786527888354 vs. 2.1520786527888354
--------
nle(id0,id1,dist): 16 19 3.2169461506836723
list:
dist: 3.2169461506836723 vs. 3.2169461506836723
--------
nle(id0,id1,dist): 16 22 1.4485733621409858
list:
dist: 1.4485733621409858 vs. 1.4485733621409858
--------
nle(id0,id1,dist): 16 26 0.9056411043170364
list:
dist: 0.9056411043170364 vs. 0.9056411043170364
--------
nle(id0,id1,dist): 16 27 2.4318151042107
list:
dist: 2.4318151042107 vs. 2.4318151042107
--------
nle(id0,id1,dist): 16 28 1.7407873153003033
list:
dist: 1.7407873153003033 vs. 1.7407873153003033
--------
nle(id0,id1,dist): 1 2 2.7645837004959923
list:
dist: 2.7645837004959923 vs. 2.7645837004959923
--------
nle(id0,id1,dist): 1 5 1.5359878880899374
list:
dist: 1.5359878880899374 vs. 1.5359878880899374
--------
nle(id0,id1,dist): 1 7 2.711733441735665
list:
dist: 2.711733441735665 vs. 2.711733441735665
--------
nle(id0,id1,dist): 1 9 2.294085414292475
list:
dist: 2.294085414292475 vs. 2.294085414292475
--------
nle(id0,id1,dist): 2 5 2.246393290326918
list:
dist: 2.246393290326918 vs. 2.246393290326918
--------
nle(id0,id1,dist): 2 6 2.444127526113292
list:
dist: 2.444127526113292 vs. 2.444127526113292
--------
nle(id0,id1,dist): 2 3 2.0461811565338084
list:
dist: 2.0461811565338084 vs. 2.0461811565338084
--------
nle(id0,id1,dist): 2 4 1.568465169835044
list:
dist: 1.568465169835044 vs. 1.568465169835044
--------
nle(id0,id1,dist): 1 15 2.119081440411372
list:
dist: 2.119081440411372 vs. 2.119081440411372
--------
nle(id0,id1,dist): 1 16 3.124710868354847
list:
dist: 3.124710868354847 vs. 3.124710868354847
--------
nle(id0,id1,dist): 1 26 2.7925358481108367
list:
dist: 2.7925358481108367 vs. 2.7925358481108367
--------
nle(id0,id1,dist): 2 24 2.7581031479938085
list:
dist: 2.7581031479938085 vs. 2.7581031479938085
--------
nle(id0,id1,dist): 2 12 2.258948832459268
list:
dist: 2.258948832459268 vs. 2.258948832459268
--------
nle(id0,id1,dist): 2 14 2.004726883969456
list:
dist: 2.004726883969456 vs. 2.004726883969456
--------
nle(id0,id1,dist): 2 13 2.2072007688263793
list:
dist: 2.2072007688263793 vs. 2.2072007688263793
--------
nle(id0,id1,dist): 2 8 2.0364123558343885
list:
dist: 2.0364123558343885 vs. 2.0364123558343885
--------
nle(id0,id1,dist): 2 7 1.2601068388120593
list:
dist: 1.2601068388120593 vs. 1.2601068388120593
--------
nle(id0,id1,dist): 2 10 2.488673363269547
list:
dist: 2.488673363269547 vs. 2.488673363269547
--------
nle(id0,id1,dist): 2 9 1.3326812967671717
list:
dist: 1.3326812967671717 vs. 1.3326812967671717
--------
nle(id0,id1,dist): 2 20 2.795718050702405
list:
dist: 2.795718050702405 vs. 2.795718050702405
--------
nle(id0,id1,dist): 2 19 3.2669368358581012
list:
dist: 3.2669368358581012 vs. 3.2669368358581012
--------
nle(id0,id1,dist): 2 15 2.3108223678467015
list:
dist: 2.3108223678467015 vs. 2.3108223678467015
--------
nle(id0,id1,dist): 2 18 3.21520417407239
list:
dist: 3.21520417407239 vs. 3.21520417407239
--------
nle(id0,id1,dist): 3 7 2.7221521884667093
list:
dist: 2.7221521884667093 vs. 2.7221521884667093
--------
nle(id0,id1,dist): 3 5 3.100282823527778
list:
dist: 3.100282823527778 vs. 3.100282823527778
--------
nle(id0,id1,dist): 37 49 3.315129413238641
list:
dist: 3.315129413238641 vs. 3.315129413238641
--------
nle(id0,id1,dist): 37 50 2.766430107404188
list:
dist: 2.766430107404188 vs. 2.766430107404188
--------
nle(id0,id1,dist): 37 51 1.0071370261895285
list:
dist: 1.0071370261895285 vs. 1.0071370261895285
--------
nle(id0,id1,dist): 37 52 2.0458229491403612
list:
dist: 2.0458229491403612 vs. 2.0458229491403612
--------
nle(id0,id1,dist): 37 53 2.1763517033045643
list:
dist: 2.1763517033045643 vs. 2.1763517033045643
--------
nle(id0,id1,dist): 37 54 2.7794032288933392
list:
dist: 2.7794032288933392 vs. 2.7794032288933392
--------
nle(id0,id1,dist): 37 55 2.146036705133944
list:
dist: 2.146036705133944 vs. 2.146036705133944
--------
nle(id0,id1,dist): 37 42 3.1812153891460175
list:
dist: 3.1812153891460175 vs. 3.1812153891460175
--------
nle(id0,id1,dist): 37 44 3.3608623879923933
list:
dist: 3.3608623879923933 vs. 3.3608623879923933
--------
nle(id0,id1,dist): 37 45 2.5558377955428284
list:
dist: 2.5558377955428284 vs. 2.5558377955428284
--------
nle(id0,id1,dist): 37 46 1.9724862399687613
list:
dist: 1.9724862399687613 vs. 1.9724862399687613
--------
nle(id0,id1,dist): 37 47 2.825750190264278
list:
dist: 2.825750190264278 vs. 2.825750190264278
--------
nle(id0,id1,dist): 37 39 0.8787570529315623
list:
dist: 0.8787570529315623 vs. 0.8787570529315623
--------
nle(id0,id1,dist): 36 54 2.7615726265436598
list:
dist: 2.7615726265436598 vs. 2.7615726265436598
--------
nle(id0,id1,dist): 36 46 3.963394577262477
list:
dist: 3.963394577262477 vs. 3.963394577262477
--------
nle(id0,id1,dist): 36 51 1.738067142976931
list:
dist: 1.738067142976931 vs. 1.738067142976931
--------
nle(id0,id1,dist): 36 39 1.3296783167769406
list:
dist: 1.3296783167769406 vs. 1.3296783167769406
--------
nle(id0,id1,dist): 36 37 1.9971720294435504
list:
dist: 1.9971720294435504 vs. 1.9971720294435504
--------
nle(id0,id1,dist): 36 43 1.6087027149786886
list:
dist: 1.6087027149786886 vs. 1.6087027149786886
--------
nle(id0,id1,dist): 35 59 3.458578131295647
list:
dist: 3.458578131295647 vs. 3.458578131295647
--------
nle(id0,id1,dist): 35 55 1.852615814345849
list:
dist: 1.852615814345849 vs. 1.852615814345849
--------
nle(id0,id1,dist): 35 57 2.687699402766588
list:
dist: 2.687699402766588 vs. 2.687699402766588
--------
nle(id0,id1,dist): 35 50 3.6660655254992984
list:
dist: 3.6660655254992984 vs. 3.6660655254992984
--------
nle(id0,id1,dist): 35 51 2.2541435407911368
list:
dist: 2.2541435407911368 vs. 2.2541435407911368
--------
nle(id0,id1,dist): 35 52 2.463898728504512
list:
dist: 2.463898728504512 vs. 2.463898728504512
--------
nle(id0,id1,dist): 35 53 2.398888041592814
list:
dist: 2.398888041592814 vs. 2.398888041592814
--------
nle(id0,id1,dist): 35 47 2.3836159570722604
list:
dist: 2.3836159570722604 vs. 2.3836159570722604
--------
nle(id0,id1,dist): 35 46 1.3308178610508288
list:
dist: 1.3308178610508288 vs. 1.3308178610508288
--------
nle(id0,id1,dist): 35 49 3.87646851182116
list:
dist: 3.87646851182116 vs. 3.87646851182116
--------
nle(id0,id1,dist): 35 45 2.990834976264601
list:
dist: 2.990834976264601 vs. 2.990834976264601
--------
nle(id0,id1,dist): 35 39 2.1265946150604025
list:
dist: 2.1265946150604025 vs. 2.1265946150604025
--------
nle(id0,id1,dist): 35 37 1.3385689171773003
list:
dist: 1.3385689171773003 vs. 1.3385689171773003
--------
nle(id0,id1,dist): 35 36 3.0643100946461637
list:
dist: 3.0643100946461637 vs. 3.0643100946461637
--------
nle(id0,id1,dist): 34 54 3.561650369050361
list:
dist: 3.561650369050361 vs. 3.561650369050361
--------
nle(id0,id1,dist): 34 51 2.3785168126115157
list:
dist: 2.3785168126115157 vs. 2.3785168126115157
--------
nle(id0,id1,dist): 34 46 4.020185052322901
list:
dist: 4.020185052322901 vs. 4.020185052322901
--------
nle(id0,id1,dist): 34 43 2.3104351649888573
list:
dist: 2.3104351649888573 vs. 2.3104351649888573
--------
nle(id0,id1,dist): 34 39 1.9283919719964988
list:
dist: 1.9283919719964988 vs. 1.9283919719964988
--------
nle(id0,id1,dist): 34 36 1.11715516371009
list:
dist: 1.11715516371009 vs. 1.11715516371009
--------
nle(id0,id1,dist): 34 35 3.0161150843239484
list:
dist: 3.0161150843239484 vs. 3.0161150843239484
--------
nle(id0,id1,dist): 34 37 2.1912294531298357
list:
dist: 2.1912294531298357 vs. 2.1912294531298357
--------
nle(id0,id1,dist): 33 46 3.3631641163617214
list:
dist: 3.3631641163617214 vs. 3.3631641163617214
--------
nle(id0,id1,dist): 33 47 3.7700633871970584
list:
dist: 3.7700633871970584 vs. 3.7700633871970584
--------
nle(id0,id1,dist): 33 51 2.1739520528692164
list:
dist: 2.1739520528692164 vs. 2.1739520528692164
--------
nle(id0,id1,dist): 33 54 3.6526808094991754
list:
dist: 3.6526808094991754 vs. 3.6526808094991754
--------
nle(id0,id1,dist): 33 55 3.516233707163498
list:
dist: 3.516233707163498 vs. 3.516233707163498
--------
nle(id0,id1,dist): 33 35 2.316139257602064
list:
dist: 2.316139257602064 vs. 2.316139257602064
--------
nle(id0,id1,dist): 33 34 0.7558255196293848
list:
dist: 0.7558255196293848 vs. 0.7558255196293848
--------
nle(id0,id1,dist): 33 39 1.7220764766749737
list:
dist: 1.7220764766749737 vs. 1.7220764766749737
--------
nle(id0,id1,dist): 33 37 1.6873750244251673
list:
dist: 1.6873750244251673 vs. 1.6873750244251673
--------
nle(id0,id1,dist): 33 36 1.4643579891894993
list:
dist: 1.4643579891894993 vs. 1.4643579891894993
--------
nle(id0,id1,dist): 32 51 2.3765587106718296
list:
dist: 2.3765587106718296 vs. 2.3765587106718296
--------
nle(id0,id1,dist): 32 55 2.3697616608902328
list:
dist: 2.3697616608902328 vs. 2.3697616608902328
--------
nle(id0,id1,dist): 32 54 3.693452232560632
list:
dist: 3.693452232560632 vs. 3.693452232560632
--------
nle(id0,id1,dist): 32 37 1.654611592581685
list:
dist: 1.654611592581685 vs. 1.654611592581685
--------
nle(id0,id1,dist): 32 39 2.212712420408246
list:
dist: 2.212712420408246 vs. 2.212712420408246
--------
nle(id0,id1,dist): 32 34 2.217277806728873
list:
dist: 2.217277806728873 vs. 2.217277806728873
--------
nle(id0,id1,dist): 32 33 1.675359340703299
list:
dist: 1.675359340703299 vs. 1.675359340703299
--------
nle(id0,id1,dist): 32 36 2.7300560677848527
list:
dist: 2.7300560677848527 vs. 2.7300560677848527
--------
nle(id0,id1,dist): 32 35 2.059330837112019
list:
dist: 2.059330837112019 vs. 2.059330837112019
--------
nle(id0,id1,dist): 32 46 2.512416505602547
list:
dist: 2.512416505602547 vs. 2.512416505602547
--------
nle(id0,id1,dist): 32 47 2.30979174896255
list:
dist: 2.30979174896255 vs. 2.30979174896255
--------
nle(id0,id1,dist): 31 54 2.5432917672609996
list:
dist: 2.5432917672609996 vs. 2.5432917672609996
--------
nle(id0,id1,dist): 31 43 2.029718393476575
list:
dist: 2.029718393476575 vs. 2.029718393476575
--------
nle(id0,id1,dist): 31 39 1.5736211425724977
list:
dist: 1.5736211425724977 vs. 1.5736211425724977
--------
nle(id0,id1,dist): 31 51 1.8742560397406383
list:
dist: 1.8742560397406383 vs. 1.8742560397406383
--------
nle(id0,id1,dist): 31 46 4.140403501522859
list:
dist: 4.140403501522859 vs. 4.140403501522859
--------
nle(id0,id1,dist): 31 36 0.7327897129005941
list:
dist: 0.7327897129005941 vs. 0.7327897129005941
--------
nle(id0,id1,dist): 31 37 2.194904758648314
list:
dist: 2.194904758648314 vs. 2.194904758648314
--------
nle(id0,id1,dist): 31 34 1.1591698862804931
list:
dist: 1.1591698862804931 vs. 1.1591698862804931
--------
nle(id0,id1,dist): 31 35 3.3823918853222086
list:
dist: 3.3823918853222086 vs. 3.3823918853222086
--------
nle(id0,id1,dist): 31 32 2.5919685673821204
list:
dist: 2.5919685673821204 vs. 2.5919685673821204
--------
nle(id0,id1,dist): 31 33 1.6261974946613087
list:
dist: 1.6261974946613087 vs. 1.6261974946613087
--------
nle(id0,id1,dist): 44 47 3.9864038720461914
list:
dist: 3.9864038720461914 vs. 3.9864038720461914
--------
nle(id0,id1,dist): 44 48 2.4557286485067915
list:
dist: 2.4557286485067915 vs. 2.4557286485067915
--------
nle(id0,id1,dist): 44 45 1.8403606406673623
list:
dist: 1.8403606406673623 vs. 1.8403606406673623
--------
nle(id0,id1,dist): 44 51 2.821692801817349
list:
dist: 2.821692801817349 vs. 2.821692801817349
--------
nle(id0,id1,dist): 44 52 2.0837863381797286
list:
dist: 2.0837863381797286 vs. 2.0837863381797286
--------
nle(id0,id1,dist): 44 49 1.3341152096672058
list:
dist: 1.3341152096672058 vs. 1.3341152096672058
--------
nle(id0,id1,dist): 44 50 2.492215416014621
list:
dist: 2.492215416014621 vs. 2.492215416014621
--------
nle(id0,id1,dist): 43 51 3.0640174187590516
list:
dist: 3.0640174187590516 vs. 3.0640174187590516
--------
nle(id0,id1,dist): 43 54 3.6638629532365963
list:
dist: 3.6638629532365963 vs. 3.6638629532365963
--------
nle(id0,id1,dist): 42 45 3.4328038164769397
list:
dist: 3.4328038164769397 vs. 3.4328038164769397
--------
nle(id0,id1,dist): 42 44 2.2331846524516177
list:
dist: 2.2331846524516177 vs. 2.2331846524516177
--------
nle(id0,id1,dist): 42 59 3.8503272699224405
list:
dist: 3.8503272699224405 vs. 3.8503272699224405
--------
nle(id0,id1,dist): 42 57 3.2335353261942466
list:
dist: 3.2335353261942466 vs. 3.2335353261942466
--------
nle(id0,id1,dist): 42 58 3.0314151525982074
list:
dist: 3.0314151525982074 vs. 3.0314151525982074
--------
nle(id0,id1,dist): 42 56 3.0473479045545453
list:
dist: 3.0473479045545453 vs. 3.0473479045545453
--------
nle(id0,id1,dist): 42 54 0.5176737381925637
list:
dist: 0.5176737381925637 vs. 0.5176737381925637
--------
nle(id0,id1,dist): 42 51 2.202733130757647
list:
dist: 2.202733130757647 vs. 2.202733130757647
--------
nle(id0,id1,dist): 42 52 2.9628169171976833
list:
dist: 2.9628169171976833 vs. 2.9628169171976833
--------
nle(id0,id1,dist): 42 49 2.8586725278808083
list:
dist: 2.8586725278808083 vs. 2.8586725278808083
--------
nle(id0,id1,dist): 42 50 1.5457050064500568
list:
dist: 1.5457050064500568 vs. 1.5457050064500568
--------
nle(id0,id1,dist): 42 48 4.173001620321
list:
dist: 4.173001620321 vs. 4.173001620321
--------
nle(id0,id1,dist): 41 44 2.603814526268124
list:
dist: 2.603814526268124 vs. 2.603814526268124
--------
nle(id0,id1,dist): 41 42 2.4674084387618445
list:
dist: 2.4674084387618445 vs. 2.4674084387618445
--------
nle(id0,id1,dist): 41 54 2.2017780604616606
list:
dist: 2.2017780604616606 vs. 2.2017780604616606
--------
nle(id0,id1,dist): 40 41 4.452035519697429
list:
dist: 4.452035519697429 vs. 4.452035519697429
--------
nle(id0,id1,dist): 40 42 2.6453727144497776
list:
dist: 2.6453727144497776 vs. 2.6453727144497776
--------
nle(id0,id1,dist): 40 51 4.653895055608807
list:
dist: 4.653895055608807 vs. 4.653895055608807
--------
nle(id0,id1,dist): 40 50 3.146511651169114
list:
dist: 3.146511651169114 vs. 3.146511651169114
--------
nle(id0,id1,dist): 40 56 4.136569054104249
list:
dist: 4.136569054104249 vs. 4.136569054104249
--------
nle(id0,id1,dist): 40 54 3.1527656041910714
list:
dist: 3.1527656041910714 vs. 3.1527656041910714
--------
nle(id0,id1,dist): 40 58 3.573508477194257
list:
dist: 3.573508477194257 vs. 3.573508477194257
--------
nle(id0,id1,dist): 39 46 2.7628569337635076
list:
dist: 2.7628569337635076 vs. 2.7628569337635076
--------
nle(id0,id1,dist): 39 49 3.415432247702178
list:
dist: 3.415432247702178 vs. 3.415432247702178
--------
nle(id0,id1,dist): 39 50 2.319628316035222
list:
dist: 2.319628316035222 vs. 2.319628316035222
--------
nle(id0,id1,dist): 39 51 0.5028822609001238
list:
dist: 0.5028822609001238 vs. 0.5028822609001238
--------
nle(id0,id1,dist): 39 52 2.3657205980170084
list:
dist: 2.3657205980170084 vs. 2.3657205980170084
--------
nle(id0,id1,dist): 39 53 2.426088996692901
list:
dist: 2.426088996692901 vs. 2.426088996692901
--------
nle(id0,id1,dist): 39 54 2.2074927644791766
list:
dist: 2.2074927644791766 vs. 2.2074927644791766
--------
nle(id0,id1,dist): 39 57 2.7557864094629854
list:
dist: 2.7557864094629854 vs. 2.7557864094629854
--------
nle(id0,id1,dist): 39 59 3.66524549972136
list:
dist: 3.66524549972136 vs. 3.66524549972136
--------
nle(id0,id1,dist): 39 45 2.9807363116607455
list:
dist: 2.9807363116607455 vs. 2.9807363116607455
--------
nle(id0,id1,dist): 39 44 3.2900120050889385
list:
dist: 3.2900120050889385 vs. 3.2900120050889385
--------
nle(id0,id1,dist): 39 43 2.7257962464717407
list:
dist: 2.7257962464717407 vs. 2.7257962464717407
--------
nle(id0,id1,dist): 39 42 2.5507450609268005
list:
dist: 2.5507450609268005 vs. 2.5507450609268005
--------
nle(id0,id1,dist): 39 40 4.973782435344043
list:
dist: 4.973782435344043 vs. 4.973782435344043
--------
nle(id0,id1,dist): 37 57 2.3985712399890797
list:
dist: 2.3985712399890797 vs. 2.3985712399890797
--------
nle(id0,id1,dist): 37 59 3.254903444761527
list:
dist: 3.254903444761527 vs. 3.254903444761527
--------
nle(id0,id1,dist): 23 24 1.1385040461311966
list:
dist: 1.1385040461311966 vs. 1.1385040461311966
--------
nle(id0,id1,dist): 21 27 1.9778803994879919
list:
dist: 1.9778803994879919 vs. 1.9778803994879919
--------
nle(id0,id1,dist): 21 24 1.8611350567775509
list:
dist: 1.8611350567775509 vs. 1.8611350567775509
--------
nle(id0,id1,dist): 21 28 2.8078875315360423
list:
dist: 2.8078875315360423 vs. 2.8078875315360423
--------
nle(id0,id1,dist): 21 29 1.5372934437681296
list:
dist: 1.5372934437681296 vs. 1.5372934437681296
--------
nle(id0,id1,dist): 21 23 1.336187523081864
list:
dist: 1.336187523081864 vs. 1.336187523081864
--------
nle(id0,id1,dist): 21 22 3.063627394383339
list:
dist: 3.063627394383339 vs. 3.063627394383339
--------
nle(id0,id1,dist): 22 27 1.854275004056776
list:
dist: 1.854275004056776 vs. 1.854275004056776
--------
nle(id0,id1,dist): 22 28 1.2319076980237358
list:
dist: 1.2319076980237358 vs. 1.2319076980237358
--------
nle(id0,id1,dist): 22 29 2.516134151786971
list:
dist: 2.516134151786971 vs. 2.516134151786971
--------
nle(id0,id1,dist): 22 26 0.9695596590501449
list:
dist: 0.9695596590501449 vs. 0.9695596590501449
--------
nle(id0,id1,dist): 19 24 1.7467223889825938
list:
dist: 1.7467223889825938 vs. 1.7467223889825938
--------
nle(id0,id1,dist): 19 22 2.016156942593151
list:
dist: 2.016156942593151 vs. 2.016156942593151
--------
nle(id0,id1,dist): 19 23 2.2305597233428074
list:
dist: 2.2305597233428074 vs. 2.2305597233428074
--------
nle(id0,id1,dist): 19 21 2.2332691663843005
list:
dist: 2.2332691663843005 vs. 2.2332691663843005
--------
nle(id0,id1,dist): 19 28 2.7407211552345596
list:
dist: 2.7407211552345596 vs. 2.7407211552345596
--------
nle(id0,id1,dist): 19 29 2.8291496635928537
list:
dist: 2.8291496635928537 vs. 2.8291496635928537
--------
nle(id0,id1,dist): 19 26 2.4059681126751875
list:
dist: 2.4059681126751875 vs. 2.4059681126751875
--------
nle(id0,id1,dist): 19 27 2.49102142836621
list:
dist: 2.49102142836621 vs. 2.49102142836621
--------
nle(id0,id1,dist): 20 23 2.0535158008162746
list:
dist: 2.0535158008162746 vs. 2.0535158008162746
--------
nle(id0,id1,dist): 20 24 1.9841049311272154
list:
dist: 1.9841049311272154 vs. 1.9841049311272154
--------
nle(id0,id1,dist): 18 22 1.3563136361957449
list:
dist: 1.3563136361957449 vs. 1.3563136361957449
--------
nle(id0,id1,dist): 18 21 2.200797088112813
list:
dist: 2.200797088112813 vs. 2.200797088112813
--------
nle(id0,id1,dist): 18 19 1.4670132544154142
list:
dist: 1.4670132544154142 vs. 1.4670132544154142
--------
nle(id0,id1,dist): 18 23 2.4739485398148977
list:
dist: 2.4739485398148977 vs. 2.4739485398148977
--------
nle(id0,id1,dist): 18 24 1.6834002888351773
list:
dist: 1.6834002888351773 vs. 1.6834002888351773
--------
nle(id0,id1,dist): 18 26 1.5873512290113516
list:
dist: 1.5873512290113516 vs. 1.5873512290113516
--------
nle(id0,id1,dist): 18 27 1.2986189506706352
list:
dist: 1.2986189506706352 vs. 1.2986189506706352
--------
nle(id0,id1,dist): 18 28 1.6633458918142703
list:
dist: 1.6633458918142703 vs. 1.6633458918142703
--------
nle(id0,id1,dist): 18 29 1.9957563716101032
list:
dist: 1.9957563716101032 vs. 1.9957563716101032
--------
nle(id0,id1,dist): 30 39 2.6655838890058354
list:
dist: 2.6655838890058354 vs. 2.6655838890058354
--------
nle(id0,id1,dist): 30 37 2.6461323692195644
list:
dist: 2.6461323692195644 vs. 2.6461323692195644
--------
nle(id0,id1,dist): 30 36 2.0830763732618185
list:
dist: 2.0830763732618185 vs. 2.0830763732618185
--------
nle(id0,id1,dist): 30 35 3.155012553243773
list:
dist: 3.155012553243773 vs. 3.155012553243773
--------
nle(id0,id1,dist): 30 34 0.9730765301426849
list:
dist: 0.9730765301426849 vs. 0.9730765301426849
--------
nle(id0,id1,dist): 30 33 1.0056868198013422
list:
dist: 1.0056868198013422 vs. 1.0056868198013422
--------
nle(id0,id1,dist): 30 32 2.088564745341075
list:
dist: 2.088564745341075 vs. 2.088564745341075
--------
nle(id0,id1,dist): 30 31 2.0523342201367436
list:
dist: 2.0523342201367436 vs. 2.0523342201367436
--------
nle(id0,id1,dist): 30 55 4.273547427770746
list:
dist: 4.273547427770746 vs. 4.273547427770746
--------
nle(id0,id1,dist): 30 54 4.370517683907
list:
dist: 4.370517683907 vs. 4.370517683907
--------
nle(id0,id1,dist): 30 51 3.1003170873867267
list:
dist: 3.1003170873867267 vs. 3.1003170873867267
--------
nle(id0,id1,dist): 30 47 4.308810069338547
list:
dist: 4.308810069338547 vs. 4.308810069338547
--------
nle(id0,id1,dist): 30 46 4.183820113152921
list:
dist: 4.183820113152921 vs. 4.183820113152921
--------
nle(id0,id1,dist): 28 29 1.693113296190099
list:
dist: 1.693113296190099 vs. 1.693113296190099
--------
nle(id0,id1,dist): 26 27 2.3177333057578795
list:
dist: 2.3177333057578795 vs. 2.3177333057578795
--------
nle(id0,id1,dist): 26 28 1.823627311250077
list:
dist: 1.823627311250077 vs. 1.823627311250077
--------
nle(id0,id1,dist): 27 29 0.9060689037305213
list:
dist: 0.9060689037305213 vs. 0.9060689037305213
--------
nle(id0,id1,dist): 27 28 1.1201051338701529
list:
dist: 1.1201051338701529 vs. 1.1201051338701529
--------
nle(id0,id1,dist): 62 79 2.975643266452901
list:
dist: 2.975643266452901 vs. 2.975643266452901
--------
nle(id0,id1,dist): 62 80 2.1541610793229373
list:
dist: 2.1541610793229373 vs. 2.1541610793229373
--------
nle(id0,id1,dist): 62 81 1.7245646907864571
list:
dist: 1.7245646907864571 vs. 1.7245646907864571
--------
nle(id0,id1,dist): 62 82 1.6409897163165788
list:
dist: 1.6409897163165788 vs. 1.6409897163165788
--------
nle(id0,id1,dist): 62 76 3.74126185185385
list:
dist: 3.74126185185385 vs. 3.74126185185385
--------
nle(id0,id1,dist): 62 78 3.9627791244147614
list:
dist: 3.9627791244147614 vs. 3.9627791244147614
--------
nle(id0,id1,dist): 62 85 3.7774284870282147
list:
dist: 3.7774284870282147 vs. 3.7774284870282147
--------
nle(id0,id1,dist): 62 63 2.5840437284942293
list:
dist: 2.5840437284942293 vs. 2.5840437284942293
--------
nle(id0,id1,dist): 62 66 3.4308916387238204
list:
dist: 3.4308916387238204 vs. 3.4308916387238204
--------
nle(id0,id1,dist): 62 65 1.2264134500124393
list:
dist: 1.2264134500124393 vs. 1.2264134500124393
--------
nle(id0,id1,dist): 62 72 1.1175406893750508
list:
dist: 1.1175406893750508 vs. 1.1175406893750508
--------
nle(id0,id1,dist): 62 71 1.8352199851431947
list:
dist: 1.8352199851431947 vs. 1.8352199851431947
--------
nle(id0,id1,dist): 62 73 1.936211420048499
list:
dist: 1.936211420048499 vs. 1.936211420048499
--------
nle(id0,id1,dist): 62 68 1.563645240754135
list:
dist: 1.563645240754135 vs. 1.563645240754135
--------
nle(id0,id1,dist): 61 84 1.9121781037303835
list:
dist: 1.9121781037303835 vs. 1.9121781037303835
--------
nle(id0,id1,dist): 61 85 1.03719461534329
list:
dist: 1.03719461534329 vs. 1.03719461534329
--------
nle(id0,id1,dist): 61 82 2.742592393932413
list:
dist: 2.742592393932413 vs. 2.742592393932413
--------
nle(id0,id1,dist): 61 83 1.1901460387034004
list:
dist: 1.1901460387034004 vs. 1.1901460387034004
--------
nle(id0,id1,dist): 61 80 2.307407629955511
list:
dist: 2.307407629955511 vs. 2.307407629955511
--------
nle(id0,id1,dist): 61 81 2.280545000655076
list:
dist: 2.280545000655076 vs. 2.280545000655076
--------
nle(id0,id1,dist): 61 88 1.705841659315936
list:
dist: 1.705841659315936 vs. 1.705841659315936
--------
nle(id0,id1,dist): 61 89 2.0579918581329713
list:
dist: 2.0579918581329713 vs. 2.0579918581329713
--------
nle(id0,id1,dist): 61 71 1.5219788151297058
list:
dist: 1.5219788151297058 vs. 1.5219788151297058
--------
nle(id0,id1,dist): 61 69 2.6330464227401214
list:
dist: 2.6330464227401214 vs. 2.6330464227401214
--------
nle(id0,id1,dist): 61 68 2.7919502981139055
list:
dist: 2.7919502981139055 vs. 2.7919502981139055
--------
nle(id0,id1,dist): 61 67 2.0839600366088407
list:
dist: 2.0839600366088407 vs. 2.0839600366088407
--------
nle(id0,id1,dist): 61 66 0.805402259565458
list:
dist: 0.805402259565458 vs. 0.805402259565458
--------
nle(id0,id1,dist): 61 65 2.861379855171914
list:
dist: 2.861379855171914 vs. 2.861379855171914
--------
nle(id0,id1,dist): 61 79 1.9546677188435742
list:
dist: 1.9546677188435742 vs. 1.9546677188435742
--------
nle(id0,id1,dist): 61 78 1.238718405464257
list:
dist: 1.238718405464257 vs. 1.238718405464257
--------
nle(id0,id1,dist): 61 77 2.353045770049405
list:
dist: 2.353045770049405 vs. 2.353045770049405
--------
nle(id0,id1,dist): 61 76 0.6646246376817876
list:
dist: 0.6646246376817876 vs. 0.6646246376817876
--------
nle(id0,id1,dist): 61 75 1.9382704014555463
list:
dist: 1.9382704014555463 vs. 1.9382704014555463
--------
nle(id0,id1,dist): 61 74 2.602780842887436
list:
dist: 2.602780842887436 vs. 2.602780842887436
--------
nle(id0,id1,dist): 61 73 1.7151919896867938
list:
dist: 1.7151919896867938 vs. 1.7151919896867938
--------
nle(id0,id1,dist): 64 70 1.2814803212650965
list:
dist: 1.2814803212650965 vs. 1.2814803212650965
--------
nle(id0,id1,dist): 64 76 4.87308091083921
list:
dist: 4.87308091083921 vs. 4.87308091083921
--------
nle(id0,id1,dist): 64 77 4.349370400887204
list:
dist: 4.349370400887204 vs. 4.349370400887204
--------
nle(id0,id1,dist): 64 78 4.859208775776864
list:
dist: 4.859208775776864 vs. 4.859208775776864
--------
nle(id0,id1,dist): 63 72 1.7142718429514396
list:
dist: 1.7142718429514396 vs. 1.7142718429514396
--------
nle(id0,id1,dist): 63 73 3.3737238898782453
list:
dist: 3.3737238898782453 vs. 3.3737238898782453
--------
nle(id0,id1,dist): 63 81 3.001795770859746
list:
dist: 3.001795770859746 vs. 3.001795770859746
--------
nle(id0,id1,dist): 63 79 3.4213640848443765
list:
dist: 3.4213640848443765 vs. 3.4213640848443765
--------
nle(id0,id1,dist): 63 82 4.024590830589787
list:
dist: 4.024590830589787 vs. 4.024590830589787
--------
nle(id0,id1,dist): 63 65 2.0781749009067907
list:
dist: 2.0781749009067907 vs. 2.0781749009067907
--------
nle(id0,id1,dist): 63 68 2.1703427195653124
list:
dist: 2.1703427195653124 vs. 2.1703427195653124
--------
nle(id0,id1,dist): 58 59 2.7573034335068343
list:
dist: 2.7573034335068343 vs. 2.7573034335068343
--------
nle(id0,id1,dist): 61 62 3.282567337019992
list:
dist: 3.282567337019992 vs. 3.282567337019992
--------
nle(id0,id1,dist): 60 79 2.8102566703706633
list:
dist: 2.8102566703706633 vs. 2.8102566703706633
--------
nle(id0,id1,dist): 60 81 3.0421755167534497
list:
dist: 3.0421755167534497 vs. 3.0421755167534497
--------
nle(id0,id1,dist): 60 82 2.9097207968889034
list:
dist: 2.9097207968889034 vs. 2.9097207968889034
--------
nle(id0,id1,dist): 60 72 1.1797913588673064
list:
dist: 1.1797913588673064 vs. 1.1797913588673064
--------
nle(id0,id1,dist): 60 73 2.4205949741555504
list:
dist: 2.4205949741555504 vs. 2.4205949741555504
--------
nle(id0,id1,dist): 60 63 1.8724984916560459
list:
dist: 1.8724984916560459 vs. 1.8724984916560459
--------
nle(id0,id1,dist): 60 62 2.148023748214363
list:
dist: 2.148023748214363 vs. 2.148023748214363
--------
nle(id0,id1,dist): 60 68 1.456924495658305
list:
dist: 1.456924495658305 vs. 1.456924495658305
--------
nle(id0,id1,dist): 60 65 1.5778396056177582
list:
dist: 1.5778396056177582 vs. 1.5778396056177582
--------
nle(id0,id1,dist): 69 71 2.976476055237683
list:
dist: 2.976476055237683 vs. 2.976476055237683
--------
nle(id0,id1,dist): 69 78 2.458945718633722
list:
dist: 2.458945718633722 vs. 2.458945718633722
--------
nle(id0,id1,dist): 69 79 1.985572836702727
list:
dist: 1.985572836702727 vs. 1.985572836702727
--------
nle(id0,id1,dist): 69 76 2.8752998028633647
list:
dist: 2.8752998028633647 vs. 2.8752998028633647
--------
nle(id0,id1,dist): 69 77 4.554349161473423
list:
dist: 4.554349161473423 vs. 4.554349161473423
--------
nle(id0,id1,dist): 69 75 1.0842108548807734
list:
dist: 1.0842108548807734 vs. 1.0842108548807734
--------
nle(id0,id1,dist): 69 73 3.0327323119318264
list:
dist: 3.0327323119318264 vs. 3.0327323119318264
--------
nle(id0,id1,dist): 69 85 1.8233373144254195
list:
dist: 1.8233373144254195 vs. 1.8233373144254195
--------
nle(id0,id1,dist): 69 83 3.4610988273440713
list:
dist: 3.4610988273440713 vs. 3.4610988273440713
--------
nle(id0,id1,dist): 69 81 2.706796958154277
list:
dist: 2.706796958154277 vs. 2.706796958154277
--------
nle(id0,id1,dist): 68 73 1.2157617471194768
list:
dist: 1.2157617471194768 vs. 1.2157617471194768
--------
nle(id0,id1,dist): 68 76 3.1104463310652655
list:
dist: 3.1104463310652655 vs. 3.1104463310652655
--------
nle(id0,id1,dist): 68 75 3.4441193230805087
list:
dist: 3.4441193230805087 vs. 3.4441193230805087
--------
nle(id0,id1,dist): 68 69 3.187387176201394
list:
dist: 3.187387176201394 vs. 3.187387176201394
--------
nle(id0,id1,dist): 68 72 1.3277652116289536
list:
dist: 1.3277652116289536 vs. 1.3277652116289536
--------
nle(id0,id1,dist): 68 71 1.8301830554559693
list:
dist: 1.8301830554559693 vs. 1.8301830554559693
--------
nle(id0,id1,dist): 68 81 1.6968086450762667
list:
dist: 1.6968086450762667 vs. 1.6968086450762667
--------
nle(id0,id1,dist): 68 82 2.302826981240194
list:
dist: 2.302826981240194 vs. 2.302826981240194
--------
nle(id0,id1,dist): 68 78 3.0050055922924517
list:
dist: 3.0050055922924517 vs. 3.0050055922924517
--------
nle(id0,id1,dist): 68 79 1.6444906975380627
list:
dist: 1.6444906975380627 vs. 1.6444906975380627
--------
nle(id0,id1,dist): 68 80 2.46281170538166
list:
dist: 2.46281170538166 vs. 2.46281170538166
--------
nle(id0,id1,dist): 68 85 2.885929193693624
list:
dist: 2.885929193693624 vs. 2.885929193693624
--------
nle(id0,id1,dist): 70 86 1.2055747961822507
list:
dist: 1.2055747961822507 vs. 1.2055747961822507
--------
nle(id0,id1,dist): 70 90 1.9779830792878008
list:
dist: 1.9779830792878008 vs. 1.9779830792878008
--------
nle(id0,id1,dist): 70 94 1.6717419426003293
list:
dist: 1.6717419426003293 vs. 1.6717419426003293
--------
nle(id0,id1,dist): 70 93 1.0694599338326216
list:
dist: 1.0694599338326216 vs. 1.0694599338326216
--------
nle(id0,id1,dist): 70 92 1.3837779607168665
list:
dist: 1.3837779607168665 vs. 1.3837779607168665
--------
nle(id0,id1,dist): 70 91 1.1643050819395728
list:
dist: 1.1643050819395728 vs. 1.1643050819395728
--------
nle(id0,id1,dist): 70 98 0.9356608425017294
list:
dist: 0.9356608425017294 vs. 0.9356608425017294
--------
nle(id0,id1,dist): 70 97 3.371596683984071
list:
dist: 3.371596683984071 vs. 3.371596683984071
--------
nle(id0,id1,dist): 70 96 1.1984598950103247
list:
dist: 1.1984598950103247 vs. 1.1984598950103247
--------
nle(id0,id1,dist): 70 95 2.417384041246569
list:
dist: 2.417384041246569 vs. 2.417384041246569
--------
nle(id0,id1,dist): 70 101 2.271927291643547
list:
dist: 2.271927291643547 vs. 2.271927291643547
--------
nle(id0,id1,dist): 70 102 2.1569351460376502
list:
dist: 2.1569351460376502 vs. 2.1569351460376502
--------
nle(id0,id1,dist): 70 99 2.224024148952251
list:
dist: 2.224024148952251 vs. 2.224024148952251
--------
nle(id0,id1,dist): 70 100 2.4489562485601466
list:
dist: 2.4489562485601466 vs. 2.4489562485601466
--------
nle(id0,id1,dist): 70 105 1.2340191963847973
list:
dist: 1.2340191963847973 vs. 1.2340191963847973
--------
nle(id0,id1,dist): 70 106 2.273334325851743
list:
dist: 2.273334325851743 vs. 2.273334325851743
--------
nle(id0,id1,dist): 70 103 2.1982359965156135
list:
dist: 2.1982359965156135 vs. 2.1982359965156135
--------
nle(id0,id1,dist): 70 104 2.73747350940265
list:
dist: 2.73747350940265 vs. 2.73747350940265
--------
nle(id0,id1,dist): 70 109 1.1343085000342121
list:
dist: 1.1343085000342121 vs. 1.1343085000342121
--------
nle(id0,id1,dist): 71 73 1.1263581966350376
list:
dist: 1.1263581966350376 vs. 1.1263581966350376
--------
nle(id0,id1,dist): 70 110 2.04733366000172
list:
dist: 2.04733366000172 vs. 2.04733366000172
--------
nle(id0,id1,dist): 70 107 2.9216898110982696
list:
dist: 2.9216898110982696 vs. 2.9216898110982696
--------
nle(id0,id1,dist): 70 108 2.056018376680594
list:
dist: 2.056018376680594 vs. 2.056018376680594
--------
nle(id0,id1,dist): 70 113 1.958008757385361
list:
dist: 1.958008757385361 vs. 1.958008757385361
--------
nle(id0,id1,dist): 71 76 2.0904301670685173
list:
dist: 2.0904301670685173 vs. 2.0904301670685173
--------
nle(id0,id1,dist): 71 77 3.6339541448804002
list:
dist: 3.6339541448804002 vs. 3.6339541448804002
--------
nle(id0,id1,dist): 70 114 2.519249376140256
list:
dist: 2.519249376140256 vs. 2.519249376140256
--------
nle(id0,id1,dist): 70 111 1.4960868373482539
list:
dist: 1.4960868373482539 vs. 1.4960868373482539
--------
nle(id0,id1,dist): 71 74 3.1754390990954313
list:
dist: 3.1754390990954313 vs. 3.1754390990954313
--------
nle(id0,id1,dist): 70 112 1.0299370740187643
list:
dist: 1.0299370740187643 vs. 1.0299370740187643
--------
nle(id0,id1,dist): 71 75 2.639237285760338
list:
dist: 2.639237285760338 vs. 2.639237285760338
--------
nle(id0,id1,dist): 69 88 2.837959265244658
list:
dist: 2.837959265244658 vs. 2.837959265244658
--------
nle(id0,id1,dist): 65 85 3.0395137560549084
list:
dist: 3.0395137560549084 vs. 3.0395137560549084
--------
nle(id0,id1,dist): 65 82 2.1906859455053107
list:
dist: 2.1906859455053107 vs. 2.1906859455053107
--------
nle(id0,id1,dist): 64 117 1.4650308067615163
list:
dist: 1.4650308067615163 vs. 1.4650308067615163
--------
nle(id0,id1,dist): 65 80 2.431359151729224
list:
dist: 2.431359151729224 vs. 2.431359151729224
--------
nle(id0,id1,dist): 64 118 2.0740509425774043
list:
dist: 2.0740509425774043 vs. 2.0740509425774043
--------
nle(id0,id1,dist): 65 81 1.468740361432447
list:
dist: 1.468740361432447 vs. 1.468740361432447
--------
nle(id0,id1,dist): 64 115 1.852114292810349
list:
dist: 1.852114292810349 vs. 1.852114292810349
--------
nle(id0,id1,dist): 65 78 3.219848491662669
list:
dist: 3.219848491662669 vs. 3.219848491662669
--------
nle(id0,id1,dist): 64 116 2.81122948158156
list:
dist: 2.81122948158156 vs. 2.81122948158156
--------
nle(id0,id1,dist): 65 79 1.9159873996106829
list:
dist: 1.9159873996106829 vs. 1.9159873996106829
--------
nle(id0,id1,dist): 64 113 1.609439049084074
list:
dist: 1.609439049084074 vs. 1.609439049084074
--------
nle(id0,id1,dist): 65 76 3.2459447236082637
list:
dist: 3.2459447236082637 vs. 3.2459447236082637
--------
nle(id0,id1,dist): 66 69 3.4296959251660994
list:
dist: 3.4296959251660994 vs. 3.4296959251660994
--------
nle(id0,id1,dist): 66 68 3.2179412372067433
list:
dist: 3.2179412372067433 vs. 3.2179412372067433
--------
nle(id0,id1,dist): 66 67 2.694247913738204
list:
dist: 2.694247913738204 vs. 2.694247913738204
--------
nle(id0,id1,dist): 64 93 2.0290783956855236
list:
dist: 2.0290783956855236 vs. 2.0290783956855236
--------
nle(id0,id1,dist): 64 94 2.765107744398669
list:
dist: 2.765107744398669 vs. 2.765107744398669
--------
nle(id0,id1,dist): 64 95 2.0736054156910484
list:
dist: 2.0736054156910484 vs. 2.0736054156910484
--------
nle(id0,id1,dist): 64 96 0.8654455929243615
list:
dist: 0.8654455929243615 vs. 0.8654455929243615
--------
nle(id0,id1,dist): 64 89 3.7540057355319085
list:
dist: 3.7540057355319085 vs. 3.7540057355319085
--------
nle(id0,id1,dist): 64 90 2.9545284480498113
list:
dist: 2.9545284480498113 vs. 2.9545284480498113
--------
nle(id0,id1,dist): 64 91 1.8525968186256048
list:
dist: 1.8525968186256048 vs. 1.8525968186256048
--------
nle(id0,id1,dist): 64 92 2.446321143900677
list:
dist: 2.446321143900677 vs. 2.446321143900677
--------
nle(id0,id1,dist): 64 85 5.607599337691073
list:
dist: 5.607599337691073 vs. 5.607599337691073
--------
nle(id0,id1,dist): 64 86 0.5916759496988112
list:
dist: 0.5916759496988112 vs. 0.5916759496988112
--------
nle(id0,id1,dist): 64 88 5.247180890076419
list:
dist: 5.247180890076419 vs. 5.247180890076419
--------
nle(id0,id1,dist): 64 83 4.3428898778536436
list:
dist: 4.3428898778536436 vs. 4.3428898778536436
--------
nle(id0,id1,dist): 64 110 1.9648065767718834
list:
dist: 1.9648065767718834 vs. 1.9648065767718834
--------
nle(id0,id1,dist): 65 73 1.3375521039273346
list:
dist: 1.3375521039273346 vs. 1.3375521039273346
--------
nle(id0,id1,dist): 64 109 1.7726596500594836
list:
dist: 1.7726596500594836 vs. 1.7726596500594836
--------
nle(id0,id1,dist): 65 72 1.1237754173739032
list:
dist: 1.1237754173739032 vs. 1.1237754173739032
--------
nle(id0,id1,dist): 64 112 1.0200314245286477
list:
dist: 1.0200314245286477 vs. 1.0200314245286477
--------
nle(id0,id1,dist): 65 75 3.5161724789100783
list:
dist: 3.5161724789100783 vs. 3.5161724789100783
--------
nle(id0,id1,dist): 64 111 1.3688620832324938
list:
dist: 1.3688620832324938 vs. 1.3688620832324938
--------
nle(id0,id1,dist): 65 69 3.2990690915619587
list:
dist: 3.2990690915619587 vs. 3.2990690915619587
--------
nle(id0,id1,dist): 65 68 0.39214236313585493
list:
dist: 0.39214236313585493 vs. 0.39214236313585493
--------
nle(id0,id1,dist): 64 105 2.4968608235387717
list:
dist: 2.4968608235387717 vs. 2.4968608235387717
--------
nle(id0,id1,dist): 64 108 1.57474857912964
list:
dist: 1.57474857912964 vs. 1.57474857912964
--------
nle(id0,id1,dist): 65 71 1.710926462724687
list:
dist: 1.710926462724687 vs. 1.710926462724687
--------
nle(id0,id1,dist): 64 102 3.3397980635761777
list:
dist: 3.3397980635761777 vs. 3.3397980635761777
--------
nle(id0,id1,dist): 65 67 4.192075146783224
list:
dist: 4.192075146783224 vs. 4.192075146783224
--------
nle(id0,id1,dist): 64 103 3.2995403766429483
list:
dist: 3.2995403766429483 vs. 3.2995403766429483
--------
nle(id0,id1,dist): 65 66 3.254524940243179
list:
dist: 3.254524940243179 vs. 3.254524940243179
--------
nle(id0,id1,dist): 64 98 1.9178104616856841
list:
dist: 1.9178104616856841 vs. 1.9178104616856841
--------
nle(id0,id1,dist): 64 99 2.0683792580756633
list:
dist: 2.0683792580756633 vs. 2.0683792580756633
--------
nle(id0,id1,dist): 67 76 2.077638010037473
list:
dist: 2.077638010037473 vs. 2.077638010037473
--------
nle(id0,id1,dist): 67 77 3.1528332908909156
list:
dist: 3.1528332908909156 vs. 3.1528332908909156
--------
nle(id0,id1,dist): 67 75 0.9563962891696003
list:
dist: 0.9563962891696003 vs. 0.9563962891696003
--------
nle(id0,id1,dist): 67 81 3.454034503585226
list:
dist: 3.454034503585226 vs. 3.454034503585226
--------
nle(id0,id1,dist): 67 78 1.8439072938185852
list:
dist: 1.8439072938185852 vs. 1.8439072938185852
--------
nle(id0,id1,dist): 67 79 2.641304368710284
list:
dist: 2.641304368710284 vs. 2.641304368710284
--------
nle(id0,id1,dist): 67 68 4.067550549000665
list:
dist: 4.067550549000665 vs. 4.067550549000665
--------
nle(id0,id1,dist): 67 69 1.7520509359793146
list:
dist: 1.7520509359793146 vs. 1.7520509359793146
--------
nle(id0,id1,dist): 67 73 3.3662712974022493
list:
dist: 3.3662712974022493 vs. 3.3662712974022493
--------
nle(id0,id1,dist): 67 71 3.221186981840402
list:
dist: 3.221186981840402 vs. 3.221186981840402
--------
nle(id0,id1,dist): 67 85 1.3401043927496603
list:
dist: 1.3401043927496603 vs. 1.3401043927496603
--------
nle(id0,id1,dist): 67 83 2.498487382510303
list:
dist: 2.498487382510303 vs. 2.498487382510303
--------
nle(id0,id1,dist): 67 88 1.2572157875553447
list:
dist: 1.2572157875553447 vs. 1.2572157875553447
--------
nle(id0,id1,dist): 66 79 2.6291080489951217
list:
dist: 2.6291080489951217 vs. 2.6291080489951217
--------
nle(id0,id1,dist): 66 80 2.0060117112896005
list:
dist: 2.0060117112896005 vs. 2.0060117112896005
--------
nle(id0,id1,dist): 66 81 2.7169127269537503
list:
dist: 2.7169127269537503 vs. 2.7169127269537503
--------
nle(id0,id1,dist): 66 82 2.5307713355961328
list:
dist: 2.5307713355961328 vs. 2.5307713355961328
--------
nle(id0,id1,dist): 66 83 1.02554428830747
list:
dist: 1.02554428830747 vs. 1.02554428830747
--------
nle(id0,id1,dist): 66 84 1.1216997851376638
list:
dist: 1.1216997851376638 vs. 1.1216997851376638
--------
nle(id0,id1,dist): 66 85 1.78578451910323
list:
dist: 1.78578451910323 vs. 1.78578451910323
--------
nle(id0,id1,dist): 66 71 1.7826830731979275
list:
dist: 1.7826830731979275 vs. 1.7826830731979275
--------
nle(id0,id1,dist): 66 73 2.0413220538256547
list:
dist: 2.0413220538256547 vs. 2.0413220538256547
--------
nle(id0,id1,dist): 66 74 1.8184971168224442
list:
dist: 1.8184971168224442 vs. 1.8184971168224442
--------
nle(id0,id1,dist): 66 75 2.663790406511255
list:
dist: 2.663790406511255 vs. 2.663790406511255
--------
nle(id0,id1,dist): 66 76 0.941853698441503
list:
dist: 0.941853698441503 vs. 0.941853698441503
--------
nle(id0,id1,dist): 66 77 1.8596797276974442
list:
dist: 1.8596797276974442 vs. 1.8596797276974442
--------
nle(id0,id1,dist): 66 78 1.760992937407158
list:
dist: 1.760992937407158 vs. 1.760992937407158
--------
nle(id0,id1,dist): 66 88 1.96880998337319
list:
dist: 1.96880998337319 vs. 1.96880998337319
--------
nle(id0,id1,dist): 66 89 1.5217566782712821
list:
dist: 1.5217566782712821 vs. 1.5217566782712821
--------
nle(id0,id1,dist): 48 52 1.75919774064125
list:
dist: 1.75919774064125 vs. 1.75919774064125
--------
nle(id0,id1,dist): 48 49 1.3888838442797142
list:
dist: 1.3888838442797142 vs. 1.3888838442797142
--------
nle(id0,id1,dist): 48 50 3.448488266046973
list:
dist: 3.448488266046973 vs. 3.448488266046973
--------
nle(id0,id1,dist): 48 56 1.8414199419515171
list:
dist: 1.8414199419515171 vs. 1.8414199419515171
--------
nle(id0,id1,dist): 48 53 2.1516929945362713
list:
dist: 2.1516929945362713 vs. 2.1516929945362713
--------
nle(id0,id1,dist): 48 59 0.6128272961738185
list:
dist: 0.6128272961738185 vs. 0.6128272961738185
--------
nle(id0,id1,dist): 48 57 1.3764585273400214
list:
dist: 1.3764585273400214 vs. 1.3764585273400214
--------
nle(id0,id1,dist): 48 58 2.5980189865796164
list:
dist: 2.5980189865796164 vs. 2.5980189865796164
--------
nle(id0,id1,dist): 49 50 2.3034297496175014
list:
dist: 2.3034297496175014 vs. 2.3034297496175014
--------
nle(id0,id1,dist): 49 51 2.9282587796260415
list:
dist: 2.9282587796260415 vs. 2.9282587796260415
--------
nle(id0,id1,dist): 49 52 1.4132739847637557
list:
dist: 1.4132739847637557 vs. 1.4132739847637557
--------
nle(id0,id1,dist): 49 53 1.8502209178330284
list:
dist: 1.8502209178330284 vs. 1.8502209178330284
--------
nle(id0,id1,dist): 49 54 2.656629517880717
list:
dist: 2.656629517880717 vs. 2.656629517880717
--------
nle(id0,id1,dist): 49 55 2.7538026875076964
list:
dist: 2.7538026875076964 vs. 2.7538026875076964
--------
nle(id0,id1,dist): 49 56 0.9582281532931074
list:
dist: 0.9582281532931074 vs. 0.9582281532931074
--------
nle(id0,id1,dist): 49 57 1.2577244386693651
list:
dist: 1.2577244386693651 vs. 1.2577244386693651
--------
nle(id0,id1,dist): 49 58 1.6004228147463608
list:
dist: 1.6004228147463608 vs. 1.6004228147463608
--------
nle(id0,id1,dist): 49 59 1.278982080928202
list:
dist: 1.278982080928202 vs. 1.278982080928202
--------
nle(id0,id1,dist): 50 53 1.968415241313934
list:
dist: 1.968415241313934 vs. 1.968415241313934
--------
nle(id0,id1,dist): 50 54 1.6110577326408684
list:
dist: 1.6110577326408684 vs. 1.6110577326408684
--------
nle(id0,id1,dist): 50 51 1.9132690452572332
list:
dist: 1.9132690452572332 vs. 1.9132690452572332
--------
nle(id0,id1,dist): 50 52 2.1721170106747625
list:
dist: 2.1721170106747625 vs. 2.1721170106747625
--------
nle(id0,id1,dist): 50 59 3.2616859672257275
list:
dist: 3.2616859672257275 vs. 3.2616859672257275
--------
nle(id0,id1,dist): 50 56 2.201382489506517
list:
dist: 2.201382489506517 vs. 2.201382489506517
--------
nle(id0,id1,dist): 50 58 2.474750393281679
list:
dist: 2.474750393281679 vs. 2.474750393281679
--------
nle(id0,id1,dist): 50 57 2.4186877536601687
list:
dist: 2.4186877536601687 vs. 2.4186877536601687
--------
nle(id0,id1,dist): 45 47 2.1693538129289123
list:
dist: 2.1693538129289123 vs. 2.1693538129289123
--------
nle(id0,id1,dist): 45 46 2.114067904696899
list:
dist: 2.114067904696899 vs. 2.114067904696899
--------
nle(id0,id1,dist): 44 55 3.241339509383975
list:
dist: 3.241339509383975 vs. 3.241339509383975
--------
nle(id0,id1,dist): 44 56 2.044883007318191
list:
dist: 2.044883007318191 vs. 2.044883007318191
--------
nle(id0,id1,dist): 44 54 1.9659125363769174
list:
dist: 1.9659125363769174 vs. 1.9659125363769174
--------
nle(id0,id1,dist): 44 59 2.109204760770139
list:
dist: 2.109204760770139 vs. 2.109204760770139
--------
nle(id0,id1,dist): 44 57 2.1203568275341795
list:
dist: 2.1203568275341795 vs. 2.1203568275341795
--------
nle(id0,id1,dist): 44 58 2.204872016109735
list:
dist: 2.204872016109735 vs. 2.204872016109735
--------
nle(id0,id1,dist): 45 56 2.625652536251049
list:
dist: 2.625652536251049 vs. 2.625652536251049
--------
nle(id0,id1,dist): 45 57 1.2640191788808803
list:
dist: 1.2640191788808803 vs. 1.2640191788808803
--------
nle(id0,id1,dist): 45 58 3.299697784110857
list:
dist: 3.299697784110857 vs. 3.299697784110857
--------
nle(id0,id1,dist): 45 59 1.1131179044646686
list:
dist: 1.1131179044646686 vs. 1.1131179044646686
--------
nle(id0,id1,dist): 45 48 1.7257038148452897
list:
dist: 1.7257038148452897 vs. 1.7257038148452897
--------
nle(id0,id1,dist): 45 49 1.711776410571101
list:
dist: 1.711776410571101 vs. 1.711776410571101
--------
nle(id0,id1,dist): 45 50 3.1687510436204405
list:
dist: 3.1687510436204405 vs. 3.1687510436204405
--------
nle(id0,id1,dist): 45 51 2.62220037110291
list:
dist: 2.62220037110291 vs. 2.62220037110291
--------
nle(id0,id1,dist): 45 52 1.3145830662063553
list:
dist: 1.3145830662063553 vs. 1.3145830662063553
--------
nle(id0,id1,dist): 45 53 2.1547459632356283
list:
dist: 2.1547459632356283 vs. 2.1547459632356283
--------
nle(id0,id1,dist): 45 54 3.0081867597385767
list:
dist: 3.0081867597385767 vs. 3.0081867597385767
--------
nle(id0,id1,dist): 45 55 1.520854006538062
list:
dist: 1.520854006538062 vs. 1.520854006538062
--------
nle(id0,id1,dist): 46 59 2.331359267637164
list:
dist: 2.331359267637164 vs. 2.331359267637164
--------
nle(id0,id1,dist): 46 57 1.8010987586732783
list:
dist: 1.8010987586732783 vs. 1.8010987586732783
--------
nle(id0,id1,dist): 46 55 0.7325100177171109
list:
dist: 0.7325100177171109 vs. 0.7325100177171109
--------
nle(id0,id1,dist): 46 53 1.8700465838193239
list:
dist: 1.8700465838193239 vs. 1.8700465838193239
--------
nle(id0,id1,dist): 46 51 2.643006429383356
list:
dist: 2.643006429383356 vs. 2.643006429383356
--------
nle(id0,id1,dist): 46 52 1.7553953385430685
list:
dist: 1.7553953385430685 vs. 1.7553953385430685
--------
nle(id0,id1,dist): 46 49 3.048514471418172
list:
dist: 3.048514471418172 vs. 3.048514471418172
--------
nle(id0,id1,dist): 46 50 3.613155855110743
list:
dist: 3.613155855110743 vs. 3.613155855110743
--------
nle(id0,id1,dist): 46 47 1.6095783430134112
list:
dist: 1.6095783430134112 vs. 1.6095783430134112
--------
nle(id0,id1,dist): 47 59 2.6736501548732226
list:
dist: 2.6736501548732226 vs. 2.6736501548732226
--------
nle(id0,id1,dist): 47 55 1.1607996304399646
list:
dist: 1.1607996304399646 vs. 1.1607996304399646
--------
nle(id0,id1,dist): 47 57 2.702738952039923
list:
dist: 2.702738952039923 vs. 2.702738952039923
--------
nle(id0,id1,dist): 47 52 2.724678032252255
list:
dist: 2.724678032252255 vs. 2.724678032252255
--------
nle(id0,id1,dist): 47 53 3.2145527877190894
list:
dist: 3.2145527877190894 vs. 3.2145527877190894
--------
nle(id0,id1,dist): 47 49 3.7035348311380303
list:
dist: 3.7035348311380303 vs. 3.7035348311380303
--------
nle(id0,id1,dist): 55 57 1.6163688832382932
list:
dist: 1.6163688832382932 vs. 1.6163688832382932
--------
nle(id0,id1,dist): 55 59 1.8825928227380706
list:
dist: 1.8825928227380706 vs. 1.8825928227380706
--------
nle(id0,id1,dist): 56 58 0.9276981198579761
list:
dist: 0.9276981198579761 vs. 0.9276981198579761
--------
nle(id0,id1,dist): 56 57 1.8355530009052201
list:
dist: 1.8355530009052201 vs. 1.8355530009052201
--------
nle(id0,id1,dist): 56 59 2.000725819114005
list:
dist: 2.000725819114005 vs. 2.000725819114005
--------
nle(id0,id1,dist): 57 59 1.0617611636538407
list:
dist: 1.0617611636538407 vs. 1.0617611636538407
--------
nle(id0,id1,dist): 57 58 2.6951986588532963
list:
dist: 2.6951986588532963 vs. 2.6951986588532963
--------
nle(id0,id1,dist): 51 59 3.2578395070114183
list:
dist: 3.2578395070114183 vs. 3.2578395070114183
--------
nle(id0,id1,dist): 51 52 1.957726249845784
list:
dist: 1.957726249845784 vs. 1.957726249845784
--------
nle(id0,id1,dist): 51 53 2.0662717338184016
list:
dist: 2.0662717338184016 vs. 2.0662717338184016
--------
nle(id0,id1,dist): 51 54 1.8433013013088144
list:
dist: 1.8433013013088144 vs. 1.8433013013088144
--------
nle(id0,id1,dist): 51 57 2.350122721445441
list:
dist: 2.350122721445441 vs. 2.350122721445441
--------
nle(id0,id1,dist): 52 55 1.625313042993269
list:
dist: 1.625313042993269 vs. 1.625313042993269
--------
nle(id0,id1,dist): 52 56 1.9856679707549354
list:
dist: 1.9856679707549354 vs. 1.9856679707549354
--------
nle(id0,id1,dist): 52 53 0.8558080754603236
list:
dist: 0.8558080754603236 vs. 0.8558080754603236
--------
nle(id0,id1,dist): 52 54 2.6321939721636314
list:
dist: 2.6321939721636314 vs. 2.6321939721636314
--------
nle(id0,id1,dist): 52 59 1.397728730461674
list:
dist: 1.397728730461674 vs. 1.397728730461674
--------
nle(id0,id1,dist): 52 57 0.3925217473663508
list:
dist: 0.3925217473663508 vs. 0.3925217473663508
--------
nle(id0,id1,dist): 52 58 2.8041339439235133
list:
dist: 2.8041339439235133 vs. 2.8041339439235133
--------
nle(id0,id1,dist): 53 55 2.0552552717829298
list:
dist: 2.0552552717829298 vs. 2.0552552717829298
--------
nle(id0,id1,dist): 53 57 0.980654791777477
list:
dist: 0.980654791777477 vs. 0.980654791777477
--------
nle(id0,id1,dist): 53 56 2.0233073963090815
list:
dist: 2.0233073963090815 vs. 2.0233073963090815
--------
nle(id0,id1,dist): 53 59 1.9977033962298931
list:
dist: 1.9977033962298931 vs. 1.9977033962298931
--------
nle(id0,id1,dist): 53 58 2.8713190832884536
list:
dist: 2.8713190832884536 vs. 2.8713190832884536
--------
nle(id0,id1,dist): 54 59 3.5290734725493427
list:
dist: 3.5290734725493427 vs. 3.5290734725493427
--------
nle(id0,id1,dist): 54 57 2.9200921795753114
list:
dist: 2.9200921795753114 vs. 2.9200921795753114
--------
nle(id0,id1,dist): 93 112 1.1986145436247226
list:
dist: 1.1986145436247226 vs. 1.1986145436247226
--------
nle(id0,id1,dist): 93 113 2.1741912843673483
list:
dist: 2.1741912843673483 vs. 2.1741912843673483
--------
nle(id0,id1,dist): 93 114 2.283038369461424
list:
dist: 2.283038369461424 vs. 2.283038369461424
--------
nle(id0,id1,dist): 93 115 0.9041793900418786
list:
dist: 0.9041793900418786 vs. 0.9041793900418786
--------
nle(id0,id1,dist): 93 116 3.7153737016724344
list:
dist: 3.7153737016724344 vs. 3.7153737016724344
--------
nle(id0,id1,dist): 93 117 1.7807768427274433
list:
dist: 1.7807768427274433 vs. 1.7807768427274433
--------
nle(id0,id1,dist): 93 118 2.7896845698592077
list:
dist: 2.7896845698592077 vs. 2.7896845698592077
--------
nle(id0,id1,dist): 93 97 3.1807118829524406
list:
dist: 3.1807118829524406 vs. 3.1807118829524406
--------
nle(id0,id1,dist): 93 96 1.628505980807994
list:
dist: 1.628505980807994 vs. 1.628505980807994
--------
nle(id0,id1,dist): 93 99 1.8037898529492025
list:
dist: 1.8037898529492025 vs. 1.8037898529492025
--------
nle(id0,id1,dist): 93 98 0.8225941323589153
list:
dist: 0.8225941323589153 vs. 0.8225941323589153
--------
nle(id0,id1,dist): 93 101 1.714876420401939
list:
dist: 1.714876420401939 vs. 1.714876420401939
--------
nle(id0,id1,dist): 93 100 1.7889147670567966
list:
dist: 1.7889147670567966 vs. 1.7889147670567966
--------
nle(id0,id1,dist): 93 103 1.8312491925608878
list:
dist: 1.8312491925608878 vs. 1.8312491925608878
--------
nle(id0,id1,dist): 93 102 1.6385282693657734
list:
dist: 1.6385282693657734 vs. 1.6385282693657734
--------
nle(id0,id1,dist): 93 105 1.2232512611527122
list:
dist: 1.2232512611527122 vs. 1.2232512611527122
--------
nle(id0,id1,dist): 93 104 1.8265312120612958
list:
dist: 1.8265312120612958 vs. 1.8265312120612958
--------
nle(id0,id1,dist): 93 107 2.6657822919576333
list:
dist: 2.6657822919576333 vs. 2.6657822919576333
--------
nle(id0,id1,dist): 93 106 1.8805061215712053
list:
dist: 1.8805061215712053 vs. 1.8805061215712053
--------
nle(id0,id1,dist): 93 109 1.6440107239391921
list:
dist: 1.6440107239391921 vs. 1.6440107239391921
--------
nle(id0,id1,dist): 93 108 1.9726920739892218
list:
dist: 1.9726920739892218 vs. 1.9726920739892218
--------
nle(id0,id1,dist): 93 111 1.625397912577968
list:
dist: 1.625397912577968 vs. 1.625397912577968
--------
nle(id0,id1,dist): 93 110 2.0651597125064898
list:
dist: 2.0651597125064898 vs. 2.0651597125064898
--------
nle(id0,id1,dist): 94 109 1.9923238970997152
list:
dist: 1.9923238970997152 vs. 1.9923238970997152
--------
nle(id0,id1,dist): 94 110 2.4994836806985297
list:
dist: 2.4994836806985297 vs. 2.4994836806985297
--------
nle(id0,id1,dist): 94 107 2.726310243263005
list:
dist: 2.726310243263005 vs. 2.726310243263005
--------
nle(id0,id1,dist): 94 108 2.620942502125411
list:
dist: 2.620942502125411 vs. 2.620942502125411
--------
nle(id0,id1,dist): 94 113 2.7145215035644794
list:
dist: 2.7145215035644794 vs. 2.7145215035644794
--------
nle(id0,id1,dist): 94 114 2.6434758196123966
list:
dist: 2.6434758196123966 vs. 2.6434758196123966
--------
nle(id0,id1,dist): 94 111 2.3346771534565747
list:
dist: 2.3346771534565747 vs. 2.3346771534565747
--------
nle(id0,id1,dist): 94 112 1.9298075123143978
list:
dist: 1.9298075123143978 vs. 1.9298075123143978
--------
nle(id0,id1,dist): 94 117 2.3205413152387866
list:
dist: 2.3205413152387866 vs. 2.3205413152387866
--------
nle(id0,id1,dist): 94 118 3.438178502898498
list:
dist: 3.438178502898498 vs. 3.438178502898498
--------
nle(id0,id1,dist): 94 115 1.5288912429222477
list:
dist: 1.5288912429222477 vs. 1.5288912429222477
--------
nle(id0,id1,dist): 94 116 4.24000463614718
list:
dist: 4.24000463614718 vs. 4.24000463614718
--------
nle(id0,id1,dist): 94 98 1.1470554453511694
list:
dist: 1.1470554453511694 vs. 1.1470554453511694
--------
nle(id0,id1,dist): 94 97 3.5791049025019332
list:
dist: 3.5791049025019332 vs. 3.5791049025019332
--------
nle(id0,id1,dist): 94 96 2.3021263579818334
list:
dist: 2.3021263579818334 vs. 2.3021263579818334
--------
nle(id0,id1,dist): 94 95 2.744408435408798
list:
dist: 2.744408435408798 vs. 2.744408435408798
--------
nle(id0,id1,dist): 94 102 1.2646156638806076
list:
dist: 1.2646156638806076 vs. 1.2646156638806076
--------
nle(id0,id1,dist): 94 101 1.1952935713198578
list:
dist: 1.1952935713198578 vs. 1.1952935713198578
--------
nle(id0,id1,dist): 94 100 2.027765784281372
list:
dist: 2.027765784281372 vs. 2.027765784281372
--------
nle(id0,id1,dist): 94 99 2.34389962254617
list:
dist: 2.34389962254617 vs. 2.34389962254617
--------
nle(id0,id1,dist): 94 106 1.9216252331139891
list:
dist: 1.9216252331139891 vs. 1.9216252331139891
--------
nle(id0,id1,dist): 94 105 1.1486748574174461
list:
dist: 1.1486748574174461 vs. 1.1486748574174461
--------
nle(id0,id1,dist): 94 104 1.7785592714457534
list:
dist: 1.7785592714457534 vs. 1.7785592714457534
--------
nle(id0,id1,dist): 94 103 1.6470605521349542
list:
dist: 1.6470605521349542 vs. 1.6470605521349542
--------
nle(id0,id1,dist): 92 97 3.28155360407013
list:
dist: 3.28155360407013 vs. 3.28155360407013
--------
nle(id0,id1,dist): 92 98 1.0290822258540964
list:
dist: 1.0290822258540964 vs. 1.0290822258540964
--------
nle(id0,id1,dist): 92 99 2.1276088932773947
list:
dist: 2.1276088932773947 vs. 2.1276088932773947
--------
nle(id0,id1,dist): 92 100 1.9787646866720208
list:
dist: 1.9787646866720208 vs. 1.9787646866720208
--------
nle(id0,id1,dist): 92 93 0.43667019192739953
list:
dist: 0.43667019192739953 vs. 0.43667019192739953
--------
nle(id0,id1,dist): 92 94 0.37314330613893815
list:
dist: 0.37314330613893815 vs. 0.37314330613893815
--------
nle(id0,id1,dist): 92 95 2.4568007296996193
list:
dist: 2.4568007296996193 vs. 2.4568007296996193
--------
nle(id0,id1,dist): 92 96 2.048074628145124
list:
dist: 2.048074628145124 vs. 2.048074628145124
--------
nle(id0,id1,dist): 91 111 0.9636878318601514
list:
dist: 0.9636878318601514 vs. 0.9636878318601514
--------
nle(id0,id1,dist): 91 110 2.7196903281556697
list:
dist: 2.7196903281556697 vs. 2.7196903281556697
--------
nle(id0,id1,dist): 91 113 2.6685161033675406
list:
dist: 2.6685161033675406 vs. 2.6685161033675406
--------
nle(id0,id1,dist): 91 112 1.4012630429428765
list:
dist: 1.4012630429428765 vs. 1.4012630429428765
--------
nle(id0,id1,dist): 91 107 3.5810890114295844
list:
dist: 3.5810890114295844 vs. 3.5810890114295844
--------
nle(id0,id1,dist): 91 106 2.833007031593383
list:
dist: 2.833007031593383 vs. 2.833007031593383
--------
nle(id0,id1,dist): 91 109 2.2213089717390058
list:
dist: 2.2213089717390058 vs. 2.2213089717390058
--------
nle(id0,id1,dist): 91 108 2.152694216497464
list:
dist: 2.152694216497464 vs. 2.152694216497464
--------
nle(id0,id1,dist): 91 118 2.7945390016174194
list:
dist: 2.7945390016174194 vs. 2.7945390016174194
--------
nle(id0,id1,dist): 91 115 0.8840206720915004
list:
dist: 0.8840206720915004 vs. 0.8840206720915004
--------
nle(id0,id1,dist): 91 114 2.9736713722421526
list:
dist: 2.9736713722421526 vs. 2.9736713722421526
--------
nle(id0,id1,dist): 91 117 2.3190377376471742
list:
dist: 2.3190377376471742 vs. 2.3190377376471742
--------
nle(id0,id1,dist): 91 116 4.122837678287435
list:
dist: 4.122837678287435 vs. 4.122837678287435
--------
nle(id0,id1,dist): 92 117 2.1501707781692843
list:
dist: 2.1501707781692843 vs. 2.1501707781692843
--------
nle(id0,id1,dist): 92 118 3.175607629713088
list:
dist: 3.175607629713088 vs. 3.175607629713088
--------
nle(id0,id1,dist): 93 94 0.7646206210551246
list:
dist: 0.7646206210551246 vs. 0.7646206210551246
--------
nle(id0,id1,dist): 93 95 2.132446131861118
list:
dist: 2.132446131861118 vs. 2.132446131861118
--------
nle(id0,id1,dist): 92 108 2.3685327341615032
list:
dist: 2.3685327341615032 vs. 2.3685327341615032
--------
nle(id0,id1,dist): 92 107 2.804232155363561
list:
dist: 2.804232155363561 vs. 2.804232155363561
--------
nle(id0,id1,dist): 92 106 1.9970006725135243
list:
dist: 1.9970006725135243 vs. 1.9970006725135243
--------
nle(id0,id1,dist): 92 105 1.1304339708310123
list:
dist: 1.1304339708310123 vs. 1.1304339708310123
--------
nle(id0,id1,dist): 92 104 1.6861791024096793
list:
dist: 1.6861791024096793 vs. 1.6861791024096793
--------
nle(id0,id1,dist): 92 103 1.5682087342126998
list:
dist: 1.5682087342126998 vs. 1.5682087342126998
--------
nle(id0,id1,dist): 92 102 1.2896811363812584
list:
dist: 1.2896811363812584 vs. 1.2896811363812584
--------
nle(id0,id1,dist): 92 101 1.4927245023768865
list:
dist: 1.4927245023768865 vs. 1.4927245023768865
--------
nle(id0,id1,dist): 92 116 4.086481547686541
list:
dist: 4.086481547686541 vs. 4.086481547686541
--------
nle(id0,id1,dist): 92 115 1.2054496438929518
list:
dist: 1.2054496438929518 vs. 1.2054496438929518
--------
nle(id0,id1,dist): 92 114 2.5677010398448297
list:
dist: 2.5677010398448297 vs. 2.5677010398448297
--------
nle(id0,id1,dist): 92 113 2.5475627119686455
list:
dist: 2.5475627119686455 vs. 2.5475627119686455
--------
nle(id0,id1,dist): 92 112 1.6344639142551582
list:
dist: 1.6344639142551582 vs. 1.6344639142551582
--------
nle(id0,id1,dist): 92 111 1.9663044495021464
list:
dist: 1.9663044495021464 vs. 1.9663044495021464
--------
nle(id0,id1,dist): 92 110 2.3891771574997054
list:
dist: 2.3891771574997054 vs. 2.3891771574997054
--------
nle(id0,id1,dist): 92 109 1.881661426330423
list:
dist: 1.881661426330423 vs. 1.881661426330423
--------
nle(id0,id1,dist): 97 103 2.9610382654585288
list:
dist: 2.9610382654585288 vs. 2.9610382654585288
--------
nle(id0,id1,dist): 97 102 3.3164129989813116
list:
dist: 3.3164129989813116 vs. 3.3164129989813116
--------
nle(id0,id1,dist): 97 105 3.9841472275764898
list:
dist: 3.9841472275764898 vs. 3.9841472275764898
--------
nle(id0,id1,dist): 97 104 2.444667449685579
list:
dist: 2.444667449685579 vs. 2.444667449685579
--------
nle(id0,id1,dist): 97 99 3.277863151584549
list:
dist: 3.277863151584549 vs. 3.277863151584549
--------
nle(id0,id1,dist): 96 113 0.8645073811385788
list:
dist: 0.8645073811385788 vs. 0.8645073811385788
--------
nle(id0,id1,dist): 96 114 1.6220683896293062
list:
dist: 1.6220683896293062 vs. 1.6220683896293062
--------
nle(id0,id1,dist): 96 115 1.6121589261826892
list:
dist: 1.6121589261826892 vs. 1.6121589261826892
--------
nle(id0,id1,dist): 96 116 2.355939191082132
list:
dist: 2.355939191082132 vs. 2.355939191082132
--------
nle(id0,id1,dist): 96 117 0.622350925581809
list:
dist: 0.622350925581809 vs. 0.622350925581809
--------
nle(id0,id1,dist): 96 118 1.9083507088914777
list:
dist: 1.9083507088914777 vs. 1.9083507088914777
--------
nle(id0,id1,dist): 98 102 2.0867691364613283
list:
dist: 2.0867691364613283 vs. 2.0867691364613283
--------
nle(id0,id1,dist): 98 101 1.4354054566886625
list:
dist: 1.4354054566886625 vs. 1.4354054566886625
--------
nle(id0,id1,dist): 98 100 1.8973278454427722
list:
dist: 1.8973278454427722 vs. 1.8973278454427722
--------
nle(id0,id1,dist): 98 99 2.1023534581514283
list:
dist: 2.1023534581514283 vs. 2.1023534581514283
--------
nle(id0,id1,dist): 97 118 3.5679850608362473
list:
dist: 3.5679850608362473 vs. 3.5679850608362473
--------
nle(id0,id1,dist): 97 111 2.1424948557036845
list:
dist: 2.1424948557036845 vs. 2.1424948557036845
--------
nle(id0,id1,dist): 97 108 3.458432101906107
list:
dist: 3.458432101906107 vs. 3.458432101906107
--------
nle(id0,id1,dist): 97 115 2.5411226056503056
list:
dist: 2.5411226056503056 vs. 2.5411226056503056
--------
nle(id0,id1,dist): 97 112 3.2736856111770667
list:
dist: 3.2736856111770667 vs. 3.2736856111770667
--------
nle(id0,id1,dist): 95 115 1.2800730889093166
list:
dist: 1.2800730889093166 vs. 1.2800730889093166
--------
nle(id0,id1,dist): 95 114 2.3464913177394746
list:
dist: 2.3464913177394746 vs. 2.3464913177394746
--------
nle(id0,id1,dist): 95 117 2.250520338875197
list:
dist: 2.250520338875197 vs. 2.250520338875197
--------
nle(id0,id1,dist): 95 116 3.0982141874402984
list:
dist: 3.0982141874402984 vs. 3.0982141874402984
--------
nle(id0,id1,dist): 95 111 1.316532742323154
list:
dist: 1.316532742323154 vs. 1.316532742323154
--------
nle(id0,id1,dist): 95 110 2.436868356585113
list:
dist: 2.436868356585113 vs. 2.436868356585113
--------
nle(id0,id1,dist): 95 113 2.3303000773730003
list:
dist: 2.3303000773730003 vs. 2.3303000773730003
--------
nle(id0,id1,dist): 95 112 1.5663353060571592
list:
dist: 1.5663353060571592 vs. 1.5663353060571592
--------
nle(id0,id1,dist): 95 107 3.4977672099648887
list:
dist: 3.4977672099648887 vs. 3.4977672099648887
--------
nle(id0,id1,dist): 95 106 2.9811953442483747
list:
dist: 2.9811953442483747 vs. 2.9811953442483747
--------
nle(id0,id1,dist): 95 109 3.0586783854438466
list:
dist: 3.0586783854438466 vs. 3.0586783854438466
--------
nle(id0,id1,dist): 95 108 1.0608053330635991
list:
dist: 1.0608053330635991 vs. 1.0608053330635991
--------
nle(id0,id1,dist): 95 104 2.2910705157521845
list:
dist: 2.2910705157521845 vs. 2.2910705157521845
--------
nle(id0,id1,dist): 95 98 2.5958385785444493
list:
dist: 2.5958385785444493 vs. 2.5958385785444493
--------
nle(id0,id1,dist): 95 99 0.8799946998638248
list:
dist: 0.8799946998638248 vs. 0.8799946998638248
--------
nle(id0,id1,dist): 95 100 1.9160138335407824
list:
dist: 1.9160138335407824 vs. 1.9160138335407824
--------
nle(id0,id1,dist): 95 96 1.9651382867338567
list:
dist: 1.9651382867338567 vs. 1.9651382867338567
--------
nle(id0,id1,dist): 95 97 2.566531542907329
list:
dist: 2.566531542907329 vs. 2.566531542907329
--------
nle(id0,id1,dist): 96 112 0.5756283513249959
list:
dist: 0.5756283513249959 vs. 0.5756283513249959
--------
nle(id0,id1,dist): 96 111 1.6394532235783768
list:
dist: 1.6394532235783768 vs. 1.6394532235783768
--------
nle(id0,id1,dist): 96 110 1.129223849653913
list:
dist: 1.129223849653913 vs. 1.129223849653913
--------
nle(id0,id1,dist): 96 109 1.287027737204846
list:
dist: 1.287027737204846 vs. 1.287027737204846
--------
nle(id0,id1,dist): 96 108 1.1625143293951385
list:
dist: 1.1625143293951385 vs. 1.1625143293951385
--------
nle(id0,id1,dist): 96 107 2.3748750940143046
list:
dist: 2.3748750940143046 vs. 2.3748750940143046
--------
nle(id0,id1,dist): 96 106 1.9418902878164792
list:
dist: 1.9418902878164792 vs. 1.9418902878164792
--------
nle(id0,id1,dist): 96 105 2.1916088927496538
list:
dist: 2.1916088927496538 vs. 2.1916088927496538
--------
nle(id0,id1,dist): 96 103 3.2559176498555806
list:
dist: 3.2559176498555806 vs. 3.2559176498555806
--------
nle(id0,id1,dist): 96 102 3.162658467771733
list:
dist: 3.162658467771733 vs. 3.162658467771733
--------
nle(id0,id1,dist): 96 101 2.7292355689982273
list:
dist: 2.7292355689982273 vs. 2.7292355689982273
--------
nle(id0,id1,dist): 96 100 1.9312351629167899
list:
dist: 1.9312351629167899 vs. 1.9312351629167899
--------
nle(id0,id1,dist): 96 99 1.5965916966112725
list:
dist: 1.5965916966112725 vs. 1.5965916966112725
--------
nle(id0,id1,dist): 96 98 1.3624364574345824
list:
dist: 1.3624364574345824 vs. 1.3624364574345824
--------
nle(id0,id1,dist): 95 118 1.1377509374593706
list:
dist: 1.1377509374593706 vs. 1.1377509374593706
--------
nle(id0,id1,dist): 86 102 3.360622460125966
list:
dist: 3.360622460125966 vs. 3.360622460125966
--------
nle(id0,id1,dist): 86 99 2.298149247776493
list:
dist: 2.298149247776493 vs. 2.298149247776493
--------
nle(id0,id1,dist): 86 105 2.2877331563202947
list:
dist: 2.2877331563202947 vs. 2.2877331563202947
--------
nle(id0,id1,dist): 86 103 3.386250051672858
list:
dist: 3.386250051672858 vs. 3.386250051672858
--------
nle(id0,id1,dist): 86 110 1.71698658841472
list:
dist: 1.71698658841472 vs. 1.71698658841472
--------
nle(id0,id1,dist): 86 109 1.3159177608091683
list:
dist: 1.3159177608091683 vs. 1.3159177608091683
--------
nle(id0,id1,dist): 86 108 1.8080891671909751
list:
dist: 1.8080891671909751 vs. 1.8080891671909751
--------
nle(id0,id1,dist): 86 113 1.3776531503856484
list:
dist: 1.3776531503856484 vs. 1.3776531503856484
--------
nle(id0,id1,dist): 86 112 1.1489769429740455
list:
dist: 1.1489769429740455 vs. 1.1489769429740455
--------
nle(id0,id1,dist): 86 111 1.8415440823643139
list:
dist: 1.8415440823643139 vs. 1.8415440823643139
--------
nle(id0,id1,dist): 86 117 1.2114351990771828
list:
dist: 1.2114351990771828 vs. 1.2114351990771828
--------
nle(id0,id1,dist): 86 118 2.408345728102505
list:
dist: 2.408345728102505 vs. 2.408345728102505
--------
nle(id0,id1,dist): 86 115 2.1106520819643526
list:
dist: 2.1106520819643526 vs. 2.1106520819643526
--------
nle(id0,id1,dist): 86 116 2.6968213413619133
list:
dist: 2.6968213413619133 vs. 2.6968213413619133
--------
nle(id0,id1,dist): 87 89 2.8506545332047675
list:
dist: 2.8506545332047675 vs. 2.8506545332047675
--------
nle(id0,id1,dist): 85 86 5.253837251353518
list:
dist: 5.253837251353518 vs. 5.253837251353518
--------
nle(id0,id1,dist): 85 88 1.499622838760769
list:
dist: 1.499622838760769 vs. 1.499622838760769
--------
nle(id0,id1,dist): 85 89 2.686134967793882
list:
dist: 2.686134967793882 vs. 2.686134967793882
--------
nle(id0,id1,dist): 86 88 4.948439454586281
list:
dist: 4.948439454586281 vs. 4.948439454586281
--------
nle(id0,id1,dist): 86 89 3.644304687902381
list:
dist: 3.644304687902381 vs. 3.644304687902381
--------
nle(id0,id1,dist): 86 90 3.1131084746098834
list:
dist: 3.1131084746098834 vs. 3.1131084746098834
--------
nle(id0,id1,dist): 86 95 2.4950496796228396
list:
dist: 2.4950496796228396 vs. 2.4950496796228396
--------
nle(id0,id1,dist): 86 96 0.7588979818543742
list:
dist: 0.7588979818543742 vs. 0.7588979818543742
--------
nle(id0,id1,dist): 86 98 1.699161430214262
list:
dist: 1.699161430214262 vs. 1.699161430214262
--------
nle(id0,id1,dist): 86 91 2.105184132544878
list:
dist: 2.105184132544878 vs. 2.105184132544878
--------
nle(id0,id1,dist): 86 92 2.443937725207515
list:
dist: 2.443937725207515 vs. 2.443937725207515
--------
nle(id0,id1,dist): 86 93 2.0491840728445636
list:
dist: 2.0491840728445636 vs. 2.0491840728445636
--------
nle(id0,id1,dist): 86 94 2.7135079980501446
list:
dist: 2.7135079980501446 vs. 2.7135079980501446
--------
nle(id0,id1,dist): 90 93 1.388655960554396
list:
dist: 1.388655960554396 vs. 1.388655960554396
--------
nle(id0,id1,dist): 90 94 1.33749176947596
list:
dist: 1.33749176947596 vs. 1.33749176947596
--------
nle(id0,id1,dist): 90 91 1.1400657552211424
list:
dist: 1.1400657552211424 vs. 1.1400657552211424
--------
nle(id0,id1,dist): 90 92 1.1744449541647177
list:
dist: 1.1744449541647177 vs. 1.1744449541647177
--------
nle(id0,id1,dist): 90 106 3.165592888447186
list:
dist: 3.165592888447186 vs. 3.165592888447186
--------
nle(id0,id1,dist): 90 105 1.8018555942010104
list:
dist: 1.8018555942010104 vs. 1.8018555942010104
--------
nle(id0,id1,dist): 90 104 1.3511800531667286
list:
dist: 1.3511800531667286 vs. 1.3511800531667286
--------
nle(id0,id1,dist): 90 103 0.7310470109066796
list:
dist: 0.7310470109066796 vs. 0.7310470109066796
--------
nle(id0,id1,dist): 90 110 3.444928896674303
list:
dist: 3.444928896674303 vs. 3.444928896674303
--------
nle(id0,id1,dist): 90 109 2.8314320304343026
list:
dist: 2.8314320304343026 vs. 2.8314320304343026
--------
nle(id0,id1,dist): 90 107 3.973446554463201
list:
dist: 3.973446554463201 vs. 3.973446554463201
--------
nle(id0,id1,dist): 90 98 2.0844550000913338
list:
dist: 2.0844550000913338 vs. 2.0844550000913338
--------
nle(id0,id1,dist): 90 97 2.5229117158306233
list:
dist: 2.5229117158306233 vs. 2.5229117158306233
--------
nle(id0,id1,dist): 90 96 2.858132773805048
list:
dist: 2.858132773805048 vs. 2.858132773805048
--------
nle(id0,id1,dist): 90 102 0.837575933693613
list:
dist: 0.837575933693613 vs. 0.837575933693613
--------
nle(id0,id1,dist): 90 101 2.4506451543441745
list:
dist: 2.4506451543441745 vs. 2.4506451543441745
--------
nle(id0,id1,dist): 90 100 2.9089826314600162
list:
dist: 2.9089826314600162 vs. 2.9089826314600162
--------
nle(id0,id1,dist): 90 111 2.03934720568132
list:
dist: 2.03934720568132 vs. 2.03934720568132
--------
nle(id0,id1,dist): 90 112 2.359601835638591
list:
dist: 2.359601835638591 vs. 2.359601835638591
--------
nle(id0,id1,dist): 90 115 1.601304990590812
list:
dist: 1.601304990590812 vs. 1.601304990590812
--------
nle(id0,id1,dist): 90 117 3.1346871676820394
list:
dist: 3.1346871676820394 vs. 3.1346871676820394
--------
nle(id0,id1,dist): 91 99 2.0683127532595504
list:
dist: 2.0683127532595504 vs. 2.0683127532595504
--------
nle(id0,id1,dist): 91 98 1.6350134400371208
list:
dist: 1.6350134400371208 vs. 1.6350134400371208
--------
nle(id0,id1,dist): 91 101 2.646091877945295
list:
dist: 2.646091877945295 vs. 2.646091877945295
--------
nle(id0,id1,dist): 91 100 2.499720182275286
list:
dist: 2.499720182275286 vs. 2.499720182275286
--------
nle(id0,id1,dist): 91 103 1.6144608961653368
list:
dist: 1.6144608961653368 vs. 1.6144608961653368
--------
nle(id0,id1,dist): 91 102 1.731113602209479
list:
dist: 1.731113602209479 vs. 1.731113602209479
--------
nle(id0,id1,dist): 91 105 1.7524337120309912
list:
dist: 1.7524337120309912 vs. 1.7524337120309912
--------
nle(id0,id1,dist): 91 104 1.8064384393875825
list:
dist: 1.8064384393875825 vs. 1.8064384393875825
--------
nle(id0,id1,dist): 91 93 1.0155138416780565
list:
dist: 1.0155138416780565 vs. 1.0155138416780565
--------
nle(id0,id1,dist): 91 92 1.2107009822505017
list:
dist: 1.2107009822505017 vs. 1.2107009822505017
--------
nle(id0,id1,dist): 91 95 1.9563977215630688
list:
dist: 1.9563977215630688 vs. 1.9563977215630688
--------
nle(id0,id1,dist): 91 94 1.5738439367111354
list:
dist: 1.5738439367111354 vs. 1.5738439367111354
--------
nle(id0,id1,dist): 91 97 2.3002305734018593
list:
dist: 2.3002305734018593 vs. 2.3002305734018593
--------
nle(id0,id1,dist): 91 96 1.9000269847639384
list:
dist: 1.9000269847639384 vs. 1.9000269847639384
--------
nle(id0,id1,dist): 88 89 2.5814176232624297
list:
dist: 2.5814176232624297 vs. 2.5814176232624297
--------
nle(id0,id1,dist): 81 82 2.4939744777797435
list:
dist: 2.4939744777797435 vs. 2.4939744777797435
--------
nle(id0,id1,dist): 81 85 2.5674558035311956
list:
dist: 2.5674558035311956 vs. 2.5674558035311956
--------
nle(id0,id1,dist): 80 85 3.130805137017326
list:
dist: 3.130805137017326 vs. 3.130805137017326
--------
nle(id0,id1,dist): 80 87 2.687243988108618
list:
dist: 2.687243988108618 vs. 2.687243988108618
--------
nle(id0,id1,dist): 80 88 3.8841098875131825
list:
dist: 3.8841098875131825 vs. 3.8841098875131825
--------
nle(id0,id1,dist): 80 81 2.6287144383642387
list:
dist: 2.6287144383642387 vs. 2.6287144383642387
--------
nle(id0,id1,dist): 80 82 0.6585863847904444
list:
dist: 0.6585863847904444 vs. 0.6585863847904444
--------
nle(id0,id1,dist): 80 83 2.544399212041894
list:
dist: 2.544399212041894 vs. 2.544399212041894
--------
nle(id0,id1,dist): 80 84 1.9424640918248732
list:
dist: 1.9424640918248732 vs. 1.9424640918248732
--------
nle(id0,id1,dist): 80 89 2.3465651664238916
list:
dist: 2.3465651664238916 vs. 2.3465651664238916
--------
nle(id0,id1,dist): 79 81 2.1533670871229704
list:
dist: 2.1533670871229704 vs. 2.1533670871229704
--------
nle(id0,id1,dist): 79 80 2.9320680029131814
list:
dist: 2.9320680029131814 vs. 2.9320680029131814
--------
nle(id0,id1,dist): 79 85 1.5218810664736186
list:
dist: 1.5218810664736186 vs. 1.5218810664736186
--------
nle(id0,id1,dist): 79 82 3.132041996254589
list:
dist: 3.132041996254589 vs. 3.132041996254589
--------
nle(id0,id1,dist): 78 80 2.98424380123049
list:
dist: 2.98424380123049 vs. 2.98424380123049
--------
nle(id0,id1,dist): 78 79 1.6343307103115639
list:
dist: 1.6343307103115639 vs. 1.6343307103115639
--------
nle(id0,id1,dist): 78 82 3.463605897811791
list:
dist: 3.463605897811791 vs. 3.463605897811791
--------
nle(id0,id1,dist): 78 81 3.042924717570343
list:
dist: 3.042924717570343 vs. 3.042924717570343
--------
nle(id0,id1,dist): 78 84 2.627197745677561
list:
dist: 2.627197745677561 vs. 2.627197745677561
--------
nle(id0,id1,dist): 78 83 1.2150748972808598
list:
dist: 1.2150748972808598 vs. 1.2150748972808598
--------
nle(id0,id1,dist): 78 86 4.496873661064202
list:
dist: 4.496873661064202 vs. 4.496873661064202
--------
nle(id0,id1,dist): 78 85 0.7828337988820969
list:
dist: 0.7828337988820969 vs. 0.7828337988820969
--------
nle(id0,id1,dist): 78 88 1.6140464128781913
list:
dist: 1.6140464128781913 vs. 1.6140464128781913
--------
nle(id0,id1,dist): 78 89 2.1858958128450237
list:
dist: 2.1858958128450237 vs. 2.1858958128450237
--------
nle(id0,id1,dist): 84 89 1.1165483957443894
list:
dist: 1.1165483957443894 vs. 1.1165483957443894
--------
nle(id0,id1,dist): 84 87 2.221479344940685
list:
dist: 2.221479344940685 vs. 2.221479344940685
--------
nle(id0,id1,dist): 84 88 2.758338478116965
list:
dist: 2.758338478116965 vs. 2.758338478116965
--------
nle(id0,id1,dist): 84 85 2.84409273234227
list:
dist: 2.84409273234227 vs. 2.84409273234227
--------
nle(id0,id1,dist): 83 86 4.107570929189047
list:
dist: 4.107570929189047 vs. 4.107570929189047
--------
nle(id0,id1,dist): 83 88 1.6125978089048947
list:
dist: 1.6125978089048947 vs. 1.6125978089048947
--------
nle(id0,id1,dist): 83 89 1.0885630991535453
list:
dist: 1.0885630991535453 vs. 1.0885630991535453
--------
nle(id0,id1,dist): 83 84 1.5346375159933454
list:
dist: 1.5346375159933454 vs. 1.5346375159933454
--------
nle(id0,id1,dist): 83 85 1.6385523886804911
list:
dist: 1.6385523886804911 vs. 1.6385523886804911
--------
nle(id0,id1,dist): 82 85 3.523852331245906
list:
dist: 3.523852331245906 vs. 3.523852331245906
--------
nle(id0,id1,dist): 74 76 2.4661414892373847
list:
dist: 2.4661414892373847 vs. 2.4661414892373847
--------
nle(id0,id1,dist): 74 78 3.2083193334766245
list:
dist: 3.2083193334766245 vs. 3.2083193334766245
--------
nle(id0,id1,dist): 74 77 1.883048100357282
list:
dist: 1.883048100357282 vs. 1.883048100357282
--------
nle(id0,id1,dist): 74 83 2.054556983698045
list:
dist: 2.054556983698045 vs. 2.054556983698045
--------
nle(id0,id1,dist): 74 84 0.7021912241568814
list:
dist: 0.7021912241568814 vs. 0.7021912241568814
--------
nle(id0,id1,dist): 74 85 3.5003901620195608
list:
dist: 3.5003901620195608 vs. 3.5003901620195608
--------
nle(id0,id1,dist): 74 80 2.274021737244088
list:
dist: 2.274021737244088 vs. 2.274021737244088
--------
nle(id0,id1,dist): 74 87 1.7164362699266245
list:
dist: 1.7164362699266245 vs. 1.7164362699266245
--------
nle(id0,id1,dist): 74 88 3.2954879144903826
list:
dist: 3.2954879144903826 vs. 3.2954879144903826
--------
nle(id0,id1,dist): 74 89 1.2862959706087822
list:
dist: 1.2862959706087822 vs. 1.2862959706087822
--------
nle(id0,id1,dist): 73 75 2.920937786110277
list:
dist: 2.920937786110277 vs. 2.920937786110277
--------
nle(id0,id1,dist): 73 82 1.7526315688491216
list:
dist: 1.7526315688491216 vs. 1.7526315688491216
--------
nle(id0,id1,dist): 73 81 1.6951217274960386
list:
dist: 1.6951217274960386 vs. 1.6951217274960386
--------
nle(id0,id1,dist): 73 80 1.6025484803059653
list:
dist: 1.6025484803059653 vs. 1.6025484803059653
--------
nle(id0,id1,dist): 73 79 1.3799517650763007
list:
dist: 1.3799517650763007 vs. 1.3799517650763007
--------
nle(id0,id1,dist): 73 78 2.07373271610709
list:
dist: 2.07373271610709 vs. 2.07373271610709
--------
nle(id0,id1,dist): 73 76 1.9904447545868662
list:
dist: 1.9904447545868662 vs. 1.9904447545868662
--------
nle(id0,id1,dist): 73 85 2.0656340443850327
list:
dist: 2.0656340443850327 vs. 2.0656340443850327
--------
nle(id0,id1,dist): 72 73 2.2629021655115644
list:
dist: 2.2629021655115644 vs. 2.2629021655115644
--------
nle(id0,id1,dist): 72 79 2.97216907753195
list:
dist: 2.97216907753195 vs. 2.97216907753195
--------
nle(id0,id1,dist): 72 82 2.3878542110987513
list:
dist: 2.3878542110987513 vs. 2.3878542110987513
--------
nle(id0,id1,dist): 72 81 2.3282522052789147
list:
dist: 2.3282522052789147 vs. 2.3282522052789147
--------
nle(id0,id1,dist): 70 118 2.831738443803906
list:
dist: 2.831738443803906 vs. 2.831738443803906
--------
nle(id0,id1,dist): 71 81 1.0258734866216606
list:
dist: 1.0258734866216606 vs. 1.0258734866216606
--------
nle(id0,id1,dist): 70 117 1.575965606340041
list:
dist: 1.575965606340041 vs. 1.575965606340041
--------
nle(id0,id1,dist): 71 80 1.75043637264851
list:
dist: 1.75043637264851 vs. 1.75043637264851
--------
nle(id0,id1,dist): 70 116 3.5408528976102116
list:
dist: 3.5408528976102116 vs. 3.5408528976102116
--------
nle(id0,id1,dist): 71 79 2.0278346485410372
list:
dist: 2.0278346485410372 vs. 2.0278346485410372
--------
nle(id0,id1,dist): 70 115 1.454651739996094
list:
dist: 1.454651739996094 vs. 1.454651739996094
--------
nle(id0,id1,dist): 71 78 2.4498252271819903
list:
dist: 2.4498252271819903 vs. 2.4498252271819903
--------
nle(id0,id1,dist): 71 85 2.143739784771109
list:
dist: 2.143739784771109 vs. 2.143739784771109
--------
nle(id0,id1,dist): 71 84 2.5435759563504514
list:
dist: 2.5435759563504514 vs. 2.5435759563504514
--------
nle(id0,id1,dist): 71 83 2.520219585333814
list:
dist: 2.520219585333814 vs. 2.520219585333814
--------
nle(id0,id1,dist): 71 82 1.8071732498902022
list:
dist: 1.8071732498902022 vs. 1.8071732498902022
--------
nle(id0,id1,dist): 71 89 3.0159866968612583
list:
dist: 3.0159866968612583 vs. 3.0159866968612583
--------
nle(id0,id1,dist): 71 88 3.1720476319017177
list:
dist: 3.1720476319017177 vs. 3.1720476319017177
--------
nle(id0,id1,dist): 77 88 1.912238135809138
list:
dist: 1.912238135809138 vs. 1.912238135809138
--------
nle(id0,id1,dist): 77 89 1.6187195217192267
list:
dist: 1.6187195217192267 vs. 1.6187195217192267
--------
nle(id0,id1,dist): 77 84 1.7095061969371854
list:
dist: 1.7095061969371854 vs. 1.7095061969371854
--------
nle(id0,id1,dist): 77 85 2.867213897788734
list:
dist: 2.867213897788734 vs. 2.867213897788734
--------
nle(id0,id1,dist): 77 86 4.257403800504769
list:
dist: 4.257403800504769 vs. 4.257403800504769
--------
nle(id0,id1,dist): 77 80 3.536942593620315
list:
dist: 3.536942593620315 vs. 3.536942593620315
--------
nle(id0,id1,dist): 77 83 1.5777702705946954
list:
dist: 1.5777702705946954 vs. 1.5777702705946954
--------
nle(id0,id1,dist): 76 89 1.637820275139405
list:
dist: 1.637820275139405 vs. 1.637820275139405
--------
nle(id0,id1,dist): 76 88 1.4611251311349422
list:
dist: 1.4611251311349422 vs. 1.4611251311349422
--------
nle(id0,id1,dist): 76 85 1.0646825672787463
list:
dist: 1.0646825672787463 vs. 1.0646825672787463
--------
nle(id0,id1,dist): 76 86 4.598510308250783
list:
dist: 4.598510308250783 vs. 4.598510308250783
--------
nle(id0,id1,dist): 77 78 2.6300291620802634
list:
dist: 2.6300291620802634 vs. 2.6300291620802634
--------
nle(id0,id1,dist): 76 78 0.8387040224362017
list:
dist: 0.8387040224362017 vs. 0.8387040224362017
--------
nle(id0,id1,dist): 76 77 2.0126893367178407
list:
dist: 2.0126893367178407 vs. 2.0126893367178407
--------
nle(id0,id1,dist): 76 80 2.5020064841271656
list:
dist: 2.5020064841271656 vs. 2.5020064841271656
--------
nle(id0,id1,dist): 76 79 2.0805031029078345
list:
dist: 2.0805031029078345 vs. 2.0805031029078345
--------
nle(id0,id1,dist): 76 82 3.029914622727603
list:
dist: 3.029914622727603 vs. 3.029914622727603
--------
nle(id0,id1,dist): 76 81 2.8743601698192984
list:
dist: 2.8743601698192984 vs. 2.8743601698192984
--------
nle(id0,id1,dist): 76 84 1.8442134737553315
list:
dist: 1.8442134737553315 vs. 1.8442134737553315
--------
nle(id0,id1,dist): 76 83 0.617174459422611
list:
dist: 0.617174459422611 vs. 0.617174459422611
--------
nle(id0,id1,dist): 75 85 1.280782045428244
list:
dist: 1.280782045428244 vs. 1.280782045428244
--------
nle(id0,id1,dist): 75 83 2.7620605201251407
list:
dist: 2.7620605201251407 vs. 2.7620605201251407
--------
nle(id0,id1,dist): 75 88 1.9158983457186765
list:
dist: 1.9158983457186765 vs. 1.9158983457186765
--------
nle(id0,id1,dist): 75 77 3.621552481914779
list:
dist: 3.621552481914779 vs. 3.621552481914779
--------
nle(id0,id1,dist): 75 76 2.20339126201532
list:
dist: 2.20339126201532 vs. 2.20339126201532
--------
nle(id0,id1,dist): 75 81 2.6519052543195047
list:
dist: 2.6519052543195047 vs. 2.6519052543195047
--------
nle(id0,id1,dist): 75 79 2.222194672873012
list:
dist: 2.222194672873012 vs. 2.222194672873012
--------
nle(id0,id1,dist): 75 78 2.030028798403611
list:
dist: 2.030028798403611 vs. 2.030028798403611
--------
nle(id0,id1,dist): 119 149 2.0647272369250262
list:
dist: 2.0647272369250262 vs. 2.0647272369250262
--------
nle(id0,id1,dist): 119 146 3.9275749699101605
list:
dist: 3.9275749699101605 vs. 3.9275749699101605
--------
nle(id0,id1,dist): 119 137 3.2748744598917408
list:
dist: 3.2748744598917408 vs. 3.2748744598917408
--------
nle(id0,id1,dist): 120 145 4.950144742968223
list:
dist: 4.950144742968223 vs. 4.950144742968223
--------
nle(id0,id1,dist): 120 138 4.4923421853336984
list:
dist: 4.4923421853336984 vs. 4.4923421853336984
--------
nle(id0,id1,dist): 120 140 3.290686148427872
list:
dist: 3.290686148427872 vs. 3.290686148427872
--------
nle(id0,id1,dist): 120 142 3.4352489834871838
list:
dist: 3.4352489834871838 vs. 3.4352489834871838
--------
nle(id0,id1,dist): 120 144 4.214848562520298
list:
dist: 4.214848562520298 vs. 4.214848562520298
--------
nle(id0,id1,dist): 120 130 3.4957565295559867
list:
dist: 3.4957565295559867 vs. 3.4957565295559867
--------
nle(id0,id1,dist): 120 132 1.929008447340549
list:
dist: 1.929008447340549 vs. 1.929008447340549
--------
nle(id0,id1,dist): 120 134 3.113553181045658
list:
dist: 3.113553181045658 vs. 3.113553181045658
--------
nle(id0,id1,dist): 120 133 3.0568905694896054
list:
dist: 3.0568905694896054 vs. 3.0568905694896054
--------
nle(id0,id1,dist): 120 135 2.8119074245173676
list:
dist: 2.8119074245173676 vs. 2.8119074245173676
--------
nle(id0,id1,dist): 120 122 3.1600663525975334
list:
dist: 3.1600663525975334 vs. 3.1600663525975334
--------
nle(id0,id1,dist): 120 121 2.5822761879228384
list:
dist: 2.5822761879228384 vs. 2.5822761879228384
--------
nle(id0,id1,dist): 120 124 3.313193407851081
list:
dist: 3.313193407851081 vs. 3.313193407851081
--------
nle(id0,id1,dist): 120 123 2.8077499898126
list:
dist: 2.8077499898126 vs. 2.8077499898126
--------
nle(id0,id1,dist): 120 125 4.109190099473839
list:
dist: 4.109190099473839 vs. 4.109190099473839
--------
nle(id0,id1,dist): 121 142 1.4891259582974616
list:
dist: 1.4891259582974616 vs. 1.4891259582974616
--------
nle(id0,id1,dist): 121 140 1.9576102168175014
list:
dist: 1.9576102168175014 vs. 1.9576102168175014
--------
nle(id0,id1,dist): 121 141 2.817827840730269
list:
dist: 2.817827840730269 vs. 2.817827840730269
--------
nle(id0,id1,dist): 121 147 1.805938381099204
list:
dist: 1.805938381099204 vs. 1.805938381099204
--------
nle(id0,id1,dist): 121 144 2.2796620901514637
list:
dist: 2.2796620901514637 vs. 2.2796620901514637
--------
nle(id0,id1,dist): 121 145 2.988132947973703
list:
dist: 2.988132947973703 vs. 2.988132947973703
--------
nle(id0,id1,dist): 121 134 1.9144188580545713
list:
dist: 1.9144188580545713 vs. 1.9144188580545713
--------
nle(id0,id1,dist): 121 135 2.702354986623831
list:
dist: 2.702354986623831 vs. 2.702354986623831
--------
nle(id0,id1,dist): 121 132 1.6345128851166508
list:
dist: 1.6345128851166508 vs. 1.6345128851166508
--------
nle(id0,id1,dist): 121 133 0.9742312764760032
list:
dist: 0.9742312764760032 vs. 0.9742312764760032
--------
nle(id0,id1,dist): 121 138 2.1437427230710955
list:
dist: 2.1437427230710955 vs. 2.1437427230710955
--------
nle(id0,id1,dist): 121 139 2.718890113367511
list:
dist: 2.718890113367511 vs. 2.718890113367511
--------
nle(id0,id1,dist): 121 136 2.588935046490371
list:
dist: 2.588935046490371 vs. 2.588935046490371
--------
nle(id0,id1,dist): 121 127 2.4878660824558807
list:
dist: 2.4878660824558807 vs. 2.4878660824558807
--------
nle(id0,id1,dist): 121 125 2.177774343756034
list:
dist: 2.177774343756034 vs. 2.177774343756034
--------
nle(id0,id1,dist): 121 124 0.9712690004978116
list:
dist: 0.9712690004978116 vs. 0.9712690004978116
--------
nle(id0,id1,dist): 121 131 1.9689716015240342
list:
dist: 1.9689716015240342 vs. 1.9689716015240342
--------
nle(id0,id1,dist): 121 130 1.286976455395746
list:
dist: 1.286976455395746 vs. 1.286976455395746
--------
nle(id0,id1,dist): 121 129 2.71112050357229
list:
dist: 2.71112050357229 vs. 2.71112050357229
--------
nle(id0,id1,dist): 121 128 2.105446330901263
list:
dist: 2.105446330901263 vs. 2.105446330901263
--------
nle(id0,id1,dist): 121 122 1.727337191203911
list:
dist: 1.727337191203911 vs. 1.727337191203911
--------
nle(id0,id1,dist): 122 132 2.4782395912890354
list:
dist: 2.4782395912890354 vs. 2.4782395912890354
--------
nle(id0,id1,dist): 122 131 3.2501517191011606
list:
dist: 3.2501517191011606 vs. 3.2501517191011606
--------
nle(id0,id1,dist): 122 133 1.1556412905773048
list:
dist: 1.1556412905773048 vs. 1.1556412905773048
--------
nle(id0,id1,dist): 122 128 3.1554555570870604
list:
dist: 3.1554555570870604 vs. 3.1554555570870604
--------
nle(id0,id1,dist): 122 127 2.8203818795805717
list:
dist: 2.8203818795805717 vs. 2.8203818795805717
--------
nle(id0,id1,dist): 122 130 2.795090701978006
list:
dist: 2.795090701978006 vs. 2.795090701978006
--------
nle(id0,id1,dist): 122 140 0.3824065429189404
list:
dist: 0.3824065429189404 vs. 0.3824065429189404
--------
nle(id0,id1,dist): 122 139 2.6412372280526624
list:
dist: 2.6412372280526624 vs. 2.6412372280526624
--------
nle(id0,id1,dist): 122 142 0.7390515867595868
list:
dist: 0.7390515867595868 vs. 0.7390515867595868
--------
nle(id0,id1,dist): 122 141 2.7555355949736935
list:
dist: 2.7555355949736935 vs. 2.7555355949736935
--------
nle(id0,id1,dist): 122 136 3.0531010870143303
list:
dist: 3.0531010870143303 vs. 3.0531010870143303
--------
nle(id0,id1,dist): 122 135 1.4550504696869297
list:
dist: 1.4550504696869297 vs. 1.4550504696869297
--------
nle(id0,id1,dist): 122 138 1.8313111737402463
list:
dist: 1.8313111737402463 vs. 1.8313111737402463
--------
nle(id0,id1,dist): 122 137 1.636067362778534
list:
dist: 1.636067362778534 vs. 1.636067362778534
--------
nle(id0,id1,dist): 121 148 3.0105903225826
list:
dist: 3.0105903225826 vs. 3.0105903225826
--------
nle(id0,id1,dist): 122 124 2.460960559430729
list:
dist: 2.460960559430729 vs. 2.460960559430729
--------
nle(id0,id1,dist): 122 125 1.0639001673864756
list:
dist: 1.0639001673864756 vs. 1.0639001673864756
--------
nle(id0,id1,dist): 123 134 4.086502510961305
list:
dist: 4.086502510961305 vs. 4.086502510961305
--------
nle(id0,id1,dist): 123 132 3.573682564470355
list:
dist: 3.573682564470355 vs. 3.573682564470355
--------
nle(id0,id1,dist): 122 149 3.049616465007001
list:
dist: 3.049616465007001 vs. 3.049616465007001
--------
nle(id0,id1,dist): 122 147 2.449201870500578
list:
dist: 2.449201870500578 vs. 2.449201870500578
--------
nle(id0,id1,dist): 122 148 2.421412327516384
list:
dist: 2.421412327516384 vs. 2.421412327516384
--------
nle(id0,id1,dist): 122 145 1.8144706593669782
list:
dist: 1.8144706593669782 vs. 1.8144706593669782
--------
nle(id0,id1,dist): 122 146 1.7924089387210946
list:
dist: 1.7924089387210946 vs. 1.7924089387210946
--------
nle(id0,id1,dist): 122 143 2.3676895661265243
list:
dist: 2.3676895661265243 vs. 2.3676895661265243
--------
nle(id0,id1,dist): 122 144 1.1758203699624652
list:
dist: 1.1758203699624652 vs. 1.1758203699624652
--------
nle(id0,id1,dist): 124 125 2.63261294660369
list:
dist: 2.63261294660369 vs. 2.63261294660369
--------
nle(id0,id1,dist): 124 128 1.2625745899345597
list:
dist: 1.2625745899345597 vs. 1.2625745899345597
--------
nle(id0,id1,dist): 124 127 2.3159340623044384
list:
dist: 2.3159340623044384 vs. 2.3159340623044384
--------
nle(id0,id1,dist): 124 130 0.8291663941256882
list:
dist: 0.8291663941256882 vs. 0.8291663941256882
--------
nle(id0,id1,dist): 124 129 1.8484391089766803
list:
dist: 1.8484391089766803 vs. 1.8484391089766803
--------
nle(id0,id1,dist): 124 132 2.0266776949294507
list:
dist: 2.0266776949294507 vs. 2.0266776949294507
--------
nle(id0,id1,dist): 124 131 1.052881379850291
list:
dist: 1.052881379850291 vs. 1.052881379850291
--------
nle(id0,id1,dist): 125 127 2.11534020303775
list:
dist: 2.11534020303775 vs. 2.11534020303775
--------
nle(id0,id1,dist): 124 135 3.5561222963150523
list:
dist: 3.5561222963150523 vs. 3.5561222963150523
--------
nle(id0,id1,dist): 124 136 2.0677603800321442
list:
dist: 2.0677603800321442 vs. 2.0677603800321442
--------
nle(id0,id1,dist): 124 133 1.6608473446774206
list:
dist: 1.6608473446774206 vs. 1.6608473446774206
--------
nle(id0,id1,dist): 124 134 1.49068997291073
list:
dist: 1.49068997291073 vs. 1.49068997291073
--------
nle(id0,id1,dist): 124 139 2.3973138109918253
list:
dist: 2.3973138109918253 vs. 2.3973138109918253
--------
nle(id0,id1,dist): 124 140 2.6372329857990824
list:
dist: 2.6372329857990824 vs. 2.6372329857990824
--------
nle(id0,id1,dist): 124 138 2.2618913056203733
list:
dist: 2.2618913056203733 vs. 2.2618913056203733
--------
nle(id0,id1,dist): 124 144 2.7204075509678973
list:
dist: 2.7204075509678973 vs. 2.7204075509678973
--------
nle(id0,id1,dist): 124 141 2.4940239636827983
list:
dist: 2.4940239636827983 vs. 2.4940239636827983
--------
nle(id0,id1,dist): 124 142 1.9708342381515298
list:
dist: 1.9708342381515298 vs. 1.9708342381515298
--------
nle(id0,id1,dist): 124 147 1.2599504643820965
list:
dist: 1.2599504643820965 vs. 1.2599504643820965
--------
nle(id0,id1,dist): 124 148 3.0357207244205555
list:
dist: 3.0357207244205555 vs. 3.0357207244205555
--------
nle(id0,id1,dist): 124 145 3.2581468370652757
list:
dist: 3.2581468370652757 vs. 3.2581468370652757
--------
nle(id0,id1,dist): 112 117 0.9968464427237209
list:
dist: 0.9968464427237209 vs. 0.9968464427237209
--------
nle(id0,id1,dist): 112 118 1.8317438348010302
list:
dist: 1.8317438348010302 vs. 1.8317438348010302
--------
nle(id0,id1,dist): 112 115 1.0386950127163943
list:
dist: 1.0386950127163943 vs. 1.0386950127163943
--------
nle(id0,id1,dist): 112 116 2.735624350954741
list:
dist: 2.735624350954741 vs. 2.735624350954741
--------
nle(id0,id1,dist): 112 113 1.2888695194837116
list:
dist: 1.2888695194837116 vs. 1.2888695194837116
--------
nle(id0,id1,dist): 112 114 1.7546058965153577
list:
dist: 1.7546058965153577 vs. 1.7546058965153577
--------
nle(id0,id1,dist): 113 116 1.6337324569154867
list:
dist: 1.6337324569154867 vs. 1.6337324569154867
--------
nle(id0,id1,dist): 113 117 0.42165388231709056
list:
dist: 0.42165388231709056 vs. 0.42165388231709056
--------
nle(id0,id1,dist): 113 118 1.9283922481825244
list:
dist: 1.9283922481825244 vs. 1.9283922481825244
--------
nle(id0,id1,dist): 113 114 1.0079186744908475
list:
dist: 1.0079186744908475 vs. 1.0079186744908475
--------
nle(id0,id1,dist): 113 115 2.199961426982003
list:
dist: 2.199961426982003 vs. 2.199961426982003
--------
nle(id0,id1,dist): 114 117 1.117105480819876
list:
dist: 1.117105480819876 vs. 1.117105480819876
--------
nle(id0,id1,dist): 114 118 2.015439069574789
list:
dist: 2.015439069574789 vs. 2.015439069574789
--------
nle(id0,id1,dist): 114 115 2.2868200607569427
list:
dist: 2.2868200607569427 vs. 2.2868200607569427
--------
nle(id0,id1,dist): 114 116 1.760734422783774
list:
dist: 1.760734422783774 vs. 1.760734422783774
--------
nle(id0,id1,dist): 115 118 2.1303496180701056
list:
dist: 2.1303496180701056 vs. 2.1303496180701056
--------
nle(id0,id1,dist): 115 116 3.527814619585871
list:
dist: 3.527814619585871 vs. 3.527814619585871
--------
nle(id0,id1,dist): 115 117 1.904284106976974
list:
dist: 1.904284106976974 vs. 1.904284106976974
--------
nle(id0,id1,dist): 116 117 2.052653349611091
list:
dist: 2.052653349611091 vs. 2.052653349611091
--------
nle(id0,id1,dist): 116 118 2.1330987087236046
list:
dist: 2.1330987087236046 vs. 2.1330987087236046
--------
nle(id0,id1,dist): 117 118 2.0631795489190696
list:
dist: 2.0631795489190696 vs. 2.0631795489190696
--------
nle(id0,id1,dist): 106 113 1.6400910609111177
list:
dist: 1.6400910609111177 vs. 1.6400910609111177
--------
nle(id0,id1,dist): 106 114 1.2325723325550926
list:
dist: 1.2325723325550926 vs. 1.2325723325550926
--------
nle(id0,id1,dist): 106 111 3.06906638476011
list:
dist: 3.06906638476011 vs. 3.06906638476011
--------
nle(id0,id1,dist): 106 112 1.9867562728943595
list:
dist: 1.9867562728943595 vs. 1.9867562728943595
--------
nle(id0,id1,dist): 106 117 1.4439441078387945
list:
dist: 1.4439441078387945 vs. 1.4439441078387945
--------
nle(id0,id1,dist): 106 118 3.0264309760727968
list:
dist: 3.0264309760727968 vs. 3.0264309760727968
--------
nle(id0,id1,dist): 106 115 2.347788616692843
list:
dist: 2.347788616692843 vs. 2.347788616692843
--------
nle(id0,id1,dist): 106 116 2.8405835055542394
list:
dist: 2.8405835055542394 vs. 2.8405835055542394
--------
nle(id0,id1,dist): 106 110 1.1944542126530566
list:
dist: 1.1944542126530566 vs. 1.1944542126530566
--------
nle(id0,id1,dist): 106 109 1.6663539431570522
list:
dist: 1.6663539431570522 vs. 1.6663539431570522
--------
nle(id0,id1,dist): 106 108 2.2448350604291893
list:
dist: 2.2448350604291893 vs. 2.2448350604291893
--------
nle(id0,id1,dist): 106 107 0.8098701652909213
list:
dist: 0.8098701652909213 vs. 0.8098701652909213
--------
nle(id0,id1,dist): 105 117 2.2809740799594755
list:
dist: 2.2809740799594755 vs. 2.2809740799594755
--------
nle(id0,id1,dist): 105 109 1.391709038705438
list:
dist: 1.391709038705438 vs. 1.391709038705438
--------
nle(id0,id1,dist): 105 111 2.504525364385218
list:
dist: 2.504525364385218 vs. 2.504525364385218
--------
nle(id0,id1,dist): 105 110 2.5857671397596267
list:
dist: 2.5857671397596267 vs. 2.5857671397596267
--------
nle(id0,id1,dist): 105 112 2.0179912789892853
list:
dist: 2.0179912789892853 vs. 2.0179912789892853
--------
nle(id0,id1,dist): 105 115 2.0784051601212776
list:
dist: 2.0784051601212776 vs. 2.0784051601212776
--------
nle(id0,id1,dist): 105 107 2.9001429873506486
list:
dist: 2.9001429873506486 vs. 2.9001429873506486
--------
nle(id0,id1,dist): 105 106 2.196050961051478
list:
dist: 2.196050961051478 vs. 2.196050961051478
--------
nle(id0,id1,dist): 108 115 1.4660191389997181
list:
dist: 1.4660191389997181 vs. 1.4660191389997181
--------
nle(id0,id1,dist): 108 116 2.1517780538813507
list:
dist: 2.1517780538813507 vs. 2.1517780538813507
--------
nle(id0,id1,dist): 108 113 1.2941728400891737
list:
dist: 1.2941728400891737 vs. 1.2941728400891737
--------
nle(id0,id1,dist): 108 114 1.4377646795494747
list:
dist: 1.4377646795494747 vs. 1.4377646795494747
--------
nle(id0,id1,dist): 108 111 1.6142781122362542
list:
dist: 1.6142781122362542 vs. 1.6142781122362542
--------
nle(id0,id1,dist): 108 112 1.0266858258246225
list:
dist: 1.0266858258246225 vs. 1.0266858258246225
--------
nle(id0,id1,dist): 108 109 2.3363505976518293
list:
dist: 2.3363505976518293 vs. 2.3363505976518293
--------
nle(id0,id1,dist): 108 110 1.443496875584573
list:
dist: 1.443496875584573 vs. 1.443496875584573
--------
nle(id0,id1,dist): 107 118 3.3017278353610617
list:
dist: 3.3017278353610617 vs. 3.3017278353610617
--------
nle(id0,id1,dist): 107 114 1.2970494199231062
list:
dist: 1.2970494199231062 vs. 1.2970494199231062
--------
nle(id0,id1,dist): 107 115 3.060407122621443
list:
dist: 3.060407122621443 vs. 3.060407122621443
--------
nle(id0,id1,dist): 107 116 2.5708301079114806
list:
dist: 2.5708301079114806 vs. 2.5708301079114806
--------
nle(id0,id1,dist): 107 117 1.773002971883835
list:
dist: 1.773002971883835 vs. 1.773002971883835
--------
nle(id0,id1,dist): 107 110 1.351657315730782
list:
dist: 1.351657315730782 vs. 1.351657315730782
--------
nle(id0,id1,dist): 107 111 3.7074077182872704
list:
dist: 3.7074077182872704 vs. 3.7074077182872704
--------
nle(id0,id1,dist): 107 112 2.5613293956539276
list:
dist: 2.5613293956539276 vs. 2.5613293956539276
--------
nle(id0,id1,dist): 107 113 1.7946873300274762
list:
dist: 1.7946873300274762 vs. 1.7946873300274762
--------
nle(id0,id1,dist): 107 108 2.635489415162601
list:
dist: 2.635489415162601 vs. 2.635489415162601
--------
nle(id0,id1,dist): 107 109 2.1249828406890443
list:
dist: 2.1249828406890443 vs. 2.1249828406890443
--------
nle(id0,id1,dist): 109 114 2.1385839184602973
list:
dist: 2.1385839184602973 vs. 2.1385839184602973
--------
nle(id0,id1,dist): 109 115 2.2263718632013836
list:
dist: 2.2263718632013836 vs. 2.2263718632013836
--------
nle(id0,id1,dist): 109 112 1.5086766402089868
list:
dist: 1.5086766402089868 vs. 1.5086766402089868
--------
nle(id0,id1,dist): 109 113 1.5667909083903886
list:
dist: 1.5667909083903886 vs. 1.5667909083903886
--------
nle(id0,id1,dist): 109 118 3.1554701949278683
list:
dist: 3.1554701949278683 vs. 3.1554701949278683
--------
nle(id0,id1,dist): 109 116 3.132537397783363
list:
dist: 3.132537397783363 vs. 3.132537397783363
--------
nle(id0,id1,dist): 109 117 1.219581185844403
list:
dist: 1.219581185844403 vs. 1.219581185844403
--------
nle(id0,id1,dist): 109 111 2.4759379243993043
list:
dist: 2.4759379243993043 vs. 2.4759379243993043
--------
nle(id0,id1,dist): 109 110 1.5480584989792336
list:
dist: 1.5480584989792336 vs. 1.5480584989792336
--------
nle(id0,id1,dist): 108 117 1.2992451116848434
list:
dist: 1.2992451116848434 vs. 1.2992451116848434
--------
nle(id0,id1,dist): 108 118 0.8766591460115689
list:
dist: 0.8766591460115689 vs. 0.8766591460115689
--------
nle(id0,id1,dist): 111 118 2.0481977683091754
list:
dist: 2.0481977683091754 vs. 2.0481977683091754
--------
nle(id0,id1,dist): 111 116 3.6129186445172783
list:
dist: 3.6129186445172783 vs. 3.6129186445172783
--------
nle(id0,id1,dist): 111 117 2.1701849441239762
list:
dist: 2.1701849441239762 vs. 2.1701849441239762
--------
nle(id0,id1,dist): 111 114 2.8103525253159116
list:
dist: 2.8103525253159116 vs. 2.8103525253159116
--------
nle(id0,id1,dist): 111 115 0.9972724022420328
list:
dist: 0.9972724022420328 vs. 0.9972724022420328
--------
nle(id0,id1,dist): 111 112 1.189258939269501
list:
dist: 1.189258939269501 vs. 1.189258939269501
--------
nle(id0,id1,dist): 111 113 2.403004612951391
list:
dist: 2.403004612951391 vs. 2.403004612951391
--------
nle(id0,id1,dist): 110 111 2.5844168573007975
list:
dist: 2.5844168573007975 vs. 2.5844168573007975
--------
nle(id0,id1,dist): 110 112 1.4225203632510914
list:
dist: 1.4225203632510914 vs. 1.4225203632510914
--------
nle(id0,id1,dist): 110 113 0.47466141649476523
list:
dist: 0.47466141649476523 vs. 0.47466141649476523
--------
nle(id0,id1,dist): 110 114 0.67004148554729
list:
dist: 0.67004148554729 vs. 0.67004148554729
--------
nle(id0,id1,dist): 110 115 2.192466902582415
list:
dist: 2.192466902582415 vs. 2.192466902582415
--------
nle(id0,id1,dist): 110 116 1.805064717666756
list:
dist: 1.805064717666756 vs. 1.805064717666756
--------
nle(id0,id1,dist): 110 117 0.5279730710628769
list:
dist: 0.5279730710628769 vs. 0.5279730710628769
--------
nle(id0,id1,dist): 110 118 2.138529450567343
list:
dist: 2.138529450567343 vs. 2.138529450567343
--------
nle(id0,id1,dist): 99 107 2.645386409114065
list:
dist: 2.645386409114065 vs. 2.645386409114065
--------
nle(id0,id1,dist): 99 106 2.1667780609514247
list:
dist: 2.1667780609514247 vs. 2.1667780609514247
--------
nle(id0,id1,dist): 99 109 2.5694603392847095
list:
dist: 2.5694603392847095 vs. 2.5694603392847095
--------
nle(id0,id1,dist): 99 108 0.661809450281126
list:
dist: 0.661809450281126 vs. 0.661809450281126
--------
nle(id0,id1,dist): 99 111 1.7035017081762305
list:
dist: 1.7035017081762305 vs. 1.7035017081762305
--------
nle(id0,id1,dist): 99 110 1.7057654576959753
list:
dist: 1.7057654576959753 vs. 1.7057654576959753
--------
nle(id0,id1,dist): 99 113 1.7269029393984046
list:
dist: 1.7269029393984046 vs. 1.7269029393984046
--------
nle(id0,id1,dist): 99 112 1.2726320626247007
list:
dist: 1.2726320626247007 vs. 1.2726320626247007
--------
nle(id0,id1,dist): 99 100 1.0696823026707958
list:
dist: 1.0696823026707958 vs. 1.0696823026707958
--------
nle(id0,id1,dist): 99 104 2.328978571026727
list:
dist: 2.328978571026727 vs. 2.328978571026727
--------
nle(id0,id1,dist): 99 114 1.5149190284320622
list:
dist: 1.5149190284320622 vs. 1.5149190284320622
--------
nle(id0,id1,dist): 99 115 1.2238771759530385
list:
dist: 1.2238771759530385 vs. 1.2238771759530385
--------
nle(id0,id1,dist): 99 116 2.596742243204484
list:
dist: 2.596742243204484 vs. 2.596742243204484
--------
nle(id0,id1,dist): 99 117 1.6504843869564307
list:
dist: 1.6504843869564307 vs. 1.6504843869564307
--------
nle(id0,id1,dist): 99 118 1.1968629139128415
list:
dist: 1.1968629139128415 vs. 1.1968629139128415
--------
nle(id0,id1,dist): 98 114 2.0203370025598195
list:
dist: 2.0203370025598195 vs. 2.0203370025598195
--------
nle(id0,id1,dist): 98 113 1.7668764144167917
list:
dist: 1.7668764144167917 vs. 1.7668764144167917
--------
nle(id0,id1,dist): 98 112 1.2317457721704403
list:
dist: 1.2317457721704403 vs. 1.2317457721704403
--------
nle(id0,id1,dist): 98 111 2.0853964900830197
list:
dist: 2.0853964900830197 vs. 2.0853964900830197
--------
nle(id0,id1,dist): 98 118 2.9593376303658085
list:
dist: 2.9593376303658085 vs. 2.9593376303658085
--------
nle(id0,id1,dist): 98 117 1.348599350092347
list:
dist: 1.348599350092347 vs. 1.348599350092347
--------
nle(id0,id1,dist): 98 116 3.384440457490288
list:
dist: 3.384440457490288 vs. 3.384440457490288
--------
nle(id0,id1,dist): 98 115 1.5583146648146071
list:
dist: 1.5583146648146071 vs. 1.5583146648146071
--------
nle(id0,id1,dist): 98 106 1.426980718563476
list:
dist: 1.426980718563476 vs. 1.426980718563476
--------
nle(id0,id1,dist): 98 105 0.9765231470465139
list:
dist: 0.9765231470465139 vs. 0.9765231470465139
--------
nle(id0,id1,dist): 98 103 2.339114242854067
list:
dist: 2.339114242854067 vs. 2.339114242854067
--------
nle(id0,id1,dist): 98 110 1.6313956944117165
list:
dist: 1.6313956944117165 vs. 1.6313956944117165
--------
nle(id0,id1,dist): 98 109 0.8748282819898122
list:
dist: 0.8748282819898122 vs. 0.8748282819898122
--------
nle(id0,id1,dist): 98 108 2.0871783737752043
list:
dist: 2.0871783737752043 vs. 2.0871783737752043
--------
nle(id0,id1,dist): 98 107 2.142538561974617
list:
dist: 2.142538561974617 vs. 2.142538561974617
--------
nle(id0,id1,dist): 101 103 2.5316689915818693
list:
dist: 2.5316689915818693 vs. 2.5316689915818693
--------
nle(id0,id1,dist): 101 102 2.055662289250254
list:
dist: 2.055662289250254 vs. 2.055662289250254
--------
nle(id0,id1,dist): 101 117 2.509240598703935
list:
dist: 2.509240598703935 vs. 2.509240598703935
--------
nle(id0,id1,dist): 101 112 2.580981019355225
list:
dist: 2.580981019355225 vs. 2.580981019355225
--------
nle(id0,id1,dist): 101 115 2.5500393575097386
list:
dist: 2.5500393575097386 vs. 2.5500393575097386
--------
nle(id0,id1,dist): 101 109 1.9455535506024149
list:
dist: 1.9455535506024149 vs. 1.9455535506024149
--------
nle(id0,id1,dist): 101 110 2.538811322735885
list:
dist: 2.538811322735885 vs. 2.538811322735885
--------
nle(id0,id1,dist): 101 111 3.3253610778756317
list:
dist: 3.3253610778756317 vs. 3.3253610778756317
--------
nle(id0,id1,dist): 101 105 1.3747310210893742
list:
dist: 1.3747310210893742 vs. 1.3747310210893742
--------
nle(id0,id1,dist): 101 106 1.566811928919467
list:
dist: 1.566811928919467 vs. 1.566811928919467
--------
nle(id0,id1,dist): 101 107 2.206763866970523
list:
dist: 2.206763866970523 vs. 2.206763866970523
--------
nle(id0,id1,dist): 100 108 1.4695197368074409
list:
dist: 1.4695197368074409 vs. 1.4695197368074409
--------
nle(id0,id1,dist): 100 107 1.8313189273021326
list:
dist: 1.8313189273021326 vs. 1.8313189273021326
--------
nle(id0,id1,dist): 100 106 1.3624050940436787
list:
dist: 1.3624050940436787 vs. 1.3624050940436787
--------
nle(id0,id1,dist): 100 105 2.748163909306215
list:
dist: 2.748163909306215 vs. 2.748163909306215
--------
nle(id0,id1,dist): 100 104 2.442163863859187
list:
dist: 2.442163863859187 vs. 2.442163863859187
--------
nle(id0,id1,dist): 100 103 3.4886430177483017
list:
dist: 3.4886430177483017 vs. 3.4886430177483017
--------
nle(id0,id1,dist): 100 102 3.2210969729467807
list:
dist: 3.2210969729467807 vs. 3.2210969729467807
--------
nle(id0,id1,dist): 100 101 2.3739970016993177
list:
dist: 2.3739970016993177 vs. 2.3739970016993177
--------
nle(id0,id1,dist): 100 117 1.6560265735652027
list:
dist: 1.6560265735652027 vs. 1.6560265735652027
--------
nle(id0,id1,dist): 100 118 2.09722200733159
list:
dist: 2.09722200733159 vs. 2.09722200733159
--------
nle(id0,id1,dist): 100 115 1.6989632349636004
list:
dist: 1.6989632349636004 vs. 1.6989632349636004
--------
nle(id0,id1,dist): 100 116 2.706418355991864
list:
dist: 2.706418355991864 vs. 2.706418355991864
--------
nle(id0,id1,dist): 100 113 1.770957612348193
list:
dist: 1.770957612348193 vs. 1.770957612348193
--------
nle(id0,id1,dist): 100 114 1.0722676274636875
list:
dist: 1.0722676274636875 vs. 1.0722676274636875
--------
nle(id0,id1,dist): 100 111 2.4973518707178837
list:
dist: 2.4973518707178837 vs. 2.4973518707178837
--------
nle(id0,id1,dist): 100 112 1.718651273338836
list:
dist: 1.718651273338836 vs. 1.718651273338836
--------
nle(id0,id1,dist): 100 109 2.424545324664522
list:
dist: 2.424545324664522 vs. 2.424545324664522
--------
nle(id0,id1,dist): 100 110 1.4667614757032206
list:
dist: 1.4667614757032206 vs. 1.4667614757032206
--------
nle(id0,id1,dist): 102 115 2.1969680710047026
list:
dist: 2.1969680710047026 vs. 2.1969680710047026
--------
nle(id0,id1,dist): 102 117 3.35024983974472
list:
dist: 3.35024983974472 vs. 3.35024983974472
--------
nle(id0,id1,dist): 103 105 1.7404489916106403
list:
dist: 1.7404489916106403 vs. 1.7404489916106403
--------
nle(id0,id1,dist): 103 104 2.0169188631025943
list:
dist: 2.0169188631025943 vs. 2.0169188631025943
--------
nle(id0,id1,dist): 103 107 4.312293991250964
list:
dist: 4.312293991250964 vs. 4.312293991250964
--------
nle(id0,id1,dist): 103 106 3.514417410750764
list:
dist: 3.514417410750764 vs. 3.514417410750764
--------
nle(id0,id1,dist): 103 109 2.9806060340356573
list:
dist: 2.9806060340356573 vs. 2.9806060340356573
--------
nle(id0,id1,dist): 102 106 3.1478802339860326
list:
dist: 3.1478802339860326 vs. 3.1478802339860326
--------
nle(id0,id1,dist): 102 105 1.4731348310101513
list:
dist: 1.4731348310101513 vs. 1.4731348310101513
--------
nle(id0,id1,dist): 102 104 1.9606250479164196
list:
dist: 1.9606250479164196 vs. 1.9606250479164196
--------
nle(id0,id1,dist): 102 103 0.5229703500726431
list:
dist: 0.5229703500726431 vs. 0.5229703500726431
--------
nle(id0,id1,dist): 102 110 3.6344116563360633
list:
dist: 3.6344116563360633 vs. 3.6344116563360633
--------
nle(id0,id1,dist): 102 109 2.7752440925788124
list:
dist: 2.7752440925788124 vs. 2.7752440925788124
--------
nle(id0,id1,dist): 102 107 3.940760710619074
list:
dist: 3.940760710619074 vs. 3.940760710619074
--------
nle(id0,id1,dist): 102 112 2.7539373104520584
list:
dist: 2.7539373104520584 vs. 2.7539373104520584
--------
nle(id0,id1,dist): 102 111 2.6917472287004185
list:
dist: 2.6917472287004185 vs. 2.6917472287004185
--------
nle(id0,id1,dist): 104 111 2.284589091849755
list:
dist: 2.284589091849755 vs. 2.284589091849755
--------
nle(id0,id1,dist): 104 112 2.5924565698265547
list:
dist: 2.5924565698265547 vs. 2.5924565698265547
--------
nle(id0,id1,dist): 104 105 2.7523224890497597
list:
dist: 2.7523224890497597 vs. 2.7523224890497597
--------
nle(id0,id1,dist): 104 108 2.8435120020524653
list:
dist: 2.8435120020524653 vs. 2.8435120020524653
--------
nle(id0,id1,dist): 104 118 3.343999275518135
list:
dist: 3.343999275518135 vs. 3.343999275518135
--------
nle(id0,id1,dist): 104 115 1.5784267884804102
list:
dist: 1.5784267884804102 vs. 1.5784267884804102
--------
nle(id0,id1,dist): 103 117 3.5311604414847166
list:
dist: 3.5311604414847166 vs. 3.5311604414847166
--------
nle(id0,id1,dist): 103 115 2.2352851110525
list:
dist: 2.2352851110525 vs. 2.2352851110525
--------
nle(id0,id1,dist): 103 112 2.8265840577680823
list:
dist: 2.8265840577680823 vs. 2.8265840577680823
--------
nle(id0,id1,dist): 103 110 3.8662051452177053
list:
dist: 3.8662051452177053 vs. 3.8662051452177053
--------
nle(id0,id1,dist): 103 111 2.554754743670602
list:
dist: 2.554754743670602 vs. 2.554754743670602
--------
nle(id0,id1,dist): 147 148 2.1467020109727044
list:
dist: 2.1467020109727044 vs. 2.1467020109727044
--------
nle(id0,id1,dist): 148 149 3.0735658754571533
list:
dist: 3.0735658754571533 vs. 3.0735658754571533
--------
nle(id0,id1,dist): 146 149 2.526590273934443
list:
dist: 2.526590273934443 vs. 2.526590273934443
--------
nle(id0,id1,dist): 144 148 1.3380408971131588
list:
dist: 1.3380408971131588 vs. 1.3380408971131588
--------
nle(id0,id1,dist): 144 147 2.283835843132942
list:
dist: 2.283835843132942 vs. 2.283835843132942
--------
nle(id0,id1,dist): 144 146 2.470797920248499
list:
dist: 2.470797920248499 vs. 2.470797920248499
--------
nle(id0,id1,dist): 144 145 0.9903413936078326
list:
dist: 0.9903413936078326 vs. 0.9903413936078326
--------
nle(id0,id1,dist): 144 149 2.7148529762620943
list:
dist: 2.7148529762620943 vs. 2.7148529762620943
--------
nle(id0,id1,dist): 145 149 2.036969801481179
list:
dist: 2.036969801481179 vs. 2.036969801481179
--------
nle(id0,id1,dist): 145 148 1.1765386573956045
list:
dist: 1.1765386573956045 vs. 1.1765386573956045
--------
nle(id0,id1,dist): 145 147 2.4760539692904473
list:
dist: 2.4760539692904473 vs. 2.4760539692904473
--------
nle(id0,id1,dist): 145 146 2.6801527250353727
list:
dist: 2.6801527250353727 vs. 2.6801527250353727
--------
nle(id0,id1,dist): 142 149 3.175960063767937
list:
dist: 3.175960063767937 vs. 3.175960063767937
--------
nle(id0,id1,dist): 142 147 1.7483693245559506
list:
dist: 1.7483693245559506 vs. 1.7483693245559506
--------
nle(id0,id1,dist): 142 148 2.0639788195050643
list:
dist: 2.0639788195050643 vs. 2.0639788195050643
--------
nle(id0,id1,dist): 142 145 1.6117860870668541
list:
dist: 1.6117860870668541 vs. 1.6117860870668541
--------
nle(id0,id1,dist): 142 146 2.3849480615443475
list:
dist: 2.3849480615443475 vs. 2.3849480615443475
--------
nle(id0,id1,dist): 142 143 1.9879335352056602
list:
dist: 1.9879335352056602 vs. 1.9879335352056602
--------
nle(id0,id1,dist): 142 144 1.1517904024753665
list:
dist: 1.1517904024753665 vs. 1.1517904024753665
--------
nle(id0,id1,dist): 143 148 1.763722762411549
list:
dist: 1.763722762411549 vs. 1.763722762411549
--------
nle(id0,id1,dist): 143 149 2.0467327679220335
list:
dist: 2.0467327679220335 vs. 2.0467327679220335
--------
nle(id0,id1,dist): 143 144 1.8783062081685744
list:
dist: 1.8783062081685744 vs. 1.8783062081685744
--------
nle(id0,id1,dist): 143 145 1.0028442105074242
list:
dist: 1.0028442105074242 vs. 1.0028442105074242
--------
nle(id0,id1,dist): 141 142 2.1205316369314278
list:
dist: 2.1205316369314278 vs. 2.1205316369314278
--------
nle(id0,id1,dist): 141 143 1.8294418984986953
list:
dist: 1.8294418984986953 vs. 1.8294418984986953
--------
nle(id0,id1,dist): 140 149 2.8111379605649915
list:
dist: 2.8111379605649915 vs. 2.8111379605649915
--------
nle(id0,id1,dist): 141 145 1.8390093695718956
list:
dist: 1.8390093695718956 vs. 1.8390093695718956
--------
nle(id0,id1,dist): 141 144 2.061053016522804
list:
dist: 2.061053016522804 vs. 2.061053016522804
--------
nle(id0,id1,dist): 141 147 1.3004230691817453
list:
dist: 1.3004230691817453 vs. 1.3004230691817453
--------
nle(id0,id1,dist): 141 149 3.720081939073892
list:
dist: 3.720081939073892 vs. 3.720081939073892
--------
nle(id0,id1,dist): 141 148 1.230979774298242
list:
dist: 1.230979774298242 vs. 1.230979774298242
--------
nle(id0,id1,dist): 139 144 2.1458541202828587
list:
dist: 2.1458541202828587 vs. 2.1458541202828587
--------
nle(id0,id1,dist): 139 145 1.8511334664010628
list:
dist: 1.8511334664010628 vs. 1.8511334664010628
--------
nle(id0,id1,dist): 139 142 1.9538697578813191
list:
dist: 1.9538697578813191 vs. 1.9538697578813191
--------
nle(id0,id1,dist): 139 143 1.6153186666603565
list:
dist: 1.6153186666603565 vs. 1.6153186666603565
--------
nle(id0,id1,dist): 139 140 2.609772735062192
list:
dist: 2.609772735062192 vs. 2.609772735062192
--------
nle(id0,id1,dist): 139 141 0.5493230533183181
list:
dist: 0.5493230533183181 vs. 0.5493230533183181
--------
nle(id0,id1,dist): 139 148 1.590123006546348
list:
dist: 1.590123006546348 vs. 1.590123006546348
--------
nle(id0,id1,dist): 139 149 3.617081733703152
list:
dist: 3.617081733703152 vs. 3.617081733703152
--------
nle(id0,id1,dist): 139 147 1.1690653218141815
list:
dist: 1.1690653218141815 vs. 1.1690653218141815
--------
nle(id0,id1,dist): 140 145 1.7402091085410918
list:
dist: 1.7402091085410918 vs. 1.7402091085410918
--------
nle(id0,id1,dist): 140 146 1.603169369651138
list:
dist: 1.603169369651138 vs. 1.603169369651138
--------
nle(id0,id1,dist): 140 147 2.528629248086592
list:
dist: 2.528629248086592 vs. 2.528629248086592
--------
nle(id0,id1,dist): 140 148 2.501610390913667
list:
dist: 2.501610390913667 vs. 2.501610390913667
--------
nle(id0,id1,dist): 140 141 2.78394542561116
list:
dist: 2.78394542561116 vs. 2.78394542561116
--------
nle(id0,id1,dist): 140 142 0.7848340378181432
list:
dist: 0.7848340378181432 vs. 0.7848340378181432
--------
nle(id0,id1,dist): 140 143 2.1690856622949974
list:
dist: 2.1690856622949974 vs. 2.1690856622949974
--------
nle(id0,id1,dist): 140 144 1.313522586973604
list:
dist: 1.313522586973604 vs. 1.313522586973604
--------
nle(id0,id1,dist): 138 141 1.4161266752148804
list:
dist: 1.4161266752148804 vs. 1.4161266752148804
--------
nle(id0,id1,dist): 138 142 1.4737174173340046
list:
dist: 1.4737174173340046 vs. 1.4737174173340046
--------
nle(id0,id1,dist): 138 139 1.6769881801381208
list:
dist: 1.6769881801381208 vs. 1.6769881801381208
--------
nle(id0,id1,dist): 138 140 2.017706167929854
list:
dist: 2.017706167929854 vs. 2.017706167929854
--------
nle(id0,id1,dist): 138 149 3.461237510037383
list:
dist: 3.461237510037383 vs. 3.461237510037383
--------
nle(id0,id1,dist): 138 148 0.9242855737510696
list:
dist: 0.9242855737510696 vs. 0.9242855737510696
--------
nle(id0,id1,dist): 138 147 1.6779484638206443
list:
dist: 1.6779484638206443 vs. 1.6779484638206443
--------
nle(id0,id1,dist): 138 146 3.393864795358563
list:
dist: 3.393864795358563 vs. 3.393864795358563
--------
nle(id0,id1,dist): 138 145 1.460364047435052
list:
dist: 1.460364047435052 vs. 1.460364047435052
--------
nle(id0,id1,dist): 138 144 0.9688187489743757
list:
dist: 0.9688187489743757 vs. 0.9688187489743757
--------
nle(id0,id1,dist): 138 143 2.143686876366133
list:
dist: 2.143686876366133 vs. 2.143686876366133
--------
nle(id0,id1,dist): 137 144 1.5021863656948882
list:
dist: 1.5021863656948882 vs. 1.5021863656948882
--------
nle(id0,id1,dist): 137 145 1.2050300932990683
list:
dist: 1.2050300932990683 vs. 1.2050300932990683
--------
nle(id0,id1,dist): 137 146 1.6047212316899921
list:
dist: 1.6047212316899921 vs. 1.6047212316899921
--------
nle(id0,id1,dist): 137 140 1.4189280792609038
list:
dist: 1.4189280792609038 vs. 1.4189280792609038
--------
nle(id0,id1,dist): 137 141 2.9518258991731514
list:
dist: 2.9518258991731514 vs. 2.9518258991731514
--------
nle(id0,id1,dist): 137 142 1.841907294678319
list:
dist: 1.841907294678319 vs. 1.841907294678319
--------
nle(id0,id1,dist): 137 143 1.617914818816953
list:
dist: 1.617914818816953 vs. 1.617914818816953
--------
nle(id0,id1,dist): 137 138 2.3790193033815075
list:
dist: 2.3790193033815075 vs. 2.3790193033815075
--------
nle(id0,id1,dist): 137 139 2.8378580429011473
list:
dist: 2.8378580429011473 vs. 2.8378580429011473
--------
nle(id0,id1,dist): 137 149 1.4145187172596954
list:
dist: 1.4145187172596954 vs. 1.4145187172596954
--------
nle(id0,id1,dist): 137 148 2.3387091530942077
list:
dist: 2.3387091530942077 vs. 2.3387091530942077
--------
nle(id0,id1,dist): 136 147 1.1529875577333197
list:
dist: 1.1529875577333197 vs. 1.1529875577333197
--------
nle(id0,id1,dist): 136 148 1.7351759865571108
list:
dist: 1.7351759865571108 vs. 1.7351759865571108
--------
nle(id0,id1,dist): 136 145 2.579850270584949
list:
dist: 2.579850270584949 vs. 2.579850270584949
--------
nle(id0,id1,dist): 136 139 1.3566345245546663
list:
dist: 1.3566345245546663 vs. 1.3566345245546663
--------
nle(id0,id1,dist): 136 140 3.188335309669352
list:
dist: 3.188335309669352 vs. 3.188335309669352
--------
nle(id0,id1,dist): 136 138 1.5326791033201173
list:
dist: 1.5326791033201173 vs. 1.5326791033201173
--------
nle(id0,id1,dist): 136 144 2.441354530064994
list:
dist: 2.441354530064994 vs. 2.441354530064994
--------
nle(id0,id1,dist): 136 141 1.0045753215615938
list:
dist: 1.0045753215615938 vs. 1.0045753215615938
--------
nle(id0,id1,dist): 136 142 2.442631404153401
list:
dist: 2.442631404153401 vs. 2.442631404153401
--------
nle(id0,id1,dist): 135 142 2.0486932896538
list:
dist: 2.0486932896538 vs. 2.0486932896538
--------
nle(id0,id1,dist): 135 144 2.4866739888307308
list:
dist: 2.4866739888307308 vs. 2.4866739888307308
--------
nle(id0,id1,dist): 135 145 2.902355314662235
list:
dist: 2.902355314662235 vs. 2.902355314662235
--------
nle(id0,id1,dist): 135 146 0.9266869185416857
list:
dist: 0.9266869185416857 vs. 0.9266869185416857
--------
nle(id0,id1,dist): 135 149 3.2568619134449426
list:
dist: 3.2568619134449426 vs. 3.2568619134449426
--------
nle(id0,id1,dist): 134 147 2.6731073151013667
list:
dist: 2.6731073151013667 vs. 2.6731073151013667
--------
nle(id0,id1,dist): 135 140 1.3278889523427218
list:
dist: 1.3278889523427218 vs. 1.3278889523427218
--------
nle(id0,id1,dist): 135 138 3.273503654989257
list:
dist: 3.273503654989257 vs. 3.273503654989257
--------
nle(id0,id1,dist): 135 137 2.087199349073691
list:
dist: 2.087199349073691 vs. 2.087199349073691
--------
nle(id0,id1,dist): 133 135 2.415509590298095
list:
dist: 2.415509590298095 vs. 2.415509590298095
--------
nle(id0,id1,dist): 133 134 2.7727343849664505
list:
dist: 2.7727343849664505 vs. 2.7727343849664505
--------
nle(id0,id1,dist): 133 138 1.4541339671325477
list:
dist: 1.4541339671325477 vs. 1.4541339671325477
--------
nle(id0,id1,dist): 133 139 2.5544376163491562
list:
dist: 2.5544376163491562 vs. 2.5544376163491562
--------
nle(id0,id1,dist): 133 136 2.432844656770956
list:
dist: 2.432844656770956 vs. 2.432844656770956
--------
nle(id0,id1,dist): 133 142 1.1064683634485624
list:
dist: 1.1064683634485624 vs. 1.1064683634485624
--------
nle(id0,id1,dist): 133 140 1.494130804360718
list:
dist: 1.494130804360718 vs. 1.494130804360718
--------
nle(id0,id1,dist): 133 141 2.534314738170286
list:
dist: 2.534314738170286 vs. 2.534314738170286
--------
nle(id0,id1,dist): 133 147 1.9589845559446069
list:
dist: 1.9589845559446069 vs. 1.9589845559446069
--------
nle(id0,id1,dist): 133 144 1.439904632584924
list:
dist: 1.439904632584924 vs. 1.439904632584924
--------
nle(id0,id1,dist): 133 145 2.30998491136154
list:
dist: 2.30998491136154 vs. 2.30998491136154
--------
nle(id0,id1,dist): 133 148 2.3383043679413764
list:
dist: 2.3383043679413764 vs. 2.3383043679413764
--------
nle(id0,id1,dist): 132 134 2.3004388999332357
list:
dist: 2.3004388999332357 vs. 2.3004388999332357
--------
nle(id0,id1,dist): 132 133 2.4095307297583792
list:
dist: 2.4095307297583792 vs. 2.4095307297583792
--------
nle(id0,id1,dist): 132 135 2.660912885268843
list:
dist: 2.660912885268843 vs. 2.660912885268843
--------
nle(id0,id1,dist): 132 138 3.5384426375613067
list:
dist: 3.5384426375613067 vs. 3.5384426375613067
--------
nle(id0,id1,dist): 132 140 2.4982388555826516
list:
dist: 2.4982388555826516 vs. 2.4982388555826516
--------
nle(id0,id1,dist): 132 139 3.594489063231427
list:
dist: 3.594489063231427 vs. 3.594489063231427
--------
nle(id0,id1,dist): 132 141 3.899900646498205
list:
dist: 3.899900646498205 vs. 3.899900646498205
--------
nle(id0,id1,dist): 132 142 2.341385210518922
list:
dist: 2.341385210518922 vs. 2.341385210518922
--------
nle(id0,id1,dist): 132 144 3.4313931598690255
list:
dist: 3.4313931598690255 vs. 3.4313931598690255
--------
nle(id0,id1,dist): 132 145 3.9197692534380564
list:
dist: 3.9197692534380564 vs. 3.9197692534380564
--------
nle(id0,id1,dist): 132 147 2.802640688103289
list:
dist: 2.802640688103289 vs. 2.802640688103289
--------
nle(id0,id1,dist): 131 147 1.2117081240221563
list:
dist: 1.2117081240221563 vs. 1.2117081240221563
--------
nle(id0,id1,dist): 131 148 3.0360002738194063
list:
dist: 3.0360002738194063 vs. 3.0360002738194063
--------
nle(id0,id1,dist): 131 142 2.6626143031801988
list:
dist: 2.6626143031801988 vs. 2.6626143031801988
--------
nle(id0,id1,dist): 131 144 3.173953900506149
list:
dist: 3.173953900506149 vs. 3.173953900506149
--------
nle(id0,id1,dist): 131 145 3.568679749656622
list:
dist: 3.568679749656622 vs. 3.568679749656622
--------
nle(id0,id1,dist): 131 138 2.4379250256424356
list:
dist: 2.4379250256424356 vs. 2.4379250256424356
--------
nle(id0,id1,dist): 131 139 2.2851473392234425
list:
dist: 2.2851473392234425 vs. 2.2851473392234425
--------
nle(id0,id1,dist): 131 140 3.4178665862906064
list:
dist: 3.4178665862906064 vs. 3.4178665862906064
--------
nle(id0,id1,dist): 131 141 2.266996196735732
list:
dist: 2.266996196735732 vs. 2.266996196735732
--------
nle(id0,id1,dist): 131 134 1.8779413523314794
list:
dist: 1.8779413523314794 vs. 1.8779413523314794
--------
nle(id0,id1,dist): 131 136 1.5482453309609603
list:
dist: 1.5482453309609603 vs. 1.5482453309609603
--------
nle(id0,id1,dist): 131 132 3.0059084545148185
list:
dist: 3.0059084545148185 vs. 3.0059084545148185
--------
nle(id0,id1,dist): 131 133 2.4011645031912057
list:
dist: 2.4011645031912057 vs. 2.4011645031912057
--------
nle(id0,id1,dist): 130 147 1.7417127431957382
list:
dist: 1.7417127431957382 vs. 1.7417127431957382
--------
nle(id0,id1,dist): 130 148 3.1490055928743366
list:
dist: 3.1490055928743366 vs. 3.1490055928743366
--------
nle(id0,id1,dist): 130 145 3.572385635595888
list:
dist: 3.572385635595888 vs. 3.572385635595888
--------
nle(id0,id1,dist): 130 144 2.899679749099368
list:
dist: 2.899679749099368 vs. 2.899679749099368
--------
nle(id0,id1,dist): 130 141 2.78152752252205
list:
dist: 2.78152752252205 vs. 2.78152752252205
--------
nle(id0,id1,dist): 130 142 2.4206723878084704
list:
dist: 2.4206723878084704 vs. 2.4206723878084704
--------
nle(id0,id1,dist): 130 139 2.840424831677756
list:
dist: 2.840424831677756 vs. 2.840424831677756
--------
nle(id0,id1,dist): 130 140 3.0545954769840464
list:
dist: 3.0545954769840464 vs. 3.0545954769840464
--------
nle(id0,id1,dist): 130 138 2.3216339426244046
list:
dist: 2.3216339426244046 vs. 2.3216339426244046
--------
nle(id0,id1,dist): 130 135 3.9486075415578785
list:
dist: 3.9486075415578785 vs. 3.9486075415578785
--------
nle(id0,id1,dist): 130 136 2.116305555657085
list:
dist: 2.116305555657085 vs. 2.116305555657085
--------
nle(id0,id1,dist): 130 132 2.6152400467949275
list:
dist: 2.6152400467949275 vs. 2.6152400467949275
--------
nle(id0,id1,dist): 130 131 1.1236379081529801
list:
dist: 1.1236379081529801 vs. 1.1236379081529801
--------
nle(id0,id1,dist): 130 134 1.4293765701545476
list:
dist: 1.4293765701545476 vs. 1.4293765701545476
--------
nle(id0,id1,dist): 130 133 1.7415606235847145
list:
dist: 1.7415606235847145 vs. 1.7415606235847145
--------
nle(id0,id1,dist): 129 147 2.042021534056402
list:
dist: 2.042021534056402 vs. 2.042021534056402
--------
nle(id0,id1,dist): 129 134 2.1344517799177396
list:
dist: 2.1344517799177396 vs. 2.1344517799177396
--------
nle(id0,id1,dist): 129 133 3.0922762211069963
list:
dist: 3.0922762211069963 vs. 3.0922762211069963
--------
nle(id0,id1,dist): 129 132 3.7764273171961427
list:
dist: 3.7764273171961427 vs. 3.7764273171961427
--------
nle(id0,id1,dist): 129 136 1.9424317406027771
list:
dist: 1.9424317406027771 vs. 1.9424317406027771
--------
nle(id0,id1,dist): 129 131 0.9126296231278539
list:
dist: 0.9126296231278539 vs. 0.9126296231278539
--------
nle(id0,id1,dist): 129 130 1.5574668208741256
list:
dist: 1.5574668208741256 vs. 1.5574668208741256
--------
nle(id0,id1,dist): 128 147 0.89706483617702
list:
dist: 0.89706483617702 vs. 0.89706483617702
--------
nle(id0,id1,dist): 128 148 2.680776628456843
list:
dist: 2.680776628456843 vs. 2.680776628456843
--------
nle(id0,id1,dist): 128 145 3.2514220951611383
list:
dist: 3.2514220951611383 vs. 3.2514220951611383
--------
nle(id0,id1,dist): 128 133 2.397583072802874
list:
dist: 2.397583072802874 vs. 2.397583072802874
--------
nle(id0,id1,dist): 128 134 2.3155957455839924
list:
dist: 2.3155957455839924 vs. 2.3155957455839924
--------
nle(id0,id1,dist): 128 136 1.1402318358202272
list:
dist: 1.1402318358202272 vs. 1.1402318358202272
--------
nle(id0,id1,dist): 128 129 1.1580110837460649
list:
dist: 1.1580110837460649 vs. 1.1580110837460649
--------
nle(id0,id1,dist): 128 130 1.4324359969296647
list:
dist: 1.4324359969296647 vs. 1.4324359969296647
--------
nle(id0,id1,dist): 128 131 0.4678473387060729
list:
dist: 0.4678473387060729 vs. 0.4678473387060729
--------
nle(id0,id1,dist): 128 132 3.1744313855519297
list:
dist: 3.1744313855519297 vs. 3.1744313855519297
--------
nle(id0,id1,dist): 128 141 1.828670389507575
list:
dist: 1.828670389507575 vs. 1.828670389507575
--------
nle(id0,id1,dist): 128 142 2.5183315602989276
list:
dist: 2.5183315602989276 vs. 2.5183315602989276
--------
nle(id0,id1,dist): 128 144 2.9575921284922693
list:
dist: 2.9575921284922693 vs. 2.9575921284922693
--------
nle(id0,id1,dist): 128 138 2.1828919731667273
list:
dist: 2.1828919731667273 vs. 2.1828919731667273
--------
nle(id0,id1,dist): 128 139 1.863095017580299
list:
dist: 1.863095017580299 vs. 1.863095017580299
--------
nle(id0,id1,dist): 128 140 3.2972139447163533
list:
dist: 3.2972139447163533 vs. 3.2972139447163533
--------
nle(id0,id1,dist): 127 140 3.0715703301344517
list:
dist: 3.0715703301344517 vs. 3.0715703301344517
--------
nle(id0,id1,dist): 127 141 1.824625998967182
list:
dist: 1.824625998967182 vs. 1.824625998967182
--------
nle(id0,id1,dist): 127 138 1.1795008722100442
list:
dist: 1.1795008722100442 vs. 1.1795008722100442
--------
nle(id0,id1,dist): 127 139 2.243268118406947
list:
dist: 2.243268118406947 vs. 2.243268118406947
--------
nle(id0,id1,dist): 127 136 1.2414684177740674
list:
dist: 1.2414684177740674 vs. 1.2414684177740674
--------
nle(id0,id1,dist): 127 148 1.6482443987460809
list:
dist: 1.6482443987460809 vs. 1.6482443987460809
--------
nle(id0,id1,dist): 127 147 1.9305979278749663
list:
dist: 1.9305979278749663 vs. 1.9305979278749663
--------
nle(id0,id1,dist): 127 144 2.087612008727217
list:
dist: 2.087612008727217 vs. 2.087612008727217
--------
nle(id0,id1,dist): 127 145 2.583013679220073
list:
dist: 2.583013679220073 vs. 2.583013679220073
--------
nle(id0,id1,dist): 127 142 2.4601259135697306
list:
dist: 2.4601259135697306 vs. 2.4601259135697306
--------
nle(id0,id1,dist): 127 133 2.0110350499292537
list:
dist: 2.0110350499292537 vs. 2.0110350499292537
--------
nle(id0,id1,dist): 127 131 2.1001647479639938
list:
dist: 2.1001647479639938 vs. 2.1001647479639938
--------
nle(id0,id1,dist): 127 130 2.0134360202168327
list:
dist: 2.0134360202168327 vs. 2.0134360202168327
--------
nle(id0,id1,dist): 127 129 2.3514797690948765
list:
dist: 2.3514797690948765 vs. 2.3514797690948765
--------
nle(id0,id1,dist): 127 128 1.910215820859891
list:
dist: 1.910215820859891 vs. 1.910215820859891
--------
nle(id0,id1,dist): 125 146 2.416725606783271
list:
dist: 2.416725606783271 vs. 2.416725606783271
--------
nle(id0,id1,dist): 125 147 2.2196726111781295
list:
dist: 2.2196726111781295 vs. 2.2196726111781295
--------
nle(id0,id1,dist): 125 144 0.1267926497692999
list:
dist: 0.1267926497692999 vs. 0.1267926497692999
--------
nle(id0,id1,dist): 125 145 1.025519622656394
list:
dist: 1.025519622656394 vs. 1.025519622656394
--------
nle(id0,id1,dist): 125 148 1.4097591335035993
list:
dist: 1.4097591335035993 vs. 1.4097591335035993
--------
nle(id0,id1,dist): 125 149 2.7423607689888096
list:
dist: 2.7423607689888096 vs. 2.7423607689888096
--------
nle(id0,id1,dist): 125 131 3.1155874495586247
list:
dist: 3.1155874495586247 vs. 3.1155874495586247
--------
nle(id0,id1,dist): 125 130 2.8356503330267695
list:
dist: 2.8356503330267695 vs. 2.8356503330267695
--------
nle(id0,id1,dist): 125 128 2.9071243418213593
list:
dist: 2.9071243418213593 vs. 2.9071243418213593
--------
nle(id0,id1,dist): 125 135 2.3983647372932855
list:
dist: 2.3983647372932855 vs. 2.3983647372932855
--------
nle(id0,id1,dist): 125 133 1.357025990717117
list:
dist: 1.357025990717117 vs. 1.357025990717117
--------
nle(id0,id1,dist): 125 132 3.3073966815752276
list:
dist: 3.3073966815752276 vs. 3.3073966815752276
--------
nle(id0,id1,dist): 125 139 2.1167253066499505
list:
dist: 2.1167253066499505 vs. 2.1167253066499505
--------
nle(id0,id1,dist): 125 138 0.9899884017902166
list:
dist: 0.9899884017902166 vs. 0.9899884017902166
--------
nle(id0,id1,dist): 125 137 1.4923681514270373
list:
dist: 1.4923681514270373 vs. 1.4923681514270373
--------
nle(id0,id1,dist): 125 136 2.4355232074814164
list:
dist: 2.4355232074814164 vs. 2.4355232074814164
--------
nle(id0,id1,dist): 125 143 1.8693663815325885
list:
dist: 1.8693663815325885 vs. 1.8693663815325885
--------
nle(id0,id1,dist): 125 142 1.0273667429407993
list:
dist: 1.0273667429407993 vs. 1.0273667429407993
--------
nle(id0,id1,dist): 125 141 2.0590768548454066
list:
dist: 2.0590768548454066 vs. 2.0590768548454066
--------
nle(id0,id1,dist): 125 140 1.2026363644322176
list:
dist: 1.2026363644322176 vs. 1.2026363644322176
2. Check the NeighborList query for coordinates against the neighbor list for consistency
list:
dist: 1.5359878880899374 vs. 1.5359878880899374
list:
dist: 2.7645837004959923 vs. 2.7645837004959923
list:
dist: 2.711733441735665 vs. 2.711733441735665
list:
dist: 2.294085414292475 vs. 2.294085414292475
list:
dist: 2.119081440411372 vs. 2.119081440411372
list:
dist: 3.124710868354847 vs. 3.124710868354847
list:
dist: 2.7925358481108367 vs. 2.7925358481108367
list:
dist: 2.0461811565338084 vs. 2.0461811565338084
list:
dist: 2.246393290326918 vs. 2.246393290326918
list:
dist: 2.7645837004959923 vs. 2.7645837004959923
list:
dist: 1.2601068388120593 vs. 1.2601068388120593
list:
dist: 1.3326812967671717 vs. 1.3326812967671717
list:
dist: 2.3108223678467015 vs. 2.3108223678467015
list:
dist: 2.795718050702405 vs. 2.795718050702405
list:
dist: 2.258948832459268 vs. 2.258948832459268
list:
dist: 2.488673363269547 vs. 2.488673363269547
list:
dist: 1.568465169835044 vs. 1.568465169835044
list:
dist: 2.004726883969456 vs. 2.004726883969456
list:
dist: 2.7581031479938085 vs. 2.7581031479938085
list:
dist: 2.444127526113292 vs. 2.444127526113292
list:
dist: 2.0364123558343885 vs. 2.0364123558343885
list:
dist: 3.21520417407239 vs. 3.21520417407239
list:
dist: 3.2669368358581012 vs. 3.2669368358581012
list:
dist: 2.2072007688263793 vs. 2.2072007688263793
list:
dist: 3.100282823527778 vs. 3.100282823527778
list:
dist: 2.0461811565338084 vs. 2.0461811565338084
list:
dist: 2.7221521884667093 vs. 2.7221521884667093
list:
dist: 1.568465169835044 vs. 1.568465169835044
list:
dist: 1.9393739312974034 vs. 1.9393739312974034
list:
dist: 1.0633512527003162 vs. 1.0633512527003162
list:
dist: 2.2877173863830613 vs. 2.2877173863830613
list:
dist: 2.56527648994269 vs. 2.56527648994269
list:
dist: 2.7241846755736208 vs. 2.7241846755736208
list:
dist: 2.0408242588870764 vs. 2.0408242588870764
list:
dist: 0.806615996789458 vs. 0.806615996789458
list:
dist: 1.494079912152566 vs. 1.494079912152566
list:
dist: 1.9770247014803366 vs. 1.9770247014803366
list:
dist: 1.8468619691644717 vs. 1.8468619691644717
list:
dist: 1.7996452216447927 vs. 1.7996452216447927
list:
dist: 2.2831946828500396 vs. 2.2831946828500396
list:
dist: 1.4455798515442129 vs. 1.4455798515442129
list:
dist: 2.320164478371357 vs. 2.320164478371357
list:
dist: 2.546118964119715 vs. 2.546118964119715
list:
dist: 2.622300385935561 vs. 2.622300385935561
list:
dist: 3.190139654604944 vs. 3.190139654604944
list:
dist: 3.100282823527778 vs. 3.100282823527778
list:
dist: 1.5359878880899374 vs. 1.5359878880899374
list:
dist: 2.246393290326918 vs. 2.246393290326918
list:
dist: 1.6269620158745834 vs. 1.6269620158745834
list:
dist: 1.9428784137588244 vs. 1.9428784137588244
list:
dist: 1.3613153573356314 vs. 1.3613153573356314
list:
dist: 2.444127526113292 vs. 2.444127526113292
list:
dist: 1.5703179529154094 vs. 1.5703179529154094
list:
dist: 1.6712682351695132 vs. 1.6712682351695132
list:
dist: 1.6267854408984175 vs. 1.6267854408984175
list:
dist: 2.7122854606263185 vs. 2.7122854606263185
list:
dist: 2.792422251517974 vs. 2.792422251517974
list:
dist: 2.455866343666486 vs. 2.455866343666486
list:
dist: 1.9770247014803366 vs. 1.9770247014803366
list:
dist: 1.3146898476696294 vs. 1.3146898476696294
list:
dist: 1.898335694417046 vs. 1.898335694417046
list:
dist: 0.6461301758813417 vs. 0.6461301758813417
list:
dist: 2.0971958124857175 vs. 2.0971958124857175
list:
dist: 1.0970873214079069 vs. 1.0970873214079069
list:
dist: 0.6227292748925172 vs. 0.6227292748925172
list:
dist: 2.819877647158312 vs. 2.819877647158312
list:
dist: 2.696441116332206 vs. 2.696441116332206
list:
dist: 2.5786925386267128 vs. 2.5786925386267128
list:
dist: 3.058276148983694 vs. 3.058276148983694
list:
dist: 2.7221521884667093 vs. 2.7221521884667093
list:
dist: 1.6269620158745834 vs. 1.6269620158745834
list:
dist: 2.711733441735665 vs. 2.711733441735665
list:
dist: 1.2601068388120593 vs. 1.2601068388120593
list:
dist: 1.2140944848457165 vs. 1.2140944848457165
list:
dist: 1.4285171806357913 vs. 1.4285171806357913
list:
dist: 2.944911441934748 vs. 2.944911441934748
list:
dist: 2.433940012589117 vs. 2.433940012589117
list:
dist: 2.7183654299111613 vs. 2.7183654299111613
list:
dist: 1.9393739312974034 vs. 1.9393739312974034
list:
dist: 1.8854554212878463 vs. 1.8854554212878463
list:
dist: 2.747368190676814 vs. 2.747368190676814
list:
dist: 1.5703179529154094 vs. 1.5703179529154094
list:
dist: 1.2588776556228545 vs. 1.2588776556228545
list:
dist: 3.0102254495074816 vs. 3.0102254495074816
list:
dist: 2.5785102347961537 vs. 2.5785102347961537
list:
dist: 1.5950780174988628 vs. 1.5950780174988628
list:
dist: 2.0364123558343885 vs. 2.0364123558343885
list:
dist: 1.2588776556228545 vs. 1.2588776556228545
list:
dist: 1.6349103051188216 vs. 1.6349103051188216
list:
dist: 1.882409318513542 vs. 1.882409318513542
list:
dist: 2.220053278933609 vs. 2.220053278933609
list:
dist: 2.1622729685856847 vs. 2.1622729685856847
list:
dist: 2.0125395513425235 vs. 2.0125395513425235
list:
dist: 1.8468619691644717 vs. 1.8468619691644717
list:
dist: 1.313628934296721 vs. 1.313628934296721
list:
dist: 1.866358034695691 vs. 1.866358034695691
list:
dist: 0.6461301758813417 vs. 0.6461301758813417
list:
dist: 2.470442611198559 vs. 2.470442611198559
list:
dist: 1.6473813076868946 vs. 1.6473813076868946
list:
dist: 0.9380692222268963 vs. 0.9380692222268963
list:
dist: 2.6094138413479593 vs. 2.6094138413479593
list:
dist: 2.7674818135044035 vs. 2.7674818135044035
list:
dist: 2.560849528163643 vs. 2.560849528163643
list:
dist: 3.300887437359598 vs. 3.300887437359598
list:
dist: 1.9428784137588244 vs. 1.9428784137588244
list:
dist: 2.294085414292475 vs. 2.294085414292475
list:
dist: 1.3326812967671717 vs. 1.3326812967671717
list:
dist: 1.2140944848457165 vs. 1.2140944848457165
list:
dist: 1.3082246351355964 vs. 1.3082246351355964
list:
dist: 2.9735462857160675 vs. 2.9735462857160675
list:
dist: 2.266398162170308 vs. 2.266398162170308
list:
dist: 2.7236403394305846 vs. 2.7236403394305846
list:
dist: 1.0633512527003162 vs. 1.0633512527003162
list:
dist: 1.249280046486875 vs. 1.249280046486875
list:
dist: 2.2428765640514974 vs. 2.2428765640514974
list:
dist: 1.6712682351695132 vs. 1.6712682351695132
list:
dist: 1.6349103051188216 vs. 1.6349103051188216
list:
dist: 2.0744290881466534 vs. 2.0744290881466534
list:
dist: 2.2426188384500363 vs. 2.2426188384500363
list:
dist: 1.239328827917837 vs. 1.239328827917837
list:
dist: 3.5346490780371433 vs. 3.5346490780371433
list:
dist: 3.276289245285075 vs. 3.276289245285075
list:
dist: 2.774231917633658 vs. 2.774231917633658
list:
dist: 2.488673363269547 vs. 2.488673363269547
list:
dist: 2.7183654299111613 vs. 2.7183654299111613
list:
dist: 2.7236403394305846 vs. 2.7236403394305846
list:
dist: 3.6471670287532847 vs. 3.6471670287532847
list:
dist: 0.5736732970112767 vs. 0.5736732970112767
list:
dist: 1.4225806635754785 vs. 1.4225806635754785
list:
dist: 2.0408242588870764 vs. 2.0408242588870764
list:
dist: 1.875955643410783 vs. 1.875955643410783
list:
dist: 1.499427421410338 vs. 1.499427421410338
list:
dist: 2.455866343666486 vs. 2.455866343666486
list:
dist: 2.0125395513425235 vs. 2.0125395513425235
list:
dist: 3.0951747476968325 vs. 3.0951747476968325
list:
dist: 2.85337538358031 vs. 2.85337538358031
list:
dist: 2.368003636641016 vs. 2.368003636641016
list:
dist: 1.1435040915046397 vs. 1.1435040915046397
list:
dist: 2.1369784812271853 vs. 2.1369784812271853
list:
dist: 1.794115368587813 vs. 1.794115368587813
list:
dist: 3.04797708586746 vs. 3.04797708586746
list:
dist: 1.4803235050182075 vs. 1.4803235050182075
list:
dist: 2.5525915872329312 vs. 2.5525915872329312
list:
dist: 1.1435040915046397 vs. 1.1435040915046397
list:
dist: 2.320164478371357 vs. 2.320164478371357
list:
dist: 2.051458974136838 vs. 2.051458974136838
list:
dist: 1.1608623489540042 vs. 1.1608623489540042
list:
dist: 2.819877647158312 vs. 2.819877647158312
list:
dist: 2.6094138413479593 vs. 2.6094138413479593
list:
dist: 2.777815932949404 vs. 2.777815932949404
list:
dist: 2.765878660021006 vs. 2.765878660021006
list:
dist: 2.631918307326144 vs. 2.631918307326144
list:
dist: 1.1992950750340938 vs. 1.1992950750340938
list:
dist: 0.9499410010298442 vs. 0.9499410010298442
list:
dist: 2.138858108904738 vs. 2.138858108904738
list:
dist: 2.258948832459268 vs. 2.258948832459268
list:
dist: 2.433940012589117 vs. 2.433940012589117
list:
dist: 1.1730747533875678 vs. 1.1730747533875678
list:
dist: 1.4225806635754785 vs. 1.4225806635754785
list:
dist: 2.7241846755736208 vs. 2.7241846755736208
list:
dist: 2.665960387473768 vs. 2.665960387473768
list:
dist: 2.7219775903063566 vs. 2.7219775903063566
list:
dist: 2.792422251517974 vs. 2.792422251517974
list:
dist: 2.1622729685856847 vs. 2.1622729685856847
list:
dist: 2.5525915872329312 vs. 2.5525915872329312
list:
dist: 3.483364586474933 vs. 3.483364586474933
list:
dist: 3.089783532388744 vs. 3.089783532388744
list:
dist: 2.2072007688263793 vs. 2.2072007688263793
list:
dist: 1.5950780174988628 vs. 1.5950780174988628
list:
dist: 1.239328827917837 vs. 1.239328827917837
list:
dist: 1.5288724455993266 vs. 1.5288724455993266
list:
dist: 3.165420348605832 vs. 3.165420348605832
list:
dist: 2.3255663775765107 vs. 2.3255663775765107
list:
dist: 2.368003636641016 vs. 2.368003636641016
list:
dist: 1.4455798515442129 vs. 1.4455798515442129
list:
dist: 0.8009305649007442 vs. 0.8009305649007442
list:
dist: 1.579333892983339 vs. 1.579333892983339
list:
dist: 0.6227292748925172 vs. 0.6227292748925172
list:
dist: 0.9380692222268963 vs. 0.9380692222268963
list:
dist: 1.5834918224096077 vs. 1.5834918224096077
list:
dist: 1.0673716685084216 vs. 1.0673716685084216
list:
dist: 3.161113944798355 vs. 3.161113944798355
list:
dist: 2.8348827381670967 vs. 2.8348827381670967
list:
dist: 2.3733220207067354 vs. 2.3733220207067354
list:
dist: 2.631918307326144 vs. 2.631918307326144
list:
dist: 2.479453248085851 vs. 2.479453248085851
list:
dist: 2.467282515069133 vs. 2.467282515069133
list:
dist: 2.8722506856466357 vs. 2.8722506856466357
list:
dist: 3.3667251383799677 vs. 3.3667251383799677
list:
dist: 2.004726883969456 vs. 2.004726883969456
list:
dist: 1.8854554212878463 vs. 1.8854554212878463
list:
dist: 1.249280046486875 vs. 1.249280046486875
list:
dist: 2.1045919386282104 vs. 2.1045919386282104
list:
dist: 2.357320348835417 vs. 2.357320348835417
list:
dist: 2.665960387473768 vs. 2.665960387473768
list:
dist: 1.875955643410783 vs. 1.875955643410783
list:
dist: 0.806615996789458 vs. 0.806615996789458
list:
dist: 1.0067684476498262 vs. 1.0067684476498262
list:
dist: 1.3146898476696294 vs. 1.3146898476696294
list:
dist: 1.313628934296721 vs. 1.313628934296721
list:
dist: 1.4410386873548553 vs. 1.4410386873548553
list:
dist: 1.5217384989026874 vs. 1.5217384989026874
list:
dist: 0.8009305649007442 vs. 0.8009305649007442
list:
dist: 2.051458974136838 vs. 2.051458974136838
list:
dist: 2.0586838581041795 vs. 2.0586838581041795
list:
dist: 2.093744975997015 vs. 2.093744975997015
list:
dist: 2.6305463134012808 vs. 2.6305463134012808
list:
dist: 1.3613153573356314 vs. 1.3613153573356314
list:
dist: 2.119081440411372 vs. 2.119081440411372
list:
dist: 2.3108223678467015 vs. 2.3108223678467015
list:
dist: 1.4285171806357913 vs. 1.4285171806357913
list:
dist: 1.3082246351355964 vs. 1.3082246351355964
list:
dist: 2.98513331390938 vs. 2.98513331390938
list:
dist: 2.1566817196769414 vs. 2.1566817196769414
list:
dist: 3.6471670287532847 vs. 3.6471670287532847
list:
dist: 2.2877173863830613 vs. 2.2877173863830613
list:
dist: 2.1045919386282104 vs. 2.1045919386282104
list:
dist: 3.0558179926094957 vs. 3.0558179926094957
list:
dist: 1.6267854408984175 vs. 1.6267854408984175
list:
dist: 1.882409318513542 vs. 1.882409318513542
list:
dist: 2.5026841632993997 vs. 2.5026841632993997
list:
dist: 2.1969063427020226 vs. 2.1969063427020226
list:
dist: 1.5288724455993266 vs. 1.5288724455993266
list:
dist: 3.6999972296462764 vs. 3.6999972296462764
list:
dist: 3.7724110672749975 vs. 3.7724110672749975
list:
dist: 2.6091090596628317 vs. 2.6091090596628317
list:
dist: 2.4871730606876676 vs. 2.4871730606876676
list:
dist: 3.483364586474933 vs. 3.483364586474933
list:
dist: 2.1369784812271853 vs. 2.1369784812271853
list:
dist: 2.546118964119715 vs. 2.546118964119715
list:
dist: 2.0586838581041795 vs. 2.0586838581041795
list:
dist: 1.1066892070967747 vs. 1.1066892070967747
list:
dist: 2.696441116332206 vs. 2.696441116332206
list:
dist: 2.7674818135044035 vs. 2.7674818135044035
list:
dist: 2.1357693683714647 vs. 2.1357693683714647
list:
dist: 2.1790147544570004 vs. 2.1790147544570004
list:
dist: 2.479453248085851 vs. 2.479453248085851
list:
dist: 1.1992950750340938 vs. 1.1992950750340938
list:
dist: 0.5590946673805335 vs. 0.5590946673805335
list:
dist: 0.9491856455598137 vs. 0.9491856455598137
list:
dist: 3.124710868354847 vs. 3.124710868354847
list:
dist: 2.9735462857160675 vs. 2.9735462857160675
list:
dist: 2.98513331390938 vs. 2.98513331390938
list:
dist: 0.9056411043170364 vs. 0.9056411043170364
list:
dist: 2.1520786527888354 vs. 2.1520786527888354
list:
dist: 3.2169461506836723 vs. 3.2169461506836723
list:
dist: 3.165420348605832 vs. 3.165420348605832
list:
dist: 1.7407873153003033 vs. 1.7407873153003033
list:
dist: 2.4318151042107 vs. 2.4318151042107
list:
dist: 1.4485733621409858 vs. 1.4485733621409858
list:
dist: 3.2669368358581012 vs. 3.2669368358581012
list:
dist: 2.5785102347961537 vs. 2.5785102347961537
list:
dist: 2.2426188384500363 vs. 2.2426188384500363
list:
dist: 2.1969063427020226 vs. 2.1969063427020226
list:
dist: 3.2169461506836723 vs. 3.2169461506836723
list:
dist: 2.4059681126751875 vs. 2.4059681126751875
list:
dist: 2.85337538358031 vs. 2.85337538358031
list:
dist: 2.2831946828500396 vs. 2.2831946828500396
list:
dist: 1.5217384989026874 vs. 1.5217384989026874
list:
dist: 1.7467223889825938 vs. 1.7467223889825938
list:
dist: 1.0970873214079069 vs. 1.0970873214079069
list:
dist: 1.6473813076868946 vs. 1.6473813076868946
list:
dist: 1.4670132544154142 vs. 1.4670132544154142
list:
dist: 1.0673716685084216 vs. 1.0673716685084216
list:
dist: 2.7407211552345596 vs. 2.7407211552345596
list:
dist: 2.49102142836621 vs. 2.49102142836621
list:
dist: 2.016156942593151 vs. 2.016156942593151
list:
dist: 2.765878660021006 vs. 2.765878660021006
list:
dist: 2.1790147544570004 vs. 2.1790147544570004
list:
dist: 2.2305597233428074 vs. 2.2305597233428074
list:
dist: 2.2332691663843005 vs. 2.2332691663843005
list:
dist: 2.8291496635928537 vs. 2.8291496635928537
list:
dist: 3.21520417407239 vs. 3.21520417407239
list:
dist: 3.0102254495074816 vs. 3.0102254495074816
list:
dist: 2.0744290881466534 vs. 2.0744290881466534
list:
dist: 2.5026841632993997 vs. 2.5026841632993997
list:
dist: 2.1520786527888354 vs. 2.1520786527888354
list:
dist: 1.5873512290113516 vs. 1.5873512290113516
list:
dist: 3.0951747476968325 vs. 3.0951747476968325
list:
dist: 1.7996452216447927 vs. 1.7996452216447927
list:
dist: 1.4410386873548553 vs. 1.4410386873548553
list:
dist: 1.6834002888351773 vs. 1.6834002888351773
list:
dist: 2.0971958124857175 vs. 2.0971958124857175
list:
dist: 2.470442611198559 vs. 2.470442611198559
list:
dist: 1.4670132544154142 vs. 1.4670132544154142
list:
dist: 1.5834918224096077 vs. 1.5834918224096077
list:
dist: 1.6633458918142703 vs. 1.6633458918142703
list:
dist: 1.2986189506706352 vs. 1.2986189506706352
list:
dist: 1.3563136361957449 vs. 1.3563136361957449
list:
dist: 2.777815932949404 vs. 2.777815932949404
list:
dist: 2.1357693683714647 vs. 2.1357693683714647
list:
dist: 2.4739485398148977 vs. 2.4739485398148977
list:
dist: 2.200797088112813 vs. 2.200797088112813
list:
dist: 1.9957563716101032 vs. 1.9957563716101032
list:
dist: 3.04797708586746 vs. 3.04797708586746
list:
dist: 3.190139654604944 vs. 3.190139654604944
list:
dist: 2.6305463134012808 vs. 2.6305463134012808
list:
dist: 1.8611350567775509 vs. 1.8611350567775509
list:
dist: 3.058276148983694 vs. 3.058276148983694
list:
dist: 3.300887437359598 vs. 3.300887437359598
list:
dist: 2.200797088112813 vs. 2.200797088112813
list:
dist: 2.2332691663843005 vs. 2.2332691663843005
list:
dist: 2.8722506856466357 vs. 2.8722506856466357
list:
dist: 2.8078875315360423 vs. 2.8078875315360423
list:
dist: 1.9778803994879919 vs. 1.9778803994879919
list:
dist: 3.063627394383339 vs. 3.063627394383339
list:
dist: 2.138858108904738 vs. 2.138858108904738
list:
dist: 0.9491856455598137 vs. 0.9491856455598137
list:
dist: 1.336187523081864 vs. 1.336187523081864
list:
dist: 1.5372934437681296 vs. 1.5372934437681296
list:
dist: 2.795718050702405 vs. 2.795718050702405
list:
dist: 2.944911441934748 vs. 2.944911441934748
list:
dist: 1.1730747533875678 vs. 1.1730747533875678
list:
dist: 0.5736732970112767 vs. 0.5736732970112767
list:
dist: 2.56527648994269 vs. 2.56527648994269
list:
dist: 2.357320348835417 vs. 2.357320348835417
list:
dist: 1.9841049311272154 vs. 1.9841049311272154
list:
dist: 2.7122854606263185 vs. 2.7122854606263185
list:
dist: 2.220053278933609 vs. 2.220053278933609
list:
dist: 1.4803235050182075 vs. 1.4803235050182075
list:
dist: 2.4871730606876676 vs. 2.4871730606876676
list:
dist: 2.0535158008162746 vs. 2.0535158008162746
list:
dist: 2.0535158008162746 vs. 2.0535158008162746
list:
dist: 3.089783532388744 vs. 3.089783532388744
list:
dist: 1.794115368587813 vs. 1.794115368587813
list:
dist: 2.622300385935561 vs. 2.622300385935561
list:
dist: 2.093744975997015 vs. 2.093744975997015
list:
dist: 1.1385040461311966 vs. 1.1385040461311966
list:
dist: 2.5786925386267128 vs. 2.5786925386267128
list:
dist: 2.560849528163643 vs. 2.560849528163643
list:
dist: 2.4739485398148977 vs. 2.4739485398148977
list:
dist: 2.2305597233428074 vs. 2.2305597233428074
list:
dist: 2.467282515069133 vs. 2.467282515069133
list:
dist: 0.9499410010298442 vs. 0.9499410010298442
list:
dist: 0.5590946673805335 vs. 0.5590946673805335
list:
dist: 1.336187523081864 vs. 1.336187523081864
list:
dist: 2.774231917633658 vs. 2.774231917633658
list:
dist: 2.6091090596628317 vs. 2.6091090596628317
list:
dist: 1.4485733621409858 vs. 1.4485733621409858
list:
dist: 0.9695596590501449 vs. 0.9695596590501449
list:
dist: 1.3563136361957449 vs. 1.3563136361957449
list:
dist: 2.016156942593151 vs. 2.016156942593151
list:
dist: 2.3733220207067354 vs. 2.3733220207067354
list:
dist: 1.2319076980237358 vs. 1.2319076980237358
list:
dist: 1.854275004056776 vs. 1.854275004056776
list:
dist: 3.063627394383339 vs. 3.063627394383339
list:
dist: 2.516134151786971 vs. 2.516134151786971
list:
dist: 2.7581031479938085 vs. 2.7581031479938085
list:
dist: 2.747368190676814 vs. 2.747368190676814
list:
dist: 2.2428765640514974 vs. 2.2428765640514974
list:
dist: 3.0558179926094957 vs. 3.0558179926094957
list:
dist: 1.9841049311272154 vs. 1.9841049311272154
list:
dist: 2.7219775903063566 vs. 2.7219775903063566
list:
dist: 1.499427421410338 vs. 1.499427421410338
list:
dist: 1.494079912152566 vs. 1.494079912152566
list:
dist: 1.0067684476498262 vs. 1.0067684476498262
list:
dist: 1.898335694417046 vs. 1.898335694417046
list:
dist: 1.866358034695691 vs. 1.866358034695691
list:
dist: 1.6834002888351773 vs. 1.6834002888351773
list:
dist: 1.7467223889825938 vs. 1.7467223889825938
list:
dist: 1.579333892983339 vs. 1.579333892983339
list:
dist: 1.1608623489540042 vs. 1.1608623489540042
list:
dist: 1.1066892070967747 vs. 1.1066892070967747
list:
dist: 1.1385040461311966 vs. 1.1385040461311966
list:
dist: 1.8611350567775509 vs. 1.8611350567775509
list:
dist: 3.276289245285075 vs. 3.276289245285075
list:
dist: 3.7724110672749975 vs. 3.7724110672749975
list:
dist: 2.4318151042107 vs. 2.4318151042107
list:
dist: 2.3177333057578795 vs. 2.3177333057578795
list:
dist: 1.2986189506706352 vs. 1.2986189506706352
list:
dist: 2.49102142836621 vs. 2.49102142836621
list:
dist: 2.8348827381670967 vs. 2.8348827381670967
list:
dist: 1.1201051338701529 vs. 1.1201051338701529
list:
dist: 1.854275004056776 vs. 1.854275004056776
list:
dist: 1.9778803994879919 vs. 1.9778803994879919
list:
dist: 0.9060689037305213 vs. 0.9060689037305213
list:
dist: 2.7925358481108367 vs. 2.7925358481108367
list:
dist: 2.266398162170308 vs. 2.266398162170308
list:
dist: 2.1566817196769414 vs. 2.1566817196769414
list:
dist: 0.9056411043170364 vs. 0.9056411043170364
list:
dist: 1.5873512290113516 vs. 1.5873512290113516
list:
dist: 2.4059681126751875 vs. 2.4059681126751875
list:
dist: 2.3255663775765107 vs. 2.3255663775765107
list:
dist: 1.823627311250077 vs. 1.823627311250077
list:
dist: 2.3177333057578795 vs. 2.3177333057578795
list:
dist: 0.9695596590501449 vs. 0.9695596590501449
list:
dist: 1.9957563716101032 vs. 1.9957563716101032
list:
dist: 2.8291496635928537 vs. 2.8291496635928537
list:
dist: 3.3667251383799677 vs. 3.3667251383799677
list:
dist: 1.693113296190099 vs. 1.693113296190099
list:
dist: 0.9060689037305213 vs. 0.9060689037305213
list:
dist: 2.516134151786971 vs. 2.516134151786971
list:
dist: 1.5372934437681296 vs. 1.5372934437681296
list:
dist: 3.5346490780371433 vs. 3.5346490780371433
list:
dist: 3.6999972296462764 vs. 3.6999972296462764
list:
dist: 1.7407873153003033 vs. 1.7407873153003033
list:
dist: 1.823627311250077 vs. 1.823627311250077
list:
dist: 1.6633458918142703 vs. 1.6633458918142703
list:
dist: 2.7407211552345596 vs. 2.7407211552345596
list:
dist: 3.161113944798355 vs. 3.161113944798355
list:
dist: 1.1201051338701529 vs. 1.1201051338701529
list:
dist: 1.2319076980237358 vs. 1.2319076980237358
list:
dist: 2.8078875315360423 vs. 2.8078875315360423
list:
dist: 1.693113296190099 vs. 1.693113296190099
list:
dist: 2.029718393476575 vs. 2.029718393476575
list:
dist: 1.1591698862804931 vs. 1.1591698862804931
list:
dist: 0.7327897129005941 vs. 0.7327897129005941
list:
dist: 1.6261974946613087 vs. 1.6261974946613087
list:
dist: 2.0523342201367436 vs. 2.0523342201367436
list:
dist: 2.5919685673821204 vs. 2.5919685673821204
list:
dist: 1.8742560397406383 vs. 1.8742560397406383
list:
dist: 1.5736211425724977 vs. 1.5736211425724977
list:
dist: 2.5432917672609996 vs. 2.5432917672609996
list:
dist: 3.3823918853222086 vs. 3.3823918853222086
list:
dist: 4.140403501522859 vs. 4.140403501522859
list:
dist: 2.194904758648314 vs. 2.194904758648314
list:
dist: 2.0523342201367436 vs. 2.0523342201367436
list:
dist: 0.9730765301426849 vs. 0.9730765301426849
list:
dist: 2.0830763732618185 vs. 2.0830763732618185
list:
dist: 1.0056868198013422 vs. 1.0056868198013422
list:
dist: 2.088564745341075 vs. 2.088564745341075
list:
dist: 3.1003170873867267 vs. 3.1003170873867267
list:
dist: 2.6655838890058354 vs. 2.6655838890058354
list:
dist: 4.370517683907 vs. 4.370517683907
list:
dist: 3.155012553243773 vs. 3.155012553243773
list:
dist: 4.183820113152921 vs. 4.183820113152921
list:
dist: 2.6461323692195644 vs. 2.6461323692195644
list:
dist: 4.308810069338547 vs. 4.308810069338547
list:
dist: 4.273547427770746 vs. 4.273547427770746
list:
dist: 2.3104351649888573 vs. 2.3104351649888573
list:
dist: 1.1591698862804931 vs. 1.1591698862804931
list:
dist: 1.11715516371009 vs. 1.11715516371009
list:
dist: 0.7558255196293848 vs. 0.7558255196293848
list:
dist: 0.9730765301426849 vs. 0.9730765301426849
list:
dist: 2.217277806728873 vs. 2.217277806728873
list:
dist: 2.3785168126115157 vs. 2.3785168126115157
list:
dist: 1.9283919719964988 vs. 1.9283919719964988
list:
dist: 3.561650369050361 vs. 3.561650369050361
list:
dist: 3.0161150843239484 vs. 3.0161150843239484
list:
dist: 4.020185052322901 vs. 4.020185052322901
list:
dist: 2.1912294531298357 vs. 2.1912294531298357
list:
dist: 3.3823918853222086 vs. 3.3823918853222086
list:
dist: 3.0161150843239484 vs. 3.0161150843239484
list:
dist: 3.0643100946461637 vs. 3.0643100946461637
list:
dist: 2.316139257602064 vs. 2.316139257602064
list:
dist: 3.155012553243773 vs. 3.155012553243773
list:
dist: 2.059330837112019 vs. 2.059330837112019
list:
dist: 2.2541435407911368 vs. 2.2541435407911368
list:
dist: 2.1265946150604025 vs. 2.1265946150604025
list:
dist: 1.3308178610508288 vs. 1.3308178610508288
list:
dist: 1.3385689171773003 vs. 1.3385689171773003
list:
dist: 2.3836159570722604 vs. 2.3836159570722604
list:
dist: 1.852615814345849 vs. 1.852615814345849
list:
dist: 3.6660655254992984 vs. 3.6660655254992984
list:
dist: 2.398888041592814 vs. 2.398888041592814
list:
dist: 2.990834976264601 vs. 2.990834976264601
list:
dist: 2.687699402766588 vs. 2.687699402766588
list:
dist: 3.87646851182116 vs. 3.87646851182116
list:
dist: 2.463898728504512 vs. 2.463898728504512
list:
dist: 3.458578131295647 vs. 3.458578131295647
list:
dist: 2.5919685673821204 vs. 2.5919685673821204
list:
dist: 2.217277806728873 vs. 2.217277806728873
list:
dist: 2.7300560677848527 vs. 2.7300560677848527
list:
dist: 1.675359340703299 vs. 1.675359340703299
list:
dist: 2.088564745341075 vs. 2.088564745341075
list:
dist: 2.3765587106718296 vs. 2.3765587106718296
list:
dist: 2.212712420408246 vs. 2.212712420408246
list:
dist: 3.693452232560632 vs. 3.693452232560632
list:
dist: 2.059330837112019 vs. 2.059330837112019
list:
dist: 2.512416505602547 vs. 2.512416505602547
list:
dist: 1.654611592581685 vs. 1.654611592581685
list:
dist: 2.30979174896255 vs. 2.30979174896255
list:
dist: 2.3697616608902328 vs. 2.3697616608902328
list:
dist: 1.6261974946613087 vs. 1.6261974946613087
list:
dist: 0.7558255196293848 vs. 0.7558255196293848
list:
dist: 1.4643579891894993 vs. 1.4643579891894993
list:
dist: 1.0056868198013422 vs. 1.0056868198013422
list:
dist: 1.675359340703299 vs. 1.675359340703299
list:
dist: 2.1739520528692164 vs. 2.1739520528692164
list:
dist: 1.7220764766749737 vs. 1.7220764766749737
list:
dist: 3.6526808094991754 vs. 3.6526808094991754
list:
dist: 2.316139257602064 vs. 2.316139257602064
list:
dist: 3.3631641163617214 vs. 3.3631641163617214
list:
dist: 1.6873750244251673 vs. 1.6873750244251673
list:
dist: 3.7700633871970584 vs. 3.7700633871970584
list:
dist: 3.516233707163498 vs. 3.516233707163498
list:
dist: 2.7257962464717407 vs. 2.7257962464717407
list:
dist: 1.5736211425724977 vs. 1.5736211425724977
list:
dist: 1.9283919719964988 vs. 1.9283919719964988
list:
dist: 1.3296783167769406 vs. 1.3296783167769406
list:
dist: 1.7220764766749737 vs. 1.7220764766749737
list:
dist: 2.6655838890058354 vs. 2.6655838890058354
list:
dist: 2.212712420408246 vs. 2.212712420408246
list:
dist: 0.5028822609001238 vs. 0.5028822609001238
list:
dist: 2.2074927644791766 vs. 2.2074927644791766
list:
dist: 2.1265946150604025 vs. 2.1265946150604025
list:
dist: 2.7628569337635076 vs. 2.7628569337635076
list:
dist: 0.8787570529315623 vs. 0.8787570529315623
list:
dist: 4.973782435344043 vs. 4.973782435344043
list:
dist: 2.319628316035222 vs. 2.319628316035222
list:
dist: 2.5507450609268005 vs. 2.5507450609268005
list:
dist: 2.426088996692901 vs. 2.426088996692901
list:
dist: 2.9807363116607455 vs. 2.9807363116607455
list:
dist: 2.7557864094629854 vs. 2.7557864094629854
list:
dist: 3.415432247702178 vs. 3.415432247702178
list:
dist: 2.3657205980170084 vs. 2.3657205980170084
list:
dist: 3.66524549972136 vs. 3.66524549972136
list:
dist: 3.2900120050889385 vs. 3.2900120050889385
list:
dist: 1.6087027149786886 vs. 1.6087027149786886
list:
dist: 0.7327897129005941 vs. 0.7327897129005941
list:
dist: 1.11715516371009 vs. 1.11715516371009
list:
dist: 1.4643579891894993 vs. 1.4643579891894993
list:
dist: 2.0830763732618185 vs. 2.0830763732618185
list:
dist: 2.7300560677848527 vs. 2.7300560677848527
list:
dist: 1.738067142976931 vs. 1.738067142976931
list:
dist: 1.3296783167769406 vs. 1.3296783167769406
list:
dist: 2.7615726265436598 vs. 2.7615726265436598
list:
dist: 3.0643100946461637 vs. 3.0643100946461637
list:
dist: 3.963394577262477 vs. 3.963394577262477
list:
dist: 1.9971720294435504 vs. 1.9971720294435504
list:
dist: 2.194904758648314 vs. 2.194904758648314
list:
dist: 2.1912294531298357 vs. 2.1912294531298357
list:
dist: 1.9971720294435504 vs. 1.9971720294435504
list:
dist: 1.6873750244251673 vs. 1.6873750244251673
list:
dist: 2.6461323692195644 vs. 2.6461323692195644
list:
dist: 1.654611592581685 vs. 1.654611592581685
list:
dist: 1.0071370261895285 vs. 1.0071370261895285
list:
dist: 0.8787570529315623 vs. 0.8787570529315623
list:
dist: 2.7794032288933392 vs. 2.7794032288933392
list:
dist: 1.3385689171773003 vs. 1.3385689171773003
list:
dist: 1.9724862399687613 vs. 1.9724862399687613
list:
dist: 2.825750190264278 vs. 2.825750190264278
list:
dist: 2.146036705133944 vs. 2.146036705133944
list:
dist: 2.766430107404188 vs. 2.766430107404188
list:
dist: 3.1812153891460175 vs. 3.1812153891460175
list:
dist: 2.1763517033045643 vs. 2.1763517033045643
list:
dist: 2.5558377955428284 vs. 2.5558377955428284
list:
dist: 2.3985712399890797 vs. 2.3985712399890797
list:
dist: 3.315129413238641 vs. 3.315129413238641
list:
dist: 2.0458229491403612 vs. 2.0458229491403612
list:
dist: 3.254903444761527 vs. 3.254903444761527
list:
dist: 3.3608623879923933 vs. 3.3608623879923933
list:
dist: 2.202733130757647 vs. 2.202733130757647
list:
dist: 2.5507450609268005 vs. 2.5507450609268005
list:
dist: 0.5176737381925637 vs. 0.5176737381925637
list:
dist: 2.4674084387618445 vs. 2.4674084387618445
list:
dist: 3.1812153891460175 vs. 3.1812153891460175
list:
dist: 2.6453727144497776 vs. 2.6453727144497776
list:
dist: 1.5457050064500568 vs. 1.5457050064500568
list:
dist: 3.4328038164769397 vs. 3.4328038164769397
list:
dist: 3.2335353261942466 vs. 3.2335353261942466
list:
dist: 2.8586725278808083 vs. 2.8586725278808083
list:
dist: 2.9628169171976833 vs. 2.9628169171976833
list:
dist: 3.8503272699224405 vs. 3.8503272699224405
list:
dist: 2.2331846524516177 vs. 2.2331846524516177
list:
dist: 3.0314151525982074 vs. 3.0314151525982074
list:
dist: 3.0473479045545453 vs. 3.0473479045545453
list:
dist: 4.173001620321 vs. 4.173001620321
list:
dist: 2.029718393476575 vs. 2.029718393476575
list:
dist: 2.3104351649888573 vs. 2.3104351649888573
list:
dist: 1.6087027149786886 vs. 1.6087027149786886
list:
dist: 3.0640174187590516 vs. 3.0640174187590516
list:
dist: 2.7257962464717407 vs. 2.7257962464717407
list:
dist: 3.6638629532365963 vs. 3.6638629532365963
list:
dist: 4.653895055608807 vs. 4.653895055608807
list:
dist: 4.973782435344043 vs. 4.973782435344043
list:
dist: 3.1527656041910714 vs. 3.1527656041910714
list:
dist: 4.452035519697429 vs. 4.452035519697429
list:
dist: 3.146511651169114 vs. 3.146511651169114
list:
dist: 2.6453727144497776 vs. 2.6453727144497776
list:
dist: 3.573508477194257 vs. 3.573508477194257
list:
dist: 4.136569054104249 vs. 4.136569054104249
list:
dist: 2.2017780604616606 vs. 2.2017780604616606
list:
dist: 4.452035519697429 vs. 4.452035519697429
list:
dist: 2.4674084387618445 vs. 2.4674084387618445
list:
dist: 2.603814526268124 vs. 2.603814526268124
list:
dist: 4.140403501522859 vs. 4.140403501522859
list:
dist: 4.020185052322901 vs. 4.020185052322901
list:
dist: 3.963394577262477 vs. 3.963394577262477
list:
dist: 3.3631641163617214 vs. 3.3631641163617214
list:
dist: 4.183820113152921 vs. 4.183820113152921
list:
dist: 2.512416505602547 vs. 2.512416505602547
list:
dist: 2.643006429383356 vs. 2.643006429383356
list:
dist: 2.7628569337635076 vs. 2.7628569337635076
list:
dist: 1.3308178610508288 vs. 1.3308178610508288
list:
dist: 1.9724862399687613 vs. 1.9724862399687613
list:
dist: 1.6095783430134112 vs. 1.6095783430134112
list:
dist: 0.7325100177171109 vs. 0.7325100177171109
list:
dist: 3.613155855110743 vs. 3.613155855110743
list:
dist: 1.8700465838193239 vs. 1.8700465838193239
list:
dist: 2.114067904696899 vs. 2.114067904696899
list:
dist: 1.8010987586732783 vs. 1.8010987586732783
list:
dist: 3.048514471418172 vs. 3.048514471418172
list:
dist: 1.7553953385430685 vs. 1.7553953385430685
list:
dist: 2.331359267637164 vs. 2.331359267637164
list:
dist: 3.7700633871970584 vs. 3.7700633871970584
list:
dist: 4.308810069338547 vs. 4.308810069338547
list:
dist: 2.30979174896255 vs. 2.30979174896255
list:
dist: 2.3836159570722604 vs. 2.3836159570722604
list:
dist: 1.6095783430134112 vs. 1.6095783430134112
list:
dist: 2.825750190264278 vs. 2.825750190264278
list:
dist: 1.1607996304399646 vs. 1.1607996304399646
list:
dist: 3.2145527877190894 vs. 3.2145527877190894
list:
dist: 2.1693538129289123 vs. 2.1693538129289123
list:
dist: 2.702738952039923 vs. 2.702738952039923
list:
dist: 3.7035348311380303 vs. 3.7035348311380303
list:
dist: 2.724678032252255 vs. 2.724678032252255
list:
dist: 2.6736501548732226 vs. 2.6736501548732226
list:
dist: 3.9864038720461914 vs. 3.9864038720461914
list:
dist: 2.821692801817349 vs. 2.821692801817349
list:
dist: 3.2900120050889385 vs. 3.2900120050889385
list:
dist: 1.9659125363769174 vs. 1.9659125363769174
list:
dist: 2.603814526268124 vs. 2.603814526268124
list:
dist: 3.3608623879923933 vs. 3.3608623879923933
list:
dist: 3.9864038720461914 vs. 3.9864038720461914
list:
dist: 3.241339509383975 vs. 3.241339509383975
list:
dist: 2.492215416014621 vs. 2.492215416014621
list:
dist: 2.2331846524516177 vs. 2.2331846524516177
list:
dist: 1.8403606406673623 vs. 1.8403606406673623
list:
dist: 2.1203568275341795 vs. 2.1203568275341795
list:
dist: 1.3341152096672058 vs. 1.3341152096672058
list:
dist: 2.0837863381797286 vs. 2.0837863381797286
list:
dist: 2.109204760770139 vs. 2.109204760770139
list:
dist: 2.204872016109735 vs. 2.204872016109735
list:
dist: 2.044883007318191 vs. 2.044883007318191
list:
dist: 2.4557286485067915 vs. 2.4557286485067915
list:
dist: 2.62220037110291 vs. 2.62220037110291
list:
dist: 2.9807363116607455 vs. 2.9807363116607455
list:
dist: 3.0081867597385767 vs. 3.0081867597385767
list:
dist: 2.990834976264601 vs. 2.990834976264601
list:
dist: 2.114067904696899 vs. 2.114067904696899
list:
dist: 2.5558377955428284 vs. 2.5558377955428284
list:
dist: 2.1693538129289123 vs. 2.1693538129289123
list:
dist: 1.520854006538062 vs. 1.520854006538062
list:
dist: 3.1687510436204405 vs. 3.1687510436204405
list:
dist: 3.4328038164769397 vs. 3.4328038164769397
list:
dist: 2.1547459632356283 vs. 2.1547459632356283
list:
dist: 1.2640191788808803 vs. 1.2640191788808803
list:
dist: 1.711776410571101 vs. 1.711776410571101
list:
dist: 1.3145830662063553 vs. 1.3145830662063553
list:
dist: 1.1131179044646686 vs. 1.1131179044646686
list:
dist: 1.8403606406673623 vs. 1.8403606406673623
list:
dist: 3.299697784110857 vs. 3.299697784110857
list:
dist: 2.625652536251049 vs. 2.625652536251049
list:
dist: 1.7257038148452897 vs. 1.7257038148452897
list:
dist: 3.0640174187590516 vs. 3.0640174187590516
list:
dist: 1.8742560397406383 vs. 1.8742560397406383
list:
dist: 2.3785168126115157 vs. 2.3785168126115157
list:
dist: 1.738067142976931 vs. 1.738067142976931
list:
dist: 2.1739520528692164 vs. 2.1739520528692164
list:
dist: 3.1003170873867267 vs. 3.1003170873867267
list:
dist: 2.3765587106718296 vs. 2.3765587106718296
list:
dist: 0.5028822609001238 vs. 0.5028822609001238
list:
dist: 1.8433013013088144 vs. 1.8433013013088144
list:
dist: 2.2541435407911368 vs. 2.2541435407911368
list:
dist: 2.643006429383356 vs. 2.643006429383356
list:
dist: 1.0071370261895285 vs. 1.0071370261895285
list:
dist: 4.653895055608807 vs. 4.653895055608807
list:
dist: 1.9132690452572332 vs. 1.9132690452572332
list:
dist: 2.202733130757647 vs. 2.202733130757647
list:
dist: 2.0662717338184016 vs. 2.0662717338184016
list:
dist: 2.62220037110291 vs. 2.62220037110291
list:
dist: 2.350122721445441 vs. 2.350122721445441
list:
dist: 2.9282587796260415 vs. 2.9282587796260415
list:
dist: 1.957726249845784 vs. 1.957726249845784
list:
dist: 3.2578395070114183 vs. 3.2578395070114183
list:
dist: 2.821692801817349 vs. 2.821692801817349
list:
dist: 1.9132690452572332 vs. 1.9132690452572332
list:
dist: 2.319628316035222 vs. 2.319628316035222
list:
dist: 1.6110577326408684 vs. 1.6110577326408684
list:
dist: 3.6660655254992984 vs. 3.6660655254992984
list:
dist: 3.613155855110743 vs. 3.613155855110743
list:
dist: 2.766430107404188 vs. 2.766430107404188
list:
dist: 3.146511651169114 vs. 3.146511651169114
list:
dist: 1.5457050064500568 vs. 1.5457050064500568
list:
dist: 1.968415241313934 vs. 1.968415241313934
list:
dist: 3.1687510436204405 vs. 3.1687510436204405
list:
dist: 2.4186877536601687 vs. 2.4186877536601687
list:
dist: 2.3034297496175014 vs. 2.3034297496175014
list:
dist: 2.1721170106747625 vs. 2.1721170106747625
list:
dist: 3.2616859672257275 vs. 3.2616859672257275
list:
dist: 2.492215416014621 vs. 2.492215416014621
list:
dist: 2.474750393281679 vs. 2.474750393281679
list:
dist: 2.201382489506517 vs. 2.201382489506517
list:
dist: 3.448488266046973 vs. 3.448488266046973
list:
dist: 2.9282587796260415 vs. 2.9282587796260415
list:
dist: 3.415432247702178 vs. 3.415432247702178
list:
dist: 2.656629517880717 vs. 2.656629517880717
list:
dist: 3.87646851182116 vs. 3.87646851182116
list:
dist: 3.048514471418172 vs. 3.048514471418172
list:
dist: 3.315129413238641 vs. 3.315129413238641
list:
dist: 3.7035348311380303 vs. 3.7035348311380303
list:
dist: 2.7538026875076964 vs. 2.7538026875076964
list:
dist: 2.3034297496175014 vs. 2.3034297496175014
list:
dist: 2.8586725278808083 vs. 2.8586725278808083
list:
dist: 1.8502209178330284 vs. 1.8502209178330284
list:
dist: 1.711776410571101 vs. 1.711776410571101
list:
dist: 1.2577244386693651 vs. 1.2577244386693651
list:
dist: 1.4132739847637557 vs. 1.4132739847637557
list:
dist: 1.278982080928202 vs. 1.278982080928202
list:
dist: 1.3341152096672058 vs. 1.3341152096672058
list:
dist: 1.6004228147463608 vs. 1.6004228147463608
list:
dist: 0.9582281532931074 vs. 0.9582281532931074
list:
dist: 1.3888838442797142 vs. 1.3888838442797142
list:
dist: 3.448488266046973 vs. 3.448488266046973
list:
dist: 4.173001620321 vs. 4.173001620321
list:
dist: 2.1516929945362713 vs. 2.1516929945362713
list:
dist: 1.7257038148452897 vs. 1.7257038148452897
list:
dist: 1.3764585273400214 vs. 1.3764585273400214
list:
dist: 1.3888838442797142 vs. 1.3888838442797142
list:
dist: 1.75919774064125 vs. 1.75919774064125
list:
dist: 0.6128272961738185 vs. 0.6128272961738185
list:
dist: 2.4557286485067915 vs. 2.4557286485067915
list:
dist: 2.5980189865796164 vs. 2.5980189865796164
list:
dist: 1.8414199419515171 vs. 1.8414199419515171
list:
dist: 3.516233707163498 vs. 3.516233707163498
list:
dist: 4.273547427770746 vs. 4.273547427770746
list:
dist: 2.3697616608902328 vs. 2.3697616608902328
list:
dist: 1.852615814345849 vs. 1.852615814345849
list:
dist: 0.7325100177171109 vs. 0.7325100177171109
list:
dist: 2.146036705133944 vs. 2.146036705133944
list:
dist: 1.1607996304399646 vs. 1.1607996304399646
list:
dist: 2.0552552717829298 vs. 2.0552552717829298
list:
dist: 1.520854006538062 vs. 1.520854006538062
list:
dist: 1.6163688832382932 vs. 1.6163688832382932
list:
dist: 2.7538026875076964 vs. 2.7538026875076964
list:
dist: 1.625313042993269 vs. 1.625313042993269
list:
dist: 1.8825928227380706 vs. 1.8825928227380706
list:
dist: 3.241339509383975 vs. 3.241339509383975
list:
dist: 3.6638629532365963 vs. 3.6638629532365963
list:
dist: 2.5432917672609996 vs. 2.5432917672609996
list:
dist: 3.561650369050361 vs. 3.561650369050361
list:
dist: 2.7615726265436598 vs. 2.7615726265436598
list:
dist: 3.6526808094991754 vs. 3.6526808094991754
list:
dist: 4.370517683907 vs. 4.370517683907
list:
dist: 3.693452232560632 vs. 3.693452232560632
list:
dist: 1.8433013013088144 vs. 1.8433013013088144
list:
dist: 2.2074927644791766 vs. 2.2074927644791766
list:
dist: 2.2017780604616606 vs. 2.2017780604616606
list:
dist: 2.7794032288933392 vs. 2.7794032288933392
list:
dist: 3.1527656041910714 vs. 3.1527656041910714
list:
dist: 1.6110577326408684 vs. 1.6110577326408684
list:
dist: 0.5176737381925637 vs. 0.5176737381925637
list:
dist: 3.0081867597385767 vs. 3.0081867597385767
list:
dist: 2.9200921795753114 vs. 2.9200921795753114
list:
dist: 2.656629517880717 vs. 2.656629517880717
list:
dist: 2.6321939721636314 vs. 2.6321939721636314
list:
dist: 3.5290734725493427 vs. 3.5290734725493427
list:
dist: 1.9659125363769174 vs. 1.9659125363769174
list:
dist: 2.0662717338184016 vs. 2.0662717338184016
list:
dist: 2.426088996692901 vs. 2.426088996692901
list:
dist: 2.398888041592814 vs. 2.398888041592814
list:
dist: 1.8700465838193239 vs. 1.8700465838193239
list:
dist: 2.1763517033045643 vs. 2.1763517033045643
list:
dist: 3.2145527877190894 vs. 3.2145527877190894
list:
dist: 2.0552552717829298 vs. 2.0552552717829298
list:
dist: 1.968415241313934 vs. 1.968415241313934
list:
dist: 2.1547459632356283 vs. 2.1547459632356283
list:
dist: 0.980654791777477 vs. 0.980654791777477
list:
dist: 1.8502209178330284 vs. 1.8502209178330284
list:
dist: 0.8558080754603236 vs. 0.8558080754603236
list:
dist: 1.9977033962298931 vs. 1.9977033962298931
list:
dist: 2.8713190832884536 vs. 2.8713190832884536
list:
dist: 2.0233073963090815 vs. 2.0233073963090815
list:
dist: 2.1516929945362713 vs. 2.1516929945362713
list:
dist: 1.957726249845784 vs. 1.957726249845784
list:
dist: 2.3657205980170084 vs. 2.3657205980170084
list:
dist: 2.6321939721636314 vs. 2.6321939721636314
list:
dist: 2.463898728504512 vs. 2.463898728504512
list:
dist: 1.7553953385430685 vs. 1.7553953385430685
list:
dist: 2.0458229491403612 vs. 2.0458229491403612
list:
dist: 2.724678032252255 vs. 2.724678032252255
list:
dist: 1.625313042993269 vs. 1.625313042993269
list:
dist: 2.1721170106747625 vs. 2.1721170106747625
list:
dist: 2.9628169171976833 vs. 2.9628169171976833
list:
dist: 0.8558080754603236 vs. 0.8558080754603236
list:
dist: 1.3145830662063553 vs. 1.3145830662063553
list:
dist: 0.3925217473663508 vs. 0.3925217473663508
list:
dist: 1.4132739847637557 vs. 1.4132739847637557
list:
dist: 1.397728730461674 vs. 1.397728730461674
list:
dist: 2.0837863381797286 vs. 2.0837863381797286
list:
dist: 2.8041339439235133 vs. 2.8041339439235133
list:
dist: 1.9856679707549354 vs. 1.9856679707549354
list:
dist: 1.75919774064125 vs. 1.75919774064125
list:
dist: 3.2578395070114183 vs. 3.2578395070114183
list:
dist: 3.66524549972136 vs. 3.66524549972136
list:
dist: 3.5290734725493427 vs. 3.5290734725493427
list:
dist: 3.458578131295647 vs. 3.458578131295647
list:
dist: 2.331359267637164 vs. 2.331359267637164
list:
dist: 3.254903444761527 vs. 3.254903444761527
list:
dist: 2.6736501548732226 vs. 2.6736501548732226
list:
dist: 1.8825928227380706 vs. 1.8825928227380706
list:
dist: 3.2616859672257275 vs. 3.2616859672257275
list:
dist: 3.8503272699224405 vs. 3.8503272699224405
list:
dist: 1.9977033962298931 vs. 1.9977033962298931
list:
dist: 1.1131179044646686 vs. 1.1131179044646686
list:
dist: 1.0617611636538407 vs. 1.0617611636538407
list:
dist: 1.278982080928202 vs. 1.278982080928202
list:
dist: 1.397728730461674 vs. 1.397728730461674
list:
dist: 2.109204760770139 vs. 2.109204760770139
list:
dist: 2.7573034335068343 vs. 2.7573034335068343
list:
dist: 2.000725819114005 vs. 2.000725819114005
list:
dist: 0.6128272961738185 vs. 0.6128272961738185
list:
dist: 3.573508477194257 vs. 3.573508477194257
list:
dist: 2.474750393281679 vs. 2.474750393281679
list:
dist: 3.0314151525982074 vs. 3.0314151525982074
list:
dist: 2.8713190832884536 vs. 2.8713190832884536
list:
dist: 3.299697784110857 vs. 3.299697784110857
list:
dist: 2.6951986588532963 vs. 2.6951986588532963
list:
dist: 1.6004228147463608 vs. 1.6004228147463608
list:
dist: 2.8041339439235133 vs. 2.8041339439235133
list:
dist: 2.7573034335068343 vs. 2.7573034335068343
list:
dist: 2.204872016109735 vs. 2.204872016109735
list:
dist: 0.9276981198579761 vs. 0.9276981198579761
list:
dist: 2.5980189865796164 vs. 2.5980189865796164
list:
dist: 2.350122721445441 vs. 2.350122721445441
list:
dist: 2.7557864094629854 vs. 2.7557864094629854
list:
dist: 2.9200921795753114 vs. 2.9200921795753114
list:
dist: 2.687699402766588 vs. 2.687699402766588
list:
dist: 1.8010987586732783 vs. 1.8010987586732783
list:
dist: 2.3985712399890797 vs. 2.3985712399890797
list:
dist: 2.702738952039923 vs. 2.702738952039923
list:
dist: 1.6163688832382932 vs. 1.6163688832382932
list:
dist: 2.4186877536601687 vs. 2.4186877536601687
list:
dist: 3.2335353261942466 vs. 3.2335353261942466
list:
dist: 0.980654791777477 vs. 0.980654791777477
list:
dist: 1.2640191788808803 vs. 1.2640191788808803
list:
dist: 1.2577244386693651 vs. 1.2577244386693651
list:
dist: 0.3925217473663508 vs. 0.3925217473663508
list:
dist: 1.0617611636538407 vs. 1.0617611636538407
list:
dist: 2.1203568275341795 vs. 2.1203568275341795
list:
dist: 2.6951986588532963 vs. 2.6951986588532963
list:
dist: 1.8355530009052201 vs. 1.8355530009052201
list:
dist: 1.3764585273400214 vs. 1.3764585273400214
list:
dist: 4.136569054104249 vs. 4.136569054104249
list:
dist: 2.201382489506517 vs. 2.201382489506517
list:
dist: 3.0473479045545453 vs. 3.0473479045545453
list:
dist: 2.0233073963090815 vs. 2.0233073963090815
list:
dist: 2.625652536251049 vs. 2.625652536251049
list:
dist: 1.8355530009052201 vs. 1.8355530009052201
list:
dist: 0.9582281532931074 vs. 0.9582281532931074
list:
dist: 1.9856679707549354 vs. 1.9856679707549354
list:
dist: 2.000725819114005 vs. 2.000725819114005
list:
dist: 2.044883007318191 vs. 2.044883007318191
list:
dist: 0.9276981198579761 vs. 0.9276981198579761
list:
dist: 1.8414199419515171 vs. 1.8414199419515171
list:
dist: 1.7142718429514396 vs. 1.7142718429514396
list:
dist: 1.8724984916560459 vs. 1.8724984916560459
list:
dist: 2.5840437284942293 vs. 2.5840437284942293
list:
dist: 4.024590830589787 vs. 4.024590830589787
list:
dist: 2.0781749009067907 vs. 2.0781749009067907
list:
dist: 3.001795770859746 vs. 3.001795770859746
list:
dist: 3.4213640848443765 vs. 3.4213640848443765
list:
dist: 3.3737238898782453 vs. 3.3737238898782453
list:
dist: 2.1703427195653124 vs. 2.1703427195653124
list:
dist: 1.1175406893750508 vs. 1.1175406893750508
list:
dist: 2.148023748214363 vs. 2.148023748214363
list:
dist: 2.5840437284942293 vs. 2.5840437284942293
list:
dist: 1.6409897163165788 vs. 1.6409897163165788
list:
dist: 1.2264134500124393 vs. 1.2264134500124393
list:
dist: 1.7245646907864571 vs. 1.7245646907864571
list:
dist: 2.975643266452901 vs. 2.975643266452901
list:
dist: 1.936211420048499 vs. 1.936211420048499
list:
dist: 1.563645240754135 vs. 1.563645240754135
list:
dist: 2.1541610793229373 vs. 2.1541610793229373
list:
dist: 1.8352199851431947 vs. 1.8352199851431947
list:
dist: 3.282567337019992 vs. 3.282567337019992
list:
dist: 3.4308916387238204 vs. 3.4308916387238204
list:
dist: 3.9627791244147614 vs. 3.9627791244147614
list:
dist: 3.74126185185385 vs. 3.74126185185385
list:
dist: 3.7774284870282147 vs. 3.7774284870282147
list:
dist: 3.282567337019992 vs. 3.282567337019992
list:
dist: 2.742592393932413 vs. 2.742592393932413
list:
dist: 2.861379855171914 vs. 2.861379855171914
list:
dist: 2.280545000655076 vs. 2.280545000655076
list:
dist: 1.9546677188435742 vs. 1.9546677188435742
list:
dist: 1.7151919896867938 vs. 1.7151919896867938
list:
dist: 2.7919502981139055 vs. 2.7919502981139055
list:
dist: 2.307407629955511 vs. 2.307407629955511
list:
dist: 1.5219788151297058 vs. 1.5219788151297058
list:
dist: 0.805402259565458 vs. 0.805402259565458
list:
dist: 1.238718405464257 vs. 1.238718405464257
list:
dist: 0.6646246376817876 vs. 0.6646246376817876
list:
dist: 1.03719461534329 vs. 1.03719461534329
list:
dist: 1.9382704014555463 vs. 1.9382704014555463
list:
dist: 2.6330464227401214 vs. 2.6330464227401214
list:
dist: 2.0839600366088407 vs. 2.0839600366088407
list:
dist: 1.9121781037303835 vs. 1.9121781037303835
list:
dist: 2.602780842887436 vs. 2.602780842887436
list:
dist: 2.0579918581329713 vs. 2.0579918581329713
list:
dist: 1.705841659315936 vs. 1.705841659315936
list:
dist: 1.1901460387034004 vs. 1.1901460387034004
list:
dist: 2.353045770049405 vs. 2.353045770049405
list:
dist: 1.1797913588673064 vs. 1.1797913588673064
list:
dist: 1.8724984916560459 vs. 1.8724984916560459
list:
dist: 2.148023748214363 vs. 2.148023748214363
list:
dist: 2.9097207968889034 vs. 2.9097207968889034
list:
dist: 1.5778396056177582 vs. 1.5778396056177582
list:
dist: 3.0421755167534497 vs. 3.0421755167534497
list:
dist: 2.8102566703706633 vs. 2.8102566703706633
list:
dist: 2.4205949741555504 vs. 2.4205949741555504
list:
dist: 1.456924495658305 vs. 1.456924495658305
list:
dist: 1.3277652116289536 vs. 1.3277652116289536
list:
dist: 1.456924495658305 vs. 1.456924495658305
list:
dist: 2.1703427195653124 vs. 2.1703427195653124
list:
dist: 1.563645240754135 vs. 1.563645240754135
list:
dist: 2.302826981240194 vs. 2.302826981240194
list:
dist: 0.39214236313585493 vs. 0.39214236313585493
list:
dist: 1.6968086450762667 vs. 1.6968086450762667
list:
dist: 1.6444906975380627 vs. 1.6444906975380627
list:
dist: 1.2157617471194768 vs. 1.2157617471194768
list:
dist: 2.46281170538166 vs. 2.46281170538166
list:
dist: 1.8301830554559693 vs. 1.8301830554559693
list:
dist: 2.7919502981139055 vs. 2.7919502981139055
list:
dist: 3.2179412372067433 vs. 3.2179412372067433
list:
dist: 3.0050055922924517 vs. 3.0050055922924517
list:
dist: 3.1104463310652655 vs. 3.1104463310652655
list:
dist: 2.885929193693624 vs. 2.885929193693624
list:
dist: 3.4441193230805087 vs. 3.4441193230805087
list:
dist: 3.187387176201394 vs. 3.187387176201394
list:
dist: 4.067550549000665 vs. 4.067550549000665
list:
dist: 3.2990690915619587 vs. 3.2990690915619587
list:
dist: 2.706796958154277 vs. 2.706796958154277
list:
dist: 1.985572836702727 vs. 1.985572836702727
list:
dist: 3.0327323119318264 vs. 3.0327323119318264
list:
dist: 3.187387176201394 vs. 3.187387176201394
list:
dist: 2.976476055237683 vs. 2.976476055237683
list:
dist: 2.6330464227401214 vs. 2.6330464227401214
list:
dist: 3.4296959251660994 vs. 3.4296959251660994
list:
dist: 2.458945718633722 vs. 2.458945718633722
list:
dist: 2.8752998028633647 vs. 2.8752998028633647
list:
dist: 1.8233373144254195 vs. 1.8233373144254195
list:
dist: 1.0842108548807734 vs. 1.0842108548807734
list:
dist: 1.7520509359793146 vs. 1.7520509359793146
list:
dist: 2.837959265244658 vs. 2.837959265244658
list:
dist: 3.4610988273440713 vs. 3.4610988273440713
list:
dist: 4.554349161473423 vs. 4.554349161473423
list:
dist: 2.1569351460376502 vs. 2.1569351460376502
list:
dist: 1.2340191963847973 vs. 1.2340191963847973
list:
dist: 2.1982359965156135 vs. 2.1982359965156135
list:
dist: 1.9779830792878008 vs. 1.9779830792878008
list:
dist: 2.271927291643547 vs. 2.271927291643547
list:
dist: 3.371596683984071 vs. 3.371596683984071
list:
dist: 2.73747350940265 vs. 2.73747350940265
list:
dist: 1.454651739996094 vs. 1.454651739996094
list:
dist: 1.0694599338326216 vs. 1.0694599338326216
list:
dist: 1.0299370740187643 vs. 1.0299370740187643
list:
dist: 1.1643050819395728 vs. 1.1643050819395728
list:
dist: 1.3837779607168665 vs. 1.3837779607168665
list:
dist: 1.4960868373482539 vs. 1.4960868373482539
list:
dist: 1.6717419426003293 vs. 1.6717419426003293
list:
dist: 2.4489562485601466 vs. 2.4489562485601466
list:
dist: 1.2814803212650965 vs. 1.2814803212650965
list:
dist: 1.2055747961822507 vs. 1.2055747961822507
list:
dist: 2.04733366000172 vs. 2.04733366000172
list:
dist: 1.1984598950103247 vs. 1.1984598950103247
list:
dist: 1.1343085000342121 vs. 1.1343085000342121
list:
dist: 1.575965606340041 vs. 1.575965606340041
list:
dist: 0.9356608425017294 vs. 0.9356608425017294
list:
dist: 2.9216898110982696 vs. 2.9216898110982696
list:
dist: 2.273334325851743 vs. 2.273334325851743
list:
dist: 2.056018376680594 vs. 2.056018376680594
list:
dist: 2.417384041246569 vs. 2.417384041246569
list:
dist: 2.224024148952251 vs. 2.224024148952251
list:
dist: 2.831738443803906 vs. 2.831738443803906
list:
dist: 1.958008757385361 vs. 1.958008757385361
list:
dist: 3.5408528976102116 vs. 3.5408528976102116
list:
dist: 2.519249376140256 vs. 2.519249376140256
list:
dist: 1.8352199851431947 vs. 1.8352199851431947
list:
dist: 1.8071732498902022 vs. 1.8071732498902022
list:
dist: 1.710926462724687 vs. 1.710926462724687
list:
dist: 1.0258734866216606 vs. 1.0258734866216606
list:
dist: 2.0278346485410372 vs. 2.0278346485410372
list:
dist: 1.1263581966350376 vs. 1.1263581966350376
list:
dist: 1.8301830554559693 vs. 1.8301830554559693
list:
dist: 1.75043637264851 vs. 1.75043637264851
list:
dist: 1.5219788151297058 vs. 1.5219788151297058
list:
dist: 1.7826830731979275 vs. 1.7826830731979275
list:
dist: 2.4498252271819903 vs. 2.4498252271819903
list:
dist: 2.0904301670685173 vs. 2.0904301670685173
list:
dist: 2.143739784771109 vs. 2.143739784771109
list:
dist: 2.639237285760338 vs. 2.639237285760338
list:
dist: 2.976476055237683 vs. 2.976476055237683
list:
dist: 3.221186981840402 vs. 3.221186981840402
list:
dist: 2.5435759563504514 vs. 2.5435759563504514
list:
dist: 3.1754390990954313 vs. 3.1754390990954313
list:
dist: 3.0159866968612583 vs. 3.0159866968612583
list:
dist: 3.1720476319017177 vs. 3.1720476319017177
list:
dist: 2.520219585333814 vs. 2.520219585333814
list:
dist: 3.6339541448804002 vs. 3.6339541448804002
list:
dist: 3.3397980635761777 vs. 3.3397980635761777
list:
dist: 2.4968608235387717 vs. 2.4968608235387717
list:
dist: 3.2995403766429483 vs. 3.2995403766429483
list:
dist: 2.9545284480498113 vs. 2.9545284480498113
list:
dist: 4.859208775776864 vs. 4.859208775776864
list:
dist: 4.87308091083921 vs. 4.87308091083921
list:
dist: 5.607599337691073 vs. 5.607599337691073
list:
dist: 1.852114292810349 vs. 1.852114292810349
list:
dist: 2.0290783956855236 vs. 2.0290783956855236
list:
dist: 1.0200314245286477 vs. 1.0200314245286477
list:
dist: 1.8525968186256048 vs. 1.8525968186256048
list:
dist: 1.2814803212650965 vs. 1.2814803212650965
list:
dist: 2.446321143900677 vs. 2.446321143900677
list:
dist: 1.3688620832324938 vs. 1.3688620832324938
list:
dist: 2.765107744398669 vs. 2.765107744398669
list:
dist: 3.7540057355319085 vs. 3.7540057355319085
list:
dist: 0.5916759496988112 vs. 0.5916759496988112
list:
dist: 1.9648065767718834 vs. 1.9648065767718834
list:
dist: 0.8654455929243615 vs. 0.8654455929243615
list:
dist: 1.7726596500594836 vs. 1.7726596500594836
list:
dist: 1.4650308067615163 vs. 1.4650308067615163
list:
dist: 1.9178104616856841 vs. 1.9178104616856841
list:
dist: 5.247180890076419 vs. 5.247180890076419
list:
dist: 4.3428898778536436 vs. 4.3428898778536436
list:
dist: 4.349370400887204 vs. 4.349370400887204
list:
dist: 1.57474857912964 vs. 1.57474857912964
list:
dist: 2.0736054156910484 vs. 2.0736054156910484
list:
dist: 2.0683792580756633 vs. 2.0683792580756633
list:
dist: 2.0740509425774043 vs. 2.0740509425774043
list:
dist: 1.609439049084074 vs. 1.609439049084074
list:
dist: 2.81122948158156 vs. 2.81122948158156
list:
dist: 1.1237754173739032 vs. 1.1237754173739032
list:
dist: 1.5778396056177582 vs. 1.5778396056177582
list:
dist: 2.0781749009067907 vs. 2.0781749009067907
list:
dist: 1.2264134500124393 vs. 1.2264134500124393
list:
dist: 2.1906859455053107 vs. 2.1906859455053107
list:
dist: 1.468740361432447 vs. 1.468740361432447
list:
dist: 1.9159873996106829 vs. 1.9159873996106829
list:
dist: 1.3375521039273346 vs. 1.3375521039273346
list:
dist: 0.39214236313585493 vs. 0.39214236313585493
list:
dist: 2.431359151729224 vs. 2.431359151729224
list:
dist: 1.710926462724687 vs. 1.710926462724687
list:
dist: 2.861379855171914 vs. 2.861379855171914
list:
dist: 3.254524940243179 vs. 3.254524940243179
list:
dist: 3.219848491662669 vs. 3.219848491662669
list:
dist: 3.2459447236082637 vs. 3.2459447236082637
list:
dist: 3.0395137560549084 vs. 3.0395137560549084
list:
dist: 3.5161724789100783 vs. 3.5161724789100783
list:
dist: 3.2990690915619587 vs. 3.2990690915619587
list:
dist: 4.192075146783224 vs. 4.192075146783224
list:
dist: 3.4308916387238204 vs. 3.4308916387238204
list:
dist: 2.5307713355961328 vs. 2.5307713355961328
list:
dist: 3.254524940243179 vs. 3.254524940243179
list:
dist: 2.7169127269537503 vs. 2.7169127269537503
list:
dist: 2.6291080489951217 vs. 2.6291080489951217
list:
dist: 2.0413220538256547 vs. 2.0413220538256547
list:
dist: 3.2179412372067433 vs. 3.2179412372067433
list:
dist: 2.0060117112896005 vs. 2.0060117112896005
list:
dist: 1.7826830731979275 vs. 1.7826830731979275
list:
dist: 0.805402259565458 vs. 0.805402259565458
list:
dist: 1.760992937407158 vs. 1.760992937407158
list:
dist: 0.941853698441503 vs. 0.941853698441503
list:
dist: 1.78578451910323 vs. 1.78578451910323
list:
dist: 2.663790406511255 vs. 2.663790406511255
list:
dist: 3.4296959251660994 vs. 3.4296959251660994
list:
dist: 2.694247913738204 vs. 2.694247913738204
list:
dist: 1.1216997851376638 vs. 1.1216997851376638
list:
dist: 1.8184971168224442 vs. 1.8184971168224442
list:
dist: 1.5217566782712821 vs. 1.5217566782712821
list:
dist: 1.96880998337319 vs. 1.96880998337319
list:
dist: 1.02554428830747 vs. 1.02554428830747
list:
dist: 1.8596797276974442 vs. 1.8596797276974442
list:
dist: 4.192075146783224 vs. 4.192075146783224
list:
dist: 3.454034503585226 vs. 3.454034503585226
list:
dist: 2.641304368710284 vs. 2.641304368710284
list:
dist: 3.3662712974022493 vs. 3.3662712974022493
list:
dist: 4.067550549000665 vs. 4.067550549000665
list:
dist: 3.221186981840402 vs. 3.221186981840402
list:
dist: 2.0839600366088407 vs. 2.0839600366088407
list:
dist: 2.694247913738204 vs. 2.694247913738204
list:
dist: 1.8439072938185852 vs. 1.8439072938185852
list:
dist: 2.077638010037473 vs. 2.077638010037473
list:
dist: 1.3401043927496603 vs. 1.3401043927496603
list:
dist: 0.9563962891696003 vs. 0.9563962891696003
list:
dist: 1.7520509359793146 vs. 1.7520509359793146
list:
dist: 1.2572157875553447 vs. 1.2572157875553447
list:
dist: 2.498487382510303 vs. 2.498487382510303
list:
dist: 3.1528332908909156 vs. 3.1528332908909156
list:
dist: 3.74126185185385 vs. 3.74126185185385
list:
dist: 3.029914622727603 vs. 3.029914622727603
list:
dist: 3.2459447236082637 vs. 3.2459447236082637
list:
dist: 2.8743601698192984 vs. 2.8743601698192984
list:
dist: 2.0805031029078345 vs. 2.0805031029078345
list:
dist: 1.9904447545868662 vs. 1.9904447545868662
list:
dist: 3.1104463310652655 vs. 3.1104463310652655
list:
dist: 2.5020064841271656 vs. 2.5020064841271656
list:
dist: 2.0904301670685173 vs. 2.0904301670685173
list:
dist: 0.6646246376817876 vs. 0.6646246376817876
list:
dist: 0.941853698441503 vs. 0.941853698441503
list:
dist: 0.8387040224362017 vs. 0.8387040224362017
list:
dist: 1.0646825672787463 vs. 1.0646825672787463
list:
dist: 2.20339126201532 vs. 2.20339126201532
list:
dist: 2.8752998028633647 vs. 2.8752998028633647
list:
dist: 2.077638010037473 vs. 2.077638010037473
list:
dist: 1.8442134737553315 vs. 1.8442134737553315
list:
dist: 2.4661414892373847 vs. 2.4661414892373847
list:
dist: 1.637820275139405 vs. 1.637820275139405
list:
dist: 4.87308091083921 vs. 4.87308091083921
list:
dist: 4.598510308250783 vs. 4.598510308250783
list:
dist: 1.4611251311349422 vs. 1.4611251311349422
list:
dist: 0.617174459422611 vs. 0.617174459422611
list:
dist: 2.0126893367178407 vs. 2.0126893367178407
list:
dist: 3.536942593620315 vs. 3.536942593620315
list:
dist: 3.6339541448804002 vs. 3.6339541448804002
list:
dist: 2.353045770049405 vs. 2.353045770049405
list:
dist: 1.8596797276974442 vs. 1.8596797276974442
list:
dist: 2.6300291620802634 vs. 2.6300291620802634
list:
dist: 2.0126893367178407 vs. 2.0126893367178407
list:
dist: 2.867213897788734 vs. 2.867213897788734
list:
dist: 3.621552481914779 vs. 3.621552481914779
list:
dist: 4.554349161473423 vs. 4.554349161473423
list:
dist: 3.1528332908909156 vs. 3.1528332908909156
list:
dist: 1.7095061969371854 vs. 1.7095061969371854
list:
dist: 1.883048100357282 vs. 1.883048100357282
list:
dist: 1.6187195217192267 vs. 1.6187195217192267
list:
dist: 4.349370400887204 vs. 4.349370400887204
list:
dist: 4.257403800504769 vs. 4.257403800504769
list:
dist: 1.912238135809138 vs. 1.912238135809138
list:
dist: 1.5777702705946954 vs. 1.5777702705946954
list:
dist: 3.9627791244147614 vs. 3.9627791244147614
list:
dist: 3.463605897811791 vs. 3.463605897811791
list:
dist: 3.219848491662669 vs. 3.219848491662669
list:
dist: 3.042924717570343 vs. 3.042924717570343
list:
dist: 1.6343307103115639 vs. 1.6343307103115639
list:
dist: 2.07373271610709 vs. 2.07373271610709
list:
dist: 3.0050055922924517 vs. 3.0050055922924517
list:
dist: 2.98424380123049 vs. 2.98424380123049
list:
dist: 2.4498252271819903 vs. 2.4498252271819903
list:
dist: 1.238718405464257 vs. 1.238718405464257
list:
dist: 1.760992937407158 vs. 1.760992937407158
list:
dist: 0.8387040224362017 vs. 0.8387040224362017
list:
dist: 0.7828337988820969 vs. 0.7828337988820969
list:
dist: 2.030028798403611 vs. 2.030028798403611
list:
dist: 2.458945718633722 vs. 2.458945718633722
list:
dist: 1.8439072938185852 vs. 1.8439072938185852
list:
dist: 2.627197745677561 vs. 2.627197745677561
list:
dist: 3.2083193334766245 vs. 3.2083193334766245
list:
dist: 2.1858958128450237 vs. 2.1858958128450237
list:
dist: 4.859208775776864 vs. 4.859208775776864
list:
dist: 4.496873661064202 vs. 4.496873661064202
list:
dist: 1.6140464128781913 vs. 1.6140464128781913
list:
dist: 1.2150748972808598 vs. 1.2150748972808598
list:
dist: 2.6300291620802634 vs. 2.6300291620802634
list:
dist: 2.97216907753195 vs. 2.97216907753195
list:
dist: 2.8102566703706633 vs. 2.8102566703706633
list:
dist: 3.4213640848443765 vs. 3.4213640848443765
list:
dist: 2.975643266452901 vs. 2.975643266452901
list:
dist: 3.132041996254589 vs. 3.132041996254589
list:
dist: 1.9159873996106829 vs. 1.9159873996106829
list:
dist: 2.1533670871229704 vs. 2.1533670871229704
list:
dist: 1.3799517650763007 vs. 1.3799517650763007
list:
dist: 1.6444906975380627 vs. 1.6444906975380627
list:
dist: 2.9320680029131814 vs. 2.9320680029131814
list:
dist: 2.0278346485410372 vs. 2.0278346485410372
list:
dist: 1.9546677188435742 vs. 1.9546677188435742
list:
dist: 2.6291080489951217 vs. 2.6291080489951217
list:
dist: 1.6343307103115639 vs. 1.6343307103115639
list:
dist: 2.0805031029078345 vs. 2.0805031029078345
list:
dist: 1.5218810664736186 vs. 1.5218810664736186
list:
dist: 2.222194672873012 vs. 2.222194672873012
list:
dist: 1.985572836702727 vs. 1.985572836702727
list:
dist: 2.641304368710284 vs. 2.641304368710284
list:
dist: 1.1797913588673064 vs. 1.1797913588673064
list:
dist: 1.7142718429514396 vs. 1.7142718429514396
list:
dist: 1.1175406893750508 vs. 1.1175406893750508
list:
dist: 2.3878542110987513 vs. 2.3878542110987513
list:
dist: 1.1237754173739032 vs. 1.1237754173739032
list:
dist: 2.3282522052789147 vs. 2.3282522052789147
list:
dist: 2.97216907753195 vs. 2.97216907753195
list:
dist: 2.2629021655115644 vs. 2.2629021655115644
list:
dist: 1.3277652116289536 vs. 1.3277652116289536
list:
dist: 2.2629021655115644 vs. 2.2629021655115644
list:
dist: 2.4205949741555504 vs. 2.4205949741555504
list:
dist: 3.3737238898782453 vs. 3.3737238898782453
list:
dist: 1.936211420048499 vs. 1.936211420048499
list:
dist: 1.7526315688491216 vs. 1.7526315688491216
list:
dist: 1.3375521039273346 vs. 1.3375521039273346
list:
dist: 1.6951217274960386 vs. 1.6951217274960386
list:
dist: 1.3799517650763007 vs. 1.3799517650763007
list:
dist: 1.2157617471194768 vs. 1.2157617471194768
list:
dist: 1.6025484803059653 vs. 1.6025484803059653
list:
dist: 1.1263581966350376 vs. 1.1263581966350376
list:
dist: 1.7151919896867938 vs. 1.7151919896867938
list:
dist: 2.0413220538256547 vs. 2.0413220538256547
list:
dist: 2.07373271610709 vs. 2.07373271610709
list:
dist: 1.9904447545868662 vs. 1.9904447545868662
list:
dist: 2.0656340443850327 vs. 2.0656340443850327
list:
dist: 2.920937786110277 vs. 2.920937786110277
list:
dist: 3.0327323119318264 vs. 3.0327323119318264
list:
dist: 3.3662712974022493 vs. 3.3662712974022493
list:
dist: 2.274021737244088 vs. 2.274021737244088
list:
dist: 3.1754390990954313 vs. 3.1754390990954313
list:
dist: 2.602780842887436 vs. 2.602780842887436
list:
dist: 1.8184971168224442 vs. 1.8184971168224442
list:
dist: 3.2083193334766245 vs. 3.2083193334766245
list:
dist: 2.4661414892373847 vs. 2.4661414892373847
list:
dist: 3.5003901620195608 vs. 3.5003901620195608
list:
dist: 1.7164362699266245 vs. 1.7164362699266245
list:
dist: 0.7021912241568814 vs. 0.7021912241568814
list:
dist: 1.2862959706087822 vs. 1.2862959706087822
list:
dist: 3.2954879144903826 vs. 3.2954879144903826
list:
dist: 2.054556983698045 vs. 2.054556983698045
list:
dist: 1.883048100357282 vs. 1.883048100357282
list:
dist: 3.5161724789100783 vs. 3.5161724789100783
list:
dist: 2.6519052543195047 vs. 2.6519052543195047
list:
dist: 2.222194672873012 vs. 2.222194672873012
list:
dist: 2.920937786110277 vs. 2.920937786110277
list:
dist: 3.4441193230805087 vs. 3.4441193230805087
list:
dist: 2.639237285760338 vs. 2.639237285760338
list:
dist: 1.9382704014555463 vs. 1.9382704014555463
list:
dist: 2.663790406511255 vs. 2.663790406511255
list:
dist: 2.030028798403611 vs. 2.030028798403611
list:
dist: 2.20339126201532 vs. 2.20339126201532
list:
dist: 1.280782045428244 vs. 1.280782045428244
list:
dist: 1.0842108548807734 vs. 1.0842108548807734
list:
dist: 0.9563962891696003 vs. 0.9563962891696003
list:
dist: 1.9158983457186765 vs. 1.9158983457186765
list:
dist: 2.7620605201251407 vs. 2.7620605201251407
list:
dist: 3.621552481914779 vs. 3.621552481914779
list:
dist: 3.7774284870282147 vs. 3.7774284870282147
list:
dist: 3.523852331245906 vs. 3.523852331245906
list:
dist: 3.0395137560549084 vs. 3.0395137560549084
list:
dist: 2.5674558035311956 vs. 2.5674558035311956
list:
dist: 1.5218810664736186 vs. 1.5218810664736186
list:
dist: 2.0656340443850327 vs. 2.0656340443850327
list:
dist: 2.885929193693624 vs. 2.885929193693624
list:
dist: 3.130805137017326 vs. 3.130805137017326
list:
dist: 2.143739784771109 vs. 2.143739784771109
list:
dist: 1.03719461534329 vs. 1.03719461534329
list:
dist: 1.78578451910323 vs. 1.78578451910323
list:
dist: 0.7828337988820969 vs. 0.7828337988820969
list:
dist: 1.0646825672787463 vs. 1.0646825672787463
list:
dist: 1.280782045428244 vs. 1.280782045428244
list:
dist: 1.8233373144254195 vs. 1.8233373144254195
list:
dist: 1.3401043927496603 vs. 1.3401043927496603
list:
dist: 2.84409273234227 vs. 2.84409273234227
list:
dist: 3.5003901620195608 vs. 3.5003901620195608
list:
dist: 2.686134967793882 vs. 2.686134967793882
list:
dist: 5.607599337691073 vs. 5.607599337691073
list:
dist: 5.253837251353518 vs. 5.253837251353518
list:
dist: 1.499622838760769 vs. 1.499622838760769
list:
dist: 1.6385523886804911 vs. 1.6385523886804911
list:
dist: 2.867213897788734 vs. 2.867213897788734
list:
dist: 1.9424640918248732 vs. 1.9424640918248732
list:
dist: 2.5435759563504514 vs. 2.5435759563504514
list:
dist: 1.9121781037303835 vs. 1.9121781037303835
list:
dist: 1.1216997851376638 vs. 1.1216997851376638
list:
dist: 2.627197745677561 vs. 2.627197745677561
list:
dist: 1.8442134737553315 vs. 1.8442134737553315
list:
dist: 2.84409273234227 vs. 2.84409273234227
list:
dist: 2.221479344940685 vs. 2.221479344940685
list:
dist: 0.7021912241568814 vs. 0.7021912241568814
list:
dist: 1.1165483957443894 vs. 1.1165483957443894
list:
dist: 2.758338478116965 vs. 2.758338478116965
list:
dist: 1.5346375159933454 vs. 1.5346375159933454
list:
dist: 1.7095061969371854 vs. 1.7095061969371854
list:
dist: 2.687243988108618 vs. 2.687243988108618
list:
dist: 2.221479344940685 vs. 2.221479344940685
list:
dist: 1.7164362699266245 vs. 1.7164362699266245
list:
dist: 2.8506545332047675 vs. 2.8506545332047675
list:
dist: 3.360622460125966 vs. 3.360622460125966
list:
dist: 2.2877331563202947 vs. 2.2877331563202947
list:
dist: 3.386250051672858 vs. 3.386250051672858
list:
dist: 3.1131084746098834 vs. 3.1131084746098834
list:
dist: 4.496873661064202 vs. 4.496873661064202
list:
dist: 4.598510308250783 vs. 4.598510308250783
list:
dist: 5.253837251353518 vs. 5.253837251353518
list:
dist: 2.1106520819643526 vs. 2.1106520819643526
list:
dist: 2.0491840728445636 vs. 2.0491840728445636
list:
dist: 1.1489769429740455 vs. 1.1489769429740455
list:
dist: 2.105184132544878 vs. 2.105184132544878
list:
dist: 1.2055747961822507 vs. 1.2055747961822507
list:
dist: 2.443937725207515 vs. 2.443937725207515
list:
dist: 1.8415440823643139 vs. 1.8415440823643139
list:
dist: 2.7135079980501446 vs. 2.7135079980501446
list:
dist: 3.644304687902381 vs. 3.644304687902381
list:
dist: 0.5916759496988112 vs. 0.5916759496988112
list:
dist: 1.71698658841472 vs. 1.71698658841472
list:
dist: 0.7588979818543742 vs. 0.7588979818543742
list:
dist: 1.3159177608091683 vs. 1.3159177608091683
list:
dist: 1.2114351990771828 vs. 1.2114351990771828
list:
dist: 1.699161430214262 vs. 1.699161430214262
list:
dist: 4.948439454586281 vs. 4.948439454586281
list:
dist: 4.107570929189047 vs. 4.107570929189047
list:
dist: 4.257403800504769 vs. 4.257403800504769
list:
dist: 1.8080891671909751 vs. 1.8080891671909751
list:
dist: 2.4950496796228396 vs. 2.4950496796228396
list:
dist: 2.298149247776493 vs. 2.298149247776493
list:
dist: 2.408345728102505 vs. 2.408345728102505
list:
dist: 1.3776531503856484 vs. 1.3776531503856484
list:
dist: 2.6968213413619133 vs. 2.6968213413619133
list:
dist: 2.3282522052789147 vs. 2.3282522052789147
list:
dist: 3.0421755167534497 vs. 3.0421755167534497
list:
dist: 3.001795770859746 vs. 3.001795770859746
list:
dist: 1.7245646907864571 vs. 1.7245646907864571
list:
dist: 2.4939744777797435 vs. 2.4939744777797435
list:
dist: 1.468740361432447 vs. 1.468740361432447
list:
dist: 2.1533670871229704 vs. 2.1533670871229704
list:
dist: 1.6951217274960386 vs. 1.6951217274960386
list:
dist: 1.6968086450762667 vs. 1.6968086450762667
list:
dist: 2.6287144383642387 vs. 2.6287144383642387
list:
dist: 1.0258734866216606 vs. 1.0258734866216606
list:
dist: 2.280545000655076 vs. 2.280545000655076
list:
dist: 2.7169127269537503 vs. 2.7169127269537503
list:
dist: 3.042924717570343 vs. 3.042924717570343
list:
dist: 2.8743601698192984 vs. 2.8743601698192984
list:
dist: 2.5674558035311956 vs. 2.5674558035311956
list:
dist: 2.6519052543195047 vs. 2.6519052543195047
list:
dist: 2.706796958154277 vs. 2.706796958154277
list:
dist: 3.454034503585226 vs. 3.454034503585226
list:
dist: 2.1541610793229373 vs. 2.1541610793229373
list:
dist: 0.6585863847904444 vs. 0.6585863847904444
list:
dist: 2.431359151729224 vs. 2.431359151729224
list:
dist: 2.6287144383642387 vs. 2.6287144383642387
list:
dist: 2.9320680029131814 vs. 2.9320680029131814
list:
dist: 1.6025484803059653 vs. 1.6025484803059653
list:
dist: 2.46281170538166 vs. 2.46281170538166
list:
dist: 1.75043637264851 vs. 1.75043637264851
list:
dist: 2.307407629955511 vs. 2.307407629955511
list:
dist: 2.0060117112896005 vs. 2.0060117112896005
list:
dist: 2.98424380123049 vs. 2.98424380123049
list:
dist: 2.5020064841271656 vs. 2.5020064841271656
list:
dist: 3.130805137017326 vs. 3.130805137017326
list:
dist: 2.687243988108618 vs. 2.687243988108618
list:
dist: 1.9424640918248732 vs. 1.9424640918248732
list:
dist: 2.274021737244088 vs. 2.274021737244088
list:
dist: 2.3465651664238916 vs. 2.3465651664238916
list:
dist: 3.8841098875131825 vs. 3.8841098875131825
list:
dist: 2.544399212041894 vs. 2.544399212041894
list:
dist: 3.536942593620315 vs. 3.536942593620315
list:
dist: 2.544399212041894 vs. 2.544399212041894
list:
dist: 2.520219585333814 vs. 2.520219585333814
list:
dist: 1.1901460387034004 vs. 1.1901460387034004
list:
dist: 1.02554428830747 vs. 1.02554428830747
list:
dist: 1.2150748972808598 vs. 1.2150748972808598
list:
dist: 0.617174459422611 vs. 0.617174459422611
list:
dist: 1.6385523886804911 vs. 1.6385523886804911
list:
dist: 2.7620605201251407 vs. 2.7620605201251407
list:
dist: 3.4610988273440713 vs. 3.4610988273440713
list:
dist: 2.498487382510303 vs. 2.498487382510303
list:
dist: 1.5346375159933454 vs. 1.5346375159933454
list:
dist: 2.054556983698045 vs. 2.054556983698045
list:
dist: 1.0885630991535453 vs. 1.0885630991535453
list:
dist: 4.3428898778536436 vs. 4.3428898778536436
list:
dist: 4.107570929189047 vs. 4.107570929189047
list:
dist: 1.6125978089048947 vs. 1.6125978089048947
list:
dist: 1.5777702705946954 vs. 1.5777702705946954
list:
dist: 2.3878542110987513 vs. 2.3878542110987513
list:
dist: 2.9097207968889034 vs. 2.9097207968889034
list:
dist: 4.024590830589787 vs. 4.024590830589787
list:
dist: 1.6409897163165788 vs. 1.6409897163165788
list:
dist: 2.1906859455053107 vs. 2.1906859455053107
list:
dist: 2.4939744777797435 vs. 2.4939744777797435
list:
dist: 3.132041996254589 vs. 3.132041996254589
list:
dist: 1.7526315688491216 vs. 1.7526315688491216
list:
dist: 2.302826981240194 vs. 2.302826981240194
list:
dist: 0.6585863847904444 vs. 0.6585863847904444
list:
dist: 1.8071732498902022 vs. 1.8071732498902022
list:
dist: 2.742592393932413 vs. 2.742592393932413
list:
dist: 2.5307713355961328 vs. 2.5307713355961328
list:
dist: 3.463605897811791 vs. 3.463605897811791
list:
dist: 3.029914622727603 vs. 3.029914622727603
list:
dist: 3.523852331245906 vs. 3.523852331245906
list:
dist: 1.6385282693657734 vs. 1.6385282693657734
list:
dist: 1.2232512611527122 vs. 1.2232512611527122
list:
dist: 1.8312491925608878 vs. 1.8312491925608878
list:
dist: 1.388655960554396 vs. 1.388655960554396
list:
dist: 1.714876420401939 vs. 1.714876420401939
list:
dist: 3.1807118829524406 vs. 3.1807118829524406
list:
dist: 1.8265312120612958 vs. 1.8265312120612958
list:
dist: 0.9041793900418786 vs. 0.9041793900418786
list:
dist: 1.1986145436247226 vs. 1.1986145436247226
list:
dist: 1.0155138416780565 vs. 1.0155138416780565
list:
dist: 1.0694599338326216 vs. 1.0694599338326216
list:
dist: 0.43667019192739953 vs. 0.43667019192739953
list:
dist: 1.625397912577968 vs. 1.625397912577968
list:
dist: 0.7646206210551246 vs. 0.7646206210551246
list:
dist: 1.7889147670567966 vs. 1.7889147670567966
list:
dist: 2.0290783956855236 vs. 2.0290783956855236
list:
dist: 2.0491840728445636 vs. 2.0491840728445636
list:
dist: 2.0651597125064898 vs. 2.0651597125064898
list:
dist: 1.628505980807994 vs. 1.628505980807994
list:
dist: 1.6440107239391921 vs. 1.6440107239391921
list:
dist: 1.7807768427274433 vs. 1.7807768427274433
list:
dist: 0.8225941323589153 vs. 0.8225941323589153
list:
dist: 2.6657822919576333 vs. 2.6657822919576333
list:
dist: 1.8805061215712053 vs. 1.8805061215712053
list:
dist: 1.9726920739892218 vs. 1.9726920739892218
list:
dist: 2.132446131861118 vs. 2.132446131861118
list:
dist: 1.8037898529492025 vs. 1.8037898529492025
list:
dist: 2.7896845698592077 vs. 2.7896845698592077
list:
dist: 2.1741912843673483 vs. 2.1741912843673483
list:
dist: 3.7153737016724344 vs. 3.7153737016724344
list:
dist: 2.283038369461424 vs. 2.283038369461424
list:
dist: 1.2896811363812584 vs. 1.2896811363812584
list:
dist: 1.1304339708310123 vs. 1.1304339708310123
list:
dist: 1.5682087342126998 vs. 1.5682087342126998
list:
dist: 1.1744449541647177 vs. 1.1744449541647177
list:
dist: 1.4927245023768865 vs. 1.4927245023768865
list:
dist: 3.28155360407013 vs. 3.28155360407013
list:
dist: 1.6861791024096793 vs. 1.6861791024096793
list:
dist: 1.2054496438929518 vs. 1.2054496438929518
list:
dist: 0.43667019192739953 vs. 0.43667019192739953
list:
dist: 1.6344639142551582 vs. 1.6344639142551582
list:
dist: 1.2107009822505017 vs. 1.2107009822505017
list:
dist: 1.3837779607168665 vs. 1.3837779607168665
list:
dist: 1.9663044495021464 vs. 1.9663044495021464
list:
dist: 0.37314330613893815 vs. 0.37314330613893815
list:
dist: 1.9787646866720208 vs. 1.9787646866720208
list:
dist: 2.446321143900677 vs. 2.446321143900677
list:
dist: 2.443937725207515 vs. 2.443937725207515
list:
dist: 2.3891771574997054 vs. 2.3891771574997054
list:
dist: 2.048074628145124 vs. 2.048074628145124
list:
dist: 1.881661426330423 vs. 1.881661426330423
list:
dist: 2.1501707781692843 vs. 2.1501707781692843
list:
dist: 1.0290822258540964 vs. 1.0290822258540964
list:
dist: 2.804232155363561 vs. 2.804232155363561
list:
dist: 1.9970006725135243 vs. 1.9970006725135243
list:
dist: 2.3685327341615032 vs. 2.3685327341615032
list:
dist: 2.4568007296996193 vs. 2.4568007296996193
list:
dist: 2.1276088932773947 vs. 2.1276088932773947
list:
dist: 3.175607629713088 vs. 3.175607629713088
list:
dist: 2.5475627119686455 vs. 2.5475627119686455
list:
dist: 4.086481547686541 vs. 4.086481547686541
list:
dist: 2.5677010398448297 vs. 2.5677010398448297
list:
dist: 2.566531542907329 vs. 2.566531542907329
list:
dist: 2.2910705157521845 vs. 2.2910705157521845
list:
dist: 1.2800730889093166 vs. 1.2800730889093166
list:
dist: 2.132446131861118 vs. 2.132446131861118
list:
dist: 1.5663353060571592 vs. 1.5663353060571592
list:
dist: 1.9563977215630688 vs. 1.9563977215630688
list:
dist: 2.417384041246569 vs. 2.417384041246569
list:
dist: 2.4568007296996193 vs. 2.4568007296996193
list:
dist: 1.316532742323154 vs. 1.316532742323154
list:
dist: 2.744408435408798 vs. 2.744408435408798
list:
dist: 1.9160138335407824 vs. 1.9160138335407824
list:
dist: 2.0736054156910484 vs. 2.0736054156910484
list:
dist: 2.4950496796228396 vs. 2.4950496796228396
list:
dist: 2.436868356585113 vs. 2.436868356585113
list:
dist: 1.9651382867338567 vs. 1.9651382867338567
list:
dist: 3.0586783854438466 vs. 3.0586783854438466
list:
dist: 2.250520338875197 vs. 2.250520338875197
list:
dist: 2.5958385785444493 vs. 2.5958385785444493
list:
dist: 3.4977672099648887 vs. 3.4977672099648887
list:
dist: 2.9811953442483747 vs. 2.9811953442483747
list:
dist: 1.0608053330635991 vs. 1.0608053330635991
list:
dist: 0.8799946998638248 vs. 0.8799946998638248
list:
dist: 1.1377509374593706 vs. 1.1377509374593706
list:
dist: 2.3303000773730003 vs. 2.3303000773730003
list:
dist: 3.0982141874402984 vs. 3.0982141874402984
list:
dist: 2.3464913177394746 vs. 2.3464913177394746
list:
dist: 1.2646156638806076 vs. 1.2646156638806076
list:
dist: 1.1486748574174461 vs. 1.1486748574174461
list:
dist: 1.6470605521349542 vs. 1.6470605521349542
list:
dist: 1.33749176947596 vs. 1.33749176947596
list:
dist: 1.1952935713198578 vs. 1.1952935713198578
list:
dist: 3.5791049025019332 vs. 3.5791049025019332
list:
dist: 1.7785592714457534 vs. 1.7785592714457534
list:
dist: 1.5288912429222477 vs. 1.5288912429222477
list:
dist: 0.7646206210551246 vs. 0.7646206210551246
list:
dist: 1.9298075123143978 vs. 1.9298075123143978
list:
dist: 1.5738439367111354 vs. 1.5738439367111354
list:
dist: 1.6717419426003293 vs. 1.6717419426003293
list:
dist: 0.37314330613893815 vs. 0.37314330613893815
list:
dist: 2.3346771534565747 vs. 2.3346771534565747
list:
dist: 2.027765784281372 vs. 2.027765784281372
list:
dist: 2.765107744398669 vs. 2.765107744398669
list:
dist: 2.7135079980501446 vs. 2.7135079980501446
list:
dist: 2.4994836806985297 vs. 2.4994836806985297
list:
dist: 2.3021263579818334 vs. 2.3021263579818334
list:
dist: 1.9923238970997152 vs. 1.9923238970997152
list:
dist: 2.3205413152387866 vs. 2.3205413152387866
list:
dist: 1.1470554453511694 vs. 1.1470554453511694
list:
dist: 2.726310243263005 vs. 2.726310243263005
list:
dist: 1.9216252331139891 vs. 1.9216252331139891
list:
dist: 2.620942502125411 vs. 2.620942502125411
list:
dist: 2.744408435408798 vs. 2.744408435408798
list:
dist: 2.34389962254617 vs. 2.34389962254617
list:
dist: 3.438178502898498 vs. 3.438178502898498
list:
dist: 2.7145215035644794 vs. 2.7145215035644794
list:
dist: 4.24000463614718 vs. 4.24000463614718
list:
dist: 2.6434758196123966 vs. 2.6434758196123966
list:
dist: 2.3465651664238916 vs. 2.3465651664238916
list:
dist: 3.0159866968612583 vs. 3.0159866968612583
list:
dist: 2.0579918581329713 vs. 2.0579918581329713
list:
dist: 1.5217566782712821 vs. 1.5217566782712821
list:
dist: 2.1858958128450237 vs. 2.1858958128450237
list:
dist: 1.637820275139405 vs. 1.637820275139405
list:
dist: 2.686134967793882 vs. 2.686134967793882
list:
dist: 2.8506545332047675 vs. 2.8506545332047675
list:
dist: 1.1165483957443894 vs. 1.1165483957443894
list:
dist: 1.2862959706087822 vs. 1.2862959706087822
list:
dist: 3.7540057355319085 vs. 3.7540057355319085
list:
dist: 3.644304687902381 vs. 3.644304687902381
list:
dist: 2.5814176232624297 vs. 2.5814176232624297
list:
dist: 1.0885630991535453 vs. 1.0885630991535453
list:
dist: 1.6187195217192267 vs. 1.6187195217192267
list:
dist: 3.8841098875131825 vs. 3.8841098875131825
list:
dist: 3.1720476319017177 vs. 3.1720476319017177
list:
dist: 1.705841659315936 vs. 1.705841659315936
list:
dist: 1.96880998337319 vs. 1.96880998337319
list:
dist: 1.6140464128781913 vs. 1.6140464128781913
list:
dist: 1.4611251311349422 vs. 1.4611251311349422
list:
dist: 1.499622838760769 vs. 1.499622838760769
list:
dist: 1.9158983457186765 vs. 1.9158983457186765
list:
dist: 2.837959265244658 vs. 2.837959265244658
list:
dist: 1.2572157875553447 vs. 1.2572157875553447
list:
dist: 2.758338478116965 vs. 2.758338478116965
list:
dist: 3.2954879144903826 vs. 3.2954879144903826
list:
dist: 2.5814176232624297 vs. 2.5814176232624297
list:
dist: 5.247180890076419 vs. 5.247180890076419
list:
dist: 4.948439454586281 vs. 4.948439454586281
list:
dist: 1.6125978089048947 vs. 1.6125978089048947
list:
dist: 1.912238135809138 vs. 1.912238135809138
list:
dist: 1.731113602209479 vs. 1.731113602209479
list:
dist: 1.7524337120309912 vs. 1.7524337120309912
list:
dist: 1.6144608961653368 vs. 1.6144608961653368
list:
dist: 1.1400657552211424 vs. 1.1400657552211424
list:
dist: 2.646091877945295 vs. 2.646091877945295
list:
dist: 2.3002305734018593 vs. 2.3002305734018593
list:
dist: 1.8064384393875825 vs. 1.8064384393875825
list:
dist: 0.8840206720915004 vs. 0.8840206720915004
list:
dist: 1.0155138416780565 vs. 1.0155138416780565
list:
dist: 1.4012630429428765 vs. 1.4012630429428765
list:
dist: 1.1643050819395728 vs. 1.1643050819395728
list:
dist: 1.2107009822505017 vs. 1.2107009822505017
list:
dist: 0.9636878318601514 vs. 0.9636878318601514
list:
dist: 1.5738439367111354 vs. 1.5738439367111354
list:
dist: 2.499720182275286 vs. 2.499720182275286
list:
dist: 1.8525968186256048 vs. 1.8525968186256048
list:
dist: 2.105184132544878 vs. 2.105184132544878
list:
dist: 2.7196903281556697 vs. 2.7196903281556697
list:
dist: 1.9000269847639384 vs. 1.9000269847639384
list:
dist: 2.2213089717390058 vs. 2.2213089717390058
list:
dist: 2.3190377376471742 vs. 2.3190377376471742
list:
dist: 1.6350134400371208 vs. 1.6350134400371208
list:
dist: 3.5810890114295844 vs. 3.5810890114295844
list:
dist: 2.833007031593383 vs. 2.833007031593383
list:
dist: 2.152694216497464 vs. 2.152694216497464
list:
dist: 1.9563977215630688 vs. 1.9563977215630688
list:
dist: 2.0683127532595504 vs. 2.0683127532595504
list:
dist: 2.7945390016174194 vs. 2.7945390016174194
list:
dist: 2.6685161033675406 vs. 2.6685161033675406
list:
dist: 4.122837678287435 vs. 4.122837678287435
list:
dist: 2.9736713722421526 vs. 2.9736713722421526
list:
dist: 0.837575933693613 vs. 0.837575933693613
list:
dist: 1.8018555942010104 vs. 1.8018555942010104
list:
dist: 0.7310470109066796 vs. 0.7310470109066796
list:
dist: 2.4506451543441745 vs. 2.4506451543441745
list:
dist: 2.5229117158306233 vs. 2.5229117158306233
list:
dist: 1.3511800531667286 vs. 1.3511800531667286
list:
dist: 1.601304990590812 vs. 1.601304990590812
list:
dist: 1.388655960554396 vs. 1.388655960554396
list:
dist: 2.359601835638591 vs. 2.359601835638591
list:
dist: 1.1400657552211424 vs. 1.1400657552211424
list:
dist: 1.9779830792878008 vs. 1.9779830792878008
list:
dist: 1.1744449541647177 vs. 1.1744449541647177
list:
dist: 2.03934720568132 vs. 2.03934720568132
list:
dist: 1.33749176947596 vs. 1.33749176947596
list:
dist: 2.9089826314600162 vs. 2.9089826314600162
list:
dist: 2.9545284480498113 vs. 2.9545284480498113
list:
dist: 3.1131084746098834 vs. 3.1131084746098834
list:
dist: 3.444928896674303 vs. 3.444928896674303
list:
dist: 2.858132773805048 vs. 2.858132773805048
list:
dist: 2.8314320304343026 vs. 2.8314320304343026
list:
dist: 3.1346871676820394 vs. 3.1346871676820394
list:
dist: 2.0844550000913338 vs. 2.0844550000913338
list:
dist: 3.973446554463201 vs. 3.973446554463201
list:
dist: 3.165592888447186 vs. 3.165592888447186
list:
dist: 1.4731348310101513 vs. 1.4731348310101513
list:
dist: 0.5229703500726431 vs. 0.5229703500726431
list:
dist: 0.837575933693613 vs. 0.837575933693613
list:
dist: 2.055662289250254 vs. 2.055662289250254
list:
dist: 3.3164129989813116 vs. 3.3164129989813116
list:
dist: 1.9606250479164196 vs. 1.9606250479164196
list:
dist: 2.1969680710047026 vs. 2.1969680710047026
list:
dist: 1.6385282693657734 vs. 1.6385282693657734
list:
dist: 2.7539373104520584 vs. 2.7539373104520584
list:
dist: 1.731113602209479 vs. 1.731113602209479
list:
dist: 2.1569351460376502 vs. 2.1569351460376502
list:
dist: 1.2896811363812584 vs. 1.2896811363812584
list:
dist: 2.6917472287004185 vs. 2.6917472287004185
list:
dist: 1.2646156638806076 vs. 1.2646156638806076
list:
dist: 3.2210969729467807 vs. 3.2210969729467807
list:
dist: 3.3397980635761777 vs. 3.3397980635761777
list:
dist: 3.360622460125966 vs. 3.360622460125966
list:
dist: 3.6344116563360633 vs. 3.6344116563360633
list:
dist: 3.162658467771733 vs. 3.162658467771733
list:
dist: 2.7752440925788124 vs. 2.7752440925788124
list:
dist: 3.35024983974472 vs. 3.35024983974472
list:
dist: 2.0867691364613283 vs. 2.0867691364613283
list:
dist: 3.940760710619074 vs. 3.940760710619074
list:
dist: 3.1478802339860326 vs. 3.1478802339860326
list:
dist: 0.5229703500726431 vs. 0.5229703500726431
list:
dist: 1.7404489916106403 vs. 1.7404489916106403
list:
dist: 0.7310470109066796 vs. 0.7310470109066796
list:
dist: 2.5316689915818693 vs. 2.5316689915818693
list:
dist: 2.9610382654585288 vs. 2.9610382654585288
list:
dist: 2.0169188631025943 vs. 2.0169188631025943
list:
dist: 2.2352851110525 vs. 2.2352851110525
list:
dist: 1.8312491925608878 vs. 1.8312491925608878
list:
dist: 2.8265840577680823 vs. 2.8265840577680823
list:
dist: 1.6144608961653368 vs. 1.6144608961653368
list:
dist: 2.1982359965156135 vs. 2.1982359965156135
list:
dist: 1.5682087342126998 vs. 1.5682087342126998
list:
dist: 2.554754743670602 vs. 2.554754743670602
list:
dist: 1.6470605521349542 vs. 1.6470605521349542
list:
dist: 3.4886430177483017 vs. 3.4886430177483017
list:
dist: 3.2995403766429483 vs. 3.2995403766429483
list:
dist: 3.386250051672858 vs. 3.386250051672858
list:
dist: 3.8662051452177053 vs. 3.8662051452177053
list:
dist: 3.2559176498555806 vs. 3.2559176498555806
list:
dist: 2.9806060340356573 vs. 2.9806060340356573
list:
dist: 3.5311604414847166 vs. 3.5311604414847166
list:
dist: 2.339114242854067 vs. 2.339114242854067
list:
dist: 4.312293991250964 vs. 4.312293991250964
list:
dist: 3.514417410750764 vs. 3.514417410750764
list:
dist: 3.2210969729467807 vs. 3.2210969729467807
list:
dist: 2.748163909306215 vs. 2.748163909306215
list:
dist: 3.4886430177483017 vs. 3.4886430177483017
list:
dist: 2.9089826314600162 vs. 2.9089826314600162
list:
dist: 2.3739970016993177 vs. 2.3739970016993177
list:
dist: 2.442163863859187 vs. 2.442163863859187
list:
dist: 1.6989632349636004 vs. 1.6989632349636004
list:
dist: 1.7889147670567966 vs. 1.7889147670567966
list:
dist: 1.718651273338836 vs. 1.718651273338836
list:
dist: 2.499720182275286 vs. 2.499720182275286
list:
dist: 2.4489562485601466 vs. 2.4489562485601466
list:
dist: 1.9787646866720208 vs. 1.9787646866720208
list:
dist: 2.4973518707178837 vs. 2.4973518707178837
list:
dist: 2.027765784281372 vs. 2.027765784281372
list:
dist: 1.4667614757032206 vs. 1.4667614757032206
list:
dist: 1.9312351629167899 vs. 1.9312351629167899
list:
dist: 2.424545324664522 vs. 2.424545324664522
list:
dist: 1.6560265735652027 vs. 1.6560265735652027
list:
dist: 1.8973278454427722 vs. 1.8973278454427722
list:
dist: 1.8313189273021326 vs. 1.8313189273021326
list:
dist: 1.3624050940436787 vs. 1.3624050940436787
list:
dist: 1.4695197368074409 vs. 1.4695197368074409
list:
dist: 1.9160138335407824 vs. 1.9160138335407824
list:
dist: 1.0696823026707958 vs. 1.0696823026707958
list:
dist: 2.09722200733159 vs. 2.09722200733159
list:
dist: 1.770957612348193 vs. 1.770957612348193
list:
dist: 2.706418355991864 vs. 2.706418355991864
list:
dist: 1.0722676274636875 vs. 1.0722676274636875
list:
dist: 2.055662289250254 vs. 2.055662289250254
list:
dist: 1.3747310210893742 vs. 1.3747310210893742
list:
dist: 2.5316689915818693 vs. 2.5316689915818693
list:
dist: 2.4506451543441745 vs. 2.4506451543441745
list:
dist: 2.5500393575097386 vs. 2.5500393575097386
list:
dist: 1.714876420401939 vs. 1.714876420401939
list:
dist: 2.580981019355225 vs. 2.580981019355225
list:
dist: 2.646091877945295 vs. 2.646091877945295
list:
dist: 2.271927291643547 vs. 2.271927291643547
list:
dist: 1.4927245023768865 vs. 1.4927245023768865
list:
dist: 3.3253610778756317 vs. 3.3253610778756317
list:
dist: 1.1952935713198578 vs. 1.1952935713198578
list:
dist: 2.3739970016993177 vs. 2.3739970016993177
list:
dist: 2.538811322735885 vs. 2.538811322735885
list:
dist: 2.7292355689982273 vs. 2.7292355689982273
list:
dist: 1.9455535506024149 vs. 1.9455535506024149
list:
dist: 2.509240598703935 vs. 2.509240598703935
list:
dist: 1.4354054566886625 vs. 1.4354054566886625
list:
dist: 2.206763866970523 vs. 2.206763866970523
list:
dist: 1.566811928919467 vs. 1.566811928919467
list:
dist: 2.0867691364613283 vs. 2.0867691364613283
list:
dist: 0.9765231470465139 vs. 0.9765231470465139
list:
dist: 2.339114242854067 vs. 2.339114242854067
list:
dist: 2.0844550000913338 vs. 2.0844550000913338
list:
dist: 1.4354054566886625 vs. 1.4354054566886625
list:
dist: 1.5583146648146071 vs. 1.5583146648146071
list:
dist: 0.8225941323589153 vs. 0.8225941323589153
list:
dist: 1.2317457721704403 vs. 1.2317457721704403
list:
dist: 1.6350134400371208 vs. 1.6350134400371208
list:
dist: 0.9356608425017294 vs. 0.9356608425017294
list:
dist: 1.0290822258540964 vs. 1.0290822258540964
list:
dist: 2.0853964900830197 vs. 2.0853964900830197
list:
dist: 1.1470554453511694 vs. 1.1470554453511694
list:
dist: 1.8973278454427722 vs. 1.8973278454427722
list:
dist: 1.9178104616856841 vs. 1.9178104616856841
list:
dist: 1.699161430214262 vs. 1.699161430214262
list:
dist: 1.6313956944117165 vs. 1.6313956944117165
list:
dist: 1.3624364574345824 vs. 1.3624364574345824
list:
dist: 0.8748282819898122 vs. 0.8748282819898122
list:
dist: 1.348599350092347 vs. 1.348599350092347
list:
dist: 2.142538561974617 vs. 2.142538561974617
list:
dist: 1.426980718563476 vs. 1.426980718563476
list:
dist: 2.0871783737752043 vs. 2.0871783737752043
list:
dist: 2.5958385785444493 vs. 2.5958385785444493
list:
dist: 2.1023534581514283 vs. 2.1023534581514283
list:
dist: 2.9593376303658085 vs. 2.9593376303658085
list:
dist: 1.7668764144167917 vs. 1.7668764144167917
list:
dist: 3.384440457490288 vs. 3.384440457490288
list:
dist: 2.0203370025598195 vs. 2.0203370025598195
list:
dist: 3.277863151584549 vs. 3.277863151584549
list:
dist: 2.328978571026727 vs. 2.328978571026727
list:
dist: 1.2238771759530385 vs. 1.2238771759530385
list:
dist: 1.8037898529492025 vs. 1.8037898529492025
list:
dist: 1.2726320626247007 vs. 1.2726320626247007
list:
dist: 2.0683127532595504 vs. 2.0683127532595504
list:
dist: 2.224024148952251 vs. 2.224024148952251
list:
dist: 2.1276088932773947 vs. 2.1276088932773947
list:
dist: 1.7035017081762305 vs. 1.7035017081762305
list:
dist: 2.34389962254617 vs. 2.34389962254617
list:
dist: 1.0696823026707958 vs. 1.0696823026707958
list:
dist: 2.0683792580756633 vs. 2.0683792580756633
list:
dist: 2.298149247776493 vs. 2.298149247776493
list:
dist: 1.7057654576959753 vs. 1.7057654576959753
list:
dist: 1.5965916966112725 vs. 1.5965916966112725
list:
dist: 2.5694603392847095 vs. 2.5694603392847095
list:
dist: 1.6504843869564307 vs. 1.6504843869564307
list:
dist: 2.1023534581514283 vs. 2.1023534581514283
list:
dist: 2.645386409114065 vs. 2.645386409114065
list:
dist: 2.1667780609514247 vs. 2.1667780609514247
list:
dist: 0.661809450281126 vs. 0.661809450281126
list:
dist: 0.8799946998638248 vs. 0.8799946998638248
list:
dist: 1.1968629139128415 vs. 1.1968629139128415
list:
dist: 1.7269029393984046 vs. 1.7269029393984046
list:
dist: 2.596742243204484 vs. 2.596742243204484
list:
dist: 1.5149190284320622 vs. 1.5149190284320622
list:
dist: 3.162658467771733 vs. 3.162658467771733
list:
dist: 2.1916088927496538 vs. 2.1916088927496538
list:
dist: 3.2559176498555806 vs. 3.2559176498555806
list:
dist: 2.858132773805048 vs. 2.858132773805048
list:
dist: 2.7292355689982273 vs. 2.7292355689982273
list:
dist: 1.6121589261826892 vs. 1.6121589261826892
list:
dist: 1.628505980807994 vs. 1.628505980807994
list:
dist: 0.5756283513249959 vs. 0.5756283513249959
list:
dist: 1.9000269847639384 vs. 1.9000269847639384
list:
dist: 1.1984598950103247 vs. 1.1984598950103247
list:
dist: 2.048074628145124 vs. 2.048074628145124
list:
dist: 1.6394532235783768 vs. 1.6394532235783768
list:
dist: 2.3021263579818334 vs. 2.3021263579818334
list:
dist: 1.9312351629167899 vs. 1.9312351629167899
list:
dist: 0.8654455929243615 vs. 0.8654455929243615
list:
dist: 0.7588979818543742 vs. 0.7588979818543742
list:
dist: 1.129223849653913 vs. 1.129223849653913
list:
dist: 1.287027737204846 vs. 1.287027737204846
list:
dist: 0.622350925581809 vs. 0.622350925581809
list:
dist: 1.3624364574345824 vs. 1.3624364574345824
list:
dist: 2.3748750940143046 vs. 2.3748750940143046
list:
dist: 1.9418902878164792 vs. 1.9418902878164792
list:
dist: 1.1625143293951385 vs. 1.1625143293951385
list:
dist: 1.9651382867338567 vs. 1.9651382867338567
list:
dist: 1.5965916966112725 vs. 1.5965916966112725
list:
dist: 1.9083507088914777 vs. 1.9083507088914777
list:
dist: 0.8645073811385788 vs. 0.8645073811385788
list:
dist: 2.355939191082132 vs. 2.355939191082132
list:
dist: 1.6220683896293062 vs. 1.6220683896293062
list:
dist: 3.3164129989813116 vs. 3.3164129989813116
list:
dist: 3.9841472275764898 vs. 3.9841472275764898
list:
dist: 2.9610382654585288 vs. 2.9610382654585288
list:
dist: 2.5229117158306233 vs. 2.5229117158306233
list:
dist: 2.444667449685579 vs. 2.444667449685579
list:
dist: 2.5411226056503056 vs. 2.5411226056503056
list:
dist: 3.1807118829524406 vs. 3.1807118829524406
list:
dist: 3.2736856111770667 vs. 3.2736856111770667
list:
dist: 2.3002305734018593 vs. 2.3002305734018593
list:
dist: 3.371596683984071 vs. 3.371596683984071
list:
dist: 3.28155360407013 vs. 3.28155360407013
list:
dist: 2.1424948557036845 vs. 2.1424948557036845
list:
dist: 3.5791049025019332 vs. 3.5791049025019332
list:
dist: 3.458432101906107 vs. 3.458432101906107
list:
dist: 2.566531542907329 vs. 2.566531542907329
list:
dist: 3.277863151584549 vs. 3.277863151584549
list:
dist: 3.5679850608362473 vs. 3.5679850608362473
list:
dist: 3.6344116563360633 vs. 3.6344116563360633
list:
dist: 2.5857671397596267 vs. 2.5857671397596267
list:
dist: 3.8662051452177053 vs. 3.8662051452177053
list:
dist: 3.444928896674303 vs. 3.444928896674303
list:
dist: 2.538811322735885 vs. 2.538811322735885
list:
dist: 2.192466902582415 vs. 2.192466902582415
list:
dist: 2.0651597125064898 vs. 2.0651597125064898
list:
dist: 1.4225203632510914 vs. 1.4225203632510914
list:
dist: 2.7196903281556697 vs. 2.7196903281556697
list:
dist: 2.04733366000172 vs. 2.04733366000172
list:
dist: 2.3891771574997054 vs. 2.3891771574997054
list:
dist: 2.5844168573007975 vs. 2.5844168573007975
list:
dist: 2.4994836806985297 vs. 2.4994836806985297
list:
dist: 1.4667614757032206 vs. 1.4667614757032206
list:
dist: 1.9648065767718834 vs. 1.9648065767718834
list:
dist: 1.71698658841472 vs. 1.71698658841472
list:
dist: 1.129223849653913 vs. 1.129223849653913
list:
dist: 1.5480584989792336 vs. 1.5480584989792336
list:
dist: 0.5279730710628769 vs. 0.5279730710628769
list:
dist: 1.6313956944117165 vs. 1.6313956944117165
list:
dist: 1.351657315730782 vs. 1.351657315730782
list:
dist: 1.1944542126530566 vs. 1.1944542126530566
list:
dist: 1.443496875584573 vs. 1.443496875584573
list:
dist: 2.436868356585113 vs. 2.436868356585113
list:
dist: 1.7057654576959753 vs. 1.7057654576959753
list:
dist: 2.138529450567343 vs. 2.138529450567343
list:
dist: 0.47466141649476523 vs. 0.47466141649476523
list:
dist: 1.805064717666756 vs. 1.805064717666756
list:
dist: 0.67004148554729 vs. 0.67004148554729
list:
dist: 2.6917472287004185 vs. 2.6917472287004185
list:
dist: 2.504525364385218 vs. 2.504525364385218
list:
dist: 2.554754743670602 vs. 2.554754743670602
list:
dist: 2.03934720568132 vs. 2.03934720568132
list:
dist: 3.3253610778756317 vs. 3.3253610778756317
list:
dist: 2.1424948557036845 vs. 2.1424948557036845
list:
dist: 2.284589091849755 vs. 2.284589091849755
list:
dist: 0.9972724022420328 vs. 0.9972724022420328
list:
dist: 1.625397912577968 vs. 1.625397912577968
list:
dist: 1.189258939269501 vs. 1.189258939269501
list:
dist: 0.9636878318601514 vs. 0.9636878318601514
list:
dist: 1.4960868373482539 vs. 1.4960868373482539
list:
dist: 1.9663044495021464 vs. 1.9663044495021464
list:
dist: 2.3346771534565747 vs. 2.3346771534565747
list:
dist: 2.4973518707178837 vs. 2.4973518707178837
list:
dist: 1.3688620832324938 vs. 1.3688620832324938
list:
dist: 1.8415440823643139 vs. 1.8415440823643139
list:
dist: 2.5844168573007975 vs. 2.5844168573007975
list:
dist: 1.6394532235783768 vs. 1.6394532235783768
list:
dist: 2.4759379243993043 vs. 2.4759379243993043
list:
dist: 2.1701849441239762 vs. 2.1701849441239762
list:
dist: 2.0853964900830197 vs. 2.0853964900830197
list:
dist: 3.7074077182872704 vs. 3.7074077182872704
list:
dist: 3.06906638476011 vs. 3.06906638476011
list:
dist: 1.6142781122362542 vs. 1.6142781122362542
list:
dist: 1.316532742323154 vs. 1.316532742323154
list:
dist: 1.7035017081762305 vs. 1.7035017081762305
list:
dist: 2.0481977683091754 vs. 2.0481977683091754
list:
dist: 2.403004612951391 vs. 2.403004612951391
list:
dist: 3.6129186445172783 vs. 3.6129186445172783
list:
dist: 2.8103525253159116 vs. 2.8103525253159116
list:
dist: 3.458432101906107 vs. 3.458432101906107
list:
dist: 2.8435120020524653 vs. 2.8435120020524653
list:
dist: 1.4660191389997181 vs. 1.4660191389997181
list:
dist: 1.9726920739892218 vs. 1.9726920739892218
list:
dist: 1.0266858258246225 vs. 1.0266858258246225
list:
dist: 2.152694216497464 vs. 2.152694216497464
list:
dist: 2.056018376680594 vs. 2.056018376680594
list:
dist: 2.3685327341615032 vs. 2.3685327341615032
list:
dist: 1.6142781122362542 vs. 1.6142781122362542
list:
dist: 2.620942502125411 vs. 2.620942502125411
list:
dist: 1.4695197368074409 vs. 1.4695197368074409
list:
dist: 1.57474857912964 vs. 1.57474857912964
list:
dist: 1.8080891671909751 vs. 1.8080891671909751
list:
dist: 1.443496875584573 vs. 1.443496875584573
list:
dist: 1.1625143293951385 vs. 1.1625143293951385
list:
dist: 2.3363505976518293 vs. 2.3363505976518293
list:
dist: 1.2992451116848434 vs. 1.2992451116848434
list:
dist: 2.0871783737752043 vs. 2.0871783737752043
list:
dist: 2.635489415162601 vs. 2.635489415162601
list:
dist: 2.2448350604291893 vs. 2.2448350604291893
list:
dist: 1.0608053330635991 vs. 1.0608053330635991
list:
dist: 0.661809450281126 vs. 0.661809450281126
list:
dist: 0.8766591460115689 vs. 0.8766591460115689
list:
dist: 1.2941728400891737 vs. 1.2941728400891737
list:
dist: 2.1517780538813507 vs. 2.1517780538813507
list:
dist: 1.4377646795494747 vs. 1.4377646795494747
list:
dist: 2.7752440925788124 vs. 2.7752440925788124
list:
dist: 1.391709038705438 vs. 1.391709038705438
list:
dist: 2.9806060340356573 vs. 2.9806060340356573
list:
dist: 2.8314320304343026 vs. 2.8314320304343026
list:
dist: 1.9455535506024149 vs. 1.9455535506024149
list:
dist: 2.2263718632013836 vs. 2.2263718632013836
list:
dist: 1.6440107239391921 vs. 1.6440107239391921
list:
dist: 1.5086766402089868 vs. 1.5086766402089868
list:
dist: 2.2213089717390058 vs. 2.2213089717390058
list:
dist: 1.1343085000342121 vs. 1.1343085000342121
list:
dist: 1.881661426330423 vs. 1.881661426330423
list:
dist: 2.4759379243993043 vs. 2.4759379243993043
list:
dist: 1.9923238970997152 vs. 1.9923238970997152
list:
dist: 2.424545324664522 vs. 2.424545324664522
list:
dist: 1.7726596500594836 vs. 1.7726596500594836
list:
dist: 1.3159177608091683 vs. 1.3159177608091683
list:
dist: 1.5480584989792336 vs. 1.5480584989792336
list:
dist: 1.287027737204846 vs. 1.287027737204846
list:
dist: 1.219581185844403 vs. 1.219581185844403
list:
dist: 0.8748282819898122 vs. 0.8748282819898122
list:
dist: 2.1249828406890443 vs. 2.1249828406890443
list:
dist: 1.6663539431570522 vs. 1.6663539431570522
list:
dist: 2.3363505976518293 vs. 2.3363505976518293
list:
dist: 3.0586783854438466 vs. 3.0586783854438466
list:
dist: 2.5694603392847095 vs. 2.5694603392847095
list:
dist: 3.1554701949278683 vs. 3.1554701949278683
list:
dist: 1.5667909083903886 vs. 1.5667909083903886
list:
dist: 3.132537397783363 vs. 3.132537397783363
list:
dist: 2.1385839184602973 vs. 2.1385839184602973
list:
dist: 3.1478802339860326 vs. 3.1478802339860326
list:
dist: 2.196050961051478 vs. 2.196050961051478
list:
dist: 3.514417410750764 vs. 3.514417410750764
list:
dist: 3.165592888447186 vs. 3.165592888447186
list:
dist: 1.566811928919467 vs. 1.566811928919467
list:
dist: 2.347788616692843 vs. 2.347788616692843
list:
dist: 1.8805061215712053 vs. 1.8805061215712053
list:
dist: 1.9867562728943595 vs. 1.9867562728943595
list:
dist: 2.833007031593383 vs. 2.833007031593383
list:
dist: 2.273334325851743 vs. 2.273334325851743
list:
dist: 1.9970006725135243 vs. 1.9970006725135243
list:
dist: 3.06906638476011 vs. 3.06906638476011
list:
dist: 1.9216252331139891 vs. 1.9216252331139891
list:
dist: 1.3624050940436787 vs. 1.3624050940436787
list:
dist: 1.1944542126530566 vs. 1.1944542126530566
list:
dist: 1.9418902878164792 vs. 1.9418902878164792
list:
dist: 1.6663539431570522 vs. 1.6663539431570522
list:
dist: 1.4439441078387945 vs. 1.4439441078387945
list:
dist: 1.426980718563476 vs. 1.426980718563476
list:
dist: 0.8098701652909213 vs. 0.8098701652909213
list:
dist: 2.2448350604291893 vs. 2.2448350604291893
list:
dist: 2.9811953442483747 vs. 2.9811953442483747
list:
dist: 2.1667780609514247 vs. 2.1667780609514247
list:
dist: 3.0264309760727968 vs. 3.0264309760727968
list:
dist: 1.6400910609111177 vs. 1.6400910609111177
list:
dist: 2.8405835055542394 vs. 2.8405835055542394
list:
dist: 1.2325723325550926 vs. 1.2325723325550926
list:
dist: 3.940760710619074 vs. 3.940760710619074
list:
dist: 2.9001429873506486 vs. 2.9001429873506486
list:
dist: 4.312293991250964 vs. 4.312293991250964
list:
dist: 3.973446554463201 vs. 3.973446554463201
list:
dist: 2.206763866970523 vs. 2.206763866970523
list:
dist: 3.060407122621443 vs. 3.060407122621443
list:
dist: 2.6657822919576333 vs. 2.6657822919576333
list:
dist: 2.5613293956539276 vs. 2.5613293956539276
list:
dist: 3.5810890114295844 vs. 3.5810890114295844
list:
dist: 2.9216898110982696 vs. 2.9216898110982696
list:
dist: 2.804232155363561 vs. 2.804232155363561
list:
dist: 3.7074077182872704 vs. 3.7074077182872704
list:
dist: 2.726310243263005 vs. 2.726310243263005
list:
dist: 1.8313189273021326 vs. 1.8313189273021326
list:
dist: 1.351657315730782 vs. 1.351657315730782
list:
dist: 2.3748750940143046 vs. 2.3748750940143046
list:
dist: 2.1249828406890443 vs. 2.1249828406890443
list:
dist: 1.773002971883835 vs. 1.773002971883835
list:
dist: 2.142538561974617 vs. 2.142538561974617
list:
dist: 0.8098701652909213 vs. 0.8098701652909213
list:
dist: 2.635489415162601 vs. 2.635489415162601
list:
dist: 3.4977672099648887 vs. 3.4977672099648887
list:
dist: 2.645386409114065 vs. 2.645386409114065
list:
dist: 3.3017278353610617 vs. 3.3017278353610617
list:
dist: 1.7946873300274762 vs. 1.7946873300274762
list:
dist: 2.5708301079114806 vs. 2.5708301079114806
list:
dist: 1.2970494199231062 vs. 1.2970494199231062
list:
dist: 1.9606250479164196 vs. 1.9606250479164196
list:
dist: 2.7523224890497597 vs. 2.7523224890497597
list:
dist: 2.0169188631025943 vs. 2.0169188631025943
list:
dist: 1.3511800531667286 vs. 1.3511800531667286
list:
dist: 2.444667449685579 vs. 2.444667449685579
list:
dist: 1.5784267884804102 vs. 1.5784267884804102
list:
dist: 1.8265312120612958 vs. 1.8265312120612958
list:
dist: 2.5924565698265547 vs. 2.5924565698265547
list:
dist: 1.8064384393875825 vs. 1.8064384393875825
list:
dist: 2.73747350940265 vs. 2.73747350940265
list:
dist: 1.6861791024096793 vs. 1.6861791024096793
list:
dist: 2.284589091849755 vs. 2.284589091849755
list:
dist: 1.7785592714457534 vs. 1.7785592714457534
list:
dist: 2.442163863859187 vs. 2.442163863859187
list:
dist: 2.8435120020524653 vs. 2.8435120020524653
list:
dist: 2.2910705157521845 vs. 2.2910705157521845
list:
dist: 2.328978571026727 vs. 2.328978571026727
list:
dist: 3.343999275518135 vs. 3.343999275518135
list:
dist: 1.4731348310101513 vs. 1.4731348310101513
list:
dist: 1.7404489916106403 vs. 1.7404489916106403
list:
dist: 1.8018555942010104 vs. 1.8018555942010104
list:
dist: 1.3747310210893742 vs. 1.3747310210893742
list:
dist: 3.9841472275764898 vs. 3.9841472275764898
list:
dist: 2.7523224890497597 vs. 2.7523224890497597
list:
dist: 2.0784051601212776 vs. 2.0784051601212776
list:
dist: 1.2232512611527122 vs. 1.2232512611527122
list:
dist: 2.0179912789892853 vs. 2.0179912789892853
list:
dist: 1.7524337120309912 vs. 1.7524337120309912
list:
dist: 1.2340191963847973 vs. 1.2340191963847973
list:
dist: 1.1304339708310123 vs. 1.1304339708310123
list:
dist: 2.504525364385218 vs. 2.504525364385218
list:
dist: 1.1486748574174461 vs. 1.1486748574174461
list:
dist: 2.748163909306215 vs. 2.748163909306215
list:
dist: 2.4968608235387717 vs. 2.4968608235387717
list:
dist: 2.2877331563202947 vs. 2.2877331563202947
list:
dist: 2.5857671397596267 vs. 2.5857671397596267
list:
dist: 2.1916088927496538 vs. 2.1916088927496538
list:
dist: 1.391709038705438 vs. 1.391709038705438
list:
dist: 2.2809740799594755 vs. 2.2809740799594755
list:
dist: 0.9765231470465139 vs. 0.9765231470465139
list:
dist: 2.9001429873506486 vs. 2.9001429873506486
list:
dist: 2.196050961051478 vs. 2.196050961051478
list:
dist: 3.9275749699101605 vs. 3.9275749699101605
list:
dist: 3.2748744598917408 vs. 3.2748744598917408
list:
dist: 2.0647272369250262 vs. 2.0647272369250262
list:
dist: 3.5679850608362473 vs. 3.5679850608362473
list:
dist: 3.343999275518135 vs. 3.343999275518135
list:
dist: 2.1303496180701056 vs. 2.1303496180701056
list:
dist: 2.7896845698592077 vs. 2.7896845698592077
list:
dist: 1.8317438348010302 vs. 1.8317438348010302
list:
dist: 2.7945390016174194 vs. 2.7945390016174194
list:
dist: 2.831738443803906 vs. 2.831738443803906
list:
dist: 3.175607629713088 vs. 3.175607629713088
list:
dist: 2.0481977683091754 vs. 2.0481977683091754
list:
dist: 3.438178502898498 vs. 3.438178502898498
list:
dist: 2.09722200733159 vs. 2.09722200733159
list:
dist: 2.0740509425774043 vs. 2.0740509425774043
list:
dist: 2.408345728102505 vs. 2.408345728102505
list:
dist: 2.138529450567343 vs. 2.138529450567343
list:
dist: 1.9083507088914777 vs. 1.9083507088914777
list:
dist: 3.1554701949278683 vs. 3.1554701949278683
list:
dist: 2.0631795489190696 vs. 2.0631795489190696
list:
dist: 2.9593376303658085 vs. 2.9593376303658085
list:
dist: 3.3017278353610617 vs. 3.3017278353610617
list:
dist: 3.0264309760727968 vs. 3.0264309760727968
list:
dist: 0.8766591460115689 vs. 0.8766591460115689
list:
dist: 1.1377509374593706 vs. 1.1377509374593706
list:
dist: 1.1968629139128415 vs. 1.1968629139128415
list:
dist: 1.9283922481825244 vs. 1.9283922481825244
list:
dist: 2.1330987087236046 vs. 2.1330987087236046
list:
dist: 2.015439069574789 vs. 2.015439069574789
list:
dist: 3.35024983974472 vs. 3.35024983974472
list:
dist: 2.2809740799594755 vs. 2.2809740799594755
list:
dist: 3.5311604414847166 vs. 3.5311604414847166
list:
dist: 3.1346871676820394 vs. 3.1346871676820394
list:
dist: 2.509240598703935 vs. 2.509240598703935
list:
dist: 1.904284106976974 vs. 1.904284106976974
list:
dist: 1.7807768427274433 vs. 1.7807768427274433
list:
dist: 0.9968464427237209 vs. 0.9968464427237209
list:
dist: 2.3190377376471742 vs. 2.3190377376471742
list:
dist: 1.575965606340041 vs. 1.575965606340041
list:
dist: 2.1501707781692843 vs. 2.1501707781692843
list:
dist: 2.1701849441239762 vs. 2.1701849441239762
list:
dist: 2.3205413152387866 vs. 2.3205413152387866
list:
dist: 1.6560265735652027 vs. 1.6560265735652027
list:
dist: 1.4650308067615163 vs. 1.4650308067615163
list:
dist: 1.2114351990771828 vs. 1.2114351990771828
list:
dist: 0.5279730710628769 vs. 0.5279730710628769
list:
dist: 0.622350925581809 vs. 0.622350925581809
list:
dist: 1.219581185844403 vs. 1.219581185844403
list:
dist: 1.348599350092347 vs. 1.348599350092347
list:
dist: 1.773002971883835 vs. 1.773002971883835
list:
dist: 1.4439441078387945 vs. 1.4439441078387945
list:
dist: 1.2992451116848434 vs. 1.2992451116848434
list:
dist: 2.250520338875197 vs. 2.250520338875197
list:
dist: 1.6504843869564307 vs. 1.6504843869564307
list:
dist: 2.0631795489190696 vs. 2.0631795489190696
list:
dist: 0.42165388231709056 vs. 0.42165388231709056
list:
dist: 2.052653349611091 vs. 2.052653349611091
list:
dist: 1.117105480819876 vs. 1.117105480819876
list:
dist: 3.527814619585871 vs. 3.527814619585871
list:
dist: 3.7153737016724344 vs. 3.7153737016724344
list:
dist: 2.735624350954741 vs. 2.735624350954741
list:
dist: 4.122837678287435 vs. 4.122837678287435
list:
dist: 3.5408528976102116 vs. 3.5408528976102116
list:
dist: 4.086481547686541 vs. 4.086481547686541
list:
dist: 3.6129186445172783 vs. 3.6129186445172783
list:
dist: 4.24000463614718 vs. 4.24000463614718
list:
dist: 2.706418355991864 vs. 2.706418355991864
list:
dist: 2.81122948158156 vs. 2.81122948158156
list:
dist: 2.6968213413619133 vs. 2.6968213413619133
list:
dist: 1.805064717666756 vs. 1.805064717666756
list:
dist: 2.355939191082132 vs. 2.355939191082132
list:
dist: 3.132537397783363 vs. 3.132537397783363
list:
dist: 2.052653349611091 vs. 2.052653349611091
list:
dist: 3.384440457490288 vs. 3.384440457490288
list:
dist: 2.5708301079114806 vs. 2.5708301079114806
list:
dist: 2.8405835055542394 vs. 2.8405835055542394
list:
dist: 2.1517780538813507 vs. 2.1517780538813507
list:
dist: 3.0982141874402984 vs. 3.0982141874402984
list:
dist: 2.596742243204484 vs. 2.596742243204484
list:
dist: 2.1330987087236046 vs. 2.1330987087236046
list:
dist: 1.6337324569154867 vs. 1.6337324569154867
list:
dist: 1.760734422783774 vs. 1.760734422783774
list:
dist: 2.1969680710047026 vs. 2.1969680710047026
list:
dist: 2.0784051601212776 vs. 2.0784051601212776
list:
dist: 2.2352851110525 vs. 2.2352851110525
list:
dist: 1.601304990590812 vs. 1.601304990590812
list:
dist: 2.5500393575097386 vs. 2.5500393575097386
list:
dist: 2.5411226056503056 vs. 2.5411226056503056
list:
dist: 1.5784267884804102 vs. 1.5784267884804102
list:
dist: 0.9041793900418786 vs. 0.9041793900418786
list:
dist: 1.0386950127163943 vs. 1.0386950127163943
list:
dist: 0.8840206720915004 vs. 0.8840206720915004
list:
dist: 1.454651739996094 vs. 1.454651739996094
list:
dist: 1.2054496438929518 vs. 1.2054496438929518
list:
dist: 0.9972724022420328 vs. 0.9972724022420328
list:
dist: 1.5288912429222477 vs. 1.5288912429222477
list:
dist: 1.6989632349636004 vs. 1.6989632349636004
list:
dist: 1.852114292810349 vs. 1.852114292810349
list:
dist: 2.1106520819643526 vs. 2.1106520819643526
list:
dist: 2.192466902582415 vs. 2.192466902582415
list:
dist: 1.6121589261826892 vs. 1.6121589261826892
list:
dist: 2.2263718632013836 vs. 2.2263718632013836
list:
dist: 1.904284106976974 vs. 1.904284106976974
list:
dist: 1.5583146648146071 vs. 1.5583146648146071
list:
dist: 3.060407122621443 vs. 3.060407122621443
list:
dist: 2.347788616692843 vs. 2.347788616692843
list:
dist: 1.4660191389997181 vs. 1.4660191389997181
list:
dist: 1.2800730889093166 vs. 1.2800730889093166
list:
dist: 1.2238771759530385 vs. 1.2238771759530385
list:
dist: 2.1303496180701056 vs. 2.1303496180701056
list:
dist: 2.199961426982003 vs. 2.199961426982003
list:
dist: 3.527814619585871 vs. 3.527814619585871
list:
dist: 2.2868200607569427 vs. 2.2868200607569427
list:
dist: 2.2868200607569427 vs. 2.2868200607569427
list:
dist: 2.283038369461424 vs. 2.283038369461424
list:
dist: 1.7546058965153577 vs. 1.7546058965153577
list:
dist: 2.9736713722421526 vs. 2.9736713722421526
list:
dist: 2.519249376140256 vs. 2.519249376140256
list:
dist: 2.5677010398448297 vs. 2.5677010398448297
list:
dist: 2.8103525253159116 vs. 2.8103525253159116
list:
dist: 2.6434758196123966 vs. 2.6434758196123966
list:
dist: 1.0722676274636875 vs. 1.0722676274636875
list:
dist: 0.67004148554729 vs. 0.67004148554729
list:
dist: 1.6220683896293062 vs. 1.6220683896293062
list:
dist: 2.1385839184602973 vs. 2.1385839184602973
list:
dist: 1.117105480819876 vs. 1.117105480819876
list:
dist: 2.0203370025598195 vs. 2.0203370025598195
list:
dist: 1.2970494199231062 vs. 1.2970494199231062
list:
dist: 1.2325723325550926 vs. 1.2325723325550926
list:
dist: 1.4377646795494747 vs. 1.4377646795494747
list:
dist: 2.3464913177394746 vs. 2.3464913177394746
list:
dist: 1.5149190284320622 vs. 1.5149190284320622
list:
dist: 2.015439069574789 vs. 2.015439069574789
list:
dist: 1.0079186744908475 vs. 1.0079186744908475
list:
dist: 1.760734422783774 vs. 1.760734422783774
list:
dist: 2.199961426982003 vs. 2.199961426982003
list:
dist: 2.1741912843673483 vs. 2.1741912843673483
list:
dist: 1.2888695194837116 vs. 1.2888695194837116
list:
dist: 2.6685161033675406 vs. 2.6685161033675406
list:
dist: 1.958008757385361 vs. 1.958008757385361
list:
dist: 2.5475627119686455 vs. 2.5475627119686455
list:
dist: 2.403004612951391 vs. 2.403004612951391
list:
dist: 2.7145215035644794 vs. 2.7145215035644794
list:
dist: 1.770957612348193 vs. 1.770957612348193
list:
dist: 1.609439049084074 vs. 1.609439049084074
list:
dist: 1.3776531503856484 vs. 1.3776531503856484
list:
dist: 0.47466141649476523 vs. 0.47466141649476523
list:
dist: 0.8645073811385788 vs. 0.8645073811385788
list:
dist: 1.5667909083903886 vs. 1.5667909083903886
list:
dist: 0.42165388231709056 vs. 0.42165388231709056
list:
dist: 1.7668764144167917 vs. 1.7668764144167917
list:
dist: 1.7946873300274762 vs. 1.7946873300274762
list:
dist: 1.6400910609111177 vs. 1.6400910609111177
list:
dist: 1.2941728400891737 vs. 1.2941728400891737
list:
dist: 2.3303000773730003 vs. 2.3303000773730003
list:
dist: 1.7269029393984046 vs. 1.7269029393984046
list:
dist: 1.9283922481825244 vs. 1.9283922481825244
list:
dist: 1.6337324569154867 vs. 1.6337324569154867
list:
dist: 1.0079186744908475 vs. 1.0079186744908475
list:
dist: 2.7539373104520584 vs. 2.7539373104520584
list:
dist: 2.0179912789892853 vs. 2.0179912789892853
list:
dist: 2.8265840577680823 vs. 2.8265840577680823
list:
dist: 2.359601835638591 vs. 2.359601835638591
list:
dist: 2.580981019355225 vs. 2.580981019355225
list:
dist: 3.2736856111770667 vs. 3.2736856111770667
list:
dist: 2.5924565698265547 vs. 2.5924565698265547
list:
dist: 1.0386950127163943 vs. 1.0386950127163943
list:
dist: 1.1986145436247226 vs. 1.1986145436247226
list:
dist: 1.4012630429428765 vs. 1.4012630429428765
list:
dist: 1.0299370740187643 vs. 1.0299370740187643
list:
dist: 1.6344639142551582 vs. 1.6344639142551582
list:
dist: 1.189258939269501 vs. 1.189258939269501
list:
dist: 1.9298075123143978 vs. 1.9298075123143978
list:
dist: 1.718651273338836 vs. 1.718651273338836
list:
dist: 1.0200314245286477 vs. 1.0200314245286477
list:
dist: 1.1489769429740455 vs. 1.1489769429740455
list:
dist: 1.4225203632510914 vs. 1.4225203632510914
list:
dist: 0.5756283513249959 vs. 0.5756283513249959
list:
dist: 1.5086766402089868 vs. 1.5086766402089868
list:
dist: 0.9968464427237209 vs. 0.9968464427237209
list:
dist: 1.2317457721704403 vs. 1.2317457721704403
list:
dist: 2.5613293956539276 vs. 2.5613293956539276
list:
dist: 1.9867562728943595 vs. 1.9867562728943595
list:
dist: 1.0266858258246225 vs. 1.0266858258246225
list:
dist: 1.5663353060571592 vs. 1.5663353060571592
list:
dist: 1.2726320626247007 vs. 1.2726320626247007
list:
dist: 1.8317438348010302 vs. 1.8317438348010302
list:
dist: 1.2888695194837116 vs. 1.2888695194837116
list:
dist: 2.735624350954741 vs. 2.735624350954741
list:
dist: 1.7546058965153577 vs. 1.7546058965153577
list:
dist: 2.3159340623044384 vs. 2.3159340623044384
list:
dist: 2.4878660824558807 vs. 2.4878660824558807
list:
dist: 2.0134360202168327 vs. 2.0134360202168327
list:
dist: 2.0110350499292537 vs. 2.0110350499292537
list:
dist: 2.4601259135697306 vs. 2.4601259135697306
list:
dist: 3.0715703301344517 vs. 3.0715703301344517
list:
dist: 2.11534020303775 vs. 2.11534020303775
list:
dist: 2.087612008727217 vs. 2.087612008727217
list:
dist: 2.8203818795805717 vs. 2.8203818795805717
list:
dist: 1.1795008722100442 vs. 1.1795008722100442
list:
dist: 2.583013679220073 vs. 2.583013679220073
list:
dist: 1.6482443987460809 vs. 1.6482443987460809
list:
dist: 2.3514797690948765 vs. 2.3514797690948765
list:
dist: 1.9305979278749663 vs. 1.9305979278749663
list:
dist: 1.910215820859891 vs. 1.910215820859891
list:
dist: 2.1001647479639938 vs. 2.1001647479639938
list:
dist: 2.243268118406947 vs. 2.243268118406947
list:
dist: 1.824625998967182 vs. 1.824625998967182
list:
dist: 1.2414684177740674 vs. 1.2414684177740674
list:
dist: 4.109190099473839 vs. 4.109190099473839
list:
dist: 2.3983647372932855 vs. 2.3983647372932855
list:
dist: 2.416725606783271 vs. 2.416725606783271
list:
dist: 3.3073966815752276 vs. 3.3073966815752276
list:
dist: 2.63261294660369 vs. 2.63261294660369
list:
dist: 2.177774343756034 vs. 2.177774343756034
list:
dist: 2.8356503330267695 vs. 2.8356503330267695
list:
dist: 1.357025990717117 vs. 1.357025990717117
list:
dist: 1.0273667429407993 vs. 1.0273667429407993
list:
dist: 1.2026363644322176 vs. 1.2026363644322176
list:
dist: 0.1267926497692999 vs. 0.1267926497692999
list:
dist: 1.0639001673864756 vs. 1.0639001673864756
list:
dist: 0.9899884017902166 vs. 0.9899884017902166
list:
dist: 1.025519622656394 vs. 1.025519622656394
list:
dist: 1.4923681514270373 vs. 1.4923681514270373
list:
dist: 2.7423607689888096 vs. 2.7423607689888096
list:
dist: 2.11534020303775 vs. 2.11534020303775
list:
dist: 1.4097591335035993 vs. 1.4097591335035993
list:
dist: 2.2196726111781295 vs. 2.2196726111781295
list:
dist: 2.9071243418213593 vs. 2.9071243418213593
list:
dist: 3.1155874495586247 vs. 3.1155874495586247
list:
dist: 2.1167253066499505 vs. 2.1167253066499505
list:
dist: 2.0590768548454066 vs. 2.0590768548454066
list:
dist: 1.8693663815325885 vs. 1.8693663815325885
list:
dist: 2.4355232074814164 vs. 2.4355232074814164
list:
dist: 3.313193407851081 vs. 3.313193407851081
list:
dist: 3.5561222963150523 vs. 3.5561222963150523
list:
dist: 1.49068997291073 vs. 1.49068997291073
list:
dist: 2.0266776949294507 vs. 2.0266776949294507
list:
dist: 0.9712690004978116 vs. 0.9712690004978116
list:
dist: 0.8291663941256882 vs. 0.8291663941256882
list:
dist: 1.6608473446774206 vs. 1.6608473446774206
list:
dist: 1.9708342381515298 vs. 1.9708342381515298
list:
dist: 2.6372329857990824 vs. 2.6372329857990824
list:
dist: 2.63261294660369 vs. 2.63261294660369
list:
dist: 2.7204075509678973 vs. 2.7204075509678973
list:
dist: 2.460960559430729 vs. 2.460960559430729
list:
dist: 2.2618913056203733 vs. 2.2618913056203733
list:
dist: 3.2581468370652757 vs. 3.2581468370652757
list:
dist: 2.3159340623044384 vs. 2.3159340623044384
list:
dist: 3.0357207244205555 vs. 3.0357207244205555
list:
dist: 1.8484391089766803 vs. 1.8484391089766803
list:
dist: 1.2599504643820965 vs. 1.2599504643820965
list:
dist: 1.2625745899345597 vs. 1.2625745899345597
list:
dist: 1.052881379850291 vs. 1.052881379850291
list:
dist: 2.3973138109918253 vs. 2.3973138109918253
list:
dist: 2.4940239636827983 vs. 2.4940239636827983
list:
dist: 2.0677603800321442 vs. 2.0677603800321442
list:
dist: 2.8077499898126 vs. 2.8077499898126
list:
dist: 4.086502510961305 vs. 4.086502510961305
list:
dist: 3.573682564470355 vs. 3.573682564470355
list:
dist: 3.1600663525975334 vs. 3.1600663525975334
list:
dist: 1.4550504696869297 vs. 1.4550504696869297
list:
dist: 1.7924089387210946 vs. 1.7924089387210946
list:
dist: 2.4782395912890354 vs. 2.4782395912890354
list:
dist: 2.460960559430729 vs. 2.460960559430729
list:
dist: 1.727337191203911 vs. 1.727337191203911
list:
dist: 2.795090701978006 vs. 2.795090701978006
list:
dist: 1.1556412905773048 vs. 1.1556412905773048
list:
dist: 0.7390515867595868 vs. 0.7390515867595868
list:
dist: 0.3824065429189404 vs. 0.3824065429189404
list:
dist: 1.0639001673864756 vs. 1.0639001673864756
list:
dist: 1.1758203699624652 vs. 1.1758203699624652
list:
dist: 1.8313111737402463 vs. 1.8313111737402463
list:
dist: 1.8144706593669782 vs. 1.8144706593669782
list:
dist: 1.636067362778534 vs. 1.636067362778534
list:
dist: 3.049616465007001 vs. 3.049616465007001
list:
dist: 2.8203818795805717 vs. 2.8203818795805717
list:
dist: 2.421412327516384 vs. 2.421412327516384
list:
dist: 2.449201870500578 vs. 2.449201870500578
list:
dist: 3.1554555570870604 vs. 3.1554555570870604
list:
dist: 3.2501517191011606 vs. 3.2501517191011606
list:
dist: 2.6412372280526624 vs. 2.6412372280526624
list:
dist: 2.7555355949736935 vs. 2.7555355949736935
list:
dist: 2.3676895661265243 vs. 2.3676895661265243
list:
dist: 3.0531010870143303 vs. 3.0531010870143303
list:
dist: 2.5822761879228384 vs. 2.5822761879228384
list:
dist: 2.702354986623831 vs. 2.702354986623831
list:
dist: 1.9144188580545713 vs. 1.9144188580545713
list:
dist: 1.6345128851166508 vs. 1.6345128851166508
list:
dist: 0.9712690004978116 vs. 0.9712690004978116
list:
dist: 1.286976455395746 vs. 1.286976455395746
list:
dist: 0.9742312764760032 vs. 0.9742312764760032
list:
dist: 1.4891259582974616 vs. 1.4891259582974616
list:
dist: 1.9576102168175014 vs. 1.9576102168175014
list:
dist: 2.177774343756034 vs. 2.177774343756034
list:
dist: 2.2796620901514637 vs. 2.2796620901514637
list:
dist: 1.727337191203911 vs. 1.727337191203911
list:
dist: 2.1437427230710955 vs. 2.1437427230710955
list:
dist: 2.988132947973703 vs. 2.988132947973703
list:
dist: 2.4878660824558807 vs. 2.4878660824558807
list:
dist: 3.0105903225826 vs. 3.0105903225826
list:
dist: 2.71112050357229 vs. 2.71112050357229
list:
dist: 1.805938381099204 vs. 1.805938381099204
list:
dist: 2.105446330901263 vs. 2.105446330901263
list:
dist: 1.9689716015240342 vs. 1.9689716015240342
list:
dist: 2.718890113367511 vs. 2.718890113367511
list:
dist: 2.817827840730269 vs. 2.817827840730269
list:
dist: 2.588935046490371 vs. 2.588935046490371
list:
dist: 2.8119074245173676 vs. 2.8119074245173676
list:
dist: 2.8077499898126 vs. 2.8077499898126
list:
dist: 3.113553181045658 vs. 3.113553181045658
list:
dist: 1.929008447340549 vs. 1.929008447340549
list:
dist: 3.313193407851081 vs. 3.313193407851081
list:
dist: 2.5822761879228384 vs. 2.5822761879228384
list:
dist: 3.4957565295559867 vs. 3.4957565295559867
list:
dist: 3.0568905694896054 vs. 3.0568905694896054
list:
dist: 3.4352489834871838 vs. 3.4352489834871838
list:
dist: 3.290686148427872 vs. 3.290686148427872
list:
dist: 4.109190099473839 vs. 4.109190099473839
list:
dist: 4.214848562520298 vs. 4.214848562520298
list:
dist: 3.1600663525975334 vs. 3.1600663525975334
list:
dist: 4.4923421853336984 vs. 4.4923421853336984
list:
dist: 4.950144742968223 vs. 4.950144742968223
list:
dist: 2.087199349073691 vs. 2.087199349073691
list:
dist: 1.6047212316899921 vs. 1.6047212316899921
list:
dist: 3.2748744598917408 vs. 3.2748744598917408
list:
dist: 1.841907294678319 vs. 1.841907294678319
list:
dist: 1.4189280792609038 vs. 1.4189280792609038
list:
dist: 1.4923681514270373 vs. 1.4923681514270373
list:
dist: 1.5021863656948882 vs. 1.5021863656948882
list:
dist: 1.636067362778534 vs. 1.636067362778534
list:
dist: 2.3790193033815075 vs. 2.3790193033815075
list:
dist: 1.2050300932990683 vs. 1.2050300932990683
list:
dist: 1.4145187172596954 vs. 1.4145187172596954
list:
dist: 2.3387091530942077 vs. 2.3387091530942077
list:
dist: 2.8378580429011473 vs. 2.8378580429011473
list:
dist: 2.9518258991731514 vs. 2.9518258991731514
list:
dist: 1.617914818816953 vs. 1.617914818816953
list:
dist: 2.0677603800321442 vs. 2.0677603800321442
list:
dist: 2.588935046490371 vs. 2.588935046490371
list:
dist: 2.116305555657085 vs. 2.116305555657085
list:
dist: 2.432844656770956 vs. 2.432844656770956
list:
dist: 2.442631404153401 vs. 2.442631404153401
list:
dist: 3.188335309669352 vs. 3.188335309669352
list:
dist: 2.4355232074814164 vs. 2.4355232074814164
list:
dist: 2.441354530064994 vs. 2.441354530064994
list:
dist: 3.0531010870143303 vs. 3.0531010870143303
list:
dist: 1.5326791033201173 vs. 1.5326791033201173
list:
dist: 2.579850270584949 vs. 2.579850270584949
list:
dist: 1.2414684177740674 vs. 1.2414684177740674
list:
dist: 1.7351759865571108 vs. 1.7351759865571108
list:
dist: 1.9424317406027771 vs. 1.9424317406027771
list:
dist: 1.1529875577333197 vs. 1.1529875577333197
list:
dist: 1.1402318358202272 vs. 1.1402318358202272
list:
dist: 1.5482453309609603 vs. 1.5482453309609603
list:
dist: 1.3566345245546663 vs. 1.3566345245546663
list:
dist: 1.0045753215615938 vs. 1.0045753215615938
list:
dist: 3.594489063231427 vs. 3.594489063231427
list:
dist: 2.3973138109918253 vs. 2.3973138109918253
list:
dist: 2.718890113367511 vs. 2.718890113367511
list:
dist: 2.840424831677756 vs. 2.840424831677756
list:
dist: 2.5544376163491562 vs. 2.5544376163491562
list:
dist: 1.9538697578813191 vs. 1.9538697578813191
list:
dist: 2.609772735062192 vs. 2.609772735062192
list:
dist: 2.1167253066499505 vs. 2.1167253066499505
list:
dist: 2.1458541202828587 vs. 2.1458541202828587
list:
dist: 2.6412372280526624 vs. 2.6412372280526624
list:
dist: 1.6769881801381208 vs. 1.6769881801381208
list:
dist: 1.8511334664010628 vs. 1.8511334664010628
list:
dist: 2.8378580429011473 vs. 2.8378580429011473
list:
dist: 3.617081733703152 vs. 3.617081733703152
list:
dist: 2.243268118406947 vs. 2.243268118406947
list:
dist: 1.590123006546348 vs. 1.590123006546348
list:
dist: 1.1690653218141815 vs. 1.1690653218141815
list:
dist: 1.863095017580299 vs. 1.863095017580299
list:
dist: 2.2851473392234425 vs. 2.2851473392234425
list:
dist: 0.5493230533183181 vs. 0.5493230533183181
list:
dist: 1.6153186666603565 vs. 1.6153186666603565
list:
dist: 1.3566345245546663 vs. 1.3566345245546663
list:
dist: 4.4923421853336984 vs. 4.4923421853336984
list:
dist: 3.273503654989257 vs. 3.273503654989257
list:
dist: 3.393864795358563 vs. 3.393864795358563
list:
dist: 3.5384426375613067 vs. 3.5384426375613067
list:
dist: 2.2618913056203733 vs. 2.2618913056203733
list:
dist: 2.1437427230710955 vs. 2.1437427230710955
list:
dist: 2.3216339426244046 vs. 2.3216339426244046
list:
dist: 1.4541339671325477 vs. 1.4541339671325477
list:
dist: 1.4737174173340046 vs. 1.4737174173340046
list:
dist: 2.017706167929854 vs. 2.017706167929854
list:
dist: 0.9899884017902166 vs. 0.9899884017902166
list:
dist: 0.9688187489743757 vs. 0.9688187489743757
list:
dist: 1.8313111737402463 vs. 1.8313111737402463
list:
dist: 1.460364047435052 vs. 1.460364047435052
list:
dist: 2.3790193033815075 vs. 2.3790193033815075
list:
dist: 3.461237510037383 vs. 3.461237510037383
list:
dist: 1.1795008722100442 vs. 1.1795008722100442
list:
dist: 0.9242855737510696 vs. 0.9242855737510696
list:
dist: 1.6779484638206443 vs. 1.6779484638206443
list:
dist: 2.1828919731667273 vs. 2.1828919731667273
list:
dist: 2.4379250256424356 vs. 2.4379250256424356
list:
dist: 1.6769881801381208 vs. 1.6769881801381208
list:
dist: 1.4161266752148804 vs. 1.4161266752148804
list:
dist: 2.143686876366133 vs. 2.143686876366133
list:
dist: 1.5326791033201173 vs. 1.5326791033201173
list:
dist: 3.899900646498205 vs. 3.899900646498205
list:
dist: 2.4940239636827983 vs. 2.4940239636827983
list:
dist: 2.817827840730269 vs. 2.817827840730269
list:
dist: 2.78152752252205 vs. 2.78152752252205
list:
dist: 2.534314738170286 vs. 2.534314738170286
list:
dist: 2.1205316369314278 vs. 2.1205316369314278
list:
dist: 2.78394542561116 vs. 2.78394542561116
list:
dist: 2.0590768548454066 vs. 2.0590768548454066
list:
dist: 2.061053016522804 vs. 2.061053016522804
list:
dist: 2.7555355949736935 vs. 2.7555355949736935
list:
dist: 1.4161266752148804 vs. 1.4161266752148804
list:
dist: 1.8390093695718956 vs. 1.8390093695718956
list:
dist: 2.9518258991731514 vs. 2.9518258991731514
list:
dist: 3.720081939073892 vs. 3.720081939073892
list:
dist: 1.824625998967182 vs. 1.824625998967182
list:
dist: 1.230979774298242 vs. 1.230979774298242
list:
dist: 1.3004230691817453 vs. 1.3004230691817453
list:
dist: 1.828670389507575 vs. 1.828670389507575
list:
dist: 2.266996196735732 vs. 2.266996196735732
list:
dist: 0.5493230533183181 vs. 0.5493230533183181
list:
dist: 1.8294418984986953 vs. 1.8294418984986953
list:
dist: 1.0045753215615938 vs. 1.0045753215615938
list:
dist: 3.290686148427872 vs. 3.290686148427872
list:
dist: 1.3278889523427218 vs. 1.3278889523427218
list:
dist: 1.603169369651138 vs. 1.603169369651138
list:
dist: 2.4982388555826516 vs. 2.4982388555826516
list:
dist: 2.6372329857990824 vs. 2.6372329857990824
list:
dist: 1.9576102168175014 vs. 1.9576102168175014
list:
dist: 3.0545954769840464 vs. 3.0545954769840464
list:
dist: 1.494130804360718 vs. 1.494130804360718
list:
dist: 0.7848340378181432 vs. 0.7848340378181432
list:
dist: 1.2026363644322176 vs. 1.2026363644322176
list:
dist: 1.313522586973604 vs. 1.313522586973604
list:
dist: 0.3824065429189404 vs. 0.3824065429189404
list:
dist: 2.017706167929854 vs. 2.017706167929854
list:
dist: 1.7402091085410918 vs. 1.7402091085410918
list:
dist: 1.4189280792609038 vs. 1.4189280792609038
list:
dist: 2.8111379605649915 vs. 2.8111379605649915
list:
dist: 3.0715703301344517 vs. 3.0715703301344517
list:
dist: 2.501610390913667 vs. 2.501610390913667
list:
dist: 2.528629248086592 vs. 2.528629248086592
list:
dist: 3.2972139447163533 vs. 3.2972139447163533
list:
dist: 3.4178665862906064 vs. 3.4178665862906064
list:
dist: 2.609772735062192 vs. 2.609772735062192
list:
dist: 2.78394542561116 vs. 2.78394542561116
list:
dist: 2.1690856622949974 vs. 2.1690856622949974
list:
dist: 3.188335309669352 vs. 3.188335309669352
list:
dist: 1.9879335352056602 vs. 1.9879335352056602
list:
dist: 2.1690856622949974 vs. 2.1690856622949974
list:
dist: 1.8693663815325885 vs. 1.8693663815325885
list:
dist: 1.8783062081685744 vs. 1.8783062081685744
list:
dist: 2.3676895661265243 vs. 2.3676895661265243
list:
dist: 2.143686876366133 vs. 2.143686876366133
list:
dist: 1.0028442105074242 vs. 1.0028442105074242
list:
dist: 1.617914818816953 vs. 1.617914818816953
list:
dist: 2.0467327679220335 vs. 2.0467327679220335
list:
dist: 1.763722762411549 vs. 1.763722762411549
list:
dist: 1.6153186666603565 vs. 1.6153186666603565
list:
dist: 1.8294418984986953 vs. 1.8294418984986953
list:
dist: 3.4352489834871838 vs. 3.4352489834871838
list:
dist: 2.0486932896538 vs. 2.0486932896538
list:
dist: 2.3849480615443475 vs. 2.3849480615443475
list:
dist: 2.341385210518922 vs. 2.341385210518922
list:
dist: 1.9708342381515298 vs. 1.9708342381515298
list:
dist: 1.4891259582974616 vs. 1.4891259582974616
list:
dist: 2.4206723878084704 vs. 2.4206723878084704
list:
dist: 1.1064683634485624 vs. 1.1064683634485624
list:
dist: 0.7848340378181432 vs. 0.7848340378181432
list:
dist: 1.0273667429407993 vs. 1.0273667429407993
list:
dist: 1.1517904024753665 vs. 1.1517904024753665
list:
dist: 0.7390515867595868 vs. 0.7390515867595868
list:
dist: 1.4737174173340046 vs. 1.4737174173340046
list:
dist: 1.6117860870668541 vs. 1.6117860870668541
list:
dist: 1.841907294678319 vs. 1.841907294678319
list:
dist: 3.175960063767937 vs. 3.175960063767937
list:
dist: 2.4601259135697306 vs. 2.4601259135697306
list:
dist: 2.0639788195050643 vs. 2.0639788195050643
list:
dist: 1.7483693245559506 vs. 1.7483693245559506
list:
dist: 2.5183315602989276 vs. 2.5183315602989276
list:
dist: 2.6626143031801988 vs. 2.6626143031801988
list:
dist: 1.9538697578813191 vs. 1.9538697578813191
list:
dist: 2.1205316369314278 vs. 2.1205316369314278
list:
dist: 1.9879335352056602 vs. 1.9879335352056602
list:
dist: 2.442631404153401 vs. 2.442631404153401
list:
dist: 2.1344517799177396 vs. 2.1344517799177396
list:
dist: 3.7764273171961427 vs. 3.7764273171961427
list:
dist: 1.8484391089766803 vs. 1.8484391089766803
list:
dist: 2.71112050357229 vs. 2.71112050357229
list:
dist: 1.5574668208741256 vs. 1.5574668208741256
list:
dist: 3.0922762211069963 vs. 3.0922762211069963
list:
dist: 2.3514797690948765 vs. 2.3514797690948765
list:
dist: 2.042021534056402 vs. 2.042021534056402
list:
dist: 1.1580110837460649 vs. 1.1580110837460649
list:
dist: 0.9126296231278539 vs. 0.9126296231278539
list:
dist: 1.9424317406027771 vs. 1.9424317406027771
list:
dist: 2.3155957455839924 vs. 2.3155957455839924
list:
dist: 3.1744313855519297 vs. 3.1744313855519297
list:
dist: 1.2625745899345597 vs. 1.2625745899345597
list:
dist: 2.105446330901263 vs. 2.105446330901263
list:
dist: 1.4324359969296647 vs. 1.4324359969296647
list:
dist: 2.397583072802874 vs. 2.397583072802874
list:
dist: 2.5183315602989276 vs. 2.5183315602989276
list:
dist: 3.2972139447163533 vs. 3.2972139447163533
list:
dist: 2.9071243418213593 vs. 2.9071243418213593
list:
dist: 2.9575921284922693 vs. 2.9575921284922693
list:
dist: 3.1554555570870604 vs. 3.1554555570870604
list:
dist: 2.1828919731667273 vs. 2.1828919731667273
list:
dist: 3.2514220951611383 vs. 3.2514220951611383
list:
dist: 1.910215820859891 vs. 1.910215820859891
list:
dist: 2.680776628456843 vs. 2.680776628456843
list:
dist: 1.1580110837460649 vs. 1.1580110837460649
list:
dist: 0.89706483617702 vs. 0.89706483617702
list:
dist: 0.4678473387060729 vs. 0.4678473387060729
list:
dist: 1.863095017580299 vs. 1.863095017580299
list:
dist: 1.828670389507575 vs. 1.828670389507575
list:
dist: 1.1402318358202272 vs. 1.1402318358202272
list:
dist: 1.8779413523314794 vs. 1.8779413523314794
list:
dist: 3.0059084545148185 vs. 3.0059084545148185
list:
dist: 1.052881379850291 vs. 1.052881379850291
list:
dist: 1.9689716015240342 vs. 1.9689716015240342
list:
dist: 1.1236379081529801 vs. 1.1236379081529801
list:
dist: 2.4011645031912057 vs. 2.4011645031912057
list:
dist: 2.6626143031801988 vs. 2.6626143031801988
list:
dist: 3.4178665862906064 vs. 3.4178665862906064
list:
dist: 3.1155874495586247 vs. 3.1155874495586247
list:
dist: 3.173953900506149 vs. 3.173953900506149
list:
dist: 3.2501517191011606 vs. 3.2501517191011606
list:
dist: 2.4379250256424356 vs. 2.4379250256424356
list:
dist: 3.568679749656622 vs. 3.568679749656622
list:
dist: 2.1001647479639938 vs. 2.1001647479639938
list:
dist: 3.0360002738194063 vs. 3.0360002738194063
list:
dist: 0.9126296231278539 vs. 0.9126296231278539
list:
dist: 1.2117081240221563 vs. 1.2117081240221563
list:
dist: 0.4678473387060729 vs. 0.4678473387060729
list:
dist: 2.2851473392234425 vs. 2.2851473392234425
list:
dist: 2.266996196735732 vs. 2.266996196735732
list:
dist: 1.5482453309609603 vs. 1.5482453309609603
list:
dist: 3.4957565295559867 vs. 3.4957565295559867
list:
dist: 3.9486075415578785 vs. 3.9486075415578785
list:
dist: 1.4293765701545476 vs. 1.4293765701545476
list:
dist: 2.6152400467949275 vs. 2.6152400467949275
list:
dist: 0.8291663941256882 vs. 0.8291663941256882
list:
dist: 1.286976455395746 vs. 1.286976455395746
list:
dist: 1.7415606235847145 vs. 1.7415606235847145
list:
dist: 2.4206723878084704 vs. 2.4206723878084704
list:
dist: 3.0545954769840464 vs. 3.0545954769840464
list:
dist: 2.8356503330267695 vs. 2.8356503330267695
list:
dist: 2.899679749099368 vs. 2.899679749099368
list:
dist: 2.795090701978006 vs. 2.795090701978006
list:
dist: 2.3216339426244046 vs. 2.3216339426244046
list:
dist: 3.572385635595888 vs. 3.572385635595888
list:
dist: 2.0134360202168327 vs. 2.0134360202168327
list:
dist: 3.1490055928743366 vs. 3.1490055928743366
list:
dist: 1.5574668208741256 vs. 1.5574668208741256
list:
dist: 1.7417127431957382 vs. 1.7417127431957382
list:
dist: 1.4324359969296647 vs. 1.4324359969296647
list:
dist: 1.1236379081529801 vs. 1.1236379081529801
list:
dist: 2.840424831677756 vs. 2.840424831677756
list:
dist: 2.78152752252205 vs. 2.78152752252205
list:
dist: 2.116305555657085 vs. 2.116305555657085
list:
dist: 3.0568905694896054 vs. 3.0568905694896054
list:
dist: 2.415509590298095 vs. 2.415509590298095
list:
dist: 2.7727343849664505 vs. 2.7727343849664505
list:
dist: 2.4095307297583792 vs. 2.4095307297583792
list:
dist: 1.6608473446774206 vs. 1.6608473446774206
list:
dist: 0.9742312764760032 vs. 0.9742312764760032
list:
dist: 1.7415606235847145 vs. 1.7415606235847145
list:
dist: 1.1064683634485624 vs. 1.1064683634485624
list:
dist: 1.494130804360718 vs. 1.494130804360718
list:
dist: 1.357025990717117 vs. 1.357025990717117
list:
dist: 1.439904632584924 vs. 1.439904632584924
list:
dist: 1.1556412905773048 vs. 1.1556412905773048
list:
dist: 1.4541339671325477 vs. 1.4541339671325477
list:
dist: 2.30998491136154 vs. 2.30998491136154
list:
dist: 2.0110350499292537 vs. 2.0110350499292537
list:
dist: 2.3383043679413764 vs. 2.3383043679413764
list:
dist: 3.0922762211069963 vs. 3.0922762211069963
list:
dist: 1.9589845559446069 vs. 1.9589845559446069
list:
dist: 2.397583072802874 vs. 2.397583072802874
list:
dist: 2.4011645031912057 vs. 2.4011645031912057
list:
dist: 2.5544376163491562 vs. 2.5544376163491562
list:
dist: 2.534314738170286 vs. 2.534314738170286
list:
dist: 2.432844656770956 vs. 2.432844656770956
list:
dist: 1.929008447340549 vs. 1.929008447340549
list:
dist: 2.660912885268843 vs. 2.660912885268843
list:
dist: 3.573682564470355 vs. 3.573682564470355
list:
dist: 2.3004388999332357 vs. 2.3004388999332357
list:
dist: 2.0266776949294507 vs. 2.0266776949294507
list:
dist: 1.6345128851166508 vs. 1.6345128851166508
list:
dist: 2.6152400467949275 vs. 2.6152400467949275
list:
dist: 2.4095307297583792 vs. 2.4095307297583792
list:
dist: 2.341385210518922 vs. 2.341385210518922
list:
dist: 2.4982388555826516 vs. 2.4982388555826516
list:
dist: 3.3073966815752276 vs. 3.3073966815752276
list:
dist: 3.4313931598690255 vs. 3.4313931598690255
list:
dist: 2.4782395912890354 vs. 2.4782395912890354
list:
dist: 3.5384426375613067 vs. 3.5384426375613067
list:
dist: 3.9197692534380564 vs. 3.9197692534380564
list:
dist: 3.7764273171961427 vs. 3.7764273171961427
list:
dist: 2.802640688103289 vs. 2.802640688103289
list:
dist: 3.1744313855519297 vs. 3.1744313855519297
list:
dist: 3.0059084545148185 vs. 3.0059084545148185
list:
dist: 3.594489063231427 vs. 3.594489063231427
list:
dist: 3.899900646498205 vs. 3.899900646498205
list:
dist: 2.8119074245173676 vs. 2.8119074245173676
list:
dist: 0.9266869185416857 vs. 0.9266869185416857
list:
dist: 2.660912885268843 vs. 2.660912885268843
list:
dist: 3.5561222963150523 vs. 3.5561222963150523
list:
dist: 2.702354986623831 vs. 2.702354986623831
list:
dist: 3.9486075415578785 vs. 3.9486075415578785
list:
dist: 2.415509590298095 vs. 2.415509590298095
list:
dist: 2.0486932896538 vs. 2.0486932896538
list:
dist: 1.3278889523427218 vs. 1.3278889523427218
list:
dist: 2.3983647372932855 vs. 2.3983647372932855
list:
dist: 2.4866739888307308 vs. 2.4866739888307308
list:
dist: 1.4550504696869297 vs. 1.4550504696869297
list:
dist: 3.273503654989257 vs. 3.273503654989257
list:
dist: 2.902355314662235 vs. 2.902355314662235
list:
dist: 2.087199349073691 vs. 2.087199349073691
list:
dist: 3.2568619134449426 vs. 3.2568619134449426
list:
dist: 3.113553181045658 vs. 3.113553181045658
list:
dist: 4.086502510961305 vs. 4.086502510961305
list:
dist: 2.3004388999332357 vs. 2.3004388999332357
list:
dist: 1.49068997291073 vs. 1.49068997291073
list:
dist: 1.9144188580545713 vs. 1.9144188580545713
list:
dist: 1.4293765701545476 vs. 1.4293765701545476
list:
dist: 2.7727343849664505 vs. 2.7727343849664505
list:
dist: 2.1344517799177396 vs. 2.1344517799177396
list:
dist: 2.6731073151013667 vs. 2.6731073151013667
list:
dist: 2.3155957455839924 vs. 2.3155957455839924
list:
dist: 1.8779413523314794 vs. 1.8779413523314794
list:
dist: 4.214848562520298 vs. 4.214848562520298
list:
dist: 2.4866739888307308 vs. 2.4866739888307308
list:
dist: 2.470797920248499 vs. 2.470797920248499
list:
dist: 3.4313931598690255 vs. 3.4313931598690255
list:
dist: 2.7204075509678973 vs. 2.7204075509678973
list:
dist: 2.2796620901514637 vs. 2.2796620901514637
list:
dist: 2.899679749099368 vs. 2.899679749099368
list:
dist: 1.439904632584924 vs. 1.439904632584924
list:
dist: 1.1517904024753665 vs. 1.1517904024753665
list:
dist: 1.313522586973604 vs. 1.313522586973604
list:
dist: 0.1267926497692999 vs. 0.1267926497692999
list:
dist: 1.1758203699624652 vs. 1.1758203699624652
list:
dist: 0.9688187489743757 vs. 0.9688187489743757
list:
dist: 0.9903413936078326 vs. 0.9903413936078326
list:
dist: 1.5021863656948882 vs. 1.5021863656948882
list:
dist: 2.7148529762620943 vs. 2.7148529762620943
list:
dist: 2.087612008727217 vs. 2.087612008727217
list:
dist: 1.3380408971131588 vs. 1.3380408971131588
list:
dist: 2.283835843132942 vs. 2.283835843132942
list:
dist: 2.9575921284922693 vs. 2.9575921284922693
list:
dist: 3.173953900506149 vs. 3.173953900506149
list:
dist: 2.1458541202828587 vs. 2.1458541202828587
list:
dist: 2.061053016522804 vs. 2.061053016522804
list:
dist: 1.8783062081685744 vs. 1.8783062081685744
list:
dist: 2.441354530064994 vs. 2.441354530064994
list:
dist: 4.950144742968223 vs. 4.950144742968223
list:
dist: 2.902355314662235 vs. 2.902355314662235
list:
dist: 2.6801527250353727 vs. 2.6801527250353727
list:
dist: 3.9197692534380564 vs. 3.9197692534380564
list:
dist: 3.2581468370652757 vs. 3.2581468370652757
list:
dist: 2.988132947973703 vs. 2.988132947973703
list:
dist: 3.572385635595888 vs. 3.572385635595888
list:
dist: 2.30998491136154 vs. 2.30998491136154
list:
dist: 1.6117860870668541 vs. 1.6117860870668541
list:
dist: 1.7402091085410918 vs. 1.7402091085410918
list:
dist: 1.025519622656394 vs. 1.025519622656394
list:
dist: 0.9903413936078326 vs. 0.9903413936078326
list:
dist: 1.8144706593669782 vs. 1.8144706593669782
list:
dist: 1.460364047435052 vs. 1.460364047435052
list:
dist: 1.2050300932990683 vs. 1.2050300932990683
list:
dist: 2.036969801481179 vs. 2.036969801481179
list:
dist: 2.583013679220073 vs. 2.583013679220073
list:
dist: 1.1765386573956045 vs. 1.1765386573956045
list:
dist: 2.4760539692904473 vs. 2.4760539692904473
list:
dist: 3.2514220951611383 vs. 3.2514220951611383
list:
dist: 3.568679749656622 vs. 3.568679749656622
list:
dist: 1.8511334664010628 vs. 1.8511334664010628
list:
dist: 1.8390093695718956 vs. 1.8390093695718956
list:
dist: 1.0028442105074242 vs. 1.0028442105074242
list:
dist: 2.579850270584949 vs. 2.579850270584949
list:
dist: 0.9266869185416857 vs. 0.9266869185416857
list:
dist: 3.9275749699101605 vs. 3.9275749699101605
list:
dist: 2.3849480615443475 vs. 2.3849480615443475
list:
dist: 1.603169369651138 vs. 1.603169369651138
list:
dist: 2.416725606783271 vs. 2.416725606783271
list:
dist: 2.470797920248499 vs. 2.470797920248499
list:
dist: 1.7924089387210946 vs. 1.7924089387210946
list:
dist: 3.393864795358563 vs. 3.393864795358563
list:
dist: 2.6801527250353727 vs. 2.6801527250353727
list:
dist: 1.6047212316899921 vs. 1.6047212316899921
list:
dist: 2.526590273934443 vs. 2.526590273934443
list:
dist: 2.6731073151013667 vs. 2.6731073151013667
list:
dist: 2.802640688103289 vs. 2.802640688103289
list:
dist: 1.2599504643820965 vs. 1.2599504643820965
list:
dist: 1.805938381099204 vs. 1.805938381099204
list:
dist: 1.7417127431957382 vs. 1.7417127431957382
list:
dist: 1.9589845559446069 vs. 1.9589845559446069
list:
dist: 1.7483693245559506 vs. 1.7483693245559506
list:
dist: 2.528629248086592 vs. 2.528629248086592
list:
dist: 2.2196726111781295 vs. 2.2196726111781295
list:
dist: 2.283835843132942 vs. 2.283835843132942
list:
dist: 2.449201870500578 vs. 2.449201870500578
list:
dist: 1.6779484638206443 vs. 1.6779484638206443
list:
dist: 2.4760539692904473 vs. 2.4760539692904473
list:
dist: 1.9305979278749663 vs. 1.9305979278749663
list:
dist: 2.1467020109727044 vs. 2.1467020109727044
list:
dist: 2.042021534056402 vs. 2.042021534056402
list:
dist: 0.89706483617702 vs. 0.89706483617702
list:
dist: 1.2117081240221563 vs. 1.2117081240221563
list:
dist: 1.1690653218141815 vs. 1.1690653218141815
list:
dist: 1.3004230691817453 vs. 1.3004230691817453
list:
dist: 1.1529875577333197 vs. 1.1529875577333197
list:
dist: 3.0357207244205555 vs. 3.0357207244205555
list:
dist: 3.0105903225826 vs. 3.0105903225826
list:
dist: 3.1490055928743366 vs. 3.1490055928743366
list:
dist: 2.3383043679413764 vs. 2.3383043679413764
list:
dist: 2.0639788195050643 vs. 2.0639788195050643
list:
dist: 2.501610390913667 vs. 2.501610390913667
list:
dist: 1.4097591335035993 vs. 1.4097591335035993
list:
dist: 1.3380408971131588 vs. 1.3380408971131588
list:
dist: 2.421412327516384 vs. 2.421412327516384
list:
dist: 0.9242855737510696 vs. 0.9242855737510696
list:
dist: 1.1765386573956045 vs. 1.1765386573956045
list:
dist: 2.3387091530942077 vs. 2.3387091530942077
list:
dist: 3.0735658754571533 vs. 3.0735658754571533
list:
dist: 1.6482443987460809 vs. 1.6482443987460809
list:
dist: 2.1467020109727044 vs. 2.1467020109727044
list:
dist: 2.680776628456843 vs. 2.680776628456843
list:
dist: 3.0360002738194063 vs. 3.0360002738194063
list:
dist: 1.590123006546348 vs. 1.590123006546348
list:
dist: 1.230979774298242 vs. 1.230979774298242
list:
dist: 1.763722762411549 vs. 1.763722762411549
list:
dist: 1.7351759865571108 vs. 1.7351759865571108
list:
dist: 3.2568619134449426 vs. 3.2568619134449426
list:
dist: 2.526590273934443 vs. 2.526590273934443
list:
dist: 2.0647272369250262 vs. 2.0647272369250262
list:
dist: 3.175960063767937 vs. 3.175960063767937
list:
dist: 2.8111379605649915 vs. 2.8111379605649915
list:
dist: 2.7423607689888096 vs. 2.7423607689888096
list:
dist: 2.7148529762620943 vs. 2.7148529762620943
list:
dist: 3.049616465007001 vs. 3.049616465007001
list:
dist: 3.461237510037383 vs. 3.461237510037383
list:
dist: 2.036969801481179 vs. 2.036969801481179
list:
dist: 1.4145187172596954 vs. 1.4145187172596954
list:
dist: 3.0735658754571533 vs. 3.0735658754571533
list:
dist: 3.617081733703152 vs. 3.617081733703152
list:
dist: 3.720081939073892 vs. 3.720081939073892
list:
dist: 2.0467327679220335 vs. 2.0467327679220335
700
800
Neighbor List consistency Check...
--------
nle(id0,id1,dist): 5 7 1.2342096731318737
list:
dist: 1.2342096731318737 vs. 1.2342096731318737
--------
nle(id0,id1,dist): 4 29 3.6576507872553754
list:
dist: 3.6576507872553754 vs. 3.6576507872553754
--------
nle(id0,id1,dist): 5 22 2.8860167409122597
list:
dist: 2.8860167409122597 vs. 2.8860167409122597
--------
nle(id0,id1,dist): 5 16 3.8153932427524597
list:
dist: 3.8153932427524597 vs. 3.8153932427524597
--------
nle(id0,id1,dist): 5 13 2.220408886675776
list:
dist: 2.220408886675776 vs. 2.220408886675776
--------
nle(id0,id1,dist): 5 15 1.0468355153251465
list:
dist: 1.0468355153251465 vs. 1.0468355153251465
--------
nle(id0,id1,dist): 5 14 2.503042648238398
list:
dist: 2.503042648238398 vs. 2.503042648238398
--------
nle(id0,id1,dist): 5 9 1.6437015540425388
list:
dist: 1.6437015540425388 vs. 1.6437015540425388
--------
nle(id0,id1,dist): 4 11 1.7180680633175969
list:
dist: 1.7180680633175969 vs. 1.7180680633175969
--------
nle(id0,id1,dist): 4 12 2.755031593536537
list:
dist: 2.755031593536537 vs. 2.755031593536537
--------
nle(id0,id1,dist): 4 9 2.3896216965613717
list:
dist: 2.3896216965613717 vs. 2.3896216965613717
--------
nle(id0,id1,dist): 4 10 1.734246615957295
list:
dist: 1.734246615957295 vs. 1.734246615957295
--------
nle(id0,id1,dist): 4 7 2.514634349025238
list:
dist: 2.514634349025238 vs. 2.514634349025238
--------
nle(id0,id1,dist): 4 8 0.9481452471508569
list:
dist: 0.9481452471508569 vs. 0.9481452471508569
--------
nle(id0,id1,dist): 4 6 1.7579201543651983
list:
dist: 1.7579201543651983 vs. 1.7579201543651983
--------
nle(id0,id1,dist): 4 27 2.0760326904229762
list:
dist: 2.0760326904229762 vs. 2.0760326904229762
--------
nle(id0,id1,dist): 4 24 1.3372507331953156
list:
dist: 1.3372507331953156 vs. 1.3372507331953156
--------
nle(id0,id1,dist): 4 23 1.7160974010340901
list:
dist: 1.7160974010340901 vs. 1.7160974010340901
--------
nle(id0,id1,dist): 4 21 3.56740593585599
list:
dist: 3.56740593585599 vs. 3.56740593585599
--------
nle(id0,id1,dist): 4 20 2.4469849085461
list:
dist: 2.4469849085461 vs. 2.4469849085461
--------
nle(id0,id1,dist): 4 19 1.5572566703973463
list:
dist: 1.5572566703973463 vs. 1.5572566703973463
--------
nle(id0,id1,dist): 4 17 2.499396193368054
list:
dist: 2.499396193368054 vs. 2.499396193368054
--------
nle(id0,id1,dist): 4 15 3.3845139990718387
list:
dist: 3.3845139990718387 vs. 3.3845139990718387
--------
nle(id0,id1,dist): 4 14 0.9287642067015177
list:
dist: 0.9287642067015177 vs. 0.9287642067015177
--------
nle(id0,id1,dist): 4 13 1.5368748059966661
list:
dist: 1.5368748059966661 vs. 1.5368748059966661
--------
nle(id0,id1,dist): 6 27 2.4794076630296957
list:
dist: 2.4794076630296957 vs. 2.4794076630296957
--------
nle(id0,id1,dist): 6 29 3.6313555144307785
list:
dist: 3.6313555144307785 vs. 3.6313555144307785
--------
nle(id0,id1,dist): 6 19 0.8909295776429446
list:
dist: 0.8909295776429446 vs. 0.8909295776429446
--------
nle(id0,id1,dist): 6 20 3.1232216482224753
list:
dist: 3.1232216482224753 vs. 3.1232216482224753
--------
nle(id0,id1,dist): 6 21 3.5212068867394666
list:
dist: 3.5212068867394666 vs. 3.5212068867394666
--------
nle(id0,id1,dist): 6 23 2.072057062336451
list:
dist: 2.072057062336451 vs. 2.072057062336451
--------
nle(id0,id1,dist): 6 24 2.208619904509604
list:
dist: 2.208619904509604 vs. 2.208619904509604
--------
nle(id0,id1,dist): 7 9 1.5936219459234486
list:
dist: 1.5936219459234486 vs. 1.5936219459234486
--------
nle(id0,id1,dist): 7 8 2.049936024485428
list:
dist: 2.049936024485428 vs. 2.049936024485428
--------
nle(id0,id1,dist): 7 10 3.932466497726727
list:
dist: 3.932466497726727 vs. 3.932466497726727
--------
nle(id0,id1,dist): 7 13 1.7471523213825484
list:
dist: 1.7471523213825484 vs. 1.7471523213825484
--------
nle(id0,id1,dist): 7 12 3.720223417179068
list:
dist: 3.720223417179068 vs. 3.720223417179068
--------
nle(id0,id1,dist): 5 26 2.9263316374226975
list:
dist: 2.9263316374226975 vs. 2.9263316374226975
--------
nle(id0,id1,dist): 6 14 1.4507755981932728
list:
dist: 1.4507755981932728 vs. 1.4507755981932728
--------
nle(id0,id1,dist): 6 13 1.6983693618155058
list:
dist: 1.6983693618155058 vs. 1.6983693618155058
--------
nle(id0,id1,dist): 6 12 3.054281543820613
list:
dist: 3.054281543820613 vs. 3.054281543820613
--------
nle(id0,id1,dist): 6 11 2.824137319280902
list:
dist: 2.824137319280902 vs. 2.824137319280902
--------
nle(id0,id1,dist): 6 17 2.7454201533782103
list:
dist: 2.7454201533782103 vs. 2.7454201533782103
--------
nle(id0,id1,dist): 6 15 2.8928814560718266
list:
dist: 2.8928814560718266 vs. 2.8928814560718266
--------
nle(id0,id1,dist): 6 10 2.5924553982336653
list:
dist: 2.5924553982336653 vs. 2.5924553982336653
--------
nle(id0,id1,dist): 6 9 2.2351465223567937
list:
dist: 2.2351465223567937 vs. 2.2351465223567937
--------
nle(id0,id1,dist): 6 8 1.373463322472063
list:
dist: 1.373463322472063 vs. 1.373463322472063
--------
nle(id0,id1,dist): 6 7 2.4410541381661828
list:
dist: 2.4410541381661828 vs. 2.4410541381661828
--------
nle(id0,id1,dist): 8 14 0.9390578203414822
list:
dist: 0.9390578203414822 vs. 0.9390578203414822
--------
nle(id0,id1,dist): 8 13 1.7045820994061593
list:
dist: 1.7045820994061593 vs. 1.7045820994061593
--------
nle(id0,id1,dist): 8 15 3.0237385103323327
list:
dist: 3.0237385103323327 vs. 3.0237385103323327
--------
nle(id0,id1,dist): 8 10 1.9087455877280344
list:
dist: 1.9087455877280344 vs. 1.9087455877280344
--------
nle(id0,id1,dist): 8 9 2.408036029965189
list:
dist: 2.408036029965189 vs. 2.408036029965189
--------
nle(id0,id1,dist): 8 12 2.1857003715834846
list:
dist: 2.1857003715834846 vs. 2.1857003715834846
--------
nle(id0,id1,dist): 8 11 2.2663731531435363
list:
dist: 2.2663731531435363 vs. 2.2663731531435363
--------
nle(id0,id1,dist): 8 21 4.127057161041993
list:
dist: 4.127057161041993 vs. 4.127057161041993
--------
nle(id0,id1,dist): 8 24 1.9338867233574484
list:
dist: 1.9338867233574484 vs. 1.9338867233574484
--------
nle(id0,id1,dist): 8 23 1.914279416669508
list:
dist: 1.914279416669508 vs. 1.914279416669508
--------
nle(id0,id1,dist): 8 17 2.9702951572656584
list:
dist: 2.9702951572656584 vs. 2.9702951572656584
--------
nle(id0,id1,dist): 8 20 2.3446514293934553
list:
dist: 2.3446514293934553 vs. 2.3446514293934553
--------
nle(id0,id1,dist): 8 19 1.6826599638618878
list:
dist: 1.6826599638618878 vs. 1.6826599638618878
--------
nle(id0,id1,dist): 8 29 4.274417087328277
list:
dist: 4.274417087328277 vs. 4.274417087328277
--------
nle(id0,id1,dist): 8 27 2.773024733293991
list:
dist: 2.773024733293991 vs. 2.773024733293991
--------
nle(id0,id1,dist): 7 20 4.289685442931609
list:
dist: 4.289685442931609 vs. 4.289685442931609
--------
nle(id0,id1,dist): 7 19 2.9773556869644704
list:
dist: 2.9773556869644704 vs. 2.9773556869644704
--------
nle(id0,id1,dist): 7 15 1.2515741699079317
list:
dist: 1.2515741699079317 vs. 1.2515741699079317
--------
nle(id0,id1,dist): 7 14 1.6793984477215493
list:
dist: 1.6793984477215493 vs. 1.6793984477215493
--------
nle(id0,id1,dist): 7 27 3.5817620283645715
list:
dist: 3.5817620283645715 vs. 3.5817620283645715
--------
nle(id0,id1,dist): 10 12 1.9712695858843077
list:
dist: 1.9712695858843077 vs. 1.9712695858843077
--------
nle(id0,id1,dist): 10 11 0.8463573126584589
list:
dist: 0.8463573126584589 vs. 0.8463573126584589
--------
nle(id0,id1,dist): 10 14 2.544859265753577
list:
dist: 2.544859265753577 vs. 2.544859265753577
--------
nle(id0,id1,dist): 10 13 3.2063878641308916
list:
dist: 3.2063878641308916 vs. 3.2063878641308916
--------
nle(id0,id1,dist): 10 15 4.905510412324523
list:
dist: 4.905510412324523 vs. 4.905510412324523
--------
nle(id0,id1,dist): 10 17 2.0104405236190317
list:
dist: 2.0104405236190317 vs. 2.0104405236190317
--------
nle(id0,id1,dist): 10 19 2.3770917120173256
list:
dist: 2.3770917120173256 vs. 2.3770917120173256
--------
nle(id0,id1,dist): 10 20 0.9152309716113013
list:
dist: 0.9152309716113013 vs. 0.9152309716113013
--------
nle(id0,id1,dist): 10 21 3.6239819175008128
list:
dist: 3.6239819175008128 vs. 3.6239819175008128
--------
nle(id0,id1,dist): 10 23 0.9070155666035822
list:
dist: 0.9070155666035822 vs. 0.9070155666035822
--------
nle(id0,id1,dist): 10 24 1.1955017189110164
list:
dist: 1.1955017189110164 vs. 1.1955017189110164
--------
nle(id0,id1,dist): 10 27 3.2422487709778354
list:
dist: 3.2422487709778354 vs. 3.2422487709778354
--------
nle(id0,id1,dist): 10 29 4.086036355129887
list:
dist: 4.086036355129887 vs. 4.086036355129887
--------
nle(id0,id1,dist): 9 10 4.0556628086892825
list:
dist: 4.0556628086892825 vs. 4.0556628086892825
--------
nle(id0,id1,dist): 9 15 1.449434191746721
list:
dist: 1.449434191746721 vs. 1.449434191746721
--------
nle(id0,id1,dist): 9 14 1.5507328297448886
list:
dist: 1.5507328297448886 vs. 1.5507328297448886
--------
nle(id0,id1,dist): 9 13 0.8737515805310363
list:
dist: 0.8737515805310363 vs. 0.8737515805310363
--------
nle(id0,id1,dist): 9 19 2.3788088352666517
list:
dist: 2.3788088352666517 vs. 2.3788088352666517
--------
nle(id0,id1,dist): 9 16 2.7532463437484154
list:
dist: 2.7532463437484154 vs. 2.7532463437484154
--------
nle(id0,id1,dist): 9 22 1.4535074740695284
list:
dist: 1.4535074740695284 vs. 1.4535074740695284
--------
nle(id0,id1,dist): 9 26 1.808562505677065
list:
dist: 1.808562505677065 vs. 1.808562505677065
--------
nle(id0,id1,dist): 9 27 2.39237937549398
list:
dist: 2.39237937549398 vs. 2.39237937549398
--------
nle(id0,id1,dist): 9 28 2.2610073623241687
list:
dist: 2.2610073623241687 vs. 2.2610073623241687
--------
nle(id0,id1,dist): 12 20 1.3774914871611712
list:
dist: 1.3774914871611712 vs. 1.3774914871611712
--------
nle(id0,id1,dist): 12 17 3.7790693807351747
list:
dist: 3.7790693807351747 vs. 3.7790693807351747
--------
nle(id0,id1,dist): 12 14 3.1116355471387136
list:
dist: 3.1116355471387136 vs. 3.1116355471387136
--------
nle(id0,id1,dist): 11 29 3.5063768815493286
list:
dist: 3.5063768815493286 vs. 3.5063768815493286
--------
nle(id0,id1,dist): 11 27 2.762030324775841
list:
dist: 2.762030324775841 vs. 2.762030324775841
--------
nle(id0,id1,dist): 11 23 1.0566552475616011
list:
dist: 1.0566552475616011 vs. 1.0566552475616011
--------
nle(id0,id1,dist): 11 24 0.7620033128927594
list:
dist: 0.7620033128927594 vs. 0.7620033128927594
--------
nle(id0,id1,dist): 11 19 2.3485731210945997
list:
dist: 2.3485731210945997 vs. 2.3485731210945997
--------
nle(id0,id1,dist): 11 21 3.0834378824182127
list:
dist: 3.0834378824182127 vs. 3.0834378824182127
--------
nle(id0,id1,dist): 11 20 1.6817029109443804
list:
dist: 1.6817029109443804 vs. 1.6817029109443804
--------
nle(id0,id1,dist): 11 17 1.5821537189219095
list:
dist: 1.5821537189219095 vs. 1.5821537189219095
--------
nle(id0,id1,dist): 11 12 2.797636321256864
list:
dist: 2.797636321256864 vs. 2.797636321256864
--------
nle(id0,id1,dist): 13 26 1.8572773356581962
list:
dist: 1.8572773356581962 vs. 1.8572773356581962
--------
nle(id0,id1,dist): 13 27 1.8381664203269295
list:
dist: 1.8381664203269295 vs. 1.8381664203269295
--------
nle(id0,id1,dist): 13 28 2.4396489119123377
list:
dist: 2.4396489119123377 vs. 2.4396489119123377
--------
nle(id0,id1,dist): 13 19 1.6933794518764491
list:
dist: 1.6933794518764491 vs. 1.6933794518764491
--------
nle(id0,id1,dist): 13 16 3.05907630301532
list:
dist: 3.05907630301532 vs. 3.05907630301532
--------
nle(id0,id1,dist): 13 22 1.8093503950120717
list:
dist: 1.8093503950120717 vs. 1.8093503950120717
--------
nle(id0,id1,dist): 13 15 2.1188395217722693
list:
dist: 2.1188395217722693 vs. 2.1188395217722693
--------
nle(id0,id1,dist): 13 14 0.7923521210902245
list:
dist: 0.7923521210902245 vs. 0.7923521210902245
--------
nle(id0,id1,dist): 12 23 2.4934532755041103
list:
dist: 2.4934532755041103 vs. 2.4934532755041103
--------
nle(id0,id1,dist): 12 24 2.9879630615853747
list:
dist: 2.9879630615853747 vs. 2.9879630615853747
--------
nle(id0,id1,dist): 15 28 3.457843649302419
list:
dist: 3.457843649302419 vs. 3.457843649302419
--------
nle(id0,id1,dist): 15 26 3.1184527971443674
list:
dist: 3.1184527971443674 vs. 3.1184527971443674
--------
nle(id0,id1,dist): 15 27 3.812976419864299
list:
dist: 3.812976419864299 vs. 3.812976419864299
--------
nle(id0,id1,dist): 15 22 2.5568468604684265
list:
dist: 2.5568468604684265 vs. 2.5568468604684265
--------
nle(id0,id1,dist): 15 19 3.3961826247020754
list:
dist: 3.3961826247020754 vs. 3.3961826247020754
--------
nle(id0,id1,dist): 15 16 3.8191344091027286
list:
dist: 3.8191344091027286 vs. 3.8191344091027286
--------
nle(id0,id1,dist): 14 27 2.16389126904345
list:
dist: 2.16389126904345 vs. 2.16389126904345
--------
nle(id0,id1,dist): 14 15 2.4584340301115795
list:
dist: 2.4584340301115795 vs. 2.4584340301115795
--------
nle(id0,id1,dist): 14 20 3.150751317333561
list:
dist: 3.150751317333561 vs. 3.150751317333561
--------
nle(id0,id1,dist): 14 19 1.569392839259268
list:
dist: 1.569392839259268 vs. 1.569392839259268
--------
nle(id0,id1,dist): 17 19 2.027209878354483
list:
dist: 2.027209878354483 vs. 2.027209878354483
--------
nle(id0,id1,dist): 17 23 1.3031638603032907
list:
dist: 1.3031638603032907 vs. 1.3031638603032907
--------
nle(id0,id1,dist): 17 20 2.7633522581980783
list:
dist: 2.7633522581980783 vs. 2.7633522581980783
--------
nle(id0,id1,dist): 17 21 1.6725351615480637
list:
dist: 1.6725351615480637 vs. 1.6725351615480637
--------
nle(id0,id1,dist): 17 27 2.4579191753484917
list:
dist: 2.4579191753484917 vs. 2.4579191753484917
--------
nle(id0,id1,dist): 17 24 1.2421234674222525
list:
dist: 1.2421234674222525 vs. 1.2421234674222525
--------
nle(id0,id1,dist): 16 19 3.9449324990598127
list:
dist: 3.9449324990598127 vs. 3.9449324990598127
--------
nle(id0,id1,dist): 16 22 1.6563516422706428
list:
dist: 1.6563516422706428 vs. 1.6563516422706428
--------
nle(id0,id1,dist): 16 26 1.4957440047561847
list:
dist: 1.4957440047561847 vs. 1.4957440047561847
--------
nle(id0,id1,dist): 16 27 2.664587265311258
list:
dist: 2.664587265311258 vs. 2.664587265311258
--------
nle(id0,id1,dist): 16 28 0.9650602489507186
list:
dist: 0.9650602489507186 vs. 0.9650602489507186
--------
nle(id0,id1,dist): 1 2 2.936901345938154
list:
dist: 2.936901345938154 vs. 2.936901345938154
--------
nle(id0,id1,dist): 1 5 1.1344492650005797
list:
dist: 1.1344492650005797 vs. 1.1344492650005797
--------
nle(id0,id1,dist): 1 7 2.348643408777042
list:
dist: 2.348643408777042 vs. 2.348643408777042
--------
nle(id0,id1,dist): 1 9 2.414773299892119
list:
dist: 2.414773299892119 vs. 2.414773299892119
--------
nle(id0,id1,dist): 2 5 2.140167231033153
list:
dist: 2.140167231033153 vs. 2.140167231033153
--------
nle(id0,id1,dist): 2 6 2.5616462711564716
list:
dist: 2.5616462711564716 vs. 2.5616462711564716
--------
nle(id0,id1,dist): 2 3 2.177668314791042
list:
dist: 2.177668314791042 vs. 2.177668314791042
--------
nle(id0,id1,dist): 2 4 1.5611046735042873
list:
dist: 1.5611046735042873 vs. 1.5611046735042873
--------
nle(id0,id1,dist): 1 15 1.9688404152064383
list:
dist: 1.9688404152064383 vs. 1.9688404152064383
--------
nle(id0,id1,dist): 1 14 3.4420994485147265
list:
dist: 3.4420994485147265 vs. 3.4420994485147265
--------
nle(id0,id1,dist): 1 13 3.0585187293448817
list:
dist: 3.0585187293448817 vs. 3.0585187293448817
--------
nle(id0,id1,dist): 1 16 3.790695545671625
list:
dist: 3.790695545671625 vs. 3.790695545671625
--------
nle(id0,id1,dist): 1 22 3.3219099649248625
list:
dist: 3.3219099649248625 vs. 3.3219099649248625
--------
nle(id0,id1,dist): 1 26 3.1283530974447755
list:
dist: 3.1283530974447755 vs. 3.1283530974447755
--------
nle(id0,id1,dist): 2 27 3.004354382791604
list:
dist: 3.004354382791604 vs. 3.004354382791604
--------
nle(id0,id1,dist): 2 12 3.2392406977640937
list:
dist: 3.2392406977640937 vs. 3.2392406977640937
--------
nle(id0,id1,dist): 2 14 1.1928371793973631
list:
dist: 1.1928371793973631 vs. 1.1928371793973631
--------
nle(id0,id1,dist): 2 13 1.589953889357388
list:
dist: 1.589953889357388 vs. 1.589953889357388
--------
nle(id0,id1,dist): 2 8 1.555129990957558
list:
dist: 1.555129990957558 vs. 1.555129990957558
--------
nle(id0,id1,dist): 2 7 1.4979307419927
list:
dist: 1.4979307419927 vs. 1.4979307419927
--------
nle(id0,id1,dist): 2 10 3.0129784275935307
list:
dist: 3.0129784275935307 vs. 3.0129784275935307
--------
nle(id0,id1,dist): 2 9 2.004186426145811
list:
dist: 2.004186426145811 vs. 2.004186426145811
--------
nle(id0,id1,dist): 2 20 3.453909921565033
list:
dist: 3.453909921565033 vs. 3.453909921565033
--------
nle(id0,id1,dist): 2 19 2.7417917297672414
list:
dist: 2.7417917297672414 vs. 2.7417917297672414
--------
nle(id0,id1,dist): 2 15 2.558571652004301
list:
dist: 2.558571652004301 vs. 2.558571652004301
--------
nle(id0,id1,dist): 3 20 3.4732291101952866
list:
dist: 3.4732291101952866 vs. 3.4732291101952866
--------
nle(id0,id1,dist): 3 8 2.6462682891229385
list:
dist: 2.6462682891229385 vs. 2.6462682891229385
--------
nle(id0,id1,dist): 3 7 2.656483874095947
list:
dist: 2.656483874095947 vs. 2.656483874095947
--------
nle(id0,id1,dist): 3 6 3.883042009058904
list:
dist: 3.883042009058904 vs. 3.883042009058904
--------
nle(id0,id1,dist): 3 4 3.102325232281877
list:
dist: 3.102325232281877 vs. 3.102325232281877
--------
nle(id0,id1,dist): 3 14 3.0167424576336894
list:
dist: 3.0167424576336894 vs. 3.0167424576336894
--------
nle(id0,id1,dist): 3 12 2.659986348082169
list:
dist: 2.659986348082169 vs. 2.659986348082169
--------
nle(id0,id1,dist): 3 10 3.601488023485962
list:
dist: 3.601488023485962 vs. 3.601488023485962
--------
nle(id0,id1,dist): 37 48 3.335732420488402
list:
dist: 3.335732420488402 vs. 3.335732420488402
--------
nle(id0,id1,dist): 37 50 2.554492902394065
list:
dist: 2.554492902394065 vs. 2.554492902394065
--------
nle(id0,id1,dist): 37 51 1.2430045694452838
list:
dist: 1.2430045694452838 vs. 1.2430045694452838
--------
nle(id0,id1,dist): 37 52 2.0353489615506914
list:
dist: 2.0353489615506914 vs. 2.0353489615506914
--------
nle(id0,id1,dist): 37 53 1.4563320013223946
list:
dist: 1.4563320013223946 vs. 1.4563320013223946
--------
nle(id0,id1,dist): 37 54 2.1128743819751876
list:
dist: 2.1128743819751876 vs. 2.1128743819751876
--------
nle(id0,id1,dist): 37 55 1.2532343467089364
list:
dist: 1.2532343467089364 vs. 1.2532343467089364
--------
nle(id0,id1,dist): 37 42 3.3168004598214393
list:
dist: 3.3168004598214393 vs. 3.3168004598214393
--------
nle(id0,id1,dist): 37 44 3.021317070290548
list:
dist: 3.021317070290548 vs. 3.021317070290548
--------
nle(id0,id1,dist): 37 45 2.1071167733400014
list:
dist: 2.1071167733400014 vs. 2.1071167733400014
--------
nle(id0,id1,dist): 37 46 1.8599464232543932
list:
dist: 1.8599464232543932 vs. 1.8599464232543932
--------
nle(id0,id1,dist): 37 47 3.2251318303019656
list:
dist: 3.2251318303019656 vs. 3.2251318303019656
--------
nle(id0,id1,dist): 37 39 1.5082620778389622
list:
dist: 1.5082620778389622 vs. 1.5082620778389622
--------
nle(id0,id1,dist): 36 54 2.4673769869086053
list:
dist: 2.4673769869086053 vs. 2.4673769869086053
--------
nle(id0,id1,dist): 36 45 3.7011777009963347
list:
dist: 3.7011777009963347 vs. 3.7011777009963347
--------
nle(id0,id1,dist): 36 51 2.377069548266723
list:
dist: 2.377069548266723 vs. 2.377069548266723
--------
nle(id0,id1,dist): 36 39 1.8966370932022767
list:
dist: 1.8966370932022767 vs. 1.8966370932022767
--------
nle(id0,id1,dist): 36 37 2.0520490706572043
list:
dist: 2.0520490706572043 vs. 2.0520490706572043
--------
nle(id0,id1,dist): 36 43 2.135245077780309
list:
dist: 2.135245077780309 vs. 2.135245077780309
--------
nle(id0,id1,dist): 35 59 3.3618138448918122
list:
dist: 3.3618138448918122 vs. 3.3618138448918122
--------
nle(id0,id1,dist): 35 54 3.247165448055186
list:
dist: 3.247165448055186 vs. 3.247165448055186
--------
nle(id0,id1,dist): 35 55 2.0904997602898012
list:
dist: 2.0904997602898012 vs. 2.0904997602898012
--------
nle(id0,id1,dist): 35 57 3.0689108318752765
list:
dist: 3.0689108318752765 vs. 3.0689108318752765
--------
nle(id0,id1,dist): 35 50 3.7133307108912375
list:
dist: 3.7133307108912375 vs. 3.7133307108912375
--------
nle(id0,id1,dist): 35 51 2.544619615121061
list:
dist: 2.544619615121061 vs. 2.544619615121061
--------
nle(id0,id1,dist): 35 52 3.1635137931315946
list:
dist: 3.1635137931315946 vs. 3.1635137931315946
--------
nle(id0,id1,dist): 35 53 2.690795913195975
list:
dist: 2.690795913195975 vs. 2.690795913195975
--------
nle(id0,id1,dist): 35 47 3.2620835748963133
list:
dist: 3.2620835748963133 vs. 3.2620835748963133
--------
nle(id0,id1,dist): 35 46 2.4248167914460077
list:
dist: 2.4248167914460077 vs. 2.4248167914460077
--------
nle(id0,id1,dist): 35 48 4.308999163442848
list:
dist: 4.308999163442848 vs. 4.308999163442848
--------
nle(id0,id1,dist): 35 44 4.360020764252005
list:
dist: 4.360020764252005 vs. 4.360020764252005
--------
nle(id0,id1,dist): 35 39 2.5731822831821263
list:
dist: 2.5731822831821263 vs. 2.5731822831821263
--------
nle(id0,id1,dist): 35 37 1.371667450312756
list:
dist: 1.371667450312756 vs. 1.371667450312756
--------
nle(id0,id1,dist): 35 36 1.9175196758473627
list:
dist: 1.9175196758473627 vs. 1.9175196758473627
--------
nle(id0,id1,dist): 34 54 4.014097851297105
list:
dist: 4.014097851297105 vs. 4.014097851297105
--------
nle(id0,id1,dist): 34 51 3.5526318769953833
list:
dist: 3.5526318769953833 vs. 3.5526318769953833
--------
nle(id0,id1,dist): 34 47 4.32663700670358
list:
dist: 4.32663700670358 vs. 4.32663700670358
--------
nle(id0,id1,dist): 34 45 3.654269266643683
list:
dist: 3.654269266643683 vs. 3.654269266643683
--------
nle(id0,id1,dist): 34 39 3.4409190498969937
list:
dist: 3.4409190498969937 vs. 3.4409190498969937
--------
nle(id0,id1,dist): 34 36 2.696103837517353
list:
dist: 2.696103837517353 vs. 2.696103837517353
--------
nle(id0,id1,dist): 34 35 2.7877238153115784
list:
dist: 2.7877238153115784 vs. 2.7877238153115784
--------
nle(id0,id1,dist): 34 37 3.05922877139226
list:
dist: 3.05922877139226 vs. 3.05922877139226
--------
nle(id0,id1,dist): 33 45 3.667642207070609
list:
dist: 3.667642207070609 vs. 3.667642207070609
--------
nle(id0,id1,dist): 33 51 2.610036243320086
list:
dist: 2.610036243320086 vs. 2.610036243320086
--------
nle(id0,id1,dist): 33 54 2.89005975953395
list:
dist: 2.89005975953395 vs. 2.89005975953395
--------
nle(id0,id1,dist): 33 35 1.627591839543656
list:
dist: 1.627591839543656 vs. 1.627591839543656
--------
nle(id0,id1,dist): 33 34 2.127394642047601
list:
dist: 2.127394642047601 vs. 2.127394642047601
--------
nle(id0,id1,dist): 33 39 2.2543752685192886
list:
dist: 2.2543752685192886 vs. 2.2543752685192886
--------
nle(id0,id1,dist): 33 37 2.047617587864275
list:
dist: 2.047617587864275 vs. 2.047617587864275
--------
nle(id0,id1,dist): 33 36 0.6772542233654725
list:
dist: 0.6772542233654725 vs. 0.6772542233654725
--------
nle(id0,id1,dist): 33 43 2.493066972672333
list:
dist: 2.493066972672333 vs. 2.493066972672333
--------
nle(id0,id1,dist): 32 51 2.883877979144429
list:
dist: 2.883877979144429 vs. 2.883877979144429
--------
nle(id0,id1,dist): 32 54 3.760804545184643
list:
dist: 3.760804545184643 vs. 3.760804545184643
--------
nle(id0,id1,dist): 32 37 1.988815484983962
list:
dist: 1.988815484983962 vs. 1.988815484983962
--------
nle(id0,id1,dist): 32 39 3.1505548335868534
list:
dist: 3.1505548335868534 vs. 3.1505548335868534
--------
nle(id0,id1,dist): 32 34 2.0935981413900993
list:
dist: 2.0935981413900993 vs. 2.0935981413900993
--------
nle(id0,id1,dist): 32 33 2.58933210897105
list:
dist: 2.58933210897105 vs. 2.58933210897105
--------
nle(id0,id1,dist): 32 36 3.0618897776446565
list:
dist: 3.0618897776446565 vs. 3.0618897776446565
--------
nle(id0,id1,dist): 32 35 1.8635741226631126
list:
dist: 1.8635741226631126 vs. 1.8635741226631126
--------
nle(id0,id1,dist): 32 45 2.579695030677569
list:
dist: 2.579695030677569 vs. 2.579695030677569
--------
nle(id0,id1,dist): 32 47 2.2723376664377914
list:
dist: 2.2723376664377914 vs. 2.2723376664377914
--------
nle(id0,id1,dist): 31 54 2.5911944200423416
list:
dist: 2.5911944200423416 vs. 2.5911944200423416
--------
nle(id0,id1,dist): 31 45 3.6839119036413237
list:
dist: 3.6839119036413237 vs. 3.6839119036413237
--------
nle(id0,id1,dist): 31 43 1.9744632802638697
list:
dist: 1.9744632802638697 vs. 1.9744632802638697
--------
nle(id0,id1,dist): 31 39 2.183748528655476
list:
dist: 2.183748528655476 vs. 2.183748528655476
--------
nle(id0,id1,dist): 31 51 2.693782637505414
list:
dist: 2.693782637505414 vs. 2.693782637505414
--------
nle(id0,id1,dist): 31 36 1.4011673248022076
list:
dist: 1.4011673248022076 vs. 1.4011673248022076
--------
nle(id0,id1,dist): 31 37 2.7722922781776154
list:
dist: 2.7722922781776154 vs. 2.7722922781776154
--------
nle(id0,id1,dist): 31 34 2.2232299769941433
list:
dist: 2.2232299769941433 vs. 2.2232299769941433
--------
nle(id0,id1,dist): 31 35 2.9357928162251263
list:
dist: 2.9357928162251263 vs. 2.9357928162251263
--------
nle(id0,id1,dist): 31 32 3.332524737011262
list:
dist: 3.332524737011262 vs. 3.332524737011262
--------
nle(id0,id1,dist): 31 33 1.4652388876051046
list:
dist: 1.4652388876051046 vs. 1.4652388876051046
--------
nle(id0,id1,dist): 44 47 4.508277592943106
list:
dist: 4.508277592943106 vs. 4.508277592943106
--------
nle(id0,id1,dist): 44 48 2.197762404548067
list:
dist: 2.197762404548067 vs. 2.197762404548067
--------
nle(id0,id1,dist): 44 45 2.044049605317311
list:
dist: 2.044049605317311 vs. 2.044049605317311
--------
nle(id0,id1,dist): 44 46 3.013800372540957
list:
dist: 3.013800372540957 vs. 3.013800372540957
--------
nle(id0,id1,dist): 44 51 2.209650745261604
list:
dist: 2.209650745261604 vs. 2.209650745261604
--------
nle(id0,id1,dist): 44 52 1.6473028111761703
list:
dist: 1.6473028111761703 vs. 1.6473028111761703
--------
nle(id0,id1,dist): 44 49 0.9705381666850992
list:
dist: 0.9705381666850992 vs. 0.9705381666850992
--------
nle(id0,id1,dist): 44 50 1.983897676019496
list:
dist: 1.983897676019496 vs. 1.983897676019496
--------
nle(id0,id1,dist): 43 51 4.041247439077286
list:
dist: 4.041247439077286 vs. 4.041247439077286
--------
nle(id0,id1,dist): 43 54 3.631283584249663
list:
dist: 3.631283584249663 vs. 3.631283584249663
--------
nle(id0,id1,dist): 42 46 4.4105280590330285
list:
dist: 4.4105280590330285 vs. 4.4105280590330285
--------
nle(id0,id1,dist): 42 45 2.9178424691985465
list:
dist: 2.9178424691985465 vs. 2.9178424691985465
--------
nle(id0,id1,dist): 42 44 2.297578788584364
list:
dist: 2.297578788584364 vs. 2.297578788584364
--------
nle(id0,id1,dist): 42 59 3.623677147119221
list:
dist: 3.623677147119221 vs. 3.623677147119221
--------
nle(id0,id1,dist): 42 57 3.017273955475416
list:
dist: 3.017273955475416 vs. 3.017273955475416
--------
nle(id0,id1,dist): 42 58 2.6667912681189385
list:
dist: 2.6667912681189385 vs. 2.6667912681189385
--------
nle(id0,id1,dist): 42 55 3.7532386656028227
list:
dist: 3.7532386656028227 vs. 3.7532386656028227
--------
nle(id0,id1,dist): 42 56 3.5570470289293508
list:
dist: 3.5570470289293508 vs. 3.5570470289293508
--------
nle(id0,id1,dist): 42 53 2.5650214138797747
list:
dist: 2.5650214138797747 vs. 2.5650214138797747
--------
nle(id0,id1,dist): 42 54 1.3481646848514293
list:
dist: 1.3481646848514293 vs. 1.3481646848514293
--------
nle(id0,id1,dist): 42 51 2.0828454163725554
list:
dist: 2.0828454163725554 vs. 2.0828454163725554
--------
nle(id0,id1,dist): 42 52 3.3471626950132447
list:
dist: 3.3471626950132447 vs. 3.3471626950132447
--------
nle(id0,id1,dist): 42 49 2.9135030773730723
list:
dist: 2.9135030773730723 vs. 2.9135030773730723
--------
nle(id0,id1,dist): 42 50 1.6553950094888696
list:
dist: 1.6553950094888696 vs. 1.6553950094888696
--------
nle(id0,id1,dist): 40 42 1.8322423528757843
list:
dist: 1.8322423528757843 vs. 1.8322423528757843
--------
nle(id0,id1,dist): 40 51 3.8924506881794234
list:
dist: 3.8924506881794234 vs. 3.8924506881794234
--------
nle(id0,id1,dist): 40 50 3.1460948623341225
list:
dist: 3.1460948623341225 vs. 3.1460948623341225
--------
nle(id0,id1,dist): 40 53 4.325829231054465
list:
dist: 4.325829231054465 vs. 4.325829231054465
--------
nle(id0,id1,dist): 40 54 3.030558391238779
list:
dist: 3.030558391238779 vs. 3.030558391238779
--------
nle(id0,id1,dist): 40 58 3.3823653872461024
list:
dist: 3.3823653872461024 vs. 3.3823653872461024
--------
nle(id0,id1,dist): 39 46 3.1377739519101846
list:
dist: 3.1377739519101846 vs. 3.1377739519101846
--------
nle(id0,id1,dist): 39 50 1.7320916271443727
list:
dist: 1.7320916271443727 vs. 1.7320916271443727
--------
nle(id0,id1,dist): 39 51 0.6893664809345126
list:
dist: 0.6893664809345126 vs. 0.6893664809345126
--------
nle(id0,id1,dist): 39 52 2.6597899058847845
list:
dist: 2.6597899058847845 vs. 2.6597899058847845
--------
nle(id0,id1,dist): 39 53 1.6180298568789981
list:
dist: 1.6180298568789981 vs. 1.6180298568789981
--------
nle(id0,id1,dist): 39 54 0.6948572333872546
list:
dist: 0.6948572333872546 vs. 0.6948572333872546
--------
nle(id0,id1,dist): 39 55 2.4191622200149894
list:
dist: 2.4191622200149894 vs. 2.4191622200149894
--------
nle(id0,id1,dist): 39 57 2.3348478772333197
list:
dist: 2.3348478772333197 vs. 2.3348478772333197
--------
nle(id0,id1,dist): 39 59 2.9840320989538154
list:
dist: 2.9840320989538154 vs. 2.9840320989538154
--------
nle(id0,id1,dist): 39 45 2.314199878135907
list:
dist: 2.314199878135907 vs. 2.314199878135907
--------
nle(id0,id1,dist): 39 44 2.7576271689625744
list:
dist: 2.7576271689625744 vs. 2.7576271689625744
--------
nle(id0,id1,dist): 39 43 3.3829610537869987
list:
dist: 3.3829610537869987 vs. 3.3829610537869987
--------
nle(id0,id1,dist): 39 42 2.0207918127686626
list:
dist: 2.0207918127686626 vs. 2.0207918127686626
--------
nle(id0,id1,dist): 39 40 3.707652169911411
list:
dist: 3.707652169911411 vs. 3.707652169911411
--------
nle(id0,id1,dist): 37 57 1.8511396525552515
list:
dist: 1.8511396525552515 vs. 1.8511396525552515
--------
nle(id0,id1,dist): 37 59 2.2954874902639544
list:
dist: 2.2954874902639544 vs. 2.2954874902639544
--------
nle(id0,id1,dist): 23 29 3.3593305577116337
list:
dist: 3.3593305577116337 vs. 3.3593305577116337
--------
nle(id0,id1,dist): 23 27 2.739411291715352
list:
dist: 2.739411291715352 vs. 2.739411291715352
--------
nle(id0,id1,dist): 23 24 0.8207475125675945
list:
dist: 0.8207475125675945 vs. 0.8207475125675945
--------
nle(id0,id1,dist): 21 27 2.3697303245906154
list:
dist: 2.3697303245906154 vs. 2.3697303245906154
--------
nle(id0,id1,dist): 21 24 2.6016303444222895
list:
dist: 2.6016303444222895 vs. 2.6016303444222895
--------
nle(id0,id1,dist): 21 28 3.723578673975599
list:
dist: 3.723578673975599 vs. 3.723578673975599
--------
nle(id0,id1,dist): 21 29 0.874440912357845
list:
dist: 0.874440912357845 vs. 0.874440912357845
--------
nle(id0,id1,dist): 21 23 2.869477089272415
list:
dist: 2.869477089272415 vs. 2.869477089272415
--------
nle(id0,id1,dist): 22 27 2.0456988104208382
list:
dist: 2.0456988104208382 vs. 2.0456988104208382
--------
nle(id0,id1,dist): 22 28 0.9573403245252924
list:
dist: 0.9573403245252924 vs. 0.9573403245252924
--------
nle(id0,id1,dist): 22 26 1.4991779358066373
list:
dist: 1.4991779358066373 vs. 1.4991779358066373
--------
nle(id0,id1,dist): 19 24 1.6222399994924441
list:
dist: 1.6222399994924441 vs. 1.6222399994924441
--------
nle(id0,id1,dist): 19 22 2.6275351355596204
list:
dist: 2.6275351355596204 vs. 2.6275351355596204
--------
nle(id0,id1,dist): 19 23 1.703163358050563
list:
dist: 1.703163358050563 vs. 1.703163358050563
--------
nle(id0,id1,dist): 19 21 2.6822324181645323
list:
dist: 2.6822324181645323 vs. 2.6822324181645323
--------
nle(id0,id1,dist): 19 28 3.066460613660266
list:
dist: 3.066460613660266 vs. 3.066460613660266
--------
nle(id0,id1,dist): 19 29 2.782837805179746
list:
dist: 2.782837805179746 vs. 2.782837805179746
--------
nle(id0,id1,dist): 19 26 3.004712493766109
list:
dist: 3.004712493766109 vs. 3.004712493766109
--------
nle(id0,id1,dist): 19 27 1.7378095215193698
list:
dist: 1.7378095215193698 vs. 1.7378095215193698
--------
nle(id0,id1,dist): 20 23 1.6410415919292238
list:
dist: 1.6410415919292238 vs. 1.6410415919292238
--------
nle(id0,id1,dist): 20 24 2.10537088267039
list:
dist: 2.10537088267039 vs. 2.10537088267039
--------
nle(id0,id1,dist): 18 21 2.019702704328735
list:
dist: 2.019702704328735 vs. 2.019702704328735
--------
nle(id0,id1,dist): 18 19 2.572820777224274
list:
dist: 2.572820777224274 vs. 2.572820777224274
--------
nle(id0,id1,dist): 17 29 2.31108883527188
list:
dist: 2.31108883527188 vs. 2.31108883527188
--------
nle(id0,id1,dist): 18 27 1.1657143979420805
list:
dist: 1.1657143979420805 vs. 1.1657143979420805
--------
nle(id0,id1,dist): 18 28 1.8308803793032613
list:
dist: 1.8308803793032613 vs. 1.8308803793032613
--------
nle(id0,id1,dist): 18 29 1.2881291070011498
list:
dist: 1.2881291070011498 vs. 1.2881291070011498
--------
nle(id0,id1,dist): 30 39 3.1992717329672873
list:
dist: 3.1992717329672873 vs. 3.1992717329672873
--------
nle(id0,id1,dist): 30 37 2.576497902914805
list:
dist: 2.576497902914805 vs. 2.576497902914805
--------
nle(id0,id1,dist): 30 36 1.8566858686130467
list:
dist: 1.8566858686130467 vs. 1.8566858686130467
--------
nle(id0,id1,dist): 30 35 1.750745383248082
list:
dist: 1.750745383248082 vs. 1.750745383248082
--------
nle(id0,id1,dist): 30 34 1.4918463105008946
list:
dist: 1.4918463105008946 vs. 1.4918463105008946
--------
nle(id0,id1,dist): 30 33 1.181678419039279
list:
dist: 1.181678419039279 vs. 1.181678419039279
--------
nle(id0,id1,dist): 30 32 2.146662329898825
list:
dist: 2.146662329898825 vs. 2.146662329898825
--------
nle(id0,id1,dist): 30 31 2.2044858388562294
list:
dist: 2.2044858388562294 vs. 2.2044858388562294
--------
nle(id0,id1,dist): 30 54 3.8666898231616873
list:
dist: 3.8666898231616873 vs. 3.8666898231616873
--------
nle(id0,id1,dist): 30 51 3.390493662364773
list:
dist: 3.390493662364773 vs. 3.390493662364773
--------
nle(id0,id1,dist): 30 47 4.232308015637635
list:
dist: 4.232308015637635 vs. 4.232308015637635
--------
nle(id0,id1,dist): 30 45 4.00076508438775
list:
dist: 4.00076508438775 vs. 4.00076508438775
--------
nle(id0,id1,dist): 28 29 3.0287974866053813
list:
dist: 3.0287974866053813 vs. 3.0287974866053813
--------
nle(id0,id1,dist): 26 27 1.7902188053876544
list:
dist: 1.7902188053876544 vs. 1.7902188053876544
--------
nle(id0,id1,dist): 26 28 1.3689673168152146
list:
dist: 1.3689673168152146 vs. 1.3689673168152146
--------
nle(id0,id1,dist): 27 29 2.001773716198419
list:
dist: 2.001773716198419 vs. 2.001773716198419
--------
nle(id0,id1,dist): 27 28 1.9383268236151978
list:
dist: 1.9383268236151978 vs. 1.9383268236151978
--------
nle(id0,id1,dist): 24 27 2.113115201394265
list:
dist: 2.113115201394265 vs. 2.113115201394265
--------
nle(id0,id1,dist): 24 29 2.947330543961163
list:
dist: 2.947330543961163 vs. 2.947330543961163
--------
nle(id0,id1,dist): 62 79 3.5985022519510186
list:
dist: 3.5985022519510186 vs. 3.5985022519510186
--------
nle(id0,id1,dist): 62 80 1.7208066604530312
list:
dist: 1.7208066604530312 vs. 1.7208066604530312
--------
nle(id0,id1,dist): 62 81 1.4567973943763346
list:
dist: 1.4567973943763346 vs. 1.4567973943763346
--------
nle(id0,id1,dist): 62 82 1.3291085315355726
list:
dist: 1.3291085315355726 vs. 1.3291085315355726
--------
nle(id0,id1,dist): 62 76 2.6853966009485233
list:
dist: 2.6853966009485233 vs. 2.6853966009485233
--------
nle(id0,id1,dist): 62 89 3.491958464490292
list:
dist: 3.491958464490292 vs. 3.491958464490292
--------
nle(id0,id1,dist): 62 83 4.011317858224677
list:
dist: 4.011317858224677 vs. 4.011317858224677
--------
nle(id0,id1,dist): 62 85 3.335546496651544
list:
dist: 3.335546496651544 vs. 3.335546496651544
--------
nle(id0,id1,dist): 62 63 2.541260300700217
list:
dist: 2.541260300700217 vs. 2.541260300700217
--------
nle(id0,id1,dist): 62 65 2.069266442435811
list:
dist: 2.069266442435811 vs. 2.069266442435811
--------
nle(id0,id1,dist): 62 72 1.6566367839399359
list:
dist: 1.6566367839399359 vs. 1.6566367839399359
--------
nle(id0,id1,dist): 62 71 1.6482604517193213
list:
dist: 1.6482604517193213 vs. 1.6482604517193213
--------
nle(id0,id1,dist): 62 73 1.9221078797297
list:
dist: 1.9221078797297 vs. 1.9221078797297
--------
nle(id0,id1,dist): 62 68 1.1599645063138628
list:
dist: 1.1599645063138628 vs. 1.1599645063138628
--------
nle(id0,id1,dist): 61 84 2.120523059756748
list:
dist: 2.120523059756748 vs. 2.120523059756748
--------
nle(id0,id1,dist): 61 85 1.5471370710589547
list:
dist: 1.5471370710589547 vs. 1.5471370710589547
--------
nle(id0,id1,dist): 61 82 2.536524791729497
list:
dist: 2.536524791729497 vs. 2.536524791729497
--------
nle(id0,id1,dist): 61 83 1.57697111364083
list:
dist: 1.57697111364083 vs. 1.57697111364083
--------
nle(id0,id1,dist): 61 80 2.3758666070839656
list:
dist: 2.3758666070839656 vs. 2.3758666070839656
--------
nle(id0,id1,dist): 61 81 1.6752448687188148
list:
dist: 1.6752448687188148 vs. 1.6752448687188148
--------
nle(id0,id1,dist): 61 88 2.4100500257160467
list:
dist: 2.4100500257160467 vs. 2.4100500257160467
--------
nle(id0,id1,dist): 61 89 2.0517319774003275
list:
dist: 2.0517319774003275 vs. 2.0517319774003275
--------
nle(id0,id1,dist): 61 71 1.1652319303721543
list:
dist: 1.1652319303721543 vs. 1.1652319303721543
--------
nle(id0,id1,dist): 61 69 2.7863758510966425
list:
dist: 2.7863758510966425 vs. 2.7863758510966425
--------
nle(id0,id1,dist): 61 68 2.1660451605113984
list:
dist: 2.1660451605113984 vs. 2.1660451605113984
--------
nle(id0,id1,dist): 61 67 3.2018357255465273
list:
dist: 3.2018357255465273 vs. 3.2018357255465273
--------
nle(id0,id1,dist): 61 66 1.6075832329280797
list:
dist: 1.6075832329280797 vs. 1.6075832329280797
--------
nle(id0,id1,dist): 61 79 2.16263941191675
list:
dist: 2.16263941191675 vs. 2.16263941191675
--------
nle(id0,id1,dist): 61 78 1.8740430223431717
list:
dist: 1.8740430223431717 vs. 1.8740430223431717
--------
nle(id0,id1,dist): 61 77 2.780353654377489
list:
dist: 2.780353654377489 vs. 2.780353654377489
--------
nle(id0,id1,dist): 61 76 0.6624616637676799
list:
dist: 0.6624616637676799 vs. 0.6624616637676799
--------
nle(id0,id1,dist): 61 75 2.186904267315157
list:
dist: 2.186904267315157 vs. 2.186904267315157
--------
nle(id0,id1,dist): 61 74 2.583548208124004
list:
dist: 2.583548208124004 vs. 2.583548208124004
--------
nle(id0,id1,dist): 61 73 1.3490129882582673
list:
dist: 1.3490129882582673 vs. 1.3490129882582673
--------
nle(id0,id1,dist): 64 70 1.9152147670968895
list:
dist: 1.9152147670968895 vs. 1.9152147670968895
--------
nle(id0,id1,dist): 63 72 1.1676210887128968
list:
dist: 1.1676210887128968 vs. 1.1676210887128968
--------
nle(id0,id1,dist): 63 73 3.5250982325215743
list:
dist: 3.5250982325215743 vs. 3.5250982325215743
--------
nle(id0,id1,dist): 63 81 2.5550689858561286
list:
dist: 2.5550689858561286 vs. 2.5550689858561286
--------
nle(id0,id1,dist): 63 79 3.7561747657439417
list:
dist: 3.7561747657439417 vs. 3.7561747657439417
--------
nle(id0,id1,dist): 63 82 3.3374327737488807
list:
dist: 3.3374327737488807 vs. 3.3374327737488807
--------
nle(id0,id1,dist): 63 65 0.5766943117443113
list:
dist: 0.5766943117443113 vs. 0.5766943117443113
--------
nle(id0,id1,dist): 63 69 3.3187840296959616
list:
dist: 3.3187840296959616 vs. 3.3187840296959616
--------
nle(id0,id1,dist): 63 68 1.981008563575648
list:
dist: 1.981008563575648 vs. 1.981008563575648
--------
nle(id0,id1,dist): 58 59 3.3332283746499454
list:
dist: 3.3332283746499454 vs. 3.3332283746499454
--------
nle(id0,id1,dist): 61 62 2.4538354362156922
list:
dist: 2.4538354362156922 vs. 2.4538354362156922
--------
nle(id0,id1,dist): 60 79 4.2064435130561595
list:
dist: 4.2064435130561595 vs. 4.2064435130561595
--------
nle(id0,id1,dist): 60 81 2.548993389846682
list:
dist: 2.548993389846682 vs. 2.548993389846682
--------
nle(id0,id1,dist): 60 82 1.520783961864607
list:
dist: 1.520783961864607 vs. 1.520783961864607
--------
nle(id0,id1,dist): 60 72 1.1484824661408775
list:
dist: 1.1484824661408775 vs. 1.1484824661408775
--------
nle(id0,id1,dist): 60 73 2.3810254347602253
list:
dist: 2.3810254347602253 vs. 2.3810254347602253
--------
nle(id0,id1,dist): 60 63 2.159696989232687
list:
dist: 2.159696989232687 vs. 2.159696989232687
--------
nle(id0,id1,dist): 60 62 1.5851370842594377
list:
dist: 1.5851370842594377 vs. 1.5851370842594377
--------
nle(id0,id1,dist): 60 68 1.6170318621638964
list:
dist: 1.6170318621638964 vs. 1.6170318621638964
--------
nle(id0,id1,dist): 60 65 2.006076236899614
list:
dist: 2.006076236899614 vs. 2.006076236899614
--------
nle(id0,id1,dist): 69 79 1.831504414584291
list:
dist: 1.831504414584291 vs. 1.831504414584291
--------
nle(id0,id1,dist): 69 76 2.538767669610157
list:
dist: 2.538767669610157 vs. 2.538767669610157
--------
nle(id0,id1,dist): 69 75 1.1482981228094997
list:
dist: 1.1482981228094997 vs. 1.1482981228094997
--------
nle(id0,id1,dist): 69 85 1.754450492265687
list:
dist: 1.754450492265687 vs. 1.754450492265687
--------
nle(id0,id1,dist): 69 83 3.2347274255619993
list:
dist: 3.2347274255619993 vs. 3.2347274255619993
--------
nle(id0,id1,dist): 69 81 1.9418579740967683
list:
dist: 1.9418579740967683 vs. 1.9418579740967683
--------
nle(id0,id1,dist): 68 73 1.6084803304823265
list:
dist: 1.6084803304823265 vs. 1.6084803304823265
--------
nle(id0,id1,dist): 68 76 2.50843819080338
list:
dist: 2.50843819080338 vs. 2.50843819080338
--------
nle(id0,id1,dist): 68 75 2.9819822782368988
list:
dist: 2.9819822782368988 vs. 2.9819822782368988
--------
nle(id0,id1,dist): 68 69 2.721356758207325
list:
dist: 2.721356758207325 vs. 2.721356758207325
--------
nle(id0,id1,dist): 68 72 1.5369228435200744
list:
dist: 1.5369228435200744 vs. 1.5369228435200744
--------
nle(id0,id1,dist): 68 71 1.897687976478189
list:
dist: 1.897687976478189 vs. 1.897687976478189
--------
nle(id0,id1,dist): 68 81 1.0105870201462919
list:
dist: 1.0105870201462919 vs. 1.0105870201462919
--------
nle(id0,id1,dist): 68 82 1.7833937869066252
list:
dist: 1.7833937869066252 vs. 1.7833937869066252
--------
nle(id0,id1,dist): 68 83 3.6061246174467625
list:
dist: 3.6061246174467625 vs. 3.6061246174467625
--------
nle(id0,id1,dist): 68 79 2.688173104501627
list:
dist: 2.688173104501627 vs. 2.688173104501627
--------
nle(id0,id1,dist): 68 80 2.450241488039022
list:
dist: 2.450241488039022 vs. 2.450241488039022
--------
nle(id0,id1,dist): 68 89 3.6575865768999978
list:
dist: 3.6575865768999978 vs. 3.6575865768999978
--------
nle(id0,id1,dist): 68 85 2.8687190905984283
list:
dist: 2.8687190905984283 vs. 2.8687190905984283
--------
nle(id0,id1,dist): 70 86 1.385424352139289
list:
dist: 1.385424352139289 vs. 1.385424352139289
--------
nle(id0,id1,dist): 70 90 1.1987836308452446
list:
dist: 1.1987836308452446 vs. 1.1987836308452446
--------
nle(id0,id1,dist): 70 94 1.742801377216046
list:
dist: 1.742801377216046 vs. 1.742801377216046
--------
nle(id0,id1,dist): 70 93 0.891874627797286
list:
dist: 0.891874627797286 vs. 0.891874627797286
--------
nle(id0,id1,dist): 70 92 1.3714921243391032
list:
dist: 1.3714921243391032 vs. 1.3714921243391032
--------
nle(id0,id1,dist): 70 91 0.4480017323309111
list:
dist: 0.4480017323309111 vs. 0.4480017323309111
--------
nle(id0,id1,dist): 70 98 1.1567336428895927
list:
dist: 1.1567336428895927 vs. 1.1567336428895927
--------
nle(id0,id1,dist): 70 97 3.7543773792289348
list:
dist: 3.7543773792289348 vs. 3.7543773792289348
--------
nle(id0,id1,dist): 70 96 2.12489663521516
list:
dist: 2.12489663521516 vs. 2.12489663521516
--------
nle(id0,id1,dist): 70 95 2.6627330461139698
list:
dist: 2.6627330461139698 vs. 2.6627330461139698
--------
nle(id0,id1,dist): 70 101 2.0304008214090623
list:
dist: 2.0304008214090623 vs. 2.0304008214090623
--------
nle(id0,id1,dist): 70 102 0.976156575515716
list:
dist: 0.976156575515716 vs. 0.976156575515716
--------
nle(id0,id1,dist): 70 99 1.9421269174515345
list:
dist: 1.9421269174515345 vs. 1.9421269174515345
--------
nle(id0,id1,dist): 70 100 2.3144456026021025
list:
dist: 2.3144456026021025 vs. 2.3144456026021025
--------
nle(id0,id1,dist): 70 105 1.1040034509770504
list:
dist: 1.1040034509770504 vs. 1.1040034509770504
--------
nle(id0,id1,dist): 70 106 2.413654924257484
list:
dist: 2.413654924257484 vs. 2.413654924257484
--------
nle(id0,id1,dist): 70 103 2.8669815991415994
list:
dist: 2.8669815991415994 vs. 2.8669815991415994
--------
nle(id0,id1,dist): 70 104 2.7428997061142217
list:
dist: 2.7428997061142217 vs. 2.7428997061142217
--------
nle(id0,id1,dist): 70 109 1.0425681670565174
list:
dist: 1.0425681670565174 vs. 1.0425681670565174
--------
nle(id0,id1,dist): 71 73 1.6327711468303523
list:
dist: 1.6327711468303523 vs. 1.6327711468303523
--------
nle(id0,id1,dist): 70 110 2.423108243540763
list:
dist: 2.423108243540763 vs. 2.423108243540763
--------
nle(id0,id1,dist): 70 107 2.694080400759627
list:
dist: 2.694080400759627 vs. 2.694080400759627
--------
nle(id0,id1,dist): 70 108 2.244289638873309
list:
dist: 2.244289638873309 vs. 2.244289638873309
--------
nle(id0,id1,dist): 71 76 1.1638499365649881
list:
dist: 1.1638499365649881 vs. 1.1638499365649881
--------
nle(id0,id1,dist): 70 113 2.667373865732846
list:
dist: 2.667373865732846 vs. 2.667373865732846
--------
nle(id0,id1,dist): 71 77 3.2189004463244606
list:
dist: 3.2189004463244606 vs. 3.2189004463244606
--------
nle(id0,id1,dist): 70 114 3.0666275682268567
list:
dist: 3.0666275682268567 vs. 3.0666275682268567
--------
nle(id0,id1,dist): 71 74 2.5169668032045203
list:
dist: 2.5169668032045203 vs. 2.5169668032045203
--------
nle(id0,id1,dist): 70 111 1.9177910520139803
list:
dist: 1.9177910520139803 vs. 1.9177910520139803
--------
nle(id0,id1,dist): 70 112 1.1612967562656766
list:
dist: 1.1612967562656766 vs. 1.1612967562656766
--------
nle(id0,id1,dist): 65 82 3.0180822597256802
list:
dist: 3.0180822597256802 vs. 3.0180822597256802
--------
nle(id0,id1,dist): 64 117 1.814209720637812
list:
dist: 1.814209720637812 vs. 1.814209720637812
--------
nle(id0,id1,dist): 64 118 1.573770205044621
list:
dist: 1.573770205044621 vs. 1.573770205044621
--------
nle(id0,id1,dist): 65 81 2.133135325854905
list:
dist: 2.133135325854905 vs. 2.133135325854905
--------
nle(id0,id1,dist): 64 115 1.9381832084459742
list:
dist: 1.9381832084459742 vs. 1.9381832084459742
--------
nle(id0,id1,dist): 65 79 3.616099187681626
list:
dist: 3.616099187681626 vs. 3.616099187681626
--------
nle(id0,id1,dist): 64 116 1.6163473370286425
list:
dist: 1.6163473370286425 vs. 1.6163473370286425
--------
nle(id0,id1,dist): 64 113 2.3467228244142433
list:
dist: 2.3467228244142433 vs. 2.3467228244142433
--------
nle(id0,id1,dist): 64 114 2.5728732038854076
list:
dist: 2.5728732038854076 vs. 2.5728732038854076
--------
nle(id0,id1,dist): 64 93 2.006361612649911
list:
dist: 2.006361612649911 vs. 2.006361612649911
--------
nle(id0,id1,dist): 64 95 1.4885431951118548
list:
dist: 1.4885431951118548 vs. 1.4885431951118548
--------
nle(id0,id1,dist): 64 96 0.5577694472494591
list:
dist: 0.5577694472494591 vs. 0.5577694472494591
--------
nle(id0,id1,dist): 64 90 2.750738444136799
list:
dist: 2.750738444136799 vs. 2.750738444136799
--------
nle(id0,id1,dist): 64 91 1.6152274676433707
list:
dist: 1.6152274676433707 vs. 1.6152274676433707
--------
nle(id0,id1,dist): 64 92 2.2519412282016273
list:
dist: 2.2519412282016273 vs. 2.2519412282016273
--------
nle(id0,id1,dist): 64 86 1.1364203725165059
list:
dist: 1.1364203725165059 vs. 1.1364203725165059
--------
nle(id0,id1,dist): 64 110 1.7727258216904211
list:
dist: 1.7727258216904211 vs. 1.7727258216904211
--------
nle(id0,id1,dist): 65 73 3.2528693388852323
list:
dist: 3.2528693388852323 vs. 3.2528693388852323
--------
nle(id0,id1,dist): 65 72 0.9315258902575092
list:
dist: 0.9315258902575092 vs. 0.9315258902575092
--------
nle(id0,id1,dist): 64 109 1.9084867501722163
list:
dist: 1.9084867501722163 vs. 1.9084867501722163
--------
nle(id0,id1,dist): 64 112 1.2490722992891434
list:
dist: 1.2490722992891434 vs. 1.2490722992891434
--------
nle(id0,id1,dist): 64 111 0.8983856548790088
list:
dist: 0.8983856548790088 vs. 0.8983856548790088
--------
nle(id0,id1,dist): 65 69 3.034337448520338
list:
dist: 3.034337448520338 vs. 3.034337448520338
--------
nle(id0,id1,dist): 64 106 2.7557579303976336
list:
dist: 2.7557579303976336 vs. 2.7557579303976336
--------
nle(id0,id1,dist): 65 68 1.656338824563231
list:
dist: 1.656338824563231 vs. 1.656338824563231
--------
nle(id0,id1,dist): 64 108 1.4987441503856243
list:
dist: 1.4987441503856243 vs. 1.4987441503856243
--------
nle(id0,id1,dist): 64 107 2.984219396378226
list:
dist: 2.984219396378226 vs. 2.984219396378226
--------
nle(id0,id1,dist): 64 102 2.69456740402068
list:
dist: 2.69456740402068 vs. 2.69456740402068
--------
nle(id0,id1,dist): 64 101 3.041543652243826
list:
dist: 3.041543652243826 vs. 3.041543652243826
--------
nle(id0,id1,dist): 64 104 3.6121631645152585
list:
dist: 3.6121631645152585 vs. 3.6121631645152585
--------
nle(id0,id1,dist): 64 98 2.3908035505267473
list:
dist: 2.3908035505267473 vs. 2.3908035505267473
--------
nle(id0,id1,dist): 64 97 3.5302051278327715
list:
dist: 3.5302051278327715 vs. 3.5302051278327715
--------
nle(id0,id1,dist): 64 100 2.201134258062842
list:
dist: 2.201134258062842 vs. 2.201134258062842
--------
nle(id0,id1,dist): 64 99 1.5818824404756224
list:
dist: 1.5818824404756224 vs. 1.5818824404756224
--------
nle(id0,id1,dist): 67 76 2.7383511745097446
list:
dist: 2.7383511745097446 vs. 2.7383511745097446
--------
nle(id0,id1,dist): 67 75 1.7527371726206542
list:
dist: 1.7527371726206542 vs. 1.7527371726206542
--------
nle(id0,id1,dist): 67 78 1.7280626104929524
list:
dist: 1.7280626104929524 vs. 1.7280626104929524
--------
nle(id0,id1,dist): 67 85 1.796396730822418
list:
dist: 1.796396730822418 vs. 1.796396730822418
--------
nle(id0,id1,dist): 67 83 2.2552759878427375
list:
dist: 2.2552759878427375 vs. 2.2552759878427375
--------
nle(id0,id1,dist): 67 88 1.80483981486499
list:
dist: 1.80483981486499 vs. 1.80483981486499
--------
nle(id0,id1,dist): 66 80 2.4676680375257902
list:
dist: 2.4676680375257902 vs. 2.4676680375257902
--------
nle(id0,id1,dist): 66 83 1.9271020807783548
list:
dist: 1.9271020807783548 vs. 1.9271020807783548
--------
nle(id0,id1,dist): 66 84 0.5870160402389404
list:
dist: 0.5870160402389404 vs. 0.5870160402389404
--------
nle(id0,id1,dist): 66 85 2.502557585362439
list:
dist: 2.502557585362439 vs. 2.502557585362439
--------
nle(id0,id1,dist): 66 71 1.8053763702955608
list:
dist: 1.8053763702955608 vs. 1.8053763702955608
--------
nle(id0,id1,dist): 66 74 1.1384720232089245
list:
dist: 1.1384720232089245 vs. 1.1384720232089245
--------
nle(id0,id1,dist): 66 76 1.4788240779645276
list:
dist: 1.4788240779645276 vs. 1.4788240779645276
--------
nle(id0,id1,dist): 66 77 1.5242302865453332
list:
dist: 1.5242302865453332 vs. 1.5242302865453332
--------
nle(id0,id1,dist): 66 78 1.960908097762305
list:
dist: 1.960908097762305 vs. 1.960908097762305
--------
nle(id0,id1,dist): 66 88 2.278668086960081
list:
dist: 2.278668086960081 vs. 2.278668086960081
--------
nle(id0,id1,dist): 66 87 2.7909248004888814
list:
dist: 2.7909248004888814 vs. 2.7909248004888814
--------
nle(id0,id1,dist): 66 89 1.2614360406842426
list:
dist: 1.2614360406842426 vs. 1.2614360406842426
--------
nle(id0,id1,dist): 48 52 1.3813508366900653
list:
dist: 1.3813508366900653 vs. 1.3813508366900653
--------
nle(id0,id1,dist): 48 49 2.0286444422391177
list:
dist: 2.0286444422391177 vs. 2.0286444422391177
--------
nle(id0,id1,dist): 48 55 2.2802240569244323
list:
dist: 2.2802240569244323 vs. 2.2802240569244323
--------
nle(id0,id1,dist): 48 56 1.655907766322374
list:
dist: 1.655907766322374 vs. 1.655907766322374
--------
nle(id0,id1,dist): 48 59 1.0594899504596893
list:
dist: 1.0594899504596893 vs. 1.0594899504596893
--------
nle(id0,id1,dist): 48 57 1.683395822602796
list:
dist: 1.683395822602796 vs. 1.683395822602796
--------
nle(id0,id1,dist): 49 50 2.0623514395168883
list:
dist: 2.0623514395168883 vs. 2.0623514395168883
--------
nle(id0,id1,dist): 49 52 1.6680421226746789
list:
dist: 1.6680421226746789 vs. 1.6680421226746789
--------
nle(id0,id1,dist): 49 53 1.8751241019629616
list:
dist: 1.8751241019629616 vs. 1.8751241019629616
--------
nle(id0,id1,dist): 49 55 2.5866111080434036
list:
dist: 2.5866111080434036 vs. 2.5866111080434036
--------
nle(id0,id1,dist): 49 56 0.789698694908399
list:
dist: 0.789698694908399 vs. 0.789698694908399
--------
nle(id0,id1,dist): 49 57 1.6199817685289317
list:
dist: 1.6199817685289317 vs. 1.6199817685289317
--------
nle(id0,id1,dist): 49 58 1.591637107558436
list:
dist: 1.591637107558436 vs. 1.591637107558436
--------
nle(id0,id1,dist): 49 59 1.7797784378788952
list:
dist: 1.7797784378788952 vs. 1.7797784378788952
--------
nle(id0,id1,dist): 50 53 1.4237317647345071
list:
dist: 1.4237317647345071 vs. 1.4237317647345071
--------
nle(id0,id1,dist): 50 54 1.3487848209208484
list:
dist: 1.3487848209208484 vs. 1.3487848209208484
--------
nle(id0,id1,dist): 50 51 1.654924474213756
list:
dist: 1.654924474213756 vs. 1.654924474213756
--------
nle(id0,id1,dist): 50 52 2.501201698143418
list:
dist: 2.501201698143418 vs. 2.501201698143418
--------
nle(id0,id1,dist): 50 59 2.8285286119077453
list:
dist: 2.8285286119077453 vs. 2.8285286119077453
--------
nle(id0,id1,dist): 50 56 2.847867966515713
list:
dist: 2.847867966515713 vs. 2.847867966515713
--------
nle(id0,id1,dist): 50 55 2.70879668782143
list:
dist: 2.70879668782143 vs. 2.70879668782143
--------
nle(id0,id1,dist): 50 58 2.2305550374001517
list:
dist: 2.2305550374001517 vs. 2.2305550374001517
--------
nle(id0,id1,dist): 50 57 2.2078417294139445
list:
dist: 2.2078417294139445 vs. 2.2078417294139445
--------
nle(id0,id1,dist): 45 47 3.282692476191969
list:
dist: 3.282692476191969 vs. 3.282692476191969
--------
nle(id0,id1,dist): 45 46 2.2591882341421825
list:
dist: 2.2591882341421825 vs. 2.2591882341421825
--------
nle(id0,id1,dist): 44 55 2.6261326497057143
list:
dist: 2.6261326497057143 vs. 2.6261326497057143
--------
nle(id0,id1,dist): 44 56 1.3672880437345414
list:
dist: 1.3672880437345414 vs. 1.3672880437345414
--------
nle(id0,id1,dist): 44 53 1.8225819927995812
list:
dist: 1.8225819927995812 vs. 1.8225819927995812
--------
nle(id0,id1,dist): 44 54 2.4930100176570513
list:
dist: 2.4930100176570513 vs. 2.4930100176570513
--------
nle(id0,id1,dist): 44 59 1.7813691102524905
list:
dist: 1.7813691102524905 vs. 1.7813691102524905
--------
nle(id0,id1,dist): 44 57 1.481142648377456
list:
dist: 1.481142648377456 vs. 1.481142648377456
--------
nle(id0,id1,dist): 44 58 1.8589508842129752
list:
dist: 1.8589508842129752 vs. 1.8589508842129752
--------
nle(id0,id1,dist): 45 57 1.5494790165413252
list:
dist: 1.5494790165413252 vs. 1.5494790165413252
--------
nle(id0,id1,dist): 45 59 1.794474041592774
list:
dist: 1.794474041592774 vs. 1.794474041592774
--------
nle(id0,id1,dist): 45 48 2.5216704608461793
list:
dist: 2.5216704608461793 vs. 2.5216704608461793
--------
nle(id0,id1,dist): 45 50 2.9375995640808092
list:
dist: 2.9375995640808092 vs. 2.9375995640808092
--------
nle(id0,id1,dist): 45 51 1.7236289107967426
list:
dist: 1.7236289107967426 vs. 1.7236289107967426
--------
nle(id0,id1,dist): 45 52 1.7136256092479851
list:
dist: 1.7136256092479851 vs. 1.7136256092479851
--------
nle(id0,id1,dist): 45 53 2.068174588036733
list:
dist: 2.068174588036733 vs. 2.068174588036733
--------
nle(id0,id1,dist): 45 54 2.4744853354062326
list:
dist: 2.4744853354062326 vs. 2.4744853354062326
--------
nle(id0,id1,dist): 45 55 2.1539230780052647
list:
dist: 2.1539230780052647 vs. 2.1539230780052647
--------
nle(id0,id1,dist): 46 59 1.3444433219647778
list:
dist: 1.3444433219647778 vs. 1.3444433219647778
--------
nle(id0,id1,dist): 46 57 1.5660464293445555
list:
dist: 1.5660464293445555 vs. 1.5660464293445555
--------
nle(id0,id1,dist): 46 58 4.519462456922823
list:
dist: 4.519462456922823 vs. 4.519462456922823
--------
nle(id0,id1,dist): 46 55 0.869571768798813
list:
dist: 0.869571768798813 vs. 0.869571768798813
--------
nle(id0,id1,dist): 46 56 3.1366449341591864
list:
dist: 3.1366449341591864 vs. 3.1366449341591864
--------
nle(id0,id1,dist): 46 53 2.07977684569017
list:
dist: 2.07977684569017 vs. 2.07977684569017
--------
nle(id0,id1,dist): 46 54 3.5499147737209142
list:
dist: 3.5499147737209142 vs. 3.5499147737209142
--------
nle(id0,id1,dist): 46 51 2.5742081726559682
list:
dist: 2.5742081726559682 vs. 2.5742081726559682
--------
nle(id0,id1,dist): 46 52 1.3836014547100641
list:
dist: 1.3836014547100641 vs. 1.3836014547100641
--------
nle(id0,id1,dist): 46 49 2.9951749179024354
list:
dist: 2.9951749179024354 vs. 2.9951749179024354
--------
nle(id0,id1,dist): 46 50 3.49939592541752
list:
dist: 3.49939592541752 vs. 3.49939592541752
--------
nle(id0,id1,dist): 46 47 1.7804777388109099
list:
dist: 1.7804777388109099 vs. 1.7804777388109099
--------
nle(id0,id1,dist): 46 48 2.009133348759567
list:
dist: 2.009133348759567 vs. 2.009133348759567
--------
nle(id0,id1,dist): 47 59 2.813202134880782
list:
dist: 2.813202134880782 vs. 2.813202134880782
--------
nle(id0,id1,dist): 47 55 2.606984983613224
list:
dist: 2.606984983613224 vs. 2.606984983613224
--------
nle(id0,id1,dist): 47 57 3.1958505448287693
list:
dist: 3.1958505448287693 vs. 3.1958505448287693
--------
nle(id0,id1,dist): 47 52 2.984399494463714
list:
dist: 2.984399494463714 vs. 2.984399494463714
--------
nle(id0,id1,dist): 47 48 2.9962572501753986
list:
dist: 2.9962572501753986 vs. 2.9962572501753986
--------
nle(id0,id1,dist): 55 56 2.9354544634644575
list:
dist: 2.9354544634644575 vs. 2.9354544634644575
--------
nle(id0,id1,dist): 55 57 1.1738897511513289
list:
dist: 1.1738897511513289 vs. 1.1738897511513289
--------
nle(id0,id1,dist): 55 58 3.9871733739476793
list:
dist: 3.9871733739476793 vs. 3.9871733739476793
--------
nle(id0,id1,dist): 55 59 1.3362114719710858
list:
dist: 1.3362114719710858 vs. 1.3362114719710858
--------
nle(id0,id1,dist): 56 58 1.9749968306367074
list:
dist: 1.9749968306367074 vs. 1.9749968306367074
--------
nle(id0,id1,dist): 56 57 1.9674206206641065
list:
dist: 1.9674206206641065 vs. 1.9674206206641065
--------
nle(id0,id1,dist): 56 59 1.8528067642785624
list:
dist: 1.8528067642785624 vs. 1.8528067642785624
--------
nle(id0,id1,dist): 57 59 0.6764868862325033
list:
dist: 0.6764868862325033 vs. 0.6764868862325033
--------
nle(id0,id1,dist): 57 58 3.041359381930322
list:
dist: 3.041359381930322 vs. 3.041359381930322
--------
nle(id0,id1,dist): 51 59 2.311982795376509
list:
dist: 2.311982795376509 vs. 2.311982795376509
--------
nle(id0,id1,dist): 51 52 1.996382849294743
list:
dist: 1.996382849294743 vs. 1.996382849294743
--------
nle(id0,id1,dist): 51 53 1.1163059360063043
list:
dist: 1.1163059360063043 vs. 1.1163059360063043
--------
nle(id0,id1,dist): 51 54 1.0035722157616906
list:
dist: 1.0035722157616906 vs. 1.0035722157616906
--------
nle(id0,id1,dist): 51 55 1.89718947701001
list:
dist: 1.89718947701001 vs. 1.89718947701001
--------
nle(id0,id1,dist): 51 57 1.6690264967213426
list:
dist: 1.6690264967213426 vs. 1.6690264967213426
--------
nle(id0,id1,dist): 52 55 1.1529625924764784
list:
dist: 1.1529625924764784 vs. 1.1529625924764784
--------
nle(id0,id1,dist): 52 56 1.8919181786710926
list:
dist: 1.8919181786710926 vs. 1.8919181786710926
--------
nle(id0,id1,dist): 52 53 1.29273122182607
list:
dist: 1.29273122182607 vs. 1.29273122182607
--------
nle(id0,id1,dist): 52 54 2.8122333223050244
list:
dist: 2.8122333223050244 vs. 2.8122333223050244
--------
nle(id0,id1,dist): 52 59 0.351433439109263
list:
dist: 0.351433439109263 vs. 0.351433439109263
--------
nle(id0,id1,dist): 52 57 0.3480978494763777
list:
dist: 0.3480978494763777 vs. 0.3480978494763777
--------
nle(id0,id1,dist): 52 58 3.179612968582879
list:
dist: 3.179612968582879 vs. 3.179612968582879
--------
nle(id0,id1,dist): 53 54 1.7609666930446692
list:
dist: 1.7609666930446692 vs. 1.7609666930446692
--------
nle(id0,id1,dist): 53 55 1.2943793620656998
list:
dist: 1.2943793620656998 vs. 1.2943793620656998
--------
nle(id0,id1,dist): 53 57 1.0196247799816747
list:
dist: 1.0196247799816747 vs. 1.0196247799816747
--------
nle(id0,id1,dist): 53 56 2.5037491557001363
list:
dist: 2.5037491557001363 vs. 2.5037491557001363
--------
nle(id0,id1,dist): 53 59 1.643572785798208
list:
dist: 1.643572785798208 vs. 1.643572785798208
--------
nle(id0,id1,dist): 53 58 2.944104535038898
list:
dist: 2.944104535038898 vs. 2.944104535038898
--------
nle(id0,id1,dist): 54 59 3.1381667976155514
list:
dist: 3.1381667976155514 vs. 3.1381667976155514
--------
nle(id0,id1,dist): 54 57 2.4670533828979906
list:
dist: 2.4670533828979906 vs. 2.4670533828979906
--------
nle(id0,id1,dist): 54 55 2.818343746414445
list:
dist: 2.818343746414445 vs. 2.818343746414445
--------
nle(id0,id1,dist): 93 112 1.4387790731625765
list:
dist: 1.4387790731625765 vs. 1.4387790731625765
--------
nle(id0,id1,dist): 93 113 3.2539457907041287
list:
dist: 3.2539457907041287 vs. 3.2539457907041287
--------
nle(id0,id1,dist): 93 114 3.463670206978012
list:
dist: 3.463670206978012 vs. 3.463670206978012
--------
nle(id0,id1,dist): 93 115 0.9876795197871493
list:
dist: 0.9876795197871493 vs. 0.9876795197871493
--------
nle(id0,id1,dist): 93 116 3.352475874943587
list:
dist: 3.352475874943587 vs. 3.352475874943587
--------
nle(id0,id1,dist): 93 117 1.6085017328011724
list:
dist: 1.6085017328011724 vs. 1.6085017328011724
--------
nle(id0,id1,dist): 93 118 2.4309653783705465
list:
dist: 2.4309653783705465 vs. 2.4309653783705465
--------
nle(id0,id1,dist): 93 97 3.102986384524433
list:
dist: 3.102986384524433 vs. 3.102986384524433
--------
nle(id0,id1,dist): 93 96 2.2987524262012973
list:
dist: 2.2987524262012973 vs. 2.2987524262012973
--------
nle(id0,id1,dist): 93 99 1.4467987412516745
list:
dist: 1.4467987412516745 vs. 1.4467987412516745
--------
nle(id0,id1,dist): 93 98 1.6142983014609498
list:
dist: 1.6142983014609498 vs. 1.6142983014609498
--------
nle(id0,id1,dist): 93 101 2.2494686068006136
list:
dist: 2.2494686068006136 vs. 2.2494686068006136
--------
nle(id0,id1,dist): 93 100 2.1392612922872223
list:
dist: 2.1392612922872223 vs. 2.1392612922872223
--------
nle(id0,id1,dist): 93 103 2.4659693396424713
list:
dist: 2.4659693396424713 vs. 2.4659693396424713
--------
nle(id0,id1,dist): 93 102 0.9004628258618607
list:
dist: 0.9004628258618607 vs. 0.9004628258618607
--------
nle(id0,id1,dist): 93 105 1.8058951421640803
list:
dist: 1.8058951421640803 vs. 1.8058951421640803
--------
nle(id0,id1,dist): 93 104 1.987987158911982
list:
dist: 1.987987158911982 vs. 1.987987158911982
--------
nle(id0,id1,dist): 93 107 3.259888521819745
list:
dist: 3.259888521819745 vs. 3.259888521819745
--------
nle(id0,id1,dist): 93 106 2.6557114959251567
list:
dist: 2.6557114959251567 vs. 2.6557114959251567
--------
nle(id0,id1,dist): 93 109 1.8582274347711543
list:
dist: 1.8582274347711543 vs. 1.8582274347711543
--------
nle(id0,id1,dist): 93 108 2.241684750957117
list:
dist: 2.241684750957117 vs. 2.241684750957117
--------
nle(id0,id1,dist): 93 111 1.5964548943537513
list:
dist: 1.5964548943537513 vs. 1.5964548943537513
--------
nle(id0,id1,dist): 93 110 2.675265101368855
list:
dist: 2.675265101368855 vs. 2.675265101368855
--------
nle(id0,id1,dist): 94 109 2.324163750501412
list:
dist: 2.324163750501412 vs. 2.324163750501412
--------
nle(id0,id1,dist): 94 107 3.10580349665
list:
dist: 3.10580349665 vs. 3.10580349665
--------
nle(id0,id1,dist): 94 113 3.6224106490321977
list:
dist: 3.6224106490321977 vs. 3.6224106490321977
--------
nle(id0,id1,dist): 94 112 2.3390949857678502
list:
dist: 2.3390949857678502 vs. 2.3390949857678502
--------
nle(id0,id1,dist): 94 117 2.0118069862247374
list:
dist: 2.0118069862247374 vs. 2.0118069862247374
--------
nle(id0,id1,dist): 94 115 2.5638319171458908
list:
dist: 2.5638319171458908 vs. 2.5638319171458908
--------
nle(id0,id1,dist): 94 98 1.4548251989938725
list:
dist: 1.4548251989938725 vs. 1.4548251989938725
--------
nle(id0,id1,dist): 94 102 0.8849600746448849
list:
dist: 0.8849600746448849 vs. 0.8849600746448849
--------
nle(id0,id1,dist): 94 101 1.565671379211199
list:
dist: 1.565671379211199 vs. 1.565671379211199
--------
nle(id0,id1,dist): 94 106 2.4817721060883233
list:
dist: 2.4817721060883233 vs. 2.4817721060883233
--------
nle(id0,id1,dist): 94 105 1.6341338148965336
list:
dist: 1.6341338148965336 vs. 1.6341338148965336
--------
nle(id0,id1,dist): 94 104 2.0340210570156985
list:
dist: 2.0340210570156985 vs. 2.0340210570156985
--------
nle(id0,id1,dist): 94 103 2.1091331719563393
list:
dist: 2.1091331719563393 vs. 2.1091331719563393
--------
nle(id0,id1,dist): 92 97 3.330951204962233
list:
dist: 3.330951204962233 vs. 3.330951204962233
--------
nle(id0,id1,dist): 92 98 1.6089498505749225
list:
dist: 1.6089498505749225 vs. 1.6089498505749225
--------
nle(id0,id1,dist): 92 99 1.1807815790882
list:
dist: 1.1807815790882 vs. 1.1807815790882
--------
nle(id0,id1,dist): 92 100 1.7116932716492332
list:
dist: 1.7116932716492332 vs. 1.7116932716492332
--------
nle(id0,id1,dist): 92 93 0.6745146941827571
list:
dist: 0.6745146941827571 vs. 0.6745146941827571
--------
nle(id0,id1,dist): 92 94 1.5822413280612964
list:
dist: 1.5822413280612964 vs. 1.5822413280612964
--------
nle(id0,id1,dist): 92 95 2.107311465180047
list:
dist: 2.107311465180047 vs. 2.107311465180047
--------
nle(id0,id1,dist): 92 96 2.4406755651236547
list:
dist: 2.4406755651236547 vs. 2.4406755651236547
--------
nle(id0,id1,dist): 91 111 1.6507908198831307
list:
dist: 1.6507908198831307 vs. 1.6507908198831307
--------
nle(id0,id1,dist): 91 110 2.4568397761973375
list:
dist: 2.4568397761973375 vs. 2.4568397761973375
--------
nle(id0,id1,dist): 91 113 2.7410505273086545
list:
dist: 2.7410505273086545 vs. 2.7410505273086545
--------
nle(id0,id1,dist): 91 112 1.1828403802520688
list:
dist: 1.1828403802520688 vs. 1.1828403802520688
--------
nle(id0,id1,dist): 91 107 2.9275471989963013
list:
dist: 2.9275471989963013 vs. 2.9275471989963013
--------
nle(id0,id1,dist): 91 106 2.6712452630313153
list:
dist: 2.6712452630313153 vs. 2.6712452630313153
--------
nle(id0,id1,dist): 91 109 1.1944615439725774
list:
dist: 1.1944615439725774 vs. 1.1944615439725774
--------
nle(id0,id1,dist): 91 108 2.230963169844554
list:
dist: 2.230963169844554 vs. 2.230963169844554
--------
nle(id0,id1,dist): 91 118 2.5100932665970443
list:
dist: 2.5100932665970443 vs. 2.5100932665970443
--------
nle(id0,id1,dist): 91 115 1.5806131975869522
list:
dist: 1.5806131975869522 vs. 1.5806131975869522
--------
nle(id0,id1,dist): 91 114 3.1584864588408457
list:
dist: 3.1584864588408457 vs. 3.1584864588408457
--------
nle(id0,id1,dist): 91 117 1.4197413126962113
list:
dist: 1.4197413126962113 vs. 1.4197413126962113
--------
nle(id0,id1,dist): 91 116 2.9432971939055794
list:
dist: 2.9432971939055794 vs. 2.9432971939055794
--------
nle(id0,id1,dist): 92 117 1.6137288968454238
list:
dist: 1.6137288968454238 vs. 1.6137288968454238
--------
nle(id0,id1,dist): 92 118 2.2056102874728674
list:
dist: 2.2056102874728674 vs. 2.2056102874728674
--------
nle(id0,id1,dist): 93 94 1.7164882152624101
list:
dist: 1.7164882152624101 vs. 1.7164882152624101
--------
nle(id0,id1,dist): 93 95 2.243490025006288
list:
dist: 2.243490025006288 vs. 2.243490025006288
--------
nle(id0,id1,dist): 92 108 2.0567135893516277
list:
dist: 2.0567135893516277 vs. 2.0567135893516277
--------
nle(id0,id1,dist): 92 107 3.2105103012722624
list:
dist: 3.2105103012722624 vs. 3.2105103012722624
--------
nle(id0,id1,dist): 92 106 2.3793308356966674
list:
dist: 2.3793308356966674 vs. 2.3793308356966674
--------
nle(id0,id1,dist): 92 105 2.1969148904408153
list:
dist: 2.1969148904408153 vs. 2.1969148904408153
--------
nle(id0,id1,dist): 92 104 1.4741373031309541
list:
dist: 1.4741373031309541 vs. 1.4741373031309541
--------
nle(id0,id1,dist): 92 103 2.552314201572812
list:
dist: 2.552314201572812 vs. 2.552314201572812
--------
nle(id0,id1,dist): 92 102 1.0573957085376084
list:
dist: 1.0573957085376084 vs. 1.0573957085376084
--------
nle(id0,id1,dist): 92 101 1.9720501347853172
list:
dist: 1.9720501347853172 vs. 1.9720501347853172
--------
nle(id0,id1,dist): 92 116 3.414086923781734
list:
dist: 3.414086923781734 vs. 3.414086923781734
--------
nle(id0,id1,dist): 92 115 1.094037853842284
list:
dist: 1.094037853842284 vs. 1.094037853842284
--------
nle(id0,id1,dist): 92 114 3.3687251724029803
list:
dist: 3.3687251724029803 vs. 3.3687251724029803
--------
nle(id0,id1,dist): 92 113 3.3296563772495418
list:
dist: 3.3296563772495418 vs. 3.3296563772495418
--------
nle(id0,id1,dist): 92 112 1.5349907792105786
list:
dist: 1.5349907792105786 vs. 1.5349907792105786
--------
nle(id0,id1,dist): 92 111 1.6910012100249736
list:
dist: 1.6910012100249736 vs. 1.6910012100249736
--------
nle(id0,id1,dist): 92 110 2.574038578046878
list:
dist: 2.574038578046878 vs. 2.574038578046878
--------
nle(id0,id1,dist): 92 109 2.1797427416516433
list:
dist: 2.1797427416516433 vs. 2.1797427416516433
--------
nle(id0,id1,dist): 97 102 3.8445177531402512
list:
dist: 3.8445177531402512 vs. 3.8445177531402512
--------
nle(id0,id1,dist): 97 99 3.25998649273162
list:
dist: 3.25998649273162 vs. 3.25998649273162
--------
nle(id0,id1,dist): 96 113 1.911140710627948
list:
dist: 1.911140710627948 vs. 1.911140710627948
--------
nle(id0,id1,dist): 96 114 2.0563813856903614
list:
dist: 2.0563813856903614 vs. 2.0563813856903614
--------
nle(id0,id1,dist): 96 116 1.109606232905965
list:
dist: 1.109606232905965 vs. 1.109606232905965
--------
nle(id0,id1,dist): 96 117 1.687182420196957
list:
dist: 1.687182420196957 vs. 1.687182420196957
--------
nle(id0,id1,dist): 96 118 1.2910815343540742
list:
dist: 1.2910815343540742 vs. 1.2910815343540742
--------
nle(id0,id1,dist): 98 102 1.2844231293165203
list:
dist: 1.2844231293165203 vs. 1.2844231293165203
--------
nle(id0,id1,dist): 98 101 0.9246705463113296
list:
dist: 0.9246705463113296 vs. 0.9246705463113296
--------
nle(id0,id1,dist): 98 100 1.7966218644425018
list:
dist: 1.7966218644425018 vs. 1.7966218644425018
--------
nle(id0,id1,dist): 98 99 2.1140017445563046
list:
dist: 2.1140017445563046 vs. 2.1140017445563046
--------
nle(id0,id1,dist): 97 117 4.487882143108266
list:
dist: 4.487882143108266 vs. 4.487882143108266
--------
nle(id0,id1,dist): 97 111 2.940726404879284
list:
dist: 2.940726404879284 vs. 2.940726404879284
--------
nle(id0,id1,dist): 97 115 2.3073858433565646
list:
dist: 2.3073858433565646 vs. 2.3073858433565646
--------
nle(id0,id1,dist): 97 112 4.050034004269789
list:
dist: 4.050034004269789 vs. 4.050034004269789
--------
nle(id0,id1,dist): 95 115 1.677492449994357
list:
dist: 1.677492449994357 vs. 1.677492449994357
--------
nle(id0,id1,dist): 95 114 3.088704136766065
list:
dist: 3.088704136766065 vs. 3.088704136766065
--------
nle(id0,id1,dist): 95 117 2.403520334133336
list:
dist: 2.403520334133336 vs. 2.403520334133336
--------
nle(id0,id1,dist): 95 116 2.2997711753972996
list:
dist: 2.2997711753972996 vs. 2.2997711753972996
--------
nle(id0,id1,dist): 95 111 0.852988365040271
list:
dist: 0.852988365040271 vs. 0.852988365040271
--------
nle(id0,id1,dist): 95 110 2.1878201353632285
list:
dist: 2.1878201353632285 vs. 2.1878201353632285
--------
nle(id0,id1,dist): 95 113 3.2697508892498313
list:
dist: 3.2697508892498313 vs. 3.2697508892498313
--------
nle(id0,id1,dist): 95 112 1.9327191794848286
list:
dist: 1.9327191794848286 vs. 1.9327191794848286
--------
nle(id0,id1,dist): 95 107 3.6640519481803504
list:
dist: 3.6640519481803504 vs. 3.6640519481803504
--------
nle(id0,id1,dist): 95 106 2.9489248036259053
list:
dist: 2.9489248036259053 vs. 2.9489248036259053
--------
nle(id0,id1,dist): 95 109 2.978424376577027
list:
dist: 2.978424376577027 vs. 2.978424376577027
--------
nle(id0,id1,dist): 95 108 1.4875414952009474
list:
dist: 1.4875414952009474 vs. 1.4875414952009474
--------
nle(id0,id1,dist): 95 102 3.017693239805226
list:
dist: 3.017693239805226 vs. 3.017693239805226
--------
nle(id0,id1,dist): 95 104 2.9899712287773514
list:
dist: 2.9899712287773514 vs. 2.9899712287773514
--------
nle(id0,id1,dist): 95 98 2.924644292369509
list:
dist: 2.924644292369509 vs. 2.924644292369509
--------
nle(id0,id1,dist): 95 99 0.9602523493933058
list:
dist: 0.9602523493933058 vs. 0.9602523493933058
--------
nle(id0,id1,dist): 95 100 1.8181767240630227
list:
dist: 1.8181767240630227 vs. 1.8181767240630227
--------
nle(id0,id1,dist): 95 101 3.254428860476651
list:
dist: 3.254428860476651 vs. 3.254428860476651
--------
nle(id0,id1,dist): 95 96 1.5894424568107481
list:
dist: 1.5894424568107481 vs. 1.5894424568107481
--------
nle(id0,id1,dist): 95 97 3.182429812923808
list:
dist: 3.182429812923808 vs. 3.182429812923808
--------
nle(id0,id1,dist): 96 112 1.1924151229699675
list:
dist: 1.1924151229699675 vs. 1.1924151229699675
--------
nle(id0,id1,dist): 96 111 1.2282759589626018
list:
dist: 1.2282759589626018 vs. 1.2282759589626018
--------
nle(id0,id1,dist): 96 110 1.2898031061537418
list:
dist: 1.2898031061537418 vs. 1.2898031061537418
--------
nle(id0,id1,dist): 96 109 1.8916516654750128
list:
dist: 1.8916516654750128 vs. 1.8916516654750128
--------
nle(id0,id1,dist): 96 108 1.1588744882337867
list:
dist: 1.1588744882337867 vs. 1.1588744882337867
--------
nle(id0,id1,dist): 96 107 2.603211623526992
list:
dist: 2.603211623526992 vs. 2.603211623526992
--------
nle(id0,id1,dist): 96 106 2.4307102205219535
list:
dist: 2.4307102205219535 vs. 2.4307102205219535
--------
nle(id0,id1,dist): 96 102 2.883895752351755
list:
dist: 2.883895752351755 vs. 2.883895752351755
--------
nle(id0,id1,dist): 96 101 2.877905017168823
list:
dist: 2.877905017168823 vs. 2.877905017168823
--------
nle(id0,id1,dist): 96 100 1.9867640492208047
list:
dist: 1.9867640492208047 vs. 1.9867640492208047
--------
nle(id0,id1,dist): 96 99 1.6942217589197985
list:
dist: 1.6942217589197985 vs. 1.6942217589197985
--------
nle(id0,id1,dist): 96 98 2.3294073362312364
list:
dist: 2.3294073362312364 vs. 2.3294073362312364
--------
nle(id0,id1,dist): 95 118 1.1285771385121945
list:
dist: 1.1285771385121945 vs. 1.1285771385121945
--------
nle(id0,id1,dist): 86 102 2.3299635185991194
list:
dist: 2.3299635185991194 vs. 2.3299635185991194
--------
nle(id0,id1,dist): 86 101 2.6211139705753297
list:
dist: 2.6211139705753297 vs. 2.6211139705753297
--------
nle(id0,id1,dist): 86 100 2.4637989172092114
list:
dist: 2.4637989172092114 vs. 2.4637989172092114
--------
nle(id0,id1,dist): 86 99 2.193820389559347
list:
dist: 2.193820389559347 vs. 2.193820389559347
--------
nle(id0,id1,dist): 86 106 2.4817949109941537
list:
dist: 2.4817949109941537 vs. 2.4817949109941537
--------
nle(id0,id1,dist): 86 105 2.070697685890215
list:
dist: 2.070697685890215 vs. 2.070697685890215
--------
nle(id0,id1,dist): 86 110 1.8063468333304493
list:
dist: 1.8063468333304493 vs. 1.8063468333304493
--------
nle(id0,id1,dist): 86 109 0.9241191934316049
list:
dist: 0.9241191934316049 vs. 0.9241191934316049
--------
nle(id0,id1,dist): 86 108 1.8918182299581565
list:
dist: 1.8918182299581565 vs. 1.8918182299581565
--------
nle(id0,id1,dist): 86 107 2.354278288442879
list:
dist: 2.354278288442879 vs. 2.354278288442879
--------
nle(id0,id1,dist): 86 114 2.358948874639989
list:
dist: 2.358948874639989 vs. 2.358948874639989
--------
nle(id0,id1,dist): 86 113 1.7919229663847922
list:
dist: 1.7919229663847922 vs. 1.7919229663847922
--------
nle(id0,id1,dist): 86 112 1.0633786776650167
list:
dist: 1.0633786776650167 vs. 1.0633786776650167
--------
nle(id0,id1,dist): 86 111 1.7833292547183583
list:
dist: 1.7833292547183583 vs. 1.7833292547183583
--------
nle(id0,id1,dist): 86 117 1.3806428010069491
list:
dist: 1.3806428010069491 vs. 1.3806428010069491
--------
nle(id0,id1,dist): 86 118 2.229080478366595
list:
dist: 2.229080478366595 vs. 2.229080478366595
--------
nle(id0,id1,dist): 86 116 1.9667071781681162
list:
dist: 1.9667071781681162 vs. 1.9667071781681162
--------
nle(id0,id1,dist): 87 89 2.0223360515302566
list:
dist: 2.0223360515302566 vs. 2.0223360515302566
--------
nle(id0,id1,dist): 85 88 1.9002584080923728
list:
dist: 1.9002584080923728 vs. 1.9002584080923728
--------
nle(id0,id1,dist): 85 89 3.3702016596794433
list:
dist: 3.3702016596794433 vs. 3.3702016596794433
--------
nle(id0,id1,dist): 86 90 2.5303935416998566
list:
dist: 2.5303935416998566 vs. 2.5303935416998566
--------
nle(id0,id1,dist): 86 95 2.4835599632642733
list:
dist: 2.4835599632642733 vs. 2.4835599632642733
--------
nle(id0,id1,dist): 86 96 1.1926516123005224
list:
dist: 1.1926516123005224 vs. 1.1926516123005224
--------
nle(id0,id1,dist): 86 98 1.8140707577330395
list:
dist: 1.8140707577330395 vs. 1.8140707577330395
--------
nle(id0,id1,dist): 86 91 1.2115620288343854
list:
dist: 1.2115620288343854 vs. 1.2115620288343854
--------
nle(id0,id1,dist): 86 92 2.3545346913451284
list:
dist: 2.3545346913451284 vs. 2.3545346913451284
--------
nle(id0,id1,dist): 86 93 1.9741200583570204
list:
dist: 1.9741200583570204 vs. 1.9741200583570204
--------
nle(id0,id1,dist): 86 94 2.9973012955551592
list:
dist: 2.9973012955551592 vs. 2.9973012955551592
--------
nle(id0,id1,dist): 90 93 0.7981217021300806
list:
dist: 0.7981217021300806 vs. 0.7981217021300806
--------
nle(id0,id1,dist): 90 94 1.0202576962500665
list:
dist: 1.0202576962500665 vs. 1.0202576962500665
--------
nle(id0,id1,dist): 90 91 1.4462408349314497
list:
dist: 1.4462408349314497 vs. 1.4462408349314497
--------
nle(id0,id1,dist): 90 92 0.8775077030326343
list:
dist: 0.8775077030326343 vs. 0.8775077030326343
--------
nle(id0,id1,dist): 90 106 2.723849352088075
list:
dist: 2.723849352088075 vs. 2.723849352088075
--------
nle(id0,id1,dist): 90 105 1.619094171204471
list:
dist: 1.619094171204471 vs. 1.619094171204471
--------
nle(id0,id1,dist): 90 104 1.707412893321332
list:
dist: 1.707412893321332 vs. 1.707412893321332
--------
nle(id0,id1,dist): 90 103 1.8742575832913715
list:
dist: 1.8742575832913715 vs. 1.8742575832913715
--------
nle(id0,id1,dist): 90 110 3.1053747391970186
list:
dist: 3.1053747391970186 vs. 3.1053747391970186
--------
nle(id0,id1,dist): 90 109 2.131380205647572
list:
dist: 2.131380205647572 vs. 2.131380205647572
--------
nle(id0,id1,dist): 90 108 2.737256101266595
list:
dist: 2.737256101266595 vs. 2.737256101266595
--------
nle(id0,id1,dist): 90 107 3.372004271971543
list:
dist: 3.372004271971543 vs. 3.372004271971543
--------
nle(id0,id1,dist): 90 98 1.5804241333693032
list:
dist: 1.5804241333693032 vs. 1.5804241333693032
--------
nle(id0,id1,dist): 90 97 3.574033437064112
list:
dist: 3.574033437064112 vs. 3.574033437064112
--------
nle(id0,id1,dist): 90 96 2.977499481313772
list:
dist: 2.977499481313772 vs. 2.977499481313772
--------
nle(id0,id1,dist): 90 95 2.916335597228013
list:
dist: 2.916335597228013 vs. 2.916335597228013
--------
nle(id0,id1,dist): 90 102 0.3765653433290262
list:
dist: 0.3765653433290262 vs. 0.3765653433290262
--------
nle(id0,id1,dist): 90 101 2.050519074816367
list:
dist: 2.050519074816367 vs. 2.050519074816367
--------
nle(id0,id1,dist): 90 100 2.4161160608017775
list:
dist: 2.4161160608017775 vs. 2.4161160608017775
--------
nle(id0,id1,dist): 90 99 2.020196845197231
list:
dist: 2.020196845197231 vs. 2.020196845197231
--------
nle(id0,id1,dist): 90 111 2.3559353800873746
list:
dist: 2.3559353800873746 vs. 2.3559353800873746
--------
nle(id0,id1,dist): 90 112 1.9378165470537747
list:
dist: 1.9378165470537747 vs. 1.9378165470537747
--------
nle(id0,id1,dist): 90 113 3.597510036618427
list:
dist: 3.597510036618427 vs. 3.597510036618427
--------
nle(id0,id1,dist): 90 114 3.7938998457300532
list:
dist: 3.7938998457300532 vs. 3.7938998457300532
--------
nle(id0,id1,dist): 90 115 1.6157871506278498
list:
dist: 1.6157871506278498 vs. 1.6157871506278498
--------
nle(id0,id1,dist): 90 116 3.968639867746421
list:
dist: 3.968639867746421 vs. 3.968639867746421
--------
nle(id0,id1,dist): 90 117 1.8715812662475573
list:
dist: 1.8715812662475573 vs. 1.8715812662475573
--------
nle(id0,id1,dist): 90 118 2.975624669874795
list:
dist: 2.975624669874795 vs. 2.975624669874795
--------
nle(id0,id1,dist): 91 99 1.857551795348898
list:
dist: 1.857551795348898 vs. 1.857551795348898
--------
nle(id0,id1,dist): 91 98 1.5345709472282134
list:
dist: 1.5345709472282134 vs. 1.5345709472282134
--------
nle(id0,id1,dist): 91 101 2.4022451473168434
list:
dist: 2.4022451473168434 vs. 2.4022451473168434
--------
nle(id0,id1,dist): 91 100 2.427686319135174
list:
dist: 2.427686319135174 vs. 2.427686319135174
--------
nle(id0,id1,dist): 91 103 3.033880857606818
list:
dist: 3.033880857606818 vs. 3.033880857606818
--------
nle(id0,id1,dist): 91 102 1.3127548584334379
list:
dist: 1.3127548584334379 vs. 1.3127548584334379
--------
nle(id0,id1,dist): 91 105 1.4406551716915548
list:
dist: 1.4406551716915548 vs. 1.4406551716915548
--------
nle(id0,id1,dist): 91 104 2.885802005700171
list:
dist: 2.885802005700171 vs. 2.885802005700171
--------
nle(id0,id1,dist): 91 93 0.9077902919319802
list:
dist: 0.9077902919319802 vs. 0.9077902919319802
--------
nle(id0,id1,dist): 91 92 1.485617614077923
list:
dist: 1.485617614077923 vs. 1.485617614077923
--------
nle(id0,id1,dist): 91 95 2.457580938427452
list:
dist: 2.457580938427452 vs. 2.457580938427452
--------
nle(id0,id1,dist): 91 94 2.1415959743357376
list:
dist: 2.1415959743357376 vs. 2.1415959743357376
--------
nle(id0,id1,dist): 91 97 3.4393956706979694
list:
dist: 3.4393956706979694 vs. 3.4393956706979694
--------
nle(id0,id1,dist): 91 96 1.9177235363622818
list:
dist: 1.9177235363622818 vs. 1.9177235363622818
--------
nle(id0,id1,dist): 88 89 3.117167446910383
list:
dist: 3.117167446910383 vs. 3.117167446910383
--------
nle(id0,id1,dist): 81 82 2.3320955682834215
list:
dist: 2.3320955682834215 vs. 2.3320955682834215
--------
nle(id0,id1,dist): 81 83 3.0003116447035163
list:
dist: 3.0003116447035163 vs. 3.0003116447035163
--------
nle(id0,id1,dist): 81 89 3.4622156453518818
list:
dist: 3.4622156453518818 vs. 3.4622156453518818
--------
nle(id0,id1,dist): 81 85 2.020856957283963
list:
dist: 2.020856957283963 vs. 2.020856957283963
--------
nle(id0,id1,dist): 80 85 3.7363620852843185
list:
dist: 3.7363620852843185 vs. 3.7363620852843185
--------
nle(id0,id1,dist): 80 87 2.856593009230315
list:
dist: 2.856593009230315 vs. 2.856593009230315
--------
nle(id0,id1,dist): 80 88 4.486320077013
list:
dist: 4.486320077013 vs. 4.486320077013
--------
nle(id0,id1,dist): 80 81 2.57432160238649
list:
dist: 2.57432160238649 vs. 2.57432160238649
--------
nle(id0,id1,dist): 80 82 1.1162037516941394
list:
dist: 1.1162037516941394 vs. 1.1162037516941394
--------
nle(id0,id1,dist): 80 83 3.788057722709062
list:
dist: 3.788057722709062 vs. 3.788057722709062
--------
nle(id0,id1,dist): 80 84 2.8200728065662592
list:
dist: 2.8200728065662592 vs. 2.8200728065662592
--------
nle(id0,id1,dist): 80 89 2.218326908605477
list:
dist: 2.218326908605477 vs. 2.218326908605477
--------
nle(id0,id1,dist): 79 89 4.073220131467679
list:
dist: 4.073220131467679 vs. 4.073220131467679
--------
nle(id0,id1,dist): 79 81 2.2390686214258926
list:
dist: 2.2390686214258926 vs. 2.2390686214258926
--------
nle(id0,id1,dist): 79 80 4.289018827244313
list:
dist: 4.289018827244313 vs. 4.289018827244313
--------
nle(id0,id1,dist): 79 85 1.5002308319696314
list:
dist: 1.5002308319696314 vs. 1.5002308319696314
--------
nle(id0,id1,dist): 79 83 2.243318059076934
list:
dist: 2.243318059076934 vs. 2.243318059076934
--------
nle(id0,id1,dist): 79 82 4.021361683966325
list:
dist: 4.021361683966325 vs. 4.021361683966325
--------
nle(id0,id1,dist): 78 80 3.9900298129523186
list:
dist: 3.9900298129523186 vs. 3.9900298129523186
--------
nle(id0,id1,dist): 78 84 2.0928293721255287
list:
dist: 2.0928293721255287 vs. 2.0928293721255287
--------
nle(id0,id1,dist): 78 83 0.8106712786475874
list:
dist: 0.8106712786475874 vs. 0.8106712786475874
--------
nle(id0,id1,dist): 78 85 1.3080927428143214
list:
dist: 1.3080927428143214 vs. 1.3080927428143214
--------
nle(id0,id1,dist): 78 88 0.6603410866306659
list:
dist: 0.6603410866306659 vs. 0.6603410866306659
--------
nle(id0,id1,dist): 78 89 2.904720445957442
list:
dist: 2.904720445957442 vs. 2.904720445957442
--------
nle(id0,id1,dist): 84 89 1.6573293297779281
list:
dist: 1.6573293297779281 vs. 1.6573293297779281
--------
nle(id0,id1,dist): 84 87 2.813461567022058
list:
dist: 2.813461567022058 vs. 2.813461567022058
--------
nle(id0,id1,dist): 84 88 2.3430234650902575
list:
dist: 2.3430234650902575 vs. 2.3430234650902575
--------
nle(id0,id1,dist): 84 85 2.776000978555941
list:
dist: 2.776000978555941 vs. 2.776000978555941
--------
nle(id0,id1,dist): 83 88 1.0049086277603492
list:
dist: 1.0049086277603492 vs. 1.0049086277603492
--------
nle(id0,id1,dist): 83 89 2.5386181055148205
list:
dist: 2.5386181055148205 vs. 2.5386181055148205
--------
nle(id0,id1,dist): 83 84 2.238749688597436
list:
dist: 2.238749688597436 vs. 2.238749688597436
--------
nle(id0,id1,dist): 83 85 1.510890988337308
list:
dist: 1.510890988337308 vs. 1.510890988337308
--------
nle(id0,id1,dist): 82 89 2.871843227697905
list:
dist: 2.871843227697905 vs. 2.871843227697905
--------
nle(id0,id1,dist): 82 83 4.058528121334089
list:
dist: 4.058528121334089 vs. 4.058528121334089
--------
nle(id0,id1,dist): 82 85 3.8628952311439058
list:
dist: 3.8628952311439058 vs. 3.8628952311439058
--------
nle(id0,id1,dist): 74 76 2.5588493537918553
list:
dist: 2.5588493537918553 vs. 2.5588493537918553
--------
nle(id0,id1,dist): 74 78 3.0403675333441833
list:
dist: 3.0403675333441833 vs. 3.0403675333441833
--------
nle(id0,id1,dist): 74 77 1.90927686138623
list:
dist: 1.90927686138623 vs. 1.90927686138623
--------
nle(id0,id1,dist): 74 83 2.9837266209465283
list:
dist: 2.9837266209465283 vs. 2.9837266209465283
--------
nle(id0,id1,dist): 74 84 1.069050410580555
list:
dist: 1.069050410580555 vs. 1.069050410580555
--------
nle(id0,id1,dist): 74 85 3.6294521760144276
list:
dist: 3.6294521760144276 vs. 3.6294521760144276
--------
nle(id0,id1,dist): 74 80 2.4359273788961766
list:
dist: 2.4359273788961766 vs. 2.4359273788961766
--------
nle(id0,id1,dist): 74 87 1.7468766049218512
list:
dist: 1.7468766049218512 vs. 1.7468766049218512
--------
nle(id0,id1,dist): 74 88 3.253640181058441
list:
dist: 3.253640181058441 vs. 3.253640181058441
--------
nle(id0,id1,dist): 74 89 1.1876565160810477
list:
dist: 1.1876565160810477 vs. 1.1876565160810477
--------
nle(id0,id1,dist): 73 83 2.7418183819772657
list:
dist: 2.7418183819772657 vs. 2.7418183819772657
--------
nle(id0,id1,dist): 73 82 1.461084145806424
list:
dist: 1.461084145806424 vs. 1.461084145806424
--------
nle(id0,id1,dist): 73 81 1.8402388421982776
list:
dist: 1.8402388421982776 vs. 1.8402388421982776
--------
nle(id0,id1,dist): 73 80 1.792113863164664
list:
dist: 1.792113863164664 vs. 1.792113863164664
--------
nle(id0,id1,dist): 73 79 2.794747306835543
list:
dist: 2.794747306835543 vs. 2.794747306835543
--------
nle(id0,id1,dist): 73 76 1.9654172689080607
list:
dist: 1.9654172689080607 vs. 1.9654172689080607
--------
nle(id0,id1,dist): 73 89 2.2119445566356903
list:
dist: 2.2119445566356903 vs. 2.2119445566356903
--------
nle(id0,id1,dist): 73 85 2.7465465301892507
list:
dist: 2.7465465301892507 vs. 2.7465465301892507
--------
nle(id0,id1,dist): 72 73 2.932252710779884
list:
dist: 2.932252710779884 vs. 2.932252710779884
--------
nle(id0,id1,dist): 72 79 4.014319453208948
list:
dist: 4.014319453208948 vs. 4.014319453208948
--------
nle(id0,id1,dist): 72 82 2.3523218499501652
list:
dist: 2.3523218499501652 vs. 2.3523218499501652
--------
nle(id0,id1,dist): 72 81 2.2970613212930258
list:
dist: 2.2970613212930258 vs. 2.2970613212930258
--------
nle(id0,id1,dist): 70 118 2.5775946515219603
list:
dist: 2.5775946515219603 vs. 2.5775946515219603
--------
nle(id0,id1,dist): 71 81 1.3225804537686872
list:
dist: 1.3225804537686872 vs. 1.3225804537686872
--------
nle(id0,id1,dist): 71 80 1.7305191924547636
list:
dist: 1.7305191924547636 vs. 1.7305191924547636
--------
nle(id0,id1,dist): 70 117 1.20685376691244
list:
dist: 1.20685376691244 vs. 1.20685376691244
--------
nle(id0,id1,dist): 71 79 2.905809397906741
list:
dist: 2.905809397906741 vs. 2.905809397906741
--------
nle(id0,id1,dist): 70 116 3.090357757577387
list:
dist: 3.090357757577387 vs. 3.090357757577387
--------
nle(id0,id1,dist): 71 78 2.5796014433322036
list:
dist: 2.5796014433322036 vs. 2.5796014433322036
--------
nle(id0,id1,dist): 70 115 1.768654749848037
list:
dist: 1.768654749848037 vs. 1.768654749848037
--------
nle(id0,id1,dist): 71 85 2.0928928245734566
list:
dist: 2.0928928245734566 vs. 2.0928928245734566
--------
nle(id0,id1,dist): 71 84 2.1676254504691306
list:
dist: 2.1676254504691306 vs. 2.1676254504691306
--------
nle(id0,id1,dist): 71 83 2.569027150300809
list:
dist: 2.569027150300809 vs. 2.569027150300809
--------
nle(id0,id1,dist): 71 82 2.0864981897356887
list:
dist: 2.0864981897356887 vs. 2.0864981897356887
--------
nle(id0,id1,dist): 71 89 2.3790594965251723
list:
dist: 2.3790594965251723 vs. 2.3790594965251723
--------
nle(id0,id1,dist): 71 88 3.1847423782640933
list:
dist: 3.1847423782640933 vs. 3.1847423782640933
--------
nle(id0,id1,dist): 71 87 3.799205454553693
list:
dist: 3.799205454553693 vs. 3.799205454553693
--------
nle(id0,id1,dist): 77 88 1.8008575744450845
list:
dist: 1.8008575744450845 vs. 1.8008575744450845
--------
nle(id0,id1,dist): 77 89 2.226076054736904
list:
dist: 2.226076054736904 vs. 2.226076054736904
--------
nle(id0,id1,dist): 77 84 1.267721826015857
list:
dist: 1.267721826015857 vs. 1.267721826015857
--------
nle(id0,id1,dist): 77 85 3.0931967380150556
list:
dist: 3.0931967380150556 vs. 3.0931967380150556
--------
nle(id0,id1,dist): 77 87 3.3934880947201704
list:
dist: 3.3934880947201704 vs. 3.3934880947201704
--------
nle(id0,id1,dist): 77 80 3.959485279258416
list:
dist: 3.959485279258416 vs. 3.959485279258416
--------
nle(id0,id1,dist): 77 83 2.0824557934227865
list:
dist: 2.0824557934227865 vs. 2.0824557934227865
--------
nle(id0,id1,dist): 76 89 2.3114672887403405
list:
dist: 2.3114672887403405 vs. 2.3114672887403405
--------
nle(id0,id1,dist): 76 88 2.0600854232424703
list:
dist: 2.0600854232424703 vs. 2.0600854232424703
--------
nle(id0,id1,dist): 76 85 1.1598221435669185
list:
dist: 1.1598221435669185 vs. 1.1598221435669185
--------
nle(id0,id1,dist): 77 78 1.9438125302069118
list:
dist: 1.9438125302069118 vs. 1.9438125302069118
--------
nle(id0,id1,dist): 76 78 1.4475683675923687
list:
dist: 1.4475683675923687 vs. 1.4475683675923687
--------
nle(id0,id1,dist): 76 77 2.5133921057197806
list:
dist: 2.5133921057197806 vs. 2.5133921057197806
--------
nle(id0,id1,dist): 76 80 2.675880993281889
list:
dist: 2.675880993281889 vs. 2.675880993281889
--------
nle(id0,id1,dist): 76 79 2.2310188055613245
list:
dist: 2.2310188055613245 vs. 2.2310188055613245
--------
nle(id0,id1,dist): 76 82 2.988396718222398
list:
dist: 2.988396718222398 vs. 2.988396718222398
--------
nle(id0,id1,dist): 76 81 1.7728299030037713
list:
dist: 1.7728299030037713 vs. 1.7728299030037713
--------
nle(id0,id1,dist): 76 84 1.8574990449994115
list:
dist: 1.8574990449994115 vs. 1.8574990449994115
--------
nle(id0,id1,dist): 76 83 1.4522387606943785
list:
dist: 1.4522387606943785 vs. 1.4522387606943785
--------
nle(id0,id1,dist): 75 85 0.7839858543493755
list:
dist: 0.7839858543493755 vs. 0.7839858543493755
--------
nle(id0,id1,dist): 75 83 2.17780564340535
list:
dist: 2.17780564340535 vs. 2.17780564340535
--------
nle(id0,id1,dist): 75 88 2.478928098299539
list:
dist: 2.478928098299539 vs. 2.478928098299539
--------
nle(id0,id1,dist): 75 76 1.8766314656185477
list:
dist: 1.8766314656185477 vs. 1.8766314656185477
--------
nle(id0,id1,dist): 75 81 2.1492770462569446
list:
dist: 2.1492770462569446 vs. 2.1492770462569446
--------
nle(id0,id1,dist): 75 79 1.2707927697009525
list:
dist: 1.2707927697009525 vs. 1.2707927697009525
--------
nle(id0,id1,dist): 75 78 1.9683928859293205
list:
dist: 1.9683928859293205 vs. 1.9683928859293205
--------
nle(id0,id1,dist): 119 149 2.1957925563537937
list:
dist: 2.1957925563537937 vs. 2.1957925563537937
--------
nle(id0,id1,dist): 119 146 3.5087077468023136
list:
dist: 3.5087077468023136 vs. 3.5087077468023136
--------
nle(id0,id1,dist): 120 142 3.342126225938836
list:
dist: 3.342126225938836 vs. 3.342126225938836
--------
nle(id0,id1,dist): 120 132 2.078288295405571
list:
dist: 2.078288295405571 vs. 2.078288295405571
--------
nle(id0,id1,dist): 120 135 2.980484748291319
list:
dist: 2.980484748291319 vs. 2.980484748291319
--------
nle(id0,id1,dist): 120 122 3.0159927065880745
list:
dist: 3.0159927065880745 vs. 3.0159927065880745
--------
nle(id0,id1,dist): 120 121 3.1485688369697273
list:
dist: 3.1485688369697273 vs. 3.1485688369697273
--------
nle(id0,id1,dist): 120 123 2.5723684604830632
list:
dist: 2.5723684604830632 vs. 2.5723684604830632
--------
nle(id0,id1,dist): 121 142 1.0845506078300102
list:
dist: 1.0845506078300102 vs. 1.0845506078300102
--------
nle(id0,id1,dist): 121 140 2.2277401723347343
list:
dist: 2.2277401723347343 vs. 2.2277401723347343
--------
nle(id0,id1,dist): 121 141 2.508830905056186
list:
dist: 2.508830905056186 vs. 2.508830905056186
--------
nle(id0,id1,dist): 121 147 1.0872819735974522
list:
dist: 1.0872819735974522 vs. 1.0872819735974522
--------
nle(id0,id1,dist): 121 144 2.9964901817906506
list:
dist: 2.9964901817906506 vs. 2.9964901817906506
--------
nle(id0,id1,dist): 121 145 2.678471644239545
list:
dist: 2.678471644239545 vs. 2.678471644239545
--------
nle(id0,id1,dist): 121 134 2.3516835069882753
list:
dist: 2.3516835069882753 vs. 2.3516835069882753
--------
nle(id0,id1,dist): 121 135 3.0962008205290816
list:
dist: 3.0962008205290816 vs. 3.0962008205290816
--------
nle(id0,id1,dist): 121 132 1.340842053798026
list:
dist: 1.340842053798026 vs. 1.340842053798026
--------
nle(id0,id1,dist): 121 133 2.033160786024884
list:
dist: 2.033160786024884 vs. 2.033160786024884
--------
nle(id0,id1,dist): 121 138 2.5604792993633407
list:
dist: 2.5604792993633407 vs. 2.5604792993633407
--------
nle(id0,id1,dist): 121 139 2.0402140728376046
list:
dist: 2.0402140728376046 vs. 2.0402140728376046
--------
nle(id0,id1,dist): 121 137 3.1644265145233557
list:
dist: 3.1644265145233557 vs. 3.1644265145233557
--------
nle(id0,id1,dist): 121 127 1.7359278654007
list:
dist: 1.7359278654007 vs. 1.7359278654007
--------
nle(id0,id1,dist): 121 125 1.719531698095021
list:
dist: 1.719531698095021 vs. 1.719531698095021
--------
nle(id0,id1,dist): 121 124 1.1003269561682867
list:
dist: 1.1003269561682867 vs. 1.1003269561682867
--------
nle(id0,id1,dist): 121 130 1.288832230979514
list:
dist: 1.288832230979514 vs. 1.288832230979514
--------
nle(id0,id1,dist): 121 129 2.0468229817827015
list:
dist: 2.0468229817827015 vs. 2.0468229817827015
--------
nle(id0,id1,dist): 121 128 2.3718542965773195
list:
dist: 2.3718542965773195 vs. 2.3718542965773195
--------
nle(id0,id1,dist): 121 123 4.527051393133505
list:
dist: 4.527051393133505 vs. 4.527051393133505
--------
nle(id0,id1,dist): 121 122 1.8331460841412506
list:
dist: 1.8331460841412506 vs. 1.8331460841412506
--------
nle(id0,id1,dist): 122 132 2.3203276832986126
list:
dist: 2.3203276832986126 vs. 2.3203276832986126
--------
nle(id0,id1,dist): 122 133 1.5377442246729338
list:
dist: 1.5377442246729338 vs. 1.5377442246729338
--------
nle(id0,id1,dist): 122 128 3.9531385590873462
list:
dist: 3.9531385590873462 vs. 3.9531385590873462
--------
nle(id0,id1,dist): 122 127 2.993650712805227
list:
dist: 2.993650712805227 vs. 2.993650712805227
--------
nle(id0,id1,dist): 122 130 2.950183986214488
list:
dist: 2.950183986214488 vs. 2.950183986214488
--------
nle(id0,id1,dist): 122 140 1.0211293643785389
list:
dist: 1.0211293643785389 vs. 1.0211293643785389
--------
nle(id0,id1,dist): 122 139 2.550232947731719
list:
dist: 2.550232947731719 vs. 2.550232947731719
--------
nle(id0,id1,dist): 122 142 0.9555675864356921
list:
dist: 0.9555675864356921 vs. 0.9555675864356921
--------
nle(id0,id1,dist): 122 141 3.0531565973273636
list:
dist: 3.0531565973273636 vs. 3.0531565973273636
--------
nle(id0,id1,dist): 122 135 1.3546723490726427
list:
dist: 1.3546723490726427 vs. 1.3546723490726427
--------
nle(id0,id1,dist): 122 138 2.6554596544930584
list:
dist: 2.6554596544930584 vs. 2.6554596544930584
--------
nle(id0,id1,dist): 122 137 1.7289370155150467
list:
dist: 1.7289370155150467 vs. 1.7289370155150467
--------
nle(id0,id1,dist): 121 148 3.322196830116201
list:
dist: 3.322196830116201 vs. 3.322196830116201
--------
nle(id0,id1,dist): 122 124 2.682810278696203
list:
dist: 2.682810278696203 vs. 2.682810278696203
--------
nle(id0,id1,dist): 122 125 1.5502931760588128
list:
dist: 1.5502931760588128 vs. 1.5502931760588128
--------
nle(id0,id1,dist): 123 132 3.2091558942237435
list:
dist: 3.2091558942237435 vs. 3.2091558942237435
--------
nle(id0,id1,dist): 122 149 3.5440554845289447
list:
dist: 3.5440554845289447 vs. 3.5440554845289447
--------
nle(id0,id1,dist): 122 147 2.370829521695859
list:
dist: 2.370829521695859 vs. 2.370829521695859
--------
nle(id0,id1,dist): 122 148 2.7953536824392775
list:
dist: 2.7953536824392775 vs. 2.7953536824392775
--------
nle(id0,id1,dist): 122 145 2.170362399784719
list:
dist: 2.170362399784719 vs. 2.170362399784719
--------
nle(id0,id1,dist): 122 146 1.7508416572339116
list:
dist: 1.7508416572339116 vs. 1.7508416572339116
--------
nle(id0,id1,dist): 122 143 3.1634472852697675
list:
dist: 3.1634472852697675 vs. 3.1634472852697675
--------
nle(id0,id1,dist): 122 144 1.6880526771114794
list:
dist: 1.6880526771114794 vs. 1.6880526771114794
--------
nle(id0,id1,dist): 124 125 2.048322115934175
list:
dist: 2.048322115934175 vs. 2.048322115934175
--------
nle(id0,id1,dist): 124 128 1.5385433992073383
list:
dist: 1.5385433992073383 vs. 1.5385433992073383
--------
nle(id0,id1,dist): 124 127 0.8966326184922508
list:
dist: 0.8966326184922508 vs. 0.8966326184922508
--------
nle(id0,id1,dist): 124 130 0.30062714518687195
list:
dist: 0.30062714518687195 vs. 0.30062714518687195
--------
nle(id0,id1,dist): 124 129 1.4774315548538084
list:
dist: 1.4774315548538084 vs. 1.4774315548538084
--------
nle(id0,id1,dist): 124 132 2.1533132901427496
list:
dist: 2.1533132901427496 vs. 2.1533132901427496
--------
nle(id0,id1,dist): 124 131 1.6998107782135439
list:
dist: 1.6998107782135439 vs. 1.6998107782135439
--------
nle(id0,id1,dist): 125 127 1.8865503891605657
list:
dist: 1.8865503891605657 vs. 1.8865503891605657
--------
nle(id0,id1,dist): 124 135 3.958200917722018
list:
dist: 3.958200917722018 vs. 3.958200917722018
--------
nle(id0,id1,dist): 124 136 1.7897361045632416
list:
dist: 1.7897361045632416 vs. 1.7897361045632416
--------
nle(id0,id1,dist): 124 133 2.3088662801743527
list:
dist: 2.3088662801743527 vs. 2.3088662801743527
--------
nle(id0,id1,dist): 124 134 1.880310518222543
list:
dist: 1.880310518222543 vs. 1.880310518222543
--------
nle(id0,id1,dist): 124 139 2.193686374431599
list:
dist: 2.193686374431599 vs. 2.193686374431599
--------
nle(id0,id1,dist): 124 140 2.7102107771627373
list:
dist: 2.7102107771627373 vs. 2.7102107771627373
--------
nle(id0,id1,dist): 124 137 3.5954210721742808
list:
dist: 3.5954210721742808 vs. 3.5954210721742808
--------
nle(id0,id1,dist): 124 138 2.263106634918279
list:
dist: 2.263106634918279 vs. 2.263106634918279
--------
nle(id0,id1,dist): 124 144 3.398848817995541
list:
dist: 3.398848817995541 vs. 3.398848817995541
--------
nle(id0,id1,dist): 124 141 2.1176733576816713
list:
dist: 2.1176733576816713 vs. 2.1176733576816713
--------
nle(id0,id1,dist): 124 142 1.775724608842924
list:
dist: 1.775724608842924 vs. 1.775724608842924
--------
nle(id0,id1,dist): 124 147 0.8702574196239882
list:
dist: 0.8702574196239882 vs. 0.8702574196239882
--------
nle(id0,id1,dist): 124 148 3.2910394444287068
list:
dist: 3.2910394444287068 vs. 3.2910394444287068
--------
nle(id0,id1,dist): 124 145 2.8543917322017767
list:
dist: 2.8543917322017767 vs. 2.8543917322017767
--------
nle(id0,id1,dist): 112 117 0.5784315142964352
list:
dist: 0.5784315142964352 vs. 0.5784315142964352
--------
nle(id0,id1,dist): 112 118 1.5111824456439584
list:
dist: 1.5111824456439584 vs. 1.5111824456439584
--------
nle(id0,id1,dist): 112 115 1.9006097783451548
list:
dist: 1.9006097783451548 vs. 1.9006097783451548
--------
nle(id0,id1,dist): 112 116 2.0543802410813954
list:
dist: 2.0543802410813954 vs. 2.0543802410813954
--------
nle(id0,id1,dist): 112 113 1.8688104529628224
list:
dist: 1.8688104529628224 vs. 1.8688104529628224
--------
nle(id0,id1,dist): 112 114 2.064392367671875
list:
dist: 2.064392367671875 vs. 2.064392367671875
--------
nle(id0,id1,dist): 113 116 1.6857389178446527
list:
dist: 1.6857389178446527 vs. 1.6857389178446527
--------
nle(id0,id1,dist): 113 117 1.7578894548983228
list:
dist: 1.7578894548983228 vs. 1.7578894548983228
--------
nle(id0,id1,dist): 113 118 2.3890979308668845
list:
dist: 2.3890979308668845 vs. 2.3890979308668845
--------
nle(id0,id1,dist): 113 114 0.8999141675148509
list:
dist: 0.8999141675148509 vs. 0.8999141675148509
--------
nle(id0,id1,dist): 114 117 1.944517189566374
list:
dist: 1.944517189566374 vs. 1.944517189566374
--------
nle(id0,id1,dist): 114 118 2.0321514289853537
list:
dist: 2.0321514289853537 vs. 2.0321514289853537
--------
nle(id0,id1,dist): 114 116 1.6438343740650578
list:
dist: 1.6438343740650578 vs. 1.6438343740650578
--------
nle(id0,id1,dist): 115 118 2.3049218436487426
list:
dist: 2.3049218436487426 vs. 2.3049218436487426
--------
nle(id0,id1,dist): 115 117 2.2597708724752024
list:
dist: 2.2597708724752024 vs. 2.2597708724752024
--------
nle(id0,id1,dist): 116 117 2.3704980022060322
list:
dist: 2.3704980022060322 vs. 2.3704980022060322
--------
nle(id0,id1,dist): 116 118 1.6762843416044073
list:
dist: 1.6762843416044073 vs. 1.6762843416044073
--------
nle(id0,id1,dist): 117 118 1.8214592127507188
list:
dist: 1.8214592127507188 vs. 1.8214592127507188
--------
nle(id0,id1,dist): 106 113 1.8283974110919206
list:
dist: 1.8283974110919206 vs. 1.8283974110919206
--------
nle(id0,id1,dist): 106 114 1.5096319075537519
list:
dist: 1.5096319075537519 vs. 1.5096319075537519
--------
nle(id0,id1,dist): 106 111 2.8002534840528783
list:
dist: 2.8002534840528783 vs. 2.8002534840528783
--------
nle(id0,id1,dist): 106 112 1.681465282616349
list:
dist: 1.681465282616349 vs. 1.681465282616349
--------
nle(id0,id1,dist): 106 117 1.2643723543386443
list:
dist: 1.2643723543386443 vs. 1.2643723543386443
--------
nle(id0,id1,dist): 106 118 2.0060370183313094
list:
dist: 2.0060370183313094 vs. 2.0060370183313094
--------
nle(id0,id1,dist): 106 116 2.664315173091731
list:
dist: 2.664315173091731 vs. 2.664315173091731
--------
nle(id0,id1,dist): 106 110 1.3580383024045155
list:
dist: 1.3580383024045155 vs. 1.3580383024045155
--------
nle(id0,id1,dist): 106 109 2.064778274880899
list:
dist: 2.064778274880899 vs. 2.064778274880899
--------
nle(id0,id1,dist): 106 108 1.5779117858246001
list:
dist: 1.5779117858246001 vs. 1.5779117858246001
--------
nle(id0,id1,dist): 106 107 1.2288955277526212
list:
dist: 1.2288955277526212 vs. 1.2288955277526212
--------
nle(id0,id1,dist): 105 117 1.8339395501996234
list:
dist: 1.8339395501996234 vs. 1.8339395501996234
--------
nle(id0,id1,dist): 105 109 1.3413857810274847
list:
dist: 1.3413857810274847 vs. 1.3413857810274847
--------
nle(id0,id1,dist): 105 113 3.0097473754647535
list:
dist: 3.0097473754647535 vs. 3.0097473754647535
--------
nle(id0,id1,dist): 105 112 2.056011984081703
list:
dist: 2.056011984081703 vs. 2.056011984081703
--------
nle(id0,id1,dist): 105 115 2.7641924569797967
list:
dist: 2.7641924569797967 vs. 2.7641924569797967
--------
nle(id0,id1,dist): 105 107 2.8031077326899774
list:
dist: 2.8031077326899774 vs. 2.8031077326899774
--------
nle(id0,id1,dist): 105 106 2.792674672455092
list:
dist: 2.792674672455092 vs. 2.792674672455092
--------
nle(id0,id1,dist): 108 115 2.3268736559379177
list:
dist: 2.3268736559379177 vs. 2.3268736559379177
--------
nle(id0,id1,dist): 108 116 1.5938864559938777
list:
dist: 1.5938864559938777 vs. 1.5938864559938777
--------
nle(id0,id1,dist): 108 113 1.9559763267692531
list:
dist: 1.9559763267692531 vs. 1.9559763267692531
--------
nle(id0,id1,dist): 108 114 1.667868997987234
list:
dist: 1.667868997987234 vs. 1.667868997987234
--------
nle(id0,id1,dist): 108 111 1.4934407338378601
list:
dist: 1.4934407338378601 vs. 1.4934407338378601
--------
nle(id0,id1,dist): 108 112 1.1189852253719499
list:
dist: 1.1189852253719499 vs. 1.1189852253719499
--------
nle(id0,id1,dist): 108 109 2.1135870263373766
list:
dist: 2.1135870263373766 vs. 2.1135870263373766
--------
nle(id0,id1,dist): 108 110 0.7647238395164315
list:
dist: 0.7647238395164315 vs. 0.7647238395164315
--------
nle(id0,id1,dist): 107 118 2.704908893045469
list:
dist: 2.704908893045469 vs. 2.704908893045469
--------
nle(id0,id1,dist): 107 114 1.195795666084926
list:
dist: 1.195795666084926 vs. 1.195795666084926
--------
nle(id0,id1,dist): 107 116 2.57883654418187
list:
dist: 2.57883654418187 vs. 2.57883654418187
--------
nle(id0,id1,dist): 107 117 1.6688475652817945
list:
dist: 1.6688475652817945 vs. 1.6688475652817945
--------
nle(id0,id1,dist): 107 110 1.6095229983438726
list:
dist: 1.6095229983438726 vs. 1.6095229983438726
--------
nle(id0,id1,dist): 107 111 3.3633987497140643
list:
dist: 3.3633987497140643 vs. 3.3633987497140643
--------
nle(id0,id1,dist): 107 112 2.070539253975497
list:
dist: 2.070539253975497 vs. 2.070539253975497
--------
nle(id0,id1,dist): 107 113 1.0678079392118465
list:
dist: 1.0678079392118465 vs. 1.0678079392118465
--------
nle(id0,id1,dist): 107 108 2.2203409300548063
list:
dist: 2.2203409300548063 vs. 2.2203409300548063
--------
nle(id0,id1,dist): 107 109 1.889195632516264
list:
dist: 1.889195632516264 vs. 1.889195632516264
--------
nle(id0,id1,dist): 109 114 2.3476403519203157
list:
dist: 2.3476403519203157 vs. 2.3476403519203157
--------
nle(id0,id1,dist): 109 112 1.1030462387360689
list:
dist: 1.1030462387360689 vs. 1.1030462387360689
--------
nle(id0,id1,dist): 109 113 1.7597560025377947
list:
dist: 1.7597560025377947 vs. 1.7597560025377947
--------
nle(id0,id1,dist): 109 118 2.558442805207164
list:
dist: 2.558442805207164 vs. 2.558442805207164
--------
nle(id0,id1,dist): 109 116 2.572019685865271
list:
dist: 2.572019685865271 vs. 2.572019685865271
--------
nle(id0,id1,dist): 109 117 0.987367431977327
list:
dist: 0.987367431977327 vs. 0.987367431977327
--------
nle(id0,id1,dist): 109 111 2.3013275964001214
list:
dist: 2.3013275964001214 vs. 2.3013275964001214
--------
nle(id0,id1,dist): 109 110 1.946058016135163
list:
dist: 1.946058016135163 vs. 1.946058016135163
--------
nle(id0,id1,dist): 108 117 1.3581525383191146
list:
dist: 1.3581525383191146 vs. 1.3581525383191146
--------
nle(id0,id1,dist): 108 118 0.5103253699304167
list:
dist: 0.5103253699304167 vs. 0.5103253699304167
--------
nle(id0,id1,dist): 111 118 1.4089715988472193
list:
dist: 1.4089715988472193 vs. 1.4089715988472193
--------
nle(id0,id1,dist): 111 116 2.2455231956206863
list:
dist: 2.2455231956206863 vs. 2.2455231956206863
--------
nle(id0,id1,dist): 111 117 1.924733490552074
list:
dist: 1.924733490552074 vs. 1.924733490552074
--------
nle(id0,id1,dist): 111 114 2.998005728034649
list:
dist: 2.998005728034649 vs. 2.998005728034649
--------
nle(id0,id1,dist): 111 115 1.197205836046638
list:
dist: 1.197205836046638 vs. 1.197205836046638
--------
nle(id0,id1,dist): 111 112 1.3853400307479449
list:
dist: 1.3853400307479449 vs. 1.3853400307479449
--------
nle(id0,id1,dist): 111 113 2.9487182182150113
list:
dist: 2.9487182182150113 vs. 2.9487182182150113
--------
nle(id0,id1,dist): 110 111 2.083366976890042
list:
dist: 2.083366976890042 vs. 2.083366976890042
--------
nle(id0,id1,dist): 110 112 1.2968194801479356
list:
dist: 1.2968194801479356 vs. 1.2968194801479356
--------
nle(id0,id1,dist): 110 113 1.2431497744370963
list:
dist: 1.2431497744370963 vs. 1.2431497744370963
--------
nle(id0,id1,dist): 110 114 0.9293080489187047
list:
dist: 0.9293080489187047 vs. 0.9293080489187047
--------
nle(id0,id1,dist): 110 116 1.3136808868082308
list:
dist: 1.3136808868082308 vs. 1.3136808868082308
--------
nle(id0,id1,dist): 110 117 1.3583813912774112
list:
dist: 1.3583813912774112 vs. 1.3583813912774112
--------
nle(id0,id1,dist): 110 118 1.1798810276689788
list:
dist: 1.1798810276689788 vs. 1.1798810276689788
--------
nle(id0,id1,dist): 99 107 3.177749237430043
list:
dist: 3.177749237430043 vs. 3.177749237430043
--------
nle(id0,id1,dist): 99 106 2.3392898743651096
list:
dist: 2.3392898743651096 vs. 2.3392898743651096
--------
nle(id0,id1,dist): 99 109 2.4085655783044606
list:
dist: 2.4085655783044606 vs. 2.4085655783044606
--------
nle(id0,id1,dist): 99 108 1.274308628802107
list:
dist: 1.274308628802107 vs. 1.274308628802107
--------
nle(id0,id1,dist): 99 111 0.8639425016992195
list:
dist: 0.8639425016992195 vs. 0.8639425016992195
--------
nle(id0,id1,dist): 99 110 1.9894660659568992
list:
dist: 1.9894660659568992 vs. 1.9894660659568992
--------
nle(id0,id1,dist): 99 113 3.023406989364374
list:
dist: 3.023406989364374 vs. 3.023406989364374
--------
nle(id0,id1,dist): 99 112 1.3634245991024836
list:
dist: 1.3634245991024836 vs. 1.3634245991024836
--------
nle(id0,id1,dist): 99 101 2.4256221411620555
list:
dist: 2.4256221411620555 vs. 2.4256221411620555
--------
nle(id0,id1,dist): 99 100 1.2431570123183664
list:
dist: 1.2431570123183664 vs. 1.2431570123183664
--------
nle(id0,id1,dist): 99 102 2.1218695975314064
list:
dist: 2.1218695975314064 vs. 2.1218695975314064
--------
nle(id0,id1,dist): 99 104 2.205089042569929
list:
dist: 2.205089042569929 vs. 2.205089042569929
--------
nle(id0,id1,dist): 99 114 2.9008549102389525
list:
dist: 2.9008549102389525 vs. 2.9008549102389525
--------
nle(id0,id1,dist): 99 115 1.1637129202671204
list:
dist: 1.1637129202671204 vs. 1.1637129202671204
--------
nle(id0,id1,dist): 99 116 2.5819877174814816
list:
dist: 2.5819877174814816 vs. 2.5819877174814816
--------
nle(id0,id1,dist): 99 117 1.718340437073832
list:
dist: 1.718340437073832 vs. 1.718340437073832
--------
nle(id0,id1,dist): 99 118 1.1967853453526662
list:
dist: 1.1967853453526662 vs. 1.1967853453526662
--------
nle(id0,id1,dist): 98 114 2.399063398622715
list:
dist: 2.399063398622715 vs. 2.399063398622715
--------
nle(id0,id1,dist): 98 113 2.1717013240857717
list:
dist: 2.1717013240857717 vs. 2.1717013240857717
--------
nle(id0,id1,dist): 98 112 1.1671784943248902
list:
dist: 1.1671784943248902 vs. 1.1671784943248902
--------
nle(id0,id1,dist): 98 111 2.414654098786509
list:
dist: 2.414654098786509 vs. 2.414654098786509
--------
nle(id0,id1,dist): 98 118 2.408170871186572
list:
dist: 2.408170871186572 vs. 2.408170871186572
--------
nle(id0,id1,dist): 98 117 0.6649671697063273
list:
dist: 0.6649671697063273 vs. 0.6649671697063273
--------
nle(id0,id1,dist): 98 116 3.0188501710069398
list:
dist: 3.0188501710069398 vs. 3.0188501710069398
--------
nle(id0,id1,dist): 98 115 2.4561378177588593
list:
dist: 2.4561378177588593 vs. 2.4561378177588593
--------
nle(id0,id1,dist): 98 106 1.4043859962291945
list:
dist: 1.4043859962291945 vs. 1.4043859962291945
--------
nle(id0,id1,dist): 98 105 1.4193206663314575
list:
dist: 1.4193206663314575 vs. 1.4193206663314575
--------
nle(id0,id1,dist): 98 104 2.795945855360956
list:
dist: 2.795945855360956 vs. 2.795945855360956
--------
nle(id0,id1,dist): 98 103 3.322689686404159
list:
dist: 3.322689686404159 vs. 3.322689686404159
--------
nle(id0,id1,dist): 98 110 1.9567928045740497
list:
dist: 1.9567928045740497 vs. 1.9567928045740497
--------
nle(id0,id1,dist): 98 109 1.1088320214605887
list:
dist: 1.1088320214605887 vs. 1.1088320214605887
--------
nle(id0,id1,dist): 98 108 1.9631625150026581
list:
dist: 1.9631625150026581 vs. 1.9631625150026581
--------
nle(id0,id1,dist): 98 107 1.7983966564698723
list:
dist: 1.7983966564698723 vs. 1.7983966564698723
--------
nle(id0,id1,dist): 101 103 3.638116075593376
list:
dist: 3.638116075593376 vs. 3.638116075593376
--------
nle(id0,id1,dist): 101 102 1.8332628494525123
list:
dist: 1.8332628494525123 vs. 1.8332628494525123
--------
nle(id0,id1,dist): 101 116 3.3873002043630698
list:
dist: 3.3873002043630698 vs. 3.3873002043630698
--------
nle(id0,id1,dist): 101 117 1.2748387435807198
list:
dist: 1.2748387435807198 vs. 1.2748387435807198
--------
nle(id0,id1,dist): 101 118 2.566168828250923
list:
dist: 2.566168828250923 vs. 2.566168828250923
--------
nle(id0,id1,dist): 101 112 1.8040748858353524
list:
dist: 1.8040748858353524 vs. 1.8040748858353524
--------
nle(id0,id1,dist): 101 113 2.4620408772037172
list:
dist: 2.4620408772037172 vs. 2.4620408772037172
--------
nle(id0,id1,dist): 101 114 2.4036727554047626
list:
dist: 2.4036727554047626 vs. 2.4036727554047626
--------
nle(id0,id1,dist): 101 115 2.9778878703370473
list:
dist: 2.9778878703370473 vs. 2.9778878703370473
--------
nle(id0,id1,dist): 101 108 2.151732525578442
list:
dist: 2.151732525578442 vs. 2.151732525578442
--------
nle(id0,id1,dist): 101 109 1.961773990175573
list:
dist: 1.961773990175573 vs. 1.961773990175573
--------
nle(id0,id1,dist): 101 110 2.125243266331485
list:
dist: 2.125243266331485 vs. 2.125243266331485
--------
nle(id0,id1,dist): 101 111 2.954202644467461
list:
dist: 2.954202644467461 vs. 2.954202644467461
--------
nle(id0,id1,dist): 101 104 2.7727986648597494
list:
dist: 2.7727986648597494 vs. 2.7727986648597494
--------
nle(id0,id1,dist): 101 105 2.1793217652148487
list:
dist: 2.1793217652148487 vs. 2.1793217652148487
--------
nle(id0,id1,dist): 101 106 0.9834965215679699
list:
dist: 0.9834965215679699 vs. 0.9834965215679699
--------
nle(id0,id1,dist): 101 107 1.7545704783520428
list:
dist: 1.7545704783520428 vs. 1.7545704783520428
--------
nle(id0,id1,dist): 100 108 0.8978087760870557
list:
dist: 0.8978087760870557 vs. 0.8978087760870557
--------
nle(id0,id1,dist): 100 107 2.35580368958136
list:
dist: 2.35580368958136 vs. 2.35580368958136
--------
nle(id0,id1,dist): 100 106 1.2922385753350116
list:
dist: 1.2922385753350116 vs. 1.2922385753350116
--------
nle(id0,id1,dist): 100 104 2.5645903912709977
list:
dist: 2.5645903912709977 vs. 2.5645903912709977
--------
nle(id0,id1,dist): 100 102 2.3909812139831215
list:
dist: 2.3909812139831215 vs. 2.3909812139831215
--------
nle(id0,id1,dist): 100 101 1.6693507086376467
list:
dist: 1.6693507086376467 vs. 1.6693507086376467
--------
nle(id0,id1,dist): 100 117 1.431387064500499
list:
dist: 1.431387064500499 vs. 1.431387064500499
--------
nle(id0,id1,dist): 100 118 1.0654266269603456
list:
dist: 1.0654266269603456 vs. 1.0654266269603456
--------
nle(id0,id1,dist): 100 115 2.297675719230722
list:
dist: 2.297675719230722 vs. 2.297675719230722
--------
nle(id0,id1,dist): 100 116 2.4709286517365583
list:
dist: 2.4709286517365583 vs. 2.4709286517365583
--------
nle(id0,id1,dist): 100 113 2.4848832384149557
list:
dist: 2.4848832384149557 vs. 2.4848832384149557
--------
nle(id0,id1,dist): 100 114 2.0992398883123617
list:
dist: 2.0992398883123617 vs. 2.0992398883123617
--------
nle(id0,id1,dist): 100 111 1.8975249685307785
list:
dist: 1.8975249685307785 vs. 1.8975249685307785
--------
nle(id0,id1,dist): 100 112 1.4447569719392697
list:
dist: 1.4447569719392697 vs. 1.4447569719392697
--------
nle(id0,id1,dist): 100 109 2.3969258934433086
list:
dist: 2.3969258934433086 vs. 2.3969258934433086
--------
nle(id0,id1,dist): 100 110 1.3873129541230425
list:
dist: 1.3873129541230425 vs. 1.3873129541230425
--------
nle(id0,id1,dist): 102 115 1.8384146124793008
list:
dist: 1.8384146124793008 vs. 1.8384146124793008
--------
nle(id0,id1,dist): 102 116 3.83807491750692
list:
dist: 3.83807491750692 vs. 3.83807491750692
--------
nle(id0,id1,dist): 102 117 1.6480572661956643
list:
dist: 1.6480572661956643 vs. 1.6480572661956643
--------
nle(id0,id1,dist): 102 118 2.963284151150514
list:
dist: 2.963284151150514 vs. 2.963284151150514
--------
nle(id0,id1,dist): 103 105 2.794575850914124
list:
dist: 2.794575850914124 vs. 2.794575850914124
--------
nle(id0,id1,dist): 103 104 2.2641752665178148
list:
dist: 2.2641752665178148 vs. 2.2641752665178148
--------
nle(id0,id1,dist): 102 106 2.5301982854700444
list:
dist: 2.5301982854700444 vs. 2.5301982854700444
--------
nle(id0,id1,dist): 102 105 1.2762216018944188
list:
dist: 1.2762216018944188 vs. 1.2762216018944188
--------
nle(id0,id1,dist): 102 104 2.024005065108135
list:
dist: 2.024005065108135 vs. 2.024005065108135
--------
nle(id0,id1,dist): 102 103 2.081838823987036
list:
dist: 2.081838823987036 vs. 2.081838823987036
--------
nle(id0,id1,dist): 102 110 2.949439786863735
list:
dist: 2.949439786863735 vs. 2.949439786863735
--------
nle(id0,id1,dist): 102 109 1.8304462704939077
list:
dist: 1.8304462704939077 vs. 1.8304462704939077
--------
nle(id0,id1,dist): 102 108 2.668118073699956
list:
dist: 2.668118073699956 vs. 2.668118073699956
--------
nle(id0,id1,dist): 102 107 3.081309937418818
list:
dist: 3.081309937418818 vs. 3.081309937418818
--------
nle(id0,id1,dist): 102 114 3.5810461681584873
list:
dist: 3.5810461681584873 vs. 3.5810461681584873
--------
nle(id0,id1,dist): 102 113 3.3340572355467724
list:
dist: 3.3340572355467724 vs. 3.3340572355467724
--------
nle(id0,id1,dist): 102 112 1.786138133682442
list:
dist: 1.786138133682442 vs. 1.786138133682442
--------
nle(id0,id1,dist): 102 111 2.4173813704346707
list:
dist: 2.4173813704346707 vs. 2.4173813704346707
--------
nle(id0,id1,dist): 104 111 2.874613501249159
list:
dist: 2.874613501249159 vs. 2.874613501249159
--------
nle(id0,id1,dist): 104 112 2.9596947966441762
list:
dist: 2.9596947966441762 vs. 2.9596947966441762
--------
nle(id0,id1,dist): 104 105 3.2962621847919524
list:
dist: 3.2962621847919524 vs. 3.2962621847919524
--------
nle(id0,id1,dist): 104 108 3.20039979189408
list:
dist: 3.20039979189408 vs. 3.20039979189408
--------
nle(id0,id1,dist): 104 117 2.947882476765546
list:
dist: 2.947882476765546 vs. 2.947882476765546
--------
nle(id0,id1,dist): 104 118 3.223256447294486
list:
dist: 3.223256447294486 vs. 3.223256447294486
--------
nle(id0,id1,dist): 104 115 1.9836016524653697
list:
dist: 1.9836016524653697 vs. 1.9836016524653697
--------
nle(id0,id1,dist): 103 117 3.723239639654156
list:
dist: 3.723239639654156 vs. 3.723239639654156
--------
nle(id0,id1,dist): 103 115 2.8826659695799877
list:
dist: 2.8826659695799877 vs. 2.8826659695799877
--------
nle(id0,id1,dist): 103 112 3.794292202007844
list:
dist: 3.794292202007844 vs. 3.794292202007844
--------
nle(id0,id1,dist): 147 148 2.759667726568132
list:
dist: 2.759667726568132 vs. 2.759667726568132
--------
nle(id0,id1,dist): 148 149 1.9333960219895456
list:
dist: 1.9333960219895456 vs. 1.9333960219895456
--------
nle(id0,id1,dist): 146 148 2.4302948888983003
list:
dist: 2.4302948888983003 vs. 2.4302948888983003
--------
nle(id0,id1,dist): 146 149 2.1439222530333812
list:
dist: 2.1439222530333812 vs. 2.1439222530333812
--------
nle(id0,id1,dist): 144 148 1.550261831873088
list:
dist: 1.550261831873088 vs. 1.550261831873088
--------
nle(id0,id1,dist): 144 147 2.967740319433398
list:
dist: 2.967740319433398 vs. 2.967740319433398
--------
nle(id0,id1,dist): 144 146 1.020811416093255
list:
dist: 1.020811416093255 vs. 1.020811416093255
--------
nle(id0,id1,dist): 144 145 1.4113132252246747
list:
dist: 1.4113132252246747 vs. 1.4113132252246747
--------
nle(id0,id1,dist): 144 149 1.9968530545239338
list:
dist: 1.9968530545239338 vs. 1.9968530545239338
--------
nle(id0,id1,dist): 145 149 2.2574060435734533
list:
dist: 2.2574060435734533 vs. 2.2574060435734533
--------
nle(id0,id1,dist): 145 148 0.9123373018260451
list:
dist: 0.9123373018260451 vs. 0.9123373018260451
--------
nle(id0,id1,dist): 145 147 2.185425343371353
list:
dist: 2.185425343371353 vs. 2.185425343371353
--------
nle(id0,id1,dist): 145 146 2.129610366719501
list:
dist: 2.129610366719501 vs. 2.129610366719501
--------
nle(id0,id1,dist): 142 149 3.7262062531399542
list:
dist: 3.7262062531399542 vs. 3.7262062531399542
--------
nle(id0,id1,dist): 142 147 1.4296265031269464
list:
dist: 1.4296265031269464 vs. 1.4296265031269464
--------
nle(id0,id1,dist): 142 148 2.4836909470082915
list:
dist: 2.4836909470082915 vs. 2.4836909470082915
--------
nle(id0,id1,dist): 142 145 1.8335909674854407
list:
dist: 1.8335909674854407 vs. 1.8335909674854407
--------
nle(id0,id1,dist): 142 146 2.3843059293634172
list:
dist: 2.3843059293634172 vs. 2.3843059293634172
--------
nle(id0,id1,dist): 142 143 2.8780255768246867
list:
dist: 2.8780255768246867 vs. 2.8780255768246867
--------
nle(id0,id1,dist): 142 144 1.924358341670923
list:
dist: 1.924358341670923 vs. 1.924358341670923
--------
nle(id0,id1,dist): 143 146 2.8144317720121506
list:
dist: 2.8144317720121506 vs. 2.8144317720121506
--------
nle(id0,id1,dist): 143 148 1.524246541050079
list:
dist: 1.524246541050079 vs. 1.524246541050079
--------
nle(id0,id1,dist): 143 149 2.2095302974547932
list:
dist: 2.2095302974547932 vs. 2.2095302974547932
--------
nle(id0,id1,dist): 143 144 2.3620795997592308
list:
dist: 2.3620795997592308 vs. 2.3620795997592308
--------
nle(id0,id1,dist): 143 145 1.2029728564709923
list:
dist: 1.2029728564709923 vs. 1.2029728564709923
--------
nle(id0,id1,dist): 141 142 2.258102371766501
list:
dist: 2.258102371766501 vs. 2.258102371766501
--------
nle(id0,id1,dist): 141 143 1.9746064516226065
list:
dist: 1.9746064516226065 vs. 1.9746064516226065
--------
nle(id0,id1,dist): 140 149 2.9878195078992893
list:
dist: 2.9878195078992893 vs. 2.9878195078992893
--------
nle(id0,id1,dist): 141 145 1.5492812716851294
list:
dist: 1.5492812716851294 vs. 1.5492812716851294
--------
nle(id0,id1,dist): 141 144 2.7704867942253153
list:
dist: 2.7704867942253153 vs. 2.7704867942253153
--------
nle(id0,id1,dist): 141 147 1.5163953891980813
list:
dist: 1.5163953891980813 vs. 1.5163953891980813
--------
nle(id0,id1,dist): 141 146 3.597598272415665
list:
dist: 3.597598272415665 vs. 3.597598272415665
--------
nle(id0,id1,dist): 141 149 3.6021368875508863
list:
dist: 3.6021368875508863 vs. 3.6021368875508863
--------
nle(id0,id1,dist): 141 148 1.788480192808206
list:
dist: 1.788480192808206 vs. 1.788480192808206
--------
nle(id0,id1,dist): 139 144 2.818239381610339
list:
dist: 2.818239381610339 vs. 2.818239381610339
--------
nle(id0,id1,dist): 139 145 1.6545689874333998
list:
dist: 1.6545689874333998 vs. 1.6545689874333998
--------
nle(id0,id1,dist): 139 142 1.8687760911621603
list:
dist: 1.8687760911621603 vs. 1.8687760911621603
--------
nle(id0,id1,dist): 139 143 1.922859796545045
list:
dist: 1.922859796545045 vs. 1.922859796545045
--------
nle(id0,id1,dist): 139 140 2.7127946368200933
list:
dist: 2.7127946368200933 vs. 2.7127946368200933
--------
nle(id0,id1,dist): 139 141 1.3556221309146566
list:
dist: 1.3556221309146566 vs. 1.3556221309146566
--------
nle(id0,id1,dist): 139 148 2.4145278034849174
list:
dist: 2.4145278034849174 vs. 2.4145278034849174
--------
nle(id0,id1,dist): 139 149 3.7936881505260014
list:
dist: 3.7936881505260014 vs. 3.7936881505260014
--------
nle(id0,id1,dist): 139 146 3.323355911332704
list:
dist: 3.323355911332704 vs. 3.323355911332704
--------
nle(id0,id1,dist): 139 147 1.32441687277515
list:
dist: 1.32441687277515 vs. 1.32441687277515
--------
nle(id0,id1,dist): 140 145 1.7896485840284837
list:
dist: 1.7896485840284837 vs. 1.7896485840284837
--------
nle(id0,id1,dist): 140 146 1.553656151646707
list:
dist: 1.553656151646707 vs. 1.553656151646707
--------
nle(id0,id1,dist): 140 147 2.45897701036447
list:
dist: 2.45897701036447 vs. 2.45897701036447
--------
nle(id0,id1,dist): 140 148 2.1093414447427277
list:
dist: 2.1093414447427277 vs. 2.1093414447427277
--------
nle(id0,id1,dist): 140 141 2.744839389114603
list:
dist: 2.744839389114603 vs. 2.744839389114603
--------
nle(id0,id1,dist): 140 142 1.2205382350595733
list:
dist: 1.2205382350595733 vs. 1.2205382350595733
--------
nle(id0,id1,dist): 140 143 2.9358460238488386
list:
dist: 2.9358460238488386 vs. 2.9358460238488386
--------
nle(id0,id1,dist): 140 144 0.9937830137187256
list:
dist: 0.9937830137187256 vs. 0.9937830137187256
--------
nle(id0,id1,dist): 138 141 1.064175071529744
list:
dist: 1.064175071529744 vs. 1.064175071529744
--------
nle(id0,id1,dist): 138 142 2.0064970888877975
list:
dist: 2.0064970888877975 vs. 2.0064970888877975
--------
nle(id0,id1,dist): 138 139 2.0220963706553783
list:
dist: 2.0220963706553783 vs. 2.0220963706553783
--------
nle(id0,id1,dist): 138 140 2.033339182658507
list:
dist: 2.033339182658507 vs. 2.033339182658507
--------
nle(id0,id1,dist): 138 149 3.058679572004933
list:
dist: 3.058679572004933 vs. 3.058679572004933
--------
nle(id0,id1,dist): 138 148 1.1483705438472358
list:
dist: 1.1483705438472358 vs. 1.1483705438472358
--------
nle(id0,id1,dist): 138 147 1.8760434198750764
list:
dist: 1.8760434198750764 vs. 1.8760434198750764
--------
nle(id0,id1,dist): 138 146 2.996987806257206
list:
dist: 2.996987806257206 vs. 2.996987806257206
--------
nle(id0,id1,dist): 138 145 1.2609861012236911
list:
dist: 1.2609861012236911 vs. 1.2609861012236911
--------
nle(id0,id1,dist): 138 144 2.031851590729669
list:
dist: 2.031851590729669 vs. 2.031851590729669
--------
nle(id0,id1,dist): 138 143 2.142918560030682
list:
dist: 2.142918560030682 vs. 2.142918560030682
--------
nle(id0,id1,dist): 137 144 0.6492498445389233
list:
dist: 0.6492498445389233 vs. 0.6492498445389233
--------
nle(id0,id1,dist): 137 145 2.0230331038434537
list:
dist: 2.0230331038434537 vs. 2.0230331038434537
--------
nle(id0,id1,dist): 137 146 1.0853800333882169
list:
dist: 1.0853800333882169 vs. 1.0853800333882169
--------
nle(id0,id1,dist): 137 140 0.9432653580999355
list:
dist: 0.9432653580999355 vs. 0.9432653580999355
--------
nle(id0,id1,dist): 137 142 2.1248028890620763
list:
dist: 2.1248028890620763 vs. 2.1248028890620763
--------
nle(id0,id1,dist): 137 138 2.4239743126237476
list:
dist: 2.4239743126237476 vs. 2.4239743126237476
--------
nle(id0,id1,dist): 137 149 2.365977577156996
list:
dist: 2.365977577156996 vs. 2.365977577156996
--------
nle(id0,id1,dist): 137 148 2.0691578843771135
list:
dist: 2.0691578843771135 vs. 2.0691578843771135
--------
nle(id0,id1,dist): 136 147 1.540141781849062
list:
dist: 1.540141781849062 vs. 1.540141781849062
--------
nle(id0,id1,dist): 136 148 2.7663903358617916
list:
dist: 2.7663903358617916 vs. 2.7663903358617916
--------
nle(id0,id1,dist): 136 145 2.5831745955205903
list:
dist: 2.5831745955205903 vs. 2.5831745955205903
--------
nle(id0,id1,dist): 136 139 1.961193325875909
list:
dist: 1.961193325875909 vs. 1.961193325875909
--------
nle(id0,id1,dist): 136 140 3.4223450481198245
list:
dist: 3.4223450481198245 vs. 3.4223450481198245
--------
nle(id0,id1,dist): 136 138 1.7903577827237842
list:
dist: 1.7903577827237842 vs. 1.7903577827237842
--------
nle(id0,id1,dist): 136 144 3.6641466516217243
list:
dist: 3.6641466516217243 vs. 3.6641466516217243
--------
nle(id0,id1,dist): 136 141 1.0806447066894804
list:
dist: 1.0806447066894804 vs. 1.0806447066894804
--------
nle(id0,id1,dist): 135 142 2.293104004587265
list:
dist: 2.293104004587265 vs. 2.293104004587265
--------
nle(id0,id1,dist): 135 144 2.0907214364428315
list:
dist: 2.0907214364428315 vs. 2.0907214364428315
--------
nle(id0,id1,dist): 135 145 3.126899786749293
list:
dist: 3.126899786749293 vs. 3.126899786749293
--------
nle(id0,id1,dist): 135 146 1.5629167773359938
list:
dist: 1.5629167773359938 vs. 1.5629167773359938
--------
nle(id0,id1,dist): 135 148 3.583553353087689
list:
dist: 3.583553353087689 vs. 3.583553353087689
--------
nle(id0,id1,dist): 135 149 3.697171405273311
list:
dist: 3.697171405273311 vs. 3.697171405273311
--------
nle(id0,id1,dist): 134 147 2.7187452649323607
list:
dist: 2.7187452649323607 vs. 2.7187452649323607
--------
nle(id0,id1,dist): 135 140 1.734125511673135
list:
dist: 1.734125511673135 vs. 1.734125511673135
--------
nle(id0,id1,dist): 135 138 3.7217490218067564
list:
dist: 3.7217490218067564 vs. 3.7217490218067564
--------
nle(id0,id1,dist): 135 137 1.8082433227912913
list:
dist: 1.8082433227912913 vs. 1.8082433227912913
--------
nle(id0,id1,dist): 134 136 3.37087870958532
list:
dist: 3.37087870958532 vs. 3.37087870958532
--------
nle(id0,id1,dist): 133 135 2.2526597592314728
list:
dist: 2.2526597592314728 vs. 2.2526597592314728
--------
nle(id0,id1,dist): 133 138 2.1524780839706485
list:
dist: 2.1524780839706485 vs. 2.1524780839706485
--------
nle(id0,id1,dist): 133 137 1.653391302623226
list:
dist: 1.653391302623226 vs. 1.653391302623226
--------
nle(id0,id1,dist): 133 142 1.4056706820120963
list:
dist: 1.4056706820120963 vs. 1.4056706820120963
--------
nle(id0,id1,dist): 133 140 0.9518268824801586
list:
dist: 0.9518268824801586 vs. 0.9518268824801586
--------
nle(id0,id1,dist): 133 146 2.4636219006616606
list:
dist: 2.4636219006616606 vs. 2.4636219006616606
--------
nle(id0,id1,dist): 133 144 1.8478078154193434
list:
dist: 1.8478078154193434 vs. 1.8478078154193434
--------
nle(id0,id1,dist): 133 145 2.417256943896068
list:
dist: 2.417256943896068 vs. 2.417256943896068
--------
nle(id0,id1,dist): 133 148 2.6142283891560716
list:
dist: 2.6142283891560716 vs. 2.6142283891560716
--------
nle(id0,id1,dist): 133 149 3.780174832802172
list:
dist: 3.780174832802172 vs. 3.780174832802172
--------
nle(id0,id1,dist): 132 134 2.3216162549631094
list:
dist: 2.3216162549631094 vs. 2.3216162549631094
--------
nle(id0,id1,dist): 132 133 2.670521819681261
list:
dist: 2.670521819681261 vs. 2.670521819681261
--------
nle(id0,id1,dist): 132 135 3.188284615586347
list:
dist: 3.188284615586347 vs. 3.188284615586347
--------
nle(id0,id1,dist): 132 138 3.8315524791738915
list:
dist: 3.8315524791738915 vs. 3.8315524791738915
--------
nle(id0,id1,dist): 132 137 3.869866272218722
list:
dist: 3.869866272218722 vs. 3.869866272218722
--------
nle(id0,id1,dist): 132 140 2.974409794737571
list:
dist: 2.974409794737571 vs. 2.974409794737571
--------
nle(id0,id1,dist): 132 139 3.241122907739146
list:
dist: 3.241122907739146 vs. 3.241122907739146
--------
nle(id0,id1,dist): 132 141 3.8494039067341737
list:
dist: 3.8494039067341737 vs. 3.8494039067341737
--------
nle(id0,id1,dist): 132 142 2.066899910059572
list:
dist: 2.066899910059572 vs. 2.066899910059572
--------
nle(id0,id1,dist): 132 144 3.864368137073948
list:
dist: 3.864368137073948 vs. 3.864368137073948
--------
nle(id0,id1,dist): 132 145 3.861934033957622
list:
dist: 3.861934033957622 vs. 3.861934033957622
--------
nle(id0,id1,dist): 132 147 2.3941576515803007
list:
dist: 2.3941576515803007 vs. 2.3941576515803007
--------
nle(id0,id1,dist): 132 148 4.523197356926295
list:
dist: 4.523197356926295 vs. 4.523197356926295
--------
nle(id0,id1,dist): 131 147 1.814586752390458
list:
dist: 1.814586752390458 vs. 1.814586752390458
--------
nle(id0,id1,dist): 131 148 3.3934665116837732
list:
dist: 3.3934665116837732 vs. 3.3934665116837732
--------
nle(id0,id1,dist): 131 144 4.18022175553542
list:
dist: 4.18022175553542 vs. 4.18022175553542
--------
nle(id0,id1,dist): 131 145 3.2378150832380417
list:
dist: 3.2378150832380417 vs. 3.2378150832380417
--------
nle(id0,id1,dist): 131 138 2.3209310463774155
list:
dist: 2.3209310463774155 vs. 2.3209310463774155
--------
nle(id0,id1,dist): 131 139 2.56866934911526
list:
dist: 2.56866934911526 vs. 2.56866934911526
--------
nle(id0,id1,dist): 131 140 3.8004636927356676
list:
dist: 3.8004636927356676 vs. 3.8004636927356676
--------
nle(id0,id1,dist): 131 141 1.8086460838398297
list:
dist: 1.8086460838398297 vs. 1.8086460838398297
--------
nle(id0,id1,dist): 131 134 2.9044552425475567
list:
dist: 2.9044552425475567 vs. 2.9044552425475567
--------
nle(id0,id1,dist): 131 136 0.7628020926021231
list:
dist: 0.7628020926021231 vs. 0.7628020926021231
--------
nle(id0,id1,dist): 130 147 0.9813070366690653
list:
dist: 0.9813070366690653 vs. 0.9813070366690653
--------
nle(id0,id1,dist): 130 148 3.4974621628938842
list:
dist: 3.4974621628938842 vs. 3.4974621628938842
--------
nle(id0,id1,dist): 130 145 3.059256775554632
list:
dist: 3.059256775554632 vs. 3.059256775554632
--------
nle(id0,id1,dist): 130 144 3.673222127298106
list:
dist: 3.673222127298106 vs. 3.673222127298106
--------
nle(id0,id1,dist): 130 141 2.200056749977328
list:
dist: 2.200056749977328 vs. 2.200056749977328
--------
nle(id0,id1,dist): 130 142 2.04009343748414
list:
dist: 2.04009343748414 vs. 2.04009343748414
--------
nle(id0,id1,dist): 130 139 2.2687498475557484
list:
dist: 2.2687498475557484 vs. 2.2687498475557484
--------
nle(id0,id1,dist): 130 140 3.003763262063495
list:
dist: 3.003763262063495 vs. 3.003763262063495
--------
nle(id0,id1,dist): 130 138 2.452398348868985
list:
dist: 2.452398348868985 vs. 2.452398348868985
--------
nle(id0,id1,dist): 130 136 1.7380688386975034
list:
dist: 1.7380688386975034 vs. 1.7380688386975034
--------
nle(id0,id1,dist): 130 132 2.263889868162568
list:
dist: 2.263889868162568 vs. 2.263889868162568
--------
nle(id0,id1,dist): 130 131 1.5647960110696926
list:
dist: 1.5647960110696926 vs. 1.5647960110696926
--------
nle(id0,id1,dist): 130 134 1.8134826982826422
list:
dist: 1.8134826982826422 vs. 1.8134826982826422
--------
nle(id0,id1,dist): 129 147 1.813199939997852
list:
dist: 1.813199939997852 vs. 1.813199939997852
--------
nle(id0,id1,dist): 129 134 1.9966262452546468
list:
dist: 1.9966262452546468 vs. 1.9966262452546468
--------
nle(id0,id1,dist): 129 132 2.6199563321084365
list:
dist: 2.6199563321084365 vs. 2.6199563321084365
--------
nle(id0,id1,dist): 129 136 2.276119110237626
list:
dist: 2.276119110237626 vs. 2.276119110237626
--------
nle(id0,id1,dist): 129 131 1.952546028403031
list:
dist: 1.952546028403031 vs. 1.952546028403031
--------
nle(id0,id1,dist): 129 130 1.197043546224879
list:
dist: 1.197043546224879 vs. 1.197043546224879
--------
nle(id0,id1,dist): 128 147 1.594279564321941
list:
dist: 1.594279564321941 vs. 1.594279564321941
--------
nle(id0,id1,dist): 128 148 3.844847626285465
list:
dist: 3.844847626285465 vs. 3.844847626285465
--------
nle(id0,id1,dist): 128 145 3.4582248788559165
list:
dist: 3.4582248788559165 vs. 3.4582248788559165
--------
nle(id0,id1,dist): 128 134 2.6870554276409226
list:
dist: 2.6870554276409226 vs. 2.6870554276409226
--------
nle(id0,id1,dist): 128 136 1.268858966160519
list:
dist: 1.268858966160519 vs. 1.268858966160519
--------
nle(id0,id1,dist): 128 129 1.1288104029851136
list:
dist: 1.1288104029851136 vs. 1.1288104029851136
--------
nle(id0,id1,dist): 128 130 1.2951046986061752
list:
dist: 1.2951046986061752 vs. 1.2951046986061752
--------
nle(id0,id1,dist): 128 131 0.9867086546219656
list:
dist: 0.9867086546219656 vs. 0.9867086546219656
--------
nle(id0,id1,dist): 128 132 3.3610722347394795
list:
dist: 3.3610722347394795 vs. 3.3610722347394795
--------
nle(id0,id1,dist): 128 141 2.1387641735303196
list:
dist: 2.1387641735303196 vs. 2.1387641735303196
--------
nle(id0,id1,dist): 128 142 3.0087563031913915
list:
dist: 3.0087563031913915 vs. 3.0087563031913915
--------
nle(id0,id1,dist): 128 144 4.435809955312328
list:
dist: 4.435809955312328 vs. 4.435809955312328
--------
nle(id0,id1,dist): 128 138 2.831315842636084
list:
dist: 2.831315842636084 vs. 2.831315842636084
--------
nle(id0,id1,dist): 128 139 2.338438418077605
list:
dist: 2.338438418077605 vs. 2.338438418077605
--------
nle(id0,id1,dist): 128 140 3.974623559428194
list:
dist: 3.974623559428194 vs. 3.974623559428194
--------
nle(id0,id1,dist): 127 140 2.838491246140506
list:
dist: 2.838491246140506 vs. 2.838491246140506
--------
nle(id0,id1,dist): 127 141 1.3475180570847898
list:
dist: 1.3475180570847898 vs. 1.3475180570847898
--------
nle(id0,id1,dist): 127 138 1.7158924561593385
list:
dist: 1.7158924561593385 vs. 1.7158924561593385
--------
nle(id0,id1,dist): 127 139 1.8314841603340262
list:
dist: 1.8314841603340262 vs. 1.8314841603340262
--------
nle(id0,id1,dist): 127 136 0.9107798510124301
list:
dist: 0.9107798510124301 vs. 0.9107798510124301
--------
nle(id0,id1,dist): 127 134 2.6212744698605612
list:
dist: 2.6212744698605612 vs. 2.6212744698605612
--------
nle(id0,id1,dist): 127 148 2.789393207564483
list:
dist: 2.789393207564483 vs. 2.789393207564483
--------
nle(id0,id1,dist): 127 147 0.8305284232717155
list:
dist: 0.8305284232717155 vs. 0.8305284232717155
--------
nle(id0,id1,dist): 127 144 3.296238948551585
list:
dist: 3.296238948551585 vs. 3.296238948551585
--------
nle(id0,id1,dist): 127 145 2.4600273560574433
list:
dist: 2.4600273560574433 vs. 2.4600273560574433
--------
nle(id0,id1,dist): 127 142 2.0429515126408484
list:
dist: 2.0429515126408484 vs. 2.0429515126408484
--------
nle(id0,id1,dist): 127 132 2.9701906571075125
list:
dist: 2.9701906571075125 vs. 2.9701906571075125
--------
nle(id0,id1,dist): 127 131 1.044899241330277
list:
dist: 1.044899241330277 vs. 1.044899241330277
--------
nle(id0,id1,dist): 127 130 0.912357780295233
list:
dist: 0.912357780295233 vs. 0.912357780295233
--------
nle(id0,id1,dist): 127 129 1.8008177559680096
list:
dist: 1.8008177559680096 vs. 1.8008177559680096
--------
nle(id0,id1,dist): 127 128 1.2126709790071653
list:
dist: 1.2126709790071653 vs. 1.2126709790071653
--------
nle(id0,id1,dist): 125 146 2.2971905314262004
list:
dist: 2.2971905314262004 vs. 2.2971905314262004
--------
nle(id0,id1,dist): 125 147 1.3952608927384664
list:
dist: 1.3952608927384664 vs. 1.3952608927384664
--------
nle(id0,id1,dist): 125 144 1.664923878018859
list:
dist: 1.664923878018859 vs. 1.664923878018859
--------
nle(id0,id1,dist): 125 145 0.9645689129499255
list:
dist: 0.9645689129499255 vs. 0.9645689129499255
--------
nle(id0,id1,dist): 125 148 1.7172809137233886
list:
dist: 1.7172809137233886 vs. 1.7172809137233886
--------
nle(id0,id1,dist): 125 149 3.101872245309696
list:
dist: 3.101872245309696 vs. 3.101872245309696
--------
nle(id0,id1,dist): 125 131 2.8447376876903814
list:
dist: 2.8447376876903814 vs. 2.8447376876903814
--------
nle(id0,id1,dist): 125 130 2.2706348641532488
list:
dist: 2.2706348641532488 vs. 2.2706348641532488
--------
nle(id0,id1,dist): 125 128 2.8878064310416898
list:
dist: 2.8878064310416898 vs. 2.8878064310416898
--------
nle(id0,id1,dist): 125 135 2.7825996801001147
list:
dist: 2.7825996801001147 vs. 2.7825996801001147
--------
nle(id0,id1,dist): 125 133 1.9060241281326544
list:
dist: 1.9060241281326544 vs. 1.9060241281326544
--------
nle(id0,id1,dist): 125 132 2.9085373590456904
list:
dist: 2.9085373590456904 vs. 2.9085373590456904
--------
nle(id0,id1,dist): 125 139 1.2647056838417166
list:
dist: 1.2647056838417166 vs. 1.2647056838417166
--------
nle(id0,id1,dist): 125 138 1.3868411969670025
list:
dist: 1.3868411969670025 vs. 1.3868411969670025
--------
nle(id0,id1,dist): 125 137 2.1175694402412155
list:
dist: 2.1175694402412155 vs. 2.1175694402412155
--------
nle(id0,id1,dist): 125 136 2.3119116295299986
list:
dist: 2.3119116295299986 vs. 2.3119116295299986
--------
nle(id0,id1,dist): 125 143 1.9702763807061845
list:
dist: 1.9702763807061845 vs. 1.9702763807061845
--------
nle(id0,id1,dist): 125 142 0.9396443226367567
list:
dist: 0.9396443226367567 vs. 0.9396443226367567
--------
nle(id0,id1,dist): 125 141 1.5321823412336346
list:
dist: 1.5321823412336346 vs. 1.5321823412336346
--------
nle(id0,id1,dist): 125 140 1.4603057737651914
list:
dist: 1.4603057737651914 vs. 1.4603057737651914
2. Check the NeighborList query for coordinates against the neighbor list for consistency
list:
dist: 1.1344492650005797 vs. 1.1344492650005797
list:
dist: 2.936901345938154 vs. 2.936901345938154
list:
dist: 2.348643408777042 vs. 2.348643408777042
list:
dist: 3.4420994485147265 vs. 3.4420994485147265
list:
dist: 3.0585187293448817 vs. 3.0585187293448817
list:
dist: 2.414773299892119 vs. 2.414773299892119
list:
dist: 1.9688404152064383 vs. 1.9688404152064383
list:
dist: 3.1283530974447755 vs. 3.1283530974447755
list:
dist: 3.790695545671625 vs. 3.790695545671625
list:
dist: 3.3219099649248625 vs. 3.3219099649248625
list:
dist: 2.936901345938154 vs. 2.936901345938154
list:
dist: 2.140167231033153 vs. 2.140167231033153
list:
dist: 2.177668314791042 vs. 2.177668314791042
list:
dist: 1.4979307419927 vs. 1.4979307419927
list:
dist: 1.1928371793973631 vs. 1.1928371793973631
list:
dist: 1.589953889357388 vs. 1.589953889357388
list:
dist: 2.004186426145811 vs. 2.004186426145811
list:
dist: 2.558571652004301 vs. 2.558571652004301
list:
dist: 3.453909921565033 vs. 3.453909921565033
list:
dist: 3.2392406977640937 vs. 3.2392406977640937
list:
dist: 1.5611046735042873 vs. 1.5611046735042873
list:
dist: 3.0129784275935307 vs. 3.0129784275935307
list:
dist: 2.5616462711564716 vs. 2.5616462711564716
list:
dist: 1.555129990957558 vs. 1.555129990957558
list:
dist: 3.004354382791604 vs. 3.004354382791604
list:
dist: 2.7417917297672414 vs. 2.7417917297672414
list:
dist: 2.177668314791042 vs. 2.177668314791042
list:
dist: 2.656483874095947 vs. 2.656483874095947
list:
dist: 3.0167424576336894 vs. 3.0167424576336894
list:
dist: 3.4732291101952866 vs. 3.4732291101952866
list:
dist: 2.659986348082169 vs. 2.659986348082169
list:
dist: 3.102325232281877 vs. 3.102325232281877
list:
dist: 3.601488023485962 vs. 3.601488023485962
list:
dist: 3.883042009058904 vs. 3.883042009058904
list:
dist: 2.6462682891229385 vs. 2.6462682891229385
list:
dist: 3.102325232281877 vs. 3.102325232281877
list:
dist: 1.5611046735042873 vs. 1.5611046735042873
list:
dist: 2.514634349025238 vs. 2.514634349025238
list:
dist: 0.9287642067015177 vs. 0.9287642067015177
list:
dist: 1.5368748059966661 vs. 1.5368748059966661
list:
dist: 2.3896216965613717 vs. 2.3896216965613717
list:
dist: 3.3845139990718387 vs. 3.3845139990718387
list:
dist: 2.4469849085461 vs. 2.4469849085461
list:
dist: 2.755031593536537 vs. 2.755031593536537
list:
dist: 1.734246615957295 vs. 1.734246615957295
list:
dist: 1.7579201543651983 vs. 1.7579201543651983
list:
dist: 0.9481452471508569 vs. 0.9481452471508569
list:
dist: 2.0760326904229762 vs. 2.0760326904229762
list:
dist: 1.5572566703973463 vs. 1.5572566703973463
list:
dist: 1.7180680633175969 vs. 1.7180680633175969
list:
dist: 1.3372507331953156 vs. 1.3372507331953156
list:
dist: 1.7160974010340901 vs. 1.7160974010340901
list:
dist: 2.499396193368054 vs. 2.499396193368054
list:
dist: 3.56740593585599 vs. 3.56740593585599
list:
dist: 3.6576507872553754 vs. 3.6576507872553754
list:
dist: 1.1344492650005797 vs. 1.1344492650005797
list:
dist: 2.140167231033153 vs. 2.140167231033153
list:
dist: 1.2342096731318737 vs. 1.2342096731318737
list:
dist: 2.503042648238398 vs. 2.503042648238398
list:
dist: 2.220408886675776 vs. 2.220408886675776
list:
dist: 1.6437015540425388 vs. 1.6437015540425388
list:
dist: 1.0468355153251465 vs. 1.0468355153251465
list:
dist: 2.9263316374226975 vs. 2.9263316374226975
list:
dist: 3.8153932427524597 vs. 3.8153932427524597
list:
dist: 2.8860167409122597 vs. 2.8860167409122597
list:
dist: 3.883042009058904 vs. 3.883042009058904
list:
dist: 2.5616462711564716 vs. 2.5616462711564716
list:
dist: 2.4410541381661828 vs. 2.4410541381661828
list:
dist: 1.4507755981932728 vs. 1.4507755981932728
list:
dist: 1.6983693618155058 vs. 1.6983693618155058
list:
dist: 2.2351465223567937 vs. 2.2351465223567937
list:
dist: 2.8928814560718266 vs. 2.8928814560718266
list:
dist: 3.1232216482224753 vs. 3.1232216482224753
list:
dist: 3.054281543820613 vs. 3.054281543820613
list:
dist: 1.7579201543651983 vs. 1.7579201543651983
list:
dist: 2.5924553982336653 vs. 2.5924553982336653
list:
dist: 1.373463322472063 vs. 1.373463322472063
list:
dist: 2.4794076630296957 vs. 2.4794076630296957
list:
dist: 0.8909295776429446 vs. 0.8909295776429446
list:
dist: 2.824137319280902 vs. 2.824137319280902
list:
dist: 2.208619904509604 vs. 2.208619904509604
list:
dist: 2.072057062336451 vs. 2.072057062336451
list:
dist: 2.7454201533782103 vs. 2.7454201533782103
list:
dist: 3.5212068867394666 vs. 3.5212068867394666
list:
dist: 3.6313555144307785 vs. 3.6313555144307785
list:
dist: 2.348643408777042 vs. 2.348643408777042
list:
dist: 1.2342096731318737 vs. 1.2342096731318737
list:
dist: 2.656483874095947 vs. 2.656483874095947
list:
dist: 1.4979307419927 vs. 1.4979307419927
list:
dist: 1.6793984477215493 vs. 1.6793984477215493
list:
dist: 1.7471523213825484 vs. 1.7471523213825484
list:
dist: 1.5936219459234486 vs. 1.5936219459234486
list:
dist: 1.2515741699079317 vs. 1.2515741699079317
list:
dist: 4.289685442931609 vs. 4.289685442931609
list:
dist: 3.720223417179068 vs. 3.720223417179068
list:
dist: 2.514634349025238 vs. 2.514634349025238
list:
dist: 3.932466497726727 vs. 3.932466497726727
list:
dist: 2.4410541381661828 vs. 2.4410541381661828
list:
dist: 2.049936024485428 vs. 2.049936024485428
list:
dist: 3.5817620283645715 vs. 3.5817620283645715
list:
dist: 2.9773556869644704 vs. 2.9773556869644704
list:
dist: 2.6462682891229385 vs. 2.6462682891229385
list:
dist: 1.555129990957558 vs. 1.555129990957558
list:
dist: 2.049936024485428 vs. 2.049936024485428
list:
dist: 0.9390578203414822 vs. 0.9390578203414822
list:
dist: 1.7045820994061593 vs. 1.7045820994061593
list:
dist: 2.408036029965189 vs. 2.408036029965189
list:
dist: 3.0237385103323327 vs. 3.0237385103323327
list:
dist: 2.3446514293934553 vs. 2.3446514293934553
list:
dist: 2.1857003715834846 vs. 2.1857003715834846
list:
dist: 0.9481452471508569 vs. 0.9481452471508569
list:
dist: 1.9087455877280344 vs. 1.9087455877280344
list:
dist: 1.373463322472063 vs. 1.373463322472063
list:
dist: 2.773024733293991 vs. 2.773024733293991
list:
dist: 1.6826599638618878 vs. 1.6826599638618878
list:
dist: 2.2663731531435363 vs. 2.2663731531435363
list:
dist: 1.9338867233574484 vs. 1.9338867233574484
list:
dist: 1.914279416669508 vs. 1.914279416669508
list:
dist: 2.9702951572656584 vs. 2.9702951572656584
list:
dist: 4.127057161041993 vs. 4.127057161041993
list:
dist: 4.274417087328277 vs. 4.274417087328277
list:
dist: 2.414773299892119 vs. 2.414773299892119
list:
dist: 1.6437015540425388 vs. 1.6437015540425388
list:
dist: 2.004186426145811 vs. 2.004186426145811
list:
dist: 1.5936219459234486 vs. 1.5936219459234486
list:
dist: 1.5507328297448886 vs. 1.5507328297448886
list:
dist: 0.8737515805310363 vs. 0.8737515805310363
list:
dist: 1.449434191746721 vs. 1.449434191746721
list:
dist: 1.808562505677065 vs. 1.808562505677065
list:
dist: 2.7532463437484154 vs. 2.7532463437484154
list:
dist: 1.4535074740695284 vs. 1.4535074740695284
list:
dist: 2.3896216965613717 vs. 2.3896216965613717
list:
dist: 4.0556628086892825 vs. 4.0556628086892825
list:
dist: 2.2351465223567937 vs. 2.2351465223567937
list:
dist: 2.408036029965189 vs. 2.408036029965189
list:
dist: 2.39237937549398 vs. 2.39237937549398
list:
dist: 2.3788088352666517 vs. 2.3788088352666517
list:
dist: 2.2610073623241687 vs. 2.2610073623241687
list:
dist: 3.601488023485962 vs. 3.601488023485962
list:
dist: 3.0129784275935307 vs. 3.0129784275935307
list:
dist: 3.932466497726727 vs. 3.932466497726727
list:
dist: 2.544859265753577 vs. 2.544859265753577
list:
dist: 3.2063878641308916 vs. 3.2063878641308916
list:
dist: 4.0556628086892825 vs. 4.0556628086892825
list:
dist: 4.905510412324523 vs. 4.905510412324523
list:
dist: 0.9152309716113013 vs. 0.9152309716113013
list:
dist: 1.9712695858843077 vs. 1.9712695858843077
list:
dist: 1.734246615957295 vs. 1.734246615957295
list:
dist: 2.5924553982336653 vs. 2.5924553982336653
list:
dist: 1.9087455877280344 vs. 1.9087455877280344
list:
dist: 3.2422487709778354 vs. 3.2422487709778354
list:
dist: 2.3770917120173256 vs. 2.3770917120173256
list:
dist: 0.8463573126584589 vs. 0.8463573126584589
list:
dist: 1.1955017189110164 vs. 1.1955017189110164
list:
dist: 0.9070155666035822 vs. 0.9070155666035822
list:
dist: 2.0104405236190317 vs. 2.0104405236190317
list:
dist: 3.6239819175008128 vs. 3.6239819175008128
list:
dist: 4.086036355129887 vs. 4.086036355129887
list:
dist: 1.6817029109443804 vs. 1.6817029109443804
list:
dist: 2.797636321256864 vs. 2.797636321256864
list:
dist: 1.7180680633175969 vs. 1.7180680633175969
list:
dist: 0.8463573126584589 vs. 0.8463573126584589
list:
dist: 2.824137319280902 vs. 2.824137319280902
list:
dist: 2.2663731531435363 vs. 2.2663731531435363
list:
dist: 2.762030324775841 vs. 2.762030324775841
list:
dist: 2.3485731210945997 vs. 2.3485731210945997
list:
dist: 0.7620033128927594 vs. 0.7620033128927594
list:
dist: 1.0566552475616011 vs. 1.0566552475616011
list:
dist: 1.5821537189219095 vs. 1.5821537189219095
list:
dist: 3.0834378824182127 vs. 3.0834378824182127
list:
dist: 3.5063768815493286 vs. 3.5063768815493286
list:
dist: 2.659986348082169 vs. 2.659986348082169
list:
dist: 3.2392406977640937 vs. 3.2392406977640937
list:
dist: 3.720223417179068 vs. 3.720223417179068
list:
dist: 3.1116355471387136 vs. 3.1116355471387136
list:
dist: 1.3774914871611712 vs. 1.3774914871611712
list:
dist: 2.755031593536537 vs. 2.755031593536537
list:
dist: 1.9712695858843077 vs. 1.9712695858843077
list:
dist: 3.054281543820613 vs. 3.054281543820613
list:
dist: 2.1857003715834846 vs. 2.1857003715834846
list:
dist: 2.797636321256864 vs. 2.797636321256864
list:
dist: 2.9879630615853747 vs. 2.9879630615853747
list:
dist: 2.4934532755041103 vs. 2.4934532755041103
list:
dist: 3.7790693807351747 vs. 3.7790693807351747
list:
dist: 3.0585187293448817 vs. 3.0585187293448817
list:
dist: 2.220408886675776 vs. 2.220408886675776
list:
dist: 1.589953889357388 vs. 1.589953889357388
list:
dist: 1.7471523213825484 vs. 1.7471523213825484
list:
dist: 0.7923521210902245 vs. 0.7923521210902245
list:
dist: 0.8737515805310363 vs. 0.8737515805310363
list:
dist: 2.1188395217722693 vs. 2.1188395217722693
list:
dist: 1.8572773356581962 vs. 1.8572773356581962
list:
dist: 3.05907630301532 vs. 3.05907630301532
list:
dist: 1.8093503950120717 vs. 1.8093503950120717
list:
dist: 1.5368748059966661 vs. 1.5368748059966661
list:
dist: 3.2063878641308916 vs. 3.2063878641308916
list:
dist: 1.6983693618155058 vs. 1.6983693618155058
list:
dist: 1.7045820994061593 vs. 1.7045820994061593
list:
dist: 1.8381664203269295 vs. 1.8381664203269295
list:
dist: 1.6933794518764491 vs. 1.6933794518764491
list:
dist: 2.4396489119123377 vs. 2.4396489119123377
list:
dist: 3.4420994485147265 vs. 3.4420994485147265
list:
dist: 2.503042648238398 vs. 2.503042648238398
list:
dist: 3.0167424576336894 vs. 3.0167424576336894
list:
dist: 1.1928371793973631 vs. 1.1928371793973631
list:
dist: 1.6793984477215493 vs. 1.6793984477215493
list:
dist: 0.7923521210902245 vs. 0.7923521210902245
list:
dist: 1.5507328297448886 vs. 1.5507328297448886
list:
dist: 2.4584340301115795 vs. 2.4584340301115795
list:
dist: 3.150751317333561 vs. 3.150751317333561
list:
dist: 3.1116355471387136 vs. 3.1116355471387136
list:
dist: 0.9287642067015177 vs. 0.9287642067015177
list:
dist: 2.544859265753577 vs. 2.544859265753577
list:
dist: 1.4507755981932728 vs. 1.4507755981932728
list:
dist: 0.9390578203414822 vs. 0.9390578203414822
list:
dist: 2.16389126904345 vs. 2.16389126904345
list:
dist: 1.569392839259268 vs. 1.569392839259268
list:
dist: 1.9688404152064383 vs. 1.9688404152064383
list:
dist: 1.0468355153251465 vs. 1.0468355153251465
list:
dist: 2.558571652004301 vs. 2.558571652004301
list:
dist: 1.2515741699079317 vs. 1.2515741699079317
list:
dist: 2.4584340301115795 vs. 2.4584340301115795
list:
dist: 2.1188395217722693 vs. 2.1188395217722693
list:
dist: 1.449434191746721 vs. 1.449434191746721
list:
dist: 3.1184527971443674 vs. 3.1184527971443674
list:
dist: 3.8191344091027286 vs. 3.8191344091027286
list:
dist: 2.5568468604684265 vs. 2.5568468604684265
list:
dist: 3.3845139990718387 vs. 3.3845139990718387
list:
dist: 4.905510412324523 vs. 4.905510412324523
list:
dist: 2.8928814560718266 vs. 2.8928814560718266
list:
dist: 3.0237385103323327 vs. 3.0237385103323327
list:
dist: 3.812976419864299 vs. 3.812976419864299
list:
dist: 3.3961826247020754 vs. 3.3961826247020754
list:
dist: 3.457843649302419 vs. 3.457843649302419
list:
dist: 2.7633522581980783 vs. 2.7633522581980783
list:
dist: 3.7790693807351747 vs. 3.7790693807351747
list:
dist: 2.499396193368054 vs. 2.499396193368054
list:
dist: 2.0104405236190317 vs. 2.0104405236190317
list:
dist: 2.7454201533782103 vs. 2.7454201533782103
list:
dist: 2.9702951572656584 vs. 2.9702951572656584
list:
dist: 2.4579191753484917 vs. 2.4579191753484917
list:
dist: 2.027209878354483 vs. 2.027209878354483
list:
dist: 1.5821537189219095 vs. 1.5821537189219095
list:
dist: 1.2421234674222525 vs. 1.2421234674222525
list:
dist: 1.3031638603032907 vs. 1.3031638603032907
list:
dist: 1.6725351615480637 vs. 1.6725351615480637
list:
dist: 2.31108883527188 vs. 2.31108883527188
list:
dist: 3.790695545671625 vs. 3.790695545671625
list:
dist: 3.8153932427524597 vs. 3.8153932427524597
list:
dist: 3.05907630301532 vs. 3.05907630301532
list:
dist: 2.7532463437484154 vs. 2.7532463437484154
list:
dist: 3.8191344091027286 vs. 3.8191344091027286
list:
dist: 1.4957440047561847 vs. 1.4957440047561847
list:
dist: 1.6563516422706428 vs. 1.6563516422706428
list:
dist: 2.664587265311258 vs. 2.664587265311258
list:
dist: 3.9449324990598127 vs. 3.9449324990598127
list:
dist: 0.9650602489507186 vs. 0.9650602489507186
list:
dist: 2.7417917297672414 vs. 2.7417917297672414
list:
dist: 2.9773556869644704 vs. 2.9773556869644704
list:
dist: 1.569392839259268 vs. 1.569392839259268
list:
dist: 1.6933794518764491 vs. 1.6933794518764491
list:
dist: 2.3788088352666517 vs. 2.3788088352666517
list:
dist: 3.3961826247020754 vs. 3.3961826247020754
list:
dist: 3.004712493766109 vs. 3.004712493766109
list:
dist: 3.9449324990598127 vs. 3.9449324990598127
list:
dist: 2.6275351355596204 vs. 2.6275351355596204
list:
dist: 1.5572566703973463 vs. 1.5572566703973463
list:
dist: 2.3770917120173256 vs. 2.3770917120173256
list:
dist: 0.8909295776429446 vs. 0.8909295776429446
list:
dist: 1.6826599638618878 vs. 1.6826599638618878
list:
dist: 1.7378095215193698 vs. 1.7378095215193698
list:
dist: 3.066460613660266 vs. 3.066460613660266
list:
dist: 2.3485731210945997 vs. 2.3485731210945997
list:
dist: 1.6222399994924441 vs. 1.6222399994924441
list:
dist: 1.703163358050563 vs. 1.703163358050563
list:
dist: 2.027209878354483 vs. 2.027209878354483
list:
dist: 2.6822324181645323 vs. 2.6822324181645323
list:
dist: 2.782837805179746 vs. 2.782837805179746
list:
dist: 2.572820777224274 vs. 2.572820777224274
list:
dist: 1.1657143979420805 vs. 1.1657143979420805
list:
dist: 2.572820777224274 vs. 2.572820777224274
list:
dist: 1.8308803793032613 vs. 1.8308803793032613
list:
dist: 2.019702704328735 vs. 2.019702704328735
list:
dist: 1.2881291070011498 vs. 1.2881291070011498
list:
dist: 3.56740593585599 vs. 3.56740593585599
list:
dist: 3.6239819175008128 vs. 3.6239819175008128
list:
dist: 3.5212068867394666 vs. 3.5212068867394666
list:
dist: 4.127057161041993 vs. 4.127057161041993
list:
dist: 2.3697303245906154 vs. 2.3697303245906154
list:
dist: 2.6822324181645323 vs. 2.6822324181645323
list:
dist: 3.723578673975599 vs. 3.723578673975599
list:
dist: 3.0834378824182127 vs. 3.0834378824182127
list:
dist: 2.6016303444222895 vs. 2.6016303444222895
list:
dist: 2.869477089272415 vs. 2.869477089272415
list:
dist: 1.6725351615480637 vs. 1.6725351615480637
list:
dist: 0.874440912357845 vs. 0.874440912357845
list:
dist: 2.019702704328735 vs. 2.019702704328735
list:
dist: 3.4732291101952866 vs. 3.4732291101952866
list:
dist: 3.453909921565033 vs. 3.453909921565033
list:
dist: 4.289685442931609 vs. 4.289685442931609
list:
dist: 3.150751317333561 vs. 3.150751317333561
list:
dist: 1.3774914871611712 vs. 1.3774914871611712
list:
dist: 2.4469849085461 vs. 2.4469849085461
list:
dist: 0.9152309716113013 vs. 0.9152309716113013
list:
dist: 3.1232216482224753 vs. 3.1232216482224753
list:
dist: 2.3446514293934553 vs. 2.3446514293934553
list:
dist: 1.6817029109443804 vs. 1.6817029109443804
list:
dist: 2.10537088267039 vs. 2.10537088267039
list:
dist: 1.6410415919292238 vs. 1.6410415919292238
list:
dist: 2.7633522581980783 vs. 2.7633522581980783
list:
dist: 1.6410415919292238 vs. 1.6410415919292238
list:
dist: 2.4934532755041103 vs. 2.4934532755041103
list:
dist: 1.7160974010340901 vs. 1.7160974010340901
list:
dist: 0.9070155666035822 vs. 0.9070155666035822
list:
dist: 2.072057062336451 vs. 2.072057062336451
list:
dist: 1.914279416669508 vs. 1.914279416669508
list:
dist: 2.739411291715352 vs. 2.739411291715352
list:
dist: 1.703163358050563 vs. 1.703163358050563
list:
dist: 1.0566552475616011 vs. 1.0566552475616011
list:
dist: 0.8207475125675945 vs. 0.8207475125675945
list:
dist: 1.3031638603032907 vs. 1.3031638603032907
list:
dist: 2.869477089272415 vs. 2.869477089272415
list:
dist: 3.3593305577116337 vs. 3.3593305577116337
list:
dist: 3.3219099649248625 vs. 3.3219099649248625
list:
dist: 2.8860167409122597 vs. 2.8860167409122597
list:
dist: 1.8093503950120717 vs. 1.8093503950120717
list:
dist: 1.4535074740695284 vs. 1.4535074740695284
list:
dist: 2.5568468604684265 vs. 2.5568468604684265
list:
dist: 1.4991779358066373 vs. 1.4991779358066373
list:
dist: 1.6563516422706428 vs. 1.6563516422706428
list:
dist: 2.0456988104208382 vs. 2.0456988104208382
list:
dist: 2.6275351355596204 vs. 2.6275351355596204
list:
dist: 0.9573403245252924 vs. 0.9573403245252924
list:
dist: 2.10537088267039 vs. 2.10537088267039
list:
dist: 2.9879630615853747 vs. 2.9879630615853747
list:
dist: 1.3372507331953156 vs. 1.3372507331953156
list:
dist: 1.1955017189110164 vs. 1.1955017189110164
list:
dist: 2.208619904509604 vs. 2.208619904509604
list:
dist: 1.9338867233574484 vs. 1.9338867233574484
list:
dist: 2.113115201394265 vs. 2.113115201394265
list:
dist: 1.6222399994924441 vs. 1.6222399994924441
list:
dist: 0.7620033128927594 vs. 0.7620033128927594
list:
dist: 0.8207475125675945 vs. 0.8207475125675945
list:
dist: 1.2421234674222525 vs. 1.2421234674222525
list:
dist: 2.6016303444222895 vs. 2.6016303444222895
list:
dist: 2.947330543961163 vs. 2.947330543961163
list:
dist: 3.004354382791604 vs. 3.004354382791604
list:
dist: 3.5817620283645715 vs. 3.5817620283645715
list:
dist: 2.16389126904345 vs. 2.16389126904345
list:
dist: 1.8381664203269295 vs. 1.8381664203269295
list:
dist: 2.39237937549398 vs. 2.39237937549398
list:
dist: 3.812976419864299 vs. 3.812976419864299
list:
dist: 1.7902188053876544 vs. 1.7902188053876544
list:
dist: 2.664587265311258 vs. 2.664587265311258
list:
dist: 2.0456988104208382 vs. 2.0456988104208382
list:
dist: 2.0760326904229762 vs. 2.0760326904229762
list:
dist: 3.2422487709778354 vs. 3.2422487709778354
list:
dist: 2.4794076630296957 vs. 2.4794076630296957
list:
dist: 2.773024733293991 vs. 2.773024733293991
list:
dist: 1.7378095215193698 vs. 1.7378095215193698
list:
dist: 1.9383268236151978 vs. 1.9383268236151978
list:
dist: 2.762030324775841 vs. 2.762030324775841
list:
dist: 2.113115201394265 vs. 2.113115201394265
list:
dist: 2.739411291715352 vs. 2.739411291715352
list:
dist: 2.4579191753484917 vs. 2.4579191753484917
list:
dist: 2.3697303245906154 vs. 2.3697303245906154
list:
dist: 2.001773716198419 vs. 2.001773716198419
list:
dist: 1.1657143979420805 vs. 1.1657143979420805
list:
dist: 3.1283530974447755 vs. 3.1283530974447755
list:
dist: 2.9263316374226975 vs. 2.9263316374226975
list:
dist: 1.8572773356581962 vs. 1.8572773356581962
list:
dist: 1.808562505677065 vs. 1.808562505677065
list:
dist: 3.1184527971443674 vs. 3.1184527971443674
list:
dist: 1.4957440047561847 vs. 1.4957440047561847
list:
dist: 1.4991779358066373 vs. 1.4991779358066373
list:
dist: 1.7902188053876544 vs. 1.7902188053876544
list:
dist: 3.004712493766109 vs. 3.004712493766109
list:
dist: 1.3689673168152146 vs. 1.3689673168152146
list:
dist: 3.6576507872553754 vs. 3.6576507872553754
list:
dist: 4.086036355129887 vs. 4.086036355129887
list:
dist: 3.6313555144307785 vs. 3.6313555144307785
list:
dist: 4.274417087328277 vs. 4.274417087328277
list:
dist: 2.001773716198419 vs. 2.001773716198419
list:
dist: 2.782837805179746 vs. 2.782837805179746
list:
dist: 3.0287974866053813 vs. 3.0287974866053813
list:
dist: 3.5063768815493286 vs. 3.5063768815493286
list:
dist: 2.947330543961163 vs. 2.947330543961163
list:
dist: 3.3593305577116337 vs. 3.3593305577116337
list:
dist: 2.31108883527188 vs. 2.31108883527188
list:
dist: 0.874440912357845 vs. 0.874440912357845
list:
dist: 1.2881291070011498 vs. 1.2881291070011498
list:
dist: 2.4396489119123377 vs. 2.4396489119123377
list:
dist: 2.2610073623241687 vs. 2.2610073623241687
list:
dist: 3.457843649302419 vs. 3.457843649302419
list:
dist: 1.3689673168152146 vs. 1.3689673168152146
list:
dist: 0.9650602489507186 vs. 0.9650602489507186
list:
dist: 0.9573403245252924 vs. 0.9573403245252924
list:
dist: 1.9383268236151978 vs. 1.9383268236151978
list:
dist: 3.066460613660266 vs. 3.066460613660266
list:
dist: 3.723578673975599 vs. 3.723578673975599
list:
dist: 3.0287974866053813 vs. 3.0287974866053813
list:
dist: 1.8308803793032613 vs. 1.8308803793032613
list:
dist: 1.9744632802638697 vs. 1.9744632802638697
list:
dist: 1.4652388876051046 vs. 1.4652388876051046
list:
dist: 1.4011673248022076 vs. 1.4011673248022076
list:
dist: 2.2232299769941433 vs. 2.2232299769941433
list:
dist: 2.2044858388562294 vs. 2.2044858388562294
list:
dist: 3.332524737011262 vs. 3.332524737011262
list:
dist: 2.693782637505414 vs. 2.693782637505414
list:
dist: 2.183748528655476 vs. 2.183748528655476
list:
dist: 2.5911944200423416 vs. 2.5911944200423416
list:
dist: 2.9357928162251263 vs. 2.9357928162251263
list:
dist: 2.7722922781776154 vs. 2.7722922781776154
list:
dist: 3.6839119036413237 vs. 3.6839119036413237
list:
dist: 2.2044858388562294 vs. 2.2044858388562294
list:
dist: 1.181678419039279 vs. 1.181678419039279
list:
dist: 1.8566858686130467 vs. 1.8566858686130467
list:
dist: 1.4918463105008946 vs. 1.4918463105008946
list:
dist: 2.146662329898825 vs. 2.146662329898825
list:
dist: 3.390493662364773 vs. 3.390493662364773
list:
dist: 3.1992717329672873 vs. 3.1992717329672873
list:
dist: 3.8666898231616873 vs. 3.8666898231616873
list:
dist: 1.750745383248082 vs. 1.750745383248082
list:
dist: 2.576497902914805 vs. 2.576497902914805
list:
dist: 4.00076508438775 vs. 4.00076508438775
list:
dist: 4.232308015637635 vs. 4.232308015637635
list:
dist: 2.2232299769941433 vs. 2.2232299769941433
list:
dist: 2.127394642047601 vs. 2.127394642047601
list:
dist: 2.696103837517353 vs. 2.696103837517353
list:
dist: 1.4918463105008946 vs. 1.4918463105008946
list:
dist: 2.0935981413900993 vs. 2.0935981413900993
list:
dist: 3.5526318769953833 vs. 3.5526318769953833
list:
dist: 3.4409190498969937 vs. 3.4409190498969937
list:
dist: 4.014097851297105 vs. 4.014097851297105
list:
dist: 2.7877238153115784 vs. 2.7877238153115784
list:
dist: 3.05922877139226 vs. 3.05922877139226
list:
dist: 3.654269266643683 vs. 3.654269266643683
list:
dist: 4.32663700670358 vs. 4.32663700670358
list:
dist: 2.9357928162251263 vs. 2.9357928162251263
list:
dist: 1.627591839543656 vs. 1.627591839543656
list:
dist: 1.9175196758473627 vs. 1.9175196758473627
list:
dist: 2.7877238153115784 vs. 2.7877238153115784
list:
dist: 1.750745383248082 vs. 1.750745383248082
list:
dist: 1.8635741226631126 vs. 1.8635741226631126
list:
dist: 2.544619615121061 vs. 2.544619615121061
list:
dist: 2.5731822831821263 vs. 2.5731822831821263
list:
dist: 3.247165448055186 vs. 3.247165448055186
list:
dist: 1.371667450312756 vs. 1.371667450312756
list:
dist: 3.2620835748963133 vs. 3.2620835748963133
list:
dist: 3.7133307108912375 vs. 3.7133307108912375
list:
dist: 2.690795913195975 vs. 2.690795913195975
list:
dist: 3.0689108318752765 vs. 3.0689108318752765
list:
dist: 3.1635137931315946 vs. 3.1635137931315946
list:
dist: 3.3618138448918122 vs. 3.3618138448918122
list:
dist: 4.360020764252005 vs. 4.360020764252005
list:
dist: 2.0904997602898012 vs. 2.0904997602898012
list:
dist: 2.4248167914460077 vs. 2.4248167914460077
list:
dist: 4.308999163442848 vs. 4.308999163442848
list:
dist: 3.332524737011262 vs. 3.332524737011262
list:
dist: 2.58933210897105 vs. 2.58933210897105
list:
dist: 3.0618897776446565 vs. 3.0618897776446565
list:
dist: 2.0935981413900993 vs. 2.0935981413900993
list:
dist: 2.146662329898825 vs. 2.146662329898825
list:
dist: 2.883877979144429 vs. 2.883877979144429
list:
dist: 3.1505548335868534 vs. 3.1505548335868534
list:
dist: 3.760804545184643 vs. 3.760804545184643
list:
dist: 1.8635741226631126 vs. 1.8635741226631126
list:
dist: 1.988815484983962 vs. 1.988815484983962
list:
dist: 2.579695030677569 vs. 2.579695030677569
list:
dist: 2.2723376664377914 vs. 2.2723376664377914
list:
dist: 2.493066972672333 vs. 2.493066972672333
list:
dist: 1.4652388876051046 vs. 1.4652388876051046
list:
dist: 0.6772542233654725 vs. 0.6772542233654725
list:
dist: 2.127394642047601 vs. 2.127394642047601
list:
dist: 1.181678419039279 vs. 1.181678419039279
list:
dist: 2.58933210897105 vs. 2.58933210897105
list:
dist: 2.610036243320086 vs. 2.610036243320086
list:
dist: 2.2543752685192886 vs. 2.2543752685192886
list:
dist: 2.89005975953395 vs. 2.89005975953395
list:
dist: 1.627591839543656 vs. 1.627591839543656
list:
dist: 2.047617587864275 vs. 2.047617587864275
list:
dist: 3.667642207070609 vs. 3.667642207070609
list:
dist: 3.3829610537869987 vs. 3.3829610537869987
list:
dist: 2.183748528655476 vs. 2.183748528655476
list:
dist: 2.2543752685192886 vs. 2.2543752685192886
list:
dist: 1.8966370932022767 vs. 1.8966370932022767
list:
dist: 3.4409190498969937 vs. 3.4409190498969937
list:
dist: 3.1992717329672873 vs. 3.1992717329672873
list:
dist: 3.1505548335868534 vs. 3.1505548335868534
list:
dist: 0.6893664809345126 vs. 0.6893664809345126
list:
dist: 0.6948572333872546 vs. 0.6948572333872546
list:
dist: 2.5731822831821263 vs. 2.5731822831821263
list:
dist: 1.5082620778389622 vs. 1.5082620778389622
list:
dist: 2.314199878135907 vs. 2.314199878135907
list:
dist: 3.707652169911411 vs. 3.707652169911411
list:
dist: 1.7320916271443727 vs. 1.7320916271443727
list:
dist: 1.6180298568789981 vs. 1.6180298568789981
list:
dist: 2.0207918127686626 vs. 2.0207918127686626
list:
dist: 2.3348478772333197 vs. 2.3348478772333197
list:
dist: 2.6597899058847845 vs. 2.6597899058847845
list:
dist: 2.9840320989538154 vs. 2.9840320989538154
list:
dist: 2.7576271689625744 vs. 2.7576271689625744
list:
dist: 2.4191622200149894 vs. 2.4191622200149894
list:
dist: 3.1377739519101846 vs. 3.1377739519101846
list:
dist: 2.135245077780309 vs. 2.135245077780309
list:
dist: 1.4011673248022076 vs. 1.4011673248022076
list:
dist: 0.6772542233654725 vs. 0.6772542233654725
list:
dist: 2.696103837517353 vs. 2.696103837517353
list:
dist: 1.8566858686130467 vs. 1.8566858686130467
list:
dist: 3.0618897776446565 vs. 3.0618897776446565
list:
dist: 2.377069548266723 vs. 2.377069548266723
list:
dist: 1.8966370932022767 vs. 1.8966370932022767
list:
dist: 2.4673769869086053 vs. 2.4673769869086053
list:
dist: 1.9175196758473627 vs. 1.9175196758473627
list:
dist: 2.0520490706572043 vs. 2.0520490706572043
list:
dist: 3.7011777009963347 vs. 3.7011777009963347
list:
dist: 2.7722922781776154 vs. 2.7722922781776154
list:
dist: 2.047617587864275 vs. 2.047617587864275
list:
dist: 2.0520490706572043 vs. 2.0520490706572043
list:
dist: 3.05922877139226 vs. 3.05922877139226
list:
dist: 2.576497902914805 vs. 2.576497902914805
list:
dist: 1.988815484983962 vs. 1.988815484983962
list:
dist: 1.2430045694452838 vs. 1.2430045694452838
list:
dist: 1.5082620778389622 vs. 1.5082620778389622
list:
dist: 2.1128743819751876 vs. 2.1128743819751876
list:
dist: 1.371667450312756 vs. 1.371667450312756
list:
dist: 2.1071167733400014 vs. 2.1071167733400014
list:
dist: 3.2251318303019656 vs. 3.2251318303019656
list:
dist: 2.554492902394065 vs. 2.554492902394065
list:
dist: 1.4563320013223946 vs. 1.4563320013223946
list:
dist: 3.3168004598214393 vs. 3.3168004598214393
list:
dist: 1.8511396525552515 vs. 1.8511396525552515
list:
dist: 2.0353489615506914 vs. 2.0353489615506914
list:
dist: 2.2954874902639544 vs. 2.2954874902639544
list:
dist: 3.021317070290548 vs. 3.021317070290548
list:
dist: 1.2532343467089364 vs. 1.2532343467089364
list:
dist: 1.8599464232543932 vs. 1.8599464232543932
list:
dist: 3.335732420488402 vs. 3.335732420488402
list:
dist: 2.0828454163725554 vs. 2.0828454163725554
list:
dist: 2.0207918127686626 vs. 2.0207918127686626
list:
dist: 1.3481646848514293 vs. 1.3481646848514293
list:
dist: 3.3168004598214393 vs. 3.3168004598214393
list:
dist: 2.9178424691985465 vs. 2.9178424691985465
list:
dist: 1.8322423528757843 vs. 1.8322423528757843
list:
dist: 1.6553950094888696 vs. 1.6553950094888696
list:
dist: 2.5650214138797747 vs. 2.5650214138797747
list:
dist: 3.017273955475416 vs. 3.017273955475416
list:
dist: 3.3471626950132447 vs. 3.3471626950132447
list:
dist: 3.623677147119221 vs. 3.623677147119221
list:
dist: 2.297578788584364 vs. 2.297578788584364
list:
dist: 3.7532386656028227 vs. 3.7532386656028227
list:
dist: 4.4105280590330285 vs. 4.4105280590330285
list:
dist: 2.6667912681189385 vs. 2.6667912681189385
list:
dist: 3.5570470289293508 vs. 3.5570470289293508
list:
dist: 2.9135030773730723 vs. 2.9135030773730723
list:
dist: 1.9744632802638697 vs. 1.9744632802638697
list:
dist: 2.493066972672333 vs. 2.493066972672333
list:
dist: 2.135245077780309 vs. 2.135245077780309
list:
dist: 4.041247439077286 vs. 4.041247439077286
list:
dist: 3.3829610537869987 vs. 3.3829610537869987
list:
dist: 3.631283584249663 vs. 3.631283584249663
list:
dist: 3.8924506881794234 vs. 3.8924506881794234
list:
dist: 3.707652169911411 vs. 3.707652169911411
list:
dist: 3.030558391238779 vs. 3.030558391238779
list:
dist: 3.1460948623341225 vs. 3.1460948623341225
list:
dist: 4.325829231054465 vs. 4.325829231054465
list:
dist: 1.8322423528757843 vs. 1.8322423528757843
list:
dist: 3.3823653872461024 vs. 3.3823653872461024
list:
dist: 2.5742081726559682 vs. 2.5742081726559682
list:
dist: 3.1377739519101846 vs. 3.1377739519101846
list:
dist: 3.5499147737209142 vs. 3.5499147737209142
list:
dist: 2.4248167914460077 vs. 2.4248167914460077
list:
dist: 1.8599464232543932 vs. 1.8599464232543932
list:
dist: 2.2591882341421825 vs. 2.2591882341421825
list:
dist: 1.7804777388109099 vs. 1.7804777388109099
list:
dist: 3.49939592541752 vs. 3.49939592541752
list:
dist: 2.07977684569017 vs. 2.07977684569017
list:
dist: 4.4105280590330285 vs. 4.4105280590330285
list:
dist: 1.5660464293445555 vs. 1.5660464293445555
list:
dist: 1.3836014547100641 vs. 1.3836014547100641
list:
dist: 1.3444433219647778 vs. 1.3444433219647778
list:
dist: 3.013800372540957 vs. 3.013800372540957
list:
dist: 0.869571768798813 vs. 0.869571768798813
list:
dist: 2.009133348759567 vs. 2.009133348759567
list:
dist: 4.519462456922823 vs. 4.519462456922823
list:
dist: 3.1366449341591864 vs. 3.1366449341591864
list:
dist: 2.9951749179024354 vs. 2.9951749179024354
list:
dist: 4.32663700670358 vs. 4.32663700670358
list:
dist: 4.232308015637635 vs. 4.232308015637635
list:
dist: 2.2723376664377914 vs. 2.2723376664377914
list:
dist: 3.2620835748963133 vs. 3.2620835748963133
list:
dist: 3.2251318303019656 vs. 3.2251318303019656
list:
dist: 3.282692476191969 vs. 3.282692476191969
list:
dist: 3.1958505448287693 vs. 3.1958505448287693
list:
dist: 2.984399494463714 vs. 2.984399494463714
list:
dist: 2.813202134880782 vs. 2.813202134880782
list:
dist: 4.508277592943106 vs. 4.508277592943106
list:
dist: 2.606984983613224 vs. 2.606984983613224
list:
dist: 1.7804777388109099 vs. 1.7804777388109099
list:
dist: 2.9962572501753986 vs. 2.9962572501753986
list:
dist: 2.209650745261604 vs. 2.209650745261604
list:
dist: 2.7576271689625744 vs. 2.7576271689625744
list:
dist: 2.4930100176570513 vs. 2.4930100176570513
list:
dist: 4.360020764252005 vs. 4.360020764252005
list:
dist: 3.021317070290548 vs. 3.021317070290548
list:
dist: 2.044049605317311 vs. 2.044049605317311
list:
dist: 4.508277592943106 vs. 4.508277592943106
list:
dist: 1.983897676019496 vs. 1.983897676019496
list:
dist: 1.8225819927995812 vs. 1.8225819927995812
list:
dist: 2.297578788584364 vs. 2.297578788584364
list:
dist: 1.481142648377456 vs. 1.481142648377456
list:
dist: 1.6473028111761703 vs. 1.6473028111761703
list:
dist: 1.7813691102524905 vs. 1.7813691102524905
list:
dist: 2.6261326497057143 vs. 2.6261326497057143
list:
dist: 3.013800372540957 vs. 3.013800372540957
list:
dist: 2.197762404548067 vs. 2.197762404548067
list:
dist: 1.8589508842129752 vs. 1.8589508842129752
list:
dist: 1.3672880437345414 vs. 1.3672880437345414
list:
dist: 0.9705381666850992 vs. 0.9705381666850992
list:
dist: 3.6839119036413237 vs. 3.6839119036413237
list:
dist: 3.667642207070609 vs. 3.667642207070609
list:
dist: 3.7011777009963347 vs. 3.7011777009963347
list:
dist: 3.654269266643683 vs. 3.654269266643683
list:
dist: 4.00076508438775 vs. 4.00076508438775
list:
dist: 2.579695030677569 vs. 2.579695030677569
list:
dist: 1.7236289107967426 vs. 1.7236289107967426
list:
dist: 2.314199878135907 vs. 2.314199878135907
list:
dist: 2.4744853354062326 vs. 2.4744853354062326
list:
dist: 2.1071167733400014 vs. 2.1071167733400014
list:
dist: 3.282692476191969 vs. 3.282692476191969
list:
dist: 2.9375995640808092 vs. 2.9375995640808092
list:
dist: 2.068174588036733 vs. 2.068174588036733
list:
dist: 2.9178424691985465 vs. 2.9178424691985465
list:
dist: 1.5494790165413252 vs. 1.5494790165413252
list:
dist: 1.7136256092479851 vs. 1.7136256092479851
list:
dist: 1.794474041592774 vs. 1.794474041592774
list:
dist: 2.044049605317311 vs. 2.044049605317311
list:
dist: 2.1539230780052647 vs. 2.1539230780052647
list:
dist: 2.2591882341421825 vs. 2.2591882341421825
list:
dist: 2.5216704608461793 vs. 2.5216704608461793
list:
dist: 4.041247439077286 vs. 4.041247439077286
list:
dist: 2.693782637505414 vs. 2.693782637505414
list:
dist: 2.610036243320086 vs. 2.610036243320086
list:
dist: 2.377069548266723 vs. 2.377069548266723
list:
dist: 3.5526318769953833 vs. 3.5526318769953833
list:
dist: 3.390493662364773 vs. 3.390493662364773
list:
dist: 2.883877979144429 vs. 2.883877979144429
list:
dist: 0.6893664809345126 vs. 0.6893664809345126
list:
dist: 1.0035722157616906 vs. 1.0035722157616906
list:
dist: 2.544619615121061 vs. 2.544619615121061
list:
dist: 1.2430045694452838 vs. 1.2430045694452838
list:
dist: 1.7236289107967426 vs. 1.7236289107967426
list:
dist: 3.8924506881794234 vs. 3.8924506881794234
list:
dist: 1.654924474213756 vs. 1.654924474213756
list:
dist: 1.1163059360063043 vs. 1.1163059360063043
list:
dist: 2.0828454163725554 vs. 2.0828454163725554
list:
dist: 1.6690264967213426 vs. 1.6690264967213426
list:
dist: 1.996382849294743 vs. 1.996382849294743
list:
dist: 2.311982795376509 vs. 2.311982795376509
list:
dist: 2.209650745261604 vs. 2.209650745261604
list:
dist: 1.89718947701001 vs. 1.89718947701001
list:
dist: 2.5742081726559682 vs. 2.5742081726559682
list:
dist: 1.654924474213756 vs. 1.654924474213756
list:
dist: 1.7320916271443727 vs. 1.7320916271443727
list:
dist: 1.3487848209208484 vs. 1.3487848209208484
list:
dist: 3.7133307108912375 vs. 3.7133307108912375
list:
dist: 2.554492902394065 vs. 2.554492902394065
list:
dist: 2.9375995640808092 vs. 2.9375995640808092
list:
dist: 3.1460948623341225 vs. 3.1460948623341225
list:
dist: 1.4237317647345071 vs. 1.4237317647345071
list:
dist: 1.6553950094888696 vs. 1.6553950094888696
list:
dist: 2.2078417294139445 vs. 2.2078417294139445
list:
dist: 2.501201698143418 vs. 2.501201698143418
list:
dist: 2.8285286119077453 vs. 2.8285286119077453
list:
dist: 1.983897676019496 vs. 1.983897676019496
list:
dist: 2.70879668782143 vs. 2.70879668782143
list:
dist: 3.49939592541752 vs. 3.49939592541752
list:
dist: 2.2305550374001517 vs. 2.2305550374001517
list:
dist: 2.847867966515713 vs. 2.847867966515713
list:
dist: 2.0623514395168883 vs. 2.0623514395168883
list:
dist: 2.0623514395168883 vs. 2.0623514395168883
list:
dist: 1.8751241019629616 vs. 1.8751241019629616
list:
dist: 2.9135030773730723 vs. 2.9135030773730723
list:
dist: 1.6199817685289317 vs. 1.6199817685289317
list:
dist: 1.6680421226746789 vs. 1.6680421226746789
list:
dist: 1.7797784378788952 vs. 1.7797784378788952
list:
dist: 0.9705381666850992 vs. 0.9705381666850992
list:
dist: 2.5866111080434036 vs. 2.5866111080434036
list:
dist: 2.9951749179024354 vs. 2.9951749179024354
list:
dist: 2.0286444422391177 vs. 2.0286444422391177
list:
dist: 1.591637107558436 vs. 1.591637107558436
list:
dist: 0.789698694908399 vs. 0.789698694908399
list:
dist: 4.308999163442848 vs. 4.308999163442848
list:
dist: 3.335732420488402 vs. 3.335732420488402
list:
dist: 2.5216704608461793 vs. 2.5216704608461793
list:
dist: 2.9962572501753986 vs. 2.9962572501753986
list:
dist: 1.683395822602796 vs. 1.683395822602796
list:
dist: 1.3813508366900653 vs. 1.3813508366900653
list:
dist: 1.0594899504596893 vs. 1.0594899504596893
list:
dist: 2.197762404548067 vs. 2.197762404548067
list:
dist: 2.2802240569244323 vs. 2.2802240569244323
list:
dist: 2.009133348759567 vs. 2.009133348759567
list:
dist: 1.655907766322374 vs. 1.655907766322374
list:
dist: 2.0286444422391177 vs. 2.0286444422391177
list:
dist: 1.89718947701001 vs. 1.89718947701001
list:
dist: 2.4191622200149894 vs. 2.4191622200149894
list:
dist: 2.818343746414445 vs. 2.818343746414445
list:
dist: 2.0904997602898012 vs. 2.0904997602898012
list:
dist: 1.2532343467089364 vs. 1.2532343467089364
list:
dist: 2.1539230780052647 vs. 2.1539230780052647
list:
dist: 2.606984983613224 vs. 2.606984983613224
list:
dist: 2.70879668782143 vs. 2.70879668782143
list:
dist: 1.2943793620656998 vs. 1.2943793620656998
list:
dist: 3.7532386656028227 vs. 3.7532386656028227
list:
dist: 1.1738897511513289 vs. 1.1738897511513289
list:
dist: 1.1529625924764784 vs. 1.1529625924764784
list:
dist: 1.3362114719710858 vs. 1.3362114719710858
list:
dist: 2.6261326497057143 vs. 2.6261326497057143
list:
dist: 0.869571768798813 vs. 0.869571768798813
list:
dist: 2.2802240569244323 vs. 2.2802240569244323
list:
dist: 3.9871733739476793 vs. 3.9871733739476793
list:
dist: 2.9354544634644575 vs. 2.9354544634644575
list:
dist: 2.5866111080434036 vs. 2.5866111080434036
list:
dist: 3.631283584249663 vs. 3.631283584249663
list:
dist: 2.5911944200423416 vs. 2.5911944200423416
list:
dist: 2.89005975953395 vs. 2.89005975953395
list:
dist: 2.4673769869086053 vs. 2.4673769869086053
list:
dist: 4.014097851297105 vs. 4.014097851297105
list:
dist: 3.8666898231616873 vs. 3.8666898231616873
list:
dist: 3.760804545184643 vs. 3.760804545184643
list:
dist: 1.0035722157616906 vs. 1.0035722157616906
list:
dist: 0.6948572333872546 vs. 0.6948572333872546
list:
dist: 3.247165448055186 vs. 3.247165448055186
list:
dist: 2.1128743819751876 vs. 2.1128743819751876
list:
dist: 2.4744853354062326 vs. 2.4744853354062326
list:
dist: 3.030558391238779 vs. 3.030558391238779
list:
dist: 1.3487848209208484 vs. 1.3487848209208484
list:
dist: 1.7609666930446692 vs. 1.7609666930446692
list:
dist: 1.3481646848514293 vs. 1.3481646848514293
list:
dist: 2.4670533828979906 vs. 2.4670533828979906
list:
dist: 2.8122333223050244 vs. 2.8122333223050244
list:
dist: 3.1381667976155514 vs. 3.1381667976155514
list:
dist: 2.4930100176570513 vs. 2.4930100176570513
list:
dist: 2.818343746414445 vs. 2.818343746414445
list:
dist: 3.5499147737209142 vs. 3.5499147737209142
list:
dist: 1.1163059360063043 vs. 1.1163059360063043
list:
dist: 1.6180298568789981 vs. 1.6180298568789981
list:
dist: 1.7609666930446692 vs. 1.7609666930446692
list:
dist: 2.690795913195975 vs. 2.690795913195975
list:
dist: 1.4563320013223946 vs. 1.4563320013223946
list:
dist: 2.068174588036733 vs. 2.068174588036733
list:
dist: 4.325829231054465 vs. 4.325829231054465
list:
dist: 1.4237317647345071 vs. 1.4237317647345071
list:
dist: 2.5650214138797747 vs. 2.5650214138797747
list:
dist: 1.0196247799816747 vs. 1.0196247799816747
list:
dist: 1.29273122182607 vs. 1.29273122182607
list:
dist: 1.643572785798208 vs. 1.643572785798208
list:
dist: 1.8225819927995812 vs. 1.8225819927995812
list:
dist: 1.2943793620656998 vs. 1.2943793620656998
list:
dist: 2.07977684569017 vs. 2.07977684569017
list:
dist: 2.944104535038898 vs. 2.944104535038898
list:
dist: 2.5037491557001363 vs. 2.5037491557001363
list:
dist: 1.8751241019629616 vs. 1.8751241019629616
list:
dist: 1.996382849294743 vs. 1.996382849294743
list:
dist: 2.6597899058847845 vs. 2.6597899058847845
list:
dist: 2.8122333223050244 vs. 2.8122333223050244
list:
dist: 3.1635137931315946 vs. 3.1635137931315946
list:
dist: 2.0353489615506914 vs. 2.0353489615506914
list:
dist: 1.7136256092479851 vs. 1.7136256092479851
list:
dist: 2.984399494463714 vs. 2.984399494463714
list:
dist: 2.501201698143418 vs. 2.501201698143418
list:
dist: 1.29273122182607 vs. 1.29273122182607
list:
dist: 3.3471626950132447 vs. 3.3471626950132447
list:
dist: 0.3480978494763777 vs. 0.3480978494763777
list:
dist: 0.351433439109263 vs. 0.351433439109263
list:
dist: 1.6473028111761703 vs. 1.6473028111761703
list:
dist: 1.1529625924764784 vs. 1.1529625924764784
list:
dist: 1.3836014547100641 vs. 1.3836014547100641
list:
dist: 1.3813508366900653 vs. 1.3813508366900653
list:
dist: 3.179612968582879 vs. 3.179612968582879
list:
dist: 1.8919181786710926 vs. 1.8919181786710926
list:
dist: 1.6680421226746789 vs. 1.6680421226746789
list:
dist: 2.311982795376509 vs. 2.311982795376509
list:
dist: 2.9840320989538154 vs. 2.9840320989538154
list:
dist: 3.1381667976155514 vs. 3.1381667976155514
list:
dist: 3.3618138448918122 vs. 3.3618138448918122
list:
dist: 2.2954874902639544 vs. 2.2954874902639544
list:
dist: 1.794474041592774 vs. 1.794474041592774
list:
dist: 2.813202134880782 vs. 2.813202134880782
list:
dist: 2.8285286119077453 vs. 2.8285286119077453
list:
dist: 1.643572785798208 vs. 1.643572785798208
list:
dist: 3.623677147119221 vs. 3.623677147119221
list:
dist: 0.6764868862325033 vs. 0.6764868862325033
list:
dist: 0.351433439109263 vs. 0.351433439109263
list:
dist: 1.7813691102524905 vs. 1.7813691102524905
list:
dist: 1.3362114719710858 vs. 1.3362114719710858
list:
dist: 1.3444433219647778 vs. 1.3444433219647778
list:
dist: 1.0594899504596893 vs. 1.0594899504596893
list:
dist: 3.3332283746499454 vs. 3.3332283746499454
list:
dist: 1.8528067642785624 vs. 1.8528067642785624
list:
dist: 1.7797784378788952 vs. 1.7797784378788952
list:
dist: 3.3823653872461024 vs. 3.3823653872461024
list:
dist: 2.2305550374001517 vs. 2.2305550374001517
list:
dist: 2.944104535038898 vs. 2.944104535038898
list:
dist: 2.6667912681189385 vs. 2.6667912681189385
list:
dist: 3.041359381930322 vs. 3.041359381930322
list:
dist: 3.179612968582879 vs. 3.179612968582879
list:
dist: 3.3332283746499454 vs. 3.3332283746499454
list:
dist: 1.8589508842129752 vs. 1.8589508842129752
list:
dist: 3.9871733739476793 vs. 3.9871733739476793
list:
dist: 4.519462456922823 vs. 4.519462456922823
list:
dist: 1.9749968306367074 vs. 1.9749968306367074
list:
dist: 1.591637107558436 vs. 1.591637107558436
list:
dist: 1.6690264967213426 vs. 1.6690264967213426
list:
dist: 2.3348478772333197 vs. 2.3348478772333197
list:
dist: 2.4670533828979906 vs. 2.4670533828979906
list:
dist: 3.0689108318752765 vs. 3.0689108318752765
list:
dist: 1.8511396525552515 vs. 1.8511396525552515
list:
dist: 1.5494790165413252 vs. 1.5494790165413252
list:
dist: 3.1958505448287693 vs. 3.1958505448287693
list:
dist: 2.2078417294139445 vs. 2.2078417294139445
list:
dist: 1.0196247799816747 vs. 1.0196247799816747
list:
dist: 3.017273955475416 vs. 3.017273955475416
list:
dist: 0.3480978494763777 vs. 0.3480978494763777
list:
dist: 0.6764868862325033 vs. 0.6764868862325033
list:
dist: 1.481142648377456 vs. 1.481142648377456
list:
dist: 1.1738897511513289 vs. 1.1738897511513289
list:
dist: 1.5660464293445555 vs. 1.5660464293445555
list:
dist: 1.683395822602796 vs. 1.683395822602796
list:
dist: 3.041359381930322 vs. 3.041359381930322
list:
dist: 1.9674206206641065 vs. 1.9674206206641065
list:
dist: 1.6199817685289317 vs. 1.6199817685289317
list:
dist: 2.847867966515713 vs. 2.847867966515713
list:
dist: 2.5037491557001363 vs. 2.5037491557001363
list:
dist: 3.5570470289293508 vs. 3.5570470289293508
list:
dist: 1.9674206206641065 vs. 1.9674206206641065
list:
dist: 1.8919181786710926 vs. 1.8919181786710926
list:
dist: 1.8528067642785624 vs. 1.8528067642785624
list:
dist: 1.3672880437345414 vs. 1.3672880437345414
list:
dist: 2.9354544634644575 vs. 2.9354544634644575
list:
dist: 3.1366449341591864 vs. 3.1366449341591864
list:
dist: 1.655907766322374 vs. 1.655907766322374
list:
dist: 1.9749968306367074 vs. 1.9749968306367074
list:
dist: 0.789698694908399 vs. 0.789698694908399
list:
dist: 1.1676210887128968 vs. 1.1676210887128968
list:
dist: 2.159696989232687 vs. 2.159696989232687
list:
dist: 0.5766943117443113 vs. 0.5766943117443113
list:
dist: 2.541260300700217 vs. 2.541260300700217
list:
dist: 3.3374327737488807 vs. 3.3374327737488807
list:
dist: 3.5250982325215743 vs. 3.5250982325215743
list:
dist: 2.5550689858561286 vs. 2.5550689858561286
list:
dist: 1.981008563575648 vs. 1.981008563575648
list:
dist: 3.7561747657439417 vs. 3.7561747657439417
list:
dist: 3.3187840296959616 vs. 3.3187840296959616
list:
dist: 1.6566367839399359 vs. 1.6566367839399359
list:
dist: 1.5851370842594377 vs. 1.5851370842594377
list:
dist: 2.541260300700217 vs. 2.541260300700217
list:
dist: 2.069266442435811 vs. 2.069266442435811
list:
dist: 1.3291085315355726 vs. 1.3291085315355726
list:
dist: 1.9221078797297 vs. 1.9221078797297
list:
dist: 1.4567973943763346 vs. 1.4567973943763346
list:
dist: 1.1599645063138628 vs. 1.1599645063138628
list:
dist: 3.5985022519510186 vs. 3.5985022519510186
list:
dist: 1.7208066604530312 vs. 1.7208066604530312
list:
dist: 1.6482604517193213 vs. 1.6482604517193213
list:
dist: 3.491958464490292 vs. 3.491958464490292
list:
dist: 2.6853966009485233 vs. 2.6853966009485233
list:
dist: 3.335546496651544 vs. 3.335546496651544
list:
dist: 2.4538354362156922 vs. 2.4538354362156922
list:
dist: 4.011317858224677 vs. 4.011317858224677
list:
dist: 2.4538354362156922 vs. 2.4538354362156922
list:
dist: 2.536524791729497 vs. 2.536524791729497
list:
dist: 1.3490129882582673 vs. 1.3490129882582673
list:
dist: 1.6752448687188148 vs. 1.6752448687188148
list:
dist: 2.1660451605113984 vs. 2.1660451605113984
list:
dist: 2.16263941191675 vs. 2.16263941191675
list:
dist: 2.7863758510966425 vs. 2.7863758510966425
list:
dist: 2.3758666070839656 vs. 2.3758666070839656
list:
dist: 1.1652319303721543 vs. 1.1652319303721543
list:
dist: 2.0517319774003275 vs. 2.0517319774003275
list:
dist: 0.6624616637676799 vs. 0.6624616637676799
list:
dist: 1.5471370710589547 vs. 1.5471370710589547
list:
dist: 1.57697111364083 vs. 1.57697111364083
list:
dist: 2.186904267315157 vs. 2.186904267315157
list:
dist: 2.120523059756748 vs. 2.120523059756748
list:
dist: 2.583548208124004 vs. 2.583548208124004
list:
dist: 2.780353654377489 vs. 2.780353654377489
list:
dist: 1.6075832329280797 vs. 1.6075832329280797
list:
dist: 2.4100500257160467 vs. 2.4100500257160467
list:
dist: 1.8740430223431717 vs. 1.8740430223431717
list:
dist: 3.2018357255465273 vs. 3.2018357255465273
list:
dist: 1.1484824661408775 vs. 1.1484824661408775
list:
dist: 2.159696989232687 vs. 2.159696989232687
list:
dist: 2.006076236899614 vs. 2.006076236899614
list:
dist: 1.5851370842594377 vs. 1.5851370842594377
list:
dist: 1.520783961864607 vs. 1.520783961864607
list:
dist: 2.3810254347602253 vs. 2.3810254347602253
list:
dist: 2.548993389846682 vs. 2.548993389846682
list:
dist: 1.6170318621638964 vs. 1.6170318621638964
list:
dist: 4.2064435130561595 vs. 4.2064435130561595
list:
dist: 1.5369228435200744 vs. 1.5369228435200744
list:
dist: 1.6170318621638964 vs. 1.6170318621638964
list:
dist: 1.981008563575648 vs. 1.981008563575648
list:
dist: 1.656338824563231 vs. 1.656338824563231
list:
dist: 1.1599645063138628 vs. 1.1599645063138628
list:
dist: 1.7833937869066252 vs. 1.7833937869066252
list:
dist: 1.6084803304823265 vs. 1.6084803304823265
list:
dist: 1.0105870201462919 vs. 1.0105870201462919
list:
dist: 2.688173104501627 vs. 2.688173104501627
list:
dist: 2.721356758207325 vs. 2.721356758207325
list:
dist: 2.450241488039022 vs. 2.450241488039022
list:
dist: 1.897687976478189 vs. 1.897687976478189
list:
dist: 3.6575865768999978 vs. 3.6575865768999978
list:
dist: 2.50843819080338 vs. 2.50843819080338
list:
dist: 2.8687190905984283 vs. 2.8687190905984283
list:
dist: 2.1660451605113984 vs. 2.1660451605113984
list:
dist: 3.6061246174467625 vs. 3.6061246174467625
list:
dist: 2.9819822782368988 vs. 2.9819822782368988
list:
dist: 3.3187840296959616 vs. 3.3187840296959616
list:
dist: 3.034337448520338 vs. 3.034337448520338
list:
dist: 1.9418579740967683 vs. 1.9418579740967683
list:
dist: 2.721356758207325 vs. 2.721356758207325
list:
dist: 1.831504414584291 vs. 1.831504414584291
list:
dist: 2.538767669610157 vs. 2.538767669610157
list:
dist: 1.754450492265687 vs. 1.754450492265687
list:
dist: 2.7863758510966425 vs. 2.7863758510966425
list:
dist: 3.2347274255619993 vs. 3.2347274255619993
list:
dist: 1.1482981228094997 vs. 1.1482981228094997
list:
dist: 2.8669815991415994 vs. 2.8669815991415994
list:
dist: 1.1040034509770504 vs. 1.1040034509770504
list:
dist: 1.742801377216046 vs. 1.742801377216046
list:
dist: 1.768654749848037 vs. 1.768654749848037
list:
dist: 2.7428997061142217 vs. 2.7428997061142217
list:
dist: 0.891874627797286 vs. 0.891874627797286
list:
dist: 0.4480017323309111 vs. 0.4480017323309111
list:
dist: 1.3714921243391032 vs. 1.3714921243391032
list:
dist: 1.1612967562656766 vs. 1.1612967562656766
list:
dist: 1.20685376691244 vs. 1.20685376691244
list:
dist: 1.1987836308452446 vs. 1.1987836308452446
list:
dist: 0.976156575515716 vs. 0.976156575515716
list:
dist: 2.0304008214090623 vs. 2.0304008214090623
list:
dist: 1.1567336428895927 vs. 1.1567336428895927
list:
dist: 1.0425681670565174 vs. 1.0425681670565174
list:
dist: 1.385424352139289 vs. 1.385424352139289
list:
dist: 2.667373865732846 vs. 2.667373865732846
list:
dist: 2.694080400759627 vs. 2.694080400759627
list:
dist: 2.413654924257484 vs. 2.413654924257484
list:
dist: 3.7543773792289348 vs. 3.7543773792289348
list:
dist: 2.6627330461139698 vs. 2.6627330461139698
list:
dist: 1.9177910520139803 vs. 1.9177910520139803
list:
dist: 1.9152147670968895 vs. 1.9152147670968895
list:
dist: 1.9421269174515345 vs. 1.9421269174515345
list:
dist: 2.244289638873309 vs. 2.244289638873309
list:
dist: 2.3144456026021025 vs. 2.3144456026021025
list:
dist: 2.5775946515219603 vs. 2.5775946515219603
list:
dist: 3.090357757577387 vs. 3.090357757577387
list:
dist: 2.12489663521516 vs. 2.12489663521516
list:
dist: 2.423108243540763 vs. 2.423108243540763
list:
dist: 3.0666275682268567 vs. 3.0666275682268567
list:
dist: 1.6482604517193213 vs. 1.6482604517193213
list:
dist: 2.0864981897356887 vs. 2.0864981897356887
list:
dist: 1.6327711468303523 vs. 1.6327711468303523
list:
dist: 1.3225804537686872 vs. 1.3225804537686872
list:
dist: 1.897687976478189 vs. 1.897687976478189
list:
dist: 2.905809397906741 vs. 2.905809397906741
list:
dist: 1.7305191924547636 vs. 1.7305191924547636
list:
dist: 2.3790594965251723 vs. 2.3790594965251723
list:
dist: 1.1638499365649881 vs. 1.1638499365649881
list:
dist: 2.0928928245734566 vs. 2.0928928245734566
list:
dist: 1.1652319303721543 vs. 1.1652319303721543
list:
dist: 2.569027150300809 vs. 2.569027150300809
list:
dist: 3.799205454553693 vs. 3.799205454553693
list:
dist: 2.1676254504691306 vs. 2.1676254504691306
list:
dist: 2.5169668032045203 vs. 2.5169668032045203
list:
dist: 3.2189004463244606 vs. 3.2189004463244606
list:
dist: 1.8053763702955608 vs. 1.8053763702955608
list:
dist: 3.1847423782640933 vs. 3.1847423782640933
list:
dist: 2.5796014433322036 vs. 2.5796014433322036
list:
dist: 1.9381832084459742 vs. 1.9381832084459742
list:
dist: 3.6121631645152585 vs. 3.6121631645152585
list:
dist: 2.006361612649911 vs. 2.006361612649911
list:
dist: 1.6152274676433707 vs. 1.6152274676433707
list:
dist: 1.9152147670968895 vs. 1.9152147670968895
list:
dist: 2.2519412282016273 vs. 2.2519412282016273
list:
dist: 1.2490722992891434 vs. 1.2490722992891434
list:
dist: 1.814209720637812 vs. 1.814209720637812
list:
dist: 2.750738444136799 vs. 2.750738444136799
list:
dist: 2.69456740402068 vs. 2.69456740402068
list:
dist: 3.041543652243826 vs. 3.041543652243826
list:
dist: 2.3908035505267473 vs. 2.3908035505267473
list:
dist: 1.9084867501722163 vs. 1.9084867501722163
list:
dist: 1.1364203725165059 vs. 1.1364203725165059
list:
dist: 2.3467228244142433 vs. 2.3467228244142433
list:
dist: 2.984219396378226 vs. 2.984219396378226
list:
dist: 2.7557579303976336 vs. 2.7557579303976336
list:
dist: 3.5302051278327715 vs. 3.5302051278327715
list:
dist: 1.4885431951118548 vs. 1.4885431951118548
list:
dist: 0.8983856548790088 vs. 0.8983856548790088
list:
dist: 1.5818824404756224 vs. 1.5818824404756224
list:
dist: 1.4987441503856243 vs. 1.4987441503856243
list:
dist: 2.201134258062842 vs. 2.201134258062842
list:
dist: 1.573770205044621 vs. 1.573770205044621
list:
dist: 1.6163473370286425 vs. 1.6163473370286425
list:
dist: 0.5577694472494591 vs. 0.5577694472494591
list:
dist: 1.7727258216904211 vs. 1.7727258216904211
list:
dist: 2.5728732038854076 vs. 2.5728732038854076
list:
dist: 0.9315258902575092 vs. 0.9315258902575092
list:
dist: 2.006076236899614 vs. 2.006076236899614
list:
dist: 0.5766943117443113 vs. 0.5766943117443113
list:
dist: 2.069266442435811 vs. 2.069266442435811
list:
dist: 3.0180822597256802 vs. 3.0180822597256802
list:
dist: 3.2528693388852323 vs. 3.2528693388852323
list:
dist: 2.133135325854905 vs. 2.133135325854905
list:
dist: 1.656338824563231 vs. 1.656338824563231
list:
dist: 3.616099187681626 vs. 3.616099187681626
list:
dist: 3.034337448520338 vs. 3.034337448520338
list:
dist: 2.4676680375257902 vs. 2.4676680375257902
list:
dist: 1.8053763702955608 vs. 1.8053763702955608
list:
dist: 1.2614360406842426 vs. 1.2614360406842426
list:
dist: 1.4788240779645276 vs. 1.4788240779645276
list:
dist: 2.502557585362439 vs. 2.502557585362439
list:
dist: 1.6075832329280797 vs. 1.6075832329280797
list:
dist: 1.9271020807783548 vs. 1.9271020807783548
list:
dist: 2.7909248004888814 vs. 2.7909248004888814
list:
dist: 0.5870160402389404 vs. 0.5870160402389404
list:
dist: 1.1384720232089245 vs. 1.1384720232089245
list:
dist: 1.5242302865453332 vs. 1.5242302865453332
list:
dist: 2.278668086960081 vs. 2.278668086960081
list:
dist: 1.960908097762305 vs. 1.960908097762305
list:
dist: 2.7383511745097446 vs. 2.7383511745097446
list:
dist: 1.796396730822418 vs. 1.796396730822418
list:
dist: 3.2018357255465273 vs. 3.2018357255465273
list:
dist: 2.2552759878427375 vs. 2.2552759878427375
list:
dist: 1.7527371726206542 vs. 1.7527371726206542
list:
dist: 1.80483981486499 vs. 1.80483981486499
list:
dist: 1.7280626104929524 vs. 1.7280626104929524
list:
dist: 2.6853966009485233 vs. 2.6853966009485233
list:
dist: 2.988396718222398 vs. 2.988396718222398
list:
dist: 1.9654172689080607 vs. 1.9654172689080607
list:
dist: 1.7728299030037713 vs. 1.7728299030037713
list:
dist: 2.50843819080338 vs. 2.50843819080338
list:
dist: 2.2310188055613245 vs. 2.2310188055613245
list:
dist: 2.538767669610157 vs. 2.538767669610157
list:
dist: 2.675880993281889 vs. 2.675880993281889
list:
dist: 1.1638499365649881 vs. 1.1638499365649881
list:
dist: 2.3114672887403405 vs. 2.3114672887403405
list:
dist: 1.1598221435669185 vs. 1.1598221435669185
list:
dist: 0.6624616637676799 vs. 0.6624616637676799
list:
dist: 1.4522387606943785 vs. 1.4522387606943785
list:
dist: 1.8766314656185477 vs. 1.8766314656185477
list:
dist: 1.8574990449994115 vs. 1.8574990449994115
list:
dist: 2.5588493537918553 vs. 2.5588493537918553
list:
dist: 2.5133921057197806 vs. 2.5133921057197806
list:
dist: 1.4788240779645276 vs. 1.4788240779645276
list:
dist: 2.0600854232424703 vs. 2.0600854232424703
list:
dist: 1.4475683675923687 vs. 1.4475683675923687
list:
dist: 2.7383511745097446 vs. 2.7383511745097446
list:
dist: 3.959485279258416 vs. 3.959485279258416
list:
dist: 3.2189004463244606 vs. 3.2189004463244606
list:
dist: 2.226076054736904 vs. 2.226076054736904
list:
dist: 2.5133921057197806 vs. 2.5133921057197806
list:
dist: 3.0931967380150556 vs. 3.0931967380150556
list:
dist: 2.780353654377489 vs. 2.780353654377489
list:
dist: 2.0824557934227865 vs. 2.0824557934227865
list:
dist: 3.3934880947201704 vs. 3.3934880947201704
list:
dist: 1.267721826015857 vs. 1.267721826015857
list:
dist: 1.90927686138623 vs. 1.90927686138623
list:
dist: 1.5242302865453332 vs. 1.5242302865453332
list:
dist: 1.8008575744450845 vs. 1.8008575744450845
list:
dist: 1.9438125302069118 vs. 1.9438125302069118
list:
dist: 3.9900298129523186 vs. 3.9900298129523186
list:
dist: 2.5796014433322036 vs. 2.5796014433322036
list:
dist: 2.904720445957442 vs. 2.904720445957442
list:
dist: 1.4475683675923687 vs. 1.4475683675923687
list:
dist: 1.3080927428143214 vs. 1.3080927428143214
list:
dist: 1.8740430223431717 vs. 1.8740430223431717
list:
dist: 0.8106712786475874 vs. 0.8106712786475874
list:
dist: 1.9683928859293205 vs. 1.9683928859293205
list:
dist: 2.0928293721255287 vs. 2.0928293721255287
list:
dist: 3.0403675333441833 vs. 3.0403675333441833
list:
dist: 1.9438125302069118 vs. 1.9438125302069118
list:
dist: 1.960908097762305 vs. 1.960908097762305
list:
dist: 0.6603410866306659 vs. 0.6603410866306659
list:
dist: 1.7280626104929524 vs. 1.7280626104929524
list:
dist: 4.014319453208948 vs. 4.014319453208948
list:
dist: 4.2064435130561595 vs. 4.2064435130561595
list:
dist: 3.7561747657439417 vs. 3.7561747657439417
list:
dist: 3.616099187681626 vs. 3.616099187681626
list:
dist: 3.5985022519510186 vs. 3.5985022519510186
list:
dist: 4.021361683966325 vs. 4.021361683966325
list:
dist: 2.794747306835543 vs. 2.794747306835543
list:
dist: 2.2390686214258926 vs. 2.2390686214258926
list:
dist: 2.688173104501627 vs. 2.688173104501627
list:
dist: 1.831504414584291 vs. 1.831504414584291
list:
dist: 4.289018827244313 vs. 4.289018827244313
list:
dist: 2.905809397906741 vs. 2.905809397906741
list:
dist: 4.073220131467679 vs. 4.073220131467679
list:
dist: 2.2310188055613245 vs. 2.2310188055613245
list:
dist: 1.5002308319696314 vs. 1.5002308319696314
list:
dist: 2.16263941191675 vs. 2.16263941191675
list:
dist: 2.243318059076934 vs. 2.243318059076934
list:
dist: 1.2707927697009525 vs. 1.2707927697009525
list:
dist: 1.1484824661408775 vs. 1.1484824661408775
list:
dist: 1.1676210887128968 vs. 1.1676210887128968
list:
dist: 0.9315258902575092 vs. 0.9315258902575092
list:
dist: 1.6566367839399359 vs. 1.6566367839399359
list:
dist: 2.3523218499501652 vs. 2.3523218499501652
list:
dist: 2.932252710779884 vs. 2.932252710779884
list:
dist: 2.2970613212930258 vs. 2.2970613212930258
list:
dist: 1.5369228435200744 vs. 1.5369228435200744
list:
dist: 4.014319453208948 vs. 4.014319453208948
list:
dist: 2.932252710779884 vs. 2.932252710779884
list:
dist: 2.3810254347602253 vs. 2.3810254347602253
list:
dist: 3.5250982325215743 vs. 3.5250982325215743
list:
dist: 3.2528693388852323 vs. 3.2528693388852323
list:
dist: 1.9221078797297 vs. 1.9221078797297
list:
dist: 1.461084145806424 vs. 1.461084145806424
list:
dist: 1.8402388421982776 vs. 1.8402388421982776
list:
dist: 1.6084803304823265 vs. 1.6084803304823265
list:
dist: 2.794747306835543 vs. 2.794747306835543
list:
dist: 1.792113863164664 vs. 1.792113863164664
list:
dist: 1.6327711468303523 vs. 1.6327711468303523
list:
dist: 2.2119445566356903 vs. 2.2119445566356903
list:
dist: 1.9654172689080607 vs. 1.9654172689080607
list:
dist: 2.7465465301892507 vs. 2.7465465301892507
list:
dist: 1.3490129882582673 vs. 1.3490129882582673
list:
dist: 2.7418183819772657 vs. 2.7418183819772657
list:
dist: 2.4359273788961766 vs. 2.4359273788961766
list:
dist: 2.5169668032045203 vs. 2.5169668032045203
list:
dist: 1.1876565160810477 vs. 1.1876565160810477
list:
dist: 2.5588493537918553 vs. 2.5588493537918553
list:
dist: 3.6294521760144276 vs. 3.6294521760144276
list:
dist: 2.583548208124004 vs. 2.583548208124004
list:
dist: 2.9837266209465283 vs. 2.9837266209465283
list:
dist: 1.7468766049218512 vs. 1.7468766049218512
list:
dist: 1.069050410580555 vs. 1.069050410580555
list:
dist: 1.90927686138623 vs. 1.90927686138623
list:
dist: 1.1384720232089245 vs. 1.1384720232089245
list:
dist: 3.253640181058441 vs. 3.253640181058441
list:
dist: 3.0403675333441833 vs. 3.0403675333441833
list:
dist: 2.1492770462569446 vs. 2.1492770462569446
list:
dist: 2.9819822782368988 vs. 2.9819822782368988
list:
dist: 1.2707927697009525 vs. 1.2707927697009525
list:
dist: 1.1482981228094997 vs. 1.1482981228094997
list:
dist: 1.8766314656185477 vs. 1.8766314656185477
list:
dist: 0.7839858543493755 vs. 0.7839858543493755
list:
dist: 2.186904267315157 vs. 2.186904267315157
list:
dist: 2.17780564340535 vs. 2.17780564340535
list:
dist: 2.478928098299539 vs. 2.478928098299539
list:
dist: 1.9683928859293205 vs. 1.9683928859293205
list:
dist: 1.7527371726206542 vs. 1.7527371726206542
list:
dist: 3.335546496651544 vs. 3.335546496651544
list:
dist: 3.8628952311439058 vs. 3.8628952311439058
list:
dist: 2.7465465301892507 vs. 2.7465465301892507
list:
dist: 2.020856957283963 vs. 2.020856957283963
list:
dist: 2.8687190905984283 vs. 2.8687190905984283
list:
dist: 1.5002308319696314 vs. 1.5002308319696314
list:
dist: 1.754450492265687 vs. 1.754450492265687
list:
dist: 3.7363620852843185 vs. 3.7363620852843185
list:
dist: 2.0928928245734566 vs. 2.0928928245734566
list:
dist: 3.3702016596794433 vs. 3.3702016596794433
list:
dist: 1.1598221435669185 vs. 1.1598221435669185
list:
dist: 1.5471370710589547 vs. 1.5471370710589547
list:
dist: 1.510890988337308 vs. 1.510890988337308
list:
dist: 0.7839858543493755 vs. 0.7839858543493755
list:
dist: 2.776000978555941 vs. 2.776000978555941
list:
dist: 3.6294521760144276 vs. 3.6294521760144276
list:
dist: 3.0931967380150556 vs. 3.0931967380150556
list:
dist: 2.502557585362439 vs. 2.502557585362439
list:
dist: 1.9002584080923728 vs. 1.9002584080923728
list:
dist: 1.3080927428143214 vs. 1.3080927428143214
list:
dist: 1.796396730822418 vs. 1.796396730822418
list:
dist: 2.8200728065662592 vs. 2.8200728065662592
list:
dist: 2.1676254504691306 vs. 2.1676254504691306
list:
dist: 1.6573293297779281 vs. 1.6573293297779281
list:
dist: 1.8574990449994115 vs. 1.8574990449994115
list:
dist: 2.776000978555941 vs. 2.776000978555941
list:
dist: 2.120523059756748 vs. 2.120523059756748
list:
dist: 2.238749688597436 vs. 2.238749688597436
list:
dist: 2.813461567022058 vs. 2.813461567022058
list:
dist: 1.069050410580555 vs. 1.069050410580555
list:
dist: 1.267721826015857 vs. 1.267721826015857
list:
dist: 0.5870160402389404 vs. 0.5870160402389404
list:
dist: 2.3430234650902575 vs. 2.3430234650902575
list:
dist: 2.0928293721255287 vs. 2.0928293721255287
list:
dist: 2.856593009230315 vs. 2.856593009230315
list:
dist: 3.799205454553693 vs. 3.799205454553693
list:
dist: 2.0223360515302566 vs. 2.0223360515302566
list:
dist: 2.813461567022058 vs. 2.813461567022058
list:
dist: 1.7468766049218512 vs. 1.7468766049218512
list:
dist: 3.3934880947201704 vs. 3.3934880947201704
list:
dist: 2.7909248004888814 vs. 2.7909248004888814
list:
dist: 2.070697685890215 vs. 2.070697685890215
list:
dist: 2.9973012955551592 vs. 2.9973012955551592
list:
dist: 1.9741200583570204 vs. 1.9741200583570204
list:
dist: 1.2115620288343854 vs. 1.2115620288343854
list:
dist: 1.385424352139289 vs. 1.385424352139289
list:
dist: 2.3545346913451284 vs. 2.3545346913451284
list:
dist: 1.0633786776650167 vs. 1.0633786776650167
list:
dist: 1.3806428010069491 vs. 1.3806428010069491
list:
dist: 2.5303935416998566 vs. 2.5303935416998566
list:
dist: 2.3299635185991194 vs. 2.3299635185991194
list:
dist: 2.6211139705753297 vs. 2.6211139705753297
list:
dist: 1.8140707577330395 vs. 1.8140707577330395
list:
dist: 0.9241191934316049 vs. 0.9241191934316049
list:
dist: 1.7919229663847922 vs. 1.7919229663847922
list:
dist: 2.354278288442879 vs. 2.354278288442879
list:
dist: 2.4817949109941537 vs. 2.4817949109941537
list:
dist: 2.4835599632642733 vs. 2.4835599632642733
list:
dist: 1.7833292547183583 vs. 1.7833292547183583
list:
dist: 1.1364203725165059 vs. 1.1364203725165059
list:
dist: 2.193820389559347 vs. 2.193820389559347
list:
dist: 1.8918182299581565 vs. 1.8918182299581565
list:
dist: 2.4637989172092114 vs. 2.4637989172092114
list:
dist: 2.229080478366595 vs. 2.229080478366595
list:
dist: 1.9667071781681162 vs. 1.9667071781681162
list:
dist: 1.1926516123005224 vs. 1.1926516123005224
list:
dist: 1.8063468333304493 vs. 1.8063468333304493
list:
dist: 2.358948874639989 vs. 2.358948874639989
list:
dist: 2.2970613212930258 vs. 2.2970613212930258
list:
dist: 2.548993389846682 vs. 2.548993389846682
list:
dist: 2.5550689858561286 vs. 2.5550689858561286
list:
dist: 2.133135325854905 vs. 2.133135325854905
list:
dist: 1.4567973943763346 vs. 1.4567973943763346
list:
dist: 2.3320955682834215 vs. 2.3320955682834215
list:
dist: 1.8402388421982776 vs. 1.8402388421982776
list:
dist: 1.0105870201462919 vs. 1.0105870201462919
list:
dist: 2.2390686214258926 vs. 2.2390686214258926
list:
dist: 1.9418579740967683 vs. 1.9418579740967683
list:
dist: 2.57432160238649 vs. 2.57432160238649
list:
dist: 1.3225804537686872 vs. 1.3225804537686872
list:
dist: 3.4622156453518818 vs. 3.4622156453518818
list:
dist: 1.7728299030037713 vs. 1.7728299030037713
list:
dist: 2.020856957283963 vs. 2.020856957283963
list:
dist: 1.6752448687188148 vs. 1.6752448687188148
list:
dist: 3.0003116447035163 vs. 3.0003116447035163
list:
dist: 2.1492770462569446 vs. 2.1492770462569446
list:
dist: 1.7208066604530312 vs. 1.7208066604530312
list:
dist: 1.1162037516941394 vs. 1.1162037516941394
list:
dist: 1.792113863164664 vs. 1.792113863164664
list:
dist: 2.57432160238649 vs. 2.57432160238649
list:
dist: 2.450241488039022 vs. 2.450241488039022
list:
dist: 4.289018827244313 vs. 4.289018827244313
list:
dist: 1.7305191924547636 vs. 1.7305191924547636
list:
dist: 2.218326908605477 vs. 2.218326908605477
list:
dist: 2.675880993281889 vs. 2.675880993281889
list:
dist: 3.7363620852843185 vs. 3.7363620852843185
list:
dist: 2.3758666070839656 vs. 2.3758666070839656
list:
dist: 3.788057722709062 vs. 3.788057722709062
list:
dist: 2.856593009230315 vs. 2.856593009230315
list:
dist: 2.8200728065662592 vs. 2.8200728065662592
list:
dist: 2.4359273788961766 vs. 2.4359273788961766
list:
dist: 3.959485279258416 vs. 3.959485279258416
list:
dist: 2.4676680375257902 vs. 2.4676680375257902
list:
dist: 4.486320077013 vs. 4.486320077013
list:
dist: 3.9900298129523186 vs. 3.9900298129523186
list:
dist: 4.011317858224677 vs. 4.011317858224677
list:
dist: 4.058528121334089 vs. 4.058528121334089
list:
dist: 2.7418183819772657 vs. 2.7418183819772657
list:
dist: 3.0003116447035163 vs. 3.0003116447035163
list:
dist: 3.6061246174467625 vs. 3.6061246174467625
list:
dist: 2.243318059076934 vs. 2.243318059076934
list:
dist: 3.2347274255619993 vs. 3.2347274255619993
list:
dist: 3.788057722709062 vs. 3.788057722709062
list:
dist: 2.569027150300809 vs. 2.569027150300809
list:
dist: 2.5386181055148205 vs. 2.5386181055148205
list:
dist: 1.4522387606943785 vs. 1.4522387606943785
list:
dist: 1.510890988337308 vs. 1.510890988337308
list:
dist: 1.57697111364083 vs. 1.57697111364083
list:
dist: 2.17780564340535 vs. 2.17780564340535
list:
dist: 2.238749688597436 vs. 2.238749688597436
list:
dist: 2.9837266209465283 vs. 2.9837266209465283
list:
dist: 2.0824557934227865 vs. 2.0824557934227865
list:
dist: 1.9271020807783548 vs. 1.9271020807783548
list:
dist: 1.0049086277603492 vs. 1.0049086277603492
list:
dist: 0.8106712786475874 vs. 0.8106712786475874
list:
dist: 2.2552759878427375 vs. 2.2552759878427375
list:
dist: 2.3523218499501652 vs. 2.3523218499501652
list:
dist: 1.520783961864607 vs. 1.520783961864607
list:
dist: 3.3374327737488807 vs. 3.3374327737488807
list:
dist: 3.0180822597256802 vs. 3.0180822597256802
list:
dist: 1.3291085315355726 vs. 1.3291085315355726
list:
dist: 1.461084145806424 vs. 1.461084145806424
list:
dist: 2.3320955682834215 vs. 2.3320955682834215
list:
dist: 1.7833937869066252 vs. 1.7833937869066252
list:
dist: 4.021361683966325 vs. 4.021361683966325
list:
dist: 1.1162037516941394 vs. 1.1162037516941394
list:
dist: 2.0864981897356887 vs. 2.0864981897356887
list:
dist: 2.871843227697905 vs. 2.871843227697905
list:
dist: 2.988396718222398 vs. 2.988396718222398
list:
dist: 3.8628952311439058 vs. 3.8628952311439058
list:
dist: 2.536524791729497 vs. 2.536524791729497
list:
dist: 4.058528121334089 vs. 4.058528121334089
list:
dist: 2.4659693396424713 vs. 2.4659693396424713
list:
dist: 1.8058951421640803 vs. 1.8058951421640803
list:
dist: 1.7164882152624101 vs. 1.7164882152624101
list:
dist: 0.9876795197871493 vs. 0.9876795197871493
list:
dist: 1.987987158911982 vs. 1.987987158911982
list:
dist: 0.9077902919319802 vs. 0.9077902919319802
list:
dist: 0.891874627797286 vs. 0.891874627797286
list:
dist: 0.6745146941827571 vs. 0.6745146941827571
list:
dist: 1.4387790731625765 vs. 1.4387790731625765
list:
dist: 1.6085017328011724 vs. 1.6085017328011724
list:
dist: 0.7981217021300806 vs. 0.7981217021300806
list:
dist: 0.9004628258618607 vs. 0.9004628258618607
list:
dist: 2.2494686068006136 vs. 2.2494686068006136
list:
dist: 1.6142983014609498 vs. 1.6142983014609498
list:
dist: 1.8582274347711543 vs. 1.8582274347711543
list:
dist: 1.9741200583570204 vs. 1.9741200583570204
list:
dist: 3.2539457907041287 vs. 3.2539457907041287
list:
dist: 3.259888521819745 vs. 3.259888521819745
list:
dist: 2.6557114959251567 vs. 2.6557114959251567
list:
dist: 3.102986384524433 vs. 3.102986384524433
list:
dist: 2.243490025006288 vs. 2.243490025006288
list:
dist: 1.5964548943537513 vs. 1.5964548943537513
list:
dist: 2.006361612649911 vs. 2.006361612649911
list:
dist: 1.4467987412516745 vs. 1.4467987412516745
list:
dist: 2.241684750957117 vs. 2.241684750957117
list:
dist: 2.1392612922872223 vs. 2.1392612922872223
list:
dist: 2.4309653783705465 vs. 2.4309653783705465
list:
dist: 3.352475874943587 vs. 3.352475874943587
list:
dist: 2.2987524262012973 vs. 2.2987524262012973
list:
dist: 2.675265101368855 vs. 2.675265101368855
list:
dist: 3.463670206978012 vs. 3.463670206978012
list:
dist: 2.552314201572812 vs. 2.552314201572812
list:
dist: 2.1969148904408153 vs. 2.1969148904408153
list:
dist: 1.5822413280612964 vs. 1.5822413280612964
list:
dist: 1.094037853842284 vs. 1.094037853842284
list:
dist: 1.4741373031309541 vs. 1.4741373031309541
list:
dist: 0.6745146941827571 vs. 0.6745146941827571
list:
dist: 1.485617614077923 vs. 1.485617614077923
list:
dist: 1.3714921243391032 vs. 1.3714921243391032
list:
dist: 1.5349907792105786 vs. 1.5349907792105786
list:
dist: 1.6137288968454238 vs. 1.6137288968454238
list:
dist: 0.8775077030326343 vs. 0.8775077030326343
list:
dist: 1.0573957085376084 vs. 1.0573957085376084
list:
dist: 1.9720501347853172 vs. 1.9720501347853172
list:
dist: 1.6089498505749225 vs. 1.6089498505749225
list:
dist: 2.1797427416516433 vs. 2.1797427416516433
list:
dist: 2.3545346913451284 vs. 2.3545346913451284
list:
dist: 3.3296563772495418 vs. 3.3296563772495418
list:
dist: 3.2105103012722624 vs. 3.2105103012722624
list:
dist: 2.3793308356966674 vs. 2.3793308356966674
list:
dist: 3.330951204962233 vs. 3.330951204962233
list:
dist: 2.107311465180047 vs. 2.107311465180047
list:
dist: 1.6910012100249736 vs. 1.6910012100249736
list:
dist: 2.2519412282016273 vs. 2.2519412282016273
list:
dist: 1.1807815790882 vs. 1.1807815790882
list:
dist: 2.0567135893516277 vs. 2.0567135893516277
list:
dist: 1.7116932716492332 vs. 1.7116932716492332
list:
dist: 2.2056102874728674 vs. 2.2056102874728674
list:
dist: 3.414086923781734 vs. 3.414086923781734
list:
dist: 2.4406755651236547 vs. 2.4406755651236547
list:
dist: 2.574038578046878 vs. 2.574038578046878
list:
dist: 3.3687251724029803 vs. 3.3687251724029803
list:
dist: 1.677492449994357 vs. 1.677492449994357
list:
dist: 2.9899712287773514 vs. 2.9899712287773514
list:
dist: 2.243490025006288 vs. 2.243490025006288
list:
dist: 2.457580938427452 vs. 2.457580938427452
list:
dist: 2.6627330461139698 vs. 2.6627330461139698
list:
dist: 2.107311465180047 vs. 2.107311465180047
list:
dist: 1.9327191794848286 vs. 1.9327191794848286
list:
dist: 2.403520334133336 vs. 2.403520334133336
list:
dist: 2.916335597228013 vs. 2.916335597228013
list:
dist: 3.017693239805226 vs. 3.017693239805226
list:
dist: 3.254428860476651 vs. 3.254428860476651
list:
dist: 2.924644292369509 vs. 2.924644292369509
list:
dist: 2.978424376577027 vs. 2.978424376577027
list:
dist: 2.4835599632642733 vs. 2.4835599632642733
list:
dist: 3.2697508892498313 vs. 3.2697508892498313
list:
dist: 3.6640519481803504 vs. 3.6640519481803504
list:
dist: 2.9489248036259053 vs. 2.9489248036259053
list:
dist: 3.182429812923808 vs. 3.182429812923808
list:
dist: 0.852988365040271 vs. 0.852988365040271
list:
dist: 1.4885431951118548 vs. 1.4885431951118548
list:
dist: 0.9602523493933058 vs. 0.9602523493933058
list:
dist: 1.4875414952009474 vs. 1.4875414952009474
list:
dist: 1.8181767240630227 vs. 1.8181767240630227
list:
dist: 1.1285771385121945 vs. 1.1285771385121945
list:
dist: 2.2997711753972996 vs. 2.2997711753972996
list:
dist: 1.5894424568107481 vs. 1.5894424568107481
list:
dist: 2.1878201353632285 vs. 2.1878201353632285
list:
dist: 3.088704136766065 vs. 3.088704136766065
list:
dist: 2.1091331719563393 vs. 2.1091331719563393
list:
dist: 1.6341338148965336 vs. 1.6341338148965336
list:
dist: 2.5638319171458908 vs. 2.5638319171458908
list:
dist: 2.0340210570156985 vs. 2.0340210570156985
list:
dist: 1.7164882152624101 vs. 1.7164882152624101
list:
dist: 2.1415959743357376 vs. 2.1415959743357376
list:
dist: 1.742801377216046 vs. 1.742801377216046
list:
dist: 1.5822413280612964 vs. 1.5822413280612964
list:
dist: 2.3390949857678502 vs. 2.3390949857678502
list:
dist: 2.0118069862247374 vs. 2.0118069862247374
list:
dist: 1.0202576962500665 vs. 1.0202576962500665
list:
dist: 0.8849600746448849 vs. 0.8849600746448849
list:
dist: 1.565671379211199 vs. 1.565671379211199
list:
dist: 1.4548251989938725 vs. 1.4548251989938725
list:
dist: 2.324163750501412 vs. 2.324163750501412
list:
dist: 2.9973012955551592 vs. 2.9973012955551592
list:
dist: 3.6224106490321977 vs. 3.6224106490321977
list:
dist: 3.10580349665 vs. 3.10580349665
list:
dist: 2.4817721060883233 vs. 2.4817721060883233
list:
dist: 3.491958464490292 vs. 3.491958464490292
list:
dist: 2.871843227697905 vs. 2.871843227697905
list:
dist: 2.2119445566356903 vs. 2.2119445566356903
list:
dist: 3.4622156453518818 vs. 3.4622156453518818
list:
dist: 3.6575865768999978 vs. 3.6575865768999978
list:
dist: 4.073220131467679 vs. 4.073220131467679
list:
dist: 2.218326908605477 vs. 2.218326908605477
list:
dist: 2.3790594965251723 vs. 2.3790594965251723
list:
dist: 2.3114672887403405 vs. 2.3114672887403405
list:
dist: 3.3702016596794433 vs. 3.3702016596794433
list:
dist: 2.0517319774003275 vs. 2.0517319774003275
list:
dist: 2.5386181055148205 vs. 2.5386181055148205
list:
dist: 2.0223360515302566 vs. 2.0223360515302566
list:
dist: 1.6573293297779281 vs. 1.6573293297779281
list:
dist: 1.1876565160810477 vs. 1.1876565160810477
list:
dist: 2.226076054736904 vs. 2.226076054736904
list:
dist: 1.2614360406842426 vs. 1.2614360406842426
list:
dist: 3.117167446910383 vs. 3.117167446910383
list:
dist: 2.904720445957442 vs. 2.904720445957442
list:
dist: 4.486320077013 vs. 4.486320077013
list:
dist: 3.1847423782640933 vs. 3.1847423782640933
list:
dist: 3.117167446910383 vs. 3.117167446910383
list:
dist: 2.0600854232424703 vs. 2.0600854232424703
list:
dist: 1.9002584080923728 vs. 1.9002584080923728
list:
dist: 2.4100500257160467 vs. 2.4100500257160467
list:
dist: 1.0049086277603492 vs. 1.0049086277603492
list:
dist: 2.478928098299539 vs. 2.478928098299539
list:
dist: 2.3430234650902575 vs. 2.3430234650902575
list:
dist: 3.253640181058441 vs. 3.253640181058441
list:
dist: 1.8008575744450845 vs. 1.8008575744450845
list:
dist: 2.278668086960081 vs. 2.278668086960081
list:
dist: 0.6603410866306659 vs. 0.6603410866306659
list:
dist: 1.80483981486499 vs. 1.80483981486499
list:
dist: 3.033880857606818 vs. 3.033880857606818
list:
dist: 1.4406551716915548 vs. 1.4406551716915548
list:
dist: 2.1415959743357376 vs. 2.1415959743357376
list:
dist: 1.5806131975869522 vs. 1.5806131975869522
list:
dist: 2.885802005700171 vs. 2.885802005700171
list:
dist: 0.9077902919319802 vs. 0.9077902919319802
list:
dist: 0.4480017323309111 vs. 0.4480017323309111
list:
dist: 1.485617614077923 vs. 1.485617614077923
list:
dist: 1.1828403802520688 vs. 1.1828403802520688
list:
dist: 1.4197413126962113 vs. 1.4197413126962113
list:
dist: 1.4462408349314497 vs. 1.4462408349314497
list:
dist: 1.3127548584334379 vs. 1.3127548584334379
list:
dist: 2.4022451473168434 vs. 2.4022451473168434
list:
dist: 1.5345709472282134 vs. 1.5345709472282134
list:
dist: 1.1944615439725774 vs. 1.1944615439725774
list:
dist: 1.2115620288343854 vs. 1.2115620288343854
list:
dist: 2.7410505273086545 vs. 2.7410505273086545
list:
dist: 2.9275471989963013 vs. 2.9275471989963013
list:
dist: 2.6712452630313153 vs. 2.6712452630313153
list:
dist: 3.4393956706979694 vs. 3.4393956706979694
list:
dist: 2.457580938427452 vs. 2.457580938427452
list:
dist: 1.6507908198831307 vs. 1.6507908198831307
list:
dist: 1.6152274676433707 vs. 1.6152274676433707
list:
dist: 1.857551795348898 vs. 1.857551795348898
list:
dist: 2.230963169844554 vs. 2.230963169844554
list:
dist: 2.427686319135174 vs. 2.427686319135174
list:
dist: 2.5100932665970443 vs. 2.5100932665970443
list:
dist: 2.9432971939055794 vs. 2.9432971939055794
list:
dist: 1.9177235363622818 vs. 1.9177235363622818
list:
dist: 2.4568397761973375 vs. 2.4568397761973375
list:
dist: 3.1584864588408457 vs. 3.1584864588408457
list:
dist: 1.8742575832913715 vs. 1.8742575832913715
list:
dist: 1.619094171204471 vs. 1.619094171204471
list:
dist: 1.0202576962500665 vs. 1.0202576962500665
list:
dist: 1.6157871506278498 vs. 1.6157871506278498
list:
dist: 1.707412893321332 vs. 1.707412893321332
list:
dist: 0.7981217021300806 vs. 0.7981217021300806
list:
dist: 1.4462408349314497 vs. 1.4462408349314497
list:
dist: 1.1987836308452446 vs. 1.1987836308452446
list:
dist: 0.8775077030326343 vs. 0.8775077030326343
list:
dist: 1.9378165470537747 vs. 1.9378165470537747
list:
dist: 1.8715812662475573 vs. 1.8715812662475573
list:
dist: 0.3765653433290262 vs. 0.3765653433290262
list:
dist: 2.050519074816367 vs. 2.050519074816367
list:
dist: 1.5804241333693032 vs. 1.5804241333693032
list:
dist: 2.131380205647572 vs. 2.131380205647572
list:
dist: 2.5303935416998566 vs. 2.5303935416998566
list:
dist: 3.597510036618427 vs. 3.597510036618427
list:
dist: 3.372004271971543 vs. 3.372004271971543
list:
dist: 2.723849352088075 vs. 2.723849352088075
list:
dist: 3.574033437064112 vs. 3.574033437064112
list:
dist: 2.916335597228013 vs. 2.916335597228013
list:
dist: 2.3559353800873746 vs. 2.3559353800873746
list:
dist: 2.750738444136799 vs. 2.750738444136799
list:
dist: 2.020196845197231 vs. 2.020196845197231
list:
dist: 2.737256101266595 vs. 2.737256101266595
list:
dist: 2.4161160608017775 vs. 2.4161160608017775
list:
dist: 2.975624669874795 vs. 2.975624669874795
list:
dist: 3.968639867746421 vs. 3.968639867746421
list:
dist: 2.977499481313772 vs. 2.977499481313772
list:
dist: 3.1053747391970186 vs. 3.1053747391970186
list:
dist: 3.7938998457300532 vs. 3.7938998457300532
list:
dist: 2.081838823987036 vs. 2.081838823987036
list:
dist: 1.2762216018944188 vs. 1.2762216018944188
list:
dist: 0.8849600746448849 vs. 0.8849600746448849
list:
dist: 1.8384146124793008 vs. 1.8384146124793008
list:
dist: 2.024005065108135 vs. 2.024005065108135
list:
dist: 0.9004628258618607 vs. 0.9004628258618607
list:
dist: 1.3127548584334379 vs. 1.3127548584334379
list:
dist: 0.976156575515716 vs. 0.976156575515716
list:
dist: 1.0573957085376084 vs. 1.0573957085376084
list:
dist: 1.786138133682442 vs. 1.786138133682442
list:
dist: 1.6480572661956643 vs. 1.6480572661956643
list:
dist: 0.3765653433290262 vs. 0.3765653433290262
list:
dist: 1.8332628494525123 vs. 1.8332628494525123
list:
dist: 1.2844231293165203 vs. 1.2844231293165203
list:
dist: 1.8304462704939077 vs. 1.8304462704939077
list:
dist: 2.3299635185991194 vs. 2.3299635185991194
list:
dist: 3.3340572355467724 vs. 3.3340572355467724
list:
dist: 3.081309937418818 vs. 3.081309937418818
list:
dist: 2.5301982854700444 vs. 2.5301982854700444
list:
dist: 3.8445177531402512 vs. 3.8445177531402512
list:
dist: 3.017693239805226 vs. 3.017693239805226
list:
dist: 2.4173813704346707 vs. 2.4173813704346707
list:
dist: 2.69456740402068 vs. 2.69456740402068
list:
dist: 2.1218695975314064 vs. 2.1218695975314064
list:
dist: 2.668118073699956 vs. 2.668118073699956
list:
dist: 2.3909812139831215 vs. 2.3909812139831215
list:
dist: 2.963284151150514 vs. 2.963284151150514
list:
dist: 3.83807491750692 vs. 3.83807491750692
list:
dist: 2.883895752351755 vs. 2.883895752351755
list:
dist: 2.949439786863735 vs. 2.949439786863735
list:
dist: 3.5810461681584873 vs. 3.5810461681584873
list:
dist: 2.794575850914124 vs. 2.794575850914124
list:
dist: 2.1091331719563393 vs. 2.1091331719563393
list:
dist: 2.8826659695799877 vs. 2.8826659695799877
list:
dist: 2.2641752665178148 vs. 2.2641752665178148
list:
dist: 2.4659693396424713 vs. 2.4659693396424713
list:
dist: 3.033880857606818 vs. 3.033880857606818
list:
dist: 2.8669815991415994 vs. 2.8669815991415994
list:
dist: 2.552314201572812 vs. 2.552314201572812
list:
dist: 3.794292202007844 vs. 3.794292202007844
list:
dist: 3.723239639654156 vs. 3.723239639654156
list:
dist: 1.8742575832913715 vs. 1.8742575832913715
list:
dist: 2.081838823987036 vs. 2.081838823987036
list:
dist: 3.638116075593376 vs. 3.638116075593376
list:
dist: 3.322689686404159 vs. 3.322689686404159
list:
dist: 2.297675719230722 vs. 2.297675719230722
list:
dist: 2.5645903912709977 vs. 2.5645903912709977
list:
dist: 2.1392612922872223 vs. 2.1392612922872223
list:
dist: 2.427686319135174 vs. 2.427686319135174
list:
dist: 2.3144456026021025 vs. 2.3144456026021025
list:
dist: 1.7116932716492332 vs. 1.7116932716492332
list:
dist: 1.4447569719392697 vs. 1.4447569719392697
list:
dist: 1.431387064500499 vs. 1.431387064500499
list:
dist: 2.4161160608017775 vs. 2.4161160608017775
list:
dist: 2.3909812139831215 vs. 2.3909812139831215
list:
dist: 1.6693507086376467 vs. 1.6693507086376467
list:
dist: 1.7966218644425018 vs. 1.7966218644425018
list:
dist: 2.3969258934433086 vs. 2.3969258934433086
list:
dist: 2.4637989172092114 vs. 2.4637989172092114
list:
dist: 2.4848832384149557 vs. 2.4848832384149557
list:
dist: 2.35580368958136 vs. 2.35580368958136
list:
dist: 1.2922385753350116 vs. 1.2922385753350116
list:
dist: 1.8181767240630227 vs. 1.8181767240630227
list:
dist: 1.8975249685307785 vs. 1.8975249685307785
list:
dist: 2.201134258062842 vs. 2.201134258062842
list:
dist: 1.2431570123183664 vs. 1.2431570123183664
list:
dist: 0.8978087760870557 vs. 0.8978087760870557
list:
dist: 1.0654266269603456 vs. 1.0654266269603456
list:
dist: 2.4709286517365583 vs. 2.4709286517365583
list:
dist: 1.9867640492208047 vs. 1.9867640492208047
list:
dist: 1.3873129541230425 vs. 1.3873129541230425
list:
dist: 2.0992398883123617 vs. 2.0992398883123617
list:
dist: 3.638116075593376 vs. 3.638116075593376
list:
dist: 2.1793217652148487 vs. 2.1793217652148487
list:
dist: 1.565671379211199 vs. 1.565671379211199
list:
dist: 2.9778878703370473 vs. 2.9778878703370473
list:
dist: 2.7727986648597494 vs. 2.7727986648597494
list:
dist: 2.2494686068006136 vs. 2.2494686068006136
list:
dist: 2.4022451473168434 vs. 2.4022451473168434
list:
dist: 2.0304008214090623 vs. 2.0304008214090623
list:
dist: 1.9720501347853172 vs. 1.9720501347853172
list:
dist: 1.8040748858353524 vs. 1.8040748858353524
list:
dist: 1.2748387435807198 vs. 1.2748387435807198
list:
dist: 2.050519074816367 vs. 2.050519074816367
list:
dist: 1.8332628494525123 vs. 1.8332628494525123
list:
dist: 0.9246705463113296 vs. 0.9246705463113296
list:
dist: 1.961773990175573 vs. 1.961773990175573
list:
dist: 2.6211139705753297 vs. 2.6211139705753297
list:
dist: 2.4620408772037172 vs. 2.4620408772037172
list:
dist: 1.7545704783520428 vs. 1.7545704783520428
list:
dist: 0.9834965215679699 vs. 0.9834965215679699
list:
dist: 3.254428860476651 vs. 3.254428860476651
list:
dist: 2.954202644467461 vs. 2.954202644467461
list:
dist: 3.041543652243826 vs. 3.041543652243826
list:
dist: 2.4256221411620555 vs. 2.4256221411620555
list:
dist: 2.151732525578442 vs. 2.151732525578442
list:
dist: 1.6693507086376467 vs. 1.6693507086376467
list:
dist: 2.566168828250923 vs. 2.566168828250923
list:
dist: 3.3873002043630698 vs. 3.3873002043630698
list:
dist: 2.877905017168823 vs. 2.877905017168823
list:
dist: 2.125243266331485 vs. 2.125243266331485
list:
dist: 2.4036727554047626 vs. 2.4036727554047626
list:
dist: 3.322689686404159 vs. 3.322689686404159
list:
dist: 1.4193206663314575 vs. 1.4193206663314575
list:
dist: 1.4548251989938725 vs. 1.4548251989938725
list:
dist: 2.4561378177588593 vs. 2.4561378177588593
list:
dist: 2.795945855360956 vs. 2.795945855360956
list:
dist: 1.6142983014609498 vs. 1.6142983014609498
list:
dist: 1.5345709472282134 vs. 1.5345709472282134
list:
dist: 1.1567336428895927 vs. 1.1567336428895927
list:
dist: 1.6089498505749225 vs. 1.6089498505749225
list:
dist: 1.1671784943248902 vs. 1.1671784943248902
list:
dist: 0.6649671697063273 vs. 0.6649671697063273
list:
dist: 1.5804241333693032 vs. 1.5804241333693032
list:
dist: 1.2844231293165203 vs. 1.2844231293165203
list:
dist: 0.9246705463113296 vs. 0.9246705463113296
list:
dist: 1.1088320214605887 vs. 1.1088320214605887
list:
dist: 1.8140707577330395 vs. 1.8140707577330395
list:
dist: 2.1717013240857717 vs. 2.1717013240857717
list:
dist: 1.7983966564698723 vs. 1.7983966564698723
list:
dist: 1.4043859962291945 vs. 1.4043859962291945
list:
dist: 2.924644292369509 vs. 2.924644292369509
list:
dist: 2.414654098786509 vs. 2.414654098786509
list:
dist: 2.3908035505267473 vs. 2.3908035505267473
list:
dist: 2.1140017445563046 vs. 2.1140017445563046
list:
dist: 1.9631625150026581 vs. 1.9631625150026581
list:
dist: 1.7966218644425018 vs. 1.7966218644425018
list:
dist: 2.408170871186572 vs. 2.408170871186572
list:
dist: 3.0188501710069398 vs. 3.0188501710069398
list:
dist: 2.3294073362312364 vs. 2.3294073362312364
list:
dist: 1.9567928045740497 vs. 1.9567928045740497
list:
dist: 2.399063398622715 vs. 2.399063398622715
list:
dist: 1.1637129202671204 vs. 1.1637129202671204
list:
dist: 2.205089042569929 vs. 2.205089042569929
list:
dist: 1.4467987412516745 vs. 1.4467987412516745
list:
dist: 1.857551795348898 vs. 1.857551795348898
list:
dist: 1.9421269174515345 vs. 1.9421269174515345
list:
dist: 1.1807815790882 vs. 1.1807815790882
list:
dist: 1.3634245991024836 vs. 1.3634245991024836
list:
dist: 1.718340437073832 vs. 1.718340437073832
list:
dist: 2.020196845197231 vs. 2.020196845197231
list:
dist: 2.1218695975314064 vs. 2.1218695975314064
list:
dist: 2.4256221411620555 vs. 2.4256221411620555
list:
dist: 2.1140017445563046 vs. 2.1140017445563046
list:
dist: 2.4085655783044606 vs. 2.4085655783044606
list:
dist: 2.193820389559347 vs. 2.193820389559347
list:
dist: 3.023406989364374 vs. 3.023406989364374
list:
dist: 3.177749237430043 vs. 3.177749237430043
list:
dist: 2.3392898743651096 vs. 2.3392898743651096
list:
dist: 3.25998649273162 vs. 3.25998649273162
list:
dist: 0.9602523493933058 vs. 0.9602523493933058
list:
dist: 0.8639425016992195 vs. 0.8639425016992195
list:
dist: 1.5818824404756224 vs. 1.5818824404756224
list:
dist: 1.274308628802107 vs. 1.274308628802107
list:
dist: 1.2431570123183664 vs. 1.2431570123183664
list:
dist: 1.1967853453526662 vs. 1.1967853453526662
list:
dist: 2.5819877174814816 vs. 2.5819877174814816
list:
dist: 1.6942217589197985 vs. 1.6942217589197985
list:
dist: 1.9894660659568992 vs. 1.9894660659568992
list:
dist: 2.9008549102389525 vs. 2.9008549102389525
list:
dist: 2.2987524262012973 vs. 2.2987524262012973
list:
dist: 1.9177235363622818 vs. 1.9177235363622818
list:
dist: 2.12489663521516 vs. 2.12489663521516
list:
dist: 2.4406755651236547 vs. 2.4406755651236547
list:
dist: 1.1924151229699675 vs. 1.1924151229699675
list:
dist: 1.687182420196957 vs. 1.687182420196957
list:
dist: 2.977499481313772 vs. 2.977499481313772
list:
dist: 2.883895752351755 vs. 2.883895752351755
list:
dist: 2.877905017168823 vs. 2.877905017168823
list:
dist: 2.3294073362312364 vs. 2.3294073362312364
list:
dist: 1.8916516654750128 vs. 1.8916516654750128
list:
dist: 1.1926516123005224 vs. 1.1926516123005224
list:
dist: 1.911140710627948 vs. 1.911140710627948
list:
dist: 2.603211623526992 vs. 2.603211623526992
list:
dist: 2.4307102205219535 vs. 2.4307102205219535
list:
dist: 1.5894424568107481 vs. 1.5894424568107481
list:
dist: 1.2282759589626018 vs. 1.2282759589626018
list:
dist: 0.5577694472494591 vs. 0.5577694472494591
list:
dist: 1.6942217589197985 vs. 1.6942217589197985
list:
dist: 1.1588744882337867 vs. 1.1588744882337867
list:
dist: 1.9867640492208047 vs. 1.9867640492208047
list:
dist: 1.2910815343540742 vs. 1.2910815343540742
list:
dist: 1.109606232905965 vs. 1.109606232905965
list:
dist: 1.2898031061537418 vs. 1.2898031061537418
list:
dist: 2.0563813856903614 vs. 2.0563813856903614
list:
dist: 2.3073858433565646 vs. 2.3073858433565646
list:
dist: 3.102986384524433 vs. 3.102986384524433
list:
dist: 3.4393956706979694 vs. 3.4393956706979694
list:
dist: 3.7543773792289348 vs. 3.7543773792289348
list:
dist: 3.330951204962233 vs. 3.330951204962233
list:
dist: 4.050034004269789 vs. 4.050034004269789
list:
dist: 4.487882143108266 vs. 4.487882143108266
list:
dist: 3.574033437064112 vs. 3.574033437064112
list:
dist: 3.8445177531402512 vs. 3.8445177531402512
list:
dist: 3.182429812923808 vs. 3.182429812923808
list:
dist: 2.940726404879284 vs. 2.940726404879284
list:
dist: 3.5302051278327715 vs. 3.5302051278327715
list:
dist: 3.25998649273162 vs. 3.25998649273162
list:
dist: 2.675265101368855 vs. 2.675265101368855
list:
dist: 2.4568397761973375 vs. 2.4568397761973375
list:
dist: 2.423108243540763 vs. 2.423108243540763
list:
dist: 2.574038578046878 vs. 2.574038578046878
list:
dist: 1.2968194801479356 vs. 1.2968194801479356
list:
dist: 1.3583813912774112 vs. 1.3583813912774112
list:
dist: 3.1053747391970186 vs. 3.1053747391970186
list:
dist: 2.949439786863735 vs. 2.949439786863735
list:
dist: 2.125243266331485 vs. 2.125243266331485
list:
dist: 1.9567928045740497 vs. 1.9567928045740497
list:
dist: 1.946058016135163 vs. 1.946058016135163
list:
dist: 1.8063468333304493 vs. 1.8063468333304493
list:
dist: 1.2431497744370963 vs. 1.2431497744370963
list:
dist: 1.6095229983438726 vs. 1.6095229983438726
list:
dist: 1.3580383024045155 vs. 1.3580383024045155
list:
dist: 2.1878201353632285 vs. 2.1878201353632285
list:
dist: 2.083366976890042 vs. 2.083366976890042
list:
dist: 1.7727258216904211 vs. 1.7727258216904211
list:
dist: 1.9894660659568992 vs. 1.9894660659568992
list:
dist: 0.7647238395164315 vs. 0.7647238395164315
list:
dist: 1.3873129541230425 vs. 1.3873129541230425
list:
dist: 1.1798810276689788 vs. 1.1798810276689788
list:
dist: 1.3136808868082308 vs. 1.3136808868082308
list:
dist: 1.2898031061537418 vs. 1.2898031061537418
list:
dist: 0.9293080489187047 vs. 0.9293080489187047
list:
dist: 1.197205836046638 vs. 1.197205836046638
list:
dist: 2.874613501249159 vs. 2.874613501249159
list:
dist: 1.5964548943537513 vs. 1.5964548943537513
list:
dist: 1.6507908198831307 vs. 1.6507908198831307
list:
dist: 1.9177910520139803 vs. 1.9177910520139803
list:
dist: 1.6910012100249736 vs. 1.6910012100249736
list:
dist: 1.3853400307479449 vs. 1.3853400307479449
list:
dist: 1.924733490552074 vs. 1.924733490552074
list:
dist: 2.3559353800873746 vs. 2.3559353800873746
list:
dist: 2.4173813704346707 vs. 2.4173813704346707
list:
dist: 2.954202644467461 vs. 2.954202644467461
list:
dist: 2.414654098786509 vs. 2.414654098786509
list:
dist: 2.3013275964001214 vs. 2.3013275964001214
list:
dist: 1.7833292547183583 vs. 1.7833292547183583
list:
dist: 2.9487182182150113 vs. 2.9487182182150113
list:
dist: 3.3633987497140643 vs. 3.3633987497140643
list:
dist: 2.8002534840528783 vs. 2.8002534840528783
list:
dist: 2.940726404879284 vs. 2.940726404879284
list:
dist: 0.852988365040271 vs. 0.852988365040271
list:
dist: 0.8983856548790088 vs. 0.8983856548790088
list:
dist: 0.8639425016992195 vs. 0.8639425016992195
list:
dist: 1.4934407338378601 vs. 1.4934407338378601
list:
dist: 1.8975249685307785 vs. 1.8975249685307785
list:
dist: 1.4089715988472193 vs. 1.4089715988472193
list:
dist: 2.2455231956206863 vs. 2.2455231956206863
list:
dist: 1.2282759589626018 vs. 1.2282759589626018
list:
dist: 2.083366976890042 vs. 2.083366976890042
list:
dist: 2.998005728034649 vs. 2.998005728034649
list:
dist: 2.3268736559379177 vs. 2.3268736559379177
list:
dist: 3.20039979189408 vs. 3.20039979189408
list:
dist: 2.241684750957117 vs. 2.241684750957117
list:
dist: 2.230963169844554 vs. 2.230963169844554
list:
dist: 2.244289638873309 vs. 2.244289638873309
list:
dist: 2.0567135893516277 vs. 2.0567135893516277
list:
dist: 1.1189852253719499 vs. 1.1189852253719499
list:
dist: 1.3581525383191146 vs. 1.3581525383191146
list:
dist: 2.737256101266595 vs. 2.737256101266595
list:
dist: 2.668118073699956 vs. 2.668118073699956
list:
dist: 2.151732525578442 vs. 2.151732525578442
list:
dist: 1.9631625150026581 vs. 1.9631625150026581
list:
dist: 2.1135870263373766 vs. 2.1135870263373766
list:
dist: 1.8918182299581565 vs. 1.8918182299581565
list:
dist: 1.9559763267692531 vs. 1.9559763267692531
list:
dist: 2.2203409300548063 vs. 2.2203409300548063
list:
dist: 1.5779117858246001 vs. 1.5779117858246001
list:
dist: 1.4875414952009474 vs. 1.4875414952009474
list:
dist: 1.4934407338378601 vs. 1.4934407338378601
list:
dist: 1.4987441503856243 vs. 1.4987441503856243
list:
dist: 1.274308628802107 vs. 1.274308628802107
list:
dist: 0.8978087760870557 vs. 0.8978087760870557
list:
dist: 0.5103253699304167 vs. 0.5103253699304167
list:
dist: 1.5938864559938777 vs. 1.5938864559938777
list:
dist: 1.1588744882337867 vs. 1.1588744882337867
list:
dist: 0.7647238395164315 vs. 0.7647238395164315
list:
dist: 1.667868997987234 vs. 1.667868997987234
list:
dist: 1.3413857810274847 vs. 1.3413857810274847
list:
dist: 2.324163750501412 vs. 2.324163750501412
list:
dist: 1.8582274347711543 vs. 1.8582274347711543
list:
dist: 1.1944615439725774 vs. 1.1944615439725774
list:
dist: 1.0425681670565174 vs. 1.0425681670565174
list:
dist: 2.1797427416516433 vs. 2.1797427416516433
list:
dist: 1.1030462387360689 vs. 1.1030462387360689
list:
dist: 0.987367431977327 vs. 0.987367431977327
list:
dist: 2.131380205647572 vs. 2.131380205647572
list:
dist: 1.8304462704939077 vs. 1.8304462704939077
list:
dist: 1.961773990175573 vs. 1.961773990175573
list:
dist: 1.1088320214605887 vs. 1.1088320214605887
list:
dist: 0.9241191934316049 vs. 0.9241191934316049
list:
dist: 1.7597560025377947 vs. 1.7597560025377947
list:
dist: 1.889195632516264 vs. 1.889195632516264
list:
dist: 2.064778274880899 vs. 2.064778274880899
list:
dist: 2.978424376577027 vs. 2.978424376577027
list:
dist: 2.3013275964001214 vs. 2.3013275964001214
list:
dist: 1.9084867501722163 vs. 1.9084867501722163
list:
dist: 2.4085655783044606 vs. 2.4085655783044606
list:
dist: 2.1135870263373766 vs. 2.1135870263373766
list:
dist: 2.3969258934433086 vs. 2.3969258934433086
list:
dist: 2.558442805207164 vs. 2.558442805207164
list:
dist: 2.572019685865271 vs. 2.572019685865271
list:
dist: 1.8916516654750128 vs. 1.8916516654750128
list:
dist: 1.946058016135163 vs. 1.946058016135163
list:
dist: 2.3476403519203157 vs. 2.3476403519203157
list:
dist: 2.792674672455092 vs. 2.792674672455092
list:
dist: 2.4817721060883233 vs. 2.4817721060883233
list:
dist: 2.6557114959251567 vs. 2.6557114959251567
list:
dist: 2.6712452630313153 vs. 2.6712452630313153
list:
dist: 2.413654924257484 vs. 2.413654924257484
list:
dist: 2.3793308356966674 vs. 2.3793308356966674
list:
dist: 1.681465282616349 vs. 1.681465282616349
list:
dist: 1.2643723543386443 vs. 1.2643723543386443
list:
dist: 2.723849352088075 vs. 2.723849352088075
list:
dist: 2.5301982854700444 vs. 2.5301982854700444
list:
dist: 0.9834965215679699 vs. 0.9834965215679699
list:
dist: 1.4043859962291945 vs. 1.4043859962291945
list:
dist: 2.064778274880899 vs. 2.064778274880899
list:
dist: 2.4817949109941537 vs. 2.4817949109941537
list:
dist: 1.8283974110919206 vs. 1.8283974110919206
list:
dist: 1.2288955277526212 vs. 1.2288955277526212
list:
dist: 2.9489248036259053 vs. 2.9489248036259053
list:
dist: 2.8002534840528783 vs. 2.8002534840528783
list:
dist: 2.7557579303976336 vs. 2.7557579303976336
list:
dist: 2.3392898743651096 vs. 2.3392898743651096
list:
dist: 1.5779117858246001 vs. 1.5779117858246001
list:
dist: 1.2922385753350116 vs. 1.2922385753350116
list:
dist: 2.0060370183313094 vs. 2.0060370183313094
list:
dist: 2.664315173091731 vs. 2.664315173091731
list:
dist: 2.4307102205219535 vs. 2.4307102205219535
list:
dist: 1.3580383024045155 vs. 1.3580383024045155
list:
dist: 1.5096319075537519 vs. 1.5096319075537519
list:
dist: 2.8031077326899774 vs. 2.8031077326899774
list:
dist: 3.10580349665 vs. 3.10580349665
list:
dist: 3.259888521819745 vs. 3.259888521819745
list:
dist: 2.9275471989963013 vs. 2.9275471989963013
list:
dist: 2.694080400759627 vs. 2.694080400759627
list:
dist: 3.2105103012722624 vs. 3.2105103012722624
list:
dist: 2.070539253975497 vs. 2.070539253975497
list:
dist: 1.6688475652817945 vs. 1.6688475652817945
list:
dist: 3.372004271971543 vs. 3.372004271971543
list:
dist: 3.081309937418818 vs. 3.081309937418818
list:
dist: 1.7545704783520428 vs. 1.7545704783520428
list:
dist: 1.7983966564698723 vs. 1.7983966564698723
list:
dist: 1.889195632516264 vs. 1.889195632516264
list:
dist: 2.354278288442879 vs. 2.354278288442879
list:
dist: 1.0678079392118465 vs. 1.0678079392118465
list:
dist: 1.2288955277526212 vs. 1.2288955277526212
list:
dist: 3.6640519481803504 vs. 3.6640519481803504
list:
dist: 3.3633987497140643 vs. 3.3633987497140643
list:
dist: 2.984219396378226 vs. 2.984219396378226
list:
dist: 3.177749237430043 vs. 3.177749237430043
list:
dist: 2.2203409300548063 vs. 2.2203409300548063
list:
dist: 2.35580368958136 vs. 2.35580368958136
list:
dist: 2.704908893045469 vs. 2.704908893045469
list:
dist: 2.57883654418187 vs. 2.57883654418187
list:
dist: 2.603211623526992 vs. 2.603211623526992
list:
dist: 1.6095229983438726 vs. 1.6095229983438726
list:
dist: 1.195795666084926 vs. 1.195795666084926
list:
dist: 2.2641752665178148 vs. 2.2641752665178148
list:
dist: 3.2962621847919524 vs. 3.2962621847919524
list:
dist: 2.0340210570156985 vs. 2.0340210570156985
list:
dist: 1.9836016524653697 vs. 1.9836016524653697
list:
dist: 1.987987158911982 vs. 1.987987158911982
list:
dist: 2.885802005700171 vs. 2.885802005700171
list:
dist: 2.7428997061142217 vs. 2.7428997061142217
list:
dist: 1.4741373031309541 vs. 1.4741373031309541
list:
dist: 2.9596947966441762 vs. 2.9596947966441762
list:
dist: 2.947882476765546 vs. 2.947882476765546
list:
dist: 1.707412893321332 vs. 1.707412893321332
list:
dist: 2.024005065108135 vs. 2.024005065108135
list:
dist: 2.7727986648597494 vs. 2.7727986648597494
list:
dist: 2.795945855360956 vs. 2.795945855360956
list:
dist: 2.9899712287773514 vs. 2.9899712287773514
list:
dist: 2.874613501249159 vs. 2.874613501249159
list:
dist: 3.6121631645152585 vs. 3.6121631645152585
list:
dist: 2.205089042569929 vs. 2.205089042569929
list:
dist: 3.20039979189408 vs. 3.20039979189408
list:
dist: 2.5645903912709977 vs. 2.5645903912709977
list:
dist: 3.223256447294486 vs. 3.223256447294486
list:
dist: 2.794575850914124 vs. 2.794575850914124
list:
dist: 1.6341338148965336 vs. 1.6341338148965336
list:
dist: 2.7641924569797967 vs. 2.7641924569797967
list:
dist: 3.2962621847919524 vs. 3.2962621847919524
list:
dist: 1.8058951421640803 vs. 1.8058951421640803
list:
dist: 1.4406551716915548 vs. 1.4406551716915548
list:
dist: 1.1040034509770504 vs. 1.1040034509770504
list:
dist: 2.1969148904408153 vs. 2.1969148904408153
list:
dist: 2.056011984081703 vs. 2.056011984081703
list:
dist: 1.8339395501996234 vs. 1.8339395501996234
list:
dist: 1.619094171204471 vs. 1.619094171204471
list:
dist: 1.2762216018944188 vs. 1.2762216018944188
list:
dist: 2.1793217652148487 vs. 2.1793217652148487
list:
dist: 1.4193206663314575 vs. 1.4193206663314575
list:
dist: 1.3413857810274847 vs. 1.3413857810274847
list:
dist: 2.070697685890215 vs. 2.070697685890215
list:
dist: 3.0097473754647535 vs. 3.0097473754647535
list:
dist: 2.8031077326899774 vs. 2.8031077326899774
list:
dist: 2.792674672455092 vs. 2.792674672455092
list:
dist: 3.5087077468023136 vs. 3.5087077468023136
list:
dist: 2.1957925563537937 vs. 2.1957925563537937
list:
dist: 2.3049218436487426 vs. 2.3049218436487426
list:
dist: 3.223256447294486 vs. 3.223256447294486
list:
dist: 2.4309653783705465 vs. 2.4309653783705465
list:
dist: 2.5100932665970443 vs. 2.5100932665970443
list:
dist: 2.5775946515219603 vs. 2.5775946515219603
list:
dist: 2.2056102874728674 vs. 2.2056102874728674
list:
dist: 1.5111824456439584 vs. 1.5111824456439584
list:
dist: 1.8214592127507188 vs. 1.8214592127507188
list:
dist: 2.975624669874795 vs. 2.975624669874795
list:
dist: 2.963284151150514 vs. 2.963284151150514
list:
dist: 2.566168828250923 vs. 2.566168828250923
list:
dist: 2.408170871186572 vs. 2.408170871186572
list:
dist: 2.558442805207164 vs. 2.558442805207164
list:
dist: 2.229080478366595 vs. 2.229080478366595
list:
dist: 2.3890979308668845 vs. 2.3890979308668845
list:
dist: 2.704908893045469 vs. 2.704908893045469
list:
dist: 2.0060370183313094 vs. 2.0060370183313094
list:
dist: 1.1285771385121945 vs. 1.1285771385121945
list:
dist: 1.4089715988472193 vs. 1.4089715988472193
list:
dist: 1.573770205044621 vs. 1.573770205044621
list:
dist: 1.1967853453526662 vs. 1.1967853453526662
list:
dist: 0.5103253699304167 vs. 0.5103253699304167
list:
dist: 1.0654266269603456 vs. 1.0654266269603456
list:
dist: 1.6762843416044073 vs. 1.6762843416044073
list:
dist: 1.2910815343540742 vs. 1.2910815343540742
list:
dist: 1.1798810276689788 vs. 1.1798810276689788
list:
dist: 2.0321514289853537 vs. 2.0321514289853537
list:
dist: 3.723239639654156 vs. 3.723239639654156
list:
dist: 1.8339395501996234 vs. 1.8339395501996234
list:
dist: 2.0118069862247374 vs. 2.0118069862247374
list:
dist: 2.2597708724752024 vs. 2.2597708724752024
list:
dist: 2.947882476765546 vs. 2.947882476765546
list:
dist: 1.6085017328011724 vs. 1.6085017328011724
list:
dist: 1.4197413126962113 vs. 1.4197413126962113
list:
dist: 1.20685376691244 vs. 1.20685376691244
list:
dist: 1.6137288968454238 vs. 1.6137288968454238
list:
dist: 0.5784315142964352 vs. 0.5784315142964352
list:
dist: 1.8715812662475573 vs. 1.8715812662475573
list:
dist: 1.6480572661956643 vs. 1.6480572661956643
list:
dist: 1.2748387435807198 vs. 1.2748387435807198
list:
dist: 0.6649671697063273 vs. 0.6649671697063273
list:
dist: 0.987367431977327 vs. 0.987367431977327
list:
dist: 1.3806428010069491 vs. 1.3806428010069491
list:
dist: 1.7578894548983228 vs. 1.7578894548983228
list:
dist: 1.6688475652817945 vs. 1.6688475652817945
list:
dist: 1.2643723543386443 vs. 1.2643723543386443
list:
dist: 4.487882143108266 vs. 4.487882143108266
list:
dist: 2.403520334133336 vs. 2.403520334133336
list:
dist: 1.924733490552074 vs. 1.924733490552074
list:
dist: 1.814209720637812 vs. 1.814209720637812
list:
dist: 1.718340437073832 vs. 1.718340437073832
list:
dist: 1.3581525383191146 vs. 1.3581525383191146
list:
dist: 1.431387064500499 vs. 1.431387064500499
list:
dist: 1.8214592127507188 vs. 1.8214592127507188
list:
dist: 2.3704980022060322 vs. 2.3704980022060322
list:
dist: 1.687182420196957 vs. 1.687182420196957
list:
dist: 1.3583813912774112 vs. 1.3583813912774112
list:
dist: 1.944517189566374 vs. 1.944517189566374
list:
dist: 3.352475874943587 vs. 3.352475874943587
list:
dist: 2.9432971939055794 vs. 2.9432971939055794
list:
dist: 3.090357757577387 vs. 3.090357757577387
list:
dist: 3.414086923781734 vs. 3.414086923781734
list:
dist: 2.0543802410813954 vs. 2.0543802410813954
list:
dist: 2.3704980022060322 vs. 2.3704980022060322
list:
dist: 3.968639867746421 vs. 3.968639867746421
list:
dist: 3.83807491750692 vs. 3.83807491750692
list:
dist: 3.3873002043630698 vs. 3.3873002043630698
list:
dist: 3.0188501710069398 vs. 3.0188501710069398
list:
dist: 2.572019685865271 vs. 2.572019685865271
list:
dist: 1.9667071781681162 vs. 1.9667071781681162
list:
dist: 1.6857389178446527 vs. 1.6857389178446527
list:
dist: 2.57883654418187 vs. 2.57883654418187
list:
dist: 2.664315173091731 vs. 2.664315173091731
list:
dist: 2.2997711753972996 vs. 2.2997711753972996
list:
dist: 2.2455231956206863 vs. 2.2455231956206863
list:
dist: 1.6163473370286425 vs. 1.6163473370286425
list:
dist: 2.5819877174814816 vs. 2.5819877174814816
list:
dist: 1.5938864559938777 vs. 1.5938864559938777
list:
dist: 2.4709286517365583 vs. 2.4709286517365583
list:
dist: 1.6762843416044073 vs. 1.6762843416044073
list:
dist: 1.109606232905965 vs. 1.109606232905965
list:
dist: 1.3136808868082308 vs. 1.3136808868082308
list:
dist: 1.6438343740650578 vs. 1.6438343740650578
list:
dist: 2.8826659695799877 vs. 2.8826659695799877
list:
dist: 2.7641924569797967 vs. 2.7641924569797967
list:
dist: 2.5638319171458908 vs. 2.5638319171458908
list:
dist: 1.9836016524653697 vs. 1.9836016524653697
list:
dist: 0.9876795197871493 vs. 0.9876795197871493
list:
dist: 1.5806131975869522 vs. 1.5806131975869522
list:
dist: 1.768654749848037 vs. 1.768654749848037
list:
dist: 1.094037853842284 vs. 1.094037853842284
list:
dist: 1.9006097783451548 vs. 1.9006097783451548
list:
dist: 2.2597708724752024 vs. 2.2597708724752024
list:
dist: 1.6157871506278498 vs. 1.6157871506278498
list:
dist: 1.8384146124793008 vs. 1.8384146124793008
list:
dist: 2.9778878703370473 vs. 2.9778878703370473
list:
dist: 2.4561378177588593 vs. 2.4561378177588593
list:
dist: 2.3073858433565646 vs. 2.3073858433565646
list:
dist: 1.677492449994357 vs. 1.677492449994357
list:
dist: 1.197205836046638 vs. 1.197205836046638
list:
dist: 1.9381832084459742 vs. 1.9381832084459742
list:
dist: 1.1637129202671204 vs. 1.1637129202671204
list:
dist: 2.3268736559379177 vs. 2.3268736559379177
list:
dist: 2.297675719230722 vs. 2.297675719230722
list:
dist: 2.3049218436487426 vs. 2.3049218436487426
list:
dist: 3.463670206978012 vs. 3.463670206978012
list:
dist: 3.1584864588408457 vs. 3.1584864588408457
list:
dist: 3.0666275682268567 vs. 3.0666275682268567
list:
dist: 3.3687251724029803 vs. 3.3687251724029803
list:
dist: 2.064392367671875 vs. 2.064392367671875
list:
dist: 1.944517189566374 vs. 1.944517189566374
list:
dist: 3.7938998457300532 vs. 3.7938998457300532
list:
dist: 3.5810461681584873 vs. 3.5810461681584873
list:
dist: 2.4036727554047626 vs. 2.4036727554047626
list:
dist: 2.399063398622715 vs. 2.399063398622715
list:
dist: 2.3476403519203157 vs. 2.3476403519203157
list:
dist: 2.358948874639989 vs. 2.358948874639989
list:
dist: 0.8999141675148509 vs. 0.8999141675148509
list:
dist: 1.195795666084926 vs. 1.195795666084926
list:
dist: 1.5096319075537519 vs. 1.5096319075537519
list:
dist: 3.088704136766065 vs. 3.088704136766065
list:
dist: 2.998005728034649 vs. 2.998005728034649
list:
dist: 2.5728732038854076 vs. 2.5728732038854076
list:
dist: 2.9008549102389525 vs. 2.9008549102389525
list:
dist: 1.667868997987234 vs. 1.667868997987234
list:
dist: 2.0992398883123617 vs. 2.0992398883123617
list:
dist: 2.0321514289853537 vs. 2.0321514289853537
list:
dist: 1.6438343740650578 vs. 1.6438343740650578
list:
dist: 2.0563813856903614 vs. 2.0563813856903614
list:
dist: 0.9293080489187047 vs. 0.9293080489187047
list:
dist: 3.0097473754647535 vs. 3.0097473754647535
list:
dist: 3.6224106490321977 vs. 3.6224106490321977
list:
dist: 3.2539457907041287 vs. 3.2539457907041287
list:
dist: 2.7410505273086545 vs. 2.7410505273086545
list:
dist: 2.667373865732846 vs. 2.667373865732846
list:
dist: 3.3296563772495418 vs. 3.3296563772495418
list:
dist: 1.8688104529628224 vs. 1.8688104529628224
list:
dist: 1.7578894548983228 vs. 1.7578894548983228
list:
dist: 3.597510036618427 vs. 3.597510036618427
list:
dist: 3.3340572355467724 vs. 3.3340572355467724
list:
dist: 2.4620408772037172 vs. 2.4620408772037172
list:
dist: 2.1717013240857717 vs. 2.1717013240857717
list:
dist: 1.7597560025377947 vs. 1.7597560025377947
list:
dist: 1.7919229663847922 vs. 1.7919229663847922
list:
dist: 1.0678079392118465 vs. 1.0678079392118465
list:
dist: 1.8283974110919206 vs. 1.8283974110919206
list:
dist: 3.2697508892498313 vs. 3.2697508892498313
list:
dist: 2.9487182182150113 vs. 2.9487182182150113
list:
dist: 2.3467228244142433 vs. 2.3467228244142433
list:
dist: 3.023406989364374 vs. 3.023406989364374
list:
dist: 1.9559763267692531 vs. 1.9559763267692531
list:
dist: 2.4848832384149557 vs. 2.4848832384149557
list:
dist: 2.3890979308668845 vs. 2.3890979308668845
list:
dist: 1.6857389178446527 vs. 1.6857389178446527
list:
dist: 1.911140710627948 vs. 1.911140710627948
list:
dist: 1.2431497744370963 vs. 1.2431497744370963
list:
dist: 0.8999141675148509 vs. 0.8999141675148509
list:
dist: 3.794292202007844 vs. 3.794292202007844
list:
dist: 2.056011984081703 vs. 2.056011984081703
list:
dist: 2.3390949857678502 vs. 2.3390949857678502
list:
dist: 1.9006097783451548 vs. 1.9006097783451548
list:
dist: 2.9596947966441762 vs. 2.9596947966441762
list:
dist: 1.4387790731625765 vs. 1.4387790731625765
list:
dist: 1.1828403802520688 vs. 1.1828403802520688
list:
dist: 1.1612967562656766 vs. 1.1612967562656766
list:
dist: 1.5349907792105786 vs. 1.5349907792105786
list:
dist: 0.5784315142964352 vs. 0.5784315142964352
list:
dist: 1.9378165470537747 vs. 1.9378165470537747
list:
dist: 1.786138133682442 vs. 1.786138133682442
list:
dist: 1.8040748858353524 vs. 1.8040748858353524
list:
dist: 1.1671784943248902 vs. 1.1671784943248902
list:
dist: 1.1030462387360689 vs. 1.1030462387360689
list:
dist: 1.0633786776650167 vs. 1.0633786776650167
list:
dist: 1.8688104529628224 vs. 1.8688104529628224
list:
dist: 2.070539253975497 vs. 2.070539253975497
list:
dist: 1.681465282616349 vs. 1.681465282616349
list:
dist: 4.050034004269789 vs. 4.050034004269789
list:
dist: 1.9327191794848286 vs. 1.9327191794848286
list:
dist: 1.3853400307479449 vs. 1.3853400307479449
list:
dist: 1.2490722992891434 vs. 1.2490722992891434
list:
dist: 1.3634245991024836 vs. 1.3634245991024836
list:
dist: 1.1189852253719499 vs. 1.1189852253719499
list:
dist: 1.4447569719392697 vs. 1.4447569719392697
list:
dist: 1.5111824456439584 vs. 1.5111824456439584
list:
dist: 2.0543802410813954 vs. 2.0543802410813954
list:
dist: 1.1924151229699675 vs. 1.1924151229699675
list:
dist: 1.2968194801479356 vs. 1.2968194801479356
list:
dist: 2.064392367671875 vs. 2.064392367671875
list:
dist: 2.9701906571075125 vs. 2.9701906571075125
list:
dist: 1.7359278654007 vs. 1.7359278654007
list:
dist: 2.993650712805227 vs. 2.993650712805227
list:
dist: 2.0429515126408484 vs. 2.0429515126408484
list:
dist: 2.6212744698605612 vs. 2.6212744698605612
list:
dist: 0.8966326184922508 vs. 0.8966326184922508
list:
dist: 1.8865503891605657 vs. 1.8865503891605657
list:
dist: 2.4600273560574433 vs. 2.4600273560574433
list:
dist: 2.838491246140506 vs. 2.838491246140506
list:
dist: 3.296238948551585 vs. 3.296238948551585
list:
dist: 2.789393207564483 vs. 2.789393207564483
list:
dist: 1.7158924561593385 vs. 1.7158924561593385
list:
dist: 1.8008177559680096 vs. 1.8008177559680096
list:
dist: 1.2126709790071653 vs. 1.2126709790071653
list:
dist: 0.912357780295233 vs. 0.912357780295233
list:
dist: 0.8305284232717155 vs. 0.8305284232717155
list:
dist: 1.8314841603340262 vs. 1.8314841603340262
list:
dist: 1.3475180570847898 vs. 1.3475180570847898
list:
dist: 1.044899241330277 vs. 1.044899241330277
list:
dist: 0.9107798510124301 vs. 0.9107798510124301
list:
dist: 2.7825996801001147 vs. 2.7825996801001147
list:
dist: 1.9060241281326544 vs. 1.9060241281326544
list:
dist: 2.1175694402412155 vs. 2.1175694402412155
list:
dist: 2.9085373590456904 vs. 2.9085373590456904
list:
dist: 1.719531698095021 vs. 1.719531698095021
list:
dist: 1.5502931760588128 vs. 1.5502931760588128
list:
dist: 0.9396443226367567 vs. 0.9396443226367567
list:
dist: 2.2971905314262004 vs. 2.2971905314262004
list:
dist: 2.048322115934175 vs. 2.048322115934175
list:
dist: 0.9645689129499255 vs. 0.9645689129499255
list:
dist: 1.4603057737651914 vs. 1.4603057737651914
list:
dist: 1.664923878018859 vs. 1.664923878018859
list:
dist: 1.7172809137233886 vs. 1.7172809137233886
list:
dist: 1.3868411969670025 vs. 1.3868411969670025
list:
dist: 3.101872245309696 vs. 3.101872245309696
list:
dist: 2.8878064310416898 vs. 2.8878064310416898
list:
dist: 2.2706348641532488 vs. 2.2706348641532488
list:
dist: 1.8865503891605657 vs. 1.8865503891605657
list:
dist: 1.3952608927384664 vs. 1.3952608927384664
list:
dist: 1.2647056838417166 vs. 1.2647056838417166
list:
dist: 1.5321823412336346 vs. 1.5321823412336346
list:
dist: 1.9702763807061845 vs. 1.9702763807061845
list:
dist: 2.8447376876903814 vs. 2.8447376876903814
list:
dist: 2.3119116295299986 vs. 2.3119116295299986
list:
dist: 3.958200917722018 vs. 3.958200917722018
list:
dist: 2.3088662801743527 vs. 2.3088662801743527
list:
dist: 3.5954210721742808 vs. 3.5954210721742808
list:
dist: 2.1533132901427496 vs. 2.1533132901427496
list:
dist: 1.1003269561682867 vs. 1.1003269561682867
list:
dist: 2.682810278696203 vs. 2.682810278696203
list:
dist: 1.775724608842924 vs. 1.775724608842924
list:
dist: 1.880310518222543 vs. 1.880310518222543
list:
dist: 2.048322115934175 vs. 2.048322115934175
list:
dist: 2.8543917322017767 vs. 2.8543917322017767
list:
dist: 2.7102107771627373 vs. 2.7102107771627373
list:
dist: 3.398848817995541 vs. 3.398848817995541
list:
dist: 3.2910394444287068 vs. 3.2910394444287068
list:
dist: 2.263106634918279 vs. 2.263106634918279
list:
dist: 1.4774315548538084 vs. 1.4774315548538084
list:
dist: 1.5385433992073383 vs. 1.5385433992073383
list:
dist: 0.30062714518687195 vs. 0.30062714518687195
list:
dist: 0.8966326184922508 vs. 0.8966326184922508
list:
dist: 0.8702574196239882 vs. 0.8702574196239882
list:
dist: 2.193686374431599 vs. 2.193686374431599
list:
dist: 2.1176733576816713 vs. 2.1176733576816713
list:
dist: 1.6998107782135439 vs. 1.6998107782135439
list:
dist: 1.7897361045632416 vs. 1.7897361045632416
list:
dist: 2.5723684604830632 vs. 2.5723684604830632
list:
dist: 3.2091558942237435 vs. 3.2091558942237435
list:
dist: 4.527051393133505 vs. 4.527051393133505
list:
dist: 3.0159927065880745 vs. 3.0159927065880745
list:
dist: 1.3546723490726427 vs. 1.3546723490726427
list:
dist: 1.5377442246729338 vs. 1.5377442246729338
list:
dist: 1.7289370155150467 vs. 1.7289370155150467
list:
dist: 2.3203276832986126 vs. 2.3203276832986126
list:
dist: 1.8331460841412506 vs. 1.8331460841412506
list:
dist: 0.9555675864356921 vs. 0.9555675864356921
list:
dist: 1.7508416572339116 vs. 1.7508416572339116
list:
dist: 2.682810278696203 vs. 2.682810278696203
list:
dist: 1.5502931760588128 vs. 1.5502931760588128
list:
dist: 2.170362399784719 vs. 2.170362399784719
list:
dist: 1.0211293643785389 vs. 1.0211293643785389
list:
dist: 1.6880526771114794 vs. 1.6880526771114794
list:
dist: 2.7953536824392775 vs. 2.7953536824392775
list:
dist: 2.6554596544930584 vs. 2.6554596544930584
list:
dist: 3.5440554845289447 vs. 3.5440554845289447
list:
dist: 3.9531385590873462 vs. 3.9531385590873462
list:
dist: 2.950183986214488 vs. 2.950183986214488
list:
dist: 2.993650712805227 vs. 2.993650712805227
list:
dist: 2.370829521695859 vs. 2.370829521695859
list:
dist: 2.550232947731719 vs. 2.550232947731719
list:
dist: 3.0531565973273636 vs. 3.0531565973273636
list:
dist: 3.1634472852697675 vs. 3.1634472852697675
list:
dist: 3.1485688369697273 vs. 3.1485688369697273
list:
dist: 3.0962008205290816 vs. 3.0962008205290816
list:
dist: 2.033160786024884 vs. 2.033160786024884
list:
dist: 3.1644265145233557 vs. 3.1644265145233557
list:
dist: 4.527051393133505 vs. 4.527051393133505
list:
dist: 1.340842053798026 vs. 1.340842053798026
list:
dist: 1.8331460841412506 vs. 1.8331460841412506
list:
dist: 1.0845506078300102 vs. 1.0845506078300102
list:
dist: 2.3516835069882753 vs. 2.3516835069882753
list:
dist: 1.1003269561682867 vs. 1.1003269561682867
list:
dist: 1.719531698095021 vs. 1.719531698095021
list:
dist: 2.678471644239545 vs. 2.678471644239545
list:
dist: 2.2277401723347343 vs. 2.2277401723347343
list:
dist: 2.9964901817906506 vs. 2.9964901817906506
list:
dist: 3.322196830116201 vs. 3.322196830116201
list:
dist: 2.5604792993633407 vs. 2.5604792993633407
list:
dist: 2.0468229817827015 vs. 2.0468229817827015
list:
dist: 2.3718542965773195 vs. 2.3718542965773195
list:
dist: 1.288832230979514 vs. 1.288832230979514
list:
dist: 1.7359278654007 vs. 1.7359278654007
list:
dist: 1.0872819735974522 vs. 1.0872819735974522
list:
dist: 2.0402140728376046 vs. 2.0402140728376046
list:
dist: 2.508830905056186 vs. 2.508830905056186
list:
dist: 2.980484748291319 vs. 2.980484748291319
list:
dist: 2.5723684604830632 vs. 2.5723684604830632
list:
dist: 2.078288295405571 vs. 2.078288295405571
list:
dist: 3.1485688369697273 vs. 3.1485688369697273
list:
dist: 3.0159927065880745 vs. 3.0159927065880745
list:
dist: 3.342126225938836 vs. 3.342126225938836
list:
dist: 1.8082433227912913 vs. 1.8082433227912913
list:
dist: 1.653391302623226 vs. 1.653391302623226
list:
dist: 3.869866272218722 vs. 3.869866272218722
list:
dist: 3.1644265145233557 vs. 3.1644265145233557
list:
dist: 1.7289370155150467 vs. 1.7289370155150467
list:
dist: 2.1248028890620763 vs. 2.1248028890620763
list:
dist: 1.0853800333882169 vs. 1.0853800333882169
list:
dist: 3.5954210721742808 vs. 3.5954210721742808
list:
dist: 2.1175694402412155 vs. 2.1175694402412155
list:
dist: 2.0230331038434537 vs. 2.0230331038434537
list:
dist: 0.9432653580999355 vs. 0.9432653580999355
list:
dist: 0.6492498445389233 vs. 0.6492498445389233
list:
dist: 2.0691578843771135 vs. 2.0691578843771135
list:
dist: 2.4239743126237476 vs. 2.4239743126237476
list:
dist: 2.365977577156996 vs. 2.365977577156996
list:
dist: 3.37087870958532 vs. 3.37087870958532
list:
dist: 1.7897361045632416 vs. 1.7897361045632416
list:
dist: 2.3119116295299986 vs. 2.3119116295299986
list:
dist: 2.5831745955205903 vs. 2.5831745955205903
list:
dist: 3.4223450481198245 vs. 3.4223450481198245
list:
dist: 3.6641466516217243 vs. 3.6641466516217243
list:
dist: 2.7663903358617916 vs. 2.7663903358617916
list:
dist: 1.7903577827237842 vs. 1.7903577827237842
list:
dist: 2.276119110237626 vs. 2.276119110237626
list:
dist: 1.268858966160519 vs. 1.268858966160519
list:
dist: 1.7380688386975034 vs. 1.7380688386975034
list:
dist: 0.9107798510124301 vs. 0.9107798510124301
list:
dist: 1.540141781849062 vs. 1.540141781849062
list:
dist: 1.961193325875909 vs. 1.961193325875909
list:
dist: 1.0806447066894804 vs. 1.0806447066894804
list:
dist: 0.7628020926021231 vs. 0.7628020926021231
list:
dist: 3.241122907739146 vs. 3.241122907739146
list:
dist: 2.0402140728376046 vs. 2.0402140728376046
list:
dist: 2.550232947731719 vs. 2.550232947731719
list:
dist: 1.8687760911621603 vs. 1.8687760911621603
list:
dist: 3.323355911332704 vs. 3.323355911332704
list:
dist: 2.193686374431599 vs. 2.193686374431599
list:
dist: 1.2647056838417166 vs. 1.2647056838417166
list:
dist: 1.6545689874333998 vs. 1.6545689874333998
list:
dist: 2.7127946368200933 vs. 2.7127946368200933
list:
dist: 2.818239381610339 vs. 2.818239381610339
list:
dist: 2.4145278034849174 vs. 2.4145278034849174
list:
dist: 2.0220963706553783 vs. 2.0220963706553783
list:
dist: 3.7936881505260014 vs. 3.7936881505260014
list:
dist: 2.338438418077605 vs. 2.338438418077605
list:
dist: 2.2687498475557484 vs. 2.2687498475557484
list:
dist: 1.8314841603340262 vs. 1.8314841603340262
list:
dist: 1.32441687277515 vs. 1.32441687277515
list:
dist: 1.3556221309146566 vs. 1.3556221309146566
list:
dist: 1.922859796545045 vs. 1.922859796545045
list:
dist: 2.56866934911526 vs. 2.56866934911526
list:
dist: 1.961193325875909 vs. 1.961193325875909
list:
dist: 3.7217490218067564 vs. 3.7217490218067564
list:
dist: 2.1524780839706485 vs. 2.1524780839706485
list:
dist: 2.4239743126237476 vs. 2.4239743126237476
list:
dist: 3.8315524791738915 vs. 3.8315524791738915
list:
dist: 2.5604792993633407 vs. 2.5604792993633407
list:
dist: 2.6554596544930584 vs. 2.6554596544930584
list:
dist: 2.0064970888877975 vs. 2.0064970888877975
list:
dist: 2.996987806257206 vs. 2.996987806257206
list:
dist: 2.263106634918279 vs. 2.263106634918279
list:
dist: 1.3868411969670025 vs. 1.3868411969670025
list:
dist: 1.2609861012236911 vs. 1.2609861012236911
list:
dist: 2.033339182658507 vs. 2.033339182658507
list:
dist: 2.031851590729669 vs. 2.031851590729669
list:
dist: 1.1483705438472358 vs. 1.1483705438472358
list:
dist: 3.058679572004933 vs. 3.058679572004933
list:
dist: 2.831315842636084 vs. 2.831315842636084
list:
dist: 2.452398348868985 vs. 2.452398348868985
list:
dist: 1.7158924561593385 vs. 1.7158924561593385
list:
dist: 1.8760434198750764 vs. 1.8760434198750764
list:
dist: 2.0220963706553783 vs. 2.0220963706553783
list:
dist: 1.064175071529744 vs. 1.064175071529744
list:
dist: 2.142918560030682 vs. 2.142918560030682
list:
dist: 2.3209310463774155 vs. 2.3209310463774155
list:
dist: 1.7903577827237842 vs. 1.7903577827237842
list:
dist: 3.8494039067341737 vs. 3.8494039067341737
list:
dist: 2.508830905056186 vs. 2.508830905056186
list:
dist: 3.0531565973273636 vs. 3.0531565973273636
list:
dist: 2.258102371766501 vs. 2.258102371766501
list:
dist: 3.597598272415665 vs. 3.597598272415665
list:
dist: 2.1176733576816713 vs. 2.1176733576816713
list:
dist: 1.5321823412336346 vs. 1.5321823412336346
list:
dist: 1.5492812716851294 vs. 1.5492812716851294
list:
dist: 2.744839389114603 vs. 2.744839389114603
list:
dist: 2.7704867942253153 vs. 2.7704867942253153
list:
dist: 1.788480192808206 vs. 1.788480192808206
list:
dist: 1.064175071529744 vs. 1.064175071529744
list:
dist: 3.6021368875508863 vs. 3.6021368875508863
list:
dist: 2.1387641735303196 vs. 2.1387641735303196
list:
dist: 2.200056749977328 vs. 2.200056749977328
list:
dist: 1.3475180570847898 vs. 1.3475180570847898
list:
dist: 1.5163953891980813 vs. 1.5163953891980813
list:
dist: 1.3556221309146566 vs. 1.3556221309146566
list:
dist: 1.9746064516226065 vs. 1.9746064516226065
list:
dist: 1.8086460838398297 vs. 1.8086460838398297
list:
dist: 1.0806447066894804 vs. 1.0806447066894804
list:
dist: 1.734125511673135 vs. 1.734125511673135
list:
dist: 0.9518268824801586 vs. 0.9518268824801586
list:
dist: 0.9432653580999355 vs. 0.9432653580999355
list:
dist: 2.974409794737571 vs. 2.974409794737571
list:
dist: 2.2277401723347343 vs. 2.2277401723347343
list:
dist: 1.0211293643785389 vs. 1.0211293643785389
list:
dist: 1.2205382350595733 vs. 1.2205382350595733
list:
dist: 1.553656151646707 vs. 1.553656151646707
list:
dist: 2.7102107771627373 vs. 2.7102107771627373
list:
dist: 1.4603057737651914 vs. 1.4603057737651914
list:
dist: 1.7896485840284837 vs. 1.7896485840284837
list:
dist: 0.9937830137187256 vs. 0.9937830137187256
list:
dist: 2.1093414447427277 vs. 2.1093414447427277
list:
dist: 2.033339182658507 vs. 2.033339182658507
list:
dist: 2.9878195078992893 vs. 2.9878195078992893
list:
dist: 3.974623559428194 vs. 3.974623559428194
list:
dist: 3.003763262063495 vs. 3.003763262063495
list:
dist: 2.838491246140506 vs. 2.838491246140506
list:
dist: 2.45897701036447 vs. 2.45897701036447
list:
dist: 2.7127946368200933 vs. 2.7127946368200933
list:
dist: 2.744839389114603 vs. 2.744839389114603
list:
dist: 2.9358460238488386 vs. 2.9358460238488386
list:
dist: 3.8004636927356676 vs. 3.8004636927356676
list:
dist: 3.4223450481198245 vs. 3.4223450481198245
list:
dist: 3.1634472852697675 vs. 3.1634472852697675
list:
dist: 2.8780255768246867 vs. 2.8780255768246867
list:
dist: 2.8144317720121506 vs. 2.8144317720121506
list:
dist: 1.9702763807061845 vs. 1.9702763807061845
list:
dist: 1.2029728564709923 vs. 1.2029728564709923
list:
dist: 2.9358460238488386 vs. 2.9358460238488386
list:
dist: 2.3620795997592308 vs. 2.3620795997592308
list:
dist: 1.524246541050079 vs. 1.524246541050079
list:
dist: 2.142918560030682 vs. 2.142918560030682
list:
dist: 2.2095302974547932 vs. 2.2095302974547932
list:
dist: 1.922859796545045 vs. 1.922859796545045
list:
dist: 1.9746064516226065 vs. 1.9746064516226065
list:
dist: 3.342126225938836 vs. 3.342126225938836
list:
dist: 2.293104004587265 vs. 2.293104004587265
list:
dist: 1.4056706820120963 vs. 1.4056706820120963
list:
dist: 2.1248028890620763 vs. 2.1248028890620763
list:
dist: 2.066899910059572 vs. 2.066899910059572
list:
dist: 1.0845506078300102 vs. 1.0845506078300102
list:
dist: 0.9555675864356921 vs. 0.9555675864356921
list:
dist: 2.3843059293634172 vs. 2.3843059293634172
list:
dist: 1.775724608842924 vs. 1.775724608842924
list:
dist: 0.9396443226367567 vs. 0.9396443226367567
list:
dist: 1.8335909674854407 vs. 1.8335909674854407
list:
dist: 1.2205382350595733 vs. 1.2205382350595733
list:
dist: 1.924358341670923 vs. 1.924358341670923
list:
dist: 2.4836909470082915 vs. 2.4836909470082915
list:
dist: 2.0064970888877975 vs. 2.0064970888877975
list:
dist: 3.7262062531399542 vs. 3.7262062531399542
list:
dist: 3.0087563031913915 vs. 3.0087563031913915
list:
dist: 2.04009343748414 vs. 2.04009343748414
list:
dist: 2.0429515126408484 vs. 2.0429515126408484
list:
dist: 1.4296265031269464 vs. 1.4296265031269464
list:
dist: 1.8687760911621603 vs. 1.8687760911621603
list:
dist: 2.258102371766501 vs. 2.258102371766501
list:
dist: 2.8780255768246867 vs. 2.8780255768246867
list:
dist: 2.6199563321084365 vs. 2.6199563321084365
list:
dist: 2.0468229817827015 vs. 2.0468229817827015
list:
dist: 1.9966262452546468 vs. 1.9966262452546468
list:
dist: 1.4774315548538084 vs. 1.4774315548538084
list:
dist: 1.1288104029851136 vs. 1.1288104029851136
list:
dist: 1.197043546224879 vs. 1.197043546224879
list:
dist: 1.8008177559680096 vs. 1.8008177559680096
list:
dist: 1.813199939997852 vs. 1.813199939997852
list:
dist: 1.952546028403031 vs. 1.952546028403031
list:
dist: 2.276119110237626 vs. 2.276119110237626
list:
dist: 3.3610722347394795 vs. 3.3610722347394795
list:
dist: 2.3718542965773195 vs. 2.3718542965773195
list:
dist: 3.9531385590873462 vs. 3.9531385590873462
list:
dist: 3.0087563031913915 vs. 3.0087563031913915
list:
dist: 2.6870554276409226 vs. 2.6870554276409226
list:
dist: 1.5385433992073383 vs. 1.5385433992073383
list:
dist: 2.8878064310416898 vs. 2.8878064310416898
list:
dist: 3.4582248788559165 vs. 3.4582248788559165
list:
dist: 3.974623559428194 vs. 3.974623559428194
list:
dist: 4.435809955312328 vs. 4.435809955312328
list:
dist: 3.844847626285465 vs. 3.844847626285465
list:
dist: 2.831315842636084 vs. 2.831315842636084
list:
dist: 1.1288104029851136 vs. 1.1288104029851136
list:
dist: 1.2951046986061752 vs. 1.2951046986061752
list:
dist: 1.2126709790071653 vs. 1.2126709790071653
list:
dist: 1.594279564321941 vs. 1.594279564321941
list:
dist: 2.338438418077605 vs. 2.338438418077605
list:
dist: 2.1387641735303196 vs. 2.1387641735303196
list:
dist: 0.9867086546219656 vs. 0.9867086546219656
list:
dist: 1.268858966160519 vs. 1.268858966160519
list:
dist: 2.9044552425475567 vs. 2.9044552425475567
list:
dist: 1.6998107782135439 vs. 1.6998107782135439
list:
dist: 2.8447376876903814 vs. 2.8447376876903814
list:
dist: 3.2378150832380417 vs. 3.2378150832380417
list:
dist: 3.8004636927356676 vs. 3.8004636927356676
list:
dist: 4.18022175553542 vs. 4.18022175553542
list:
dist: 3.3934665116837732 vs. 3.3934665116837732
list:
dist: 2.3209310463774155 vs. 2.3209310463774155
list:
dist: 1.952546028403031 vs. 1.952546028403031
list:
dist: 0.9867086546219656 vs. 0.9867086546219656
list:
dist: 1.5647960110696926 vs. 1.5647960110696926
list:
dist: 1.044899241330277 vs. 1.044899241330277
list:
dist: 1.814586752390458 vs. 1.814586752390458
list:
dist: 2.56866934911526 vs. 2.56866934911526
list:
dist: 1.8086460838398297 vs. 1.8086460838398297
list:
dist: 0.7628020926021231 vs. 0.7628020926021231
list:
dist: 2.263889868162568 vs. 2.263889868162568
list:
dist: 1.288832230979514 vs. 1.288832230979514
list:
dist: 2.950183986214488 vs. 2.950183986214488
list:
dist: 2.04009343748414 vs. 2.04009343748414
list:
dist: 1.8134826982826422 vs. 1.8134826982826422
list:
dist: 0.30062714518687195 vs. 0.30062714518687195
list:
dist: 2.2706348641532488 vs. 2.2706348641532488
list:
dist: 3.059256775554632 vs. 3.059256775554632
list:
dist: 3.003763262063495 vs. 3.003763262063495
list:
dist: 3.673222127298106 vs. 3.673222127298106
list:
dist: 3.4974621628938842 vs. 3.4974621628938842
list:
dist: 2.452398348868985 vs. 2.452398348868985
list:
dist: 1.197043546224879 vs. 1.197043546224879
list:
dist: 1.2951046986061752 vs. 1.2951046986061752
list:
dist: 0.912357780295233 vs. 0.912357780295233
list:
dist: 0.9813070366690653 vs. 0.9813070366690653
list:
dist: 2.2687498475557484 vs. 2.2687498475557484
list:
dist: 2.200056749977328 vs. 2.200056749977328
list:
dist: 1.5647960110696926 vs. 1.5647960110696926
list:
dist: 1.7380688386975034 vs. 1.7380688386975034
list:
dist: 2.2526597592314728 vs. 2.2526597592314728
list:
dist: 1.653391302623226 vs. 1.653391302623226
list:
dist: 2.670521819681261 vs. 2.670521819681261
list:
dist: 2.033160786024884 vs. 2.033160786024884
list:
dist: 1.5377442246729338 vs. 1.5377442246729338
list:
dist: 1.4056706820120963 vs. 1.4056706820120963
list:
dist: 2.4636219006616606 vs. 2.4636219006616606
list:
dist: 2.3088662801743527 vs. 2.3088662801743527
list:
dist: 1.9060241281326544 vs. 1.9060241281326544
list:
dist: 2.417256943896068 vs. 2.417256943896068
list:
dist: 0.9518268824801586 vs. 0.9518268824801586
list:
dist: 1.8478078154193434 vs. 1.8478078154193434
list:
dist: 2.6142283891560716 vs. 2.6142283891560716
list:
dist: 2.1524780839706485 vs. 2.1524780839706485
list:
dist: 3.780174832802172 vs. 3.780174832802172
list:
dist: 2.078288295405571 vs. 2.078288295405571
list:
dist: 3.188284615586347 vs. 3.188284615586347
list:
dist: 2.670521819681261 vs. 2.670521819681261
list:
dist: 3.869866272218722 vs. 3.869866272218722
list:
dist: 3.2091558942237435 vs. 3.2091558942237435
list:
dist: 1.340842053798026 vs. 1.340842053798026
list:
dist: 2.3203276832986126 vs. 2.3203276832986126
list:
dist: 2.066899910059572 vs. 2.066899910059572
list:
dist: 2.3216162549631094 vs. 2.3216162549631094
list:
dist: 2.1533132901427496 vs. 2.1533132901427496
list:
dist: 2.9085373590456904 vs. 2.9085373590456904
list:
dist: 3.861934033957622 vs. 3.861934033957622
list:
dist: 2.974409794737571 vs. 2.974409794737571
list:
dist: 3.864368137073948 vs. 3.864368137073948
list:
dist: 4.523197356926295 vs. 4.523197356926295
list:
dist: 3.8315524791738915 vs. 3.8315524791738915
list:
dist: 2.6199563321084365 vs. 2.6199563321084365
list:
dist: 3.3610722347394795 vs. 3.3610722347394795
list:
dist: 2.263889868162568 vs. 2.263889868162568
list:
dist: 2.9701906571075125 vs. 2.9701906571075125
list:
dist: 2.3941576515803007 vs. 2.3941576515803007
list:
dist: 3.241122907739146 vs. 3.241122907739146
list:
dist: 3.8494039067341737 vs. 3.8494039067341737
list:
dist: 2.980484748291319 vs. 2.980484748291319
list:
dist: 2.2526597592314728 vs. 2.2526597592314728
list:
dist: 1.8082433227912913 vs. 1.8082433227912913
list:
dist: 3.188284615586347 vs. 3.188284615586347
list:
dist: 3.0962008205290816 vs. 3.0962008205290816
list:
dist: 1.3546723490726427 vs. 1.3546723490726427
list:
dist: 2.293104004587265 vs. 2.293104004587265
list:
dist: 1.5629167773359938 vs. 1.5629167773359938
list:
dist: 3.958200917722018 vs. 3.958200917722018
list:
dist: 2.7825996801001147 vs. 2.7825996801001147
list:
dist: 3.126899786749293 vs. 3.126899786749293
list:
dist: 1.734125511673135 vs. 1.734125511673135
list:
dist: 2.0907214364428315 vs. 2.0907214364428315
list:
dist: 3.583553353087689 vs. 3.583553353087689
list:
dist: 3.7217490218067564 vs. 3.7217490218067564
list:
dist: 3.697171405273311 vs. 3.697171405273311
list:
dist: 2.3216162549631094 vs. 2.3216162549631094
list:
dist: 2.3516835069882753 vs. 2.3516835069882753
list:
dist: 1.880310518222543 vs. 1.880310518222543
list:
dist: 1.9966262452546468 vs. 1.9966262452546468
list:
dist: 2.6870554276409226 vs. 2.6870554276409226
list:
dist: 1.8134826982826422 vs. 1.8134826982826422
list:
dist: 2.6212744698605612 vs. 2.6212744698605612
list:
dist: 2.7187452649323607 vs. 2.7187452649323607
list:
dist: 2.9044552425475567 vs. 2.9044552425475567
list:
dist: 3.37087870958532 vs. 3.37087870958532
list:
dist: 2.0907214364428315 vs. 2.0907214364428315
list:
dist: 1.8478078154193434 vs. 1.8478078154193434
list:
dist: 0.6492498445389233 vs. 0.6492498445389233
list:
dist: 3.864368137073948 vs. 3.864368137073948
list:
dist: 2.9964901817906506 vs. 2.9964901817906506
list:
dist: 1.6880526771114794 vs. 1.6880526771114794
list:
dist: 1.924358341670923 vs. 1.924358341670923
list:
dist: 1.020811416093255 vs. 1.020811416093255
list:
dist: 3.398848817995541 vs. 3.398848817995541
list:
dist: 1.664923878018859 vs. 1.664923878018859
list:
dist: 1.4113132252246747 vs. 1.4113132252246747
list:
dist: 0.9937830137187256 vs. 0.9937830137187256
list:
dist: 1.550261831873088 vs. 1.550261831873088
list:
dist: 2.031851590729669 vs. 2.031851590729669
list:
dist: 1.9968530545239338 vs. 1.9968530545239338
list:
dist: 4.435809955312328 vs. 4.435809955312328
list:
dist: 3.673222127298106 vs. 3.673222127298106
list:
dist: 3.296238948551585 vs. 3.296238948551585
list:
dist: 2.967740319433398 vs. 2.967740319433398
list:
dist: 2.818239381610339 vs. 2.818239381610339
list:
dist: 2.7704867942253153 vs. 2.7704867942253153
list:
dist: 2.3620795997592308 vs. 2.3620795997592308
list:
dist: 4.18022175553542 vs. 4.18022175553542
list:
dist: 3.6641466516217243 vs. 3.6641466516217243
list:
dist: 3.126899786749293 vs. 3.126899786749293
list:
dist: 2.417256943896068 vs. 2.417256943896068
list:
dist: 2.0230331038434537 vs. 2.0230331038434537
list:
dist: 3.861934033957622 vs. 3.861934033957622
list:
dist: 2.678471644239545 vs. 2.678471644239545
list:
dist: 2.170362399784719 vs. 2.170362399784719
list:
dist: 1.8335909674854407 vs. 1.8335909674854407
list:
dist: 2.129610366719501 vs. 2.129610366719501
list:
dist: 2.8543917322017767 vs. 2.8543917322017767
list:
dist: 0.9645689129499255 vs. 0.9645689129499255
list:
dist: 1.7896485840284837 vs. 1.7896485840284837
list:
dist: 1.4113132252246747 vs. 1.4113132252246747
list:
dist: 0.9123373018260451 vs. 0.9123373018260451
list:
dist: 1.2609861012236911 vs. 1.2609861012236911
list:
dist: 2.2574060435734533 vs. 2.2574060435734533
list:
dist: 3.4582248788559165 vs. 3.4582248788559165
list:
dist: 3.059256775554632 vs. 3.059256775554632
list:
dist: 2.4600273560574433 vs. 2.4600273560574433
list:
dist: 2.185425343371353 vs. 2.185425343371353
list:
dist: 1.6545689874333998 vs. 1.6545689874333998
list:
dist: 1.5492812716851294 vs. 1.5492812716851294
list:
dist: 1.2029728564709923 vs. 1.2029728564709923
list:
dist: 3.2378150832380417 vs. 3.2378150832380417
list:
dist: 2.5831745955205903 vs. 2.5831745955205903
list:
dist: 1.5629167773359938 vs. 1.5629167773359938
list:
dist: 2.4636219006616606 vs. 2.4636219006616606
list:
dist: 1.0853800333882169 vs. 1.0853800333882169
list:
dist: 3.5087077468023136 vs. 3.5087077468023136
list:
dist: 1.7508416572339116 vs. 1.7508416572339116
list:
dist: 2.3843059293634172 vs. 2.3843059293634172
list:
dist: 2.2971905314262004 vs. 2.2971905314262004
list:
dist: 2.129610366719501 vs. 2.129610366719501
list:
dist: 1.553656151646707 vs. 1.553656151646707
list:
dist: 1.020811416093255 vs. 1.020811416093255
list:
dist: 2.4302948888983003 vs. 2.4302948888983003
list:
dist: 2.996987806257206 vs. 2.996987806257206
list:
dist: 2.1439222530333812 vs. 2.1439222530333812
list:
dist: 3.323355911332704 vs. 3.323355911332704
list:
dist: 3.597598272415665 vs. 3.597598272415665
list:
dist: 2.8144317720121506 vs. 2.8144317720121506
list:
dist: 2.3941576515803007 vs. 2.3941576515803007
list:
dist: 1.0872819735974522 vs. 1.0872819735974522
list:
dist: 2.370829521695859 vs. 2.370829521695859
list:
dist: 1.4296265031269464 vs. 1.4296265031269464
list:
dist: 2.7187452649323607 vs. 2.7187452649323607
list:
dist: 0.8702574196239882 vs. 0.8702574196239882
list:
dist: 1.3952608927384664 vs. 1.3952608927384664
list:
dist: 2.185425343371353 vs. 2.185425343371353
list:
dist: 2.45897701036447 vs. 2.45897701036447
list:
dist: 2.967740319433398 vs. 2.967740319433398
list:
dist: 2.759667726568132 vs. 2.759667726568132
list:
dist: 1.8760434198750764 vs. 1.8760434198750764
list:
dist: 1.813199939997852 vs. 1.813199939997852
list:
dist: 1.594279564321941 vs. 1.594279564321941
list:
dist: 0.9813070366690653 vs. 0.9813070366690653
list:
dist: 0.8305284232717155 vs. 0.8305284232717155
list:
dist: 1.32441687277515 vs. 1.32441687277515
list:
dist: 1.5163953891980813 vs. 1.5163953891980813
list:
dist: 1.814586752390458 vs. 1.814586752390458
list:
dist: 1.540141781849062 vs. 1.540141781849062
list:
dist: 3.583553353087689 vs. 3.583553353087689
list:
dist: 2.6142283891560716 vs. 2.6142283891560716
list:
dist: 2.0691578843771135 vs. 2.0691578843771135
list:
dist: 4.523197356926295 vs. 4.523197356926295
list:
dist: 3.322196830116201 vs. 3.322196830116201
list:
dist: 2.7953536824392775 vs. 2.7953536824392775
list:
dist: 2.4836909470082915 vs. 2.4836909470082915
list:
dist: 2.4302948888983003 vs. 2.4302948888983003
list:
dist: 3.2910394444287068 vs. 3.2910394444287068
list:
dist: 1.7172809137233886 vs. 1.7172809137233886
list:
dist: 0.9123373018260451 vs. 0.9123373018260451
list:
dist: 2.1093414447427277 vs. 2.1093414447427277
list:
dist: 1.550261831873088 vs. 1.550261831873088
list:
dist: 1.1483705438472358 vs. 1.1483705438472358
list:
dist: 1.9333960219895456 vs. 1.9333960219895456
list:
dist: 3.844847626285465 vs. 3.844847626285465
list:
dist: 3.4974621628938842 vs. 3.4974621628938842
list:
dist: 2.789393207564483 vs. 2.789393207564483
list:
dist: 2.759667726568132 vs. 2.759667726568132
list:
dist: 2.4145278034849174 vs. 2.4145278034849174
list:
dist: 1.788480192808206 vs. 1.788480192808206
list:
dist: 1.524246541050079 vs. 1.524246541050079
list:
dist: 3.3934665116837732 vs. 3.3934665116837732
list:
dist: 2.7663903358617916 vs. 2.7663903358617916
list:
dist: 3.697171405273311 vs. 3.697171405273311
list:
dist: 3.780174832802172 vs. 3.780174832802172
list:
dist: 2.365977577156996 vs. 2.365977577156996
list:
dist: 2.1957925563537937 vs. 2.1957925563537937
list:
dist: 3.5440554845289447 vs. 3.5440554845289447
list:
dist: 3.7262062531399542 vs. 3.7262062531399542
list:
dist: 2.1439222530333812 vs. 2.1439222530333812
list:
dist: 3.101872245309696 vs. 3.101872245309696
list:
dist: 2.2574060435734533 vs. 2.2574060435734533
list:
dist: 2.9878195078992893 vs. 2.9878195078992893
list:
dist: 1.9968530545239338 vs. 1.9968530545239338
list:
dist: 1.9333960219895456 vs. 1.9333960219895456
list:
dist: 3.058679572004933 vs. 3.058679572004933
list:
dist: 3.7936881505260014 vs. 3.7936881505260014
list:
dist: 3.6021368875508863 vs. 3.6021368875508863
list:
dist: 2.2095302974547932 vs. 2.2095302974547932
800
rk
<OccurredElementalReaction>
	 elmtlRkId: 0
	 p(id,type,coords) 26 1 2.069232896163933 4.108769113422165 -0.720579232315775
</OccurredElementalReaction>
rk
<OccurredElementalReaction>
	 elmtlRkId: 4
	 p(id,type,coords) 143 5 16.864711558549377 -4.967359791286695 12.468527958901614
</OccurredElementalReaction>
rk
<OccurredElementalReaction>
	 elmtlRkId: 2
	 p(id,type,coords) 84 3 6.112023711625729 -0.8422157335620091 18.14500309703678
</OccurredElementalReaction>
900
Neighbor List consistency Check...
--------
nle(id0,id1,dist): 5 7 1.5903646500403437
list:
dist: 1.5903646500403437 vs. 1.5903646500403437
--------
nle(id0,id1,dist): 4 29 2.9452174575613053
list:
dist: 2.9452174575613053 vs. 2.9452174575613053
--------
nle(id0,id1,dist): 5 22 3.254420103347516
list:
dist: 3.254420103347516 vs. 3.254420103347516
--------
nle(id0,id1,dist): 5 13 2.3433563535288426
list:
dist: 2.3433563535288426 vs. 2.3433563535288426
--------
nle(id0,id1,dist): 5 15 1.7114935410619088
list:
dist: 1.7114935410619088 vs. 1.7114935410619088
--------
nle(id0,id1,dist): 5 14 2.0233574437028627
list:
dist: 2.0233574437028627 vs. 2.0233574437028627
--------
nle(id0,id1,dist): 5 9 2.881477939754499
list:
dist: 2.881477939754499 vs. 2.881477939754499
--------
nle(id0,id1,dist): 4 11 1.612479327625865
list:
dist: 1.612479327625865 vs. 1.612479327625865
--------
nle(id0,id1,dist): 4 12 2.8657238359793076
list:
dist: 2.8657238359793076 vs. 2.8657238359793076
--------
nle(id0,id1,dist): 4 9 2.428735497318508
list:
dist: 2.428735497318508 vs. 2.428735497318508
--------
nle(id0,id1,dist): 4 10 1.5968265342396921
list:
dist: 1.5968265342396921 vs. 1.5968265342396921
--------
nle(id0,id1,dist): 4 7 3.2625791869777787
list:
dist: 3.2625791869777787 vs. 3.2625791869777787
--------
nle(id0,id1,dist): 4 8 1.1485131173094982
list:
dist: 1.1485131173094982 vs. 1.1485131173094982
--------
nle(id0,id1,dist): 4 6 1.5452617666500914
list:
dist: 1.5452617666500914 vs. 1.5452617666500914
--------
nle(id0,id1,dist): 4 27 1.672072480779724
list:
dist: 1.672072480779724 vs. 1.672072480779724
--------
nle(id0,id1,dist): 4 24 0.6421385861364454
list:
dist: 0.6421385861364454 vs. 0.6421385861364454
--------
nle(id0,id1,dist): 4 23 1.4921188769318678
list:
dist: 1.4921188769318678 vs. 1.4921188769318678
--------
nle(id0,id1,dist): 4 22 3.0884826132860046
list:
dist: 3.0884826132860046 vs. 3.0884826132860046
--------
nle(id0,id1,dist): 4 21 2.181042661525468
list:
dist: 2.181042661525468 vs. 2.181042661525468
--------
nle(id0,id1,dist): 4 20 1.941261964153267
list:
dist: 1.941261964153267 vs. 1.941261964153267
--------
nle(id0,id1,dist): 4 19 1.3943090055360927
list:
dist: 1.3943090055360927 vs. 1.3943090055360927
--------
nle(id0,id1,dist): 4 18 2.3285636432632923
list:
dist: 2.3285636432632923 vs. 2.3285636432632923
--------
nle(id0,id1,dist): 4 17 1.7530063518815466
list:
dist: 1.7530063518815466 vs. 1.7530063518815466
--------
nle(id0,id1,dist): 4 15 3.277554322421341
list:
dist: 3.277554322421341 vs. 3.277554322421341
--------
nle(id0,id1,dist): 4 14 2.4750695070019373
list:
dist: 2.4750695070019373 vs. 2.4750695070019373
--------
nle(id0,id1,dist): 4 13 2.2625006001619723
list:
dist: 2.2625006001619723 vs. 2.2625006001619723
--------
nle(id0,id1,dist): 6 27 2.152094875766751
list:
dist: 2.152094875766751 vs. 2.152094875766751
--------
nle(id0,id1,dist): 6 29 4.002554877810711
list:
dist: 4.002554877810711 vs. 4.002554877810711
--------
nle(id0,id1,dist): 6 19 1.4672573666709208
list:
dist: 1.4672573666709208 vs. 1.4672573666709208
--------
nle(id0,id1,dist): 6 20 2.4317027037494823
list:
dist: 2.4317027037494823 vs. 2.4317027037494823
--------
nle(id0,id1,dist): 6 21 3.0615498504523257
list:
dist: 3.0615498504523257 vs. 3.0615498504523257
--------
nle(id0,id1,dist): 6 22 2.7872252810751212
list:
dist: 2.7872252810751212 vs. 2.7872252810751212
--------
nle(id0,id1,dist): 6 23 2.3611105596145103
list:
dist: 2.3611105596145103 vs. 2.3611105596145103
--------
nle(id0,id1,dist): 6 24 1.9317088620275544
list:
dist: 1.9317088620275544 vs. 1.9317088620275544
--------
nle(id0,id1,dist): 7 9 1.8658481612567839
list:
dist: 1.8658481612567839 vs. 1.8658481612567839
--------
nle(id0,id1,dist): 7 8 2.567677928018095
list:
dist: 2.567677928018095 vs. 2.567677928018095
--------
nle(id0,id1,dist): 7 10 3.0267311056869324
list:
dist: 3.0267311056869324 vs. 3.0267311056869324
--------
nle(id0,id1,dist): 7 13 1.164236272450972
list:
dist: 1.164236272450972 vs. 1.164236272450972
--------
nle(id0,id1,dist): 7 12 3.5065546501522746
list:
dist: 3.5065546501522746 vs. 3.5065546501522746
--------
nle(id0,id1,dist): 6 14 1.4092371431792439
list:
dist: 1.4092371431792439 vs. 1.4092371431792439
--------
nle(id0,id1,dist): 6 13 1.2382596035493036
list:
dist: 1.2382596035493036 vs. 1.2382596035493036
--------
nle(id0,id1,dist): 6 12 2.320078339949723
list:
dist: 2.320078339949723 vs. 2.320078339949723
--------
nle(id0,id1,dist): 6 11 2.9019774914147445
list:
dist: 2.9019774914147445 vs. 2.9019774914147445
--------
nle(id0,id1,dist): 6 18 2.773189600926972
list:
dist: 2.773189600926972 vs. 2.773189600926972
--------
nle(id0,id1,dist): 6 17 2.8686769928848963
list:
dist: 2.8686769928848963 vs. 2.8686769928848963
--------
nle(id0,id1,dist): 6 15 2.113282887240283
list:
dist: 2.113282887240283 vs. 2.113282887240283
--------
nle(id0,id1,dist): 6 10 1.7146847137107524
list:
dist: 1.7146847137107524 vs. 1.7146847137107524
--------
nle(id0,id1,dist): 6 9 1.7503546122413112
list:
dist: 1.7503546122413112 vs. 1.7503546122413112
--------
nle(id0,id1,dist): 6 8 0.9695129993691277
list:
dist: 0.9695129993691277 vs. 0.9695129993691277
--------
nle(id0,id1,dist): 6 7 1.950326490726033
list:
dist: 1.950326490726033 vs. 1.950326490726033
--------
nle(id0,id1,dist): 8 14 1.9814169578976364
list:
dist: 1.9814169578976364 vs. 1.9814169578976364
--------
nle(id0,id1,dist): 8 13 1.8957155894501476
list:
dist: 1.8957155894501476 vs. 1.8957155894501476
--------
nle(id0,id1,dist): 8 15 2.824028716817917
list:
dist: 2.824028716817917 vs. 2.824028716817917
--------
nle(id0,id1,dist): 8 10 0.7822154531929536
list:
dist: 0.7822154531929536 vs. 0.7822154531929536
--------
nle(id0,id1,dist): 8 9 2.4665697030033304
list:
dist: 2.4665697030033304 vs. 2.4665697030033304
--------
nle(id0,id1,dist): 8 12 1.9532157334239455
list:
dist: 1.9532157334239455 vs. 1.9532157334239455
--------
nle(id0,id1,dist): 8 11 2.325188534574252
list:
dist: 2.325188534574252 vs. 2.325188534574252
--------
nle(id0,id1,dist): 8 22 3.374011443243769
list:
dist: 3.374011443243769 vs. 3.374011443243769
--------
nle(id0,id1,dist): 8 21 3.179177491218726
list:
dist: 3.179177491218726 vs. 3.179177491218726
--------
nle(id0,id1,dist): 8 24 1.5233397628681602
list:
dist: 1.5233397628681602 vs. 1.5233397628681602
--------
nle(id0,id1,dist): 8 23 1.90963817069036
list:
dist: 1.90963817069036 vs. 1.90963817069036
--------
nle(id0,id1,dist): 8 18 3.164742313780164
list:
dist: 3.164742313780164 vs. 3.164742313780164
--------
nle(id0,id1,dist): 8 17 2.632035157798465
list:
dist: 2.632035157798465 vs. 2.632035157798465
--------
nle(id0,id1,dist): 8 20 1.9523603977769914
list:
dist: 1.9523603977769914 vs. 1.9523603977769914
--------
nle(id0,id1,dist): 8 19 1.8871433656406424
list:
dist: 1.8871433656406424 vs. 1.8871433656406424
--------
nle(id0,id1,dist): 8 29 4.047040158273095
list:
dist: 4.047040158273095 vs. 4.047040158273095
--------
nle(id0,id1,dist): 8 27 2.4559561233149583
list:
dist: 2.4559561233149583 vs. 2.4559561233149583
--------
nle(id0,id1,dist): 7 19 3.127317066551968
list:
dist: 3.127317066551968 vs. 3.127317066551968
--------
nle(id0,id1,dist): 7 18 3.9417914874738407
list:
dist: 3.9417914874738407 vs. 3.9417914874738407
--------
nle(id0,id1,dist): 7 15 0.7354422161161693
list:
dist: 0.7354422161161693 vs. 0.7354422161161693
--------
nle(id0,id1,dist): 7 14 0.8970616832311742
list:
dist: 0.8970616832311742 vs. 0.8970616832311742
--------
nle(id0,id1,dist): 7 27 3.297832312682423
list:
dist: 3.297832312682423 vs. 3.297832312682423
--------
nle(id0,id1,dist): 7 24 3.7875378993000015
list:
dist: 3.7875378993000015 vs. 3.7875378993000015
--------
nle(id0,id1,dist): 7 22 2.6927405683191656
list:
dist: 2.6927405683191656 vs. 2.6927405683191656
--------
nle(id0,id1,dist): 10 12 1.8015078061611551
list:
dist: 1.8015078061611551 vs. 1.8015078061611551
--------
nle(id0,id1,dist): 10 11 2.3819811373755746
list:
dist: 2.3819811373755746 vs. 2.3819811373755746
--------
nle(id0,id1,dist): 10 14 2.521427652890374
list:
dist: 2.521427652890374 vs. 2.521427652890374
--------
nle(id0,id1,dist): 10 13 2.5133713483172913
list:
dist: 2.5133713483172913 vs. 2.5133713483172913
--------
nle(id0,id1,dist): 10 15 3.378296215318705
list:
dist: 3.378296215318705 vs. 3.378296215318705
--------
nle(id0,id1,dist): 10 17 2.9664916796615826
list:
dist: 2.9664916796615826 vs. 2.9664916796615826
--------
nle(id0,id1,dist): 10 18 3.8329416018638907
list:
dist: 3.8329416018638907 vs. 3.8329416018638907
--------
nle(id0,id1,dist): 10 19 2.6073095669328032
list:
dist: 2.6073095669328032 vs. 2.6073095669328032
--------
nle(id0,id1,dist): 10 20 2.020591924635915
list:
dist: 2.020591924635915 vs. 2.020591924635915
--------
nle(id0,id1,dist): 10 21 3.724505130248374
list:
dist: 3.724505130248374 vs. 3.724505130248374
--------
nle(id0,id1,dist): 10 22 4.015497209455847
list:
dist: 4.015497209455847 vs. 4.015497209455847
--------
nle(id0,id1,dist): 10 23 2.095218316253088
list:
dist: 2.095218316253088 vs. 2.095218316253088
--------
nle(id0,id1,dist): 10 24 1.8724653334391057
list:
dist: 1.8724653334391057 vs. 1.8724653334391057
--------
nle(id0,id1,dist): 10 27 3.0977778476965274
list:
dist: 3.0977778476965274 vs. 3.0977778476965274
--------
nle(id0,id1,dist): 10 29 4.523190265086087
list:
dist: 4.523190265086087 vs. 4.523190265086087
--------
nle(id0,id1,dist): 9 10 3.1612591368037743
list:
dist: 3.1612591368037743 vs. 3.1612591368037743
--------
nle(id0,id1,dist): 9 15 1.3648311819553114
list:
dist: 1.3648311819553114 vs. 1.3648311819553114
--------
nle(id0,id1,dist): 9 14 1.2155385857017842
list:
dist: 1.2155385857017842 vs. 1.2155385857017842
--------
nle(id0,id1,dist): 9 13 0.9205865829850565
list:
dist: 0.9205865829850565 vs. 0.9205865829850565
--------
nle(id0,id1,dist): 9 19 1.948898776789194
list:
dist: 1.948898776789194 vs. 1.948898776789194
--------
nle(id0,id1,dist): 9 18 2.1797534484607968
list:
dist: 2.1797534484607968 vs. 2.1797534484607968
--------
nle(id0,id1,dist): 9 22 1.093511174199761
list:
dist: 1.093511174199761 vs. 1.093511174199761
--------
nle(id0,id1,dist): 9 27 1.6283114448717997
list:
dist: 1.6283114448717997 vs. 1.6283114448717997
--------
nle(id0,id1,dist): 9 24 2.9216868683857076
list:
dist: 2.9216868683857076 vs. 2.9216868683857076
--------
nle(id0,id1,dist): 9 28 2.5319191306296185
list:
dist: 2.5319191306296185 vs. 2.5319191306296185
--------
nle(id0,id1,dist): 12 20 1.9827421086696528
list:
dist: 1.9827421086696528 vs. 1.9827421086696528
--------
nle(id0,id1,dist): 12 17 3.609006732300591
list:
dist: 3.609006732300591 vs. 3.609006732300591
--------
nle(id0,id1,dist): 12 14 3.3723427224872045
list:
dist: 3.3723427224872045 vs. 3.3723427224872045
--------
nle(id0,id1,dist): 11 29 2.9285496029248286
list:
dist: 2.9285496029248286 vs. 2.9285496029248286
--------
nle(id0,id1,dist): 11 27 2.8621692009326685
list:
dist: 2.8621692009326685 vs. 2.8621692009326685
--------
nle(id0,id1,dist): 11 23 0.8584853537484373
list:
dist: 0.8584853537484373 vs. 0.8584853537484373
--------
nle(id0,id1,dist): 11 24 1.0508571046644952
list:
dist: 1.0508571046644952 vs. 1.0508571046644952
--------
nle(id0,id1,dist): 11 19 2.3891533586320226
list:
dist: 2.3891533586320226 vs. 2.3891533586320226
--------
nle(id0,id1,dist): 11 18 3.169816395052717
list:
dist: 3.169816395052717 vs. 3.169816395052717
--------
nle(id0,id1,dist): 11 21 2.3111991099125615
list:
dist: 2.3111991099125615 vs. 2.3111991099125615
--------
nle(id0,id1,dist): 11 20 1.428299006518519
list:
dist: 1.428299006518519 vs. 1.428299006518519
--------
nle(id0,id1,dist): 11 17 1.0484349213362711
list:
dist: 1.0484349213362711 vs. 1.0484349213362711
--------
nle(id0,id1,dist): 11 12 3.1963752920044763
list:
dist: 3.1963752920044763 vs. 3.1963752920044763
--------
nle(id0,id1,dist): 13 27 2.1449944121587743
list:
dist: 2.1449944121587743 vs. 2.1449944121587743
--------
nle(id0,id1,dist): 13 24 2.81182032174744
list:
dist: 2.81182032174744 vs. 2.81182032174744
--------
nle(id0,id1,dist): 13 28 3.3401918629213903
list:
dist: 3.3401918629213903 vs. 3.3401918629213903
--------
nle(id0,id1,dist): 13 18 2.843851535298748
list:
dist: 2.843851535298748 vs. 2.843851535298748
--------
nle(id0,id1,dist): 13 19 2.1322038545001334
list:
dist: 2.1322038545001334 vs. 2.1322038545001334
--------
nle(id0,id1,dist): 13 22 1.8898199242176468
list:
dist: 1.8898199242176468 vs. 1.8898199242176468
--------
nle(id0,id1,dist): 13 15 1.0154282613570091
list:
dist: 1.0154282613570091 vs. 1.0154282613570091
--------
nle(id0,id1,dist): 13 14 0.3545255416022813
list:
dist: 0.3545255416022813 vs. 0.3545255416022813
--------
nle(id0,id1,dist): 12 23 2.5337337553738966
list:
dist: 2.5337337553738966 vs. 2.5337337553738966
--------
nle(id0,id1,dist): 12 24 2.868497516878814
list:
dist: 2.868497516878814 vs. 2.868497516878814
--------
nle(id0,id1,dist): 15 28 3.5835015430341306
list:
dist: 3.5835015430341306 vs. 3.5835015430341306
--------
nle(id0,id1,dist): 15 27 2.9445018217219943
list:
dist: 2.9445018217219943 vs. 2.9445018217219943
--------
nle(id0,id1,dist): 15 24 3.81781850282808
list:
dist: 3.81781850282808 vs. 3.81781850282808
--------
nle(id0,id1,dist): 15 22 2.040474689839441
list:
dist: 2.040474689839441 vs. 2.040474689839441
--------
nle(id0,id1,dist): 15 19 2.992789269359989
list:
dist: 2.992789269359989 vs. 2.992789269359989
--------
nle(id0,id1,dist): 15 18 3.53337705216664
list:
dist: 3.53337705216664 vs. 3.53337705216664
--------
nle(id0,id1,dist): 14 27 2.4685260830610396
list:
dist: 2.4685260830610396 vs. 2.4685260830610396
--------
nle(id0,id1,dist): 14 15 0.8833051744034555
list:
dist: 0.8833051744034555 vs. 0.8833051744034555
--------
nle(id0,id1,dist): 14 18 3.189201530696838
list:
dist: 3.189201530696838 vs. 3.189201530696838
--------
nle(id0,id1,dist): 14 24 3.0404657268960897
list:
dist: 3.0404657268960897 vs. 3.0404657268960897
--------
nle(id0,id1,dist): 14 19 2.454130713319786
list:
dist: 2.454130713319786 vs. 2.454130713319786
--------
nle(id0,id1,dist): 14 22 2.1002656726170494
list:
dist: 2.1002656726170494 vs. 2.1002656726170494
--------
nle(id0,id1,dist): 17 18 2.4378526853038345
list:
dist: 2.4378526853038345 vs. 2.4378526853038345
--------
nle(id0,id1,dist): 17 19 1.8603448348069682
list:
dist: 1.8603448348069682 vs. 1.8603448348069682
--------
nle(id0,id1,dist): 17 23 1.1293320236686604
list:
dist: 1.1293320236686604 vs. 1.1293320236686604
--------
nle(id0,id1,dist): 17 20 1.7837307511286375
list:
dist: 1.7837307511286375 vs. 1.7837307511286375
--------
nle(id0,id1,dist): 17 21 1.3952224594075684
list:
dist: 1.3952224594075684 vs. 1.3952224594075684
--------
nle(id0,id1,dist): 17 27 2.4040016129625554
list:
dist: 2.4040016129625554 vs. 2.4040016129625554
--------
nle(id0,id1,dist): 17 24 1.166464494587172
list:
dist: 1.166464494587172 vs. 1.166464494587172
--------
nle(id0,id1,dist): 16 28 0.9743190805587499
list:
dist: 0.9743190805587499 vs. 0.9743190805587499
--------
nle(id0,id1,dist): 1 2 2.679381002073665
list:
dist: 2.679381002073665 vs. 2.679381002073665
--------
nle(id0,id1,dist): 1 5 1.2594517588075975
list:
dist: 1.2594517588075975 vs. 1.2594517588075975
--------
nle(id0,id1,dist): 1 7 1.960820981206057
list:
dist: 1.960820981206057 vs. 1.960820981206057
--------
nle(id0,id1,dist): 1 9 2.2921412425774466
list:
dist: 2.2921412425774466 vs. 2.2921412425774466
--------
nle(id0,id1,dist): 2 5 2.952032551098987
list:
dist: 2.952032551098987 vs. 2.952032551098987
--------
nle(id0,id1,dist): 2 6 1.1646682128909818
list:
dist: 1.1646682128909818 vs. 1.1646682128909818
--------
nle(id0,id1,dist): 2 3 2.3463017699184907
list:
dist: 2.3463017699184907 vs. 2.3463017699184907
--------
nle(id0,id1,dist): 2 4 1.5138586864285684
list:
dist: 1.5138586864285684 vs. 1.5138586864285684
--------
nle(id0,id1,dist): 1 15 1.6827182210057419
list:
dist: 1.6827182210057419 vs. 1.6827182210057419
--------
nle(id0,id1,dist): 1 14 1.8347525717103756
list:
dist: 1.8347525717103756 vs. 1.8347525717103756
--------
nle(id0,id1,dist): 1 13 2.040747913820843
list:
dist: 2.040747913820843 vs. 2.040747913820843
--------
nle(id0,id1,dist): 1 22 2.3335599166732903
list:
dist: 2.3335599166732903 vs. 2.3335599166732903
--------
nle(id0,id1,dist): 2 27 2.374489060729056
list:
dist: 2.374489060729056 vs. 2.374489060729056
--------
nle(id0,id1,dist): 2 24 2.090598628303013
list:
dist: 2.090598628303013 vs. 2.090598628303013
--------
nle(id0,id1,dist): 2 12 2.6218090259408
list:
dist: 2.6218090259408 vs. 2.6218090259408
--------
nle(id0,id1,dist): 2 14 1.3799010077496168
list:
dist: 1.3799010077496168 vs. 1.3799010077496168
--------
nle(id0,id1,dist): 2 13 1.380091288486146
list:
dist: 1.380091288486146 vs. 1.380091288486146
--------
nle(id0,id1,dist): 2 8 0.884948327842803
list:
dist: 0.884948327842803 vs. 0.884948327842803
--------
nle(id0,id1,dist): 2 7 2.0564872044246543
list:
dist: 2.0564872044246543 vs. 2.0564872044246543
--------
nle(id0,id1,dist): 2 10 1.2406048924480193
list:
dist: 1.2406048924480193 vs. 1.2406048924480193
--------
nle(id0,id1,dist): 2 9 2.0569975858678613
list:
dist: 2.0569975858678613 vs. 2.0569975858678613
--------
nle(id0,id1,dist): 2 19 2.230692452916323
list:
dist: 2.230692452916323 vs. 2.230692452916323
--------
nle(id0,id1,dist): 2 22 2.870876356667704
list:
dist: 2.870876356667704 vs. 2.870876356667704
--------
nle(id0,id1,dist): 2 15 2.2617640650319486
list:
dist: 2.2617640650319486 vs. 2.2617640650319486
--------
nle(id0,id1,dist): 2 18 3.209395068832128
list:
dist: 3.209395068832128 vs. 3.209395068832128
--------
nle(id0,id1,dist): 3 24 3.812019060338047
list:
dist: 3.812019060338047 vs. 3.812019060338047
--------
nle(id0,id1,dist): 3 8 2.3658157578529133
list:
dist: 2.3658157578529133 vs. 2.3658157578529133
--------
nle(id0,id1,dist): 3 7 2.8135734022815724
list:
dist: 2.8135734022815724 vs. 2.8135734022815724
--------
nle(id0,id1,dist): 3 6 2.724538449286161
list:
dist: 2.724538449286161 vs. 2.724538449286161
--------
nle(id0,id1,dist): 3 4 3.477279603886419
list:
dist: 3.477279603886419 vs. 3.477279603886419
--------
nle(id0,id1,dist): 3 14 2.9071197939907787
list:
dist: 2.9071197939907787 vs. 2.9071197939907787
--------
nle(id0,id1,dist): 3 12 2.0100794387421574
list:
dist: 2.0100794387421574 vs. 2.0100794387421574
--------
nle(id0,id1,dist): 3 10 2.0230860515920988
list:
dist: 2.0230860515920988 vs. 2.0230860515920988
--------
nle(id0,id1,dist): 37 48 2.3549729392625998
list:
dist: 2.3549729392625998 vs. 2.3549729392625998
--------
nle(id0,id1,dist): 37 50 2.5264178066535403
list:
dist: 2.5264178066535403 vs. 2.5264178066535403
--------
nle(id0,id1,dist): 37 51 1.821109224355113
list:
dist: 1.821109224355113 vs. 1.821109224355113
--------
nle(id0,id1,dist): 37 52 2.085909698896103
list:
dist: 2.085909698896103 vs. 2.085909698896103
--------
nle(id0,id1,dist): 37 53 0.7696234050318196
list:
dist: 0.7696234050318196 vs. 0.7696234050318196
--------
nle(id0,id1,dist): 37 54 2.591380315369147
list:
dist: 2.591380315369147 vs. 2.591380315369147
--------
nle(id0,id1,dist): 37 55 0.9736857182925934
list:
dist: 0.9736857182925934 vs. 0.9736857182925934
--------
nle(id0,id1,dist): 37 45 1.4244767752869072
list:
dist: 1.4244767752869072 vs. 1.4244767752869072
--------
nle(id0,id1,dist): 37 46 1.7200869319741292
list:
dist: 1.7200869319741292 vs. 1.7200869319741292
--------
nle(id0,id1,dist): 37 47 2.6116089974401837
list:
dist: 2.6116089974401837 vs. 2.6116089974401837
--------
nle(id0,id1,dist): 37 39 2.1901943460104465
list:
dist: 2.1901943460104465 vs. 2.1901943460104465
--------
nle(id0,id1,dist): 36 55 4.347506574390889
list:
dist: 4.347506574390889 vs. 4.347506574390889
--------
nle(id0,id1,dist): 36 53 2.905419555982039
list:
dist: 2.905419555982039 vs. 2.905419555982039
--------
nle(id0,id1,dist): 36 51 2.213998314907109
list:
dist: 2.213998314907109 vs. 2.213998314907109
--------
nle(id0,id1,dist): 36 39 1.3769742061753276
list:
dist: 1.3769742061753276 vs. 1.3769742061753276
--------
nle(id0,id1,dist): 36 37 3.3931926283676925
list:
dist: 3.3931926283676925 vs. 3.3931926283676925
--------
nle(id0,id1,dist): 36 43 2.0253609199720453
list:
dist: 2.0253609199720453 vs. 2.0253609199720453
--------
nle(id0,id1,dist): 35 55 3.0358937958902077
list:
dist: 3.0358937958902077 vs. 3.0358937958902077
--------
nle(id0,id1,dist): 35 51 1.7268789492828793
list:
dist: 1.7268789492828793 vs. 1.7268789492828793
--------
nle(id0,id1,dist): 35 53 1.859658290032568
list:
dist: 1.859658290032568 vs. 1.859658290032568
--------
nle(id0,id1,dist): 35 43 2.962490233479157
list:
dist: 2.962490233479157 vs. 2.962490233479157
--------
nle(id0,id1,dist): 35 39 1.126563530322841
list:
dist: 1.126563530322841 vs. 1.126563530322841
--------
nle(id0,id1,dist): 35 37 2.09236591053885
list:
dist: 2.09236591053885 vs. 2.09236591053885
--------
nle(id0,id1,dist): 35 36 1.510595542767317
list:
dist: 1.510595542767317 vs. 1.510595542767317
--------
nle(id0,id1,dist): 34 55 2.938217091851265
list:
dist: 2.938217091851265 vs. 2.938217091851265
--------
nle(id0,id1,dist): 34 53 2.3808402763162864
list:
dist: 2.3808402763162864 vs. 2.3808402763162864
--------
nle(id0,id1,dist): 34 51 2.2673239636916116
list:
dist: 2.2673239636916116 vs. 2.2673239636916116
--------
nle(id0,id1,dist): 34 47 3.4231712565781307
list:
dist: 3.4231712565781307 vs. 3.4231712565781307
--------
nle(id0,id1,dist): 34 39 2.1732444288834265
list:
dist: 2.1732444288834265 vs. 2.1732444288834265
--------
nle(id0,id1,dist): 34 36 2.65950146614366
list:
dist: 2.65950146614366 vs. 2.65950146614366
--------
nle(id0,id1,dist): 34 35 1.6319806904255987
list:
dist: 1.6319806904255987 vs. 1.6319806904255987
--------
nle(id0,id1,dist): 34 37 2.3205475958346033
list:
dist: 2.3205475958346033 vs. 2.3205475958346033
--------
nle(id0,id1,dist): 33 51 3.052767369159325
list:
dist: 3.052767369159325 vs. 3.052767369159325
--------
nle(id0,id1,dist): 33 53 3.1664289645706347
list:
dist: 3.1664289645706347 vs. 3.1664289645706347
--------
nle(id0,id1,dist): 33 55 4.011858823370049
list:
dist: 4.011858823370049 vs. 4.011858823370049
--------
nle(id0,id1,dist): 33 35 1.4174076889134168
list:
dist: 1.4174076889134168 vs. 1.4174076889134168
--------
nle(id0,id1,dist): 33 34 1.805111540835405
list:
dist: 1.805111540835405 vs. 1.805111540835405
--------
nle(id0,id1,dist): 33 39 2.429323384200866
list:
dist: 2.429323384200866 vs. 2.429323384200866
--------
nle(id0,id1,dist): 33 37 3.1834901753594034
list:
dist: 3.1834901753594034 vs. 3.1834901753594034
--------
nle(id0,id1,dist): 33 36 2.067247705693539
list:
dist: 2.067247705693539 vs. 2.067247705693539
--------
nle(id0,id1,dist): 33 43 2.3398603819488635
list:
dist: 2.3398603819488635 vs. 2.3398603819488635
--------
nle(id0,id1,dist): 32 51 2.8584643879860416
list:
dist: 2.8584643879860416 vs. 2.8584643879860416
--------
nle(id0,id1,dist): 32 55 2.1928326694695084
list:
dist: 2.1928326694695084 vs. 2.1928326694695084
--------
nle(id0,id1,dist): 32 53 2.478769156151285
list:
dist: 2.478769156151285 vs. 2.478769156151285
--------
nle(id0,id1,dist): 32 37 2.0400794670040208
list:
dist: 2.0400794670040208 vs. 2.0400794670040208
--------
nle(id0,id1,dist): 32 39 3.0739534366938805
list:
dist: 3.0739534366938805 vs. 3.0739534366938805
--------
nle(id0,id1,dist): 32 34 1.3802994840326015
list:
dist: 1.3802994840326015 vs. 1.3802994840326015
--------
nle(id0,id1,dist): 32 33 2.8562300240601184
list:
dist: 2.8562300240601184 vs. 2.8562300240601184
--------
nle(id0,id1,dist): 32 36 3.8825387388375985
list:
dist: 3.8825387388375985 vs. 3.8825387388375985
--------
nle(id0,id1,dist): 32 35 2.5781537404199124
list:
dist: 2.5781537404199124 vs. 2.5781537404199124
--------
nle(id0,id1,dist): 32 47 2.193453969902777
list:
dist: 2.193453969902777 vs. 2.193453969902777
--------
nle(id0,id1,dist): 31 55 4.862799817777989
list:
dist: 4.862799817777989 vs. 4.862799817777989
--------
nle(id0,id1,dist): 31 43 1.6376859273009907
list:
dist: 1.6376859273009907 vs. 1.6376859273009907
--------
nle(id0,id1,dist): 31 39 2.122634075350348
list:
dist: 2.122634075350348 vs. 2.122634075350348
--------
nle(id0,id1,dist): 31 53 3.5742420512772415
list:
dist: 3.5742420512772415 vs. 3.5742420512772415
--------
nle(id0,id1,dist): 31 51 2.763701259875393
list:
dist: 2.763701259875393 vs. 2.763701259875393
--------
nle(id0,id1,dist): 31 36 1.2227068515606554
list:
dist: 1.2227068515606554 vs. 1.2227068515606554
--------
nle(id0,id1,dist): 31 37 3.9828398467514172
list:
dist: 3.9828398467514172 vs. 3.9828398467514172
--------
nle(id0,id1,dist): 31 34 2.5021376243524496
list:
dist: 2.5021376243524496 vs. 2.5021376243524496
--------
nle(id0,id1,dist): 31 35 2.1265626933002344
list:
dist: 2.1265626933002344 vs. 2.1265626933002344
--------
nle(id0,id1,dist): 31 32 3.871371569798426
list:
dist: 3.871371569798426 vs. 3.871371569798426
--------
nle(id0,id1,dist): 31 33 2.133082117909304
list:
dist: 2.133082117909304 vs. 2.133082117909304
--------
nle(id0,id1,dist): 44 48 2.3940471621491106
list:
dist: 2.3940471621491106 vs. 2.3940471621491106
--------
nle(id0,id1,dist): 44 45 2.778031574520233
list:
dist: 2.778031574520233 vs. 2.778031574520233
--------
nle(id0,id1,dist): 44 46 3.1081347548029807
list:
dist: 3.1081347548029807 vs. 3.1081347548029807
--------
nle(id0,id1,dist): 44 52 1.8301714125963908
list:
dist: 1.8301714125963908 vs. 1.8301714125963908
--------
nle(id0,id1,dist): 44 49 1.2659129889288139
list:
dist: 1.2659129889288139 vs. 1.2659129889288139
--------
nle(id0,id1,dist): 44 50 2.5238719902042424
list:
dist: 2.5238719902042424 vs. 2.5238719902042424
--------
nle(id0,id1,dist): 41 69 3.7369983574591443
list:
dist: 3.7369983574591443 vs. 3.7369983574591443
--------
nle(id0,id1,dist): 42 58 2.38809606510415
list:
dist: 2.38809606510415 vs. 2.38809606510415
--------
nle(id0,id1,dist): 42 54 1.3641431372599062
list:
dist: 1.3641431372599062 vs. 1.3641431372599062
--------
nle(id0,id1,dist): 42 51 2.219693184111863
list:
dist: 2.219693184111863 vs. 2.219693184111863
--------
nle(id0,id1,dist): 42 49 2.860632615789951
list:
dist: 2.860632615789951 vs. 2.860632615789951
--------
nle(id0,id1,dist): 42 50 1.927589373036071
list:
dist: 1.927589373036071 vs. 1.927589373036071
--------
nle(id0,id1,dist): 40 42 2.1080812587617346
list:
dist: 2.1080812587617346 vs. 2.1080812587617346
--------
nle(id0,id1,dist): 40 51 4.264425241591869
list:
dist: 4.264425241591869 vs. 4.264425241591869
--------
nle(id0,id1,dist): 40 49 4.464304475079199
list:
dist: 4.464304475079199 vs. 4.464304475079199
--------
nle(id0,id1,dist): 40 50 3.85306676426898
list:
dist: 3.85306676426898 vs. 3.85306676426898
--------
nle(id0,id1,dist): 40 54 3.406645379264712
list:
dist: 3.406645379264712 vs. 3.406645379264712
--------
nle(id0,id1,dist): 40 58 3.5079875111827223
list:
dist: 3.5079875111827223 vs. 3.5079875111827223
--------
nle(id0,id1,dist): 39 50 2.3427817935336206
list:
dist: 2.3427817935336206 vs. 2.3427817935336206
--------
nle(id0,id1,dist): 39 51 0.8724864231776429
list:
dist: 0.8724864231776429 vs. 0.8724864231776429
--------
nle(id0,id1,dist): 39 52 3.5840911411391305
list:
dist: 3.5840911411391305 vs. 3.5840911411391305
--------
nle(id0,id1,dist): 39 53 1.5933435815986747
list:
dist: 1.5933435815986747 vs. 1.5933435815986747
--------
nle(id0,id1,dist): 39 54 1.5292648908488657
list:
dist: 1.5292648908488657 vs. 1.5292648908488657
--------
nle(id0,id1,dist): 39 55 3.1052401742714646
list:
dist: 3.1052401742714646 vs. 3.1052401742714646
--------
nle(id0,id1,dist): 39 57 2.160441855318947
list:
dist: 2.160441855318947 vs. 2.160441855318947
--------
nle(id0,id1,dist): 39 59 3.282220282093368
list:
dist: 3.282220282093368 vs. 3.282220282093368
--------
nle(id0,id1,dist): 39 45 2.067123438517564
list:
dist: 2.067123438517564 vs. 2.067123438517564
--------
nle(id0,id1,dist): 39 42 2.6097506553676975
list:
dist: 2.6097506553676975 vs. 2.6097506553676975
--------
nle(id0,id1,dist): 39 40 4.46981908578495
list:
dist: 4.46981908578495 vs. 4.46981908578495
--------
nle(id0,id1,dist): 37 57 1.0099645811809501
list:
dist: 1.0099645811809501 vs. 1.0099645811809501
--------
nle(id0,id1,dist): 37 59 1.4901625367669258
list:
dist: 1.4901625367669258 vs. 1.4901625367669258
--------
nle(id0,id1,dist): 23 29 3.221768171576193
list:
dist: 3.221768171576193 vs. 3.221768171576193
--------
nle(id0,id1,dist): 23 27 2.7921270954902475
list:
dist: 2.7921270954902475 vs. 2.7921270954902475
--------
nle(id0,id1,dist): 23 24 0.9276527617312746
list:
dist: 0.9276527617312746 vs. 0.9276527617312746
--------
nle(id0,id1,dist): 21 27 1.6761022643259385
list:
dist: 1.6761022643259385 vs. 1.6761022643259385
--------
nle(id0,id1,dist): 21 24 1.9285792582074814
list:
dist: 1.9285792582074814 vs. 1.9285792582074814
--------
nle(id0,id1,dist): 21 28 3.4156033424404093
list:
dist: 3.4156033424404093 vs. 3.4156033424404093
--------
nle(id0,id1,dist): 21 29 1.1105062480386982
list:
dist: 1.1105062480386982 vs. 1.1105062480386982
--------
nle(id0,id1,dist): 21 23 2.3484198547220423
list:
dist: 2.3484198547220423 vs. 2.3484198547220423
--------
nle(id0,id1,dist): 22 27 1.812581698976252
list:
dist: 1.812581698976252 vs. 1.812581698976252
--------
nle(id0,id1,dist): 22 28 1.5478585550097268
list:
dist: 1.5478585550097268 vs. 1.5478585550097268
--------
nle(id0,id1,dist): 22 24 3.572011231495725
list:
dist: 3.572011231495725 vs. 3.572011231495725
--------
nle(id0,id1,dist): 19 24 1.4553846735338438
list:
dist: 1.4553846735338438 vs. 1.4553846735338438
--------
nle(id0,id1,dist): 19 22 2.669003590954498
list:
dist: 2.669003590954498 vs. 2.669003590954498
--------
nle(id0,id1,dist): 19 23 1.9529406721621096
list:
dist: 1.9529406721621096 vs. 1.9529406721621096
--------
nle(id0,id1,dist): 19 21 1.6655156523994898
list:
dist: 1.6655156523994898 vs. 1.6655156523994898
--------
nle(id0,id1,dist): 19 28 3.4591452925395743
list:
dist: 3.4591452925395743 vs. 3.4591452925395743
--------
nle(id0,id1,dist): 19 29 2.6822805693366085
list:
dist: 2.6822805693366085 vs. 2.6822805693366085
--------
nle(id0,id1,dist): 19 27 1.314518643441488
list:
dist: 1.314518643441488 vs. 1.314518643441488
--------
nle(id0,id1,dist): 20 23 0.7039206353632032
list:
dist: 0.7039206353632032 vs. 0.7039206353632032
--------
nle(id0,id1,dist): 20 24 1.5088767131074032
list:
dist: 1.5088767131074032 vs. 1.5088767131074032
--------
nle(id0,id1,dist): 18 22 2.199311821191228
list:
dist: 2.199311821191228 vs. 2.199311821191228
--------
nle(id0,id1,dist): 18 21 1.2672547194337127
list:
dist: 1.2672547194337127 vs. 1.2672547194337127
--------
nle(id0,id1,dist): 18 19 1.5551219758969241
list:
dist: 1.5551219758969241 vs. 1.5551219758969241
--------
nle(id0,id1,dist): 17 29 2.165912252240676
list:
dist: 2.165912252240676 vs. 2.165912252240676
--------
nle(id0,id1,dist): 18 23 3.0902292317582307
list:
dist: 3.0902292317582307 vs. 3.0902292317582307
--------
nle(id0,id1,dist): 18 24 2.4205538686110093
list:
dist: 2.4205538686110093 vs. 2.4205538686110093
--------
nle(id0,id1,dist): 18 27 0.9004975847257227
list:
dist: 0.9004975847257227 vs. 0.9004975847257227
--------
nle(id0,id1,dist): 18 28 2.274674890180811
list:
dist: 2.274674890180811 vs. 2.274674890180811
--------
nle(id0,id1,dist): 18 29 1.7266009153314092
list:
dist: 1.7266009153314092 vs. 1.7266009153314092
--------
nle(id0,id1,dist): 30 39 2.1100280073291513
list:
dist: 2.1100280073291513 vs. 2.1100280073291513
--------
nle(id0,id1,dist): 30 37 2.7403370641572558
list:
dist: 2.7403370641572558 vs. 2.7403370641572558
--------
nle(id0,id1,dist): 30 36 2.094696874028513
list:
dist: 2.094696874028513 vs. 2.094696874028513
--------
nle(id0,id1,dist): 30 35 1.2058692927044499
list:
dist: 1.2058692927044499 vs. 1.2058692927044499
--------
nle(id0,id1,dist): 30 34 1.0545449586606854
list:
dist: 1.0545449586606854 vs. 1.0545449586606854
--------
nle(id0,id1,dist): 30 33 0.7581342918808425
list:
dist: 0.7581342918808425 vs. 0.7581342918808425
--------
nle(id0,id1,dist): 30 32 2.222692817284998
list:
dist: 2.222692817284998 vs. 2.222692817284998
--------
nle(id0,id1,dist): 30 31 2.0342704681302024
list:
dist: 2.0342704681302024 vs. 2.0342704681302024
--------
nle(id0,id1,dist): 30 55 3.5264103674344054
list:
dist: 3.5264103674344054 vs. 3.5264103674344054
--------
nle(id0,id1,dist): 30 53 2.728953475160214
list:
dist: 2.728953475160214 vs. 2.728953475160214
--------
nle(id0,id1,dist): 30 51 2.576176897104674
list:
dist: 2.576176897104674 vs. 2.576176897104674
--------
nle(id0,id1,dist): 30 47 3.9418530180335636
list:
dist: 3.9418530180335636 vs. 3.9418530180335636
--------
nle(id0,id1,dist): 28 29 3.298747529875468
list:
dist: 3.298747529875468 vs. 3.298747529875468
--------
nle(id0,id1,dist): 27 29 2.2124743174967083
list:
dist: 2.2124743174967083 vs. 2.2124743174967083
--------
nle(id0,id1,dist): 27 28 2.265522867491443
list:
dist: 2.265522867491443 vs. 2.265522867491443
--------
nle(id0,id1,dist): 24 27 1.968676165453318
list:
dist: 1.968676165453318 vs. 1.968676165453318
--------
nle(id0,id1,dist): 24 29 2.743532021038111
list:
dist: 2.743532021038111 vs. 2.743532021038111
--------
nle(id0,id1,dist): 62 79 3.155145951741071
list:
dist: 3.155145951741071 vs. 3.155145951741071
--------
nle(id0,id1,dist): 62 81 1.1898973831778237
list:
dist: 1.1898973831778237 vs. 1.1898973831778237
--------
nle(id0,id1,dist): 62 82 1.3142272786724138
list:
dist: 1.3142272786724138 vs. 1.3142272786724138
--------
nle(id0,id1,dist): 62 75 2.6064124061729297
list:
dist: 2.6064124061729297 vs. 2.6064124061729297
--------
nle(id0,id1,dist): 62 76 1.9088651208168979
list:
dist: 1.9088651208168979 vs. 1.9088651208168979
--------
nle(id0,id1,dist): 62 88 3.678452367249229
list:
dist: 3.678452367249229 vs. 3.678452367249229
--------
nle(id0,id1,dist): 62 89 2.74806781016024
list:
dist: 2.74806781016024 vs. 2.74806781016024
--------
nle(id0,id1,dist): 62 83 2.9763408016729738
list:
dist: 2.9763408016729738 vs. 2.9763408016729738
--------
nle(id0,id1,dist): 62 85 1.6796287642029106
list:
dist: 1.6796287642029106 vs. 1.6796287642029106
--------
nle(id0,id1,dist): 62 63 2.924567763966879
list:
dist: 2.924567763966879 vs. 2.924567763966879
--------
nle(id0,id1,dist): 62 65 1.740103401774885
list:
dist: 1.740103401774885 vs. 1.740103401774885
--------
nle(id0,id1,dist): 62 72 2.6715260581830846
list:
dist: 2.6715260581830846 vs. 2.6715260581830846
--------
nle(id0,id1,dist): 62 71 1.1443628438063667
list:
dist: 1.1443628438063667 vs. 1.1443628438063667
--------
nle(id0,id1,dist): 62 73 1.6296215345562075
list:
dist: 1.6296215345562075 vs. 1.6296215345562075
--------
nle(id0,id1,dist): 62 68 1.4845014942925063
list:
dist: 1.4845014942925063 vs. 1.4845014942925063
--------
nle(id0,id1,dist): 62 69 2.2763848650991165
list:
dist: 2.2763848650991165 vs. 2.2763848650991165
--------
nle(id0,id1,dist): 61 85 1.3559128886581804
list:
dist: 1.3559128886581804 vs. 1.3559128886581804
--------
nle(id0,id1,dist): 61 82 1.4808438866453566
list:
dist: 1.4808438866453566 vs. 1.4808438866453566
--------
nle(id0,id1,dist): 61 83 1.990380762725613
list:
dist: 1.990380762725613 vs. 1.990380762725613
--------
nle(id0,id1,dist): 61 81 1.4331975254647866
list:
dist: 1.4331975254647866 vs. 1.4331975254647866
--------
nle(id0,id1,dist): 61 88 2.9276947443129817
list:
dist: 2.9276947443129817 vs. 2.9276947443129817
--------
nle(id0,id1,dist): 61 89 1.8148612201801957
list:
dist: 1.8148612201801957 vs. 1.8148612201801957
--------
nle(id0,id1,dist): 61 71 1.3215993325658448
list:
dist: 1.3215993325658448 vs. 1.3215993325658448
--------
nle(id0,id1,dist): 61 69 2.665618909551372
list:
dist: 2.665618909551372 vs. 2.665618909551372
--------
nle(id0,id1,dist): 61 68 1.626831219240453
list:
dist: 1.626831219240453 vs. 1.626831219240453
--------
nle(id0,id1,dist): 61 65 2.5030931905060494
list:
dist: 2.5030931905060494 vs. 2.5030931905060494
--------
nle(id0,id1,dist): 61 79 2.415627126884575
list:
dist: 2.415627126884575 vs. 2.415627126884575
--------
nle(id0,id1,dist): 61 76 1.4243585578814302
list:
dist: 1.4243585578814302 vs. 1.4243585578814302
--------
nle(id0,id1,dist): 61 75 2.240790629679022
list:
dist: 2.240790629679022 vs. 2.240790629679022
--------
nle(id0,id1,dist): 61 73 1.0320977725464473
list:
dist: 1.0320977725464473 vs. 1.0320977725464473
--------
nle(id0,id1,dist): 61 72 3.612268954438772
list:
dist: 3.612268954438772 vs. 3.612268954438772
--------
nle(id0,id1,dist): 64 70 1.8183716780654509
list:
dist: 1.8183716780654509 vs. 1.8183716780654509
--------
nle(id0,id1,dist): 63 72 1.3914473597956665
list:
dist: 1.3914473597956665 vs. 1.3914473597956665
--------
nle(id0,id1,dist): 63 73 3.871027649794886
list:
dist: 3.871027649794886 vs. 3.871027649794886
--------
nle(id0,id1,dist): 63 79 4.0884882528276725
list:
dist: 4.0884882528276725 vs. 4.0884882528276725
--------
nle(id0,id1,dist): 63 82 3.1477574047363084
list:
dist: 3.1477574047363084 vs. 3.1477574047363084
--------
nle(id0,id1,dist): 63 65 1.6069791884382252
list:
dist: 1.6069791884382252 vs. 1.6069791884382252
--------
nle(id0,id1,dist): 63 69 2.8869489504510772
list:
dist: 2.8869489504510772 vs. 2.8869489504510772
--------
nle(id0,id1,dist): 63 68 2.0571510772543298
list:
dist: 2.0571510772543298 vs. 2.0571510772543298
--------
nle(id0,id1,dist): 58 59 3.8923127835776583
list:
dist: 3.8923127835776583 vs. 3.8923127835776583
--------
nle(id0,id1,dist): 61 63 3.543506573693522
list:
dist: 3.543506573693522 vs. 3.543506573693522
--------
nle(id0,id1,dist): 61 62 1.3701564355025866
list:
dist: 1.3701564355025866 vs. 1.3701564355025866
--------
nle(id0,id1,dist): 60 82 2.0296981874169955
list:
dist: 2.0296981874169955 vs. 2.0296981874169955
--------
nle(id0,id1,dist): 60 72 1.7338099709888704
list:
dist: 1.7338099709888704 vs. 1.7338099709888704
--------
nle(id0,id1,dist): 60 73 2.894652554729484
list:
dist: 2.894652554729484 vs. 2.894652554729484
--------
nle(id0,id1,dist): 60 63 2.503571880106863
list:
dist: 2.503571880106863 vs. 2.503571880106863
--------
nle(id0,id1,dist): 60 62 2.8285678519766586
list:
dist: 2.8285678519766586 vs. 2.8285678519766586
--------
nle(id0,id1,dist): 60 61 3.29951824521275
list:
dist: 3.29951824521275 vs. 3.29951824521275
--------
nle(id0,id1,dist): 60 68 1.9881017966970551
list:
dist: 1.9881017966970551 vs. 1.9881017966970551
--------
nle(id0,id1,dist): 60 65 1.4354479606858659
list:
dist: 1.4354479606858659 vs. 1.4354479606858659
--------
nle(id0,id1,dist): 69 71 2.6369346306207158
list:
dist: 2.6369346306207158 vs. 2.6369346306207158
--------
nle(id0,id1,dist): 69 79 2.205602899979379
list:
dist: 2.205602899979379 vs. 2.205602899979379
--------
nle(id0,id1,dist): 69 76 2.9232806162068266
list:
dist: 2.9232806162068266 vs. 2.9232806162068266
--------
nle(id0,id1,dist): 69 75 1.9037847010586666
list:
dist: 1.9037847010586666 vs. 1.9037847010586666
--------
nle(id0,id1,dist): 69 72 3.488211742738872
list:
dist: 3.488211742738872 vs. 3.488211742738872
--------
nle(id0,id1,dist): 69 85 1.9060808765585513
list:
dist: 1.9060808765585513 vs. 1.9060808765585513
--------
nle(id0,id1,dist): 69 83 3.611644792081879
list:
dist: 3.611644792081879 vs. 3.611644792081879
--------
nle(id0,id1,dist): 69 81 1.8933668621437103
list:
dist: 1.8933668621437103 vs. 1.8933668621437103
--------
nle(id0,id1,dist): 68 73 1.8496577457070498
list:
dist: 1.8496577457070498 vs. 1.8496577457070498
--------
nle(id0,id1,dist): 68 76 2.9036773287605224
list:
dist: 2.9036773287605224 vs. 2.9036773287605224
--------
nle(id0,id1,dist): 68 75 3.2786840410053655
list:
dist: 3.2786840410053655 vs. 3.2786840410053655
--------
nle(id0,id1,dist): 68 69 2.6337492325339578
list:
dist: 2.6337492325339578 vs. 2.6337492325339578
--------
nle(id0,id1,dist): 68 72 2.168176219400827
list:
dist: 2.168176219400827 vs. 2.168176219400827
--------
nle(id0,id1,dist): 68 71 2.4055237047008093
list:
dist: 2.4055237047008093 vs. 2.4055237047008093
--------
nle(id0,id1,dist): 68 81 2.33226033375121
list:
dist: 2.33226033375121 vs. 2.33226033375121
--------
nle(id0,id1,dist): 68 82 1.300539283618387
list:
dist: 1.300539283618387 vs. 1.300539283618387
--------
nle(id0,id1,dist): 68 83 3.6014902808021203
list:
dist: 3.6014902808021203 vs. 3.6014902808021203
--------
nle(id0,id1,dist): 68 79 3.081805384119627
list:
dist: 3.081805384119627 vs. 3.081805384119627
--------
nle(id0,id1,dist): 68 89 3.22072014230838
list:
dist: 3.22072014230838 vs. 3.22072014230838
--------
nle(id0,id1,dist): 68 85 2.491037062319504
list:
dist: 2.491037062319504 vs. 2.491037062319504
--------
nle(id0,id1,dist): 68 88 4.267306007863335
list:
dist: 4.267306007863335 vs. 4.267306007863335
--------
nle(id0,id1,dist): 70 86 1.2871796453103264
list:
dist: 1.2871796453103264 vs. 1.2871796453103264
--------
nle(id0,id1,dist): 70 90 1.498180815491789
list:
dist: 1.498180815491789 vs. 1.498180815491789
--------
nle(id0,id1,dist): 70 94 2.1159777596720617
list:
dist: 2.1159777596720617 vs. 2.1159777596720617
--------
nle(id0,id1,dist): 70 93 1.0711046612343464
list:
dist: 1.0711046612343464 vs. 1.0711046612343464
--------
nle(id0,id1,dist): 70 92 1.4084247060067943
list:
dist: 1.4084247060067943 vs. 1.4084247060067943
--------
nle(id0,id1,dist): 70 91 1.0920699725562173
list:
dist: 1.0920699725562173 vs. 1.0920699725562173
--------
nle(id0,id1,dist): 70 98 1.2892771252389856
list:
dist: 1.2892771252389856 vs. 1.2892771252389856
--------
nle(id0,id1,dist): 70 96 2.293795491278524
list:
dist: 2.293795491278524 vs. 2.293795491278524
--------
nle(id0,id1,dist): 70 95 1.70084669482647
list:
dist: 1.70084669482647 vs. 1.70084669482647
--------
nle(id0,id1,dist): 70 101 2.5830092353006333
list:
dist: 2.5830092353006333 vs. 2.5830092353006333
--------
nle(id0,id1,dist): 70 102 1.0146456003341673
list:
dist: 1.0146456003341673 vs. 1.0146456003341673
--------
nle(id0,id1,dist): 70 99 2.145818632055574
list:
dist: 2.145818632055574 vs. 2.145818632055574
--------
nle(id0,id1,dist): 70 100 1.8263358396732818
list:
dist: 1.8263358396732818 vs. 1.8263358396732818
--------
nle(id0,id1,dist): 70 105 0.6075764259058171
list:
dist: 0.6075764259058171 vs. 0.6075764259058171
--------
nle(id0,id1,dist): 70 106 2.3681217904799636
list:
dist: 2.3681217904799636 vs. 2.3681217904799636
--------
nle(id0,id1,dist): 70 103 2.8766717834855293
list:
dist: 2.8766717834855293 vs. 2.8766717834855293
--------
nle(id0,id1,dist): 70 104 3.3015952986659194
list:
dist: 3.3015952986659194 vs. 3.3015952986659194
--------
nle(id0,id1,dist): 70 109 1.2049806293011889
list:
dist: 1.2049806293011889 vs. 1.2049806293011889
--------
nle(id0,id1,dist): 70 110 2.1360891711577223
list:
dist: 2.1360891711577223 vs. 2.1360891711577223
--------
nle(id0,id1,dist): 71 73 1.6344603403715332
list:
dist: 1.6344603403715332 vs. 1.6344603403715332
--------
nle(id0,id1,dist): 70 107 2.5903893873340293
list:
dist: 2.5903893873340293 vs. 2.5903893873340293
--------
nle(id0,id1,dist): 70 108 1.7945289569350968
list:
dist: 1.7945289569350968 vs. 1.7945289569350968
--------
nle(id0,id1,dist): 71 76 0.8690425986707833
list:
dist: 0.8690425986707833 vs. 0.8690425986707833
--------
nle(id0,id1,dist): 70 113 2.5932574708430476
list:
dist: 2.5932574708430476 vs. 2.5932574708430476
--------
nle(id0,id1,dist): 70 114 2.422947477392145
list:
dist: 2.422947477392145 vs. 2.422947477392145
--------
nle(id0,id1,dist): 71 77 3.7327303878864866
list:
dist: 3.7327303878864866 vs. 3.7327303878864866
--------
nle(id0,id1,dist): 71 74 2.0806416040571434
list:
dist: 2.0806416040571434 vs. 2.0806416040571434
--------
nle(id0,id1,dist): 70 111 2.339725967692676
list:
dist: 2.339725967692676 vs. 2.339725967692676
--------
nle(id0,id1,dist): 71 75 2.1185358741005866
list:
dist: 2.1185358741005866 vs. 2.1185358741005866
--------
nle(id0,id1,dist): 70 112 0.6445149137983271
list:
dist: 0.6445149137983271 vs. 0.6445149137983271
--------
nle(id0,id1,dist): 69 88 3.2225720016657764
list:
dist: 3.2225720016657764 vs. 3.2225720016657764
--------
nle(id0,id1,dist): 65 82 1.6540592445784763
list:
dist: 1.6540592445784763 vs. 1.6540592445784763
--------
nle(id0,id1,dist): 64 117 1.727347124180538
list:
dist: 1.727347124180538 vs. 1.727347124180538
--------
nle(id0,id1,dist): 64 118 2.245079573527267
list:
dist: 2.245079573527267 vs. 2.245079573527267
--------
nle(id0,id1,dist): 64 115 1.5770418111514386
list:
dist: 1.5770418111514386 vs. 1.5770418111514386
--------
nle(id0,id1,dist): 64 116 1.803907724248945
list:
dist: 1.803907724248945 vs. 1.803907724248945
--------
nle(id0,id1,dist): 64 113 2.2276582877310416
list:
dist: 2.2276582877310416 vs. 2.2276582877310416
--------
nle(id0,id1,dist): 64 114 2.2779561007928377
list:
dist: 2.2779561007928377 vs. 2.2779561007928377
--------
nle(id0,id1,dist): 64 93 2.086875026916107
list:
dist: 2.086875026916107 vs. 2.086875026916107
--------
nle(id0,id1,dist): 64 95 1.6805941623297436
list:
dist: 1.6805941623297436 vs. 1.6805941623297436
--------
nle(id0,id1,dist): 64 96 1.5986947232957014
list:
dist: 1.5986947232957014 vs. 1.5986947232957014
--------
nle(id0,id1,dist): 64 91 2.5431862958467715
list:
dist: 2.5431862958467715 vs. 2.5431862958467715
--------
nle(id0,id1,dist): 64 92 2.9918278698807477
list:
dist: 2.9918278698807477 vs. 2.9918278698807477
--------
nle(id0,id1,dist): 64 86 1.6072348468842528
list:
dist: 1.6072348468842528 vs. 1.6072348468842528
--------
nle(id0,id1,dist): 64 110 1.6982883931153545
list:
dist: 1.6982883931153545 vs. 1.6982883931153545
--------
nle(id0,id1,dist): 65 73 2.510386639079474
list:
dist: 2.510386639079474 vs. 2.510386639079474
--------
nle(id0,id1,dist): 64 109 1.6281637499647912
list:
dist: 1.6281637499647912 vs. 1.6281637499647912
--------
nle(id0,id1,dist): 65 72 1.1373189077731696
list:
dist: 1.1373189077731696 vs. 1.1373189077731696
--------
nle(id0,id1,dist): 64 112 1.7295778417250782
list:
dist: 1.7295778417250782 vs. 1.7295778417250782
--------
nle(id0,id1,dist): 64 111 2.036170980067859
list:
dist: 2.036170980067859 vs. 2.036170980067859
--------
nle(id0,id1,dist): 64 106 2.3355826088603377
list:
dist: 2.3355826088603377 vs. 2.3355826088603377
--------
nle(id0,id1,dist): 64 105 2.287494119749083
list:
dist: 2.287494119749083 vs. 2.287494119749083
--------
nle(id0,id1,dist): 65 68 1.0807930742952414
list:
dist: 1.0807930742952414 vs. 1.0807930742952414
--------
nle(id0,id1,dist): 64 108 1.5448260418163706
list:
dist: 1.5448260418163706 vs. 1.5448260418163706
--------
nle(id0,id1,dist): 64 107 3.0725704619788585
list:
dist: 3.0725704619788585 vs. 3.0725704619788585
--------
nle(id0,id1,dist): 64 102 2.7456243979431836
list:
dist: 2.7456243979431836 vs. 2.7456243979431836
--------
nle(id0,id1,dist): 64 101 3.719274462437395
list:
dist: 3.719274462437395 vs. 3.719274462437395
--------
nle(id0,id1,dist): 64 98 2.420312383965732
list:
dist: 2.420312383965732 vs. 2.420312383965732
--------
nle(id0,id1,dist): 64 100 2.6426614141208113
list:
dist: 2.6426614141208113 vs. 2.6426614141208113
--------
nle(id0,id1,dist): 64 99 2.5828004777419205
list:
dist: 2.5828004777419205 vs. 2.5828004777419205
--------
nle(id0,id1,dist): 67 76 3.236509120328827
list:
dist: 3.236509120328827 vs. 3.236509120328827
--------
nle(id0,id1,dist): 67 75 2.0409611182011425
list:
dist: 2.0409611182011425 vs. 2.0409611182011425
--------
nle(id0,id1,dist): 67 81 3.3383910125052276
list:
dist: 3.3383910125052276 vs. 3.3383910125052276
--------
nle(id0,id1,dist): 67 78 1.3518871098654932
list:
dist: 1.3518871098654932 vs. 1.3518871098654932
--------
nle(id0,id1,dist): 67 71 3.7836494052669183
list:
dist: 3.7836494052669183 vs. 3.7836494052669183
--------
nle(id0,id1,dist): 67 85 2.9197677727024214
list:
dist: 2.9197677727024214 vs. 2.9197677727024214
--------
nle(id0,id1,dist): 67 83 2.992608515494183
list:
dist: 2.992608515494183 vs. 2.992608515494183
--------
nle(id0,id1,dist): 67 88 1.5440866629755303
list:
dist: 1.5440866629755303 vs. 1.5440866629755303
--------
nle(id0,id1,dist): 66 80 2.763473590680935
list:
dist: 2.763473590680935 vs. 2.763473590680935
--------
nle(id0,id1,dist): 66 81 2.887296048294911
list:
dist: 2.887296048294911 vs. 2.887296048294911
--------
nle(id0,id1,dist): 66 83 1.524975376802365
list:
dist: 1.524975376802365 vs. 1.524975376802365
--------
nle(id0,id1,dist): 66 84 0.6983072319671191
list:
dist: 0.6983072319671191 vs. 0.6983072319671191
--------
nle(id0,id1,dist): 66 85 2.775477375859035
list:
dist: 2.775477375859035 vs. 2.775477375859035
--------
nle(id0,id1,dist): 66 71 2.3806935138133327
list:
dist: 2.3806935138133327 vs. 2.3806935138133327
--------
nle(id0,id1,dist): 66 74 1.2399131755896868
list:
dist: 1.2399131755896868 vs. 1.2399131755896868
--------
nle(id0,id1,dist): 66 76 1.7580207755803194
list:
dist: 1.7580207755803194 vs. 1.7580207755803194
--------
nle(id0,id1,dist): 66 77 1.4893952052471005
list:
dist: 1.4893952052471005 vs. 1.4893952052471005
--------
nle(id0,id1,dist): 66 78 2.6246357224197703
list:
dist: 2.6246357224197703 vs. 2.6246357224197703
--------
nle(id0,id1,dist): 66 87 2.5572713944888443
list:
dist: 2.5572713944888443 vs. 2.5572713944888443
--------
nle(id0,id1,dist): 66 89 1.4678550662936953
list:
dist: 1.4678550662936953 vs. 1.4678550662936953
--------
nle(id0,id1,dist): 48 52 1.039656112550524
list:
dist: 1.039656112550524 vs. 1.039656112550524
--------
nle(id0,id1,dist): 48 55 1.5107341662818634
list:
dist: 1.5107341662818634 vs. 1.5107341662818634
--------
nle(id0,id1,dist): 48 56 1.9917479445625192
list:
dist: 1.9917479445625192 vs. 1.9917479445625192
--------
nle(id0,id1,dist): 48 53 2.6826227369832103
list:
dist: 2.6826227369832103 vs. 2.6826227369832103
--------
nle(id0,id1,dist): 48 59 1.0459715956874174
list:
dist: 1.0459715956874174 vs. 1.0459715956874174
--------
nle(id0,id1,dist): 48 57 2.3864876252489635
list:
dist: 2.3864876252489635 vs. 2.3864876252489635
--------
nle(id0,id1,dist): 49 50 1.4525282894500189
list:
dist: 1.4525282894500189 vs. 1.4525282894500189
--------
nle(id0,id1,dist): 49 52 1.777092893925073
list:
dist: 1.777092893925073 vs. 1.777092893925073
--------
nle(id0,id1,dist): 49 54 2.4603676069714226
list:
dist: 2.4603676069714226 vs. 2.4603676069714226
--------
nle(id0,id1,dist): 49 56 0.773811011271825
list:
dist: 0.773811011271825 vs. 0.773811011271825
--------
nle(id0,id1,dist): 49 57 2.497108264013211
list:
dist: 2.497108264013211 vs. 2.497108264013211
--------
nle(id0,id1,dist): 49 58 1.3866260827371268
list:
dist: 1.3866260827371268 vs. 1.3866260827371268
--------
nle(id0,id1,dist): 49 59 2.6678722934292622
list:
dist: 2.6678722934292622 vs. 2.6678722934292622
--------
nle(id0,id1,dist): 50 53 1.8718784589655366
list:
dist: 1.8718784589655366 vs. 1.8718784589655366
--------
nle(id0,id1,dist): 50 54 1.0753477968565528
list:
dist: 1.0753477968565528 vs. 1.0753477968565528
--------
nle(id0,id1,dist): 50 51 1.7340490740764047
list:
dist: 1.7340490740764047 vs. 1.7340490740764047
--------
nle(id0,id1,dist): 50 52 2.1851746880926095
list:
dist: 2.1851746880926095 vs. 2.1851746880926095
--------
nle(id0,id1,dist): 50 59 2.6389917333546515
list:
dist: 2.6389917333546515 vs. 2.6389917333546515
--------
nle(id0,id1,dist): 50 56 1.7740658949513424
list:
dist: 1.7740658949513424 vs. 1.7740658949513424
--------
nle(id0,id1,dist): 50 55 2.9240586527139865
list:
dist: 2.9240586527139865 vs. 2.9240586527139865
--------
nle(id0,id1,dist): 50 58 1.6849879587943273
list:
dist: 1.6849879587943273 vs. 1.6849879587943273
--------
nle(id0,id1,dist): 50 57 1.7566727904266937
list:
dist: 1.7566727904266937 vs. 1.7566727904266937
--------
nle(id0,id1,dist): 45 47 3.6261886130348926
list:
dist: 3.6261886130348926 vs. 3.6261886130348926
--------
nle(id0,id1,dist): 45 46 2.0911198288620585
list:
dist: 2.0911198288620585 vs. 2.0911198288620585
--------
nle(id0,id1,dist): 44 56 0.9422375365496988
list:
dist: 0.9422375365496988 vs. 0.9422375365496988
--------
nle(id0,id1,dist): 44 54 3.389293629954604
list:
dist: 3.389293629954604 vs. 3.389293629954604
--------
nle(id0,id1,dist): 44 59 2.6172587562616103
list:
dist: 2.6172587562616103 vs. 2.6172587562616103
--------
nle(id0,id1,dist): 44 57 3.209269011059708
list:
dist: 3.209269011059708 vs. 3.209269011059708
--------
nle(id0,id1,dist): 44 58 2.4301635614313897
list:
dist: 2.4301635614313897 vs. 2.4301635614313897
--------
nle(id0,id1,dist): 45 56 2.08718758835649
list:
dist: 2.08718758835649 vs. 2.08718758835649
--------
nle(id0,id1,dist): 45 57 1.4457044314305056
list:
dist: 1.4457044314305056 vs. 1.4457044314305056
--------
nle(id0,id1,dist): 45 58 3.2163764395025667
list:
dist: 3.2163764395025667 vs. 3.2163764395025667
--------
nle(id0,id1,dist): 45 59 1.442802087870462
list:
dist: 1.442802087870462 vs. 1.442802087870462
--------
nle(id0,id1,dist): 45 48 2.377902993686715
list:
dist: 2.377902993686715 vs. 2.377902993686715
--------
nle(id0,id1,dist): 45 49 2.387390597398372
list:
dist: 2.387390597398372 vs. 2.387390597398372
--------
nle(id0,id1,dist): 45 50 1.6949409468459955
list:
dist: 1.6949409468459955 vs. 1.6949409468459955
--------
nle(id0,id1,dist): 45 51 1.2476088782551933
list:
dist: 1.2476088782551933 vs. 1.2476088782551933
--------
nle(id0,id1,dist): 45 52 1.8156467462339825
list:
dist: 1.8156467462339825 vs. 1.8156467462339825
--------
nle(id0,id1,dist): 45 53 1.0566042955958355
list:
dist: 1.0566042955958355 vs. 1.0566042955958355
--------
nle(id0,id1,dist): 45 54 1.733142709704685
list:
dist: 1.733142709704685 vs. 1.733142709704685
--------
nle(id0,id1,dist): 45 55 1.729731890243144
list:
dist: 1.729731890243144 vs. 1.729731890243144
--------
nle(id0,id1,dist): 46 59 0.7097704090631508
list:
dist: 0.7097704090631508 vs. 0.7097704090631508
--------
nle(id0,id1,dist): 46 57 2.1375454443365514
list:
dist: 2.1375454443365514 vs. 2.1375454443365514
--------
nle(id0,id1,dist): 46 55 0.7673456940762338
list:
dist: 0.7673456940762338 vs. 0.7673456940762338
--------
nle(id0,id1,dist): 46 56 2.5717271859739825
list:
dist: 2.5717271859739825 vs. 2.5717271859739825
--------
nle(id0,id1,dist): 46 53 2.242152882127917
list:
dist: 2.242152882127917 vs. 2.242152882127917
--------
nle(id0,id1,dist): 46 52 1.536020611432837
list:
dist: 1.536020611432837 vs. 1.536020611432837
--------
nle(id0,id1,dist): 46 47 2.118201519430028
list:
dist: 2.118201519430028 vs. 2.118201519430028
--------
nle(id0,id1,dist): 46 48 0.9574898518809147
list:
dist: 0.9574898518809147 vs. 0.9574898518809147
--------
nle(id0,id1,dist): 47 59 2.6912661392160113
list:
dist: 2.6912661392160113 vs. 2.6912661392160113
--------
nle(id0,id1,dist): 47 55 2.1130229797877904
list:
dist: 2.1130229797877904 vs. 2.1130229797877904
--------
nle(id0,id1,dist): 47 57 3.4477098662553436
list:
dist: 3.4477098662553436 vs. 3.4477098662553436
--------
nle(id0,id1,dist): 47 52 3.5814105307220396
list:
dist: 3.5814105307220396 vs. 3.5814105307220396
--------
nle(id0,id1,dist): 47 53 3.371620600192477
list:
dist: 3.371620600192477 vs. 3.371620600192477
--------
nle(id0,id1,dist): 47 48 2.9542216587649803
list:
dist: 2.9542216587649803 vs. 2.9542216587649803
--------
nle(id0,id1,dist): 55 57 1.5215651864242827
list:
dist: 1.5215651864242827 vs. 1.5215651864242827
--------
nle(id0,id1,dist): 55 59 0.8289378286918865
list:
dist: 0.8289378286918865 vs. 0.8289378286918865
--------
nle(id0,id1,dist): 56 58 2.1545526025443755
list:
dist: 2.1545526025443755 vs. 2.1545526025443755
--------
nle(id0,id1,dist): 56 57 2.28925311291704
list:
dist: 2.28925311291704 vs. 2.28925311291704
--------
nle(id0,id1,dist): 56 59 2.0216516351319314
list:
dist: 2.0216516351319314 vs. 2.0216516351319314
--------
nle(id0,id1,dist): 57 59 1.73774433668469
list:
dist: 1.73774433668469 vs. 1.73774433668469
--------
nle(id0,id1,dist): 57 58 3.2687338586152705
list:
dist: 3.2687338586152705 vs. 3.2687338586152705
--------
nle(id0,id1,dist): 51 59 2.5872889345280026
list:
dist: 2.5872889345280026 vs. 2.5872889345280026
--------
nle(id0,id1,dist): 51 52 2.8615411785058167
list:
dist: 2.8615411785058167 vs. 2.8615411785058167
--------
nle(id0,id1,dist): 51 53 1.1360905438411362
list:
dist: 1.1360905438411362 vs. 1.1360905438411362
--------
nle(id0,id1,dist): 51 54 1.0627062788871071
list:
dist: 1.0627062788871071 vs. 1.0627062788871071
--------
nle(id0,id1,dist): 51 55 2.5885960934746053
list:
dist: 2.5885960934746053 vs. 2.5885960934746053
--------
nle(id0,id1,dist): 51 57 1.734692854881896
list:
dist: 1.734692854881896 vs. 1.734692854881896
--------
nle(id0,id1,dist): 52 55 1.6297462722373324
list:
dist: 1.6297462722373324 vs. 1.6297462722373324
--------
nle(id0,id1,dist): 52 56 1.117212018823932
list:
dist: 1.117212018823932 vs. 1.117212018823932
--------
nle(id0,id1,dist): 52 53 2.121814725567793
list:
dist: 2.121814725567793 vs. 2.121814725567793
--------
nle(id0,id1,dist): 52 54 2.9632114686526125
list:
dist: 2.9632114686526125 vs. 2.9632114686526125
--------
nle(id0,id1,dist): 52 59 1.1150783676956093
list:
dist: 1.1150783676956093 vs. 1.1150783676956093
--------
nle(id0,id1,dist): 52 57 1.7238674560813922
list:
dist: 1.7238674560813922 vs. 1.7238674560813922
--------
nle(id0,id1,dist): 52 58 3.089171905443646
list:
dist: 3.089171905443646 vs. 3.089171905443646
--------
nle(id0,id1,dist): 53 54 1.831589793808557
list:
dist: 1.831589793808557 vs. 1.831589793808557
--------
nle(id0,id1,dist): 53 55 1.5801203487072772
list:
dist: 1.5801203487072772 vs. 1.5801203487072772
--------
nle(id0,id1,dist): 53 57 0.7566714940713666
list:
dist: 0.7566714940713666 vs. 0.7566714940713666
--------
nle(id0,id1,dist): 53 59 1.7918469436500981
list:
dist: 1.7918469436500981 vs. 1.7918469436500981
--------
nle(id0,id1,dist): 54 59 3.0628766268726477
list:
dist: 3.0628766268726477 vs. 3.0628766268726477
--------
nle(id0,id1,dist): 54 58 2.4383815960339765
list:
dist: 2.4383815960339765 vs. 2.4383815960339765
--------
nle(id0,id1,dist): 54 57 2.0977863785780846
list:
dist: 2.0977863785780846 vs. 2.0977863785780846
--------
nle(id0,id1,dist): 54 56 2.7060131319984517
list:
dist: 2.7060131319984517 vs. 2.7060131319984517
--------
nle(id0,id1,dist): 54 55 3.2344443189170096
list:
dist: 3.2344443189170096 vs. 3.2344443189170096
--------
nle(id0,id1,dist): 93 112 1.1381059963482576
list:
dist: 1.1381059963482576 vs. 1.1381059963482576
--------
nle(id0,id1,dist): 93 113 3.29740743055306
list:
dist: 3.29740743055306 vs. 3.29740743055306
--------
nle(id0,id1,dist): 93 114 2.930310858160654
list:
dist: 2.930310858160654 vs. 2.930310858160654
--------
nle(id0,id1,dist): 93 115 0.5708007210578826
list:
dist: 0.5708007210578826 vs. 0.5708007210578826
--------
nle(id0,id1,dist): 93 116 3.295507681842194
list:
dist: 3.295507681842194 vs. 3.295507681842194
--------
nle(id0,id1,dist): 93 117 2.356308508605273
list:
dist: 2.356308508605273 vs. 2.356308508605273
--------
nle(id0,id1,dist): 93 118 1.8547320342750317
list:
dist: 1.8547320342750317 vs. 1.8547320342750317
--------
nle(id0,id1,dist): 93 96 2.3227085792113558
list:
dist: 2.3227085792113558 vs. 2.3227085792113558
--------
nle(id0,id1,dist): 93 99 1.6408289293568423
list:
dist: 1.6408289293568423 vs. 1.6408289293568423
--------
nle(id0,id1,dist): 93 98 1.7518370329109858
list:
dist: 1.7518370329109858 vs. 1.7518370329109858
--------
nle(id0,id1,dist): 93 101 3.135507793712729
list:
dist: 3.135507793712729 vs. 3.135507793712729
--------
nle(id0,id1,dist): 93 100 1.621248682281526
list:
dist: 1.621248682281526 vs. 1.621248682281526
--------
nle(id0,id1,dist): 93 103 2.3869736727629087
list:
dist: 2.3869736727629087 vs. 2.3869736727629087
--------
nle(id0,id1,dist): 93 102 1.4078405343381495
list:
dist: 1.4078405343381495 vs. 1.4078405343381495
--------
nle(id0,id1,dist): 93 105 1.5655441876196516
list:
dist: 1.5655441876196516 vs. 1.5655441876196516
--------
nle(id0,id1,dist): 93 104 2.721107831620116
list:
dist: 2.721107831620116 vs. 2.721107831620116
--------
nle(id0,id1,dist): 93 107 3.4238321919250785
list:
dist: 3.4238321919250785 vs. 3.4238321919250785
--------
nle(id0,id1,dist): 93 106 2.915276231488398
list:
dist: 2.915276231488398 vs. 2.915276231488398
--------
nle(id0,id1,dist): 93 109 2.103203013227356
list:
dist: 2.103203013227356 vs. 2.103203013227356
--------
nle(id0,id1,dist): 93 108 2.1336005101351003
list:
dist: 2.1336005101351003 vs. 2.1336005101351003
--------
nle(id0,id1,dist): 93 111 1.8023464661316353
list:
dist: 1.8023464661316353 vs. 1.8023464661316353
--------
nle(id0,id1,dist): 93 110 2.679299002466094
list:
dist: 2.679299002466094 vs. 2.679299002466094
--------
nle(id0,id1,dist): 94 109 2.8075328738665326
list:
dist: 2.8075328738665326 vs. 2.8075328738665326
--------
nle(id0,id1,dist): 94 110 3.663770492917238
list:
dist: 3.663770492917238 vs. 3.663770492917238
--------
nle(id0,id1,dist): 94 107 3.22171375985326
list:
dist: 3.22171375985326 vs. 3.22171375985326
--------
nle(id0,id1,dist): 94 113 3.9522765705730563
list:
dist: 3.9522765705730563 vs. 3.9522765705730563
--------
nle(id0,id1,dist): 94 114 3.618030941030698
list:
dist: 3.618030941030698 vs. 3.618030941030698
--------
nle(id0,id1,dist): 94 112 2.2673766398704553
list:
dist: 2.2673766398704553 vs. 2.2673766398704553
--------
nle(id0,id1,dist): 94 118 2.6624628822231653
list:
dist: 2.6624628822231653 vs. 2.6624628822231653
--------
nle(id0,id1,dist): 94 115 2.7702162087049147
list:
dist: 2.7702162087049147 vs. 2.7702162087049147
--------
nle(id0,id1,dist): 94 98 1.9919429169165794
list:
dist: 1.9919429169165794 vs. 1.9919429169165794
--------
nle(id0,id1,dist): 94 102 1.1824792323034707
list:
dist: 1.1824792323034707 vs. 1.1824792323034707
--------
nle(id0,id1,dist): 94 101 2.2090992629384125
list:
dist: 2.2090992629384125 vs. 2.2090992629384125
--------
nle(id0,id1,dist): 94 100 2.407188751787463
list:
dist: 2.407188751787463 vs. 2.407188751787463
--------
nle(id0,id1,dist): 94 106 3.501500474972875
list:
dist: 3.501500474972875 vs. 3.501500474972875
--------
nle(id0,id1,dist): 94 105 1.7912676766346132
list:
dist: 1.7912676766346132 vs. 1.7912676766346132
--------
nle(id0,id1,dist): 94 104 2.25076443885056
list:
dist: 2.25076443885056 vs. 2.25076443885056
--------
nle(id0,id1,dist): 94 103 1.933842419587179
list:
dist: 1.933842419587179 vs. 1.933842419587179
--------
nle(id0,id1,dist): 92 98 1.3378833177842575
list:
dist: 1.3378833177842575 vs. 1.3378833177842575
--------
nle(id0,id1,dist): 92 99 1.7773163359147566
list:
dist: 1.7773163359147566 vs. 1.7773163359147566
--------
nle(id0,id1,dist): 92 100 1.3518920852451353
list:
dist: 1.3518920852451353 vs. 1.3518920852451353
--------
nle(id0,id1,dist): 92 93 1.237496736915497
list:
dist: 1.237496736915497 vs. 1.237496736915497
--------
nle(id0,id1,dist): 92 94 1.273632964742226
list:
dist: 1.273632964742226 vs. 1.273632964742226
--------
nle(id0,id1,dist): 92 95 1.9903273400687804
list:
dist: 1.9903273400687804 vs. 1.9903273400687804
--------
nle(id0,id1,dist): 92 96 2.834729129201006
list:
dist: 2.834729129201006 vs. 2.834729129201006
--------
nle(id0,id1,dist): 91 111 2.689087309182934
list:
dist: 2.689087309182934 vs. 2.689087309182934
--------
nle(id0,id1,dist): 91 110 3.1721053149534977
list:
dist: 3.1721053149534977 vs. 3.1721053149534977
--------
nle(id0,id1,dist): 91 113 3.6762635567146567
list:
dist: 3.6762635567146567 vs. 3.6762635567146567
--------
nle(id0,id1,dist): 91 112 1.5392048966935448
list:
dist: 1.5392048966935448 vs. 1.5392048966935448
--------
nle(id0,id1,dist): 91 107 3.598329422969445
list:
dist: 3.598329422969445 vs. 3.598329422969445
--------
nle(id0,id1,dist): 91 106 3.385280766389315
list:
dist: 3.385280766389315 vs. 3.385280766389315
--------
nle(id0,id1,dist): 91 109 2.2957479041879196
list:
dist: 2.2957479041879196 vs. 2.2957479041879196
--------
nle(id0,id1,dist): 91 108 2.733396839602059
list:
dist: 2.733396839602059 vs. 2.733396839602059
--------
nle(id0,id1,dist): 91 118 2.4496188771523295
list:
dist: 2.4496188771523295 vs. 2.4496188771523295
--------
nle(id0,id1,dist): 91 115 1.3503902728490735
list:
dist: 1.3503902728490735 vs. 1.3503902728490735
--------
nle(id0,id1,dist): 91 114 3.43398606154175
list:
dist: 3.43398606154175 vs. 3.43398606154175
--------
nle(id0,id1,dist): 91 117 2.942295722737823
list:
dist: 2.942295722737823 vs. 2.942295722737823
--------
nle(id0,id1,dist): 91 116 3.822095900812981
list:
dist: 3.822095900812981 vs. 3.822095900812981
--------
nle(id0,id1,dist): 92 117 2.593547537814147
list:
dist: 2.593547537814147 vs. 2.593547537814147
--------
nle(id0,id1,dist): 92 118 1.7545282617657767
list:
dist: 1.7545282617657767 vs. 1.7545282617657767
--------
nle(id0,id1,dist): 93 94 2.361684191590809
list:
dist: 2.361684191590809 vs. 2.361684191590809
--------
nle(id0,id1,dist): 93 95 1.3665750881593837
list:
dist: 1.3665750881593837 vs. 1.3665750881593837
--------
nle(id0,id1,dist): 92 108 2.4461653166460953
list:
dist: 2.4461653166460953 vs. 2.4461653166460953
--------
nle(id0,id1,dist): 92 107 3.0900591378132756
list:
dist: 3.0900591378132756 vs. 3.0900591378132756
--------
nle(id0,id1,dist): 92 106 2.890766579179672
list:
dist: 2.890766579179672 vs. 2.890766579179672
--------
nle(id0,id1,dist): 92 105 1.494238879199137
list:
dist: 1.494238879199137 vs. 1.494238879199137
--------
nle(id0,id1,dist): 92 104 1.9267066091366565
list:
dist: 1.9267066091366565 vs. 1.9267066091366565
--------
nle(id0,id1,dist): 92 103 1.8768809904167614
list:
dist: 1.8768809904167614 vs. 1.8768809904167614
--------
nle(id0,id1,dist): 92 102 0.681776862649237
list:
dist: 0.681776862649237 vs. 0.681776862649237
--------
nle(id0,id1,dist): 92 101 2.2971461889213667
list:
dist: 2.2971461889213667 vs. 2.2971461889213667
--------
nle(id0,id1,dist): 92 116 3.718237617564134
list:
dist: 3.718237617564134 vs. 3.718237617564134
--------
nle(id0,id1,dist): 92 115 1.6319578969771278
list:
dist: 1.6319578969771278 vs. 1.6319578969771278
--------
nle(id0,id1,dist): 92 114 2.960431791000112
list:
dist: 2.960431791000112 vs. 2.960431791000112
--------
nle(id0,id1,dist): 92 113 3.42317128310468
list:
dist: 3.42317128310468 vs. 3.42317128310468
--------
nle(id0,id1,dist): 92 112 1.3726300790815742
list:
dist: 1.3726300790815742 vs. 1.3726300790815742
--------
nle(id0,id1,dist): 92 111 2.4815534854593455
list:
dist: 2.4815534854593455 vs. 2.4815534854593455
--------
nle(id0,id1,dist): 92 110 2.9360649012390585
list:
dist: 2.9360649012390585 vs. 2.9360649012390585
--------
nle(id0,id1,dist): 92 109 2.2808053392336247
list:
dist: 2.2808053392336247 vs. 2.2808053392336247
--------
nle(id0,id1,dist): 96 113 1.8896258680011753
list:
dist: 1.8896258680011753 vs. 1.8896258680011753
--------
nle(id0,id1,dist): 96 114 1.4043607986440079
list:
dist: 1.4043607986440079 vs. 1.4043607986440079
--------
nle(id0,id1,dist): 96 115 1.8218684902167936
list:
dist: 1.8218684902167936 vs. 1.8218684902167936
--------
nle(id0,id1,dist): 96 116 1.4354083792307093
list:
dist: 1.4354083792307093 vs. 1.4354083792307093
--------
nle(id0,id1,dist): 96 117 0.8358811837051526
list:
dist: 0.8358811837051526 vs. 0.8358811837051526
--------
nle(id0,id1,dist): 96 118 1.3510996087267726
list:
dist: 1.3510996087267726 vs. 1.3510996087267726
--------
nle(id0,id1,dist): 98 102 1.0241041669680713
list:
dist: 1.0241041669680713 vs. 1.0241041669680713
--------
nle(id0,id1,dist): 98 101 1.4598010827895413
list:
dist: 1.4598010827895413 vs. 1.4598010827895413
--------
nle(id0,id1,dist): 98 100 1.0522661445952575
list:
dist: 1.0522661445952575 vs. 1.0522661445952575
--------
nle(id0,id1,dist): 98 99 1.672116527414069
list:
dist: 1.672116527414069 vs. 1.672116527414069
--------
nle(id0,id1,dist): 95 115 0.9392050003613297
list:
dist: 0.9392050003613297 vs. 0.9392050003613297
--------
nle(id0,id1,dist): 95 114 2.0227246612506056
list:
dist: 2.0227246612506056 vs. 2.0227246612506056
--------
nle(id0,id1,dist): 95 117 1.3811413045566494
list:
dist: 1.3811413045566494 vs. 1.3811413045566494
--------
nle(id0,id1,dist): 95 116 2.32574736213198
list:
dist: 2.32574736213198 vs. 2.32574736213198
--------
nle(id0,id1,dist): 95 111 0.6780874549395361
list:
dist: 0.6780874549395361 vs. 0.6780874549395361
--------
nle(id0,id1,dist): 95 110 1.82340820084813
list:
dist: 1.82340820084813 vs. 1.82340820084813
--------
nle(id0,id1,dist): 95 113 2.5494233394075967
list:
dist: 2.5494233394075967 vs. 2.5494233394075967
--------
nle(id0,id1,dist): 95 112 1.2114091954553254
list:
dist: 1.2114091954553254 vs. 1.2114091954553254
--------
nle(id0,id1,dist): 95 107 3.0181264212041863
list:
dist: 3.0181264212041863 vs. 3.0181264212041863
--------
nle(id0,id1,dist): 95 106 2.073309313281183
list:
dist: 2.073309313281183 vs. 2.073309313281183
--------
nle(id0,id1,dist): 95 109 1.9360593387439202
list:
dist: 1.9360593387439202 vs. 1.9360593387439202
--------
nle(id0,id1,dist): 95 108 1.1814336701253407
list:
dist: 1.1814336701253407 vs. 1.1814336701253407
--------
nle(id0,id1,dist): 95 102 2.0798832838560806
list:
dist: 2.0798832838560806 vs. 2.0798832838560806
--------
nle(id0,id1,dist): 95 105 2.245370969785407
list:
dist: 2.245370969785407 vs. 2.245370969785407
--------
nle(id0,id1,dist): 95 104 3.3297944145254355
list:
dist: 3.3297944145254355 vs. 3.3297944145254355
--------
nle(id0,id1,dist): 95 98 1.6290171478510564
list:
dist: 1.6290171478510564 vs. 1.6290171478510564
--------
nle(id0,id1,dist): 95 99 0.910284725529429
list:
dist: 0.910284725529429 vs. 0.910284725529429
--------
nle(id0,id1,dist): 95 100 1.181228683433225
list:
dist: 1.181228683433225 vs. 1.181228683433225
--------
nle(id0,id1,dist): 95 101 2.9819006557783396
list:
dist: 2.9819006557783396 vs. 2.9819006557783396
--------
nle(id0,id1,dist): 95 96 1.046376491822478
list:
dist: 1.046376491822478 vs. 1.046376491822478
--------
nle(id0,id1,dist): 96 112 1.7524488774334837
list:
dist: 1.7524488774334837 vs. 1.7524488774334837
--------
nle(id0,id1,dist): 96 111 1.2164014351674568
list:
dist: 1.2164014351674568 vs. 1.2164014351674568
--------
nle(id0,id1,dist): 96 110 1.187548364079406
list:
dist: 1.187548364079406 vs. 1.187548364079406
--------
nle(id0,id1,dist): 96 109 1.922294759031495
list:
dist: 1.922294759031495 vs. 1.922294759031495
--------
nle(id0,id1,dist): 96 108 0.7652387556820198
list:
dist: 0.7652387556820198 vs. 0.7652387556820198
--------
nle(id0,id1,dist): 96 107 2.711893176047891
list:
dist: 2.711893176047891 vs. 2.711893176047891
--------
nle(id0,id1,dist): 96 106 1.524973196539192
list:
dist: 1.524973196539192 vs. 1.524973196539192
--------
nle(id0,id1,dist): 96 105 2.7613429440944404
list:
dist: 2.7613429440944404 vs. 2.7613429440944404
--------
nle(id0,id1,dist): 96 104 4.235345340807379
list:
dist: 4.235345340807379 vs. 4.235345340807379
--------
nle(id0,id1,dist): 96 102 2.7570551142095234
list:
dist: 2.7570551142095234 vs. 2.7570551142095234
--------
nle(id0,id1,dist): 96 101 3.0949441360797274
list:
dist: 3.0949441360797274 vs. 3.0949441360797274
--------
nle(id0,id1,dist): 96 100 1.8023890816048627
list:
dist: 1.8023890816048627 vs. 1.8023890816048627
--------
nle(id0,id1,dist): 96 99 1.6433683032888295
list:
dist: 1.6433683032888295 vs. 1.6433683032888295
--------
nle(id0,id1,dist): 96 98 1.9931300355318142
list:
dist: 1.9931300355318142 vs. 1.9931300355318142
--------
nle(id0,id1,dist): 95 118 1.132360374563015
list:
dist: 1.132360374563015 vs. 1.132360374563015
--------
nle(id0,id1,dist): 86 102 1.7067901690120286
list:
dist: 1.7067901690120286 vs. 1.7067901690120286
--------
nle(id0,id1,dist): 86 101 2.8134927213779557
list:
dist: 2.8134927213779557 vs. 2.8134927213779557
--------
nle(id0,id1,dist): 86 100 1.1328771944536566
list:
dist: 1.1328771944536566 vs. 1.1328771944536566
--------
nle(id0,id1,dist): 86 99 1.065910845115468
list:
dist: 1.065910845115468 vs. 1.065910845115468
--------
nle(id0,id1,dist): 86 106 2.0874695317912617
list:
dist: 2.0874695317912617 vs. 2.0874695317912617
--------
nle(id0,id1,dist): 86 105 1.8387672096455743
list:
dist: 1.8387672096455743 vs. 1.8387672096455743
--------
nle(id0,id1,dist): 86 104 3.1742522110223366
list:
dist: 3.1742522110223366 vs. 3.1742522110223366
--------
nle(id0,id1,dist): 86 103 3.24346339818373
list:
dist: 3.24346339818373 vs. 3.24346339818373
--------
nle(id0,id1,dist): 86 110 1.8360636497474851
list:
dist: 1.8360636497474851 vs. 1.8360636497474851
--------
nle(id0,id1,dist): 86 109 1.6860272455405383
list:
dist: 1.6860272455405383 vs. 1.6860272455405383
--------
nle(id0,id1,dist): 86 108 1.218615310383214
list:
dist: 1.218615310383214 vs. 1.218615310383214
--------
nle(id0,id1,dist): 86 107 2.8814401065464623
list:
dist: 2.8814401065464623 vs. 2.8814401065464623
--------
nle(id0,id1,dist): 86 114 2.0663700883293927
list:
dist: 2.0663700883293927 vs. 2.0663700883293927
--------
nle(id0,id1,dist): 86 113 2.5290930003051835
list:
dist: 2.5290930003051835 vs. 2.5290930003051835
--------
nle(id0,id1,dist): 86 112 0.8412028067558338
list:
dist: 0.8412028067558338 vs. 0.8412028067558338
--------
nle(id0,id1,dist): 86 111 1.0623670991990954
list:
dist: 1.0623670991990954 vs. 1.0623670991990954
--------
nle(id0,id1,dist): 86 117 1.4399642025086818
list:
dist: 1.4399642025086818 vs. 1.4399642025086818
--------
nle(id0,id1,dist): 86 118 1.096756473292996
list:
dist: 1.096756473292996 vs. 1.096756473292996
--------
nle(id0,id1,dist): 86 115 0.6106863217545241
list:
dist: 0.6106863217545241 vs. 0.6106863217545241
--------
nle(id0,id1,dist): 86 116 2.42134288271354
list:
dist: 2.42134288271354 vs. 2.42134288271354
--------
nle(id0,id1,dist): 87 89 2.3967760655843335
list:
dist: 2.3967760655843335 vs. 2.3967760655843335
--------
nle(id0,id1,dist): 85 88 2.0122328502170177
list:
dist: 2.0122328502170177 vs. 2.0122328502170177
--------
nle(id0,id1,dist): 85 89 2.529212388898415
list:
dist: 2.529212388898415 vs. 2.529212388898415
--------
nle(id0,id1,dist): 86 90 1.7735837641346746
list:
dist: 1.7735837641346746 vs. 1.7735837641346746
--------
nle(id0,id1,dist): 86 95 0.4237886110689499
list:
dist: 0.4237886110689499 vs. 0.4237886110689499
--------
nle(id0,id1,dist): 86 96 1.3198994818916758
list:
dist: 1.3198994818916758 vs. 1.3198994818916758
--------
nle(id0,id1,dist): 86 98 1.3859428838317258
list:
dist: 1.3859428838317258 vs. 1.3859428838317258
--------
nle(id0,id1,dist): 86 91 1.8085430491683498
list:
dist: 1.8085430491683498 vs. 1.8085430491683498
--------
nle(id0,id1,dist): 86 92 1.667792064835299
list:
dist: 1.667792064835299 vs. 1.667792064835299
--------
nle(id0,id1,dist): 86 93 1.0157212637925206
list:
dist: 1.0157212637925206 vs. 1.0157212637925206
--------
nle(id0,id1,dist): 86 94 2.829426193972308
list:
dist: 2.829426193972308 vs. 2.829426193972308
--------
nle(id0,id1,dist): 90 93 0.9156309207210434
list:
dist: 0.9156309207210434 vs. 0.9156309207210434
--------
nle(id0,id1,dist): 90 94 1.7234977366222133
list:
dist: 1.7234977366222133 vs. 1.7234977366222133
--------
nle(id0,id1,dist): 90 91 0.8057121313715385
list:
dist: 0.8057121313715385 vs. 0.8057121313715385
--------
nle(id0,id1,dist): 90 92 0.8018832144739099
list:
dist: 0.8018832144739099 vs. 0.8018832144739099
--------
nle(id0,id1,dist): 90 105 1.7003062642736477
list:
dist: 1.7003062642736477 vs. 1.7003062642736477
--------
nle(id0,id1,dist): 90 104 2.013817019940603
list:
dist: 2.013817019940603 vs. 2.013817019940603
--------
nle(id0,id1,dist): 90 103 1.4992847690785696
list:
dist: 1.4992847690785696 vs. 1.4992847690785696
--------
nle(id0,id1,dist): 90 98 1.9673813379900797
list:
dist: 1.9673813379900797 vs. 1.9673813379900797
--------
nle(id0,id1,dist): 90 97 4.108690111302291
list:
dist: 4.108690111302291 vs. 4.108690111302291
--------
nle(id0,id1,dist): 90 96 3.080823636510366
list:
dist: 3.080823636510366 vs. 3.080823636510366
--------
nle(id0,id1,dist): 90 95 2.1090116438899433
list:
dist: 2.1090116438899433 vs. 2.1090116438899433
--------
nle(id0,id1,dist): 90 102 1.2247928840596491
list:
dist: 1.2247928840596491 vs. 1.2247928840596491
--------
nle(id0,id1,dist): 90 101 3.077539709230081
list:
dist: 3.077539709230081 vs. 3.077539709230081
--------
nle(id0,id1,dist): 90 100 1.8574370496826538
list:
dist: 1.8574370496826538 vs. 1.8574370496826538
--------
nle(id0,id1,dist): 90 99 2.0342342203902586
list:
dist: 2.0342342203902586 vs. 2.0342342203902586
--------
nle(id0,id1,dist): 90 111 2.5125196763515154
list:
dist: 2.5125196763515154 vs. 2.5125196763515154
--------
nle(id0,id1,dist): 90 112 1.6657565813598034
list:
dist: 1.6657565813598034 vs. 1.6657565813598034
--------
nle(id0,id1,dist): 90 115 1.4741964226084563
list:
dist: 1.4741964226084563 vs. 1.4741964226084563
--------
nle(id0,id1,dist): 90 118 2.275964244971366
list:
dist: 2.275964244971366 vs. 2.275964244971366
--------
nle(id0,id1,dist): 91 99 2.4418449425365774
list:
dist: 2.4418449425365774 vs. 2.4418449425365774
--------
nle(id0,id1,dist): 91 98 2.066390181432532
list:
dist: 2.066390181432532 vs. 2.066390181432532
--------
nle(id0,id1,dist): 91 101 3.265201966801367
list:
dist: 3.265201966801367 vs. 3.265201966801367
--------
nle(id0,id1,dist): 91 100 2.252111000426983
list:
dist: 2.252111000426983 vs. 2.252111000426983
--------
nle(id0,id1,dist): 91 103 1.9882658982392365
list:
dist: 1.9882658982392365 vs. 1.9882658982392365
--------
nle(id0,id1,dist): 91 102 1.30031907099913
list:
dist: 1.30031907099913 vs. 1.30031907099913
--------
nle(id0,id1,dist): 91 105 1.28104722289556
list:
dist: 1.28104722289556 vs. 1.28104722289556
--------
nle(id0,id1,dist): 91 104 2.7993155226810926
list:
dist: 2.7993155226810926 vs. 2.7993155226810926
--------
nle(id0,id1,dist): 91 93 0.8915372834333601
list:
dist: 0.8915372834333601 vs. 0.8915372834333601
--------
nle(id0,id1,dist): 91 92 1.2974084954516951
list:
dist: 1.2974084954516951 vs. 1.2974084954516951
--------
nle(id0,id1,dist): 91 95 2.204741579315151
list:
dist: 2.204741579315151 vs. 2.204741579315151
--------
nle(id0,id1,dist): 91 94 1.9721031378995943
list:
dist: 1.9721031378995943 vs. 1.9721031378995943
--------
nle(id0,id1,dist): 91 96 3.0730565467678104
list:
dist: 3.0730565467678104 vs. 3.0730565467678104
--------
nle(id0,id1,dist): 81 82 2.281621694248545
list:
dist: 2.281621694248545 vs. 2.281621694248545
--------
nle(id0,id1,dist): 81 83 2.2014002962839547
list:
dist: 2.2014002962839547 vs. 2.2014002962839547
--------
nle(id0,id1,dist): 81 88 2.6023999426745728
list:
dist: 2.6023999426745728 vs. 2.6023999426745728
--------
nle(id0,id1,dist): 81 89 2.628241516927825
list:
dist: 2.628241516927825 vs. 2.628241516927825
--------
nle(id0,id1,dist): 81 84 3.0471291837681953
list:
dist: 3.0471291837681953 vs. 3.0471291837681953
--------
nle(id0,id1,dist): 81 85 0.6644995519661656
list:
dist: 0.6644995519661656 vs. 0.6644995519661656
--------
nle(id0,id1,dist): 80 87 1.7740065870651827
list:
dist: 1.7740065870651827 vs. 1.7740065870651827
--------
nle(id0,id1,dist): 80 82 2.0968168668158254
list:
dist: 2.0968168668158254 vs. 2.0968168668158254
--------
nle(id0,id1,dist): 80 84 2.1407941945567597
list:
dist: 2.1407941945567597 vs. 2.1407941945567597
--------
nle(id0,id1,dist): 80 89 1.8290293427832436
list:
dist: 1.8290293427832436 vs. 1.8290293427832436
--------
nle(id0,id1,dist): 79 88 2.0077113357802894
list:
dist: 2.0077113357802894 vs. 2.0077113357802894
--------
nle(id0,id1,dist): 79 81 2.5115125523432518
list:
dist: 2.5115125523432518 vs. 2.5115125523432518
--------
nle(id0,id1,dist): 79 85 1.936080407864742
list:
dist: 1.936080407864742 vs. 1.936080407864742
--------
nle(id0,id1,dist): 79 83 2.607982392454201
list:
dist: 2.607982392454201 vs. 2.607982392454201
--------
nle(id0,id1,dist): 78 81 2.7845968035984505
list:
dist: 2.7845968035984505 vs. 2.7845968035984505
--------
nle(id0,id1,dist): 78 84 3.2528838314704887
list:
dist: 3.2528838314704887 vs. 3.2528838314704887
--------
nle(id0,id1,dist): 78 83 1.7985550697633421
list:
dist: 1.7985550697633421 vs. 1.7985550697633421
--------
nle(id0,id1,dist): 78 85 2.3480395003748806
list:
dist: 2.3480395003748806 vs. 2.3480395003748806
--------
nle(id0,id1,dist): 78 88 0.9583752503848025
list:
dist: 0.9583752503848025 vs. 0.9583752503848025
--------
nle(id0,id1,dist): 78 89 3.3741573549665027
list:
dist: 3.3741573549665027 vs. 3.3741573549665027
--------
nle(id0,id1,dist): 84 89 1.0738057879884715
list:
dist: 1.0738057879884715 vs. 1.0738057879884715
--------
nle(id0,id1,dist): 84 87 1.9371645400872124
list:
dist: 1.9371645400872124 vs. 1.9371645400872124
--------
nle(id0,id1,dist): 84 85 3.0038829974616776
list:
dist: 3.0038829974616776 vs. 3.0038829974616776
--------
nle(id0,id1,dist): 83 88 1.6446304658154491
list:
dist: 1.6446304658154491 vs. 1.6446304658154491
--------
nle(id0,id1,dist): 83 89 1.6544749497231355
list:
dist: 1.6544749497231355 vs. 1.6544749497231355
--------
nle(id0,id1,dist): 83 84 1.8845180762577478
list:
dist: 1.8845180762577478 vs. 1.8845180762577478
--------
nle(id0,id1,dist): 83 85 1.7703237772271065
list:
dist: 1.7703237772271065 vs. 1.7703237772271065
--------
nle(id0,id1,dist): 82 89 2.4097885768285985
list:
dist: 2.4097885768285985 vs. 2.4097885768285985
--------
nle(id0,id1,dist): 82 83 3.2811047009140313
list:
dist: 3.2811047009140313 vs. 3.2811047009140313
--------
nle(id0,id1,dist): 82 85 2.5737472982093346
list:
dist: 2.5737472982093346 vs. 2.5737472982093346
--------
nle(id0,id1,dist): 74 76 1.8723641537575664
list:
dist: 1.8723641537575664 vs. 1.8723641537575664
--------
nle(id0,id1,dist): 74 78 3.1701805961294007
list:
dist: 3.1701805961294007 vs. 3.1701805961294007
--------
nle(id0,id1,dist): 74 77 2.5958992076630185
list:
dist: 2.5958992076630185 vs. 2.5958992076630185
--------
nle(id0,id1,dist): 74 83 2.3699075821207463
list:
dist: 2.3699075821207463 vs. 2.3699075821207463
--------
nle(id0,id1,dist): 74 84 1.322961018056783
list:
dist: 1.322961018056783 vs. 1.322961018056783
--------
nle(id0,id1,dist): 74 85 2.8862887961691577
list:
dist: 2.8862887961691577 vs. 2.8862887961691577
--------
nle(id0,id1,dist): 74 80 2.5258684580922015
list:
dist: 2.5258684580922015 vs. 2.5258684580922015
--------
nle(id0,id1,dist): 74 81 2.7145050287165007
list:
dist: 2.7145050287165007 vs. 2.7145050287165007
--------
nle(id0,id1,dist): 74 87 2.465402470258423
list:
dist: 2.465402470258423 vs. 2.465402470258423
--------
nle(id0,id1,dist): 74 89 2.0306924354696942
list:
dist: 2.0306924354696942 vs. 2.0306924354696942
--------
nle(id0,id1,dist): 73 83 2.474555843808185
list:
dist: 2.474555843808185 vs. 2.474555843808185
--------
nle(id0,id1,dist): 73 82 0.9431525895227342
list:
dist: 0.9431525895227342 vs. 0.9431525895227342
--------
nle(id0,id1,dist): 73 81 2.1185621823319853
list:
dist: 2.1185621823319853 vs. 2.1185621823319853
--------
nle(id0,id1,dist): 73 80 1.7133616472489686
list:
dist: 1.7133616472489686 vs. 1.7133616472489686
--------
nle(id0,id1,dist): 73 76 1.8839251420373857
list:
dist: 1.8839251420373857 vs. 1.8839251420373857
--------
nle(id0,id1,dist): 73 89 1.4824467747747887
list:
dist: 1.4824467747747887 vs. 1.4824467747747887
--------
nle(id0,id1,dist): 73 85 2.2399128729790907
list:
dist: 2.2399128729790907 vs. 2.2399128729790907
--------
nle(id0,id1,dist): 72 73 3.611823475569023
list:
dist: 3.611823475569023 vs. 3.611823475569023
--------
nle(id0,id1,dist): 72 79 4.856781103767878
list:
dist: 4.856781103767878 vs. 4.856781103767878
--------
nle(id0,id1,dist): 72 82 2.713172526334336
list:
dist: 2.713172526334336 vs. 2.713172526334336
--------
nle(id0,id1,dist): 70 118 1.6989859577317903
list:
dist: 1.6989859577317903 vs. 1.6989859577317903
--------
nle(id0,id1,dist): 71 81 0.7780346580454761
list:
dist: 0.7780346580454761 vs. 0.7780346580454761
--------
nle(id0,id1,dist): 70 117 1.983650191241329
list:
dist: 1.983650191241329 vs. 1.983650191241329
--------
nle(id0,id1,dist): 71 79 3.055720201888038
list:
dist: 3.055720201888038 vs. 3.055720201888038
--------
nle(id0,id1,dist): 70 116 2.8112203486277902
list:
dist: 2.8112203486277902 vs. 2.8112203486277902
--------
nle(id0,id1,dist): 71 78 2.9871847549027377
list:
dist: 2.9871847549027377 vs. 2.9871847549027377
--------
nle(id0,id1,dist): 70 115 1.095181172151427
list:
dist: 1.095181172151427 vs. 1.095181172151427
--------
nle(id0,id1,dist): 71 85 1.1905338738049163
list:
dist: 1.1905338738049163 vs. 1.1905338738049163
--------
nle(id0,id1,dist): 71 84 2.4285505146482094
list:
dist: 2.4285505146482094 vs. 2.4285505146482094
--------
nle(id0,id1,dist): 71 83 2.0727148213341535
list:
dist: 2.0727148213341535 vs. 2.0727148213341535
--------
nle(id0,id1,dist): 71 82 1.9214381578660167
list:
dist: 1.9214381578660167 vs. 1.9214381578660167
--------
nle(id0,id1,dist): 71 89 2.070675013816626
list:
dist: 2.070675013816626 vs. 2.070675013816626
--------
nle(id0,id1,dist): 71 88 2.930220763677883
list:
dist: 2.930220763677883 vs. 2.930220763677883
--------
nle(id0,id1,dist): 77 89 2.5135302092187697
list:
dist: 2.5135302092187697 vs. 2.5135302092187697
--------
nle(id0,id1,dist): 77 84 1.8762660784303447
list:
dist: 1.8762660784303447 vs. 1.8762660784303447
--------
nle(id0,id1,dist): 77 85 3.8026972866298565
list:
dist: 3.8026972866298565 vs. 3.8026972866298565
--------
nle(id0,id1,dist): 77 87 3.3223561126097216
list:
dist: 3.3223561126097216 vs. 3.3223561126097216
--------
nle(id0,id1,dist): 77 80 3.96782555488521
list:
dist: 3.96782555488521 vs. 3.96782555488521
--------
nle(id0,id1,dist): 77 81 4.093363819792026
list:
dist: 4.093363819792026 vs. 4.093363819792026
--------
nle(id0,id1,dist): 77 83 2.1256292282710008
list:
dist: 2.1256292282710008 vs. 2.1256292282710008
--------
nle(id0,id1,dist): 76 89 1.7023887316204147
list:
dist: 1.7023887316204147 vs. 1.7023887316204147
--------
nle(id0,id1,dist): 76 88 2.225526899393507
list:
dist: 2.225526899393507 vs. 2.225526899393507
--------
nle(id0,id1,dist): 76 85 1.0655087329881305
list:
dist: 1.0655087329881305 vs. 1.0655087329881305
--------
nle(id0,id1,dist): 77 78 2.776642401285306
list:
dist: 2.776642401285306 vs. 2.776642401285306
--------
nle(id0,id1,dist): 76 78 2.2583541791380104
list:
dist: 2.2583541791380104 vs. 2.2583541791380104
--------
nle(id0,id1,dist): 76 77 2.963052428407316
list:
dist: 2.963052428407316 vs. 2.963052428407316
--------
nle(id0,id1,dist): 76 79 2.7567701649289718
list:
dist: 2.7567701649289718 vs. 2.7567701649289718
--------
nle(id0,id1,dist): 76 82 2.4799410125296704
list:
dist: 2.4799410125296704 vs. 2.4799410125296704
--------
nle(id0,id1,dist): 76 81 1.1503784503277685
list:
dist: 1.1503784503277685 vs. 1.1503784503277685
--------
nle(id0,id1,dist): 76 84 1.9723665487301756
list:
dist: 1.9723665487301756 vs. 1.9723665487301756
--------
nle(id0,id1,dist): 76 83 1.2292094829035474
list:
dist: 1.2292094829035474 vs. 1.2292094829035474
--------
nle(id0,id1,dist): 75 85 0.9980060857676889
list:
dist: 0.9980060857676889 vs. 0.9980060857676889
--------
nle(id0,id1,dist): 75 83 2.004516703422776
list:
dist: 2.004516703422776 vs. 2.004516703422776
--------
nle(id0,id1,dist): 75 88 1.3578186284468952
list:
dist: 1.3578186284468952 vs. 1.3578186284468952
--------
nle(id0,id1,dist): 75 76 1.7802117124173007
list:
dist: 1.7802117124173007 vs. 1.7802117124173007
--------
nle(id0,id1,dist): 75 81 1.5232047827423592
list:
dist: 1.5232047827423592 vs. 1.5232047827423592
--------
nle(id0,id1,dist): 75 79 1.5649456304964016
list:
dist: 1.5649456304964016 vs. 1.5649456304964016
--------
nle(id0,id1,dist): 75 78 1.8240226506338078
list:
dist: 1.8240226506338078 vs. 1.8240226506338078
--------
nle(id0,id1,dist): 119 149 1.7482466798886922
list:
dist: 1.7482466798886922 vs. 1.7482466798886922
--------
nle(id0,id1,dist): 119 146 2.9121136337338287
list:
dist: 2.9121136337338287 vs. 2.9121136337338287
--------
nle(id0,id1,dist): 119 144 3.0955620596635676
list:
dist: 3.0955620596635676 vs. 3.0955620596635676
--------
nle(id0,id1,dist): 119 137 3.6678151923121467
list:
dist: 3.6678151923121467 vs. 3.6678151923121467
--------
nle(id0,id1,dist): 120 142 3.1979339948510783
list:
dist: 3.1979339948510783 vs. 3.1979339948510783
--------
nle(id0,id1,dist): 120 132 2.650651132562381
list:
dist: 2.650651132562381 vs. 2.650651132562381
--------
nle(id0,id1,dist): 120 133 2.8913508988822483
list:
dist: 2.8913508988822483 vs. 2.8913508988822483
--------
nle(id0,id1,dist): 120 135 2.390206227955913
list:
dist: 2.390206227955913 vs. 2.390206227955913
--------
nle(id0,id1,dist): 120 122 3.536614553854182
list:
dist: 3.536614553854182 vs. 3.536614553854182
--------
nle(id0,id1,dist): 120 121 3.4242223945022205
list:
dist: 3.4242223945022205 vs. 3.4242223945022205
--------
nle(id0,id1,dist): 120 123 2.884586313112282
list:
dist: 2.884586313112282 vs. 2.884586313112282
--------
nle(id0,id1,dist): 121 142 2.244009462559146
list:
dist: 2.244009462559146 vs. 2.244009462559146
--------
nle(id0,id1,dist): 121 143 1.9126984578152266
list:
dist: 1.9126984578152266 vs. 1.9126984578152266
--------
nle(id0,id1,dist): 121 140 2.926160892086346
list:
dist: 2.926160892086346 vs. 2.926160892086346
--------
nle(id0,id1,dist): 121 141 2.5898622370162623
list:
dist: 2.5898622370162623 vs. 2.5898622370162623
--------
nle(id0,id1,dist): 121 147 2.1309071144089438
list:
dist: 2.1309071144089438 vs. 2.1309071144089438
--------
nle(id0,id1,dist): 121 134 1.3509477229832703
list:
dist: 1.3509477229832703 vs. 1.3509477229832703
--------
nle(id0,id1,dist): 121 135 3.9907282310381045
list:
dist: 3.9907282310381045 vs. 3.9907282310381045
--------
nle(id0,id1,dist): 121 132 1.511075582494714
list:
dist: 1.511075582494714 vs. 1.511075582494714
--------
nle(id0,id1,dist): 121 133 2.362778998987042
list:
dist: 2.362778998987042 vs. 2.362778998987042
--------
nle(id0,id1,dist): 121 138 2.7032594002069654
list:
dist: 2.7032594002069654 vs. 2.7032594002069654
--------
nle(id0,id1,dist): 121 139 2.496193445791857
list:
dist: 2.496193445791857 vs. 2.496193445791857
--------
nle(id0,id1,dist): 121 136 2.7018467795756083
list:
dist: 2.7018467795756083 vs. 2.7018467795756083
--------
nle(id0,id1,dist): 121 127 1.0629841015650192
list:
dist: 1.0629841015650192 vs. 1.0629841015650192
--------
nle(id0,id1,dist): 121 125 2.384301116462924
list:
dist: 2.384301116462924 vs. 2.384301116462924
--------
nle(id0,id1,dist): 121 124 0.5646698798929153
list:
dist: 0.5646698798929153 vs. 0.5646698798929153
--------
nle(id0,id1,dist): 121 131 1.8605787250620245
list:
dist: 1.8605787250620245 vs. 1.8605787250620245
--------
nle(id0,id1,dist): 121 130 1.4210507041531502
list:
dist: 1.4210507041531502 vs. 1.4210507041531502
--------
nle(id0,id1,dist): 121 129 1.4181563879722545
list:
dist: 1.4181563879722545 vs. 1.4181563879722545
--------
nle(id0,id1,dist): 121 128 2.792568549504333
list:
dist: 2.792568549504333 vs. 2.792568549504333
--------
nle(id0,id1,dist): 121 123 4.322980504472912
list:
dist: 4.322980504472912 vs. 4.322980504472912
--------
nle(id0,id1,dist): 121 122 2.79041864060637
list:
dist: 2.79041864060637 vs. 2.79041864060637
--------
nle(id0,id1,dist): 122 132 2.8098841769082874
list:
dist: 2.8098841769082874 vs. 2.8098841769082874
--------
nle(id0,id1,dist): 122 131 3.823960898528964
list:
dist: 3.823960898528964 vs. 3.823960898528964
--------
nle(id0,id1,dist): 122 133 1.6271041707807046
list:
dist: 1.6271041707807046 vs. 1.6271041707807046
--------
nle(id0,id1,dist): 122 128 4.135224899387747
list:
dist: 4.135224899387747 vs. 4.135224899387747
--------
nle(id0,id1,dist): 122 127 2.6479876384456573
list:
dist: 2.6479876384456573 vs. 2.6479876384456573
--------
nle(id0,id1,dist): 122 129 3.6105310031731093
list:
dist: 3.6105310031731093 vs. 3.6105310031731093
--------
nle(id0,id1,dist): 122 140 1.9892337544634162
list:
dist: 1.9892337544634162 vs. 1.9892337544634162
--------
nle(id0,id1,dist): 122 139 1.9812682717799543
list:
dist: 1.9812682717799543 vs. 1.9812682717799543
--------
nle(id0,id1,dist): 122 142 1.052617389428101
list:
dist: 1.052617389428101 vs. 1.052617389428101
--------
nle(id0,id1,dist): 122 141 3.004605248947643
list:
dist: 3.004605248947643 vs. 3.004605248947643
--------
nle(id0,id1,dist): 122 136 3.2906448997247075
list:
dist: 3.2906448997247075 vs. 3.2906448997247075
--------
nle(id0,id1,dist): 122 135 2.375596423061763
list:
dist: 2.375596423061763 vs. 2.375596423061763
--------
nle(id0,id1,dist): 122 138 2.280198473169044
list:
dist: 2.280198473169044 vs. 2.280198473169044
--------
nle(id0,id1,dist): 122 137 1.7914636750836304
list:
dist: 1.7914636750836304 vs. 1.7914636750836304
--------
nle(id0,id1,dist): 121 148 4.018816615617899
list:
dist: 4.018816615617899 vs. 4.018816615617899
--------
nle(id0,id1,dist): 122 124 2.9627489846433748
list:
dist: 2.9627489846433748 vs. 2.9627489846433748
--------
nle(id0,id1,dist): 122 125 1.5023345401018668
list:
dist: 1.5023345401018668 vs. 1.5023345401018668
--------
nle(id0,id1,dist): 123 132 3.197103308301389
list:
dist: 3.197103308301389 vs. 3.197103308301389
--------
nle(id0,id1,dist): 122 147 1.4586514019984023
list:
dist: 1.4586514019984023 vs. 1.4586514019984023
--------
nle(id0,id1,dist): 122 148 2.8189464591802924
list:
dist: 2.8189464591802924 vs. 2.8189464591802924
--------
nle(id0,id1,dist): 122 145 2.5277525823369094
list:
dist: 2.5277525823369094 vs. 2.5277525823369094
--------
nle(id0,id1,dist): 122 146 2.3245707374584628
list:
dist: 2.3245707374584628 vs. 2.3245707374584628
--------
nle(id0,id1,dist): 122 143 3.5938033539608307
list:
dist: 3.5938033539608307 vs. 3.5938033539608307
--------
nle(id0,id1,dist): 122 144 2.337842773740138
list:
dist: 2.337842773740138 vs. 2.337842773740138
--------
nle(id0,id1,dist): 124 125 2.2545687894520445
list:
dist: 2.2545687894520445 vs. 2.2545687894520445
--------
nle(id0,id1,dist): 124 128 2.351923932183364
list:
dist: 2.351923932183364 vs. 2.351923932183364
--------
nle(id0,id1,dist): 124 127 0.7735843888288939
list:
dist: 0.7735843888288939 vs. 0.7735843888288939
--------
nle(id0,id1,dist): 124 130 1.2328547747032002
list:
dist: 1.2328547747032002 vs. 1.2328547747032002
--------
nle(id0,id1,dist): 124 129 1.1388540683011712
list:
dist: 1.1388540683011712 vs. 1.1388540683011712
--------
nle(id0,id1,dist): 124 132 2.070822108824113
list:
dist: 2.070822108824113 vs. 2.070822108824113
--------
nle(id0,id1,dist): 124 131 1.4307136598362273
list:
dist: 1.4307136598362273 vs. 1.4307136598362273
--------
nle(id0,id1,dist): 125 127 1.8614120619712882
list:
dist: 1.8614120619712882 vs. 1.8614120619712882
--------
nle(id0,id1,dist): 124 135 4.266406236651506
list:
dist: 4.266406236651506 vs. 4.266406236651506
--------
nle(id0,id1,dist): 124 136 2.326065710944664
list:
dist: 2.326065710944664 vs. 2.326065710944664
--------
nle(id0,id1,dist): 124 133 2.4542817734805684
list:
dist: 2.4542817734805684 vs. 2.4542817734805684
--------
nle(id0,id1,dist): 124 134 1.4254752938289668
list:
dist: 1.4254752938289668 vs. 1.4254752938289668
--------
nle(id0,id1,dist): 124 139 2.358599706227704
list:
dist: 2.358599706227704 vs. 2.358599706227704
--------
nle(id0,id1,dist): 124 140 2.73684884296628
list:
dist: 2.73684884296628 vs. 2.73684884296628
--------
nle(id0,id1,dist): 124 138 2.4271926711437355
list:
dist: 2.4271926711437355 vs. 2.4271926711437355
--------
nle(id0,id1,dist): 124 143 1.3639517603948936
list:
dist: 1.3639517603948936 vs. 1.3639517603948936
--------
nle(id0,id1,dist): 124 141 2.221379037431789
list:
dist: 2.221379037431789 vs. 2.221379037431789
--------
nle(id0,id1,dist): 124 142 2.3384845297702372
list:
dist: 2.3384845297702372 vs. 2.3384845297702372
--------
nle(id0,id1,dist): 124 147 2.049664207614758
list:
dist: 2.049664207614758 vs. 2.049664207614758
--------
nle(id0,id1,dist): 124 148 3.7799160833539407
list:
dist: 3.7799160833539407 vs. 3.7799160833539407
--------
nle(id0,id1,dist): 112 117 1.428141987422495
list:
dist: 1.428141987422495 vs. 1.428141987422495
--------
nle(id0,id1,dist): 112 118 1.063681201235226
list:
dist: 1.063681201235226 vs. 1.063681201235226
--------
nle(id0,id1,dist): 112 115 0.9855756695393226
list:
dist: 0.9855756695393226 vs. 0.9855756695393226
--------
nle(id0,id1,dist): 112 116 2.4147661353374454
list:
dist: 2.4147661353374454 vs. 2.4147661353374454
--------
nle(id0,id1,dist): 112 113 2.2235083371882607
list:
dist: 2.2235083371882607 vs. 2.2235083371882607
--------
nle(id0,id1,dist): 112 114 1.89695368941318
list:
dist: 1.89695368941318 vs. 1.89695368941318
--------
nle(id0,id1,dist): 113 116 0.966390613673093
list:
dist: 0.966390613673093 vs. 0.966390613673093
--------
nle(id0,id1,dist): 113 117 1.2099697568881262
list:
dist: 1.2099697568881262 vs. 1.2099697568881262
--------
nle(id0,id1,dist): 113 118 2.0172348558106705
list:
dist: 2.0172348558106705 vs. 2.0172348558106705
--------
nle(id0,id1,dist): 113 114 0.8276782726175149
list:
dist: 0.8276782726175149 vs. 0.8276782726175149
--------
nle(id0,id1,dist): 113 115 2.916263229228899
list:
dist: 2.916263229228899 vs. 2.916263229228899
--------
nle(id0,id1,dist): 114 117 0.6788795840300211
list:
dist: 0.6788795840300211 vs. 0.6788795840300211
--------
nle(id0,id1,dist): 114 118 1.344842129209676
list:
dist: 1.344842129209676 vs. 1.344842129209676
--------
nle(id0,id1,dist): 114 115 2.56907712090626
list:
dist: 2.56907712090626 vs. 2.56907712090626
--------
nle(id0,id1,dist): 114 116 1.2097069441594979
list:
dist: 1.2097069441594979 vs. 1.2097069441594979
--------
nle(id0,id1,dist): 115 118 1.640421002625272
list:
dist: 1.640421002625272 vs. 1.640421002625272
--------
nle(id0,id1,dist): 115 116 2.8014473151990873
list:
dist: 2.8014473151990873 vs. 2.8014473151990873
--------
nle(id0,id1,dist): 115 117 1.9433928765286892
list:
dist: 1.9433928765286892 vs. 1.9433928765286892
--------
nle(id0,id1,dist): 116 117 1.2092568782926343
list:
dist: 1.2092568782926343 vs. 1.2092568782926343
--------
nle(id0,id1,dist): 116 118 2.210033638114091
list:
dist: 2.210033638114091 vs. 2.210033638114091
--------
nle(id0,id1,dist): 117 118 1.0009843934452476
list:
dist: 1.0009843934452476 vs. 1.0009843934452476
--------
nle(id0,id1,dist): 106 113 0.8228583257512644
list:
dist: 0.8228583257512644 vs. 0.8228583257512644
--------
nle(id0,id1,dist): 106 114 0.16640889710118068
list:
dist: 0.16640889710118068 vs. 0.16640889710118068
--------
nle(id0,id1,dist): 106 111 2.5287391364316374
list:
dist: 2.5287391364316374 vs. 2.5287391364316374
--------
nle(id0,id1,dist): 106 112 1.8546092541735506
list:
dist: 1.8546092541735506 vs. 1.8546092541735506
--------
nle(id0,id1,dist): 106 117 0.7550864163418395
list:
dist: 0.7550864163418395 vs. 0.7550864163418395
--------
nle(id0,id1,dist): 106 118 1.3241745106079028
list:
dist: 1.3241745106079028 vs. 1.3241745106079028
--------
nle(id0,id1,dist): 106 115 2.5789674260918622
list:
dist: 2.5789674260918622 vs. 2.5789674260918622
--------
nle(id0,id1,dist): 106 116 1.3280968905809636
list:
dist: 1.3280968905809636 vs. 1.3280968905809636
--------
nle(id0,id1,dist): 106 110 0.6851792262687677
list:
dist: 0.6851792262687677 vs. 0.6851792262687677
--------
nle(id0,id1,dist): 106 109 1.444641086222666
list:
dist: 1.444641086222666 vs. 1.444641086222666
--------
nle(id0,id1,dist): 106 108 0.9693468742585731
list:
dist: 0.9693468742585731 vs. 0.9693468742585731
--------
nle(id0,id1,dist): 106 107 1.2626029541109516
list:
dist: 1.2626029541109516 vs. 1.2626029541109516
--------
nle(id0,id1,dist): 105 116 3.0965467340089172
list:
dist: 3.0965467340089172 vs. 3.0965467340089172
--------
nle(id0,id1,dist): 105 117 2.3050165035179555
list:
dist: 2.3050165035179555 vs. 2.3050165035179555
--------
nle(id0,id1,dist): 105 118 1.9959896087902174
list:
dist: 1.9959896087902174 vs. 1.9959896087902174
--------
nle(id0,id1,dist): 105 109 1.289745544799771
list:
dist: 1.289745544799771 vs. 1.289745544799771
--------
nle(id0,id1,dist): 105 108 2.1581226762959265
list:
dist: 2.1581226762959265 vs. 2.1581226762959265
--------
nle(id0,id1,dist): 105 111 2.9009226929663074
list:
dist: 2.9009226929663074 vs. 2.9009226929663074
--------
nle(id0,id1,dist): 105 110 2.38663516809021
list:
dist: 2.38663516809021 vs. 2.38663516809021
--------
nle(id0,id1,dist): 105 113 2.7005617746230404
list:
dist: 2.7005617746230404 vs. 2.7005617746230404
--------
nle(id0,id1,dist): 105 112 1.0684047057347597
list:
dist: 1.0684047057347597 vs. 1.0684047057347597
--------
nle(id0,id1,dist): 105 115 1.6905040509138753
list:
dist: 1.6905040509138753 vs. 1.6905040509138753
--------
nle(id0,id1,dist): 105 114 2.609848030214678
list:
dist: 2.609848030214678 vs. 2.609848030214678
--------
nle(id0,id1,dist): 105 107 2.4353189117413887
list:
dist: 2.4353189117413887 vs. 2.4353189117413887
--------
nle(id0,id1,dist): 105 106 2.5208693959098856
list:
dist: 2.5208693959098856 vs. 2.5208693959098856
--------
nle(id0,id1,dist): 108 115 1.7071736761231586
list:
dist: 1.7071736761231586 vs. 1.7071736761231586
--------
nle(id0,id1,dist): 108 116 1.317668045081327
list:
dist: 1.317668045081327 vs. 1.317668045081327
--------
nle(id0,id1,dist): 108 113 1.371994232802304
list:
dist: 1.371994232802304 vs. 1.371994232802304
--------
nle(id0,id1,dist): 108 114 0.9097906276490813
list:
dist: 0.9097906276490813 vs. 0.9097906276490813
--------
nle(id0,id1,dist): 108 111 1.6721179194317104
list:
dist: 1.6721179194317104 vs. 1.6721179194317104
--------
nle(id0,id1,dist): 108 112 1.2431701926374907
list:
dist: 1.2431701926374907 vs. 1.2431701926374907
--------
nle(id0,id1,dist): 108 109 1.2175266388237251
list:
dist: 1.2175266388237251 vs. 1.2175266388237251
--------
nle(id0,id1,dist): 108 110 0.654503447125233
list:
dist: 0.654503447125233 vs. 0.654503447125233
--------
nle(id0,id1,dist): 107 118 2.0937845899110896
list:
dist: 2.0937845899110896 vs. 2.0937845899110896
--------
nle(id0,id1,dist): 107 114 1.417895999844906
list:
dist: 1.417895999844906 vs. 1.417895999844906
--------
nle(id0,id1,dist): 107 115 3.238580579008559
list:
dist: 3.238580579008559 vs. 3.238580579008559
--------
nle(id0,id1,dist): 107 116 2.2472794251373505
list:
dist: 2.2472794251373505 vs. 2.2472794251373505
--------
nle(id0,id1,dist): 107 117 1.8783579097026277
list:
dist: 1.8783579097026277 vs. 1.8783579097026277
--------
nle(id0,id1,dist): 107 110 1.6721606643612708
list:
dist: 1.6721606643612708 vs. 1.6721606643612708
--------
nle(id0,id1,dist): 107 111 3.5892832576443765
list:
dist: 3.5892832576443765 vs. 3.5892832576443765
--------
nle(id0,id1,dist): 107 112 2.2969811286315602
list:
dist: 2.2969811286315602 vs. 2.2969811286315602
--------
nle(id0,id1,dist): 107 113 1.3055676984316806
list:
dist: 1.3055676984316806 vs. 1.3055676984316806
--------
nle(id0,id1,dist): 107 108 2.011454952139592
list:
dist: 2.011454952139592 vs. 2.011454952139592
--------
nle(id0,id1,dist): 107 109 1.615716417389922
list:
dist: 1.615716417389922 vs. 1.615716417389922
--------
nle(id0,id1,dist): 109 114 1.513058145971346
list:
dist: 1.513058145971346 vs. 1.513058145971346
--------
nle(id0,id1,dist): 109 115 1.8493156366205836
list:
dist: 1.8493156366205836 vs. 1.8493156366205836
--------
nle(id0,id1,dist): 109 112 1.0564841170682755
list:
dist: 1.0564841170682755 vs. 1.0564841170682755
--------
nle(id0,id1,dist): 109 113 1.441831607016977
list:
dist: 1.441831607016977 vs. 1.441831607016977
--------
nle(id0,id1,dist): 109 118 1.5641504804074373
list:
dist: 1.5641504804074373 vs. 1.5641504804074373
--------
nle(id0,id1,dist): 109 116 1.850083301324456
list:
dist: 1.850083301324456 vs. 1.850083301324456
--------
nle(id0,id1,dist): 109 117 1.2984796359330368
list:
dist: 1.2984796359330368 vs. 1.2984796359330368
--------
nle(id0,id1,dist): 109 111 2.5802025613031323
list:
dist: 2.5802025613031323 vs. 2.5802025613031323
--------
nle(id0,id1,dist): 109 110 1.1827907173303003
list:
dist: 1.1827907173303003 vs. 1.1827907173303003
--------
nle(id0,id1,dist): 108 117 0.24248897963109628
list:
dist: 0.24248897963109628 vs. 0.24248897963109628
--------
nle(id0,id1,dist): 108 118 0.9448748696628516
list:
dist: 0.9448748696628516 vs. 0.9448748696628516
--------
nle(id0,id1,dist): 111 118 1.6516432383863369
list:
dist: 1.6516432383863369 vs. 1.6516432383863369
--------
nle(id0,id1,dist): 111 116 2.626456746988029
list:
dist: 2.626456746988029 vs. 2.626456746988029
--------
nle(id0,id1,dist): 111 117 1.8326026135232734
list:
dist: 1.8326026135232734 vs. 1.8326026135232734
--------
nle(id0,id1,dist): 111 114 2.4479069464611785
list:
dist: 2.4479069464611785 vs. 2.4479069464611785
--------
nle(id0,id1,dist): 111 115 1.4110761816824964
list:
dist: 1.4110761816824964 vs. 1.4110761816824964
--------
nle(id0,id1,dist): 111 112 1.884656118732898
list:
dist: 1.884656118732898 vs. 1.884656118732898
--------
nle(id0,id1,dist): 111 113 3.013476768991636
list:
dist: 3.013476768991636 vs. 3.013476768991636
--------
nle(id0,id1,dist): 110 111 2.2800785521284177
list:
dist: 2.2800785521284177 vs. 2.2800785521284177
--------
nle(id0,id1,dist): 110 112 1.6831159589047944
list:
dist: 1.6831159589047944 vs. 1.6831159589047944
--------
nle(id0,id1,dist): 110 113 0.7380711947885398
list:
dist: 0.7380711947885398 vs. 0.7380711947885398
--------
nle(id0,id1,dist): 110 114 0.6167907762057424
list:
dist: 0.6167907762057424 vs. 0.6167907762057424
--------
nle(id0,id1,dist): 110 115 2.257279308337978
list:
dist: 2.257279308337978 vs. 2.257279308337978
--------
nle(id0,id1,dist): 110 116 0.837709082705131
list:
dist: 0.837709082705131 vs. 0.837709082705131
--------
nle(id0,id1,dist): 110 117 0.523795647786019
list:
dist: 0.523795647786019 vs. 0.523795647786019
--------
nle(id0,id1,dist): 110 118 1.4563872713138775
list:
dist: 1.4563872713138775 vs. 1.4563872713138775
--------
nle(id0,id1,dist): 99 107 3.2457739514713984
list:
dist: 3.2457739514713984 vs. 3.2457739514713984
--------
nle(id0,id1,dist): 99 106 2.3781039761511344
list:
dist: 2.3781039761511344 vs. 2.3781039761511344
--------
nle(id0,id1,dist): 99 109 2.494346103934881
list:
dist: 2.494346103934881 vs. 2.494346103934881
--------
nle(id0,id1,dist): 99 108 1.7402489905751952
list:
dist: 1.7402489905751952 vs. 1.7402489905751952
--------
nle(id0,id1,dist): 99 111 1.0078922370331704
list:
dist: 1.0078922370331704 vs. 1.0078922370331704
--------
nle(id0,id1,dist): 99 110 2.3774452463957734
list:
dist: 2.3774452463957734 vs. 2.3774452463957734
--------
nle(id0,id1,dist): 99 113 3.045314683742137
list:
dist: 3.045314683742137 vs. 3.045314683742137
--------
nle(id0,id1,dist): 99 112 1.6292024149473934
list:
dist: 1.6292024149473934 vs. 1.6292024149473934
--------
nle(id0,id1,dist): 99 101 2.786300265508309
list:
dist: 2.786300265508309 vs. 2.786300265508309
--------
nle(id0,id1,dist): 99 100 0.7032870965049139
list:
dist: 0.7032870965049139 vs. 0.7032870965049139
--------
nle(id0,id1,dist): 99 102 2.090102860863703
list:
dist: 2.090102860863703 vs. 2.090102860863703
--------
nle(id0,id1,dist): 99 105 2.5868022431008675
list:
dist: 2.5868022431008675 vs. 2.5868022431008675
--------
nle(id0,id1,dist): 99 104 2.667148641695272
list:
dist: 2.667148641695272 vs. 2.667148641695272
--------
nle(id0,id1,dist): 99 114 2.3510686873035556
list:
dist: 2.3510686873035556 vs. 2.3510686873035556
--------
nle(id0,id1,dist): 99 115 1.5058205991360418
list:
dist: 1.5058205991360418 vs. 1.5058205991360418
--------
nle(id0,id1,dist): 99 116 2.966152571846152
list:
dist: 2.966152571846152 vs. 2.966152571846152
--------
nle(id0,id1,dist): 99 117 1.8640447657646073
list:
dist: 1.8640447657646073 vs. 1.8640447657646073
--------
nle(id0,id1,dist): 99 118 1.1534644626592674
list:
dist: 1.1534644626592674 vs. 1.1534644626592674
--------
nle(id0,id1,dist): 98 114 1.6719269530218577
list:
dist: 1.6719269530218577 vs. 1.6719269530218577
--------
nle(id0,id1,dist): 98 113 2.14040568681026
list:
dist: 2.14040568681026 vs. 2.14040568681026
--------
nle(id0,id1,dist): 98 112 0.8301212395589426
list:
dist: 0.8301212395589426 vs. 0.8301212395589426
--------
nle(id0,id1,dist): 98 111 2.2489263990614607
list:
dist: 2.2489263990614607 vs. 2.2489263990614607
--------
nle(id0,id1,dist): 98 118 0.7825127664107128
list:
dist: 0.7825127664107128 vs. 0.7825127664107128
--------
nle(id0,id1,dist): 98 117 1.457408533808225
list:
dist: 1.457408533808225 vs. 1.457408533808225
--------
nle(id0,id1,dist): 98 116 2.5687810490569674
list:
dist: 2.5687810490569674 vs. 2.5687810490569674
--------
nle(id0,id1,dist): 98 115 1.712200405762222
list:
dist: 1.712200405762222 vs. 1.712200405762222
--------
nle(id0,id1,dist): 98 106 1.5810969953449248
list:
dist: 1.5810969953449248 vs. 1.5810969953449248
--------
nle(id0,id1,dist): 98 105 1.3778559089869769
list:
dist: 1.3778559089869769 vs. 1.3778559089869769
--------
nle(id0,id1,dist): 98 104 3.0276323089384447
list:
dist: 3.0276323089384447 vs. 3.0276323089384447
--------
nle(id0,id1,dist): 98 103 3.206116886973263
list:
dist: 3.206116886973263 vs. 3.206116886973263
--------
nle(id0,id1,dist): 98 110 1.7378654165972554
list:
dist: 1.7378654165972554 vs. 1.7378654165972554
--------
nle(id0,id1,dist): 98 109 1.2940425476932413
list:
dist: 1.2940425476932413 vs. 1.2940425476932413
--------
nle(id0,id1,dist): 98 108 1.3883215475114286
list:
dist: 1.3883215475114286 vs. 1.3883215475114286
--------
nle(id0,id1,dist): 98 107 1.837417355189741
list:
dist: 1.837417355189741 vs. 1.837417355189741
--------
nle(id0,id1,dist): 101 103 3.908589963681831
list:
dist: 3.908589963681831 vs. 3.908589963681831
--------
nle(id0,id1,dist): 101 102 1.9769664246861145
list:
dist: 1.9769664246861145 vs. 1.9769664246861145
--------
nle(id0,id1,dist): 101 116 3.3123740591708173
list:
dist: 3.3123740591708173 vs. 3.3123740591708173
--------
nle(id0,id1,dist): 101 117 2.400778899281475
list:
dist: 2.400778899281475 vs. 2.400778899281475
--------
nle(id0,id1,dist): 101 118 1.8888094233332047
list:
dist: 1.8888094233332047 vs. 1.8888094233332047
--------
nle(id0,id1,dist): 101 112 2.2634782485353147
list:
dist: 2.2634782485353147 vs. 2.2634782485353147
--------
nle(id0,id1,dist): 101 113 2.562865059906156
list:
dist: 2.562865059906156 vs. 2.562865059906156
--------
nle(id0,id1,dist): 101 114 2.1670213058605037
list:
dist: 2.1670213058605037 vs. 2.1670213058605037
--------
nle(id0,id1,dist): 101 115 3.167002024814124
list:
dist: 3.167002024814124 vs. 3.167002024814124
--------
nle(id0,id1,dist): 101 108 2.4681643585264443
list:
dist: 2.4681643585264443 vs. 2.4681643585264443
--------
nle(id0,id1,dist): 101 109 2.268405314579155
list:
dist: 2.268405314579155 vs. 2.268405314579155
--------
nle(id0,id1,dist): 101 110 2.5368173367220725
list:
dist: 2.5368173367220725 vs. 2.5368173367220725
--------
nle(id0,id1,dist): 101 111 3.521198495113343
list:
dist: 3.521198495113343 vs. 3.521198495113343
--------
nle(id0,id1,dist): 101 104 3.4837264547684152
list:
dist: 3.4837264547684152 vs. 3.4837264547684152
--------
nle(id0,id1,dist): 101 105 2.3784332624864115
list:
dist: 2.3784332624864115 vs. 2.3784332624864115
--------
nle(id0,id1,dist): 101 106 2.0198379318015345
list:
dist: 2.0198379318015345 vs. 2.0198379318015345
--------
nle(id0,id1,dist): 101 107 1.5467116025580419
list:
dist: 1.5467116025580419 vs. 1.5467116025580419
--------
nle(id0,id1,dist): 100 108 1.592152554538375
list:
dist: 1.592152554538375 vs. 1.592152554538375
--------
nle(id0,id1,dist): 100 107 2.700045901930338
list:
dist: 2.700045901930338 vs. 2.700045901930338
--------
nle(id0,id1,dist): 100 106 2.0400277587344733
list:
dist: 2.0400277587344733 vs. 2.0400277587344733
--------
nle(id0,id1,dist): 100 105 2.141239568850202
list:
dist: 2.141239568850202 vs. 2.141239568850202
--------
nle(id0,id1,dist): 100 104 2.518679121575303
list:
dist: 2.518679121575303 vs. 2.518679121575303
--------
nle(id0,id1,dist): 100 103 3.059905632393281
list:
dist: 3.059905632393281 vs. 3.059905632393281
--------
nle(id0,id1,dist): 100 102 1.5579517594634074
list:
dist: 1.5579517594634074 vs. 1.5579517594634074
--------
nle(id0,id1,dist): 100 101 2.104085135196973
list:
dist: 2.104085135196973 vs. 2.104085135196973
--------
nle(id0,id1,dist): 100 117 1.6877679887745893
list:
dist: 1.6877679887745893 vs. 1.6877679887745893
--------
nle(id0,id1,dist): 100 118 0.7277011725591364
list:
dist: 0.7277011725591364 vs. 0.7277011725591364
--------
nle(id0,id1,dist): 100 115 1.5800900545754137
list:
dist: 1.5800900545754137 vs. 1.5800900545754137
--------
nle(id0,id1,dist): 100 116 2.8881703534630816
list:
dist: 2.8881703534630816 vs. 2.8881703534630816
--------
nle(id0,id1,dist): 100 113 2.743624547235109
list:
dist: 2.743624547235109 vs. 2.743624547235109
--------
nle(id0,id1,dist): 100 114 2.0603078521029894
list:
dist: 2.0603078521029894 vs. 2.0603078521029894
--------
nle(id0,id1,dist): 100 111 1.5750714140502775
list:
dist: 1.5750714140502775 vs. 1.5750714140502775
--------
nle(id0,id1,dist): 100 112 1.2860664939312605
list:
dist: 1.2860664939312605 vs. 1.2860664939312605
--------
nle(id0,id1,dist): 100 109 2.1124052278697416
list:
dist: 2.1124052278697416 vs. 2.1124052278697416
--------
nle(id0,id1,dist): 100 110 2.164978838474848
list:
dist: 2.164978838474848 vs. 2.164978838474848
--------
nle(id0,id1,dist): 102 115 1.6835252074008915
list:
dist: 1.6835252074008915 vs. 1.6835252074008915
--------
nle(id0,id1,dist): 102 116 3.390745189607286
list:
dist: 3.390745189607286 vs. 3.390745189607286
--------
nle(id0,id1,dist): 102 117 2.351336373486801
list:
dist: 2.351336373486801 vs. 2.351336373486801
--------
nle(id0,id1,dist): 102 118 1.6718465983695163
list:
dist: 1.6718465983695163 vs. 1.6718465983695163
--------
nle(id0,id1,dist): 103 105 2.8676236548935483
list:
dist: 2.8676236548935483 vs. 2.8676236548935483
--------
nle(id0,id1,dist): 103 104 1.5901788451040868
list:
dist: 1.5901788451040868 vs. 1.5901788451040868
--------
nle(id0,id1,dist): 102 106 2.556952008965121
list:
dist: 2.556952008965121 vs. 2.556952008965121
--------
nle(id0,id1,dist): 102 105 0.899408810925686
list:
dist: 0.899408810925686 vs. 0.899408810925686
--------
nle(id0,id1,dist): 102 104 2.55064905536512
list:
dist: 2.55064905536512 vs. 2.55064905536512
--------
nle(id0,id1,dist): 102 103 2.3230850241183534
list:
dist: 2.3230850241183534 vs. 2.3230850241183534
--------
nle(id0,id1,dist): 102 110 2.5931545355931527
list:
dist: 2.5931545355931527 vs. 2.5931545355931527
--------
nle(id0,id1,dist): 102 109 1.7620111625028199
list:
dist: 1.7620111625028199 vs. 1.7620111625028199
--------
nle(id0,id1,dist): 102 108 2.218783313277169
list:
dist: 2.218783313277169 vs. 2.218783313277169
--------
nle(id0,id1,dist): 102 107 2.5716785692198747
list:
dist: 2.5716785692198747 vs. 2.5716785692198747
--------
nle(id0,id1,dist): 102 114 2.6489785859969777
list:
dist: 2.6489785859969777 vs. 2.6489785859969777
--------
nle(id0,id1,dist): 102 113 2.9857925732544888
list:
dist: 2.9857925732544888 vs. 2.9857925732544888
--------
nle(id0,id1,dist): 102 112 1.0869787528694896
list:
dist: 1.0869787528694896 vs. 1.0869787528694896
--------
nle(id0,id1,dist): 102 111 2.6847521795109675
list:
dist: 2.6847521795109675 vs. 2.6847521795109675
--------
nle(id0,id1,dist): 104 111 3.5056990423357655
list:
dist: 3.5056990423357655 vs. 3.5056990423357655
--------
nle(id0,id1,dist): 104 112 3.2086030336326297
list:
dist: 3.2086030336326297 vs. 3.2086030336326297
--------
nle(id0,id1,dist): 104 105 3.386037300277996
list:
dist: 3.386037300277996 vs. 3.386037300277996
--------
nle(id0,id1,dist): 104 118 3.1997440904883376
list:
dist: 3.1997440904883376 vs. 3.1997440904883376
--------
nle(id0,id1,dist): 104 115 3.161769735381103
list:
dist: 3.161769735381103 vs. 3.161769735381103
--------
nle(id0,id1,dist): 103 115 2.9536539464362597
list:
dist: 2.9536539464362597 vs. 2.9536539464362597
--------
nle(id0,id1,dist): 103 112 3.1032846366466442
list:
dist: 3.1032846366466442 vs. 3.1032846366466442
--------
nle(id0,id1,dist): 103 118 3.594060047287141
list:
dist: 3.594060047287141 vs. 3.594060047287141
--------
nle(id0,id1,dist): 147 148 2.4526934571829004
list:
dist: 2.4526934571829004 vs. 2.4526934571829004
--------
nle(id0,id1,dist): 146 147 2.8645596735142442
list:
dist: 2.8645596735142442 vs. 2.8645596735142442
--------
nle(id0,id1,dist): 146 148 1.8542617105193069
list:
dist: 1.8542617105193069 vs. 1.8542617105193069
--------
nle(id0,id1,dist): 146 149 1.4873226486557396
list:
dist: 1.4873226486557396 vs. 1.4873226486557396
--------
nle(id0,id1,dist): 144 148 1.4598361777473619
list:
dist: 1.4598361777473619 vs. 1.4598361777473619
--------
nle(id0,id1,dist): 144 147 2.7775135933670274
list:
dist: 2.7775135933670274 vs. 2.7775135933670274
--------
nle(id0,id1,dist): 144 146 0.6500329448394376
list:
dist: 0.6500329448394376 vs. 0.6500329448394376
--------
nle(id0,id1,dist): 144 145 2.112596623786308
list:
dist: 2.112596623786308 vs. 2.112596623786308
--------
nle(id0,id1,dist): 144 149 1.8770740432826505
list:
dist: 1.8770740432826505 vs. 1.8770740432826505
--------
nle(id0,id1,dist): 145 149 2.560167381891902
list:
dist: 2.560167381891902 vs. 2.560167381891902
--------
nle(id0,id1,dist): 145 148 1.6413336490625803
list:
dist: 1.6413336490625803 vs. 1.6413336490625803
--------
nle(id0,id1,dist): 145 147 1.9776760517890775
list:
dist: 1.9776760517890775 vs. 1.9776760517890775
--------
nle(id0,id1,dist): 145 146 1.9858757097705275
list:
dist: 1.9858757097705275 vs. 1.9858757097705275
--------
nle(id0,id1,dist): 142 147 1.3582072511608727
list:
dist: 1.3582072511608727 vs. 1.3582072511608727
--------
nle(id0,id1,dist): 142 148 2.4038408638254425
list:
dist: 2.4038408638254425 vs. 2.4038408638254425
--------
nle(id0,id1,dist): 142 145 2.653399847829478
list:
dist: 2.653399847829478 vs. 2.653399847829478
--------
nle(id0,id1,dist): 142 146 2.5416470158169036
list:
dist: 2.5416470158169036 vs. 2.5416470158169036
--------
nle(id0,id1,dist): 142 143 2.824141849651056
list:
dist: 2.824141849651056 vs. 2.824141849651056
--------
nle(id0,id1,dist): 142 144 2.2778446019978547
list:
dist: 2.2778446019978547 vs. 2.2778446019978547
--------
nle(id0,id1,dist): 143 147 2.403711881509585
list:
dist: 2.403711881509585 vs. 2.403711881509585
--------
nle(id0,id1,dist): 143 148 3.2962192350605637
list:
dist: 3.2962192350605637 vs. 3.2962192350605637
--------
nle(id0,id1,dist): 141 142 2.783725708059207
list:
dist: 2.783725708059207 vs. 2.783725708059207
--------
nle(id0,id1,dist): 141 143 1.958287509105426
list:
dist: 1.958287509105426 vs. 1.958287509105426
--------
nle(id0,id1,dist): 141 145 2.303299673432246
list:
dist: 2.303299673432246 vs. 2.303299673432246
--------
nle(id0,id1,dist): 141 144 3.8303173561246395
list:
dist: 3.8303173561246395 vs. 3.8303173561246395
--------
nle(id0,id1,dist): 141 147 1.5572778024170448
list:
dist: 1.5572778024170448 vs. 1.5572778024170448
--------
nle(id0,id1,dist): 141 146 3.9266400046946446
list:
dist: 3.9266400046946446 vs. 3.9266400046946446
--------
nle(id0,id1,dist): 141 148 2.9519673940302242
list:
dist: 2.9519673940302242 vs. 2.9519673940302242
--------
nle(id0,id1,dist): 139 144 3.216070650817918
list:
dist: 3.216070650817918 vs. 3.216070650817918
--------
nle(id0,id1,dist): 139 145 1.8900978576675422
list:
dist: 1.8900978576675422 vs. 1.8900978576675422
--------
nle(id0,id1,dist): 139 142 2.0920613446271337
list:
dist: 2.0920613446271337 vs. 2.0920613446271337
--------
nle(id0,id1,dist): 139 143 2.617094279728242
list:
dist: 2.617094279728242 vs. 2.617094279728242
--------
nle(id0,id1,dist): 139 140 2.0006763006972395
list:
dist: 2.0006763006972395 vs. 2.0006763006972395
--------
nle(id0,id1,dist): 139 141 1.166179758539887
list:
dist: 1.166179758539887 vs. 1.166179758539887
--------
nle(id0,id1,dist): 139 148 2.7858046142557966
list:
dist: 2.7858046142557966 vs. 2.7858046142557966
--------
nle(id0,id1,dist): 139 146 3.2005705256222834
list:
dist: 3.2005705256222834 vs. 3.2005705256222834
--------
nle(id0,id1,dist): 139 147 0.7434306374868906
list:
dist: 0.7434306374868906 vs. 0.7434306374868906
--------
nle(id0,id1,dist): 140 145 1.7495596922076693
list:
dist: 1.7495596922076693 vs. 1.7495596922076693
--------
nle(id0,id1,dist): 140 146 2.1410381463545445
list:
dist: 2.1410381463545445 vs. 2.1410381463545445
--------
nle(id0,id1,dist): 140 147 1.4856852971121608
list:
dist: 1.4856852971121608 vs. 1.4856852971121608
--------
nle(id0,id1,dist): 140 148 1.1180652032981089
list:
dist: 1.1180652032981089 vs. 1.1180652032981089
--------
nle(id0,id1,dist): 140 141 2.3010585012204743
list:
dist: 2.3010585012204743 vs. 2.3010585012204743
--------
nle(id0,id1,dist): 140 142 1.3969733281641008
list:
dist: 1.3969733281641008 vs. 1.3969733281641008
--------
nle(id0,id1,dist): 140 143 2.520266655914251
list:
dist: 2.520266655914251 vs. 2.520266655914251
--------
nle(id0,id1,dist): 140 144 1.774867035150965
list:
dist: 1.774867035150965 vs. 1.774867035150965
--------
nle(id0,id1,dist): 138 141 0.9890108486585769
list:
dist: 0.9890108486585769 vs. 0.9890108486585769
--------
nle(id0,id1,dist): 138 142 2.077020345805675
list:
dist: 2.077020345805675 vs. 2.077020345805675
--------
nle(id0,id1,dist): 138 139 0.8818307558696277
list:
dist: 0.8818307558696277 vs. 0.8818307558696277
--------
nle(id0,id1,dist): 138 140 1.4216333689026301
list:
dist: 1.4216333689026301 vs. 1.4216333689026301
--------
nle(id0,id1,dist): 138 148 2.077448267768215
list:
dist: 2.077448267768215 vs. 2.077448267768215
--------
nle(id0,id1,dist): 138 147 0.9718788429051777
list:
dist: 0.9718788429051777 vs. 0.9718788429051777
--------
nle(id0,id1,dist): 138 146 2.944624000301295
list:
dist: 2.944624000301295 vs. 2.944624000301295
--------
nle(id0,id1,dist): 138 145 1.4829486779319105
list:
dist: 1.4829486779319105 vs. 1.4829486779319105
--------
nle(id0,id1,dist): 138 144 2.8441617805177
list:
dist: 2.8441617805177 vs. 2.8441617805177
--------
nle(id0,id1,dist): 138 143 2.2375444260556376
list:
dist: 2.2375444260556376 vs. 2.2375444260556376
--------
nle(id0,id1,dist): 137 144 0.5913802196155226
list:
dist: 0.5913802196155226 vs. 0.5913802196155226
--------
nle(id0,id1,dist): 137 145 2.0596784909110104
list:
dist: 2.0596784909110104 vs. 2.0596784909110104
--------
nle(id0,id1,dist): 137 146 0.954145447419876
list:
dist: 0.954145447419876 vs. 0.954145447419876
--------
nle(id0,id1,dist): 137 147 2.2980154098451004
list:
dist: 2.2980154098451004 vs. 2.2980154098451004
--------
nle(id0,id1,dist): 137 140 1.4258727646494374
list:
dist: 1.4258727646494374 vs. 1.4258727646494374
--------
nle(id0,id1,dist): 137 141 3.488604801266505
list:
dist: 3.488604801266505 vs. 3.488604801266505
--------
nle(id0,id1,dist): 137 142 1.6953497710077778
list:
dist: 1.6953497710077778 vs. 1.6953497710077778
--------
nle(id0,id1,dist): 137 138 2.5140715478303606
list:
dist: 2.5140715478303606 vs. 2.5140715478303606
--------
nle(id0,id1,dist): 137 139 2.809193253582053
list:
dist: 2.809193253582053 vs. 2.809193253582053
--------
nle(id0,id1,dist): 137 149 2.3780609779393895
list:
dist: 2.3780609779393895 vs. 2.3780609779393895
--------
nle(id0,id1,dist): 137 148 1.5225899080457865
list:
dist: 1.5225899080457865 vs. 1.5225899080457865
--------
nle(id0,id1,dist): 136 147 1.8535783494180817
list:
dist: 1.8535783494180817 vs. 1.8535783494180817
--------
nle(id0,id1,dist): 136 148 3.293982095310822
list:
dist: 3.293982095310822 vs. 3.293982095310822
--------
nle(id0,id1,dist): 136 139 1.3941545053517805
list:
dist: 1.3941545053517805 vs. 1.3941545053517805
--------
nle(id0,id1,dist): 136 140 2.659979035323134
list:
dist: 2.659979035323134 vs. 2.659979035323134
--------
nle(id0,id1,dist): 136 138 1.337937824524356
list:
dist: 1.337937824524356 vs. 1.337937824524356
--------
nle(id0,id1,dist): 136 143 2.072565589372693
list:
dist: 2.072565589372693 vs. 2.072565589372693
--------
nle(id0,id1,dist): 136 141 0.3598405092766419
list:
dist: 0.3598405092766419 vs. 0.3598405092766419
--------
nle(id0,id1,dist): 136 142 3.0997703645625276
list:
dist: 3.0997703645625276 vs. 3.0997703645625276
--------
nle(id0,id1,dist): 135 142 2.276474823693762
list:
dist: 2.276474823693762 vs. 2.276474823693762
--------
nle(id0,id1,dist): 135 143 4.877787734858366
list:
dist: 4.877787734858366 vs. 4.877787734858366
--------
nle(id0,id1,dist): 135 144 2.876260146980391
list:
dist: 2.876260146980391 vs. 2.876260146980391
--------
nle(id0,id1,dist): 135 146 3.1050493483367427
list:
dist: 3.1050493483367427 vs. 3.1050493483367427
--------
nle(id0,id1,dist): 135 148 3.8216259589398396
list:
dist: 3.8216259589398396 vs. 3.8216259589398396
--------
nle(id0,id1,dist): 135 140 3.2653796606198404
list:
dist: 3.2653796606198404 vs. 3.2653796606198404
--------
nle(id0,id1,dist): 135 137 2.501312574155804
list:
dist: 2.501312574155804 vs. 2.501312574155804
--------
nle(id0,id1,dist): 134 136 3.4891140301711894
list:
dist: 3.4891140301711894 vs. 3.4891140301711894
--------
nle(id0,id1,dist): 134 143 2.332828789533899
list:
dist: 2.332828789533899 vs. 2.332828789533899
--------
nle(id0,id1,dist): 133 135 2.041180320813108
list:
dist: 2.041180320813108 vs. 2.041180320813108
--------
nle(id0,id1,dist): 133 138 2.5273951926413085
list:
dist: 2.5273951926413085 vs. 2.5273951926413085
--------
nle(id0,id1,dist): 133 139 2.668733544253347
list:
dist: 2.668733544253347 vs. 2.668733544253347
--------
nle(id0,id1,dist): 133 136 3.523795936203192
list:
dist: 3.523795936203192 vs. 3.523795936203192
--------
nle(id0,id1,dist): 133 137 1.8418615845133
list:
dist: 1.8418615845133 vs. 1.8418615845133
--------
nle(id0,id1,dist): 133 142 0.6566819776227346
list:
dist: 0.6566819776227346 vs. 0.6566819776227346
--------
nle(id0,id1,dist): 133 143 2.8555147936212433
list:
dist: 2.8555147936212433 vs. 2.8555147936212433
--------
nle(id0,id1,dist): 133 140 1.5763058205002964
list:
dist: 1.5763058205002964 vs. 1.5763058205002964
--------
nle(id0,id1,dist): 133 141 3.205369839868366
list:
dist: 3.205369839868366 vs. 3.205369839868366
--------
nle(id0,id1,dist): 133 146 2.7746989064190934
list:
dist: 2.7746989064190934 vs. 2.7746989064190934
--------
nle(id0,id1,dist): 133 147 1.9258838989118128
list:
dist: 1.9258838989118128 vs. 1.9258838989118128
--------
nle(id0,id1,dist): 133 144 2.3828006093659697
list:
dist: 2.3828006093659697 vs. 2.3828006093659697
--------
nle(id0,id1,dist): 133 145 3.099066546358252
list:
dist: 3.099066546358252 vs. 3.099066546358252
--------
nle(id0,id1,dist): 133 148 2.494909013473789
list:
dist: 2.494909013473789 vs. 2.494909013473789
--------
nle(id0,id1,dist): 132 134 2.1514286570702166
list:
dist: 2.1514286570702166 vs. 2.1514286570702166
--------
nle(id0,id1,dist): 132 133 2.802681431475302
list:
dist: 2.802681431475302 vs. 2.802681431475302
--------
nle(id0,id1,dist): 132 136 3.8232892146933244
list:
dist: 3.8232892146933244 vs. 3.8232892146933244
--------
nle(id0,id1,dist): 132 135 3.6777988584514993
list:
dist: 3.6777988584514993 vs. 3.6777988584514993
--------
nle(id0,id1,dist): 132 138 3.6898589995644935
list:
dist: 3.6898589995644935 vs. 3.6898589995644935
--------
nle(id0,id1,dist): 132 140 3.8069345324024
list:
dist: 3.8069345324024 vs. 3.8069345324024
--------
nle(id0,id1,dist): 132 139 3.212848270304036
list:
dist: 3.212848270304036 vs. 3.212848270304036
--------
nle(id0,id1,dist): 132 141 3.716526877754456
list:
dist: 3.716526877754456 vs. 3.716526877754456
--------
nle(id0,id1,dist): 132 142 2.6500466860603265
list:
dist: 2.6500466860603265 vs. 2.6500466860603265
--------
nle(id0,id1,dist): 132 143 3.4169192371207866
list:
dist: 3.4169192371207866 vs. 3.4169192371207866
--------
nle(id0,id1,dist): 132 147 2.841261895350631
list:
dist: 2.841261895350631 vs. 2.841261895350631
--------
nle(id0,id1,dist): 132 148 4.91868539414555
list:
dist: 4.91868539414555 vs. 4.91868539414555
--------
nle(id0,id1,dist): 131 147 2.5339910039773694
list:
dist: 2.5339910039773694 vs. 2.5339910039773694
--------
nle(id0,id1,dist): 131 148 4.214950711282894
list:
dist: 4.214950711282894 vs. 4.214950711282894
--------
nle(id0,id1,dist): 131 142 3.383837952674862
list:
dist: 3.383837952674862 vs. 3.383837952674862
--------
nle(id0,id1,dist): 131 143 1.4700401563741563
list:
dist: 1.4700401563741563 vs. 1.4700401563741563
--------
nle(id0,id1,dist): 131 138 2.4742808512824244
list:
dist: 2.4742808512824244 vs. 2.4742808512824244
--------
nle(id0,id1,dist): 131 139 2.420963005858496
list:
dist: 2.420963005858496 vs. 2.420963005858496
--------
nle(id0,id1,dist): 131 140 3.3514334787149322
list:
dist: 3.3514334787149322 vs. 3.3514334787149322
--------
nle(id0,id1,dist): 131 141 1.724842908409635
list:
dist: 1.724842908409635 vs. 1.724842908409635
--------
nle(id0,id1,dist): 131 134 2.0859198353249924
list:
dist: 2.0859198353249924 vs. 2.0859198353249924
--------
nle(id0,id1,dist): 131 136 1.602539147447057
list:
dist: 1.602539147447057 vs. 1.602539147447057
--------
nle(id0,id1,dist): 131 132 3.1498928468176515
list:
dist: 3.1498928468176515 vs. 3.1498928468176515
--------
nle(id0,id1,dist): 131 133 3.6319749224833378
list:
dist: 3.6319749224833378 vs. 3.6319749224833378
--------
nle(id0,id1,dist): 130 143 1.8617002522445316
list:
dist: 1.8617002522445316 vs. 1.8617002522445316
--------
nle(id0,id1,dist): 130 136 2.950017154841553
list:
dist: 2.950017154841553 vs. 2.950017154841553
--------
nle(id0,id1,dist): 130 132 2.556267471614303
list:
dist: 2.556267471614303 vs. 2.556267471614303
--------
nle(id0,id1,dist): 130 131 1.4464235270979309
list:
dist: 1.4464235270979309 vs. 1.4464235270979309
--------
nle(id0,id1,dist): 130 134 0.710952232369621
list:
dist: 0.710952232369621 vs. 0.710952232369621
--------
nle(id0,id1,dist): 129 148 4.410028414670105
list:
dist: 4.410028414670105 vs. 4.410028414670105
--------
nle(id0,id1,dist): 129 140 3.444922788426128
list:
dist: 3.444922788426128 vs. 3.444922788426128
--------
nle(id0,id1,dist): 129 141 2.03473564454821
list:
dist: 2.03473564454821 vs. 2.03473564454821
--------
nle(id0,id1,dist): 129 142 3.2156904679545217
list:
dist: 3.2156904679545217 vs. 3.2156904679545217
--------
nle(id0,id1,dist): 129 143 1.7507603755403327
list:
dist: 1.7507603755403327 vs. 1.7507603755403327
--------
nle(id0,id1,dist): 129 147 2.477574192282522
list:
dist: 2.477574192282522 vs. 2.477574192282522
--------
nle(id0,id1,dist): 129 134 1.6509139505548986
list:
dist: 1.6509139505548986 vs. 1.6509139505548986
--------
nle(id0,id1,dist): 129 133 3.468259676849718
list:
dist: 3.468259676849718 vs. 3.468259676849718
--------
nle(id0,id1,dist): 129 132 2.576053211919969
list:
dist: 2.576053211919969 vs. 2.576053211919969
--------
nle(id0,id1,dist): 129 139 2.4397900623541853
list:
dist: 2.4397900623541853 vs. 2.4397900623541853
--------
nle(id0,id1,dist): 129 138 2.6564262402808536
list:
dist: 2.6564262402808536 vs. 2.6564262402808536
--------
nle(id0,id1,dist): 129 136 1.954173077348821
list:
dist: 1.954173077348821 vs. 1.954173077348821
--------
nle(id0,id1,dist): 129 131 0.6301722840686601
list:
dist: 0.6301722840686601 vs. 0.6301722840686601
--------
nle(id0,id1,dist): 129 130 1.1299873606311432
list:
dist: 1.1299873606311432 vs. 1.1299873606311432
--------
nle(id0,id1,dist): 128 147 2.7083530569525185
list:
dist: 2.7083530569525185 vs. 2.7083530569525185
--------
nle(id0,id1,dist): 128 148 4.125983410862565
list:
dist: 4.125983410862565 vs. 4.125983410862565
--------
nle(id0,id1,dist): 128 133 4.153993628684051
list:
dist: 4.153993628684051 vs. 4.153993628684051
--------
nle(id0,id1,dist): 128 134 3.1581532821961313
list:
dist: 3.1581532821961313 vs. 3.1581532821961313
--------
nle(id0,id1,dist): 128 136 1.053675646613359
list:
dist: 1.053675646613359 vs. 1.053675646613359
--------
nle(id0,id1,dist): 128 129 1.6122802510908494
list:
dist: 1.6122802510908494 vs. 1.6122802510908494
--------
nle(id0,id1,dist): 128 130 2.5049856478636556
list:
dist: 2.5049856478636556 vs. 2.5049856478636556
--------
nle(id0,id1,dist): 128 131 1.0729026992747612
list:
dist: 1.0729026992747612 vs. 1.0729026992747612
--------
nle(id0,id1,dist): 128 132 4.0230720588133915
list:
dist: 4.0230720588133915 vs. 4.0230720588133915
--------
nle(id0,id1,dist): 128 141 1.3390042368186688
list:
dist: 1.3390042368186688 vs. 1.3390042368186688
--------
nle(id0,id1,dist): 128 142 3.820824136984741
list:
dist: 3.820824136984741 vs. 3.820824136984741
--------
nle(id0,id1,dist): 128 143 1.9829021848213952
list:
dist: 1.9829021848213952 vs. 1.9829021848213952
--------
nle(id0,id1,dist): 128 138 2.305712692032815
list:
dist: 2.305712692032815 vs. 2.305712692032815
--------
nle(id0,id1,dist): 128 139 2.347847913171759
list:
dist: 2.347847913171759 vs. 2.347847913171759
--------
nle(id0,id1,dist): 128 140 3.46578954239366
list:
dist: 3.46578954239366 vs. 3.46578954239366
--------
nle(id0,id1,dist): 127 140 2.4620292227045235
list:
dist: 2.4620292227045235 vs. 2.4620292227045235
--------
nle(id0,id1,dist): 127 141 1.5351708853884556
list:
dist: 1.5351708853884556 vs. 1.5351708853884556
--------
nle(id0,id1,dist): 127 138 1.8146556158905567
list:
dist: 1.8146556158905567 vs. 1.8146556158905567
--------
nle(id0,id1,dist): 127 139 1.6433957386341131
list:
dist: 1.6433957386341131 vs. 1.6433957386341131
--------
nle(id0,id1,dist): 127 136 1.6403282553577059
list:
dist: 1.6403282553577059 vs. 1.6403282553577059
--------
nle(id0,id1,dist): 127 134 2.063923532424641
list:
dist: 2.063923532424641 vs. 2.063923532424641
--------
nle(id0,id1,dist): 127 148 3.4788557789570462
list:
dist: 3.4788557789570462 vs. 3.4788557789570462
--------
nle(id0,id1,dist): 127 147 1.4966923158473644
list:
dist: 1.4966923158473644 vs. 1.4966923158473644
--------
nle(id0,id1,dist): 127 142 2.215555068336281
list:
dist: 2.215555068336281 vs. 2.215555068336281
--------
nle(id0,id1,dist): 127 143 1.4862542714640803
list:
dist: 1.4862542714640803 vs. 1.4862542714640803
--------
nle(id0,id1,dist): 127 133 2.5188000579596515
list:
dist: 2.5188000579596515 vs. 2.5188000579596515
--------
nle(id0,id1,dist): 127 132 2.311894945172918
list:
dist: 2.311894945172918 vs. 2.311894945172918
--------
nle(id0,id1,dist): 127 131 1.2100606442257904
list:
dist: 1.2100606442257904 vs. 1.2100606442257904
--------
nle(id0,id1,dist): 127 130 1.7402082472491174
list:
dist: 1.7402082472491174 vs. 1.7402082472491174
--------
nle(id0,id1,dist): 127 129 1.0317948393060379
list:
dist: 1.0317948393060379 vs. 1.0317948393060379
--------
nle(id0,id1,dist): 127 128 1.8763066645766155
list:
dist: 1.8763066645766155 vs. 1.8763066645766155
--------
nle(id0,id1,dist): 125 146 2.4382409302430244
list:
dist: 2.4382409302430244 vs. 2.4382409302430244
--------
nle(id0,id1,dist): 125 147 0.6995732950696913
list:
dist: 0.6995732950696913 vs. 0.6995732950696913
--------
nle(id0,id1,dist): 125 144 2.231539986834903
list:
dist: 2.231539986834903 vs. 2.231539986834903
--------
nle(id0,id1,dist): 125 145 1.7871424393892446
list:
dist: 1.7871424393892446 vs. 1.7871424393892446
--------
nle(id0,id1,dist): 125 148 1.8291052816178053
list:
dist: 1.8291052816178053 vs. 1.8291052816178053
--------
nle(id0,id1,dist): 125 131 2.8694817510578234
list:
dist: 2.8694817510578234 vs. 2.8694817510578234
--------
nle(id0,id1,dist): 125 129 2.8789156480578435
list:
dist: 2.8789156480578435 vs. 2.8789156480578435
--------
nle(id0,id1,dist): 125 128 3.0432641853529434
list:
dist: 3.0432641853529434 vs. 3.0432641853529434
--------
nle(id0,id1,dist): 125 135 3.264134677927503
list:
dist: 3.264134677927503 vs. 3.264134677927503
--------
nle(id0,id1,dist): 125 133 1.5270494883691101
list:
dist: 1.5270494883691101 vs. 1.5270494883691101
--------
nle(id0,id1,dist): 125 132 3.185664757400034
list:
dist: 3.185664757400034 vs. 3.185664757400034
--------
nle(id0,id1,dist): 125 139 1.3143635089758114
list:
dist: 1.3143635089758114 vs. 1.3143635089758114
--------
nle(id0,id1,dist): 125 138 1.027684310091871
list:
dist: 1.027684310091871 vs. 1.027684310091871
--------
nle(id0,id1,dist): 125 137 1.7659450670208006
list:
dist: 1.7659450670208006 vs. 1.7659450670208006
--------
nle(id0,id1,dist): 125 136 2.202130047152713
list:
dist: 2.202130047152713 vs. 2.202130047152713
--------
nle(id0,id1,dist): 125 143 2.355721382967532
list:
dist: 2.355721382967532 vs. 2.355721382967532
--------
nle(id0,id1,dist): 125 142 1.074308550366894
list:
dist: 1.074308550366894 vs. 1.074308550366894
--------
nle(id0,id1,dist): 125 141 1.8562381877115401
list:
dist: 1.8562381877115401 vs. 1.8562381877115401
--------
nle(id0,id1,dist): 125 140 0.7960653452039006
list:
dist: 0.7960653452039006 vs. 0.7960653452039006
2. Check the NeighborList query for coordinates against the neighbor list for consistency
list:
dist: 1.2594517588075975 vs. 1.2594517588075975
list:
dist: 2.679381002073665 vs. 2.679381002073665
list:
dist: 1.960820981206057 vs. 1.960820981206057
list:
dist: 1.8347525717103756 vs. 1.8347525717103756
list:
dist: 2.2921412425774466 vs. 2.2921412425774466
list:
dist: 1.6827182210057419 vs. 1.6827182210057419
list:
dist: 2.040747913820843 vs. 2.040747913820843
list:
dist: 2.3335599166732903 vs. 2.3335599166732903
list:
dist: 2.952032551098987 vs. 2.952032551098987
list:
dist: 2.679381002073665 vs. 2.679381002073665
list:
dist: 2.3463017699184907 vs. 2.3463017699184907
list:
dist: 2.0564872044246543 vs. 2.0564872044246543
list:
dist: 1.3799010077496168 vs. 1.3799010077496168
list:
dist: 2.0569975858678613 vs. 2.0569975858678613
list:
dist: 2.2617640650319486 vs. 2.2617640650319486
list:
dist: 1.380091288486146 vs. 1.380091288486146
list:
dist: 2.870876356667704 vs. 2.870876356667704
list:
dist: 2.6218090259408 vs. 2.6218090259408
list:
dist: 1.5138586864285684 vs. 1.5138586864285684
list:
dist: 2.090598628303013 vs. 2.090598628303013
list:
dist: 1.2406048924480193 vs. 1.2406048924480193
list:
dist: 0.884948327842803 vs. 0.884948327842803
list:
dist: 1.1646682128909818 vs. 1.1646682128909818
list:
dist: 2.374489060729056 vs. 2.374489060729056
list:
dist: 2.230692452916323 vs. 2.230692452916323
list:
dist: 3.209395068832128 vs. 3.209395068832128
list:
dist: 2.3463017699184907 vs. 2.3463017699184907
list:
dist: 2.8135734022815724 vs. 2.8135734022815724
list:
dist: 2.9071197939907787 vs. 2.9071197939907787
list:
dist: 2.0100794387421574 vs. 2.0100794387421574
list:
dist: 3.477279603886419 vs. 3.477279603886419
list:
dist: 3.812019060338047 vs. 3.812019060338047
list:
dist: 2.0230860515920988 vs. 2.0230860515920988
list:
dist: 2.3658157578529133 vs. 2.3658157578529133
list:
dist: 2.724538449286161 vs. 2.724538449286161
list:
dist: 3.477279603886419 vs. 3.477279603886419
list:
dist: 1.5138586864285684 vs. 1.5138586864285684
list:
dist: 3.2625791869777787 vs. 3.2625791869777787
list:
dist: 2.4750695070019373 vs. 2.4750695070019373
list:
dist: 2.428735497318508 vs. 2.428735497318508
list:
dist: 3.277554322421341 vs. 3.277554322421341
list:
dist: 2.2625006001619723 vs. 2.2625006001619723
list:
dist: 3.0884826132860046 vs. 3.0884826132860046
list:
dist: 2.8657238359793076 vs. 2.8657238359793076
list:
dist: 0.6421385861364454 vs. 0.6421385861364454
list:
dist: 1.5968265342396921 vs. 1.5968265342396921
list:
dist: 1.1485131173094982 vs. 1.1485131173094982
list:
dist: 1.5452617666500914 vs. 1.5452617666500914
list:
dist: 1.672072480779724 vs. 1.672072480779724
list:
dist: 1.3943090055360927 vs. 1.3943090055360927
list:
dist: 2.3285636432632923 vs. 2.3285636432632923
list:
dist: 1.941261964153267 vs. 1.941261964153267
list:
dist: 1.612479327625865 vs. 1.612479327625865
list:
dist: 1.4921188769318678 vs. 1.4921188769318678
list:
dist: 1.7530063518815466 vs. 1.7530063518815466
list:
dist: 2.9452174575613053 vs. 2.9452174575613053
list:
dist: 2.181042661525468 vs. 2.181042661525468
list:
dist: 1.2594517588075975 vs. 1.2594517588075975
list:
dist: 2.952032551098987 vs. 2.952032551098987
list:
dist: 1.5903646500403437 vs. 1.5903646500403437
list:
dist: 2.0233574437028627 vs. 2.0233574437028627
list:
dist: 2.881477939754499 vs. 2.881477939754499
list:
dist: 1.7114935410619088 vs. 1.7114935410619088
list:
dist: 2.3433563535288426 vs. 2.3433563535288426
list:
dist: 3.254420103347516 vs. 3.254420103347516
list:
dist: 2.724538449286161 vs. 2.724538449286161
list:
dist: 1.1646682128909818 vs. 1.1646682128909818
list:
dist: 1.950326490726033 vs. 1.950326490726033
list:
dist: 1.4092371431792439 vs. 1.4092371431792439
list:
dist: 1.7503546122413112 vs. 1.7503546122413112
list:
dist: 2.113282887240283 vs. 2.113282887240283
list:
dist: 1.2382596035493036 vs. 1.2382596035493036
list:
dist: 2.7872252810751212 vs. 2.7872252810751212
list:
dist: 2.320078339949723 vs. 2.320078339949723
list:
dist: 1.5452617666500914 vs. 1.5452617666500914
list:
dist: 1.9317088620275544 vs. 1.9317088620275544
list:
dist: 1.7146847137107524 vs. 1.7146847137107524
list:
dist: 0.9695129993691277 vs. 0.9695129993691277
list:
dist: 2.152094875766751 vs. 2.152094875766751
list:
dist: 1.4672573666709208 vs. 1.4672573666709208
list:
dist: 2.773189600926972 vs. 2.773189600926972
list:
dist: 2.4317027037494823 vs. 2.4317027037494823
list:
dist: 2.9019774914147445 vs. 2.9019774914147445
list:
dist: 2.3611105596145103 vs. 2.3611105596145103
list:
dist: 2.8686769928848963 vs. 2.8686769928848963
list:
dist: 4.002554877810711 vs. 4.002554877810711
list:
dist: 3.0615498504523257 vs. 3.0615498504523257
list:
dist: 1.5903646500403437 vs. 1.5903646500403437
list:
dist: 1.960820981206057 vs. 1.960820981206057
list:
dist: 2.8135734022815724 vs. 2.8135734022815724
list:
dist: 2.0564872044246543 vs. 2.0564872044246543
list:
dist: 0.8970616832311742 vs. 0.8970616832311742
list:
dist: 1.8658481612567839 vs. 1.8658481612567839
list:
dist: 0.7354422161161693 vs. 0.7354422161161693
list:
dist: 1.164236272450972 vs. 1.164236272450972
list:
dist: 2.6927405683191656 vs. 2.6927405683191656
list:
dist: 3.5065546501522746 vs. 3.5065546501522746
list:
dist: 3.2625791869777787 vs. 3.2625791869777787
list:
dist: 3.7875378993000015 vs. 3.7875378993000015
list:
dist: 3.0267311056869324 vs. 3.0267311056869324
list:
dist: 2.567677928018095 vs. 2.567677928018095
list:
dist: 1.950326490726033 vs. 1.950326490726033
list:
dist: 3.297832312682423 vs. 3.297832312682423
list:
dist: 3.127317066551968 vs. 3.127317066551968
list:
dist: 3.9417914874738407 vs. 3.9417914874738407
list:
dist: 2.3658157578529133 vs. 2.3658157578529133
list:
dist: 0.884948327842803 vs. 0.884948327842803
list:
dist: 2.567677928018095 vs. 2.567677928018095
list:
dist: 1.9814169578976364 vs. 1.9814169578976364
list:
dist: 2.4665697030033304 vs. 2.4665697030033304
list:
dist: 2.824028716817917 vs. 2.824028716817917
list:
dist: 1.8957155894501476 vs. 1.8957155894501476
list:
dist: 3.374011443243769 vs. 3.374011443243769
list:
dist: 1.9532157334239455 vs. 1.9532157334239455
list:
dist: 1.1485131173094982 vs. 1.1485131173094982
list:
dist: 1.5233397628681602 vs. 1.5233397628681602
list:
dist: 0.7822154531929536 vs. 0.7822154531929536
list:
dist: 0.9695129993691277 vs. 0.9695129993691277
list:
dist: 2.4559561233149583 vs. 2.4559561233149583
list:
dist: 1.8871433656406424 vs. 1.8871433656406424
list:
dist: 3.164742313780164 vs. 3.164742313780164
list:
dist: 1.9523603977769914 vs. 1.9523603977769914
list:
dist: 2.325188534574252 vs. 2.325188534574252
list:
dist: 1.90963817069036 vs. 1.90963817069036
list:
dist: 2.632035157798465 vs. 2.632035157798465
list:
dist: 4.047040158273095 vs. 4.047040158273095
list:
dist: 3.179177491218726 vs. 3.179177491218726
list:
dist: 2.881477939754499 vs. 2.881477939754499
list:
dist: 2.2921412425774466 vs. 2.2921412425774466
list:
dist: 2.0569975858678613 vs. 2.0569975858678613
list:
dist: 1.8658481612567839 vs. 1.8658481612567839
list:
dist: 1.2155385857017842 vs. 1.2155385857017842
list:
dist: 1.3648311819553114 vs. 1.3648311819553114
list:
dist: 0.9205865829850565 vs. 0.9205865829850565
list:
dist: 1.093511174199761 vs. 1.093511174199761
list:
dist: 2.428735497318508 vs. 2.428735497318508
list:
dist: 2.9216868683857076 vs. 2.9216868683857076
list:
dist: 3.1612591368037743 vs. 3.1612591368037743
list:
dist: 2.4665697030033304 vs. 2.4665697030033304
list:
dist: 1.7503546122413112 vs. 1.7503546122413112
list:
dist: 1.6283114448717997 vs. 1.6283114448717997
list:
dist: 1.948898776789194 vs. 1.948898776789194
list:
dist: 2.1797534484607968 vs. 2.1797534484607968
list:
dist: 2.5319191306296185 vs. 2.5319191306296185
list:
dist: 2.0230860515920988 vs. 2.0230860515920988
list:
dist: 1.2406048924480193 vs. 1.2406048924480193
list:
dist: 3.0267311056869324 vs. 3.0267311056869324
list:
dist: 2.521427652890374 vs. 2.521427652890374
list:
dist: 3.1612591368037743 vs. 3.1612591368037743
list:
dist: 3.378296215318705 vs. 3.378296215318705
list:
dist: 2.5133713483172913 vs. 2.5133713483172913
list:
dist: 4.015497209455847 vs. 4.015497209455847
list:
dist: 1.8015078061611551 vs. 1.8015078061611551
list:
dist: 1.5968265342396921 vs. 1.5968265342396921
list:
dist: 1.8724653334391057 vs. 1.8724653334391057
list:
dist: 0.7822154531929536 vs. 0.7822154531929536
list:
dist: 1.7146847137107524 vs. 1.7146847137107524
list:
dist: 3.0977778476965274 vs. 3.0977778476965274
list:
dist: 2.6073095669328032 vs. 2.6073095669328032
list:
dist: 3.8329416018638907 vs. 3.8329416018638907
list:
dist: 2.020591924635915 vs. 2.020591924635915
list:
dist: 2.3819811373755746 vs. 2.3819811373755746
list:
dist: 2.095218316253088 vs. 2.095218316253088
list:
dist: 2.9664916796615826 vs. 2.9664916796615826
list:
dist: 4.523190265086087 vs. 4.523190265086087
list:
dist: 3.724505130248374 vs. 3.724505130248374
list:
dist: 3.1963752920044763 vs. 3.1963752920044763
list:
dist: 1.612479327625865 vs. 1.612479327625865
list:
dist: 1.0508571046644952 vs. 1.0508571046644952
list:
dist: 2.3819811373755746 vs. 2.3819811373755746
list:
dist: 2.325188534574252 vs. 2.325188534574252
list:
dist: 2.9019774914147445 vs. 2.9019774914147445
list:
dist: 2.8621692009326685 vs. 2.8621692009326685
list:
dist: 2.3891533586320226 vs. 2.3891533586320226
list:
dist: 3.169816395052717 vs. 3.169816395052717
list:
dist: 1.428299006518519 vs. 1.428299006518519
list:
dist: 0.8584853537484373 vs. 0.8584853537484373
list:
dist: 1.0484349213362711 vs. 1.0484349213362711
list:
dist: 2.9285496029248286 vs. 2.9285496029248286
list:
dist: 2.3111991099125615 vs. 2.3111991099125615
list:
dist: 2.0100794387421574 vs. 2.0100794387421574
list:
dist: 2.6218090259408 vs. 2.6218090259408
list:
dist: 3.5065546501522746 vs. 3.5065546501522746
list:
dist: 3.3723427224872045 vs. 3.3723427224872045
list:
dist: 2.8657238359793076 vs. 2.8657238359793076
list:
dist: 2.868497516878814 vs. 2.868497516878814
list:
dist: 1.8015078061611551 vs. 1.8015078061611551
list:
dist: 1.9532157334239455 vs. 1.9532157334239455
list:
dist: 2.320078339949723 vs. 2.320078339949723
list:
dist: 1.9827421086696528 vs. 1.9827421086696528
list:
dist: 3.1963752920044763 vs. 3.1963752920044763
list:
dist: 2.5337337553738966 vs. 2.5337337553738966
list:
dist: 3.609006732300591 vs. 3.609006732300591
list:
dist: 2.3433563535288426 vs. 2.3433563535288426
list:
dist: 2.040747913820843 vs. 2.040747913820843
list:
dist: 1.380091288486146 vs. 1.380091288486146
list:
dist: 1.164236272450972 vs. 1.164236272450972
list:
dist: 0.3545255416022813 vs. 0.3545255416022813
list:
dist: 0.9205865829850565 vs. 0.9205865829850565
list:
dist: 1.0154282613570091 vs. 1.0154282613570091
list:
dist: 1.8898199242176468 vs. 1.8898199242176468
list:
dist: 2.2625006001619723 vs. 2.2625006001619723
list:
dist: 2.81182032174744 vs. 2.81182032174744
list:
dist: 2.5133713483172913 vs. 2.5133713483172913
list:
dist: 1.8957155894501476 vs. 1.8957155894501476
list:
dist: 1.2382596035493036 vs. 1.2382596035493036
list:
dist: 2.1449944121587743 vs. 2.1449944121587743
list:
dist: 2.1322038545001334 vs. 2.1322038545001334
list:
dist: 2.843851535298748 vs. 2.843851535298748
list:
dist: 3.3401918629213903 vs. 3.3401918629213903
list:
dist: 2.0233574437028627 vs. 2.0233574437028627
list:
dist: 1.8347525717103756 vs. 1.8347525717103756
list:
dist: 2.9071197939907787 vs. 2.9071197939907787
list:
dist: 1.3799010077496168 vs. 1.3799010077496168
list:
dist: 0.8970616832311742 vs. 0.8970616832311742
list:
dist: 1.2155385857017842 vs. 1.2155385857017842
list:
dist: 0.8833051744034555 vs. 0.8833051744034555
list:
dist: 0.3545255416022813 vs. 0.3545255416022813
list:
dist: 2.1002656726170494 vs. 2.1002656726170494
list:
dist: 3.3723427224872045 vs. 3.3723427224872045
list:
dist: 2.4750695070019373 vs. 2.4750695070019373
list:
dist: 3.0404657268960897 vs. 3.0404657268960897
list:
dist: 2.521427652890374 vs. 2.521427652890374
list:
dist: 1.9814169578976364 vs. 1.9814169578976364
list:
dist: 1.4092371431792439 vs. 1.4092371431792439
list:
dist: 2.4685260830610396 vs. 2.4685260830610396
list:
dist: 2.454130713319786 vs. 2.454130713319786
list:
dist: 3.189201530696838 vs. 3.189201530696838
list:
dist: 1.7114935410619088 vs. 1.7114935410619088
list:
dist: 1.6827182210057419 vs. 1.6827182210057419
list:
dist: 2.2617640650319486 vs. 2.2617640650319486
list:
dist: 0.7354422161161693 vs. 0.7354422161161693
list:
dist: 0.8833051744034555 vs. 0.8833051744034555
list:
dist: 1.3648311819553114 vs. 1.3648311819553114
list:
dist: 1.0154282613570091 vs. 1.0154282613570091
list:
dist: 2.040474689839441 vs. 2.040474689839441
list:
dist: 3.277554322421341 vs. 3.277554322421341
list:
dist: 3.81781850282808 vs. 3.81781850282808
list:
dist: 3.378296215318705 vs. 3.378296215318705
list:
dist: 2.824028716817917 vs. 2.824028716817917
list:
dist: 2.113282887240283 vs. 2.113282887240283
list:
dist: 2.9445018217219943 vs. 2.9445018217219943
list:
dist: 2.992789269359989 vs. 2.992789269359989
list:
dist: 3.53337705216664 vs. 3.53337705216664
list:
dist: 3.5835015430341306 vs. 3.5835015430341306
list:
dist: 3.609006732300591 vs. 3.609006732300591
list:
dist: 1.7530063518815466 vs. 1.7530063518815466
list:
dist: 1.166464494587172 vs. 1.166464494587172
list:
dist: 2.9664916796615826 vs. 2.9664916796615826
list:
dist: 2.632035157798465 vs. 2.632035157798465
list:
dist: 2.8686769928848963 vs. 2.8686769928848963
list:
dist: 2.4040016129625554 vs. 2.4040016129625554
list:
dist: 1.8603448348069682 vs. 1.8603448348069682
list:
dist: 2.4378526853038345 vs. 2.4378526853038345
list:
dist: 1.7837307511286375 vs. 1.7837307511286375
list:
dist: 1.0484349213362711 vs. 1.0484349213362711
list:
dist: 1.1293320236686604 vs. 1.1293320236686604
list:
dist: 2.165912252240676 vs. 2.165912252240676
list:
dist: 1.3952224594075684 vs. 1.3952224594075684
list:
dist: 0.9743190805587499 vs. 0.9743190805587499
list:
dist: 2.230692452916323 vs. 2.230692452916323
list:
dist: 3.127317066551968 vs. 3.127317066551968
list:
dist: 2.454130713319786 vs. 2.454130713319786
list:
dist: 1.948898776789194 vs. 1.948898776789194
list:
dist: 2.992789269359989 vs. 2.992789269359989
list:
dist: 2.1322038545001334 vs. 2.1322038545001334
list:
dist: 2.669003590954498 vs. 2.669003590954498
list:
dist: 1.3943090055360927 vs. 1.3943090055360927
list:
dist: 1.4553846735338438 vs. 1.4553846735338438
list:
dist: 2.6073095669328032 vs. 2.6073095669328032
list:
dist: 1.8871433656406424 vs. 1.8871433656406424
list:
dist: 1.4672573666709208 vs. 1.4672573666709208
list:
dist: 1.314518643441488 vs. 1.314518643441488
list:
dist: 1.5551219758969241 vs. 1.5551219758969241
list:
dist: 3.4591452925395743 vs. 3.4591452925395743
list:
dist: 2.3891533586320226 vs. 2.3891533586320226
list:
dist: 1.9529406721621096 vs. 1.9529406721621096
list:
dist: 1.8603448348069682 vs. 1.8603448348069682
list:
dist: 2.6822805693366085 vs. 2.6822805693366085
list:
dist: 1.6655156523994898 vs. 1.6655156523994898
list:
dist: 3.209395068832128 vs. 3.209395068832128
list:
dist: 3.9417914874738407 vs. 3.9417914874738407
list:
dist: 3.189201530696838 vs. 3.189201530696838
list:
dist: 2.1797534484607968 vs. 2.1797534484607968
list:
dist: 3.53337705216664 vs. 3.53337705216664
list:
dist: 2.843851535298748 vs. 2.843851535298748
list:
dist: 2.199311821191228 vs. 2.199311821191228
list:
dist: 2.3285636432632923 vs. 2.3285636432632923
list:
dist: 2.4205538686110093 vs. 2.4205538686110093
list:
dist: 3.8329416018638907 vs. 3.8329416018638907
list:
dist: 3.164742313780164 vs. 3.164742313780164
list:
dist: 2.773189600926972 vs. 2.773189600926972
list:
dist: 0.9004975847257227 vs. 0.9004975847257227
list:
dist: 1.5551219758969241 vs. 1.5551219758969241
list:
dist: 2.274674890180811 vs. 2.274674890180811
list:
dist: 3.169816395052717 vs. 3.169816395052717
list:
dist: 3.0902292317582307 vs. 3.0902292317582307
list:
dist: 2.4378526853038345 vs. 2.4378526853038345
list:
dist: 1.7266009153314092 vs. 1.7266009153314092
list:
dist: 1.2672547194337127 vs. 1.2672547194337127
list:
dist: 2.181042661525468 vs. 2.181042661525468
list:
dist: 1.9285792582074814 vs. 1.9285792582074814
list:
dist: 3.724505130248374 vs. 3.724505130248374
list:
dist: 3.179177491218726 vs. 3.179177491218726
list:
dist: 3.0615498504523257 vs. 3.0615498504523257
list:
dist: 1.6761022643259385 vs. 1.6761022643259385
list:
dist: 1.6655156523994898 vs. 1.6655156523994898
list:
dist: 1.2672547194337127 vs. 1.2672547194337127
list:
dist: 3.4156033424404093 vs. 3.4156033424404093
list:
dist: 2.3111991099125615 vs. 2.3111991099125615
list:
dist: 2.3484198547220423 vs. 2.3484198547220423
list:
dist: 1.3952224594075684 vs. 1.3952224594075684
list:
dist: 1.1105062480386982 vs. 1.1105062480386982
list:
dist: 1.9827421086696528 vs. 1.9827421086696528
list:
dist: 1.941261964153267 vs. 1.941261964153267
list:
dist: 1.5088767131074032 vs. 1.5088767131074032
list:
dist: 2.020591924635915 vs. 2.020591924635915
list:
dist: 1.9523603977769914 vs. 1.9523603977769914
list:
dist: 2.4317027037494823 vs. 2.4317027037494823
list:
dist: 1.428299006518519 vs. 1.428299006518519
list:
dist: 0.7039206353632032 vs. 0.7039206353632032
list:
dist: 1.7837307511286375 vs. 1.7837307511286375
list:
dist: 2.5337337553738966 vs. 2.5337337553738966
list:
dist: 1.4921188769318678 vs. 1.4921188769318678
list:
dist: 0.9276527617312746 vs. 0.9276527617312746
list:
dist: 2.095218316253088 vs. 2.095218316253088
list:
dist: 1.90963817069036 vs. 1.90963817069036
list:
dist: 2.3611105596145103 vs. 2.3611105596145103
list:
dist: 2.7921270954902475 vs. 2.7921270954902475
list:
dist: 1.9529406721621096 vs. 1.9529406721621096
list:
dist: 3.0902292317582307 vs. 3.0902292317582307
list:
dist: 0.7039206353632032 vs. 0.7039206353632032
list:
dist: 0.8584853537484373 vs. 0.8584853537484373
list:
dist: 1.1293320236686604 vs. 1.1293320236686604
list:
dist: 3.221768171576193 vs. 3.221768171576193
list:
dist: 2.3484198547220423 vs. 2.3484198547220423
list:
dist: 3.254420103347516 vs. 3.254420103347516
list:
dist: 2.3335599166732903 vs. 2.3335599166732903
list:
dist: 2.870876356667704 vs. 2.870876356667704
list:
dist: 2.6927405683191656 vs. 2.6927405683191656
list:
dist: 2.1002656726170494 vs. 2.1002656726170494
list:
dist: 1.093511174199761 vs. 1.093511174199761
list:
dist: 2.040474689839441 vs. 2.040474689839441
list:
dist: 1.8898199242176468 vs. 1.8898199242176468
list:
dist: 3.0884826132860046 vs. 3.0884826132860046
list:
dist: 3.572011231495725 vs. 3.572011231495725
list:
dist: 4.015497209455847 vs. 4.015497209455847
list:
dist: 3.374011443243769 vs. 3.374011443243769
list:
dist: 2.7872252810751212 vs. 2.7872252810751212
list:
dist: 1.812581698976252 vs. 1.812581698976252
list:
dist: 2.669003590954498 vs. 2.669003590954498
list:
dist: 2.199311821191228 vs. 2.199311821191228
list:
dist: 1.5478585550097268 vs. 1.5478585550097268
list:
dist: 3.812019060338047 vs. 3.812019060338047
list:
dist: 2.090598628303013 vs. 2.090598628303013
list:
dist: 3.7875378993000015 vs. 3.7875378993000015
list:
dist: 3.0404657268960897 vs. 3.0404657268960897
list:
dist: 2.9216868683857076 vs. 2.9216868683857076
list:
dist: 3.81781850282808 vs. 3.81781850282808
list:
dist: 2.81182032174744 vs. 2.81182032174744
list:
dist: 3.572011231495725 vs. 3.572011231495725
list:
dist: 2.868497516878814 vs. 2.868497516878814
list:
dist: 0.6421385861364454 vs. 0.6421385861364454
list:
dist: 1.8724653334391057 vs. 1.8724653334391057
list:
dist: 1.5233397628681602 vs. 1.5233397628681602
list:
dist: 1.9317088620275544 vs. 1.9317088620275544
list:
dist: 1.968676165453318 vs. 1.968676165453318
list:
dist: 1.4553846735338438 vs. 1.4553846735338438
list:
dist: 2.4205538686110093 vs. 2.4205538686110093
list:
dist: 1.5088767131074032 vs. 1.5088767131074032
list:
dist: 1.0508571046644952 vs. 1.0508571046644952
list:
dist: 0.9276527617312746 vs. 0.9276527617312746
list:
dist: 1.166464494587172 vs. 1.166464494587172
list:
dist: 2.743532021038111 vs. 2.743532021038111
list:
dist: 1.9285792582074814 vs. 1.9285792582074814
list:
dist: 2.374489060729056 vs. 2.374489060729056
list:
dist: 3.297832312682423 vs. 3.297832312682423
list:
dist: 2.4685260830610396 vs. 2.4685260830610396
list:
dist: 1.6283114448717997 vs. 1.6283114448717997
list:
dist: 2.9445018217219943 vs. 2.9445018217219943
list:
dist: 2.1449944121587743 vs. 2.1449944121587743
list:
dist: 1.812581698976252 vs. 1.812581698976252
list:
dist: 1.672072480779724 vs. 1.672072480779724
list:
dist: 1.968676165453318 vs. 1.968676165453318
list:
dist: 3.0977778476965274 vs. 3.0977778476965274
list:
dist: 2.4559561233149583 vs. 2.4559561233149583
list:
dist: 2.152094875766751 vs. 2.152094875766751
list:
dist: 1.314518643441488 vs. 1.314518643441488
list:
dist: 0.9004975847257227 vs. 0.9004975847257227
list:
dist: 2.265522867491443 vs. 2.265522867491443
list:
dist: 2.8621692009326685 vs. 2.8621692009326685
list:
dist: 2.7921270954902475 vs. 2.7921270954902475
list:
dist: 2.4040016129625554 vs. 2.4040016129625554
list:
dist: 2.2124743174967083 vs. 2.2124743174967083
list:
dist: 1.6761022643259385 vs. 1.6761022643259385
list:
dist: 2.9452174575613053 vs. 2.9452174575613053
list:
dist: 2.743532021038111 vs. 2.743532021038111
list:
dist: 4.523190265086087 vs. 4.523190265086087
list:
dist: 4.047040158273095 vs. 4.047040158273095
list:
dist: 4.002554877810711 vs. 4.002554877810711
list:
dist: 2.2124743174967083 vs. 2.2124743174967083
list:
dist: 2.6822805693366085 vs. 2.6822805693366085
list:
dist: 1.7266009153314092 vs. 1.7266009153314092
list:
dist: 3.298747529875468 vs. 3.298747529875468
list:
dist: 2.9285496029248286 vs. 2.9285496029248286
list:
dist: 3.221768171576193 vs. 3.221768171576193
list:
dist: 2.165912252240676 vs. 2.165912252240676
list:
dist: 1.1105062480386982 vs. 1.1105062480386982
list:
dist: 2.5319191306296185 vs. 2.5319191306296185
list:
dist: 3.5835015430341306 vs. 3.5835015430341306
list:
dist: 3.3401918629213903 vs. 3.3401918629213903
list:
dist: 1.5478585550097268 vs. 1.5478585550097268
list:
dist: 2.265522867491443 vs. 2.265522867491443
list:
dist: 3.4591452925395743 vs. 3.4591452925395743
list:
dist: 2.274674890180811 vs. 2.274674890180811
list:
dist: 0.9743190805587499 vs. 0.9743190805587499
list:
dist: 3.298747529875468 vs. 3.298747529875468
list:
dist: 3.4156033424404093 vs. 3.4156033424404093
list:
dist: 1.6376859273009907 vs. 1.6376859273009907
list:
dist: 2.133082117909304 vs. 2.133082117909304
list:
dist: 1.2227068515606554 vs. 1.2227068515606554
list:
dist: 2.1265626933002344 vs. 2.1265626933002344
list:
dist: 2.5021376243524496 vs. 2.5021376243524496
list:
dist: 2.0342704681302024 vs. 2.0342704681302024
list:
dist: 3.871371569798426 vs. 3.871371569798426
list:
dist: 2.763701259875393 vs. 2.763701259875393
list:
dist: 2.122634075350348 vs. 2.122634075350348
list:
dist: 3.9828398467514172 vs. 3.9828398467514172
list:
dist: 3.5742420512772415 vs. 3.5742420512772415
list:
dist: 4.862799817777989 vs. 4.862799817777989
list:
dist: 0.7581342918808425 vs. 0.7581342918808425
list:
dist: 2.094696874028513 vs. 2.094696874028513
list:
dist: 2.0342704681302024 vs. 2.0342704681302024
list:
dist: 1.2058692927044499 vs. 1.2058692927044499
list:
dist: 1.0545449586606854 vs. 1.0545449586606854
list:
dist: 2.222692817284998 vs. 2.222692817284998
list:
dist: 2.576176897104674 vs. 2.576176897104674
list:
dist: 2.1100280073291513 vs. 2.1100280073291513
list:
dist: 2.7403370641572558 vs. 2.7403370641572558
list:
dist: 2.728953475160214 vs. 2.728953475160214
list:
dist: 3.5264103674344054 vs. 3.5264103674344054
list:
dist: 3.9418530180335636 vs. 3.9418530180335636
list:
dist: 1.805111540835405 vs. 1.805111540835405
list:
dist: 2.65950146614366 vs. 2.65950146614366
list:
dist: 2.5021376243524496 vs. 2.5021376243524496
list:
dist: 1.6319806904255987 vs. 1.6319806904255987
list:
dist: 1.0545449586606854 vs. 1.0545449586606854
list:
dist: 1.3802994840326015 vs. 1.3802994840326015
list:
dist: 2.2673239636916116 vs. 2.2673239636916116
list:
dist: 2.1732444288834265 vs. 2.1732444288834265
list:
dist: 2.3205475958346033 vs. 2.3205475958346033
list:
dist: 2.3808402763162864 vs. 2.3808402763162864
list:
dist: 2.938217091851265 vs. 2.938217091851265
list:
dist: 3.4231712565781307 vs. 3.4231712565781307
list:
dist: 2.962490233479157 vs. 2.962490233479157
list:
dist: 1.4174076889134168 vs. 1.4174076889134168
list:
dist: 1.510595542767317 vs. 1.510595542767317
list:
dist: 2.1265626933002344 vs. 2.1265626933002344
list:
dist: 1.6319806904255987 vs. 1.6319806904255987
list:
dist: 1.2058692927044499 vs. 1.2058692927044499
list:
dist: 2.5781537404199124 vs. 2.5781537404199124
list:
dist: 1.7268789492828793 vs. 1.7268789492828793
list:
dist: 1.126563530322841 vs. 1.126563530322841
list:
dist: 2.09236591053885 vs. 2.09236591053885
list:
dist: 1.859658290032568 vs. 1.859658290032568
list:
dist: 3.0358937958902077 vs. 3.0358937958902077
list:
dist: 2.8562300240601184 vs. 2.8562300240601184
list:
dist: 3.8825387388375985 vs. 3.8825387388375985
list:
dist: 3.871371569798426 vs. 3.871371569798426
list:
dist: 2.5781537404199124 vs. 2.5781537404199124
list:
dist: 1.3802994840326015 vs. 1.3802994840326015
list:
dist: 2.222692817284998 vs. 2.222692817284998
list:
dist: 2.8584643879860416 vs. 2.8584643879860416
list:
dist: 3.0739534366938805 vs. 3.0739534366938805
list:
dist: 2.0400794670040208 vs. 2.0400794670040208
list:
dist: 2.478769156151285 vs. 2.478769156151285
list:
dist: 2.1928326694695084 vs. 2.1928326694695084
list:
dist: 2.193453969902777 vs. 2.193453969902777
list:
dist: 2.3398603819488635 vs. 2.3398603819488635
list:
dist: 2.067247705693539 vs. 2.067247705693539
list:
dist: 2.133082117909304 vs. 2.133082117909304
list:
dist: 1.4174076889134168 vs. 1.4174076889134168
list:
dist: 1.805111540835405 vs. 1.805111540835405
list:
dist: 0.7581342918808425 vs. 0.7581342918808425
list:
dist: 2.8562300240601184 vs. 2.8562300240601184
list:
dist: 3.052767369159325 vs. 3.052767369159325
list:
dist: 2.429323384200866 vs. 2.429323384200866
list:
dist: 3.1834901753594034 vs. 3.1834901753594034
list:
dist: 3.1664289645706347 vs. 3.1664289645706347
list:
dist: 4.011858823370049 vs. 4.011858823370049
list:
dist: 2.429323384200866 vs. 2.429323384200866
list:
dist: 1.3769742061753276 vs. 1.3769742061753276
list:
dist: 2.122634075350348 vs. 2.122634075350348
list:
dist: 1.126563530322841 vs. 1.126563530322841
list:
dist: 2.1732444288834265 vs. 2.1732444288834265
list:
dist: 2.1100280073291513 vs. 2.1100280073291513
list:
dist: 3.0739534366938805 vs. 3.0739534366938805
list:
dist: 0.8724864231776429 vs. 0.8724864231776429
list:
dist: 2.1901943460104465 vs. 2.1901943460104465
list:
dist: 1.5933435815986747 vs. 1.5933435815986747
list:
dist: 3.1052401742714646 vs. 3.1052401742714646
list:
dist: 4.46981908578495 vs. 4.46981908578495
list:
dist: 2.6097506553676975 vs. 2.6097506553676975
list:
dist: 2.3427817935336206 vs. 2.3427817935336206
list:
dist: 1.5292648908488657 vs. 1.5292648908488657
list:
dist: 2.160441855318947 vs. 2.160441855318947
list:
dist: 3.5840911411391305 vs. 3.5840911411391305
list:
dist: 3.282220282093368 vs. 3.282220282093368
list:
dist: 2.067123438517564 vs. 2.067123438517564
list:
dist: 2.0253609199720453 vs. 2.0253609199720453
list:
dist: 2.067247705693539 vs. 2.067247705693539
list:
dist: 1.2227068515606554 vs. 1.2227068515606554
list:
dist: 1.510595542767317 vs. 1.510595542767317
list:
dist: 2.65950146614366 vs. 2.65950146614366
list:
dist: 2.094696874028513 vs. 2.094696874028513
list:
dist: 3.8825387388375985 vs. 3.8825387388375985
list:
dist: 2.213998314907109 vs. 2.213998314907109
list:
dist: 1.3769742061753276 vs. 1.3769742061753276
list:
dist: 3.3931926283676925 vs. 3.3931926283676925
list:
dist: 2.905419555982039 vs. 2.905419555982039
list:
dist: 4.347506574390889 vs. 4.347506574390889
list:
dist: 3.1834901753594034 vs. 3.1834901753594034
list:
dist: 3.3931926283676925 vs. 3.3931926283676925
list:
dist: 3.9828398467514172 vs. 3.9828398467514172
list:
dist: 2.09236591053885 vs. 2.09236591053885
list:
dist: 2.3205475958346033 vs. 2.3205475958346033
list:
dist: 2.7403370641572558 vs. 2.7403370641572558
list:
dist: 2.0400794670040208 vs. 2.0400794670040208
list:
dist: 1.821109224355113 vs. 1.821109224355113
list:
dist: 2.1901943460104465 vs. 2.1901943460104465
list:
dist: 0.7696234050318196 vs. 0.7696234050318196
list:
dist: 0.9736857182925934 vs. 0.9736857182925934
list:
dist: 2.6116089974401837 vs. 2.6116089974401837
list:
dist: 2.5264178066535403 vs. 2.5264178066535403
list:
dist: 2.591380315369147 vs. 2.591380315369147
list:
dist: 1.0099645811809501 vs. 1.0099645811809501
list:
dist: 2.085909698896103 vs. 2.085909698896103
list:
dist: 1.4901625367669258 vs. 1.4901625367669258
list:
dist: 1.4244767752869072 vs. 1.4244767752869072
list:
dist: 2.3549729392625998 vs. 2.3549729392625998
list:
dist: 1.7200869319741292 vs. 1.7200869319741292
list:
dist: 2.219693184111863 vs. 2.219693184111863
list:
dist: 2.6097506553676975 vs. 2.6097506553676975
list:
dist: 2.1080812587617346 vs. 2.1080812587617346
list:
dist: 1.927589373036071 vs. 1.927589373036071
list:
dist: 1.3641431372599062 vs. 1.3641431372599062
list:
dist: 2.38809606510415 vs. 2.38809606510415
list:
dist: 2.860632615789951 vs. 2.860632615789951
list:
dist: 2.3398603819488635 vs. 2.3398603819488635
list:
dist: 2.0253609199720453 vs. 2.0253609199720453
list:
dist: 1.6376859273009907 vs. 1.6376859273009907
list:
dist: 2.962490233479157 vs. 2.962490233479157
list:
dist: 4.264425241591869 vs. 4.264425241591869
list:
dist: 4.46981908578495 vs. 4.46981908578495
list:
dist: 2.1080812587617346 vs. 2.1080812587617346
list:
dist: 3.85306676426898 vs. 3.85306676426898
list:
dist: 3.406645379264712 vs. 3.406645379264712
list:
dist: 3.5079875111827223 vs. 3.5079875111827223
list:
dist: 4.464304475079199 vs. 4.464304475079199
list:
dist: 3.7369983574591443 vs. 3.7369983574591443
list:
dist: 1.7200869319741292 vs. 1.7200869319741292
list:
dist: 2.242152882127917 vs. 2.242152882127917
list:
dist: 0.7673456940762338 vs. 0.7673456940762338
list:
dist: 2.118201519430028 vs. 2.118201519430028
list:
dist: 2.1375454443365514 vs. 2.1375454443365514
list:
dist: 1.536020611432837 vs. 1.536020611432837
list:
dist: 0.7097704090631508 vs. 0.7097704090631508
list:
dist: 2.0911198288620585 vs. 2.0911198288620585
list:
dist: 0.9574898518809147 vs. 0.9574898518809147
list:
dist: 2.5717271859739825 vs. 2.5717271859739825
list:
dist: 3.1081347548029807 vs. 3.1081347548029807
list:
dist: 3.4231712565781307 vs. 3.4231712565781307
list:
dist: 3.9418530180335636 vs. 3.9418530180335636
list:
dist: 2.193453969902777 vs. 2.193453969902777
list:
dist: 2.6116089974401837 vs. 2.6116089974401837
list:
dist: 3.371620600192477 vs. 3.371620600192477
list:
dist: 2.1130229797877904 vs. 2.1130229797877904
list:
dist: 3.4477098662553436 vs. 3.4477098662553436
list:
dist: 3.5814105307220396 vs. 3.5814105307220396
list:
dist: 2.6912661392160113 vs. 2.6912661392160113
list:
dist: 3.6261886130348926 vs. 3.6261886130348926
list:
dist: 2.9542216587649803 vs. 2.9542216587649803
list:
dist: 2.118201519430028 vs. 2.118201519430028
list:
dist: 2.5238719902042424 vs. 2.5238719902042424
list:
dist: 3.389293629954604 vs. 3.389293629954604
list:
dist: 3.209269011059708 vs. 3.209269011059708
list:
dist: 1.8301714125963908 vs. 1.8301714125963908
list:
dist: 2.6172587562616103 vs. 2.6172587562616103
list:
dist: 2.778031574520233 vs. 2.778031574520233
list:
dist: 2.3940471621491106 vs. 2.3940471621491106
list:
dist: 3.1081347548029807 vs. 3.1081347548029807
list:
dist: 2.4301635614313897 vs. 2.4301635614313897
list:
dist: 1.2659129889288139 vs. 1.2659129889288139
list:
dist: 0.9422375365496988 vs. 0.9422375365496988
list:
dist: 1.2476088782551933 vs. 1.2476088782551933
list:
dist: 2.067123438517564 vs. 2.067123438517564
list:
dist: 1.4244767752869072 vs. 1.4244767752869072
list:
dist: 1.0566042955958355 vs. 1.0566042955958355
list:
dist: 1.729731890243144 vs. 1.729731890243144
list:
dist: 3.6261886130348926 vs. 3.6261886130348926
list:
dist: 1.6949409468459955 vs. 1.6949409468459955
list:
dist: 1.733142709704685 vs. 1.733142709704685
list:
dist: 1.4457044314305056 vs. 1.4457044314305056
list:
dist: 1.8156467462339825 vs. 1.8156467462339825
list:
dist: 1.442802087870462 vs. 1.442802087870462
list:
dist: 2.377902993686715 vs. 2.377902993686715
list:
dist: 2.0911198288620585 vs. 2.0911198288620585
list:
dist: 3.2163764395025667 vs. 3.2163764395025667
list:
dist: 2.387390597398372 vs. 2.387390597398372
list:
dist: 2.08718758835649 vs. 2.08718758835649
list:
dist: 2.778031574520233 vs. 2.778031574520233
list:
dist: 3.052767369159325 vs. 3.052767369159325
list:
dist: 2.213998314907109 vs. 2.213998314907109
list:
dist: 2.763701259875393 vs. 2.763701259875393
list:
dist: 1.7268789492828793 vs. 1.7268789492828793
list:
dist: 2.2673239636916116 vs. 2.2673239636916116
list:
dist: 2.576176897104674 vs. 2.576176897104674
list:
dist: 2.8584643879860416 vs. 2.8584643879860416
list:
dist: 0.8724864231776429 vs. 0.8724864231776429
list:
dist: 1.821109224355113 vs. 1.821109224355113
list:
dist: 1.1360905438411362 vs. 1.1360905438411362
list:
dist: 2.5885960934746053 vs. 2.5885960934746053
list:
dist: 4.264425241591869 vs. 4.264425241591869
list:
dist: 2.219693184111863 vs. 2.219693184111863
list:
dist: 1.7340490740764047 vs. 1.7340490740764047
list:
dist: 1.0627062788871071 vs. 1.0627062788871071
list:
dist: 1.734692854881896 vs. 1.734692854881896
list:
dist: 2.8615411785058167 vs. 2.8615411785058167
list:
dist: 2.5872889345280026 vs. 2.5872889345280026
list:
dist: 1.2476088782551933 vs. 1.2476088782551933
list:
dist: 1.7340490740764047 vs. 1.7340490740764047
list:
dist: 2.3427817935336206 vs. 2.3427817935336206
list:
dist: 2.5264178066535403 vs. 2.5264178066535403
list:
dist: 1.8718784589655366 vs. 1.8718784589655366
list:
dist: 2.9240586527139865 vs. 2.9240586527139865
list:
dist: 3.85306676426898 vs. 3.85306676426898
list:
dist: 1.927589373036071 vs. 1.927589373036071
list:
dist: 1.0753477968565528 vs. 1.0753477968565528
list:
dist: 1.7566727904266937 vs. 1.7566727904266937
list:
dist: 2.1851746880926095 vs. 2.1851746880926095
list:
dist: 2.6389917333546515 vs. 2.6389917333546515
list:
dist: 1.6949409468459955 vs. 1.6949409468459955
list:
dist: 1.6849879587943273 vs. 1.6849879587943273
list:
dist: 1.4525282894500189 vs. 1.4525282894500189
list:
dist: 1.7740658949513424 vs. 1.7740658949513424
list:
dist: 2.5238719902042424 vs. 2.5238719902042424
list:
dist: 4.464304475079199 vs. 4.464304475079199
list:
dist: 2.860632615789951 vs. 2.860632615789951
list:
dist: 1.4525282894500189 vs. 1.4525282894500189
list:
dist: 2.4603676069714226 vs. 2.4603676069714226
list:
dist: 2.497108264013211 vs. 2.497108264013211
list:
dist: 1.777092893925073 vs. 1.777092893925073
list:
dist: 2.6678722934292622 vs. 2.6678722934292622
list:
dist: 2.387390597398372 vs. 2.387390597398372
list:
dist: 1.3866260827371268 vs. 1.3866260827371268
list:
dist: 0.773811011271825 vs. 0.773811011271825
list:
dist: 1.2659129889288139 vs. 1.2659129889288139
list:
dist: 2.3549729392625998 vs. 2.3549729392625998
list:
dist: 2.6826227369832103 vs. 2.6826227369832103
list:
dist: 1.5107341662818634 vs. 1.5107341662818634
list:
dist: 2.9542216587649803 vs. 2.9542216587649803
list:
dist: 2.3864876252489635 vs. 2.3864876252489635
list:
dist: 1.039656112550524 vs. 1.039656112550524
list:
dist: 1.0459715956874174 vs. 1.0459715956874174
list:
dist: 2.377902993686715 vs. 2.377902993686715
list:
dist: 0.9574898518809147 vs. 0.9574898518809147
list:
dist: 1.9917479445625192 vs. 1.9917479445625192
list:
dist: 2.3940471621491106 vs. 2.3940471621491106
list:
dist: 4.011858823370049 vs. 4.011858823370049
list:
dist: 4.347506574390889 vs. 4.347506574390889
list:
dist: 4.862799817777989 vs. 4.862799817777989
list:
dist: 3.0358937958902077 vs. 3.0358937958902077
list:
dist: 2.938217091851265 vs. 2.938217091851265
list:
dist: 3.5264103674344054 vs. 3.5264103674344054
list:
dist: 2.1928326694695084 vs. 2.1928326694695084
list:
dist: 2.5885960934746053 vs. 2.5885960934746053
list:
dist: 3.1052401742714646 vs. 3.1052401742714646
list:
dist: 0.9736857182925934 vs. 0.9736857182925934
list:
dist: 1.5801203487072772 vs. 1.5801203487072772
list:
dist: 2.1130229797877904 vs. 2.1130229797877904
list:
dist: 2.9240586527139865 vs. 2.9240586527139865
list:
dist: 3.2344443189170096 vs. 3.2344443189170096
list:
dist: 1.5215651864242827 vs. 1.5215651864242827
list:
dist: 1.6297462722373324 vs. 1.6297462722373324
list:
dist: 0.8289378286918865 vs. 0.8289378286918865
list:
dist: 1.729731890243144 vs. 1.729731890243144
list:
dist: 1.5107341662818634 vs. 1.5107341662818634
list:
dist: 0.7673456940762338 vs. 0.7673456940762338
list:
dist: 1.0627062788871071 vs. 1.0627062788871071
list:
dist: 1.5292648908488657 vs. 1.5292648908488657
list:
dist: 2.591380315369147 vs. 2.591380315369147
list:
dist: 1.831589793808557 vs. 1.831589793808557
list:
dist: 3.2344443189170096 vs. 3.2344443189170096
list:
dist: 3.406645379264712 vs. 3.406645379264712
list:
dist: 1.3641431372599062 vs. 1.3641431372599062
list:
dist: 1.0753477968565528 vs. 1.0753477968565528
list:
dist: 2.0977863785780846 vs. 2.0977863785780846
list:
dist: 2.9632114686526125 vs. 2.9632114686526125
list:
dist: 3.0628766268726477 vs. 3.0628766268726477
list:
dist: 1.733142709704685 vs. 1.733142709704685
list:
dist: 2.4383815960339765 vs. 2.4383815960339765
list:
dist: 2.4603676069714226 vs. 2.4603676069714226
list:
dist: 2.7060131319984517 vs. 2.7060131319984517
list:
dist: 3.389293629954604 vs. 3.389293629954604
list:
dist: 3.1664289645706347 vs. 3.1664289645706347
list:
dist: 2.905419555982039 vs. 2.905419555982039
list:
dist: 3.5742420512772415 vs. 3.5742420512772415
list:
dist: 1.859658290032568 vs. 1.859658290032568
list:
dist: 2.3808402763162864 vs. 2.3808402763162864
list:
dist: 2.728953475160214 vs. 2.728953475160214
list:
dist: 2.478769156151285 vs. 2.478769156151285
list:
dist: 1.1360905438411362 vs. 1.1360905438411362
list:
dist: 1.5933435815986747 vs. 1.5933435815986747
list:
dist: 0.7696234050318196 vs. 0.7696234050318196
list:
dist: 1.5801203487072772 vs. 1.5801203487072772
list:
dist: 3.371620600192477 vs. 3.371620600192477
list:
dist: 1.8718784589655366 vs. 1.8718784589655366
list:
dist: 1.831589793808557 vs. 1.831589793808557
list:
dist: 0.7566714940713666 vs. 0.7566714940713666
list:
dist: 2.121814725567793 vs. 2.121814725567793
list:
dist: 1.7918469436500981 vs. 1.7918469436500981
list:
dist: 1.0566042955958355 vs. 1.0566042955958355
list:
dist: 2.6826227369832103 vs. 2.6826227369832103
list:
dist: 2.242152882127917 vs. 2.242152882127917
list:
dist: 2.8615411785058167 vs. 2.8615411785058167
list:
dist: 3.5840911411391305 vs. 3.5840911411391305
list:
dist: 2.085909698896103 vs. 2.085909698896103
list:
dist: 2.121814725567793 vs. 2.121814725567793
list:
dist: 1.6297462722373324 vs. 1.6297462722373324
list:
dist: 3.5814105307220396 vs. 3.5814105307220396
list:
dist: 2.1851746880926095 vs. 2.1851746880926095
list:
dist: 2.9632114686526125 vs. 2.9632114686526125
list:
dist: 1.7238674560813922 vs. 1.7238674560813922
list:
dist: 1.1150783676956093 vs. 1.1150783676956093
list:
dist: 1.8156467462339825 vs. 1.8156467462339825
list:
dist: 1.039656112550524 vs. 1.039656112550524
list:
dist: 1.536020611432837 vs. 1.536020611432837
list:
dist: 3.089171905443646 vs. 3.089171905443646
list:
dist: 1.777092893925073 vs. 1.777092893925073
list:
dist: 1.117212018823932 vs. 1.117212018823932
list:
dist: 1.8301714125963908 vs. 1.8301714125963908
list:
dist: 2.5872889345280026 vs. 2.5872889345280026
list:
dist: 3.282220282093368 vs. 3.282220282093368
list:
dist: 1.4901625367669258 vs. 1.4901625367669258
list:
dist: 1.7918469436500981 vs. 1.7918469436500981
list:
dist: 0.8289378286918865 vs. 0.8289378286918865
list:
dist: 2.6912661392160113 vs. 2.6912661392160113
list:
dist: 2.6389917333546515 vs. 2.6389917333546515
list:
dist: 3.0628766268726477 vs. 3.0628766268726477
list:
dist: 1.73774433668469 vs. 1.73774433668469
list:
dist: 1.1150783676956093 vs. 1.1150783676956093
list:
dist: 1.442802087870462 vs. 1.442802087870462
list:
dist: 1.0459715956874174 vs. 1.0459715956874174
list:
dist: 0.7097704090631508 vs. 0.7097704090631508
list:
dist: 3.8923127835776583 vs. 3.8923127835776583
list:
dist: 2.6678722934292622 vs. 2.6678722934292622
list:
dist: 2.0216516351319314 vs. 2.0216516351319314
list:
dist: 2.6172587562616103 vs. 2.6172587562616103
list:
dist: 3.5079875111827223 vs. 3.5079875111827223
list:
dist: 2.38809606510415 vs. 2.38809606510415
list:
dist: 1.6849879587943273 vs. 1.6849879587943273
list:
dist: 2.4383815960339765 vs. 2.4383815960339765
list:
dist: 3.2687338586152705 vs. 3.2687338586152705
list:
dist: 3.089171905443646 vs. 3.089171905443646
list:
dist: 3.8923127835776583 vs. 3.8923127835776583
list:
dist: 3.2163764395025667 vs. 3.2163764395025667
list:
dist: 1.3866260827371268 vs. 1.3866260827371268
list:
dist: 2.1545526025443755 vs. 2.1545526025443755
list:
dist: 2.4301635614313897 vs. 2.4301635614313897
list:
dist: 1.734692854881896 vs. 1.734692854881896
list:
dist: 2.160441855318947 vs. 2.160441855318947
list:
dist: 1.0099645811809501 vs. 1.0099645811809501
list:
dist: 0.7566714940713666 vs. 0.7566714940713666
list:
dist: 1.5215651864242827 vs. 1.5215651864242827
list:
dist: 3.4477098662553436 vs. 3.4477098662553436
list:
dist: 1.7566727904266937 vs. 1.7566727904266937
list:
dist: 2.0977863785780846 vs. 2.0977863785780846
list:
dist: 1.7238674560813922 vs. 1.7238674560813922
list:
dist: 1.73774433668469 vs. 1.73774433668469
list:
dist: 1.4457044314305056 vs. 1.4457044314305056
list:
dist: 2.3864876252489635 vs. 2.3864876252489635
list:
dist: 2.1375454443365514 vs. 2.1375454443365514
list:
dist: 3.2687338586152705 vs. 3.2687338586152705
list:
dist: 2.497108264013211 vs. 2.497108264013211
list:
dist: 2.28925311291704 vs. 2.28925311291704
list:
dist: 3.209269011059708 vs. 3.209269011059708
list:
dist: 1.7740658949513424 vs. 1.7740658949513424
list:
dist: 2.7060131319984517 vs. 2.7060131319984517
list:
dist: 2.28925311291704 vs. 2.28925311291704
list:
dist: 1.117212018823932 vs. 1.117212018823932
list:
dist: 2.0216516351319314 vs. 2.0216516351319314
list:
dist: 2.08718758835649 vs. 2.08718758835649
list:
dist: 1.9917479445625192 vs. 1.9917479445625192
list:
dist: 2.5717271859739825 vs. 2.5717271859739825
list:
dist: 2.1545526025443755 vs. 2.1545526025443755
list:
dist: 0.773811011271825 vs. 0.773811011271825
list:
dist: 0.9422375365496988 vs. 0.9422375365496988
list:
dist: 1.6069791884382252 vs. 1.6069791884382252
list:
dist: 2.503571880106863 vs. 2.503571880106863
list:
dist: 1.3914473597956665 vs. 1.3914473597956665
list:
dist: 3.871027649794886 vs. 3.871027649794886
list:
dist: 3.1477574047363084 vs. 3.1477574047363084
list:
dist: 2.924567763966879 vs. 2.924567763966879
list:
dist: 3.543506573693522 vs. 3.543506573693522
list:
dist: 2.0571510772543298 vs. 2.0571510772543298
list:
dist: 2.8869489504510772 vs. 2.8869489504510772
list:
dist: 4.0884882528276725 vs. 4.0884882528276725
list:
dist: 1.740103401774885 vs. 1.740103401774885
list:
dist: 2.8285678519766586 vs. 2.8285678519766586
list:
dist: 2.924567763966879 vs. 2.924567763966879
list:
dist: 2.6715260581830846 vs. 2.6715260581830846
list:
dist: 1.6296215345562075 vs. 1.6296215345562075
list:
dist: 1.3142272786724138 vs. 1.3142272786724138
list:
dist: 1.3701564355025866 vs. 1.3701564355025866
list:
dist: 1.4845014942925063 vs. 1.4845014942925063
list:
dist: 2.2763848650991165 vs. 2.2763848650991165
list:
dist: 3.155145951741071 vs. 3.155145951741071
list:
dist: 2.74806781016024 vs. 2.74806781016024
list:
dist: 1.1443628438063667 vs. 1.1443628438063667
list:
dist: 1.1898973831778237 vs. 1.1898973831778237
list:
dist: 2.9763408016729738 vs. 2.9763408016729738
list:
dist: 1.9088651208168979 vs. 1.9088651208168979
list:
dist: 1.6796287642029106 vs. 1.6796287642029106
list:
dist: 2.6064124061729297 vs. 2.6064124061729297
list:
dist: 3.678452367249229 vs. 3.678452367249229
list:
dist: 2.5030931905060494 vs. 2.5030931905060494
list:
dist: 3.29951824521275 vs. 3.29951824521275
list:
dist: 3.543506573693522 vs. 3.543506573693522
list:
dist: 3.612268954438772 vs. 3.612268954438772
list:
dist: 1.0320977725464473 vs. 1.0320977725464473
list:
dist: 1.4808438866453566 vs. 1.4808438866453566
list:
dist: 1.3701564355025866 vs. 1.3701564355025866
list:
dist: 1.626831219240453 vs. 1.626831219240453
list:
dist: 2.665618909551372 vs. 2.665618909551372
list:
dist: 2.415627126884575 vs. 2.415627126884575
list:
dist: 1.8148612201801957 vs. 1.8148612201801957
list:
dist: 1.3215993325658448 vs. 1.3215993325658448
list:
dist: 1.4331975254647866 vs. 1.4331975254647866
list:
dist: 1.990380762725613 vs. 1.990380762725613
list:
dist: 1.4243585578814302 vs. 1.4243585578814302
list:
dist: 1.3559128886581804 vs. 1.3559128886581804
list:
dist: 2.240790629679022 vs. 2.240790629679022
list:
dist: 2.9276947443129817 vs. 2.9276947443129817
list:
dist: 1.4354479606858659 vs. 1.4354479606858659
list:
dist: 2.503571880106863 vs. 2.503571880106863
list:
dist: 1.7338099709888704 vs. 1.7338099709888704
list:
dist: 2.894652554729484 vs. 2.894652554729484
list:
dist: 2.0296981874169955 vs. 2.0296981874169955
list:
dist: 2.8285678519766586 vs. 2.8285678519766586
list:
dist: 3.29951824521275 vs. 3.29951824521275
list:
dist: 1.9881017966970551 vs. 1.9881017966970551
list:
dist: 1.0807930742952414 vs. 1.0807930742952414
list:
dist: 1.9881017966970551 vs. 1.9881017966970551
list:
dist: 2.0571510772543298 vs. 2.0571510772543298
list:
dist: 2.168176219400827 vs. 2.168176219400827
list:
dist: 1.8496577457070498 vs. 1.8496577457070498
list:
dist: 1.300539283618387 vs. 1.300539283618387
list:
dist: 1.4845014942925063 vs. 1.4845014942925063
list:
dist: 1.626831219240453 vs. 1.626831219240453
list:
dist: 2.6337492325339578 vs. 2.6337492325339578
list:
dist: 3.081805384119627 vs. 3.081805384119627
list:
dist: 3.22072014230838 vs. 3.22072014230838
list:
dist: 2.4055237047008093 vs. 2.4055237047008093
list:
dist: 2.33226033375121 vs. 2.33226033375121
list:
dist: 3.6014902808021203 vs. 3.6014902808021203
list:
dist: 2.9036773287605224 vs. 2.9036773287605224
list:
dist: 2.491037062319504 vs. 2.491037062319504
list:
dist: 3.2786840410053655 vs. 3.2786840410053655
list:
dist: 4.267306007863335 vs. 4.267306007863335
list:
dist: 2.8869489504510772 vs. 2.8869489504510772
list:
dist: 3.488211742738872 vs. 3.488211742738872
list:
dist: 2.2763848650991165 vs. 2.2763848650991165
list:
dist: 2.665618909551372 vs. 2.665618909551372
list:
dist: 2.6337492325339578 vs. 2.6337492325339578
list:
dist: 2.205602899979379 vs. 2.205602899979379
list:
dist: 3.7369983574591443 vs. 3.7369983574591443
list:
dist: 2.6369346306207158 vs. 2.6369346306207158
list:
dist: 1.8933668621437103 vs. 1.8933668621437103
list:
dist: 3.611644792081879 vs. 3.611644792081879
list:
dist: 2.9232806162068266 vs. 2.9232806162068266
list:
dist: 1.9060808765585513 vs. 1.9060808765585513
list:
dist: 1.9037847010586666 vs. 1.9037847010586666
list:
dist: 3.2225720016657764 vs. 3.2225720016657764
list:
dist: 2.8766717834855293 vs. 2.8766717834855293
list:
dist: 2.1159777596720617 vs. 2.1159777596720617
list:
dist: 1.498180815491789 vs. 1.498180815491789
list:
dist: 3.3015952986659194 vs. 3.3015952986659194
list:
dist: 1.0711046612343464 vs. 1.0711046612343464
list:
dist: 1.0920699725562173 vs. 1.0920699725562173
list:
dist: 0.6445149137983271 vs. 0.6445149137983271
list:
dist: 1.095181172151427 vs. 1.095181172151427
list:
dist: 1.2871796453103264 vs. 1.2871796453103264
list:
dist: 0.6075764259058171 vs. 0.6075764259058171
list:
dist: 2.5830092353006333 vs. 2.5830092353006333
list:
dist: 1.2892771252389856 vs. 1.2892771252389856
list:
dist: 1.8263358396732818 vs. 1.8263358396732818
list:
dist: 1.0146456003341673 vs. 1.0146456003341673
list:
dist: 1.6989859577317903 vs. 1.6989859577317903
list:
dist: 1.4084247060067943 vs. 1.4084247060067943
list:
dist: 1.2049806293011889 vs. 1.2049806293011889
list:
dist: 2.5903893873340293 vs. 2.5903893873340293
list:
dist: 2.5932574708430476 vs. 2.5932574708430476
list:
dist: 2.3681217904799636 vs. 2.3681217904799636
list:
dist: 2.422947477392145 vs. 2.422947477392145
list:
dist: 2.1360891711577223 vs. 2.1360891711577223
list:
dist: 2.339725967692676 vs. 2.339725967692676
list:
dist: 1.70084669482647 vs. 1.70084669482647
list:
dist: 2.145818632055574 vs. 2.145818632055574
list:
dist: 2.293795491278524 vs. 2.293795491278524
list:
dist: 1.8183716780654509 vs. 1.8183716780654509
list:
dist: 1.7945289569350968 vs. 1.7945289569350968
list:
dist: 2.8112203486277902 vs. 2.8112203486277902
list:
dist: 1.983650191241329 vs. 1.983650191241329
list:
dist: 1.6344603403715332 vs. 1.6344603403715332
list:
dist: 1.9214381578660167 vs. 1.9214381578660167
list:
dist: 1.1443628438063667 vs. 1.1443628438063667
list:
dist: 1.3215993325658448 vs. 1.3215993325658448
list:
dist: 2.4055237047008093 vs. 2.4055237047008093
list:
dist: 2.6369346306207158 vs. 2.6369346306207158
list:
dist: 3.055720201888038 vs. 3.055720201888038
list:
dist: 2.070675013816626 vs. 2.070675013816626
list:
dist: 0.7780346580454761 vs. 0.7780346580454761
list:
dist: 2.0727148213341535 vs. 2.0727148213341535
list:
dist: 0.8690425986707833 vs. 0.8690425986707833
list:
dist: 1.1905338738049163 vs. 1.1905338738049163
list:
dist: 2.1185358741005866 vs. 2.1185358741005866
list:
dist: 2.930220763677883 vs. 2.930220763677883
list:
dist: 2.0806416040571434 vs. 2.0806416040571434
list:
dist: 3.7327303878864866 vs. 3.7327303878864866
list:
dist: 2.3806935138133327 vs. 2.3806935138133327
list:
dist: 2.4285505146482094 vs. 2.4285505146482094
list:
dist: 2.9871847549027377 vs. 2.9871847549027377
list:
dist: 3.7836494052669183 vs. 3.7836494052669183
list:
dist: 2.086875026916107 vs. 2.086875026916107
list:
dist: 2.5431862958467715 vs. 2.5431862958467715
list:
dist: 1.8183716780654509 vs. 1.8183716780654509
list:
dist: 1.7295778417250782 vs. 1.7295778417250782
list:
dist: 1.5770418111514386 vs. 1.5770418111514386
list:
dist: 1.6072348468842528 vs. 1.6072348468842528
list:
dist: 2.287494119749083 vs. 2.287494119749083
list:
dist: 3.719274462437395 vs. 3.719274462437395
list:
dist: 2.420312383965732 vs. 2.420312383965732
list:
dist: 2.6426614141208113 vs. 2.6426614141208113
list:
dist: 2.7456243979431836 vs. 2.7456243979431836
list:
dist: 2.245079573527267 vs. 2.245079573527267
list:
dist: 2.9918278698807477 vs. 2.9918278698807477
list:
dist: 1.6281637499647912 vs. 1.6281637499647912
list:
dist: 3.0725704619788585 vs. 3.0725704619788585
list:
dist: 2.2276582877310416 vs. 2.2276582877310416
list:
dist: 2.3355826088603377 vs. 2.3355826088603377
list:
dist: 2.2779561007928377 vs. 2.2779561007928377
list:
dist: 1.6982883931153545 vs. 1.6982883931153545
list:
dist: 2.036170980067859 vs. 2.036170980067859
list:
dist: 1.6805941623297436 vs. 1.6805941623297436
list:
dist: 2.5828004777419205 vs. 2.5828004777419205
list:
dist: 1.5986947232957014 vs. 1.5986947232957014
list:
dist: 1.5448260418163706 vs. 1.5448260418163706
list:
dist: 1.803907724248945 vs. 1.803907724248945
list:
dist: 1.727347124180538 vs. 1.727347124180538
list:
dist: 1.4354479606858659 vs. 1.4354479606858659
list:
dist: 1.6069791884382252 vs. 1.6069791884382252
list:
dist: 1.1373189077731696 vs. 1.1373189077731696
list:
dist: 2.510386639079474 vs. 2.510386639079474
list:
dist: 1.6540592445784763 vs. 1.6540592445784763
list:
dist: 1.740103401774885 vs. 1.740103401774885
list:
dist: 2.5030931905060494 vs. 2.5030931905060494
list:
dist: 1.0807930742952414 vs. 1.0807930742952414
list:
dist: 2.763473590680935 vs. 2.763473590680935
list:
dist: 1.4678550662936953 vs. 1.4678550662936953
list:
dist: 2.3806935138133327 vs. 2.3806935138133327
list:
dist: 2.887296048294911 vs. 2.887296048294911
list:
dist: 1.524975376802365 vs. 1.524975376802365
list:
dist: 1.7580207755803194 vs. 1.7580207755803194
list:
dist: 2.775477375859035 vs. 2.775477375859035
list:
dist: 2.5572713944888443 vs. 2.5572713944888443
list:
dist: 1.2399131755896868 vs. 1.2399131755896868
list:
dist: 1.4893952052471005 vs. 1.4893952052471005
list:
dist: 0.6983072319671191 vs. 0.6983072319671191
list:
dist: 2.6246357224197703 vs. 2.6246357224197703
list:
dist: 3.7836494052669183 vs. 3.7836494052669183
list:
dist: 3.3383910125052276 vs. 3.3383910125052276
list:
dist: 2.992608515494183 vs. 2.992608515494183
list:
dist: 3.236509120328827 vs. 3.236509120328827
list:
dist: 2.9197677727024214 vs. 2.9197677727024214
list:
dist: 2.0409611182011425 vs. 2.0409611182011425
list:
dist: 1.5440866629755303 vs. 1.5440866629755303
list:
dist: 1.3518871098654932 vs. 1.3518871098654932
list:
dist: 1.8839251420373857 vs. 1.8839251420373857
list:
dist: 2.4799410125296704 vs. 2.4799410125296704
list:
dist: 1.9088651208168979 vs. 1.9088651208168979
list:
dist: 1.4243585578814302 vs. 1.4243585578814302
list:
dist: 2.9036773287605224 vs. 2.9036773287605224
list:
dist: 2.9232806162068266 vs. 2.9232806162068266
list:
dist: 2.7567701649289718 vs. 2.7567701649289718
list:
dist: 1.7023887316204147 vs. 1.7023887316204147
list:
dist: 0.8690425986707833 vs. 0.8690425986707833
list:
dist: 1.1503784503277685 vs. 1.1503784503277685
list:
dist: 1.2292094829035474 vs. 1.2292094829035474
list:
dist: 1.0655087329881305 vs. 1.0655087329881305
list:
dist: 1.7802117124173007 vs. 1.7802117124173007
list:
dist: 2.225526899393507 vs. 2.225526899393507
list:
dist: 1.8723641537575664 vs. 1.8723641537575664
list:
dist: 2.963052428407316 vs. 2.963052428407316
list:
dist: 1.7580207755803194 vs. 1.7580207755803194
list:
dist: 1.9723665487301756 vs. 1.9723665487301756
list:
dist: 2.2583541791380104 vs. 2.2583541791380104
list:
dist: 3.236509120328827 vs. 3.236509120328827
list:
dist: 3.96782555488521 vs. 3.96782555488521
list:
dist: 2.5135302092187697 vs. 2.5135302092187697
list:
dist: 3.7327303878864866 vs. 3.7327303878864866
list:
dist: 4.093363819792026 vs. 4.093363819792026
list:
dist: 2.1256292282710008 vs. 2.1256292282710008
list:
dist: 2.963052428407316 vs. 2.963052428407316
list:
dist: 3.8026972866298565 vs. 3.8026972866298565
list:
dist: 3.3223561126097216 vs. 3.3223561126097216
list:
dist: 2.5958992076630185 vs. 2.5958992076630185
list:
dist: 1.4893952052471005 vs. 1.4893952052471005
list:
dist: 1.8762660784303447 vs. 1.8762660784303447
list:
dist: 2.776642401285306 vs. 2.776642401285306
list:
dist: 3.3741573549665027 vs. 3.3741573549665027
list:
dist: 2.9871847549027377 vs. 2.9871847549027377
list:
dist: 2.7845968035984505 vs. 2.7845968035984505
list:
dist: 1.7985550697633421 vs. 1.7985550697633421
list:
dist: 2.2583541791380104 vs. 2.2583541791380104
list:
dist: 2.3480395003748806 vs. 2.3480395003748806
list:
dist: 1.8240226506338078 vs. 1.8240226506338078
list:
dist: 0.9583752503848025 vs. 0.9583752503848025
list:
dist: 3.1701805961294007 vs. 3.1701805961294007
list:
dist: 2.776642401285306 vs. 2.776642401285306
list:
dist: 2.6246357224197703 vs. 2.6246357224197703
list:
dist: 3.2528838314704887 vs. 3.2528838314704887
list:
dist: 1.3518871098654932 vs. 1.3518871098654932
list:
dist: 4.0884882528276725 vs. 4.0884882528276725
list:
dist: 4.856781103767878 vs. 4.856781103767878
list:
dist: 3.155145951741071 vs. 3.155145951741071
list:
dist: 2.415627126884575 vs. 2.415627126884575
list:
dist: 3.081805384119627 vs. 3.081805384119627
list:
dist: 2.205602899979379 vs. 2.205602899979379
list:
dist: 3.055720201888038 vs. 3.055720201888038
list:
dist: 2.5115125523432518 vs. 2.5115125523432518
list:
dist: 2.607982392454201 vs. 2.607982392454201
list:
dist: 2.7567701649289718 vs. 2.7567701649289718
list:
dist: 1.936080407864742 vs. 1.936080407864742
list:
dist: 1.5649456304964016 vs. 1.5649456304964016
list:
dist: 2.0077113357802894 vs. 2.0077113357802894
list:
dist: 1.1373189077731696 vs. 1.1373189077731696
list:
dist: 1.7338099709888704 vs. 1.7338099709888704
list:
dist: 1.3914473597956665 vs. 1.3914473597956665
list:
dist: 3.611823475569023 vs. 3.611823475569023
list:
dist: 2.713172526334336 vs. 2.713172526334336
list:
dist: 2.6715260581830846 vs. 2.6715260581830846
list:
dist: 3.612268954438772 vs. 3.612268954438772
list:
dist: 2.168176219400827 vs. 2.168176219400827
list:
dist: 3.488211742738872 vs. 3.488211742738872
list:
dist: 4.856781103767878 vs. 4.856781103767878
list:
dist: 2.510386639079474 vs. 2.510386639079474
list:
dist: 2.894652554729484 vs. 2.894652554729484
list:
dist: 3.871027649794886 vs. 3.871027649794886
list:
dist: 3.611823475569023 vs. 3.611823475569023
list:
dist: 0.9431525895227342 vs. 0.9431525895227342
list:
dist: 1.6296215345562075 vs. 1.6296215345562075
list:
dist: 1.0320977725464473 vs. 1.0320977725464473
list:
dist: 1.8496577457070498 vs. 1.8496577457070498
list:
dist: 1.7133616472489686 vs. 1.7133616472489686
list:
dist: 1.4824467747747887 vs. 1.4824467747747887
list:
dist: 1.6344603403715332 vs. 1.6344603403715332
list:
dist: 2.1185621823319853 vs. 2.1185621823319853
list:
dist: 2.474555843808185 vs. 2.474555843808185
list:
dist: 1.8839251420373857 vs. 1.8839251420373857
list:
dist: 2.2399128729790907 vs. 2.2399128729790907
list:
dist: 2.5258684580922015 vs. 2.5258684580922015
list:
dist: 2.0306924354696942 vs. 2.0306924354696942
list:
dist: 2.0806416040571434 vs. 2.0806416040571434
list:
dist: 2.7145050287165007 vs. 2.7145050287165007
list:
dist: 2.3699075821207463 vs. 2.3699075821207463
list:
dist: 1.8723641537575664 vs. 1.8723641537575664
list:
dist: 2.8862887961691577 vs. 2.8862887961691577
list:
dist: 2.465402470258423 vs. 2.465402470258423
list:
dist: 2.5958992076630185 vs. 2.5958992076630185
list:
dist: 1.2399131755896868 vs. 1.2399131755896868
list:
dist: 1.322961018056783 vs. 1.322961018056783
list:
dist: 3.1701805961294007 vs. 3.1701805961294007
list:
dist: 2.6064124061729297 vs. 2.6064124061729297
list:
dist: 2.240790629679022 vs. 2.240790629679022
list:
dist: 3.2786840410053655 vs. 3.2786840410053655
list:
dist: 1.9037847010586666 vs. 1.9037847010586666
list:
dist: 1.5649456304964016 vs. 1.5649456304964016
list:
dist: 2.1185358741005866 vs. 2.1185358741005866
list:
dist: 1.5232047827423592 vs. 1.5232047827423592
list:
dist: 2.004516703422776 vs. 2.004516703422776
list:
dist: 1.7802117124173007 vs. 1.7802117124173007
list:
dist: 0.9980060857676889 vs. 0.9980060857676889
list:
dist: 1.3578186284468952 vs. 1.3578186284468952
list:
dist: 1.8240226506338078 vs. 1.8240226506338078
list:
dist: 2.0409611182011425 vs. 2.0409611182011425
list:
dist: 2.2399128729790907 vs. 2.2399128729790907
list:
dist: 2.5737472982093346 vs. 2.5737472982093346
list:
dist: 1.6796287642029106 vs. 1.6796287642029106
list:
dist: 1.3559128886581804 vs. 1.3559128886581804
list:
dist: 2.491037062319504 vs. 2.491037062319504
list:
dist: 1.9060808765585513 vs. 1.9060808765585513
list:
dist: 1.936080407864742 vs. 1.936080407864742
list:
dist: 2.529212388898415 vs. 2.529212388898415
list:
dist: 1.1905338738049163 vs. 1.1905338738049163
list:
dist: 0.6644995519661656 vs. 0.6644995519661656
list:
dist: 1.7703237772271065 vs. 1.7703237772271065
list:
dist: 1.0655087329881305 vs. 1.0655087329881305
list:
dist: 0.9980060857676889 vs. 0.9980060857676889
list:
dist: 2.0122328502170177 vs. 2.0122328502170177
list:
dist: 2.8862887961691577 vs. 2.8862887961691577
list:
dist: 3.8026972866298565 vs. 3.8026972866298565
list:
dist: 2.775477375859035 vs. 2.775477375859035
list:
dist: 3.0038829974616776 vs. 3.0038829974616776
list:
dist: 2.3480395003748806 vs. 2.3480395003748806
list:
dist: 2.9197677727024214 vs. 2.9197677727024214
list:
dist: 2.1407941945567597 vs. 2.1407941945567597
list:
dist: 1.0738057879884715 vs. 1.0738057879884715
list:
dist: 2.4285505146482094 vs. 2.4285505146482094
list:
dist: 3.0471291837681953 vs. 3.0471291837681953
list:
dist: 1.8845180762577478 vs. 1.8845180762577478
list:
dist: 1.9723665487301756 vs. 1.9723665487301756
list:
dist: 3.0038829974616776 vs. 3.0038829974616776
list:
dist: 1.9371645400872124 vs. 1.9371645400872124
list:
dist: 1.322961018056783 vs. 1.322961018056783
list:
dist: 1.8762660784303447 vs. 1.8762660784303447
list:
dist: 0.6983072319671191 vs. 0.6983072319671191
list:
dist: 3.2528838314704887 vs. 3.2528838314704887
list:
dist: 1.7740065870651827 vs. 1.7740065870651827
list:
dist: 2.3967760655843335 vs. 2.3967760655843335
list:
dist: 2.465402470258423 vs. 2.465402470258423
list:
dist: 3.3223561126097216 vs. 3.3223561126097216
list:
dist: 2.5572713944888443 vs. 2.5572713944888443
list:
dist: 1.9371645400872124 vs. 1.9371645400872124
list:
dist: 3.24346339818373 vs. 3.24346339818373
list:
dist: 2.829426193972308 vs. 2.829426193972308
list:
dist: 1.7735837641346746 vs. 1.7735837641346746
list:
dist: 3.1742522110223366 vs. 3.1742522110223366
list:
dist: 1.0157212637925206 vs. 1.0157212637925206
list:
dist: 1.8085430491683498 vs. 1.8085430491683498
list:
dist: 1.2871796453103264 vs. 1.2871796453103264
list:
dist: 0.8412028067558338 vs. 0.8412028067558338
list:
dist: 0.6106863217545241 vs. 0.6106863217545241
list:
dist: 1.8387672096455743 vs. 1.8387672096455743
list:
dist: 2.8134927213779557 vs. 2.8134927213779557
list:
dist: 1.3859428838317258 vs. 1.3859428838317258
list:
dist: 1.1328771944536566 vs. 1.1328771944536566
list:
dist: 1.7067901690120286 vs. 1.7067901690120286
list:
dist: 1.096756473292996 vs. 1.096756473292996
list:
dist: 1.667792064835299 vs. 1.667792064835299
list:
dist: 1.6860272455405383 vs. 1.6860272455405383
list:
dist: 2.8814401065464623 vs. 2.8814401065464623
list:
dist: 2.5290930003051835 vs. 2.5290930003051835
list:
dist: 2.0874695317912617 vs. 2.0874695317912617
list:
dist: 2.0663700883293927 vs. 2.0663700883293927
list:
dist: 1.8360636497474851 vs. 1.8360636497474851
list:
dist: 1.0623670991990954 vs. 1.0623670991990954
list:
dist: 0.4237886110689499 vs. 0.4237886110689499
list:
dist: 1.065910845115468 vs. 1.065910845115468
list:
dist: 1.3198994818916758 vs. 1.3198994818916758
list:
dist: 1.6072348468842528 vs. 1.6072348468842528
list:
dist: 1.218615310383214 vs. 1.218615310383214
list:
dist: 2.42134288271354 vs. 2.42134288271354
list:
dist: 1.4399642025086818 vs. 1.4399642025086818
list:
dist: 2.1185621823319853 vs. 2.1185621823319853
list:
dist: 2.281621694248545 vs. 2.281621694248545
list:
dist: 1.1898973831778237 vs. 1.1898973831778237
list:
dist: 1.4331975254647866 vs. 1.4331975254647866
list:
dist: 2.33226033375121 vs. 2.33226033375121
list:
dist: 1.8933668621437103 vs. 1.8933668621437103
list:
dist: 2.5115125523432518 vs. 2.5115125523432518
list:
dist: 2.628241516927825 vs. 2.628241516927825
list:
dist: 0.7780346580454761 vs. 0.7780346580454761
list:
dist: 2.2014002962839547 vs. 2.2014002962839547
list:
dist: 1.1503784503277685 vs. 1.1503784503277685
list:
dist: 0.6644995519661656 vs. 0.6644995519661656
list:
dist: 1.5232047827423592 vs. 1.5232047827423592
list:
dist: 2.6023999426745728 vs. 2.6023999426745728
list:
dist: 2.7145050287165007 vs. 2.7145050287165007
list:
dist: 4.093363819792026 vs. 4.093363819792026
list:
dist: 2.887296048294911 vs. 2.887296048294911
list:
dist: 3.0471291837681953 vs. 3.0471291837681953
list:
dist: 2.7845968035984505 vs. 2.7845968035984505
list:
dist: 3.3383910125052276 vs. 3.3383910125052276
list:
dist: 1.7133616472489686 vs. 1.7133616472489686
list:
dist: 2.0968168668158254 vs. 2.0968168668158254
list:
dist: 1.8290293427832436 vs. 1.8290293427832436
list:
dist: 1.7740065870651827 vs. 1.7740065870651827
list:
dist: 2.5258684580922015 vs. 2.5258684580922015
list:
dist: 3.96782555488521 vs. 3.96782555488521
list:
dist: 2.763473590680935 vs. 2.763473590680935
list:
dist: 2.1407941945567597 vs. 2.1407941945567597
list:
dist: 2.474555843808185 vs. 2.474555843808185
list:
dist: 3.2811047009140313 vs. 3.2811047009140313
list:
dist: 2.9763408016729738 vs. 2.9763408016729738
list:
dist: 1.990380762725613 vs. 1.990380762725613
list:
dist: 3.6014902808021203 vs. 3.6014902808021203
list:
dist: 3.611644792081879 vs. 3.611644792081879
list:
dist: 2.607982392454201 vs. 2.607982392454201
list:
dist: 1.6544749497231355 vs. 1.6544749497231355
list:
dist: 2.0727148213341535 vs. 2.0727148213341535
list:
dist: 2.2014002962839547 vs. 2.2014002962839547
list:
dist: 1.2292094829035474 vs. 1.2292094829035474
list:
dist: 1.7703237772271065 vs. 1.7703237772271065
list:
dist: 2.004516703422776 vs. 2.004516703422776
list:
dist: 1.6446304658154491 vs. 1.6446304658154491
list:
dist: 2.3699075821207463 vs. 2.3699075821207463
list:
dist: 2.1256292282710008 vs. 2.1256292282710008
list:
dist: 1.524975376802365 vs. 1.524975376802365
list:
dist: 1.8845180762577478 vs. 1.8845180762577478
list:
dist: 1.7985550697633421 vs. 1.7985550697633421
list:
dist: 2.992608515494183 vs. 2.992608515494183
list:
dist: 1.6540592445784763 vs. 1.6540592445784763
list:
dist: 2.0296981874169955 vs. 2.0296981874169955
list:
dist: 3.1477574047363084 vs. 3.1477574047363084
list:
dist: 2.713172526334336 vs. 2.713172526334336
list:
dist: 0.9431525895227342 vs. 0.9431525895227342
list:
dist: 1.3142272786724138 vs. 1.3142272786724138
list:
dist: 1.4808438866453566 vs. 1.4808438866453566
list:
dist: 1.300539283618387 vs. 1.300539283618387
list:
dist: 2.0968168668158254 vs. 2.0968168668158254
list:
dist: 2.4097885768285985 vs. 2.4097885768285985
list:
dist: 1.9214381578660167 vs. 1.9214381578660167
list:
dist: 2.281621694248545 vs. 2.281621694248545
list:
dist: 3.2811047009140313 vs. 3.2811047009140313
list:
dist: 2.4799410125296704 vs. 2.4799410125296704
list:
dist: 2.5737472982093346 vs. 2.5737472982093346
list:
dist: 2.3869736727629087 vs. 2.3869736727629087
list:
dist: 2.361684191590809 vs. 2.361684191590809
list:
dist: 0.9156309207210434 vs. 0.9156309207210434
list:
dist: 2.721107831620116 vs. 2.721107831620116
list:
dist: 0.8915372834333601 vs. 0.8915372834333601
list:
dist: 1.0711046612343464 vs. 1.0711046612343464
list:
dist: 1.1381059963482576 vs. 1.1381059963482576
list:
dist: 0.5708007210578826 vs. 0.5708007210578826
list:
dist: 1.0157212637925206 vs. 1.0157212637925206
list:
dist: 1.5655441876196516 vs. 1.5655441876196516
list:
dist: 3.135507793712729 vs. 3.135507793712729
list:
dist: 1.7518370329109858 vs. 1.7518370329109858
list:
dist: 1.621248682281526 vs. 1.621248682281526
list:
dist: 1.4078405343381495 vs. 1.4078405343381495
list:
dist: 1.8547320342750317 vs. 1.8547320342750317
list:
dist: 1.237496736915497 vs. 1.237496736915497
list:
dist: 2.103203013227356 vs. 2.103203013227356
list:
dist: 3.4238321919250785 vs. 3.4238321919250785
list:
dist: 3.29740743055306 vs. 3.29740743055306
list:
dist: 2.915276231488398 vs. 2.915276231488398
list:
dist: 2.930310858160654 vs. 2.930310858160654
list:
dist: 2.679299002466094 vs. 2.679299002466094
list:
dist: 1.8023464661316353 vs. 1.8023464661316353
list:
dist: 1.3665750881593837 vs. 1.3665750881593837
list:
dist: 1.6408289293568423 vs. 1.6408289293568423
list:
dist: 2.3227085792113558 vs. 2.3227085792113558
list:
dist: 2.086875026916107 vs. 2.086875026916107
list:
dist: 2.1336005101351003 vs. 2.1336005101351003
list:
dist: 3.295507681842194 vs. 3.295507681842194
list:
dist: 2.356308508605273 vs. 2.356308508605273
list:
dist: 1.8768809904167614 vs. 1.8768809904167614
list:
dist: 1.273632964742226 vs. 1.273632964742226
list:
dist: 0.8018832144739099 vs. 0.8018832144739099
list:
dist: 1.9267066091366565 vs. 1.9267066091366565
list:
dist: 1.237496736915497 vs. 1.237496736915497
list:
dist: 1.2974084954516951 vs. 1.2974084954516951
list:
dist: 1.4084247060067943 vs. 1.4084247060067943
list:
dist: 1.3726300790815742 vs. 1.3726300790815742
list:
dist: 1.6319578969771278 vs. 1.6319578969771278
list:
dist: 1.667792064835299 vs. 1.667792064835299
list:
dist: 1.494238879199137 vs. 1.494238879199137
list:
dist: 2.2971461889213667 vs. 2.2971461889213667
list:
dist: 1.3378833177842575 vs. 1.3378833177842575
list:
dist: 1.3518920852451353 vs. 1.3518920852451353
list:
dist: 0.681776862649237 vs. 0.681776862649237
list:
dist: 1.7545282617657767 vs. 1.7545282617657767
list:
dist: 2.2808053392336247 vs. 2.2808053392336247
list:
dist: 3.0900591378132756 vs. 3.0900591378132756
list:
dist: 3.42317128310468 vs. 3.42317128310468
list:
dist: 2.890766579179672 vs. 2.890766579179672
list:
dist: 2.960431791000112 vs. 2.960431791000112
list:
dist: 2.9360649012390585 vs. 2.9360649012390585
list:
dist: 2.4815534854593455 vs. 2.4815534854593455
list:
dist: 1.9903273400687804 vs. 1.9903273400687804
list:
dist: 1.7773163359147566 vs. 1.7773163359147566
list:
dist: 2.834729129201006 vs. 2.834729129201006
list:
dist: 2.9918278698807477 vs. 2.9918278698807477
list:
dist: 2.4461653166460953 vs. 2.4461653166460953
list:
dist: 3.718237617564134 vs. 3.718237617564134
list:
dist: 2.593547537814147 vs. 2.593547537814147
list:
dist: 2.1090116438899433 vs. 2.1090116438899433
list:
dist: 3.3297944145254355 vs. 3.3297944145254355
list:
dist: 1.3665750881593837 vs. 1.3665750881593837
list:
dist: 2.204741579315151 vs. 2.204741579315151
list:
dist: 1.70084669482647 vs. 1.70084669482647
list:
dist: 1.2114091954553254 vs. 1.2114091954553254
list:
dist: 0.9392050003613297 vs. 0.9392050003613297
list:
dist: 0.4237886110689499 vs. 0.4237886110689499
list:
dist: 2.245370969785407 vs. 2.245370969785407
list:
dist: 2.9819006557783396 vs. 2.9819006557783396
list:
dist: 1.6290171478510564 vs. 1.6290171478510564
list:
dist: 1.181228683433225 vs. 1.181228683433225
list:
dist: 2.0798832838560806 vs. 2.0798832838560806
list:
dist: 1.132360374563015 vs. 1.132360374563015
list:
dist: 1.9903273400687804 vs. 1.9903273400687804
list:
dist: 1.9360593387439202 vs. 1.9360593387439202
list:
dist: 3.0181264212041863 vs. 3.0181264212041863
list:
dist: 2.5494233394075967 vs. 2.5494233394075967
list:
dist: 2.073309313281183 vs. 2.073309313281183
list:
dist: 2.0227246612506056 vs. 2.0227246612506056
list:
dist: 1.82340820084813 vs. 1.82340820084813
list:
dist: 0.6780874549395361 vs. 0.6780874549395361
list:
dist: 0.910284725529429 vs. 0.910284725529429
list:
dist: 1.046376491822478 vs. 1.046376491822478
list:
dist: 1.6805941623297436 vs. 1.6805941623297436
list:
dist: 1.1814336701253407 vs. 1.1814336701253407
list:
dist: 2.32574736213198 vs. 2.32574736213198
list:
dist: 1.3811413045566494 vs. 1.3811413045566494
list:
dist: 1.933842419587179 vs. 1.933842419587179
list:
dist: 1.7234977366222133 vs. 1.7234977366222133
list:
dist: 2.25076443885056 vs. 2.25076443885056
list:
dist: 2.361684191590809 vs. 2.361684191590809
list:
dist: 1.9721031378995943 vs. 1.9721031378995943
list:
dist: 2.1159777596720617 vs. 2.1159777596720617
list:
dist: 2.2673766398704553 vs. 2.2673766398704553
list:
dist: 2.7702162087049147 vs. 2.7702162087049147
list:
dist: 2.829426193972308 vs. 2.829426193972308
list:
dist: 1.7912676766346132 vs. 1.7912676766346132
list:
dist: 2.2090992629384125 vs. 2.2090992629384125
list:
dist: 1.9919429169165794 vs. 1.9919429169165794
list:
dist: 2.407188751787463 vs. 2.407188751787463
list:
dist: 1.1824792323034707 vs. 1.1824792323034707
list:
dist: 2.6624628822231653 vs. 2.6624628822231653
list:
dist: 1.273632964742226 vs. 1.273632964742226
list:
dist: 2.8075328738665326 vs. 2.8075328738665326
list:
dist: 3.22171375985326 vs. 3.22171375985326
list:
dist: 3.9522765705730563 vs. 3.9522765705730563
list:
dist: 3.501500474972875 vs. 3.501500474972875
list:
dist: 3.618030941030698 vs. 3.618030941030698
list:
dist: 3.663770492917238 vs. 3.663770492917238
list:
dist: 1.4824467747747887 vs. 1.4824467747747887
list:
dist: 2.4097885768285985 vs. 2.4097885768285985
list:
dist: 2.74806781016024 vs. 2.74806781016024
list:
dist: 1.8148612201801957 vs. 1.8148612201801957
list:
dist: 3.22072014230838 vs. 3.22072014230838
list:
dist: 1.8290293427832436 vs. 1.8290293427832436
list:
dist: 2.070675013816626 vs. 2.070675013816626
list:
dist: 2.628241516927825 vs. 2.628241516927825
list:
dist: 1.6544749497231355 vs. 1.6544749497231355
list:
dist: 1.7023887316204147 vs. 1.7023887316204147
list:
dist: 2.529212388898415 vs. 2.529212388898415
list:
dist: 2.3967760655843335 vs. 2.3967760655843335
list:
dist: 2.0306924354696942 vs. 2.0306924354696942
list:
dist: 2.5135302092187697 vs. 2.5135302092187697
list:
dist: 1.4678550662936953 vs. 1.4678550662936953
list:
dist: 1.0738057879884715 vs. 1.0738057879884715
list:
dist: 3.3741573549665027 vs. 3.3741573549665027
list:
dist: 3.678452367249229 vs. 3.678452367249229
list:
dist: 2.9276947443129817 vs. 2.9276947443129817
list:
dist: 4.267306007863335 vs. 4.267306007863335
list:
dist: 3.2225720016657764 vs. 3.2225720016657764
list:
dist: 2.0077113357802894 vs. 2.0077113357802894
list:
dist: 2.930220763677883 vs. 2.930220763677883
list:
dist: 2.6023999426745728 vs. 2.6023999426745728
list:
dist: 1.6446304658154491 vs. 1.6446304658154491
list:
dist: 2.225526899393507 vs. 2.225526899393507
list:
dist: 2.0122328502170177 vs. 2.0122328502170177
list:
dist: 1.3578186284468952 vs. 1.3578186284468952
list:
dist: 0.9583752503848025 vs. 0.9583752503848025
list:
dist: 1.5440866629755303 vs. 1.5440866629755303
list:
dist: 1.9882658982392365 vs. 1.9882658982392365
list:
dist: 1.9721031378995943 vs. 1.9721031378995943
list:
dist: 0.8057121313715385 vs. 0.8057121313715385
list:
dist: 2.7993155226810926 vs. 2.7993155226810926
list:
dist: 0.8915372834333601 vs. 0.8915372834333601
list:
dist: 1.0920699725562173 vs. 1.0920699725562173
list:
dist: 1.5392048966935448 vs. 1.5392048966935448
list:
dist: 1.3503902728490735 vs. 1.3503902728490735
list:
dist: 1.8085430491683498 vs. 1.8085430491683498
list:
dist: 1.28104722289556 vs. 1.28104722289556
list:
dist: 3.265201966801367 vs. 3.265201966801367
list:
dist: 2.066390181432532 vs. 2.066390181432532
list:
dist: 2.252111000426983 vs. 2.252111000426983
list:
dist: 1.30031907099913 vs. 1.30031907099913
list:
dist: 2.4496188771523295 vs. 2.4496188771523295
list:
dist: 1.2974084954516951 vs. 1.2974084954516951
list:
dist: 2.2957479041879196 vs. 2.2957479041879196
list:
dist: 3.598329422969445 vs. 3.598329422969445
list:
dist: 3.6762635567146567 vs. 3.6762635567146567
list:
dist: 3.385280766389315 vs. 3.385280766389315
list:
dist: 3.43398606154175 vs. 3.43398606154175
list:
dist: 3.1721053149534977 vs. 3.1721053149534977
list:
dist: 2.689087309182934 vs. 2.689087309182934
list:
dist: 2.204741579315151 vs. 2.204741579315151
list:
dist: 2.4418449425365774 vs. 2.4418449425365774
list:
dist: 3.0730565467678104 vs. 3.0730565467678104
list:
dist: 2.5431862958467715 vs. 2.5431862958467715
list:
dist: 2.733396839602059 vs. 2.733396839602059
list:
dist: 3.822095900812981 vs. 3.822095900812981
list:
dist: 2.942295722737823 vs. 2.942295722737823
list:
dist: 1.4992847690785696 vs. 1.4992847690785696
list:
dist: 1.7234977366222133 vs. 1.7234977366222133
list:
dist: 2.013817019940603 vs. 2.013817019940603
list:
dist: 0.9156309207210434 vs. 0.9156309207210434
list:
dist: 0.8057121313715385 vs. 0.8057121313715385
list:
dist: 1.498180815491789 vs. 1.498180815491789
list:
dist: 1.6657565813598034 vs. 1.6657565813598034
list:
dist: 1.4741964226084563 vs. 1.4741964226084563
list:
dist: 1.7735837641346746 vs. 1.7735837641346746
list:
dist: 1.7003062642736477 vs. 1.7003062642736477
list:
dist: 3.077539709230081 vs. 3.077539709230081
list:
dist: 1.9673813379900797 vs. 1.9673813379900797
list:
dist: 1.8574370496826538 vs. 1.8574370496826538
list:
dist: 1.2247928840596491 vs. 1.2247928840596491
list:
dist: 2.275964244971366 vs. 2.275964244971366
list:
dist: 0.8018832144739099 vs. 0.8018832144739099
list:
dist: 4.108690111302291 vs. 4.108690111302291
list:
dist: 2.5125196763515154 vs. 2.5125196763515154
list:
dist: 2.1090116438899433 vs. 2.1090116438899433
list:
dist: 2.0342342203902586 vs. 2.0342342203902586
list:
dist: 3.080823636510366 vs. 3.080823636510366
list:
dist: 2.3230850241183534 vs. 2.3230850241183534
list:
dist: 1.1824792323034707 vs. 1.1824792323034707
list:
dist: 1.2247928840596491 vs. 1.2247928840596491
list:
dist: 2.55064905536512 vs. 2.55064905536512
list:
dist: 1.4078405343381495 vs. 1.4078405343381495
list:
dist: 1.30031907099913 vs. 1.30031907099913
list:
dist: 1.0146456003341673 vs. 1.0146456003341673
list:
dist: 1.0869787528694896 vs. 1.0869787528694896
list:
dist: 1.6835252074008915 vs. 1.6835252074008915
list:
dist: 1.7067901690120286 vs. 1.7067901690120286
list:
dist: 0.899408810925686 vs. 0.899408810925686
list:
dist: 1.9769664246861145 vs. 1.9769664246861145
list:
dist: 1.0241041669680713 vs. 1.0241041669680713
list:
dist: 1.5579517594634074 vs. 1.5579517594634074
list:
dist: 1.6718465983695163 vs. 1.6718465983695163
list:
dist: 0.681776862649237 vs. 0.681776862649237
list:
dist: 1.7620111625028199 vs. 1.7620111625028199
list:
dist: 2.5716785692198747 vs. 2.5716785692198747
list:
dist: 2.9857925732544888 vs. 2.9857925732544888
list:
dist: 2.556952008965121 vs. 2.556952008965121
list:
dist: 2.6489785859969777 vs. 2.6489785859969777
list:
dist: 2.5931545355931527 vs. 2.5931545355931527
list:
dist: 2.6847521795109675 vs. 2.6847521795109675
list:
dist: 2.0798832838560806 vs. 2.0798832838560806
list:
dist: 2.090102860863703 vs. 2.090102860863703
list:
dist: 2.7570551142095234 vs. 2.7570551142095234
list:
dist: 2.7456243979431836 vs. 2.7456243979431836
list:
dist: 2.218783313277169 vs. 2.218783313277169
list:
dist: 3.390745189607286 vs. 3.390745189607286
list:
dist: 2.351336373486801 vs. 2.351336373486801
list:
dist: 1.933842419587179 vs. 1.933842419587179
list:
dist: 1.4992847690785696 vs. 1.4992847690785696
list:
dist: 1.5901788451040868 vs. 1.5901788451040868
list:
dist: 2.3869736727629087 vs. 2.3869736727629087
list:
dist: 1.9882658982392365 vs. 1.9882658982392365
list:
dist: 2.8766717834855293 vs. 2.8766717834855293
list:
dist: 3.1032846366466442 vs. 3.1032846366466442
list:
dist: 2.9536539464362597 vs. 2.9536539464362597
list:
dist: 3.24346339818373 vs. 3.24346339818373
list:
dist: 2.8676236548935483 vs. 2.8676236548935483
list:
dist: 3.908589963681831 vs. 3.908589963681831
list:
dist: 3.206116886973263 vs. 3.206116886973263
list:
dist: 3.059905632393281 vs. 3.059905632393281
list:
dist: 2.3230850241183534 vs. 2.3230850241183534
list:
dist: 3.594060047287141 vs. 3.594060047287141
list:
dist: 1.8768809904167614 vs. 1.8768809904167614
list:
dist: 3.059905632393281 vs. 3.059905632393281
list:
dist: 2.407188751787463 vs. 2.407188751787463
list:
dist: 1.8574370496826538 vs. 1.8574370496826538
list:
dist: 2.518679121575303 vs. 2.518679121575303
list:
dist: 1.621248682281526 vs. 1.621248682281526
list:
dist: 2.252111000426983 vs. 2.252111000426983
list:
dist: 1.8263358396732818 vs. 1.8263358396732818
list:
dist: 1.2860664939312605 vs. 1.2860664939312605
list:
dist: 1.5800900545754137 vs. 1.5800900545754137
list:
dist: 1.1328771944536566 vs. 1.1328771944536566
list:
dist: 2.141239568850202 vs. 2.141239568850202
list:
dist: 2.104085135196973 vs. 2.104085135196973
list:
dist: 1.0522661445952575 vs. 1.0522661445952575
list:
dist: 1.5579517594634074 vs. 1.5579517594634074
list:
dist: 0.7277011725591364 vs. 0.7277011725591364
list:
dist: 1.3518920852451353 vs. 1.3518920852451353
list:
dist: 2.1124052278697416 vs. 2.1124052278697416
list:
dist: 2.700045901930338 vs. 2.700045901930338
list:
dist: 2.743624547235109 vs. 2.743624547235109
list:
dist: 2.0400277587344733 vs. 2.0400277587344733
list:
dist: 2.0603078521029894 vs. 2.0603078521029894
list:
dist: 2.164978838474848 vs. 2.164978838474848
list:
dist: 1.5750714140502775 vs. 1.5750714140502775
list:
dist: 1.181228683433225 vs. 1.181228683433225
list:
dist: 0.7032870965049139 vs. 0.7032870965049139
list:
dist: 1.8023890816048627 vs. 1.8023890816048627
list:
dist: 2.6426614141208113 vs. 2.6426614141208113
list:
dist: 1.592152554538375 vs. 1.592152554538375
list:
dist: 2.8881703534630816 vs. 2.8881703534630816
list:
dist: 1.6877679887745893 vs. 1.6877679887745893
list:
dist: 3.908589963681831 vs. 3.908589963681831
list:
dist: 2.2090992629384125 vs. 2.2090992629384125
list:
dist: 3.077539709230081 vs. 3.077539709230081
list:
dist: 3.4837264547684152 vs. 3.4837264547684152
list:
dist: 3.135507793712729 vs. 3.135507793712729
list:
dist: 3.265201966801367 vs. 3.265201966801367
list:
dist: 2.5830092353006333 vs. 2.5830092353006333
list:
dist: 2.2634782485353147 vs. 2.2634782485353147
list:
dist: 3.167002024814124 vs. 3.167002024814124
list:
dist: 2.8134927213779557 vs. 2.8134927213779557
list:
dist: 2.3784332624864115 vs. 2.3784332624864115
list:
dist: 1.4598010827895413 vs. 1.4598010827895413
list:
dist: 2.104085135196973 vs. 2.104085135196973
list:
dist: 1.9769664246861145 vs. 1.9769664246861145
list:
dist: 1.8888094233332047 vs. 1.8888094233332047
list:
dist: 2.2971461889213667 vs. 2.2971461889213667
list:
dist: 2.268405314579155 vs. 2.268405314579155
list:
dist: 1.5467116025580419 vs. 1.5467116025580419
list:
dist: 2.562865059906156 vs. 2.562865059906156
list:
dist: 2.0198379318015345 vs. 2.0198379318015345
list:
dist: 2.1670213058605037 vs. 2.1670213058605037
list:
dist: 2.5368173367220725 vs. 2.5368173367220725
list:
dist: 3.521198495113343 vs. 3.521198495113343
list:
dist: 2.9819006557783396 vs. 2.9819006557783396
list:
dist: 2.786300265508309 vs. 2.786300265508309
list:
dist: 3.0949441360797274 vs. 3.0949441360797274
list:
dist: 3.719274462437395 vs. 3.719274462437395
list:
dist: 2.4681643585264443 vs. 2.4681643585264443
list:
dist: 3.3123740591708173 vs. 3.3123740591708173
list:
dist: 2.400778899281475 vs. 2.400778899281475
list:
dist: 3.206116886973263 vs. 3.206116886973263
list:
dist: 1.9919429169165794 vs. 1.9919429169165794
list:
dist: 1.9673813379900797 vs. 1.9673813379900797
list:
dist: 3.0276323089384447 vs. 3.0276323089384447
list:
dist: 1.7518370329109858 vs. 1.7518370329109858
list:
dist: 2.066390181432532 vs. 2.066390181432532
list:
dist: 1.2892771252389856 vs. 1.2892771252389856
list:
dist: 0.8301212395589426 vs. 0.8301212395589426
list:
dist: 1.712200405762222 vs. 1.712200405762222
list:
dist: 1.3859428838317258 vs. 1.3859428838317258
list:
dist: 1.3778559089869769 vs. 1.3778559089869769
list:
dist: 1.4598010827895413 vs. 1.4598010827895413
list:
dist: 1.0522661445952575 vs. 1.0522661445952575
list:
dist: 1.0241041669680713 vs. 1.0241041669680713
list:
dist: 0.7825127664107128 vs. 0.7825127664107128
list:
dist: 1.3378833177842575 vs. 1.3378833177842575
list:
dist: 1.2940425476932413 vs. 1.2940425476932413
list:
dist: 1.837417355189741 vs. 1.837417355189741
list:
dist: 2.14040568681026 vs. 2.14040568681026
list:
dist: 1.5810969953449248 vs. 1.5810969953449248
list:
dist: 1.6719269530218577 vs. 1.6719269530218577
list:
dist: 1.7378654165972554 vs. 1.7378654165972554
list:
dist: 2.2489263990614607 vs. 2.2489263990614607
list:
dist: 1.6290171478510564 vs. 1.6290171478510564
list:
dist: 1.672116527414069 vs. 1.672116527414069
list:
dist: 1.9931300355318142 vs. 1.9931300355318142
list:
dist: 2.420312383965732 vs. 2.420312383965732
list:
dist: 1.3883215475114286 vs. 1.3883215475114286
list:
dist: 2.5687810490569674 vs. 2.5687810490569674
list:
dist: 1.457408533808225 vs. 1.457408533808225
list:
dist: 2.0342342203902586 vs. 2.0342342203902586
list:
dist: 2.667148641695272 vs. 2.667148641695272
list:
dist: 1.6408289293568423 vs. 1.6408289293568423
list:
dist: 2.4418449425365774 vs. 2.4418449425365774
list:
dist: 2.145818632055574 vs. 2.145818632055574
list:
dist: 1.6292024149473934 vs. 1.6292024149473934
list:
dist: 1.5058205991360418 vs. 1.5058205991360418
list:
dist: 1.065910845115468 vs. 1.065910845115468
list:
dist: 2.5868022431008675 vs. 2.5868022431008675
list:
dist: 2.786300265508309 vs. 2.786300265508309
list:
dist: 1.672116527414069 vs. 1.672116527414069
list:
dist: 0.7032870965049139 vs. 0.7032870965049139
list:
dist: 2.090102860863703 vs. 2.090102860863703
list:
dist: 1.1534644626592674 vs. 1.1534644626592674
list:
dist: 1.7773163359147566 vs. 1.7773163359147566
list:
dist: 2.494346103934881 vs. 2.494346103934881
list:
dist: 3.2457739514713984 vs. 3.2457739514713984
list:
dist: 3.045314683742137 vs. 3.045314683742137
list:
dist: 2.3781039761511344 vs. 2.3781039761511344
list:
dist: 2.3510686873035556 vs. 2.3510686873035556
list:
dist: 2.3774452463957734 vs. 2.3774452463957734
list:
dist: 1.0078922370331704 vs. 1.0078922370331704
list:
dist: 0.910284725529429 vs. 0.910284725529429
list:
dist: 1.6433683032888295 vs. 1.6433683032888295
list:
dist: 2.5828004777419205 vs. 2.5828004777419205
list:
dist: 1.7402489905751952 vs. 1.7402489905751952
list:
dist: 2.966152571846152 vs. 2.966152571846152
list:
dist: 1.8640447657646073 vs. 1.8640447657646073
list:
dist: 3.080823636510366 vs. 3.080823636510366
list:
dist: 4.235345340807379 vs. 4.235345340807379
list:
dist: 2.3227085792113558 vs. 2.3227085792113558
list:
dist: 3.0730565467678104 vs. 3.0730565467678104
list:
dist: 2.293795491278524 vs. 2.293795491278524
list:
dist: 1.7524488774334837 vs. 1.7524488774334837
list:
dist: 1.8218684902167936 vs. 1.8218684902167936
list:
dist: 1.3198994818916758 vs. 1.3198994818916758
list:
dist: 2.7613429440944404 vs. 2.7613429440944404
list:
dist: 3.0949441360797274 vs. 3.0949441360797274
list:
dist: 1.9931300355318142 vs. 1.9931300355318142
list:
dist: 1.8023890816048627 vs. 1.8023890816048627
list:
dist: 2.7570551142095234 vs. 2.7570551142095234
list:
dist: 1.3510996087267726 vs. 1.3510996087267726
list:
dist: 2.834729129201006 vs. 2.834729129201006
list:
dist: 1.922294759031495 vs. 1.922294759031495
list:
dist: 2.711893176047891 vs. 2.711893176047891
list:
dist: 1.8896258680011753 vs. 1.8896258680011753
list:
dist: 1.524973196539192 vs. 1.524973196539192
list:
dist: 1.4043607986440079 vs. 1.4043607986440079
list:
dist: 1.187548364079406 vs. 1.187548364079406
list:
dist: 1.2164014351674568 vs. 1.2164014351674568
list:
dist: 1.046376491822478 vs. 1.046376491822478
list:
dist: 1.6433683032888295 vs. 1.6433683032888295
list:
dist: 1.5986947232957014 vs. 1.5986947232957014
list:
dist: 0.7652387556820198 vs. 0.7652387556820198
list:
dist: 1.4354083792307093 vs. 1.4354083792307093
list:
dist: 0.8358811837051526 vs. 0.8358811837051526
list:
dist: 4.108690111302291 vs. 4.108690111302291
list:
dist: 3.663770492917238 vs. 3.663770492917238
list:
dist: 2.679299002466094 vs. 2.679299002466094
list:
dist: 3.1721053149534977 vs. 3.1721053149534977
list:
dist: 2.1360891711577223 vs. 2.1360891711577223
list:
dist: 1.6831159589047944 vs. 1.6831159589047944
list:
dist: 2.257279308337978 vs. 2.257279308337978
list:
dist: 1.8360636497474851 vs. 1.8360636497474851
list:
dist: 2.38663516809021 vs. 2.38663516809021
list:
dist: 2.5368173367220725 vs. 2.5368173367220725
list:
dist: 1.7378654165972554 vs. 1.7378654165972554
list:
dist: 2.164978838474848 vs. 2.164978838474848
list:
dist: 2.5931545355931527 vs. 2.5931545355931527
list:
dist: 1.4563872713138775 vs. 1.4563872713138775
list:
dist: 2.9360649012390585 vs. 2.9360649012390585
list:
dist: 1.1827907173303003 vs. 1.1827907173303003
list:
dist: 1.6721606643612708 vs. 1.6721606643612708
list:
dist: 0.7380711947885398 vs. 0.7380711947885398
list:
dist: 0.6851792262687677 vs. 0.6851792262687677
list:
dist: 0.6167907762057424 vs. 0.6167907762057424
list:
dist: 2.2800785521284177 vs. 2.2800785521284177
list:
dist: 1.82340820084813 vs. 1.82340820084813
list:
dist: 2.3774452463957734 vs. 2.3774452463957734
list:
dist: 1.187548364079406 vs. 1.187548364079406
list:
dist: 1.6982883931153545 vs. 1.6982883931153545
list:
dist: 0.654503447125233 vs. 0.654503447125233
list:
dist: 0.837709082705131 vs. 0.837709082705131
list:
dist: 0.523795647786019 vs. 0.523795647786019
list:
dist: 2.5125196763515154 vs. 2.5125196763515154
list:
dist: 3.5056990423357655 vs. 3.5056990423357655
list:
dist: 1.8023464661316353 vs. 1.8023464661316353
list:
dist: 2.689087309182934 vs. 2.689087309182934
list:
dist: 2.339725967692676 vs. 2.339725967692676
list:
dist: 1.884656118732898 vs. 1.884656118732898
list:
dist: 1.4110761816824964 vs. 1.4110761816824964
list:
dist: 1.0623670991990954 vs. 1.0623670991990954
list:
dist: 2.9009226929663074 vs. 2.9009226929663074
list:
dist: 3.521198495113343 vs. 3.521198495113343
list:
dist: 2.2489263990614607 vs. 2.2489263990614607
list:
dist: 1.5750714140502775 vs. 1.5750714140502775
list:
dist: 2.6847521795109675 vs. 2.6847521795109675
list:
dist: 1.6516432383863369 vs. 1.6516432383863369
list:
dist: 2.4815534854593455 vs. 2.4815534854593455
list:
dist: 2.5802025613031323 vs. 2.5802025613031323
list:
dist: 3.5892832576443765 vs. 3.5892832576443765
list:
dist: 3.013476768991636 vs. 3.013476768991636
list:
dist: 2.5287391364316374 vs. 2.5287391364316374
list:
dist: 2.4479069464611785 vs. 2.4479069464611785
list:
dist: 2.2800785521284177 vs. 2.2800785521284177
list:
dist: 0.6780874549395361 vs. 0.6780874549395361
list:
dist: 1.0078922370331704 vs. 1.0078922370331704
list:
dist: 1.2164014351674568 vs. 1.2164014351674568
list:
dist: 2.036170980067859 vs. 2.036170980067859
list:
dist: 1.6721179194317104 vs. 1.6721179194317104
list:
dist: 2.626456746988029 vs. 2.626456746988029
list:
dist: 1.8326026135232734 vs. 1.8326026135232734
list:
dist: 2.1336005101351003 vs. 2.1336005101351003
list:
dist: 2.733396839602059 vs. 2.733396839602059
list:
dist: 1.7945289569350968 vs. 1.7945289569350968
list:
dist: 1.2431701926374907 vs. 1.2431701926374907
list:
dist: 1.7071736761231586 vs. 1.7071736761231586
list:
dist: 1.218615310383214 vs. 1.218615310383214
list:
dist: 2.1581226762959265 vs. 2.1581226762959265
list:
dist: 2.4681643585264443 vs. 2.4681643585264443
list:
dist: 1.3883215475114286 vs. 1.3883215475114286
list:
dist: 1.592152554538375 vs. 1.592152554538375
list:
dist: 2.218783313277169 vs. 2.218783313277169
list:
dist: 0.9448748696628516 vs. 0.9448748696628516
list:
dist: 2.4461653166460953 vs. 2.4461653166460953
list:
dist: 1.2175266388237251 vs. 1.2175266388237251
list:
dist: 2.011454952139592 vs. 2.011454952139592
list:
dist: 1.371994232802304 vs. 1.371994232802304
list:
dist: 0.9693468742585731 vs. 0.9693468742585731
list:
dist: 0.9097906276490813 vs. 0.9097906276490813
list:
dist: 0.654503447125233 vs. 0.654503447125233
list:
dist: 1.6721179194317104 vs. 1.6721179194317104
list:
dist: 1.1814336701253407 vs. 1.1814336701253407
list:
dist: 1.7402489905751952 vs. 1.7402489905751952
list:
dist: 0.7652387556820198 vs. 0.7652387556820198
list:
dist: 1.5448260418163706 vs. 1.5448260418163706
list:
dist: 1.317668045081327 vs. 1.317668045081327
list:
dist: 0.24248897963109628 vs. 0.24248897963109628
list:
dist: 2.8075328738665326 vs. 2.8075328738665326
list:
dist: 2.103203013227356 vs. 2.103203013227356
list:
dist: 2.2957479041879196 vs. 2.2957479041879196
list:
dist: 1.2049806293011889 vs. 1.2049806293011889
list:
dist: 1.0564841170682755 vs. 1.0564841170682755
list:
dist: 1.8493156366205836 vs. 1.8493156366205836
list:
dist: 1.6860272455405383 vs. 1.6860272455405383
list:
dist: 1.289745544799771 vs. 1.289745544799771
list:
dist: 2.268405314579155 vs. 2.268405314579155
list:
dist: 1.2940425476932413 vs. 1.2940425476932413
list:
dist: 2.1124052278697416 vs. 2.1124052278697416
list:
dist: 1.7620111625028199 vs. 1.7620111625028199
list:
dist: 1.5641504804074373 vs. 1.5641504804074373
list:
dist: 2.2808053392336247 vs. 2.2808053392336247
list:
dist: 1.615716417389922 vs. 1.615716417389922
list:
dist: 1.441831607016977 vs. 1.441831607016977
list:
dist: 1.444641086222666 vs. 1.444641086222666
list:
dist: 1.513058145971346 vs. 1.513058145971346
list:
dist: 1.1827907173303003 vs. 1.1827907173303003
list:
dist: 2.5802025613031323 vs. 2.5802025613031323
list:
dist: 1.9360593387439202 vs. 1.9360593387439202
list:
dist: 2.494346103934881 vs. 2.494346103934881
list:
dist: 1.922294759031495 vs. 1.922294759031495
list:
dist: 1.6281637499647912 vs. 1.6281637499647912
list:
dist: 1.2175266388237251 vs. 1.2175266388237251
list:
dist: 1.850083301324456 vs. 1.850083301324456
list:
dist: 1.2984796359330368 vs. 1.2984796359330368
list:
dist: 3.501500474972875 vs. 3.501500474972875
list:
dist: 2.915276231488398 vs. 2.915276231488398
list:
dist: 3.385280766389315 vs. 3.385280766389315
list:
dist: 2.3681217904799636 vs. 2.3681217904799636
list:
dist: 1.8546092541735506 vs. 1.8546092541735506
list:
dist: 2.5789674260918622 vs. 2.5789674260918622
list:
dist: 2.0874695317912617 vs. 2.0874695317912617
list:
dist: 2.5208693959098856 vs. 2.5208693959098856
list:
dist: 2.0198379318015345 vs. 2.0198379318015345
list:
dist: 1.5810969953449248 vs. 1.5810969953449248
list:
dist: 2.0400277587344733 vs. 2.0400277587344733
list:
dist: 2.556952008965121 vs. 2.556952008965121
list:
dist: 1.3241745106079028 vs. 1.3241745106079028
list:
dist: 2.890766579179672 vs. 2.890766579179672
list:
dist: 1.444641086222666 vs. 1.444641086222666
list:
dist: 1.2626029541109516 vs. 1.2626029541109516
list:
dist: 0.8228583257512644 vs. 0.8228583257512644
list:
dist: 0.16640889710118068 vs. 0.16640889710118068
list:
dist: 0.6851792262687677 vs. 0.6851792262687677
list:
dist: 2.5287391364316374 vs. 2.5287391364316374
list:
dist: 2.073309313281183 vs. 2.073309313281183
list:
dist: 2.3781039761511344 vs. 2.3781039761511344
list:
dist: 1.524973196539192 vs. 1.524973196539192
list:
dist: 2.3355826088603377 vs. 2.3355826088603377
list:
dist: 0.9693468742585731 vs. 0.9693468742585731
list:
dist: 1.3280968905809636 vs. 1.3280968905809636
list:
dist: 0.7550864163418395 vs. 0.7550864163418395
list:
dist: 3.22171375985326 vs. 3.22171375985326
list:
dist: 3.4238321919250785 vs. 3.4238321919250785
list:
dist: 3.598329422969445 vs. 3.598329422969445
list:
dist: 2.5903893873340293 vs. 2.5903893873340293
list:
dist: 2.2969811286315602 vs. 2.2969811286315602
list:
dist: 3.238580579008559 vs. 3.238580579008559
list:
dist: 2.8814401065464623 vs. 2.8814401065464623
list:
dist: 2.4353189117413887 vs. 2.4353189117413887
list:
dist: 1.5467116025580419 vs. 1.5467116025580419
list:
dist: 1.837417355189741 vs. 1.837417355189741
list:
dist: 2.700045901930338 vs. 2.700045901930338
list:
dist: 2.5716785692198747 vs. 2.5716785692198747
list:
dist: 2.0937845899110896 vs. 2.0937845899110896
list:
dist: 3.0900591378132756 vs. 3.0900591378132756
list:
dist: 1.615716417389922 vs. 1.615716417389922
list:
dist: 1.3055676984316806 vs. 1.3055676984316806
list:
dist: 1.2626029541109516 vs. 1.2626029541109516
list:
dist: 1.417895999844906 vs. 1.417895999844906
list:
dist: 1.6721606643612708 vs. 1.6721606643612708
list:
dist: 3.5892832576443765 vs. 3.5892832576443765
list:
dist: 3.0181264212041863 vs. 3.0181264212041863
list:
dist: 3.2457739514713984 vs. 3.2457739514713984
list:
dist: 2.711893176047891 vs. 2.711893176047891
list:
dist: 3.0725704619788585 vs. 3.0725704619788585
list:
dist: 2.011454952139592 vs. 2.011454952139592
list:
dist: 2.2472794251373505 vs. 2.2472794251373505
list:
dist: 1.8783579097026277 vs. 1.8783579097026277
list:
dist: 1.5901788451040868 vs. 1.5901788451040868
list:
dist: 2.25076443885056 vs. 2.25076443885056
list:
dist: 2.013817019940603 vs. 2.013817019940603
list:
dist: 2.721107831620116 vs. 2.721107831620116
list:
dist: 2.7993155226810926 vs. 2.7993155226810926
list:
dist: 3.3015952986659194 vs. 3.3015952986659194
list:
dist: 3.2086030336326297 vs. 3.2086030336326297
list:
dist: 3.161769735381103 vs. 3.161769735381103
list:
dist: 3.1742522110223366 vs. 3.1742522110223366
list:
dist: 3.386037300277996 vs. 3.386037300277996
list:
dist: 3.4837264547684152 vs. 3.4837264547684152
list:
dist: 3.0276323089384447 vs. 3.0276323089384447
list:
dist: 2.518679121575303 vs. 2.518679121575303
list:
dist: 2.55064905536512 vs. 2.55064905536512
list:
dist: 3.1997440904883376 vs. 3.1997440904883376
list:
dist: 1.9267066091366565 vs. 1.9267066091366565
list:
dist: 3.5056990423357655 vs. 3.5056990423357655
list:
dist: 3.3297944145254355 vs. 3.3297944145254355
list:
dist: 2.667148641695272 vs. 2.667148641695272
list:
dist: 4.235345340807379 vs. 4.235345340807379
list:
dist: 2.8676236548935483 vs. 2.8676236548935483
list:
dist: 1.7912676766346132 vs. 1.7912676766346132
list:
dist: 1.7003062642736477 vs. 1.7003062642736477
list:
dist: 3.386037300277996 vs. 3.386037300277996
list:
dist: 1.5655441876196516 vs. 1.5655441876196516
list:
dist: 1.28104722289556 vs. 1.28104722289556
list:
dist: 0.6075764259058171 vs. 0.6075764259058171
list:
dist: 1.0684047057347597 vs. 1.0684047057347597
list:
dist: 1.6905040509138753 vs. 1.6905040509138753
list:
dist: 1.8387672096455743 vs. 1.8387672096455743
list:
dist: 2.3784332624864115 vs. 2.3784332624864115
list:
dist: 1.3778559089869769 vs. 1.3778559089869769
list:
dist: 2.141239568850202 vs. 2.141239568850202
list:
dist: 0.899408810925686 vs. 0.899408810925686
list:
dist: 1.9959896087902174 vs. 1.9959896087902174
list:
dist: 1.494238879199137 vs. 1.494238879199137
list:
dist: 1.289745544799771 vs. 1.289745544799771
list:
dist: 2.4353189117413887 vs. 2.4353189117413887
list:
dist: 2.7005617746230404 vs. 2.7005617746230404
list:
dist: 2.5208693959098856 vs. 2.5208693959098856
list:
dist: 2.609848030214678 vs. 2.609848030214678
list:
dist: 2.38663516809021 vs. 2.38663516809021
list:
dist: 2.9009226929663074 vs. 2.9009226929663074
list:
dist: 2.245370969785407 vs. 2.245370969785407
list:
dist: 2.5868022431008675 vs. 2.5868022431008675
list:
dist: 2.7613429440944404 vs. 2.7613429440944404
list:
dist: 2.287494119749083 vs. 2.287494119749083
list:
dist: 2.1581226762959265 vs. 2.1581226762959265
list:
dist: 3.0965467340089172 vs. 3.0965467340089172
list:
dist: 2.3050165035179555 vs. 2.3050165035179555
list:
dist: 3.0955620596635676 vs. 3.0955620596635676
list:
dist: 2.9121136337338287 vs. 2.9121136337338287
list:
dist: 3.6678151923121467 vs. 3.6678151923121467
list:
dist: 1.7482466798886922 vs. 1.7482466798886922
list:
dist: 3.594060047287141 vs. 3.594060047287141
list:
dist: 2.6624628822231653 vs. 2.6624628822231653
list:
dist: 2.275964244971366 vs. 2.275964244971366
list:
dist: 3.1997440904883376 vs. 3.1997440904883376
list:
dist: 1.8547320342750317 vs. 1.8547320342750317
list:
dist: 2.4496188771523295 vs. 2.4496188771523295
list:
dist: 1.6989859577317903 vs. 1.6989859577317903
list:
dist: 1.063681201235226 vs. 1.063681201235226
list:
dist: 1.640421002625272 vs. 1.640421002625272
list:
dist: 1.096756473292996 vs. 1.096756473292996
list:
dist: 1.9959896087902174 vs. 1.9959896087902174
list:
dist: 1.8888094233332047 vs. 1.8888094233332047
list:
dist: 0.7825127664107128 vs. 0.7825127664107128
list:
dist: 0.7277011725591364 vs. 0.7277011725591364
list:
dist: 1.6718465983695163 vs. 1.6718465983695163
list:
dist: 1.7545282617657767 vs. 1.7545282617657767
list:
dist: 1.5641504804074373 vs. 1.5641504804074373
list:
dist: 2.0937845899110896 vs. 2.0937845899110896
list:
dist: 2.0172348558106705 vs. 2.0172348558106705
list:
dist: 1.3241745106079028 vs. 1.3241745106079028
list:
dist: 1.344842129209676 vs. 1.344842129209676
list:
dist: 1.4563872713138775 vs. 1.4563872713138775
list:
dist: 1.6516432383863369 vs. 1.6516432383863369
list:
dist: 1.132360374563015 vs. 1.132360374563015
list:
dist: 1.1534644626592674 vs. 1.1534644626592674
list:
dist: 1.3510996087267726 vs. 1.3510996087267726
list:
dist: 2.245079573527267 vs. 2.245079573527267
list:
dist: 0.9448748696628516 vs. 0.9448748696628516
list:
dist: 2.210033638114091 vs. 2.210033638114091
list:
dist: 1.0009843934452476 vs. 1.0009843934452476
list:
dist: 2.356308508605273 vs. 2.356308508605273
list:
dist: 2.942295722737823 vs. 2.942295722737823
list:
dist: 1.983650191241329 vs. 1.983650191241329
list:
dist: 1.428141987422495 vs. 1.428141987422495
list:
dist: 1.9433928765286892 vs. 1.9433928765286892
list:
dist: 1.4399642025086818 vs. 1.4399642025086818
list:
dist: 2.3050165035179555 vs. 2.3050165035179555
list:
dist: 2.400778899281475 vs. 2.400778899281475
list:
dist: 1.457408533808225 vs. 1.457408533808225
list:
dist: 1.6877679887745893 vs. 1.6877679887745893
list:
dist: 2.351336373486801 vs. 2.351336373486801
list:
dist: 1.0009843934452476 vs. 1.0009843934452476
list:
dist: 2.593547537814147 vs. 2.593547537814147
list:
dist: 1.2984796359330368 vs. 1.2984796359330368
list:
dist: 1.8783579097026277 vs. 1.8783579097026277
list:
dist: 1.2099697568881262 vs. 1.2099697568881262
list:
dist: 0.7550864163418395 vs. 0.7550864163418395
list:
dist: 0.6788795840300211 vs. 0.6788795840300211
list:
dist: 0.523795647786019 vs. 0.523795647786019
list:
dist: 1.8326026135232734 vs. 1.8326026135232734
list:
dist: 1.3811413045566494 vs. 1.3811413045566494
list:
dist: 1.8640447657646073 vs. 1.8640447657646073
list:
dist: 0.8358811837051526 vs. 0.8358811837051526
list:
dist: 1.727347124180538 vs. 1.727347124180538
list:
dist: 0.24248897963109628 vs. 0.24248897963109628
list:
dist: 1.2092568782926343 vs. 1.2092568782926343
list:
dist: 3.295507681842194 vs. 3.295507681842194
list:
dist: 3.822095900812981 vs. 3.822095900812981
list:
dist: 2.8112203486277902 vs. 2.8112203486277902
list:
dist: 2.4147661353374454 vs. 2.4147661353374454
list:
dist: 2.8014473151990873 vs. 2.8014473151990873
list:
dist: 2.42134288271354 vs. 2.42134288271354
list:
dist: 3.0965467340089172 vs. 3.0965467340089172
list:
dist: 3.3123740591708173 vs. 3.3123740591708173
list:
dist: 2.5687810490569674 vs. 2.5687810490569674
list:
dist: 2.8881703534630816 vs. 2.8881703534630816
list:
dist: 3.390745189607286 vs. 3.390745189607286
list:
dist: 2.210033638114091 vs. 2.210033638114091
list:
dist: 3.718237617564134 vs. 3.718237617564134
list:
dist: 1.850083301324456 vs. 1.850083301324456
list:
dist: 2.2472794251373505 vs. 2.2472794251373505
list:
dist: 0.966390613673093 vs. 0.966390613673093
list:
dist: 1.3280968905809636 vs. 1.3280968905809636
list:
dist: 1.2097069441594979 vs. 1.2097069441594979
list:
dist: 0.837709082705131 vs. 0.837709082705131
list:
dist: 2.626456746988029 vs. 2.626456746988029
list:
dist: 2.32574736213198 vs. 2.32574736213198
list:
dist: 2.966152571846152 vs. 2.966152571846152
list:
dist: 1.4354083792307093 vs. 1.4354083792307093
list:
dist: 1.803907724248945 vs. 1.803907724248945
list:
dist: 1.317668045081327 vs. 1.317668045081327
list:
dist: 1.2092568782926343 vs. 1.2092568782926343
list:
dist: 2.9536539464362597 vs. 2.9536539464362597
list:
dist: 2.7702162087049147 vs. 2.7702162087049147
list:
dist: 1.4741964226084563 vs. 1.4741964226084563
list:
dist: 3.161769735381103 vs. 3.161769735381103
list:
dist: 0.5708007210578826 vs. 0.5708007210578826
list:
dist: 1.3503902728490735 vs. 1.3503902728490735
list:
dist: 1.095181172151427 vs. 1.095181172151427
list:
dist: 0.9855756695393226 vs. 0.9855756695393226
list:
dist: 0.6106863217545241 vs. 0.6106863217545241
list:
dist: 1.6905040509138753 vs. 1.6905040509138753
list:
dist: 3.167002024814124 vs. 3.167002024814124
list:
dist: 1.712200405762222 vs. 1.712200405762222
list:
dist: 1.5800900545754137 vs. 1.5800900545754137
list:
dist: 1.6835252074008915 vs. 1.6835252074008915
list:
dist: 1.640421002625272 vs. 1.640421002625272
list:
dist: 1.6319578969771278 vs. 1.6319578969771278
list:
dist: 1.8493156366205836 vs. 1.8493156366205836
list:
dist: 3.238580579008559 vs. 3.238580579008559
list:
dist: 2.916263229228899 vs. 2.916263229228899
list:
dist: 2.5789674260918622 vs. 2.5789674260918622
list:
dist: 2.56907712090626 vs. 2.56907712090626
list:
dist: 2.257279308337978 vs. 2.257279308337978
list:
dist: 1.4110761816824964 vs. 1.4110761816824964
list:
dist: 0.9392050003613297 vs. 0.9392050003613297
list:
dist: 1.5058205991360418 vs. 1.5058205991360418
list:
dist: 1.8218684902167936 vs. 1.8218684902167936
list:
dist: 1.5770418111514386 vs. 1.5770418111514386
list:
dist: 1.7071736761231586 vs. 1.7071736761231586
list:
dist: 2.8014473151990873 vs. 2.8014473151990873
list:
dist: 1.9433928765286892 vs. 1.9433928765286892
list:
dist: 3.618030941030698 vs. 3.618030941030698
list:
dist: 2.930310858160654 vs. 2.930310858160654
list:
dist: 3.43398606154175 vs. 3.43398606154175
list:
dist: 2.422947477392145 vs. 2.422947477392145
list:
dist: 1.89695368941318 vs. 1.89695368941318
list:
dist: 2.56907712090626 vs. 2.56907712090626
list:
dist: 2.0663700883293927 vs. 2.0663700883293927
list:
dist: 2.609848030214678 vs. 2.609848030214678
list:
dist: 2.1670213058605037 vs. 2.1670213058605037
list:
dist: 1.6719269530218577 vs. 1.6719269530218577
list:
dist: 2.0603078521029894 vs. 2.0603078521029894
list:
dist: 2.6489785859969777 vs. 2.6489785859969777
list:
dist: 1.344842129209676 vs. 1.344842129209676
list:
dist: 2.960431791000112 vs. 2.960431791000112
list:
dist: 1.513058145971346 vs. 1.513058145971346
list:
dist: 1.417895999844906 vs. 1.417895999844906
list:
dist: 0.8276782726175149 vs. 0.8276782726175149
list:
dist: 0.16640889710118068 vs. 0.16640889710118068
list:
dist: 0.6167907762057424 vs. 0.6167907762057424
list:
dist: 2.4479069464611785 vs. 2.4479069464611785
list:
dist: 2.0227246612506056 vs. 2.0227246612506056
list:
dist: 2.3510686873035556 vs. 2.3510686873035556
list:
dist: 1.4043607986440079 vs. 1.4043607986440079
list:
dist: 2.2779561007928377 vs. 2.2779561007928377
list:
dist: 0.9097906276490813 vs. 0.9097906276490813
list:
dist: 1.2097069441594979 vs. 1.2097069441594979
list:
dist: 0.6788795840300211 vs. 0.6788795840300211
list:
dist: 3.9522765705730563 vs. 3.9522765705730563
list:
dist: 3.29740743055306 vs. 3.29740743055306
list:
dist: 3.6762635567146567 vs. 3.6762635567146567
list:
dist: 2.5932574708430476 vs. 2.5932574708430476
list:
dist: 2.2235083371882607 vs. 2.2235083371882607
list:
dist: 2.916263229228899 vs. 2.916263229228899
list:
dist: 2.5290930003051835 vs. 2.5290930003051835
list:
dist: 2.7005617746230404 vs. 2.7005617746230404
list:
dist: 2.562865059906156 vs. 2.562865059906156
list:
dist: 2.14040568681026 vs. 2.14040568681026
list:
dist: 2.743624547235109 vs. 2.743624547235109
list:
dist: 2.9857925732544888 vs. 2.9857925732544888
list:
dist: 2.0172348558106705 vs. 2.0172348558106705
list:
dist: 3.42317128310468 vs. 3.42317128310468
list:
dist: 1.441831607016977 vs. 1.441831607016977
list:
dist: 1.3055676984316806 vs. 1.3055676984316806
list:
dist: 0.8228583257512644 vs. 0.8228583257512644
list:
dist: 0.8276782726175149 vs. 0.8276782726175149
list:
dist: 0.7380711947885398 vs. 0.7380711947885398
list:
dist: 3.013476768991636 vs. 3.013476768991636
list:
dist: 2.5494233394075967 vs. 2.5494233394075967
list:
dist: 3.045314683742137 vs. 3.045314683742137
list:
dist: 1.8896258680011753 vs. 1.8896258680011753
list:
dist: 2.2276582877310416 vs. 2.2276582877310416
list:
dist: 1.371994232802304 vs. 1.371994232802304
list:
dist: 0.966390613673093 vs. 0.966390613673093
list:
dist: 1.2099697568881262 vs. 1.2099697568881262
list:
dist: 3.1032846366466442 vs. 3.1032846366466442
list:
dist: 2.2673766398704553 vs. 2.2673766398704553
list:
dist: 1.6657565813598034 vs. 1.6657565813598034
list:
dist: 3.2086030336326297 vs. 3.2086030336326297
list:
dist: 1.1381059963482576 vs. 1.1381059963482576
list:
dist: 1.5392048966935448 vs. 1.5392048966935448
list:
dist: 0.6445149137983271 vs. 0.6445149137983271
list:
dist: 0.9855756695393226 vs. 0.9855756695393226
list:
dist: 0.8412028067558338 vs. 0.8412028067558338
list:
dist: 1.0684047057347597 vs. 1.0684047057347597
list:
dist: 2.2634782485353147 vs. 2.2634782485353147
list:
dist: 0.8301212395589426 vs. 0.8301212395589426
list:
dist: 1.2860664939312605 vs. 1.2860664939312605
list:
dist: 1.0869787528694896 vs. 1.0869787528694896
list:
dist: 1.063681201235226 vs. 1.063681201235226
list:
dist: 1.3726300790815742 vs. 1.3726300790815742
list:
dist: 1.0564841170682755 vs. 1.0564841170682755
list:
dist: 2.2969811286315602 vs. 2.2969811286315602
list:
dist: 2.2235083371882607 vs. 2.2235083371882607
list:
dist: 1.8546092541735506 vs. 1.8546092541735506
list:
dist: 1.89695368941318 vs. 1.89695368941318
list:
dist: 1.6831159589047944 vs. 1.6831159589047944
list:
dist: 1.884656118732898 vs. 1.884656118732898
list:
dist: 1.2114091954553254 vs. 1.2114091954553254
list:
dist: 1.6292024149473934 vs. 1.6292024149473934
list:
dist: 1.7524488774334837 vs. 1.7524488774334837
list:
dist: 1.7295778417250782 vs. 1.7295778417250782
list:
dist: 1.2431701926374907 vs. 1.2431701926374907
list:
dist: 2.4147661353374454 vs. 2.4147661353374454
list:
dist: 1.428141987422495 vs. 1.428141987422495
list:
dist: 1.0629841015650192 vs. 1.0629841015650192
list:
dist: 2.311894945172918 vs. 2.311894945172918
list:
dist: 2.6479876384456573 vs. 2.6479876384456573
list:
dist: 2.215555068336281 vs. 2.215555068336281
list:
dist: 2.5188000579596515 vs. 2.5188000579596515
list:
dist: 2.063923532424641 vs. 2.063923532424641
list:
dist: 1.4862542714640803 vs. 1.4862542714640803
list:
dist: 0.7735843888288939 vs. 0.7735843888288939
list:
dist: 1.8614120619712882 vs. 1.8614120619712882
list:
dist: 2.4620292227045235 vs. 2.4620292227045235
list:
dist: 3.4788557789570462 vs. 3.4788557789570462
list:
dist: 1.7402082472491174 vs. 1.7402082472491174
list:
dist: 1.2100606442257904 vs. 1.2100606442257904
list:
dist: 1.0317948393060379 vs. 1.0317948393060379
list:
dist: 1.6403282553577059 vs. 1.6403282553577059
list:
dist: 1.8763066645766155 vs. 1.8763066645766155
list:
dist: 1.6433957386341131 vs. 1.6433957386341131
list:
dist: 1.8146556158905567 vs. 1.8146556158905567
list:
dist: 1.4966923158473644 vs. 1.4966923158473644
list:
dist: 1.5351708853884556 vs. 1.5351708853884556
list:
dist: 3.264134677927503 vs. 3.264134677927503
list:
dist: 2.384301116462924 vs. 2.384301116462924
list:
dist: 3.185664757400034 vs. 3.185664757400034
list:
dist: 1.5023345401018668 vs. 1.5023345401018668
list:
dist: 1.074308550366894 vs. 1.074308550366894
list:
dist: 1.5270494883691101 vs. 1.5270494883691101
list:
dist: 2.355721382967532 vs. 2.355721382967532
list:
dist: 2.2545687894520445 vs. 2.2545687894520445
list:
dist: 0.7960653452039006 vs. 0.7960653452039006
list:
dist: 1.8291052816178053 vs. 1.8291052816178053
list:
dist: 2.231539986834903 vs. 2.231539986834903
list:
dist: 2.4382409302430244 vs. 2.4382409302430244
list:
dist: 1.7659450670208006 vs. 1.7659450670208006
list:
dist: 1.8614120619712882 vs. 1.8614120619712882
list:
dist: 2.8694817510578234 vs. 2.8694817510578234
list:
dist: 2.8789156480578435 vs. 2.8789156480578435
list:
dist: 2.202130047152713 vs. 2.202130047152713
list:
dist: 3.0432641853529434 vs. 3.0432641853529434
list:
dist: 1.3143635089758114 vs. 1.3143635089758114
list:
dist: 1.027684310091871 vs. 1.027684310091871
list:
dist: 0.6995732950696913 vs. 0.6995732950696913
list:
dist: 1.8562381877115401 vs. 1.8562381877115401
list:
dist: 1.7871424393892446 vs. 1.7871424393892446
list:
dist: 4.266406236651506 vs. 4.266406236651506
list:
dist: 0.5646698798929153 vs. 0.5646698798929153
list:
dist: 2.070822108824113 vs. 2.070822108824113
list:
dist: 2.9627489846433748 vs. 2.9627489846433748
list:
dist: 2.3384845297702372 vs. 2.3384845297702372
list:
dist: 2.4542817734805684 vs. 2.4542817734805684
list:
dist: 1.4254752938289668 vs. 1.4254752938289668
list:
dist: 1.3639517603948936 vs. 1.3639517603948936
list:
dist: 2.2545687894520445 vs. 2.2545687894520445
list:
dist: 2.73684884296628 vs. 2.73684884296628
list:
dist: 3.7799160833539407 vs. 3.7799160833539407
list:
dist: 1.2328547747032002 vs. 1.2328547747032002
list:
dist: 0.7735843888288939 vs. 0.7735843888288939
list:
dist: 1.4307136598362273 vs. 1.4307136598362273
list:
dist: 1.1388540683011712 vs. 1.1388540683011712
list:
dist: 2.326065710944664 vs. 2.326065710944664
list:
dist: 2.351923932183364 vs. 2.351923932183364
list:
dist: 2.358599706227704 vs. 2.358599706227704
list:
dist: 2.4271926711437355 vs. 2.4271926711437355
list:
dist: 2.049664207614758 vs. 2.049664207614758
list:
dist: 2.221379037431789 vs. 2.221379037431789
list:
dist: 2.884586313112282 vs. 2.884586313112282
list:
dist: 4.322980504472912 vs. 4.322980504472912
list:
dist: 3.197103308301389 vs. 3.197103308301389
list:
dist: 3.536614553854182 vs. 3.536614553854182
list:
dist: 2.375596423061763 vs. 2.375596423061763
list:
dist: 2.79041864060637 vs. 2.79041864060637
list:
dist: 2.8098841769082874 vs. 2.8098841769082874
list:
dist: 1.052617389428101 vs. 1.052617389428101
list:
dist: 1.6271041707807046 vs. 1.6271041707807046
list:
dist: 3.5938033539608307 vs. 3.5938033539608307
list:
dist: 2.9627489846433748 vs. 2.9627489846433748
list:
dist: 1.5023345401018668 vs. 1.5023345401018668
list:
dist: 1.9892337544634162 vs. 1.9892337544634162
list:
dist: 2.8189464591802924 vs. 2.8189464591802924
list:
dist: 2.337842773740138 vs. 2.337842773740138
list:
dist: 2.3245707374584628 vs. 2.3245707374584628
list:
dist: 1.7914636750836304 vs. 1.7914636750836304
list:
dist: 2.6479876384456573 vs. 2.6479876384456573
list:
dist: 3.823960898528964 vs. 3.823960898528964
list:
dist: 3.6105310031731093 vs. 3.6105310031731093
list:
dist: 3.2906448997247075 vs. 3.2906448997247075
list:
dist: 4.135224899387747 vs. 4.135224899387747
list:
dist: 1.9812682717799543 vs. 1.9812682717799543
list:
dist: 2.280198473169044 vs. 2.280198473169044
list:
dist: 1.4586514019984023 vs. 1.4586514019984023
list:
dist: 3.004605248947643 vs. 3.004605248947643
list:
dist: 2.5277525823369094 vs. 2.5277525823369094
list:
dist: 3.4242223945022205 vs. 3.4242223945022205
list:
dist: 3.9907282310381045 vs. 3.9907282310381045
list:
dist: 4.322980504472912 vs. 4.322980504472912
list:
dist: 1.511075582494714 vs. 1.511075582494714
list:
dist: 2.79041864060637 vs. 2.79041864060637
list:
dist: 2.244009462559146 vs. 2.244009462559146
list:
dist: 2.362778998987042 vs. 2.362778998987042
list:
dist: 1.3509477229832703 vs. 1.3509477229832703
list:
dist: 1.9126984578152266 vs. 1.9126984578152266
list:
dist: 0.5646698798929153 vs. 0.5646698798929153
list:
dist: 2.384301116462924 vs. 2.384301116462924
list:
dist: 2.926160892086346 vs. 2.926160892086346
list:
dist: 4.018816615617899 vs. 4.018816615617899
list:
dist: 1.4210507041531502 vs. 1.4210507041531502
list:
dist: 1.0629841015650192 vs. 1.0629841015650192
list:
dist: 1.8605787250620245 vs. 1.8605787250620245
list:
dist: 1.4181563879722545 vs. 1.4181563879722545
list:
dist: 2.7018467795756083 vs. 2.7018467795756083
list:
dist: 2.792568549504333 vs. 2.792568549504333
list:
dist: 2.496193445791857 vs. 2.496193445791857
list:
dist: 2.7032594002069654 vs. 2.7032594002069654
list:
dist: 2.1309071144089438 vs. 2.1309071144089438
list:
dist: 2.5898622370162623 vs. 2.5898622370162623
list:
dist: 2.390206227955913 vs. 2.390206227955913
list:
dist: 2.884586313112282 vs. 2.884586313112282
list:
dist: 3.4242223945022205 vs. 3.4242223945022205
list:
dist: 2.650651132562381 vs. 2.650651132562381
list:
dist: 3.536614553854182 vs. 3.536614553854182
list:
dist: 3.1979339948510783 vs. 3.1979339948510783
list:
dist: 2.8913508988822483 vs. 2.8913508988822483
list:
dist: 2.501312574155804 vs. 2.501312574155804
list:
dist: 3.6678151923121467 vs. 3.6678151923121467
list:
dist: 1.7914636750836304 vs. 1.7914636750836304
list:
dist: 1.6953497710077778 vs. 1.6953497710077778
list:
dist: 1.8418615845133 vs. 1.8418615845133
list:
dist: 1.7659450670208006 vs. 1.7659450670208006
list:
dist: 1.4258727646494374 vs. 1.4258727646494374
list:
dist: 1.5225899080457865 vs. 1.5225899080457865
list:
dist: 0.5913802196155226 vs. 0.5913802196155226
list:
dist: 0.954145447419876 vs. 0.954145447419876
list:
dist: 2.3780609779393895 vs. 2.3780609779393895
list:
dist: 2.809193253582053 vs. 2.809193253582053
list:
dist: 2.5140715478303606 vs. 2.5140715478303606
list:
dist: 2.2980154098451004 vs. 2.2980154098451004
list:
dist: 3.488604801266505 vs. 3.488604801266505
list:
dist: 2.0596784909110104 vs. 2.0596784909110104
list:
dist: 2.7018467795756083 vs. 2.7018467795756083
list:
dist: 3.8232892146933244 vs. 3.8232892146933244
list:
dist: 3.2906448997247075 vs. 3.2906448997247075
list:
dist: 3.0997703645625276 vs. 3.0997703645625276
list:
dist: 3.523795936203192 vs. 3.523795936203192
list:
dist: 3.4891140301711894 vs. 3.4891140301711894
list:
dist: 2.072565589372693 vs. 2.072565589372693
list:
dist: 2.326065710944664 vs. 2.326065710944664
list:
dist: 2.202130047152713 vs. 2.202130047152713
list:
dist: 2.659979035323134 vs. 2.659979035323134
list:
dist: 3.293982095310822 vs. 3.293982095310822
list:
dist: 2.950017154841553 vs. 2.950017154841553
list:
dist: 1.6403282553577059 vs. 1.6403282553577059
list:
dist: 1.602539147447057 vs. 1.602539147447057
list:
dist: 1.954173077348821 vs. 1.954173077348821
list:
dist: 1.053675646613359 vs. 1.053675646613359
list:
dist: 1.3941545053517805 vs. 1.3941545053517805
list:
dist: 1.337937824524356 vs. 1.337937824524356
list:
dist: 1.8535783494180817 vs. 1.8535783494180817
list:
dist: 0.3598405092766419 vs. 0.3598405092766419
list:
dist: 2.496193445791857 vs. 2.496193445791857
list:
dist: 3.212848270304036 vs. 3.212848270304036
list:
dist: 1.9812682717799543 vs. 1.9812682717799543
list:
dist: 2.0920613446271337 vs. 2.0920613446271337
list:
dist: 2.668733544253347 vs. 2.668733544253347
list:
dist: 2.617094279728242 vs. 2.617094279728242
list:
dist: 2.358599706227704 vs. 2.358599706227704
list:
dist: 1.3143635089758114 vs. 1.3143635089758114
list:
dist: 2.0006763006972395 vs. 2.0006763006972395
list:
dist: 2.7858046142557966 vs. 2.7858046142557966
list:
dist: 3.216070650817918 vs. 3.216070650817918
list:
dist: 3.2005705256222834 vs. 3.2005705256222834
list:
dist: 2.809193253582053 vs. 2.809193253582053
list:
dist: 1.6433957386341131 vs. 1.6433957386341131
list:
dist: 2.420963005858496 vs. 2.420963005858496
list:
dist: 2.4397900623541853 vs. 2.4397900623541853
list:
dist: 1.3941545053517805 vs. 1.3941545053517805
list:
dist: 2.347847913171759 vs. 2.347847913171759
list:
dist: 0.8818307558696277 vs. 0.8818307558696277
list:
dist: 0.7434306374868906 vs. 0.7434306374868906
list:
dist: 1.166179758539887 vs. 1.166179758539887
list:
dist: 1.8900978576675422 vs. 1.8900978576675422
list:
dist: 2.7032594002069654 vs. 2.7032594002069654
list:
dist: 3.6898589995644935 vs. 3.6898589995644935
list:
dist: 2.280198473169044 vs. 2.280198473169044
list:
dist: 2.077020345805675 vs. 2.077020345805675
list:
dist: 2.5273951926413085 vs. 2.5273951926413085
list:
dist: 2.2375444260556376 vs. 2.2375444260556376
list:
dist: 2.4271926711437355 vs. 2.4271926711437355
list:
dist: 1.027684310091871 vs. 1.027684310091871
list:
dist: 1.4216333689026301 vs. 1.4216333689026301
list:
dist: 2.077448267768215 vs. 2.077448267768215
list:
dist: 2.8441617805177 vs. 2.8441617805177
list:
dist: 2.944624000301295 vs. 2.944624000301295
list:
dist: 2.5140715478303606 vs. 2.5140715478303606
list:
dist: 1.8146556158905567 vs. 1.8146556158905567
list:
dist: 2.4742808512824244 vs. 2.4742808512824244
list:
dist: 2.6564262402808536 vs. 2.6564262402808536
list:
dist: 1.337937824524356 vs. 1.337937824524356
list:
dist: 2.305712692032815 vs. 2.305712692032815
list:
dist: 0.8818307558696277 vs. 0.8818307558696277
list:
dist: 0.9718788429051777 vs. 0.9718788429051777
list:
dist: 0.9890108486585769 vs. 0.9890108486585769
list:
dist: 1.4829486779319105 vs. 1.4829486779319105
list:
dist: 2.5898622370162623 vs. 2.5898622370162623
list:
dist: 3.716526877754456 vs. 3.716526877754456
list:
dist: 3.004605248947643 vs. 3.004605248947643
list:
dist: 2.783725708059207 vs. 2.783725708059207
list:
dist: 3.205369839868366 vs. 3.205369839868366
list:
dist: 1.958287509105426 vs. 1.958287509105426
list:
dist: 2.221379037431789 vs. 2.221379037431789
list:
dist: 1.8562381877115401 vs. 1.8562381877115401
list:
dist: 2.3010585012204743 vs. 2.3010585012204743
list:
dist: 2.9519673940302242 vs. 2.9519673940302242
list:
dist: 3.8303173561246395 vs. 3.8303173561246395
list:
dist: 3.9266400046946446 vs. 3.9266400046946446
list:
dist: 3.488604801266505 vs. 3.488604801266505
list:
dist: 1.5351708853884556 vs. 1.5351708853884556
list:
dist: 1.724842908409635 vs. 1.724842908409635
list:
dist: 2.03473564454821 vs. 2.03473564454821
list:
dist: 0.3598405092766419 vs. 0.3598405092766419
list:
dist: 1.3390042368186688 vs. 1.3390042368186688
list:
dist: 1.166179758539887 vs. 1.166179758539887
list:
dist: 0.9890108486585769 vs. 0.9890108486585769
list:
dist: 1.5572778024170448 vs. 1.5572778024170448
list:
dist: 2.303299673432246 vs. 2.303299673432246
list:
dist: 3.2653796606198404 vs. 3.2653796606198404
list:
dist: 2.926160892086346 vs. 2.926160892086346
list:
dist: 3.8069345324024 vs. 3.8069345324024
list:
dist: 1.9892337544634162 vs. 1.9892337544634162
list:
dist: 1.3969733281641008 vs. 1.3969733281641008
list:
dist: 1.5763058205002964 vs. 1.5763058205002964
list:
dist: 2.520266655914251 vs. 2.520266655914251
list:
dist: 2.73684884296628 vs. 2.73684884296628
list:
dist: 0.7960653452039006 vs. 0.7960653452039006
list:
dist: 1.1180652032981089 vs. 1.1180652032981089
list:
dist: 1.774867035150965 vs. 1.774867035150965
list:
dist: 2.1410381463545445 vs. 2.1410381463545445
list:
dist: 1.4258727646494374 vs. 1.4258727646494374
list:
dist: 2.4620292227045235 vs. 2.4620292227045235
list:
dist: 3.3514334787149322 vs. 3.3514334787149322
list:
dist: 3.444922788426128 vs. 3.444922788426128
list:
dist: 2.659979035323134 vs. 2.659979035323134
list:
dist: 3.46578954239366 vs. 3.46578954239366
list:
dist: 2.0006763006972395 vs. 2.0006763006972395
list:
dist: 1.4216333689026301 vs. 1.4216333689026301
list:
dist: 1.4856852971121608 vs. 1.4856852971121608
list:
dist: 2.3010585012204743 vs. 2.3010585012204743
list:
dist: 1.7495596922076693 vs. 1.7495596922076693
list:
dist: 4.877787734858366 vs. 4.877787734858366
list:
dist: 1.9126984578152266 vs. 1.9126984578152266
list:
dist: 3.4169192371207866 vs. 3.4169192371207866
list:
dist: 3.5938033539608307 vs. 3.5938033539608307
list:
dist: 2.824141849651056 vs. 2.824141849651056
list:
dist: 2.8555147936212433 vs. 2.8555147936212433
list:
dist: 2.332828789533899 vs. 2.332828789533899
list:
dist: 1.3639517603948936 vs. 1.3639517603948936
list:
dist: 2.355721382967532 vs. 2.355721382967532
list:
dist: 2.520266655914251 vs. 2.520266655914251
list:
dist: 3.2962192350605637 vs. 3.2962192350605637
list:
dist: 1.8617002522445316 vs. 1.8617002522445316
list:
dist: 1.4862542714640803 vs. 1.4862542714640803
list:
dist: 1.4700401563741563 vs. 1.4700401563741563
list:
dist: 1.7507603755403327 vs. 1.7507603755403327
list:
dist: 2.072565589372693 vs. 2.072565589372693
list:
dist: 1.9829021848213952 vs. 1.9829021848213952
list:
dist: 2.617094279728242 vs. 2.617094279728242
list:
dist: 2.2375444260556376 vs. 2.2375444260556376
list:
dist: 2.403711881509585 vs. 2.403711881509585
list:
dist: 1.958287509105426 vs. 1.958287509105426
list:
dist: 3.1979339948510783 vs. 3.1979339948510783
list:
dist: 2.276474823693762 vs. 2.276474823693762
list:
dist: 2.244009462559146 vs. 2.244009462559146
list:
dist: 2.6500466860603265 vs. 2.6500466860603265
list:
dist: 1.052617389428101 vs. 1.052617389428101
list:
dist: 0.6566819776227346 vs. 0.6566819776227346
list:
dist: 2.824141849651056 vs. 2.824141849651056
list:
dist: 2.3384845297702372 vs. 2.3384845297702372
list:
dist: 1.074308550366894 vs. 1.074308550366894
list:
dist: 1.3969733281641008 vs. 1.3969733281641008
list:
dist: 2.4038408638254425 vs. 2.4038408638254425
list:
dist: 2.2778446019978547 vs. 2.2778446019978547
list:
dist: 2.5416470158169036 vs. 2.5416470158169036
list:
dist: 1.6953497710077778 vs. 1.6953497710077778
list:
dist: 2.215555068336281 vs. 2.215555068336281
list:
dist: 3.383837952674862 vs. 3.383837952674862
list:
dist: 3.2156904679545217 vs. 3.2156904679545217
list:
dist: 3.0997703645625276 vs. 3.0997703645625276
list:
dist: 3.820824136984741 vs. 3.820824136984741
list:
dist: 2.0920613446271337 vs. 2.0920613446271337
list:
dist: 2.077020345805675 vs. 2.077020345805675
list:
dist: 1.3582072511608727 vs. 1.3582072511608727
list:
dist: 2.783725708059207 vs. 2.783725708059207
list:
dist: 2.653399847829478 vs. 2.653399847829478
list:
dist: 1.4181563879722545 vs. 1.4181563879722545
list:
dist: 2.576053211919969 vs. 2.576053211919969
list:
dist: 3.6105310031731093 vs. 3.6105310031731093
list:
dist: 3.2156904679545217 vs. 3.2156904679545217
list:
dist: 3.468259676849718 vs. 3.468259676849718
list:
dist: 1.6509139505548986 vs. 1.6509139505548986
list:
dist: 1.7507603755403327 vs. 1.7507603755403327
list:
dist: 1.1388540683011712 vs. 1.1388540683011712
list:
dist: 2.8789156480578435 vs. 2.8789156480578435
list:
dist: 3.444922788426128 vs. 3.444922788426128
list:
dist: 4.410028414670105 vs. 4.410028414670105
list:
dist: 1.1299873606311432 vs. 1.1299873606311432
list:
dist: 1.0317948393060379 vs. 1.0317948393060379
list:
dist: 0.6301722840686601 vs. 0.6301722840686601
list:
dist: 1.954173077348821 vs. 1.954173077348821
list:
dist: 1.6122802510908494 vs. 1.6122802510908494
list:
dist: 2.4397900623541853 vs. 2.4397900623541853
list:
dist: 2.6564262402808536 vs. 2.6564262402808536
list:
dist: 2.477574192282522 vs. 2.477574192282522
list:
dist: 2.03473564454821 vs. 2.03473564454821
list:
dist: 2.792568549504333 vs. 2.792568549504333
list:
dist: 4.0230720588133915 vs. 4.0230720588133915
list:
dist: 4.135224899387747 vs. 4.135224899387747
list:
dist: 3.820824136984741 vs. 3.820824136984741
list:
dist: 4.153993628684051 vs. 4.153993628684051
list:
dist: 3.1581532821961313 vs. 3.1581532821961313
list:
dist: 1.9829021848213952 vs. 1.9829021848213952
list:
dist: 2.351923932183364 vs. 2.351923932183364
list:
dist: 3.0432641853529434 vs. 3.0432641853529434
list:
dist: 3.46578954239366 vs. 3.46578954239366
list:
dist: 4.125983410862565 vs. 4.125983410862565
list:
dist: 2.5049856478636556 vs. 2.5049856478636556
list:
dist: 1.8763066645766155 vs. 1.8763066645766155
list:
dist: 1.0729026992747612 vs. 1.0729026992747612
list:
dist: 1.6122802510908494 vs. 1.6122802510908494
list:
dist: 1.053675646613359 vs. 1.053675646613359
list:
dist: 2.347847913171759 vs. 2.347847913171759
list:
dist: 2.305712692032815 vs. 2.305712692032815
list:
dist: 2.7083530569525185 vs. 2.7083530569525185
list:
dist: 1.3390042368186688 vs. 1.3390042368186688
list:
dist: 1.8605787250620245 vs. 1.8605787250620245
list:
dist: 3.1498928468176515 vs. 3.1498928468176515
list:
dist: 3.823960898528964 vs. 3.823960898528964
list:
dist: 3.383837952674862 vs. 3.383837952674862
list:
dist: 3.6319749224833378 vs. 3.6319749224833378
list:
dist: 2.0859198353249924 vs. 2.0859198353249924
list:
dist: 1.4700401563741563 vs. 1.4700401563741563
list:
dist: 1.4307136598362273 vs. 1.4307136598362273
list:
dist: 2.8694817510578234 vs. 2.8694817510578234
list:
dist: 3.3514334787149322 vs. 3.3514334787149322
list:
dist: 4.214950711282894 vs. 4.214950711282894
list:
dist: 1.4464235270979309 vs. 1.4464235270979309
list:
dist: 1.2100606442257904 vs. 1.2100606442257904
list:
dist: 0.6301722840686601 vs. 0.6301722840686601
list:
dist: 1.602539147447057 vs. 1.602539147447057
list:
dist: 1.0729026992747612 vs. 1.0729026992747612
list:
dist: 2.420963005858496 vs. 2.420963005858496
list:
dist: 2.4742808512824244 vs. 2.4742808512824244
list:
dist: 2.5339910039773694 vs. 2.5339910039773694
list:
dist: 1.724842908409635 vs. 1.724842908409635
list:
dist: 1.4210507041531502 vs. 1.4210507041531502
list:
dist: 2.556267471614303 vs. 2.556267471614303
list:
dist: 0.710952232369621 vs. 0.710952232369621
list:
dist: 1.8617002522445316 vs. 1.8617002522445316
list:
dist: 1.2328547747032002 vs. 1.2328547747032002
list:
dist: 1.7402082472491174 vs. 1.7402082472491174
list:
dist: 1.4464235270979309 vs. 1.4464235270979309
list:
dist: 1.1299873606311432 vs. 1.1299873606311432
list:
dist: 2.950017154841553 vs. 2.950017154841553
list:
dist: 2.5049856478636556 vs. 2.5049856478636556
list:
dist: 2.8913508988822483 vs. 2.8913508988822483
list:
dist: 2.041180320813108 vs. 2.041180320813108
list:
dist: 2.362778998987042 vs. 2.362778998987042
list:
dist: 2.802681431475302 vs. 2.802681431475302
list:
dist: 1.6271041707807046 vs. 1.6271041707807046
list:
dist: 0.6566819776227346 vs. 0.6566819776227346
list:
dist: 2.8555147936212433 vs. 2.8555147936212433
list:
dist: 2.4542817734805684 vs. 2.4542817734805684
list:
dist: 1.5270494883691101 vs. 1.5270494883691101
list:
dist: 1.5763058205002964 vs. 1.5763058205002964
list:
dist: 2.494909013473789 vs. 2.494909013473789
list:
dist: 2.3828006093659697 vs. 2.3828006093659697
list:
dist: 2.7746989064190934 vs. 2.7746989064190934
list:
dist: 1.8418615845133 vs. 1.8418615845133
list:
dist: 2.5188000579596515 vs. 2.5188000579596515
list:
dist: 3.6319749224833378 vs. 3.6319749224833378
list:
dist: 3.468259676849718 vs. 3.468259676849718
list:
dist: 3.523795936203192 vs. 3.523795936203192
list:
dist: 4.153993628684051 vs. 4.153993628684051
list:
dist: 2.668733544253347 vs. 2.668733544253347
list:
dist: 2.5273951926413085 vs. 2.5273951926413085
list:
dist: 1.9258838989118128 vs. 1.9258838989118128
list:
dist: 3.205369839868366 vs. 3.205369839868366
list:
dist: 3.099066546358252 vs. 3.099066546358252
list:
dist: 2.650651132562381 vs. 2.650651132562381
list:
dist: 3.6777988584514993 vs. 3.6777988584514993
list:
dist: 3.197103308301389 vs. 3.197103308301389
list:
dist: 1.511075582494714 vs. 1.511075582494714
list:
dist: 2.8098841769082874 vs. 2.8098841769082874
list:
dist: 2.6500466860603265 vs. 2.6500466860603265
list:
dist: 2.802681431475302 vs. 2.802681431475302
list:
dist: 2.1514286570702166 vs. 2.1514286570702166
list:
dist: 3.4169192371207866 vs. 3.4169192371207866
list:
dist: 2.070822108824113 vs. 2.070822108824113
list:
dist: 3.185664757400034 vs. 3.185664757400034
list:
dist: 3.8069345324024 vs. 3.8069345324024
list:
dist: 4.91868539414555 vs. 4.91868539414555
list:
dist: 2.556267471614303 vs. 2.556267471614303
list:
dist: 2.311894945172918 vs. 2.311894945172918
list:
dist: 3.1498928468176515 vs. 3.1498928468176515
list:
dist: 2.576053211919969 vs. 2.576053211919969
list:
dist: 3.8232892146933244 vs. 3.8232892146933244
list:
dist: 4.0230720588133915 vs. 4.0230720588133915
list:
dist: 3.212848270304036 vs. 3.212848270304036
list:
dist: 3.6898589995644935 vs. 3.6898589995644935
list:
dist: 2.841261895350631 vs. 2.841261895350631
list:
dist: 3.716526877754456 vs. 3.716526877754456
list:
dist: 2.390206227955913 vs. 2.390206227955913
list:
dist: 3.9907282310381045 vs. 3.9907282310381045
list:
dist: 3.6777988584514993 vs. 3.6777988584514993
list:
dist: 2.375596423061763 vs. 2.375596423061763
list:
dist: 2.276474823693762 vs. 2.276474823693762
list:
dist: 2.041180320813108 vs. 2.041180320813108
list:
dist: 4.877787734858366 vs. 4.877787734858366
list:
dist: 4.266406236651506 vs. 4.266406236651506
list:
dist: 3.264134677927503 vs. 3.264134677927503
list:
dist: 3.2653796606198404 vs. 3.2653796606198404
list:
dist: 3.8216259589398396 vs. 3.8216259589398396
list:
dist: 2.876260146980391 vs. 2.876260146980391
list:
dist: 3.1050493483367427 vs. 3.1050493483367427
list:
dist: 2.501312574155804 vs. 2.501312574155804
list:
dist: 1.3509477229832703 vs. 1.3509477229832703
list:
dist: 2.1514286570702166 vs. 2.1514286570702166
list:
dist: 2.332828789533899 vs. 2.332828789533899
list:
dist: 1.4254752938289668 vs. 1.4254752938289668
list:
dist: 0.710952232369621 vs. 0.710952232369621
list:
dist: 2.063923532424641 vs. 2.063923532424641
list:
dist: 2.0859198353249924 vs. 2.0859198353249924
list:
dist: 1.6509139505548986 vs. 1.6509139505548986
list:
dist: 3.4891140301711894 vs. 3.4891140301711894
list:
dist: 3.1581532821961313 vs. 3.1581532821961313
list:
dist: 2.876260146980391 vs. 2.876260146980391
list:
dist: 3.0955620596635676 vs. 3.0955620596635676
list:
dist: 2.337842773740138 vs. 2.337842773740138
list:
dist: 2.2778446019978547 vs. 2.2778446019978547
list:
dist: 2.3828006093659697 vs. 2.3828006093659697
list:
dist: 2.231539986834903 vs. 2.231539986834903
list:
dist: 1.774867035150965 vs. 1.774867035150965
list:
dist: 1.4598361777473619 vs. 1.4598361777473619
list:
dist: 0.6500329448394376 vs. 0.6500329448394376
list:
dist: 0.5913802196155226 vs. 0.5913802196155226
list:
dist: 1.8770740432826505 vs. 1.8770740432826505
list:
dist: 3.216070650817918 vs. 3.216070650817918
list:
dist: 2.8441617805177 vs. 2.8441617805177
list:
dist: 2.7775135933670274 vs. 2.7775135933670274
list:
dist: 3.8303173561246395 vs. 3.8303173561246395
list:
dist: 2.112596623786308 vs. 2.112596623786308
list:
dist: 2.5277525823369094 vs. 2.5277525823369094
list:
dist: 2.653399847829478 vs. 2.653399847829478
list:
dist: 3.099066546358252 vs. 3.099066546358252
list:
dist: 1.7871424393892446 vs. 1.7871424393892446
list:
dist: 1.7495596922076693 vs. 1.7495596922076693
list:
dist: 1.6413336490625803 vs. 1.6413336490625803
list:
dist: 2.112596623786308 vs. 2.112596623786308
list:
dist: 1.9858757097705275 vs. 1.9858757097705275
list:
dist: 2.0596784909110104 vs. 2.0596784909110104
list:
dist: 2.560167381891902 vs. 2.560167381891902
list:
dist: 1.8900978576675422 vs. 1.8900978576675422
list:
dist: 1.4829486779319105 vs. 1.4829486779319105
list:
dist: 1.9776760517890775 vs. 1.9776760517890775
list:
dist: 2.303299673432246 vs. 2.303299673432246
list:
dist: 3.1050493483367427 vs. 3.1050493483367427
list:
dist: 2.9121136337338287 vs. 2.9121136337338287
list:
dist: 2.3245707374584628 vs. 2.3245707374584628
list:
dist: 2.5416470158169036 vs. 2.5416470158169036
list:
dist: 2.7746989064190934 vs. 2.7746989064190934
list:
dist: 2.4382409302430244 vs. 2.4382409302430244
list:
dist: 2.1410381463545445 vs. 2.1410381463545445
list:
dist: 1.8542617105193069 vs. 1.8542617105193069
list:
dist: 0.6500329448394376 vs. 0.6500329448394376
list:
dist: 0.954145447419876 vs. 0.954145447419876
list:
dist: 1.4873226486557396 vs. 1.4873226486557396
list:
dist: 3.2005705256222834 vs. 3.2005705256222834
list:
dist: 2.944624000301295 vs. 2.944624000301295
list:
dist: 2.8645596735142442 vs. 2.8645596735142442
list:
dist: 3.9266400046946446 vs. 3.9266400046946446
list:
dist: 1.9858757097705275 vs. 1.9858757097705275
list:
dist: 2.1309071144089438 vs. 2.1309071144089438
list:
dist: 2.841261895350631 vs. 2.841261895350631
list:
dist: 1.4586514019984023 vs. 1.4586514019984023
list:
dist: 1.3582072511608727 vs. 1.3582072511608727
list:
dist: 1.9258838989118128 vs. 1.9258838989118128
list:
dist: 2.403711881509585 vs. 2.403711881509585
list:
dist: 2.049664207614758 vs. 2.049664207614758
list:
dist: 0.6995732950696913 vs. 0.6995732950696913
list:
dist: 1.4856852971121608 vs. 1.4856852971121608
list:
dist: 2.4526934571829004 vs. 2.4526934571829004
list:
dist: 2.7775135933670274 vs. 2.7775135933670274
list:
dist: 2.8645596735142442 vs. 2.8645596735142442
list:
dist: 2.2980154098451004 vs. 2.2980154098451004
list:
dist: 1.4966923158473644 vs. 1.4966923158473644
list:
dist: 2.5339910039773694 vs. 2.5339910039773694
list:
dist: 2.477574192282522 vs. 2.477574192282522
list:
dist: 1.8535783494180817 vs. 1.8535783494180817
list:
dist: 2.7083530569525185 vs. 2.7083530569525185
list:
dist: 0.7434306374868906 vs. 0.7434306374868906
list:
dist: 0.9718788429051777 vs. 0.9718788429051777
list:
dist: 1.5572778024170448 vs. 1.5572778024170448
list:
dist: 1.9776760517890775 vs. 1.9776760517890775
list:
dist: 3.8216259589398396 vs. 3.8216259589398396
list:
dist: 4.018816615617899 vs. 4.018816615617899
list:
dist: 4.91868539414555 vs. 4.91868539414555
list:
dist: 2.8189464591802924 vs. 2.8189464591802924
list:
dist: 2.4038408638254425 vs. 2.4038408638254425
list:
dist: 2.494909013473789 vs. 2.494909013473789
list:
dist: 3.2962192350605637 vs. 3.2962192350605637
list:
dist: 3.7799160833539407 vs. 3.7799160833539407
list:
dist: 1.8291052816178053 vs. 1.8291052816178053
list:
dist: 1.1180652032981089 vs. 1.1180652032981089
list:
dist: 1.4598361777473619 vs. 1.4598361777473619
list:
dist: 1.8542617105193069 vs. 1.8542617105193069
list:
dist: 1.5225899080457865 vs. 1.5225899080457865
list:
dist: 3.4788557789570462 vs. 3.4788557789570462
list:
dist: 4.214950711282894 vs. 4.214950711282894
list:
dist: 4.410028414670105 vs. 4.410028414670105
list:
dist: 3.293982095310822 vs. 3.293982095310822
list:
dist: 4.125983410862565 vs. 4.125983410862565
list:
dist: 2.7858046142557966 vs. 2.7858046142557966
list:
dist: 2.077448267768215 vs. 2.077448267768215
list:
dist: 2.4526934571829004 vs. 2.4526934571829004
list:
dist: 2.9519673940302242 vs. 2.9519673940302242
list:
dist: 1.6413336490625803 vs. 1.6413336490625803
list:
dist: 1.7482466798886922 vs. 1.7482466798886922
list:
dist: 1.8770740432826505 vs. 1.8770740432826505
list:
dist: 1.4873226486557396 vs. 1.4873226486557396
list:
dist: 2.3780609779393895 vs. 2.3780609779393895
list:
dist: 2.560167381891902 vs. 2.560167381891902
900
rk
<OccurredElementalReaction>
	 elmtlRkId: 2
	 p(id,type,coords) 72 3 1.2039841563490385 -0.02461823708924462 16.91382470062932
</OccurredElementalReaction>
]]></system-out>
  <system-err><![CDATA[]]></system-err>
</testsuite>
