<?xml version="1.0" encoding="UTF-8" ?>
<testsuite errors="0" failures="0" hostname="Johanness-MacBook-Pro-4.local" name="readdy.impl.sim.core.bd.DiffusionEngineTest" tests="2" time="0.369" timestamp="2014-02-10T16:36:27">
  <properties>
    <property name="netbeans.autoupdate.country" value="US" />
    <property name="nb.wait.for.caches" value="true" />
    <property name="javac.test.classpath" value="lib/colt.jar:lib/statlab.jar:build/classes:/Applications/NetBeans/NetBeans 7.2.1.app/Contents/Resources/NetBeans/platform/modules/ext/junit-4.10.jar" />
    <property name="libs.junit.javadoc" value="/Applications/NetBeans/NetBeans 7.2.1.app/Contents/Resources/NetBeans/java/docs/junit-3.8.2-api.zip" />
    <property name="file.reference.colt.jar" value="lib/colt.jar" />
    <property name="ant.core.lib" value="/Applications/NetBeans/NetBeans 7.2.1.app/Contents/Resources/NetBeans/java/ant/lib/ant.jar" />
    <property name="javadoc.windowtitle" value="" />
    <property name="user.dir" value="/Users/johannesschoeneberg/Desktop/PhD/projects/ReaDDy/gitHub/readdy" />
    <property name="com.apple.mrj.application.apple.menu.about.name" value="NetBeans" />
    <property name="libs.hibernate-persistence.javadoc" value="" />
    <property name="java.vm.version" value="24.51-b03" />
    <property name="libs.MyLibrary.src" value="" />
    <property name="libs.MySQLDriver.classpath" value="/Applications/NetBeans/NetBeans 7.2.1.app/Contents/Resources/NetBeans/ide/modules/ext/mysql-connector-java-5.1.18-bin.jar" />
    <property name="libs.eclipselinkmodelgen.src" value="" />
    <property name="javadoc.notree" value="false" />
    <property name="netbeans.autoupdate.version" value="1.23" />
    <property name="libs.EclipseLink-GlassFish-v3.classpath" value="/Applications/NetBeans/glassfish-3.0.1/glassfish/modules/org.eclipse.persistence.antlr.jar:/Applications/NetBeans/glassfish-3.0.1/glassfish/modules/org.eclipse.persistence.asm.jar:/Applications/NetBeans/glassfish-3.0.1/glassfish/modules/org.eclipse.persistence.core.jar:/Applications/NetBeans/glassfish-3.0.1/glassfish/modules/org.eclipse.persistence.jpa.jar:/Applications/NetBeans/glassfish-3.0.1/glassfish/modules/org.eclipse.persistence.jpa.modelgen.jar:/Applications/NetBeans/glassfish-3.0.1/glassfish/modules/org.eclipse.persistence.oracle.jar:/Applications/NetBeans/glassfish-3.0.1/glassfish/modules/javax.persistence.jar" />
    <property name="libs.hibernate-support.maven-pom" value="" />
    <property name="libs.hibernate-support.javadoc" value="" />
    <property name="jdk.home" value="/Library/Java/JavaVirtualMachines/jdk1.7.0_51.jdk/Contents/Home" />
    <property name="libs.javac-api.src" value="" />
    <property name="javadoc.noindex" value="false" />
    <property name="sun.os.patch.level" value="unknown" />
    <property name="do.archive+manifest.available" value="true" />
    <property name="java.vm.specification.name" value="Java Virtual Machine Specification" />
    <property name="nb.show.statistics.ui" value="usageStatisticsEnabled" />
    <property name="netbeans.autoupdate.variant" value="" />
    <property name="have.tests" value="true" />
    <property name="org.xml.sax.driver" value="com.sun.org.apache.xerces.internal.jaxp.SAXParserImpl$JAXPSAXParser" />
    <property name="libs.javac-api.javadoc" value="" />
    <property name="os.name" value="Mac OS X" />
    <property name="libs.beans-binding.classpath" value="/Applications/NetBeans/NetBeans 7.2.1.app/Contents/Resources/NetBeans/java/modules/ext/beansbinding-1.2.1.jar" />
    <property name="libs.JWSAntTasks.maven-pom" value="" />
    <property name="jnlp.signing.keystore" value="" />
    <property name="libs.testng.src" value="" />
    <property name="java.vendor.url.bug" value="http://bugreport.sun.com/bugreport/" />
    <property name="libs.jaxb.maven-pom" value="" />
    <property name="os.arch" value="x86_64" />
    <property name="libs.eclipselink.src" value="" />
    <property name="user.name" value="johannesschoeneberg" />
    <property name="libs.Comet-GlassFish-v3.javadoc" value="" />
    <property name="copylibs.rebase" value="true" />
    <property name="manifest.available+main.class" value="true" />
    <property name="libs.swing-layout.maven-pom" value="" />
    <property name="sun.java.command" value="org.apache.tools.ant.taskdefs.optional.junit.JUnitTestRunner readdy.impl.sim.core.bd.DiffusionEngineTest filtertrace=true haltOnError=false haltOnFailure=false showoutput=true outputtoformatters=true logfailedtests=true logtestlistenerevents=true formatter=org.apache.tools.ant.taskdefs.optional.junit.BriefJUnitResultFormatter formatter=org.apache.tools.ant.taskdefs.optional.junit.XMLJUnitResultFormatter,/Users/johannesschoeneberg/Desktop/PhD/projects/ReaDDy/gitHub/readdy/build/test/results/TEST-readdy.impl.sim.core.bd.DiffusionEngineTest.xml crashfile=/Users/johannesschoeneberg/Desktop/PhD/projects/ReaDDy/gitHub/readdy/build/junitvmwatcher7216467453900474814.properties propsfile=/Users/johannesschoeneberg/Desktop/PhD/projects/ReaDDy/gitHub/readdy/build/junit7085363520658494739.properties" />
    <property name="build.classes.dir" value="build/classes" />
    <property name="netbeans.accept_license_class" value="org.netbeans.license.AcceptLicense" />
    <property name="jnlp.descriptor" value="application" />
    <property name="build.sysclasspath" value="ignore" />
    <property name="libs.jaxws21.javadoc" value="/Applications/NetBeans/NetBeans 7.2.1.app/Contents/Resources/NetBeans/java/docs/jaxws-api-doc.zip" />
    <property name="includes" value="**" />
    <property name="user.country" value="US" />
    <property name="manifest.file" value="manifest.mf" />
    <property name="javadoc.encoding" value="UTF-8" />
    <property name="javac.classpath" value="lib/colt.jar:lib/statlab.jar" />
    <property name="debug-transport" value="dt_socket" />
    <property name="netbeans.system_http_non_proxy_hosts" value="" />
    <property name="com.sun.mysql.port" value="3306" />
    <property name="netbeans.home" value="/Applications/NetBeans/NetBeans 7.2.1.app/Contents/Resources/NetBeans/platform" />
    <property name="build.compiler.emacs" value="true" />
    <property name="libs.ejb3-persistence.src" value="" />
    <property name="java.endorsed.dirs" value="/Library/Java/JavaVirtualMachines/jdk1.7.0_51.jdk/Contents/Home/jre/lib/endorsed" />
    <property name="libs.Comet-GlassFish-v3.maven-pom" value="" />
    <property name="netbeans.dynamic.classpath" value="/Applications/NetBeans/NetBeans 7.2.1.app/Contents/Resources/NetBeans/platform/core/core.jar:/Applications/NetBeans/NetBeans 7.2.1.app/Contents/Resources/NetBeans/platform/core/org-openide-filesystems.jar:/Applications/NetBeans/NetBeans 7.2.1.app/Contents/Resources/NetBeans/platform/core/locale/core_ja.jar:/Applications/NetBeans/NetBeans 7.2.1.app/Contents/Resources/NetBeans/platform/core/locale/core_pt_BR.jar:/Applications/NetBeans/NetBeans 7.2.1.app/Contents/Resources/NetBeans/platform/core/locale/core_ru.jar:/Applications/NetBeans/NetBeans 7.2.1.app/Contents/Resources/NetBeans/platform/core/locale/core_zh_CN.jar:/Applications/NetBeans/NetBeans 7.2.1.app/Contents/Resources/NetBeans/platform/core/locale/org-openide-filesystems_ja.jar:/Applications/NetBeans/NetBeans 7.2.1.app/Contents/Resources/NetBeans/platform/core/locale/org-openide-filesystems_pt_BR.jar:/Applications/NetBeans/NetBeans 7.2.1.app/Contents/Resources/NetBeans/platform/core/locale/org-openide-filesystems_ru.jar:/Applications/NetBeans/NetBeans 7.2.1.app/Contents/Resources/NetBeans/platform/core/locale/org-openide-filesystems_zh_CN.jar:/Applications/NetBeans/NetBeans 7.2.1.app/Contents/Resources/NetBeans/nb/core/org-netbeans-upgrader.jar:/Applications/NetBeans/NetBeans 7.2.1.app/Contents/Resources/NetBeans/nb/core/locale/core_nb.jar:/Applications/NetBeans/NetBeans 7.2.1.app/Contents/Resources/NetBeans/nb/core/locale/core_nb_ja.jar:/Applications/NetBeans/NetBeans 7.2.1.app/Contents/Resources/NetBeans/nb/core/locale/core_nb_pt_BR.jar:/Applications/NetBeans/NetBeans 7.2.1.app/Contents/Resources/NetBeans/nb/core/locale/core_nb_ru.jar:/Applications/NetBeans/NetBeans 7.2.1.app/Contents/Resources/NetBeans/nb/core/locale/core_nb_zh_CN.jar:/Applications/NetBeans/NetBeans 7.2.1.app/Contents/Resources/NetBeans/nb/core/locale/org-netbeans-upgrader_ja.jar:/Applications/NetBeans/NetBeans 7.2.1.app/Contents/Resources/NetBeans/nb/core/locale/org-netbeans-upgrader_pt_BR.jar:/Applications/NetBeans/NetBeans 7.2.1.app/Contents/Resources/NetBeans/nb/core/locale/org-netbeans-upgrader_ru.jar:/Applications/NetBeans/NetBeans 7.2.1.app/Contents/Resources/NetBeans/nb/core/locale/org-netbeans-upgrader_zh_CN.jar" />
    <property name="jnlp.enabled" value="false" />
    <property name="java.vm.specification.version" value="1.7" />
    <property name="ftp.nonProxyHosts" value="local|*.local|169.254/16|*.169.254/16" />
    <property name="netbeans.productversion" value="NetBeans IDE 7.2.1 (Build 201210100934)" />
    <property name="libs.hibernate-persistence.classpath" value="/Applications/NetBeans/NetBeans 7.2.1.app/Contents/Resources/NetBeans/java/modules/ext/hibernate/antlr-2.7.6.jar:/Applications/NetBeans/NetBeans 7.2.1.app/Contents/Resources/NetBeans/java/modules/ext/hibernate/asm.jar:/Applications/NetBeans/NetBeans 7.2.1.app/Contents/Resources/NetBeans/java/modules/ext/hibernate/asm-attrs.jar:/Applications/NetBeans/NetBeans 7.2.1.app/Contents/Resources/NetBeans/java/modules/ext/hibernate/cglib-2.1.3.jar:/Applications/NetBeans/NetBeans 7.2.1.app/Contents/Resources/NetBeans/java/modules/ext/hibernate/commons-collections-2.1.1.jar:/Applications/NetBeans/NetBeans 7.2.1.app/Contents/Resources/NetBeans/ide/modules/org-apache-commons-logging.jar:/Applications/NetBeans/NetBeans 7.2.1.app/Contents/Resources/NetBeans/java/modules/ext/hibernate/dom4j-1.6.1.jar:/Applications/NetBeans/NetBeans 7.2.1.app/Contents/Resources/NetBeans/java/modules/ext/hibernate/ehcache-1.2.3.jar:/Applications/NetBeans/NetBeans 7.2.1.app/Contents/Resources/NetBeans/java/modules/ext/hibernate/jdbc2_0-stdext.jar:/Applications/NetBeans/NetBeans 7.2.1.app/Contents/Resources/NetBeans/java/modules/ext/hibernate/jta.jar:/Applications/NetBeans/NetBeans 7.2.1.app/Contents/Resources/NetBeans/java/modules/ext/hibernate/hibernate3.jar:/Applications/NetBeans/NetBeans 7.2.1.app/Contents/Resources/NetBeans/java/modules/ext/hibernate/hibernate-tools.jar:/Applications/NetBeans/NetBeans 7.2.1.app/Contents/Resources/NetBeans/java/modules/ext/hibernate/hibernate-annotations.jar:/Applications/NetBeans/NetBeans 7.2.1.app/Contents/Resources/NetBeans/java/modules/ext/hibernate/hibernate-commons-annotations.jar:/Applications/NetBeans/NetBeans 7.2.1.app/Contents/Resources/NetBeans/java/modules/ext/hibernate/hibernate-entitymanager.jar:/Applications/NetBeans/NetBeans 7.2.1.app/Contents/Resources/NetBeans/java/modules/ext/hibernate/javassist.jar:/Applications/NetBeans/NetBeans 7.2.1.app/Contents/Resources/NetBeans/java/modules/ext/hibernate/ejb3-persistence.jar" />
    <property name="libs.jaxws21.src" value="" />
    <property name="application.title" value="ReaDDy" />
    <property name="do.archive" value="true" />
    <property name="netbeans.autoupdate.language" value="en" />
    <property name="java.vendor" value="Oracle Corporation" />
    <property name="sun.font.fontmanager" value="sun.font.CFontManager" />
    <property name="jar.index.metainf" value="false" />
    <property name="javac.debug" value="true" />
    <property name="javadoc.splitindex" value="true" />
    <property name="file.separator" value="/" />
    <property name="libs.junit_4.maven-pom" value="" />
    <property name="mkdist.disabled" value="false" />
    <property name="javac.test.processorpath" value="lib/colt.jar:lib/statlab.jar:build/classes:/Applications/NetBeans/NetBeans 7.2.1.app/Contents/Resources/NetBeans/platform/modules/ext/junit-4.10.jar" />
    <property name="netbeans.buildnumber" value="201210100934" />
    <property name="libs.JWSAntTasks.javadoc" value="" />
    <property name="build.generated.sources.dir" value="build/generated-sources" />
    <property name="libs.eclipselinkmodelgen.classpath" value="/Applications/NetBeans/NetBeans 7.2.1.app/Contents/Resources/NetBeans/java/modules/ext/eclipselink/org.eclipse.persistence.jpa.modelgen.processor-2.3.2.jar" />
    <property name="sun.java.launcher" value="SUN_STANDARD" />
    <property name="libs.junit.classpath" value="/Applications/NetBeans/NetBeans 7.2.1.app/Contents/Resources/NetBeans/java/modules/ext/junit-3.8.2.jar" />
    <property name="libs.jaxb.javadoc" value="/Applications/NetBeans/NetBeans 7.2.1.app/Contents/Resources/NetBeans/ide/docs/jaxb-api-doc.zip" />
    <property name="ant.home" value="/Applications/NetBeans/NetBeans 7.2.1.app/Contents/Resources/NetBeans/java/ant" />
    <property name="libs.junit_4.src" value="/Applications/NetBeans/NetBeans 7.2.1.app/Contents/Resources/NetBeans/java/docs/junit-4.10-sources.jar" />
    <property name="libs.testng.classpath" value="/Applications/NetBeans/NetBeans 7.2.1.app/Contents/Resources/NetBeans/platform/modules/ext/testng-6.5.1-dist.jar" />
    <property name="libs.absolutelayout.maven-pom" value="" />
    <property name="ant.java.version" value="1.7" />
    <property name="java.library.path" value="/Users/johannesschoeneberg/Library/Java/Extensions:/Library/Java/Extensions:/Network/Library/Java/Extensions:/System/Library/Java/Extensions:/usr/lib/java:." />
    <property name="javadoc.author" value="false" />
    <property name="manifest.available+main.class-mkdist.available" value="true" />
    <property name="libs.EclipseLink-GlassFish-v3.src" value="" />
    <property name="java.util.logging.config.class" value="org.netbeans.core.startup.TopLogging" />
    <property name="libs.PostgreSQLDriver.src" value="" />
    <property name="sun.arch.data.model" value="64" />
    <property name="basedir" value="/Users/johannesschoeneberg/Desktop/PhD/projects/ReaDDy/gitHub/readdy" />
    <property name="libs.jpa20-persistence.maven-pom" value="" />
    <property name="jar.compress" value="false" />
    <property name="path.separator" value=":" />
    <property name="ant.junit.enabletestlistenerevents" value="true" />
    <property name="sun.io.unicode.encoding" value="UnicodeBig" />
    <property name="libs.jaxws21.classpath" value="/Applications/NetBeans/NetBeans 7.2.1.app/Contents/Resources/NetBeans/ide/modules/ext/jaxb/jaxb-impl.jar:/Applications/NetBeans/NetBeans 7.2.1.app/Contents/Resources/NetBeans/ide/modules/ext/jaxb/jaxb-xjc.jar:/Applications/NetBeans/NetBeans 7.2.1.app/Contents/Resources/NetBeans/java/modules/ext/jaxws22/FastInfoset.jar:/Applications/NetBeans/NetBeans 7.2.1.app/Contents/Resources/NetBeans/java/modules/ext/jaxws22/gmbal-api-only.jar:/Applications/NetBeans/NetBeans 7.2.1.app/Contents/Resources/NetBeans/java/modules/ext/jaxws22/ha-api.jar:/Applications/NetBeans/NetBeans 7.2.1.app/Contents/Resources/NetBeans/java/modules/ext/jaxws22/javax.mail_1.4.jar:/Applications/NetBeans/NetBeans 7.2.1.app/Contents/Resources/NetBeans/java/modules/ext/jaxws22/jaxws-rt.jar:/Applications/NetBeans/NetBeans 7.2.1.app/Contents/Resources/NetBeans/java/modules/ext/jaxws22/jaxws-tools.jar:/Applications/NetBeans/NetBeans 7.2.1.app/Contents/Resources/NetBeans/java/modules/ext/jaxws22/management-api.jar:/Applications/NetBeans/NetBeans 7.2.1.app/Contents/Resources/NetBeans/java/modules/ext/jaxws22/mimepull.jar:/Applications/NetBeans/NetBeans 7.2.1.app/Contents/Resources/NetBeans/java/modules/ext/jaxws22/policy.jar:/Applications/NetBeans/NetBeans 7.2.1.app/Contents/Resources/NetBeans/java/modules/ext/jaxws22/saaj-impl.jar:/Applications/NetBeans/NetBeans 7.2.1.app/Contents/Resources/NetBeans/java/modules/ext/jaxws22/stax-ex.jar:/Applications/NetBeans/NetBeans 7.2.1.app/Contents/Resources/NetBeans/java/modules/ext/jaxws22/stax2-api.jar:/Applications/NetBeans/NetBeans 7.2.1.app/Contents/Resources/NetBeans/java/modules/ext/jaxws22/streambuffer.jar:/Applications/NetBeans/NetBeans 7.2.1.app/Contents/Resources/NetBeans/java/modules/ext/jaxws22/woodstox-core-asl.jar:/Applications/NetBeans/NetBeans 7.2.1.app/Contents/Resources/NetBeans/java/modules/ext/jaxws22/api/jaxws-api.jar:/Applications/NetBeans/NetBeans 7.2.1.app/Contents/Resources/NetBeans/java/modules/ext/jaxws22/api/jsr181-api.jar:/Applications/NetBeans/NetBeans 7.2.1.app/Contents/Resources/NetBeans/java/modules/ext/jaxws22/api/javax.annotation.jar:/Applications/NetBeans/NetBeans 7.2.1.app/Contents/Resources/NetBeans/java/modules/ext/jaxws22/api/saaj-api.jar:/Applications/NetBeans/NetBeans 7.2.1.app/Contents/Resources/NetBeans/ide/modules/ext/jaxb/activation.jar:/Applications/NetBeans/NetBeans 7.2.1.app/Contents/Resources/NetBeans/ide/modules/ext/jaxb/api/jaxb-api.jar:/Applications/NetBeans/NetBeans 7.2.1.app/Contents/Resources/NetBeans/ide/modules/ext/jaxb/api/jsr173_1.0_api.jar" />
    <property name="compile.on.save" value="true" />
    <property name="ant.file.ReaDDy" value="/Users/johannesschoeneberg/Desktop/PhD/projects/ReaDDy/gitHub/readdy/build.xml" />
    <property name="apple.awt.graphics.UseQuartz" value="true" />
    <property name="user.language" value="en" />
    <property name="testng.mode" value="testng" />
    <property name="libs.JAXB-ENDORSED.maven-pom" value="" />
    <property name="libs.spring-framework.classpath" value="/Applications/NetBeans/NetBeans 7.2.1.app/Contents/Resources/NetBeans/ide/modules/org-apache-commons-logging.jar:/Applications/NetBeans/NetBeans 7.2.1.app/Contents/Resources/NetBeans/java/modules/ext/cglib-2.2.jar:/Applications/NetBeans/NetBeans 7.2.1.app/Contents/Resources/NetBeans/java/modules/ext/spring/spring-2.5.6.SEC03.jar" />
    <property name="libs.eclipselink.maven-pom" value="" />
    <property name="application.vendor" value="Jojo" />
    <property name="manifest.available" value="true" />
    <property name="libs.spring-framework300.maven-pom" value="" />
    <property name="run.test.classpath" value="lib/colt.jar:lib/statlab.jar:build/classes:/Applications/NetBeans/NetBeans 7.2.1.app/Contents/Resources/NetBeans/platform/modules/ext/junit-4.10.jar:build/test/classes" />
    <property name="ant.project.invoked-targets" value="test" />
    <property name="libs.swing-layout.javadoc" value="/Applications/NetBeans/NetBeans 7.2.1.app/Contents/Resources/NetBeans/platform/docs/swing-layout-1.0.4-doc.zip" />
    <property name="libs.ejb3-persistence.maven-pom" value="" />
    <property name="gopherProxySet" value="false" />
    <property name="libs.PostgreSQLDriver.maven-pom" value="" />
    <property name="java.class.version" value="51.0" />
    <property name="netbeans.system_http_proxy" value="DIRECT" />
    <property name="libs.eclipselink.javadoc" value="" />
    <property name="user.properties.file" value="/Users/johannesschoeneberg/Library/Application Support/NetBeans/7.2.1/build.properties" />
    <property name="runtime.encoding" value="UTF-8" />
    <property name="libs.spring-framework.src" value="" />
    <property name="libs.javac-api.maven-pom" value="" />
    <property name="file.encoding.pkg" value="sun.io" />
    <property name="sun.cpu.endian" value="little" />
    <property name="libs.JAXB-ENDORSED.javadoc" value="" />
    <property name="libs.JWSAntTasks.classpath" value="/Applications/NetBeans/NetBeans 7.2.1.app/Contents/Resources/NetBeans/java/ant/extra/org-netbeans-modules-javawebstart-anttasks.jar" />
    <property name="libs.spring-framework300.src" value="" />
    <property name="empty.dir" value="/Users/johannesschoeneberg/Desktop/PhD/projects/ReaDDy/gitHub/readdy/build/empty" />
    <property name="version-output" value="java version &quot;1.7" />
    <property name="javadoc.preview" value="true" />
    <property name="socksNonProxyHosts" value="local|*.local|169.254/16|*.169.254/16" />
    <property name="libs.jpa20-persistence.javadoc" value="" />
    <property name="java.home" value="/Library/Java/JavaVirtualMachines/jdk1.7.0_51.jdk/Contents/Home/jre" />
    <property name="debug.test.classpath" value="lib/colt.jar:lib/statlab.jar:build/classes:/Applications/NetBeans/NetBeans 7.2.1.app/Contents/Resources/NetBeans/platform/modules/ext/junit-4.10.jar:build/test/classes" />
    <property name="netbeans.importclass" value="org.netbeans.upgrade.AutoUpgrade" />
    <property name="ant.project.default-target" value="default" />
    <property name="annotation.processing.run.all.processors" value="true" />
    <property name="libs.MyLibrary.classpath" value="/Users/Jojo/NetBeansProjects/IoTools/dist/IoTools.jar" />
    <property name="jar.archive.disabled" value="false" />
    <property name="jnlp.signing.alias" value="" />
    <property name="libs.PostgreSQLDriver.javadoc" value="" />
    <property name="com.sun.mysql.stopcommand" value="/usr/local/mysql/support-files/mysql-admin.server" />
    <property name="libs.MySQLDriver.maven-pom" value="" />
    <property name="ant.file.type.ReaDDy-impl" value="file" />
    <property name="http.nonProxyHosts" value="local|*.local|169.254/16|*.169.254/16" />
    <property name="libs.junit_4.javadoc" value="/Applications/NetBeans/NetBeans 7.2.1.app/Contents/Resources/NetBeans/java/docs/junit-4.10-javadoc.jar" />
    <property name="libs.EclipseLink-GlassFish-v3.maven-pom" value="" />
    <property name="run.classpath" value="lib/colt.jar:lib/statlab.jar:build/classes" />
    <property name="libs.hibernate-support.src" value="" />
    <property name="jna.boot.library.name" value="jnidispatch-340" />
    <property name="sun.awt.datatransfer.timeout" value="1000" />
    <property name="annotation.processing.enabled.in.editor" value="false" />
    <property name="sun.management.compiler" value="HotSpot 64-Bit Tiered Compilers" />
    <property name="javac.deprecation" value="false" />
    <property name="javadoc.use" value="true" />
    <property name="sun.java2d.noddraw" value="true" />
    <property name="javac.processorpath" value="lib/colt.jar:lib/statlab.jar" />
    <property name="javac.compilerargs" value="" />
    <property name="svnkit.http.methods" value="Basic" />
    <property name="ant.file" value="/Users/johannesschoeneberg/Desktop/PhD/projects/ReaDDy/gitHub/readdy/build.xml" />
    <property name="libs.beans-binding.maven-pom" value="" />
    <property name="jnlp.codebase.type" value="no.codebase" />
    <property name="libs.beans-binding.src" value="" />
    <property name="java.vm.specification.vendor" value="Oracle Corporation" />
    <property name="libs.swing-layout.src" value="/Applications/NetBeans/NetBeans 7.2.1.app/Contents/Resources/NetBeans/platform/docs/swing-layout-1.0.4-src.zip" />
    <property name="org.openide.major.version" value="IDE/1" />
    <property name="java.vm.name" value="Java HotSpot(TM) 64-Bit Server VM" />
    <property name="netbeans.user" value="/Users/johannesschoeneberg/Library/Application Support/NetBeans/7.2.1" />
    <property name="javadoc.additionalparam" value="" />
    <property name="jnlp.offline-allowed" value="false" />
    <property name="java.io.tmpdir" value="/var/folders/3g/_bpdg45s3zv2x4ktzdvpvsnw0000gn/T/" />
    <property name="java.vendor.url" value="http://java.oracle.com/" />
    <property name="endorsed.classpath.cmd.line.arg" value="" />
    <property name="junit.available" value="true" />
    <property name="org.openide.awt.ActionReference.completion" value="org.netbeans.modules.apisupport.project.layers.PathCompletions" />
    <property name="sun.boot.library.path" value="/Library/Java/JavaVirtualMachines/jdk1.7.0_51.jdk/Contents/Home/jre/lib" />
    <property name="have.sources" value="true" />
    <property name="debug.classpath" value="lib/colt.jar:lib/statlab.jar:build/classes" />
    <property name="javadoc.private" value="false" />
    <property name="test.src.dir" value="test" />
    <property name="libs.MyLibrary.javadoc" value="" />
    <property name="meta.inf.dir" value="src/META-INF" />
    <property name="javadoc.encoding.used" value="UTF-8" />
    <property name="dist.jar" value="dist/ReaDDy.jar" />
    <property name="java.runtime.name" value="Java(TM) SE Runtime Environment" />
    <property name="ant.project.name" value="ReaDDy" />
    <property name="netbeans.hash.code" value="unique=NB_JAVA056e4f842-5fe4-4f9b-9400-70920d741659_f13b8425-b6a4-4f8b-97bd-90bd6ef862dd" />
    <property name="netbeans.default_userdir_root" value="/Users/johannesschoeneberg/Library/Application Support/NetBeans" />
    <property name="manifest.available-mkdist.available" value="true" />
    <property name="sun.cpu.isalist" value="" />
    <property name="libs.CopyLibs.javadoc" value="" />
    <property name="org.openide.specification.version" value="6.2" />
    <property name="libs.hibernate-support.classpath" value="/Applications/NetBeans/NetBeans 7.2.1.app/Contents/Resources/NetBeans/java/modules/ext/hibernate/antlr-2.7.6.jar:/Applications/NetBeans/NetBeans 7.2.1.app/Contents/Resources/NetBeans/java/modules/ext/hibernate/asm.jar:/Applications/NetBeans/NetBeans 7.2.1.app/Contents/Resources/NetBeans/java/modules/ext/hibernate/asm-attrs.jar:/Applications/NetBeans/NetBeans 7.2.1.app/Contents/Resources/NetBeans/java/modules/ext/hibernate/cglib-2.1.3.jar:/Applications/NetBeans/NetBeans 7.2.1.app/Contents/Resources/NetBeans/java/modules/ext/hibernate/commons-collections-2.1.1.jar:/Applications/NetBeans/NetBeans 7.2.1.app/Contents/Resources/NetBeans/ide/modules/org-apache-commons-logging.jar:/Applications/NetBeans/NetBeans 7.2.1.app/Contents/Resources/NetBeans/java/modules/ext/hibernate/dom4j-1.6.1.jar:/Applications/NetBeans/NetBeans 7.2.1.app/Contents/Resources/NetBeans/java/modules/ext/hibernate/ehcache-1.2.3.jar:/Applications/NetBeans/NetBeans 7.2.1.app/Contents/Resources/NetBeans/java/modules/ext/hibernate/jdbc2_0-stdext.jar:/Applications/NetBeans/NetBeans 7.2.1.app/Contents/Resources/NetBeans/java/modules/ext/hibernate/jta.jar:/Applications/NetBeans/NetBeans 7.2.1.app/Contents/Resources/NetBeans/java/modules/ext/hibernate/hibernate3.jar:/Applications/NetBeans/NetBeans 7.2.1.app/Contents/Resources/NetBeans/java/modules/ext/hibernate/hibernate-tools.jar:/Applications/NetBeans/NetBeans 7.2.1.app/Contents/Resources/NetBeans/java/modules/ext/hibernate/hibernate-annotations.jar:/Applications/NetBeans/NetBeans 7.2.1.app/Contents/Resources/NetBeans/java/modules/ext/hibernate/hibernate-commons-annotations.jar:/Applications/NetBeans/NetBeans 7.2.1.app/Contents/Resources/NetBeans/java/modules/ext/hibernate/hibernate-entitymanager.jar:/Applications/NetBeans/NetBeans 7.2.1.app/Contents/Resources/NetBeans/java/modules/ext/hibernate/javassist.jar" />
    <property name="user.home" value="/Users/johannesschoeneberg" />
    <property name="annotation.processing.processors.list" value="" />
    <property name="debug-args-line" value="-Xdebug" />
    <property name="libs.JWSAntTasks.src" value="" />
    <property name="jar.index" value="false" />
    <property name="libs.CopyLibs.maven-pom" value="" />
    <property name="libs.spring-framework300.javadoc" value="" />
    <property name="libs.hibernate-persistence.maven-pom" value="" />
    <property name="libs.absolutelayout.javadoc" value="" />
    <property name="java.specification.name" value="Java Platform API Specification" />
    <property name="do.archive+main.class.available" value="true" />
    <property name="jnlp.mixed.code" value="default" />
    <property name="java.specification.vendor" value="Oracle Corporation" />
    <property name="libs.javac-api.classpath" value="/Applications/NetBeans/NetBeans 7.2.1.app/Contents/Resources/NetBeans/java/modules/ext/nb-javac-api.jar" />
    <property name="java.version" value="1.7.0_51" />
    <property name="run.jvmargs.ide" value="" />
    <property name="javadoc.version" value="false" />
    <property name="libs.MySQLDriver.javadoc" value="" />
    <property name="org.openide.version" value="deprecated" />
    <property name="ant.file.ReaDDy-impl" value="/Users/johannesschoeneberg/Desktop/PhD/projects/ReaDDy/gitHub/readdy/nbproject/build-impl.xml" />
    <property name="source.encoding" value="UTF-8" />
    <property name="ap.cmd.line.internal" value="" />
    <property name="libs.eclipselinkmodelgen.maven-pom" value="" />
    <property name="libs.junit.maven-pom" value="" />
    <property name="libs.eclipselinkmodelgen.javadoc" value="" />
    <property name="netbeans.home+have.tests" value="true" />
    <property name="annotation.processing.processor.options" value="" />
    <property name="libs.testng.maven-pom" value="" />
    <property name="libs.jaxb.src" value="" />
    <property name="work.dir" value="/Users/johannesschoeneberg/Desktop/PhD/projects/ReaDDy/gitHub/readdy" />
    <property name="libs.jaxb.classpath" value="/Applications/NetBeans/NetBeans 7.2.1.app/Contents/Resources/NetBeans/ide/modules/ext/jaxb/jaxb-impl.jar:/Applications/NetBeans/NetBeans 7.2.1.app/Contents/Resources/NetBeans/ide/modules/ext/jaxb/jaxb-xjc.jar:/Applications/NetBeans/NetBeans 7.2.1.app/Contents/Resources/NetBeans/ide/modules/ext/jaxb/jaxb1-impl.jar:/Applications/NetBeans/NetBeans 7.2.1.app/Contents/Resources/NetBeans/ide/modules/ext/jaxb/activation.jar:/Applications/NetBeans/NetBeans 7.2.1.app/Contents/Resources/NetBeans/ide/modules/ext/jaxb/api/jaxb-api.jar:/Applications/NetBeans/NetBeans 7.2.1.app/Contents/Resources/NetBeans/ide/modules/ext/jaxb/api/jsr173_1.0_api.jar" />
    <property name="do.depend" value="false" />
    <property name="com.sun.mysql.startargs" value="start" />
    <property name="dist.javadoc.dir" value="dist/javadoc" />
    <property name="libs.swing-layout.classpath" value="/Applications/NetBeans/NetBeans 7.2.1.app/Contents/Resources/NetBeans/platform/modules/ext/swing-layout-1.0.4.jar" />
    <property name="build.generated.dir" value="build/generated" />
    <property name="javac.source" value="1.5" />
    <property name="libs.hibernate-persistence.src" value="" />
    <property name="line.separator" value="&#xa;" />
    <property name="java.specification.version" value="1.7" />
    <property name="libs.jaxws21.maven-pom" value="" />
    <property name="java.vm.info" value="mixed mode" />
    <property name="nb.junit.batch" value="true" />
    <property name="junit.forkmode" value="perTest" />
    <property name="libs.spring-framework.maven-pom" value="" />
    <property name="sun.boot.class.path" value="/Library/Java/JavaVirtualMachines/jdk1.7.0_51.jdk/Contents/Home/jre/lib/resources.jar:/Library/Java/JavaVirtualMachines/jdk1.7.0_51.jdk/Contents/Home/jre/lib/rt.jar:/Library/Java/JavaVirtualMachines/jdk1.7.0_51.jdk/Contents/Home/jre/lib/sunrsasign.jar:/Library/Java/JavaVirtualMachines/jdk1.7.0_51.jdk/Contents/Home/jre/lib/jsse.jar:/Library/Java/JavaVirtualMachines/jdk1.7.0_51.jdk/Contents/Home/jre/lib/jce.jar:/Library/Java/JavaVirtualMachines/jdk1.7.0_51.jdk/Contents/Home/jre/lib/charsets.jar:/Library/Java/JavaVirtualMachines/jdk1.7.0_51.jdk/Contents/Home/jre/lib/jfr.jar:/Library/Java/JavaVirtualMachines/jdk1.7.0_51.jdk/Contents/Home/jre/classes" />
    <property name="javac.target" value="1.5" />
    <property name="built-jar.properties" value="/Users/johannesschoeneberg/Desktop/PhD/projects/ReaDDy/gitHub/readdy/build/built-jar.properties" />
    <property name="build.test.classes.dir" value="build/test/classes" />
    <property name="src.dir" value="src" />
    <property name="annotation.processing.enabled" value="true" />
    <property name="com.sun.mysql.startcommand" value="/usr/local/mysql/support-files/mysql-admin.server" />
    <property name="libs.jpa20-persistence.src" value="" />
    <property name="file.reference.statlab.jar" value="lib/statlab.jar" />
    <property name="ignore.failing.tests" value="true" />
    <property name="libs.Comet-GlassFish-v3.classpath" value="/Applications/NetBeans/glassfish-3.0.1/glassfish/modules/grizzly-comet.jar" />
    <property name="dist.dir" value="dist" />
    <property name="do.archive+manifest.available+main.class" value="true" />
    <property name="testng.debug.mode" value="" />
    <property name="javac.fork" value="false" />
    <property name="java.awt.printerjob" value="sun.lwawt.macosx.CPrinterJob" />
    <property name="default.javac.source" value="1.7" />
    <property name="com.sun.mysql.stopargs" value="stop" />
    <property name="debug-transport-by-os" value="dt_socket" />
    <property name="libs.MySQLDriver.src" value="" />
    <property name="sun.jnu.encoding" value="UTF-8" />
    <property name="java.runtime.version" value="1.7.0_51-b13" />
    <property name="build.test.results.dir" value="build/test/results" />
    <property name="libs.ejb3-persistence.javadoc" value="" />
    <property name="manifest.available+main.class+mkdist.available" value="true" />
    <property name="jna.platform.library.path" value="/usr/lib:/usr/lib" />
    <property name="default.javac.target" value="1.7" />
    <property name="libs.junit_4.classpath" value="/Applications/NetBeans/NetBeans 7.2.1.app/Contents/Resources/NetBeans/platform/modules/ext/junit-4.10.jar" />
    <property name="user.timezone" value="" />
    <property name="nb.junit.single" value="false" />
    <property name="do.jar" value="true" />
    <property name="netbeans.dirs" value="/Applications/NetBeans/NetBeans 7.2.1.app/Contents/Resources/NetBeans/nb:/Applications/NetBeans/NetBeans 7.2.1.app/Contents/Resources/NetBeans/ergonomics:/Applications/NetBeans/NetBeans 7.2.1.app/Contents/Resources/NetBeans/ide:/Applications/NetBeans/NetBeans 7.2.1.app/Contents/Resources/NetBeans/java:/Applications/NetBeans/NetBeans 7.2.1.app/Contents/Resources/NetBeans/apisupport:/Applications/NetBeans/NetBeans 7.2.1.app/Contents/Resources/NetBeans/webcommon:/Applications/NetBeans/NetBeans 7.2.1.app/Contents/Resources/NetBeans/websvccommon:/Applications/NetBeans/NetBeans 7.2.1.app/Contents/Resources/NetBeans/enterprise:/Applications/NetBeans/NetBeans 7.2.1.app/Contents/Resources/NetBeans/mobility:/Applications/NetBeans/NetBeans 7.2.1.app/Contents/Resources/NetBeans/profiler:/Applications/NetBeans/NetBeans 7.2.1.app/Contents/Resources/NetBeans/python:/Applications/NetBeans/NetBeans 7.2.1.app/Contents/Resources/NetBeans/php:/Applications/NetBeans/NetBeans 7.2.1.app/Contents/Resources/NetBeans/identity:/Applications/NetBeans/NetBeans 7.2.1.app/Contents/Resources/NetBeans/harness:/Applications/NetBeans/NetBeans 7.2.1.app/Contents/Resources/NetBeans/cnd:/Applications/NetBeans/NetBeans 7.2.1.app/Contents/Resources/NetBeans/dlight:/Applications/NetBeans/NetBeans 7.2.1.app/Contents/Resources/NetBeans/groovy:/Applications/NetBeans/NetBeans 7.2.1.app/Contents/Resources/NetBeans/extra:/Applications/NetBeans/NetBeans 7.2.1.app/Contents/Resources/NetBeans/javacard:/Applications/NetBeans/NetBeans 7.2.1.app/Contents/Resources/NetBeans/javafx:" />
    <property name="java.ext.dirs" value="/Users/johannesschoeneberg/Library/Java/Extensions:/Library/Java/JavaVirtualMachines/jdk1.7.0_51.jdk/Contents/Home/jre/lib/ext:/Library/Java/Extensions:/Network/Library/Java/Extensions:/System/Library/Java/Extensions:/usr/lib/java" />
    <property name="libs.MyLibrary.maven-pom" value="" />
    <property name="endorsed.classpath" value="" />
    <property name="libs.absolutelayout.classpath" value="/Applications/NetBeans/NetBeans 7.2.1.app/Contents/Resources/NetBeans/java/modules/ext/AbsoluteLayout.jar" />
    <property name="excludes" value="" />
    <property name="java.class.path" value="/Users/johannesschoeneberg/Desktop/PhD/projects/ReaDDy/gitHub/readdy/lib/colt.jar:/Users/johannesschoeneberg/Desktop/PhD/projects/ReaDDy/gitHub/readdy/lib/statlab.jar:/Users/johannesschoeneberg/Desktop/PhD/projects/ReaDDy/gitHub/readdy/build/classes:/Applications/NetBeans/NetBeans 7.2.1.app/Contents/Resources/NetBeans/platform/modules/ext/junit-4.10.jar:/Users/johannesschoeneberg/Desktop/PhD/projects/ReaDDy/gitHub/readdy/build/test/classes:/Applications/NetBeans/NetBeans 7.2.1.app/Contents/Resources/NetBeans/java/ant/lib/ant-launcher.jar:/Applications/NetBeans/NetBeans 7.2.1.app/Contents/Resources/NetBeans/java/ant/lib/ant.jar:/Applications/NetBeans/NetBeans 7.2.1.app/Contents/Resources/NetBeans/java/ant/lib/ant-junit.jar:/Applications/NetBeans/NetBeans 7.2.1.app/Contents/Resources/NetBeans/java/ant/lib/ant-junit4.jar" />
    <property name="apple.laf.useScreenMenuBar" value="true" />
    <property name="do.mkdist" value="true" />
    <property name="libs.absolutelayout.src" value="" />
    <property name="libs.jpa20-persistence.classpath" value="/Applications/NetBeans/NetBeans 7.2.1.app/Contents/Resources/NetBeans/java/modules/ext/eclipselink/javax.persistence-2.0.3.jar" />
    <property name="os.version" value="10.9.1" />
    <property name="application.args" value="" />
    <property name="libs.EclipseLink-GlassFish-v3.javadoc" value="/Applications/NetBeans/NetBeans 6.9.app/Contents/Resources/NetBeans/enterprise/docs/javaee6-doc-api.zip" />
    <property name="main.class.available" value="true" />
    <property name="sun.awt.enableExtraMouseButtons" value="true" />
    <property name="libs.Comet-GlassFish-v3.src" value="" />
    <property name="libs.JAXB-ENDORSED.classpath" value="/Applications/NetBeans/NetBeans 7.2.1.app/Contents/Resources/NetBeans/ide/modules/ext/jaxb/api/jaxb-api.jar" />
    <property name="libs.eclipselink.classpath" value="/Applications/NetBeans/NetBeans 7.2.1.app/Contents/Resources/NetBeans/java/modules/ext/eclipselink/eclipselink-2.3.2.jar:/Applications/NetBeans/NetBeans 7.2.1.app/Contents/Resources/NetBeans/java/modules/ext/eclipselink/javax.persistence-2.0.3.jar:/Applications/NetBeans/NetBeans 7.2.1.app/Contents/Resources/NetBeans/java/modules/ext/eclipselink/org.eclipse.persistence.jpa.jpql_1.0.1.jar" />
    <property name="libs.beans-binding.javadoc" value="/Applications/NetBeans/NetBeans 7.2.1.app/Contents/Resources/NetBeans/java/docs/beansbinding-1.2.1-doc.zip" />
    <property name="java.awt.graphicsenv" value="sun.awt.CGraphicsEnvironment" />
    <property name="java.vm.vendor" value="Oracle Corporation" />
    <property name="libs.CopyLibs.classpath" value="/Applications/NetBeans/NetBeans 7.2.1.app/Contents/Resources/NetBeans/java/ant/extra/org-netbeans-modules-java-j2seproject-copylibstask.jar" />
    <property name="libs.spring-framework300.classpath" value="/Applications/NetBeans/NetBeans 7.2.1.app/Contents/Resources/NetBeans/ide/modules/org-apache-commons-logging.jar:/Applications/NetBeans/NetBeans 7.2.1.app/Contents/Resources/NetBeans/java/modules/ext/cglib-2.2.jar:/Applications/NetBeans/NetBeans 7.2.1.app/Contents/Resources/NetBeans/java/modules/ext/spring-3.0/spring-aop-3.1.1.RELEASE.jar:/Applications/NetBeans/NetBeans 7.2.1.app/Contents/Resources/NetBeans/java/modules/ext/spring-3.0/spring-asm-3.1.1.RELEASE.jar:/Applications/NetBeans/NetBeans 7.2.1.app/Contents/Resources/NetBeans/java/modules/ext/spring-3.0/spring-aspects-3.1.1.RELEASE.jar:/Applications/NetBeans/NetBeans 7.2.1.app/Contents/Resources/NetBeans/java/modules/ext/spring-3.0/spring-beans-3.1.1.RELEASE.jar:/Applications/NetBeans/NetBeans 7.2.1.app/Contents/Resources/NetBeans/java/modules/ext/spring-3.0/spring-context-3.1.1.RELEASE.jar:/Applications/NetBeans/NetBeans 7.2.1.app/Contents/Resources/NetBeans/java/modules/ext/spring-3.0/spring-context-support-3.1.1.RELEASE.jar:/Applications/NetBeans/NetBeans 7.2.1.app/Contents/Resources/NetBeans/java/modules/ext/spring-3.0/spring-core-3.1.1.RELEASE.jar:/Applications/NetBeans/NetBeans 7.2.1.app/Contents/Resources/NetBeans/java/modules/ext/spring-3.0/spring-expression-3.1.1.RELEASE.jar:/Applications/NetBeans/NetBeans 7.2.1.app/Contents/Resources/NetBeans/java/modules/ext/spring-3.0/spring-instrument-3.1.1.RELEASE.jar:/Applications/NetBeans/NetBeans 7.2.1.app/Contents/Resources/NetBeans/java/modules/ext/spring-3.0/spring-instrument-tomcat-3.1.1.RELEASE.jar:/Applications/NetBeans/NetBeans 7.2.1.app/Contents/Resources/NetBeans/java/modules/ext/spring-3.0/spring-jdbc-3.1.1.RELEASE.jar:/Applications/NetBeans/NetBeans 7.2.1.app/Contents/Resources/NetBeans/java/modules/ext/spring-3.0/spring-jms-3.1.1.RELEASE.jar:/Applications/NetBeans/NetBeans 7.2.1.app/Contents/Resources/NetBeans/java/modules/ext/spring-3.0/spring-orm-3.1.1.RELEASE.jar:/Applications/NetBeans/NetBeans 7.2.1.app/Contents/Resources/NetBeans/java/modules/ext/spring-3.0/spring-oxm-3.1.1.RELEASE.jar:/Applications/NetBeans/NetBeans 7.2.1.app/Contents/Resources/NetBeans/java/modules/ext/spring-3.0/spring-test-3.1.1.RELEASE.jar:/Applications/NetBeans/NetBeans 7.2.1.app/Contents/Resources/NetBeans/java/modules/ext/spring-3.0/spring-tx-3.1.1.RELEASE.jar:/Applications/NetBeans/NetBeans 7.2.1.app/Contents/Resources/NetBeans/java/modules/ext/spring-3.0/spring-web-3.1.1.RELEASE.jar:/Applications/NetBeans/NetBeans 7.2.1.app/Contents/Resources/NetBeans/java/modules/ext/spring-3.0/spring-webmvc-portlet-3.1.1.RELEASE.jar:/Applications/NetBeans/NetBeans 7.2.1.app/Contents/Resources/NetBeans/java/modules/ext/spring-3.0/spring-webmvc-3.1.1.RELEASE.jar:/Applications/NetBeans/NetBeans 7.2.1.app/Contents/Resources/NetBeans/java/modules/ext/spring-3.0/spring-struts-3.1.1.RELEASE.jar" />
    <property name="run.jvmargs" value="" />
    <property name="libs.ejb3-persistence.classpath" value="/Applications/NetBeans/NetBeans 7.2.1.app/Contents/Resources/NetBeans/java/modules/ext/hibernate/ejb3-persistence.jar" />
    <property name="libs.spring-framework.javadoc" value="" />
    <property name="libs.JAXB-ENDORSED.src" value="" />
    <property name="libs.testng.javadoc" value="/Applications/NetBeans/NetBeans 7.2.1.app/Contents/Resources/NetBeans/platform/docs/testng-6.5.1-javadoc.zip" />
    <property name="libs.PostgreSQLDriver.classpath" value="/Applications/NetBeans/NetBeans 7.2.1.app/Contents/Resources/NetBeans/ide/modules/ext/postgresql-9.1-901.jdbc4.jar" />
    <property name="ant.file.type.ReaDDy" value="file" />
    <property name="jnlp.signing" value="" />
    <property name="libs.junit.src" value="" />
    <property name="annotation.processing.source.output" value="build/generated-sources/ap-source-output" />
    <property name="jnlp.signed" value="false" />
    <property name="main.class" value="readdy.Main" />
    <property name="libs.CopyLibs.src" value="" />
    <property name="build.dir" value="build" />
    <property name="ant.version" value="Apache Ant(TM) version 1.8.3 compiled on February 26 2012" />
    <property name="file.encoding" value="US-ASCII" />
    <property name="build.classes.excludes" value="**/*.java,**/*.form" />
    <property name="jdkBug6558476" value="false" />
    <property name="javadoc.nonavbar" value="false" />
    <property name="platform.active" value="default_platform" />
    <property name="awt.toolkit" value="sun.lwawt.macosx.LWCToolkit" />
  </properties>
  <testcase classname="readdy.impl.sim.core.bd.DiffusionEngineTest" name="testPropagatePair" time="0.146" />
  <testcase classname="readdy.impl.sim.core.bd.DiffusionEngineTest" name="testPropagateSingle" time="0.11" />
  <system-out><![CDATA[ParticleParametersTEST...:

parse globalParameters...
parsing param_global file: /Users/johannesschoeneberg/Desktop/PhD/projects/ReaDDy/gitHub/readdy/./test/testInputFiles/test_default/param_global.xml
... done.
parse ParamParticles
parsing param_particles file: /Users/johannesschoeneberg/Desktop/PhD/projects/ReaDDy/gitHub/readdy/./test/testInputFiles/test_default/param_particles.xml
... done.
parsing tplgy_potentials file: /Users/johannesschoeneberg/Desktop/PhD/projects/ReaDDy/gitHub/readdy/./test/testInputFiles/test_default/tplgy_potentials.xml
... done.
propagatePair
dist: 0.17320508075688712
dist: 0.1391454719765961
dist: 0.4200748249930646
dist: 0.3961671709552717
dist: 0.3402421910752668
dist: 0.2760551645968399
dist: 0.6380967308129852
dist: 0.680706982520939
dist: 0.29615702455004506
dist: 0.2967128985930852
dist: 0.32570769587727705
dist: 0.5574513439738135
dist: 0.7211130045466989
dist: 0.8884899054951386
dist: 1.058302870193199
dist: 1.1054804114237236
dist: 1.460270207432426
dist: 1.4872687557274238
dist: 1.2611772627657372
dist: 1.2096188995530666
dist: 1.0839143908125095
dist: 1.1245885022327111
dist: 1.142721289585461
dist: 1.2624105689232652
dist: 1.1793167910902387
dist: 1.2322745381654414
dist: 1.1300084946026152
dist: 1.0878255811728434
dist: 1.0629137201032923
dist: 1.2577887998305701
dist: 1.3608517937630997
dist: 1.0952178328215416
dist: 1.7676870798259832
dist: 1.8225570013600612
dist: 1.6343363585137558
dist: 1.6242310432516862
dist: 1.8503357456168932
dist: 1.8424844800380695
dist: 1.7275343997776642
dist: 1.9319302296796892
dist: 2.076252616710224
dist: 2.0313644504908215
dist: 2.0945080114616164
dist: 1.9415320582567868
dist: 1.9152110388536472
dist: 2.261884946553818
dist: 2.103351934179431
dist: 2.0535064825980243
dist: 1.990577159744214
dist: 1.6287635468220867
dist: 1.705062829105733
dist: 1.7726312158118789
dist: 1.591532625460788
dist: 1.8117032419909633
dist: 1.9489129119753312
dist: 1.710271373527209
dist: 1.9271160875711155
dist: 1.9232625356957425
dist: 1.9016403962694086
dist: 1.8420428162204177
dist: 1.870889078269425
dist: 2.037677799570107
dist: 2.0595902260595724
dist: 1.7542975589259584
dist: 1.7817160800658671
dist: 1.878537219677775
dist: 2.1425085614071766
dist: 2.279459782734461
dist: 2.113843354126273
dist: 2.555200945703053
dist: 2.4263806044750136
dist: 2.4329064157421296
dist: 2.375597379107594
dist: 2.4294848373766076
dist: 2.560259021199814
dist: 2.7174608354377527
dist: 2.514148090616356
dist: 2.459860807761821
dist: 2.5244703885725763
dist: 2.5771564055360994
dist: 2.675464167301698
dist: 2.6967382036880485
dist: 2.6235560443631467
dist: 2.5263361515075884
dist: 2.6573116859793875
dist: 2.2738440848970174
dist: 2.296386064146573
dist: 2.170001391556946
dist: 2.0141474832376356
dist: 2.109767899578932
dist: 2.185304270196012
dist: 1.8640719591877073
dist: 1.6310670668705796
dist: 1.7472669782675734
dist: 1.6180771355245196
dist: 1.5761055710997756
dist: 1.4305105988316154
dist: 1.5166627534055146
dist: 1.6042012862641373
dist: 1.6313021017676728
dist: 1.2814387174409752
dist: 0.9922969060654784
dist: 0.9825703043314248
dist: 0.8356980135642094
dist: 0.8416453490801495
dist: 0.9781337152593034
dist: 0.9563661788130869
dist: 0.9499010217751155
dist: 0.6153210487587746
dist: 0.4706853138511458
dist: 0.5741307516552308
dist: 0.5656722366032073
dist: 0.5023537811664782
dist: 0.48412499895402633
dist: 0.3322433275820899
dist: 0.29456748793288273
dist: 0.2576063345752021
dist: 0.22077349242791694
dist: 0.21891408427821477
dist: 0.5165936879516542
dist: 0.20907712288560204
dist: 0.37888777192966305
dist: 0.5224100176601254
dist: 0.7413223406535889
dist: 1.1592318186053845
dist: 0.7897955112106484
dist: 0.8047461084129356
dist: 0.9912955180919468
dist: 1.06151994250155
dist: 0.7457192703219981
dist: 0.6490314079686232
dist: 0.7339288905614643
dist: 0.7625541288477764
dist: 0.8481352495211266
dist: 0.7701679732039574
dist: 0.6688415154184386
dist: 0.8281144154569193
dist: 0.9062503929662679
dist: 0.8125184902583119
dist: 0.8515804727101365
dist: 1.064555573710001
dist: 1.260532363733751
dist: 0.9728329158646274
dist: 0.9958209148765242
dist: 0.8797460571645105
dist: 0.9533429317908834
dist: 1.1929377423366745
dist: 1.5265152415487269
dist: 1.60874553551094
dist: 1.876082759823076
dist: 1.6056450976821899
dist: 1.9710508716534163
dist: 2.032011223772563
dist: 2.0084632092355146
dist: 1.930348522569678
dist: 1.7270774151424382
dist: 2.083782090878984
dist: 1.9246058488363937
dist: 2.210778225021533
dist: 2.0825590679984627
dist: 2.1637248875324695
dist: 2.255968660954461
dist: 2.293194947549838
dist: 2.0029618343804527
dist: 2.0273611530820626
dist: 2.124409553489855
dist: 2.264556829755566
dist: 2.414828364176275
dist: 2.2469385465533205
dist: 1.7467330442901754
dist: 1.8805206763724132
dist: 1.813092187086472
dist: 1.3851838564575119
dist: 1.0402848085650378
dist: 1.0153527168499512
dist: 1.2278595958635206
dist: 0.8631905152228956
dist: 1.0406877564173045
dist: 1.2869967686165105
dist: 1.2052407404268584
dist: 1.2058967343562648
dist: 0.8957629369945956
dist: 0.9238622249100527
dist: 1.4850520375649758
dist: 1.4618004844520844
dist: 1.2212818300009127
dist: 1.467461132837987
dist: 1.749171259080606
dist: 1.4325760979310753
dist: 1.4627213344587577
dist: 1.5093963162702921
dist: 1.605170753384641
dist: 1.7407912470224716
dist: 1.716945061568681
dist: 1.920626969435288
dist: 1.6047752019350265
dist: 1.668196315013804
dist: 2.1233348349325323
dist: 1.9763230053282992
dist: 1.9337370077944143
dist: 1.9443866961179634
dist: 2.05594588874116
dist: 2.0121502073711035
dist: 2.282668320100003
dist: 2.267473677353096
dist: 2.414572569601378
dist: 2.1719150058184784
dist: 2.002323002226043
dist: 2.1394790847199685
dist: 2.049285926621232
dist: 1.9487517013890934
dist: 2.0706778150592138
dist: 1.8847835227021357
dist: 1.5003835687987517
dist: 1.4384554263213845
dist: 1.2375136231899309
dist: 1.3789797487174862
dist: 1.1966817890814727
dist: 1.151240361958809
dist: 1.4843624297438553
dist: 1.6591612999342775
dist: 1.6989400913354344
dist: 1.7372167310908864
dist: 2.035426043882059
dist: 2.3420487680861286
dist: 2.3439471414967974
dist: 2.331328259141017
dist: 2.070471662480763
dist: 2.022345862861201
dist: 1.871402392983876
dist: 2.23774997639881
dist: 2.0820372447957127
dist: 2.438103170049074
dist: 2.287349275741745
dist: 2.2590493562314693
dist: 2.3207563627009202
dist: 2.1667723451795506
dist: 2.0948585180487442
dist: 2.0959802877005447
dist: 2.130422765918944
dist: 2.3299733005035788
dist: 2.007563416158686
dist: 1.8285123824990708
dist: 2.003457379806721
dist: 1.7423303241601378
dist: 1.6698967392810755
dist: 1.576526292546119
dist: 1.4922361852241717
dist: 1.3900555192337227
dist: 1.3938619987862986
dist: 0.9704331255991953
dist: 1.3163538559434558
dist: 1.5120346928507797
dist: 1.4038586713839072
dist: 1.285067131963944
dist: 1.4372839336529426
dist: 1.5769069085956242
dist: 1.2646752591478525
dist: 1.0387536859717956
dist: 0.9061964516130592
dist: 0.9694107491130005
dist: 0.8730489217359616
dist: 0.8104426665572395
dist: 0.697290713025868
dist: 0.9399435427467694
dist: 0.8986480558120775
dist: 0.7558561646882285
dist: 0.9876606807013959
dist: 1.1400954442579527
dist: 1.388693441127429
dist: 1.156447068439597
dist: 1.1828389502900223
dist: 1.3387213262760964
dist: 1.5806810885118072
dist: 1.32672942113461
dist: 1.753045798244095
dist: 1.7095234601899265
dist: 1.8417252011464398
dist: 1.6909673204278675
dist: 1.7836096149513134
dist: 1.7544205468463903
dist: 1.8722208710338872
dist: 1.9486199125174093
dist: 1.7064953171876327
dist: 1.6457653563280872
dist: 1.457601222213092
dist: 1.2330528042382463
dist: 1.4058195600637318
dist: 1.4133944559140053
dist: 1.2353209983083546
dist: 1.1485313675987494
dist: 1.248154973845474
dist: 1.3460098348239207
dist: 1.326087214109609
dist: 1.3554187489866414
dist: 1.3961866169944364
dist: 1.482602026052511
dist: 1.6446941998972484
dist: 1.6666135297918359
dist: 2.018922523401581
dist: 1.8661121923247326
dist: 1.8360907822533288
dist: 1.7541969605876728
dist: 1.9735470567869
dist: 1.9869805619338035
dist: 2.2370048996206506
dist: 1.938290256857237
dist: 2.0482704987383293
dist: 2.0543643083257055
dist: 1.5639222504153625
dist: 1.5672785059701928
dist: 1.8425646031630953
dist: 1.9465078855917977
dist: 1.9157539839996058
dist: 1.6188542867303992
dist: 1.7199934396338157
dist: 2.1106998218397792
dist: 1.8914954805152937
dist: 2.083907265424606
dist: 1.9877197642505353
dist: 2.0473659022660837
dist: 2.037804970217757
dist: 2.0259936946560386
dist: 1.792183762591508
dist: 1.9075107612705915
dist: 1.9518180241568226
dist: 1.7702335105810925
dist: 1.8282889061099838
dist: 1.609385327650887
dist: 1.6381106806983734
dist: 1.720226644848042
dist: 1.7754202120513156
dist: 1.3227664281150018
dist: 1.5182663637875844
dist: 1.665412872895715
dist: 1.4668754223672638
dist: 1.7094598059621828
dist: 1.8312651343482196
dist: 2.0625960620621626
dist: 2.1219044633406616
dist: 2.12773670636115
dist: 2.1767960120441514
dist: 2.494901080382355
dist: 2.4760513477075445
dist: 2.5927984481027706
dist: 2.4922951371617383
dist: 2.5923320178369904
dist: 2.3177587554492973
dist: 2.407984468745397
dist: 2.5261568571072783
dist: 2.518710906802555
dist: 2.6244225254494578
dist: 2.6856515069829223
dist: 2.8309952182986
dist: 2.819722267948519
dist: 2.7281946704122255
dist: 3.0449711836173288
dist: 3.1545757616194745
dist: 3.133564888441406
dist: 3.2313027250375
dist: 3.2457103450350515
dist: 3.2327088076254045
dist: 3.4116143445703364
dist: 3.6980000861571503
dist: 3.7418686607809524
dist: 3.6702238588380727
dist: 3.7197697599364563
dist: 3.8391295536139727
dist: 3.54431652600508
dist: 3.859989301765234
dist: 3.8195612047427554
dist: 4.003914916807068
dist: 4.050654811825616
dist: 4.264564895648331
dist: 4.270545123866803
dist: 4.309441946993628
dist: 4.329822667113961
dist: 4.409650409717261
dist: 4.267864427697814
dist: 4.69559566061211
dist: 5.125187974297464
dist: 4.9913285845567685
dist: 4.960843234812998
dist: 4.967357990657172
dist: 4.919087776672039
dist: 5.305240200174691
dist: 5.519521487238525
dist: 5.5854232753893704
dist: 5.513436329831489
dist: 5.417262560938835
dist: 5.619077153003475
dist: 5.578932364521724
dist: 5.65721338515893
dist: 5.651007237030823
dist: 5.47110328300933
dist: 5.301555403189487
dist: 4.37042624351885
dist: 4.635272586179284
dist: 4.597158023546213
dist: 4.840622429604583
dist: 5.047794653365533
dist: 5.1874739675255475
dist: 5.182742222459591
dist: 5.149757960149702
dist: 4.8520674753302
dist: 4.855584977743507
dist: 4.81020772548542
dist: 4.693083061678017
dist: 4.868048032986188
dist: 5.06401537799226
dist: 5.0758163064618715
dist: 5.277205490846894
dist: 5.469655571805449
dist: 5.518030838184192
dist: 5.278032289472614
dist: 4.926762433044268
dist: 4.76405396687582
dist: 4.566685729196318
dist: 4.293397646568048
dist: 4.32410362176095
dist: 4.468464606087102
dist: 4.766042090976789
dist: 4.8923999792079735
dist: 5.013058006540625
dist: 5.025606125209274
dist: 5.05067464352671
dist: 4.9806117228445475
dist: 4.747822150559419
dist: 4.9248845762448745
dist: 4.645413315602756
dist: 4.633202506594984
dist: 4.70663485406996
dist: 4.7960435429663635
dist: 5.001147413474598
dist: 5.023919077762424
dist: 5.215427388850696
dist: 5.111384563120767
dist: 5.337321015966716
dist: 5.597144611983602
dist: 5.352720522378789
dist: 5.6606560849226
dist: 5.544515110886864
dist: 5.6755960747720895
dist: 5.520303370929286
dist: 5.685894351824032
dist: 5.839900493484213
dist: 5.761186684499805
dist: 5.601633617117152
dist: 5.476544630302834
dist: 5.788144174244813
dist: 6.1241466266248805
dist: 6.226572739081056
dist: 5.825975195733538
dist: 5.846692782052641
dist: 5.984202276244069
dist: 6.239589658223753
dist: 5.984880893261338
dist: 5.944717430541238
dist: 5.89256341708773
dist: 5.992399773692899
dist: 5.775249650592464
dist: 5.724851672885768
dist: 5.551411826886012
dist: 5.889334850122471
dist: 5.975376333678022
dist: 5.831346224093441
dist: 5.661617192462032
dist: 5.532961859887652
dist: 5.718661204826128
dist: 6.109779859972266
dist: 6.0779557263217185
dist: 6.282738672165216
dist: 6.50879645251665
dist: 6.266387007672622
dist: 6.3086652559062895
dist: 6.090475508924022
dist: 5.970567570828544
dist: 6.180706875071544
dist: 6.0543173386088265
dist: 6.374943983213508
dist: 6.413505325424408
dist: 6.369114650938534
dist: 6.407810593626846
dist: 6.527560389133117
dist: 6.634913356281975
dist: 6.589745400496116
dist: 6.903380582248751
dist: 6.794232660876103
dist: 6.690620181162708
dist: 6.958606085415357
dist: 7.098541134656275
dist: 6.9520781013854345
dist: 7.019390900305013
dist: 7.326358164867125
dist: 7.509435728279804
dist: 7.361301460147556
dist: 7.6371906002593315
dist: 7.7314656363523095
dist: 7.57026018318055
dist: 7.417856164262363
dist: 7.32214240192422
dist: 7.5388326291145304
dist: 7.774526130627321
dist: 7.5829655286273265
dist: 7.9385760563447425
dist: 8.162446243025704
dist: 8.009083698998381
dist: 8.126497369559416
dist: 8.170604238521383
dist: 8.2113657017187
dist: 8.449221781957684
dist: 8.294347016150246
dist: 8.212659237310927
dist: 8.304851887088669
dist: 8.658860299005562
dist: 8.742706409385498
dist: 8.792243087511451
dist: 8.911823292337697
dist: 8.646194130600303
dist: 8.691270043723687
dist: 8.906249094629096
dist: 8.954601076298525
dist: 9.120419838963818
dist: 9.012356193309092
dist: 9.198042519983646
dist: 9.130884360377413
dist: 9.194416130971842
dist: 9.162043475276478
dist: 9.542041438030338
dist: 9.57249641966171
dist: 9.630837366615983
dist: 9.60226643184213
dist: 9.497745592835297
dist: 9.362940394064232
dist: 9.106659929709956
dist: 8.912721379204603
dist: 8.858499450721677
dist: 9.109968657710496
dist: 9.368145929240645
dist: 9.26187535815859
dist: 9.537158823961708
dist: 9.400852610463694
dist: 9.794062371116935
dist: 10.185400122756416
dist: 10.255810566655718
dist: 10.5387652025945
dist: 10.431614015331645
dist: 10.38347431198722
dist: 10.430373798017516
dist: 10.438966343065912
dist: 10.291390338153603
dist: 10.284427005557513
dist: 10.168713330417606
dist: 10.37752236883228
dist: 9.965749152319281
dist: 9.850940191060491
dist: 10.405629938799663
dist: 10.64569736064002
dist: 10.657492367859833
dist: 10.5802125885502
dist: 10.48240236291262
dist: 10.227778229906678
dist: 10.212137869787522
dist: 9.796925228512476
dist: 9.798021975906368
dist: 9.949074296952407
dist: 9.767068195258897
dist: 9.494396715542113
dist: 9.414696468601745
dist: 9.719625773074819
dist: 9.712762114917185
dist: 9.690566580978068
dist: 9.63055554075404
dist: 9.220633970205649
dist: 9.336651910305616
dist: 9.611036581161413
dist: 9.801641169913564
dist: 9.971179483040526
dist: 9.554760230163234
dist: 9.931882494234324
dist: 9.91630262230823
dist: 10.17551380725581
dist: 10.374984927291239
dist: 10.261828953821778
dist: 10.340208027576399
dist: 10.455223108643398
dist: 10.448909880297514
dist: 10.512613055699592
dist: 10.64089921091042
dist: 10.643869951676377
dist: 10.531613451284395
dist: 10.72655759460549
dist: 10.736586451789204
dist: 10.762220273470513
dist: 10.462500150210579
dist: 10.519140868063428
dist: 10.199392555612855
dist: 10.420815511752128
dist: 10.494356984139474
dist: 10.610974361092468
dist: 10.432475024817121
dist: 10.645700043405444
dist: 10.87243393180531
dist: 10.964609719413785
dist: 11.230389470894584
dist: 11.334184314867239
dist: 11.453899984686444
dist: 11.686802530235974
dist: 11.857374691578944
dist: 11.86149865141687
dist: 12.059744293872138
dist: 11.899347244946943
dist: 11.64196745451582
dist: 11.745938365091295
dist: 11.24821112117946
dist: 11.165744925543112
dist: 10.89157232033957
dist: 11.064881566349184
dist: 11.106687297947992
dist: 11.221054484205764
dist: 11.176222434217658
dist: 11.257196650321536
dist: 11.184893334274582
dist: 11.298334500499962
dist: 11.245223549105473
dist: 11.178062738963265
dist: 11.491949100934338
dist: 11.168601559466683
dist: 11.577022854158912
dist: 11.181878325695138
dist: 11.286261294651347
dist: 11.055731329066013
dist: 10.879531287172124
dist: 10.911403850032945
dist: 11.158540430599034
dist: 10.885823736868481
dist: 10.72629442499801
dist: 10.823747709599632
dist: 10.540485233768162
dist: 10.39060971435899
dist: 10.395438197582608
dist: 10.62631203844798
dist: 10.268019926658477
dist: 10.277008369633009
dist: 10.311281476976221
dist: 10.325942625523705
dist: 10.434797873910233
dist: 10.134900189958044
dist: 10.455789068776323
dist: 10.12161607091214
dist: 10.043494126723965
dist: 10.12916997154174
dist: 10.062435357777296
dist: 10.153367426041706
dist: 10.113916712888948
dist: 9.771221887523536
dist: 9.951118273275561
dist: 10.079410028613363
dist: 10.193573602059509
dist: 10.005124428197785
dist: 10.063380690818125
dist: 10.179213679931957
dist: 9.85532445646198
dist: 10.038608779009792
dist: 9.868196908998195
dist: 9.886859684751842
dist: 10.161259618505852
dist: 10.443728621864052
dist: 10.197610822421192
dist: 10.038374676721068
dist: 9.747730287265455
dist: 9.899630857760242
dist: 10.018530019021284
dist: 9.80680661901362
dist: 10.029671147653426
dist: 10.01907072449849
dist: 9.7290790579018
dist: 9.756470803243372
dist: 9.495633618376605
dist: 9.560395508802204
dist: 9.785891263658398
dist: 9.846329266020723
dist: 9.590975841037114
dist: 9.648167056128429
dist: 9.422963275341743
dist: 9.456177114089657
dist: 9.380473216147283
dist: 9.495592905040011
dist: 9.663309548075809
dist: 9.710673281918105
dist: 9.931495423449551
dist: 9.849536770788694
dist: 9.859712142994969
dist: 9.842611324568201
dist: 9.849382313696731
dist: 9.980228061447875
dist: 9.970618075661935
dist: 10.224071186338257
dist: 10.043677859196116
dist: 10.06582615599303
dist: 9.94969478556678
dist: 10.284084952423951
dist: 10.230810110477824
dist: 10.02678769526606
dist: 9.521835968531143
dist: 9.363784489216327
dist: 9.192912248866882
dist: 9.428306973924347
dist: 9.674914169495219
dist: 9.796589222564236
dist: 10.079573352409477
dist: 10.249350935013279
dist: 10.276968778490744
dist: 10.369217729617011
dist: 10.457057326662577
dist: 10.593656564236579
dist: 10.928956274115905
dist: 11.115448904712245
dist: 10.896017938685088
dist: 10.810589155432075
dist: 11.105297547163698
dist: 11.184044244373046
dist: 10.925760795362601
dist: 11.168290541124975
dist: 11.560884341241982
dist: 11.336338579630118
dist: 11.314117633576002
dist: 11.313025208861326
dist: 11.249316848046034
dist: 11.215762179865678
dist: 11.112404944942705
dist: 11.040647989142116
dist: 11.063651542971181
dist: 10.83635988340408
dist: 10.920433904630206
dist: 10.624166823771397
dist: 10.762501473587234
dist: 10.94555213001826
dist: 10.814081313769726
dist: 11.093205990724172
dist: 10.67894844764407
dist: 10.497767966895989
dist: 10.63206038320687
dist: 10.400334489602766
dist: 10.469275821467457
dist: 10.29505834432207
dist: 10.064215649670452
dist: 9.788497832163976
dist: 9.780959602893923
dist: 9.516799576073941
dist: 9.809235489997786
dist: 9.853653675721084
dist: 10.010096695939705
dist: 9.94011123499926
dist: 10.06020494951075
dist: 10.184373564964336
dist: 10.166042194917603
dist: 9.793728210763023
dist: 9.868237457916777
dist: 9.866575331464857
dist: 9.756909502016942
dist: 9.518805085627887
dist: 9.504274192941496
dist: 9.72888215434068
dist: 9.909718940666433
dist: 9.987349473735305
dist: 10.01287889465051
dist: 9.867082939286506
dist: 9.696946129627015
dist: 10.029664062193008
dist: 10.043446026166787
dist: 10.20663520821973
dist: 9.973903170489107
dist: 10.033363673420508
dist: 10.480282300870499
dist: 10.551998414492425
dist: 10.907821411041025
dist: 10.820429622472789
dist: 10.71993372095694
dist: 10.505358338478489
dist: 10.5075192245754
dist: 10.497378859710217
dist: 10.889055824144739
dist: 10.37690923030705
dist: 10.643766481150324
dist: 10.347870191061979
dist: 10.26865120498038
dist: 10.30819564490449
dist: 10.492588585764883
dist: 10.596919587909706
dist: 10.71681418625584
dist: 10.976662548369168
dist: 11.381751161647658
dist: 11.319121744040288
dist: 11.515987782673456
dist: 11.626557551347299
dist: 11.668278395460154
dist: 11.869676157079168
dist: 11.844893702053758
dist: 11.706375613379693
dist: 11.738451128075358
dist: 11.412985931603904
dist: 11.222463748515528
dist: 11.32006518001012
dist: 10.961855556308777
dist: 10.557227985265211
dist: 10.34361533134299
dist: 10.257372930887843
dist: 10.292213940450287
dist: 10.205408081996266
dist: 10.134992376815594
dist: 10.068189460635216
dist: 10.259448037746097
dist: 10.308485686670744
dist: 10.404627876414947
dist: 10.462978272404609
dist: 10.204073553554977
dist: 10.178627460298987
dist: 10.075399706025673
dist: 10.063135539299953
dist: 10.229177173841991
dist: 10.318342589319244
dist: 10.808085348165944
dist: 10.89450779984456
dist: 10.517406904246762
dist: 10.589832460562551
dist: 10.438946029365917
dist: 10.463011524676439
dist: 10.739214148402368
dist: 10.79320913882356
dist: 11.047154623773173
dist: 10.813993068613499
dist: 10.86415087333305
dist: 10.924714516944652
dist: 10.778656240703583
dist: 10.699119365908222
dist: 11.134757297677137
dist: 11.290013917665107
dist: 11.479533074657722
dist: 11.315479770131706
dist: 11.151279373354557
dist: 11.107943963051255
dist: 11.174403174258275
dist: 11.159587238439215
dist: 11.053091947716565
dist: 11.436700564405637
dist: 11.407813104741996
dist: 11.394500832786917
dist: 11.346148467458244
dist: 11.253335333191375
dist: 11.305528485687198
dist: 11.403436210144045
dist: 10.929712653075384
dist: 11.25239757504944
dist: 11.041010003133593
dist: 11.017317376380664
dist: 10.74357900170865
dist: 10.84688786505704
dist: 10.495081413220229
dist: 10.730230382019316
dist: 10.889089421445185
dist: 10.890046188711414
dist: 10.659511021324082
dist: 10.506753739193071
dist: 10.493569789654291
dist: 10.39488002377024
dist: 10.323370982572554
dist: 10.491873929824084
dist: 10.443882116493384
dist: 10.575884793834266
dist: 10.5730504224828
dist: 10.534691952526103
dist: 10.288298894415693
dist: 10.291791568488
dist: 10.643366704376415
dist: 10.746592307522652
dist: 10.7657278540371
dist: 10.733389071101987
dist: 10.83635515527032
dist: 10.975228113868873
dist: 10.933951933842026
dist: 10.82684628789104
dist: 11.097579524468298
dist: 10.538886276552086
dist: 10.692664411954757
dist: 10.49904370414054
dist: 10.346019661892447
dist: 10.661015062291296
dist: 10.30777940137615
dist: 10.025041613811071
dist: 9.856692722734103
dist: 10.182429533029286
dist: 10.052430515493684
dist: 10.128920582567448
dist: 9.96023557909839
dist: 10.137280729094273
dist: 10.051506680902659
dist: 9.717373357359213
dist: 10.100555076841786
dist: 10.159678968710686
dist: 10.26627648283043
dist: 10.239412936952428
dist: 10.27138936263152
dist: 10.403316101088507
dist: 10.026507416841032
dist: 10.124174409216584
dist: 10.080336461895046
dist: 10.217221929590592
dist: 10.088403054705141
dist: 10.185844615453474
dist: 10.499500777646638
dist: 10.416708830032402
dist: 10.106788234130793
dist: 10.125201305778049
dist: 10.217077900747306
dist: 9.93064574870899
dist: 9.704749791163723
dist: 9.552560969484523
dist: 9.6848016368629
dist: 9.649300498986051
dist: 8.861090259312716
dist: 8.818637117175408
dist: 9.047972993023198
dist: 9.122631009044524
dist: 9.16137698639852
dist: 8.945725000395637
dist: 9.065519950426996
dist: 8.985389424492368
dist: 8.826892585369293
dist: 9.142559094021514
dist: 9.098255355004314
dist: 9.365308742513768
dist: 9.509604517066952
dist: 9.384301561682348
dist: 9.701417342153295
dist: 9.895077317589754
dist: 9.721947522226483
dist: 9.94403376357486
dist: 10.233032829962198
dist: 10.17569852236764
dist: 10.406565022817887
dist: 10.32282324927571
dist: 9.81832023917439
dist: 9.930577088580772
dist: 10.323586366851343
dist: 10.333605820293517
dist: 10.395004731950277
dist: 10.310563638285878
dist: 10.042672504291025
dist: 10.250460314178444
dist: 10.034674729962145
dist: 9.817541590153603
dist: 9.757564972360482
dist: 9.553263402820578
dist: 9.582040790250513
dist: 9.536766582757627
dist: 9.986634425358021
dist: 9.650970833158697
dist: 9.733055285436553
dist: 10.091261878349673
dist: 9.94338666423428
dist: 9.626073433281142
dist: 9.449893224499142
dist: 9.484841184164075
dist: 9.260995678149582
dist: 9.329620624138308
dist: 9.278107799941269
dist: 8.978498071711323
dist: 8.945035240148595
dist: 9.195806120040888
dist: 9.15623345170567
dist: 9.254001382216705
dist: 9.199163825521264
dist: 9.203670083333622
dist: 9.10681772277113
dist: 8.990997726520263
dist: 9.087251498278722
dist: 9.266997698220806
dist: 9.289266355343347
dist: 9.472400322298212
dist: 9.489152883391583
dist: 9.28428529117379
dist: 9.244470037661808
dist: 9.558519356891129
dist: 9.646006593584852
dist: 9.737323623099932
dist: 9.911730608120315
dist: 10.041565898175355
dist: 9.7302608973275
dist: 10.287910530763645
dist: 10.60958498630868
dist: 10.556306985107746
dist: 10.6819053751806
dist: 10.599583439713724
dist: 10.679974441859665
dist: 11.054733755919283
dist: 11.10405726328261
dist: 11.283588083422927
dist: 11.473960440301187
dist: 11.908403149028713
p1 new coords a 15.0, 5.0, 5.0
p1 new coords aa 14.882193234964438, 5.252298734591494, 2.975502334800961
p1 new coords aa 14.988229691817464, 5.427157126880209, 1.6013132281973617
p1 new coords aa 15.122512469171626, 5.297327526576136, 0.8113751737410115
p1 new coords aa 15.266872784121219, 5.463762417197552, 0.402728439508905
p1 new coords aa 15.284460264324835, 5.6119127709889565, 0.46722623533776303
p1 new coords aa 15.470099265257641, 5.57022122450231, 0.016093795146713274
p1 new coords aa 15.448626379446557, 5.4673193959250215, -0.22933026393850697
p1 new coords aa 15.465170304511723, 5.500648543850764, -0.09953170719521706
p1 new coords aa 15.460324816795826, 5.567555350065948, -0.09432990723940135
p1 new coords aa 15.603495442582647, 5.559804676587405, -0.13485305433718003
p1 new coords aa 15.49637617931791, 5.758811453397139, -0.12890067315656972
p1 new coords aa 15.496571072235374, 5.63421147044192, -0.15526682371034767
p1 new coords aa 15.388813596508044, 5.598230711516082, -0.21140901449432553
p1 new coords aa 15.495204893028024, 5.788419803447895, -0.02874184698336868
p1 new coords aa 15.317677350337584, 5.8612827138182535, 0.057252102934740326
p1 new coords aa 15.105080515392896, 5.766227559947992, -0.08914583225764629
p1 new coords aa 15.298131783987323, 5.84813372852891, -0.1333784572611222
p1 new coords aa 15.713178541836648, 6.072169996374566, -0.24742220498273096
p1 new coords aa 15.898461329659991, 6.096715367026036, -0.1608333644283616
p1 new coords aa 15.970410199374713, 5.645218605020189, -0.3791577779711313
p1 new coords aa 16.071030097614234, 5.440910904599097, -0.13008947069323767
p1 new coords aa 15.918028816795475, 5.459358969372232, -0.038193984104053086
p1 new coords aa 16.08974490106368, 5.470794425694952, 0.13244080364109714
p1 new coords aa 16.14183700791477, 5.4150989034046955, -0.060587035548193696
p1 new coords aa 16.410979974191175, 5.274390436292864, 0.19376973564998987
p1 new coords aa 16.672350271523598, 5.380429240027132, 0.07286386607534806
p1 new coords aa 16.922754995060693, 5.161243873640854, 0.11989362343646742
p1 new coords aa 17.08828574984136, 5.388961067316992, 0.07242515858012369
p1 new coords aa 17.041878164518796, 5.534726736693393, -0.22553819663761596
p1 new coords aa 17.18723704705509, 5.565813795025657, 0.1619832234694543
p1 new coords aa 17.27097037634751, 5.397163046526422, 0.10000881551089418
p1 new coords aa 17.367473320331413, 5.204319477844276, 0.09149188806081812
p1 new coords aa 17.15814566758125, 5.31241076716189, -0.007081160540583872
p1 new coords aa 17.08565578613268, 5.477144001636195, 0.23367559992993192
p1 new coords aa 17.133508495934446, 5.3865863171605834, 0.030837937157720763
p1 new coords aa 17.174096441568384, 5.400639721455947, -0.10409962724856095
p1 new coords aa 17.32529278180575, 5.352946147357231, -0.18595548659764988
p1 new coords aa 17.20300777805794, 5.703897836700904, -0.22878007872963496
p1 new coords aa 17.182426556819653, 5.587284676732913, -0.08850673310553592
p1 new coords aa 17.13999694449749, 5.2892479247932895, -0.03907729338955661
p1 new coords aa 17.185674780693944, 5.467496822187797, -0.05341367527109967
p1 new coords aa 17.15249106476198, 5.46532041266947, 0.22775765082199115
p1 new coords aa 17.10849311824643, 5.388695978601385, 0.23645647467093364
p1 new coords aa 17.079266639412094, 5.4586481059082645, -0.1534744862161503
p1 new coords aa 17.154448632052485, 5.5809221314793245, -0.09617271257354497
p1 new coords aa 17.1602123712845, 5.543399602731882, -0.1009768724908954
p1 new coords aa 17.18292603235698, 5.458734973570699, -0.16447646373926703
p1 new coords aa 17.26772241681774, 5.5171618109506095, 0.15236882235513924
p1 new coords aa 17.37593723949851, 5.3149725278771225, 0.17824992384732363
p1 new coords aa 17.405459552987168, 5.4780477413651445, -0.10171037642628139
p1 new coords aa 17.203448664463036, 5.597763330638108, -0.30107258140476717
p1 new coords aa 17.322461217569913, 5.510261920101156, -0.12030747495207933
p1 new coords aa 17.422020616258845, 5.533310001399975, -0.09503909894910259
p1 new coords aa 17.287236869386593, 5.274785963937135, -0.11004769362658148
p1 new coords aa 17.511884102866734, 5.148921075154402, -0.32324628712028125
p1 new coords aa 17.09805519175502, 4.930714345512572, -0.3175838742807151
p1 new coords aa 17.03897210877569, 5.1472038438559595, -0.19532342816527948
p1 new coords aa 16.85393326203233, 5.040162962066188, -0.0912493405954816
p1 new coords aa 16.963700165674194, 4.997784606866085, -0.3278047214691596
p1 new coords aa 16.971626568002378, 4.976248108402993, -0.2780019022092947
p1 new coords aa 16.829246358869273, 4.9459523106650005, 0.10568011926509874
p1 new coords aa 17.235758362923242, 4.885834628427093, 0.2099690309640161
p1 new coords aa 17.335557204990646, 4.994901477466037, 0.3530321853060594
p1 new coords aa 17.27861207350051, 4.716047405419054, 0.2773157687726703
p1 new coords aa 16.978288728880045, 4.775578789660408, 0.4221882226193405
p1 new coords aa 17.09059076275278, 4.647473372074726, 0.19044992841388755
p1 new coords aa 17.058583597416064, 4.42254793763461, 0.09742864039335727
p1 new coords aa 17.094222984017346, 4.682580046075286, 0.08489896451205192
p1 new coords aa 17.184273760426, 4.527459857299858, 0.08274966562583297
p1 new coords aa 17.51106432213003, 4.593453220156507, 0.04431906703020949
p1 new coords aa 17.423380941610592, 4.707263949600616, -0.096837149952026
p1 new coords aa 17.47588766037657, 4.76749391038591, -0.1724448680599372
p1 new coords aa 17.21442658936843, 4.782239095415924, 0.012497369475113762
p1 new coords aa 17.40481377520387, 4.835149203740227, 0.3014857661214816
p1 new coords aa 17.381934631961116, 4.685889475458355, 0.33055704027295524
p1 new coords aa 17.261633492520804, 4.737558652117881, 0.16903959671204993
p1 new coords aa 17.36861693564515, 4.734816835231155, -0.31526690375913946
p1 new coords aa 17.255719855255876, 4.718859095450727, -0.3678474575634158
p1 new coords aa 17.181779709746966, 4.79312887153755, -0.30999056943564807
p1 new coords aa 17.364800525851553, 4.586460592612722, 0.029014835562984342
p1 new coords aa 17.22663140764974, 4.6783255014777785, -0.04326905511940132
p1 new coords aa 17.296137068149616, 4.900292839863209, -0.022058366279735432
p1 new coords aa 17.275137102034307, 4.727942999103319, -0.08263609794947425
p1 new coords aa 17.23889823442862, 4.744439147151837, 0.13052233842829603
p1 new coords aa 17.322507019583522, 4.634912409001217, -0.002138207018963806
p1 new coords aa 17.19127316857745, 4.662267289929202, 0.23031107693273864
p1 new coords aa 17.270158473647218, 4.7234019890739605, 0.06922884475422528
p1 new coords aa 17.213111146550755, 4.860229780199656, -0.10677695057708042
p1 new coords aa 17.058603872338935, 5.011243872992695, -0.11009114592666322
p1 new coords aa 17.186929846881768, 4.9611372087508245, -0.2150726346319127
p1 new coords aa 17.25940984271988, 5.083382927749589, -0.22750210101403745
p1 new coords aa 17.13280011960271, 5.196788620598492, 0.055969713160418044
p1 new coords aa 17.319765430622894, 5.14147884971391, -0.0598118045202323
p1 new coords aa 17.313186252857353, 5.14083793926714, -0.004605102452574325
p1 new coords aa 17.28001300272343, 5.1781935303783175, -0.006677193919426353
p1 new coords aa 17.461733358918075, 5.0882578684926125, 0.09835619170908663
p1 new coords aa 17.46083175016562, 5.200435166490882, 0.017293878491708936
p1 new coords aa 17.419976823116613, 5.274561106750483, 0.12812908103955778
p1 new coords aa 17.29016560685443, 5.207283326667455, -0.10598949765654198
p1 new coords aa 17.164291164104483, 5.230053636901967, -0.12116777049039287
p1 new coords aa 17.13903107781753, 5.336303002007121, -0.29670186601990256
p1 new coords aa 17.429339013350017, 5.485182255285887, -0.3123753401123247
p1 new coords aa 17.663977436290658, 5.463864894753294, -0.3113673724537709
p1 new coords aa 17.504282391366193, 5.758305282435539, -0.10339226226848647
p1 new coords aa 17.166102995773326, 5.756712186366109, -0.3153755166328686
p1 new coords aa 16.807373173007115, 5.813395166368782, -0.2251501093579793
p1 new coords aa 16.634959020141938, 5.6196489568861, -0.3454743361123399
p1 new coords aa 16.670075101123416, 5.710166180083139, -0.1661201229524563
p1 new coords aa 16.570221707814923, 5.560417991484302, -0.07116763296421474
p1 new coords aa 16.643768317970114, 5.6953085220018, 0.030008857417079066
p1 new coords aa 16.430686826835775, 5.589382766104387, 0.14838676659717295
p1 new coords aa 16.46069694764178, 5.8546903091599285, 0.09527605349832734
p1 new coords aa 16.501223351949143, 5.73962718351581, 0.028296112073341637
p1 new coords aa 16.573175047938143, 5.902840198072542, -0.03055445400018604
p1 new coords aa 16.555003383374274, 5.615170128225979, 0.20596422566157535
p1 new coords aa 16.642868229964222, 5.572602367732836, 0.08075016250681669
p1 new coords aa 16.70643717601654, 5.5028156123839045, 0.13554491101633354
p1 new coords aa 16.756148436830166, 5.349596233708393, 0.35793684845306295
p1 new coords aa 16.87592846887712, 5.458398243523329, 0.3695787750746252
p1 new coords aa 16.860102746923136, 5.3009265984471945, 0.4321248517218254
p1 new coords aa 16.96971768830284, 5.4807238770658095, 0.3701610652393996
p1 new coords aa 17.226755023212277, 5.4420927607689356, 0.04679463751397234
p1 new coords aa 17.231852587376277, 5.290338611399648, 0.1610166051647421
p1 new coords aa 17.212311220653866, 5.3270294600271, 0.19390237437279978
p1 new coords aa 17.137390194141027, 4.97659985782795, 0.30665230415591965
p1 new coords aa 17.213960814498144, 5.124063480686873, 0.3485414991838848
p1 new coords aa 17.21814701874698, 5.231434186688882, 0.4824663629584047
p1 new coords aa 17.250178496919983, 5.232023085784869, 0.30274424030455027
p1 new coords aa 17.22098944847101, 5.25118512413548, 0.18170925845555075
p1 new coords aa 17.40142423837133, 5.3204532039075945, 0.09534124205300706
p1 new coords aa 17.335643081439684, 5.286750979381989, -0.13204725168644366
p1 new coords aa 17.018243698198848, 5.126077941437539, -0.3126162747110114
p1 new coords aa 16.840180614269247, 5.103100889457677, -0.08059181389045872
p1 new coords aa 16.60205424290918, 5.016194688988039, -0.26581615629409183
p1 new coords aa 16.706240973648043, 4.923292990427113, -0.08456524335697033
p1 new coords aa 16.763072829676165, 5.099911908379304, -0.03453798637971325
p1 new coords aa 16.63305980903618, 5.047196709190801, -0.02680879034688821
p1 new coords aa 16.703455230497426, 5.227616228532557, -0.1450781582482041
p1 new coords aa 16.876120831146586, 5.316688178444091, -0.03023180480532231
p1 new coords aa 16.924613005119745, 5.167801050777869, -0.005130975305569385
p1 new coords aa 16.920315248399582, 4.8843428923233905, -0.11391355353886894
p1 new coords aa 16.924812005507416, 4.846746119066538, 0.07422865149389114
p1 new coords aa 16.752899135049653, 4.951044026786388, -0.047741230525328165
p1 new coords aa 16.836625672035947, 4.859594242699035, -0.05454107830811439
p1 new coords aa 16.793052483523038, 5.013904923220055, 0.10456911852749057
p1 new coords aa 16.785876392192726, 5.23550405155053, 0.13400116202766174
p1 new coords aa 16.894818778688286, 5.227567108177904, 0.07738159485432686
p1 new coords aa 16.752403585052882, 5.272697518661143, -0.05191971613608237
p1 new coords aa 16.53983878198812, 5.143264658074061, -0.32472716192079326
p1 new coords aa 16.67804355999095, 5.059982181904973, -0.259502010966071
p1 new coords aa 16.4041413800471, 5.165803122396207, -0.2659447791440451
p1 new coords aa 16.219867521866586, 4.937870985617753, -0.23256244579984225
p1 new coords aa 16.47089482093383, 4.703922477258248, -0.14113086252075718
p1 new coords aa 16.514821978541796, 4.94886165269972, -0.17581727018730492
p1 new coords aa 16.552593616244373, 5.017291071576177, -0.07132462459430719
p1 new coords aa 16.548361926347944, 4.976121908666052, 0.05025993262804222
p1 new coords aa 16.42573567825653, 4.851565915036639, 0.09713596802561719
p1 new coords aa 16.449175427714835, 4.860707544248014, 0.22056853574517565
p1 new coords aa 16.673923037640915, 4.930664838197449, -0.05894510903577621
p1 new coords aa 16.567384758761655, 4.777953638774738, 0.011086650547798574
p1 new coords aa 16.577529341005732, 4.958542746623876, -0.11446234149522429
p1 new coords aa 16.66736943528448, 4.9296618577518645, -0.2715688372194169
p1 new coords aa 16.765318659504004, 4.901246566154453, -0.10579835333473361
p1 new coords aa 16.612845007962072, 4.80384096185976, 0.011290116857558
p1 new coords aa 16.851692283060412, 4.704817656460326, -0.2459102400512635
p1 new coords aa 17.07782778851645, 4.963575810194732, -0.1777001397314144
p1 new coords aa 16.899805499844533, 5.0082237754143755, -0.3474434223253551
p1 new coords aa 17.052984944006067, 5.007561794650617, -0.39532153933480024
p1 new coords aa 17.1016234713857, 4.975868073963026, -0.19390359083305447
p1 new coords aa 17.03420072870258, 5.209607022971761, -0.12812316292435721
p1 new coords aa 16.966199023532702, 5.331301170060818, -0.16512696606920918
p1 new coords aa 17.167134756624378, 5.444149502048072, -0.22921784154348945
p1 new coords aa 17.325123623746933, 5.366848075798459, -0.1642775360039056
p1 new coords aa 17.3775155812488, 5.216659633489929, -0.010947275979125232
p1 new coords aa 17.479537532911746, 4.990261439190645, -0.1612329442313802
p1 new coords aa 17.33946171233439, 5.045282703071658, 0.04298332670018715
p1 new coords aa 17.25447216724316, 4.8841122198934865, -0.01991613857941725
p1 new coords aa 17.19251886764441, 4.722930734393468, -0.13872361559158547
p1 new coords aa 17.12523474560524, 4.797944641673486, -0.2388020922696995
p1 new coords aa 16.884140361557023, 4.717825076277766, -0.3403748085860787
p1 new coords aa 16.923099187403825, 4.797280512561387, -0.01964197835164644
p1 new coords aa 16.76723199995886, 4.83873679246969, 0.04788890570367976
p1 new coords aa 16.542897706522126, 4.870586956688996, 0.12507502083819896
p1 new coords aa 16.62445704362177, 4.853590982413394, 0.020007184438766853
p1 new coords aa 16.38106383013365, 5.016473255522751, 0.2809767037717066
p1 new coords aa 16.351194680726113, 4.922336097382077, 0.18332127120157793
p1 new coords aa 16.2297500291793, 4.930563766829702, 0.1101841183704188
p1 new coords aa 16.25661579776393, 5.1327823113480315, 0.17666427718951916
p1 new coords aa 16.170961997544175, 5.2716283647970235, 0.11726324172637065
p1 new coords aa 16.11714083738631, 5.295493464203723, 0.1191527914677497
p1 new coords aa 15.948305603732171, 5.256054831914655, -0.013356017583184235
p1 new coords aa 15.97564499412223, 5.43148350328925, 0.19883303552705783
p1 new coords aa 16.026850494561327, 5.5152529182944745, 0.04343300612550094
p1 new coords aa 15.786565288449014, 5.134521932406484, 0.09072257986705388
p1 new coords aa 15.695813097482578, 5.165808003949813, 0.02138506471686731
p1 new coords aa 15.638991786182789, 5.213992210521683, 0.013753295017698312
p1 new coords aa 15.383487351027549, 5.301725844162429, -0.18488102892350872
p1 new coords aa 15.204918721274256, 5.508067689092889, -0.028172109972314563
p1 new coords aa 15.424831148404628, 5.571664627926104, -0.1923550044414392
p1 new coords aa 15.517587759943039, 5.547385225916068, -0.1560913431377021
p1 new coords aa 15.403360267418252, 5.585875153632032, -0.04152369241828577
p1 new coords aa 15.502228607766723, 5.73468944189928, -0.06473894224295501
p1 new coords aa 15.735360636095198, 5.651656567703324, -0.013423974391907942
p1 new coords aa 15.539598246741479, 5.6525480209128025, -0.055349673453535725
p1 new coords aa 15.368747060023686, 5.71118680157327, -0.11423728726023373
p1 new coords aa 15.388529636209954, 5.718871553470946, -0.11050594926844609
p1 new coords aa 15.241686776149615, 5.762715319778722, -0.23024609100175264
p1 new coords aa 15.226827101822025, 5.766925733631212, -0.005878918341299055
p1 new coords aa 15.184052589165896, 5.522584095133218, 0.19134180815027588
p1 new coords aa 15.01938320547249, 5.38729615805073, 0.26940969002368675
p1 new coords aa 15.031036821596178, 5.254642950546427, 0.28678031943607
p1 new coords aa 15.170384868527664, 5.550106814871819, 0.28075573009419885
p1 new coords aa 15.041420045309765, 5.616495428018347, 0.05640815371096086
p1 new coords aa 14.977572978903051, 5.435054395556681, 0.1068700287243903
p1 new coords aa 14.9466155809702, 5.511749312617213, 0.20502147084537697
p1 new coords aa 14.973191082728702, 5.260666279074185, -0.06838813387894277
p1 new coords aa 14.689091158454229, 5.256864169324707, 0.16518704683865892
p1 new coords aa 14.701499496826912, 5.373285275098944, -0.28544736200887255
p1 new coords aa 14.639026788062372, 5.154729950030466, -0.42512757471634777
p1 new coords aa 14.452796499871766, 5.304826163404145, -0.34924486273136784
p1 new coords aa 14.750991609730264, 5.458320919999105, -0.1919846455824072
p1 new coords aa 14.925426367934783, 5.578947092323958, -0.27624086221538774
p1 new coords aa 14.867207775424118, 5.631245066603374, -1.4680479685874603E-4
p1 new coords aa 14.978745130215804, 5.509571700811309, 0.2111515230003465
p1 new coords aa 15.033314743119348, 5.576020235101927, 0.3337068151647016
p1 new coords aa 15.159725252656477, 5.65866987619638, 0.14954525003484453
p1 new coords aa 15.06701031602136, 5.873943962629826, 0.1300172757454326
p1 new coords aa 14.986177199496554, 5.695942678649831, 0.09758623225313
p1 new coords aa 14.92576572145301, 5.912452558197133, -0.03809349242597322
p1 new coords aa 14.967579943411936, 5.945121154619088, -0.0210194823589558
p1 new coords aa 14.74991309470958, 5.8903548335733396, -0.2693813124807211
p1 new coords aa 14.675891032143857, 5.94578161227889, -0.128632708393299
p1 new coords aa 14.809172294691004, 5.870459543495878, 0.036743525010738715
p1 new coords aa 14.843989438836108, 5.772073680413619, -0.23940165560711243
p1 new coords aa 14.716242020522099, 6.170628684411935, -0.22357666026703854
p1 new coords aa 14.669564219104432, 6.048799803622269, -0.25142639046282095
p1 new coords aa 14.644599835790892, 6.080485446546737, -0.21944684826876595
p1 new coords aa 14.455420288264628, 6.1761930616324765, -0.1483132106291669
p1 new coords aa 14.672981703769954, 5.924716293286376, -0.006346834117167549
p1 new coords aa 14.802984218187191, 5.778205885830937, -0.11434905794617661
p1 new coords aa 14.987331776279621, 5.855423353832101, -0.36337465773913896
p1 new coords aa 15.045053513796192, 5.990893625895764, -0.1243212104943539
p1 new coords aa 14.786352749698553, 6.091036854806202, 0.03481113498615929
p1 new coords aa 14.81004179355108, 6.118734662158908, 0.08228788406304646
p1 new coords aa 14.883405658046888, 6.156358552288689, 0.126079910720572
p1 new coords aa 15.061602035116927, 5.988556290284828, 0.13872133165566183
p1 new coords aa 15.15301203154352, 5.769357944001986, 0.08424290811330343
p1 new coords aa 15.011370182848584, 5.41229575381968, -0.07545022065050519
p1 new coords aa 14.937498300835818, 5.497776058800726, -0.27289723258976906
p1 new coords aa 15.073649998558638, 5.3783761107719465, -0.24379621785942618
p1 new coords aa 15.054257925196008, 5.397288301021528, -0.16006917094086565
p1 new coords aa 15.035626801860031, 5.422132751304831, -0.12441110921317677
p1 new coords aa 15.09091735242892, 5.525433345751829, -0.2884068742799121
p1 new coords aa 15.184795856288387, 5.387946747230807, 0.22856530752668514
p1 new coords aa 14.989473297308445, 5.500371164081574, 0.10716917156240574
p1 new coords aa 15.012572493924178, 5.687883792946534, -0.09906691460956266
p1 new coords aa 14.985642126634893, 5.746721439838827, -0.038850407853815716
p1 new coords aa 15.115930022456753, 5.8072165206109245, 0.09388810717055457
p1 new coords aa 15.261271168364924, 5.958305658734326, 0.025168856369265427
p1 new coords aa 15.09612399080502, 5.907623170309755, 0.09055985003672534
p1 new coords aa 15.05913228101171, 5.8963080518173285, 0.14113412689870952
p1 new coords aa 14.869119403775743, 6.006655824744894, 0.1470527858270547
p1 new coords aa 14.701210696923527, 5.927840970848084, -0.18507575516263916
p1 new coords aa 14.728516692784794, 6.07677059742358, -0.01571334308645081
p1 new coords aa 14.883314850025833, 6.00665482089016, -0.1713589933945585
p1 new coords aa 14.911461609544425, 5.88392536247388, -0.02156574626815519
p1 new coords aa 15.096986148437127, 5.8457523793039865, -0.08518857699664817
p1 new coords aa 15.150198631398311, 5.765849876129836, 0.052690596319614924
p1 new coords aa 15.292419036231806, 5.9047307769183766, -0.25080684313320367
p1 new coords aa 15.423808438198627, 6.112935273460986, -0.16652394343129728
p1 new coords aa 15.423201970326495, 6.068654450202655, 0.08840891690504282
p1 new coords aa 15.442215096648404, 5.821440212178038, -0.11902328697888137
p1 new coords aa 15.392388428488653, 5.749453847982941, -0.2661592089172769
p1 new coords aa 15.38916375725236, 5.97083704892009, -0.16536223221003474
p1 new coords aa 15.173298265260918, 6.080774771856765, -0.2601689928975551
p1 new coords aa 15.403657265466178, 6.082286965458778, -0.1984361469826842
p1 new coords aa 15.523755010886935, 6.16163809866638, -0.17186645560846814
p1 new coords aa 15.578730473340746, 6.120930360491953, -0.14847745544634927
p1 new coords aa 15.5487650126573, 6.372874616703752, -0.032254360929998976
p1 new coords aa 15.394852359271415, 6.323161042729244, -0.09494280230516475
p1 new coords aa 15.617276497615183, 6.2981732711496425, -0.047314019893368295
p1 new coords aa 15.4836933447326, 6.391970657519309, -0.24090351990554693
p1 new coords aa 15.341875621522929, 6.5860402165918375, -0.12656406368364417
p1 new coords aa 15.522323339412523, 6.55104016837552, 0.031636275608881353
p1 new coords aa 15.410845028204378, 6.3396861089556555, -0.1966909153487888
p1 new coords aa 15.375235980465805, 6.471037120982036, 0.22028044527588647
p1 new coords aa 15.352618715050838, 6.228037693672106, 0.17863444422090705
p1 new coords aa 15.369704805631049, 6.212512334640227, 0.07824747661611975
p1 new coords aa 15.467641606786081, 6.1526500236141635, 0.6173139705280485
p1 new coords aa 15.549503054425065, 6.06248161548589, 0.474023213112275
p1 new coords aa 15.342750506021284, 6.367194074464998, 0.10221922752663715
p1 new coords aa 15.166827336351576, 6.41633831066353, -0.06432077957248084
p1 new coords aa 15.10904131427343, 6.335942500569853, -0.22671738132206504
p1 new coords aa 15.183212115612656, 6.68538846169197, -0.4401017379424713
p1 new coords aa 15.091407437601287, 6.592998987885118, -0.19484922737443555
p1 new coords aa 14.972071542184837, 6.728043603730002, -0.12265888817452669
p1 new coords aa 15.074401921727118, 6.68685374774123, 0.08803711369947981
p1 new coords aa 15.19365919256346, 6.676069947744482, 0.033936040100221415
p1 new coords aa 15.298325238196918, 6.772181115633096, -0.17779243591955174
p1 new coords aa 15.354240241250144, 6.702837138488661, 0.22826772054244737
p1 new coords aa 15.458291745899391, 6.875418505280244, -0.06262526463904033
p1 new coords aa 15.419653304757807, 6.667381727411836, -0.030672170187532953
p1 new coords aa 15.399044700855978, 6.753227182437445, -0.09246701672424927
p1 new coords aa 15.654331751249236, 6.662903879060805, 0.0636167878750173
p1 new coords aa 15.575703591851664, 6.741215838808482, 0.16197790962479472
p1 new coords aa 15.546057266731584, 6.8697084169476454, 0.2969041650149178
p1 new coords aa 15.544777469640596, 6.7701250100448425, 0.3102914404027905
p1 new coords aa 15.653862275557291, 6.86521416602676, 0.27829077100607413
p1 new coords aa 15.75812921321716, 6.814801350716238, 0.13372068337660145
p1 new coords aa 15.580693298371783, 6.795572052636982, -0.13428241262046234
p1 new coords aa 15.699713263357374, 6.890149843457078, -0.09104033763486039
p1 new coords aa 15.603165310201781, 6.986768713287166, 0.05256245067497564
p1 new coords aa 15.795658738437723, 6.8794700691542845, -0.07721676168358343
p1 new coords aa 15.790575905035727, 6.950643981451321, 0.15979024548073162
p1 new coords aa 15.615743947609872, 6.703388852164994, 0.17074005374289097
p1 new coords aa 15.840215768688271, 6.846434168267462, -0.012692247682588531
p1 new coords aa 16.06938096413019, 6.962108879120501, -0.16062442440195307
p1 new coords aa 16.139785269602214, 6.872876943696829, -0.08463868501644937
p1 new coords aa 16.20598198936914, 6.685218262108519, 0.05371662550706681
p1 new coords aa 16.00428471696191, 6.679501693602205, 0.014806681828374538
p1 new coords aa 15.762454618494115, 6.409183780710028, -0.10722358556132287
p1 new coords aa 15.641149215590117, 6.331765626112886, -0.050639839225136964
p1 new coords aa 15.540779782979529, 6.628658396168838, 0.029684024827436768
p1 new coords aa 15.341458101961122, 6.6141337657201085, -0.09743492228794992
p1 new coords aa 15.635358801461251, 6.845021235846272, 0.1109050687908279
p1 new coords aa 15.490659850452202, 6.804237037180044, -0.040438105300933086
p1 new coords aa 15.399764945043449, 6.565495111483579, 0.07578447890657272
p1 new coords aa 15.386911056771607, 6.641769890961001, -0.06350504035534962
p1 new coords aa 15.65409399659129, 6.573249658468861, -0.006541805312203788
p1 new coords aa 15.662982880273002, 6.259981939675572, -0.06984206718180688
p1 new coords aa 15.570062296383439, 6.397340439050696, -0.2916449582277967
p1 new coords aa 15.432966108766728, 6.3995536940342514, -0.32156135089744664
p1 new coords aa 15.636227939309144, 6.409223862865161, -0.09600102638144925
p1 new coords aa 15.736374652745909, 6.547785024242298, -0.034643634852336486
p1 new coords aa 16.006495332953673, 6.613928479072831, -0.3810613274883967
p1 new coords aa 15.990034893434263, 6.526049086638949, -0.3775233517355475
p1 new coords aa 15.928282545387743, 6.5429961922428035, -0.19879077771473158
p1 new coords aa 16.087763242920516, 6.653310246415503, -0.1495034405867947
p1 new coords aa 16.112777842838998, 6.49818297310257, 0.13349614216320377
p1 new coords aa 16.077245639393134, 6.596251970866797, 0.2900398266318742
p1 new coords aa 16.048456351312563, 6.675842859185316, 0.03269431634754422
p1 new coords aa 15.827292679267106, 6.620040653389758, 0.04576898710341486
p1 new coords aa 16.03993158044623, 6.699993095742411, 0.1755824111023605
p1 new coords aa 16.051485514967187, 6.611556687785842, 0.07588558914694538
p1 new coords aa 15.936131918519242, 6.933592419568841, -0.22683540586880474
p1 new coords aa 15.859025165115854, 6.9121322829371925, -0.22185583508919204
p1 new coords aa 15.888099089036842, 6.745687891388228, -0.1516301021498248
p1 new coords aa 16.22357937728235, 6.738595973128907, -0.17019751583212128
p1 new coords aa 16.048383767061665, 6.651508107862829, -0.012436960096868566
p1 new coords aa 16.23383069413759, 6.7123180134749, -0.189651838661642
p1 new coords aa 16.149109696158888, 6.680092618821185, -0.19006156015037118
p1 new coords aa 16.282767103642872, 6.822787029878059, -0.1473982145795161
p1 new coords aa 16.222445569218852, 6.659526419972098, -0.12510394086702734
p1 new coords aa 16.2670675345241, 6.425939637179006, -0.12029783459434146
p1 new coords aa 16.08798471309848, 6.582357362013309, -0.11320559405691089
p1 new coords aa 16.063195088670764, 6.369363581106772, 0.06117722424853894
p1 new coords aa 16.124613811482927, 6.168701257527743, -0.04572567476334734
p1 new coords aa 16.377342733691044, 6.1304026112304, 0.06286458156710935
p1 new coords aa 16.206006919539114, 6.109069896629251, -0.014700628490416659
p1 new coords aa 16.220158733676488, 6.1028437100944775, -0.11265818422879881
p1 new coords aa 16.211896196210198, 5.986823586590146, -0.44291357229961126
p1 new coords aa 16.286079290974772, 5.714340948635454, -0.3869184840739573
p1 new coords aa 16.513850293675212, 5.602322144805475, -0.16231805620484785
p1 new coords aa 16.487378529342575, 5.608161779976712, -0.06903776720399345
p1 new coords aa 16.500417403300037, 5.5001819531158, -0.21867888039358263
p1 new coords aa 16.55331671520389, 5.393935186710752, -0.29919105030597637
p1 new coords aa 16.537979610029225, 5.457989731348751, -0.31939892480216664
p1 new coords aa 16.780224388658063, 5.5006087449076, -0.13246216940722988
p1 new coords aa 16.682175305221563, 5.490024936951368, 0.06654943096993723
p1 new coords aa 16.816176710296567, 5.394144797935355, 0.23664303497710382
p1 new coords aa 16.652875869952165, 5.153114872839242, 0.3212179361062447
p1 new coords aa 16.70559157170307, 5.122804869521779, 0.28051908312956586
p1 new coords aa 16.497676605442134, 5.1370799512336465, 0.12714076819055914
p1 new coords aa 16.411063123421634, 5.206839824939871, 0.2221000403057397
p1 new coords aa 16.458142681942352, 5.356448066335634, 0.06554429122284258
p1 new coords aa 16.50894145353315, 5.369480327261526, 0.1434718375899192
p1 new coords aa 16.58804932112046, 5.3421680524471356, -0.018548620716986708
p1 new coords aa 16.428662186623185, 5.166787735693311, 0.005098864663991856
p1 new coords aa 16.574366848003237, 4.969628525940548, 0.03138572293948769
p1 new coords aa 16.584545586513357, 4.81063713890666, 0.10248708773651681
p1 new coords aa 16.672444650324902, 4.8395032530444295, 0.21242627838335826
p1 new coords aa 16.49162057843494, 5.064123748117893, -0.15720779403324192
p1 new coords aa 16.6393306324541, 4.889704895452378, -0.3293106161063346
p1 new coords aa 16.64230791497911, 4.860911914866648, -0.16280698134766272
p1 new coords aa 16.52726805752445, 4.9102016695287745, -0.016745670245381872
p1 new coords aa 16.380003421794065, 4.725613946978107, 0.06339035626335134
p1 new coords aa 16.42914104198587, 4.774953376885715, -0.05500407418212709
p1 new coords aa 16.46288680229651, 4.761149681326598, -0.1212851520882307
p1 new coords aa 16.545164411026136, 4.505109554451797, 0.011858847396282804
p1 new coords aa 16.48878681715669, 4.541397022469642, 0.14497261727672472
p1 new coords aa 16.574099060534067, 4.37354630943326, 0.19873930403447831
p1 new coords aa 16.42495446240855, 4.1614783625471565, 0.004117093201215893
p1 new coords aa 16.491784154079163, 4.171010531523593, -0.24224008862751953
p1 new coords aa 16.160366659327483, 4.152404027646791, -0.24468309348137157
p1 new coords aa 16.326253279312517, 4.150725930626693, -0.14117746954486282
p1 new coords aa 16.242831044118127, 4.195008262994619, -0.04145806397354067
p1 new coords aa 16.148858720199236, 4.111730777837003, 0.12006278982556366
p1 new coords aa 16.34435641315614, 4.251976231036216, 0.25789615456759646
p1 new coords aa 16.39124487771881, 4.364507088624836, 0.09878218318721979
p1 new coords aa 16.51212304545238, 4.678251503260021, 0.08423696633024867
p1 new coords aa 16.594659212620225, 4.599361748623005, 0.05550926616985913
p1 new coords aa 16.497507071492127, 4.847301005734202, 0.04492115159996785
p1 new coords aa 16.51144237114277, 5.081266514893035, 0.11475021293601093
p1 new coords aa 17.056087731486954, 5.063928592287998, -0.04984359845218281
p1 new coords aa 16.98745003294477, 4.926476817465933, -0.04519656136255792
p1 new coords aa 17.03675027601932, 4.883337715181943, 0.12107977395676395
p1 new coords aa 16.92616371499783, 4.823750849409504, 0.10680613061881933
p1 new coords aa 17.178311631936737, 4.947245245653926, 0.1920198418533322
p1 new coords aa 16.836601599916776, 4.992240826628672, -0.057318555359221646
p1 new coords aa 16.74795018610896, 4.888495520823434, -0.06485523438491715
p1 new coords aa 16.769991365473253, 4.988635280836751, 0.07537149242128298
p1 new coords aa 16.78952605646451, 4.890094781820405, -0.02173252328066172
p1 new coords aa 16.848113095342278, 4.87805875798609, 0.12060949441008784
p1 new coords aa 16.796720995820127, 4.813581159042484, -0.07716077352651066
p1 new coords aa 17.077440013009035, 4.782776279997753, 0.07227448978650317
p1 new coords aa 17.109490870544754, 4.725163549007735, -0.011498209720749386
p1 new coords aa 17.15075400150075, 4.577546271152591, -0.10325389301662745
p1 new coords aa 17.473249393615152, 4.443458416639232, -0.02060860616935435
p1 new coords aa 17.318313094848644, 4.559290192735945, -0.3089521407070435
p1 new coords aa 17.317262624090137, 4.754980894545322, -0.3319477422073731
p1 new coords aa 17.496648851383533, 4.587342947561009, -0.1656407812252893
p1 new coords aa 17.505262044776433, 4.486640046093422, -0.26664367437578795
p1 new coords aa 17.180519042478302, 4.657127293809325, -0.2058742086145988
p1 new coords aa 17.361702837876898, 4.794434034494264, -0.14110369161382885
p1 new coords aa 17.271217622930482, 4.9061519976097925, 0.054306637569943306
p1 new coords aa 17.514637217327664, 4.844362960664236, 0.07476560697437137
p1 new coords aa 17.426102518523802, 4.994216763688621, -0.20227925155395823
p1 new coords aa 17.57045559963489, 4.932097099924183, -0.17955424773521855
p1 new coords aa 17.4029254690175, 5.138001110871958, -7.393940989290082E-4
p1 new coords aa 17.61337789495121, 5.145227127780684, -0.0454657689690612
p1 new coords aa 17.486350155528594, 5.309534481644406, 0.13186171334382765
p1 new coords aa 17.54298986742386, 5.206939844170767, 0.057296438857353305
p1 new coords aa 17.63664975471751, 5.241218950777435, -0.09313798834490747
p1 new coords aa 17.541517044134622, 4.923313453265925, -0.213133127110113
p1 new coords aa 17.51757616443578, 4.977914306541122, -0.1931739074068431
p1 new coords aa 17.398378978331245, 5.089903016902389, -0.2337409405163619
p1 new coords aa 17.43245718807058, 5.093453772585142, 0.07351180505646915
p1 new coords aa 17.397345042146384, 4.9839784216686835, 0.11952037091210008
p1 new coords aa 17.478805861171427, 4.920146620350129, 0.10665807899267772
p1 new coords aa 17.701426212167537, 4.8492364301469015, 0.22155612756730148
p1 new coords aa 18.066058217755696, 4.727785273483587, 0.14312236345232027
p1 new coords aa 17.959066096424973, 4.60027372428211, 0.12907094282682902
p1 new coords aa 18.148547048174134, 4.414079389555128, 0.17072859587518638
p1 new coords aa 18.168469420335416, 4.502927717124087, -0.06873608013607285
p1 new coords aa 17.855133141652434, 4.582933423463061, -0.16134190235748277
p1 new coords aa 17.730119218389845, 4.464033282315512, -0.07250774049514452
p1 new coords aa 17.63852003799738, 4.414146081958198, 0.022975011619848815
p1 new coords aa 17.794787975908154, 4.445034379883623, 0.1379525662679652
p1 new coords aa 17.783136632340046, 4.2485363652138455, 0.06313460008559525
p1 new coords aa 17.828820121934537, 4.365736378435164, 0.02167088458475676
p1 new coords aa 17.79931730242382, 4.298148072289503, -0.2577425298953635
p1 new coords aa 17.917237950128236, 4.327352953236881, -0.32667702964426437
p1 new coords aa 17.897285394285635, 4.225745174732805, -0.4486399498213756
p1 new coords aa 18.102497580028693, 4.198322825215485, -0.20125752609386113
p1 new coords aa 18.163832323171313, 4.2931264021880535, -0.3219214044633773
p1 new coords aa 18.28289079950292, 4.320272095545154, -0.3023630026731951
p1 new coords aa 18.052256420357814, 4.06409581599115, -0.320966419320252
p1 new coords aa 17.926168342081567, 4.02934215103629, -0.28100394311952265
p1 new coords aa 17.856194582220066, 4.060721103353326, -0.006267837468330872
p1 new coords aa 18.02071643680846, 3.922200493850274, 0.05350380685905859
p1 new coords aa 17.909493159984994, 3.7451300123302786, 0.026619798929976075
p1 new coords aa 17.933333266785088, 3.6067799950157036, -0.053709813050199416
p1 new coords aa 17.822847444605053, 3.743824804401465, 0.22700082615368575
p1 new coords aa 17.875061128866115, 3.6787972568948173, -0.024205943537525226
p1 new coords aa 17.899669669666178, 3.826321989727366, 0.05708541402567231
p1 new coords aa 17.99463699728457, 3.681921429701405, 0.1900066491502339
p1 new coords aa 17.91306628107337, 3.6641615837775476, 0.033334079595696425
p1 new coords aa 18.238481144538028, 3.5764295566518203, 0.07109817461794934
p1 new coords aa 18.132244624723246, 3.544243282319982, 0.03517812279432828
p1 new coords aa 18.213713915162046, 3.497716761149983, -0.31864456818862874
p1 new coords aa 18.520331841981438, 3.5642738429766387, -0.03116350444779975
p1 new coords aa 18.43931249763118, 3.3985162501193042, -0.18753614322656764
p1 new coords aa 18.415794794858222, 3.3509312077469593, 0.16237834237210608
p1 new coords aa 18.33353556116374, 3.326899333823839, 0.06242285339412017
p1 new coords aa 18.18124824241747, 3.09430698700128, -0.06744863453777832
p1 new coords aa 18.306325322969442, 3.1205268939731847, -0.12453372270466519
p1 new coords aa 18.07965217599445, 3.1822638189289605, -0.016239361615258033
p1 new coords aa 17.9431531209587, 3.2752606963249407, 0.015188216741211624
p1 new coords aa 18.023684123017198, 3.023772846744735, -0.14190410495187314
p1 new coords aa 18.169763804822846, 2.7596870499932584, -0.1485899217001876
p1 new coords aa 18.12263229968793, 2.9532632360405824, -0.11554053076259899
p1 new coords aa 18.01625510864945, 2.9990115461182727, -0.034920948855153344
p1 new coords aa 18.017887593012162, 2.9458929197919455, -0.030005808008638845
p1 new coords aa 18.26599594337643, 2.993987900369821, -0.3055448361982571
p1 new coords aa 18.24982267478416, 2.991664405478184, -0.24970868008569386
p1 new coords aa 18.072160416774445, 3.1276822732532255, -0.2552740858188798
p1 new coords aa 18.039270053835825, 3.140048955993233, -0.1492757947012921
p1 new coords aa 17.856191217385845, 2.9854825090868458, -0.24711026622358642
p1 new coords aa 18.037317038905147, 2.95434015952263, 0.015993448732157328
p1 new coords aa 18.029866736551767, 3.1355366040714627, 0.0529183556651457
p1 new coords aa 18.187867979660155, 2.9538214399964025, 0.002495360269013522
p1 new coords aa 18.248524054817995, 3.1226629310675342, -0.03550877019841391
p1 new coords aa 18.190838824831825, 3.0887158176688603, -0.1715731249510602
p1 new coords aa 18.00748406039326, 3.189295241445579, 0.07861044867881112
p1 new coords aa 17.91193422855818, 3.386056733895753, 0.08173841349480723
p1 new coords aa 17.741047784670812, 3.2365789477981934, -0.0768379698154753
p1 new coords aa 17.629026251930203, 3.2673595251312224, 0.008866645355445887
p1 new coords aa 17.405212399058794, 3.4382890525430403, -0.2677237081732565
p1 new coords aa 17.395169411296642, 3.4865699808343615, -0.10387464317538919
p1 new coords aa 17.435276443640834, 3.449166610528129, -0.0877764650034857
p1 new coords aa 17.480492161039326, 3.4212801398412664, -0.027439885237503764
p1 new coords aa 17.22709022656182, 3.3363657444466184, -0.020267196562625385
p1 new coords aa 17.144460041338053, 3.3123872771411618, -0.11210813474390294
p1 new coords aa 17.159980296913503, 3.210792479318431, -0.07910666303404484
p1 new coords aa 17.03345707892562, 3.1435553570796477, -0.19950519116000445
p1 new coords aa 16.706229284900623, 3.2497667424546552, -0.12068559439311896
p1 new coords aa 16.725117763705324, 3.1369797231552177, -0.09779376628646595
p1 new coords aa 16.582844040290922, 3.149416321788724, -0.12176236366872711
p1 new coords aa 16.64506113925176, 3.3669067347769723, 0.017215030127814446
p1 new coords aa 16.736179763478276, 3.312556226891464, -0.16004609366221692
p1 new coords aa 16.699888502340528, 3.302539198977613, -0.2444786493285242
p1 new coords aa 16.688004631572184, 3.5149549188140154, -0.186433736516687
p1 new coords aa 16.3889594477072, 3.4995454036472826, -0.2167617424805933
p1 new coords aa 16.40596507919422, 3.4932387715513515, -0.3710122443022986
p1 new coords aa 16.23392216741625, 3.271241656285519, -0.33038943084823374
p1 new coords aa 16.108233238020176, 3.562004583886404, -0.22337126374278704
p1 new coords aa 16.346762103635964, 3.5604461346867256, 0.14772443174994088
p1 new coords aa 16.407490478665782, 3.418592955792874, -0.13521171841262325
p1 new coords aa 16.251575060237897, 3.551244759537989, 0.10583730045754947
p1 new coords aa 16.39166149661878, 3.6295049804177695, 0.06854207941964241
p1 new coords aa 16.51159256294181, 3.67684111298481, -0.12847846465287974
p1 new coords aa 16.54277204180723, 3.5073847329189087, -0.22457674457760268
p1 new coords aa 16.428402709606477, 3.443280252617903, -0.07313158878343903
p1 new coords aa 16.346475367902702, 3.2357845196083885, 0.05200035503747705
p1 new coords aa 16.278172788168582, 3.213900037922708, 0.11588504020643915
p1 new coords aa 16.37536778302787, 3.297358686568477, -0.04310680085681394
p1 new coords aa 16.296719134603574, 3.1901458361702115, 0.11982803877923957
p1 new coords aa 16.551418757405884, 3.0072915473639945, 0.07544274769937886
p1 new coords aa 16.260954425210294, 3.0039282493562784, 0.09800453630047945
p1 new coords aa 16.19661589722308, 3.072547070290752, 0.0082873438200253
p1 new coords aa 16.332436766858795, 3.047706740817627, 0.1629271876668915
p1 new coords aa 16.403765758932842, 3.2716526686819964, 0.0664944936733092
p1 new coords aa 16.412109810229552, 3.319640936432152, -0.06698479294379539
p1 new coords aa 16.237130789787773, 3.2492625140079587, -0.0531396844997824
p1 new coords aa 16.240118767877966, 3.3531192801012994, -0.06803761278970388
p1 new coords aa 16.31065003278994, 3.265932979550564, -0.08380322674378929
p1 new coords aa 16.34847002692301, 3.1080381164408024, 0.30134227909655387
p1 new coords aa 16.443538933071235, 3.1355895506870417, 0.15167916309457408
p1 new coords aa 16.551716257534167, 3.0886494241329587, -0.07437042308445413
p1 new coords aa 16.67362563889147, 3.0812531638958016, -0.1409674800674342
p1 new coords aa 16.88617675951963, 3.216944866124797, 0.13835205520817617
p1 new coords aa 17.07373610132363, 3.366160099756187, 0.17802504442715633
p1 new coords aa 17.257274209852607, 3.2727504809563386, 0.08212117343305483
p1 new coords aa 16.902128688108466, 3.3301247265088905, 0.012769347912889611
p1 new coords aa 16.63930371702483, 3.2879029533828614, 0.08104590679778156
p1 new coords aa 16.462356300745178, 3.024172164952554, 0.05128564756329897
p1 new coords aa 16.42128344653983, 3.1419557184041573, 0.24121334222649676
p1 new coords aa 16.32602004886913, 3.2551518625660494, 0.1858228129202574
p1 new coords aa 16.239030051679165, 3.238238436464814, 0.03510130851269003
p1 new coords aa 16.362140067029298, 3.028339987659147, -0.06567727387938828
p1 new coords aa 16.420896544724393, 2.782212248363897, -0.1599044176869882
p1 new coords aa 16.566700061429223, 2.907401775869314, -0.16790706300641794
p1 new coords aa 16.612751213027284, 2.806331643273279, -0.27951274713804747
p1 new coords aa 16.714363810375414, 2.645186479715876, -0.3551931308373817
p1 new coords aa 16.696844183377078, 2.758671445672724, -0.09980670683333759
p1 new coords aa 16.671242327159113, 3.040973698081351, 0.19189927652424205
p1 new coords aa 16.782833585228126, 3.0411793092356465, 0.14854095935272088
p1 new coords aa 16.679019810931816, 3.0556252635383965, -0.010747773522556736
p1 new coords aa 16.805006341588328, 3.2813548595841624, -0.03558924892128901
p1 new coords aa 16.79777946871397, 3.3835761365907233, 0.027411046925846366
p1 new coords aa 16.68691294616536, 3.2550709362935635, -0.23911353033198604
p1 new coords aa 16.779863693740587, 3.3773339053553855, -0.09022261649172525
p1 new coords aa 16.719169107800305, 3.3770738845437913, 0.21132585271076548
p1 new coords aa 16.81306659307412, 3.479680774213186, -0.15304342539443994
p1 new coords aa 16.817122499688335, 3.521371872670338, -0.19678418807093812
p1 new coords aa 16.87275423080293, 3.633205242793413, -0.04310632285350541
p1 new coords aa 16.90099417726337, 3.512057223722706, 0.27594620498194766
p1 new coords aa 16.88835357296845, 3.568259895065561, 0.001810338253249888
p1 new coords aa 16.694104047426908, 3.7217939410961116, 0.04608783141003193
p1 new coords aa 16.494795128926366, 3.7982779487885505, -0.2459528554805276
p1 new coords aa 16.27155134768737, 3.7618476066548827, -0.2836635625014764
p1 new coords aa 15.999363250361082, 3.9020449474033385, -0.06626737188387533
p1 new coords aa 16.178648167554194, 3.839126834681384, -0.20717266821076982
p1 new coords aa 16.259412137041696, 4.240472316149922, -0.26746365217155776
p1 new coords aa 16.15787164392047, 4.128538609882173, -0.1108203904929701
p1 new coords aa 16.19828721762129, 4.396365595991739, 0.07989310186035775
p1 new coords aa 16.38630003036585, 4.371844856039789, 0.1919808387195652
p1 new coords aa 16.263506060321575, 4.395318539772548, 0.016589038530775174
p1 new coords aa 15.982639295834566, 4.461986385757016, 0.2957851418112204
p1 new coords aa 16.197361533049264, 4.63052376243128, 0.1326455171987443
p1 new coords aa 16.011672104293982, 4.4913731393387195, 0.11992852158347247
p1 new coords aa 16.091708726116345, 4.657240198719339, 0.32206538808312635
p1 new coords aa 15.982188621573783, 4.642034701350233, 0.13997622355110845
p1 new coords aa 16.179719606245865, 4.606348996854432, 0.02958223627877385
p1 new coords aa 15.96383606864288, 4.541450243277184, 0.09106165039015111
p1 new coords aa 15.929531633485237, 4.631355790289533, -0.30491698837763154
p1 new coords aa 15.881537695257522, 4.593977423634046, -0.1326093772330781
p1 new coords aa 15.991213438414475, 4.568992137636553, 0.16585617302645458
p1 new coords aa 15.961681539356292, 4.533806771905869, 0.2229838871191982
p1 new coords aa 15.893636298144997, 4.5549063308516216, 0.19039639195725858
p1 new coords aa 16.002056128489823, 4.646121843573903, 0.13218852567229925
p1 new coords aa 15.937849972393757, 4.758230340162101, 0.06598202871687776
p1 new coords aa 15.740365889251175, 4.66725875349772, -0.08954751501611531
p1 new coords aa 15.814453779986412, 4.725664539920372, -0.17505345306845532
p1 new coords aa 15.857954717822672, 4.791455739914325, 0.01693380058613214
p1 new coords aa 15.734831428743762, 4.590010788333228, -0.06840596727822547
p1 new coords aa 15.698652575992334, 4.476104194280522, 0.17099545750423362
p1 new coords aa 15.790376441738065, 4.741152467203168, 0.19700058517022617
p1 new coords aa 15.85701513602752, 5.144478903765713, 0.4917070728935349
p1 new coords aa 15.966161314697237, 5.137606275091921, 0.30272483910506914
p1 new coords aa 16.01354018181164, 5.070734787471886, 0.2274133457266066
p1 new coords aa 15.71900126111098, 5.080892363487239, 0.030596720546543332
p1 new coords aa 15.714795493156236, 5.357152149848085, -0.11555515819242718
p1 new coords aa 15.676038303799011, 5.404704292902059, -0.22157714999437778
p1 new coords aa 15.837767643124593, 5.56588270521766, 0.047127688494354836
p1 new coords aa 15.909451541165666, 5.615663735354255, -0.1650973467647585
p1 new coords aa 15.966570471232847, 5.640577751942807, -0.10807387935718613
p1 new coords aa 15.837695370538828, 5.651122427055022, 0.016924543773988554
p1 new coords aa 16.269380557849537, 5.618036818912038, -0.16457765807686375
p1 new coords aa 16.23378053101206, 5.751991149058053, -0.08930504770706549
p1 new coords aa 16.203483380162435, 5.726365192078102, -0.16956541816785703
p1 new coords aa 16.40133498373478, 5.383637001758397, 0.15179831895823964
p1 new coords aa 16.24806953648995, 5.634086935419677, 0.4472165956237594
p1 new coords aa 16.096806174607387, 5.833397437381257, 0.17966693363344793
p1 new coords aa 16.127492752125725, 6.192448829136342, 0.10416255021858323
p1 new coords aa 16.24343610343296, 6.125024315141167, 0.13368932009713294
p1 new coords aa 16.347520773399125, 6.103866209332422, 0.07926260255621678
p1 new coords aa 16.578892971173627, 6.140065310804685, -0.09131391149700821
p1 new coords aa 16.714484111491412, 6.266298850585393, 0.08786029828017192
p1 new coords aa 16.594830562448887, 6.320101301885864, -0.13359916463868146
p1 new coords aa 16.487806528313335, 6.325565019775808, -0.20904483238639862
p1 new coords aa 16.605350479518446, 6.3138662933732315, -0.12799059392632117
p1 new coords aa 16.765799303185617, 6.339315644683576, -0.13177857636878917
p1 new coords aa 16.625037114228043, 6.200998279445643, -0.1145396134842017
p1 new coords aa 16.85225635282859, 6.089931535145467, 0.14420499428282463
p1 new coords aa 16.66780506784618, 5.978617736313859, 0.10965619884558743
p1 new coords aa 16.740292260892637, 6.063490546370045, -0.04063855016383351
p1 new coords aa 16.666593129350687, 6.08692711792253, 0.06616277550952919
p1 new coords aa 16.547837664185494, 6.2932501366179325, 0.07397308514812477
p1 new coords aa 16.597095620792278, 6.577457825370339, 0.039231446340913675
p1 new coords aa 16.576140097963673, 6.720564760668443, 0.4429177274078225
p1 new coords aa 16.70984251005795, 6.840806381406566, 0.46061028494642386
p1 new coords aa 16.75176676765879, 6.785953089302231, 0.06546761882689733
p1 new coords aa 16.70703961563885, 6.797995400551103, -0.11487563603089934
p1 new coords aa 16.717997702040204, 6.90524985064557, -0.19694608356318774
p1 new coords aa 17.017221565885222, 6.778723573124538, -0.0815846542102234
p1 new coords aa 17.05624778284843, 6.931804713251819, 0.026520902354453618
p1 new coords aa 16.90166974886765, 6.815096389513835, 0.3198119665388033
p1 new coords aa 17.017705974436282, 6.783906122398593, 0.16969024121594614
p1 new coords aa 17.061081790370494, 6.711508803881276, 0.05849751994944674
p1 new coords aa 17.27038496502664, 6.6138318049244935, 0.0570971171498393
p1 new coords aa 17.69646269071822, 6.62511093355092, 0.22141384046690016
p1 new coords aa 17.70814672716704, 6.658913389395873, 0.127853369671234
p1 new coords aa 17.48234429699881, 6.660540154494239, -0.012940401552462122
p1 new coords aa 17.375960349228972, 6.846679479058823, -0.1868374880653568
p1 new coords aa 17.357645912341997, 6.978932065621841, -0.08311272761957691
p1 new coords aa 17.400167696764306, 7.164540405138359, -0.27410709651085563
p1 new coords aa 17.451039209810098, 7.390272328406106, -0.06913624264346807
p1 new coords aa 17.5518131024848, 7.549831320142312, 0.046739837443399185
p1 new coords aa 17.604065852948303, 7.531152581387877, 0.11568956814583947
p1 new coords aa 17.440110492824296, 7.647346463763823, 0.21454117949054857
p1 new coords aa 17.407352456616533, 7.720347872900385, -0.06061223507804525
p1 new coords aa 17.22911329592633, 7.558349655114006, 0.055538159375649404
p1 new coords aa 17.33330225997854, 7.711774491625581, 0.15160035531059635
p1 new coords aa 17.288250657647776, 7.638257926513529, 0.04295349072093267
p1 new coords aa 17.30253987986763, 7.8477158555318915, 0.05564124585272434
p1 new coords aa 17.471968088873677, 7.823443580375037, 0.07063138928991203
p1 new coords aa 17.585497309617026, 7.676630267767656, -0.10430182932966287
p1 new coords aa 17.602510177533578, 7.687747213847759, -0.10761159465369666
p1 new coords aa 17.829122791575724, 7.800798871083984, 0.09451044790415303
p1 new coords aa 17.75680927088515, 7.497228404249707, 0.23274395287188993
p1 new coords aa 17.84781611521642, 7.499454093413017, 0.08851036868691603
p1 new coords aa 17.824417969267166, 7.620990124826263, 0.17293753263333508
p1 new coords aa 17.763288760735318, 7.6237211027989575, -0.013093716730882693
p1 new coords aa 17.738904437132057, 7.462319410138502, -0.11173166355128417
p1 new coords aa 17.67663083139923, 7.406215834046163, -0.16329794779655357
p1 new coords aa 17.710834250136596, 7.563741509199262, 0.10490022417156594
p1 new coords aa 17.760086106759505, 7.771473388167525, -0.05236161955190835
p1 new coords aa 17.631298547134502, 7.633271167026832, -0.048281928465276694
p1 new coords aa 17.711435795343174, 7.61271722304688, -0.07402982275246295
p1 new coords aa 17.841980711479177, 7.7857607814424155, 0.08187902507539646
p1 new coords aa 18.08356071206794, 7.987373750144545, 0.22785469069732914
p1 new coords aa 18.226974370163173, 7.975917067030177, 0.10707094532139562
p1 new coords aa 18.190089196765793, 7.790021392419804, 0.11590917735584613
p1 new coords aa 18.17497166266552, 7.829231515245729, 0.12790580929833753
p1 new coords aa 18.213781704088763, 7.793112246402557, 0.1663867055552764
p1 new coords aa 18.238215896761655, 7.800924147126114, 0.21707848289148055
p1 new coords aa 18.32056575941422, 7.631720320105654, 0.01881655911727806
p1 new coords aa 18.297960760534867, 7.862524754302286, 0.14012879071018197
p1 new coords aa 18.110882038954, 7.61488418060711, 0.07224923424898706
p1 new coords aa 17.741517676771466, 7.695532786714844, 0.15414228118519463
p1 new coords aa 17.682834818890907, 7.646567999901586, 0.17386740723245725
p1 new coords aa 17.80718066090693, 7.658670208832945, 0.011762947367945698
p1 new coords aa 17.842445184410845, 7.581995481817452, -0.3652391988357863
p1 new coords aa 17.764682713947952, 7.490873819381371, -0.18742671260131183
p1 new coords aa 17.725639083146415, 7.843302663474123, -0.2368915090506073
p1 new coords aa 17.507252609880943, 7.778606935523228, 0.11364436083620788
p1 new coords aa 17.576237456570045, 7.626421513305326, 0.15133660965151793
p1 new coords aa 17.36814281190115, 7.473934610128653, 0.3040390037300985
p1 new coords aa 17.53927695313829, 7.646349625042357, 0.22033663100296327
p1 new coords aa 17.40333269917716, 7.577560280492374, 0.09107661749914228
p1 new coords aa 17.498173247081393, 7.683295833514562, 0.030300395931008375
p1 new coords aa 17.55823767000626, 7.903948296947525, 0.013644671458789254
p1 new coords aa 17.63059074232855, 8.05824697856334, -0.08193177999435908
p1 new coords aa 17.658126347969745, 8.132342666003606, -0.09218628799026407
p1 new coords aa 17.763649998629706, 7.903149203381873, -0.08795471977745228
p1 new coords aa 17.88543480445864, 7.956873916057959, 0.03453705614780145
p1 new coords aa 17.949877057311756, 8.260260125934922, 0.15695711286888656
p1 new coords aa 18.136811042925086, 8.453073636343635, 0.12655918435919963
p1 new coords aa 18.485396980745403, 8.349111043040631, 0.019993223404704247
p1 new coords aa 18.409693737032757, 8.33867370008133, 0.2966840476556136
p1 new coords aa 18.773063703088965, 7.746421642147843, 0.3151194128899753
p1 new coords aa 18.713752349863622, 7.746664658775022, 0.31039034747109695
p1 new coords aa 18.782174442496103, 7.646176922872192, -0.008974105785646058
p1 new coords aa 18.84644340477186, 7.486920464557622, 0.08596251339107013
p1 new coords aa 18.844935002194486, 7.549792112755333, 0.1062609770500707
p1 new coords aa 19.006058421158322, 7.467022052979261, -0.07710918122770702
p1 new coords aa 19.114913900706224, 7.509990681969801, -0.12963093968047423
p1 new coords aa 18.913435943439794, 7.5597694035014324, 0.07232913097904708
p1 new coords aa 18.76023573562871, 7.623346261776812, -0.08711134437174364
p1 new coords aa 18.59277130844441, 7.719025199170854, -0.18973808284226948
p1 new coords aa 18.472683949878377, 7.77325938582694, 0.04434126434223515
p1 new coords aa 18.464312042235026, 7.583208799388662, -0.06450384412616736
p1 new coords aa 18.26914335371292, 7.661536745683891, 0.020401615774370815
p1 new coords aa 18.448779585011582, 7.790952034920553, 0.11989348634663352
p1 new coords aa 18.096750481651725, 7.735518714131949, 0.006161001811572336
p1 new coords aa 17.98556171530358, 7.776256850084661, 0.08382384738399111
p1 new coords aa 17.77842671553458, 7.739807157756326, -0.1320346469212404
p1 new coords aa 18.03980607636269, 7.908953786013522, -0.21320740184441994
p1 new coords aa 18.142745520120457, 8.004551320015725, -0.26110612320065096
p1 new coords aa 18.291148669490433, 8.079704760010701, -0.2911458359992253
p1 new coords aa 18.30051450229398, 7.838710596448743, -0.1896351255627311
p1 new coords aa 18.112177462543684, 7.986819939763144, -0.027600390705847633
p1 new coords aa 18.26089150286681, 8.074105517373242, -0.12294867414125125
p1 new coords aa 18.27801289599085, 8.001448656428385, -0.18606576518087592
p1 new coords aa 18.54076896954388, 8.091378367397173, -0.07042142744634261
p1 new coords aa 18.326012093969428, 7.988310617794967, 0.004012488569209688
p1 new coords aa 18.202247015370453, 8.143551169997993, -0.3378140698172166
p1 new coords aa 18.38640937560968, 8.404532031750652, -0.1981798454320004
p1 new coords aa 18.189248719342988, 8.208925961146184, -0.2551184408502252
p1 new coords aa 17.839730193674338, 8.242652235303598, -0.1493546116725251
p1 new coords aa 17.835933615899318, 8.166547085654294, -0.0018504512267415174
p1 new coords aa 17.82423274998071, 8.130124598953415, 0.04332712658089009
p1 new coords aa 17.87729515973559, 8.22038801878092, 0.02547802087691696
p1 new coords aa 18.020200662653405, 8.14615861696543, -0.11409143439472468
p1 new coords aa 18.122100867544308, 8.20248544442855, -0.14820760527938542
p1 new coords aa 18.08064796240927, 8.206872449654727, -0.23153367139620756
p1 new coords aa 17.97403704128836, 8.327878090266621, -0.2331562028850433
p1 new coords aa 18.12926026080485, 8.309153366691538, -0.23369884797862597
p1 new coords aa 17.925919871040907, 8.206399553436322, -0.058764206275249836
p1 new coords aa 18.064989506904034, 8.075143531624484, -0.23521236724149389
p1 new coords aa 18.100033656965135, 8.292066461844481, -0.08412738480017101
p1 new coords aa 18.062753834222825, 8.010780789465349, 0.23666500062220075
p1 new coords aa 18.028828930088906, 8.019640180684595, 0.11105130316973
p1 new coords aa 18.019122712398982, 8.050418654968992, -0.13642310683384967
p1 new coords aa 17.92714876074874, 7.907505104584823, -0.17791366052454471
p1 new coords aa 17.928036796327092, 7.787257470450312, 0.04295615841036354
p1 new coords aa 17.950172616416705, 7.679585838870768, 0.16351895337685168
p1 new coords aa 17.89388721256252, 7.50850465882095, 0.2760124403416192
p1 new coords aa 17.97401137638657, 7.688318283093776, 0.2693739136513632
p1 new coords aa 18.12452434120423, 7.665401698313829, 0.002854778923848167
p1 new coords aa 18.032793204078946, 7.663419464943018, -0.1011370533323025
p1 new coords aa 18.155214438505347, 7.7708093964703435, -0.20684180333477134
p1 new coords aa 18.012879324153754, 7.7946222020164395, 0.14935658254892856
p1 new coords aa 18.036019256983273, 7.66140454667629, 0.3579484931120631
p1 new coords aa 18.12994450087096, 7.626170428949197, 0.2796505208685882
p1 new coords aa 18.337511510096878, 7.512313406790155, 0.14700125798456873
p1 new coords aa 18.185251491376185, 7.339226212460028, 0.004493878447946048
p1 new coords aa 18.419193543734387, 7.381651885280404, -0.21420681568429084
p1 new coords aa 18.40609178668766, 7.415164324957907, -0.2346079136861023
p1 new coords aa 18.478246292352797, 7.350988443207656, -0.2302276895769188
p1 new coords aa 18.418592485127604, 7.369144213953489, -0.13431386873007878
p1 new coords aa 18.418004223728598, 7.356135679534518, 0.0419810468079207
p1 new coords aa 18.377719991330686, 7.3238136983086015, 0.05758682076345253
p1 new coords aa 18.58615716371278, 7.122924090115215, -0.008005152452381502
p1 new coords aa 18.567433629614833, 7.047977597092992, 0.0149005722829718
p1 new coords aa 18.608184513977957, 7.3308837394655955, 0.006856998118247217
p1 new coords aa 18.44658989989803, 7.115032644214249, -0.093649573634119
p1 new coords aa 18.357793777300888, 6.877913145299264, -0.027494670132250043
p1 new coords aa 18.431551640781652, 6.833279734100494, 0.1935254906341033
p1 new coords aa 18.595347804032574, 6.887328416164195, 0.06750894259484921
p1 new coords aa 18.722470465146237, 6.822050322627541, 0.2173782203087271
p1 new coords aa 18.53236432018101, 7.058958990820207, 0.08934475823495067
p1 new coords aa 18.910609146732718, 7.110390352166744, 0.18682259501229215
p1 new coords aa 19.08751336559076, 7.100539883396399, 0.2798264688198682
p1 new coords aa 18.96812647747289, 6.92851054696892, 0.2748633573979773
p1 new coords aa 18.97828301043482, 6.984977365635397, 0.17017082830383934
p1 new coords aa 18.816653093861547, 6.945328110894702, 0.03861695015101965
p1 new coords aa 18.696751631005093, 7.109616839151464, -0.029673228273187427
p1 new coords aa 18.854800071486643, 7.271545937781056, -0.07684208183022989
p1 new coords aa 18.844214484484056, 7.2953113069781255, -0.13619732214999164
p1 new coords aa 18.82069009898236, 7.614584954616398, 0.18485212533578643
p1 new coords aa 18.682725997479356, 7.588955126849184, -0.24749840227568692
p1 new coords aa 18.847112411072075, 7.736138859467327, -0.1468542014657292
p1 new coords aa 18.763773281135265, 8.03676188995893, -0.24672705174068127
p1 new coords aa 18.83469760201672, 8.232951790449345, -0.05443169417525723
p1 new coords aa 18.879898740549795, 8.213859692283098, -0.03598299051938149
p1 new coords aa 19.01804503367014, 8.245296095148317, -0.07702206752764029
p1 new coords aa 18.772957676140923, 8.24186119557048, 0.1490632378335345
p1 new coords aa 18.662621049114758, 8.206323150384211, -0.010271335708528423
p1 new coords aa 18.75242775009796, 8.34847936604356, 0.06279774103595326
p1 new coords aa 18.56843869423059, 8.195372717417944, 0.27223607050970877
p1 new coords aa 18.49340772286931, 8.438114237800178, 0.16927128491056326
p1 new coords aa 18.430375391812124, 8.50414869136588, 0.03906006186984534
p1 new coords aa 18.735150956319664, 8.630915967415115, 0.01760748345867807
p1 new coords aa 18.832233247138888, 8.714611156653662, -0.2377646637112073
p1 new coords aa 18.932158576171496, 8.901824210104225, 0.07685950581720269
p1 new coords aa 19.050451146189506, 8.97645232575428, -0.14231205676912895
p1 new coords aa 19.254839591416314, 8.841847223541858, 0.006775867077862263
p1 new coords aa 19.398195572211872, 8.831211362027847, 0.0851038239562247
p1 new coords aa 19.496709647367165, 8.796096514688566, -0.20383880076022567
p1 new coords aa 19.79658864972228, 8.82232028387306, -0.2510842445811927
p1 new coords aa 20.024082503450227, 8.951590507948067, -0.22068448259191598
p1 new coords aa 20.28964717136708, 8.725970953531801, -0.03649292793145123
p1 new coords aa 20.01329568987998, 8.876727705201011, -0.2904898566079659
p1 new coords aa 19.783263967760483, 8.869678344388623, -0.027611637228690755
p1 new coords aa 19.782410571246363, 8.832069114730665, -0.16459582828370675
p1 new coords aa 19.843184896270404, 8.776346118343175, -0.3643954614413024
p1 new coords aa 19.746175085941104, 8.78347003749333, -0.13846523506488634
p1 new coords aa 19.62970649768158, 8.786913787257436, -0.060314470180364704
p1 new coords aa 19.741602948543743, 8.759255886564567, 0.05946311955833522
p1 new coords aa 19.43320713284418, 8.91985612538432, -0.3713714139893041
p1 new coords aa 19.40441354104965, 9.023125993703985, -0.20628626563575714
p1 new coords aa 19.478996834763652, 9.257613945324763, -0.0179167873341389
p1 new coords aa 19.70834302264391, 9.410108439206109, -0.1796643921065551
p1 new coords aa 19.837797348624257, 9.473644345071227, -0.22293397924103187
p1 new coords aa 19.849413861943034, 9.288643732374421, -0.08508299096141295
p1 new coords aa 19.881611436332598, 9.371167943835651, -0.023903722088515572
p1 new coords aa 19.984563533424854, 9.35812647703153, -0.028716048622695035
p1 new coords aa 19.71371916666137, 9.427049152675316, -0.23231231124798984
p1 new coords aa 19.884377940326637, 9.595958484686394, -0.22337531543483405
p1 new coords aa 19.595022907616084, 9.483198356772519, -0.2509265545859539
p1 new coords aa 19.327980218605102, 9.414336987022628, -0.2199014631669674
p1 new coords aa 19.096676098262176, 9.603643181873974, -0.18884156202764846
p1 new coords aa 19.37089417732971, 9.488886493044092, 0.06535073185137824
p1 new coords aa 19.163363025638986, 9.699183755813616, 0.13204827287199322
p1 new coords aa 19.302525892531683, 9.570426780111088, 0.010446111324833238
p1 new coords aa 19.33328720420386, 9.445966348534732, -0.18351894550550846
p1 new coords aa 19.282357207467914, 9.43818376710306, -0.026931508120185077
p1 new coords aa 19.06586266069005, 9.375396691293515, -0.15745824661176008
p1 new coords aa 18.75180922295283, 9.333083150999295, 0.07124243964707003
p1 new coords aa 18.735485464132534, 9.280859064691112, -0.07611473160733936
p1 new coords aa 18.68766288761388, 9.348727405538883, 0.14040360038192493
p1 new coords aa 18.68178456768165, 9.533159857450528, 0.04355516762042884
p1 new coords aa 18.637002446150753, 9.35624265054907, 0.18221203926550134
p1 new coords aa 18.920532538181256, 9.41225652416376, 0.04580061038147118
p1 new coords aa 18.872679658566533, 9.407035666621324, -0.08193221171851231
p1 new coords aa 18.933384241347902, 9.55810819163055, -0.030308515238225447
p1 new coords aa 18.940655303625363, 9.767731514594788, 0.11526576799018853
p1 new coords aa 18.90371900540251, 9.782580954625733, 0.09936840901066155
p1 new coords aa 18.90458102024809, 9.956595879473705, 0.1831249284483601
p1 new coords aa 18.7753840201907, 9.889765804909912, 0.1304613705936745
p1 new coords aa 18.97570642753236, 9.798919127956083, 0.013006892284827987
p1 new coords aa 18.937645013094233, 9.714344022961441, 0.12481637539528737
p1 new coords aa 19.050912722988347, 9.912867452401569, -0.21010375166866033
p1 new coords aa 19.013326163795696, 9.900531811332188, -0.07101596800600171
p1 new coords aa 18.947272742674663, 9.941655880440688, -0.14684395289648128
p1 new coords aa 19.15924167501724, 10.105607758005014, -0.19844093816050162
p1 new coords aa 18.995751547962428, 9.864317762375201, -0.14539694140238096
p1 new coords aa 19.183320332021545, 9.79399162194647, -0.23921628073833628
p1 new coords aa 19.238029636421217, 9.855464901199467, 0.0182721012182136
p1 new coords aa 19.281938907839393, 10.04827314618977, 0.05263285658806917
p1 new coords aa 19.365298911157584, 10.000366309084965, 0.07621956264635373
p1 new coords aa 19.134163678046534, 10.141858171258802, 0.1522690257019058
p1 new coords aa 19.231008499083973, 10.104774157580268, 0.05755056937443477
p1 new coords aa 19.445389130892725, 10.098520012232576, -0.12360243369455333
p1 new coords aa 19.354484663304163, 10.086019455892318, 0.0811753478444661
p1 new coords aa 19.373471158303698, 9.927114785924124, 0.14733626416439283
p1 new coords aa 19.26291523107259, 10.282197041468327, 0.21078258833247504
p1 new coords aa 19.356832197483282, 10.270740094808772, 0.3579664010685044
p1 new coords aa 19.67130728943783, 10.27248566594857, -0.009478064264801411
p1 new coords aa 19.644530463543752, 10.140891346110596, 0.013455702189092915
p1 new coords aa 19.6285502702093, 9.961083777298427, 0.1304961781766061
p1 new coords aa 19.52227147068037, 9.75035884397288, 0.39952995671988367
p1 new coords aa 19.690125434377336, 9.792310613811297, 0.33974611297794133
p1 new coords aa 19.61801695639715, 9.77360393475928, 0.22968667685615407
p1 new coords aa 19.820794947488768, 9.755611117491096, -0.07979522508102377
p1 new coords aa 19.904694095459757, 9.698934071169774, -0.09987661188078238
p1 new coords aa 19.919638066027446, 9.689765604596348, -0.38475132083948577
p1 new coords aa 19.721090843107497, 9.536147844198613, -0.13874521783667304
p1 new coords aa 19.572515173682977, 9.657692947831224, -0.16146537487508866
p1 new coords aa 19.673939688176457, 9.771270032983896, -0.010232449826428347
p1 new coords aa 19.477047036834183, 9.824804928139516, -0.19784647767396862
p1 new coords aa 19.292769019058852, 10.075557975963283, -0.03172410406957582
p1 new coords aa 19.498139902093342, 9.89676506689751, -0.3074577948877249
p1 new coords aa 19.43021209447296, 9.947489810903123, -0.427101930285996
p1 new coords aa 19.50018281042367, 10.074502340091769, -0.1900718287911955
p1 new coords aa 19.38558247182255, 9.961154333419953, -0.29170068724734544
p1 new coords aa 19.29311300217695, 9.796671752414557, -0.0993353735780047
p1 new coords aa 19.485862967830105, 9.825193324873007, 0.11497693977875945
p1 new coords aa 19.57405581334786, 9.915133850250312, -0.36418302557370563
p1 new coords aa 19.55628489230778, 10.053264923254543, -0.0816196021722439
p1 new coords aa 19.514180830854077, 10.144186174586059, 0.07666987656761559
p1 new coords aa 19.451895898685372, 10.228696953894808, -0.04938936860793694
p1 new coords aa 19.36790510627452, 10.307586770733225, -0.13509729304245505
p1 new coords aa 19.352224101241532, 10.338338282037164, 0.032798115797837424
p1 new coords aa 19.23825818770283, 10.436576542087685, 0.007615216912059221
p1 new coords aa 19.403906661424017, 10.382956143717676, -0.1423811811514545
p1 new coords aa 19.38825268238187, 10.38259255196912, -0.02940808465908551
p1 new coords aa 19.170391887755233, 10.18501562358959, 0.10885261244110978
p1 new coords aa 18.98845195967129, 10.080410711146627, -0.1776532469442651
p1 new coords aa 19.05298786974934, 10.022723346166128, 0.017856942447430302
p1 new coords aa 19.129117847024343, 9.93720068201094, -0.05037192366081837
p1 new coords aa 19.119473204292742, 9.85765686025852, -0.04954171967613229
p1 new coords aa 19.13156263696951, 9.717667178955834, -0.10418122135399666
p1 new coords aa 19.223279536565112, 9.663738027924968, 0.03370892022741484
p1 new coords aa 19.339987181010084, 9.602797066920289, -0.06595201731668816
p1 new coords aa 19.373296771277268, 9.821382869545802, -0.0228769555033521
p1 new coords aa 19.480352683489325, 9.879256619086949, -0.009107922495584248
p1 new coords aa 19.49543148781235, 9.805262644550972, -0.21391734651062008
p1 new coords aa 19.71167972719729, 9.776600650459578, 0.031061304721516497
p1 new coords aa 19.702860626098666, 9.808150250271524, 0.019860735075266516
p1 new coords aa 20.08414781761091, 9.785134983715405, -0.03156595378426673
p1 new coords aa 20.243790778448794, 9.673755516685434, 0.06664848208975879
p1 new coords aa 20.30233035374404, 9.399573707956177, 0.09212680699279757
p1 new coords aa 20.15856522242307, 9.376239362144968, -0.15039099371820727
p1 new coords aa 20.186072946620758, 9.503478048533378, 0.014260725681159325
p1 new coords aa 20.23996391653252, 9.476680493667216, 0.08199160549641879
p1 new coords aa 20.298890360569587, 9.406571597991382, 0.07624515088342797
p1 new coords aa 20.236684123769084, 9.009279414030733, 0.20243505051490135
p1 new coords aa 20.436497300313643, 8.875144961647004, 0.1601278869198715
p1 new coords aa 20.722215477547373, 8.917120921118924, 0.2264854346891001
p1 new coords aa 20.74481676562055, 8.952235323197392, 0.19041703751273234
p1 new coords aa 20.816156892523423, 8.990329741209345, 0.016750499829440435
p1 new coords aa 20.790545072857586, 9.083905893941056, -0.17923653466936587
p1 new coords aa 20.87160359586991, 9.331046499063566, -0.28433467575011107
p1 new coords aa 20.881212072954316, 9.426944927919905, 0.24405853806039968
p1 new coords aa 20.730025081054595, 9.414033500430259, 0.06741290968441677
p1 new coords aa 20.62277941801128, 9.677837842435741, 0.14028315739851066
p1 new coords aa 20.293508490598498, 9.714718324078957, -0.025788647456664454
p1 new coords aa 20.393786533563674, 9.65407859661569, 0.08000484526420296
p1 new coords aa 20.273941004656358, 9.610464082393511, 0.19127249103475794
p1 new coords aa 20.139629549451815, 9.649700898495798, 0.09834735428321478
p1 new coords aa 20.228713880100415, 9.803567147725401, 0.16103156257521845
p1 new coords aa 20.000343122684445, 9.865120513503927, -0.11965357315342928
p1 new coords aa 19.809738177580343, 9.875529987686713, -0.20271990088404057
p1 new coords aa 20.040983518841426, 9.94322850156931, -0.20687663410341808
p1 new coords aa 19.963092765725246, 9.909385961366386, -0.07825953065528293
p1 new coords aa 19.945555191008637, 9.792383413925045, -0.090960551140985
p1 new coords aa 19.926161254348607, 9.799627591225683, -0.07334081499426821
p1 new coords aa 19.856823537924573, 9.86408995199685, -0.12780818429807356
p1 new coords aa 19.844323858222328, 9.99269737753034, -0.1532662671832255
p1 new coords aa 19.938507133448738, 9.870863830309498, 0.057990570698283395
p1 new coords aa 20.194379296246122, 9.769601906187498, 0.1289213974870337
p1 new coords aa 20.430498055548558, 9.663900458607165, 0.16282024708526235
p1 new coords aa 20.341601671040376, 9.547005314080815, -0.0462537237031235
p1 new coords aa 20.310245376469286, 9.684582845202645, 0.11224885986679298
p1 new coords aa 20.292620398264194, 9.81735032768515, 0.18983620032833232
p1 new coords aa 20.314413073045703, 9.552764405907075, 0.06851983703417194
p1 new coords aa 20.32397335806277, 9.536322201089622, 0.09155005911629382
p1 new coords aa 20.182916514856373, 9.741158406738867, 0.1328601995900342
p1 new coords aa 20.322268539663536, 9.857143475902596, -0.11240920088088688
p1 new coords aa 20.557253438936964, 10.007903083035295, -0.23731134418744798
p1 new coords aa 20.473142519048125, 9.915715035177065, 0.0284407579415637
p1 new coords aa 20.491585278400233, 9.873666020883789, 0.21640036185153347
p1 new coords aa 20.681971570023975, 9.939777592657114, 0.3403448914116919
p1 new coords aa 20.441414517675362, 10.086127016669233, -0.046532023061630734
p1 new coords aa 20.447392457403303, 10.106347835113109, -0.023442913363746768
p1 new coords aa 20.531228631852333, 10.006158952554738, 0.12696592623948486
p1 new coords aa 20.544909003289924, 10.17428003734876, 0.11038416972376949
p1 new coords aa 20.45587482410162, 10.131772733301736, 0.060185924211940085
p1 new coords aa 20.441241348888834, 10.111848064043656, 0.1194945173155384
p1 new coords aa 20.493532271093482, 10.107961403130181, 0.13703240136836703
p1 new coords aa 20.335169751345976, 10.145765676304535, 0.24374276765147632
p1 new coords aa 20.16947663892335, 10.075460530664074, -0.221145871736135
p1 new coords aa 20.082108292650616, 10.204721824652788, -0.19427115290242572
p1 new coords aa 20.147863570706942, 10.276420517990449, 0.07733677221045229
p1 new coords aa 20.11493258009943, 10.238567353614862, 0.19275470570817527
p1 new coords aa 20.134513122434626, 10.08749830316832, 0.12400768309044634
p1 new coords aa 20.291684084162068, 9.78947657864691, 0.0034628696103928963
p1 new coords aa 20.271639016537527, 9.774894563023517, 0.03138856482652945
p1 new coords aa 20.581561195604458, 9.841927137536906, 0.050538840276573085
p1 new coords aa 20.67856080948863, 9.850698526258293, 0.01700175044891973
p1 new coords aa 20.68281815130232, 9.83163778971658, 0.03251268011130649
p1 new coords aa 20.724622274016685, 9.933648232774829, 0.32262921344454776
p1 new coords aa 20.72735953047017, 9.993168820403902, 0.29504196240253705
p1 new coords aa 20.560425910237996, 9.931648721449404, -0.13765395184305557
p1 new coords aa 20.595965038292086, 9.819354820692023, -0.09561556205788149
p1 new coords aa 20.543948731325845, 9.778569882294963, -0.1298203591790443
p1 new coords aa 20.685811747225486, 9.630603966467454, -0.057906875469858454
p1 new coords aa 20.756989887645503, 9.68103908884912, -0.3967147286169775
p1 new coords aa 20.691184527330442, 9.637346824116438, -0.452428073014117
p1 new coords aa 20.952624382513925, 9.451872037949114, -0.2182527558865975
p1 new coords aa 20.958826699335113, 9.299110374910345, -0.24956626170511023
p1 new coords aa 20.994310156337242, 9.317339978643144, -0.13843707896283525
p1 new coords aa 21.205925712273473, 9.231833807751965, -0.07970218023641329
p1 new coords aa 21.373655705882765, 9.064283013249566, -0.18548982079918433
p1 new coords aa 21.269428670494865, 9.055087065741128, 0.15011330697118844
p1 new coords aa 21.519128355317385, 9.320160505711563, 0.03148393808998705
p1 new coords aa 21.662049485044744, 9.408986616886526, 0.10895614953452559
p1 new coords aa 21.538309637334105, 9.366524665693005, 0.22961495908343166
p1 new coords aa 21.52052312509254, 9.296321607502213, 0.25585759035665107
p1 new coords aa 21.63291353727867, 9.241370346676211, 0.042034973406384624
p1 new coords aa 21.541348842879003, 9.334385473061994, -0.15906003069372807
p1 new coords aa 21.415258398079025, 9.556714076619423, -0.22361327699462286
p1 new coords aa 21.298987660022608, 9.480438980271645, 0.09510897912682537
p1 new coords aa 21.213236112657086, 9.39080774071204, 0.3547086175624411
p1 new coords aa 21.32601228796231, 9.536278413871287, 0.1787305677889167
p1 new coords aa 21.637402470343442, 9.581177897142414, 0.04726268647254386
p1 new coords aa 21.521086356251594, 9.618196803511905, -0.09648347056595438
p1 new coords aa 21.663978540005797, 9.5724779817809, 0.16514710861482848
p1 new coords aa 21.558098358430442, 9.532652602608739, 0.27977046369074016
p1 new coords aa 21.640546371236617, 9.623212875888013, 0.2885050079523207
p1 new coords aa 21.56077685824695, 9.53536567734883, 0.14533256148093446
p1 new coords aa 21.79267022883247, 9.727606862670156, 0.13817277666950165
p1 new coords aa 21.825900055061187, 9.690235490976995, 0.07814601132472626
p1 new coords aa 21.937741661169948, 9.63334420283815, -0.1173632813576391
p1 new coords aa 21.84426761689455, 9.626040468825423, 0.03321069267272969
p1 new coords aa 22.08624260993037, 9.440890888399206, 0.13815691646145103
p1 new coords aa 22.061473678765957, 9.650976946978453, 0.2193007655846124
]]></system-out>
  <system-err><![CDATA[]]></system-err>
</testsuite>
