<?xml version="1.0" encoding="UTF-8" ?>
<testsuite errors="0" failures="0" hostname="johanness-mbp-4" name="readdy.impl.sim.top.TopTest" tests="1" time="1.471" timestamp="2014-05-21T15:10:34">
  <properties>
    <property name="netbeans.autoupdate.country" value="US" />
    <property name="nb.wait.for.caches" value="true" />
    <property name="javac.test.classpath" value="lib/colt.jar:lib/statlab.jar:build/classes:/Applications/NetBeans/NetBeans 7.2.1.app/Contents/Resources/NetBeans/platform/modules/ext/junit-4.10.jar" />
    <property name="libs.junit.javadoc" value="/Applications/NetBeans/NetBeans 7.2.1.app/Contents/Resources/NetBeans/java/docs/junit-3.8.2-api.zip" />
    <property name="file.reference.colt.jar" value="lib/colt.jar" />
    <property name="ant.core.lib" value="/Applications/NetBeans/NetBeans 7.2.1.app/Contents/Resources/NetBeans/java/ant/lib/ant.jar" />
    <property name="javadoc.windowtitle" value="" />
    <property name="user.dir" value="/Users/johannesschoeneberg/Desktop/PhD/projects/ReaDDy/gitHub/readdy" />
    <property name="com.apple.mrj.application.apple.menu.about.name" value="NetBeans" />
    <property name="libs.hibernate-persistence.javadoc" value="" />
    <property name="java.vm.version" value="24.51-b03" />
    <property name="libs.MyLibrary.src" value="" />
    <property name="libs.MySQLDriver.classpath" value="/Applications/NetBeans/NetBeans 7.2.1.app/Contents/Resources/NetBeans/ide/modules/ext/mysql-connector-java-5.1.18-bin.jar" />
    <property name="libs.eclipselinkmodelgen.src" value="" />
    <property name="javadoc.notree" value="false" />
    <property name="netbeans.autoupdate.version" value="1.23" />
    <property name="libs.EclipseLink-GlassFish-v3.classpath" value="/Applications/NetBeans/glassfish-3.0.1/glassfish/modules/org.eclipse.persistence.antlr.jar:/Applications/NetBeans/glassfish-3.0.1/glassfish/modules/org.eclipse.persistence.asm.jar:/Applications/NetBeans/glassfish-3.0.1/glassfish/modules/org.eclipse.persistence.core.jar:/Applications/NetBeans/glassfish-3.0.1/glassfish/modules/org.eclipse.persistence.jpa.jar:/Applications/NetBeans/glassfish-3.0.1/glassfish/modules/org.eclipse.persistence.jpa.modelgen.jar:/Applications/NetBeans/glassfish-3.0.1/glassfish/modules/org.eclipse.persistence.oracle.jar:/Applications/NetBeans/glassfish-3.0.1/glassfish/modules/javax.persistence.jar" />
    <property name="libs.hibernate-support.maven-pom" value="" />
    <property name="libs.hibernate-support.javadoc" value="" />
    <property name="jdk.home" value="/Library/Java/JavaVirtualMachines/jdk1.7.0_51.jdk/Contents/Home" />
    <property name="libs.javac-api.src" value="" />
    <property name="javadoc.noindex" value="false" />
    <property name="sun.os.patch.level" value="unknown" />
    <property name="do.archive+manifest.available" value="true" />
    <property name="java.vm.specification.name" value="Java Virtual Machine Specification" />
    <property name="nb.show.statistics.ui" value="usageStatisticsEnabled" />
    <property name="netbeans.autoupdate.variant" value="" />
    <property name="have.tests" value="true" />
    <property name="org.xml.sax.driver" value="com.sun.org.apache.xerces.internal.jaxp.SAXParserImpl$JAXPSAXParser" />
    <property name="libs.javac-api.javadoc" value="" />
    <property name="os.name" value="Mac OS X" />
    <property name="libs.beans-binding.classpath" value="/Applications/NetBeans/NetBeans 7.2.1.app/Contents/Resources/NetBeans/java/modules/ext/beansbinding-1.2.1.jar" />
    <property name="libs.JWSAntTasks.maven-pom" value="" />
    <property name="jnlp.signing.keystore" value="" />
    <property name="libs.testng.src" value="" />
    <property name="java.vendor.url.bug" value="http://bugreport.sun.com/bugreport/" />
    <property name="libs.jaxb.maven-pom" value="" />
    <property name="os.arch" value="x86_64" />
    <property name="libs.eclipselink.src" value="" />
    <property name="user.name" value="johannesschoeneberg" />
    <property name="libs.Comet-GlassFish-v3.javadoc" value="" />
    <property name="copylibs.rebase" value="true" />
    <property name="manifest.available+main.class" value="true" />
    <property name="libs.swing-layout.maven-pom" value="" />
    <property name="sun.java.command" value="org.apache.tools.ant.taskdefs.optional.junit.JUnitTestRunner readdy.impl.sim.top.TopTest filtertrace=true haltOnError=false haltOnFailure=false showoutput=true outputtoformatters=true logfailedtests=true logtestlistenerevents=true formatter=org.apache.tools.ant.taskdefs.optional.junit.BriefJUnitResultFormatter formatter=org.apache.tools.ant.taskdefs.optional.junit.XMLJUnitResultFormatter,/Users/johannesschoeneberg/Desktop/PhD/projects/ReaDDy/gitHub/readdy/build/test/results/TEST-readdy.impl.sim.top.TopTest.xml crashfile=/Users/johannesschoeneberg/Desktop/PhD/projects/ReaDDy/gitHub/readdy/build/junitvmwatcher6220444701222071552.properties propsfile=/Users/johannesschoeneberg/Desktop/PhD/projects/ReaDDy/gitHub/readdy/build/junit7044759648065087836.properties" />
    <property name="build.classes.dir" value="build/classes" />
    <property name="netbeans.accept_license_class" value="org.netbeans.license.AcceptLicense" />
    <property name="jnlp.descriptor" value="application" />
    <property name="build.sysclasspath" value="ignore" />
    <property name="libs.jaxws21.javadoc" value="/Applications/NetBeans/NetBeans 7.2.1.app/Contents/Resources/NetBeans/java/docs/jaxws-api-doc.zip" />
    <property name="includes" value="**" />
    <property name="user.country" value="US" />
    <property name="manifest.file" value="manifest.mf" />
    <property name="javadoc.encoding" value="UTF-8" />
    <property name="javac.classpath" value="lib/colt.jar:lib/statlab.jar" />
    <property name="debug-transport" value="dt_socket" />
    <property name="netbeans.system_http_non_proxy_hosts" value="" />
    <property name="com.sun.mysql.port" value="3306" />
    <property name="netbeans.home" value="/Applications/NetBeans/NetBeans 7.2.1.app/Contents/Resources/NetBeans/platform" />
    <property name="build.compiler.emacs" value="true" />
    <property name="libs.ejb3-persistence.src" value="" />
    <property name="java.endorsed.dirs" value="/Library/Java/JavaVirtualMachines/jdk1.7.0_51.jdk/Contents/Home/jre/lib/endorsed" />
    <property name="libs.Comet-GlassFish-v3.maven-pom" value="" />
    <property name="netbeans.dynamic.classpath" value="/Applications/NetBeans/NetBeans 7.2.1.app/Contents/Resources/NetBeans/platform/core/core.jar:/Applications/NetBeans/NetBeans 7.2.1.app/Contents/Resources/NetBeans/platform/core/org-openide-filesystems.jar:/Applications/NetBeans/NetBeans 7.2.1.app/Contents/Resources/NetBeans/platform/core/locale/core_ja.jar:/Applications/NetBeans/NetBeans 7.2.1.app/Contents/Resources/NetBeans/platform/core/locale/core_pt_BR.jar:/Applications/NetBeans/NetBeans 7.2.1.app/Contents/Resources/NetBeans/platform/core/locale/core_ru.jar:/Applications/NetBeans/NetBeans 7.2.1.app/Contents/Resources/NetBeans/platform/core/locale/core_zh_CN.jar:/Applications/NetBeans/NetBeans 7.2.1.app/Contents/Resources/NetBeans/platform/core/locale/org-openide-filesystems_ja.jar:/Applications/NetBeans/NetBeans 7.2.1.app/Contents/Resources/NetBeans/platform/core/locale/org-openide-filesystems_pt_BR.jar:/Applications/NetBeans/NetBeans 7.2.1.app/Contents/Resources/NetBeans/platform/core/locale/org-openide-filesystems_ru.jar:/Applications/NetBeans/NetBeans 7.2.1.app/Contents/Resources/NetBeans/platform/core/locale/org-openide-filesystems_zh_CN.jar:/Applications/NetBeans/NetBeans 7.2.1.app/Contents/Resources/NetBeans/nb/core/org-netbeans-upgrader.jar:/Applications/NetBeans/NetBeans 7.2.1.app/Contents/Resources/NetBeans/nb/core/locale/core_nb.jar:/Applications/NetBeans/NetBeans 7.2.1.app/Contents/Resources/NetBeans/nb/core/locale/core_nb_ja.jar:/Applications/NetBeans/NetBeans 7.2.1.app/Contents/Resources/NetBeans/nb/core/locale/core_nb_pt_BR.jar:/Applications/NetBeans/NetBeans 7.2.1.app/Contents/Resources/NetBeans/nb/core/locale/core_nb_ru.jar:/Applications/NetBeans/NetBeans 7.2.1.app/Contents/Resources/NetBeans/nb/core/locale/core_nb_zh_CN.jar:/Applications/NetBeans/NetBeans 7.2.1.app/Contents/Resources/NetBeans/nb/core/locale/org-netbeans-upgrader_ja.jar:/Applications/NetBeans/NetBeans 7.2.1.app/Contents/Resources/NetBeans/nb/core/locale/org-netbeans-upgrader_pt_BR.jar:/Applications/NetBeans/NetBeans 7.2.1.app/Contents/Resources/NetBeans/nb/core/locale/org-netbeans-upgrader_ru.jar:/Applications/NetBeans/NetBeans 7.2.1.app/Contents/Resources/NetBeans/nb/core/locale/org-netbeans-upgrader_zh_CN.jar" />
    <property name="jnlp.enabled" value="false" />
    <property name="java.vm.specification.version" value="1.7" />
    <property name="ftp.nonProxyHosts" value="local|*.local|169.254/16|*.169.254/16" />
    <property name="netbeans.productversion" value="NetBeans IDE 7.2.1 (Build 201210100934)" />
    <property name="libs.hibernate-persistence.classpath" value="/Applications/NetBeans/NetBeans 7.2.1.app/Contents/Resources/NetBeans/java/modules/ext/hibernate/antlr-2.7.6.jar:/Applications/NetBeans/NetBeans 7.2.1.app/Contents/Resources/NetBeans/java/modules/ext/hibernate/asm.jar:/Applications/NetBeans/NetBeans 7.2.1.app/Contents/Resources/NetBeans/java/modules/ext/hibernate/asm-attrs.jar:/Applications/NetBeans/NetBeans 7.2.1.app/Contents/Resources/NetBeans/java/modules/ext/hibernate/cglib-2.1.3.jar:/Applications/NetBeans/NetBeans 7.2.1.app/Contents/Resources/NetBeans/java/modules/ext/hibernate/commons-collections-2.1.1.jar:/Applications/NetBeans/NetBeans 7.2.1.app/Contents/Resources/NetBeans/ide/modules/org-apache-commons-logging.jar:/Applications/NetBeans/NetBeans 7.2.1.app/Contents/Resources/NetBeans/java/modules/ext/hibernate/dom4j-1.6.1.jar:/Applications/NetBeans/NetBeans 7.2.1.app/Contents/Resources/NetBeans/java/modules/ext/hibernate/ehcache-1.2.3.jar:/Applications/NetBeans/NetBeans 7.2.1.app/Contents/Resources/NetBeans/java/modules/ext/hibernate/jdbc2_0-stdext.jar:/Applications/NetBeans/NetBeans 7.2.1.app/Contents/Resources/NetBeans/java/modules/ext/hibernate/jta.jar:/Applications/NetBeans/NetBeans 7.2.1.app/Contents/Resources/NetBeans/java/modules/ext/hibernate/hibernate3.jar:/Applications/NetBeans/NetBeans 7.2.1.app/Contents/Resources/NetBeans/java/modules/ext/hibernate/hibernate-tools.jar:/Applications/NetBeans/NetBeans 7.2.1.app/Contents/Resources/NetBeans/java/modules/ext/hibernate/hibernate-annotations.jar:/Applications/NetBeans/NetBeans 7.2.1.app/Contents/Resources/NetBeans/java/modules/ext/hibernate/hibernate-commons-annotations.jar:/Applications/NetBeans/NetBeans 7.2.1.app/Contents/Resources/NetBeans/java/modules/ext/hibernate/hibernate-entitymanager.jar:/Applications/NetBeans/NetBeans 7.2.1.app/Contents/Resources/NetBeans/java/modules/ext/hibernate/javassist.jar:/Applications/NetBeans/NetBeans 7.2.1.app/Contents/Resources/NetBeans/java/modules/ext/hibernate/ejb3-persistence.jar" />
    <property name="libs.jaxws21.src" value="" />
    <property name="application.title" value="ReaDDy" />
    <property name="do.archive" value="true" />
    <property name="netbeans.autoupdate.language" value="en" />
    <property name="java.vendor" value="Oracle Corporation" />
    <property name="sun.font.fontmanager" value="sun.font.CFontManager" />
    <property name="jar.index.metainf" value="false" />
    <property name="javac.debug" value="true" />
    <property name="javadoc.splitindex" value="true" />
    <property name="file.separator" value="/" />
    <property name="libs.junit_4.maven-pom" value="" />
    <property name="mkdist.disabled" value="false" />
    <property name="javac.test.processorpath" value="lib/colt.jar:lib/statlab.jar:build/classes:/Applications/NetBeans/NetBeans 7.2.1.app/Contents/Resources/NetBeans/platform/modules/ext/junit-4.10.jar" />
    <property name="netbeans.buildnumber" value="201210100934" />
    <property name="libs.JWSAntTasks.javadoc" value="" />
    <property name="build.generated.sources.dir" value="build/generated-sources" />
    <property name="libs.eclipselinkmodelgen.classpath" value="/Applications/NetBeans/NetBeans 7.2.1.app/Contents/Resources/NetBeans/java/modules/ext/eclipselink/org.eclipse.persistence.jpa.modelgen.processor-2.3.2.jar" />
    <property name="sun.java.launcher" value="SUN_STANDARD" />
    <property name="libs.junit.classpath" value="/Applications/NetBeans/NetBeans 7.2.1.app/Contents/Resources/NetBeans/java/modules/ext/junit-3.8.2.jar" />
    <property name="libs.jaxb.javadoc" value="/Applications/NetBeans/NetBeans 7.2.1.app/Contents/Resources/NetBeans/ide/docs/jaxb-api-doc.zip" />
    <property name="ant.home" value="/Applications/NetBeans/NetBeans 7.2.1.app/Contents/Resources/NetBeans/java/ant" />
    <property name="libs.junit_4.src" value="/Applications/NetBeans/NetBeans 7.2.1.app/Contents/Resources/NetBeans/java/docs/junit-4.10-sources.jar" />
    <property name="libs.testng.classpath" value="/Applications/NetBeans/NetBeans 7.2.1.app/Contents/Resources/NetBeans/platform/modules/ext/testng-6.5.1-dist.jar" />
    <property name="libs.absolutelayout.maven-pom" value="" />
    <property name="ant.java.version" value="1.7" />
    <property name="java.library.path" value="/Users/johannesschoeneberg/Library/Java/Extensions:/Library/Java/Extensions:/Network/Library/Java/Extensions:/System/Library/Java/Extensions:/usr/lib/java:." />
    <property name="javadoc.author" value="false" />
    <property name="manifest.available+main.class-mkdist.available" value="true" />
    <property name="libs.EclipseLink-GlassFish-v3.src" value="" />
    <property name="java.util.logging.config.class" value="org.netbeans.core.startup.TopLogging" />
    <property name="libs.PostgreSQLDriver.src" value="" />
    <property name="sun.arch.data.model" value="64" />
    <property name="basedir" value="/Users/johannesschoeneberg/Desktop/PhD/projects/ReaDDy/gitHub/readdy" />
    <property name="libs.jpa20-persistence.maven-pom" value="" />
    <property name="jar.compress" value="false" />
    <property name="path.separator" value=":" />
    <property name="ant.junit.enabletestlistenerevents" value="true" />
    <property name="sun.io.unicode.encoding" value="UnicodeBig" />
    <property name="libs.jaxws21.classpath" value="/Applications/NetBeans/NetBeans 7.2.1.app/Contents/Resources/NetBeans/ide/modules/ext/jaxb/jaxb-impl.jar:/Applications/NetBeans/NetBeans 7.2.1.app/Contents/Resources/NetBeans/ide/modules/ext/jaxb/jaxb-xjc.jar:/Applications/NetBeans/NetBeans 7.2.1.app/Contents/Resources/NetBeans/java/modules/ext/jaxws22/FastInfoset.jar:/Applications/NetBeans/NetBeans 7.2.1.app/Contents/Resources/NetBeans/java/modules/ext/jaxws22/gmbal-api-only.jar:/Applications/NetBeans/NetBeans 7.2.1.app/Contents/Resources/NetBeans/java/modules/ext/jaxws22/ha-api.jar:/Applications/NetBeans/NetBeans 7.2.1.app/Contents/Resources/NetBeans/java/modules/ext/jaxws22/javax.mail_1.4.jar:/Applications/NetBeans/NetBeans 7.2.1.app/Contents/Resources/NetBeans/java/modules/ext/jaxws22/jaxws-rt.jar:/Applications/NetBeans/NetBeans 7.2.1.app/Contents/Resources/NetBeans/java/modules/ext/jaxws22/jaxws-tools.jar:/Applications/NetBeans/NetBeans 7.2.1.app/Contents/Resources/NetBeans/java/modules/ext/jaxws22/management-api.jar:/Applications/NetBeans/NetBeans 7.2.1.app/Contents/Resources/NetBeans/java/modules/ext/jaxws22/mimepull.jar:/Applications/NetBeans/NetBeans 7.2.1.app/Contents/Resources/NetBeans/java/modules/ext/jaxws22/policy.jar:/Applications/NetBeans/NetBeans 7.2.1.app/Contents/Resources/NetBeans/java/modules/ext/jaxws22/saaj-impl.jar:/Applications/NetBeans/NetBeans 7.2.1.app/Contents/Resources/NetBeans/java/modules/ext/jaxws22/stax-ex.jar:/Applications/NetBeans/NetBeans 7.2.1.app/Contents/Resources/NetBeans/java/modules/ext/jaxws22/stax2-api.jar:/Applications/NetBeans/NetBeans 7.2.1.app/Contents/Resources/NetBeans/java/modules/ext/jaxws22/streambuffer.jar:/Applications/NetBeans/NetBeans 7.2.1.app/Contents/Resources/NetBeans/java/modules/ext/jaxws22/woodstox-core-asl.jar:/Applications/NetBeans/NetBeans 7.2.1.app/Contents/Resources/NetBeans/java/modules/ext/jaxws22/api/jaxws-api.jar:/Applications/NetBeans/NetBeans 7.2.1.app/Contents/Resources/NetBeans/java/modules/ext/jaxws22/api/jsr181-api.jar:/Applications/NetBeans/NetBeans 7.2.1.app/Contents/Resources/NetBeans/java/modules/ext/jaxws22/api/javax.annotation.jar:/Applications/NetBeans/NetBeans 7.2.1.app/Contents/Resources/NetBeans/java/modules/ext/jaxws22/api/saaj-api.jar:/Applications/NetBeans/NetBeans 7.2.1.app/Contents/Resources/NetBeans/ide/modules/ext/jaxb/activation.jar:/Applications/NetBeans/NetBeans 7.2.1.app/Contents/Resources/NetBeans/ide/modules/ext/jaxb/api/jaxb-api.jar:/Applications/NetBeans/NetBeans 7.2.1.app/Contents/Resources/NetBeans/ide/modules/ext/jaxb/api/jsr173_1.0_api.jar" />
    <property name="compile.on.save" value="true" />
    <property name="ant.file.ReaDDy" value="/Users/johannesschoeneberg/Desktop/PhD/projects/ReaDDy/gitHub/readdy/build.xml" />
    <property name="apple.awt.graphics.UseQuartz" value="true" />
    <property name="user.language" value="en" />
    <property name="testng.mode" value="testng" />
    <property name="libs.JAXB-ENDORSED.maven-pom" value="" />
    <property name="libs.spring-framework.classpath" value="/Applications/NetBeans/NetBeans 7.2.1.app/Contents/Resources/NetBeans/ide/modules/org-apache-commons-logging.jar:/Applications/NetBeans/NetBeans 7.2.1.app/Contents/Resources/NetBeans/java/modules/ext/cglib-2.2.jar:/Applications/NetBeans/NetBeans 7.2.1.app/Contents/Resources/NetBeans/java/modules/ext/spring/spring-2.5.6.SEC03.jar" />
    <property name="libs.eclipselink.maven-pom" value="" />
    <property name="application.vendor" value="Jojo" />
    <property name="manifest.available" value="true" />
    <property name="libs.spring-framework300.maven-pom" value="" />
    <property name="run.test.classpath" value="lib/colt.jar:lib/statlab.jar:build/classes:/Applications/NetBeans/NetBeans 7.2.1.app/Contents/Resources/NetBeans/platform/modules/ext/junit-4.10.jar:build/test/classes" />
    <property name="ant.project.invoked-targets" value="test" />
    <property name="libs.swing-layout.javadoc" value="/Applications/NetBeans/NetBeans 7.2.1.app/Contents/Resources/NetBeans/platform/docs/swing-layout-1.0.4-doc.zip" />
    <property name="libs.ejb3-persistence.maven-pom" value="" />
    <property name="gopherProxySet" value="false" />
    <property name="libs.PostgreSQLDriver.maven-pom" value="" />
    <property name="java.class.version" value="51.0" />
    <property name="netbeans.system_http_proxy" value="DIRECT" />
    <property name="libs.eclipselink.javadoc" value="" />
    <property name="user.properties.file" value="/Users/johannesschoeneberg/Library/Application Support/NetBeans/7.2.1/build.properties" />
    <property name="runtime.encoding" value="UTF-8" />
    <property name="libs.spring-framework.src" value="" />
    <property name="libs.javac-api.maven-pom" value="" />
    <property name="file.encoding.pkg" value="sun.io" />
    <property name="sun.cpu.endian" value="little" />
    <property name="libs.JAXB-ENDORSED.javadoc" value="" />
    <property name="libs.JWSAntTasks.classpath" value="/Applications/NetBeans/NetBeans 7.2.1.app/Contents/Resources/NetBeans/java/ant/extra/org-netbeans-modules-javawebstart-anttasks.jar" />
    <property name="libs.spring-framework300.src" value="" />
    <property name="empty.dir" value="/Users/johannesschoeneberg/Desktop/PhD/projects/ReaDDy/gitHub/readdy/build/empty" />
    <property name="version-output" value="java version &quot;1.7" />
    <property name="javadoc.preview" value="true" />
    <property name="socksNonProxyHosts" value="local|*.local|169.254/16|*.169.254/16" />
    <property name="libs.jpa20-persistence.javadoc" value="" />
    <property name="java.home" value="/Library/Java/JavaVirtualMachines/jdk1.7.0_51.jdk/Contents/Home/jre" />
    <property name="debug.test.classpath" value="lib/colt.jar:lib/statlab.jar:build/classes:/Applications/NetBeans/NetBeans 7.2.1.app/Contents/Resources/NetBeans/platform/modules/ext/junit-4.10.jar:build/test/classes" />
    <property name="netbeans.importclass" value="org.netbeans.upgrade.AutoUpgrade" />
    <property name="ant.project.default-target" value="default" />
    <property name="annotation.processing.run.all.processors" value="true" />
    <property name="libs.MyLibrary.classpath" value="/Users/Jojo/NetBeansProjects/IoTools/dist/IoTools.jar" />
    <property name="jar.archive.disabled" value="false" />
    <property name="jnlp.signing.alias" value="" />
    <property name="libs.PostgreSQLDriver.javadoc" value="" />
    <property name="com.sun.mysql.stopcommand" value="/usr/local/mysql/support-files/mysql-admin.server" />
    <property name="libs.MySQLDriver.maven-pom" value="" />
    <property name="ant.file.type.ReaDDy-impl" value="file" />
    <property name="http.nonProxyHosts" value="local|*.local|169.254/16|*.169.254/16" />
    <property name="libs.junit_4.javadoc" value="/Applications/NetBeans/NetBeans 7.2.1.app/Contents/Resources/NetBeans/java/docs/junit-4.10-javadoc.jar" />
    <property name="libs.EclipseLink-GlassFish-v3.maven-pom" value="" />
    <property name="run.classpath" value="lib/colt.jar:lib/statlab.jar:build/classes" />
    <property name="libs.hibernate-support.src" value="" />
    <property name="jna.boot.library.name" value="jnidispatch-340" />
    <property name="sun.awt.datatransfer.timeout" value="1000" />
    <property name="annotation.processing.enabled.in.editor" value="false" />
    <property name="sun.management.compiler" value="HotSpot 64-Bit Tiered Compilers" />
    <property name="javac.deprecation" value="false" />
    <property name="javadoc.use" value="true" />
    <property name="sun.java2d.noddraw" value="true" />
    <property name="javac.processorpath" value="lib/colt.jar:lib/statlab.jar" />
    <property name="javac.compilerargs" value="" />
    <property name="svnkit.http.methods" value="Basic" />
    <property name="ant.file" value="/Users/johannesschoeneberg/Desktop/PhD/projects/ReaDDy/gitHub/readdy/build.xml" />
    <property name="libs.beans-binding.maven-pom" value="" />
    <property name="jnlp.codebase.type" value="no.codebase" />
    <property name="libs.beans-binding.src" value="" />
    <property name="java.vm.specification.vendor" value="Oracle Corporation" />
    <property name="libs.swing-layout.src" value="/Applications/NetBeans/NetBeans 7.2.1.app/Contents/Resources/NetBeans/platform/docs/swing-layout-1.0.4-src.zip" />
    <property name="org.openide.major.version" value="IDE/1" />
    <property name="java.vm.name" value="Java HotSpot(TM) 64-Bit Server VM" />
    <property name="netbeans.user" value="/Users/johannesschoeneberg/Library/Application Support/NetBeans/7.2.1" />
    <property name="javadoc.additionalparam" value="" />
    <property name="jnlp.offline-allowed" value="false" />
    <property name="java.io.tmpdir" value="/var/folders/3g/_bpdg45s3zv2x4ktzdvpvsnw0000gn/T/" />
    <property name="java.vendor.url" value="http://java.oracle.com/" />
    <property name="endorsed.classpath.cmd.line.arg" value="" />
    <property name="junit.available" value="true" />
    <property name="org.openide.awt.ActionReference.completion" value="org.netbeans.modules.apisupport.project.layers.PathCompletions" />
    <property name="sun.boot.library.path" value="/Library/Java/JavaVirtualMachines/jdk1.7.0_51.jdk/Contents/Home/jre/lib" />
    <property name="have.sources" value="true" />
    <property name="debug.classpath" value="lib/colt.jar:lib/statlab.jar:build/classes" />
    <property name="javadoc.private" value="false" />
    <property name="test.src.dir" value="test" />
    <property name="libs.MyLibrary.javadoc" value="" />
    <property name="meta.inf.dir" value="src/META-INF" />
    <property name="javadoc.encoding.used" value="UTF-8" />
    <property name="dist.jar" value="dist/ReaDDy.jar" />
    <property name="java.runtime.name" value="Java(TM) SE Runtime Environment" />
    <property name="ant.project.name" value="ReaDDy" />
    <property name="netbeans.hash.code" value="unique=NB_JAVA056e4f842-5fe4-4f9b-9400-70920d741659_f13b8425-b6a4-4f8b-97bd-90bd6ef862dd" />
    <property name="netbeans.default_userdir_root" value="/Users/johannesschoeneberg/Library/Application Support/NetBeans" />
    <property name="manifest.available-mkdist.available" value="true" />
    <property name="sun.cpu.isalist" value="" />
    <property name="libs.CopyLibs.javadoc" value="" />
    <property name="org.openide.specification.version" value="6.2" />
    <property name="libs.hibernate-support.classpath" value="/Applications/NetBeans/NetBeans 7.2.1.app/Contents/Resources/NetBeans/java/modules/ext/hibernate/antlr-2.7.6.jar:/Applications/NetBeans/NetBeans 7.2.1.app/Contents/Resources/NetBeans/java/modules/ext/hibernate/asm.jar:/Applications/NetBeans/NetBeans 7.2.1.app/Contents/Resources/NetBeans/java/modules/ext/hibernate/asm-attrs.jar:/Applications/NetBeans/NetBeans 7.2.1.app/Contents/Resources/NetBeans/java/modules/ext/hibernate/cglib-2.1.3.jar:/Applications/NetBeans/NetBeans 7.2.1.app/Contents/Resources/NetBeans/java/modules/ext/hibernate/commons-collections-2.1.1.jar:/Applications/NetBeans/NetBeans 7.2.1.app/Contents/Resources/NetBeans/ide/modules/org-apache-commons-logging.jar:/Applications/NetBeans/NetBeans 7.2.1.app/Contents/Resources/NetBeans/java/modules/ext/hibernate/dom4j-1.6.1.jar:/Applications/NetBeans/NetBeans 7.2.1.app/Contents/Resources/NetBeans/java/modules/ext/hibernate/ehcache-1.2.3.jar:/Applications/NetBeans/NetBeans 7.2.1.app/Contents/Resources/NetBeans/java/modules/ext/hibernate/jdbc2_0-stdext.jar:/Applications/NetBeans/NetBeans 7.2.1.app/Contents/Resources/NetBeans/java/modules/ext/hibernate/jta.jar:/Applications/NetBeans/NetBeans 7.2.1.app/Contents/Resources/NetBeans/java/modules/ext/hibernate/hibernate3.jar:/Applications/NetBeans/NetBeans 7.2.1.app/Contents/Resources/NetBeans/java/modules/ext/hibernate/hibernate-tools.jar:/Applications/NetBeans/NetBeans 7.2.1.app/Contents/Resources/NetBeans/java/modules/ext/hibernate/hibernate-annotations.jar:/Applications/NetBeans/NetBeans 7.2.1.app/Contents/Resources/NetBeans/java/modules/ext/hibernate/hibernate-commons-annotations.jar:/Applications/NetBeans/NetBeans 7.2.1.app/Contents/Resources/NetBeans/java/modules/ext/hibernate/hibernate-entitymanager.jar:/Applications/NetBeans/NetBeans 7.2.1.app/Contents/Resources/NetBeans/java/modules/ext/hibernate/javassist.jar" />
    <property name="user.home" value="/Users/johannesschoeneberg" />
    <property name="annotation.processing.processors.list" value="" />
    <property name="debug-args-line" value="-Xdebug" />
    <property name="libs.JWSAntTasks.src" value="" />
    <property name="jar.index" value="false" />
    <property name="libs.CopyLibs.maven-pom" value="" />
    <property name="libs.spring-framework300.javadoc" value="" />
    <property name="libs.hibernate-persistence.maven-pom" value="" />
    <property name="libs.absolutelayout.javadoc" value="" />
    <property name="java.specification.name" value="Java Platform API Specification" />
    <property name="do.archive+main.class.available" value="true" />
    <property name="jnlp.mixed.code" value="default" />
    <property name="java.specification.vendor" value="Oracle Corporation" />
    <property name="libs.javac-api.classpath" value="/Applications/NetBeans/NetBeans 7.2.1.app/Contents/Resources/NetBeans/java/modules/ext/nb-javac-api.jar" />
    <property name="java.version" value="1.7.0_51" />
    <property name="run.jvmargs.ide" value="" />
    <property name="javadoc.version" value="false" />
    <property name="libs.MySQLDriver.javadoc" value="" />
    <property name="org.openide.version" value="deprecated" />
    <property name="ant.file.ReaDDy-impl" value="/Users/johannesschoeneberg/Desktop/PhD/projects/ReaDDy/gitHub/readdy/nbproject/build-impl.xml" />
    <property name="source.encoding" value="UTF-8" />
    <property name="ap.cmd.line.internal" value="" />
    <property name="libs.eclipselinkmodelgen.maven-pom" value="" />
    <property name="libs.junit.maven-pom" value="" />
    <property name="libs.eclipselinkmodelgen.javadoc" value="" />
    <property name="netbeans.home+have.tests" value="true" />
    <property name="annotation.processing.processor.options" value="" />
    <property name="libs.testng.maven-pom" value="" />
    <property name="libs.jaxb.src" value="" />
    <property name="work.dir" value="/Users/johannesschoeneberg/Desktop/PhD/projects/ReaDDy/gitHub/readdy" />
    <property name="libs.jaxb.classpath" value="/Applications/NetBeans/NetBeans 7.2.1.app/Contents/Resources/NetBeans/ide/modules/ext/jaxb/jaxb-impl.jar:/Applications/NetBeans/NetBeans 7.2.1.app/Contents/Resources/NetBeans/ide/modules/ext/jaxb/jaxb-xjc.jar:/Applications/NetBeans/NetBeans 7.2.1.app/Contents/Resources/NetBeans/ide/modules/ext/jaxb/jaxb1-impl.jar:/Applications/NetBeans/NetBeans 7.2.1.app/Contents/Resources/NetBeans/ide/modules/ext/jaxb/activation.jar:/Applications/NetBeans/NetBeans 7.2.1.app/Contents/Resources/NetBeans/ide/modules/ext/jaxb/api/jaxb-api.jar:/Applications/NetBeans/NetBeans 7.2.1.app/Contents/Resources/NetBeans/ide/modules/ext/jaxb/api/jsr173_1.0_api.jar" />
    <property name="do.depend" value="false" />
    <property name="com.sun.mysql.startargs" value="start" />
    <property name="dist.javadoc.dir" value="dist/javadoc" />
    <property name="libs.swing-layout.classpath" value="/Applications/NetBeans/NetBeans 7.2.1.app/Contents/Resources/NetBeans/platform/modules/ext/swing-layout-1.0.4.jar" />
    <property name="build.generated.dir" value="build/generated" />
    <property name="javac.source" value="1.5" />
    <property name="libs.hibernate-persistence.src" value="" />
    <property name="line.separator" value="&#xa;" />
    <property name="java.specification.version" value="1.7" />
    <property name="libs.jaxws21.maven-pom" value="" />
    <property name="java.vm.info" value="mixed mode" />
    <property name="nb.junit.batch" value="true" />
    <property name="junit.forkmode" value="perTest" />
    <property name="libs.spring-framework.maven-pom" value="" />
    <property name="sun.boot.class.path" value="/Library/Java/JavaVirtualMachines/jdk1.7.0_51.jdk/Contents/Home/jre/lib/resources.jar:/Library/Java/JavaVirtualMachines/jdk1.7.0_51.jdk/Contents/Home/jre/lib/rt.jar:/Library/Java/JavaVirtualMachines/jdk1.7.0_51.jdk/Contents/Home/jre/lib/sunrsasign.jar:/Library/Java/JavaVirtualMachines/jdk1.7.0_51.jdk/Contents/Home/jre/lib/jsse.jar:/Library/Java/JavaVirtualMachines/jdk1.7.0_51.jdk/Contents/Home/jre/lib/jce.jar:/Library/Java/JavaVirtualMachines/jdk1.7.0_51.jdk/Contents/Home/jre/lib/charsets.jar:/Library/Java/JavaVirtualMachines/jdk1.7.0_51.jdk/Contents/Home/jre/lib/jfr.jar:/Library/Java/JavaVirtualMachines/jdk1.7.0_51.jdk/Contents/Home/jre/classes" />
    <property name="javac.target" value="1.5" />
    <property name="built-jar.properties" value="/Users/johannesschoeneberg/Desktop/PhD/projects/ReaDDy/gitHub/readdy/build/built-jar.properties" />
    <property name="build.test.classes.dir" value="build/test/classes" />
    <property name="src.dir" value="src" />
    <property name="annotation.processing.enabled" value="true" />
    <property name="com.sun.mysql.startcommand" value="/usr/local/mysql/support-files/mysql-admin.server" />
    <property name="libs.jpa20-persistence.src" value="" />
    <property name="file.reference.statlab.jar" value="lib/statlab.jar" />
    <property name="ignore.failing.tests" value="true" />
    <property name="libs.Comet-GlassFish-v3.classpath" value="/Applications/NetBeans/glassfish-3.0.1/glassfish/modules/grizzly-comet.jar" />
    <property name="dist.dir" value="dist" />
    <property name="do.archive+manifest.available+main.class" value="true" />
    <property name="testng.debug.mode" value="" />
    <property name="javac.fork" value="false" />
    <property name="java.awt.printerjob" value="sun.lwawt.macosx.CPrinterJob" />
    <property name="default.javac.source" value="1.7" />
    <property name="com.sun.mysql.stopargs" value="stop" />
    <property name="debug-transport-by-os" value="dt_socket" />
    <property name="libs.MySQLDriver.src" value="" />
    <property name="sun.jnu.encoding" value="UTF-8" />
    <property name="java.runtime.version" value="1.7.0_51-b13" />
    <property name="build.test.results.dir" value="build/test/results" />
    <property name="libs.ejb3-persistence.javadoc" value="" />
    <property name="manifest.available+main.class+mkdist.available" value="true" />
    <property name="jna.platform.library.path" value="/usr/lib:/usr/lib" />
    <property name="default.javac.target" value="1.7" />
    <property name="libs.junit_4.classpath" value="/Applications/NetBeans/NetBeans 7.2.1.app/Contents/Resources/NetBeans/platform/modules/ext/junit-4.10.jar" />
    <property name="user.timezone" value="" />
    <property name="nb.junit.single" value="false" />
    <property name="do.jar" value="true" />
    <property name="netbeans.dirs" value="/Applications/NetBeans/NetBeans 7.2.1.app/Contents/Resources/NetBeans/nb:/Applications/NetBeans/NetBeans 7.2.1.app/Contents/Resources/NetBeans/ergonomics:/Applications/NetBeans/NetBeans 7.2.1.app/Contents/Resources/NetBeans/ide:/Applications/NetBeans/NetBeans 7.2.1.app/Contents/Resources/NetBeans/java:/Applications/NetBeans/NetBeans 7.2.1.app/Contents/Resources/NetBeans/apisupport:/Applications/NetBeans/NetBeans 7.2.1.app/Contents/Resources/NetBeans/webcommon:/Applications/NetBeans/NetBeans 7.2.1.app/Contents/Resources/NetBeans/websvccommon:/Applications/NetBeans/NetBeans 7.2.1.app/Contents/Resources/NetBeans/enterprise:/Applications/NetBeans/NetBeans 7.2.1.app/Contents/Resources/NetBeans/mobility:/Applications/NetBeans/NetBeans 7.2.1.app/Contents/Resources/NetBeans/profiler:/Applications/NetBeans/NetBeans 7.2.1.app/Contents/Resources/NetBeans/python:/Applications/NetBeans/NetBeans 7.2.1.app/Contents/Resources/NetBeans/php:/Applications/NetBeans/NetBeans 7.2.1.app/Contents/Resources/NetBeans/identity:/Applications/NetBeans/NetBeans 7.2.1.app/Contents/Resources/NetBeans/harness:/Applications/NetBeans/NetBeans 7.2.1.app/Contents/Resources/NetBeans/cnd:/Applications/NetBeans/NetBeans 7.2.1.app/Contents/Resources/NetBeans/dlight:/Applications/NetBeans/NetBeans 7.2.1.app/Contents/Resources/NetBeans/groovy:/Applications/NetBeans/NetBeans 7.2.1.app/Contents/Resources/NetBeans/extra:/Applications/NetBeans/NetBeans 7.2.1.app/Contents/Resources/NetBeans/javacard:/Applications/NetBeans/NetBeans 7.2.1.app/Contents/Resources/NetBeans/javafx:" />
    <property name="java.ext.dirs" value="/Users/johannesschoeneberg/Library/Java/Extensions:/Library/Java/JavaVirtualMachines/jdk1.7.0_51.jdk/Contents/Home/jre/lib/ext:/Library/Java/Extensions:/Network/Library/Java/Extensions:/System/Library/Java/Extensions:/usr/lib/java" />
    <property name="libs.MyLibrary.maven-pom" value="" />
    <property name="endorsed.classpath" value="" />
    <property name="libs.absolutelayout.classpath" value="/Applications/NetBeans/NetBeans 7.2.1.app/Contents/Resources/NetBeans/java/modules/ext/AbsoluteLayout.jar" />
    <property name="excludes" value="" />
    <property name="java.class.path" value="/Users/johannesschoeneberg/Desktop/PhD/projects/ReaDDy/gitHub/readdy/lib/colt.jar:/Users/johannesschoeneberg/Desktop/PhD/projects/ReaDDy/gitHub/readdy/lib/statlab.jar:/Users/johannesschoeneberg/Desktop/PhD/projects/ReaDDy/gitHub/readdy/build/classes:/Applications/NetBeans/NetBeans 7.2.1.app/Contents/Resources/NetBeans/platform/modules/ext/junit-4.10.jar:/Users/johannesschoeneberg/Desktop/PhD/projects/ReaDDy/gitHub/readdy/build/test/classes:/Applications/NetBeans/NetBeans 7.2.1.app/Contents/Resources/NetBeans/java/ant/lib/ant-launcher.jar:/Applications/NetBeans/NetBeans 7.2.1.app/Contents/Resources/NetBeans/java/ant/lib/ant.jar:/Applications/NetBeans/NetBeans 7.2.1.app/Contents/Resources/NetBeans/java/ant/lib/ant-junit.jar:/Applications/NetBeans/NetBeans 7.2.1.app/Contents/Resources/NetBeans/java/ant/lib/ant-junit4.jar" />
    <property name="apple.laf.useScreenMenuBar" value="true" />
    <property name="do.mkdist" value="true" />
    <property name="libs.absolutelayout.src" value="" />
    <property name="libs.jpa20-persistence.classpath" value="/Applications/NetBeans/NetBeans 7.2.1.app/Contents/Resources/NetBeans/java/modules/ext/eclipselink/javax.persistence-2.0.3.jar" />
    <property name="os.version" value="10.9.2" />
    <property name="application.args" value="" />
    <property name="libs.EclipseLink-GlassFish-v3.javadoc" value="/Applications/NetBeans/NetBeans 6.9.app/Contents/Resources/NetBeans/enterprise/docs/javaee6-doc-api.zip" />
    <property name="main.class.available" value="true" />
    <property name="sun.awt.enableExtraMouseButtons" value="true" />
    <property name="libs.Comet-GlassFish-v3.src" value="" />
    <property name="libs.JAXB-ENDORSED.classpath" value="/Applications/NetBeans/NetBeans 7.2.1.app/Contents/Resources/NetBeans/ide/modules/ext/jaxb/api/jaxb-api.jar" />
    <property name="libs.eclipselink.classpath" value="/Applications/NetBeans/NetBeans 7.2.1.app/Contents/Resources/NetBeans/java/modules/ext/eclipselink/eclipselink-2.3.2.jar:/Applications/NetBeans/NetBeans 7.2.1.app/Contents/Resources/NetBeans/java/modules/ext/eclipselink/javax.persistence-2.0.3.jar:/Applications/NetBeans/NetBeans 7.2.1.app/Contents/Resources/NetBeans/java/modules/ext/eclipselink/org.eclipse.persistence.jpa.jpql_1.0.1.jar" />
    <property name="libs.beans-binding.javadoc" value="/Applications/NetBeans/NetBeans 7.2.1.app/Contents/Resources/NetBeans/java/docs/beansbinding-1.2.1-doc.zip" />
    <property name="java.awt.graphicsenv" value="sun.awt.CGraphicsEnvironment" />
    <property name="java.vm.vendor" value="Oracle Corporation" />
    <property name="libs.CopyLibs.classpath" value="/Applications/NetBeans/NetBeans 7.2.1.app/Contents/Resources/NetBeans/java/ant/extra/org-netbeans-modules-java-j2seproject-copylibstask.jar" />
    <property name="libs.spring-framework300.classpath" value="/Applications/NetBeans/NetBeans 7.2.1.app/Contents/Resources/NetBeans/ide/modules/org-apache-commons-logging.jar:/Applications/NetBeans/NetBeans 7.2.1.app/Contents/Resources/NetBeans/java/modules/ext/cglib-2.2.jar:/Applications/NetBeans/NetBeans 7.2.1.app/Contents/Resources/NetBeans/java/modules/ext/spring-3.0/spring-aop-3.1.1.RELEASE.jar:/Applications/NetBeans/NetBeans 7.2.1.app/Contents/Resources/NetBeans/java/modules/ext/spring-3.0/spring-asm-3.1.1.RELEASE.jar:/Applications/NetBeans/NetBeans 7.2.1.app/Contents/Resources/NetBeans/java/modules/ext/spring-3.0/spring-aspects-3.1.1.RELEASE.jar:/Applications/NetBeans/NetBeans 7.2.1.app/Contents/Resources/NetBeans/java/modules/ext/spring-3.0/spring-beans-3.1.1.RELEASE.jar:/Applications/NetBeans/NetBeans 7.2.1.app/Contents/Resources/NetBeans/java/modules/ext/spring-3.0/spring-context-3.1.1.RELEASE.jar:/Applications/NetBeans/NetBeans 7.2.1.app/Contents/Resources/NetBeans/java/modules/ext/spring-3.0/spring-context-support-3.1.1.RELEASE.jar:/Applications/NetBeans/NetBeans 7.2.1.app/Contents/Resources/NetBeans/java/modules/ext/spring-3.0/spring-core-3.1.1.RELEASE.jar:/Applications/NetBeans/NetBeans 7.2.1.app/Contents/Resources/NetBeans/java/modules/ext/spring-3.0/spring-expression-3.1.1.RELEASE.jar:/Applications/NetBeans/NetBeans 7.2.1.app/Contents/Resources/NetBeans/java/modules/ext/spring-3.0/spring-instrument-3.1.1.RELEASE.jar:/Applications/NetBeans/NetBeans 7.2.1.app/Contents/Resources/NetBeans/java/modules/ext/spring-3.0/spring-instrument-tomcat-3.1.1.RELEASE.jar:/Applications/NetBeans/NetBeans 7.2.1.app/Contents/Resources/NetBeans/java/modules/ext/spring-3.0/spring-jdbc-3.1.1.RELEASE.jar:/Applications/NetBeans/NetBeans 7.2.1.app/Contents/Resources/NetBeans/java/modules/ext/spring-3.0/spring-jms-3.1.1.RELEASE.jar:/Applications/NetBeans/NetBeans 7.2.1.app/Contents/Resources/NetBeans/java/modules/ext/spring-3.0/spring-orm-3.1.1.RELEASE.jar:/Applications/NetBeans/NetBeans 7.2.1.app/Contents/Resources/NetBeans/java/modules/ext/spring-3.0/spring-oxm-3.1.1.RELEASE.jar:/Applications/NetBeans/NetBeans 7.2.1.app/Contents/Resources/NetBeans/java/modules/ext/spring-3.0/spring-test-3.1.1.RELEASE.jar:/Applications/NetBeans/NetBeans 7.2.1.app/Contents/Resources/NetBeans/java/modules/ext/spring-3.0/spring-tx-3.1.1.RELEASE.jar:/Applications/NetBeans/NetBeans 7.2.1.app/Contents/Resources/NetBeans/java/modules/ext/spring-3.0/spring-web-3.1.1.RELEASE.jar:/Applications/NetBeans/NetBeans 7.2.1.app/Contents/Resources/NetBeans/java/modules/ext/spring-3.0/spring-webmvc-portlet-3.1.1.RELEASE.jar:/Applications/NetBeans/NetBeans 7.2.1.app/Contents/Resources/NetBeans/java/modules/ext/spring-3.0/spring-webmvc-3.1.1.RELEASE.jar:/Applications/NetBeans/NetBeans 7.2.1.app/Contents/Resources/NetBeans/java/modules/ext/spring-3.0/spring-struts-3.1.1.RELEASE.jar" />
    <property name="run.jvmargs" value="" />
    <property name="libs.ejb3-persistence.classpath" value="/Applications/NetBeans/NetBeans 7.2.1.app/Contents/Resources/NetBeans/java/modules/ext/hibernate/ejb3-persistence.jar" />
    <property name="libs.spring-framework.javadoc" value="" />
    <property name="libs.JAXB-ENDORSED.src" value="" />
    <property name="libs.testng.javadoc" value="/Applications/NetBeans/NetBeans 7.2.1.app/Contents/Resources/NetBeans/platform/docs/testng-6.5.1-javadoc.zip" />
    <property name="libs.PostgreSQLDriver.classpath" value="/Applications/NetBeans/NetBeans 7.2.1.app/Contents/Resources/NetBeans/ide/modules/ext/postgresql-9.1-901.jdbc4.jar" />
    <property name="ant.file.type.ReaDDy" value="file" />
    <property name="jnlp.signing" value="" />
    <property name="libs.junit.src" value="" />
    <property name="annotation.processing.source.output" value="build/generated-sources/ap-source-output" />
    <property name="jnlp.signed" value="false" />
    <property name="main.class" value="readdy.Main" />
    <property name="libs.CopyLibs.src" value="" />
    <property name="build.dir" value="build" />
    <property name="ant.version" value="Apache Ant(TM) version 1.8.3 compiled on February 26 2012" />
    <property name="file.encoding" value="US-ASCII" />
    <property name="build.classes.excludes" value="**/*.java,**/*.form" />
    <property name="jdkBug6558476" value="false" />
    <property name="javadoc.nonavbar" value="false" />
    <property name="platform.active" value="default_platform" />
    <property name="awt.toolkit" value="sun.lwawt.macosx.LWCToolkit" />
  </properties>
  <testcase classname="readdy.impl.sim.top.TopTest" name="testRunSimulation" time="1.251" />
  <system-out><![CDATA[
parse globalParameters...
parsing param_global file: /Users/johannesschoeneberg/Desktop/PhD/projects/ReaDDy/gitHub/readdy/./test/testInputFiles/test_top/param_global.xml
... done.
parse ParamParticles
parsing param_particles file: /Users/johannesschoeneberg/Desktop/PhD/projects/ReaDDy/gitHub/readdy/./test/testInputFiles/test_top/param_particles.xml
... done.
parsing tplgy_potentials file: /Users/johannesschoeneberg/Desktop/PhD/projects/ReaDDy/gitHub/readdy/./test/testInputFiles/test_top/tplgy_potentials.xml
... done.
parse tplgyCoordinatesFile
parsing tplgy_coordinates file: /Users/johannesschoeneberg/Desktop/PhD/projects/ReaDDy/gitHub/readdy/./test/testInputFiles/test_top/tplgy_coordinates.xml
... done.
---------------------------------------
NeighborLattice construction... 
num Dimensions:          3
latice origin:           -240.0 -240.0 -20.0
latice extension:        480.0 480.0 40.0
num boxes per dimension: 80,80,6
box edge length per dim: 6.0 6.0 6.666666666666667
total num boxes:         38400
... lattice ready.
---------------------------------------
parsing param_groups file: /Users/johannesschoeneberg/Desktop/PhD/projects/ReaDDy/gitHub/readdy/./test/testInputFiles/test_top/param_groups.xml
... done.
parsing tplgy_groups file: /Users/johannesschoeneberg/Desktop/PhD/projects/ReaDDy/gitHub/readdy/./test/testInputFiles/test_top/tplgy_groups.xml
... done.
parsing param_reactions file: /Users/johannesschoeneberg/Desktop/PhD/projects/ReaDDy/gitHub/readdy/./test/testInputFiles/test_top/param_reactions.xml
... done.
RkAndElmtlRkFactory: Create Reactions and elemental Reactions...
--------------------------------------
RkAndElmtlRkFactory: parsedReactions...
<reaction>
	<id>0</id>
	<name>A+B->AB_cplx_forward</name>
	<typeId>8</typeId>
	<rkTypeName>fusion</rkTypeName>
	<k>100000.0</k>
	<p>9.99500166624978E-4</p>
	<educts>
<ExtendedIdAndType group=false id=-1 type=0/>
<ExtendedIdAndType group=false id=-1 type=1/>
	</educts>
	<products>
<ExtendedIdAndType group=false id=-1 type=2/>
	</products>
</reaction>

<reaction>
	<id>1</id>
	<name>A+B->AB_cplx_backward</name>
	<typeId>7</typeId>
	<rkTypeName>fission</rkTypeName>
	<k>5000.0</k>
	<p>4.999875002087428E-5</p>
	<educts>
<ExtendedIdAndType group=false id=-1 type=2/>
	</educts>
	<products>
<ExtendedIdAndType group=false id=-1 type=0/>
<ExtendedIdAndType group=false id=-1 type=1/>
	</products>
</reaction>

--------------------------------------
RkAndElmtlRkFactory: parsedElementalReactions...
<elmtlRk id="0" name="A+B->AB_cplx_forward" p="9.99500166624978E-4" >
<educts>
<ExtendedIdAndType group=false id=-1 type=0/>
<ExtendedIdAndType group=false id=-1 type=1/>
</educts>
</elmtlRk>

<elmtlRk id="1" name="A+B->AB_cplx_backward" p="4.999875002087428E-5" >
<educts>
<ExtendedIdAndType group=false id=-1 type=2/>
</educts>
</elmtlRk>

--------------------------------------
RkAndElmtlRkFactory: done.
<elmtlRk id="0" name="A+B->AB_cplx_forward" p="9.99500166624978E-4" >
<educts>
<ExtendedIdAndType group=false id=-1 type=0/>
<ExtendedIdAndType group=false id=-1 type=1/>
</educts>
</elmtlRk>
<elmtlRk id="1" name="A+B->AB_cplx_backward" p="4.999875002087428E-5" >
<educts>
<ExtendedIdAndType group=false id=-1 type=2/>
</educts>
</elmtlRk>
parse analysis instructions...
build output for method: "standard_traj" ...
build output for method: "standard_traj" ...
build output for method: "particleNumbers" ...
build output for method: "standardReactionReporting" ...
reset reaction reports flag registered TRUE
... done.
=================================================
=================================================
top: 'start simulation...'
analyse before first step...

top: 'step 0'
hit: step=0 p0id=5 p0type=0 p1id=6 p1type=1
hit: step=0 p0id=5 p0type=0 p1id=7 p1type=1
hit: step=1 p0id=5 p0type=0 p1id=6 p1type=1
hit: step=1 p0id=5 p0type=0 p1id=7 p1type=1
hit: step=2 p0id=5 p0type=0 p1id=6 p1type=1
hit: step=2 p0id=5 p0type=0 p1id=7 p1type=1
hit: step=3 p0id=5 p0type=0 p1id=6 p1type=1
hit: step=3 p0id=5 p0type=0 p1id=7 p1type=1
hit: step=4 p0id=5 p0type=0 p1id=6 p1type=1
hit: step=4 p0id=5 p0type=0 p1id=7 p1type=1
hit: step=5 p0id=5 p0type=0 p1id=6 p1type=1
hit: step=5 p0id=5 p0type=0 p1id=7 p1type=1
hit: step=6 p0id=5 p0type=0 p1id=6 p1type=1
hit: step=6 p0id=5 p0type=0 p1id=7 p1type=1
hit: step=7 p0id=5 p0type=0 p1id=6 p1type=1
hit: step=7 p0id=5 p0type=0 p1id=7 p1type=1
hit: step=8 p0id=5 p0type=0 p1id=6 p1type=1
hit: step=9 p0id=5 p0type=0 p1id=6 p1type=1
hit: step=10 p0id=5 p0type=0 p1id=6 p1type=1
hit: step=11 p0id=5 p0type=0 p1id=6 p1type=1
hit: step=11 p0id=3 p0type=0 p1id=8 p1type=1
hit: step=12 p0id=5 p0type=0 p1id=6 p1type=1
hit: step=12 p0id=3 p0type=0 p1id=8 p1type=1
hit: step=13 p0id=5 p0type=0 p1id=6 p1type=1
hit: step=13 p0id=3 p0type=0 p1id=8 p1type=1
hit: step=14 p0id=5 p0type=0 p1id=6 p1type=1
hit: step=14 p0id=3 p0type=0 p1id=8 p1type=1
hit: step=15 p0id=5 p0type=0 p1id=6 p1type=1
hit: step=15 p0id=3 p0type=0 p1id=8 p1type=1
hit: step=16 p0id=5 p0type=0 p1id=6 p1type=1
hit: step=16 p0id=3 p0type=0 p1id=8 p1type=1
hit: step=17 p0id=5 p0type=0 p1id=6 p1type=1
hit: step=17 p0id=3 p0type=0 p1id=8 p1type=1
hit: step=18 p0id=5 p0type=0 p1id=6 p1type=1
hit: step=18 p0id=3 p0type=0 p1id=8 p1type=1
hit: step=19 p0id=5 p0type=0 p1id=6 p1type=1
hit: step=19 p0id=3 p0type=0 p1id=8 p1type=1
hit: step=20 p0id=5 p0type=0 p1id=6 p1type=1
hit: step=20 p0id=3 p0type=0 p1id=8 p1type=1
hit: step=21 p0id=5 p0type=0 p1id=6 p1type=1
hit: step=21 p0id=3 p0type=0 p1id=8 p1type=1
hit: step=22 p0id=5 p0type=0 p1id=6 p1type=1
hit: step=22 p0id=3 p0type=0 p1id=8 p1type=1
hit: step=23 p0id=5 p0type=0 p1id=6 p1type=1
hit: step=23 p0id=3 p0type=0 p1id=8 p1type=1
hit: step=24 p0id=5 p0type=0 p1id=6 p1type=1
hit: step=24 p0id=3 p0type=0 p1id=8 p1type=1
hit: step=25 p0id=5 p0type=0 p1id=6 p1type=1
hit: step=25 p0id=3 p0type=0 p1id=9 p1type=1
hit: step=25 p0id=3 p0type=0 p1id=8 p1type=1
hit: step=26 p0id=5 p0type=0 p1id=6 p1type=1
hit: step=26 p0id=3 p0type=0 p1id=9 p1type=1
hit: step=26 p0id=3 p0type=0 p1id=8 p1type=1
hit: step=27 p0id=5 p0type=0 p1id=6 p1type=1
hit: step=27 p0id=3 p0type=0 p1id=9 p1type=1
hit: step=27 p0id=3 p0type=0 p1id=8 p1type=1
hit: step=28 p0id=5 p0type=0 p1id=6 p1type=1
hit: step=28 p0id=3 p0type=0 p1id=9 p1type=1
hit: step=28 p0id=3 p0type=0 p1id=8 p1type=1
hit: step=29 p0id=5 p0type=0 p1id=6 p1type=1
hit: step=29 p0id=3 p0type=0 p1id=9 p1type=1
hit: step=29 p0id=3 p0type=0 p1id=8 p1type=1
hit: step=30 p0id=5 p0type=0 p1id=6 p1type=1
hit: step=30 p0id=3 p0type=0 p1id=9 p1type=1
hit: step=30 p0id=3 p0type=0 p1id=8 p1type=1
hit: step=31 p0id=5 p0type=0 p1id=6 p1type=1
hit: step=31 p0id=3 p0type=0 p1id=9 p1type=1
hit: step=31 p0id=3 p0type=0 p1id=8 p1type=1
hit: step=32 p0id=5 p0type=0 p1id=6 p1type=1
hit: step=32 p0id=3 p0type=0 p1id=9 p1type=1
hit: step=32 p0id=3 p0type=0 p1id=8 p1type=1
hit: step=33 p0id=5 p0type=0 p1id=6 p1type=1
hit: step=33 p0id=3 p0type=0 p1id=8 p1type=1
hit: step=34 p0id=5 p0type=0 p1id=6 p1type=1
hit: step=34 p0id=3 p0type=0 p1id=8 p1type=1
hit: step=35 p0id=5 p0type=0 p1id=6 p1type=1
hit: step=35 p0id=3 p0type=0 p1id=8 p1type=1
hit: step=36 p0id=5 p0type=0 p1id=6 p1type=1
hit: step=36 p0id=3 p0type=0 p1id=8 p1type=1
hit: step=37 p0id=5 p0type=0 p1id=6 p1type=1
hit: step=37 p0id=3 p0type=0 p1id=8 p1type=1
hit: step=38 p0id=5 p0type=0 p1id=6 p1type=1
hit: step=38 p0id=3 p0type=0 p1id=8 p1type=1
hit: step=39 p0id=5 p0type=0 p1id=6 p1type=1
hit: step=39 p0id=3 p0type=0 p1id=8 p1type=1
hit: step=40 p0id=5 p0type=0 p1id=6 p1type=1
hit: step=40 p0id=3 p0type=0 p1id=8 p1type=1
hit: step=41 p0id=5 p0type=0 p1id=6 p1type=1
hit: step=41 p0id=3 p0type=0 p1id=8 p1type=1
hit: step=42 p0id=5 p0type=0 p1id=6 p1type=1
hit: step=42 p0id=3 p0type=0 p1id=8 p1type=1
hit: step=43 p0id=5 p0type=0 p1id=6 p1type=1
hit: step=43 p0id=3 p0type=0 p1id=8 p1type=1
hit: step=44 p0id=5 p0type=0 p1id=6 p1type=1
hit: step=44 p0id=3 p0type=0 p1id=8 p1type=1
hit: step=45 p0id=5 p0type=0 p1id=6 p1type=1
hit: step=45 p0id=3 p0type=0 p1id=8 p1type=1
hit: step=46 p0id=5 p0type=0 p1id=6 p1type=1
hit: step=46 p0id=3 p0type=0 p1id=8 p1type=1
hit: step=47 p0id=5 p0type=0 p1id=6 p1type=1
hit: step=47 p0id=3 p0type=0 p1id=8 p1type=1
hit: step=48 p0id=5 p0type=0 p1id=6 p1type=1
hit: step=48 p0id=3 p0type=0 p1id=8 p1type=1
hit: step=49 p0id=5 p0type=0 p1id=6 p1type=1
hit: step=49 p0id=3 p0type=0 p1id=8 p1type=1
hit: step=50 p0id=5 p0type=0 p1id=6 p1type=1
hit: step=50 p0id=3 p0type=0 p1id=8 p1type=1
hit: step=51 p0id=5 p0type=0 p1id=6 p1type=1
hit: step=51 p0id=0 p0type=0 p1id=8 p1type=1
hit: step=51 p0id=3 p0type=0 p1id=8 p1type=1
hit: step=52 p0id=5 p0type=0 p1id=6 p1type=1
hit: step=52 p0id=0 p0type=0 p1id=8 p1type=1
hit: step=52 p0id=3 p0type=0 p1id=8 p1type=1
hit: step=53 p0id=5 p0type=0 p1id=6 p1type=1
hit: step=53 p0id=0 p0type=0 p1id=8 p1type=1
hit: step=53 p0id=3 p0type=0 p1id=8 p1type=1
hit: step=54 p0id=5 p0type=0 p1id=6 p1type=1
hit: step=54 p0id=0 p0type=0 p1id=8 p1type=1
hit: step=54 p0id=3 p0type=0 p1id=8 p1type=1
hit: step=55 p0id=5 p0type=0 p1id=6 p1type=1
hit: step=55 p0id=0 p0type=0 p1id=8 p1type=1
hit: step=55 p0id=3 p0type=0 p1id=8 p1type=1
hit: step=56 p0id=5 p0type=0 p1id=6 p1type=1
hit: step=56 p0id=0 p0type=0 p1id=8 p1type=1
hit: step=56 p0id=3 p0type=0 p1id=8 p1type=1
hit: step=57 p0id=5 p0type=0 p1id=6 p1type=1
hit: step=57 p0id=0 p0type=0 p1id=8 p1type=1
hit: step=57 p0id=3 p0type=0 p1id=8 p1type=1
hit: step=58 p0id=5 p0type=0 p1id=6 p1type=1
hit: step=58 p0id=0 p0type=0 p1id=8 p1type=1
hit: step=58 p0id=3 p0type=0 p1id=9 p1type=1
hit: step=58 p0id=3 p0type=0 p1id=8 p1type=1
hit: step=59 p0id=5 p0type=0 p1id=6 p1type=1
hit: step=59 p0id=5 p0type=0 p1id=8 p1type=1
hit: step=59 p0id=0 p0type=0 p1id=8 p1type=1
hit: step=59 p0id=3 p0type=0 p1id=9 p1type=1
hit: step=59 p0id=3 p0type=0 p1id=8 p1type=1
hit: step=60 p0id=5 p0type=0 p1id=6 p1type=1
hit: step=60 p0id=0 p0type=0 p1id=8 p1type=1
hit: step=60 p0id=3 p0type=0 p1id=9 p1type=1
hit: step=60 p0id=3 p0type=0 p1id=8 p1type=1
hit: step=61 p0id=5 p0type=0 p1id=6 p1type=1
hit: step=61 p0id=0 p0type=0 p1id=8 p1type=1
hit: step=61 p0id=3 p0type=0 p1id=9 p1type=1
hit: step=61 p0id=3 p0type=0 p1id=8 p1type=1
hit: step=62 p0id=5 p0type=0 p1id=6 p1type=1
hit: step=62 p0id=5 p0type=0 p1id=8 p1type=1
hit: step=62 p0id=0 p0type=0 p1id=8 p1type=1
hit: step=62 p0id=3 p0type=0 p1id=8 p1type=1
hit: step=63 p0id=5 p0type=0 p1id=6 p1type=1
hit: step=63 p0id=5 p0type=0 p1id=8 p1type=1
hit: step=63 p0id=0 p0type=0 p1id=8 p1type=1
hit: step=63 p0id=3 p0type=0 p1id=8 p1type=1
hit: step=64 p0id=5 p0type=0 p1id=6 p1type=1
hit: step=64 p0id=5 p0type=0 p1id=8 p1type=1
hit: step=64 p0id=0 p0type=0 p1id=8 p1type=1
hit: step=64 p0id=3 p0type=0 p1id=8 p1type=1
hit: step=65 p0id=5 p0type=0 p1id=6 p1type=1
hit: step=65 p0id=5 p0type=0 p1id=8 p1type=1
hit: step=65 p0id=0 p0type=0 p1id=8 p1type=1
hit: step=65 p0id=3 p0type=0 p1id=8 p1type=1
hit: step=66 p0id=5 p0type=0 p1id=6 p1type=1
hit: step=66 p0id=5 p0type=0 p1id=8 p1type=1
hit: step=66 p0id=0 p0type=0 p1id=8 p1type=1
hit: step=66 p0id=3 p0type=0 p1id=8 p1type=1
hit: step=67 p0id=5 p0type=0 p1id=6 p1type=1
hit: step=67 p0id=0 p0type=0 p1id=8 p1type=1
hit: step=67 p0id=3 p0type=0 p1id=8 p1type=1
hit: step=68 p0id=5 p0type=0 p1id=6 p1type=1
hit: step=68 p0id=0 p0type=0 p1id=8 p1type=1
hit: step=68 p0id=3 p0type=0 p1id=8 p1type=1
hit: step=69 p0id=5 p0type=0 p1id=6 p1type=1
hit: step=69 p0id=0 p0type=0 p1id=8 p1type=1
hit: step=69 p0id=3 p0type=0 p1id=8 p1type=1
hit: step=70 p0id=5 p0type=0 p1id=6 p1type=1
hit: step=70 p0id=0 p0type=0 p1id=8 p1type=1
hit: step=70 p0id=3 p0type=0 p1id=8 p1type=1
hit: step=71 p0id=5 p0type=0 p1id=6 p1type=1
hit: step=71 p0id=0 p0type=0 p1id=8 p1type=1
hit: step=71 p0id=3 p0type=0 p1id=8 p1type=1
hit: step=72 p0id=5 p0type=0 p1id=6 p1type=1
hit: step=72 p0id=0 p0type=0 p1id=8 p1type=1
hit: step=72 p0id=3 p0type=0 p1id=8 p1type=1
hit: step=73 p0id=5 p0type=0 p1id=6 p1type=1
hit: step=73 p0id=0 p0type=0 p1id=8 p1type=1
hit: step=73 p0id=3 p0type=0 p1id=8 p1type=1
hit: step=74 p0id=5 p0type=0 p1id=6 p1type=1
hit: step=74 p0id=0 p0type=0 p1id=8 p1type=1
hit: step=74 p0id=3 p0type=0 p1id=8 p1type=1
hit: step=75 p0id=5 p0type=0 p1id=6 p1type=1
hit: step=75 p0id=0 p0type=0 p1id=8 p1type=1
hit: step=75 p0id=3 p0type=0 p1id=8 p1type=1
hit: step=76 p0id=5 p0type=0 p1id=6 p1type=1
hit: step=76 p0id=0 p0type=0 p1id=8 p1type=1
hit: step=76 p0id=3 p0type=0 p1id=8 p1type=1
hit: step=77 p0id=5 p0type=0 p1id=6 p1type=1
hit: step=77 p0id=0 p0type=0 p1id=8 p1type=1
hit: step=77 p0id=3 p0type=0 p1id=8 p1type=1
hit: step=78 p0id=5 p0type=0 p1id=6 p1type=1
hit: step=78 p0id=3 p0type=0 p1id=8 p1type=1
hit: step=79 p0id=5 p0type=0 p1id=6 p1type=1
hit: step=79 p0id=3 p0type=0 p1id=8 p1type=1
hit: step=80 p0id=5 p0type=0 p1id=6 p1type=1
hit: step=80 p0id=3 p0type=0 p1id=8 p1type=1
hit: step=81 p0id=5 p0type=0 p1id=6 p1type=1
hit: step=81 p0id=3 p0type=0 p1id=8 p1type=1
hit: step=82 p0id=5 p0type=0 p1id=6 p1type=1
hit: step=82 p0id=3 p0type=0 p1id=8 p1type=1
hit: step=83 p0id=5 p0type=0 p1id=6 p1type=1
hit: step=83 p0id=3 p0type=0 p1id=8 p1type=1
hit: step=84 p0id=5 p0type=0 p1id=6 p1type=1
hit: step=84 p0id=3 p0type=0 p1id=8 p1type=1
hit: step=85 p0id=5 p0type=0 p1id=6 p1type=1
hit: step=85 p0id=3 p0type=0 p1id=8 p1type=1
hit: step=86 p0id=5 p0type=0 p1id=6 p1type=1
hit: step=87 p0id=5 p0type=0 p1id=6 p1type=1
hit: step=88 p0id=5 p0type=0 p1id=6 p1type=1
hit: step=89 p0id=5 p0type=0 p1id=6 p1type=1
hit: step=90 p0id=5 p0type=0 p1id=6 p1type=1
hit: step=91 p0id=5 p0type=0 p1id=6 p1type=1
hit: step=92 p0id=5 p0type=0 p1id=6 p1type=1
hit: step=93 p0id=5 p0type=0 p1id=6 p1type=1
hit: step=94 p0id=5 p0type=0 p1id=6 p1type=1
hit: step=95 p0id=5 p0type=0 p1id=6 p1type=1
hit: step=96 p0id=5 p0type=0 p1id=6 p1type=1
hit: step=97 p0id=5 p0type=0 p1id=6 p1type=1
hit: step=98 p0id=5 p0type=0 p1id=6 p1type=1
hit: step=99 p0id=5 p0type=0 p1id=6 p1type=1
hit: step=99 p0id=5 p0type=0 p1id=8 p1type=1
analysis...
99 -> analysis by 0_standard_traj|csv -> traj.csv ...
99 -> analysis by 1_standard_traj|xyz -> traj.xyz ...
99 -> analysis by 2_particleNumbers|csv -> out_particleNumbers.csv ...
99 -> analysis by 3_standardReactionReporting|csv -> out_reactions.csv ...
hit: step=100 p0id=5 p0type=0 p1id=6 p1type=1
hit: step=101 p0id=5 p0type=0 p1id=6 p1type=1
hit: step=102 p0id=5 p0type=0 p1id=6 p1type=1
hit: step=103 p0id=5 p0type=0 p1id=6 p1type=1
hit: step=104 p0id=5 p0type=0 p1id=6 p1type=1
hit: step=105 p0id=5 p0type=0 p1id=6 p1type=1
hit: step=106 p0id=5 p0type=0 p1id=6 p1type=1
hit: step=107 p0id=5 p0type=0 p1id=6 p1type=1
hit: step=108 p0id=5 p0type=0 p1id=6 p1type=1
hit: step=109 p0id=5 p0type=0 p1id=6 p1type=1
hit: step=110 p0id=5 p0type=0 p1id=6 p1type=1
hit: step=111 p0id=5 p0type=0 p1id=6 p1type=1
hit: step=112 p0id=5 p0type=0 p1id=6 p1type=1
hit: step=113 p0id=5 p0type=0 p1id=6 p1type=1
hit: step=113 p0id=0 p0type=0 p1id=8 p1type=1
hit: step=114 p0id=5 p0type=0 p1id=6 p1type=1
hit: step=114 p0id=0 p0type=0 p1id=8 p1type=1
hit: step=115 p0id=5 p0type=0 p1id=6 p1type=1
hit: step=115 p0id=0 p0type=0 p1id=8 p1type=1
hit: step=116 p0id=5 p0type=0 p1id=6 p1type=1
hit: step=116 p0id=0 p0type=0 p1id=8 p1type=1
hit: step=117 p0id=5 p0type=0 p1id=6 p1type=1
hit: step=117 p0id=0 p0type=0 p1id=8 p1type=1
hit: step=118 p0id=5 p0type=0 p1id=6 p1type=1
hit: step=118 p0id=0 p0type=0 p1id=8 p1type=1
hit: step=119 p0id=5 p0type=0 p1id=6 p1type=1
hit: step=119 p0id=0 p0type=0 p1id=8 p1type=1
hit: step=120 p0id=5 p0type=0 p1id=6 p1type=1
hit: step=120 p0id=0 p0type=0 p1id=8 p1type=1
hit: step=121 p0id=5 p0type=0 p1id=6 p1type=1
hit: step=121 p0id=0 p0type=0 p1id=8 p1type=1
hit: step=121 p0id=3 p0type=0 p1id=8 p1type=1
hit: step=122 p0id=5 p0type=0 p1id=6 p1type=1
hit: step=122 p0id=0 p0type=0 p1id=8 p1type=1
hit: step=122 p0id=3 p0type=0 p1id=8 p1type=1
hit: step=123 p0id=5 p0type=0 p1id=6 p1type=1
hit: step=123 p0id=0 p0type=0 p1id=8 p1type=1
hit: step=123 p0id=3 p0type=0 p1id=8 p1type=1
hit: step=124 p0id=5 p0type=0 p1id=6 p1type=1
hit: step=124 p0id=0 p0type=0 p1id=8 p1type=1
hit: step=124 p0id=3 p0type=0 p1id=8 p1type=1
hit: step=125 p0id=5 p0type=0 p1id=6 p1type=1
hit: step=126 p0id=5 p0type=0 p1id=6 p1type=1
hit: step=126 p0id=3 p0type=0 p1id=8 p1type=1
hit: step=127 p0id=5 p0type=0 p1id=6 p1type=1
hit: step=128 p0id=5 p0type=0 p1id=6 p1type=1
hit: step=129 p0id=5 p0type=0 p1id=6 p1type=1
hit: step=129 p0id=3 p0type=0 p1id=8 p1type=1
hit: step=130 p0id=5 p0type=0 p1id=6 p1type=1
hit: step=130 p0id=3 p0type=0 p1id=8 p1type=1
hit: step=131 p0id=5 p0type=0 p1id=6 p1type=1
hit: step=131 p0id=3 p0type=0 p1id=8 p1type=1
hit: step=132 p0id=5 p0type=0 p1id=6 p1type=1
hit: step=132 p0id=3 p0type=0 p1id=8 p1type=1
hit: step=133 p0id=5 p0type=0 p1id=6 p1type=1
hit: step=133 p0id=3 p0type=0 p1id=8 p1type=1
hit: step=134 p0id=5 p0type=0 p1id=6 p1type=1
hit: step=135 p0id=5 p0type=0 p1id=6 p1type=1
hit: step=136 p0id=5 p0type=0 p1id=6 p1type=1
hit: step=137 p0id=5 p0type=0 p1id=6 p1type=1
hit: step=138 p0id=5 p0type=0 p1id=6 p1type=1
hit: step=139 p0id=5 p0type=0 p1id=6 p1type=1
hit: step=140 p0id=5 p0type=0 p1id=6 p1type=1
hit: step=141 p0id=5 p0type=0 p1id=6 p1type=1
hit: step=142 p0id=5 p0type=0 p1id=6 p1type=1
hit: step=143 p0id=5 p0type=0 p1id=6 p1type=1
hit: step=144 p0id=5 p0type=0 p1id=6 p1type=1
hit: step=145 p0id=5 p0type=0 p1id=6 p1type=1
hit: step=146 p0id=5 p0type=0 p1id=6 p1type=1
hit: step=147 p0id=5 p0type=0 p1id=6 p1type=1
hit: step=148 p0id=5 p0type=0 p1id=6 p1type=1
hit: step=149 p0id=5 p0type=0 p1id=6 p1type=1
hit: step=150 p0id=5 p0type=0 p1id=6 p1type=1
hit: step=151 p0id=5 p0type=0 p1id=6 p1type=1
hit: step=152 p0id=5 p0type=0 p1id=6 p1type=1
hit: step=153 p0id=5 p0type=0 p1id=6 p1type=1
hit: step=154 p0id=5 p0type=0 p1id=6 p1type=1
hit: step=155 p0id=5 p0type=0 p1id=6 p1type=1
hit: step=156 p0id=5 p0type=0 p1id=6 p1type=1
hit: step=157 p0id=5 p0type=0 p1id=6 p1type=1
hit: step=158 p0id=5 p0type=0 p1id=6 p1type=1
hit: step=159 p0id=5 p0type=0 p1id=6 p1type=1
hit: step=160 p0id=5 p0type=0 p1id=6 p1type=1
hit: step=161 p0id=5 p0type=0 p1id=6 p1type=1
hit: step=162 p0id=5 p0type=0 p1id=6 p1type=1
hit: step=163 p0id=5 p0type=0 p1id=6 p1type=1
hit: step=164 p0id=5 p0type=0 p1id=6 p1type=1
hit: step=165 p0id=5 p0type=0 p1id=6 p1type=1
hit: step=166 p0id=5 p0type=0 p1id=6 p1type=1
hit: step=167 p0id=5 p0type=0 p1id=6 p1type=1
hit: step=168 p0id=5 p0type=0 p1id=6 p1type=1
hit: step=169 p0id=5 p0type=0 p1id=6 p1type=1
hit: step=170 p0id=5 p0type=0 p1id=6 p1type=1
hit: step=171 p0id=5 p0type=0 p1id=6 p1type=1
hit: step=172 p0id=5 p0type=0 p1id=6 p1type=1
hit: step=173 p0id=5 p0type=0 p1id=6 p1type=1
hit: step=174 p0id=5 p0type=0 p1id=6 p1type=1
hit: step=174 p0id=3 p0type=0 p1id=8 p1type=1
hit: step=175 p0id=5 p0type=0 p1id=6 p1type=1
hit: step=175 p0id=3 p0type=0 p1id=9 p1type=1
hit: step=175 p0id=3 p0type=0 p1id=8 p1type=1
hit: step=176 p0id=5 p0type=0 p1id=6 p1type=1
hit: step=176 p0id=3 p0type=0 p1id=9 p1type=1
hit: step=176 p0id=3 p0type=0 p1id=8 p1type=1
hit: step=177 p0id=5 p0type=0 p1id=6 p1type=1
hit: step=177 p0id=3 p0type=0 p1id=9 p1type=1
hit: step=177 p0id=3 p0type=0 p1id=8 p1type=1
hit: step=178 p0id=5 p0type=0 p1id=6 p1type=1
hit: step=178 p0id=3 p0type=0 p1id=9 p1type=1
hit: step=178 p0id=3 p0type=0 p1id=8 p1type=1
hit: step=179 p0id=5 p0type=0 p1id=6 p1type=1
hit: step=179 p0id=3 p0type=0 p1id=9 p1type=1
hit: step=180 p0id=3 p0type=0 p1id=9 p1type=1
hit: step=181 p0id=3 p0type=0 p1id=9 p1type=1
hit: step=182 p0id=3 p0type=0 p1id=9 p1type=1
hit: step=183 p0id=3 p0type=0 p1id=9 p1type=1
hit: step=184 p0id=3 p0type=0 p1id=9 p1type=1
hit: step=185 p0id=3 p0type=0 p1id=9 p1type=1
hit: step=186 p0id=3 p0type=0 p1id=9 p1type=1
hit: step=187 p0id=3 p0type=0 p1id=9 p1type=1
hit: step=188 p0id=3 p0type=0 p1id=9 p1type=1
hit: step=189 p0id=3 p0type=0 p1id=9 p1type=1
hit: step=190 p0id=3 p0type=0 p1id=9 p1type=1
hit: step=191 p0id=3 p0type=0 p1id=9 p1type=1
hit: step=192 p0id=5 p0type=0 p1id=6 p1type=1
hit: step=192 p0id=3 p0type=0 p1id=9 p1type=1
hit: step=193 p0id=5 p0type=0 p1id=6 p1type=1
hit: step=193 p0id=3 p0type=0 p1id=9 p1type=1
hit: step=194 p0id=5 p0type=0 p1id=6 p1type=1
hit: step=194 p0id=3 p0type=0 p1id=9 p1type=1
hit: step=195 p0id=5 p0type=0 p1id=6 p1type=1
hit: step=195 p0id=3 p0type=0 p1id=9 p1type=1
hit: step=196 p0id=5 p0type=0 p1id=6 p1type=1
hit: step=196 p0id=3 p0type=0 p1id=9 p1type=1
hit: step=197 p0id=5 p0type=0 p1id=6 p1type=1
hit: step=197 p0id=3 p0type=0 p1id=9 p1type=1
hit: step=198 p0id=5 p0type=0 p1id=6 p1type=1
hit: step=198 p0id=3 p0type=0 p1id=9 p1type=1
hit: step=199 p0id=5 p0type=0 p1id=6 p1type=1
hit: step=199 p0id=0 p0type=0 p1id=8 p1type=1
analysis...
199 -> analysis by 0_standard_traj|csv -> traj.csv ...
199 -> analysis by 1_standard_traj|xyz -> traj.xyz ...
199 -> analysis by 2_particleNumbers|csv -> out_particleNumbers.csv ...
199 -> analysis by 3_standardReactionReporting|csv -> out_reactions.csv ...
hit: step=200 p0id=5 p0type=0 p1id=6 p1type=1
hit: step=200 p0id=0 p0type=0 p1id=8 p1type=1
hit: step=200 p0id=3 p0type=0 p1id=9 p1type=1
hit: step=200 p0id=3 p0type=0 p1id=8 p1type=1
hit: step=201 p0id=0 p0type=0 p1id=8 p1type=1
hit: step=201 p0id=3 p0type=0 p1id=9 p1type=1
hit: step=201 p0id=3 p0type=0 p1id=8 p1type=1
hit: step=202 p0id=5 p0type=0 p1id=6 p1type=1
hit: step=202 p0id=0 p0type=0 p1id=8 p1type=1
hit: step=202 p0id=3 p0type=0 p1id=8 p1type=1
hit: step=203 p0id=5 p0type=0 p1id=6 p1type=1
hit: step=203 p0id=0 p0type=0 p1id=8 p1type=1
hit: step=203 p0id=3 p0type=0 p1id=9 p1type=1
hit: step=203 p0id=3 p0type=0 p1id=8 p1type=1
hit: step=204 p0id=5 p0type=0 p1id=6 p1type=1
hit: step=204 p0id=0 p0type=0 p1id=8 p1type=1
hit: step=204 p0id=3 p0type=0 p1id=9 p1type=1
hit: step=204 p0id=3 p0type=0 p1id=8 p1type=1
hit: step=205 p0id=5 p0type=0 p1id=6 p1type=1
hit: step=205 p0id=0 p0type=0 p1id=8 p1type=1
hit: step=205 p0id=3 p0type=0 p1id=9 p1type=1
hit: step=205 p0id=3 p0type=0 p1id=8 p1type=1
hit: step=206 p0id=5 p0type=0 p1id=6 p1type=1
hit: step=206 p0id=0 p0type=0 p1id=8 p1type=1
hit: step=206 p0id=3 p0type=0 p1id=9 p1type=1
hit: step=206 p0id=3 p0type=0 p1id=8 p1type=1
hit: step=207 p0id=5 p0type=0 p1id=6 p1type=1
hit: step=207 p0id=0 p0type=0 p1id=8 p1type=1
hit: step=207 p0id=3 p0type=0 p1id=8 p1type=1
hit: step=208 p0id=0 p0type=0 p1id=8 p1type=1
hit: step=208 p0id=3 p0type=0 p1id=8 p1type=1
hit: step=209 p0id=0 p0type=0 p1id=8 p1type=1
hit: step=210 p0id=0 p0type=0 p1id=8 p1type=1
hit: step=210 p0id=3 p0type=0 p1id=8 p1type=1
hit: step=211 p0id=0 p0type=0 p1id=8 p1type=1
hit: step=211 p0id=3 p0type=0 p1id=8 p1type=1
hit: step=212 p0id=0 p0type=0 p1id=8 p1type=1
hit: step=212 p0id=3 p0type=0 p1id=9 p1type=1
hit: step=212 p0id=3 p0type=0 p1id=8 p1type=1
hit: step=213 p0id=0 p0type=0 p1id=8 p1type=1
hit: step=213 p0id=3 p0type=0 p1id=9 p1type=1
hit: step=213 p0id=3 p0type=0 p1id=8 p1type=1
hit: step=214 p0id=0 p0type=0 p1id=8 p1type=1
hit: step=214 p0id=3 p0type=0 p1id=9 p1type=1
hit: step=214 p0id=3 p0type=0 p1id=8 p1type=1
hit: step=215 p0id=0 p0type=0 p1id=8 p1type=1
hit: step=215 p0id=3 p0type=0 p1id=9 p1type=1
hit: step=215 p0id=3 p0type=0 p1id=8 p1type=1
hit: step=216 p0id=0 p0type=0 p1id=8 p1type=1
hit: step=216 p0id=3 p0type=0 p1id=9 p1type=1
hit: step=216 p0id=3 p0type=0 p1id=8 p1type=1
hit: step=217 p0id=0 p0type=0 p1id=8 p1type=1
hit: step=217 p0id=3 p0type=0 p1id=9 p1type=1
hit: step=217 p0id=3 p0type=0 p1id=8 p1type=1
hit: step=218 p0id=0 p0type=0 p1id=8 p1type=1
hit: step=218 p0id=3 p0type=0 p1id=9 p1type=1
hit: step=218 p0id=3 p0type=0 p1id=8 p1type=1
hit: step=219 p0id=0 p0type=0 p1id=8 p1type=1
hit: step=219 p0id=3 p0type=0 p1id=9 p1type=1
hit: step=219 p0id=3 p0type=0 p1id=8 p1type=1
hit: step=220 p0id=0 p0type=0 p1id=8 p1type=1
hit: step=220 p0id=3 p0type=0 p1id=9 p1type=1
hit: step=220 p0id=3 p0type=0 p1id=8 p1type=1
hit: step=221 p0id=0 p0type=0 p1id=8 p1type=1
hit: step=221 p0id=3 p0type=0 p1id=9 p1type=1
hit: step=221 p0id=3 p0type=0 p1id=8 p1type=1
hit: step=222 p0id=0 p0type=0 p1id=8 p1type=1
hit: step=222 p0id=3 p0type=0 p1id=9 p1type=1
hit: step=222 p0id=3 p0type=0 p1id=8 p1type=1
hit: step=223 p0id=0 p0type=0 p1id=8 p1type=1
hit: step=223 p0id=3 p0type=0 p1id=9 p1type=1
hit: step=223 p0id=3 p0type=0 p1id=8 p1type=1
hit: step=224 p0id=0 p0type=0 p1id=8 p1type=1
hit: step=224 p0id=3 p0type=0 p1id=9 p1type=1
hit: step=225 p0id=0 p0type=0 p1id=8 p1type=1
hit: step=225 p0id=3 p0type=0 p1id=9 p1type=1
hit: step=226 p0id=0 p0type=0 p1id=8 p1type=1
hit: step=227 p0id=0 p0type=0 p1id=8 p1type=1
hit: step=227 p0id=3 p0type=0 p1id=9 p1type=1
hit: step=228 p0id=0 p0type=0 p1id=8 p1type=1
hit: step=228 p0id=3 p0type=0 p1id=9 p1type=1
hit: step=229 p0id=0 p0type=0 p1id=8 p1type=1
hit: step=229 p0id=3 p0type=0 p1id=9 p1type=1
hit: step=230 p0id=0 p0type=0 p1id=8 p1type=1
hit: step=230 p0id=3 p0type=0 p1id=9 p1type=1
hit: step=231 p0id=0 p0type=0 p1id=8 p1type=1
hit: step=231 p0id=3 p0type=0 p1id=9 p1type=1
hit: step=232 p0id=0 p0type=0 p1id=8 p1type=1
hit: step=232 p0id=3 p0type=0 p1id=9 p1type=1
hit: step=233 p0id=5 p0type=0 p1id=6 p1type=1
hit: step=233 p0id=0 p0type=0 p1id=8 p1type=1
hit: step=233 p0id=3 p0type=0 p1id=9 p1type=1
hit: step=234 p0id=0 p0type=0 p1id=8 p1type=1
hit: step=234 p0id=3 p0type=0 p1id=9 p1type=1
hit: step=235 p0id=0 p0type=0 p1id=8 p1type=1
hit: step=235 p0id=3 p0type=0 p1id=9 p1type=1
hit: step=236 p0id=0 p0type=0 p1id=8 p1type=1
hit: step=236 p0id=3 p0type=0 p1id=9 p1type=1
hit: step=237 p0id=0 p0type=0 p1id=8 p1type=1
hit: step=237 p0id=3 p0type=0 p1id=9 p1type=1
hit: step=238 p0id=0 p0type=0 p1id=8 p1type=1
hit: step=238 p0id=3 p0type=0 p1id=9 p1type=1
hit: step=239 p0id=0 p0type=0 p1id=8 p1type=1
hit: step=239 p0id=3 p0type=0 p1id=9 p1type=1
hit: step=240 p0id=0 p0type=0 p1id=8 p1type=1
hit: step=241 p0id=0 p0type=0 p1id=8 p1type=1
hit: step=242 p0id=0 p0type=0 p1id=8 p1type=1
hit: step=243 p0id=0 p0type=0 p1id=8 p1type=1
hit: step=244 p0id=0 p0type=0 p1id=8 p1type=1
hit: step=244 p0id=3 p0type=0 p1id=9 p1type=1
hit: step=245 p0id=0 p0type=0 p1id=8 p1type=1
hit: step=245 p0id=3 p0type=0 p1id=9 p1type=1
hit: step=246 p0id=0 p0type=0 p1id=8 p1type=1
hit: step=246 p0id=3 p0type=0 p1id=9 p1type=1
hit: step=247 p0id=5 p0type=0 p1id=6 p1type=1
hit: step=247 p0id=0 p0type=0 p1id=8 p1type=1
hit: step=247 p0id=3 p0type=0 p1id=9 p1type=1
hit: step=248 p0id=0 p0type=0 p1id=8 p1type=1
hit: step=248 p0id=3 p0type=0 p1id=9 p1type=1
hit: step=249 p0id=0 p0type=0 p1id=8 p1type=1
hit: step=249 p0id=3 p0type=0 p1id=9 p1type=1
hit: step=250 p0id=0 p0type=0 p1id=8 p1type=1
hit: step=250 p0id=3 p0type=0 p1id=9 p1type=1
hit: step=251 p0id=0 p0type=0 p1id=8 p1type=1
hit: step=251 p0id=3 p0type=0 p1id=9 p1type=1
hit: step=252 p0id=0 p0type=0 p1id=8 p1type=1
hit: step=252 p0id=3 p0type=0 p1id=9 p1type=1
hit: step=253 p0id=0 p0type=0 p1id=8 p1type=1
hit: step=253 p0id=3 p0type=0 p1id=9 p1type=1
hit: step=254 p0id=0 p0type=0 p1id=8 p1type=1
hit: step=254 p0id=3 p0type=0 p1id=9 p1type=1
hit: step=255 p0id=0 p0type=0 p1id=8 p1type=1
hit: step=255 p0id=3 p0type=0 p1id=9 p1type=1
hit: step=256 p0id=0 p0type=0 p1id=8 p1type=1
hit: step=256 p0id=3 p0type=0 p1id=9 p1type=1
hit: step=257 p0id=0 p0type=0 p1id=8 p1type=1
hit: step=257 p0id=3 p0type=0 p1id=9 p1type=1
hit: step=258 p0id=0 p0type=0 p1id=8 p1type=1
hit: step=258 p0id=3 p0type=0 p1id=9 p1type=1
hit: step=259 p0id=0 p0type=0 p1id=8 p1type=1
hit: step=259 p0id=3 p0type=0 p1id=9 p1type=1
hit: step=260 p0id=0 p0type=0 p1id=8 p1type=1
hit: step=260 p0id=3 p0type=0 p1id=9 p1type=1
hit: step=261 p0id=0 p0type=0 p1id=8 p1type=1
hit: step=261 p0id=3 p0type=0 p1id=9 p1type=1
hit: step=262 p0id=0 p0type=0 p1id=8 p1type=1
hit: step=262 p0id=3 p0type=0 p1id=9 p1type=1
hit: step=263 p0id=0 p0type=0 p1id=8 p1type=1
hit: step=263 p0id=3 p0type=0 p1id=9 p1type=1
hit: step=264 p0id=0 p0type=0 p1id=8 p1type=1
hit: step=264 p0id=3 p0type=0 p1id=9 p1type=1
hit: step=265 p0id=0 p0type=0 p1id=8 p1type=1
hit: step=265 p0id=3 p0type=0 p1id=9 p1type=1
hit: step=266 p0id=0 p0type=0 p1id=8 p1type=1
hit: step=266 p0id=3 p0type=0 p1id=9 p1type=1
hit: step=267 p0id=0 p0type=0 p1id=8 p1type=1
hit: step=267 p0id=3 p0type=0 p1id=9 p1type=1
hit: step=267 p0id=3 p0type=0 p1id=8 p1type=1
hit: step=268 p0id=0 p0type=0 p1id=8 p1type=1
hit: step=268 p0id=3 p0type=0 p1id=9 p1type=1
hit: step=269 p0id=5 p0type=0 p1id=6 p1type=1
hit: step=269 p0id=0 p0type=0 p1id=8 p1type=1
hit: step=269 p0id=3 p0type=0 p1id=9 p1type=1
hit: step=270 p0id=0 p0type=0 p1id=8 p1type=1
hit: step=270 p0id=3 p0type=0 p1id=9 p1type=1
hit: step=271 p0id=0 p0type=0 p1id=8 p1type=1
hit: step=271 p0id=3 p0type=0 p1id=9 p1type=1
hit: step=271 p0id=3 p0type=0 p1id=8 p1type=1
hit: step=272 p0id=0 p0type=0 p1id=8 p1type=1
hit: step=272 p0id=3 p0type=0 p1id=9 p1type=1
hit: step=272 p0id=3 p0type=0 p1id=8 p1type=1
hit: step=273 p0id=0 p0type=0 p1id=8 p1type=1
hit: step=273 p0id=3 p0type=0 p1id=9 p1type=1
hit: step=273 p0id=3 p0type=0 p1id=8 p1type=1
hit: step=274 p0id=0 p0type=0 p1id=8 p1type=1
hit: step=274 p0id=3 p0type=0 p1id=9 p1type=1
hit: step=274 p0id=3 p0type=0 p1id=8 p1type=1
hit: step=275 p0id=0 p0type=0 p1id=8 p1type=1
hit: step=275 p0id=3 p0type=0 p1id=9 p1type=1
hit: step=275 p0id=3 p0type=0 p1id=8 p1type=1
hit: step=276 p0id=0 p0type=0 p1id=8 p1type=1
hit: step=276 p0id=3 p0type=0 p1id=9 p1type=1
hit: step=276 p0id=3 p0type=0 p1id=8 p1type=1
hit: step=277 p0id=0 p0type=0 p1id=8 p1type=1
hit: step=277 p0id=3 p0type=0 p1id=9 p1type=1
hit: step=277 p0id=3 p0type=0 p1id=8 p1type=1
hit: step=278 p0id=0 p0type=0 p1id=8 p1type=1
hit: step=278 p0id=3 p0type=0 p1id=9 p1type=1
hit: step=278 p0id=3 p0type=0 p1id=8 p1type=1
hit: step=279 p0id=0 p0type=0 p1id=8 p1type=1
hit: step=279 p0id=3 p0type=0 p1id=9 p1type=1
hit: step=279 p0id=3 p0type=0 p1id=8 p1type=1
hit: step=280 p0id=0 p0type=0 p1id=8 p1type=1
hit: step=280 p0id=3 p0type=0 p1id=9 p1type=1
hit: step=280 p0id=3 p0type=0 p1id=8 p1type=1
hit: step=281 p0id=0 p0type=0 p1id=8 p1type=1
hit: step=281 p0id=3 p0type=0 p1id=9 p1type=1
hit: step=281 p0id=3 p0type=0 p1id=8 p1type=1
hit: step=282 p0id=0 p0type=0 p1id=8 p1type=1
hit: step=282 p0id=3 p0type=0 p1id=9 p1type=1
hit: step=282 p0id=3 p0type=0 p1id=8 p1type=1
hit: step=283 p0id=0 p0type=0 p1id=8 p1type=1
hit: step=283 p0id=3 p0type=0 p1id=9 p1type=1
hit: step=283 p0id=3 p0type=0 p1id=8 p1type=1
hit: step=284 p0id=0 p0type=0 p1id=8 p1type=1
hit: step=284 p0id=3 p0type=0 p1id=9 p1type=1
hit: step=284 p0id=3 p0type=0 p1id=8 p1type=1
hit: step=285 p0id=0 p0type=0 p1id=8 p1type=1
hit: step=285 p0id=3 p0type=0 p1id=9 p1type=1
hit: step=285 p0id=3 p0type=0 p1id=8 p1type=1
hit: step=286 p0id=0 p0type=0 p1id=8 p1type=1
hit: step=286 p0id=3 p0type=0 p1id=9 p1type=1
hit: step=286 p0id=3 p0type=0 p1id=8 p1type=1
hit: step=287 p0id=0 p0type=0 p1id=8 p1type=1
hit: step=287 p0id=3 p0type=0 p1id=9 p1type=1
hit: step=287 p0id=3 p0type=0 p1id=8 p1type=1
hit: step=288 p0id=0 p0type=0 p1id=8 p1type=1
hit: step=288 p0id=3 p0type=0 p1id=9 p1type=1
hit: step=288 p0id=3 p0type=0 p1id=8 p1type=1
hit: step=289 p0id=0 p0type=0 p1id=8 p1type=1
hit: step=289 p0id=3 p0type=0 p1id=9 p1type=1
hit: step=289 p0id=3 p0type=0 p1id=8 p1type=1
hit: step=290 p0id=0 p0type=0 p1id=8 p1type=1
hit: step=290 p0id=3 p0type=0 p1id=9 p1type=1
hit: step=290 p0id=3 p0type=0 p1id=8 p1type=1
hit: step=291 p0id=0 p0type=0 p1id=8 p1type=1
hit: step=291 p0id=3 p0type=0 p1id=9 p1type=1
hit: step=291 p0id=3 p0type=0 p1id=8 p1type=1
hit: step=292 p0id=0 p0type=0 p1id=8 p1type=1
hit: step=292 p0id=3 p0type=0 p1id=9 p1type=1
hit: step=292 p0id=3 p0type=0 p1id=8 p1type=1
hit: step=293 p0id=3 p0type=0 p1id=9 p1type=1
hit: step=294 p0id=3 p0type=0 p1id=9 p1type=1
hit: step=295 p0id=3 p0type=0 p1id=9 p1type=1
hit: step=296 p0id=3 p0type=0 p1id=9 p1type=1
hit: step=297 p0id=3 p0type=0 p1id=9 p1type=1
hit: step=298 p0id=3 p0type=0 p1id=9 p1type=1
hit: step=299 p0id=3 p0type=0 p1id=9 p1type=1
analysis...
299 -> analysis by 0_standard_traj|csv -> traj.csv ...
299 -> analysis by 1_standard_traj|xyz -> traj.xyz ...
299 -> analysis by 2_particleNumbers|csv -> out_particleNumbers.csv ...
299 -> analysis by 3_standardReactionReporting|csv -> out_reactions.csv ...
hit: step=300 p0id=3 p0type=0 p1id=9 p1type=1
hit: step=301 p0id=3 p0type=0 p1id=9 p1type=1
hit: step=302 p0id=3 p0type=0 p1id=9 p1type=1
hit: step=303 p0id=3 p0type=0 p1id=9 p1type=1
hit: step=304 p0id=3 p0type=0 p1id=9 p1type=1
hit: step=305 p0id=3 p0type=0 p1id=9 p1type=1
hit: step=306 p0id=3 p0type=0 p1id=9 p1type=1
hit: step=307 p0id=3 p0type=0 p1id=9 p1type=1
hit: step=308 p0id=3 p0type=0 p1id=9 p1type=1
hit: step=309 p0id=3 p0type=0 p1id=9 p1type=1
hit: step=310 p0id=3 p0type=0 p1id=9 p1type=1
hit: step=311 p0id=3 p0type=0 p1id=9 p1type=1
hit: step=312 p0id=3 p0type=0 p1id=9 p1type=1
hit: step=313 p0id=3 p0type=0 p1id=9 p1type=1
hit: step=314 p0id=3 p0type=0 p1id=9 p1type=1
hit: step=315 p0id=3 p0type=0 p1id=9 p1type=1
hit: step=316 p0id=3 p0type=0 p1id=9 p1type=1
hit: step=317 p0id=3 p0type=0 p1id=9 p1type=1
hit: step=318 p0id=3 p0type=0 p1id=9 p1type=1
hit: step=319 p0id=3 p0type=0 p1id=9 p1type=1
hit: step=320 p0id=3 p0type=0 p1id=9 p1type=1
hit: step=321 p0id=3 p0type=0 p1id=9 p1type=1
hit: step=322 p0id=3 p0type=0 p1id=9 p1type=1
hit: step=323 p0id=3 p0type=0 p1id=9 p1type=1
analysis...
399 -> analysis by 0_standard_traj|csv -> traj.csv ...
399 -> analysis by 1_standard_traj|xyz -> traj.xyz ...
399 -> analysis by 2_particleNumbers|csv -> out_particleNumbers.csv ...
399 -> analysis by 3_standardReactionReporting|csv -> out_reactions.csv ...
analysis...
499 -> analysis by 0_standard_traj|csv -> traj.csv ...
499 -> analysis by 1_standard_traj|xyz -> traj.xyz ...
499 -> analysis by 2_particleNumbers|csv -> out_particleNumbers.csv ...
499 -> analysis by 3_standardReactionReporting|csv -> out_reactions.csv ...
analysis...
599 -> analysis by 0_standard_traj|csv -> traj.csv ...
599 -> analysis by 1_standard_traj|xyz -> traj.xyz ...
599 -> analysis by 2_particleNumbers|csv -> out_particleNumbers.csv ...
599 -> analysis by 3_standardReactionReporting|csv -> out_reactions.csv ...
analysis...
699 -> analysis by 0_standard_traj|csv -> traj.csv ...
699 -> analysis by 1_standard_traj|xyz -> traj.xyz ...
699 -> analysis by 2_particleNumbers|csv -> out_particleNumbers.csv ...
699 -> analysis by 3_standardReactionReporting|csv -> out_reactions.csv ...
hit: step=776 p0id=5 p0type=0 p1id=7 p1type=1
hit: step=777 p0id=5 p0type=0 p1id=7 p1type=1
hit: step=778 p0id=5 p0type=0 p1id=7 p1type=1
hit: step=779 p0id=5 p0type=0 p1id=7 p1type=1
hit: step=780 p0id=5 p0type=0 p1id=7 p1type=1
hit: step=781 p0id=5 p0type=0 p1id=7 p1type=1
hit: step=782 p0id=5 p0type=0 p1id=7 p1type=1
hit: step=783 p0id=5 p0type=0 p1id=7 p1type=1
hit: step=788 p0id=5 p0type=0 p1id=7 p1type=1
hit: step=790 p0id=5 p0type=0 p1id=7 p1type=1
hit: step=791 p0id=5 p0type=0 p1id=7 p1type=1
hit: step=792 p0id=5 p0type=0 p1id=7 p1type=1
hit: step=793 p0id=5 p0type=0 p1id=7 p1type=1
hit: step=794 p0id=5 p0type=0 p1id=7 p1type=1
hit: step=795 p0id=5 p0type=0 p1id=7 p1type=1
hit: step=796 p0id=5 p0type=0 p1id=7 p1type=1
analysis...
799 -> analysis by 0_standard_traj|csv -> traj.csv ...
799 -> analysis by 1_standard_traj|xyz -> traj.xyz ...
799 -> analysis by 2_particleNumbers|csv -> out_particleNumbers.csv ...
799 -> analysis by 3_standardReactionReporting|csv -> out_reactions.csv ...
hit: step=812 p0id=5 p0type=0 p1id=7 p1type=1
hit: step=813 p0id=5 p0type=0 p1id=7 p1type=1
hit: step=815 p0id=5 p0type=0 p1id=7 p1type=1
hit: step=820 p0id=5 p0type=0 p1id=7 p1type=1
hit: step=821 p0id=5 p0type=0 p1id=7 p1type=1
hit: step=822 p0id=5 p0type=0 p1id=7 p1type=1
hit: step=825 p0id=5 p0type=0 p1id=7 p1type=1
hit: step=826 p0id=5 p0type=0 p1id=7 p1type=1
hit: step=827 p0id=5 p0type=0 p1id=7 p1type=1
hit: step=828 p0id=5 p0type=0 p1id=7 p1type=1
hit: step=829 p0id=5 p0type=0 p1id=7 p1type=1
hit: step=830 p0id=5 p0type=0 p1id=7 p1type=1
hit: step=831 p0id=5 p0type=0 p1id=7 p1type=1
hit: step=832 p0id=5 p0type=0 p1id=7 p1type=1
hit: step=833 p0id=5 p0type=0 p1id=7 p1type=1
hit: step=834 p0id=5 p0type=0 p1id=7 p1type=1
hit: step=835 p0id=5 p0type=0 p1id=7 p1type=1
hit: step=836 p0id=5 p0type=0 p1id=7 p1type=1
hit: step=837 p0id=5 p0type=0 p1id=7 p1type=1
hit: step=838 p0id=5 p0type=0 p1id=7 p1type=1
hit: step=839 p0id=5 p0type=0 p1id=7 p1type=1
hit: step=840 p0id=5 p0type=0 p1id=7 p1type=1
hit: step=841 p0id=5 p0type=0 p1id=7 p1type=1
hit: step=842 p0id=5 p0type=0 p1id=7 p1type=1
hit: step=843 p0id=5 p0type=0 p1id=7 p1type=1
hit: step=844 p0id=5 p0type=0 p1id=7 p1type=1
hit: step=845 p0id=5 p0type=0 p1id=7 p1type=1
hit: step=846 p0id=5 p0type=0 p1id=7 p1type=1
hit: step=847 p0id=5 p0type=0 p1id=7 p1type=1
hit: step=848 p0id=5 p0type=0 p1id=7 p1type=1
hit: step=849 p0id=5 p0type=0 p1id=7 p1type=1
hit: step=850 p0id=5 p0type=0 p1id=7 p1type=1
hit: step=851 p0id=5 p0type=0 p1id=7 p1type=1
hit: step=852 p0id=5 p0type=0 p1id=7 p1type=1
hit: step=853 p0id=5 p0type=0 p1id=7 p1type=1
hit: step=854 p0id=5 p0type=0 p1id=7 p1type=1
hit: step=855 p0id=5 p0type=0 p1id=7 p1type=1
hit: step=856 p0id=5 p0type=0 p1id=7 p1type=1
hit: step=857 p0id=5 p0type=0 p1id=7 p1type=1
hit: step=858 p0id=5 p0type=0 p1id=7 p1type=1
hit: step=859 p0id=5 p0type=0 p1id=7 p1type=1
hit: step=860 p0id=5 p0type=0 p1id=7 p1type=1
hit: step=861 p0id=5 p0type=0 p1id=7 p1type=1
hit: step=862 p0id=5 p0type=0 p1id=7 p1type=1
hit: step=863 p0id=5 p0type=0 p1id=7 p1type=1
hit: step=864 p0id=5 p0type=0 p1id=7 p1type=1
hit: step=865 p0id=5 p0type=0 p1id=7 p1type=1
hit: step=866 p0id=5 p0type=0 p1id=7 p1type=1
hit: step=867 p0id=5 p0type=0 p1id=7 p1type=1
hit: step=868 p0id=5 p0type=0 p1id=7 p1type=1
hit: step=869 p0id=5 p0type=0 p1id=7 p1type=1
hit: step=870 p0id=5 p0type=0 p1id=7 p1type=1
hit: step=871 p0id=5 p0type=0 p1id=7 p1type=1
hit: step=872 p0id=5 p0type=0 p1id=7 p1type=1
hit: step=873 p0id=5 p0type=0 p1id=7 p1type=1
hit: step=874 p0id=5 p0type=0 p1id=7 p1type=1
hit: step=875 p0id=5 p0type=0 p1id=7 p1type=1
hit: step=876 p0id=5 p0type=0 p1id=7 p1type=1
hit: step=877 p0id=5 p0type=0 p1id=7 p1type=1
hit: step=878 p0id=5 p0type=0 p1id=7 p1type=1
hit: step=879 p0id=5 p0type=0 p1id=7 p1type=1
hit: step=880 p0id=5 p0type=0 p1id=7 p1type=1
hit: step=881 p0id=5 p0type=0 p1id=7 p1type=1
hit: step=882 p0id=5 p0type=0 p1id=7 p1type=1
hit: step=883 p0id=5 p0type=0 p1id=7 p1type=1
hit: step=884 p0id=5 p0type=0 p1id=7 p1type=1
hit: step=885 p0id=5 p0type=0 p1id=7 p1type=1
hit: step=886 p0id=5 p0type=0 p1id=7 p1type=1
hit: step=887 p0id=5 p0type=0 p1id=7 p1type=1
hit: step=888 p0id=5 p0type=0 p1id=7 p1type=1
hit: step=889 p0id=5 p0type=0 p1id=7 p1type=1
hit: step=890 p0id=5 p0type=0 p1id=7 p1type=1
hit: step=891 p0id=5 p0type=0 p1id=7 p1type=1
hit: step=892 p0id=5 p0type=0 p1id=7 p1type=1
hit: step=893 p0id=5 p0type=0 p1id=7 p1type=1
hit: step=894 p0id=5 p0type=0 p1id=7 p1type=1
hit: step=895 p0id=5 p0type=0 p1id=7 p1type=1
hit: step=896 p0id=5 p0type=0 p1id=7 p1type=1
hit: step=897 p0id=5 p0type=0 p1id=7 p1type=1
hit: step=898 p0id=5 p0type=0 p1id=7 p1type=1
hit: step=899 p0id=5 p0type=0 p1id=7 p1type=1
analysis...
899 -> analysis by 0_standard_traj|csv -> traj.csv ...
899 -> analysis by 1_standard_traj|xyz -> traj.xyz ...
899 -> analysis by 2_particleNumbers|csv -> out_particleNumbers.csv ...
899 -> analysis by 3_standardReactionReporting|csv -> out_reactions.csv ...
hit: step=900 p0id=5 p0type=0 p1id=7 p1type=1
hit: step=901 p0id=5 p0type=0 p1id=7 p1type=1
hit: step=902 p0id=5 p0type=0 p1id=7 p1type=1
hit: step=903 p0id=5 p0type=0 p1id=7 p1type=1
hit: step=904 p0id=5 p0type=0 p1id=7 p1type=1
hit: step=905 p0id=5 p0type=0 p1id=7 p1type=1
hit: step=906 p0id=5 p0type=0 p1id=7 p1type=1
hit: step=907 p0id=5 p0type=0 p1id=7 p1type=1
hit: step=908 p0id=5 p0type=0 p1id=7 p1type=1
hit: step=909 p0id=5 p0type=0 p1id=7 p1type=1
hit: step=910 p0id=5 p0type=0 p1id=7 p1type=1
hit: step=911 p0id=5 p0type=0 p1id=7 p1type=1
hit: step=912 p0id=5 p0type=0 p1id=7 p1type=1
hit: step=913 p0id=5 p0type=0 p1id=7 p1type=1
hit: step=914 p0id=5 p0type=0 p1id=7 p1type=1
hit: step=915 p0id=5 p0type=0 p1id=7 p1type=1
hit: step=916 p0id=5 p0type=0 p1id=7 p1type=1
hit: step=917 p0id=5 p0type=0 p1id=7 p1type=1
hit: step=918 p0id=5 p0type=0 p1id=7 p1type=1
hit: step=919 p0id=5 p0type=0 p1id=7 p1type=1
hit: step=920 p0id=5 p0type=0 p1id=7 p1type=1
hit: step=921 p0id=5 p0type=0 p1id=7 p1type=1
hit: step=922 p0id=5 p0type=0 p1id=7 p1type=1
hit: step=923 p0id=5 p0type=0 p1id=7 p1type=1
hit: step=924 p0id=5 p0type=0 p1id=7 p1type=1
hit: step=925 p0id=5 p0type=0 p1id=7 p1type=1
hit: step=926 p0id=5 p0type=0 p1id=7 p1type=1
hit: step=927 p0id=5 p0type=0 p1id=7 p1type=1
hit: step=928 p0id=5 p0type=0 p1id=7 p1type=1
hit: step=929 p0id=5 p0type=0 p1id=7 p1type=1
hit: step=930 p0id=5 p0type=0 p1id=7 p1type=1
hit: step=931 p0id=5 p0type=0 p1id=7 p1type=1
hit: step=932 p0id=5 p0type=0 p1id=7 p1type=1
hit: step=933 p0id=5 p0type=0 p1id=7 p1type=1
hit: step=934 p0id=5 p0type=0 p1id=7 p1type=1
hit: step=935 p0id=5 p0type=0 p1id=7 p1type=1
hit: step=936 p0id=5 p0type=0 p1id=7 p1type=1
hit: step=937 p0id=5 p0type=0 p1id=7 p1type=1
hit: step=938 p0id=5 p0type=0 p1id=7 p1type=1
hit: step=939 p0id=5 p0type=0 p1id=7 p1type=1
hit: step=940 p0id=5 p0type=0 p1id=7 p1type=1
hit: step=941 p0id=5 p0type=0 p1id=7 p1type=1
hit: step=942 p0id=5 p0type=0 p1id=7 p1type=1
hit: step=943 p0id=5 p0type=0 p1id=7 p1type=1
hit: step=944 p0id=5 p0type=0 p1id=7 p1type=1
hit: step=945 p0id=5 p0type=0 p1id=7 p1type=1
hit: step=946 p0id=5 p0type=0 p1id=7 p1type=1
hit: step=947 p0id=5 p0type=0 p1id=7 p1type=1
hit: step=948 p0id=5 p0type=0 p1id=7 p1type=1
hit: step=949 p0id=5 p0type=0 p1id=7 p1type=1
hit: step=950 p0id=5 p0type=0 p1id=7 p1type=1
hit: step=951 p0id=5 p0type=0 p1id=7 p1type=1
hit: step=952 p0id=5 p0type=0 p1id=7 p1type=1
hit: step=953 p0id=5 p0type=0 p1id=7 p1type=1
hit: step=954 p0id=5 p0type=0 p1id=7 p1type=1
hit: step=955 p0id=5 p0type=0 p1id=7 p1type=1
hit: step=963 p0id=5 p0type=0 p1id=7 p1type=1
hit: step=964 p0id=5 p0type=0 p1id=7 p1type=1
hit: step=965 p0id=5 p0type=0 p1id=7 p1type=1
hit: step=966 p0id=5 p0type=0 p1id=7 p1type=1
hit: step=967 p0id=5 p0type=0 p1id=7 p1type=1
analysis...
999 -> analysis by 0_standard_traj|csv -> traj.csv ...
999 -> analysis by 1_standard_traj|xyz -> traj.xyz ...
999 -> analysis by 2_particleNumbers|csv -> out_particleNumbers.csv ...
999 -> analysis by 3_standardReactionReporting|csv -> out_reactions.csv ...

top: 'step 1000'
hit: step=1031 p0id=5 p0type=0 p1id=7 p1type=1
hit: step=1032 p0id=5 p0type=0 p1id=7 p1type=1
hit: step=1033 p0id=5 p0type=0 p1id=7 p1type=1
hit: step=1034 p0id=5 p0type=0 p1id=7 p1type=1
hit: step=1035 p0id=5 p0type=0 p1id=7 p1type=1
hit: step=1064 p0id=5 p0type=0 p1id=7 p1type=1
analysis...
1099 -> analysis by 0_standard_traj|csv -> traj.csv ...
1099 -> analysis by 1_standard_traj|xyz -> traj.xyz ...
1099 -> analysis by 2_particleNumbers|csv -> out_particleNumbers.csv ...
1099 -> analysis by 3_standardReactionReporting|csv -> out_reactions.csv ...
hit: step=1124 p0id=5 p0type=0 p1id=7 p1type=1
hit: step=1125 p0id=5 p0type=0 p1id=7 p1type=1
hit: step=1126 p0id=5 p0type=0 p1id=7 p1type=1
hit: step=1127 p0id=5 p0type=0 p1id=7 p1type=1
hit: step=1128 p0id=5 p0type=0 p1id=7 p1type=1
hit: step=1129 p0id=5 p0type=0 p1id=7 p1type=1
hit: step=1130 p0id=5 p0type=0 p1id=7 p1type=1
hit: step=1131 p0id=5 p0type=0 p1id=7 p1type=1
hit: step=1132 p0id=5 p0type=0 p1id=7 p1type=1
hit: step=1133 p0id=5 p0type=0 p1id=7 p1type=1
hit: step=1134 p0id=5 p0type=0 p1id=7 p1type=1
hit: step=1135 p0id=5 p0type=0 p1id=7 p1type=1
hit: step=1136 p0id=5 p0type=0 p1id=7 p1type=1
hit: step=1137 p0id=5 p0type=0 p1id=7 p1type=1
hit: step=1138 p0id=5 p0type=0 p1id=7 p1type=1
hit: step=1139 p0id=5 p0type=0 p1id=7 p1type=1
hit: step=1140 p0id=5 p0type=0 p1id=7 p1type=1
hit: step=1141 p0id=5 p0type=0 p1id=7 p1type=1
hit: step=1142 p0id=5 p0type=0 p1id=7 p1type=1
hit: step=1143 p0id=5 p0type=0 p1id=7 p1type=1
hit: step=1144 p0id=5 p0type=0 p1id=7 p1type=1
hit: step=1145 p0id=5 p0type=0 p1id=7 p1type=1
hit: step=1146 p0id=5 p0type=0 p1id=7 p1type=1
hit: step=1147 p0id=5 p0type=0 p1id=7 p1type=1
hit: step=1148 p0id=5 p0type=0 p1id=7 p1type=1
hit: step=1149 p0id=5 p0type=0 p1id=7 p1type=1
hit: step=1150 p0id=5 p0type=0 p1id=7 p1type=1
hit: step=1151 p0id=5 p0type=0 p1id=7 p1type=1
hit: step=1152 p0id=5 p0type=0 p1id=7 p1type=1
hit: step=1153 p0id=5 p0type=0 p1id=7 p1type=1
hit: step=1154 p0id=5 p0type=0 p1id=7 p1type=1
hit: step=1155 p0id=5 p0type=0 p1id=7 p1type=1
hit: step=1156 p0id=5 p0type=0 p1id=7 p1type=1
hit: step=1157 p0id=5 p0type=0 p1id=7 p1type=1
hit: step=1158 p0id=5 p0type=0 p1id=7 p1type=1
hit: step=1162 p0id=5 p0type=0 p1id=7 p1type=1
hit: step=1163 p0id=5 p0type=0 p1id=7 p1type=1
hit: step=1165 p0id=5 p0type=0 p1id=7 p1type=1
hit: step=1166 p0id=5 p0type=0 p1id=7 p1type=1
hit: step=1167 p0id=5 p0type=0 p1id=7 p1type=1
hit: step=1168 p0id=5 p0type=0 p1id=7 p1type=1
hit: step=1169 p0id=5 p0type=0 p1id=7 p1type=1
hit: step=1170 p0id=5 p0type=0 p1id=7 p1type=1
hit: step=1171 p0id=5 p0type=0 p1id=7 p1type=1
hit: step=1172 p0id=5 p0type=0 p1id=7 p1type=1
hit: step=1173 p0id=5 p0type=0 p1id=7 p1type=1
hit: step=1174 p0id=5 p0type=0 p1id=7 p1type=1
hit: step=1175 p0id=5 p0type=0 p1id=7 p1type=1
hit: step=1176 p0id=5 p0type=0 p1id=7 p1type=1
hit: step=1177 p0id=5 p0type=0 p1id=7 p1type=1
hit: step=1178 p0id=5 p0type=0 p1id=7 p1type=1
hit: step=1179 p0id=5 p0type=0 p1id=7 p1type=1
hit: step=1180 p0id=5 p0type=0 p1id=7 p1type=1
hit: step=1181 p0id=5 p0type=0 p1id=7 p1type=1
hit: step=1182 p0id=5 p0type=0 p1id=7 p1type=1
hit: step=1183 p0id=5 p0type=0 p1id=7 p1type=1
hit: step=1184 p0id=5 p0type=0 p1id=7 p1type=1
hit: step=1185 p0id=5 p0type=0 p1id=7 p1type=1
hit: step=1186 p0id=5 p0type=0 p1id=7 p1type=1
hit: step=1187 p0id=5 p0type=0 p1id=7 p1type=1
hit: step=1188 p0id=5 p0type=0 p1id=7 p1type=1
hit: step=1189 p0id=5 p0type=0 p1id=7 p1type=1
hit: step=1190 p0id=5 p0type=0 p1id=7 p1type=1
hit: step=1191 p0id=5 p0type=0 p1id=7 p1type=1
hit: step=1192 p0id=5 p0type=0 p1id=7 p1type=1
hit: step=1193 p0id=5 p0type=0 p1id=7 p1type=1
hit: step=1194 p0id=5 p0type=0 p1id=7 p1type=1
hit: step=1195 p0id=5 p0type=0 p1id=7 p1type=1
hit: step=1196 p0id=5 p0type=0 p1id=7 p1type=1
hit: step=1197 p0id=5 p0type=0 p1id=7 p1type=1
hit: step=1198 p0id=5 p0type=0 p1id=7 p1type=1
hit: step=1199 p0id=5 p0type=0 p1id=7 p1type=1
analysis...
1199 -> analysis by 0_standard_traj|csv -> traj.csv ...
1199 -> analysis by 1_standard_traj|xyz -> traj.xyz ...
1199 -> analysis by 2_particleNumbers|csv -> out_particleNumbers.csv ...
1199 -> analysis by 3_standardReactionReporting|csv -> out_reactions.csv ...
hit: step=1200 p0id=5 p0type=0 p1id=7 p1type=1
hit: step=1201 p0id=5 p0type=0 p1id=7 p1type=1
hit: step=1202 p0id=5 p0type=0 p1id=7 p1type=1
hit: step=1203 p0id=5 p0type=0 p1id=7 p1type=1
hit: step=1204 p0id=5 p0type=0 p1id=7 p1type=1
hit: step=1205 p0id=5 p0type=0 p1id=7 p1type=1
hit: step=1206 p0id=5 p0type=0 p1id=7 p1type=1
hit: step=1207 p0id=5 p0type=0 p1id=7 p1type=1
hit: step=1208 p0id=5 p0type=0 p1id=7 p1type=1
hit: step=1209 p0id=5 p0type=0 p1id=7 p1type=1
hit: step=1210 p0id=5 p0type=0 p1id=7 p1type=1
hit: step=1211 p0id=5 p0type=0 p1id=7 p1type=1
hit: step=1212 p0id=5 p0type=0 p1id=7 p1type=1
hit: step=1213 p0id=5 p0type=0 p1id=7 p1type=1
hit: step=1214 p0id=5 p0type=0 p1id=7 p1type=1
hit: step=1215 p0id=5 p0type=0 p1id=7 p1type=1
hit: step=1216 p0id=5 p0type=0 p1id=7 p1type=1
hit: step=1217 p0id=5 p0type=0 p1id=7 p1type=1
hit: step=1218 p0id=5 p0type=0 p1id=7 p1type=1
hit: step=1219 p0id=5 p0type=0 p1id=7 p1type=1
hit: step=1220 p0id=5 p0type=0 p1id=7 p1type=1
hit: step=1221 p0id=5 p0type=0 p1id=7 p1type=1
hit: step=1222 p0id=5 p0type=0 p1id=7 p1type=1
hit: step=1223 p0id=5 p0type=0 p1id=7 p1type=1
hit: step=1224 p0id=5 p0type=0 p1id=7 p1type=1
hit: step=1225 p0id=5 p0type=0 p1id=7 p1type=1
hit: step=1226 p0id=5 p0type=0 p1id=7 p1type=1
hit: step=1227 p0id=5 p0type=0 p1id=7 p1type=1
hit: step=1228 p0id=5 p0type=0 p1id=7 p1type=1
hit: step=1229 p0id=5 p0type=0 p1id=7 p1type=1
hit: step=1230 p0id=5 p0type=0 p1id=7 p1type=1
hit: step=1231 p0id=5 p0type=0 p1id=7 p1type=1
hit: step=1232 p0id=5 p0type=0 p1id=7 p1type=1
hit: step=1233 p0id=5 p0type=0 p1id=7 p1type=1
hit: step=1234 p0id=5 p0type=0 p1id=7 p1type=1
hit: step=1235 p0id=5 p0type=0 p1id=7 p1type=1
hit: step=1236 p0id=5 p0type=0 p1id=7 p1type=1
hit: step=1237 p0id=5 p0type=0 p1id=7 p1type=1
hit: step=1238 p0id=5 p0type=0 p1id=7 p1type=1
hit: step=1239 p0id=5 p0type=0 p1id=7 p1type=1
hit: step=1240 p0id=5 p0type=0 p1id=7 p1type=1
hit: step=1241 p0id=5 p0type=0 p1id=7 p1type=1
hit: step=1242 p0id=5 p0type=0 p1id=7 p1type=1
hit: step=1243 p0id=5 p0type=0 p1id=7 p1type=1
hit: step=1244 p0id=5 p0type=0 p1id=7 p1type=1
hit: step=1245 p0id=5 p0type=0 p1id=7 p1type=1
hit: step=1246 p0id=5 p0type=0 p1id=7 p1type=1
hit: step=1247 p0id=5 p0type=0 p1id=7 p1type=1
hit: step=1248 p0id=5 p0type=0 p1id=7 p1type=1
hit: step=1249 p0id=5 p0type=0 p1id=7 p1type=1
hit: step=1250 p0id=5 p0type=0 p1id=7 p1type=1
hit: step=1251 p0id=5 p0type=0 p1id=7 p1type=1
hit: step=1252 p0id=5 p0type=0 p1id=7 p1type=1
hit: step=1253 p0id=5 p0type=0 p1id=7 p1type=1
hit: step=1254 p0id=5 p0type=0 p1id=7 p1type=1
hit: step=1255 p0id=5 p0type=0 p1id=7 p1type=1
hit: step=1256 p0id=5 p0type=0 p1id=7 p1type=1
hit: step=1257 p0id=5 p0type=0 p1id=7 p1type=1
hit: step=1258 p0id=5 p0type=0 p1id=7 p1type=1
hit: step=1259 p0id=5 p0type=0 p1id=7 p1type=1
hit: step=1260 p0id=5 p0type=0 p1id=7 p1type=1
hit: step=1261 p0id=5 p0type=0 p1id=7 p1type=1
hit: step=1262 p0id=5 p0type=0 p1id=7 p1type=1
hit: step=1263 p0id=5 p0type=0 p1id=7 p1type=1
hit: step=1264 p0id=5 p0type=0 p1id=7 p1type=1
hit: step=1265 p0id=5 p0type=0 p1id=7 p1type=1
hit: step=1266 p0id=5 p0type=0 p1id=7 p1type=1
hit: step=1267 p0id=5 p0type=0 p1id=7 p1type=1
hit: step=1268 p0id=5 p0type=0 p1id=7 p1type=1
hit: step=1269 p0id=5 p0type=0 p1id=7 p1type=1
hit: step=1270 p0id=5 p0type=0 p1id=7 p1type=1
hit: step=1271 p0id=5 p0type=0 p1id=7 p1type=1
hit: step=1272 p0id=5 p0type=0 p1id=7 p1type=1
hit: step=1273 p0id=5 p0type=0 p1id=7 p1type=1
hit: step=1274 p0id=5 p0type=0 p1id=7 p1type=1
hit: step=1275 p0id=5 p0type=0 p1id=7 p1type=1
hit: step=1276 p0id=5 p0type=0 p1id=7 p1type=1
hit: step=1277 p0id=5 p0type=0 p1id=7 p1type=1
hit: step=1278 p0id=5 p0type=0 p1id=7 p1type=1
hit: step=1279 p0id=5 p0type=0 p1id=7 p1type=1
hit: step=1280 p0id=5 p0type=0 p1id=7 p1type=1
hit: step=1281 p0id=5 p0type=0 p1id=7 p1type=1
hit: step=1282 p0id=5 p0type=0 p1id=7 p1type=1
hit: step=1283 p0id=5 p0type=0 p1id=7 p1type=1
hit: step=1284 p0id=5 p0type=0 p1id=7 p1type=1
hit: step=1285 p0id=5 p0type=0 p1id=7 p1type=1
hit: step=1286 p0id=5 p0type=0 p1id=7 p1type=1
hit: step=1287 p0id=5 p0type=0 p1id=7 p1type=1
hit: step=1288 p0id=5 p0type=0 p1id=7 p1type=1
hit: step=1289 p0id=5 p0type=0 p1id=7 p1type=1
hit: step=1290 p0id=5 p0type=0 p1id=7 p1type=1
hit: step=1291 p0id=5 p0type=0 p1id=7 p1type=1
hit: step=1292 p0id=5 p0type=0 p1id=7 p1type=1
hit: step=1293 p0id=5 p0type=0 p1id=7 p1type=1
hit: step=1294 p0id=5 p0type=0 p1id=7 p1type=1
hit: step=1295 p0id=5 p0type=0 p1id=7 p1type=1
hit: step=1296 p0id=5 p0type=0 p1id=7 p1type=1
hit: step=1297 p0id=5 p0type=0 p1id=7 p1type=1
hit: step=1298 p0id=5 p0type=0 p1id=7 p1type=1
hit: step=1299 p0id=5 p0type=0 p1id=7 p1type=1
analysis...
1299 -> analysis by 0_standard_traj|csv -> traj.csv ...
1299 -> analysis by 1_standard_traj|xyz -> traj.xyz ...
1299 -> analysis by 2_particleNumbers|csv -> out_particleNumbers.csv ...
1299 -> analysis by 3_standardReactionReporting|csv -> out_reactions.csv ...
hit: step=1300 p0id=5 p0type=0 p1id=7 p1type=1
hit: step=1301 p0id=5 p0type=0 p1id=7 p1type=1
hit: step=1302 p0id=5 p0type=0 p1id=7 p1type=1
hit: step=1303 p0id=5 p0type=0 p1id=7 p1type=1
hit: step=1304 p0id=5 p0type=0 p1id=7 p1type=1
hit: step=1305 p0id=5 p0type=0 p1id=7 p1type=1
hit: step=1306 p0id=5 p0type=0 p1id=7 p1type=1
hit: step=1307 p0id=5 p0type=0 p1id=7 p1type=1
hit: step=1308 p0id=5 p0type=0 p1id=7 p1type=1
hit: step=1309 p0id=5 p0type=0 p1id=7 p1type=1
hit: step=1310 p0id=5 p0type=0 p1id=7 p1type=1
hit: step=1311 p0id=5 p0type=0 p1id=7 p1type=1
hit: step=1312 p0id=5 p0type=0 p1id=7 p1type=1
hit: step=1313 p0id=5 p0type=0 p1id=7 p1type=1
hit: step=1314 p0id=5 p0type=0 p1id=7 p1type=1
hit: step=1315 p0id=5 p0type=0 p1id=7 p1type=1
hit: step=1316 p0id=5 p0type=0 p1id=7 p1type=1
hit: step=1317 p0id=5 p0type=0 p1id=7 p1type=1
hit: step=1318 p0id=5 p0type=0 p1id=7 p1type=1
hit: step=1319 p0id=5 p0type=0 p1id=7 p1type=1
hit: step=1320 p0id=5 p0type=0 p1id=7 p1type=1
hit: step=1321 p0id=5 p0type=0 p1id=7 p1type=1
hit: step=1322 p0id=5 p0type=0 p1id=7 p1type=1
hit: step=1323 p0id=5 p0type=0 p1id=7 p1type=1
hit: step=1324 p0id=5 p0type=0 p1id=7 p1type=1
hit: step=1325 p0id=5 p0type=0 p1id=7 p1type=1
hit: step=1326 p0id=5 p0type=0 p1id=7 p1type=1
hit: step=1327 p0id=5 p0type=0 p1id=7 p1type=1
hit: step=1328 p0id=5 p0type=0 p1id=7 p1type=1
hit: step=1329 p0id=5 p0type=0 p1id=7 p1type=1
hit: step=1330 p0id=5 p0type=0 p1id=7 p1type=1
hit: step=1334 p0id=5 p0type=0 p1id=7 p1type=1
analysis...
1399 -> analysis by 0_standard_traj|csv -> traj.csv ...
1399 -> analysis by 1_standard_traj|xyz -> traj.xyz ...
1399 -> analysis by 2_particleNumbers|csv -> out_particleNumbers.csv ...
1399 -> analysis by 3_standardReactionReporting|csv -> out_reactions.csv ...
hit: step=1423 p0id=5 p0type=0 p1id=7 p1type=1
hit: step=1431 p0id=5 p0type=0 p1id=7 p1type=1
hit: step=1434 p0id=5 p0type=0 p1id=7 p1type=1
hit: step=1436 p0id=5 p0type=0 p1id=7 p1type=1
hit: step=1443 p0id=5 p0type=0 p1id=7 p1type=1
hit: step=1444 p0id=5 p0type=0 p1id=7 p1type=1
hit: step=1445 p0id=5 p0type=0 p1id=7 p1type=1
hit: step=1446 p0id=5 p0type=0 p1id=7 p1type=1
hit: step=1447 p0id=5 p0type=0 p1id=7 p1type=1
hit: step=1448 p0id=5 p0type=0 p1id=7 p1type=1
hit: step=1449 p0id=5 p0type=0 p1id=7 p1type=1
hit: step=1450 p0id=5 p0type=0 p1id=7 p1type=1
hit: step=1451 p0id=5 p0type=0 p1id=7 p1type=1
hit: step=1452 p0id=5 p0type=0 p1id=7 p1type=1
hit: step=1453 p0id=5 p0type=0 p1id=7 p1type=1
hit: step=1454 p0id=5 p0type=0 p1id=7 p1type=1
hit: step=1455 p0id=5 p0type=0 p1id=7 p1type=1
hit: step=1456 p0id=5 p0type=0 p1id=7 p1type=1
hit: step=1457 p0id=5 p0type=0 p1id=7 p1type=1
hit: step=1458 p0id=5 p0type=0 p1id=7 p1type=1
hit: step=1459 p0id=5 p0type=0 p1id=7 p1type=1
hit: step=1460 p0id=5 p0type=0 p1id=7 p1type=1
hit: step=1461 p0id=5 p0type=0 p1id=7 p1type=1
hit: step=1462 p0id=5 p0type=0 p1id=7 p1type=1
hit: step=1463 p0id=5 p0type=0 p1id=7 p1type=1
hit: step=1464 p0id=5 p0type=0 p1id=7 p1type=1
hit: step=1465 p0id=5 p0type=0 p1id=7 p1type=1
hit: step=1466 p0id=5 p0type=0 p1id=7 p1type=1
hit: step=1467 p0id=5 p0type=0 p1id=7 p1type=1
hit: step=1468 p0id=5 p0type=0 p1id=7 p1type=1
hit: step=1469 p0id=5 p0type=0 p1id=7 p1type=1
hit: step=1470 p0id=5 p0type=0 p1id=7 p1type=1
hit: step=1471 p0id=5 p0type=0 p1id=7 p1type=1
hit: step=1472 p0id=5 p0type=0 p1id=7 p1type=1
hit: step=1473 p0id=5 p0type=0 p1id=7 p1type=1
hit: step=1474 p0id=5 p0type=0 p1id=7 p1type=1
hit: step=1475 p0id=5 p0type=0 p1id=7 p1type=1
hit: step=1476 p0id=5 p0type=0 p1id=7 p1type=1
hit: step=1477 p0id=5 p0type=0 p1id=7 p1type=1
hit: step=1478 p0id=5 p0type=0 p1id=7 p1type=1
hit: step=1479 p0id=5 p0type=0 p1id=7 p1type=1
hit: step=1482 p0id=5 p0type=0 p1id=7 p1type=1
hit: step=1483 p0id=5 p0type=0 p1id=7 p1type=1
hit: step=1484 p0id=5 p0type=0 p1id=7 p1type=1
hit: step=1485 p0id=5 p0type=0 p1id=7 p1type=1
hit: step=1486 p0id=5 p0type=0 p1id=7 p1type=1
analysis...
1499 -> analysis by 0_standard_traj|csv -> traj.csv ...
1499 -> analysis by 1_standard_traj|xyz -> traj.xyz ...
1499 -> analysis by 2_particleNumbers|csv -> out_particleNumbers.csv ...
1499 -> analysis by 3_standardReactionReporting|csv -> out_reactions.csv ...
analysis...
1599 -> analysis by 0_standard_traj|csv -> traj.csv ...
1599 -> analysis by 1_standard_traj|xyz -> traj.xyz ...
1599 -> analysis by 2_particleNumbers|csv -> out_particleNumbers.csv ...
1599 -> analysis by 3_standardReactionReporting|csv -> out_reactions.csv ...
analysis...
1699 -> analysis by 0_standard_traj|csv -> traj.csv ...
1699 -> analysis by 1_standard_traj|xyz -> traj.xyz ...
1699 -> analysis by 2_particleNumbers|csv -> out_particleNumbers.csv ...
1699 -> analysis by 3_standardReactionReporting|csv -> out_reactions.csv ...
hit: step=1776 p0id=5 p0type=0 p1id=7 p1type=1
hit: step=1777 p0id=5 p0type=0 p1id=7 p1type=1
hit: step=1778 p0id=5 p0type=0 p1id=7 p1type=1
hit: step=1779 p0id=5 p0type=0 p1id=7 p1type=1
hit: step=1780 p0id=5 p0type=0 p1id=7 p1type=1
hit: step=1781 p0id=5 p0type=0 p1id=7 p1type=1
hit: step=1782 p0id=5 p0type=0 p1id=7 p1type=1
hit: step=1783 p0id=5 p0type=0 p1id=7 p1type=1
hit: step=1784 p0id=5 p0type=0 p1id=7 p1type=1
hit: step=1785 p0id=5 p0type=0 p1id=7 p1type=1
hit: step=1786 p0id=5 p0type=0 p1id=7 p1type=1
hit: step=1787 p0id=5 p0type=0 p1id=7 p1type=1
hit: step=1788 p0id=5 p0type=0 p1id=7 p1type=1
hit: step=1789 p0id=5 p0type=0 p1id=7 p1type=1
hit: step=1790 p0id=5 p0type=0 p1id=7 p1type=1
hit: step=1791 p0id=5 p0type=0 p1id=7 p1type=1
hit: step=1792 p0id=5 p0type=0 p1id=7 p1type=1
hit: step=1793 p0id=5 p0type=0 p1id=7 p1type=1
hit: step=1794 p0id=5 p0type=0 p1id=7 p1type=1
hit: step=1795 p0id=5 p0type=0 p1id=7 p1type=1
hit: step=1796 p0id=5 p0type=0 p1id=7 p1type=1
hit: step=1797 p0id=5 p0type=0 p1id=7 p1type=1
hit: step=1798 p0id=5 p0type=0 p1id=7 p1type=1
hit: step=1799 p0id=5 p0type=0 p1id=7 p1type=1
analysis...
1799 -> analysis by 0_standard_traj|csv -> traj.csv ...
1799 -> analysis by 1_standard_traj|xyz -> traj.xyz ...
1799 -> analysis by 2_particleNumbers|csv -> out_particleNumbers.csv ...
1799 -> analysis by 3_standardReactionReporting|csv -> out_reactions.csv ...
hit: step=1800 p0id=5 p0type=0 p1id=7 p1type=1
hit: step=1802 p0id=5 p0type=0 p1id=7 p1type=1
hit: step=1803 p0id=5 p0type=0 p1id=7 p1type=1
hit: step=1805 p0id=5 p0type=0 p1id=7 p1type=1
hit: step=1810 p0id=5 p0type=0 p1id=7 p1type=1
hit: step=1811 p0id=5 p0type=0 p1id=7 p1type=1
hit: step=1813 p0id=5 p0type=0 p1id=7 p1type=1
hit: step=1814 p0id=5 p0type=0 p1id=7 p1type=1
hit: step=1816 p0id=5 p0type=0 p1id=7 p1type=1
hit: step=1819 p0id=5 p0type=0 p1id=7 p1type=1
hit: step=1820 p0id=5 p0type=0 p1id=7 p1type=1
hit: step=1821 p0id=5 p0type=0 p1id=7 p1type=1
hit: step=1822 p0id=5 p0type=0 p1id=7 p1type=1
hit: step=1823 p0id=5 p0type=0 p1id=7 p1type=1
hit: step=1824 p0id=5 p0type=0 p1id=7 p1type=1
hit: step=1825 p0id=5 p0type=0 p1id=7 p1type=1
hit: step=1826 p0id=5 p0type=0 p1id=7 p1type=1
hit: step=1827 p0id=5 p0type=0 p1id=7 p1type=1
hit: step=1828 p0id=5 p0type=0 p1id=7 p1type=1
hit: step=1829 p0id=5 p0type=0 p1id=7 p1type=1
hit: step=1831 p0id=5 p0type=0 p1id=7 p1type=1
hit: step=1832 p0id=5 p0type=0 p1id=7 p1type=1
hit: step=1833 p0id=5 p0type=0 p1id=7 p1type=1
hit: step=1834 p0id=5 p0type=0 p1id=7 p1type=1
hit: step=1835 p0id=5 p0type=0 p1id=7 p1type=1
hit: step=1836 p0id=5 p0type=0 p1id=7 p1type=1
hit: step=1837 p0id=5 p0type=0 p1id=7 p1type=1
hit: step=1838 p0id=5 p0type=0 p1id=7 p1type=1
hit: step=1839 p0id=5 p0type=0 p1id=7 p1type=1
hit: step=1840 p0id=5 p0type=0 p1id=7 p1type=1
hit: step=1841 p0id=5 p0type=0 p1id=7 p1type=1
hit: step=1842 p0id=5 p0type=0 p1id=7 p1type=1
hit: step=1843 p0id=5 p0type=0 p1id=7 p1type=1
hit: step=1844 p0id=5 p0type=0 p1id=7 p1type=1
hit: step=1845 p0id=5 p0type=0 p1id=7 p1type=1
hit: step=1846 p0id=5 p0type=0 p1id=7 p1type=1
hit: step=1847 p0id=5 p0type=0 p1id=7 p1type=1
hit: step=1848 p0id=5 p0type=0 p1id=7 p1type=1
hit: step=1849 p0id=5 p0type=0 p1id=7 p1type=1
hit: step=1850 p0id=5 p0type=0 p1id=7 p1type=1
hit: step=1851 p0id=5 p0type=0 p1id=7 p1type=1
hit: step=1852 p0id=5 p0type=0 p1id=7 p1type=1
hit: step=1853 p0id=5 p0type=0 p1id=7 p1type=1
hit: step=1854 p0id=5 p0type=0 p1id=7 p1type=1
hit: step=1855 p0id=5 p0type=0 p1id=7 p1type=1
hit: step=1856 p0id=5 p0type=0 p1id=7 p1type=1
hit: step=1857 p0id=5 p0type=0 p1id=7 p1type=1
hit: step=1858 p0id=5 p0type=0 p1id=7 p1type=1
hit: step=1859 p0id=5 p0type=0 p1id=7 p1type=1
hit: step=1860 p0id=5 p0type=0 p1id=7 p1type=1
hit: step=1861 p0id=5 p0type=0 p1id=7 p1type=1
hit: step=1862 p0id=5 p0type=0 p1id=7 p1type=1
hit: step=1863 p0id=5 p0type=0 p1id=7 p1type=1
hit: step=1864 p0id=5 p0type=0 p1id=7 p1type=1
hit: step=1865 p0id=5 p0type=0 p1id=7 p1type=1
hit: step=1866 p0id=5 p0type=0 p1id=7 p1type=1
hit: step=1867 p0id=5 p0type=0 p1id=7 p1type=1
hit: step=1868 p0id=5 p0type=0 p1id=7 p1type=1
hit: step=1869 p0id=5 p0type=0 p1id=7 p1type=1
hit: step=1870 p0id=5 p0type=0 p1id=7 p1type=1
hit: step=1871 p0id=5 p0type=0 p1id=7 p1type=1
hit: step=1872 p0id=5 p0type=0 p1id=7 p1type=1
hit: step=1873 p0id=5 p0type=0 p1id=7 p1type=1
hit: step=1874 p0id=5 p0type=0 p1id=7 p1type=1
hit: step=1875 p0id=5 p0type=0 p1id=7 p1type=1
hit: step=1876 p0id=5 p0type=0 p1id=7 p1type=1
hit: step=1877 p0id=5 p0type=0 p1id=7 p1type=1
hit: step=1878 p0id=5 p0type=0 p1id=7 p1type=1
hit: step=1879 p0id=5 p0type=0 p1id=7 p1type=1
hit: step=1880 p0id=5 p0type=0 p1id=7 p1type=1
hit: step=1881 p0id=5 p0type=0 p1id=7 p1type=1
hit: step=1884 p0id=5 p0type=0 p1id=7 p1type=1
hit: step=1885 p0id=5 p0type=0 p1id=7 p1type=1
analysis...
1899 -> analysis by 0_standard_traj|csv -> traj.csv ...
1899 -> analysis by 1_standard_traj|xyz -> traj.xyz ...
1899 -> analysis by 2_particleNumbers|csv -> out_particleNumbers.csv ...
1899 -> analysis by 3_standardReactionReporting|csv -> out_reactions.csv ...
analysis...
1999 -> analysis by 0_standard_traj|csv -> traj.csv ...
1999 -> analysis by 1_standard_traj|xyz -> traj.xyz ...
1999 -> analysis by 2_particleNumbers|csv -> out_particleNumbers.csv ...
1999 -> analysis by 3_standardReactionReporting|csv -> out_reactions.csv ...

top: 'step 2000'
analysis...
2099 -> analysis by 0_standard_traj|csv -> traj.csv ...
2099 -> analysis by 1_standard_traj|xyz -> traj.xyz ...
2099 -> analysis by 2_particleNumbers|csv -> out_particleNumbers.csv ...
2099 -> analysis by 3_standardReactionReporting|csv -> out_reactions.csv ...
analysis...
2199 -> analysis by 0_standard_traj|csv -> traj.csv ...
2199 -> analysis by 1_standard_traj|xyz -> traj.xyz ...
2199 -> analysis by 2_particleNumbers|csv -> out_particleNumbers.csv ...
2199 -> analysis by 3_standardReactionReporting|csv -> out_reactions.csv ...
analysis...
2299 -> analysis by 0_standard_traj|csv -> traj.csv ...
2299 -> analysis by 1_standard_traj|xyz -> traj.xyz ...
2299 -> analysis by 2_particleNumbers|csv -> out_particleNumbers.csv ...
2299 -> analysis by 3_standardReactionReporting|csv -> out_reactions.csv ...
hit: step=2348 p0id=5 p0type=0 p1id=7 p1type=1
hit: step=2349 p0id=5 p0type=0 p1id=7 p1type=1
hit: step=2350 p0id=5 p0type=0 p1id=7 p1type=1
hit: step=2351 p0id=5 p0type=0 p1id=7 p1type=1
hit: step=2352 p0id=5 p0type=0 p1id=7 p1type=1
hit: step=2353 p0id=5 p0type=0 p1id=7 p1type=1
hit: step=2359 p0id=5 p0type=0 p1id=7 p1type=1
hit: step=2360 p0id=5 p0type=0 p1id=7 p1type=1
hit: step=2378 p0id=5 p0type=0 p1id=7 p1type=1
analysis...
2399 -> analysis by 0_standard_traj|csv -> traj.csv ...
2399 -> analysis by 1_standard_traj|xyz -> traj.xyz ...
2399 -> analysis by 2_particleNumbers|csv -> out_particleNumbers.csv ...
2399 -> analysis by 3_standardReactionReporting|csv -> out_reactions.csv ...
hit: step=2455 p0id=5 p0type=0 p1id=7 p1type=1
hit: step=2456 p0id=5 p0type=0 p1id=7 p1type=1
hit: step=2457 p0id=5 p0type=0 p1id=7 p1type=1
hit: step=2458 p0id=5 p0type=0 p1id=7 p1type=1
hit: step=2459 p0id=5 p0type=0 p1id=7 p1type=1
hit: step=2460 p0id=5 p0type=0 p1id=7 p1type=1
hit: step=2461 p0id=5 p0type=0 p1id=7 p1type=1
hit: step=2462 p0id=5 p0type=0 p1id=7 p1type=1
hit: step=2463 p0id=5 p0type=0 p1id=7 p1type=1
hit: step=2464 p0id=5 p0type=0 p1id=7 p1type=1
hit: step=2465 p0id=5 p0type=0 p1id=7 p1type=1
hit: step=2466 p0id=5 p0type=0 p1id=7 p1type=1
hit: step=2467 p0id=5 p0type=0 p1id=7 p1type=1
hit: step=2468 p0id=5 p0type=0 p1id=7 p1type=1
hit: step=2469 p0id=5 p0type=0 p1id=7 p1type=1
hit: step=2470 p0id=5 p0type=0 p1id=7 p1type=1
hit: step=2471 p0id=5 p0type=0 p1id=7 p1type=1
hit: step=2472 p0id=5 p0type=0 p1id=7 p1type=1
hit: step=2473 p0id=5 p0type=0 p1id=7 p1type=1
hit: step=2474 p0id=5 p0type=0 p1id=7 p1type=1
hit: step=2475 p0id=5 p0type=0 p1id=7 p1type=1
hit: step=2476 p0id=5 p0type=0 p1id=7 p1type=1
hit: step=2477 p0id=5 p0type=0 p1id=7 p1type=1
hit: step=2478 p0id=5 p0type=0 p1id=7 p1type=1
hit: step=2479 p0id=5 p0type=0 p1id=7 p1type=1
hit: step=2480 p0id=5 p0type=0 p1id=7 p1type=1
hit: step=2481 p0id=5 p0type=0 p1id=7 p1type=1
hit: step=2482 p0id=5 p0type=0 p1id=7 p1type=1
hit: step=2483 p0id=5 p0type=0 p1id=7 p1type=1
hit: step=2484 p0id=5 p0type=0 p1id=7 p1type=1
hit: step=2485 p0id=5 p0type=0 p1id=7 p1type=1
hit: step=2486 p0id=5 p0type=0 p1id=7 p1type=1
hit: step=2487 p0id=5 p0type=0 p1id=7 p1type=1
hit: step=2488 p0id=5 p0type=0 p1id=7 p1type=1
hit: step=2489 p0id=5 p0type=0 p1id=7 p1type=1
hit: step=2490 p0id=5 p0type=0 p1id=7 p1type=1
hit: step=2491 p0id=5 p0type=0 p1id=7 p1type=1
hit: step=2492 p0id=5 p0type=0 p1id=7 p1type=1
hit: step=2493 p0id=5 p0type=0 p1id=7 p1type=1
hit: step=2494 p0id=5 p0type=0 p1id=7 p1type=1
hit: step=2495 p0id=5 p0type=0 p1id=7 p1type=1
hit: step=2496 p0id=5 p0type=0 p1id=7 p1type=1
hit: step=2497 p0id=5 p0type=0 p1id=7 p1type=1
hit: step=2498 p0id=5 p0type=0 p1id=7 p1type=1
hit: step=2499 p0id=5 p0type=0 p1id=7 p1type=1
analysis...
2499 -> analysis by 0_standard_traj|csv -> traj.csv ...
2499 -> analysis by 1_standard_traj|xyz -> traj.xyz ...
2499 -> analysis by 2_particleNumbers|csv -> out_particleNumbers.csv ...
2499 -> analysis by 3_standardReactionReporting|csv -> out_reactions.csv ...
hit: step=2500 p0id=5 p0type=0 p1id=7 p1type=1
hit: step=2501 p0id=5 p0type=0 p1id=7 p1type=1
hit: step=2502 p0id=5 p0type=0 p1id=7 p1type=1
hit: step=2503 p0id=5 p0type=0 p1id=7 p1type=1
hit: step=2504 p0id=5 p0type=0 p1id=7 p1type=1
hit: step=2505 p0id=5 p0type=0 p1id=7 p1type=1
hit: step=2506 p0id=5 p0type=0 p1id=7 p1type=1
hit: step=2507 p0id=5 p0type=0 p1id=7 p1type=1
hit: step=2508 p0id=5 p0type=0 p1id=7 p1type=1
hit: step=2509 p0id=5 p0type=0 p1id=7 p1type=1
hit: step=2510 p0id=5 p0type=0 p1id=7 p1type=1
hit: step=2511 p0id=5 p0type=0 p1id=7 p1type=1
hit: step=2512 p0id=5 p0type=0 p1id=7 p1type=1
hit: step=2513 p0id=5 p0type=0 p1id=7 p1type=1
hit: step=2514 p0id=5 p0type=0 p1id=7 p1type=1
hit: step=2515 p0id=5 p0type=0 p1id=7 p1type=1
hit: step=2516 p0id=5 p0type=0 p1id=7 p1type=1
hit: step=2517 p0id=5 p0type=0 p1id=7 p1type=1
hit: step=2518 p0id=5 p0type=0 p1id=7 p1type=1
hit: step=2519 p0id=5 p0type=0 p1id=7 p1type=1
hit: step=2520 p0id=5 p0type=0 p1id=7 p1type=1
hit: step=2521 p0id=5 p0type=0 p1id=7 p1type=1
hit: step=2522 p0id=5 p0type=0 p1id=7 p1type=1
hit: step=2523 p0id=5 p0type=0 p1id=7 p1type=1
hit: step=2524 p0id=5 p0type=0 p1id=7 p1type=1
hit: step=2525 p0id=5 p0type=0 p1id=7 p1type=1
hit: step=2526 p0id=5 p0type=0 p1id=7 p1type=1
hit: step=2527 p0id=5 p0type=0 p1id=7 p1type=1
hit: step=2528 p0id=5 p0type=0 p1id=7 p1type=1
hit: step=2529 p0id=5 p0type=0 p1id=7 p1type=1
hit: step=2530 p0id=5 p0type=0 p1id=7 p1type=1
hit: step=2531 p0id=5 p0type=0 p1id=7 p1type=1
hit: step=2532 p0id=5 p0type=0 p1id=7 p1type=1
hit: step=2533 p0id=5 p0type=0 p1id=7 p1type=1
hit: step=2534 p0id=5 p0type=0 p1id=7 p1type=1
hit: step=2535 p0id=5 p0type=0 p1id=7 p1type=1
hit: step=2536 p0id=5 p0type=0 p1id=7 p1type=1
hit: step=2537 p0id=5 p0type=0 p1id=7 p1type=1
hit: step=2538 p0id=5 p0type=0 p1id=7 p1type=1
hit: step=2539 p0id=5 p0type=0 p1id=7 p1type=1
hit: step=2540 p0id=5 p0type=0 p1id=7 p1type=1
hit: step=2541 p0id=5 p0type=0 p1id=7 p1type=1
hit: step=2542 p0id=5 p0type=0 p1id=7 p1type=1
hit: step=2543 p0id=5 p0type=0 p1id=7 p1type=1
hit: step=2544 p0id=5 p0type=0 p1id=7 p1type=1
hit: step=2545 p0id=5 p0type=0 p1id=7 p1type=1
hit: step=2546 p0id=5 p0type=0 p1id=7 p1type=1
hit: step=2547 p0id=5 p0type=0 p1id=7 p1type=1
hit: step=2548 p0id=5 p0type=0 p1id=7 p1type=1
analysis...
2599 -> analysis by 0_standard_traj|csv -> traj.csv ...
2599 -> analysis by 1_standard_traj|xyz -> traj.xyz ...
2599 -> analysis by 2_particleNumbers|csv -> out_particleNumbers.csv ...
2599 -> analysis by 3_standardReactionReporting|csv -> out_reactions.csv ...
analysis...
2699 -> analysis by 0_standard_traj|csv -> traj.csv ...
2699 -> analysis by 1_standard_traj|xyz -> traj.xyz ...
2699 -> analysis by 2_particleNumbers|csv -> out_particleNumbers.csv ...
2699 -> analysis by 3_standardReactionReporting|csv -> out_reactions.csv ...
analysis...
2799 -> analysis by 0_standard_traj|csv -> traj.csv ...
2799 -> analysis by 1_standard_traj|xyz -> traj.xyz ...
2799 -> analysis by 2_particleNumbers|csv -> out_particleNumbers.csv ...
2799 -> analysis by 3_standardReactionReporting|csv -> out_reactions.csv ...
analysis...
2899 -> analysis by 0_standard_traj|csv -> traj.csv ...
2899 -> analysis by 1_standard_traj|xyz -> traj.xyz ...
2899 -> analysis by 2_particleNumbers|csv -> out_particleNumbers.csv ...
2899 -> analysis by 3_standardReactionReporting|csv -> out_reactions.csv ...
analysis...
2999 -> analysis by 0_standard_traj|csv -> traj.csv ...
2999 -> analysis by 1_standard_traj|xyz -> traj.xyz ...
2999 -> analysis by 2_particleNumbers|csv -> out_particleNumbers.csv ...
2999 -> analysis by 3_standardReactionReporting|csv -> out_reactions.csv ...

top: 'step 3000'
analysis...
3099 -> analysis by 0_standard_traj|csv -> traj.csv ...
3099 -> analysis by 1_standard_traj|xyz -> traj.xyz ...
3099 -> analysis by 2_particleNumbers|csv -> out_particleNumbers.csv ...
3099 -> analysis by 3_standardReactionReporting|csv -> out_reactions.csv ...
hit: step=3172 p0id=5 p0type=0 p1id=7 p1type=1
hit: step=3173 p0id=5 p0type=0 p1id=7 p1type=1
hit: step=3174 p0id=5 p0type=0 p1id=7 p1type=1
hit: step=3175 p0id=5 p0type=0 p1id=7 p1type=1
hit: step=3176 p0id=5 p0type=0 p1id=7 p1type=1
hit: step=3177 p0id=5 p0type=0 p1id=7 p1type=1
hit: step=3178 p0id=5 p0type=0 p1id=7 p1type=1
hit: step=3179 p0id=5 p0type=0 p1id=7 p1type=1
hit: step=3180 p0id=5 p0type=0 p1id=7 p1type=1
hit: step=3181 p0id=5 p0type=0 p1id=7 p1type=1
hit: step=3182 p0id=5 p0type=0 p1id=7 p1type=1
hit: step=3183 p0id=5 p0type=0 p1id=7 p1type=1
hit: step=3184 p0id=5 p0type=0 p1id=7 p1type=1
hit: step=3193 p0id=5 p0type=0 p1id=7 p1type=1
hit: step=3194 p0id=5 p0type=0 p1id=7 p1type=1
hit: step=3195 p0id=5 p0type=0 p1id=7 p1type=1
analysis...
3199 -> analysis by 0_standard_traj|csv -> traj.csv ...
3199 -> analysis by 1_standard_traj|xyz -> traj.xyz ...
3199 -> analysis by 2_particleNumbers|csv -> out_particleNumbers.csv ...
3199 -> analysis by 3_standardReactionReporting|csv -> out_reactions.csv ...
hit: step=3204 p0id=5 p0type=0 p1id=7 p1type=1
hit: step=3205 p0id=5 p0type=0 p1id=7 p1type=1
hit: step=3206 p0id=5 p0type=0 p1id=7 p1type=1
hit: step=3207 p0id=5 p0type=0 p1id=7 p1type=1
hit: step=3208 p0id=5 p0type=0 p1id=7 p1type=1
hit: step=3209 p0id=5 p0type=0 p1id=7 p1type=1
hit: step=3210 p0id=5 p0type=0 p1id=7 p1type=1
hit: step=3211 p0id=5 p0type=0 p1id=7 p1type=1
hit: step=3212 p0id=5 p0type=0 p1id=7 p1type=1
hit: step=3213 p0id=5 p0type=0 p1id=7 p1type=1
hit: step=3214 p0id=5 p0type=0 p1id=7 p1type=1
hit: step=3215 p0id=5 p0type=0 p1id=7 p1type=1
hit: step=3216 p0id=5 p0type=0 p1id=7 p1type=1
hit: step=3217 p0id=5 p0type=0 p1id=7 p1type=1
hit: step=3218 p0id=5 p0type=0 p1id=7 p1type=1
hit: step=3219 p0id=5 p0type=0 p1id=7 p1type=1
hit: step=3220 p0id=5 p0type=0 p1id=7 p1type=1
hit: step=3221 p0id=5 p0type=0 p1id=7 p1type=1
hit: step=3222 p0id=5 p0type=0 p1id=7 p1type=1
hit: step=3223 p0id=5 p0type=0 p1id=7 p1type=1
hit: step=3224 p0id=5 p0type=0 p1id=7 p1type=1
hit: step=3225 p0id=5 p0type=0 p1id=7 p1type=1
hit: step=3226 p0id=5 p0type=0 p1id=7 p1type=1
hit: step=3227 p0id=5 p0type=0 p1id=7 p1type=1
hit: step=3228 p0id=5 p0type=0 p1id=7 p1type=1
hit: step=3229 p0id=5 p0type=0 p1id=7 p1type=1
hit: step=3230 p0id=5 p0type=0 p1id=7 p1type=1
hit: step=3231 p0id=5 p0type=0 p1id=7 p1type=1
hit: step=3232 p0id=5 p0type=0 p1id=7 p1type=1
hit: step=3233 p0id=5 p0type=0 p1id=7 p1type=1
hit: step=3234 p0id=5 p0type=0 p1id=7 p1type=1
hit: step=3235 p0id=5 p0type=0 p1id=7 p1type=1
hit: step=3236 p0id=5 p0type=0 p1id=7 p1type=1
hit: step=3237 p0id=5 p0type=0 p1id=7 p1type=1
hit: step=3238 p0id=5 p0type=0 p1id=7 p1type=1
hit: step=3239 p0id=5 p0type=0 p1id=7 p1type=1
hit: step=3240 p0id=5 p0type=0 p1id=7 p1type=1
hit: step=3241 p0id=5 p0type=0 p1id=7 p1type=1
hit: step=3242 p0id=5 p0type=0 p1id=7 p1type=1
hit: step=3243 p0id=5 p0type=0 p1id=7 p1type=1
hit: step=3251 p0id=5 p0type=0 p1id=7 p1type=1
analysis...
3299 -> analysis by 0_standard_traj|csv -> traj.csv ...
3299 -> analysis by 1_standard_traj|xyz -> traj.xyz ...
3299 -> analysis by 2_particleNumbers|csv -> out_particleNumbers.csv ...
3299 -> analysis by 3_standardReactionReporting|csv -> out_reactions.csv ...
analysis...
3399 -> analysis by 0_standard_traj|csv -> traj.csv ...
3399 -> analysis by 1_standard_traj|xyz -> traj.xyz ...
3399 -> analysis by 2_particleNumbers|csv -> out_particleNumbers.csv ...
3399 -> analysis by 3_standardReactionReporting|csv -> out_reactions.csv ...
hit: step=3434 p0id=5 p0type=0 p1id=7 p1type=1
hit: step=3435 p0id=5 p0type=0 p1id=7 p1type=1
hit: step=3437 p0id=5 p0type=0 p1id=7 p1type=1
hit: step=3438 p0id=5 p0type=0 p1id=7 p1type=1
hit: step=3441 p0id=5 p0type=0 p1id=7 p1type=1
hit: step=3442 p0id=5 p0type=0 p1id=7 p1type=1
hit: step=3443 p0id=5 p0type=0 p1id=7 p1type=1
hit: step=3448 p0id=5 p0type=0 p1id=7 p1type=1
hit: step=3449 p0id=5 p0type=0 p1id=7 p1type=1
hit: step=3450 p0id=5 p0type=0 p1id=7 p1type=1
hit: step=3451 p0id=5 p0type=0 p1id=7 p1type=1
hit: step=3452 p0id=5 p0type=0 p1id=7 p1type=1
hit: step=3455 p0id=5 p0type=0 p1id=7 p1type=1
hit: step=3457 p0id=5 p0type=0 p1id=7 p1type=1
hit: step=3458 p0id=5 p0type=0 p1id=7 p1type=1
hit: step=3459 p0id=5 p0type=0 p1id=7 p1type=1
hit: step=3460 p0id=5 p0type=0 p1id=7 p1type=1
hit: step=3461 p0id=5 p0type=0 p1id=7 p1type=1
hit: step=3462 p0id=5 p0type=0 p1id=7 p1type=1
hit: step=3463 p0id=5 p0type=0 p1id=7 p1type=1
hit: step=3464 p0id=5 p0type=0 p1id=7 p1type=1
hit: step=3465 p0id=5 p0type=0 p1id=7 p1type=1
hit: step=3466 p0id=5 p0type=0 p1id=7 p1type=1
hit: step=3467 p0id=5 p0type=0 p1id=7 p1type=1
analysis...
3499 -> analysis by 0_standard_traj|csv -> traj.csv ...
3499 -> analysis by 1_standard_traj|xyz -> traj.xyz ...
3499 -> analysis by 2_particleNumbers|csv -> out_particleNumbers.csv ...
3499 -> analysis by 3_standardReactionReporting|csv -> out_reactions.csv ...
hit: step=3540 p0id=5 p0type=0 p1id=7 p1type=1
hit: step=3542 p0id=5 p0type=0 p1id=7 p1type=1
hit: step=3543 p0id=5 p0type=0 p1id=7 p1type=1
hit: step=3544 p0id=5 p0type=0 p1id=7 p1type=1
hit: step=3545 p0id=5 p0type=0 p1id=7 p1type=1
hit: step=3546 p0id=5 p0type=0 p1id=7 p1type=1
hit: step=3547 p0id=5 p0type=0 p1id=7 p1type=1
hit: step=3548 p0id=5 p0type=0 p1id=7 p1type=1
hit: step=3549 p0id=5 p0type=0 p1id=7 p1type=1
hit: step=3550 p0id=5 p0type=0 p1id=7 p1type=1
hit: step=3551 p0id=5 p0type=0 p1id=7 p1type=1
hit: step=3552 p0id=5 p0type=0 p1id=7 p1type=1
hit: step=3553 p0id=5 p0type=0 p1id=7 p1type=1
hit: step=3554 p0id=5 p0type=0 p1id=7 p1type=1
hit: step=3555 p0id=5 p0type=0 p1id=7 p1type=1
hit: step=3556 p0id=5 p0type=0 p1id=7 p1type=1
hit: step=3557 p0id=5 p0type=0 p1id=7 p1type=1
hit: step=3558 p0id=5 p0type=0 p1id=7 p1type=1
hit: step=3559 p0id=5 p0type=0 p1id=7 p1type=1
hit: step=3560 p0id=5 p0type=0 p1id=7 p1type=1
hit: step=3561 p0id=5 p0type=0 p1id=7 p1type=1
hit: step=3562 p0id=5 p0type=0 p1id=7 p1type=1
hit: step=3563 p0id=5 p0type=0 p1id=7 p1type=1
hit: step=3564 p0id=5 p0type=0 p1id=7 p1type=1
hit: step=3565 p0id=5 p0type=0 p1id=7 p1type=1
hit: step=3566 p0id=5 p0type=0 p1id=7 p1type=1
hit: step=3567 p0id=5 p0type=0 p1id=7 p1type=1
hit: step=3568 p0id=5 p0type=0 p1id=7 p1type=1
hit: step=3569 p0id=5 p0type=0 p1id=7 p1type=1
hit: step=3570 p0id=5 p0type=0 p1id=7 p1type=1
hit: step=3571 p0id=5 p0type=0 p1id=7 p1type=1
hit: step=3572 p0id=5 p0type=0 p1id=7 p1type=1
hit: step=3573 p0id=5 p0type=0 p1id=7 p1type=1
hit: step=3574 p0id=5 p0type=0 p1id=7 p1type=1
hit: step=3575 p0id=5 p0type=0 p1id=7 p1type=1
hit: step=3576 p0id=5 p0type=0 p1id=7 p1type=1
hit: step=3577 p0id=5 p0type=0 p1id=7 p1type=1
hit: step=3578 p0id=5 p0type=0 p1id=7 p1type=1
hit: step=3579 p0id=5 p0type=0 p1id=7 p1type=1
hit: step=3580 p0id=5 p0type=0 p1id=7 p1type=1
hit: step=3581 p0id=5 p0type=0 p1id=7 p1type=1
hit: step=3582 p0id=5 p0type=0 p1id=7 p1type=1
hit: step=3583 p0id=5 p0type=0 p1id=7 p1type=1
hit: step=3584 p0id=5 p0type=0 p1id=7 p1type=1
hit: step=3585 p0id=5 p0type=0 p1id=7 p1type=1
hit: step=3586 p0id=5 p0type=0 p1id=7 p1type=1
hit: step=3587 p0id=5 p0type=0 p1id=7 p1type=1
hit: step=3588 p0id=5 p0type=0 p1id=7 p1type=1
hit: step=3589 p0id=5 p0type=0 p1id=7 p1type=1
hit: step=3592 p0id=5 p0type=0 p1id=7 p1type=1
hit: step=3595 p0id=5 p0type=0 p1id=7 p1type=1
hit: step=3596 p0id=5 p0type=0 p1id=7 p1type=1
hit: step=3599 p0id=5 p0type=0 p1id=7 p1type=1
analysis...
3599 -> analysis by 0_standard_traj|csv -> traj.csv ...
3599 -> analysis by 1_standard_traj|xyz -> traj.xyz ...
3599 -> analysis by 2_particleNumbers|csv -> out_particleNumbers.csv ...
3599 -> analysis by 3_standardReactionReporting|csv -> out_reactions.csv ...
hit: step=3600 p0id=5 p0type=0 p1id=7 p1type=1
hit: step=3601 p0id=5 p0type=0 p1id=7 p1type=1
hit: step=3602 p0id=5 p0type=0 p1id=7 p1type=1
hit: step=3603 p0id=5 p0type=0 p1id=7 p1type=1
hit: step=3604 p0id=5 p0type=0 p1id=7 p1type=1
hit: step=3605 p0id=5 p0type=0 p1id=7 p1type=1
hit: step=3606 p0id=5 p0type=0 p1id=7 p1type=1
hit: step=3607 p0id=5 p0type=0 p1id=7 p1type=1
hit: step=3608 p0id=5 p0type=0 p1id=7 p1type=1
hit: step=3609 p0id=5 p0type=0 p1id=7 p1type=1
hit: step=3610 p0id=5 p0type=0 p1id=7 p1type=1
hit: step=3611 p0id=5 p0type=0 p1id=7 p1type=1
hit: step=3612 p0id=5 p0type=0 p1id=7 p1type=1
hit: step=3616 p0id=5 p0type=0 p1id=7 p1type=1
hit: step=3617 p0id=5 p0type=0 p1id=7 p1type=1
hit: step=3618 p0id=5 p0type=0 p1id=7 p1type=1
hit: step=3619 p0id=5 p0type=0 p1id=7 p1type=1
hit: step=3621 p0id=5 p0type=0 p1id=7 p1type=1
hit: step=3622 p0id=5 p0type=0 p1id=7 p1type=1
hit: step=3626 p0id=5 p0type=0 p1id=7 p1type=1
hit: step=3627 p0id=5 p0type=0 p1id=7 p1type=1
hit: step=3628 p0id=5 p0type=0 p1id=7 p1type=1
hit: step=3629 p0id=5 p0type=0 p1id=7 p1type=1
hit: step=3632 p0id=5 p0type=0 p1id=7 p1type=1
hit: step=3636 p0id=5 p0type=0 p1id=7 p1type=1
hit: step=3637 p0id=5 p0type=0 p1id=7 p1type=1
hit: step=3638 p0id=5 p0type=0 p1id=7 p1type=1
hit: step=3639 p0id=5 p0type=0 p1id=7 p1type=1
hit: step=3640 p0id=5 p0type=0 p1id=7 p1type=1
hit: step=3641 p0id=5 p0type=0 p1id=7 p1type=1
hit: step=3642 p0id=5 p0type=0 p1id=7 p1type=1
hit: step=3643 p0id=5 p0type=0 p1id=7 p1type=1
hit: step=3644 p0id=5 p0type=0 p1id=7 p1type=1
hit: step=3645 p0id=5 p0type=0 p1id=7 p1type=1
hit: step=3662 p0id=5 p0type=0 p1id=7 p1type=1
hit: step=3663 p0id=5 p0type=0 p1id=7 p1type=1
hit: step=3665 p0id=5 p0type=0 p1id=7 p1type=1
hit: step=3669 p0id=5 p0type=0 p1id=7 p1type=1
hit: step=3670 p0id=5 p0type=0 p1id=7 p1type=1
hit: step=3671 p0id=5 p0type=0 p1id=7 p1type=1
hit: step=3672 p0id=5 p0type=0 p1id=7 p1type=1
hit: step=3673 p0id=5 p0type=0 p1id=7 p1type=1
hit: step=3674 p0id=5 p0type=0 p1id=7 p1type=1
hit: step=3675 p0id=5 p0type=0 p1id=7 p1type=1
hit: step=3678 p0id=5 p0type=0 p1id=7 p1type=1
analysis...
3699 -> analysis by 0_standard_traj|csv -> traj.csv ...
3699 -> analysis by 1_standard_traj|xyz -> traj.xyz ...
3699 -> analysis by 2_particleNumbers|csv -> out_particleNumbers.csv ...
3699 -> analysis by 3_standardReactionReporting|csv -> out_reactions.csv ...
analysis...
3799 -> analysis by 0_standard_traj|csv -> traj.csv ...
3799 -> analysis by 1_standard_traj|xyz -> traj.xyz ...
3799 -> analysis by 2_particleNumbers|csv -> out_particleNumbers.csv ...
3799 -> analysis by 3_standardReactionReporting|csv -> out_reactions.csv ...
hit: step=3893 p0id=5 p0type=0 p1id=7 p1type=1
hit: step=3894 p0id=5 p0type=0 p1id=7 p1type=1
hit: step=3895 p0id=5 p0type=0 p1id=7 p1type=1
hit: step=3896 p0id=5 p0type=0 p1id=7 p1type=1
hit: step=3897 p0id=5 p0type=0 p1id=7 p1type=1
analysis...
3899 -> analysis by 0_standard_traj|csv -> traj.csv ...
3899 -> analysis by 1_standard_traj|xyz -> traj.xyz ...
3899 -> analysis by 2_particleNumbers|csv -> out_particleNumbers.csv ...
3899 -> analysis by 3_standardReactionReporting|csv -> out_reactions.csv ...
hit: step=3900 p0id=5 p0type=0 p1id=7 p1type=1
hit: step=3901 p0id=5 p0type=0 p1id=7 p1type=1
hit: step=3991 p0id=5 p0type=0 p1id=7 p1type=1
hit: step=3992 p0id=5 p0type=0 p1id=7 p1type=1
hit: step=3993 p0id=5 p0type=0 p1id=7 p1type=1
hit: step=3994 p0id=5 p0type=0 p1id=7 p1type=1
hit: step=3995 p0id=5 p0type=0 p1id=7 p1type=1
hit: step=3996 p0id=5 p0type=0 p1id=7 p1type=1
hit: step=3997 p0id=5 p0type=0 p1id=7 p1type=1
hit: step=3998 p0id=5 p0type=0 p1id=7 p1type=1
hit: step=3999 p0id=5 p0type=0 p1id=7 p1type=1
analysis...
3999 -> analysis by 0_standard_traj|csv -> traj.csv ...
3999 -> analysis by 1_standard_traj|xyz -> traj.xyz ...
3999 -> analysis by 2_particleNumbers|csv -> out_particleNumbers.csv ...
3999 -> analysis by 3_standardReactionReporting|csv -> out_reactions.csv ...

top: 'step 4000'
hit: step=4000 p0id=5 p0type=0 p1id=7 p1type=1
hit: step=4001 p0id=5 p0type=0 p1id=7 p1type=1
hit: step=4002 p0id=5 p0type=0 p1id=7 p1type=1
hit: step=4003 p0id=5 p0type=0 p1id=7 p1type=1
hit: step=4004 p0id=5 p0type=0 p1id=7 p1type=1
hit: step=4005 p0id=5 p0type=0 p1id=7 p1type=1
hit: step=4006 p0id=5 p0type=0 p1id=7 p1type=1
hit: step=4007 p0id=5 p0type=0 p1id=7 p1type=1
hit: step=4008 p0id=5 p0type=0 p1id=7 p1type=1
hit: step=4011 p0id=5 p0type=0 p1id=7 p1type=1
hit: step=4013 p0id=5 p0type=0 p1id=7 p1type=1
hit: step=4014 p0id=5 p0type=0 p1id=7 p1type=1
hit: step=4015 p0id=5 p0type=0 p1id=7 p1type=1
hit: step=4017 p0id=5 p0type=0 p1id=7 p1type=1
hit: step=4018 p0id=5 p0type=0 p1id=7 p1type=1
hit: step=4019 p0id=5 p0type=0 p1id=7 p1type=1
hit: step=4020 p0id=5 p0type=0 p1id=7 p1type=1
hit: step=4021 p0id=5 p0type=0 p1id=7 p1type=1
hit: step=4022 p0id=5 p0type=0 p1id=7 p1type=1
hit: step=4023 p0id=5 p0type=0 p1id=7 p1type=1
hit: step=4024 p0id=5 p0type=0 p1id=7 p1type=1
hit: step=4025 p0id=5 p0type=0 p1id=7 p1type=1
hit: step=4026 p0id=5 p0type=0 p1id=7 p1type=1
hit: step=4027 p0id=5 p0type=0 p1id=7 p1type=1
hit: step=4028 p0id=5 p0type=0 p1id=7 p1type=1
hit: step=4029 p0id=5 p0type=0 p1id=7 p1type=1
hit: step=4030 p0id=5 p0type=0 p1id=7 p1type=1
hit: step=4031 p0id=5 p0type=0 p1id=7 p1type=1
hit: step=4032 p0id=5 p0type=0 p1id=7 p1type=1
hit: step=4033 p0id=5 p0type=0 p1id=7 p1type=1
hit: step=4034 p0id=5 p0type=0 p1id=7 p1type=1
hit: step=4035 p0id=5 p0type=0 p1id=7 p1type=1
hit: step=4036 p0id=5 p0type=0 p1id=7 p1type=1
hit: step=4037 p0id=5 p0type=0 p1id=7 p1type=1
hit: step=4038 p0id=5 p0type=0 p1id=7 p1type=1
hit: step=4039 p0id=5 p0type=0 p1id=7 p1type=1
hit: step=4040 p0id=5 p0type=0 p1id=7 p1type=1
hit: step=4041 p0id=5 p0type=0 p1id=7 p1type=1
hit: step=4042 p0id=5 p0type=0 p1id=7 p1type=1
hit: step=4043 p0id=5 p0type=0 p1id=7 p1type=1
hit: step=4044 p0id=5 p0type=0 p1id=7 p1type=1
hit: step=4045 p0id=5 p0type=0 p1id=7 p1type=1
hit: step=4046 p0id=5 p0type=0 p1id=7 p1type=1
hit: step=4047 p0id=5 p0type=0 p1id=7 p1type=1
hit: step=4048 p0id=5 p0type=0 p1id=7 p1type=1
hit: step=4049 p0id=5 p0type=0 p1id=7 p1type=1
hit: step=4050 p0id=5 p0type=0 p1id=7 p1type=1
hit: step=4051 p0id=5 p0type=0 p1id=7 p1type=1
hit: step=4052 p0id=5 p0type=0 p1id=7 p1type=1
hit: step=4053 p0id=5 p0type=0 p1id=7 p1type=1
hit: step=4054 p0id=5 p0type=0 p1id=7 p1type=1
hit: step=4055 p0id=5 p0type=0 p1id=7 p1type=1
hit: step=4056 p0id=5 p0type=0 p1id=7 p1type=1
hit: step=4057 p0id=5 p0type=0 p1id=7 p1type=1
hit: step=4058 p0id=5 p0type=0 p1id=7 p1type=1
hit: step=4059 p0id=5 p0type=0 p1id=7 p1type=1
hit: step=4060 p0id=5 p0type=0 p1id=7 p1type=1
hit: step=4061 p0id=5 p0type=0 p1id=7 p1type=1
hit: step=4062 p0id=5 p0type=0 p1id=7 p1type=1
hit: step=4063 p0id=5 p0type=0 p1id=7 p1type=1
hit: step=4064 p0id=5 p0type=0 p1id=7 p1type=1
hit: step=4065 p0id=5 p0type=0 p1id=7 p1type=1
hit: step=4066 p0id=5 p0type=0 p1id=7 p1type=1
hit: step=4067 p0id=5 p0type=0 p1id=7 p1type=1
hit: step=4068 p0id=5 p0type=0 p1id=7 p1type=1
hit: step=4069 p0id=5 p0type=0 p1id=7 p1type=1
hit: step=4070 p0id=5 p0type=0 p1id=7 p1type=1
hit: step=4071 p0id=5 p0type=0 p1id=7 p1type=1
hit: step=4072 p0id=5 p0type=0 p1id=7 p1type=1
hit: step=4073 p0id=5 p0type=0 p1id=7 p1type=1
hit: step=4074 p0id=5 p0type=0 p1id=7 p1type=1
hit: step=4075 p0id=5 p0type=0 p1id=7 p1type=1
hit: step=4076 p0id=5 p0type=0 p1id=7 p1type=1
hit: step=4077 p0id=5 p0type=0 p1id=7 p1type=1
hit: step=4078 p0id=5 p0type=0 p1id=7 p1type=1
hit: step=4079 p0id=5 p0type=0 p1id=7 p1type=1
hit: step=4080 p0id=5 p0type=0 p1id=7 p1type=1
hit: step=4081 p0id=5 p0type=0 p1id=7 p1type=1
hit: step=4082 p0id=5 p0type=0 p1id=7 p1type=1
hit: step=4083 p0id=5 p0type=0 p1id=7 p1type=1
hit: step=4084 p0id=5 p0type=0 p1id=7 p1type=1
hit: step=4085 p0id=5 p0type=0 p1id=7 p1type=1
hit: step=4086 p0id=5 p0type=0 p1id=7 p1type=1
hit: step=4087 p0id=5 p0type=0 p1id=7 p1type=1
hit: step=4088 p0id=5 p0type=0 p1id=7 p1type=1
hit: step=4089 p0id=5 p0type=0 p1id=7 p1type=1
hit: step=4090 p0id=5 p0type=0 p1id=7 p1type=1
hit: step=4091 p0id=5 p0type=0 p1id=7 p1type=1
hit: step=4092 p0id=5 p0type=0 p1id=7 p1type=1
hit: step=4093 p0id=5 p0type=0 p1id=7 p1type=1
hit: step=4094 p0id=5 p0type=0 p1id=7 p1type=1
hit: step=4095 p0id=5 p0type=0 p1id=7 p1type=1
hit: step=4096 p0id=5 p0type=0 p1id=7 p1type=1
hit: step=4097 p0id=5 p0type=0 p1id=7 p1type=1
hit: step=4098 p0id=5 p0type=0 p1id=7 p1type=1
hit: step=4099 p0id=5 p0type=0 p1id=7 p1type=1
analysis...
4099 -> analysis by 0_standard_traj|csv -> traj.csv ...
4099 -> analysis by 1_standard_traj|xyz -> traj.xyz ...
4099 -> analysis by 2_particleNumbers|csv -> out_particleNumbers.csv ...
4099 -> analysis by 3_standardReactionReporting|csv -> out_reactions.csv ...
hit: step=4100 p0id=5 p0type=0 p1id=7 p1type=1
hit: step=4101 p0id=5 p0type=0 p1id=7 p1type=1
hit: step=4102 p0id=5 p0type=0 p1id=7 p1type=1
hit: step=4103 p0id=5 p0type=0 p1id=7 p1type=1
hit: step=4104 p0id=5 p0type=0 p1id=7 p1type=1
hit: step=4105 p0id=5 p0type=0 p1id=7 p1type=1
hit: step=4106 p0id=5 p0type=0 p1id=7 p1type=1
hit: step=4107 p0id=5 p0type=0 p1id=7 p1type=1
hit: step=4108 p0id=5 p0type=0 p1id=7 p1type=1
hit: step=4109 p0id=5 p0type=0 p1id=7 p1type=1
hit: step=4110 p0id=5 p0type=0 p1id=7 p1type=1
hit: step=4111 p0id=5 p0type=0 p1id=7 p1type=1
hit: step=4112 p0id=5 p0type=0 p1id=7 p1type=1
hit: step=4113 p0id=5 p0type=0 p1id=7 p1type=1
hit: step=4114 p0id=5 p0type=0 p1id=7 p1type=1
hit: step=4115 p0id=5 p0type=0 p1id=7 p1type=1
hit: step=4116 p0id=5 p0type=0 p1id=7 p1type=1
hit: step=4117 p0id=5 p0type=0 p1id=7 p1type=1
hit: step=4118 p0id=5 p0type=0 p1id=7 p1type=1
hit: step=4119 p0id=5 p0type=0 p1id=7 p1type=1
hit: step=4167 p0id=5 p0type=0 p1id=7 p1type=1
hit: step=4168 p0id=5 p0type=0 p1id=7 p1type=1
hit: step=4169 p0id=5 p0type=0 p1id=7 p1type=1
hit: step=4170 p0id=5 p0type=0 p1id=7 p1type=1
hit: step=4171 p0id=5 p0type=0 p1id=7 p1type=1
hit: step=4172 p0id=5 p0type=0 p1id=7 p1type=1
hit: step=4173 p0id=5 p0type=0 p1id=7 p1type=1
hit: step=4174 p0id=5 p0type=0 p1id=7 p1type=1
hit: step=4175 p0id=5 p0type=0 p1id=7 p1type=1
analysis...
4199 -> analysis by 0_standard_traj|csv -> traj.csv ...
4199 -> analysis by 1_standard_traj|xyz -> traj.xyz ...
4199 -> analysis by 2_particleNumbers|csv -> out_particleNumbers.csv ...
4199 -> analysis by 3_standardReactionReporting|csv -> out_reactions.csv ...
analysis...
4299 -> analysis by 0_standard_traj|csv -> traj.csv ...
4299 -> analysis by 1_standard_traj|xyz -> traj.xyz ...
4299 -> analysis by 2_particleNumbers|csv -> out_particleNumbers.csv ...
4299 -> analysis by 3_standardReactionReporting|csv -> out_reactions.csv ...
analysis...
4399 -> analysis by 0_standard_traj|csv -> traj.csv ...
4399 -> analysis by 1_standard_traj|xyz -> traj.xyz ...
4399 -> analysis by 2_particleNumbers|csv -> out_particleNumbers.csv ...
4399 -> analysis by 3_standardReactionReporting|csv -> out_reactions.csv ...
analysis...
4499 -> analysis by 0_standard_traj|csv -> traj.csv ...
4499 -> analysis by 1_standard_traj|xyz -> traj.xyz ...
4499 -> analysis by 2_particleNumbers|csv -> out_particleNumbers.csv ...
4499 -> analysis by 3_standardReactionReporting|csv -> out_reactions.csv ...
analysis...
4599 -> analysis by 0_standard_traj|csv -> traj.csv ...
4599 -> analysis by 1_standard_traj|xyz -> traj.xyz ...
4599 -> analysis by 2_particleNumbers|csv -> out_particleNumbers.csv ...
4599 -> analysis by 3_standardReactionReporting|csv -> out_reactions.csv ...
analysis...
4699 -> analysis by 0_standard_traj|csv -> traj.csv ...
4699 -> analysis by 1_standard_traj|xyz -> traj.xyz ...
4699 -> analysis by 2_particleNumbers|csv -> out_particleNumbers.csv ...
4699 -> analysis by 3_standardReactionReporting|csv -> out_reactions.csv ...
analysis...
4799 -> analysis by 0_standard_traj|csv -> traj.csv ...
4799 -> analysis by 1_standard_traj|xyz -> traj.xyz ...
4799 -> analysis by 2_particleNumbers|csv -> out_particleNumbers.csv ...
4799 -> analysis by 3_standardReactionReporting|csv -> out_reactions.csv ...
analysis...
4899 -> analysis by 0_standard_traj|csv -> traj.csv ...
4899 -> analysis by 1_standard_traj|xyz -> traj.xyz ...
4899 -> analysis by 2_particleNumbers|csv -> out_particleNumbers.csv ...
4899 -> analysis by 3_standardReactionReporting|csv -> out_reactions.csv ...
analysis...
4999 -> analysis by 0_standard_traj|csv -> traj.csv ...
4999 -> analysis by 1_standard_traj|xyz -> traj.xyz ...
4999 -> analysis by 2_particleNumbers|csv -> out_particleNumbers.csv ...
4999 -> analysis by 3_standardReactionReporting|csv -> out_reactions.csv ...

top: 'step 5000'
analysis...
5099 -> analysis by 0_standard_traj|csv -> traj.csv ...
5099 -> analysis by 1_standard_traj|xyz -> traj.xyz ...
5099 -> analysis by 2_particleNumbers|csv -> out_particleNumbers.csv ...
5099 -> analysis by 3_standardReactionReporting|csv -> out_reactions.csv ...
analysis...
5199 -> analysis by 0_standard_traj|csv -> traj.csv ...
5199 -> analysis by 1_standard_traj|xyz -> traj.xyz ...
5199 -> analysis by 2_particleNumbers|csv -> out_particleNumbers.csv ...
5199 -> analysis by 3_standardReactionReporting|csv -> out_reactions.csv ...
analysis...
5299 -> analysis by 0_standard_traj|csv -> traj.csv ...
5299 -> analysis by 1_standard_traj|xyz -> traj.xyz ...
5299 -> analysis by 2_particleNumbers|csv -> out_particleNumbers.csv ...
5299 -> analysis by 3_standardReactionReporting|csv -> out_reactions.csv ...
analysis...
5399 -> analysis by 0_standard_traj|csv -> traj.csv ...
5399 -> analysis by 1_standard_traj|xyz -> traj.xyz ...
5399 -> analysis by 2_particleNumbers|csv -> out_particleNumbers.csv ...
5399 -> analysis by 3_standardReactionReporting|csv -> out_reactions.csv ...
analysis...
5499 -> analysis by 0_standard_traj|csv -> traj.csv ...
5499 -> analysis by 1_standard_traj|xyz -> traj.xyz ...
5499 -> analysis by 2_particleNumbers|csv -> out_particleNumbers.csv ...
5499 -> analysis by 3_standardReactionReporting|csv -> out_reactions.csv ...
analysis...
5599 -> analysis by 0_standard_traj|csv -> traj.csv ...
5599 -> analysis by 1_standard_traj|xyz -> traj.xyz ...
5599 -> analysis by 2_particleNumbers|csv -> out_particleNumbers.csv ...
5599 -> analysis by 3_standardReactionReporting|csv -> out_reactions.csv ...
analysis...
5699 -> analysis by 0_standard_traj|csv -> traj.csv ...
5699 -> analysis by 1_standard_traj|xyz -> traj.xyz ...
5699 -> analysis by 2_particleNumbers|csv -> out_particleNumbers.csv ...
5699 -> analysis by 3_standardReactionReporting|csv -> out_reactions.csv ...
analysis...
5799 -> analysis by 0_standard_traj|csv -> traj.csv ...
5799 -> analysis by 1_standard_traj|xyz -> traj.xyz ...
5799 -> analysis by 2_particleNumbers|csv -> out_particleNumbers.csv ...
5799 -> analysis by 3_standardReactionReporting|csv -> out_reactions.csv ...
analysis...
5899 -> analysis by 0_standard_traj|csv -> traj.csv ...
5899 -> analysis by 1_standard_traj|xyz -> traj.xyz ...
5899 -> analysis by 2_particleNumbers|csv -> out_particleNumbers.csv ...
5899 -> analysis by 3_standardReactionReporting|csv -> out_reactions.csv ...
analysis...
5999 -> analysis by 0_standard_traj|csv -> traj.csv ...
5999 -> analysis by 1_standard_traj|xyz -> traj.xyz ...
5999 -> analysis by 2_particleNumbers|csv -> out_particleNumbers.csv ...
5999 -> analysis by 3_standardReactionReporting|csv -> out_reactions.csv ...

top: 'step 6000'
hit: step=6026 p0id=2 p0type=0 p1id=7 p1type=1
hit: step=6027 p0id=2 p0type=0 p1id=7 p1type=1
hit: step=6028 p0id=2 p0type=0 p1id=7 p1type=1
hit: step=6029 p0id=2 p0type=0 p1id=7 p1type=1
hit: step=6040 p0id=2 p0type=0 p1id=7 p1type=1
hit: step=6041 p0id=2 p0type=0 p1id=7 p1type=1
hit: step=6043 p0id=2 p0type=0 p1id=7 p1type=1
hit: step=6044 p0id=2 p0type=0 p1id=7 p1type=1
hit: step=6045 p0id=2 p0type=0 p1id=7 p1type=1
hit: step=6046 p0id=2 p0type=0 p1id=7 p1type=1
hit: step=6047 p0id=2 p0type=0 p1id=7 p1type=1
hit: step=6048 p0id=2 p0type=0 p1id=7 p1type=1
hit: step=6049 p0id=2 p0type=0 p1id=7 p1type=1
hit: step=6050 p0id=2 p0type=0 p1id=7 p1type=1
hit: step=6053 p0id=2 p0type=0 p1id=7 p1type=1
hit: step=6054 p0id=2 p0type=0 p1id=7 p1type=1
hit: step=6055 p0id=2 p0type=0 p1id=7 p1type=1
hit: step=6056 p0id=2 p0type=0 p1id=7 p1type=1
hit: step=6057 p0id=2 p0type=0 p1id=7 p1type=1
hit: step=6058 p0id=2 p0type=0 p1id=7 p1type=1
hit: step=6059 p0id=2 p0type=0 p1id=7 p1type=1
hit: step=6060 p0id=2 p0type=0 p1id=7 p1type=1
hit: step=6061 p0id=2 p0type=0 p1id=7 p1type=1
hit: step=6062 p0id=2 p0type=0 p1id=7 p1type=1
hit: step=6063 p0id=2 p0type=0 p1id=7 p1type=1
hit: step=6064 p0id=2 p0type=0 p1id=7 p1type=1
hit: step=6065 p0id=2 p0type=0 p1id=7 p1type=1
hit: step=6066 p0id=2 p0type=0 p1id=7 p1type=1
hit: step=6067 p0id=2 p0type=0 p1id=7 p1type=1
hit: step=6068 p0id=2 p0type=0 p1id=7 p1type=1
hit: step=6070 p0id=2 p0type=0 p1id=7 p1type=1
hit: step=6071 p0id=2 p0type=0 p1id=7 p1type=1
hit: step=6082 p0id=2 p0type=0 p1id=7 p1type=1
hit: step=6083 p0id=2 p0type=0 p1id=7 p1type=1
hit: step=6084 p0id=2 p0type=0 p1id=7 p1type=1
hit: step=6085 p0id=2 p0type=0 p1id=7 p1type=1
hit: step=6086 p0id=2 p0type=0 p1id=7 p1type=1
hit: step=6087 p0id=2 p0type=0 p1id=7 p1type=1
hit: step=6088 p0id=2 p0type=0 p1id=7 p1type=1
hit: step=6089 p0id=2 p0type=0 p1id=7 p1type=1
hit: step=6090 p0id=2 p0type=0 p1id=7 p1type=1
analysis...
6099 -> analysis by 0_standard_traj|csv -> traj.csv ...
6099 -> analysis by 1_standard_traj|xyz -> traj.xyz ...
6099 -> analysis by 2_particleNumbers|csv -> out_particleNumbers.csv ...
6099 -> analysis by 3_standardReactionReporting|csv -> out_reactions.csv ...
hit: step=6116 p0id=2 p0type=0 p1id=7 p1type=1
hit: step=6133 p0id=2 p0type=0 p1id=7 p1type=1
hit: step=6134 p0id=2 p0type=0 p1id=7 p1type=1
hit: step=6135 p0id=2 p0type=0 p1id=7 p1type=1
hit: step=6136 p0id=2 p0type=0 p1id=7 p1type=1
hit: step=6137 p0id=2 p0type=0 p1id=7 p1type=1
hit: step=6138 p0id=2 p0type=0 p1id=7 p1type=1
hit: step=6139 p0id=2 p0type=0 p1id=7 p1type=1
hit: step=6140 p0id=2 p0type=0 p1id=7 p1type=1
hit: step=6141 p0id=2 p0type=0 p1id=7 p1type=1
hit: step=6142 p0id=2 p0type=0 p1id=7 p1type=1
hit: step=6143 p0id=2 p0type=0 p1id=7 p1type=1
hit: step=6144 p0id=2 p0type=0 p1id=7 p1type=1
hit: step=6145 p0id=2 p0type=0 p1id=7 p1type=1
hit: step=6146 p0id=2 p0type=0 p1id=7 p1type=1
hit: step=6147 p0id=2 p0type=0 p1id=7 p1type=1
hit: step=6148 p0id=2 p0type=0 p1id=7 p1type=1
hit: step=6149 p0id=2 p0type=0 p1id=7 p1type=1
hit: step=6150 p0id=2 p0type=0 p1id=7 p1type=1
hit: step=6151 p0id=2 p0type=0 p1id=7 p1type=1
hit: step=6152 p0id=2 p0type=0 p1id=7 p1type=1
hit: step=6153 p0id=2 p0type=0 p1id=7 p1type=1
hit: step=6154 p0id=2 p0type=0 p1id=7 p1type=1
hit: step=6155 p0id=2 p0type=0 p1id=7 p1type=1
hit: step=6156 p0id=2 p0type=0 p1id=7 p1type=1
hit: step=6157 p0id=2 p0type=0 p1id=7 p1type=1
hit: step=6158 p0id=2 p0type=0 p1id=7 p1type=1
hit: step=6159 p0id=2 p0type=0 p1id=7 p1type=1
hit: step=6160 p0id=2 p0type=0 p1id=7 p1type=1
hit: step=6161 p0id=2 p0type=0 p1id=7 p1type=1
hit: step=6162 p0id=2 p0type=0 p1id=7 p1type=1
hit: step=6163 p0id=2 p0type=0 p1id=7 p1type=1
hit: step=6163 p0id=4 p0type=0 p1id=7 p1type=1
hit: step=6164 p0id=2 p0type=0 p1id=7 p1type=1
hit: step=6164 p0id=4 p0type=0 p1id=7 p1type=1
hit: step=6165 p0id=2 p0type=0 p1id=7 p1type=1
hit: step=6165 p0id=4 p0type=0 p1id=7 p1type=1
hit: step=6166 p0id=2 p0type=0 p1id=7 p1type=1
hit: step=6166 p0id=4 p0type=0 p1id=7 p1type=1
hit: step=6167 p0id=2 p0type=0 p1id=7 p1type=1
hit: step=6167 p0id=4 p0type=0 p1id=7 p1type=1
hit: step=6168 p0id=2 p0type=0 p1id=7 p1type=1
hit: step=6168 p0id=4 p0type=0 p1id=7 p1type=1
hit: step=6169 p0id=2 p0type=0 p1id=7 p1type=1
hit: step=6169 p0id=4 p0type=0 p1id=7 p1type=1
hit: step=6170 p0id=2 p0type=0 p1id=7 p1type=1
hit: step=6170 p0id=4 p0type=0 p1id=7 p1type=1
hit: step=6171 p0id=2 p0type=0 p1id=7 p1type=1
hit: step=6171 p0id=4 p0type=0 p1id=7 p1type=1
hit: step=6172 p0id=2 p0type=0 p1id=7 p1type=1
hit: step=6172 p0id=4 p0type=0 p1id=7 p1type=1
hit: step=6173 p0id=2 p0type=0 p1id=7 p1type=1
hit: step=6173 p0id=4 p0type=0 p1id=7 p1type=1
hit: step=6174 p0id=2 p0type=0 p1id=7 p1type=1
hit: step=6174 p0id=4 p0type=0 p1id=7 p1type=1
hit: step=6175 p0id=2 p0type=0 p1id=7 p1type=1
hit: step=6175 p0id=4 p0type=0 p1id=7 p1type=1
hit: step=6176 p0id=2 p0type=0 p1id=7 p1type=1
hit: step=6176 p0id=4 p0type=0 p1id=7 p1type=1
hit: step=6177 p0id=2 p0type=0 p1id=7 p1type=1
hit: step=6177 p0id=4 p0type=0 p1id=7 p1type=1
hit: step=6178 p0id=2 p0type=0 p1id=7 p1type=1
hit: step=6178 p0id=4 p0type=0 p1id=7 p1type=1
hit: step=6179 p0id=2 p0type=0 p1id=7 p1type=1
hit: step=6179 p0id=4 p0type=0 p1id=7 p1type=1
hit: step=6180 p0id=2 p0type=0 p1id=7 p1type=1
hit: step=6180 p0id=4 p0type=0 p1id=7 p1type=1
hit: step=6181 p0id=2 p0type=0 p1id=7 p1type=1
hit: step=6181 p0id=4 p0type=0 p1id=7 p1type=1
hit: step=6182 p0id=2 p0type=0 p1id=7 p1type=1
hit: step=6182 p0id=4 p0type=0 p1id=7 p1type=1
hit: step=6183 p0id=4 p0type=0 p1id=7 p1type=1
hit: step=6184 p0id=4 p0type=0 p1id=7 p1type=1
hit: step=6185 p0id=4 p0type=0 p1id=7 p1type=1
hit: step=6186 p0id=4 p0type=0 p1id=7 p1type=1
hit: step=6187 p0id=2 p0type=0 p1id=7 p1type=1
hit: step=6187 p0id=4 p0type=0 p1id=7 p1type=1
hit: step=6188 p0id=4 p0type=0 p1id=7 p1type=1
hit: step=6189 p0id=2 p0type=0 p1id=7 p1type=1
hit: step=6189 p0id=4 p0type=0 p1id=7 p1type=1
hit: step=6190 p0id=2 p0type=0 p1id=7 p1type=1
hit: step=6190 p0id=4 p0type=0 p1id=7 p1type=1
hit: step=6191 p0id=2 p0type=0 p1id=7 p1type=1
hit: step=6192 p0id=4 p0type=0 p1id=7 p1type=1
hit: step=6193 p0id=2 p0type=0 p1id=7 p1type=1
hit: step=6193 p0id=4 p0type=0 p1id=7 p1type=1
hit: step=6194 p0id=4 p0type=0 p1id=7 p1type=1
hit: step=6195 p0id=4 p0type=0 p1id=7 p1type=1
hit: step=6196 p0id=4 p0type=0 p1id=7 p1type=1
hit: step=6197 p0id=4 p0type=0 p1id=7 p1type=1
hit: step=6198 p0id=2 p0type=0 p1id=7 p1type=1
hit: step=6198 p0id=4 p0type=0 p1id=7 p1type=1
hit: step=6199 p0id=2 p0type=0 p1id=7 p1type=1
hit: step=6199 p0id=4 p0type=0 p1id=7 p1type=1
analysis...
6199 -> analysis by 0_standard_traj|csv -> traj.csv ...
6199 -> analysis by 1_standard_traj|xyz -> traj.xyz ...
6199 -> analysis by 2_particleNumbers|csv -> out_particleNumbers.csv ...
6199 -> analysis by 3_standardReactionReporting|csv -> out_reactions.csv ...
hit: step=6200 p0id=2 p0type=0 p1id=7 p1type=1
hit: step=6200 p0id=4 p0type=0 p1id=7 p1type=1
hit: step=6201 p0id=4 p0type=0 p1id=7 p1type=1
hit: step=6202 p0id=4 p0type=0 p1id=7 p1type=1
hit: step=6203 p0id=4 p0type=0 p1id=7 p1type=1
hit: step=6204 p0id=4 p0type=0 p1id=7 p1type=1
hit: step=6205 p0id=4 p0type=0 p1id=7 p1type=1
hit: step=6206 p0id=4 p0type=0 p1id=7 p1type=1
hit: step=6207 p0id=4 p0type=0 p1id=7 p1type=1
hit: step=6208 p0id=4 p0type=0 p1id=7 p1type=1
hit: step=6209 p0id=4 p0type=0 p1id=7 p1type=1
hit: step=6210 p0id=4 p0type=0 p1id=7 p1type=1
hit: step=6211 p0id=4 p0type=0 p1id=7 p1type=1
hit: step=6212 p0id=4 p0type=0 p1id=7 p1type=1
hit: step=6213 p0id=4 p0type=0 p1id=7 p1type=1
hit: step=6214 p0id=4 p0type=0 p1id=7 p1type=1
hit: step=6215 p0id=4 p0type=0 p1id=7 p1type=1
hit: step=6216 p0id=4 p0type=0 p1id=7 p1type=1
hit: step=6217 p0id=4 p0type=0 p1id=7 p1type=1
hit: step=6218 p0id=4 p0type=0 p1id=7 p1type=1
hit: step=6219 p0id=4 p0type=0 p1id=7 p1type=1
hit: step=6220 p0id=4 p0type=0 p1id=7 p1type=1
hit: step=6221 p0id=4 p0type=0 p1id=7 p1type=1
hit: step=6222 p0id=4 p0type=0 p1id=7 p1type=1
hit: step=6223 p0id=4 p0type=0 p1id=7 p1type=1
hit: step=6224 p0id=4 p0type=0 p1id=7 p1type=1
hit: step=6225 p0id=4 p0type=0 p1id=7 p1type=1
hit: step=6226 p0id=4 p0type=0 p1id=7 p1type=1
hit: step=6227 p0id=4 p0type=0 p1id=7 p1type=1
hit: step=6228 p0id=4 p0type=0 p1id=7 p1type=1
hit: step=6229 p0id=4 p0type=0 p1id=7 p1type=1
hit: step=6230 p0id=4 p0type=0 p1id=7 p1type=1
hit: step=6231 p0id=4 p0type=0 p1id=7 p1type=1
hit: step=6232 p0id=4 p0type=0 p1id=7 p1type=1
hit: step=6233 p0id=4 p0type=0 p1id=7 p1type=1
hit: step=6234 p0id=4 p0type=0 p1id=7 p1type=1
hit: step=6235 p0id=4 p0type=0 p1id=7 p1type=1
hit: step=6236 p0id=4 p0type=0 p1id=7 p1type=1
hit: step=6237 p0id=4 p0type=0 p1id=7 p1type=1
hit: step=6238 p0id=4 p0type=0 p1id=7 p1type=1
hit: step=6239 p0id=4 p0type=0 p1id=7 p1type=1
hit: step=6240 p0id=4 p0type=0 p1id=7 p1type=1
hit: step=6241 p0id=4 p0type=0 p1id=7 p1type=1
hit: step=6242 p0id=2 p0type=0 p1id=7 p1type=1
hit: step=6242 p0id=4 p0type=0 p1id=7 p1type=1
hit: step=6243 p0id=4 p0type=0 p1id=7 p1type=1
hit: step=6244 p0id=2 p0type=0 p1id=7 p1type=1
hit: step=6244 p0id=4 p0type=0 p1id=7 p1type=1
hit: step=6245 p0id=2 p0type=0 p1id=7 p1type=1
hit: step=6245 p0id=4 p0type=0 p1id=7 p1type=1
hit: step=6246 p0id=2 p0type=0 p1id=7 p1type=1
hit: step=6246 p0id=4 p0type=0 p1id=7 p1type=1
hit: step=6247 p0id=2 p0type=0 p1id=7 p1type=1
hit: step=6247 p0id=4 p0type=0 p1id=7 p1type=1
hit: step=6248 p0id=2 p0type=0 p1id=7 p1type=1
hit: step=6248 p0id=4 p0type=0 p1id=7 p1type=1
hit: step=6249 p0id=2 p0type=0 p1id=7 p1type=1
hit: step=6249 p0id=4 p0type=0 p1id=7 p1type=1
hit: step=6250 p0id=2 p0type=0 p1id=7 p1type=1
hit: step=6250 p0id=4 p0type=0 p1id=7 p1type=1
hit: step=6251 p0id=4 p0type=0 p1id=7 p1type=1
hit: step=6254 p0id=2 p0type=0 p1id=7 p1type=1
hit: step=6254 p0id=4 p0type=0 p1id=7 p1type=1
hit: step=6255 p0id=2 p0type=0 p1id=7 p1type=1
hit: step=6255 p0id=4 p0type=0 p1id=7 p1type=1
hit: step=6256 p0id=2 p0type=0 p1id=7 p1type=1
hit: step=6256 p0id=4 p0type=0 p1id=7 p1type=1
hit: step=6257 p0id=2 p0type=0 p1id=7 p1type=1
hit: step=6257 p0id=4 p0type=0 p1id=7 p1type=1
hit: step=6258 p0id=2 p0type=0 p1id=7 p1type=1
hit: step=6258 p0id=4 p0type=0 p1id=7 p1type=1
hit: step=6259 p0id=2 p0type=0 p1id=7 p1type=1
hit: step=6259 p0id=4 p0type=0 p1id=7 p1type=1
hit: step=6260 p0id=2 p0type=0 p1id=7 p1type=1
hit: step=6260 p0id=4 p0type=0 p1id=7 p1type=1
hit: step=6261 p0id=2 p0type=0 p1id=7 p1type=1
hit: step=6261 p0id=4 p0type=0 p1id=7 p1type=1
hit: step=6262 p0id=2 p0type=0 p1id=7 p1type=1
hit: step=6263 p0id=2 p0type=0 p1id=7 p1type=1
hit: step=6264 p0id=2 p0type=0 p1id=7 p1type=1
hit: step=6265 p0id=2 p0type=0 p1id=7 p1type=1
hit: step=6265 p0id=4 p0type=0 p1id=7 p1type=1
hit: step=6266 p0id=2 p0type=0 p1id=7 p1type=1
hit: step=6267 p0id=2 p0type=0 p1id=7 p1type=1
hit: step=6268 p0id=2 p0type=0 p1id=7 p1type=1
hit: step=6269 p0id=4 p0type=0 p1id=7 p1type=1
hit: step=6270 p0id=2 p0type=0 p1id=7 p1type=1
hit: step=6271 p0id=2 p0type=0 p1id=7 p1type=1
hit: step=6271 p0id=4 p0type=0 p1id=7 p1type=1
hit: step=6272 p0id=2 p0type=0 p1id=7 p1type=1
hit: step=6272 p0id=4 p0type=0 p1id=7 p1type=1
hit: step=6273 p0id=2 p0type=0 p1id=7 p1type=1
hit: step=6273 p0id=4 p0type=0 p1id=7 p1type=1
hit: step=6274 p0id=4 p0type=0 p1id=7 p1type=1
hit: step=6275 p0id=4 p0type=0 p1id=7 p1type=1
hit: step=6276 p0id=4 p0type=0 p1id=7 p1type=1
hit: step=6277 p0id=4 p0type=0 p1id=7 p1type=1
hit: step=6278 p0id=4 p0type=0 p1id=7 p1type=1
hit: step=6279 p0id=4 p0type=0 p1id=7 p1type=1
hit: step=6280 p0id=4 p0type=0 p1id=7 p1type=1
hit: step=6281 p0id=2 p0type=0 p1id=7 p1type=1
hit: step=6281 p0id=4 p0type=0 p1id=7 p1type=1
hit: step=6282 p0id=2 p0type=0 p1id=7 p1type=1
hit: step=6282 p0id=4 p0type=0 p1id=7 p1type=1
hit: step=6283 p0id=2 p0type=0 p1id=7 p1type=1
hit: step=6283 p0id=4 p0type=0 p1id=7 p1type=1
hit: step=6284 p0id=4 p0type=0 p1id=7 p1type=1
hit: step=6285 p0id=4 p0type=0 p1id=7 p1type=1
hit: step=6286 p0id=4 p0type=0 p1id=7 p1type=1
hit: step=6287 p0id=4 p0type=0 p1id=7 p1type=1
hit: step=6288 p0id=4 p0type=0 p1id=7 p1type=1
hit: step=6289 p0id=4 p0type=0 p1id=7 p1type=1
hit: step=6290 p0id=4 p0type=0 p1id=7 p1type=1
hit: step=6291 p0id=4 p0type=0 p1id=7 p1type=1
hit: step=6292 p0id=4 p0type=0 p1id=7 p1type=1
hit: step=6293 p0id=2 p0type=0 p1id=7 p1type=1
hit: step=6293 p0id=4 p0type=0 p1id=7 p1type=1
hit: step=6294 p0id=2 p0type=0 p1id=7 p1type=1
hit: step=6294 p0id=4 p0type=0 p1id=7 p1type=1
hit: step=6295 p0id=2 p0type=0 p1id=7 p1type=1
hit: step=6295 p0id=4 p0type=0 p1id=7 p1type=1
hit: step=6296 p0id=2 p0type=0 p1id=7 p1type=1
hit: step=6296 p0id=4 p0type=0 p1id=7 p1type=1
hit: step=6297 p0id=4 p0type=0 p1id=7 p1type=1
hit: step=6298 p0id=2 p0type=0 p1id=7 p1type=1
hit: step=6298 p0id=4 p0type=0 p1id=7 p1type=1
hit: step=6299 p0id=2 p0type=0 p1id=7 p1type=1
hit: step=6299 p0id=4 p0type=0 p1id=7 p1type=1
analysis...
6299 -> analysis by 0_standard_traj|csv -> traj.csv ...
6299 -> analysis by 1_standard_traj|xyz -> traj.xyz ...
6299 -> analysis by 2_particleNumbers|csv -> out_particleNumbers.csv ...
6299 -> analysis by 3_standardReactionReporting|csv -> out_reactions.csv ...
hit: step=6300 p0id=2 p0type=0 p1id=7 p1type=1
hit: step=6300 p0id=4 p0type=0 p1id=7 p1type=1
hit: step=6301 p0id=2 p0type=0 p1id=7 p1type=1
hit: step=6301 p0id=4 p0type=0 p1id=7 p1type=1
analysis...
6399 -> analysis by 0_standard_traj|csv -> traj.csv ...
6399 -> analysis by 1_standard_traj|xyz -> traj.xyz ...
6399 -> analysis by 2_particleNumbers|csv -> out_particleNumbers.csv ...
6399 -> analysis by 3_standardReactionReporting|csv -> out_reactions.csv ...
analysis...
6499 -> analysis by 0_standard_traj|csv -> traj.csv ...
6499 -> analysis by 1_standard_traj|xyz -> traj.xyz ...
6499 -> analysis by 2_particleNumbers|csv -> out_particleNumbers.csv ...
6499 -> analysis by 3_standardReactionReporting|csv -> out_reactions.csv ...
analysis...
6599 -> analysis by 0_standard_traj|csv -> traj.csv ...
6599 -> analysis by 1_standard_traj|xyz -> traj.xyz ...
6599 -> analysis by 2_particleNumbers|csv -> out_particleNumbers.csv ...
6599 -> analysis by 3_standardReactionReporting|csv -> out_reactions.csv ...
analysis...
6699 -> analysis by 0_standard_traj|csv -> traj.csv ...
6699 -> analysis by 1_standard_traj|xyz -> traj.xyz ...
6699 -> analysis by 2_particleNumbers|csv -> out_particleNumbers.csv ...
6699 -> analysis by 3_standardReactionReporting|csv -> out_reactions.csv ...
analysis...
6799 -> analysis by 0_standard_traj|csv -> traj.csv ...
6799 -> analysis by 1_standard_traj|xyz -> traj.xyz ...
6799 -> analysis by 2_particleNumbers|csv -> out_particleNumbers.csv ...
6799 -> analysis by 3_standardReactionReporting|csv -> out_reactions.csv ...
analysis...
6899 -> analysis by 0_standard_traj|csv -> traj.csv ...
6899 -> analysis by 1_standard_traj|xyz -> traj.xyz ...
6899 -> analysis by 2_particleNumbers|csv -> out_particleNumbers.csv ...
6899 -> analysis by 3_standardReactionReporting|csv -> out_reactions.csv ...
analysis...
6999 -> analysis by 0_standard_traj|csv -> traj.csv ...
6999 -> analysis by 1_standard_traj|xyz -> traj.xyz ...
6999 -> analysis by 2_particleNumbers|csv -> out_particleNumbers.csv ...
6999 -> analysis by 3_standardReactionReporting|csv -> out_reactions.csv ...

top: 'step 7000'
hit: step=7025 p0id=13 p0type=0 p1id=14 p1type=1
hit: step=7026 p0id=13 p0type=0 p1id=14 p1type=1
hit: step=7027 p0id=13 p0type=0 p1id=14 p1type=1
hit: step=7028 p0id=13 p0type=0 p1id=14 p1type=1
hit: step=7029 p0id=13 p0type=0 p1id=14 p1type=1
hit: step=7030 p0id=13 p0type=0 p1id=14 p1type=1
hit: step=7031 p0id=13 p0type=0 p1id=14 p1type=1
hit: step=7032 p0id=13 p0type=0 p1id=14 p1type=1
hit: step=7033 p0id=13 p0type=0 p1id=14 p1type=1
hit: step=7034 p0id=13 p0type=0 p1id=14 p1type=1
hit: step=7035 p0id=13 p0type=0 p1id=14 p1type=1
hit: step=7036 p0id=13 p0type=0 p1id=14 p1type=1
hit: step=7037 p0id=13 p0type=0 p1id=14 p1type=1
hit: step=7038 p0id=13 p0type=0 p1id=14 p1type=1
hit: step=7039 p0id=13 p0type=0 p1id=14 p1type=1
hit: step=7040 p0id=13 p0type=0 p1id=14 p1type=1
hit: step=7041 p0id=13 p0type=0 p1id=14 p1type=1
hit: step=7042 p0id=13 p0type=0 p1id=14 p1type=1
hit: step=7043 p0id=13 p0type=0 p1id=14 p1type=1
hit: step=7044 p0id=13 p0type=0 p1id=14 p1type=1
hit: step=7045 p0id=13 p0type=0 p1id=14 p1type=1
hit: step=7046 p0id=13 p0type=0 p1id=14 p1type=1
hit: step=7047 p0id=13 p0type=0 p1id=14 p1type=1
hit: step=7048 p0id=13 p0type=0 p1id=14 p1type=1
hit: step=7049 p0id=13 p0type=0 p1id=14 p1type=1
hit: step=7050 p0id=13 p0type=0 p1id=14 p1type=1
hit: step=7051 p0id=13 p0type=0 p1id=14 p1type=1
hit: step=7052 p0id=13 p0type=0 p1id=14 p1type=1
hit: step=7053 p0id=13 p0type=0 p1id=14 p1type=1
hit: step=7054 p0id=13 p0type=0 p1id=14 p1type=1
hit: step=7055 p0id=13 p0type=0 p1id=14 p1type=1
hit: step=7056 p0id=13 p0type=0 p1id=14 p1type=1
hit: step=7057 p0id=13 p0type=0 p1id=14 p1type=1
hit: step=7058 p0id=13 p0type=0 p1id=14 p1type=1
hit: step=7059 p0id=13 p0type=0 p1id=14 p1type=1
hit: step=7060 p0id=13 p0type=0 p1id=14 p1type=1
hit: step=7061 p0id=13 p0type=0 p1id=14 p1type=1
hit: step=7062 p0id=13 p0type=0 p1id=14 p1type=1
hit: step=7063 p0id=13 p0type=0 p1id=14 p1type=1
hit: step=7064 p0id=13 p0type=0 p1id=14 p1type=1
hit: step=7064 p0id=6 p0type=1 p1id=13 p1type=0
hit: step=7065 p0id=13 p0type=0 p1id=14 p1type=1
hit: step=7066 p0id=13 p0type=0 p1id=14 p1type=1
hit: step=7067 p0id=13 p0type=0 p1id=14 p1type=1
hit: step=7068 p0id=13 p0type=0 p1id=14 p1type=1
hit: step=7069 p0id=13 p0type=0 p1id=14 p1type=1
hit: step=7070 p0id=13 p0type=0 p1id=14 p1type=1
hit: step=7071 p0id=13 p0type=0 p1id=14 p1type=1
hit: step=7072 p0id=13 p0type=0 p1id=14 p1type=1
hit: step=7073 p0id=13 p0type=0 p1id=14 p1type=1
hit: step=7074 p0id=13 p0type=0 p1id=14 p1type=1
hit: step=7075 p0id=13 p0type=0 p1id=14 p1type=1
hit: step=7076 p0id=13 p0type=0 p1id=14 p1type=1
hit: step=7077 p0id=13 p0type=0 p1id=14 p1type=1
hit: step=7078 p0id=13 p0type=0 p1id=14 p1type=1
hit: step=7079 p0id=13 p0type=0 p1id=14 p1type=1
hit: step=7080 p0id=13 p0type=0 p1id=14 p1type=1
hit: step=7081 p0id=13 p0type=0 p1id=14 p1type=1
hit: step=7082 p0id=13 p0type=0 p1id=14 p1type=1
hit: step=7083 p0id=13 p0type=0 p1id=14 p1type=1
hit: step=7084 p0id=13 p0type=0 p1id=14 p1type=1
hit: step=7085 p0id=13 p0type=0 p1id=14 p1type=1
hit: step=7086 p0id=13 p0type=0 p1id=14 p1type=1
hit: step=7087 p0id=13 p0type=0 p1id=14 p1type=1
hit: step=7088 p0id=13 p0type=0 p1id=14 p1type=1
hit: step=7089 p0id=13 p0type=0 p1id=14 p1type=1
hit: step=7090 p0id=13 p0type=0 p1id=14 p1type=1
hit: step=7091 p0id=13 p0type=0 p1id=14 p1type=1
hit: step=7092 p0id=13 p0type=0 p1id=14 p1type=1
hit: step=7093 p0id=13 p0type=0 p1id=14 p1type=1
hit: step=7093 p0id=6 p0type=1 p1id=13 p1type=0
hit: step=7094 p0id=13 p0type=0 p1id=14 p1type=1
hit: step=7094 p0id=6 p0type=1 p1id=13 p1type=0
hit: step=7095 p0id=13 p0type=0 p1id=14 p1type=1
hit: step=7096 p0id=13 p0type=0 p1id=14 p1type=1
hit: step=7096 p0id=6 p0type=1 p1id=13 p1type=0
hit: step=7097 p0id=13 p0type=0 p1id=14 p1type=1
hit: step=7097 p0id=6 p0type=1 p1id=13 p1type=0
hit: step=7098 p0id=13 p0type=0 p1id=14 p1type=1
hit: step=7098 p0id=6 p0type=1 p1id=13 p1type=0
hit: step=7099 p0id=13 p0type=0 p1id=14 p1type=1
hit: step=7099 p0id=6 p0type=1 p1id=13 p1type=0
analysis...
7099 -> analysis by 0_standard_traj|csv -> traj.csv ...
7099 -> analysis by 1_standard_traj|xyz -> traj.xyz ...
7099 -> analysis by 2_particleNumbers|csv -> out_particleNumbers.csv ...
7099 -> analysis by 3_standardReactionReporting|csv -> out_reactions.csv ...
hit: step=7100 p0id=13 p0type=0 p1id=14 p1type=1
hit: step=7101 p0id=13 p0type=0 p1id=14 p1type=1
hit: step=7102 p0id=13 p0type=0 p1id=14 p1type=1
hit: step=7103 p0id=13 p0type=0 p1id=14 p1type=1
hit: step=7104 p0id=13 p0type=0 p1id=14 p1type=1
hit: step=7105 p0id=13 p0type=0 p1id=14 p1type=1
hit: step=7106 p0id=13 p0type=0 p1id=14 p1type=1
hit: step=7107 p0id=13 p0type=0 p1id=14 p1type=1
hit: step=7108 p0id=13 p0type=0 p1id=14 p1type=1
hit: step=7109 p0id=13 p0type=0 p1id=14 p1type=1
hit: step=7109 p0id=6 p0type=1 p1id=13 p1type=0
hit: step=7110 p0id=13 p0type=0 p1id=14 p1type=1
hit: step=7110 p0id=6 p0type=1 p1id=13 p1type=0
hit: step=7111 p0id=13 p0type=0 p1id=14 p1type=1
hit: step=7111 p0id=6 p0type=1 p1id=13 p1type=0
hit: step=7112 p0id=13 p0type=0 p1id=14 p1type=1
hit: step=7112 p0id=6 p0type=1 p1id=13 p1type=0
hit: step=7113 p0id=13 p0type=0 p1id=14 p1type=1
hit: step=7113 p0id=6 p0type=1 p1id=13 p1type=0
hit: step=7114 p0id=13 p0type=0 p1id=14 p1type=1
hit: step=7114 p0id=6 p0type=1 p1id=13 p1type=0
hit: step=7115 p0id=13 p0type=0 p1id=14 p1type=1
hit: step=7115 p0id=6 p0type=1 p1id=13 p1type=0
hit: step=7116 p0id=13 p0type=0 p1id=14 p1type=1
hit: step=7117 p0id=13 p0type=0 p1id=14 p1type=1
hit: step=7118 p0id=13 p0type=0 p1id=14 p1type=1
hit: step=7119 p0id=13 p0type=0 p1id=14 p1type=1
hit: step=7120 p0id=13 p0type=0 p1id=14 p1type=1
hit: step=7121 p0id=13 p0type=0 p1id=14 p1type=1
hit: step=7122 p0id=13 p0type=0 p1id=14 p1type=1
hit: step=7123 p0id=13 p0type=0 p1id=14 p1type=1
hit: step=7124 p0id=13 p0type=0 p1id=14 p1type=1
hit: step=7125 p0id=13 p0type=0 p1id=14 p1type=1
hit: step=7126 p0id=13 p0type=0 p1id=14 p1type=1
hit: step=7127 p0id=13 p0type=0 p1id=14 p1type=1
hit: step=7128 p0id=13 p0type=0 p1id=14 p1type=1
hit: step=7129 p0id=13 p0type=0 p1id=14 p1type=1
hit: step=7130 p0id=13 p0type=0 p1id=14 p1type=1
hit: step=7131 p0id=13 p0type=0 p1id=14 p1type=1
hit: step=7132 p0id=13 p0type=0 p1id=14 p1type=1
hit: step=7133 p0id=13 p0type=0 p1id=14 p1type=1
hit: step=7134 p0id=13 p0type=0 p1id=14 p1type=1
hit: step=7135 p0id=13 p0type=0 p1id=14 p1type=1
hit: step=7136 p0id=13 p0type=0 p1id=14 p1type=1
hit: step=7137 p0id=13 p0type=0 p1id=14 p1type=1
hit: step=7138 p0id=13 p0type=0 p1id=14 p1type=1
hit: step=7139 p0id=13 p0type=0 p1id=14 p1type=1
hit: step=7140 p0id=13 p0type=0 p1id=14 p1type=1
hit: step=7141 p0id=13 p0type=0 p1id=14 p1type=1
hit: step=7142 p0id=13 p0type=0 p1id=14 p1type=1
hit: step=7143 p0id=13 p0type=0 p1id=14 p1type=1
hit: step=7144 p0id=13 p0type=0 p1id=14 p1type=1
hit: step=7145 p0id=13 p0type=0 p1id=14 p1type=1
hit: step=7146 p0id=13 p0type=0 p1id=14 p1type=1
hit: step=7147 p0id=13 p0type=0 p1id=14 p1type=1
hit: step=7148 p0id=13 p0type=0 p1id=14 p1type=1
hit: step=7149 p0id=13 p0type=0 p1id=14 p1type=1
hit: step=7150 p0id=13 p0type=0 p1id=14 p1type=1
hit: step=7151 p0id=13 p0type=0 p1id=14 p1type=1
hit: step=7152 p0id=13 p0type=0 p1id=14 p1type=1
hit: step=7153 p0id=13 p0type=0 p1id=14 p1type=1
hit: step=7154 p0id=13 p0type=0 p1id=14 p1type=1
hit: step=7155 p0id=13 p0type=0 p1id=14 p1type=1
hit: step=7156 p0id=13 p0type=0 p1id=14 p1type=1
hit: step=7157 p0id=13 p0type=0 p1id=14 p1type=1
hit: step=7158 p0id=13 p0type=0 p1id=14 p1type=1
hit: step=7159 p0id=13 p0type=0 p1id=14 p1type=1
hit: step=7160 p0id=13 p0type=0 p1id=14 p1type=1
hit: step=7161 p0id=13 p0type=0 p1id=14 p1type=1
hit: step=7162 p0id=13 p0type=0 p1id=14 p1type=1
hit: step=7163 p0id=13 p0type=0 p1id=14 p1type=1
hit: step=7164 p0id=13 p0type=0 p1id=14 p1type=1
hit: step=7165 p0id=13 p0type=0 p1id=14 p1type=1
hit: step=7166 p0id=13 p0type=0 p1id=14 p1type=1
hit: step=7167 p0id=13 p0type=0 p1id=14 p1type=1
hit: step=7168 p0id=13 p0type=0 p1id=14 p1type=1
hit: step=7169 p0id=13 p0type=0 p1id=14 p1type=1
hit: step=7170 p0id=13 p0type=0 p1id=14 p1type=1
hit: step=7171 p0id=13 p0type=0 p1id=14 p1type=1
hit: step=7172 p0id=13 p0type=0 p1id=14 p1type=1
hit: step=7173 p0id=13 p0type=0 p1id=14 p1type=1
hit: step=7174 p0id=13 p0type=0 p1id=14 p1type=1
hit: step=7175 p0id=13 p0type=0 p1id=14 p1type=1
hit: step=7176 p0id=13 p0type=0 p1id=14 p1type=1
hit: step=7177 p0id=13 p0type=0 p1id=14 p1type=1
hit: step=7178 p0id=13 p0type=0 p1id=14 p1type=1
hit: step=7179 p0id=13 p0type=0 p1id=14 p1type=1
hit: step=7180 p0id=13 p0type=0 p1id=14 p1type=1
hit: step=7181 p0id=13 p0type=0 p1id=14 p1type=1
hit: step=7182 p0id=13 p0type=0 p1id=14 p1type=1
hit: step=7183 p0id=13 p0type=0 p1id=14 p1type=1
hit: step=7184 p0id=13 p0type=0 p1id=14 p1type=1
hit: step=7185 p0id=13 p0type=0 p1id=14 p1type=1
hit: step=7186 p0id=13 p0type=0 p1id=14 p1type=1
hit: step=7187 p0id=13 p0type=0 p1id=14 p1type=1
hit: step=7188 p0id=13 p0type=0 p1id=14 p1type=1
hit: step=7189 p0id=13 p0type=0 p1id=14 p1type=1
hit: step=7190 p0id=13 p0type=0 p1id=14 p1type=1
hit: step=7191 p0id=13 p0type=0 p1id=14 p1type=1
hit: step=7192 p0id=13 p0type=0 p1id=14 p1type=1
hit: step=7193 p0id=13 p0type=0 p1id=14 p1type=1
hit: step=7194 p0id=13 p0type=0 p1id=14 p1type=1
hit: step=7195 p0id=13 p0type=0 p1id=14 p1type=1
hit: step=7196 p0id=13 p0type=0 p1id=14 p1type=1
hit: step=7197 p0id=13 p0type=0 p1id=14 p1type=1
hit: step=7198 p0id=13 p0type=0 p1id=14 p1type=1
hit: step=7199 p0id=13 p0type=0 p1id=14 p1type=1
analysis...
7199 -> analysis by 0_standard_traj|csv -> traj.csv ...
7199 -> analysis by 1_standard_traj|xyz -> traj.xyz ...
7199 -> analysis by 2_particleNumbers|csv -> out_particleNumbers.csv ...
7199 -> analysis by 3_standardReactionReporting|csv -> out_reactions.csv ...
hit: step=7200 p0id=13 p0type=0 p1id=14 p1type=1
hit: step=7201 p0id=13 p0type=0 p1id=14 p1type=1
hit: step=7202 p0id=13 p0type=0 p1id=14 p1type=1
hit: step=7203 p0id=13 p0type=0 p1id=14 p1type=1
hit: step=7204 p0id=13 p0type=0 p1id=14 p1type=1
hit: step=7205 p0id=13 p0type=0 p1id=14 p1type=1
hit: step=7206 p0id=13 p0type=0 p1id=14 p1type=1
hit: step=7207 p0id=13 p0type=0 p1id=14 p1type=1
hit: step=7208 p0id=13 p0type=0 p1id=14 p1type=1
hit: step=7209 p0id=13 p0type=0 p1id=14 p1type=1
hit: step=7210 p0id=13 p0type=0 p1id=14 p1type=1
hit: step=7211 p0id=13 p0type=0 p1id=14 p1type=1
hit: step=7212 p0id=13 p0type=0 p1id=14 p1type=1
hit: step=7213 p0id=13 p0type=0 p1id=14 p1type=1
hit: step=7214 p0id=13 p0type=0 p1id=14 p1type=1
hit: step=7215 p0id=13 p0type=0 p1id=14 p1type=1
hit: step=7216 p0id=13 p0type=0 p1id=14 p1type=1
hit: step=7217 p0id=13 p0type=0 p1id=14 p1type=1
hit: step=7218 p0id=13 p0type=0 p1id=14 p1type=1
hit: step=7219 p0id=13 p0type=0 p1id=14 p1type=1
hit: step=7220 p0id=13 p0type=0 p1id=14 p1type=1
hit: step=7221 p0id=13 p0type=0 p1id=14 p1type=1
hit: step=7222 p0id=13 p0type=0 p1id=14 p1type=1
hit: step=7223 p0id=13 p0type=0 p1id=14 p1type=1
hit: step=7224 p0id=13 p0type=0 p1id=14 p1type=1
hit: step=7225 p0id=13 p0type=0 p1id=14 p1type=1
hit: step=7226 p0id=13 p0type=0 p1id=14 p1type=1
hit: step=7227 p0id=13 p0type=0 p1id=14 p1type=1
hit: step=7228 p0id=13 p0type=0 p1id=14 p1type=1
hit: step=7229 p0id=13 p0type=0 p1id=14 p1type=1
hit: step=7229 p0id=6 p0type=1 p1id=13 p1type=0
hit: step=7230 p0id=13 p0type=0 p1id=14 p1type=1
hit: step=7231 p0id=13 p0type=0 p1id=14 p1type=1
hit: step=7231 p0id=6 p0type=1 p1id=13 p1type=0
hit: step=7232 p0id=13 p0type=0 p1id=14 p1type=1
hit: step=7232 p0id=6 p0type=1 p1id=13 p1type=0
hit: step=7233 p0id=13 p0type=0 p1id=14 p1type=1
hit: step=7233 p0id=6 p0type=1 p1id=13 p1type=0
hit: step=7234 p0id=13 p0type=0 p1id=14 p1type=1
hit: step=7234 p0id=6 p0type=1 p1id=13 p1type=0
hit: step=7235 p0id=13 p0type=0 p1id=14 p1type=1
hit: step=7235 p0id=6 p0type=1 p1id=13 p1type=0
hit: step=7236 p0id=13 p0type=0 p1id=14 p1type=1
hit: step=7236 p0id=6 p0type=1 p1id=13 p1type=0
hit: step=7237 p0id=13 p0type=0 p1id=14 p1type=1
hit: step=7237 p0id=6 p0type=1 p1id=13 p1type=0
hit: step=7238 p0id=13 p0type=0 p1id=14 p1type=1
hit: step=7238 p0id=6 p0type=1 p1id=13 p1type=0
hit: step=7239 p0id=13 p0type=0 p1id=14 p1type=1
hit: step=7239 p0id=6 p0type=1 p1id=13 p1type=0
hit: step=7240 p0id=13 p0type=0 p1id=14 p1type=1
hit: step=7240 p0id=6 p0type=1 p1id=13 p1type=0
hit: step=7241 p0id=13 p0type=0 p1id=14 p1type=1
hit: step=7241 p0id=6 p0type=1 p1id=13 p1type=0
hit: step=7242 p0id=13 p0type=0 p1id=14 p1type=1
hit: step=7242 p0id=6 p0type=1 p1id=13 p1type=0
hit: step=7243 p0id=13 p0type=0 p1id=14 p1type=1
hit: step=7243 p0id=6 p0type=1 p1id=13 p1type=0
hit: step=7244 p0id=13 p0type=0 p1id=14 p1type=1
hit: step=7244 p0id=6 p0type=1 p1id=13 p1type=0
hit: step=7245 p0id=13 p0type=0 p1id=14 p1type=1
hit: step=7245 p0id=6 p0type=1 p1id=13 p1type=0
hit: step=7246 p0id=13 p0type=0 p1id=14 p1type=1
hit: step=7246 p0id=6 p0type=1 p1id=13 p1type=0
hit: step=7247 p0id=13 p0type=0 p1id=14 p1type=1
hit: step=7247 p0id=6 p0type=1 p1id=13 p1type=0
hit: step=7248 p0id=13 p0type=0 p1id=14 p1type=1
hit: step=7248 p0id=6 p0type=1 p1id=13 p1type=0
hit: step=7249 p0id=13 p0type=0 p1id=14 p1type=1
hit: step=7249 p0id=6 p0type=1 p1id=13 p1type=0
hit: step=7250 p0id=13 p0type=0 p1id=14 p1type=1
hit: step=7250 p0id=6 p0type=1 p1id=13 p1type=0
hit: step=7251 p0id=13 p0type=0 p1id=14 p1type=1
hit: step=7251 p0id=6 p0type=1 p1id=13 p1type=0
hit: step=7252 p0id=13 p0type=0 p1id=14 p1type=1
hit: step=7252 p0id=6 p0type=1 p1id=13 p1type=0
hit: step=7253 p0id=13 p0type=0 p1id=14 p1type=1
hit: step=7253 p0id=6 p0type=1 p1id=13 p1type=0
hit: step=7254 p0id=13 p0type=0 p1id=14 p1type=1
hit: step=7254 p0id=6 p0type=1 p1id=13 p1type=0
hit: step=7255 p0id=13 p0type=0 p1id=14 p1type=1
hit: step=7255 p0id=6 p0type=1 p1id=13 p1type=0
hit: step=7256 p0id=13 p0type=0 p1id=14 p1type=1
hit: step=7256 p0id=6 p0type=1 p1id=13 p1type=0
hit: step=7257 p0id=13 p0type=0 p1id=14 p1type=1
hit: step=7257 p0id=6 p0type=1 p1id=13 p1type=0
hit: step=7258 p0id=13 p0type=0 p1id=14 p1type=1
hit: step=7258 p0id=6 p0type=1 p1id=13 p1type=0
hit: step=7259 p0id=13 p0type=0 p1id=14 p1type=1
hit: step=7259 p0id=6 p0type=1 p1id=13 p1type=0
hit: step=7260 p0id=13 p0type=0 p1id=14 p1type=1
hit: step=7260 p0id=6 p0type=1 p1id=13 p1type=0
hit: step=7261 p0id=13 p0type=0 p1id=14 p1type=1
hit: step=7261 p0id=6 p0type=1 p1id=13 p1type=0
hit: step=7262 p0id=13 p0type=0 p1id=14 p1type=1
hit: step=7262 p0id=6 p0type=1 p1id=13 p1type=0
hit: step=7263 p0id=13 p0type=0 p1id=14 p1type=1
hit: step=7263 p0id=6 p0type=1 p1id=13 p1type=0
hit: step=7264 p0id=13 p0type=0 p1id=14 p1type=1
hit: step=7264 p0id=6 p0type=1 p1id=13 p1type=0
hit: step=7265 p0id=13 p0type=0 p1id=14 p1type=1
hit: step=7265 p0id=6 p0type=1 p1id=13 p1type=0
hit: step=7266 p0id=13 p0type=0 p1id=14 p1type=1
hit: step=7266 p0id=6 p0type=1 p1id=13 p1type=0
hit: step=7267 p0id=13 p0type=0 p1id=14 p1type=1
hit: step=7267 p0id=6 p0type=1 p1id=13 p1type=0
hit: step=7268 p0id=13 p0type=0 p1id=14 p1type=1
hit: step=7268 p0id=6 p0type=1 p1id=13 p1type=0
hit: step=7269 p0id=13 p0type=0 p1id=14 p1type=1
hit: step=7269 p0id=6 p0type=1 p1id=13 p1type=0
hit: step=7270 p0id=13 p0type=0 p1id=14 p1type=1
hit: step=7270 p0id=6 p0type=1 p1id=13 p1type=0
hit: step=7271 p0id=13 p0type=0 p1id=14 p1type=1
hit: step=7271 p0id=6 p0type=1 p1id=13 p1type=0
hit: step=7272 p0id=13 p0type=0 p1id=14 p1type=1
hit: step=7272 p0id=6 p0type=1 p1id=13 p1type=0
hit: step=7273 p0id=13 p0type=0 p1id=14 p1type=1
hit: step=7273 p0id=6 p0type=1 p1id=13 p1type=0
hit: step=7274 p0id=13 p0type=0 p1id=14 p1type=1
hit: step=7274 p0id=6 p0type=1 p1id=13 p1type=0
hit: step=7275 p0id=13 p0type=0 p1id=14 p1type=1
hit: step=7275 p0id=6 p0type=1 p1id=13 p1type=0
hit: step=7276 p0id=13 p0type=0 p1id=14 p1type=1
hit: step=7276 p0id=6 p0type=1 p1id=13 p1type=0
hit: step=7277 p0id=13 p0type=0 p1id=14 p1type=1
hit: step=7277 p0id=6 p0type=1 p1id=13 p1type=0
hit: step=7278 p0id=13 p0type=0 p1id=14 p1type=1
hit: step=7278 p0id=6 p0type=1 p1id=13 p1type=0
hit: step=7279 p0id=13 p0type=0 p1id=14 p1type=1
hit: step=7279 p0id=6 p0type=1 p1id=13 p1type=0
hit: step=7280 p0id=13 p0type=0 p1id=14 p1type=1
hit: step=7280 p0id=6 p0type=1 p1id=13 p1type=0
hit: step=7281 p0id=13 p0type=0 p1id=14 p1type=1
hit: step=7281 p0id=6 p0type=1 p1id=13 p1type=0
hit: step=7282 p0id=13 p0type=0 p1id=14 p1type=1
hit: step=7282 p0id=6 p0type=1 p1id=13 p1type=0
hit: step=7283 p0id=13 p0type=0 p1id=14 p1type=1
hit: step=7283 p0id=6 p0type=1 p1id=13 p1type=0
hit: step=7284 p0id=13 p0type=0 p1id=14 p1type=1
hit: step=7284 p0id=6 p0type=1 p1id=13 p1type=0
hit: step=7285 p0id=13 p0type=0 p1id=14 p1type=1
hit: step=7285 p0id=6 p0type=1 p1id=13 p1type=0
hit: step=7286 p0id=13 p0type=0 p1id=14 p1type=1
hit: step=7286 p0id=6 p0type=1 p1id=13 p1type=0
hit: step=7287 p0id=13 p0type=0 p1id=14 p1type=1
hit: step=7287 p0id=6 p0type=1 p1id=13 p1type=0
hit: step=7288 p0id=13 p0type=0 p1id=14 p1type=1
hit: step=7288 p0id=6 p0type=1 p1id=13 p1type=0
hit: step=7289 p0id=13 p0type=0 p1id=14 p1type=1
hit: step=7289 p0id=6 p0type=1 p1id=13 p1type=0
hit: step=7290 p0id=13 p0type=0 p1id=14 p1type=1
hit: step=7290 p0id=6 p0type=1 p1id=13 p1type=0
hit: step=7291 p0id=13 p0type=0 p1id=14 p1type=1
hit: step=7291 p0id=6 p0type=1 p1id=13 p1type=0
hit: step=7292 p0id=13 p0type=0 p1id=14 p1type=1
hit: step=7292 p0id=6 p0type=1 p1id=13 p1type=0
hit: step=7293 p0id=13 p0type=0 p1id=14 p1type=1
hit: step=7293 p0id=6 p0type=1 p1id=13 p1type=0
hit: step=7294 p0id=13 p0type=0 p1id=14 p1type=1
hit: step=7294 p0id=6 p0type=1 p1id=13 p1type=0
hit: step=7295 p0id=13 p0type=0 p1id=14 p1type=1
hit: step=7295 p0id=6 p0type=1 p1id=13 p1type=0
hit: step=7296 p0id=13 p0type=0 p1id=14 p1type=1
hit: step=7296 p0id=6 p0type=1 p1id=13 p1type=0
hit: step=7297 p0id=13 p0type=0 p1id=14 p1type=1
hit: step=7297 p0id=6 p0type=1 p1id=13 p1type=0
hit: step=7298 p0id=13 p0type=0 p1id=14 p1type=1
hit: step=7298 p0id=6 p0type=1 p1id=13 p1type=0
hit: step=7299 p0id=13 p0type=0 p1id=14 p1type=1
hit: step=7299 p0id=6 p0type=1 p1id=13 p1type=0
analysis...
7299 -> analysis by 0_standard_traj|csv -> traj.csv ...
7299 -> analysis by 1_standard_traj|xyz -> traj.xyz ...
7299 -> analysis by 2_particleNumbers|csv -> out_particleNumbers.csv ...
7299 -> analysis by 3_standardReactionReporting|csv -> out_reactions.csv ...
hit: step=7300 p0id=13 p0type=0 p1id=14 p1type=1
hit: step=7300 p0id=6 p0type=1 p1id=13 p1type=0
hit: step=7301 p0id=13 p0type=0 p1id=14 p1type=1
hit: step=7301 p0id=6 p0type=1 p1id=13 p1type=0
hit: step=7302 p0id=13 p0type=0 p1id=14 p1type=1
hit: step=7302 p0id=6 p0type=1 p1id=13 p1type=0
hit: step=7303 p0id=13 p0type=0 p1id=14 p1type=1
hit: step=7303 p0id=6 p0type=1 p1id=13 p1type=0
hit: step=7304 p0id=13 p0type=0 p1id=14 p1type=1
hit: step=7304 p0id=6 p0type=1 p1id=13 p1type=0
hit: step=7305 p0id=13 p0type=0 p1id=14 p1type=1
hit: step=7305 p0id=6 p0type=1 p1id=13 p1type=0
hit: step=7306 p0id=13 p0type=0 p1id=14 p1type=1
hit: step=7306 p0id=6 p0type=1 p1id=13 p1type=0
hit: step=7307 p0id=13 p0type=0 p1id=14 p1type=1
hit: step=7307 p0id=6 p0type=1 p1id=13 p1type=0
hit: step=7308 p0id=13 p0type=0 p1id=14 p1type=1
hit: step=7308 p0id=6 p0type=1 p1id=13 p1type=0
hit: step=7309 p0id=13 p0type=0 p1id=14 p1type=1
hit: step=7309 p0id=6 p0type=1 p1id=13 p1type=0
hit: step=7310 p0id=13 p0type=0 p1id=14 p1type=1
hit: step=7310 p0id=6 p0type=1 p1id=13 p1type=0
hit: step=7311 p0id=13 p0type=0 p1id=14 p1type=1
hit: step=7311 p0id=6 p0type=1 p1id=13 p1type=0
hit: step=7312 p0id=13 p0type=0 p1id=14 p1type=1
hit: step=7312 p0id=6 p0type=1 p1id=13 p1type=0
hit: step=7313 p0id=13 p0type=0 p1id=14 p1type=1
hit: step=7313 p0id=6 p0type=1 p1id=13 p1type=0
hit: step=7314 p0id=13 p0type=0 p1id=14 p1type=1
hit: step=7314 p0id=6 p0type=1 p1id=13 p1type=0
hit: step=7315 p0id=13 p0type=0 p1id=14 p1type=1
hit: step=7315 p0id=6 p0type=1 p1id=13 p1type=0
hit: step=7316 p0id=13 p0type=0 p1id=14 p1type=1
hit: step=7316 p0id=6 p0type=1 p1id=13 p1type=0
hit: step=7317 p0id=13 p0type=0 p1id=14 p1type=1
hit: step=7317 p0id=6 p0type=1 p1id=13 p1type=0
hit: step=7318 p0id=13 p0type=0 p1id=14 p1type=1
hit: step=7318 p0id=6 p0type=1 p1id=13 p1type=0
hit: step=7319 p0id=13 p0type=0 p1id=14 p1type=1
hit: step=7319 p0id=6 p0type=1 p1id=13 p1type=0
hit: step=7320 p0id=13 p0type=0 p1id=14 p1type=1
hit: step=7320 p0id=6 p0type=1 p1id=13 p1type=0
hit: step=7321 p0id=13 p0type=0 p1id=14 p1type=1
hit: step=7321 p0id=6 p0type=1 p1id=13 p1type=0
hit: step=7322 p0id=13 p0type=0 p1id=14 p1type=1
hit: step=7322 p0id=6 p0type=1 p1id=13 p1type=0
hit: step=7323 p0id=13 p0type=0 p1id=14 p1type=1
hit: step=7323 p0id=6 p0type=1 p1id=13 p1type=0
hit: step=7324 p0id=13 p0type=0 p1id=14 p1type=1
hit: step=7324 p0id=6 p0type=1 p1id=13 p1type=0
hit: step=7325 p0id=13 p0type=0 p1id=14 p1type=1
hit: step=7325 p0id=6 p0type=1 p1id=13 p1type=0
hit: step=7326 p0id=13 p0type=0 p1id=14 p1type=1
hit: step=7326 p0id=6 p0type=1 p1id=13 p1type=0
hit: step=7327 p0id=13 p0type=0 p1id=14 p1type=1
hit: step=7327 p0id=6 p0type=1 p1id=13 p1type=0
hit: step=7328 p0id=13 p0type=0 p1id=14 p1type=1
hit: step=7328 p0id=6 p0type=1 p1id=13 p1type=0
hit: step=7329 p0id=13 p0type=0 p1id=14 p1type=1
hit: step=7329 p0id=6 p0type=1 p1id=13 p1type=0
hit: step=7330 p0id=13 p0type=0 p1id=14 p1type=1
hit: step=7330 p0id=6 p0type=1 p1id=13 p1type=0
hit: step=7331 p0id=13 p0type=0 p1id=14 p1type=1
hit: step=7331 p0id=6 p0type=1 p1id=13 p1type=0
hit: step=7332 p0id=13 p0type=0 p1id=14 p1type=1
hit: step=7332 p0id=6 p0type=1 p1id=13 p1type=0
hit: step=7333 p0id=13 p0type=0 p1id=14 p1type=1
hit: step=7333 p0id=6 p0type=1 p1id=13 p1type=0
hit: step=7334 p0id=13 p0type=0 p1id=14 p1type=1
hit: step=7334 p0id=6 p0type=1 p1id=13 p1type=0
hit: step=7335 p0id=13 p0type=0 p1id=14 p1type=1
hit: step=7335 p0id=6 p0type=1 p1id=13 p1type=0
hit: step=7336 p0id=13 p0type=0 p1id=14 p1type=1
hit: step=7336 p0id=6 p0type=1 p1id=13 p1type=0
hit: step=7337 p0id=13 p0type=0 p1id=14 p1type=1
hit: step=7337 p0id=6 p0type=1 p1id=13 p1type=0
hit: step=7338 p0id=6 p0type=1 p1id=13 p1type=0
hit: step=7339 p0id=6 p0type=1 p1id=13 p1type=0
hit: step=7340 p0id=6 p0type=1 p1id=13 p1type=0
hit: step=7341 p0id=6 p0type=1 p1id=13 p1type=0
hit: step=7342 p0id=6 p0type=1 p1id=13 p1type=0
hit: step=7343 p0id=6 p0type=1 p1id=13 p1type=0
hit: step=7344 p0id=6 p0type=1 p1id=13 p1type=0
hit: step=7345 p0id=6 p0type=1 p1id=13 p1type=0
hit: step=7346 p0id=6 p0type=1 p1id=13 p1type=0
hit: step=7347 p0id=6 p0type=1 p1id=13 p1type=0
hit: step=7348 p0id=6 p0type=1 p1id=13 p1type=0
hit: step=7349 p0id=6 p0type=1 p1id=13 p1type=0
hit: step=7350 p0id=6 p0type=1 p1id=13 p1type=0
hit: step=7351 p0id=6 p0type=1 p1id=13 p1type=0
hit: step=7352 p0id=6 p0type=1 p1id=13 p1type=0
hit: step=7353 p0id=13 p0type=0 p1id=14 p1type=1
hit: step=7353 p0id=6 p0type=1 p1id=13 p1type=0
hit: step=7354 p0id=13 p0type=0 p1id=14 p1type=1
hit: step=7354 p0id=6 p0type=1 p1id=13 p1type=0
hit: step=7355 p0id=13 p0type=0 p1id=14 p1type=1
hit: step=7355 p0id=6 p0type=1 p1id=13 p1type=0
hit: step=7356 p0id=13 p0type=0 p1id=14 p1type=1
hit: step=7356 p0id=6 p0type=1 p1id=13 p1type=0
hit: step=7357 p0id=13 p0type=0 p1id=14 p1type=1
hit: step=7357 p0id=6 p0type=1 p1id=13 p1type=0
hit: step=7358 p0id=13 p0type=0 p1id=14 p1type=1
hit: step=7358 p0id=6 p0type=1 p1id=13 p1type=0
hit: step=7359 p0id=13 p0type=0 p1id=14 p1type=1
hit: step=7359 p0id=6 p0type=1 p1id=13 p1type=0
hit: step=7360 p0id=13 p0type=0 p1id=14 p1type=1
hit: step=7360 p0id=6 p0type=1 p1id=13 p1type=0
hit: step=7361 p0id=6 p0type=1 p1id=13 p1type=0
hit: step=7362 p0id=6 p0type=1 p1id=13 p1type=0
hit: step=7363 p0id=6 p0type=1 p1id=13 p1type=0
hit: step=7364 p0id=6 p0type=1 p1id=13 p1type=0
hit: step=7366 p0id=6 p0type=1 p1id=13 p1type=0
hit: step=7367 p0id=6 p0type=1 p1id=13 p1type=0
hit: step=7368 p0id=6 p0type=1 p1id=13 p1type=0
hit: step=7369 p0id=6 p0type=1 p1id=13 p1type=0
hit: step=7370 p0id=13 p0type=0 p1id=14 p1type=1
hit: step=7370 p0id=6 p0type=1 p1id=13 p1type=0
hit: step=7371 p0id=13 p0type=0 p1id=14 p1type=1
hit: step=7371 p0id=6 p0type=1 p1id=13 p1type=0
hit: step=7372 p0id=13 p0type=0 p1id=14 p1type=1
hit: step=7372 p0id=6 p0type=1 p1id=13 p1type=0
hit: step=7373 p0id=13 p0type=0 p1id=14 p1type=1
hit: step=7373 p0id=6 p0type=1 p1id=13 p1type=0
hit: step=7374 p0id=13 p0type=0 p1id=14 p1type=1
hit: step=7374 p0id=6 p0type=1 p1id=13 p1type=0
hit: step=7375 p0id=6 p0type=1 p1id=13 p1type=0
hit: step=7376 p0id=13 p0type=0 p1id=14 p1type=1
hit: step=7377 p0id=13 p0type=0 p1id=14 p1type=1
hit: step=7378 p0id=13 p0type=0 p1id=14 p1type=1
hit: step=7379 p0id=13 p0type=0 p1id=14 p1type=1
hit: step=7379 p0id=6 p0type=1 p1id=13 p1type=0
hit: step=7380 p0id=13 p0type=0 p1id=14 p1type=1
hit: step=7380 p0id=6 p0type=1 p1id=13 p1type=0
hit: step=7381 p0id=13 p0type=0 p1id=14 p1type=1
hit: step=7381 p0id=6 p0type=1 p1id=13 p1type=0
hit: step=7382 p0id=13 p0type=0 p1id=14 p1type=1
hit: step=7382 p0id=6 p0type=1 p1id=13 p1type=0
hit: step=7383 p0id=13 p0type=0 p1id=14 p1type=1
hit: step=7383 p0id=6 p0type=1 p1id=13 p1type=0
hit: step=7384 p0id=13 p0type=0 p1id=14 p1type=1
hit: step=7384 p0id=6 p0type=1 p1id=13 p1type=0
hit: step=7385 p0id=13 p0type=0 p1id=14 p1type=1
hit: step=7385 p0id=6 p0type=1 p1id=13 p1type=0
hit: step=7386 p0id=13 p0type=0 p1id=14 p1type=1
hit: step=7386 p0id=6 p0type=1 p1id=13 p1type=0
hit: step=7387 p0id=13 p0type=0 p1id=14 p1type=1
hit: step=7387 p0id=6 p0type=1 p1id=13 p1type=0
hit: step=7388 p0id=13 p0type=0 p1id=14 p1type=1
hit: step=7388 p0id=6 p0type=1 p1id=13 p1type=0
hit: step=7389 p0id=13 p0type=0 p1id=14 p1type=1
hit: step=7389 p0id=6 p0type=1 p1id=13 p1type=0
hit: step=7390 p0id=13 p0type=0 p1id=14 p1type=1
hit: step=7390 p0id=6 p0type=1 p1id=13 p1type=0
hit: step=7391 p0id=13 p0type=0 p1id=14 p1type=1
hit: step=7391 p0id=6 p0type=1 p1id=13 p1type=0
hit: step=7392 p0id=13 p0type=0 p1id=14 p1type=1
hit: step=7392 p0id=6 p0type=1 p1id=13 p1type=0
hit: step=7393 p0id=13 p0type=0 p1id=14 p1type=1
hit: step=7393 p0id=6 p0type=1 p1id=13 p1type=0
hit: step=7394 p0id=13 p0type=0 p1id=14 p1type=1
hit: step=7394 p0id=6 p0type=1 p1id=13 p1type=0
hit: step=7395 p0id=13 p0type=0 p1id=14 p1type=1
hit: step=7395 p0id=6 p0type=1 p1id=13 p1type=0
hit: step=7396 p0id=13 p0type=0 p1id=14 p1type=1
hit: step=7396 p0id=6 p0type=1 p1id=13 p1type=0
hit: step=7397 p0id=13 p0type=0 p1id=14 p1type=1
hit: step=7397 p0id=6 p0type=1 p1id=13 p1type=0
hit: step=7398 p0id=13 p0type=0 p1id=14 p1type=1
hit: step=7398 p0id=6 p0type=1 p1id=13 p1type=0
hit: step=7399 p0id=13 p0type=0 p1id=14 p1type=1
hit: step=7399 p0id=6 p0type=1 p1id=13 p1type=0
analysis...
7399 -> analysis by 0_standard_traj|csv -> traj.csv ...
7399 -> analysis by 1_standard_traj|xyz -> traj.xyz ...
7399 -> analysis by 2_particleNumbers|csv -> out_particleNumbers.csv ...
7399 -> analysis by 3_standardReactionReporting|csv -> out_reactions.csv ...
hit: step=7400 p0id=13 p0type=0 p1id=14 p1type=1
hit: step=7400 p0id=6 p0type=1 p1id=13 p1type=0
hit: step=7401 p0id=13 p0type=0 p1id=14 p1type=1
hit: step=7401 p0id=6 p0type=1 p1id=13 p1type=0
hit: step=7402 p0id=13 p0type=0 p1id=14 p1type=1
hit: step=7402 p0id=6 p0type=1 p1id=13 p1type=0
hit: step=7403 p0id=13 p0type=0 p1id=14 p1type=1
hit: step=7403 p0id=6 p0type=1 p1id=13 p1type=0
hit: step=7404 p0id=13 p0type=0 p1id=14 p1type=1
hit: step=7404 p0id=6 p0type=1 p1id=13 p1type=0
hit: step=7405 p0id=13 p0type=0 p1id=14 p1type=1
hit: step=7405 p0id=6 p0type=1 p1id=13 p1type=0
hit: step=7406 p0id=13 p0type=0 p1id=14 p1type=1
hit: step=7406 p0id=6 p0type=1 p1id=13 p1type=0
hit: step=7407 p0id=13 p0type=0 p1id=14 p1type=1
hit: step=7407 p0id=6 p0type=1 p1id=13 p1type=0
hit: step=7408 p0id=13 p0type=0 p1id=14 p1type=1
hit: step=7408 p0id=6 p0type=1 p1id=13 p1type=0
hit: step=7409 p0id=13 p0type=0 p1id=14 p1type=1
hit: step=7409 p0id=6 p0type=1 p1id=13 p1type=0
hit: step=7410 p0id=13 p0type=0 p1id=14 p1type=1
hit: step=7410 p0id=6 p0type=1 p1id=13 p1type=0
hit: step=7411 p0id=13 p0type=0 p1id=14 p1type=1
hit: step=7411 p0id=6 p0type=1 p1id=13 p1type=0
hit: step=7412 p0id=13 p0type=0 p1id=14 p1type=1
hit: step=7412 p0id=6 p0type=1 p1id=13 p1type=0
hit: step=7413 p0id=13 p0type=0 p1id=14 p1type=1
hit: step=7413 p0id=6 p0type=1 p1id=13 p1type=0
hit: step=7414 p0id=13 p0type=0 p1id=14 p1type=1
hit: step=7414 p0id=6 p0type=1 p1id=13 p1type=0
hit: step=7415 p0id=13 p0type=0 p1id=14 p1type=1
hit: step=7415 p0id=6 p0type=1 p1id=13 p1type=0
hit: step=7416 p0id=13 p0type=0 p1id=14 p1type=1
hit: step=7416 p0id=6 p0type=1 p1id=13 p1type=0
hit: step=7417 p0id=13 p0type=0 p1id=14 p1type=1
hit: step=7417 p0id=6 p0type=1 p1id=13 p1type=0
hit: step=7418 p0id=6 p0type=1 p1id=13 p1type=0
hit: step=7419 p0id=13 p0type=0 p1id=14 p1type=1
hit: step=7419 p0id=6 p0type=1 p1id=13 p1type=0
hit: step=7420 p0id=6 p0type=1 p1id=13 p1type=0
hit: step=7421 p0id=6 p0type=1 p1id=13 p1type=0
hit: step=7422 p0id=6 p0type=1 p1id=13 p1type=0
hit: step=7423 p0id=13 p0type=0 p1id=14 p1type=1
hit: step=7423 p0id=6 p0type=1 p1id=13 p1type=0
hit: step=7424 p0id=6 p0type=1 p1id=13 p1type=0
hit: step=7425 p0id=6 p0type=1 p1id=13 p1type=0
hit: step=7426 p0id=13 p0type=0 p1id=14 p1type=1
hit: step=7426 p0id=6 p0type=1 p1id=13 p1type=0
hit: step=7427 p0id=6 p0type=1 p1id=13 p1type=0
hit: step=7428 p0id=6 p0type=1 p1id=13 p1type=0
hit: step=7429 p0id=13 p0type=0 p1id=14 p1type=1
hit: step=7429 p0id=6 p0type=1 p1id=13 p1type=0
hit: step=7430 p0id=13 p0type=0 p1id=14 p1type=1
hit: step=7430 p0id=6 p0type=1 p1id=13 p1type=0
hit: step=7431 p0id=13 p0type=0 p1id=14 p1type=1
hit: step=7431 p0id=6 p0type=1 p1id=13 p1type=0
hit: step=7432 p0id=13 p0type=0 p1id=14 p1type=1
hit: step=7432 p0id=6 p0type=1 p1id=13 p1type=0
hit: step=7433 p0id=13 p0type=0 p1id=14 p1type=1
hit: step=7433 p0id=6 p0type=1 p1id=13 p1type=0
hit: step=7434 p0id=13 p0type=0 p1id=14 p1type=1
hit: step=7434 p0id=6 p0type=1 p1id=13 p1type=0
hit: step=7435 p0id=13 p0type=0 p1id=14 p1type=1
hit: step=7435 p0id=6 p0type=1 p1id=13 p1type=0
hit: step=7436 p0id=13 p0type=0 p1id=14 p1type=1
hit: step=7436 p0id=6 p0type=1 p1id=13 p1type=0
hit: step=7437 p0id=13 p0type=0 p1id=14 p1type=1
hit: step=7437 p0id=6 p0type=1 p1id=13 p1type=0
hit: step=7438 p0id=13 p0type=0 p1id=14 p1type=1
hit: step=7438 p0id=6 p0type=1 p1id=13 p1type=0
hit: step=7439 p0id=6 p0type=1 p1id=13 p1type=0
hit: step=7440 p0id=13 p0type=0 p1id=14 p1type=1
hit: step=7440 p0id=6 p0type=1 p1id=13 p1type=0
hit: step=7441 p0id=6 p0type=1 p1id=13 p1type=0
hit: step=7442 p0id=6 p0type=1 p1id=13 p1type=0
hit: step=7443 p0id=13 p0type=0 p1id=14 p1type=1
hit: step=7443 p0id=6 p0type=1 p1id=13 p1type=0
hit: step=7444 p0id=13 p0type=0 p1id=14 p1type=1
hit: step=7444 p0id=6 p0type=1 p1id=13 p1type=0
hit: step=7445 p0id=13 p0type=0 p1id=14 p1type=1
hit: step=7445 p0id=6 p0type=1 p1id=13 p1type=0
hit: step=7446 p0id=6 p0type=1 p1id=13 p1type=0
hit: step=7447 p0id=6 p0type=1 p1id=13 p1type=0
hit: step=7448 p0id=6 p0type=1 p1id=13 p1type=0
hit: step=7449 p0id=6 p0type=1 p1id=13 p1type=0
hit: step=7450 p0id=6 p0type=1 p1id=13 p1type=0
hit: step=7451 p0id=6 p0type=1 p1id=13 p1type=0
hit: step=7452 p0id=6 p0type=1 p1id=13 p1type=0
hit: step=7453 p0id=6 p0type=1 p1id=13 p1type=0
hit: step=7454 p0id=6 p0type=1 p1id=13 p1type=0
hit: step=7455 p0id=6 p0type=1 p1id=13 p1type=0
hit: step=7456 p0id=6 p0type=1 p1id=13 p1type=0
hit: step=7457 p0id=6 p0type=1 p1id=13 p1type=0
hit: step=7458 p0id=6 p0type=1 p1id=13 p1type=0
hit: step=7459 p0id=6 p0type=1 p1id=13 p1type=0
hit: step=7460 p0id=6 p0type=1 p1id=13 p1type=0
hit: step=7461 p0id=6 p0type=1 p1id=13 p1type=0
hit: step=7462 p0id=6 p0type=1 p1id=13 p1type=0
hit: step=7463 p0id=6 p0type=1 p1id=13 p1type=0
hit: step=7464 p0id=6 p0type=1 p1id=13 p1type=0
hit: step=7465 p0id=6 p0type=1 p1id=13 p1type=0
hit: step=7466 p0id=6 p0type=1 p1id=13 p1type=0
hit: step=7467 p0id=6 p0type=1 p1id=13 p1type=0
hit: step=7468 p0id=6 p0type=1 p1id=13 p1type=0
hit: step=7469 p0id=6 p0type=1 p1id=13 p1type=0
hit: step=7470 p0id=6 p0type=1 p1id=13 p1type=0
hit: step=7471 p0id=6 p0type=1 p1id=13 p1type=0
hit: step=7472 p0id=6 p0type=1 p1id=13 p1type=0
hit: step=7473 p0id=6 p0type=1 p1id=13 p1type=0
hit: step=7474 p0id=6 p0type=1 p1id=13 p1type=0
hit: step=7475 p0id=6 p0type=1 p1id=13 p1type=0
hit: step=7476 p0id=6 p0type=1 p1id=13 p1type=0
hit: step=7477 p0id=6 p0type=1 p1id=13 p1type=0
hit: step=7478 p0id=6 p0type=1 p1id=13 p1type=0
hit: step=7479 p0id=6 p0type=1 p1id=13 p1type=0
hit: step=7480 p0id=6 p0type=1 p1id=13 p1type=0
hit: step=7481 p0id=6 p0type=1 p1id=13 p1type=0
hit: step=7482 p0id=6 p0type=1 p1id=13 p1type=0
hit: step=7483 p0id=6 p0type=1 p1id=13 p1type=0
hit: step=7484 p0id=6 p0type=1 p1id=13 p1type=0
hit: step=7485 p0id=6 p0type=1 p1id=13 p1type=0
hit: step=7486 p0id=6 p0type=1 p1id=13 p1type=0
hit: step=7487 p0id=6 p0type=1 p1id=13 p1type=0
hit: step=7488 p0id=6 p0type=1 p1id=13 p1type=0
hit: step=7489 p0id=6 p0type=1 p1id=13 p1type=0
hit: step=7490 p0id=6 p0type=1 p1id=13 p1type=0
hit: step=7491 p0id=6 p0type=1 p1id=13 p1type=0
hit: step=7492 p0id=6 p0type=1 p1id=13 p1type=0
hit: step=7493 p0id=6 p0type=1 p1id=13 p1type=0
hit: step=7494 p0id=6 p0type=1 p1id=13 p1type=0
hit: step=7495 p0id=6 p0type=1 p1id=13 p1type=0
hit: step=7496 p0id=6 p0type=1 p1id=13 p1type=0
hit: step=7497 p0id=6 p0type=1 p1id=13 p1type=0
hit: step=7498 p0id=6 p0type=1 p1id=13 p1type=0
hit: step=7499 p0id=6 p0type=1 p1id=13 p1type=0
analysis...
7499 -> analysis by 0_standard_traj|csv -> traj.csv ...
7499 -> analysis by 1_standard_traj|xyz -> traj.xyz ...
7499 -> analysis by 2_particleNumbers|csv -> out_particleNumbers.csv ...
7499 -> analysis by 3_standardReactionReporting|csv -> out_reactions.csv ...
hit: step=7500 p0id=6 p0type=1 p1id=13 p1type=0
hit: step=7501 p0id=6 p0type=1 p1id=13 p1type=0
hit: step=7502 p0id=6 p0type=1 p1id=13 p1type=0
hit: step=7503 p0id=6 p0type=1 p1id=13 p1type=0
hit: step=7504 p0id=6 p0type=1 p1id=13 p1type=0
hit: step=7505 p0id=6 p0type=1 p1id=13 p1type=0
hit: step=7506 p0id=6 p0type=1 p1id=13 p1type=0
hit: step=7507 p0id=6 p0type=1 p1id=13 p1type=0
hit: step=7508 p0id=6 p0type=1 p1id=13 p1type=0
hit: step=7509 p0id=6 p0type=1 p1id=13 p1type=0
hit: step=7510 p0id=13 p0type=0 p1id=14 p1type=1
hit: step=7510 p0id=6 p0type=1 p1id=13 p1type=0
hit: step=7511 p0id=13 p0type=0 p1id=14 p1type=1
hit: step=7511 p0id=6 p0type=1 p1id=13 p1type=0
hit: step=7512 p0id=13 p0type=0 p1id=14 p1type=1
hit: step=7512 p0id=6 p0type=1 p1id=13 p1type=0
hit: step=7513 p0id=13 p0type=0 p1id=14 p1type=1
hit: step=7513 p0id=6 p0type=1 p1id=13 p1type=0
hit: step=7514 p0id=13 p0type=0 p1id=14 p1type=1
hit: step=7514 p0id=6 p0type=1 p1id=13 p1type=0
hit: step=7515 p0id=13 p0type=0 p1id=14 p1type=1
hit: step=7515 p0id=6 p0type=1 p1id=13 p1type=0
hit: step=7516 p0id=13 p0type=0 p1id=14 p1type=1
hit: step=7516 p0id=6 p0type=1 p1id=13 p1type=0
hit: step=7517 p0id=13 p0type=0 p1id=14 p1type=1
hit: step=7517 p0id=6 p0type=1 p1id=13 p1type=0
hit: step=7518 p0id=13 p0type=0 p1id=14 p1type=1
hit: step=7518 p0id=6 p0type=1 p1id=13 p1type=0
hit: step=7519 p0id=13 p0type=0 p1id=14 p1type=1
hit: step=7519 p0id=6 p0type=1 p1id=13 p1type=0
hit: step=7520 p0id=13 p0type=0 p1id=14 p1type=1
hit: step=7520 p0id=6 p0type=1 p1id=13 p1type=0
hit: step=7521 p0id=13 p0type=0 p1id=14 p1type=1
hit: step=7521 p0id=6 p0type=1 p1id=13 p1type=0
hit: step=7522 p0id=13 p0type=0 p1id=14 p1type=1
hit: step=7522 p0id=6 p0type=1 p1id=13 p1type=0
hit: step=7523 p0id=13 p0type=0 p1id=14 p1type=1
hit: step=7523 p0id=6 p0type=1 p1id=13 p1type=0
hit: step=7524 p0id=13 p0type=0 p1id=14 p1type=1
hit: step=7524 p0id=6 p0type=1 p1id=13 p1type=0
hit: step=7525 p0id=13 p0type=0 p1id=14 p1type=1
hit: step=7525 p0id=6 p0type=1 p1id=13 p1type=0
hit: step=7526 p0id=13 p0type=0 p1id=14 p1type=1
hit: step=7526 p0id=6 p0type=1 p1id=13 p1type=0
hit: step=7527 p0id=13 p0type=0 p1id=14 p1type=1
hit: step=7528 p0id=13 p0type=0 p1id=14 p1type=1
hit: step=7528 p0id=6 p0type=1 p1id=13 p1type=0
hit: step=7529 p0id=13 p0type=0 p1id=14 p1type=1
hit: step=7529 p0id=6 p0type=1 p1id=13 p1type=0
hit: step=7530 p0id=13 p0type=0 p1id=14 p1type=1
hit: step=7530 p0id=6 p0type=1 p1id=13 p1type=0
hit: step=7531 p0id=13 p0type=0 p1id=14 p1type=1
hit: step=7531 p0id=6 p0type=1 p1id=13 p1type=0
hit: step=7532 p0id=13 p0type=0 p1id=14 p1type=1
hit: step=7532 p0id=6 p0type=1 p1id=13 p1type=0
hit: step=7533 p0id=13 p0type=0 p1id=14 p1type=1
hit: step=7533 p0id=6 p0type=1 p1id=13 p1type=0
hit: step=7534 p0id=13 p0type=0 p1id=14 p1type=1
hit: step=7534 p0id=6 p0type=1 p1id=13 p1type=0
hit: step=7535 p0id=13 p0type=0 p1id=14 p1type=1
hit: step=7535 p0id=6 p0type=1 p1id=13 p1type=0
hit: step=7536 p0id=13 p0type=0 p1id=14 p1type=1
hit: step=7536 p0id=6 p0type=1 p1id=13 p1type=0
hit: step=7537 p0id=13 p0type=0 p1id=14 p1type=1
hit: step=7537 p0id=6 p0type=1 p1id=13 p1type=0
hit: step=7538 p0id=13 p0type=0 p1id=14 p1type=1
hit: step=7538 p0id=6 p0type=1 p1id=13 p1type=0
hit: step=7539 p0id=13 p0type=0 p1id=14 p1type=1
hit: step=7539 p0id=6 p0type=1 p1id=13 p1type=0
hit: step=7540 p0id=13 p0type=0 p1id=14 p1type=1
hit: step=7540 p0id=6 p0type=1 p1id=13 p1type=0
analysis...
7599 -> analysis by 0_standard_traj|csv -> traj.csv ...
7599 -> analysis by 1_standard_traj|xyz -> traj.xyz ...
7599 -> analysis by 2_particleNumbers|csv -> out_particleNumbers.csv ...
7599 -> analysis by 3_standardReactionReporting|csv -> out_reactions.csv ...
analysis...
7699 -> analysis by 0_standard_traj|csv -> traj.csv ...
7699 -> analysis by 1_standard_traj|xyz -> traj.xyz ...
7699 -> analysis by 2_particleNumbers|csv -> out_particleNumbers.csv ...
7699 -> analysis by 3_standardReactionReporting|csv -> out_reactions.csv ...
hit: step=7720 p0id=4 p0type=0 p1id=14 p1type=1
hit: step=7722 p0id=4 p0type=0 p1id=14 p1type=1
hit: step=7723 p0id=4 p0type=0 p1id=14 p1type=1
hit: step=7724 p0id=4 p0type=0 p1id=14 p1type=1
hit: step=7725 p0id=4 p0type=0 p1id=14 p1type=1
hit: step=7726 p0id=4 p0type=0 p1id=14 p1type=1
hit: step=7727 p0id=4 p0type=0 p1id=14 p1type=1
hit: step=7728 p0id=4 p0type=0 p1id=14 p1type=1
hit: step=7729 p0id=4 p0type=0 p1id=14 p1type=1
hit: step=7730 p0id=4 p0type=0 p1id=14 p1type=1
hit: step=7731 p0id=4 p0type=0 p1id=14 p1type=1
hit: step=7732 p0id=4 p0type=0 p1id=14 p1type=1
hit: step=7733 p0id=4 p0type=0 p1id=14 p1type=1
hit: step=7734 p0id=4 p0type=0 p1id=14 p1type=1
hit: step=7735 p0id=4 p0type=0 p1id=14 p1type=1
hit: step=7736 p0id=4 p0type=0 p1id=14 p1type=1
hit: step=7737 p0id=4 p0type=0 p1id=14 p1type=1
hit: step=7738 p0id=4 p0type=0 p1id=14 p1type=1
hit: step=7739 p0id=4 p0type=0 p1id=14 p1type=1
hit: step=7747 p0id=4 p0type=0 p1id=14 p1type=1
hit: step=7748 p0id=4 p0type=0 p1id=14 p1type=1
hit: step=7749 p0id=4 p0type=0 p1id=14 p1type=1
hit: step=7756 p0id=4 p0type=0 p1id=14 p1type=1
hit: step=7757 p0id=4 p0type=0 p1id=14 p1type=1
hit: step=7758 p0id=4 p0type=0 p1id=14 p1type=1
hit: step=7759 p0id=4 p0type=0 p1id=14 p1type=1
hit: step=7760 p0id=4 p0type=0 p1id=14 p1type=1
hit: step=7761 p0id=4 p0type=0 p1id=14 p1type=1
hit: step=7762 p0id=4 p0type=0 p1id=14 p1type=1
hit: step=7763 p0id=4 p0type=0 p1id=14 p1type=1
hit: step=7764 p0id=4 p0type=0 p1id=14 p1type=1
hit: step=7765 p0id=4 p0type=0 p1id=14 p1type=1
hit: step=7766 p0id=4 p0type=0 p1id=14 p1type=1
hit: step=7767 p0id=4 p0type=0 p1id=14 p1type=1
hit: step=7768 p0id=4 p0type=0 p1id=14 p1type=1
hit: step=7769 p0id=4 p0type=0 p1id=14 p1type=1
hit: step=7770 p0id=4 p0type=0 p1id=14 p1type=1
hit: step=7771 p0id=4 p0type=0 p1id=14 p1type=1
hit: step=7772 p0id=4 p0type=0 p1id=14 p1type=1
hit: step=7773 p0id=4 p0type=0 p1id=14 p1type=1
hit: step=7774 p0id=4 p0type=0 p1id=14 p1type=1
hit: step=7775 p0id=4 p0type=0 p1id=14 p1type=1
hit: step=7776 p0id=4 p0type=0 p1id=14 p1type=1
hit: step=7777 p0id=4 p0type=0 p1id=14 p1type=1
hit: step=7778 p0id=4 p0type=0 p1id=14 p1type=1
hit: step=7779 p0id=4 p0type=0 p1id=14 p1type=1
hit: step=7780 p0id=4 p0type=0 p1id=14 p1type=1
hit: step=7781 p0id=4 p0type=0 p1id=14 p1type=1
hit: step=7782 p0id=4 p0type=0 p1id=14 p1type=1
hit: step=7783 p0id=4 p0type=0 p1id=14 p1type=1
hit: step=7784 p0id=4 p0type=0 p1id=14 p1type=1
hit: step=7785 p0id=4 p0type=0 p1id=14 p1type=1
hit: step=7786 p0id=4 p0type=0 p1id=14 p1type=1
hit: step=7787 p0id=4 p0type=0 p1id=14 p1type=1
hit: step=7788 p0id=4 p0type=0 p1id=14 p1type=1
hit: step=7789 p0id=4 p0type=0 p1id=14 p1type=1
hit: step=7790 p0id=4 p0type=0 p1id=14 p1type=1
hit: step=7791 p0id=4 p0type=0 p1id=14 p1type=1
hit: step=7792 p0id=4 p0type=0 p1id=14 p1type=1
hit: step=7793 p0id=4 p0type=0 p1id=14 p1type=1
hit: step=7794 p0id=4 p0type=0 p1id=14 p1type=1
hit: step=7795 p0id=4 p0type=0 p1id=14 p1type=1
hit: step=7796 p0id=4 p0type=0 p1id=14 p1type=1
hit: step=7797 p0id=4 p0type=0 p1id=14 p1type=1
hit: step=7798 p0id=4 p0type=0 p1id=14 p1type=1
hit: step=7799 p0id=4 p0type=0 p1id=14 p1type=1
analysis...
7799 -> analysis by 0_standard_traj|csv -> traj.csv ...
7799 -> analysis by 1_standard_traj|xyz -> traj.xyz ...
7799 -> analysis by 2_particleNumbers|csv -> out_particleNumbers.csv ...
7799 -> analysis by 3_standardReactionReporting|csv -> out_reactions.csv ...
hit: step=7800 p0id=4 p0type=0 p1id=14 p1type=1
hit: step=7801 p0id=4 p0type=0 p1id=14 p1type=1
hit: step=7802 p0id=4 p0type=0 p1id=14 p1type=1
hit: step=7803 p0id=4 p0type=0 p1id=14 p1type=1
hit: step=7804 p0id=4 p0type=0 p1id=14 p1type=1
hit: step=7805 p0id=4 p0type=0 p1id=14 p1type=1
hit: step=7806 p0id=4 p0type=0 p1id=14 p1type=1
hit: step=7807 p0id=4 p0type=0 p1id=14 p1type=1
hit: step=7808 p0id=4 p0type=0 p1id=14 p1type=1
hit: step=7809 p0id=4 p0type=0 p1id=14 p1type=1
hit: step=7810 p0id=4 p0type=0 p1id=14 p1type=1
hit: step=7811 p0id=4 p0type=0 p1id=14 p1type=1
hit: step=7812 p0id=4 p0type=0 p1id=14 p1type=1
hit: step=7813 p0id=4 p0type=0 p1id=14 p1type=1
hit: step=7814 p0id=4 p0type=0 p1id=14 p1type=1
hit: step=7815 p0id=4 p0type=0 p1id=14 p1type=1
hit: step=7816 p0id=4 p0type=0 p1id=14 p1type=1
hit: step=7817 p0id=4 p0type=0 p1id=14 p1type=1
hit: step=7850 p0id=4 p0type=0 p1id=14 p1type=1
hit: step=7851 p0id=4 p0type=0 p1id=14 p1type=1
hit: step=7852 p0id=4 p0type=0 p1id=14 p1type=1
hit: step=7853 p0id=4 p0type=0 p1id=14 p1type=1
hit: step=7856 p0id=4 p0type=0 p1id=14 p1type=1
hit: step=7863 p0id=4 p0type=0 p1id=14 p1type=1
analysis...
7899 -> analysis by 0_standard_traj|csv -> traj.csv ...
7899 -> analysis by 1_standard_traj|xyz -> traj.xyz ...
7899 -> analysis by 2_particleNumbers|csv -> out_particleNumbers.csv ...
7899 -> analysis by 3_standardReactionReporting|csv -> out_reactions.csv ...
hit: step=7960 p0id=4 p0type=0 p1id=14 p1type=1
hit: step=7961 p0id=4 p0type=0 p1id=14 p1type=1
hit: step=7962 p0id=4 p0type=0 p1id=14 p1type=1
hit: step=7964 p0id=4 p0type=0 p1id=14 p1type=1
hit: step=7966 p0id=4 p0type=0 p1id=14 p1type=1
hit: step=7967 p0id=4 p0type=0 p1id=14 p1type=1
hit: step=7968 p0id=4 p0type=0 p1id=14 p1type=1
hit: step=7969 p0id=4 p0type=0 p1id=14 p1type=1
analysis...
7999 -> analysis by 0_standard_traj|csv -> traj.csv ...
7999 -> analysis by 1_standard_traj|xyz -> traj.xyz ...
7999 -> analysis by 2_particleNumbers|csv -> out_particleNumbers.csv ...
7999 -> analysis by 3_standardReactionReporting|csv -> out_reactions.csv ...

top: 'step 8000'
analysis...
8099 -> analysis by 0_standard_traj|csv -> traj.csv ...
8099 -> analysis by 1_standard_traj|xyz -> traj.xyz ...
8099 -> analysis by 2_particleNumbers|csv -> out_particleNumbers.csv ...
8099 -> analysis by 3_standardReactionReporting|csv -> out_reactions.csv ...
analysis...
8199 -> analysis by 0_standard_traj|csv -> traj.csv ...
8199 -> analysis by 1_standard_traj|xyz -> traj.xyz ...
8199 -> analysis by 2_particleNumbers|csv -> out_particleNumbers.csv ...
8199 -> analysis by 3_standardReactionReporting|csv -> out_reactions.csv ...
hit: step=8228 p0id=16 p0type=0 p1id=17 p1type=1
hit: step=8229 p0id=16 p0type=0 p1id=17 p1type=1
hit: step=8230 p0id=16 p0type=0 p1id=17 p1type=1
hit: step=8231 p0id=16 p0type=0 p1id=17 p1type=1
hit: step=8232 p0id=16 p0type=0 p1id=17 p1type=1
hit: step=8233 p0id=16 p0type=0 p1id=17 p1type=1
hit: step=8234 p0id=16 p0type=0 p1id=17 p1type=1
hit: step=8235 p0id=16 p0type=0 p1id=17 p1type=1
hit: step=8236 p0id=16 p0type=0 p1id=17 p1type=1
hit: step=8237 p0id=16 p0type=0 p1id=17 p1type=1
hit: step=8238 p0id=16 p0type=0 p1id=17 p1type=1
hit: step=8239 p0id=16 p0type=0 p1id=17 p1type=1
hit: step=8240 p0id=16 p0type=0 p1id=17 p1type=1
hit: step=8241 p0id=16 p0type=0 p1id=17 p1type=1
hit: step=8242 p0id=16 p0type=0 p1id=17 p1type=1
hit: step=8243 p0id=16 p0type=0 p1id=17 p1type=1
hit: step=8244 p0id=16 p0type=0 p1id=17 p1type=1
hit: step=8245 p0id=16 p0type=0 p1id=17 p1type=1
hit: step=8246 p0id=16 p0type=0 p1id=17 p1type=1
hit: step=8247 p0id=16 p0type=0 p1id=17 p1type=1
hit: step=8248 p0id=16 p0type=0 p1id=17 p1type=1
hit: step=8249 p0id=16 p0type=0 p1id=17 p1type=1
hit: step=8250 p0id=16 p0type=0 p1id=17 p1type=1
hit: step=8251 p0id=16 p0type=0 p1id=17 p1type=1
hit: step=8252 p0id=16 p0type=0 p1id=17 p1type=1
hit: step=8253 p0id=16 p0type=0 p1id=17 p1type=1
hit: step=8254 p0id=16 p0type=0 p1id=17 p1type=1
hit: step=8255 p0id=16 p0type=0 p1id=17 p1type=1
hit: step=8256 p0id=16 p0type=0 p1id=17 p1type=1
hit: step=8257 p0id=16 p0type=0 p1id=17 p1type=1
hit: step=8258 p0id=16 p0type=0 p1id=17 p1type=1
hit: step=8259 p0id=16 p0type=0 p1id=17 p1type=1
hit: step=8260 p0id=16 p0type=0 p1id=17 p1type=1
hit: step=8261 p0id=16 p0type=0 p1id=17 p1type=1
hit: step=8262 p0id=16 p0type=0 p1id=17 p1type=1
hit: step=8263 p0id=16 p0type=0 p1id=17 p1type=1
hit: step=8264 p0id=16 p0type=0 p1id=17 p1type=1
hit: step=8265 p0id=16 p0type=0 p1id=17 p1type=1
hit: step=8266 p0id=16 p0type=0 p1id=17 p1type=1
hit: step=8267 p0id=16 p0type=0 p1id=17 p1type=1
hit: step=8268 p0id=16 p0type=0 p1id=17 p1type=1
hit: step=8269 p0id=16 p0type=0 p1id=17 p1type=1
hit: step=8270 p0id=16 p0type=0 p1id=17 p1type=1
hit: step=8271 p0id=16 p0type=0 p1id=17 p1type=1
hit: step=8272 p0id=16 p0type=0 p1id=17 p1type=1
hit: step=8273 p0id=16 p0type=0 p1id=17 p1type=1
hit: step=8275 p0id=16 p0type=0 p1id=17 p1type=1
hit: step=8276 p0id=16 p0type=0 p1id=17 p1type=1
hit: step=8277 p0id=16 p0type=0 p1id=17 p1type=1
hit: step=8278 p0id=16 p0type=0 p1id=17 p1type=1
hit: step=8279 p0id=16 p0type=0 p1id=17 p1type=1
hit: step=8280 p0id=16 p0type=0 p1id=17 p1type=1
hit: step=8281 p0id=16 p0type=0 p1id=17 p1type=1
hit: step=8282 p0id=16 p0type=0 p1id=17 p1type=1
hit: step=8283 p0id=16 p0type=0 p1id=17 p1type=1
hit: step=8284 p0id=16 p0type=0 p1id=17 p1type=1
hit: step=8285 p0id=16 p0type=0 p1id=17 p1type=1
hit: step=8286 p0id=16 p0type=0 p1id=17 p1type=1
hit: step=8287 p0id=16 p0type=0 p1id=17 p1type=1
hit: step=8288 p0id=16 p0type=0 p1id=17 p1type=1
hit: step=8289 p0id=16 p0type=0 p1id=17 p1type=1
hit: step=8290 p0id=16 p0type=0 p1id=17 p1type=1
hit: step=8291 p0id=16 p0type=0 p1id=17 p1type=1
hit: step=8292 p0id=16 p0type=0 p1id=17 p1type=1
hit: step=8293 p0id=16 p0type=0 p1id=17 p1type=1
hit: step=8294 p0id=16 p0type=0 p1id=17 p1type=1
hit: step=8295 p0id=16 p0type=0 p1id=17 p1type=1
hit: step=8296 p0id=16 p0type=0 p1id=17 p1type=1
hit: step=8297 p0id=16 p0type=0 p1id=17 p1type=1
hit: step=8298 p0id=16 p0type=0 p1id=17 p1type=1
hit: step=8299 p0id=16 p0type=0 p1id=17 p1type=1
analysis...
8299 -> analysis by 0_standard_traj|csv -> traj.csv ...
8299 -> analysis by 1_standard_traj|xyz -> traj.xyz ...
8299 -> analysis by 2_particleNumbers|csv -> out_particleNumbers.csv ...
8299 -> analysis by 3_standardReactionReporting|csv -> out_reactions.csv ...
hit: step=8300 p0id=16 p0type=0 p1id=17 p1type=1
hit: step=8301 p0id=16 p0type=0 p1id=17 p1type=1
hit: step=8302 p0id=16 p0type=0 p1id=17 p1type=1
hit: step=8303 p0id=16 p0type=0 p1id=17 p1type=1
hit: step=8304 p0id=16 p0type=0 p1id=17 p1type=1
hit: step=8305 p0id=16 p0type=0 p1id=17 p1type=1
hit: step=8306 p0id=16 p0type=0 p1id=17 p1type=1
hit: step=8307 p0id=16 p0type=0 p1id=17 p1type=1
hit: step=8308 p0id=16 p0type=0 p1id=17 p1type=1
hit: step=8309 p0id=16 p0type=0 p1id=17 p1type=1
hit: step=8310 p0id=16 p0type=0 p1id=17 p1type=1
hit: step=8311 p0id=16 p0type=0 p1id=17 p1type=1
hit: step=8331 p0id=16 p0type=0 p1id=17 p1type=1
hit: step=8376 p0id=4 p0type=0 p1id=14 p1type=1
analysis...
8399 -> analysis by 0_standard_traj|csv -> traj.csv ...
8399 -> analysis by 1_standard_traj|xyz -> traj.xyz ...
8399 -> analysis by 2_particleNumbers|csv -> out_particleNumbers.csv ...
8399 -> analysis by 3_standardReactionReporting|csv -> out_reactions.csv ...
hit: step=8415 p0id=16 p0type=0 p1id=17 p1type=1
hit: step=8416 p0id=16 p0type=0 p1id=17 p1type=1
hit: step=8417 p0id=16 p0type=0 p1id=17 p1type=1
hit: step=8418 p0id=16 p0type=0 p1id=17 p1type=1
hit: step=8419 p0id=16 p0type=0 p1id=17 p1type=1
hit: step=8420 p0id=16 p0type=0 p1id=17 p1type=1
hit: step=8421 p0id=16 p0type=0 p1id=17 p1type=1
hit: step=8422 p0id=16 p0type=0 p1id=17 p1type=1
hit: step=8423 p0id=16 p0type=0 p1id=17 p1type=1
hit: step=8424 p0id=16 p0type=0 p1id=17 p1type=1
hit: step=8425 p0id=16 p0type=0 p1id=17 p1type=1
hit: step=8426 p0id=16 p0type=0 p1id=17 p1type=1
hit: step=8427 p0id=16 p0type=0 p1id=17 p1type=1
hit: step=8428 p0id=16 p0type=0 p1id=17 p1type=1
hit: step=8429 p0id=16 p0type=0 p1id=17 p1type=1
hit: step=8430 p0id=16 p0type=0 p1id=17 p1type=1
hit: step=8431 p0id=16 p0type=0 p1id=17 p1type=1
hit: step=8432 p0id=16 p0type=0 p1id=17 p1type=1
hit: step=8433 p0id=16 p0type=0 p1id=17 p1type=1
hit: step=8434 p0id=16 p0type=0 p1id=17 p1type=1
hit: step=8435 p0id=16 p0type=0 p1id=17 p1type=1
hit: step=8436 p0id=16 p0type=0 p1id=17 p1type=1
hit: step=8437 p0id=16 p0type=0 p1id=17 p1type=1
hit: step=8438 p0id=16 p0type=0 p1id=17 p1type=1
hit: step=8439 p0id=16 p0type=0 p1id=17 p1type=1
hit: step=8440 p0id=16 p0type=0 p1id=17 p1type=1
hit: step=8441 p0id=16 p0type=0 p1id=17 p1type=1
hit: step=8442 p0id=16 p0type=0 p1id=17 p1type=1
hit: step=8443 p0id=16 p0type=0 p1id=17 p1type=1
hit: step=8444 p0id=16 p0type=0 p1id=17 p1type=1
hit: step=8445 p0id=16 p0type=0 p1id=17 p1type=1
hit: step=8446 p0id=16 p0type=0 p1id=17 p1type=1
hit: step=8447 p0id=16 p0type=0 p1id=17 p1type=1
hit: step=8448 p0id=16 p0type=0 p1id=17 p1type=1
hit: step=8449 p0id=16 p0type=0 p1id=17 p1type=1
hit: step=8450 p0id=16 p0type=0 p1id=17 p1type=1
hit: step=8451 p0id=16 p0type=0 p1id=17 p1type=1
hit: step=8452 p0id=16 p0type=0 p1id=17 p1type=1
hit: step=8453 p0id=16 p0type=0 p1id=17 p1type=1
hit: step=8454 p0id=16 p0type=0 p1id=17 p1type=1
hit: step=8455 p0id=16 p0type=0 p1id=17 p1type=1
hit: step=8456 p0id=16 p0type=0 p1id=17 p1type=1
hit: step=8457 p0id=16 p0type=0 p1id=17 p1type=1
hit: step=8457 p0id=4 p0type=0 p1id=14 p1type=1
hit: step=8458 p0id=16 p0type=0 p1id=17 p1type=1
hit: step=8458 p0id=4 p0type=0 p1id=14 p1type=1
hit: step=8459 p0id=16 p0type=0 p1id=17 p1type=1
hit: step=8459 p0id=4 p0type=0 p1id=14 p1type=1
hit: step=8460 p0id=16 p0type=0 p1id=17 p1type=1
hit: step=8460 p0id=4 p0type=0 p1id=14 p1type=1
hit: step=8461 p0id=16 p0type=0 p1id=17 p1type=1
hit: step=8462 p0id=16 p0type=0 p1id=17 p1type=1
hit: step=8462 p0id=4 p0type=0 p1id=14 p1type=1
hit: step=8463 p0id=16 p0type=0 p1id=17 p1type=1
hit: step=8463 p0id=4 p0type=0 p1id=14 p1type=1
hit: step=8464 p0id=16 p0type=0 p1id=17 p1type=1
hit: step=8464 p0id=4 p0type=0 p1id=14 p1type=1
hit: step=8465 p0id=16 p0type=0 p1id=17 p1type=1
hit: step=8466 p0id=16 p0type=0 p1id=17 p1type=1
hit: step=8467 p0id=16 p0type=0 p1id=17 p1type=1
hit: step=8468 p0id=16 p0type=0 p1id=17 p1type=1
hit: step=8469 p0id=16 p0type=0 p1id=17 p1type=1
hit: step=8469 p0id=4 p0type=0 p1id=17 p1type=1
hit: step=8470 p0id=16 p0type=0 p1id=17 p1type=1
hit: step=8470 p0id=4 p0type=0 p1id=17 p1type=1
hit: step=8471 p0id=16 p0type=0 p1id=17 p1type=1
hit: step=8471 p0id=4 p0type=0 p1id=17 p1type=1
hit: step=8471 p0id=4 p0type=0 p1id=14 p1type=1
hit: step=8472 p0id=16 p0type=0 p1id=17 p1type=1
hit: step=8472 p0id=4 p0type=0 p1id=17 p1type=1
hit: step=8473 p0id=16 p0type=0 p1id=17 p1type=1
hit: step=8473 p0id=4 p0type=0 p1id=17 p1type=1
hit: step=8473 p0id=4 p0type=0 p1id=14 p1type=1
hit: step=8474 p0id=16 p0type=0 p1id=17 p1type=1
hit: step=8474 p0id=4 p0type=0 p1id=17 p1type=1
hit: step=8474 p0id=4 p0type=0 p1id=14 p1type=1
hit: step=8475 p0id=16 p0type=0 p1id=17 p1type=1
hit: step=8475 p0id=4 p0type=0 p1id=17 p1type=1
hit: step=8476 p0id=16 p0type=0 p1id=17 p1type=1
hit: step=8476 p0id=4 p0type=0 p1id=17 p1type=1
hit: step=8476 p0id=4 p0type=0 p1id=14 p1type=1
hit: step=8477 p0id=16 p0type=0 p1id=17 p1type=1
hit: step=8477 p0id=4 p0type=0 p1id=17 p1type=1
hit: step=8477 p0id=4 p0type=0 p1id=14 p1type=1
hit: step=8478 p0id=16 p0type=0 p1id=17 p1type=1
hit: step=8478 p0id=4 p0type=0 p1id=17 p1type=1
hit: step=8478 p0id=4 p0type=0 p1id=14 p1type=1
hit: step=8479 p0id=16 p0type=0 p1id=17 p1type=1
hit: step=8479 p0id=4 p0type=0 p1id=17 p1type=1
hit: step=8479 p0id=4 p0type=0 p1id=14 p1type=1
hit: step=8480 p0id=16 p0type=0 p1id=17 p1type=1
hit: step=8480 p0id=4 p0type=0 p1id=14 p1type=1
hit: step=8481 p0id=16 p0type=0 p1id=17 p1type=1
hit: step=8481 p0id=4 p0type=0 p1id=17 p1type=1
hit: step=8481 p0id=4 p0type=0 p1id=14 p1type=1
hit: step=8482 p0id=16 p0type=0 p1id=17 p1type=1
hit: step=8482 p0id=4 p0type=0 p1id=17 p1type=1
hit: step=8482 p0id=4 p0type=0 p1id=14 p1type=1
hit: step=8483 p0id=16 p0type=0 p1id=17 p1type=1
hit: step=8483 p0id=4 p0type=0 p1id=17 p1type=1
hit: step=8483 p0id=4 p0type=0 p1id=14 p1type=1
hit: step=8484 p0id=16 p0type=0 p1id=17 p1type=1
hit: step=8484 p0id=4 p0type=0 p1id=14 p1type=1
hit: step=8485 p0id=16 p0type=0 p1id=17 p1type=1
hit: step=8485 p0id=4 p0type=0 p1id=14 p1type=1
hit: step=8486 p0id=16 p0type=0 p1id=17 p1type=1
hit: step=8486 p0id=4 p0type=0 p1id=14 p1type=1
hit: step=8487 p0id=16 p0type=0 p1id=17 p1type=1
hit: step=8487 p0id=4 p0type=0 p1id=14 p1type=1
hit: step=8488 p0id=16 p0type=0 p1id=17 p1type=1
hit: step=8488 p0id=4 p0type=0 p1id=14 p1type=1
hit: step=8489 p0id=16 p0type=0 p1id=17 p1type=1
hit: step=8489 p0id=4 p0type=0 p1id=14 p1type=1
hit: step=8490 p0id=16 p0type=0 p1id=17 p1type=1
hit: step=8490 p0id=4 p0type=0 p1id=14 p1type=1
hit: step=8491 p0id=16 p0type=0 p1id=17 p1type=1
hit: step=8491 p0id=4 p0type=0 p1id=14 p1type=1
hit: step=8492 p0id=16 p0type=0 p1id=17 p1type=1
hit: step=8492 p0id=4 p0type=0 p1id=14 p1type=1
hit: step=8493 p0id=16 p0type=0 p1id=17 p1type=1
hit: step=8493 p0id=4 p0type=0 p1id=14 p1type=1
hit: step=8494 p0id=16 p0type=0 p1id=17 p1type=1
hit: step=8494 p0id=4 p0type=0 p1id=14 p1type=1
hit: step=8495 p0id=16 p0type=0 p1id=17 p1type=1
hit: step=8495 p0id=4 p0type=0 p1id=14 p1type=1
hit: step=8496 p0id=16 p0type=0 p1id=17 p1type=1
hit: step=8496 p0id=4 p0type=0 p1id=14 p1type=1
hit: step=8497 p0id=16 p0type=0 p1id=17 p1type=1
hit: step=8497 p0id=4 p0type=0 p1id=14 p1type=1
hit: step=8498 p0id=16 p0type=0 p1id=17 p1type=1
hit: step=8498 p0id=4 p0type=0 p1id=14 p1type=1
hit: step=8499 p0id=16 p0type=0 p1id=17 p1type=1
hit: step=8499 p0id=4 p0type=0 p1id=14 p1type=1
analysis...
8499 -> analysis by 0_standard_traj|csv -> traj.csv ...
8499 -> analysis by 1_standard_traj|xyz -> traj.xyz ...
8499 -> analysis by 2_particleNumbers|csv -> out_particleNumbers.csv ...
8499 -> analysis by 3_standardReactionReporting|csv -> out_reactions.csv ...
hit: step=8500 p0id=16 p0type=0 p1id=17 p1type=1
hit: step=8500 p0id=4 p0type=0 p1id=14 p1type=1
hit: step=8501 p0id=16 p0type=0 p1id=17 p1type=1
hit: step=8501 p0id=4 p0type=0 p1id=14 p1type=1
hit: step=8502 p0id=16 p0type=0 p1id=17 p1type=1
hit: step=8502 p0id=4 p0type=0 p1id=14 p1type=1
hit: step=8503 p0id=16 p0type=0 p1id=17 p1type=1
hit: step=8503 p0id=4 p0type=0 p1id=14 p1type=1
hit: step=8504 p0id=16 p0type=0 p1id=17 p1type=1
hit: step=8504 p0id=4 p0type=0 p1id=14 p1type=1
hit: step=8505 p0id=16 p0type=0 p1id=17 p1type=1
hit: step=8505 p0id=4 p0type=0 p1id=14 p1type=1
hit: step=8506 p0id=16 p0type=0 p1id=17 p1type=1
hit: step=8506 p0id=4 p0type=0 p1id=14 p1type=1
hit: step=8507 p0id=16 p0type=0 p1id=17 p1type=1
hit: step=8507 p0id=4 p0type=0 p1id=14 p1type=1
hit: step=8508 p0id=16 p0type=0 p1id=17 p1type=1
hit: step=8508 p0id=4 p0type=0 p1id=14 p1type=1
hit: step=8509 p0id=16 p0type=0 p1id=17 p1type=1
hit: step=8509 p0id=4 p0type=0 p1id=14 p1type=1
hit: step=8510 p0id=16 p0type=0 p1id=17 p1type=1
hit: step=8510 p0id=4 p0type=0 p1id=14 p1type=1
hit: step=8511 p0id=16 p0type=0 p1id=17 p1type=1
hit: step=8511 p0id=4 p0type=0 p1id=14 p1type=1
hit: step=8512 p0id=16 p0type=0 p1id=17 p1type=1
hit: step=8512 p0id=4 p0type=0 p1id=14 p1type=1
hit: step=8513 p0id=4 p0type=0 p1id=14 p1type=1
hit: step=8514 p0id=4 p0type=0 p1id=14 p1type=1
hit: step=8515 p0id=4 p0type=0 p1id=14 p1type=1
hit: step=8516 p0id=4 p0type=0 p1id=14 p1type=1
hit: step=8517 p0id=4 p0type=0 p1id=14 p1type=1
hit: step=8518 p0id=4 p0type=0 p1id=14 p1type=1
hit: step=8519 p0id=4 p0type=0 p1id=14 p1type=1
hit: step=8520 p0id=4 p0type=0 p1id=14 p1type=1
hit: step=8521 p0id=4 p0type=0 p1id=14 p1type=1
hit: step=8522 p0id=4 p0type=0 p1id=14 p1type=1
hit: step=8523 p0id=4 p0type=0 p1id=14 p1type=1
hit: step=8524 p0id=4 p0type=0 p1id=14 p1type=1
hit: step=8525 p0id=4 p0type=0 p1id=14 p1type=1
hit: step=8526 p0id=4 p0type=0 p1id=14 p1type=1
hit: step=8527 p0id=4 p0type=0 p1id=14 p1type=1
hit: step=8528 p0id=4 p0type=0 p1id=14 p1type=1
hit: step=8529 p0id=4 p0type=0 p1id=14 p1type=1
hit: step=8530 p0id=4 p0type=0 p1id=14 p1type=1
hit: step=8531 p0id=4 p0type=0 p1id=14 p1type=1
hit: step=8532 p0id=4 p0type=0 p1id=14 p1type=1
hit: step=8533 p0id=4 p0type=0 p1id=14 p1type=1
hit: step=8534 p0id=4 p0type=0 p1id=14 p1type=1
hit: step=8535 p0id=4 p0type=0 p1id=14 p1type=1
hit: step=8536 p0id=4 p0type=0 p1id=14 p1type=1
hit: step=8537 p0id=4 p0type=0 p1id=14 p1type=1
hit: step=8538 p0id=4 p0type=0 p1id=14 p1type=1
hit: step=8539 p0id=4 p0type=0 p1id=14 p1type=1
hit: step=8540 p0id=4 p0type=0 p1id=14 p1type=1
hit: step=8541 p0id=4 p0type=0 p1id=14 p1type=1
hit: step=8542 p0id=4 p0type=0 p1id=14 p1type=1
hit: step=8543 p0id=4 p0type=0 p1id=14 p1type=1
hit: step=8544 p0id=4 p0type=0 p1id=14 p1type=1
hit: step=8545 p0id=4 p0type=0 p1id=14 p1type=1
hit: step=8546 p0id=4 p0type=0 p1id=14 p1type=1
hit: step=8547 p0id=4 p0type=0 p1id=14 p1type=1
hit: step=8548 p0id=4 p0type=0 p1id=14 p1type=1
hit: step=8549 p0id=4 p0type=0 p1id=14 p1type=1
hit: step=8550 p0id=4 p0type=0 p1id=14 p1type=1
hit: step=8551 p0id=4 p0type=0 p1id=14 p1type=1
hit: step=8552 p0id=4 p0type=0 p1id=14 p1type=1
hit: step=8553 p0id=4 p0type=0 p1id=14 p1type=1
hit: step=8554 p0id=4 p0type=0 p1id=14 p1type=1
hit: step=8555 p0id=4 p0type=0 p1id=14 p1type=1
hit: step=8556 p0id=4 p0type=0 p1id=14 p1type=1
hit: step=8557 p0id=4 p0type=0 p1id=14 p1type=1
hit: step=8558 p0id=4 p0type=0 p1id=14 p1type=1
hit: step=8559 p0id=4 p0type=0 p1id=14 p1type=1
hit: step=8560 p0id=4 p0type=0 p1id=14 p1type=1
hit: step=8561 p0id=4 p0type=0 p1id=14 p1type=1
hit: step=8562 p0id=4 p0type=0 p1id=14 p1type=1
hit: step=8563 p0id=4 p0type=0 p1id=14 p1type=1
hit: step=8564 p0id=4 p0type=0 p1id=14 p1type=1
hit: step=8565 p0id=4 p0type=0 p1id=14 p1type=1
hit: step=8566 p0id=4 p0type=0 p1id=14 p1type=1
hit: step=8567 p0id=4 p0type=0 p1id=14 p1type=1
hit: step=8568 p0id=4 p0type=0 p1id=14 p1type=1
hit: step=8569 p0id=4 p0type=0 p1id=14 p1type=1
hit: step=8578 p0id=4 p0type=0 p1id=17 p1type=1
hit: step=8583 p0id=4 p0type=0 p1id=17 p1type=1
hit: step=8584 p0id=4 p0type=0 p1id=17 p1type=1
hit: step=8585 p0id=4 p0type=0 p1id=17 p1type=1
hit: step=8586 p0id=4 p0type=0 p1id=17 p1type=1
hit: step=8586 p0id=4 p0type=0 p1id=14 p1type=1
hit: step=8587 p0id=4 p0type=0 p1id=17 p1type=1
hit: step=8588 p0id=4 p0type=0 p1id=17 p1type=1
hit: step=8589 p0id=4 p0type=0 p1id=17 p1type=1
hit: step=8592 p0id=4 p0type=0 p1id=17 p1type=1
hit: step=8593 p0id=4 p0type=0 p1id=17 p1type=1
hit: step=8594 p0id=4 p0type=0 p1id=17 p1type=1
hit: step=8595 p0id=4 p0type=0 p1id=17 p1type=1
hit: step=8596 p0id=4 p0type=0 p1id=17 p1type=1
hit: step=8597 p0id=4 p0type=0 p1id=17 p1type=1
hit: step=8598 p0id=4 p0type=0 p1id=17 p1type=1
hit: step=8599 p0id=4 p0type=0 p1id=17 p1type=1
analysis...
8599 -> analysis by 0_standard_traj|csv -> traj.csv ...
8599 -> analysis by 1_standard_traj|xyz -> traj.xyz ...
8599 -> analysis by 2_particleNumbers|csv -> out_particleNumbers.csv ...
8599 -> analysis by 3_standardReactionReporting|csv -> out_reactions.csv ...
hit: step=8600 p0id=4 p0type=0 p1id=17 p1type=1
hit: step=8601 p0id=4 p0type=0 p1id=17 p1type=1
hit: step=8602 p0id=4 p0type=0 p1id=17 p1type=1
hit: step=8603 p0id=4 p0type=0 p1id=17 p1type=1
hit: step=8604 p0id=4 p0type=0 p1id=17 p1type=1
hit: step=8605 p0id=4 p0type=0 p1id=17 p1type=1
hit: step=8606 p0id=4 p0type=0 p1id=17 p1type=1
hit: step=8607 p0id=4 p0type=0 p1id=17 p1type=1
hit: step=8608 p0id=4 p0type=0 p1id=17 p1type=1
hit: step=8609 p0id=4 p0type=0 p1id=17 p1type=1
hit: step=8610 p0id=4 p0type=0 p1id=17 p1type=1
hit: step=8611 p0id=4 p0type=0 p1id=17 p1type=1
hit: step=8612 p0id=4 p0type=0 p1id=17 p1type=1
hit: step=8613 p0id=4 p0type=0 p1id=17 p1type=1
hit: step=8614 p0id=4 p0type=0 p1id=17 p1type=1
hit: step=8615 p0id=4 p0type=0 p1id=17 p1type=1
hit: step=8616 p0id=4 p0type=0 p1id=17 p1type=1
hit: step=8617 p0id=4 p0type=0 p1id=17 p1type=1
hit: step=8618 p0id=4 p0type=0 p1id=17 p1type=1
hit: step=8631 p0id=4 p0type=0 p1id=17 p1type=1
hit: step=8632 p0id=4 p0type=0 p1id=17 p1type=1
hit: step=8633 p0id=4 p0type=0 p1id=17 p1type=1
hit: step=8634 p0id=4 p0type=0 p1id=17 p1type=1
hit: step=8635 p0id=4 p0type=0 p1id=17 p1type=1
hit: step=8636 p0id=4 p0type=0 p1id=17 p1type=1
hit: step=8637 p0id=4 p0type=0 p1id=17 p1type=1
hit: step=8638 p0id=4 p0type=0 p1id=17 p1type=1
hit: step=8639 p0id=4 p0type=0 p1id=17 p1type=1
hit: step=8640 p0id=4 p0type=0 p1id=17 p1type=1
hit: step=8641 p0id=4 p0type=0 p1id=17 p1type=1
hit: step=8642 p0id=4 p0type=0 p1id=17 p1type=1
hit: step=8643 p0id=4 p0type=0 p1id=17 p1type=1
hit: step=8645 p0id=4 p0type=0 p1id=17 p1type=1
hit: step=8648 p0id=4 p0type=0 p1id=17 p1type=1
hit: step=8650 p0id=4 p0type=0 p1id=17 p1type=1
hit: step=8651 p0id=4 p0type=0 p1id=17 p1type=1
hit: step=8652 p0id=4 p0type=0 p1id=17 p1type=1
hit: step=8655 p0id=4 p0type=0 p1id=17 p1type=1
hit: step=8656 p0id=4 p0type=0 p1id=17 p1type=1
hit: step=8657 p0id=4 p0type=0 p1id=17 p1type=1
hit: step=8658 p0id=4 p0type=0 p1id=17 p1type=1
hit: step=8659 p0id=4 p0type=0 p1id=17 p1type=1
hit: step=8660 p0id=4 p0type=0 p1id=17 p1type=1
hit: step=8661 p0id=4 p0type=0 p1id=17 p1type=1
hit: step=8662 p0id=4 p0type=0 p1id=17 p1type=1
hit: step=8663 p0id=4 p0type=0 p1id=17 p1type=1
hit: step=8664 p0id=4 p0type=0 p1id=17 p1type=1
hit: step=8665 p0id=4 p0type=0 p1id=17 p1type=1
hit: step=8666 p0id=4 p0type=0 p1id=17 p1type=1
hit: step=8667 p0id=4 p0type=0 p1id=17 p1type=1
hit: step=8668 p0id=4 p0type=0 p1id=17 p1type=1
hit: step=8669 p0id=4 p0type=0 p1id=17 p1type=1
hit: step=8670 p0id=4 p0type=0 p1id=17 p1type=1
hit: step=8671 p0id=4 p0type=0 p1id=17 p1type=1
hit: step=8672 p0id=4 p0type=0 p1id=17 p1type=1
hit: step=8673 p0id=4 p0type=0 p1id=17 p1type=1
hit: step=8674 p0id=4 p0type=0 p1id=17 p1type=1
hit: step=8675 p0id=4 p0type=0 p1id=17 p1type=1
hit: step=8676 p0id=4 p0type=0 p1id=17 p1type=1
hit: step=8677 p0id=4 p0type=0 p1id=17 p1type=1
hit: step=8678 p0id=4 p0type=0 p1id=17 p1type=1
hit: step=8679 p0id=4 p0type=0 p1id=17 p1type=1
hit: step=8680 p0id=4 p0type=0 p1id=17 p1type=1
hit: step=8681 p0id=4 p0type=0 p1id=17 p1type=1
hit: step=8682 p0id=4 p0type=0 p1id=17 p1type=1
hit: step=8683 p0id=4 p0type=0 p1id=17 p1type=1
hit: step=8684 p0id=4 p0type=0 p1id=17 p1type=1
hit: step=8685 p0id=4 p0type=0 p1id=17 p1type=1
hit: step=8686 p0id=4 p0type=0 p1id=17 p1type=1
hit: step=8687 p0id=4 p0type=0 p1id=17 p1type=1
hit: step=8688 p0id=4 p0type=0 p1id=17 p1type=1
hit: step=8689 p0id=4 p0type=0 p1id=17 p1type=1
hit: step=8690 p0id=4 p0type=0 p1id=17 p1type=1
hit: step=8691 p0id=16 p0type=0 p1id=17 p1type=1
hit: step=8691 p0id=4 p0type=0 p1id=17 p1type=1
hit: step=8692 p0id=4 p0type=0 p1id=17 p1type=1
hit: step=8693 p0id=4 p0type=0 p1id=17 p1type=1
hit: step=8694 p0id=16 p0type=0 p1id=17 p1type=1
hit: step=8694 p0id=4 p0type=0 p1id=17 p1type=1
hit: step=8695 p0id=16 p0type=0 p1id=17 p1type=1
hit: step=8695 p0id=4 p0type=0 p1id=17 p1type=1
hit: step=8696 p0id=16 p0type=0 p1id=17 p1type=1
hit: step=8696 p0id=4 p0type=0 p1id=17 p1type=1
hit: step=8697 p0id=16 p0type=0 p1id=17 p1type=1
hit: step=8697 p0id=4 p0type=0 p1id=17 p1type=1
hit: step=8698 p0id=16 p0type=0 p1id=17 p1type=1
hit: step=8698 p0id=4 p0type=0 p1id=17 p1type=1
hit: step=8699 p0id=16 p0type=0 p1id=17 p1type=1
hit: step=8699 p0id=4 p0type=0 p1id=17 p1type=1
analysis...
8699 -> analysis by 0_standard_traj|csv -> traj.csv ...
8699 -> analysis by 1_standard_traj|xyz -> traj.xyz ...
8699 -> analysis by 2_particleNumbers|csv -> out_particleNumbers.csv ...
8699 -> analysis by 3_standardReactionReporting|csv -> out_reactions.csv ...
hit: step=8700 p0id=16 p0type=0 p1id=17 p1type=1
hit: step=8700 p0id=4 p0type=0 p1id=17 p1type=1
hit: step=8701 p0id=16 p0type=0 p1id=17 p1type=1
hit: step=8701 p0id=4 p0type=0 p1id=17 p1type=1
hit: step=8702 p0id=16 p0type=0 p1id=17 p1type=1
hit: step=8702 p0id=4 p0type=0 p1id=17 p1type=1
hit: step=8703 p0id=16 p0type=0 p1id=17 p1type=1
hit: step=8703 p0id=4 p0type=0 p1id=17 p1type=1
hit: step=8704 p0id=16 p0type=0 p1id=17 p1type=1
hit: step=8704 p0id=4 p0type=0 p1id=17 p1type=1
hit: step=8705 p0id=16 p0type=0 p1id=17 p1type=1
hit: step=8705 p0id=4 p0type=0 p1id=17 p1type=1
hit: step=8706 p0id=16 p0type=0 p1id=17 p1type=1
hit: step=8706 p0id=4 p0type=0 p1id=17 p1type=1
hit: step=8707 p0id=16 p0type=0 p1id=17 p1type=1
hit: step=8707 p0id=4 p0type=0 p1id=17 p1type=1
hit: step=8708 p0id=16 p0type=0 p1id=17 p1type=1
hit: step=8708 p0id=4 p0type=0 p1id=17 p1type=1
hit: step=8709 p0id=16 p0type=0 p1id=17 p1type=1
hit: step=8709 p0id=4 p0type=0 p1id=17 p1type=1
hit: step=8710 p0id=16 p0type=0 p1id=17 p1type=1
hit: step=8710 p0id=4 p0type=0 p1id=17 p1type=1
hit: step=8711 p0id=16 p0type=0 p1id=17 p1type=1
hit: step=8711 p0id=4 p0type=0 p1id=17 p1type=1
hit: step=8712 p0id=16 p0type=0 p1id=17 p1type=1
hit: step=8712 p0id=4 p0type=0 p1id=17 p1type=1
hit: step=8713 p0id=16 p0type=0 p1id=17 p1type=1
hit: step=8713 p0id=4 p0type=0 p1id=17 p1type=1
hit: step=8714 p0id=16 p0type=0 p1id=17 p1type=1
hit: step=8714 p0id=4 p0type=0 p1id=17 p1type=1
hit: step=8715 p0id=16 p0type=0 p1id=17 p1type=1
hit: step=8715 p0id=4 p0type=0 p1id=17 p1type=1
hit: step=8716 p0id=16 p0type=0 p1id=17 p1type=1
hit: step=8716 p0id=4 p0type=0 p1id=17 p1type=1
hit: step=8717 p0id=16 p0type=0 p1id=17 p1type=1
hit: step=8717 p0id=4 p0type=0 p1id=17 p1type=1
hit: step=8718 p0id=16 p0type=0 p1id=17 p1type=1
hit: step=8718 p0id=4 p0type=0 p1id=17 p1type=1
hit: step=8719 p0id=16 p0type=0 p1id=17 p1type=1
hit: step=8719 p0id=4 p0type=0 p1id=17 p1type=1
hit: step=8720 p0id=16 p0type=0 p1id=17 p1type=1
hit: step=8720 p0id=4 p0type=0 p1id=17 p1type=1
hit: step=8721 p0id=16 p0type=0 p1id=17 p1type=1
hit: step=8721 p0id=4 p0type=0 p1id=17 p1type=1
hit: step=8722 p0id=16 p0type=0 p1id=17 p1type=1
hit: step=8722 p0id=4 p0type=0 p1id=17 p1type=1
hit: step=8723 p0id=16 p0type=0 p1id=17 p1type=1
hit: step=8723 p0id=4 p0type=0 p1id=17 p1type=1
hit: step=8724 p0id=16 p0type=0 p1id=17 p1type=1
hit: step=8724 p0id=4 p0type=0 p1id=17 p1type=1
hit: step=8725 p0id=16 p0type=0 p1id=17 p1type=1
hit: step=8725 p0id=4 p0type=0 p1id=17 p1type=1
hit: step=8726 p0id=16 p0type=0 p1id=17 p1type=1
hit: step=8726 p0id=4 p0type=0 p1id=17 p1type=1
hit: step=8727 p0id=16 p0type=0 p1id=17 p1type=1
hit: step=8727 p0id=4 p0type=0 p1id=17 p1type=1
hit: step=8728 p0id=16 p0type=0 p1id=17 p1type=1
hit: step=8728 p0id=4 p0type=0 p1id=17 p1type=1
hit: step=8729 p0id=16 p0type=0 p1id=17 p1type=1
hit: step=8729 p0id=4 p0type=0 p1id=17 p1type=1
hit: step=8730 p0id=16 p0type=0 p1id=17 p1type=1
hit: step=8730 p0id=4 p0type=0 p1id=17 p1type=1
hit: step=8731 p0id=16 p0type=0 p1id=17 p1type=1
hit: step=8731 p0id=4 p0type=0 p1id=17 p1type=1
hit: step=8732 p0id=16 p0type=0 p1id=17 p1type=1
hit: step=8732 p0id=4 p0type=0 p1id=17 p1type=1
hit: step=8733 p0id=16 p0type=0 p1id=17 p1type=1
hit: step=8733 p0id=4 p0type=0 p1id=17 p1type=1
hit: step=8734 p0id=16 p0type=0 p1id=17 p1type=1
hit: step=8734 p0id=4 p0type=0 p1id=17 p1type=1
hit: step=8735 p0id=4 p0type=0 p1id=17 p1type=1
hit: step=8736 p0id=16 p0type=0 p1id=17 p1type=1
hit: step=8736 p0id=4 p0type=0 p1id=17 p1type=1
hit: step=8737 p0id=16 p0type=0 p1id=17 p1type=1
hit: step=8737 p0id=4 p0type=0 p1id=17 p1type=1
hit: step=8738 p0id=4 p0type=0 p1id=17 p1type=1
hit: step=8739 p0id=4 p0type=0 p1id=17 p1type=1
hit: step=8740 p0id=4 p0type=0 p1id=17 p1type=1
hit: step=8741 p0id=4 p0type=0 p1id=17 p1type=1
hit: step=8742 p0id=4 p0type=0 p1id=17 p1type=1
hit: step=8743 p0id=4 p0type=0 p1id=17 p1type=1
hit: step=8744 p0id=4 p0type=0 p1id=17 p1type=1
hit: step=8745 p0id=4 p0type=0 p1id=17 p1type=1
hit: step=8746 p0id=4 p0type=0 p1id=17 p1type=1
hit: step=8747 p0id=4 p0type=0 p1id=17 p1type=1
hit: step=8748 p0id=4 p0type=0 p1id=17 p1type=1
hit: step=8749 p0id=4 p0type=0 p1id=17 p1type=1
hit: step=8750 p0id=4 p0type=0 p1id=17 p1type=1
hit: step=8751 p0id=4 p0type=0 p1id=17 p1type=1
hit: step=8752 p0id=4 p0type=0 p1id=17 p1type=1
hit: step=8753 p0id=4 p0type=0 p1id=17 p1type=1
hit: step=8754 p0id=4 p0type=0 p1id=17 p1type=1
hit: step=8755 p0id=4 p0type=0 p1id=17 p1type=1
hit: step=8756 p0id=4 p0type=0 p1id=17 p1type=1
hit: step=8757 p0id=4 p0type=0 p1id=17 p1type=1
hit: step=8758 p0id=4 p0type=0 p1id=17 p1type=1
hit: step=8759 p0id=4 p0type=0 p1id=17 p1type=1
hit: step=8760 p0id=4 p0type=0 p1id=17 p1type=1
hit: step=8761 p0id=4 p0type=0 p1id=17 p1type=1
hit: step=8762 p0id=4 p0type=0 p1id=17 p1type=1
hit: step=8767 p0id=4 p0type=0 p1id=17 p1type=1
hit: step=8768 p0id=4 p0type=0 p1id=17 p1type=1
hit: step=8769 p0id=4 p0type=0 p1id=17 p1type=1
hit: step=8770 p0id=4 p0type=0 p1id=17 p1type=1
hit: step=8771 p0id=4 p0type=0 p1id=17 p1type=1
hit: step=8772 p0id=4 p0type=0 p1id=17 p1type=1
hit: step=8773 p0id=4 p0type=0 p1id=17 p1type=1
hit: step=8779 p0id=4 p0type=0 p1id=17 p1type=1
analysis...
8799 -> analysis by 0_standard_traj|csv -> traj.csv ...
8799 -> analysis by 1_standard_traj|xyz -> traj.xyz ...
8799 -> analysis by 2_particleNumbers|csv -> out_particleNumbers.csv ...
8799 -> analysis by 3_standardReactionReporting|csv -> out_reactions.csv ...
analysis...
8899 -> analysis by 0_standard_traj|csv -> traj.csv ...
8899 -> analysis by 1_standard_traj|xyz -> traj.xyz ...
8899 -> analysis by 2_particleNumbers|csv -> out_particleNumbers.csv ...
8899 -> analysis by 3_standardReactionReporting|csv -> out_reactions.csv ...
hit: step=8978 p0id=16 p0type=0 p1id=17 p1type=1
hit: step=8979 p0id=16 p0type=0 p1id=17 p1type=1
hit: step=8980 p0id=16 p0type=0 p1id=17 p1type=1
hit: step=8981 p0id=16 p0type=0 p1id=17 p1type=1
hit: step=8982 p0id=16 p0type=0 p1id=17 p1type=1
hit: step=8983 p0id=16 p0type=0 p1id=17 p1type=1
hit: step=8984 p0id=16 p0type=0 p1id=17 p1type=1
hit: step=8985 p0id=16 p0type=0 p1id=17 p1type=1
hit: step=8986 p0id=16 p0type=0 p1id=17 p1type=1
hit: step=8987 p0id=16 p0type=0 p1id=17 p1type=1
hit: step=8988 p0id=16 p0type=0 p1id=17 p1type=1
hit: step=8989 p0id=16 p0type=0 p1id=17 p1type=1
hit: step=8990 p0id=16 p0type=0 p1id=17 p1type=1
hit: step=8991 p0id=16 p0type=0 p1id=17 p1type=1
hit: step=8992 p0id=16 p0type=0 p1id=17 p1type=1
hit: step=8993 p0id=16 p0type=0 p1id=17 p1type=1
hit: step=8994 p0id=16 p0type=0 p1id=17 p1type=1
hit: step=8995 p0id=16 p0type=0 p1id=17 p1type=1
hit: step=8996 p0id=16 p0type=0 p1id=17 p1type=1
hit: step=8997 p0id=16 p0type=0 p1id=17 p1type=1
hit: step=8998 p0id=16 p0type=0 p1id=17 p1type=1
hit: step=8999 p0id=16 p0type=0 p1id=17 p1type=1
analysis...
8999 -> analysis by 0_standard_traj|csv -> traj.csv ...
8999 -> analysis by 1_standard_traj|xyz -> traj.xyz ...
8999 -> analysis by 2_particleNumbers|csv -> out_particleNumbers.csv ...
8999 -> analysis by 3_standardReactionReporting|csv -> out_reactions.csv ...

top: 'step 9000'
hit: step=9000 p0id=16 p0type=0 p1id=17 p1type=1
hit: step=9001 p0id=16 p0type=0 p1id=17 p1type=1
hit: step=9002 p0id=16 p0type=0 p1id=17 p1type=1
hit: step=9003 p0id=16 p0type=0 p1id=17 p1type=1
hit: step=9004 p0id=16 p0type=0 p1id=17 p1type=1
hit: step=9005 p0id=16 p0type=0 p1id=17 p1type=1
hit: step=9006 p0id=16 p0type=0 p1id=17 p1type=1
hit: step=9007 p0id=16 p0type=0 p1id=17 p1type=1
hit: step=9008 p0id=16 p0type=0 p1id=17 p1type=1
hit: step=9014 p0id=16 p0type=0 p1id=17 p1type=1
hit: step=9015 p0id=16 p0type=0 p1id=17 p1type=1
hit: step=9016 p0id=16 p0type=0 p1id=17 p1type=1
hit: step=9017 p0id=16 p0type=0 p1id=17 p1type=1
hit: step=9018 p0id=16 p0type=0 p1id=17 p1type=1
hit: step=9086 p0id=16 p0type=0 p1id=17 p1type=1
hit: step=9087 p0id=16 p0type=0 p1id=17 p1type=1
hit: step=9088 p0id=16 p0type=0 p1id=17 p1type=1
hit: step=9089 p0id=16 p0type=0 p1id=17 p1type=1
hit: step=9090 p0id=16 p0type=0 p1id=17 p1type=1
hit: step=9092 p0id=16 p0type=0 p1id=17 p1type=1
hit: step=9093 p0id=16 p0type=0 p1id=17 p1type=1
hit: step=9094 p0id=16 p0type=0 p1id=17 p1type=1
hit: step=9095 p0id=16 p0type=0 p1id=17 p1type=1
hit: step=9096 p0id=16 p0type=0 p1id=17 p1type=1
hit: step=9097 p0id=16 p0type=0 p1id=17 p1type=1
hit: step=9098 p0id=16 p0type=0 p1id=17 p1type=1
hit: step=9099 p0id=16 p0type=0 p1id=17 p1type=1
analysis...
9099 -> analysis by 0_standard_traj|csv -> traj.csv ...
9099 -> analysis by 1_standard_traj|xyz -> traj.xyz ...
9099 -> analysis by 2_particleNumbers|csv -> out_particleNumbers.csv ...
9099 -> analysis by 3_standardReactionReporting|csv -> out_reactions.csv ...
hit: step=9100 p0id=16 p0type=0 p1id=17 p1type=1
hit: step=9101 p0id=16 p0type=0 p1id=17 p1type=1
hit: step=9102 p0id=16 p0type=0 p1id=17 p1type=1
hit: step=9103 p0id=16 p0type=0 p1id=17 p1type=1
hit: step=9104 p0id=16 p0type=0 p1id=17 p1type=1
hit: step=9105 p0id=16 p0type=0 p1id=17 p1type=1
hit: step=9106 p0id=16 p0type=0 p1id=17 p1type=1
hit: step=9107 p0id=16 p0type=0 p1id=17 p1type=1
hit: step=9108 p0id=16 p0type=0 p1id=17 p1type=1
hit: step=9109 p0id=16 p0type=0 p1id=17 p1type=1
hit: step=9110 p0id=16 p0type=0 p1id=17 p1type=1
hit: step=9111 p0id=16 p0type=0 p1id=17 p1type=1
hit: step=9112 p0id=16 p0type=0 p1id=17 p1type=1
hit: step=9113 p0id=16 p0type=0 p1id=17 p1type=1
hit: step=9114 p0id=16 p0type=0 p1id=17 p1type=1
hit: step=9115 p0id=16 p0type=0 p1id=17 p1type=1
hit: step=9116 p0id=16 p0type=0 p1id=17 p1type=1
hit: step=9117 p0id=16 p0type=0 p1id=17 p1type=1
hit: step=9118 p0id=16 p0type=0 p1id=17 p1type=1
hit: step=9119 p0id=16 p0type=0 p1id=17 p1type=1
hit: step=9120 p0id=16 p0type=0 p1id=17 p1type=1
hit: step=9121 p0id=16 p0type=0 p1id=17 p1type=1
hit: step=9122 p0id=16 p0type=0 p1id=17 p1type=1
hit: step=9123 p0id=16 p0type=0 p1id=17 p1type=1
hit: step=9124 p0id=16 p0type=0 p1id=17 p1type=1
hit: step=9125 p0id=16 p0type=0 p1id=17 p1type=1
hit: step=9126 p0id=16 p0type=0 p1id=17 p1type=1
hit: step=9127 p0id=16 p0type=0 p1id=17 p1type=1
hit: step=9128 p0id=16 p0type=0 p1id=17 p1type=1
hit: step=9129 p0id=16 p0type=0 p1id=17 p1type=1
hit: step=9130 p0id=16 p0type=0 p1id=17 p1type=1
hit: step=9131 p0id=16 p0type=0 p1id=17 p1type=1
hit: step=9132 p0id=16 p0type=0 p1id=17 p1type=1
hit: step=9133 p0id=16 p0type=0 p1id=17 p1type=1
hit: step=9134 p0id=16 p0type=0 p1id=17 p1type=1
hit: step=9135 p0id=16 p0type=0 p1id=17 p1type=1
hit: step=9136 p0id=16 p0type=0 p1id=17 p1type=1
hit: step=9137 p0id=16 p0type=0 p1id=17 p1type=1
hit: step=9138 p0id=16 p0type=0 p1id=17 p1type=1
hit: step=9139 p0id=16 p0type=0 p1id=17 p1type=1
hit: step=9140 p0id=16 p0type=0 p1id=17 p1type=1
hit: step=9141 p0id=16 p0type=0 p1id=17 p1type=1
hit: step=9142 p0id=16 p0type=0 p1id=17 p1type=1
hit: step=9143 p0id=16 p0type=0 p1id=17 p1type=1
hit: step=9144 p0id=16 p0type=0 p1id=17 p1type=1
hit: step=9145 p0id=16 p0type=0 p1id=17 p1type=1
hit: step=9146 p0id=16 p0type=0 p1id=17 p1type=1
hit: step=9147 p0id=16 p0type=0 p1id=17 p1type=1
hit: step=9148 p0id=16 p0type=0 p1id=17 p1type=1
hit: step=9149 p0id=16 p0type=0 p1id=17 p1type=1
hit: step=9150 p0id=16 p0type=0 p1id=17 p1type=1
hit: step=9151 p0id=16 p0type=0 p1id=17 p1type=1
hit: step=9152 p0id=16 p0type=0 p1id=17 p1type=1
hit: step=9153 p0id=16 p0type=0 p1id=17 p1type=1
hit: step=9154 p0id=16 p0type=0 p1id=17 p1type=1
hit: step=9155 p0id=16 p0type=0 p1id=17 p1type=1
hit: step=9156 p0id=16 p0type=0 p1id=17 p1type=1
hit: step=9157 p0id=16 p0type=0 p1id=17 p1type=1
hit: step=9158 p0id=16 p0type=0 p1id=17 p1type=1
hit: step=9159 p0id=16 p0type=0 p1id=17 p1type=1
hit: step=9160 p0id=16 p0type=0 p1id=17 p1type=1
hit: step=9161 p0id=16 p0type=0 p1id=17 p1type=1
hit: step=9162 p0id=16 p0type=0 p1id=17 p1type=1
hit: step=9163 p0id=16 p0type=0 p1id=17 p1type=1
hit: step=9164 p0id=16 p0type=0 p1id=17 p1type=1
hit: step=9165 p0id=16 p0type=0 p1id=17 p1type=1
hit: step=9166 p0id=16 p0type=0 p1id=17 p1type=1
hit: step=9167 p0id=16 p0type=0 p1id=17 p1type=1
hit: step=9168 p0id=16 p0type=0 p1id=17 p1type=1
hit: step=9169 p0id=16 p0type=0 p1id=17 p1type=1
hit: step=9170 p0id=16 p0type=0 p1id=17 p1type=1
hit: step=9171 p0id=16 p0type=0 p1id=17 p1type=1
hit: step=9172 p0id=16 p0type=0 p1id=17 p1type=1
hit: step=9173 p0id=16 p0type=0 p1id=17 p1type=1
hit: step=9174 p0id=16 p0type=0 p1id=17 p1type=1
hit: step=9175 p0id=16 p0type=0 p1id=17 p1type=1
hit: step=9176 p0id=16 p0type=0 p1id=17 p1type=1
hit: step=9177 p0id=16 p0type=0 p1id=17 p1type=1
hit: step=9178 p0id=16 p0type=0 p1id=17 p1type=1
hit: step=9179 p0id=16 p0type=0 p1id=17 p1type=1
hit: step=9180 p0id=16 p0type=0 p1id=17 p1type=1
hit: step=9181 p0id=16 p0type=0 p1id=17 p1type=1
hit: step=9182 p0id=16 p0type=0 p1id=17 p1type=1
hit: step=9183 p0id=16 p0type=0 p1id=17 p1type=1
hit: step=9184 p0id=16 p0type=0 p1id=17 p1type=1
hit: step=9185 p0id=16 p0type=0 p1id=17 p1type=1
hit: step=9186 p0id=16 p0type=0 p1id=17 p1type=1
hit: step=9187 p0id=16 p0type=0 p1id=17 p1type=1
hit: step=9188 p0id=16 p0type=0 p1id=17 p1type=1
hit: step=9189 p0id=16 p0type=0 p1id=17 p1type=1
hit: step=9190 p0id=16 p0type=0 p1id=17 p1type=1
hit: step=9191 p0id=16 p0type=0 p1id=17 p1type=1
hit: step=9192 p0id=16 p0type=0 p1id=17 p1type=1
hit: step=9193 p0id=16 p0type=0 p1id=17 p1type=1
hit: step=9194 p0id=16 p0type=0 p1id=17 p1type=1
hit: step=9195 p0id=16 p0type=0 p1id=17 p1type=1
hit: step=9196 p0id=16 p0type=0 p1id=17 p1type=1
hit: step=9197 p0id=16 p0type=0 p1id=17 p1type=1
hit: step=9198 p0id=16 p0type=0 p1id=17 p1type=1
hit: step=9199 p0id=16 p0type=0 p1id=17 p1type=1
analysis...
9199 -> analysis by 0_standard_traj|csv -> traj.csv ...
9199 -> analysis by 1_standard_traj|xyz -> traj.xyz ...
9199 -> analysis by 2_particleNumbers|csv -> out_particleNumbers.csv ...
9199 -> analysis by 3_standardReactionReporting|csv -> out_reactions.csv ...
hit: step=9200 p0id=16 p0type=0 p1id=17 p1type=1
hit: step=9201 p0id=16 p0type=0 p1id=17 p1type=1
hit: step=9202 p0id=16 p0type=0 p1id=17 p1type=1
hit: step=9203 p0id=16 p0type=0 p1id=17 p1type=1
hit: step=9204 p0id=16 p0type=0 p1id=17 p1type=1
hit: step=9205 p0id=16 p0type=0 p1id=17 p1type=1
hit: step=9206 p0id=16 p0type=0 p1id=17 p1type=1
hit: step=9207 p0id=16 p0type=0 p1id=17 p1type=1
hit: step=9208 p0id=16 p0type=0 p1id=17 p1type=1
hit: step=9209 p0id=16 p0type=0 p1id=17 p1type=1
hit: step=9210 p0id=16 p0type=0 p1id=17 p1type=1
hit: step=9211 p0id=16 p0type=0 p1id=17 p1type=1
hit: step=9212 p0id=16 p0type=0 p1id=17 p1type=1
hit: step=9213 p0id=16 p0type=0 p1id=17 p1type=1
hit: step=9214 p0id=16 p0type=0 p1id=17 p1type=1
hit: step=9215 p0id=16 p0type=0 p1id=17 p1type=1
hit: step=9216 p0id=16 p0type=0 p1id=17 p1type=1
hit: step=9217 p0id=16 p0type=0 p1id=17 p1type=1
hit: step=9218 p0id=16 p0type=0 p1id=17 p1type=1
hit: step=9219 p0id=16 p0type=0 p1id=17 p1type=1
hit: step=9220 p0id=16 p0type=0 p1id=17 p1type=1
hit: step=9221 p0id=16 p0type=0 p1id=17 p1type=1
hit: step=9222 p0id=16 p0type=0 p1id=17 p1type=1
hit: step=9223 p0id=16 p0type=0 p1id=17 p1type=1
hit: step=9224 p0id=16 p0type=0 p1id=17 p1type=1
hit: step=9225 p0id=16 p0type=0 p1id=17 p1type=1
hit: step=9226 p0id=16 p0type=0 p1id=17 p1type=1
hit: step=9227 p0id=16 p0type=0 p1id=17 p1type=1
hit: step=9228 p0id=16 p0type=0 p1id=17 p1type=1
hit: step=9229 p0id=16 p0type=0 p1id=17 p1type=1
hit: step=9230 p0id=16 p0type=0 p1id=17 p1type=1
hit: step=9235 p0id=16 p0type=0 p1id=17 p1type=1
hit: step=9236 p0id=16 p0type=0 p1id=17 p1type=1
hit: step=9237 p0id=16 p0type=0 p1id=17 p1type=1
hit: step=9238 p0id=16 p0type=0 p1id=17 p1type=1
hit: step=9239 p0id=16 p0type=0 p1id=17 p1type=1
hit: step=9240 p0id=16 p0type=0 p1id=17 p1type=1
hit: step=9256 p0id=16 p0type=0 p1id=17 p1type=1
hit: step=9257 p0id=16 p0type=0 p1id=17 p1type=1
hit: step=9286 p0id=16 p0type=0 p1id=17 p1type=1
hit: step=9287 p0id=16 p0type=0 p1id=17 p1type=1
hit: step=9288 p0id=16 p0type=0 p1id=17 p1type=1
hit: step=9289 p0id=16 p0type=0 p1id=17 p1type=1
hit: step=9290 p0id=16 p0type=0 p1id=17 p1type=1
hit: step=9291 p0id=16 p0type=0 p1id=17 p1type=1
hit: step=9292 p0id=16 p0type=0 p1id=17 p1type=1
hit: step=9293 p0id=16 p0type=0 p1id=17 p1type=1
hit: step=9294 p0id=16 p0type=0 p1id=17 p1type=1
hit: step=9295 p0id=16 p0type=0 p1id=17 p1type=1
hit: step=9296 p0id=16 p0type=0 p1id=17 p1type=1
hit: step=9297 p0id=16 p0type=0 p1id=17 p1type=1
hit: step=9298 p0id=16 p0type=0 p1id=17 p1type=1
hit: step=9299 p0id=16 p0type=0 p1id=17 p1type=1
analysis...
9299 -> analysis by 0_standard_traj|csv -> traj.csv ...
9299 -> analysis by 1_standard_traj|xyz -> traj.xyz ...
9299 -> analysis by 2_particleNumbers|csv -> out_particleNumbers.csv ...
9299 -> analysis by 3_standardReactionReporting|csv -> out_reactions.csv ...
hit: step=9300 p0id=16 p0type=0 p1id=17 p1type=1
hit: step=9301 p0id=16 p0type=0 p1id=17 p1type=1
hit: step=9302 p0id=16 p0type=0 p1id=17 p1type=1
hit: step=9303 p0id=16 p0type=0 p1id=17 p1type=1
hit: step=9304 p0id=16 p0type=0 p1id=17 p1type=1
hit: step=9305 p0id=16 p0type=0 p1id=17 p1type=1
hit: step=9306 p0id=16 p0type=0 p1id=17 p1type=1
hit: step=9307 p0id=16 p0type=0 p1id=17 p1type=1
hit: step=9308 p0id=16 p0type=0 p1id=17 p1type=1
hit: step=9309 p0id=16 p0type=0 p1id=17 p1type=1
hit: step=9310 p0id=16 p0type=0 p1id=17 p1type=1
hit: step=9311 p0id=16 p0type=0 p1id=17 p1type=1
hit: step=9312 p0id=16 p0type=0 p1id=17 p1type=1
hit: step=9313 p0id=16 p0type=0 p1id=17 p1type=1
hit: step=9314 p0id=16 p0type=0 p1id=17 p1type=1
hit: step=9315 p0id=16 p0type=0 p1id=17 p1type=1
hit: step=9316 p0id=16 p0type=0 p1id=17 p1type=1
hit: step=9317 p0id=16 p0type=0 p1id=17 p1type=1
hit: step=9318 p0id=16 p0type=0 p1id=17 p1type=1
hit: step=9319 p0id=16 p0type=0 p1id=17 p1type=1
hit: step=9320 p0id=16 p0type=0 p1id=17 p1type=1
hit: step=9321 p0id=16 p0type=0 p1id=17 p1type=1
hit: step=9322 p0id=16 p0type=0 p1id=17 p1type=1
hit: step=9326 p0id=16 p0type=0 p1id=17 p1type=1
hit: step=9327 p0id=16 p0type=0 p1id=17 p1type=1
hit: step=9328 p0id=16 p0type=0 p1id=17 p1type=1
hit: step=9329 p0id=16 p0type=0 p1id=17 p1type=1
hit: step=9330 p0id=16 p0type=0 p1id=17 p1type=1
analysis...
9399 -> analysis by 0_standard_traj|csv -> traj.csv ...
9399 -> analysis by 1_standard_traj|xyz -> traj.xyz ...
9399 -> analysis by 2_particleNumbers|csv -> out_particleNumbers.csv ...
9399 -> analysis by 3_standardReactionReporting|csv -> out_reactions.csv ...
hit: step=9418 p0id=16 p0type=0 p1id=17 p1type=1
hit: step=9421 p0id=16 p0type=0 p1id=17 p1type=1
hit: step=9426 p0id=16 p0type=0 p1id=17 p1type=1
hit: step=9434 p0id=16 p0type=0 p1id=17 p1type=1
hit: step=9435 p0id=16 p0type=0 p1id=17 p1type=1
hit: step=9436 p0id=16 p0type=0 p1id=17 p1type=1
hit: step=9437 p0id=16 p0type=0 p1id=17 p1type=1
hit: step=9438 p0id=16 p0type=0 p1id=17 p1type=1
hit: step=9439 p0id=16 p0type=0 p1id=17 p1type=1
hit: step=9440 p0id=16 p0type=0 p1id=17 p1type=1
hit: step=9441 p0id=16 p0type=0 p1id=17 p1type=1
hit: step=9442 p0id=16 p0type=0 p1id=17 p1type=1
hit: step=9443 p0id=16 p0type=0 p1id=17 p1type=1
hit: step=9444 p0id=16 p0type=0 p1id=17 p1type=1
hit: step=9445 p0id=16 p0type=0 p1id=17 p1type=1
hit: step=9446 p0id=16 p0type=0 p1id=17 p1type=1
hit: step=9447 p0id=16 p0type=0 p1id=17 p1type=1
hit: step=9448 p0id=16 p0type=0 p1id=17 p1type=1
hit: step=9449 p0id=16 p0type=0 p1id=17 p1type=1
hit: step=9450 p0id=16 p0type=0 p1id=17 p1type=1
hit: step=9451 p0id=16 p0type=0 p1id=17 p1type=1
hit: step=9452 p0id=16 p0type=0 p1id=17 p1type=1
hit: step=9453 p0id=16 p0type=0 p1id=17 p1type=1
hit: step=9454 p0id=16 p0type=0 p1id=17 p1type=1
hit: step=9455 p0id=16 p0type=0 p1id=17 p1type=1
hit: step=9456 p0id=16 p0type=0 p1id=17 p1type=1
hit: step=9457 p0id=16 p0type=0 p1id=17 p1type=1
hit: step=9458 p0id=16 p0type=0 p1id=17 p1type=1
hit: step=9459 p0id=16 p0type=0 p1id=17 p1type=1
hit: step=9460 p0id=16 p0type=0 p1id=17 p1type=1
hit: step=9461 p0id=16 p0type=0 p1id=17 p1type=1
hit: step=9462 p0id=16 p0type=0 p1id=17 p1type=1
hit: step=9463 p0id=16 p0type=0 p1id=17 p1type=1
hit: step=9464 p0id=16 p0type=0 p1id=17 p1type=1
hit: step=9465 p0id=16 p0type=0 p1id=17 p1type=1
hit: step=9466 p0id=16 p0type=0 p1id=17 p1type=1
hit: step=9467 p0id=16 p0type=0 p1id=17 p1type=1
hit: step=9468 p0id=16 p0type=0 p1id=17 p1type=1
hit: step=9469 p0id=16 p0type=0 p1id=17 p1type=1
hit: step=9470 p0id=16 p0type=0 p1id=17 p1type=1
hit: step=9471 p0id=16 p0type=0 p1id=17 p1type=1
hit: step=9472 p0id=16 p0type=0 p1id=17 p1type=1
hit: step=9473 p0id=16 p0type=0 p1id=17 p1type=1
hit: step=9474 p0id=16 p0type=0 p1id=17 p1type=1
hit: step=9475 p0id=16 p0type=0 p1id=17 p1type=1
hit: step=9476 p0id=16 p0type=0 p1id=17 p1type=1
hit: step=9477 p0id=16 p0type=0 p1id=17 p1type=1
hit: step=9478 p0id=16 p0type=0 p1id=17 p1type=1
hit: step=9479 p0id=16 p0type=0 p1id=17 p1type=1
hit: step=9480 p0id=16 p0type=0 p1id=17 p1type=1
hit: step=9481 p0id=16 p0type=0 p1id=17 p1type=1
hit: step=9482 p0id=16 p0type=0 p1id=17 p1type=1
hit: step=9483 p0id=16 p0type=0 p1id=17 p1type=1
hit: step=9484 p0id=16 p0type=0 p1id=17 p1type=1
hit: step=9485 p0id=16 p0type=0 p1id=17 p1type=1
hit: step=9486 p0id=16 p0type=0 p1id=17 p1type=1
hit: step=9487 p0id=16 p0type=0 p1id=17 p1type=1
hit: step=9488 p0id=16 p0type=0 p1id=17 p1type=1
hit: step=9489 p0id=16 p0type=0 p1id=17 p1type=1
hit: step=9490 p0id=16 p0type=0 p1id=17 p1type=1
hit: step=9491 p0id=16 p0type=0 p1id=17 p1type=1
hit: step=9492 p0id=16 p0type=0 p1id=17 p1type=1
hit: step=9493 p0id=16 p0type=0 p1id=17 p1type=1
hit: step=9494 p0id=16 p0type=0 p1id=17 p1type=1
hit: step=9495 p0id=16 p0type=0 p1id=17 p1type=1
hit: step=9496 p0id=16 p0type=0 p1id=17 p1type=1
hit: step=9497 p0id=16 p0type=0 p1id=17 p1type=1
hit: step=9498 p0id=16 p0type=0 p1id=17 p1type=1
hit: step=9499 p0id=16 p0type=0 p1id=17 p1type=1
analysis...
9499 -> analysis by 0_standard_traj|csv -> traj.csv ...
9499 -> analysis by 1_standard_traj|xyz -> traj.xyz ...
9499 -> analysis by 2_particleNumbers|csv -> out_particleNumbers.csv ...
9499 -> analysis by 3_standardReactionReporting|csv -> out_reactions.csv ...
hit: step=9500 p0id=16 p0type=0 p1id=17 p1type=1
hit: step=9501 p0id=16 p0type=0 p1id=17 p1type=1
hit: step=9502 p0id=16 p0type=0 p1id=17 p1type=1
hit: step=9503 p0id=16 p0type=0 p1id=17 p1type=1
hit: step=9504 p0id=16 p0type=0 p1id=17 p1type=1
hit: step=9505 p0id=16 p0type=0 p1id=17 p1type=1
hit: step=9506 p0id=16 p0type=0 p1id=17 p1type=1
hit: step=9507 p0id=16 p0type=0 p1id=17 p1type=1
hit: step=9508 p0id=16 p0type=0 p1id=17 p1type=1
hit: step=9509 p0id=16 p0type=0 p1id=17 p1type=1
hit: step=9510 p0id=16 p0type=0 p1id=17 p1type=1
hit: step=9511 p0id=16 p0type=0 p1id=17 p1type=1
hit: step=9512 p0id=16 p0type=0 p1id=17 p1type=1
hit: step=9513 p0id=16 p0type=0 p1id=17 p1type=1
hit: step=9514 p0id=16 p0type=0 p1id=17 p1type=1
hit: step=9515 p0id=16 p0type=0 p1id=17 p1type=1
hit: step=9516 p0id=16 p0type=0 p1id=17 p1type=1
hit: step=9517 p0id=16 p0type=0 p1id=17 p1type=1
hit: step=9518 p0id=16 p0type=0 p1id=17 p1type=1
hit: step=9519 p0id=16 p0type=0 p1id=17 p1type=1
hit: step=9520 p0id=16 p0type=0 p1id=17 p1type=1
hit: step=9521 p0id=16 p0type=0 p1id=17 p1type=1
hit: step=9522 p0id=16 p0type=0 p1id=17 p1type=1
hit: step=9523 p0id=16 p0type=0 p1id=17 p1type=1
hit: step=9524 p0id=16 p0type=0 p1id=17 p1type=1
hit: step=9525 p0id=16 p0type=0 p1id=17 p1type=1
hit: step=9526 p0id=16 p0type=0 p1id=17 p1type=1
hit: step=9527 p0id=16 p0type=0 p1id=17 p1type=1
hit: step=9528 p0id=16 p0type=0 p1id=17 p1type=1
hit: step=9529 p0id=16 p0type=0 p1id=17 p1type=1
hit: step=9530 p0id=16 p0type=0 p1id=17 p1type=1
hit: step=9531 p0id=16 p0type=0 p1id=17 p1type=1
hit: step=9532 p0id=16 p0type=0 p1id=17 p1type=1
hit: step=9533 p0id=16 p0type=0 p1id=17 p1type=1
hit: step=9534 p0id=16 p0type=0 p1id=17 p1type=1
hit: step=9535 p0id=16 p0type=0 p1id=17 p1type=1
hit: step=9536 p0id=16 p0type=0 p1id=17 p1type=1
hit: step=9537 p0id=16 p0type=0 p1id=17 p1type=1
hit: step=9538 p0id=16 p0type=0 p1id=17 p1type=1
hit: step=9539 p0id=16 p0type=0 p1id=17 p1type=1
hit: step=9540 p0id=16 p0type=0 p1id=17 p1type=1
hit: step=9541 p0id=16 p0type=0 p1id=17 p1type=1
hit: step=9542 p0id=16 p0type=0 p1id=17 p1type=1
hit: step=9543 p0id=16 p0type=0 p1id=17 p1type=1
hit: step=9544 p0id=16 p0type=0 p1id=17 p1type=1
hit: step=9545 p0id=16 p0type=0 p1id=17 p1type=1
hit: step=9546 p0id=16 p0type=0 p1id=17 p1type=1
hit: step=9547 p0id=16 p0type=0 p1id=17 p1type=1
hit: step=9548 p0id=16 p0type=0 p1id=17 p1type=1
hit: step=9549 p0id=16 p0type=0 p1id=17 p1type=1
hit: step=9550 p0id=16 p0type=0 p1id=17 p1type=1
hit: step=9551 p0id=16 p0type=0 p1id=17 p1type=1
hit: step=9552 p0id=16 p0type=0 p1id=17 p1type=1
hit: step=9553 p0id=16 p0type=0 p1id=17 p1type=1
hit: step=9554 p0id=16 p0type=0 p1id=17 p1type=1
hit: step=9555 p0id=16 p0type=0 p1id=17 p1type=1
hit: step=9556 p0id=16 p0type=0 p1id=17 p1type=1
hit: step=9557 p0id=16 p0type=0 p1id=17 p1type=1
hit: step=9558 p0id=16 p0type=0 p1id=17 p1type=1
hit: step=9559 p0id=16 p0type=0 p1id=17 p1type=1
hit: step=9560 p0id=16 p0type=0 p1id=17 p1type=1
hit: step=9561 p0id=16 p0type=0 p1id=17 p1type=1
hit: step=9562 p0id=16 p0type=0 p1id=17 p1type=1
hit: step=9563 p0id=16 p0type=0 p1id=17 p1type=1
hit: step=9564 p0id=16 p0type=0 p1id=17 p1type=1
hit: step=9565 p0id=16 p0type=0 p1id=17 p1type=1
hit: step=9566 p0id=16 p0type=0 p1id=17 p1type=1
hit: step=9567 p0id=16 p0type=0 p1id=17 p1type=1
hit: step=9568 p0id=16 p0type=0 p1id=17 p1type=1
hit: step=9569 p0id=16 p0type=0 p1id=17 p1type=1
hit: step=9570 p0id=16 p0type=0 p1id=17 p1type=1
hit: step=9571 p0id=16 p0type=0 p1id=17 p1type=1
hit: step=9572 p0id=16 p0type=0 p1id=17 p1type=1
hit: step=9573 p0id=16 p0type=0 p1id=17 p1type=1
hit: step=9574 p0id=16 p0type=0 p1id=17 p1type=1
hit: step=9575 p0id=16 p0type=0 p1id=17 p1type=1
hit: step=9576 p0id=16 p0type=0 p1id=17 p1type=1
hit: step=9577 p0id=16 p0type=0 p1id=17 p1type=1
hit: step=9578 p0id=16 p0type=0 p1id=17 p1type=1
hit: step=9579 p0id=16 p0type=0 p1id=17 p1type=1
hit: step=9580 p0id=16 p0type=0 p1id=17 p1type=1
hit: step=9581 p0id=16 p0type=0 p1id=17 p1type=1
hit: step=9582 p0id=16 p0type=0 p1id=17 p1type=1
hit: step=9583 p0id=16 p0type=0 p1id=17 p1type=1
hit: step=9584 p0id=16 p0type=0 p1id=17 p1type=1
hit: step=9585 p0id=16 p0type=0 p1id=17 p1type=1
hit: step=9586 p0id=16 p0type=0 p1id=17 p1type=1
hit: step=9587 p0id=16 p0type=0 p1id=17 p1type=1
hit: step=9588 p0id=16 p0type=0 p1id=17 p1type=1
hit: step=9589 p0id=16 p0type=0 p1id=17 p1type=1
hit: step=9590 p0id=16 p0type=0 p1id=17 p1type=1
hit: step=9591 p0id=16 p0type=0 p1id=17 p1type=1
hit: step=9592 p0id=16 p0type=0 p1id=17 p1type=1
hit: step=9593 p0id=16 p0type=0 p1id=17 p1type=1
hit: step=9594 p0id=16 p0type=0 p1id=17 p1type=1
hit: step=9595 p0id=16 p0type=0 p1id=17 p1type=1
hit: step=9596 p0id=16 p0type=0 p1id=17 p1type=1
hit: step=9597 p0id=16 p0type=0 p1id=17 p1type=1
hit: step=9598 p0id=16 p0type=0 p1id=17 p1type=1
hit: step=9599 p0id=16 p0type=0 p1id=17 p1type=1
analysis...
9599 -> analysis by 0_standard_traj|csv -> traj.csv ...
9599 -> analysis by 1_standard_traj|xyz -> traj.xyz ...
9599 -> analysis by 2_particleNumbers|csv -> out_particleNumbers.csv ...
9599 -> analysis by 3_standardReactionReporting|csv -> out_reactions.csv ...
hit: step=9600 p0id=16 p0type=0 p1id=17 p1type=1
hit: step=9601 p0id=16 p0type=0 p1id=17 p1type=1
hit: step=9602 p0id=16 p0type=0 p1id=17 p1type=1
hit: step=9603 p0id=16 p0type=0 p1id=17 p1type=1
hit: step=9604 p0id=16 p0type=0 p1id=17 p1type=1
hit: step=9605 p0id=16 p0type=0 p1id=17 p1type=1
hit: step=9606 p0id=16 p0type=0 p1id=17 p1type=1
hit: step=9607 p0id=16 p0type=0 p1id=17 p1type=1
hit: step=9608 p0id=16 p0type=0 p1id=17 p1type=1
hit: step=9609 p0id=16 p0type=0 p1id=17 p1type=1
hit: step=9610 p0id=16 p0type=0 p1id=17 p1type=1
hit: step=9611 p0id=16 p0type=0 p1id=17 p1type=1
hit: step=9612 p0id=16 p0type=0 p1id=17 p1type=1
hit: step=9613 p0id=16 p0type=0 p1id=17 p1type=1
hit: step=9614 p0id=16 p0type=0 p1id=17 p1type=1
hit: step=9620 p0id=16 p0type=0 p1id=17 p1type=1
hit: step=9621 p0id=16 p0type=0 p1id=17 p1type=1
hit: step=9622 p0id=16 p0type=0 p1id=17 p1type=1
hit: step=9640 p0id=16 p0type=0 p1id=17 p1type=1
hit: step=9642 p0id=16 p0type=0 p1id=17 p1type=1
hit: step=9643 p0id=16 p0type=0 p1id=17 p1type=1
hit: step=9644 p0id=16 p0type=0 p1id=17 p1type=1
hit: step=9649 p0id=16 p0type=0 p1id=17 p1type=1
hit: step=9650 p0id=16 p0type=0 p1id=17 p1type=1
hit: step=9651 p0id=16 p0type=0 p1id=17 p1type=1
hit: step=9652 p0id=16 p0type=0 p1id=17 p1type=1
hit: step=9653 p0id=16 p0type=0 p1id=17 p1type=1
hit: step=9654 p0id=16 p0type=0 p1id=17 p1type=1
hit: step=9655 p0id=16 p0type=0 p1id=17 p1type=1
hit: step=9656 p0id=16 p0type=0 p1id=17 p1type=1
hit: step=9657 p0id=16 p0type=0 p1id=17 p1type=1
hit: step=9658 p0id=16 p0type=0 p1id=17 p1type=1
hit: step=9666 p0id=16 p0type=0 p1id=17 p1type=1
hit: step=9670 p0id=16 p0type=0 p1id=17 p1type=1
hit: step=9671 p0id=16 p0type=0 p1id=17 p1type=1
hit: step=9673 p0id=16 p0type=0 p1id=17 p1type=1
analysis...
9699 -> analysis by 0_standard_traj|csv -> traj.csv ...
9699 -> analysis by 1_standard_traj|xyz -> traj.xyz ...
9699 -> analysis by 2_particleNumbers|csv -> out_particleNumbers.csv ...
9699 -> analysis by 3_standardReactionReporting|csv -> out_reactions.csv ...
hit: step=9724 p0id=16 p0type=0 p1id=17 p1type=1
hit: step=9725 p0id=16 p0type=0 p1id=17 p1type=1
hit: step=9728 p0id=16 p0type=0 p1id=17 p1type=1
hit: step=9729 p0id=16 p0type=0 p1id=17 p1type=1
hit: step=9730 p0id=16 p0type=0 p1id=17 p1type=1
hit: step=9731 p0id=16 p0type=0 p1id=17 p1type=1
hit: step=9738 p0id=16 p0type=0 p1id=17 p1type=1
hit: step=9740 p0id=16 p0type=0 p1id=17 p1type=1
hit: step=9741 p0id=16 p0type=0 p1id=17 p1type=1
hit: step=9743 p0id=16 p0type=0 p1id=17 p1type=1
hit: step=9753 p0id=16 p0type=0 p1id=17 p1type=1
hit: step=9756 p0id=16 p0type=0 p1id=17 p1type=1
hit: step=9757 p0id=16 p0type=0 p1id=17 p1type=1
hit: step=9758 p0id=16 p0type=0 p1id=17 p1type=1
hit: step=9759 p0id=16 p0type=0 p1id=17 p1type=1
hit: step=9760 p0id=16 p0type=0 p1id=17 p1type=1
hit: step=9761 p0id=16 p0type=0 p1id=17 p1type=1
hit: step=9762 p0id=16 p0type=0 p1id=17 p1type=1
hit: step=9763 p0id=16 p0type=0 p1id=17 p1type=1
hit: step=9764 p0id=16 p0type=0 p1id=17 p1type=1
hit: step=9765 p0id=16 p0type=0 p1id=17 p1type=1
hit: step=9766 p0id=16 p0type=0 p1id=17 p1type=1
hit: step=9767 p0id=16 p0type=0 p1id=17 p1type=1
hit: step=9768 p0id=16 p0type=0 p1id=17 p1type=1
hit: step=9769 p0id=16 p0type=0 p1id=17 p1type=1
hit: step=9770 p0id=16 p0type=0 p1id=17 p1type=1
hit: step=9771 p0id=16 p0type=0 p1id=17 p1type=1
hit: step=9772 p0id=16 p0type=0 p1id=17 p1type=1
hit: step=9773 p0id=16 p0type=0 p1id=17 p1type=1
hit: step=9774 p0id=16 p0type=0 p1id=17 p1type=1
hit: step=9775 p0id=16 p0type=0 p1id=17 p1type=1
hit: step=9776 p0id=16 p0type=0 p1id=17 p1type=1
hit: step=9777 p0id=16 p0type=0 p1id=17 p1type=1
hit: step=9778 p0id=16 p0type=0 p1id=17 p1type=1
hit: step=9779 p0id=16 p0type=0 p1id=17 p1type=1
hit: step=9780 p0id=16 p0type=0 p1id=17 p1type=1
hit: step=9781 p0id=16 p0type=0 p1id=17 p1type=1
hit: step=9782 p0id=16 p0type=0 p1id=17 p1type=1
hit: step=9783 p0id=16 p0type=0 p1id=17 p1type=1
hit: step=9784 p0id=16 p0type=0 p1id=17 p1type=1
hit: step=9785 p0id=16 p0type=0 p1id=17 p1type=1
hit: step=9786 p0id=16 p0type=0 p1id=17 p1type=1
hit: step=9787 p0id=16 p0type=0 p1id=17 p1type=1
hit: step=9788 p0id=16 p0type=0 p1id=17 p1type=1
hit: step=9789 p0id=16 p0type=0 p1id=17 p1type=1
hit: step=9790 p0id=16 p0type=0 p1id=17 p1type=1
hit: step=9791 p0id=16 p0type=0 p1id=17 p1type=1
hit: step=9792 p0id=16 p0type=0 p1id=17 p1type=1
hit: step=9793 p0id=16 p0type=0 p1id=17 p1type=1
hit: step=9794 p0id=16 p0type=0 p1id=17 p1type=1
hit: step=9795 p0id=16 p0type=0 p1id=17 p1type=1
hit: step=9796 p0id=16 p0type=0 p1id=17 p1type=1
hit: step=9797 p0id=16 p0type=0 p1id=17 p1type=1
hit: step=9798 p0id=16 p0type=0 p1id=17 p1type=1
hit: step=9799 p0id=16 p0type=0 p1id=17 p1type=1
analysis...
9799 -> analysis by 0_standard_traj|csv -> traj.csv ...
9799 -> analysis by 1_standard_traj|xyz -> traj.xyz ...
9799 -> analysis by 2_particleNumbers|csv -> out_particleNumbers.csv ...
9799 -> analysis by 3_standardReactionReporting|csv -> out_reactions.csv ...
hit: step=9800 p0id=16 p0type=0 p1id=17 p1type=1
hit: step=9801 p0id=16 p0type=0 p1id=17 p1type=1
hit: step=9802 p0id=16 p0type=0 p1id=17 p1type=1
hit: step=9803 p0id=16 p0type=0 p1id=17 p1type=1
hit: step=9804 p0id=16 p0type=0 p1id=17 p1type=1
hit: step=9805 p0id=16 p0type=0 p1id=17 p1type=1
hit: step=9806 p0id=16 p0type=0 p1id=17 p1type=1
hit: step=9807 p0id=16 p0type=0 p1id=17 p1type=1
hit: step=9808 p0id=16 p0type=0 p1id=17 p1type=1
hit: step=9809 p0id=16 p0type=0 p1id=17 p1type=1
hit: step=9810 p0id=16 p0type=0 p1id=17 p1type=1
hit: step=9811 p0id=16 p0type=0 p1id=17 p1type=1
hit: step=9812 p0id=16 p0type=0 p1id=17 p1type=1
hit: step=9813 p0id=16 p0type=0 p1id=17 p1type=1
hit: step=9814 p0id=16 p0type=0 p1id=17 p1type=1
hit: step=9815 p0id=16 p0type=0 p1id=17 p1type=1
hit: step=9816 p0id=16 p0type=0 p1id=17 p1type=1
hit: step=9817 p0id=16 p0type=0 p1id=17 p1type=1
hit: step=9818 p0id=16 p0type=0 p1id=17 p1type=1
hit: step=9819 p0id=16 p0type=0 p1id=17 p1type=1
hit: step=9820 p0id=16 p0type=0 p1id=17 p1type=1
hit: step=9821 p0id=16 p0type=0 p1id=17 p1type=1
hit: step=9822 p0id=16 p0type=0 p1id=17 p1type=1
hit: step=9823 p0id=16 p0type=0 p1id=17 p1type=1
hit: step=9824 p0id=16 p0type=0 p1id=17 p1type=1
hit: step=9825 p0id=16 p0type=0 p1id=17 p1type=1
hit: step=9826 p0id=16 p0type=0 p1id=17 p1type=1
hit: step=9827 p0id=16 p0type=0 p1id=17 p1type=1
hit: step=9828 p0id=16 p0type=0 p1id=17 p1type=1
hit: step=9829 p0id=16 p0type=0 p1id=17 p1type=1
hit: step=9830 p0id=16 p0type=0 p1id=17 p1type=1
hit: step=9831 p0id=16 p0type=0 p1id=17 p1type=1
hit: step=9832 p0id=16 p0type=0 p1id=17 p1type=1
hit: step=9833 p0id=16 p0type=0 p1id=17 p1type=1
hit: step=9834 p0id=16 p0type=0 p1id=17 p1type=1
hit: step=9835 p0id=16 p0type=0 p1id=17 p1type=1
hit: step=9836 p0id=16 p0type=0 p1id=17 p1type=1
hit: step=9837 p0id=16 p0type=0 p1id=17 p1type=1
hit: step=9838 p0id=16 p0type=0 p1id=17 p1type=1
hit: step=9839 p0id=16 p0type=0 p1id=17 p1type=1
hit: step=9840 p0id=16 p0type=0 p1id=17 p1type=1
hit: step=9841 p0id=16 p0type=0 p1id=17 p1type=1
hit: step=9842 p0id=16 p0type=0 p1id=17 p1type=1
hit: step=9843 p0id=16 p0type=0 p1id=17 p1type=1
hit: step=9844 p0id=16 p0type=0 p1id=17 p1type=1
hit: step=9845 p0id=16 p0type=0 p1id=17 p1type=1
hit: step=9846 p0id=16 p0type=0 p1id=17 p1type=1
hit: step=9847 p0id=16 p0type=0 p1id=17 p1type=1
hit: step=9848 p0id=16 p0type=0 p1id=17 p1type=1
hit: step=9849 p0id=16 p0type=0 p1id=17 p1type=1
hit: step=9850 p0id=16 p0type=0 p1id=17 p1type=1
hit: step=9851 p0id=16 p0type=0 p1id=17 p1type=1
hit: step=9852 p0id=16 p0type=0 p1id=17 p1type=1
hit: step=9853 p0id=16 p0type=0 p1id=17 p1type=1
hit: step=9854 p0id=16 p0type=0 p1id=17 p1type=1
hit: step=9855 p0id=16 p0type=0 p1id=17 p1type=1
hit: step=9856 p0id=16 p0type=0 p1id=17 p1type=1
hit: step=9857 p0id=16 p0type=0 p1id=17 p1type=1
hit: step=9858 p0id=16 p0type=0 p1id=17 p1type=1
hit: step=9859 p0id=16 p0type=0 p1id=17 p1type=1
hit: step=9860 p0id=16 p0type=0 p1id=17 p1type=1
hit: step=9861 p0id=16 p0type=0 p1id=17 p1type=1
hit: step=9862 p0id=16 p0type=0 p1id=17 p1type=1
hit: step=9863 p0id=16 p0type=0 p1id=17 p1type=1
hit: step=9864 p0id=16 p0type=0 p1id=17 p1type=1
hit: step=9865 p0id=16 p0type=0 p1id=17 p1type=1
hit: step=9866 p0id=16 p0type=0 p1id=17 p1type=1
hit: step=9867 p0id=16 p0type=0 p1id=17 p1type=1
hit: step=9868 p0id=16 p0type=0 p1id=17 p1type=1
hit: step=9869 p0id=16 p0type=0 p1id=17 p1type=1
hit: step=9870 p0id=16 p0type=0 p1id=17 p1type=1
hit: step=9871 p0id=16 p0type=0 p1id=17 p1type=1
hit: step=9877 p0id=16 p0type=0 p1id=17 p1type=1
hit: step=9879 p0id=16 p0type=0 p1id=17 p1type=1
hit: step=9892 p0id=16 p0type=0 p1id=17 p1type=1
hit: step=9893 p0id=16 p0type=0 p1id=17 p1type=1
hit: step=9894 p0id=16 p0type=0 p1id=17 p1type=1
hit: step=9896 p0id=16 p0type=0 p1id=17 p1type=1
hit: step=9899 p0id=16 p0type=0 p1id=17 p1type=1
analysis...
9899 -> analysis by 0_standard_traj|csv -> traj.csv ...
9899 -> analysis by 1_standard_traj|xyz -> traj.xyz ...
9899 -> analysis by 2_particleNumbers|csv -> out_particleNumbers.csv ...
9899 -> analysis by 3_standardReactionReporting|csv -> out_reactions.csv ...
hit: step=9944 p0id=16 p0type=0 p1id=17 p1type=1
hit: step=9946 p0id=16 p0type=0 p1id=17 p1type=1
hit: step=9947 p0id=16 p0type=0 p1id=17 p1type=1
hit: step=9950 p0id=16 p0type=0 p1id=17 p1type=1
hit: step=9951 p0id=16 p0type=0 p1id=17 p1type=1
hit: step=9952 p0id=16 p0type=0 p1id=17 p1type=1
hit: step=9953 p0id=16 p0type=0 p1id=17 p1type=1
hit: step=9954 p0id=16 p0type=0 p1id=17 p1type=1
hit: step=9968 p0id=16 p0type=0 p1id=17 p1type=1
hit: step=9971 p0id=16 p0type=0 p1id=17 p1type=1
hit: step=9972 p0id=16 p0type=0 p1id=17 p1type=1
hit: step=9980 p0id=16 p0type=0 p1id=17 p1type=1
hit: step=9981 p0id=16 p0type=0 p1id=17 p1type=1
hit: step=9982 p0id=16 p0type=0 p1id=17 p1type=1
hit: step=9983 p0id=16 p0type=0 p1id=17 p1type=1
hit: step=9984 p0id=16 p0type=0 p1id=17 p1type=1
hit: step=9985 p0id=16 p0type=0 p1id=17 p1type=1
hit: step=9987 p0id=16 p0type=0 p1id=17 p1type=1
hit: step=9989 p0id=16 p0type=0 p1id=17 p1type=1
hit: step=9990 p0id=16 p0type=0 p1id=17 p1type=1
hit: step=9991 p0id=16 p0type=0 p1id=17 p1type=1
hit: step=9993 p0id=16 p0type=0 p1id=17 p1type=1
hit: step=9994 p0id=16 p0type=0 p1id=17 p1type=1
analysis...
9999 -> analysis by 0_standard_traj|csv -> traj.csv ...
9999 -> analysis by 1_standard_traj|xyz -> traj.xyz ...
9999 -> analysis by 2_particleNumbers|csv -> out_particleNumbers.csv ...
9999 -> analysis by 3_standardReactionReporting|csv -> out_reactions.csv ...

top: 'step 10000'
analysis...
10099 -> analysis by 0_standard_traj|csv -> traj.csv ...
10099 -> analysis by 1_standard_traj|xyz -> traj.xyz ...
10099 -> analysis by 2_particleNumbers|csv -> out_particleNumbers.csv ...
10099 -> analysis by 3_standardReactionReporting|csv -> out_reactions.csv ...
analysis...
10199 -> analysis by 0_standard_traj|csv -> traj.csv ...
10199 -> analysis by 1_standard_traj|xyz -> traj.xyz ...
10199 -> analysis by 2_particleNumbers|csv -> out_particleNumbers.csv ...
10199 -> analysis by 3_standardReactionReporting|csv -> out_reactions.csv ...
analysis...
10299 -> analysis by 0_standard_traj|csv -> traj.csv ...
10299 -> analysis by 1_standard_traj|xyz -> traj.xyz ...
10299 -> analysis by 2_particleNumbers|csv -> out_particleNumbers.csv ...
10299 -> analysis by 3_standardReactionReporting|csv -> out_reactions.csv ...
analysis...
10399 -> analysis by 0_standard_traj|csv -> traj.csv ...
10399 -> analysis by 1_standard_traj|xyz -> traj.xyz ...
10399 -> analysis by 2_particleNumbers|csv -> out_particleNumbers.csv ...
10399 -> analysis by 3_standardReactionReporting|csv -> out_reactions.csv ...
analysis...
10499 -> analysis by 0_standard_traj|csv -> traj.csv ...
10499 -> analysis by 1_standard_traj|xyz -> traj.xyz ...
10499 -> analysis by 2_particleNumbers|csv -> out_particleNumbers.csv ...
10499 -> analysis by 3_standardReactionReporting|csv -> out_reactions.csv ...
analysis...
10599 -> analysis by 0_standard_traj|csv -> traj.csv ...
10599 -> analysis by 1_standard_traj|xyz -> traj.xyz ...
10599 -> analysis by 2_particleNumbers|csv -> out_particleNumbers.csv ...
10599 -> analysis by 3_standardReactionReporting|csv -> out_reactions.csv ...
analysis...
10699 -> analysis by 0_standard_traj|csv -> traj.csv ...
10699 -> analysis by 1_standard_traj|xyz -> traj.xyz ...
10699 -> analysis by 2_particleNumbers|csv -> out_particleNumbers.csv ...
10699 -> analysis by 3_standardReactionReporting|csv -> out_reactions.csv ...
analysis...
10799 -> analysis by 0_standard_traj|csv -> traj.csv ...
10799 -> analysis by 1_standard_traj|xyz -> traj.xyz ...
10799 -> analysis by 2_particleNumbers|csv -> out_particleNumbers.csv ...
10799 -> analysis by 3_standardReactionReporting|csv -> out_reactions.csv ...
analysis...
10899 -> analysis by 0_standard_traj|csv -> traj.csv ...
10899 -> analysis by 1_standard_traj|xyz -> traj.xyz ...
10899 -> analysis by 2_particleNumbers|csv -> out_particleNumbers.csv ...
10899 -> analysis by 3_standardReactionReporting|csv -> out_reactions.csv ...
analysis...
10999 -> analysis by 0_standard_traj|csv -> traj.csv ...
10999 -> analysis by 1_standard_traj|xyz -> traj.xyz ...
10999 -> analysis by 2_particleNumbers|csv -> out_particleNumbers.csv ...
10999 -> analysis by 3_standardReactionReporting|csv -> out_reactions.csv ...

top: 'step 11000'
analysis...
11099 -> analysis by 0_standard_traj|csv -> traj.csv ...
11099 -> analysis by 1_standard_traj|xyz -> traj.xyz ...
11099 -> analysis by 2_particleNumbers|csv -> out_particleNumbers.csv ...
11099 -> analysis by 3_standardReactionReporting|csv -> out_reactions.csv ...
analysis...
11199 -> analysis by 0_standard_traj|csv -> traj.csv ...
11199 -> analysis by 1_standard_traj|xyz -> traj.xyz ...
11199 -> analysis by 2_particleNumbers|csv -> out_particleNumbers.csv ...
11199 -> analysis by 3_standardReactionReporting|csv -> out_reactions.csv ...
analysis...
11299 -> analysis by 0_standard_traj|csv -> traj.csv ...
11299 -> analysis by 1_standard_traj|xyz -> traj.xyz ...
11299 -> analysis by 2_particleNumbers|csv -> out_particleNumbers.csv ...
11299 -> analysis by 3_standardReactionReporting|csv -> out_reactions.csv ...
analysis...
11399 -> analysis by 0_standard_traj|csv -> traj.csv ...
11399 -> analysis by 1_standard_traj|xyz -> traj.xyz ...
11399 -> analysis by 2_particleNumbers|csv -> out_particleNumbers.csv ...
11399 -> analysis by 3_standardReactionReporting|csv -> out_reactions.csv ...
analysis...
11499 -> analysis by 0_standard_traj|csv -> traj.csv ...
11499 -> analysis by 1_standard_traj|xyz -> traj.xyz ...
11499 -> analysis by 2_particleNumbers|csv -> out_particleNumbers.csv ...
11499 -> analysis by 3_standardReactionReporting|csv -> out_reactions.csv ...
analysis...
11599 -> analysis by 0_standard_traj|csv -> traj.csv ...
11599 -> analysis by 1_standard_traj|xyz -> traj.xyz ...
11599 -> analysis by 2_particleNumbers|csv -> out_particleNumbers.csv ...
11599 -> analysis by 3_standardReactionReporting|csv -> out_reactions.csv ...
analysis...
11699 -> analysis by 0_standard_traj|csv -> traj.csv ...
11699 -> analysis by 1_standard_traj|xyz -> traj.xyz ...
11699 -> analysis by 2_particleNumbers|csv -> out_particleNumbers.csv ...
11699 -> analysis by 3_standardReactionReporting|csv -> out_reactions.csv ...
analysis...
11799 -> analysis by 0_standard_traj|csv -> traj.csv ...
11799 -> analysis by 1_standard_traj|xyz -> traj.xyz ...
11799 -> analysis by 2_particleNumbers|csv -> out_particleNumbers.csv ...
11799 -> analysis by 3_standardReactionReporting|csv -> out_reactions.csv ...
analysis...
11899 -> analysis by 0_standard_traj|csv -> traj.csv ...
11899 -> analysis by 1_standard_traj|xyz -> traj.xyz ...
11899 -> analysis by 2_particleNumbers|csv -> out_particleNumbers.csv ...
11899 -> analysis by 3_standardReactionReporting|csv -> out_reactions.csv ...
analysis...
11999 -> analysis by 0_standard_traj|csv -> traj.csv ...
11999 -> analysis by 1_standard_traj|xyz -> traj.xyz ...
11999 -> analysis by 2_particleNumbers|csv -> out_particleNumbers.csv ...
11999 -> analysis by 3_standardReactionReporting|csv -> out_reactions.csv ...

top: 'step 12000'
analysis...
12099 -> analysis by 0_standard_traj|csv -> traj.csv ...
12099 -> analysis by 1_standard_traj|xyz -> traj.xyz ...
12099 -> analysis by 2_particleNumbers|csv -> out_particleNumbers.csv ...
12099 -> analysis by 3_standardReactionReporting|csv -> out_reactions.csv ...
analysis...
12199 -> analysis by 0_standard_traj|csv -> traj.csv ...
12199 -> analysis by 1_standard_traj|xyz -> traj.xyz ...
12199 -> analysis by 2_particleNumbers|csv -> out_particleNumbers.csv ...
12199 -> analysis by 3_standardReactionReporting|csv -> out_reactions.csv ...
hit: step=12288 p0id=18 p0type=0 p1id=19 p1type=1
hit: step=12289 p0id=18 p0type=0 p1id=19 p1type=1
hit: step=12290 p0id=18 p0type=0 p1id=19 p1type=1
hit: step=12291 p0id=18 p0type=0 p1id=19 p1type=1
hit: step=12292 p0id=18 p0type=0 p1id=19 p1type=1
hit: step=12293 p0id=18 p0type=0 p1id=19 p1type=1
hit: step=12294 p0id=18 p0type=0 p1id=19 p1type=1
hit: step=12295 p0id=18 p0type=0 p1id=19 p1type=1
hit: step=12296 p0id=18 p0type=0 p1id=19 p1type=1
hit: step=12297 p0id=18 p0type=0 p1id=19 p1type=1
hit: step=12298 p0id=18 p0type=0 p1id=19 p1type=1
hit: step=12299 p0id=18 p0type=0 p1id=19 p1type=1
analysis...
12299 -> analysis by 0_standard_traj|csv -> traj.csv ...
12299 -> analysis by 1_standard_traj|xyz -> traj.xyz ...
12299 -> analysis by 2_particleNumbers|csv -> out_particleNumbers.csv ...
12299 -> analysis by 3_standardReactionReporting|csv -> out_reactions.csv ...
hit: step=12300 p0id=18 p0type=0 p1id=19 p1type=1
hit: step=12301 p0id=18 p0type=0 p1id=19 p1type=1
hit: step=12302 p0id=18 p0type=0 p1id=19 p1type=1
hit: step=12303 p0id=18 p0type=0 p1id=19 p1type=1
hit: step=12304 p0id=18 p0type=0 p1id=19 p1type=1
hit: step=12305 p0id=18 p0type=0 p1id=19 p1type=1
hit: step=12306 p0id=18 p0type=0 p1id=19 p1type=1
hit: step=12307 p0id=18 p0type=0 p1id=19 p1type=1
hit: step=12308 p0id=18 p0type=0 p1id=19 p1type=1
hit: step=12309 p0id=18 p0type=0 p1id=19 p1type=1
hit: step=12310 p0id=18 p0type=0 p1id=19 p1type=1
hit: step=12311 p0id=18 p0type=0 p1id=19 p1type=1
hit: step=12312 p0id=18 p0type=0 p1id=19 p1type=1
hit: step=12313 p0id=18 p0type=0 p1id=19 p1type=1
hit: step=12314 p0id=18 p0type=0 p1id=19 p1type=1
hit: step=12315 p0id=18 p0type=0 p1id=19 p1type=1
hit: step=12316 p0id=18 p0type=0 p1id=19 p1type=1
hit: step=12317 p0id=18 p0type=0 p1id=19 p1type=1
hit: step=12318 p0id=18 p0type=0 p1id=19 p1type=1
hit: step=12319 p0id=18 p0type=0 p1id=19 p1type=1
hit: step=12320 p0id=18 p0type=0 p1id=19 p1type=1
hit: step=12321 p0id=18 p0type=0 p1id=19 p1type=1
hit: step=12322 p0id=18 p0type=0 p1id=19 p1type=1
hit: step=12323 p0id=18 p0type=0 p1id=19 p1type=1
hit: step=12324 p0id=18 p0type=0 p1id=19 p1type=1
hit: step=12325 p0id=18 p0type=0 p1id=19 p1type=1
hit: step=12326 p0id=18 p0type=0 p1id=19 p1type=1
hit: step=12327 p0id=18 p0type=0 p1id=19 p1type=1
hit: step=12332 p0id=18 p0type=0 p1id=19 p1type=1
hit: step=12333 p0id=18 p0type=0 p1id=19 p1type=1
hit: step=12335 p0id=18 p0type=0 p1id=19 p1type=1
hit: step=12336 p0id=18 p0type=0 p1id=19 p1type=1
hit: step=12337 p0id=18 p0type=0 p1id=19 p1type=1
hit: step=12338 p0id=18 p0type=0 p1id=19 p1type=1
hit: step=12339 p0id=18 p0type=0 p1id=19 p1type=1
analysis...
12399 -> analysis by 0_standard_traj|csv -> traj.csv ...
12399 -> analysis by 1_standard_traj|xyz -> traj.xyz ...
12399 -> analysis by 2_particleNumbers|csv -> out_particleNumbers.csv ...
12399 -> analysis by 3_standardReactionReporting|csv -> out_reactions.csv ...
hit: step=12400 p0id=18 p0type=0 p1id=19 p1type=1
hit: step=12401 p0id=18 p0type=0 p1id=19 p1type=1
analysis...
12499 -> analysis by 0_standard_traj|csv -> traj.csv ...
12499 -> analysis by 1_standard_traj|xyz -> traj.xyz ...
12499 -> analysis by 2_particleNumbers|csv -> out_particleNumbers.csv ...
12499 -> analysis by 3_standardReactionReporting|csv -> out_reactions.csv ...
hit: step=12540 p0id=18 p0type=0 p1id=19 p1type=1
hit: step=12545 p0id=18 p0type=0 p1id=19 p1type=1
hit: step=12546 p0id=18 p0type=0 p1id=19 p1type=1
hit: step=12557 p0id=18 p0type=0 p1id=19 p1type=1
hit: step=12559 p0id=18 p0type=0 p1id=19 p1type=1
hit: step=12560 p0id=18 p0type=0 p1id=19 p1type=1
hit: step=12561 p0id=18 p0type=0 p1id=19 p1type=1
hit: step=12562 p0id=18 p0type=0 p1id=19 p1type=1
hit: step=12563 p0id=18 p0type=0 p1id=19 p1type=1
hit: step=12564 p0id=18 p0type=0 p1id=19 p1type=1
hit: step=12565 p0id=18 p0type=0 p1id=19 p1type=1
hit: step=12566 p0id=18 p0type=0 p1id=19 p1type=1
hit: step=12567 p0id=18 p0type=0 p1id=19 p1type=1
hit: step=12568 p0id=18 p0type=0 p1id=19 p1type=1
hit: step=12569 p0id=18 p0type=0 p1id=19 p1type=1
hit: step=12570 p0id=18 p0type=0 p1id=19 p1type=1
hit: step=12571 p0id=18 p0type=0 p1id=19 p1type=1
hit: step=12572 p0id=18 p0type=0 p1id=19 p1type=1
hit: step=12573 p0id=18 p0type=0 p1id=19 p1type=1
hit: step=12574 p0id=18 p0type=0 p1id=19 p1type=1
hit: step=12575 p0id=18 p0type=0 p1id=19 p1type=1
hit: step=12576 p0id=18 p0type=0 p1id=19 p1type=1
hit: step=12577 p0id=18 p0type=0 p1id=19 p1type=1
hit: step=12578 p0id=18 p0type=0 p1id=19 p1type=1
hit: step=12579 p0id=18 p0type=0 p1id=19 p1type=1
hit: step=12580 p0id=18 p0type=0 p1id=19 p1type=1
hit: step=12581 p0id=18 p0type=0 p1id=19 p1type=1
hit: step=12582 p0id=18 p0type=0 p1id=19 p1type=1
hit: step=12583 p0id=18 p0type=0 p1id=19 p1type=1
hit: step=12584 p0id=18 p0type=0 p1id=19 p1type=1
hit: step=12585 p0id=18 p0type=0 p1id=19 p1type=1
hit: step=12586 p0id=18 p0type=0 p1id=19 p1type=1
hit: step=12587 p0id=18 p0type=0 p1id=19 p1type=1
hit: step=12588 p0id=18 p0type=0 p1id=19 p1type=1
hit: step=12589 p0id=18 p0type=0 p1id=19 p1type=1
hit: step=12590 p0id=18 p0type=0 p1id=19 p1type=1
hit: step=12591 p0id=18 p0type=0 p1id=19 p1type=1
hit: step=12592 p0id=18 p0type=0 p1id=19 p1type=1
hit: step=12593 p0id=18 p0type=0 p1id=19 p1type=1
hit: step=12594 p0id=18 p0type=0 p1id=19 p1type=1
hit: step=12595 p0id=18 p0type=0 p1id=19 p1type=1
hit: step=12596 p0id=18 p0type=0 p1id=19 p1type=1
hit: step=12597 p0id=18 p0type=0 p1id=19 p1type=1
hit: step=12599 p0id=18 p0type=0 p1id=19 p1type=1
analysis...
12599 -> analysis by 0_standard_traj|csv -> traj.csv ...
12599 -> analysis by 1_standard_traj|xyz -> traj.xyz ...
12599 -> analysis by 2_particleNumbers|csv -> out_particleNumbers.csv ...
12599 -> analysis by 3_standardReactionReporting|csv -> out_reactions.csv ...
hit: step=12600 p0id=18 p0type=0 p1id=19 p1type=1
hit: step=12601 p0id=18 p0type=0 p1id=19 p1type=1
hit: step=12602 p0id=18 p0type=0 p1id=19 p1type=1
hit: step=12603 p0id=18 p0type=0 p1id=19 p1type=1
hit: step=12604 p0id=18 p0type=0 p1id=19 p1type=1
hit: step=12605 p0id=18 p0type=0 p1id=19 p1type=1
hit: step=12606 p0id=18 p0type=0 p1id=19 p1type=1
hit: step=12607 p0id=18 p0type=0 p1id=19 p1type=1
hit: step=12608 p0id=18 p0type=0 p1id=19 p1type=1
hit: step=12609 p0id=18 p0type=0 p1id=19 p1type=1
hit: step=12610 p0id=18 p0type=0 p1id=19 p1type=1
hit: step=12611 p0id=18 p0type=0 p1id=19 p1type=1
hit: step=12612 p0id=18 p0type=0 p1id=19 p1type=1
hit: step=12613 p0id=18 p0type=0 p1id=19 p1type=1
hit: step=12618 p0id=18 p0type=0 p1id=19 p1type=1
hit: step=12619 p0id=18 p0type=0 p1id=19 p1type=1
hit: step=12621 p0id=18 p0type=0 p1id=19 p1type=1
hit: step=12622 p0id=18 p0type=0 p1id=19 p1type=1
hit: step=12623 p0id=18 p0type=0 p1id=19 p1type=1
hit: step=12624 p0id=18 p0type=0 p1id=19 p1type=1
hit: step=12626 p0id=18 p0type=0 p1id=19 p1type=1
hit: step=12627 p0id=18 p0type=0 p1id=19 p1type=1
hit: step=12635 p0id=18 p0type=0 p1id=19 p1type=1
hit: step=12636 p0id=18 p0type=0 p1id=19 p1type=1
hit: step=12637 p0id=18 p0type=0 p1id=19 p1type=1
hit: step=12638 p0id=18 p0type=0 p1id=19 p1type=1
hit: step=12639 p0id=18 p0type=0 p1id=19 p1type=1
hit: step=12640 p0id=18 p0type=0 p1id=19 p1type=1
hit: step=12641 p0id=18 p0type=0 p1id=19 p1type=1
hit: step=12642 p0id=18 p0type=0 p1id=19 p1type=1
hit: step=12643 p0id=18 p0type=0 p1id=19 p1type=1
hit: step=12644 p0id=18 p0type=0 p1id=19 p1type=1
hit: step=12645 p0id=18 p0type=0 p1id=19 p1type=1
hit: step=12646 p0id=18 p0type=0 p1id=19 p1type=1
hit: step=12647 p0id=18 p0type=0 p1id=19 p1type=1
hit: step=12648 p0id=18 p0type=0 p1id=19 p1type=1
hit: step=12649 p0id=18 p0type=0 p1id=19 p1type=1
hit: step=12650 p0id=18 p0type=0 p1id=19 p1type=1
hit: step=12651 p0id=18 p0type=0 p1id=19 p1type=1
hit: step=12652 p0id=18 p0type=0 p1id=19 p1type=1
hit: step=12653 p0id=18 p0type=0 p1id=19 p1type=1
analysis...
12699 -> analysis by 0_standard_traj|csv -> traj.csv ...
12699 -> analysis by 1_standard_traj|xyz -> traj.xyz ...
12699 -> analysis by 2_particleNumbers|csv -> out_particleNumbers.csv ...
12699 -> analysis by 3_standardReactionReporting|csv -> out_reactions.csv ...
hit: step=12777 p0id=18 p0type=0 p1id=19 p1type=1
hit: step=12778 p0id=18 p0type=0 p1id=19 p1type=1
hit: step=12779 p0id=18 p0type=0 p1id=19 p1type=1
hit: step=12780 p0id=18 p0type=0 p1id=19 p1type=1
hit: step=12781 p0id=18 p0type=0 p1id=19 p1type=1
hit: step=12782 p0id=18 p0type=0 p1id=19 p1type=1
hit: step=12783 p0id=18 p0type=0 p1id=19 p1type=1
hit: step=12784 p0id=18 p0type=0 p1id=19 p1type=1
hit: step=12785 p0id=18 p0type=0 p1id=19 p1type=1
hit: step=12786 p0id=18 p0type=0 p1id=19 p1type=1
hit: step=12787 p0id=18 p0type=0 p1id=19 p1type=1
hit: step=12788 p0id=18 p0type=0 p1id=19 p1type=1
hit: step=12789 p0id=18 p0type=0 p1id=19 p1type=1
hit: step=12790 p0id=18 p0type=0 p1id=19 p1type=1
hit: step=12791 p0id=18 p0type=0 p1id=19 p1type=1
hit: step=12792 p0id=18 p0type=0 p1id=19 p1type=1
hit: step=12793 p0id=18 p0type=0 p1id=19 p1type=1
hit: step=12794 p0id=18 p0type=0 p1id=19 p1type=1
hit: step=12795 p0id=18 p0type=0 p1id=19 p1type=1
hit: step=12796 p0id=18 p0type=0 p1id=19 p1type=1
hit: step=12797 p0id=18 p0type=0 p1id=19 p1type=1
hit: step=12798 p0id=18 p0type=0 p1id=19 p1type=1
hit: step=12799 p0id=18 p0type=0 p1id=19 p1type=1
analysis...
12799 -> analysis by 0_standard_traj|csv -> traj.csv ...
12799 -> analysis by 1_standard_traj|xyz -> traj.xyz ...
12799 -> analysis by 2_particleNumbers|csv -> out_particleNumbers.csv ...
12799 -> analysis by 3_standardReactionReporting|csv -> out_reactions.csv ...
hit: step=12800 p0id=18 p0type=0 p1id=19 p1type=1
hit: step=12801 p0id=18 p0type=0 p1id=19 p1type=1
hit: step=12802 p0id=18 p0type=0 p1id=19 p1type=1
hit: step=12803 p0id=18 p0type=0 p1id=19 p1type=1
hit: step=12804 p0id=18 p0type=0 p1id=19 p1type=1
hit: step=12805 p0id=18 p0type=0 p1id=19 p1type=1
hit: step=12824 p0id=17 p0type=1 p1id=18 p1type=0
hit: step=12826 p0id=17 p0type=1 p1id=18 p1type=0
hit: step=12827 p0id=17 p0type=1 p1id=18 p1type=0
hit: step=12828 p0id=17 p0type=1 p1id=18 p1type=0
hit: step=12829 p0id=17 p0type=1 p1id=18 p1type=0
hit: step=12830 p0id=17 p0type=1 p1id=18 p1type=0
hit: step=12830 p0id=18 p0type=0 p1id=19 p1type=1
hit: step=12831 p0id=18 p0type=0 p1id=19 p1type=1
hit: step=12832 p0id=18 p0type=0 p1id=19 p1type=1
hit: step=12833 p0id=17 p0type=1 p1id=18 p1type=0
hit: step=12833 p0id=18 p0type=0 p1id=19 p1type=1
hit: step=12834 p0id=17 p0type=1 p1id=18 p1type=0
hit: step=12834 p0id=18 p0type=0 p1id=19 p1type=1
hit: step=12835 p0id=18 p0type=0 p1id=19 p1type=1
hit: step=12836 p0id=17 p0type=1 p1id=18 p1type=0
hit: step=12836 p0id=18 p0type=0 p1id=19 p1type=1
hit: step=12837 p0id=17 p0type=1 p1id=18 p1type=0
hit: step=12837 p0id=18 p0type=0 p1id=19 p1type=1
hit: step=12838 p0id=17 p0type=1 p1id=18 p1type=0
hit: step=12838 p0id=18 p0type=0 p1id=19 p1type=1
hit: step=12839 p0id=17 p0type=1 p1id=18 p1type=0
hit: step=12839 p0id=18 p0type=0 p1id=19 p1type=1
hit: step=12840 p0id=18 p0type=0 p1id=19 p1type=1
hit: step=12841 p0id=18 p0type=0 p1id=19 p1type=1
hit: step=12842 p0id=17 p0type=1 p1id=18 p1type=0
hit: step=12842 p0id=18 p0type=0 p1id=19 p1type=1
hit: step=12843 p0id=17 p0type=1 p1id=18 p1type=0
hit: step=12843 p0id=18 p0type=0 p1id=19 p1type=1
hit: step=12844 p0id=18 p0type=0 p1id=19 p1type=1
hit: step=12845 p0id=18 p0type=0 p1id=19 p1type=1
hit: step=12847 p0id=18 p0type=0 p1id=19 p1type=1
hit: step=12851 p0id=18 p0type=0 p1id=19 p1type=1
hit: step=12852 p0id=18 p0type=0 p1id=19 p1type=1
hit: step=12853 p0id=18 p0type=0 p1id=19 p1type=1
hit: step=12854 p0id=18 p0type=0 p1id=19 p1type=1
hit: step=12855 p0id=18 p0type=0 p1id=19 p1type=1
hit: step=12860 p0id=18 p0type=0 p1id=19 p1type=1
hit: step=12861 p0id=18 p0type=0 p1id=19 p1type=1
hit: step=12863 p0id=18 p0type=0 p1id=19 p1type=1
hit: step=12864 p0id=18 p0type=0 p1id=19 p1type=1
hit: step=12865 p0id=18 p0type=0 p1id=19 p1type=1
hit: step=12866 p0id=18 p0type=0 p1id=19 p1type=1
hit: step=12867 p0id=18 p0type=0 p1id=19 p1type=1
hit: step=12868 p0id=18 p0type=0 p1id=19 p1type=1
hit: step=12869 p0id=18 p0type=0 p1id=19 p1type=1
hit: step=12870 p0id=18 p0type=0 p1id=19 p1type=1
hit: step=12871 p0id=18 p0type=0 p1id=19 p1type=1
hit: step=12872 p0id=18 p0type=0 p1id=19 p1type=1
hit: step=12873 p0id=18 p0type=0 p1id=19 p1type=1
hit: step=12874 p0id=18 p0type=0 p1id=19 p1type=1
hit: step=12875 p0id=18 p0type=0 p1id=19 p1type=1
hit: step=12876 p0id=18 p0type=0 p1id=19 p1type=1
hit: step=12877 p0id=18 p0type=0 p1id=19 p1type=1
analysis...
12899 -> analysis by 0_standard_traj|csv -> traj.csv ...
12899 -> analysis by 1_standard_traj|xyz -> traj.xyz ...
12899 -> analysis by 2_particleNumbers|csv -> out_particleNumbers.csv ...
12899 -> analysis by 3_standardReactionReporting|csv -> out_reactions.csv ...
hit: step=12937 p0id=18 p0type=0 p1id=19 p1type=1
hit: step=12938 p0id=18 p0type=0 p1id=19 p1type=1
hit: step=12939 p0id=18 p0type=0 p1id=19 p1type=1
hit: step=12940 p0id=18 p0type=0 p1id=19 p1type=1
hit: step=12941 p0id=18 p0type=0 p1id=19 p1type=1
hit: step=12942 p0id=18 p0type=0 p1id=19 p1type=1
hit: step=12986 p0id=18 p0type=0 p1id=19 p1type=1
hit: step=12987 p0id=18 p0type=0 p1id=19 p1type=1
hit: step=12988 p0id=18 p0type=0 p1id=19 p1type=1
hit: step=12994 p0id=18 p0type=0 p1id=19 p1type=1
hit: step=12996 p0id=18 p0type=0 p1id=19 p1type=1
analysis...
12999 -> analysis by 0_standard_traj|csv -> traj.csv ...
12999 -> analysis by 1_standard_traj|xyz -> traj.xyz ...
12999 -> analysis by 2_particleNumbers|csv -> out_particleNumbers.csv ...
12999 -> analysis by 3_standardReactionReporting|csv -> out_reactions.csv ...

top: 'step 13000'
analysis...
13099 -> analysis by 0_standard_traj|csv -> traj.csv ...
13099 -> analysis by 1_standard_traj|xyz -> traj.xyz ...
13099 -> analysis by 2_particleNumbers|csv -> out_particleNumbers.csv ...
13099 -> analysis by 3_standardReactionReporting|csv -> out_reactions.csv ...
analysis...
13199 -> analysis by 0_standard_traj|csv -> traj.csv ...
13199 -> analysis by 1_standard_traj|xyz -> traj.xyz ...
13199 -> analysis by 2_particleNumbers|csv -> out_particleNumbers.csv ...
13199 -> analysis by 3_standardReactionReporting|csv -> out_reactions.csv ...
analysis...
13299 -> analysis by 0_standard_traj|csv -> traj.csv ...
13299 -> analysis by 1_standard_traj|xyz -> traj.xyz ...
13299 -> analysis by 2_particleNumbers|csv -> out_particleNumbers.csv ...
13299 -> analysis by 3_standardReactionReporting|csv -> out_reactions.csv ...
analysis...
13399 -> analysis by 0_standard_traj|csv -> traj.csv ...
13399 -> analysis by 1_standard_traj|xyz -> traj.xyz ...
13399 -> analysis by 2_particleNumbers|csv -> out_particleNumbers.csv ...
13399 -> analysis by 3_standardReactionReporting|csv -> out_reactions.csv ...
analysis...
13499 -> analysis by 0_standard_traj|csv -> traj.csv ...
13499 -> analysis by 1_standard_traj|xyz -> traj.xyz ...
13499 -> analysis by 2_particleNumbers|csv -> out_particleNumbers.csv ...
13499 -> analysis by 3_standardReactionReporting|csv -> out_reactions.csv ...
analysis...
13599 -> analysis by 0_standard_traj|csv -> traj.csv ...
13599 -> analysis by 1_standard_traj|xyz -> traj.xyz ...
13599 -> analysis by 2_particleNumbers|csv -> out_particleNumbers.csv ...
13599 -> analysis by 3_standardReactionReporting|csv -> out_reactions.csv ...
analysis...
13699 -> analysis by 0_standard_traj|csv -> traj.csv ...
13699 -> analysis by 1_standard_traj|xyz -> traj.xyz ...
13699 -> analysis by 2_particleNumbers|csv -> out_particleNumbers.csv ...
13699 -> analysis by 3_standardReactionReporting|csv -> out_reactions.csv ...
analysis...
13799 -> analysis by 0_standard_traj|csv -> traj.csv ...
13799 -> analysis by 1_standard_traj|xyz -> traj.xyz ...
13799 -> analysis by 2_particleNumbers|csv -> out_particleNumbers.csv ...
13799 -> analysis by 3_standardReactionReporting|csv -> out_reactions.csv ...
analysis...
13899 -> analysis by 0_standard_traj|csv -> traj.csv ...
13899 -> analysis by 1_standard_traj|xyz -> traj.xyz ...
13899 -> analysis by 2_particleNumbers|csv -> out_particleNumbers.csv ...
13899 -> analysis by 3_standardReactionReporting|csv -> out_reactions.csv ...
analysis...
13999 -> analysis by 0_standard_traj|csv -> traj.csv ...
13999 -> analysis by 1_standard_traj|xyz -> traj.xyz ...
13999 -> analysis by 2_particleNumbers|csv -> out_particleNumbers.csv ...
13999 -> analysis by 3_standardReactionReporting|csv -> out_reactions.csv ...

top: 'step 14000'
analysis...
14099 -> analysis by 0_standard_traj|csv -> traj.csv ...
14099 -> analysis by 1_standard_traj|xyz -> traj.xyz ...
14099 -> analysis by 2_particleNumbers|csv -> out_particleNumbers.csv ...
14099 -> analysis by 3_standardReactionReporting|csv -> out_reactions.csv ...
analysis...
14199 -> analysis by 0_standard_traj|csv -> traj.csv ...
14199 -> analysis by 1_standard_traj|xyz -> traj.xyz ...
14199 -> analysis by 2_particleNumbers|csv -> out_particleNumbers.csv ...
14199 -> analysis by 3_standardReactionReporting|csv -> out_reactions.csv ...
analysis...
14299 -> analysis by 0_standard_traj|csv -> traj.csv ...
14299 -> analysis by 1_standard_traj|xyz -> traj.xyz ...
14299 -> analysis by 2_particleNumbers|csv -> out_particleNumbers.csv ...
14299 -> analysis by 3_standardReactionReporting|csv -> out_reactions.csv ...
analysis...
14399 -> analysis by 0_standard_traj|csv -> traj.csv ...
14399 -> analysis by 1_standard_traj|xyz -> traj.xyz ...
14399 -> analysis by 2_particleNumbers|csv -> out_particleNumbers.csv ...
14399 -> analysis by 3_standardReactionReporting|csv -> out_reactions.csv ...
hit: step=14407 p0id=17 p0type=1 p1id=18 p1type=0
hit: step=14408 p0id=17 p0type=1 p1id=18 p1type=0
hit: step=14409 p0id=17 p0type=1 p1id=18 p1type=0
hit: step=14410 p0id=17 p0type=1 p1id=18 p1type=0
hit: step=14411 p0id=17 p0type=1 p1id=18 p1type=0
hit: step=14412 p0id=17 p0type=1 p1id=18 p1type=0
hit: step=14413 p0id=17 p0type=1 p1id=18 p1type=0
hit: step=14414 p0id=17 p0type=1 p1id=18 p1type=0
hit: step=14415 p0id=17 p0type=1 p1id=18 p1type=0
hit: step=14416 p0id=17 p0type=1 p1id=18 p1type=0
hit: step=14417 p0id=17 p0type=1 p1id=18 p1type=0
hit: step=14418 p0id=17 p0type=1 p1id=18 p1type=0
hit: step=14419 p0id=17 p0type=1 p1id=18 p1type=0
hit: step=14420 p0id=17 p0type=1 p1id=18 p1type=0
hit: step=14421 p0id=17 p0type=1 p1id=18 p1type=0
hit: step=14422 p0id=17 p0type=1 p1id=18 p1type=0
hit: step=14423 p0id=17 p0type=1 p1id=18 p1type=0
hit: step=14424 p0id=17 p0type=1 p1id=18 p1type=0
hit: step=14425 p0id=17 p0type=1 p1id=18 p1type=0
hit: step=14426 p0id=17 p0type=1 p1id=18 p1type=0
hit: step=14427 p0id=17 p0type=1 p1id=18 p1type=0
hit: step=14428 p0id=17 p0type=1 p1id=18 p1type=0
hit: step=14430 p0id=17 p0type=1 p1id=18 p1type=0
hit: step=14431 p0id=17 p0type=1 p1id=18 p1type=0
hit: step=14432 p0id=17 p0type=1 p1id=18 p1type=0
hit: step=14433 p0id=17 p0type=1 p1id=18 p1type=0
hit: step=14434 p0id=17 p0type=1 p1id=18 p1type=0
hit: step=14435 p0id=17 p0type=1 p1id=18 p1type=0
hit: step=14436 p0id=17 p0type=1 p1id=18 p1type=0
hit: step=14437 p0id=17 p0type=1 p1id=18 p1type=0
hit: step=14438 p0id=17 p0type=1 p1id=18 p1type=0
hit: step=14439 p0id=17 p0type=1 p1id=18 p1type=0
hit: step=14440 p0id=17 p0type=1 p1id=18 p1type=0
hit: step=14441 p0id=17 p0type=1 p1id=18 p1type=0
hit: step=14442 p0id=17 p0type=1 p1id=18 p1type=0
hit: step=14443 p0id=17 p0type=1 p1id=18 p1type=0
hit: step=14444 p0id=17 p0type=1 p1id=18 p1type=0
hit: step=14445 p0id=17 p0type=1 p1id=18 p1type=0
hit: step=14446 p0id=17 p0type=1 p1id=18 p1type=0
hit: step=14447 p0id=17 p0type=1 p1id=18 p1type=0
hit: step=14448 p0id=17 p0type=1 p1id=18 p1type=0
hit: step=14449 p0id=17 p0type=1 p1id=18 p1type=0
hit: step=14450 p0id=17 p0type=1 p1id=18 p1type=0
hit: step=14451 p0id=17 p0type=1 p1id=18 p1type=0
hit: step=14453 p0id=17 p0type=1 p1id=18 p1type=0
hit: step=14454 p0id=17 p0type=1 p1id=18 p1type=0
hit: step=14455 p0id=17 p0type=1 p1id=18 p1type=0
hit: step=14456 p0id=17 p0type=1 p1id=18 p1type=0
hit: step=14457 p0id=17 p0type=1 p1id=18 p1type=0
hit: step=14458 p0id=17 p0type=1 p1id=18 p1type=0
hit: step=14459 p0id=17 p0type=1 p1id=18 p1type=0
hit: step=14460 p0id=17 p0type=1 p1id=18 p1type=0
hit: step=14461 p0id=17 p0type=1 p1id=18 p1type=0
hit: step=14462 p0id=17 p0type=1 p1id=18 p1type=0
hit: step=14463 p0id=17 p0type=1 p1id=18 p1type=0
hit: step=14464 p0id=17 p0type=1 p1id=18 p1type=0
hit: step=14465 p0id=17 p0type=1 p1id=18 p1type=0
hit: step=14466 p0id=17 p0type=1 p1id=18 p1type=0
hit: step=14467 p0id=17 p0type=1 p1id=18 p1type=0
hit: step=14468 p0id=17 p0type=1 p1id=18 p1type=0
hit: step=14469 p0id=17 p0type=1 p1id=18 p1type=0
hit: step=14470 p0id=17 p0type=1 p1id=18 p1type=0
hit: step=14471 p0id=17 p0type=1 p1id=18 p1type=0
hit: step=14472 p0id=17 p0type=1 p1id=18 p1type=0
hit: step=14473 p0id=17 p0type=1 p1id=18 p1type=0
hit: step=14474 p0id=17 p0type=1 p1id=18 p1type=0
hit: step=14475 p0id=17 p0type=1 p1id=18 p1type=0
hit: step=14476 p0id=17 p0type=1 p1id=18 p1type=0
hit: step=14477 p0id=17 p0type=1 p1id=18 p1type=0
hit: step=14478 p0id=17 p0type=1 p1id=18 p1type=0
hit: step=14479 p0id=17 p0type=1 p1id=18 p1type=0
hit: step=14480 p0id=17 p0type=1 p1id=18 p1type=0
hit: step=14481 p0id=17 p0type=1 p1id=18 p1type=0
hit: step=14482 p0id=17 p0type=1 p1id=18 p1type=0
hit: step=14483 p0id=17 p0type=1 p1id=18 p1type=0
hit: step=14484 p0id=17 p0type=1 p1id=18 p1type=0
hit: step=14485 p0id=17 p0type=1 p1id=18 p1type=0
hit: step=14486 p0id=17 p0type=1 p1id=18 p1type=0
hit: step=14487 p0id=17 p0type=1 p1id=18 p1type=0
hit: step=14488 p0id=17 p0type=1 p1id=18 p1type=0
hit: step=14489 p0id=17 p0type=1 p1id=18 p1type=0
hit: step=14490 p0id=17 p0type=1 p1id=18 p1type=0
hit: step=14491 p0id=17 p0type=1 p1id=18 p1type=0
hit: step=14492 p0id=17 p0type=1 p1id=18 p1type=0
hit: step=14493 p0id=17 p0type=1 p1id=18 p1type=0
hit: step=14494 p0id=17 p0type=1 p1id=18 p1type=0
hit: step=14495 p0id=17 p0type=1 p1id=18 p1type=0
hit: step=14496 p0id=17 p0type=1 p1id=18 p1type=0
hit: step=14497 p0id=17 p0type=1 p1id=18 p1type=0
hit: step=14498 p0id=17 p0type=1 p1id=18 p1type=0
hit: step=14499 p0id=17 p0type=1 p1id=18 p1type=0
analysis...
14499 -> analysis by 0_standard_traj|csv -> traj.csv ...
14499 -> analysis by 1_standard_traj|xyz -> traj.xyz ...
14499 -> analysis by 2_particleNumbers|csv -> out_particleNumbers.csv ...
14499 -> analysis by 3_standardReactionReporting|csv -> out_reactions.csv ...
hit: step=14500 p0id=17 p0type=1 p1id=18 p1type=0
hit: step=14501 p0id=17 p0type=1 p1id=18 p1type=0
hit: step=14502 p0id=17 p0type=1 p1id=18 p1type=0
hit: step=14503 p0id=17 p0type=1 p1id=18 p1type=0
hit: step=14504 p0id=17 p0type=1 p1id=18 p1type=0
hit: step=14505 p0id=17 p0type=1 p1id=18 p1type=0
hit: step=14506 p0id=17 p0type=1 p1id=18 p1type=0
hit: step=14507 p0id=17 p0type=1 p1id=18 p1type=0
hit: step=14508 p0id=17 p0type=1 p1id=18 p1type=0
hit: step=14509 p0id=17 p0type=1 p1id=18 p1type=0
hit: step=14510 p0id=17 p0type=1 p1id=18 p1type=0
hit: step=14511 p0id=17 p0type=1 p1id=18 p1type=0
hit: step=14512 p0id=17 p0type=1 p1id=18 p1type=0
hit: step=14513 p0id=17 p0type=1 p1id=18 p1type=0
hit: step=14514 p0id=17 p0type=1 p1id=18 p1type=0
hit: step=14515 p0id=17 p0type=1 p1id=18 p1type=0
hit: step=14516 p0id=17 p0type=1 p1id=18 p1type=0
hit: step=14517 p0id=17 p0type=1 p1id=18 p1type=0
hit: step=14518 p0id=17 p0type=1 p1id=18 p1type=0
hit: step=14519 p0id=17 p0type=1 p1id=18 p1type=0
hit: step=14520 p0id=17 p0type=1 p1id=18 p1type=0
hit: step=14521 p0id=17 p0type=1 p1id=18 p1type=0
hit: step=14522 p0id=17 p0type=1 p1id=18 p1type=0
hit: step=14523 p0id=17 p0type=1 p1id=18 p1type=0
hit: step=14524 p0id=17 p0type=1 p1id=18 p1type=0
hit: step=14525 p0id=17 p0type=1 p1id=18 p1type=0
hit: step=14526 p0id=17 p0type=1 p1id=18 p1type=0
hit: step=14527 p0id=17 p0type=1 p1id=18 p1type=0
hit: step=14532 p0id=17 p0type=1 p1id=18 p1type=0
analysis...
14599 -> analysis by 0_standard_traj|csv -> traj.csv ...
14599 -> analysis by 1_standard_traj|xyz -> traj.xyz ...
14599 -> analysis by 2_particleNumbers|csv -> out_particleNumbers.csv ...
14599 -> analysis by 3_standardReactionReporting|csv -> out_reactions.csv ...
analysis...
14699 -> analysis by 0_standard_traj|csv -> traj.csv ...
14699 -> analysis by 1_standard_traj|xyz -> traj.xyz ...
14699 -> analysis by 2_particleNumbers|csv -> out_particleNumbers.csv ...
14699 -> analysis by 3_standardReactionReporting|csv -> out_reactions.csv ...
analysis...
14799 -> analysis by 0_standard_traj|csv -> traj.csv ...
14799 -> analysis by 1_standard_traj|xyz -> traj.xyz ...
14799 -> analysis by 2_particleNumbers|csv -> out_particleNumbers.csv ...
14799 -> analysis by 3_standardReactionReporting|csv -> out_reactions.csv ...
analysis...
14899 -> analysis by 0_standard_traj|csv -> traj.csv ...
14899 -> analysis by 1_standard_traj|xyz -> traj.xyz ...
14899 -> analysis by 2_particleNumbers|csv -> out_particleNumbers.csv ...
14899 -> analysis by 3_standardReactionReporting|csv -> out_reactions.csv ...
analysis...
14999 -> analysis by 0_standard_traj|csv -> traj.csv ...
14999 -> analysis by 1_standard_traj|xyz -> traj.xyz ...
14999 -> analysis by 2_particleNumbers|csv -> out_particleNumbers.csv ...
14999 -> analysis by 3_standardReactionReporting|csv -> out_reactions.csv ...

top: 'step 15000'
analysis...
15099 -> analysis by 0_standard_traj|csv -> traj.csv ...
15099 -> analysis by 1_standard_traj|xyz -> traj.xyz ...
15099 -> analysis by 2_particleNumbers|csv -> out_particleNumbers.csv ...
15099 -> analysis by 3_standardReactionReporting|csv -> out_reactions.csv ...
analysis...
15199 -> analysis by 0_standard_traj|csv -> traj.csv ...
15199 -> analysis by 1_standard_traj|xyz -> traj.xyz ...
15199 -> analysis by 2_particleNumbers|csv -> out_particleNumbers.csv ...
15199 -> analysis by 3_standardReactionReporting|csv -> out_reactions.csv ...
analysis...
15299 -> analysis by 0_standard_traj|csv -> traj.csv ...
15299 -> analysis by 1_standard_traj|xyz -> traj.xyz ...
15299 -> analysis by 2_particleNumbers|csv -> out_particleNumbers.csv ...
15299 -> analysis by 3_standardReactionReporting|csv -> out_reactions.csv ...
analysis...
15399 -> analysis by 0_standard_traj|csv -> traj.csv ...
15399 -> analysis by 1_standard_traj|xyz -> traj.xyz ...
15399 -> analysis by 2_particleNumbers|csv -> out_particleNumbers.csv ...
15399 -> analysis by 3_standardReactionReporting|csv -> out_reactions.csv ...
analysis...
15499 -> analysis by 0_standard_traj|csv -> traj.csv ...
15499 -> analysis by 1_standard_traj|xyz -> traj.xyz ...
15499 -> analysis by 2_particleNumbers|csv -> out_particleNumbers.csv ...
15499 -> analysis by 3_standardReactionReporting|csv -> out_reactions.csv ...
analysis...
15599 -> analysis by 0_standard_traj|csv -> traj.csv ...
15599 -> analysis by 1_standard_traj|xyz -> traj.xyz ...
15599 -> analysis by 2_particleNumbers|csv -> out_particleNumbers.csv ...
15599 -> analysis by 3_standardReactionReporting|csv -> out_reactions.csv ...
analysis...
15699 -> analysis by 0_standard_traj|csv -> traj.csv ...
15699 -> analysis by 1_standard_traj|xyz -> traj.xyz ...
15699 -> analysis by 2_particleNumbers|csv -> out_particleNumbers.csv ...
15699 -> analysis by 3_standardReactionReporting|csv -> out_reactions.csv ...
analysis...
15799 -> analysis by 0_standard_traj|csv -> traj.csv ...
15799 -> analysis by 1_standard_traj|xyz -> traj.xyz ...
15799 -> analysis by 2_particleNumbers|csv -> out_particleNumbers.csv ...
15799 -> analysis by 3_standardReactionReporting|csv -> out_reactions.csv ...
analysis...
15899 -> analysis by 0_standard_traj|csv -> traj.csv ...
15899 -> analysis by 1_standard_traj|xyz -> traj.xyz ...
15899 -> analysis by 2_particleNumbers|csv -> out_particleNumbers.csv ...
15899 -> analysis by 3_standardReactionReporting|csv -> out_reactions.csv ...
analysis...
15999 -> analysis by 0_standard_traj|csv -> traj.csv ...
15999 -> analysis by 1_standard_traj|xyz -> traj.xyz ...
15999 -> analysis by 2_particleNumbers|csv -> out_particleNumbers.csv ...
15999 -> analysis by 3_standardReactionReporting|csv -> out_reactions.csv ...

top: 'step 16000'
analysis...
16099 -> analysis by 0_standard_traj|csv -> traj.csv ...
16099 -> analysis by 1_standard_traj|xyz -> traj.xyz ...
16099 -> analysis by 2_particleNumbers|csv -> out_particleNumbers.csv ...
16099 -> analysis by 3_standardReactionReporting|csv -> out_reactions.csv ...
analysis...
16199 -> analysis by 0_standard_traj|csv -> traj.csv ...
16199 -> analysis by 1_standard_traj|xyz -> traj.xyz ...
16199 -> analysis by 2_particleNumbers|csv -> out_particleNumbers.csv ...
16199 -> analysis by 3_standardReactionReporting|csv -> out_reactions.csv ...
analysis...
16299 -> analysis by 0_standard_traj|csv -> traj.csv ...
16299 -> analysis by 1_standard_traj|xyz -> traj.xyz ...
16299 -> analysis by 2_particleNumbers|csv -> out_particleNumbers.csv ...
16299 -> analysis by 3_standardReactionReporting|csv -> out_reactions.csv ...
analysis...
16399 -> analysis by 0_standard_traj|csv -> traj.csv ...
16399 -> analysis by 1_standard_traj|xyz -> traj.xyz ...
16399 -> analysis by 2_particleNumbers|csv -> out_particleNumbers.csv ...
16399 -> analysis by 3_standardReactionReporting|csv -> out_reactions.csv ...
analysis...
16499 -> analysis by 0_standard_traj|csv -> traj.csv ...
16499 -> analysis by 1_standard_traj|xyz -> traj.xyz ...
16499 -> analysis by 2_particleNumbers|csv -> out_particleNumbers.csv ...
16499 -> analysis by 3_standardReactionReporting|csv -> out_reactions.csv ...
analysis...
16599 -> analysis by 0_standard_traj|csv -> traj.csv ...
16599 -> analysis by 1_standard_traj|xyz -> traj.xyz ...
16599 -> analysis by 2_particleNumbers|csv -> out_particleNumbers.csv ...
16599 -> analysis by 3_standardReactionReporting|csv -> out_reactions.csv ...
analysis...
16699 -> analysis by 0_standard_traj|csv -> traj.csv ...
16699 -> analysis by 1_standard_traj|xyz -> traj.xyz ...
16699 -> analysis by 2_particleNumbers|csv -> out_particleNumbers.csv ...
16699 -> analysis by 3_standardReactionReporting|csv -> out_reactions.csv ...
analysis...
16799 -> analysis by 0_standard_traj|csv -> traj.csv ...
16799 -> analysis by 1_standard_traj|xyz -> traj.xyz ...
16799 -> analysis by 2_particleNumbers|csv -> out_particleNumbers.csv ...
16799 -> analysis by 3_standardReactionReporting|csv -> out_reactions.csv ...
analysis...
16899 -> analysis by 0_standard_traj|csv -> traj.csv ...
16899 -> analysis by 1_standard_traj|xyz -> traj.xyz ...
16899 -> analysis by 2_particleNumbers|csv -> out_particleNumbers.csv ...
16899 -> analysis by 3_standardReactionReporting|csv -> out_reactions.csv ...
analysis...
16999 -> analysis by 0_standard_traj|csv -> traj.csv ...
16999 -> analysis by 1_standard_traj|xyz -> traj.xyz ...
16999 -> analysis by 2_particleNumbers|csv -> out_particleNumbers.csv ...
16999 -> analysis by 3_standardReactionReporting|csv -> out_reactions.csv ...

top: 'step 17000'
analysis...
17099 -> analysis by 0_standard_traj|csv -> traj.csv ...
17099 -> analysis by 1_standard_traj|xyz -> traj.xyz ...
17099 -> analysis by 2_particleNumbers|csv -> out_particleNumbers.csv ...
17099 -> analysis by 3_standardReactionReporting|csv -> out_reactions.csv ...
analysis...
17199 -> analysis by 0_standard_traj|csv -> traj.csv ...
17199 -> analysis by 1_standard_traj|xyz -> traj.xyz ...
17199 -> analysis by 2_particleNumbers|csv -> out_particleNumbers.csv ...
17199 -> analysis by 3_standardReactionReporting|csv -> out_reactions.csv ...
analysis...
17299 -> analysis by 0_standard_traj|csv -> traj.csv ...
17299 -> analysis by 1_standard_traj|xyz -> traj.xyz ...
17299 -> analysis by 2_particleNumbers|csv -> out_particleNumbers.csv ...
17299 -> analysis by 3_standardReactionReporting|csv -> out_reactions.csv ...
analysis...
17399 -> analysis by 0_standard_traj|csv -> traj.csv ...
17399 -> analysis by 1_standard_traj|xyz -> traj.xyz ...
17399 -> analysis by 2_particleNumbers|csv -> out_particleNumbers.csv ...
17399 -> analysis by 3_standardReactionReporting|csv -> out_reactions.csv ...
analysis...
17499 -> analysis by 0_standard_traj|csv -> traj.csv ...
17499 -> analysis by 1_standard_traj|xyz -> traj.xyz ...
17499 -> analysis by 2_particleNumbers|csv -> out_particleNumbers.csv ...
17499 -> analysis by 3_standardReactionReporting|csv -> out_reactions.csv ...
hit: step=17573 p0id=20 p0type=0 p1id=21 p1type=1
hit: step=17574 p0id=20 p0type=0 p1id=21 p1type=1
hit: step=17575 p0id=20 p0type=0 p1id=21 p1type=1
hit: step=17576 p0id=20 p0type=0 p1id=21 p1type=1
hit: step=17577 p0id=20 p0type=0 p1id=21 p1type=1
hit: step=17578 p0id=20 p0type=0 p1id=21 p1type=1
hit: step=17579 p0id=20 p0type=0 p1id=21 p1type=1
hit: step=17580 p0id=20 p0type=0 p1id=21 p1type=1
hit: step=17581 p0id=20 p0type=0 p1id=21 p1type=1
hit: step=17582 p0id=20 p0type=0 p1id=21 p1type=1
hit: step=17583 p0id=20 p0type=0 p1id=21 p1type=1
hit: step=17584 p0id=20 p0type=0 p1id=21 p1type=1
hit: step=17585 p0id=20 p0type=0 p1id=21 p1type=1
hit: step=17586 p0id=20 p0type=0 p1id=21 p1type=1
hit: step=17587 p0id=20 p0type=0 p1id=21 p1type=1
hit: step=17588 p0id=20 p0type=0 p1id=21 p1type=1
hit: step=17589 p0id=20 p0type=0 p1id=21 p1type=1
hit: step=17590 p0id=20 p0type=0 p1id=21 p1type=1
hit: step=17591 p0id=20 p0type=0 p1id=21 p1type=1
hit: step=17592 p0id=20 p0type=0 p1id=21 p1type=1
hit: step=17593 p0id=20 p0type=0 p1id=21 p1type=1
hit: step=17594 p0id=20 p0type=0 p1id=21 p1type=1
hit: step=17595 p0id=20 p0type=0 p1id=21 p1type=1
hit: step=17596 p0id=20 p0type=0 p1id=21 p1type=1
hit: step=17597 p0id=20 p0type=0 p1id=21 p1type=1
hit: step=17598 p0id=4 p0type=0 p1id=21 p1type=1
hit: step=17598 p0id=20 p0type=0 p1id=21 p1type=1
hit: step=17599 p0id=4 p0type=0 p1id=21 p1type=1
hit: step=17599 p0id=20 p0type=0 p1id=21 p1type=1
analysis...
17599 -> analysis by 0_standard_traj|csv -> traj.csv ...
17599 -> analysis by 1_standard_traj|xyz -> traj.xyz ...
17599 -> analysis by 2_particleNumbers|csv -> out_particleNumbers.csv ...
17599 -> analysis by 3_standardReactionReporting|csv -> out_reactions.csv ...
hit: step=17600 p0id=4 p0type=0 p1id=21 p1type=1
hit: step=17600 p0id=20 p0type=0 p1id=21 p1type=1
hit: step=17601 p0id=4 p0type=0 p1id=21 p1type=1
hit: step=17601 p0id=20 p0type=0 p1id=21 p1type=1
hit: step=17602 p0id=4 p0type=0 p1id=21 p1type=1
hit: step=17602 p0id=20 p0type=0 p1id=21 p1type=1
hit: step=17603 p0id=20 p0type=0 p1id=21 p1type=1
hit: step=17604 p0id=20 p0type=0 p1id=21 p1type=1
hit: step=17605 p0id=20 p0type=0 p1id=21 p1type=1
hit: step=17606 p0id=4 p0type=0 p1id=21 p1type=1
hit: step=17606 p0id=20 p0type=0 p1id=21 p1type=1
hit: step=17607 p0id=20 p0type=0 p1id=21 p1type=1
hit: step=17608 p0id=20 p0type=0 p1id=21 p1type=1
hit: step=17609 p0id=4 p0type=0 p1id=21 p1type=1
hit: step=17609 p0id=20 p0type=0 p1id=21 p1type=1
hit: step=17610 p0id=4 p0type=0 p1id=21 p1type=1
hit: step=17610 p0id=20 p0type=0 p1id=21 p1type=1
hit: step=17611 p0id=4 p0type=0 p1id=21 p1type=1
hit: step=17611 p0id=20 p0type=0 p1id=21 p1type=1
hit: step=17612 p0id=4 p0type=0 p1id=21 p1type=1
hit: step=17612 p0id=20 p0type=0 p1id=21 p1type=1
hit: step=17613 p0id=20 p0type=0 p1id=21 p1type=1
hit: step=17614 p0id=20 p0type=0 p1id=21 p1type=1
hit: step=17615 p0id=20 p0type=0 p1id=21 p1type=1
hit: step=17616 p0id=20 p0type=0 p1id=21 p1type=1
hit: step=17617 p0id=4 p0type=0 p1id=21 p1type=1
hit: step=17617 p0id=20 p0type=0 p1id=21 p1type=1
hit: step=17618 p0id=4 p0type=0 p1id=21 p1type=1
hit: step=17618 p0id=20 p0type=0 p1id=21 p1type=1
hit: step=17619 p0id=20 p0type=0 p1id=21 p1type=1
hit: step=17620 p0id=20 p0type=0 p1id=21 p1type=1
hit: step=17621 p0id=20 p0type=0 p1id=21 p1type=1
hit: step=17623 p0id=20 p0type=0 p1id=21 p1type=1
hit: step=17625 p0id=20 p0type=0 p1id=21 p1type=1
hit: step=17636 p0id=20 p0type=0 p1id=21 p1type=1
hit: step=17637 p0id=20 p0type=0 p1id=21 p1type=1
hit: step=17638 p0id=20 p0type=0 p1id=21 p1type=1
hit: step=17639 p0id=20 p0type=0 p1id=21 p1type=1
hit: step=17640 p0id=20 p0type=0 p1id=21 p1type=1
hit: step=17641 p0id=20 p0type=0 p1id=21 p1type=1
hit: step=17642 p0id=20 p0type=0 p1id=21 p1type=1
hit: step=17643 p0id=20 p0type=0 p1id=21 p1type=1
hit: step=17644 p0id=20 p0type=0 p1id=21 p1type=1
hit: step=17645 p0id=20 p0type=0 p1id=21 p1type=1
hit: step=17646 p0id=20 p0type=0 p1id=21 p1type=1
hit: step=17647 p0id=20 p0type=0 p1id=21 p1type=1
hit: step=17648 p0id=20 p0type=0 p1id=21 p1type=1
hit: step=17649 p0id=20 p0type=0 p1id=21 p1type=1
hit: step=17650 p0id=20 p0type=0 p1id=21 p1type=1
hit: step=17651 p0id=20 p0type=0 p1id=21 p1type=1
hit: step=17652 p0id=20 p0type=0 p1id=21 p1type=1
hit: step=17653 p0id=20 p0type=0 p1id=21 p1type=1
hit: step=17654 p0id=20 p0type=0 p1id=21 p1type=1
hit: step=17655 p0id=20 p0type=0 p1id=21 p1type=1
hit: step=17656 p0id=20 p0type=0 p1id=21 p1type=1
hit: step=17657 p0id=20 p0type=0 p1id=21 p1type=1
hit: step=17658 p0id=20 p0type=0 p1id=21 p1type=1
hit: step=17659 p0id=20 p0type=0 p1id=21 p1type=1
hit: step=17660 p0id=20 p0type=0 p1id=21 p1type=1
hit: step=17661 p0id=20 p0type=0 p1id=21 p1type=1
hit: step=17662 p0id=20 p0type=0 p1id=21 p1type=1
hit: step=17663 p0id=20 p0type=0 p1id=21 p1type=1
hit: step=17664 p0id=20 p0type=0 p1id=21 p1type=1
hit: step=17665 p0id=20 p0type=0 p1id=21 p1type=1
hit: step=17666 p0id=20 p0type=0 p1id=21 p1type=1
hit: step=17667 p0id=20 p0type=0 p1id=21 p1type=1
hit: step=17668 p0id=20 p0type=0 p1id=21 p1type=1
hit: step=17669 p0id=20 p0type=0 p1id=21 p1type=1
hit: step=17670 p0id=20 p0type=0 p1id=21 p1type=1
hit: step=17671 p0id=20 p0type=0 p1id=21 p1type=1
hit: step=17672 p0id=20 p0type=0 p1id=21 p1type=1
hit: step=17673 p0id=20 p0type=0 p1id=21 p1type=1
hit: step=17674 p0id=20 p0type=0 p1id=21 p1type=1
hit: step=17675 p0id=20 p0type=0 p1id=21 p1type=1
hit: step=17676 p0id=20 p0type=0 p1id=21 p1type=1
hit: step=17677 p0id=20 p0type=0 p1id=21 p1type=1
hit: step=17678 p0id=20 p0type=0 p1id=21 p1type=1
hit: step=17679 p0id=20 p0type=0 p1id=21 p1type=1
hit: step=17680 p0id=20 p0type=0 p1id=21 p1type=1
hit: step=17681 p0id=20 p0type=0 p1id=21 p1type=1
hit: step=17682 p0id=20 p0type=0 p1id=21 p1type=1
hit: step=17683 p0id=20 p0type=0 p1id=21 p1type=1
hit: step=17684 p0id=20 p0type=0 p1id=21 p1type=1
hit: step=17685 p0id=20 p0type=0 p1id=21 p1type=1
hit: step=17686 p0id=20 p0type=0 p1id=21 p1type=1
hit: step=17687 p0id=20 p0type=0 p1id=21 p1type=1
hit: step=17688 p0id=20 p0type=0 p1id=21 p1type=1
hit: step=17689 p0id=20 p0type=0 p1id=21 p1type=1
hit: step=17690 p0id=20 p0type=0 p1id=21 p1type=1
hit: step=17691 p0id=20 p0type=0 p1id=21 p1type=1
hit: step=17692 p0id=20 p0type=0 p1id=21 p1type=1
hit: step=17693 p0id=20 p0type=0 p1id=21 p1type=1
hit: step=17694 p0id=20 p0type=0 p1id=21 p1type=1
hit: step=17695 p0id=20 p0type=0 p1id=21 p1type=1
hit: step=17696 p0id=20 p0type=0 p1id=21 p1type=1
hit: step=17697 p0id=20 p0type=0 p1id=21 p1type=1
hit: step=17698 p0id=20 p0type=0 p1id=21 p1type=1
hit: step=17699 p0id=20 p0type=0 p1id=21 p1type=1
analysis...
17699 -> analysis by 0_standard_traj|csv -> traj.csv ...
17699 -> analysis by 1_standard_traj|xyz -> traj.xyz ...
17699 -> analysis by 2_particleNumbers|csv -> out_particleNumbers.csv ...
17699 -> analysis by 3_standardReactionReporting|csv -> out_reactions.csv ...
hit: step=17700 p0id=20 p0type=0 p1id=21 p1type=1
hit: step=17701 p0id=20 p0type=0 p1id=21 p1type=1
hit: step=17702 p0id=20 p0type=0 p1id=21 p1type=1
hit: step=17703 p0id=20 p0type=0 p1id=21 p1type=1
hit: step=17704 p0id=20 p0type=0 p1id=21 p1type=1
hit: step=17705 p0id=20 p0type=0 p1id=21 p1type=1
hit: step=17706 p0id=20 p0type=0 p1id=21 p1type=1
hit: step=17707 p0id=20 p0type=0 p1id=21 p1type=1
hit: step=17708 p0id=20 p0type=0 p1id=21 p1type=1
hit: step=17709 p0id=20 p0type=0 p1id=21 p1type=1
hit: step=17710 p0id=20 p0type=0 p1id=21 p1type=1
hit: step=17711 p0id=20 p0type=0 p1id=21 p1type=1
hit: step=17712 p0id=20 p0type=0 p1id=21 p1type=1
hit: step=17713 p0id=20 p0type=0 p1id=21 p1type=1
hit: step=17714 p0id=20 p0type=0 p1id=21 p1type=1
hit: step=17715 p0id=20 p0type=0 p1id=21 p1type=1
hit: step=17716 p0id=20 p0type=0 p1id=21 p1type=1
hit: step=17717 p0id=20 p0type=0 p1id=21 p1type=1
hit: step=17718 p0id=20 p0type=0 p1id=21 p1type=1
hit: step=17719 p0id=20 p0type=0 p1id=21 p1type=1
hit: step=17720 p0id=20 p0type=0 p1id=21 p1type=1
hit: step=17721 p0id=20 p0type=0 p1id=21 p1type=1
hit: step=17722 p0id=20 p0type=0 p1id=21 p1type=1
hit: step=17723 p0id=20 p0type=0 p1id=21 p1type=1
hit: step=17727 p0id=20 p0type=0 p1id=21 p1type=1
hit: step=17728 p0id=20 p0type=0 p1id=21 p1type=1
hit: step=17729 p0id=20 p0type=0 p1id=21 p1type=1
hit: step=17730 p0id=20 p0type=0 p1id=21 p1type=1
hit: step=17731 p0id=20 p0type=0 p1id=21 p1type=1
hit: step=17732 p0id=20 p0type=0 p1id=21 p1type=1
hit: step=17733 p0id=20 p0type=0 p1id=21 p1type=1
hit: step=17734 p0id=20 p0type=0 p1id=21 p1type=1
hit: step=17735 p0id=20 p0type=0 p1id=21 p1type=1
hit: step=17736 p0id=20 p0type=0 p1id=21 p1type=1
hit: step=17738 p0id=20 p0type=0 p1id=21 p1type=1
hit: step=17739 p0id=20 p0type=0 p1id=21 p1type=1
hit: step=17740 p0id=20 p0type=0 p1id=21 p1type=1
hit: step=17743 p0id=20 p0type=0 p1id=21 p1type=1
hit: step=17744 p0id=20 p0type=0 p1id=21 p1type=1
hit: step=17745 p0id=20 p0type=0 p1id=21 p1type=1
hit: step=17746 p0id=20 p0type=0 p1id=21 p1type=1
hit: step=17747 p0id=20 p0type=0 p1id=21 p1type=1
hit: step=17748 p0id=20 p0type=0 p1id=21 p1type=1
analysis...
17799 -> analysis by 0_standard_traj|csv -> traj.csv ...
17799 -> analysis by 1_standard_traj|xyz -> traj.xyz ...
17799 -> analysis by 2_particleNumbers|csv -> out_particleNumbers.csv ...
17799 -> analysis by 3_standardReactionReporting|csv -> out_reactions.csv ...
hit: step=17817 p0id=20 p0type=0 p1id=21 p1type=1
hit: step=17818 p0id=20 p0type=0 p1id=21 p1type=1
hit: step=17819 p0id=20 p0type=0 p1id=21 p1type=1
hit: step=17820 p0id=20 p0type=0 p1id=21 p1type=1
hit: step=17821 p0id=20 p0type=0 p1id=21 p1type=1
hit: step=17822 p0id=20 p0type=0 p1id=21 p1type=1
hit: step=17823 p0id=20 p0type=0 p1id=21 p1type=1
hit: step=17824 p0id=20 p0type=0 p1id=21 p1type=1
hit: step=17825 p0id=20 p0type=0 p1id=21 p1type=1
hit: step=17826 p0id=20 p0type=0 p1id=21 p1type=1
hit: step=17839 p0id=20 p0type=0 p1id=21 p1type=1
hit: step=17840 p0id=20 p0type=0 p1id=21 p1type=1
hit: step=17841 p0id=20 p0type=0 p1id=21 p1type=1
hit: step=17842 p0id=20 p0type=0 p1id=21 p1type=1
hit: step=17843 p0id=20 p0type=0 p1id=21 p1type=1
hit: step=17844 p0id=20 p0type=0 p1id=21 p1type=1
hit: step=17845 p0id=20 p0type=0 p1id=21 p1type=1
hit: step=17846 p0id=20 p0type=0 p1id=21 p1type=1
hit: step=17847 p0id=20 p0type=0 p1id=21 p1type=1
hit: step=17848 p0id=20 p0type=0 p1id=21 p1type=1
hit: step=17849 p0id=20 p0type=0 p1id=21 p1type=1
hit: step=17850 p0id=20 p0type=0 p1id=21 p1type=1
hit: step=17851 p0id=20 p0type=0 p1id=21 p1type=1
hit: step=17852 p0id=20 p0type=0 p1id=21 p1type=1
hit: step=17853 p0id=20 p0type=0 p1id=21 p1type=1
hit: step=17854 p0id=20 p0type=0 p1id=21 p1type=1
hit: step=17855 p0id=20 p0type=0 p1id=21 p1type=1
hit: step=17856 p0id=20 p0type=0 p1id=21 p1type=1
hit: step=17857 p0id=20 p0type=0 p1id=21 p1type=1
hit: step=17858 p0id=20 p0type=0 p1id=21 p1type=1
hit: step=17859 p0id=20 p0type=0 p1id=21 p1type=1
hit: step=17860 p0id=20 p0type=0 p1id=21 p1type=1
hit: step=17861 p0id=20 p0type=0 p1id=21 p1type=1
hit: step=17862 p0id=20 p0type=0 p1id=21 p1type=1
hit: step=17863 p0id=20 p0type=0 p1id=21 p1type=1
hit: step=17864 p0id=20 p0type=0 p1id=21 p1type=1
hit: step=17865 p0id=20 p0type=0 p1id=21 p1type=1
hit: step=17866 p0id=20 p0type=0 p1id=21 p1type=1
hit: step=17867 p0id=20 p0type=0 p1id=21 p1type=1
hit: step=17868 p0id=20 p0type=0 p1id=21 p1type=1
hit: step=17869 p0id=20 p0type=0 p1id=21 p1type=1
hit: step=17870 p0id=20 p0type=0 p1id=21 p1type=1
hit: step=17871 p0id=20 p0type=0 p1id=21 p1type=1
hit: step=17872 p0id=20 p0type=0 p1id=21 p1type=1
hit: step=17873 p0id=20 p0type=0 p1id=21 p1type=1
hit: step=17874 p0id=20 p0type=0 p1id=21 p1type=1
hit: step=17875 p0id=20 p0type=0 p1id=21 p1type=1
hit: step=17876 p0id=20 p0type=0 p1id=21 p1type=1
hit: step=17877 p0id=20 p0type=0 p1id=21 p1type=1
hit: step=17878 p0id=20 p0type=0 p1id=21 p1type=1
hit: step=17879 p0id=20 p0type=0 p1id=21 p1type=1
hit: step=17880 p0id=20 p0type=0 p1id=21 p1type=1
hit: step=17881 p0id=20 p0type=0 p1id=21 p1type=1
hit: step=17882 p0id=20 p0type=0 p1id=21 p1type=1
hit: step=17883 p0id=20 p0type=0 p1id=21 p1type=1
hit: step=17884 p0id=20 p0type=0 p1id=21 p1type=1
hit: step=17885 p0id=20 p0type=0 p1id=21 p1type=1
hit: step=17886 p0id=20 p0type=0 p1id=21 p1type=1
hit: step=17887 p0id=20 p0type=0 p1id=21 p1type=1
hit: step=17888 p0id=20 p0type=0 p1id=21 p1type=1
hit: step=17889 p0id=20 p0type=0 p1id=21 p1type=1
hit: step=17890 p0id=20 p0type=0 p1id=21 p1type=1
hit: step=17891 p0id=20 p0type=0 p1id=21 p1type=1
hit: step=17892 p0id=20 p0type=0 p1id=21 p1type=1
hit: step=17893 p0id=20 p0type=0 p1id=21 p1type=1
hit: step=17894 p0id=20 p0type=0 p1id=21 p1type=1
hit: step=17895 p0id=20 p0type=0 p1id=21 p1type=1
hit: step=17896 p0id=20 p0type=0 p1id=21 p1type=1
hit: step=17897 p0id=20 p0type=0 p1id=21 p1type=1
hit: step=17898 p0id=20 p0type=0 p1id=21 p1type=1
hit: step=17899 p0id=20 p0type=0 p1id=21 p1type=1
analysis...
17899 -> analysis by 0_standard_traj|csv -> traj.csv ...
17899 -> analysis by 1_standard_traj|xyz -> traj.xyz ...
17899 -> analysis by 2_particleNumbers|csv -> out_particleNumbers.csv ...
17899 -> analysis by 3_standardReactionReporting|csv -> out_reactions.csv ...
hit: step=17900 p0id=20 p0type=0 p1id=21 p1type=1
hit: step=17901 p0id=20 p0type=0 p1id=21 p1type=1
hit: step=17902 p0id=20 p0type=0 p1id=21 p1type=1
hit: step=17903 p0id=20 p0type=0 p1id=21 p1type=1
hit: step=17904 p0id=20 p0type=0 p1id=21 p1type=1
hit: step=17905 p0id=20 p0type=0 p1id=21 p1type=1
hit: step=17906 p0id=20 p0type=0 p1id=21 p1type=1
hit: step=17907 p0id=20 p0type=0 p1id=21 p1type=1
hit: step=17908 p0id=20 p0type=0 p1id=21 p1type=1
hit: step=17909 p0id=20 p0type=0 p1id=21 p1type=1
hit: step=17910 p0id=20 p0type=0 p1id=21 p1type=1
hit: step=17911 p0id=20 p0type=0 p1id=21 p1type=1
hit: step=17912 p0id=20 p0type=0 p1id=21 p1type=1
hit: step=17913 p0id=20 p0type=0 p1id=21 p1type=1
hit: step=17914 p0id=20 p0type=0 p1id=21 p1type=1
hit: step=17915 p0id=20 p0type=0 p1id=21 p1type=1
hit: step=17916 p0id=20 p0type=0 p1id=21 p1type=1
hit: step=17917 p0id=20 p0type=0 p1id=21 p1type=1
hit: step=17918 p0id=20 p0type=0 p1id=21 p1type=1
hit: step=17919 p0id=20 p0type=0 p1id=21 p1type=1
hit: step=17920 p0id=20 p0type=0 p1id=21 p1type=1
hit: step=17921 p0id=20 p0type=0 p1id=21 p1type=1
hit: step=17922 p0id=20 p0type=0 p1id=21 p1type=1
hit: step=17923 p0id=20 p0type=0 p1id=21 p1type=1
hit: step=17924 p0id=20 p0type=0 p1id=21 p1type=1
hit: step=17925 p0id=20 p0type=0 p1id=21 p1type=1
hit: step=17926 p0id=20 p0type=0 p1id=21 p1type=1
hit: step=17927 p0id=20 p0type=0 p1id=21 p1type=1
hit: step=17928 p0id=20 p0type=0 p1id=21 p1type=1
hit: step=17931 p0id=20 p0type=0 p1id=21 p1type=1
hit: step=17932 p0id=20 p0type=0 p1id=21 p1type=1
hit: step=17933 p0id=20 p0type=0 p1id=21 p1type=1
hit: step=17934 p0id=20 p0type=0 p1id=21 p1type=1
hit: step=17935 p0id=20 p0type=0 p1id=21 p1type=1
hit: step=17936 p0id=20 p0type=0 p1id=21 p1type=1
hit: step=17937 p0id=20 p0type=0 p1id=21 p1type=1
hit: step=17938 p0id=20 p0type=0 p1id=21 p1type=1
analysis...
17999 -> analysis by 0_standard_traj|csv -> traj.csv ...
17999 -> analysis by 1_standard_traj|xyz -> traj.xyz ...
17999 -> analysis by 2_particleNumbers|csv -> out_particleNumbers.csv ...
17999 -> analysis by 3_standardReactionReporting|csv -> out_reactions.csv ...

top: 'step 18000'
hit: step=18005 p0id=20 p0type=0 p1id=21 p1type=1
hit: step=18006 p0id=20 p0type=0 p1id=21 p1type=1
hit: step=18007 p0id=20 p0type=0 p1id=21 p1type=1
hit: step=18008 p0id=20 p0type=0 p1id=21 p1type=1
hit: step=18009 p0id=20 p0type=0 p1id=21 p1type=1
hit: step=18010 p0id=20 p0type=0 p1id=21 p1type=1
hit: step=18011 p0id=20 p0type=0 p1id=21 p1type=1
hit: step=18012 p0id=20 p0type=0 p1id=21 p1type=1
hit: step=18013 p0id=20 p0type=0 p1id=21 p1type=1
hit: step=18014 p0id=20 p0type=0 p1id=21 p1type=1
hit: step=18015 p0id=20 p0type=0 p1id=21 p1type=1
hit: step=18016 p0id=20 p0type=0 p1id=21 p1type=1
hit: step=18017 p0id=20 p0type=0 p1id=21 p1type=1
hit: step=18018 p0id=20 p0type=0 p1id=21 p1type=1
hit: step=18019 p0id=20 p0type=0 p1id=21 p1type=1
hit: step=18020 p0id=20 p0type=0 p1id=21 p1type=1
hit: step=18021 p0id=20 p0type=0 p1id=21 p1type=1
hit: step=18022 p0id=20 p0type=0 p1id=21 p1type=1
hit: step=18023 p0id=20 p0type=0 p1id=21 p1type=1
hit: step=18024 p0id=20 p0type=0 p1id=21 p1type=1
hit: step=18025 p0id=20 p0type=0 p1id=21 p1type=1
hit: step=18026 p0id=20 p0type=0 p1id=21 p1type=1
hit: step=18027 p0id=20 p0type=0 p1id=21 p1type=1
hit: step=18028 p0id=20 p0type=0 p1id=21 p1type=1
hit: step=18029 p0id=20 p0type=0 p1id=21 p1type=1
hit: step=18030 p0id=20 p0type=0 p1id=21 p1type=1
hit: step=18031 p0id=20 p0type=0 p1id=21 p1type=1
hit: step=18032 p0id=20 p0type=0 p1id=21 p1type=1
hit: step=18033 p0id=20 p0type=0 p1id=21 p1type=1
hit: step=18034 p0id=20 p0type=0 p1id=21 p1type=1
hit: step=18035 p0id=20 p0type=0 p1id=21 p1type=1
hit: step=18036 p0id=20 p0type=0 p1id=21 p1type=1
hit: step=18037 p0id=20 p0type=0 p1id=21 p1type=1
hit: step=18038 p0id=20 p0type=0 p1id=21 p1type=1
hit: step=18039 p0id=20 p0type=0 p1id=21 p1type=1
hit: step=18040 p0id=20 p0type=0 p1id=21 p1type=1
hit: step=18041 p0id=20 p0type=0 p1id=21 p1type=1
hit: step=18042 p0id=20 p0type=0 p1id=21 p1type=1
hit: step=18043 p0id=20 p0type=0 p1id=21 p1type=1
hit: step=18044 p0id=20 p0type=0 p1id=21 p1type=1
hit: step=18045 p0id=20 p0type=0 p1id=21 p1type=1
hit: step=18046 p0id=20 p0type=0 p1id=21 p1type=1
hit: step=18048 p0id=20 p0type=0 p1id=21 p1type=1
hit: step=18049 p0id=20 p0type=0 p1id=21 p1type=1
analysis...
18099 -> analysis by 0_standard_traj|csv -> traj.csv ...
18099 -> analysis by 1_standard_traj|xyz -> traj.xyz ...
18099 -> analysis by 2_particleNumbers|csv -> out_particleNumbers.csv ...
18099 -> analysis by 3_standardReactionReporting|csv -> out_reactions.csv ...
analysis...
18199 -> analysis by 0_standard_traj|csv -> traj.csv ...
18199 -> analysis by 1_standard_traj|xyz -> traj.xyz ...
18199 -> analysis by 2_particleNumbers|csv -> out_particleNumbers.csv ...
18199 -> analysis by 3_standardReactionReporting|csv -> out_reactions.csv ...
hit: step=18263 p0id=4 p0type=0 p1id=21 p1type=1
hit: step=18264 p0id=4 p0type=0 p1id=21 p1type=1
hit: step=18265 p0id=4 p0type=0 p1id=21 p1type=1
hit: step=18266 p0id=4 p0type=0 p1id=21 p1type=1
hit: step=18267 p0id=4 p0type=0 p1id=21 p1type=1
hit: step=18268 p0id=4 p0type=0 p1id=21 p1type=1
hit: step=18269 p0id=4 p0type=0 p1id=21 p1type=1
hit: step=18270 p0id=4 p0type=0 p1id=21 p1type=1
hit: step=18271 p0id=4 p0type=0 p1id=21 p1type=1
hit: step=18272 p0id=4 p0type=0 p1id=21 p1type=1
hit: step=18273 p0id=4 p0type=0 p1id=21 p1type=1
hit: step=18274 p0id=4 p0type=0 p1id=21 p1type=1
hit: step=18275 p0id=4 p0type=0 p1id=21 p1type=1
hit: step=18276 p0id=4 p0type=0 p1id=21 p1type=1
hit: step=18277 p0id=4 p0type=0 p1id=21 p1type=1
hit: step=18278 p0id=4 p0type=0 p1id=21 p1type=1
hit: step=18279 p0id=4 p0type=0 p1id=21 p1type=1
hit: step=18280 p0id=4 p0type=0 p1id=21 p1type=1
hit: step=18281 p0id=4 p0type=0 p1id=21 p1type=1
hit: step=18282 p0id=4 p0type=0 p1id=21 p1type=1
hit: step=18283 p0id=4 p0type=0 p1id=21 p1type=1
hit: step=18284 p0id=4 p0type=0 p1id=21 p1type=1
hit: step=18285 p0id=4 p0type=0 p1id=21 p1type=1
hit: step=18286 p0id=4 p0type=0 p1id=21 p1type=1
hit: step=18287 p0id=4 p0type=0 p1id=21 p1type=1
hit: step=18288 p0id=4 p0type=0 p1id=21 p1type=1
hit: step=18289 p0id=4 p0type=0 p1id=21 p1type=1
hit: step=18290 p0id=4 p0type=0 p1id=21 p1type=1
hit: step=18291 p0id=4 p0type=0 p1id=21 p1type=1
hit: step=18292 p0id=4 p0type=0 p1id=21 p1type=1
hit: step=18293 p0id=4 p0type=0 p1id=21 p1type=1
hit: step=18294 p0id=4 p0type=0 p1id=21 p1type=1
hit: step=18295 p0id=4 p0type=0 p1id=21 p1type=1
hit: step=18296 p0id=4 p0type=0 p1id=21 p1type=1
hit: step=18297 p0id=4 p0type=0 p1id=21 p1type=1
hit: step=18298 p0id=4 p0type=0 p1id=21 p1type=1
hit: step=18299 p0id=4 p0type=0 p1id=21 p1type=1
analysis...
18299 -> analysis by 0_standard_traj|csv -> traj.csv ...
18299 -> analysis by 1_standard_traj|xyz -> traj.xyz ...
18299 -> analysis by 2_particleNumbers|csv -> out_particleNumbers.csv ...
18299 -> analysis by 3_standardReactionReporting|csv -> out_reactions.csv ...
hit: step=18300 p0id=4 p0type=0 p1id=21 p1type=1
hit: step=18301 p0id=4 p0type=0 p1id=21 p1type=1
hit: step=18302 p0id=4 p0type=0 p1id=21 p1type=1
hit: step=18303 p0id=4 p0type=0 p1id=21 p1type=1
hit: step=18304 p0id=4 p0type=0 p1id=21 p1type=1
hit: step=18305 p0id=4 p0type=0 p1id=21 p1type=1
hit: step=18306 p0id=4 p0type=0 p1id=21 p1type=1
hit: step=18307 p0id=4 p0type=0 p1id=21 p1type=1
hit: step=18308 p0id=4 p0type=0 p1id=21 p1type=1
hit: step=18309 p0id=4 p0type=0 p1id=21 p1type=1
hit: step=18310 p0id=4 p0type=0 p1id=21 p1type=1
hit: step=18311 p0id=4 p0type=0 p1id=21 p1type=1
hit: step=18312 p0id=4 p0type=0 p1id=21 p1type=1
hit: step=18313 p0id=4 p0type=0 p1id=21 p1type=1
hit: step=18314 p0id=4 p0type=0 p1id=21 p1type=1
hit: step=18315 p0id=4 p0type=0 p1id=21 p1type=1
hit: step=18316 p0id=4 p0type=0 p1id=21 p1type=1
hit: step=18317 p0id=4 p0type=0 p1id=21 p1type=1
hit: step=18318 p0id=4 p0type=0 p1id=21 p1type=1
hit: step=18319 p0id=4 p0type=0 p1id=21 p1type=1
hit: step=18320 p0id=4 p0type=0 p1id=21 p1type=1
hit: step=18321 p0id=4 p0type=0 p1id=21 p1type=1
hit: step=18322 p0id=4 p0type=0 p1id=21 p1type=1
hit: step=18323 p0id=4 p0type=0 p1id=21 p1type=1
hit: step=18324 p0id=4 p0type=0 p1id=21 p1type=1
hit: step=18325 p0id=4 p0type=0 p1id=21 p1type=1
hit: step=18326 p0id=4 p0type=0 p1id=21 p1type=1
hit: step=18327 p0id=4 p0type=0 p1id=21 p1type=1
hit: step=18328 p0id=4 p0type=0 p1id=21 p1type=1
hit: step=18329 p0id=4 p0type=0 p1id=21 p1type=1
hit: step=18330 p0id=4 p0type=0 p1id=21 p1type=1
hit: step=18331 p0id=4 p0type=0 p1id=21 p1type=1
hit: step=18332 p0id=4 p0type=0 p1id=21 p1type=1
hit: step=18333 p0id=4 p0type=0 p1id=21 p1type=1
hit: step=18334 p0id=4 p0type=0 p1id=21 p1type=1
hit: step=18335 p0id=4 p0type=0 p1id=21 p1type=1
hit: step=18336 p0id=4 p0type=0 p1id=21 p1type=1
hit: step=18337 p0id=4 p0type=0 p1id=21 p1type=1
hit: step=18338 p0id=4 p0type=0 p1id=21 p1type=1
hit: step=18339 p0id=4 p0type=0 p1id=21 p1type=1
hit: step=18340 p0id=4 p0type=0 p1id=21 p1type=1
hit: step=18341 p0id=4 p0type=0 p1id=21 p1type=1
hit: step=18342 p0id=4 p0type=0 p1id=21 p1type=1
hit: step=18343 p0id=4 p0type=0 p1id=21 p1type=1
hit: step=18344 p0id=4 p0type=0 p1id=21 p1type=1
hit: step=18345 p0id=4 p0type=0 p1id=21 p1type=1
hit: step=18346 p0id=4 p0type=0 p1id=21 p1type=1
hit: step=18347 p0id=4 p0type=0 p1id=21 p1type=1
hit: step=18348 p0id=4 p0type=0 p1id=21 p1type=1
hit: step=18349 p0id=4 p0type=0 p1id=21 p1type=1
hit: step=18350 p0id=4 p0type=0 p1id=21 p1type=1
hit: step=18351 p0id=4 p0type=0 p1id=21 p1type=1
hit: step=18352 p0id=4 p0type=0 p1id=21 p1type=1
hit: step=18353 p0id=4 p0type=0 p1id=21 p1type=1
hit: step=18354 p0id=4 p0type=0 p1id=21 p1type=1
hit: step=18355 p0id=4 p0type=0 p1id=21 p1type=1
hit: step=18356 p0id=4 p0type=0 p1id=21 p1type=1
hit: step=18357 p0id=4 p0type=0 p1id=21 p1type=1
hit: step=18358 p0id=4 p0type=0 p1id=21 p1type=1
hit: step=18359 p0id=4 p0type=0 p1id=21 p1type=1
hit: step=18360 p0id=4 p0type=0 p1id=21 p1type=1
hit: step=18361 p0id=4 p0type=0 p1id=21 p1type=1
hit: step=18362 p0id=4 p0type=0 p1id=21 p1type=1
hit: step=18363 p0id=4 p0type=0 p1id=21 p1type=1
hit: step=18364 p0id=4 p0type=0 p1id=21 p1type=1
hit: step=18365 p0id=4 p0type=0 p1id=21 p1type=1
hit: step=18366 p0id=4 p0type=0 p1id=21 p1type=1
hit: step=18367 p0id=4 p0type=0 p1id=21 p1type=1
hit: step=18368 p0id=4 p0type=0 p1id=21 p1type=1
hit: step=18369 p0id=4 p0type=0 p1id=21 p1type=1
hit: step=18370 p0id=4 p0type=0 p1id=21 p1type=1
hit: step=18371 p0id=4 p0type=0 p1id=21 p1type=1
hit: step=18372 p0id=4 p0type=0 p1id=21 p1type=1
hit: step=18373 p0id=4 p0type=0 p1id=21 p1type=1
hit: step=18374 p0id=4 p0type=0 p1id=21 p1type=1
hit: step=18375 p0id=4 p0type=0 p1id=21 p1type=1
hit: step=18376 p0id=4 p0type=0 p1id=21 p1type=1
hit: step=18377 p0id=4 p0type=0 p1id=21 p1type=1
hit: step=18378 p0id=4 p0type=0 p1id=21 p1type=1
hit: step=18379 p0id=4 p0type=0 p1id=21 p1type=1
hit: step=18380 p0id=4 p0type=0 p1id=21 p1type=1
hit: step=18381 p0id=4 p0type=0 p1id=21 p1type=1
hit: step=18382 p0id=4 p0type=0 p1id=21 p1type=1
hit: step=18383 p0id=4 p0type=0 p1id=21 p1type=1
hit: step=18384 p0id=4 p0type=0 p1id=21 p1type=1
hit: step=18385 p0id=4 p0type=0 p1id=21 p1type=1
hit: step=18386 p0id=4 p0type=0 p1id=21 p1type=1
hit: step=18387 p0id=4 p0type=0 p1id=21 p1type=1
hit: step=18388 p0id=4 p0type=0 p1id=21 p1type=1
hit: step=18389 p0id=4 p0type=0 p1id=21 p1type=1
hit: step=18390 p0id=4 p0type=0 p1id=21 p1type=1
hit: step=18391 p0id=4 p0type=0 p1id=21 p1type=1
hit: step=18392 p0id=4 p0type=0 p1id=21 p1type=1
hit: step=18393 p0id=4 p0type=0 p1id=21 p1type=1
hit: step=18394 p0id=4 p0type=0 p1id=21 p1type=1
hit: step=18395 p0id=4 p0type=0 p1id=21 p1type=1
hit: step=18396 p0id=4 p0type=0 p1id=21 p1type=1
hit: step=18397 p0id=4 p0type=0 p1id=21 p1type=1
hit: step=18398 p0id=4 p0type=0 p1id=21 p1type=1
hit: step=18399 p0id=4 p0type=0 p1id=21 p1type=1
analysis...
18399 -> analysis by 0_standard_traj|csv -> traj.csv ...
18399 -> analysis by 1_standard_traj|xyz -> traj.xyz ...
18399 -> analysis by 2_particleNumbers|csv -> out_particleNumbers.csv ...
18399 -> analysis by 3_standardReactionReporting|csv -> out_reactions.csv ...
hit: step=18400 p0id=4 p0type=0 p1id=21 p1type=1
hit: step=18401 p0id=4 p0type=0 p1id=21 p1type=1
hit: step=18402 p0id=4 p0type=0 p1id=21 p1type=1
hit: step=18403 p0id=4 p0type=0 p1id=21 p1type=1
hit: step=18404 p0id=4 p0type=0 p1id=21 p1type=1
hit: step=18405 p0id=4 p0type=0 p1id=21 p1type=1
hit: step=18406 p0id=4 p0type=0 p1id=21 p1type=1
hit: step=18407 p0id=4 p0type=0 p1id=21 p1type=1
hit: step=18408 p0id=4 p0type=0 p1id=21 p1type=1
hit: step=18409 p0id=4 p0type=0 p1id=21 p1type=1
hit: step=18410 p0id=4 p0type=0 p1id=21 p1type=1
hit: step=18411 p0id=4 p0type=0 p1id=21 p1type=1
hit: step=18412 p0id=4 p0type=0 p1id=21 p1type=1
hit: step=18413 p0id=4 p0type=0 p1id=21 p1type=1
hit: step=18414 p0id=4 p0type=0 p1id=21 p1type=1
hit: step=18415 p0id=4 p0type=0 p1id=21 p1type=1
hit: step=18416 p0id=4 p0type=0 p1id=21 p1type=1
hit: step=18417 p0id=4 p0type=0 p1id=21 p1type=1
hit: step=18418 p0id=4 p0type=0 p1id=21 p1type=1
hit: step=18419 p0id=4 p0type=0 p1id=21 p1type=1
hit: step=18420 p0id=4 p0type=0 p1id=21 p1type=1
hit: step=18421 p0id=4 p0type=0 p1id=21 p1type=1
hit: step=18422 p0id=4 p0type=0 p1id=21 p1type=1
hit: step=18423 p0id=4 p0type=0 p1id=21 p1type=1
hit: step=18424 p0id=4 p0type=0 p1id=21 p1type=1
hit: step=18425 p0id=4 p0type=0 p1id=21 p1type=1
hit: step=18426 p0id=4 p0type=0 p1id=21 p1type=1
hit: step=18427 p0id=4 p0type=0 p1id=21 p1type=1
hit: step=18428 p0id=4 p0type=0 p1id=21 p1type=1
hit: step=18429 p0id=4 p0type=0 p1id=21 p1type=1
hit: step=18430 p0id=4 p0type=0 p1id=21 p1type=1
hit: step=18431 p0id=4 p0type=0 p1id=21 p1type=1
hit: step=18432 p0id=4 p0type=0 p1id=21 p1type=1
hit: step=18433 p0id=4 p0type=0 p1id=21 p1type=1
hit: step=18434 p0id=4 p0type=0 p1id=21 p1type=1
hit: step=18435 p0id=4 p0type=0 p1id=21 p1type=1
hit: step=18436 p0id=4 p0type=0 p1id=21 p1type=1
hit: step=18437 p0id=4 p0type=0 p1id=21 p1type=1
hit: step=18438 p0id=4 p0type=0 p1id=21 p1type=1
hit: step=18439 p0id=4 p0type=0 p1id=21 p1type=1
hit: step=18440 p0id=4 p0type=0 p1id=21 p1type=1
hit: step=18441 p0id=4 p0type=0 p1id=21 p1type=1
hit: step=18442 p0id=4 p0type=0 p1id=21 p1type=1
hit: step=18443 p0id=4 p0type=0 p1id=21 p1type=1
analysis...
18499 -> analysis by 0_standard_traj|csv -> traj.csv ...
18499 -> analysis by 1_standard_traj|xyz -> traj.xyz ...
18499 -> analysis by 2_particleNumbers|csv -> out_particleNumbers.csv ...
18499 -> analysis by 3_standardReactionReporting|csv -> out_reactions.csv ...
hit: step=18540 p0id=4 p0type=0 p1id=21 p1type=1
hit: step=18541 p0id=4 p0type=0 p1id=21 p1type=1
hit: step=18542 p0id=4 p0type=0 p1id=21 p1type=1
hit: step=18543 p0id=4 p0type=0 p1id=21 p1type=1
hit: step=18544 p0id=4 p0type=0 p1id=21 p1type=1
analysis...
18599 -> analysis by 0_standard_traj|csv -> traj.csv ...
18599 -> analysis by 1_standard_traj|xyz -> traj.xyz ...
18599 -> analysis by 2_particleNumbers|csv -> out_particleNumbers.csv ...
18599 -> analysis by 3_standardReactionReporting|csv -> out_reactions.csv ...
hit: step=18692 p0id=4 p0type=0 p1id=21 p1type=1
hit: step=18693 p0id=4 p0type=0 p1id=21 p1type=1
hit: step=18699 p0id=4 p0type=0 p1id=21 p1type=1
analysis...
18699 -> analysis by 0_standard_traj|csv -> traj.csv ...
18699 -> analysis by 1_standard_traj|xyz -> traj.xyz ...
18699 -> analysis by 2_particleNumbers|csv -> out_particleNumbers.csv ...
18699 -> analysis by 3_standardReactionReporting|csv -> out_reactions.csv ...
hit: step=18700 p0id=4 p0type=0 p1id=21 p1type=1
hit: step=18701 p0id=4 p0type=0 p1id=21 p1type=1
hit: step=18702 p0id=4 p0type=0 p1id=21 p1type=1
hit: step=18703 p0id=4 p0type=0 p1id=21 p1type=1
hit: step=18704 p0id=4 p0type=0 p1id=21 p1type=1
hit: step=18705 p0id=4 p0type=0 p1id=21 p1type=1
hit: step=18706 p0id=4 p0type=0 p1id=21 p1type=1
hit: step=18707 p0id=4 p0type=0 p1id=21 p1type=1
hit: step=18708 p0id=4 p0type=0 p1id=21 p1type=1
hit: step=18709 p0id=4 p0type=0 p1id=21 p1type=1
hit: step=18710 p0id=4 p0type=0 p1id=21 p1type=1
hit: step=18711 p0id=4 p0type=0 p1id=21 p1type=1
hit: step=18712 p0id=4 p0type=0 p1id=21 p1type=1
hit: step=18713 p0id=4 p0type=0 p1id=21 p1type=1
hit: step=18714 p0id=4 p0type=0 p1id=21 p1type=1
hit: step=18715 p0id=4 p0type=0 p1id=21 p1type=1
hit: step=18716 p0id=4 p0type=0 p1id=21 p1type=1
hit: step=18717 p0id=4 p0type=0 p1id=21 p1type=1
hit: step=18718 p0id=4 p0type=0 p1id=21 p1type=1
hit: step=18719 p0id=4 p0type=0 p1id=21 p1type=1
hit: step=18721 p0id=4 p0type=0 p1id=21 p1type=1
hit: step=18722 p0id=4 p0type=0 p1id=21 p1type=1
hit: step=18723 p0id=4 p0type=0 p1id=21 p1type=1
hit: step=18724 p0id=4 p0type=0 p1id=21 p1type=1
hit: step=18725 p0id=4 p0type=0 p1id=21 p1type=1
hit: step=18726 p0id=4 p0type=0 p1id=21 p1type=1
hit: step=18729 p0id=4 p0type=0 p1id=21 p1type=1
hit: step=18730 p0id=4 p0type=0 p1id=21 p1type=1
hit: step=18731 p0id=4 p0type=0 p1id=21 p1type=1
hit: step=18733 p0id=4 p0type=0 p1id=21 p1type=1
hit: step=18764 p0id=4 p0type=0 p1id=21 p1type=1
hit: step=18765 p0id=4 p0type=0 p1id=21 p1type=1
hit: step=18766 p0id=4 p0type=0 p1id=21 p1type=1
hit: step=18767 p0id=4 p0type=0 p1id=21 p1type=1
hit: step=18768 p0id=4 p0type=0 p1id=21 p1type=1
hit: step=18769 p0id=4 p0type=0 p1id=21 p1type=1
hit: step=18770 p0id=4 p0type=0 p1id=21 p1type=1
hit: step=18770 p0id=4 p0type=0 p1id=17 p1type=1
hit: step=18771 p0id=4 p0type=0 p1id=21 p1type=1
hit: step=18771 p0id=4 p0type=0 p1id=17 p1type=1
hit: step=18772 p0id=4 p0type=0 p1id=21 p1type=1
hit: step=18772 p0id=4 p0type=0 p1id=17 p1type=1
hit: step=18773 p0id=4 p0type=0 p1id=21 p1type=1
hit: step=18773 p0id=4 p0type=0 p1id=17 p1type=1
hit: step=18774 p0id=4 p0type=0 p1id=21 p1type=1
hit: step=18774 p0id=4 p0type=0 p1id=17 p1type=1
hit: step=18775 p0id=4 p0type=0 p1id=21 p1type=1
hit: step=18776 p0id=4 p0type=0 p1id=21 p1type=1
hit: step=18777 p0id=4 p0type=0 p1id=21 p1type=1
hit: step=18777 p0id=4 p0type=0 p1id=17 p1type=1
hit: step=18778 p0id=4 p0type=0 p1id=17 p1type=1
hit: step=18779 p0id=4 p0type=0 p1id=17 p1type=1
hit: step=18780 p0id=4 p0type=0 p1id=17 p1type=1
hit: step=18781 p0id=4 p0type=0 p1id=17 p1type=1
hit: step=18782 p0id=4 p0type=0 p1id=17 p1type=1
hit: step=18783 p0id=4 p0type=0 p1id=17 p1type=1
hit: step=18784 p0id=4 p0type=0 p1id=17 p1type=1
hit: step=18785 p0id=4 p0type=0 p1id=17 p1type=1
hit: step=18786 p0id=4 p0type=0 p1id=17 p1type=1
hit: step=18787 p0id=4 p0type=0 p1id=17 p1type=1
hit: step=18788 p0id=4 p0type=0 p1id=17 p1type=1
hit: step=18789 p0id=4 p0type=0 p1id=17 p1type=1
hit: step=18790 p0id=4 p0type=0 p1id=17 p1type=1
hit: step=18791 p0id=4 p0type=0 p1id=17 p1type=1
hit: step=18792 p0id=4 p0type=0 p1id=17 p1type=1
hit: step=18793 p0id=4 p0type=0 p1id=17 p1type=1
hit: step=18794 p0id=4 p0type=0 p1id=17 p1type=1
hit: step=18795 p0id=4 p0type=0 p1id=17 p1type=1
hit: step=18796 p0id=4 p0type=0 p1id=17 p1type=1
hit: step=18797 p0id=4 p0type=0 p1id=17 p1type=1
hit: step=18798 p0id=4 p0type=0 p1id=17 p1type=1
hit: step=18799 p0id=4 p0type=0 p1id=17 p1type=1
analysis...
18799 -> analysis by 0_standard_traj|csv -> traj.csv ...
18799 -> analysis by 1_standard_traj|xyz -> traj.xyz ...
18799 -> analysis by 2_particleNumbers|csv -> out_particleNumbers.csv ...
18799 -> analysis by 3_standardReactionReporting|csv -> out_reactions.csv ...
hit: step=18800 p0id=4 p0type=0 p1id=17 p1type=1
hit: step=18801 p0id=4 p0type=0 p1id=17 p1type=1
hit: step=18802 p0id=4 p0type=0 p1id=17 p1type=1
hit: step=18803 p0id=4 p0type=0 p1id=17 p1type=1
hit: step=18804 p0id=4 p0type=0 p1id=17 p1type=1
hit: step=18805 p0id=4 p0type=0 p1id=17 p1type=1
hit: step=18806 p0id=4 p0type=0 p1id=17 p1type=1
hit: step=18807 p0id=4 p0type=0 p1id=17 p1type=1
hit: step=18808 p0id=4 p0type=0 p1id=17 p1type=1
hit: step=18809 p0id=4 p0type=0 p1id=17 p1type=1
hit: step=18810 p0id=4 p0type=0 p1id=17 p1type=1
hit: step=18811 p0id=4 p0type=0 p1id=17 p1type=1
hit: step=18814 p0id=4 p0type=0 p1id=17 p1type=1
hit: step=18815 p0id=4 p0type=0 p1id=17 p1type=1
hit: step=18816 p0id=4 p0type=0 p1id=17 p1type=1
hit: step=18817 p0id=4 p0type=0 p1id=17 p1type=1
hit: step=18818 p0id=4 p0type=0 p1id=17 p1type=1
hit: step=18819 p0id=4 p0type=0 p1id=17 p1type=1
hit: step=18820 p0id=4 p0type=0 p1id=17 p1type=1
hit: step=18821 p0id=4 p0type=0 p1id=17 p1type=1
hit: step=18822 p0id=4 p0type=0 p1id=17 p1type=1
hit: step=18823 p0id=4 p0type=0 p1id=17 p1type=1
hit: step=18824 p0id=4 p0type=0 p1id=17 p1type=1
hit: step=18825 p0id=4 p0type=0 p1id=17 p1type=1
hit: step=18826 p0id=4 p0type=0 p1id=17 p1type=1
hit: step=18827 p0id=4 p0type=0 p1id=17 p1type=1
hit: step=18828 p0id=4 p0type=0 p1id=17 p1type=1
hit: step=18829 p0id=4 p0type=0 p1id=17 p1type=1
hit: step=18830 p0id=4 p0type=0 p1id=17 p1type=1
hit: step=18831 p0id=4 p0type=0 p1id=17 p1type=1
hit: step=18832 p0id=4 p0type=0 p1id=17 p1type=1
hit: step=18833 p0id=4 p0type=0 p1id=17 p1type=1
hit: step=18834 p0id=4 p0type=0 p1id=17 p1type=1
hit: step=18835 p0id=4 p0type=0 p1id=17 p1type=1
hit: step=18836 p0id=4 p0type=0 p1id=17 p1type=1
hit: step=18837 p0id=4 p0type=0 p1id=17 p1type=1
hit: step=18838 p0id=4 p0type=0 p1id=17 p1type=1
hit: step=18839 p0id=4 p0type=0 p1id=17 p1type=1
hit: step=18840 p0id=4 p0type=0 p1id=17 p1type=1
hit: step=18841 p0id=4 p0type=0 p1id=17 p1type=1
hit: step=18842 p0id=4 p0type=0 p1id=17 p1type=1
hit: step=18843 p0id=4 p0type=0 p1id=17 p1type=1
hit: step=18844 p0id=4 p0type=0 p1id=17 p1type=1
hit: step=18845 p0id=4 p0type=0 p1id=17 p1type=1
hit: step=18846 p0id=4 p0type=0 p1id=17 p1type=1
hit: step=18847 p0id=4 p0type=0 p1id=17 p1type=1
hit: step=18848 p0id=4 p0type=0 p1id=17 p1type=1
hit: step=18849 p0id=4 p0type=0 p1id=17 p1type=1
hit: step=18850 p0id=4 p0type=0 p1id=17 p1type=1
hit: step=18851 p0id=4 p0type=0 p1id=17 p1type=1
hit: step=18852 p0id=4 p0type=0 p1id=17 p1type=1
hit: step=18853 p0id=4 p0type=0 p1id=17 p1type=1
hit: step=18854 p0id=4 p0type=0 p1id=17 p1type=1
hit: step=18855 p0id=4 p0type=0 p1id=17 p1type=1
hit: step=18856 p0id=4 p0type=0 p1id=17 p1type=1
hit: step=18857 p0id=4 p0type=0 p1id=17 p1type=1
hit: step=18858 p0id=4 p0type=0 p1id=17 p1type=1
hit: step=18859 p0id=4 p0type=0 p1id=17 p1type=1
hit: step=18860 p0id=4 p0type=0 p1id=17 p1type=1
hit: step=18861 p0id=4 p0type=0 p1id=17 p1type=1
hit: step=18862 p0id=4 p0type=0 p1id=17 p1type=1
hit: step=18863 p0id=4 p0type=0 p1id=17 p1type=1
hit: step=18864 p0id=4 p0type=0 p1id=17 p1type=1
hit: step=18865 p0id=4 p0type=0 p1id=17 p1type=1
hit: step=18866 p0id=4 p0type=0 p1id=17 p1type=1
hit: step=18867 p0id=4 p0type=0 p1id=17 p1type=1
hit: step=18868 p0id=4 p0type=0 p1id=17 p1type=1
hit: step=18869 p0id=4 p0type=0 p1id=17 p1type=1
hit: step=18870 p0id=4 p0type=0 p1id=17 p1type=1
hit: step=18871 p0id=4 p0type=0 p1id=17 p1type=1
hit: step=18872 p0id=4 p0type=0 p1id=17 p1type=1
hit: step=18873 p0id=4 p0type=0 p1id=17 p1type=1
hit: step=18874 p0id=4 p0type=0 p1id=17 p1type=1
hit: step=18875 p0id=4 p0type=0 p1id=17 p1type=1
hit: step=18876 p0id=4 p0type=0 p1id=17 p1type=1
hit: step=18877 p0id=4 p0type=0 p1id=17 p1type=1
hit: step=18878 p0id=4 p0type=0 p1id=17 p1type=1
hit: step=18879 p0id=4 p0type=0 p1id=17 p1type=1
hit: step=18880 p0id=4 p0type=0 p1id=17 p1type=1
hit: step=18881 p0id=4 p0type=0 p1id=17 p1type=1
hit: step=18882 p0id=4 p0type=0 p1id=17 p1type=1
hit: step=18883 p0id=4 p0type=0 p1id=17 p1type=1
hit: step=18884 p0id=4 p0type=0 p1id=17 p1type=1
hit: step=18885 p0id=4 p0type=0 p1id=17 p1type=1
hit: step=18886 p0id=4 p0type=0 p1id=17 p1type=1
hit: step=18887 p0id=4 p0type=0 p1id=17 p1type=1
hit: step=18888 p0id=4 p0type=0 p1id=17 p1type=1
hit: step=18889 p0id=4 p0type=0 p1id=17 p1type=1
hit: step=18890 p0id=4 p0type=0 p1id=17 p1type=1
hit: step=18891 p0id=4 p0type=0 p1id=17 p1type=1
hit: step=18892 p0id=4 p0type=0 p1id=17 p1type=1
hit: step=18893 p0id=4 p0type=0 p1id=17 p1type=1
hit: step=18894 p0id=4 p0type=0 p1id=17 p1type=1
hit: step=18895 p0id=4 p0type=0 p1id=17 p1type=1
hit: step=18896 p0id=4 p0type=0 p1id=17 p1type=1
hit: step=18897 p0id=4 p0type=0 p1id=17 p1type=1
hit: step=18898 p0id=4 p0type=0 p1id=17 p1type=1
hit: step=18899 p0id=4 p0type=0 p1id=17 p1type=1
analysis...
18899 -> analysis by 0_standard_traj|csv -> traj.csv ...
18899 -> analysis by 1_standard_traj|xyz -> traj.xyz ...
18899 -> analysis by 2_particleNumbers|csv -> out_particleNumbers.csv ...
18899 -> analysis by 3_standardReactionReporting|csv -> out_reactions.csv ...
hit: step=18900 p0id=4 p0type=0 p1id=17 p1type=1
hit: step=18901 p0id=4 p0type=0 p1id=17 p1type=1
hit: step=18902 p0id=4 p0type=0 p1id=17 p1type=1
hit: step=18903 p0id=4 p0type=0 p1id=17 p1type=1
hit: step=18904 p0id=4 p0type=0 p1id=17 p1type=1
hit: step=18905 p0id=4 p0type=0 p1id=17 p1type=1
hit: step=18906 p0id=4 p0type=0 p1id=17 p1type=1
hit: step=18907 p0id=4 p0type=0 p1id=17 p1type=1
hit: step=18908 p0id=4 p0type=0 p1id=17 p1type=1
hit: step=18909 p0id=4 p0type=0 p1id=17 p1type=1
hit: step=18910 p0id=4 p0type=0 p1id=17 p1type=1
hit: step=18911 p0id=4 p0type=0 p1id=17 p1type=1
hit: step=18912 p0id=4 p0type=0 p1id=17 p1type=1
hit: step=18913 p0id=4 p0type=0 p1id=17 p1type=1
hit: step=18914 p0id=4 p0type=0 p1id=17 p1type=1
hit: step=18915 p0id=4 p0type=0 p1id=17 p1type=1
hit: step=18916 p0id=4 p0type=0 p1id=17 p1type=1
hit: step=18917 p0id=4 p0type=0 p1id=17 p1type=1
hit: step=18918 p0id=4 p0type=0 p1id=17 p1type=1
hit: step=18919 p0id=4 p0type=0 p1id=17 p1type=1
hit: step=18920 p0id=4 p0type=0 p1id=17 p1type=1
hit: step=18921 p0id=4 p0type=0 p1id=17 p1type=1
hit: step=18924 p0id=4 p0type=0 p1id=17 p1type=1
hit: step=18925 p0id=4 p0type=0 p1id=17 p1type=1
hit: step=18926 p0id=4 p0type=0 p1id=17 p1type=1
hit: step=18927 p0id=4 p0type=0 p1id=17 p1type=1
hit: step=18928 p0id=4 p0type=0 p1id=17 p1type=1
hit: step=18929 p0id=4 p0type=0 p1id=17 p1type=1
hit: step=18931 p0id=4 p0type=0 p1id=17 p1type=1
hit: step=18955 p0id=4 p0type=0 p1id=17 p1type=1
hit: step=18956 p0id=4 p0type=0 p1id=17 p1type=1
hit: step=18957 p0id=4 p0type=0 p1id=17 p1type=1
hit: step=18958 p0id=4 p0type=0 p1id=17 p1type=1
hit: step=18959 p0id=4 p0type=0 p1id=17 p1type=1
hit: step=18960 p0id=4 p0type=0 p1id=17 p1type=1
hit: step=18961 p0id=4 p0type=0 p1id=17 p1type=1
hit: step=18962 p0id=4 p0type=0 p1id=17 p1type=1
hit: step=18963 p0id=4 p0type=0 p1id=17 p1type=1
hit: step=18964 p0id=4 p0type=0 p1id=17 p1type=1
hit: step=18965 p0id=4 p0type=0 p1id=17 p1type=1
hit: step=18966 p0id=4 p0type=0 p1id=17 p1type=1
hit: step=18967 p0id=4 p0type=0 p1id=17 p1type=1
hit: step=18968 p0id=4 p0type=0 p1id=17 p1type=1
hit: step=18969 p0id=4 p0type=0 p1id=17 p1type=1
hit: step=18970 p0id=4 p0type=0 p1id=17 p1type=1
hit: step=18971 p0id=4 p0type=0 p1id=17 p1type=1
hit: step=18972 p0id=4 p0type=0 p1id=17 p1type=1
hit: step=18973 p0id=4 p0type=0 p1id=17 p1type=1
hit: step=18974 p0id=4 p0type=0 p1id=17 p1type=1
hit: step=18975 p0id=4 p0type=0 p1id=17 p1type=1
hit: step=18976 p0id=4 p0type=0 p1id=17 p1type=1
hit: step=18977 p0id=4 p0type=0 p1id=17 p1type=1
hit: step=18978 p0id=4 p0type=0 p1id=17 p1type=1
hit: step=18979 p0id=4 p0type=0 p1id=17 p1type=1
hit: step=18980 p0id=4 p0type=0 p1id=17 p1type=1
hit: step=18981 p0id=4 p0type=0 p1id=17 p1type=1
hit: step=18982 p0id=4 p0type=0 p1id=17 p1type=1
hit: step=18983 p0id=4 p0type=0 p1id=17 p1type=1
hit: step=18984 p0id=4 p0type=0 p1id=17 p1type=1
hit: step=18985 p0id=4 p0type=0 p1id=17 p1type=1
hit: step=18986 p0id=4 p0type=0 p1id=17 p1type=1
hit: step=18987 p0id=4 p0type=0 p1id=17 p1type=1
hit: step=18988 p0id=4 p0type=0 p1id=17 p1type=1
hit: step=18989 p0id=4 p0type=0 p1id=17 p1type=1
hit: step=18990 p0id=4 p0type=0 p1id=17 p1type=1
hit: step=18991 p0id=4 p0type=0 p1id=17 p1type=1
hit: step=18992 p0id=4 p0type=0 p1id=17 p1type=1
hit: step=18993 p0id=4 p0type=0 p1id=17 p1type=1
hit: step=18994 p0id=4 p0type=0 p1id=17 p1type=1
hit: step=18995 p0id=4 p0type=0 p1id=17 p1type=1
hit: step=18996 p0id=4 p0type=0 p1id=17 p1type=1
hit: step=18997 p0id=4 p0type=0 p1id=17 p1type=1
hit: step=18998 p0id=4 p0type=0 p1id=17 p1type=1
hit: step=18999 p0id=4 p0type=0 p1id=17 p1type=1
analysis...
18999 -> analysis by 0_standard_traj|csv -> traj.csv ...
18999 -> analysis by 1_standard_traj|xyz -> traj.xyz ...
18999 -> analysis by 2_particleNumbers|csv -> out_particleNumbers.csv ...
18999 -> analysis by 3_standardReactionReporting|csv -> out_reactions.csv ...

top: 'step 19000'
hit: step=19000 p0id=4 p0type=0 p1id=17 p1type=1
hit: step=19001 p0id=4 p0type=0 p1id=17 p1type=1
hit: step=19002 p0id=4 p0type=0 p1id=17 p1type=1
hit: step=19003 p0id=4 p0type=0 p1id=17 p1type=1
hit: step=19004 p0id=4 p0type=0 p1id=17 p1type=1
hit: step=19005 p0id=4 p0type=0 p1id=17 p1type=1
hit: step=19006 p0id=4 p0type=0 p1id=17 p1type=1
hit: step=19007 p0id=4 p0type=0 p1id=17 p1type=1
hit: step=19008 p0id=18 p0type=0 p1id=19 p1type=1
hit: step=19008 p0id=4 p0type=0 p1id=17 p1type=1
hit: step=19009 p0id=18 p0type=0 p1id=19 p1type=1
hit: step=19009 p0id=4 p0type=0 p1id=17 p1type=1
hit: step=19010 p0id=18 p0type=0 p1id=19 p1type=1
hit: step=19010 p0id=4 p0type=0 p1id=17 p1type=1
hit: step=19011 p0id=18 p0type=0 p1id=19 p1type=1
hit: step=19011 p0id=4 p0type=0 p1id=17 p1type=1
hit: step=19012 p0id=18 p0type=0 p1id=19 p1type=1
hit: step=19012 p0id=4 p0type=0 p1id=17 p1type=1
hit: step=19013 p0id=18 p0type=0 p1id=19 p1type=1
hit: step=19013 p0id=4 p0type=0 p1id=17 p1type=1
hit: step=19014 p0id=18 p0type=0 p1id=19 p1type=1
hit: step=19014 p0id=4 p0type=0 p1id=17 p1type=1
hit: step=19015 p0id=4 p0type=0 p1id=17 p1type=1
hit: step=19016 p0id=18 p0type=0 p1id=19 p1type=1
hit: step=19016 p0id=4 p0type=0 p1id=17 p1type=1
hit: step=19017 p0id=4 p0type=0 p1id=17 p1type=1
hit: step=19018 p0id=4 p0type=0 p1id=17 p1type=1
hit: step=19019 p0id=4 p0type=0 p1id=17 p1type=1
hit: step=19020 p0id=4 p0type=0 p1id=17 p1type=1
hit: step=19021 p0id=4 p0type=0 p1id=17 p1type=1
hit: step=19022 p0id=18 p0type=0 p1id=19 p1type=1
hit: step=19022 p0id=4 p0type=0 p1id=17 p1type=1
hit: step=19023 p0id=18 p0type=0 p1id=19 p1type=1
hit: step=19023 p0id=4 p0type=0 p1id=17 p1type=1
hit: step=19024 p0id=4 p0type=0 p1id=17 p1type=1
hit: step=19025 p0id=4 p0type=0 p1id=17 p1type=1
hit: step=19026 p0id=4 p0type=0 p1id=17 p1type=1
hit: step=19027 p0id=4 p0type=0 p1id=17 p1type=1
hit: step=19028 p0id=4 p0type=0 p1id=17 p1type=1
hit: step=19029 p0id=18 p0type=0 p1id=19 p1type=1
hit: step=19029 p0id=4 p0type=0 p1id=17 p1type=1
hit: step=19030 p0id=4 p0type=0 p1id=17 p1type=1
hit: step=19031 p0id=4 p0type=0 p1id=17 p1type=1
hit: step=19032 p0id=4 p0type=0 p1id=17 p1type=1
hit: step=19033 p0id=4 p0type=0 p1id=17 p1type=1
hit: step=19034 p0id=4 p0type=0 p1id=17 p1type=1
hit: step=19035 p0id=18 p0type=0 p1id=19 p1type=1
hit: step=19035 p0id=4 p0type=0 p1id=17 p1type=1
hit: step=19036 p0id=18 p0type=0 p1id=19 p1type=1
hit: step=19036 p0id=4 p0type=0 p1id=17 p1type=1
hit: step=19037 p0id=18 p0type=0 p1id=19 p1type=1
hit: step=19037 p0id=4 p0type=0 p1id=17 p1type=1
hit: step=19038 p0id=18 p0type=0 p1id=19 p1type=1
hit: step=19038 p0id=4 p0type=0 p1id=17 p1type=1
hit: step=19039 p0id=4 p0type=0 p1id=17 p1type=1
hit: step=19040 p0id=4 p0type=0 p1id=17 p1type=1
hit: step=19041 p0id=4 p0type=0 p1id=17 p1type=1
hit: step=19042 p0id=4 p0type=0 p1id=17 p1type=1
hit: step=19043 p0id=4 p0type=0 p1id=17 p1type=1
hit: step=19044 p0id=4 p0type=0 p1id=17 p1type=1
hit: step=19045 p0id=4 p0type=0 p1id=17 p1type=1
hit: step=19046 p0id=18 p0type=0 p1id=19 p1type=1
hit: step=19046 p0id=4 p0type=0 p1id=17 p1type=1
hit: step=19047 p0id=18 p0type=0 p1id=19 p1type=1
hit: step=19047 p0id=4 p0type=0 p1id=17 p1type=1
hit: step=19048 p0id=4 p0type=0 p1id=17 p1type=1
hit: step=19049 p0id=4 p0type=0 p1id=17 p1type=1
hit: step=19050 p0id=4 p0type=0 p1id=17 p1type=1
hit: step=19051 p0id=4 p0type=0 p1id=17 p1type=1
hit: step=19052 p0id=4 p0type=0 p1id=17 p1type=1
hit: step=19053 p0id=4 p0type=0 p1id=17 p1type=1
hit: step=19054 p0id=4 p0type=0 p1id=17 p1type=1
hit: step=19055 p0id=4 p0type=0 p1id=17 p1type=1
hit: step=19056 p0id=4 p0type=0 p1id=17 p1type=1
hit: step=19057 p0id=4 p0type=0 p1id=17 p1type=1
hit: step=19058 p0id=4 p0type=0 p1id=17 p1type=1
hit: step=19084 p0id=4 p0type=0 p1id=17 p1type=1
hit: step=19094 p0id=4 p0type=0 p1id=17 p1type=1
hit: step=19095 p0id=4 p0type=0 p1id=17 p1type=1
hit: step=19096 p0id=4 p0type=0 p1id=17 p1type=1
hit: step=19097 p0id=4 p0type=0 p1id=17 p1type=1
hit: step=19098 p0id=4 p0type=0 p1id=17 p1type=1
hit: step=19099 p0id=4 p0type=0 p1id=17 p1type=1
analysis...
19099 -> analysis by 0_standard_traj|csv -> traj.csv ...
19099 -> analysis by 1_standard_traj|xyz -> traj.xyz ...
19099 -> analysis by 2_particleNumbers|csv -> out_particleNumbers.csv ...
19099 -> analysis by 3_standardReactionReporting|csv -> out_reactions.csv ...
hit: step=19133 p0id=4 p0type=0 p1id=17 p1type=1
hit: step=19134 p0id=4 p0type=0 p1id=17 p1type=1
hit: step=19140 p0id=4 p0type=0 p1id=17 p1type=1
hit: step=19142 p0id=4 p0type=0 p1id=17 p1type=1
hit: step=19143 p0id=4 p0type=0 p1id=17 p1type=1
hit: step=19144 p0id=4 p0type=0 p1id=17 p1type=1
hit: step=19145 p0id=4 p0type=0 p1id=17 p1type=1
hit: step=19146 p0id=4 p0type=0 p1id=17 p1type=1
hit: step=19147 p0id=4 p0type=0 p1id=17 p1type=1
hit: step=19148 p0id=4 p0type=0 p1id=17 p1type=1
hit: step=19149 p0id=4 p0type=0 p1id=17 p1type=1
hit: step=19150 p0id=4 p0type=0 p1id=17 p1type=1
hit: step=19151 p0id=4 p0type=0 p1id=17 p1type=1
hit: step=19152 p0id=4 p0type=0 p1id=17 p1type=1
hit: step=19153 p0id=4 p0type=0 p1id=17 p1type=1
hit: step=19154 p0id=4 p0type=0 p1id=17 p1type=1
hit: step=19155 p0id=4 p0type=0 p1id=17 p1type=1
hit: step=19156 p0id=4 p0type=0 p1id=17 p1type=1
hit: step=19157 p0id=4 p0type=0 p1id=17 p1type=1
hit: step=19158 p0id=4 p0type=0 p1id=17 p1type=1
hit: step=19159 p0id=4 p0type=0 p1id=17 p1type=1
hit: step=19160 p0id=4 p0type=0 p1id=17 p1type=1
hit: step=19161 p0id=4 p0type=0 p1id=17 p1type=1
hit: step=19162 p0id=4 p0type=0 p1id=17 p1type=1
hit: step=19163 p0id=4 p0type=0 p1id=17 p1type=1
hit: step=19164 p0id=4 p0type=0 p1id=17 p1type=1
hit: step=19165 p0id=4 p0type=0 p1id=17 p1type=1
hit: step=19166 p0id=4 p0type=0 p1id=17 p1type=1
hit: step=19167 p0id=4 p0type=0 p1id=17 p1type=1
hit: step=19168 p0id=4 p0type=0 p1id=17 p1type=1
hit: step=19169 p0id=4 p0type=0 p1id=17 p1type=1
hit: step=19170 p0id=4 p0type=0 p1id=17 p1type=1
hit: step=19171 p0id=4 p0type=0 p1id=17 p1type=1
hit: step=19172 p0id=4 p0type=0 p1id=17 p1type=1
hit: step=19173 p0id=4 p0type=0 p1id=17 p1type=1
hit: step=19174 p0id=4 p0type=0 p1id=17 p1type=1
hit: step=19175 p0id=4 p0type=0 p1id=17 p1type=1
hit: step=19176 p0id=4 p0type=0 p1id=17 p1type=1
hit: step=19177 p0id=4 p0type=0 p1id=17 p1type=1
hit: step=19178 p0id=4 p0type=0 p1id=17 p1type=1
hit: step=19179 p0id=4 p0type=0 p1id=17 p1type=1
hit: step=19180 p0id=4 p0type=0 p1id=17 p1type=1
hit: step=19181 p0id=4 p0type=0 p1id=17 p1type=1
hit: step=19182 p0id=4 p0type=0 p1id=17 p1type=1
hit: step=19183 p0id=4 p0type=0 p1id=17 p1type=1
hit: step=19184 p0id=4 p0type=0 p1id=17 p1type=1
hit: step=19185 p0id=18 p0type=0 p1id=19 p1type=1
hit: step=19185 p0id=4 p0type=0 p1id=17 p1type=1
hit: step=19186 p0id=18 p0type=0 p1id=19 p1type=1
hit: step=19186 p0id=4 p0type=0 p1id=17 p1type=1
hit: step=19187 p0id=18 p0type=0 p1id=19 p1type=1
hit: step=19187 p0id=4 p0type=0 p1id=17 p1type=1
hit: step=19188 p0id=18 p0type=0 p1id=19 p1type=1
hit: step=19188 p0id=4 p0type=0 p1id=17 p1type=1
hit: step=19189 p0id=18 p0type=0 p1id=19 p1type=1
hit: step=19189 p0id=4 p0type=0 p1id=17 p1type=1
hit: step=19190 p0id=18 p0type=0 p1id=19 p1type=1
hit: step=19190 p0id=4 p0type=0 p1id=17 p1type=1
hit: step=19191 p0id=18 p0type=0 p1id=19 p1type=1
hit: step=19191 p0id=4 p0type=0 p1id=17 p1type=1
hit: step=19192 p0id=18 p0type=0 p1id=19 p1type=1
hit: step=19192 p0id=4 p0type=0 p1id=17 p1type=1
hit: step=19193 p0id=18 p0type=0 p1id=19 p1type=1
hit: step=19193 p0id=4 p0type=0 p1id=17 p1type=1
hit: step=19194 p0id=18 p0type=0 p1id=19 p1type=1
hit: step=19194 p0id=4 p0type=0 p1id=17 p1type=1
hit: step=19195 p0id=18 p0type=0 p1id=19 p1type=1
hit: step=19195 p0id=4 p0type=0 p1id=17 p1type=1
hit: step=19196 p0id=18 p0type=0 p1id=19 p1type=1
hit: step=19196 p0id=4 p0type=0 p1id=17 p1type=1
hit: step=19197 p0id=18 p0type=0 p1id=19 p1type=1
hit: step=19197 p0id=4 p0type=0 p1id=17 p1type=1
hit: step=19198 p0id=18 p0type=0 p1id=19 p1type=1
hit: step=19198 p0id=4 p0type=0 p1id=17 p1type=1
hit: step=19199 p0id=18 p0type=0 p1id=19 p1type=1
hit: step=19199 p0id=4 p0type=0 p1id=17 p1type=1
analysis...
19199 -> analysis by 0_standard_traj|csv -> traj.csv ...
19199 -> analysis by 1_standard_traj|xyz -> traj.xyz ...
19199 -> analysis by 2_particleNumbers|csv -> out_particleNumbers.csv ...
19199 -> analysis by 3_standardReactionReporting|csv -> out_reactions.csv ...
hit: step=19200 p0id=18 p0type=0 p1id=19 p1type=1
hit: step=19200 p0id=4 p0type=0 p1id=17 p1type=1
hit: step=19201 p0id=18 p0type=0 p1id=19 p1type=1
hit: step=19201 p0id=4 p0type=0 p1id=17 p1type=1
hit: step=19202 p0id=18 p0type=0 p1id=19 p1type=1
hit: step=19202 p0id=4 p0type=0 p1id=17 p1type=1
hit: step=19203 p0id=18 p0type=0 p1id=19 p1type=1
hit: step=19203 p0id=4 p0type=0 p1id=17 p1type=1
hit: step=19204 p0id=18 p0type=0 p1id=19 p1type=1
hit: step=19205 p0id=18 p0type=0 p1id=19 p1type=1
hit: step=19205 p0id=4 p0type=0 p1id=17 p1type=1
hit: step=19206 p0id=18 p0type=0 p1id=19 p1type=1
hit: step=19206 p0id=4 p0type=0 p1id=17 p1type=1
hit: step=19207 p0id=18 p0type=0 p1id=19 p1type=1
hit: step=19207 p0id=4 p0type=0 p1id=17 p1type=1
hit: step=19208 p0id=18 p0type=0 p1id=19 p1type=1
hit: step=19208 p0id=4 p0type=0 p1id=17 p1type=1
hit: step=19209 p0id=18 p0type=0 p1id=19 p1type=1
hit: step=19209 p0id=4 p0type=0 p1id=17 p1type=1
hit: step=19210 p0id=18 p0type=0 p1id=19 p1type=1
hit: step=19210 p0id=4 p0type=0 p1id=17 p1type=1
hit: step=19211 p0id=18 p0type=0 p1id=19 p1type=1
hit: step=19211 p0id=4 p0type=0 p1id=17 p1type=1
hit: step=19212 p0id=18 p0type=0 p1id=19 p1type=1
hit: step=19212 p0id=4 p0type=0 p1id=17 p1type=1
hit: step=19213 p0id=18 p0type=0 p1id=19 p1type=1
hit: step=19213 p0id=4 p0type=0 p1id=17 p1type=1
hit: step=19214 p0id=18 p0type=0 p1id=19 p1type=1
hit: step=19214 p0id=4 p0type=0 p1id=17 p1type=1
hit: step=19215 p0id=18 p0type=0 p1id=19 p1type=1
hit: step=19215 p0id=4 p0type=0 p1id=17 p1type=1
hit: step=19216 p0id=18 p0type=0 p1id=19 p1type=1
hit: step=19216 p0id=4 p0type=0 p1id=17 p1type=1
hit: step=19217 p0id=18 p0type=0 p1id=19 p1type=1
hit: step=19217 p0id=4 p0type=0 p1id=17 p1type=1
hit: step=19218 p0id=18 p0type=0 p1id=19 p1type=1
hit: step=19218 p0id=4 p0type=0 p1id=17 p1type=1
hit: step=19219 p0id=18 p0type=0 p1id=19 p1type=1
hit: step=19219 p0id=4 p0type=0 p1id=17 p1type=1
hit: step=19220 p0id=18 p0type=0 p1id=19 p1type=1
hit: step=19220 p0id=4 p0type=0 p1id=17 p1type=1
hit: step=19221 p0id=18 p0type=0 p1id=19 p1type=1
hit: step=19221 p0id=4 p0type=0 p1id=17 p1type=1
hit: step=19222 p0id=18 p0type=0 p1id=19 p1type=1
hit: step=19222 p0id=4 p0type=0 p1id=17 p1type=1
hit: step=19223 p0id=18 p0type=0 p1id=19 p1type=1
hit: step=19223 p0id=4 p0type=0 p1id=17 p1type=1
hit: step=19224 p0id=18 p0type=0 p1id=19 p1type=1
hit: step=19224 p0id=4 p0type=0 p1id=17 p1type=1
hit: step=19225 p0id=18 p0type=0 p1id=19 p1type=1
hit: step=19225 p0id=4 p0type=0 p1id=17 p1type=1
hit: step=19226 p0id=18 p0type=0 p1id=19 p1type=1
hit: step=19226 p0id=4 p0type=0 p1id=17 p1type=1
hit: step=19227 p0id=18 p0type=0 p1id=19 p1type=1
hit: step=19227 p0id=4 p0type=0 p1id=17 p1type=1
hit: step=19228 p0id=18 p0type=0 p1id=19 p1type=1
hit: step=19228 p0id=4 p0type=0 p1id=17 p1type=1
hit: step=19229 p0id=18 p0type=0 p1id=19 p1type=1
hit: step=19229 p0id=4 p0type=0 p1id=17 p1type=1
hit: step=19230 p0id=18 p0type=0 p1id=19 p1type=1
hit: step=19230 p0id=4 p0type=0 p1id=17 p1type=1
hit: step=19231 p0id=18 p0type=0 p1id=19 p1type=1
hit: step=19231 p0id=4 p0type=0 p1id=17 p1type=1
hit: step=19232 p0id=18 p0type=0 p1id=19 p1type=1
hit: step=19232 p0id=4 p0type=0 p1id=17 p1type=1
hit: step=19233 p0id=18 p0type=0 p1id=19 p1type=1
hit: step=19233 p0id=4 p0type=0 p1id=17 p1type=1
hit: step=19234 p0id=18 p0type=0 p1id=19 p1type=1
hit: step=19234 p0id=4 p0type=0 p1id=17 p1type=1
hit: step=19235 p0id=18 p0type=0 p1id=19 p1type=1
hit: step=19235 p0id=4 p0type=0 p1id=17 p1type=1
hit: step=19236 p0id=18 p0type=0 p1id=19 p1type=1
hit: step=19236 p0id=4 p0type=0 p1id=17 p1type=1
hit: step=19237 p0id=18 p0type=0 p1id=19 p1type=1
hit: step=19237 p0id=4 p0type=0 p1id=17 p1type=1
hit: step=19238 p0id=18 p0type=0 p1id=19 p1type=1
hit: step=19238 p0id=4 p0type=0 p1id=17 p1type=1
hit: step=19239 p0id=18 p0type=0 p1id=19 p1type=1
hit: step=19239 p0id=4 p0type=0 p1id=17 p1type=1
hit: step=19240 p0id=18 p0type=0 p1id=19 p1type=1
hit: step=19240 p0id=4 p0type=0 p1id=17 p1type=1
hit: step=19241 p0id=18 p0type=0 p1id=19 p1type=1
hit: step=19241 p0id=4 p0type=0 p1id=17 p1type=1
hit: step=19242 p0id=18 p0type=0 p1id=19 p1type=1
hit: step=19242 p0id=4 p0type=0 p1id=17 p1type=1
hit: step=19243 p0id=18 p0type=0 p1id=19 p1type=1
hit: step=19243 p0id=4 p0type=0 p1id=17 p1type=1
hit: step=19244 p0id=18 p0type=0 p1id=19 p1type=1
hit: step=19244 p0id=4 p0type=0 p1id=17 p1type=1
hit: step=19245 p0id=18 p0type=0 p1id=19 p1type=1
hit: step=19245 p0id=4 p0type=0 p1id=17 p1type=1
hit: step=19246 p0id=18 p0type=0 p1id=19 p1type=1
hit: step=19246 p0id=4 p0type=0 p1id=17 p1type=1
hit: step=19247 p0id=18 p0type=0 p1id=19 p1type=1
hit: step=19247 p0id=4 p0type=0 p1id=17 p1type=1
hit: step=19248 p0id=18 p0type=0 p1id=19 p1type=1
hit: step=19248 p0id=4 p0type=0 p1id=17 p1type=1
hit: step=19249 p0id=18 p0type=0 p1id=19 p1type=1
hit: step=19249 p0id=4 p0type=0 p1id=17 p1type=1
hit: step=19250 p0id=18 p0type=0 p1id=19 p1type=1
hit: step=19250 p0id=4 p0type=0 p1id=17 p1type=1
hit: step=19251 p0id=18 p0type=0 p1id=19 p1type=1
hit: step=19251 p0id=4 p0type=0 p1id=17 p1type=1
hit: step=19252 p0id=18 p0type=0 p1id=19 p1type=1
hit: step=19252 p0id=4 p0type=0 p1id=17 p1type=1
hit: step=19253 p0id=18 p0type=0 p1id=19 p1type=1
hit: step=19253 p0id=4 p0type=0 p1id=17 p1type=1
hit: step=19254 p0id=18 p0type=0 p1id=19 p1type=1
hit: step=19254 p0id=4 p0type=0 p1id=17 p1type=1
hit: step=19255 p0id=18 p0type=0 p1id=19 p1type=1
hit: step=19255 p0id=4 p0type=0 p1id=17 p1type=1
hit: step=19256 p0id=18 p0type=0 p1id=19 p1type=1
hit: step=19256 p0id=4 p0type=0 p1id=17 p1type=1
hit: step=19257 p0id=18 p0type=0 p1id=19 p1type=1
hit: step=19257 p0id=4 p0type=0 p1id=17 p1type=1
hit: step=19258 p0id=18 p0type=0 p1id=19 p1type=1
hit: step=19258 p0id=4 p0type=0 p1id=17 p1type=1
hit: step=19259 p0id=18 p0type=0 p1id=19 p1type=1
hit: step=19259 p0id=4 p0type=0 p1id=17 p1type=1
hit: step=19260 p0id=18 p0type=0 p1id=19 p1type=1
hit: step=19260 p0id=4 p0type=0 p1id=17 p1type=1
hit: step=19261 p0id=18 p0type=0 p1id=19 p1type=1
hit: step=19261 p0id=4 p0type=0 p1id=17 p1type=1
hit: step=19262 p0id=18 p0type=0 p1id=19 p1type=1
hit: step=19262 p0id=4 p0type=0 p1id=17 p1type=1
hit: step=19263 p0id=18 p0type=0 p1id=19 p1type=1
hit: step=19263 p0id=4 p0type=0 p1id=17 p1type=1
hit: step=19264 p0id=18 p0type=0 p1id=19 p1type=1
hit: step=19264 p0id=4 p0type=0 p1id=17 p1type=1
hit: step=19265 p0id=18 p0type=0 p1id=19 p1type=1
hit: step=19265 p0id=4 p0type=0 p1id=17 p1type=1
hit: step=19266 p0id=18 p0type=0 p1id=19 p1type=1
hit: step=19266 p0id=4 p0type=0 p1id=17 p1type=1
hit: step=19267 p0id=18 p0type=0 p1id=19 p1type=1
hit: step=19267 p0id=4 p0type=0 p1id=17 p1type=1
hit: step=19268 p0id=18 p0type=0 p1id=19 p1type=1
hit: step=19268 p0id=4 p0type=0 p1id=17 p1type=1
hit: step=19269 p0id=4 p0type=0 p1id=17 p1type=1
hit: step=19270 p0id=4 p0type=0 p1id=17 p1type=1
hit: step=19271 p0id=4 p0type=0 p1id=17 p1type=1
hit: step=19272 p0id=4 p0type=0 p1id=17 p1type=1
hit: step=19273 p0id=4 p0type=0 p1id=17 p1type=1
hit: step=19274 p0id=4 p0type=0 p1id=17 p1type=1
hit: step=19275 p0id=4 p0type=0 p1id=17 p1type=1
hit: step=19276 p0id=4 p0type=0 p1id=17 p1type=1
hit: step=19277 p0id=4 p0type=0 p1id=17 p1type=1
hit: step=19278 p0id=18 p0type=0 p1id=19 p1type=1
hit: step=19278 p0id=4 p0type=0 p1id=17 p1type=1
hit: step=19279 p0id=18 p0type=0 p1id=19 p1type=1
hit: step=19279 p0id=4 p0type=0 p1id=17 p1type=1
hit: step=19280 p0id=18 p0type=0 p1id=19 p1type=1
hit: step=19280 p0id=4 p0type=0 p1id=17 p1type=1
hit: step=19281 p0id=18 p0type=0 p1id=19 p1type=1
hit: step=19281 p0id=4 p0type=0 p1id=17 p1type=1
hit: step=19282 p0id=18 p0type=0 p1id=19 p1type=1
hit: step=19282 p0id=4 p0type=0 p1id=17 p1type=1
hit: step=19283 p0id=18 p0type=0 p1id=19 p1type=1
hit: step=19283 p0id=4 p0type=0 p1id=17 p1type=1
hit: step=19284 p0id=18 p0type=0 p1id=19 p1type=1
hit: step=19284 p0id=4 p0type=0 p1id=17 p1type=1
hit: step=19285 p0id=18 p0type=0 p1id=19 p1type=1
hit: step=19285 p0id=4 p0type=0 p1id=17 p1type=1
hit: step=19286 p0id=18 p0type=0 p1id=19 p1type=1
hit: step=19286 p0id=4 p0type=0 p1id=17 p1type=1
hit: step=19287 p0id=4 p0type=0 p1id=17 p1type=1
hit: step=19288 p0id=4 p0type=0 p1id=17 p1type=1
hit: step=19289 p0id=18 p0type=0 p1id=19 p1type=1
hit: step=19289 p0id=4 p0type=0 p1id=17 p1type=1
hit: step=19290 p0id=18 p0type=0 p1id=19 p1type=1
hit: step=19290 p0id=4 p0type=0 p1id=17 p1type=1
hit: step=19291 p0id=4 p0type=0 p1id=17 p1type=1
hit: step=19292 p0id=4 p0type=0 p1id=17 p1type=1
hit: step=19293 p0id=4 p0type=0 p1id=17 p1type=1
hit: step=19294 p0id=4 p0type=0 p1id=17 p1type=1
hit: step=19295 p0id=4 p0type=0 p1id=17 p1type=1
hit: step=19296 p0id=4 p0type=0 p1id=17 p1type=1
hit: step=19297 p0id=4 p0type=0 p1id=17 p1type=1
hit: step=19298 p0id=4 p0type=0 p1id=17 p1type=1
hit: step=19299 p0id=4 p0type=0 p1id=17 p1type=1
analysis...
19299 -> analysis by 0_standard_traj|csv -> traj.csv ...
19299 -> analysis by 1_standard_traj|xyz -> traj.xyz ...
19299 -> analysis by 2_particleNumbers|csv -> out_particleNumbers.csv ...
19299 -> analysis by 3_standardReactionReporting|csv -> out_reactions.csv ...
hit: step=19300 p0id=4 p0type=0 p1id=17 p1type=1
hit: step=19301 p0id=4 p0type=0 p1id=17 p1type=1
hit: step=19302 p0id=4 p0type=0 p1id=17 p1type=1
hit: step=19303 p0id=4 p0type=0 p1id=17 p1type=1
hit: step=19304 p0id=4 p0type=0 p1id=17 p1type=1
hit: step=19305 p0id=4 p0type=0 p1id=17 p1type=1
hit: step=19306 p0id=18 p0type=0 p1id=19 p1type=1
hit: step=19306 p0id=4 p0type=0 p1id=17 p1type=1
hit: step=19307 p0id=18 p0type=0 p1id=19 p1type=1
hit: step=19307 p0id=4 p0type=0 p1id=17 p1type=1
hit: step=19308 p0id=18 p0type=0 p1id=19 p1type=1
hit: step=19308 p0id=4 p0type=0 p1id=17 p1type=1
hit: step=19309 p0id=18 p0type=0 p1id=19 p1type=1
hit: step=19309 p0id=4 p0type=0 p1id=17 p1type=1
hit: step=19310 p0id=4 p0type=0 p1id=17 p1type=1
hit: step=19311 p0id=4 p0type=0 p1id=17 p1type=1
hit: step=19312 p0id=4 p0type=0 p1id=17 p1type=1
hit: step=19313 p0id=18 p0type=0 p1id=19 p1type=1
hit: step=19313 p0id=4 p0type=0 p1id=17 p1type=1
hit: step=19314 p0id=18 p0type=0 p1id=19 p1type=1
hit: step=19314 p0id=4 p0type=0 p1id=17 p1type=1
hit: step=19315 p0id=18 p0type=0 p1id=19 p1type=1
hit: step=19315 p0id=4 p0type=0 p1id=17 p1type=1
hit: step=19316 p0id=18 p0type=0 p1id=19 p1type=1
hit: step=19316 p0id=4 p0type=0 p1id=17 p1type=1
hit: step=19317 p0id=18 p0type=0 p1id=19 p1type=1
hit: step=19317 p0id=4 p0type=0 p1id=17 p1type=1
hit: step=19318 p0id=18 p0type=0 p1id=19 p1type=1
hit: step=19318 p0id=4 p0type=0 p1id=17 p1type=1
hit: step=19319 p0id=18 p0type=0 p1id=19 p1type=1
hit: step=19319 p0id=4 p0type=0 p1id=17 p1type=1
hit: step=19320 p0id=18 p0type=0 p1id=19 p1type=1
hit: step=19321 p0id=18 p0type=0 p1id=19 p1type=1
hit: step=19321 p0id=4 p0type=0 p1id=17 p1type=1
hit: step=19322 p0id=18 p0type=0 p1id=19 p1type=1
hit: step=19322 p0id=4 p0type=0 p1id=17 p1type=1
hit: step=19323 p0id=18 p0type=0 p1id=19 p1type=1
hit: step=19323 p0id=4 p0type=0 p1id=17 p1type=1
hit: step=19324 p0id=18 p0type=0 p1id=19 p1type=1
hit: step=19324 p0id=4 p0type=0 p1id=17 p1type=1
hit: step=19325 p0id=18 p0type=0 p1id=19 p1type=1
hit: step=19325 p0id=4 p0type=0 p1id=17 p1type=1
hit: step=19326 p0id=18 p0type=0 p1id=19 p1type=1
hit: step=19326 p0id=4 p0type=0 p1id=17 p1type=1
hit: step=19327 p0id=4 p0type=0 p1id=17 p1type=1
hit: step=19328 p0id=4 p0type=0 p1id=17 p1type=1
hit: step=19329 p0id=4 p0type=0 p1id=17 p1type=1
hit: step=19330 p0id=4 p0type=0 p1id=17 p1type=1
hit: step=19331 p0id=4 p0type=0 p1id=17 p1type=1
hit: step=19333 p0id=4 p0type=0 p1id=17 p1type=1
hit: step=19334 p0id=4 p0type=0 p1id=17 p1type=1
hit: step=19335 p0id=4 p0type=0 p1id=17 p1type=1
analysis...
19399 -> analysis by 0_standard_traj|csv -> traj.csv ...
19399 -> analysis by 1_standard_traj|xyz -> traj.xyz ...
19399 -> analysis by 2_particleNumbers|csv -> out_particleNumbers.csv ...
19399 -> analysis by 3_standardReactionReporting|csv -> out_reactions.csv ...
analysis...
19499 -> analysis by 0_standard_traj|csv -> traj.csv ...
19499 -> analysis by 1_standard_traj|xyz -> traj.xyz ...
19499 -> analysis by 2_particleNumbers|csv -> out_particleNumbers.csv ...
19499 -> analysis by 3_standardReactionReporting|csv -> out_reactions.csv ...
analysis...
19599 -> analysis by 0_standard_traj|csv -> traj.csv ...
19599 -> analysis by 1_standard_traj|xyz -> traj.xyz ...
19599 -> analysis by 2_particleNumbers|csv -> out_particleNumbers.csv ...
19599 -> analysis by 3_standardReactionReporting|csv -> out_reactions.csv ...
analysis...
19699 -> analysis by 0_standard_traj|csv -> traj.csv ...
19699 -> analysis by 1_standard_traj|xyz -> traj.xyz ...
19699 -> analysis by 2_particleNumbers|csv -> out_particleNumbers.csv ...
19699 -> analysis by 3_standardReactionReporting|csv -> out_reactions.csv ...
analysis...
19799 -> analysis by 0_standard_traj|csv -> traj.csv ...
19799 -> analysis by 1_standard_traj|xyz -> traj.xyz ...
19799 -> analysis by 2_particleNumbers|csv -> out_particleNumbers.csv ...
19799 -> analysis by 3_standardReactionReporting|csv -> out_reactions.csv ...
analysis...
19899 -> analysis by 0_standard_traj|csv -> traj.csv ...
19899 -> analysis by 1_standard_traj|xyz -> traj.xyz ...
19899 -> analysis by 2_particleNumbers|csv -> out_particleNumbers.csv ...
19899 -> analysis by 3_standardReactionReporting|csv -> out_reactions.csv ...
analysis...
19999 -> analysis by 0_standard_traj|csv -> traj.csv ...
19999 -> analysis by 1_standard_traj|xyz -> traj.xyz ...
19999 -> analysis by 2_particleNumbers|csv -> out_particleNumbers.csv ...
19999 -> analysis by 3_standardReactionReporting|csv -> out_reactions.csv ...
raw runtime = 1248580000 ns
avg time per step = 62429 ns
]]></system-out>
  <system-err><![CDATA[]]></system-err>
</testsuite>
