<?xml version="1.0" encoding="UTF-8" ?>
<testsuite errors="0" failures="0" hostname="johanness-mbp-4" name="readdy.impl.sim.core.CoreTest" tests="1" time="5.533" timestamp="2014-05-21T19:12:54">
  <properties>
    <property name="netbeans.autoupdate.country" value="US" />
    <property name="nb.wait.for.caches" value="true" />
    <property name="javac.test.classpath" value="lib/colt.jar:lib/statlab.jar:build/classes:/Applications/NetBeans/NetBeans 7.2.1.app/Contents/Resources/NetBeans/platform/modules/ext/junit-4.10.jar" />
    <property name="libs.junit.javadoc" value="/Applications/NetBeans/NetBeans 7.2.1.app/Contents/Resources/NetBeans/java/docs/junit-3.8.2-api.zip" />
    <property name="file.reference.colt.jar" value="lib/colt.jar" />
    <property name="ant.core.lib" value="/Applications/NetBeans/NetBeans 7.2.1.app/Contents/Resources/NetBeans/java/ant/lib/ant.jar" />
    <property name="javadoc.windowtitle" value="" />
    <property name="user.dir" value="/Users/johannesschoeneberg/Desktop/PhD/projects/ReaDDy/gitHub/readdy" />
    <property name="com.apple.mrj.application.apple.menu.about.name" value="NetBeans" />
    <property name="libs.hibernate-persistence.javadoc" value="" />
    <property name="java.vm.version" value="24.51-b03" />
    <property name="libs.MyLibrary.src" value="" />
    <property name="libs.MySQLDriver.classpath" value="/Applications/NetBeans/NetBeans 7.2.1.app/Contents/Resources/NetBeans/ide/modules/ext/mysql-connector-java-5.1.18-bin.jar" />
    <property name="libs.eclipselinkmodelgen.src" value="" />
    <property name="javadoc.notree" value="false" />
    <property name="netbeans.autoupdate.version" value="1.23" />
    <property name="libs.EclipseLink-GlassFish-v3.classpath" value="/Applications/NetBeans/glassfish-3.0.1/glassfish/modules/org.eclipse.persistence.antlr.jar:/Applications/NetBeans/glassfish-3.0.1/glassfish/modules/org.eclipse.persistence.asm.jar:/Applications/NetBeans/glassfish-3.0.1/glassfish/modules/org.eclipse.persistence.core.jar:/Applications/NetBeans/glassfish-3.0.1/glassfish/modules/org.eclipse.persistence.jpa.jar:/Applications/NetBeans/glassfish-3.0.1/glassfish/modules/org.eclipse.persistence.jpa.modelgen.jar:/Applications/NetBeans/glassfish-3.0.1/glassfish/modules/org.eclipse.persistence.oracle.jar:/Applications/NetBeans/glassfish-3.0.1/glassfish/modules/javax.persistence.jar" />
    <property name="libs.hibernate-support.maven-pom" value="" />
    <property name="libs.hibernate-support.javadoc" value="" />
    <property name="jdk.home" value="/Library/Java/JavaVirtualMachines/jdk1.7.0_51.jdk/Contents/Home" />
    <property name="libs.javac-api.src" value="" />
    <property name="javadoc.noindex" value="false" />
    <property name="sun.os.patch.level" value="unknown" />
    <property name="do.archive+manifest.available" value="true" />
    <property name="java.vm.specification.name" value="Java Virtual Machine Specification" />
    <property name="nb.show.statistics.ui" value="usageStatisticsEnabled" />
    <property name="netbeans.autoupdate.variant" value="" />
    <property name="have.tests" value="true" />
    <property name="org.xml.sax.driver" value="com.sun.org.apache.xerces.internal.jaxp.SAXParserImpl$JAXPSAXParser" />
    <property name="libs.javac-api.javadoc" value="" />
    <property name="os.name" value="Mac OS X" />
    <property name="libs.beans-binding.classpath" value="/Applications/NetBeans/NetBeans 7.2.1.app/Contents/Resources/NetBeans/java/modules/ext/beansbinding-1.2.1.jar" />
    <property name="libs.JWSAntTasks.maven-pom" value="" />
    <property name="jnlp.signing.keystore" value="" />
    <property name="libs.testng.src" value="" />
    <property name="java.vendor.url.bug" value="http://bugreport.sun.com/bugreport/" />
    <property name="libs.jaxb.maven-pom" value="" />
    <property name="os.arch" value="x86_64" />
    <property name="libs.eclipselink.src" value="" />
    <property name="user.name" value="johannesschoeneberg" />
    <property name="libs.Comet-GlassFish-v3.javadoc" value="" />
    <property name="copylibs.rebase" value="true" />
    <property name="manifest.available+main.class" value="true" />
    <property name="libs.swing-layout.maven-pom" value="" />
    <property name="sun.java.command" value="org.apache.tools.ant.taskdefs.optional.junit.JUnitTestRunner readdy.impl.sim.core.CoreTest filtertrace=true haltOnError=false haltOnFailure=false showoutput=true outputtoformatters=true logfailedtests=true logtestlistenerevents=true formatter=org.apache.tools.ant.taskdefs.optional.junit.BriefJUnitResultFormatter formatter=org.apache.tools.ant.taskdefs.optional.junit.XMLJUnitResultFormatter,/Users/johannesschoeneberg/Desktop/PhD/projects/ReaDDy/gitHub/readdy/build/test/results/TEST-readdy.impl.sim.core.CoreTest.xml crashfile=/Users/johannesschoeneberg/Desktop/PhD/projects/ReaDDy/gitHub/readdy/build/junitvmwatcher1485194153093029928.properties propsfile=/Users/johannesschoeneberg/Desktop/PhD/projects/ReaDDy/gitHub/readdy/build/junit4487377517631989297.properties" />
    <property name="build.classes.dir" value="build/classes" />
    <property name="netbeans.accept_license_class" value="org.netbeans.license.AcceptLicense" />
    <property name="jnlp.descriptor" value="application" />
    <property name="build.sysclasspath" value="ignore" />
    <property name="libs.jaxws21.javadoc" value="/Applications/NetBeans/NetBeans 7.2.1.app/Contents/Resources/NetBeans/java/docs/jaxws-api-doc.zip" />
    <property name="includes" value="**" />
    <property name="user.country" value="US" />
    <property name="manifest.file" value="manifest.mf" />
    <property name="javadoc.encoding" value="UTF-8" />
    <property name="javac.classpath" value="lib/colt.jar:lib/statlab.jar" />
    <property name="debug-transport" value="dt_socket" />
    <property name="netbeans.system_http_non_proxy_hosts" value="" />
    <property name="com.sun.mysql.port" value="3306" />
    <property name="netbeans.home" value="/Applications/NetBeans/NetBeans 7.2.1.app/Contents/Resources/NetBeans/platform" />
    <property name="build.compiler.emacs" value="true" />
    <property name="libs.ejb3-persistence.src" value="" />
    <property name="java.endorsed.dirs" value="/Library/Java/JavaVirtualMachines/jdk1.7.0_51.jdk/Contents/Home/jre/lib/endorsed" />
    <property name="libs.Comet-GlassFish-v3.maven-pom" value="" />
    <property name="netbeans.dynamic.classpath" value="/Applications/NetBeans/NetBeans 7.2.1.app/Contents/Resources/NetBeans/platform/core/core.jar:/Applications/NetBeans/NetBeans 7.2.1.app/Contents/Resources/NetBeans/platform/core/org-openide-filesystems.jar:/Applications/NetBeans/NetBeans 7.2.1.app/Contents/Resources/NetBeans/platform/core/locale/core_ja.jar:/Applications/NetBeans/NetBeans 7.2.1.app/Contents/Resources/NetBeans/platform/core/locale/core_pt_BR.jar:/Applications/NetBeans/NetBeans 7.2.1.app/Contents/Resources/NetBeans/platform/core/locale/core_ru.jar:/Applications/NetBeans/NetBeans 7.2.1.app/Contents/Resources/NetBeans/platform/core/locale/core_zh_CN.jar:/Applications/NetBeans/NetBeans 7.2.1.app/Contents/Resources/NetBeans/platform/core/locale/org-openide-filesystems_ja.jar:/Applications/NetBeans/NetBeans 7.2.1.app/Contents/Resources/NetBeans/platform/core/locale/org-openide-filesystems_pt_BR.jar:/Applications/NetBeans/NetBeans 7.2.1.app/Contents/Resources/NetBeans/platform/core/locale/org-openide-filesystems_ru.jar:/Applications/NetBeans/NetBeans 7.2.1.app/Contents/Resources/NetBeans/platform/core/locale/org-openide-filesystems_zh_CN.jar:/Applications/NetBeans/NetBeans 7.2.1.app/Contents/Resources/NetBeans/nb/core/org-netbeans-upgrader.jar:/Applications/NetBeans/NetBeans 7.2.1.app/Contents/Resources/NetBeans/nb/core/locale/core_nb.jar:/Applications/NetBeans/NetBeans 7.2.1.app/Contents/Resources/NetBeans/nb/core/locale/core_nb_ja.jar:/Applications/NetBeans/NetBeans 7.2.1.app/Contents/Resources/NetBeans/nb/core/locale/core_nb_pt_BR.jar:/Applications/NetBeans/NetBeans 7.2.1.app/Contents/Resources/NetBeans/nb/core/locale/core_nb_ru.jar:/Applications/NetBeans/NetBeans 7.2.1.app/Contents/Resources/NetBeans/nb/core/locale/core_nb_zh_CN.jar:/Applications/NetBeans/NetBeans 7.2.1.app/Contents/Resources/NetBeans/nb/core/locale/org-netbeans-upgrader_ja.jar:/Applications/NetBeans/NetBeans 7.2.1.app/Contents/Resources/NetBeans/nb/core/locale/org-netbeans-upgrader_pt_BR.jar:/Applications/NetBeans/NetBeans 7.2.1.app/Contents/Resources/NetBeans/nb/core/locale/org-netbeans-upgrader_ru.jar:/Applications/NetBeans/NetBeans 7.2.1.app/Contents/Resources/NetBeans/nb/core/locale/org-netbeans-upgrader_zh_CN.jar" />
    <property name="jnlp.enabled" value="false" />
    <property name="java.vm.specification.version" value="1.7" />
    <property name="ftp.nonProxyHosts" value="local|*.local|169.254/16|*.169.254/16" />
    <property name="netbeans.productversion" value="NetBeans IDE 7.2.1 (Build 201210100934)" />
    <property name="libs.hibernate-persistence.classpath" value="/Applications/NetBeans/NetBeans 7.2.1.app/Contents/Resources/NetBeans/java/modules/ext/hibernate/antlr-2.7.6.jar:/Applications/NetBeans/NetBeans 7.2.1.app/Contents/Resources/NetBeans/java/modules/ext/hibernate/asm.jar:/Applications/NetBeans/NetBeans 7.2.1.app/Contents/Resources/NetBeans/java/modules/ext/hibernate/asm-attrs.jar:/Applications/NetBeans/NetBeans 7.2.1.app/Contents/Resources/NetBeans/java/modules/ext/hibernate/cglib-2.1.3.jar:/Applications/NetBeans/NetBeans 7.2.1.app/Contents/Resources/NetBeans/java/modules/ext/hibernate/commons-collections-2.1.1.jar:/Applications/NetBeans/NetBeans 7.2.1.app/Contents/Resources/NetBeans/ide/modules/org-apache-commons-logging.jar:/Applications/NetBeans/NetBeans 7.2.1.app/Contents/Resources/NetBeans/java/modules/ext/hibernate/dom4j-1.6.1.jar:/Applications/NetBeans/NetBeans 7.2.1.app/Contents/Resources/NetBeans/java/modules/ext/hibernate/ehcache-1.2.3.jar:/Applications/NetBeans/NetBeans 7.2.1.app/Contents/Resources/NetBeans/java/modules/ext/hibernate/jdbc2_0-stdext.jar:/Applications/NetBeans/NetBeans 7.2.1.app/Contents/Resources/NetBeans/java/modules/ext/hibernate/jta.jar:/Applications/NetBeans/NetBeans 7.2.1.app/Contents/Resources/NetBeans/java/modules/ext/hibernate/hibernate3.jar:/Applications/NetBeans/NetBeans 7.2.1.app/Contents/Resources/NetBeans/java/modules/ext/hibernate/hibernate-tools.jar:/Applications/NetBeans/NetBeans 7.2.1.app/Contents/Resources/NetBeans/java/modules/ext/hibernate/hibernate-annotations.jar:/Applications/NetBeans/NetBeans 7.2.1.app/Contents/Resources/NetBeans/java/modules/ext/hibernate/hibernate-commons-annotations.jar:/Applications/NetBeans/NetBeans 7.2.1.app/Contents/Resources/NetBeans/java/modules/ext/hibernate/hibernate-entitymanager.jar:/Applications/NetBeans/NetBeans 7.2.1.app/Contents/Resources/NetBeans/java/modules/ext/hibernate/javassist.jar:/Applications/NetBeans/NetBeans 7.2.1.app/Contents/Resources/NetBeans/java/modules/ext/hibernate/ejb3-persistence.jar" />
    <property name="libs.jaxws21.src" value="" />
    <property name="application.title" value="ReaDDy" />
    <property name="do.archive" value="true" />
    <property name="netbeans.autoupdate.language" value="en" />
    <property name="java.vendor" value="Oracle Corporation" />
    <property name="sun.font.fontmanager" value="sun.font.CFontManager" />
    <property name="jar.index.metainf" value="false" />
    <property name="javac.debug" value="true" />
    <property name="javadoc.splitindex" value="true" />
    <property name="file.separator" value="/" />
    <property name="libs.junit_4.maven-pom" value="" />
    <property name="mkdist.disabled" value="false" />
    <property name="javac.test.processorpath" value="lib/colt.jar:lib/statlab.jar:build/classes:/Applications/NetBeans/NetBeans 7.2.1.app/Contents/Resources/NetBeans/platform/modules/ext/junit-4.10.jar" />
    <property name="netbeans.buildnumber" value="201210100934" />
    <property name="libs.JWSAntTasks.javadoc" value="" />
    <property name="build.generated.sources.dir" value="build/generated-sources" />
    <property name="libs.eclipselinkmodelgen.classpath" value="/Applications/NetBeans/NetBeans 7.2.1.app/Contents/Resources/NetBeans/java/modules/ext/eclipselink/org.eclipse.persistence.jpa.modelgen.processor-2.3.2.jar" />
    <property name="sun.java.launcher" value="SUN_STANDARD" />
    <property name="libs.junit.classpath" value="/Applications/NetBeans/NetBeans 7.2.1.app/Contents/Resources/NetBeans/java/modules/ext/junit-3.8.2.jar" />
    <property name="libs.jaxb.javadoc" value="/Applications/NetBeans/NetBeans 7.2.1.app/Contents/Resources/NetBeans/ide/docs/jaxb-api-doc.zip" />
    <property name="ant.home" value="/Applications/NetBeans/NetBeans 7.2.1.app/Contents/Resources/NetBeans/java/ant" />
    <property name="libs.junit_4.src" value="/Applications/NetBeans/NetBeans 7.2.1.app/Contents/Resources/NetBeans/java/docs/junit-4.10-sources.jar" />
    <property name="libs.testng.classpath" value="/Applications/NetBeans/NetBeans 7.2.1.app/Contents/Resources/NetBeans/platform/modules/ext/testng-6.5.1-dist.jar" />
    <property name="libs.absolutelayout.maven-pom" value="" />
    <property name="ant.java.version" value="1.7" />
    <property name="java.library.path" value="/Users/johannesschoeneberg/Library/Java/Extensions:/Library/Java/Extensions:/Network/Library/Java/Extensions:/System/Library/Java/Extensions:/usr/lib/java:." />
    <property name="javadoc.author" value="false" />
    <property name="manifest.available+main.class-mkdist.available" value="true" />
    <property name="libs.EclipseLink-GlassFish-v3.src" value="" />
    <property name="java.util.logging.config.class" value="org.netbeans.core.startup.TopLogging" />
    <property name="libs.PostgreSQLDriver.src" value="" />
    <property name="sun.arch.data.model" value="64" />
    <property name="basedir" value="/Users/johannesschoeneberg/Desktop/PhD/projects/ReaDDy/gitHub/readdy" />
    <property name="libs.jpa20-persistence.maven-pom" value="" />
    <property name="jar.compress" value="false" />
    <property name="path.separator" value=":" />
    <property name="ant.junit.enabletestlistenerevents" value="true" />
    <property name="sun.io.unicode.encoding" value="UnicodeBig" />
    <property name="libs.jaxws21.classpath" value="/Applications/NetBeans/NetBeans 7.2.1.app/Contents/Resources/NetBeans/ide/modules/ext/jaxb/jaxb-impl.jar:/Applications/NetBeans/NetBeans 7.2.1.app/Contents/Resources/NetBeans/ide/modules/ext/jaxb/jaxb-xjc.jar:/Applications/NetBeans/NetBeans 7.2.1.app/Contents/Resources/NetBeans/java/modules/ext/jaxws22/FastInfoset.jar:/Applications/NetBeans/NetBeans 7.2.1.app/Contents/Resources/NetBeans/java/modules/ext/jaxws22/gmbal-api-only.jar:/Applications/NetBeans/NetBeans 7.2.1.app/Contents/Resources/NetBeans/java/modules/ext/jaxws22/ha-api.jar:/Applications/NetBeans/NetBeans 7.2.1.app/Contents/Resources/NetBeans/java/modules/ext/jaxws22/javax.mail_1.4.jar:/Applications/NetBeans/NetBeans 7.2.1.app/Contents/Resources/NetBeans/java/modules/ext/jaxws22/jaxws-rt.jar:/Applications/NetBeans/NetBeans 7.2.1.app/Contents/Resources/NetBeans/java/modules/ext/jaxws22/jaxws-tools.jar:/Applications/NetBeans/NetBeans 7.2.1.app/Contents/Resources/NetBeans/java/modules/ext/jaxws22/management-api.jar:/Applications/NetBeans/NetBeans 7.2.1.app/Contents/Resources/NetBeans/java/modules/ext/jaxws22/mimepull.jar:/Applications/NetBeans/NetBeans 7.2.1.app/Contents/Resources/NetBeans/java/modules/ext/jaxws22/policy.jar:/Applications/NetBeans/NetBeans 7.2.1.app/Contents/Resources/NetBeans/java/modules/ext/jaxws22/saaj-impl.jar:/Applications/NetBeans/NetBeans 7.2.1.app/Contents/Resources/NetBeans/java/modules/ext/jaxws22/stax-ex.jar:/Applications/NetBeans/NetBeans 7.2.1.app/Contents/Resources/NetBeans/java/modules/ext/jaxws22/stax2-api.jar:/Applications/NetBeans/NetBeans 7.2.1.app/Contents/Resources/NetBeans/java/modules/ext/jaxws22/streambuffer.jar:/Applications/NetBeans/NetBeans 7.2.1.app/Contents/Resources/NetBeans/java/modules/ext/jaxws22/woodstox-core-asl.jar:/Applications/NetBeans/NetBeans 7.2.1.app/Contents/Resources/NetBeans/java/modules/ext/jaxws22/api/jaxws-api.jar:/Applications/NetBeans/NetBeans 7.2.1.app/Contents/Resources/NetBeans/java/modules/ext/jaxws22/api/jsr181-api.jar:/Applications/NetBeans/NetBeans 7.2.1.app/Contents/Resources/NetBeans/java/modules/ext/jaxws22/api/javax.annotation.jar:/Applications/NetBeans/NetBeans 7.2.1.app/Contents/Resources/NetBeans/java/modules/ext/jaxws22/api/saaj-api.jar:/Applications/NetBeans/NetBeans 7.2.1.app/Contents/Resources/NetBeans/ide/modules/ext/jaxb/activation.jar:/Applications/NetBeans/NetBeans 7.2.1.app/Contents/Resources/NetBeans/ide/modules/ext/jaxb/api/jaxb-api.jar:/Applications/NetBeans/NetBeans 7.2.1.app/Contents/Resources/NetBeans/ide/modules/ext/jaxb/api/jsr173_1.0_api.jar" />
    <property name="compile.on.save" value="true" />
    <property name="ant.file.ReaDDy" value="/Users/johannesschoeneberg/Desktop/PhD/projects/ReaDDy/gitHub/readdy/build.xml" />
    <property name="apple.awt.graphics.UseQuartz" value="true" />
    <property name="user.language" value="en" />
    <property name="testng.mode" value="testng" />
    <property name="libs.JAXB-ENDORSED.maven-pom" value="" />
    <property name="libs.spring-framework.classpath" value="/Applications/NetBeans/NetBeans 7.2.1.app/Contents/Resources/NetBeans/ide/modules/org-apache-commons-logging.jar:/Applications/NetBeans/NetBeans 7.2.1.app/Contents/Resources/NetBeans/java/modules/ext/cglib-2.2.jar:/Applications/NetBeans/NetBeans 7.2.1.app/Contents/Resources/NetBeans/java/modules/ext/spring/spring-2.5.6.SEC03.jar" />
    <property name="libs.eclipselink.maven-pom" value="" />
    <property name="application.vendor" value="Jojo" />
    <property name="manifest.available" value="true" />
    <property name="libs.spring-framework300.maven-pom" value="" />
    <property name="run.test.classpath" value="lib/colt.jar:lib/statlab.jar:build/classes:/Applications/NetBeans/NetBeans 7.2.1.app/Contents/Resources/NetBeans/platform/modules/ext/junit-4.10.jar:build/test/classes" />
    <property name="ant.project.invoked-targets" value="test" />
    <property name="libs.swing-layout.javadoc" value="/Applications/NetBeans/NetBeans 7.2.1.app/Contents/Resources/NetBeans/platform/docs/swing-layout-1.0.4-doc.zip" />
    <property name="libs.ejb3-persistence.maven-pom" value="" />
    <property name="gopherProxySet" value="false" />
    <property name="libs.PostgreSQLDriver.maven-pom" value="" />
    <property name="java.class.version" value="51.0" />
    <property name="netbeans.system_http_proxy" value="DIRECT" />
    <property name="libs.eclipselink.javadoc" value="" />
    <property name="user.properties.file" value="/Users/johannesschoeneberg/Library/Application Support/NetBeans/7.2.1/build.properties" />
    <property name="runtime.encoding" value="UTF-8" />
    <property name="libs.spring-framework.src" value="" />
    <property name="libs.javac-api.maven-pom" value="" />
    <property name="file.encoding.pkg" value="sun.io" />
    <property name="sun.cpu.endian" value="little" />
    <property name="libs.JAXB-ENDORSED.javadoc" value="" />
    <property name="libs.JWSAntTasks.classpath" value="/Applications/NetBeans/NetBeans 7.2.1.app/Contents/Resources/NetBeans/java/ant/extra/org-netbeans-modules-javawebstart-anttasks.jar" />
    <property name="libs.spring-framework300.src" value="" />
    <property name="empty.dir" value="/Users/johannesschoeneberg/Desktop/PhD/projects/ReaDDy/gitHub/readdy/build/empty" />
    <property name="version-output" value="java version &quot;1.7" />
    <property name="javadoc.preview" value="true" />
    <property name="socksNonProxyHosts" value="local|*.local|169.254/16|*.169.254/16" />
    <property name="libs.jpa20-persistence.javadoc" value="" />
    <property name="java.home" value="/Library/Java/JavaVirtualMachines/jdk1.7.0_51.jdk/Contents/Home/jre" />
    <property name="debug.test.classpath" value="lib/colt.jar:lib/statlab.jar:build/classes:/Applications/NetBeans/NetBeans 7.2.1.app/Contents/Resources/NetBeans/platform/modules/ext/junit-4.10.jar:build/test/classes" />
    <property name="netbeans.importclass" value="org.netbeans.upgrade.AutoUpgrade" />
    <property name="ant.project.default-target" value="default" />
    <property name="annotation.processing.run.all.processors" value="true" />
    <property name="libs.MyLibrary.classpath" value="/Users/Jojo/NetBeansProjects/IoTools/dist/IoTools.jar" />
    <property name="jar.archive.disabled" value="false" />
    <property name="jnlp.signing.alias" value="" />
    <property name="libs.PostgreSQLDriver.javadoc" value="" />
    <property name="com.sun.mysql.stopcommand" value="/usr/local/mysql/support-files/mysql-admin.server" />
    <property name="libs.MySQLDriver.maven-pom" value="" />
    <property name="ant.file.type.ReaDDy-impl" value="file" />
    <property name="http.nonProxyHosts" value="local|*.local|169.254/16|*.169.254/16" />
    <property name="libs.junit_4.javadoc" value="/Applications/NetBeans/NetBeans 7.2.1.app/Contents/Resources/NetBeans/java/docs/junit-4.10-javadoc.jar" />
    <property name="libs.EclipseLink-GlassFish-v3.maven-pom" value="" />
    <property name="run.classpath" value="lib/colt.jar:lib/statlab.jar:build/classes" />
    <property name="libs.hibernate-support.src" value="" />
    <property name="jna.boot.library.name" value="jnidispatch-340" />
    <property name="sun.awt.datatransfer.timeout" value="1000" />
    <property name="annotation.processing.enabled.in.editor" value="false" />
    <property name="sun.management.compiler" value="HotSpot 64-Bit Tiered Compilers" />
    <property name="javac.deprecation" value="false" />
    <property name="javadoc.use" value="true" />
    <property name="sun.java2d.noddraw" value="true" />
    <property name="javac.processorpath" value="lib/colt.jar:lib/statlab.jar" />
    <property name="javac.compilerargs" value="" />
    <property name="svnkit.http.methods" value="Basic" />
    <property name="ant.file" value="/Users/johannesschoeneberg/Desktop/PhD/projects/ReaDDy/gitHub/readdy/build.xml" />
    <property name="libs.beans-binding.maven-pom" value="" />
    <property name="jnlp.codebase.type" value="no.codebase" />
    <property name="libs.beans-binding.src" value="" />
    <property name="java.vm.specification.vendor" value="Oracle Corporation" />
    <property name="libs.swing-layout.src" value="/Applications/NetBeans/NetBeans 7.2.1.app/Contents/Resources/NetBeans/platform/docs/swing-layout-1.0.4-src.zip" />
    <property name="org.openide.major.version" value="IDE/1" />
    <property name="java.vm.name" value="Java HotSpot(TM) 64-Bit Server VM" />
    <property name="netbeans.user" value="/Users/johannesschoeneberg/Library/Application Support/NetBeans/7.2.1" />
    <property name="javadoc.additionalparam" value="" />
    <property name="jnlp.offline-allowed" value="false" />
    <property name="java.io.tmpdir" value="/var/folders/3g/_bpdg45s3zv2x4ktzdvpvsnw0000gn/T/" />
    <property name="java.vendor.url" value="http://java.oracle.com/" />
    <property name="endorsed.classpath.cmd.line.arg" value="" />
    <property name="junit.available" value="true" />
    <property name="org.openide.awt.ActionReference.completion" value="org.netbeans.modules.apisupport.project.layers.PathCompletions" />
    <property name="sun.boot.library.path" value="/Library/Java/JavaVirtualMachines/jdk1.7.0_51.jdk/Contents/Home/jre/lib" />
    <property name="have.sources" value="true" />
    <property name="debug.classpath" value="lib/colt.jar:lib/statlab.jar:build/classes" />
    <property name="javadoc.private" value="false" />
    <property name="test.src.dir" value="test" />
    <property name="libs.MyLibrary.javadoc" value="" />
    <property name="meta.inf.dir" value="src/META-INF" />
    <property name="javadoc.encoding.used" value="UTF-8" />
    <property name="dist.jar" value="dist/ReaDDy.jar" />
    <property name="netbeans.automatic.build" value="true" />
    <property name="java.runtime.name" value="Java(TM) SE Runtime Environment" />
    <property name="ant.project.name" value="ReaDDy" />
    <property name="netbeans.hash.code" value="unique=NB_JAVA056e4f842-5fe4-4f9b-9400-70920d741659_f13b8425-b6a4-4f8b-97bd-90bd6ef862dd" />
    <property name="netbeans.default_userdir_root" value="/Users/johannesschoeneberg/Library/Application Support/NetBeans" />
    <property name="manifest.available-mkdist.available" value="true" />
    <property name="sun.cpu.isalist" value="" />
    <property name="libs.CopyLibs.javadoc" value="" />
    <property name="org.openide.specification.version" value="6.2" />
    <property name="libs.hibernate-support.classpath" value="/Applications/NetBeans/NetBeans 7.2.1.app/Contents/Resources/NetBeans/java/modules/ext/hibernate/antlr-2.7.6.jar:/Applications/NetBeans/NetBeans 7.2.1.app/Contents/Resources/NetBeans/java/modules/ext/hibernate/asm.jar:/Applications/NetBeans/NetBeans 7.2.1.app/Contents/Resources/NetBeans/java/modules/ext/hibernate/asm-attrs.jar:/Applications/NetBeans/NetBeans 7.2.1.app/Contents/Resources/NetBeans/java/modules/ext/hibernate/cglib-2.1.3.jar:/Applications/NetBeans/NetBeans 7.2.1.app/Contents/Resources/NetBeans/java/modules/ext/hibernate/commons-collections-2.1.1.jar:/Applications/NetBeans/NetBeans 7.2.1.app/Contents/Resources/NetBeans/ide/modules/org-apache-commons-logging.jar:/Applications/NetBeans/NetBeans 7.2.1.app/Contents/Resources/NetBeans/java/modules/ext/hibernate/dom4j-1.6.1.jar:/Applications/NetBeans/NetBeans 7.2.1.app/Contents/Resources/NetBeans/java/modules/ext/hibernate/ehcache-1.2.3.jar:/Applications/NetBeans/NetBeans 7.2.1.app/Contents/Resources/NetBeans/java/modules/ext/hibernate/jdbc2_0-stdext.jar:/Applications/NetBeans/NetBeans 7.2.1.app/Contents/Resources/NetBeans/java/modules/ext/hibernate/jta.jar:/Applications/NetBeans/NetBeans 7.2.1.app/Contents/Resources/NetBeans/java/modules/ext/hibernate/hibernate3.jar:/Applications/NetBeans/NetBeans 7.2.1.app/Contents/Resources/NetBeans/java/modules/ext/hibernate/hibernate-tools.jar:/Applications/NetBeans/NetBeans 7.2.1.app/Contents/Resources/NetBeans/java/modules/ext/hibernate/hibernate-annotations.jar:/Applications/NetBeans/NetBeans 7.2.1.app/Contents/Resources/NetBeans/java/modules/ext/hibernate/hibernate-commons-annotations.jar:/Applications/NetBeans/NetBeans 7.2.1.app/Contents/Resources/NetBeans/java/modules/ext/hibernate/hibernate-entitymanager.jar:/Applications/NetBeans/NetBeans 7.2.1.app/Contents/Resources/NetBeans/java/modules/ext/hibernate/javassist.jar" />
    <property name="user.home" value="/Users/johannesschoeneberg" />
    <property name="annotation.processing.processors.list" value="" />
    <property name="debug-args-line" value="-Xdebug" />
    <property name="libs.JWSAntTasks.src" value="" />
    <property name="jar.index" value="false" />
    <property name="libs.CopyLibs.maven-pom" value="" />
    <property name="libs.spring-framework300.javadoc" value="" />
    <property name="libs.hibernate-persistence.maven-pom" value="" />
    <property name="libs.absolutelayout.javadoc" value="" />
    <property name="java.specification.name" value="Java Platform API Specification" />
    <property name="do.archive+main.class.available" value="true" />
    <property name="jnlp.mixed.code" value="default" />
    <property name="java.specification.vendor" value="Oracle Corporation" />
    <property name="libs.javac-api.classpath" value="/Applications/NetBeans/NetBeans 7.2.1.app/Contents/Resources/NetBeans/java/modules/ext/nb-javac-api.jar" />
    <property name="java.version" value="1.7.0_51" />
    <property name="run.jvmargs.ide" value="" />
    <property name="javadoc.version" value="false" />
    <property name="libs.MySQLDriver.javadoc" value="" />
    <property name="org.openide.version" value="deprecated" />
    <property name="ant.file.ReaDDy-impl" value="/Users/johannesschoeneberg/Desktop/PhD/projects/ReaDDy/gitHub/readdy/nbproject/build-impl.xml" />
    <property name="source.encoding" value="UTF-8" />
    <property name="ap.cmd.line.internal" value="" />
    <property name="libs.eclipselinkmodelgen.maven-pom" value="" />
    <property name="libs.junit.maven-pom" value="" />
    <property name="libs.eclipselinkmodelgen.javadoc" value="" />
    <property name="netbeans.home+have.tests" value="true" />
    <property name="annotation.processing.processor.options" value="" />
    <property name="libs.testng.maven-pom" value="" />
    <property name="libs.jaxb.src" value="" />
    <property name="work.dir" value="/Users/johannesschoeneberg/Desktop/PhD/projects/ReaDDy/gitHub/readdy" />
    <property name="libs.jaxb.classpath" value="/Applications/NetBeans/NetBeans 7.2.1.app/Contents/Resources/NetBeans/ide/modules/ext/jaxb/jaxb-impl.jar:/Applications/NetBeans/NetBeans 7.2.1.app/Contents/Resources/NetBeans/ide/modules/ext/jaxb/jaxb-xjc.jar:/Applications/NetBeans/NetBeans 7.2.1.app/Contents/Resources/NetBeans/ide/modules/ext/jaxb/jaxb1-impl.jar:/Applications/NetBeans/NetBeans 7.2.1.app/Contents/Resources/NetBeans/ide/modules/ext/jaxb/activation.jar:/Applications/NetBeans/NetBeans 7.2.1.app/Contents/Resources/NetBeans/ide/modules/ext/jaxb/api/jaxb-api.jar:/Applications/NetBeans/NetBeans 7.2.1.app/Contents/Resources/NetBeans/ide/modules/ext/jaxb/api/jsr173_1.0_api.jar" />
    <property name="do.depend" value="false" />
    <property name="com.sun.mysql.startargs" value="start" />
    <property name="dist.javadoc.dir" value="dist/javadoc" />
    <property name="libs.swing-layout.classpath" value="/Applications/NetBeans/NetBeans 7.2.1.app/Contents/Resources/NetBeans/platform/modules/ext/swing-layout-1.0.4.jar" />
    <property name="build.generated.dir" value="build/generated" />
    <property name="javac.source" value="1.5" />
    <property name="libs.hibernate-persistence.src" value="" />
    <property name="line.separator" value="&#xa;" />
    <property name="java.specification.version" value="1.7" />
    <property name="libs.jaxws21.maven-pom" value="" />
    <property name="java.vm.info" value="mixed mode" />
    <property name="nb.junit.batch" value="true" />
    <property name="junit.forkmode" value="perTest" />
    <property name="libs.spring-framework.maven-pom" value="" />
    <property name="sun.boot.class.path" value="/Library/Java/JavaVirtualMachines/jdk1.7.0_51.jdk/Contents/Home/jre/lib/resources.jar:/Library/Java/JavaVirtualMachines/jdk1.7.0_51.jdk/Contents/Home/jre/lib/rt.jar:/Library/Java/JavaVirtualMachines/jdk1.7.0_51.jdk/Contents/Home/jre/lib/sunrsasign.jar:/Library/Java/JavaVirtualMachines/jdk1.7.0_51.jdk/Contents/Home/jre/lib/jsse.jar:/Library/Java/JavaVirtualMachines/jdk1.7.0_51.jdk/Contents/Home/jre/lib/jce.jar:/Library/Java/JavaVirtualMachines/jdk1.7.0_51.jdk/Contents/Home/jre/lib/charsets.jar:/Library/Java/JavaVirtualMachines/jdk1.7.0_51.jdk/Contents/Home/jre/lib/jfr.jar:/Library/Java/JavaVirtualMachines/jdk1.7.0_51.jdk/Contents/Home/jre/classes" />
    <property name="javac.target" value="1.5" />
    <property name="built-jar.properties" value="/Users/johannesschoeneberg/Desktop/PhD/projects/ReaDDy/gitHub/readdy/build/built-jar.properties" />
    <property name="build.test.classes.dir" value="build/test/classes" />
    <property name="src.dir" value="src" />
    <property name="annotation.processing.enabled" value="true" />
    <property name="com.sun.mysql.startcommand" value="/usr/local/mysql/support-files/mysql-admin.server" />
    <property name="libs.jpa20-persistence.src" value="" />
    <property name="file.reference.statlab.jar" value="lib/statlab.jar" />
    <property name="ignore.failing.tests" value="true" />
    <property name="libs.Comet-GlassFish-v3.classpath" value="/Applications/NetBeans/glassfish-3.0.1/glassfish/modules/grizzly-comet.jar" />
    <property name="dist.dir" value="dist" />
    <property name="do.archive+manifest.available+main.class" value="true" />
    <property name="testng.debug.mode" value="" />
    <property name="javac.fork" value="false" />
    <property name="java.awt.printerjob" value="sun.lwawt.macosx.CPrinterJob" />
    <property name="default.javac.source" value="1.7" />
    <property name="com.sun.mysql.stopargs" value="stop" />
    <property name="debug-transport-by-os" value="dt_socket" />
    <property name="libs.MySQLDriver.src" value="" />
    <property name="sun.jnu.encoding" value="UTF-8" />
    <property name="java.runtime.version" value="1.7.0_51-b13" />
    <property name="build.test.results.dir" value="build/test/results" />
    <property name="libs.ejb3-persistence.javadoc" value="" />
    <property name="manifest.available+main.class+mkdist.available" value="true" />
    <property name="jna.platform.library.path" value="/usr/lib:/usr/lib" />
    <property name="default.javac.target" value="1.7" />
    <property name="libs.junit_4.classpath" value="/Applications/NetBeans/NetBeans 7.2.1.app/Contents/Resources/NetBeans/platform/modules/ext/junit-4.10.jar" />
    <property name="user.timezone" value="" />
    <property name="nb.junit.single" value="false" />
    <property name="do.jar" value="true" />
    <property name="netbeans.dirs" value="/Applications/NetBeans/NetBeans 7.2.1.app/Contents/Resources/NetBeans/nb:/Applications/NetBeans/NetBeans 7.2.1.app/Contents/Resources/NetBeans/ergonomics:/Applications/NetBeans/NetBeans 7.2.1.app/Contents/Resources/NetBeans/ide:/Applications/NetBeans/NetBeans 7.2.1.app/Contents/Resources/NetBeans/java:/Applications/NetBeans/NetBeans 7.2.1.app/Contents/Resources/NetBeans/apisupport:/Applications/NetBeans/NetBeans 7.2.1.app/Contents/Resources/NetBeans/webcommon:/Applications/NetBeans/NetBeans 7.2.1.app/Contents/Resources/NetBeans/websvccommon:/Applications/NetBeans/NetBeans 7.2.1.app/Contents/Resources/NetBeans/enterprise:/Applications/NetBeans/NetBeans 7.2.1.app/Contents/Resources/NetBeans/mobility:/Applications/NetBeans/NetBeans 7.2.1.app/Contents/Resources/NetBeans/profiler:/Applications/NetBeans/NetBeans 7.2.1.app/Contents/Resources/NetBeans/python:/Applications/NetBeans/NetBeans 7.2.1.app/Contents/Resources/NetBeans/php:/Applications/NetBeans/NetBeans 7.2.1.app/Contents/Resources/NetBeans/identity:/Applications/NetBeans/NetBeans 7.2.1.app/Contents/Resources/NetBeans/harness:/Applications/NetBeans/NetBeans 7.2.1.app/Contents/Resources/NetBeans/cnd:/Applications/NetBeans/NetBeans 7.2.1.app/Contents/Resources/NetBeans/dlight:/Applications/NetBeans/NetBeans 7.2.1.app/Contents/Resources/NetBeans/groovy:/Applications/NetBeans/NetBeans 7.2.1.app/Contents/Resources/NetBeans/extra:/Applications/NetBeans/NetBeans 7.2.1.app/Contents/Resources/NetBeans/javacard:/Applications/NetBeans/NetBeans 7.2.1.app/Contents/Resources/NetBeans/javafx:" />
    <property name="java.ext.dirs" value="/Users/johannesschoeneberg/Library/Java/Extensions:/Library/Java/JavaVirtualMachines/jdk1.7.0_51.jdk/Contents/Home/jre/lib/ext:/Library/Java/Extensions:/Network/Library/Java/Extensions:/System/Library/Java/Extensions:/usr/lib/java" />
    <property name="libs.MyLibrary.maven-pom" value="" />
    <property name="endorsed.classpath" value="" />
    <property name="libs.absolutelayout.classpath" value="/Applications/NetBeans/NetBeans 7.2.1.app/Contents/Resources/NetBeans/java/modules/ext/AbsoluteLayout.jar" />
    <property name="excludes" value="" />
    <property name="java.class.path" value="/Users/johannesschoeneberg/Desktop/PhD/projects/ReaDDy/gitHub/readdy/lib/colt.jar:/Users/johannesschoeneberg/Desktop/PhD/projects/ReaDDy/gitHub/readdy/lib/statlab.jar:/Users/johannesschoeneberg/Desktop/PhD/projects/ReaDDy/gitHub/readdy/build/classes:/Applications/NetBeans/NetBeans 7.2.1.app/Contents/Resources/NetBeans/platform/modules/ext/junit-4.10.jar:/Users/johannesschoeneberg/Desktop/PhD/projects/ReaDDy/gitHub/readdy/build/test/classes:/Applications/NetBeans/NetBeans 7.2.1.app/Contents/Resources/NetBeans/java/ant/lib/ant-launcher.jar:/Applications/NetBeans/NetBeans 7.2.1.app/Contents/Resources/NetBeans/java/ant/lib/ant.jar:/Applications/NetBeans/NetBeans 7.2.1.app/Contents/Resources/NetBeans/java/ant/lib/ant-junit.jar:/Applications/NetBeans/NetBeans 7.2.1.app/Contents/Resources/NetBeans/java/ant/lib/ant-junit4.jar" />
    <property name="apple.laf.useScreenMenuBar" value="true" />
    <property name="do.mkdist" value="true" />
    <property name="libs.absolutelayout.src" value="" />
    <property name="libs.jpa20-persistence.classpath" value="/Applications/NetBeans/NetBeans 7.2.1.app/Contents/Resources/NetBeans/java/modules/ext/eclipselink/javax.persistence-2.0.3.jar" />
    <property name="os.version" value="10.9.2" />
    <property name="application.args" value="" />
    <property name="libs.EclipseLink-GlassFish-v3.javadoc" value="/Applications/NetBeans/NetBeans 6.9.app/Contents/Resources/NetBeans/enterprise/docs/javaee6-doc-api.zip" />
    <property name="main.class.available" value="true" />
    <property name="sun.awt.enableExtraMouseButtons" value="true" />
    <property name="libs.Comet-GlassFish-v3.src" value="" />
    <property name="libs.JAXB-ENDORSED.classpath" value="/Applications/NetBeans/NetBeans 7.2.1.app/Contents/Resources/NetBeans/ide/modules/ext/jaxb/api/jaxb-api.jar" />
    <property name="libs.eclipselink.classpath" value="/Applications/NetBeans/NetBeans 7.2.1.app/Contents/Resources/NetBeans/java/modules/ext/eclipselink/eclipselink-2.3.2.jar:/Applications/NetBeans/NetBeans 7.2.1.app/Contents/Resources/NetBeans/java/modules/ext/eclipselink/javax.persistence-2.0.3.jar:/Applications/NetBeans/NetBeans 7.2.1.app/Contents/Resources/NetBeans/java/modules/ext/eclipselink/org.eclipse.persistence.jpa.jpql_1.0.1.jar" />
    <property name="libs.beans-binding.javadoc" value="/Applications/NetBeans/NetBeans 7.2.1.app/Contents/Resources/NetBeans/java/docs/beansbinding-1.2.1-doc.zip" />
    <property name="java.awt.graphicsenv" value="sun.awt.CGraphicsEnvironment" />
    <property name="java.vm.vendor" value="Oracle Corporation" />
    <property name="libs.CopyLibs.classpath" value="/Applications/NetBeans/NetBeans 7.2.1.app/Contents/Resources/NetBeans/java/ant/extra/org-netbeans-modules-java-j2seproject-copylibstask.jar" />
    <property name="libs.spring-framework300.classpath" value="/Applications/NetBeans/NetBeans 7.2.1.app/Contents/Resources/NetBeans/ide/modules/org-apache-commons-logging.jar:/Applications/NetBeans/NetBeans 7.2.1.app/Contents/Resources/NetBeans/java/modules/ext/cglib-2.2.jar:/Applications/NetBeans/NetBeans 7.2.1.app/Contents/Resources/NetBeans/java/modules/ext/spring-3.0/spring-aop-3.1.1.RELEASE.jar:/Applications/NetBeans/NetBeans 7.2.1.app/Contents/Resources/NetBeans/java/modules/ext/spring-3.0/spring-asm-3.1.1.RELEASE.jar:/Applications/NetBeans/NetBeans 7.2.1.app/Contents/Resources/NetBeans/java/modules/ext/spring-3.0/spring-aspects-3.1.1.RELEASE.jar:/Applications/NetBeans/NetBeans 7.2.1.app/Contents/Resources/NetBeans/java/modules/ext/spring-3.0/spring-beans-3.1.1.RELEASE.jar:/Applications/NetBeans/NetBeans 7.2.1.app/Contents/Resources/NetBeans/java/modules/ext/spring-3.0/spring-context-3.1.1.RELEASE.jar:/Applications/NetBeans/NetBeans 7.2.1.app/Contents/Resources/NetBeans/java/modules/ext/spring-3.0/spring-context-support-3.1.1.RELEASE.jar:/Applications/NetBeans/NetBeans 7.2.1.app/Contents/Resources/NetBeans/java/modules/ext/spring-3.0/spring-core-3.1.1.RELEASE.jar:/Applications/NetBeans/NetBeans 7.2.1.app/Contents/Resources/NetBeans/java/modules/ext/spring-3.0/spring-expression-3.1.1.RELEASE.jar:/Applications/NetBeans/NetBeans 7.2.1.app/Contents/Resources/NetBeans/java/modules/ext/spring-3.0/spring-instrument-3.1.1.RELEASE.jar:/Applications/NetBeans/NetBeans 7.2.1.app/Contents/Resources/NetBeans/java/modules/ext/spring-3.0/spring-instrument-tomcat-3.1.1.RELEASE.jar:/Applications/NetBeans/NetBeans 7.2.1.app/Contents/Resources/NetBeans/java/modules/ext/spring-3.0/spring-jdbc-3.1.1.RELEASE.jar:/Applications/NetBeans/NetBeans 7.2.1.app/Contents/Resources/NetBeans/java/modules/ext/spring-3.0/spring-jms-3.1.1.RELEASE.jar:/Applications/NetBeans/NetBeans 7.2.1.app/Contents/Resources/NetBeans/java/modules/ext/spring-3.0/spring-orm-3.1.1.RELEASE.jar:/Applications/NetBeans/NetBeans 7.2.1.app/Contents/Resources/NetBeans/java/modules/ext/spring-3.0/spring-oxm-3.1.1.RELEASE.jar:/Applications/NetBeans/NetBeans 7.2.1.app/Contents/Resources/NetBeans/java/modules/ext/spring-3.0/spring-test-3.1.1.RELEASE.jar:/Applications/NetBeans/NetBeans 7.2.1.app/Contents/Resources/NetBeans/java/modules/ext/spring-3.0/spring-tx-3.1.1.RELEASE.jar:/Applications/NetBeans/NetBeans 7.2.1.app/Contents/Resources/NetBeans/java/modules/ext/spring-3.0/spring-web-3.1.1.RELEASE.jar:/Applications/NetBeans/NetBeans 7.2.1.app/Contents/Resources/NetBeans/java/modules/ext/spring-3.0/spring-webmvc-portlet-3.1.1.RELEASE.jar:/Applications/NetBeans/NetBeans 7.2.1.app/Contents/Resources/NetBeans/java/modules/ext/spring-3.0/spring-webmvc-3.1.1.RELEASE.jar:/Applications/NetBeans/NetBeans 7.2.1.app/Contents/Resources/NetBeans/java/modules/ext/spring-3.0/spring-struts-3.1.1.RELEASE.jar" />
    <property name="run.jvmargs" value="" />
    <property name="libs.ejb3-persistence.classpath" value="/Applications/NetBeans/NetBeans 7.2.1.app/Contents/Resources/NetBeans/java/modules/ext/hibernate/ejb3-persistence.jar" />
    <property name="libs.JAXB-ENDORSED.src" value="" />
    <property name="libs.spring-framework.javadoc" value="" />
    <property name="libs.testng.javadoc" value="/Applications/NetBeans/NetBeans 7.2.1.app/Contents/Resources/NetBeans/platform/docs/testng-6.5.1-javadoc.zip" />
    <property name="libs.PostgreSQLDriver.classpath" value="/Applications/NetBeans/NetBeans 7.2.1.app/Contents/Resources/NetBeans/ide/modules/ext/postgresql-9.1-901.jdbc4.jar" />
    <property name="ant.file.type.ReaDDy" value="file" />
    <property name="jnlp.signing" value="" />
    <property name="libs.junit.src" value="" />
    <property name="annotation.processing.source.output" value="build/generated-sources/ap-source-output" />
    <property name="jnlp.signed" value="false" />
    <property name="main.class" value="readdy.Main" />
    <property name="libs.CopyLibs.src" value="" />
    <property name="build.dir" value="build" />
    <property name="ant.version" value="Apache Ant(TM) version 1.8.3 compiled on February 26 2012" />
    <property name="file.encoding" value="US-ASCII" />
    <property name="build.classes.excludes" value="**/*.java,**/*.form" />
    <property name="jdkBug6558476" value="false" />
    <property name="javadoc.nonavbar" value="false" />
    <property name="platform.active" value="default_platform" />
    <property name="awt.toolkit" value="sun.lwawt.macosx.LWCToolkit" />
  </properties>
  <testcase classname="readdy.impl.sim.core.CoreTest" name="testStep" time="5.307" />
  <system-out><![CDATA[CoreTEST...:

parse param_global...
parsing param_global file: /Users/johannesschoeneberg/Desktop/PhD/projects/ReaDDy/gitHub/readdy/./test/testInputFiles/test_core/coreTest_param_global.xml
... done.
parse ParamParticles
parsing param_particles file: /Users/johannesschoeneberg/Desktop/PhD/projects/ReaDDy/gitHub/readdy/./test/testInputFiles/test_core/coreTest_param_particles.xml
... done.
parsing tplgy_potentials file: /Users/johannesschoeneberg/Desktop/PhD/projects/ReaDDy/gitHub/readdy/./test/testInputFiles/test_core/coreTest_tplgy_potentials.xml
... done.
latticeBoxSize!!! :2.0
parse tplgyCoordinatesFile
parsing tplgy_coordinates file: /Users/johannesschoeneberg/Desktop/PhD/projects/ReaDDy/gitHub/readdy/./test/testInputFiles/test_core/coreTest_tplgy_coordinates.xml
... done.
---------------------------------------
NeighborLattice construction... 
num Dimensions:          3
latice origin:           -50.0 -50.0 -50.0
latice extension:        100.0 100.0 100.0
num boxes per dimension: 50,50,50
box edge length per dim: 2.0 2.0 2.0
total num boxes:         125000
... lattice ready.
---------------------------------------
parse elementalReactions...
parsing react_elmtlRk file: /Users/johannesschoeneberg/Desktop/PhD/projects/ReaDDy/gitHub/readdy/./test/testInputFiles/test_core/coreTest_react_elmtlRk.xml
trimed: 0
trimed: 1
trimed: 2
trimed: 3
trimed: 4
... done.
step
rk
<OccurredElementalReaction>
	 elmtlRkId: 1
	 p(id,type,coords) 33 2 3.2768769936128885 4.875306526927542 1.8877261750404695
</OccurredElementalReaction>
rk
<OccurredElementalReaction>
	 elmtlRkId: 0
	 p(id,type,coords) 7 1 1.2467071868438722 2.2504572737923416 1.1652405823688292
</OccurredElementalReaction>
rk
<OccurredElementalReaction>
	 elmtlRkId: 1
	 p(id,type,coords) 53 2 6.059995335418502 5.150061170421939 1.9817127184246945
</OccurredElementalReaction>
100
Neighbor List consistency Check...
--------
nle(id0,id1,dist): 5 6 1.2084223929400333
list:
dist: 1.2084223929400333 vs. 1.2084223929400333
--------
nle(id0,id1,dist): 5 21 3.1675435664992078
list:
dist: 3.1675435664992078 vs. 3.1675435664992078
--------
nle(id0,id1,dist): 5 20 3.3353289543569753
list:
dist: 3.3353289543569753 vs. 3.3353289543569753
--------
nle(id0,id1,dist): 5 22 1.861101290433861
list:
dist: 1.861101290433861 vs. 1.861101290433861
--------
nle(id0,id1,dist): 5 17 1.951912433905911
list:
dist: 1.951912433905911 vs. 1.951912433905911
--------
nle(id0,id1,dist): 5 16 1.933638853197909
list:
dist: 1.933638853197909 vs. 1.933638853197909
--------
nle(id0,id1,dist): 5 19 2.6036810299900104
list:
dist: 2.6036810299900104 vs. 2.6036810299900104
--------
nle(id0,id1,dist): 5 18 2.535630266549033
list:
dist: 2.535630266549033 vs. 2.535630266549033
--------
nle(id0,id1,dist): 5 13 2.1033605984562223
list:
dist: 2.1033605984562223 vs. 2.1033605984562223
--------
nle(id0,id1,dist): 5 12 2.1292054799877196
list:
dist: 2.1292054799877196 vs. 2.1292054799877196
--------
nle(id0,id1,dist): 5 15 2.2091983759175973
list:
dist: 2.2091983759175973 vs. 2.2091983759175973
--------
nle(id0,id1,dist): 5 14 2.125668645809441
list:
dist: 2.125668645809441 vs. 2.125668645809441
--------
nle(id0,id1,dist): 5 9 0.9866992619245323
list:
dist: 0.9866992619245323 vs. 0.9866992619245323
--------
nle(id0,id1,dist): 5 8 2.0166978901368378
list:
dist: 2.0166978901368378 vs. 2.0166978901368378
--------
nle(id0,id1,dist): 5 11 2.5368498170630414
list:
dist: 2.5368498170630414 vs. 2.5368498170630414
--------
nle(id0,id1,dist): 5 10 1.8224624013526343
list:
dist: 1.8224624013526343 vs. 1.8224624013526343
--------
nle(id0,id1,dist): 4 11 2.140428850337457
list:
dist: 2.140428850337457 vs. 2.140428850337457
--------
nle(id0,id1,dist): 4 12 2.1028783634618455
list:
dist: 2.1028783634618455 vs. 2.1028783634618455
--------
nle(id0,id1,dist): 4 9 0.813669096271189
list:
dist: 0.813669096271189 vs. 0.813669096271189
--------
nle(id0,id1,dist): 4 10 0.9502954685126218
list:
dist: 0.9502954685126218 vs. 0.9502954685126218
--------
nle(id0,id1,dist): 4 8 1.389212660571043
list:
dist: 1.389212660571043 vs. 1.389212660571043
--------
nle(id0,id1,dist): 4 5 0.9807843034142638
list:
dist: 0.9807843034142638 vs. 0.9807843034142638
--------
nle(id0,id1,dist): 4 6 0.4750511777547704
list:
dist: 0.4750511777547704 vs. 0.4750511777547704
--------
nle(id0,id1,dist): 4 28 4.019768250075371
list:
dist: 4.019768250075371 vs. 4.019768250075371
--------
nle(id0,id1,dist): 4 25 3.1313568487316896
list:
dist: 3.1313568487316896 vs. 3.1313568487316896
--------
nle(id0,id1,dist): 4 24 3.5127425094103626
list:
dist: 3.5127425094103626 vs. 3.5127425094103626
--------
nle(id0,id1,dist): 4 22 1.93689507117998
list:
dist: 1.93689507117998 vs. 1.93689507117998
--------
nle(id0,id1,dist): 4 21 2.880246305325166
list:
dist: 2.880246305325166 vs. 2.880246305325166
--------
nle(id0,id1,dist): 4 20 2.953492905225307
list:
dist: 2.953492905225307 vs. 2.953492905225307
--------
nle(id0,id1,dist): 4 19 2.436290617802518
list:
dist: 2.436290617802518 vs. 2.436290617802518
--------
nle(id0,id1,dist): 4 18 2.4926584837584826
list:
dist: 2.4926584837584826 vs. 2.4926584837584826
--------
nle(id0,id1,dist): 4 17 1.522128020695311
list:
dist: 1.522128020695311 vs. 1.522128020695311
--------
nle(id0,id1,dist): 4 16 2.046241358749947
list:
dist: 2.046241358749947 vs. 2.046241358749947
--------
nle(id0,id1,dist): 4 15 1.8403813922186396
list:
dist: 1.8403813922186396 vs. 1.8403813922186396
--------
nle(id0,id1,dist): 4 14 2.181959052444726
list:
dist: 2.181959052444726 vs. 2.181959052444726
--------
nle(id0,id1,dist): 4 13 1.9289961349529916
list:
dist: 1.9289961349529916 vs. 1.9289961349529916
--------
nle(id0,id1,dist): 6 27 3.3817747382903662
list:
dist: 3.3817747382903662 vs. 3.3817747382903662
--------
nle(id0,id1,dist): 6 28 3.8685822215566965
list:
dist: 3.8685822215566965 vs. 3.8685822215566965
--------
nle(id0,id1,dist): 6 29 3.833370808449311
list:
dist: 3.833370808449311 vs. 3.833370808449311
--------
nle(id0,id1,dist): 6 19 2.165554790879971
list:
dist: 2.165554790879971 vs. 2.165554790879971
--------
nle(id0,id1,dist): 6 20 2.854732169686488
list:
dist: 2.854732169686488 vs. 2.854732169686488
--------
nle(id0,id1,dist): 6 21 2.768156935045174
list:
dist: 2.768156935045174 vs. 2.768156935045174
--------
nle(id0,id1,dist): 6 22 1.8727245744104117
list:
dist: 1.8727245744104117 vs. 1.8727245744104117
--------
nle(id0,id1,dist): 6 24 3.3866369894977013
list:
dist: 3.3866369894977013 vs. 3.3866369894977013
--------
nle(id0,id1,dist): 6 25 3.1144591961752246
list:
dist: 3.1144591961752246 vs. 3.1144591961752246
--------
nle(id0,id1,dist): 6 26 2.8636665118934372
list:
dist: 2.8636665118934372 vs. 2.8636665118934372
--------
nle(id0,id1,dist): 5 24 3.800507003129605
list:
dist: 3.800507003129605 vs. 3.800507003129605
--------
nle(id0,id1,dist): 5 25 3.409833979656607
list:
dist: 3.409833979656607 vs. 3.409833979656607
--------
nle(id0,id1,dist): 5 28 4.097274761836786
list:
dist: 4.097274761836786 vs. 4.097274761836786
--------
nle(id0,id1,dist): 6 14 2.427442859445391
list:
dist: 2.427442859445391 vs. 2.427442859445391
--------
nle(id0,id1,dist): 6 13 2.036107107813116
list:
dist: 2.036107107813116 vs. 2.036107107813116
--------
nle(id0,id1,dist): 6 12 2.4432572360150053
list:
dist: 2.4432572360150053 vs. 2.4432572360150053
--------
nle(id0,id1,dist): 6 11 2.0975464024408974
list:
dist: 2.0975464024408974 vs. 2.0975464024408974
--------
nle(id0,id1,dist): 6 18 2.4217529409751974
list:
dist: 2.4217529409751974 vs. 2.4217529409751974
--------
nle(id0,id1,dist): 6 17 1.4682358028477625
list:
dist: 1.4682358028477625 vs. 1.4682358028477625
--------
nle(id0,id1,dist): 6 16 1.9179949711745519
list:
dist: 1.9179949711745519 vs. 1.9179949711745519
--------
nle(id0,id1,dist): 6 15 1.5287501382296165
list:
dist: 1.5287501382296165 vs. 1.5287501382296165
--------
nle(id0,id1,dist): 6 10 1.122606621114587
list:
dist: 1.122606621114587 vs. 1.122606621114587
--------
nle(id0,id1,dist): 6 9 0.6762579937674172
list:
dist: 0.6762579937674172 vs. 0.6762579937674172
--------
nle(id0,id1,dist): 6 8 1.4365581186689276
list:
dist: 1.4365581186689276 vs. 1.4365581186689276
--------
nle(id0,id1,dist): 8 14 1.5694467718678689
list:
dist: 1.5694467718678689 vs. 1.5694467718678689
--------
nle(id0,id1,dist): 8 13 0.9933028853466074
list:
dist: 0.9933028853466074 vs. 0.9933028853466074
--------
nle(id0,id1,dist): 8 16 1.7616708132975558
list:
dist: 1.7616708132975558 vs. 1.7616708132975558
--------
nle(id0,id1,dist): 8 15 1.4411609744656881
list:
dist: 1.4411609744656881 vs. 1.4411609744656881
--------
nle(id0,id1,dist): 8 10 0.8523256315834127
list:
dist: 0.8523256315834127 vs. 0.8523256315834127
--------
nle(id0,id1,dist): 8 9 1.3810511305700284
list:
dist: 1.3810511305700284 vs. 1.3810511305700284
--------
nle(id0,id1,dist): 8 12 1.6462868464093203
list:
dist: 1.6462868464093203 vs. 1.6462868464093203
--------
nle(id0,id1,dist): 8 11 0.9181231046863009
list:
dist: 0.9181231046863009 vs. 0.9181231046863009
--------
nle(id0,id1,dist): 8 22 1.5323672716079342
list:
dist: 1.5323672716079342 vs. 1.5323672716079342
--------
nle(id0,id1,dist): 8 21 1.7479914420490563
list:
dist: 1.7479914420490563 vs. 1.7479914420490563
--------
nle(id0,id1,dist): 8 24 2.3378355368316055
list:
dist: 2.3378355368316055 vs. 2.3378355368316055
--------
nle(id0,id1,dist): 8 18 1.6884843572630368
list:
dist: 1.6884843572630368 vs. 1.6884843572630368
--------
nle(id0,id1,dist): 8 17 0.5758004202043583
list:
dist: 0.5758004202043583 vs. 0.5758004202043583
--------
nle(id0,id1,dist): 8 20 1.707511368758841
list:
dist: 1.707511368758841 vs. 1.707511368758841
--------
nle(id0,id1,dist): 8 19 1.9232391224822614
list:
dist: 1.9232391224822614 vs. 1.9232391224822614
--------
nle(id0,id1,dist): 8 29 3.2007077423492554
list:
dist: 3.2007077423492554 vs. 3.2007077423492554
--------
nle(id0,id1,dist): 8 25 1.874553491141243
list:
dist: 1.874553491141243 vs. 1.874553491141243
--------
nle(id0,id1,dist): 8 26 2.0628334677659534
list:
dist: 2.0628334677659534 vs. 2.0628334677659534
--------
nle(id0,id1,dist): 8 27 2.3900210214841047
list:
dist: 2.3900210214841047 vs. 2.3900210214841047
--------
nle(id0,id1,dist): 8 28 3.058892880999184
list:
dist: 3.058892880999184 vs. 3.058892880999184
--------
nle(id0,id1,dist): 6 51 5.255630025930934
list:
dist: 5.255630025930934 vs. 5.255630025930934
--------
nle(id0,id1,dist): 10 12 1.8784165427247128
list:
dist: 1.8784165427247128 vs. 1.8784165427247128
--------
nle(id0,id1,dist): 10 11 1.7685085206910411
list:
dist: 1.7685085206910411 vs. 1.7685085206910411
--------
nle(id0,id1,dist): 9 51 4.735050674601597
list:
dist: 4.735050674601597 vs. 4.735050674601597
--------
nle(id0,id1,dist): 10 14 2.0467792836440992
list:
dist: 2.0467792836440992 vs. 2.0467792836440992
--------
nle(id0,id1,dist): 10 13 1.7077512102777497
list:
dist: 1.7077512102777497 vs. 1.7077512102777497
--------
nle(id0,id1,dist): 10 15 1.9269684443142816
list:
dist: 1.9269684443142816 vs. 1.9269684443142816
--------
nle(id0,id1,dist): 10 16 2.3298864703952495
list:
dist: 2.3298864703952495 vs. 2.3298864703952495
--------
nle(id0,id1,dist): 10 17 1.31361743111825
list:
dist: 1.31361743111825 vs. 1.31361743111825
--------
nle(id0,id1,dist): 10 18 2.463493762680192
list:
dist: 2.463493762680192 vs. 2.463493762680192
--------
nle(id0,id1,dist): 10 19 2.5458465583711503
list:
dist: 2.5458465583711503 vs. 2.5458465583711503
--------
nle(id0,id1,dist): 10 20 2.5398060105679896
list:
dist: 2.5398060105679896 vs. 2.5398060105679896
--------
nle(id0,id1,dist): 10 21 2.588632904108219
list:
dist: 2.588632904108219 vs. 2.588632904108219
--------
nle(id0,id1,dist): 10 22 2.1386859670517517
list:
dist: 2.1386859670517517 vs. 2.1386859670517517
--------
nle(id0,id1,dist): 10 24 3.175711516171695
list:
dist: 3.175711516171695 vs. 3.175711516171695
--------
nle(id0,id1,dist): 10 25 2.7151325628034733
list:
dist: 2.7151325628034733 vs. 2.7151325628034733
--------
nle(id0,id1,dist): 10 28 3.8877602709229975
list:
dist: 3.8877602709229975 vs. 3.8877602709229975
--------
nle(id0,id1,dist): 9 11 1.8009553445263826
list:
dist: 1.8009553445263826 vs. 1.8009553445263826
--------
nle(id0,id1,dist): 9 10 1.4320395519329183
list:
dist: 1.4320395519329183 vs. 1.4320395519329183
--------
nle(id0,id1,dist): 9 15 1.2372916784679544
list:
dist: 1.2372916784679544 vs. 1.2372916784679544
--------
nle(id0,id1,dist): 9 14 2.0322615720793284
list:
dist: 2.0322615720793284 vs. 2.0322615720793284
--------
nle(id0,id1,dist): 9 13 1.6427325206216368
list:
dist: 1.6427325206216368 vs. 1.6427325206216368
--------
nle(id0,id1,dist): 9 12 2.198724674244442
list:
dist: 2.198724674244442 vs. 2.198724674244442
--------
nle(id0,id1,dist): 9 19 1.7255464590295773
list:
dist: 1.7255464590295773 vs. 1.7255464590295773
--------
nle(id0,id1,dist): 9 18 1.8853161688746833
list:
dist: 1.8853161688746833 vs. 1.8853161688746833
--------
nle(id0,id1,dist): 9 17 1.17998152959935
list:
dist: 1.17998152959935 vs. 1.17998152959935
--------
nle(id0,id1,dist): 9 16 1.291896871180618
list:
dist: 1.291896871180618 vs. 1.291896871180618
--------
nle(id0,id1,dist): 9 22 1.25963512211896
list:
dist: 1.25963512211896 vs. 1.25963512211896
--------
nle(id0,id1,dist): 9 20 2.5491606644944924
list:
dist: 2.5491606644944924 vs. 2.5491606644944924
--------
nle(id0,id1,dist): 9 21 2.3879686116003307
list:
dist: 2.3879686116003307 vs. 2.3879686116003307
--------
nle(id0,id1,dist): 9 26 2.6063558666825455
list:
dist: 2.6063558666825455 vs. 2.6063558666825455
--------
nle(id0,id1,dist): 9 27 3.1763116959074713
list:
dist: 3.1763116959074713 vs. 3.1763116959074713
--------
nle(id0,id1,dist): 9 24 3.0154984607386273
list:
dist: 3.0154984607386273 vs. 3.0154984607386273
--------
nle(id0,id1,dist): 9 25 2.7539546088138422
list:
dist: 2.7539546088138422 vs. 2.7539546088138422
--------
nle(id0,id1,dist): 9 28 3.3752636103115967
list:
dist: 3.3752636103115967 vs. 3.3752636103115967
--------
nle(id0,id1,dist): 9 29 3.441349321562906
list:
dist: 3.441349321562906 vs. 3.441349321562906
--------
nle(id0,id1,dist): 11 57 5.672075727377482
list:
dist: 5.672075727377482 vs. 5.672075727377482
--------
nle(id0,id1,dist): 12 20 2.5946824377054467
list:
dist: 2.5946824377054467 vs. 2.5946824377054467
--------
nle(id0,id1,dist): 11 56 4.484907194750536
list:
dist: 4.484907194750536 vs. 4.484907194750536
--------
nle(id0,id1,dist): 12 19 2.992292023312052
list:
dist: 2.992292023312052 vs. 2.992292023312052
--------
nle(id0,id1,dist): 11 55 5.057835053868465
list:
dist: 5.057835053868465 vs. 5.057835053868465
--------
nle(id0,id1,dist): 12 18 2.209766063119253
list:
dist: 2.209766063119253 vs. 2.209766063119253
--------
nle(id0,id1,dist): 11 54 4.848112771216285
list:
dist: 4.848112771216285 vs. 4.848112771216285
--------
nle(id0,id1,dist): 12 17 1.811811551888601
list:
dist: 1.811811551888601 vs. 1.811811551888601
--------
nle(id0,id1,dist): 12 16 2.3676988683397853
list:
dist: 2.3676988683397853 vs. 2.3676988683397853
--------
nle(id0,id1,dist): 11 52 4.495375975873466
list:
dist: 4.495375975873466 vs. 4.495375975873466
--------
nle(id0,id1,dist): 12 15 2.7547310943280547
list:
dist: 2.7547310943280547 vs. 2.7547310943280547
--------
nle(id0,id1,dist): 11 51 4.0911290306401
list:
dist: 4.0911290306401 vs. 4.0911290306401
--------
nle(id0,id1,dist): 12 14 0.6490531464596259
list:
dist: 0.6490531464596259 vs. 0.6490531464596259
--------
nle(id0,id1,dist): 12 13 1.2303200254031066
list:
dist: 1.2303200254031066 vs. 1.2303200254031066
--------
nle(id0,id1,dist): 11 47 4.39259425822893
list:
dist: 4.39259425822893 vs. 4.39259425822893
--------
nle(id0,id1,dist): 11 46 4.84790066287181
list:
dist: 4.84790066287181 vs. 4.84790066287181
--------
nle(id0,id1,dist): 11 45 3.600344347242612
list:
dist: 3.600344347242612 vs. 3.600344347242612
--------
nle(id0,id1,dist): 11 43 3.8415064340446032
list:
dist: 3.8415064340446032 vs. 3.8415064340446032
--------
nle(id0,id1,dist): 11 42 4.717794893008338
list:
dist: 4.717794893008338 vs. 4.717794893008338
--------
nle(id0,id1,dist): 11 40 3.524472492823988
list:
dist: 3.524472492823988 vs. 3.524472492823988
--------
nle(id0,id1,dist): 11 41 3.2302362429421216
list:
dist: 3.2302362429421216 vs. 3.2302362429421216
--------
nle(id0,id1,dist): 11 38 4.458023509200682
list:
dist: 4.458023509200682 vs. 4.458023509200682
--------
nle(id0,id1,dist): 11 39 4.808871939781989
list:
dist: 4.808871939781989 vs. 4.808871939781989
--------
nle(id0,id1,dist): 11 36 4.389076975419248
list:
dist: 4.389076975419248 vs. 4.389076975419248
--------
nle(id0,id1,dist): 11 37 3.7296400601294764
list:
dist: 3.7296400601294764 vs. 3.7296400601294764
--------
nle(id0,id1,dist): 11 34 3.8170411639159822
list:
dist: 3.8170411639159822 vs. 3.8170411639159822
--------
nle(id0,id1,dist): 11 35 3.715862239785916
list:
dist: 3.715862239785916 vs. 3.715862239785916
--------
nle(id0,id1,dist): 11 32 3.0925853702654
list:
dist: 3.0925853702654 vs. 3.0925853702654
--------
nle(id0,id1,dist): 11 33 3.602057285497472
list:
dist: 3.602057285497472 vs. 3.602057285497472
--------
nle(id0,id1,dist): 11 30 2.6774706616068835
list:
dist: 2.6774706616068835 vs. 2.6774706616068835
--------
nle(id0,id1,dist): 11 31 4.320391257191088
list:
dist: 4.320391257191088 vs. 4.320391257191088
--------
nle(id0,id1,dist): 11 28 2.1633971978543065
list:
dist: 2.1633971978543065 vs. 2.1633971978543065
--------
nle(id0,id1,dist): 11 29 2.3980291273185235
list:
dist: 2.3980291273185235 vs. 2.3980291273185235
--------
nle(id0,id1,dist): 11 26 1.3655412873841182
list:
dist: 1.3655412873841182 vs. 1.3655412873841182
--------
nle(id0,id1,dist): 11 27 1.6865938826036788
list:
dist: 1.6865938826036788 vs. 1.6865938826036788
--------
nle(id0,id1,dist): 11 23 1.8275595694113034
list:
dist: 1.8275595694113034 vs. 1.8275595694113034
--------
nle(id0,id1,dist): 11 22 1.2257378360118865
list:
dist: 1.2257378360118865 vs. 1.2257378360118865
--------
nle(id0,id1,dist): 11 25 1.0265720634474447
list:
dist: 1.0265720634474447 vs. 1.0265720634474447
--------
nle(id0,id1,dist): 11 24 1.438461196001007
list:
dist: 1.438461196001007 vs. 1.438461196001007
--------
nle(id0,id1,dist): 11 19 1.4499672996673894
list:
dist: 1.4499672996673894 vs. 1.4499672996673894
--------
nle(id0,id1,dist): 11 18 0.9837371444197489
list:
dist: 0.9837371444197489 vs. 0.9837371444197489
--------
nle(id0,id1,dist): 11 21 0.8414577406246208
list:
dist: 0.8414577406246208 vs. 0.8414577406246208
--------
nle(id0,id1,dist): 11 20 0.8429613837609078
list:
dist: 0.8429613837609078 vs. 0.8429613837609078
--------
nle(id0,id1,dist): 11 15 1.3130044235400449
list:
dist: 1.3130044235400449 vs. 1.3130044235400449
--------
nle(id0,id1,dist): 11 14 1.553137755783671
list:
dist: 1.553137755783671 vs. 1.553137755783671
--------
nle(id0,id1,dist): 11 17 0.6385241218301995
list:
dist: 0.6385241218301995 vs. 0.6385241218301995
--------
nle(id0,id1,dist): 11 16 1.4485717900780184
list:
dist: 1.4485717900780184 vs. 1.4485717900780184
--------
nle(id0,id1,dist): 11 13 0.7782367169733094
list:
dist: 0.7782367169733094 vs. 0.7782367169733094
--------
nle(id0,id1,dist): 11 12 1.9216309721613158
list:
dist: 1.9216309721613158 vs. 1.9216309721613158
--------
nle(id0,id1,dist): 13 35 3.59557685278339
list:
dist: 3.59557685278339 vs. 3.59557685278339
--------
nle(id0,id1,dist): 13 33 3.5496951879590424
list:
dist: 3.5496951879590424 vs. 3.5496951879590424
--------
nle(id0,id1,dist): 13 32 3.032240582696973
list:
dist: 3.032240582696973 vs. 3.032240582696973
--------
nle(id0,id1,dist): 13 39 4.848086432163893
list:
dist: 4.848086432163893 vs. 4.848086432163893
--------
nle(id0,id1,dist): 13 36 4.315900751670652
list:
dist: 4.315900751670652 vs. 4.315900751670652
--------
nle(id0,id1,dist): 13 24 1.9757592690590342
list:
dist: 1.9757592690590342 vs. 1.9757592690590342
--------
nle(id0,id1,dist): 13 25 1.3693174298636757
list:
dist: 1.3693174298636757 vs. 1.3693174298636757
--------
nle(id0,id1,dist): 13 30 2.569261116624195
list:
dist: 2.569261116624195 vs. 2.569261116624195
--------
nle(id0,id1,dist): 13 31 4.28916512267333
list:
dist: 4.28916512267333 vs. 4.28916512267333
--------
nle(id0,id1,dist): 13 28 2.513132838912684
list:
dist: 2.513132838912684 vs. 2.513132838912684
--------
nle(id0,id1,dist): 13 18 1.0519797701749232
list:
dist: 1.0519797701749232 vs. 1.0519797701749232
--------
nle(id0,id1,dist): 13 19 1.8218618560687487
list:
dist: 1.8218618560687487 vs. 1.8218618560687487
--------
nle(id0,id1,dist): 13 16 1.374837781753489
list:
dist: 1.374837781753489 vs. 1.374837781753489
--------
nle(id0,id1,dist): 13 17 0.8025777895489364
list:
dist: 0.8025777895489364 vs. 0.8025777895489364
--------
nle(id0,id1,dist): 13 22 1.0502199166861135
list:
dist: 1.0502199166861135 vs. 1.0502199166861135
--------
nle(id0,id1,dist): 13 23 2.16942635499716
list:
dist: 2.16942635499716 vs. 2.16942635499716
--------
nle(id0,id1,dist): 13 20 1.483087024526077
list:
dist: 1.483087024526077 vs. 1.483087024526077
--------
nle(id0,id1,dist): 13 21 1.3958926701361525
list:
dist: 1.3958926701361525 vs. 1.3958926701361525
--------
nle(id0,id1,dist): 13 15 1.688949188894043
list:
dist: 1.688949188894043 vs. 1.688949188894043
--------
nle(id0,id1,dist): 13 14 0.7937970009228492
list:
dist: 0.7937970009228492 vs. 0.7937970009228492
--------
nle(id0,id1,dist): 12 30 3.2861523532904786
list:
dist: 3.2861523532904786 vs. 3.2861523532904786
--------
nle(id0,id1,dist): 12 21 2.5743827928787004
list:
dist: 2.5743827928787004 vs. 2.5743827928787004
--------
nle(id0,id1,dist): 12 22 2.0476003436790915
list:
dist: 2.0476003436790915 vs. 2.0476003436790915
--------
nle(id0,id1,dist): 12 23 3.1935580357838664
list:
dist: 3.1935580357838664 vs. 3.1935580357838664
--------
nle(id0,id1,dist): 12 24 3.090707389654039
list:
dist: 3.090707389654039 vs. 3.090707389654039
--------
nle(id0,id1,dist): 12 25 2.338084834753098
list:
dist: 2.338084834753098 vs. 2.338084834753098
--------
nle(id0,id1,dist): 12 28 3.619442650874751
list:
dist: 3.619442650874751 vs. 3.619442650874751
--------
nle(id0,id1,dist): 15 28 2.482674716730337
list:
dist: 2.482674716730337 vs. 2.482674716730337
--------
nle(id0,id1,dist): 15 29 2.3137417731082075
list:
dist: 2.3137417731082075 vs. 2.3137417731082075
--------
nle(id0,id1,dist): 15 26 1.4722418854475225
list:
dist: 1.4722418854475225 vs. 1.4722418854475225
--------
nle(id0,id1,dist): 15 27 2.1045264945097832
list:
dist: 2.1045264945097832 vs. 2.1045264945097832
--------
nle(id0,id1,dist): 15 24 2.099883452381929
list:
dist: 2.099883452381929 vs. 2.099883452381929
--------
nle(id0,id1,dist): 15 25 2.145206908169037
list:
dist: 2.145206908169037 vs. 2.145206908169037
--------
nle(id0,id1,dist): 15 22 1.1756525357296719
list:
dist: 1.1756525357296719 vs. 1.1756525357296719
--------
nle(id0,id1,dist): 15 21 1.5651911667876128
list:
dist: 1.5651911667876128 vs. 1.5651911667876128
--------
nle(id0,id1,dist): 15 20 1.7338627750377875
list:
dist: 1.7338627750377875 vs. 1.7338627750377875
--------
nle(id0,id1,dist): 15 19 0.7161050681830636
list:
dist: 0.7161050681830636 vs. 0.7161050681830636
--------
nle(id0,id1,dist): 15 18 1.3967240721506746
list:
dist: 1.3967240721506746 vs. 1.3967240721506746
--------
nle(id0,id1,dist): 15 17 0.9996032094697987
list:
dist: 0.9996032094697987 vs. 0.9996032094697987
--------
nle(id0,id1,dist): 15 16 1.0947872035725679
list:
dist: 1.0947872035725679 vs. 1.0947872035725679
--------
nle(id0,id1,dist): 14 31 4.362514834419643
list:
dist: 4.362514834419643 vs. 4.362514834419643
--------
nle(id0,id1,dist): 14 32 3.1724394920692296
list:
dist: 3.1724394920692296 vs. 3.1724394920692296
--------
nle(id0,id1,dist): 14 33 3.7032959205521867
list:
dist: 3.7032959205521867 vs. 3.7032959205521867
--------
nle(id0,id1,dist): 14 28 3.0193134002622806
list:
dist: 3.0193134002622806 vs. 3.0193134002622806
--------
nle(id0,id1,dist): 14 30 2.662959434981196
list:
dist: 2.662959434981196 vs. 2.662959434981196
--------
nle(id0,id1,dist): 14 39 5.00266090685262
list:
dist: 5.00266090685262 vs. 5.00266090685262
--------
nle(id0,id1,dist): 14 35 3.653261386370131
list:
dist: 3.653261386370131 vs. 3.653261386370131
--------
nle(id0,id1,dist): 14 36 4.401498714369561
list:
dist: 4.401498714369561 vs. 4.401498714369561
--------
nle(id0,id1,dist): 14 16 1.8668111959531444
list:
dist: 1.8668111959531444 vs. 1.8668111959531444
--------
nle(id0,id1,dist): 14 15 2.4046272039449605
list:
dist: 2.4046272039449605 vs. 2.4046272039449605
--------
nle(id0,id1,dist): 14 18 1.628941438650522
list:
dist: 1.628941438650522 vs. 1.628941438650522
--------
nle(id0,id1,dist): 14 17 1.5277294368028582
list:
dist: 1.5277294368028582 vs. 1.5277294368028582
--------
nle(id0,id1,dist): 14 24 2.5888816639104317
list:
dist: 2.5888816639104317 vs. 2.5888816639104317
--------
nle(id0,id1,dist): 14 23 2.6378271861721037
list:
dist: 2.6378271861721037 vs. 2.6378271861721037
--------
nle(id0,id1,dist): 14 25 1.8803374708174565
list:
dist: 1.8803374708174565 vs. 1.8803374708174565
--------
nle(id0,id1,dist): 14 20 2.1656257662302703
list:
dist: 2.1656257662302703 vs. 2.1656257662302703
--------
nle(id0,id1,dist): 14 19 2.5125341970976094
list:
dist: 2.5125341970976094 vs. 2.5125341970976094
--------
nle(id0,id1,dist): 14 22 1.5416405463237066
list:
dist: 1.5416405463237066 vs. 1.5416405463237066
--------
nle(id0,id1,dist): 14 21 2.080244766792264
list:
dist: 2.080244766792264 vs. 2.080244766792264
--------
nle(id0,id1,dist): 16 51 3.5478945841828304
list:
dist: 3.5478945841828304 vs. 3.5478945841828304
--------
nle(id0,id1,dist): 16 52 4.195342259167677
list:
dist: 4.195342259167677 vs. 4.195342259167677
--------
nle(id0,id1,dist): 16 55 4.9346115514784445
list:
dist: 4.9346115514784445 vs. 4.9346115514784445
--------
nle(id0,id1,dist): 17 18 1.1740998669250233
list:
dist: 1.1740998669250233 vs. 1.1740998669250233
--------
nle(id0,id1,dist): 16 56 4.038551969289585
list:
dist: 4.038551969289585 vs. 4.038551969289585
--------
nle(id0,id1,dist): 17 19 1.3805151580838304
list:
dist: 1.3805151580838304 vs. 1.3805151580838304
--------
nle(id0,id1,dist): 16 54 4.554375404353146
list:
dist: 4.554375404353146 vs. 4.554375404353146
--------
nle(id0,id1,dist): 17 22 1.0060882266983
list:
dist: 1.0060882266983 vs. 1.0060882266983
--------
nle(id0,id1,dist): 17 23 2.3756401396429836
list:
dist: 2.3756401396429836 vs. 2.3756401396429836
--------
nle(id0,id1,dist): 16 57 5.327480915003729
list:
dist: 5.327480915003729 vs. 5.327480915003729
--------
nle(id0,id1,dist): 17 20 1.4395305768619848
list:
dist: 1.4395305768619848 vs. 1.4395305768619848
--------
nle(id0,id1,dist): 17 21 1.366887592840695
list:
dist: 1.366887592840695 vs. 1.366887592840695
--------
nle(id0,id1,dist): 17 26 1.7197665791888999
list:
dist: 1.7197665791888999 vs. 1.7197665791888999
--------
nle(id0,id1,dist): 17 27 2.164954099207262
list:
dist: 2.164954099207262 vs. 2.164954099207262
--------
nle(id0,id1,dist): 17 24 1.997234119873715
list:
dist: 1.997234119873715 vs. 1.997234119873715
--------
nle(id0,id1,dist): 17 25 1.6463010768048891
list:
dist: 1.6463010768048891 vs. 1.6463010768048891
--------
nle(id0,id1,dist): 16 36 3.7884631991051783
list:
dist: 3.7884631991051783 vs. 3.7884631991051783
--------
nle(id0,id1,dist): 16 35 3.177316318844634
list:
dist: 3.177316318844634 vs. 3.177316318844634
--------
nle(id0,id1,dist): 16 34 3.1474285345698694
list:
dist: 3.1474285345698694 vs. 3.1474285345698694
--------
nle(id0,id1,dist): 16 33 2.948992106992782
list:
dist: 2.948992106992782 vs. 2.948992106992782
--------
nle(id0,id1,dist): 16 40 3.1743785935942737
list:
dist: 3.1743785935942737 vs. 3.1743785935942737
--------
nle(id0,id1,dist): 16 39 4.392788825808913
list:
dist: 4.392788825808913 vs. 4.392788825808913
--------
nle(id0,id1,dist): 16 38 3.9889272866817658
list:
dist: 3.9889272866817658 vs. 3.9889272866817658
--------
nle(id0,id1,dist): 16 37 3.553357479084463
list:
dist: 3.553357479084463 vs. 3.553357479084463
--------
nle(id0,id1,dist): 16 43 3.752978769732765
list:
dist: 3.752978769732765 vs. 3.752978769732765
--------
nle(id0,id1,dist): 16 42 4.410339148156596
list:
dist: 4.410339148156596 vs. 4.410339148156596
--------
nle(id0,id1,dist): 16 41 3.14724151513047
list:
dist: 3.14724151513047 vs. 3.14724151513047
--------
nle(id0,id1,dist): 16 47 3.987529928320777
list:
dist: 3.987529928320777 vs. 3.987529928320777
--------
nle(id0,id1,dist): 16 46 4.409286036397265
list:
dist: 4.409286036397265 vs. 4.409286036397265
--------
nle(id0,id1,dist): 16 45 3.418765589175715
list:
dist: 3.418765589175715 vs. 3.418765589175715
--------
nle(id0,id1,dist): 16 17 1.2140086429911148
list:
dist: 1.2140086429911148 vs. 1.2140086429911148
--------
nle(id0,id1,dist): 16 18 0.852275947137858
list:
dist: 0.852275947137858 vs. 0.852275947137858
--------
nle(id0,id1,dist): 16 19 0.9167922458731731
list:
dist: 0.9167922458731731 vs. 0.9167922458731731
--------
nle(id0,id1,dist): 16 20 1.9009714371697715
list:
dist: 1.9009714371697715 vs. 1.9009714371697715
--------
nle(id0,id1,dist): 16 21 1.5891589408322402
list:
dist: 1.5891589408322402 vs. 1.5891589408322402
--------
nle(id0,id1,dist): 16 22 0.3329353818998471
list:
dist: 0.3329353818998471 vs. 0.3329353818998471
--------
nle(id0,id1,dist): 16 23 2.30226199988926
list:
dist: 2.30226199988926 vs. 2.30226199988926
--------
nle(id0,id1,dist): 16 24 2.134115406658631
list:
dist: 2.134115406658631 vs. 2.134115406658631
--------
nle(id0,id1,dist): 16 25 2.037488211098399
list:
dist: 2.037488211098399 vs. 2.037488211098399
--------
nle(id0,id1,dist): 16 26 1.9729249259390478
list:
dist: 1.9729249259390478 vs. 1.9729249259390478
--------
nle(id0,id1,dist): 16 27 2.581314558065622
list:
dist: 2.581314558065622 vs. 2.581314558065622
--------
nle(id0,id1,dist): 16 28 2.2120330054838733
list:
dist: 2.2120330054838733 vs. 2.2120330054838733
--------
nle(id0,id1,dist): 16 29 2.4418436511867094
list:
dist: 2.4418436511867094 vs. 2.4418436511867094
--------
nle(id0,id1,dist): 16 30 2.4751828265248523
list:
dist: 2.4751828265248523 vs. 2.4751828265248523
--------
nle(id0,id1,dist): 16 31 4.05012036101472
list:
dist: 4.05012036101472 vs. 4.05012036101472
--------
nle(id0,id1,dist): 16 32 2.6681612391612273
list:
dist: 2.6681612391612273 vs. 2.6681612391612273
--------
nle(id0,id1,dist): 15 51 3.8260155536962244
list:
dist: 3.8260155536962244 vs. 3.8260155536962244
--------
nle(id0,id1,dist): 1 3 1.9643801545700716
list:
dist: 1.9643801545700716 vs. 1.9643801545700716
--------
nle(id0,id1,dist): 1 4 1.0196224223905934
list:
dist: 1.0196224223905934 vs. 1.0196224223905934
--------
nle(id0,id1,dist): 1 5 1.758340078906623
list:
dist: 1.758340078906623 vs. 1.758340078906623
--------
nle(id0,id1,dist): 1 6 1.0952288433675157
list:
dist: 1.0952288433675157 vs. 1.0952288433675157
--------
nle(id0,id1,dist): 1 8 2.1004238459368976
list:
dist: 2.1004238459368976 vs. 2.1004238459368976
--------
nle(id0,id1,dist): 1 9 1.7267077707371004
list:
dist: 1.7267077707371004 vs. 1.7267077707371004
--------
nle(id0,id1,dist): 1 10 1.3525973619732212
list:
dist: 1.3525973619732212 vs. 1.3525973619732212
--------
nle(id0,id1,dist): 2 5 1.6810194812213288
list:
dist: 1.6810194812213288 vs. 1.6810194812213288
--------
nle(id0,id1,dist): 2 6 1.8830523362492555
list:
dist: 1.8830523362492555 vs. 1.8830523362492555
--------
nle(id0,id1,dist): 2 3 0.7357694992609002
list:
dist: 0.7357694992609002 vs. 0.7357694992609002
--------
nle(id0,id1,dist): 2 4 1.5137863809740848
list:
dist: 1.5137863809740848 vs. 1.5137863809740848
--------
nle(id0,id1,dist): 1 15 2.551553957793581
list:
dist: 2.551553957793581 vs. 2.551553957793581
--------
nle(id0,id1,dist): 2 28 3.7507470529184124
list:
dist: 3.7507470529184124 vs. 3.7507470529184124
--------
nle(id0,id1,dist): 2 30 3.6150052963733814
list:
dist: 3.6150052963733814 vs. 3.6150052963733814
--------
nle(id0,id1,dist): 2 23 3.3844993739136515
list:
dist: 3.3844993739136515 vs. 3.3844993739136515
--------
nle(id0,id1,dist): 2 24 3.1794291453141557
list:
dist: 3.1794291453141557 vs. 3.1794291453141557
--------
nle(id0,id1,dist): 2 25 2.5035789658036416
list:
dist: 2.5035789658036416 vs. 2.5035789658036416
--------
nle(id0,id1,dist): 2 12 0.6218293983397627
list:
dist: 0.6218293983397627 vs. 0.6218293983397627
--------
nle(id0,id1,dist): 2 11 1.8369114845941332
list:
dist: 1.8369114845941332 vs. 1.8369114845941332
--------
nle(id0,id1,dist): 2 14 0.9968478472598162
list:
dist: 0.9968478472598162 vs. 0.9968478472598162
--------
nle(id0,id1,dist): 2 13 1.2405852102105965
list:
dist: 1.2405852102105965 vs. 1.2405852102105965
--------
nle(id0,id1,dist): 2 8 1.2937407378943602
list:
dist: 1.2937407378943602 vs. 1.2937407378943602
--------
nle(id0,id1,dist): 2 10 1.3238996259879847
list:
dist: 1.3238996259879847 vs. 1.3238996259879847
--------
nle(id0,id1,dist): 2 9 1.7447978365723347
list:
dist: 1.7447978365723347 vs. 1.7447978365723347
--------
nle(id0,id1,dist): 2 20 2.6203976298579077
list:
dist: 2.6203976298579077 vs. 2.6203976298579077
--------
nle(id0,id1,dist): 2 19 2.8100709901715883
list:
dist: 2.8100709901715883 vs. 2.8100709901715883
--------
nle(id0,id1,dist): 2 22 1.9328587249310796
list:
dist: 1.9328587249310796 vs. 1.9328587249310796
--------
nle(id0,id1,dist): 2 21 2.600886427539469
list:
dist: 2.600886427539469 vs. 2.600886427539469
--------
nle(id0,id1,dist): 2 16 2.2251670936004846
list:
dist: 2.2251670936004846 vs. 2.2251670936004846
--------
nle(id0,id1,dist): 2 15 2.444373478587726
list:
dist: 2.444373478587726 vs. 2.444373478587726
--------
nle(id0,id1,dist): 2 18 2.23408418701691
list:
dist: 2.23408418701691 vs. 2.23408418701691
--------
nle(id0,id1,dist): 2 17 1.544924682758533
list:
dist: 1.544924682758533 vs. 1.544924682758533
--------
nle(id0,id1,dist): 3 24 3.822965733365078
list:
dist: 3.822965733365078 vs. 3.822965733365078
--------
nle(id0,id1,dist): 3 25 3.1955703582094723
list:
dist: 3.1955703582094723 vs. 3.1955703582094723
--------
nle(id0,id1,dist): 3 22 2.300780045030542
list:
dist: 2.300780045030542 vs. 2.300780045030542
--------
nle(id0,id1,dist): 3 20 3.267805724876196
list:
dist: 3.267805724876196 vs. 3.267805724876196
--------
nle(id0,id1,dist): 3 21 3.2166073625036935
list:
dist: 3.2166073625036935 vs. 3.2166073625036935
--------
nle(id0,id1,dist): 3 18 2.7545973080041453
list:
dist: 2.7545973080041453 vs. 2.7545973080041453
--------
nle(id0,id1,dist): 3 19 3.18930998418426
list:
dist: 3.18930998418426 vs. 3.18930998418426
--------
nle(id0,id1,dist): 3 28 4.3314818042648175
list:
dist: 4.3314818042648175 vs. 4.3314818042648175
--------
nle(id0,id1,dist): 3 9 1.771461760256588
list:
dist: 1.771461760256588 vs. 1.771461760256588
--------
nle(id0,id1,dist): 3 8 1.787296905651117
list:
dist: 1.787296905651117 vs. 1.787296905651117
--------
nle(id0,id1,dist): 3 6 1.8066666065510795
list:
dist: 1.8066666065510795 vs. 1.8066666065510795
--------
nle(id0,id1,dist): 3 5 1.3323503888599821
list:
dist: 1.3323503888599821 vs. 1.3323503888599821
--------
nle(id0,id1,dist): 3 4 1.3487485943368895
list:
dist: 1.3487485943368895 vs. 1.3487485943368895
--------
nle(id0,id1,dist): 3 17 2.022551062426195
list:
dist: 2.022551062426195 vs. 2.022551062426195
--------
nle(id0,id1,dist): 3 16 2.5389179635066506
list:
dist: 2.5389179635066506 vs. 2.5389179635066506
--------
nle(id0,id1,dist): 3 15 2.764035124380514
list:
dist: 2.764035124380514 vs. 2.764035124380514
--------
nle(id0,id1,dist): 3 14 1.5900134449531753
list:
dist: 1.5900134449531753 vs. 1.5900134449531753
--------
nle(id0,id1,dist): 3 13 1.867790385791473
list:
dist: 1.867790385791473 vs. 1.867790385791473
--------
nle(id0,id1,dist): 3 12 1.1977363849546592
list:
dist: 1.1977363849546592 vs. 1.1977363849546592
--------
nle(id0,id1,dist): 3 11 2.447179630843073
list:
dist: 2.447179630843073 vs. 2.447179630843073
--------
nle(id0,id1,dist): 3 10 1.4973779999373562
list:
dist: 1.4973779999373562 vs. 1.4973779999373562
--------
nle(id0,id1,dist): 37 48 2.2040885362690137
list:
dist: 2.2040885362690137 vs. 2.2040885362690137
--------
nle(id0,id1,dist): 37 49 2.3118520310022017
list:
dist: 2.3118520310022017 vs. 2.3118520310022017
--------
nle(id0,id1,dist): 37 50 2.3272393249325307
list:
dist: 2.3272393249325307 vs. 2.3272393249325307
--------
nle(id0,id1,dist): 37 51 1.9108542673694036
list:
dist: 1.9108542673694036 vs. 1.9108542673694036
--------
nle(id0,id1,dist): 37 52 2.0949829864090366
list:
dist: 2.0949829864090366 vs. 2.0949829864090366
--------
nle(id0,id1,dist): 37 53 1.9601866604883307
list:
dist: 1.9601866604883307 vs. 1.9601866604883307
--------
nle(id0,id1,dist): 37 54 1.948210640679444
list:
dist: 1.948210640679444 vs. 1.948210640679444
--------
nle(id0,id1,dist): 37 55 1.8669431545222743
list:
dist: 1.8669431545222743 vs. 1.8669431545222743
--------
nle(id0,id1,dist): 37 40 1.1066350656150108
list:
dist: 1.1066350656150108 vs. 1.1066350656150108
--------
nle(id0,id1,dist): 37 41 0.6436517360329855
list:
dist: 0.6436517360329855 vs. 0.6436517360329855
--------
nle(id0,id1,dist): 37 42 1.5785998929733227
list:
dist: 1.5785998929733227 vs. 1.5785998929733227
--------
nle(id0,id1,dist): 37 43 1.7692517534038088
list:
dist: 1.7692517534038088 vs. 1.7692517534038088
--------
nle(id0,id1,dist): 37 44 1.1326468918354171
list:
dist: 1.1326468918354171 vs. 1.1326468918354171
--------
nle(id0,id1,dist): 37 45 0.13587318288170847
list:
dist: 0.13587318288170847 vs. 0.13587318288170847
--------
nle(id0,id1,dist): 37 46 1.4322334709186746
list:
dist: 1.4322334709186746 vs. 1.4322334709186746
--------
nle(id0,id1,dist): 37 47 1.2381205947773575
list:
dist: 1.2381205947773575 vs. 1.2381205947773575
--------
nle(id0,id1,dist): 37 39 1.254243708926503
list:
dist: 1.254243708926503 vs. 1.254243708926503
--------
nle(id0,id1,dist): 37 38 1.0307233032067125
list:
dist: 1.0307233032067125 vs. 1.0307233032067125
--------
nle(id0,id1,dist): 36 62 3.8016280340779316
list:
dist: 3.8016280340779316 vs. 3.8016280340779316
--------
nle(id0,id1,dist): 36 55 2.8346515394822083
list:
dist: 2.8346515394822083 vs. 2.8346515394822083
--------
nle(id0,id1,dist): 36 56 2.6614120994717876
list:
dist: 2.6614120994717876 vs. 2.6614120994717876
--------
nle(id0,id1,dist): 36 54 2.746016078451921
list:
dist: 2.746016078451921 vs. 2.746016078451921
--------
nle(id0,id1,dist): 36 59 2.6488367869224887
list:
dist: 2.6488367869224887 vs. 2.6488367869224887
--------
nle(id0,id1,dist): 36 60 4.216684093152409
list:
dist: 4.216684093152409 vs. 4.216684093152409
--------
nle(id0,id1,dist): 36 57 2.729984799159592
list:
dist: 2.729984799159592 vs. 2.729984799159592
--------
nle(id0,id1,dist): 36 47 1.8563598093673688
list:
dist: 1.8563598093673688 vs. 1.8563598093673688
--------
nle(id0,id1,dist): 36 48 2.03579474766354
list:
dist: 2.03579474766354 vs. 2.03579474766354
--------
nle(id0,id1,dist): 36 45 1.4945908082530823
list:
dist: 1.4945908082530823 vs. 1.4945908082530823
--------
nle(id0,id1,dist): 36 46 1.7447776214839004
list:
dist: 1.7447776214839004 vs. 1.7447776214839004
--------
nle(id0,id1,dist): 36 51 2.4403688794516847
list:
dist: 2.4403688794516847 vs. 2.4403688794516847
--------
nle(id0,id1,dist): 36 52 2.9572917747769596
list:
dist: 2.9572917747769596 vs. 2.9572917747769596
--------
nle(id0,id1,dist): 36 49 2.5731102060256523
list:
dist: 2.5731102060256523 vs. 2.5731102060256523
--------
nle(id0,id1,dist): 36 40 2.007445640598363
list:
dist: 2.007445640598363 vs. 2.007445640598363
--------
nle(id0,id1,dist): 36 39 0.928957579923307
list:
dist: 0.928957579923307 vs. 0.928957579923307
--------
nle(id0,id1,dist): 36 38 1.1529344428609145
list:
dist: 1.1529344428609145 vs. 1.1529344428609145
--------
nle(id0,id1,dist): 36 37 1.4893653855593911
list:
dist: 1.4893653855593911 vs. 1.4893653855593911
--------
nle(id0,id1,dist): 36 44 2.2879540626374815
list:
dist: 2.2879540626374815 vs. 2.2879540626374815
--------
nle(id0,id1,dist): 36 43 2.948548519418175
list:
dist: 2.948548519418175 vs. 2.948548519418175
--------
nle(id0,id1,dist): 36 42 2.347475397521922
list:
dist: 2.347475397521922 vs. 2.347475397521922
--------
nle(id0,id1,dist): 36 41 1.9742559027642037
list:
dist: 1.9742559027642037 vs. 1.9742559027642037
--------
nle(id0,id1,dist): 35 62 4.204525820926836
list:
dist: 4.204525820926836 vs. 4.204525820926836
--------
nle(id0,id1,dist): 35 59 3.1431664768953014
list:
dist: 3.1431664768953014 vs. 3.1431664768953014
--------
nle(id0,id1,dist): 35 60 4.536125874311695
list:
dist: 4.536125874311695 vs. 4.536125874311695
--------
nle(id0,id1,dist): 35 54 3.0347406908309247
list:
dist: 3.0347406908309247 vs. 3.0347406908309247
--------
nle(id0,id1,dist): 35 55 3.1262009338915786
list:
dist: 3.1262009338915786 vs. 3.1262009338915786
--------
nle(id0,id1,dist): 35 56 2.880774848492372
list:
dist: 2.880774848492372 vs. 2.880774848492372
--------
nle(id0,id1,dist): 35 57 3.223095684374817
list:
dist: 3.223095684374817 vs. 3.223095684374817
--------
nle(id0,id1,dist): 35 51 2.5741957939356013
list:
dist: 2.5741957939356013 vs. 2.5741957939356013
--------
nle(id0,id1,dist): 35 52 3.135304573011504
list:
dist: 3.135304573011504 vs. 3.135304573011504
--------
nle(id0,id1,dist): 35 47 2.1385943708196127
list:
dist: 2.1385943708196127 vs. 2.1385943708196127
--------
nle(id0,id1,dist): 35 46 2.19713272134762
list:
dist: 2.19713272134762 vs. 2.19713272134762
--------
nle(id0,id1,dist): 35 49 3.1367101350145004
list:
dist: 3.1367101350145004 vs. 3.1367101350145004
--------
nle(id0,id1,dist): 35 48 2.53273416516022
list:
dist: 2.53273416516022 vs. 2.53273416516022
--------
nle(id0,id1,dist): 34 80 4.55509189083253
list:
dist: 4.55509189083253 vs. 4.55509189083253
--------
nle(id0,id1,dist): 35 43 2.9431910730098374
list:
dist: 2.9431910730098374 vs. 2.9431910730098374
--------
nle(id0,id1,dist): 35 42 2.6527043622310242
list:
dist: 2.6527043622310242 vs. 2.6527043622310242
--------
nle(id0,id1,dist): 35 45 1.365118699231314
list:
dist: 1.365118699231314 vs. 1.365118699231314
--------
nle(id0,id1,dist): 35 44 2.440682770526929
list:
dist: 2.440682770526929 vs. 2.440682770526929
--------
nle(id0,id1,dist): 35 39 1.4795556173294813
list:
dist: 1.4795556173294813 vs. 1.4795556173294813
--------
nle(id0,id1,dist): 35 38 1.566518735603245
list:
dist: 1.566518735603245 vs. 1.566518735603245
--------
nle(id0,id1,dist): 35 41 1.7484655300410112
list:
dist: 1.7484655300410112 vs. 1.7484655300410112
--------
nle(id0,id1,dist): 35 40 1.9659740636423406
list:
dist: 1.9659740636423406 vs. 1.9659740636423406
--------
nle(id0,id1,dist): 34 74 4.66341842275354
list:
dist: 4.66341842275354 vs. 4.66341842275354
--------
nle(id0,id1,dist): 35 37 1.420895829854946
list:
dist: 1.420895829854946 vs. 1.420895829854946
--------
nle(id0,id1,dist): 34 73 3.6569656156131756
list:
dist: 3.6569656156131756 vs. 3.6569656156131756
--------
nle(id0,id1,dist): 35 36 0.756931915541248
list:
dist: 0.756931915541248 vs. 0.756931915541248
--------
nle(id0,id1,dist): 34 62 3.090387903435175
list:
dist: 3.090387903435175 vs. 3.090387903435175
--------
nle(id0,id1,dist): 34 59 2.4789645233987145
list:
dist: 2.4789645233987145 vs. 2.4789645233987145
--------
nle(id0,id1,dist): 34 60 3.4209558177874437
list:
dist: 3.4209558177874437 vs. 3.4209558177874437
--------
nle(id0,id1,dist): 34 57 2.3851185385280984
list:
dist: 2.3851185385280984 vs. 2.3851185385280984
--------
nle(id0,id1,dist): 34 58 2.6792768857617277
list:
dist: 2.6792768857617277 vs. 2.6792768857617277
--------
nle(id0,id1,dist): 34 55 2.362069471796175
list:
dist: 2.362069471796175 vs. 2.362069471796175
--------
nle(id0,id1,dist): 34 56 1.6234323667023312
list:
dist: 1.6234323667023312 vs. 1.6234323667023312
--------
nle(id0,id1,dist): 34 54 1.97619642394766
list:
dist: 1.97619642394766 vs. 1.97619642394766
--------
nle(id0,id1,dist): 34 53 2.3673025763053186
list:
dist: 2.3673025763053186 vs. 2.3673025763053186
--------
nle(id0,id1,dist): 34 52 1.966370462522963
list:
dist: 1.966370462522963 vs. 1.966370462522963
--------
nle(id0,id1,dist): 34 51 1.2605446687647976
list:
dist: 1.2605446687647976 vs. 1.2605446687647976
--------
nle(id0,id1,dist): 34 50 2.5986364290273603
list:
dist: 2.5986364290273603 vs. 2.5986364290273603
--------
nle(id0,id1,dist): 34 49 2.6010326291780244
list:
dist: 2.6010326291780244 vs. 2.6010326291780244
--------
nle(id0,id1,dist): 34 48 1.416923266890124
list:
dist: 1.416923266890124 vs. 1.416923266890124
--------
nle(id0,id1,dist): 34 47 1.1371477297563959
list:
dist: 1.1371477297563959 vs. 1.1371477297563959
--------
nle(id0,id1,dist): 34 46 1.373259662171126
list:
dist: 1.373259662171126 vs. 1.373259662171126
--------
nle(id0,id1,dist): 34 45 1.2840154334377925
list:
dist: 1.2840154334377925 vs. 1.2840154334377925
--------
nle(id0,id1,dist): 34 44 2.2133828725946496
list:
dist: 2.2133828725946496 vs. 2.2133828725946496
--------
nle(id0,id1,dist): 34 43 1.9911352942019815
list:
dist: 1.9911352942019815 vs. 1.9911352942019815
--------
nle(id0,id1,dist): 34 42 1.6883095948953057
list:
dist: 1.6883095948953057 vs. 1.6883095948953057
--------
nle(id0,id1,dist): 34 41 1.4294406772816495
list:
dist: 1.4294406772816495 vs. 1.4294406772816495
--------
nle(id0,id1,dist): 34 40 0.9919116963193043
list:
dist: 0.9919116963193043 vs. 0.9919116963193043
--------
nle(id0,id1,dist): 34 39 1.5543055903744636
list:
dist: 1.5543055903744636 vs. 1.5543055903744636
--------
nle(id0,id1,dist): 33 60 4.049741049614088
list:
dist: 4.049741049614088 vs. 4.049741049614088
--------
nle(id0,id1,dist): 33 62 3.7423663152356617
list:
dist: 3.7423663152356617 vs. 3.7423663152356617
--------
nle(id0,id1,dist): 34 36 1.2734060247613022
list:
dist: 1.2734060247613022 vs. 1.2734060247613022
--------
nle(id0,id1,dist): 34 35 1.362736662979319
list:
dist: 1.362736662979319 vs. 1.362736662979319
--------
nle(id0,id1,dist): 34 38 0.9623065775547907
list:
dist: 0.9623065775547907 vs. 0.9623065775547907
--------
nle(id0,id1,dist): 34 37 1.32704472315114
list:
dist: 1.32704472315114 vs. 1.32704472315114
--------
nle(id0,id1,dist): 33 44 2.436033159187413
list:
dist: 2.436033159187413 vs. 2.436033159187413
--------
nle(id0,id1,dist): 33 45 1.3007101281295672
list:
dist: 1.3007101281295672 vs. 1.3007101281295672
--------
nle(id0,id1,dist): 33 46 1.9580214621274685
list:
dist: 1.9580214621274685 vs. 1.9580214621274685
--------
nle(id0,id1,dist): 33 47 1.8268652381700026
list:
dist: 1.8268652381700026 vs. 1.8268652381700026
--------
nle(id0,id1,dist): 33 48 2.1542204144225727
list:
dist: 2.1542204144225727 vs. 2.1542204144225727
--------
nle(id0,id1,dist): 33 49 3.041814291881177
list:
dist: 3.041814291881177 vs. 3.041814291881177
--------
nle(id0,id1,dist): 33 51 2.1108043458124888
list:
dist: 2.1108043458124888 vs. 2.1108043458124888
--------
nle(id0,id1,dist): 33 52 2.7574722740150777
list:
dist: 2.7574722740150777 vs. 2.7574722740150777
--------
nle(id0,id1,dist): 33 54 2.72005770716568
list:
dist: 2.72005770716568 vs. 2.72005770716568
--------
nle(id0,id1,dist): 33 55 2.9364768430649137
list:
dist: 2.9364768430649137 vs. 2.9364768430649137
--------
nle(id0,id1,dist): 33 56 2.4655802111411953
list:
dist: 2.4655802111411953 vs. 2.4655802111411953
--------
nle(id0,id1,dist): 33 57 3.0097716965719234
list:
dist: 3.0097716965719234 vs. 3.0097716965719234
--------
nle(id0,id1,dist): 33 59 3.000210521125922
list:
dist: 3.000210521125922 vs. 3.000210521125922
--------
nle(id0,id1,dist): 33 35 0.5401294498491698
list:
dist: 0.5401294498491698 vs. 0.5401294498491698
--------
nle(id0,id1,dist): 33 34 0.8783400414329855
list:
dist: 0.8783400414329855 vs. 0.8783400414329855
--------
nle(id0,id1,dist): 33 39 1.537717230989866
list:
dist: 1.537717230989866 vs. 1.537717230989866
--------
nle(id0,id1,dist): 33 38 1.3597302991154914
list:
dist: 1.3597302991154914 vs. 1.3597302991154914
--------
nle(id0,id1,dist): 33 37 1.370618502984169
list:
dist: 1.370618502984169 vs. 1.370618502984169
--------
nle(id0,id1,dist): 33 36 0.8493888422199126
list:
dist: 0.8493888422199126 vs. 0.8493888422199126
--------
nle(id0,id1,dist): 33 43 2.620122138449037
list:
dist: 2.620122138449037 vs. 2.620122138449037
--------
nle(id0,id1,dist): 33 42 2.3722692928827276
list:
dist: 2.3722692928827276 vs. 2.3722692928827276
--------
nle(id0,id1,dist): 33 41 1.5881160439336228
list:
dist: 1.5881160439336228 vs. 1.5881160439336228
--------
nle(id0,id1,dist): 33 40 1.5956344213507483
list:
dist: 1.5956344213507483 vs. 1.5956344213507483
--------
nle(id0,id1,dist): 32 51 2.41374044686998
list:
dist: 2.41374044686998 vs. 2.41374044686998
--------
nle(id0,id1,dist): 32 52 2.9566244455803763
list:
dist: 2.9566244455803763 vs. 2.9566244455803763
--------
nle(id0,id1,dist): 32 49 3.3597142449445316
list:
dist: 3.3597142449445316 vs. 3.3597142449445316
--------
nle(id0,id1,dist): 32 55 3.07034203512342
list:
dist: 3.07034203512342 vs. 3.07034203512342
--------
nle(id0,id1,dist): 32 56 2.758236905309535
list:
dist: 2.758236905309535 vs. 2.758236905309535
--------
nle(id0,id1,dist): 32 54 2.957603488051158
list:
dist: 2.957603488051158 vs. 2.957603488051158
--------
nle(id0,id1,dist): 32 59 3.2824826322275014
list:
dist: 3.2824826322275014 vs. 3.2824826322275014
--------
nle(id0,id1,dist): 32 60 4.642010548667477
list:
dist: 4.642010548667477 vs. 4.642010548667477
--------
nle(id0,id1,dist): 32 57 3.339438118569502
list:
dist: 3.339438118569502 vs. 3.339438118569502
--------
nle(id0,id1,dist): 32 62 4.3657632211605195
list:
dist: 4.3657632211605195 vs. 4.3657632211605195
--------
nle(id0,id1,dist): 32 38 1.7371362603972105
list:
dist: 1.7371362603972105 vs. 1.7371362603972105
--------
nle(id0,id1,dist): 32 37 1.2666336664042337
list:
dist: 1.2666336664042337 vs. 1.2666336664042337
--------
nle(id0,id1,dist): 32 40 1.6877046296631601
list:
dist: 1.6877046296631601 vs. 1.6877046296631601
--------
nle(id0,id1,dist): 32 39 1.8467265617182853
list:
dist: 1.8467265617182853 vs. 1.8467265617182853
--------
nle(id0,id1,dist): 32 34 1.358826499802563
list:
dist: 1.358826499802563 vs. 1.358826499802563
--------
nle(id0,id1,dist): 32 33 0.7011452075508702
list:
dist: 0.7011452075508702 vs. 0.7011452075508702
--------
nle(id0,id1,dist): 32 36 1.3185738218586038
list:
dist: 1.3185738218586038 vs. 1.3185738218586038
--------
nle(id0,id1,dist): 32 35 0.6559370232615975
list:
dist: 0.6559370232615975 vs. 0.6559370232615975
--------
nle(id0,id1,dist): 32 46 2.326280844329613
list:
dist: 2.326280844329613 vs. 2.326280844329613
--------
nle(id0,id1,dist): 32 45 1.160020164868522
list:
dist: 1.160020164868522 vs. 1.160020164868522
--------
nle(id0,id1,dist): 32 48 2.7099644556131124
list:
dist: 2.7099644556131124 vs. 2.7099644556131124
--------
nle(id0,id1,dist): 32 47 2.1192303836064648
list:
dist: 2.1192303836064648 vs. 2.1192303836064648
--------
nle(id0,id1,dist): 32 42 2.614298960674816
list:
dist: 2.614298960674816 vs. 2.614298960674816
--------
nle(id0,id1,dist): 32 41 1.3563700541502344
list:
dist: 1.3563700541502344 vs. 1.3563700541502344
--------
nle(id0,id1,dist): 32 44 2.3814616154246644
list:
dist: 2.3814616154246644 vs. 2.3814616154246644
--------
nle(id0,id1,dist): 32 43 2.6207158791290093
list:
dist: 2.6207158791290093 vs. 2.6207158791290093
--------
nle(id0,id1,dist): 31 59 2.530158330785792
list:
dist: 2.530158330785792 vs. 2.530158330785792
--------
nle(id0,id1,dist): 31 60 5.05391083283806
list:
dist: 5.05391083283806 vs. 5.05391083283806
--------
nle(id0,id1,dist): 31 54 2.7794875099930767
list:
dist: 2.7794875099930767 vs. 2.7794875099930767
--------
nle(id0,id1,dist): 31 55 2.6033659573722407
list:
dist: 2.6033659573722407 vs. 2.6033659573722407
--------
nle(id0,id1,dist): 31 56 2.898661801198413
list:
dist: 2.898661801198413 vs. 2.898661801198413
--------
nle(id0,id1,dist): 31 57 2.7414383586925033
list:
dist: 2.7414383586925033 vs. 2.7414383586925033
--------
nle(id0,id1,dist): 31 62 4.617841831284984
list:
dist: 4.617841831284984 vs. 4.617841831284984
--------
nle(id0,id1,dist): 31 45 1.1642176949318293
list:
dist: 1.1642176949318293 vs. 1.1642176949318293
--------
nle(id0,id1,dist): 31 44 1.7026026166488344
list:
dist: 1.7026026166488344 vs. 1.7026026166488344
--------
nle(id0,id1,dist): 31 43 2.86136508681593
list:
dist: 2.86136508681593 vs. 2.86136508681593
--------
nle(id0,id1,dist): 31 42 2.35765766079948
list:
dist: 2.35765766079948 vs. 2.35765766079948
--------
nle(id0,id1,dist): 31 41 1.7098778555682808
list:
dist: 1.7098778555682808 vs. 1.7098778555682808
--------
nle(id0,id1,dist): 31 40 2.1075116126323397
list:
dist: 2.1075116126323397 vs. 2.1075116126323397
--------
nle(id0,id1,dist): 31 39 0.8872295246296418
list:
dist: 0.8872295246296418 vs. 0.8872295246296418
--------
nle(id0,id1,dist): 31 38 1.3693860480889293
list:
dist: 1.3693860480889293 vs. 1.3693860480889293
--------
nle(id0,id1,dist): 31 52 3.051897090531765
list:
dist: 3.051897090531765 vs. 3.051897090531765
--------
nle(id0,id1,dist): 31 51 2.7775984045849715
list:
dist: 2.7775984045849715 vs. 2.7775984045849715
--------
nle(id0,id1,dist): 31 49 2.4692698297248104
list:
dist: 2.4692698297248104 vs. 2.4692698297248104
--------
nle(id0,id1,dist): 31 48 2.590084877715102
list:
dist: 2.590084877715102 vs. 2.590084877715102
--------
nle(id0,id1,dist): 31 47 1.991323014535194
list:
dist: 1.991323014535194 vs. 1.991323014535194
--------
nle(id0,id1,dist): 31 46 1.8958778969087864
list:
dist: 1.8958778969087864 vs. 1.8958778969087864
--------
nle(id0,id1,dist): 30 59 3.749908145629427
list:
dist: 3.749908145629427 vs. 3.749908145629427
--------
nle(id0,id1,dist): 31 36 0.9986456926345066
list:
dist: 0.9986456926345066 vs. 0.9986456926345066
--------
nle(id0,id1,dist): 31 37 1.1201373159660886
list:
dist: 1.1201373159660886 vs. 1.1201373159660886
--------
nle(id0,id1,dist): 31 34 1.8162277989123652
list:
dist: 1.8162277989123652 vs. 1.8162277989123652
--------
nle(id0,id1,dist): 31 35 1.0813766813737087
list:
dist: 1.0813766813737087 vs. 1.0813766813737087
--------
nle(id0,id1,dist): 31 32 1.3871543159367516
list:
dist: 1.3871543159367516 vs. 1.3871543159367516
--------
nle(id0,id1,dist): 31 33 1.404238835852706
list:
dist: 1.404238835852706 vs. 1.404238835852706
--------
nle(id0,id1,dist): 43 59 2.265388883646523
list:
dist: 2.265388883646523 vs. 2.265388883646523
--------
nle(id0,id1,dist): 43 58 1.7735414189118848
list:
dist: 1.7735414189118848 vs. 1.7735414189118848
--------
nle(id0,id1,dist): 44 47 1.4705408396688329
list:
dist: 1.4705408396688329 vs. 1.4705408396688329
--------
nle(id0,id1,dist): 44 48 2.4887009726040983
list:
dist: 2.4887009726040983 vs. 2.4887009726040983
--------
nle(id0,id1,dist): 44 45 1.2516037392017145
list:
dist: 1.2516037392017145 vs. 1.2516037392017145
--------
nle(id0,id1,dist): 44 46 1.482205926697697
list:
dist: 1.482205926697697 vs. 1.482205926697697
--------
nle(id0,id1,dist): 44 52 2.0660810015436875
list:
dist: 2.0660810015436875 vs. 2.0660810015436875
--------
nle(id0,id1,dist): 44 49 1.7204356995279246
list:
dist: 1.7204356995279246 vs. 1.7204356995279246
--------
nle(id0,id1,dist): 44 50 1.9860523520420523
list:
dist: 1.9860523520420523 vs. 1.9860523520420523
--------
nle(id0,id1,dist): 42 74 4.163006210409944
list:
dist: 4.163006210409944 vs. 4.163006210409944
--------
nle(id0,id1,dist): 42 73 3.4903231567267112
list:
dist: 3.4903231567267112 vs. 3.4903231567267112
--------
nle(id0,id1,dist): 43 50 0.8248897319022335
list:
dist: 0.8248897319022335 vs. 0.8248897319022335
--------
nle(id0,id1,dist): 43 51 1.226272208779574
list:
dist: 1.226272208779574 vs. 1.226272208779574
--------
nle(id0,id1,dist): 43 52 0.8221679432580058
list:
dist: 0.8221679432580058 vs. 0.8221679432580058
--------
nle(id0,id1,dist): 43 53 0.890114392818127
list:
dist: 0.890114392818127 vs. 0.890114392818127
--------
nle(id0,id1,dist): 43 54 1.156024983129094
list:
dist: 1.156024983129094 vs. 1.156024983129094
--------
nle(id0,id1,dist): 43 55 1.4538902000165805
list:
dist: 1.4538902000165805 vs. 1.4538902000165805
--------
nle(id0,id1,dist): 43 56 1.1163075045094926
list:
dist: 1.1163075045094926 vs. 1.1163075045094926
--------
nle(id0,id1,dist): 43 57 2.1303254947878787
list:
dist: 2.1303254947878787 vs. 2.1303254947878787
--------
nle(id0,id1,dist): 42 80 4.370030280902276
list:
dist: 4.370030280902276 vs. 4.370030280902276
--------
nle(id0,id1,dist): 43 44 1.8274445723865467
list:
dist: 1.8274445723865467 vs. 1.8274445723865467
--------
nle(id0,id1,dist): 43 45 1.7663611675041435
list:
dist: 1.7663611675041435 vs. 1.7663611675041435
--------
nle(id0,id1,dist): 43 46 1.8258707538104566
list:
dist: 1.8258707538104566 vs. 1.8258707538104566
--------
nle(id0,id1,dist): 43 47 1.3444671184474246
list:
dist: 1.3444671184474246 vs. 1.3444671184474246
--------
nle(id0,id1,dist): 43 49 2.656215523073396
list:
dist: 2.656215523073396 vs. 2.656215523073396
--------
nle(id0,id1,dist): 42 46 0.7305921748729091
list:
dist: 0.7305921748729091 vs. 0.7305921748729091
--------
nle(id0,id1,dist): 42 45 1.6499229963553064
list:
dist: 1.6499229963553064 vs. 1.6499229963553064
--------
nle(id0,id1,dist): 42 44 1.4014459093930531
list:
dist: 1.4014459093930531 vs. 1.4014459093930531
--------
nle(id0,id1,dist): 42 43 1.234584055584331
list:
dist: 1.234584055584331 vs. 1.234584055584331
--------
nle(id0,id1,dist): 42 62 3.424195374256678
list:
dist: 3.424195374256678 vs. 3.424195374256678
--------
nle(id0,id1,dist): 42 59 1.1278138837658402
list:
dist: 1.1278138837658402 vs. 1.1278138837658402
--------
nle(id0,id1,dist): 42 60 3.876991939639417
list:
dist: 3.876991939639417 vs. 3.876991939639417
--------
nle(id0,id1,dist): 42 57 0.9705060659039437
list:
dist: 0.9705060659039437 vs. 0.9705060659039437
--------
nle(id0,id1,dist): 42 58 1.0988768538402944
list:
dist: 1.0988768538402944 vs. 1.0988768538402944
--------
nle(id0,id1,dist): 42 55 0.7544767795956835
list:
dist: 0.7544767795956835 vs. 0.7544767795956835
--------
nle(id0,id1,dist): 42 56 0.8788170931001075
list:
dist: 0.8788170931001075 vs. 0.8788170931001075
--------
nle(id0,id1,dist): 42 53 0.9074567688622813
list:
dist: 0.9074567688622813 vs. 0.9074567688622813
--------
nle(id0,id1,dist): 42 54 0.42694586705430293
list:
dist: 0.42694586705430293 vs. 0.42694586705430293
--------
nle(id0,id1,dist): 42 51 1.2129899226133427
list:
dist: 1.2129899226133427 vs. 1.2129899226133427
--------
nle(id0,id1,dist): 42 52 0.8861722686286918
list:
dist: 0.8861722686286918 vs. 0.8861722686286918
--------
nle(id0,id1,dist): 42 49 1.4819563158788585
list:
dist: 1.4819563158788585 vs. 1.4819563158788585
--------
nle(id0,id1,dist): 42 50 1.2817775947892969
list:
dist: 1.2817775947892969 vs. 1.2817775947892969
--------
nle(id0,id1,dist): 42 47 0.5573246682311953
list:
dist: 0.5573246682311953 vs. 0.5573246682311953
--------
nle(id0,id1,dist): 42 48 1.379848272528927
list:
dist: 1.379848272528927 vs. 1.379848272528927
--------
nle(id0,id1,dist): 41 49 2.732693377803618
list:
dist: 2.732693377803618 vs. 2.732693377803618
--------
nle(id0,id1,dist): 41 51 1.7401513990247368
list:
dist: 1.7401513990247368 vs. 1.7401513990247368
--------
nle(id0,id1,dist): 41 50 2.087836251844567
list:
dist: 2.087836251844567 vs. 2.087836251844567
--------
nle(id0,id1,dist): 41 45 0.5605996116357449
list:
dist: 0.5605996116357449 vs. 0.5605996116357449
--------
nle(id0,id1,dist): 41 44 1.43452695103948
list:
dist: 1.43452695103948 vs. 1.43452695103948
--------
nle(id0,id1,dist): 41 47 1.383921149808348
list:
dist: 1.383921149808348 vs. 1.383921149808348
--------
nle(id0,id1,dist): 41 46 1.763192197063907
list:
dist: 1.763192197063907 vs. 1.763192197063907
--------
nle(id0,id1,dist): 40 80 4.684539288590129
list:
dist: 4.684539288590129 vs. 4.684539288590129
--------
nle(id0,id1,dist): 41 43 1.392139013848497
list:
dist: 1.392139013848497 vs. 1.392139013848497
--------
nle(id0,id1,dist): 41 42 1.6775082154653336
list:
dist: 1.6775082154653336 vs. 1.6775082154653336
--------
nle(id0,id1,dist): 40 74 4.666952684733882
list:
dist: 4.666952684733882 vs. 4.666952684733882
--------
nle(id0,id1,dist): 40 73 3.958672431198667
list:
dist: 3.958672431198667 vs. 3.958672431198667
--------
nle(id0,id1,dist): 41 56 1.9100048041228288
list:
dist: 1.9100048041228288 vs. 1.9100048041228288
--------
nle(id0,id1,dist): 41 57 2.545027994395471
list:
dist: 2.545027994395471 vs. 2.545027994395471
--------
nle(id0,id1,dist): 41 58 2.6944210246771543
list:
dist: 2.6944210246771543 vs. 2.6944210246771543
--------
nle(id0,id1,dist): 41 59 2.5036715180158584
list:
dist: 2.5036715180158584 vs. 2.5036715180158584
--------
nle(id0,id1,dist): 41 52 1.9155103893747731
list:
dist: 1.9155103893747731 vs. 1.9155103893747731
--------
nle(id0,id1,dist): 41 53 1.8398202728202786
list:
dist: 1.8398202728202786 vs. 1.8398202728202786
--------
nle(id0,id1,dist): 41 54 1.9485832886057322
list:
dist: 1.9485832886057322 vs. 1.9485832886057322
--------
nle(id0,id1,dist): 41 55 1.9761257443069793
list:
dist: 1.9761257443069793 vs. 1.9761257443069793
--------
nle(id0,id1,dist): 40 43 1.0366958616029767
list:
dist: 1.0366958616029767 vs. 1.0366958616029767
--------
nle(id0,id1,dist): 40 44 1.7589672254185826
list:
dist: 1.7589672254185826 vs. 1.7589672254185826
--------
nle(id0,id1,dist): 40 41 0.8359493784267986
list:
dist: 0.8359493784267986 vs. 0.8359493784267986
--------
nle(id0,id1,dist): 40 42 1.242061887729092
list:
dist: 1.242061887729092 vs. 1.242061887729092
--------
nle(id0,id1,dist): 40 47 0.8856590471370341
list:
dist: 0.8856590471370341 vs. 0.8856590471370341
--------
nle(id0,id1,dist): 40 48 1.7731820413361896
list:
dist: 1.7731820413361896 vs. 1.7731820413361896
--------
nle(id0,id1,dist): 40 45 1.063374133638447
list:
dist: 1.063374133638447 vs. 1.063374133638447
--------
nle(id0,id1,dist): 40 46 1.3941044770537758
list:
dist: 1.3941044770537758 vs. 1.3941044770537758
--------
nle(id0,id1,dist): 40 51 0.9089639271987462
list:
dist: 0.9089639271987462 vs. 0.9089639271987462
--------
nle(id0,id1,dist): 40 52 1.2901675840370745
list:
dist: 1.2901675840370745 vs. 1.2901675840370745
--------
nle(id0,id1,dist): 40 49 2.5490110996567377
list:
dist: 2.5490110996567377 vs. 2.5490110996567377
--------
nle(id0,id1,dist): 40 50 1.7470651184710928
list:
dist: 1.7470651184710928 vs. 1.7470651184710928
--------
nle(id0,id1,dist): 40 55 1.794321050815038
list:
dist: 1.794321050815038 vs. 1.794321050815038
--------
nle(id0,id1,dist): 40 56 1.1627468569461277
list:
dist: 1.1627468569461277 vs. 1.1627468569461277
--------
nle(id0,id1,dist): 40 53 1.5815024128539985
list:
dist: 1.5815024128539985 vs. 1.5815024128539985
--------
nle(id0,id1,dist): 40 54 1.4401452732793287
list:
dist: 1.4401452732793287 vs. 1.4401452732793287
--------
nle(id0,id1,dist): 40 60 3.8504799044325084
list:
dist: 3.8504799044325084 vs. 3.8504799044325084
--------
nle(id0,id1,dist): 40 59 2.2803610114893016
list:
dist: 2.2803610114893016 vs. 2.2803610114893016
--------
nle(id0,id1,dist): 40 58 2.2098487933489066
list:
dist: 2.2098487933489066 vs. 2.2098487933489066
--------
nle(id0,id1,dist): 40 57 2.181577112964605
list:
dist: 2.181577112964605 vs. 2.181577112964605
--------
nle(id0,id1,dist): 40 62 3.54648531182363
list:
dist: 3.54648531182363 vs. 3.54648531182363
--------
nle(id0,id1,dist): 39 46 1.18285813171448
list:
dist: 1.18285813171448 vs. 1.18285813171448
--------
nle(id0,id1,dist): 39 47 1.467550105692642
list:
dist: 1.467550105692642 vs. 1.467550105692642
--------
nle(id0,id1,dist): 39 48 1.8456416779718676
list:
dist: 1.8456416779718676 vs. 1.8456416779718676
--------
nle(id0,id1,dist): 39 49 1.7203182445115188
list:
dist: 1.7203182445115188 vs. 1.7203182445115188
--------
nle(id0,id1,dist): 39 51 2.348560270379145
list:
dist: 2.348560270379145 vs. 2.348560270379145
--------
nle(id0,id1,dist): 39 52 2.5879810010835094
list:
dist: 2.5879810010835094 vs. 2.5879810010835094
--------
nle(id0,id1,dist): 39 54 2.2220876669697027
list:
dist: 2.2220876669697027 vs. 2.2220876669697027
--------
nle(id0,id1,dist): 39 55 2.1196857686187736
list:
dist: 2.1196857686187736 vs. 2.1196857686187736
--------
nle(id0,id1,dist): 39 56 2.38159907415827
list:
dist: 2.38159907415827 vs. 2.38159907415827
--------
nle(id0,id1,dist): 39 57 1.999467541917621
list:
dist: 1.999467541917621 vs. 1.999467541917621
--------
nle(id0,id1,dist): 39 59 1.8261706365610997
list:
dist: 1.8261706365610997 vs. 1.8261706365610997
--------
nle(id0,id1,dist): 39 60 4.43974796739669
list:
dist: 4.43974796739669 vs. 4.43974796739669
--------
nle(id0,id1,dist): 39 62 3.9417531026039807
list:
dist: 3.9417531026039807 vs. 3.9417531026039807
--------
nle(id0,id1,dist): 38 57 1.665470862596227
list:
dist: 1.665470862596227 vs. 1.665470862596227
--------
nle(id0,id1,dist): 38 58 2.2191191208398515
list:
dist: 2.2191191208398515 vs. 2.2191191208398515
--------
nle(id0,id1,dist): 38 55 1.7262325659637652
list:
dist: 1.7262325659637652 vs. 1.7262325659637652
--------
nle(id0,id1,dist): 38 56 1.6326357329372922
list:
dist: 1.6326357329372922 vs. 1.6326357329372922
--------
nle(id0,id1,dist): 38 53 1.9884563550196064
list:
dist: 1.9884563550196064 vs. 1.9884563550196064
--------
nle(id0,id1,dist): 38 54 1.601060702878826
list:
dist: 1.601060702878826 vs. 1.601060702878826
--------
nle(id0,id1,dist): 38 51 1.571904363897581
list:
dist: 1.571904363897581 vs. 1.571904363897581
--------
nle(id0,id1,dist): 38 52 1.8798286111497444
list:
dist: 1.8798286111497444 vs. 1.8798286111497444
--------
nle(id0,id1,dist): 38 62 3.415833950029317
list:
dist: 3.415833950029317 vs. 3.415833950029317
--------
nle(id0,id1,dist): 38 59 1.6441792845222365
list:
dist: 1.6441792845222365 vs. 1.6441792845222365
--------
nle(id0,id1,dist): 38 60 3.8774560829382216
list:
dist: 3.8774560829382216 vs. 3.8774560829382216
--------
nle(id0,id1,dist): 38 74 4.763355929512211
list:
dist: 4.763355929512211 vs. 4.763355929512211
--------
nle(id0,id1,dist): 38 73 3.7313927681380514
list:
dist: 3.7313927681380514 vs. 3.7313927681380514
--------
nle(id0,id1,dist): 39 45 1.3419583223591343
list:
dist: 1.3419583223591343 vs. 1.3419583223591343
--------
nle(id0,id1,dist): 39 44 1.5782207292030705
list:
dist: 1.5782207292030705 vs. 1.5782207292030705
--------
nle(id0,id1,dist): 39 43 2.6349571123469304
list:
dist: 2.6349571123469304 vs. 2.6349571123469304
--------
nle(id0,id1,dist): 38 80 4.798802159895913
list:
dist: 4.798802159895913 vs. 4.798802159895913
--------
nle(id0,id1,dist): 39 42 1.8004500113939086
list:
dist: 1.8004500113939086 vs. 1.8004500113939086
--------
nle(id0,id1,dist): 39 41 1.8663337077383653
list:
dist: 1.8663337077383653 vs. 1.8663337077383653
--------
nle(id0,id1,dist): 39 40 1.9294213122172166
list:
dist: 1.9294213122172166 vs. 1.9294213122172166
--------
nle(id0,id1,dist): 37 60 4.651278892120044
list:
dist: 4.651278892120044 vs. 4.651278892120044
--------
nle(id0,id1,dist): 37 62 4.2663708920926044
list:
dist: 4.2663708920926044 vs. 4.2663708920926044
--------
nle(id0,id1,dist): 37 56 2.0244257489725266
list:
dist: 2.0244257489725266 vs. 2.0244257489725266
--------
nle(id0,id1,dist): 37 57 2.2806693182513387
list:
dist: 2.2806693182513387 vs. 2.2806693182513387
--------
nle(id0,id1,dist): 37 58 2.654129211208903
list:
dist: 2.654129211208903 vs. 2.654129211208903
--------
nle(id0,id1,dist): 37 59 2.169179991945143
list:
dist: 2.169179991945143 vs. 2.169179991945143
--------
nle(id0,id1,dist): 38 40 1.2490405061845977
list:
dist: 1.2490405061845977 vs. 1.2490405061845977
--------
nle(id0,id1,dist): 38 39 0.776776429175142
list:
dist: 0.776776429175142 vs. 0.776776429175142
--------
nle(id0,id1,dist): 38 42 1.1975250017362873
list:
dist: 1.1975250017362873 vs. 1.1975250017362873
--------
nle(id0,id1,dist): 38 41 1.4637340526300011
list:
dist: 1.4637340526300011 vs. 1.4637340526300011
--------
nle(id0,id1,dist): 37 73 4.638318388365365
list:
dist: 4.638318388365365 vs. 4.638318388365365
--------
nle(id0,id1,dist): 37 74 5.518761802551565
list:
dist: 5.518761802551565 vs. 5.518761802551565
--------
nle(id0,id1,dist): 38 48 1.2710293418965313
list:
dist: 1.2710293418965313 vs. 1.2710293418965313
--------
nle(id0,id1,dist): 38 47 0.7448564484688777
list:
dist: 0.7448564484688777 vs. 0.7448564484688777
--------
nle(id0,id1,dist): 38 50 2.3758636890468914
list:
dist: 2.3758636890468914 vs. 2.3758636890468914
--------
nle(id0,id1,dist): 38 49 1.707249002341032
list:
dist: 1.707249002341032 vs. 1.707249002341032
--------
nle(id0,id1,dist): 38 44 1.507543460716937
list:
dist: 1.507543460716937 vs. 1.507543460716937
--------
nle(id0,id1,dist): 37 80 5.566787186846008
list:
dist: 5.566787186846008 vs. 5.566787186846008
--------
nle(id0,id1,dist): 38 43 1.9858038069009858
list:
dist: 1.9858038069009858 vs. 1.9858038069009858
--------
nle(id0,id1,dist): 38 46 0.6312332479282144
list:
dist: 0.6312332479282144 vs. 0.6312332479282144
--------
nle(id0,id1,dist): 38 45 1.0941974964912489
list:
dist: 1.0941974964912489 vs. 1.0941974964912489
--------
nle(id0,id1,dist): 23 28 0.7388461683238235
list:
dist: 0.7388461683238235 vs. 0.7388461683238235
--------
nle(id0,id1,dist): 23 29 1.5065921053094509
list:
dist: 1.5065921053094509 vs. 1.5065921053094509
--------
nle(id0,id1,dist): 23 26 1.5619352202387018
list:
dist: 1.5619352202387018 vs. 1.5619352202387018
--------
nle(id0,id1,dist): 23 27 1.5484376256205385
list:
dist: 1.5484376256205385 vs. 1.5484376256205385
--------
nle(id0,id1,dist): 23 24 0.6343296641964083
list:
dist: 0.6343296641964083 vs. 0.6343296641964083
--------
nle(id0,id1,dist): 23 25 1.0184344559702427
list:
dist: 1.0184344559702427 vs. 1.0184344559702427
--------
nle(id0,id1,dist): 22 57 5.4628048257068915
list:
dist: 5.4628048257068915 vs. 5.4628048257068915
--------
nle(id0,id1,dist): 22 55 5.036202252029688
list:
dist: 5.036202252029688 vs. 5.036202252029688
--------
nle(id0,id1,dist): 22 56 4.221614930359777
list:
dist: 4.221614930359777 vs. 4.221614930359777
--------
nle(id0,id1,dist): 22 54 4.701550042214691
list:
dist: 4.701550042214691 vs. 4.701550042214691
--------
nle(id0,id1,dist): 22 51 3.7425239469422156
list:
dist: 3.7425239469422156 vs. 3.7425239469422156
--------
nle(id0,id1,dist): 22 52 4.360678148435466
list:
dist: 4.360678148435466 vs. 4.360678148435466
--------
nle(id0,id1,dist): 22 47 4.120579857439132
list:
dist: 4.120579857439132 vs. 4.120579857439132
--------
nle(id0,id1,dist): 22 46 4.536792917042019
list:
dist: 4.536792917042019 vs. 4.536792917042019
--------
nle(id0,id1,dist): 22 45 3.4558186795532633
list:
dist: 3.4558186795532633 vs. 3.4558186795532633
--------
nle(id0,id1,dist): 22 43 3.873935252325635
list:
dist: 3.873935252325635 vs. 3.873935252325635
--------
nle(id0,id1,dist): 22 42 4.542153189074711
list:
dist: 4.542153189074711 vs. 4.542153189074711
--------
nle(id0,id1,dist): 22 41 3.189599285307391
list:
dist: 3.189599285307391 vs. 3.189599285307391
--------
nle(id0,id1,dist): 22 40 3.300466281057116
list:
dist: 3.300466281057116 vs. 3.300466281057116
--------
nle(id0,id1,dist): 22 39 4.458321056685294
list:
dist: 4.458321056685294 vs. 4.458321056685294
--------
nle(id0,id1,dist): 22 38 4.095765563623871
list:
dist: 4.095765563623871 vs. 4.095765563623871
--------
nle(id0,id1,dist): 22 37 3.591565424971833
list:
dist: 3.591565424971833 vs. 3.591565424971833
--------
nle(id0,id1,dist): 22 36 3.8574807323829634
list:
dist: 3.8574807323829634 vs. 3.8574807323829634
--------
nle(id0,id1,dist): 22 35 3.207312147939016
list:
dist: 3.207312147939016 vs. 3.207312147939016
--------
nle(id0,id1,dist): 23 59 4.0167394155270895
list:
dist: 4.0167394155270895 vs. 4.0167394155270895
--------
nle(id0,id1,dist): 23 54 3.319522538531038
list:
dist: 3.319522538531038 vs. 3.319522538531038
--------
nle(id0,id1,dist): 23 55 3.3684230658791323
list:
dist: 3.3684230658791323 vs. 3.3684230658791323
--------
nle(id0,id1,dist): 23 56 3.148923981979652
list:
dist: 3.148923981979652 vs. 3.148923981979652
--------
nle(id0,id1,dist): 23 57 4.051296556830946
list:
dist: 4.051296556830946 vs. 4.051296556830946
--------
nle(id0,id1,dist): 23 51 2.869291856671405
list:
dist: 2.869291856671405 vs. 2.869291856671405
--------
nle(id0,id1,dist): 23 52 3.0997914870373897
list:
dist: 3.0997914870373897 vs. 3.0997914870373897
--------
nle(id0,id1,dist): 23 46 3.2906658603650696
list:
dist: 3.2906658603650696 vs. 3.2906658603650696
--------
nle(id0,id1,dist): 23 47 2.8678698127091717
list:
dist: 2.8678698127091717 vs. 2.8678698127091717
--------
nle(id0,id1,dist): 23 49 4.260160771740042
list:
dist: 4.260160771740042 vs. 4.260160771740042
--------
nle(id0,id1,dist): 23 43 2.3749827133187353
list:
dist: 2.3749827133187353 vs. 2.3749827133187353
--------
nle(id0,id1,dist): 23 42 3.1385063982366814
list:
dist: 3.1385063982366814 vs. 3.1385063982366814
--------
nle(id0,id1,dist): 23 45 1.940721104296277
list:
dist: 1.940721104296277 vs. 1.940721104296277
--------
nle(id0,id1,dist): 23 44 2.769204458154991
list:
dist: 2.769204458154991 vs. 2.769204458154991
--------
nle(id0,id1,dist): 23 39 3.249513139648748
list:
dist: 3.249513139648748 vs. 3.249513139648748
--------
nle(id0,id1,dist): 23 38 2.9377956853032776
list:
dist: 2.9377956853032776 vs. 2.9377956853032776
--------
nle(id0,id1,dist): 23 41 1.5427705586622145
list:
dist: 1.5427705586622145 vs. 1.5427705586622145
--------
nle(id0,id1,dist): 23 40 2.0830765137230274
list:
dist: 2.0830765137230274 vs. 2.0830765137230274
--------
nle(id0,id1,dist): 23 35 2.518821504937276
list:
dist: 2.518821504937276 vs. 2.518821504937276
--------
nle(id0,id1,dist): 23 34 2.5819356244287364
list:
dist: 2.5819356244287364 vs. 2.5819356244287364
--------
nle(id0,id1,dist): 23 37 2.0537082018805437
list:
dist: 2.0537082018805437 vs. 2.0537082018805437
--------
nle(id0,id1,dist): 23 36 3.084295027083162
list:
dist: 3.084295027083162 vs. 3.084295027083162
--------
nle(id0,id1,dist): 23 31 2.7846982046881883
list:
dist: 2.7846982046881883 vs. 2.7846982046881883
--------
nle(id0,id1,dist): 23 30 1.5472682545020313
list:
dist: 1.5472682545020313 vs. 1.5472682545020313
--------
nle(id0,id1,dist): 23 33 2.446230969983498
list:
dist: 2.446230969983498 vs. 2.446230969983498
--------
nle(id0,id1,dist): 23 32 1.8782870944103716
list:
dist: 1.8782870944103716 vs. 1.8782870944103716
--------
nle(id0,id1,dist): 21 34 3.151870195340897
list:
dist: 3.151870195340897 vs. 3.151870195340897
--------
nle(id0,id1,dist): 21 35 3.173511187038518
list:
dist: 3.173511187038518 vs. 3.173511187038518
--------
nle(id0,id1,dist): 21 32 2.5226508819135023
list:
dist: 2.5226508819135023 vs. 2.5226508819135023
--------
nle(id0,id1,dist): 21 33 3.028701369645034
list:
dist: 3.028701369645034 vs. 3.028701369645034
--------
nle(id0,id1,dist): 21 38 3.726646913556326
list:
dist: 3.726646913556326 vs. 3.726646913556326
--------
nle(id0,id1,dist): 21 39 4.112183155164487
list:
dist: 4.112183155164487 vs. 4.112183155164487
--------
nle(id0,id1,dist): 21 36 3.7933979042134767
list:
dist: 3.7933979042134767 vs. 3.7933979042134767
--------
nle(id0,id1,dist): 21 37 2.975013135565443
list:
dist: 2.975013135565443 vs. 2.975013135565443
--------
nle(id0,id1,dist): 21 26 0.8916050336998579
list:
dist: 0.8916050336998579 vs. 0.8916050336998579
--------
nle(id0,id1,dist): 21 27 1.1843671183569129
list:
dist: 1.1843671183569129 vs. 1.1843671183569129
--------
nle(id0,id1,dist): 21 24 0.6396421080087032
list:
dist: 0.6396421080087032 vs. 0.6396421080087032
--------
nle(id0,id1,dist): 21 25 0.6960865875108394
list:
dist: 0.6960865875108394 vs. 0.6960865875108394
--------
nle(id0,id1,dist): 21 30 2.1704012272907005
list:
dist: 2.1704012272907005 vs. 2.1704012272907005
--------
nle(id0,id1,dist): 21 31 3.6782633178671853
list:
dist: 3.6782633178671853 vs. 3.6782633178671853
--------
nle(id0,id1,dist): 21 28 1.355607163379895
list:
dist: 1.355607163379895 vs. 1.355607163379895
--------
nle(id0,id1,dist): 21 29 1.6409866853879398
list:
dist: 1.6409866853879398 vs. 1.6409866853879398
--------
nle(id0,id1,dist): 21 23 1.0599854477845612
list:
dist: 1.0599854477845612 vs. 1.0599854477845612
--------
nle(id0,id1,dist): 21 22 1.4744939959843082
list:
dist: 1.4744939959843082 vs. 1.4744939959843082
--------
nle(id0,id1,dist): 22 27 2.5319371509882926
list:
dist: 2.5319371509882926 vs. 2.5319371509882926
--------
nle(id0,id1,dist): 22 28 2.2367734757356916
list:
dist: 2.2367734757356916 vs. 2.2367734757356916
--------
nle(id0,id1,dist): 22 29 2.548446199257713
list:
dist: 2.548446199257713 vs. 2.548446199257713
--------
nle(id0,id1,dist): 22 30 2.412889656487697
list:
dist: 2.412889656487697 vs. 2.412889656487697
--------
nle(id0,id1,dist): 22 31 4.053361342628151
list:
dist: 4.053361342628151 vs. 4.053361342628151
--------
nle(id0,id1,dist): 22 32 2.6816125902096206
list:
dist: 2.6816125902096206 vs. 2.6816125902096206
--------
nle(id0,id1,dist): 22 33 3.0301687885309168
list:
dist: 3.0301687885309168 vs. 3.0301687885309168
--------
nle(id0,id1,dist): 22 34 3.2938753345355356
list:
dist: 3.2938753345355356 vs. 3.2938753345355356
--------
nle(id0,id1,dist): 21 56 3.7137718682923575
list:
dist: 3.7137718682923575 vs. 3.7137718682923575
--------
nle(id0,id1,dist): 21 57 4.865028386991551
list:
dist: 4.865028386991551 vs. 4.865028386991551
--------
nle(id0,id1,dist): 22 23 2.220070517928664
list:
dist: 2.220070517928664 vs. 2.220070517928664
--------
nle(id0,id1,dist): 22 24 2.054897786304611
list:
dist: 2.054897786304611 vs. 2.054897786304611
--------
nle(id0,id1,dist): 22 25 1.8355690169668513
list:
dist: 1.8355690169668513 vs. 1.8355690169668513
--------
nle(id0,id1,dist): 22 26 1.9726409078384672
list:
dist: 1.9726409078384672 vs. 1.9726409078384672
--------
nle(id0,id1,dist): 21 51 3.354119181156537
list:
dist: 3.354119181156537 vs. 3.354119181156537
--------
nle(id0,id1,dist): 21 52 3.6974297392446345
list:
dist: 3.6974297392446345 vs. 3.6974297392446345
--------
nle(id0,id1,dist): 21 55 4.224594902774361
list:
dist: 4.224594902774361 vs. 4.224594902774361
--------
nle(id0,id1,dist): 21 54 4.035887318793554
list:
dist: 4.035887318793554 vs. 4.035887318793554
--------
nle(id0,id1,dist): 21 41 2.436404706932661
list:
dist: 2.436404706932661 vs. 2.436404706932661
--------
nle(id0,id1,dist): 21 40 2.7459064625775307
list:
dist: 2.7459064625775307 vs. 2.7459064625775307
--------
nle(id0,id1,dist): 21 43 3.018140638339588
list:
dist: 3.018140638339588 vs. 3.018140638339588
--------
nle(id0,id1,dist): 21 42 3.9096906031272294
list:
dist: 3.9096906031272294 vs. 3.9096906031272294
--------
nle(id0,id1,dist): 21 45 2.8499544706977877
list:
dist: 2.8499544706977877 vs. 2.8499544706977877
--------
nle(id0,id1,dist): 21 47 3.6134174465828313
list:
dist: 3.6134174465828313 vs. 3.6134174465828313
--------
nle(id0,id1,dist): 21 46 4.079180909155015
list:
dist: 4.079180909155015 vs. 4.079180909155015
--------
nle(id0,id1,dist): 19 41 2.901144227576278
list:
dist: 2.901144227576278 vs. 2.901144227576278
--------
nle(id0,id1,dist): 19 40 2.835887596000888
list:
dist: 2.835887596000888 vs. 2.835887596000888
--------
nle(id0,id1,dist): 19 39 4.383293611601895
list:
dist: 4.383293611601895 vs. 4.383293611601895
--------
nle(id0,id1,dist): 19 38 3.863308818157426
list:
dist: 3.863308818157426 vs. 3.863308818157426
--------
nle(id0,id1,dist): 19 37 3.418532018976244
list:
dist: 3.418532018976244 vs. 3.418532018976244
--------
nle(id0,id1,dist): 19 36 3.9338402110079644
list:
dist: 3.9338402110079644 vs. 3.9338402110079644
--------
nle(id0,id1,dist): 19 35 3.4013074053014716
list:
dist: 3.4013074053014716 vs. 3.4013074053014716
--------
nle(id0,id1,dist): 19 34 3.0549857832216727
list:
dist: 3.0549857832216727 vs. 3.0549857832216727
--------
nle(id0,id1,dist): 19 47 3.6932984647421407
list:
dist: 3.6932984647421407 vs. 3.6932984647421407
--------
nle(id0,id1,dist): 19 46 4.176435765619336
list:
dist: 4.176435765619336 vs. 4.176435765619336
--------
nle(id0,id1,dist): 19 45 3.2905570411572738
list:
dist: 3.2905570411572738 vs. 3.2905570411572738
--------
nle(id0,id1,dist): 19 43 3.196764344354984
list:
dist: 3.196764344354984 vs. 3.196764344354984
--------
nle(id0,id1,dist): 19 42 4.033621397577383
list:
dist: 4.033621397577383 vs. 4.033621397577383
--------
nle(id0,id1,dist): 19 24 1.7473680191968077
list:
dist: 1.7473680191968077 vs. 1.7473680191968077
--------
nle(id0,id1,dist): 19 25 1.973206947973063
list:
dist: 1.973206947973063 vs. 1.973206947973063
--------
nle(id0,id1,dist): 19 22 1.0970749238825126
list:
dist: 1.0970749238825126 vs. 1.0970749238825126
--------
nle(id0,id1,dist): 19 23 2.0789193528684304
list:
dist: 2.0789193528684304 vs. 2.0789193528684304
--------
nle(id0,id1,dist): 18 57 4.972902310339017
list:
dist: 4.972902310339017 vs. 4.972902310339017
--------
nle(id0,id1,dist): 19 20 1.6006887284693496
list:
dist: 1.6006887284693496 vs. 1.6006887284693496
--------
nle(id0,id1,dist): 19 21 1.3165098895134821
list:
dist: 1.3165098895134821 vs. 1.3165098895134821
--------
nle(id0,id1,dist): 18 55 4.473024094474625
list:
dist: 4.473024094474625 vs. 4.473024094474625
--------
nle(id0,id1,dist): 18 56 3.802817438452255
list:
dist: 3.802817438452255 vs. 3.802817438452255
--------
nle(id0,id1,dist): 19 32 2.8356070404414
list:
dist: 2.8356070404414 vs. 2.8356070404414
--------
nle(id0,id1,dist): 19 33 3.0913410388895812
list:
dist: 3.0913410388895812 vs. 3.0913410388895812
--------
nle(id0,id1,dist): 19 30 2.709513299703036
list:
dist: 2.709513299703036 vs. 2.709513299703036
--------
nle(id0,id1,dist): 19 31 4.142207204341415
list:
dist: 4.142207204341415 vs. 4.142207204341415
--------
nle(id0,id1,dist): 19 28 1.8791099401863998
list:
dist: 1.8791099401863998 vs. 1.8791099401863998
--------
nle(id0,id1,dist): 19 29 1.744236579241109
list:
dist: 1.744236579241109 vs. 1.744236579241109
--------
nle(id0,id1,dist): 19 26 1.2714523036305356
list:
dist: 1.2714523036305356 vs. 1.2714523036305356
--------
nle(id0,id1,dist): 19 27 1.9494706581838126
list:
dist: 1.9494706581838126 vs. 1.9494706581838126
--------
nle(id0,id1,dist): 20 30 2.425247717066582
list:
dist: 2.425247717066582 vs. 2.425247717066582
--------
nle(id0,id1,dist): 20 29 1.8094661519046353
list:
dist: 1.8094661519046353 vs. 1.8094661519046353
--------
nle(id0,id1,dist): 20 41 2.6389418090910097
list:
dist: 2.6389418090910097 vs. 2.6389418090910097
--------
nle(id0,id1,dist): 20 43 3.1755210317985436
list:
dist: 3.1755210317985436 vs. 3.1755210317985436
--------
nle(id0,id1,dist): 19 54 4.103331883410972
list:
dist: 4.103331883410972 vs. 4.103331883410972
--------
nle(id0,id1,dist): 19 55 4.518298306394624
list:
dist: 4.518298306394624 vs. 4.518298306394624
--------
nle(id0,id1,dist): 19 56 3.5774275485519054
list:
dist: 3.5774275485519054 vs. 3.5774275485519054
--------
nle(id0,id1,dist): 19 57 4.984032269783775
list:
dist: 4.984032269783775 vs. 4.984032269783775
--------
nle(id0,id1,dist): 19 51 3.1269643718706055
list:
dist: 3.1269643718706055 vs. 3.1269643718706055
--------
nle(id0,id1,dist): 19 52 3.666452512685962
list:
dist: 3.666452512685962 vs. 3.666452512685962
--------
nle(id0,id1,dist): 20 25 0.6017525045523902
list:
dist: 0.6017525045523902 vs. 0.6017525045523902
--------
nle(id0,id1,dist): 20 26 0.8947956027575789
list:
dist: 0.8947956027575789 vs. 0.8947956027575789
--------
nle(id0,id1,dist): 20 27 0.9879700282874211
list:
dist: 0.9879700282874211 vs. 0.9879700282874211
--------
nle(id0,id1,dist): 20 28 1.5910200840335955
list:
dist: 1.5910200840335955 vs. 1.5910200840335955
--------
nle(id0,id1,dist): 20 21 0.3820387362486738
list:
dist: 0.3820387362486738 vs. 0.3820387362486738
--------
nle(id0,id1,dist): 20 22 1.758734821295892
list:
dist: 1.758734821295892 vs. 1.758734821295892
--------
nle(id0,id1,dist): 20 23 1.1729319846659485
list:
dist: 1.1729319846659485 vs. 1.1729319846659485
--------
nle(id0,id1,dist): 20 24 0.6599479381653179
list:
dist: 0.6599479381653179 vs. 0.6599479381653179
--------
nle(id0,id1,dist): 17 47 4.733245255672635
list:
dist: 4.733245255672635 vs. 4.733245255672635
--------
nle(id0,id1,dist): 17 46 5.18875344603579
list:
dist: 5.18875344603579 vs. 5.18875344603579
--------
nle(id0,id1,dist): 17 45 4.018754465089126
list:
dist: 4.018754465089126 vs. 4.018754465089126
--------
nle(id0,id1,dist): 17 51 4.342275854633574
list:
dist: 4.342275854633574 vs. 4.342275854633574
--------
nle(id0,id1,dist): 17 55 5.488118895003747
list:
dist: 5.488118895003747 vs. 5.488118895003747
--------
nle(id0,id1,dist): 17 54 5.207381873753953
list:
dist: 5.207381873753953 vs. 5.207381873753953
--------
nle(id0,id1,dist): 17 52 4.825914076080035
list:
dist: 4.825914076080035 vs. 4.825914076080035
--------
nle(id0,id1,dist): 18 22 0.7114183816418839
list:
dist: 0.7114183816418839 vs. 0.7114183816418839
--------
nle(id0,id1,dist): 18 21 0.8689030570883856
list:
dist: 0.8689030570883856 vs. 0.8689030570883856
--------
nle(id0,id1,dist): 17 57 6.0417089227292236
list:
dist: 6.0417089227292236 vs. 6.0417089227292236
--------
nle(id0,id1,dist): 18 20 1.2005540288627778
list:
dist: 1.2005540288627778 vs. 1.2005540288627778
--------
nle(id0,id1,dist): 17 56 4.774010705269514
list:
dist: 4.774010705269514 vs. 4.774010705269514
--------
nle(id0,id1,dist): 18 19 1.0913644399758586
list:
dist: 1.0913644399758586 vs. 1.0913644399758586
--------
nle(id0,id1,dist): 17 30 3.0351893004445802
list:
dist: 3.0351893004445802 vs. 3.0351893004445802
--------
nle(id0,id1,dist): 17 31 4.709875645136558
list:
dist: 4.709875645136558 vs. 4.709875645136558
--------
nle(id0,id1,dist): 17 28 2.595262109388284
list:
dist: 2.595262109388284 vs. 2.595262109388284
--------
nle(id0,id1,dist): 17 29 2.7443610045692353
list:
dist: 2.7443610045692353 vs. 2.7443610045692353
--------
nle(id0,id1,dist): 17 34 4.060468264329882
list:
dist: 4.060468264329882 vs. 4.060468264329882
--------
nle(id0,id1,dist): 17 35 3.9940496549109525
list:
dist: 3.9940496549109525 vs. 3.9940496549109525
--------
nle(id0,id1,dist): 17 32 3.4049930591328876
list:
dist: 3.4049930591328876 vs. 3.4049930591328876
--------
nle(id0,id1,dist): 17 33 3.846739529727111
list:
dist: 3.846739529727111 vs. 3.846739529727111
--------
nle(id0,id1,dist): 17 38 4.790442448692298
list:
dist: 4.790442448692298 vs. 4.790442448692298
--------
nle(id0,id1,dist): 17 39 5.164698323725753
list:
dist: 5.164698323725753 vs. 5.164698323725753
--------
nle(id0,id1,dist): 17 36 4.663805970224213
list:
dist: 4.663805970224213 vs. 4.663805970224213
--------
nle(id0,id1,dist): 17 37 4.151977234544828
list:
dist: 4.151977234544828 vs. 4.151977234544828
--------
nle(id0,id1,dist): 17 42 5.086494276039951
list:
dist: 5.086494276039951 vs. 5.086494276039951
--------
nle(id0,id1,dist): 17 43 4.234097710822714
list:
dist: 4.234097710822714 vs. 4.234097710822714
--------
nle(id0,id1,dist): 17 40 3.8644994303983378
list:
dist: 3.8644994303983378 vs. 3.8644994303983378
--------
nle(id0,id1,dist): 17 41 3.6673363421656555
list:
dist: 3.6673363421656555 vs. 3.6673363421656555
--------
nle(id0,id1,dist): 18 40 2.8066413859688812
list:
dist: 2.8066413859688812 vs. 2.8066413859688812
--------
nle(id0,id1,dist): 18 39 3.995475896003149
list:
dist: 3.995475896003149 vs. 3.995475896003149
--------
nle(id0,id1,dist): 18 42 4.039998596954678
list:
dist: 4.039998596954678 vs. 4.039998596954678
--------
nle(id0,id1,dist): 18 41 2.588257030497969
list:
dist: 2.588257030497969 vs. 2.588257030497969
--------
nle(id0,id1,dist): 18 43 3.333224022011446
list:
dist: 3.333224022011446 vs. 3.333224022011446
--------
nle(id0,id1,dist): 18 46 4.0738275485888105
list:
dist: 4.0738275485888105 vs. 4.0738275485888105
--------
nle(id0,id1,dist): 18 45 2.8891868362374526
list:
dist: 2.8891868362374526 vs. 2.8891868362374526
--------
nle(id0,id1,dist): 18 47 3.6469271655599433
list:
dist: 3.6469271655599433 vs. 3.6469271655599433
--------
nle(id0,id1,dist): 18 52 3.894430200324572
list:
dist: 3.894430200324572 vs. 3.894430200324572
--------
nle(id0,id1,dist): 18 51 3.3630730593906213
list:
dist: 3.3630730593906213 vs. 3.3630730593906213
--------
nle(id0,id1,dist): 18 54 4.209444788735296
list:
dist: 4.209444788735296 vs. 4.209444788735296
--------
nle(id0,id1,dist): 18 23 1.510277916015735
list:
dist: 1.510277916015735 vs. 1.510277916015735
--------
nle(id0,id1,dist): 18 24 1.3887155238539255
list:
dist: 1.3887155238539255 vs. 1.3887155238539255
--------
nle(id0,id1,dist): 18 25 1.2218455340548073
list:
dist: 1.2218455340548073 vs. 1.2218455340548073
--------
nle(id0,id1,dist): 18 26 1.5442696610096833
list:
dist: 1.5442696610096833 vs. 1.5442696610096833
--------
nle(id0,id1,dist): 18 27 2.015323669188296
list:
dist: 2.015323669188296 vs. 2.015323669188296
--------
nle(id0,id1,dist): 18 28 1.601091318768597
list:
dist: 1.601091318768597 vs. 1.601091318768597
--------
nle(id0,id1,dist): 18 29 2.0436462030726465
list:
dist: 2.0436462030726465 vs. 2.0436462030726465
--------
nle(id0,id1,dist): 18 30 1.9140314863833194
list:
dist: 1.9140314863833194 vs. 1.9140314863833194
--------
nle(id0,id1,dist): 18 31 3.5571159055699924
list:
dist: 3.5571159055699924 vs. 3.5571159055699924
--------
nle(id0,id1,dist): 18 32 2.2370653739779973
list:
dist: 2.2370653739779973 vs. 2.2370653739779973
--------
nle(id0,id1,dist): 18 33 2.682143232542811
list:
dist: 2.682143232542811 vs. 2.682143232542811
--------
nle(id0,id1,dist): 18 34 2.9331203531221535
list:
dist: 2.9331203531221535 vs. 2.9331203531221535
--------
nle(id0,id1,dist): 18 35 2.8334832570132775
list:
dist: 2.8334832570132775 vs. 2.8334832570132775
--------
nle(id0,id1,dist): 18 36 3.4946632546981626
list:
dist: 3.4946632546981626 vs. 3.4946632546981626
--------
nle(id0,id1,dist): 18 37 3.0243040361565887
list:
dist: 3.0243040361565887 vs. 3.0243040361565887
--------
nle(id0,id1,dist): 18 38 3.6422301487575544
list:
dist: 3.6422301487575544 vs. 3.6422301487575544
--------
nle(id0,id1,dist): 29 45 2.278477896032174
list:
dist: 2.278477896032174 vs. 2.278477896032174
--------
nle(id0,id1,dist): 29 47 2.4803778367414893
list:
dist: 2.4803778367414893 vs. 2.4803778367414893
--------
nle(id0,id1,dist): 29 46 3.012221757468721
list:
dist: 3.012221757468721 vs. 3.012221757468721
--------
nle(id0,id1,dist): 29 41 1.744761974754064
list:
dist: 1.744761974754064 vs. 1.744761974754064
--------
nle(id0,id1,dist): 29 40 1.6493736699946457
list:
dist: 1.6493736699946457 vs. 1.6493736699946457
--------
nle(id0,id1,dist): 29 43 1.5732949993672147
list:
dist: 1.5732949993672147 vs. 1.5732949993672147
--------
nle(id0,id1,dist): 29 42 2.6465909189811323
list:
dist: 2.6465909189811323 vs. 2.6465909189811323
--------
nle(id0,id1,dist): 29 37 2.3710056790994827
list:
dist: 2.3710056790994827 vs. 2.3710056790994827
--------
nle(id0,id1,dist): 29 36 3.410561639503406
list:
dist: 3.410561639503406 vs. 3.410561639503406
--------
nle(id0,id1,dist): 29 39 3.4869827317219384
list:
dist: 3.4869827317219384 vs. 3.4869827317219384
--------
nle(id0,id1,dist): 29 38 2.8809658707062797
list:
dist: 2.8809658707062797 vs. 2.8809658707062797
--------
nle(id0,id1,dist): 29 33 2.7348076386300093
list:
dist: 2.7348076386300093 vs. 2.7348076386300093
--------
nle(id0,id1,dist): 29 32 2.507223795750055
list:
dist: 2.507223795750055 vs. 2.507223795750055
--------
nle(id0,id1,dist): 29 35 3.067398586554308
list:
dist: 3.067398586554308 vs. 3.067398586554308
--------
nle(id0,id1,dist): 29 34 2.38569598670807
list:
dist: 2.38569598670807 vs. 2.38569598670807
--------
nle(id0,id1,dist): 29 56 2.2865697401287806
list:
dist: 2.2865697401287806 vs. 2.2865697401287806
--------
nle(id0,id1,dist): 29 57 3.609028988734938
list:
dist: 3.609028988734938 vs. 3.609028988734938
--------
nle(id0,id1,dist): 29 58 3.2990325208828346
list:
dist: 3.2990325208828346 vs. 3.2990325208828346
--------
nle(id0,id1,dist): 29 52 2.200968924355505
list:
dist: 2.200968924355505 vs. 2.200968924355505
--------
nle(id0,id1,dist): 29 53 2.449616675198538
list:
dist: 2.449616675198538 vs. 2.449616675198538
--------
nle(id0,id1,dist): 29 54 2.648538034006022
list:
dist: 2.648538034006022 vs. 2.648538034006022
--------
nle(id0,id1,dist): 29 55 2.9786429469567466
list:
dist: 2.9786429469567466 vs. 2.9786429469567466
--------
nle(id0,id1,dist): 29 50 2.293036609593347
list:
dist: 2.293036609593347 vs. 2.293036609593347
--------
nle(id0,id1,dist): 29 51 2.0126918665628306
list:
dist: 2.0126918665628306 vs. 2.0126918665628306
--------
nle(id0,id1,dist): 30 42 3.071097881778986
list:
dist: 3.071097881778986 vs. 3.071097881778986
--------
nle(id0,id1,dist): 30 41 1.571152156694618
list:
dist: 1.571152156694618 vs. 1.571152156694618
--------
nle(id0,id1,dist): 30 40 2.083065172052037
list:
dist: 2.083065172052037 vs. 2.083065172052037
--------
nle(id0,id1,dist): 30 39 2.3536143480569294
list:
dist: 2.3536143480569294 vs. 2.3536143480569294
--------
nle(id0,id1,dist): 30 38 2.2962881122738104
list:
dist: 2.2962881122738104 vs. 2.2962881122738104
--------
nle(id0,id1,dist): 30 37 1.6110649005154674
list:
dist: 1.6110649005154674 vs. 1.6110649005154674
--------
nle(id0,id1,dist): 30 36 1.8844320280180795
list:
dist: 1.8844320280180795 vs. 1.8844320280180795
--------
nle(id0,id1,dist): 30 35 1.1666976754801288
list:
dist: 1.1666976754801288 vs. 1.1666976754801288
--------
nle(id0,id1,dist): 30 34 1.947083198200149
list:
dist: 1.947083198200149 vs. 1.947083198200149
--------
nle(id0,id1,dist): 30 33 1.3233127276105479
list:
dist: 1.3233127276105479 vs. 1.3233127276105479
--------
nle(id0,id1,dist): 30 32 0.6329366584378991
list:
dist: 0.6329366584378991 vs. 0.6329366584378991
--------
nle(id0,id1,dist): 30 31 1.7258729977418785
list:
dist: 1.7258729977418785 vs. 1.7258729977418785
--------
nle(id0,id1,dist): 30 57 3.8337485050025077
list:
dist: 3.8337485050025077 vs. 3.8337485050025077
--------
nle(id0,id1,dist): 30 55 3.44737404146187
list:
dist: 3.44737404146187 vs. 3.44737404146187
--------
nle(id0,id1,dist): 30 56 3.2216128325432285
list:
dist: 3.2216128325432285 vs. 3.2216128325432285
--------
nle(id0,id1,dist): 30 54 3.3977799736618683
list:
dist: 3.3977799736618683 vs. 3.3977799736618683
--------
nle(id0,id1,dist): 30 51 2.8800557805675098
list:
dist: 2.8800557805675098 vs. 2.8800557805675098
--------
nle(id0,id1,dist): 30 52 3.360068105037112
list:
dist: 3.360068105037112 vs. 3.360068105037112
--------
nle(id0,id1,dist): 30 49 3.8439882522397246
list:
dist: 3.8439882522397246 vs. 3.8439882522397246
--------
nle(id0,id1,dist): 30 47 2.6204486411945678
list:
dist: 2.6204486411945678 vs. 2.6204486411945678
--------
nle(id0,id1,dist): 30 45 1.4971624938868016
list:
dist: 1.4971624938868016 vs. 1.4971624938868016
--------
nle(id0,id1,dist): 30 46 2.862286904724284
list:
dist: 2.862286904724284 vs. 2.862286904724284
--------
nle(id0,id1,dist): 30 43 2.894641868263596
list:
dist: 2.894641868263596 vs. 2.894641868263596
--------
nle(id0,id1,dist): 30 44 2.6500481405225713
list:
dist: 2.6500481405225713 vs. 2.6500481405225713
--------
nle(id0,id1,dist): 27 50 3.434045891164652
list:
dist: 3.434045891164652 vs. 3.434045891164652
--------
nle(id0,id1,dist): 27 43 2.824647978012433
list:
dist: 2.824647978012433 vs. 2.824647978012433
--------
nle(id0,id1,dist): 28 29 1.0201290123649207
list:
dist: 1.0201290123649207 vs. 1.0201290123649207
--------
nle(id0,id1,dist): 28 30 1.5364998358508672
list:
dist: 1.5364998358508672 vs. 1.5364998358508672
--------
nle(id0,id1,dist): 28 31 2.576802767568407
list:
dist: 2.576802767568407 vs. 2.576802767568407
--------
nle(id0,id1,dist): 28 32 1.6122055177213703
list:
dist: 1.6122055177213703 vs. 1.6122055177213703
--------
nle(id0,id1,dist): 28 33 2.014984010261602
list:
dist: 2.014984010261602 vs. 2.014984010261602
--------
nle(id0,id1,dist): 28 34 1.9638617870599013
list:
dist: 1.9638617870599013 vs. 1.9638617870599013
--------
nle(id0,id1,dist): 28 35 2.2286635949961933
list:
dist: 2.2286635949961933 vs. 2.2286635949961933
--------
nle(id0,id1,dist): 28 36 2.697022053217046
list:
dist: 2.697022053217046 vs. 2.697022053217046
--------
nle(id0,id1,dist): 28 47 2.270954054625928
list:
dist: 2.270954054625928 vs. 2.270954054625928
--------
nle(id0,id1,dist): 28 46 2.734323979089585
list:
dist: 2.734323979089585 vs. 2.734323979089585
--------
nle(id0,id1,dist): 28 45 1.5769899118408583
list:
dist: 1.5769899118408583 vs. 1.5769899118408583
--------
nle(id0,id1,dist): 28 52 2.4686106852007526
list:
dist: 2.4686106852007526 vs. 2.4686106852007526
--------
nle(id0,id1,dist): 28 51 2.1538816002394428
list:
dist: 2.1538816002394428 vs. 2.1538816002394428
--------
nle(id0,id1,dist): 28 40 1.4244950620584793
list:
dist: 1.4244950620584793 vs. 1.4244950620584793
--------
nle(id0,id1,dist): 28 39 2.863913789187665
list:
dist: 2.863913789187665 vs. 2.863913789187665
--------
nle(id0,id1,dist): 28 38 2.418470019736434
list:
dist: 2.418470019736434 vs. 2.418470019736434
--------
nle(id0,id1,dist): 28 37 1.696039187317216
list:
dist: 1.696039187317216 vs. 1.696039187317216
--------
nle(id0,id1,dist): 28 43 1.816481131858719
list:
dist: 1.816481131858719 vs. 1.816481131858719
--------
nle(id0,id1,dist): 28 42 2.570043228617069
list:
dist: 2.570043228617069 vs. 2.570043228617069
--------
nle(id0,id1,dist): 28 41 1.112966121873912
list:
dist: 1.112966121873912 vs. 1.112966121873912
--------
nle(id0,id1,dist): 29 30 2.530340157291279
list:
dist: 2.530340157291279 vs. 2.530340157291279
--------
nle(id0,id1,dist): 29 31 3.3977533145336203
list:
dist: 3.3977533145336203 vs. 3.3977533145336203
--------
nle(id0,id1,dist): 28 55 2.9117887358190737
list:
dist: 2.9117887358190737 vs. 2.9117887358190737
--------
nle(id0,id1,dist): 28 56 2.471142380707577
list:
dist: 2.471142380707577 vs. 2.471142380707577
--------
nle(id0,id1,dist): 28 54 2.73195896347494
list:
dist: 2.73195896347494 vs. 2.73195896347494
--------
nle(id0,id1,dist): 28 57 3.5166658119744794
list:
dist: 3.5166658119744794 vs. 3.5166658119744794
--------
nle(id0,id1,dist): 26 27 0.6864468494833109
list:
dist: 0.6864468494833109 vs. 0.6864468494833109
--------
nle(id0,id1,dist): 26 28 1.6095859210851158
list:
dist: 1.6095859210851158 vs. 1.6095859210851158
--------
nle(id0,id1,dist): 26 29 1.2837612628644135
list:
dist: 1.2837612628644135 vs. 1.2837612628644135
--------
nle(id0,id1,dist): 26 30 2.8532803491317655
list:
dist: 2.8532803491317655 vs. 2.8532803491317655
--------
nle(id0,id1,dist): 26 36 4.240937456426915
list:
dist: 4.240937456426915 vs. 4.240937456426915
--------
nle(id0,id1,dist): 26 35 3.7180686270981336
list:
dist: 3.7180686270981336 vs. 3.7180686270981336
--------
nle(id0,id1,dist): 26 38 3.9564231866652952
list:
dist: 3.9564231866652952 vs. 3.9564231866652952
--------
nle(id0,id1,dist): 26 37 3.2915927716810423
list:
dist: 3.2915927716810423 vs. 3.2915927716810423
--------
nle(id0,id1,dist): 26 32 3.077959823167679
list:
dist: 3.077959823167679 vs. 3.077959823167679
--------
nle(id0,id1,dist): 26 31 4.170844565580401
list:
dist: 4.170844565580401 vs. 4.170844565580401
--------
nle(id0,id1,dist): 26 34 3.3770633401449137
list:
dist: 3.3770633401449137 vs. 3.3770633401449137
--------
nle(id0,id1,dist): 26 33 3.4758412860929133
list:
dist: 3.4758412860929133 vs. 3.4758412860929133
--------
nle(id0,id1,dist): 26 43 2.8183066394788194
list:
dist: 2.8183066394788194 vs. 2.8183066394788194
--------
nle(id0,id1,dist): 26 46 4.190977840352041
list:
dist: 4.190977840352041 vs. 4.190977840352041
--------
nle(id0,id1,dist): 26 45 3.1782717115432546
list:
dist: 3.1782717115432546 vs. 3.1782717115432546
--------
nle(id0,id1,dist): 26 40 2.8047667911658767
list:
dist: 2.8047667911658767 vs. 2.8047667911658767
--------
nle(id0,id1,dist): 26 39 4.462658126569505
list:
dist: 4.462658126569505 vs. 4.462658126569505
--------
nle(id0,id1,dist): 26 42 3.8862620934291137
list:
dist: 3.8862620934291137 vs. 3.8862620934291137
--------
nle(id0,id1,dist): 26 41 2.6747546596005463
list:
dist: 2.6747546596005463 vs. 2.6747546596005463
--------
nle(id0,id1,dist): 26 53 3.6626183243516386
list:
dist: 3.6626183243516386 vs. 3.6626183243516386
--------
nle(id0,id1,dist): 26 54 3.9177555370135657
list:
dist: 3.9177555370135657 vs. 3.9177555370135657
--------
nle(id0,id1,dist): 26 51 3.242463384070785
list:
dist: 3.242463384070785 vs. 3.242463384070785
--------
nle(id0,id1,dist): 26 52 3.483608543812927
list:
dist: 3.483608543812927 vs. 3.483608543812927
--------
nle(id0,id1,dist): 26 50 3.5046760258211673
list:
dist: 3.5046760258211673 vs. 3.5046760258211673
--------
nle(id0,id1,dist): 26 47 3.6764987004844722
list:
dist: 3.6764987004844722 vs. 3.6764987004844722
--------
nle(id0,id1,dist): 26 57 4.853102787752789
list:
dist: 4.853102787752789 vs. 4.853102787752789
--------
nle(id0,id1,dist): 26 58 4.571042976936356
list:
dist: 4.571042976936356 vs. 4.571042976936356
--------
nle(id0,id1,dist): 26 55 4.1786024806258055
list:
dist: 4.1786024806258055 vs. 4.1786024806258055
--------
nle(id0,id1,dist): 26 56 3.5599643836383383
list:
dist: 3.5599643836383383 vs. 3.5599643836383383
--------
nle(id0,id1,dist): 27 30 3.0417046741878404
list:
dist: 3.0417046741878404 vs. 3.0417046741878404
--------
nle(id0,id1,dist): 27 29 1.4924832636232106
list:
dist: 1.4924832636232106 vs. 1.4924832636232106
--------
nle(id0,id1,dist): 27 28 1.773402826906415
list:
dist: 1.773402826906415 vs. 1.773402826906415
--------
nle(id0,id1,dist): 27 41 2.7221094357262166
list:
dist: 2.7221094357262166 vs. 2.7221094357262166
--------
nle(id0,id1,dist): 24 25 0.8386334575118763
list:
dist: 0.8386334575118763 vs. 0.8386334575118763
--------
nle(id0,id1,dist): 24 26 0.9704411551751421
list:
dist: 0.9704411551751421 vs. 0.9704411551751421
--------
nle(id0,id1,dist): 24 27 0.9546054258374409
list:
dist: 0.9546054258374409 vs. 0.9546054258374409
--------
nle(id0,id1,dist): 24 28 1.022254413107221
list:
dist: 1.022254413107221 vs. 1.022254413107221
--------
nle(id0,id1,dist): 24 29 1.3390344288372678
list:
dist: 1.3390344288372678 vs. 1.3390344288372678
--------
nle(id0,id1,dist): 24 30 2.094259218835262
list:
dist: 2.094259218835262 vs. 2.094259218835262
--------
nle(id0,id1,dist): 24 31 3.3939201018127068
list:
dist: 3.3939201018127068 vs. 3.3939201018127068
--------
nle(id0,id1,dist): 24 32 2.4094932759511347
list:
dist: 2.4094932759511347 vs. 2.4094932759511347
--------
nle(id0,id1,dist): 24 33 2.927383295459992
list:
dist: 2.927383295459992 vs. 2.927383295459992
--------
nle(id0,id1,dist): 24 34 2.9746752726018038
list:
dist: 2.9746752726018038 vs. 2.9746752726018038
--------
nle(id0,id1,dist): 24 35 3.0617437417264153
list:
dist: 3.0617437417264153 vs. 3.0617437417264153
--------
nle(id0,id1,dist): 24 36 3.623232995947728
list:
dist: 3.623232995947728 vs. 3.623232995947728
--------
nle(id0,id1,dist): 24 37 2.5962796598016387
list:
dist: 2.5962796598016387 vs. 2.5962796598016387
--------
nle(id0,id1,dist): 24 38 3.4168955011833693
list:
dist: 3.4168955011833693 vs. 3.4168955011833693
--------
nle(id0,id1,dist): 24 39 3.8041401184425876
list:
dist: 3.8041401184425876 vs. 3.8041401184425876
--------
nle(id0,id1,dist): 24 40 2.413163248750467
list:
dist: 2.413163248750467 vs. 2.413163248750467
--------
nle(id0,id1,dist): 24 42 3.488996614559814
list:
dist: 3.488996614559814 vs. 3.488996614559814
--------
nle(id0,id1,dist): 24 41 2.023143170303179
list:
dist: 2.023143170303179 vs. 2.023143170303179
--------
nle(id0,id1,dist): 24 43 2.5555854000239475
list:
dist: 2.5555854000239475 vs. 2.5555854000239475
--------
nle(id0,id1,dist): 24 46 3.7199946317608026
list:
dist: 3.7199946317608026 vs. 3.7199946317608026
--------
nle(id0,id1,dist): 24 45 2.4836166099683115
list:
dist: 2.4836166099683115 vs. 2.4836166099683115
--------
nle(id0,id1,dist): 24 47 3.252469536025715
list:
dist: 3.252469536025715 vs. 3.252469536025715
--------
nle(id0,id1,dist): 24 52 3.2963226241248007
list:
dist: 3.2963226241248007 vs. 3.2963226241248007
--------
nle(id0,id1,dist): 24 51 3.082562123028335
list:
dist: 3.082562123028335 vs. 3.082562123028335
--------
nle(id0,id1,dist): 24 54 3.607052865437278
list:
dist: 3.607052865437278 vs. 3.607052865437278
--------
nle(id0,id1,dist): 24 56 3.373518218505172
list:
dist: 3.373518218505172 vs. 3.373518218505172
--------
nle(id0,id1,dist): 24 55 3.723152675245615
list:
dist: 3.723152675245615 vs. 3.723152675245615
--------
nle(id0,id1,dist): 24 57 4.433482974199748
list:
dist: 4.433482974199748 vs. 4.433482974199748
--------
nle(id0,id1,dist): 25 26 1.467252346390254
list:
dist: 1.467252346390254 vs. 1.467252346390254
--------
nle(id0,id1,dist): 25 27 1.4763415595969616
list:
dist: 1.4763415595969616 vs. 1.4763415595969616
--------
nle(id0,id1,dist): 25 30 2.0756616636940604
list:
dist: 2.0756616636940604 vs. 2.0756616636940604
--------
nle(id0,id1,dist): 25 28 1.6200285717866512
list:
dist: 1.6200285717866512 vs. 1.6200285717866512
--------
nle(id0,id1,dist): 25 29 2.138871486984051
list:
dist: 2.138871486984051 vs. 2.138871486984051
--------
nle(id0,id1,dist): 25 43 3.3219576091800933
list:
dist: 3.3219576091800933 vs. 3.3219576091800933
--------
nle(id0,id1,dist): 25 41 2.5442479906829476
list:
dist: 2.5442479906829476 vs. 2.5442479906829476
--------
nle(id0,id1,dist): 62 79 2.894421737837415
list:
dist: 2.894421737837415 vs. 2.894421737837415
--------
nle(id0,id1,dist): 62 80 1.8820046555352632
list:
dist: 1.8820046555352632 vs. 1.8820046555352632
--------
nle(id0,id1,dist): 62 81 2.7053246561545428
list:
dist: 2.7053246561545428 vs. 2.7053246561545428
--------
nle(id0,id1,dist): 62 82 1.894750515008458
list:
dist: 1.894750515008458 vs. 1.894750515008458
--------
nle(id0,id1,dist): 62 75 2.211711438033018
list:
dist: 2.211711438033018 vs. 2.211711438033018
--------
nle(id0,id1,dist): 62 77 2.6348381946212873
list:
dist: 2.6348381946212873 vs. 2.6348381946212873
--------
nle(id0,id1,dist): 62 78 2.862367180796691
list:
dist: 2.862367180796691 vs. 2.862367180796691
--------
nle(id0,id1,dist): 61 125 3.1276311788365105
list:
dist: 3.1276311788365105 vs. 3.1276311788365105
--------
nle(id0,id1,dist): 61 126 3.4864718798635668
list:
dist: 3.4864718798635668 vs. 3.4864718798635668
--------
nle(id0,id1,dist): 61 120 2.8291100572956984
list:
dist: 2.8291100572956984 vs. 2.8291100572956984
--------
nle(id0,id1,dist): 61 121 2.7085986792100827
list:
dist: 2.7085986792100827 vs. 2.7085986792100827
--------
nle(id0,id1,dist): 62 84 2.3268565054647956
list:
dist: 2.3268565054647956 vs. 2.3268565054647956
--------
nle(id0,id1,dist): 61 122 3.4821874213260466
list:
dist: 3.4821874213260466 vs. 3.4821874213260466
--------
nle(id0,id1,dist): 62 64 1.6808665493444208
list:
dist: 1.6808665493444208 vs. 1.6808665493444208
--------
nle(id0,id1,dist): 62 63 1.4357085005888464
list:
dist: 1.4357085005888464 vs. 1.4357085005888464
--------
nle(id0,id1,dist): 62 66 1.520034722391903
list:
dist: 1.520034722391903 vs. 1.520034722391903
--------
nle(id0,id1,dist): 62 65 1.6331624747902944
list:
dist: 1.6331624747902944 vs. 1.6331624747902944
--------
nle(id0,id1,dist): 62 72 1.0779988571333947
list:
dist: 1.0779988571333947 vs. 1.0779988571333947
--------
nle(id0,id1,dist): 62 71 2.008283779389256
list:
dist: 2.008283779389256 vs. 2.008283779389256
--------
nle(id0,id1,dist): 62 74 2.3410495688840287
list:
dist: 2.3410495688840287 vs. 2.3410495688840287
--------
nle(id0,id1,dist): 62 73 1.097564203673249
list:
dist: 1.097564203673249 vs. 1.097564203673249
--------
nle(id0,id1,dist): 62 68 1.3629711230253039
list:
dist: 1.3629711230253039 vs. 1.3629711230253039
--------
nle(id0,id1,dist): 62 67 1.2143065860858044
list:
dist: 1.2143065860858044 vs. 1.2143065860858044
--------
nle(id0,id1,dist): 62 70 1.518264262524543
list:
dist: 1.518264262524543 vs. 1.518264262524543
--------
nle(id0,id1,dist): 62 69 1.6812048850058592
list:
dist: 1.6812048850058592 vs. 1.6812048850058592
--------
nle(id0,id1,dist): 60 121 2.5810543631505607
list:
dist: 2.5810543631505607 vs. 2.5810543631505607
--------
nle(id0,id1,dist): 61 84 3.025405707243787
list:
dist: 3.025405707243787 vs. 3.025405707243787
--------
nle(id0,id1,dist): 60 122 3.2910582312853607
list:
dist: 3.2910582312853607 vs. 3.2910582312853607
--------
nle(id0,id1,dist): 61 82 2.480937285071536
list:
dist: 2.480937285071536 vs. 2.480937285071536
--------
nle(id0,id1,dist): 60 120 2.57525370734203
list:
dist: 2.57525370734203 vs. 2.57525370734203
--------
nle(id0,id1,dist): 61 80 2.403356646042791
list:
dist: 2.403356646042791 vs. 2.403356646042791
--------
nle(id0,id1,dist): 61 81 2.9776929872381914
list:
dist: 2.9776929872381914 vs. 2.9776929872381914
--------
nle(id0,id1,dist): 60 128 2.664128714065708
list:
dist: 2.664128714065708 vs. 2.664128714065708
--------
nle(id0,id1,dist): 60 125 2.6993384714125725
list:
dist: 2.6993384714125725 vs. 2.6993384714125725
--------
nle(id0,id1,dist): 60 126 3.372538734179406
list:
dist: 3.372538734179406 vs. 3.372538734179406
--------
nle(id0,id1,dist): 61 71 1.9275543924726461
list:
dist: 1.9275543924726461 vs. 1.9275543924726461
--------
nle(id0,id1,dist): 61 70 1.7775879525925804
list:
dist: 1.7775879525925804 vs. 1.7775879525925804
--------
nle(id0,id1,dist): 61 69 2.522790042831022
list:
dist: 2.522790042831022 vs. 2.522790042831022
--------
nle(id0,id1,dist): 61 68 1.9972795101693357
list:
dist: 1.9972795101693357 vs. 1.9972795101693357
--------
nle(id0,id1,dist): 61 67 2.2713006101955826
list:
dist: 2.2713006101955826 vs. 2.2713006101955826
--------
nle(id0,id1,dist): 61 66 2.144203173273956
list:
dist: 2.144203173273956 vs. 2.144203173273956
--------
nle(id0,id1,dist): 61 65 1.604304275195915
list:
dist: 1.604304275195915 vs. 1.604304275195915
--------
nle(id0,id1,dist): 61 64 2.3919090744249396
list:
dist: 2.3919090744249396 vs. 2.3919090744249396
--------
nle(id0,id1,dist): 61 79 3.7449031537467965
list:
dist: 3.7449031537467965 vs. 3.7449031537467965
--------
nle(id0,id1,dist): 61 78 3.655517319071607
list:
dist: 3.655517319071607 vs. 3.655517319071607
--------
nle(id0,id1,dist): 61 77 3.329321896970908
list:
dist: 3.329321896970908 vs. 3.329321896970908
--------
nle(id0,id1,dist): 61 75 3.080456944755881
list:
dist: 3.080456944755881 vs. 3.080456944755881
--------
nle(id0,id1,dist): 61 74 3.1186000371179974
list:
dist: 3.1186000371179974 vs. 3.1186000371179974
--------
nle(id0,id1,dist): 61 73 2.2584474421629417
list:
dist: 2.2584474421629417 vs. 2.2584474421629417
--------
nle(id0,id1,dist): 61 72 1.7472142646764803
list:
dist: 1.7472142646764803 vs. 1.7472142646764803
--------
nle(id0,id1,dist): 64 65 1.1910487542958
list:
dist: 1.1910487542958 vs. 1.1910487542958
--------
nle(id0,id1,dist): 64 66 0.6624077538412972
list:
dist: 0.6624077538412972 vs. 0.6624077538412972
--------
nle(id0,id1,dist): 64 67 0.7826444416007438
list:
dist: 0.7826444416007438 vs. 0.7826444416007438
--------
nle(id0,id1,dist): 64 68 0.6518288634893884
list:
dist: 0.6518288634893884 vs. 0.6518288634893884
--------
nle(id0,id1,dist): 64 69 0.828457942157934
list:
dist: 0.828457942157934 vs. 0.828457942157934
--------
nle(id0,id1,dist): 64 70 1.9417265665087604
list:
dist: 1.9417265665087604 vs. 1.9417265665087604
--------
nle(id0,id1,dist): 64 71 1.9121774449472784
list:
dist: 1.9121774449472784 vs. 1.9121774449472784
--------
nle(id0,id1,dist): 64 72 0.9988972501002351
list:
dist: 0.9988972501002351 vs. 0.9988972501002351
--------
nle(id0,id1,dist): 64 73 1.421063175669172
list:
dist: 1.421063175669172 vs. 1.421063175669172
--------
nle(id0,id1,dist): 64 74 2.702363565782275
list:
dist: 2.702363565782275 vs. 2.702363565782275
--------
nle(id0,id1,dist): 63 112 3.125794558219997
list:
dist: 3.125794558219997 vs. 3.125794558219997
--------
nle(id0,id1,dist): 64 75 1.4984215507501817
list:
dist: 1.4984215507501817 vs. 1.4984215507501817
--------
nle(id0,id1,dist): 63 114 3.4885271290520667
list:
dist: 3.4885271290520667 vs. 3.4885271290520667
--------
nle(id0,id1,dist): 64 77 2.037659639773038
list:
dist: 2.037659639773038 vs. 2.037659639773038
--------
nle(id0,id1,dist): 64 78 1.5574354545626443
list:
dist: 1.5574354545626443 vs. 1.5574354545626443
--------
nle(id0,id1,dist): 64 79 1.7197440501834151
list:
dist: 1.7197440501834151 vs. 1.7197440501834151
--------
nle(id0,id1,dist): 64 80 2.3506588973619253
list:
dist: 2.3506588973619253 vs. 2.3506588973619253
--------
nle(id0,id1,dist): 63 87 1.8575821807017268
list:
dist: 1.8575821807017268 vs. 1.8575821807017268
--------
nle(id0,id1,dist): 63 86 2.4359844864874036
list:
dist: 2.4359844864874036 vs. 2.4359844864874036
--------
nle(id0,id1,dist): 63 89 2.1334063950077713
list:
dist: 2.1334063950077713 vs. 2.1334063950077713
--------
nle(id0,id1,dist): 62 126 3.8042925025282956
list:
dist: 3.8042925025282956 vs. 3.8042925025282956
--------
nle(id0,id1,dist): 62 125 2.994960844359197
list:
dist: 2.994960844359197 vs. 2.994960844359197
--------
nle(id0,id1,dist): 63 88 2.5178627463425625
list:
dist: 2.5178627463425625 vs. 2.5178627463425625
--------
nle(id0,id1,dist): 62 128 2.824183195916922
list:
dist: 2.824183195916922 vs. 2.824183195916922
--------
nle(id0,id1,dist): 63 72 0.43021940799609387
list:
dist: 0.43021940799609387 vs. 0.43021940799609387
--------
nle(id0,id1,dist): 63 73 0.9961834103621925
list:
dist: 0.9961834103621925 vs. 0.9961834103621925
--------
nle(id0,id1,dist): 63 70 0.9141570369473911
list:
dist: 0.9141570369473911 vs. 0.9141570369473911
--------
nle(id0,id1,dist): 63 71 1.1639490841707778
list:
dist: 1.1639490841707778 vs. 1.1639490841707778
--------
nle(id0,id1,dist): 63 76 1.914404913599802
list:
dist: 1.914404913599802 vs. 1.914404913599802
--------
nle(id0,id1,dist): 63 77 1.301997087578249
list:
dist: 1.301997087578249 vs. 1.301997087578249
--------
nle(id0,id1,dist): 63 74 1.7249894418661835
list:
dist: 1.7249894418661835 vs. 1.7249894418661835
--------
nle(id0,id1,dist): 63 75 0.9924078785676665
list:
dist: 0.9924078785676665 vs. 0.9924078785676665
--------
nle(id0,id1,dist): 63 80 1.25099143109119
list:
dist: 1.25099143109119 vs. 1.25099143109119
--------
nle(id0,id1,dist): 63 81 2.122895507910668
list:
dist: 2.122895507910668 vs. 2.122895507910668
--------
nle(id0,id1,dist): 63 78 1.6348407383836352
list:
dist: 1.6348407383836352 vs. 1.6348407383836352
--------
nle(id0,id1,dist): 63 79 1.6773117291864865
list:
dist: 1.6773117291864865 vs. 1.6773117291864865
--------
nle(id0,id1,dist): 62 121 3.1016944555897696
list:
dist: 3.1016944555897696 vs. 3.1016944555897696
--------
nle(id0,id1,dist): 63 84 1.1831839064635312
list:
dist: 1.1831839064635312 vs. 1.1831839064635312
--------
nle(id0,id1,dist): 63 85 1.9994302606635452
list:
dist: 1.9994302606635452 vs. 1.9994302606635452
--------
nle(id0,id1,dist): 62 122 3.7641337996378184
list:
dist: 3.7641337996378184 vs. 3.7641337996378184
--------
nle(id0,id1,dist): 63 82 0.7194377529637296
list:
dist: 0.7194377529637296 vs. 0.7194377529637296
--------
nle(id0,id1,dist): 63 83 1.9841250128181562
list:
dist: 1.9841250128181562 vs. 1.9841250128181562
--------
nle(id0,id1,dist): 62 120 3.0341859912981053
list:
dist: 3.0341859912981053 vs. 3.0341859912981053
--------
nle(id0,id1,dist): 61 128 3.1816096409046333
list:
dist: 3.1816096409046333 vs. 3.1816096409046333
--------
nle(id0,id1,dist): 63 65 1.54085472187376
list:
dist: 1.54085472187376 vs. 1.54085472187376
--------
nle(id0,id1,dist): 63 64 1.1180743747587063
list:
dist: 1.1180743747587063 vs. 1.1180743747587063
--------
nle(id0,id1,dist): 63 69 0.5696849873280497
list:
dist: 0.5696849873280497 vs. 0.5696849873280497
--------
nle(id0,id1,dist): 63 68 1.432523100568054
list:
dist: 1.432523100568054 vs. 1.432523100568054
--------
nle(id0,id1,dist): 63 67 1.198179906011473
list:
dist: 1.198179906011473 vs. 1.198179906011473
--------
nle(id0,id1,dist): 63 66 0.503032338402329
list:
dist: 0.503032338402329 vs. 0.503032338402329
--------
nle(id0,id1,dist): 58 80 3.9727127270505784
list:
dist: 3.9727127270505784 vs. 3.9727127270505784
--------
nle(id0,id1,dist): 58 74 3.5724944170483837
list:
dist: 3.5724944170483837 vs. 3.5724944170483837
--------
nle(id0,id1,dist): 58 73 3.223160889229069
list:
dist: 3.223160889229069 vs. 3.223160889229069
--------
nle(id0,id1,dist): 58 62 3.480380155893284
list:
dist: 3.480380155893284 vs. 3.480380155893284
--------
nle(id0,id1,dist): 58 59 1.2808477679875026
list:
dist: 1.2808477679875026 vs. 1.2808477679875026
--------
nle(id0,id1,dist): 58 60 3.946246726108974
list:
dist: 3.946246726108974 vs. 3.946246726108974
--------
nle(id0,id1,dist): 61 63 2.107659298864925
list:
dist: 2.107659298864925 vs. 2.107659298864925
--------
nle(id0,id1,dist): 61 62 1.2756616078724015
list:
dist: 1.2756616078724015 vs. 1.2756616078724015
--------
nle(id0,id1,dist): 60 77 2.7265175380717173
list:
dist: 2.7265175380717173 vs. 2.7265175380717173
--------
nle(id0,id1,dist): 60 78 3.1198489797269136
list:
dist: 3.1198489797269136 vs. 3.1198489797269136
--------
nle(id0,id1,dist): 60 79 3.16812520757066
list:
dist: 3.16812520757066 vs. 3.16812520757066
--------
nle(id0,id1,dist): 60 80 1.773369786235009
list:
dist: 1.773369786235009 vs. 1.773369786235009
--------
nle(id0,id1,dist): 60 81 2.464798522526583
list:
dist: 2.464798522526583 vs. 2.464798522526583
--------
nle(id0,id1,dist): 60 82 1.876399793115941
list:
dist: 1.876399793115941 vs. 1.876399793115941
--------
nle(id0,id1,dist): 60 84 2.3820596414920296
list:
dist: 2.3820596414920296 vs. 2.3820596414920296
--------
nle(id0,id1,dist): 60 69 1.944685933394104
list:
dist: 1.944685933394104 vs. 1.944685933394104
--------
nle(id0,id1,dist): 60 70 1.2550031406746278
list:
dist: 1.2550031406746278 vs. 1.2550031406746278
--------
nle(id0,id1,dist): 60 71 1.6772840327665042
list:
dist: 1.6772840327665042 vs. 1.6772840327665042
--------
nle(id0,id1,dist): 60 72 1.192827289889627
list:
dist: 1.192827289889627 vs. 1.192827289889627
--------
nle(id0,id1,dist): 60 73 1.542793718005871
list:
dist: 1.542793718005871 vs. 1.542793718005871
--------
nle(id0,id1,dist): 60 74 2.417854148875091
list:
dist: 2.417854148875091 vs. 2.417854148875091
--------
nle(id0,id1,dist): 60 75 2.4460808921007966
list:
dist: 2.4460808921007966 vs. 2.4460808921007966
--------
nle(id0,id1,dist): 60 64 1.987077942273258
list:
dist: 1.987077942273258 vs. 1.987077942273258
--------
nle(id0,id1,dist): 60 63 1.5296576873327878
list:
dist: 1.5296576873327878 vs. 1.5296576873327878
--------
nle(id0,id1,dist): 60 62 0.6608419461730947
list:
dist: 0.6608419461730947 vs. 0.6608419461730947
--------
nle(id0,id1,dist): 60 61 0.7534534864351683
list:
dist: 0.7534534864351683 vs. 0.7534534864351683
--------
nle(id0,id1,dist): 60 68 1.700252572536872
list:
dist: 1.700252572536872 vs. 1.700252572536872
--------
nle(id0,id1,dist): 60 67 1.7302960868116792
list:
dist: 1.7302960868116792 vs. 1.7302960868116792
--------
nle(id0,id1,dist): 60 66 1.6704505589416003
list:
dist: 1.6704505589416003 vs. 1.6704505589416003
--------
nle(id0,id1,dist): 60 65 1.5847759804959156
list:
dist: 1.5847759804959156 vs. 1.5847759804959156
--------
nle(id0,id1,dist): 68 99 3.4073791333667063
list:
dist: 3.4073791333667063 vs. 3.4073791333667063
--------
nle(id0,id1,dist): 68 98 3.3679267738121577
list:
dist: 3.3679267738121577 vs. 3.3679267738121577
--------
nle(id0,id1,dist): 68 97 3.202833302787463
list:
dist: 3.202833302787463 vs. 3.202833302787463
--------
nle(id0,id1,dist): 68 96 4.294054370897697
list:
dist: 4.294054370897697 vs. 4.294054370897697
--------
nle(id0,id1,dist): 68 95 3.892903557724965
list:
dist: 3.892903557724965 vs. 3.892903557724965
--------
nle(id0,id1,dist): 68 94 3.4872356720310997
list:
dist: 3.4872356720310997 vs. 3.4872356720310997
--------
nle(id0,id1,dist): 68 93 3.1124330376733798
list:
dist: 3.1124330376733798 vs. 3.1124330376733798
--------
nle(id0,id1,dist): 69 71 1.6495359328342478
list:
dist: 1.6495359328342478 vs. 1.6495359328342478
--------
nle(id0,id1,dist): 69 70 1.4760480335653234
list:
dist: 1.4760480335653234 vs. 1.4760480335653234
--------
nle(id0,id1,dist): 68 104 3.7092524350416034
list:
dist: 3.7092524350416034 vs. 3.7092524350416034
--------
nle(id0,id1,dist): 68 103 3.7259045086310922
list:
dist: 3.7259045086310922 vs. 3.7259045086310922
--------
nle(id0,id1,dist): 68 102 4.456882009610649
list:
dist: 4.456882009610649 vs. 4.456882009610649
--------
nle(id0,id1,dist): 68 101 4.143266393563052
list:
dist: 4.143266393563052 vs. 4.143266393563052
--------
nle(id0,id1,dist): 69 78 1.1894840226901133
list:
dist: 1.1894840226901133 vs. 1.1894840226901133
--------
nle(id0,id1,dist): 69 79 1.2405334257860237
list:
dist: 1.2405334257860237 vs. 1.2405334257860237
--------
nle(id0,id1,dist): 69 76 1.6787906349198634
list:
dist: 1.6787906349198634 vs. 1.6787906349198634
--------
nle(id0,id1,dist): 69 77 1.2670555839607036
list:
dist: 1.2670555839607036 vs. 1.2670555839607036
--------
nle(id0,id1,dist): 68 114 3.8737586064845764
list:
dist: 3.8737586064845764 vs. 3.8737586064845764
--------
nle(id0,id1,dist): 69 74 1.9227820872126689
list:
dist: 1.9227820872126689 vs. 1.9227820872126689
--------
nle(id0,id1,dist): 69 75 0.7158419160148937
list:
dist: 0.7158419160148937 vs. 0.7158419160148937
--------
nle(id0,id1,dist): 68 112 3.3337758909714275
list:
dist: 3.3337758909714275 vs. 3.3337758909714275
--------
nle(id0,id1,dist): 69 72 0.7818063733555454
list:
dist: 0.7818063733555454 vs. 0.7818063733555454
--------
nle(id0,id1,dist): 69 73 0.9929291670924022
list:
dist: 0.9929291670924022 vs. 0.9929291670924022
--------
nle(id0,id1,dist): 69 86 2.3128894789724135
list:
dist: 2.3128894789724135 vs. 2.3128894789724135
--------
nle(id0,id1,dist): 69 87 1.823007737813391
list:
dist: 1.823007737813391 vs. 1.823007737813391
--------
nle(id0,id1,dist): 68 121 3.7023801031537906
list:
dist: 3.7023801031537906 vs. 3.7023801031537906
--------
nle(id0,id1,dist): 69 84 1.3296542849370276
list:
dist: 1.3296542849370276 vs. 1.3296542849370276
--------
nle(id0,id1,dist): 69 85 1.9976435432142519
list:
dist: 1.9976435432142519 vs. 1.9976435432142519
--------
nle(id0,id1,dist): 68 122 4.387495158897781
list:
dist: 4.387495158897781 vs. 4.387495158897781
--------
nle(id0,id1,dist): 69 82 1.0770327580484695
list:
dist: 1.0770327580484695 vs. 1.0770327580484695
--------
nle(id0,id1,dist): 69 83 2.0044091794786736
list:
dist: 2.0044091794786736 vs. 2.0044091794786736
--------
nle(id0,id1,dist): 68 120 3.949760587904574
list:
dist: 3.949760587904574 vs. 3.949760587904574
--------
nle(id0,id1,dist): 69 80 1.670844584082495
list:
dist: 1.670844584082495 vs. 1.670844584082495
--------
nle(id0,id1,dist): 69 81 2.5477440399607123
list:
dist: 2.5477440399607123 vs. 2.5477440399607123
--------
nle(id0,id1,dist): 67 103 4.491788278887352
list:
dist: 4.491788278887352 vs. 4.491788278887352
--------
nle(id0,id1,dist): 66 140 4.323653878098526
list:
dist: 4.323653878098526 vs. 4.323653878098526
--------
nle(id0,id1,dist): 67 102 5.217756128453855
list:
dist: 5.217756128453855 vs. 5.217756128453855
--------
nle(id0,id1,dist): 66 139 3.04634383427992
list:
dist: 3.04634383427992 vs. 3.04634383427992
--------
nle(id0,id1,dist): 66 142 4.222101997746921
list:
dist: 4.222101997746921 vs. 4.222101997746921
--------
nle(id0,id1,dist): 67 104 4.434452255947831
list:
dist: 4.434452255947831 vs. 4.434452255947831
--------
nle(id0,id1,dist): 66 141 4.010201691669068
list:
dist: 4.010201691669068 vs. 4.010201691669068
--------
nle(id0,id1,dist): 67 99 4.172942312314732
list:
dist: 4.172942312314732 vs. 4.172942312314732
--------
nle(id0,id1,dist): 66 136 4.151254181440369
list:
dist: 4.151254181440369 vs. 4.151254181440369
--------
nle(id0,id1,dist): 66 135 3.0023100817235444
list:
dist: 3.0023100817235444 vs. 3.0023100817235444
--------
nle(id0,id1,dist): 67 98 4.118756107089568
list:
dist: 4.118756107089568 vs. 4.118756107089568
--------
nle(id0,id1,dist): 67 101 4.920115810235041
list:
dist: 4.920115810235041 vs. 4.920115810235041
--------
nle(id0,id1,dist): 66 138 3.782250606822505
list:
dist: 3.782250606822505 vs. 3.782250606822505
--------
nle(id0,id1,dist): 66 137 3.1204714447484947
list:
dist: 3.1204714447484947 vs. 3.1204714447484947
--------
nle(id0,id1,dist): 68 74 2.9858778425847534
list:
dist: 2.9858778425847534 vs. 2.9858778425847534
--------
nle(id0,id1,dist): 66 147 4.0384820089940385
list:
dist: 4.0384820089940385 vs. 4.0384820089940385
--------
nle(id0,id1,dist): 68 73 1.5259550888114592
list:
dist: 1.5259550888114592 vs. 1.5259550888114592
--------
nle(id0,id1,dist): 66 149 4.062241505465835
list:
dist: 4.062241505465835 vs. 4.062241505465835
--------
nle(id0,id1,dist): 67 112 3.667708433478142
list:
dist: 3.667708433478142 vs. 3.667708433478142
--------
nle(id0,id1,dist): 68 75 2.0303942135402466
list:
dist: 2.0303942135402466 vs. 2.0303942135402466
--------
nle(id0,id1,dist): 68 70 2.0686225594129377
list:
dist: 2.0686225594129377 vs. 2.0686225594129377
--------
nle(id0,id1,dist): 68 69 1.322854775218308
list:
dist: 1.322854775218308 vs. 1.322854775218308
--------
nle(id0,id1,dist): 66 143 4.362507804449623
list:
dist: 4.362507804449623 vs. 4.362507804449623
--------
nle(id0,id1,dist): 66 146 4.391856468121929
list:
dist: 4.391856468121929 vs. 4.391856468121929
--------
nle(id0,id1,dist): 68 72 1.1194172151891928
list:
dist: 1.1194172151891928 vs. 1.1194172151891928
--------
nle(id0,id1,dist): 68 71 2.0911749952141574
list:
dist: 2.0911749952141574 vs. 2.0911749952141574
--------
nle(id0,id1,dist): 66 145 4.361597464341347
list:
dist: 4.361597464341347 vs. 4.361597464341347
--------
nle(id0,id1,dist): 68 81 3.460306574598651
list:
dist: 3.460306574598651 vs. 3.460306574598651
--------
nle(id0,id1,dist): 68 82 2.1503164050105563
list:
dist: 2.1503164050105563 vs. 2.1503164050105563
--------
nle(id0,id1,dist): 67 120 3.777297818223241
list:
dist: 3.777297818223241 vs. 3.777297818223241
--------
nle(id0,id1,dist): 67 121 3.69354862589276
list:
dist: 3.69354862589276 vs. 3.69354862589276
--------
nle(id0,id1,dist): 68 84 2.564491446869238
list:
dist: 2.564491446869238 vs. 2.564491446869238
--------
nle(id0,id1,dist): 67 114 4.059313146978998
list:
dist: 4.059313146978998 vs. 4.059313146978998
--------
nle(id0,id1,dist): 68 77 2.5698464798945766
list:
dist: 2.5698464798945766 vs. 2.5698464798945766
--------
nle(id0,id1,dist): 68 78 2.2034594201760433
list:
dist: 2.2034594201760433 vs. 2.2034594201760433
--------
nle(id0,id1,dist): 68 79 2.350401936971126
list:
dist: 2.350401936971126 vs. 2.350401936971126
--------
nle(id0,id1,dist): 68 80 2.5626337761748013
list:
dist: 2.5626337761748013 vs. 2.5626337761748013
--------
nle(id0,id1,dist): 67 126 4.019116671155834
list:
dist: 4.019116671155834 vs. 4.019116671155834
--------
nle(id0,id1,dist): 68 90 4.246298605741773
list:
dist: 4.246298605741773 vs. 4.246298605741773
--------
nle(id0,id1,dist): 67 128 2.858189208697052
list:
dist: 2.858189208697052 vs. 2.858189208697052
--------
nle(id0,id1,dist): 68 91 3.7009116115679364
list:
dist: 3.7009116115679364 vs. 3.7009116115679364
--------
nle(id0,id1,dist): 67 122 4.295336759304522
list:
dist: 4.295336759304522 vs. 4.295336759304522
--------
nle(id0,id1,dist): 67 125 3.2899307013638417
list:
dist: 3.2899307013638417 vs. 3.2899307013638417
--------
nle(id0,id1,dist): 70 86 2.718997643312335
list:
dist: 2.718997643312335 vs. 2.718997643312335
--------
nle(id0,id1,dist): 69 123 3.5685785287696397
list:
dist: 3.5685785287696397 vs. 3.5685785287696397
--------
nle(id0,id1,dist): 70 85 2.1524996400708227
list:
dist: 2.1524996400708227 vs. 2.1524996400708227
--------
nle(id0,id1,dist): 69 122 3.6664090409670065
list:
dist: 3.6664090409670065 vs. 3.6664090409670065
--------
nle(id0,id1,dist): 69 121 3.1475664166878263
list:
dist: 3.1475664166878263 vs. 3.1475664166878263
--------
nle(id0,id1,dist): 70 84 1.327489714766301
list:
dist: 1.327489714766301 vs. 1.327489714766301
--------
nle(id0,id1,dist): 70 83 2.155552655114744
list:
dist: 2.155552655114744 vs. 2.155552655114744
--------
nle(id0,id1,dist): 69 120 3.34958510387512
list:
dist: 3.34958510387512 vs. 3.34958510387512
--------
nle(id0,id1,dist): 69 127 2.9422051524985666
list:
dist: 2.9422051524985666 vs. 2.9422051524985666
--------
nle(id0,id1,dist): 70 89 2.5037828452192277
list:
dist: 2.5037828452192277 vs. 2.5037828452192277
--------
nle(id0,id1,dist): 69 126 3.267234658406738
list:
dist: 3.267234658406738 vs. 3.267234658406738
--------
nle(id0,id1,dist): 70 88 3.06965307273039
list:
dist: 3.06965307273039 vs. 3.06965307273039
--------
nle(id0,id1,dist): 69 125 2.578129057645982
list:
dist: 2.578129057645982 vs. 2.578129057645982
--------
nle(id0,id1,dist): 69 124 3.1385064859522913
list:
dist: 3.1385064859522913 vs. 3.1385064859522913
--------
nle(id0,id1,dist): 70 87 2.1460934079000613
list:
dist: 2.1460934079000613 vs. 2.1460934079000613
--------
nle(id0,id1,dist): 69 131 3.5462300237506588
list:
dist: 3.5462300237506588 vs. 3.5462300237506588
--------
nle(id0,id1,dist): 69 130 4.071547329846563
list:
dist: 4.071547329846563 vs. 4.071547329846563
--------
nle(id0,id1,dist): 69 129 2.640707772968645
list:
dist: 2.640707772968645 vs. 2.640707772968645
--------
nle(id0,id1,dist): 69 128 2.0438707944867778
list:
dist: 2.0438707944867778 vs. 2.0438707944867778
--------
nle(id0,id1,dist): 69 135 2.8900652241535356
list:
dist: 2.8900652241535356 vs. 2.8900652241535356
--------
nle(id0,id1,dist): 69 133 3.251862498060232
list:
dist: 3.251862498060232 vs. 3.251862498060232
--------
nle(id0,id1,dist): 69 132 3.727592084204156
list:
dist: 3.727592084204156 vs. 3.727592084204156
--------
nle(id0,id1,dist): 69 138 3.6700815991363727
list:
dist: 3.6700815991363727 vs. 3.6700815991363727
--------
nle(id0,id1,dist): 69 139 3.038655620120592
list:
dist: 3.038655620120592 vs. 3.038655620120592
--------
nle(id0,id1,dist): 69 136 4.033452648896735
list:
dist: 4.033452648896735 vs. 4.033452648896735
--------
nle(id0,id1,dist): 69 137 3.087132454284985
list:
dist: 3.087132454284985 vs. 3.087132454284985
--------
nle(id0,id1,dist): 69 142 4.256294799343175
list:
dist: 4.256294799343175 vs. 4.256294799343175
--------
nle(id0,id1,dist): 69 143 4.294136817516389
list:
dist: 4.294136817516389 vs. 4.294136817516389
--------
nle(id0,id1,dist): 69 140 4.318790305797038
list:
dist: 4.318790305797038 vs. 4.318790305797038
--------
nle(id0,id1,dist): 69 141 4.0160715446773985
list:
dist: 4.0160715446773985 vs. 4.0160715446773985
--------
nle(id0,id1,dist): 69 146 4.250050203442615
list:
dist: 4.250050203442615 vs. 4.250050203442615
--------
nle(id0,id1,dist): 71 72 1.2276253754486404
list:
dist: 1.2276253754486404 vs. 1.2276253754486404
--------
nle(id0,id1,dist): 69 147 3.9277349525417735
list:
dist: 3.9277349525417735 vs. 3.9277349525417735
--------
nle(id0,id1,dist): 71 73 2.056547745593553
list:
dist: 2.056547745593553 vs. 2.056547745593553
--------
nle(id0,id1,dist): 69 145 4.252518325375252
list:
dist: 4.252518325375252 vs. 4.252518325375252
--------
nle(id0,id1,dist): 71 76 2.7694484049961265
list:
dist: 2.7694484049961265 vs. 2.7694484049961265
--------
nle(id0,id1,dist): 70 114 3.9557709449103844
list:
dist: 3.9557709449103844 vs. 3.9557709449103844
--------
nle(id0,id1,dist): 71 77 1.8542997259988403
list:
dist: 1.8542997259988403 vs. 1.8542997259988403
--------
nle(id0,id1,dist): 71 74 2.289826434251967
list:
dist: 2.289826434251967 vs. 2.289826434251967
--------
nle(id0,id1,dist): 69 149 3.8846461889111144
list:
dist: 3.8846461889111144 vs. 3.8846461889111144
--------
nle(id0,id1,dist): 70 112 3.5489143346303376
list:
dist: 3.5489143346303376 vs. 3.5489143346303376
--------
nle(id0,id1,dist): 71 75 1.9311173880427768
list:
dist: 1.9311173880427768 vs. 1.9311173880427768
--------
nle(id0,id1,dist): 69 89 1.9614765680722817
list:
dist: 1.9614765680722817 vs. 1.9614765680722817
--------
nle(id0,id1,dist): 68 126 3.9292743431371746
list:
dist: 3.9292743431371746 vs. 3.9292743431371746
--------
nle(id0,id1,dist): 68 125 3.525408167788984
list:
dist: 3.525408167788984 vs. 3.525408167788984
--------
nle(id0,id1,dist): 69 88 2.2076464728118803
list:
dist: 2.2076464728118803 vs. 2.2076464728118803
--------
nle(id0,id1,dist): 68 128 3.1501133830758814
list:
dist: 3.1501133830758814 vs. 3.1501133830758814
--------
nle(id0,id1,dist): 70 71 0.8507152125899665
list:
dist: 0.8507152125899665 vs. 0.8507152125899665
--------
nle(id0,id1,dist): 70 72 0.9824158710280175
list:
dist: 0.9824158710280175 vs. 0.9824158710280175
--------
nle(id0,id1,dist): 70 73 1.476671785442687
list:
dist: 1.476671785442687 vs. 1.476671785442687
--------
nle(id0,id1,dist): 70 74 1.594464121661747
list:
dist: 1.594464121661747 vs. 1.594464121661747
--------
nle(id0,id1,dist): 70 75 1.6854547370769115
list:
dist: 1.6854547370769115 vs. 1.6854547370769115
--------
nle(id0,id1,dist): 69 112 3.0428683930631335
list:
dist: 3.0428683930631335 vs. 3.0428683930631335
--------
nle(id0,id1,dist): 70 76 2.398124075673071
list:
dist: 2.398124075673071 vs. 2.398124075673071
--------
nle(id0,id1,dist): 70 77 1.6883442527253145
list:
dist: 1.6883442527253145 vs. 1.6883442527253145
--------
nle(id0,id1,dist): 69 114 3.3332067401365144
list:
dist: 3.3332067401365144 vs. 3.3332067401365144
--------
nle(id0,id1,dist): 70 78 2.435602128020814
list:
dist: 2.435602128020814 vs. 2.435602128020814
--------
nle(id0,id1,dist): 70 79 2.44726341481762
list:
dist: 2.44726341481762 vs. 2.44726341481762
--------
nle(id0,id1,dist): 70 80 0.7838357920129355
list:
dist: 0.7838357920129355 vs. 0.7838357920129355
--------
nle(id0,id1,dist): 70 81 1.4723485292406333
list:
dist: 1.4723485292406333 vs. 1.4723485292406333
--------
nle(id0,id1,dist): 70 82 0.7983205588007426
list:
dist: 0.7983205588007426 vs. 0.7983205588007426
--------
nle(id0,id1,dist): 65 90 3.5683626652794516
list:
dist: 3.5683626652794516 vs. 3.5683626652794516
--------
nle(id0,id1,dist): 64 128 2.7660481478386774
list:
dist: 2.7660481478386774 vs. 2.7660481478386774
--------
nle(id0,id1,dist): 65 91 2.940786080923424
list:
dist: 2.940786080923424 vs. 2.940786080923424
--------
nle(id0,id1,dist): 64 125 3.24008651773438
list:
dist: 3.24008651773438 vs. 3.24008651773438
--------
nle(id0,id1,dist): 64 126 3.6517534918348047
list:
dist: 3.6517534918348047 vs. 3.6517534918348047
--------
nle(id0,id1,dist): 64 121 3.5853889187423977
list:
dist: 3.5853889187423977 vs. 3.5853889187423977
--------
nle(id0,id1,dist): 65 84 2.697269186441188
list:
dist: 2.697269186441188 vs. 2.697269186441188
--------
nle(id0,id1,dist): 64 122 4.203876711861617
list:
dist: 4.203876711861617 vs. 4.203876711861617
--------
nle(id0,id1,dist): 65 82 2.1746892463003844
list:
dist: 2.1746892463003844 vs. 2.1746892463003844
--------
nle(id0,id1,dist): 64 120 3.8805446835979933
list:
dist: 3.8805446835979933 vs. 3.8805446835979933
--------
nle(id0,id1,dist): 65 80 2.5708829982693358
list:
dist: 2.5708829982693358 vs. 2.5708829982693358
--------
nle(id0,id1,dist): 65 81 3.3418822100383205
list:
dist: 3.3418822100383205 vs. 3.3418822100383205
--------
nle(id0,id1,dist): 65 78 2.5446564289166864
list:
dist: 2.5446564289166864 vs. 2.5446564289166864
--------
nle(id0,id1,dist): 65 79 2.7300882439808802
list:
dist: 2.7300882439808802 vs. 2.7300882439808802
--------
nle(id0,id1,dist): 65 77 2.7109027121786062
list:
dist: 2.7109027121786062 vs. 2.7109027121786062
--------
nle(id0,id1,dist): 64 114 3.347260155378288
list:
dist: 3.347260155378288 vs. 3.347260155378288
--------
nle(id0,id1,dist): 66 70 1.3168345565248392
list:
dist: 1.3168345565248392 vs. 1.3168345565248392
--------
nle(id0,id1,dist): 66 69 0.5194238601755379
list:
dist: 0.5194238601755379 vs. 0.5194238601755379
--------
nle(id0,id1,dist): 66 68 1.0525590792750674
list:
dist: 1.0525590792750674 vs. 1.0525590792750674
--------
nle(id0,id1,dist): 66 67 1.016910882942379
list:
dist: 1.016910882942379 vs. 1.016910882942379
--------
nle(id0,id1,dist): 65 104 3.2333439783125373
list:
dist: 3.2333439783125373 vs. 3.2333439783125373
--------
nle(id0,id1,dist): 65 103 3.266256934213033
list:
dist: 3.266256934213033 vs. 3.266256934213033
--------
nle(id0,id1,dist): 65 102 3.7429809644837886
list:
dist: 3.7429809644837886 vs. 3.7429809644837886
--------
nle(id0,id1,dist): 65 101 3.46524499515573
list:
dist: 3.46524499515573 vs. 3.46524499515573
--------
nle(id0,id1,dist): 65 99 2.8284880375327917
list:
dist: 2.8284880375327917 vs. 2.8284880375327917
--------
nle(id0,id1,dist): 65 98 2.9308106095586286
list:
dist: 2.9308106095586286 vs. 2.9308106095586286
--------
nle(id0,id1,dist): 65 97 2.5534824403448018
list:
dist: 2.5534824403448018 vs. 2.5534824403448018
--------
nle(id0,id1,dist): 65 96 3.7040900327532587
list:
dist: 3.7040900327532587 vs. 3.7040900327532587
--------
nle(id0,id1,dist): 65 95 3.2165207601905674
list:
dist: 3.2165207601905674 vs. 3.2165207601905674
--------
nle(id0,id1,dist): 65 94 2.7698863788721684
list:
dist: 2.7698863788721684 vs. 2.7698863788721684
--------
nle(id0,id1,dist): 65 93 2.4497767032390616
list:
dist: 2.4497767032390616 vs. 2.4497767032390616
--------
nle(id0,id1,dist): 64 93 3.432434651899044
list:
dist: 3.432434651899044 vs. 3.432434651899044
--------
nle(id0,id1,dist): 63 130 3.6845545849498027
list:
dist: 3.6845545849498027 vs. 3.6845545849498027
--------
nle(id0,id1,dist): 64 94 3.8247644792756867
list:
dist: 3.8247644792756867 vs. 3.8247644792756867
--------
nle(id0,id1,dist): 63 131 3.1972150319307935
list:
dist: 3.1972150319307935 vs. 3.1972150319307935
--------
nle(id0,id1,dist): 63 132 3.4248935452866354
list:
dist: 3.4248935452866354 vs. 3.4248935452866354
--------
nle(id0,id1,dist): 64 95 4.13223568013472
list:
dist: 4.13223568013472 vs. 4.13223568013472
--------
nle(id0,id1,dist): 64 96 4.590828955964973
list:
dist: 4.590828955964973 vs. 4.590828955964973
--------
nle(id0,id1,dist): 63 133 2.9204072668803622
list:
dist: 2.9204072668803622 vs. 2.9204072668803622
--------
nle(id0,id1,dist): 63 126 2.8588621521933586
list:
dist: 2.8588621521933586 vs. 2.8588621521933586
--------
nle(id0,id1,dist): 63 127 2.6618167595874054
list:
dist: 2.6618167595874054 vs. 2.6618167595874054
--------
nle(id0,id1,dist): 64 90 4.5781516004191
list:
dist: 4.5781516004191 vs. 4.5781516004191
--------
nle(id0,id1,dist): 63 128 1.7262551535451591
list:
dist: 1.7262551535451591 vs. 1.7262551535451591
--------
nle(id0,id1,dist): 64 91 3.846877732664481
list:
dist: 3.846877732664481 vs. 3.846877732664481
--------
nle(id0,id1,dist): 63 129 2.342250452463959
list:
dist: 2.342250452463959 vs. 2.342250452463959
--------
nle(id0,id1,dist): 63 122 3.168995388062187
list:
dist: 3.168995388062187 vs. 3.168995388062187
--------
nle(id0,id1,dist): 63 123 3.2214397339409837
list:
dist: 3.2214397339409837 vs. 3.2214397339409837
--------
nle(id0,id1,dist): 63 124 2.7178302602940634
list:
dist: 2.7178302602940634 vs. 2.7178302602940634
--------
nle(id0,id1,dist): 63 125 2.152583237008562
list:
dist: 2.152583237008562 vs. 2.152583237008562
--------
nle(id0,id1,dist): 64 81 3.240231121432345
list:
dist: 3.240231121432345 vs. 3.240231121432345
--------
nle(id0,id1,dist): 64 82 1.8000389688044414
list:
dist: 1.8000389688044414 vs. 1.8000389688044414
--------
nle(id0,id1,dist): 63 120 2.8215978533003363
list:
dist: 2.8215978533003363 vs. 2.8215978533003363
--------
nle(id0,id1,dist): 63 121 2.6111351716738778
list:
dist: 2.6111351716738778 vs. 2.6111351716738778
--------
nle(id0,id1,dist): 64 84 2.141749855588932
list:
dist: 2.141749855588932 vs. 2.141749855588932
--------
nle(id0,id1,dist): 63 147 3.9201316242065913
list:
dist: 3.9201316242065913 vs. 3.9201316242065913
--------
nle(id0,id1,dist): 65 73 2.0541904274734475
list:
dist: 2.0541904274734475 vs. 2.0541904274734475
--------
nle(id0,id1,dist): 63 146 4.140849661972191
list:
dist: 4.140849661972191 vs. 4.140849661972191
--------
nle(id0,id1,dist): 65 72 1.2299087227974597
list:
dist: 1.2299087227974597 vs. 1.2299087227974597
--------
nle(id0,id1,dist): 63 149 3.850620722893095
list:
dist: 3.850620722893095 vs. 3.850620722893095
--------
nle(id0,id1,dist): 65 75 2.368618166567885
list:
dist: 2.368618166567885 vs. 2.368618166567885
--------
nle(id0,id1,dist): 64 112 2.907294078601157
list:
dist: 2.907294078601157 vs. 2.907294078601157
--------
nle(id0,id1,dist): 65 74 3.2044568923362267
list:
dist: 3.2044568923362267 vs. 3.2044568923362267
--------
nle(id0,id1,dist): 63 143 4.175810937940827
list:
dist: 4.175810937940827 vs. 4.175810937940827
--------
nle(id0,id1,dist): 65 69 1.6945012163011555
list:
dist: 1.6945012163011555 vs. 1.6945012163011555
--------
nle(id0,id1,dist): 63 142 4.068840388426743
list:
dist: 4.068840388426743 vs. 4.068840388426743
--------
nle(id0,id1,dist): 65 68 0.9453483321880153
list:
dist: 0.9453483321880153 vs. 0.9453483321880153
--------
nle(id0,id1,dist): 63 145 4.05819838785832
list:
dist: 4.05819838785832 vs. 4.05819838785832
--------
nle(id0,id1,dist): 65 71 1.5823683818144554
list:
dist: 1.5823683818144554 vs. 1.5823683818144554
--------
nle(id0,id1,dist): 65 70 1.8742917084944466
list:
dist: 1.8742917084944466 vs. 1.8742917084944466
--------
nle(id0,id1,dist): 63 139 2.8444617124905824
list:
dist: 2.8444617124905824 vs. 2.8444617124905824
--------
nle(id0,id1,dist): 64 102 4.621925319193497
list:
dist: 4.621925319193497 vs. 4.621925319193497
--------
nle(id0,id1,dist): 63 138 3.45238974655556
list:
dist: 3.45238974655556 vs. 3.45238974655556
--------
nle(id0,id1,dist): 64 101 4.376395031871402
list:
dist: 4.376395031871402 vs. 4.376395031871402
--------
nle(id0,id1,dist): 65 67 1.5903495353473271
list:
dist: 1.5903495353473271 vs. 1.5903495353473271
--------
nle(id0,id1,dist): 63 141 3.7338672409510067
list:
dist: 3.7338672409510067 vs. 3.7338672409510067
--------
nle(id0,id1,dist): 64 104 3.7828341369613874
list:
dist: 3.7828341369613874 vs. 3.7828341369613874
--------
nle(id0,id1,dist): 63 140 4.007751538363621
list:
dist: 4.007751538363621 vs. 4.007751538363621
--------
nle(id0,id1,dist): 65 66 1.1993443391612555
list:
dist: 1.1993443391612555 vs. 1.1993443391612555
--------
nle(id0,id1,dist): 64 103 3.937103434426922
list:
dist: 3.937103434426922 vs. 3.937103434426922
--------
nle(id0,id1,dist): 63 135 2.865809321810051
list:
dist: 2.865809321810051 vs. 2.865809321810051
--------
nle(id0,id1,dist): 64 98 3.529039374445736
list:
dist: 3.529039374445736 vs. 3.529039374445736
--------
nle(id0,id1,dist): 64 97 3.3283579413102253
list:
dist: 3.3283579413102253 vs. 3.3283579413102253
--------
nle(id0,id1,dist): 63 137 2.8422681062678237
list:
dist: 2.8422681062678237 vs. 2.8422681062678237
--------
nle(id0,id1,dist): 63 136 3.784545803306892
list:
dist: 3.784545803306892 vs. 3.784545803306892
--------
nle(id0,id1,dist): 64 99 3.5820303011391252
list:
dist: 3.5820303011391252 vs. 3.5820303011391252
--------
nle(id0,id1,dist): 67 77 2.179268647826355
list:
dist: 2.179268647826355 vs. 2.179268647826355
--------
nle(id0,id1,dist): 66 114 3.2717202205240596
list:
dist: 3.2717202205240596 vs. 3.2717202205240596
--------
nle(id0,id1,dist): 67 74 2.420888780030409
list:
dist: 2.420888780030409 vs. 2.420888780030409
--------
nle(id0,id1,dist): 67 75 1.5553106915751265
list:
dist: 1.5553106915751265 vs. 1.5553106915751265
--------
nle(id0,id1,dist): 66 112 2.8481110630250255
list:
dist: 2.8481110630250255 vs. 2.8481110630250255
--------
nle(id0,id1,dist): 67 80 2.186361010396272
list:
dist: 2.186361010396272 vs. 2.186361010396272
--------
nle(id0,id1,dist): 67 81 3.1196198065050447
list:
dist: 3.1196198065050447 vs. 3.1196198065050447
--------
nle(id0,id1,dist): 67 78 1.9188196473590151
list:
dist: 1.9188196473590151 vs. 1.9188196473590151
--------
nle(id0,id1,dist): 67 79 1.9753730041989628
list:
dist: 1.9753730041989628 vs. 1.9753730041989628
--------
nle(id0,id1,dist): 67 68 0.7862577010969768
list:
dist: 0.7862577010969768 vs. 0.7862577010969768
--------
nle(id0,id1,dist): 67 69 0.9608769976209782
list:
dist: 0.9608769976209782 vs. 0.9608769976209782
--------
nle(id0,id1,dist): 67 72 1.0038913428116687
list:
dist: 1.0038913428116687 vs. 1.0038913428116687
--------
nle(id0,id1,dist): 67 73 0.869602948963039
list:
dist: 0.869602948963039 vs. 0.869602948963039
--------
nle(id0,id1,dist): 67 70 1.9243584643644698
list:
dist: 1.9243584643644698 vs. 1.9243584643644698
--------
nle(id0,id1,dist): 67 71 2.2100389035262573
list:
dist: 2.2100389035262573 vs. 2.2100389035262573
--------
nle(id0,id1,dist): 67 93 3.8921067187600054
list:
dist: 3.8921067187600054 vs. 3.8921067187600054
--------
nle(id0,id1,dist): 66 130 4.065762259301899
list:
dist: 4.065762259301899 vs. 4.065762259301899
--------
nle(id0,id1,dist): 66 129 2.7702656551171674
list:
dist: 2.7702656551171674 vs. 2.7702656551171674
--------
nle(id0,id1,dist): 66 128 2.138593810278142
list:
dist: 2.138593810278142 vs. 2.138593810278142
--------
nle(id0,id1,dist): 67 91 4.446365185630018
list:
dist: 4.446365185630018 vs. 4.446365185630018
--------
nle(id0,id1,dist): 66 127 3.102713813045196
list:
dist: 3.102713813045196 vs. 3.102713813045196
--------
nle(id0,id1,dist): 67 90 5.024366510723268
list:
dist: 5.024366510723268 vs. 5.024366510723268
--------
nle(id0,id1,dist): 67 97 3.951801695001042
list:
dist: 3.951801695001042 vs. 3.951801695001042
--------
nle(id0,id1,dist): 67 96 5.080064039355855
list:
dist: 5.080064039355855 vs. 5.080064039355855
--------
nle(id0,id1,dist): 66 133 3.2754173160027937
list:
dist: 3.2754173160027937 vs. 3.2754173160027937
--------
nle(id0,id1,dist): 67 95 4.67008453493992
list:
dist: 4.67008453493992 vs. 4.67008453493992
--------
nle(id0,id1,dist): 66 132 3.8230943722351456
list:
dist: 3.8230943722351456 vs. 3.8230943722351456
--------
nle(id0,id1,dist): 67 94 4.254956305325108
list:
dist: 4.254956305325108 vs. 4.254956305325108
--------
nle(id0,id1,dist): 66 131 3.444428290280366
list:
dist: 3.444428290280366 vs. 3.444428290280366
--------
nle(id0,id1,dist): 66 122 3.546236179644571
list:
dist: 3.546236179644571 vs. 3.546236179644571
--------
nle(id0,id1,dist): 66 121 2.9464794198538686
list:
dist: 2.9464794198538686 vs. 2.9464794198538686
--------
nle(id0,id1,dist): 67 84 2.1191883468655113
list:
dist: 2.1191883468655113 vs. 2.1191883468655113
--------
nle(id0,id1,dist): 66 120 3.2505812590781065
list:
dist: 3.2505812590781065 vs. 3.2505812590781065
--------
nle(id0,id1,dist): 67 82 1.8244374394580787
list:
dist: 1.8244374394580787 vs. 1.8244374394580787
--------
nle(id0,id1,dist): 66 126 3.059511778551708
list:
dist: 3.059511778551708 vs. 3.059511778551708
--------
nle(id0,id1,dist): 66 125 2.583088122084224
list:
dist: 2.583088122084224 vs. 2.583088122084224
--------
nle(id0,id1,dist): 66 124 3.0904196701123556
list:
dist: 3.0904196701123556 vs. 3.0904196701123556
--------
nle(id0,id1,dist): 66 123 3.681996609704877
list:
dist: 3.681996609704877 vs. 3.681996609704877
--------
nle(id0,id1,dist): 66 79 1.6364954565662095
list:
dist: 1.6364954565662095 vs. 1.6364954565662095
--------
nle(id0,id1,dist): 66 80 1.7514751717858936
list:
dist: 1.7514751717858936 vs. 1.7514751717858936
--------
nle(id0,id1,dist): 66 81 2.6093659392802726
list:
dist: 2.6093659392802726 vs. 2.6093659392802726
--------
nle(id0,id1,dist): 66 82 1.1836168899202777
list:
dist: 1.1836168899202777 vs. 1.1836168899202777
--------
nle(id0,id1,dist): 65 120 3.618466896291694
list:
dist: 3.618466896291694 vs. 3.618466896291694
--------
nle(id0,id1,dist): 66 83 2.2787750307858805
list:
dist: 2.2787750307858805 vs. 2.2787750307858805
--------
nle(id0,id1,dist): 65 121 3.1795213999606253
list:
dist: 3.1795213999606253 vs. 3.1795213999606253
--------
nle(id0,id1,dist): 66 84 1.6027574597231637
list:
dist: 1.6027574597231637 vs. 1.6027574597231637
--------
nle(id0,id1,dist): 66 85 2.38494495237487
list:
dist: 2.38494495237487 vs. 2.38494495237487
--------
nle(id0,id1,dist): 65 122 3.9232759224348173
list:
dist: 3.9232759224348173 vs. 3.9232759224348173
--------
nle(id0,id1,dist): 66 86 2.7443990741025246
list:
dist: 2.7443990741025246 vs. 2.7443990741025246
--------
nle(id0,id1,dist): 66 71 1.3138830593577713
list:
dist: 1.3138830593577713 vs. 1.3138830593577713
--------
nle(id0,id1,dist): 66 72 0.5080221494337239
list:
dist: 0.5080221494337239 vs. 0.5080221494337239
--------
nle(id0,id1,dist): 66 73 1.2098518439656294
list:
dist: 1.2098518439656294 vs. 1.2098518439656294
--------
nle(id0,id1,dist): 66 74 2.2022873903497193
list:
dist: 2.2022873903497193 vs. 2.2022873903497193
--------
nle(id0,id1,dist): 65 112 2.940803600568471
list:
dist: 2.940803600568471 vs. 2.940803600568471
--------
nle(id0,id1,dist): 66 75 1.1699185258948241
list:
dist: 1.1699185258948241 vs. 1.1699185258948241
--------
nle(id0,id1,dist): 66 76 2.1592009458697574
list:
dist: 2.1592009458697574 vs. 2.1592009458697574
--------
nle(id0,id1,dist): 66 77 1.574561900923883
list:
dist: 1.574561900923883 vs. 1.574561900923883
--------
nle(id0,id1,dist): 65 114 3.6282749771177922
list:
dist: 3.6282749771177922 vs. 3.6282749771177922
--------
nle(id0,id1,dist): 66 78 1.5170823794690207
list:
dist: 1.5170823794690207 vs. 1.5170823794690207
--------
nle(id0,id1,dist): 65 125 3.275018683067702
list:
dist: 3.275018683067702 vs. 3.275018683067702
--------
nle(id0,id1,dist): 66 88 2.6423885877673166
list:
dist: 2.6423885877673166 vs. 2.6423885877673166
--------
nle(id0,id1,dist): 66 87 2.0842702494022074
list:
dist: 2.0842702494022074 vs. 2.0842702494022074
--------
nle(id0,id1,dist): 66 89 2.436964913796165
list:
dist: 2.436964913796165 vs. 2.436964913796165
--------
nle(id0,id1,dist): 65 126 3.321038655021472
list:
dist: 3.321038655021472 vs. 3.321038655021472
--------
nle(id0,id1,dist): 65 128 3.0195030494803907
list:
dist: 3.0195030494803907 vs. 3.0195030494803907
--------
nle(id0,id1,dist): 48 51 1.3238237666606334
list:
dist: 1.3238237666606334 vs. 1.3238237666606334
--------
nle(id0,id1,dist): 48 52 1.7243736909108527
list:
dist: 1.7243736909108527 vs. 1.7243736909108527
--------
nle(id0,id1,dist): 48 49 1.8959555118779676
list:
dist: 1.8959555118779676 vs. 1.8959555118779676
--------
nle(id0,id1,dist): 48 55 2.0542167067817148
list:
dist: 2.0542167067817148 vs. 2.0542167067817148
--------
nle(id0,id1,dist): 48 56 1.3042663349233565
list:
dist: 1.3042663349233565 vs. 1.3042663349233565
--------
nle(id0,id1,dist): 48 53 2.2322103798465722
list:
dist: 2.2322103798465722 vs. 2.2322103798465722
--------
nle(id0,id1,dist): 48 54 1.5276062123640126
list:
dist: 1.5276062123640126 vs. 1.5276062123640126
--------
nle(id0,id1,dist): 48 59 1.8079990929053615
list:
dist: 1.8079990929053615 vs. 1.8079990929053615
--------
nle(id0,id1,dist): 48 60 2.751180812692696
list:
dist: 2.751180812692696 vs. 2.751180812692696
--------
nle(id0,id1,dist): 48 57 1.545041429144276
list:
dist: 1.545041429144276 vs. 1.545041429144276
--------
nle(id0,id1,dist): 48 58 1.8900985447972198
list:
dist: 1.8900985447972198 vs. 1.8900985447972198
--------
nle(id0,id1,dist): 48 63 3.364059222658773
list:
dist: 3.364059222658773 vs. 3.364059222658773
--------
nle(id0,id1,dist): 48 64 3.3040616463882118
list:
dist: 3.3040616463882118 vs. 3.3040616463882118
--------
nle(id0,id1,dist): 48 62 2.230486950338076
list:
dist: 2.230486950338076 vs. 2.230486950338076
--------
nle(id0,id1,dist): 47 73 3.484906609956558
list:
dist: 3.484906609956558 vs. 3.484906609956558
--------
nle(id0,id1,dist): 47 74 4.304132507425404
list:
dist: 4.304132507425404 vs. 4.304132507425404
--------
nle(id0,id1,dist): 47 80 4.405629149800582
list:
dist: 4.405629149800582 vs. 4.405629149800582
--------
nle(id0,id1,dist): 48 82 3.7167228404377965
list:
dist: 3.7167228404377965 vs. 3.7167228404377965
--------
nle(id0,id1,dist): 48 84 3.905436976949541
list:
dist: 3.905436976949541 vs. 3.905436976949541
--------
nle(id0,id1,dist): 49 50 2.4797765320706473
list:
dist: 2.4797765320706473 vs. 2.4797765320706473
--------
nle(id0,id1,dist): 49 52 2.2840047342273837
list:
dist: 2.2840047342273837 vs. 2.2840047342273837
--------
nle(id0,id1,dist): 49 53 2.0249104105346705
list:
dist: 2.0249104105346705 vs. 2.0249104105346705
--------
nle(id0,id1,dist): 49 54 1.6893523631653926
list:
dist: 1.6893523631653926 vs. 1.6893523631653926
--------
nle(id0,id1,dist): 49 55 1.3705980038902732
list:
dist: 1.3705980038902732 vs. 1.3705980038902732
--------
nle(id0,id1,dist): 49 56 2.2368095764376736
list:
dist: 2.2368095764376736 vs. 2.2368095764376736
--------
nle(id0,id1,dist): 49 57 0.7613292008054595
list:
dist: 0.7613292008054595 vs. 0.7613292008054595
--------
nle(id0,id1,dist): 49 58 1.6809397913742237
list:
dist: 1.6809397913742237 vs. 1.6809397913742237
--------
nle(id0,id1,dist): 49 59 0.44591556398737714
list:
dist: 0.44591556398737714 vs. 0.44591556398737714
--------
nle(id0,id1,dist): 48 66 3.4281439172526205
list:
dist: 3.4281439172526205 vs. 3.4281439172526205
--------
nle(id0,id1,dist): 48 65 3.6181845669318182
list:
dist: 3.6181845669318182 vs. 3.6181845669318182
--------
nle(id0,id1,dist): 48 68 2.9517528645879025
list:
dist: 2.9517528645879025 vs. 2.9517528645879025
--------
nle(id0,id1,dist): 48 67 2.549710631692319
list:
dist: 2.549710631692319 vs. 2.549710631692319
--------
nle(id0,id1,dist): 48 70 3.5691571862858793
list:
dist: 3.5691571862858793 vs. 3.5691571862858793
--------
nle(id0,id1,dist): 48 69 3.3398873052070677
list:
dist: 3.3398873052070677 vs. 3.3398873052070677
--------
nle(id0,id1,dist): 48 72 3.1148304150479875
list:
dist: 3.1148304150479875 vs. 3.1148304150479875
--------
nle(id0,id1,dist): 48 74 3.5528283794091426
list:
dist: 3.5528283794091426 vs. 3.5528283794091426
--------
nle(id0,id1,dist): 48 73 2.4612962010280612
list:
dist: 2.4612962010280612 vs. 2.4612962010280612
--------
nle(id0,id1,dist): 48 75 3.6821795533111503
list:
dist: 3.6821795533111503 vs. 3.6821795533111503
--------
nle(id0,id1,dist): 48 78 4.274116997458049
list:
dist: 4.274116997458049 vs. 4.274116997458049
--------
nle(id0,id1,dist): 48 77 4.2280038060219916
list:
dist: 4.2280038060219916 vs. 4.2280038060219916
--------
nle(id0,id1,dist): 48 80 3.566444733330879
list:
dist: 3.566444733330879 vs. 3.566444733330879
--------
nle(id0,id1,dist): 48 79 4.224476334809254
list:
dist: 4.224476334809254 vs. 4.224476334809254
--------
nle(id0,id1,dist): 50 53 0.5171992771075393
list:
dist: 0.5171992771075393 vs. 0.5171992771075393
--------
nle(id0,id1,dist): 50 54 0.9971422080245085
list:
dist: 0.9971422080245085 vs. 0.9971422080245085
--------
nle(id0,id1,dist): 50 51 1.6718705841214925
list:
dist: 1.6718705841214925 vs. 1.6718705841214925
--------
nle(id0,id1,dist): 50 52 0.8251126769005018
list:
dist: 0.8251126769005018 vs. 0.8251126769005018
--------
nle(id0,id1,dist): 50 59 2.0395643975949076
list:
dist: 2.0395643975949076 vs. 2.0395643975949076
--------
nle(id0,id1,dist): 50 56 1.2977099435379293
list:
dist: 1.2977099435379293 vs. 1.2977099435379293
--------
nle(id0,id1,dist): 50 55 1.175252311650467
list:
dist: 1.175252311650467 vs. 1.175252311650467
--------
nle(id0,id1,dist): 50 58 1.2515238024677706
list:
dist: 1.2515238024677706 vs. 1.2515238024677706
--------
nle(id0,id1,dist): 50 57 1.8720028968652855
list:
dist: 1.8720028968652855 vs. 1.8720028968652855
--------
nle(id0,id1,dist): 45 47 1.2887237495349912
list:
dist: 1.2887237495349912 vs. 1.2887237495349912
--------
nle(id0,id1,dist): 45 46 1.5153887714388121
list:
dist: 1.5153887714388121 vs. 1.5153887714388121
--------
nle(id0,id1,dist): 44 55 1.1767040371437167
list:
dist: 1.1767040371437167 vs. 1.1767040371437167
--------
nle(id0,id1,dist): 44 56 2.176023290321968
list:
dist: 2.176023290321968 vs. 2.176023290321968
--------
nle(id0,id1,dist): 44 53 1.504434257846133
list:
dist: 1.504434257846133 vs. 1.504434257846133
--------
nle(id0,id1,dist): 44 54 1.7102037276891116
list:
dist: 1.7102037276891116 vs. 1.7102037276891116
--------
nle(id0,id1,dist): 44 59 1.5345139705268505
list:
dist: 1.5345139705268505 vs. 1.5345139705268505
--------
nle(id0,id1,dist): 44 57 1.7859389367719294
list:
dist: 1.7859389367719294 vs. 1.7859389367719294
--------
nle(id0,id1,dist): 44 58 2.1875273427111255
list:
dist: 2.1875273427111255 vs. 2.1875273427111255
--------
nle(id0,id1,dist): 45 73 4.666067258509869
list:
dist: 4.666067258509869 vs. 4.666067258509869
--------
nle(id0,id1,dist): 45 74 5.542220049249647
list:
dist: 5.542220049249647 vs. 5.542220049249647
--------
nle(id0,id1,dist): 45 56 2.04166912255507
list:
dist: 2.04166912255507 vs. 2.04166912255507
--------
nle(id0,id1,dist): 45 57 2.3834625372833043
list:
dist: 2.3834625372833043 vs. 2.3834625372833043
--------
nle(id0,id1,dist): 45 58 2.729609592021775
list:
dist: 2.729609592021775 vs. 2.729609592021775
--------
nle(id0,id1,dist): 45 59 2.2865661645230757
list:
dist: 2.2865661645230757 vs. 2.2865661645230757
--------
nle(id0,id1,dist): 45 60 4.6349132295066
list:
dist: 4.6349132295066 vs. 4.6349132295066
--------
nle(id0,id1,dist): 45 62 4.265980796047314
list:
dist: 4.265980796047314 vs. 4.265980796047314
--------
nle(id0,id1,dist): 45 48 2.242753561260585
list:
dist: 2.242753561260585 vs. 2.242753561260585
--------
nle(id0,id1,dist): 45 49 2.4347744535036187
list:
dist: 2.4347744535036187 vs. 2.4347744535036187
--------
nle(id0,id1,dist): 45 50 2.3632656643814585
list:
dist: 2.3632656643814585 vs. 2.3632656643814585
--------
nle(id0,id1,dist): 45 51 1.8956993504488677
list:
dist: 1.8956993504488677 vs. 1.8956993504488677
--------
nle(id0,id1,dist): 45 52 2.119146082276955
list:
dist: 2.119146082276955 vs. 2.119146082276955
--------
nle(id0,id1,dist): 45 53 2.0183322475418155
list:
dist: 2.0183322475418155 vs. 2.0183322475418155
--------
nle(id0,id1,dist): 45 54 2.00872471229262
list:
dist: 2.00872471229262 vs. 2.00872471229262
--------
nle(id0,id1,dist): 45 55 1.9628294739700118
list:
dist: 1.9628294739700118 vs. 1.9628294739700118
--------
nle(id0,id1,dist): 46 74 4.32810209117251
list:
dist: 4.32810209117251 vs. 4.32810209117251
--------
nle(id0,id1,dist): 46 73 3.390044006283946
list:
dist: 3.390044006283946 vs. 3.390044006283946
--------
nle(id0,id1,dist): 46 62 3.2446826216202926
list:
dist: 3.2446826216202926 vs. 3.2446826216202926
--------
nle(id0,id1,dist): 46 60 3.747478178971668
list:
dist: 3.747478178971668 vs. 3.747478178971668
--------
nle(id0,id1,dist): 46 59 1.1120523099683082
list:
dist: 1.1120523099683082 vs. 1.1120523099683082
--------
nle(id0,id1,dist): 46 57 1.052745096884532
list:
dist: 1.052745096884532 vs. 1.052745096884532
--------
nle(id0,id1,dist): 46 58 1.6250093861207713
list:
dist: 1.6250093861207713 vs. 1.6250093861207713
--------
nle(id0,id1,dist): 46 55 1.2731481410391197
list:
dist: 1.2731481410391197 vs. 1.2731481410391197
--------
nle(id0,id1,dist): 46 56 1.3038558478526958
list:
dist: 1.3038558478526958 vs. 1.3038558478526958
--------
nle(id0,id1,dist): 46 53 1.6124286805165424
list:
dist: 1.6124286805165424 vs. 1.6124286805165424
--------
nle(id0,id1,dist): 46 54 1.107067322573596
list:
dist: 1.107067322573596 vs. 1.107067322573596
--------
nle(id0,id1,dist): 46 51 1.4446724525226202
list:
dist: 1.4446724525226202 vs. 1.4446724525226202
--------
nle(id0,id1,dist): 46 52 1.5158032673675217
list:
dist: 1.5158032673675217 vs. 1.5158032673675217
--------
nle(id0,id1,dist): 46 49 1.255055218419583
list:
dist: 1.255055218419583 vs. 1.255055218419583
--------
nle(id0,id1,dist): 46 50 2.0089050323724202
list:
dist: 2.0089050323724202 vs. 2.0089050323724202
--------
nle(id0,id1,dist): 46 47 0.538270384124993
list:
dist: 0.538270384124993 vs. 0.538270384124993
--------
nle(id0,id1,dist): 46 48 1.0194316285495497
list:
dist: 1.0194316285495497 vs. 1.0194316285495497
--------
nle(id0,id1,dist): 45 80 5.574232299271881
list:
dist: 5.574232299271881 vs. 5.574232299271881
--------
nle(id0,id1,dist): 47 62 3.254902024489085
list:
dist: 3.254902024489085 vs. 3.254902024489085
--------
nle(id0,id1,dist): 47 59 1.4601140155961156
list:
dist: 1.4601140155961156 vs. 1.4601140155961156
--------
nle(id0,id1,dist): 47 58 1.6109425721034365
list:
dist: 1.6109425721034365 vs. 1.6109425721034365
--------
nle(id0,id1,dist): 47 60 3.687683628227538
list:
dist: 3.687683628227538 vs. 3.687683628227538
--------
nle(id0,id1,dist): 47 55 1.2454397611952035
list:
dist: 1.2454397611952035 vs. 1.2454397611952035
--------
nle(id0,id1,dist): 47 54 0.9079508035903754
list:
dist: 0.9079508035903754 vs. 0.9079508035903754
--------
nle(id0,id1,dist): 47 57 1.3465144484136264
list:
dist: 1.3465144484136264 vs. 1.3465144484136264
--------
nle(id0,id1,dist): 47 56 0.932574512161591
list:
dist: 0.932574512161591 vs. 0.932574512161591
--------
nle(id0,id1,dist): 47 50 1.6753271511961974
list:
dist: 1.6753271511961974 vs. 1.6753271511961974
--------
nle(id0,id1,dist): 47 51 1.0043519577279552
list:
dist: 1.0043519577279552 vs. 1.0043519577279552
--------
nle(id0,id1,dist): 47 52 1.1356740266852579
list:
dist: 1.1356740266852579 vs. 1.1356740266852579
--------
nle(id0,id1,dist): 47 53 1.3459182529699074
list:
dist: 1.3459182529699074 vs. 1.3459182529699074
--------
nle(id0,id1,dist): 47 48 1.15164263575796
list:
dist: 1.15164263575796 vs. 1.15164263575796
--------
nle(id0,id1,dist): 47 49 1.704798506992437
list:
dist: 1.704798506992437 vs. 1.704798506992437
--------
nle(id0,id1,dist): 46 80 4.454289453740305
list:
dist: 4.454289453740305 vs. 4.454289453740305
--------
nle(id0,id1,dist): 54 74 3.88753474061307
list:
dist: 3.88753474061307 vs. 3.88753474061307
--------
nle(id0,id1,dist): 54 73 3.3652785133358885
list:
dist: 3.3652785133358885 vs. 3.3652785133358885
--------
nle(id0,id1,dist): 54 80 4.143917938552298
list:
dist: 4.143917938552298 vs. 4.143917938552298
--------
nle(id0,id1,dist): 55 56 1.499262403474395
list:
dist: 1.499262403474395 vs. 1.499262403474395
--------
nle(id0,id1,dist): 55 57 0.96919511808
list:
dist: 0.96919511808 vs. 0.96919511808
--------
nle(id0,id1,dist): 55 58 1.0345449770733788
list:
dist: 1.0345449770733788 vs. 1.0345449770733788
--------
nle(id0,id1,dist): 55 59 0.9486263494107622
list:
dist: 0.9486263494107622 vs. 0.9486263494107622
--------
nle(id0,id1,dist): 55 60 4.546148085163777
list:
dist: 4.546148085163777 vs. 4.546148085163777
--------
nle(id0,id1,dist): 55 62 4.074987394012442
list:
dist: 4.074987394012442 vs. 4.074987394012442
--------
nle(id0,id1,dist): 55 73 4.002273260454383
list:
dist: 4.002273260454383 vs. 4.002273260454383
--------
nle(id0,id1,dist): 55 74 4.5406053209987824
list:
dist: 4.5406053209987824 vs. 4.5406053209987824
--------
nle(id0,id1,dist): 55 80 4.858633756042531
list:
dist: 4.858633756042531 vs. 4.858633756042531
--------
nle(id0,id1,dist): 56 62 2.880645207863181
list:
dist: 2.880645207863181 vs. 2.880645207863181
--------
nle(id0,id1,dist): 56 58 1.3133860180835162
list:
dist: 1.3133860180835162 vs. 1.3133860180835162
--------
nle(id0,id1,dist): 56 57 1.6000911149278734
list:
dist: 1.6000911149278734 vs. 1.6000911149278734
--------
nle(id0,id1,dist): 56 60 3.236841048235545
list:
dist: 3.236841048235545 vs. 3.236841048235545
--------
nle(id0,id1,dist): 56 59 1.8987720918151836
list:
dist: 1.8987720918151836 vs. 1.8987720918151836
--------
nle(id0,id1,dist): 56 80 3.725959713202999
list:
dist: 3.725959713202999 vs. 3.725959713202999
--------
nle(id0,id1,dist): 56 73 3.051092292203743
list:
dist: 3.051092292203743 vs. 3.051092292203743
--------
nle(id0,id1,dist): 56 74 3.5946370688563976
list:
dist: 3.5946370688563976 vs. 3.5946370688563976
--------
nle(id0,id1,dist): 57 59 0.4342927282708079
list:
dist: 0.4342927282708079 vs. 0.4342927282708079
--------
nle(id0,id1,dist): 57 58 0.9488745621492916
list:
dist: 0.9488745621492916 vs. 0.9488745621492916
--------
nle(id0,id1,dist): 57 62 3.4913619850991435
list:
dist: 3.4913619850991435 vs. 3.4913619850991435
--------
nle(id0,id1,dist): 57 60 4.043678380516085
list:
dist: 4.043678380516085 vs. 4.043678380516085
--------
nle(id0,id1,dist): 57 74 4.019644068458274
list:
dist: 4.019644068458274 vs. 4.019644068458274
--------
nle(id0,id1,dist): 57 73 3.2970102897279263
list:
dist: 3.2970102897279263 vs. 3.2970102897279263
--------
nle(id0,id1,dist): 57 80 4.338063519780172
list:
dist: 4.338063519780172 vs. 4.338063519780172
--------
nle(id0,id1,dist): 51 58 1.841433722362049
list:
dist: 1.841433722362049 vs. 1.841433722362049
--------
nle(id0,id1,dist): 51 60 3.0703995055576923
list:
dist: 3.0703995055576923 vs. 3.0703995055576923
--------
nle(id0,id1,dist): 51 61 3.404899453143779
list:
dist: 3.404899453143779 vs. 3.404899453143779
--------
nle(id0,id1,dist): 51 62 2.7741981340932886
list:
dist: 2.7741981340932886 vs. 2.7741981340932886
--------
nle(id0,id1,dist): 51 52 0.9037266121570712
list:
dist: 0.9037266121570712 vs. 0.9037266121570712
--------
nle(id0,id1,dist): 51 53 1.6454395336610377
list:
dist: 1.6454395336610377 vs. 1.6454395336610377
--------
nle(id0,id1,dist): 51 54 1.2081947037594851
list:
dist: 1.2081947037594851 vs. 1.2081947037594851
--------
nle(id0,id1,dist): 51 55 1.897288790207339
list:
dist: 1.897288790207339 vs. 1.897288790207339
--------
nle(id0,id1,dist): 51 56 0.5327557658024439
list:
dist: 0.5327557658024439 vs. 0.5327557658024439
--------
nle(id0,id1,dist): 51 57 2.0103485622473087
list:
dist: 2.0103485622473087 vs. 2.0103485622473087
--------
nle(id0,id1,dist): 51 74 3.768293295767602
list:
dist: 3.768293295767602 vs. 3.768293295767602
--------
nle(id0,id1,dist): 51 81 4.27243869965892
list:
dist: 4.27243869965892 vs. 4.27243869965892
--------
nle(id0,id1,dist): 51 80 3.7828740403401073
list:
dist: 3.7828740403401073 vs. 3.7828740403401073
--------
nle(id0,id1,dist): 51 73 3.136198233732631
list:
dist: 3.136198233732631 vs. 3.136198233732631
--------
nle(id0,id1,dist): 52 55 1.2839108155455423
list:
dist: 1.2839108155455423 vs. 1.2839108155455423
--------
nle(id0,id1,dist): 52 56 0.47739470468874456
list:
dist: 0.47739470468874456 vs. 0.47739470468874456
--------
nle(id0,id1,dist): 52 53 0.8787332815837287
list:
dist: 0.8787332815837287 vs. 0.8787332815837287
--------
nle(id0,id1,dist): 52 54 0.6016078558340116
list:
dist: 0.6016078558340116 vs. 0.6016078558340116
--------
nle(id0,id1,dist): 52 59 1.8888572163986939
list:
dist: 1.8888572163986939 vs. 1.8888572163986939
--------
nle(id0,id1,dist): 52 60 3.63776641205075
list:
dist: 3.63776641205075 vs. 3.63776641205075
--------
nle(id0,id1,dist): 52 57 1.6190450673802308
list:
dist: 1.6190450673802308 vs. 1.6190450673802308
--------
nle(id0,id1,dist): 52 58 1.1371066569763575
list:
dist: 1.1371066569763575 vs. 1.1371066569763575
--------
nle(id0,id1,dist): 52 74 3.7662022631051775
list:
dist: 3.7662022631051775 vs. 3.7662022631051775
--------
nle(id0,id1,dist): 52 73 3.381861023757677
list:
dist: 3.381861023757677 vs. 3.381861023757677
--------
nle(id0,id1,dist): 52 62 3.2951285377620394
list:
dist: 3.2951285377620394 vs. 3.2951285377620394
--------
nle(id0,id1,dist): 53 54 0.743112417029822
list:
dist: 0.743112417029822 vs. 0.743112417029822
--------
nle(id0,id1,dist): 53 55 0.6855468723396612
list:
dist: 0.6855468723396612 vs. 0.6855468723396612
--------
nle(id0,id1,dist): 51 122 5.509752416351731
list:
dist: 5.509752416351731 vs. 5.509752416351731
--------
nle(id0,id1,dist): 51 120 4.428147811366168
list:
dist: 4.428147811366168 vs. 4.428147811366168
--------
nle(id0,id1,dist): 52 80 3.975063882352837
list:
dist: 3.975063882352837 vs. 3.975063882352837
--------
nle(id0,id1,dist): 53 60 4.465984243887494
list:
dist: 4.465984243887494 vs. 4.465984243887494
--------
nle(id0,id1,dist): 53 62 4.0730859874746175
list:
dist: 4.0730859874746175 vs. 4.0730859874746175
--------
nle(id0,id1,dist): 53 57 1.4939001369288674
list:
dist: 1.4939001369288674 vs. 1.4939001369288674
--------
nle(id0,id1,dist): 53 56 1.2619736852902992
list:
dist: 1.2619736852902992 vs. 1.2619736852902992
--------
nle(id0,id1,dist): 53 59 1.59349012515004
list:
dist: 1.59349012515004 vs. 1.59349012515004
--------
nle(id0,id1,dist): 53 58 1.1192540396604025
list:
dist: 1.1192540396604025 vs. 1.1192540396604025
--------
nle(id0,id1,dist): 53 80 4.735973432046234
list:
dist: 4.735973432046234 vs. 4.735973432046234
--------
nle(id0,id1,dist): 53 74 4.435012105857223
list:
dist: 4.435012105857223 vs. 4.435012105857223
--------
nle(id0,id1,dist): 53 73 4.064498064178329
list:
dist: 4.064498064178329 vs. 4.064498064178329
--------
nle(id0,id1,dist): 54 62 3.3736449380417004
list:
dist: 3.3736449380417004 vs. 3.3736449380417004
--------
nle(id0,id1,dist): 54 60 3.8054831426989955
list:
dist: 3.8054831426989955 vs. 3.8054831426989955
--------
nle(id0,id1,dist): 54 59 1.2878934272074194
list:
dist: 1.2878934272074194 vs. 1.2878934272074194
--------
nle(id0,id1,dist): 54 58 0.7724162412442392
list:
dist: 0.7724162412442392 vs. 0.7724162412442392
--------
nle(id0,id1,dist): 54 57 1.033087705994231
list:
dist: 1.033087705994231 vs. 1.033087705994231
--------
nle(id0,id1,dist): 54 56 0.736859356867432
list:
dist: 0.736859356867432 vs. 0.736859356867432
--------
nle(id0,id1,dist): 54 55 0.794942494423424
list:
dist: 0.794942494423424 vs. 0.794942494423424
--------
nle(id0,id1,dist): 93 97 1.0760841887289965
list:
dist: 1.0760841887289965 vs. 1.0760841887289965
--------
nle(id0,id1,dist): 93 96 1.295135194479314
list:
dist: 1.295135194479314 vs. 1.295135194479314
--------
nle(id0,id1,dist): 93 99 1.0255763005971352
list:
dist: 1.0255763005971352 vs. 1.0255763005971352
--------
nle(id0,id1,dist): 93 98 1.4115802519294496
list:
dist: 1.4115802519294496 vs. 1.4115802519294496
--------
nle(id0,id1,dist): 93 101 1.149426993964436
list:
dist: 1.149426993964436 vs. 1.149426993964436
--------
nle(id0,id1,dist): 93 100 2.205635224143882
list:
dist: 2.205635224143882 vs. 2.205635224143882
--------
nle(id0,id1,dist): 93 103 1.378295558661779
list:
dist: 1.378295558661779 vs. 1.378295558661779
--------
nle(id0,id1,dist): 93 102 1.6132075948418019
list:
dist: 1.6132075948418019 vs. 1.6132075948418019
--------
nle(id0,id1,dist): 93 105 1.9269543003195089
list:
dist: 1.9269543003195089 vs. 1.9269543003195089
--------
nle(id0,id1,dist): 93 104 1.7956803635268153
list:
dist: 1.7956803635268153 vs. 1.7956803635268153
--------
nle(id0,id1,dist): 93 107 2.185918400155599
list:
dist: 2.185918400155599 vs. 2.185918400155599
--------
nle(id0,id1,dist): 93 106 2.2822365862950176
list:
dist: 2.2822365862950176 vs. 2.2822365862950176
--------
nle(id0,id1,dist): 93 109 2.340934439341311
list:
dist: 2.340934439341311 vs. 2.340934439341311
--------
nle(id0,id1,dist): 93 108 2.3221919028763702
list:
dist: 2.3221919028763702 vs. 2.3221919028763702
--------
nle(id0,id1,dist): 94 109 2.6332945024332997
list:
dist: 2.6332945024332997 vs. 2.6332945024332997
--------
nle(id0,id1,dist): 94 107 2.3824820811365086
list:
dist: 2.3824820811365086 vs. 2.3824820811365086
--------
nle(id0,id1,dist): 94 108 2.6300306058790817
list:
dist: 2.6300306058790817 vs. 2.6300306058790817
--------
nle(id0,id1,dist): 94 98 1.816923420971669
list:
dist: 1.816923420971669 vs. 1.816923420971669
--------
nle(id0,id1,dist): 94 97 1.4129059126506451
list:
dist: 1.4129059126506451 vs. 1.4129059126506451
--------
nle(id0,id1,dist): 94 96 1.2460238270545507
list:
dist: 1.2460238270545507 vs. 1.2460238270545507
--------
nle(id0,id1,dist): 94 95 0.9136628680609138
list:
dist: 0.9136628680609138 vs. 0.9136628680609138
--------
nle(id0,id1,dist): 94 102 1.5512339585648252
list:
dist: 1.5512339585648252 vs. 1.5512339585648252
--------
nle(id0,id1,dist): 94 101 1.0925991606355043
list:
dist: 1.0925991606355043 vs. 1.0925991606355043
--------
nle(id0,id1,dist): 94 100 2.314593554468248
list:
dist: 2.314593554468248 vs. 2.314593554468248
--------
nle(id0,id1,dist): 94 99 1.3677531142669006
list:
dist: 1.3677531142669006 vs. 1.3677531142669006
--------
nle(id0,id1,dist): 94 106 2.4437184893260264
list:
dist: 2.4437184893260264 vs. 2.4437184893260264
--------
nle(id0,id1,dist): 94 105 1.9937113331541298
list:
dist: 1.9937113331541298 vs. 1.9937113331541298
--------
nle(id0,id1,dist): 94 104 2.1383223685661585
list:
dist: 2.1383223685661585 vs. 2.1383223685661585
--------
nle(id0,id1,dist): 94 103 1.6917535213562167
list:
dist: 1.6917535213562167 vs. 1.6917535213562167
--------
nle(id0,id1,dist): 92 97 2.4218240696111493
list:
dist: 2.4218240696111493 vs. 2.4218240696111493
--------
nle(id0,id1,dist): 92 98 2.5377519409105473
list:
dist: 2.5377519409105473 vs. 2.5377519409105473
--------
nle(id0,id1,dist): 92 99 2.1778385283913373
list:
dist: 2.1778385283913373 vs. 2.1778385283913373
--------
nle(id0,id1,dist): 92 100 1.851006784667661
list:
dist: 1.851006784667661 vs. 1.851006784667661
--------
nle(id0,id1,dist): 92 93 2.0485662513348295
list:
dist: 2.0485662513348295 vs. 2.0485662513348295
--------
nle(id0,id1,dist): 92 94 1.7323458319964213
list:
dist: 1.7323458319964213 vs. 1.7323458319964213
--------
nle(id0,id1,dist): 92 95 1.4236334267087827
list:
dist: 1.4236334267087827 vs. 1.4236334267087827
--------
nle(id0,id1,dist): 92 96 1.0882390757324816
list:
dist: 1.0882390757324816 vs. 1.0882390757324816
--------
nle(id0,id1,dist): 91 107 1.4156780436790497
list:
dist: 1.4156780436790497 vs. 1.4156780436790497
--------
nle(id0,id1,dist): 91 106 1.9356560705249857
list:
dist: 1.9356560705249857 vs. 1.9356560705249857
--------
nle(id0,id1,dist): 91 109 1.6734358104125517
list:
dist: 1.6734358104125517 vs. 1.6734358104125517
--------
nle(id0,id1,dist): 91 108 2.18342898480195
list:
dist: 2.18342898480195 vs. 2.18342898480195
--------
nle(id0,id1,dist): 93 94 0.5087544020515409
list:
dist: 0.5087544020515409 vs. 0.5087544020515409
--------
nle(id0,id1,dist): 93 95 0.9097266579086175
list:
dist: 0.9097266579086175 vs. 0.9097266579086175
--------
nle(id0,id1,dist): 92 108 2.7265733429202075
list:
dist: 2.7265733429202075 vs. 2.7265733429202075
--------
nle(id0,id1,dist): 92 107 2.463385795638142
list:
dist: 2.463385795638142 vs. 2.463385795638142
--------
nle(id0,id1,dist): 92 106 2.1036083991455
list:
dist: 2.1036083991455 vs. 2.1036083991455
--------
nle(id0,id1,dist): 92 105 1.9072545640570757
list:
dist: 1.9072545640570757 vs. 1.9072545640570757
--------
nle(id0,id1,dist): 92 104 2.6405049129903753
list:
dist: 2.6405049129903753 vs. 2.6405049129903753
--------
nle(id0,id1,dist): 92 103 2.140000389563548
list:
dist: 2.140000389563548 vs. 2.140000389563548
--------
nle(id0,id1,dist): 92 102 1.3989554285257009
list:
dist: 1.3989554285257009 vs. 1.3989554285257009
--------
nle(id0,id1,dist): 92 101 1.235740099702496
list:
dist: 1.235740099702496 vs. 1.235740099702496
--------
nle(id0,id1,dist): 92 109 2.9759685325191216
list:
dist: 2.9759685325191216 vs. 2.9759685325191216
--------
nle(id0,id1,dist): 97 101 1.1920506151039985
list:
dist: 1.1920506151039985 vs. 1.1920506151039985
--------
nle(id0,id1,dist): 97 100 1.832126830225588
list:
dist: 1.832126830225588 vs. 1.832126830225588
--------
nle(id0,id1,dist): 97 103 1.116543305852272
list:
dist: 1.116543305852272 vs. 1.116543305852272
--------
nle(id0,id1,dist): 97 102 1.321411796166913
list:
dist: 1.321411796166913 vs. 1.321411796166913
--------
nle(id0,id1,dist): 97 105 1.291124719819687
list:
dist: 1.291124719819687 vs. 1.291124719819687
--------
nle(id0,id1,dist): 97 104 0.9566961110451825
list:
dist: 0.9566961110451825 vs. 0.9566961110451825
--------
nle(id0,id1,dist): 97 107 1.3280250510105516
list:
dist: 1.3280250510105516 vs. 1.3280250510105516
--------
nle(id0,id1,dist): 97 106 1.8378339813978652
list:
dist: 1.8378339813978652 vs. 1.8378339813978652
--------
nle(id0,id1,dist): 97 99 0.4674661441473975
list:
dist: 0.4674661441473975 vs. 0.4674661441473975
--------
nle(id0,id1,dist): 97 98 0.8933382991624788
list:
dist: 0.8933382991624788 vs. 0.8933382991624788
--------
nle(id0,id1,dist): 98 102 1.6525446688275345
list:
dist: 1.6525446688275345 vs. 1.6525446688275345
--------
nle(id0,id1,dist): 98 101 1.4217444584778818
list:
dist: 1.4217444584778818 vs. 1.4217444584778818
--------
nle(id0,id1,dist): 98 100 1.4743901566902948
list:
dist: 1.4743901566902948 vs. 1.4743901566902948
--------
nle(id0,id1,dist): 98 99 0.5657585598281274
list:
dist: 0.5657585598281274 vs. 0.5657585598281274
--------
nle(id0,id1,dist): 97 108 1.8025118033185195
list:
dist: 1.8025118033185195 vs. 1.8025118033185195
--------
nle(id0,id1,dist): 97 109 1.3513730553754089
list:
dist: 1.3513730553754089 vs. 1.3513730553754089
--------
nle(id0,id1,dist): 95 107 1.5317858106535736
list:
dist: 1.5317858106535736 vs. 1.5317858106535736
--------
nle(id0,id1,dist): 95 106 1.5855265352391315
list:
dist: 1.5855265352391315 vs. 1.5855265352391315
--------
nle(id0,id1,dist): 95 109 1.8772627243940292
list:
dist: 1.8772627243940292 vs. 1.8772627243940292
--------
nle(id0,id1,dist): 95 108 1.898880567451871
list:
dist: 1.898880567451871 vs. 1.898880567451871
--------
nle(id0,id1,dist): 95 103 1.0749857726057916
list:
dist: 1.0749857726057916 vs. 1.0749857726057916
--------
nle(id0,id1,dist): 95 102 0.7411036723516597
list:
dist: 0.7411036723516597 vs. 0.7411036723516597
--------
nle(id0,id1,dist): 95 105 1.1254086358974165
list:
dist: 1.1254086358974165 vs. 1.1254086358974165
--------
nle(id0,id1,dist): 95 104 1.4408603492639938
list:
dist: 1.4408603492639938 vs. 1.4408603492639938
--------
nle(id0,id1,dist): 95 98 1.291254238926782
list:
dist: 1.291254238926782 vs. 1.291254238926782
--------
nle(id0,id1,dist): 95 99 0.8072801368496251
list:
dist: 0.8072801368496251 vs. 0.8072801368496251
--------
nle(id0,id1,dist): 95 100 1.44601180924937
list:
dist: 1.44601180924937 vs. 1.44601180924937
--------
nle(id0,id1,dist): 95 101 0.2522737926253844
list:
dist: 0.2522737926253844 vs. 0.2522737926253844
--------
nle(id0,id1,dist): 95 96 0.7153901466148412
list:
dist: 0.7153901466148412 vs. 0.7153901466148412
--------
nle(id0,id1,dist): 95 97 1.0072431512334687
list:
dist: 1.0072431512334687 vs. 1.0072431512334687
--------
nle(id0,id1,dist): 96 109 2.225505078405945
list:
dist: 2.225505078405945 vs. 2.225505078405945
--------
nle(id0,id1,dist): 96 108 1.8133577046475948
list:
dist: 1.8133577046475948 vs. 1.8133577046475948
--------
nle(id0,id1,dist): 96 107 1.8367130412858066
list:
dist: 1.8367130412858066 vs. 1.8367130412858066
--------
nle(id0,id1,dist): 96 106 1.4238964965388392
list:
dist: 1.4238964965388392 vs. 1.4238964965388392
--------
nle(id0,id1,dist): 96 105 1.471543325168215
list:
dist: 1.471543325168215 vs. 1.471543325168215
--------
nle(id0,id1,dist): 96 104 1.731531053419871
list:
dist: 1.731531053419871 vs. 1.731531053419871
--------
nle(id0,id1,dist): 96 103 1.0904624128610036
list:
dist: 1.0904624128610036 vs. 1.0904624128610036
--------
nle(id0,id1,dist): 96 102 1.1095720018644888
list:
dist: 1.1095720018644888 vs. 1.1095720018644888
--------
nle(id0,id1,dist): 96 101 0.6350713009217015
list:
dist: 0.6350713009217015 vs. 0.6350713009217015
--------
nle(id0,id1,dist): 96 100 1.254064595299452
list:
dist: 1.254064595299452 vs. 1.254064595299452
--------
nle(id0,id1,dist): 96 99 1.2424182733865072
list:
dist: 1.2424182733865072 vs. 1.2424182733865072
--------
nle(id0,id1,dist): 96 98 1.5058196844190004
list:
dist: 1.5058196844190004 vs. 1.5058196844190004
--------
nle(id0,id1,dist): 96 97 1.601978596977239
list:
dist: 1.601978596977239 vs. 1.601978596977239
--------
nle(id0,id1,dist): 85 139 2.6011579339571314
list:
dist: 2.6011579339571314 vs. 2.6011579339571314
--------
nle(id0,id1,dist): 85 138 2.5098790812872407
list:
dist: 2.5098790812872407 vs. 2.5098790812872407
--------
nle(id0,id1,dist): 85 137 2.3980125025315515
list:
dist: 2.3980125025315515 vs. 2.3980125025315515
--------
nle(id0,id1,dist): 85 136 2.726303723252752
list:
dist: 2.726303723252752 vs. 2.726303723252752
--------
nle(id0,id1,dist): 85 143 3.517099505188434
list:
dist: 3.517099505188434 vs. 3.517099505188434
--------
nle(id0,id1,dist): 85 142 3.8025646239682342
list:
dist: 3.8025646239682342 vs. 3.8025646239682342
--------
nle(id0,id1,dist): 85 141 3.249169106838598
list:
dist: 3.249169106838598 vs. 3.249169106838598
--------
nle(id0,id1,dist): 85 140 3.4022838627499903
list:
dist: 3.4022838627499903 vs. 3.4022838627499903
--------
nle(id0,id1,dist): 85 147 3.305513056585095
list:
dist: 3.305513056585095 vs. 3.305513056585095
--------
nle(id0,id1,dist): 85 146 3.132659669633779
list:
dist: 3.132659669633779 vs. 3.132659669633779
--------
nle(id0,id1,dist): 85 145 3.0817779069686693
list:
dist: 3.0817779069686693 vs. 3.0817779069686693
--------
nle(id0,id1,dist): 85 144 3.625135779732003
list:
dist: 3.625135779732003 vs. 3.625135779732003
--------
nle(id0,id1,dist): 86 114 3.950901818360768
list:
dist: 3.950901818360768 vs. 3.950901818360768
--------
nle(id0,id1,dist): 85 149 2.8459559652366977
list:
dist: 2.8459559652366977 vs. 2.8459559652366977
--------
nle(id0,id1,dist): 86 112 4.158241109752556
list:
dist: 4.158241109752556 vs. 4.158241109752556
--------
nle(id0,id1,dist): 85 148 3.3781218308610534
list:
dist: 3.3781218308610534 vs. 3.3781218308610534
--------
nle(id0,id1,dist): 86 121 3.6639706938516747
list:
dist: 3.6639706938516747 vs. 3.6639706938516747
--------
nle(id0,id1,dist): 86 122 3.6939510569313017
list:
dist: 3.6939510569313017 vs. 3.6939510569313017
--------
nle(id0,id1,dist): 86 120 3.583146492167405
list:
dist: 3.583146492167405 vs. 3.583146492167405
--------
nle(id0,id1,dist): 86 125 2.464449493509959
list:
dist: 2.464449493509959 vs. 2.464449493509959
--------
nle(id0,id1,dist): 87 88 1.273260777657556
list:
dist: 1.273260777657556 vs. 1.273260777657556
--------
nle(id0,id1,dist): 87 89 1.6010502713588803
list:
dist: 1.6010502713588803 vs. 1.6010502713588803
--------
nle(id0,id1,dist): 86 126 3.683346248469761
list:
dist: 3.683346248469761 vs. 3.683346248469761
--------
nle(id0,id1,dist): 86 123 2.6219337293393408
list:
dist: 2.6219337293393408 vs. 2.6219337293393408
--------
nle(id0,id1,dist): 86 124 2.952503388607735
list:
dist: 2.952503388607735 vs. 2.952503388607735
--------
nle(id0,id1,dist): 86 129 1.913644151409684
list:
dist: 1.913644151409684 vs. 1.913644151409684
--------
nle(id0,id1,dist): 86 130 3.4382362505698327
list:
dist: 3.4382362505698327 vs. 3.4382362505698327
--------
nle(id0,id1,dist): 86 127 1.939367386227833
list:
dist: 1.939367386227833 vs. 1.939367386227833
--------
nle(id0,id1,dist): 86 128 1.8616761578512784
list:
dist: 1.8616761578512784 vs. 1.8616761578512784
--------
nle(id0,id1,dist): 86 132 2.7114747602441454
list:
dist: 2.7114747602441454 vs. 2.7114747602441454
--------
nle(id0,id1,dist): 86 131 3.4486960210342485
list:
dist: 3.4486960210342485 vs. 3.4486960210342485
--------
nle(id0,id1,dist): 86 133 2.6915221522977215
list:
dist: 2.6915221522977215 vs. 2.6915221522977215
--------
nle(id0,id1,dist): 86 136 2.8317463784401404
list:
dist: 2.8317463784401404 vs. 2.8317463784401404
--------
nle(id0,id1,dist): 86 135 2.3361573337373387
list:
dist: 2.3361573337373387 vs. 2.3361573337373387
--------
nle(id0,id1,dist): 86 138 2.5873341356094857
list:
dist: 2.5873341356094857 vs. 2.5873341356094857
--------
nle(id0,id1,dist): 86 137 2.5651617678360665
list:
dist: 2.5651617678360665 vs. 2.5651617678360665
--------
nle(id0,id1,dist): 86 140 3.5705298022737457
list:
dist: 3.5705298022737457 vs. 3.5705298022737457
--------
nle(id0,id1,dist): 86 139 2.7084287324205323
list:
dist: 2.7084287324205323 vs. 2.7084287324205323
--------
nle(id0,id1,dist): 86 142 3.8256282718751846
list:
dist: 3.8256282718751846 vs. 3.8256282718751846
--------
nle(id0,id1,dist): 86 141 3.3926116036673477
list:
dist: 3.3926116036673477 vs. 3.3926116036673477
--------
nle(id0,id1,dist): 86 144 3.3460508276280145
list:
dist: 3.3460508276280145 vs. 3.3460508276280145
--------
nle(id0,id1,dist): 86 143 3.4217105363286704
list:
dist: 3.4217105363286704 vs. 3.4217105363286704
--------
nle(id0,id1,dist): 86 146 2.9982555923909904
list:
dist: 2.9982555923909904 vs. 2.9982555923909904
--------
nle(id0,id1,dist): 86 145 3.074791019518678
list:
dist: 3.074791019518678 vs. 3.074791019518678
--------
nle(id0,id1,dist): 86 147 3.1046382943048214
list:
dist: 3.1046382943048214 vs. 3.1046382943048214
--------
nle(id0,id1,dist): 86 148 3.103799452855887
list:
dist: 3.103799452855887 vs. 3.103799452855887
--------
nle(id0,id1,dist): 86 149 2.627979301074345
list:
dist: 2.627979301074345 vs. 2.627979301074345
--------
nle(id0,id1,dist): 87 112 2.968745022878049
list:
dist: 2.968745022878049 vs. 2.968745022878049
--------
nle(id0,id1,dist): 87 114 2.8384795909443405
list:
dist: 2.8384795909443405 vs. 2.8384795909443405
--------
nle(id0,id1,dist): 87 120 3.24024008522034
list:
dist: 3.24024008522034 vs. 3.24024008522034
--------
nle(id0,id1,dist): 87 121 2.961651813234877
list:
dist: 2.961651813234877 vs. 2.961651813234877
--------
nle(id0,id1,dist): 87 122 3.1002450195167186
list:
dist: 3.1002450195167186 vs. 3.1002450195167186
--------
nle(id0,id1,dist): 87 123 2.5457533659713016
list:
dist: 2.5457533659713016 vs. 2.5457533659713016
--------
nle(id0,id1,dist): 87 124 2.279257240326429
list:
dist: 2.279257240326429 vs. 2.279257240326429
--------
nle(id0,id1,dist): 87 125 1.9414677323283398
list:
dist: 1.9414677323283398 vs. 1.9414677323283398
--------
nle(id0,id1,dist): 84 114 3.6157075595799006
list:
dist: 3.6157075595799006 vs. 3.6157075595799006
--------
nle(id0,id1,dist): 83 149 2.0269925436748006
list:
dist: 2.0269925436748006 vs. 2.0269925436748006
--------
nle(id0,id1,dist): 84 112 3.5164167467049907
list:
dist: 3.5164167467049907 vs. 3.5164167467049907
--------
nle(id0,id1,dist): 83 148 2.5781410480889115
list:
dist: 2.5781410480889115 vs. 2.5781410480889115
--------
nle(id0,id1,dist): 83 147 2.353597463949356
list:
dist: 2.353597463949356 vs. 2.353597463949356
--------
nle(id0,id1,dist): 83 146 2.3688625467022053
list:
dist: 2.3688625467022053 vs. 2.3688625467022053
--------
nle(id0,id1,dist): 85 87 1.250537218178849
list:
dist: 1.250537218178849 vs. 1.250537218178849
--------
nle(id0,id1,dist): 84 124 2.1546324795120357
list:
dist: 2.1546324795120357 vs. 2.1546324795120357
--------
nle(id0,id1,dist): 85 86 0.6464757485458836
list:
dist: 0.6464757485458836 vs. 0.6464757485458836
--------
nle(id0,id1,dist): 84 123 2.3042121788259853
list:
dist: 2.3042121788259853 vs. 2.3042121788259853
--------
nle(id0,id1,dist): 84 122 2.784133004880351
list:
dist: 2.784133004880351 vs. 2.784133004880351
--------
nle(id0,id1,dist): 84 121 2.515508553902461
list:
dist: 2.515508553902461 vs. 2.515508553902461
--------
nle(id0,id1,dist): 84 120 2.55687647346193
list:
dist: 2.55687647346193 vs. 2.55687647346193
--------
nle(id0,id1,dist): 84 131 2.763625402843496
list:
dist: 2.763625402843496 vs. 2.763625402843496
--------
nle(id0,id1,dist): 84 132 2.506717595526629
list:
dist: 2.506717595526629 vs. 2.506717595526629
--------
nle(id0,id1,dist): 84 129 1.392558806539754
list:
dist: 1.392558806539754 vs. 1.392558806539754
--------
nle(id0,id1,dist): 84 130 2.9658987361787954
list:
dist: 2.9658987361787954 vs. 2.9658987361787954
--------
nle(id0,id1,dist): 84 127 1.6471930978308928
list:
dist: 1.6471930978308928 vs. 1.6471930978308928
--------
nle(id0,id1,dist): 84 128 0.9199120726200368
list:
dist: 0.9199120726200368 vs. 0.9199120726200368
--------
nle(id0,id1,dist): 85 88 1.5183454680243011
list:
dist: 1.5183454680243011 vs. 1.5183454680243011
--------
nle(id0,id1,dist): 84 125 1.5347649059321598
list:
dist: 1.5347649059321598 vs. 1.5347649059321598
--------
nle(id0,id1,dist): 85 89 0.6957489069826653
list:
dist: 0.6957489069826653 vs. 0.6957489069826653
--------
nle(id0,id1,dist): 84 126 2.7203379681862687
list:
dist: 2.7203379681862687 vs. 2.7203379681862687
--------
nle(id0,id1,dist): 84 139 2.283063505258069
list:
dist: 2.283063505258069 vs. 2.283063505258069
--------
nle(id0,id1,dist): 84 140 3.2755391259344138
list:
dist: 3.2755391259344138 vs. 3.2755391259344138
--------
nle(id0,id1,dist): 84 137 2.146678003854347
list:
dist: 2.146678003854347 vs. 2.146678003854347
--------
nle(id0,id1,dist): 84 138 2.5430002590790743
list:
dist: 2.5430002590790743 vs. 2.5430002590790743
--------
nle(id0,id1,dist): 84 135 2.2566830765363637
list:
dist: 2.2566830765363637 vs. 2.2566830765363637
--------
nle(id0,id1,dist): 84 136 2.832328061185065
list:
dist: 2.832328061185065 vs. 2.832328061185065
--------
nle(id0,id1,dist): 84 133 2.1776972097385783
list:
dist: 2.1776972097385783 vs. 2.1776972097385783
--------
nle(id0,id1,dist): 84 146 3.257634947168598
list:
dist: 3.257634947168598 vs. 3.257634947168598
--------
nle(id0,id1,dist): 84 145 3.162359478251186
list:
dist: 3.162359478251186 vs. 3.162359478251186
--------
nle(id0,id1,dist): 84 147 3.2717509795322646
list:
dist: 3.2717509795322646 vs. 3.2717509795322646
--------
nle(id0,id1,dist): 84 142 3.555610696531437
list:
dist: 3.555610696531437 vs. 3.555610696531437
--------
nle(id0,id1,dist): 84 141 3.0598383527666964
list:
dist: 3.0598383527666964 vs. 3.0598383527666964
--------
nle(id0,id1,dist): 84 143 3.4682559900759857
list:
dist: 3.4682559900759857 vs. 3.4682559900759857
--------
nle(id0,id1,dist): 85 112 4.123895038834293
list:
dist: 4.123895038834293 vs. 4.123895038834293
--------
nle(id0,id1,dist): 84 149 2.989438161453731
list:
dist: 2.989438161453731 vs. 2.989438161453731
--------
nle(id0,id1,dist): 85 114 4.0525481422883765
list:
dist: 4.0525481422883765 vs. 4.0525481422883765
--------
nle(id0,id1,dist): 85 124 2.540773253857794
list:
dist: 2.540773253857794 vs. 2.540773253857794
--------
nle(id0,id1,dist): 86 87 1.281403071599341
list:
dist: 1.281403071599341 vs. 1.281403071599341
--------
nle(id0,id1,dist): 85 125 1.9597027599270316
list:
dist: 1.9597027599270316 vs. 1.9597027599270316
--------
nle(id0,id1,dist): 86 88 1.0624838466416164
list:
dist: 1.0624838466416164 vs. 1.0624838466416164
--------
nle(id0,id1,dist): 85 126 3.3298224698515315
list:
dist: 3.3298224698515315 vs. 3.3298224698515315
--------
nle(id0,id1,dist): 86 89 0.7017420336088949
list:
dist: 0.7017420336088949 vs. 0.7017420336088949
--------
nle(id0,id1,dist): 85 127 1.582378113637248
list:
dist: 1.582378113637248 vs. 1.582378113637248
--------
nle(id0,id1,dist): 85 120 2.988010624399863
list:
dist: 2.988010624399863 vs. 2.988010624399863
--------
nle(id0,id1,dist): 85 121 3.1288846118033944
list:
dist: 3.1288846118033944 vs. 3.1288846118033944
--------
nle(id0,id1,dist): 85 122 3.2098652033471735
list:
dist: 3.2098652033471735 vs. 3.2098652033471735
--------
nle(id0,id1,dist): 85 123 2.2453843630180375
list:
dist: 2.2453843630180375 vs. 2.2453843630180375
--------
nle(id0,id1,dist): 85 132 2.4811971138661137
list:
dist: 2.4811971138661137 vs. 2.4811971138661137
--------
nle(id0,id1,dist): 85 133 2.404786875672805
list:
dist: 2.404786875672805 vs. 2.404786875672805
--------
nle(id0,id1,dist): 85 135 2.4253995917140845
list:
dist: 2.4253995917140845 vs. 2.4253995917140845
--------
nle(id0,id1,dist): 85 128 1.4014881743941459
list:
dist: 1.4014881743941459 vs. 1.4014881743941459
--------
nle(id0,id1,dist): 85 129 1.5153365369601537
list:
dist: 1.5153365369601537 vs. 1.5153365369601537
--------
nle(id0,id1,dist): 85 130 3.1265872467324822
list:
dist: 3.1265872467324822 vs. 3.1265872467324822
--------
nle(id0,id1,dist): 85 131 3.1841803582264685
list:
dist: 3.1841803582264685 vs. 3.1841803582264685
--------
nle(id0,id1,dist): 89 126 3.9227334594554715
list:
dist: 3.9227334594554715 vs. 3.9227334594554715
--------
nle(id0,id1,dist): 89 127 2.274444991437694
list:
dist: 2.274444991437694 vs. 2.274444991437694
--------
nle(id0,id1,dist): 89 124 3.214149318769426
list:
dist: 3.214149318769426 vs. 3.214149318769426
--------
nle(id0,id1,dist): 89 125 2.6116609932230905
list:
dist: 2.6116609932230905 vs. 2.6116609932230905
--------
nle(id0,id1,dist): 89 130 3.820992570774204
list:
dist: 3.820992570774204 vs. 3.820992570774204
--------
nle(id0,id1,dist): 90 93 1.146315571867049
list:
dist: 1.146315571867049 vs. 1.146315571867049
--------
nle(id0,id1,dist): 90 94 0.825995315090789
list:
dist: 0.825995315090789 vs. 0.825995315090789
--------
nle(id0,id1,dist): 89 131 3.8156656686457175
list:
dist: 3.8156656686457175 vs. 3.8156656686457175
--------
nle(id0,id1,dist): 89 128 2.026654413865891
list:
dist: 2.026654413865891 vs. 2.026654413865891
--------
nle(id0,id1,dist): 90 91 1.415132280970882
list:
dist: 1.415132280970882 vs. 1.415132280970882
--------
nle(id0,id1,dist): 89 129 2.2077731542695873
list:
dist: 2.2077731542695873 vs. 2.2077731542695873
--------
nle(id0,id1,dist): 90 92 0.9290204109721911
list:
dist: 0.9290204109721911 vs. 0.9290204109721911
--------
nle(id0,id1,dist): 89 122 3.871179446502506
list:
dist: 3.871179446502506 vs. 3.871179446502506
--------
nle(id0,id1,dist): 89 123 2.9196759296766674
list:
dist: 2.9196759296766674 vs. 2.9196759296766674
--------
nle(id0,id1,dist): 89 120 3.564503650831464
list:
dist: 3.564503650831464 vs. 3.564503650831464
--------
nle(id0,id1,dist): 89 121 3.725763814025444
list:
dist: 3.725763814025444 vs. 3.725763814025444
--------
nle(id0,id1,dist): 89 143 4.022847480238308
list:
dist: 4.022847480238308 vs. 4.022847480238308
--------
nle(id0,id1,dist): 90 106 2.0763625809416997
list:
dist: 2.0763625809416997 vs. 2.0763625809416997
--------
nle(id0,id1,dist): 90 105 1.7871607988042613
list:
dist: 1.7871607988042613 vs. 1.7871607988042613
--------
nle(id0,id1,dist): 89 142 4.344375521541469
list:
dist: 4.344375521541469 vs. 4.344375521541469
--------
nle(id0,id1,dist): 89 141 3.886797991813291
list:
dist: 3.886797991813291 vs. 3.886797991813291
--------
nle(id0,id1,dist): 90 104 2.2028330744069313
list:
dist: 2.2028330744069313 vs. 2.2028330744069313
--------
nle(id0,id1,dist): 89 140 4.064712131805392
list:
dist: 4.064712131805392 vs. 4.064712131805392
--------
nle(id0,id1,dist): 90 103 1.6432975909828527
list:
dist: 1.6432975909828527 vs. 1.6432975909828527
--------
nle(id0,id1,dist): 89 147 3.692859637786263
list:
dist: 3.692859637786263 vs. 3.692859637786263
--------
nle(id0,id1,dist): 89 146 3.6448805304896568
list:
dist: 3.6448805304896568 vs. 3.6448805304896568
--------
nle(id0,id1,dist): 90 109 2.6655136517334723
list:
dist: 2.6655136517334723 vs. 2.6655136517334723
--------
nle(id0,id1,dist): 90 108 2.468993778480721
list:
dist: 2.468993778480721 vs. 2.468993778480721
--------
nle(id0,id1,dist): 89 145 3.6766963586196204
list:
dist: 3.6766963586196204 vs. 3.6766963586196204
--------
nle(id0,id1,dist): 89 144 4.030657236874809
list:
dist: 4.030657236874809 vs. 4.030657236874809
--------
nle(id0,id1,dist): 90 107 2.272451951623399
list:
dist: 2.272451951623399 vs. 2.272451951623399
--------
nle(id0,id1,dist): 89 135 2.8304724673764565
list:
dist: 2.8304724673764565 vs. 2.8304724673764565
--------
nle(id0,id1,dist): 90 98 1.95846246738746
list:
dist: 1.95846246738746 vs. 1.95846246738746
--------
nle(id0,id1,dist): 90 97 1.762371811591174
list:
dist: 1.762371811591174 vs. 1.762371811591174
--------
nle(id0,id1,dist): 89 133 3.0812326128527747
list:
dist: 3.0812326128527747 vs. 3.0812326128527747
--------
nle(id0,id1,dist): 90 96 0.7061734483373239
list:
dist: 0.7061734483373239 vs. 0.7061734483373239
--------
nle(id0,id1,dist): 89 132 3.1622730398058794
list:
dist: 3.1622730398058794 vs. 3.1622730398058794
--------
nle(id0,id1,dist): 90 95 0.8126131965872162
list:
dist: 0.8126131965872162 vs. 0.8126131965872162
--------
nle(id0,id1,dist): 89 139 3.1498724776680764
list:
dist: 3.1498724776680764 vs. 3.1498724776680764
--------
nle(id0,id1,dist): 90 102 1.2583239546591365
list:
dist: 1.2583239546591365 vs. 1.2583239546591365
--------
nle(id0,id1,dist): 89 138 3.1381534542090352
list:
dist: 3.1381534542090352 vs. 3.1381534542090352
--------
nle(id0,id1,dist): 90 101 0.791808480220111
list:
dist: 0.791808480220111 vs. 0.791808480220111
--------
nle(id0,id1,dist): 89 137 3.0117468241550567
list:
dist: 3.0117468241550567 vs. 3.0117468241550567
--------
nle(id0,id1,dist): 90 100 1.8855640370175446
list:
dist: 1.8855640370175446 vs. 1.8855640370175446
--------
nle(id0,id1,dist): 89 136 3.3721881254849344
list:
dist: 3.3721881254849344 vs. 3.3721881254849344
--------
nle(id0,id1,dist): 90 99 1.5523403049265807
list:
dist: 1.5523403049265807 vs. 1.5523403049265807
--------
nle(id0,id1,dist): 89 148 3.7707502767754253
list:
dist: 3.7707502767754253 vs. 3.7707502767754253
--------
nle(id0,id1,dist): 89 149 3.27921376401541
list:
dist: 3.27921376401541 vs. 3.27921376401541
--------
nle(id0,id1,dist): 91 99 0.9043790391460499
list:
dist: 0.9043790391460499 vs. 0.9043790391460499
--------
nle(id0,id1,dist): 91 98 1.4574998501322574
list:
dist: 1.4574998501322574 vs. 1.4574998501322574
--------
nle(id0,id1,dist): 91 101 0.8549250094479284
list:
dist: 0.8549250094479284 vs. 0.8549250094479284
--------
nle(id0,id1,dist): 91 100 1.8336169121787749
list:
dist: 1.8336169121787749 vs. 1.8336169121787749
--------
nle(id0,id1,dist): 91 103 1.4716343987930989
list:
dist: 1.4716343987930989 vs. 1.4716343987930989
--------
nle(id0,id1,dist): 91 102 0.8461605926882244
list:
dist: 0.8461605926882244 vs. 0.8461605926882244
--------
nle(id0,id1,dist): 91 105 1.0495479308495055
list:
dist: 1.0495479308495055 vs. 1.0495479308495055
--------
nle(id0,id1,dist): 91 104 1.4289684157566556
list:
dist: 1.4289684157566556 vs. 1.4289684157566556
--------
nle(id0,id1,dist): 91 93 1.1373817013892624
list:
dist: 1.1373817013892624 vs. 1.1373817013892624
--------
nle(id0,id1,dist): 91 92 1.9658715829175295
list:
dist: 1.9658715829175295 vs. 1.9658715829175295
--------
nle(id0,id1,dist): 91 95 0.7421131045601191
list:
dist: 0.7421131045601191 vs. 0.7421131045601191
--------
nle(id0,id1,dist): 91 94 1.1967036202699317
list:
dist: 1.1967036202699317 vs. 1.1967036202699317
--------
nle(id0,id1,dist): 91 97 0.7223546631447167
list:
dist: 0.7223546631447167 vs. 0.7223546631447167
--------
nle(id0,id1,dist): 91 96 1.4498801101594956
list:
dist: 1.4498801101594956 vs. 1.4498801101594956
--------
nle(id0,id1,dist): 87 140 2.9269873956760155
list:
dist: 2.9269873956760155 vs. 2.9269873956760155
--------
nle(id0,id1,dist): 87 141 2.6116219215247147
list:
dist: 2.6116219215247147 vs. 2.6116219215247147
--------
nle(id0,id1,dist): 87 138 2.0776364547302153
list:
dist: 2.0776364547302153 vs. 2.0776364547302153
--------
nle(id0,id1,dist): 87 139 1.6526913963868302
list:
dist: 1.6526913963868302 vs. 1.6526913963868302
--------
nle(id0,id1,dist): 87 136 2.49724355132382
list:
dist: 2.49724355132382 vs. 2.49724355132382
--------
nle(id0,id1,dist): 87 137 1.6799427328028815
list:
dist: 1.6799427328028815 vs. 1.6799427328028815
--------
nle(id0,id1,dist): 87 135 1.2994282293778774
list:
dist: 1.2994282293778774 vs. 1.2994282293778774
--------
nle(id0,id1,dist): 87 132 2.3782615412438566
list:
dist: 2.3782615412438566 vs. 2.3782615412438566
--------
nle(id0,id1,dist): 87 133 2.027163030652731
list:
dist: 2.027163030652731 vs. 2.027163030652731
--------
nle(id0,id1,dist): 87 130 2.9326598468961325
list:
dist: 2.9326598468961325 vs. 2.9326598468961325
--------
nle(id0,id1,dist): 87 131 2.4899981207080453
list:
dist: 2.4899981207080453 vs. 2.4899981207080453
--------
nle(id0,id1,dist): 87 128 1.2370233362822336
list:
dist: 1.2370233362822336 vs. 1.2370233362822336
--------
nle(id0,id1,dist): 87 129 1.5577288642463536
list:
dist: 1.5577288642463536 vs. 1.5577288642463536
--------
nle(id0,id1,dist): 88 89 1.3086480267939449
list:
dist: 1.3086480267939449 vs. 1.3086480267939449
--------
nle(id0,id1,dist): 87 126 2.6383103754146613
list:
dist: 2.6383103754146613 vs. 2.6383103754146613
--------
nle(id0,id1,dist): 87 127 1.7962320165881964
list:
dist: 1.7962320165881964 vs. 1.7962320165881964
--------
nle(id0,id1,dist): 88 120 4.301179789145075
list:
dist: 4.301179789145075 vs. 4.301179789145075
--------
nle(id0,id1,dist): 88 114 3.220862110635482
list:
dist: 3.220862110635482 vs. 3.220862110635482
--------
nle(id0,id1,dist): 87 149 2.091791710221375
list:
dist: 2.091791710221375 vs. 2.091791710221375
--------
nle(id0,id1,dist): 88 112 3.5396573075714857
list:
dist: 3.5396573075714857 vs. 3.5396573075714857
--------
nle(id0,id1,dist): 87 148 2.6227008374832614
list:
dist: 2.6227008374832614 vs. 2.6227008374832614
--------
nle(id0,id1,dist): 87 147 2.290469819739215
list:
dist: 2.290469819739215 vs. 2.290469819739215
--------
nle(id0,id1,dist): 87 146 2.487343187176951
list:
dist: 2.487343187176951 vs. 2.487343187176951
--------
nle(id0,id1,dist): 87 145 2.587053050645291
list:
dist: 2.587053050645291 vs. 2.587053050645291
--------
nle(id0,id1,dist): 87 144 2.9742327439082636
list:
dist: 2.9742327439082636 vs. 2.9742327439082636
--------
nle(id0,id1,dist): 87 143 2.6455651105278304
list:
dist: 2.6455651105278304 vs. 2.6455651105278304
--------
nle(id0,id1,dist): 87 142 2.8463792426052374
list:
dist: 2.8463792426052374 vs. 2.8463792426052374
--------
nle(id0,id1,dist): 88 133 3.185775659354498
list:
dist: 3.185775659354498 vs. 3.185775659354498
--------
nle(id0,id1,dist): 88 135 2.13781685697219
list:
dist: 2.13781685697219 vs. 2.13781685697219
--------
nle(id0,id1,dist): 88 136 3.3895732474905786
list:
dist: 3.3895732474905786 vs. 3.3895732474905786
--------
nle(id0,id1,dist): 88 129 2.5976051202476835
list:
dist: 2.5976051202476835 vs. 2.5976051202476835
--------
nle(id0,id1,dist): 88 130 4.043953073831744
list:
dist: 4.043953073831744 vs. 4.043953073831744
--------
nle(id0,id1,dist): 88 131 3.7164297096043173
list:
dist: 3.7164297096043173 vs. 3.7164297096043173
--------
nle(id0,id1,dist): 88 132 3.361678634704558
list:
dist: 3.361678634704558 vs. 3.361678634704558
--------
nle(id0,id1,dist): 88 125 3.080391557753407
list:
dist: 3.080391557753407 vs. 3.080391557753407
--------
nle(id0,id1,dist): 88 126 3.905484151185191
list:
dist: 3.905484151185191 vs. 3.905484151185191
--------
nle(id0,id1,dist): 88 127 2.7205249511086156
list:
dist: 2.7205249511086156 vs. 2.7205249511086156
--------
nle(id0,id1,dist): 88 128 2.376825653875502
list:
dist: 2.376825653875502 vs. 2.376825653875502
--------
nle(id0,id1,dist): 88 121 4.169475170166024
list:
dist: 4.169475170166024 vs. 4.169475170166024
--------
nle(id0,id1,dist): 88 122 4.29896588846478
list:
dist: 4.29896588846478 vs. 4.29896588846478
--------
nle(id0,id1,dist): 88 123 3.462362402772608
list:
dist: 3.462362402772608 vs. 3.462362402772608
--------
nle(id0,id1,dist): 88 124 3.48869804284811
list:
dist: 3.48869804284811 vs. 3.48869804284811
--------
nle(id0,id1,dist): 89 112 4.289656643817403
list:
dist: 4.289656643817403 vs. 4.289656643817403
--------
nle(id0,id1,dist): 88 149 2.6279285828530226
list:
dist: 2.6279285828530226 vs. 2.6279285828530226
--------
nle(id0,id1,dist): 89 114 4.191193960169934
list:
dist: 4.191193960169934 vs. 4.191193960169934
--------
nle(id0,id1,dist): 88 146 3.157623778362592
list:
dist: 3.157623778362592 vs. 3.157623778362592
--------
nle(id0,id1,dist): 88 145 3.4231934470929164
list:
dist: 3.4231934470929164 vs. 3.4231934470929164
--------
nle(id0,id1,dist): 88 148 3.02167867520306
list:
dist: 3.02167867520306 vs. 3.02167867520306
--------
nle(id0,id1,dist): 88 147 2.857560305226448
list:
dist: 2.857560305226448 vs. 2.857560305226448
--------
nle(id0,id1,dist): 88 142 3.815875990796154
list:
dist: 3.815875990796154 vs. 3.815875990796154
--------
nle(id0,id1,dist): 88 141 3.6983207379616503
list:
dist: 3.6983207379616503 vs. 3.6983207379616503
--------
nle(id0,id1,dist): 88 144 3.345132457603868
list:
dist: 3.345132457603868 vs. 3.345132457603868
--------
nle(id0,id1,dist): 88 143 3.4212465398597365
list:
dist: 3.4212465398597365 vs. 3.4212465398597365
--------
nle(id0,id1,dist): 88 138 3.01945221165852
list:
dist: 3.01945221165852 vs. 3.01945221165852
--------
nle(id0,id1,dist): 88 137 2.8362158927857397
list:
dist: 2.8362158927857397 vs. 2.8362158927857397
--------
nle(id0,id1,dist): 88 140 3.9908281700588626
list:
dist: 3.9908281700588626 vs. 3.9908281700588626
--------
nle(id0,id1,dist): 88 139 2.782393196102345
list:
dist: 2.782393196102345 vs. 2.782393196102345
--------
nle(id0,id1,dist): 81 82 1.4972949999545428
list:
dist: 1.4972949999545428 vs. 1.4972949999545428
--------
nle(id0,id1,dist): 81 83 1.9810971248583822
list:
dist: 1.9810971248583822 vs. 1.9810971248583822
--------
nle(id0,id1,dist): 80 120 1.802565906767771
list:
dist: 1.802565906767771 vs. 1.802565906767771
--------
nle(id0,id1,dist): 80 127 1.7322843139888668
list:
dist: 1.7322843139888668 vs. 1.7322843139888668
--------
nle(id0,id1,dist): 80 128 1.0874460271603819
list:
dist: 1.0874460271603819 vs. 1.0874460271603819
--------
nle(id0,id1,dist): 80 125 1.2533781007965201
list:
dist: 1.2533781007965201 vs. 1.2533781007965201
--------
nle(id0,id1,dist): 81 88 3.1600785793899355
list:
dist: 3.1600785793899355 vs. 3.1600785793899355
--------
nle(id0,id1,dist): 81 89 2.400706662366756
list:
dist: 2.400706662366756 vs. 2.400706662366756
--------
nle(id0,id1,dist): 80 126 2.6207949616107773
list:
dist: 2.6207949616107773 vs. 2.6207949616107773
--------
nle(id0,id1,dist): 81 86 2.3967174380735434
list:
dist: 2.3967174380735434 vs. 2.3967174380735434
--------
nle(id0,id1,dist): 80 123 2.1438634056653503
list:
dist: 2.1438634056653503 vs. 2.1438634056653503
--------
nle(id0,id1,dist): 80 124 1.9697502373360551
list:
dist: 1.9697502373360551 vs. 1.9697502373360551
--------
nle(id0,id1,dist): 81 87 2.2046117844451403
list:
dist: 2.2046117844451403 vs. 2.2046117844451403
--------
nle(id0,id1,dist): 80 121 1.9565448320715926
list:
dist: 1.9565448320715926 vs. 1.9565448320715926
--------
nle(id0,id1,dist): 81 84 1.4876426429177814
list:
dist: 1.4876426429177814 vs. 1.4876426429177814
--------
nle(id0,id1,dist): 81 85 1.8026570490223244
list:
dist: 1.8026570490223244 vs. 1.8026570490223244
--------
nle(id0,id1,dist): 80 122 2.3269699881356503
list:
dist: 2.3269699881356503 vs. 2.3269699881356503
--------
nle(id0,id1,dist): 79 141 3.9027450801525263
list:
dist: 3.9027450801525263 vs. 3.9027450801525263
--------
nle(id0,id1,dist): 79 140 4.25055446987102
list:
dist: 4.25055446987102 vs. 4.25055446987102
--------
nle(id0,id1,dist): 79 139 2.833574364665578
list:
dist: 2.833574364665578 vs. 2.833574364665578
--------
nle(id0,id1,dist): 79 138 3.428402542610041
list:
dist: 3.428402542610041 vs. 3.428402542610041
--------
nle(id0,id1,dist): 79 137 2.9660989709724657
list:
dist: 2.9660989709724657 vs. 2.9660989709724657
--------
nle(id0,id1,dist): 79 136 3.848017164583346
list:
dist: 3.848017164583346 vs. 3.848017164583346
--------
nle(id0,id1,dist): 79 135 2.3349220979650966
list:
dist: 2.3349220979650966 vs. 2.3349220979650966
--------
nle(id0,id1,dist): 79 149 3.2280002714236344
list:
dist: 3.2280002714236344 vs. 3.2280002714236344
--------
nle(id0,id1,dist): 79 147 3.2490548941137254
list:
dist: 3.2490548941137254 vs. 3.2490548941137254
--------
nle(id0,id1,dist): 79 146 3.7243860569233505
list:
dist: 3.7243860569233505 vs. 3.7243860569233505
--------
nle(id0,id1,dist): 79 145 3.912531541185091
list:
dist: 3.912531541185091 vs. 3.912531541185091
--------
nle(id0,id1,dist): 79 143 3.8048711485754563
list:
dist: 3.8048711485754563 vs. 3.8048711485754563
--------
nle(id0,id1,dist): 79 142 3.9600481582335925
list:
dist: 3.9600481582335925 vs. 3.9600481582335925
--------
nle(id0,id1,dist): 80 85 1.5380771186648257
list:
dist: 1.5380771186648257 vs. 1.5380771186648257
--------
nle(id0,id1,dist): 79 122 4.172187553527941
list:
dist: 4.172187553527941 vs. 4.172187553527941
--------
nle(id0,id1,dist): 80 86 2.1633887642947633
list:
dist: 2.1633887642947633 vs. 2.1633887642947633
--------
nle(id0,id1,dist): 79 123 3.7395154855997994
list:
dist: 3.7395154855997994 vs. 3.7395154855997994
--------
nle(id0,id1,dist): 79 124 3.4451110695014084
list:
dist: 3.4451110695014084 vs. 3.4451110695014084
--------
nle(id0,id1,dist): 80 87 1.9093403940516247
list:
dist: 1.9093403940516247 vs. 1.9093403940516247
--------
nle(id0,id1,dist): 79 125 2.9843729571072246
list:
dist: 2.9843729571072246 vs. 2.9843729571072246
--------
nle(id0,id1,dist): 80 88 2.743263328026819
list:
dist: 2.743263328026819 vs. 2.743263328026819
--------
nle(id0,id1,dist): 80 81 0.933594510928588
list:
dist: 0.933594510928588 vs. 0.933594510928588
--------
nle(id0,id1,dist): 80 82 0.7317225581278985
list:
dist: 0.7317225581278985 vs. 0.7317225581278985
--------
nle(id0,id1,dist): 80 83 1.8004839395073924
list:
dist: 1.8004839395073924 vs. 1.8004839395073924
--------
nle(id0,id1,dist): 79 120 4.080908927848522
list:
dist: 4.080908927848522 vs. 4.080908927848522
--------
nle(id0,id1,dist): 79 121 3.831760374704315
list:
dist: 3.831760374704315 vs. 3.831760374704315
--------
nle(id0,id1,dist): 80 84 0.9190785054803349
list:
dist: 0.9190785054803349 vs. 0.9190785054803349
--------
nle(id0,id1,dist): 79 130 4.221648486912661
list:
dist: 4.221648486912661 vs. 4.221648486912661
--------
nle(id0,id1,dist): 79 131 3.657736801324237
list:
dist: 3.657736801324237 vs. 3.657736801324237
--------
nle(id0,id1,dist): 79 132 3.7039572499142466
list:
dist: 3.7039572499142466 vs. 3.7039572499142466
--------
nle(id0,id1,dist): 79 133 3.31681487586615
list:
dist: 3.31681487586615 vs. 3.31681487586615
--------
nle(id0,id1,dist): 80 89 1.958431186967081
list:
dist: 1.958431186967081 vs. 1.958431186967081
--------
nle(id0,id1,dist): 79 126 3.6078502492385676
list:
dist: 3.6078502492385676 vs. 3.6078502492385676
--------
nle(id0,id1,dist): 79 127 3.0007306222169037
list:
dist: 3.0007306222169037 vs. 3.0007306222169037
--------
nle(id0,id1,dist): 79 128 2.2846701172228387
list:
dist: 2.2846701172228387 vs. 2.2846701172228387
--------
nle(id0,id1,dist): 79 129 2.7533571595756205
list:
dist: 2.7533571595756205 vs. 2.7533571595756205
--------
nle(id0,id1,dist): 78 143 3.8321250625633425
list:
dist: 3.8321250625633425 vs. 3.8321250625633425
--------
nle(id0,id1,dist): 78 146 3.8085556417889865
list:
dist: 3.8085556417889865 vs. 3.8085556417889865
--------
nle(id0,id1,dist): 78 145 4.000426469594301
list:
dist: 4.000426469594301 vs. 4.000426469594301
--------
nle(id0,id1,dist): 78 140 4.300684033450133
list:
dist: 4.300684033450133 vs. 4.300684033450133
--------
nle(id0,id1,dist): 78 139 2.8318672319632343
list:
dist: 2.8318672319632343 vs. 2.8318672319632343
--------
nle(id0,id1,dist): 78 142 3.9348587158363206
list:
dist: 3.9348587158363206 vs. 3.9348587158363206
--------
nle(id0,id1,dist): 78 141 3.9325618970318614
list:
dist: 3.9325618970318614 vs. 3.9325618970318614
--------
nle(id0,id1,dist): 79 114 2.789065560074659
list:
dist: 2.789065560074659 vs. 2.789065560074659
--------
nle(id0,id1,dist): 78 147 3.2654086702417366
list:
dist: 3.2654086702417366 vs. 3.2654086702417366
--------
nle(id0,id1,dist): 78 149 3.313619939082535
list:
dist: 3.313619939082535 vs. 3.313619939082535
--------
nle(id0,id1,dist): 79 112 2.8469368716164114
list:
dist: 2.8469368716164114 vs. 2.8469368716164114
--------
nle(id0,id1,dist): 78 125 3.0502092823672218
list:
dist: 3.0502092823672218 vs. 3.0502092823672218
--------
nle(id0,id1,dist): 79 88 1.1560879892866602
list:
dist: 1.1560879892866602 vs. 1.1560879892866602
--------
nle(id0,id1,dist): 79 89 1.6423491977530777
list:
dist: 1.6423491977530777 vs. 1.6423491977530777
--------
nle(id0,id1,dist): 78 126 3.546813572913696
list:
dist: 3.546813572913696 vs. 3.546813572913696
--------
nle(id0,id1,dist): 78 123 3.874067903896182
list:
dist: 3.874067903896182 vs. 3.874067903896182
--------
nle(id0,id1,dist): 79 86 1.7700590210787523
list:
dist: 1.7700590210787523 vs. 1.7700590210787523
--------
nle(id0,id1,dist): 78 124 3.484908892933673
list:
dist: 3.484908892933673 vs. 3.484908892933673
--------
nle(id0,id1,dist): 79 87 1.3533632899893302
list:
dist: 1.3533632899893302 vs. 1.3533632899893302
--------
nle(id0,id1,dist): 78 129 2.870157653821659
list:
dist: 2.870157653821659 vs. 2.870157653821659
--------
nle(id0,id1,dist): 78 130 4.288993969400402
list:
dist: 4.288993969400402 vs. 4.288993969400402
--------
nle(id0,id1,dist): 78 127 3.141361958708223
list:
dist: 3.141361958708223 vs. 3.141361958708223
--------
nle(id0,id1,dist): 78 128 2.3652020980421966
list:
dist: 2.3652020980421966 vs. 2.3652020980421966
--------
nle(id0,id1,dist): 78 133 3.377626077861427
list:
dist: 3.377626077861427 vs. 3.377626077861427
--------
nle(id0,id1,dist): 78 131 3.641649815838613
list:
dist: 3.641649815838613 vs. 3.641649815838613
--------
nle(id0,id1,dist): 78 132 3.8135640406628943
list:
dist: 3.8135640406628943 vs. 3.8135640406628943
--------
nle(id0,id1,dist): 78 137 3.002744145570539
list:
dist: 3.002744145570539 vs. 3.002744145570539
--------
nle(id0,id1,dist): 78 138 3.5226873101841347
list:
dist: 3.5226873101841347 vs. 3.5226873101841347
--------
nle(id0,id1,dist): 78 135 2.3494484488750307
list:
dist: 2.3494484488750307 vs. 2.3494484488750307
--------
nle(id0,id1,dist): 78 136 3.959938353781783
list:
dist: 3.959938353781783 vs. 3.959938353781783
--------
nle(id0,id1,dist): 77 147 2.8884536760435156
list:
dist: 2.8884536760435156 vs. 2.8884536760435156
--------
nle(id0,id1,dist): 77 146 3.0555815852713044
list:
dist: 3.0555815852713044 vs. 3.0555815852713044
--------
nle(id0,id1,dist): 77 145 3.0785106983040853
list:
dist: 3.0785106983040853 vs. 3.0785106983040853
--------
nle(id0,id1,dist): 78 114 2.5897681394685432
list:
dist: 2.5897681394685432 vs. 2.5897681394685432
--------
nle(id0,id1,dist): 77 149 2.696945356142004
list:
dist: 2.696945356142004 vs. 2.696945356142004
--------
nle(id0,id1,dist): 78 112 2.599705636457302
list:
dist: 2.599705636457302 vs. 2.599705636457302
--------
nle(id0,id1,dist): 79 81 3.072347464399722
list:
dist: 3.072347464399722 vs. 3.072347464399722
--------
nle(id0,id1,dist): 79 80 2.3940257279682036
list:
dist: 2.3940257279682036 vs. 2.3940257279682036
--------
nle(id0,id1,dist): 79 85 1.8316721484366263
list:
dist: 1.8316721484366263 vs. 1.8316721484366263
--------
nle(id0,id1,dist): 78 122 4.199234950373482
list:
dist: 4.199234950373482 vs. 4.199234950373482
--------
nle(id0,id1,dist): 78 121 3.8210313625080565
list:
dist: 3.8210313625080565 vs. 3.8210313625080565
--------
nle(id0,id1,dist): 79 84 1.5926130393503624
list:
dist: 1.5926130393503624 vs. 1.5926130393503624
--------
nle(id0,id1,dist): 78 120 4.131589598187932
list:
dist: 4.131589598187932 vs. 4.131589598187932
--------
nle(id0,id1,dist): 79 83 1.6209556432080838
list:
dist: 1.6209556432080838 vs. 1.6209556432080838
--------
nle(id0,id1,dist): 79 82 1.7493410828424154
list:
dist: 1.7493410828424154 vs. 1.7493410828424154
--------
nle(id0,id1,dist): 77 128 1.1687391958015647
list:
dist: 1.1687391958015647 vs. 1.1687391958015647
--------
nle(id0,id1,dist): 77 129 1.641832970694565
list:
dist: 1.641832970694565 vs. 1.641832970694565
--------
nle(id0,id1,dist): 77 130 3.15170688835427
list:
dist: 3.15170688835427 vs. 3.15170688835427
--------
nle(id0,id1,dist): 77 131 2.7576786695727966
list:
dist: 2.7576786695727966 vs. 2.7576786695727966
--------
nle(id0,id1,dist): 77 132 2.654943942186471
list:
dist: 2.654943942186471 vs. 2.654943942186471
--------
nle(id0,id1,dist): 77 133 2.278170856003081
list:
dist: 2.278170856003081 vs. 2.278170856003081
--------
nle(id0,id1,dist): 77 135 1.865411424176982
list:
dist: 1.865411424176982 vs. 1.865411424176982
--------
nle(id0,id1,dist): 77 136 2.881835003927568
list:
dist: 2.881835003927568 vs. 2.881835003927568
--------
nle(id0,id1,dist): 77 137 2.0634957443891446
list:
dist: 2.0634957443891446 vs. 2.0634957443891446
--------
nle(id0,id1,dist): 77 138 2.5109013388124155
list:
dist: 2.5109013388124155 vs. 2.5109013388124155
--------
nle(id0,id1,dist): 77 139 2.081050802288853
list:
dist: 2.081050802288853 vs. 2.081050802288853
--------
nle(id0,id1,dist): 77 140 3.299333187759663
list:
dist: 3.299333187759663 vs. 3.299333187759663
--------
nle(id0,id1,dist): 77 141 3.013261264179794
list:
dist: 3.013261264179794 vs. 3.013261264179794
--------
nle(id0,id1,dist): 77 142 3.3302133403835357
list:
dist: 3.3302133403835357 vs. 3.3302133403835357
--------
nle(id0,id1,dist): 77 143 3.210469030606238
list:
dist: 3.210469030606238 vs. 3.210469030606238
--------
nle(id0,id1,dist): 76 149 3.0988365087726306
list:
dist: 3.0988365087726306 vs. 3.0988365087726306
--------
nle(id0,id1,dist): 77 112 3.085216315493391
list:
dist: 3.085216315493391 vs. 3.085216315493391
--------
nle(id0,id1,dist): 77 114 3.10300379429614
list:
dist: 3.10300379429614 vs. 3.10300379429614
--------
nle(id0,id1,dist): 78 80 2.474394327896998
list:
dist: 2.474394327896998 vs. 2.474394327896998
--------
nle(id0,id1,dist): 78 79 0.2905263489136617
list:
dist: 0.2905263489136617 vs. 0.2905263489136617
--------
nle(id0,id1,dist): 78 82 1.790975585719046
list:
dist: 1.790975585719046 vs. 1.790975585719046
--------
nle(id0,id1,dist): 78 81 3.174325089678818
list:
dist: 3.174325089678818 vs. 3.174325089678818
--------
nle(id0,id1,dist): 77 121 2.8352402295248265
list:
dist: 2.8352402295248265 vs. 2.8352402295248265
--------
nle(id0,id1,dist): 78 84 1.7195431181054877
list:
dist: 1.7195431181054877 vs. 1.7195431181054877
--------
nle(id0,id1,dist): 78 83 1.769170899474864
list:
dist: 1.769170899474864 vs. 1.769170899474864
--------
nle(id0,id1,dist): 77 120 3.0301610219580843
list:
dist: 3.0301610219580843 vs. 3.0301610219580843
--------
nle(id0,id1,dist): 78 86 2.0344974668358513
list:
dist: 2.0344974668358513 vs. 2.0344974668358513
--------
nle(id0,id1,dist): 77 123 2.6328192300391753
list:
dist: 2.6328192300391753 vs. 2.6328192300391753
--------
nle(id0,id1,dist): 78 85 2.061905485671856
list:
dist: 2.061905485671856 vs. 2.061905485671856
--------
nle(id0,id1,dist): 77 122 3.096135824536714
list:
dist: 3.096135824536714 vs. 3.096135824536714
--------
nle(id0,id1,dist): 77 125 1.8752440650153976
list:
dist: 1.8752440650153976 vs. 1.8752440650153976
--------
nle(id0,id1,dist): 78 88 1.4042810814493294
list:
dist: 1.4042810814493294 vs. 1.4042810814493294
--------
nle(id0,id1,dist): 77 124 2.370631247920667
list:
dist: 2.370631247920667 vs. 2.370631247920667
--------
nle(id0,id1,dist): 78 87 1.4688032657874324
list:
dist: 1.4688032657874324 vs. 1.4688032657874324
--------
nle(id0,id1,dist): 77 127 1.9096272541373591
list:
dist: 1.9096272541373591 vs. 1.9096272541373591
--------
nle(id0,id1,dist): 78 89 1.912407779938786
list:
dist: 1.912407779938786 vs. 1.912407779938786
--------
nle(id0,id1,dist): 77 126 2.7551764014851607
list:
dist: 2.7551764014851607 vs. 2.7551764014851607
--------
nle(id0,id1,dist): 83 145 2.4101747428673326
list:
dist: 2.4101747428673326 vs. 2.4101747428673326
--------
nle(id0,id1,dist): 83 144 2.8918534396576163
list:
dist: 2.8918534396576163 vs. 2.8918534396576163
--------
nle(id0,id1,dist): 83 143 2.617844281930674
list:
dist: 2.617844281930674 vs. 2.617844281930674
--------
nle(id0,id1,dist): 83 142 2.863937512797904
list:
dist: 2.863937512797904 vs. 2.863937512797904
--------
nle(id0,id1,dist): 83 141 2.497616679206638
list:
dist: 2.497616679206638 vs. 2.497616679206638
--------
nle(id0,id1,dist): 83 140 2.7628756368783334
list:
dist: 2.7628756368783334 vs. 2.7628756368783334
--------
nle(id0,id1,dist): 83 139 1.66681972405341
list:
dist: 1.66681972405341 vs. 1.66681972405341
--------
nle(id0,id1,dist): 83 138 1.871222724635139
list:
dist: 1.871222724635139 vs. 1.871222724635139
--------
nle(id0,id1,dist): 83 137 1.5859307206013742
list:
dist: 1.5859307206013742 vs. 1.5859307206013742
--------
nle(id0,id1,dist): 83 136 2.246551327988025
list:
dist: 2.246551327988025 vs. 2.246551327988025
--------
nle(id0,id1,dist): 83 135 1.4143236161015194
list:
dist: 1.4143236161015194 vs. 1.4143236161015194
--------
nle(id0,id1,dist): 83 133 1.842069901904154
list:
dist: 1.842069901904154 vs. 1.842069901904154
--------
nle(id0,id1,dist): 83 132 2.108785406145638
list:
dist: 2.108785406145638 vs. 2.108785406145638
--------
nle(id0,id1,dist): 83 131 2.4376122722609646
list:
dist: 2.4376122722609646 vs. 2.4376122722609646
--------
nle(id0,id1,dist): 83 130 2.7149377189095163
list:
dist: 2.7149377189095163 vs. 2.7149377189095163
--------
nle(id0,id1,dist): 83 128 1.0722492638548893
list:
dist: 1.0722492638548893 vs. 1.0722492638548893
--------
nle(id0,id1,dist): 83 129 1.2800019041415496
list:
dist: 1.2800019041415496 vs. 1.2800019041415496
--------
nle(id0,id1,dist): 84 89 1.295796036902133
list:
dist: 1.295796036902133 vs. 1.295796036902133
--------
nle(id0,id1,dist): 83 126 2.645496859846147
list:
dist: 2.645496859846147 vs. 2.645496859846147
--------
nle(id0,id1,dist): 83 127 1.478153951238619
list:
dist: 1.478153951238619 vs. 1.478153951238619
--------
nle(id0,id1,dist): 83 124 2.116010188708844
list:
dist: 2.116010188708844 vs. 2.116010188708844
--------
nle(id0,id1,dist): 84 87 1.0686383089736455
list:
dist: 1.0686383089736455 vs. 1.0686383089736455
--------
nle(id0,id1,dist): 84 88 1.8358391649987011
list:
dist: 1.8358391649987011 vs. 1.8358391649987011
--------
nle(id0,id1,dist): 83 125 1.7550329919151832
list:
dist: 1.7550329919151832 vs. 1.7550329919151832
--------
nle(id0,id1,dist): 84 85 0.8912962491127989
list:
dist: 0.8912962491127989 vs. 0.8912962491127989
--------
nle(id0,id1,dist): 83 122 2.936431502633884
list:
dist: 2.936431502633884 vs. 2.936431502633884
--------
nle(id0,id1,dist): 84 86 1.3983925006089784
list:
dist: 1.3983925006089784 vs. 1.3983925006089784
--------
nle(id0,id1,dist): 83 123 2.2342377601191643
list:
dist: 2.2342377601191643 vs. 2.2342377601191643
--------
nle(id0,id1,dist): 83 120 3.0593382593616765
list:
dist: 3.0593382593616765 vs. 3.0593382593616765
--------
nle(id0,id1,dist): 83 121 2.868232341620221
list:
dist: 2.868232341620221 vs. 2.868232341620221
--------
nle(id0,id1,dist): 83 114 3.1652644592589834
list:
dist: 3.1652644592589834 vs. 3.1652644592589834
--------
nle(id0,id1,dist): 82 147 3.506719460744863
list:
dist: 3.506719460744863 vs. 3.506719460744863
--------
nle(id0,id1,dist): 82 149 3.3239545912665087
list:
dist: 3.3239545912665087 vs. 3.3239545912665087
--------
nle(id0,id1,dist): 83 112 3.299122027141827
list:
dist: 3.299122027141827 vs. 3.299122027141827
--------
nle(id0,id1,dist): 82 143 3.677009871764359
list:
dist: 3.677009871764359 vs. 3.677009871764359
--------
nle(id0,id1,dist): 82 146 3.564134172868681
list:
dist: 3.564134172868681 vs. 3.564134172868681
--------
nle(id0,id1,dist): 82 145 3.4321241389046127
list:
dist: 3.4321241389046127 vs. 3.4321241389046127
--------
nle(id0,id1,dist): 82 140 3.400904135173465
list:
dist: 3.400904135173465 vs. 3.400904135173465
--------
nle(id0,id1,dist): 82 139 2.3708304706896572
list:
dist: 2.3708304706896572 vs. 2.3708304706896572
--------
nle(id0,id1,dist): 82 142 3.6323935337044158
list:
dist: 3.6323935337044158 vs. 3.6323935337044158
--------
nle(id0,id1,dist): 82 141 3.167020613177791
list:
dist: 3.167020613177791 vs. 3.167020613177791
--------
nle(id0,id1,dist): 82 136 3.1065229481660506
list:
dist: 3.1065229481660506 vs. 3.1065229481660506
--------
nle(id0,id1,dist): 82 135 2.4612898504104717
list:
dist: 2.4612898504104717 vs. 2.4612898504104717
--------
nle(id0,id1,dist): 82 138 2.806989455499373
list:
dist: 2.806989455499373 vs. 2.806989455499373
--------
nle(id0,id1,dist): 82 137 2.2753566664646474
list:
dist: 2.2753566664646474 vs. 2.2753566664646474
--------
nle(id0,id1,dist): 82 131 2.7144500513606427
list:
dist: 2.7144500513606427 vs. 2.7144500513606427
--------
nle(id0,id1,dist): 82 132 2.7346737239317847
list:
dist: 2.7346737239317847 vs. 2.7346737239317847
--------
nle(id0,id1,dist): 82 133 2.2869964382291426
list:
dist: 2.2869964382291426 vs. 2.2869964382291426
--------
nle(id0,id1,dist): 82 127 1.9437855551084653
list:
dist: 1.9437855551084653 vs. 1.9437855551084653
--------
nle(id0,id1,dist): 82 128 1.0370588951765343
list:
dist: 1.0370588951765343 vs. 1.0370588951765343
--------
nle(id0,id1,dist): 82 129 1.6321552072496606
list:
dist: 1.6321552072496606 vs. 1.6321552072496606
--------
nle(id0,id1,dist): 82 130 3.048206106637596
list:
dist: 3.048206106637596 vs. 3.048206106637596
--------
nle(id0,id1,dist): 82 123 2.5185147105415164
list:
dist: 2.5185147105415164 vs. 2.5185147105415164
--------
nle(id0,id1,dist): 83 86 1.0952446658822927
list:
dist: 1.0952446658822927 vs. 1.0952446658822927
--------
nle(id0,id1,dist): 82 124 2.1242568086476874
list:
dist: 2.1242568086476874 vs. 2.1242568086476874
--------
nle(id0,id1,dist): 83 87 0.3629722639927163
list:
dist: 0.3629722639927163 vs. 0.3629722639927163
--------
nle(id0,id1,dist): 82 125 1.5125818883784183
list:
dist: 1.5125818883784183 vs. 1.5125818883784183
--------
nle(id0,id1,dist): 83 88 1.3730078954481943
list:
dist: 1.3730078954481943 vs. 1.3730078954481943
--------
nle(id0,id1,dist): 83 89 1.4884716524179482
list:
dist: 1.4884716524179482 vs. 1.4884716524179482
--------
nle(id0,id1,dist): 82 126 2.506225899128622
list:
dist: 2.506225899128622 vs. 2.506225899128622
--------
nle(id0,id1,dist): 82 120 2.3680861539945233
list:
dist: 2.3680861539945233 vs. 2.3680861539945233
--------
nle(id0,id1,dist): 82 121 2.2270104538013347
list:
dist: 2.2270104538013347 vs. 2.2270104538013347
--------
nle(id0,id1,dist): 83 84 1.0016746443594948
list:
dist: 1.0016746443594948 vs. 1.0016746443594948
--------
nle(id0,id1,dist): 83 85 1.020030088397373
list:
dist: 1.020030088397373 vs. 1.020030088397373
--------
nle(id0,id1,dist): 82 122 2.6501977842671787
list:
dist: 2.6501977842671787 vs. 2.6501977842671787
--------
nle(id0,id1,dist): 82 114 3.5613478674811625
list:
dist: 3.5613478674811625 vs. 3.5613478674811625
--------
nle(id0,id1,dist): 82 112 3.318050732787161
list:
dist: 3.318050732787161 vs. 3.318050732787161
--------
nle(id0,id1,dist): 81 141 2.7481815234421223
list:
dist: 2.7481815234421223 vs. 2.7481815234421223
--------
nle(id0,id1,dist): 81 140 2.757675986945739
list:
dist: 2.757675986945739 vs. 2.757675986945739
--------
nle(id0,id1,dist): 81 146 3.386721902398032
list:
dist: 3.386721902398032 vs. 3.386721902398032
--------
nle(id0,id1,dist): 81 145 2.9942826296656793
list:
dist: 2.9942826296656793 vs. 2.9942826296656793
--------
nle(id0,id1,dist): 81 134 2.4734826314981615
list:
dist: 2.4734826314981615 vs. 2.4734826314981615
--------
nle(id0,id1,dist): 81 132 1.8798230890453145
list:
dist: 1.8798230890453145 vs. 1.8798230890453145
--------
nle(id0,id1,dist): 81 133 1.7064762089732608
list:
dist: 1.7064762089732608 vs. 1.7064762089732608
--------
nle(id0,id1,dist): 81 138 2.363130529239755
list:
dist: 2.363130529239755 vs. 2.363130529239755
--------
nle(id0,id1,dist): 81 139 2.5212856690889445
list:
dist: 2.5212856690889445 vs. 2.5212856690889445
--------
nle(id0,id1,dist): 81 136 2.41029038681161
list:
dist: 2.41029038681161 vs. 2.41029038681161
--------
nle(id0,id1,dist): 81 137 2.1452519755797335
list:
dist: 2.1452519755797335 vs. 2.1452519755797335
--------
nle(id0,id1,dist): 82 89 1.7922061189644227
list:
dist: 1.7922061189644227 vs. 1.7922061189644227
--------
nle(id0,id1,dist): 81 126 2.384883973073931
list:
dist: 2.384883973073931 vs. 2.384883973073931
--------
nle(id0,id1,dist): 81 127 1.1453474253912013
list:
dist: 1.1453474253912013 vs. 1.1453474253912013
--------
nle(id0,id1,dist): 81 124 1.3789117776771371
list:
dist: 1.3789117776771371 vs. 1.3789117776771371
--------
nle(id0,id1,dist): 82 87 1.4154202595301288
list:
dist: 1.4154202595301288 vs. 1.4154202595301288
--------
nle(id0,id1,dist): 82 88 2.2735593931699833
list:
dist: 2.2735593931699833 vs. 2.2735593931699833
--------
nle(id0,id1,dist): 81 125 0.708057732286501
list:
dist: 0.708057732286501 vs. 0.708057732286501
--------
nle(id0,id1,dist): 81 130 2.078153174647333
list:
dist: 2.078153174647333 vs. 2.078153174647333
--------
nle(id0,id1,dist): 81 131 2.4236663708783834
list:
dist: 2.4236663708783834 vs. 2.4236663708783834
--------
nle(id0,id1,dist): 81 128 1.0463360329805675
list:
dist: 1.0463360329805675 vs. 1.0463360329805675
--------
nle(id0,id1,dist): 81 129 1.0283719759111465
list:
dist: 1.0283719759111465 vs. 1.0283719759111465
--------
nle(id0,id1,dist): 81 121 1.5676531922097527
list:
dist: 1.5676531922097527 vs. 1.5676531922097527
--------
nle(id0,id1,dist): 82 84 0.5770698243007317
list:
dist: 0.5770698243007317 vs. 0.5770698243007317
--------
nle(id0,id1,dist): 82 83 1.437178547381806
list:
dist: 1.437178547381806 vs. 1.437178547381806
--------
nle(id0,id1,dist): 81 120 1.1889135980838386
list:
dist: 1.1889135980838386 vs. 1.1889135980838386
--------
nle(id0,id1,dist): 82 86 1.966354628704749
list:
dist: 1.966354628704749 vs. 1.966354628704749
--------
nle(id0,id1,dist): 81 123 1.29524807336103
list:
dist: 1.29524807336103 vs. 1.29524807336103
--------
nle(id0,id1,dist): 82 85 1.4576414156023607
list:
dist: 1.4576414156023607 vs. 1.4576414156023607
--------
nle(id0,id1,dist): 81 122 1.637660867648829
list:
dist: 1.637660867648829 vs. 1.637660867648829
--------
nle(id0,id1,dist): 80 146 3.7556417519541383
list:
dist: 3.7556417519541383 vs. 3.7556417519541383
--------
nle(id0,id1,dist): 80 145 3.5041914098049327
list:
dist: 3.5041914098049327 vs. 3.5041914098049327
--------
nle(id0,id1,dist): 80 137 2.451747252642417
list:
dist: 2.451747252642417 vs. 2.451747252642417
--------
nle(id0,id1,dist): 80 138 2.8552727863285394
list:
dist: 2.8552727863285394 vs. 2.8552727863285394
--------
nle(id0,id1,dist): 80 139 2.6802320149838383
list:
dist: 2.6802320149838383 vs. 2.6802320149838383
--------
nle(id0,id1,dist): 80 140 3.3768234588800325
list:
dist: 3.3768234588800325 vs. 3.3768234588800325
--------
nle(id0,id1,dist): 80 141 3.2447911264316507
list:
dist: 3.2447911264316507 vs. 3.2447911264316507
--------
nle(id0,id1,dist): 80 129 1.495010068372845
list:
dist: 1.495010068372845 vs. 1.495010068372845
--------
nle(id0,id1,dist): 80 130 2.8425916910234363
list:
dist: 2.8425916910234363 vs. 2.8425916910234363
--------
nle(id0,id1,dist): 80 131 2.8126800536088146
list:
dist: 2.8126800536088146 vs. 2.8126800536088146
--------
nle(id0,id1,dist): 80 132 2.578853894115421
list:
dist: 2.578853894115421 vs. 2.578853894115421
--------
nle(id0,id1,dist): 80 133 2.248412316175166
list:
dist: 2.248412316175166 vs. 2.248412316175166
--------
nle(id0,id1,dist): 80 136 3.039726691397308
list:
dist: 3.039726691397308 vs. 3.039726691397308
--------
nle(id0,id1,dist): 72 142 4.3975565298679244
list:
dist: 4.3975565298679244 vs. 4.3975565298679244
--------
nle(id0,id1,dist): 72 141 4.062738953104294
list:
dist: 4.062738953104294 vs. 4.062738953104294
--------
nle(id0,id1,dist): 72 143 4.552304633335812
list:
dist: 4.552304633335812 vs. 4.552304633335812
--------
nle(id0,id1,dist): 72 138 3.828739341501618
list:
dist: 3.828739341501618 vs. 3.828739341501618
--------
nle(id0,id1,dist): 72 137 3.1986563493938425
list:
dist: 3.1986563493938425 vs. 3.1986563493938425
--------
nle(id0,id1,dist): 72 140 4.3290749540551
list:
dist: 4.3290749540551 vs. 4.3290749540551
--------
nle(id0,id1,dist): 72 139 3.1981272442598105
list:
dist: 3.1981272442598105 vs. 3.1981272442598105
--------
nle(id0,id1,dist): 74 76 1.495238479097559
list:
dist: 1.495238479097559 vs. 1.495238479097559
--------
nle(id0,id1,dist): 72 149 4.263246745988623
list:
dist: 4.263246745988623 vs. 4.263246745988623
--------
nle(id0,id1,dist): 74 75 1.5683315365946309
list:
dist: 1.5683315365946309 vs. 1.5683315365946309
--------
nle(id0,id1,dist): 74 78 2.4894804791480802
list:
dist: 2.4894804791480802 vs. 2.4894804791480802
--------
nle(id0,id1,dist): 74 77 1.4555034413220782
list:
dist: 1.4555034413220782 vs. 1.4555034413220782
--------
nle(id0,id1,dist): 72 146 4.540761242043068
list:
dist: 4.540761242043068 vs. 4.540761242043068
--------
nle(id0,id1,dist): 72 145 4.437578734806445
list:
dist: 4.437578734806445 vs. 4.437578734806445
--------
nle(id0,id1,dist): 72 147 4.308911028639336
list:
dist: 4.308911028639336 vs. 4.308911028639336
--------
nle(id0,id1,dist): 74 83 1.6595284254146527
list:
dist: 1.6595284254146527 vs. 1.6595284254146527
--------
nle(id0,id1,dist): 73 120 3.134669691826443
list:
dist: 3.134669691826443 vs. 3.134669691826443
--------
nle(id0,id1,dist): 73 121 3.2284995785716823
list:
dist: 3.2284995785716823 vs. 3.2284995785716823
--------
nle(id0,id1,dist): 74 84 0.9158150258030662
list:
dist: 0.9158150258030662 vs. 0.9158150258030662
--------
nle(id0,id1,dist): 74 85 0.9442251305062623
list:
dist: 0.9442251305062623 vs. 0.9442251305062623
--------
nle(id0,id1,dist): 73 122 3.744784896025051
list:
dist: 3.744784896025051 vs. 3.744784896025051
--------
nle(id0,id1,dist): 74 86 1.578919703495088
list:
dist: 1.578919703495088 vs. 1.578919703495088
--------
nle(id0,id1,dist): 73 123 3.557552641586728
list:
dist: 3.557552641586728 vs. 3.557552641586728
--------
nle(id0,id1,dist): 74 79 2.318220321543619
list:
dist: 2.318220321543619 vs. 2.318220321543619
--------
nle(id0,id1,dist): 74 80 0.8483882079199186
list:
dist: 0.8483882079199186 vs. 0.8483882079199186
--------
nle(id0,id1,dist): 74 81 1.2188870481937144
list:
dist: 1.2188870481937144 vs. 1.2188870481937144
--------
nle(id0,id1,dist): 74 82 1.193427643706863
list:
dist: 1.193427643706863 vs. 1.193427643706863
--------
nle(id0,id1,dist): 73 128 2.302552613473433
list:
dist: 2.302552613473433 vs. 2.302552613473433
--------
nle(id0,id1,dist): 73 129 2.8080963646450483
list:
dist: 2.8080963646450483 vs. 2.8080963646450483
--------
nle(id0,id1,dist): 73 130 4.277136572402002
list:
dist: 4.277136572402002 vs. 4.277136572402002
--------
nle(id0,id1,dist): 73 131 4.025680721724577
list:
dist: 4.025680721724577 vs. 4.025680721724577
--------
nle(id0,id1,dist): 73 124 3.366385387694159
list:
dist: 3.366385387694159 vs. 3.366385387694159
--------
nle(id0,id1,dist): 74 87 1.8571727210651503
list:
dist: 1.8571727210651503 vs. 1.8571727210651503
--------
nle(id0,id1,dist): 73 125 2.6876278079213134
list:
dist: 2.6876278079213134 vs. 2.6876278079213134
--------
nle(id0,id1,dist): 74 88 2.368714451428291
list:
dist: 2.368714451428291 vs. 2.368714451428291
--------
nle(id0,id1,dist): 74 89 1.3150249950105375
list:
dist: 1.3150249950105375 vs. 1.3150249950105375
--------
nle(id0,id1,dist): 73 126 3.736602343005094
list:
dist: 3.736602343005094 vs. 3.736602343005094
--------
nle(id0,id1,dist): 73 127 3.0437514088350532
list:
dist: 3.0437514088350532 vs. 3.0437514088350532
--------
nle(id0,id1,dist): 71 149 3.7242125171213547
list:
dist: 3.7242125171213547 vs. 3.7242125171213547
--------
nle(id0,id1,dist): 72 112 3.273857611664164
list:
dist: 3.273857611664164 vs. 3.273857611664164
--------
nle(id0,id1,dist): 73 75 1.2899423298261399
list:
dist: 1.2899423298261399 vs. 1.2899423298261399
--------
nle(id0,id1,dist): 73 74 1.6106205562680949
list:
dist: 1.6106205562680949 vs. 1.6106205562680949
--------
nle(id0,id1,dist): 71 147 3.6989991741482435
list:
dist: 3.6989991741482435 vs. 3.6989991741482435
--------
nle(id0,id1,dist): 71 146 3.883757413102448
list:
dist: 3.883757413102448 vs. 3.883757413102448
--------
nle(id0,id1,dist): 71 145 3.702048852661502
list:
dist: 3.702048852661502 vs. 3.702048852661502
--------
nle(id0,id1,dist): 71 143 3.7776766887761966
list:
dist: 3.7776766887761966 vs. 3.7776766887761966
--------
nle(id0,id1,dist): 71 142 3.457606462331944
list:
dist: 3.457606462331944 vs. 3.457606462331944
--------
nle(id0,id1,dist): 72 120 2.905310273470108
list:
dist: 2.905310273470108 vs. 2.905310273470108
--------
nle(id0,id1,dist): 73 83 2.4732369969148325
list:
dist: 2.4732369969148325 vs. 2.4732369969148325
--------
nle(id0,id1,dist): 73 82 1.3259535919157095
list:
dist: 1.3259535919157095 vs. 1.3259535919157095
--------
nle(id0,id1,dist): 73 81 2.3944097725205586
list:
dist: 2.3944097725205586 vs. 2.3944097725205586
--------
nle(id0,id1,dist): 73 80 1.4790493725228944
list:
dist: 1.4790493725228944 vs. 1.4790493725228944
--------
nle(id0,id1,dist): 73 79 1.9924645136151897
list:
dist: 1.9924645136151897 vs. 1.9924645136151897
--------
nle(id0,id1,dist): 73 78 2.0398358359661404
list:
dist: 2.0398358359661404 vs. 2.0398358359661404
--------
nle(id0,id1,dist): 72 114 3.7221795085230727
list:
dist: 3.7221795085230727 vs. 3.7221795085230727
--------
nle(id0,id1,dist): 73 77 1.8040487232026952
list:
dist: 1.8040487232026952 vs. 1.8040487232026952
--------
nle(id0,id1,dist): 73 76 1.8902776997603212
list:
dist: 1.8902776997603212 vs. 1.8902776997603212
--------
nle(id0,id1,dist): 72 127 3.0067568709172563
list:
dist: 3.0067568709172563 vs. 3.0067568709172563
--------
nle(id0,id1,dist): 72 128 2.0797185586345996
list:
dist: 2.0797185586345996 vs. 2.0797185586345996
--------
nle(id0,id1,dist): 72 125 2.4196495911979357
list:
dist: 2.4196495911979357 vs. 2.4196495911979357
--------
nle(id0,id1,dist): 73 88 2.712081433845989
list:
dist: 2.712081433845989 vs. 2.712081433845989
--------
nle(id0,id1,dist): 73 89 1.9537308994390223
list:
dist: 1.9537308994390223 vs. 1.9537308994390223
--------
nle(id0,id1,dist): 72 126 3.0545555313204025
list:
dist: 3.0545555313204025 vs. 3.0545555313204025
--------
nle(id0,id1,dist): 72 123 3.516891447172666
list:
dist: 3.516891447172666 vs. 3.516891447172666
--------
nle(id0,id1,dist): 73 86 2.496235669385704
list:
dist: 2.496235669385704 vs. 2.496235669385704
--------
nle(id0,id1,dist): 72 124 2.9796126130113714
list:
dist: 2.9796126130113714 vs. 2.9796126130113714
--------
nle(id0,id1,dist): 73 87 2.4228863135090832
list:
dist: 2.4228863135090832 vs. 2.4228863135090832
--------
nle(id0,id1,dist): 72 121 2.7095394371369013
list:
dist: 2.7095394371369013 vs. 2.7095394371369013
--------
nle(id0,id1,dist): 73 84 1.5440504097230396
list:
dist: 1.5440504097230396 vs. 1.5440504097230396
--------
nle(id0,id1,dist): 73 85 2.0505088576309913
list:
dist: 2.0505088576309913 vs. 2.0505088576309913
--------
nle(id0,id1,dist): 72 122 3.3377127046558295
list:
dist: 3.3377127046558295 vs. 3.3377127046558295
--------
nle(id0,id1,dist): 72 135 3.2585062712048827
list:
dist: 3.2585062712048827 vs. 3.2585062712048827
--------
nle(id0,id1,dist): 72 136 4.148001877140195
list:
dist: 4.148001877140195 vs. 4.148001877140195
--------
nle(id0,id1,dist): 72 133 3.245028177896647
list:
dist: 3.245028177896647 vs. 3.245028177896647
--------
nle(id0,id1,dist): 72 131 3.4710903148837677
list:
dist: 3.4710903148837677 vs. 3.4710903148837677
--------
nle(id0,id1,dist): 72 132 3.763485108505014
list:
dist: 3.763485108505014 vs. 3.763485108505014
--------
nle(id0,id1,dist): 72 129 2.689160450898869
list:
dist: 2.689160450898869 vs. 2.689160450898869
--------
nle(id0,id1,dist): 72 130 3.965769737007645
list:
dist: 3.965769737007645 vs. 3.965769737007645
--------
nle(id0,id1,dist): 72 74 1.9937334863953218
list:
dist: 1.9937334863953218 vs. 1.9937334863953218
--------
nle(id0,id1,dist): 70 147 4.030035309850876
list:
dist: 4.030035309850876 vs. 4.030035309850876
--------
nle(id0,id1,dist): 72 73 0.9594348933761676
list:
dist: 0.9594348933761676 vs. 0.9594348933761676
--------
nle(id0,id1,dist): 72 76 2.2780387932761426
list:
dist: 2.2780387932761426 vs. 2.2780387932761426
--------
nle(id0,id1,dist): 70 149 3.885331126845228
list:
dist: 3.885331126845228 vs. 3.885331126845228
--------
nle(id0,id1,dist): 72 75 1.3623980426508528
list:
dist: 1.3623980426508528 vs. 1.3623980426508528
--------
nle(id0,id1,dist): 71 112 2.84461353729092
list:
dist: 2.84461353729092 vs. 2.84461353729092
--------
nle(id0,id1,dist): 72 78 1.932753366616939
list:
dist: 1.932753366616939 vs. 1.932753366616939
--------
nle(id0,id1,dist): 72 77 1.730733336381327
list:
dist: 1.730733336381327 vs. 1.730733336381327
--------
nle(id0,id1,dist): 71 114 3.3470829674918647
list:
dist: 3.3470829674918647 vs. 3.3470829674918647
--------
nle(id0,id1,dist): 72 80 1.4628125852956808
list:
dist: 1.4628125852956808 vs. 1.4628125852956808
--------
nle(id0,id1,dist): 72 79 2.0016890990462795
list:
dist: 2.0016890990462795 vs. 2.0016890990462795
--------
nle(id0,id1,dist): 72 82 1.0869936534398574
list:
dist: 1.0869936534398574 vs. 1.0869936534398574
--------
nle(id0,id1,dist): 72 81 2.3454864273170677
list:
dist: 2.3454864273170677 vs. 2.3454864273170677
--------
nle(id0,id1,dist): 71 121 1.7401151903053167
list:
dist: 1.7401151903053167 vs. 1.7401151903053167
--------
nle(id0,id1,dist): 72 84 1.57850314825115
list:
dist: 1.57850314825115 vs. 1.57850314825115
--------
nle(id0,id1,dist): 72 83 2.412292821211938
list:
dist: 2.412292821211938 vs. 2.412292821211938
--------
nle(id0,id1,dist): 71 120 2.3141938388491448
list:
dist: 2.3141938388491448 vs. 2.3141938388491448
--------
nle(id0,id1,dist): 72 86 2.8297732847508192
list:
dist: 2.8297732847508192 vs. 2.8297732847508192
--------
nle(id0,id1,dist): 71 123 2.995174549080993
list:
dist: 2.995174549080993 vs. 2.995174549080993
--------
nle(id0,id1,dist): 72 85 2.3761369475452825
list:
dist: 2.3761369475452825 vs. 2.3761369475452825
--------
nle(id0,id1,dist): 71 122 2.4052447478089225
list:
dist: 2.4052447478089225 vs. 2.4052447478089225
--------
nle(id0,id1,dist): 72 88 2.905871598934936
list:
dist: 2.905871598934936 vs. 2.905871598934936
--------
nle(id0,id1,dist): 71 125 1.7658355493818256
list:
dist: 1.7658355493818256 vs. 1.7658355493818256
--------
nle(id0,id1,dist): 71 124 2.087914488695443
list:
dist: 2.087914488695443 vs. 2.087914488695443
--------
nle(id0,id1,dist): 72 87 2.285963936103022
list:
dist: 2.285963936103022 vs. 2.285963936103022
--------
nle(id0,id1,dist): 72 89 2.472365905850259
list:
dist: 2.472365905850259 vs. 2.472365905850259
--------
nle(id0,id1,dist): 71 126 1.8754965465256361
list:
dist: 1.8754965465256361 vs. 1.8754965465256361
--------
nle(id0,id1,dist): 71 127 2.5780468061304784
list:
dist: 2.5780468061304784 vs. 2.5780468061304784
--------
nle(id0,id1,dist): 71 128 1.6290943685537043
list:
dist: 1.6290943685537043 vs. 1.6290943685537043
--------
nle(id0,id1,dist): 71 129 2.2131950731459913
list:
dist: 2.2131950731459913 vs. 2.2131950731459913
--------
nle(id0,id1,dist): 71 130 3.0874883521995837
list:
dist: 3.0874883521995837 vs. 3.0874883521995837
--------
nle(id0,id1,dist): 71 131 2.4085175558922853
list:
dist: 2.4085175558922853 vs. 2.4085175558922853
--------
nle(id0,id1,dist): 71 132 3.0773997497384644
list:
dist: 3.0773997497384644 vs. 3.0773997497384644
--------
nle(id0,id1,dist): 71 133 2.427937788375128
list:
dist: 2.427937788375128 vs. 2.427937788375128
--------
nle(id0,id1,dist): 71 134 3.081054526760901
list:
dist: 3.081054526760901 vs. 3.081054526760901
--------
nle(id0,id1,dist): 71 135 2.7179254659433187
list:
dist: 2.7179254659433187 vs. 2.7179254659433187
--------
nle(id0,id1,dist): 71 136 3.458593605983088
list:
dist: 3.458593605983088 vs. 3.458593605983088
--------
nle(id0,id1,dist): 71 137 2.395108058717316
list:
dist: 2.395108058717316 vs. 2.395108058717316
--------
nle(id0,id1,dist): 71 138 3.1349170686212013
list:
dist: 3.1349170686212013 vs. 3.1349170686212013
--------
nle(id0,id1,dist): 71 139 2.37962043812481
list:
dist: 2.37962043812481 vs. 2.37962043812481
--------
nle(id0,id1,dist): 71 140 3.4046827821547736
list:
dist: 3.4046827821547736 vs. 3.4046827821547736
--------
nle(id0,id1,dist): 71 141 3.1275439914919727
list:
dist: 3.1275439914919727 vs. 3.1275439914919727
--------
nle(id0,id1,dist): 71 81 2.010024083276402
list:
dist: 2.010024083276402 vs. 2.010024083276402
--------
nle(id0,id1,dist): 71 80 1.5201445756468155
list:
dist: 1.5201445756468155 vs. 1.5201445756468155
--------
nle(id0,id1,dist): 71 79 2.490060698412011
list:
dist: 2.490060698412011 vs. 2.490060698412011
--------
nle(id0,id1,dist): 71 78 2.394223930631858
list:
dist: 2.394223930631858 vs. 2.394223930631858
--------
nle(id0,id1,dist): 71 85 2.615934693755209
list:
dist: 2.615934693755209 vs. 2.615934693755209
--------
nle(id0,id1,dist): 70 122 2.382885219518017
list:
dist: 2.382885219518017 vs. 2.382885219518017
--------
nle(id0,id1,dist): 70 121 1.7827195338485873
list:
dist: 1.7827195338485873 vs. 1.7827195338485873
--------
nle(id0,id1,dist): 71 84 1.7350246552246906
list:
dist: 1.7350246552246906 vs. 1.7350246552246906
--------
nle(id0,id1,dist): 70 120 1.9390397668794084
list:
dist: 1.9390397668794084 vs. 1.9390397668794084
--------
nle(id0,id1,dist): 71 83 2.2759212250853254
list:
dist: 2.2759212250853254 vs. 2.2759212250853254
--------
nle(id0,id1,dist): 71 82 1.2114645021139603
list:
dist: 1.2114645021139603 vs. 1.2114645021139603
--------
nle(id0,id1,dist): 71 89 2.98650047452166
list:
dist: 2.98650047452166 vs. 2.98650047452166
--------
nle(id0,id1,dist): 70 126 2.372940852958807
list:
dist: 2.372940852958807 vs. 2.372940852958807
--------
nle(id0,id1,dist): 70 125 1.5403637834036934
list:
dist: 1.5403637834036934 vs. 1.5403637834036934
--------
nle(id0,id1,dist): 71 88 3.2185254087385613
list:
dist: 3.2185254087385613 vs. 3.2185254087385613
--------
nle(id0,id1,dist): 70 124 2.1111506818147467
list:
dist: 2.1111506818147467 vs. 2.1111506818147467
--------
nle(id0,id1,dist): 71 87 2.169093809172127
list:
dist: 2.169093809172127 vs. 2.169093809172127
--------
nle(id0,id1,dist): 70 123 2.671225790145912
list:
dist: 2.671225790145912 vs. 2.671225790145912
--------
nle(id0,id1,dist): 71 86 3.0836076301539053
list:
dist: 3.0836076301539053 vs. 3.0836076301539053
--------
nle(id0,id1,dist): 70 130 3.0917872601876946
list:
dist: 3.0917872601876946 vs. 3.0917872601876946
--------
nle(id0,id1,dist): 70 129 1.9671945751914781
list:
dist: 1.9671945751914781 vs. 1.9671945751914781
--------
nle(id0,id1,dist): 70 128 1.4230714398500348
list:
dist: 1.4230714398500348 vs. 1.4230714398500348
--------
nle(id0,id1,dist): 70 127 2.2793830714852787
list:
dist: 2.2793830714852787 vs. 2.2793830714852787
--------
nle(id0,id1,dist): 70 133 2.479542776434964
list:
dist: 2.479542776434964 vs. 2.479542776434964
--------
nle(id0,id1,dist): 70 131 2.7703003949749005
list:
dist: 2.7703003949749005 vs. 2.7703003949749005
--------
nle(id0,id1,dist): 70 132 2.9795790732964944
list:
dist: 2.9795790732964944 vs. 2.9795790732964944
--------
nle(id0,id1,dist): 70 137 2.59724538812135
list:
dist: 2.59724538812135 vs. 2.59724538812135
--------
nle(id0,id1,dist): 70 138 3.181788897478709
list:
dist: 3.181788897478709 vs. 3.181788897478709
--------
nle(id0,id1,dist): 70 135 3.0074248464405517
list:
dist: 3.0074248464405517 vs. 3.0074248464405517
--------
nle(id0,id1,dist): 70 136 3.4286318719189284
list:
dist: 3.4286318719189284 vs. 3.4286318719189284
--------
nle(id0,id1,dist): 70 141 3.3754686006640138
list:
dist: 3.3754686006640138 vs. 3.3754686006640138
--------
nle(id0,id1,dist): 70 142 3.9046744232995314
list:
dist: 3.9046744232995314 vs. 3.9046744232995314
--------
nle(id0,id1,dist): 70 139 2.7182142979561004
list:
dist: 2.7182142979561004 vs. 2.7182142979561004
--------
nle(id0,id1,dist): 70 140 3.5702092120089812
list:
dist: 3.5702092120089812 vs. 3.5702092120089812
--------
nle(id0,id1,dist): 70 145 3.8090572371572753
list:
dist: 3.8090572371572753 vs. 3.8090572371572753
--------
nle(id0,id1,dist): 70 146 4.0396526678663225
list:
dist: 4.0396526678663225 vs. 4.0396526678663225
--------
nle(id0,id1,dist): 70 143 4.091356766921879
list:
dist: 4.091356766921879 vs. 4.091356766921879
--------
nle(id0,id1,dist): 76 129 2.2096109693902664
list:
dist: 2.2096109693902664 vs. 2.2096109693902664
--------
nle(id0,id1,dist): 76 130 3.8156326787051933
list:
dist: 3.8156326787051933 vs. 3.8156326787051933
--------
nle(id0,id1,dist): 76 131 3.650967833906859
list:
dist: 3.650967833906859 vs. 3.650967833906859
--------
nle(id0,id1,dist): 76 132 3.1793908069268473
list:
dist: 3.1793908069268473 vs. 3.1793908069268473
--------
nle(id0,id1,dist): 76 125 2.5919936230039298
list:
dist: 2.5919936230039298 vs. 2.5919936230039298
--------
nle(id0,id1,dist): 77 88 1.410289117559854
list:
dist: 1.410289117559854 vs. 1.410289117559854
--------
nle(id0,id1,dist): 77 89 1.336927706168539
list:
dist: 1.336927706168539 vs. 1.336927706168539
--------
nle(id0,id1,dist): 76 126 3.7333834630445324
list:
dist: 3.7333834630445324 vs. 3.7333834630445324
--------
nle(id0,id1,dist): 76 127 2.3374154373288887
list:
dist: 2.3374154373288887 vs. 2.3374154373288887
--------
nle(id0,id1,dist): 76 128 1.9365838913868545
list:
dist: 1.9365838913868545 vs. 1.9365838913868545
--------
nle(id0,id1,dist): 76 121 3.6697943192014235
list:
dist: 3.6697943192014235 vs. 3.6697943192014235
--------
nle(id0,id1,dist): 77 84 0.5844078863876816
list:
dist: 0.5844078863876816 vs. 0.5844078863876816
--------
nle(id0,id1,dist): 77 85 1.0646905679047778
list:
dist: 1.0646905679047778 vs. 1.0646905679047778
--------
nle(id0,id1,dist): 76 122 3.8607634561383475
list:
dist: 3.8607634561383475 vs. 3.8607634561383475
--------
nle(id0,id1,dist): 76 123 3.0383791998675216
list:
dist: 3.0383791998675216 vs. 3.0383791998675216
--------
nle(id0,id1,dist): 77 86 1.310199216348118
list:
dist: 1.310199216348118 vs. 1.310199216348118
--------
nle(id0,id1,dist): 76 124 3.1580138977938574
list:
dist: 3.1580138977938574 vs. 3.1580138977938574
--------
nle(id0,id1,dist): 77 87 0.6189124060391499
list:
dist: 0.6189124060391499 vs. 0.6189124060391499
--------
nle(id0,id1,dist): 77 80 1.4653966878798397
list:
dist: 1.4653966878798397 vs. 1.4653966878798397
--------
nle(id0,id1,dist): 77 81 1.98854863289412
list:
dist: 1.98854863289412 vs. 1.98854863289412
--------
nle(id0,id1,dist): 77 82 0.9029327313699854
list:
dist: 0.9029327313699854 vs. 0.9029327313699854
--------
nle(id0,id1,dist): 76 120 3.63644092368372
list:
dist: 3.63644092368372 vs. 3.63644092368372
--------
nle(id0,id1,dist): 77 83 0.7386890951824845
list:
dist: 0.7386890951824845 vs. 0.7386890951824845
--------
nle(id0,id1,dist): 76 146 3.5116506847800357
list:
dist: 3.5116506847800357 vs. 3.5116506847800357
--------
nle(id0,id1,dist): 76 145 3.5949441648212175
list:
dist: 3.5949441648212175 vs. 3.5949441648212175
--------
nle(id0,id1,dist): 76 148 3.5872133339836703
list:
dist: 3.5872133339836703 vs. 3.5872133339836703
--------
nle(id0,id1,dist): 76 147 3.4231473633582934
list:
dist: 3.4231473633582934 vs. 3.4231473633582934
--------
nle(id0,id1,dist): 76 142 4.110777759311215
list:
dist: 4.110777759311215 vs. 4.110777759311215
--------
nle(id0,id1,dist): 76 141 3.7573404608201986
list:
dist: 3.7573404608201986 vs. 3.7573404608201986
--------
nle(id0,id1,dist): 76 144 3.8854198243968505
list:
dist: 3.8854198243968505 vs. 3.8854198243968505
--------
nle(id0,id1,dist): 76 143 3.818712235027251
list:
dist: 3.818712235027251 vs. 3.818712235027251
--------
nle(id0,id1,dist): 76 138 3.065556541339472
list:
dist: 3.065556541339472 vs. 3.065556541339472
--------
nle(id0,id1,dist): 76 137 2.847395716248551
list:
dist: 2.847395716248551 vs. 2.847395716248551
--------
nle(id0,id1,dist): 76 140 3.987392279989988
list:
dist: 3.987392279989988 vs. 3.987392279989988
--------
nle(id0,id1,dist): 76 139 2.916203831270362
list:
dist: 2.916203831270362 vs. 2.916203831270362
--------
nle(id0,id1,dist): 76 133 3.0079982337995546
list:
dist: 3.0079982337995546 vs. 3.0079982337995546
--------
nle(id0,id1,dist): 76 136 3.3637757789614002
list:
dist: 3.3637757789614002 vs. 3.3637757789614002
--------
nle(id0,id1,dist): 76 135 2.5324693546258406
list:
dist: 2.5324693546258406 vs. 2.5324693546258406
--------
nle(id0,id1,dist): 75 136 3.5538568851591306
list:
dist: 3.5538568851591306 vs. 3.5538568851591306
--------
nle(id0,id1,dist): 75 137 2.7205639262538996
list:
dist: 2.7205639262538996 vs. 2.7205639262538996
--------
nle(id0,id1,dist): 75 135 2.456388735781867
list:
dist: 2.456388735781867 vs. 2.456388735781867
--------
nle(id0,id1,dist): 75 132 3.29656668067812
list:
dist: 3.29656668067812 vs. 3.29656668067812
--------
nle(id0,id1,dist): 75 133 2.910153432577759
list:
dist: 2.910153432577759 vs. 2.910153432577759
--------
nle(id0,id1,dist): 75 130 3.760309592245982
list:
dist: 3.760309592245982 vs. 3.760309592245982
--------
nle(id0,id1,dist): 75 131 3.3422300414918134
list:
dist: 3.3422300414918134 vs. 3.3422300414918134
--------
nle(id0,id1,dist): 75 128 1.7083881064980726
list:
dist: 1.7083881064980726 vs. 1.7083881064980726
--------
nle(id0,id1,dist): 75 129 2.226447993328732
list:
dist: 2.226447993328732 vs. 2.226447993328732
--------
nle(id0,id1,dist): 76 89 0.4588659903789387
list:
dist: 0.4588659903789387 vs. 0.4588659903789387
--------
nle(id0,id1,dist): 75 126 3.22517965544503
list:
dist: 3.22517965544503 vs. 3.22517965544503
--------
nle(id0,id1,dist): 75 127 2.4877463777082536
list:
dist: 2.4877463777082536 vs. 2.4877463777082536
--------
nle(id0,id1,dist): 75 124 2.9168261967504505
list:
dist: 2.9168261967504505 vs. 2.9168261967504505
--------
nle(id0,id1,dist): 76 87 1.290393168131435
list:
dist: 1.290393168131435 vs. 1.290393168131435
--------
nle(id0,id1,dist): 76 88 0.9744381731805029
list:
dist: 0.9744381731805029 vs. 0.9744381731805029
--------
nle(id0,id1,dist): 75 125 2.3515065852950925
list:
dist: 2.3515065852950925 vs. 2.3515065852950925
--------
nle(id0,id1,dist): 76 85 0.8214391774859329
list:
dist: 0.8214391774859329 vs. 0.8214391774859329
--------
nle(id0,id1,dist): 75 122 3.5562652498604317
list:
dist: 3.5562652498604317 vs. 3.5562652498604317
--------
nle(id0,id1,dist): 76 86 0.7523391178109358
list:
dist: 0.7523391178109358 vs. 0.7523391178109358
--------
nle(id0,id1,dist): 75 123 3.1752701471178937
list:
dist: 3.1752701471178937 vs. 3.1752701471178937
--------
nle(id0,id1,dist): 77 79 1.1264601321237826
list:
dist: 1.1264601321237826 vs. 1.1264601321237826
--------
nle(id0,id1,dist): 77 78 1.2476807277108866
list:
dist: 1.2476807277108866 vs. 1.2476807277108866
--------
nle(id0,id1,dist): 76 114 3.750599388253215
list:
dist: 3.750599388253215 vs. 3.750599388253215
--------
nle(id0,id1,dist): 75 149 3.3377285427828967
list:
dist: 3.3377285427828967 vs. 3.3377285427828967
--------
nle(id0,id1,dist): 76 112 3.8560871698823087
list:
dist: 3.8560871698823087 vs. 3.8560871698823087
--------
nle(id0,id1,dist): 75 147 3.474977556568134
list:
dist: 3.474977556568134 vs. 3.474977556568134
--------
nle(id0,id1,dist): 75 146 3.7276233970810115
list:
dist: 3.7276233970810115 vs. 3.7276233970810115
--------
nle(id0,id1,dist): 75 145 3.765377557816303
list:
dist: 3.765377557816303 vs. 3.765377557816303
--------
nle(id0,id1,dist): 75 143 3.8592692367679646
list:
dist: 3.8592692367679646 vs. 3.8592692367679646
--------
nle(id0,id1,dist): 75 142 3.946818747050848
list:
dist: 3.946818747050848 vs. 3.946818747050848
--------
nle(id0,id1,dist): 75 141 3.6709636048654146
list:
dist: 3.6709636048654146 vs. 3.6709636048654146
--------
nle(id0,id1,dist): 75 140 3.9598633002227457
list:
dist: 3.9598633002227457 vs. 3.9598633002227457
--------
nle(id0,id1,dist): 75 139 2.7074126752436123
list:
dist: 2.7074126752436123 vs. 2.7074126752436123
--------
nle(id0,id1,dist): 75 138 3.194683453427481
list:
dist: 3.194683453427481 vs. 3.194683453427481
--------
nle(id0,id1,dist): 74 136 3.009718098325356
list:
dist: 3.009718098325356 vs. 3.009718098325356
--------
nle(id0,id1,dist): 74 137 2.6718493530579552
list:
dist: 2.6718493530579552 vs. 2.6718493530579552
--------
nle(id0,id1,dist): 74 138 2.8697721190654892
list:
dist: 2.8697721190654892 vs. 2.8697721190654892
--------
nle(id0,id1,dist): 74 139 2.9405256695265445
list:
dist: 2.9405256695265445 vs. 2.9405256695265445
--------
nle(id0,id1,dist): 74 140 3.5730285347183397
list:
dist: 3.5730285347183397 vs. 3.5730285347183397
--------
nle(id0,id1,dist): 74 141 3.4773844860130945
list:
dist: 3.4773844860130945 vs. 3.4773844860130945
--------
nle(id0,id1,dist): 74 127 1.636628083658401
list:
dist: 1.636628083658401 vs. 1.636628083658401
--------
nle(id0,id1,dist): 74 128 1.3570172214808414
list:
dist: 1.3570172214808414 vs. 1.3570172214808414
--------
nle(id0,id1,dist): 74 129 1.5409608633762082
list:
dist: 1.5409608633762082 vs. 1.5409608633762082
--------
nle(id0,id1,dist): 74 130 3.0723556222338226
list:
dist: 3.0723556222338226 vs. 3.0723556222338226
--------
nle(id0,id1,dist): 74 131 3.2426160716808075
list:
dist: 3.2426160716808075 vs. 3.2426160716808075
--------
nle(id0,id1,dist): 74 132 2.6057117016310745
list:
dist: 2.6057117016310745 vs. 2.6057117016310745
--------
nle(id0,id1,dist): 74 133 2.4821324086322867
list:
dist: 2.4821324086322867 vs. 2.4821324086322867
--------
nle(id0,id1,dist): 76 78 1.467849070459565
list:
dist: 1.467849070459565 vs. 1.467849070459565
--------
nle(id0,id1,dist): 76 77 1.025992830152447
list:
dist: 1.025992830152447 vs. 1.025992830152447
--------
nle(id0,id1,dist): 75 114 3.2749364985565843
list:
dist: 3.2749364985565843 vs. 3.2749364985565843
--------
nle(id0,id1,dist): 76 80 1.9688048447521487
list:
dist: 1.9688048447521487 vs. 1.9688048447521487
--------
nle(id0,id1,dist): 76 79 1.1948631623461134
list:
dist: 1.1948631623461134 vs. 1.1948631623461134
--------
nle(id0,id1,dist): 76 82 1.6337142757215575
list:
dist: 1.6337142757215575 vs. 1.6337142757215575
--------
nle(id0,id1,dist): 76 81 2.4869385806995883
list:
dist: 2.4869385806995883 vs. 2.4869385806995883
--------
nle(id0,id1,dist): 75 121 3.17982570200444
list:
dist: 3.17982570200444 vs. 3.17982570200444
--------
nle(id0,id1,dist): 76 84 1.1678483828634485
list:
dist: 1.1678483828634485 vs. 1.1678483828634485
--------
nle(id0,id1,dist): 76 83 1.2720673803090519
list:
dist: 1.2720673803090519 vs. 1.2720673803090519
--------
nle(id0,id1,dist): 75 120 3.320621085537959
list:
dist: 3.320621085537959 vs. 3.320621085537959
--------
nle(id0,id1,dist): 74 146 3.703839048643342
list:
dist: 3.703839048643342 vs. 3.703839048643342
--------
nle(id0,id1,dist): 74 145 3.5014516001251703
list:
dist: 3.5014516001251703 vs. 3.5014516001251703
--------
nle(id0,id1,dist): 75 112 3.1708500066440775
list:
dist: 3.1708500066440775 vs. 3.1708500066440775
--------
nle(id0,id1,dist): 73 140 4.703213277617184
list:
dist: 4.703213277617184 vs. 4.703213277617184
--------
nle(id0,id1,dist): 73 141 4.487961201184104
list:
dist: 4.487961201184104 vs. 4.487961201184104
--------
nle(id0,id1,dist): 73 146 4.787319359460555
list:
dist: 4.787319359460555 vs. 4.787319359460555
--------
nle(id0,id1,dist): 73 145 4.691915395629992
list:
dist: 4.691915395629992 vs. 4.691915395629992
--------
nle(id0,id1,dist): 73 132 3.9410612803236313
list:
dist: 3.9410612803236313 vs. 3.9410612803236313
--------
nle(id0,id1,dist): 73 133 3.576489097624615
list:
dist: 3.576489097624615 vs. 3.576489097624615
--------
nle(id0,id1,dist): 73 138 4.064078274081915
list:
dist: 4.064078274081915 vs. 4.064078274081915
--------
nle(id0,id1,dist): 73 139 3.666824571030683
list:
dist: 3.666824571030683 vs. 3.666824571030683
--------
nle(id0,id1,dist): 73 136 4.33016626097682
list:
dist: 4.33016626097682 vs. 4.33016626097682
--------
nle(id0,id1,dist): 73 137 3.5900812100652164
list:
dist: 3.5900812100652164 vs. 3.5900812100652164
--------
nle(id0,id1,dist): 75 85 1.3660008884614725
list:
dist: 1.3660008884614725 vs. 1.3660008884614725
--------
nle(id0,id1,dist): 74 122 2.8282210728041606
list:
dist: 2.8282210728041606 vs. 2.8282210728041606
--------
nle(id0,id1,dist): 74 121 2.6453866399773083
list:
dist: 2.6453866399773083 vs. 2.6453866399773083
--------
nle(id0,id1,dist): 75 84 0.8825893288120942
list:
dist: 0.8825893288120942 vs. 0.8825893288120942
--------
nle(id0,id1,dist): 75 83 1.3995812179086071
list:
dist: 1.3995812179086071 vs. 1.3995812179086071
--------
nle(id0,id1,dist): 74 120 2.311183118993134
list:
dist: 2.311183118993134 vs. 2.311183118993134
--------
nle(id0,id1,dist): 75 82 0.9793336352855779
list:
dist: 0.9793336352855779 vs. 0.9793336352855779
--------
nle(id0,id1,dist): 75 89 1.3299122876683167
list:
dist: 1.3299122876683167 vs. 1.3299122876683167
--------
nle(id0,id1,dist): 74 126 3.2272584545478638
list:
dist: 3.2272584545478638 vs. 3.2272584545478638
--------
nle(id0,id1,dist): 74 125 1.6610625740310416
list:
dist: 1.6610625740310416 vs. 1.6610625740310416
--------
nle(id0,id1,dist): 75 88 1.5499917502165934
list:
dist: 1.5499917502165934 vs. 1.5499917502165934
--------
nle(id0,id1,dist): 74 124 2.376543579333103
list:
dist: 2.376543579333103 vs. 2.376543579333103
--------
nle(id0,id1,dist): 75 87 1.2484779706080233
list:
dist: 1.2484779706080233 vs. 1.2484779706080233
--------
nle(id0,id1,dist): 75 86 1.6082001885511028
list:
dist: 1.6082001885511028 vs. 1.6082001885511028
--------
nle(id0,id1,dist): 74 123 2.105543229259387
list:
dist: 2.105543229259387 vs. 2.105543229259387
--------
nle(id0,id1,dist): 75 77 0.6868903506518075
list:
dist: 0.6868903506518075 vs. 0.6868903506518075
--------
nle(id0,id1,dist): 75 76 0.9984631213423207
list:
dist: 0.9984631213423207 vs. 0.9984631213423207
--------
nle(id0,id1,dist): 75 81 2.332271396671429
list:
dist: 2.332271396671429 vs. 2.332271396671429
--------
nle(id0,id1,dist): 75 80 1.5764400580120048
list:
dist: 1.5764400580120048 vs. 1.5764400580120048
--------
nle(id0,id1,dist): 75 79 0.8457743946032237
list:
dist: 0.8457743946032237 vs. 0.8457743946032237
--------
nle(id0,id1,dist): 75 78 0.9535061740372831
list:
dist: 0.9535061740372831 vs. 0.9535061740372831
--------
nle(id0,id1,dist): 118 147 2.5918448570400456
list:
dist: 2.5918448570400456 vs. 2.5918448570400456
--------
nle(id0,id1,dist): 118 149 3.3223040304617912
list:
dist: 3.3223040304617912 vs. 3.3223040304617912
--------
nle(id0,id1,dist): 118 143 3.187866894336219
list:
dist: 3.187866894336219 vs. 3.187866894336219
--------
nle(id0,id1,dist): 118 142 2.9564828536336223
list:
dist: 2.9564828536336223 vs. 2.9564828536336223
--------
nle(id0,id1,dist): 118 135 2.4504546451182487
list:
dist: 2.4504546451182487 vs. 2.4504546451182487
--------
nle(id0,id1,dist): 119 149 3.559945044238563
list:
dist: 3.559945044238563 vs. 3.559945044238563
--------
nle(id0,id1,dist): 119 147 2.8811312833390943
list:
dist: 2.8811312833390943 vs. 2.8811312833390943
--------
nle(id0,id1,dist): 119 142 3.653458935165965
list:
dist: 3.653458935165965 vs. 3.653458935165965
--------
nle(id0,id1,dist): 119 143 3.6528022548205445
list:
dist: 3.6528022548205445 vs. 3.6528022548205445
--------
nle(id0,id1,dist): 119 135 2.8401801102489483
list:
dist: 2.8401801102489483 vs. 2.8401801102489483
--------
nle(id0,id1,dist): 120 145 3.5487064038104528
list:
dist: 3.5487064038104528 vs. 3.5487064038104528
--------
nle(id0,id1,dist): 120 146 4.063781257023659
list:
dist: 4.063781257023659 vs. 4.063781257023659
--------
nle(id0,id1,dist): 120 137 2.7424884038436863
list:
dist: 2.7424884038436863 vs. 2.7424884038436863
--------
nle(id0,id1,dist): 120 138 2.996945392200146
list:
dist: 2.996945392200146 vs. 2.996945392200146
--------
nle(id0,id1,dist): 120 139 3.113961056170702
list:
dist: 3.113961056170702 vs. 3.113961056170702
--------
nle(id0,id1,dist): 120 140 2.9847431596703626
list:
dist: 2.9847431596703626 vs. 2.9847431596703626
--------
nle(id0,id1,dist): 120 141 3.0664180302185815
list:
dist: 3.0664180302185815 vs. 3.0664180302185815
--------
nle(id0,id1,dist): 120 130 2.144155790064099
list:
dist: 2.144155790064099 vs. 2.144155790064099
--------
nle(id0,id1,dist): 120 129 1.9757369331795447
list:
dist: 1.9757369331795447 vs. 1.9757369331795447
--------
nle(id0,id1,dist): 120 132 2.3865022665956444
list:
dist: 2.3865022665956444 vs. 2.3865022665956444
--------
nle(id0,id1,dist): 120 131 2.5901510588884773
list:
dist: 2.5901510588884773 vs. 2.5901510588884773
--------
nle(id0,id1,dist): 120 134 2.5511361344375194
list:
dist: 2.5511361344375194 vs. 2.5511361344375194
--------
nle(id0,id1,dist): 120 133 2.1793627721623174
list:
dist: 2.1793627721623174 vs. 2.1793627721623174
--------
nle(id0,id1,dist): 120 136 2.9507632072771206
list:
dist: 2.9507632072771206 vs. 2.9507632072771206
--------
nle(id0,id1,dist): 120 122 1.143656431163924
list:
dist: 1.143656431163924 vs. 1.143656431163924
--------
nle(id0,id1,dist): 120 121 1.040649731919953
list:
dist: 1.040649731919953 vs. 1.040649731919953
--------
nle(id0,id1,dist): 120 124 1.5959012150608245
list:
dist: 1.5959012150608245 vs. 1.5959012150608245
--------
nle(id0,id1,dist): 120 123 1.819163173492367
list:
dist: 1.819163173492367 vs. 1.819163173492367
--------
nle(id0,id1,dist): 120 126 2.3676898919557154
list:
dist: 2.3676898919557154 vs. 2.3676898919557154
--------
nle(id0,id1,dist): 120 125 1.366958244026809
list:
dist: 1.366958244026809 vs. 1.366958244026809
--------
nle(id0,id1,dist): 120 128 2.0085248961618736
list:
dist: 2.0085248961618736 vs. 2.0085248961618736
--------
nle(id0,id1,dist): 120 127 2.0662875219618493
list:
dist: 2.0662875219618493 vs. 2.0662875219618493
--------
nle(id0,id1,dist): 121 142 3.2816305172595106
list:
dist: 3.2816305172595106 vs. 3.2816305172595106
--------
nle(id0,id1,dist): 121 143 3.663427742403965
list:
dist: 3.663427742403965 vs. 3.663427742403965
--------
nle(id0,id1,dist): 121 140 2.557578475108486
list:
dist: 2.557578475108486 vs. 2.557578475108486
--------
nle(id0,id1,dist): 121 141 2.5201628615316993
list:
dist: 2.5201628615316993 vs. 2.5201628615316993
--------
nle(id0,id1,dist): 121 146 3.68267482570473
list:
dist: 3.68267482570473 vs. 3.68267482570473
--------
nle(id0,id1,dist): 121 147 3.97808422323275
list:
dist: 3.97808422323275 vs. 3.97808422323275
--------
nle(id0,id1,dist): 121 145 3.220328955274635
list:
dist: 3.220328955274635 vs. 3.220328955274635
--------
nle(id0,id1,dist): 121 134 2.0767133800771864
list:
dist: 2.0767133800771864 vs. 2.0767133800771864
--------
nle(id0,id1,dist): 121 135 3.214358529394729
list:
dist: 3.214358529394729 vs. 3.214358529394729
--------
nle(id0,id1,dist): 121 132 2.302830300778334
list:
dist: 2.302830300778334 vs. 2.302830300778334
--------
nle(id0,id1,dist): 121 133 1.8105168612120044
list:
dist: 1.8105168612120044 vs. 1.8105168612120044
--------
nle(id0,id1,dist): 121 138 2.7082197528618166
list:
dist: 2.7082197528618166 vs. 2.7082197528618166
--------
nle(id0,id1,dist): 121 139 2.483099879869778
list:
dist: 2.483099879869778 vs. 2.483099879869778
--------
nle(id0,id1,dist): 121 136 2.792312890410425
list:
dist: 2.792312890410425 vs. 2.792312890410425
--------
nle(id0,id1,dist): 121 137 2.2261206325811207
list:
dist: 2.2261206325811207 vs. 2.2261206325811207
--------
nle(id0,id1,dist): 121 127 2.1710614833047224
list:
dist: 2.1710614833047224 vs. 2.1710614833047224
--------
nle(id0,id1,dist): 121 126 1.4098379614907415
list:
dist: 1.4098379614907415 vs. 1.4098379614907415
--------
nle(id0,id1,dist): 121 125 1.251097723050767
list:
dist: 1.251097723050767 vs. 1.251097723050767
--------
nle(id0,id1,dist): 121 124 1.1716653174313967
list:
dist: 1.1716653174313967 vs. 1.1716653174313967
--------
nle(id0,id1,dist): 121 131 1.8336418205748872
list:
dist: 1.8336418205748872 vs. 1.8336418205748872
--------
nle(id0,id1,dist): 121 130 1.924306364160014
list:
dist: 1.924306364160014 vs. 1.924306364160014
--------
nle(id0,id1,dist): 121 129 1.9496515347293082
list:
dist: 1.9496515347293082 vs. 1.9496515347293082
--------
nle(id0,id1,dist): 121 128 1.8279871751187755
list:
dist: 1.8279871751187755 vs. 1.8279871751187755
--------
nle(id0,id1,dist): 121 123 2.113019279203662
list:
dist: 2.113019279203662 vs. 2.113019279203662
--------
nle(id0,id1,dist): 121 122 0.8101170315754072
list:
dist: 0.8101170315754072 vs. 0.8101170315754072
--------
nle(id0,id1,dist): 122 132 1.7647048009654658
list:
dist: 1.7647048009654658 vs. 1.7647048009654658
--------
nle(id0,id1,dist): 122 131 1.626284215704658
list:
dist: 1.626284215704658 vs. 1.626284215704658
--------
nle(id0,id1,dist): 122 134 1.5033169575872964
list:
dist: 1.5033169575872964 vs. 1.5033169575872964
--------
nle(id0,id1,dist): 122 133 1.4601225247615248
list:
dist: 1.4601225247615248 vs. 1.4601225247615248
--------
nle(id0,id1,dist): 122 128 1.9535059402541641
list:
dist: 1.9535059402541641 vs. 1.9535059402541641
--------
nle(id0,id1,dist): 122 127 1.9080908279115392
list:
dist: 1.9080908279115392 vs. 1.9080908279115392
--------
nle(id0,id1,dist): 122 130 1.2291723014370513
list:
dist: 1.2291723014370513 vs. 1.2291723014370513
--------
nle(id0,id1,dist): 122 129 1.8047599093669082
list:
dist: 1.8047599093669082 vs. 1.8047599093669082
--------
nle(id0,id1,dist): 122 140 1.9934119229272151
list:
dist: 1.9934119229272151 vs. 1.9934119229272151
--------
nle(id0,id1,dist): 122 139 2.406362731278805
list:
dist: 2.406362731278805 vs. 2.406362731278805
--------
nle(id0,id1,dist): 122 141 2.0964126619298136
list:
dist: 2.0964126619298136 vs. 2.0964126619298136
--------
nle(id0,id1,dist): 122 136 2.2500436779884128
list:
dist: 2.2500436779884128 vs. 2.2500436779884128
--------
nle(id0,id1,dist): 122 138 2.29465460534091
list:
dist: 2.29465460534091 vs. 2.29465460534091
--------
nle(id0,id1,dist): 122 137 2.0394897145330435
list:
dist: 2.0394897145330435 vs. 2.0394897145330435
--------
nle(id0,id1,dist): 121 149 3.8086233681697954
list:
dist: 3.8086233681697954 vs. 3.8086233681697954
--------
nle(id0,id1,dist): 122 123 1.6262112113064005
list:
dist: 1.6262112113064005 vs. 1.6262112113064005
--------
nle(id0,id1,dist): 122 124 0.8822348685891692
list:
dist: 0.8822348685891692 vs. 0.8822348685891692
--------
nle(id0,id1,dist): 122 125 1.2693654998957866
list:
dist: 1.2693654998957866 vs. 1.2693654998957866
--------
nle(id0,id1,dist): 122 126 1.548025238521257
list:
dist: 1.548025238521257 vs. 1.548025238521257
--------
nle(id0,id1,dist): 123 129 1.023906757463229
list:
dist: 1.023906757463229 vs. 1.023906757463229
--------
nle(id0,id1,dist): 123 128 1.610963954644588
list:
dist: 1.610963954644588 vs. 1.610963954644588
--------
nle(id0,id1,dist): 123 127 0.7573221566171996
list:
dist: 0.7573221566171996 vs. 0.7573221566171996
--------
nle(id0,id1,dist): 123 126 2.5483800627585045
list:
dist: 2.5483800627585045 vs. 2.5483800627585045
--------
nle(id0,id1,dist): 123 125 1.231799454342033
list:
dist: 1.231799454342033 vs. 1.231799454342033
--------
nle(id0,id1,dist): 123 124 1.2940470654462606
list:
dist: 1.2940470654462606 vs. 1.2940470654462606
--------
nle(id0,id1,dist): 123 137 1.8691229516483188
list:
dist: 1.8691229516483188 vs. 1.8691229516483188
--------
nle(id0,id1,dist): 123 136 1.4014183930834125
list:
dist: 1.4014183930834125 vs. 1.4014183930834125
--------
nle(id0,id1,dist): 123 134 1.7958146000744024
list:
dist: 1.7958146000744024 vs. 1.7958146000744024
--------
nle(id0,id1,dist): 123 133 1.267725688053274
list:
dist: 1.267725688053274 vs. 1.267725688053274
--------
nle(id0,id1,dist): 123 132 0.8851977429518796
list:
dist: 0.8851977429518796 vs. 0.8851977429518796
--------
nle(id0,id1,dist): 123 131 2.198277423533203
list:
dist: 2.198277423533203 vs. 2.198277423533203
--------
nle(id0,id1,dist): 123 130 1.24997453660839
list:
dist: 1.24997453660839 vs. 1.24997453660839
--------
nle(id0,id1,dist): 122 145 2.7397119124621345
list:
dist: 2.7397119124621345 vs. 2.7397119124621345
--------
nle(id0,id1,dist): 122 146 3.299136203553272
list:
dist: 3.299136203553272 vs. 3.299136203553272
--------
nle(id0,id1,dist): 124 126 1.2617920687267576
list:
dist: 1.2617920687267576 vs. 1.2617920687267576
--------
nle(id0,id1,dist): 124 125 0.7366749908919313
list:
dist: 0.7366749908919313 vs. 0.7366749908919313
--------
nle(id0,id1,dist): 124 128 1.245421376713946
list:
dist: 1.245421376713946 vs. 1.245421376713946
--------
nle(id0,id1,dist): 124 127 1.2582595503391036
list:
dist: 1.2582595503391036 vs. 1.2582595503391036
--------
nle(id0,id1,dist): 124 130 1.0058207044603507
list:
dist: 1.0058207044603507 vs. 1.0058207044603507
--------
nle(id0,id1,dist): 124 129 1.0801069599696573
list:
dist: 1.0801069599696573 vs. 1.0801069599696573
--------
nle(id0,id1,dist): 124 132 1.180560475886004
list:
dist: 1.180560475886004 vs. 1.180560475886004
--------
nle(id0,id1,dist): 124 131 1.1041773699596307
list:
dist: 1.1041773699596307 vs. 1.1041773699596307
--------
nle(id0,id1,dist): 123 138 1.611170940107665
list:
dist: 1.611170940107665 vs. 1.611170940107665
--------
nle(id0,id1,dist): 123 139 2.376029070330013
list:
dist: 2.376029070330013 vs. 2.376029070330013
--------
nle(id0,id1,dist): 123 140 1.9362640885457045
list:
dist: 1.9362640885457045 vs. 1.9362640885457045
--------
nle(id0,id1,dist): 123 141 2.1156433797886143
list:
dist: 2.1156433797886143 vs. 2.1156433797886143
--------
nle(id0,id1,dist): 123 145 2.1191346003224836
list:
dist: 2.1191346003224836 vs. 2.1191346003224836
--------
nle(id0,id1,dist): 123 146 2.645419057265161
list:
dist: 2.645419057265161 vs. 2.645419057265161
--------
nle(id0,id1,dist): 124 149 2.7149584237107613
list:
dist: 2.7149584237107613 vs. 2.7149584237107613
--------
nle(id0,id1,dist): 125 127 0.9817091177109611
list:
dist: 0.9817091177109611 vs. 0.9817091177109611
--------
nle(id0,id1,dist): 125 126 1.7252732213930273
list:
dist: 1.7252732213930273 vs. 1.7252732213930273
--------
nle(id0,id1,dist): 124 135 2.3398871382097566
list:
dist: 2.3398871382097566 vs. 2.3398871382097566
--------
nle(id0,id1,dist): 124 136 1.6375444607873333
list:
dist: 1.6375444607873333 vs. 1.6375444607873333
--------
nle(id0,id1,dist): 124 133 0.6479989251998083
list:
dist: 0.6479989251998083 vs. 0.6479989251998083
--------
nle(id0,id1,dist): 124 134 1.1750463953453043
list:
dist: 1.1750463953453043 vs. 1.1750463953453043
--------
nle(id0,id1,dist): 124 139 1.5970174905545964
list:
dist: 1.5970174905545964 vs. 1.5970174905545964
--------
nle(id0,id1,dist): 124 140 1.5457003407562646
list:
dist: 1.5457003407562646 vs. 1.5457003407562646
--------
nle(id0,id1,dist): 124 137 1.1968062500539929
list:
dist: 1.1968062500539929 vs. 1.1968062500539929
--------
nle(id0,id1,dist): 124 138 1.541365172842525
list:
dist: 1.541365172842525 vs. 1.541365172842525
--------
nle(id0,id1,dist): 124 143 2.635548155421726
list:
dist: 2.635548155421726 vs. 2.635548155421726
--------
nle(id0,id1,dist): 124 144 3.4177370166748715
list:
dist: 3.4177370166748715 vs. 3.4177370166748715
--------
nle(id0,id1,dist): 124 141 1.5098227227085832
list:
dist: 1.5098227227085832 vs. 1.5098227227085832
--------
nle(id0,id1,dist): 124 142 2.4306954834216254
list:
dist: 2.4306954834216254 vs. 2.4306954834216254
--------
nle(id0,id1,dist): 124 147 3.004491371071378
list:
dist: 3.004491371071378 vs. 3.004491371071378
--------
nle(id0,id1,dist): 124 148 3.231858204136713
list:
dist: 3.231858204136713 vs. 3.231858204136713
--------
nle(id0,id1,dist): 124 145 2.0722552295595564
list:
dist: 2.0722552295595564 vs. 2.0722552295595564
--------
nle(id0,id1,dist): 124 146 2.549427986613959
list:
dist: 2.549427986613959 vs. 2.549427986613959
--------
nle(id0,id1,dist): 111 149 4.021333445340274
list:
dist: 4.021333445340274 vs. 4.021333445340274
--------
nle(id0,id1,dist): 111 147 3.3024810246941105
list:
dist: 3.3024810246941105 vs. 3.3024810246941105
--------
nle(id0,id1,dist): 111 143 3.6963312839274627
list:
dist: 3.6963312839274627 vs. 3.6963312839274627
--------
nle(id0,id1,dist): 111 142 3.2250052539465934
list:
dist: 3.2250052539465934 vs. 3.2250052539465934
--------
nle(id0,id1,dist): 111 135 3.088912701772175
list:
dist: 3.088912701772175 vs. 3.088912701772175
--------
nle(id0,id1,dist): 112 127 4.341429617851959
list:
dist: 4.341429617851959 vs. 4.341429617851959
--------
nle(id0,id1,dist): 112 128 3.5194404450548977
list:
dist: 3.5194404450548977 vs. 3.5194404450548977
--------
nle(id0,id1,dist): 112 125 3.9484661836731707
list:
dist: 3.9484661836731707 vs. 3.9484661836731707
--------
nle(id0,id1,dist): 112 126 3.145859243840202
list:
dist: 3.145859243840202 vs. 3.145859243840202
--------
nle(id0,id1,dist): 112 124 3.9419783081312083
list:
dist: 3.9419783081312083 vs. 3.9419783081312083
--------
nle(id0,id1,dist): 112 121 4.122829959377254
list:
dist: 4.122829959377254 vs. 4.122829959377254
--------
nle(id0,id1,dist): 112 119 1.8060180742849106
list:
dist: 1.8060180742849106 vs. 1.8060180742849106
--------
nle(id0,id1,dist): 112 117 1.0480635956126823
list:
dist: 1.0480635956126823 vs. 1.0480635956126823
--------
nle(id0,id1,dist): 112 118 0.9996834275805713
list:
dist: 0.9996834275805713 vs. 0.9996834275805713
--------
nle(id0,id1,dist): 112 115 1.9071131460526791
list:
dist: 1.9071131460526791 vs. 1.9071131460526791
--------
nle(id0,id1,dist): 112 116 1.8677228256386318
list:
dist: 1.8677228256386318 vs. 1.8677228256386318
--------
nle(id0,id1,dist): 112 113 1.188153741611013
list:
dist: 1.188153741611013 vs. 1.188153741611013
--------
nle(id0,id1,dist): 112 114 0.9126587884921954
list:
dist: 0.9126587884921954 vs. 0.9126587884921954
--------
nle(id0,id1,dist): 112 142 3.258136219973534
list:
dist: 3.258136219973534 vs. 3.258136219973534
--------
nle(id0,id1,dist): 112 141 3.858462251079013
list:
dist: 3.858462251079013 vs. 3.858462251079013
--------
nle(id0,id1,dist): 112 143 3.5954271472867267
list:
dist: 3.5954271472867267 vs. 3.5954271472867267
--------
nle(id0,id1,dist): 112 138 4.050853100004879
list:
dist: 4.050853100004879 vs. 4.050853100004879
--------
nle(id0,id1,dist): 112 137 3.298192843770372
list:
dist: 3.298192843770372 vs. 3.298192843770372
--------
nle(id0,id1,dist): 112 140 4.346431143646451
list:
dist: 4.346431143646451 vs. 4.346431143646451
--------
nle(id0,id1,dist): 112 139 2.8404081935853855
list:
dist: 2.8404081935853855 vs. 2.8404081935853855
--------
nle(id0,id1,dist): 112 133 3.8567731329719166
list:
dist: 3.8567731329719166 vs. 3.8567731329719166
--------
nle(id0,id1,dist): 112 136 4.560696212882926
list:
dist: 4.560696212882926 vs. 4.560696212882926
--------
nle(id0,id1,dist): 112 135 2.615843266303197
list:
dist: 2.615843266303197 vs. 2.615843266303197
--------
nle(id0,id1,dist): 112 130 4.647562837625401
list:
dist: 4.647562837625401 vs. 4.647562837625401
--------
nle(id0,id1,dist): 112 129 4.000859291789372
list:
dist: 4.000859291789372 vs. 4.000859291789372
--------
nle(id0,id1,dist): 112 132 4.52619929740293
list:
dist: 4.52619929740293 vs. 4.52619929740293
--------
nle(id0,id1,dist): 112 131 3.4033154852993444
list:
dist: 3.4033154852993444 vs. 3.4033154852993444
--------
nle(id0,id1,dist): 113 116 2.058249857011071
list:
dist: 2.058249857011071 vs. 2.058249857011071
--------
nle(id0,id1,dist): 113 117 1.5986982309795599
list:
dist: 1.5986982309795599 vs. 1.5986982309795599
--------
nle(id0,id1,dist): 113 118 1.26093499696566
list:
dist: 1.26093499696566 vs. 1.26093499696566
--------
nle(id0,id1,dist): 113 119 2.0325349471594967
list:
dist: 2.0325349471594967 vs. 2.0325349471594967
--------
nle(id0,id1,dist): 112 149 3.6958743747135796
list:
dist: 3.6958743747135796 vs. 3.6958743747135796
--------
nle(id0,id1,dist): 113 114 1.5146676305457258
list:
dist: 1.5146676305457258 vs. 1.5146676305457258
--------
nle(id0,id1,dist): 113 115 1.0987964967360977
list:
dist: 1.0987964967360977 vs. 1.0987964967360977
--------
nle(id0,id1,dist): 112 145 4.305837842063831
list:
dist: 4.305837842063831 vs. 4.305837842063831
--------
nle(id0,id1,dist): 112 146 4.065020820797417
list:
dist: 4.065020820797417 vs. 4.065020820797417
--------
nle(id0,id1,dist): 112 147 3.0937170512492926
list:
dist: 3.0937170512492926 vs. 3.0937170512492926
--------
nle(id0,id1,dist): 113 135 3.5074718645218326
list:
dist: 3.5074718645218326 vs. 3.5074718645218326
--------
nle(id0,id1,dist): 113 149 4.443625078881233
list:
dist: 4.443625078881233 vs. 4.443625078881233
--------
nle(id0,id1,dist): 114 117 0.5840920595865515
list:
dist: 0.5840920595865515 vs. 0.5840920595865515
--------
nle(id0,id1,dist): 114 118 0.4150308885771455
list:
dist: 0.4150308885771455 vs. 0.4150308885771455
--------
nle(id0,id1,dist): 114 115 1.665173887479833
list:
dist: 1.665173887479833 vs. 1.665173887479833
--------
nle(id0,id1,dist): 114 116 1.0421400044786955
list:
dist: 1.0421400044786955 vs. 1.0421400044786955
--------
nle(id0,id1,dist): 113 142 3.7292983035247205
list:
dist: 3.7292983035247205 vs. 3.7292983035247205
--------
nle(id0,id1,dist): 113 143 4.163386202520043
list:
dist: 4.163386202520043 vs. 4.163386202520043
--------
nle(id0,id1,dist): 113 147 3.7118173582691454
list:
dist: 3.7118173582691454 vs. 3.7118173582691454
--------
nle(id0,id1,dist): 114 128 3.6226644215115007
list:
dist: 3.6226644215115007 vs. 3.6226644215115007
--------
nle(id0,id1,dist): 114 127 4.314885103757395
list:
dist: 4.314885103757395 vs. 4.314885103757395
--------
nle(id0,id1,dist): 114 130 4.678602389220542
list:
dist: 4.678602389220542 vs. 4.678602389220542
--------
nle(id0,id1,dist): 114 129 4.017812321136413
list:
dist: 4.017812321136413 vs. 4.017812321136413
--------
nle(id0,id1,dist): 114 132 4.444635905393712
list:
dist: 4.444635905393712 vs. 4.444635905393712
--------
nle(id0,id1,dist): 114 131 3.496239213811914
list:
dist: 3.496239213811914 vs. 3.496239213811914
--------
nle(id0,id1,dist): 114 133 3.863306041968919
list:
dist: 3.863306041968919 vs. 3.863306041968919
--------
nle(id0,id1,dist): 114 119 1.0040376447560566
list:
dist: 1.0040376447560566 vs. 1.0040376447560566
--------
nle(id0,id1,dist): 114 121 4.51040995327315
list:
dist: 4.51040995327315 vs. 4.51040995327315
--------
nle(id0,id1,dist): 114 124 4.092868345213062
list:
dist: 4.092868345213062 vs. 4.092868345213062
--------
nle(id0,id1,dist): 114 126 3.4449029479370363
list:
dist: 3.4449029479370363 vs. 3.4449029479370363
--------
nle(id0,id1,dist): 114 125 4.12323928677039
list:
dist: 4.12323928677039 vs. 4.12323928677039
--------
nle(id0,id1,dist): 114 143 3.188246053032931
list:
dist: 3.188246053032931 vs. 3.188246053032931
--------
nle(id0,id1,dist): 114 145 4.016613045083172
list:
dist: 4.016613045083172 vs. 4.016613045083172
--------
nle(id0,id1,dist): 114 146 3.6466382763457736
list:
dist: 3.6466382763457736 vs. 3.6466382763457736
--------
nle(id0,id1,dist): 114 147 2.54018061560647
list:
dist: 2.54018061560647 vs. 2.54018061560647
--------
nle(id0,id1,dist): 114 149 3.2092535145841157
list:
dist: 3.2092535145841157 vs. 3.2092535145841157
--------
nle(id0,id1,dist): 114 135 2.2755841995519672
list:
dist: 2.2755841995519672 vs. 2.2755841995519672
--------
nle(id0,id1,dist): 114 136 4.375172124545176
list:
dist: 4.375172124545176 vs. 4.375172124545176
--------
nle(id0,id1,dist): 114 137 3.219615205877833
list:
dist: 3.219615205877833 vs. 3.219615205877833
--------
nle(id0,id1,dist): 114 138 3.8504898621706043
list:
dist: 3.8504898621706043 vs. 3.8504898621706043
--------
nle(id0,id1,dist): 114 139 2.7307174102055205
list:
dist: 2.7307174102055205 vs. 2.7307174102055205
--------
nle(id0,id1,dist): 114 140 4.248367728165516
list:
dist: 4.248367728165516 vs. 4.248367728165516
--------
nle(id0,id1,dist): 114 141 3.7497897494341776
list:
dist: 3.7497897494341776 vs. 3.7497897494341776
--------
nle(id0,id1,dist): 114 142 3.0231104286106243
list:
dist: 3.0231104286106243 vs. 3.0231104286106243
--------
nle(id0,id1,dist): 115 118 1.2761328136902166
list:
dist: 1.2761328136902166 vs. 1.2761328136902166
--------
nle(id0,id1,dist): 115 119 1.7951236858741124
list:
dist: 1.7951236858741124 vs. 1.7951236858741124
--------
nle(id0,id1,dist): 115 116 1.7537836454244455
list:
dist: 1.7537836454244455 vs. 1.7537836454244455
--------
nle(id0,id1,dist): 115 117 1.8601583831498394
list:
dist: 1.8601583831498394 vs. 1.8601583831498394
--------
nle(id0,id1,dist): 115 135 3.5408772359662106
list:
dist: 3.5408772359662106 vs. 3.5408772359662106
--------
nle(id0,id1,dist): 115 143 3.904568049485262
list:
dist: 3.904568049485262 vs. 3.904568049485262
--------
nle(id0,id1,dist): 115 142 3.559340533174456
list:
dist: 3.559340533174456 vs. 3.559340533174456
--------
nle(id0,id1,dist): 115 147 3.4266939864822152
list:
dist: 3.4266939864822152 vs. 3.4266939864822152
--------
nle(id0,id1,dist): 115 149 4.243380122641993
list:
dist: 4.243380122641993 vs. 4.243380122641993
--------
nle(id0,id1,dist): 116 117 0.9601608428916909
list:
dist: 0.9601608428916909 vs. 0.9601608428916909
--------
nle(id0,id1,dist): 116 118 1.105475982801676
list:
dist: 1.105475982801676 vs. 1.105475982801676
--------
nle(id0,id1,dist): 116 119 0.12649422747165232
list:
dist: 0.12649422747165232 vs. 0.12649422747165232
--------
nle(id0,id1,dist): 116 135 2.830020357700946
list:
dist: 2.830020357700946 vs. 2.830020357700946
--------
nle(id0,id1,dist): 116 143 3.5961253787739995
list:
dist: 3.5961253787739995 vs. 3.5961253787739995
--------
nle(id0,id1,dist): 116 142 3.602635056108158
list:
dist: 3.602635056108158 vs. 3.602635056108158
--------
nle(id0,id1,dist): 116 147 2.8260374856607346
list:
dist: 2.8260374856607346 vs. 2.8260374856607346
--------
nle(id0,id1,dist): 116 149 3.5181022700872373
list:
dist: 3.5181022700872373 vs. 3.5181022700872373
--------
nle(id0,id1,dist): 117 118 0.8600684739996596
list:
dist: 0.8600684739996596 vs. 0.8600684739996596
--------
nle(id0,id1,dist): 117 119 0.861937216827481
list:
dist: 0.861937216827481 vs. 0.861937216827481
--------
nle(id0,id1,dist): 117 135 2.697627635601473
list:
dist: 2.697627635601473 vs. 2.697627635601473
--------
nle(id0,id1,dist): 117 142 3.590891370145719
list:
dist: 3.590891370145719 vs. 3.590891370145719
--------
nle(id0,id1,dist): 117 143 3.7150179848178495
list:
dist: 3.7150179848178495 vs. 3.7150179848178495
--------
nle(id0,id1,dist): 117 147 3.0190070608234345
list:
dist: 3.0190070608234345 vs. 3.0190070608234345
--------
nle(id0,id1,dist): 117 149 3.6452625673424315
list:
dist: 3.6452625673424315 vs. 3.6452625673424315
--------
nle(id0,id1,dist): 118 119 1.1018096942725715
list:
dist: 1.1018096942725715 vs. 1.1018096942725715
--------
nle(id0,id1,dist): 106 109 1.410973003328647
list:
dist: 1.410973003328647 vs. 1.410973003328647
--------
nle(id0,id1,dist): 106 108 0.8136270993971888
list:
dist: 0.8136270993971888 vs. 0.8136270993971888
--------
nle(id0,id1,dist): 106 107 1.0668175848038965
list:
dist: 1.0668175848038965 vs. 1.0668175848038965
--------
nle(id0,id1,dist): 105 109 1.1862735438042704
list:
dist: 1.1862735438042704 vs. 1.1862735438042704
--------
nle(id0,id1,dist): 105 108 1.6768008667929968
list:
dist: 1.6768008667929968 vs. 1.6768008667929968
--------
nle(id0,id1,dist): 105 107 0.6476803298686294
list:
dist: 0.6476803298686294 vs. 0.6476803298686294
--------
nle(id0,id1,dist): 105 106 1.1837037372175876
list:
dist: 1.1837037372175876 vs. 1.1837037372175876
--------
nle(id0,id1,dist): 108 109 1.3076098152691638
list:
dist: 1.3076098152691638 vs. 1.3076098152691638
--------
nle(id0,id1,dist): 107 108 1.3109598769232345
list:
dist: 1.3109598769232345 vs. 1.3109598769232345
--------
nle(id0,id1,dist): 107 109 0.5823384848519171
list:
dist: 0.5823384848519171 vs. 0.5823384848519171
--------
nle(id0,id1,dist): 111 119 2.0742213904710023
list:
dist: 2.0742213904710023 vs. 2.0742213904710023
--------
nle(id0,id1,dist): 111 118 1.0833721852656912
list:
dist: 1.0833721852656912 vs. 1.0833721852656912
--------
nle(id0,id1,dist): 110 143 2.8545644260577623
list:
dist: 2.8545644260577623 vs. 2.8545644260577623
--------
nle(id0,id1,dist): 110 142 2.576910611549809
list:
dist: 2.576910611549809 vs. 2.576910611549809
--------
nle(id0,id1,dist): 111 116 2.0883985321551584
list:
dist: 2.0883985321551584 vs. 2.0883985321551584
--------
nle(id0,id1,dist): 111 117 1.6201554974135228
list:
dist: 1.6201554974135228 vs. 1.6201554974135228
--------
nle(id0,id1,dist): 111 114 1.356575518036693
list:
dist: 1.356575518036693 vs. 1.356575518036693
--------
nle(id0,id1,dist): 111 115 1.1967302362680623
list:
dist: 1.1967302362680623 vs. 1.1967302362680623
--------
nle(id0,id1,dist): 110 149 3.1118464676621356
list:
dist: 3.1118464676621356 vs. 3.1118464676621356
--------
nle(id0,id1,dist): 111 112 1.0039895727360966
list:
dist: 1.0039895727360966 vs. 1.0039895727360966
--------
nle(id0,id1,dist): 111 113 0.5323972220552052
list:
dist: 0.5323972220552052 vs. 0.5323972220552052
--------
nle(id0,id1,dist): 110 147 2.3320313992555826
list:
dist: 2.3320313992555826 vs. 2.3320313992555826
--------
nle(id0,id1,dist): 110 135 2.343190245146874
list:
dist: 2.343190245146874 vs. 2.343190245146874
--------
nle(id0,id1,dist): 110 111 1.134624635766512
list:
dist: 1.134624635766512 vs. 1.134624635766512
--------
nle(id0,id1,dist): 110 112 1.336489314985044
list:
dist: 1.336489314985044 vs. 1.336489314985044
--------
nle(id0,id1,dist): 110 113 1.4341576211095113
list:
dist: 1.4341576211095113 vs. 1.4341576211095113
--------
nle(id0,id1,dist): 110 114 0.8490790450223787
list:
dist: 0.8490790450223787 vs. 0.8490790450223787
--------
nle(id0,id1,dist): 110 119 1.4263073149144883
list:
dist: 1.4263073149144883 vs. 1.4263073149144883
--------
nle(id0,id1,dist): 110 115 1.199108220022765
list:
dist: 1.199108220022765 vs. 1.199108220022765
--------
nle(id0,id1,dist): 110 116 1.3890495640950058
list:
dist: 1.3890495640950058 vs. 1.3890495640950058
--------
nle(id0,id1,dist): 110 117 1.3616780861705273
list:
dist: 1.3616780861705273 vs. 1.3616780861705273
--------
nle(id0,id1,dist): 110 118 0.5127836249610067
list:
dist: 0.5127836249610067 vs. 0.5127836249610067
--------
nle(id0,id1,dist): 99 107 1.2364895915990706
list:
dist: 1.2364895915990706 vs. 1.2364895915990706
--------
nle(id0,id1,dist): 99 106 1.4726808875978077
list:
dist: 1.4726808875978077 vs. 1.4726808875978077
--------
nle(id0,id1,dist): 99 109 1.3380063213521625
list:
dist: 1.3380063213521625 vs. 1.3380063213521625
--------
nle(id0,id1,dist): 99 108 1.4411089537256456
list:
dist: 1.4411089537256456 vs. 1.4411089537256456
--------
nle(id0,id1,dist): 99 101 0.9732065208831441
list:
dist: 0.9732065208831441 vs. 0.9732065208831441
--------
nle(id0,id1,dist): 99 100 1.4711160240889056
list:
dist: 1.4711160240889056 vs. 1.4711160240889056
--------
nle(id0,id1,dist): 99 103 0.6586902633287331
list:
dist: 0.6586902633287331 vs. 0.6586902633287331
--------
nle(id0,id1,dist): 99 102 1.2118740910972738
list:
dist: 1.2118740910972738 vs. 1.2118740910972738
--------
nle(id0,id1,dist): 99 105 1.2015867007420964
list:
dist: 1.2015867007420964 vs. 1.2015867007420964
--------
nle(id0,id1,dist): 99 104 0.7765609483981168
list:
dist: 0.7765609483981168 vs. 0.7765609483981168
--------
nle(id0,id1,dist): 98 106 1.3803589645530483
list:
dist: 1.3803589645530483 vs. 1.3803589645530483
--------
nle(id0,id1,dist): 98 105 1.5145840851724268
list:
dist: 1.5145840851724268 vs. 1.5145840851724268
--------
nle(id0,id1,dist): 98 104 0.5886520308450054
list:
dist: 0.5886520308450054 vs. 0.5886520308450054
--------
nle(id0,id1,dist): 98 103 0.4860181371085788
list:
dist: 0.4860181371085788 vs. 0.4860181371085788
--------
nle(id0,id1,dist): 98 109 1.26583115745413
list:
dist: 1.26583115745413 vs. 1.26583115745413
--------
nle(id0,id1,dist): 98 108 1.0490509348715504
list:
dist: 1.0490509348715504 vs. 1.0490509348715504
--------
nle(id0,id1,dist): 98 107 1.324195070211627
list:
dist: 1.324195070211627 vs. 1.324195070211627
--------
nle(id0,id1,dist): 101 103 1.15174251639011
list:
dist: 1.15174251639011 vs. 1.15174251639011
--------
nle(id0,id1,dist): 101 102 0.5698869771575149
list:
dist: 0.5698869771575149 vs. 0.5698869771575149
--------
nle(id0,id1,dist): 101 108 1.8946911282800243
list:
dist: 1.8946911282800243 vs. 1.8946911282800243
--------
nle(id0,id1,dist): 101 109 1.896314369539574
list:
dist: 1.896314369539574 vs. 1.896314369539574
--------
nle(id0,id1,dist): 101 104 1.5085563398389714
list:
dist: 1.5085563398389714 vs. 1.5085563398389714
--------
nle(id0,id1,dist): 101 105 1.0153229864633635
list:
dist: 1.0153229864633635 vs. 1.0153229864633635
--------
nle(id0,id1,dist): 101 106 1.477006193515125
list:
dist: 1.477006193515125 vs. 1.477006193515125
--------
nle(id0,id1,dist): 101 107 1.4857714329848015
list:
dist: 1.4857714329848015 vs. 1.4857714329848015
--------
nle(id0,id1,dist): 100 108 1.0570093358104795
list:
dist: 1.0570093358104795 vs. 1.0570093358104795
--------
nle(id0,id1,dist): 100 107 1.1096257720772222
list:
dist: 1.1096257720772222 vs. 1.1096257720772222
--------
nle(id0,id1,dist): 100 106 0.2684258215324127
list:
dist: 0.2684258215324127 vs. 0.2684258215324127
--------
nle(id0,id1,dist): 100 105 1.0733903764897628
list:
dist: 1.0733903764897628 vs. 1.0733903764897628
--------
nle(id0,id1,dist): 100 104 1.3122708586077783
list:
dist: 1.3122708586077783 vs. 1.3122708586077783
--------
nle(id0,id1,dist): 100 103 1.1305359240449826
list:
dist: 1.1305359240449826 vs. 1.1305359240449826
--------
nle(id0,id1,dist): 100 102 1.253117145897413
list:
dist: 1.253117145897413 vs. 1.253117145897413
--------
nle(id0,id1,dist): 100 101 1.3049313401793412
list:
dist: 1.3049313401793412 vs. 1.3049313401793412
--------
nle(id0,id1,dist): 100 109 1.536630534150957
list:
dist: 1.536630534150957 vs. 1.536630534150957
--------
nle(id0,id1,dist): 103 105 1.3998627456491446
list:
dist: 1.3998627456491446 vs. 1.3998627456491446
--------
nle(id0,id1,dist): 103 104 0.8273029196285986
list:
dist: 0.8273029196285986 vs. 0.8273029196285986
--------
nle(id0,id1,dist): 103 107 1.3435984443751392
list:
dist: 1.3435984443751392 vs. 1.3435984443751392
--------
nle(id0,id1,dist): 103 106 1.081375125132846
list:
dist: 1.081375125132846 vs. 1.081375125132846
--------
nle(id0,id1,dist): 103 109 1.4705895171914294
list:
dist: 1.4705895171914294 vs. 1.4705895171914294
--------
nle(id0,id1,dist): 103 108 0.9517634510794083
list:
dist: 0.9517634510794083 vs. 0.9517634510794083
--------
nle(id0,id1,dist): 102 106 1.4399670678603007
list:
dist: 1.4399670678603007 vs. 1.4399670678603007
--------
nle(id0,id1,dist): 102 105 0.5913806897600341
list:
dist: 0.5913806897600341 vs. 0.5913806897600341
--------
nle(id0,id1,dist): 102 104 1.5257649232326338
list:
dist: 1.5257649232326338 vs. 1.5257649232326338
--------
nle(id0,id1,dist): 102 103 1.4470754820530065
list:
dist: 1.4470754820530065 vs. 1.4470754820530065
--------
nle(id0,id1,dist): 102 109 1.7033744568876923
list:
dist: 1.7033744568876923 vs. 1.7033744568876923
--------
nle(id0,id1,dist): 102 108 1.9784263614232278
list:
dist: 1.9784263614232278 vs. 1.9784263614232278
--------
nle(id0,id1,dist): 102 107 1.2060225626647587
list:
dist: 1.2060225626647587 vs. 1.2060225626647587
--------
nle(id0,id1,dist): 104 109 0.6816160161690483
list:
dist: 0.6816160161690483 vs. 0.6816160161690483
--------
nle(id0,id1,dist): 104 105 1.189308882870835
list:
dist: 1.189308882870835 vs. 1.189308882870835
--------
nle(id0,id1,dist): 104 106 1.1907684540203043
list:
dist: 1.1907684540203043 vs. 1.1907684540203043
--------
nle(id0,id1,dist): 104 107 0.8091037527067311
list:
dist: 0.8091037527067311 vs. 0.8091037527067311
--------
nle(id0,id1,dist): 104 108 0.9541028093214466
list:
dist: 0.9541028093214466 vs. 0.9541028093214466
--------
nle(id0,id1,dist): 147 149 0.8436761068225745
list:
dist: 0.8436761068225745 vs. 0.8436761068225745
--------
nle(id0,id1,dist): 147 148 0.8862745475353256
list:
dist: 0.8862745475353256 vs. 0.8862745475353256
--------
nle(id0,id1,dist): 148 149 0.5809329334642748
list:
dist: 0.5809329334642748 vs. 0.5809329334642748
--------
nle(id0,id1,dist): 146 147 1.2090913599788677
list:
dist: 1.2090913599788677 vs. 1.2090913599788677
--------
nle(id0,id1,dist): 146 148 0.8190818897230967
list:
dist: 0.8190818897230967 vs. 0.8190818897230967
--------
nle(id0,id1,dist): 146 149 0.6332847893124749
list:
dist: 0.6332847893124749 vs. 0.6332847893124749
--------
nle(id0,id1,dist): 144 148 0.44439131660629266
list:
dist: 0.44439131660629266 vs. 0.44439131660629266
--------
nle(id0,id1,dist): 144 147 1.3006056875735026
list:
dist: 1.3006056875735026 vs. 1.3006056875735026
--------
nle(id0,id1,dist): 144 146 0.8801498942756874
list:
dist: 0.8801498942756874 vs. 0.8801498942756874
--------
nle(id0,id1,dist): 144 145 1.5063766085129082
list:
dist: 1.5063766085129082 vs. 1.5063766085129082
--------
nle(id0,id1,dist): 144 149 0.906046085437617
list:
dist: 0.906046085437617 vs. 0.906046085437617
--------
nle(id0,id1,dist): 145 149 1.223473329574013
list:
dist: 1.223473329574013 vs. 1.223473329574013
--------
nle(id0,id1,dist): 145 148 1.505795492354819
list:
dist: 1.505795492354819 vs. 1.505795492354819
--------
nle(id0,id1,dist): 145 147 1.7673567052491563
list:
dist: 1.7673567052491563 vs. 1.7673567052491563
--------
nle(id0,id1,dist): 145 146 0.6872156420084646
list:
dist: 0.6872156420084646 vs. 0.6872156420084646
--------
nle(id0,id1,dist): 142 149 1.7118677018650403
list:
dist: 1.7118677018650403 vs. 1.7118677018650403
--------
nle(id0,id1,dist): 142 147 1.3956626250351156
list:
dist: 1.3956626250351156 vs. 1.3956626250351156
--------
nle(id0,id1,dist): 142 148 1.8529349179814254
list:
dist: 1.8529349179814254 vs. 1.8529349179814254
--------
nle(id0,id1,dist): 142 145 1.5778696957574854
list:
dist: 1.5778696957574854 vs. 1.5778696957574854
--------
nle(id0,id1,dist): 142 146 1.5169053433651338
list:
dist: 1.5169053433651338 vs. 1.5169053433651338
--------
nle(id0,id1,dist): 142 143 0.8513758823991037
list:
dist: 0.8513758823991037 vs. 0.8513758823991037
--------
nle(id0,id1,dist): 142 144 2.0619100617032253
list:
dist: 2.0619100617032253 vs. 2.0619100617032253
--------
nle(id0,id1,dist): 143 146 0.7630943999509511
list:
dist: 0.7630943999509511 vs. 0.7630943999509511
--------
nle(id0,id1,dist): 143 147 0.8767834801815048
list:
dist: 0.8767834801815048 vs. 0.8767834801815048
--------
nle(id0,id1,dist): 143 148 1.0230200706446893
list:
dist: 1.0230200706446893 vs. 1.0230200706446893
--------
nle(id0,id1,dist): 143 149 0.9659975144678398
list:
dist: 0.9659975144678398 vs. 0.9659975144678398
--------
nle(id0,id1,dist): 143 144 1.2159558729253768
list:
dist: 1.2159558729253768 vs. 1.2159558729253768
--------
nle(id0,id1,dist): 143 145 1.13048730473916
list:
dist: 1.13048730473916 vs. 1.13048730473916
--------
nle(id0,id1,dist): 141 142 1.1464820835894645
list:
dist: 1.1464820835894645 vs. 1.1464820835894645
--------
nle(id0,id1,dist): 141 143 1.3201165431239146
list:
dist: 1.3201165431239146 vs. 1.3201165431239146
--------
nle(id0,id1,dist): 140 149 2.0754242107889147
list:
dist: 2.0754242107889147 vs. 2.0754242107889147
--------
nle(id0,id1,dist): 141 145 0.9739995487383886
list:
dist: 0.9739995487383886 vs. 0.9739995487383886
--------
nle(id0,id1,dist): 141 144 2.25827268239424
list:
dist: 2.25827268239424 vs. 2.25827268239424
--------
nle(id0,id1,dist): 141 147 1.9902534240606193
list:
dist: 1.9902534240606193 vs. 1.9902534240606193
--------
nle(id0,id1,dist): 141 146 1.4157715836877907
list:
dist: 1.4157715836877907 vs. 1.4157715836877907
--------
nle(id0,id1,dist): 141 149 1.7953859171926074
list:
dist: 1.7953859171926074 vs. 1.7953859171926074
--------
nle(id0,id1,dist): 141 148 2.137382528487083
list:
dist: 2.137382528487083 vs. 2.137382528487083
--------
nle(id0,id1,dist): 139 144 2.319736450087297
list:
dist: 2.319736450087297 vs. 2.319736450087297
--------
nle(id0,id1,dist): 139 145 1.5605543615630937
list:
dist: 1.5605543615630937 vs. 1.5605543615630937
--------
nle(id0,id1,dist): 139 142 1.2747290643416824
list:
dist: 1.2747290643416824 vs. 1.2747290643416824
--------
nle(id0,id1,dist): 139 143 1.4000506398984953
list:
dist: 1.4000506398984953 vs. 1.4000506398984953
--------
nle(id0,id1,dist): 139 140 1.61468977515613
list:
dist: 1.61468977515613 vs. 1.61468977515613
--------
nle(id0,id1,dist): 139 141 1.1601326243001524
list:
dist: 1.1601326243001524 vs. 1.1601326243001524
--------
nle(id0,id1,dist): 139 148 2.000429293359385
list:
dist: 2.000429293359385 vs. 2.000429293359385
--------
nle(id0,id1,dist): 139 149 1.5250119386719008
list:
dist: 1.5250119386719008 vs. 1.5250119386719008
--------
nle(id0,id1,dist): 139 146 1.593356905277441
list:
dist: 1.593356905277441 vs. 1.593356905277441
--------
nle(id0,id1,dist): 139 147 1.500660670755429
list:
dist: 1.500660670755429 vs. 1.500660670755429
--------
nle(id0,id1,dist): 140 145 0.9949912303539254
list:
dist: 0.9949912303539254 vs. 0.9949912303539254
--------
nle(id0,id1,dist): 140 146 1.5997518058479618
list:
dist: 1.5997518058479618 vs. 1.5997518058479618
--------
nle(id0,id1,dist): 140 147 2.3909589131572306
list:
dist: 2.3909589131572306 vs. 2.3909589131572306
--------
nle(id0,id1,dist): 140 148 2.389429823469967
list:
dist: 2.389429823469967 vs. 2.389429823469967
--------
nle(id0,id1,dist): 140 141 0.5011333092775125
list:
dist: 0.5011333092775125 vs. 0.5011333092775125
--------
nle(id0,id1,dist): 140 142 1.569180073108837
list:
dist: 1.569180073108837 vs. 1.569180073108837
--------
nle(id0,id1,dist): 140 143 1.6577925382828202
list:
dist: 1.6577925382828202 vs. 1.6577925382828202
--------
nle(id0,id1,dist): 140 144 2.429171690734077
list:
dist: 2.429171690734077 vs. 2.429171690734077
--------
nle(id0,id1,dist): 138 141 0.9511050694482724
list:
dist: 0.9511050694482724 vs. 0.9511050694482724
--------
nle(id0,id1,dist): 138 142 1.7608545307046506
list:
dist: 1.7608545307046506 vs. 1.7608545307046506
--------
nle(id0,id1,dist): 138 139 1.2365981045063543
list:
dist: 1.2365981045063543 vs. 1.2365981045063543
--------
nle(id0,id1,dist): 138 140 1.0372391889277364
list:
dist: 1.0372391889277364 vs. 1.0372391889277364
--------
nle(id0,id1,dist): 138 149 1.3486749435396694
list:
dist: 1.3486749435396694 vs. 1.3486749435396694
--------
nle(id0,id1,dist): 138 148 1.8143394784252986
list:
dist: 1.8143394784252986 vs. 1.8143394784252986
--------
nle(id0,id1,dist): 138 147 1.9008087988550113
list:
dist: 1.9008087988550113 vs. 1.9008087988550113
--------
nle(id0,id1,dist): 138 146 1.0787475645517066
list:
dist: 1.0787475645517066 vs. 1.0787475645517066
--------
nle(id0,id1,dist): 138 145 0.6497401827391577
list:
dist: 0.6497401827391577 vs. 0.6497401827391577
--------
nle(id0,id1,dist): 138 144 1.9266789032127278
list:
dist: 1.9266789032127278 vs. 1.9266789032127278
--------
nle(id0,id1,dist): 138 143 1.4633162759625045
list:
dist: 1.4633162759625045 vs. 1.4633162759625045
--------
nle(id0,id1,dist): 137 144 2.363603653460047
list:
dist: 2.363603653460047 vs. 2.363603653460047
--------
nle(id0,id1,dist): 137 145 1.320863432020858
list:
dist: 1.320863432020858 vs. 1.320863432020858
--------
nle(id0,id1,dist): 137 146 1.5434154005669627
list:
dist: 1.5434154005669627 vs. 1.5434154005669627
--------
nle(id0,id1,dist): 137 147 1.8109900246621864
list:
dist: 1.8109900246621864 vs. 1.8109900246621864
--------
nle(id0,id1,dist): 137 140 1.303076130462161
list:
dist: 1.303076130462161 vs. 1.303076130462161
--------
nle(id0,id1,dist): 137 141 0.9524656385713105
list:
dist: 0.9524656385713105 vs. 0.9524656385713105
--------
nle(id0,id1,dist): 137 142 1.5236358183612473
list:
dist: 1.5236358183612473 vs. 1.5236358183612473
--------
nle(id0,id1,dist): 137 143 1.557012067037198
list:
dist: 1.557012067037198 vs. 1.557012067037198
--------
nle(id0,id1,dist): 137 138 0.8491274335672605
list:
dist: 0.8491274335672605 vs. 0.8491274335672605
--------
nle(id0,id1,dist): 137 139 0.5152152443058821
list:
dist: 0.5152152443058821 vs. 0.5152152443058821
--------
nle(id0,id1,dist): 137 149 1.5928301334227255
list:
dist: 1.5928301334227255 vs. 1.5928301334227255
--------
nle(id0,id1,dist): 137 148 2.110046708026045
list:
dist: 2.110046708026045 vs. 2.110046708026045
--------
nle(id0,id1,dist): 136 147 2.348348143727356
list:
dist: 2.348348143727356 vs. 2.348348143727356
--------
nle(id0,id1,dist): 136 148 2.1223888416439456
list:
dist: 2.1223888416439456 vs. 2.1223888416439456
--------
nle(id0,id1,dist): 136 145 0.7402717906459456
list:
dist: 0.7402717906459456 vs. 0.7402717906459456
--------
nle(id0,id1,dist): 136 146 1.3411919003764947
list:
dist: 1.3411919003764947 vs. 1.3411919003764947
--------
nle(id0,id1,dist): 136 149 1.7303238232167149
list:
dist: 1.7303238232167149 vs. 1.7303238232167149
--------
nle(id0,id1,dist): 136 139 1.7294565518109932
list:
dist: 1.7294565518109932 vs. 1.7294565518109932
--------
nle(id0,id1,dist): 136 140 0.9804320137281639
list:
dist: 0.9804320137281639 vs. 0.9804320137281639
--------
nle(id0,id1,dist): 136 137 1.2990036318438485
list:
dist: 1.2990036318438485 vs. 1.2990036318438485
--------
nle(id0,id1,dist): 136 138 0.5268186393885458
list:
dist: 0.5268186393885458 vs. 0.5268186393885458
--------
nle(id0,id1,dist): 136 143 1.8114197671476777
list:
dist: 1.8114197671476777 vs. 1.8114197671476777
--------
nle(id0,id1,dist): 136 144 2.1340003834969297
list:
dist: 2.1340003834969297 vs. 2.1340003834969297
--------
nle(id0,id1,dist): 136 141 1.1475355872967827
list:
dist: 1.1475355872967827 vs. 1.1475355872967827
--------
nle(id0,id1,dist): 136 142 2.108962379045212
list:
dist: 2.108962379045212 vs. 2.108962379045212
--------
nle(id0,id1,dist): 135 142 1.6980515249006807
list:
dist: 1.6980515249006807 vs. 1.6980515249006807
--------
nle(id0,id1,dist): 135 143 1.4838926194910045
list:
dist: 1.4838926194910045 vs. 1.4838926194910045
--------
nle(id0,id1,dist): 135 144 2.0468876893481758
list:
dist: 2.0468876893481758 vs. 2.0468876893481758
--------
nle(id0,id1,dist): 135 145 1.8882286404417274
list:
dist: 1.8882286404417274 vs. 1.8882286404417274
--------
nle(id0,id1,dist): 135 146 1.5995182443111928
list:
dist: 1.5995182443111928 vs. 1.5995182443111928
--------
nle(id0,id1,dist): 135 147 1.055910219976659
list:
dist: 1.055910219976659 vs. 1.055910219976659
--------
nle(id0,id1,dist): 135 148 1.636864524813078
list:
dist: 1.636864524813078 vs. 1.636864524813078
--------
nle(id0,id1,dist): 135 149 1.1865896677464316
list:
dist: 1.1865896677464316 vs. 1.1865896677464316
--------
nle(id0,id1,dist): 134 149 2.4462792459919624
list:
dist: 2.4462792459919624 vs. 2.4462792459919624
--------
nle(id0,id1,dist): 134 148 2.8172906773292845
list:
dist: 2.8172906773292845 vs. 2.8172906773292845
--------
nle(id0,id1,dist): 134 147 2.7112099205974824
list:
dist: 2.7112099205974824 vs. 2.7112099205974824
--------
nle(id0,id1,dist): 135 140 2.3186528547765226
list:
dist: 2.3186528547765226 vs. 2.3186528547765226
--------
nle(id0,id1,dist): 135 141 1.8873229415316757
list:
dist: 1.8873229415316757 vs. 1.8873229415316757
--------
nle(id0,id1,dist): 135 138 1.6434086152896799
list:
dist: 1.6434086152896799 vs. 1.6434086152896799
--------
nle(id0,id1,dist): 135 139 0.8903297185977611
list:
dist: 0.8903297185977611 vs. 0.8903297185977611
--------
nle(id0,id1,dist): 135 136 2.1666405491967184
list:
dist: 2.1666405491967184 vs. 2.1666405491967184
--------
nle(id0,id1,dist): 135 137 1.2227918290119504
list:
dist: 1.2227918290119504 vs. 1.2227918290119504
--------
nle(id0,id1,dist): 134 136 1.2591737630472808
list:
dist: 1.2591737630472808 vs. 1.2591737630472808
--------
nle(id0,id1,dist): 134 137 1.3170996922817708
list:
dist: 1.3170996922817708 vs. 1.3170996922817708
--------
nle(id0,id1,dist): 134 138 1.2976420097920618
list:
dist: 1.2976420097920618 vs. 1.2976420097920618
--------
nle(id0,id1,dist): 134 143 2.0484400689517805
list:
dist: 2.0484400689517805 vs. 2.0484400689517805
--------
nle(id0,id1,dist): 134 144 2.90046695580577
list:
dist: 2.90046695580577 vs. 2.90046695580577
--------
nle(id0,id1,dist): 134 145 1.4558787030409905
list:
dist: 1.4558787030409905 vs. 1.4558787030409905
--------
nle(id0,id1,dist): 134 146 2.0441763016404346
list:
dist: 2.0441763016404346 vs. 2.0441763016404346
--------
nle(id0,id1,dist): 134 139 1.6577698368144846
list:
dist: 1.6577698368144846 vs. 1.6577698368144846
--------
nle(id0,id1,dist): 134 140 0.524565844884242
list:
dist: 0.524565844884242 vs. 0.524565844884242
--------
nle(id0,id1,dist): 134 141 0.7351872613317514
list:
dist: 0.7351872613317514 vs. 0.7351872613317514
--------
nle(id0,id1,dist): 134 142 1.8005926461575568
list:
dist: 1.8005926461575568 vs. 1.8005926461575568
--------
nle(id0,id1,dist): 133 135 1.885976627131746
list:
dist: 1.885976627131746 vs. 1.885976627131746
--------
nle(id0,id1,dist): 133 134 0.9757811126659066
list:
dist: 0.9757811126659066 vs. 0.9757811126659066
--------
nle(id0,id1,dist): 133 138 0.8979012776440144
list:
dist: 0.8979012776440144 vs. 0.8979012776440144
--------
nle(id0,id1,dist): 133 139 1.188760321818601
list:
dist: 1.188760321818601 vs. 1.188760321818601
--------
nle(id0,id1,dist): 133 136 1.0770946740867129
list:
dist: 1.0770946740867129 vs. 1.0770946740867129
--------
nle(id0,id1,dist): 133 137 0.695142575906084
list:
dist: 0.695142575906084 vs. 0.695142575906084
--------
nle(id0,id1,dist): 133 142 2.0012468510075467
list:
dist: 2.0012468510075467 vs. 2.0012468510075467
--------
nle(id0,id1,dist): 133 143 2.0594179378854864
list:
dist: 2.0594179378854864 vs. 2.0594179378854864
--------
nle(id0,id1,dist): 133 140 1.1332145047698146
list:
dist: 1.1332145047698146 vs. 1.1332145047698146
--------
nle(id0,id1,dist): 133 141 1.04508079910219
list:
dist: 1.04508079910219 vs. 1.04508079910219
--------
nle(id0,id1,dist): 133 146 1.90822230441637
list:
dist: 1.90822230441637 vs. 1.90822230441637
--------
nle(id0,id1,dist): 133 147 2.4486647537573627
list:
dist: 2.4486647537573627 vs. 2.4486647537573627
--------
nle(id0,id1,dist): 133 144 2.7743212005947813
list:
dist: 2.7743212005947813 vs. 2.7743212005947813
--------
nle(id0,id1,dist): 133 145 1.4501710969482493
list:
dist: 1.4501710969482493 vs. 1.4501710969482493
--------
nle(id0,id1,dist): 133 148 2.6009548563455236
list:
dist: 2.6009548563455236 vs. 2.6009548563455236
--------
nle(id0,id1,dist): 133 149 2.0912012658644734
list:
dist: 2.0912012658644734 vs. 2.0912012658644734
--------
nle(id0,id1,dist): 132 134 1.1608281979238395
list:
dist: 1.1608281979238395 vs. 1.1608281979238395
--------
nle(id0,id1,dist): 132 133 0.7539812484181514
list:
dist: 0.7539812484181514 vs. 0.7539812484181514
--------
nle(id0,id1,dist): 132 136 0.5705666094856879
list:
dist: 0.5705666094856879 vs. 0.5705666094856879
--------
nle(id0,id1,dist): 132 135 2.2885123345386127
list:
dist: 2.2885123345386127 vs. 2.2885123345386127
--------
nle(id0,id1,dist): 132 138 0.7939558391816635
list:
dist: 0.7939558391816635 vs. 0.7939558391816635
--------
nle(id0,id1,dist): 132 137 1.2485745655018883
list:
dist: 1.2485745655018883 vs. 1.2485745655018883
--------
nle(id0,id1,dist): 132 140 1.1341499424870343
list:
dist: 1.1341499424870343 vs. 1.1341499424870343
--------
nle(id0,id1,dist): 132 139 1.753802640260736
list:
dist: 1.753802640260736 vs. 1.753802640260736
--------
nle(id0,id1,dist): 132 141 1.3006146792849653
list:
dist: 1.3006146792849653 vs. 1.3006146792849653
--------
nle(id0,id1,dist): 132 142 2.3666025832177784
list:
dist: 2.3666025832177784 vs. 2.3666025832177784
--------
nle(id0,id1,dist): 132 143 2.213592039215286
list:
dist: 2.213592039215286 vs. 2.213592039215286
--------
nle(id0,id1,dist): 132 144 2.646721650552085
list:
dist: 2.646721650552085 vs. 2.646721650552085
--------
nle(id0,id1,dist): 132 145 1.2546547425322256
list:
dist: 1.2546547425322256 vs. 1.2546547425322256
--------
nle(id0,id1,dist): 132 146 1.8264971309651172
list:
dist: 1.8264971309651172 vs. 1.8264971309651172
--------
nle(id0,id1,dist): 132 147 2.685651682907087
list:
dist: 2.685651682907087 vs. 2.685651682907087
--------
nle(id0,id1,dist): 132 148 2.581693445006897
list:
dist: 2.581693445006897 vs. 2.581693445006897
--------
nle(id0,id1,dist): 132 149 2.120082360540244
list:
dist: 2.120082360540244 vs. 2.120082360540244
--------
nle(id0,id1,dist): 131 147 2.381116764143289
list:
dist: 2.381116764143289 vs. 2.381116764143289
--------
nle(id0,id1,dist): 131 146 2.1461469320339455
list:
dist: 2.1461469320339455 vs. 2.1461469320339455
--------
nle(id0,id1,dist): 131 149 2.3519382197121415
list:
dist: 2.3519382197121415 vs. 2.3519382197121415
--------
nle(id0,id1,dist): 131 148 2.7680030948534435
list:
dist: 2.7680030948534435 vs. 2.7680030948534435
--------
nle(id0,id1,dist): 131 142 1.4580003401184856
list:
dist: 1.4580003401184856 vs. 1.4580003401184856
--------
nle(id0,id1,dist): 131 143 1.9262613601070124
list:
dist: 1.9262613601070124 vs. 1.9262613601070124
--------
nle(id0,id1,dist): 131 144 2.9799824808647526
list:
dist: 2.9799824808647526 vs. 2.9799824808647526
--------
nle(id0,id1,dist): 131 145 1.7849961861720283
list:
dist: 1.7849961861720283 vs. 1.7849961861720283
--------
nle(id0,id1,dist): 131 138 1.5061143249025228
list:
dist: 1.5061143249025228 vs. 1.5061143249025228
--------
nle(id0,id1,dist): 131 139 1.074735082508117
list:
dist: 1.074735082508117 vs. 1.074735082508117
--------
nle(id0,id1,dist): 131 140 1.1738331917731823
list:
dist: 1.1738331917731823 vs. 1.1738331917731823
--------
nle(id0,id1,dist): 131 141 0.8770668139905713
list:
dist: 0.8770668139905713 vs. 0.8770668139905713
--------
nle(id0,id1,dist): 131 134 0.9151484959629594
list:
dist: 0.9151484959629594 vs. 0.9151484959629594
--------
nle(id0,id1,dist): 131 135 1.9647201223560105
list:
dist: 1.9647201223560105 vs. 1.9647201223560105
--------
nle(id0,id1,dist): 131 136 1.761864441248194
list:
dist: 1.761864441248194 vs. 1.761864441248194
--------
nle(id0,id1,dist): 131 137 0.9605411038155939
list:
dist: 0.9605411038155939 vs. 0.9605411038155939
--------
nle(id0,id1,dist): 131 132 1.6330002387136782
list:
dist: 1.6330002387136782 vs. 1.6330002387136782
--------
nle(id0,id1,dist): 131 133 1.0013765929705152
list:
dist: 1.0013765929705152 vs. 1.0013765929705152
--------
nle(id0,id1,dist): 130 149 2.672227586696262
list:
dist: 2.672227586696262 vs. 2.672227586696262
--------
nle(id0,id1,dist): 130 147 3.079160564406889
list:
dist: 3.079160564406889 vs. 3.079160564406889
--------
nle(id0,id1,dist): 130 148 3.089257995308383
list:
dist: 3.089257995308383 vs. 3.089257995308383
--------
nle(id0,id1,dist): 130 145 1.647281140282599
list:
dist: 1.647281140282599 vs. 1.647281140282599
--------
nle(id0,id1,dist): 130 146 2.291311704295831
list:
dist: 2.291311704295831 vs. 2.291311704295831
--------
nle(id0,id1,dist): 130 143 2.472412302533514
list:
dist: 2.472412302533514 vs. 2.472412302533514
--------
nle(id0,id1,dist): 130 144 3.148750389676798
list:
dist: 3.148750389676798 vs. 3.148750389676798
--------
nle(id0,id1,dist): 130 141 1.2266361152908518
list:
dist: 1.2266361152908518 vs. 1.2266361152908518
--------
nle(id0,id1,dist): 130 142 2.3599549330275664
list:
dist: 2.3599549330275664 vs. 2.3599549330275664
--------
nle(id0,id1,dist): 130 139 1.9751557356660705
list:
dist: 1.9751557356660705 vs. 1.9751557356660705
--------
nle(id0,id1,dist): 130 140 0.9263152983889739
list:
dist: 0.9263152983889739 vs. 0.9263152983889739
--------
nle(id0,id1,dist): 130 137 1.5224024184075495
list:
dist: 1.5224024184075495 vs. 1.5224024184075495
--------
nle(id0,id1,dist): 130 138 1.3552144342974362
list:
dist: 1.3552144342974362 vs. 1.3552144342974362
--------
nle(id0,id1,dist): 130 135 2.7239170230238012
list:
dist: 2.7239170230238012 vs. 2.7239170230238012
--------
nle(id0,id1,dist): 130 136 1.1536309867555812
list:
dist: 1.1536309867555812 vs. 1.1536309867555812
--------
nle(id0,id1,dist): 130 132 0.8344406227522496
list:
dist: 0.8344406227522496 vs. 0.8344406227522496
--------
nle(id0,id1,dist): 130 131 1.3536250421943663
list:
dist: 1.3536250421943663 vs. 1.3536250421943663
--------
nle(id0,id1,dist): 130 134 0.6308708495926442
list:
dist: 0.6308708495926442 vs. 0.6308708495926442
--------
nle(id0,id1,dist): 130 133 0.9262815666841728
list:
dist: 0.9262815666841728 vs. 0.9262815666841728
--------
nle(id0,id1,dist): 129 148 2.9396897526598558
list:
dist: 2.9396897526598558 vs. 2.9396897526598558
--------
nle(id0,id1,dist): 129 149 2.372322947719625
list:
dist: 2.372322947719625 vs. 2.372322947719625
--------
nle(id0,id1,dist): 129 140 2.032986997410177
list:
dist: 2.032986997410177 vs. 2.032986997410177
--------
nle(id0,id1,dist): 129 141 1.9589131362159453
list:
dist: 1.9589131362159453 vs. 1.9589131362159453
--------
nle(id0,id1,dist): 129 142 2.7886009963318723
list:
dist: 2.7886009963318723 vs. 2.7886009963318723
--------
nle(id0,id1,dist): 129 143 2.6872102692284248
list:
dist: 2.6872102692284248 vs. 2.6872102692284248
--------
nle(id0,id1,dist): 129 144 3.1393084911119384
list:
dist: 3.1393084911119384 vs. 3.1393084911119384
--------
nle(id0,id1,dist): 129 145 2.0486805762421856
list:
dist: 2.0486805762421856 vs. 2.0486805762421856
--------
nle(id0,id1,dist): 129 146 2.377149310945669
list:
dist: 2.377149310945669 vs. 2.377149310945669
--------
nle(id0,id1,dist): 129 147 2.8387433854060315
list:
dist: 2.8387433854060315 vs. 2.8387433854060315
--------
nle(id0,id1,dist): 129 135 2.0510758413549337
list:
dist: 2.0510758413549337 vs. 2.0510758413549337
--------
nle(id0,id1,dist): 129 134 1.906377177912143
list:
dist: 1.906377177912143 vs. 1.906377177912143
--------
nle(id0,id1,dist): 129 133 0.9672821814319617
list:
dist: 0.9672821814319617 vs. 0.9672821814319617
--------
nle(id0,id1,dist): 129 132 1.1348780904200608
list:
dist: 1.1348780904200608 vs. 1.1348780904200608
--------
nle(id0,id1,dist): 129 139 1.6893368436277416
list:
dist: 1.6893368436277416 vs. 1.6893368436277416
--------
nle(id0,id1,dist): 129 138 1.4021755563962262
list:
dist: 1.4021755563962262 vs. 1.4021755563962262
--------
nle(id0,id1,dist): 129 137 1.2749782408389734
list:
dist: 1.2749782408389734 vs. 1.2749782408389734
--------
nle(id0,id1,dist): 129 136 1.5504200405974615
list:
dist: 1.5504200405974615 vs. 1.5504200405974615
--------
nle(id0,id1,dist): 129 131 1.8615264778352936
list:
dist: 1.8615264778352936 vs. 1.8615264778352936
--------
nle(id0,id1,dist): 129 130 1.632258324757738
list:
dist: 1.632258324757738 vs. 1.632258324757738
--------
nle(id0,id1,dist): 128 147 2.8798445806805244
list:
dist: 2.8798445806805244 vs. 2.8798445806805244
--------
nle(id0,id1,dist): 128 145 2.454380495844819
list:
dist: 2.454380495844819 vs. 2.454380495844819
--------
nle(id0,id1,dist): 128 146 2.684090303137897
list:
dist: 2.684090303137897 vs. 2.684090303137897
--------
nle(id0,id1,dist): 128 149 2.5682735409569633
list:
dist: 2.5682735409569633 vs. 2.5682735409569633
--------
nle(id0,id1,dist): 128 133 1.2847087276629032
list:
dist: 1.2847087276629032 vs. 1.2847087276629032
--------
nle(id0,id1,dist): 128 134 2.2293430397834153
list:
dist: 2.2293430397834153 vs. 2.2293430397834153
--------
nle(id0,id1,dist): 128 135 1.9375019768741315
list:
dist: 1.9375019768741315 vs. 1.9375019768741315
--------
nle(id0,id1,dist): 128 136 2.079166083765265
list:
dist: 2.079166083765265 vs. 2.079166083765265
--------
nle(id0,id1,dist): 128 129 0.6424821242150752
list:
dist: 0.6424821242150752 vs. 0.6424821242150752
--------
nle(id0,id1,dist): 128 130 2.0662279763049813
list:
dist: 2.0662279763049813 vs. 2.0662279763049813
--------
nle(id0,id1,dist): 128 131 1.9134250963731072
list:
dist: 1.9134250963731072 vs. 1.9134250963731072
--------
nle(id0,id1,dist): 128 132 1.7013077403726713
list:
dist: 1.7013077403726713 vs. 1.7013077403726713
--------
nle(id0,id1,dist): 128 141 2.224554267090037
list:
dist: 2.224554267090037 vs. 2.224554267090037
--------
nle(id0,id1,dist): 128 142 2.8706748767848347
list:
dist: 2.8706748767848347 vs. 2.8706748767848347
--------
nle(id0,id1,dist): 128 143 2.866169190411705
list:
dist: 2.866169190411705 vs. 2.866169190411705
--------
nle(id0,id1,dist): 128 137 1.382692333553619
list:
dist: 1.382692333553619 vs. 1.382692333553619
--------
nle(id0,id1,dist): 128 138 1.8132929695974924
list:
dist: 1.8132929695974924 vs. 1.8132929695974924
--------
nle(id0,id1,dist): 128 139 1.6420569470077588
list:
dist: 1.6420569470077588 vs. 1.6420569470077588
--------
nle(id0,id1,dist): 128 140 2.4076166495614983
list:
dist: 2.4076166495614983 vs. 2.4076166495614983
--------
nle(id0,id1,dist): 127 140 2.0168745027563912
list:
dist: 2.0168745027563912 vs. 2.0168745027563912
--------
nle(id0,id1,dist): 127 141 2.0210669304071507
list:
dist: 2.0210669304071507 vs. 2.0210669304071507
--------
nle(id0,id1,dist): 127 138 1.3602398769207218
list:
dist: 1.3602398769207218 vs. 1.3602398769207218
--------
nle(id0,id1,dist): 127 139 1.915220503496412
list:
dist: 1.915220503496412 vs. 1.915220503496412
--------
nle(id0,id1,dist): 127 136 1.3946609890200343
list:
dist: 1.3946609890200343 vs. 1.3946609890200343
--------
nle(id0,id1,dist): 127 137 1.4611637035484633
list:
dist: 1.4611637035484633 vs. 1.4611637035484633
--------
nle(id0,id1,dist): 127 134 1.936920945240446
list:
dist: 1.936920945240446 vs. 1.936920945240446
--------
nle(id0,id1,dist): 127 135 2.2513580312051458
list:
dist: 2.2513580312051458 vs. 2.2513580312051458
--------
nle(id0,id1,dist): 127 148 2.9369380732800607
list:
dist: 2.9369380732800607 vs. 2.9369380732800607
--------
nle(id0,id1,dist): 127 149 2.3900672976415627
list:
dist: 2.3900672976415627 vs. 2.3900672976415627
--------
nle(id0,id1,dist): 127 146 2.3449720128688862
list:
dist: 2.3449720128688862 vs. 2.3449720128688862
--------
nle(id0,id1,dist): 127 147 2.9490817942839334
list:
dist: 2.9490817942839334 vs. 2.9490817942839334
--------
nle(id0,id1,dist): 127 144 3.088624992947653
list:
dist: 3.088624992947653 vs. 3.088624992947653
--------
nle(id0,id1,dist): 127 145 1.9763402612268879
list:
dist: 1.9763402612268879 vs. 1.9763402612268879
--------
nle(id0,id1,dist): 127 142 2.923453766461829
list:
dist: 2.923453766461829 vs. 2.923453766461829
--------
nle(id0,id1,dist): 127 143 2.747148553382701
list:
dist: 2.747148553382701 vs. 2.747148553382701
--------
nle(id0,id1,dist): 127 133 1.0809841473086925
list:
dist: 1.0809841473086925 vs. 1.0809841473086925
--------
nle(id0,id1,dist): 127 132 0.9751855226876905
list:
dist: 0.9751855226876905 vs. 0.9751855226876905
--------
nle(id0,id1,dist): 127 131 2.0575623526475804
list:
dist: 2.0575623526475804 vs. 2.0575623526475804
--------
nle(id0,id1,dist): 127 130 1.5805416644443044
list:
dist: 1.5805416644443044 vs. 1.5805416644443044
--------
nle(id0,id1,dist): 127 129 0.3785182493586868
list:
dist: 0.3785182493586868 vs. 0.3785182493586868
--------
nle(id0,id1,dist): 127 128 1.00482733441189
list:
dist: 1.00482733441189 vs. 1.00482733441189
--------
nle(id0,id1,dist): 126 139 1.519209286874069
list:
dist: 1.519209286874069 vs. 1.519209286874069
--------
nle(id0,id1,dist): 126 140 1.932430683589089
list:
dist: 1.932430683589089 vs. 1.932430683589089
--------
nle(id0,id1,dist): 126 141 1.6728748042870414
list:
dist: 1.6728748042870414 vs. 1.6728748042870414
--------
nle(id0,id1,dist): 126 142 2.046278283304838
list:
dist: 2.046278283304838 vs. 2.046278283304838
--------
nle(id0,id1,dist): 126 143 2.6115952284971673
list:
dist: 2.6115952284971673 vs. 2.6115952284971673
--------
nle(id0,id1,dist): 126 145 2.5586839781449404
list:
dist: 2.5586839781449404 vs. 2.5586839781449404
--------
nle(id0,id1,dist): 126 146 2.8797461709669565
list:
dist: 2.8797461709669565 vs. 2.8797461709669565
--------
nle(id0,id1,dist): 126 147 2.9223227748029297
list:
dist: 2.9223227748029297 vs. 2.9223227748029297
--------
nle(id0,id1,dist): 126 149 2.991557247380916
list:
dist: 2.991557247380916 vs. 2.991557247380916
--------
nle(id0,id1,dist): 126 128 1.9553899975192301
list:
dist: 1.9553899975192301 vs. 1.9553899975192301
--------
nle(id0,id1,dist): 126 127 2.388019395926947
list:
dist: 2.388019395926947 vs. 2.388019395926947
--------
nle(id0,id1,dist): 126 130 1.8621182737538031
list:
dist: 1.8621182737538031 vs. 1.8621182737538031
--------
nle(id0,id1,dist): 126 129 2.111976528803689
list:
dist: 2.111976528803689 vs. 2.111976528803689
--------
nle(id0,id1,dist): 126 132 2.210597104073617
list:
dist: 2.210597104073617 vs. 2.210597104073617
--------
nle(id0,id1,dist): 126 131 0.7958109826906098
list:
dist: 0.7958109826906098 vs. 0.7958109826906098
--------
nle(id0,id1,dist): 126 134 1.562814203029761
list:
dist: 1.562814203029761 vs. 1.562814203029761
--------
nle(id0,id1,dist): 126 133 1.5015326230332418
list:
dist: 1.5015326230332418 vs. 1.5015326230332418
--------
nle(id0,id1,dist): 126 136 2.4616310257872596
list:
dist: 2.4616310257872596 vs. 2.4616310257872596
--------
nle(id0,id1,dist): 126 135 2.3350299856609475
list:
dist: 2.3350299856609475 vs. 2.3350299856609475
--------
nle(id0,id1,dist): 126 138 2.199253114041316
list:
dist: 2.199253114041316 vs. 2.199253114041316
--------
nle(id0,id1,dist): 126 137 1.5051744366137847
list:
dist: 1.5051744366137847 vs. 1.5051744366137847
--------
nle(id0,id1,dist): 125 146 2.8689347348122367
list:
dist: 2.8689347348122367 vs. 2.8689347348122367
--------
nle(id0,id1,dist): 125 147 3.2465895563458673
list:
dist: 3.2465895563458673 vs. 3.2465895563458673
--------
nle(id0,id1,dist): 125 145 2.4756325325825994
list:
dist: 2.4756325325825994 vs. 2.4756325325825994
--------
nle(id0,id1,dist): 125 149 2.90664033888693
list:
dist: 2.90664033888693 vs. 2.90664033888693
--------
nle(id0,id1,dist): 125 131 1.7220590265895228
list:
dist: 1.7220590265895228 vs. 1.7220590265895228
--------
nle(id0,id1,dist): 125 130 1.60089288762165
list:
dist: 1.60089288762165 vs. 1.60089288762165
--------
nle(id0,id1,dist): 125 129 0.7207025636132763
list:
dist: 0.7207025636132763 vs. 0.7207025636132763
--------
nle(id0,id1,dist): 125 128 0.7210538788052986
list:
dist: 0.7210538788052986 vs. 0.7210538788052986
--------
nle(id0,id1,dist): 125 135 2.4129900516496208
list:
dist: 2.4129900516496208 vs. 2.4129900516496208
--------
nle(id0,id1,dist): 125 134 1.8739079634318923
list:
dist: 1.8739079634318923 vs. 1.8739079634318923
--------
nle(id0,id1,dist): 125 133 1.0847263602120878
list:
dist: 1.0847263602120878 vs. 1.0847263602120878
--------
nle(id0,id1,dist): 125 132 1.4754802426152733
list:
dist: 1.4754802426152733 vs. 1.4754802426152733
--------
nle(id0,id1,dist): 125 139 1.8734856828631268
list:
dist: 1.8734856828631268 vs. 1.8734856828631268
--------
nle(id0,id1,dist): 125 138 1.8523687915440317
list:
dist: 1.8523687915440317 vs. 1.8523687915440317
--------
nle(id0,id1,dist): 125 137 1.5039575914191685
list:
dist: 1.5039575914191685 vs. 1.5039575914191685
--------
nle(id0,id1,dist): 125 136 1.9782461034505432
list:
dist: 1.9782461034505432 vs. 1.9782461034505432
--------
nle(id0,id1,dist): 125 143 3.043140598795913
list:
dist: 3.043140598795913 vs. 3.043140598795913
--------
nle(id0,id1,dist): 125 142 2.945039871693177
list:
dist: 2.945039871693177 vs. 2.945039871693177
--------
nle(id0,id1,dist): 125 141 2.103326521732843
list:
dist: 2.103326521732843 vs. 2.103326521732843
--------
nle(id0,id1,dist): 125 140 2.171394670645293
list:
dist: 2.171394670645293 vs. 2.171394670645293
2. Check the NeighborList query for coordinates against the neighbor list for consistency
list:
dist: 1.3525973619732212 vs. 1.3525973619732212
list:
dist: 1.758340078906623 vs. 1.758340078906623
list:
dist: 1.9643801545700716 vs. 1.9643801545700716
list:
dist: 1.0196224223905934 vs. 1.0196224223905934
list:
dist: 2.1004238459368976 vs. 2.1004238459368976
list:
dist: 2.551553957793581 vs. 2.551553957793581
list:
dist: 1.0952288433675157 vs. 1.0952288433675157
list:
dist: 1.7267077707371004 vs. 1.7267077707371004
list:
dist: 1.3238996259879847 vs. 1.3238996259879847
list:
dist: 1.6810194812213288 vs. 1.6810194812213288
list:
dist: 0.7357694992609002 vs. 0.7357694992609002
list:
dist: 1.5137863809740848 vs. 1.5137863809740848
list:
dist: 0.6218293983397627 vs. 0.6218293983397627
list:
dist: 0.9968478472598162 vs. 0.9968478472598162
list:
dist: 1.2405852102105965 vs. 1.2405852102105965
list:
dist: 1.2937407378943602 vs. 1.2937407378943602
list:
dist: 2.444373478587726 vs. 2.444373478587726
list:
dist: 1.8830523362492555 vs. 1.8830523362492555
list:
dist: 1.7447978365723347 vs. 1.7447978365723347
list:
dist: 2.5035789658036416 vs. 2.5035789658036416
list:
dist: 2.6203976298579077 vs. 2.6203976298579077
list:
dist: 1.544924682758533 vs. 1.544924682758533
list:
dist: 2.8100709901715883 vs. 2.8100709901715883
list:
dist: 2.23408418701691 vs. 2.23408418701691
list:
dist: 1.9328587249310796 vs. 1.9328587249310796
list:
dist: 2.600886427539469 vs. 2.600886427539469
list:
dist: 2.2251670936004846 vs. 2.2251670936004846
list:
dist: 3.1794291453141557 vs. 3.1794291453141557
list:
dist: 3.7507470529184124 vs. 3.7507470529184124
list:
dist: 1.8369114845941332 vs. 1.8369114845941332
list:
dist: 3.6150052963733814 vs. 3.6150052963733814
list:
dist: 3.3844993739136515 vs. 3.3844993739136515
list:
dist: 1.9643801545700716 vs. 1.9643801545700716
list:
dist: 1.4973779999373562 vs. 1.4973779999373562
list:
dist: 1.3323503888599821 vs. 1.3323503888599821
list:
dist: 1.3487485943368895 vs. 1.3487485943368895
list:
dist: 1.1977363849546592 vs. 1.1977363849546592
list:
dist: 0.7357694992609002 vs. 0.7357694992609002
list:
dist: 1.5900134449531753 vs. 1.5900134449531753
list:
dist: 1.867790385791473 vs. 1.867790385791473
list:
dist: 1.787296905651117 vs. 1.787296905651117
list:
dist: 2.764035124380514 vs. 2.764035124380514
list:
dist: 1.8066666065510795 vs. 1.8066666065510795
list:
dist: 1.771461760256588 vs. 1.771461760256588
list:
dist: 3.1955703582094723 vs. 3.1955703582094723
list:
dist: 3.267805724876196 vs. 3.267805724876196
list:
dist: 2.022551062426195 vs. 2.022551062426195
list:
dist: 3.18930998418426 vs. 3.18930998418426
list:
dist: 2.7545973080041453 vs. 2.7545973080041453
list:
dist: 2.300780045030542 vs. 2.300780045030542
list:
dist: 3.2166073625036935 vs. 3.2166073625036935
list:
dist: 2.5389179635066506 vs. 2.5389179635066506
list:
dist: 3.822965733365078 vs. 3.822965733365078
list:
dist: 4.3314818042648175 vs. 4.3314818042648175
list:
dist: 2.447179630843073 vs. 2.447179630843073
list:
dist: 1.0196224223905934 vs. 1.0196224223905934
list:
dist: 0.9502954685126218 vs. 0.9502954685126218
list:
dist: 0.9807843034142638 vs. 0.9807843034142638
list:
dist: 1.3487485943368895 vs. 1.3487485943368895
list:
dist: 2.1028783634618455 vs. 2.1028783634618455
list:
dist: 1.5137863809740848 vs. 1.5137863809740848
list:
dist: 2.181959052444726 vs. 2.181959052444726
list:
dist: 1.9289961349529916 vs. 1.9289961349529916
list:
dist: 1.389212660571043 vs. 1.389212660571043
list:
dist: 1.8403813922186396 vs. 1.8403813922186396
list:
dist: 0.4750511777547704 vs. 0.4750511777547704
list:
dist: 0.813669096271189 vs. 0.813669096271189
list:
dist: 3.1313568487316896 vs. 3.1313568487316896
list:
dist: 2.953492905225307 vs. 2.953492905225307
list:
dist: 1.522128020695311 vs. 1.522128020695311
list:
dist: 2.436290617802518 vs. 2.436290617802518
list:
dist: 2.4926584837584826 vs. 2.4926584837584826
list:
dist: 1.93689507117998 vs. 1.93689507117998
list:
dist: 2.880246305325166 vs. 2.880246305325166
list:
dist: 2.046241358749947 vs. 2.046241358749947
list:
dist: 3.5127425094103626 vs. 3.5127425094103626
list:
dist: 4.019768250075371 vs. 4.019768250075371
list:
dist: 2.140428850337457 vs. 2.140428850337457
list:
dist: 1.758340078906623 vs. 1.758340078906623
list:
dist: 1.8224624013526343 vs. 1.8224624013526343
list:
dist: 1.3323503888599821 vs. 1.3323503888599821
list:
dist: 0.9807843034142638 vs. 0.9807843034142638
list:
dist: 2.1292054799877196 vs. 2.1292054799877196
list:
dist: 1.6810194812213288 vs. 1.6810194812213288
list:
dist: 2.125668645809441 vs. 2.125668645809441
list:
dist: 2.1033605984562223 vs. 2.1033605984562223
list:
dist: 2.0166978901368378 vs. 2.0166978901368378
list:
dist: 2.2091983759175973 vs. 2.2091983759175973
list:
dist: 1.2084223929400333 vs. 1.2084223929400333
list:
dist: 0.9866992619245323 vs. 0.9866992619245323
list:
dist: 3.409833979656607 vs. 3.409833979656607
list:
dist: 3.3353289543569753 vs. 3.3353289543569753
list:
dist: 1.951912433905911 vs. 1.951912433905911
list:
dist: 2.6036810299900104 vs. 2.6036810299900104
list:
dist: 2.535630266549033 vs. 2.535630266549033
list:
dist: 1.861101290433861 vs. 1.861101290433861
list:
dist: 3.1675435664992078 vs. 3.1675435664992078
list:
dist: 1.933638853197909 vs. 1.933638853197909
list:
dist: 3.800507003129605 vs. 3.800507003129605
list:
dist: 4.097274761836786 vs. 4.097274761836786
list:
dist: 2.5368498170630414 vs. 2.5368498170630414
list:
dist: 1.0952288433675157 vs. 1.0952288433675157
list:
dist: 1.122606621114587 vs. 1.122606621114587
list:
dist: 1.2084223929400333 vs. 1.2084223929400333
list:
dist: 1.8066666065510795 vs. 1.8066666065510795
list:
dist: 0.4750511777547704 vs. 0.4750511777547704
list:
dist: 2.4432572360150053 vs. 2.4432572360150053
list:
dist: 1.8830523362492555 vs. 1.8830523362492555
list:
dist: 2.427442859445391 vs. 2.427442859445391
list:
dist: 2.036107107813116 vs. 2.036107107813116
list:
dist: 1.4365581186689276 vs. 1.4365581186689276
list:
dist: 1.5287501382296165 vs. 1.5287501382296165
list:
dist: 0.6762579937674172 vs. 0.6762579937674172
list:
dist: 3.1144591961752246 vs. 3.1144591961752246
list:
dist: 2.854732169686488 vs. 2.854732169686488
list:
dist: 1.4682358028477625 vs. 1.4682358028477625
list:
dist: 2.165554790879971 vs. 2.165554790879971
list:
dist: 2.4217529409751974 vs. 2.4217529409751974
list:
dist: 1.8727245744104117 vs. 1.8727245744104117
list:
dist: 2.768156935045174 vs. 2.768156935045174
list:
dist: 1.9179949711745519 vs. 1.9179949711745519
list:
dist: 3.3866369894977013 vs. 3.3866369894977013
list:
dist: 3.8685822215566965 vs. 3.8685822215566965
list:
dist: 2.0975464024408974 vs. 2.0975464024408974
list:
dist: 3.3817747382903662 vs. 3.3817747382903662
list:
dist: 3.833370808449311 vs. 3.833370808449311
list:
dist: 2.8636665118934372 vs. 2.8636665118934372
list:
dist: 5.255630025930934 vs. 5.255630025930934
list:
dist: 2.1004238459368976 vs. 2.1004238459368976
list:
dist: 0.8523256315834127 vs. 0.8523256315834127
list:
dist: 2.0166978901368378 vs. 2.0166978901368378
list:
dist: 1.787296905651117 vs. 1.787296905651117
list:
dist: 1.389212660571043 vs. 1.389212660571043
list:
dist: 1.6462868464093203 vs. 1.6462868464093203
list:
dist: 1.2937407378943602 vs. 1.2937407378943602
list:
dist: 1.5694467718678689 vs. 1.5694467718678689
list:
dist: 0.9933028853466074 vs. 0.9933028853466074
list:
dist: 1.4411609744656881 vs. 1.4411609744656881
list:
dist: 1.4365581186689276 vs. 1.4365581186689276
list:
dist: 1.3810511305700284 vs. 1.3810511305700284
list:
dist: 1.874553491141243 vs. 1.874553491141243
list:
dist: 1.707511368758841 vs. 1.707511368758841
list:
dist: 0.5758004202043583 vs. 0.5758004202043583
list:
dist: 1.9232391224822614 vs. 1.9232391224822614
list:
dist: 1.6884843572630368 vs. 1.6884843572630368
list:
dist: 1.5323672716079342 vs. 1.5323672716079342
list:
dist: 1.7479914420490563 vs. 1.7479914420490563
list:
dist: 1.7616708132975558 vs. 1.7616708132975558
list:
dist: 2.3378355368316055 vs. 2.3378355368316055
list:
dist: 3.058892880999184 vs. 3.058892880999184
list:
dist: 0.9181231046863009 vs. 0.9181231046863009
list:
dist: 2.3900210214841047 vs. 2.3900210214841047
list:
dist: 3.2007077423492554 vs. 3.2007077423492554
list:
dist: 2.0628334677659534 vs. 2.0628334677659534
list:
dist: 1.7267077707371004 vs. 1.7267077707371004
list:
dist: 1.4320395519329183 vs. 1.4320395519329183
list:
dist: 0.9866992619245323 vs. 0.9866992619245323
list:
dist: 1.771461760256588 vs. 1.771461760256588
list:
dist: 0.813669096271189 vs. 0.813669096271189
list:
dist: 2.198724674244442 vs. 2.198724674244442
list:
dist: 1.7447978365723347 vs. 1.7447978365723347
list:
dist: 2.0322615720793284 vs. 2.0322615720793284
list:
dist: 1.6427325206216368 vs. 1.6427325206216368
list:
dist: 1.3810511305700284 vs. 1.3810511305700284
list:
dist: 1.2372916784679544 vs. 1.2372916784679544
list:
dist: 0.6762579937674172 vs. 0.6762579937674172
list:
dist: 2.7539546088138422 vs. 2.7539546088138422
list:
dist: 2.5491606644944924 vs. 2.5491606644944924
list:
dist: 1.17998152959935 vs. 1.17998152959935
list:
dist: 1.7255464590295773 vs. 1.7255464590295773
list:
dist: 1.8853161688746833 vs. 1.8853161688746833
list:
dist: 1.25963512211896 vs. 1.25963512211896
list:
dist: 2.3879686116003307 vs. 2.3879686116003307
list:
dist: 1.291896871180618 vs. 1.291896871180618
list:
dist: 3.0154984607386273 vs. 3.0154984607386273
list:
dist: 3.3752636103115967 vs. 3.3752636103115967
list:
dist: 1.8009553445263826 vs. 1.8009553445263826
list:
dist: 3.1763116959074713 vs. 3.1763116959074713
list:
dist: 3.441349321562906 vs. 3.441349321562906
list:
dist: 2.6063558666825455 vs. 2.6063558666825455
list:
dist: 4.735050674601597 vs. 4.735050674601597
list:
dist: 1.3525973619732212 vs. 1.3525973619732212
list:
dist: 1.8224624013526343 vs. 1.8224624013526343
list:
dist: 1.4973779999373562 vs. 1.4973779999373562
list:
dist: 0.9502954685126218 vs. 0.9502954685126218
list:
dist: 1.8784165427247128 vs. 1.8784165427247128
list:
dist: 1.3238996259879847 vs. 1.3238996259879847
list:
dist: 2.0467792836440992 vs. 2.0467792836440992
list:
dist: 1.7077512102777497 vs. 1.7077512102777497
list:
dist: 0.8523256315834127 vs. 0.8523256315834127
list:
dist: 1.9269684443142816 vs. 1.9269684443142816
list:
dist: 1.122606621114587 vs. 1.122606621114587
list:
dist: 1.4320395519329183 vs. 1.4320395519329183
list:
dist: 2.7151325628034733 vs. 2.7151325628034733
list:
dist: 2.5398060105679896 vs. 2.5398060105679896
list:
dist: 1.31361743111825 vs. 1.31361743111825
list:
dist: 2.5458465583711503 vs. 2.5458465583711503
list:
dist: 2.463493762680192 vs. 2.463493762680192
list:
dist: 2.1386859670517517 vs. 2.1386859670517517
list:
dist: 2.588632904108219 vs. 2.588632904108219
list:
dist: 2.3298864703952495 vs. 2.3298864703952495
list:
dist: 3.175711516171695 vs. 3.175711516171695
list:
dist: 3.8877602709229975 vs. 3.8877602709229975
list:
dist: 1.7685085206910411 vs. 1.7685085206910411
list:
dist: 1.7685085206910411 vs. 1.7685085206910411
list:
dist: 2.5368498170630414 vs. 2.5368498170630414
list:
dist: 2.447179630843073 vs. 2.447179630843073
list:
dist: 2.140428850337457 vs. 2.140428850337457
list:
dist: 1.9216309721613158 vs. 1.9216309721613158
list:
dist: 1.8369114845941332 vs. 1.8369114845941332
list:
dist: 1.553137755783671 vs. 1.553137755783671
list:
dist: 0.7782367169733094 vs. 0.7782367169733094
list:
dist: 0.9181231046863009 vs. 0.9181231046863009
list:
dist: 1.3130044235400449 vs. 1.3130044235400449
list:
dist: 2.0975464024408974 vs. 2.0975464024408974
list:
dist: 1.8009553445263826 vs. 1.8009553445263826
list:
dist: 1.0265720634474447 vs. 1.0265720634474447
list:
dist: 0.8429613837609078 vs. 0.8429613837609078
list:
dist: 0.6385241218301995 vs. 0.6385241218301995
list:
dist: 1.4499672996673894 vs. 1.4499672996673894
list:
dist: 0.9837371444197489 vs. 0.9837371444197489
list:
dist: 1.2257378360118865 vs. 1.2257378360118865
list:
dist: 0.8414577406246208 vs. 0.8414577406246208
list:
dist: 1.4485717900780184 vs. 1.4485717900780184
list:
dist: 1.438461196001007 vs. 1.438461196001007
list:
dist: 2.1633971978543065 vs. 2.1633971978543065
list:
dist: 2.6774706616068835 vs. 2.6774706616068835
list:
dist: 1.8275595694113034 vs. 1.8275595694113034
list:
dist: 3.715862239785916 vs. 3.715862239785916
list:
dist: 4.389076975419248 vs. 4.389076975419248
list:
dist: 3.602057285497472 vs. 3.602057285497472
list:
dist: 3.0925853702654 vs. 3.0925853702654
list:
dist: 4.808871939781989 vs. 4.808871939781989
list:
dist: 4.320391257191088 vs. 4.320391257191088
list:
dist: 1.6865938826036788 vs. 1.6865938826036788
list:
dist: 2.3980291273185235 vs. 2.3980291273185235
list:
dist: 1.3655412873841182 vs. 1.3655412873841182
list:
dist: 4.0911290306401 vs. 4.0911290306401
list:
dist: 3.8415064340446032 vs. 3.8415064340446032
list:
dist: 3.2302362429421216 vs. 3.2302362429421216
list:
dist: 4.84790066287181 vs. 4.84790066287181
list:
dist: 4.458023509200682 vs. 4.458023509200682
list:
dist: 4.717794893008338 vs. 4.717794893008338
list:
dist: 4.484907194750536 vs. 4.484907194750536
list:
dist: 4.39259425822893 vs. 4.39259425822893
list:
dist: 3.7296400601294764 vs. 3.7296400601294764
list:
dist: 3.600344347242612 vs. 3.600344347242612
list:
dist: 3.524472492823988 vs. 3.524472492823988
list:
dist: 4.848112771216285 vs. 4.848112771216285
list:
dist: 5.057835053868465 vs. 5.057835053868465
list:
dist: 3.8170411639159822 vs. 3.8170411639159822
list:
dist: 4.495375975873466 vs. 4.495375975873466
list:
dist: 5.672075727377482 vs. 5.672075727377482
list:
dist: 1.8784165427247128 vs. 1.8784165427247128
list:
dist: 2.1292054799877196 vs. 2.1292054799877196
list:
dist: 1.1977363849546592 vs. 1.1977363849546592
list:
dist: 2.1028783634618455 vs. 2.1028783634618455
list:
dist: 0.6218293983397627 vs. 0.6218293983397627
list:
dist: 0.6490531464596259 vs. 0.6490531464596259
list:
dist: 1.2303200254031066 vs. 1.2303200254031066
list:
dist: 1.6462868464093203 vs. 1.6462868464093203
list:
dist: 2.7547310943280547 vs. 2.7547310943280547
list:
dist: 2.4432572360150053 vs. 2.4432572360150053
list:
dist: 2.198724674244442 vs. 2.198724674244442
list:
dist: 2.338084834753098 vs. 2.338084834753098
list:
dist: 2.5946824377054467 vs. 2.5946824377054467
list:
dist: 1.811811551888601 vs. 1.811811551888601
list:
dist: 2.992292023312052 vs. 2.992292023312052
list:
dist: 2.209766063119253 vs. 2.209766063119253
list:
dist: 2.0476003436790915 vs. 2.0476003436790915
list:
dist: 2.5743827928787004 vs. 2.5743827928787004
list:
dist: 2.3676988683397853 vs. 2.3676988683397853
list:
dist: 3.090707389654039 vs. 3.090707389654039
list:
dist: 3.619442650874751 vs. 3.619442650874751
list:
dist: 1.9216309721613158 vs. 1.9216309721613158
list:
dist: 3.2861523532904786 vs. 3.2861523532904786
list:
dist: 3.1935580357838664 vs. 3.1935580357838664
list:
dist: 1.7077512102777497 vs. 1.7077512102777497
list:
dist: 2.1033605984562223 vs. 2.1033605984562223
list:
dist: 1.867790385791473 vs. 1.867790385791473
list:
dist: 1.9289961349529916 vs. 1.9289961349529916
list:
dist: 1.2303200254031066 vs. 1.2303200254031066
list:
dist: 1.2405852102105965 vs. 1.2405852102105965
list:
dist: 0.7937970009228492 vs. 0.7937970009228492
list:
dist: 0.9933028853466074 vs. 0.9933028853466074
list:
dist: 1.688949188894043 vs. 1.688949188894043
list:
dist: 2.036107107813116 vs. 2.036107107813116
list:
dist: 1.6427325206216368 vs. 1.6427325206216368
list:
dist: 1.3693174298636757 vs. 1.3693174298636757
list:
dist: 1.483087024526077 vs. 1.483087024526077
list:
dist: 0.8025777895489364 vs. 0.8025777895489364
list:
dist: 1.8218618560687487 vs. 1.8218618560687487
list:
dist: 1.0519797701749232 vs. 1.0519797701749232
list:
dist: 1.0502199166861135 vs. 1.0502199166861135
list:
dist: 1.3958926701361525 vs. 1.3958926701361525
list:
dist: 1.374837781753489 vs. 1.374837781753489
list:
dist: 1.9757592690590342 vs. 1.9757592690590342
list:
dist: 2.513132838912684 vs. 2.513132838912684
list:
dist: 0.7782367169733094 vs. 0.7782367169733094
list:
dist: 2.569261116624195 vs. 2.569261116624195
list:
dist: 2.16942635499716 vs. 2.16942635499716
list:
dist: 3.59557685278339 vs. 3.59557685278339
list:
dist: 4.315900751670652 vs. 4.315900751670652
list:
dist: 3.5496951879590424 vs. 3.5496951879590424
list:
dist: 3.032240582696973 vs. 3.032240582696973
list:
dist: 4.848086432163893 vs. 4.848086432163893
list:
dist: 4.28916512267333 vs. 4.28916512267333
list:
dist: 2.0467792836440992 vs. 2.0467792836440992
list:
dist: 2.125668645809441 vs. 2.125668645809441
list:
dist: 1.5900134449531753 vs. 1.5900134449531753
list:
dist: 2.181959052444726 vs. 2.181959052444726
list:
dist: 0.6490531464596259 vs. 0.6490531464596259
list:
dist: 0.9968478472598162 vs. 0.9968478472598162
list:
dist: 0.7937970009228492 vs. 0.7937970009228492
list:
dist: 1.5694467718678689 vs. 1.5694467718678689
list:
dist: 2.4046272039449605 vs. 2.4046272039449605
list:
dist: 2.427442859445391 vs. 2.427442859445391
list:
dist: 2.0322615720793284 vs. 2.0322615720793284
list:
dist: 1.8803374708174565 vs. 1.8803374708174565
list:
dist: 2.1656257662302703 vs. 2.1656257662302703
list:
dist: 1.5277294368028582 vs. 1.5277294368028582
list:
dist: 2.5125341970976094 vs. 2.5125341970976094
list:
dist: 1.628941438650522 vs. 1.628941438650522
list:
dist: 1.5416405463237066 vs. 1.5416405463237066
list:
dist: 2.080244766792264 vs. 2.080244766792264
list:
dist: 1.8668111959531444 vs. 1.8668111959531444
list:
dist: 2.5888816639104317 vs. 2.5888816639104317
list:
dist: 3.0193134002622806 vs. 3.0193134002622806
list:
dist: 1.553137755783671 vs. 1.553137755783671
list:
dist: 2.662959434981196 vs. 2.662959434981196
list:
dist: 2.6378271861721037 vs. 2.6378271861721037
list:
dist: 3.653261386370131 vs. 3.653261386370131
list:
dist: 4.401498714369561 vs. 4.401498714369561
list:
dist: 3.7032959205521867 vs. 3.7032959205521867
list:
dist: 3.1724394920692296 vs. 3.1724394920692296
list:
dist: 5.00266090685262 vs. 5.00266090685262
list:
dist: 4.362514834419643 vs. 4.362514834419643
list:
dist: 2.551553957793581 vs. 2.551553957793581
list:
dist: 1.9269684443142816 vs. 1.9269684443142816
list:
dist: 2.2091983759175973 vs. 2.2091983759175973
list:
dist: 2.764035124380514 vs. 2.764035124380514
list:
dist: 1.8403813922186396 vs. 1.8403813922186396
list:
dist: 2.7547310943280547 vs. 2.7547310943280547
list:
dist: 2.444373478587726 vs. 2.444373478587726
list:
dist: 2.4046272039449605 vs. 2.4046272039449605
list:
dist: 1.688949188894043 vs. 1.688949188894043
list:
dist: 1.4411609744656881 vs. 1.4411609744656881
list:
dist: 1.5287501382296165 vs. 1.5287501382296165
list:
dist: 1.2372916784679544 vs. 1.2372916784679544
list:
dist: 2.145206908169037 vs. 2.145206908169037
list:
dist: 1.7338627750377875 vs. 1.7338627750377875
list:
dist: 0.9996032094697987 vs. 0.9996032094697987
list:
dist: 0.7161050681830636 vs. 0.7161050681830636
list:
dist: 1.3967240721506746 vs. 1.3967240721506746
list:
dist: 1.1756525357296719 vs. 1.1756525357296719
list:
dist: 1.5651911667876128 vs. 1.5651911667876128
list:
dist: 1.0947872035725679 vs. 1.0947872035725679
list:
dist: 2.099883452381929 vs. 2.099883452381929
list:
dist: 2.482674716730337 vs. 2.482674716730337
list:
dist: 1.3130044235400449 vs. 1.3130044235400449
list:
dist: 2.1045264945097832 vs. 2.1045264945097832
list:
dist: 2.3137417731082075 vs. 2.3137417731082075
list:
dist: 1.4722418854475225 vs. 1.4722418854475225
list:
dist: 3.8260155536962244 vs. 3.8260155536962244
list:
dist: 1.31361743111825 vs. 1.31361743111825
list:
dist: 1.951912433905911 vs. 1.951912433905911
list:
dist: 2.022551062426195 vs. 2.022551062426195
list:
dist: 1.522128020695311 vs. 1.522128020695311
list:
dist: 1.811811551888601 vs. 1.811811551888601
list:
dist: 1.544924682758533 vs. 1.544924682758533
list:
dist: 1.5277294368028582 vs. 1.5277294368028582
list:
dist: 0.8025777895489364 vs. 0.8025777895489364
list:
dist: 0.5758004202043583 vs. 0.5758004202043583
list:
dist: 0.9996032094697987 vs. 0.9996032094697987
list:
dist: 1.4682358028477625 vs. 1.4682358028477625
list:
dist: 1.17998152959935 vs. 1.17998152959935
list:
dist: 1.6463010768048891 vs. 1.6463010768048891
list:
dist: 1.4395305768619848 vs. 1.4395305768619848
list:
dist: 1.3805151580838304 vs. 1.3805151580838304
list:
dist: 1.1740998669250233 vs. 1.1740998669250233
list:
dist: 1.0060882266983 vs. 1.0060882266983
list:
dist: 1.366887592840695 vs. 1.366887592840695
list:
dist: 1.2140086429911148 vs. 1.2140086429911148
list:
dist: 1.997234119873715 vs. 1.997234119873715
list:
dist: 2.595262109388284 vs. 2.595262109388284
list:
dist: 0.6385241218301995 vs. 0.6385241218301995
list:
dist: 3.0351893004445802 vs. 3.0351893004445802
list:
dist: 2.3756401396429836 vs. 2.3756401396429836
list:
dist: 3.9940496549109525 vs. 3.9940496549109525
list:
dist: 4.663805970224213 vs. 4.663805970224213
list:
dist: 3.846739529727111 vs. 3.846739529727111
list:
dist: 3.4049930591328876 vs. 3.4049930591328876
list:
dist: 5.164698323725753 vs. 5.164698323725753
list:
dist: 4.709875645136558 vs. 4.709875645136558
list:
dist: 2.164954099207262 vs. 2.164954099207262
list:
dist: 2.7443610045692353 vs. 2.7443610045692353
list:
dist: 1.7197665791888999 vs. 1.7197665791888999
list:
dist: 4.342275854633574 vs. 4.342275854633574
list:
dist: 4.234097710822714 vs. 4.234097710822714
list:
dist: 3.6673363421656555 vs. 3.6673363421656555
list:
dist: 5.18875344603579 vs. 5.18875344603579
list:
dist: 4.790442448692298 vs. 4.790442448692298
list:
dist: 5.086494276039951 vs. 5.086494276039951
list:
dist: 4.774010705269514 vs. 4.774010705269514
list:
dist: 4.733245255672635 vs. 4.733245255672635
list:
dist: 4.151977234544828 vs. 4.151977234544828
list:
dist: 4.018754465089126 vs. 4.018754465089126
list:
dist: 3.8644994303983378 vs. 3.8644994303983378
list:
dist: 5.207381873753953 vs. 5.207381873753953
list:
dist: 5.488118895003747 vs. 5.488118895003747
list:
dist: 4.060468264329882 vs. 4.060468264329882
list:
dist: 4.825914076080035 vs. 4.825914076080035
list:
dist: 6.0417089227292236 vs. 6.0417089227292236
list:
dist: 2.3298864703952495 vs. 2.3298864703952495
list:
dist: 1.933638853197909 vs. 1.933638853197909
list:
dist: 2.5389179635066506 vs. 2.5389179635066506
list:
dist: 2.046241358749947 vs. 2.046241358749947
list:
dist: 2.3676988683397853 vs. 2.3676988683397853
list:
dist: 2.2251670936004846 vs. 2.2251670936004846
list:
dist: 1.8668111959531444 vs. 1.8668111959531444
list:
dist: 1.374837781753489 vs. 1.374837781753489
list:
dist: 1.7616708132975558 vs. 1.7616708132975558
list:
dist: 1.0947872035725679 vs. 1.0947872035725679
list:
dist: 1.9179949711745519 vs. 1.9179949711745519
list:
dist: 1.291896871180618 vs. 1.291896871180618
list:
dist: 2.037488211098399 vs. 2.037488211098399
list:
dist: 1.9009714371697715 vs. 1.9009714371697715
list:
dist: 1.2140086429911148 vs. 1.2140086429911148
list:
dist: 0.9167922458731731 vs. 0.9167922458731731
list:
dist: 0.852275947137858 vs. 0.852275947137858
list:
dist: 0.3329353818998471 vs. 0.3329353818998471
list:
dist: 1.5891589408322402 vs. 1.5891589408322402
list:
dist: 2.134115406658631 vs. 2.134115406658631
list:
dist: 2.2120330054838733 vs. 2.2120330054838733
list:
dist: 1.4485717900780184 vs. 1.4485717900780184
list:
dist: 2.4751828265248523 vs. 2.4751828265248523
list:
dist: 2.30226199988926 vs. 2.30226199988926
list:
dist: 3.177316318844634 vs. 3.177316318844634
list:
dist: 3.7884631991051783 vs. 3.7884631991051783
list:
dist: 2.948992106992782 vs. 2.948992106992782
list:
dist: 2.6681612391612273 vs. 2.6681612391612273
list:
dist: 4.392788825808913 vs. 4.392788825808913
list:
dist: 4.05012036101472 vs. 4.05012036101472
list:
dist: 2.581314558065622 vs. 2.581314558065622
list:
dist: 2.4418436511867094 vs. 2.4418436511867094
list:
dist: 1.9729249259390478 vs. 1.9729249259390478
list:
dist: 3.5478945841828304 vs. 3.5478945841828304
list:
dist: 3.752978769732765 vs. 3.752978769732765
list:
dist: 3.14724151513047 vs. 3.14724151513047
list:
dist: 4.409286036397265 vs. 4.409286036397265
list:
dist: 3.9889272866817658 vs. 3.9889272866817658
list:
dist: 4.410339148156596 vs. 4.410339148156596
list:
dist: 4.038551969289585 vs. 4.038551969289585
list:
dist: 3.987529928320777 vs. 3.987529928320777
list:
dist: 3.553357479084463 vs. 3.553357479084463
list:
dist: 3.418765589175715 vs. 3.418765589175715
list:
dist: 3.1743785935942737 vs. 3.1743785935942737
list:
dist: 4.554375404353146 vs. 4.554375404353146
list:
dist: 4.9346115514784445 vs. 4.9346115514784445
list:
dist: 3.1474285345698694 vs. 3.1474285345698694
list:
dist: 4.195342259167677 vs. 4.195342259167677
list:
dist: 5.327480915003729 vs. 5.327480915003729
list:
dist: 2.5458465583711503 vs. 2.5458465583711503
list:
dist: 2.6036810299900104 vs. 2.6036810299900104
list:
dist: 3.18930998418426 vs. 3.18930998418426
list:
dist: 2.436290617802518 vs. 2.436290617802518
list:
dist: 2.992292023312052 vs. 2.992292023312052
list:
dist: 2.8100709901715883 vs. 2.8100709901715883
list:
dist: 2.5125341970976094 vs. 2.5125341970976094
list:
dist: 1.8218618560687487 vs. 1.8218618560687487
list:
dist: 1.9232391224822614 vs. 1.9232391224822614
list:
dist: 0.7161050681830636 vs. 0.7161050681830636
list:
dist: 2.165554790879971 vs. 2.165554790879971
list:
dist: 1.7255464590295773 vs. 1.7255464590295773
list:
dist: 1.973206947973063 vs. 1.973206947973063
list:
dist: 1.6006887284693496 vs. 1.6006887284693496
list:
dist: 1.3805151580838304 vs. 1.3805151580838304
list:
dist: 1.0913644399758586 vs. 1.0913644399758586
list:
dist: 1.0970749238825126 vs. 1.0970749238825126
list:
dist: 1.3165098895134821 vs. 1.3165098895134821
list:
dist: 0.9167922458731731 vs. 0.9167922458731731
list:
dist: 1.7473680191968077 vs. 1.7473680191968077
list:
dist: 1.8791099401863998 vs. 1.8791099401863998
list:
dist: 1.4499672996673894 vs. 1.4499672996673894
list:
dist: 2.709513299703036 vs. 2.709513299703036
list:
dist: 2.0789193528684304 vs. 2.0789193528684304
list:
dist: 3.4013074053014716 vs. 3.4013074053014716
list:
dist: 3.9338402110079644 vs. 3.9338402110079644
list:
dist: 3.0913410388895812 vs. 3.0913410388895812
list:
dist: 2.8356070404414 vs. 2.8356070404414
list:
dist: 4.383293611601895 vs. 4.383293611601895
list:
dist: 4.142207204341415 vs. 4.142207204341415
list:
dist: 1.9494706581838126 vs. 1.9494706581838126
list:
dist: 1.744236579241109 vs. 1.744236579241109
list:
dist: 1.2714523036305356 vs. 1.2714523036305356
list:
dist: 3.1269643718706055 vs. 3.1269643718706055
list:
dist: 3.196764344354984 vs. 3.196764344354984
list:
dist: 2.901144227576278 vs. 2.901144227576278
list:
dist: 4.176435765619336 vs. 4.176435765619336
list:
dist: 3.863308818157426 vs. 3.863308818157426
list:
dist: 4.033621397577383 vs. 4.033621397577383
list:
dist: 3.5774275485519054 vs. 3.5774275485519054
list:
dist: 3.6932984647421407 vs. 3.6932984647421407
list:
dist: 3.418532018976244 vs. 3.418532018976244
list:
dist: 3.2905570411572738 vs. 3.2905570411572738
list:
dist: 2.835887596000888 vs. 2.835887596000888
list:
dist: 4.103331883410972 vs. 4.103331883410972
list:
dist: 4.518298306394624 vs. 4.518298306394624
list:
dist: 3.0549857832216727 vs. 3.0549857832216727
list:
dist: 3.666452512685962 vs. 3.666452512685962
list:
dist: 4.984032269783775 vs. 4.984032269783775
list:
dist: 2.463493762680192 vs. 2.463493762680192
list:
dist: 2.535630266549033 vs. 2.535630266549033
list:
dist: 2.7545973080041453 vs. 2.7545973080041453
list:
dist: 2.4926584837584826 vs. 2.4926584837584826
list:
dist: 2.209766063119253 vs. 2.209766063119253
list:
dist: 2.23408418701691 vs. 2.23408418701691
list:
dist: 1.628941438650522 vs. 1.628941438650522
list:
dist: 1.0519797701749232 vs. 1.0519797701749232
list:
dist: 1.6884843572630368 vs. 1.6884843572630368
list:
dist: 1.3967240721506746 vs. 1.3967240721506746
list:
dist: 2.4217529409751974 vs. 2.4217529409751974
list:
dist: 1.8853161688746833 vs. 1.8853161688746833
list:
dist: 1.2218455340548073 vs. 1.2218455340548073
list:
dist: 1.2005540288627778 vs. 1.2005540288627778
list:
dist: 1.1740998669250233 vs. 1.1740998669250233
list:
dist: 1.0913644399758586 vs. 1.0913644399758586
list:
dist: 0.7114183816418839 vs. 0.7114183816418839
list:
dist: 0.8689030570883856 vs. 0.8689030570883856
list:
dist: 0.852275947137858 vs. 0.852275947137858
list:
dist: 1.3887155238539255 vs. 1.3887155238539255
list:
dist: 1.601091318768597 vs. 1.601091318768597
list:
dist: 0.9837371444197489 vs. 0.9837371444197489
list:
dist: 1.9140314863833194 vs. 1.9140314863833194
list:
dist: 1.510277916015735 vs. 1.510277916015735
list:
dist: 2.8334832570132775 vs. 2.8334832570132775
list:
dist: 3.4946632546981626 vs. 3.4946632546981626
list:
dist: 2.682143232542811 vs. 2.682143232542811
list:
dist: 2.2370653739779973 vs. 2.2370653739779973
list:
dist: 3.995475896003149 vs. 3.995475896003149
list:
dist: 3.5571159055699924 vs. 3.5571159055699924
list:
dist: 2.015323669188296 vs. 2.015323669188296
list:
dist: 2.0436462030726465 vs. 2.0436462030726465
list:
dist: 1.5442696610096833 vs. 1.5442696610096833
list:
dist: 3.3630730593906213 vs. 3.3630730593906213
list:
dist: 3.333224022011446 vs. 3.333224022011446
list:
dist: 2.588257030497969 vs. 2.588257030497969
list:
dist: 4.0738275485888105 vs. 4.0738275485888105
list:
dist: 3.6422301487575544 vs. 3.6422301487575544
list:
dist: 4.039998596954678 vs. 4.039998596954678
list:
dist: 3.802817438452255 vs. 3.802817438452255
list:
dist: 3.6469271655599433 vs. 3.6469271655599433
list:
dist: 3.0243040361565887 vs. 3.0243040361565887
list:
dist: 2.8891868362374526 vs. 2.8891868362374526
list:
dist: 2.8066413859688812 vs. 2.8066413859688812
list:
dist: 4.209444788735296 vs. 4.209444788735296
list:
dist: 4.473024094474625 vs. 4.473024094474625
list:
dist: 2.9331203531221535 vs. 2.9331203531221535
list:
dist: 3.894430200324572 vs. 3.894430200324572
list:
dist: 4.972902310339017 vs. 4.972902310339017
list:
dist: 2.588632904108219 vs. 2.588632904108219
list:
dist: 3.1675435664992078 vs. 3.1675435664992078
list:
dist: 3.2166073625036935 vs. 3.2166073625036935
list:
dist: 2.880246305325166 vs. 2.880246305325166
list:
dist: 2.5743827928787004 vs. 2.5743827928787004
list:
dist: 2.600886427539469 vs. 2.600886427539469
list:
dist: 2.080244766792264 vs. 2.080244766792264
list:
dist: 1.3958926701361525 vs. 1.3958926701361525
list:
dist: 1.7479914420490563 vs. 1.7479914420490563
list:
dist: 1.5651911667876128 vs. 1.5651911667876128
list:
dist: 2.768156935045174 vs. 2.768156935045174
list:
dist: 2.3879686116003307 vs. 2.3879686116003307
list:
dist: 0.6960865875108394 vs. 0.6960865875108394
list:
dist: 0.3820387362486738 vs. 0.3820387362486738
list:
dist: 1.366887592840695 vs. 1.366887592840695
list:
dist: 1.3165098895134821 vs. 1.3165098895134821
list:
dist: 0.8689030570883856 vs. 0.8689030570883856
list:
dist: 1.4744939959843082 vs. 1.4744939959843082
list:
dist: 1.5891589408322402 vs. 1.5891589408322402
list:
dist: 0.6396421080087032 vs. 0.6396421080087032
list:
dist: 1.355607163379895 vs. 1.355607163379895
list:
dist: 0.8414577406246208 vs. 0.8414577406246208
list:
dist: 2.1704012272907005 vs. 2.1704012272907005
list:
dist: 1.0599854477845612 vs. 1.0599854477845612
list:
dist: 3.173511187038518 vs. 3.173511187038518
list:
dist: 3.7933979042134767 vs. 3.7933979042134767
list:
dist: 3.028701369645034 vs. 3.028701369645034
list:
dist: 2.5226508819135023 vs. 2.5226508819135023
list:
dist: 4.112183155164487 vs. 4.112183155164487
list:
dist: 3.6782633178671853 vs. 3.6782633178671853
list:
dist: 1.1843671183569129 vs. 1.1843671183569129
list:
dist: 1.6409866853879398 vs. 1.6409866853879398
list:
dist: 0.8916050336998579 vs. 0.8916050336998579
list:
dist: 3.354119181156537 vs. 3.354119181156537
list:
dist: 3.018140638339588 vs. 3.018140638339588
list:
dist: 2.436404706932661 vs. 2.436404706932661
list:
dist: 4.079180909155015 vs. 4.079180909155015
list:
dist: 3.726646913556326 vs. 3.726646913556326
list:
dist: 3.9096906031272294 vs. 3.9096906031272294
list:
dist: 3.7137718682923575 vs. 3.7137718682923575
list:
dist: 3.6134174465828313 vs. 3.6134174465828313
list:
dist: 2.975013135565443 vs. 2.975013135565443
list:
dist: 2.8499544706977877 vs. 2.8499544706977877
list:
dist: 2.7459064625775307 vs. 2.7459064625775307
list:
dist: 4.035887318793554 vs. 4.035887318793554
list:
dist: 4.224594902774361 vs. 4.224594902774361
list:
dist: 3.151870195340897 vs. 3.151870195340897
list:
dist: 3.6974297392446345 vs. 3.6974297392446345
list:
dist: 4.865028386991551 vs. 4.865028386991551
list:
dist: 2.5398060105679896 vs. 2.5398060105679896
list:
dist: 3.3353289543569753 vs. 3.3353289543569753
list:
dist: 3.267805724876196 vs. 3.267805724876196
list:
dist: 2.953492905225307 vs. 2.953492905225307
list:
dist: 2.5946824377054467 vs. 2.5946824377054467
list:
dist: 2.6203976298579077 vs. 2.6203976298579077
list:
dist: 2.1656257662302703 vs. 2.1656257662302703
list:
dist: 1.483087024526077 vs. 1.483087024526077
list:
dist: 1.707511368758841 vs. 1.707511368758841
list:
dist: 1.7338627750377875 vs. 1.7338627750377875
list:
dist: 2.854732169686488 vs. 2.854732169686488
list:
dist: 2.5491606644944924 vs. 2.5491606644944924
list:
dist: 0.6017525045523902 vs. 0.6017525045523902
list:
dist: 1.4395305768619848 vs. 1.4395305768619848
list:
dist: 1.6006887284693496 vs. 1.6006887284693496
list:
dist: 1.2005540288627778 vs. 1.2005540288627778
list:
dist: 1.758734821295892 vs. 1.758734821295892
list:
dist: 0.3820387362486738 vs. 0.3820387362486738
list:
dist: 1.9009714371697715 vs. 1.9009714371697715
list:
dist: 0.6599479381653179 vs. 0.6599479381653179
list:
dist: 1.5910200840335955 vs. 1.5910200840335955
list:
dist: 0.8429613837609078 vs. 0.8429613837609078
list:
dist: 2.425247717066582 vs. 2.425247717066582
list:
dist: 1.1729319846659485 vs. 1.1729319846659485
list:
dist: 0.9879700282874211 vs. 0.9879700282874211
list:
dist: 1.8094661519046353 vs. 1.8094661519046353
list:
dist: 0.8947956027575789 vs. 0.8947956027575789
list:
dist: 3.1755210317985436 vs. 3.1755210317985436
list:
dist: 2.6389418090910097 vs. 2.6389418090910097
list:
dist: 3.1935580357838664 vs. 3.1935580357838664
list:
dist: 3.3844993739136515 vs. 3.3844993739136515
list:
dist: 2.6378271861721037 vs. 2.6378271861721037
list:
dist: 2.16942635499716 vs. 2.16942635499716
list:
dist: 1.0184344559702427 vs. 1.0184344559702427
list:
dist: 1.1729319846659485 vs. 1.1729319846659485
list:
dist: 2.3756401396429836 vs. 2.3756401396429836
list:
dist: 2.0789193528684304 vs. 2.0789193528684304
list:
dist: 1.510277916015735 vs. 1.510277916015735
list:
dist: 2.220070517928664 vs. 2.220070517928664
list:
dist: 1.0599854477845612 vs. 1.0599854477845612
list:
dist: 2.30226199988926 vs. 2.30226199988926
list:
dist: 0.6343296641964083 vs. 0.6343296641964083
list:
dist: 0.7388461683238235 vs. 0.7388461683238235
list:
dist: 1.8275595694113034 vs. 1.8275595694113034
list:
dist: 1.5472682545020313 vs. 1.5472682545020313
list:
dist: 2.518821504937276 vs. 2.518821504937276
list:
dist: 3.084295027083162 vs. 3.084295027083162
list:
dist: 2.446230969983498 vs. 2.446230969983498
list:
dist: 1.8782870944103716 vs. 1.8782870944103716
list:
dist: 3.249513139648748 vs. 3.249513139648748
list:
dist: 2.7846982046881883 vs. 2.7846982046881883
list:
dist: 1.5484376256205385 vs. 1.5484376256205385
list:
dist: 1.5065921053094509 vs. 1.5065921053094509
list:
dist: 1.5619352202387018 vs. 1.5619352202387018
list:
dist: 2.869291856671405 vs. 2.869291856671405
list:
dist: 2.3749827133187353 vs. 2.3749827133187353
list:
dist: 1.5427705586622145 vs. 1.5427705586622145
list:
dist: 3.2906658603650696 vs. 3.2906658603650696
list:
dist: 2.9377956853032776 vs. 2.9377956853032776
list:
dist: 3.1385063982366814 vs. 3.1385063982366814
list:
dist: 3.148923981979652 vs. 3.148923981979652
list:
dist: 2.8678698127091717 vs. 2.8678698127091717
list:
dist: 2.0537082018805437 vs. 2.0537082018805437
list:
dist: 1.940721104296277 vs. 1.940721104296277
list:
dist: 2.0830765137230274 vs. 2.0830765137230274
list:
dist: 3.319522538531038 vs. 3.319522538531038
list:
dist: 3.3684230658791323 vs. 3.3684230658791323
list:
dist: 2.5819356244287364 vs. 2.5819356244287364
list:
dist: 3.0997914870373897 vs. 3.0997914870373897
list:
dist: 4.051296556830946 vs. 4.051296556830946
list:
dist: 4.260160771740042 vs. 4.260160771740042
list:
dist: 4.0167394155270895 vs. 4.0167394155270895
list:
dist: 2.769204458154991 vs. 2.769204458154991
list:
dist: 2.1386859670517517 vs. 2.1386859670517517
list:
dist: 1.861101290433861 vs. 1.861101290433861
list:
dist: 2.300780045030542 vs. 2.300780045030542
list:
dist: 1.93689507117998 vs. 1.93689507117998
list:
dist: 2.0476003436790915 vs. 2.0476003436790915
list:
dist: 1.9328587249310796 vs. 1.9328587249310796
list:
dist: 1.5416405463237066 vs. 1.5416405463237066
list:
dist: 1.0502199166861135 vs. 1.0502199166861135
list:
dist: 1.5323672716079342 vs. 1.5323672716079342
list:
dist: 1.1756525357296719 vs. 1.1756525357296719
list:
dist: 1.8727245744104117 vs. 1.8727245744104117
list:
dist: 1.25963512211896 vs. 1.25963512211896
list:
dist: 1.8355690169668513 vs. 1.8355690169668513
list:
dist: 1.758734821295892 vs. 1.758734821295892
list:
dist: 1.0060882266983 vs. 1.0060882266983
list:
dist: 1.0970749238825126 vs. 1.0970749238825126
list:
dist: 0.7114183816418839 vs. 0.7114183816418839
list:
dist: 1.4744939959843082 vs. 1.4744939959843082
list:
dist: 0.3329353818998471 vs. 0.3329353818998471
list:
dist: 2.054897786304611 vs. 2.054897786304611
list:
dist: 2.2367734757356916 vs. 2.2367734757356916
list:
dist: 1.2257378360118865 vs. 1.2257378360118865
list:
dist: 2.412889656487697 vs. 2.412889656487697
list:
dist: 2.220070517928664 vs. 2.220070517928664
list:
dist: 3.207312147939016 vs. 3.207312147939016
list:
dist: 3.8574807323829634 vs. 3.8574807323829634
list:
dist: 3.0301687885309168 vs. 3.0301687885309168
list:
dist: 2.6816125902096206 vs. 2.6816125902096206
list:
dist: 4.458321056685294 vs. 4.458321056685294
list:
dist: 4.053361342628151 vs. 4.053361342628151
list:
dist: 2.5319371509882926 vs. 2.5319371509882926
list:
dist: 2.548446199257713 vs. 2.548446199257713
list:
dist: 1.9726409078384672 vs. 1.9726409078384672
list:
dist: 3.7425239469422156 vs. 3.7425239469422156
list:
dist: 3.873935252325635 vs. 3.873935252325635
list:
dist: 3.189599285307391 vs. 3.189599285307391
list:
dist: 4.536792917042019 vs. 4.536792917042019
list:
dist: 4.095765563623871 vs. 4.095765563623871
list:
dist: 4.542153189074711 vs. 4.542153189074711
list:
dist: 4.221614930359777 vs. 4.221614930359777
list:
dist: 4.120579857439132 vs. 4.120579857439132
list:
dist: 3.591565424971833 vs. 3.591565424971833
list:
dist: 3.4558186795532633 vs. 3.4558186795532633
list:
dist: 3.300466281057116 vs. 3.300466281057116
list:
dist: 4.701550042214691 vs. 4.701550042214691
list:
dist: 5.036202252029688 vs. 5.036202252029688
list:
dist: 3.2938753345355356 vs. 3.2938753345355356
list:
dist: 4.360678148435466 vs. 4.360678148435466
list:
dist: 5.4628048257068915 vs. 5.4628048257068915
list:
dist: 2.7151325628034733 vs. 2.7151325628034733
list:
dist: 3.409833979656607 vs. 3.409833979656607
list:
dist: 3.1955703582094723 vs. 3.1955703582094723
list:
dist: 3.1313568487316896 vs. 3.1313568487316896
list:
dist: 2.338084834753098 vs. 2.338084834753098
list:
dist: 2.5035789658036416 vs. 2.5035789658036416
list:
dist: 1.8803374708174565 vs. 1.8803374708174565
list:
dist: 1.3693174298636757 vs. 1.3693174298636757
list:
dist: 1.874553491141243 vs. 1.874553491141243
list:
dist: 2.145206908169037 vs. 2.145206908169037
list:
dist: 3.1144591961752246 vs. 3.1144591961752246
list:
dist: 2.7539546088138422 vs. 2.7539546088138422
list:
dist: 0.6017525045523902 vs. 0.6017525045523902
list:
dist: 1.6463010768048891 vs. 1.6463010768048891
list:
dist: 1.973206947973063 vs. 1.973206947973063
list:
dist: 1.2218455340548073 vs. 1.2218455340548073
list:
dist: 1.8355690169668513 vs. 1.8355690169668513
list:
dist: 0.6960865875108394 vs. 0.6960865875108394
list:
dist: 2.037488211098399 vs. 2.037488211098399
list:
dist: 0.8386334575118763 vs. 0.8386334575118763
list:
dist: 1.6200285717866512 vs. 1.6200285717866512
list:
dist: 1.0265720634474447 vs. 1.0265720634474447
list:
dist: 2.0756616636940604 vs. 2.0756616636940604
list:
dist: 1.0184344559702427 vs. 1.0184344559702427
list:
dist: 1.4763415595969616 vs. 1.4763415595969616
list:
dist: 2.138871486984051 vs. 2.138871486984051
list:
dist: 1.467252346390254 vs. 1.467252346390254
list:
dist: 3.3219576091800933 vs. 3.3219576091800933
list:
dist: 2.5442479906829476 vs. 2.5442479906829476
list:
dist: 3.175711516171695 vs. 3.175711516171695
list:
dist: 3.800507003129605 vs. 3.800507003129605
list:
dist: 3.822965733365078 vs. 3.822965733365078
list:
dist: 3.5127425094103626 vs. 3.5127425094103626
list:
dist: 3.090707389654039 vs. 3.090707389654039
list:
dist: 3.1794291453141557 vs. 3.1794291453141557
list:
dist: 2.5888816639104317 vs. 2.5888816639104317
list:
dist: 1.9757592690590342 vs. 1.9757592690590342
list:
dist: 2.3378355368316055 vs. 2.3378355368316055
list:
dist: 2.099883452381929 vs. 2.099883452381929
list:
dist: 3.3866369894977013 vs. 3.3866369894977013
list:
dist: 3.0154984607386273 vs. 3.0154984607386273
list:
dist: 0.8386334575118763 vs. 0.8386334575118763
list:
dist: 0.6599479381653179 vs. 0.6599479381653179
list:
dist: 1.997234119873715 vs. 1.997234119873715
list:
dist: 1.7473680191968077 vs. 1.7473680191968077
list:
dist: 1.3887155238539255 vs. 1.3887155238539255
list:
dist: 2.054897786304611 vs. 2.054897786304611
list:
dist: 0.6396421080087032 vs. 0.6396421080087032
list:
dist: 2.134115406658631 vs. 2.134115406658631
list:
dist: 1.022254413107221 vs. 1.022254413107221
list:
dist: 1.438461196001007 vs. 1.438461196001007
list:
dist: 2.094259218835262 vs. 2.094259218835262
list:
dist: 0.6343296641964083 vs. 0.6343296641964083
list:
dist: 3.0617437417264153 vs. 3.0617437417264153
list:
dist: 3.623232995947728 vs. 3.623232995947728
list:
dist: 2.927383295459992 vs. 2.927383295459992
list:
dist: 2.4094932759511347 vs. 2.4094932759511347
list:
dist: 3.8041401184425876 vs. 3.8041401184425876
list:
dist: 3.3939201018127068 vs. 3.3939201018127068
list:
dist: 0.9546054258374409 vs. 0.9546054258374409
list:
dist: 1.3390344288372678 vs. 1.3390344288372678
list:
dist: 0.9704411551751421 vs. 0.9704411551751421
list:
dist: 3.082562123028335 vs. 3.082562123028335
list:
dist: 2.5555854000239475 vs. 2.5555854000239475
list:
dist: 2.023143170303179 vs. 2.023143170303179
list:
dist: 3.7199946317608026 vs. 3.7199946317608026
list:
dist: 3.4168955011833693 vs. 3.4168955011833693
list:
dist: 3.488996614559814 vs. 3.488996614559814
list:
dist: 3.373518218505172 vs. 3.373518218505172
list:
dist: 3.252469536025715 vs. 3.252469536025715
list:
dist: 2.5962796598016387 vs. 2.5962796598016387
list:
dist: 2.4836166099683115 vs. 2.4836166099683115
list:
dist: 2.413163248750467 vs. 2.413163248750467
list:
dist: 3.607052865437278 vs. 3.607052865437278
list:
dist: 3.723152675245615 vs. 3.723152675245615
list:
dist: 2.9746752726018038 vs. 2.9746752726018038
list:
dist: 3.2963226241248007 vs. 3.2963226241248007
list:
dist: 4.433482974199748 vs. 4.433482974199748
list:
dist: 2.3900210214841047 vs. 2.3900210214841047
list:
dist: 2.1045264945097832 vs. 2.1045264945097832
list:
dist: 3.3817747382903662 vs. 3.3817747382903662
list:
dist: 3.1763116959074713 vs. 3.1763116959074713
list:
dist: 1.4763415595969616 vs. 1.4763415595969616
list:
dist: 0.9879700282874211 vs. 0.9879700282874211
list:
dist: 2.164954099207262 vs. 2.164954099207262
list:
dist: 1.9494706581838126 vs. 1.9494706581838126
list:
dist: 2.015323669188296 vs. 2.015323669188296
list:
dist: 2.5319371509882926 vs. 2.5319371509882926
list:
dist: 1.1843671183569129 vs. 1.1843671183569129
list:
dist: 2.581314558065622 vs. 2.581314558065622
list:
dist: 0.9546054258374409 vs. 0.9546054258374409
list:
dist: 1.773402826906415 vs. 1.773402826906415
list:
dist: 1.6865938826036788 vs. 1.6865938826036788
list:
dist: 3.0417046741878404 vs. 3.0417046741878404
list:
dist: 1.5484376256205385 vs. 1.5484376256205385
list:
dist: 1.4924832636232106 vs. 1.4924832636232106
list:
dist: 0.6864468494833109 vs. 0.6864468494833109
list:
dist: 2.824647978012433 vs. 2.824647978012433
list:
dist: 2.7221094357262166 vs. 2.7221094357262166
list:
dist: 3.434045891164652 vs. 3.434045891164652
list:
dist: 2.0628334677659534 vs. 2.0628334677659534
list:
dist: 1.4722418854475225 vs. 1.4722418854475225
list:
dist: 2.8636665118934372 vs. 2.8636665118934372
list:
dist: 2.6063558666825455 vs. 2.6063558666825455
list:
dist: 1.467252346390254 vs. 1.467252346390254
list:
dist: 0.8947956027575789 vs. 0.8947956027575789
list:
dist: 1.7197665791888999 vs. 1.7197665791888999
list:
dist: 1.2714523036305356 vs. 1.2714523036305356
list:
dist: 1.5442696610096833 vs. 1.5442696610096833
list:
dist: 1.9726409078384672 vs. 1.9726409078384672
list:
dist: 0.8916050336998579 vs. 0.8916050336998579
list:
dist: 1.9729249259390478 vs. 1.9729249259390478
list:
dist: 0.9704411551751421 vs. 0.9704411551751421
list:
dist: 1.6095859210851158 vs. 1.6095859210851158
list:
dist: 1.3655412873841182 vs. 1.3655412873841182
list:
dist: 2.8532803491317655 vs. 2.8532803491317655
list:
dist: 1.5619352202387018 vs. 1.5619352202387018
list:
dist: 3.7180686270981336 vs. 3.7180686270981336
list:
dist: 4.240937456426915 vs. 4.240937456426915
list:
dist: 3.4758412860929133 vs. 3.4758412860929133
list:
dist: 3.077959823167679 vs. 3.077959823167679
list:
dist: 4.462658126569505 vs. 4.462658126569505
list:
dist: 4.170844565580401 vs. 4.170844565580401
list:
dist: 0.6864468494833109 vs. 0.6864468494833109
list:
dist: 1.2837612628644135 vs. 1.2837612628644135
list:
dist: 3.242463384070785 vs. 3.242463384070785
list:
dist: 2.8183066394788194 vs. 2.8183066394788194
list:
dist: 2.6747546596005463 vs. 2.6747546596005463
list:
dist: 4.190977840352041 vs. 4.190977840352041
list:
dist: 3.9564231866652952 vs. 3.9564231866652952
list:
dist: 3.8862620934291137 vs. 3.8862620934291137
list:
dist: 3.5599643836383383 vs. 3.5599643836383383
list:
dist: 3.6764987004844722 vs. 3.6764987004844722
list:
dist: 3.2915927716810423 vs. 3.2915927716810423
list:
dist: 3.1782717115432546 vs. 3.1782717115432546
list:
dist: 2.8047667911658767 vs. 2.8047667911658767
list:
dist: 3.9177555370135657 vs. 3.9177555370135657
list:
dist: 4.1786024806258055 vs. 4.1786024806258055
list:
dist: 3.3770633401449137 vs. 3.3770633401449137
list:
dist: 3.483608543812927 vs. 3.483608543812927
list:
dist: 4.853102787752789 vs. 4.853102787752789
list:
dist: 3.5046760258211673 vs. 3.5046760258211673
list:
dist: 4.571042976936356 vs. 4.571042976936356
list:
dist: 3.6626183243516386 vs. 3.6626183243516386
list:
dist: 3.2007077423492554 vs. 3.2007077423492554
list:
dist: 2.3137417731082075 vs. 2.3137417731082075
list:
dist: 3.833370808449311 vs. 3.833370808449311
list:
dist: 3.441349321562906 vs. 3.441349321562906
list:
dist: 2.138871486984051 vs. 2.138871486984051
list:
dist: 1.8094661519046353 vs. 1.8094661519046353
list:
dist: 2.7443610045692353 vs. 2.7443610045692353
list:
dist: 1.744236579241109 vs. 1.744236579241109
list:
dist: 2.0436462030726465 vs. 2.0436462030726465
list:
dist: 2.548446199257713 vs. 2.548446199257713
list:
dist: 1.6409866853879398 vs. 1.6409866853879398
list:
dist: 2.4418436511867094 vs. 2.4418436511867094
list:
dist: 1.3390344288372678 vs. 1.3390344288372678
list:
dist: 1.0201290123649207 vs. 1.0201290123649207
list:
dist: 2.3980291273185235 vs. 2.3980291273185235
list:
dist: 2.530340157291279 vs. 2.530340157291279
list:
dist: 1.5065921053094509 vs. 1.5065921053094509
list:
dist: 3.067398586554308 vs. 3.067398586554308
list:
dist: 3.410561639503406 vs. 3.410561639503406
list:
dist: 2.7348076386300093 vs. 2.7348076386300093
list:
dist: 2.507223795750055 vs. 2.507223795750055
list:
dist: 3.4869827317219384 vs. 3.4869827317219384
list:
dist: 3.3977533145336203 vs. 3.3977533145336203
list:
dist: 1.4924832636232106 vs. 1.4924832636232106
list:
dist: 1.2837612628644135 vs. 1.2837612628644135
list:
dist: 2.0126918665628306 vs. 2.0126918665628306
list:
dist: 1.5732949993672147 vs. 1.5732949993672147
list:
dist: 1.744761974754064 vs. 1.744761974754064
list:
dist: 3.012221757468721 vs. 3.012221757468721
list:
dist: 2.8809658707062797 vs. 2.8809658707062797
list:
dist: 2.6465909189811323 vs. 2.6465909189811323
list:
dist: 2.2865697401287806 vs. 2.2865697401287806
list:
dist: 2.4803778367414893 vs. 2.4803778367414893
list:
dist: 2.3710056790994827 vs. 2.3710056790994827
list:
dist: 2.278477896032174 vs. 2.278477896032174
list:
dist: 1.6493736699946457 vs. 1.6493736699946457
list:
dist: 2.648538034006022 vs. 2.648538034006022
list:
dist: 2.9786429469567466 vs. 2.9786429469567466
list:
dist: 2.38569598670807 vs. 2.38569598670807
list:
dist: 2.200968924355505 vs. 2.200968924355505
list:
dist: 3.609028988734938 vs. 3.609028988734938
list:
dist: 2.293036609593347 vs. 2.293036609593347
list:
dist: 3.2990325208828346 vs. 3.2990325208828346
list:
dist: 2.449616675198538 vs. 2.449616675198538
list:
dist: 3.8877602709229975 vs. 3.8877602709229975
list:
dist: 4.097274761836786 vs. 4.097274761836786
list:
dist: 4.3314818042648175 vs. 4.3314818042648175
list:
dist: 4.019768250075371 vs. 4.019768250075371
list:
dist: 3.619442650874751 vs. 3.619442650874751
list:
dist: 3.7507470529184124 vs. 3.7507470529184124
list:
dist: 3.0193134002622806 vs. 3.0193134002622806
list:
dist: 2.513132838912684 vs. 2.513132838912684
list:
dist: 3.058892880999184 vs. 3.058892880999184
list:
dist: 2.482674716730337 vs. 2.482674716730337
list:
dist: 3.8685822215566965 vs. 3.8685822215566965
list:
dist: 3.3752636103115967 vs. 3.3752636103115967
list:
dist: 1.6200285717866512 vs. 1.6200285717866512
list:
dist: 1.5910200840335955 vs. 1.5910200840335955
list:
dist: 2.595262109388284 vs. 2.595262109388284
list:
dist: 1.8791099401863998 vs. 1.8791099401863998
list:
dist: 1.601091318768597 vs. 1.601091318768597
list:
dist: 2.2367734757356916 vs. 2.2367734757356916
list:
dist: 1.355607163379895 vs. 1.355607163379895
list:
dist: 2.2120330054838733 vs. 2.2120330054838733
list:
dist: 1.022254413107221 vs. 1.022254413107221
list:
dist: 2.1633971978543065 vs. 2.1633971978543065
list:
dist: 1.5364998358508672 vs. 1.5364998358508672
list:
dist: 0.7388461683238235 vs. 0.7388461683238235
list:
dist: 2.2286635949961933 vs. 2.2286635949961933
list:
dist: 2.697022053217046 vs. 2.697022053217046
list:
dist: 2.014984010261602 vs. 2.014984010261602
list:
dist: 1.6122055177213703 vs. 1.6122055177213703
list:
dist: 2.863913789187665 vs. 2.863913789187665
list:
dist: 2.576802767568407 vs. 2.576802767568407
list:
dist: 1.773402826906415 vs. 1.773402826906415
list:
dist: 1.0201290123649207 vs. 1.0201290123649207
list:
dist: 1.6095859210851158 vs. 1.6095859210851158
list:
dist: 2.1538816002394428 vs. 2.1538816002394428
list:
dist: 1.816481131858719 vs. 1.816481131858719
list:
dist: 1.112966121873912 vs. 1.112966121873912
list:
dist: 2.734323979089585 vs. 2.734323979089585
list:
dist: 2.418470019736434 vs. 2.418470019736434
list:
dist: 2.570043228617069 vs. 2.570043228617069
list:
dist: 2.471142380707577 vs. 2.471142380707577
list:
dist: 2.270954054625928 vs. 2.270954054625928
list:
dist: 1.696039187317216 vs. 1.696039187317216
list:
dist: 1.5769899118408583 vs. 1.5769899118408583
list:
dist: 1.4244950620584793 vs. 1.4244950620584793
list:
dist: 2.73195896347494 vs. 2.73195896347494
list:
dist: 2.9117887358190737 vs. 2.9117887358190737
list:
dist: 1.9638617870599013 vs. 1.9638617870599013
list:
dist: 2.4686106852007526 vs. 2.4686106852007526
list:
dist: 3.5166658119744794 vs. 3.5166658119744794
list:
dist: 4.362514834419643 vs. 4.362514834419643
list:
dist: 4.28916512267333 vs. 4.28916512267333
list:
dist: 4.709875645136558 vs. 4.709875645136558
list:
dist: 4.142207204341415 vs. 4.142207204341415
list:
dist: 3.5571159055699924 vs. 3.5571159055699924
list:
dist: 4.053361342628151 vs. 4.053361342628151
list:
dist: 3.6782633178671853 vs. 3.6782633178671853
list:
dist: 4.05012036101472 vs. 4.05012036101472
list:
dist: 3.3939201018127068 vs. 3.3939201018127068
list:
dist: 2.576802767568407 vs. 2.576802767568407
list:
dist: 4.320391257191088 vs. 4.320391257191088
list:
dist: 1.7258729977418785 vs. 1.7258729977418785
list:
dist: 2.7846982046881883 vs. 2.7846982046881883
list:
dist: 1.0813766813737087 vs. 1.0813766813737087
list:
dist: 0.9986456926345066 vs. 0.9986456926345066
list:
dist: 1.404238835852706 vs. 1.404238835852706
list:
dist: 1.3871543159367516 vs. 1.3871543159367516
list:
dist: 0.8872295246296418 vs. 0.8872295246296418
list:
dist: 3.3977533145336203 vs. 3.3977533145336203
list:
dist: 4.170844565580401 vs. 4.170844565580401
list:
dist: 2.7775984045849715 vs. 2.7775984045849715
list:
dist: 5.05391083283806 vs. 5.05391083283806
list:
dist: 4.617841831284984 vs. 4.617841831284984
list:
dist: 2.86136508681593 vs. 2.86136508681593
list:
dist: 1.7098778555682808 vs. 1.7098778555682808
list:
dist: 1.8958778969087864 vs. 1.8958778969087864
list:
dist: 1.3693860480889293 vs. 1.3693860480889293
list:
dist: 2.35765766079948 vs. 2.35765766079948
list:
dist: 2.898661801198413 vs. 2.898661801198413
list:
dist: 1.991323014535194 vs. 1.991323014535194
list:
dist: 1.1201373159660886 vs. 1.1201373159660886
list:
dist: 1.1642176949318293 vs. 1.1642176949318293
list:
dist: 2.1075116126323397 vs. 2.1075116126323397
list:
dist: 2.7794875099930767 vs. 2.7794875099930767
list:
dist: 2.6033659573722407 vs. 2.6033659573722407
list:
dist: 1.8162277989123652 vs. 1.8162277989123652
list:
dist: 3.051897090531765 vs. 3.051897090531765
list:
dist: 2.7414383586925033 vs. 2.7414383586925033
list:
dist: 2.590084877715102 vs. 2.590084877715102
list:
dist: 2.4692698297248104 vs. 2.4692698297248104
list:
dist: 2.530158330785792 vs. 2.530158330785792
list:
dist: 1.7026026166488344 vs. 1.7026026166488344
list:
dist: 3.2861523532904786 vs. 3.2861523532904786
list:
dist: 3.6150052963733814 vs. 3.6150052963733814
list:
dist: 2.662959434981196 vs. 2.662959434981196
list:
dist: 2.569261116624195 vs. 2.569261116624195
list:
dist: 2.0756616636940604 vs. 2.0756616636940604
list:
dist: 2.425247717066582 vs. 2.425247717066582
list:
dist: 3.0351893004445802 vs. 3.0351893004445802
list:
dist: 2.709513299703036 vs. 2.709513299703036
list:
dist: 1.9140314863833194 vs. 1.9140314863833194
list:
dist: 2.412889656487697 vs. 2.412889656487697
list:
dist: 2.1704012272907005 vs. 2.1704012272907005
list:
dist: 2.4751828265248523 vs. 2.4751828265248523
list:
dist: 2.094259218835262 vs. 2.094259218835262
list:
dist: 1.5364998358508672 vs. 1.5364998358508672
list:
dist: 2.6774706616068835 vs. 2.6774706616068835
list:
dist: 1.5472682545020313 vs. 1.5472682545020313
list:
dist: 1.1666976754801288 vs. 1.1666976754801288
list:
dist: 1.8844320280180795 vs. 1.8844320280180795
list:
dist: 1.3233127276105479 vs. 1.3233127276105479
list:
dist: 0.6329366584378991 vs. 0.6329366584378991
list:
dist: 2.3536143480569294 vs. 2.3536143480569294
list:
dist: 1.7258729977418785 vs. 1.7258729977418785
list:
dist: 3.0417046741878404 vs. 3.0417046741878404
list:
dist: 2.530340157291279 vs. 2.530340157291279
list:
dist: 2.8532803491317655 vs. 2.8532803491317655
list:
dist: 2.8800557805675098 vs. 2.8800557805675098
list:
dist: 2.894641868263596 vs. 2.894641868263596
list:
dist: 1.571152156694618 vs. 1.571152156694618
list:
dist: 2.862286904724284 vs. 2.862286904724284
list:
dist: 2.2962881122738104 vs. 2.2962881122738104
list:
dist: 3.071097881778986 vs. 3.071097881778986
list:
dist: 3.2216128325432285 vs. 3.2216128325432285
list:
dist: 2.6204486411945678 vs. 2.6204486411945678
list:
dist: 1.6110649005154674 vs. 1.6110649005154674
list:
dist: 1.4971624938868016 vs. 1.4971624938868016
list:
dist: 2.083065172052037 vs. 2.083065172052037
list:
dist: 3.3977799736618683 vs. 3.3977799736618683
list:
dist: 3.44737404146187 vs. 3.44737404146187
list:
dist: 1.947083198200149 vs. 1.947083198200149
list:
dist: 3.360068105037112 vs. 3.360068105037112
list:
dist: 3.8337485050025077 vs. 3.8337485050025077
list:
dist: 3.8439882522397246 vs. 3.8439882522397246
list:
dist: 3.749908145629427 vs. 3.749908145629427
list:
dist: 2.6500481405225713 vs. 2.6500481405225713
list:
dist: 4.060468264329882 vs. 4.060468264329882
list:
dist: 3.0549857832216727 vs. 3.0549857832216727
list:
dist: 2.9331203531221535 vs. 2.9331203531221535
list:
dist: 3.2938753345355356 vs. 3.2938753345355356
list:
dist: 3.151870195340897 vs. 3.151870195340897
list:
dist: 3.1474285345698694 vs. 3.1474285345698694
list:
dist: 2.9746752726018038 vs. 2.9746752726018038
list:
dist: 1.9638617870599013 vs. 1.9638617870599013
list:
dist: 3.8170411639159822 vs. 3.8170411639159822
list:
dist: 1.947083198200149 vs. 1.947083198200149
list:
dist: 2.5819356244287364 vs. 2.5819356244287364
list:
dist: 1.362736662979319 vs. 1.362736662979319
list:
dist: 1.2734060247613022 vs. 1.2734060247613022
list:
dist: 0.8783400414329855 vs. 0.8783400414329855
list:
dist: 1.358826499802563 vs. 1.358826499802563
list:
dist: 1.5543055903744636 vs. 1.5543055903744636
list:
dist: 1.8162277989123652 vs. 1.8162277989123652
list:
dist: 2.38569598670807 vs. 2.38569598670807
list:
dist: 3.3770633401449137 vs. 3.3770633401449137
list:
dist: 1.2605446687647976 vs. 1.2605446687647976
list:
dist: 3.4209558177874437 vs. 3.4209558177874437
list:
dist: 3.090387903435175 vs. 3.090387903435175
list:
dist: 1.9911352942019815 vs. 1.9911352942019815
list:
dist: 1.4294406772816495 vs. 1.4294406772816495
list:
dist: 1.373259662171126 vs. 1.373259662171126
list:
dist: 0.9623065775547907 vs. 0.9623065775547907
list:
dist: 1.6883095948953057 vs. 1.6883095948953057
list:
dist: 1.6234323667023312 vs. 1.6234323667023312
list:
dist: 1.1371477297563959 vs. 1.1371477297563959
list:
dist: 1.32704472315114 vs. 1.32704472315114
list:
dist: 1.2840154334377925 vs. 1.2840154334377925
list:
dist: 0.9919116963193043 vs. 0.9919116963193043
list:
dist: 1.97619642394766 vs. 1.97619642394766
list:
dist: 2.362069471796175 vs. 2.362069471796175
list:
dist: 1.966370462522963 vs. 1.966370462522963
list:
dist: 2.3851185385280984 vs. 2.3851185385280984
list:
dist: 1.416923266890124 vs. 1.416923266890124
list:
dist: 2.6010326291780244 vs. 2.6010326291780244
list:
dist: 2.4789645233987145 vs. 2.4789645233987145
list:
dist: 2.2133828725946496 vs. 2.2133828725946496
list:
dist: 3.6569656156131756 vs. 3.6569656156131756
list:
dist: 4.55509189083253 vs. 4.55509189083253
list:
dist: 4.66341842275354 vs. 4.66341842275354
list:
dist: 2.5986364290273603 vs. 2.5986364290273603
list:
dist: 2.6792768857617277 vs. 2.6792768857617277
list:
dist: 2.3673025763053186 vs. 2.3673025763053186
list:
dist: 3.653261386370131 vs. 3.653261386370131
list:
dist: 3.59557685278339 vs. 3.59557685278339
list:
dist: 3.9940496549109525 vs. 3.9940496549109525
list:
dist: 3.4013074053014716 vs. 3.4013074053014716
list:
dist: 2.8334832570132775 vs. 2.8334832570132775
list:
dist: 3.207312147939016 vs. 3.207312147939016
list:
dist: 3.173511187038518 vs. 3.173511187038518
list:
dist: 3.177316318844634 vs. 3.177316318844634
list:
dist: 3.0617437417264153 vs. 3.0617437417264153
list:
dist: 2.2286635949961933 vs. 2.2286635949961933
list:
dist: 3.715862239785916 vs. 3.715862239785916
list:
dist: 1.1666976754801288 vs. 1.1666976754801288
list:
dist: 2.518821504937276 vs. 2.518821504937276
list:
dist: 0.756931915541248 vs. 0.756931915541248
list:
dist: 0.5401294498491698 vs. 0.5401294498491698
list:
dist: 0.6559370232615975 vs. 0.6559370232615975
list:
dist: 1.4795556173294813 vs. 1.4795556173294813
list:
dist: 1.0813766813737087 vs. 1.0813766813737087
list:
dist: 3.067398586554308 vs. 3.067398586554308
list:
dist: 3.7180686270981336 vs. 3.7180686270981336
list:
dist: 2.5741957939356013 vs. 2.5741957939356013
list:
dist: 4.536125874311695 vs. 4.536125874311695
list:
dist: 4.204525820926836 vs. 4.204525820926836
list:
dist: 2.9431910730098374 vs. 2.9431910730098374
list:
dist: 1.7484655300410112 vs. 1.7484655300410112
list:
dist: 2.19713272134762 vs. 2.19713272134762
list:
dist: 1.566518735603245 vs. 1.566518735603245
list:
dist: 2.6527043622310242 vs. 2.6527043622310242
list:
dist: 2.880774848492372 vs. 2.880774848492372
list:
dist: 2.1385943708196127 vs. 2.1385943708196127
list:
dist: 1.420895829854946 vs. 1.420895829854946
list:
dist: 1.365118699231314 vs. 1.365118699231314
list:
dist: 1.9659740636423406 vs. 1.9659740636423406
list:
dist: 3.0347406908309247 vs. 3.0347406908309247
list:
dist: 3.1262009338915786 vs. 3.1262009338915786
list:
dist: 1.362736662979319 vs. 1.362736662979319
list:
dist: 3.135304573011504 vs. 3.135304573011504
list:
dist: 3.223095684374817 vs. 3.223095684374817
list:
dist: 2.53273416516022 vs. 2.53273416516022
list:
dist: 3.1367101350145004 vs. 3.1367101350145004
list:
dist: 3.1431664768953014 vs. 3.1431664768953014
list:
dist: 2.440682770526929 vs. 2.440682770526929
list:
dist: 3.1724394920692296 vs. 3.1724394920692296
list:
dist: 3.032240582696973 vs. 3.032240582696973
list:
dist: 3.4049930591328876 vs. 3.4049930591328876
list:
dist: 2.8356070404414 vs. 2.8356070404414
list:
dist: 2.2370653739779973 vs. 2.2370653739779973
list:
dist: 2.6816125902096206 vs. 2.6816125902096206
list:
dist: 2.5226508819135023 vs. 2.5226508819135023
list:
dist: 2.6681612391612273 vs. 2.6681612391612273
list:
dist: 2.4094932759511347 vs. 2.4094932759511347
list:
dist: 1.6122055177213703 vs. 1.6122055177213703
list:
dist: 3.0925853702654 vs. 3.0925853702654
list:
dist: 0.6329366584378991 vs. 0.6329366584378991
list:
dist: 1.8782870944103716 vs. 1.8782870944103716
list:
dist: 0.6559370232615975 vs. 0.6559370232615975
list:
dist: 1.3185738218586038 vs. 1.3185738218586038
list:
dist: 0.7011452075508702 vs. 0.7011452075508702
list:
dist: 1.8467265617182853 vs. 1.8467265617182853
list:
dist: 1.3871543159367516 vs. 1.3871543159367516
list:
dist: 2.507223795750055 vs. 2.507223795750055
list:
dist: 3.077959823167679 vs. 3.077959823167679
list:
dist: 2.41374044686998 vs. 2.41374044686998
list:
dist: 4.642010548667477 vs. 4.642010548667477
list:
dist: 4.3657632211605195 vs. 4.3657632211605195
list:
dist: 2.6207158791290093 vs. 2.6207158791290093
list:
dist: 1.3563700541502344 vs. 1.3563700541502344
list:
dist: 2.326280844329613 vs. 2.326280844329613
list:
dist: 1.7371362603972105 vs. 1.7371362603972105
list:
dist: 2.614298960674816 vs. 2.614298960674816
list:
dist: 2.758236905309535 vs. 2.758236905309535
list:
dist: 2.1192303836064648 vs. 2.1192303836064648
list:
dist: 1.2666336664042337 vs. 1.2666336664042337
list:
dist: 1.160020164868522 vs. 1.160020164868522
list:
dist: 1.6877046296631601 vs. 1.6877046296631601
list:
dist: 2.957603488051158 vs. 2.957603488051158
list:
dist: 3.07034203512342 vs. 3.07034203512342
list:
dist: 1.358826499802563 vs. 1.358826499802563
list:
dist: 2.9566244455803763 vs. 2.9566244455803763
list:
dist: 3.339438118569502 vs. 3.339438118569502
list:
dist: 2.7099644556131124 vs. 2.7099644556131124
list:
dist: 3.3597142449445316 vs. 3.3597142449445316
list:
dist: 3.2824826322275014 vs. 3.2824826322275014
list:
dist: 2.3814616154246644 vs. 2.3814616154246644
list:
dist: 3.7032959205521867 vs. 3.7032959205521867
list:
dist: 3.5496951879590424 vs. 3.5496951879590424
list:
dist: 3.846739529727111 vs. 3.846739529727111
list:
dist: 3.0913410388895812 vs. 3.0913410388895812
list:
dist: 2.682143232542811 vs. 2.682143232542811
list:
dist: 3.0301687885309168 vs. 3.0301687885309168
list:
dist: 3.028701369645034 vs. 3.028701369645034
list:
dist: 2.948992106992782 vs. 2.948992106992782
list:
dist: 2.927383295459992 vs. 2.927383295459992
list:
dist: 2.014984010261602 vs. 2.014984010261602
list:
dist: 3.602057285497472 vs. 3.602057285497472
list:
dist: 1.3233127276105479 vs. 1.3233127276105479
list:
dist: 2.446230969983498 vs. 2.446230969983498
list:
dist: 0.5401294498491698 vs. 0.5401294498491698
list:
dist: 0.8493888422199126 vs. 0.8493888422199126
list:
dist: 0.7011452075508702 vs. 0.7011452075508702
list:
dist: 1.537717230989866 vs. 1.537717230989866
list:
dist: 1.404238835852706 vs. 1.404238835852706
list:
dist: 2.7348076386300093 vs. 2.7348076386300093
list:
dist: 3.4758412860929133 vs. 3.4758412860929133
list:
dist: 2.1108043458124888 vs. 2.1108043458124888
list:
dist: 4.049741049614088 vs. 4.049741049614088
list:
dist: 3.7423663152356617 vs. 3.7423663152356617
list:
dist: 2.620122138449037 vs. 2.620122138449037
list:
dist: 1.5881160439336228 vs. 1.5881160439336228
list:
dist: 1.9580214621274685 vs. 1.9580214621274685
list:
dist: 1.3597302991154914 vs. 1.3597302991154914
list:
dist: 2.3722692928827276 vs. 2.3722692928827276
list:
dist: 2.4655802111411953 vs. 2.4655802111411953
list:
dist: 1.8268652381700026 vs. 1.8268652381700026
list:
dist: 1.370618502984169 vs. 1.370618502984169
list:
dist: 1.3007101281295672 vs. 1.3007101281295672
list:
dist: 1.5956344213507483 vs. 1.5956344213507483
list:
dist: 2.72005770716568 vs. 2.72005770716568
list:
dist: 2.9364768430649137 vs. 2.9364768430649137
list:
dist: 0.8783400414329855 vs. 0.8783400414329855
list:
dist: 2.7574722740150777 vs. 2.7574722740150777
list:
dist: 3.0097716965719234 vs. 3.0097716965719234
list:
dist: 2.1542204144225727 vs. 2.1542204144225727
list:
dist: 3.041814291881177 vs. 3.041814291881177
list:
dist: 3.000210521125922 vs. 3.000210521125922
list:
dist: 2.436033159187413 vs. 2.436033159187413
list:
dist: 4.790442448692298 vs. 4.790442448692298
list:
dist: 3.863308818157426 vs. 3.863308818157426
list:
dist: 3.6422301487575544 vs. 3.6422301487575544
list:
dist: 4.095765563623871 vs. 4.095765563623871
list:
dist: 3.726646913556326 vs. 3.726646913556326
list:
dist: 3.9889272866817658 vs. 3.9889272866817658
list:
dist: 3.4168955011833693 vs. 3.4168955011833693
list:
dist: 2.418470019736434 vs. 2.418470019736434
list:
dist: 4.458023509200682 vs. 4.458023509200682
list:
dist: 2.2962881122738104 vs. 2.2962881122738104
list:
dist: 2.9377956853032776 vs. 2.9377956853032776
list:
dist: 1.566518735603245 vs. 1.566518735603245
list:
dist: 1.1529344428609145 vs. 1.1529344428609145
list:
dist: 1.3597302991154914 vs. 1.3597302991154914
list:
dist: 1.7371362603972105 vs. 1.7371362603972105
list:
dist: 0.776776429175142 vs. 0.776776429175142
list:
dist: 1.3693860480889293 vs. 1.3693860480889293
list:
dist: 2.8809658707062797 vs. 2.8809658707062797
list:
dist: 3.9564231866652952 vs. 3.9564231866652952
list:
dist: 1.571904363897581 vs. 1.571904363897581
list:
dist: 3.8774560829382216 vs. 3.8774560829382216
list:
dist: 3.415833950029317 vs. 3.415833950029317
list:
dist: 1.9858038069009858 vs. 1.9858038069009858
list:
dist: 1.4637340526300011 vs. 1.4637340526300011
list:
dist: 0.6312332479282144 vs. 0.6312332479282144
list:
dist: 1.1975250017362873 vs. 1.1975250017362873
list:
dist: 1.6326357329372922 vs. 1.6326357329372922
list:
dist: 0.7448564484688777 vs. 0.7448564484688777
list:
dist: 1.0307233032067125 vs. 1.0307233032067125
list:
dist: 1.0941974964912489 vs. 1.0941974964912489
list:
dist: 1.2490405061845977 vs. 1.2490405061845977
list:
dist: 1.601060702878826 vs. 1.601060702878826
list:
dist: 1.7262325659637652 vs. 1.7262325659637652
list:
dist: 0.9623065775547907 vs. 0.9623065775547907
list:
dist: 1.8798286111497444 vs. 1.8798286111497444
list:
dist: 1.665470862596227 vs. 1.665470862596227
list:
dist: 1.2710293418965313 vs. 1.2710293418965313
list:
dist: 1.707249002341032 vs. 1.707249002341032
list:
dist: 1.6441792845222365 vs. 1.6441792845222365
list:
dist: 1.507543460716937 vs. 1.507543460716937
list:
dist: 3.7313927681380514 vs. 3.7313927681380514
list:
dist: 4.798802159895913 vs. 4.798802159895913
list:
dist: 4.763355929512211 vs. 4.763355929512211
list:
dist: 2.3758636890468914 vs. 2.3758636890468914
list:
dist: 2.2191191208398515 vs. 2.2191191208398515
list:
dist: 1.9884563550196064 vs. 1.9884563550196064
list:
dist: 5.00266090685262 vs. 5.00266090685262
list:
dist: 4.848086432163893 vs. 4.848086432163893
list:
dist: 5.164698323725753 vs. 5.164698323725753
list:
dist: 4.383293611601895 vs. 4.383293611601895
list:
dist: 3.995475896003149 vs. 3.995475896003149
list:
dist: 4.458321056685294 vs. 4.458321056685294
list:
dist: 4.112183155164487 vs. 4.112183155164487
list:
dist: 4.392788825808913 vs. 4.392788825808913
list:
dist: 3.8041401184425876 vs. 3.8041401184425876
list:
dist: 2.863913789187665 vs. 2.863913789187665
list:
dist: 4.808871939781989 vs. 4.808871939781989
list:
dist: 2.3536143480569294 vs. 2.3536143480569294
list:
dist: 3.249513139648748 vs. 3.249513139648748
list:
dist: 1.4795556173294813 vs. 1.4795556173294813
list:
dist: 0.928957579923307 vs. 0.928957579923307
list:
dist: 1.537717230989866 vs. 1.537717230989866
list:
dist: 1.8467265617182853 vs. 1.8467265617182853
list:
dist: 0.8872295246296418 vs. 0.8872295246296418
list:
dist: 3.4869827317219384 vs. 3.4869827317219384
list:
dist: 4.462658126569505 vs. 4.462658126569505
list:
dist: 2.348560270379145 vs. 2.348560270379145
list:
dist: 4.43974796739669 vs. 4.43974796739669
list:
dist: 3.9417531026039807 vs. 3.9417531026039807
list:
dist: 2.6349571123469304 vs. 2.6349571123469304
list:
dist: 1.8663337077383653 vs. 1.8663337077383653
list:
dist: 1.18285813171448 vs. 1.18285813171448
list:
dist: 0.776776429175142 vs. 0.776776429175142
list:
dist: 1.8004500113939086 vs. 1.8004500113939086
list:
dist: 2.38159907415827 vs. 2.38159907415827
list:
dist: 1.467550105692642 vs. 1.467550105692642
list:
dist: 1.254243708926503 vs. 1.254243708926503
list:
dist: 1.3419583223591343 vs. 1.3419583223591343
list:
dist: 1.9294213122172166 vs. 1.9294213122172166
list:
dist: 2.2220876669697027 vs. 2.2220876669697027
list:
dist: 2.1196857686187736 vs. 2.1196857686187736
list:
dist: 1.5543055903744636 vs. 1.5543055903744636
list:
dist: 2.5879810010835094 vs. 2.5879810010835094
list:
dist: 1.999467541917621 vs. 1.999467541917621
list:
dist: 1.8456416779718676 vs. 1.8456416779718676
list:
dist: 1.7203182445115188 vs. 1.7203182445115188
list:
dist: 1.8261706365610997 vs. 1.8261706365610997
list:
dist: 1.5782207292030705 vs. 1.5782207292030705
list:
dist: 4.401498714369561 vs. 4.401498714369561
list:
dist: 4.315900751670652 vs. 4.315900751670652
list:
dist: 4.663805970224213 vs. 4.663805970224213
list:
dist: 3.9338402110079644 vs. 3.9338402110079644
list:
dist: 3.4946632546981626 vs. 3.4946632546981626
list:
dist: 3.8574807323829634 vs. 3.8574807323829634
list:
dist: 3.7933979042134767 vs. 3.7933979042134767
list:
dist: 3.7884631991051783 vs. 3.7884631991051783
list:
dist: 3.623232995947728 vs. 3.623232995947728
list:
dist: 2.697022053217046 vs. 2.697022053217046
list:
dist: 4.389076975419248 vs. 4.389076975419248
list:
dist: 1.8844320280180795 vs. 1.8844320280180795
list:
dist: 3.084295027083162 vs. 3.084295027083162
list:
dist: 0.756931915541248 vs. 0.756931915541248
list:
dist: 0.8493888422199126 vs. 0.8493888422199126
list:
dist: 1.3185738218586038 vs. 1.3185738218586038
list:
dist: 0.928957579923307 vs. 0.928957579923307
list:
dist: 0.9986456926345066 vs. 0.9986456926345066
list:
dist: 3.410561639503406 vs. 3.410561639503406
list:
dist: 4.240937456426915 vs. 4.240937456426915
list:
dist: 2.4403688794516847 vs. 2.4403688794516847
list:
dist: 4.216684093152409 vs. 4.216684093152409
list:
dist: 3.8016280340779316 vs. 3.8016280340779316
list:
dist: 2.948548519418175 vs. 2.948548519418175
list:
dist: 1.9742559027642037 vs. 1.9742559027642037
list:
dist: 1.7447776214839004 vs. 1.7447776214839004
list:
dist: 1.1529344428609145 vs. 1.1529344428609145
list:
dist: 2.347475397521922 vs. 2.347475397521922
list:
dist: 2.6614120994717876 vs. 2.6614120994717876
list:
dist: 1.8563598093673688 vs. 1.8563598093673688
list:
dist: 1.4893653855593911 vs. 1.4893653855593911
list:
dist: 1.4945908082530823 vs. 1.4945908082530823
list:
dist: 2.007445640598363 vs. 2.007445640598363
list:
dist: 2.746016078451921 vs. 2.746016078451921
list:
dist: 2.8346515394822083 vs. 2.8346515394822083
list:
dist: 1.2734060247613022 vs. 1.2734060247613022
list:
dist: 2.9572917747769596 vs. 2.9572917747769596
list:
dist: 2.729984799159592 vs. 2.729984799159592
list:
dist: 2.03579474766354 vs. 2.03579474766354
list:
dist: 2.5731102060256523 vs. 2.5731102060256523
list:
dist: 2.6488367869224887 vs. 2.6488367869224887
list:
dist: 2.2879540626374815 vs. 2.2879540626374815
list:
dist: 4.151977234544828 vs. 4.151977234544828
list:
dist: 3.418532018976244 vs. 3.418532018976244
list:
dist: 3.0243040361565887 vs. 3.0243040361565887
list:
dist: 3.591565424971833 vs. 3.591565424971833
list:
dist: 2.975013135565443 vs. 2.975013135565443
list:
dist: 3.553357479084463 vs. 3.553357479084463
list:
dist: 2.5962796598016387 vs. 2.5962796598016387
list:
dist: 1.696039187317216 vs. 1.696039187317216
list:
dist: 3.7296400601294764 vs. 3.7296400601294764
list:
dist: 1.6110649005154674 vs. 1.6110649005154674
list:
dist: 2.0537082018805437 vs. 2.0537082018805437
list:
dist: 1.420895829854946 vs. 1.420895829854946
list:
dist: 1.4893653855593911 vs. 1.4893653855593911
list:
dist: 1.370618502984169 vs. 1.370618502984169
list:
dist: 1.2666336664042337 vs. 1.2666336664042337
list:
dist: 1.254243708926503 vs. 1.254243708926503
list:
dist: 1.1201373159660886 vs. 1.1201373159660886
list:
dist: 2.3710056790994827 vs. 2.3710056790994827
list:
dist: 3.2915927716810423 vs. 3.2915927716810423
list:
dist: 1.9108542673694036 vs. 1.9108542673694036
list:
dist: 4.651278892120044 vs. 4.651278892120044
list:
dist: 4.2663708920926044 vs. 4.2663708920926044
list:
dist: 1.7692517534038088 vs. 1.7692517534038088
list:
dist: 0.6436517360329855 vs. 0.6436517360329855
list:
dist: 1.4322334709186746 vs. 1.4322334709186746
list:
dist: 1.0307233032067125 vs. 1.0307233032067125
list:
dist: 1.5785998929733227 vs. 1.5785998929733227
list:
dist: 2.0244257489725266 vs. 2.0244257489725266
list:
dist: 1.2381205947773575 vs. 1.2381205947773575
list:
dist: 0.13587318288170847 vs. 0.13587318288170847
list:
dist: 1.1066350656150108 vs. 1.1066350656150108
list:
dist: 1.948210640679444 vs. 1.948210640679444
list:
dist: 1.8669431545222743 vs. 1.8669431545222743
list:
dist: 1.32704472315114 vs. 1.32704472315114
list:
dist: 2.0949829864090366 vs. 2.0949829864090366
list:
dist: 2.2806693182513387 vs. 2.2806693182513387
list:
dist: 2.2040885362690137 vs. 2.2040885362690137
list:
dist: 2.3118520310022017 vs. 2.3118520310022017
list:
dist: 2.169179991945143 vs. 2.169179991945143
list:
dist: 1.1326468918354171 vs. 1.1326468918354171
list:
dist: 4.638318388365365 vs. 4.638318388365365
list:
dist: 5.566787186846008 vs. 5.566787186846008
list:
dist: 5.518761802551565 vs. 5.518761802551565
list:
dist: 2.3272393249325307 vs. 2.3272393249325307
list:
dist: 2.654129211208903 vs. 2.654129211208903
list:
dist: 1.9601866604883307 vs. 1.9601866604883307
list:
dist: 5.086494276039951 vs. 5.086494276039951
list:
dist: 4.033621397577383 vs. 4.033621397577383
list:
dist: 4.039998596954678 vs. 4.039998596954678
list:
dist: 4.542153189074711 vs. 4.542153189074711
list:
dist: 3.9096906031272294 vs. 3.9096906031272294
list:
dist: 4.410339148156596 vs. 4.410339148156596
list:
dist: 3.488996614559814 vs. 3.488996614559814
list:
dist: 2.570043228617069 vs. 2.570043228617069
list:
dist: 4.717794893008338 vs. 4.717794893008338
list:
dist: 3.071097881778986 vs. 3.071097881778986
list:
dist: 3.1385063982366814 vs. 3.1385063982366814
list:
dist: 2.6527043622310242 vs. 2.6527043622310242
list:
dist: 2.347475397521922 vs. 2.347475397521922
list:
dist: 2.3722692928827276 vs. 2.3722692928827276
list:
dist: 2.614298960674816 vs. 2.614298960674816
list:
dist: 1.8004500113939086 vs. 1.8004500113939086
list:
dist: 2.35765766079948 vs. 2.35765766079948
list:
dist: 2.6465909189811323 vs. 2.6465909189811323
list:
dist: 3.8862620934291137 vs. 3.8862620934291137
list:
dist: 1.2129899226133427 vs. 1.2129899226133427
list:
dist: 3.876991939639417 vs. 3.876991939639417
list:
dist: 3.424195374256678 vs. 3.424195374256678
list:
dist: 1.234584055584331 vs. 1.234584055584331
list:
dist: 1.6775082154653336 vs. 1.6775082154653336
list:
dist: 0.7305921748729091 vs. 0.7305921748729091
list:
dist: 1.1975250017362873 vs. 1.1975250017362873
list:
dist: 0.8788170931001075 vs. 0.8788170931001075
list:
dist: 0.5573246682311953 vs. 0.5573246682311953
list:
dist: 1.5785998929733227 vs. 1.5785998929733227
list:
dist: 1.6499229963553064 vs. 1.6499229963553064
list:
dist: 1.242061887729092 vs. 1.242061887729092
list:
dist: 0.42694586705430293 vs. 0.42694586705430293
list:
dist: 0.7544767795956835 vs. 0.7544767795956835
list:
dist: 1.6883095948953057 vs. 1.6883095948953057
list:
dist: 0.8861722686286918 vs. 0.8861722686286918
list:
dist: 0.9705060659039437 vs. 0.9705060659039437
list:
dist: 1.379848272528927 vs. 1.379848272528927
list:
dist: 1.4819563158788585 vs. 1.4819563158788585
list:
dist: 1.1278138837658402 vs. 1.1278138837658402
list:
dist: 1.4014459093930531 vs. 1.4014459093930531
list:
dist: 3.4903231567267112 vs. 3.4903231567267112
list:
dist: 4.370030280902276 vs. 4.370030280902276
list:
dist: 4.163006210409944 vs. 4.163006210409944
list:
dist: 1.2817775947892969 vs. 1.2817775947892969
list:
dist: 1.0988768538402944 vs. 1.0988768538402944
list:
dist: 0.9074567688622813 vs. 0.9074567688622813
list:
dist: 3.3219576091800933 vs. 3.3219576091800933
list:
dist: 3.1755210317985436 vs. 3.1755210317985436
list:
dist: 4.234097710822714 vs. 4.234097710822714
list:
dist: 3.196764344354984 vs. 3.196764344354984
list:
dist: 3.333224022011446 vs. 3.333224022011446
list:
dist: 3.873935252325635 vs. 3.873935252325635
list:
dist: 3.018140638339588 vs. 3.018140638339588
list:
dist: 3.752978769732765 vs. 3.752978769732765
list:
dist: 2.5555854000239475 vs. 2.5555854000239475
list:
dist: 1.816481131858719 vs. 1.816481131858719
list:
dist: 3.8415064340446032 vs. 3.8415064340446032
list:
dist: 2.894641868263596 vs. 2.894641868263596
list:
dist: 2.3749827133187353 vs. 2.3749827133187353
list:
dist: 2.9431910730098374 vs. 2.9431910730098374
list:
dist: 2.948548519418175 vs. 2.948548519418175
list:
dist: 2.620122138449037 vs. 2.620122138449037
list:
dist: 2.6207158791290093 vs. 2.6207158791290093
list:
dist: 2.6349571123469304 vs. 2.6349571123469304
list:
dist: 2.86136508681593 vs. 2.86136508681593
list:
dist: 2.824647978012433 vs. 2.824647978012433
list:
dist: 1.5732949993672147 vs. 1.5732949993672147
list:
dist: 2.8183066394788194 vs. 2.8183066394788194
list:
dist: 1.226272208779574 vs. 1.226272208779574
list:
dist: 1.392139013848497 vs. 1.392139013848497
list:
dist: 1.8258707538104566 vs. 1.8258707538104566
list:
dist: 1.9858038069009858 vs. 1.9858038069009858
list:
dist: 1.234584055584331 vs. 1.234584055584331
list:
dist: 1.1163075045094926 vs. 1.1163075045094926
list:
dist: 1.3444671184474246 vs. 1.3444671184474246
list:
dist: 1.7692517534038088 vs. 1.7692517534038088
list:
dist: 1.7663611675041435 vs. 1.7663611675041435
list:
dist: 1.0366958616029767 vs. 1.0366958616029767
list:
dist: 1.156024983129094 vs. 1.156024983129094
list:
dist: 1.4538902000165805 vs. 1.4538902000165805
list:
dist: 1.9911352942019815 vs. 1.9911352942019815
list:
dist: 0.8221679432580058 vs. 0.8221679432580058
list:
dist: 2.1303254947878787 vs. 2.1303254947878787
list:
dist: 2.656215523073396 vs. 2.656215523073396
list:
dist: 2.265388883646523 vs. 2.265388883646523
list:
dist: 1.8274445723865467 vs. 1.8274445723865467
list:
dist: 0.8248897319022335 vs. 0.8248897319022335
list:
dist: 1.7735414189118848 vs. 1.7735414189118848
list:
dist: 0.890114392818127 vs. 0.890114392818127
list:
dist: 3.8644994303983378 vs. 3.8644994303983378
list:
dist: 2.835887596000888 vs. 2.835887596000888
list:
dist: 2.8066413859688812 vs. 2.8066413859688812
list:
dist: 3.300466281057116 vs. 3.300466281057116
list:
dist: 2.7459064625775307 vs. 2.7459064625775307
list:
dist: 3.1743785935942737 vs. 3.1743785935942737
list:
dist: 2.413163248750467 vs. 2.413163248750467
list:
dist: 1.4244950620584793 vs. 1.4244950620584793
list:
dist: 3.524472492823988 vs. 3.524472492823988
list:
dist: 2.083065172052037 vs. 2.083065172052037
list:
dist: 2.0830765137230274 vs. 2.0830765137230274
list:
dist: 1.9659740636423406 vs. 1.9659740636423406
list:
dist: 2.007445640598363 vs. 2.007445640598363
list:
dist: 1.5956344213507483 vs. 1.5956344213507483
list:
dist: 1.6877046296631601 vs. 1.6877046296631601
list:
dist: 1.9294213122172166 vs. 1.9294213122172166
list:
dist: 2.1075116126323397 vs. 2.1075116126323397
list:
dist: 1.6493736699946457 vs. 1.6493736699946457
list:
dist: 2.8047667911658767 vs. 2.8047667911658767
list:
dist: 0.9089639271987462 vs. 0.9089639271987462
list:
dist: 3.8504799044325084 vs. 3.8504799044325084
list:
dist: 3.54648531182363 vs. 3.54648531182363
list:
dist: 1.0366958616029767 vs. 1.0366958616029767
list:
dist: 0.8359493784267986 vs. 0.8359493784267986
list:
dist: 1.3941044770537758 vs. 1.3941044770537758
list:
dist: 1.2490405061845977 vs. 1.2490405061845977
list:
dist: 1.242061887729092 vs. 1.242061887729092
list:
dist: 1.1627468569461277 vs. 1.1627468569461277
list:
dist: 0.8856590471370341 vs. 0.8856590471370341
list:
dist: 1.1066350656150108 vs. 1.1066350656150108
list:
dist: 1.063374133638447 vs. 1.063374133638447
list:
dist: 1.4401452732793287 vs. 1.4401452732793287
list:
dist: 1.794321050815038 vs. 1.794321050815038
list:
dist: 0.9919116963193043 vs. 0.9919116963193043
list:
dist: 1.2901675840370745 vs. 1.2901675840370745
list:
dist: 2.181577112964605 vs. 2.181577112964605
list:
dist: 1.7731820413361896 vs. 1.7731820413361896
list:
dist: 2.5490110996567377 vs. 2.5490110996567377
list:
dist: 2.2803610114893016 vs. 2.2803610114893016
list:
dist: 1.7589672254185826 vs. 1.7589672254185826
list:
dist: 3.958672431198667 vs. 3.958672431198667
list:
dist: 4.684539288590129 vs. 4.684539288590129
list:
dist: 4.666952684733882 vs. 4.666952684733882
list:
dist: 1.7470651184710928 vs. 1.7470651184710928
list:
dist: 2.2098487933489066 vs. 2.2098487933489066
list:
dist: 1.5815024128539985 vs. 1.5815024128539985
list:
dist: 2.5442479906829476 vs. 2.5442479906829476
list:
dist: 2.6389418090910097 vs. 2.6389418090910097
list:
dist: 3.6673363421656555 vs. 3.6673363421656555
list:
dist: 2.901144227576278 vs. 2.901144227576278
list:
dist: 2.588257030497969 vs. 2.588257030497969
list:
dist: 3.189599285307391 vs. 3.189599285307391
list:
dist: 2.436404706932661 vs. 2.436404706932661
list:
dist: 3.14724151513047 vs. 3.14724151513047
list:
dist: 2.023143170303179 vs. 2.023143170303179
list:
dist: 1.112966121873912 vs. 1.112966121873912
list:
dist: 3.2302362429421216 vs. 3.2302362429421216
list:
dist: 1.571152156694618 vs. 1.571152156694618
list:
dist: 1.5427705586622145 vs. 1.5427705586622145
list:
dist: 1.7484655300410112 vs. 1.7484655300410112
list:
dist: 1.9742559027642037 vs. 1.9742559027642037
list:
dist: 1.5881160439336228 vs. 1.5881160439336228
list:
dist: 1.3563700541502344 vs. 1.3563700541502344
list:
dist: 1.8663337077383653 vs. 1.8663337077383653
list:
dist: 1.7098778555682808 vs. 1.7098778555682808
list:
dist: 2.7221094357262166 vs. 2.7221094357262166
list:
dist: 1.744761974754064 vs. 1.744761974754064
list:
dist: 2.6747546596005463 vs. 2.6747546596005463
list:
dist: 1.7401513990247368 vs. 1.7401513990247368
list:
dist: 1.392139013848497 vs. 1.392139013848497
list:
dist: 1.763192197063907 vs. 1.763192197063907
list:
dist: 1.4637340526300011 vs. 1.4637340526300011
list:
dist: 1.6775082154653336 vs. 1.6775082154653336
list:
dist: 1.9100048041228288 vs. 1.9100048041228288
list:
dist: 1.383921149808348 vs. 1.383921149808348
list:
dist: 0.6436517360329855 vs. 0.6436517360329855
list:
dist: 0.5605996116357449 vs. 0.5605996116357449
list:
dist: 0.8359493784267986 vs. 0.8359493784267986
list:
dist: 1.9485832886057322 vs. 1.9485832886057322
list:
dist: 1.9761257443069793 vs. 1.9761257443069793
list:
dist: 1.4294406772816495 vs. 1.4294406772816495
list:
dist: 1.9155103893747731 vs. 1.9155103893747731
list:
dist: 2.545027994395471 vs. 2.545027994395471
list:
dist: 2.732693377803618 vs. 2.732693377803618
list:
dist: 2.5036715180158584 vs. 2.5036715180158584
list:
dist: 1.43452695103948 vs. 1.43452695103948
list:
dist: 2.087836251844567 vs. 2.087836251844567
list:
dist: 2.6944210246771543 vs. 2.6944210246771543
list:
dist: 1.8398202728202786 vs. 1.8398202728202786
list:
dist: 5.18875344603579 vs. 5.18875344603579
list:
dist: 4.176435765619336 vs. 4.176435765619336
list:
dist: 4.0738275485888105 vs. 4.0738275485888105
list:
dist: 4.536792917042019 vs. 4.536792917042019
list:
dist: 4.079180909155015 vs. 4.079180909155015
list:
dist: 4.409286036397265 vs. 4.409286036397265
list:
dist: 3.7199946317608026 vs. 3.7199946317608026
list:
dist: 2.734323979089585 vs. 2.734323979089585
list:
dist: 4.84790066287181 vs. 4.84790066287181
list:
dist: 2.862286904724284 vs. 2.862286904724284
list:
dist: 3.2906658603650696 vs. 3.2906658603650696
list:
dist: 2.19713272134762 vs. 2.19713272134762
list:
dist: 1.7447776214839004 vs. 1.7447776214839004
list:
dist: 1.9580214621274685 vs. 1.9580214621274685
list:
dist: 2.326280844329613 vs. 2.326280844329613
list:
dist: 1.18285813171448 vs. 1.18285813171448
list:
dist: 1.8958778969087864 vs. 1.8958778969087864
list:
dist: 3.012221757468721 vs. 3.012221757468721
list:
dist: 4.190977840352041 vs. 4.190977840352041
list:
dist: 1.4446724525226202 vs. 1.4446724525226202
list:
dist: 3.747478178971668 vs. 3.747478178971668
list:
dist: 3.2446826216202926 vs. 3.2446826216202926
list:
dist: 1.8258707538104566 vs. 1.8258707538104566
list:
dist: 1.763192197063907 vs. 1.763192197063907
list:
dist: 0.6312332479282144 vs. 0.6312332479282144
list:
dist: 0.7305921748729091 vs. 0.7305921748729091
list:
dist: 1.3038558478526958 vs. 1.3038558478526958
list:
dist: 0.538270384124993 vs. 0.538270384124993
list:
dist: 1.4322334709186746 vs. 1.4322334709186746
list:
dist: 1.5153887714388121 vs. 1.5153887714388121
list:
dist: 1.3941044770537758 vs. 1.3941044770537758
list:
dist: 1.107067322573596 vs. 1.107067322573596
list:
dist: 1.2731481410391197 vs. 1.2731481410391197
list:
dist: 1.373259662171126 vs. 1.373259662171126
list:
dist: 1.5158032673675217 vs. 1.5158032673675217
list:
dist: 1.052745096884532 vs. 1.052745096884532
list:
dist: 1.0194316285495497 vs. 1.0194316285495497
list:
dist: 1.255055218419583 vs. 1.255055218419583
list:
dist: 1.1120523099683082 vs. 1.1120523099683082
list:
dist: 1.482205926697697 vs. 1.482205926697697
list:
dist: 3.390044006283946 vs. 3.390044006283946
list:
dist: 4.454289453740305 vs. 4.454289453740305
list:
dist: 4.32810209117251 vs. 4.32810209117251
list:
dist: 2.0089050323724202 vs. 2.0089050323724202
list:
dist: 1.6250093861207713 vs. 1.6250093861207713
list:
dist: 1.6124286805165424 vs. 1.6124286805165424
list:
dist: 4.733245255672635 vs. 4.733245255672635
list:
dist: 3.6932984647421407 vs. 3.6932984647421407
list:
dist: 3.6469271655599433 vs. 3.6469271655599433
list:
dist: 4.120579857439132 vs. 4.120579857439132
list:
dist: 3.6134174465828313 vs. 3.6134174465828313
list:
dist: 3.987529928320777 vs. 3.987529928320777
list:
dist: 3.252469536025715 vs. 3.252469536025715
list:
dist: 2.270954054625928 vs. 2.270954054625928
list:
dist: 4.39259425822893 vs. 4.39259425822893
list:
dist: 2.6204486411945678 vs. 2.6204486411945678
list:
dist: 2.8678698127091717 vs. 2.8678698127091717
list:
dist: 2.1385943708196127 vs. 2.1385943708196127
list:
dist: 1.8563598093673688 vs. 1.8563598093673688
list:
dist: 1.8268652381700026 vs. 1.8268652381700026
list:
dist: 2.1192303836064648 vs. 2.1192303836064648
list:
dist: 1.467550105692642 vs. 1.467550105692642
list:
dist: 1.991323014535194 vs. 1.991323014535194
list:
dist: 2.4803778367414893 vs. 2.4803778367414893
list:
dist: 3.6764987004844722 vs. 3.6764987004844722
list:
dist: 1.0043519577279552 vs. 1.0043519577279552
list:
dist: 3.687683628227538 vs. 3.687683628227538
list:
dist: 3.254902024489085 vs. 3.254902024489085
list:
dist: 1.3444671184474246 vs. 1.3444671184474246
list:
dist: 1.383921149808348 vs. 1.383921149808348
list:
dist: 0.538270384124993 vs. 0.538270384124993
list:
dist: 0.7448564484688777 vs. 0.7448564484688777
list:
dist: 0.5573246682311953 vs. 0.5573246682311953
list:
dist: 0.932574512161591 vs. 0.932574512161591
list:
dist: 1.2381205947773575 vs. 1.2381205947773575
list:
dist: 1.2887237495349912 vs. 1.2887237495349912
list:
dist: 0.8856590471370341 vs. 0.8856590471370341
list:
dist: 0.9079508035903754 vs. 0.9079508035903754
list:
dist: 1.2454397611952035 vs. 1.2454397611952035
list:
dist: 1.1371477297563959 vs. 1.1371477297563959
list:
dist: 1.1356740266852579 vs. 1.1356740266852579
list:
dist: 1.3465144484136264 vs. 1.3465144484136264
list:
dist: 1.15164263575796 vs. 1.15164263575796
list:
dist: 1.704798506992437 vs. 1.704798506992437
list:
dist: 1.4601140155961156 vs. 1.4601140155961156
list:
dist: 1.4705408396688329 vs. 1.4705408396688329
list:
dist: 3.484906609956558 vs. 3.484906609956558
list:
dist: 4.405629149800582 vs. 4.405629149800582
list:
dist: 4.304132507425404 vs. 4.304132507425404
list:
dist: 1.6753271511961974 vs. 1.6753271511961974
list:
dist: 1.6109425721034365 vs. 1.6109425721034365
list:
dist: 1.3459182529699074 vs. 1.3459182529699074
list:
dist: 2.6500481405225713 vs. 2.6500481405225713
list:
dist: 2.769204458154991 vs. 2.769204458154991
list:
dist: 2.440682770526929 vs. 2.440682770526929
list:
dist: 2.2879540626374815 vs. 2.2879540626374815
list:
dist: 2.436033159187413 vs. 2.436033159187413
list:
dist: 2.3814616154246644 vs. 2.3814616154246644
list:
dist: 1.5782207292030705 vs. 1.5782207292030705
list:
dist: 1.7026026166488344 vs. 1.7026026166488344
list:
dist: 1.8274445723865467 vs. 1.8274445723865467
list:
dist: 1.43452695103948 vs. 1.43452695103948
list:
dist: 1.482205926697697 vs. 1.482205926697697
list:
dist: 1.507543460716937 vs. 1.507543460716937
list:
dist: 1.4014459093930531 vs. 1.4014459093930531
list:
dist: 2.176023290321968 vs. 2.176023290321968
list:
dist: 1.4705408396688329 vs. 1.4705408396688329
list:
dist: 1.1326468918354171 vs. 1.1326468918354171
list:
dist: 1.2516037392017145 vs. 1.2516037392017145
list:
dist: 1.7589672254185826 vs. 1.7589672254185826
list:
dist: 1.7102037276891116 vs. 1.7102037276891116
list:
dist: 1.1767040371437167 vs. 1.1767040371437167
list:
dist: 2.2133828725946496 vs. 2.2133828725946496
list:
dist: 2.0660810015436875 vs. 2.0660810015436875
list:
dist: 1.7859389367719294 vs. 1.7859389367719294
list:
dist: 2.4887009726040983 vs. 2.4887009726040983
list:
dist: 1.7204356995279246 vs. 1.7204356995279246
list:
dist: 1.5345139705268505 vs. 1.5345139705268505
list:
dist: 1.9860523520420523 vs. 1.9860523520420523
list:
dist: 2.1875273427111255 vs. 2.1875273427111255
list:
dist: 1.504434257846133 vs. 1.504434257846133
list:
dist: 4.018754465089126 vs. 4.018754465089126
list:
dist: 3.2905570411572738 vs. 3.2905570411572738
list:
dist: 2.8891868362374526 vs. 2.8891868362374526
list:
dist: 3.4558186795532633 vs. 3.4558186795532633
list:
dist: 2.8499544706977877 vs. 2.8499544706977877
list:
dist: 3.418765589175715 vs. 3.418765589175715
list:
dist: 2.4836166099683115 vs. 2.4836166099683115
list:
dist: 1.5769899118408583 vs. 1.5769899118408583
list:
dist: 3.600344347242612 vs. 3.600344347242612
list:
dist: 1.4971624938868016 vs. 1.4971624938868016
list:
dist: 1.940721104296277 vs. 1.940721104296277
list:
dist: 1.365118699231314 vs. 1.365118699231314
list:
dist: 1.4945908082530823 vs. 1.4945908082530823
list:
dist: 1.3007101281295672 vs. 1.3007101281295672
list:
dist: 1.160020164868522 vs. 1.160020164868522
list:
dist: 1.3419583223591343 vs. 1.3419583223591343
list:
dist: 1.1642176949318293 vs. 1.1642176949318293
list:
dist: 2.278477896032174 vs. 2.278477896032174
list:
dist: 3.1782717115432546 vs. 3.1782717115432546
list:
dist: 1.8956993504488677 vs. 1.8956993504488677
list:
dist: 4.6349132295066 vs. 4.6349132295066
list:
dist: 4.265980796047314 vs. 4.265980796047314
list:
dist: 1.7663611675041435 vs. 1.7663611675041435
list:
dist: 0.5605996116357449 vs. 0.5605996116357449
list:
dist: 1.5153887714388121 vs. 1.5153887714388121
list:
dist: 1.0941974964912489 vs. 1.0941974964912489
list:
dist: 1.6499229963553064 vs. 1.6499229963553064
list:
dist: 2.04166912255507 vs. 2.04166912255507
list:
dist: 1.2887237495349912 vs. 1.2887237495349912
list:
dist: 0.13587318288170847 vs. 0.13587318288170847
list:
dist: 1.063374133638447 vs. 1.063374133638447
list:
dist: 2.00872471229262 vs. 2.00872471229262
list:
dist: 1.9628294739700118 vs. 1.9628294739700118
list:
dist: 1.2840154334377925 vs. 1.2840154334377925
list:
dist: 2.119146082276955 vs. 2.119146082276955
list:
dist: 2.3834625372833043 vs. 2.3834625372833043
list:
dist: 2.242753561260585 vs. 2.242753561260585
list:
dist: 2.4347744535036187 vs. 2.4347744535036187
list:
dist: 2.2865661645230757 vs. 2.2865661645230757
list:
dist: 1.2516037392017145 vs. 1.2516037392017145
list:
dist: 4.666067258509869 vs. 4.666067258509869
list:
dist: 5.574232299271881 vs. 5.574232299271881
list:
dist: 5.542220049249647 vs. 5.542220049249647
list:
dist: 2.3632656643814585 vs. 2.3632656643814585
list:
dist: 2.729609592021775 vs. 2.729609592021775
list:
dist: 2.0183322475418155 vs. 2.0183322475418155
list:
dist: 3.8260155536962244 vs. 3.8260155536962244
list:
dist: 5.255630025930934 vs. 5.255630025930934
list:
dist: 4.735050674601597 vs. 4.735050674601597
list:
dist: 4.342275854633574 vs. 4.342275854633574
list:
dist: 3.1269643718706055 vs. 3.1269643718706055
list:
dist: 3.3630730593906213 vs. 3.3630730593906213
list:
dist: 3.7425239469422156 vs. 3.7425239469422156
list:
dist: 3.354119181156537 vs. 3.354119181156537
list:
dist: 3.5478945841828304 vs. 3.5478945841828304
list:
dist: 3.082562123028335 vs. 3.082562123028335
list:
dist: 2.1538816002394428 vs. 2.1538816002394428
list:
dist: 4.0911290306401 vs. 4.0911290306401
list:
dist: 2.8800557805675098 vs. 2.8800557805675098
list:
dist: 2.869291856671405 vs. 2.869291856671405
list:
dist: 2.5741957939356013 vs. 2.5741957939356013
list:
dist: 2.4403688794516847 vs. 2.4403688794516847
list:
dist: 2.1108043458124888 vs. 2.1108043458124888
list:
dist: 2.41374044686998 vs. 2.41374044686998
list:
dist: 2.348560270379145 vs. 2.348560270379145
list:
dist: 2.7775984045849715 vs. 2.7775984045849715
list:
dist: 3.404899453143779 vs. 3.404899453143779
list:
dist: 2.0126918665628306 vs. 2.0126918665628306
list:
dist: 3.242463384070785 vs. 3.242463384070785
list:
dist: 3.0703995055576923 vs. 3.0703995055576923
list:
dist: 2.7741981340932886 vs. 2.7741981340932886
list:
dist: 1.226272208779574 vs. 1.226272208779574
list:
dist: 1.7401513990247368 vs. 1.7401513990247368
list:
dist: 1.4446724525226202 vs. 1.4446724525226202
list:
dist: 1.571904363897581 vs. 1.571904363897581
list:
dist: 1.2129899226133427 vs. 1.2129899226133427
list:
dist: 0.5327557658024439 vs. 0.5327557658024439
list:
dist: 1.0043519577279552 vs. 1.0043519577279552
list:
dist: 1.9108542673694036 vs. 1.9108542673694036
list:
dist: 1.8956993504488677 vs. 1.8956993504488677
list:
dist: 0.9089639271987462 vs. 0.9089639271987462
list:
dist: 1.2081947037594851 vs. 1.2081947037594851
list:
dist: 1.897288790207339 vs. 1.897288790207339
list:
dist: 1.2605446687647976 vs. 1.2605446687647976
list:
dist: 0.9037266121570712 vs. 0.9037266121570712
list:
dist: 2.0103485622473087 vs. 2.0103485622473087
list:
dist: 1.3238237666606334 vs. 1.3238237666606334
list:
dist: 4.428147811366168 vs. 4.428147811366168
list:
dist: 4.27243869965892 vs. 4.27243869965892
list:
dist: 5.509752416351731 vs. 5.509752416351731
list:
dist: 3.136198233732631 vs. 3.136198233732631
list:
dist: 3.7828740403401073 vs. 3.7828740403401073
list:
dist: 3.768293295767602 vs. 3.768293295767602
list:
dist: 1.6718705841214925 vs. 1.6718705841214925
list:
dist: 1.841433722362049 vs. 1.841433722362049
list:
dist: 1.6454395336610377 vs. 1.6454395336610377
list:
dist: 3.434045891164652 vs. 3.434045891164652
list:
dist: 2.293036609593347 vs. 2.293036609593347
list:
dist: 3.5046760258211673 vs. 3.5046760258211673
list:
dist: 1.6718705841214925 vs. 1.6718705841214925
list:
dist: 0.8248897319022335 vs. 0.8248897319022335
list:
dist: 2.087836251844567 vs. 2.087836251844567
list:
dist: 2.0089050323724202 vs. 2.0089050323724202
list:
dist: 2.3758636890468914 vs. 2.3758636890468914
list:
dist: 1.2817775947892969 vs. 1.2817775947892969
list:
dist: 1.2977099435379293 vs. 1.2977099435379293
list:
dist: 1.6753271511961974 vs. 1.6753271511961974
list:
dist: 2.3272393249325307 vs. 2.3272393249325307
list:
dist: 2.3632656643814585 vs. 2.3632656643814585
list:
dist: 1.7470651184710928 vs. 1.7470651184710928
list:
dist: 0.9971422080245085 vs. 0.9971422080245085
list:
dist: 1.175252311650467 vs. 1.175252311650467
list:
dist: 2.5986364290273603 vs. 2.5986364290273603
list:
dist: 0.8251126769005018 vs. 0.8251126769005018
list:
dist: 1.8720028968652855 vs. 1.8720028968652855
list:
dist: 2.4797765320706473 vs. 2.4797765320706473
list:
dist: 2.0395643975949076 vs. 2.0395643975949076
list:
dist: 1.9860523520420523 vs. 1.9860523520420523
list:
dist: 1.2515238024677706 vs. 1.2515238024677706
list:
dist: 0.5171992771075393 vs. 0.5171992771075393
list:
dist: 3.8439882522397246 vs. 3.8439882522397246
list:
dist: 4.260160771740042 vs. 4.260160771740042
list:
dist: 3.1367101350145004 vs. 3.1367101350145004
list:
dist: 2.5731102060256523 vs. 2.5731102060256523
list:
dist: 3.041814291881177 vs. 3.041814291881177
list:
dist: 3.3597142449445316 vs. 3.3597142449445316
list:
dist: 1.7203182445115188 vs. 1.7203182445115188
list:
dist: 2.4692698297248104 vs. 2.4692698297248104
list:
dist: 2.656215523073396 vs. 2.656215523073396
list:
dist: 2.732693377803618 vs. 2.732693377803618
list:
dist: 1.255055218419583 vs. 1.255055218419583
list:
dist: 1.707249002341032 vs. 1.707249002341032
list:
dist: 1.4819563158788585 vs. 1.4819563158788585
list:
dist: 2.2368095764376736 vs. 2.2368095764376736
list:
dist: 1.704798506992437 vs. 1.704798506992437
list:
dist: 2.3118520310022017 vs. 2.3118520310022017
list:
dist: 2.4347744535036187 vs. 2.4347744535036187
list:
dist: 2.5490110996567377 vs. 2.5490110996567377
list:
dist: 1.6893523631653926 vs. 1.6893523631653926
list:
dist: 1.3705980038902732 vs. 1.3705980038902732
list:
dist: 2.6010326291780244 vs. 2.6010326291780244
list:
dist: 2.2840047342273837 vs. 2.2840047342273837
list:
dist: 0.7613292008054595 vs. 0.7613292008054595
list:
dist: 1.8959555118779676 vs. 1.8959555118779676
list:
dist: 0.44591556398737714 vs. 0.44591556398737714
list:
dist: 1.7204356995279246 vs. 1.7204356995279246
list:
dist: 2.4797765320706473 vs. 2.4797765320706473
list:
dist: 1.6809397913742237 vs. 1.6809397913742237
list:
dist: 2.0249104105346705 vs. 2.0249104105346705
list:
dist: 2.53273416516022 vs. 2.53273416516022
list:
dist: 2.03579474766354 vs. 2.03579474766354
list:
dist: 2.1542204144225727 vs. 2.1542204144225727
list:
dist: 2.7099644556131124 vs. 2.7099644556131124
list:
dist: 1.8456416779718676 vs. 1.8456416779718676
list:
dist: 2.590084877715102 vs. 2.590084877715102
list:
dist: 1.3238237666606334 vs. 1.3238237666606334
list:
dist: 2.751180812692696 vs. 2.751180812692696
list:
dist: 2.230486950338076 vs. 2.230486950338076
list:
dist: 2.9517528645879025 vs. 2.9517528645879025
list:
dist: 3.3040616463882118 vs. 3.3040616463882118
list:
dist: 3.6181845669318182 vs. 3.6181845669318182
list:
dist: 2.549710631692319 vs. 2.549710631692319
list:
dist: 1.0194316285495497 vs. 1.0194316285495497
list:
dist: 1.2710293418965313 vs. 1.2710293418965313
list:
dist: 1.379848272528927 vs. 1.379848272528927
list:
dist: 1.3042663349233565 vs. 1.3042663349233565
list:
dist: 1.15164263575796 vs. 1.15164263575796
list:
dist: 2.2040885362690137 vs. 2.2040885362690137
list:
dist: 2.242753561260585 vs. 2.242753561260585
list:
dist: 1.7731820413361896 vs. 1.7731820413361896
list:
dist: 1.5276062123640126 vs. 1.5276062123640126
list:
dist: 2.0542167067817148 vs. 2.0542167067817148
list:
dist: 1.416923266890124 vs. 1.416923266890124
list:
dist: 1.7243736909108527 vs. 1.7243736909108527
list:
dist: 1.545041429144276 vs. 1.545041429144276
list:
dist: 1.8959555118779676 vs. 1.8959555118779676
list:
dist: 1.8079990929053615 vs. 1.8079990929053615
list:
dist: 2.4887009726040983 vs. 2.4887009726040983
list:
dist: 2.4612962010280612 vs. 2.4612962010280612
list:
dist: 3.566444733330879 vs. 3.566444733330879
list:
dist: 3.5528283794091426 vs. 3.5528283794091426
list:
dist: 4.224476334809254 vs. 4.224476334809254
list:
dist: 3.4281439172526205 vs. 3.4281439172526205
list:
dist: 3.6821795533111503 vs. 3.6821795533111503
list:
dist: 3.3398873052070677 vs. 3.3398873052070677
list:
dist: 4.2280038060219916 vs. 4.2280038060219916
list:
dist: 3.364059222658773 vs. 3.364059222658773
list:
dist: 4.274116997458049 vs. 4.274116997458049
list:
dist: 3.1148304150479875 vs. 3.1148304150479875
list:
dist: 3.7167228404377965 vs. 3.7167228404377965
list:
dist: 3.905436976949541 vs. 3.905436976949541
list:
dist: 3.5691571862858793 vs. 3.5691571862858793
list:
dist: 1.8900985447972198 vs. 1.8900985447972198
list:
dist: 2.2322103798465722 vs. 2.2322103798465722
list:
dist: 5.488118895003747 vs. 5.488118895003747
list:
dist: 4.518298306394624 vs. 4.518298306394624
list:
dist: 4.473024094474625 vs. 4.473024094474625
list:
dist: 5.036202252029688 vs. 5.036202252029688
list:
dist: 4.224594902774361 vs. 4.224594902774361
list:
dist: 4.9346115514784445 vs. 4.9346115514784445
list:
dist: 3.723152675245615 vs. 3.723152675245615
list:
dist: 2.9117887358190737 vs. 2.9117887358190737
list:
dist: 5.057835053868465 vs. 5.057835053868465
list:
dist: 3.44737404146187 vs. 3.44737404146187
list:
dist: 3.3684230658791323 vs. 3.3684230658791323
list:
dist: 3.1262009338915786 vs. 3.1262009338915786
list:
dist: 2.8346515394822083 vs. 2.8346515394822083
list:
dist: 2.9364768430649137 vs. 2.9364768430649137
list:
dist: 3.07034203512342 vs. 3.07034203512342
list:
dist: 2.1196857686187736 vs. 2.1196857686187736
list:
dist: 2.6033659573722407 vs. 2.6033659573722407
list:
dist: 2.9786429469567466 vs. 2.9786429469567466
list:
dist: 4.1786024806258055 vs. 4.1786024806258055
list:
dist: 1.897288790207339 vs. 1.897288790207339
list:
dist: 4.546148085163777 vs. 4.546148085163777
list:
dist: 4.074987394012442 vs. 4.074987394012442
list:
dist: 1.4538902000165805 vs. 1.4538902000165805
list:
dist: 1.9761257443069793 vs. 1.9761257443069793
list:
dist: 1.2731481410391197 vs. 1.2731481410391197
list:
dist: 1.7262325659637652 vs. 1.7262325659637652
list:
dist: 0.7544767795956835 vs. 0.7544767795956835
list:
dist: 1.499262403474395 vs. 1.499262403474395
list:
dist: 1.2454397611952035 vs. 1.2454397611952035
list:
dist: 1.8669431545222743 vs. 1.8669431545222743
list:
dist: 1.9628294739700118 vs. 1.9628294739700118
list:
dist: 1.794321050815038 vs. 1.794321050815038
list:
dist: 0.794942494423424 vs. 0.794942494423424
list:
dist: 2.362069471796175 vs. 2.362069471796175
list:
dist: 1.2839108155455423 vs. 1.2839108155455423
list:
dist: 0.96919511808 vs. 0.96919511808
list:
dist: 2.0542167067817148 vs. 2.0542167067817148
list:
dist: 1.3705980038902732 vs. 1.3705980038902732
list:
dist: 0.9486263494107622 vs. 0.9486263494107622
list:
dist: 1.1767040371437167 vs. 1.1767040371437167
list:
dist: 4.002273260454383 vs. 4.002273260454383
list:
dist: 4.858633756042531 vs. 4.858633756042531
list:
dist: 4.5406053209987824 vs. 4.5406053209987824
list:
dist: 1.175252311650467 vs. 1.175252311650467
list:
dist: 1.0345449770733788 vs. 1.0345449770733788
list:
dist: 0.6855468723396612 vs. 0.6855468723396612
list:
dist: 5.207381873753953 vs. 5.207381873753953
list:
dist: 4.103331883410972 vs. 4.103331883410972
list:
dist: 4.209444788735296 vs. 4.209444788735296
list:
dist: 4.701550042214691 vs. 4.701550042214691
list:
dist: 4.035887318793554 vs. 4.035887318793554
list:
dist: 4.554375404353146 vs. 4.554375404353146
list:
dist: 3.607052865437278 vs. 3.607052865437278
list:
dist: 2.73195896347494 vs. 2.73195896347494
list:
dist: 4.848112771216285 vs. 4.848112771216285
list:
dist: 3.3977799736618683 vs. 3.3977799736618683
list:
dist: 3.319522538531038 vs. 3.319522538531038
list:
dist: 3.0347406908309247 vs. 3.0347406908309247
list:
dist: 2.746016078451921 vs. 2.746016078451921
list:
dist: 2.72005770716568 vs. 2.72005770716568
list:
dist: 2.957603488051158 vs. 2.957603488051158
list:
dist: 2.2220876669697027 vs. 2.2220876669697027
list:
dist: 2.7794875099930767 vs. 2.7794875099930767
list:
dist: 2.648538034006022 vs. 2.648538034006022
list:
dist: 3.9177555370135657 vs. 3.9177555370135657
list:
dist: 1.2081947037594851 vs. 1.2081947037594851
list:
dist: 3.8054831426989955 vs. 3.8054831426989955
list:
dist: 3.3736449380417004 vs. 3.3736449380417004
list:
dist: 1.156024983129094 vs. 1.156024983129094
list:
dist: 1.9485832886057322 vs. 1.9485832886057322
list:
dist: 1.107067322573596 vs. 1.107067322573596
list:
dist: 1.601060702878826 vs. 1.601060702878826
list:
dist: 0.42694586705430293 vs. 0.42694586705430293
list:
dist: 0.736859356867432 vs. 0.736859356867432
list:
dist: 0.9079508035903754 vs. 0.9079508035903754
list:
dist: 1.948210640679444 vs. 1.948210640679444
list:
dist: 2.00872471229262 vs. 2.00872471229262
list:
dist: 1.4401452732793287 vs. 1.4401452732793287
list:
dist: 0.794942494423424 vs. 0.794942494423424
list:
dist: 1.97619642394766 vs. 1.97619642394766
list:
dist: 0.6016078558340116 vs. 0.6016078558340116
list:
dist: 1.033087705994231 vs. 1.033087705994231
list:
dist: 1.5276062123640126 vs. 1.5276062123640126
list:
dist: 1.6893523631653926 vs. 1.6893523631653926
list:
dist: 1.2878934272074194 vs. 1.2878934272074194
list:
dist: 1.7102037276891116 vs. 1.7102037276891116
list:
dist: 3.3652785133358885 vs. 3.3652785133358885
list:
dist: 4.143917938552298 vs. 4.143917938552298
list:
dist: 3.88753474061307 vs. 3.88753474061307
list:
dist: 0.9971422080245085 vs. 0.9971422080245085
list:
dist: 0.7724162412442392 vs. 0.7724162412442392
list:
dist: 0.743112417029822 vs. 0.743112417029822
list:
dist: 2.449616675198538 vs. 2.449616675198538
list:
dist: 3.6626183243516386 vs. 3.6626183243516386
list:
dist: 1.6454395336610377 vs. 1.6454395336610377
list:
dist: 4.465984243887494 vs. 4.465984243887494
list:
dist: 4.0730859874746175 vs. 4.0730859874746175
list:
dist: 0.890114392818127 vs. 0.890114392818127
list:
dist: 1.8398202728202786 vs. 1.8398202728202786
list:
dist: 1.6124286805165424 vs. 1.6124286805165424
list:
dist: 1.9884563550196064 vs. 1.9884563550196064
list:
dist: 0.9074567688622813 vs. 0.9074567688622813
list:
dist: 1.2619736852902992 vs. 1.2619736852902992
list:
dist: 1.3459182529699074 vs. 1.3459182529699074
list:
dist: 1.9601866604883307 vs. 1.9601866604883307
list:
dist: 2.0183322475418155 vs. 2.0183322475418155
list:
dist: 1.5815024128539985 vs. 1.5815024128539985
list:
dist: 0.743112417029822 vs. 0.743112417029822
list:
dist: 0.6855468723396612 vs. 0.6855468723396612
list:
dist: 2.3673025763053186 vs. 2.3673025763053186
list:
dist: 0.8787332815837287 vs. 0.8787332815837287
list:
dist: 1.4939001369288674 vs. 1.4939001369288674
list:
dist: 2.2322103798465722 vs. 2.2322103798465722
list:
dist: 2.0249104105346705 vs. 2.0249104105346705
list:
dist: 1.59349012515004 vs. 1.59349012515004
list:
dist: 1.504434257846133 vs. 1.504434257846133
list:
dist: 4.064498064178329 vs. 4.064498064178329
list:
dist: 4.735973432046234 vs. 4.735973432046234
list:
dist: 4.435012105857223 vs. 4.435012105857223
list:
dist: 0.5171992771075393 vs. 0.5171992771075393
list:
dist: 1.1192540396604025 vs. 1.1192540396604025
list:
dist: 4.825914076080035 vs. 4.825914076080035
list:
dist: 3.666452512685962 vs. 3.666452512685962
list:
dist: 3.894430200324572 vs. 3.894430200324572
list:
dist: 4.360678148435466 vs. 4.360678148435466
list:
dist: 3.6974297392446345 vs. 3.6974297392446345
list:
dist: 4.195342259167677 vs. 4.195342259167677
list:
dist: 3.2963226241248007 vs. 3.2963226241248007
list:
dist: 2.4686106852007526 vs. 2.4686106852007526
list:
dist: 4.495375975873466 vs. 4.495375975873466
list:
dist: 3.360068105037112 vs. 3.360068105037112
list:
dist: 3.0997914870373897 vs. 3.0997914870373897
list:
dist: 3.135304573011504 vs. 3.135304573011504
list:
dist: 2.9572917747769596 vs. 2.9572917747769596
list:
dist: 2.7574722740150777 vs. 2.7574722740150777
list:
dist: 2.9566244455803763 vs. 2.9566244455803763
list:
dist: 2.5879810010835094 vs. 2.5879810010835094
list:
dist: 3.051897090531765 vs. 3.051897090531765
list:
dist: 2.200968924355505 vs. 2.200968924355505
list:
dist: 3.483608543812927 vs. 3.483608543812927
list:
dist: 0.9037266121570712 vs. 0.9037266121570712
list:
dist: 3.63776641205075 vs. 3.63776641205075
list:
dist: 3.2951285377620394 vs. 3.2951285377620394
list:
dist: 0.8221679432580058 vs. 0.8221679432580058
list:
dist: 1.9155103893747731 vs. 1.9155103893747731
list:
dist: 1.5158032673675217 vs. 1.5158032673675217
list:
dist: 1.8798286111497444 vs. 1.8798286111497444
list:
dist: 0.8861722686286918 vs. 0.8861722686286918
list:
dist: 0.47739470468874456 vs. 0.47739470468874456
list:
dist: 1.1356740266852579 vs. 1.1356740266852579
list:
dist: 2.0949829864090366 vs. 2.0949829864090366
list:
dist: 2.119146082276955 vs. 2.119146082276955
list:
dist: 1.2901675840370745 vs. 1.2901675840370745
list:
dist: 0.6016078558340116 vs. 0.6016078558340116
list:
dist: 1.2839108155455423 vs. 1.2839108155455423
list:
dist: 1.966370462522963 vs. 1.966370462522963
list:
dist: 1.6190450673802308 vs. 1.6190450673802308
list:
dist: 1.7243736909108527 vs. 1.7243736909108527
list:
dist: 2.2840047342273837 vs. 2.2840047342273837
list:
dist: 1.8888572163986939 vs. 1.8888572163986939
list:
dist: 2.0660810015436875 vs. 2.0660810015436875
list:
dist: 3.381861023757677 vs. 3.381861023757677
list:
dist: 3.975063882352837 vs. 3.975063882352837
list:
dist: 3.7662022631051775 vs. 3.7662022631051775
list:
dist: 0.8251126769005018 vs. 0.8251126769005018
list:
dist: 1.1371066569763575 vs. 1.1371066569763575
list:
dist: 0.8787332815837287 vs. 0.8787332815837287
list:
dist: 3.749908145629427 vs. 3.749908145629427
list:
dist: 4.0167394155270895 vs. 4.0167394155270895
list:
dist: 3.1431664768953014 vs. 3.1431664768953014
list:
dist: 2.6488367869224887 vs. 2.6488367869224887
list:
dist: 3.000210521125922 vs. 3.000210521125922
list:
dist: 3.2824826322275014 vs. 3.2824826322275014
list:
dist: 1.8261706365610997 vs. 1.8261706365610997
list:
dist: 2.530158330785792 vs. 2.530158330785792
list:
dist: 2.265388883646523 vs. 2.265388883646523
list:
dist: 2.5036715180158584 vs. 2.5036715180158584
list:
dist: 1.1120523099683082 vs. 1.1120523099683082
list:
dist: 1.6441792845222365 vs. 1.6441792845222365
list:
dist: 1.1278138837658402 vs. 1.1278138837658402
list:
dist: 1.8987720918151836 vs. 1.8987720918151836
list:
dist: 1.4601140155961156 vs. 1.4601140155961156
list:
dist: 2.169179991945143 vs. 2.169179991945143
list:
dist: 2.2865661645230757 vs. 2.2865661645230757
list:
dist: 2.2803610114893016 vs. 2.2803610114893016
list:
dist: 1.2878934272074194 vs. 1.2878934272074194
list:
dist: 0.9486263494107622 vs. 0.9486263494107622
list:
dist: 2.4789645233987145 vs. 2.4789645233987145
list:
dist: 1.8888572163986939 vs. 1.8888572163986939
list:
dist: 0.4342927282708079 vs. 0.4342927282708079
list:
dist: 1.8079990929053615 vs. 1.8079990929053615
list:
dist: 0.44591556398737714 vs. 0.44591556398737714
list:
dist: 1.5345139705268505 vs. 1.5345139705268505
list:
dist: 2.0395643975949076 vs. 2.0395643975949076
list:
dist: 1.2808477679875026 vs. 1.2808477679875026
list:
dist: 1.59349012515004 vs. 1.59349012515004
list:
dist: 3.2990325208828346 vs. 3.2990325208828346
list:
dist: 4.571042976936356 vs. 4.571042976936356
list:
dist: 1.841433722362049 vs. 1.841433722362049
list:
dist: 3.946246726108974 vs. 3.946246726108974
list:
dist: 3.480380155893284 vs. 3.480380155893284
list:
dist: 1.7735414189118848 vs. 1.7735414189118848
list:
dist: 2.6944210246771543 vs. 2.6944210246771543
list:
dist: 1.6250093861207713 vs. 1.6250093861207713
list:
dist: 2.2191191208398515 vs. 2.2191191208398515
list:
dist: 1.0988768538402944 vs. 1.0988768538402944
list:
dist: 1.3133860180835162 vs. 1.3133860180835162
list:
dist: 1.6109425721034365 vs. 1.6109425721034365
list:
dist: 2.654129211208903 vs. 2.654129211208903
list:
dist: 2.729609592021775 vs. 2.729609592021775
list:
dist: 2.2098487933489066 vs. 2.2098487933489066
list:
dist: 0.7724162412442392 vs. 0.7724162412442392
list:
dist: 1.0345449770733788 vs. 1.0345449770733788
list:
dist: 2.6792768857617277 vs. 2.6792768857617277
list:
dist: 1.1371066569763575 vs. 1.1371066569763575
list:
dist: 0.9488745621492916 vs. 0.9488745621492916
list:
dist: 1.8900985447972198 vs. 1.8900985447972198
list:
dist: 1.6809397913742237 vs. 1.6809397913742237
list:
dist: 1.2808477679875026 vs. 1.2808477679875026
list:
dist: 2.1875273427111255 vs. 2.1875273427111255
list:
dist: 3.223160889229069 vs. 3.223160889229069
list:
dist: 3.9727127270505784 vs. 3.9727127270505784
list:
dist: 3.5724944170483837 vs. 3.5724944170483837
list:
dist: 1.2515238024677706 vs. 1.2515238024677706
list:
dist: 1.1192540396604025 vs. 1.1192540396604025
list:
dist: 6.0417089227292236 vs. 6.0417089227292236
list:
dist: 4.984032269783775 vs. 4.984032269783775
list:
dist: 4.972902310339017 vs. 4.972902310339017
list:
dist: 5.4628048257068915 vs. 5.4628048257068915
list:
dist: 4.865028386991551 vs. 4.865028386991551
list:
dist: 5.327480915003729 vs. 5.327480915003729
list:
dist: 4.433482974199748 vs. 4.433482974199748
list:
dist: 3.5166658119744794 vs. 3.5166658119744794
list:
dist: 5.672075727377482 vs. 5.672075727377482
list:
dist: 3.8337485050025077 vs. 3.8337485050025077
list:
dist: 4.051296556830946 vs. 4.051296556830946
list:
dist: 3.223095684374817 vs. 3.223095684374817
list:
dist: 2.729984799159592 vs. 2.729984799159592
list:
dist: 3.0097716965719234 vs. 3.0097716965719234
list:
dist: 3.339438118569502 vs. 3.339438118569502
list:
dist: 1.999467541917621 vs. 1.999467541917621
list:
dist: 2.7414383586925033 vs. 2.7414383586925033
list:
dist: 3.609028988734938 vs. 3.609028988734938
list:
dist: 4.853102787752789 vs. 4.853102787752789
list:
dist: 2.0103485622473087 vs. 2.0103485622473087
list:
dist: 4.043678380516085 vs. 4.043678380516085
list:
dist: 3.4913619850991435 vs. 3.4913619850991435
list:
dist: 2.1303254947878787 vs. 2.1303254947878787
list:
dist: 2.545027994395471 vs. 2.545027994395471
list:
dist: 1.052745096884532 vs. 1.052745096884532
list:
dist: 1.665470862596227 vs. 1.665470862596227
list:
dist: 0.9705060659039437 vs. 0.9705060659039437
list:
dist: 1.6000911149278734 vs. 1.6000911149278734
list:
dist: 1.3465144484136264 vs. 1.3465144484136264
list:
dist: 2.2806693182513387 vs. 2.2806693182513387
list:
dist: 2.3834625372833043 vs. 2.3834625372833043
list:
dist: 2.181577112964605 vs. 2.181577112964605
list:
dist: 1.033087705994231 vs. 1.033087705994231
list:
dist: 0.96919511808 vs. 0.96919511808
list:
dist: 2.3851185385280984 vs. 2.3851185385280984
list:
dist: 1.6190450673802308 vs. 1.6190450673802308
list:
dist: 1.545041429144276 vs. 1.545041429144276
list:
dist: 0.7613292008054595 vs. 0.7613292008054595
list:
dist: 0.4342927282708079 vs. 0.4342927282708079
list:
dist: 1.7859389367719294 vs. 1.7859389367719294
list:
dist: 3.2970102897279263 vs. 3.2970102897279263
list:
dist: 4.338063519780172 vs. 4.338063519780172
list:
dist: 4.019644068458274 vs. 4.019644068458274
list:
dist: 1.8720028968652855 vs. 1.8720028968652855
list:
dist: 0.9488745621492916 vs. 0.9488745621492916
list:
dist: 1.4939001369288674 vs. 1.4939001369288674
list:
dist: 4.774010705269514 vs. 4.774010705269514
list:
dist: 3.5774275485519054 vs. 3.5774275485519054
list:
dist: 3.802817438452255 vs. 3.802817438452255
list:
dist: 4.221614930359777 vs. 4.221614930359777
list:
dist: 3.7137718682923575 vs. 3.7137718682923575
list:
dist: 4.038551969289585 vs. 4.038551969289585
list:
dist: 3.373518218505172 vs. 3.373518218505172
list:
dist: 2.471142380707577 vs. 2.471142380707577
list:
dist: 4.484907194750536 vs. 4.484907194750536
list:
dist: 3.2216128325432285 vs. 3.2216128325432285
list:
dist: 3.148923981979652 vs. 3.148923981979652
list:
dist: 2.880774848492372 vs. 2.880774848492372
list:
dist: 2.6614120994717876 vs. 2.6614120994717876
list:
dist: 2.4655802111411953 vs. 2.4655802111411953
list:
dist: 2.758236905309535 vs. 2.758236905309535
list:
dist: 2.38159907415827 vs. 2.38159907415827
list:
dist: 2.898661801198413 vs. 2.898661801198413
list:
dist: 2.2865697401287806 vs. 2.2865697401287806
list:
dist: 3.5599643836383383 vs. 3.5599643836383383
list:
dist: 0.5327557658024439 vs. 0.5327557658024439
list:
dist: 3.236841048235545 vs. 3.236841048235545
list:
dist: 2.880645207863181 vs. 2.880645207863181
list:
dist: 1.1163075045094926 vs. 1.1163075045094926
list:
dist: 1.9100048041228288 vs. 1.9100048041228288
list:
dist: 1.3038558478526958 vs. 1.3038558478526958
list:
dist: 1.6326357329372922 vs. 1.6326357329372922
list:
dist: 0.8788170931001075 vs. 0.8788170931001075
list:
dist: 0.932574512161591 vs. 0.932574512161591
list:
dist: 2.0244257489725266 vs. 2.0244257489725266
list:
dist: 2.04166912255507 vs. 2.04166912255507
list:
dist: 1.1627468569461277 vs. 1.1627468569461277
list:
dist: 0.736859356867432 vs. 0.736859356867432
list:
dist: 1.499262403474395 vs. 1.499262403474395
list:
dist: 1.6234323667023312 vs. 1.6234323667023312
list:
dist: 0.47739470468874456 vs. 0.47739470468874456
list:
dist: 1.6000911149278734 vs. 1.6000911149278734
list:
dist: 1.3042663349233565 vs. 1.3042663349233565
list:
dist: 2.2368095764376736 vs. 2.2368095764376736
list:
dist: 1.8987720918151836 vs. 1.8987720918151836
list:
dist: 2.176023290321968 vs. 2.176023290321968
list:
dist: 3.051092292203743 vs. 3.051092292203743
list:
dist: 3.725959713202999 vs. 3.725959713202999
list:
dist: 3.5946370688563976 vs. 3.5946370688563976
list:
dist: 1.2977099435379293 vs. 1.2977099435379293
list:
dist: 1.3133860180835162 vs. 1.3133860180835162
list:
dist: 1.2619736852902992 vs. 1.2619736852902992
list:
dist: 2.107659298864925 vs. 2.107659298864925
list:
dist: 1.5296576873327878 vs. 1.5296576873327878
list:
dist: 1.4357085005888464 vs. 1.4357085005888464
list:
dist: 1.432523100568054 vs. 1.432523100568054
list:
dist: 1.1180743747587063 vs. 1.1180743747587063
list:
dist: 1.54085472187376 vs. 1.54085472187376
list:
dist: 1.198179906011473 vs. 1.198179906011473
list:
dist: 3.364059222658773 vs. 3.364059222658773
list:
dist: 2.8215978533003363 vs. 2.8215978533003363
list:
dist: 2.122895507910668 vs. 2.122895507910668
list:
dist: 3.168995388062187 vs. 3.168995388062187
list:
dist: 2.8588621521933586 vs. 2.8588621521933586
list:
dist: 1.1639490841707778 vs. 1.1639490841707778
list:
dist: 2.152583237008562 vs. 2.152583237008562
list:
dist: 1.7262551535451591 vs. 1.7262551535451591
list:
dist: 2.6111351716738778 vs. 2.6111351716738778
list:
dist: 0.9961834103621925 vs. 0.9961834103621925
list:
dist: 1.25099143109119 vs. 1.25099143109119
list:
dist: 1.7249894418661835 vs. 1.7249894418661835
list:
dist: 1.6773117291864865 vs. 1.6773117291864865
list:
dist: 0.503032338402329 vs. 0.503032338402329
list:
dist: 0.9924078785676665 vs. 0.9924078785676665
list:
dist: 0.5696849873280497 vs. 0.5696849873280497
list:
dist: 1.301997087578249 vs. 1.301997087578249
list:
dist: 1.6348407383836352 vs. 1.6348407383836352
list:
dist: 0.43021940799609387 vs. 0.43021940799609387
list:
dist: 0.7194377529637296 vs. 0.7194377529637296
list:
dist: 1.1831839064635312 vs. 1.1831839064635312
list:
dist: 0.9141570369473911 vs. 0.9141570369473911
list:
dist: 3.4885271290520667 vs. 3.4885271290520667
list:
dist: 3.125794558219997 vs. 3.125794558219997
list:
dist: 3.2214397339409837 vs. 3.2214397339409837
list:
dist: 4.007751538363621 vs. 4.007751538363621
list:
dist: 4.05819838785832 vs. 4.05819838785832
list:
dist: 3.4248935452866354 vs. 3.4248935452866354
list:
dist: 3.784545803306892 vs. 3.784545803306892
list:
dist: 3.45238974655556 vs. 3.45238974655556
list:
dist: 3.7338672409510067 vs. 3.7338672409510067
list:
dist: 2.8422681062678237 vs. 2.8422681062678237
list:
dist: 2.8444617124905824 vs. 2.8444617124905824
list:
dist: 2.342250452463959 vs. 2.342250452463959
list:
dist: 3.1972150319307935 vs. 3.1972150319307935
list:
dist: 2.9204072668803622 vs. 2.9204072668803622
list:
dist: 3.6845545849498027 vs. 3.6845545849498027
list:
dist: 2.7178302602940634 vs. 2.7178302602940634
list:
dist: 2.6618167595874054 vs. 2.6618167595874054
list:
dist: 4.140849661972191 vs. 4.140849661972191
list:
dist: 4.175810937940827 vs. 4.175810937940827
list:
dist: 4.068840388426743 vs. 4.068840388426743
list:
dist: 3.9201316242065913 vs. 3.9201316242065913
list:
dist: 3.850620722893095 vs. 3.850620722893095
list:
dist: 1.8575821807017268 vs. 1.8575821807017268
list:
dist: 1.9841250128181562 vs. 1.9841250128181562
list:
dist: 2.4359844864874036 vs. 2.4359844864874036
list:
dist: 2.5178627463425625 vs. 2.5178627463425625
list:
dist: 1.914404913599802 vs. 1.914404913599802
list:
dist: 2.1334063950077713 vs. 2.1334063950077713
list:
dist: 1.9994302606635452 vs. 1.9994302606635452
list:
dist: 2.865809321810051 vs. 2.865809321810051
list:
dist: 4.204525820926836 vs. 4.204525820926836
list:
dist: 3.8016280340779316 vs. 3.8016280340779316
list:
dist: 3.7423663152356617 vs. 3.7423663152356617
list:
dist: 4.3657632211605195 vs. 4.3657632211605195
list:
dist: 3.9417531026039807 vs. 3.9417531026039807
list:
dist: 4.617841831284984 vs. 4.617841831284984
list:
dist: 1.2756616078724015 vs. 1.2756616078724015
list:
dist: 2.7741981340932886 vs. 2.7741981340932886
list:
dist: 0.6608419461730947 vs. 0.6608419461730947
list:
dist: 1.3629711230253039 vs. 1.3629711230253039
list:
dist: 1.6808665493444208 vs. 1.6808665493444208
list:
dist: 1.6331624747902944 vs. 1.6331624747902944
list:
dist: 1.2143065860858044 vs. 1.2143065860858044
list:
dist: 3.2446826216202926 vs. 3.2446826216202926
list:
dist: 3.415833950029317 vs. 3.415833950029317
list:
dist: 3.424195374256678 vs. 3.424195374256678
list:
dist: 2.880645207863181 vs. 2.880645207863181
list:
dist: 3.254902024489085 vs. 3.254902024489085
list:
dist: 4.2663708920926044 vs. 4.2663708920926044
list:
dist: 4.265980796047314 vs. 4.265980796047314
list:
dist: 3.54648531182363 vs. 3.54648531182363
list:
dist: 3.3736449380417004 vs. 3.3736449380417004
list:
dist: 4.074987394012442 vs. 4.074987394012442
list:
dist: 3.090387903435175 vs. 3.090387903435175
list:
dist: 3.2951285377620394 vs. 3.2951285377620394
list:
dist: 3.4913619850991435 vs. 3.4913619850991435
list:
dist: 2.230486950338076 vs. 2.230486950338076
list:
dist: 3.0341859912981053 vs. 3.0341859912981053
list:
dist: 2.7053246561545428 vs. 2.7053246561545428
list:
dist: 3.7641337996378184 vs. 3.7641337996378184
list:
dist: 3.8042925025282956 vs. 3.8042925025282956
list:
dist: 2.008283779389256 vs. 2.008283779389256
list:
dist: 2.994960844359197 vs. 2.994960844359197
list:
dist: 2.824183195916922 vs. 2.824183195916922
list:
dist: 3.1016944555897696 vs. 3.1016944555897696
list:
dist: 1.097564203673249 vs. 1.097564203673249
list:
dist: 1.8820046555352632 vs. 1.8820046555352632
list:
dist: 2.3410495688840287 vs. 2.3410495688840287
list:
dist: 2.894421737837415 vs. 2.894421737837415
list:
dist: 1.520034722391903 vs. 1.520034722391903
list:
dist: 2.211711438033018 vs. 2.211711438033018
list:
dist: 1.6812048850058592 vs. 1.6812048850058592
list:
dist: 2.6348381946212873 vs. 2.6348381946212873
list:
dist: 1.4357085005888464 vs. 1.4357085005888464
list:
dist: 2.862367180796691 vs. 2.862367180796691
list:
dist: 1.0779988571333947 vs. 1.0779988571333947
list:
dist: 1.894750515008458 vs. 1.894750515008458
list:
dist: 2.3268565054647956 vs. 2.3268565054647956
list:
dist: 1.518264262524543 vs. 1.518264262524543
list:
dist: 3.480380155893284 vs. 3.480380155893284
list:
dist: 4.0730859874746175 vs. 4.0730859874746175
list:
dist: 3.404899453143779 vs. 3.404899453143779
list:
dist: 0.7534534864351683 vs. 0.7534534864351683
list:
dist: 1.2756616078724015 vs. 1.2756616078724015
list:
dist: 1.9972795101693357 vs. 1.9972795101693357
list:
dist: 2.3919090744249396 vs. 2.3919090744249396
list:
dist: 1.604304275195915 vs. 1.604304275195915
list:
dist: 2.2713006101955826 vs. 2.2713006101955826
list:
dist: 2.8291100572956984 vs. 2.8291100572956984
list:
dist: 2.9776929872381914 vs. 2.9776929872381914
list:
dist: 3.4821874213260466 vs. 3.4821874213260466
list:
dist: 3.4864718798635668 vs. 3.4864718798635668
list:
dist: 1.9275543924726461 vs. 1.9275543924726461
list:
dist: 3.1276311788365105 vs. 3.1276311788365105
list:
dist: 3.1816096409046333 vs. 3.1816096409046333
list:
dist: 2.7085986792100827 vs. 2.7085986792100827
list:
dist: 2.2584474421629417 vs. 2.2584474421629417
list:
dist: 2.403356646042791 vs. 2.403356646042791
list:
dist: 3.1186000371179974 vs. 3.1186000371179974
list:
dist: 3.7449031537467965 vs. 3.7449031537467965
list:
dist: 2.144203173273956 vs. 2.144203173273956
list:
dist: 3.080456944755881 vs. 3.080456944755881
list:
dist: 2.522790042831022 vs. 2.522790042831022
list:
dist: 3.329321896970908 vs. 3.329321896970908
list:
dist: 2.107659298864925 vs. 2.107659298864925
list:
dist: 3.655517319071607 vs. 3.655517319071607
list:
dist: 1.7472142646764803 vs. 1.7472142646764803
list:
dist: 2.480937285071536 vs. 2.480937285071536
list:
dist: 3.025405707243787 vs. 3.025405707243787
list:
dist: 1.7775879525925804 vs. 1.7775879525925804
list:
dist: 4.536125874311695 vs. 4.536125874311695
list:
dist: 4.216684093152409 vs. 4.216684093152409
list:
dist: 4.049741049614088 vs. 4.049741049614088
list:
dist: 4.642010548667477 vs. 4.642010548667477
list:
dist: 4.43974796739669 vs. 4.43974796739669
list:
dist: 5.05391083283806 vs. 5.05391083283806
list:
dist: 0.7534534864351683 vs. 0.7534534864351683
list:
dist: 3.0703995055576923 vs. 3.0703995055576923
list:
dist: 0.6608419461730947 vs. 0.6608419461730947
list:
dist: 1.700252572536872 vs. 1.700252572536872
list:
dist: 1.987077942273258 vs. 1.987077942273258
list:
dist: 1.5847759804959156 vs. 1.5847759804959156
list:
dist: 1.7302960868116792 vs. 1.7302960868116792
list:
dist: 3.747478178971668 vs. 3.747478178971668
list:
dist: 3.8774560829382216 vs. 3.8774560829382216
list:
dist: 3.876991939639417 vs. 3.876991939639417
list:
dist: 3.236841048235545 vs. 3.236841048235545
list:
dist: 3.687683628227538 vs. 3.687683628227538
list:
dist: 4.651278892120044 vs. 4.651278892120044
list:
dist: 4.6349132295066 vs. 4.6349132295066
list:
dist: 3.8504799044325084 vs. 3.8504799044325084
list:
dist: 3.8054831426989955 vs. 3.8054831426989955
list:
dist: 4.546148085163777 vs. 4.546148085163777
list:
dist: 3.4209558177874437 vs. 3.4209558177874437
list:
dist: 3.63776641205075 vs. 3.63776641205075
list:
dist: 4.043678380516085 vs. 4.043678380516085
list:
dist: 2.751180812692696 vs. 2.751180812692696
list:
dist: 2.57525370734203 vs. 2.57525370734203
list:
dist: 2.464798522526583 vs. 2.464798522526583
list:
dist: 3.2910582312853607 vs. 3.2910582312853607
list:
dist: 3.372538734179406 vs. 3.372538734179406
list:
dist: 1.6772840327665042 vs. 1.6772840327665042
list:
dist: 2.6993384714125725 vs. 2.6993384714125725
list:
dist: 2.664128714065708 vs. 2.664128714065708
list:
dist: 2.5810543631505607 vs. 2.5810543631505607
list:
dist: 1.542793718005871 vs. 1.542793718005871
list:
dist: 1.773369786235009 vs. 1.773369786235009
list:
dist: 2.417854148875091 vs. 2.417854148875091
list:
dist: 3.16812520757066 vs. 3.16812520757066
list:
dist: 1.6704505589416003 vs. 1.6704505589416003
list:
dist: 2.4460808921007966 vs. 2.4460808921007966
list:
dist: 1.944685933394104 vs. 1.944685933394104
list:
dist: 2.7265175380717173 vs. 2.7265175380717173
list:
dist: 1.5296576873327878 vs. 1.5296576873327878
list:
dist: 3.1198489797269136 vs. 3.1198489797269136
list:
dist: 1.192827289889627 vs. 1.192827289889627
list:
dist: 1.876399793115941 vs. 1.876399793115941
list:
dist: 2.3820596414920296 vs. 2.3820596414920296
list:
dist: 1.2550031406746278 vs. 1.2550031406746278
list:
dist: 3.946246726108974 vs. 3.946246726108974
list:
dist: 4.465984243887494 vs. 4.465984243887494
list:
dist: 4.456882009610649 vs. 4.456882009610649
list:
dist: 4.143266393563052 vs. 4.143266393563052
list:
dist: 3.7009116115679364 vs. 3.7009116115679364
list:
dist: 3.892903557724965 vs. 3.892903557724965
list:
dist: 4.294054370897697 vs. 4.294054370897697
list:
dist: 4.246298605741773 vs. 4.246298605741773
list:
dist: 3.1124330376733798 vs. 3.1124330376733798
list:
dist: 3.202833302787463 vs. 3.202833302787463
list:
dist: 3.4872356720310997 vs. 3.4872356720310997
list:
dist: 3.7092524350416034 vs. 3.7092524350416034
list:
dist: 3.4073791333667063 vs. 3.4073791333667063
list:
dist: 3.7259045086310922 vs. 3.7259045086310922
list:
dist: 3.3679267738121577 vs. 3.3679267738121577
list:
dist: 1.9972795101693357 vs. 1.9972795101693357
list:
dist: 1.700252572536872 vs. 1.700252572536872
list:
dist: 1.3629711230253039 vs. 1.3629711230253039
list:
dist: 0.6518288634893884 vs. 0.6518288634893884
list:
dist: 0.9453483321880153 vs. 0.9453483321880153
list:
dist: 0.7862577010969768 vs. 0.7862577010969768
list:
dist: 2.9517528645879025 vs. 2.9517528645879025
list:
dist: 3.949760587904574 vs. 3.949760587904574
list:
dist: 3.460306574598651 vs. 3.460306574598651
list:
dist: 4.387495158897781 vs. 4.387495158897781
list:
dist: 3.9292743431371746 vs. 3.9292743431371746
list:
dist: 2.0911749952141574 vs. 2.0911749952141574
list:
dist: 3.525408167788984 vs. 3.525408167788984
list:
dist: 3.1501133830758814 vs. 3.1501133830758814
list:
dist: 3.7023801031537906 vs. 3.7023801031537906
list:
dist: 1.5259550888114592 vs. 1.5259550888114592
list:
dist: 2.5626337761748013 vs. 2.5626337761748013
list:
dist: 2.9858778425847534 vs. 2.9858778425847534
list:
dist: 2.350401936971126 vs. 2.350401936971126
list:
dist: 1.0525590792750674 vs. 1.0525590792750674
list:
dist: 2.0303942135402466 vs. 2.0303942135402466
list:
dist: 1.322854775218308 vs. 1.322854775218308
list:
dist: 2.5698464798945766 vs. 2.5698464798945766
list:
dist: 1.432523100568054 vs. 1.432523100568054
list:
dist: 2.2034594201760433 vs. 2.2034594201760433
list:
dist: 1.1194172151891928 vs. 1.1194172151891928
list:
dist: 2.1503164050105563 vs. 2.1503164050105563
list:
dist: 2.564491446869238 vs. 2.564491446869238
list:
dist: 2.0686225594129377 vs. 2.0686225594129377
list:
dist: 3.8737586064845764 vs. 3.8737586064845764
list:
dist: 3.3337758909714275 vs. 3.3337758909714275
list:
dist: 2.522790042831022 vs. 2.522790042831022
list:
dist: 1.944685933394104 vs. 1.944685933394104
list:
dist: 1.6812048850058592 vs. 1.6812048850058592
list:
dist: 1.322854775218308 vs. 1.322854775218308
list:
dist: 0.828457942157934 vs. 0.828457942157934
list:
dist: 1.6945012163011555 vs. 1.6945012163011555
list:
dist: 0.9608769976209782 vs. 0.9608769976209782
list:
dist: 3.3398873052070677 vs. 3.3398873052070677
list:
dist: 3.34958510387512 vs. 3.34958510387512
list:
dist: 2.5477440399607123 vs. 2.5477440399607123
list:
dist: 3.6664090409670065 vs. 3.6664090409670065
list:
dist: 3.267234658406738 vs. 3.267234658406738
list:
dist: 1.6495359328342478 vs. 1.6495359328342478
list:
dist: 2.578129057645982 vs. 2.578129057645982
list:
dist: 2.0438707944867778 vs. 2.0438707944867778
list:
dist: 3.1475664166878263 vs. 3.1475664166878263
list:
dist: 0.9929291670924022 vs. 0.9929291670924022
list:
dist: 1.670844584082495 vs. 1.670844584082495
list:
dist: 1.9227820872126689 vs. 1.9227820872126689
list:
dist: 1.2405334257860237 vs. 1.2405334257860237
list:
dist: 0.5194238601755379 vs. 0.5194238601755379
list:
dist: 0.7158419160148937 vs. 0.7158419160148937
list:
dist: 1.2670555839607036 vs. 1.2670555839607036
list:
dist: 0.5696849873280497 vs. 0.5696849873280497
list:
dist: 1.1894840226901133 vs. 1.1894840226901133
list:
dist: 0.7818063733555454 vs. 0.7818063733555454
list:
dist: 1.0770327580484695 vs. 1.0770327580484695
list:
dist: 1.3296542849370276 vs. 1.3296542849370276
list:
dist: 1.4760480335653234 vs. 1.4760480335653234
list:
dist: 3.3332067401365144 vs. 3.3332067401365144
list:
dist: 3.0428683930631335 vs. 3.0428683930631335
list:
dist: 3.5685785287696397 vs. 3.5685785287696397
list:
dist: 4.318790305797038 vs. 4.318790305797038
list:
dist: 4.252518325375252 vs. 4.252518325375252
list:
dist: 3.727592084204156 vs. 3.727592084204156
list:
dist: 4.033452648896735 vs. 4.033452648896735
list:
dist: 3.6700815991363727 vs. 3.6700815991363727
list:
dist: 4.0160715446773985 vs. 4.0160715446773985
list:
dist: 3.087132454284985 vs. 3.087132454284985
list:
dist: 3.038655620120592 vs. 3.038655620120592
list:
dist: 2.640707772968645 vs. 2.640707772968645
list:
dist: 3.5462300237506588 vs. 3.5462300237506588
list:
dist: 3.251862498060232 vs. 3.251862498060232
list:
dist: 4.071547329846563 vs. 4.071547329846563
list:
dist: 3.1385064859522913 vs. 3.1385064859522913
list:
dist: 2.9422051524985666 vs. 2.9422051524985666
list:
dist: 4.250050203442615 vs. 4.250050203442615
list:
dist: 4.294136817516389 vs. 4.294136817516389
list:
dist: 4.256294799343175 vs. 4.256294799343175
list:
dist: 3.9277349525417735 vs. 3.9277349525417735
list:
dist: 3.8846461889111144 vs. 3.8846461889111144
list:
dist: 1.823007737813391 vs. 1.823007737813391
list:
dist: 2.0044091794786736 vs. 2.0044091794786736
list:
dist: 2.3128894789724135 vs. 2.3128894789724135
list:
dist: 2.2076464728118803 vs. 2.2076464728118803
list:
dist: 1.6787906349198634 vs. 1.6787906349198634
list:
dist: 1.9614765680722817 vs. 1.9614765680722817
list:
dist: 1.9976435432142519 vs. 1.9976435432142519
list:
dist: 2.8900652241535356 vs. 2.8900652241535356
list:
dist: 1.7775879525925804 vs. 1.7775879525925804
list:
dist: 1.2550031406746278 vs. 1.2550031406746278
list:
dist: 1.518264262524543 vs. 1.518264262524543
list:
dist: 2.0686225594129377 vs. 2.0686225594129377
list:
dist: 1.9417265665087604 vs. 1.9417265665087604
list:
dist: 1.8742917084944466 vs. 1.8742917084944466
list:
dist: 1.9243584643644698 vs. 1.9243584643644698
list:
dist: 3.5691571862858793 vs. 3.5691571862858793
list:
dist: 1.9390397668794084 vs. 1.9390397668794084
list:
dist: 1.4723485292406333 vs. 1.4723485292406333
list:
dist: 2.382885219518017 vs. 2.382885219518017
list:
dist: 2.372940852958807 vs. 2.372940852958807
list:
dist: 0.8507152125899665 vs. 0.8507152125899665
list:
dist: 1.5403637834036934 vs. 1.5403637834036934
list:
dist: 1.4230714398500348 vs. 1.4230714398500348
list:
dist: 1.7827195338485873 vs. 1.7827195338485873
list:
dist: 1.476671785442687 vs. 1.476671785442687
list:
dist: 0.7838357920129355 vs. 0.7838357920129355
list:
dist: 1.594464121661747 vs. 1.594464121661747
list:
dist: 2.44726341481762 vs. 2.44726341481762
list:
dist: 1.3168345565248392 vs. 1.3168345565248392
list:
dist: 1.6854547370769115 vs. 1.6854547370769115
list:
dist: 1.4760480335653234 vs. 1.4760480335653234
list:
dist: 1.6883442527253145 vs. 1.6883442527253145
list:
dist: 0.9141570369473911 vs. 0.9141570369473911
list:
dist: 2.435602128020814 vs. 2.435602128020814
list:
dist: 0.9824158710280175 vs. 0.9824158710280175
list:
dist: 0.7983205588007426 vs. 0.7983205588007426
list:
dist: 1.327489714766301 vs. 1.327489714766301
list:
dist: 3.9557709449103844 vs. 3.9557709449103844
list:
dist: 3.5489143346303376 vs. 3.5489143346303376
list:
dist: 2.671225790145912 vs. 2.671225790145912
list:
dist: 3.5702092120089812 vs. 3.5702092120089812
list:
dist: 3.8090572371572753 vs. 3.8090572371572753
list:
dist: 2.9795790732964944 vs. 2.9795790732964944
list:
dist: 3.4286318719189284 vs. 3.4286318719189284
list:
dist: 3.181788897478709 vs. 3.181788897478709
list:
dist: 3.3754686006640138 vs. 3.3754686006640138
list:
dist: 2.59724538812135 vs. 2.59724538812135
list:
dist: 2.7182142979561004 vs. 2.7182142979561004
list:
dist: 1.9671945751914781 vs. 1.9671945751914781
list:
dist: 2.7703003949749005 vs. 2.7703003949749005
list:
dist: 2.479542776434964 vs. 2.479542776434964
list:
dist: 3.0917872601876946 vs. 3.0917872601876946
list:
dist: 2.1111506818147467 vs. 2.1111506818147467
list:
dist: 2.2793830714852787 vs. 2.2793830714852787
list:
dist: 4.0396526678663225 vs. 4.0396526678663225
list:
dist: 4.091356766921879 vs. 4.091356766921879
list:
dist: 3.9046744232995314 vs. 3.9046744232995314
list:
dist: 4.030035309850876 vs. 4.030035309850876
list:
dist: 3.885331126845228 vs. 3.885331126845228
list:
dist: 2.1460934079000613 vs. 2.1460934079000613
list:
dist: 2.155552655114744 vs. 2.155552655114744
list:
dist: 2.718997643312335 vs. 2.718997643312335
list:
dist: 3.06965307273039 vs. 3.06965307273039
list:
dist: 2.398124075673071 vs. 2.398124075673071
list:
dist: 2.5037828452192277 vs. 2.5037828452192277
list:
dist: 2.1524996400708227 vs. 2.1524996400708227
list:
dist: 3.0074248464405517 vs. 3.0074248464405517
list:
dist: 1.9275543924726461 vs. 1.9275543924726461
list:
dist: 1.6772840327665042 vs. 1.6772840327665042
list:
dist: 2.008283779389256 vs. 2.008283779389256
list:
dist: 2.0911749952141574 vs. 2.0911749952141574
list:
dist: 1.9121774449472784 vs. 1.9121774449472784
list:
dist: 1.5823683818144554 vs. 1.5823683818144554
list:
dist: 2.2100389035262573 vs. 2.2100389035262573
list:
dist: 2.3141938388491448 vs. 2.3141938388491448
list:
dist: 2.010024083276402 vs. 2.010024083276402
list:
dist: 2.4052447478089225 vs. 2.4052447478089225
list:
dist: 1.8754965465256361 vs. 1.8754965465256361
list:
dist: 1.7658355493818256 vs. 1.7658355493818256
list:
dist: 1.6290943685537043 vs. 1.6290943685537043
list:
dist: 1.7401151903053167 vs. 1.7401151903053167
list:
dist: 2.056547745593553 vs. 2.056547745593553
list:
dist: 1.5201445756468155 vs. 1.5201445756468155
list:
dist: 2.289826434251967 vs. 2.289826434251967
list:
dist: 2.490060698412011 vs. 2.490060698412011
list:
dist: 1.3138830593577713 vs. 1.3138830593577713
list:
dist: 1.9311173880427768 vs. 1.9311173880427768
list:
dist: 1.6495359328342478 vs. 1.6495359328342478
list:
dist: 1.8542997259988403 vs. 1.8542997259988403
list:
dist: 1.1639490841707778 vs. 1.1639490841707778
list:
dist: 2.394223930631858 vs. 2.394223930631858
list:
dist: 1.2276253754486404 vs. 1.2276253754486404
list:
dist: 1.2114645021139603 vs. 1.2114645021139603
list:
dist: 1.7350246552246906 vs. 1.7350246552246906
list:
dist: 0.8507152125899665 vs. 0.8507152125899665
list:
dist: 3.3470829674918647 vs. 3.3470829674918647
list:
dist: 2.84461353729092 vs. 2.84461353729092
list:
dist: 3.081054526760901 vs. 3.081054526760901
list:
dist: 2.995174549080993 vs. 2.995174549080993
list:
dist: 3.4046827821547736 vs. 3.4046827821547736
list:
dist: 3.702048852661502 vs. 3.702048852661502
list:
dist: 3.0773997497384644 vs. 3.0773997497384644
list:
dist: 3.458593605983088 vs. 3.458593605983088
list:
dist: 3.1349170686212013 vs. 3.1349170686212013
list:
dist: 3.1275439914919727 vs. 3.1275439914919727
list:
dist: 2.395108058717316 vs. 2.395108058717316
list:
dist: 2.37962043812481 vs. 2.37962043812481
list:
dist: 2.2131950731459913 vs. 2.2131950731459913
list:
dist: 2.4085175558922853 vs. 2.4085175558922853
list:
dist: 2.427937788375128 vs. 2.427937788375128
list:
dist: 3.0874883521995837 vs. 3.0874883521995837
list:
dist: 2.087914488695443 vs. 2.087914488695443
list:
dist: 2.5780468061304784 vs. 2.5780468061304784
list:
dist: 3.883757413102448 vs. 3.883757413102448
list:
dist: 3.7776766887761966 vs. 3.7776766887761966
list:
dist: 3.457606462331944 vs. 3.457606462331944
list:
dist: 3.6989991741482435 vs. 3.6989991741482435
list:
dist: 3.7242125171213547 vs. 3.7242125171213547
list:
dist: 2.169093809172127 vs. 2.169093809172127
list:
dist: 2.2759212250853254 vs. 2.2759212250853254
list:
dist: 3.0836076301539053 vs. 3.0836076301539053
list:
dist: 3.2185254087385613 vs. 3.2185254087385613
list:
dist: 2.7694484049961265 vs. 2.7694484049961265
list:
dist: 2.98650047452166 vs. 2.98650047452166
list:
dist: 2.615934693755209 vs. 2.615934693755209
list:
dist: 2.7179254659433187 vs. 2.7179254659433187
list:
dist: 4.621925319193497 vs. 4.621925319193497
list:
dist: 4.376395031871402 vs. 4.376395031871402
list:
dist: 3.846877732664481 vs. 3.846877732664481
list:
dist: 4.13223568013472 vs. 4.13223568013472
list:
dist: 4.590828955964973 vs. 4.590828955964973
list:
dist: 4.5781516004191 vs. 4.5781516004191
list:
dist: 3.432434651899044 vs. 3.432434651899044
list:
dist: 3.3283579413102253 vs. 3.3283579413102253
list:
dist: 3.8247644792756867 vs. 3.8247644792756867
list:
dist: 3.7828341369613874 vs. 3.7828341369613874
list:
dist: 3.5820303011391252 vs. 3.5820303011391252
list:
dist: 3.937103434426922 vs. 3.937103434426922
list:
dist: 3.529039374445736 vs. 3.529039374445736
list:
dist: 2.3919090744249396 vs. 2.3919090744249396
list:
dist: 1.987077942273258 vs. 1.987077942273258
list:
dist: 1.6808665493444208 vs. 1.6808665493444208
list:
dist: 0.6518288634893884 vs. 0.6518288634893884
list:
dist: 1.1910487542958 vs. 1.1910487542958
list:
dist: 0.7826444416007438 vs. 0.7826444416007438
list:
dist: 3.3040616463882118 vs. 3.3040616463882118
list:
dist: 3.8805446835979933 vs. 3.8805446835979933
list:
dist: 3.240231121432345 vs. 3.240231121432345
list:
dist: 4.203876711861617 vs. 4.203876711861617
list:
dist: 3.6517534918348047 vs. 3.6517534918348047
list:
dist: 1.9121774449472784 vs. 1.9121774449472784
list:
dist: 3.24008651773438 vs. 3.24008651773438
list:
dist: 2.7660481478386774 vs. 2.7660481478386774
list:
dist: 3.5853889187423977 vs. 3.5853889187423977
list:
dist: 1.421063175669172 vs. 1.421063175669172
list:
dist: 2.3506588973619253 vs. 2.3506588973619253
list:
dist: 2.702363565782275 vs. 2.702363565782275
list:
dist: 1.7197440501834151 vs. 1.7197440501834151
list:
dist: 0.6624077538412972 vs. 0.6624077538412972
list:
dist: 1.4984215507501817 vs. 1.4984215507501817
list:
dist: 0.828457942157934 vs. 0.828457942157934
list:
dist: 2.037659639773038 vs. 2.037659639773038
list:
dist: 1.1180743747587063 vs. 1.1180743747587063
list:
dist: 1.5574354545626443 vs. 1.5574354545626443
list:
dist: 0.9988972501002351 vs. 0.9988972501002351
list:
dist: 1.8000389688044414 vs. 1.8000389688044414
list:
dist: 2.141749855588932 vs. 2.141749855588932
list:
dist: 1.9417265665087604 vs. 1.9417265665087604
list:
dist: 3.347260155378288 vs. 3.347260155378288
list:
dist: 2.907294078601157 vs. 2.907294078601157
list:
dist: 3.7429809644837886 vs. 3.7429809644837886
list:
dist: 3.46524499515573 vs. 3.46524499515573
list:
dist: 2.940786080923424 vs. 2.940786080923424
list:
dist: 3.2165207601905674 vs. 3.2165207601905674
list:
dist: 3.7040900327532587 vs. 3.7040900327532587
list:
dist: 3.5683626652794516 vs. 3.5683626652794516
list:
dist: 2.4497767032390616 vs. 2.4497767032390616
list:
dist: 2.5534824403448018 vs. 2.5534824403448018
list:
dist: 2.7698863788721684 vs. 2.7698863788721684
list:
dist: 3.2333439783125373 vs. 3.2333439783125373
list:
dist: 2.8284880375327917 vs. 2.8284880375327917
list:
dist: 3.266256934213033 vs. 3.266256934213033
list:
dist: 2.9308106095586286 vs. 2.9308106095586286
list:
dist: 1.604304275195915 vs. 1.604304275195915
list:
dist: 1.5847759804959156 vs. 1.5847759804959156
list:
dist: 1.6331624747902944 vs. 1.6331624747902944
list:
dist: 0.9453483321880153 vs. 0.9453483321880153
list:
dist: 1.1910487542958 vs. 1.1910487542958
list:
dist: 1.5903495353473271 vs. 1.5903495353473271
list:
dist: 3.6181845669318182 vs. 3.6181845669318182
list:
dist: 3.618466896291694 vs. 3.618466896291694
list:
dist: 3.3418822100383205 vs. 3.3418822100383205
list:
dist: 3.9232759224348173 vs. 3.9232759224348173
list:
dist: 3.321038655021472 vs. 3.321038655021472
list:
dist: 1.5823683818144554 vs. 1.5823683818144554
list:
dist: 3.275018683067702 vs. 3.275018683067702
list:
dist: 3.0195030494803907 vs. 3.0195030494803907
list:
dist: 3.1795213999606253 vs. 3.1795213999606253
list:
dist: 2.0541904274734475 vs. 2.0541904274734475
list:
dist: 2.5708829982693358 vs. 2.5708829982693358
list:
dist: 3.2044568923362267 vs. 3.2044568923362267
list:
dist: 2.7300882439808802 vs. 2.7300882439808802
list:
dist: 1.1993443391612555 vs. 1.1993443391612555
list:
dist: 2.368618166567885 vs. 2.368618166567885
list:
dist: 1.6945012163011555 vs. 1.6945012163011555
list:
dist: 2.7109027121786062 vs. 2.7109027121786062
list:
dist: 1.54085472187376 vs. 1.54085472187376
list:
dist: 2.5446564289166864 vs. 2.5446564289166864
list:
dist: 1.2299087227974597 vs. 1.2299087227974597
list:
dist: 2.1746892463003844 vs. 2.1746892463003844
list:
dist: 2.697269186441188 vs. 2.697269186441188
list:
dist: 1.8742917084944466 vs. 1.8742917084944466
list:
dist: 3.6282749771177922 vs. 3.6282749771177922
list:
dist: 2.940803600568471 vs. 2.940803600568471
list:
dist: 2.144203173273956 vs. 2.144203173273956
list:
dist: 1.6704505589416003 vs. 1.6704505589416003
list:
dist: 1.520034722391903 vs. 1.520034722391903
list:
dist: 1.0525590792750674 vs. 1.0525590792750674
list:
dist: 0.6624077538412972 vs. 0.6624077538412972
list:
dist: 1.1993443391612555 vs. 1.1993443391612555
list:
dist: 1.016910882942379 vs. 1.016910882942379
list:
dist: 3.4281439172526205 vs. 3.4281439172526205
list:
dist: 3.2505812590781065 vs. 3.2505812590781065
list:
dist: 2.6093659392802726 vs. 2.6093659392802726
list:
dist: 3.546236179644571 vs. 3.546236179644571
list:
dist: 3.059511778551708 vs. 3.059511778551708
list:
dist: 1.3138830593577713 vs. 1.3138830593577713
list:
dist: 2.583088122084224 vs. 2.583088122084224
list:
dist: 2.138593810278142 vs. 2.138593810278142
list:
dist: 2.9464794198538686 vs. 2.9464794198538686
list:
dist: 1.2098518439656294 vs. 1.2098518439656294
list:
dist: 1.7514751717858936 vs. 1.7514751717858936
list:
dist: 2.2022873903497193 vs. 2.2022873903497193
list:
dist: 1.6364954565662095 vs. 1.6364954565662095
list:
dist: 1.1699185258948241 vs. 1.1699185258948241
list:
dist: 0.5194238601755379 vs. 0.5194238601755379
list:
dist: 1.574561900923883 vs. 1.574561900923883
list:
dist: 0.503032338402329 vs. 0.503032338402329
list:
dist: 1.5170823794690207 vs. 1.5170823794690207
list:
dist: 0.5080221494337239 vs. 0.5080221494337239
list:
dist: 1.1836168899202777 vs. 1.1836168899202777
list:
dist: 1.6027574597231637 vs. 1.6027574597231637
list:
dist: 1.3168345565248392 vs. 1.3168345565248392
list:
dist: 3.2717202205240596 vs. 3.2717202205240596
list:
dist: 2.8481110630250255 vs. 2.8481110630250255
list:
dist: 3.681996609704877 vs. 3.681996609704877
list:
dist: 4.323653878098526 vs. 4.323653878098526
list:
dist: 4.361597464341347 vs. 4.361597464341347
list:
dist: 3.8230943722351456 vs. 3.8230943722351456
list:
dist: 4.151254181440369 vs. 4.151254181440369
list:
dist: 3.782250606822505 vs. 3.782250606822505
list:
dist: 4.010201691669068 vs. 4.010201691669068
list:
dist: 3.1204714447484947 vs. 3.1204714447484947
list:
dist: 3.04634383427992 vs. 3.04634383427992
list:
dist: 2.7702656551171674 vs. 2.7702656551171674
list:
dist: 3.444428290280366 vs. 3.444428290280366
list:
dist: 3.2754173160027937 vs. 3.2754173160027937
list:
dist: 4.065762259301899 vs. 4.065762259301899
list:
dist: 3.0904196701123556 vs. 3.0904196701123556
list:
dist: 3.102713813045196 vs. 3.102713813045196
list:
dist: 4.391856468121929 vs. 4.391856468121929
list:
dist: 4.362507804449623 vs. 4.362507804449623
list:
dist: 4.222101997746921 vs. 4.222101997746921
list:
dist: 4.0384820089940385 vs. 4.0384820089940385
list:
dist: 4.062241505465835 vs. 4.062241505465835
list:
dist: 2.0842702494022074 vs. 2.0842702494022074
list:
dist: 2.2787750307858805 vs. 2.2787750307858805
list:
dist: 2.7443990741025246 vs. 2.7443990741025246
list:
dist: 2.6423885877673166 vs. 2.6423885877673166
list:
dist: 2.1592009458697574 vs. 2.1592009458697574
list:
dist: 2.436964913796165 vs. 2.436964913796165
list:
dist: 2.38494495237487 vs. 2.38494495237487
list:
dist: 3.0023100817235444 vs. 3.0023100817235444
list:
dist: 5.217756128453855 vs. 5.217756128453855
list:
dist: 4.920115810235041 vs. 4.920115810235041
list:
dist: 4.446365185630018 vs. 4.446365185630018
list:
dist: 4.67008453493992 vs. 4.67008453493992
list:
dist: 5.080064039355855 vs. 5.080064039355855
list:
dist: 5.024366510723268 vs. 5.024366510723268
list:
dist: 3.8921067187600054 vs. 3.8921067187600054
list:
dist: 3.951801695001042 vs. 3.951801695001042
list:
dist: 4.254956305325108 vs. 4.254956305325108
list:
dist: 4.434452255947831 vs. 4.434452255947831
list:
dist: 4.172942312314732 vs. 4.172942312314732
list:
dist: 4.491788278887352 vs. 4.491788278887352
list:
dist: 4.118756107089568 vs. 4.118756107089568
list:
dist: 2.2713006101955826 vs. 2.2713006101955826
list:
dist: 1.7302960868116792 vs. 1.7302960868116792
list:
dist: 1.2143065860858044 vs. 1.2143065860858044
list:
dist: 0.7862577010969768 vs. 0.7862577010969768
list:
dist: 0.7826444416007438 vs. 0.7826444416007438
list:
dist: 1.5903495353473271 vs. 1.5903495353473271
list:
dist: 2.549710631692319 vs. 2.549710631692319
list:
dist: 3.777297818223241 vs. 3.777297818223241
list:
dist: 3.1196198065050447 vs. 3.1196198065050447
list:
dist: 4.295336759304522 vs. 4.295336759304522
list:
dist: 4.019116671155834 vs. 4.019116671155834
list:
dist: 2.2100389035262573 vs. 2.2100389035262573
list:
dist: 3.2899307013638417 vs. 3.2899307013638417
list:
dist: 2.858189208697052 vs. 2.858189208697052
list:
dist: 3.69354862589276 vs. 3.69354862589276
list:
dist: 0.869602948963039 vs. 0.869602948963039
list:
dist: 2.186361010396272 vs. 2.186361010396272
list:
dist: 2.420888780030409 vs. 2.420888780030409
list:
dist: 1.9753730041989628 vs. 1.9753730041989628
list:
dist: 1.016910882942379 vs. 1.016910882942379
list:
dist: 1.5553106915751265 vs. 1.5553106915751265
list:
dist: 0.9608769976209782 vs. 0.9608769976209782
list:
dist: 2.179268647826355 vs. 2.179268647826355
list:
dist: 1.198179906011473 vs. 1.198179906011473
list:
dist: 1.9188196473590151 vs. 1.9188196473590151
list:
dist: 1.0038913428116687 vs. 1.0038913428116687
list:
dist: 1.8244374394580787 vs. 1.8244374394580787
list:
dist: 2.1191883468655113 vs. 2.1191883468655113
list:
dist: 1.9243584643644698 vs. 1.9243584643644698
list:
dist: 4.059313146978998 vs. 4.059313146978998
list:
dist: 3.667708433478142 vs. 3.667708433478142
list:
dist: 3.63644092368372 vs. 3.63644092368372
list:
dist: 2.4869385806995883 vs. 2.4869385806995883
list:
dist: 3.8607634561383475 vs. 3.8607634561383475
list:
dist: 3.7333834630445324 vs. 3.7333834630445324
list:
dist: 2.7694484049961265 vs. 2.7694484049961265
list:
dist: 2.5919936230039298 vs. 2.5919936230039298
list:
dist: 1.9365838913868545 vs. 1.9365838913868545
list:
dist: 3.6697943192014235 vs. 3.6697943192014235
list:
dist: 1.8902776997603212 vs. 1.8902776997603212
list:
dist: 1.9688048447521487 vs. 1.9688048447521487
list:
dist: 1.495238479097559 vs. 1.495238479097559
list:
dist: 1.1948631623461134 vs. 1.1948631623461134
list:
dist: 2.1592009458697574 vs. 2.1592009458697574
list:
dist: 0.9984631213423207 vs. 0.9984631213423207
list:
dist: 1.6787906349198634 vs. 1.6787906349198634
list:
dist: 1.025992830152447 vs. 1.025992830152447
list:
dist: 1.914404913599802 vs. 1.914404913599802
list:
dist: 1.467849070459565 vs. 1.467849070459565
list:
dist: 2.2780387932761426 vs. 2.2780387932761426
list:
dist: 1.6337142757215575 vs. 1.6337142757215575
list:
dist: 1.1678483828634485 vs. 1.1678483828634485
list:
dist: 2.398124075673071 vs. 2.398124075673071
list:
dist: 3.750599388253215 vs. 3.750599388253215
list:
dist: 3.8560871698823087 vs. 3.8560871698823087
list:
dist: 3.0383791998675216 vs. 3.0383791998675216
list:
dist: 3.987392279989988 vs. 3.987392279989988
list:
dist: 3.5949441648212175 vs. 3.5949441648212175
list:
dist: 3.1793908069268473 vs. 3.1793908069268473
list:
dist: 3.3637757789614002 vs. 3.3637757789614002
list:
dist: 3.065556541339472 vs. 3.065556541339472
list:
dist: 3.7573404608201986 vs. 3.7573404608201986
list:
dist: 2.847395716248551 vs. 2.847395716248551
list:
dist: 2.916203831270362 vs. 2.916203831270362
list:
dist: 2.2096109693902664 vs. 2.2096109693902664
list:
dist: 3.650967833906859 vs. 3.650967833906859
list:
dist: 3.0079982337995546 vs. 3.0079982337995546
list:
dist: 3.8156326787051933 vs. 3.8156326787051933
list:
dist: 3.1580138977938574 vs. 3.1580138977938574
list:
dist: 2.3374154373288887 vs. 2.3374154373288887
list:
dist: 3.5116506847800357 vs. 3.5116506847800357
list:
dist: 3.818712235027251 vs. 3.818712235027251
list:
dist: 4.110777759311215 vs. 4.110777759311215
list:
dist: 3.4231473633582934 vs. 3.4231473633582934
list:
dist: 3.0988365087726306 vs. 3.0988365087726306
list:
dist: 1.290393168131435 vs. 1.290393168131435
list:
dist: 1.2720673803090519 vs. 1.2720673803090519
list:
dist: 0.7523391178109358 vs. 0.7523391178109358
list:
dist: 0.9744381731805029 vs. 0.9744381731805029
list:
dist: 0.4588659903789387 vs. 0.4588659903789387
list:
dist: 0.8214391774859329 vs. 0.8214391774859329
list:
dist: 2.5324693546258406 vs. 2.5324693546258406
list:
dist: 3.8854198243968505 vs. 3.8854198243968505
list:
dist: 3.5872133339836703 vs. 3.5872133339836703
list:
dist: 3.329321896970908 vs. 3.329321896970908
list:
dist: 2.7265175380717173 vs. 2.7265175380717173
list:
dist: 2.6348381946212873 vs. 2.6348381946212873
list:
dist: 2.5698464798945766 vs. 2.5698464798945766
list:
dist: 2.037659639773038 vs. 2.037659639773038
list:
dist: 2.7109027121786062 vs. 2.7109027121786062
list:
dist: 2.179268647826355 vs. 2.179268647826355
list:
dist: 4.2280038060219916 vs. 4.2280038060219916
list:
dist: 3.0301610219580843 vs. 3.0301610219580843
list:
dist: 1.98854863289412 vs. 1.98854863289412
list:
dist: 3.096135824536714 vs. 3.096135824536714
list:
dist: 2.7551764014851607 vs. 2.7551764014851607
list:
dist: 1.8542997259988403 vs. 1.8542997259988403
list:
dist: 1.8752440650153976 vs. 1.8752440650153976
list:
dist: 1.1687391958015647 vs. 1.1687391958015647
list:
dist: 2.8352402295248265 vs. 2.8352402295248265
list:
dist: 1.8040487232026952 vs. 1.8040487232026952
list:
dist: 1.4653966878798397 vs. 1.4653966878798397
list:
dist: 1.4555034413220782 vs. 1.4555034413220782
list:
dist: 1.1264601321237826 vs. 1.1264601321237826
list:
dist: 1.574561900923883 vs. 1.574561900923883
list:
dist: 0.6868903506518075 vs. 0.6868903506518075
list:
dist: 1.2670555839607036 vs. 1.2670555839607036
list:
dist: 1.301997087578249 vs. 1.301997087578249
list:
dist: 1.2476807277108866 vs. 1.2476807277108866
list:
dist: 1.730733336381327 vs. 1.730733336381327
list:
dist: 0.9029327313699854 vs. 0.9029327313699854
list:
dist: 0.5844078863876816 vs. 0.5844078863876816
list:
dist: 1.6883442527253145 vs. 1.6883442527253145
list:
dist: 3.10300379429614 vs. 3.10300379429614
list:
dist: 3.085216315493391 vs. 3.085216315493391
list:
dist: 2.6328192300391753 vs. 2.6328192300391753
list:
dist: 3.299333187759663 vs. 3.299333187759663
list:
dist: 3.0785106983040853 vs. 3.0785106983040853
list:
dist: 2.654943942186471 vs. 2.654943942186471
list:
dist: 2.881835003927568 vs. 2.881835003927568
list:
dist: 2.5109013388124155 vs. 2.5109013388124155
list:
dist: 3.013261264179794 vs. 3.013261264179794
list:
dist: 2.0634957443891446 vs. 2.0634957443891446
list:
dist: 2.081050802288853 vs. 2.081050802288853
list:
dist: 1.641832970694565 vs. 1.641832970694565
list:
dist: 2.7576786695727966 vs. 2.7576786695727966
list:
dist: 2.278170856003081 vs. 2.278170856003081
list:
dist: 3.15170688835427 vs. 3.15170688835427
list:
dist: 2.370631247920667 vs. 2.370631247920667
list:
dist: 1.9096272541373591 vs. 1.9096272541373591
list:
dist: 3.0555815852713044 vs. 3.0555815852713044
list:
dist: 3.210469030606238 vs. 3.210469030606238
list:
dist: 3.3302133403835357 vs. 3.3302133403835357
list:
dist: 2.8884536760435156 vs. 2.8884536760435156
list:
dist: 2.696945356142004 vs. 2.696945356142004
list:
dist: 0.6189124060391499 vs. 0.6189124060391499
list:
dist: 0.7386890951824845 vs. 0.7386890951824845
list:
dist: 1.310199216348118 vs. 1.310199216348118
list:
dist: 1.410289117559854 vs. 1.410289117559854
list:
dist: 1.025992830152447 vs. 1.025992830152447
list:
dist: 1.336927706168539 vs. 1.336927706168539
list:
dist: 1.0646905679047778 vs. 1.0646905679047778
list:
dist: 1.865411424176982 vs. 1.865411424176982
list:
dist: 3.655517319071607 vs. 3.655517319071607
list:
dist: 3.1198489797269136 vs. 3.1198489797269136
list:
dist: 2.862367180796691 vs. 2.862367180796691
list:
dist: 2.2034594201760433 vs. 2.2034594201760433
list:
dist: 1.5574354545626443 vs. 1.5574354545626443
list:
dist: 2.5446564289166864 vs. 2.5446564289166864
list:
dist: 1.9188196473590151 vs. 1.9188196473590151
list:
dist: 4.274116997458049 vs. 4.274116997458049
list:
dist: 4.131589598187932 vs. 4.131589598187932
list:
dist: 3.174325089678818 vs. 3.174325089678818
list:
dist: 4.199234950373482 vs. 4.199234950373482
list:
dist: 3.546813572913696 vs. 3.546813572913696
list:
dist: 2.394223930631858 vs. 2.394223930631858
list:
dist: 3.0502092823672218 vs. 3.0502092823672218
list:
dist: 2.3652020980421966 vs. 2.3652020980421966
list:
dist: 3.8210313625080565 vs. 3.8210313625080565
list:
dist: 2.0398358359661404 vs. 2.0398358359661404
list:
dist: 2.474394327896998 vs. 2.474394327896998
list:
dist: 2.4894804791480802 vs. 2.4894804791480802
list:
dist: 0.2905263489136617 vs. 0.2905263489136617
list:
dist: 1.5170823794690207 vs. 1.5170823794690207
list:
dist: 0.9535061740372831 vs. 0.9535061740372831
list:
dist: 1.1894840226901133 vs. 1.1894840226901133
list:
dist: 1.2476807277108866 vs. 1.2476807277108866
list:
dist: 1.6348407383836352 vs. 1.6348407383836352
list:
dist: 1.932753366616939 vs. 1.932753366616939
list:
dist: 1.790975585719046 vs. 1.790975585719046
list:
dist: 1.7195431181054877 vs. 1.7195431181054877
list:
dist: 2.435602128020814 vs. 2.435602128020814
list:
dist: 2.5897681394685432 vs. 2.5897681394685432
list:
dist: 2.599705636457302 vs. 2.599705636457302
list:
dist: 3.874067903896182 vs. 3.874067903896182
list:
dist: 4.300684033450133 vs. 4.300684033450133
list:
dist: 4.000426469594301 vs. 4.000426469594301
list:
dist: 3.8135640406628943 vs. 3.8135640406628943
list:
dist: 3.959938353781783 vs. 3.959938353781783
list:
dist: 3.5226873101841347 vs. 3.5226873101841347
list:
dist: 3.9325618970318614 vs. 3.9325618970318614
list:
dist: 3.002744145570539 vs. 3.002744145570539
list:
dist: 2.8318672319632343 vs. 2.8318672319632343
list:
dist: 2.870157653821659 vs. 2.870157653821659
list:
dist: 3.641649815838613 vs. 3.641649815838613
list:
dist: 3.377626077861427 vs. 3.377626077861427
list:
dist: 4.288993969400402 vs. 4.288993969400402
list:
dist: 3.484908892933673 vs. 3.484908892933673
list:
dist: 3.141361958708223 vs. 3.141361958708223
list:
dist: 3.8085556417889865 vs. 3.8085556417889865
list:
dist: 3.8321250625633425 vs. 3.8321250625633425
list:
dist: 3.9348587158363206 vs. 3.9348587158363206
list:
dist: 3.2654086702417366 vs. 3.2654086702417366
list:
dist: 3.313619939082535 vs. 3.313619939082535
list:
dist: 1.4688032657874324 vs. 1.4688032657874324
list:
dist: 1.769170899474864 vs. 1.769170899474864
list:
dist: 2.0344974668358513 vs. 2.0344974668358513
list:
dist: 1.4042810814493294 vs. 1.4042810814493294
list:
dist: 1.467849070459565 vs. 1.467849070459565
list:
dist: 1.912407779938786 vs. 1.912407779938786
list:
dist: 2.061905485671856 vs. 2.061905485671856
list:
dist: 2.3494484488750307 vs. 2.3494484488750307
list:
dist: 3.7449031537467965 vs. 3.7449031537467965
list:
dist: 3.16812520757066 vs. 3.16812520757066
list:
dist: 2.894421737837415 vs. 2.894421737837415
list:
dist: 2.350401936971126 vs. 2.350401936971126
list:
dist: 1.7197440501834151 vs. 1.7197440501834151
list:
dist: 2.7300882439808802 vs. 2.7300882439808802
list:
dist: 1.9753730041989628 vs. 1.9753730041989628
list:
dist: 4.224476334809254 vs. 4.224476334809254
list:
dist: 4.080908927848522 vs. 4.080908927848522
list:
dist: 3.072347464399722 vs. 3.072347464399722
list:
dist: 4.172187553527941 vs. 4.172187553527941
list:
dist: 3.6078502492385676 vs. 3.6078502492385676
list:
dist: 2.490060698412011 vs. 2.490060698412011
list:
dist: 2.9843729571072246 vs. 2.9843729571072246
list:
dist: 2.2846701172228387 vs. 2.2846701172228387
list:
dist: 3.831760374704315 vs. 3.831760374704315
list:
dist: 1.9924645136151897 vs. 1.9924645136151897
list:
dist: 2.3940257279682036 vs. 2.3940257279682036
list:
dist: 2.318220321543619 vs. 2.318220321543619
list:
dist: 1.6364954565662095 vs. 1.6364954565662095
list:
dist: 0.8457743946032237 vs. 0.8457743946032237
list:
dist: 1.2405334257860237 vs. 1.2405334257860237
list:
dist: 1.1264601321237826 vs. 1.1264601321237826
list:
dist: 1.6773117291864865 vs. 1.6773117291864865
list:
dist: 0.2905263489136617 vs. 0.2905263489136617
list:
dist: 2.0016890990462795 vs. 2.0016890990462795
list:
dist: 1.7493410828424154 vs. 1.7493410828424154
list:
dist: 1.5926130393503624 vs. 1.5926130393503624
list:
dist: 2.44726341481762 vs. 2.44726341481762
list:
dist: 2.789065560074659 vs. 2.789065560074659
list:
dist: 2.8469368716164114 vs. 2.8469368716164114
list:
dist: 3.7395154855997994 vs. 3.7395154855997994
list:
dist: 4.25055446987102 vs. 4.25055446987102
list:
dist: 3.912531541185091 vs. 3.912531541185091
list:
dist: 3.7039572499142466 vs. 3.7039572499142466
list:
dist: 3.848017164583346 vs. 3.848017164583346
list:
dist: 3.428402542610041 vs. 3.428402542610041
list:
dist: 3.9027450801525263 vs. 3.9027450801525263
list:
dist: 2.9660989709724657 vs. 2.9660989709724657
list:
dist: 2.833574364665578 vs. 2.833574364665578
list:
dist: 2.7533571595756205 vs. 2.7533571595756205
list:
dist: 3.657736801324237 vs. 3.657736801324237
list:
dist: 3.31681487586615 vs. 3.31681487586615
list:
dist: 4.221648486912661 vs. 4.221648486912661
list:
dist: 3.4451110695014084 vs. 3.4451110695014084
list:
dist: 3.0007306222169037 vs. 3.0007306222169037
list:
dist: 3.7243860569233505 vs. 3.7243860569233505
list:
dist: 3.8048711485754563 vs. 3.8048711485754563
list:
dist: 3.9600481582335925 vs. 3.9600481582335925
list:
dist: 3.2490548941137254 vs. 3.2490548941137254
list:
dist: 3.2280002714236344 vs. 3.2280002714236344
list:
dist: 1.3533632899893302 vs. 1.3533632899893302
list:
dist: 1.6209556432080838 vs. 1.6209556432080838
list:
dist: 1.7700590210787523 vs. 1.7700590210787523
list:
dist: 1.1560879892866602 vs. 1.1560879892866602
list:
dist: 1.1948631623461134 vs. 1.1948631623461134
list:
dist: 1.6423491977530777 vs. 1.6423491977530777
list:
dist: 1.8316721484366263 vs. 1.8316721484366263
list:
dist: 2.3349220979650966 vs. 2.3349220979650966
list:
dist: 1.7472142646764803 vs. 1.7472142646764803
list:
dist: 1.192827289889627 vs. 1.192827289889627
list:
dist: 1.0779988571333947 vs. 1.0779988571333947
list:
dist: 1.1194172151891928 vs. 1.1194172151891928
list:
dist: 0.9988972501002351 vs. 0.9988972501002351
list:
dist: 1.2299087227974597 vs. 1.2299087227974597
list:
dist: 1.0038913428116687 vs. 1.0038913428116687
list:
dist: 3.1148304150479875 vs. 3.1148304150479875
list:
dist: 2.905310273470108 vs. 2.905310273470108
list:
dist: 2.3454864273170677 vs. 2.3454864273170677
list:
dist: 3.3377127046558295 vs. 3.3377127046558295
list:
dist: 3.0545555313204025 vs. 3.0545555313204025
list:
dist: 1.2276253754486404 vs. 1.2276253754486404
list:
dist: 2.4196495911979357 vs. 2.4196495911979357
list:
dist: 2.0797185586345996 vs. 2.0797185586345996
list:
dist: 2.7095394371369013 vs. 2.7095394371369013
list:
dist: 0.9594348933761676 vs. 0.9594348933761676
list:
dist: 1.4628125852956808 vs. 1.4628125852956808
list:
dist: 1.9937334863953218 vs. 1.9937334863953218
list:
dist: 2.0016890990462795 vs. 2.0016890990462795
list:
dist: 0.5080221494337239 vs. 0.5080221494337239
list:
dist: 1.3623980426508528 vs. 1.3623980426508528
list:
dist: 0.7818063733555454 vs. 0.7818063733555454
list:
dist: 1.730733336381327 vs. 1.730733336381327
list:
dist: 0.43021940799609387 vs. 0.43021940799609387
list:
dist: 1.932753366616939 vs. 1.932753366616939
list:
dist: 1.0869936534398574 vs. 1.0869936534398574
list:
dist: 1.57850314825115 vs. 1.57850314825115
list:
dist: 0.9824158710280175 vs. 0.9824158710280175
list:
dist: 3.7221795085230727 vs. 3.7221795085230727
list:
dist: 3.273857611664164 vs. 3.273857611664164
list:
dist: 3.516891447172666 vs. 3.516891447172666
list:
dist: 4.3290749540551 vs. 4.3290749540551
list:
dist: 4.437578734806445 vs. 4.437578734806445
list:
dist: 3.763485108505014 vs. 3.763485108505014
list:
dist: 4.148001877140195 vs. 4.148001877140195
list:
dist: 3.828739341501618 vs. 3.828739341501618
list:
dist: 4.062738953104294 vs. 4.062738953104294
list:
dist: 3.1986563493938425 vs. 3.1986563493938425
list:
dist: 3.1981272442598105 vs. 3.1981272442598105
list:
dist: 2.689160450898869 vs. 2.689160450898869
list:
dist: 3.4710903148837677 vs. 3.4710903148837677
list:
dist: 3.245028177896647 vs. 3.245028177896647
list:
dist: 3.965769737007645 vs. 3.965769737007645
list:
dist: 2.9796126130113714 vs. 2.9796126130113714
list:
dist: 3.0067568709172563 vs. 3.0067568709172563
list:
dist: 4.540761242043068 vs. 4.540761242043068
list:
dist: 4.552304633335812 vs. 4.552304633335812
list:
dist: 4.3975565298679244 vs. 4.3975565298679244
list:
dist: 4.308911028639336 vs. 4.308911028639336
list:
dist: 4.263246745988623 vs. 4.263246745988623
list:
dist: 2.285963936103022 vs. 2.285963936103022
list:
dist: 2.412292821211938 vs. 2.412292821211938
list:
dist: 2.8297732847508192 vs. 2.8297732847508192
list:
dist: 2.905871598934936 vs. 2.905871598934936
list:
dist: 2.2780387932761426 vs. 2.2780387932761426
list:
dist: 2.472365905850259 vs. 2.472365905850259
list:
dist: 2.3761369475452825 vs. 2.3761369475452825
list:
dist: 3.2585062712048827 vs. 3.2585062712048827
list:
dist: 2.2584474421629417 vs. 2.2584474421629417
list:
dist: 3.136198233732631 vs. 3.136198233732631
list:
dist: 1.542793718005871 vs. 1.542793718005871
list:
dist: 1.097564203673249 vs. 1.097564203673249
list:
dist: 1.5259550888114592 vs. 1.5259550888114592
list:
dist: 1.421063175669172 vs. 1.421063175669172
list:
dist: 2.0541904274734475 vs. 2.0541904274734475
list:
dist: 0.869602948963039 vs. 0.869602948963039
list:
dist: 3.390044006283946 vs. 3.390044006283946
list:
dist: 3.7313927681380514 vs. 3.7313927681380514
list:
dist: 3.4903231567267112 vs. 3.4903231567267112
list:
dist: 3.051092292203743 vs. 3.051092292203743
list:
dist: 3.484906609956558 vs. 3.484906609956558
list:
dist: 4.638318388365365 vs. 4.638318388365365
list:
dist: 4.666067258509869 vs. 4.666067258509869
list:
dist: 3.958672431198667 vs. 3.958672431198667
list:
dist: 3.3652785133358885 vs. 3.3652785133358885
list:
dist: 4.002273260454383 vs. 4.002273260454383
list:
dist: 3.6569656156131756 vs. 3.6569656156131756
list:
dist: 3.381861023757677 vs. 3.381861023757677
list:
dist: 3.2970102897279263 vs. 3.2970102897279263
list:
dist: 2.4612962010280612 vs. 2.4612962010280612
list:
dist: 3.134669691826443 vs. 3.134669691826443
list:
dist: 2.3944097725205586 vs. 2.3944097725205586
list:
dist: 3.744784896025051 vs. 3.744784896025051
list:
dist: 3.736602343005094 vs. 3.736602343005094
list:
dist: 2.056547745593553 vs. 2.056547745593553
list:
dist: 2.6876278079213134 vs. 2.6876278079213134
list:
dist: 2.302552613473433 vs. 2.302552613473433
list:
dist: 3.2284995785716823 vs. 3.2284995785716823
list:
dist: 1.4790493725228944 vs. 1.4790493725228944
list:
dist: 1.6106205562680949 vs. 1.6106205562680949
list:
dist: 1.9924645136151897 vs. 1.9924645136151897
list:
dist: 1.2098518439656294 vs. 1.2098518439656294
list:
dist: 1.2899423298261399 vs. 1.2899423298261399
list:
dist: 0.9929291670924022 vs. 0.9929291670924022
list:
dist: 1.8040487232026952 vs. 1.8040487232026952
list:
dist: 0.9961834103621925 vs. 0.9961834103621925
list:
dist: 2.0398358359661404 vs. 2.0398358359661404
list:
dist: 0.9594348933761676 vs. 0.9594348933761676
list:
dist: 1.3259535919157095 vs. 1.3259535919157095
list:
dist: 1.5440504097230396 vs. 1.5440504097230396
list:
dist: 1.476671785442687 vs. 1.476671785442687
list:
dist: 3.223160889229069 vs. 3.223160889229069
list:
dist: 4.064498064178329 vs. 4.064498064178329
list:
dist: 3.557552641586728 vs. 3.557552641586728
list:
dist: 4.703213277617184 vs. 4.703213277617184
list:
dist: 4.691915395629992 vs. 4.691915395629992
list:
dist: 3.9410612803236313 vs. 3.9410612803236313
list:
dist: 4.33016626097682 vs. 4.33016626097682
list:
dist: 4.064078274081915 vs. 4.064078274081915
list:
dist: 4.487961201184104 vs. 4.487961201184104
list:
dist: 3.5900812100652164 vs. 3.5900812100652164
list:
dist: 3.666824571030683 vs. 3.666824571030683
list:
dist: 2.8080963646450483 vs. 2.8080963646450483
list:
dist: 4.025680721724577 vs. 4.025680721724577
list:
dist: 3.576489097624615 vs. 3.576489097624615
list:
dist: 4.277136572402002 vs. 4.277136572402002
list:
dist: 3.366385387694159 vs. 3.366385387694159
list:
dist: 3.0437514088350532 vs. 3.0437514088350532
list:
dist: 4.787319359460555 vs. 4.787319359460555
list:
dist: 2.4228863135090832 vs. 2.4228863135090832
list:
dist: 2.4732369969148325 vs. 2.4732369969148325
list:
dist: 2.496235669385704 vs. 2.496235669385704
list:
dist: 2.712081433845989 vs. 2.712081433845989
list:
dist: 1.8902776997603212 vs. 1.8902776997603212
list:
dist: 1.9537308994390223 vs. 1.9537308994390223
list:
dist: 2.0505088576309913 vs. 2.0505088576309913
list:
dist: 3.1186000371179974 vs. 3.1186000371179974
list:
dist: 3.768293295767602 vs. 3.768293295767602
list:
dist: 2.417854148875091 vs. 2.417854148875091
list:
dist: 2.3410495688840287 vs. 2.3410495688840287
list:
dist: 2.9858778425847534 vs. 2.9858778425847534
list:
dist: 2.702363565782275 vs. 2.702363565782275
list:
dist: 3.2044568923362267 vs. 3.2044568923362267
list:
dist: 2.420888780030409 vs. 2.420888780030409
list:
dist: 4.32810209117251 vs. 4.32810209117251
list:
dist: 4.763355929512211 vs. 4.763355929512211
list:
dist: 4.163006210409944 vs. 4.163006210409944
list:
dist: 3.5946370688563976 vs. 3.5946370688563976
list:
dist: 4.304132507425404 vs. 4.304132507425404
list:
dist: 5.518761802551565 vs. 5.518761802551565
list:
dist: 5.542220049249647 vs. 5.542220049249647
list:
dist: 4.666952684733882 vs. 4.666952684733882
list:
dist: 3.88753474061307 vs. 3.88753474061307
list:
dist: 4.5406053209987824 vs. 4.5406053209987824
list:
dist: 4.66341842275354 vs. 4.66341842275354
list:
dist: 3.7662022631051775 vs. 3.7662022631051775
list:
dist: 4.019644068458274 vs. 4.019644068458274
list:
dist: 3.5528283794091426 vs. 3.5528283794091426
list:
dist: 2.311183118993134 vs. 2.311183118993134
list:
dist: 1.2188870481937144 vs. 1.2188870481937144
list:
dist: 2.8282210728041606 vs. 2.8282210728041606
list:
dist: 3.2272584545478638 vs. 3.2272584545478638
list:
dist: 2.289826434251967 vs. 2.289826434251967
list:
dist: 1.6610625740310416 vs. 1.6610625740310416
list:
dist: 1.3570172214808414 vs. 1.3570172214808414
list:
dist: 2.6453866399773083 vs. 2.6453866399773083
list:
dist: 1.6106205562680949 vs. 1.6106205562680949
list:
dist: 0.8483882079199186 vs. 0.8483882079199186
list:
dist: 2.318220321543619 vs. 2.318220321543619
list:
dist: 2.2022873903497193 vs. 2.2022873903497193
list:
dist: 1.5683315365946309 vs. 1.5683315365946309
list:
dist: 1.9227820872126689 vs. 1.9227820872126689
list:
dist: 1.4555034413220782 vs. 1.4555034413220782
list:
dist: 1.7249894418661835 vs. 1.7249894418661835
list:
dist: 2.4894804791480802 vs. 2.4894804791480802
list:
dist: 1.9937334863953218 vs. 1.9937334863953218
list:
dist: 1.193427643706863 vs. 1.193427643706863
list:
dist: 0.9158150258030662 vs. 0.9158150258030662
list:
dist: 1.594464121661747 vs. 1.594464121661747
list:
dist: 3.5724944170483837 vs. 3.5724944170483837
list:
dist: 4.435012105857223 vs. 4.435012105857223
list:
dist: 2.105543229259387 vs. 2.105543229259387
list:
dist: 3.5730285347183397 vs. 3.5730285347183397
list:
dist: 3.5014516001251703 vs. 3.5014516001251703
list:
dist: 2.6057117016310745 vs. 2.6057117016310745
list:
dist: 3.009718098325356 vs. 3.009718098325356
list:
dist: 2.8697721190654892 vs. 2.8697721190654892
list:
dist: 3.4773844860130945 vs. 3.4773844860130945
list:
dist: 2.6718493530579552 vs. 2.6718493530579552
list:
dist: 2.9405256695265445 vs. 2.9405256695265445
list:
dist: 1.5409608633762082 vs. 1.5409608633762082
list:
dist: 3.2426160716808075 vs. 3.2426160716808075
list:
dist: 2.4821324086322867 vs. 2.4821324086322867
list:
dist: 3.0723556222338226 vs. 3.0723556222338226
list:
dist: 2.376543579333103 vs. 2.376543579333103
list:
dist: 1.636628083658401 vs. 1.636628083658401
list:
dist: 3.703839048643342 vs. 3.703839048643342
list:
dist: 1.8571727210651503 vs. 1.8571727210651503
list:
dist: 1.6595284254146527 vs. 1.6595284254146527
list:
dist: 1.578919703495088 vs. 1.578919703495088
list:
dist: 2.368714451428291 vs. 2.368714451428291
list:
dist: 1.495238479097559 vs. 1.495238479097559
list:
dist: 1.3150249950105375 vs. 1.3150249950105375
list:
dist: 0.9442251305062623 vs. 0.9442251305062623
list:
dist: 3.080456944755881 vs. 3.080456944755881
list:
dist: 2.4460808921007966 vs. 2.4460808921007966
list:
dist: 2.211711438033018 vs. 2.211711438033018
list:
dist: 2.0303942135402466 vs. 2.0303942135402466
list:
dist: 1.4984215507501817 vs. 1.4984215507501817
list:
dist: 2.368618166567885 vs. 2.368618166567885
list:
dist: 1.5553106915751265 vs. 1.5553106915751265
list:
dist: 3.6821795533111503 vs. 3.6821795533111503
list:
dist: 3.320621085537959 vs. 3.320621085537959
list:
dist: 2.332271396671429 vs. 2.332271396671429
list:
dist: 3.5562652498604317 vs. 3.5562652498604317
list:
dist: 3.22517965544503 vs. 3.22517965544503
list:
dist: 1.9311173880427768 vs. 1.9311173880427768
list:
dist: 2.3515065852950925 vs. 2.3515065852950925
list:
dist: 1.7083881064980726 vs. 1.7083881064980726
list:
dist: 3.17982570200444 vs. 3.17982570200444
list:
dist: 1.2899423298261399 vs. 1.2899423298261399
list:
dist: 1.5764400580120048 vs. 1.5764400580120048
list:
dist: 1.5683315365946309 vs. 1.5683315365946309
list:
dist: 0.8457743946032237 vs. 0.8457743946032237
list:
dist: 1.1699185258948241 vs. 1.1699185258948241
list:
dist: 0.7158419160148937 vs. 0.7158419160148937
list:
dist: 0.6868903506518075 vs. 0.6868903506518075
list:
dist: 0.9924078785676665 vs. 0.9924078785676665
list:
dist: 0.9535061740372831 vs. 0.9535061740372831
list:
dist: 1.3623980426508528 vs. 1.3623980426508528
list:
dist: 0.9793336352855779 vs. 0.9793336352855779
list:
dist: 0.8825893288120942 vs. 0.8825893288120942
list:
dist: 1.6854547370769115 vs. 1.6854547370769115
list:
dist: 3.2749364985565843 vs. 3.2749364985565843
list:
dist: 3.1708500066440775 vs. 3.1708500066440775
list:
dist: 3.1752701471178937 vs. 3.1752701471178937
list:
dist: 3.9598633002227457 vs. 3.9598633002227457
list:
dist: 3.765377557816303 vs. 3.765377557816303
list:
dist: 3.29656668067812 vs. 3.29656668067812
list:
dist: 3.5538568851591306 vs. 3.5538568851591306
list:
dist: 3.194683453427481 vs. 3.194683453427481
list:
dist: 3.6709636048654146 vs. 3.6709636048654146
list:
dist: 2.7205639262538996 vs. 2.7205639262538996
list:
dist: 2.7074126752436123 vs. 2.7074126752436123
list:
dist: 2.226447993328732 vs. 2.226447993328732
list:
dist: 3.3422300414918134 vs. 3.3422300414918134
list:
dist: 2.910153432577759 vs. 2.910153432577759
list:
dist: 3.760309592245982 vs. 3.760309592245982
list:
dist: 2.9168261967504505 vs. 2.9168261967504505
list:
dist: 2.4877463777082536 vs. 2.4877463777082536
list:
dist: 3.7276233970810115 vs. 3.7276233970810115
list:
dist: 3.8592692367679646 vs. 3.8592692367679646
list:
dist: 3.946818747050848 vs. 3.946818747050848
list:
dist: 3.474977556568134 vs. 3.474977556568134
list:
dist: 3.3377285427828967 vs. 3.3377285427828967
list:
dist: 1.2484779706080233 vs. 1.2484779706080233
list:
dist: 1.3995812179086071 vs. 1.3995812179086071
list:
dist: 1.6082001885511028 vs. 1.6082001885511028
list:
dist: 1.5499917502165934 vs. 1.5499917502165934
list:
dist: 0.9984631213423207 vs. 0.9984631213423207
list:
dist: 1.3299122876683167 vs. 1.3299122876683167
list:
dist: 1.3660008884614725 vs. 1.3660008884614725
list:
dist: 2.456388735781867 vs. 2.456388735781867
list:
dist: 2.988010624399863 vs. 2.988010624399863
list:
dist: 1.8026570490223244 vs. 1.8026570490223244
list:
dist: 3.2098652033471735 vs. 3.2098652033471735
list:
dist: 3.3298224698515315 vs. 3.3298224698515315
list:
dist: 2.615934693755209 vs. 2.615934693755209
list:
dist: 1.9597027599270316 vs. 1.9597027599270316
list:
dist: 1.4014881743941459 vs. 1.4014881743941459
list:
dist: 3.1288846118033944 vs. 3.1288846118033944
list:
dist: 2.0505088576309913 vs. 2.0505088576309913
list:
dist: 1.5380771186648257 vs. 1.5380771186648257
list:
dist: 0.9442251305062623 vs. 0.9442251305062623
list:
dist: 1.8316721484366263 vs. 1.8316721484366263
list:
dist: 2.38494495237487 vs. 2.38494495237487
list:
dist: 1.3660008884614725 vs. 1.3660008884614725
list:
dist: 1.9976435432142519 vs. 1.9976435432142519
list:
dist: 1.0646905679047778 vs. 1.0646905679047778
list:
dist: 1.9994302606635452 vs. 1.9994302606635452
list:
dist: 2.061905485671856 vs. 2.061905485671856
list:
dist: 2.3761369475452825 vs. 2.3761369475452825
list:
dist: 1.4576414156023607 vs. 1.4576414156023607
list:
dist: 0.8912962491127989 vs. 0.8912962491127989
list:
dist: 2.1524996400708227 vs. 2.1524996400708227
list:
dist: 4.0525481422883765 vs. 4.0525481422883765
list:
dist: 4.123895038834293 vs. 4.123895038834293
list:
dist: 2.2453843630180375 vs. 2.2453843630180375
list:
dist: 3.4022838627499903 vs. 3.4022838627499903
list:
dist: 3.0817779069686693 vs. 3.0817779069686693
list:
dist: 2.4811971138661137 vs. 2.4811971138661137
list:
dist: 2.726303723252752 vs. 2.726303723252752
list:
dist: 2.5098790812872407 vs. 2.5098790812872407
list:
dist: 3.249169106838598 vs. 3.249169106838598
list:
dist: 2.3980125025315515 vs. 2.3980125025315515
list:
dist: 2.6011579339571314 vs. 2.6011579339571314
list:
dist: 1.5153365369601537 vs. 1.5153365369601537
list:
dist: 3.1841803582264685 vs. 3.1841803582264685
list:
dist: 2.404786875672805 vs. 2.404786875672805
list:
dist: 3.1265872467324822 vs. 3.1265872467324822
list:
dist: 2.540773253857794 vs. 2.540773253857794
list:
dist: 1.582378113637248 vs. 1.582378113637248
list:
dist: 3.132659669633779 vs. 3.132659669633779
list:
dist: 3.517099505188434 vs. 3.517099505188434
list:
dist: 3.8025646239682342 vs. 3.8025646239682342
list:
dist: 3.305513056585095 vs. 3.305513056585095
list:
dist: 2.8459559652366977 vs. 2.8459559652366977
list:
dist: 1.250537218178849 vs. 1.250537218178849
list:
dist: 1.020030088397373 vs. 1.020030088397373
list:
dist: 0.6464757485458836 vs. 0.6464757485458836
list:
dist: 1.5183454680243011 vs. 1.5183454680243011
list:
dist: 0.8214391774859329 vs. 0.8214391774859329
list:
dist: 0.6957489069826653 vs. 0.6957489069826653
list:
dist: 2.4253995917140845 vs. 2.4253995917140845
list:
dist: 3.625135779732003 vs. 3.625135779732003
list:
dist: 3.3781218308610534 vs. 3.3781218308610534
list:
dist: 3.025405707243787 vs. 3.025405707243787
list:
dist: 2.3820596414920296 vs. 2.3820596414920296
list:
dist: 2.3268565054647956 vs. 2.3268565054647956
list:
dist: 2.564491446869238 vs. 2.564491446869238
list:
dist: 2.141749855588932 vs. 2.141749855588932
list:
dist: 2.697269186441188 vs. 2.697269186441188
list:
dist: 2.1191883468655113 vs. 2.1191883468655113
list:
dist: 3.905436976949541 vs. 3.905436976949541
list:
dist: 2.55687647346193 vs. 2.55687647346193
list:
dist: 1.4876426429177814 vs. 1.4876426429177814
list:
dist: 2.784133004880351 vs. 2.784133004880351
list:
dist: 2.7203379681862687 vs. 2.7203379681862687
list:
dist: 1.7350246552246906 vs. 1.7350246552246906
list:
dist: 1.5347649059321598 vs. 1.5347649059321598
list:
dist: 0.9199120726200368 vs. 0.9199120726200368
list:
dist: 2.515508553902461 vs. 2.515508553902461
list:
dist: 1.5440504097230396 vs. 1.5440504097230396
list:
dist: 0.9190785054803349 vs. 0.9190785054803349
list:
dist: 0.9158150258030662 vs. 0.9158150258030662
list:
dist: 1.5926130393503624 vs. 1.5926130393503624
list:
dist: 1.6027574597231637 vs. 1.6027574597231637
list:
dist: 0.8825893288120942 vs. 0.8825893288120942
list:
dist: 1.3296542849370276 vs. 1.3296542849370276
list:
dist: 0.5844078863876816 vs. 0.5844078863876816
list:
dist: 1.1831839064635312 vs. 1.1831839064635312
list:
dist: 1.7195431181054877 vs. 1.7195431181054877
list:
dist: 1.57850314825115 vs. 1.57850314825115
list:
dist: 0.5770698243007317 vs. 0.5770698243007317
list:
dist: 1.327489714766301 vs. 1.327489714766301
list:
dist: 3.6157075595799006 vs. 3.6157075595799006
list:
dist: 3.5164167467049907 vs. 3.5164167467049907
list:
dist: 2.3042121788259853 vs. 2.3042121788259853
list:
dist: 3.2755391259344138 vs. 3.2755391259344138
list:
dist: 3.162359478251186 vs. 3.162359478251186
list:
dist: 2.506717595526629 vs. 2.506717595526629
list:
dist: 2.832328061185065 vs. 2.832328061185065
list:
dist: 2.5430002590790743 vs. 2.5430002590790743
list:
dist: 3.0598383527666964 vs. 3.0598383527666964
list:
dist: 2.146678003854347 vs. 2.146678003854347
list:
dist: 2.283063505258069 vs. 2.283063505258069
list:
dist: 1.392558806539754 vs. 1.392558806539754
list:
dist: 2.763625402843496 vs. 2.763625402843496
list:
dist: 2.1776972097385783 vs. 2.1776972097385783
list:
dist: 2.9658987361787954 vs. 2.9658987361787954
list:
dist: 2.1546324795120357 vs. 2.1546324795120357
list:
dist: 1.6471930978308928 vs. 1.6471930978308928
list:
dist: 3.257634947168598 vs. 3.257634947168598
list:
dist: 3.4682559900759857 vs. 3.4682559900759857
list:
dist: 3.555610696531437 vs. 3.555610696531437
list:
dist: 3.2717509795322646 vs. 3.2717509795322646
list:
dist: 2.989438161453731 vs. 2.989438161453731
list:
dist: 1.0686383089736455 vs. 1.0686383089736455
list:
dist: 1.0016746443594948 vs. 1.0016746443594948
list:
dist: 1.3983925006089784 vs. 1.3983925006089784
list:
dist: 1.8358391649987011 vs. 1.8358391649987011
list:
dist: 1.1678483828634485 vs. 1.1678483828634485
list:
dist: 1.295796036902133 vs. 1.295796036902133
list:
dist: 0.8912962491127989 vs. 0.8912962491127989
list:
dist: 2.2566830765363637 vs. 2.2566830765363637
list:
dist: 3.24024008522034 vs. 3.24024008522034
list:
dist: 2.2046117844451403 vs. 2.2046117844451403
list:
dist: 3.1002450195167186 vs. 3.1002450195167186
list:
dist: 2.6383103754146613 vs. 2.6383103754146613
list:
dist: 2.169093809172127 vs. 2.169093809172127
list:
dist: 1.9414677323283398 vs. 1.9414677323283398
list:
dist: 1.2370233362822336 vs. 1.2370233362822336
list:
dist: 2.961651813234877 vs. 2.961651813234877
list:
dist: 2.4228863135090832 vs. 2.4228863135090832
list:
dist: 1.9093403940516247 vs. 1.9093403940516247
list:
dist: 1.8571727210651503 vs. 1.8571727210651503
list:
dist: 1.3533632899893302 vs. 1.3533632899893302
list:
dist: 2.0842702494022074 vs. 2.0842702494022074
list:
dist: 1.2484779706080233 vs. 1.2484779706080233
list:
dist: 1.823007737813391 vs. 1.823007737813391
list:
dist: 0.6189124060391499 vs. 0.6189124060391499
list:
dist: 1.8575821807017268 vs. 1.8575821807017268
list:
dist: 1.4688032657874324 vs. 1.4688032657874324
list:
dist: 2.285963936103022 vs. 2.285963936103022
list:
dist: 1.4154202595301288 vs. 1.4154202595301288
list:
dist: 1.0686383089736455 vs. 1.0686383089736455
list:
dist: 2.1460934079000613 vs. 2.1460934079000613
list:
dist: 2.8384795909443405 vs. 2.8384795909443405
list:
dist: 2.968745022878049 vs. 2.968745022878049
list:
dist: 2.5457533659713016 vs. 2.5457533659713016
list:
dist: 2.9269873956760155 vs. 2.9269873956760155
list:
dist: 2.587053050645291 vs. 2.587053050645291
list:
dist: 2.3782615412438566 vs. 2.3782615412438566
list:
dist: 2.49724355132382 vs. 2.49724355132382
list:
dist: 2.0776364547302153 vs. 2.0776364547302153
list:
dist: 2.6116219215247147 vs. 2.6116219215247147
list:
dist: 1.6799427328028815 vs. 1.6799427328028815
list:
dist: 1.6526913963868302 vs. 1.6526913963868302
list:
dist: 1.5577288642463536 vs. 1.5577288642463536
list:
dist: 2.4899981207080453 vs. 2.4899981207080453
list:
dist: 2.027163030652731 vs. 2.027163030652731
list:
dist: 2.9326598468961325 vs. 2.9326598468961325
list:
dist: 2.279257240326429 vs. 2.279257240326429
list:
dist: 1.7962320165881964 vs. 1.7962320165881964
list:
dist: 2.487343187176951 vs. 2.487343187176951
list:
dist: 2.6455651105278304 vs. 2.6455651105278304
list:
dist: 2.8463792426052374 vs. 2.8463792426052374
list:
dist: 2.290469819739215 vs. 2.290469819739215
list:
dist: 2.091791710221375 vs. 2.091791710221375
list:
dist: 0.3629722639927163 vs. 0.3629722639927163
list:
dist: 1.281403071599341 vs. 1.281403071599341
list:
dist: 1.273260777657556 vs. 1.273260777657556
list:
dist: 1.290393168131435 vs. 1.290393168131435
list:
dist: 1.6010502713588803 vs. 1.6010502713588803
list:
dist: 1.250537218178849 vs. 1.250537218178849
list:
dist: 1.2994282293778774 vs. 1.2994282293778774
list:
dist: 2.9742327439082636 vs. 2.9742327439082636
list:
dist: 2.6227008374832614 vs. 2.6227008374832614
list:
dist: 3.583146492167405 vs. 3.583146492167405
list:
dist: 2.3967174380735434 vs. 2.3967174380735434
list:
dist: 3.6939510569313017 vs. 3.6939510569313017
list:
dist: 3.683346248469761 vs. 3.683346248469761
list:
dist: 3.0836076301539053 vs. 3.0836076301539053
list:
dist: 2.464449493509959 vs. 2.464449493509959
list:
dist: 1.8616761578512784 vs. 1.8616761578512784
list:
dist: 3.6639706938516747 vs. 3.6639706938516747
list:
dist: 2.496235669385704 vs. 2.496235669385704
list:
dist: 2.1633887642947633 vs. 2.1633887642947633
list:
dist: 1.578919703495088 vs. 1.578919703495088
list:
dist: 1.7700590210787523 vs. 1.7700590210787523
list:
dist: 2.7443990741025246 vs. 2.7443990741025246
list:
dist: 1.6082001885511028 vs. 1.6082001885511028
list:
dist: 2.3128894789724135 vs. 2.3128894789724135
list:
dist: 1.310199216348118 vs. 1.310199216348118
list:
dist: 2.4359844864874036 vs. 2.4359844864874036
list:
dist: 2.0344974668358513 vs. 2.0344974668358513
list:
dist: 2.8297732847508192 vs. 2.8297732847508192
list:
dist: 1.966354628704749 vs. 1.966354628704749
list:
dist: 1.3983925006089784 vs. 1.3983925006089784
list:
dist: 2.718997643312335 vs. 2.718997643312335
list:
dist: 3.950901818360768 vs. 3.950901818360768
list:
dist: 4.158241109752556 vs. 4.158241109752556
list:
dist: 2.6219337293393408 vs. 2.6219337293393408
list:
dist: 3.5705298022737457 vs. 3.5705298022737457
list:
dist: 3.074791019518678 vs. 3.074791019518678
list:
dist: 2.7114747602441454 vs. 2.7114747602441454
list:
dist: 2.8317463784401404 vs. 2.8317463784401404
list:
dist: 2.5873341356094857 vs. 2.5873341356094857
list:
dist: 3.3926116036673477 vs. 3.3926116036673477
list:
dist: 2.5651617678360665 vs. 2.5651617678360665
list:
dist: 2.7084287324205323 vs. 2.7084287324205323
list:
dist: 1.913644151409684 vs. 1.913644151409684
list:
dist: 3.4486960210342485 vs. 3.4486960210342485
list:
dist: 2.6915221522977215 vs. 2.6915221522977215
list:
dist: 3.4382362505698327 vs. 3.4382362505698327
list:
dist: 2.952503388607735 vs. 2.952503388607735
list:
dist: 1.939367386227833 vs. 1.939367386227833
list:
dist: 2.9982555923909904 vs. 2.9982555923909904
list:
dist: 3.4217105363286704 vs. 3.4217105363286704
list:
dist: 3.8256282718751846 vs. 3.8256282718751846
list:
dist: 3.1046382943048214 vs. 3.1046382943048214
list:
dist: 2.627979301074345 vs. 2.627979301074345
list:
dist: 1.281403071599341 vs. 1.281403071599341
list:
dist: 1.0952446658822927 vs. 1.0952446658822927
list:
dist: 1.0624838466416164 vs. 1.0624838466416164
list:
dist: 0.7523391178109358 vs. 0.7523391178109358
list:
dist: 0.7017420336088949 vs. 0.7017420336088949
list:
dist: 0.6464757485458836 vs. 0.6464757485458836
list:
dist: 2.3361573337373387 vs. 2.3361573337373387
list:
dist: 3.3460508276280145 vs. 3.3460508276280145
list:
dist: 3.103799452855887 vs. 3.103799452855887
list:
dist: 2.9776929872381914 vs. 2.9776929872381914
list:
dist: 4.27243869965892 vs. 4.27243869965892
list:
dist: 2.464798522526583 vs. 2.464798522526583
list:
dist: 2.7053246561545428 vs. 2.7053246561545428
list:
dist: 3.460306574598651 vs. 3.460306574598651
list:
dist: 3.240231121432345 vs. 3.240231121432345
list:
dist: 3.3418822100383205 vs. 3.3418822100383205
list:
dist: 3.1196198065050447 vs. 3.1196198065050447
list:
dist: 1.1889135980838386 vs. 1.1889135980838386
list:
dist: 1.637660867648829 vs. 1.637660867648829
list:
dist: 2.384883973073931 vs. 2.384883973073931
list:
dist: 2.010024083276402 vs. 2.010024083276402
list:
dist: 0.708057732286501 vs. 0.708057732286501
list:
dist: 1.0463360329805675 vs. 1.0463360329805675
list:
dist: 1.5676531922097527 vs. 1.5676531922097527
list:
dist: 2.3944097725205586 vs. 2.3944097725205586
list:
dist: 0.933594510928588 vs. 0.933594510928588
list:
dist: 1.2188870481937144 vs. 1.2188870481937144
list:
dist: 3.072347464399722 vs. 3.072347464399722
list:
dist: 2.6093659392802726 vs. 2.6093659392802726
list:
dist: 2.332271396671429 vs. 2.332271396671429
list:
dist: 2.5477440399607123 vs. 2.5477440399607123
list:
dist: 1.98854863289412 vs. 1.98854863289412
list:
dist: 2.122895507910668 vs. 2.122895507910668
list:
dist: 3.174325089678818 vs. 3.174325089678818
list:
dist: 2.3454864273170677 vs. 2.3454864273170677
list:
dist: 1.4972949999545428 vs. 1.4972949999545428
list:
dist: 1.4876426429177814 vs. 1.4876426429177814
list:
dist: 1.4723485292406333 vs. 1.4723485292406333
list:
dist: 2.4734826314981615 vs. 2.4734826314981615
list:
dist: 1.29524807336103 vs. 1.29524807336103
list:
dist: 2.757675986945739 vs. 2.757675986945739
list:
dist: 2.9942826296656793 vs. 2.9942826296656793
list:
dist: 1.8798230890453145 vs. 1.8798230890453145
list:
dist: 2.41029038681161 vs. 2.41029038681161
list:
dist: 2.363130529239755 vs. 2.363130529239755
list:
dist: 2.7481815234421223 vs. 2.7481815234421223
list:
dist: 2.1452519755797335 vs. 2.1452519755797335
list:
dist: 2.5212856690889445 vs. 2.5212856690889445
list:
dist: 1.0283719759111465 vs. 1.0283719759111465
list:
dist: 2.4236663708783834 vs. 2.4236663708783834
list:
dist: 1.7064762089732608 vs. 1.7064762089732608
list:
dist: 2.078153174647333 vs. 2.078153174647333
list:
dist: 1.3789117776771371 vs. 1.3789117776771371
list:
dist: 1.1453474253912013 vs. 1.1453474253912013
list:
dist: 3.386721902398032 vs. 3.386721902398032
list:
dist: 2.2046117844451403 vs. 2.2046117844451403
list:
dist: 1.9810971248583822 vs. 1.9810971248583822
list:
dist: 2.3967174380735434 vs. 2.3967174380735434
list:
dist: 3.1600785793899355 vs. 3.1600785793899355
list:
dist: 2.4869385806995883 vs. 2.4869385806995883
list:
dist: 2.400706662366756 vs. 2.400706662366756
list:
dist: 1.8026570490223244 vs. 1.8026570490223244
list:
dist: 2.403356646042791 vs. 2.403356646042791
list:
dist: 3.7828740403401073 vs. 3.7828740403401073
list:
dist: 1.773369786235009 vs. 1.773369786235009
list:
dist: 1.8820046555352632 vs. 1.8820046555352632
list:
dist: 2.5626337761748013 vs. 2.5626337761748013
list:
dist: 2.3506588973619253 vs. 2.3506588973619253
list:
dist: 2.5708829982693358 vs. 2.5708829982693358
list:
dist: 2.186361010396272 vs. 2.186361010396272
list:
dist: 4.454289453740305 vs. 4.454289453740305
list:
dist: 4.798802159895913 vs. 4.798802159895913
list:
dist: 4.370030280902276 vs. 4.370030280902276
list:
dist: 3.725959713202999 vs. 3.725959713202999
list:
dist: 4.405629149800582 vs. 4.405629149800582
list:
dist: 5.566787186846008 vs. 5.566787186846008
list:
dist: 5.574232299271881 vs. 5.574232299271881
list:
dist: 4.684539288590129 vs. 4.684539288590129
list:
dist: 4.143917938552298 vs. 4.143917938552298
list:
dist: 4.858633756042531 vs. 4.858633756042531
list:
dist: 4.55509189083253 vs. 4.55509189083253
list:
dist: 3.975063882352837 vs. 3.975063882352837
list:
dist: 4.338063519780172 vs. 4.338063519780172
list:
dist: 3.566444733330879 vs. 3.566444733330879
list:
dist: 1.802565906767771 vs. 1.802565906767771
list:
dist: 0.933594510928588 vs. 0.933594510928588
list:
dist: 2.3269699881356503 vs. 2.3269699881356503
list:
dist: 2.6207949616107773 vs. 2.6207949616107773
list:
dist: 1.5201445756468155 vs. 1.5201445756468155
list:
dist: 1.2533781007965201 vs. 1.2533781007965201
list:
dist: 1.0874460271603819 vs. 1.0874460271603819
list:
dist: 1.9565448320715926 vs. 1.9565448320715926
list:
dist: 1.4790493725228944 vs. 1.4790493725228944
list:
dist: 0.8483882079199186 vs. 0.8483882079199186
list:
dist: 2.3940257279682036 vs. 2.3940257279682036
list:
dist: 1.7514751717858936 vs. 1.7514751717858936
list:
dist: 1.5764400580120048 vs. 1.5764400580120048
list:
dist: 1.670844584082495 vs. 1.670844584082495
list:
dist: 1.4653966878798397 vs. 1.4653966878798397
list:
dist: 1.25099143109119 vs. 1.25099143109119
list:
dist: 2.474394327896998 vs. 2.474394327896998
list:
dist: 1.4628125852956808 vs. 1.4628125852956808
list:
dist: 0.7317225581278985 vs. 0.7317225581278985
list:
dist: 0.9190785054803349 vs. 0.9190785054803349
list:
dist: 0.7838357920129355 vs. 0.7838357920129355
list:
dist: 3.9727127270505784 vs. 3.9727127270505784
list:
dist: 4.735973432046234 vs. 4.735973432046234
list:
dist: 2.1438634056653503 vs. 2.1438634056653503
list:
dist: 3.3768234588800325 vs. 3.3768234588800325
list:
dist: 3.5041914098049327 vs. 3.5041914098049327
list:
dist: 2.578853894115421 vs. 2.578853894115421
list:
dist: 3.039726691397308 vs. 3.039726691397308
list:
dist: 2.8552727863285394 vs. 2.8552727863285394
list:
dist: 3.2447911264316507 vs. 3.2447911264316507
list:
dist: 2.451747252642417 vs. 2.451747252642417
list:
dist: 2.6802320149838383 vs. 2.6802320149838383
list:
dist: 1.495010068372845 vs. 1.495010068372845
list:
dist: 2.8126800536088146 vs. 2.8126800536088146
list:
dist: 2.248412316175166 vs. 2.248412316175166
list:
dist: 2.8425916910234363 vs. 2.8425916910234363
list:
dist: 1.9697502373360551 vs. 1.9697502373360551
list:
dist: 1.7322843139888668 vs. 1.7322843139888668
list:
dist: 3.7556417519541383 vs. 3.7556417519541383
list:
dist: 1.9093403940516247 vs. 1.9093403940516247
list:
dist: 1.8004839395073924 vs. 1.8004839395073924
list:
dist: 2.1633887642947633 vs. 2.1633887642947633
list:
dist: 2.743263328026819 vs. 2.743263328026819
list:
dist: 1.9688048447521487 vs. 1.9688048447521487
list:
dist: 1.958431186967081 vs. 1.958431186967081
list:
dist: 1.5380771186648257 vs. 1.5380771186648257
list:
dist: 3.0593382593616765 vs. 3.0593382593616765
list:
dist: 1.9810971248583822 vs. 1.9810971248583822
list:
dist: 2.936431502633884 vs. 2.936431502633884
list:
dist: 2.645496859846147 vs. 2.645496859846147
list:
dist: 2.2759212250853254 vs. 2.2759212250853254
list:
dist: 1.7550329919151832 vs. 1.7550329919151832
list:
dist: 1.0722492638548893 vs. 1.0722492638548893
list:
dist: 2.868232341620221 vs. 2.868232341620221
list:
dist: 2.4732369969148325 vs. 2.4732369969148325
list:
dist: 1.8004839395073924 vs. 1.8004839395073924
list:
dist: 1.6595284254146527 vs. 1.6595284254146527
list:
dist: 1.6209556432080838 vs. 1.6209556432080838
list:
dist: 2.2787750307858805 vs. 2.2787750307858805
list:
dist: 1.3995812179086071 vs. 1.3995812179086071
list:
dist: 2.0044091794786736 vs. 2.0044091794786736
list:
dist: 0.7386890951824845 vs. 0.7386890951824845
list:
dist: 1.9841250128181562 vs. 1.9841250128181562
list:
dist: 1.769170899474864 vs. 1.769170899474864
list:
dist: 2.412292821211938 vs. 2.412292821211938
list:
dist: 1.437178547381806 vs. 1.437178547381806
list:
dist: 1.0016746443594948 vs. 1.0016746443594948
list:
dist: 2.155552655114744 vs. 2.155552655114744
list:
dist: 3.1652644592589834 vs. 3.1652644592589834
list:
dist: 3.299122027141827 vs. 3.299122027141827
list:
dist: 2.2342377601191643 vs. 2.2342377601191643
list:
dist: 2.7628756368783334 vs. 2.7628756368783334
list:
dist: 2.4101747428673326 vs. 2.4101747428673326
list:
dist: 2.108785406145638 vs. 2.108785406145638
list:
dist: 2.246551327988025 vs. 2.246551327988025
list:
dist: 1.871222724635139 vs. 1.871222724635139
list:
dist: 2.497616679206638 vs. 2.497616679206638
list:
dist: 1.5859307206013742 vs. 1.5859307206013742
list:
dist: 1.66681972405341 vs. 1.66681972405341
list:
dist: 1.2800019041415496 vs. 1.2800019041415496
list:
dist: 2.4376122722609646 vs. 2.4376122722609646
list:
dist: 1.842069901904154 vs. 1.842069901904154
list:
dist: 2.7149377189095163 vs. 2.7149377189095163
list:
dist: 2.116010188708844 vs. 2.116010188708844
list:
dist: 1.478153951238619 vs. 1.478153951238619
list:
dist: 2.3688625467022053 vs. 2.3688625467022053
list:
dist: 2.617844281930674 vs. 2.617844281930674
list:
dist: 2.863937512797904 vs. 2.863937512797904
list:
dist: 2.353597463949356 vs. 2.353597463949356
list:
dist: 2.0269925436748006 vs. 2.0269925436748006
list:
dist: 0.3629722639927163 vs. 0.3629722639927163
list:
dist: 1.0952446658822927 vs. 1.0952446658822927
list:
dist: 1.3730078954481943 vs. 1.3730078954481943
list:
dist: 1.2720673803090519 vs. 1.2720673803090519
list:
dist: 1.4884716524179482 vs. 1.4884716524179482
list:
dist: 1.020030088397373 vs. 1.020030088397373
list:
dist: 1.4143236161015194 vs. 1.4143236161015194
list:
dist: 2.8918534396576163 vs. 2.8918534396576163
list:
dist: 2.5781410480889115 vs. 2.5781410480889115
list:
dist: 2.480937285071536 vs. 2.480937285071536
list:
dist: 1.876399793115941 vs. 1.876399793115941
list:
dist: 1.894750515008458 vs. 1.894750515008458
list:
dist: 2.1503164050105563 vs. 2.1503164050105563
list:
dist: 1.8000389688044414 vs. 1.8000389688044414
list:
dist: 2.1746892463003844 vs. 2.1746892463003844
list:
dist: 1.8244374394580787 vs. 1.8244374394580787
list:
dist: 3.7167228404377965 vs. 3.7167228404377965
list:
dist: 2.3680861539945233 vs. 2.3680861539945233
list:
dist: 1.4972949999545428 vs. 1.4972949999545428
list:
dist: 2.6501977842671787 vs. 2.6501977842671787
list:
dist: 2.506225899128622 vs. 2.506225899128622
list:
dist: 1.2114645021139603 vs. 1.2114645021139603
list:
dist: 1.5125818883784183 vs. 1.5125818883784183
list:
dist: 1.0370588951765343 vs. 1.0370588951765343
list:
dist: 2.2270104538013347 vs. 2.2270104538013347
list:
dist: 1.3259535919157095 vs. 1.3259535919157095
list:
dist: 0.7317225581278985 vs. 0.7317225581278985
list:
dist: 1.193427643706863 vs. 1.193427643706863
list:
dist: 1.7493410828424154 vs. 1.7493410828424154
list:
dist: 1.1836168899202777 vs. 1.1836168899202777
list:
dist: 0.9793336352855779 vs. 0.9793336352855779
list:
dist: 1.0770327580484695 vs. 1.0770327580484695
list:
dist: 0.9029327313699854 vs. 0.9029327313699854
list:
dist: 0.7194377529637296 vs. 0.7194377529637296
list:
dist: 1.790975585719046 vs. 1.790975585719046
list:
dist: 1.0869936534398574 vs. 1.0869936534398574
list:
dist: 0.5770698243007317 vs. 0.5770698243007317
list:
dist: 0.7983205588007426 vs. 0.7983205588007426
list:
dist: 3.5613478674811625 vs. 3.5613478674811625
list:
dist: 3.318050732787161 vs. 3.318050732787161
list:
dist: 2.5185147105415164 vs. 2.5185147105415164
list:
dist: 3.400904135173465 vs. 3.400904135173465
list:
dist: 3.4321241389046127 vs. 3.4321241389046127
list:
dist: 2.7346737239317847 vs. 2.7346737239317847
list:
dist: 3.1065229481660506 vs. 3.1065229481660506
list:
dist: 2.806989455499373 vs. 2.806989455499373
list:
dist: 3.167020613177791 vs. 3.167020613177791
list:
dist: 2.2753566664646474 vs. 2.2753566664646474
list:
dist: 2.3708304706896572 vs. 2.3708304706896572
list:
dist: 1.6321552072496606 vs. 1.6321552072496606
list:
dist: 2.7144500513606427 vs. 2.7144500513606427
list:
dist: 2.2869964382291426 vs. 2.2869964382291426
list:
dist: 3.048206106637596 vs. 3.048206106637596
list:
dist: 2.1242568086476874 vs. 2.1242568086476874
list:
dist: 1.9437855551084653 vs. 1.9437855551084653
list:
dist: 3.564134172868681 vs. 3.564134172868681
list:
dist: 3.677009871764359 vs. 3.677009871764359
list:
dist: 3.6323935337044158 vs. 3.6323935337044158
list:
dist: 3.506719460744863 vs. 3.506719460744863
list:
dist: 3.3239545912665087 vs. 3.3239545912665087
list:
dist: 1.4154202595301288 vs. 1.4154202595301288
list:
dist: 1.437178547381806 vs. 1.437178547381806
list:
dist: 1.966354628704749 vs. 1.966354628704749
list:
dist: 2.2735593931699833 vs. 2.2735593931699833
list:
dist: 1.6337142757215575 vs. 1.6337142757215575
list:
dist: 1.7922061189644227 vs. 1.7922061189644227
list:
dist: 1.4576414156023607 vs. 1.4576414156023607
list:
dist: 2.4612898504104717 vs. 2.4612898504104717
list:
dist: 2.0485662513348295 vs. 2.0485662513348295
list:
dist: 1.6132075948418019 vs. 1.6132075948418019
list:
dist: 1.149426993964436 vs. 1.149426993964436
list:
dist: 1.1373817013892624 vs. 1.1373817013892624
list:
dist: 0.9097266579086175 vs. 0.9097266579086175
list:
dist: 1.295135194479314 vs. 1.295135194479314
list:
dist: 1.146315571867049 vs. 1.146315571867049
list:
dist: 1.0760841887289965 vs. 1.0760841887289965
list:
dist: 0.5087544020515409 vs. 0.5087544020515409
list:
dist: 2.185918400155599 vs. 2.185918400155599
list:
dist: 1.9269543003195089 vs. 1.9269543003195089
list:
dist: 1.7956803635268153 vs. 1.7956803635268153
list:
dist: 1.0255763005971352 vs. 1.0255763005971352
list:
dist: 1.378295558661779 vs. 1.378295558661779
list:
dist: 1.4115802519294496 vs. 1.4115802519294496
list:
dist: 2.2822365862950176 vs. 2.2822365862950176
list:
dist: 2.340934439341311 vs. 2.340934439341311
list:
dist: 2.205635224143882 vs. 2.205635224143882
list:
dist: 2.3221919028763702 vs. 2.3221919028763702
list:
dist: 3.1124330376733798 vs. 3.1124330376733798
list:
dist: 3.432434651899044 vs. 3.432434651899044
list:
dist: 2.4497767032390616 vs. 2.4497767032390616
list:
dist: 3.8921067187600054 vs. 3.8921067187600054
list:
dist: 1.3989554285257009 vs. 1.3989554285257009
list:
dist: 1.235740099702496 vs. 1.235740099702496
list:
dist: 1.9658715829175295 vs. 1.9658715829175295
list:
dist: 1.4236334267087827 vs. 1.4236334267087827
list:
dist: 1.0882390757324816 vs. 1.0882390757324816
list:
dist: 0.9290204109721911 vs. 0.9290204109721911
list:
dist: 2.0485662513348295 vs. 2.0485662513348295
list:
dist: 2.4218240696111493 vs. 2.4218240696111493
list:
dist: 1.7323458319964213 vs. 1.7323458319964213
list:
dist: 2.463385795638142 vs. 2.463385795638142
list:
dist: 1.9072545640570757 vs. 1.9072545640570757
list:
dist: 2.6405049129903753 vs. 2.6405049129903753
list:
dist: 2.1778385283913373 vs. 2.1778385283913373
list:
dist: 2.140000389563548 vs. 2.140000389563548
list:
dist: 2.5377519409105473 vs. 2.5377519409105473
list:
dist: 2.1036083991455 vs. 2.1036083991455
list:
dist: 2.9759685325191216 vs. 2.9759685325191216
list:
dist: 1.851006784667661 vs. 1.851006784667661
list:
dist: 2.7265733429202075 vs. 2.7265733429202075
list:
dist: 1.4236334267087827 vs. 1.4236334267087827
list:
dist: 0.7411036723516597 vs. 0.7411036723516597
list:
dist: 0.2522737926253844 vs. 0.2522737926253844
list:
dist: 0.7421131045601191 vs. 0.7421131045601191
list:
dist: 0.7153901466148412 vs. 0.7153901466148412
list:
dist: 0.8126131965872162 vs. 0.8126131965872162
list:
dist: 0.9097266579086175 vs. 0.9097266579086175
list:
dist: 1.0072431512334687 vs. 1.0072431512334687
list:
dist: 0.9136628680609138 vs. 0.9136628680609138
list:
dist: 1.5317858106535736 vs. 1.5317858106535736
list:
dist: 1.1254086358974165 vs. 1.1254086358974165
list:
dist: 1.4408603492639938 vs. 1.4408603492639938
list:
dist: 0.8072801368496251 vs. 0.8072801368496251
list:
dist: 1.0749857726057916 vs. 1.0749857726057916
list:
dist: 1.291254238926782 vs. 1.291254238926782
list:
dist: 1.5855265352391315 vs. 1.5855265352391315
list:
dist: 1.8772627243940292 vs. 1.8772627243940292
list:
dist: 1.44601180924937 vs. 1.44601180924937
list:
dist: 1.898880567451871 vs. 1.898880567451871
list:
dist: 3.892903557724965 vs. 3.892903557724965
list:
dist: 4.13223568013472 vs. 4.13223568013472
list:
dist: 3.2165207601905674 vs. 3.2165207601905674
list:
dist: 4.67008453493992 vs. 4.67008453493992
list:
dist: 1.7323458319964213 vs. 1.7323458319964213
list:
dist: 1.5512339585648252 vs. 1.5512339585648252
list:
dist: 1.0925991606355043 vs. 1.0925991606355043
list:
dist: 1.1967036202699317 vs. 1.1967036202699317
list:
dist: 0.9136628680609138 vs. 0.9136628680609138
list:
dist: 1.2460238270545507 vs. 1.2460238270545507
list:
dist: 0.825995315090789 vs. 0.825995315090789
list:
dist: 0.5087544020515409 vs. 0.5087544020515409
list:
dist: 1.4129059126506451 vs. 1.4129059126506451
list:
dist: 2.3824820811365086 vs. 2.3824820811365086
list:
dist: 1.9937113331541298 vs. 1.9937113331541298
list:
dist: 2.1383223685661585 vs. 2.1383223685661585
list:
dist: 1.3677531142669006 vs. 1.3677531142669006
list:
dist: 1.6917535213562167 vs. 1.6917535213562167
list:
dist: 1.816923420971669 vs. 1.816923420971669
list:
dist: 2.4437184893260264 vs. 2.4437184893260264
list:
dist: 2.6332945024332997 vs. 2.6332945024332997
list:
dist: 2.314593554468248 vs. 2.314593554468248
list:
dist: 2.6300306058790817 vs. 2.6300306058790817
list:
dist: 3.4872356720310997 vs. 3.4872356720310997
list:
dist: 3.8247644792756867 vs. 3.8247644792756867
list:
dist: 2.7698863788721684 vs. 2.7698863788721684
list:
dist: 4.254956305325108 vs. 4.254956305325108
list:
dist: 3.564503650831464 vs. 3.564503650831464
list:
dist: 2.400706662366756 vs. 2.400706662366756
list:
dist: 3.871179446502506 vs. 3.871179446502506
list:
dist: 3.9227334594554715 vs. 3.9227334594554715
list:
dist: 2.98650047452166 vs. 2.98650047452166
list:
dist: 2.6116609932230905 vs. 2.6116609932230905
list:
dist: 2.026654413865891 vs. 2.026654413865891
list:
dist: 3.725763814025444 vs. 3.725763814025444
list:
dist: 1.9537308994390223 vs. 1.9537308994390223
list:
dist: 1.958431186967081 vs. 1.958431186967081
list:
dist: 1.3150249950105375 vs. 1.3150249950105375
list:
dist: 1.6423491977530777 vs. 1.6423491977530777
list:
dist: 2.436964913796165 vs. 2.436964913796165
list:
dist: 1.3299122876683167 vs. 1.3299122876683167
list:
dist: 1.9614765680722817 vs. 1.9614765680722817
list:
dist: 1.336927706168539 vs. 1.336927706168539
list:
dist: 2.1334063950077713 vs. 2.1334063950077713
list:
dist: 1.912407779938786 vs. 1.912407779938786
list:
dist: 2.472365905850259 vs. 2.472365905850259
list:
dist: 1.7922061189644227 vs. 1.7922061189644227
list:
dist: 1.295796036902133 vs. 1.295796036902133
list:
dist: 2.5037828452192277 vs. 2.5037828452192277
list:
dist: 4.191193960169934 vs. 4.191193960169934
list:
dist: 4.289656643817403 vs. 4.289656643817403
list:
dist: 2.9196759296766674 vs. 2.9196759296766674
list:
dist: 4.064712131805392 vs. 4.064712131805392
list:
dist: 3.6766963586196204 vs. 3.6766963586196204
list:
dist: 3.1622730398058794 vs. 3.1622730398058794
list:
dist: 3.3721881254849344 vs. 3.3721881254849344
list:
dist: 3.1381534542090352 vs. 3.1381534542090352
list:
dist: 3.886797991813291 vs. 3.886797991813291
list:
dist: 3.0117468241550567 vs. 3.0117468241550567
list:
dist: 3.1498724776680764 vs. 3.1498724776680764
list:
dist: 2.2077731542695873 vs. 2.2077731542695873
list:
dist: 3.8156656686457175 vs. 3.8156656686457175
list:
dist: 3.0812326128527747 vs. 3.0812326128527747
list:
dist: 3.820992570774204 vs. 3.820992570774204
list:
dist: 3.214149318769426 vs. 3.214149318769426
list:
dist: 2.274444991437694 vs. 2.274444991437694
list:
dist: 3.6448805304896568 vs. 3.6448805304896568
list:
dist: 4.022847480238308 vs. 4.022847480238308
list:
dist: 4.344375521541469 vs. 4.344375521541469
list:
dist: 3.692859637786263 vs. 3.692859637786263
list:
dist: 3.27921376401541 vs. 3.27921376401541
list:
dist: 1.6010502713588803 vs. 1.6010502713588803
list:
dist: 1.4884716524179482 vs. 1.4884716524179482
list:
dist: 0.7017420336088949 vs. 0.7017420336088949
list:
dist: 1.3086480267939449 vs. 1.3086480267939449
list:
dist: 0.4588659903789387 vs. 0.4588659903789387
list:
dist: 0.6957489069826653 vs. 0.6957489069826653
list:
dist: 2.8304724673764565 vs. 2.8304724673764565
list:
dist: 4.030657236874809 vs. 4.030657236874809
list:
dist: 3.7707502767754253 vs. 3.7707502767754253
list:
dist: 4.301179789145075 vs. 4.301179789145075
list:
dist: 3.1600785793899355 vs. 3.1600785793899355
list:
dist: 4.29896588846478 vs. 4.29896588846478
list:
dist: 3.905484151185191 vs. 3.905484151185191
list:
dist: 3.2185254087385613 vs. 3.2185254087385613
list:
dist: 3.080391557753407 vs. 3.080391557753407
list:
dist: 2.376825653875502 vs. 2.376825653875502
list:
dist: 4.169475170166024 vs. 4.169475170166024
list:
dist: 2.712081433845989 vs. 2.712081433845989
list:
dist: 2.743263328026819 vs. 2.743263328026819
list:
dist: 2.368714451428291 vs. 2.368714451428291
list:
dist: 1.1560879892866602 vs. 1.1560879892866602
list:
dist: 2.6423885877673166 vs. 2.6423885877673166
list:
dist: 1.5499917502165934 vs. 1.5499917502165934
list:
dist: 2.2076464728118803 vs. 2.2076464728118803
list:
dist: 1.410289117559854 vs. 1.410289117559854
list:
dist: 2.5178627463425625 vs. 2.5178627463425625
list:
dist: 1.4042810814493294 vs. 1.4042810814493294
list:
dist: 2.905871598934936 vs. 2.905871598934936
list:
dist: 2.2735593931699833 vs. 2.2735593931699833
list:
dist: 1.8358391649987011 vs. 1.8358391649987011
list:
dist: 3.06965307273039 vs. 3.06965307273039
list:
dist: 3.220862110635482 vs. 3.220862110635482
list:
dist: 3.5396573075714857 vs. 3.5396573075714857
list:
dist: 3.462362402772608 vs. 3.462362402772608
list:
dist: 3.9908281700588626 vs. 3.9908281700588626
list:
dist: 3.4231934470929164 vs. 3.4231934470929164
list:
dist: 3.361678634704558 vs. 3.361678634704558
list:
dist: 3.3895732474905786 vs. 3.3895732474905786
list:
dist: 3.01945221165852 vs. 3.01945221165852
list:
dist: 3.6983207379616503 vs. 3.6983207379616503
list:
dist: 2.8362158927857397 vs. 2.8362158927857397
list:
dist: 2.782393196102345 vs. 2.782393196102345
list:
dist: 2.5976051202476835 vs. 2.5976051202476835
list:
dist: 3.7164297096043173 vs. 3.7164297096043173
list:
dist: 3.185775659354498 vs. 3.185775659354498
list:
dist: 4.043953073831744 vs. 4.043953073831744
list:
dist: 3.48869804284811 vs. 3.48869804284811
list:
dist: 2.7205249511086156 vs. 2.7205249511086156
list:
dist: 3.157623778362592 vs. 3.157623778362592
list:
dist: 3.4212465398597365 vs. 3.4212465398597365
list:
dist: 3.815875990796154 vs. 3.815875990796154
list:
dist: 2.857560305226448 vs. 2.857560305226448
list:
dist: 2.6279285828530226 vs. 2.6279285828530226
list:
dist: 1.273260777657556 vs. 1.273260777657556
list:
dist: 1.3730078954481943 vs. 1.3730078954481943
list:
dist: 1.0624838466416164 vs. 1.0624838466416164
list:
dist: 0.9744381731805029 vs. 0.9744381731805029
list:
dist: 1.3086480267939449 vs. 1.3086480267939449
list:
dist: 1.5183454680243011 vs. 1.5183454680243011
list:
dist: 2.13781685697219 vs. 2.13781685697219
list:
dist: 3.345132457603868 vs. 3.345132457603868
list:
dist: 3.02167867520306 vs. 3.02167867520306
list:
dist: 1.9658715829175295 vs. 1.9658715829175295
list:
dist: 0.8461605926882244 vs. 0.8461605926882244
list:
dist: 0.8549250094479284 vs. 0.8549250094479284
list:
dist: 0.7421131045601191 vs. 0.7421131045601191
list:
dist: 1.4498801101594956 vs. 1.4498801101594956
list:
dist: 1.415132280970882 vs. 1.415132280970882
list:
dist: 1.1373817013892624 vs. 1.1373817013892624
list:
dist: 0.7223546631447167 vs. 0.7223546631447167
list:
dist: 1.1967036202699317 vs. 1.1967036202699317
list:
dist: 1.4156780436790497 vs. 1.4156780436790497
list:
dist: 1.0495479308495055 vs. 1.0495479308495055
list:
dist: 1.4289684157566556 vs. 1.4289684157566556
list:
dist: 0.9043790391460499 vs. 0.9043790391460499
list:
dist: 1.4716343987930989 vs. 1.4716343987930989
list:
dist: 1.4574998501322574 vs. 1.4574998501322574
list:
dist: 1.9356560705249857 vs. 1.9356560705249857
list:
dist: 1.6734358104125517 vs. 1.6734358104125517
list:
dist: 1.8336169121787749 vs. 1.8336169121787749
list:
dist: 2.18342898480195 vs. 2.18342898480195
list:
dist: 3.7009116115679364 vs. 3.7009116115679364
list:
dist: 3.846877732664481 vs. 3.846877732664481
list:
dist: 2.940786080923424 vs. 2.940786080923424
list:
dist: 4.446365185630018 vs. 4.446365185630018
list:
dist: 0.9290204109721911 vs. 0.9290204109721911
list:
dist: 1.2583239546591365 vs. 1.2583239546591365
list:
dist: 0.791808480220111 vs. 0.791808480220111
list:
dist: 1.415132280970882 vs. 1.415132280970882
list:
dist: 0.8126131965872162 vs. 0.8126131965872162
list:
dist: 0.7061734483373239 vs. 0.7061734483373239
list:
dist: 1.146315571867049 vs. 1.146315571867049
list:
dist: 1.762371811591174 vs. 1.762371811591174
list:
dist: 0.825995315090789 vs. 0.825995315090789
list:
dist: 2.272451951623399 vs. 2.272451951623399
list:
dist: 1.7871607988042613 vs. 1.7871607988042613
list:
dist: 2.2028330744069313 vs. 2.2028330744069313
list:
dist: 1.5523403049265807 vs. 1.5523403049265807
list:
dist: 1.6432975909828527 vs. 1.6432975909828527
list:
dist: 1.95846246738746 vs. 1.95846246738746
list:
dist: 2.0763625809416997 vs. 2.0763625809416997
list:
dist: 2.6655136517334723 vs. 2.6655136517334723
list:
dist: 1.8855640370175446 vs. 1.8855640370175446
list:
dist: 2.468993778480721 vs. 2.468993778480721
list:
dist: 4.246298605741773 vs. 4.246298605741773
list:
dist: 4.5781516004191 vs. 4.5781516004191
list:
dist: 3.5683626652794516 vs. 3.5683626652794516
list:
dist: 5.024366510723268 vs. 5.024366510723268
list:
dist: 1.3989554285257009 vs. 1.3989554285257009
list:
dist: 0.5698869771575149 vs. 0.5698869771575149
list:
dist: 0.8461605926882244 vs. 0.8461605926882244
list:
dist: 0.7411036723516597 vs. 0.7411036723516597
list:
dist: 1.1095720018644888 vs. 1.1095720018644888
list:
dist: 1.2583239546591365 vs. 1.2583239546591365
list:
dist: 1.6132075948418019 vs. 1.6132075948418019
list:
dist: 1.321411796166913 vs. 1.321411796166913
list:
dist: 1.5512339585648252 vs. 1.5512339585648252
list:
dist: 1.2060225626647587 vs. 1.2060225626647587
list:
dist: 0.5913806897600341 vs. 0.5913806897600341
list:
dist: 1.5257649232326338 vs. 1.5257649232326338
list:
dist: 1.2118740910972738 vs. 1.2118740910972738
list:
dist: 1.4470754820530065 vs. 1.4470754820530065
list:
dist: 1.6525446688275345 vs. 1.6525446688275345
list:
dist: 1.4399670678603007 vs. 1.4399670678603007
list:
dist: 1.7033744568876923 vs. 1.7033744568876923
list:
dist: 1.253117145897413 vs. 1.253117145897413
list:
dist: 1.9784263614232278 vs. 1.9784263614232278
list:
dist: 4.456882009610649 vs. 4.456882009610649
list:
dist: 4.621925319193497 vs. 4.621925319193497
list:
dist: 3.7429809644837886 vs. 3.7429809644837886
list:
dist: 5.217756128453855 vs. 5.217756128453855
list:
dist: 2.140000389563548 vs. 2.140000389563548
list:
dist: 1.4470754820530065 vs. 1.4470754820530065
list:
dist: 1.15174251639011 vs. 1.15174251639011
list:
dist: 1.4716343987930989 vs. 1.4716343987930989
list:
dist: 1.0749857726057916 vs. 1.0749857726057916
list:
dist: 1.0904624128610036 vs. 1.0904624128610036
list:
dist: 1.6432975909828527 vs. 1.6432975909828527
list:
dist: 1.378295558661779 vs. 1.378295558661779
list:
dist: 1.116543305852272 vs. 1.116543305852272
list:
dist: 1.6917535213562167 vs. 1.6917535213562167
list:
dist: 1.3435984443751392 vs. 1.3435984443751392
list:
dist: 1.3998627456491446 vs. 1.3998627456491446
list:
dist: 0.8273029196285986 vs. 0.8273029196285986
list:
dist: 0.6586902633287331 vs. 0.6586902633287331
list:
dist: 0.4860181371085788 vs. 0.4860181371085788
list:
dist: 1.081375125132846 vs. 1.081375125132846
list:
dist: 1.4705895171914294 vs. 1.4705895171914294
list:
dist: 1.1305359240449826 vs. 1.1305359240449826
list:
dist: 0.9517634510794083 vs. 0.9517634510794083
list:
dist: 3.7259045086310922 vs. 3.7259045086310922
list:
dist: 3.937103434426922 vs. 3.937103434426922
list:
dist: 3.266256934213033 vs. 3.266256934213033
list:
dist: 4.491788278887352 vs. 4.491788278887352
list:
dist: 1.851006784667661 vs. 1.851006784667661
list:
dist: 1.253117145897413 vs. 1.253117145897413
list:
dist: 1.3049313401793412 vs. 1.3049313401793412
list:
dist: 1.8336169121787749 vs. 1.8336169121787749
list:
dist: 1.44601180924937 vs. 1.44601180924937
list:
dist: 1.254064595299452 vs. 1.254064595299452
list:
dist: 1.8855640370175446 vs. 1.8855640370175446
list:
dist: 2.205635224143882 vs. 2.205635224143882
list:
dist: 1.832126830225588 vs. 1.832126830225588
list:
dist: 2.314593554468248 vs. 2.314593554468248
list:
dist: 1.1096257720772222 vs. 1.1096257720772222
list:
dist: 1.0733903764897628 vs. 1.0733903764897628
list:
dist: 1.3122708586077783 vs. 1.3122708586077783
list:
dist: 1.4711160240889056 vs. 1.4711160240889056
list:
dist: 1.1305359240449826 vs. 1.1305359240449826
list:
dist: 1.4743901566902948 vs. 1.4743901566902948
list:
dist: 0.2684258215324127 vs. 0.2684258215324127
list:
dist: 1.536630534150957 vs. 1.536630534150957
list:
dist: 1.0570093358104795 vs. 1.0570093358104795
list:
dist: 1.235740099702496 vs. 1.235740099702496
list:
dist: 0.5698869771575149 vs. 0.5698869771575149
list:
dist: 0.8549250094479284 vs. 0.8549250094479284
list:
dist: 0.2522737926253844 vs. 0.2522737926253844
list:
dist: 0.6350713009217015 vs. 0.6350713009217015
list:
dist: 0.791808480220111 vs. 0.791808480220111
list:
dist: 1.149426993964436 vs. 1.149426993964436
list:
dist: 1.1920506151039985 vs. 1.1920506151039985
list:
dist: 1.0925991606355043 vs. 1.0925991606355043
list:
dist: 1.4857714329848015 vs. 1.4857714329848015
list:
dist: 1.0153229864633635 vs. 1.0153229864633635
list:
dist: 1.5085563398389714 vs. 1.5085563398389714
list:
dist: 0.9732065208831441 vs. 0.9732065208831441
list:
dist: 1.15174251639011 vs. 1.15174251639011
list:
dist: 1.4217444584778818 vs. 1.4217444584778818
list:
dist: 1.477006193515125 vs. 1.477006193515125
list:
dist: 1.896314369539574 vs. 1.896314369539574
list:
dist: 1.3049313401793412 vs. 1.3049313401793412
list:
dist: 1.8946911282800243 vs. 1.8946911282800243
list:
dist: 4.143266393563052 vs. 4.143266393563052
list:
dist: 4.376395031871402 vs. 4.376395031871402
list:
dist: 3.46524499515573 vs. 3.46524499515573
list:
dist: 4.920115810235041 vs. 4.920115810235041
list:
dist: 2.5377519409105473 vs. 2.5377519409105473
list:
dist: 1.6525446688275345 vs. 1.6525446688275345
list:
dist: 1.4217444584778818 vs. 1.4217444584778818
list:
dist: 1.4574998501322574 vs. 1.4574998501322574
list:
dist: 1.291254238926782 vs. 1.291254238926782
list:
dist: 1.5058196844190004 vs. 1.5058196844190004
list:
dist: 1.95846246738746 vs. 1.95846246738746
list:
dist: 1.4115802519294496 vs. 1.4115802519294496
list:
dist: 0.8933382991624788 vs. 0.8933382991624788
list:
dist: 1.816923420971669 vs. 1.816923420971669
list:
dist: 1.324195070211627 vs. 1.324195070211627
list:
dist: 1.5145840851724268 vs. 1.5145840851724268
list:
dist: 0.5886520308450054 vs. 0.5886520308450054
list:
dist: 0.5657585598281274 vs. 0.5657585598281274
list:
dist: 0.4860181371085788 vs. 0.4860181371085788
list:
dist: 1.3803589645530483 vs. 1.3803589645530483
list:
dist: 1.26583115745413 vs. 1.26583115745413
list:
dist: 1.4743901566902948 vs. 1.4743901566902948
list:
dist: 1.0490509348715504 vs. 1.0490509348715504
list:
dist: 3.3679267738121577 vs. 3.3679267738121577
list:
dist: 3.529039374445736 vs. 3.529039374445736
list:
dist: 2.9308106095586286 vs. 2.9308106095586286
list:
dist: 4.118756107089568 vs. 4.118756107089568
list:
dist: 2.1778385283913373 vs. 2.1778385283913373
list:
dist: 1.2118740910972738 vs. 1.2118740910972738
list:
dist: 0.9732065208831441 vs. 0.9732065208831441
list:
dist: 0.9043790391460499 vs. 0.9043790391460499
list:
dist: 0.8072801368496251 vs. 0.8072801368496251
list:
dist: 1.2424182733865072 vs. 1.2424182733865072
list:
dist: 1.5523403049265807 vs. 1.5523403049265807
list:
dist: 1.0255763005971352 vs. 1.0255763005971352
list:
dist: 0.4674661441473975 vs. 0.4674661441473975
list:
dist: 1.3677531142669006 vs. 1.3677531142669006
list:
dist: 1.2364895915990706 vs. 1.2364895915990706
list:
dist: 1.2015867007420964 vs. 1.2015867007420964
list:
dist: 0.7765609483981168 vs. 0.7765609483981168
list:
dist: 0.6586902633287331 vs. 0.6586902633287331
list:
dist: 0.5657585598281274 vs. 0.5657585598281274
list:
dist: 1.4726808875978077 vs. 1.4726808875978077
list:
dist: 1.3380063213521625 vs. 1.3380063213521625
list:
dist: 1.4711160240889056 vs. 1.4711160240889056
list:
dist: 1.4411089537256456 vs. 1.4411089537256456
list:
dist: 3.4073791333667063 vs. 3.4073791333667063
list:
dist: 3.5820303011391252 vs. 3.5820303011391252
list:
dist: 2.8284880375327917 vs. 2.8284880375327917
list:
dist: 4.172942312314732 vs. 4.172942312314732
list:
dist: 1.0882390757324816 vs. 1.0882390757324816
list:
dist: 1.1095720018644888 vs. 1.1095720018644888
list:
dist: 0.6350713009217015 vs. 0.6350713009217015
list:
dist: 1.4498801101594956 vs. 1.4498801101594956
list:
dist: 0.7153901466148412 vs. 0.7153901466148412
list:
dist: 0.7061734483373239 vs. 0.7061734483373239
list:
dist: 1.295135194479314 vs. 1.295135194479314
list:
dist: 1.601978596977239 vs. 1.601978596977239
list:
dist: 1.2460238270545507 vs. 1.2460238270545507
list:
dist: 1.8367130412858066 vs. 1.8367130412858066
list:
dist: 1.471543325168215 vs. 1.471543325168215
list:
dist: 1.731531053419871 vs. 1.731531053419871
list:
dist: 1.2424182733865072 vs. 1.2424182733865072
list:
dist: 1.0904624128610036 vs. 1.0904624128610036
list:
dist: 1.5058196844190004 vs. 1.5058196844190004
list:
dist: 1.4238964965388392 vs. 1.4238964965388392
list:
dist: 2.225505078405945 vs. 2.225505078405945
list:
dist: 1.254064595299452 vs. 1.254064595299452
list:
dist: 1.8133577046475948 vs. 1.8133577046475948
list:
dist: 4.294054370897697 vs. 4.294054370897697
list:
dist: 4.590828955964973 vs. 4.590828955964973
list:
dist: 3.7040900327532587 vs. 3.7040900327532587
list:
dist: 5.080064039355855 vs. 5.080064039355855
list:
dist: 2.4218240696111493 vs. 2.4218240696111493
list:
dist: 1.321411796166913 vs. 1.321411796166913
list:
dist: 1.1920506151039985 vs. 1.1920506151039985
list:
dist: 0.7223546631447167 vs. 0.7223546631447167
list:
dist: 1.0072431512334687 vs. 1.0072431512334687
list:
dist: 1.601978596977239 vs. 1.601978596977239
list:
dist: 1.762371811591174 vs. 1.762371811591174
list:
dist: 1.0760841887289965 vs. 1.0760841887289965
list:
dist: 1.4129059126506451 vs. 1.4129059126506451
list:
dist: 1.3280250510105516 vs. 1.3280250510105516
list:
dist: 1.291124719819687 vs. 1.291124719819687
list:
dist: 0.9566961110451825 vs. 0.9566961110451825
list:
dist: 0.4674661441473975 vs. 0.4674661441473975
list:
dist: 1.116543305852272 vs. 1.116543305852272
list:
dist: 0.8933382991624788 vs. 0.8933382991624788
list:
dist: 1.8378339813978652 vs. 1.8378339813978652
list:
dist: 1.3513730553754089 vs. 1.3513730553754089
list:
dist: 1.832126830225588 vs. 1.832126830225588
list:
dist: 1.8025118033185195 vs. 1.8025118033185195
list:
dist: 3.202833302787463 vs. 3.202833302787463
list:
dist: 3.3283579413102253 vs. 3.3283579413102253
list:
dist: 2.5534824403448018 vs. 2.5534824403448018
list:
dist: 3.951801695001042 vs. 3.951801695001042
list:
dist: 1.199108220022765 vs. 1.199108220022765
list:
dist: 1.134624635766512 vs. 1.134624635766512
list:
dist: 1.4341576211095113 vs. 1.4341576211095113
list:
dist: 0.8490790450223787 vs. 0.8490790450223787
list:
dist: 1.336489314985044 vs. 1.336489314985044
list:
dist: 1.3890495640950058 vs. 1.3890495640950058
list:
dist: 1.4263073149144883 vs. 1.4263073149144883
list:
dist: 0.5127836249610067 vs. 0.5127836249610067
list:
dist: 1.3616780861705273 vs. 1.3616780861705273
list:
dist: 2.8545644260577623 vs. 2.8545644260577623
list:
dist: 2.576910611549809 vs. 2.576910611549809
list:
dist: 2.3320313992555826 vs. 2.3320313992555826
list:
dist: 3.1118464676621356 vs. 3.1118464676621356
list:
dist: 2.343190245146874 vs. 2.343190245146874
list:
dist: 1.1967302362680623 vs. 1.1967302362680623
list:
dist: 0.5323972220552052 vs. 0.5323972220552052
list:
dist: 1.134624635766512 vs. 1.134624635766512
list:
dist: 1.356575518036693 vs. 1.356575518036693
list:
dist: 1.0039895727360966 vs. 1.0039895727360966
list:
dist: 2.0883985321551584 vs. 2.0883985321551584
list:
dist: 2.0742213904710023 vs. 2.0742213904710023
list:
dist: 1.0833721852656912 vs. 1.0833721852656912
list:
dist: 1.6201554974135228 vs. 1.6201554974135228
list:
dist: 3.6963312839274627 vs. 3.6963312839274627
list:
dist: 3.2250052539465934 vs. 3.2250052539465934
list:
dist: 3.3024810246941105 vs. 3.3024810246941105
list:
dist: 4.021333445340274 vs. 4.021333445340274
list:
dist: 3.088912701772175 vs. 3.088912701772175
list:
dist: 2.7265733429202075 vs. 2.7265733429202075
list:
dist: 1.9784263614232278 vs. 1.9784263614232278
list:
dist: 1.8946911282800243 vs. 1.8946911282800243
list:
dist: 2.18342898480195 vs. 2.18342898480195
list:
dist: 1.898880567451871 vs. 1.898880567451871
list:
dist: 1.8133577046475948 vs. 1.8133577046475948
list:
dist: 2.468993778480721 vs. 2.468993778480721
list:
dist: 2.3221919028763702 vs. 2.3221919028763702
list:
dist: 1.8025118033185195 vs. 1.8025118033185195
list:
dist: 2.6300306058790817 vs. 2.6300306058790817
list:
dist: 1.3109598769232345 vs. 1.3109598769232345
list:
dist: 1.6768008667929968 vs. 1.6768008667929968
list:
dist: 0.9541028093214466 vs. 0.9541028093214466
list:
dist: 1.4411089537256456 vs. 1.4411089537256456
list:
dist: 0.9517634510794083 vs. 0.9517634510794083
list:
dist: 1.0490509348715504 vs. 1.0490509348715504
list:
dist: 0.8136270993971888 vs. 0.8136270993971888
list:
dist: 1.3076098152691638 vs. 1.3076098152691638
list:
dist: 1.0570093358104795 vs. 1.0570093358104795
list:
dist: 2.9759685325191216 vs. 2.9759685325191216
list:
dist: 1.7033744568876923 vs. 1.7033744568876923
list:
dist: 1.896314369539574 vs. 1.896314369539574
list:
dist: 1.6734358104125517 vs. 1.6734358104125517
list:
dist: 1.8772627243940292 vs. 1.8772627243940292
list:
dist: 2.225505078405945 vs. 2.225505078405945
list:
dist: 2.6655136517334723 vs. 2.6655136517334723
list:
dist: 2.340934439341311 vs. 2.340934439341311
list:
dist: 1.3513730553754089 vs. 1.3513730553754089
list:
dist: 2.6332945024332997 vs. 2.6332945024332997
list:
dist: 0.5823384848519171 vs. 0.5823384848519171
list:
dist: 1.1862735438042704 vs. 1.1862735438042704
list:
dist: 0.6816160161690483 vs. 0.6816160161690483
list:
dist: 1.3380063213521625 vs. 1.3380063213521625
list:
dist: 1.4705895171914294 vs. 1.4705895171914294
list:
dist: 1.26583115745413 vs. 1.26583115745413
list:
dist: 1.410973003328647 vs. 1.410973003328647
list:
dist: 1.536630534150957 vs. 1.536630534150957
list:
dist: 1.3076098152691638 vs. 1.3076098152691638
list:
dist: 2.1036083991455 vs. 2.1036083991455
list:
dist: 1.4399670678603007 vs. 1.4399670678603007
list:
dist: 1.477006193515125 vs. 1.477006193515125
list:
dist: 1.9356560705249857 vs. 1.9356560705249857
list:
dist: 1.5855265352391315 vs. 1.5855265352391315
list:
dist: 1.4238964965388392 vs. 1.4238964965388392
list:
dist: 2.0763625809416997 vs. 2.0763625809416997
list:
dist: 2.2822365862950176 vs. 2.2822365862950176
list:
dist: 1.8378339813978652 vs. 1.8378339813978652
list:
dist: 2.4437184893260264 vs. 2.4437184893260264
list:
dist: 1.0668175848038965 vs. 1.0668175848038965
list:
dist: 1.1837037372175876 vs. 1.1837037372175876
list:
dist: 1.1907684540203043 vs. 1.1907684540203043
list:
dist: 1.4726808875978077 vs. 1.4726808875978077
list:
dist: 1.081375125132846 vs. 1.081375125132846
list:
dist: 1.3803589645530483 vs. 1.3803589645530483
list:
dist: 1.410973003328647 vs. 1.410973003328647
list:
dist: 0.2684258215324127 vs. 0.2684258215324127
list:
dist: 0.8136270993971888 vs. 0.8136270993971888
list:
dist: 2.463385795638142 vs. 2.463385795638142
list:
dist: 1.2060225626647587 vs. 1.2060225626647587
list:
dist: 1.4857714329848015 vs. 1.4857714329848015
list:
dist: 1.4156780436790497 vs. 1.4156780436790497
list:
dist: 1.5317858106535736 vs. 1.5317858106535736
list:
dist: 1.8367130412858066 vs. 1.8367130412858066
list:
dist: 2.272451951623399 vs. 2.272451951623399
list:
dist: 2.185918400155599 vs. 2.185918400155599
list:
dist: 1.3280250510105516 vs. 1.3280250510105516
list:
dist: 2.3824820811365086 vs. 2.3824820811365086
list:
dist: 0.6476803298686294 vs. 0.6476803298686294
list:
dist: 0.8091037527067311 vs. 0.8091037527067311
list:
dist: 1.2364895915990706 vs. 1.2364895915990706
list:
dist: 1.3435984443751392 vs. 1.3435984443751392
list:
dist: 1.324195070211627 vs. 1.324195070211627
list:
dist: 1.0668175848038965 vs. 1.0668175848038965
list:
dist: 0.5823384848519171 vs. 0.5823384848519171
list:
dist: 1.1096257720772222 vs. 1.1096257720772222
list:
dist: 1.3109598769232345 vs. 1.3109598769232345
list:
dist: 2.6405049129903753 vs. 2.6405049129903753
list:
dist: 1.5257649232326338 vs. 1.5257649232326338
list:
dist: 1.5085563398389714 vs. 1.5085563398389714
list:
dist: 1.4289684157566556 vs. 1.4289684157566556
list:
dist: 1.4408603492639938 vs. 1.4408603492639938
list:
dist: 1.731531053419871 vs. 1.731531053419871
list:
dist: 2.2028330744069313 vs. 2.2028330744069313
list:
dist: 1.7956803635268153 vs. 1.7956803635268153
list:
dist: 0.9566961110451825 vs. 0.9566961110451825
list:
dist: 2.1383223685661585 vs. 2.1383223685661585
list:
dist: 0.8091037527067311 vs. 0.8091037527067311
list:
dist: 1.189308882870835 vs. 1.189308882870835
list:
dist: 0.7765609483981168 vs. 0.7765609483981168
list:
dist: 0.8273029196285986 vs. 0.8273029196285986
list:
dist: 0.5886520308450054 vs. 0.5886520308450054
list:
dist: 1.1907684540203043 vs. 1.1907684540203043
list:
dist: 0.6816160161690483 vs. 0.6816160161690483
list:
dist: 1.3122708586077783 vs. 1.3122708586077783
list:
dist: 0.9541028093214466 vs. 0.9541028093214466
list:
dist: 3.7092524350416034 vs. 3.7092524350416034
list:
dist: 3.7828341369613874 vs. 3.7828341369613874
list:
dist: 3.2333439783125373 vs. 3.2333439783125373
list:
dist: 4.434452255947831 vs. 4.434452255947831
list:
dist: 1.9072545640570757 vs. 1.9072545640570757
list:
dist: 0.5913806897600341 vs. 0.5913806897600341
list:
dist: 1.0153229864633635 vs. 1.0153229864633635
list:
dist: 1.0495479308495055 vs. 1.0495479308495055
list:
dist: 1.1254086358974165 vs. 1.1254086358974165
list:
dist: 1.471543325168215 vs. 1.471543325168215
list:
dist: 1.7871607988042613 vs. 1.7871607988042613
list:
dist: 1.9269543003195089 vs. 1.9269543003195089
list:
dist: 1.291124719819687 vs. 1.291124719819687
list:
dist: 1.9937113331541298 vs. 1.9937113331541298
list:
dist: 0.6476803298686294 vs. 0.6476803298686294
list:
dist: 1.189308882870835 vs. 1.189308882870835
list:
dist: 1.2015867007420964 vs. 1.2015867007420964
list:
dist: 1.3998627456491446 vs. 1.3998627456491446
list:
dist: 1.5145840851724268 vs. 1.5145840851724268
list:
dist: 1.1837037372175876 vs. 1.1837037372175876
list:
dist: 1.1862735438042704 vs. 1.1862735438042704
list:
dist: 1.0733903764897628 vs. 1.0733903764897628
list:
dist: 1.6768008667929968 vs. 1.6768008667929968
list:
dist: 1.7951236858741124 vs. 1.7951236858741124
list:
dist: 2.0742213904710023 vs. 2.0742213904710023
list:
dist: 2.0325349471594967 vs. 2.0325349471594967
list:
dist: 1.4263073149144883 vs. 1.4263073149144883
list:
dist: 1.0040376447560566 vs. 1.0040376447560566
list:
dist: 1.8060180742849106 vs. 1.8060180742849106
list:
dist: 0.12649422747165232 vs. 0.12649422747165232
list:
dist: 1.1018096942725715 vs. 1.1018096942725715
list:
dist: 0.861937216827481 vs. 0.861937216827481
list:
dist: 3.6528022548205445 vs. 3.6528022548205445
list:
dist: 3.653458935165965 vs. 3.653458935165965
list:
dist: 2.8811312833390943 vs. 2.8811312833390943
list:
dist: 3.559945044238563 vs. 3.559945044238563
list:
dist: 2.8401801102489483 vs. 2.8401801102489483
list:
dist: 1.2761328136902166 vs. 1.2761328136902166
list:
dist: 1.0833721852656912 vs. 1.0833721852656912
list:
dist: 1.26093499696566 vs. 1.26093499696566
list:
dist: 0.5127836249610067 vs. 0.5127836249610067
list:
dist: 0.4150308885771455 vs. 0.4150308885771455
list:
dist: 0.9996834275805713 vs. 0.9996834275805713
list:
dist: 1.105475982801676 vs. 1.105475982801676
list:
dist: 1.1018096942725715 vs. 1.1018096942725715
list:
dist: 0.8600684739996596 vs. 0.8600684739996596
list:
dist: 3.187866894336219 vs. 3.187866894336219
list:
dist: 2.9564828536336223 vs. 2.9564828536336223
list:
dist: 2.5918448570400456 vs. 2.5918448570400456
list:
dist: 3.3223040304617912 vs. 3.3223040304617912
list:
dist: 2.4504546451182487 vs. 2.4504546451182487
list:
dist: 1.8601583831498394 vs. 1.8601583831498394
list:
dist: 1.6201554974135228 vs. 1.6201554974135228
list:
dist: 1.5986982309795599 vs. 1.5986982309795599
list:
dist: 1.3616780861705273 vs. 1.3616780861705273
list:
dist: 0.5840920595865515 vs. 0.5840920595865515
list:
dist: 1.0480635956126823 vs. 1.0480635956126823
list:
dist: 0.9601608428916909 vs. 0.9601608428916909
list:
dist: 0.861937216827481 vs. 0.861937216827481
list:
dist: 0.8600684739996596 vs. 0.8600684739996596
list:
dist: 3.7150179848178495 vs. 3.7150179848178495
list:
dist: 3.590891370145719 vs. 3.590891370145719
list:
dist: 3.0190070608234345 vs. 3.0190070608234345
list:
dist: 3.6452625673424315 vs. 3.6452625673424315
list:
dist: 2.697627635601473 vs. 2.697627635601473
list:
dist: 1.7537836454244455 vs. 1.7537836454244455
list:
dist: 2.0883985321551584 vs. 2.0883985321551584
list:
dist: 2.058249857011071 vs. 2.058249857011071
list:
dist: 1.3890495640950058 vs. 1.3890495640950058
list:
dist: 1.0421400044786955 vs. 1.0421400044786955
list:
dist: 1.8677228256386318 vs. 1.8677228256386318
list:
dist: 0.12649422747165232 vs. 0.12649422747165232
list:
dist: 1.105475982801676 vs. 1.105475982801676
list:
dist: 0.9601608428916909 vs. 0.9601608428916909
list:
dist: 3.5961253787739995 vs. 3.5961253787739995
list:
dist: 3.602635056108158 vs. 3.602635056108158
list:
dist: 2.8260374856607346 vs. 2.8260374856607346
list:
dist: 3.5181022700872373 vs. 3.5181022700872373
list:
dist: 2.830020357700946 vs. 2.830020357700946
list:
dist: 1.1967302362680623 vs. 1.1967302362680623
list:
dist: 1.0987964967360977 vs. 1.0987964967360977
list:
dist: 1.199108220022765 vs. 1.199108220022765
list:
dist: 1.665173887479833 vs. 1.665173887479833
list:
dist: 1.9071131460526791 vs. 1.9071131460526791
list:
dist: 1.7537836454244455 vs. 1.7537836454244455
list:
dist: 1.7951236858741124 vs. 1.7951236858741124
list:
dist: 1.2761328136902166 vs. 1.2761328136902166
list:
dist: 1.8601583831498394 vs. 1.8601583831498394
list:
dist: 3.904568049485262 vs. 3.904568049485262
list:
dist: 3.559340533174456 vs. 3.559340533174456
list:
dist: 3.4266939864822152 vs. 3.4266939864822152
list:
dist: 4.243380122641993 vs. 4.243380122641993
list:
dist: 3.5408772359662106 vs. 3.5408772359662106
list:
dist: 3.8737586064845764 vs. 3.8737586064845764
list:
dist: 3.347260155378288 vs. 3.347260155378288
list:
dist: 3.6282749771177922 vs. 3.6282749771177922
list:
dist: 4.059313146978998 vs. 4.059313146978998
list:
dist: 3.4449029479370363 vs. 3.4449029479370363
list:
dist: 3.3470829674918647 vs. 3.3470829674918647
list:
dist: 4.12323928677039 vs. 4.12323928677039
list:
dist: 3.6226644215115007 vs. 3.6226644215115007
list:
dist: 4.51040995327315 vs. 4.51040995327315
list:
dist: 1.665173887479833 vs. 1.665173887479833
list:
dist: 1.356575518036693 vs. 1.356575518036693
list:
dist: 1.5146676305457258 vs. 1.5146676305457258
list:
dist: 0.8490790450223787 vs. 0.8490790450223787
list:
dist: 2.789065560074659 vs. 2.789065560074659
list:
dist: 3.2717202205240596 vs. 3.2717202205240596
list:
dist: 3.2749364985565843 vs. 3.2749364985565843
list:
dist: 3.3332067401365144 vs. 3.3332067401365144
list:
dist: 3.10300379429614 vs. 3.10300379429614
list:
dist: 3.4885271290520667 vs. 3.4885271290520667
list:
dist: 2.5897681394685432 vs. 2.5897681394685432
list:
dist: 3.7221795085230727 vs. 3.7221795085230727
list:
dist: 3.5613478674811625 vs. 3.5613478674811625
list:
dist: 3.6157075595799006 vs. 3.6157075595799006
list:
dist: 3.9557709449103844 vs. 3.9557709449103844
list:
dist: 0.9126587884921954 vs. 0.9126587884921954
list:
dist: 1.0421400044786955 vs. 1.0421400044786955
list:
dist: 1.0040376447560566 vs. 1.0040376447560566
list:
dist: 0.4150308885771455 vs. 0.4150308885771455
list:
dist: 0.5840920595865515 vs. 0.5840920595865515
list:
dist: 4.248367728165516 vs. 4.248367728165516
list:
dist: 4.016613045083172 vs. 4.016613045083172
list:
dist: 4.444635905393712 vs. 4.444635905393712
list:
dist: 4.375172124545176 vs. 4.375172124545176
list:
dist: 3.8504898621706043 vs. 3.8504898621706043
list:
dist: 3.7497897494341776 vs. 3.7497897494341776
list:
dist: 3.219615205877833 vs. 3.219615205877833
list:
dist: 2.7307174102055205 vs. 2.7307174102055205
list:
dist: 4.017812321136413 vs. 4.017812321136413
list:
dist: 3.496239213811914 vs. 3.496239213811914
list:
dist: 3.863306041968919 vs. 3.863306041968919
list:
dist: 4.678602389220542 vs. 4.678602389220542
list:
dist: 4.092868345213062 vs. 4.092868345213062
list:
dist: 4.314885103757395 vs. 4.314885103757395
list:
dist: 3.6466382763457736 vs. 3.6466382763457736
list:
dist: 3.188246053032931 vs. 3.188246053032931
list:
dist: 3.0231104286106243 vs. 3.0231104286106243
list:
dist: 2.54018061560647 vs. 2.54018061560647
list:
dist: 3.2092535145841157 vs. 3.2092535145841157
list:
dist: 2.8384795909443405 vs. 2.8384795909443405
list:
dist: 3.1652644592589834 vs. 3.1652644592589834
list:
dist: 3.950901818360768 vs. 3.950901818360768
list:
dist: 3.220862110635482 vs. 3.220862110635482
list:
dist: 3.750599388253215 vs. 3.750599388253215
list:
dist: 4.191193960169934 vs. 4.191193960169934
list:
dist: 4.0525481422883765 vs. 4.0525481422883765
list:
dist: 2.2755841995519672 vs. 2.2755841995519672
list:
dist: 1.0987964967360977 vs. 1.0987964967360977
list:
dist: 0.5323972220552052 vs. 0.5323972220552052
list:
dist: 1.4341576211095113 vs. 1.4341576211095113
list:
dist: 1.5146676305457258 vs. 1.5146676305457258
list:
dist: 1.188153741611013 vs. 1.188153741611013
list:
dist: 2.058249857011071 vs. 2.058249857011071
list:
dist: 2.0325349471594967 vs. 2.0325349471594967
list:
dist: 1.26093499696566 vs. 1.26093499696566
list:
dist: 1.5986982309795599 vs. 1.5986982309795599
list:
dist: 4.163386202520043 vs. 4.163386202520043
list:
dist: 3.7292983035247205 vs. 3.7292983035247205
list:
dist: 3.7118173582691454 vs. 3.7118173582691454
list:
dist: 4.443625078881233 vs. 4.443625078881233
list:
dist: 3.5074718645218326 vs. 3.5074718645218326
list:
dist: 3.3337758909714275 vs. 3.3337758909714275
list:
dist: 2.907294078601157 vs. 2.907294078601157
list:
dist: 2.940803600568471 vs. 2.940803600568471
list:
dist: 3.667708433478142 vs. 3.667708433478142
list:
dist: 3.145859243840202 vs. 3.145859243840202
list:
dist: 2.84461353729092 vs. 2.84461353729092
list:
dist: 3.9484661836731707 vs. 3.9484661836731707
list:
dist: 3.5194404450548977 vs. 3.5194404450548977
list:
dist: 4.122829959377254 vs. 4.122829959377254
list:
dist: 1.9071131460526791 vs. 1.9071131460526791
list:
dist: 1.0039895727360966 vs. 1.0039895727360966
list:
dist: 1.188153741611013 vs. 1.188153741611013
list:
dist: 1.336489314985044 vs. 1.336489314985044
list:
dist: 2.8469368716164114 vs. 2.8469368716164114
list:
dist: 2.8481110630250255 vs. 2.8481110630250255
list:
dist: 3.1708500066440775 vs. 3.1708500066440775
list:
dist: 3.0428683930631335 vs. 3.0428683930631335
list:
dist: 3.085216315493391 vs. 3.085216315493391
list:
dist: 3.125794558219997 vs. 3.125794558219997
list:
dist: 2.599705636457302 vs. 2.599705636457302
list:
dist: 3.273857611664164 vs. 3.273857611664164
list:
dist: 3.318050732787161 vs. 3.318050732787161
list:
dist: 3.5164167467049907 vs. 3.5164167467049907
list:
dist: 3.5489143346303376 vs. 3.5489143346303376
list:
dist: 0.9126587884921954 vs. 0.9126587884921954
list:
dist: 1.8677228256386318 vs. 1.8677228256386318
list:
dist: 1.8060180742849106 vs. 1.8060180742849106
list:
dist: 0.9996834275805713 vs. 0.9996834275805713
list:
dist: 1.0480635956126823 vs. 1.0480635956126823
list:
dist: 4.346431143646451 vs. 4.346431143646451
list:
dist: 4.305837842063831 vs. 4.305837842063831
list:
dist: 4.52619929740293 vs. 4.52619929740293
list:
dist: 4.560696212882926 vs. 4.560696212882926
list:
dist: 4.050853100004879 vs. 4.050853100004879
list:
dist: 3.858462251079013 vs. 3.858462251079013
list:
dist: 3.298192843770372 vs. 3.298192843770372
list:
dist: 2.8404081935853855 vs. 2.8404081935853855
list:
dist: 4.000859291789372 vs. 4.000859291789372
list:
dist: 3.4033154852993444 vs. 3.4033154852993444
list:
dist: 3.8567731329719166 vs. 3.8567731329719166
list:
dist: 4.647562837625401 vs. 4.647562837625401
list:
dist: 3.9419783081312083 vs. 3.9419783081312083
list:
dist: 4.341429617851959 vs. 4.341429617851959
list:
dist: 4.065020820797417 vs. 4.065020820797417
list:
dist: 3.5954271472867267 vs. 3.5954271472867267
list:
dist: 3.258136219973534 vs. 3.258136219973534
list:
dist: 3.0937170512492926 vs. 3.0937170512492926
list:
dist: 3.6958743747135796 vs. 3.6958743747135796
list:
dist: 2.968745022878049 vs. 2.968745022878049
list:
dist: 3.299122027141827 vs. 3.299122027141827
list:
dist: 4.158241109752556 vs. 4.158241109752556
list:
dist: 3.5396573075714857 vs. 3.5396573075714857
list:
dist: 3.8560871698823087 vs. 3.8560871698823087
list:
dist: 4.289656643817403 vs. 4.289656643817403
list:
dist: 4.123895038834293 vs. 4.123895038834293
list:
dist: 2.615843266303197 vs. 2.615843266303197
list:
dist: 2.0662875219618493 vs. 2.0662875219618493
list:
dist: 1.1453474253912013 vs. 1.1453474253912013
list:
dist: 1.9080908279115392 vs. 1.9080908279115392
list:
dist: 2.388019395926947 vs. 2.388019395926947
list:
dist: 2.5780468061304784 vs. 2.5780468061304784
list:
dist: 0.9817091177109611 vs. 0.9817091177109611
list:
dist: 1.00482733441189 vs. 1.00482733441189
list:
dist: 2.1710614833047224 vs. 2.1710614833047224
list:
dist: 3.0437514088350532 vs. 3.0437514088350532
list:
dist: 1.7322843139888668 vs. 1.7322843139888668
list:
dist: 1.636628083658401 vs. 1.636628083658401
list:
dist: 3.0007306222169037 vs. 3.0007306222169037
list:
dist: 3.102713813045196 vs. 3.102713813045196
list:
dist: 2.4877463777082536 vs. 2.4877463777082536
list:
dist: 2.9422051524985666 vs. 2.9422051524985666
list:
dist: 1.9096272541373591 vs. 1.9096272541373591
list:
dist: 2.6618167595874054 vs. 2.6618167595874054
list:
dist: 3.141361958708223 vs. 3.141361958708223
list:
dist: 3.0067568709172563 vs. 3.0067568709172563
list:
dist: 1.9437855551084653 vs. 1.9437855551084653
list:
dist: 1.6471930978308928 vs. 1.6471930978308928
list:
dist: 2.2793830714852787 vs. 2.2793830714852787
list:
dist: 4.314885103757395 vs. 4.314885103757395
list:
dist: 4.341429617851959 vs. 4.341429617851959
list:
dist: 1.936920945240446 vs. 1.936920945240446
list:
dist: 0.7573221566171996 vs. 0.7573221566171996
list:
dist: 2.0168745027563912 vs. 2.0168745027563912
list:
dist: 1.9763402612268879 vs. 1.9763402612268879
list:
dist: 0.9751855226876905 vs. 0.9751855226876905
list:
dist: 1.3946609890200343 vs. 1.3946609890200343
list:
dist: 1.3602398769207218 vs. 1.3602398769207218
list:
dist: 2.0210669304071507 vs. 2.0210669304071507
list:
dist: 1.4611637035484633 vs. 1.4611637035484633
list:
dist: 1.915220503496412 vs. 1.915220503496412
list:
dist: 0.3785182493586868 vs. 0.3785182493586868
list:
dist: 2.0575623526475804 vs. 2.0575623526475804
list:
dist: 1.0809841473086925 vs. 1.0809841473086925
list:
dist: 1.5805416644443044 vs. 1.5805416644443044
list:
dist: 1.2582595503391036 vs. 1.2582595503391036
list:
dist: 2.3449720128688862 vs. 2.3449720128688862
list:
dist: 2.747148553382701 vs. 2.747148553382701
list:
dist: 2.923453766461829 vs. 2.923453766461829
list:
dist: 2.9490817942839334 vs. 2.9490817942839334
list:
dist: 2.3900672976415627 vs. 2.3900672976415627
list:
dist: 1.7962320165881964 vs. 1.7962320165881964
list:
dist: 1.478153951238619 vs. 1.478153951238619
list:
dist: 1.939367386227833 vs. 1.939367386227833
list:
dist: 2.7205249511086156 vs. 2.7205249511086156
list:
dist: 2.3374154373288887 vs. 2.3374154373288887
list:
dist: 2.274444991437694 vs. 2.274444991437694
list:
dist: 1.582378113637248 vs. 1.582378113637248
list:
dist: 2.2513580312051458 vs. 2.2513580312051458
list:
dist: 3.088624992947653 vs. 3.088624992947653
list:
dist: 2.9369380732800607 vs. 2.9369380732800607
list:
dist: 3.4864718798635668 vs. 3.4864718798635668
list:
dist: 3.372538734179406 vs. 3.372538734179406
list:
dist: 3.8042925025282956 vs. 3.8042925025282956
list:
dist: 3.9292743431371746 vs. 3.9292743431371746
list:
dist: 3.6517534918348047 vs. 3.6517534918348047
list:
dist: 3.321038655021472 vs. 3.321038655021472
list:
dist: 4.019116671155834 vs. 4.019116671155834
list:
dist: 2.3676898919557154 vs. 2.3676898919557154
list:
dist: 2.384883973073931 vs. 2.384883973073931
list:
dist: 1.548025238521257 vs. 1.548025238521257
list:
dist: 1.8754965465256361 vs. 1.8754965465256361
list:
dist: 1.7252732213930273 vs. 1.7252732213930273
list:
dist: 1.9553899975192301 vs. 1.9553899975192301
list:
dist: 1.4098379614907415 vs. 1.4098379614907415
list:
dist: 3.736602343005094 vs. 3.736602343005094
list:
dist: 2.6207949616107773 vs. 2.6207949616107773
list:
dist: 3.2272584545478638 vs. 3.2272584545478638
list:
dist: 3.6078502492385676 vs. 3.6078502492385676
list:
dist: 3.059511778551708 vs. 3.059511778551708
list:
dist: 3.22517965544503 vs. 3.22517965544503
list:
dist: 3.267234658406738 vs. 3.267234658406738
list:
dist: 2.7551764014851607 vs. 2.7551764014851607
list:
dist: 2.8588621521933586 vs. 2.8588621521933586
list:
dist: 3.546813572913696 vs. 3.546813572913696
list:
dist: 3.0545555313204025 vs. 3.0545555313204025
list:
dist: 2.506225899128622 vs. 2.506225899128622
list:
dist: 2.7203379681862687 vs. 2.7203379681862687
list:
dist: 2.372940852958807 vs. 2.372940852958807
list:
dist: 3.4449029479370363 vs. 3.4449029479370363
list:
dist: 3.145859243840202 vs. 3.145859243840202
list:
dist: 1.562814203029761 vs. 1.562814203029761
list:
dist: 2.5483800627585045 vs. 2.5483800627585045
list:
dist: 1.932430683589089 vs. 1.932430683589089
list:
dist: 2.5586839781449404 vs. 2.5586839781449404
list:
dist: 2.210597104073617 vs. 2.210597104073617
list:
dist: 2.4616310257872596 vs. 2.4616310257872596
list:
dist: 2.199253114041316 vs. 2.199253114041316
list:
dist: 1.6728748042870414 vs. 1.6728748042870414
list:
dist: 1.5051744366137847 vs. 1.5051744366137847
list:
dist: 1.519209286874069 vs. 1.519209286874069
list:
dist: 2.111976528803689 vs. 2.111976528803689
list:
dist: 0.7958109826906098 vs. 0.7958109826906098
list:
dist: 1.5015326230332418 vs. 1.5015326230332418
list:
dist: 1.8621182737538031 vs. 1.8621182737538031
list:
dist: 1.2617920687267576 vs. 1.2617920687267576
list:
dist: 2.388019395926947 vs. 2.388019395926947
list:
dist: 2.8797461709669565 vs. 2.8797461709669565
list:
dist: 2.6115952284971673 vs. 2.6115952284971673
list:
dist: 2.046278283304838 vs. 2.046278283304838
list:
dist: 2.9223227748029297 vs. 2.9223227748029297
list:
dist: 2.991557247380916 vs. 2.991557247380916
list:
dist: 2.6383103754146613 vs. 2.6383103754146613
list:
dist: 2.645496859846147 vs. 2.645496859846147
list:
dist: 3.683346248469761 vs. 3.683346248469761
list:
dist: 3.905484151185191 vs. 3.905484151185191
list:
dist: 3.7333834630445324 vs. 3.7333834630445324
list:
dist: 3.9227334594554715 vs. 3.9227334594554715
list:
dist: 3.3298224698515315 vs. 3.3298224698515315
list:
dist: 2.3350299856609475 vs. 2.3350299856609475
list:
dist: 3.1276311788365105 vs. 3.1276311788365105
list:
dist: 2.6993384714125725 vs. 2.6993384714125725
list:
dist: 2.994960844359197 vs. 2.994960844359197
list:
dist: 3.525408167788984 vs. 3.525408167788984
list:
dist: 3.24008651773438 vs. 3.24008651773438
list:
dist: 3.275018683067702 vs. 3.275018683067702
list:
dist: 3.2899307013638417 vs. 3.2899307013638417
list:
dist: 1.366958244026809 vs. 1.366958244026809
list:
dist: 0.708057732286501 vs. 0.708057732286501
list:
dist: 1.2693654998957866 vs. 1.2693654998957866
list:
dist: 1.7252732213930273 vs. 1.7252732213930273
list:
dist: 1.7658355493818256 vs. 1.7658355493818256
list:
dist: 0.7210538788052986 vs. 0.7210538788052986
list:
dist: 1.251097723050767 vs. 1.251097723050767
list:
dist: 2.6876278079213134 vs. 2.6876278079213134
list:
dist: 1.2533781007965201 vs. 1.2533781007965201
list:
dist: 1.6610625740310416 vs. 1.6610625740310416
list:
dist: 2.9843729571072246 vs. 2.9843729571072246
list:
dist: 2.583088122084224 vs. 2.583088122084224
list:
dist: 2.3515065852950925 vs. 2.3515065852950925
list:
dist: 2.578129057645982 vs. 2.578129057645982
list:
dist: 1.8752440650153976 vs. 1.8752440650153976
list:
dist: 2.152583237008562 vs. 2.152583237008562
list:
dist: 3.0502092823672218 vs. 3.0502092823672218
list:
dist: 2.4196495911979357 vs. 2.4196495911979357
list:
dist: 1.5125818883784183 vs. 1.5125818883784183
list:
dist: 1.5347649059321598 vs. 1.5347649059321598
list:
dist: 1.5403637834036934 vs. 1.5403637834036934
list:
dist: 4.12323928677039 vs. 4.12323928677039
list:
dist: 3.9484661836731707 vs. 3.9484661836731707
list:
dist: 1.8739079634318923 vs. 1.8739079634318923
list:
dist: 1.231799454342033 vs. 1.231799454342033
list:
dist: 2.171394670645293 vs. 2.171394670645293
list:
dist: 2.4756325325825994 vs. 2.4756325325825994
list:
dist: 1.4754802426152733 vs. 1.4754802426152733
list:
dist: 1.9782461034505432 vs. 1.9782461034505432
list:
dist: 1.8523687915440317 vs. 1.8523687915440317
list:
dist: 2.103326521732843 vs. 2.103326521732843
list:
dist: 1.5039575914191685 vs. 1.5039575914191685
list:
dist: 1.8734856828631268 vs. 1.8734856828631268
list:
dist: 0.7207025636132763 vs. 0.7207025636132763
list:
dist: 1.7220590265895228 vs. 1.7220590265895228
list:
dist: 1.0847263602120878 vs. 1.0847263602120878
list:
dist: 1.60089288762165 vs. 1.60089288762165
list:
dist: 0.7366749908919313 vs. 0.7366749908919313
list:
dist: 0.9817091177109611 vs. 0.9817091177109611
list:
dist: 2.8689347348122367 vs. 2.8689347348122367
list:
dist: 3.043140598795913 vs. 3.043140598795913
list:
dist: 2.945039871693177 vs. 2.945039871693177
list:
dist: 3.2465895563458673 vs. 3.2465895563458673
list:
dist: 2.90664033888693 vs. 2.90664033888693
list:
dist: 1.9414677323283398 vs. 1.9414677323283398
list:
dist: 1.7550329919151832 vs. 1.7550329919151832
list:
dist: 2.464449493509959 vs. 2.464449493509959
list:
dist: 3.080391557753407 vs. 3.080391557753407
list:
dist: 2.5919936230039298 vs. 2.5919936230039298
list:
dist: 2.6116609932230905 vs. 2.6116609932230905
list:
dist: 1.9597027599270316 vs. 1.9597027599270316
list:
dist: 2.4129900516496208 vs. 2.4129900516496208
list:
dist: 1.5959012150608245 vs. 1.5959012150608245
list:
dist: 1.3789117776771371 vs. 1.3789117776771371
list:
dist: 0.8822348685891692 vs. 0.8822348685891692
list:
dist: 1.2617920687267576 vs. 1.2617920687267576
list:
dist: 2.087914488695443 vs. 2.087914488695443
list:
dist: 0.7366749908919313 vs. 0.7366749908919313
list:
dist: 1.245421376713946 vs. 1.245421376713946
list:
dist: 1.1716653174313967 vs. 1.1716653174313967
list:
dist: 3.366385387694159 vs. 3.366385387694159
list:
dist: 1.9697502373360551 vs. 1.9697502373360551
list:
dist: 2.376543579333103 vs. 2.376543579333103
list:
dist: 3.4451110695014084 vs. 3.4451110695014084
list:
dist: 3.0904196701123556 vs. 3.0904196701123556
list:
dist: 2.9168261967504505 vs. 2.9168261967504505
list:
dist: 3.1385064859522913 vs. 3.1385064859522913
list:
dist: 2.370631247920667 vs. 2.370631247920667
list:
dist: 2.7178302602940634 vs. 2.7178302602940634
list:
dist: 3.484908892933673 vs. 3.484908892933673
list:
dist: 2.9796126130113714 vs. 2.9796126130113714
list:
dist: 2.1242568086476874 vs. 2.1242568086476874
list:
dist: 2.1546324795120357 vs. 2.1546324795120357
list:
dist: 2.1111506818147467 vs. 2.1111506818147467
list:
dist: 4.092868345213062 vs. 4.092868345213062
list:
dist: 3.9419783081312083 vs. 3.9419783081312083
list:
dist: 1.1750463953453043 vs. 1.1750463953453043
list:
dist: 1.2940470654462606 vs. 1.2940470654462606
list:
dist: 1.5457003407562646 vs. 1.5457003407562646
list:
dist: 2.0722552295595564 vs. 2.0722552295595564
list:
dist: 1.180560475886004 vs. 1.180560475886004
list:
dist: 1.6375444607873333 vs. 1.6375444607873333
list:
dist: 1.541365172842525 vs. 1.541365172842525
list:
dist: 1.5098227227085832 vs. 1.5098227227085832
list:
dist: 1.1968062500539929 vs. 1.1968062500539929
list:
dist: 1.5970174905545964 vs. 1.5970174905545964
list:
dist: 1.0801069599696573 vs. 1.0801069599696573
list:
dist: 1.1041773699596307 vs. 1.1041773699596307
list:
dist: 0.6479989251998083 vs. 0.6479989251998083
list:
dist: 1.0058207044603507 vs. 1.0058207044603507
list:
dist: 1.2582595503391036 vs. 1.2582595503391036
list:
dist: 2.549427986613959 vs. 2.549427986613959
list:
dist: 2.635548155421726 vs. 2.635548155421726
list:
dist: 2.4306954834216254 vs. 2.4306954834216254
list:
dist: 3.004491371071378 vs. 3.004491371071378
list:
dist: 2.7149584237107613 vs. 2.7149584237107613
list:
dist: 2.279257240326429 vs. 2.279257240326429
list:
dist: 2.116010188708844 vs. 2.116010188708844
list:
dist: 2.952503388607735 vs. 2.952503388607735
list:
dist: 3.48869804284811 vs. 3.48869804284811
list:
dist: 3.1580138977938574 vs. 3.1580138977938574
list:
dist: 3.214149318769426 vs. 3.214149318769426
list:
dist: 2.540773253857794 vs. 2.540773253857794
list:
dist: 2.3398871382097566 vs. 2.3398871382097566
list:
dist: 3.4177370166748715 vs. 3.4177370166748715
list:
dist: 3.231858204136713 vs. 3.231858204136713
list:
dist: 1.819163173492367 vs. 1.819163173492367
list:
dist: 1.29524807336103 vs. 1.29524807336103
list:
dist: 1.6262112113064005 vs. 1.6262112113064005
list:
dist: 2.5483800627585045 vs. 2.5483800627585045
list:
dist: 2.995174549080993 vs. 2.995174549080993
list:
dist: 1.231799454342033 vs. 1.231799454342033
list:
dist: 1.610963954644588 vs. 1.610963954644588
list:
dist: 2.113019279203662 vs. 2.113019279203662
list:
dist: 3.557552641586728 vs. 3.557552641586728
list:
dist: 2.1438634056653503 vs. 2.1438634056653503
list:
dist: 2.105543229259387 vs. 2.105543229259387
list:
dist: 3.7395154855997994 vs. 3.7395154855997994
list:
dist: 3.681996609704877 vs. 3.681996609704877
list:
dist: 3.1752701471178937 vs. 3.1752701471178937
list:
dist: 3.5685785287696397 vs. 3.5685785287696397
list:
dist: 2.6328192300391753 vs. 2.6328192300391753
list:
dist: 3.2214397339409837 vs. 3.2214397339409837
list:
dist: 3.874067903896182 vs. 3.874067903896182
list:
dist: 3.516891447172666 vs. 3.516891447172666
list:
dist: 2.5185147105415164 vs. 2.5185147105415164
list:
dist: 2.3042121788259853 vs. 2.3042121788259853
list:
dist: 2.671225790145912 vs. 2.671225790145912
list:
dist: 1.7958146000744024 vs. 1.7958146000744024
list:
dist: 1.9362640885457045 vs. 1.9362640885457045
list:
dist: 2.1191346003224836 vs. 2.1191346003224836
list:
dist: 0.8851977429518796 vs. 0.8851977429518796
list:
dist: 1.4014183930834125 vs. 1.4014183930834125
list:
dist: 1.611170940107665 vs. 1.611170940107665
list:
dist: 2.1156433797886143 vs. 2.1156433797886143
list:
dist: 1.8691229516483188 vs. 1.8691229516483188
list:
dist: 2.376029070330013 vs. 2.376029070330013
list:
dist: 1.023906757463229 vs. 1.023906757463229
list:
dist: 2.198277423533203 vs. 2.198277423533203
list:
dist: 1.267725688053274 vs. 1.267725688053274
list:
dist: 1.24997453660839 vs. 1.24997453660839
list:
dist: 1.2940470654462606 vs. 1.2940470654462606
list:
dist: 0.7573221566171996 vs. 0.7573221566171996
list:
dist: 2.645419057265161 vs. 2.645419057265161
list:
dist: 2.5457533659713016 vs. 2.5457533659713016
list:
dist: 2.2342377601191643 vs. 2.2342377601191643
list:
dist: 2.6219337293393408 vs. 2.6219337293393408
list:
dist: 3.462362402772608 vs. 3.462362402772608
list:
dist: 3.0383791998675216 vs. 3.0383791998675216
list:
dist: 2.9196759296766674 vs. 2.9196759296766674
list:
dist: 2.2453843630180375 vs. 2.2453843630180375
list:
dist: 3.4821874213260466 vs. 3.4821874213260466
list:
dist: 5.509752416351731 vs. 5.509752416351731
list:
dist: 3.2910582312853607 vs. 3.2910582312853607
list:
dist: 3.7641337996378184 vs. 3.7641337996378184
list:
dist: 4.387495158897781 vs. 4.387495158897781
list:
dist: 4.203876711861617 vs. 4.203876711861617
list:
dist: 3.9232759224348173 vs. 3.9232759224348173
list:
dist: 4.295336759304522 vs. 4.295336759304522
list:
dist: 1.143656431163924 vs. 1.143656431163924
list:
dist: 1.637660867648829 vs. 1.637660867648829
list:
dist: 1.548025238521257 vs. 1.548025238521257
list:
dist: 2.4052447478089225 vs. 2.4052447478089225
list:
dist: 1.2693654998957866 vs. 1.2693654998957866
list:
dist: 1.9535059402541641 vs. 1.9535059402541641
list:
dist: 0.8101170315754072 vs. 0.8101170315754072
list:
dist: 3.744784896025051 vs. 3.744784896025051
list:
dist: 2.3269699881356503 vs. 2.3269699881356503
list:
dist: 2.8282210728041606 vs. 2.8282210728041606
list:
dist: 4.172187553527941 vs. 4.172187553527941
list:
dist: 3.546236179644571 vs. 3.546236179644571
list:
dist: 3.5562652498604317 vs. 3.5562652498604317
list:
dist: 3.6664090409670065 vs. 3.6664090409670065
list:
dist: 3.096135824536714 vs. 3.096135824536714
list:
dist: 3.168995388062187 vs. 3.168995388062187
list:
dist: 4.199234950373482 vs. 4.199234950373482
list:
dist: 3.3377127046558295 vs. 3.3377127046558295
list:
dist: 2.6501977842671787 vs. 2.6501977842671787
list:
dist: 2.784133004880351 vs. 2.784133004880351
list:
dist: 2.382885219518017 vs. 2.382885219518017
list:
dist: 1.5033169575872964 vs. 1.5033169575872964
list:
dist: 1.6262112113064005 vs. 1.6262112113064005
list:
dist: 1.9934119229272151 vs. 1.9934119229272151
list:
dist: 2.7397119124621345 vs. 2.7397119124621345
list:
dist: 1.7647048009654658 vs. 1.7647048009654658
list:
dist: 2.2500436779884128 vs. 2.2500436779884128
list:
dist: 2.29465460534091 vs. 2.29465460534091
list:
dist: 2.0964126619298136 vs. 2.0964126619298136
list:
dist: 2.0394897145330435 vs. 2.0394897145330435
list:
dist: 2.406362731278805 vs. 2.406362731278805
list:
dist: 1.8047599093669082 vs. 1.8047599093669082
list:
dist: 1.626284215704658 vs. 1.626284215704658
list:
dist: 1.4601225247615248 vs. 1.4601225247615248
list:
dist: 1.2291723014370513 vs. 1.2291723014370513
list:
dist: 0.8822348685891692 vs. 0.8822348685891692
list:
dist: 1.9080908279115392 vs. 1.9080908279115392
list:
dist: 3.299136203553272 vs. 3.299136203553272
list:
dist: 3.1002450195167186 vs. 3.1002450195167186
list:
dist: 2.936431502633884 vs. 2.936431502633884
list:
dist: 3.6939510569313017 vs. 3.6939510569313017
list:
dist: 4.29896588846478 vs. 4.29896588846478
list:
dist: 3.8607634561383475 vs. 3.8607634561383475
list:
dist: 3.871179446502506 vs. 3.871179446502506
list:
dist: 3.2098652033471735 vs. 3.2098652033471735
list:
dist: 2.7085986792100827 vs. 2.7085986792100827
list:
dist: 2.5810543631505607 vs. 2.5810543631505607
list:
dist: 3.1016944555897696 vs. 3.1016944555897696
list:
dist: 3.7023801031537906 vs. 3.7023801031537906
list:
dist: 3.5853889187423977 vs. 3.5853889187423977
list:
dist: 3.1795213999606253 vs. 3.1795213999606253
list:
dist: 3.69354862589276 vs. 3.69354862589276
list:
dist: 1.040649731919953 vs. 1.040649731919953
list:
dist: 1.5676531922097527 vs. 1.5676531922097527
list:
dist: 0.8101170315754072 vs. 0.8101170315754072
list:
dist: 1.4098379614907415 vs. 1.4098379614907415
list:
dist: 1.7401151903053167 vs. 1.7401151903053167
list:
dist: 1.251097723050767 vs. 1.251097723050767
list:
dist: 1.8279871751187755 vs. 1.8279871751187755
list:
dist: 3.2284995785716823 vs. 3.2284995785716823
list:
dist: 1.9565448320715926 vs. 1.9565448320715926
list:
dist: 2.6453866399773083 vs. 2.6453866399773083
list:
dist: 3.831760374704315 vs. 3.831760374704315
list:
dist: 2.9464794198538686 vs. 2.9464794198538686
list:
dist: 3.17982570200444 vs. 3.17982570200444
list:
dist: 3.1475664166878263 vs. 3.1475664166878263
list:
dist: 2.8352402295248265 vs. 2.8352402295248265
list:
dist: 2.6111351716738778 vs. 2.6111351716738778
list:
dist: 3.8210313625080565 vs. 3.8210313625080565
list:
dist: 2.7095394371369013 vs. 2.7095394371369013
list:
dist: 2.2270104538013347 vs. 2.2270104538013347
list:
dist: 2.515508553902461 vs. 2.515508553902461
list:
dist: 1.7827195338485873 vs. 1.7827195338485873
list:
dist: 4.51040995327315 vs. 4.51040995327315
list:
dist: 4.122829959377254 vs. 4.122829959377254
list:
dist: 2.0767133800771864 vs. 2.0767133800771864
list:
dist: 2.113019279203662 vs. 2.113019279203662
list:
dist: 2.557578475108486 vs. 2.557578475108486
list:
dist: 3.220328955274635 vs. 3.220328955274635
list:
dist: 2.302830300778334 vs. 2.302830300778334
list:
dist: 2.792312890410425 vs. 2.792312890410425
list:
dist: 2.7082197528618166 vs. 2.7082197528618166
list:
dist: 2.5201628615316993 vs. 2.5201628615316993
list:
dist: 2.2261206325811207 vs. 2.2261206325811207
list:
dist: 2.483099879869778 vs. 2.483099879869778
list:
dist: 1.9496515347293082 vs. 1.9496515347293082
list:
dist: 1.8336418205748872 vs. 1.8336418205748872
list:
dist: 1.8105168612120044 vs. 1.8105168612120044
list:
dist: 1.924306364160014 vs. 1.924306364160014
list:
dist: 1.1716653174313967 vs. 1.1716653174313967
list:
dist: 2.1710614833047224 vs. 2.1710614833047224
list:
dist: 3.68267482570473 vs. 3.68267482570473
list:
dist: 3.663427742403965 vs. 3.663427742403965
list:
dist: 3.2816305172595106 vs. 3.2816305172595106
list:
dist: 3.97808422323275 vs. 3.97808422323275
list:
dist: 3.8086233681697954 vs. 3.8086233681697954
list:
dist: 2.961651813234877 vs. 2.961651813234877
list:
dist: 2.868232341620221 vs. 2.868232341620221
list:
dist: 3.6639706938516747 vs. 3.6639706938516747
list:
dist: 4.169475170166024 vs. 4.169475170166024
list:
dist: 3.6697943192014235 vs. 3.6697943192014235
list:
dist: 3.725763814025444 vs. 3.725763814025444
list:
dist: 3.1288846118033944 vs. 3.1288846118033944
list:
dist: 3.214358529394729 vs. 3.214358529394729
list:
dist: 2.8291100572956984 vs. 2.8291100572956984
list:
dist: 4.428147811366168 vs. 4.428147811366168
list:
dist: 2.57525370734203 vs. 2.57525370734203
list:
dist: 3.0341859912981053 vs. 3.0341859912981053
list:
dist: 3.949760587904574 vs. 3.949760587904574
list:
dist: 3.8805446835979933 vs. 3.8805446835979933
list:
dist: 3.618466896291694 vs. 3.618466896291694
list:
dist: 3.777297818223241 vs. 3.777297818223241
list:
dist: 1.1889135980838386 vs. 1.1889135980838386
list:
dist: 1.143656431163924 vs. 1.143656431163924
list:
dist: 2.3676898919557154 vs. 2.3676898919557154
list:
dist: 2.3141938388491448 vs. 2.3141938388491448
list:
dist: 1.366958244026809 vs. 1.366958244026809
list:
dist: 2.0085248961618736 vs. 2.0085248961618736
list:
dist: 1.040649731919953 vs. 1.040649731919953
list:
dist: 3.134669691826443 vs. 3.134669691826443
list:
dist: 1.802565906767771 vs. 1.802565906767771
list:
dist: 2.311183118993134 vs. 2.311183118993134
list:
dist: 4.080908927848522 vs. 4.080908927848522
list:
dist: 3.2505812590781065 vs. 3.2505812590781065
list:
dist: 3.320621085537959 vs. 3.320621085537959
list:
dist: 3.34958510387512 vs. 3.34958510387512
list:
dist: 3.0301610219580843 vs. 3.0301610219580843
list:
dist: 2.8215978533003363 vs. 2.8215978533003363
list:
dist: 4.131589598187932 vs. 4.131589598187932
list:
dist: 2.905310273470108 vs. 2.905310273470108
list:
dist: 2.3680861539945233 vs. 2.3680861539945233
list:
dist: 2.55687647346193 vs. 2.55687647346193
list:
dist: 1.9390397668794084 vs. 1.9390397668794084
list:
dist: 2.5511361344375194 vs. 2.5511361344375194
list:
dist: 1.819163173492367 vs. 1.819163173492367
list:
dist: 2.9847431596703626 vs. 2.9847431596703626
list:
dist: 3.5487064038104528 vs. 3.5487064038104528
list:
dist: 2.3865022665956444 vs. 2.3865022665956444
list:
dist: 2.9507632072771206 vs. 2.9507632072771206
list:
dist: 2.996945392200146 vs. 2.996945392200146
list:
dist: 3.0664180302185815 vs. 3.0664180302185815
list:
dist: 2.7424884038436863 vs. 2.7424884038436863
list:
dist: 3.113961056170702 vs. 3.113961056170702
list:
dist: 1.9757369331795447 vs. 1.9757369331795447
list:
dist: 2.5901510588884773 vs. 2.5901510588884773
list:
dist: 2.1793627721623174 vs. 2.1793627721623174
list:
dist: 2.144155790064099 vs. 2.144155790064099
list:
dist: 1.5959012150608245 vs. 1.5959012150608245
list:
dist: 2.0662875219618493 vs. 2.0662875219618493
list:
dist: 4.063781257023659 vs. 4.063781257023659
list:
dist: 3.24024008522034 vs. 3.24024008522034
list:
dist: 3.0593382593616765 vs. 3.0593382593616765
list:
dist: 3.583146492167405 vs. 3.583146492167405
list:
dist: 4.301179789145075 vs. 4.301179789145075
list:
dist: 3.63644092368372 vs. 3.63644092368372
list:
dist: 3.564503650831464 vs. 3.564503650831464
list:
dist: 2.988010624399863 vs. 2.988010624399863
list:
dist: 2.7424884038436863 vs. 2.7424884038436863
list:
dist: 2.1452519755797335 vs. 2.1452519755797335
list:
dist: 2.0394897145330435 vs. 2.0394897145330435
list:
dist: 1.5051744366137847 vs. 1.5051744366137847
list:
dist: 2.395108058717316 vs. 2.395108058717316
list:
dist: 1.5039575914191685 vs. 1.5039575914191685
list:
dist: 1.382692333553619 vs. 1.382692333553619
list:
dist: 2.2261206325811207 vs. 2.2261206325811207
list:
dist: 3.5900812100652164 vs. 3.5900812100652164
list:
dist: 2.451747252642417 vs. 2.451747252642417
list:
dist: 2.6718493530579552 vs. 2.6718493530579552
list:
dist: 2.9660989709724657 vs. 2.9660989709724657
list:
dist: 3.1204714447484947 vs. 3.1204714447484947
list:
dist: 2.7205639262538996 vs. 2.7205639262538996
list:
dist: 3.087132454284985 vs. 3.087132454284985
list:
dist: 2.0634957443891446 vs. 2.0634957443891446
list:
dist: 2.8422681062678237 vs. 2.8422681062678237
list:
dist: 3.002744145570539 vs. 3.002744145570539
list:
dist: 3.1986563493938425 vs. 3.1986563493938425
list:
dist: 2.2753566664646474 vs. 2.2753566664646474
list:
dist: 2.146678003854347 vs. 2.146678003854347
list:
dist: 2.59724538812135 vs. 2.59724538812135
list:
dist: 3.219615205877833 vs. 3.219615205877833
list:
dist: 3.298192843770372 vs. 3.298192843770372
list:
dist: 1.3170996922817708 vs. 1.3170996922817708
list:
dist: 1.8691229516483188 vs. 1.8691229516483188
list:
dist: 1.303076130462161 vs. 1.303076130462161
list:
dist: 1.320863432020858 vs. 1.320863432020858
list:
dist: 1.2485745655018883 vs. 1.2485745655018883
list:
dist: 1.2990036318438485 vs. 1.2990036318438485
list:
dist: 0.8491274335672605 vs. 0.8491274335672605
list:
dist: 0.9524656385713105 vs. 0.9524656385713105
list:
dist: 0.5152152443058821 vs. 0.5152152443058821
list:
dist: 1.2749782408389734 vs. 1.2749782408389734
list:
dist: 0.9605411038155939 vs. 0.9605411038155939
list:
dist: 0.695142575906084 vs. 0.695142575906084
list:
dist: 1.5224024184075495 vs. 1.5224024184075495
list:
dist: 1.1968062500539929 vs. 1.1968062500539929
list:
dist: 1.4611637035484633 vs. 1.4611637035484633
list:
dist: 1.5434154005669627 vs. 1.5434154005669627
list:
dist: 1.557012067037198 vs. 1.557012067037198
list:
dist: 1.5236358183612473 vs. 1.5236358183612473
list:
dist: 1.8109900246621864 vs. 1.8109900246621864
list:
dist: 1.5928301334227255 vs. 1.5928301334227255
list:
dist: 1.6799427328028815 vs. 1.6799427328028815
list:
dist: 1.5859307206013742 vs. 1.5859307206013742
list:
dist: 2.5651617678360665 vs. 2.5651617678360665
list:
dist: 2.8362158927857397 vs. 2.8362158927857397
list:
dist: 2.847395716248551 vs. 2.847395716248551
list:
dist: 3.0117468241550567 vs. 3.0117468241550567
list:
dist: 2.3980125025315515 vs. 2.3980125025315515
list:
dist: 1.2227918290119504 vs. 1.2227918290119504
list:
dist: 2.363603653460047 vs. 2.363603653460047
list:
dist: 2.110046708026045 vs. 2.110046708026045
list:
dist: 2.9507632072771206 vs. 2.9507632072771206
list:
dist: 2.41029038681161 vs. 2.41029038681161
list:
dist: 2.2500436779884128 vs. 2.2500436779884128
list:
dist: 2.4616310257872596 vs. 2.4616310257872596
list:
dist: 3.458593605983088 vs. 3.458593605983088
list:
dist: 1.9782461034505432 vs. 1.9782461034505432
list:
dist: 2.079166083765265 vs. 2.079166083765265
list:
dist: 2.792312890410425 vs. 2.792312890410425
list:
dist: 4.33016626097682 vs. 4.33016626097682
list:
dist: 3.039726691397308 vs. 3.039726691397308
list:
dist: 3.009718098325356 vs. 3.009718098325356
list:
dist: 3.848017164583346 vs. 3.848017164583346
list:
dist: 4.151254181440369 vs. 4.151254181440369
list:
dist: 3.5538568851591306 vs. 3.5538568851591306
list:
dist: 4.033452648896735 vs. 4.033452648896735
list:
dist: 2.881835003927568 vs. 2.881835003927568
list:
dist: 3.784545803306892 vs. 3.784545803306892
list:
dist: 3.959938353781783 vs. 3.959938353781783
list:
dist: 4.148001877140195 vs. 4.148001877140195
list:
dist: 3.1065229481660506 vs. 3.1065229481660506
list:
dist: 2.832328061185065 vs. 2.832328061185065
list:
dist: 3.4286318719189284 vs. 3.4286318719189284
list:
dist: 4.375172124545176 vs. 4.375172124545176
list:
dist: 4.560696212882926 vs. 4.560696212882926
list:
dist: 1.2591737630472808 vs. 1.2591737630472808
list:
dist: 1.4014183930834125 vs. 1.4014183930834125
list:
dist: 0.9804320137281639 vs. 0.9804320137281639
list:
dist: 0.7402717906459456 vs. 0.7402717906459456
list:
dist: 0.5705666094856879 vs. 0.5705666094856879
list:
dist: 0.5268186393885458 vs. 0.5268186393885458
list:
dist: 1.1475355872967827 vs. 1.1475355872967827
list:
dist: 1.2990036318438485 vs. 1.2990036318438485
list:
dist: 1.7294565518109932 vs. 1.7294565518109932
list:
dist: 1.5504200405974615 vs. 1.5504200405974615
list:
dist: 1.761864441248194 vs. 1.761864441248194
list:
dist: 1.0770946740867129 vs. 1.0770946740867129
list:
dist: 1.1536309867555812 vs. 1.1536309867555812
list:
dist: 1.6375444607873333 vs. 1.6375444607873333
list:
dist: 1.3946609890200343 vs. 1.3946609890200343
list:
dist: 1.3411919003764947 vs. 1.3411919003764947
list:
dist: 1.8114197671476777 vs. 1.8114197671476777
list:
dist: 2.108962379045212 vs. 2.108962379045212
list:
dist: 2.348348143727356 vs. 2.348348143727356
list:
dist: 1.7303238232167149 vs. 1.7303238232167149
list:
dist: 2.49724355132382 vs. 2.49724355132382
list:
dist: 2.246551327988025 vs. 2.246551327988025
list:
dist: 2.8317463784401404 vs. 2.8317463784401404
list:
dist: 3.3895732474905786 vs. 3.3895732474905786
list:
dist: 3.3637757789614002 vs. 3.3637757789614002
list:
dist: 3.3721881254849344 vs. 3.3721881254849344
list:
dist: 2.726303723252752 vs. 2.726303723252752
list:
dist: 2.1666405491967184 vs. 2.1666405491967184
list:
dist: 2.1340003834969297 vs. 2.1340003834969297
list:
dist: 2.1223888416439456 vs. 2.1223888416439456
list:
dist: 3.113961056170702 vs. 3.113961056170702
list:
dist: 2.5212856690889445 vs. 2.5212856690889445
list:
dist: 2.406362731278805 vs. 2.406362731278805
list:
dist: 1.519209286874069 vs. 1.519209286874069
list:
dist: 2.37962043812481 vs. 2.37962043812481
list:
dist: 1.8734856828631268 vs. 1.8734856828631268
list:
dist: 1.6420569470077588 vs. 1.6420569470077588
list:
dist: 2.483099879869778 vs. 2.483099879869778
list:
dist: 3.666824571030683 vs. 3.666824571030683
list:
dist: 2.6802320149838383 vs. 2.6802320149838383
list:
dist: 2.9405256695265445 vs. 2.9405256695265445
list:
dist: 2.833574364665578 vs. 2.833574364665578
list:
dist: 3.04634383427992 vs. 3.04634383427992
list:
dist: 2.7074126752436123 vs. 2.7074126752436123
list:
dist: 3.038655620120592 vs. 3.038655620120592
list:
dist: 2.081050802288853 vs. 2.081050802288853
list:
dist: 2.8444617124905824 vs. 2.8444617124905824
list:
dist: 2.8318672319632343 vs. 2.8318672319632343
list:
dist: 3.1981272442598105 vs. 3.1981272442598105
list:
dist: 2.3708304706896572 vs. 2.3708304706896572
list:
dist: 2.283063505258069 vs. 2.283063505258069
list:
dist: 2.7182142979561004 vs. 2.7182142979561004
list:
dist: 2.7307174102055205 vs. 2.7307174102055205
list:
dist: 2.8404081935853855 vs. 2.8404081935853855
list:
dist: 1.6577698368144846 vs. 1.6577698368144846
list:
dist: 2.376029070330013 vs. 2.376029070330013
list:
dist: 1.61468977515613 vs. 1.61468977515613
list:
dist: 1.5605543615630937 vs. 1.5605543615630937
list:
dist: 1.753802640260736 vs. 1.753802640260736
list:
dist: 1.7294565518109932 vs. 1.7294565518109932
list:
dist: 1.2365981045063543 vs. 1.2365981045063543
list:
dist: 1.1601326243001524 vs. 1.1601326243001524
list:
dist: 0.5152152443058821 vs. 0.5152152443058821
list:
dist: 1.6893368436277416 vs. 1.6893368436277416
list:
dist: 1.074735082508117 vs. 1.074735082508117
list:
dist: 1.188760321818601 vs. 1.188760321818601
list:
dist: 1.9751557356660705 vs. 1.9751557356660705
list:
dist: 1.5970174905545964 vs. 1.5970174905545964
list:
dist: 1.915220503496412 vs. 1.915220503496412
list:
dist: 1.593356905277441 vs. 1.593356905277441
list:
dist: 1.4000506398984953 vs. 1.4000506398984953
list:
dist: 1.2747290643416824 vs. 1.2747290643416824
list:
dist: 1.500660670755429 vs. 1.500660670755429
list:
dist: 1.5250119386719008 vs. 1.5250119386719008
list:
dist: 1.6526913963868302 vs. 1.6526913963868302
list:
dist: 1.66681972405341 vs. 1.66681972405341
list:
dist: 2.7084287324205323 vs. 2.7084287324205323
list:
dist: 2.782393196102345 vs. 2.782393196102345
list:
dist: 2.916203831270362 vs. 2.916203831270362
list:
dist: 3.1498724776680764 vs. 3.1498724776680764
list:
dist: 2.6011579339571314 vs. 2.6011579339571314
list:
dist: 0.8903297185977611 vs. 0.8903297185977611
list:
dist: 2.319736450087297 vs. 2.319736450087297
list:
dist: 2.000429293359385 vs. 2.000429293359385
list:
dist: 2.996945392200146 vs. 2.996945392200146
list:
dist: 2.363130529239755 vs. 2.363130529239755
list:
dist: 2.29465460534091 vs. 2.29465460534091
list:
dist: 2.199253114041316 vs. 2.199253114041316
list:
dist: 3.1349170686212013 vs. 3.1349170686212013
list:
dist: 1.8523687915440317 vs. 1.8523687915440317
list:
dist: 1.8132929695974924 vs. 1.8132929695974924
list:
dist: 2.7082197528618166 vs. 2.7082197528618166
list:
dist: 4.064078274081915 vs. 4.064078274081915
list:
dist: 2.8552727863285394 vs. 2.8552727863285394
list:
dist: 2.8697721190654892 vs. 2.8697721190654892
list:
dist: 3.428402542610041 vs. 3.428402542610041
list:
dist: 3.782250606822505 vs. 3.782250606822505
list:
dist: 3.194683453427481 vs. 3.194683453427481
list:
dist: 3.6700815991363727 vs. 3.6700815991363727
list:
dist: 2.5109013388124155 vs. 2.5109013388124155
list:
dist: 3.45238974655556 vs. 3.45238974655556
list:
dist: 3.5226873101841347 vs. 3.5226873101841347
list:
dist: 3.828739341501618 vs. 3.828739341501618
list:
dist: 2.806989455499373 vs. 2.806989455499373
list:
dist: 2.5430002590790743 vs. 2.5430002590790743
list:
dist: 3.181788897478709 vs. 3.181788897478709
list:
dist: 3.8504898621706043 vs. 3.8504898621706043
list:
dist: 4.050853100004879 vs. 4.050853100004879
list:
dist: 1.2976420097920618 vs. 1.2976420097920618
list:
dist: 1.611170940107665 vs. 1.611170940107665
list:
dist: 1.0372391889277364 vs. 1.0372391889277364
list:
dist: 0.6497401827391577 vs. 0.6497401827391577
list:
dist: 0.7939558391816635 vs. 0.7939558391816635
list:
dist: 0.5268186393885458 vs. 0.5268186393885458
list:
dist: 0.9511050694482724 vs. 0.9511050694482724
list:
dist: 0.8491274335672605 vs. 0.8491274335672605
list:
dist: 1.2365981045063543 vs. 1.2365981045063543
list:
dist: 1.4021755563962262 vs. 1.4021755563962262
list:
dist: 1.5061143249025228 vs. 1.5061143249025228
list:
dist: 0.8979012776440144 vs. 0.8979012776440144
list:
dist: 1.3552144342974362 vs. 1.3552144342974362
list:
dist: 1.541365172842525 vs. 1.541365172842525
list:
dist: 1.3602398769207218 vs. 1.3602398769207218
list:
dist: 1.0787475645517066 vs. 1.0787475645517066
list:
dist: 1.4633162759625045 vs. 1.4633162759625045
list:
dist: 1.7608545307046506 vs. 1.7608545307046506
list:
dist: 1.9008087988550113 vs. 1.9008087988550113
list:
dist: 1.3486749435396694 vs. 1.3486749435396694
list:
dist: 2.0776364547302153 vs. 2.0776364547302153
list:
dist: 1.871222724635139 vs. 1.871222724635139
list:
dist: 2.5873341356094857 vs. 2.5873341356094857
list:
dist: 3.01945221165852 vs. 3.01945221165852
list:
dist: 3.065556541339472 vs. 3.065556541339472
list:
dist: 3.1381534542090352 vs. 3.1381534542090352
list:
dist: 2.5098790812872407 vs. 2.5098790812872407
list:
dist: 1.6434086152896799 vs. 1.6434086152896799
list:
dist: 1.9266789032127278 vs. 1.9266789032127278
list:
dist: 1.8143394784252986 vs. 1.8143394784252986
list:
dist: 3.0664180302185815 vs. 3.0664180302185815
list:
dist: 2.7481815234421223 vs. 2.7481815234421223
list:
dist: 2.0964126619298136 vs. 2.0964126619298136
list:
dist: 1.6728748042870414 vs. 1.6728748042870414
list:
dist: 3.1275439914919727 vs. 3.1275439914919727
list:
dist: 2.103326521732843 vs. 2.103326521732843
list:
dist: 2.224554267090037 vs. 2.224554267090037
list:
dist: 2.5201628615316993 vs. 2.5201628615316993
list:
dist: 4.487961201184104 vs. 4.487961201184104
list:
dist: 3.2447911264316507 vs. 3.2447911264316507
list:
dist: 3.4773844860130945 vs. 3.4773844860130945
list:
dist: 3.9027450801525263 vs. 3.9027450801525263
list:
dist: 4.010201691669068 vs. 4.010201691669068
list:
dist: 3.6709636048654146 vs. 3.6709636048654146
list:
dist: 4.0160715446773985 vs. 4.0160715446773985
list:
dist: 3.013261264179794 vs. 3.013261264179794
list:
dist: 3.7338672409510067 vs. 3.7338672409510067
list:
dist: 3.9325618970318614 vs. 3.9325618970318614
list:
dist: 4.062738953104294 vs. 4.062738953104294
list:
dist: 3.167020613177791 vs. 3.167020613177791
list:
dist: 3.0598383527666964 vs. 3.0598383527666964
list:
dist: 3.3754686006640138 vs. 3.3754686006640138
list:
dist: 3.7497897494341776 vs. 3.7497897494341776
list:
dist: 3.858462251079013 vs. 3.858462251079013
list:
dist: 0.7351872613317514 vs. 0.7351872613317514
list:
dist: 2.1156433797886143 vs. 2.1156433797886143
list:
dist: 0.5011333092775125 vs. 0.5011333092775125
list:
dist: 0.9739995487383886 vs. 0.9739995487383886
list:
dist: 1.3006146792849653 vs. 1.3006146792849653
list:
dist: 1.1475355872967827 vs. 1.1475355872967827
list:
dist: 0.9511050694482724 vs. 0.9511050694482724
list:
dist: 0.9524656385713105 vs. 0.9524656385713105
list:
dist: 1.1601326243001524 vs. 1.1601326243001524
list:
dist: 1.9589131362159453 vs. 1.9589131362159453
list:
dist: 0.8770668139905713 vs. 0.8770668139905713
list:
dist: 1.04508079910219 vs. 1.04508079910219
list:
dist: 1.2266361152908518 vs. 1.2266361152908518
list:
dist: 1.5098227227085832 vs. 1.5098227227085832
list:
dist: 2.0210669304071507 vs. 2.0210669304071507
list:
dist: 1.4157715836877907 vs. 1.4157715836877907
list:
dist: 1.3201165431239146 vs. 1.3201165431239146
list:
dist: 1.1464820835894645 vs. 1.1464820835894645
list:
dist: 1.9902534240606193 vs. 1.9902534240606193
list:
dist: 1.7953859171926074 vs. 1.7953859171926074
list:
dist: 2.6116219215247147 vs. 2.6116219215247147
list:
dist: 2.497616679206638 vs. 2.497616679206638
list:
dist: 3.3926116036673477 vs. 3.3926116036673477
list:
dist: 3.6983207379616503 vs. 3.6983207379616503
list:
dist: 3.7573404608201986 vs. 3.7573404608201986
list:
dist: 3.886797991813291 vs. 3.886797991813291
list:
dist: 3.249169106838598 vs. 3.249169106838598
list:
dist: 1.8873229415316757 vs. 1.8873229415316757
list:
dist: 2.25827268239424 vs. 2.25827268239424
list:
dist: 2.137382528487083 vs. 2.137382528487083
list:
dist: 2.9847431596703626 vs. 2.9847431596703626
list:
dist: 2.757675986945739 vs. 2.757675986945739
list:
dist: 1.9934119229272151 vs. 1.9934119229272151
list:
dist: 1.932430683589089 vs. 1.932430683589089
list:
dist: 3.4046827821547736 vs. 3.4046827821547736
list:
dist: 2.171394670645293 vs. 2.171394670645293
list:
dist: 2.4076166495614983 vs. 2.4076166495614983
list:
dist: 2.557578475108486 vs. 2.557578475108486
list:
dist: 4.703213277617184 vs. 4.703213277617184
list:
dist: 3.3768234588800325 vs. 3.3768234588800325
list:
dist: 3.5730285347183397 vs. 3.5730285347183397
list:
dist: 4.25055446987102 vs. 4.25055446987102
list:
dist: 4.323653878098526 vs. 4.323653878098526
list:
dist: 3.9598633002227457 vs. 3.9598633002227457
list:
dist: 4.318790305797038 vs. 4.318790305797038
list:
dist: 3.299333187759663 vs. 3.299333187759663
list:
dist: 4.007751538363621 vs. 4.007751538363621
list:
dist: 4.300684033450133 vs. 4.300684033450133
list:
dist: 4.3290749540551 vs. 4.3290749540551
list:
dist: 3.400904135173465 vs. 3.400904135173465
list:
dist: 3.2755391259344138 vs. 3.2755391259344138
list:
dist: 3.5702092120089812 vs. 3.5702092120089812
list:
dist: 4.248367728165516 vs. 4.248367728165516
list:
dist: 4.346431143646451 vs. 4.346431143646451
list:
dist: 0.524565844884242 vs. 0.524565844884242
list:
dist: 1.9362640885457045 vs. 1.9362640885457045
list:
dist: 0.9949912303539254 vs. 0.9949912303539254
list:
dist: 1.1341499424870343 vs. 1.1341499424870343
list:
dist: 0.9804320137281639 vs. 0.9804320137281639
list:
dist: 1.0372391889277364 vs. 1.0372391889277364
list:
dist: 0.5011333092775125 vs. 0.5011333092775125
list:
dist: 1.303076130462161 vs. 1.303076130462161
list:
dist: 1.61468977515613 vs. 1.61468977515613
list:
dist: 2.032986997410177 vs. 2.032986997410177
list:
dist: 1.1738331917731823 vs. 1.1738331917731823
list:
dist: 1.1332145047698146 vs. 1.1332145047698146
list:
dist: 0.9263152983889739 vs. 0.9263152983889739
list:
dist: 1.5457003407562646 vs. 1.5457003407562646
list:
dist: 2.0168745027563912 vs. 2.0168745027563912
list:
dist: 1.5997518058479618 vs. 1.5997518058479618
list:
dist: 1.6577925382828202 vs. 1.6577925382828202
list:
dist: 1.569180073108837 vs. 1.569180073108837
list:
dist: 2.3909589131572306 vs. 2.3909589131572306
list:
dist: 2.0754242107889147 vs. 2.0754242107889147
list:
dist: 2.9269873956760155 vs. 2.9269873956760155
list:
dist: 2.7628756368783334 vs. 2.7628756368783334
list:
dist: 3.5705298022737457 vs. 3.5705298022737457
list:
dist: 3.9908281700588626 vs. 3.9908281700588626
list:
dist: 3.987392279989988 vs. 3.987392279989988
list:
dist: 4.064712131805392 vs. 4.064712131805392
list:
dist: 3.4022838627499903 vs. 3.4022838627499903
list:
dist: 2.3186528547765226 vs. 2.3186528547765226
list:
dist: 2.429171690734077 vs. 2.429171690734077
list:
dist: 2.389429823469967 vs. 2.389429823469967
list:
dist: 2.6115952284971673 vs. 2.6115952284971673
list:
dist: 3.7776766887761966 vs. 3.7776766887761966
list:
dist: 3.043140598795913 vs. 3.043140598795913
list:
dist: 2.866169190411705 vs. 2.866169190411705
list:
dist: 3.663427742403965 vs. 3.663427742403965
list:
dist: 3.904568049485262 vs. 3.904568049485262
list:
dist: 3.6963312839274627 vs. 3.6963312839274627
list:
dist: 4.163386202520043 vs. 4.163386202520043
list:
dist: 2.8545644260577623 vs. 2.8545644260577623
list:
dist: 3.8048711485754563 vs. 3.8048711485754563
list:
dist: 4.362507804449623 vs. 4.362507804449623
list:
dist: 3.8592692367679646 vs. 3.8592692367679646
list:
dist: 4.294136817516389 vs. 4.294136817516389
list:
dist: 3.210469030606238 vs. 3.210469030606238
list:
dist: 4.175810937940827 vs. 4.175810937940827
list:
dist: 3.8321250625633425 vs. 3.8321250625633425
list:
dist: 4.552304633335812 vs. 4.552304633335812
list:
dist: 3.677009871764359 vs. 3.677009871764359
list:
dist: 3.4682559900759857 vs. 3.4682559900759857
list:
dist: 4.091356766921879 vs. 4.091356766921879
list:
dist: 3.188246053032931 vs. 3.188246053032931
list:
dist: 3.5954271472867267 vs. 3.5954271472867267
list:
dist: 3.5961253787739995 vs. 3.5961253787739995
list:
dist: 3.6528022548205445 vs. 3.6528022548205445
list:
dist: 3.187866894336219 vs. 3.187866894336219
list:
dist: 3.7150179848178495 vs. 3.7150179848178495
list:
dist: 2.0484400689517805 vs. 2.0484400689517805
list:
dist: 1.6577925382828202 vs. 1.6577925382828202
list:
dist: 1.13048730473916 vs. 1.13048730473916
list:
dist: 2.213592039215286 vs. 2.213592039215286
list:
dist: 1.8114197671476777 vs. 1.8114197671476777
list:
dist: 1.4633162759625045 vs. 1.4633162759625045
list:
dist: 1.3201165431239146 vs. 1.3201165431239146
list:
dist: 1.557012067037198 vs. 1.557012067037198
list:
dist: 1.4000506398984953 vs. 1.4000506398984953
list:
dist: 2.6872102692284248 vs. 2.6872102692284248
list:
dist: 1.9262613601070124 vs. 1.9262613601070124
list:
dist: 2.0594179378854864 vs. 2.0594179378854864
list:
dist: 2.472412302533514 vs. 2.472412302533514
list:
dist: 2.635548155421726 vs. 2.635548155421726
list:
dist: 2.747148553382701 vs. 2.747148553382701
list:
dist: 0.7630943999509511 vs. 0.7630943999509511
list:
dist: 0.8513758823991037 vs. 0.8513758823991037
list:
dist: 0.8767834801815048 vs. 0.8767834801815048
list:
dist: 0.9659975144678398 vs. 0.9659975144678398
list:
dist: 2.6455651105278304 vs. 2.6455651105278304
list:
dist: 2.617844281930674 vs. 2.617844281930674
list:
dist: 3.4217105363286704 vs. 3.4217105363286704
list:
dist: 3.4212465398597365 vs. 3.4212465398597365
list:
dist: 3.818712235027251 vs. 3.818712235027251
list:
dist: 4.022847480238308 vs. 4.022847480238308
list:
dist: 3.517099505188434 vs. 3.517099505188434
list:
dist: 1.4838926194910045 vs. 1.4838926194910045
list:
dist: 1.2159558729253768 vs. 1.2159558729253768
list:
dist: 1.0230200706446893 vs. 1.0230200706446893
list:
dist: 2.046278283304838 vs. 2.046278283304838
list:
dist: 3.457606462331944 vs. 3.457606462331944
list:
dist: 2.945039871693177 vs. 2.945039871693177
list:
dist: 2.8706748767848347 vs. 2.8706748767848347
list:
dist: 3.2816305172595106 vs. 3.2816305172595106
list:
dist: 3.559340533174456 vs. 3.559340533174456
list:
dist: 3.2250052539465934 vs. 3.2250052539465934
list:
dist: 3.7292983035247205 vs. 3.7292983035247205
list:
dist: 2.576910611549809 vs. 2.576910611549809
list:
dist: 3.9600481582335925 vs. 3.9600481582335925
list:
dist: 4.222101997746921 vs. 4.222101997746921
list:
dist: 3.946818747050848 vs. 3.946818747050848
list:
dist: 4.256294799343175 vs. 4.256294799343175
list:
dist: 3.3302133403835357 vs. 3.3302133403835357
list:
dist: 4.068840388426743 vs. 4.068840388426743
list:
dist: 3.9348587158363206 vs. 3.9348587158363206
list:
dist: 4.3975565298679244 vs. 4.3975565298679244
list:
dist: 3.6323935337044158 vs. 3.6323935337044158
list:
dist: 3.555610696531437 vs. 3.555610696531437
list:
dist: 3.9046744232995314 vs. 3.9046744232995314
list:
dist: 3.0231104286106243 vs. 3.0231104286106243
list:
dist: 3.258136219973534 vs. 3.258136219973534
list:
dist: 3.602635056108158 vs. 3.602635056108158
list:
dist: 3.653458935165965 vs. 3.653458935165965
list:
dist: 2.9564828536336223 vs. 2.9564828536336223
list:
dist: 3.590891370145719 vs. 3.590891370145719
list:
dist: 1.8005926461575568 vs. 1.8005926461575568
list:
dist: 1.569180073108837 vs. 1.569180073108837
list:
dist: 1.5778696957574854 vs. 1.5778696957574854
list:
dist: 2.3666025832177784 vs. 2.3666025832177784
list:
dist: 2.108962379045212 vs. 2.108962379045212
list:
dist: 1.7608545307046506 vs. 1.7608545307046506
list:
dist: 1.1464820835894645 vs. 1.1464820835894645
list:
dist: 1.5236358183612473 vs. 1.5236358183612473
list:
dist: 1.2747290643416824 vs. 1.2747290643416824
list:
dist: 2.7886009963318723 vs. 2.7886009963318723
list:
dist: 1.4580003401184856 vs. 1.4580003401184856
list:
dist: 2.0012468510075467 vs. 2.0012468510075467
list:
dist: 2.3599549330275664 vs. 2.3599549330275664
list:
dist: 2.4306954834216254 vs. 2.4306954834216254
list:
dist: 2.923453766461829 vs. 2.923453766461829
list:
dist: 1.5169053433651338 vs. 1.5169053433651338
list:
dist: 0.8513758823991037 vs. 0.8513758823991037
list:
dist: 1.3956626250351156 vs. 1.3956626250351156
list:
dist: 1.7118677018650403 vs. 1.7118677018650403
list:
dist: 2.8463792426052374 vs. 2.8463792426052374
list:
dist: 2.863937512797904 vs. 2.863937512797904
list:
dist: 3.8256282718751846 vs. 3.8256282718751846
list:
dist: 3.815875990796154 vs. 3.815875990796154
list:
dist: 4.110777759311215 vs. 4.110777759311215
list:
dist: 4.344375521541469 vs. 4.344375521541469
list:
dist: 3.8025646239682342 vs. 3.8025646239682342
list:
dist: 1.6980515249006807 vs. 1.6980515249006807
list:
dist: 2.0619100617032253 vs. 2.0619100617032253
list:
dist: 1.8529349179814254 vs. 1.8529349179814254
list:
dist: 1.9757369331795447 vs. 1.9757369331795447
list:
dist: 1.0283719759111465 vs. 1.0283719759111465
list:
dist: 1.8047599093669082 vs. 1.8047599093669082
list:
dist: 2.111976528803689 vs. 2.111976528803689
list:
dist: 2.2131950731459913 vs. 2.2131950731459913
list:
dist: 0.7207025636132763 vs. 0.7207025636132763
list:
dist: 0.6424821242150752 vs. 0.6424821242150752
list:
dist: 1.9496515347293082 vs. 1.9496515347293082
list:
dist: 2.8080963646450483 vs. 2.8080963646450483
list:
dist: 1.495010068372845 vs. 1.495010068372845
list:
dist: 1.5409608633762082 vs. 1.5409608633762082
list:
dist: 2.7533571595756205 vs. 2.7533571595756205
list:
dist: 2.7702656551171674 vs. 2.7702656551171674
list:
dist: 2.226447993328732 vs. 2.226447993328732
list:
dist: 2.640707772968645 vs. 2.640707772968645
list:
dist: 1.641832970694565 vs. 1.641832970694565
list:
dist: 2.342250452463959 vs. 2.342250452463959
list:
dist: 2.870157653821659 vs. 2.870157653821659
list:
dist: 2.689160450898869 vs. 2.689160450898869
list:
dist: 1.6321552072496606 vs. 1.6321552072496606
list:
dist: 1.392558806539754 vs. 1.392558806539754
list:
dist: 1.9671945751914781 vs. 1.9671945751914781
list:
dist: 4.017812321136413 vs. 4.017812321136413
list:
dist: 4.000859291789372 vs. 4.000859291789372
list:
dist: 1.906377177912143 vs. 1.906377177912143
list:
dist: 1.023906757463229 vs. 1.023906757463229
list:
dist: 2.032986997410177 vs. 2.032986997410177
list:
dist: 2.0486805762421856 vs. 2.0486805762421856
list:
dist: 1.1348780904200608 vs. 1.1348780904200608
list:
dist: 1.5504200405974615 vs. 1.5504200405974615
list:
dist: 1.4021755563962262 vs. 1.4021755563962262
list:
dist: 1.9589131362159453 vs. 1.9589131362159453
list:
dist: 1.2749782408389734 vs. 1.2749782408389734
list:
dist: 1.6893368436277416 vs. 1.6893368436277416
list:
dist: 1.8615264778352936 vs. 1.8615264778352936
list:
dist: 0.9672821814319617 vs. 0.9672821814319617
list:
dist: 1.632258324757738 vs. 1.632258324757738
list:
dist: 1.0801069599696573 vs. 1.0801069599696573
list:
dist: 0.3785182493586868 vs. 0.3785182493586868
list:
dist: 2.377149310945669 vs. 2.377149310945669
list:
dist: 2.6872102692284248 vs. 2.6872102692284248
list:
dist: 2.7886009963318723 vs. 2.7886009963318723
list:
dist: 2.8387433854060315 vs. 2.8387433854060315
list:
dist: 2.372322947719625 vs. 2.372322947719625
list:
dist: 1.5577288642463536 vs. 1.5577288642463536
list:
dist: 1.2800019041415496 vs. 1.2800019041415496
list:
dist: 1.913644151409684 vs. 1.913644151409684
list:
dist: 2.5976051202476835 vs. 2.5976051202476835
list:
dist: 2.2096109693902664 vs. 2.2096109693902664
list:
dist: 2.2077731542695873 vs. 2.2077731542695873
list:
dist: 1.5153365369601537 vs. 1.5153365369601537
list:
dist: 2.0510758413549337 vs. 2.0510758413549337
list:
dist: 3.1393084911119384 vs. 3.1393084911119384
list:
dist: 2.9396897526598558 vs. 2.9396897526598558
list:
dist: 3.1816096409046333 vs. 3.1816096409046333
list:
dist: 2.664128714065708 vs. 2.664128714065708
list:
dist: 2.824183195916922 vs. 2.824183195916922
list:
dist: 3.1501133830758814 vs. 3.1501133830758814
list:
dist: 2.7660481478386774 vs. 2.7660481478386774
list:
dist: 3.0195030494803907 vs. 3.0195030494803907
list:
dist: 2.858189208697052 vs. 2.858189208697052
list:
dist: 2.0085248961618736 vs. 2.0085248961618736
list:
dist: 1.0463360329805675 vs. 1.0463360329805675
list:
dist: 1.9535059402541641 vs. 1.9535059402541641
list:
dist: 1.9553899975192301 vs. 1.9553899975192301
list:
dist: 1.6290943685537043 vs. 1.6290943685537043
list:
dist: 0.7210538788052986 vs. 0.7210538788052986
list:
dist: 1.8279871751187755 vs. 1.8279871751187755
list:
dist: 2.302552613473433 vs. 2.302552613473433
list:
dist: 1.0874460271603819 vs. 1.0874460271603819
list:
dist: 1.3570172214808414 vs. 1.3570172214808414
list:
dist: 2.2846701172228387 vs. 2.2846701172228387
list:
dist: 2.138593810278142 vs. 2.138593810278142
list:
dist: 1.7083881064980726 vs. 1.7083881064980726
list:
dist: 2.0438707944867778 vs. 2.0438707944867778
list:
dist: 1.1687391958015647 vs. 1.1687391958015647
list:
dist: 1.7262551535451591 vs. 1.7262551535451591
list:
dist: 2.3652020980421966 vs. 2.3652020980421966
list:
dist: 2.0797185586345996 vs. 2.0797185586345996
list:
dist: 1.0370588951765343 vs. 1.0370588951765343
list:
dist: 0.9199120726200368 vs. 0.9199120726200368
list:
dist: 1.4230714398500348 vs. 1.4230714398500348
list:
dist: 3.6226644215115007 vs. 3.6226644215115007
list:
dist: 3.5194404450548977 vs. 3.5194404450548977
list:
dist: 2.2293430397834153 vs. 2.2293430397834153
list:
dist: 1.610963954644588 vs. 1.610963954644588
list:
dist: 2.4076166495614983 vs. 2.4076166495614983
list:
dist: 2.454380495844819 vs. 2.454380495844819
list:
dist: 1.7013077403726713 vs. 1.7013077403726713
list:
dist: 2.079166083765265 vs. 2.079166083765265
list:
dist: 1.8132929695974924 vs. 1.8132929695974924
list:
dist: 2.224554267090037 vs. 2.224554267090037
list:
dist: 1.382692333553619 vs. 1.382692333553619
list:
dist: 1.6420569470077588 vs. 1.6420569470077588
list:
dist: 0.6424821242150752 vs. 0.6424821242150752
list:
dist: 1.9134250963731072 vs. 1.9134250963731072
list:
dist: 1.2847087276629032 vs. 1.2847087276629032
list:
dist: 2.0662279763049813 vs. 2.0662279763049813
list:
dist: 1.245421376713946 vs. 1.245421376713946
list:
dist: 1.00482733441189 vs. 1.00482733441189
list:
dist: 2.684090303137897 vs. 2.684090303137897
list:
dist: 2.866169190411705 vs. 2.866169190411705
list:
dist: 2.8706748767848347 vs. 2.8706748767848347
list:
dist: 2.8798445806805244 vs. 2.8798445806805244
list:
dist: 2.5682735409569633 vs. 2.5682735409569633
list:
dist: 1.2370233362822336 vs. 1.2370233362822336
list:
dist: 1.0722492638548893 vs. 1.0722492638548893
list:
dist: 1.8616761578512784 vs. 1.8616761578512784
list:
dist: 2.376825653875502 vs. 2.376825653875502
list:
dist: 1.9365838913868545 vs. 1.9365838913868545
list:
dist: 2.026654413865891 vs. 2.026654413865891
list:
dist: 1.4014881743941459 vs. 1.4014881743941459
list:
dist: 1.9375019768741315 vs. 1.9375019768741315
list:
dist: 2.5901510588884773 vs. 2.5901510588884773
list:
dist: 2.4236663708783834 vs. 2.4236663708783834
list:
dist: 1.626284215704658 vs. 1.626284215704658
list:
dist: 0.7958109826906098 vs. 0.7958109826906098
list:
dist: 2.4085175558922853 vs. 2.4085175558922853
list:
dist: 1.7220590265895228 vs. 1.7220590265895228
list:
dist: 1.9134250963731072 vs. 1.9134250963731072
list:
dist: 1.8336418205748872 vs. 1.8336418205748872
list:
dist: 4.025680721724577 vs. 4.025680721724577
list:
dist: 2.8126800536088146 vs. 2.8126800536088146
list:
dist: 3.2426160716808075 vs. 3.2426160716808075
list:
dist: 3.657736801324237 vs. 3.657736801324237
list:
dist: 3.444428290280366 vs. 3.444428290280366
list:
dist: 3.3422300414918134 vs. 3.3422300414918134
list:
dist: 3.5462300237506588 vs. 3.5462300237506588
list:
dist: 2.7576786695727966 vs. 2.7576786695727966
list:
dist: 3.1972150319307935 vs. 3.1972150319307935
list:
dist: 3.641649815838613 vs. 3.641649815838613
list:
dist: 3.4710903148837677 vs. 3.4710903148837677
list:
dist: 2.7144500513606427 vs. 2.7144500513606427
list:
dist: 2.763625402843496 vs. 2.763625402843496
list:
dist: 2.7703003949749005 vs. 2.7703003949749005
list:
dist: 3.496239213811914 vs. 3.496239213811914
list:
dist: 3.4033154852993444 vs. 3.4033154852993444
list:
dist: 0.9151484959629594 vs. 0.9151484959629594
list:
dist: 2.198277423533203 vs. 2.198277423533203
list:
dist: 1.1738331917731823 vs. 1.1738331917731823
list:
dist: 1.7849961861720283 vs. 1.7849961861720283
list:
dist: 1.6330002387136782 vs. 1.6330002387136782
list:
dist: 1.761864441248194 vs. 1.761864441248194
list:
dist: 1.5061143249025228 vs. 1.5061143249025228
list:
dist: 0.8770668139905713 vs. 0.8770668139905713
list:
dist: 0.9605411038155939 vs. 0.9605411038155939
list:
dist: 1.074735082508117 vs. 1.074735082508117
list:
dist: 1.8615264778352936 vs. 1.8615264778352936
list:
dist: 1.0013765929705152 vs. 1.0013765929705152
list:
dist: 1.3536250421943663 vs. 1.3536250421943663
list:
dist: 1.1041773699596307 vs. 1.1041773699596307
list:
dist: 2.0575623526475804 vs. 2.0575623526475804
list:
dist: 2.1461469320339455 vs. 2.1461469320339455
list:
dist: 1.9262613601070124 vs. 1.9262613601070124
list:
dist: 1.4580003401184856 vs. 1.4580003401184856
list:
dist: 2.381116764143289 vs. 2.381116764143289
list:
dist: 2.3519382197121415 vs. 2.3519382197121415
list:
dist: 2.4899981207080453 vs. 2.4899981207080453
list:
dist: 2.4376122722609646 vs. 2.4376122722609646
list:
dist: 3.4486960210342485 vs. 3.4486960210342485
list:
dist: 3.7164297096043173 vs. 3.7164297096043173
list:
dist: 3.650967833906859 vs. 3.650967833906859
list:
dist: 3.8156656686457175 vs. 3.8156656686457175
list:
dist: 3.1841803582264685 vs. 3.1841803582264685
list:
dist: 1.9647201223560105 vs. 1.9647201223560105
list:
dist: 2.9799824808647526 vs. 2.9799824808647526
list:
dist: 2.7680030948534435 vs. 2.7680030948534435
list:
dist: 2.144155790064099 vs. 2.144155790064099
list:
dist: 2.078153174647333 vs. 2.078153174647333
list:
dist: 1.2291723014370513 vs. 1.2291723014370513
list:
dist: 1.8621182737538031 vs. 1.8621182737538031
list:
dist: 3.0874883521995837 vs. 3.0874883521995837
list:
dist: 1.60089288762165 vs. 1.60089288762165
list:
dist: 2.0662279763049813 vs. 2.0662279763049813
list:
dist: 1.924306364160014 vs. 1.924306364160014
list:
dist: 4.277136572402002 vs. 4.277136572402002
list:
dist: 2.8425916910234363 vs. 2.8425916910234363
list:
dist: 3.0723556222338226 vs. 3.0723556222338226
list:
dist: 4.221648486912661 vs. 4.221648486912661
list:
dist: 4.065762259301899 vs. 4.065762259301899
list:
dist: 3.760309592245982 vs. 3.760309592245982
list:
dist: 4.071547329846563 vs. 4.071547329846563
list:
dist: 3.15170688835427 vs. 3.15170688835427
list:
dist: 3.6845545849498027 vs. 3.6845545849498027
list:
dist: 4.288993969400402 vs. 4.288993969400402
list:
dist: 3.965769737007645 vs. 3.965769737007645
list:
dist: 3.048206106637596 vs. 3.048206106637596
list:
dist: 2.9658987361787954 vs. 2.9658987361787954
list:
dist: 3.0917872601876946 vs. 3.0917872601876946
list:
dist: 4.678602389220542 vs. 4.678602389220542
list:
dist: 4.647562837625401 vs. 4.647562837625401
list:
dist: 0.6308708495926442 vs. 0.6308708495926442
list:
dist: 1.24997453660839 vs. 1.24997453660839
list:
dist: 0.9263152983889739 vs. 0.9263152983889739
list:
dist: 1.647281140282599 vs. 1.647281140282599
list:
dist: 0.8344406227522496 vs. 0.8344406227522496
list:
dist: 1.1536309867555812 vs. 1.1536309867555812
list:
dist: 1.3552144342974362 vs. 1.3552144342974362
list:
dist: 1.2266361152908518 vs. 1.2266361152908518
list:
dist: 1.5224024184075495 vs. 1.5224024184075495
list:
dist: 1.9751557356660705 vs. 1.9751557356660705
list:
dist: 1.632258324757738 vs. 1.632258324757738
list:
dist: 1.3536250421943663 vs. 1.3536250421943663
list:
dist: 0.9262815666841728 vs. 0.9262815666841728
list:
dist: 1.0058207044603507 vs. 1.0058207044603507
list:
dist: 1.5805416644443044 vs. 1.5805416644443044
list:
dist: 2.291311704295831 vs. 2.291311704295831
list:
dist: 2.472412302533514 vs. 2.472412302533514
list:
dist: 2.3599549330275664 vs. 2.3599549330275664
list:
dist: 3.079160564406889 vs. 3.079160564406889
list:
dist: 2.672227586696262 vs. 2.672227586696262
list:
dist: 2.9326598468961325 vs. 2.9326598468961325
list:
dist: 2.7149377189095163 vs. 2.7149377189095163
list:
dist: 3.4382362505698327 vs. 3.4382362505698327
list:
dist: 4.043953073831744 vs. 4.043953073831744
list:
dist: 3.8156326787051933 vs. 3.8156326787051933
list:
dist: 3.820992570774204 vs. 3.820992570774204
list:
dist: 3.1265872467324822 vs. 3.1265872467324822
list:
dist: 2.7239170230238012 vs. 2.7239170230238012
list:
dist: 3.148750389676798 vs. 3.148750389676798
list:
dist: 3.089257995308383 vs. 3.089257995308383
list:
dist: 2.1793627721623174 vs. 2.1793627721623174
list:
dist: 1.7064762089732608 vs. 1.7064762089732608
list:
dist: 1.4601225247615248 vs. 1.4601225247615248
list:
dist: 1.5015326230332418 vs. 1.5015326230332418
list:
dist: 2.427937788375128 vs. 2.427937788375128
list:
dist: 1.0847263602120878 vs. 1.0847263602120878
list:
dist: 1.2847087276629032 vs. 1.2847087276629032
list:
dist: 1.8105168612120044 vs. 1.8105168612120044
list:
dist: 3.576489097624615 vs. 3.576489097624615
list:
dist: 2.248412316175166 vs. 2.248412316175166
list:
dist: 2.4821324086322867 vs. 2.4821324086322867
list:
dist: 3.31681487586615 vs. 3.31681487586615
list:
dist: 3.2754173160027937 vs. 3.2754173160027937
list:
dist: 2.910153432577759 vs. 2.910153432577759
list:
dist: 3.251862498060232 vs. 3.251862498060232
list:
dist: 2.278170856003081 vs. 2.278170856003081
list:
dist: 2.9204072668803622 vs. 2.9204072668803622
list:
dist: 3.377626077861427 vs. 3.377626077861427
list:
dist: 3.245028177896647 vs. 3.245028177896647
list:
dist: 2.2869964382291426 vs. 2.2869964382291426
list:
dist: 2.1776972097385783 vs. 2.1776972097385783
list:
dist: 2.479542776434964 vs. 2.479542776434964
list:
dist: 3.863306041968919 vs. 3.863306041968919
list:
dist: 3.8567731329719166 vs. 3.8567731329719166
list:
dist: 0.9757811126659066 vs. 0.9757811126659066
list:
dist: 1.267725688053274 vs. 1.267725688053274
list:
dist: 1.1332145047698146 vs. 1.1332145047698146
list:
dist: 1.4501710969482493 vs. 1.4501710969482493
list:
dist: 0.7539812484181514 vs. 0.7539812484181514
list:
dist: 1.0770946740867129 vs. 1.0770946740867129
list:
dist: 0.8979012776440144 vs. 0.8979012776440144
list:
dist: 1.04508079910219 vs. 1.04508079910219
list:
dist: 0.695142575906084 vs. 0.695142575906084
list:
dist: 1.188760321818601 vs. 1.188760321818601
list:
dist: 0.9672821814319617 vs. 0.9672821814319617
list:
dist: 1.0013765929705152 vs. 1.0013765929705152
list:
dist: 0.9262815666841728 vs. 0.9262815666841728
list:
dist: 0.6479989251998083 vs. 0.6479989251998083
list:
dist: 1.0809841473086925 vs. 1.0809841473086925
list:
dist: 1.90822230441637 vs. 1.90822230441637
list:
dist: 2.0594179378854864 vs. 2.0594179378854864
list:
dist: 2.0012468510075467 vs. 2.0012468510075467
list:
dist: 2.4486647537573627 vs. 2.4486647537573627
list:
dist: 2.0912012658644734 vs. 2.0912012658644734
list:
dist: 2.027163030652731 vs. 2.027163030652731
list:
dist: 1.842069901904154 vs. 1.842069901904154
list:
dist: 2.6915221522977215 vs. 2.6915221522977215
list:
dist: 3.185775659354498 vs. 3.185775659354498
list:
dist: 3.0079982337995546 vs. 3.0079982337995546
list:
dist: 3.0812326128527747 vs. 3.0812326128527747
list:
dist: 2.404786875672805 vs. 2.404786875672805
list:
dist: 1.885976627131746 vs. 1.885976627131746
list:
dist: 2.7743212005947813 vs. 2.7743212005947813
list:
dist: 2.6009548563455236 vs. 2.6009548563455236
list:
dist: 2.3865022665956444 vs. 2.3865022665956444
list:
dist: 1.8798230890453145 vs. 1.8798230890453145
list:
dist: 1.7647048009654658 vs. 1.7647048009654658
list:
dist: 2.210597104073617 vs. 2.210597104073617
list:
dist: 3.0773997497384644 vs. 3.0773997497384644
list:
dist: 1.4754802426152733 vs. 1.4754802426152733
list:
dist: 1.7013077403726713 vs. 1.7013077403726713
list:
dist: 2.302830300778334 vs. 2.302830300778334
list:
dist: 3.9410612803236313 vs. 3.9410612803236313
list:
dist: 2.578853894115421 vs. 2.578853894115421
list:
dist: 2.6057117016310745 vs. 2.6057117016310745
list:
dist: 3.7039572499142466 vs. 3.7039572499142466
list:
dist: 3.8230943722351456 vs. 3.8230943722351456
list:
dist: 3.29656668067812 vs. 3.29656668067812
list:
dist: 3.727592084204156 vs. 3.727592084204156
list:
dist: 2.654943942186471 vs. 2.654943942186471
list:
dist: 3.4248935452866354 vs. 3.4248935452866354
list:
dist: 3.8135640406628943 vs. 3.8135640406628943
list:
dist: 3.763485108505014 vs. 3.763485108505014
list:
dist: 2.7346737239317847 vs. 2.7346737239317847
list:
dist: 2.506717595526629 vs. 2.506717595526629
list:
dist: 2.9795790732964944 vs. 2.9795790732964944
list:
dist: 4.444635905393712 vs. 4.444635905393712
list:
dist: 4.52619929740293 vs. 4.52619929740293
list:
dist: 1.1608281979238395 vs. 1.1608281979238395
list:
dist: 0.8851977429518796 vs. 0.8851977429518796
list:
dist: 1.1341499424870343 vs. 1.1341499424870343
list:
dist: 1.2546547425322256 vs. 1.2546547425322256
list:
dist: 0.5705666094856879 vs. 0.5705666094856879
list:
dist: 0.7939558391816635 vs. 0.7939558391816635
list:
dist: 1.3006146792849653 vs. 1.3006146792849653
list:
dist: 1.2485745655018883 vs. 1.2485745655018883
list:
dist: 1.753802640260736 vs. 1.753802640260736
list:
dist: 1.1348780904200608 vs. 1.1348780904200608
list:
dist: 1.6330002387136782 vs. 1.6330002387136782
list:
dist: 0.7539812484181514 vs. 0.7539812484181514
list:
dist: 0.8344406227522496 vs. 0.8344406227522496
list:
dist: 1.180560475886004 vs. 1.180560475886004
list:
dist: 0.9751855226876905 vs. 0.9751855226876905
list:
dist: 1.8264971309651172 vs. 1.8264971309651172
list:
dist: 2.213592039215286 vs. 2.213592039215286
list:
dist: 2.3666025832177784 vs. 2.3666025832177784
list:
dist: 2.685651682907087 vs. 2.685651682907087
list:
dist: 2.120082360540244 vs. 2.120082360540244
list:
dist: 2.3782615412438566 vs. 2.3782615412438566
list:
dist: 2.108785406145638 vs. 2.108785406145638
list:
dist: 2.7114747602441454 vs. 2.7114747602441454
list:
dist: 3.361678634704558 vs. 3.361678634704558
list:
dist: 3.1793908069268473 vs. 3.1793908069268473
list:
dist: 3.1622730398058794 vs. 3.1622730398058794
list:
dist: 2.4811971138661137 vs. 2.4811971138661137
list:
dist: 2.2885123345386127 vs. 2.2885123345386127
list:
dist: 2.646721650552085 vs. 2.646721650552085
list:
dist: 2.581693445006897 vs. 2.581693445006897
list:
dist: 2.3350299856609475 vs. 2.3350299856609475
list:
dist: 2.7179254659433187 vs. 2.7179254659433187
list:
dist: 2.4129900516496208 vs. 2.4129900516496208
list:
dist: 1.9375019768741315 vs. 1.9375019768741315
list:
dist: 3.214358529394729 vs. 3.214358529394729
list:
dist: 3.5408772359662106 vs. 3.5408772359662106
list:
dist: 3.088912701772175 vs. 3.088912701772175
list:
dist: 3.5074718645218326 vs. 3.5074718645218326
list:
dist: 2.343190245146874 vs. 2.343190245146874
list:
dist: 2.3349220979650966 vs. 2.3349220979650966
list:
dist: 3.0023100817235444 vs. 3.0023100817235444
list:
dist: 2.456388735781867 vs. 2.456388735781867
list:
dist: 2.8900652241535356 vs. 2.8900652241535356
list:
dist: 1.865411424176982 vs. 1.865411424176982
list:
dist: 2.865809321810051 vs. 2.865809321810051
list:
dist: 2.3494484488750307 vs. 2.3494484488750307
list:
dist: 3.2585062712048827 vs. 3.2585062712048827
list:
dist: 2.4612898504104717 vs. 2.4612898504104717
list:
dist: 2.2566830765363637 vs. 2.2566830765363637
list:
dist: 3.0074248464405517 vs. 3.0074248464405517
list:
dist: 2.2755841995519672 vs. 2.2755841995519672
list:
dist: 2.615843266303197 vs. 2.615843266303197
list:
dist: 2.830020357700946 vs. 2.830020357700946
list:
dist: 2.8401801102489483 vs. 2.8401801102489483
list:
dist: 2.4504546451182487 vs. 2.4504546451182487
list:
dist: 2.697627635601473 vs. 2.697627635601473
list:
dist: 2.3186528547765226 vs. 2.3186528547765226
list:
dist: 1.8882286404417274 vs. 1.8882286404417274
list:
dist: 2.2885123345386127 vs. 2.2885123345386127
list:
dist: 2.1666405491967184 vs. 2.1666405491967184
list:
dist: 1.6434086152896799 vs. 1.6434086152896799
list:
dist: 1.8873229415316757 vs. 1.8873229415316757
list:
dist: 1.2227918290119504 vs. 1.2227918290119504
list:
dist: 0.8903297185977611 vs. 0.8903297185977611
list:
dist: 2.0510758413549337 vs. 2.0510758413549337
list:
dist: 1.9647201223560105 vs. 1.9647201223560105
list:
dist: 1.885976627131746 vs. 1.885976627131746
list:
dist: 2.7239170230238012 vs. 2.7239170230238012
list:
dist: 2.3398871382097566 vs. 2.3398871382097566
list:
dist: 2.2513580312051458 vs. 2.2513580312051458
list:
dist: 1.5995182443111928 vs. 1.5995182443111928
list:
dist: 1.4838926194910045 vs. 1.4838926194910045
list:
dist: 1.6980515249006807 vs. 1.6980515249006807
list:
dist: 1.055910219976659 vs. 1.055910219976659
list:
dist: 1.1865896677464316 vs. 1.1865896677464316
list:
dist: 1.2994282293778774 vs. 1.2994282293778774
list:
dist: 1.4143236161015194 vs. 1.4143236161015194
list:
dist: 2.3361573337373387 vs. 2.3361573337373387
list:
dist: 2.13781685697219 vs. 2.13781685697219
list:
dist: 2.5324693546258406 vs. 2.5324693546258406
list:
dist: 2.8304724673764565 vs. 2.8304724673764565
list:
dist: 2.4253995917140845 vs. 2.4253995917140845
list:
dist: 2.0468876893481758 vs. 2.0468876893481758
list:
dist: 1.636864524813078 vs. 1.636864524813078
list:
dist: 2.5511361344375194 vs. 2.5511361344375194
list:
dist: 2.4734826314981615 vs. 2.4734826314981615
list:
dist: 1.5033169575872964 vs. 1.5033169575872964
list:
dist: 1.562814203029761 vs. 1.562814203029761
list:
dist: 3.081054526760901 vs. 3.081054526760901
list:
dist: 1.8739079634318923 vs. 1.8739079634318923
list:
dist: 2.2293430397834153 vs. 2.2293430397834153
list:
dist: 2.0767133800771864 vs. 2.0767133800771864
list:
dist: 1.7958146000744024 vs. 1.7958146000744024
list:
dist: 0.524565844884242 vs. 0.524565844884242
list:
dist: 1.4558787030409905 vs. 1.4558787030409905
list:
dist: 1.1608281979238395 vs. 1.1608281979238395
list:
dist: 1.2591737630472808 vs. 1.2591737630472808
list:
dist: 1.2976420097920618 vs. 1.2976420097920618
list:
dist: 0.7351872613317514 vs. 0.7351872613317514
list:
dist: 1.3170996922817708 vs. 1.3170996922817708
list:
dist: 1.6577698368144846 vs. 1.6577698368144846
list:
dist: 1.906377177912143 vs. 1.906377177912143
list:
dist: 0.9151484959629594 vs. 0.9151484959629594
list:
dist: 0.9757811126659066 vs. 0.9757811126659066
list:
dist: 0.6308708495926442 vs. 0.6308708495926442
list:
dist: 1.1750463953453043 vs. 1.1750463953453043
list:
dist: 1.936920945240446 vs. 1.936920945240446
list:
dist: 2.0441763016404346 vs. 2.0441763016404346
list:
dist: 2.0484400689517805 vs. 2.0484400689517805
list:
dist: 1.8005926461575568 vs. 1.8005926461575568
list:
dist: 2.7112099205974824 vs. 2.7112099205974824
list:
dist: 2.4462792459919624 vs. 2.4462792459919624
list:
dist: 2.90046695580577 vs. 2.90046695580577
list:
dist: 2.8172906773292845 vs. 2.8172906773292845
list:
dist: 2.90046695580577 vs. 2.90046695580577
list:
dist: 2.429171690734077 vs. 2.429171690734077
list:
dist: 1.5063766085129082 vs. 1.5063766085129082
list:
dist: 2.646721650552085 vs. 2.646721650552085
list:
dist: 2.1340003834969297 vs. 2.1340003834969297
list:
dist: 1.9266789032127278 vs. 1.9266789032127278
list:
dist: 2.25827268239424 vs. 2.25827268239424
list:
dist: 2.363603653460047 vs. 2.363603653460047
list:
dist: 2.319736450087297 vs. 2.319736450087297
list:
dist: 3.1393084911119384 vs. 3.1393084911119384
list:
dist: 2.9799824808647526 vs. 2.9799824808647526
list:
dist: 2.7743212005947813 vs. 2.7743212005947813
list:
dist: 3.148750389676798 vs. 3.148750389676798
list:
dist: 3.4177370166748715 vs. 3.4177370166748715
list:
dist: 3.088624992947653 vs. 3.088624992947653
list:
dist: 0.8801498942756874 vs. 0.8801498942756874
list:
dist: 1.2159558729253768 vs. 1.2159558729253768
list:
dist: 2.0619100617032253 vs. 2.0619100617032253
list:
dist: 1.3006056875735026 vs. 1.3006056875735026
list:
dist: 0.906046085437617 vs. 0.906046085437617
list:
dist: 2.9742327439082636 vs. 2.9742327439082636
list:
dist: 2.8918534396576163 vs. 2.8918534396576163
list:
dist: 3.3460508276280145 vs. 3.3460508276280145
list:
dist: 3.345132457603868 vs. 3.345132457603868
list:
dist: 3.8854198243968505 vs. 3.8854198243968505
list:
dist: 4.030657236874809 vs. 4.030657236874809
list:
dist: 3.625135779732003 vs. 3.625135779732003
list:
dist: 2.0468876893481758 vs. 2.0468876893481758
list:
dist: 0.44439131660629266 vs. 0.44439131660629266
list:
dist: 3.5487064038104528 vs. 3.5487064038104528
list:
dist: 2.9942826296656793 vs. 2.9942826296656793
list:
dist: 2.7397119124621345 vs. 2.7397119124621345
list:
dist: 2.5586839781449404 vs. 2.5586839781449404
list:
dist: 3.702048852661502 vs. 3.702048852661502
list:
dist: 2.4756325325825994 vs. 2.4756325325825994
list:
dist: 2.454380495844819 vs. 2.454380495844819
list:
dist: 3.220328955274635 vs. 3.220328955274635
list:
dist: 4.691915395629992 vs. 4.691915395629992
list:
dist: 3.5041914098049327 vs. 3.5041914098049327
list:
dist: 3.5014516001251703 vs. 3.5014516001251703
list:
dist: 3.912531541185091 vs. 3.912531541185091
list:
dist: 4.361597464341347 vs. 4.361597464341347
list:
dist: 3.765377557816303 vs. 3.765377557816303
list:
dist: 4.252518325375252 vs. 4.252518325375252
list:
dist: 3.0785106983040853 vs. 3.0785106983040853
list:
dist: 4.05819838785832 vs. 4.05819838785832
list:
dist: 4.000426469594301 vs. 4.000426469594301
list:
dist: 4.437578734806445 vs. 4.437578734806445
list:
dist: 3.4321241389046127 vs. 3.4321241389046127
list:
dist: 3.162359478251186 vs. 3.162359478251186
list:
dist: 3.8090572371572753 vs. 3.8090572371572753
list:
dist: 4.016613045083172 vs. 4.016613045083172
list:
dist: 4.305837842063831 vs. 4.305837842063831
list:
dist: 1.4558787030409905 vs. 1.4558787030409905
list:
dist: 2.1191346003224836 vs. 2.1191346003224836
list:
dist: 0.9949912303539254 vs. 0.9949912303539254
list:
dist: 1.2546547425322256 vs. 1.2546547425322256
list:
dist: 0.7402717906459456 vs. 0.7402717906459456
list:
dist: 0.6497401827391577 vs. 0.6497401827391577
list:
dist: 0.9739995487383886 vs. 0.9739995487383886
list:
dist: 1.320863432020858 vs. 1.320863432020858
list:
dist: 1.5605543615630937 vs. 1.5605543615630937
list:
dist: 2.0486805762421856 vs. 2.0486805762421856
list:
dist: 1.7849961861720283 vs. 1.7849961861720283
list:
dist: 1.4501710969482493 vs. 1.4501710969482493
list:
dist: 1.647281140282599 vs. 1.647281140282599
list:
dist: 2.0722552295595564 vs. 2.0722552295595564
list:
dist: 1.9763402612268879 vs. 1.9763402612268879
list:
dist: 0.6872156420084646 vs. 0.6872156420084646
list:
dist: 1.13048730473916 vs. 1.13048730473916
list:
dist: 1.5778696957574854 vs. 1.5778696957574854
list:
dist: 1.7673567052491563 vs. 1.7673567052491563
list:
dist: 1.223473329574013 vs. 1.223473329574013
list:
dist: 2.587053050645291 vs. 2.587053050645291
list:
dist: 2.4101747428673326 vs. 2.4101747428673326
list:
dist: 3.074791019518678 vs. 3.074791019518678
list:
dist: 3.4231934470929164 vs. 3.4231934470929164
list:
dist: 3.5949441648212175 vs. 3.5949441648212175
list:
dist: 3.6766963586196204 vs. 3.6766963586196204
list:
dist: 3.0817779069686693 vs. 3.0817779069686693
list:
dist: 1.8882286404417274 vs. 1.8882286404417274
list:
dist: 1.5063766085129082 vs. 1.5063766085129082
list:
dist: 1.505795492354819 vs. 1.505795492354819
list:
dist: 4.063781257023659 vs. 4.063781257023659
list:
dist: 3.386721902398032 vs. 3.386721902398032
list:
dist: 3.299136203553272 vs. 3.299136203553272
list:
dist: 2.8797461709669565 vs. 2.8797461709669565
list:
dist: 3.883757413102448 vs. 3.883757413102448
list:
dist: 2.8689347348122367 vs. 2.8689347348122367
list:
dist: 2.684090303137897 vs. 2.684090303137897
list:
dist: 3.68267482570473 vs. 3.68267482570473
list:
dist: 4.787319359460555 vs. 4.787319359460555
list:
dist: 3.7556417519541383 vs. 3.7556417519541383
list:
dist: 3.703839048643342 vs. 3.703839048643342
list:
dist: 3.7243860569233505 vs. 3.7243860569233505
list:
dist: 4.391856468121929 vs. 4.391856468121929
list:
dist: 3.7276233970810115 vs. 3.7276233970810115
list:
dist: 4.250050203442615 vs. 4.250050203442615
list:
dist: 3.0555815852713044 vs. 3.0555815852713044
list:
dist: 4.140849661972191 vs. 4.140849661972191
list:
dist: 3.8085556417889865 vs. 3.8085556417889865
list:
dist: 4.540761242043068 vs. 4.540761242043068
list:
dist: 3.564134172868681 vs. 3.564134172868681
list:
dist: 3.257634947168598 vs. 3.257634947168598
list:
dist: 4.0396526678663225 vs. 4.0396526678663225
list:
dist: 3.6466382763457736 vs. 3.6466382763457736
list:
dist: 4.065020820797417 vs. 4.065020820797417
list:
dist: 2.0441763016404346 vs. 2.0441763016404346
list:
dist: 2.645419057265161 vs. 2.645419057265161
list:
dist: 1.5997518058479618 vs. 1.5997518058479618
list:
dist: 0.6872156420084646 vs. 0.6872156420084646
list:
dist: 1.8264971309651172 vs. 1.8264971309651172
list:
dist: 1.3411919003764947 vs. 1.3411919003764947
list:
dist: 1.0787475645517066 vs. 1.0787475645517066
list:
dist: 1.4157715836877907 vs. 1.4157715836877907
list:
dist: 1.5434154005669627 vs. 1.5434154005669627
list:
dist: 1.593356905277441 vs. 1.593356905277441
list:
dist: 2.377149310945669 vs. 2.377149310945669
list:
dist: 2.1461469320339455 vs. 2.1461469320339455
list:
dist: 1.90822230441637 vs. 1.90822230441637
list:
dist: 2.291311704295831 vs. 2.291311704295831
list:
dist: 2.549427986613959 vs. 2.549427986613959
list:
dist: 2.3449720128688862 vs. 2.3449720128688862
list:
dist: 0.7630943999509511 vs. 0.7630943999509511
list:
dist: 1.5169053433651338 vs. 1.5169053433651338
list:
dist: 1.2090913599788677 vs. 1.2090913599788677
list:
dist: 0.6332847893124749 vs. 0.6332847893124749
list:
dist: 2.487343187176951 vs. 2.487343187176951
list:
dist: 2.3688625467022053 vs. 2.3688625467022053
list:
dist: 2.9982555923909904 vs. 2.9982555923909904
list:
dist: 3.157623778362592 vs. 3.157623778362592
list:
dist: 3.5116506847800357 vs. 3.5116506847800357
list:
dist: 3.6448805304896568 vs. 3.6448805304896568
list:
dist: 3.132659669633779 vs. 3.132659669633779
list:
dist: 1.5995182443111928 vs. 1.5995182443111928
list:
dist: 0.8801498942756874 vs. 0.8801498942756874
list:
dist: 0.8190818897230967 vs. 0.8190818897230967
list:
dist: 2.9223227748029297 vs. 2.9223227748029297
list:
dist: 3.6989991741482435 vs. 3.6989991741482435
list:
dist: 3.2465895563458673 vs. 3.2465895563458673
list:
dist: 2.8798445806805244 vs. 2.8798445806805244
list:
dist: 3.97808422323275 vs. 3.97808422323275
list:
dist: 3.4266939864822152 vs. 3.4266939864822152
list:
dist: 3.3024810246941105 vs. 3.3024810246941105
list:
dist: 3.7118173582691454 vs. 3.7118173582691454
list:
dist: 2.3320313992555826 vs. 2.3320313992555826
list:
dist: 3.2490548941137254 vs. 3.2490548941137254
list:
dist: 4.0384820089940385 vs. 4.0384820089940385
list:
dist: 3.474977556568134 vs. 3.474977556568134
list:
dist: 3.9277349525417735 vs. 3.9277349525417735
list:
dist: 2.8884536760435156 vs. 2.8884536760435156
list:
dist: 3.9201316242065913 vs. 3.9201316242065913
list:
dist: 3.2654086702417366 vs. 3.2654086702417366
list:
dist: 4.308911028639336 vs. 4.308911028639336
list:
dist: 3.506719460744863 vs. 3.506719460744863
list:
dist: 3.2717509795322646 vs. 3.2717509795322646
list:
dist: 4.030035309850876 vs. 4.030035309850876
list:
dist: 2.54018061560647 vs. 2.54018061560647
list:
dist: 3.0937170512492926 vs. 3.0937170512492926
list:
dist: 2.8260374856607346 vs. 2.8260374856607346
list:
dist: 2.8811312833390943 vs. 2.8811312833390943
list:
dist: 2.5918448570400456 vs. 2.5918448570400456
list:
dist: 3.0190070608234345 vs. 3.0190070608234345
list:
dist: 2.7112099205974824 vs. 2.7112099205974824
list:
dist: 2.3909589131572306 vs. 2.3909589131572306
list:
dist: 1.7673567052491563 vs. 1.7673567052491563
list:
dist: 2.685651682907087 vs. 2.685651682907087
list:
dist: 2.348348143727356 vs. 2.348348143727356
list:
dist: 1.9008087988550113 vs. 1.9008087988550113
list:
dist: 1.9902534240606193 vs. 1.9902534240606193
list:
dist: 1.8109900246621864 vs. 1.8109900246621864
list:
dist: 1.500660670755429 vs. 1.500660670755429
list:
dist: 2.8387433854060315 vs. 2.8387433854060315
list:
dist: 2.381116764143289 vs. 2.381116764143289
list:
dist: 2.4486647537573627 vs. 2.4486647537573627
list:
dist: 3.079160564406889 vs. 3.079160564406889
list:
dist: 3.004491371071378 vs. 3.004491371071378
list:
dist: 2.9490817942839334 vs. 2.9490817942839334
list:
dist: 1.2090913599788677 vs. 1.2090913599788677
list:
dist: 0.8767834801815048 vs. 0.8767834801815048
list:
dist: 1.3956626250351156 vs. 1.3956626250351156
list:
dist: 0.8436761068225745 vs. 0.8436761068225745
list:
dist: 2.290469819739215 vs. 2.290469819739215
list:
dist: 2.353597463949356 vs. 2.353597463949356
list:
dist: 3.1046382943048214 vs. 3.1046382943048214
list:
dist: 2.857560305226448 vs. 2.857560305226448
list:
dist: 3.4231473633582934 vs. 3.4231473633582934
list:
dist: 3.692859637786263 vs. 3.692859637786263
list:
dist: 3.305513056585095 vs. 3.305513056585095
list:
dist: 1.055910219976659 vs. 1.055910219976659
list:
dist: 1.3006056875735026 vs. 1.3006056875735026
list:
dist: 0.8862745475353256 vs. 0.8862745475353256
list:
dist: 2.8172906773292845 vs. 2.8172906773292845
list:
dist: 2.389429823469967 vs. 2.389429823469967
list:
dist: 1.505795492354819 vs. 1.505795492354819
list:
dist: 2.581693445006897 vs. 2.581693445006897
list:
dist: 2.1223888416439456 vs. 2.1223888416439456
list:
dist: 1.8143394784252986 vs. 1.8143394784252986
list:
dist: 2.137382528487083 vs. 2.137382528487083
list:
dist: 2.110046708026045 vs. 2.110046708026045
list:
dist: 2.000429293359385 vs. 2.000429293359385
list:
dist: 2.9396897526598558 vs. 2.9396897526598558
list:
dist: 2.7680030948534435 vs. 2.7680030948534435
list:
dist: 2.6009548563455236 vs. 2.6009548563455236
list:
dist: 3.089257995308383 vs. 3.089257995308383
list:
dist: 3.231858204136713 vs. 3.231858204136713
list:
dist: 2.9369380732800607 vs. 2.9369380732800607
list:
dist: 0.8190818897230967 vs. 0.8190818897230967
list:
dist: 1.0230200706446893 vs. 1.0230200706446893
list:
dist: 1.8529349179814254 vs. 1.8529349179814254
list:
dist: 0.8862745475353256 vs. 0.8862745475353256
list:
dist: 0.5809329334642748 vs. 0.5809329334642748
list:
dist: 2.6227008374832614 vs. 2.6227008374832614
list:
dist: 2.5781410480889115 vs. 2.5781410480889115
list:
dist: 3.103799452855887 vs. 3.103799452855887
list:
dist: 3.02167867520306 vs. 3.02167867520306
list:
dist: 3.5872133339836703 vs. 3.5872133339836703
list:
dist: 3.7707502767754253 vs. 3.7707502767754253
list:
dist: 3.3781218308610534 vs. 3.3781218308610534
list:
dist: 1.636864524813078 vs. 1.636864524813078
list:
dist: 0.44439131660629266 vs. 0.44439131660629266
list:
dist: 2.991557247380916 vs. 2.991557247380916
list:
dist: 3.7242125171213547 vs. 3.7242125171213547
list:
dist: 2.90664033888693 vs. 2.90664033888693
list:
dist: 2.5682735409569633 vs. 2.5682735409569633
list:
dist: 3.8086233681697954 vs. 3.8086233681697954
list:
dist: 4.243380122641993 vs. 4.243380122641993
list:
dist: 4.021333445340274 vs. 4.021333445340274
list:
dist: 4.443625078881233 vs. 4.443625078881233
list:
dist: 3.1118464676621356 vs. 3.1118464676621356
list:
dist: 3.2280002714236344 vs. 3.2280002714236344
list:
dist: 4.062241505465835 vs. 4.062241505465835
list:
dist: 3.3377285427828967 vs. 3.3377285427828967
list:
dist: 3.8846461889111144 vs. 3.8846461889111144
list:
dist: 2.696945356142004 vs. 2.696945356142004
list:
dist: 3.850620722893095 vs. 3.850620722893095
list:
dist: 3.313619939082535 vs. 3.313619939082535
list:
dist: 4.263246745988623 vs. 4.263246745988623
list:
dist: 3.3239545912665087 vs. 3.3239545912665087
list:
dist: 2.989438161453731 vs. 2.989438161453731
list:
dist: 3.885331126845228 vs. 3.885331126845228
list:
dist: 3.2092535145841157 vs. 3.2092535145841157
list:
dist: 3.6958743747135796 vs. 3.6958743747135796
list:
dist: 3.5181022700872373 vs. 3.5181022700872373
list:
dist: 3.559945044238563 vs. 3.559945044238563
list:
dist: 3.3223040304617912 vs. 3.3223040304617912
list:
dist: 3.6452625673424315 vs. 3.6452625673424315
list:
dist: 2.4462792459919624 vs. 2.4462792459919624
list:
dist: 2.0754242107889147 vs. 2.0754242107889147
list:
dist: 1.223473329574013 vs. 1.223473329574013
list:
dist: 2.120082360540244 vs. 2.120082360540244
list:
dist: 1.7303238232167149 vs. 1.7303238232167149
list:
dist: 1.3486749435396694 vs. 1.3486749435396694
list:
dist: 1.7953859171926074 vs. 1.7953859171926074
list:
dist: 1.5928301334227255 vs. 1.5928301334227255
list:
dist: 1.5250119386719008 vs. 1.5250119386719008
list:
dist: 2.372322947719625 vs. 2.372322947719625
list:
dist: 2.3519382197121415 vs. 2.3519382197121415
list:
dist: 2.0912012658644734 vs. 2.0912012658644734
list:
dist: 2.672227586696262 vs. 2.672227586696262
list:
dist: 2.7149584237107613 vs. 2.7149584237107613
list:
dist: 2.3900672976415627 vs. 2.3900672976415627
list:
dist: 0.6332847893124749 vs. 0.6332847893124749
list:
dist: 0.9659975144678398 vs. 0.9659975144678398
list:
dist: 1.7118677018650403 vs. 1.7118677018650403
list:
dist: 0.8436761068225745 vs. 0.8436761068225745
list:
dist: 2.091791710221375 vs. 2.091791710221375
list:
dist: 2.0269925436748006 vs. 2.0269925436748006
list:
dist: 2.627979301074345 vs. 2.627979301074345
list:
dist: 2.6279285828530226 vs. 2.6279285828530226
list:
dist: 3.0988365087726306 vs. 3.0988365087726306
list:
dist: 3.27921376401541 vs. 3.27921376401541
list:
dist: 2.8459559652366977 vs. 2.8459559652366977
list:
dist: 1.1865896677464316 vs. 1.1865896677464316
list:
dist: 0.906046085437617 vs. 0.906046085437617
list:
dist: 0.5809329334642748 vs. 0.5809329334642748
100
rk
<OccurredElementalReaction>
	 elmtlRkId: 1
	 p(id,type,coords) 38 2 4.0577415132513215 6.026735289591398 3.8633695124294607
</OccurredElementalReaction>
rk
<OccurredElementalReaction>
	 elmtlRkId: 2
	 p(id,type,coords) 67 3 5.022739754726374 3.590096913770013 9.126016521682534
</OccurredElementalReaction>
200
Neighbor List consistency Check...
--------
nle(id0,id1,dist): 5 6 1.3768675318555759
list:
dist: 1.3768675318555759 vs. 1.3768675318555759
--------
nle(id0,id1,dist): 4 29 3.980663205705884
list:
dist: 3.980663205705884 vs. 3.980663205705884
--------
nle(id0,id1,dist): 5 21 2.713338459801585
list:
dist: 2.713338459801585 vs. 2.713338459801585
--------
nle(id0,id1,dist): 5 20 2.8647249786738516
list:
dist: 2.8647249786738516 vs. 2.8647249786738516
--------
nle(id0,id1,dist): 5 22 2.260134898860537
list:
dist: 2.260134898860537 vs. 2.260134898860537
--------
nle(id0,id1,dist): 5 17 2.141062797995042
list:
dist: 2.141062797995042 vs. 2.141062797995042
--------
nle(id0,id1,dist): 5 16 2.590888559555459
list:
dist: 2.590888559555459 vs. 2.590888559555459
--------
nle(id0,id1,dist): 5 19 2.3664843075022652
list:
dist: 2.3664843075022652 vs. 2.3664843075022652
--------
nle(id0,id1,dist): 5 13 2.1166772981422337
list:
dist: 2.1166772981422337 vs. 2.1166772981422337
--------
nle(id0,id1,dist): 5 12 2.093291371028688
list:
dist: 2.093291371028688 vs. 2.093291371028688
--------
nle(id0,id1,dist): 5 15 1.9081489373234164
list:
dist: 1.9081489373234164 vs. 1.9081489373234164
--------
nle(id0,id1,dist): 5 14 2.318960283135329
list:
dist: 2.318960283135329 vs. 2.318960283135329
--------
nle(id0,id1,dist): 5 9 1.7172130541414523
list:
dist: 1.7172130541414523 vs. 1.7172130541414523
--------
nle(id0,id1,dist): 5 8 1.6255815426028477
list:
dist: 1.6255815426028477 vs. 1.6255815426028477
--------
nle(id0,id1,dist): 5 11 1.7826215000222196
list:
dist: 1.7826215000222196 vs. 1.7826215000222196
--------
nle(id0,id1,dist): 5 10 0.6851354737050327
list:
dist: 0.6851354737050327 vs. 0.6851354737050327
--------
nle(id0,id1,dist): 4 11 2.236196597425993
list:
dist: 2.236196597425993 vs. 2.236196597425993
--------
nle(id0,id1,dist): 4 12 2.978904491919842
list:
dist: 2.978904491919842 vs. 2.978904491919842
--------
nle(id0,id1,dist): 4 9 1.0449939320621413
list:
dist: 1.0449939320621413 vs. 1.0449939320621413
--------
nle(id0,id1,dist): 4 10 1.1579433746546541
list:
dist: 1.1579433746546541 vs. 1.1579433746546541
--------
nle(id0,id1,dist): 4 8 1.4843382734737454
list:
dist: 1.4843382734737454 vs. 1.4843382734737454
--------
nle(id0,id1,dist): 4 5 1.3434316704914673
list:
dist: 1.3434316704914673 vs. 1.3434316704914673
--------
nle(id0,id1,dist): 4 6 1.5613018642179184
list:
dist: 1.5613018642179184 vs. 1.5613018642179184
--------
nle(id0,id1,dist): 4 27 3.211932223573799
list:
dist: 3.211932223573799 vs. 3.211932223573799
--------
nle(id0,id1,dist): 4 26 2.5388761878480985
list:
dist: 2.5388761878480985 vs. 2.5388761878480985
--------
nle(id0,id1,dist): 4 25 3.3078508549572634
list:
dist: 3.3078508549572634 vs. 3.3078508549572634
--------
nle(id0,id1,dist): 4 24 3.805895801550408
list:
dist: 3.805895801550408 vs. 3.805895801550408
--------
nle(id0,id1,dist): 4 23 3.9542276668194383
list:
dist: 3.9542276668194383 vs. 3.9542276668194383
--------
nle(id0,id1,dist): 4 22 2.18744757286237
list:
dist: 2.18744757286237 vs. 2.18744757286237
--------
nle(id0,id1,dist): 4 21 2.7008624989428944
list:
dist: 2.7008624989428944 vs. 2.7008624989428944
--------
nle(id0,id1,dist): 4 20 2.932341713780932
list:
dist: 2.932341713780932 vs. 2.932341713780932
--------
nle(id0,id1,dist): 4 19 1.4681897403682047
list:
dist: 1.4681897403682047 vs. 1.4681897403682047
--------
nle(id0,id1,dist): 4 17 1.832320792718364
list:
dist: 1.832320792718364 vs. 1.832320792718364
--------
nle(id0,id1,dist): 4 16 2.22178101787785
list:
dist: 2.22178101787785 vs. 2.22178101787785
--------
nle(id0,id1,dist): 4 15 0.8717700951318507
list:
dist: 0.8717700951318507 vs. 0.8717700951318507
--------
nle(id0,id1,dist): 4 14 3.0386234611310186
list:
dist: 3.0386234611310186 vs. 3.0386234611310186
--------
nle(id0,id1,dist): 4 13 2.339687331779298
list:
dist: 2.339687331779298 vs. 2.339687331779298
--------
nle(id0,id1,dist): 6 19 2.4460022790435416
list:
dist: 2.4460022790435416 vs. 2.4460022790435416
--------
nle(id0,id1,dist): 6 20 2.692510333485564
list:
dist: 2.692510333485564 vs. 2.692510333485564
--------
nle(id0,id1,dist): 6 21 3.0451160506655013
list:
dist: 3.0451160506655013 vs. 3.0451160506655013
--------
nle(id0,id1,dist): 6 22 2.6142452185522145
list:
dist: 2.6142452185522145 vs. 2.6142452185522145
--------
nle(id0,id1,dist): 6 25 3.260863893012275
list:
dist: 3.260863893012275 vs. 3.260863893012275
--------
nle(id0,id1,dist): 6 26 2.7425121965271866
list:
dist: 2.7425121965271866 vs. 2.7425121965271866
--------
nle(id0,id1,dist): 5 26 3.225304068512861
list:
dist: 3.225304068512861 vs. 3.225304068512861
--------
nle(id0,id1,dist): 5 25 3.24537507985319
list:
dist: 3.24537507985319 vs. 3.24537507985319
--------
nle(id0,id1,dist): 6 14 3.0359537306633873
list:
dist: 3.0359537306633873 vs. 3.0359537306633873
--------
nle(id0,id1,dist): 6 13 2.7930238442101705
list:
dist: 2.7930238442101705 vs. 2.7930238442101705
--------
nle(id0,id1,dist): 6 12 2.305356675342388
list:
dist: 2.305356675342388 vs. 2.305356675342388
--------
nle(id0,id1,dist): 6 11 2.1895825235118735
list:
dist: 2.1895825235118735 vs. 2.1895825235118735
--------
nle(id0,id1,dist): 6 17 2.2196602862396997
list:
dist: 2.2196602862396997 vs. 2.2196602862396997
--------
nle(id0,id1,dist): 6 16 2.6211960926113513
list:
dist: 2.6211960926113513 vs. 2.6211960926113513
--------
nle(id0,id1,dist): 6 15 1.560046545890839
list:
dist: 1.560046545890839 vs. 1.560046545890839
--------
nle(id0,id1,dist): 6 10 1.3009529680312637
list:
dist: 1.3009529680312637 vs. 1.3009529680312637
--------
nle(id0,id1,dist): 6 9 1.993676243467919
list:
dist: 1.993676243467919 vs. 1.993676243467919
--------
nle(id0,id1,dist): 6 8 1.362869556242394
list:
dist: 1.362869556242394 vs. 1.362869556242394
--------
nle(id0,id1,dist): 8 14 2.2168614993855256
list:
dist: 2.2168614993855256 vs. 2.2168614993855256
--------
nle(id0,id1,dist): 8 13 1.6929604641556053
list:
dist: 1.6929604641556053 vs. 1.6929604641556053
--------
nle(id0,id1,dist): 8 16 1.2647531221370174
list:
dist: 1.2647531221370174 vs. 1.2647531221370174
--------
nle(id0,id1,dist): 8 15 1.1342635864432684
list:
dist: 1.1342635864432684 vs. 1.1342635864432684
--------
nle(id0,id1,dist): 8 10 0.9851218175080967
list:
dist: 0.9851218175080967 vs. 0.9851218175080967
--------
nle(id0,id1,dist): 8 9 1.0471612910991108
list:
dist: 1.0471612910991108 vs. 1.0471612910991108
--------
nle(id0,id1,dist): 8 12 1.9018740519873203
list:
dist: 1.9018740519873203 vs. 1.9018740519873203
--------
nle(id0,id1,dist): 8 11 1.2028021854214475
list:
dist: 1.2028021854214475 vs. 1.2028021854214475
--------
nle(id0,id1,dist): 8 22 1.325246271747041
list:
dist: 1.325246271747041 vs. 1.325246271747041
--------
nle(id0,id1,dist): 8 21 1.7394730878396558
list:
dist: 1.7394730878396558 vs. 1.7394730878396558
--------
nle(id0,id1,dist): 8 24 2.8605396616313667
list:
dist: 2.8605396616313667 vs. 2.8605396616313667
--------
nle(id0,id1,dist): 8 23 3.0905846224000655
list:
dist: 3.0905846224000655 vs. 3.0905846224000655
--------
nle(id0,id1,dist): 8 17 0.8762639053989605
list:
dist: 0.8762639053989605 vs. 0.8762639053989605
--------
nle(id0,id1,dist): 8 20 1.5203293293188758
list:
dist: 1.5203293293188758 vs. 1.5203293293188758
--------
nle(id0,id1,dist): 8 19 1.4165827348277116
list:
dist: 1.4165827348277116 vs. 1.4165827348277116
--------
nle(id0,id1,dist): 8 29 3.0491767557053278
list:
dist: 3.0491767557053278 vs. 3.0491767557053278
--------
nle(id0,id1,dist): 8 25 2.0146742955234203
list:
dist: 2.0146742955234203 vs. 2.0146742955234203
--------
nle(id0,id1,dist): 8 26 1.6652564307155266
list:
dist: 1.6652564307155266 vs. 1.6652564307155266
--------
nle(id0,id1,dist): 8 27 2.1259478878036284
list:
dist: 2.1259478878036284 vs. 2.1259478878036284
--------
nle(id0,id1,dist): 10 12 1.8467493711927356
list:
dist: 1.8467493711927356 vs. 1.8467493711927356
--------
nle(id0,id1,dist): 10 11 1.2552067869805434
list:
dist: 1.2552067869805434 vs. 1.2552067869805434
--------
nle(id0,id1,dist): 10 14 2.0111194894946958
list:
dist: 2.0111194894946958 vs. 2.0111194894946958
--------
nle(id0,id1,dist): 10 13 1.6214918020905287
list:
dist: 1.6214918020905287 vs. 1.6214918020905287
--------
nle(id0,id1,dist): 10 15 1.4625401873412622
list:
dist: 1.4625401873412622 vs. 1.4625401873412622
--------
nle(id0,id1,dist): 10 16 1.9129021067146412
list:
dist: 1.9129021067146412 vs. 1.9129021067146412
--------
nle(id0,id1,dist): 10 17 1.4618286051738907
list:
dist: 1.4618286051738907 vs. 1.4618286051738907
--------
nle(id0,id1,dist): 10 19 1.7933974934421844
list:
dist: 1.7933974934421844 vs. 1.7933974934421844
--------
nle(id0,id1,dist): 10 20 2.2364580223831627
list:
dist: 2.2364580223831627 vs. 2.2364580223831627
--------
nle(id0,id1,dist): 10 21 2.1011201227945904
list:
dist: 2.1011201227945904 vs. 2.1011201227945904
--------
nle(id0,id1,dist): 10 22 1.6324888520279732
list:
dist: 1.6324888520279732 vs. 1.6324888520279732
--------
nle(id0,id1,dist): 10 25 2.620446176739704
list:
dist: 2.620446176739704 vs. 2.620446176739704
--------
nle(id0,id1,dist): 10 26 2.571340319672588
list:
dist: 2.571340319672588 vs. 2.571340319672588
--------
nle(id0,id1,dist): 9 11 1.582812829664315
list:
dist: 1.582812829664315 vs. 1.582812829664315
--------
nle(id0,id1,dist): 9 10 1.1514915357198545
list:
dist: 1.1514915357198545 vs. 1.1514915357198545
--------
nle(id0,id1,dist): 9 15 0.9611102609097945
list:
dist: 0.9611102609097945 vs. 0.9611102609097945
--------
nle(id0,id1,dist): 9 14 2.416778621829665
list:
dist: 2.416778621829665 vs. 2.416778621829665
--------
nle(id0,id1,dist): 9 13 1.513323774511118
list:
dist: 1.513323774511118 vs. 1.513323774511118
--------
nle(id0,id1,dist): 9 12 2.609427377987122
list:
dist: 2.609427377987122 vs. 2.609427377987122
--------
nle(id0,id1,dist): 9 19 0.6621799927004057
list:
dist: 0.6621799927004057 vs. 0.6621799927004057
--------
nle(id0,id1,dist): 9 17 0.883528132104292
list:
dist: 0.883528132104292 vs. 0.883528132104292
--------
nle(id0,id1,dist): 9 16 1.2312393277157843
list:
dist: 1.2312393277157843 vs. 1.2312393277157843
--------
nle(id0,id1,dist): 9 22 1.2165243554298286
list:
dist: 1.2165243554298286 vs. 1.2165243554298286
--------
nle(id0,id1,dist): 9 23 2.915465897734696
list:
dist: 2.915465897734696 vs. 2.915465897734696
--------
nle(id0,id1,dist): 9 20 2.1233667562138954
list:
dist: 2.1233667562138954 vs. 2.1233667562138954
--------
nle(id0,id1,dist): 9 21 1.7146253179743667
list:
dist: 1.7146253179743667 vs. 1.7146253179743667
--------
nle(id0,id1,dist): 9 26 1.8396792725194195
list:
dist: 1.8396792725194195 vs. 1.8396792725194195
--------
nle(id0,id1,dist): 9 27 2.4120644664201802
list:
dist: 2.4120644664201802 vs. 2.4120644664201802
--------
nle(id0,id1,dist): 9 24 2.799005269237266
list:
dist: 2.799005269237266 vs. 2.799005269237266
--------
nle(id0,id1,dist): 9 25 2.385904504668412
list:
dist: 2.385904504668412 vs. 2.385904504668412
--------
nle(id0,id1,dist): 9 29 3.032736532417244
list:
dist: 3.032736532417244 vs. 3.032736532417244
--------
nle(id0,id1,dist): 12 20 1.8215341926523063
list:
dist: 1.8215341926523063 vs. 1.8215341926523063
--------
nle(id0,id1,dist): 12 19 3.0971424769116407
list:
dist: 3.0971424769116407 vs. 3.0971424769116407
--------
nle(id0,id1,dist): 12 18 2.398254935227422
list:
dist: 2.398254935227422 vs. 2.398254935227422
--------
nle(id0,id1,dist): 12 17 2.200600861188354
list:
dist: 2.200600861188354 vs. 2.200600861188354
--------
nle(id0,id1,dist): 12 16 2.454014532863655
list:
dist: 2.454014532863655 vs. 2.454014532863655
--------
nle(id0,id1,dist): 12 15 2.9827237859385067
list:
dist: 2.9827237859385067 vs. 2.9827237859385067
--------
nle(id0,id1,dist): 12 14 1.3124101638982963
list:
dist: 1.3124101638982963 vs. 1.3124101638982963
--------
nle(id0,id1,dist): 12 13 1.9323543454799703
list:
dist: 1.9323543454799703 vs. 1.9323543454799703
--------
nle(id0,id1,dist): 11 45 4.275165530580689
list:
dist: 4.275165530580689 vs. 4.275165530580689
--------
nle(id0,id1,dist): 11 41 4.347014776092214
list:
dist: 4.347014776092214 vs. 4.347014776092214
--------
nle(id0,id1,dist): 11 30 3.888464329639374
list:
dist: 3.888464329639374 vs. 3.888464329639374
--------
nle(id0,id1,dist): 11 28 3.162681235966865
list:
dist: 3.162681235966865 vs. 3.162681235966865
--------
nle(id0,id1,dist): 11 26 2.3847298778098858
list:
dist: 2.3847298778098858 vs. 2.3847298778098858
--------
nle(id0,id1,dist): 11 22 0.9245163776592314
list:
dist: 0.9245163776592314 vs. 0.9245163776592314
--------
nle(id0,id1,dist): 11 25 1.532566859370669
list:
dist: 1.532566859370669 vs. 1.532566859370669
--------
nle(id0,id1,dist): 11 19 2.0251088555874164
list:
dist: 2.0251088555874164 vs. 2.0251088555874164
--------
nle(id0,id1,dist): 11 18 1.6832569851695622
list:
dist: 1.6832569851695622 vs. 1.6832569851695622
--------
nle(id0,id1,dist): 11 21 1.1492189913284552
list:
dist: 1.1492189913284552 vs. 1.1492189913284552
--------
nle(id0,id1,dist): 11 20 1.3072447677289543
list:
dist: 1.3072447677289543 vs. 1.3072447677289543
--------
nle(id0,id1,dist): 11 15 2.198909398157189
list:
dist: 2.198909398157189 vs. 2.198909398157189
--------
nle(id0,id1,dist): 11 14 1.0208692301133442
list:
dist: 1.0208692301133442 vs. 1.0208692301133442
--------
nle(id0,id1,dist): 11 17 1.1382162076276634
list:
dist: 1.1382162076276634 vs. 1.1382162076276634
--------
nle(id0,id1,dist): 11 16 1.4104208393266742
list:
dist: 1.4104208393266742 vs. 1.4104208393266742
--------
nle(id0,id1,dist): 11 13 0.8558861534887353
list:
dist: 0.8558861534887353 vs. 0.8558861534887353
--------
nle(id0,id1,dist): 11 12 1.177381388576184
list:
dist: 1.177381388576184 vs. 1.177381388576184
--------
nle(id0,id1,dist): 13 41 3.640999927556964
list:
dist: 3.640999927556964 vs. 3.640999927556964
--------
nle(id0,id1,dist): 13 45 3.4834920829579286
list:
dist: 3.4834920829579286 vs. 3.4834920829579286
--------
nle(id0,id1,dist): 13 26 2.5311206523244727
list:
dist: 2.5311206523244727 vs. 2.5311206523244727
--------
nle(id0,id1,dist): 13 25 1.6690261574079615
list:
dist: 1.6690261574079615 vs. 1.6690261574079615
--------
nle(id0,id1,dist): 13 30 3.078172745771033
list:
dist: 3.078172745771033 vs. 3.078172745771033
--------
nle(id0,id1,dist): 13 28 2.736223813251192
list:
dist: 2.736223813251192 vs. 2.736223813251192
--------
nle(id0,id1,dist): 13 18 1.3900151022981257
list:
dist: 1.3900151022981257 vs. 1.3900151022981257
--------
nle(id0,id1,dist): 13 19 1.8572300402446764
list:
dist: 1.8572300402446764 vs. 1.8572300402446764
--------
nle(id0,id1,dist): 13 16 1.35352786015547
list:
dist: 1.35352786015547 vs. 1.35352786015547
--------
nle(id0,id1,dist): 13 17 1.1991895273485509
list:
dist: 1.1991895273485509 vs. 1.1991895273485509
--------
nle(id0,id1,dist): 13 22 0.6676927908361361
list:
dist: 0.6676927908361361 vs. 0.6676927908361361
--------
nle(id0,id1,dist): 13 20 1.725279899507323
list:
dist: 1.725279899507323 vs. 1.725279899507323
--------
nle(id0,id1,dist): 13 21 0.8384529619594794
list:
dist: 0.8384529619594794 vs. 0.8384529619594794
--------
nle(id0,id1,dist): 13 15 2.38991057096898
list:
dist: 2.38991057096898 vs. 2.38991057096898
--------
nle(id0,id1,dist): 13 14 1.0916081111752638
list:
dist: 1.0916081111752638 vs. 1.0916081111752638
--------
nle(id0,id1,dist): 12 21 2.1729522380335
list:
dist: 2.1729522380335 vs. 2.1729522380335
--------
nle(id0,id1,dist): 12 22 2.0747264873752775
list:
dist: 2.0747264873752775 vs. 2.0747264873752775
--------
nle(id0,id1,dist): 12 25 2.132211543579295
list:
dist: 2.132211543579295 vs. 2.132211543579295
--------
nle(id0,id1,dist): 12 26 3.1973035496300195
list:
dist: 3.1973035496300195 vs. 3.1973035496300195
--------
nle(id0,id1,dist): 12 28 3.9582961987589846
list:
dist: 3.9582961987589846 vs. 3.9582961987589846
--------
nle(id0,id1,dist): 15 29 3.3404954964947797
list:
dist: 3.3404954964947797 vs. 3.3404954964947797
--------
nle(id0,id1,dist): 15 26 1.7528667061767247
list:
dist: 1.7528667061767247 vs. 1.7528667061767247
--------
nle(id0,id1,dist): 15 27 2.4668213598365103
list:
dist: 2.4668213598365103 vs. 2.4668213598365103
--------
nle(id0,id1,dist): 15 24 3.263536205124175
list:
dist: 3.263536205124175 vs. 3.263536205124175
--------
nle(id0,id1,dist): 15 25 2.905922190094178
list:
dist: 2.905922190094178 vs. 2.905922190094178
--------
nle(id0,id1,dist): 15 22 2.0026994643684777
list:
dist: 2.0026994643684777 vs. 2.0026994643684777
--------
nle(id0,id1,dist): 15 23 3.52248382414197
list:
dist: 3.52248382414197 vs. 3.52248382414197
--------
nle(id0,id1,dist): 14 45 4.076224929061974
list:
dist: 4.076224929061974 vs. 4.076224929061974
--------
nle(id0,id1,dist): 15 21 2.4707660414192207
list:
dist: 2.4707660414192207 vs. 2.4707660414192207
--------
nle(id0,id1,dist): 15 20 2.482792331294554
list:
dist: 2.482792331294554 vs. 2.482792331294554
--------
nle(id0,id1,dist): 15 19 1.0777613116379894
list:
dist: 1.0777613116379894 vs. 1.0777613116379894
--------
nle(id0,id1,dist): 15 17 1.4697440877654158
list:
dist: 1.4697440877654158 vs. 1.4697440877654158
--------
nle(id0,id1,dist): 15 16 1.7750765410567846
list:
dist: 1.7750765410567846 vs. 1.7750765410567846
--------
nle(id0,id1,dist): 14 28 3.199285652708066
list:
dist: 3.199285652708066 vs. 3.199285652708066
--------
nle(id0,id1,dist): 14 30 3.478995363915287
list:
dist: 3.478995363915287 vs. 3.478995363915287
--------
nle(id0,id1,dist): 14 41 4.04546490695185
list:
dist: 4.04546490695185 vs. 4.04546490695185
--------
nle(id0,id1,dist): 14 16 2.199216558526366
list:
dist: 2.199216558526366 vs. 2.199216558526366
--------
nle(id0,id1,dist): 14 15 3.155155726535666
list:
dist: 3.155155726535666 vs. 3.155155726535666
--------
nle(id0,id1,dist): 14 18 1.612808332455636
list:
dist: 1.612808332455636 vs. 1.612808332455636
--------
nle(id0,id1,dist): 14 17 2.03140496145414
list:
dist: 2.03140496145414 vs. 2.03140496145414
--------
nle(id0,id1,dist): 14 26 3.2905722347749284
list:
dist: 3.2905722347749284 vs. 3.2905722347749284
--------
nle(id0,id1,dist): 14 25 1.9117278999340788
list:
dist: 1.9117278999340788 vs. 1.9117278999340788
--------
nle(id0,id1,dist): 14 20 1.9639832773730388
list:
dist: 1.9639832773730388 vs. 1.9639832773730388
--------
nle(id0,id1,dist): 14 19 2.8561297970162607
list:
dist: 2.8561297970162607 vs. 2.8561297970162607
--------
nle(id0,id1,dist): 14 22 1.5758849684369625
list:
dist: 1.5758849684369625 vs. 1.5758849684369625
--------
nle(id0,id1,dist): 14 21 1.5494033941092928
list:
dist: 1.5494033941092928 vs. 1.5494033941092928
--------
nle(id0,id1,dist): 17 18 1.852951155449337
list:
dist: 1.852951155449337 vs. 1.852951155449337
--------
nle(id0,id1,dist): 17 19 1.0056733505706554
list:
dist: 1.0056733505706554 vs. 1.0056733505706554
--------
nle(id0,id1,dist): 17 22 0.608580813388551
list:
dist: 0.608580813388551 vs. 0.608580813388551
--------
nle(id0,id1,dist): 17 23 2.270498737959349
list:
dist: 2.270498737959349 vs. 2.270498737959349
--------
nle(id0,id1,dist): 17 20 1.2702733080479536
list:
dist: 1.2702733080479536 vs. 1.2702733080479536
--------
nle(id0,id1,dist): 17 21 1.013664086201878
list:
dist: 1.013664086201878 vs. 1.013664086201878
--------
nle(id0,id1,dist): 17 26 1.3869214609381921
list:
dist: 1.3869214609381921 vs. 1.3869214609381921
--------
nle(id0,id1,dist): 17 27 1.7436118076715685
list:
dist: 1.7436118076715685 vs. 1.7436118076715685
--------
nle(id0,id1,dist): 17 24 2.109143658519166
list:
dist: 2.109143658519166 vs. 2.109143658519166
--------
nle(id0,id1,dist): 17 25 1.5174701106486508
list:
dist: 1.5174701106486508 vs. 1.5174701106486508
--------
nle(id0,id1,dist): 16 43 4.546206428214475
list:
dist: 4.546206428214475 vs. 4.546206428214475
--------
nle(id0,id1,dist): 16 42 4.944065411212467
list:
dist: 4.944065411212467 vs. 4.944065411212467
--------
nle(id0,id1,dist): 16 41 3.907250427726861
list:
dist: 3.907250427726861 vs. 3.907250427726861
--------
nle(id0,id1,dist): 16 45 3.7502474244067807
list:
dist: 3.7502474244067807 vs. 3.7502474244067807
--------
nle(id0,id1,dist): 16 17 0.4529997221245987
list:
dist: 0.4529997221245987 vs. 0.4529997221245987
--------
nle(id0,id1,dist): 16 18 1.651749046806952
list:
dist: 1.651749046806952 vs. 1.651749046806952
--------
nle(id0,id1,dist): 16 19 1.1248143238522539
list:
dist: 1.1248143238522539 vs. 1.1248143238522539
--------
nle(id0,id1,dist): 16 20 1.1740751834372545
list:
dist: 1.1740751834372545 vs. 1.1740751834372545
--------
nle(id0,id1,dist): 16 21 0.8718235709802152
list:
dist: 0.8718235709802152 vs. 0.8718235709802152
--------
nle(id0,id1,dist): 16 22 0.6869706280575962
list:
dist: 0.6869706280575962 vs. 0.6869706280575962
--------
nle(id0,id1,dist): 16 23 1.8461498114143986
list:
dist: 1.8461498114143986 vs. 1.8461498114143986
--------
nle(id0,id1,dist): 16 24 1.657952352822498
list:
dist: 1.657952352822498 vs. 1.657952352822498
--------
nle(id0,id1,dist): 16 25 1.2901682803965275
list:
dist: 1.2901682803965275 vs. 1.2901682803965275
--------
nle(id0,id1,dist): 16 26 1.1978446068148632
list:
dist: 1.1978446068148632 vs. 1.1978446068148632
--------
nle(id0,id1,dist): 16 27 1.4221615312006042
list:
dist: 1.4221615312006042 vs. 1.4221615312006042
--------
nle(id0,id1,dist): 16 28 2.4572933050575494
list:
dist: 2.4572933050575494 vs. 2.4572933050575494
--------
nle(id0,id1,dist): 16 29 1.9354700540104084
list:
dist: 1.9354700540104084 vs. 1.9354700540104084
--------
nle(id0,id1,dist): 16 30 3.7342033679466953
list:
dist: 3.7342033679466953 vs. 3.7342033679466953
--------
nle(id0,id1,dist): 1 3 2.3700925798712866
list:
dist: 2.3700925798712866 vs. 2.3700925798712866
--------
nle(id0,id1,dist): 1 4 1.2546014593822545
list:
dist: 1.2546014593822545 vs. 1.2546014593822545
--------
nle(id0,id1,dist): 1 5 1.4264800739031374
list:
dist: 1.4264800739031374 vs. 1.4264800739031374
--------
nle(id0,id1,dist): 1 6 1.2737914160407524
list:
dist: 1.2737914160407524 vs. 1.2737914160407524
--------
nle(id0,id1,dist): 1 8 2.182253950635837
list:
dist: 2.182253950635837 vs. 2.182253950635837
--------
nle(id0,id1,dist): 1 9 2.217454459882627
list:
dist: 2.217454459882627 vs. 2.217454459882627
--------
nle(id0,id1,dist): 1 10 1.703304277144872
list:
dist: 1.703304277144872 vs. 1.703304277144872
--------
nle(id0,id1,dist): 2 5 1.339299588791597
list:
dist: 1.339299588791597 vs. 1.339299588791597
--------
nle(id0,id1,dist): 2 6 2.2244360850764737
list:
dist: 2.2244360850764737 vs. 2.2244360850764737
--------
nle(id0,id1,dist): 2 3 0.6126654330828917
list:
dist: 0.6126654330828917 vs. 0.6126654330828917
--------
nle(id0,id1,dist): 2 4 2.601922599687563
list:
dist: 2.601922599687563 vs. 2.601922599687563
--------
nle(id0,id1,dist): 1 15 1.7664735212449467
list:
dist: 1.7664735212449467 vs. 1.7664735212449467
--------
nle(id0,id1,dist): 1 19 2.6683614284702912
list:
dist: 2.6683614284702912 vs. 2.6683614284702912
--------
nle(id0,id1,dist): 1 26 3.4425600369330893
list:
dist: 3.4425600369330893 vs. 3.4425600369330893
--------
nle(id0,id1,dist): 2 28 4.686853810215362
list:
dist: 4.686853810215362 vs. 4.686853810215362
--------
nle(id0,id1,dist): 2 25 3.102097840823696
list:
dist: 3.102097840823696 vs. 3.102097840823696
--------
nle(id0,id1,dist): 2 26 3.8286521031949143
list:
dist: 3.8286521031949143 vs. 3.8286521031949143
--------
nle(id0,id1,dist): 2 12 1.3322167782146268
list:
dist: 1.3322167782146268 vs. 1.3322167782146268
--------
nle(id0,id1,dist): 2 11 1.6510060332433691
list:
dist: 1.6510060332433691 vs. 1.6510060332433691
--------
nle(id0,id1,dist): 2 14 1.618715263478818
list:
dist: 1.618715263478818 vs. 1.618715263478818
--------
nle(id0,id1,dist): 2 13 2.0986876787641005
list:
dist: 2.0986876787641005 vs. 2.0986876787641005
--------
nle(id0,id1,dist): 2 8 2.2352583640506367
list:
dist: 2.2352583640506367 vs. 2.2352583640506367
--------
nle(id0,id1,dist): 2 10 1.5406628574429964
list:
dist: 1.5406628574429964 vs. 1.5406628574429964
--------
nle(id0,id1,dist): 2 9 2.5767869761184374
list:
dist: 2.5767869761184374 vs. 2.5767869761184374
--------
nle(id0,id1,dist): 2 20 2.8263415780033334
list:
dist: 2.8263415780033334 vs. 2.8263415780033334
--------
nle(id0,id1,dist): 2 19 3.2118834405287977
list:
dist: 3.2118834405287977 vs. 3.2118834405287977
--------
nle(id0,id1,dist): 2 22 2.468363645035631
list:
dist: 2.468363645035631 vs. 2.468363645035631
--------
nle(id0,id1,dist): 2 21 2.735351795482467
list:
dist: 2.735351795482467 vs. 2.735351795482467
--------
nle(id0,id1,dist): 2 16 2.980629470588322
list:
dist: 2.980629470588322 vs. 2.980629470588322
--------
nle(id0,id1,dist): 2 15 2.9916960472747958
list:
dist: 2.9916960472747958 vs. 2.9916960472747958
--------
nle(id0,id1,dist): 2 18 3.1162318553735866
list:
dist: 3.1162318553735866 vs. 3.1162318553735866
--------
nle(id0,id1,dist): 2 17 2.6043091942843177
list:
dist: 2.6043091942843177 vs. 2.6043091942843177
--------
nle(id0,id1,dist): 3 6 2.212394588896224
list:
dist: 2.212394588896224 vs. 2.212394588896224
--------
nle(id0,id1,dist): 3 5 1.1441242929267477
list:
dist: 1.1441242929267477 vs. 1.1441242929267477
--------
nle(id0,id1,dist): 3 14 2.1281495031446735
list:
dist: 2.1281495031446735 vs. 2.1281495031446735
--------
nle(id0,id1,dist): 3 13 2.4355238135572947
list:
dist: 2.4355238135572947 vs. 2.4355238135572947
--------
nle(id0,id1,dist): 3 12 1.9105046981954508
list:
dist: 1.9105046981954508 vs. 1.9105046981954508
--------
nle(id0,id1,dist): 3 11 2.0841532239374985
list:
dist: 2.0841532239374985 vs. 2.0841532239374985
--------
nle(id0,id1,dist): 3 10 1.6002614326594045
list:
dist: 1.6002614326594045 vs. 1.6002614326594045
--------
nle(id0,id1,dist): 37 48 2.7275409730130122
list:
dist: 2.7275409730130122 vs. 2.7275409730130122
--------
nle(id0,id1,dist): 37 49 2.210299537675515
list:
dist: 2.210299537675515 vs. 2.210299537675515
--------
nle(id0,id1,dist): 37 55 1.7852037826882001
list:
dist: 1.7852037826882001 vs. 1.7852037826882001
--------
nle(id0,id1,dist): 37 40 2.7932344993109277
list:
dist: 2.7932344993109277 vs. 2.7932344993109277
--------
nle(id0,id1,dist): 37 41 1.3369937623072488
list:
dist: 1.3369937623072488 vs. 1.3369937623072488
--------
nle(id0,id1,dist): 37 42 2.3213746535025104
list:
dist: 2.3213746535025104 vs. 2.3213746535025104
--------
nle(id0,id1,dist): 37 43 1.894115517447571
list:
dist: 1.894115517447571 vs. 1.894115517447571
--------
nle(id0,id1,dist): 37 44 1.8742298810590983
list:
dist: 1.8742298810590983 vs. 1.8742298810590983
--------
nle(id0,id1,dist): 37 45 1.9429796791716836
list:
dist: 1.9429796791716836 vs. 1.9429796791716836
--------
nle(id0,id1,dist): 37 46 1.8224718718555057
list:
dist: 1.8224718718555057 vs. 1.8224718718555057
--------
nle(id0,id1,dist): 37 47 2.6013375537533316
list:
dist: 2.6013375537533316 vs. 2.6013375537533316
--------
nle(id0,id1,dist): 37 39 1.0064539988456476
list:
dist: 1.0064539988456476 vs. 1.0064539988456476
--------
nle(id0,id1,dist): 36 55 1.4126906406598887
list:
dist: 1.4126906406598887 vs. 1.4126906406598887
--------
nle(id0,id1,dist): 36 56 3.13809580818424
list:
dist: 3.13809580818424 vs. 3.13809580818424
--------
nle(id0,id1,dist): 36 53 3.745799869081181
list:
dist: 3.745799869081181 vs. 3.745799869081181
--------
nle(id0,id1,dist): 36 59 2.7512666445046197
list:
dist: 2.7512666445046197 vs. 2.7512666445046197
--------
nle(id0,id1,dist): 36 57 2.3951463386894054
list:
dist: 2.3951463386894054 vs. 2.3951463386894054
--------
nle(id0,id1,dist): 36 47 2.072782817389004
list:
dist: 2.072782817389004 vs. 2.072782817389004
--------
nle(id0,id1,dist): 36 48 2.0420977910713676
list:
dist: 2.0420977910713676 vs. 2.0420977910713676
--------
nle(id0,id1,dist): 36 45 1.7959966128733698
list:
dist: 1.7959966128733698 vs. 1.7959966128733698
--------
nle(id0,id1,dist): 36 46 1.7325663948839158
list:
dist: 1.7325663948839158 vs. 1.7325663948839158
--------
nle(id0,id1,dist): 36 49 2.1363695396593303
list:
dist: 2.1363695396593303 vs. 2.1363695396593303
--------
nle(id0,id1,dist): 36 40 2.3779941985750073
list:
dist: 2.3779941985750073 vs. 2.3779941985750073
--------
nle(id0,id1,dist): 36 39 0.9250727532013676
list:
dist: 0.9250727532013676 vs. 0.9250727532013676
--------
nle(id0,id1,dist): 36 38 2.420508718529729
list:
dist: 2.420508718529729 vs. 2.420508718529729
--------
nle(id0,id1,dist): 36 37 1.0857739026287558
list:
dist: 1.0857739026287558 vs. 1.0857739026287558
--------
nle(id0,id1,dist): 36 44 2.5137901027836307
list:
dist: 2.5137901027836307 vs. 2.5137901027836307
--------
nle(id0,id1,dist): 36 43 1.821418191125285
list:
dist: 1.821418191125285 vs. 1.821418191125285
--------
nle(id0,id1,dist): 36 42 2.3222852073051374
list:
dist: 2.3222852073051374 vs. 2.3222852073051374
--------
nle(id0,id1,dist): 36 41 1.7463345285973235
list:
dist: 1.7463345285973235 vs. 1.7463345285973235
--------
nle(id0,id1,dist): 35 59 3.6247040127410797
list:
dist: 3.6247040127410797 vs. 3.6247040127410797
--------
nle(id0,id1,dist): 35 55 2.1808139462181786
list:
dist: 2.1808139462181786 vs. 2.1808139462181786
--------
nle(id0,id1,dist): 35 56 3.36287603933184
list:
dist: 3.36287603933184 vs. 3.36287603933184
--------
nle(id0,id1,dist): 35 57 3.10981035277411
list:
dist: 3.10981035277411 vs. 3.10981035277411
--------
nle(id0,id1,dist): 35 51 3.398248451309114
list:
dist: 3.398248451309114 vs. 3.398248451309114
--------
nle(id0,id1,dist): 35 53 4.093491892046012
list:
dist: 4.093491892046012 vs. 4.093491892046012
--------
nle(id0,id1,dist): 35 47 2.7616696513180408
list:
dist: 2.7616696513180408 vs. 2.7616696513180408
--------
nle(id0,id1,dist): 35 46 2.6184345744937594
list:
dist: 2.6184345744937594 vs. 2.6184345744937594
--------
nle(id0,id1,dist): 35 49 2.9862089034010726
list:
dist: 2.9862089034010726 vs. 2.9862089034010726
--------
nle(id0,id1,dist): 35 48 2.620232139005786
list:
dist: 2.620232139005786 vs. 2.620232139005786
--------
nle(id0,id1,dist): 35 43 2.2001971883007876
list:
dist: 2.2001971883007876 vs. 2.2001971883007876
--------
nle(id0,id1,dist): 35 42 2.8600267952095204
list:
dist: 2.8600267952095204 vs. 2.8600267952095204
--------
nle(id0,id1,dist): 35 45 1.4804186572543665
list:
dist: 1.4804186572543665 vs. 1.4804186572543665
--------
nle(id0,id1,dist): 35 44 3.146154719222288
list:
dist: 3.146154719222288 vs. 3.146154719222288
--------
nle(id0,id1,dist): 35 39 1.864509768722386
list:
dist: 1.864509768722386 vs. 1.864509768722386
--------
nle(id0,id1,dist): 35 38 2.7729151549652737
list:
dist: 2.7729151549652737 vs. 2.7729151549652737
--------
nle(id0,id1,dist): 35 41 1.6792863570603207
list:
dist: 1.6792863570603207 vs. 1.6792863570603207
--------
nle(id0,id1,dist): 35 40 2.363362865901537
list:
dist: 2.363362865901537 vs. 2.363362865901537
--------
nle(id0,id1,dist): 35 37 1.5219047086661706
list:
dist: 1.5219047086661706 vs. 1.5219047086661706
--------
nle(id0,id1,dist): 35 36 1.0087661196465443
list:
dist: 1.0087661196465443 vs. 1.0087661196465443
--------
nle(id0,id1,dist): 34 59 2.6596432311915352
list:
dist: 2.6596432311915352 vs. 2.6596432311915352
--------
nle(id0,id1,dist): 34 57 1.9161890920270872
list:
dist: 1.9161890920270872 vs. 1.9161890920270872
--------
nle(id0,id1,dist): 34 55 1.2826694400315863
list:
dist: 1.2826694400315863 vs. 1.2826694400315863
--------
nle(id0,id1,dist): 34 56 1.90135157141812
list:
dist: 1.90135157141812 vs. 1.90135157141812
--------
nle(id0,id1,dist): 34 53 3.4705226805990925
list:
dist: 3.4705226805990925 vs. 3.4705226805990925
--------
nle(id0,id1,dist): 34 51 2.0089258446424565
list:
dist: 2.0089258446424565 vs. 2.0089258446424565
--------
nle(id0,id1,dist): 34 49 2.1230284379801523
list:
dist: 2.1230284379801523 vs. 2.1230284379801523
--------
nle(id0,id1,dist): 34 48 1.4217428488065922
list:
dist: 1.4217428488065922 vs. 1.4217428488065922
--------
nle(id0,id1,dist): 34 47 1.5906065532425895
list:
dist: 1.5906065532425895 vs. 1.5906065532425895
--------
nle(id0,id1,dist): 34 46 1.923700403052002
list:
dist: 1.923700403052002 vs. 1.923700403052002
--------
nle(id0,id1,dist): 34 45 0.9254097200892835
list:
dist: 0.9254097200892835 vs. 0.9254097200892835
--------
nle(id0,id1,dist): 34 44 2.6535212661744465
list:
dist: 2.6535212661744465 vs. 2.6535212661744465
--------
nle(id0,id1,dist): 34 43 1.0547157654543116
list:
dist: 1.0547157654543116 vs. 1.0547157654543116
--------
nle(id0,id1,dist): 33 80 3.3916781107717444
list:
dist: 3.3916781107717444 vs. 3.3916781107717444
--------
nle(id0,id1,dist): 34 42 1.6871381016211715
list:
dist: 1.6871381016211715 vs. 1.6871381016211715
--------
nle(id0,id1,dist): 34 41 1.4978030835840448
list:
dist: 1.4978030835840448 vs. 1.4978030835840448
--------
nle(id0,id1,dist): 34 40 0.990948238647432
list:
dist: 0.990948238647432 vs. 0.990948238647432
--------
nle(id0,id1,dist): 34 39 2.0495891899422283
list:
dist: 2.0495891899422283 vs. 2.0495891899422283
--------
nle(id0,id1,dist): 33 61 2.5304408426481677
list:
dist: 2.5304408426481677 vs. 2.5304408426481677
--------
nle(id0,id1,dist): 33 62 1.8212401969156518
list:
dist: 1.8212401969156518 vs. 1.8212401969156518
--------
nle(id0,id1,dist): 34 36 1.3949433722655267
list:
dist: 1.3949433722655267 vs. 1.3949433722655267
--------
nle(id0,id1,dist): 33 73 2.6195422705747724
list:
dist: 2.6195422705747724 vs. 2.6195422705747724
--------
nle(id0,id1,dist): 34 35 1.4832625362576441
list:
dist: 1.4832625362576441 vs. 1.4832625362576441
--------
nle(id0,id1,dist): 33 72 3.0570369440163936
list:
dist: 3.0570369440163936 vs. 3.0570369440163936
--------
nle(id0,id1,dist): 34 38 2.570671166743672
list:
dist: 2.570671166743672 vs. 2.570671166743672
--------
nle(id0,id1,dist): 34 37 1.9603952873463713
list:
dist: 1.9603952873463713 vs. 1.9603952873463713
--------
nle(id0,id1,dist): 33 47 4.580146769002614
list:
dist: 4.580146769002614 vs. 4.580146769002614
--------
nle(id0,id1,dist): 33 48 4.117476061096288
list:
dist: 4.117476061096288 vs. 4.117476061096288
--------
nle(id0,id1,dist): 33 51 3.7553549577953893
list:
dist: 3.7553549577953893 vs. 3.7553549577953893
--------
nle(id0,id1,dist): 33 53 2.303914930429648
list:
dist: 2.303914930429648 vs. 2.303914930429648
--------
nle(id0,id1,dist): 33 55 4.942516267309795
list:
dist: 4.942516267309795 vs. 4.942516267309795
--------
nle(id0,id1,dist): 33 56 4.898046070782525
list:
dist: 4.898046070782525 vs. 4.898046070782525
--------
nle(id0,id1,dist): 33 57 5.113031354674891
list:
dist: 5.113031354674891 vs. 5.113031354674891
--------
nle(id0,id1,dist): 33 35 4.643840035603879
list:
dist: 4.643840035603879 vs. 4.643840035603879
--------
nle(id0,id1,dist): 33 34 4.3140946474468995
list:
dist: 4.3140946474468995 vs. 4.3140946474468995
--------
nle(id0,id1,dist): 33 38 2.870994502148309
list:
dist: 2.870994502148309 vs. 2.870994502148309
--------
nle(id0,id1,dist): 33 40 4.36036604312895
list:
dist: 4.36036604312895 vs. 4.36036604312895
--------
nle(id0,id1,dist): 32 51 2.9672686117818436
list:
dist: 2.9672686117818436 vs. 2.9672686117818436
--------
nle(id0,id1,dist): 32 49 3.317189911680353
list:
dist: 3.317189911680353 vs. 3.317189911680353
--------
nle(id0,id1,dist): 32 55 2.46073782521924
list:
dist: 2.46073782521924 vs. 2.46073782521924
--------
nle(id0,id1,dist): 32 56 3.026948373802498
list:
dist: 3.026948373802498 vs. 3.026948373802498
--------
nle(id0,id1,dist): 32 53 4.033937585556667
list:
dist: 4.033937585556667 vs. 4.033937585556667
--------
nle(id0,id1,dist): 32 59 3.9140889903676492
list:
dist: 3.9140889903676492 vs. 3.9140889903676492
--------
nle(id0,id1,dist): 32 57 3.2343010206250655
list:
dist: 3.2343010206250655 vs. 3.2343010206250655
--------
nle(id0,id1,dist): 32 38 2.928262006391869
list:
dist: 2.928262006391869 vs. 2.928262006391869
--------
nle(id0,id1,dist): 32 37 2.2075200272370763
list:
dist: 2.2075200272370763 vs. 2.2075200272370763
--------
nle(id0,id1,dist): 32 40 1.9168366728174089
list:
dist: 1.9168366728174089 vs. 1.9168366728174089
--------
nle(id0,id1,dist): 32 39 2.5876114421387855
list:
dist: 2.5876114421387855 vs. 2.5876114421387855
--------
nle(id0,id1,dist): 32 34 1.335141793674623
list:
dist: 1.335141793674623 vs. 1.335141793674623
--------
nle(id0,id1,dist): 32 33 4.263125365727216
list:
dist: 4.263125365727216 vs. 4.263125365727216
--------
nle(id0,id1,dist): 32 36 1.696560703501627
list:
dist: 1.696560703501627 vs. 1.696560703501627
--------
nle(id0,id1,dist): 32 35 0.8879618560124848
list:
dist: 0.8879618560124848 vs. 0.8879618560124848
--------
nle(id0,id1,dist): 32 46 3.0251905618011157
list:
dist: 3.0251905618011157 vs. 3.0251905618011157
--------
nle(id0,id1,dist): 32 45 1.142861297337723
list:
dist: 1.142861297337723 vs. 1.142861297337723
--------
nle(id0,id1,dist): 32 48 2.6431387114261553
list:
dist: 2.6431387114261553 vs. 2.6431387114261553
--------
nle(id0,id1,dist): 32 47 2.8723325299216906
list:
dist: 2.8723325299216906 vs. 2.8723325299216906
--------
nle(id0,id1,dist): 32 42 2.923904326165282
list:
dist: 2.923904326165282 vs. 2.923904326165282
--------
nle(id0,id1,dist): 32 41 1.7913065129953636
list:
dist: 1.7913065129953636 vs. 1.7913065129953636
--------
nle(id0,id1,dist): 32 44 3.5370839843470074
list:
dist: 3.5370839843470074 vs. 3.5370839843470074
--------
nle(id0,id1,dist): 32 43 2.219047578263268
list:
dist: 2.219047578263268 vs. 2.219047578263268
--------
nle(id0,id1,dist): 31 59 3.1365694009729346
list:
dist: 3.1365694009729346 vs. 3.1365694009729346
--------
nle(id0,id1,dist): 31 55 1.683115133011841
list:
dist: 1.683115133011841 vs. 1.683115133011841
--------
nle(id0,id1,dist): 31 56 2.8186637134797494
list:
dist: 2.8186637134797494 vs. 2.8186637134797494
--------
nle(id0,id1,dist): 31 57 2.5845791922100623
list:
dist: 2.5845791922100623 vs. 2.5845791922100623
--------
nle(id0,id1,dist): 31 45 1.0032656385953052
list:
dist: 1.0032656385953052 vs. 1.0032656385953052
--------
nle(id0,id1,dist): 31 44 2.594855165755409
list:
dist: 2.594855165755409 vs. 2.594855165755409
--------
nle(id0,id1,dist): 31 43 1.5714797487887087
list:
dist: 1.5714797487887087 vs. 1.5714797487887087
--------
nle(id0,id1,dist): 31 42 2.239664168112967
list:
dist: 2.239664168112967 vs. 2.239664168112967
--------
nle(id0,id1,dist): 31 41 1.1357486881049337
list:
dist: 1.1357486881049337 vs. 1.1357486881049337
--------
nle(id0,id1,dist): 31 40 1.8946266838887185
list:
dist: 1.8946266838887185 vs. 1.8946266838887185
--------
nle(id0,id1,dist): 31 39 1.6451047766085127
list:
dist: 1.6451047766085127 vs. 1.6451047766085127
--------
nle(id0,id1,dist): 31 38 2.8727577476224324
list:
dist: 2.8727577476224324 vs. 2.8727577476224324
--------
nle(id0,id1,dist): 31 53 4.079583010214704
list:
dist: 4.079583010214704 vs. 4.079583010214704
--------
nle(id0,id1,dist): 31 51 3.0166396850780663
list:
dist: 3.0166396850780663 vs. 3.0166396850780663
--------
nle(id0,id1,dist): 31 49 2.4709662722301933
list:
dist: 2.4709662722301933 vs. 2.4709662722301933
--------
nle(id0,id1,dist): 31 48 2.2242142123603896
list:
dist: 2.2242142123603896 vs. 2.2242142123603896
--------
nle(id0,id1,dist): 31 47 2.3045871155379953
list:
dist: 2.3045871155379953 vs. 2.3045871155379953
--------
nle(id0,id1,dist): 31 46 2.135611494926995
list:
dist: 2.135611494926995 vs. 2.135611494926995
--------
nle(id0,id1,dist): 30 59 4.1794826246707695
list:
dist: 4.1794826246707695 vs. 4.1794826246707695
--------
nle(id0,id1,dist): 31 36 0.8741827831569644
list:
dist: 0.8741827831569644 vs. 0.8741827831569644
--------
nle(id0,id1,dist): 31 37 1.236142797357753
list:
dist: 1.236142797357753 vs. 1.236142797357753
--------
nle(id0,id1,dist): 31 34 1.0130571096603598
list:
dist: 1.0130571096603598 vs. 1.0130571096603598
--------
nle(id0,id1,dist): 31 35 0.6436066890479833
list:
dist: 0.6436066890479833 vs. 0.6436066890479833
--------
nle(id0,id1,dist): 31 32 1.0178436567700637
list:
dist: 1.0178436567700637 vs. 1.0178436567700637
--------
nle(id0,id1,dist): 31 33 4.815383767614859
list:
dist: 4.815383767614859 vs. 4.815383767614859
--------
nle(id0,id1,dist): 43 59 2.066920551199614
list:
dist: 2.066920551199614 vs. 2.066920551199614
--------
nle(id0,id1,dist): 43 58 2.9073214016865845
list:
dist: 2.9073214016865845 vs. 2.9073214016865845
--------
nle(id0,id1,dist): 44 47 2.4536822588948604
list:
dist: 2.4536822588948604 vs. 2.4536822588948604
--------
nle(id0,id1,dist): 44 48 2.829601926583841
list:
dist: 2.829601926583841 vs. 2.829601926583841
--------
nle(id0,id1,dist): 44 45 2.6991436590101854
list:
dist: 2.6991436590101854 vs. 2.6991436590101854
--------
nle(id0,id1,dist): 44 46 1.4853924663769311
list:
dist: 1.4853924663769311 vs. 1.4853924663769311
--------
nle(id0,id1,dist): 44 52 2.979002603331635
list:
dist: 2.979002603331635 vs. 2.979002603331635
--------
nle(id0,id1,dist): 44 49 1.5142011412713614
list:
dist: 1.5142011412713614 vs. 1.5142011412713614
--------
nle(id0,id1,dist): 44 50 2.41207144063724
list:
dist: 2.41207144063724 vs. 2.41207144063724
--------
nle(id0,id1,dist): 43 50 1.7215030928155828
list:
dist: 1.7215030928155828 vs. 1.7215030928155828
--------
nle(id0,id1,dist): 43 51 2.23112915876834
list:
dist: 2.23112915876834 vs. 2.23112915876834
--------
nle(id0,id1,dist): 43 52 1.981300149379506
list:
dist: 1.981300149379506 vs. 1.981300149379506
--------
nle(id0,id1,dist): 43 54 1.871969055543967
list:
dist: 1.871969055543967 vs. 1.871969055543967
--------
nle(id0,id1,dist): 43 55 0.9986522212990905
list:
dist: 0.9986522212990905 vs. 0.9986522212990905
--------
nle(id0,id1,dist): 43 56 1.55058195253595
list:
dist: 1.55058195253595 vs. 1.55058195253595
--------
nle(id0,id1,dist): 43 57 1.3757581706998911
list:
dist: 1.3757581706998911 vs. 1.3757581706998911
--------
nle(id0,id1,dist): 43 44 1.774133542870949
list:
dist: 1.774133542870949 vs. 1.774133542870949
--------
nle(id0,id1,dist): 43 45 1.3082871917246102
list:
dist: 1.3082871917246102 vs. 1.3082871917246102
--------
nle(id0,id1,dist): 43 46 1.4064794156295435
list:
dist: 1.4064794156295435 vs. 1.4064794156295435
--------
nle(id0,id1,dist): 43 47 1.4000137763466864
list:
dist: 1.4000137763466864 vs. 1.4000137763466864
--------
nle(id0,id1,dist): 43 48 1.5413441513484536
list:
dist: 1.5413441513484536 vs. 1.5413441513484536
--------
nle(id0,id1,dist): 43 49 1.4735077335245745
list:
dist: 1.4735077335245745 vs. 1.4735077335245745
--------
nle(id0,id1,dist): 42 46 1.26170097595459
list:
dist: 1.26170097595459 vs. 1.26170097595459
--------
nle(id0,id1,dist): 42 45 2.0087765211995334
list:
dist: 2.0087765211995334 vs. 2.0087765211995334
--------
nle(id0,id1,dist): 42 44 1.5706264378782315
list:
dist: 1.5706264378782315 vs. 1.5706264378782315
--------
nle(id0,id1,dist): 42 43 0.7157231358457071
list:
dist: 0.7157231358457071 vs. 0.7157231358457071
--------
nle(id0,id1,dist): 42 59 1.5754162993400098
list:
dist: 1.5754162993400098 vs. 1.5754162993400098
--------
nle(id0,id1,dist): 42 57 0.9708040086954265
list:
dist: 0.9708040086954265 vs. 0.9708040086954265
--------
nle(id0,id1,dist): 42 58 2.322659094071327
list:
dist: 2.322659094071327 vs. 2.322659094071327
--------
nle(id0,id1,dist): 42 55 1.1201424755953302
list:
dist: 1.1201424755953302 vs. 1.1201424755953302
--------
nle(id0,id1,dist): 42 56 1.4802798271383417
list:
dist: 1.4802798271383417 vs. 1.4802798271383417
--------
nle(id0,id1,dist): 42 54 1.17595487358821
list:
dist: 1.17595487358821 vs. 1.17595487358821
--------
nle(id0,id1,dist): 42 51 2.3263742343724707
list:
dist: 2.3263742343724707 vs. 2.3263742343724707
--------
nle(id0,id1,dist): 42 52 1.5764255200707442
list:
dist: 1.5764255200707442 vs. 1.5764255200707442
--------
nle(id0,id1,dist): 42 49 1.1131024830930685
list:
dist: 1.1131024830930685 vs. 1.1131024830930685
--------
nle(id0,id1,dist): 42 50 1.2528388563160193
list:
dist: 1.2528388563160193 vs. 1.2528388563160193
--------
nle(id0,id1,dist): 42 47 1.2863219888811197
list:
dist: 1.2863219888811197 vs. 1.2863219888811197
--------
nle(id0,id1,dist): 42 48 1.596303921831618
list:
dist: 1.596303921831618 vs. 1.596303921831618
--------
nle(id0,id1,dist): 41 49 2.432844871294995
list:
dist: 2.432844871294995 vs. 2.432844871294995
--------
nle(id0,id1,dist): 41 48 2.6423968645818343
list:
dist: 2.6423968645818343 vs. 2.6423968645818343
--------
nle(id0,id1,dist): 41 51 3.238096106222583
list:
dist: 3.238096106222583 vs. 3.238096106222583
--------
nle(id0,id1,dist): 41 45 0.9511885277170042
list:
dist: 0.9511885277170042 vs. 0.9511885277170042
--------
nle(id0,id1,dist): 41 44 1.9864997962785953
list:
dist: 1.9864997962785953 vs. 1.9864997962785953
--------
nle(id0,id1,dist): 41 47 2.5725725764106393
list:
dist: 2.5725725764106393 vs. 2.5725725764106393
--------
nle(id0,id1,dist): 41 46 2.199940190743537
list:
dist: 2.199940190743537 vs. 2.199940190743537
--------
nle(id0,id1,dist): 41 43 1.301231010222511
list:
dist: 1.301231010222511 vs. 1.301231010222511
--------
nle(id0,id1,dist): 41 42 1.8869577358996832
list:
dist: 1.8869577358996832 vs. 1.8869577358996832
--------
nle(id0,id1,dist): 41 56 2.613630065792364
list:
dist: 2.613630065792364 vs. 2.613630065792364
--------
nle(id0,id1,dist): 41 57 2.6140379968848992
list:
dist: 2.6140379968848992 vs. 2.6140379968848992
--------
nle(id0,id1,dist): 41 59 3.1510143448712875
list:
dist: 3.1510143448712875 vs. 3.1510143448712875
--------
nle(id0,id1,dist): 41 55 1.9151224096090549
list:
dist: 1.9151224096090549 vs. 1.9151224096090549
--------
nle(id0,id1,dist): 40 43 1.2532033376699374
list:
dist: 1.2532033376699374 vs. 1.2532033376699374
--------
nle(id0,id1,dist): 40 44 3.0151067151166386
list:
dist: 3.0151067151166386 vs. 3.0151067151166386
--------
nle(id0,id1,dist): 40 41 1.9404066808880498
list:
dist: 1.9404066808880498 vs. 1.9404066808880498
--------
nle(id0,id1,dist): 40 42 1.695770797173756
list:
dist: 1.695770797173756 vs. 1.695770797173756
--------
nle(id0,id1,dist): 40 47 1.8337472706564326
list:
dist: 1.8337472706564326 vs. 1.8337472706564326
--------
nle(id0,id1,dist): 40 48 1.6532340530347172
list:
dist: 1.6532340530347172 vs. 1.6532340530347172
--------
nle(id0,id1,dist): 40 45 1.2306391988263783
list:
dist: 1.2306391988263783 vs. 1.2306391988263783
--------
nle(id0,id1,dist): 40 46 2.4619404039473007
list:
dist: 2.4619404039473007 vs. 2.4619404039473007
--------
nle(id0,id1,dist): 40 51 1.3578270038475404
list:
dist: 1.3578270038475404 vs. 1.3578270038475404
--------
nle(id0,id1,dist): 40 52 2.101762728443464
list:
dist: 2.101762728443464 vs. 2.101762728443464
--------
nle(id0,id1,dist): 40 49 2.4998097420037735
list:
dist: 2.4998097420037735 vs. 2.4998097420037735
--------
nle(id0,id1,dist): 40 50 2.0610249959339053
list:
dist: 2.0610249959339053 vs. 2.0610249959339053
--------
nle(id0,id1,dist): 40 55 1.8571934155313492
list:
dist: 1.8571934155313492 vs. 1.8571934155313492
--------
nle(id0,id1,dist): 40 56 1.1280113275878354
list:
dist: 1.1280113275878354 vs. 1.1280113275878354
--------
nle(id0,id1,dist): 40 53 3.674583270106501
list:
dist: 3.674583270106501 vs. 3.674583270106501
--------
nle(id0,id1,dist): 40 54 2.7229853297778033
list:
dist: 2.7229853297778033 vs. 2.7229853297778033
--------
nle(id0,id1,dist): 40 59 2.9041162762919783
list:
dist: 2.9041162762919783 vs. 2.9041162762919783
--------
nle(id0,id1,dist): 40 58 3.1086247046539923
list:
dist: 3.1086247046539923 vs. 3.1086247046539923
--------
nle(id0,id1,dist): 40 57 2.0275947825322262
list:
dist: 2.0275947825322262 vs. 2.0275947825322262
--------
nle(id0,id1,dist): 39 46 1.3195915131716085
list:
dist: 1.3195915131716085 vs. 1.3195915131716085
--------
nle(id0,id1,dist): 39 47 2.1317206405813427
list:
dist: 2.1317206405813427 vs. 2.1317206405813427
--------
nle(id0,id1,dist): 39 48 2.2818768035821937
list:
dist: 2.2818768035821937 vs. 2.2818768035821937
--------
nle(id0,id1,dist): 39 49 1.7517188125601357
list:
dist: 1.7517188125601357 vs. 1.7517188125601357
--------
nle(id0,id1,dist): 39 53 4.115225528798339
list:
dist: 4.115225528798339 vs. 4.115225528798339
--------
nle(id0,id1,dist): 39 55 1.4068072130437166
list:
dist: 1.4068072130437166 vs. 1.4068072130437166
--------
nle(id0,id1,dist): 39 56 3.452898435126975
list:
dist: 3.452898435126975 vs. 3.452898435126975
--------
nle(id0,id1,dist): 39 57 2.3002102778255087
list:
dist: 2.3002102778255087 vs. 2.3002102778255087
--------
nle(id0,id1,dist): 39 59 2.3522936663925895
list:
dist: 2.3522936663925895 vs. 2.3522936663925895
--------
nle(id0,id1,dist): 38 57 3.0246216016574117
list:
dist: 3.0246216016574117 vs. 3.0246216016574117
--------
nle(id0,id1,dist): 38 55 2.624913646808627
list:
dist: 2.624913646808627 vs. 2.624913646808627
--------
nle(id0,id1,dist): 38 56 3.715397590399608
list:
dist: 3.715397590399608 vs. 3.715397590399608
--------
nle(id0,id1,dist): 38 53 1.5257034581814006
list:
dist: 1.5257034581814006 vs. 1.5257034581814006
--------
nle(id0,id1,dist): 38 51 3.019913325421169
list:
dist: 3.019913325421169 vs. 3.019913325421169
--------
nle(id0,id1,dist): 38 62 3.777389808927733
list:
dist: 3.777389808927733 vs. 3.777389808927733
--------
nle(id0,id1,dist): 38 59 3.361538197989719
list:
dist: 3.361538197989719 vs. 3.361538197989719
--------
nle(id0,id1,dist): 38 73 4.267678812603509
list:
dist: 4.267678812603509 vs. 4.267678812603509
--------
nle(id0,id1,dist): 38 72 4.4400474359267825
list:
dist: 4.4400474359267825 vs. 4.4400474359267825
--------
nle(id0,id1,dist): 39 45 2.4470059318260367
list:
dist: 2.4470059318260367 vs. 2.4470059318260367
--------
nle(id0,id1,dist): 39 44 2.038741480753091
list:
dist: 2.038741480753091 vs. 2.038741480753091
--------
nle(id0,id1,dist): 39 43 2.035787321161226
list:
dist: 2.035787321161226 vs. 2.035787321161226
--------
nle(id0,id1,dist): 39 42 2.298239627144221
list:
dist: 2.298239627144221 vs. 2.298239627144221
--------
nle(id0,id1,dist): 39 41 2.0891275882715643
list:
dist: 2.0891275882715643 vs. 2.0891275882715643
--------
nle(id0,id1,dist): 39 40 2.941401060724746
list:
dist: 2.941401060724746 vs. 2.941401060724746
--------
nle(id0,id1,dist): 37 56 3.429881286397664
list:
dist: 3.429881286397664 vs. 3.429881286397664
--------
nle(id0,id1,dist): 37 57 2.7045576293179896
list:
dist: 2.7045576293179896 vs. 2.7045576293179896
--------
nle(id0,id1,dist): 37 59 2.9346133583637113
list:
dist: 2.9346133583637113 vs. 2.9346133583637113
--------
nle(id0,id1,dist): 38 40 3.1502747710242267
list:
dist: 3.1502747710242267 vs. 3.1502747710242267
--------
nle(id0,id1,dist): 38 39 2.8494302842717127
list:
dist: 2.8494302842717127 vs. 2.8494302842717127
--------
nle(id0,id1,dist): 38 48 2.125481593940235
list:
dist: 2.125481593940235 vs. 2.125481593940235
--------
nle(id0,id1,dist): 38 47 2.462997815045978
list:
dist: 2.462997815045978 vs. 2.462997815045978
--------
nle(id0,id1,dist): 38 49 3.2447624070774244
list:
dist: 3.2447624070774244 vs. 3.2447624070774244
--------
nle(id0,id1,dist): 38 46 3.0395525380797297
list:
dist: 3.0395525380797297 vs. 3.0395525380797297
--------
nle(id0,id1,dist): 23 28 0.7489804963707144
list:
dist: 0.7489804963707144 vs. 0.7489804963707144
--------
nle(id0,id1,dist): 23 29 1.1374231693738117
list:
dist: 1.1374231693738117 vs. 1.1374231693738117
--------
nle(id0,id1,dist): 23 26 2.3294214978622123
list:
dist: 2.3294214978622123 vs. 2.3294214978622123
--------
nle(id0,id1,dist): 23 27 1.9677127842973678
list:
dist: 1.9677127842973678 vs. 1.9677127842973678
--------
nle(id0,id1,dist): 23 24 0.5965423431600783
list:
dist: 0.5965423431600783 vs. 0.5965423431600783
--------
nle(id0,id1,dist): 23 25 1.6970282659574794
list:
dist: 1.6970282659574794 vs. 1.6970282659574794
--------
nle(id0,id1,dist): 22 45 3.571006473193431
list:
dist: 3.571006473193431 vs. 3.571006473193431
--------
nle(id0,id1,dist): 22 43 4.511239409210599
list:
dist: 4.511239409210599 vs. 4.511239409210599
--------
nle(id0,id1,dist): 22 42 4.985508846075274
list:
dist: 4.985508846075274 vs. 4.985508846075274
--------
nle(id0,id1,dist): 22 41 3.7248215538822236
list:
dist: 3.7248215538822236 vs. 3.7248215538822236
--------
nle(id0,id1,dist): 23 54 3.7596784436469477
list:
dist: 3.7596784436469477 vs. 3.7596784436469477
--------
nle(id0,id1,dist): 23 50 3.1021936798867316
list:
dist: 3.1021936798867316 vs. 3.1021936798867316
--------
nle(id0,id1,dist): 23 43 3.0226109843069637
list:
dist: 3.0226109843069637 vs. 3.0226109843069637
--------
nle(id0,id1,dist): 23 42 3.3032053381993043
list:
dist: 3.3032053381993043 vs. 3.3032053381993043
--------
nle(id0,id1,dist): 23 45 2.6178701965689113
list:
dist: 2.6178701965689113 vs. 2.6178701965689113
--------
nle(id0,id1,dist): 23 41 2.5100861668971843
list:
dist: 2.5100861668971843 vs. 2.5100861668971843
--------
nle(id0,id1,dist): 23 30 2.9802000153511328
list:
dist: 2.9802000153511328 vs. 2.9802000153511328
--------
nle(id0,id1,dist): 21 26 2.013515760997585
list:
dist: 2.013515760997585 vs. 2.013515760997585
--------
nle(id0,id1,dist): 21 27 2.0124937568298717
list:
dist: 2.0124937568298717 vs. 2.0124937568298717
--------
nle(id0,id1,dist): 21 24 1.732277066940862
list:
dist: 1.732277066940862 vs. 1.732277066940862
--------
nle(id0,id1,dist): 21 25 0.9600114441092874
list:
dist: 0.9600114441092874 vs. 0.9600114441092874
--------
nle(id0,id1,dist): 21 30 3.132266037318078
list:
dist: 3.132266037318078 vs. 3.132266037318078
--------
nle(id0,id1,dist): 21 28 2.061402737990157
list:
dist: 2.061402737990157 vs. 2.061402737990157
--------
nle(id0,id1,dist): 21 29 2.2070473697693
list:
dist: 2.2070473697693 vs. 2.2070473697693
--------
nle(id0,id1,dist): 21 23 1.6735449627943484
list:
dist: 1.6735449627943484 vs. 1.6735449627943484
--------
nle(id0,id1,dist): 21 22 0.5146097323772973
list:
dist: 0.5146097323772973 vs. 0.5146097323772973
--------
nle(id0,id1,dist): 22 27 2.057735178883361
list:
dist: 2.057735178883361 vs. 2.057735178883361
--------
nle(id0,id1,dist): 22 28 2.5155116681048715
list:
dist: 2.5155116681048715 vs. 2.5155116681048715
--------
nle(id0,id1,dist): 22 29 2.4429785871218037
list:
dist: 2.4429785871218037 vs. 2.4429785871218037
--------
nle(id0,id1,dist): 22 30 3.3648949136283655
list:
dist: 3.3648949136283655 vs. 3.3648949136283655
--------
nle(id0,id1,dist): 22 23 2.048000026223075
list:
dist: 2.048000026223075 vs. 2.048000026223075
--------
nle(id0,id1,dist): 22 24 2.0394831839109755
list:
dist: 2.0394831839109755 vs. 2.0394831839109755
--------
nle(id0,id1,dist): 22 25 1.31265150413877
list:
dist: 1.31265150413877 vs. 1.31265150413877
--------
nle(id0,id1,dist): 22 26 1.8689443570333337
list:
dist: 1.8689443570333337 vs. 1.8689443570333337
--------
nle(id0,id1,dist): 21 41 3.3562944310525755
list:
dist: 3.3562944310525755 vs. 3.3562944310525755
--------
nle(id0,id1,dist): 21 43 4.1950529777766805
list:
dist: 4.1950529777766805 vs. 4.1950529777766805
--------
nle(id0,id1,dist): 21 42 4.654414239029849
list:
dist: 4.654414239029849 vs. 4.654414239029849
--------
nle(id0,id1,dist): 21 45 3.3112675078508884
list:
dist: 3.3112675078508884 vs. 3.3112675078508884
--------
nle(id0,id1,dist): 19 24 2.4412368376201554
list:
dist: 2.4412368376201554 vs. 2.4412368376201554
--------
nle(id0,id1,dist): 19 25 2.412072142684923
list:
dist: 2.412072142684923 vs. 2.412072142684923
--------
nle(id0,id1,dist): 19 22 1.4002442966598259
list:
dist: 1.4002442966598259 vs. 1.4002442966598259
--------
nle(id0,id1,dist): 19 23 2.6087734405203284
list:
dist: 2.6087734405203284 vs. 2.6087734405203284
--------
nle(id0,id1,dist): 19 20 2.212512744900799
list:
dist: 2.212512744900799 vs. 2.212512744900799
--------
nle(id0,id1,dist): 19 21 1.7989636820455193
list:
dist: 1.7989636820455193 vs. 1.7989636820455193
--------
nle(id0,id1,dist): 19 29 2.5966317986715928
list:
dist: 2.5966317986715928 vs. 2.5966317986715928
--------
nle(id0,id1,dist): 19 26 1.465203984198588
list:
dist: 1.465203984198588 vs. 1.465203984198588
--------
nle(id0,id1,dist): 19 27 2.0739746006145974
list:
dist: 2.0739746006145974 vs. 2.0739746006145974
--------
nle(id0,id1,dist): 20 29 2.2115047642150594
list:
dist: 2.2115047642150594 vs. 2.2115047642150594
--------
nle(id0,id1,dist): 20 25 0.6435147661502973
list:
dist: 0.6435147661502973 vs. 0.6435147661502973
--------
nle(id0,id1,dist): 20 26 1.702384060142239
list:
dist: 1.702384060142239 vs. 1.702384060142239
--------
nle(id0,id1,dist): 20 27 1.5331177033472394
list:
dist: 1.5331177033472394 vs. 1.5331177033472394
--------
nle(id0,id1,dist): 20 28 2.5914832017682814
list:
dist: 2.5914832017682814 vs. 2.5914832017682814
--------
nle(id0,id1,dist): 20 21 1.1837210087803958
list:
dist: 1.1837210087803958 vs. 1.1837210087803958
--------
nle(id0,id1,dist): 20 22 1.2915950194720969
list:
dist: 1.2915950194720969 vs. 1.2915950194720969
--------
nle(id0,id1,dist): 20 23 2.1842972571145607
list:
dist: 2.1842972571145607 vs. 2.1842972571145607
--------
nle(id0,id1,dist): 20 24 1.9476045741388104
list:
dist: 1.9476045741388104 vs. 1.9476045741388104
--------
nle(id0,id1,dist): 17 45 3.9982958424816837
list:
dist: 3.9982958424816837 vs. 3.9982958424816837
--------
nle(id0,id1,dist): 18 22 1.3568917128507993
list:
dist: 1.3568917128507993 vs. 1.3568917128507993
--------
nle(id0,id1,dist): 18 21 0.8589603391534053
list:
dist: 0.8589603391534053 vs. 0.8589603391534053
--------
nle(id0,id1,dist): 18 20 1.5015527676768154
list:
dist: 1.5015527676768154 vs. 1.5015527676768154
--------
nle(id0,id1,dist): 17 30 3.884603410657289
list:
dist: 3.884603410657289 vs. 3.884603410657289
--------
nle(id0,id1,dist): 17 28 2.84923065986468
list:
dist: 2.84923065986468 vs. 2.84923065986468
--------
nle(id0,id1,dist): 17 29 2.3803009234892296
list:
dist: 2.3803009234892296 vs. 2.3803009234892296
--------
nle(id0,id1,dist): 17 42 5.30649114601783
list:
dist: 5.30649114601783 vs. 5.30649114601783
--------
nle(id0,id1,dist): 17 43 4.875167817409484
list:
dist: 4.875167817409484 vs. 4.875167817409484
--------
nle(id0,id1,dist): 17 41 4.1947130350157735
list:
dist: 4.1947130350157735 vs. 4.1947130350157735
--------
nle(id0,id1,dist): 18 42 4.332599060727004
list:
dist: 4.332599060727004 vs. 4.332599060727004
--------
nle(id0,id1,dist): 18 41 2.8981679508867195
list:
dist: 2.8981679508867195 vs. 2.8981679508867195
--------
nle(id0,id1,dist): 18 44 4.31241690551595
list:
dist: 4.31241690551595 vs. 4.31241690551595
--------
nle(id0,id1,dist): 18 43 3.8843736870439898
list:
dist: 3.8843736870439898 vs. 3.8843736870439898
--------
nle(id0,id1,dist): 18 45 3.0829829243511075
list:
dist: 3.0829829243511075 vs. 3.0829829243511075
--------
nle(id0,id1,dist): 18 23 1.5462231966599993
list:
dist: 1.5462231966599993 vs. 1.5462231966599993
--------
nle(id0,id1,dist): 18 24 1.7717478590383327
list:
dist: 1.7717478590383327 vs. 1.7717478590383327
--------
nle(id0,id1,dist): 18 25 0.9540417409647524
list:
dist: 0.9540417409647524 vs. 0.9540417409647524
--------
nle(id0,id1,dist): 18 27 2.4214904216822615
list:
dist: 2.4214904216822615 vs. 2.4214904216822615
--------
nle(id0,id1,dist): 18 28 1.6089375518227045
list:
dist: 1.6089375518227045 vs. 1.6089375518227045
--------
nle(id0,id1,dist): 18 29 2.324477447254949
list:
dist: 2.324477447254949 vs. 2.324477447254949
--------
nle(id0,id1,dist): 18 30 2.866139723279968
list:
dist: 2.866139723279968 vs. 2.866139723279968
--------
nle(id0,id1,dist): 18 37 3.968541627747375
list:
dist: 3.968541627747375 vs. 3.968541627747375
--------
nle(id0,id1,dist): 29 45 3.6141774468741397
list:
dist: 3.6141774468741397 vs. 3.6141774468741397
--------
nle(id0,id1,dist): 29 41 3.557284815666398
list:
dist: 3.557284815666398 vs. 3.557284815666398
--------
nle(id0,id1,dist): 29 43 3.833605599582967
list:
dist: 3.833605599582967 vs. 3.833605599582967
--------
nle(id0,id1,dist): 29 42 3.9655296444601165
list:
dist: 3.9655296444601165 vs. 3.9655296444601165
--------
nle(id0,id1,dist): 29 54 4.169992044324876
list:
dist: 4.169992044324876 vs. 4.169992044324876
--------
nle(id0,id1,dist): 29 50 3.4122110848213354
list:
dist: 3.4122110848213354 vs. 3.4122110848213354
--------
nle(id0,id1,dist): 30 42 3.0153980535029405
list:
dist: 3.0153980535029405 vs. 3.0153980535029405
--------
nle(id0,id1,dist): 30 41 1.4173546500771272
list:
dist: 1.4173546500771272 vs. 1.4173546500771272
--------
nle(id0,id1,dist): 30 40 2.231236368083798
list:
dist: 2.231236368083798 vs. 2.231236368083798
--------
nle(id0,id1,dist): 30 39 2.728434885209406
list:
dist: 2.728434885209406 vs. 2.728434885209406
--------
nle(id0,id1,dist): 30 37 2.0480812376018958
list:
dist: 2.0480812376018958 vs. 2.0480812376018958
--------
nle(id0,id1,dist): 30 36 1.9775207838929134
list:
dist: 1.9775207838929134 vs. 1.9775207838929134
--------
nle(id0,id1,dist): 30 35 1.1508071150290047
list:
dist: 1.1508071150290047 vs. 1.1508071150290047
--------
nle(id0,id1,dist): 30 34 1.7467748992962797
list:
dist: 1.7467748992962797 vs. 1.7467748992962797
--------
nle(id0,id1,dist): 30 32 0.8398302299611747
list:
dist: 0.8398302299611747 vs. 0.8398302299611747
--------
nle(id0,id1,dist): 30 31 1.15705442651486
list:
dist: 1.15705442651486 vs. 1.15705442651486
--------
nle(id0,id1,dist): 30 57 3.5378839440873913
list:
dist: 3.5378839440873913 vs. 3.5378839440873913
--------
nle(id0,id1,dist): 30 55 2.744558147003916
list:
dist: 2.744558147003916 vs. 2.744558147003916
--------
nle(id0,id1,dist): 30 56 3.2691366139189504
list:
dist: 3.2691366139189504 vs. 3.2691366139189504
--------
nle(id0,id1,dist): 30 51 3.478411343758092
list:
dist: 3.478411343758092 vs. 3.478411343758092
--------
nle(id0,id1,dist): 30 49 3.50477178534027
list:
dist: 3.50477178534027 vs. 3.50477178534027
--------
nle(id0,id1,dist): 30 47 3.2879336280135147
list:
dist: 3.2879336280135147 vs. 3.2879336280135147
--------
nle(id0,id1,dist): 30 48 3.1554367908762804
list:
dist: 3.1554367908762804 vs. 3.1554367908762804
--------
nle(id0,id1,dist): 30 45 1.0950878601149427
list:
dist: 1.0950878601149427 vs. 1.0950878601149427
--------
nle(id0,id1,dist): 30 46 3.2105367150584456
list:
dist: 3.2105367150584456 vs. 3.2105367150584456
--------
nle(id0,id1,dist): 30 43 2.3080110543328636
list:
dist: 2.3080110543328636 vs. 2.3080110543328636
--------
nle(id0,id1,dist): 30 44 3.3550870296255306
list:
dist: 3.3550870296255306 vs. 3.3550870296255306
--------
nle(id0,id1,dist): 28 29 1.7266665996828305
list:
dist: 1.7266665996828305 vs. 1.7266665996828305
--------
nle(id0,id1,dist): 28 30 2.725980659613683
list:
dist: 2.725980659613683 vs. 2.725980659613683
--------
nle(id0,id1,dist): 28 45 2.377286186160532
list:
dist: 2.377286186160532 vs. 2.377286186160532
--------
nle(id0,id1,dist): 28 37 3.200283755923626
list:
dist: 3.200283755923626 vs. 3.200283755923626
--------
nle(id0,id1,dist): 28 44 2.9659831130016943
list:
dist: 2.9659831130016943 vs. 2.9659831130016943
--------
nle(id0,id1,dist): 28 43 2.6730847857459032
list:
dist: 2.6730847857459032 vs. 2.6730847857459032
--------
nle(id0,id1,dist): 28 42 2.9500736668416274
list:
dist: 2.9500736668416274 vs. 2.9500736668416274
--------
nle(id0,id1,dist): 28 41 2.0172202275811104
list:
dist: 2.0172202275811104 vs. 2.0172202275811104
--------
nle(id0,id1,dist): 29 30 4.074205912436806
list:
dist: 4.074205912436806 vs. 4.074205912436806
--------
nle(id0,id1,dist): 26 27 0.75995647246497
list:
dist: 0.75995647246497 vs. 0.75995647246497
--------
nle(id0,id1,dist): 26 29 1.7519399000792528
list:
dist: 1.7519399000792528 vs. 1.7519399000792528
--------
nle(id0,id1,dist): 27 29 1.2301802544492049
list:
dist: 1.2301802544492049 vs. 1.2301802544492049
--------
nle(id0,id1,dist): 27 28 2.6087923393907406
list:
dist: 2.6087923393907406 vs. 2.6087923393907406
--------
nle(id0,id1,dist): 24 25 1.580753505851844
list:
dist: 1.580753505851844 vs. 1.580753505851844
--------
nle(id0,id1,dist): 24 26 1.8642912757419217
list:
dist: 1.8642912757419217 vs. 1.8642912757419217
--------
nle(id0,id1,dist): 24 27 1.4179774016172209
list:
dist: 1.4179774016172209 vs. 1.4179774016172209
--------
nle(id0,id1,dist): 24 28 1.2484753478912431
list:
dist: 1.2484753478912431 vs. 1.2484753478912431
--------
nle(id0,id1,dist): 24 29 0.5938988269370573
list:
dist: 0.5938988269370573 vs. 0.5938988269370573
--------
nle(id0,id1,dist): 24 30 3.5454803094502
list:
dist: 3.5454803094502 vs. 3.5454803094502
--------
nle(id0,id1,dist): 24 42 3.749221677255003
list:
dist: 3.749221677255003 vs. 3.749221677255003
--------
nle(id0,id1,dist): 24 41 3.098433009540505
list:
dist: 3.098433009540505 vs. 3.098433009540505
--------
nle(id0,id1,dist): 24 43 3.529212490180737
list:
dist: 3.529212490180737 vs. 3.529212490180737
--------
nle(id0,id1,dist): 24 45 3.17679404952482
list:
dist: 3.17679404952482 vs. 3.17679404952482
--------
nle(id0,id1,dist): 24 50 3.379982631504012
list:
dist: 3.379982631504012 vs. 3.379982631504012
--------
nle(id0,id1,dist): 24 54 4.091530944681232
list:
dist: 4.091530944681232 vs. 4.091530944681232
--------
nle(id0,id1,dist): 25 26 1.990724671377318
list:
dist: 1.990724671377318 vs. 1.990724671377318
--------
nle(id0,id1,dist): 25 27 1.6834088109624257
list:
dist: 1.6834088109624257 vs. 1.6834088109624257
--------
nle(id0,id1,dist): 25 28 1.998396693772096
list:
dist: 1.998396693772096 vs. 1.998396693772096
--------
nle(id0,id1,dist): 25 29 1.9672807028964288
list:
dist: 1.9672807028964288 vs. 1.9672807028964288
--------
nle(id0,id1,dist): 62 80 2.3114612551182425
list:
dist: 2.3114612551182425 vs. 2.3114612551182425
--------
nle(id0,id1,dist): 62 75 2.4394074807701225
list:
dist: 2.4394074807701225 vs. 2.4394074807701225
--------
nle(id0,id1,dist): 62 78 3.218056091932583
list:
dist: 3.218056091932583 vs. 3.218056091932583
--------
nle(id0,id1,dist): 62 64 1.401337813206302
list:
dist: 1.401337813206302 vs. 1.401337813206302
--------
nle(id0,id1,dist): 62 63 2.7322950895162217
list:
dist: 2.7322950895162217 vs. 2.7322950895162217
--------
nle(id0,id1,dist): 62 66 2.1681553466113286
list:
dist: 2.1681553466113286 vs. 2.1681553466113286
--------
nle(id0,id1,dist): 62 65 1.2203060580058946
list:
dist: 1.2203060580058946 vs. 1.2203060580058946
--------
nle(id0,id1,dist): 62 72 1.7569964103760223
list:
dist: 1.7569964103760223 vs. 1.7569964103760223
--------
nle(id0,id1,dist): 62 71 2.8546826385622635
list:
dist: 2.8546826385622635 vs. 2.8546826385622635
--------
nle(id0,id1,dist): 62 73 1.4084396490302629
list:
dist: 1.4084396490302629 vs. 1.4084396490302629
--------
nle(id0,id1,dist): 62 68 0.7418708100723125
list:
dist: 0.7418708100723125 vs. 0.7418708100723125
--------
nle(id0,id1,dist): 62 67 2.169741472811176
list:
dist: 2.169741472811176 vs. 2.169741472811176
--------
nle(id0,id1,dist): 62 70 2.4311463100389936
list:
dist: 2.4311463100389936 vs. 2.4311463100389936
--------
nle(id0,id1,dist): 62 69 2.2469545261647963
list:
dist: 2.2469545261647963 vs. 2.2469545261647963
--------
nle(id0,id1,dist): 61 80 1.882873164616729
list:
dist: 1.882873164616729 vs. 1.882873164616729
--------
nle(id0,id1,dist): 61 71 2.030474919830585
list:
dist: 2.030474919830585 vs. 2.030474919830585
--------
nle(id0,id1,dist): 61 70 1.8791440783256574
list:
dist: 1.8791440783256574 vs. 1.8791440783256574
--------
nle(id0,id1,dist): 61 69 2.10750579682664
list:
dist: 2.10750579682664 vs. 2.10750579682664
--------
nle(id0,id1,dist): 61 68 1.7879083427490758
list:
dist: 1.7879083427490758 vs. 1.7879083427490758
--------
nle(id0,id1,dist): 61 67 2.8185756930751222
list:
dist: 2.8185756930751222 vs. 2.8185756930751222
--------
nle(id0,id1,dist): 61 66 1.7241145941145768
list:
dist: 1.7241145941145768 vs. 1.7241145941145768
--------
nle(id0,id1,dist): 61 65 1.2264099954272394
list:
dist: 1.2264099954272394 vs. 1.2264099954272394
--------
nle(id0,id1,dist): 61 64 1.652551109954788
list:
dist: 1.652551109954788 vs. 1.652551109954788
--------
nle(id0,id1,dist): 61 78 3.837022789204504
list:
dist: 3.837022789204504 vs. 3.837022789204504
--------
nle(id0,id1,dist): 61 75 3.038171250579835
list:
dist: 3.038171250579835 vs. 3.038171250579835
--------
nle(id0,id1,dist): 60 111 4.577841962140222
list:
dist: 4.577841962140222 vs. 4.577841962140222
--------
nle(id0,id1,dist): 61 73 1.9243521888828243
list:
dist: 1.9243521888828243 vs. 1.9243521888828243
--------
nle(id0,id1,dist): 61 72 2.3556202145467315
list:
dist: 2.3556202145467315 vs. 2.3556202145467315
--------
nle(id0,id1,dist): 64 65 0.6140043672674442
list:
dist: 0.6140043672674442 vs. 0.6140043672674442
--------
nle(id0,id1,dist): 64 66 1.3116166035788237
list:
dist: 1.3116166035788237 vs. 1.3116166035788237
--------
nle(id0,id1,dist): 64 67 1.797213297550731
list:
dist: 1.797213297550731 vs. 1.797213297550731
--------
nle(id0,id1,dist): 64 68 0.811569696726368
list:
dist: 0.811569696726368 vs. 0.811569696726368
--------
nle(id0,id1,dist): 64 69 1.1979114554578694
list:
dist: 1.1979114554578694 vs. 1.1979114554578694
--------
nle(id0,id1,dist): 64 70 1.8097246577874986
list:
dist: 1.8097246577874986 vs. 1.8097246577874986
--------
nle(id0,id1,dist): 64 71 1.9621032038912214
list:
dist: 1.9621032038912214 vs. 1.9621032038912214
--------
nle(id0,id1,dist): 64 72 1.7804414008720661
list:
dist: 1.7804414008720661 vs. 1.7804414008720661
--------
nle(id0,id1,dist): 64 73 1.6136490418380853
list:
dist: 1.6136490418380853 vs. 1.6136490418380853
--------
nle(id0,id1,dist): 64 74 2.355525305281041
list:
dist: 2.355525305281041 vs. 2.355525305281041
--------
nle(id0,id1,dist): 63 111 3.9404214613636572
list:
dist: 3.9404214613636572 vs. 3.9404214613636572
--------
nle(id0,id1,dist): 64 75 1.7967490382526206
list:
dist: 1.7967490382526206 vs. 1.7967490382526206
--------
nle(id0,id1,dist): 64 76 2.8980495995691036
list:
dist: 2.8980495995691036 vs. 2.8980495995691036
--------
nle(id0,id1,dist): 64 77 2.3766047456509924
list:
dist: 2.3766047456509924 vs. 2.3766047456509924
--------
nle(id0,id1,dist): 64 78 2.5077697346389374
list:
dist: 2.5077697346389374 vs. 2.5077697346389374
--------
nle(id0,id1,dist): 64 79 3.0191182828723035
list:
dist: 3.0191182828723035 vs. 3.0191182828723035
--------
nle(id0,id1,dist): 64 80 1.944637402966841
list:
dist: 1.944637402966841 vs. 1.944637402966841
--------
nle(id0,id1,dist): 63 87 2.1592390285130127
list:
dist: 2.1592390285130127 vs. 2.1592390285130127
--------
nle(id0,id1,dist): 63 86 2.912976122445805
list:
dist: 2.912976122445805 vs. 2.912976122445805
--------
nle(id0,id1,dist): 63 89 3.214258104885891
list:
dist: 3.214258104885891 vs. 3.214258104885891
--------
nle(id0,id1,dist): 63 88 2.7770448508764365
list:
dist: 2.7770448508764365 vs. 2.7770448508764365
--------
nle(id0,id1,dist): 63 90 5.021461681858746
list:
dist: 5.021461681858746 vs. 5.021461681858746
--------
nle(id0,id1,dist): 63 93 3.8977144446148033
list:
dist: 3.8977144446148033 vs. 3.8977144446148033
--------
nle(id0,id1,dist): 63 94 3.435603309531437
list:
dist: 3.435603309531437 vs. 3.435603309531437
--------
nle(id0,id1,dist): 63 72 1.9442383525030928
list:
dist: 1.9442383525030928 vs. 1.9442383525030928
--------
nle(id0,id1,dist): 63 73 1.8381702136174656
list:
dist: 1.8381702136174656 vs. 1.8381702136174656
--------
nle(id0,id1,dist): 63 70 0.5953269077045611
list:
dist: 0.5953269077045611 vs. 0.5953269077045611
--------
nle(id0,id1,dist): 63 71 0.4040551217644485
list:
dist: 0.4040551217644485 vs. 0.4040551217644485
--------
nle(id0,id1,dist): 63 76 2.4579878004630142
list:
dist: 2.4579878004630142 vs. 2.4579878004630142
--------
nle(id0,id1,dist): 63 77 1.7144111379966336
list:
dist: 1.7144111379966336 vs. 1.7144111379966336
--------
nle(id0,id1,dist): 63 74 1.346875127012842
list:
dist: 1.346875127012842 vs. 1.346875127012842
--------
nle(id0,id1,dist): 63 75 2.296260105141594
list:
dist: 2.296260105141594 vs. 2.296260105141594
--------
nle(id0,id1,dist): 63 80 0.8882479242902868
list:
dist: 0.8882479242902868 vs. 0.8882479242902868
--------
nle(id0,id1,dist): 63 81 1.378159244326286
list:
dist: 1.378159244326286 vs. 1.378159244326286
--------
nle(id0,id1,dist): 63 78 2.9344560841145677
list:
dist: 2.9344560841145677 vs. 2.9344560841145677
--------
nle(id0,id1,dist): 63 79 3.1577715192049975
list:
dist: 3.1577715192049975 vs. 3.1577715192049975
--------
nle(id0,id1,dist): 63 84 1.1948129010404918
list:
dist: 1.1948129010404918 vs. 1.1948129010404918
--------
nle(id0,id1,dist): 63 85 2.116433777441777
list:
dist: 2.116433777441777 vs. 2.116433777441777
--------
nle(id0,id1,dist): 63 82 1.1509564136445387
list:
dist: 1.1509564136445387 vs. 1.1509564136445387
--------
nle(id0,id1,dist): 63 83 2.4379281542971314
list:
dist: 2.4379281542971314 vs. 2.4379281542971314
--------
nle(id0,id1,dist): 63 65 2.119930679198395
list:
dist: 2.119930679198395 vs. 2.119930679198395
--------
nle(id0,id1,dist): 63 64 1.9869438354663667
list:
dist: 1.9869438354663667 vs. 1.9869438354663667
--------
nle(id0,id1,dist): 63 69 1.2726901296440538
list:
dist: 1.2726901296440538 vs. 1.2726901296440538
--------
nle(id0,id1,dist): 63 68 2.5822716797647334
list:
dist: 2.5822716797647334 vs. 2.5822716797647334
--------
nle(id0,id1,dist): 63 67 2.151501514496463
list:
dist: 2.151501514496463 vs. 2.151501514496463
--------
nle(id0,id1,dist): 63 66 0.8076469292231027
list:
dist: 0.8076469292231027 vs. 0.8076469292231027
--------
nle(id0,id1,dist): 58 59 2.0799691992660443
list:
dist: 2.0799691992660443 vs. 2.0799691992660443
--------
nle(id0,id1,dist): 60 94 3.580386368494587
list:
dist: 3.580386368494587 vs. 3.580386368494587
--------
nle(id0,id1,dist): 60 93 3.798783573038591
list:
dist: 3.798783573038591 vs. 3.798783573038591
--------
nle(id0,id1,dist): 61 63 1.7460190416573376
list:
dist: 1.7460190416573376 vs. 1.7460190416573376
--------
nle(id0,id1,dist): 61 62 1.8215822240810724
list:
dist: 1.8215822240810724 vs. 1.8215822240810724
--------
nle(id0,id1,dist): 60 86 3.7650086214373424
list:
dist: 3.7650086214373424 vs. 3.7650086214373424
--------
nle(id0,id1,dist): 60 85 3.0161220081160076
list:
dist: 3.0161220081160076 vs. 3.0161220081160076
--------
nle(id0,id1,dist): 60 88 3.314258649122098
list:
dist: 3.314258649122098 vs. 3.314258649122098
--------
nle(id0,id1,dist): 60 87 2.9839355833962555
list:
dist: 2.9839355833962555 vs. 2.9839355833962555
--------
nle(id0,id1,dist): 60 90 4.7053358730041435
list:
dist: 4.7053358730041435 vs. 4.7053358730041435
--------
nle(id0,id1,dist): 60 89 3.8064098451993424
list:
dist: 3.8064098451993424 vs. 3.8064098451993424
--------
nle(id0,id1,dist): 60 77 2.298592827691125
list:
dist: 2.298592827691125 vs. 2.298592827691125
--------
nle(id0,id1,dist): 60 78 3.112693084773351
list:
dist: 3.112693084773351 vs. 3.112693084773351
--------
nle(id0,id1,dist): 60 79 3.5061282085283714
list:
dist: 3.5061282085283714 vs. 3.5061282085283714
--------
nle(id0,id1,dist): 60 80 1.326898027536379
list:
dist: 1.326898027536379 vs. 1.326898027536379
--------
nle(id0,id1,dist): 60 81 2.368550815931958
list:
dist: 2.368550815931958 vs. 2.368550815931958
--------
nle(id0,id1,dist): 60 82 2.1896156197390644
list:
dist: 2.1896156197390644 vs. 2.1896156197390644
--------
nle(id0,id1,dist): 60 83 3.42272229946434
list:
dist: 3.42272229946434 vs. 3.42272229946434
--------
nle(id0,id1,dist): 60 84 2.1199390876963413
list:
dist: 2.1199390876963413 vs. 2.1199390876963413
--------
nle(id0,id1,dist): 60 69 1.3184793540479867
list:
dist: 1.3184793540479867 vs. 1.3184793540479867
--------
nle(id0,id1,dist): 60 70 1.1960303215625034
list:
dist: 1.1960303215625034 vs. 1.1960303215625034
--------
nle(id0,id1,dist): 60 71 1.2914210693437376
list:
dist: 1.2914210693437376 vs. 1.2914210693437376
--------
nle(id0,id1,dist): 60 72 1.886672826593876
list:
dist: 1.886672826593876 vs. 1.886672826593876
--------
nle(id0,id1,dist): 60 73 1.5806793858406294
list:
dist: 1.5806793858406294 vs. 1.5806793858406294
--------
nle(id0,id1,dist): 60 74 2.0209103545157934
list:
dist: 2.0209103545157934 vs. 2.0209103545157934
--------
nle(id0,id1,dist): 60 75 2.350653274973857
list:
dist: 2.350653274973857 vs. 2.350653274973857
--------
nle(id0,id1,dist): 60 76 2.966211802381753
list:
dist: 2.966211802381753 vs. 2.966211802381753
--------
nle(id0,id1,dist): 60 64 1.205000507182959
list:
dist: 1.205000507182959 vs. 1.205000507182959
--------
nle(id0,id1,dist): 60 63 1.0969693583097524
list:
dist: 1.0969693583097524 vs. 1.0969693583097524
--------
nle(id0,id1,dist): 60 62 1.8780109199503268
list:
dist: 1.8780109199503268 vs. 1.8780109199503268
--------
nle(id0,id1,dist): 60 61 0.8169708284493131
list:
dist: 0.8169708284493131 vs. 0.8169708284493131
--------
nle(id0,id1,dist): 60 68 1.672250494281799
list:
dist: 1.672250494281799 vs. 1.672250494281799
--------
nle(id0,id1,dist): 60 67 2.1961600668714856
list:
dist: 2.1961600668714856 vs. 2.1961600668714856
--------
nle(id0,id1,dist): 60 66 0.9380875480715705
list:
dist: 0.9380875480715705 vs. 0.9380875480715705
--------
nle(id0,id1,dist): 60 65 1.099406481902898
list:
dist: 1.099406481902898 vs. 1.099406481902898
--------
nle(id0,id1,dist): 68 94 4.224025914438106
list:
dist: 4.224025914438106 vs. 4.224025914438106
--------
nle(id0,id1,dist): 69 71 1.0535049270248993
list:
dist: 1.0535049270248993 vs. 1.0535049270248993
--------
nle(id0,id1,dist): 69 70 0.9956000895175591
list:
dist: 0.9956000895175591 vs. 0.9956000895175591
--------
nle(id0,id1,dist): 69 78 1.8430187359704415
list:
dist: 1.8430187359704415 vs. 1.8430187359704415
--------
nle(id0,id1,dist): 69 79 2.1952762981335936
list:
dist: 2.1952762981335936 vs. 2.1952762981335936
--------
nle(id0,id1,dist): 69 76 1.9823994281435104
list:
dist: 1.9823994281435104 vs. 1.9823994281435104
--------
nle(id0,id1,dist): 69 77 1.3185046464803576
list:
dist: 1.3185046464803576 vs. 1.3185046464803576
--------
nle(id0,id1,dist): 69 74 1.360782496326797
list:
dist: 1.360782496326797 vs. 1.360782496326797
--------
nle(id0,id1,dist): 69 75 1.1883035570472258
list:
dist: 1.1883035570472258 vs. 1.1883035570472258
--------
nle(id0,id1,dist): 69 72 1.4566900365819866
list:
dist: 1.4566900365819866 vs. 1.4566900365819866
--------
nle(id0,id1,dist): 69 73 1.5396776740313223
list:
dist: 1.5396776740313223 vs. 1.5396776740313223
--------
nle(id0,id1,dist): 69 86 2.7539805137257325
list:
dist: 2.7539805137257325 vs. 2.7539805137257325
--------
nle(id0,id1,dist): 69 87 1.940750827660397
list:
dist: 1.940750827660397 vs. 1.940750827660397
--------
nle(id0,id1,dist): 69 84 1.6898120872659854
list:
dist: 1.6898120872659854 vs. 1.6898120872659854
--------
nle(id0,id1,dist): 69 85 2.2539447077437673
list:
dist: 2.2539447077437673 vs. 2.2539447077437673
--------
nle(id0,id1,dist): 69 82 1.8221640627156501
list:
dist: 1.8221640627156501 vs. 1.8221640627156501
--------
nle(id0,id1,dist): 69 83 2.582777831636163
list:
dist: 2.582777831636163 vs. 2.582777831636163
--------
nle(id0,id1,dist): 69 80 1.280640215472738
list:
dist: 1.280640215472738 vs. 1.280640215472738
--------
nle(id0,id1,dist): 69 81 2.2406480519045133
list:
dist: 2.2406480519045133 vs. 2.2406480519045133
--------
nle(id0,id1,dist): 67 111 4.43335845691792
list:
dist: 4.43335845691792 vs. 4.43335845691792
--------
nle(id0,id1,dist): 68 73 1.652552371883539
list:
dist: 1.652552371883539 vs. 1.652552371883539
--------
nle(id0,id1,dist): 68 75 2.1981825613778927
list:
dist: 2.1981825613778927 vs. 2.1981825613778927
--------
nle(id0,id1,dist): 68 70 2.3427761042949906
list:
dist: 2.3427761042949906 vs. 2.3427761042949906
--------
nle(id0,id1,dist): 68 69 1.8965849654121665
list:
dist: 1.8965849654121665 vs. 1.8965849654121665
--------
nle(id0,id1,dist): 68 72 1.9094283442777475
list:
dist: 1.9094283442777475 vs. 1.9094283442777475
--------
nle(id0,id1,dist): 68 71 2.631478677905998
list:
dist: 2.631478677905998 vs. 2.631478677905998
--------
nle(id0,id1,dist): 68 78 2.9270032834854938
list:
dist: 2.9270032834854938 vs. 2.9270032834854938
--------
nle(id0,id1,dist): 68 80 2.3505007736081827
list:
dist: 2.3505007736081827 vs. 2.3505007736081827
--------
nle(id0,id1,dist): 70 86 2.6251931664675476
list:
dist: 2.6251931664675476 vs. 2.6251931664675476
--------
nle(id0,id1,dist): 70 85 1.8248318122729548
list:
dist: 1.8248318122729548 vs. 1.8248318122729548
--------
nle(id0,id1,dist): 70 84 0.9488774319382769
list:
dist: 0.9488774319382769 vs. 0.9488774319382769
--------
nle(id0,id1,dist): 70 83 2.384309464487558
list:
dist: 2.384309464487558 vs. 2.384309464487558
--------
nle(id0,id1,dist): 70 90 5.4089397504529355
list:
dist: 5.4089397504529355 vs. 5.4089397504529355
--------
nle(id0,id1,dist): 70 89 2.7185349066809583
list:
dist: 2.7185349066809583 vs. 2.7185349066809583
--------
nle(id0,id1,dist): 70 88 2.297361346949147
list:
dist: 2.297361346949147 vs. 2.297361346949147
--------
nle(id0,id1,dist): 70 87 1.9596290010835098
list:
dist: 1.9596290010835098 vs. 1.9596290010835098
--------
nle(id0,id1,dist): 70 94 3.6776344462797925
list:
dist: 3.6776344462797925 vs. 3.6776344462797925
--------
nle(id0,id1,dist): 70 93 4.209504472406766
list:
dist: 4.209504472406766 vs. 4.209504472406766
--------
nle(id0,id1,dist): 71 72 1.9515445068664345
list:
dist: 1.9515445068664345 vs. 1.9515445068664345
--------
nle(id0,id1,dist): 71 73 1.9372786980502483
list:
dist: 1.9372786980502483 vs. 1.9372786980502483
--------
nle(id0,id1,dist): 71 76 2.270588164598649
list:
dist: 2.270588164598649 vs. 2.270588164598649
--------
nle(id0,id1,dist): 71 77 1.4953042526119593
list:
dist: 1.4953042526119593 vs. 1.4953042526119593
--------
nle(id0,id1,dist): 71 74 1.2343301428516966
list:
dist: 1.2343301428516966 vs. 1.2343301428516966
--------
nle(id0,id1,dist): 70 111 4.08543854262231
list:
dist: 4.08543854262231 vs. 4.08543854262231
--------
nle(id0,id1,dist): 71 75 2.0694191051296236
list:
dist: 2.0694191051296236 vs. 2.0694191051296236
--------
nle(id0,id1,dist): 69 89 2.8998169147872233
list:
dist: 2.8998169147872233 vs. 2.8998169147872233
--------
nle(id0,id1,dist): 69 88 2.1996620677873575
list:
dist: 2.1996620677873575 vs. 2.1996620677873575
--------
nle(id0,id1,dist): 69 90 4.93910997003592
list:
dist: 4.93910997003592 vs. 4.93910997003592
--------
nle(id0,id1,dist): 69 93 3.6340598326720093
list:
dist: 3.6340598326720093 vs. 3.6340598326720093
--------
nle(id0,id1,dist): 69 94 3.082153533686614
list:
dist: 3.082153533686614 vs. 3.082153533686614
--------
nle(id0,id1,dist): 70 71 0.6344531150079228
list:
dist: 0.6344531150079228 vs. 0.6344531150079228
--------
nle(id0,id1,dist): 70 72 1.3757020070462618
list:
dist: 1.3757020070462618 vs. 1.3757020070462618
--------
nle(id0,id1,dist): 70 73 1.3482712009328155
list:
dist: 1.3482712009328155 vs. 1.3482712009328155
--------
nle(id0,id1,dist): 70 74 0.8591288199131251
list:
dist: 0.8591288199131251 vs. 0.8591288199131251
--------
nle(id0,id1,dist): 69 111 3.724601245178486
list:
dist: 3.724601245178486 vs. 3.724601245178486
--------
nle(id0,id1,dist): 70 75 1.8130007339966925
list:
dist: 1.8130007339966925 vs. 1.8130007339966925
--------
nle(id0,id1,dist): 70 76 1.9355311811832372
list:
dist: 1.9355311811832372 vs. 1.9355311811832372
--------
nle(id0,id1,dist): 70 77 1.2331599692722586
list:
dist: 1.2331599692722586 vs. 1.2331599692722586
--------
nle(id0,id1,dist): 70 78 2.495857046483699
list:
dist: 2.495857046483699 vs. 2.495857046483699
--------
nle(id0,id1,dist): 70 79 2.7701263400561413
list:
dist: 2.7701263400561413 vs. 2.7701263400561413
--------
nle(id0,id1,dist): 70 80 0.4115216547460172
list:
dist: 0.4115216547460172 vs. 0.4115216547460172
--------
nle(id0,id1,dist): 70 81 1.3583302912949868
list:
dist: 1.3583302912949868 vs. 1.3583302912949868
--------
nle(id0,id1,dist): 70 82 1.0976449753356192
list:
dist: 1.0976449753356192 vs. 1.0976449753356192
--------
nle(id0,id1,dist): 65 90 4.663592946180234
list:
dist: 4.663592946180234 vs. 4.663592946180234
--------
nle(id0,id1,dist): 65 80 2.1189164397212448
list:
dist: 2.1189164397212448 vs. 2.1189164397212448
--------
nle(id0,id1,dist): 65 78 3.1046363110014363
list:
dist: 3.1046363110014363 vs. 3.1046363110014363
--------
nle(id0,id1,dist): 66 70 0.5481881019142395
list:
dist: 0.5481881019142395 vs. 0.5481881019142395
--------
nle(id0,id1,dist): 66 69 0.5414473947854104
list:
dist: 0.5414473947854104 vs. 0.5414473947854104
--------
nle(id0,id1,dist): 66 68 1.9386420073758093
list:
dist: 1.9386420073758093 vs. 1.9386420073758093
--------
nle(id0,id1,dist): 66 67 1.4736457799469558
list:
dist: 1.4736457799469558 vs. 1.4736457799469558
--------
nle(id0,id1,dist): 65 94 3.782033520103993
list:
dist: 3.782033520103993 vs. 3.782033520103993
--------
nle(id0,id1,dist): 65 93 3.8652586568721072
list:
dist: 3.8652586568721072 vs. 3.8652586568721072
--------
nle(id0,id1,dist): 64 94 3.4692867244232684
list:
dist: 3.4692867244232684 vs. 3.4692867244232684
--------
nle(id0,id1,dist): 64 89 3.8002843319016053
list:
dist: 3.8002843319016053 vs. 3.8002843319016053
--------
nle(id0,id1,dist): 64 85 3.373226538123351
list:
dist: 3.373226538123351 vs. 3.373226538123351
--------
nle(id0,id1,dist): 64 86 3.9056694795971696
list:
dist: 3.9056694795971696 vs. 3.9056694795971696
--------
nle(id0,id1,dist): 64 87 3.130173243791279
list:
dist: 3.130173243791279 vs. 3.130173243791279
--------
nle(id0,id1,dist): 64 88 3.1577511976461365
list:
dist: 3.1577511976461365 vs. 3.1577511976461365
--------
nle(id0,id1,dist): 64 81 3.167129258921971
list:
dist: 3.167129258921971 vs. 3.167129258921971
--------
nle(id0,id1,dist): 64 82 2.8593024001147858
list:
dist: 2.8593024001147858 vs. 2.8593024001147858
--------
nle(id0,id1,dist): 64 83 3.7773582845590354
list:
dist: 3.7773582845590354 vs. 3.7773582845590354
--------
nle(id0,id1,dist): 64 84 2.703980522736724
list:
dist: 2.703980522736724 vs. 2.703980522736724
--------
nle(id0,id1,dist): 65 73 1.7633188275312903
list:
dist: 1.7633188275312903 vs. 1.7633188275312903
--------
nle(id0,id1,dist): 65 72 2.0713821525221117
list:
dist: 2.0713821525221117 vs. 2.0713821525221117
--------
nle(id0,id1,dist): 65 75 2.3597135204040107
list:
dist: 2.3597135204040107 vs. 2.3597135204040107
--------
nle(id0,id1,dist): 64 111 4.619661814931973
list:
dist: 4.619661814931973 vs. 4.619661814931973
--------
nle(id0,id1,dist): 65 69 1.6705122048689134
list:
dist: 1.6705122048689134 vs. 1.6705122048689134
--------
nle(id0,id1,dist): 65 68 0.7289509422619637
list:
dist: 0.7289509422619637 vs. 0.7289509422619637
--------
nle(id0,id1,dist): 65 71 2.201310747186332
list:
dist: 2.201310747186332 vs. 2.201310747186332
--------
nle(id0,id1,dist): 65 70 2.036829132374002
list:
dist: 2.036829132374002 vs. 2.036829132374002
--------
nle(id0,id1,dist): 65 67 2.2761163858002824
list:
dist: 2.2761163858002824 vs. 2.2761163858002824
--------
nle(id0,id1,dist): 65 66 1.6094952874459822
list:
dist: 1.6094952874459822 vs. 1.6094952874459822
--------
nle(id0,id1,dist): 67 76 1.2151611389354497
list:
dist: 1.2151611389354497 vs. 1.2151611389354497
--------
nle(id0,id1,dist): 67 77 1.0870665568597397
list:
dist: 1.0870665568597397 vs. 1.0870665568597397
--------
nle(id0,id1,dist): 67 74 1.3348841061405292
list:
dist: 1.3348841061405292 vs. 1.3348841061405292
--------
nle(id0,id1,dist): 66 111 3.9761005971260706
list:
dist: 3.9761005971260706 vs. 3.9761005971260706
--------
nle(id0,id1,dist): 67 75 0.5420195089737785
list:
dist: 0.5420195089737785 vs. 0.5420195089737785
--------
nle(id0,id1,dist): 67 80 1.5797659910515751
list:
dist: 1.5797659910515751 vs. 1.5797659910515751
--------
nle(id0,id1,dist): 67 81 2.554002651629702
list:
dist: 2.554002651629702 vs. 2.554002651629702
--------
nle(id0,id1,dist): 67 78 1.292166703411536
list:
dist: 1.292166703411536 vs. 1.292166703411536
--------
nle(id0,id1,dist): 67 79 1.7997589124752797
list:
dist: 1.7997589124752797 vs. 1.7997589124752797
--------
nle(id0,id1,dist): 67 68 2.087430351099846
list:
dist: 2.087430351099846 vs. 2.087430351099846
--------
nle(id0,id1,dist): 67 69 1.2508338805662202
list:
dist: 1.2508338805662202 vs. 1.2508338805662202
--------
nle(id0,id1,dist): 67 72 0.7952477113466556
list:
dist: 0.7952477113466556 vs. 0.7952477113466556
--------
nle(id0,id1,dist): 67 73 1.2309052718609599
list:
dist: 1.2309052718609599 vs. 1.2309052718609599
--------
nle(id0,id1,dist): 67 70 1.5976323059560276
list:
dist: 1.5976323059560276 vs. 1.5976323059560276
--------
nle(id0,id1,dist): 67 71 2.0048896960000695
list:
dist: 2.0048896960000695 vs. 2.0048896960000695
--------
nle(id0,id1,dist): 67 94 4.119689537676436
list:
dist: 4.119689537676436 vs. 4.119689537676436
--------
nle(id0,id1,dist): 67 85 2.1436311774246604
list:
dist: 2.1436311774246604 vs. 2.1436311774246604
--------
nle(id0,id1,dist): 67 84 1.9248488468616682
list:
dist: 1.9248488468616682 vs. 1.9248488468616682
--------
nle(id0,id1,dist): 67 83 2.87899891389327
list:
dist: 2.87899891389327 vs. 2.87899891389327
--------
nle(id0,id1,dist): 67 82 2.233941128096966
list:
dist: 2.233941128096966 vs. 2.233941128096966
--------
nle(id0,id1,dist): 67 89 2.0686138501952946
list:
dist: 2.0686138501952946 vs. 2.0686138501952946
--------
nle(id0,id1,dist): 67 88 1.4988192200049084
list:
dist: 1.4988192200049084 vs. 1.4988192200049084
--------
nle(id0,id1,dist): 67 87 2.1257244298438156
list:
dist: 2.1257244298438156 vs. 2.1257244298438156
--------
nle(id0,id1,dist): 67 86 2.531011128416026
list:
dist: 2.531011128416026 vs. 2.531011128416026
--------
nle(id0,id1,dist): 66 79 2.629375347910763
list:
dist: 2.629375347910763 vs. 2.629375347910763
--------
nle(id0,id1,dist): 66 80 0.8469610809241244
list:
dist: 0.8469610809241244 vs. 0.8469610809241244
--------
nle(id0,id1,dist): 66 81 1.882220923438664
list:
dist: 1.882220923438664 vs. 1.882220923438664
--------
nle(id0,id1,dist): 66 82 1.5500341455930218
list:
dist: 1.5500341455930218 vs. 1.5500341455930218
--------
nle(id0,id1,dist): 66 83 2.616227180245681
list:
dist: 2.616227180245681 vs. 2.616227180245681
--------
nle(id0,id1,dist): 66 84 1.4270408457081147
list:
dist: 1.4270408457081147 vs. 1.4270408457081147
--------
nle(id0,id1,dist): 66 85 2.190061147373263
list:
dist: 2.190061147373263 vs. 2.190061147373263
--------
nle(id0,id1,dist): 66 86 2.8608814742890982
list:
dist: 2.8608814742890982 vs. 2.8608814742890982
--------
nle(id0,id1,dist): 66 71 0.7310272869417637
list:
dist: 0.7310272869417637 vs. 0.7310272869417637
--------
nle(id0,id1,dist): 66 72 1.3900875685133494
list:
dist: 1.3900875685133494 vs. 1.3900875685133494
--------
nle(id0,id1,dist): 66 73 1.3448537374647591
list:
dist: 1.3448537374647591 vs. 1.3448537374647591
--------
nle(id0,id1,dist): 66 74 1.2112541283902067
list:
dist: 1.2112541283902067 vs. 1.2112541283902067
--------
nle(id0,id1,dist): 66 75 1.583147706464519
list:
dist: 1.583147706464519 vs. 1.583147706464519
--------
nle(id0,id1,dist): 66 76 2.0999464360588185
list:
dist: 2.0999464360588185 vs. 2.0999464360588185
--------
nle(id0,id1,dist): 66 77 1.3925518360209785
list:
dist: 1.3925518360209785 vs. 1.3925518360209785
--------
nle(id0,id1,dist): 66 78 2.294104440730257
list:
dist: 2.294104440730257 vs. 2.294104440730257
--------
nle(id0,id1,dist): 66 88 2.406616450398392
list:
dist: 2.406616450398392 vs. 2.406616450398392
--------
nle(id0,id1,dist): 66 87 2.0885172610021194
list:
dist: 2.0885172610021194 vs. 2.0885172610021194
--------
nle(id0,id1,dist): 66 90 5.027541879514235
list:
dist: 5.027541879514235 vs. 5.027541879514235
--------
nle(id0,id1,dist): 66 89 2.9698858124768694
list:
dist: 2.9698858124768694 vs. 2.9698858124768694
--------
nle(id0,id1,dist): 66 94 3.341457076387726
list:
dist: 3.341457076387726 vs. 3.341457076387726
--------
nle(id0,id1,dist): 66 93 3.8266168597058736
list:
dist: 3.8266168597058736 vs. 3.8266168597058736
--------
nle(id0,id1,dist): 48 51 1.6233447739014628
list:
dist: 1.6233447739014628 vs. 1.6233447739014628
--------
nle(id0,id1,dist): 48 52 1.3343209868793144
list:
dist: 1.3343209868793144 vs. 1.3343209868793144
--------
nle(id0,id1,dist): 48 49 1.5703645377881053
list:
dist: 1.5703645377881053 vs. 1.5703645377881053
--------
nle(id0,id1,dist): 48 50 2.4010212821130095
list:
dist: 2.4010212821130095 vs. 2.4010212821130095
--------
nle(id0,id1,dist): 48 55 1.0583490243242422
list:
dist: 1.0583490243242422 vs. 1.0583490243242422
--------
nle(id0,id1,dist): 48 56 1.7846686552735382
list:
dist: 1.7846686552735382 vs. 1.7846686552735382
--------
nle(id0,id1,dist): 48 53 2.608327932450216
list:
dist: 2.608327932450216 vs. 2.608327932450216
--------
nle(id0,id1,dist): 48 54 2.4610780143401767
list:
dist: 2.4610780143401767 vs. 2.4610780143401767
--------
nle(id0,id1,dist): 48 59 1.71153642947143
list:
dist: 1.71153642947143 vs. 1.71153642947143
--------
nle(id0,id1,dist): 48 57 1.0191618935547349
list:
dist: 1.0191618935547349 vs. 1.0191618935547349
--------
nle(id0,id1,dist): 48 58 2.5110915206773963
list:
dist: 2.5110915206773963 vs. 2.5110915206773963
--------
nle(id0,id1,dist): 49 50 2.1791715925884687
list:
dist: 2.1791715925884687 vs. 2.1791715925884687
--------
nle(id0,id1,dist): 49 52 1.8052458121250876
list:
dist: 1.8052458121250876 vs. 1.8052458121250876
--------
nle(id0,id1,dist): 49 53 3.943556067247012
list:
dist: 3.943556067247012 vs. 3.943556067247012
--------
nle(id0,id1,dist): 49 54 1.534602050705679
list:
dist: 1.534602050705679 vs. 1.534602050705679
--------
nle(id0,id1,dist): 49 55 0.8900951270473608
list:
dist: 0.8900951270473608 vs. 0.8900951270473608
--------
nle(id0,id1,dist): 49 56 2.387372423462892
list:
dist: 2.387372423462892 vs. 2.387372423462892
--------
nle(id0,id1,dist): 49 57 0.8335052484914479
list:
dist: 0.8335052484914479 vs. 0.8335052484914479
--------
nle(id0,id1,dist): 49 58 2.517658167762618
list:
dist: 2.517658167762618 vs. 2.517658167762618
--------
nle(id0,id1,dist): 49 59 0.7496877911702761
list:
dist: 0.7496877911702761 vs. 0.7496877911702761
--------
nle(id0,id1,dist): 50 54 1.1379461554351875
list:
dist: 1.1379461554351875 vs. 1.1379461554351875
--------
nle(id0,id1,dist): 50 51 2.3515851882013368
list:
dist: 2.3515851882013368 vs. 2.3515851882013368
--------
nle(id0,id1,dist): 50 52 1.659892311143856
list:
dist: 1.659892311143856 vs. 1.659892311143856
--------
nle(id0,id1,dist): 50 59 2.3258139134118485
list:
dist: 2.3258139134118485 vs. 2.3258139134118485
--------
nle(id0,id1,dist): 50 56 1.1995576003337822
list:
dist: 1.1995576003337822 vs. 1.1995576003337822
--------
nle(id0,id1,dist): 50 55 2.319963317128361
list:
dist: 2.319963317128361 vs. 2.319963317128361
--------
nle(id0,id1,dist): 50 58 1.8532965342565653
list:
dist: 1.8532965342565653 vs. 1.8532965342565653
--------
nle(id0,id1,dist): 50 57 1.7771088443028928
list:
dist: 1.7771088443028928 vs. 1.7771088443028928
--------
nle(id0,id1,dist): 45 47 2.39014012951708
list:
dist: 2.39014012951708 vs. 2.39014012951708
--------
nle(id0,id1,dist): 45 46 2.4699515380771846
list:
dist: 2.4699515380771846 vs. 2.4699515380771846
--------
nle(id0,id1,dist): 44 55 1.8714045264649488
list:
dist: 1.8714045264649488 vs. 1.8714045264649488
--------
nle(id0,id1,dist): 44 56 3.0059175554744324
list:
dist: 3.0059175554744324 vs. 3.0059175554744324
--------
nle(id0,id1,dist): 44 54 1.7243307306993858
list:
dist: 1.7243307306993858 vs. 1.7243307306993858
--------
nle(id0,id1,dist): 44 59 2.1020405211536364
list:
dist: 2.1020405211536364 vs. 2.1020405211536364
--------
nle(id0,id1,dist): 44 57 2.135722475221864
list:
dist: 2.135722475221864 vs. 2.135722475221864
--------
nle(id0,id1,dist): 44 58 3.4715114854167597
list:
dist: 3.4715114854167597 vs. 3.4715114854167597
--------
nle(id0,id1,dist): 45 56 2.1930454656119007
list:
dist: 2.1930454656119007 vs. 2.1930454656119007
--------
nle(id0,id1,dist): 45 57 2.5766450318333183
list:
dist: 2.5766450318333183 vs. 2.5766450318333183
--------
nle(id0,id1,dist): 45 59 3.300667641008501
list:
dist: 3.300667641008501 vs. 3.300667641008501
--------
nle(id0,id1,dist): 45 48 2.2958302588619226
list:
dist: 2.2958302588619226 vs. 2.2958302588619226
--------
nle(id0,id1,dist): 45 49 2.673326428850559
list:
dist: 2.673326428850559 vs. 2.673326428850559
--------
nle(id0,id1,dist): 45 51 2.5574472125116534
list:
dist: 2.5574472125116534 vs. 2.5574472125116534
--------
nle(id0,id1,dist): 45 55 1.94936554534041
list:
dist: 1.94936554534041 vs. 1.94936554534041
--------
nle(id0,id1,dist): 46 59 1.1146649816642984
list:
dist: 1.1146649816642984 vs. 1.1146649816642984
--------
nle(id0,id1,dist): 46 57 1.0988065826205935
list:
dist: 1.0988065826205935 vs. 1.0988065826205935
--------
nle(id0,id1,dist): 46 58 2.9121280899824846
list:
dist: 2.9121280899824846 vs. 2.9121280899824846
--------
nle(id0,id1,dist): 46 55 0.6760759566505434
list:
dist: 0.6760759566505434 vs. 0.6760759566505434
--------
nle(id0,id1,dist): 46 56 2.5455970817750178
list:
dist: 2.5455970817750178 vs. 2.5455970817750178
--------
nle(id0,id1,dist): 46 53 3.8936072278266094
list:
dist: 3.8936072278266094 vs. 3.8936072278266094
--------
nle(id0,id1,dist): 46 54 1.8893184304962034
list:
dist: 1.8893184304962034 vs. 1.8893184304962034
--------
nle(id0,id1,dist): 46 52 2.0965379273679665
list:
dist: 2.0965379273679665 vs. 2.0965379273679665
--------
nle(id0,id1,dist): 46 49 0.4349313684902073
list:
dist: 0.4349313684902073 vs. 0.4349313684902073
--------
nle(id0,id1,dist): 46 50 2.4497632265283897
list:
dist: 2.4497632265283897 vs. 2.4497632265283897
--------
nle(id0,id1,dist): 46 47 1.1949355513750417
list:
dist: 1.1949355513750417 vs. 1.1949355513750417
--------
nle(id0,id1,dist): 46 48 1.570117905037658
list:
dist: 1.570117905037658 vs. 1.570117905037658
--------
nle(id0,id1,dist): 47 59 1.2606200121906688
list:
dist: 1.2606200121906688 vs. 1.2606200121906688
--------
nle(id0,id1,dist): 47 58 2.2848789992680456
list:
dist: 2.2848789992680456 vs. 2.2848789992680456
--------
nle(id0,id1,dist): 47 55 0.8226315872714661
list:
dist: 0.8226315872714661 vs. 0.8226315872714661
--------
nle(id0,id1,dist): 47 54 2.058861333742008
list:
dist: 2.058861333742008 vs. 2.058861333742008
--------
nle(id0,id1,dist): 47 57 0.5769155543575549
list:
dist: 0.5769155543575549 vs. 0.5769155543575549
--------
nle(id0,id1,dist): 47 56 1.8011798099393699
list:
dist: 1.8011798099393699 vs. 1.8011798099393699
--------
nle(id0,id1,dist): 47 50 2.169823684150811
list:
dist: 2.169823684150811 vs. 2.169823684150811
--------
nle(id0,id1,dist): 47 51 1.9131411283533635
list:
dist: 1.9131411283533635 vs. 1.9131411283533635
--------
nle(id0,id1,dist): 47 52 1.1822920715080136
list:
dist: 1.1822920715080136 vs. 1.1822920715080136
--------
nle(id0,id1,dist): 47 53 2.9710300822196243
list:
dist: 2.9710300822196243 vs. 2.9710300822196243
--------
nle(id0,id1,dist): 47 48 0.47240387397467243
list:
dist: 0.47240387397467243 vs. 0.47240387397467243
--------
nle(id0,id1,dist): 47 49 1.1237535929818847
list:
dist: 1.1237535929818847 vs. 1.1237535929818847
--------
nle(id0,id1,dist): 55 56 2.116524108947032
list:
dist: 2.116524108947032 vs. 2.116524108947032
--------
nle(id0,id1,dist): 55 57 0.9915387545728042
list:
dist: 0.9915387545728042 vs. 0.9915387545728042
--------
nle(id0,id1,dist): 55 58 2.8942575244772892
list:
dist: 2.8942575244772892 vs. 2.8942575244772892
--------
nle(id0,id1,dist): 55 59 1.4653179342551554
list:
dist: 1.4653179342551554 vs. 1.4653179342551554
--------
nle(id0,id1,dist): 56 58 2.1257393779641913
list:
dist: 2.1257393779641913 vs. 2.1257393779641913
--------
nle(id0,id1,dist): 56 57 1.730990937258804
list:
dist: 1.730990937258804 vs. 1.730990937258804
--------
nle(id0,id1,dist): 56 59 2.5675113060294232
list:
dist: 2.5675113060294232 vs. 2.5675113060294232
--------
nle(id0,id1,dist): 57 59 0.8936467445733621
list:
dist: 0.8936467445733621 vs. 0.8936467445733621
--------
nle(id0,id1,dist): 57 58 1.9140215306560755
list:
dist: 1.9140215306560755 vs. 1.9140215306560755
--------
nle(id0,id1,dist): 51 58 2.5505332030931096
list:
dist: 2.5505332030931096 vs. 2.5505332030931096
--------
nle(id0,id1,dist): 51 52 1.6364686872061456
list:
dist: 1.6364686872061456 vs. 1.6364686872061456
--------
nle(id0,id1,dist): 51 53 2.9386863475288876
list:
dist: 2.9386863475288876 vs. 2.9386863475288876
--------
nle(id0,id1,dist): 51 54 3.0482946737420473
list:
dist: 3.0482946737420473 vs. 3.0482946737420473
--------
nle(id0,id1,dist): 51 55 2.438701944841482
list:
dist: 2.438701944841482 vs. 2.438701944841482
--------
nle(id0,id1,dist): 51 56 1.2051314582589958
list:
dist: 1.2051314582589958 vs. 1.2051314582589958
--------
nle(id0,id1,dist): 51 57 2.145194008137014
list:
dist: 2.145194008137014 vs. 2.145194008137014
--------
nle(id0,id1,dist): 52 55 1.879623488859306
list:
dist: 1.879623488859306 vs. 1.879623488859306
--------
nle(id0,id1,dist): 52 56 1.3956805530076495
list:
dist: 1.3956805530076495 vs. 1.3956805530076495
--------
nle(id0,id1,dist): 52 53 3.323966410026045
list:
dist: 3.323966410026045 vs. 3.323966410026045
--------
nle(id0,id1,dist): 52 54 1.807148359986187
list:
dist: 1.807148359986187 vs. 1.807148359986187
--------
nle(id0,id1,dist): 52 59 1.5799230073368082
list:
dist: 1.5799230073368082 vs. 1.5799230073368082
--------
nle(id0,id1,dist): 52 57 0.9979820911145053
list:
dist: 0.9979820911145053 vs. 0.9979820911145053
--------
nle(id0,id1,dist): 52 58 1.1947153536023347
list:
dist: 1.1947153536023347 vs. 1.1947153536023347
--------
nle(id0,id1,dist): 53 55 3.486709474857643
list:
dist: 3.486709474857643 vs. 3.486709474857643
--------
nle(id0,id1,dist): 53 62 2.6947718376375027
list:
dist: 2.6947718376375027 vs. 2.6947718376375027
--------
nle(id0,id1,dist): 53 57 3.4665729725098444
list:
dist: 3.4665729725098444 vs. 3.4665729725098444
--------
nle(id0,id1,dist): 53 56 3.9185137215415247
list:
dist: 3.9185137215415247 vs. 3.9185137215415247
--------
nle(id0,id1,dist): 53 59 3.806318301237935
list:
dist: 3.806318301237935 vs. 3.806318301237935
--------
nle(id0,id1,dist): 53 58 4.213872625208686
list:
dist: 4.213872625208686 vs. 4.213872625208686
--------
nle(id0,id1,dist): 53 72 2.973970269043089
list:
dist: 2.973970269043089 vs. 2.973970269043089
--------
nle(id0,id1,dist): 53 73 2.85136249763826
list:
dist: 2.85136249763826 vs. 2.85136249763826
--------
nle(id0,id1,dist): 54 59 1.5982418052158032
list:
dist: 1.5982418052158032 vs. 1.5982418052158032
--------
nle(id0,id1,dist): 54 58 1.8716296563589174
list:
dist: 1.8716296563589174 vs. 1.8716296563589174
--------
nle(id0,id1,dist): 54 57 1.5050211665254625
list:
dist: 1.5050211665254625 vs. 1.5050211665254625
--------
nle(id0,id1,dist): 54 56 2.075071396979176
list:
dist: 2.075071396979176 vs. 2.075071396979176
--------
nle(id0,id1,dist): 54 55 2.0878730651335062
list:
dist: 2.0878730651335062 vs. 2.0878730651335062
--------
nle(id0,id1,dist): 93 97 0.9492322511557492
list:
dist: 0.9492322511557492 vs. 0.9492322511557492
--------
nle(id0,id1,dist): 93 96 0.9702644788600909
list:
dist: 0.9702644788600909 vs. 0.9702644788600909
--------
nle(id0,id1,dist): 93 99 1.415128128346196
list:
dist: 1.415128128346196 vs. 1.415128128346196
--------
nle(id0,id1,dist): 93 98 1.4555199160749044
list:
dist: 1.4555199160749044 vs. 1.4555199160749044
--------
nle(id0,id1,dist): 93 101 0.6098292657332036
list:
dist: 0.6098292657332036 vs. 0.6098292657332036
--------
nle(id0,id1,dist): 93 100 1.9219027726668074
list:
dist: 1.9219027726668074 vs. 1.9219027726668074
--------
nle(id0,id1,dist): 93 103 1.2502787406184708
list:
dist: 1.2502787406184708 vs. 1.2502787406184708
--------
nle(id0,id1,dist): 93 102 1.7079491847579957
list:
dist: 1.7079491847579957 vs. 1.7079491847579957
--------
nle(id0,id1,dist): 93 105 1.2870014561405823
list:
dist: 1.2870014561405823 vs. 1.2870014561405823
--------
nle(id0,id1,dist): 93 104 1.977109203407535
list:
dist: 1.977109203407535 vs. 1.977109203407535
--------
nle(id0,id1,dist): 93 106 1.1914212013149565
list:
dist: 1.1914212013149565 vs. 1.1914212013149565
--------
nle(id0,id1,dist): 93 109 2.499253743795798
list:
dist: 2.499253743795798 vs. 2.499253743795798
--------
nle(id0,id1,dist): 93 108 1.9424584798936742
list:
dist: 1.9424584798936742 vs. 1.9424584798936742
--------
nle(id0,id1,dist): 94 109 1.8950860777955165
list:
dist: 1.8950860777955165 vs. 1.8950860777955165
--------
nle(id0,id1,dist): 94 110 3.031281192672613
list:
dist: 3.031281192672613 vs. 3.031281192672613
--------
nle(id0,id1,dist): 94 108 1.808058919935686
list:
dist: 1.808058919935686 vs. 1.808058919935686
--------
nle(id0,id1,dist): 94 113 2.9957300280901644
list:
dist: 2.9957300280901644 vs. 2.9957300280901644
--------
nle(id0,id1,dist): 94 114 2.637877238564922
list:
dist: 2.637877238564922 vs. 2.637877238564922
--------
nle(id0,id1,dist): 94 111 2.1265413138308764
list:
dist: 2.1265413138308764 vs. 2.1265413138308764
--------
nle(id0,id1,dist): 94 112 1.5192677684068625
list:
dist: 1.5192677684068625 vs. 1.5192677684068625
--------
nle(id0,id1,dist): 94 117 2.958552689862712
list:
dist: 2.958552689862712 vs. 2.958552689862712
--------
nle(id0,id1,dist): 94 118 3.1628363136398847
list:
dist: 3.1628363136398847 vs. 3.1628363136398847
--------
nle(id0,id1,dist): 94 115 3.155246662143089
list:
dist: 3.155246662143089 vs. 3.155246662143089
--------
nle(id0,id1,dist): 94 116 3.6669529936205776
list:
dist: 3.6669529936205776 vs. 3.6669529936205776
--------
nle(id0,id1,dist): 94 98 1.2454354545598698
list:
dist: 1.2454354545598698 vs. 1.2454354545598698
--------
nle(id0,id1,dist): 94 97 0.5308041372034323
list:
dist: 0.5308041372034323 vs. 0.5308041372034323
--------
nle(id0,id1,dist): 94 96 0.9924576153748645
list:
dist: 0.9924576153748645 vs. 0.9924576153748645
--------
nle(id0,id1,dist): 94 95 0.7284760074868378
list:
dist: 0.7284760074868378 vs. 0.7284760074868378
--------
nle(id0,id1,dist): 94 102 1.4686472073098331
list:
dist: 1.4686472073098331 vs. 1.4686472073098331
--------
nle(id0,id1,dist): 94 101 1.6821305833499063
list:
dist: 1.6821305833499063 vs. 1.6821305833499063
--------
nle(id0,id1,dist): 94 100 2.32457663026194
list:
dist: 2.32457663026194 vs. 2.32457663026194
--------
nle(id0,id1,dist): 94 99 0.8542637565316465
list:
dist: 0.8542637565316465 vs. 0.8542637565316465
--------
nle(id0,id1,dist): 94 106 1.1220216221322232
list:
dist: 1.1220216221322232 vs. 1.1220216221322232
--------
nle(id0,id1,dist): 94 105 1.5579562368122866
list:
dist: 1.5579562368122866 vs. 1.5579562368122866
--------
nle(id0,id1,dist): 94 104 1.3716737265986099
list:
dist: 1.3716737265986099 vs. 1.3716737265986099
--------
nle(id0,id1,dist): 94 103 1.8323032271853883
list:
dist: 1.8323032271853883 vs. 1.8323032271853883
--------
nle(id0,id1,dist): 92 97 2.137755247806668
list:
dist: 2.137755247806668 vs. 2.137755247806668
--------
nle(id0,id1,dist): 92 98 2.3775659782871346
list:
dist: 2.3775659782871346 vs. 2.3775659782871346
--------
nle(id0,id1,dist): 92 99 2.3775857352438767
list:
dist: 2.3775857352438767 vs. 2.3775857352438767
--------
nle(id0,id1,dist): 92 100 1.7603607376070147
list:
dist: 1.7603607376070147 vs. 1.7603607376070147
--------
nle(id0,id1,dist): 92 93 1.4630077243184403
list:
dist: 1.4630077243184403 vs. 1.4630077243184403
--------
nle(id0,id1,dist): 92 94 2.475923301619163
list:
dist: 2.475923301619163 vs. 2.475923301619163
--------
nle(id0,id1,dist): 92 95 1.9835078737491942
list:
dist: 1.9835078737491942 vs. 1.9835078737491942
--------
nle(id0,id1,dist): 92 96 2.033263274927692
list:
dist: 2.033263274927692 vs. 2.033263274927692
--------
nle(id0,id1,dist): 91 111 1.8650658205412307
list:
dist: 1.8650658205412307 vs. 1.8650658205412307
--------
nle(id0,id1,dist): 91 110 2.4992099604957776
list:
dist: 2.4992099604957776 vs. 2.4992099604957776
--------
nle(id0,id1,dist): 91 113 2.76064845998454
list:
dist: 2.76064845998454 vs. 2.76064845998454
--------
nle(id0,id1,dist): 91 112 1.366029647164847
list:
dist: 1.366029647164847 vs. 1.366029647164847
--------
nle(id0,id1,dist): 91 107 2.1414714632152623
list:
dist: 2.1414714632152623 vs. 2.1414714632152623
--------
nle(id0,id1,dist): 91 106 1.6866985215122183
list:
dist: 1.6866985215122183 vs. 1.6866985215122183
--------
nle(id0,id1,dist): 91 109 1.778915017742772
list:
dist: 1.778915017742772 vs. 1.778915017742772
--------
nle(id0,id1,dist): 91 108 2.64756486517722
list:
dist: 2.64756486517722 vs. 2.64756486517722
--------
nle(id0,id1,dist): 91 118 2.6283724060977023
list:
dist: 2.6283724060977023 vs. 2.6283724060977023
--------
nle(id0,id1,dist): 91 115 2.8015505357685657
list:
dist: 2.8015505357685657 vs. 2.8015505357685657
--------
nle(id0,id1,dist): 91 114 2.4525467401834473
list:
dist: 2.4525467401834473 vs. 2.4525467401834473
--------
nle(id0,id1,dist): 91 117 2.700012960865771
list:
dist: 2.700012960865771 vs. 2.700012960865771
--------
nle(id0,id1,dist): 91 116 3.567007209345796
list:
dist: 3.567007209345796 vs. 3.567007209345796
--------
nle(id0,id1,dist): 93 94 1.1111567687205024
list:
dist: 1.1111567687205024 vs. 1.1111567687205024
--------
nle(id0,id1,dist): 93 95 0.965766264539498
list:
dist: 0.965766264539498 vs. 0.965766264539498
--------
nle(id0,id1,dist): 92 108 2.7252744175023764
list:
dist: 2.7252744175023764 vs. 2.7252744175023764
--------
nle(id0,id1,dist): 92 107 2.691625077749822
list:
dist: 2.691625077749822 vs. 2.691625077749822
--------
nle(id0,id1,dist): 92 106 2.0313333868723027
list:
dist: 2.0313333868723027 vs. 2.0313333868723027
--------
nle(id0,id1,dist): 92 105 1.6101515274190625
list:
dist: 1.6101515274190625 vs. 1.6101515274190625
--------
nle(id0,id1,dist): 92 104 2.9686950003422825
list:
dist: 2.9686950003422825 vs. 2.9686950003422825
--------
nle(id0,id1,dist): 92 103 1.5742294042578058
list:
dist: 1.5742294042578058 vs. 1.5742294042578058
--------
nle(id0,id1,dist): 92 102 2.2734278221582875
list:
dist: 2.2734278221582875 vs. 2.2734278221582875
--------
nle(id0,id1,dist): 92 101 0.8612200581017153
list:
dist: 0.8612200581017153 vs. 0.8612200581017153
--------
nle(id0,id1,dist): 92 109 3.1953959127499503
list:
dist: 3.1953959127499503 vs. 3.1953959127499503
--------
nle(id0,id1,dist): 97 101 1.4120419311819752
list:
dist: 1.4120419311819752 vs. 1.4120419311819752
--------
nle(id0,id1,dist): 97 100 1.7952511722955482
list:
dist: 1.7952511722955482 vs. 1.7952511722955482
--------
nle(id0,id1,dist): 97 103 1.3930866046907515
list:
dist: 1.3930866046907515 vs. 1.3930866046907515
--------
nle(id0,id1,dist): 97 102 1.038771856555404
list:
dist: 1.038771856555404 vs. 1.038771856555404
--------
nle(id0,id1,dist): 97 105 1.0386207217400438
list:
dist: 1.0386207217400438 vs. 1.0386207217400438
--------
nle(id0,id1,dist): 97 104 1.128306618059466
list:
dist: 1.128306618059466 vs. 1.128306618059466
--------
nle(id0,id1,dist): 97 107 1.8919179590246105
list:
dist: 1.8919179590246105 vs. 1.8919179590246105
--------
nle(id0,id1,dist): 97 106 0.610836415180844
list:
dist: 0.610836415180844 vs. 0.610836415180844
--------
nle(id0,id1,dist): 97 99 0.5703568530088368
list:
dist: 0.5703568530088368 vs. 0.5703568530088368
--------
nle(id0,id1,dist): 97 98 0.8531012295863867
list:
dist: 0.8531012295863867 vs. 0.8531012295863867
--------
nle(id0,id1,dist): 96 113 3.1957893956458108
list:
dist: 3.1957893956458108 vs. 3.1957893956458108
--------
nle(id0,id1,dist): 96 114 3.0724657376042526
list:
dist: 3.0724657376042526 vs. 3.0724657376042526
--------
nle(id0,id1,dist): 96 115 3.485569404354282
list:
dist: 3.485569404354282 vs. 3.485569404354282
--------
nle(id0,id1,dist): 96 116 4.099759354320997
list:
dist: 4.099759354320997 vs. 4.099759354320997
--------
nle(id0,id1,dist): 96 117 3.568747999275418
list:
dist: 3.568747999275418 vs. 3.568747999275418
--------
nle(id0,id1,dist): 96 118 3.7134465361790014
list:
dist: 3.7134465361790014 vs. 3.7134465361790014
--------
nle(id0,id1,dist): 98 102 1.1568206660400644
list:
dist: 1.1568206660400644 vs. 1.1568206660400644
--------
nle(id0,id1,dist): 98 101 1.764665259481222
list:
dist: 1.764665259481222 vs. 1.764665259481222
--------
nle(id0,id1,dist): 98 100 1.4539064731196736
list:
dist: 1.4539064731196736 vs. 1.4539064731196736
--------
nle(id0,id1,dist): 98 99 1.0784261678925002
list:
dist: 1.0784261678925002 vs. 1.0784261678925002
--------
nle(id0,id1,dist): 97 118 3.247250369965523
list:
dist: 3.247250369965523 vs. 3.247250369965523
--------
nle(id0,id1,dist): 97 116 3.7720958330967327
list:
dist: 3.7720958330967327 vs. 3.7720958330967327
--------
nle(id0,id1,dist): 97 117 3.132322318662988
list:
dist: 3.132322318662988 vs. 3.132322318662988
--------
nle(id0,id1,dist): 97 110 3.108895054590006
list:
dist: 3.108895054590006 vs. 3.108895054590006
--------
nle(id0,id1,dist): 97 111 2.398604691492829
list:
dist: 2.398604691492829 vs. 2.398604691492829
--------
nle(id0,id1,dist): 97 108 1.4690495754666957
list:
dist: 1.4690495754666957 vs. 1.4690495754666957
--------
nle(id0,id1,dist): 97 109 1.633002984345189
list:
dist: 1.633002984345189 vs. 1.633002984345189
--------
nle(id0,id1,dist): 97 114 2.6974878853192465
list:
dist: 2.6974878853192465 vs. 2.6974878853192465
--------
nle(id0,id1,dist): 97 115 3.127285227201966
list:
dist: 3.127285227201966 vs. 3.127285227201966
--------
nle(id0,id1,dist): 97 112 1.6112375393809482
list:
dist: 1.6112375393809482 vs. 1.6112375393809482
--------
nle(id0,id1,dist): 97 113 2.90435661460921
list:
dist: 2.90435661460921 vs. 2.90435661460921
--------
nle(id0,id1,dist): 95 115 3.0822703441409574
list:
dist: 3.0822703441409574 vs. 3.0822703441409574
--------
nle(id0,id1,dist): 95 114 2.7067540623599444
list:
dist: 2.7067540623599444 vs. 2.7067540623599444
--------
nle(id0,id1,dist): 95 117 3.1364857021907118
list:
dist: 3.1364857021907118 vs. 3.1364857021907118
--------
nle(id0,id1,dist): 95 116 3.822120650974498
list:
dist: 3.822120650974498 vs. 3.822120650974498
--------
nle(id0,id1,dist): 95 111 2.393469163095887
list:
dist: 2.393469163095887 vs. 2.393469163095887
--------
nle(id0,id1,dist): 95 110 3.02727584215793
list:
dist: 3.02727584215793 vs. 3.02727584215793
--------
nle(id0,id1,dist): 95 113 2.8811883143423125
list:
dist: 2.8811883143423125 vs. 2.8811883143423125
--------
nle(id0,id1,dist): 95 112 1.6011916586083896
list:
dist: 1.6011916586083896 vs. 1.6011916586083896
--------
nle(id0,id1,dist): 95 107 1.7485882492968134
list:
dist: 1.7485882492968134 vs. 1.7485882492968134
--------
nle(id0,id1,dist): 95 106 0.7278116404186661
list:
dist: 0.7278116404186661 vs. 0.7278116404186661
--------
nle(id0,id1,dist): 95 109 1.5774983765114963
list:
dist: 1.5774983765114963 vs. 1.5774983765114963
--------
nle(id0,id1,dist): 95 108 1.72510517089648
list:
dist: 1.72510517089648 vs. 1.72510517089648
--------
nle(id0,id1,dist): 95 103 1.4931895230362515
list:
dist: 1.4931895230362515 vs. 1.4931895230362515
--------
nle(id0,id1,dist): 95 102 0.8765086420683581
list:
dist: 0.8765086420683581 vs. 0.8765086420683581
--------
nle(id0,id1,dist): 95 105 0.9063883452695013
list:
dist: 0.9063883452695013 vs. 0.9063883452695013
--------
nle(id0,id1,dist): 95 104 1.348257365730153
list:
dist: 1.348257365730153 vs. 1.348257365730153
--------
nle(id0,id1,dist): 95 98 1.0999734372194003
list:
dist: 1.0999734372194003 vs. 1.0999734372194003
--------
nle(id0,id1,dist): 95 99 0.46466994247060184
list:
dist: 0.46466994247060184 vs. 0.46466994247060184
--------
nle(id0,id1,dist): 95 100 1.7338765494886346
list:
dist: 1.7338765494886346 vs. 1.7338765494886346
--------
nle(id0,id1,dist): 95 101 1.3367623786679
list:
dist: 1.3367623786679 vs. 1.3367623786679
--------
nle(id0,id1,dist): 95 96 0.8702045945339862
list:
dist: 0.8702045945339862 vs. 0.8702045945339862
--------
nle(id0,id1,dist): 95 97 0.3661956405221018
list:
dist: 0.3661956405221018 vs. 0.3661956405221018
--------
nle(id0,id1,dist): 96 112 2.08067073664745
list:
dist: 2.08067073664745 vs. 2.08067073664745
--------
nle(id0,id1,dist): 96 111 2.906738723692881
list:
dist: 2.906738723692881 vs. 2.906738723692881
--------
nle(id0,id1,dist): 96 110 3.575152788412014
list:
dist: 3.575152788412014 vs. 3.575152788412014
--------
nle(id0,id1,dist): 96 109 1.885103192438631
list:
dist: 1.885103192438631 vs. 1.885103192438631
--------
nle(id0,id1,dist): 96 108 1.0031858737645998
list:
dist: 1.0031858737645998 vs. 1.0031858737645998
--------
nle(id0,id1,dist): 96 107 1.9760710723838413
list:
dist: 1.9760710723838413 vs. 1.9760710723838413
--------
nle(id0,id1,dist): 96 106 0.46846126367383045
list:
dist: 0.46846126367383045 vs. 0.46846126367383045
--------
nle(id0,id1,dist): 96 105 1.000384952051922
list:
dist: 1.000384952051922 vs. 1.000384952051922
--------
nle(id0,id1,dist): 96 104 1.0885784758834158
list:
dist: 1.0885784758834158 vs. 1.0885784758834158
--------
nle(id0,id1,dist): 96 103 0.8962559069202622
list:
dist: 0.8962559069202622 vs. 0.8962559069202622
--------
nle(id0,id1,dist): 96 102 1.268616867544681
list:
dist: 1.268616867544681 vs. 1.268616867544681
--------
nle(id0,id1,dist): 96 101 1.3295610537992015
list:
dist: 1.3295610537992015 vs. 1.3295610537992015
--------
nle(id0,id1,dist): 96 100 1.5304326850125942
list:
dist: 1.5304326850125942 vs. 1.5304326850125942
--------
nle(id0,id1,dist): 96 99 1.0557010526800032
list:
dist: 1.0557010526800032 vs. 1.0557010526800032
--------
nle(id0,id1,dist): 96 98 0.49791969111396156
list:
dist: 0.49791969111396156 vs. 0.49791969111396156
--------
nle(id0,id1,dist): 96 97 0.6052742028460291
list:
dist: 0.6052742028460291 vs. 0.6052742028460291
--------
nle(id0,id1,dist): 95 118 3.1670319213088054
list:
dist: 3.1670319213088054 vs. 3.1670319213088054
--------
nle(id0,id1,dist): 86 111 3.390508116571799
list:
dist: 3.390508116571799 vs. 3.390508116571799
--------
nle(id0,id1,dist): 87 88 1.4202046196921
list:
dist: 1.4202046196921 vs. 1.4202046196921
--------
nle(id0,id1,dist): 87 89 2.0596711631331663
list:
dist: 2.0596711631331663 vs. 2.0596711631331663
--------
nle(id0,id1,dist): 87 94 3.3890128860391178
list:
dist: 3.3890128860391178 vs. 3.3890128860391178
--------
nle(id0,id1,dist): 87 111 2.7781654371195206
list:
dist: 2.7781654371195206 vs. 2.7781654371195206
--------
nle(id0,id1,dist): 87 121 5.3986240944916375
list:
dist: 5.3986240944916375 vs. 5.3986240944916375
--------
nle(id0,id1,dist): 84 111 3.9387359829959756
list:
dist: 3.9387359829959756 vs. 3.9387359829959756
--------
nle(id0,id1,dist): 85 87 1.0750626130851055
list:
dist: 1.0750626130851055 vs. 1.0750626130851055
--------
nle(id0,id1,dist): 85 86 0.995410538611688
list:
dist: 0.995410538611688 vs. 0.995410538611688
--------
nle(id0,id1,dist): 84 121 4.640120775401469
list:
dist: 4.640120775401469 vs. 4.640120775401469
--------
nle(id0,id1,dist): 85 94 4.313488155843926
list:
dist: 4.313488155843926 vs. 4.313488155843926
--------
nle(id0,id1,dist): 85 88 1.3965724482538073
list:
dist: 1.3965724482538073 vs. 1.3965724482538073
--------
nle(id0,id1,dist): 84 126 4.207645772542924
list:
dist: 4.207645772542924 vs. 4.207645772542924
--------
nle(id0,id1,dist): 85 89 1.5062002549247493
list:
dist: 1.5062002549247493 vs. 1.5062002549247493
--------
nle(id0,id1,dist): 85 111 3.755581872262586
list:
dist: 3.755581872262586 vs. 3.755581872262586
--------
nle(id0,id1,dist): 86 87 1.0086352853484066
list:
dist: 1.0086352853484066 vs. 1.0086352853484066
--------
nle(id0,id1,dist): 86 88 1.2556888473946841
list:
dist: 1.2556888473946841 vs. 1.2556888473946841
--------
nle(id0,id1,dist): 86 89 1.4882817515002118
list:
dist: 1.4882817515002118 vs. 1.4882817515002118
--------
nle(id0,id1,dist): 85 126 4.212419390608422
list:
dist: 4.212419390608422 vs. 4.212419390608422
--------
nle(id0,id1,dist): 85 121 4.73193681638097
list:
dist: 4.73193681638097 vs. 4.73193681638097
--------
nle(id0,id1,dist): 86 94 4.334220715775943
list:
dist: 4.334220715775943 vs. 4.334220715775943
--------
nle(id0,id1,dist): 90 93 1.737581219036343
list:
dist: 1.737581219036343 vs. 1.737581219036343
--------
nle(id0,id1,dist): 90 94 2.8385809810089464
list:
dist: 2.8385809810089464 vs. 2.8385809810089464
--------
nle(id0,id1,dist): 90 91 3.053144312662681
list:
dist: 3.053144312662681 vs. 3.053144312662681
--------
nle(id0,id1,dist): 90 92 0.8898813756354048
list:
dist: 0.8898813756354048 vs. 0.8898813756354048
--------
nle(id0,id1,dist): 90 106 2.634470782425772
list:
dist: 2.634470782425772 vs. 2.634470782425772
--------
nle(id0,id1,dist): 90 105 2.360392601563862
list:
dist: 2.360392601563862 vs. 2.360392601563862
--------
nle(id0,id1,dist): 90 104 3.543309286578287
list:
dist: 3.543309286578287 vs. 3.543309286578287
--------
nle(id0,id1,dist): 90 103 2.0807883090073833
list:
dist: 2.0807883090073833 vs. 2.0807883090073833
--------
nle(id0,id1,dist): 90 109 3.928223104960134
list:
dist: 3.928223104960134 vs. 3.928223104960134
--------
nle(id0,id1,dist): 90 108 3.2312411077314405
list:
dist: 3.2312411077314405 vs. 3.2312411077314405
--------
nle(id0,id1,dist): 90 98 2.917085036331608
list:
dist: 2.917085036331608 vs. 2.917085036331608
--------
nle(id0,id1,dist): 90 97 2.624537463320971
list:
dist: 2.624537463320971 vs. 2.624537463320971
--------
nle(id0,id1,dist): 90 96 2.494475526458117
list:
dist: 2.494475526458117 vs. 2.494475526458117
--------
nle(id0,id1,dist): 90 95 2.53236860624956
list:
dist: 2.53236860624956 vs. 2.53236860624956
--------
nle(id0,id1,dist): 90 102 3.014235768940871
list:
dist: 3.014235768940871 vs. 3.014235768940871
--------
nle(id0,id1,dist): 90 101 1.2169991180216577
list:
dist: 1.2169991180216577 vs. 1.2169991180216577
--------
nle(id0,id1,dist): 90 100 2.5480302558923684
list:
dist: 2.5480302558923684 vs. 2.5480302558923684
--------
nle(id0,id1,dist): 90 99 2.978417838596169
list:
dist: 2.978417838596169 vs. 2.978417838596169
--------
nle(id0,id1,dist): 91 99 0.9925690592937965
list:
dist: 0.9925690592937965 vs. 0.9925690592937965
--------
nle(id0,id1,dist): 91 98 2.0255322495021564
list:
dist: 2.0255322495021564 vs. 2.0255322495021564
--------
nle(id0,id1,dist): 91 101 2.0212526929586208
list:
dist: 2.0212526929586208 vs. 2.0212526929586208
--------
nle(id0,id1,dist): 91 100 2.5412587432082283
list:
dist: 2.5412587432082283 vs. 2.5412587432082283
--------
nle(id0,id1,dist): 91 103 2.472909604639849
list:
dist: 2.472909604639849 vs. 2.472909604639849
--------
nle(id0,id1,dist): 91 102 1.396440561220242
list:
dist: 1.396440561220242 vs. 1.396440561220242
--------
nle(id0,id1,dist): 91 105 1.719656282856486
list:
dist: 1.719656282856486 vs. 1.719656282856486
--------
nle(id0,id1,dist): 91 104 2.030201609165045
list:
dist: 2.030201609165045 vs. 2.030201609165045
--------
nle(id0,id1,dist): 91 93 1.6862658133520911
list:
dist: 1.6862658133520911 vs. 1.6862658133520911
--------
nle(id0,id1,dist): 91 92 2.5508668247808806
list:
dist: 2.5508668247808806 vs. 2.5508668247808806
--------
nle(id0,id1,dist): 91 95 1.0027536151785184
list:
dist: 1.0027536151785184 vs. 1.0027536151785184
--------
nle(id0,id1,dist): 91 94 1.2022612303723528
list:
dist: 1.2022612303723528 vs. 1.2022612303723528
--------
nle(id0,id1,dist): 91 97 1.2605221741491757
list:
dist: 1.2605221741491757 vs. 1.2605221741491757
--------
nle(id0,id1,dist): 91 96 1.8504915613606343
list:
dist: 1.8504915613606343 vs. 1.8504915613606343
--------
nle(id0,id1,dist): 88 94 4.40788806883819
list:
dist: 4.40788806883819 vs. 4.40788806883819
--------
nle(id0,id1,dist): 88 89 0.9581456335184323
list:
dist: 0.9581456335184323 vs. 0.9581456335184323
--------
nle(id0,id1,dist): 87 126 4.561929463262013
list:
dist: 4.561929463262013 vs. 4.561929463262013
--------
nle(id0,id1,dist): 88 111 3.972588369158424
list:
dist: 3.972588369158424 vs. 3.972588369158424
--------
nle(id0,id1,dist): 89 94 5.2858982804982775
list:
dist: 5.2858982804982775 vs. 5.2858982804982775
--------
nle(id0,id1,dist): 89 111 4.721701352706241
list:
dist: 4.721701352706241 vs. 4.721701352706241
--------
nle(id0,id1,dist): 81 82 0.5542800710826196
list:
dist: 0.5542800710826196 vs. 0.5542800710826196
--------
nle(id0,id1,dist): 81 83 1.9283013602746064
list:
dist: 1.9283013602746064 vs. 1.9283013602746064
--------
nle(id0,id1,dist): 81 88 2.521843929864192
list:
dist: 2.521843929864192 vs. 2.521843929864192
--------
nle(id0,id1,dist): 81 89 2.5925783096103125
list:
dist: 2.5925783096103125 vs. 2.5925783096103125
--------
nle(id0,id1,dist): 81 86 2.2811687292182086
list:
dist: 2.2811687292182086 vs. 2.2811687292182086
--------
nle(id0,id1,dist): 81 87 1.9671473390684653
list:
dist: 1.9671473390684653 vs. 1.9671473390684653
--------
nle(id0,id1,dist): 81 84 0.667394983347668
list:
dist: 0.667394983347668 vs. 0.667394983347668
--------
nle(id0,id1,dist): 81 85 1.3274319191918402
list:
dist: 1.3274319191918402 vs. 1.3274319191918402
--------
nle(id0,id1,dist): 80 85 1.850065578131571
list:
dist: 1.850065578131571 vs. 1.850065578131571
--------
nle(id0,id1,dist): 80 86 2.7143912799154966
list:
dist: 2.7143912799154966 vs. 2.7143912799154966
--------
nle(id0,id1,dist): 80 87 2.1791917695666223
list:
dist: 2.1791917695666223 vs. 2.1791917695666223
--------
nle(id0,id1,dist): 80 88 2.315922204810715
list:
dist: 2.315922204810715 vs. 2.315922204810715
--------
nle(id0,id1,dist): 79 118 4.278794014535434
list:
dist: 4.278794014535434 vs. 4.278794014535434
--------
nle(id0,id1,dist): 80 81 1.3267444970373767
list:
dist: 1.3267444970373767 vs. 1.3267444970373767
--------
nle(id0,id1,dist): 79 119 4.585299849791349
list:
dist: 4.585299849791349 vs. 4.585299849791349
--------
nle(id0,id1,dist): 80 82 1.2098153613987084
list:
dist: 1.2098153613987084 vs. 1.2098153613987084
--------
nle(id0,id1,dist): 80 83 2.5925607459028353
list:
dist: 2.5925607459028353 vs. 2.5925607459028353
--------
nle(id0,id1,dist): 80 84 0.974911784646346
list:
dist: 0.974911784646346 vs. 0.974911784646346
--------
nle(id0,id1,dist): 80 89 2.608436296457097
list:
dist: 2.608436296457097 vs. 2.608436296457097
--------
nle(id0,id1,dist): 79 106 4.2567144823946395
list:
dist: 4.2567144823946395 vs. 4.2567144823946395
--------
nle(id0,id1,dist): 79 109 4.255807102677114
list:
dist: 4.255807102677114 vs. 4.255807102677114
--------
nle(id0,id1,dist): 79 108 3.9280035068384085
list:
dist: 3.9280035068384085 vs. 3.9280035068384085
--------
nle(id0,id1,dist): 79 102 4.589403278711776
list:
dist: 4.589403278711776 vs. 4.589403278711776
--------
nle(id0,id1,dist): 79 105 4.893838471166604
list:
dist: 4.893838471166604 vs. 4.893838471166604
--------
nle(id0,id1,dist): 79 104 3.5612592789835618
list:
dist: 3.5612592789835618 vs. 3.5612592789835618
--------
nle(id0,id1,dist): 79 115 4.238148646718009
list:
dist: 4.238148646718009 vs. 4.238148646718009
--------
nle(id0,id1,dist): 79 114 3.588360162713425
list:
dist: 3.588360162713425 vs. 3.588360162713425
--------
nle(id0,id1,dist): 79 117 3.5076101439856417
list:
dist: 3.5076101439856417 vs. 3.5076101439856417
--------
nle(id0,id1,dist): 79 116 3.5213082695929945
list:
dist: 3.5213082695929945 vs. 3.5213082695929945
--------
nle(id0,id1,dist): 79 111 3.3770308274162266
list:
dist: 3.3770308274162266 vs. 3.3770308274162266
--------
nle(id0,id1,dist): 79 110 4.239680703751892
list:
dist: 4.239680703751892 vs. 4.239680703751892
--------
nle(id0,id1,dist): 79 113 4.183644761321582
list:
dist: 4.183644761321582 vs. 4.183644761321582
--------
nle(id0,id1,dist): 79 112 3.5797764545765007
list:
dist: 3.5797764545765007 vs. 3.5797764545765007
--------
nle(id0,id1,dist): 79 88 1.2837481245804612
list:
dist: 1.2837481245804612 vs. 1.2837481245804612
--------
nle(id0,id1,dist): 79 89 2.195147803850909
list:
dist: 2.195147803850909 vs. 2.195147803850909
--------
nle(id0,id1,dist): 79 86 1.9782560195208465
list:
dist: 1.9782560195208465 vs. 1.9782560195208465
--------
nle(id0,id1,dist): 79 87 1.7105194011645062
list:
dist: 1.7105194011645062 vs. 1.7105194011645062
--------
nle(id0,id1,dist): 79 96 4.065178083947839
list:
dist: 4.065178083947839 vs. 4.065178083947839
--------
nle(id0,id1,dist): 79 97 4.003990097672113
list:
dist: 4.003990097672113 vs. 4.003990097672113
--------
nle(id0,id1,dist): 79 94 3.674905191082864
list:
dist: 3.674905191082864 vs. 3.674905191082864
--------
nle(id0,id1,dist): 79 95 4.298044809073182
list:
dist: 4.298044809073182 vs. 4.298044809073182
--------
nle(id0,id1,dist): 79 98 3.9427904013388173
list:
dist: 3.9427904013388173 vs. 3.9427904013388173
--------
nle(id0,id1,dist): 79 99 4.1163199450975885
list:
dist: 4.1163199450975885 vs. 4.1163199450975885
--------
nle(id0,id1,dist): 78 111 3.778045187473119
list:
dist: 3.778045187473119 vs. 3.778045187473119
--------
nle(id0,id1,dist): 79 85 2.354658722559821
list:
dist: 2.354658722559821 vs. 2.354658722559821
--------
nle(id0,id1,dist): 79 84 2.716304623509528
list:
dist: 2.716304623509528 vs. 2.716304623509528
--------
nle(id0,id1,dist): 79 83 2.4655815293668204
list:
dist: 2.4655815293668204 vs. 2.4655815293668204
--------
nle(id0,id1,dist): 79 82 2.8777925482961817
list:
dist: 2.8777925482961817 vs. 2.8777925482961817
--------
nle(id0,id1,dist): 78 94 3.743320300770359
list:
dist: 3.743320300770359 vs. 3.743320300770359
--------
nle(id0,id1,dist): 78 80 2.6273206048482898
list:
dist: 2.6273206048482898 vs. 2.6273206048482898
--------
nle(id0,id1,dist): 78 79 0.6408070057304467
list:
dist: 0.6408070057304467 vs. 0.6408070057304467
--------
nle(id0,id1,dist): 78 82 2.8337341786276173
list:
dist: 2.8337341786276173 vs. 2.8337341786276173
--------
nle(id0,id1,dist): 78 81 3.2849040252996726
list:
dist: 3.2849040252996726 vs. 3.2849040252996726
--------
nle(id0,id1,dist): 78 84 2.6203997934019476
list:
dist: 2.6203997934019476 vs. 2.6203997934019476
--------
nle(id0,id1,dist): 78 83 2.771252268996211
list:
dist: 2.771252268996211 vs. 2.771252268996211
--------
nle(id0,id1,dist): 78 86 2.31995280251179
list:
dist: 2.31995280251179 vs. 2.31995280251179
--------
nle(id0,id1,dist): 78 85 2.4535701063995883
list:
dist: 2.4535701063995883 vs. 2.4535701063995883
--------
nle(id0,id1,dist): 78 88 1.3527538383551418
list:
dist: 1.3527538383551418 vs. 1.3527538383551418
--------
nle(id0,id1,dist): 78 87 1.955771176576285
list:
dist: 1.955771176576285 vs. 1.955771176576285
--------
nle(id0,id1,dist): 78 89 2.237446650220747
list:
dist: 2.237446650220747 vs. 2.237446650220747
--------
nle(id0,id1,dist): 84 94 4.032518809361457
list:
dist: 4.032518809361457 vs. 4.032518809361457
--------
nle(id0,id1,dist): 84 89 2.1699181142970585
list:
dist: 2.1699181142970585 vs. 2.1699181142970585
--------
nle(id0,id1,dist): 83 126 3.8265635721645173
list:
dist: 3.8265635721645173 vs. 3.8265635721645173
--------
nle(id0,id1,dist): 84 87 1.494032178233739
list:
dist: 1.494032178233739 vs. 1.494032178233739
--------
nle(id0,id1,dist): 84 88 1.9404748254509085
list:
dist: 1.9404748254509085 vs. 1.9404748254509085
--------
nle(id0,id1,dist): 84 85 0.984716765862204
list:
dist: 0.984716765862204 vs. 0.984716765862204
--------
nle(id0,id1,dist): 84 86 1.9161208383546546
list:
dist: 1.9161208383546546 vs. 1.9161208383546546
--------
nle(id0,id1,dist): 83 121 4.785868433170859
list:
dist: 4.785868433170859 vs. 4.785868433170859
--------
nle(id0,id1,dist): 83 111 2.658049994002167
list:
dist: 2.658049994002167 vs. 2.658049994002167
--------
nle(id0,id1,dist): 83 94 3.61066080227753
list:
dist: 3.61066080227753 vs. 3.61066080227753
--------
nle(id0,id1,dist): 83 86 1.1276179549672358
list:
dist: 1.1276179549672358 vs. 1.1276179549672358
--------
nle(id0,id1,dist): 83 87 0.8252843676223137
list:
dist: 0.8252843676223137 vs. 0.8252843676223137
--------
nle(id0,id1,dist): 83 88 2.0704861632249125
list:
dist: 2.0704861632249125 vs. 2.0704861632249125
--------
nle(id0,id1,dist): 83 89 2.466038681663835
list:
dist: 2.466038681663835 vs. 2.466038681663835
--------
nle(id0,id1,dist): 82 126 3.8982029986203104
list:
dist: 3.8982029986203104 vs. 3.8982029986203104
--------
nle(id0,id1,dist): 82 121 4.425101768527418
list:
dist: 4.425101768527418 vs. 4.425101768527418
--------
nle(id0,id1,dist): 83 84 1.7181695071241412
list:
dist: 1.7181695071241412 vs. 1.7181695071241412
--------
nle(id0,id1,dist): 83 85 1.2205683511302126
list:
dist: 1.2205683511302126 vs. 1.2205683511302126
--------
nle(id0,id1,dist): 82 111 3.7286380026363912
list:
dist: 3.7286380026363912 vs. 3.7286380026363912
--------
nle(id0,id1,dist): 82 89 2.445934640549561
list:
dist: 2.445934640549561 vs. 2.445934640549561
--------
nle(id0,id1,dist): 81 126 3.6644725115465815
list:
dist: 3.6644725115465815 vs. 3.6644725115465815
--------
nle(id0,id1,dist): 82 87 1.4782225478385569
list:
dist: 1.4782225478385569 vs. 1.4782225478385569
--------
nle(id0,id1,dist): 81 124 4.907747376590532
list:
dist: 4.907747376590532 vs. 4.907747376590532
--------
nle(id0,id1,dist): 82 88 2.186403839571599
list:
dist: 2.186403839571599 vs. 2.186403839571599
--------
nle(id0,id1,dist): 81 125 3.812890344178337
list:
dist: 3.812890344178337 vs. 3.812890344178337
--------
nle(id0,id1,dist): 82 94 3.8702156037644957
list:
dist: 3.8702156037644957 vs. 3.8702156037644957
--------
nle(id0,id1,dist): 81 121 4.003947281805526
list:
dist: 4.003947281805526 vs. 4.003947281805526
--------
nle(id0,id1,dist): 82 84 0.3805470513164293
list:
dist: 0.3805470513164293 vs. 0.3805470513164293
--------
nle(id0,id1,dist): 82 83 1.5515463639729032
list:
dist: 1.5515463639729032 vs. 1.5515463639729032
--------
nle(id0,id1,dist): 82 86 1.9710962604019573
list:
dist: 1.9710962604019573 vs. 1.9710962604019573
--------
nle(id0,id1,dist): 82 85 1.0925923727169358
list:
dist: 1.0925923727169358 vs. 1.0925923727169358
--------
nle(id0,id1,dist): 74 76 1.151610918395331
list:
dist: 1.151610918395331 vs. 1.151610918395331
--------
nle(id0,id1,dist): 74 75 1.5881632657521292
list:
dist: 1.5881632657521292 vs. 1.5881632657521292
--------
nle(id0,id1,dist): 74 78 2.1182740489543423
list:
dist: 2.1182740489543423 vs. 2.1182740489543423
--------
nle(id0,id1,dist): 74 77 0.551108197507458
list:
dist: 0.551108197507458 vs. 0.551108197507458
--------
nle(id0,id1,dist): 74 83 1.949541127679114
list:
dist: 1.949541127679114 vs. 1.949541127679114
--------
nle(id0,id1,dist): 74 84 0.5981169154636917
list:
dist: 0.5981169154636917 vs. 0.5981169154636917
--------
nle(id0,id1,dist): 74 85 1.0912398520784086
list:
dist: 1.0912398520784086 vs. 1.0912398520784086
--------
nle(id0,id1,dist): 74 86 1.8898183513642806
list:
dist: 1.8898183513642806 vs. 1.8898183513642806
--------
nle(id0,id1,dist): 74 79 2.302073513061316
list:
dist: 2.302073513061316 vs. 2.302073513061316
--------
nle(id0,id1,dist): 74 80 0.8423428526590182
list:
dist: 0.8423428526590182 vs. 0.8423428526590182
--------
nle(id0,id1,dist): 74 81 1.236434457562683
list:
dist: 1.236434457562683 vs. 1.236434457562683
--------
nle(id0,id1,dist): 74 82 0.9409413150226095
list:
dist: 0.9409413150226095 vs. 0.9409413150226095
--------
nle(id0,id1,dist): 74 94 4.029519717409471
list:
dist: 4.029519717409471 vs. 4.029519717409471
--------
nle(id0,id1,dist): 74 87 1.4681582939188864
list:
dist: 1.4681582939188864 vs. 1.4681582939188864
--------
nle(id0,id1,dist): 74 88 1.5376769563718191
list:
dist: 1.5376769563718191 vs. 1.5376769563718191
--------
nle(id0,id1,dist): 74 89 1.8722319761121364
list:
dist: 1.8722319761121364 vs. 1.8722319761121364
--------
nle(id0,id1,dist): 73 75 1.6907261134351128
list:
dist: 1.6907261134351128 vs. 1.6907261134351128
--------
nle(id0,id1,dist): 73 74 1.5296925270619812
list:
dist: 1.5296925270619812 vs. 1.5296925270619812
--------
nle(id0,id1,dist): 73 83 3.450230354046119
list:
dist: 3.450230354046119 vs. 3.450230354046119
--------
nle(id0,id1,dist): 73 82 2.2529855345542864
list:
dist: 2.2529855345542864 vs. 2.2529855345542864
--------
nle(id0,id1,dist): 73 81 2.3595467373928085
list:
dist: 2.3595467373928085 vs. 2.3595467373928085
--------
nle(id0,id1,dist): 73 80 1.1053122555458854
list:
dist: 1.1053122555458854 vs. 1.1053122555458854
--------
nle(id0,id1,dist): 73 78 2.50966292557679
list:
dist: 2.50966292557679 vs. 2.50966292557679
--------
nle(id0,id1,dist): 73 77 1.7339490034526397
list:
dist: 1.7339490034526397 vs. 1.7339490034526397
--------
nle(id0,id1,dist): 73 76 2.0287067826638254
list:
dist: 2.0287067826638254 vs. 2.0287067826638254
--------
nle(id0,id1,dist): 73 88 2.481064126234501
list:
dist: 2.481064126234501 vs. 2.481064126234501
--------
nle(id0,id1,dist): 73 89 2.7456834958235787
list:
dist: 2.7456834958235787 vs. 2.7456834958235787
--------
nle(id0,id1,dist): 73 86 3.2984233492421784
list:
dist: 3.2984233492421784 vs. 3.2984233492421784
--------
nle(id0,id1,dist): 73 87 2.8620461528698375
list:
dist: 2.8620461528698375 vs. 2.8620461528698375
--------
nle(id0,id1,dist): 73 84 1.9446747311416095
list:
dist: 1.9446747311416095 vs. 1.9446747311416095
--------
nle(id0,id1,dist): 73 85 2.576028851625272
list:
dist: 2.576028851625272 vs. 2.576028851625272
--------
nle(id0,id1,dist): 72 74 1.2852487073173389
list:
dist: 1.2852487073173389 vs. 1.2852487073173389
--------
nle(id0,id1,dist): 71 111 3.577317901682222
list:
dist: 3.577317901682222 vs. 3.577317901682222
--------
nle(id0,id1,dist): 72 73 0.505830160700112
list:
dist: 0.505830160700112 vs. 0.505830160700112
--------
nle(id0,id1,dist): 72 76 1.558682279478817
list:
dist: 1.558682279478817 vs. 1.558682279478817
--------
nle(id0,id1,dist): 72 75 1.310040370247147
list:
dist: 1.310040370247147 vs. 1.310040370247147
--------
nle(id0,id1,dist): 72 78 2.0859234441064185
list:
dist: 2.0859234441064185 vs. 2.0859234441064185
--------
nle(id0,id1,dist): 72 77 1.3671137277329266
list:
dist: 1.3671137277329266 vs. 1.3671137277329266
--------
nle(id0,id1,dist): 72 80 1.1735042883818598
list:
dist: 1.1735042883818598 vs. 1.1735042883818598
--------
nle(id0,id1,dist): 72 82 2.142978367166808
list:
dist: 2.142978367166808 vs. 2.142978367166808
--------
nle(id0,id1,dist): 72 81 2.3100761545210045
list:
dist: 2.3100761545210045 vs. 2.3100761545210045
--------
nle(id0,id1,dist): 72 84 1.8021726730885688
list:
dist: 1.8021726730885688 vs. 1.8021726730885688
--------
nle(id0,id1,dist): 72 83 3.170436372195851
list:
dist: 3.170436372195851 vs. 3.170436372195851
--------
nle(id0,id1,dist): 72 86 2.9008156011279045
list:
dist: 2.9008156011279045 vs. 2.9008156011279045
--------
nle(id0,id1,dist): 72 85 2.2650473072016877
list:
dist: 2.2650473072016877 vs. 2.2650473072016877
--------
nle(id0,id1,dist): 72 88 2.0010563215871886
list:
dist: 2.0010563215871886 vs. 2.0010563215871886
--------
nle(id0,id1,dist): 72 87 2.5334703032445325
list:
dist: 2.5334703032445325 vs. 2.5334703032445325
--------
nle(id0,id1,dist): 72 89 2.29219277491093
list:
dist: 2.29219277491093 vs. 2.29219277491093
--------
nle(id0,id1,dist): 71 81 1.448684623380986
list:
dist: 1.448684623380986 vs. 1.448684623380986
--------
nle(id0,id1,dist): 71 80 1.025952714300839
list:
dist: 1.025952714300839 vs. 1.025952714300839
--------
nle(id0,id1,dist): 71 79 2.819627381837417
list:
dist: 2.819627381837417 vs. 2.819627381837417
--------
nle(id0,id1,dist): 71 78 2.638013730965251
list:
dist: 2.638013730965251 vs. 2.638013730965251
--------
nle(id0,id1,dist): 71 85 1.9392496710533582
list:
dist: 1.9392496710533582 vs. 1.9392496710533582
--------
nle(id0,id1,dist): 71 84 1.1326876203146945
list:
dist: 1.1326876203146945 vs. 1.1326876203146945
--------
nle(id0,id1,dist): 71 83 2.1487521520681963
list:
dist: 2.1487521520681963 vs. 2.1487521520681963
--------
nle(id0,id1,dist): 71 82 1.0726797549754266
list:
dist: 1.0726797549754266 vs. 1.0726797549754266
--------
nle(id0,id1,dist): 71 89 3.0571764111492272
list:
dist: 3.0571764111492272 vs. 3.0571764111492272
--------
nle(id0,id1,dist): 71 88 2.531425706197196
list:
dist: 2.531425706197196 vs. 2.531425706197196
--------
nle(id0,id1,dist): 71 87 1.8203850175290117
list:
dist: 1.8203850175290117 vs. 1.8203850175290117
--------
nle(id0,id1,dist): 71 86 2.643598480037708
list:
dist: 2.643598480037708 vs. 2.643598480037708
--------
nle(id0,id1,dist): 71 93 3.694348683486167
list:
dist: 3.694348683486167 vs. 3.694348683486167
--------
nle(id0,id1,dist): 71 90 4.928221310630071
list:
dist: 4.928221310630071 vs. 4.928221310630071
--------
nle(id0,id1,dist): 71 94 3.145967574565945
list:
dist: 3.145967574565945 vs. 3.145967574565945
--------
nle(id0,id1,dist): 77 94 3.8776173104674645
list:
dist: 3.8776173104674645 vs. 3.8776173104674645
--------
nle(id0,id1,dist): 77 88 1.0679564256333525
list:
dist: 1.0679564256333525 vs. 1.0679564256333525
--------
nle(id0,id1,dist): 77 89 1.632053516579241
list:
dist: 1.632053516579241 vs. 1.632053516579241
--------
nle(id0,id1,dist): 77 84 1.0394240696921309
list:
dist: 1.0394240696921309 vs. 1.0394240696921309
--------
nle(id0,id1,dist): 77 85 1.0953059910237863
list:
dist: 1.0953059910237863 vs. 1.0953059910237863
--------
nle(id0,id1,dist): 77 86 1.610716523362442
list:
dist: 1.610716523362442 vs. 1.610716523362442
--------
nle(id0,id1,dist): 77 87 1.1818075617404917
list:
dist: 1.1818075617404917 vs. 1.1818075617404917
--------
nle(id0,id1,dist): 77 80 1.2995040179955708
list:
dist: 1.2995040179955708 vs. 1.2995040179955708
--------
nle(id0,id1,dist): 77 81 1.6991808377007345
list:
dist: 1.6991808377007345 vs. 1.6991808377007345
--------
nle(id0,id1,dist): 77 82 1.3117250774201878
list:
dist: 1.3117250774201878 vs. 1.3117250774201878
--------
nle(id0,id1,dist): 77 83 1.8414995683134132
list:
dist: 1.8414995683134132 vs. 1.8414995683134132
--------
nle(id0,id1,dist): 77 111 3.7977586765086877
list:
dist: 3.7977586765086877 vs. 3.7977586765086877
--------
nle(id0,id1,dist): 76 94 4.500880434430715
list:
dist: 4.500880434430715 vs. 4.500880434430715
--------
nle(id0,id1,dist): 76 89 0.9275132173975094
list:
dist: 0.9275132173975094 vs. 0.9275132173975094
--------
nle(id0,id1,dist): 76 87 1.545532711104359
list:
dist: 1.545532711104359 vs. 1.545532711104359
--------
nle(id0,id1,dist): 76 88 0.5207889623798689
list:
dist: 0.5207889623798689 vs. 0.5207889623798689
--------
nle(id0,id1,dist): 76 85 1.2572244628082758
list:
dist: 1.2572244628082758 vs. 1.2572244628082758
--------
nle(id0,id1,dist): 76 86 1.4920074689793814
list:
dist: 1.4920074689793814 vs. 1.4920074689793814
--------
nle(id0,id1,dist): 77 79 1.7551641476943696
list:
dist: 1.7551641476943696 vs. 1.7551641476943696
--------
nle(id0,id1,dist): 77 78 1.60492941960997
list:
dist: 1.60492941960997 vs. 1.60492941960997
--------
nle(id0,id1,dist): 76 111 4.230012435408812
list:
dist: 4.230012435408812 vs. 4.230012435408812
--------
nle(id0,id1,dist): 75 94 3.739241364563411
list:
dist: 3.739241364563411 vs. 3.739241364563411
--------
nle(id0,id1,dist): 76 78 1.5454635435430892
list:
dist: 1.5454635435430892 vs. 1.5454635435430892
--------
nle(id0,id1,dist): 76 77 0.7829691299043307
list:
dist: 0.7829691299043307 vs. 0.7829691299043307
--------
nle(id0,id1,dist): 76 80 1.8881521413338562
list:
dist: 1.8881521413338562 vs. 1.8881521413338562
--------
nle(id0,id1,dist): 76 79 1.6532554267269042
list:
dist: 1.6532554267269042 vs. 1.6532554267269042
--------
nle(id0,id1,dist): 76 82 1.9147744252319054
list:
dist: 1.9147744252319054 vs. 1.9147744252319054
--------
nle(id0,id1,dist): 76 81 2.1920205256524654
list:
dist: 2.1920205256524654 vs. 2.1920205256524654
--------
nle(id0,id1,dist): 76 84 1.610607150358406
list:
dist: 1.610607150358406 vs. 1.610607150358406
--------
nle(id0,id1,dist): 76 83 2.172964196569741
list:
dist: 2.172964196569741 vs. 2.172964196569741
--------
nle(id0,id1,dist): 75 111 4.058808573940225
list:
dist: 4.058808573940225 vs. 4.058808573940225
--------
nle(id0,id1,dist): 75 85 2.271391629977771
list:
dist: 2.271391629977771 vs. 2.271391629977771
--------
nle(id0,id1,dist): 74 121 5.200959236334989
list:
dist: 5.200959236334989 vs. 5.200959236334989
--------
nle(id0,id1,dist): 75 84 2.141384757664889
list:
dist: 2.141384757664889 vs. 2.141384757664889
--------
nle(id0,id1,dist): 75 83 2.794479860455484
list:
dist: 2.794479860455484 vs. 2.794479860455484
--------
nle(id0,id1,dist): 75 82 2.3953422659239236
list:
dist: 2.3953422659239236 vs. 2.3953422659239236
--------
nle(id0,id1,dist): 74 126 4.791997264652401
list:
dist: 4.791997264652401 vs. 4.791997264652401
--------
nle(id0,id1,dist): 75 89 2.254661272409154
list:
dist: 2.254661272409154 vs. 2.254661272409154
--------
nle(id0,id1,dist): 75 88 1.4890520560954525
list:
dist: 1.4890520560954525 vs. 1.4890520560954525
--------
nle(id0,id1,dist): 75 87 1.9885901634432432
list:
dist: 1.9885901634432432 vs. 1.9885901634432432
--------
nle(id0,id1,dist): 75 86 2.488876952800449
list:
dist: 2.488876952800449 vs. 2.488876952800449
--------
nle(id0,id1,dist): 75 77 1.2098522915764052
list:
dist: 1.2098522915764052 vs. 1.2098522915764052
--------
nle(id0,id1,dist): 75 76 1.3836865016484183
list:
dist: 1.3836865016484183 vs. 1.3836865016484183
--------
nle(id0,id1,dist): 74 111 4.038437238725029
list:
dist: 4.038437238725029 vs. 4.038437238725029
--------
nle(id0,id1,dist): 75 81 2.7997121485647303
list:
dist: 2.7997121485647303 vs. 2.7997121485647303
--------
nle(id0,id1,dist): 75 80 1.9066286643849417
list:
dist: 1.9066286643849417 vs. 1.9066286643849417
--------
nle(id0,id1,dist): 75 79 1.3873735039113033
list:
dist: 1.3873735039113033 vs. 1.3873735039113033
--------
nle(id0,id1,dist): 75 78 0.8414704610843559
list:
dist: 0.8414704610843559 vs. 0.8414704610843559
--------
nle(id0,id1,dist): 120 145 3.060204013770682
list:
dist: 3.060204013770682 vs. 3.060204013770682
--------
nle(id0,id1,dist): 120 146 3.5024813906266625
list:
dist: 3.5024813906266625 vs. 3.5024813906266625
--------
nle(id0,id1,dist): 120 147 4.342296590099567
list:
dist: 4.342296590099567 vs. 4.342296590099567
--------
nle(id0,id1,dist): 120 149 3.917578668091615
list:
dist: 3.917578668091615 vs. 3.917578668091615
--------
nle(id0,id1,dist): 120 137 3.019120795904851
list:
dist: 3.019120795904851 vs. 3.019120795904851
--------
nle(id0,id1,dist): 120 138 2.704310189853083
list:
dist: 2.704310189853083 vs. 2.704310189853083
--------
nle(id0,id1,dist): 120 139 3.3953797447700738
list:
dist: 3.3953797447700738 vs. 3.3953797447700738
--------
nle(id0,id1,dist): 120 140 3.250862537782189
list:
dist: 3.250862537782189 vs. 3.250862537782189
--------
nle(id0,id1,dist): 120 141 2.082671036426488
list:
dist: 2.082671036426488 vs. 2.082671036426488
--------
nle(id0,id1,dist): 120 142 4.013201527514685
list:
dist: 4.013201527514685 vs. 4.013201527514685
--------
nle(id0,id1,dist): 120 143 3.7620225467380135
list:
dist: 3.7620225467380135 vs. 3.7620225467380135
--------
nle(id0,id1,dist): 120 144 4.550570454982562
list:
dist: 4.550570454982562 vs. 4.550570454982562
--------
nle(id0,id1,dist): 120 130 2.2738417613919535
list:
dist: 2.2738417613919535 vs. 2.2738417613919535
--------
nle(id0,id1,dist): 120 129 2.42816693376274
list:
dist: 2.42816693376274 vs. 2.42816693376274
--------
nle(id0,id1,dist): 120 132 2.7274934898971352
list:
dist: 2.7274934898971352 vs. 2.7274934898971352
--------
nle(id0,id1,dist): 120 131 2.7390455931668636
list:
dist: 2.7390455931668636 vs. 2.7390455931668636
--------
nle(id0,id1,dist): 120 134 2.075765850808306
list:
dist: 2.075765850808306 vs. 2.075765850808306
--------
nle(id0,id1,dist): 120 133 2.7886055362646784
list:
dist: 2.7886055362646784 vs. 2.7886055362646784
--------
nle(id0,id1,dist): 120 135 3.355402540481701
list:
dist: 3.355402540481701 vs. 3.355402540481701
--------
nle(id0,id1,dist): 120 122 0.878839337203506
list:
dist: 0.878839337203506 vs. 0.878839337203506
--------
nle(id0,id1,dist): 120 121 2.1474464205684294
list:
dist: 2.1474464205684294 vs. 2.1474464205684294
--------
nle(id0,id1,dist): 120 124 1.2752813888528007
list:
dist: 1.2752813888528007 vs. 1.2752813888528007
--------
nle(id0,id1,dist): 120 123 2.3338317655311602
list:
dist: 2.3338317655311602 vs. 2.3338317655311602
--------
nle(id0,id1,dist): 120 126 3.750700264727407
list:
dist: 3.750700264727407 vs. 3.750700264727407
--------
nle(id0,id1,dist): 120 125 2.1234037623340107
list:
dist: 2.1234037623340107 vs. 2.1234037623340107
--------
nle(id0,id1,dist): 120 128 2.558060437195087
list:
dist: 2.558060437195087 vs. 2.558060437195087
--------
nle(id0,id1,dist): 120 127 1.849879582038004
list:
dist: 1.849879582038004 vs. 1.849879582038004
--------
nle(id0,id1,dist): 121 142 2.603299160918667
list:
dist: 2.603299160918667 vs. 2.603299160918667
--------
nle(id0,id1,dist): 121 143 2.704297795313196
list:
dist: 2.704297795313196 vs. 2.704297795313196
--------
nle(id0,id1,dist): 121 140 2.5583819662272957
list:
dist: 2.5583819662272957 vs. 2.5583819662272957
--------
nle(id0,id1,dist): 121 141 0.9676605819715094
list:
dist: 0.9676605819715094 vs. 0.9676605819715094
--------
nle(id0,id1,dist): 121 147 3.130452403413792
list:
dist: 3.130452403413792 vs. 3.130452403413792
--------
nle(id0,id1,dist): 121 144 3.6541375338575093
list:
dist: 3.6541375338575093 vs. 3.6541375338575093
--------
nle(id0,id1,dist): 121 134 1.9378809260966305
list:
dist: 1.9378809260966305 vs. 1.9378809260966305
--------
nle(id0,id1,dist): 121 135 2.5656497207833286
list:
dist: 2.5656497207833286 vs. 2.5656497207833286
--------
nle(id0,id1,dist): 121 133 1.709659299045938
list:
dist: 1.709659299045938 vs. 1.709659299045938
--------
nle(id0,id1,dist): 121 138 2.750019607796232
list:
dist: 2.750019607796232 vs. 2.750019607796232
--------
nle(id0,id1,dist): 121 139 2.120252243901765
list:
dist: 2.120252243901765 vs. 2.120252243901765
--------
nle(id0,id1,dist): 121 137 1.921514367053953
list:
dist: 1.921514367053953 vs. 1.921514367053953
--------
nle(id0,id1,dist): 121 127 2.2501596119444183
list:
dist: 2.2501596119444183 vs. 2.2501596119444183
--------
nle(id0,id1,dist): 121 126 1.760393342703699
list:
dist: 1.760393342703699 vs. 1.760393342703699
--------
nle(id0,id1,dist): 121 125 1.0296453968012989
list:
dist: 1.0296453968012989 vs. 1.0296453968012989
--------
nle(id0,id1,dist): 121 124 1.1598078896510697
list:
dist: 1.1598078896510697 vs. 1.1598078896510697
--------
nle(id0,id1,dist): 121 131 1.8535353676471131
list:
dist: 1.8535353676471131 vs. 1.8535353676471131
--------
nle(id0,id1,dist): 121 130 2.696540452503824
list:
dist: 2.696540452503824 vs. 2.696540452503824
--------
nle(id0,id1,dist): 121 129 2.2645260901867634
list:
dist: 2.2645260901867634 vs. 2.2645260901867634
--------
nle(id0,id1,dist): 121 128 1.9392857287447507
list:
dist: 1.9392857287447507 vs. 1.9392857287447507
--------
nle(id0,id1,dist): 121 123 3.2161142108337857
list:
dist: 3.2161142108337857 vs. 3.2161142108337857
--------
nle(id0,id1,dist): 121 122 2.1379764307738007
list:
dist: 2.1379764307738007 vs. 2.1379764307738007
--------
nle(id0,id1,dist): 122 132 2.1583023179901537
list:
dist: 2.1583023179901537 vs. 2.1583023179901537
--------
nle(id0,id1,dist): 122 131 2.086278579824964
list:
dist: 2.086278579824964 vs. 2.086278579824964
--------
nle(id0,id1,dist): 122 134 1.6035039086361733
list:
dist: 1.6035039086361733 vs. 1.6035039086361733
--------
nle(id0,id1,dist): 122 133 2.3203927003025937
list:
dist: 2.3203927003025937 vs. 2.3203927003025937
--------
nle(id0,id1,dist): 122 128 2.40554396851125
list:
dist: 2.40554396851125 vs. 2.40554396851125
--------
nle(id0,id1,dist): 122 127 1.5824246961493207
list:
dist: 1.5824246961493207 vs. 1.5824246961493207
--------
nle(id0,id1,dist): 122 130 1.4003413035121504
list:
dist: 1.4003413035121504 vs. 1.4003413035121504
--------
nle(id0,id1,dist): 122 129 2.391401056648106
list:
dist: 2.391401056648106 vs. 2.391401056648106
--------
nle(id0,id1,dist): 122 140 2.590336513229595
list:
dist: 2.590336513229595 vs. 2.590336513229595
--------
nle(id0,id1,dist): 122 139 3.0452972882964815
list:
dist: 3.0452972882964815 vs. 3.0452972882964815
--------
nle(id0,id1,dist): 122 142 3.4957847931058352
list:
dist: 3.4957847931058352 vs. 3.4957847931058352
--------
nle(id0,id1,dist): 122 141 1.6777727199033818
list:
dist: 1.6777727199033818 vs. 1.6777727199033818
--------
nle(id0,id1,dist): 122 135 3.0361827832165567
list:
dist: 3.0361827832165567 vs. 3.0361827832165567
--------
nle(id0,id1,dist): 122 138 2.216708770233642
list:
dist: 2.216708770233642 vs. 2.216708770233642
--------
nle(id0,id1,dist): 122 137 2.5749017882379164
list:
dist: 2.5749017882379164 vs. 2.5749017882379164
--------
nle(id0,id1,dist): 122 123 2.1880060894423994
list:
dist: 2.1880060894423994 vs. 2.1880060894423994
--------
nle(id0,id1,dist): 122 124 1.2245277753047705
list:
dist: 1.2245277753047705 vs. 1.2245277753047705
--------
nle(id0,id1,dist): 122 125 2.49163499411388
list:
dist: 2.49163499411388 vs. 2.49163499411388
--------
nle(id0,id1,dist): 122 126 3.4461172681998478
list:
dist: 3.4461172681998478 vs. 3.4461172681998478
--------
nle(id0,id1,dist): 123 129 1.4418294846676265
list:
dist: 1.4418294846676265 vs. 1.4418294846676265
--------
nle(id0,id1,dist): 123 128 1.8532410925523741
list:
dist: 1.8532410925523741 vs. 1.8532410925523741
--------
nle(id0,id1,dist): 123 127 1.0135377569001103
list:
dist: 1.0135377569001103 vs. 1.0135377569001103
--------
nle(id0,id1,dist): 123 126 4.40248627645782
list:
dist: 4.40248627645782 vs. 4.40248627645782
--------
nle(id0,id1,dist): 123 125 3.258899268472824
list:
dist: 3.258899268472824 vs. 3.258899268472824
--------
nle(id0,id1,dist): 123 124 2.1377899425309885
list:
dist: 2.1377899425309885 vs. 2.1377899425309885
--------
nle(id0,id1,dist): 123 137 2.604538747933394
list:
dist: 2.604538747933394 vs. 2.604538747933394
--------
nle(id0,id1,dist): 123 136 1.6101169953587393
list:
dist: 1.6101169953587393 vs. 1.6101169953587393
--------
nle(id0,id1,dist): 123 135 2.253650702532763
list:
dist: 2.253650702532763 vs. 2.253650702532763
--------
nle(id0,id1,dist): 123 134 1.6391231231447776
list:
dist: 1.6391231231447776 vs. 1.6391231231447776
--------
nle(id0,id1,dist): 123 133 2.5887084293993707
list:
dist: 2.5887084293993707 vs. 2.5887084293993707
--------
nle(id0,id1,dist): 123 132 1.2599117911331617
list:
dist: 1.2599117911331617 vs. 1.2599117911331617
--------
nle(id0,id1,dist): 123 131 3.0446814385396825
list:
dist: 3.0446814385396825 vs. 3.0446814385396825
--------
nle(id0,id1,dist): 123 130 2.4977359374958232
list:
dist: 2.4977359374958232 vs. 2.4977359374958232
--------
nle(id0,id1,dist): 122 149 3.4595243556368467
list:
dist: 3.4595243556368467 vs. 3.4595243556368467
--------
nle(id0,id1,dist): 122 147 3.8603180250794735
list:
dist: 3.8603180250794735 vs. 3.8603180250794735
--------
nle(id0,id1,dist): 122 145 2.310790636362845
list:
dist: 2.310790636362845 vs. 2.310790636362845
--------
nle(id0,id1,dist): 122 146 2.8592877073144773
list:
dist: 2.8592877073144773 vs. 2.8592877073144773
--------
nle(id0,id1,dist): 122 143 3.1574188811284647
list:
dist: 3.1574188811284647 vs. 3.1574188811284647
--------
nle(id0,id1,dist): 122 144 4.059053439201703
list:
dist: 4.059053439201703 vs. 4.059053439201703
--------
nle(id0,id1,dist): 124 126 2.6732161116299817
list:
dist: 2.6732161116299817 vs. 2.6732161116299817
--------
nle(id0,id1,dist): 124 125 1.4492140805023759
list:
dist: 1.4492140805023759 vs. 1.4492140805023759
--------
nle(id0,id1,dist): 124 128 1.4600053510360325
list:
dist: 1.4600053510360325 vs. 1.4600053510360325
--------
nle(id0,id1,dist): 124 127 1.2271054527078353
list:
dist: 1.2271054527078353 vs. 1.2271054527078353
--------
nle(id0,id1,dist): 124 130 2.0246563030379425
list:
dist: 2.0246563030379425 vs. 2.0246563030379425
--------
nle(id0,id1,dist): 124 129 1.5615648114804583
list:
dist: 1.5615648114804583 vs. 1.5615648114804583
--------
nle(id0,id1,dist): 124 131 1.824988322450221
list:
dist: 1.824988322450221 vs. 1.824988322450221
--------
nle(id0,id1,dist): 123 138 1.3569596831836022
list:
dist: 1.3569596831836022 vs. 1.3569596831836022
--------
nle(id0,id1,dist): 123 139 2.838993560086404
list:
dist: 2.838993560086404 vs. 2.838993560086404
--------
nle(id0,id1,dist): 123 140 2.689267050405414
list:
dist: 2.689267050405414 vs. 2.689267050405414
--------
nle(id0,id1,dist): 123 141 2.920254243308212
list:
dist: 2.920254243308212 vs. 2.920254243308212
--------
nle(id0,id1,dist): 123 142 3.6234291932624743
list:
dist: 3.6234291932624743 vs. 3.6234291932624743
--------
nle(id0,id1,dist): 123 143 3.2076411037592973
list:
dist: 3.2076411037592973 vs. 3.2076411037592973
--------
nle(id0,id1,dist): 123 144 3.255393459448837
list:
dist: 3.255393459448837 vs. 3.255393459448837
--------
nle(id0,id1,dist): 123 145 2.1204948751234505
list:
dist: 2.1204948751234505 vs. 2.1204948751234505
--------
nle(id0,id1,dist): 123 146 2.0310015992899326
list:
dist: 2.0310015992899326 vs. 2.0310015992899326
--------
nle(id0,id1,dist): 123 147 3.4643980362750755
list:
dist: 3.4643980362750755 vs. 3.4643980362750755
--------
nle(id0,id1,dist): 123 148 2.6618563429895503
list:
dist: 2.6618563429895503 vs. 2.6618563429895503
--------
nle(id0,id1,dist): 123 149 2.2525421561747843
list:
dist: 2.2525421561747843 vs. 2.2525421561747843
--------
nle(id0,id1,dist): 125 127 2.468162573507215
list:
dist: 2.468162573507215 vs. 2.468162573507215
--------
nle(id0,id1,dist): 125 126 2.617572157608382
list:
dist: 2.617572157608382 vs. 2.617572157608382
--------
nle(id0,id1,dist): 124 135 2.240028926183996
list:
dist: 2.240028926183996 vs. 2.240028926183996
--------
nle(id0,id1,dist): 124 133 1.6108813333586458
list:
dist: 1.6108813333586458 vs. 1.6108813333586458
--------
nle(id0,id1,dist): 124 134 1.1561462328197865
list:
dist: 1.1561462328197865 vs. 1.1561462328197865
--------
nle(id0,id1,dist): 124 139 2.1561192547017547
list:
dist: 2.1561192547017547 vs. 2.1561192547017547
--------
nle(id0,id1,dist): 124 140 2.2743967419486273
list:
dist: 2.2743967419486273 vs. 2.2743967419486273
--------
nle(id0,id1,dist): 124 137 1.8254258084124022
list:
dist: 1.8254258084124022 vs. 1.8254258084124022
--------
nle(id0,id1,dist): 124 138 1.9531542042394947
list:
dist: 1.9531542042394947 vs. 1.9531542042394947
--------
nle(id0,id1,dist): 124 143 2.667174943149919
list:
dist: 2.667174943149919 vs. 2.667174943149919
--------
nle(id0,id1,dist): 124 144 3.4557135823780936
list:
dist: 3.4557135823780936 vs. 3.4557135823780936
--------
nle(id0,id1,dist): 124 141 1.1063938934369473
list:
dist: 1.1063938934369473 vs. 1.1063938934369473
--------
nle(id0,id1,dist): 124 142 2.824904671350108
list:
dist: 2.824904671350108 vs. 2.824904671350108
--------
nle(id0,id1,dist): 124 147 3.1573360388716596
list:
dist: 3.1573360388716596 vs. 3.1573360388716596
--------
nle(id0,id1,dist): 112 119 2.2427641438680253
list:
dist: 2.2427641438680253 vs. 2.2427641438680253
--------
nle(id0,id1,dist): 112 117 1.539035276862467
list:
dist: 1.539035276862467 vs. 1.539035276862467
--------
nle(id0,id1,dist): 112 118 1.66889689916067
list:
dist: 1.66889689916067 vs. 1.66889689916067
--------
nle(id0,id1,dist): 112 115 1.6714188023357865
list:
dist: 1.6714188023357865 vs. 1.6714188023357865
--------
nle(id0,id1,dist): 112 116 2.265156130176462
list:
dist: 2.265156130176462 vs. 2.265156130176462
--------
nle(id0,id1,dist): 112 113 1.6164356553439159
list:
dist: 1.6164356553439159 vs. 1.6164356553439159
--------
nle(id0,id1,dist): 112 114 1.161950487755744
list:
dist: 1.161950487755744 vs. 1.161950487755744
--------
nle(id0,id1,dist): 113 116 1.498900718050541
list:
dist: 1.498900718050541 vs. 1.498900718050541
--------
nle(id0,id1,dist): 113 117 1.524575056245634
list:
dist: 1.524575056245634 vs. 1.524575056245634
--------
nle(id0,id1,dist): 113 118 1.332235465265493
list:
dist: 1.332235465265493 vs. 1.332235465265493
--------
nle(id0,id1,dist): 113 119 1.3359375632350872
list:
dist: 1.3359375632350872 vs. 1.3359375632350872
--------
nle(id0,id1,dist): 113 114 0.847320837439369
list:
dist: 0.847320837439369 vs. 0.847320837439369
--------
nle(id0,id1,dist): 113 115 0.5000245198167375
list:
dist: 0.5000245198167375 vs. 0.5000245198167375
--------
nle(id0,id1,dist): 114 117 0.7656225240410822
list:
dist: 0.7656225240410822 vs. 0.7656225240410822
--------
nle(id0,id1,dist): 114 118 0.9484253211686143
list:
dist: 0.9484253211686143 vs. 0.9484253211686143
--------
nle(id0,id1,dist): 114 115 0.7202662420295398
list:
dist: 0.7202662420295398 vs. 0.7202662420295398
--------
nle(id0,id1,dist): 114 116 1.1552982523590192
list:
dist: 1.1552982523590192 vs. 1.1552982523590192
--------
nle(id0,id1,dist): 114 119 1.276215168424931
list:
dist: 1.276215168424931 vs. 1.276215168424931
--------
nle(id0,id1,dist): 115 118 0.8776656641909465
list:
dist: 0.8776656641909465 vs. 0.8776656641909465
--------
nle(id0,id1,dist): 115 119 0.8501524882953699
list:
dist: 0.8501524882953699 vs. 0.8501524882953699
--------
nle(id0,id1,dist): 115 116 1.2580620714364228
list:
dist: 1.2580620714364228 vs. 1.2580620714364228
--------
nle(id0,id1,dist): 115 117 1.1912851467489551
list:
dist: 1.1912851467489551 vs. 1.1912851467489551
--------
nle(id0,id1,dist): 116 117 1.0424061753665317
list:
dist: 1.0424061753665317 vs. 1.0424061753665317
--------
nle(id0,id1,dist): 116 118 1.4178896492462554
list:
dist: 1.4178896492462554 vs. 1.4178896492462554
--------
nle(id0,id1,dist): 116 119 1.2595165089548355
list:
dist: 1.2595165089548355 vs. 1.2595165089548355
--------
nle(id0,id1,dist): 117 118 0.7985079720177225
list:
dist: 0.7985079720177225 vs. 0.7985079720177225
--------
nle(id0,id1,dist): 117 119 1.2093411279862774
list:
dist: 1.2093411279862774 vs. 1.2093411279862774
--------
nle(id0,id1,dist): 118 119 0.6999645071211675
list:
dist: 0.6999645071211675 vs. 0.6999645071211675
--------
nle(id0,id1,dist): 106 113 2.8657221191333266
list:
dist: 2.8657221191333266 vs. 2.8657221191333266
--------
nle(id0,id1,dist): 106 114 2.829615319840506
list:
dist: 2.829615319840506 vs. 2.829615319840506
--------
nle(id0,id1,dist): 106 111 2.782767517779098
list:
dist: 2.782767517779098 vs. 2.782767517779098
--------
nle(id0,id1,dist): 106 112 1.8760598934257793
list:
dist: 1.8760598934257793 vs. 1.8760598934257793
--------
nle(id0,id1,dist): 106 117 3.377753274502428
list:
dist: 3.377753274502428 vs. 3.377753274502428
--------
nle(id0,id1,dist): 106 118 3.4392947624741415
list:
dist: 3.4392947624741415 vs. 3.4392947624741415
--------
nle(id0,id1,dist): 106 115 3.169897283151765
list:
dist: 3.169897283151765 vs. 3.169897283151765
--------
nle(id0,id1,dist): 106 116 3.8933812773860446
list:
dist: 3.8933812773860446 vs. 3.8933812773860446
--------
nle(id0,id1,dist): 106 110 3.2989719594419302
list:
dist: 3.2989719594419302 vs. 3.2989719594419302
--------
nle(id0,id1,dist): 106 109 1.4918499923187487
list:
dist: 1.4918499923187487 vs. 1.4918499923187487
--------
nle(id0,id1,dist): 106 108 1.0469918342154108
list:
dist: 1.0469918342154108 vs. 1.0469918342154108
--------
nle(id0,id1,dist): 106 107 1.5103730209228747
list:
dist: 1.5103730209228747 vs. 1.5103730209228747
--------
nle(id0,id1,dist): 105 116 4.2381055812037385
list:
dist: 4.2381055812037385 vs. 4.2381055812037385
--------
nle(id0,id1,dist): 105 117 3.692677025213823
list:
dist: 3.692677025213823 vs. 3.692677025213823
--------
nle(id0,id1,dist): 105 118 3.619415860082169
list:
dist: 3.619415860082169 vs. 3.619415860082169
--------
nle(id0,id1,dist): 105 109 1.6291539441117675
list:
dist: 1.6291539441117675 vs. 1.6291539441117675
--------
nle(id0,id1,dist): 105 108 1.5217157473464902
list:
dist: 1.5217157473464902 vs. 1.5217157473464902
--------
nle(id0,id1,dist): 105 111 3.110078065999985
list:
dist: 3.110078065999985 vs. 3.110078065999985
--------
nle(id0,id1,dist): 105 110 3.4780554847043312
list:
dist: 3.4780554847043312 vs. 3.4780554847043312
--------
nle(id0,id1,dist): 105 113 3.060035207012592
list:
dist: 3.060035207012592 vs. 3.060035207012592
--------
nle(id0,id1,dist): 105 112 2.1913587643762362
list:
dist: 2.1913587643762362 vs. 2.1913587643762362
--------
nle(id0,id1,dist): 105 115 3.3573892739438063
list:
dist: 3.3573892739438063 vs. 3.3573892739438063
--------
nle(id0,id1,dist): 105 114 3.1289941095838816
list:
dist: 3.1289941095838816 vs. 3.1289941095838816
--------
nle(id0,id1,dist): 105 107 1.2617605670912395
list:
dist: 1.2617605670912395 vs. 1.2617605670912395
--------
nle(id0,id1,dist): 105 106 0.6519561524073657
list:
dist: 0.6519561524073657 vs. 0.6519561524073657
--------
nle(id0,id1,dist): 108 115 3.475015270579987
list:
dist: 3.475015270579987 vs. 3.475015270579987
--------
nle(id0,id1,dist): 108 116 4.003713031212766
list:
dist: 4.003713031212766 vs. 4.003713031212766
--------
nle(id0,id1,dist): 108 113 3.086165655364339
list:
dist: 3.086165655364339 vs. 3.086165655364339
--------
nle(id0,id1,dist): 108 114 3.1180958235486114
list:
dist: 3.1180958235486114 vs. 3.1180958235486114
--------
nle(id0,id1,dist): 108 111 3.2950753232320547
list:
dist: 3.2950753232320547 vs. 3.2950753232320547
--------
nle(id0,id1,dist): 108 112 2.41715670455301
list:
dist: 2.41715670455301 vs. 2.41715670455301
--------
nle(id0,id1,dist): 108 109 1.939515254809351
list:
dist: 1.939515254809351 vs. 1.939515254809351
--------
nle(id0,id1,dist): 108 110 3.7792571368133467
list:
dist: 3.7792571368133467 vs. 3.7792571368133467
--------
nle(id0,id1,dist): 107 118 3.026884078777953
list:
dist: 3.026884078777953 vs. 3.026884078777953
--------
nle(id0,id1,dist): 107 114 2.5965551484858245
list:
dist: 2.5965551484858245 vs. 2.5965551484858245
--------
nle(id0,id1,dist): 107 115 2.5710086040870794
list:
dist: 2.5710086040870794 vs. 2.5710086040870794
--------
nle(id0,id1,dist): 107 116 3.6307685538613255
list:
dist: 3.6307685538613255 vs. 3.6307685538613255
--------
nle(id0,id1,dist): 107 117 3.274351110023556
list:
dist: 3.274351110023556 vs. 3.274351110023556
--------
nle(id0,id1,dist): 107 110 2.8973220212659005
list:
dist: 2.8973220212659005 vs. 2.8973220212659005
--------
nle(id0,id1,dist): 107 112 2.0764708895658575
list:
dist: 2.0764708895658575 vs. 2.0764708895658575
--------
nle(id0,id1,dist): 107 113 2.2200430022872086
list:
dist: 2.2200430022872086 vs. 2.2200430022872086
--------
nle(id0,id1,dist): 107 108 2.006466246730931
list:
dist: 2.006466246730931 vs. 2.006466246730931
--------
nle(id0,id1,dist): 107 109 1.0177403543445938
list:
dist: 1.0177403543445938 vs. 1.0177403543445938
--------
nle(id0,id1,dist): 109 114 1.6252273171978604
list:
dist: 1.6252273171978604 vs. 1.6252273171978604
--------
nle(id0,id1,dist): 109 115 1.7581057723151574
list:
dist: 1.7581057723151574 vs. 1.7581057723151574
--------
nle(id0,id1,dist): 109 112 1.1516892705636466
list:
dist: 1.1516892705636466 vs. 1.1516892705636466
--------
nle(id0,id1,dist): 109 113 1.4312093804029629
list:
dist: 1.4312093804029629 vs. 1.4312093804029629
--------
nle(id0,id1,dist): 109 118 2.1886643180146756
list:
dist: 2.1886643180146756 vs. 2.1886643180146756
--------
nle(id0,id1,dist): 109 116 2.695092743331768
list:
dist: 2.695092743331768 vs. 2.695092743331768
--------
nle(id0,id1,dist): 109 117 2.3051666010887395
list:
dist: 2.3051666010887395 vs. 2.3051666010887395
--------
nle(id0,id1,dist): 109 111 2.0952780428601034
list:
dist: 2.0952780428601034 vs. 2.0952780428601034
--------
nle(id0,id1,dist): 109 110 2.054783673044818
list:
dist: 2.054783673044818 vs. 2.054783673044818
--------
nle(id0,id1,dist): 108 117 3.72279363041375
list:
dist: 3.72279363041375 vs. 3.72279363041375
--------
nle(id0,id1,dist): 108 118 3.9101863224955036
list:
dist: 3.9101863224955036 vs. 3.9101863224955036
--------
nle(id0,id1,dist): 111 119 2.0387850477432563
list:
dist: 2.0387850477432563 vs. 2.0387850477432563
--------
nle(id0,id1,dist): 111 118 1.3873519092193034
list:
dist: 1.3873519092193034 vs. 1.3873519092193034
--------
nle(id0,id1,dist): 111 116 2.003930611165391
list:
dist: 2.003930611165391 vs. 2.003930611165391
--------
nle(id0,id1,dist): 111 117 1.0246818371406352
list:
dist: 1.0246818371406352 vs. 1.0246818371406352
--------
nle(id0,id1,dist): 111 114 1.2394143068605286
list:
dist: 1.2394143068605286 vs. 1.2394143068605286
--------
nle(id0,id1,dist): 111 115 1.8242502678106096
list:
dist: 1.8242502678106096 vs. 1.8242502678106096
--------
nle(id0,id1,dist): 111 112 0.9891358654377248
list:
dist: 0.9891358654377248 vs. 0.9891358654377248
--------
nle(id0,id1,dist): 111 113 2.0122395379756473
list:
dist: 2.0122395379756473 vs. 2.0122395379756473
--------
nle(id0,id1,dist): 110 111 1.308463616358836
list:
dist: 1.308463616358836 vs. 1.308463616358836
--------
nle(id0,id1,dist): 110 112 1.536178150825357
list:
dist: 1.536178150825357 vs. 1.536178150825357
--------
nle(id0,id1,dist): 110 113 1.2619961999140599
list:
dist: 1.2619961999140599 vs. 1.2619961999140599
--------
nle(id0,id1,dist): 110 114 0.8670278115631319
list:
dist: 0.8670278115631319 vs. 0.8670278115631319
--------
nle(id0,id1,dist): 110 119 0.7992962448483746
list:
dist: 0.7992962448483746 vs. 0.7992962448483746
--------
nle(id0,id1,dist): 110 115 0.8361172258868572
list:
dist: 0.8361172258868572 vs. 0.8361172258868572
--------
nle(id0,id1,dist): 110 116 1.4621780051595858
list:
dist: 1.4621780051595858 vs. 1.4621780051595858
--------
nle(id0,id1,dist): 110 117 0.8006563807808712
list:
dist: 0.8006563807808712 vs. 0.8006563807808712
--------
nle(id0,id1,dist): 110 118 0.14173485649269105
list:
dist: 0.14173485649269105 vs. 0.14173485649269105
--------
nle(id0,id1,dist): 99 107 1.5119003455123194
list:
dist: 1.5119003455123194 vs. 1.5119003455123194
--------
nle(id0,id1,dist): 99 106 0.7903522355833462
list:
dist: 0.7903522355833462 vs. 0.7903522355833462
--------
nle(id0,id1,dist): 99 109 1.1429173739650544
list:
dist: 1.1429173739650544 vs. 1.1429173739650544
--------
nle(id0,id1,dist): 99 108 1.6828363101900299
list:
dist: 1.6828363101900299 vs. 1.6828363101900299
--------
nle(id0,id1,dist): 99 111 2.0771751063045287
list:
dist: 2.0771751063045287 vs. 2.0771751063045287
--------
nle(id0,id1,dist): 99 110 2.617413448368867
list:
dist: 2.617413448368867 vs. 2.617413448368867
--------
nle(id0,id1,dist): 99 113 2.418004205098671
list:
dist: 2.418004205098671 vs. 2.418004205098671
--------
nle(id0,id1,dist): 99 112 1.1986818380080022
list:
dist: 1.1986818380080022 vs. 1.1986818380080022
--------
nle(id0,id1,dist): 99 101 1.7810171140082098
list:
dist: 1.7810171140082098 vs. 1.7810171140082098
--------
nle(id0,id1,dist): 99 100 1.8165318363222462
list:
dist: 1.8165318363222462 vs. 1.8165318363222462
--------
nle(id0,id1,dist): 99 103 1.736093404403594
list:
dist: 1.736093404403594 vs. 1.736093404403594
--------
nle(id0,id1,dist): 99 102 0.6542749491786397
list:
dist: 0.6542749491786397 vs. 0.6542749491786397
--------
nle(id0,id1,dist): 99 105 1.0466194103341266
list:
dist: 1.0466194103341266 vs. 1.0466194103341266
--------
nle(id0,id1,dist): 99 104 1.082088555345831
list:
dist: 1.082088555345831 vs. 1.082088555345831
--------
nle(id0,id1,dist): 99 114 2.262888593119226
list:
dist: 2.262888593119226 vs. 2.262888593119226
--------
nle(id0,id1,dist): 99 115 2.627327275926684
list:
dist: 2.627327275926684 vs. 2.627327275926684
--------
nle(id0,id1,dist): 99 116 3.382860238180386
list:
dist: 3.382860238180386 vs. 3.382860238180386
--------
nle(id0,id1,dist): 99 117 2.7352853543021434
list:
dist: 2.7352853543021434 vs. 2.7352853543021434
--------
nle(id0,id1,dist): 99 118 2.7581173108251296
list:
dist: 2.7581173108251296 vs. 2.7581173108251296
--------
nle(id0,id1,dist): 98 114 2.817934617815769
list:
dist: 2.817934617815769 vs. 2.817934617815769
--------
nle(id0,id1,dist): 98 113 2.8623505012504804
list:
dist: 2.8623505012504804 vs. 2.8623505012504804
--------
nle(id0,id1,dist): 98 112 1.9562453583891637
list:
dist: 1.9562453583891637 vs. 1.9562453583891637
--------
nle(id0,id1,dist): 98 111 2.8462050991035133
list:
dist: 2.8462050991035133 vs. 2.8462050991035133
--------
nle(id0,id1,dist): 98 118 3.5277440635805917
list:
dist: 3.5277440635805917 vs. 3.5277440635805917
--------
nle(id0,id1,dist): 98 117 3.3821636882597668
list:
dist: 3.3821636882597668 vs. 3.3821636882597668
--------
nle(id0,id1,dist): 98 116 3.8080344056736
list:
dist: 3.8080344056736 vs. 3.8080344056736
--------
nle(id0,id1,dist): 98 115 3.1977334544155065
list:
dist: 3.1977334544155065 vs. 3.1977334544155065
--------
nle(id0,id1,dist): 98 106 0.4660914365194527
list:
dist: 0.4660914365194527 vs. 0.4660914365194527
--------
nle(id0,id1,dist): 98 105 1.0678607948475343
list:
dist: 1.0678607948475343 vs. 1.0678607948475343
--------
nle(id0,id1,dist): 98 104 0.6802120704501161
list:
dist: 0.6802120704501161 vs. 0.6802120704501161
--------
nle(id0,id1,dist): 98 103 1.0629025888458676
list:
dist: 1.0629025888458676 vs. 1.0629025888458676
--------
nle(id0,id1,dist): 98 110 3.391320313406137
list:
dist: 3.391320313406137 vs. 3.391320313406137
--------
nle(id0,id1,dist): 98 109 1.5909475169085394
list:
dist: 1.5909475169085394 vs. 1.5909475169085394
--------
nle(id0,id1,dist): 98 108 0.6277052232530816
list:
dist: 0.6277052232530816 vs. 0.6277052232530816
--------
nle(id0,id1,dist): 98 107 1.7285599566534888
list:
dist: 1.7285599566534888 vs. 1.7285599566534888
--------
nle(id0,id1,dist): 101 103 1.180354883030001
list:
dist: 1.180354883030001 vs. 1.180354883030001
--------
nle(id0,id1,dist): 101 102 1.8809867341200415
list:
dist: 1.8809867341200415 vs. 1.8809867341200415
--------
nle(id0,id1,dist): 101 108 2.183633238334609
list:
dist: 2.183633238334609 vs. 2.183633238334609
--------
nle(id0,id1,dist): 101 109 2.767277401783496
list:
dist: 2.767277401783496 vs. 2.767277401783496
--------
nle(id0,id1,dist): 101 104 2.353157261091875
list:
dist: 2.353157261091875 vs. 2.353157261091875
--------
nle(id0,id1,dist): 101 105 1.2827109162558108
list:
dist: 1.2827109162558108 vs. 1.2827109162558108
--------
nle(id0,id1,dist): 101 106 1.4515149657134363
list:
dist: 1.4515149657134363 vs. 1.4515149657134363
--------
nle(id0,id1,dist): 101 107 2.5259736181029364
list:
dist: 2.5259736181029364 vs. 2.5259736181029364
--------
nle(id0,id1,dist): 100 108 1.5912636337431603
list:
dist: 1.5912636337431603 vs. 1.5912636337431603
--------
nle(id0,id1,dist): 100 107 1.3399891109138036
list:
dist: 1.3399891109138036 vs. 1.3399891109138036
--------
nle(id0,id1,dist): 100 106 1.2494725520919785
list:
dist: 1.2494725520919785 vs. 1.2494725520919785
--------
nle(id0,id1,dist): 100 105 0.8415235532479716
list:
dist: 0.8415235532479716 vs. 0.8415235532479716
--------
nle(id0,id1,dist): 100 104 1.888530636838582
list:
dist: 1.888530636838582 vs. 1.888530636838582
--------
nle(id0,id1,dist): 100 103 1.0395335396520435
list:
dist: 1.0395335396520435 vs. 1.0395335396520435
--------
nle(id0,id1,dist): 100 102 1.3532670724832383
list:
dist: 1.3532670724832383 vs. 1.3532670724832383
--------
nle(id0,id1,dist): 100 101 1.7376968630394949
list:
dist: 1.7376968630394949 vs. 1.7376968630394949
--------
nle(id0,id1,dist): 100 109 2.04405743003799
list:
dist: 2.04405743003799 vs. 2.04405743003799
--------
nle(id0,id1,dist): 102 115 2.619908075438609
list:
dist: 2.619908075438609 vs. 2.619908075438609
--------
nle(id0,id1,dist): 102 116 3.5384287038359123
list:
dist: 3.5384287038359123 vs. 3.5384287038359123
--------
nle(id0,id1,dist): 102 117 2.9995375518803025
list:
dist: 2.9995375518803025 vs. 2.9995375518803025
--------
nle(id0,id1,dist): 102 118 2.8913790572015214
list:
dist: 2.8913790572015214 vs. 2.8913790572015214
--------
nle(id0,id1,dist): 103 105 1.0127493458383638
list:
dist: 1.0127493458383638 vs. 1.0127493458383638
--------
nle(id0,id1,dist): 103 104 1.7291087428971827
list:
dist: 1.7291087428971827 vs. 1.7291087428971827
--------
nle(id0,id1,dist): 103 107 2.0790427583876196
list:
dist: 2.0790427583876196 vs. 2.0790427583876196
--------
nle(id0,id1,dist): 103 106 0.9884905651195053
list:
dist: 0.9884905651195053 vs. 0.9884905651195053
--------
nle(id0,id1,dist): 103 109 2.3870005078766185
list:
dist: 2.3870005078766185 vs. 2.3870005078766185
--------
nle(id0,id1,dist): 103 108 1.1982342160576256
list:
dist: 1.1982342160576256 vs. 1.1982342160576256
--------
nle(id0,id1,dist): 102 106 0.8210917252073199
list:
dist: 0.8210917252073199 vs. 0.8210917252073199
--------
nle(id0,id1,dist): 102 105 0.7423923769575276
list:
dist: 0.7423923769575276 vs. 0.7423923769575276
--------
nle(id0,id1,dist): 102 104 1.1988791935192966
list:
dist: 1.1988791935192966 vs. 1.1988791935192966
--------
nle(id0,id1,dist): 102 103 1.6423739381695268
list:
dist: 1.6423739381695268 vs. 1.6423739381695268
--------
nle(id0,id1,dist): 102 110 2.7505896571904582
list:
dist: 2.7505896571904582 vs. 2.7505896571904582
--------
nle(id0,id1,dist): 102 109 0.9226666568891205
list:
dist: 0.9226666568891205 vs. 0.9226666568891205
--------
nle(id0,id1,dist): 102 108 1.6590347335093514
list:
dist: 1.6590347335093514 vs. 1.6590347335093514
--------
nle(id0,id1,dist): 102 107 0.8805450625812677
list:
dist: 0.8805450625812677 vs. 0.8805450625812677
--------
nle(id0,id1,dist): 102 114 2.4182620298485267
list:
dist: 2.4182620298485267 vs. 2.4182620298485267
--------
nle(id0,id1,dist): 102 113 2.340892496135234
list:
dist: 2.340892496135234 vs. 2.340892496135234
--------
nle(id0,id1,dist): 102 112 1.5531380073917433
list:
dist: 1.5531380073917433 vs. 1.5531380073917433
--------
nle(id0,id1,dist): 102 111 2.505595091780427
list:
dist: 2.505595091780427 vs. 2.505595091780427
--------
nle(id0,id1,dist): 104 109 1.1817114398616437
list:
dist: 1.1817114398616437 vs. 1.1817114398616437
--------
nle(id0,id1,dist): 104 110 2.8591010269750123
list:
dist: 2.8591010269750123 vs. 2.8591010269750123
--------
nle(id0,id1,dist): 104 111 2.3991404672101906
list:
dist: 2.3991404672101906 vs. 2.3991404672101906
--------
nle(id0,id1,dist): 104 112 1.5086265780711006
list:
dist: 1.5086265780711006 vs. 1.5086265780711006
--------
nle(id0,id1,dist): 104 105 1.4887341329931765
list:
dist: 1.4887341329931765 vs. 1.4887341329931765
--------
nle(id0,id1,dist): 104 106 0.9384281618404045
list:
dist: 0.9384281618404045 vs. 0.9384281618404045
--------
nle(id0,id1,dist): 104 107 1.6724367549059547
list:
dist: 1.6724367549059547 vs. 1.6724367549059547
--------
nle(id0,id1,dist): 104 108 0.9301291568301848
list:
dist: 0.9301291568301848 vs. 0.9301291568301848
--------
nle(id0,id1,dist): 104 117 2.801817505937747
list:
dist: 2.801817505937747 vs. 2.801817505937747
--------
nle(id0,id1,dist): 104 118 2.9895364801134807
list:
dist: 2.9895364801134807 vs. 2.9895364801134807
--------
nle(id0,id1,dist): 104 113 2.2624456118858083
list:
dist: 2.2624456118858083 vs. 2.2624456118858083
--------
nle(id0,id1,dist): 104 114 2.2072023556262113
list:
dist: 2.2072023556262113 vs. 2.2072023556262113
--------
nle(id0,id1,dist): 104 115 2.6055179943070335
list:
dist: 2.6055179943070335 vs. 2.6055179943070335
--------
nle(id0,id1,dist): 104 116 3.149559664177898
list:
dist: 3.149559664177898 vs. 3.149559664177898
--------
nle(id0,id1,dist): 147 149 1.6485048346210405
list:
dist: 1.6485048346210405 vs. 1.6485048346210405
--------
nle(id0,id1,dist): 147 148 2.20753813340348
list:
dist: 2.20753813340348 vs. 2.20753813340348
--------
nle(id0,id1,dist): 148 149 0.9288486164421732
list:
dist: 0.9288486164421732 vs. 0.9288486164421732
--------
nle(id0,id1,dist): 146 147 2.358714552866358
list:
dist: 2.358714552866358 vs. 2.358714552866358
--------
nle(id0,id1,dist): 146 148 1.997577551415556
list:
dist: 1.997577551415556 vs. 1.997577551415556
--------
nle(id0,id1,dist): 146 149 1.2560077006528556
list:
dist: 1.2560077006528556 vs. 1.2560077006528556
--------
nle(id0,id1,dist): 144 148 1.5105769151517168
list:
dist: 1.5105769151517168 vs. 1.5105769151517168
--------
nle(id0,id1,dist): 144 147 0.7927172795474686
list:
dist: 0.7927172795474686 vs. 0.7927172795474686
--------
nle(id0,id1,dist): 144 146 2.022964923573347
list:
dist: 2.022964923573347 vs. 2.022964923573347
--------
nle(id0,id1,dist): 144 145 2.473962855054371
list:
dist: 2.473962855054371 vs. 2.473962855054371
--------
nle(id0,id1,dist): 144 149 1.110054704903428
list:
dist: 1.110054704903428 vs. 1.110054704903428
--------
nle(id0,id1,dist): 145 149 1.8666626783467322
list:
dist: 1.8666626783467322 vs. 1.8666626783467322
--------
nle(id0,id1,dist): 145 147 2.593140057086764
list:
dist: 2.593140057086764 vs. 2.593140057086764
--------
nle(id0,id1,dist): 145 146 0.7640929051220284
list:
dist: 0.7640929051220284 vs. 0.7640929051220284
--------
nle(id0,id1,dist): 142 149 2.22765271194318
list:
dist: 2.22765271194318 vs. 2.22765271194318
--------
nle(id0,id1,dist): 142 147 0.8731104455225115
list:
dist: 0.8731104455225115 vs. 0.8731104455225115
--------
nle(id0,id1,dist): 142 148 2.950783801582385
list:
dist: 2.950783801582385 vs. 2.950783801582385
--------
nle(id0,id1,dist): 142 145 2.557949610749272
list:
dist: 2.557949610749272 vs. 2.557949610749272
--------
nle(id0,id1,dist): 142 146 2.5838459374112643
list:
dist: 2.5838459374112643 vs. 2.5838459374112643
--------
nle(id0,id1,dist): 142 143 0.6569031098555328
list:
dist: 0.6569031098555328 vs. 0.6569031098555328
--------
nle(id0,id1,dist): 142 144 1.6062333028758862
list:
dist: 1.6062333028758862 vs. 1.6062333028758862
--------
nle(id0,id1,dist): 143 146 1.9701239567633506
list:
dist: 1.9701239567633506 vs. 1.9701239567633506
--------
nle(id0,id1,dist): 143 147 0.9840949135672806
list:
dist: 0.9840949135672806 vs. 0.9840949135672806
--------
nle(id0,id1,dist): 143 148 2.6613220914401934
list:
dist: 2.6613220914401934 vs. 2.6613220914401934
--------
nle(id0,id1,dist): 143 149 1.8353742781624578
list:
dist: 1.8353742781624578 vs. 1.8353742781624578
--------
nle(id0,id1,dist): 143 144 1.4452561905861745
list:
dist: 1.4452561905861745 vs. 1.4452561905861745
--------
nle(id0,id1,dist): 143 145 1.9259209317598054
list:
dist: 1.9259209317598054 vs. 1.9259209317598054
--------
nle(id0,id1,dist): 141 142 2.161790996880707
list:
dist: 2.161790996880707 vs. 2.161790996880707
--------
nle(id0,id1,dist): 141 143 2.080050380144412
list:
dist: 2.080050380144412 vs. 2.080050380144412
--------
nle(id0,id1,dist): 140 149 1.7103113872541014
list:
dist: 1.7103113872541014 vs. 1.7103113872541014
--------
nle(id0,id1,dist): 141 144 3.2365426463762343
list:
dist: 3.2365426463762343 vs. 3.2365426463762343
--------
nle(id0,id1,dist): 141 147 2.754536683851031
list:
dist: 2.754536683851031 vs. 2.754536683851031
--------
nle(id0,id1,dist): 139 144 1.573550396161413
list:
dist: 1.573550396161413 vs. 1.573550396161413
--------
nle(id0,id1,dist): 139 145 2.449376602158674
list:
dist: 2.449376602158674 vs. 2.449376602158674
--------
nle(id0,id1,dist): 139 142 1.0751804392299287
list:
dist: 1.0751804392299287 vs. 1.0751804392299287
--------
nle(id0,id1,dist): 139 143 1.1882623764112037
list:
dist: 1.1882623764112037 vs. 1.1882623764112037
--------
nle(id0,id1,dist): 139 140 1.3800429422255418
list:
dist: 1.3800429422255418 vs. 1.3800429422255418
--------
nle(id0,id1,dist): 139 141 1.9088562376917033
list:
dist: 1.9088562376917033 vs. 1.9088562376917033
--------
nle(id0,id1,dist): 139 148 2.452395253180867
list:
dist: 2.452395253180867 vs. 2.452395253180867
--------
nle(id0,id1,dist): 139 149 1.785582784033493
list:
dist: 1.785582784033493 vs. 1.785582784033493
--------
nle(id0,id1,dist): 139 146 2.377376078142545
list:
dist: 2.377376078142545 vs. 2.377376078142545
--------
nle(id0,id1,dist): 139 147 1.0983845112827335
list:
dist: 1.0983845112827335 vs. 1.0983845112827335
--------
nle(id0,id1,dist): 140 145 1.3070176490268708
list:
dist: 1.3070176490268708 vs. 1.3070176490268708
--------
nle(id0,id1,dist): 140 146 1.4955555917200567
list:
dist: 1.4955555917200567 vs. 1.4955555917200567
--------
nle(id0,id1,dist): 140 147 1.5063470048525331
list:
dist: 1.5063470048525331 vs. 1.5063470048525331
--------
nle(id0,id1,dist): 140 148 2.6262402431040455
list:
dist: 2.6262402431040455 vs. 2.6262402431040455
--------
nle(id0,id1,dist): 140 141 1.8078244756022026
list:
dist: 1.8078244756022026 vs. 1.8078244756022026
--------
nle(id0,id1,dist): 140 142 1.262987595379005
list:
dist: 1.262987595379005 vs. 1.262987595379005
--------
nle(id0,id1,dist): 140 143 0.6689698510061768
list:
dist: 0.6689698510061768 vs. 0.6689698510061768
--------
nle(id0,id1,dist): 140 144 1.7467056824674436
list:
dist: 1.7467056824674436 vs. 1.7467056824674436
--------
nle(id0,id1,dist): 138 141 2.216734441972874
list:
dist: 2.216734441972874 vs. 2.216734441972874
--------
nle(id0,id1,dist): 138 142 2.3533226329058867
list:
dist: 2.3533226329058867 vs. 2.3533226329058867
--------
nle(id0,id1,dist): 138 139 1.7714598640537327
list:
dist: 1.7714598640537327 vs. 1.7714598640537327
--------
nle(id0,id1,dist): 138 140 1.3738052883051735
list:
dist: 1.3738052883051735 vs. 1.3738052883051735
--------
nle(id0,id1,dist): 138 149 1.2597261123158998
list:
dist: 1.2597261123158998 vs. 1.2597261123158998
--------
nle(id0,id1,dist): 138 148 2.04495746121614
list:
dist: 2.04495746121614 vs. 2.04495746121614
--------
nle(id0,id1,dist): 138 147 2.2189769181980785
list:
dist: 2.2189769181980785 vs. 2.2189769181980785
--------
nle(id0,id1,dist): 138 146 1.0415814935190788
list:
dist: 1.0415814935190788 vs. 1.0415814935190788
--------
nle(id0,id1,dist): 138 145 1.1632700179719409
list:
dist: 1.1632700179719409 vs. 1.1632700179719409
--------
nle(id0,id1,dist): 138 144 2.0802326120475523
list:
dist: 2.0802326120475523 vs. 2.0802326120475523
--------
nle(id0,id1,dist): 138 143 1.8763634628651598
list:
dist: 1.8763634628651598 vs. 1.8763634628651598
--------
nle(id0,id1,dist): 137 144 1.770162087587104
list:
dist: 1.770162087587104 vs. 1.770162087587104
--------
nle(id0,id1,dist): 137 145 2.0013260322725714
list:
dist: 2.0013260322725714 vs. 2.0013260322725714
--------
nle(id0,id1,dist): 137 146 2.0708650601311414
list:
dist: 2.0708650601311414 vs. 2.0708650601311414
--------
nle(id0,id1,dist): 137 147 1.3457823984256272
list:
dist: 1.3457823984256272 vs. 1.3457823984256272
--------
nle(id0,id1,dist): 137 140 0.9385577600967469
list:
dist: 0.9385577600967469 vs. 0.9385577600967469
--------
nle(id0,id1,dist): 137 141 1.4888756207113212
list:
dist: 1.4888756207113212 vs. 1.4888756207113212
--------
nle(id0,id1,dist): 137 142 1.0998393184303215
list:
dist: 1.0998393184303215 vs. 1.0998393184303215
--------
nle(id0,id1,dist): 137 143 0.9743763115520093
list:
dist: 0.9743763115520093 vs. 0.9743763115520093
--------
nle(id0,id1,dist): 137 138 1.465672717408219
list:
dist: 1.465672717408219 vs. 1.465672717408219
--------
nle(id0,id1,dist): 137 139 0.5617898065772614
list:
dist: 0.5617898065772614 vs. 0.5617898065772614
--------
nle(id0,id1,dist): 137 149 1.7969951526839871
list:
dist: 1.7969951526839871 vs. 1.7969951526839871
--------
nle(id0,id1,dist): 137 148 2.6042324959613934
list:
dist: 2.6042324959613934 vs. 2.6042324959613934
--------
nle(id0,id1,dist): 136 147 2.7152992669228753
list:
dist: 2.7152992669228753 vs. 2.7152992669228753
--------
nle(id0,id1,dist): 136 148 1.1503261696828755
list:
dist: 1.1503261696828755 vs. 1.1503261696828755
--------
nle(id0,id1,dist): 136 146 1.8714134734414098
list:
dist: 1.8714134734414098 vs. 1.8714134734414098
--------
nle(id0,id1,dist): 136 149 1.2340905221778835
list:
dist: 1.2340905221778835 vs. 1.2340905221778835
--------
nle(id0,id1,dist): 136 139 2.480716276196804
list:
dist: 2.480716276196804 vs. 2.480716276196804
--------
nle(id0,id1,dist): 136 140 2.6411250689512764
list:
dist: 2.6411250689512764 vs. 2.6411250689512764
--------
nle(id0,id1,dist): 136 137 2.5108301469617436
list:
dist: 2.5108301469617436 vs. 2.5108301469617436
--------
nle(id0,id1,dist): 136 138 1.5256387351176155
list:
dist: 1.5256387351176155 vs. 1.5256387351176155
--------
nle(id0,id1,dist): 136 143 2.9001603451649633
list:
dist: 2.9001603451649633 vs. 2.9001603451649633
--------
nle(id0,id1,dist): 136 144 2.2340101520245277
list:
dist: 2.2340101520245277 vs. 2.2340101520245277
--------
nle(id0,id1,dist): 136 142 3.244474399615902
list:
dist: 3.244474399615902 vs. 3.244474399615902
--------
nle(id0,id1,dist): 135 142 1.712952156928332
list:
dist: 1.712952156928332 vs. 1.712952156928332
--------
nle(id0,id1,dist): 135 143 1.5725338954980939
list:
dist: 1.5725338954980939 vs. 1.5725338954980939
--------
nle(id0,id1,dist): 135 144 1.384079897193536
list:
dist: 1.384079897193536 vs. 1.384079897193536
--------
nle(id0,id1,dist): 135 145 2.219127585550428
list:
dist: 2.219127585550428 vs. 2.219127585550428
--------
nle(id0,id1,dist): 135 146 1.9497087350033862
list:
dist: 1.9497087350033862 vs. 1.9497087350033862
--------
nle(id0,id1,dist): 135 147 1.3628957530451864
list:
dist: 1.3628957530451864 vs. 1.3628957530451864
--------
nle(id0,id1,dist): 135 148 1.7470053754947215
list:
dist: 1.7470053754947215 vs. 1.7470053754947215
--------
nle(id0,id1,dist): 135 149 1.1479426482080257
list:
dist: 1.1479426482080257 vs. 1.1479426482080257
--------
nle(id0,id1,dist): 134 149 1.9449776020184784
list:
dist: 1.9449776020184784 vs. 1.9449776020184784
--------
nle(id0,id1,dist): 134 148 2.7559812397479178
list:
dist: 2.7559812397479178 vs. 2.7559812397479178
--------
nle(id0,id1,dist): 134 147 2.3483543722798377
list:
dist: 2.3483543722798377 vs. 2.3483543722798377
--------
nle(id0,id1,dist): 135 140 1.5479450390306992
list:
dist: 1.5479450390306992 vs. 1.5479450390306992
--------
nle(id0,id1,dist): 135 141 2.3339975587839885
list:
dist: 2.3339975587839885 vs. 2.3339975587839885
--------
nle(id0,id1,dist): 135 138 1.2930737504727636
list:
dist: 1.2930737504727636 vs. 1.2930737504727636
--------
nle(id0,id1,dist): 135 139 0.8194717095092009
list:
dist: 0.8194717095092009 vs. 0.8194717095092009
--------
nle(id0,id1,dist): 135 136 1.6659228925287877
list:
dist: 1.6659228925287877 vs. 1.6659228925287877
--------
nle(id0,id1,dist): 135 137 1.0064006693341419
list:
dist: 1.0064006693341419 vs. 1.0064006693341419
--------
nle(id0,id1,dist): 134 135 1.4542361612745573
list:
dist: 1.4542361612745573 vs. 1.4542361612745573
--------
nle(id0,id1,dist): 134 136 2.209536311715561
list:
dist: 2.209536311715561 vs. 2.209536311715561
--------
nle(id0,id1,dist): 134 137 1.155661643559073
list:
dist: 1.155661643559073 vs. 1.155661643559073
--------
nle(id0,id1,dist): 134 138 0.8521041869708283
list:
dist: 0.8521041869708283 vs. 0.8521041869708283
--------
nle(id0,id1,dist): 134 143 1.836845378499707
list:
dist: 1.836845378499707 vs. 1.836845378499707
--------
nle(id0,id1,dist): 134 144 2.4884032122827353
list:
dist: 2.4884032122827353 vs. 2.4884032122827353
--------
nle(id0,id1,dist): 134 145 1.5031762149346506
list:
dist: 1.5031762149346506 vs. 1.5031762149346506
--------
nle(id0,id1,dist): 134 146 1.739779801965208
list:
dist: 1.739779801965208 vs. 1.739779801965208
--------
nle(id0,id1,dist): 134 139 1.5845248898388773
list:
dist: 1.5845248898388773 vs. 1.5845248898388773
--------
nle(id0,id1,dist): 134 140 1.3306295372773147
list:
dist: 1.3306295372773147 vs. 1.3306295372773147
--------
nle(id0,id1,dist): 134 141 1.4071841531352662
list:
dist: 1.4071841531352662 vs. 1.4071841531352662
--------
nle(id0,id1,dist): 134 142 2.195295448871937
list:
dist: 2.195295448871937 vs. 2.195295448871937
--------
nle(id0,id1,dist): 133 135 1.2657788066696956
list:
dist: 1.2657788066696956 vs. 1.2657788066696956
--------
nle(id0,id1,dist): 133 134 1.026205156690711
list:
dist: 1.026205156690711 vs. 1.026205156690711
--------
nle(id0,id1,dist): 133 138 1.4972821905908849
list:
dist: 1.4972821905908849 vs. 1.4972821905908849
--------
nle(id0,id1,dist): 133 139 0.8400408807309954
list:
dist: 0.8400408807309954 vs. 0.8400408807309954
--------
nle(id0,id1,dist): 133 136 2.681273224473579
list:
dist: 2.681273224473579 vs. 2.681273224473579
--------
nle(id0,id1,dist): 133 137 0.31393397911865367
list:
dist: 0.31393397911865367 vs. 0.31393397911865367
--------
nle(id0,id1,dist): 133 142 1.2424219151109543
list:
dist: 1.2424219151109543 vs. 1.2424219151109543
--------
nle(id0,id1,dist): 133 143 1.0879393961306232
list:
dist: 1.0879393961306232 vs. 1.0879393961306232
--------
nle(id0,id1,dist): 133 140 0.9320113851069988
list:
dist: 0.9320113851069988 vs. 0.9320113851069988
--------
nle(id0,id1,dist): 133 141 1.1874328062435455
list:
dist: 1.1874328062435455 vs. 1.1874328062435455
--------
nle(id0,id1,dist): 133 146 2.126781804890716
list:
dist: 2.126781804890716 vs. 2.126781804890716
--------
nle(id0,id1,dist): 133 147 1.6197745939482646
list:
dist: 1.6197745939482646 vs. 1.6197745939482646
--------
nle(id0,id1,dist): 133 144 2.0533197302505046
list:
dist: 2.0533197302505046 vs. 2.0533197302505046
--------
nle(id0,id1,dist): 133 145 1.9438239994522437
list:
dist: 1.9438239994522437 vs. 1.9438239994522437
--------
nle(id0,id1,dist): 133 148 2.85533532689173
list:
dist: 2.85533532689173 vs. 2.85533532689173
--------
nle(id0,id1,dist): 133 149 2.018509311808979
list:
dist: 2.018509311808979 vs. 2.018509311808979
--------
nle(id0,id1,dist): 132 134 1.4566715804459347
list:
dist: 1.4566715804459347 vs. 1.4566715804459347
--------
nle(id0,id1,dist): 132 133 2.2696223771494726
list:
dist: 2.2696223771494726 vs. 2.2696223771494726
--------
nle(id0,id1,dist): 132 136 1.9020842607959005
list:
dist: 1.9020842607959005 vs. 1.9020842607959005
--------
nle(id0,id1,dist): 132 135 2.2167825368101344
list:
dist: 2.2167825368101344 vs. 2.2167825368101344
--------
nle(id0,id1,dist): 132 138 0.9350682040294631
list:
dist: 0.9350682040294631 vs. 0.9350682040294631
--------
nle(id0,id1,dist): 132 137 2.305233040769979
list:
dist: 2.305233040769979 vs. 2.305233040769979
--------
nle(id0,id1,dist): 132 140 1.9430626096735082
list:
dist: 1.9430626096735082 vs. 1.9430626096735082
--------
nle(id0,id1,dist): 132 139 2.678974364874789
list:
dist: 2.678974364874789 vs. 2.678974364874789
--------
nle(id0,id1,dist): 132 142 3.1164625649835123
list:
dist: 3.1164625649835123 vs. 3.1164625649835123
--------
nle(id0,id1,dist): 132 143 2.548243566407997
list:
dist: 2.548243566407997 vs. 2.548243566407997
--------
nle(id0,id1,dist): 132 144 2.7890811827649733
list:
dist: 2.7890811827649733 vs. 2.7890811827649733
--------
nle(id0,id1,dist): 132 145 0.9462534917522224
list:
dist: 0.9462534917522224 vs. 0.9462534917522224
--------
nle(id0,id1,dist): 132 146 0.9896713543976695
list:
dist: 0.9896713543976695 vs. 0.9896713543976695
--------
nle(id0,id1,dist): 132 147 3.019388796566078
list:
dist: 3.019388796566078 vs. 3.019388796566078
--------
nle(id0,id1,dist): 132 148 2.5260176166698196
list:
dist: 2.5260176166698196 vs. 2.5260176166698196
--------
nle(id0,id1,dist): 132 149 1.8638883800955786
list:
dist: 1.8638883800955786 vs. 1.8638883800955786
--------
nle(id0,id1,dist): 131 147 2.2680099917699224
list:
dist: 2.2680099917699224 vs. 2.2680099917699224
--------
nle(id0,id1,dist): 131 146 2.374935110094723
list:
dist: 2.374935110094723 vs. 2.374935110094723
--------
nle(id0,id1,dist): 131 149 2.7076543274706317
list:
dist: 2.7076543274706317 vs. 2.7076543274706317
--------
nle(id0,id1,dist): 131 142 1.6324890140664288
list:
dist: 1.6324890140664288 vs. 1.6324890140664288
--------
nle(id0,id1,dist): 131 143 1.385118403045121
list:
dist: 1.385118403045121 vs. 1.385118403045121
--------
nle(id0,id1,dist): 131 144 2.7268640624157623
list:
dist: 2.7268640624157623 vs. 2.7268640624157623
--------
nle(id0,id1,dist): 131 145 1.8924953336970736
list:
dist: 1.8924953336970736 vs. 1.8924953336970736
--------
nle(id0,id1,dist): 131 138 2.0030811273672255
list:
dist: 2.0030811273672255 vs. 2.0030811273672255
--------
nle(id0,id1,dist): 131 139 1.7744425833438928
list:
dist: 1.7744425833438928 vs. 1.7744425833438928
--------
nle(id0,id1,dist): 131 140 1.0937624513697517
list:
dist: 1.0937624513697517 vs. 1.0937624513697517
--------
nle(id0,id1,dist): 131 141 0.94933910156263
list:
dist: 0.94933910156263 vs. 0.94933910156263
--------
nle(id0,id1,dist): 131 134 1.4469395192057155
list:
dist: 1.4469395192057155 vs. 1.4469395192057155
--------
nle(id0,id1,dist): 131 135 2.2090513203005253
list:
dist: 2.2090513203005253 vs. 2.2090513203005253
--------
nle(id0,id1,dist): 131 137 1.2603517000441955
list:
dist: 1.2603517000441955 vs. 1.2603517000441955
--------
nle(id0,id1,dist): 131 132 2.461478242410533
list:
dist: 2.461478242410533 vs. 2.461478242410533
--------
nle(id0,id1,dist): 131 133 0.9922825862674903
list:
dist: 0.9922825862674903 vs. 0.9922825862674903
--------
nle(id0,id1,dist): 130 149 2.9323644621921963
list:
dist: 2.9323644621921963 vs. 2.9323644621921963
--------
nle(id0,id1,dist): 130 147 3.255099651817976
list:
dist: 3.255099651817976 vs. 3.255099651817976
--------
nle(id0,id1,dist): 130 145 1.2912357830686274
list:
dist: 1.2912357830686274 vs. 1.2912357830686274
--------
nle(id0,id1,dist): 130 146 2.029280683015646
list:
dist: 2.029280683015646 vs. 2.029280683015646
--------
nle(id0,id1,dist): 130 143 2.3836391997485715
list:
dist: 2.3836391997485715 vs. 2.3836391997485715
--------
nle(id0,id1,dist): 130 144 3.4059808053211014
list:
dist: 3.4059808053211014 vs. 3.4059808053211014
--------
nle(id0,id1,dist): 130 141 1.8100713053347606
list:
dist: 1.8100713053347606 vs. 1.8100713053347606
--------
nle(id0,id1,dist): 130 142 2.881301286591361
list:
dist: 2.881301286591361 vs. 2.881301286591361
--------
nle(id0,id1,dist): 130 139 2.802207571176659
list:
dist: 2.802207571176659 vs. 2.802207571176659
--------
nle(id0,id1,dist): 130 140 1.7613416523604306
list:
dist: 1.7613416523604306 vs. 1.7613416523604306
--------
nle(id0,id1,dist): 130 137 2.2468896209530573
list:
dist: 2.2468896209530573 vs. 2.2468896209530573
--------
nle(id0,id1,dist): 130 138 1.879688191487686
list:
dist: 1.879688191487686 vs. 1.879688191487686
--------
nle(id0,id1,dist): 130 135 2.8345725527568124
list:
dist: 2.8345725527568124 vs. 2.8345725527568124
--------
nle(id0,id1,dist): 130 132 1.6993463669038402
list:
dist: 1.6993463669038402 vs. 1.6993463669038402
--------
nle(id0,id1,dist): 130 131 1.4785832580810057
list:
dist: 1.4785832580810057 vs. 1.4785832580810057
--------
nle(id0,id1,dist): 130 134 1.556447388539744
list:
dist: 1.556447388539744 vs. 1.556447388539744
--------
nle(id0,id1,dist): 130 133 2.0173821436674944
list:
dist: 2.0173821436674944 vs. 2.0173821436674944
--------
nle(id0,id1,dist): 129 148 2.449950071991005
list:
dist: 2.449950071991005 vs. 2.449950071991005
--------
nle(id0,id1,dist): 129 149 1.995067619837911
list:
dist: 1.995067619837911 vs. 1.995067619837911
--------
nle(id0,id1,dist): 129 140 2.285665050623274
list:
dist: 2.285665050623274 vs. 2.285665050623274
--------
nle(id0,id1,dist): 129 141 2.2607624500278303
list:
dist: 2.2607624500278303 vs. 2.2607624500278303
--------
nle(id0,id1,dist): 129 142 2.7534283221948943
list:
dist: 2.7534283221948943 vs. 2.7534283221948943
--------
nle(id0,id1,dist): 129 143 2.57487225043098
list:
dist: 2.57487225043098 vs. 2.57487225043098
--------
nle(id0,id1,dist): 129 144 2.635267181295866
list:
dist: 2.635267181295866 vs. 2.635267181295866
--------
nle(id0,id1,dist): 129 145 2.4952143425795095
list:
dist: 2.4952143425795095 vs. 2.4952143425795095
--------
nle(id0,id1,dist): 129 146 2.3865362521820312
list:
dist: 2.3865362521820312 vs. 2.3865362521820312
--------
nle(id0,id1,dist): 129 147 2.6223513804144187
list:
dist: 2.6223513804144187 vs. 2.6223513804144187
--------
nle(id0,id1,dist): 129 135 1.289138237965931
list:
dist: 1.289138237965931 vs. 1.289138237965931
--------
nle(id0,id1,dist): 129 134 1.2645292666376995
list:
dist: 1.2645292666376995 vs. 1.2645292666376995
--------
nle(id0,id1,dist): 129 133 1.7666894820911594
list:
dist: 1.7666894820911594 vs. 1.7666894820911594
--------
nle(id0,id1,dist): 129 132 2.0711010782258494
list:
dist: 2.0711010782258494 vs. 2.0711010782258494
--------
nle(id0,id1,dist): 129 139 1.7504852614032065
list:
dist: 1.7504852614032065 vs. 1.7504852614032065
--------
nle(id0,id1,dist): 129 138 1.3761124838106806
list:
dist: 1.3761124838106806 vs. 1.3761124838106806
--------
nle(id0,id1,dist): 129 137 1.7161561758143586
list:
dist: 1.7161561758143586 vs. 1.7161561758143586
--------
nle(id0,id1,dist): 129 136 1.6795044697064156
list:
dist: 1.6795044697064156 vs. 1.6795044697064156
--------
nle(id0,id1,dist): 129 131 2.5564121845918275
list:
dist: 2.5564121845918275 vs. 2.5564121845918275
--------
nle(id0,id1,dist): 129 130 2.7729631650260864
list:
dist: 2.7729631650260864 vs. 2.7729631650260864
--------
nle(id0,id1,dist): 128 147 2.144305459310384
list:
dist: 2.144305459310384 vs. 2.144305459310384
--------
nle(id0,id1,dist): 128 148 2.4351359758470354
list:
dist: 2.4351359758470354 vs. 2.4351359758470354
--------
nle(id0,id1,dist): 128 145 2.362321186885973
list:
dist: 2.362321186885973 vs. 2.362321186885973
--------
nle(id0,id1,dist): 128 146 2.2991796172380052
list:
dist: 2.2991796172380052 vs. 2.2991796172380052
--------
nle(id0,id1,dist): 128 149 1.855811324400948
list:
dist: 1.855811324400948 vs. 1.855811324400948
--------
nle(id0,id1,dist): 128 133 1.250242738630726
list:
dist: 1.250242738630726 vs. 1.250242738630726
--------
nle(id0,id1,dist): 128 134 1.0637006629130858
list:
dist: 1.0637006629130858 vs. 1.0637006629130858
--------
nle(id0,id1,dist): 128 135 0.9135032589311183
list:
dist: 0.9135032589311183 vs. 0.9135032589311183
--------
nle(id0,id1,dist): 128 136 1.910546214813577
list:
dist: 1.910546214813577 vs. 1.910546214813577
--------
nle(id0,id1,dist): 128 129 0.5767702106318223
list:
dist: 0.5767702106318223 vs. 0.5767702106318223
--------
nle(id0,id1,dist): 128 130 2.6159346197431703
list:
dist: 2.6159346197431703 vs. 2.6159346197431703
--------
nle(id0,id1,dist): 128 131 2.125091158198004
list:
dist: 2.125091158198004 vs. 2.125091158198004
--------
nle(id0,id1,dist): 128 132 2.1650270824486153
list:
dist: 2.1650270824486153 vs. 2.1650270824486153
--------
nle(id0,id1,dist): 128 141 1.8886478462121572
list:
dist: 1.8886478462121572 vs. 1.8886478462121572
--------
nle(id0,id1,dist): 128 142 2.2024788322353617
list:
dist: 2.2024788322353617 vs. 2.2024788322353617
--------
nle(id0,id1,dist): 128 143 2.0820448439815222
list:
dist: 2.0820448439815222 vs. 2.0820448439815222
--------
nle(id0,id1,dist): 128 144 2.2864457213597507
list:
dist: 2.2864457213597507 vs. 2.2864457213597507
--------
nle(id0,id1,dist): 128 137 1.1777790548322105
list:
dist: 1.1777790548322105 vs. 1.1777790548322105
--------
nle(id0,id1,dist): 128 138 1.320604665745596
list:
dist: 1.320604665745596 vs. 1.320604665745596
--------
nle(id0,id1,dist): 128 139 1.1949158272726879
list:
dist: 1.1949158272726879 vs. 1.1949158272726879
--------
nle(id0,id1,dist): 128 140 1.872448907207547
list:
dist: 1.872448907207547 vs. 1.872448907207547
--------
nle(id0,id1,dist): 127 140 1.9623696573876817
list:
dist: 1.9623696573876817 vs. 1.9623696573876817
--------
nle(id0,id1,dist): 127 141 1.9195646870258403
list:
dist: 1.9195646870258403 vs. 1.9195646870258403
--------
nle(id0,id1,dist): 127 138 0.9480487492646255
list:
dist: 0.9480487492646255 vs. 0.9480487492646255
--------
nle(id0,id1,dist): 127 139 2.05478123200252
list:
dist: 2.05478123200252 vs. 2.05478123200252
--------
nle(id0,id1,dist): 127 136 1.9441225999500564
list:
dist: 1.9441225999500564 vs. 1.9441225999500564
--------
nle(id0,id1,dist): 127 137 1.7435692269311245
list:
dist: 1.7435692269311245 vs. 1.7435692269311245
--------
nle(id0,id1,dist): 127 134 0.6978608049928106
list:
dist: 0.6978608049928106 vs. 0.6978608049928106
--------
nle(id0,id1,dist): 127 135 1.7004965640432672
list:
dist: 1.7004965640432672 vs. 1.7004965640432672
--------
nle(id0,id1,dist): 127 148 2.7549805472943194
list:
dist: 2.7549805472943194 vs. 2.7549805472943194
--------
nle(id0,id1,dist): 127 149 2.0940199582146946
list:
dist: 2.0940199582146946 vs. 2.0940199582146946
--------
nle(id0,id1,dist): 127 146 1.919769025964002
list:
dist: 1.919769025964002 vs. 1.919769025964002
--------
nle(id0,id1,dist): 127 147 2.842752239717409
list:
dist: 2.842752239717409 vs. 2.842752239717409
--------
nle(id0,id1,dist): 127 144 2.8541309819402914
list:
dist: 2.8541309819402914 vs. 2.8541309819402914
--------
nle(id0,id1,dist): 127 145 1.799500257750684
list:
dist: 1.799500257750684 vs. 1.799500257750684
--------
nle(id0,id1,dist): 127 142 2.817999213571943
list:
dist: 2.817999213571943 vs. 2.817999213571943
--------
nle(id0,id1,dist): 127 143 2.466116951257949
list:
dist: 2.466116951257949 vs. 2.466116951257949
--------
nle(id0,id1,dist): 127 133 1.6663333267620573
list:
dist: 1.6663333267620573 vs. 1.6663333267620573
--------
nle(id0,id1,dist): 127 132 1.3400400597396913
list:
dist: 1.3400400597396913 vs. 1.3400400597396913
--------
nle(id0,id1,dist): 127 131 2.1209110876105406
list:
dist: 2.1209110876105406 vs. 2.1209110876105406
--------
nle(id0,id1,dist): 127 130 1.9048108382794733
list:
dist: 1.9048108382794733 vs. 1.9048108382794733
--------
nle(id0,id1,dist): 127 129 0.9685340116495581
list:
dist: 0.9685340116495581 vs. 0.9685340116495581
--------
nle(id0,id1,dist): 127 128 1.1257071888499235
list:
dist: 1.1257071888499235 vs. 1.1257071888499235
--------
nle(id0,id1,dist): 126 139 2.122614761630831
list:
dist: 2.122614761630831 vs. 2.122614761630831
--------
nle(id0,id1,dist): 126 140 2.5300208706478724
list:
dist: 2.5300208706478724 vs. 2.5300208706478724
--------
nle(id0,id1,dist): 126 141 1.7739236712543345
list:
dist: 1.7739236712543345 vs. 1.7739236712543345
--------
nle(id0,id1,dist): 126 142 1.864418717288418
list:
dist: 1.864418717288418 vs. 1.864418717288418
--------
nle(id0,id1,dist): 126 143 2.2801215250711326
list:
dist: 2.2801215250711326 vs. 2.2801215250711326
--------
nle(id0,id1,dist): 126 144 3.3935284911953465
list:
dist: 3.3935284911953465 vs. 3.3935284911953465
--------
nle(id0,id1,dist): 126 147 2.640217245494043
list:
dist: 2.640217245494043 vs. 2.640217245494043
--------
nle(id0,id1,dist): 126 128 2.824279553003279
list:
dist: 2.824279553003279 vs. 2.824279553003279
--------
nle(id0,id1,dist): 126 127 3.4046225241816606
list:
dist: 3.4046225241816606 vs. 3.4046225241816606
--------
nle(id0,id1,dist): 126 130 3.3181526743948426
list:
dist: 3.3181526743948426 vs. 3.3181526743948426
--------
nle(id0,id1,dist): 126 129 3.3575471655359075
list:
dist: 3.3575471655359075 vs. 3.3575471655359075
--------
nle(id0,id1,dist): 126 131 1.8930402903664936
list:
dist: 1.8930402903664936 vs. 1.8930402903664936
--------
nle(id0,id1,dist): 126 134 2.8213628048414043
list:
dist: 2.8213628048414043 vs. 2.8213628048414043
--------
nle(id0,id1,dist): 126 133 1.9484401330537369
list:
dist: 1.9484401330537369 vs. 1.9484401330537369
--------
nle(id0,id1,dist): 126 135 2.9142938311006157
list:
dist: 2.9142938311006157 vs. 2.9142938311006157
--------
nle(id0,id1,dist): 126 138 3.4415416282598517
list:
dist: 3.4415416282598517 vs. 3.4415416282598517
--------
nle(id0,id1,dist): 126 137 2.0620920594228607
list:
dist: 2.0620920594228607 vs. 2.0620920594228607
--------
nle(id0,id1,dist): 125 147 3.762520687966388
list:
dist: 3.762520687966388 vs. 3.762520687966388
--------
nle(id0,id1,dist): 125 144 4.197221184574462
list:
dist: 4.197221184574462 vs. 4.197221184574462
--------
nle(id0,id1,dist): 125 131 2.798501191328816
list:
dist: 2.798501191328816 vs. 2.798501191328816
--------
nle(id0,id1,dist): 125 130 3.4016866173121714
list:
dist: 3.4016866173121714 vs. 3.4016866173121714
--------
nle(id0,id1,dist): 125 129 2.25608839599871
list:
dist: 2.25608839599871 vs. 2.25608839599871
--------
nle(id0,id1,dist): 125 128 2.1346851775280555
list:
dist: 2.1346851775280555 vs. 2.1346851775280555
--------
nle(id0,id1,dist): 125 135 2.9326114796201086
list:
dist: 2.9326114796201086 vs. 2.9326114796201086
--------
nle(id0,id1,dist): 125 134 2.4342415101109767
list:
dist: 2.4342415101109767 vs. 2.4342415101109767
--------
nle(id0,id1,dist): 125 133 2.4554089447212357
list:
dist: 2.4554089447212357 vs. 2.4554089447212357
--------
nle(id0,id1,dist): 125 139 2.674861711285579
list:
dist: 2.674861711285579 vs. 2.674861711285579
--------
nle(id0,id1,dist): 125 138 3.1702957923630253
list:
dist: 3.1702957923630253 vs. 3.1702957923630253
--------
nle(id0,id1,dist): 125 137 2.600099055487598
list:
dist: 2.600099055487598 vs. 2.600099055487598
--------
nle(id0,id1,dist): 125 143 3.5081270473563073
list:
dist: 3.5081270473563073 vs. 3.5081270473563073
--------
nle(id0,id1,dist): 125 142 3.3981381709749434
list:
dist: 3.3981381709749434 vs. 3.3981381709749434
--------
nle(id0,id1,dist): 125 141 1.902242437346313
list:
dist: 1.902242437346313 vs. 1.902242437346313
--------
nle(id0,id1,dist): 125 140 3.3417094215251475
list:
dist: 3.3417094215251475 vs. 3.3417094215251475
2. Check the NeighborList query for coordinates against the neighbor list for consistency
list:
dist: 2.3700925798712866 vs. 2.3700925798712866
list:
dist: 1.2737914160407524 vs. 1.2737914160407524
list:
dist: 1.4264800739031374 vs. 1.4264800739031374
list:
dist: 1.703304277144872 vs. 1.703304277144872
list:
dist: 2.182253950635837 vs. 2.182253950635837
list:
dist: 3.4425600369330893 vs. 3.4425600369330893
list:
dist: 1.7664735212449467 vs. 1.7664735212449467
list:
dist: 2.6683614284702912 vs. 2.6683614284702912
list:
dist: 2.217454459882627 vs. 2.217454459882627
list:
dist: 1.2546014593822545 vs. 1.2546014593822545
list:
dist: 0.6126654330828917 vs. 0.6126654330828917
list:
dist: 2.2244360850764737 vs. 2.2244360850764737
list:
dist: 1.339299588791597 vs. 1.339299588791597
list:
dist: 1.5406628574429964 vs. 1.5406628574429964
list:
dist: 1.3322167782146268 vs. 1.3322167782146268
list:
dist: 1.618715263478818 vs. 1.618715263478818
list:
dist: 2.0986876787641005 vs. 2.0986876787641005
list:
dist: 1.6510060332433691 vs. 1.6510060332433691
list:
dist: 2.2352583640506367 vs. 2.2352583640506367
list:
dist: 3.8286521031949143 vs. 3.8286521031949143
list:
dist: 2.9916960472747958 vs. 2.9916960472747958
list:
dist: 3.2118834405287977 vs. 3.2118834405287977
list:
dist: 2.5767869761184374 vs. 2.5767869761184374
list:
dist: 2.601922599687563 vs. 2.601922599687563
list:
dist: 2.8263415780033334 vs. 2.8263415780033334
list:
dist: 3.102097840823696 vs. 3.102097840823696
list:
dist: 2.735351795482467 vs. 2.735351795482467
list:
dist: 2.980629470588322 vs. 2.980629470588322
list:
dist: 2.468363645035631 vs. 2.468363645035631
list:
dist: 2.6043091942843177 vs. 2.6043091942843177
list:
dist: 4.686853810215362 vs. 4.686853810215362
list:
dist: 3.1162318553735866 vs. 3.1162318553735866
list:
dist: 2.3700925798712866 vs. 2.3700925798712866
list:
dist: 2.212394588896224 vs. 2.212394588896224
list:
dist: 1.1441242929267477 vs. 1.1441242929267477
list:
dist: 1.6002614326594045 vs. 1.6002614326594045
list:
dist: 1.9105046981954508 vs. 1.9105046981954508
list:
dist: 0.6126654330828917 vs. 0.6126654330828917
list:
dist: 2.1281495031446735 vs. 2.1281495031446735
list:
dist: 2.4355238135572947 vs. 2.4355238135572947
list:
dist: 2.0841532239374985 vs. 2.0841532239374985
list:
dist: 1.2546014593822545 vs. 1.2546014593822545
list:
dist: 1.5613018642179184 vs. 1.5613018642179184
list:
dist: 1.3434316704914673 vs. 1.3434316704914673
list:
dist: 1.1579433746546541 vs. 1.1579433746546541
list:
dist: 2.978904491919842 vs. 2.978904491919842
list:
dist: 2.601922599687563 vs. 2.601922599687563
list:
dist: 3.0386234611310186 vs. 3.0386234611310186
list:
dist: 2.339687331779298 vs. 2.339687331779298
list:
dist: 2.236196597425993 vs. 2.236196597425993
list:
dist: 1.4843382734737454 vs. 1.4843382734737454
list:
dist: 2.5388761878480985 vs. 2.5388761878480985
list:
dist: 0.8717700951318507 vs. 0.8717700951318507
list:
dist: 1.4681897403682047 vs. 1.4681897403682047
list:
dist: 1.0449939320621413 vs. 1.0449939320621413
list:
dist: 2.932341713780932 vs. 2.932341713780932
list:
dist: 3.3078508549572634 vs. 3.3078508549572634
list:
dist: 2.7008624989428944 vs. 2.7008624989428944
list:
dist: 2.22178101787785 vs. 2.22178101787785
list:
dist: 2.18744757286237 vs. 2.18744757286237
list:
dist: 1.832320792718364 vs. 1.832320792718364
list:
dist: 3.211932223573799 vs. 3.211932223573799
list:
dist: 3.980663205705884 vs. 3.980663205705884
list:
dist: 3.805895801550408 vs. 3.805895801550408
list:
dist: 3.9542276668194383 vs. 3.9542276668194383
list:
dist: 1.1441242929267477 vs. 1.1441242929267477
list:
dist: 1.4264800739031374 vs. 1.4264800739031374
list:
dist: 1.3768675318555759 vs. 1.3768675318555759
list:
dist: 0.6851354737050327 vs. 0.6851354737050327
list:
dist: 2.093291371028688 vs. 2.093291371028688
list:
dist: 1.339299588791597 vs. 1.339299588791597
list:
dist: 2.318960283135329 vs. 2.318960283135329
list:
dist: 2.1166772981422337 vs. 2.1166772981422337
list:
dist: 1.7826215000222196 vs. 1.7826215000222196
list:
dist: 1.6255815426028477 vs. 1.6255815426028477
list:
dist: 3.225304068512861 vs. 3.225304068512861
list:
dist: 1.9081489373234164 vs. 1.9081489373234164
list:
dist: 2.3664843075022652 vs. 2.3664843075022652
list:
dist: 1.7172130541414523 vs. 1.7172130541414523
list:
dist: 1.3434316704914673 vs. 1.3434316704914673
list:
dist: 2.8647249786738516 vs. 2.8647249786738516
list:
dist: 3.24537507985319 vs. 3.24537507985319
list:
dist: 2.713338459801585 vs. 2.713338459801585
list:
dist: 2.590888559555459 vs. 2.590888559555459
list:
dist: 2.260134898860537 vs. 2.260134898860537
list:
dist: 2.141062797995042 vs. 2.141062797995042
list:
dist: 2.212394588896224 vs. 2.212394588896224
list:
dist: 1.2737914160407524 vs. 1.2737914160407524
list:
dist: 1.3768675318555759 vs. 1.3768675318555759
list:
dist: 1.3009529680312637 vs. 1.3009529680312637
list:
dist: 2.305356675342388 vs. 2.305356675342388
list:
dist: 2.2244360850764737 vs. 2.2244360850764737
list:
dist: 3.0359537306633873 vs. 3.0359537306633873
list:
dist: 2.7930238442101705 vs. 2.7930238442101705
list:
dist: 2.1895825235118735 vs. 2.1895825235118735
list:
dist: 1.362869556242394 vs. 1.362869556242394
list:
dist: 2.7425121965271866 vs. 2.7425121965271866
list:
dist: 1.560046545890839 vs. 1.560046545890839
list:
dist: 2.4460022790435416 vs. 2.4460022790435416
list:
dist: 1.993676243467919 vs. 1.993676243467919
list:
dist: 1.5613018642179184 vs. 1.5613018642179184
list:
dist: 2.692510333485564 vs. 2.692510333485564
list:
dist: 3.260863893012275 vs. 3.260863893012275
list:
dist: 3.0451160506655013 vs. 3.0451160506655013
list:
dist: 2.6211960926113513 vs. 2.6211960926113513
list:
dist: 2.6142452185522145 vs. 2.6142452185522145
list:
dist: 2.2196602862396997 vs. 2.2196602862396997
list:
dist: 2.182253950635837 vs. 2.182253950635837
list:
dist: 1.362869556242394 vs. 1.362869556242394
list:
dist: 1.6255815426028477 vs. 1.6255815426028477
list:
dist: 0.9851218175080967 vs. 0.9851218175080967
list:
dist: 1.9018740519873203 vs. 1.9018740519873203
list:
dist: 2.2352583640506367 vs. 2.2352583640506367
list:
dist: 2.2168614993855256 vs. 2.2168614993855256
list:
dist: 1.6929604641556053 vs. 1.6929604641556053
list:
dist: 1.2028021854214475 vs. 1.2028021854214475
list:
dist: 1.6652564307155266 vs. 1.6652564307155266
list:
dist: 1.1342635864432684 vs. 1.1342635864432684
list:
dist: 1.4165827348277116 vs. 1.4165827348277116
list:
dist: 1.0471612910991108 vs. 1.0471612910991108
list:
dist: 1.4843382734737454 vs. 1.4843382734737454
list:
dist: 1.5203293293188758 vs. 1.5203293293188758
list:
dist: 2.0146742955234203 vs. 2.0146742955234203
list:
dist: 1.7394730878396558 vs. 1.7394730878396558
list:
dist: 1.2647531221370174 vs. 1.2647531221370174
list:
dist: 1.325246271747041 vs. 1.325246271747041
list:
dist: 0.8762639053989605 vs. 0.8762639053989605
list:
dist: 2.1259478878036284 vs. 2.1259478878036284
list:
dist: 3.0491767557053278 vs. 3.0491767557053278
list:
dist: 2.8605396616313667 vs. 2.8605396616313667
list:
dist: 3.0905846224000655 vs. 3.0905846224000655
list:
dist: 2.217454459882627 vs. 2.217454459882627
list:
dist: 1.993676243467919 vs. 1.993676243467919
list:
dist: 1.7172130541414523 vs. 1.7172130541414523
list:
dist: 1.1514915357198545 vs. 1.1514915357198545
list:
dist: 2.609427377987122 vs. 2.609427377987122
list:
dist: 2.5767869761184374 vs. 2.5767869761184374
list:
dist: 2.416778621829665 vs. 2.416778621829665
list:
dist: 1.513323774511118 vs. 1.513323774511118
list:
dist: 1.582812829664315 vs. 1.582812829664315
list:
dist: 1.0471612910991108 vs. 1.0471612910991108
list:
dist: 1.8396792725194195 vs. 1.8396792725194195
list:
dist: 0.9611102609097945 vs. 0.9611102609097945
list:
dist: 0.6621799927004057 vs. 0.6621799927004057
list:
dist: 1.0449939320621413 vs. 1.0449939320621413
list:
dist: 2.1233667562138954 vs. 2.1233667562138954
list:
dist: 2.385904504668412 vs. 2.385904504668412
list:
dist: 1.7146253179743667 vs. 1.7146253179743667
list:
dist: 1.2312393277157843 vs. 1.2312393277157843
list:
dist: 1.2165243554298286 vs. 1.2165243554298286
list:
dist: 0.883528132104292 vs. 0.883528132104292
list:
dist: 2.4120644664201802 vs. 2.4120644664201802
list:
dist: 3.032736532417244 vs. 3.032736532417244
list:
dist: 2.799005269237266 vs. 2.799005269237266
list:
dist: 2.915465897734696 vs. 2.915465897734696
list:
dist: 1.6002614326594045 vs. 1.6002614326594045
list:
dist: 1.703304277144872 vs. 1.703304277144872
list:
dist: 1.3009529680312637 vs. 1.3009529680312637
list:
dist: 0.6851354737050327 vs. 0.6851354737050327
list:
dist: 1.8467493711927356 vs. 1.8467493711927356
list:
dist: 1.5406628574429964 vs. 1.5406628574429964
list:
dist: 2.0111194894946958 vs. 2.0111194894946958
list:
dist: 1.6214918020905287 vs. 1.6214918020905287
list:
dist: 1.2552067869805434 vs. 1.2552067869805434
list:
dist: 0.9851218175080967 vs. 0.9851218175080967
list:
dist: 2.571340319672588 vs. 2.571340319672588
list:
dist: 1.4625401873412622 vs. 1.4625401873412622
list:
dist: 1.7933974934421844 vs. 1.7933974934421844
list:
dist: 1.1514915357198545 vs. 1.1514915357198545
list:
dist: 1.1579433746546541 vs. 1.1579433746546541
list:
dist: 2.2364580223831627 vs. 2.2364580223831627
list:
dist: 2.620446176739704 vs. 2.620446176739704
list:
dist: 2.1011201227945904 vs. 2.1011201227945904
list:
dist: 1.9129021067146412 vs. 1.9129021067146412
list:
dist: 1.6324888520279732 vs. 1.6324888520279732
list:
dist: 1.4618286051738907 vs. 1.4618286051738907
list:
dist: 2.0841532239374985 vs. 2.0841532239374985
list:
dist: 2.1895825235118735 vs. 2.1895825235118735
list:
dist: 1.7826215000222196 vs. 1.7826215000222196
list:
dist: 1.2552067869805434 vs. 1.2552067869805434
list:
dist: 1.177381388576184 vs. 1.177381388576184
list:
dist: 1.6510060332433691 vs. 1.6510060332433691
list:
dist: 1.0208692301133442 vs. 1.0208692301133442
list:
dist: 0.8558861534887353 vs. 0.8558861534887353
list:
dist: 1.2028021854214475 vs. 1.2028021854214475
list:
dist: 2.3847298778098858 vs. 2.3847298778098858
list:
dist: 2.198909398157189 vs. 2.198909398157189
list:
dist: 2.0251088555874164 vs. 2.0251088555874164
list:
dist: 1.582812829664315 vs. 1.582812829664315
list:
dist: 2.236196597425993 vs. 2.236196597425993
list:
dist: 1.3072447677289543 vs. 1.3072447677289543
list:
dist: 1.532566859370669 vs. 1.532566859370669
list:
dist: 1.1492189913284552 vs. 1.1492189913284552
list:
dist: 1.4104208393266742 vs. 1.4104208393266742
list:
dist: 0.9245163776592314 vs. 0.9245163776592314
list:
dist: 1.1382162076276634 vs. 1.1382162076276634
list:
dist: 3.162681235966865 vs. 3.162681235966865
list:
dist: 1.6832569851695622 vs. 1.6832569851695622
list:
dist: 4.275165530580689 vs. 4.275165530580689
list:
dist: 3.888464329639374 vs. 3.888464329639374
list:
dist: 4.347014776092214 vs. 4.347014776092214
list:
dist: 1.9105046981954508 vs. 1.9105046981954508
list:
dist: 2.305356675342388 vs. 2.305356675342388
list:
dist: 2.093291371028688 vs. 2.093291371028688
list:
dist: 1.8467493711927356 vs. 1.8467493711927356
list:
dist: 1.3322167782146268 vs. 1.3322167782146268
list:
dist: 1.3124101638982963 vs. 1.3124101638982963
list:
dist: 1.9323543454799703 vs. 1.9323543454799703
list:
dist: 1.177381388576184 vs. 1.177381388576184
list:
dist: 1.9018740519873203 vs. 1.9018740519873203
list:
dist: 3.1973035496300195 vs. 3.1973035496300195
list:
dist: 2.9827237859385067 vs. 2.9827237859385067
list:
dist: 3.0971424769116407 vs. 3.0971424769116407
list:
dist: 2.609427377987122 vs. 2.609427377987122
list:
dist: 2.978904491919842 vs. 2.978904491919842
list:
dist: 1.8215341926523063 vs. 1.8215341926523063
list:
dist: 2.132211543579295 vs. 2.132211543579295
list:
dist: 2.1729522380335 vs. 2.1729522380335
list:
dist: 2.454014532863655 vs. 2.454014532863655
list:
dist: 2.0747264873752775 vs. 2.0747264873752775
list:
dist: 2.200600861188354 vs. 2.200600861188354
list:
dist: 3.9582961987589846 vs. 3.9582961987589846
list:
dist: 2.398254935227422 vs. 2.398254935227422
list:
dist: 2.4355238135572947 vs. 2.4355238135572947
list:
dist: 2.7930238442101705 vs. 2.7930238442101705
list:
dist: 2.1166772981422337 vs. 2.1166772981422337
list:
dist: 1.6214918020905287 vs. 1.6214918020905287
list:
dist: 1.9323543454799703 vs. 1.9323543454799703
list:
dist: 2.0986876787641005 vs. 2.0986876787641005
list:
dist: 1.0916081111752638 vs. 1.0916081111752638
list:
dist: 0.8558861534887353 vs. 0.8558861534887353
list:
dist: 1.6929604641556053 vs. 1.6929604641556053
list:
dist: 2.5311206523244727 vs. 2.5311206523244727
list:
dist: 2.38991057096898 vs. 2.38991057096898
list:
dist: 1.8572300402446764 vs. 1.8572300402446764
list:
dist: 1.513323774511118 vs. 1.513323774511118
list:
dist: 2.339687331779298 vs. 2.339687331779298
list:
dist: 1.725279899507323 vs. 1.725279899507323
list:
dist: 1.6690261574079615 vs. 1.6690261574079615
list:
dist: 0.8384529619594794 vs. 0.8384529619594794
list:
dist: 1.35352786015547 vs. 1.35352786015547
list:
dist: 0.6676927908361361 vs. 0.6676927908361361
list:
dist: 1.1991895273485509 vs. 1.1991895273485509
list:
dist: 2.736223813251192 vs. 2.736223813251192
list:
dist: 1.3900151022981257 vs. 1.3900151022981257
list:
dist: 3.4834920829579286 vs. 3.4834920829579286
list:
dist: 3.078172745771033 vs. 3.078172745771033
list:
dist: 3.640999927556964 vs. 3.640999927556964
list:
dist: 2.1281495031446735 vs. 2.1281495031446735
list:
dist: 3.0359537306633873 vs. 3.0359537306633873
list:
dist: 2.318960283135329 vs. 2.318960283135329
list:
dist: 2.0111194894946958 vs. 2.0111194894946958
list:
dist: 1.3124101638982963 vs. 1.3124101638982963
list:
dist: 1.618715263478818 vs. 1.618715263478818
list:
dist: 1.0916081111752638 vs. 1.0916081111752638
list:
dist: 1.0208692301133442 vs. 1.0208692301133442
list:
dist: 2.2168614993855256 vs. 2.2168614993855256
list:
dist: 3.2905722347749284 vs. 3.2905722347749284
list:
dist: 3.155155726535666 vs. 3.155155726535666
list:
dist: 2.8561297970162607 vs. 2.8561297970162607
list:
dist: 2.416778621829665 vs. 2.416778621829665
list:
dist: 3.0386234611310186 vs. 3.0386234611310186
list:
dist: 1.9639832773730388 vs. 1.9639832773730388
list:
dist: 1.9117278999340788 vs. 1.9117278999340788
list:
dist: 1.5494033941092928 vs. 1.5494033941092928
list:
dist: 2.199216558526366 vs. 2.199216558526366
list:
dist: 1.5758849684369625 vs. 1.5758849684369625
list:
dist: 2.03140496145414 vs. 2.03140496145414
list:
dist: 3.199285652708066 vs. 3.199285652708066
list:
dist: 1.612808332455636 vs. 1.612808332455636
list:
dist: 4.076224929061974 vs. 4.076224929061974
list:
dist: 3.478995363915287 vs. 3.478995363915287
list:
dist: 4.04546490695185 vs. 4.04546490695185
list:
dist: 1.7664735212449467 vs. 1.7664735212449467
list:
dist: 1.560046545890839 vs. 1.560046545890839
list:
dist: 1.9081489373234164 vs. 1.9081489373234164
list:
dist: 1.4625401873412622 vs. 1.4625401873412622
list:
dist: 2.9827237859385067 vs. 2.9827237859385067
list:
dist: 2.9916960472747958 vs. 2.9916960472747958
list:
dist: 3.155155726535666 vs. 3.155155726535666
list:
dist: 2.38991057096898 vs. 2.38991057096898
list:
dist: 2.198909398157189 vs. 2.198909398157189
list:
dist: 1.1342635864432684 vs. 1.1342635864432684
list:
dist: 1.7528667061767247 vs. 1.7528667061767247
list:
dist: 1.0777613116379894 vs. 1.0777613116379894
list:
dist: 0.9611102609097945 vs. 0.9611102609097945
list:
dist: 0.8717700951318507 vs. 0.8717700951318507
list:
dist: 2.482792331294554 vs. 2.482792331294554
list:
dist: 2.905922190094178 vs. 2.905922190094178
list:
dist: 2.4707660414192207 vs. 2.4707660414192207
list:
dist: 1.7750765410567846 vs. 1.7750765410567846
list:
dist: 2.0026994643684777 vs. 2.0026994643684777
list:
dist: 1.4697440877654158 vs. 1.4697440877654158
list:
dist: 2.4668213598365103 vs. 2.4668213598365103
list:
dist: 3.3404954964947797 vs. 3.3404954964947797
list:
dist: 3.263536205124175 vs. 3.263536205124175
list:
dist: 3.52248382414197 vs. 3.52248382414197
list:
dist: 2.2196602862396997 vs. 2.2196602862396997
list:
dist: 2.141062797995042 vs. 2.141062797995042
list:
dist: 1.4618286051738907 vs. 1.4618286051738907
list:
dist: 2.200600861188354 vs. 2.200600861188354
list:
dist: 2.6043091942843177 vs. 2.6043091942843177
list:
dist: 2.03140496145414 vs. 2.03140496145414
list:
dist: 1.1991895273485509 vs. 1.1991895273485509
list:
dist: 1.1382162076276634 vs. 1.1382162076276634
list:
dist: 0.8762639053989605 vs. 0.8762639053989605
list:
dist: 1.3869214609381921 vs. 1.3869214609381921
list:
dist: 1.4697440877654158 vs. 1.4697440877654158
list:
dist: 1.0056733505706554 vs. 1.0056733505706554
list:
dist: 0.883528132104292 vs. 0.883528132104292
list:
dist: 1.832320792718364 vs. 1.832320792718364
list:
dist: 1.2702733080479536 vs. 1.2702733080479536
list:
dist: 1.5174701106486508 vs. 1.5174701106486508
list:
dist: 1.013664086201878 vs. 1.013664086201878
list:
dist: 0.4529997221245987 vs. 0.4529997221245987
list:
dist: 0.608580813388551 vs. 0.608580813388551
list:
dist: 2.84923065986468 vs. 2.84923065986468
list:
dist: 1.852951155449337 vs. 1.852951155449337
list:
dist: 3.9982958424816837 vs. 3.9982958424816837
list:
dist: 3.884603410657289 vs. 3.884603410657289
list:
dist: 4.1947130350157735 vs. 4.1947130350157735
list:
dist: 1.7436118076715685 vs. 1.7436118076715685
list:
dist: 2.3803009234892296 vs. 2.3803009234892296
list:
dist: 2.109143658519166 vs. 2.109143658519166
list:
dist: 2.270498737959349 vs. 2.270498737959349
list:
dist: 5.30649114601783 vs. 5.30649114601783
list:
dist: 4.875167817409484 vs. 4.875167817409484
list:
dist: 2.6211960926113513 vs. 2.6211960926113513
list:
dist: 2.590888559555459 vs. 2.590888559555459
list:
dist: 1.9129021067146412 vs. 1.9129021067146412
list:
dist: 2.454014532863655 vs. 2.454014532863655
list:
dist: 2.980629470588322 vs. 2.980629470588322
list:
dist: 2.199216558526366 vs. 2.199216558526366
list:
dist: 1.35352786015547 vs. 1.35352786015547
list:
dist: 1.4104208393266742 vs. 1.4104208393266742
list:
dist: 1.2647531221370174 vs. 1.2647531221370174
list:
dist: 1.1978446068148632 vs. 1.1978446068148632
list:
dist: 1.7750765410567846 vs. 1.7750765410567846
list:
dist: 1.1248143238522539 vs. 1.1248143238522539
list:
dist: 1.2312393277157843 vs. 1.2312393277157843
list:
dist: 2.22178101787785 vs. 2.22178101787785
list:
dist: 1.1740751834372545 vs. 1.1740751834372545
list:
dist: 1.2901682803965275 vs. 1.2901682803965275
list:
dist: 0.8718235709802152 vs. 0.8718235709802152
list:
dist: 0.6869706280575962 vs. 0.6869706280575962
list:
dist: 0.4529997221245987 vs. 0.4529997221245987
list:
dist: 2.4572933050575494 vs. 2.4572933050575494
list:
dist: 1.651749046806952 vs. 1.651749046806952
list:
dist: 3.7502474244067807 vs. 3.7502474244067807
list:
dist: 3.7342033679466953 vs. 3.7342033679466953
list:
dist: 3.907250427726861 vs. 3.907250427726861
list:
dist: 1.4221615312006042 vs. 1.4221615312006042
list:
dist: 1.9354700540104084 vs. 1.9354700540104084
list:
dist: 1.657952352822498 vs. 1.657952352822498
list:
dist: 1.8461498114143986 vs. 1.8461498114143986
list:
dist: 4.944065411212467 vs. 4.944065411212467
list:
dist: 4.546206428214475 vs. 4.546206428214475
list:
dist: 2.6683614284702912 vs. 2.6683614284702912
list:
dist: 2.4460022790435416 vs. 2.4460022790435416
list:
dist: 2.3664843075022652 vs. 2.3664843075022652
list:
dist: 1.7933974934421844 vs. 1.7933974934421844
list:
dist: 3.0971424769116407 vs. 3.0971424769116407
list:
dist: 3.2118834405287977 vs. 3.2118834405287977
list:
dist: 2.8561297970162607 vs. 2.8561297970162607
list:
dist: 1.8572300402446764 vs. 1.8572300402446764
list:
dist: 2.0251088555874164 vs. 2.0251088555874164
list:
dist: 1.4165827348277116 vs. 1.4165827348277116
list:
dist: 1.465203984198588 vs. 1.465203984198588
list:
dist: 1.0777613116379894 vs. 1.0777613116379894
list:
dist: 0.6621799927004057 vs. 0.6621799927004057
list:
dist: 1.4681897403682047 vs. 1.4681897403682047
list:
dist: 2.212512744900799 vs. 2.212512744900799
list:
dist: 2.412072142684923 vs. 2.412072142684923
list:
dist: 1.7989636820455193 vs. 1.7989636820455193
list:
dist: 1.1248143238522539 vs. 1.1248143238522539
list:
dist: 1.4002442966598259 vs. 1.4002442966598259
list:
dist: 1.0056733505706554 vs. 1.0056733505706554
list:
dist: 2.0739746006145974 vs. 2.0739746006145974
list:
dist: 2.5966317986715928 vs. 2.5966317986715928
list:
dist: 2.4412368376201554 vs. 2.4412368376201554
list:
dist: 2.6087734405203284 vs. 2.6087734405203284
list:
dist: 2.398254935227422 vs. 2.398254935227422
list:
dist: 3.1162318553735866 vs. 3.1162318553735866
list:
dist: 1.612808332455636 vs. 1.612808332455636
list:
dist: 1.3900151022981257 vs. 1.3900151022981257
list:
dist: 1.6832569851695622 vs. 1.6832569851695622
list:
dist: 1.5015527676768154 vs. 1.5015527676768154
list:
dist: 0.9540417409647524 vs. 0.9540417409647524
list:
dist: 0.8589603391534053 vs. 0.8589603391534053
list:
dist: 1.651749046806952 vs. 1.651749046806952
list:
dist: 1.3568917128507993 vs. 1.3568917128507993
list:
dist: 1.852951155449337 vs. 1.852951155449337
list:
dist: 1.6089375518227045 vs. 1.6089375518227045
list:
dist: 3.0829829243511075 vs. 3.0829829243511075
list:
dist: 2.866139723279968 vs. 2.866139723279968
list:
dist: 2.8981679508867195 vs. 2.8981679508867195
list:
dist: 3.968541627747375 vs. 3.968541627747375
list:
dist: 2.4214904216822615 vs. 2.4214904216822615
list:
dist: 2.324477447254949 vs. 2.324477447254949
list:
dist: 1.7717478590383327 vs. 1.7717478590383327
list:
dist: 1.5462231966599993 vs. 1.5462231966599993
list:
dist: 4.332599060727004 vs. 4.332599060727004
list:
dist: 3.8843736870439898 vs. 3.8843736870439898
list:
dist: 4.31241690551595 vs. 4.31241690551595
list:
dist: 3.0451160506655013 vs. 3.0451160506655013
list:
dist: 2.713338459801585 vs. 2.713338459801585
list:
dist: 2.1011201227945904 vs. 2.1011201227945904
list:
dist: 2.1729522380335 vs. 2.1729522380335
list:
dist: 2.735351795482467 vs. 2.735351795482467
list:
dist: 1.5494033941092928 vs. 1.5494033941092928
list:
dist: 0.8384529619594794 vs. 0.8384529619594794
list:
dist: 1.1492189913284552 vs. 1.1492189913284552
list:
dist: 1.7394730878396558 vs. 1.7394730878396558
list:
dist: 2.013515760997585 vs. 2.013515760997585
list:
dist: 2.4707660414192207 vs. 2.4707660414192207
list:
dist: 1.7989636820455193 vs. 1.7989636820455193
list:
dist: 1.7146253179743667 vs. 1.7146253179743667
list:
dist: 2.7008624989428944 vs. 2.7008624989428944
list:
dist: 1.1837210087803958 vs. 1.1837210087803958
list:
dist: 0.9600114441092874 vs. 0.9600114441092874
list:
dist: 0.8718235709802152 vs. 0.8718235709802152
list:
dist: 0.5146097323772973 vs. 0.5146097323772973
list:
dist: 1.013664086201878 vs. 1.013664086201878
list:
dist: 2.061402737990157 vs. 2.061402737990157
list:
dist: 0.8589603391534053 vs. 0.8589603391534053
list:
dist: 3.3112675078508884 vs. 3.3112675078508884
list:
dist: 3.132266037318078 vs. 3.132266037318078
list:
dist: 3.3562944310525755 vs. 3.3562944310525755
list:
dist: 2.0124937568298717 vs. 2.0124937568298717
list:
dist: 2.2070473697693 vs. 2.2070473697693
list:
dist: 1.732277066940862 vs. 1.732277066940862
list:
dist: 1.6735449627943484 vs. 1.6735449627943484
list:
dist: 4.654414239029849 vs. 4.654414239029849
list:
dist: 4.1950529777766805 vs. 4.1950529777766805
list:
dist: 2.692510333485564 vs. 2.692510333485564
list:
dist: 2.8647249786738516 vs. 2.8647249786738516
list:
dist: 2.2364580223831627 vs. 2.2364580223831627
list:
dist: 1.8215341926523063 vs. 1.8215341926523063
list:
dist: 2.8263415780033334 vs. 2.8263415780033334
list:
dist: 1.9639832773730388 vs. 1.9639832773730388
list:
dist: 1.725279899507323 vs. 1.725279899507323
list:
dist: 1.3072447677289543 vs. 1.3072447677289543
list:
dist: 1.5203293293188758 vs. 1.5203293293188758
list:
dist: 1.702384060142239 vs. 1.702384060142239
list:
dist: 2.482792331294554 vs. 2.482792331294554
list:
dist: 2.212512744900799 vs. 2.212512744900799
list:
dist: 2.1233667562138954 vs. 2.1233667562138954
list:
dist: 2.932341713780932 vs. 2.932341713780932
list:
dist: 0.6435147661502973 vs. 0.6435147661502973
list:
dist: 1.1837210087803958 vs. 1.1837210087803958
list:
dist: 1.1740751834372545 vs. 1.1740751834372545
list:
dist: 1.2915950194720969 vs. 1.2915950194720969
list:
dist: 1.2702733080479536 vs. 1.2702733080479536
list:
dist: 2.5914832017682814 vs. 2.5914832017682814
list:
dist: 1.5015527676768154 vs. 1.5015527676768154
list:
dist: 1.5331177033472394 vs. 1.5331177033472394
list:
dist: 2.2115047642150594 vs. 2.2115047642150594
list:
dist: 1.9476045741388104 vs. 1.9476045741388104
list:
dist: 2.1842972571145607 vs. 2.1842972571145607
list:
dist: 3.0905846224000655 vs. 3.0905846224000655
list:
dist: 2.3294214978622123 vs. 2.3294214978622123
list:
dist: 3.52248382414197 vs. 3.52248382414197
list:
dist: 2.6087734405203284 vs. 2.6087734405203284
list:
dist: 2.915465897734696 vs. 2.915465897734696
list:
dist: 3.9542276668194383 vs. 3.9542276668194383
list:
dist: 2.1842972571145607 vs. 2.1842972571145607
list:
dist: 1.6970282659574794 vs. 1.6970282659574794
list:
dist: 1.6735449627943484 vs. 1.6735449627943484
list:
dist: 1.8461498114143986 vs. 1.8461498114143986
list:
dist: 2.048000026223075 vs. 2.048000026223075
list:
dist: 2.270498737959349 vs. 2.270498737959349
list:
dist: 0.7489804963707144 vs. 0.7489804963707144
list:
dist: 1.5462231966599993 vs. 1.5462231966599993
list:
dist: 2.6178701965689113 vs. 2.6178701965689113
list:
dist: 2.9802000153511328 vs. 2.9802000153511328
list:
dist: 2.5100861668971843 vs. 2.5100861668971843
list:
dist: 1.9677127842973678 vs. 1.9677127842973678
list:
dist: 1.1374231693738117 vs. 1.1374231693738117
list:
dist: 0.5965423431600783 vs. 0.5965423431600783
list:
dist: 3.3032053381993043 vs. 3.3032053381993043
list:
dist: 3.0226109843069637 vs. 3.0226109843069637
list:
dist: 3.1021936798867316 vs. 3.1021936798867316
list:
dist: 3.7596784436469477 vs. 3.7596784436469477
list:
dist: 2.6142452185522145 vs. 2.6142452185522145
list:
dist: 2.260134898860537 vs. 2.260134898860537
list:
dist: 1.6324888520279732 vs. 1.6324888520279732
list:
dist: 2.0747264873752775 vs. 2.0747264873752775
list:
dist: 2.468363645035631 vs. 2.468363645035631
list:
dist: 1.5758849684369625 vs. 1.5758849684369625
list:
dist: 0.6676927908361361 vs. 0.6676927908361361
list:
dist: 0.9245163776592314 vs. 0.9245163776592314
list:
dist: 1.325246271747041 vs. 1.325246271747041
list:
dist: 1.8689443570333337 vs. 1.8689443570333337
list:
dist: 2.0026994643684777 vs. 2.0026994643684777
list:
dist: 1.4002442966598259 vs. 1.4002442966598259
list:
dist: 1.2165243554298286 vs. 1.2165243554298286
list:
dist: 2.18744757286237 vs. 2.18744757286237
list:
dist: 1.2915950194720969 vs. 1.2915950194720969
list:
dist: 1.31265150413877 vs. 1.31265150413877
list:
dist: 0.5146097323772973 vs. 0.5146097323772973
list:
dist: 0.6869706280575962 vs. 0.6869706280575962
list:
dist: 0.608580813388551 vs. 0.608580813388551
list:
dist: 2.5155116681048715 vs. 2.5155116681048715
list:
dist: 1.3568917128507993 vs. 1.3568917128507993
list:
dist: 3.571006473193431 vs. 3.571006473193431
list:
dist: 3.3648949136283655 vs. 3.3648949136283655
list:
dist: 3.7248215538822236 vs. 3.7248215538822236
list:
dist: 2.057735178883361 vs. 2.057735178883361
list:
dist: 2.4429785871218037 vs. 2.4429785871218037
list:
dist: 2.0394831839109755 vs. 2.0394831839109755
list:
dist: 2.048000026223075 vs. 2.048000026223075
list:
dist: 4.985508846075274 vs. 4.985508846075274
list:
dist: 4.511239409210599 vs. 4.511239409210599
list:
dist: 3.260863893012275 vs. 3.260863893012275
list:
dist: 3.24537507985319 vs. 3.24537507985319
list:
dist: 2.620446176739704 vs. 2.620446176739704
list:
dist: 2.132211543579295 vs. 2.132211543579295
list:
dist: 3.102097840823696 vs. 3.102097840823696
list:
dist: 1.9117278999340788 vs. 1.9117278999340788
list:
dist: 1.6690261574079615 vs. 1.6690261574079615
list:
dist: 1.532566859370669 vs. 1.532566859370669
list:
dist: 2.0146742955234203 vs. 2.0146742955234203
list:
dist: 1.990724671377318 vs. 1.990724671377318
list:
dist: 2.905922190094178 vs. 2.905922190094178
list:
dist: 2.412072142684923 vs. 2.412072142684923
list:
dist: 2.385904504668412 vs. 2.385904504668412
list:
dist: 3.3078508549572634 vs. 3.3078508549572634
list:
dist: 0.6435147661502973 vs. 0.6435147661502973
list:
dist: 0.9600114441092874 vs. 0.9600114441092874
list:
dist: 1.2901682803965275 vs. 1.2901682803965275
list:
dist: 1.31265150413877 vs. 1.31265150413877
list:
dist: 1.5174701106486508 vs. 1.5174701106486508
list:
dist: 1.998396693772096 vs. 1.998396693772096
list:
dist: 0.9540417409647524 vs. 0.9540417409647524
list:
dist: 1.6834088109624257 vs. 1.6834088109624257
list:
dist: 1.9672807028964288 vs. 1.9672807028964288
list:
dist: 1.580753505851844 vs. 1.580753505851844
list:
dist: 1.6970282659574794 vs. 1.6970282659574794
list:
dist: 2.8605396616313667 vs. 2.8605396616313667
list:
dist: 1.8642912757419217 vs. 1.8642912757419217
list:
dist: 3.263536205124175 vs. 3.263536205124175
list:
dist: 2.4412368376201554 vs. 2.4412368376201554
list:
dist: 2.799005269237266 vs. 2.799005269237266
list:
dist: 3.805895801550408 vs. 3.805895801550408
list:
dist: 1.9476045741388104 vs. 1.9476045741388104
list:
dist: 1.580753505851844 vs. 1.580753505851844
list:
dist: 1.732277066940862 vs. 1.732277066940862
list:
dist: 1.657952352822498 vs. 1.657952352822498
list:
dist: 2.0394831839109755 vs. 2.0394831839109755
list:
dist: 2.109143658519166 vs. 2.109143658519166
list:
dist: 1.2484753478912431 vs. 1.2484753478912431
list:
dist: 1.7717478590383327 vs. 1.7717478590383327
list:
dist: 3.17679404952482 vs. 3.17679404952482
list:
dist: 3.5454803094502 vs. 3.5454803094502
list:
dist: 3.098433009540505 vs. 3.098433009540505
list:
dist: 1.4179774016172209 vs. 1.4179774016172209
list:
dist: 0.5938988269370573 vs. 0.5938988269370573
list:
dist: 0.5965423431600783 vs. 0.5965423431600783
list:
dist: 3.749221677255003 vs. 3.749221677255003
list:
dist: 3.529212490180737 vs. 3.529212490180737
list:
dist: 3.379982631504012 vs. 3.379982631504012
list:
dist: 4.091530944681232 vs. 4.091530944681232
list:
dist: 2.1259478878036284 vs. 2.1259478878036284
list:
dist: 0.75995647246497 vs. 0.75995647246497
list:
dist: 2.4668213598365103 vs. 2.4668213598365103
list:
dist: 2.0739746006145974 vs. 2.0739746006145974
list:
dist: 2.4120644664201802 vs. 2.4120644664201802
list:
dist: 3.211932223573799 vs. 3.211932223573799
list:
dist: 1.5331177033472394 vs. 1.5331177033472394
list:
dist: 1.6834088109624257 vs. 1.6834088109624257
list:
dist: 2.0124937568298717 vs. 2.0124937568298717
list:
dist: 1.4221615312006042 vs. 1.4221615312006042
list:
dist: 2.057735178883361 vs. 2.057735178883361
list:
dist: 1.7436118076715685 vs. 1.7436118076715685
list:
dist: 2.6087923393907406 vs. 2.6087923393907406
list:
dist: 2.4214904216822615 vs. 2.4214904216822615
list:
dist: 1.2301802544492049 vs. 1.2301802544492049
list:
dist: 1.4179774016172209 vs. 1.4179774016172209
list:
dist: 1.9677127842973678 vs. 1.9677127842973678
list:
dist: 3.4425600369330893 vs. 3.4425600369330893
list:
dist: 2.7425121965271866 vs. 2.7425121965271866
list:
dist: 3.225304068512861 vs. 3.225304068512861
list:
dist: 2.571340319672588 vs. 2.571340319672588
list:
dist: 3.1973035496300195 vs. 3.1973035496300195
list:
dist: 3.8286521031949143 vs. 3.8286521031949143
list:
dist: 3.2905722347749284 vs. 3.2905722347749284
list:
dist: 2.5311206523244727 vs. 2.5311206523244727
list:
dist: 2.3847298778098858 vs. 2.3847298778098858
list:
dist: 1.6652564307155266 vs. 1.6652564307155266
list:
dist: 1.7528667061767247 vs. 1.7528667061767247
list:
dist: 1.465203984198588 vs. 1.465203984198588
list:
dist: 1.8396792725194195 vs. 1.8396792725194195
list:
dist: 2.5388761878480985 vs. 2.5388761878480985
list:
dist: 1.702384060142239 vs. 1.702384060142239
list:
dist: 1.990724671377318 vs. 1.990724671377318
list:
dist: 2.013515760997585 vs. 2.013515760997585
list:
dist: 1.1978446068148632 vs. 1.1978446068148632
list:
dist: 1.8689443570333337 vs. 1.8689443570333337
list:
dist: 1.3869214609381921 vs. 1.3869214609381921
list:
dist: 0.75995647246497 vs. 0.75995647246497
list:
dist: 1.7519399000792528 vs. 1.7519399000792528
list:
dist: 1.8642912757419217 vs. 1.8642912757419217
list:
dist: 2.3294214978622123 vs. 2.3294214978622123
list:
dist: 3.0491767557053278 vs. 3.0491767557053278
list:
dist: 1.7519399000792528 vs. 1.7519399000792528
list:
dist: 3.3404954964947797 vs. 3.3404954964947797
list:
dist: 2.5966317986715928 vs. 2.5966317986715928
list:
dist: 3.032736532417244 vs. 3.032736532417244
list:
dist: 3.980663205705884 vs. 3.980663205705884
list:
dist: 2.2115047642150594 vs. 2.2115047642150594
list:
dist: 1.9672807028964288 vs. 1.9672807028964288
list:
dist: 2.2070473697693 vs. 2.2070473697693
list:
dist: 1.9354700540104084 vs. 1.9354700540104084
list:
dist: 2.4429785871218037 vs. 2.4429785871218037
list:
dist: 2.3803009234892296 vs. 2.3803009234892296
list:
dist: 1.7266665996828305 vs. 1.7266665996828305
list:
dist: 2.324477447254949 vs. 2.324477447254949
list:
dist: 3.6141774468741397 vs. 3.6141774468741397
list:
dist: 4.074205912436806 vs. 4.074205912436806
list:
dist: 3.557284815666398 vs. 3.557284815666398
list:
dist: 1.2301802544492049 vs. 1.2301802544492049
list:
dist: 0.5938988269370573 vs. 0.5938988269370573
list:
dist: 1.1374231693738117 vs. 1.1374231693738117
list:
dist: 3.9655296444601165 vs. 3.9655296444601165
list:
dist: 3.833605599582967 vs. 3.833605599582967
list:
dist: 3.4122110848213354 vs. 3.4122110848213354
list:
dist: 4.169992044324876 vs. 4.169992044324876
list:
dist: 3.9582961987589846 vs. 3.9582961987589846
list:
dist: 4.686853810215362 vs. 4.686853810215362
list:
dist: 3.199285652708066 vs. 3.199285652708066
list:
dist: 2.736223813251192 vs. 2.736223813251192
list:
dist: 3.162681235966865 vs. 3.162681235966865
list:
dist: 2.5914832017682814 vs. 2.5914832017682814
list:
dist: 1.998396693772096 vs. 1.998396693772096
list:
dist: 2.061402737990157 vs. 2.061402737990157
list:
dist: 2.4572933050575494 vs. 2.4572933050575494
list:
dist: 2.5155116681048715 vs. 2.5155116681048715
list:
dist: 2.84923065986468 vs. 2.84923065986468
list:
dist: 1.6089375518227045 vs. 1.6089375518227045
list:
dist: 2.377286186160532 vs. 2.377286186160532
list:
dist: 2.725980659613683 vs. 2.725980659613683
list:
dist: 2.0172202275811104 vs. 2.0172202275811104
list:
dist: 3.200283755923626 vs. 3.200283755923626
list:
dist: 2.6087923393907406 vs. 2.6087923393907406
list:
dist: 1.7266665996828305 vs. 1.7266665996828305
list:
dist: 1.2484753478912431 vs. 1.2484753478912431
list:
dist: 0.7489804963707144 vs. 0.7489804963707144
list:
dist: 2.9500736668416274 vs. 2.9500736668416274
list:
dist: 2.6730847857459032 vs. 2.6730847857459032
list:
dist: 2.9659831130016943 vs. 2.9659831130016943
list:
dist: 4.815383767614859 vs. 4.815383767614859
list:
dist: 1.0032656385953052 vs. 1.0032656385953052
list:
dist: 1.15705442651486 vs. 1.15705442651486
list:
dist: 1.1357486881049337 vs. 1.1357486881049337
list:
dist: 0.6436066890479833 vs. 0.6436066890479833
list:
dist: 1.0130571096603598 vs. 1.0130571096603598
list:
dist: 1.0178436567700637 vs. 1.0178436567700637
list:
dist: 2.8727577476224324 vs. 2.8727577476224324
list:
dist: 1.236142797357753 vs. 1.236142797357753
list:
dist: 1.6451047766085127 vs. 1.6451047766085127
list:
dist: 0.8741827831569644 vs. 0.8741827831569644
list:
dist: 3.0166396850780663 vs. 3.0166396850780663
list:
dist: 2.239664168112967 vs. 2.239664168112967
list:
dist: 1.5714797487887087 vs. 1.5714797487887087
list:
dist: 2.2242142123603896 vs. 2.2242142123603896
list:
dist: 2.5845791922100623 vs. 2.5845791922100623
list:
dist: 2.3045871155379953 vs. 2.3045871155379953
list:
dist: 1.8946266838887185 vs. 1.8946266838887185
list:
dist: 1.683115133011841 vs. 1.683115133011841
list:
dist: 2.8186637134797494 vs. 2.8186637134797494
list:
dist: 4.079583010214704 vs. 4.079583010214704
list:
dist: 2.594855165755409 vs. 2.594855165755409
list:
dist: 2.4709662722301933 vs. 2.4709662722301933
list:
dist: 3.1365694009729346 vs. 3.1365694009729346
list:
dist: 2.135611494926995 vs. 2.135611494926995
list:
dist: 3.478995363915287 vs. 3.478995363915287
list:
dist: 3.078172745771033 vs. 3.078172745771033
list:
dist: 3.888464329639374 vs. 3.888464329639374
list:
dist: 3.132266037318078 vs. 3.132266037318078
list:
dist: 3.7342033679466953 vs. 3.7342033679466953
list:
dist: 3.3648949136283655 vs. 3.3648949136283655
list:
dist: 3.884603410657289 vs. 3.884603410657289
list:
dist: 2.725980659613683 vs. 2.725980659613683
list:
dist: 2.866139723279968 vs. 2.866139723279968
list:
dist: 1.0950878601149427 vs. 1.0950878601149427
list:
dist: 1.4173546500771272 vs. 1.4173546500771272
list:
dist: 1.1508071150290047 vs. 1.1508071150290047
list:
dist: 1.7467748992962797 vs. 1.7467748992962797
list:
dist: 0.8398302299611747 vs. 0.8398302299611747
list:
dist: 1.15705442651486 vs. 1.15705442651486
list:
dist: 2.0480812376018958 vs. 2.0480812376018958
list:
dist: 2.728434885209406 vs. 2.728434885209406
list:
dist: 1.9775207838929134 vs. 1.9775207838929134
list:
dist: 4.074205912436806 vs. 4.074205912436806
list:
dist: 3.5454803094502 vs. 3.5454803094502
list:
dist: 2.9802000153511328 vs. 2.9802000153511328
list:
dist: 3.478411343758092 vs. 3.478411343758092
list:
dist: 3.0153980535029405 vs. 3.0153980535029405
list:
dist: 2.3080110543328636 vs. 2.3080110543328636
list:
dist: 3.1554367908762804 vs. 3.1554367908762804
list:
dist: 3.5378839440873913 vs. 3.5378839440873913
list:
dist: 3.2879336280135147 vs. 3.2879336280135147
list:
dist: 2.231236368083798 vs. 2.231236368083798
list:
dist: 2.744558147003916 vs. 2.744558147003916
list:
dist: 3.2691366139189504 vs. 3.2691366139189504
list:
dist: 3.3550870296255306 vs. 3.3550870296255306
list:
dist: 3.50477178534027 vs. 3.50477178534027
list:
dist: 4.1794826246707695 vs. 4.1794826246707695
list:
dist: 3.2105367150584456 vs. 3.2105367150584456
list:
dist: 4.3140946474468995 vs. 4.3140946474468995
list:
dist: 0.9254097200892835 vs. 0.9254097200892835
list:
dist: 1.7467748992962797 vs. 1.7467748992962797
list:
dist: 1.4978030835840448 vs. 1.4978030835840448
list:
dist: 1.4832625362576441 vs. 1.4832625362576441
list:
dist: 1.335141793674623 vs. 1.335141793674623
list:
dist: 1.0130571096603598 vs. 1.0130571096603598
list:
dist: 2.570671166743672 vs. 2.570671166743672
list:
dist: 1.9603952873463713 vs. 1.9603952873463713
list:
dist: 2.0495891899422283 vs. 2.0495891899422283
list:
dist: 1.3949433722655267 vs. 1.3949433722655267
list:
dist: 2.0089258446424565 vs. 2.0089258446424565
list:
dist: 1.6871381016211715 vs. 1.6871381016211715
list:
dist: 1.0547157654543116 vs. 1.0547157654543116
list:
dist: 1.4217428488065922 vs. 1.4217428488065922
list:
dist: 1.9161890920270872 vs. 1.9161890920270872
list:
dist: 1.5906065532425895 vs. 1.5906065532425895
list:
dist: 0.990948238647432 vs. 0.990948238647432
list:
dist: 1.2826694400315863 vs. 1.2826694400315863
list:
dist: 1.90135157141812 vs. 1.90135157141812
list:
dist: 3.4705226805990925 vs. 3.4705226805990925
list:
dist: 2.6535212661744465 vs. 2.6535212661744465
list:
dist: 2.1230284379801523 vs. 2.1230284379801523
list:
dist: 2.6596432311915352 vs. 2.6596432311915352
list:
dist: 1.923700403052002 vs. 1.923700403052002
list:
dist: 4.643840035603879 vs. 4.643840035603879
list:
dist: 1.4804186572543665 vs. 1.4804186572543665
list:
dist: 1.1508071150290047 vs. 1.1508071150290047
list:
dist: 1.6792863570603207 vs. 1.6792863570603207
list:
dist: 1.4832625362576441 vs. 1.4832625362576441
list:
dist: 0.8879618560124848 vs. 0.8879618560124848
list:
dist: 0.6436066890479833 vs. 0.6436066890479833
list:
dist: 2.7729151549652737 vs. 2.7729151549652737
list:
dist: 1.5219047086661706 vs. 1.5219047086661706
list:
dist: 1.864509768722386 vs. 1.864509768722386
list:
dist: 1.0087661196465443 vs. 1.0087661196465443
list:
dist: 3.398248451309114 vs. 3.398248451309114
list:
dist: 2.8600267952095204 vs. 2.8600267952095204
list:
dist: 2.2001971883007876 vs. 2.2001971883007876
list:
dist: 2.620232139005786 vs. 2.620232139005786
list:
dist: 3.10981035277411 vs. 3.10981035277411
list:
dist: 2.7616696513180408 vs. 2.7616696513180408
list:
dist: 2.363362865901537 vs. 2.363362865901537
list:
dist: 2.1808139462181786 vs. 2.1808139462181786
list:
dist: 3.36287603933184 vs. 3.36287603933184
list:
dist: 4.093491892046012 vs. 4.093491892046012
list:
dist: 3.146154719222288 vs. 3.146154719222288
list:
dist: 2.9862089034010726 vs. 2.9862089034010726
list:
dist: 3.6247040127410797 vs. 3.6247040127410797
list:
dist: 2.6184345744937594 vs. 2.6184345744937594
list:
dist: 4.263125365727216 vs. 4.263125365727216
list:
dist: 1.142861297337723 vs. 1.142861297337723
list:
dist: 0.8398302299611747 vs. 0.8398302299611747
list:
dist: 1.7913065129953636 vs. 1.7913065129953636
list:
dist: 0.8879618560124848 vs. 0.8879618560124848
list:
dist: 1.335141793674623 vs. 1.335141793674623
list:
dist: 1.0178436567700637 vs. 1.0178436567700637
list:
dist: 2.928262006391869 vs. 2.928262006391869
list:
dist: 2.2075200272370763 vs. 2.2075200272370763
list:
dist: 2.5876114421387855 vs. 2.5876114421387855
list:
dist: 1.696560703501627 vs. 1.696560703501627
list:
dist: 2.9672686117818436 vs. 2.9672686117818436
list:
dist: 2.923904326165282 vs. 2.923904326165282
list:
dist: 2.219047578263268 vs. 2.219047578263268
list:
dist: 2.6431387114261553 vs. 2.6431387114261553
list:
dist: 3.2343010206250655 vs. 3.2343010206250655
list:
dist: 2.8723325299216906 vs. 2.8723325299216906
list:
dist: 1.9168366728174089 vs. 1.9168366728174089
list:
dist: 2.46073782521924 vs. 2.46073782521924
list:
dist: 3.026948373802498 vs. 3.026948373802498
list:
dist: 4.033937585556667 vs. 4.033937585556667
list:
dist: 3.5370839843470074 vs. 3.5370839843470074
list:
dist: 3.317189911680353 vs. 3.317189911680353
list:
dist: 3.9140889903676492 vs. 3.9140889903676492
list:
dist: 3.0251905618011157 vs. 3.0251905618011157
list:
dist: 2.5304408426481677 vs. 2.5304408426481677
list:
dist: 1.8212401969156518 vs. 1.8212401969156518
list:
dist: 4.643840035603879 vs. 4.643840035603879
list:
dist: 4.3140946474468995 vs. 4.3140946474468995
list:
dist: 4.263125365727216 vs. 4.263125365727216
list:
dist: 4.815383767614859 vs. 4.815383767614859
list:
dist: 2.870994502148309 vs. 2.870994502148309
list:
dist: 3.3916781107717444 vs. 3.3916781107717444
list:
dist: 3.7553549577953893 vs. 3.7553549577953893
list:
dist: 3.0570369440163936 vs. 3.0570369440163936
list:
dist: 2.6195422705747724 vs. 2.6195422705747724
list:
dist: 4.117476061096288 vs. 4.117476061096288
list:
dist: 5.113031354674891 vs. 5.113031354674891
list:
dist: 4.580146769002614 vs. 4.580146769002614
list:
dist: 4.36036604312895 vs. 4.36036604312895
list:
dist: 4.942516267309795 vs. 4.942516267309795
list:
dist: 4.898046070782525 vs. 4.898046070782525
list:
dist: 2.303914930429648 vs. 2.303914930429648
list:
dist: 2.870994502148309 vs. 2.870994502148309
list:
dist: 3.777389808927733 vs. 3.777389808927733
list:
dist: 2.7729151549652737 vs. 2.7729151549652737
list:
dist: 2.570671166743672 vs. 2.570671166743672
list:
dist: 2.928262006391869 vs. 2.928262006391869
list:
dist: 2.8727577476224324 vs. 2.8727577476224324
list:
dist: 2.8494302842717127 vs. 2.8494302842717127
list:
dist: 2.420508718529729 vs. 2.420508718529729
list:
dist: 3.019913325421169 vs. 3.019913325421169
list:
dist: 4.4400474359267825 vs. 4.4400474359267825
list:
dist: 4.267678812603509 vs. 4.267678812603509
list:
dist: 2.125481593940235 vs. 2.125481593940235
list:
dist: 3.0246216016574117 vs. 3.0246216016574117
list:
dist: 2.462997815045978 vs. 2.462997815045978
list:
dist: 3.1502747710242267 vs. 3.1502747710242267
list:
dist: 2.624913646808627 vs. 2.624913646808627
list:
dist: 3.715397590399608 vs. 3.715397590399608
list:
dist: 1.5257034581814006 vs. 1.5257034581814006
list:
dist: 3.2447624070774244 vs. 3.2447624070774244
list:
dist: 3.361538197989719 vs. 3.361538197989719
list:
dist: 3.0395525380797297 vs. 3.0395525380797297
list:
dist: 2.4470059318260367 vs. 2.4470059318260367
list:
dist: 2.728434885209406 vs. 2.728434885209406
list:
dist: 2.0891275882715643 vs. 2.0891275882715643
list:
dist: 1.864509768722386 vs. 1.864509768722386
list:
dist: 2.0495891899422283 vs. 2.0495891899422283
list:
dist: 2.5876114421387855 vs. 2.5876114421387855
list:
dist: 1.6451047766085127 vs. 1.6451047766085127
list:
dist: 2.8494302842717127 vs. 2.8494302842717127
list:
dist: 1.0064539988456476 vs. 1.0064539988456476
list:
dist: 0.9250727532013676 vs. 0.9250727532013676
list:
dist: 2.298239627144221 vs. 2.298239627144221
list:
dist: 2.035787321161226 vs. 2.035787321161226
list:
dist: 2.2818768035821937 vs. 2.2818768035821937
list:
dist: 2.3002102778255087 vs. 2.3002102778255087
list:
dist: 2.1317206405813427 vs. 2.1317206405813427
list:
dist: 2.941401060724746 vs. 2.941401060724746
list:
dist: 1.4068072130437166 vs. 1.4068072130437166
list:
dist: 3.452898435126975 vs. 3.452898435126975
list:
dist: 4.115225528798339 vs. 4.115225528798339
list:
dist: 2.038741480753091 vs. 2.038741480753091
list:
dist: 1.7517188125601357 vs. 1.7517188125601357
list:
dist: 2.3522936663925895 vs. 2.3522936663925895
list:
dist: 1.3195915131716085 vs. 1.3195915131716085
list:
dist: 1.7959966128733698 vs. 1.7959966128733698
list:
dist: 1.9775207838929134 vs. 1.9775207838929134
list:
dist: 1.7463345285973235 vs. 1.7463345285973235
list:
dist: 1.0087661196465443 vs. 1.0087661196465443
list:
dist: 1.3949433722655267 vs. 1.3949433722655267
list:
dist: 1.696560703501627 vs. 1.696560703501627
list:
dist: 0.8741827831569644 vs. 0.8741827831569644
list:
dist: 2.420508718529729 vs. 2.420508718529729
list:
dist: 1.0857739026287558 vs. 1.0857739026287558
list:
dist: 0.9250727532013676 vs. 0.9250727532013676
list:
dist: 2.3222852073051374 vs. 2.3222852073051374
list:
dist: 1.821418191125285 vs. 1.821418191125285
list:
dist: 2.0420977910713676 vs. 2.0420977910713676
list:
dist: 2.3951463386894054 vs. 2.3951463386894054
list:
dist: 2.072782817389004 vs. 2.072782817389004
list:
dist: 2.3779941985750073 vs. 2.3779941985750073
list:
dist: 1.4126906406598887 vs. 1.4126906406598887
list:
dist: 3.13809580818424 vs. 3.13809580818424
list:
dist: 3.745799869081181 vs. 3.745799869081181
list:
dist: 2.5137901027836307 vs. 2.5137901027836307
list:
dist: 2.1363695396593303 vs. 2.1363695396593303
list:
dist: 2.7512666445046197 vs. 2.7512666445046197
list:
dist: 1.7325663948839158 vs. 1.7325663948839158
list:
dist: 3.200283755923626 vs. 3.200283755923626
list:
dist: 3.968541627747375 vs. 3.968541627747375
list:
dist: 1.9429796791716836 vs. 1.9429796791716836
list:
dist: 2.0480812376018958 vs. 2.0480812376018958
list:
dist: 1.3369937623072488 vs. 1.3369937623072488
list:
dist: 1.5219047086661706 vs. 1.5219047086661706
list:
dist: 1.9603952873463713 vs. 1.9603952873463713
list:
dist: 2.2075200272370763 vs. 2.2075200272370763
list:
dist: 1.236142797357753 vs. 1.236142797357753
list:
dist: 1.0064539988456476 vs. 1.0064539988456476
list:
dist: 1.0857739026287558 vs. 1.0857739026287558
list:
dist: 2.3213746535025104 vs. 2.3213746535025104
list:
dist: 1.894115517447571 vs. 1.894115517447571
list:
dist: 2.7275409730130122 vs. 2.7275409730130122
list:
dist: 2.7045576293179896 vs. 2.7045576293179896
list:
dist: 2.6013375537533316 vs. 2.6013375537533316
list:
dist: 2.7932344993109277 vs. 2.7932344993109277
list:
dist: 1.7852037826882001 vs. 1.7852037826882001
list:
dist: 3.429881286397664 vs. 3.429881286397664
list:
dist: 1.8742298810590983 vs. 1.8742298810590983
list:
dist: 2.210299537675515 vs. 2.210299537675515
list:
dist: 2.9346133583637113 vs. 2.9346133583637113
list:
dist: 1.8224718718555057 vs. 1.8224718718555057
list:
dist: 4.654414239029849 vs. 4.654414239029849
list:
dist: 4.944065411212467 vs. 4.944065411212467
list:
dist: 4.985508846075274 vs. 4.985508846075274
list:
dist: 5.30649114601783 vs. 5.30649114601783
list:
dist: 2.9500736668416274 vs. 2.9500736668416274
list:
dist: 4.332599060727004 vs. 4.332599060727004
list:
dist: 2.0087765211995334 vs. 2.0087765211995334
list:
dist: 3.0153980535029405 vs. 3.0153980535029405
list:
dist: 1.8869577358996832 vs. 1.8869577358996832
list:
dist: 2.8600267952095204 vs. 2.8600267952095204
list:
dist: 1.6871381016211715 vs. 1.6871381016211715
list:
dist: 2.923904326165282 vs. 2.923904326165282
list:
dist: 2.239664168112967 vs. 2.239664168112967
list:
dist: 2.3213746535025104 vs. 2.3213746535025104
list:
dist: 2.298239627144221 vs. 2.298239627144221
list:
dist: 2.3222852073051374 vs. 2.3222852073051374
list:
dist: 3.9655296444601165 vs. 3.9655296444601165
list:
dist: 3.749221677255003 vs. 3.749221677255003
list:
dist: 3.3032053381993043 vs. 3.3032053381993043
list:
dist: 2.3263742343724707 vs. 2.3263742343724707
list:
dist: 0.7157231358457071 vs. 0.7157231358457071
list:
dist: 1.596303921831618 vs. 1.596303921831618
list:
dist: 0.9708040086954265 vs. 0.9708040086954265
list:
dist: 1.2863219888811197 vs. 1.2863219888811197
list:
dist: 1.695770797173756 vs. 1.695770797173756
list:
dist: 1.1201424755953302 vs. 1.1201424755953302
list:
dist: 1.4802798271383417 vs. 1.4802798271383417
list:
dist: 1.5706264378782315 vs. 1.5706264378782315
list:
dist: 1.1131024830930685 vs. 1.1131024830930685
list:
dist: 1.5754162993400098 vs. 1.5754162993400098
list:
dist: 1.26170097595459 vs. 1.26170097595459
list:
dist: 1.2528388563160193 vs. 1.2528388563160193
list:
dist: 1.17595487358821 vs. 1.17595487358821
list:
dist: 2.322659094071327 vs. 2.322659094071327
list:
dist: 1.5764255200707442 vs. 1.5764255200707442
list:
dist: 4.1950529777766805 vs. 4.1950529777766805
list:
dist: 4.546206428214475 vs. 4.546206428214475
list:
dist: 4.511239409210599 vs. 4.511239409210599
list:
dist: 4.875167817409484 vs. 4.875167817409484
list:
dist: 2.6730847857459032 vs. 2.6730847857459032
list:
dist: 3.8843736870439898 vs. 3.8843736870439898
list:
dist: 1.3082871917246102 vs. 1.3082871917246102
list:
dist: 2.3080110543328636 vs. 2.3080110543328636
list:
dist: 1.301231010222511 vs. 1.301231010222511
list:
dist: 2.2001971883007876 vs. 2.2001971883007876
list:
dist: 1.0547157654543116 vs. 1.0547157654543116
list:
dist: 2.219047578263268 vs. 2.219047578263268
list:
dist: 1.5714797487887087 vs. 1.5714797487887087
list:
dist: 1.894115517447571 vs. 1.894115517447571
list:
dist: 2.035787321161226 vs. 2.035787321161226
list:
dist: 1.821418191125285 vs. 1.821418191125285
list:
dist: 3.833605599582967 vs. 3.833605599582967
list:
dist: 3.529212490180737 vs. 3.529212490180737
list:
dist: 3.0226109843069637 vs. 3.0226109843069637
list:
dist: 2.23112915876834 vs. 2.23112915876834
list:
dist: 0.7157231358457071 vs. 0.7157231358457071
list:
dist: 1.5413441513484536 vs. 1.5413441513484536
list:
dist: 1.3757581706998911 vs. 1.3757581706998911
list:
dist: 1.4000137763466864 vs. 1.4000137763466864
list:
dist: 1.2532033376699374 vs. 1.2532033376699374
list:
dist: 0.9986522212990905 vs. 0.9986522212990905
list:
dist: 1.55058195253595 vs. 1.55058195253595
list:
dist: 1.774133542870949 vs. 1.774133542870949
list:
dist: 1.4735077335245745 vs. 1.4735077335245745
list:
dist: 2.066920551199614 vs. 2.066920551199614
list:
dist: 1.4064794156295435 vs. 1.4064794156295435
list:
dist: 1.7215030928155828 vs. 1.7215030928155828
list:
dist: 1.871969055543967 vs. 1.871969055543967
list:
dist: 2.9073214016865845 vs. 2.9073214016865845
list:
dist: 1.981300149379506 vs. 1.981300149379506
list:
dist: 4.36036604312895 vs. 4.36036604312895
list:
dist: 1.2306391988263783 vs. 1.2306391988263783
list:
dist: 2.231236368083798 vs. 2.231236368083798
list:
dist: 1.9404066808880498 vs. 1.9404066808880498
list:
dist: 2.363362865901537 vs. 2.363362865901537
list:
dist: 0.990948238647432 vs. 0.990948238647432
list:
dist: 1.9168366728174089 vs. 1.9168366728174089
list:
dist: 1.8946266838887185 vs. 1.8946266838887185
list:
dist: 3.1502747710242267 vs. 3.1502747710242267
list:
dist: 2.7932344993109277 vs. 2.7932344993109277
list:
dist: 2.941401060724746 vs. 2.941401060724746
list:
dist: 2.3779941985750073 vs. 2.3779941985750073
list:
dist: 1.3578270038475404 vs. 1.3578270038475404
list:
dist: 1.695770797173756 vs. 1.695770797173756
list:
dist: 1.2532033376699374 vs. 1.2532033376699374
list:
dist: 1.6532340530347172 vs. 1.6532340530347172
list:
dist: 2.0275947825322262 vs. 2.0275947825322262
list:
dist: 1.8337472706564326 vs. 1.8337472706564326
list:
dist: 1.8571934155313492 vs. 1.8571934155313492
list:
dist: 1.1280113275878354 vs. 1.1280113275878354
list:
dist: 3.674583270106501 vs. 3.674583270106501
list:
dist: 3.0151067151166386 vs. 3.0151067151166386
list:
dist: 2.4998097420037735 vs. 2.4998097420037735
list:
dist: 2.9041162762919783 vs. 2.9041162762919783
list:
dist: 2.4619404039473007 vs. 2.4619404039473007
list:
dist: 2.0610249959339053 vs. 2.0610249959339053
list:
dist: 2.7229853297778033 vs. 2.7229853297778033
list:
dist: 3.1086247046539923 vs. 3.1086247046539923
list:
dist: 2.101762728443464 vs. 2.101762728443464
list:
dist: 4.04546490695185 vs. 4.04546490695185
list:
dist: 3.640999927556964 vs. 3.640999927556964
list:
dist: 4.347014776092214 vs. 4.347014776092214
list:
dist: 3.3562944310525755 vs. 3.3562944310525755
list:
dist: 3.907250427726861 vs. 3.907250427726861
list:
dist: 3.7248215538822236 vs. 3.7248215538822236
list:
dist: 4.1947130350157735 vs. 4.1947130350157735
list:
dist: 2.0172202275811104 vs. 2.0172202275811104
list:
dist: 2.8981679508867195 vs. 2.8981679508867195
list:
dist: 0.9511885277170042 vs. 0.9511885277170042
list:
dist: 1.4173546500771272 vs. 1.4173546500771272
list:
dist: 1.6792863570603207 vs. 1.6792863570603207
list:
dist: 1.4978030835840448 vs. 1.4978030835840448
list:
dist: 1.7913065129953636 vs. 1.7913065129953636
list:
dist: 1.1357486881049337 vs. 1.1357486881049337
list:
dist: 1.3369937623072488 vs. 1.3369937623072488
list:
dist: 2.0891275882715643 vs. 2.0891275882715643
list:
dist: 1.7463345285973235 vs. 1.7463345285973235
list:
dist: 3.557284815666398 vs. 3.557284815666398
list:
dist: 3.098433009540505 vs. 3.098433009540505
list:
dist: 2.5100861668971843 vs. 2.5100861668971843
list:
dist: 3.238096106222583 vs. 3.238096106222583
list:
dist: 1.8869577358996832 vs. 1.8869577358996832
list:
dist: 1.301231010222511 vs. 1.301231010222511
list:
dist: 2.6423968645818343 vs. 2.6423968645818343
list:
dist: 2.6140379968848992 vs. 2.6140379968848992
list:
dist: 2.5725725764106393 vs. 2.5725725764106393
list:
dist: 1.9404066808880498 vs. 1.9404066808880498
list:
dist: 1.9151224096090549 vs. 1.9151224096090549
list:
dist: 2.613630065792364 vs. 2.613630065792364
list:
dist: 1.9864997962785953 vs. 1.9864997962785953
list:
dist: 2.432844871294995 vs. 2.432844871294995
list:
dist: 3.1510143448712875 vs. 3.1510143448712875
list:
dist: 2.199940190743537 vs. 2.199940190743537
list:
dist: 2.4699515380771846 vs. 2.4699515380771846
list:
dist: 3.2105367150584456 vs. 3.2105367150584456
list:
dist: 2.199940190743537 vs. 2.199940190743537
list:
dist: 2.6184345744937594 vs. 2.6184345744937594
list:
dist: 1.923700403052002 vs. 1.923700403052002
list:
dist: 3.0251905618011157 vs. 3.0251905618011157
list:
dist: 2.135611494926995 vs. 2.135611494926995
list:
dist: 3.0395525380797297 vs. 3.0395525380797297
list:
dist: 1.8224718718555057 vs. 1.8224718718555057
list:
dist: 1.3195915131716085 vs. 1.3195915131716085
list:
dist: 1.7325663948839158 vs. 1.7325663948839158
list:
dist: 1.26170097595459 vs. 1.26170097595459
list:
dist: 1.4064794156295435 vs. 1.4064794156295435
list:
dist: 1.570117905037658 vs. 1.570117905037658
list:
dist: 1.0988065826205935 vs. 1.0988065826205935
list:
dist: 1.1949355513750417 vs. 1.1949355513750417
list:
dist: 2.4619404039473007 vs. 2.4619404039473007
list:
dist: 0.6760759566505434 vs. 0.6760759566505434
list:
dist: 2.5455970817750178 vs. 2.5455970817750178
list:
dist: 3.8936072278266094 vs. 3.8936072278266094
list:
dist: 1.4853924663769311 vs. 1.4853924663769311
list:
dist: 0.4349313684902073 vs. 0.4349313684902073
list:
dist: 1.1146649816642984 vs. 1.1146649816642984
list:
dist: 2.4497632265283897 vs. 2.4497632265283897
list:
dist: 1.8893184304962034 vs. 1.8893184304962034
list:
dist: 2.9121280899824846 vs. 2.9121280899824846
list:
dist: 2.0965379273679665 vs. 2.0965379273679665
list:
dist: 4.580146769002614 vs. 4.580146769002614
list:
dist: 2.39014012951708 vs. 2.39014012951708
list:
dist: 3.2879336280135147 vs. 3.2879336280135147
list:
dist: 2.5725725764106393 vs. 2.5725725764106393
list:
dist: 2.7616696513180408 vs. 2.7616696513180408
list:
dist: 1.5906065532425895 vs. 1.5906065532425895
list:
dist: 2.8723325299216906 vs. 2.8723325299216906
list:
dist: 2.3045871155379953 vs. 2.3045871155379953
list:
dist: 2.462997815045978 vs. 2.462997815045978
list:
dist: 2.6013375537533316 vs. 2.6013375537533316
list:
dist: 2.1317206405813427 vs. 2.1317206405813427
list:
dist: 2.072782817389004 vs. 2.072782817389004
list:
dist: 1.9131411283533635 vs. 1.9131411283533635
list:
dist: 1.2863219888811197 vs. 1.2863219888811197
list:
dist: 1.4000137763466864 vs. 1.4000137763466864
list:
dist: 0.47240387397467243 vs. 0.47240387397467243
list:
dist: 0.5769155543575549 vs. 0.5769155543575549
list:
dist: 1.8337472706564326 vs. 1.8337472706564326
list:
dist: 0.8226315872714661 vs. 0.8226315872714661
list:
dist: 1.8011798099393699 vs. 1.8011798099393699
list:
dist: 2.9710300822196243 vs. 2.9710300822196243
list:
dist: 2.4536822588948604 vs. 2.4536822588948604
list:
dist: 1.1237535929818847 vs. 1.1237535929818847
list:
dist: 1.2606200121906688 vs. 1.2606200121906688
list:
dist: 1.1949355513750417 vs. 1.1949355513750417
list:
dist: 2.169823684150811 vs. 2.169823684150811
list:
dist: 2.058861333742008 vs. 2.058861333742008
list:
dist: 2.2848789992680456 vs. 2.2848789992680456
list:
dist: 1.1822920715080136 vs. 1.1822920715080136
list:
dist: 2.9659831130016943 vs. 2.9659831130016943
list:
dist: 4.31241690551595 vs. 4.31241690551595
list:
dist: 2.6991436590101854 vs. 2.6991436590101854
list:
dist: 3.3550870296255306 vs. 3.3550870296255306
list:
dist: 1.9864997962785953 vs. 1.9864997962785953
list:
dist: 3.146154719222288 vs. 3.146154719222288
list:
dist: 2.6535212661744465 vs. 2.6535212661744465
list:
dist: 3.5370839843470074 vs. 3.5370839843470074
list:
dist: 2.594855165755409 vs. 2.594855165755409
list:
dist: 1.8742298810590983 vs. 1.8742298810590983
list:
dist: 2.038741480753091 vs. 2.038741480753091
list:
dist: 2.5137901027836307 vs. 2.5137901027836307
list:
dist: 1.5706264378782315 vs. 1.5706264378782315
list:
dist: 1.774133542870949 vs. 1.774133542870949
list:
dist: 2.829601926583841 vs. 2.829601926583841
list:
dist: 2.135722475221864 vs. 2.135722475221864
list:
dist: 2.4536822588948604 vs. 2.4536822588948604
list:
dist: 3.0151067151166386 vs. 3.0151067151166386
list:
dist: 1.8714045264649488 vs. 1.8714045264649488
list:
dist: 3.0059175554744324 vs. 3.0059175554744324
list:
dist: 1.5142011412713614 vs. 1.5142011412713614
list:
dist: 2.1020405211536364 vs. 2.1020405211536364
list:
dist: 1.4853924663769311 vs. 1.4853924663769311
list:
dist: 2.41207144063724 vs. 2.41207144063724
list:
dist: 1.7243307306993858 vs. 1.7243307306993858
list:
dist: 3.4715114854167597 vs. 3.4715114854167597
list:
dist: 2.979002603331635 vs. 2.979002603331635
list:
dist: 4.076224929061974 vs. 4.076224929061974
list:
dist: 3.4834920829579286 vs. 3.4834920829579286
list:
dist: 4.275165530580689 vs. 4.275165530580689
list:
dist: 3.3112675078508884 vs. 3.3112675078508884
list:
dist: 3.7502474244067807 vs. 3.7502474244067807
list:
dist: 3.571006473193431 vs. 3.571006473193431
list:
dist: 3.9982958424816837 vs. 3.9982958424816837
list:
dist: 2.377286186160532 vs. 2.377286186160532
list:
dist: 3.0829829243511075 vs. 3.0829829243511075
list:
dist: 1.0950878601149427 vs. 1.0950878601149427
list:
dist: 0.9511885277170042 vs. 0.9511885277170042
list:
dist: 1.4804186572543665 vs. 1.4804186572543665
list:
dist: 0.9254097200892835 vs. 0.9254097200892835
list:
dist: 1.142861297337723 vs. 1.142861297337723
list:
dist: 1.0032656385953052 vs. 1.0032656385953052
list:
dist: 1.9429796791716836 vs. 1.9429796791716836
list:
dist: 2.4470059318260367 vs. 2.4470059318260367
list:
dist: 1.7959966128733698 vs. 1.7959966128733698
list:
dist: 3.6141774468741397 vs. 3.6141774468741397
list:
dist: 3.17679404952482 vs. 3.17679404952482
list:
dist: 2.6178701965689113 vs. 2.6178701965689113
list:
dist: 2.5574472125116534 vs. 2.5574472125116534
list:
dist: 2.0087765211995334 vs. 2.0087765211995334
list:
dist: 1.3082871917246102 vs. 1.3082871917246102
list:
dist: 2.2958302588619226 vs. 2.2958302588619226
list:
dist: 2.5766450318333183 vs. 2.5766450318333183
list:
dist: 2.39014012951708 vs. 2.39014012951708
list:
dist: 1.2306391988263783 vs. 1.2306391988263783
list:
dist: 1.94936554534041 vs. 1.94936554534041
list:
dist: 2.1930454656119007 vs. 2.1930454656119007
list:
dist: 2.6991436590101854 vs. 2.6991436590101854
list:
dist: 2.673326428850559 vs. 2.673326428850559
list:
dist: 3.300667641008501 vs. 3.300667641008501
list:
dist: 2.4699515380771846 vs. 2.4699515380771846
list:
dist: 3.7553549577953893 vs. 3.7553549577953893
list:
dist: 2.5574472125116534 vs. 2.5574472125116534
list:
dist: 3.478411343758092 vs. 3.478411343758092
list:
dist: 3.238096106222583 vs. 3.238096106222583
list:
dist: 3.398248451309114 vs. 3.398248451309114
list:
dist: 2.0089258446424565 vs. 2.0089258446424565
list:
dist: 2.9672686117818436 vs. 2.9672686117818436
list:
dist: 3.0166396850780663 vs. 3.0166396850780663
list:
dist: 3.019913325421169 vs. 3.019913325421169
list:
dist: 2.3263742343724707 vs. 2.3263742343724707
list:
dist: 2.23112915876834 vs. 2.23112915876834
list:
dist: 1.6233447739014628 vs. 1.6233447739014628
list:
dist: 2.145194008137014 vs. 2.145194008137014
list:
dist: 1.9131411283533635 vs. 1.9131411283533635
list:
dist: 1.3578270038475404 vs. 1.3578270038475404
list:
dist: 2.438701944841482 vs. 2.438701944841482
list:
dist: 1.2051314582589958 vs. 1.2051314582589958
list:
dist: 2.9386863475288876 vs. 2.9386863475288876
list:
dist: 2.3515851882013368 vs. 2.3515851882013368
list:
dist: 3.0482946737420473 vs. 3.0482946737420473
list:
dist: 2.5505332030931096 vs. 2.5505332030931096
list:
dist: 1.6364686872061456 vs. 1.6364686872061456
list:
dist: 3.4122110848213354 vs. 3.4122110848213354
list:
dist: 3.379982631504012 vs. 3.379982631504012
list:
dist: 3.1021936798867316 vs. 3.1021936798867316
list:
dist: 2.3515851882013368 vs. 2.3515851882013368
list:
dist: 1.2528388563160193 vs. 1.2528388563160193
list:
dist: 1.7215030928155828 vs. 1.7215030928155828
list:
dist: 2.4010212821130095 vs. 2.4010212821130095
list:
dist: 1.7771088443028928 vs. 1.7771088443028928
list:
dist: 2.169823684150811 vs. 2.169823684150811
list:
dist: 2.0610249959339053 vs. 2.0610249959339053
list:
dist: 2.319963317128361 vs. 2.319963317128361
list:
dist: 1.1995576003337822 vs. 1.1995576003337822
list:
dist: 2.41207144063724 vs. 2.41207144063724
list:
dist: 2.1791715925884687 vs. 2.1791715925884687
list:
dist: 2.3258139134118485 vs. 2.3258139134118485
list:
dist: 2.4497632265283897 vs. 2.4497632265283897
list:
dist: 1.1379461554351875 vs. 1.1379461554351875
list:
dist: 1.8532965342565653 vs. 1.8532965342565653
list:
dist: 1.659892311143856 vs. 1.659892311143856
list:
dist: 2.673326428850559 vs. 2.673326428850559
list:
dist: 3.50477178534027 vs. 3.50477178534027
list:
dist: 2.432844871294995 vs. 2.432844871294995
list:
dist: 2.9862089034010726 vs. 2.9862089034010726
list:
dist: 2.1230284379801523 vs. 2.1230284379801523
list:
dist: 3.317189911680353 vs. 3.317189911680353
list:
dist: 2.4709662722301933 vs. 2.4709662722301933
list:
dist: 3.2447624070774244 vs. 3.2447624070774244
list:
dist: 2.210299537675515 vs. 2.210299537675515
list:
dist: 1.7517188125601357 vs. 1.7517188125601357
list:
dist: 2.1363695396593303 vs. 2.1363695396593303
list:
dist: 1.1131024830930685 vs. 1.1131024830930685
list:
dist: 1.4735077335245745 vs. 1.4735077335245745
list:
dist: 1.5703645377881053 vs. 1.5703645377881053
list:
dist: 0.8335052484914479 vs. 0.8335052484914479
list:
dist: 1.1237535929818847 vs. 1.1237535929818847
list:
dist: 2.4998097420037735 vs. 2.4998097420037735
list:
dist: 0.8900951270473608 vs. 0.8900951270473608
list:
dist: 2.387372423462892 vs. 2.387372423462892
list:
dist: 3.943556067247012 vs. 3.943556067247012
list:
dist: 1.5142011412713614 vs. 1.5142011412713614
list:
dist: 0.7496877911702761 vs. 0.7496877911702761
list:
dist: 0.4349313684902073 vs. 0.4349313684902073
list:
dist: 2.1791715925884687 vs. 2.1791715925884687
list:
dist: 1.534602050705679 vs. 1.534602050705679
list:
dist: 2.517658167762618 vs. 2.517658167762618
list:
dist: 1.8052458121250876 vs. 1.8052458121250876
list:
dist: 4.117476061096288 vs. 4.117476061096288
list:
dist: 2.2958302588619226 vs. 2.2958302588619226
list:
dist: 3.1554367908762804 vs. 3.1554367908762804
list:
dist: 2.6423968645818343 vs. 2.6423968645818343
list:
dist: 2.620232139005786 vs. 2.620232139005786
list:
dist: 1.4217428488065922 vs. 1.4217428488065922
list:
dist: 2.6431387114261553 vs. 2.6431387114261553
list:
dist: 2.2242142123603896 vs. 2.2242142123603896
list:
dist: 2.125481593940235 vs. 2.125481593940235
list:
dist: 2.7275409730130122 vs. 2.7275409730130122
list:
dist: 2.2818768035821937 vs. 2.2818768035821937
list:
dist: 2.0420977910713676 vs. 2.0420977910713676
list:
dist: 1.6233447739014628 vs. 1.6233447739014628
list:
dist: 1.596303921831618 vs. 1.596303921831618
list:
dist: 1.5413441513484536 vs. 1.5413441513484536
list:
dist: 1.0191618935547349 vs. 1.0191618935547349
list:
dist: 0.47240387397467243 vs. 0.47240387397467243
list:
dist: 1.6532340530347172 vs. 1.6532340530347172
list:
dist: 1.0583490243242422 vs. 1.0583490243242422
list:
dist: 1.7846686552735382 vs. 1.7846686552735382
list:
dist: 2.608327932450216 vs. 2.608327932450216
list:
dist: 2.829601926583841 vs. 2.829601926583841
list:
dist: 1.5703645377881053 vs. 1.5703645377881053
list:
dist: 1.71153642947143 vs. 1.71153642947143
list:
dist: 1.570117905037658 vs. 1.570117905037658
list:
dist: 2.4010212821130095 vs. 2.4010212821130095
list:
dist: 2.4610780143401767 vs. 2.4610780143401767
list:
dist: 2.5110915206773963 vs. 2.5110915206773963
list:
dist: 1.3343209868793144 vs. 1.3343209868793144
list:
dist: 4.942516267309795 vs. 4.942516267309795
list:
dist: 1.94936554534041 vs. 1.94936554534041
list:
dist: 2.744558147003916 vs. 2.744558147003916
list:
dist: 1.9151224096090549 vs. 1.9151224096090549
list:
dist: 2.1808139462181786 vs. 2.1808139462181786
list:
dist: 1.2826694400315863 vs. 1.2826694400315863
list:
dist: 2.46073782521924 vs. 2.46073782521924
list:
dist: 1.683115133011841 vs. 1.683115133011841
list:
dist: 2.624913646808627 vs. 2.624913646808627
list:
dist: 1.7852037826882001 vs. 1.7852037826882001
list:
dist: 1.4068072130437166 vs. 1.4068072130437166
list:
dist: 1.4126906406598887 vs. 1.4126906406598887
list:
dist: 2.438701944841482 vs. 2.438701944841482
list:
dist: 1.1201424755953302 vs. 1.1201424755953302
list:
dist: 0.9986522212990905 vs. 0.9986522212990905
list:
dist: 1.0583490243242422 vs. 1.0583490243242422
list:
dist: 0.9915387545728042 vs. 0.9915387545728042
list:
dist: 0.8226315872714661 vs. 0.8226315872714661
list:
dist: 1.8571934155313492 vs. 1.8571934155313492
list:
dist: 2.116524108947032 vs. 2.116524108947032
list:
dist: 3.486709474857643 vs. 3.486709474857643
list:
dist: 1.8714045264649488 vs. 1.8714045264649488
list:
dist: 0.8900951270473608 vs. 0.8900951270473608
list:
dist: 1.4653179342551554 vs. 1.4653179342551554
list:
dist: 0.6760759566505434 vs. 0.6760759566505434
list:
dist: 2.319963317128361 vs. 2.319963317128361
list:
dist: 2.0878730651335062 vs. 2.0878730651335062
list:
dist: 2.8942575244772892 vs. 2.8942575244772892
list:
dist: 1.879623488859306 vs. 1.879623488859306
list:
dist: 4.169992044324876 vs. 4.169992044324876
list:
dist: 4.091530944681232 vs. 4.091530944681232
list:
dist: 3.7596784436469477 vs. 3.7596784436469477
list:
dist: 3.0482946737420473 vs. 3.0482946737420473
list:
dist: 1.17595487358821 vs. 1.17595487358821
list:
dist: 1.871969055543967 vs. 1.871969055543967
list:
dist: 2.4610780143401767 vs. 2.4610780143401767
list:
dist: 1.5050211665254625 vs. 1.5050211665254625
list:
dist: 2.058861333742008 vs. 2.058861333742008
list:
dist: 2.7229853297778033 vs. 2.7229853297778033
list:
dist: 2.0878730651335062 vs. 2.0878730651335062
list:
dist: 2.075071396979176 vs. 2.075071396979176
list:
dist: 1.7243307306993858 vs. 1.7243307306993858
list:
dist: 1.534602050705679 vs. 1.534602050705679
list:
dist: 1.5982418052158032 vs. 1.5982418052158032
list:
dist: 1.8893184304962034 vs. 1.8893184304962034
list:
dist: 1.1379461554351875 vs. 1.1379461554351875
list:
dist: 1.8716296563589174 vs. 1.8716296563589174
list:
dist: 1.807148359986187 vs. 1.807148359986187
list:
dist: 2.303914930429648 vs. 2.303914930429648
list:
dist: 2.6947718376375027 vs. 2.6947718376375027
list:
dist: 4.093491892046012 vs. 4.093491892046012
list:
dist: 3.4705226805990925 vs. 3.4705226805990925
list:
dist: 4.033937585556667 vs. 4.033937585556667
list:
dist: 4.079583010214704 vs. 4.079583010214704
list:
dist: 1.5257034581814006 vs. 1.5257034581814006
list:
dist: 4.115225528798339 vs. 4.115225528798339
list:
dist: 3.745799869081181 vs. 3.745799869081181
list:
dist: 2.9386863475288876 vs. 2.9386863475288876
list:
dist: 2.973970269043089 vs. 2.973970269043089
list:
dist: 2.85136249763826 vs. 2.85136249763826
list:
dist: 2.608327932450216 vs. 2.608327932450216
list:
dist: 3.4665729725098444 vs. 3.4665729725098444
list:
dist: 2.9710300822196243 vs. 2.9710300822196243
list:
dist: 3.674583270106501 vs. 3.674583270106501
list:
dist: 3.486709474857643 vs. 3.486709474857643
list:
dist: 3.9185137215415247 vs. 3.9185137215415247
list:
dist: 3.943556067247012 vs. 3.943556067247012
list:
dist: 3.806318301237935 vs. 3.806318301237935
list:
dist: 3.8936072278266094 vs. 3.8936072278266094
list:
dist: 4.213872625208686 vs. 4.213872625208686
list:
dist: 3.323966410026045 vs. 3.323966410026045
list:
dist: 1.6364686872061456 vs. 1.6364686872061456
list:
dist: 1.5764255200707442 vs. 1.5764255200707442
list:
dist: 1.981300149379506 vs. 1.981300149379506
list:
dist: 1.3343209868793144 vs. 1.3343209868793144
list:
dist: 0.9979820911145053 vs. 0.9979820911145053
list:
dist: 1.1822920715080136 vs. 1.1822920715080136
list:
dist: 2.101762728443464 vs. 2.101762728443464
list:
dist: 1.879623488859306 vs. 1.879623488859306
list:
dist: 1.3956805530076495 vs. 1.3956805530076495
list:
dist: 3.323966410026045 vs. 3.323966410026045
list:
dist: 2.979002603331635 vs. 2.979002603331635
list:
dist: 1.8052458121250876 vs. 1.8052458121250876
list:
dist: 1.5799230073368082 vs. 1.5799230073368082
list:
dist: 2.0965379273679665 vs. 2.0965379273679665
list:
dist: 1.659892311143856 vs. 1.659892311143856
list:
dist: 1.807148359986187 vs. 1.807148359986187
list:
dist: 1.1947153536023347 vs. 1.1947153536023347
list:
dist: 3.300667641008501 vs. 3.300667641008501
list:
dist: 4.1794826246707695 vs. 4.1794826246707695
list:
dist: 3.1510143448712875 vs. 3.1510143448712875
list:
dist: 3.6247040127410797 vs. 3.6247040127410797
list:
dist: 2.6596432311915352 vs. 2.6596432311915352
list:
dist: 3.9140889903676492 vs. 3.9140889903676492
list:
dist: 3.1365694009729346 vs. 3.1365694009729346
list:
dist: 3.361538197989719 vs. 3.361538197989719
list:
dist: 2.9346133583637113 vs. 2.9346133583637113
list:
dist: 2.3522936663925895 vs. 2.3522936663925895
list:
dist: 2.7512666445046197 vs. 2.7512666445046197
list:
dist: 1.5754162993400098 vs. 1.5754162993400098
list:
dist: 2.066920551199614 vs. 2.066920551199614
list:
dist: 1.71153642947143 vs. 1.71153642947143
list:
dist: 0.8936467445733621 vs. 0.8936467445733621
list:
dist: 1.2606200121906688 vs. 1.2606200121906688
list:
dist: 2.9041162762919783 vs. 2.9041162762919783
list:
dist: 1.4653179342551554 vs. 1.4653179342551554
list:
dist: 2.5675113060294232 vs. 2.5675113060294232
list:
dist: 3.806318301237935 vs. 3.806318301237935
list:
dist: 2.1020405211536364 vs. 2.1020405211536364
list:
dist: 0.7496877911702761 vs. 0.7496877911702761
list:
dist: 1.1146649816642984 vs. 1.1146649816642984
list:
dist: 2.3258139134118485 vs. 2.3258139134118485
list:
dist: 1.5982418052158032 vs. 1.5982418052158032
list:
dist: 2.0799691992660443 vs. 2.0799691992660443
list:
dist: 1.5799230073368082 vs. 1.5799230073368082
list:
dist: 2.5505332030931096 vs. 2.5505332030931096
list:
dist: 2.322659094071327 vs. 2.322659094071327
list:
dist: 2.9073214016865845 vs. 2.9073214016865845
list:
dist: 2.5110915206773963 vs. 2.5110915206773963
list:
dist: 1.9140215306560755 vs. 1.9140215306560755
list:
dist: 2.2848789992680456 vs. 2.2848789992680456
list:
dist: 3.1086247046539923 vs. 3.1086247046539923
list:
dist: 2.8942575244772892 vs. 2.8942575244772892
list:
dist: 2.1257393779641913 vs. 2.1257393779641913
list:
dist: 4.213872625208686 vs. 4.213872625208686
list:
dist: 3.4715114854167597 vs. 3.4715114854167597
list:
dist: 2.517658167762618 vs. 2.517658167762618
list:
dist: 2.0799691992660443 vs. 2.0799691992660443
list:
dist: 2.9121280899824846 vs. 2.9121280899824846
list:
dist: 1.8532965342565653 vs. 1.8532965342565653
list:
dist: 1.8716296563589174 vs. 1.8716296563589174
list:
dist: 1.1947153536023347 vs. 1.1947153536023347
list:
dist: 5.113031354674891 vs. 5.113031354674891
list:
dist: 2.5766450318333183 vs. 2.5766450318333183
list:
dist: 3.5378839440873913 vs. 3.5378839440873913
list:
dist: 2.6140379968848992 vs. 2.6140379968848992
list:
dist: 3.10981035277411 vs. 3.10981035277411
list:
dist: 1.9161890920270872 vs. 1.9161890920270872
list:
dist: 3.2343010206250655 vs. 3.2343010206250655
list:
dist: 2.5845791922100623 vs. 2.5845791922100623
list:
dist: 3.0246216016574117 vs. 3.0246216016574117
list:
dist: 2.7045576293179896 vs. 2.7045576293179896
list:
dist: 2.3002102778255087 vs. 2.3002102778255087
list:
dist: 2.3951463386894054 vs. 2.3951463386894054
list:
dist: 2.145194008137014 vs. 2.145194008137014
list:
dist: 0.9708040086954265 vs. 0.9708040086954265
list:
dist: 1.3757581706998911 vs. 1.3757581706998911
list:
dist: 1.0191618935547349 vs. 1.0191618935547349
list:
dist: 0.5769155543575549 vs. 0.5769155543575549
list:
dist: 2.0275947825322262 vs. 2.0275947825322262
list:
dist: 0.9915387545728042 vs. 0.9915387545728042
list:
dist: 1.730990937258804 vs. 1.730990937258804
list:
dist: 3.4665729725098444 vs. 3.4665729725098444
list:
dist: 2.135722475221864 vs. 2.135722475221864
list:
dist: 0.8335052484914479 vs. 0.8335052484914479
list:
dist: 0.8936467445733621 vs. 0.8936467445733621
list:
dist: 1.0988065826205935 vs. 1.0988065826205935
list:
dist: 1.7771088443028928 vs. 1.7771088443028928
list:
dist: 1.5050211665254625 vs. 1.5050211665254625
list:
dist: 1.9140215306560755 vs. 1.9140215306560755
list:
dist: 0.9979820911145053 vs. 0.9979820911145053
list:
dist: 4.898046070782525 vs. 4.898046070782525
list:
dist: 2.1930454656119007 vs. 2.1930454656119007
list:
dist: 3.2691366139189504 vs. 3.2691366139189504
list:
dist: 2.613630065792364 vs. 2.613630065792364
list:
dist: 3.36287603933184 vs. 3.36287603933184
list:
dist: 1.90135157141812 vs. 1.90135157141812
list:
dist: 3.026948373802498 vs. 3.026948373802498
list:
dist: 2.8186637134797494 vs. 2.8186637134797494
list:
dist: 3.715397590399608 vs. 3.715397590399608
list:
dist: 3.429881286397664 vs. 3.429881286397664
list:
dist: 3.452898435126975 vs. 3.452898435126975
list:
dist: 3.13809580818424 vs. 3.13809580818424
list:
dist: 1.2051314582589958 vs. 1.2051314582589958
list:
dist: 1.4802798271383417 vs. 1.4802798271383417
list:
dist: 1.55058195253595 vs. 1.55058195253595
list:
dist: 1.7846686552735382 vs. 1.7846686552735382
list:
dist: 1.730990937258804 vs. 1.730990937258804
list:
dist: 1.8011798099393699 vs. 1.8011798099393699
list:
dist: 1.1280113275878354 vs. 1.1280113275878354
list:
dist: 2.116524108947032 vs. 2.116524108947032
list:
dist: 3.9185137215415247 vs. 3.9185137215415247
list:
dist: 3.0059175554744324 vs. 3.0059175554744324
list:
dist: 2.387372423462892 vs. 2.387372423462892
list:
dist: 2.5675113060294232 vs. 2.5675113060294232
list:
dist: 2.5455970817750178 vs. 2.5455970817750178
list:
dist: 1.1995576003337822 vs. 1.1995576003337822
list:
dist: 2.075071396979176 vs. 2.075071396979176
list:
dist: 2.1257393779641913 vs. 2.1257393779641913
list:
dist: 1.3956805530076495 vs. 1.3956805530076495
list:
dist: 5.021461681858746 vs. 5.021461681858746
list:
dist: 3.8977144446148033 vs. 3.8977144446148033
list:
dist: 1.7460190416573376 vs. 1.7460190416573376
list:
dist: 2.119930679198395 vs. 2.119930679198395
list:
dist: 2.7322950895162217 vs. 2.7322950895162217
list:
dist: 2.5822716797647334 vs. 2.5822716797647334
list:
dist: 0.8882479242902868 vs. 0.8882479242902868
list:
dist: 0.4040551217644485 vs. 0.4040551217644485
list:
dist: 0.8076469292231027 vs. 0.8076469292231027
list:
dist: 1.0969693583097524 vs. 1.0969693583097524
list:
dist: 1.2726901296440538 vs. 1.2726901296440538
list:
dist: 0.5953269077045611 vs. 0.5953269077045611
list:
dist: 3.435603309531437 vs. 3.435603309531437
list:
dist: 1.9442383525030928 vs. 1.9442383525030928
list:
dist: 1.8381702136174656 vs. 1.8381702136174656
list:
dist: 2.296260105141594 vs. 2.296260105141594
list:
dist: 2.151501514496463 vs. 2.151501514496463
list:
dist: 1.9869438354663667 vs. 1.9869438354663667
list:
dist: 2.9344560841145677 vs. 2.9344560841145677
list:
dist: 1.378159244326286 vs. 1.378159244326286
list:
dist: 2.116433777441777 vs. 2.116433777441777
list:
dist: 2.4379281542971314 vs. 2.4379281542971314
list:
dist: 2.1592390285130127 vs. 2.1592390285130127
list:
dist: 1.1509564136445387 vs. 1.1509564136445387
list:
dist: 1.346875127012842 vs. 1.346875127012842
list:
dist: 1.1948129010404918 vs. 1.1948129010404918
list:
dist: 3.9404214613636572 vs. 3.9404214613636572
list:
dist: 2.7770448508764365 vs. 2.7770448508764365
list:
dist: 1.7144111379966336 vs. 1.7144111379966336
list:
dist: 2.4579878004630142 vs. 2.4579878004630142
list:
dist: 3.214258104885891 vs. 3.214258104885891
list:
dist: 2.912976122445805 vs. 2.912976122445805
list:
dist: 3.1577715192049975 vs. 3.1577715192049975
list:
dist: 1.8215822240810724 vs. 1.8215822240810724
list:
dist: 1.2203060580058946 vs. 1.2203060580058946
list:
dist: 1.8212401969156518 vs. 1.8212401969156518
list:
dist: 0.7418708100723125 vs. 0.7418708100723125
list:
dist: 3.777389808927733 vs. 3.777389808927733
list:
dist: 2.3114612551182425 vs. 2.3114612551182425
list:
dist: 2.8546826385622635 vs. 2.8546826385622635
list:
dist: 2.1681553466113286 vs. 2.1681553466113286
list:
dist: 2.7322950895162217 vs. 2.7322950895162217
list:
dist: 1.8780109199503268 vs. 1.8780109199503268
list:
dist: 2.2469545261647963 vs. 2.2469545261647963
list:
dist: 2.4311463100389936 vs. 2.4311463100389936
list:
dist: 1.7569964103760223 vs. 1.7569964103760223
list:
dist: 1.4084396490302629 vs. 1.4084396490302629
list:
dist: 2.4394074807701225 vs. 2.4394074807701225
list:
dist: 2.169741472811176 vs. 2.169741472811176
list:
dist: 1.401337813206302 vs. 1.401337813206302
list:
dist: 3.218056091932583 vs. 3.218056091932583
list:
dist: 2.6947718376375027 vs. 2.6947718376375027
list:
dist: 1.2264099954272394 vs. 1.2264099954272394
list:
dist: 2.5304408426481677 vs. 2.5304408426481677
list:
dist: 1.8215822240810724 vs. 1.8215822240810724
list:
dist: 1.7879083427490758 vs. 1.7879083427490758
list:
dist: 1.882873164616729 vs. 1.882873164616729
list:
dist: 2.030474919830585 vs. 2.030474919830585
list:
dist: 1.7241145941145768 vs. 1.7241145941145768
list:
dist: 1.7460190416573376 vs. 1.7460190416573376
list:
dist: 0.8169708284493131 vs. 0.8169708284493131
list:
dist: 2.10750579682664 vs. 2.10750579682664
list:
dist: 1.8791440783256574 vs. 1.8791440783256574
list:
dist: 2.3556202145467315 vs. 2.3556202145467315
list:
dist: 1.9243521888828243 vs. 1.9243521888828243
list:
dist: 3.038171250579835 vs. 3.038171250579835
list:
dist: 2.8185756930751222 vs. 2.8185756930751222
list:
dist: 1.652551109954788 vs. 1.652551109954788
list:
dist: 3.837022789204504 vs. 3.837022789204504
list:
dist: 4.7053358730041435 vs. 4.7053358730041435
list:
dist: 3.798783573038591 vs. 3.798783573038591
list:
dist: 0.8169708284493131 vs. 0.8169708284493131
list:
dist: 1.099406481902898 vs. 1.099406481902898
list:
dist: 1.8780109199503268 vs. 1.8780109199503268
list:
dist: 1.672250494281799 vs. 1.672250494281799
list:
dist: 1.326898027536379 vs. 1.326898027536379
list:
dist: 1.2914210693437376 vs. 1.2914210693437376
list:
dist: 0.9380875480715705 vs. 0.9380875480715705
list:
dist: 1.0969693583097524 vs. 1.0969693583097524
list:
dist: 1.3184793540479867 vs. 1.3184793540479867
list:
dist: 1.1960303215625034 vs. 1.1960303215625034
list:
dist: 3.580386368494587 vs. 3.580386368494587
list:
dist: 1.886672826593876 vs. 1.886672826593876
list:
dist: 1.5806793858406294 vs. 1.5806793858406294
list:
dist: 2.350653274973857 vs. 2.350653274973857
list:
dist: 2.1961600668714856 vs. 2.1961600668714856
list:
dist: 1.205000507182959 vs. 1.205000507182959
list:
dist: 3.112693084773351 vs. 3.112693084773351
list:
dist: 2.368550815931958 vs. 2.368550815931958
list:
dist: 3.0161220081160076 vs. 3.0161220081160076
list:
dist: 3.42272229946434 vs. 3.42272229946434
list:
dist: 2.9839355833962555 vs. 2.9839355833962555
list:
dist: 2.1896156197390644 vs. 2.1896156197390644
list:
dist: 2.0209103545157934 vs. 2.0209103545157934
list:
dist: 2.1199390876963413 vs. 2.1199390876963413
list:
dist: 4.577841962140222 vs. 4.577841962140222
list:
dist: 3.314258649122098 vs. 3.314258649122098
list:
dist: 2.298592827691125 vs. 2.298592827691125
list:
dist: 2.966211802381753 vs. 2.966211802381753
list:
dist: 3.8064098451993424 vs. 3.8064098451993424
list:
dist: 3.7650086214373424 vs. 3.7650086214373424
list:
dist: 3.5061282085283714 vs. 3.5061282085283714
list:
dist: 1.7879083427490758 vs. 1.7879083427490758
list:
dist: 0.7289509422619637 vs. 0.7289509422619637
list:
dist: 0.7418708100723125 vs. 0.7418708100723125
list:
dist: 2.3505007736081827 vs. 2.3505007736081827
list:
dist: 2.631478677905998 vs. 2.631478677905998
list:
dist: 1.9386420073758093 vs. 1.9386420073758093
list:
dist: 2.5822716797647334 vs. 2.5822716797647334
list:
dist: 1.672250494281799 vs. 1.672250494281799
list:
dist: 1.8965849654121665 vs. 1.8965849654121665
list:
dist: 2.3427761042949906 vs. 2.3427761042949906
list:
dist: 4.224025914438106 vs. 4.224025914438106
list:
dist: 1.9094283442777475 vs. 1.9094283442777475
list:
dist: 1.652552371883539 vs. 1.652552371883539
list:
dist: 2.1981825613778927 vs. 2.1981825613778927
list:
dist: 2.087430351099846 vs. 2.087430351099846
list:
dist: 0.811569696726368 vs. 0.811569696726368
list:
dist: 2.9270032834854938 vs. 2.9270032834854938
list:
dist: 4.93910997003592 vs. 4.93910997003592
list:
dist: 3.6340598326720093 vs. 3.6340598326720093
list:
dist: 2.10750579682664 vs. 2.10750579682664
list:
dist: 1.6705122048689134 vs. 1.6705122048689134
list:
dist: 2.2469545261647963 vs. 2.2469545261647963
list:
dist: 1.8965849654121665 vs. 1.8965849654121665
list:
dist: 1.280640215472738 vs. 1.280640215472738
list:
dist: 1.0535049270248993 vs. 1.0535049270248993
list:
dist: 0.5414473947854104 vs. 0.5414473947854104
list:
dist: 1.2726901296440538 vs. 1.2726901296440538
list:
dist: 1.3184793540479867 vs. 1.3184793540479867
list:
dist: 0.9956000895175591 vs. 0.9956000895175591
list:
dist: 3.082153533686614 vs. 3.082153533686614
list:
dist: 1.4566900365819866 vs. 1.4566900365819866
list:
dist: 1.5396776740313223 vs. 1.5396776740313223
list:
dist: 1.1883035570472258 vs. 1.1883035570472258
list:
dist: 1.2508338805662202 vs. 1.2508338805662202
list:
dist: 1.1979114554578694 vs. 1.1979114554578694
list:
dist: 1.8430187359704415 vs. 1.8430187359704415
list:
dist: 2.2406480519045133 vs. 2.2406480519045133
list:
dist: 2.2539447077437673 vs. 2.2539447077437673
list:
dist: 2.582777831636163 vs. 2.582777831636163
list:
dist: 1.940750827660397 vs. 1.940750827660397
list:
dist: 1.8221640627156501 vs. 1.8221640627156501
list:
dist: 1.360782496326797 vs. 1.360782496326797
list:
dist: 1.6898120872659854 vs. 1.6898120872659854
list:
dist: 3.724601245178486 vs. 3.724601245178486
list:
dist: 2.1996620677873575 vs. 2.1996620677873575
list:
dist: 1.3185046464803576 vs. 1.3185046464803576
list:
dist: 1.9823994281435104 vs. 1.9823994281435104
list:
dist: 2.8998169147872233 vs. 2.8998169147872233
list:
dist: 2.7539805137257325 vs. 2.7539805137257325
list:
dist: 2.1952762981335936 vs. 2.1952762981335936
list:
dist: 5.4089397504529355 vs. 5.4089397504529355
list:
dist: 4.209504472406766 vs. 4.209504472406766
list:
dist: 1.8791440783256574 vs. 1.8791440783256574
list:
dist: 2.036829132374002 vs. 2.036829132374002
list:
dist: 2.4311463100389936 vs. 2.4311463100389936
list:
dist: 2.3427761042949906 vs. 2.3427761042949906
list:
dist: 0.4115216547460172 vs. 0.4115216547460172
list:
dist: 0.6344531150079228 vs. 0.6344531150079228
list:
dist: 0.5481881019142395 vs. 0.5481881019142395
list:
dist: 0.5953269077045611 vs. 0.5953269077045611
list:
dist: 1.1960303215625034 vs. 1.1960303215625034
list:
dist: 0.9956000895175591 vs. 0.9956000895175591
list:
dist: 3.6776344462797925 vs. 3.6776344462797925
list:
dist: 1.3757020070462618 vs. 1.3757020070462618
list:
dist: 1.3482712009328155 vs. 1.3482712009328155
list:
dist: 1.8130007339966925 vs. 1.8130007339966925
list:
dist: 1.5976323059560276 vs. 1.5976323059560276
list:
dist: 1.8097246577874986 vs. 1.8097246577874986
list:
dist: 2.495857046483699 vs. 2.495857046483699
list:
dist: 1.3583302912949868 vs. 1.3583302912949868
list:
dist: 1.8248318122729548 vs. 1.8248318122729548
list:
dist: 2.384309464487558 vs. 2.384309464487558
list:
dist: 1.9596290010835098 vs. 1.9596290010835098
list:
dist: 1.0976449753356192 vs. 1.0976449753356192
list:
dist: 0.8591288199131251 vs. 0.8591288199131251
list:
dist: 0.9488774319382769 vs. 0.9488774319382769
list:
dist: 4.08543854262231 vs. 4.08543854262231
list:
dist: 2.297361346949147 vs. 2.297361346949147
list:
dist: 1.2331599692722586 vs. 1.2331599692722586
list:
dist: 1.9355311811832372 vs. 1.9355311811832372
list:
dist: 2.7185349066809583 vs. 2.7185349066809583
list:
dist: 2.6251931664675476 vs. 2.6251931664675476
list:
dist: 2.7701263400561413 vs. 2.7701263400561413
list:
dist: 4.928221310630071 vs. 4.928221310630071
list:
dist: 3.694348683486167 vs. 3.694348683486167
list:
dist: 2.030474919830585 vs. 2.030474919830585
list:
dist: 2.201310747186332 vs. 2.201310747186332
list:
dist: 2.8546826385622635 vs. 2.8546826385622635
list:
dist: 2.631478677905998 vs. 2.631478677905998
list:
dist: 1.025952714300839 vs. 1.025952714300839
list:
dist: 0.7310272869417637 vs. 0.7310272869417637
list:
dist: 0.4040551217644485 vs. 0.4040551217644485
list:
dist: 1.2914210693437376 vs. 1.2914210693437376
list:
dist: 1.0535049270248993 vs. 1.0535049270248993
list:
dist: 0.6344531150079228 vs. 0.6344531150079228
list:
dist: 3.145967574565945 vs. 3.145967574565945
list:
dist: 1.9515445068664345 vs. 1.9515445068664345
list:
dist: 1.9372786980502483 vs. 1.9372786980502483
list:
dist: 2.0694191051296236 vs. 2.0694191051296236
list:
dist: 2.0048896960000695 vs. 2.0048896960000695
list:
dist: 1.9621032038912214 vs. 1.9621032038912214
list:
dist: 2.638013730965251 vs. 2.638013730965251
list:
dist: 1.448684623380986 vs. 1.448684623380986
list:
dist: 1.9392496710533582 vs. 1.9392496710533582
list:
dist: 2.1487521520681963 vs. 2.1487521520681963
list:
dist: 1.8203850175290117 vs. 1.8203850175290117
list:
dist: 1.0726797549754266 vs. 1.0726797549754266
list:
dist: 1.2343301428516966 vs. 1.2343301428516966
list:
dist: 1.1326876203146945 vs. 1.1326876203146945
list:
dist: 3.577317901682222 vs. 3.577317901682222
list:
dist: 2.531425706197196 vs. 2.531425706197196
list:
dist: 1.4953042526119593 vs. 1.4953042526119593
list:
dist: 2.270588164598649 vs. 2.270588164598649
list:
dist: 3.0571764111492272 vs. 3.0571764111492272
list:
dist: 2.643598480037708 vs. 2.643598480037708
list:
dist: 2.819627381837417 vs. 2.819627381837417
list:
dist: 1.652551109954788 vs. 1.652551109954788
list:
dist: 0.6140043672674442 vs. 0.6140043672674442
list:
dist: 1.401337813206302 vs. 1.401337813206302
list:
dist: 0.811569696726368 vs. 0.811569696726368
list:
dist: 1.944637402966841 vs. 1.944637402966841
list:
dist: 1.9621032038912214 vs. 1.9621032038912214
list:
dist: 1.3116166035788237 vs. 1.3116166035788237
list:
dist: 1.9869438354663667 vs. 1.9869438354663667
list:
dist: 1.205000507182959 vs. 1.205000507182959
list:
dist: 1.1979114554578694 vs. 1.1979114554578694
list:
dist: 1.8097246577874986 vs. 1.8097246577874986
list:
dist: 3.4692867244232684 vs. 3.4692867244232684
list:
dist: 1.7804414008720661 vs. 1.7804414008720661
list:
dist: 1.6136490418380853 vs. 1.6136490418380853
list:
dist: 1.7967490382526206 vs. 1.7967490382526206
list:
dist: 1.797213297550731 vs. 1.797213297550731
list:
dist: 2.5077697346389374 vs. 2.5077697346389374
list:
dist: 3.167129258921971 vs. 3.167129258921971
list:
dist: 3.373226538123351 vs. 3.373226538123351
list:
dist: 3.7773582845590354 vs. 3.7773582845590354
list:
dist: 3.130173243791279 vs. 3.130173243791279
list:
dist: 2.8593024001147858 vs. 2.8593024001147858
list:
dist: 2.355525305281041 vs. 2.355525305281041
list:
dist: 2.703980522736724 vs. 2.703980522736724
list:
dist: 4.619661814931973 vs. 4.619661814931973
list:
dist: 3.1577511976461365 vs. 3.1577511976461365
list:
dist: 2.3766047456509924 vs. 2.3766047456509924
list:
dist: 2.8980495995691036 vs. 2.8980495995691036
list:
dist: 3.8002843319016053 vs. 3.8002843319016053
list:
dist: 3.9056694795971696 vs. 3.9056694795971696
list:
dist: 3.0191182828723035 vs. 3.0191182828723035
list:
dist: 4.663592946180234 vs. 4.663592946180234
list:
dist: 3.8652586568721072 vs. 3.8652586568721072
list:
dist: 1.2264099954272394 vs. 1.2264099954272394
list:
dist: 1.2203060580058946 vs. 1.2203060580058946
list:
dist: 0.7289509422619637 vs. 0.7289509422619637
list:
dist: 2.1189164397212448 vs. 2.1189164397212448
list:
dist: 2.201310747186332 vs. 2.201310747186332
list:
dist: 1.6094952874459822 vs. 1.6094952874459822
list:
dist: 2.119930679198395 vs. 2.119930679198395
list:
dist: 1.099406481902898 vs. 1.099406481902898
list:
dist: 1.6705122048689134 vs. 1.6705122048689134
list:
dist: 2.036829132374002 vs. 2.036829132374002
list:
dist: 3.782033520103993 vs. 3.782033520103993
list:
dist: 2.0713821525221117 vs. 2.0713821525221117
list:
dist: 1.7633188275312903 vs. 1.7633188275312903
list:
dist: 2.3597135204040107 vs. 2.3597135204040107
list:
dist: 2.2761163858002824 vs. 2.2761163858002824
list:
dist: 0.6140043672674442 vs. 0.6140043672674442
list:
dist: 3.1046363110014363 vs. 3.1046363110014363
list:
dist: 5.027541879514235 vs. 5.027541879514235
list:
dist: 3.8266168597058736 vs. 3.8266168597058736
list:
dist: 1.7241145941145768 vs. 1.7241145941145768
list:
dist: 1.6094952874459822 vs. 1.6094952874459822
list:
dist: 2.1681553466113286 vs. 2.1681553466113286
list:
dist: 1.9386420073758093 vs. 1.9386420073758093
list:
dist: 0.8469610809241244 vs. 0.8469610809241244
list:
dist: 0.7310272869417637 vs. 0.7310272869417637
list:
dist: 0.8076469292231027 vs. 0.8076469292231027
list:
dist: 0.9380875480715705 vs. 0.9380875480715705
list:
dist: 0.5414473947854104 vs. 0.5414473947854104
list:
dist: 0.5481881019142395 vs. 0.5481881019142395
list:
dist: 3.341457076387726 vs. 3.341457076387726
list:
dist: 1.3900875685133494 vs. 1.3900875685133494
list:
dist: 1.3448537374647591 vs. 1.3448537374647591
list:
dist: 1.583147706464519 vs. 1.583147706464519
list:
dist: 1.4736457799469558 vs. 1.4736457799469558
list:
dist: 1.3116166035788237 vs. 1.3116166035788237
list:
dist: 2.294104440730257 vs. 2.294104440730257
list:
dist: 1.882220923438664 vs. 1.882220923438664
list:
dist: 2.190061147373263 vs. 2.190061147373263
list:
dist: 2.616227180245681 vs. 2.616227180245681
list:
dist: 2.0885172610021194 vs. 2.0885172610021194
list:
dist: 1.5500341455930218 vs. 1.5500341455930218
list:
dist: 1.2112541283902067 vs. 1.2112541283902067
list:
dist: 1.4270408457081147 vs. 1.4270408457081147
list:
dist: 3.9761005971260706 vs. 3.9761005971260706
list:
dist: 2.406616450398392 vs. 2.406616450398392
list:
dist: 1.3925518360209785 vs. 1.3925518360209785
list:
dist: 2.0999464360588185 vs. 2.0999464360588185
list:
dist: 2.9698858124768694 vs. 2.9698858124768694
list:
dist: 2.8608814742890982 vs. 2.8608814742890982
list:
dist: 2.629375347910763 vs. 2.629375347910763
list:
dist: 2.8185756930751222 vs. 2.8185756930751222
list:
dist: 2.2761163858002824 vs. 2.2761163858002824
list:
dist: 2.169741472811176 vs. 2.169741472811176
list:
dist: 2.087430351099846 vs. 2.087430351099846
list:
dist: 1.5797659910515751 vs. 1.5797659910515751
list:
dist: 2.0048896960000695 vs. 2.0048896960000695
list:
dist: 1.4736457799469558 vs. 1.4736457799469558
list:
dist: 2.151501514496463 vs. 2.151501514496463
list:
dist: 2.1961600668714856 vs. 2.1961600668714856
list:
dist: 1.2508338805662202 vs. 1.2508338805662202
list:
dist: 1.5976323059560276 vs. 1.5976323059560276
list:
dist: 4.119689537676436 vs. 4.119689537676436
list:
dist: 0.7952477113466556 vs. 0.7952477113466556
list:
dist: 1.2309052718609599 vs. 1.2309052718609599
list:
dist: 0.5420195089737785 vs. 0.5420195089737785
list:
dist: 1.797213297550731 vs. 1.797213297550731
list:
dist: 1.292166703411536 vs. 1.292166703411536
list:
dist: 2.554002651629702 vs. 2.554002651629702
list:
dist: 2.1436311774246604 vs. 2.1436311774246604
list:
dist: 2.87899891389327 vs. 2.87899891389327
list:
dist: 2.1257244298438156 vs. 2.1257244298438156
list:
dist: 2.233941128096966 vs. 2.233941128096966
list:
dist: 1.3348841061405292 vs. 1.3348841061405292
list:
dist: 1.9248488468616682 vs. 1.9248488468616682
list:
dist: 4.43335845691792 vs. 4.43335845691792
list:
dist: 1.4988192200049084 vs. 1.4988192200049084
list:
dist: 1.0870665568597397 vs. 1.0870665568597397
list:
dist: 1.2151611389354497 vs. 1.2151611389354497
list:
dist: 2.0686138501952946 vs. 2.0686138501952946
list:
dist: 2.531011128416026 vs. 2.531011128416026
list:
dist: 1.7997589124752797 vs. 1.7997589124752797
list:
dist: 1.8881521413338562 vs. 1.8881521413338562
list:
dist: 2.270588164598649 vs. 2.270588164598649
list:
dist: 2.0999464360588185 vs. 2.0999464360588185
list:
dist: 2.4579878004630142 vs. 2.4579878004630142
list:
dist: 2.966211802381753 vs. 2.966211802381753
list:
dist: 1.9823994281435104 vs. 1.9823994281435104
list:
dist: 1.9355311811832372 vs. 1.9355311811832372
list:
dist: 4.500880434430715 vs. 4.500880434430715
list:
dist: 1.558682279478817 vs. 1.558682279478817
list:
dist: 2.0287067826638254 vs. 2.0287067826638254
list:
dist: 1.3836865016484183 vs. 1.3836865016484183
list:
dist: 1.2151611389354497 vs. 1.2151611389354497
list:
dist: 2.8980495995691036 vs. 2.8980495995691036
list:
dist: 1.5454635435430892 vs. 1.5454635435430892
list:
dist: 2.1920205256524654 vs. 2.1920205256524654
list:
dist: 1.2572244628082758 vs. 1.2572244628082758
list:
dist: 2.172964196569741 vs. 2.172964196569741
list:
dist: 1.545532711104359 vs. 1.545532711104359
list:
dist: 1.9147744252319054 vs. 1.9147744252319054
list:
dist: 1.151610918395331 vs. 1.151610918395331
list:
dist: 1.610607150358406 vs. 1.610607150358406
list:
dist: 4.230012435408812 vs. 4.230012435408812
list:
dist: 0.5207889623798689 vs. 0.5207889623798689
list:
dist: 0.7829691299043307 vs. 0.7829691299043307
list:
dist: 0.9275132173975094 vs. 0.9275132173975094
list:
dist: 1.4920074689793814 vs. 1.4920074689793814
list:
dist: 1.6532554267269042 vs. 1.6532554267269042
list:
dist: 1.2995040179955708 vs. 1.2995040179955708
list:
dist: 1.4953042526119593 vs. 1.4953042526119593
list:
dist: 1.3925518360209785 vs. 1.3925518360209785
list:
dist: 1.7144111379966336 vs. 1.7144111379966336
list:
dist: 2.298592827691125 vs. 2.298592827691125
list:
dist: 1.3185046464803576 vs. 1.3185046464803576
list:
dist: 1.2331599692722586 vs. 1.2331599692722586
list:
dist: 3.8776173104674645 vs. 3.8776173104674645
list:
dist: 1.3671137277329266 vs. 1.3671137277329266
list:
dist: 1.7339490034526397 vs. 1.7339490034526397
list:
dist: 1.2098522915764052 vs. 1.2098522915764052
list:
dist: 1.0870665568597397 vs. 1.0870665568597397
list:
dist: 2.3766047456509924 vs. 2.3766047456509924
list:
dist: 1.60492941960997 vs. 1.60492941960997
list:
dist: 1.6991808377007345 vs. 1.6991808377007345
list:
dist: 1.0953059910237863 vs. 1.0953059910237863
list:
dist: 1.8414995683134132 vs. 1.8414995683134132
list:
dist: 1.1818075617404917 vs. 1.1818075617404917
list:
dist: 1.3117250774201878 vs. 1.3117250774201878
list:
dist: 0.551108197507458 vs. 0.551108197507458
list:
dist: 1.0394240696921309 vs. 1.0394240696921309
list:
dist: 3.7977586765086877 vs. 3.7977586765086877
list:
dist: 1.0679564256333525 vs. 1.0679564256333525
list:
dist: 0.7829691299043307 vs. 0.7829691299043307
list:
dist: 1.632053516579241 vs. 1.632053516579241
list:
dist: 1.610716523362442 vs. 1.610716523362442
list:
dist: 1.7551641476943696 vs. 1.7551641476943696
list:
dist: 3.837022789204504 vs. 3.837022789204504
list:
dist: 3.1046363110014363 vs. 3.1046363110014363
list:
dist: 3.218056091932583 vs. 3.218056091932583
list:
dist: 2.9270032834854938 vs. 2.9270032834854938
list:
dist: 2.6273206048482898 vs. 2.6273206048482898
list:
dist: 2.638013730965251 vs. 2.638013730965251
list:
dist: 2.294104440730257 vs. 2.294104440730257
list:
dist: 2.9344560841145677 vs. 2.9344560841145677
list:
dist: 3.112693084773351 vs. 3.112693084773351
list:
dist: 1.8430187359704415 vs. 1.8430187359704415
list:
dist: 2.495857046483699 vs. 2.495857046483699
list:
dist: 3.743320300770359 vs. 3.743320300770359
list:
dist: 2.0859234441064185 vs. 2.0859234441064185
list:
dist: 2.50966292557679 vs. 2.50966292557679
list:
dist: 0.8414704610843559 vs. 0.8414704610843559
list:
dist: 1.292166703411536 vs. 1.292166703411536
list:
dist: 2.5077697346389374 vs. 2.5077697346389374
list:
dist: 3.2849040252996726 vs. 3.2849040252996726
list:
dist: 2.4535701063995883 vs. 2.4535701063995883
list:
dist: 2.771252268996211 vs. 2.771252268996211
list:
dist: 1.955771176576285 vs. 1.955771176576285
list:
dist: 2.8337341786276173 vs. 2.8337341786276173
list:
dist: 2.1182740489543423 vs. 2.1182740489543423
list:
dist: 2.6203997934019476 vs. 2.6203997934019476
list:
dist: 3.778045187473119 vs. 3.778045187473119
list:
dist: 1.3527538383551418 vs. 1.3527538383551418
list:
dist: 1.60492941960997 vs. 1.60492941960997
list:
dist: 1.5454635435430892 vs. 1.5454635435430892
list:
dist: 2.237446650220747 vs. 2.237446650220747
list:
dist: 2.31995280251179 vs. 2.31995280251179
list:
dist: 0.6408070057304467 vs. 0.6408070057304467
list:
dist: 2.819627381837417 vs. 2.819627381837417
list:
dist: 2.629375347910763 vs. 2.629375347910763
list:
dist: 3.1577715192049975 vs. 3.1577715192049975
list:
dist: 3.5061282085283714 vs. 3.5061282085283714
list:
dist: 2.1952762981335936 vs. 2.1952762981335936
list:
dist: 2.7701263400561413 vs. 2.7701263400561413
list:
dist: 3.674905191082864 vs. 3.674905191082864
list:
dist: 4.255807102677114 vs. 4.255807102677114
list:
dist: 4.589403278711776 vs. 4.589403278711776
list:
dist: 4.2567144823946395 vs. 4.2567144823946395
list:
dist: 3.9427904013388173 vs. 3.9427904013388173
list:
dist: 3.5612592789835618 vs. 3.5612592789835618
list:
dist: 4.1163199450975885 vs. 4.1163199450975885
list:
dist: 4.893838471166604 vs. 4.893838471166604
list:
dist: 4.065178083947839 vs. 4.065178083947839
list:
dist: 4.003990097672113 vs. 4.003990097672113
list:
dist: 4.298044809073182 vs. 4.298044809073182
list:
dist: 3.9280035068384085 vs. 3.9280035068384085
list:
dist: 1.3873735039113033 vs. 1.3873735039113033
list:
dist: 1.7997589124752797 vs. 1.7997589124752797
list:
dist: 3.0191182828723035 vs. 3.0191182828723035
list:
dist: 0.6408070057304467 vs. 0.6408070057304467
list:
dist: 2.354658722559821 vs. 2.354658722559821
list:
dist: 2.4655815293668204 vs. 2.4655815293668204
list:
dist: 1.7105194011645062 vs. 1.7105194011645062
list:
dist: 2.8777925482961817 vs. 2.8777925482961817
list:
dist: 2.302073513061316 vs. 2.302073513061316
list:
dist: 2.716304623509528 vs. 2.716304623509528
list:
dist: 3.3770308274162266 vs. 3.3770308274162266
list:
dist: 4.238148646718009 vs. 4.238148646718009
list:
dist: 4.183644761321582 vs. 4.183644761321582
list:
dist: 4.278794014535434 vs. 4.278794014535434
list:
dist: 4.239680703751892 vs. 4.239680703751892
list:
dist: 3.588360162713425 vs. 3.588360162713425
list:
dist: 3.5076101439856417 vs. 3.5076101439856417
list:
dist: 3.5797764545765007 vs. 3.5797764545765007
list:
dist: 3.5213082695929945 vs. 3.5213082695929945
list:
dist: 1.2837481245804612 vs. 1.2837481245804612
list:
dist: 1.7551641476943696 vs. 1.7551641476943696
list:
dist: 1.6532554267269042 vs. 1.6532554267269042
list:
dist: 2.195147803850909 vs. 2.195147803850909
list:
dist: 1.9782560195208465 vs. 1.9782560195208465
list:
dist: 4.585299849791349 vs. 4.585299849791349
list:
dist: 2.3556202145467315 vs. 2.3556202145467315
list:
dist: 2.0713821525221117 vs. 2.0713821525221117
list:
dist: 3.0570369440163936 vs. 3.0570369440163936
list:
dist: 1.7569964103760223 vs. 1.7569964103760223
list:
dist: 1.9094283442777475 vs. 1.9094283442777475
list:
dist: 4.4400474359267825 vs. 4.4400474359267825
list:
dist: 1.1735042883818598 vs. 1.1735042883818598
list:
dist: 1.9515445068664345 vs. 1.9515445068664345
list:
dist: 1.3900875685133494 vs. 1.3900875685133494
list:
dist: 1.9442383525030928 vs. 1.9442383525030928
list:
dist: 1.886672826593876 vs. 1.886672826593876
list:
dist: 1.4566900365819866 vs. 1.4566900365819866
list:
dist: 1.3757020070462618 vs. 1.3757020070462618
list:
dist: 0.505830160700112 vs. 0.505830160700112
list:
dist: 1.310040370247147 vs. 1.310040370247147
list:
dist: 0.7952477113466556 vs. 0.7952477113466556
list:
dist: 1.7804414008720661 vs. 1.7804414008720661
list:
dist: 2.0859234441064185 vs. 2.0859234441064185
list:
dist: 2.973970269043089 vs. 2.973970269043089
list:
dist: 2.3100761545210045 vs. 2.3100761545210045
list:
dist: 2.2650473072016877 vs. 2.2650473072016877
list:
dist: 3.170436372195851 vs. 3.170436372195851
list:
dist: 2.5334703032445325 vs. 2.5334703032445325
list:
dist: 2.142978367166808 vs. 2.142978367166808
list:
dist: 1.2852487073173389 vs. 1.2852487073173389
list:
dist: 1.8021726730885688 vs. 1.8021726730885688
list:
dist: 2.0010563215871886 vs. 2.0010563215871886
list:
dist: 1.3671137277329266 vs. 1.3671137277329266
list:
dist: 1.558682279478817 vs. 1.558682279478817
list:
dist: 2.29219277491093 vs. 2.29219277491093
list:
dist: 2.9008156011279045 vs. 2.9008156011279045
list:
dist: 1.9243521888828243 vs. 1.9243521888828243
list:
dist: 1.7633188275312903 vs. 1.7633188275312903
list:
dist: 2.6195422705747724 vs. 2.6195422705747724
list:
dist: 1.4084396490302629 vs. 1.4084396490302629
list:
dist: 1.652552371883539 vs. 1.652552371883539
list:
dist: 4.267678812603509 vs. 4.267678812603509
list:
dist: 1.1053122555458854 vs. 1.1053122555458854
list:
dist: 1.9372786980502483 vs. 1.9372786980502483
list:
dist: 1.3448537374647591 vs. 1.3448537374647591
list:
dist: 1.8381702136174656 vs. 1.8381702136174656
list:
dist: 1.5806793858406294 vs. 1.5806793858406294
list:
dist: 1.5396776740313223 vs. 1.5396776740313223
list:
dist: 1.3482712009328155 vs. 1.3482712009328155
list:
dist: 0.505830160700112 vs. 0.505830160700112
list:
dist: 1.6907261134351128 vs. 1.6907261134351128
list:
dist: 1.2309052718609599 vs. 1.2309052718609599
list:
dist: 1.6136490418380853 vs. 1.6136490418380853
list:
dist: 2.50966292557679 vs. 2.50966292557679
list:
dist: 2.85136249763826 vs. 2.85136249763826
list:
dist: 2.3595467373928085 vs. 2.3595467373928085
list:
dist: 2.576028851625272 vs. 2.576028851625272
list:
dist: 3.450230354046119 vs. 3.450230354046119
list:
dist: 2.8620461528698375 vs. 2.8620461528698375
list:
dist: 2.2529855345542864 vs. 2.2529855345542864
list:
dist: 1.5296925270619812 vs. 1.5296925270619812
list:
dist: 1.9446747311416095 vs. 1.9446747311416095
list:
dist: 2.481064126234501 vs. 2.481064126234501
list:
dist: 1.7339490034526397 vs. 1.7339490034526397
list:
dist: 2.0287067826638254 vs. 2.0287067826638254
list:
dist: 2.7456834958235787 vs. 2.7456834958235787
list:
dist: 3.2984233492421784 vs. 3.2984233492421784
list:
dist: 0.8423428526590182 vs. 0.8423428526590182
list:
dist: 1.2343301428516966 vs. 1.2343301428516966
list:
dist: 1.2112541283902067 vs. 1.2112541283902067
list:
dist: 1.346875127012842 vs. 1.346875127012842
list:
dist: 2.0209103545157934 vs. 2.0209103545157934
list:
dist: 1.360782496326797 vs. 1.360782496326797
list:
dist: 0.8591288199131251 vs. 0.8591288199131251
list:
dist: 4.029519717409471 vs. 4.029519717409471
list:
dist: 1.2852487073173389 vs. 1.2852487073173389
list:
dist: 1.5296925270619812 vs. 1.5296925270619812
list:
dist: 1.5881632657521292 vs. 1.5881632657521292
list:
dist: 1.3348841061405292 vs. 1.3348841061405292
list:
dist: 2.355525305281041 vs. 2.355525305281041
list:
dist: 2.1182740489543423 vs. 2.1182740489543423
list:
dist: 1.236434457562683 vs. 1.236434457562683
list:
dist: 1.0912398520784086 vs. 1.0912398520784086
list:
dist: 1.949541127679114 vs. 1.949541127679114
list:
dist: 1.4681582939188864 vs. 1.4681582939188864
list:
dist: 0.9409413150226095 vs. 0.9409413150226095
list:
dist: 0.5981169154636917 vs. 0.5981169154636917
list:
dist: 4.038437238725029 vs. 4.038437238725029
list:
dist: 1.5376769563718191 vs. 1.5376769563718191
list:
dist: 0.551108197507458 vs. 0.551108197507458
list:
dist: 1.151610918395331 vs. 1.151610918395331
list:
dist: 1.8722319761121364 vs. 1.8722319761121364
list:
dist: 1.8898183513642806 vs. 1.8898183513642806
list:
dist: 2.302073513061316 vs. 2.302073513061316
list:
dist: 4.791997264652401 vs. 4.791997264652401
list:
dist: 5.200959236334989 vs. 5.200959236334989
list:
dist: 3.038171250579835 vs. 3.038171250579835
list:
dist: 2.3597135204040107 vs. 2.3597135204040107
list:
dist: 2.4394074807701225 vs. 2.4394074807701225
list:
dist: 2.1981825613778927 vs. 2.1981825613778927
list:
dist: 1.9066286643849417 vs. 1.9066286643849417
list:
dist: 2.0694191051296236 vs. 2.0694191051296236
list:
dist: 1.583147706464519 vs. 1.583147706464519
list:
dist: 2.296260105141594 vs. 2.296260105141594
list:
dist: 2.350653274973857 vs. 2.350653274973857
list:
dist: 1.1883035570472258 vs. 1.1883035570472258
list:
dist: 1.8130007339966925 vs. 1.8130007339966925
list:
dist: 3.739241364563411 vs. 3.739241364563411
list:
dist: 1.310040370247147 vs. 1.310040370247147
list:
dist: 1.6907261134351128 vs. 1.6907261134351128
list:
dist: 0.5420195089737785 vs. 0.5420195089737785
list:
dist: 1.7967490382526206 vs. 1.7967490382526206
list:
dist: 0.8414704610843559 vs. 0.8414704610843559
list:
dist: 2.7997121485647303 vs. 2.7997121485647303
list:
dist: 2.271391629977771 vs. 2.271391629977771
list:
dist: 2.794479860455484 vs. 2.794479860455484
list:
dist: 1.9885901634432432 vs. 1.9885901634432432
list:
dist: 2.3953422659239236 vs. 2.3953422659239236
list:
dist: 1.5881632657521292 vs. 1.5881632657521292
list:
dist: 2.141384757664889 vs. 2.141384757664889
list:
dist: 4.058808573940225 vs. 4.058808573940225
list:
dist: 1.4890520560954525 vs. 1.4890520560954525
list:
dist: 1.2098522915764052 vs. 1.2098522915764052
list:
dist: 1.3836865016484183 vs. 1.3836865016484183
list:
dist: 2.254661272409154 vs. 2.254661272409154
list:
dist: 2.488876952800449 vs. 2.488876952800449
list:
dist: 1.3873735039113033 vs. 1.3873735039113033
list:
dist: 1.850065578131571 vs. 1.850065578131571
list:
dist: 1.9392496710533582 vs. 1.9392496710533582
list:
dist: 2.190061147373263 vs. 2.190061147373263
list:
dist: 2.116433777441777 vs. 2.116433777441777
list:
dist: 3.0161220081160076 vs. 3.0161220081160076
list:
dist: 2.2539447077437673 vs. 2.2539447077437673
list:
dist: 1.8248318122729548 vs. 1.8248318122729548
list:
dist: 4.313488155843926 vs. 4.313488155843926
list:
dist: 2.2650473072016877 vs. 2.2650473072016877
list:
dist: 2.576028851625272 vs. 2.576028851625272
list:
dist: 2.271391629977771 vs. 2.271391629977771
list:
dist: 2.1436311774246604 vs. 2.1436311774246604
list:
dist: 3.373226538123351 vs. 3.373226538123351
list:
dist: 2.4535701063995883 vs. 2.4535701063995883
list:
dist: 1.3274319191918402 vs. 1.3274319191918402
list:
dist: 1.2205683511302126 vs. 1.2205683511302126
list:
dist: 1.0750626130851055 vs. 1.0750626130851055
list:
dist: 1.0925923727169358 vs. 1.0925923727169358
list:
dist: 1.0912398520784086 vs. 1.0912398520784086
list:
dist: 0.984716765862204 vs. 0.984716765862204
list:
dist: 3.755581872262586 vs. 3.755581872262586
list:
dist: 1.3965724482538073 vs. 1.3965724482538073
list:
dist: 1.0953059910237863 vs. 1.0953059910237863
list:
dist: 1.2572244628082758 vs. 1.2572244628082758
list:
dist: 1.5062002549247493 vs. 1.5062002549247493
list:
dist: 0.995410538611688 vs. 0.995410538611688
list:
dist: 2.354658722559821 vs. 2.354658722559821
list:
dist: 4.212419390608422 vs. 4.212419390608422
list:
dist: 4.73193681638097 vs. 4.73193681638097
list:
dist: 0.974911784646346 vs. 0.974911784646346
list:
dist: 1.1326876203146945 vs. 1.1326876203146945
list:
dist: 1.4270408457081147 vs. 1.4270408457081147
list:
dist: 1.1948129010404918 vs. 1.1948129010404918
list:
dist: 2.1199390876963413 vs. 2.1199390876963413
list:
dist: 1.6898120872659854 vs. 1.6898120872659854
list:
dist: 0.9488774319382769 vs. 0.9488774319382769
list:
dist: 4.032518809361457 vs. 4.032518809361457
list:
dist: 1.8021726730885688 vs. 1.8021726730885688
list:
dist: 1.9446747311416095 vs. 1.9446747311416095
list:
dist: 2.141384757664889 vs. 2.141384757664889
list:
dist: 1.9248488468616682 vs. 1.9248488468616682
list:
dist: 2.703980522736724 vs. 2.703980522736724
list:
dist: 2.6203997934019476 vs. 2.6203997934019476
list:
dist: 0.667394983347668 vs. 0.667394983347668
list:
dist: 0.984716765862204 vs. 0.984716765862204
list:
dist: 1.7181695071241412 vs. 1.7181695071241412
list:
dist: 1.494032178233739 vs. 1.494032178233739
list:
dist: 0.3805470513164293 vs. 0.3805470513164293
list:
dist: 0.5981169154636917 vs. 0.5981169154636917
list:
dist: 3.9387359829959756 vs. 3.9387359829959756
list:
dist: 1.9404748254509085 vs. 1.9404748254509085
list:
dist: 1.0394240696921309 vs. 1.0394240696921309
list:
dist: 1.610607150358406 vs. 1.610607150358406
list:
dist: 2.1699181142970585 vs. 2.1699181142970585
list:
dist: 1.9161208383546546 vs. 1.9161208383546546
list:
dist: 2.716304623509528 vs. 2.716304623509528
list:
dist: 4.207645772542924 vs. 4.207645772542924
list:
dist: 4.640120775401469 vs. 4.640120775401469
list:
dist: 2.1791917695666223 vs. 2.1791917695666223
list:
dist: 1.8203850175290117 vs. 1.8203850175290117
list:
dist: 2.0885172610021194 vs. 2.0885172610021194
list:
dist: 2.1592390285130127 vs. 2.1592390285130127
list:
dist: 2.9839355833962555 vs. 2.9839355833962555
list:
dist: 1.940750827660397 vs. 1.940750827660397
list:
dist: 1.9596290010835098 vs. 1.9596290010835098
list:
dist: 3.3890128860391178 vs. 3.3890128860391178
list:
dist: 2.5334703032445325 vs. 2.5334703032445325
list:
dist: 2.8620461528698375 vs. 2.8620461528698375
list:
dist: 1.9885901634432432 vs. 1.9885901634432432
list:
dist: 2.1257244298438156 vs. 2.1257244298438156
list:
dist: 3.130173243791279 vs. 3.130173243791279
list:
dist: 1.955771176576285 vs. 1.955771176576285
list:
dist: 1.9671473390684653 vs. 1.9671473390684653
list:
dist: 1.0750626130851055 vs. 1.0750626130851055
list:
dist: 0.8252843676223137 vs. 0.8252843676223137
list:
dist: 1.4782225478385569 vs. 1.4782225478385569
list:
dist: 1.4681582939188864 vs. 1.4681582939188864
list:
dist: 1.494032178233739 vs. 1.494032178233739
list:
dist: 2.7781654371195206 vs. 2.7781654371195206
list:
dist: 1.4202046196921 vs. 1.4202046196921
list:
dist: 1.1818075617404917 vs. 1.1818075617404917
list:
dist: 1.545532711104359 vs. 1.545532711104359
list:
dist: 2.0596711631331663 vs. 2.0596711631331663
list:
dist: 1.0086352853484066 vs. 1.0086352853484066
list:
dist: 1.7105194011645062 vs. 1.7105194011645062
list:
dist: 4.561929463262013 vs. 4.561929463262013
list:
dist: 5.3986240944916375 vs. 5.3986240944916375
list:
dist: 2.7143912799154966 vs. 2.7143912799154966
list:
dist: 2.643598480037708 vs. 2.643598480037708
list:
dist: 2.8608814742890982 vs. 2.8608814742890982
list:
dist: 2.912976122445805 vs. 2.912976122445805
list:
dist: 3.7650086214373424 vs. 3.7650086214373424
list:
dist: 2.7539805137257325 vs. 2.7539805137257325
list:
dist: 2.6251931664675476 vs. 2.6251931664675476
list:
dist: 4.334220715775943 vs. 4.334220715775943
list:
dist: 2.9008156011279045 vs. 2.9008156011279045
list:
dist: 3.2984233492421784 vs. 3.2984233492421784
list:
dist: 2.488876952800449 vs. 2.488876952800449
list:
dist: 2.531011128416026 vs. 2.531011128416026
list:
dist: 3.9056694795971696 vs. 3.9056694795971696
list:
dist: 2.31995280251179 vs. 2.31995280251179
list:
dist: 2.2811687292182086 vs. 2.2811687292182086
list:
dist: 0.995410538611688 vs. 0.995410538611688
list:
dist: 1.1276179549672358 vs. 1.1276179549672358
list:
dist: 1.0086352853484066 vs. 1.0086352853484066
list:
dist: 1.9710962604019573 vs. 1.9710962604019573
list:
dist: 1.8898183513642806 vs. 1.8898183513642806
list:
dist: 1.9161208383546546 vs. 1.9161208383546546
list:
dist: 3.390508116571799 vs. 3.390508116571799
list:
dist: 1.2556888473946841 vs. 1.2556888473946841
list:
dist: 1.610716523362442 vs. 1.610716523362442
list:
dist: 1.4920074689793814 vs. 1.4920074689793814
list:
dist: 1.4882817515002118 vs. 1.4882817515002118
list:
dist: 1.9782560195208465 vs. 1.9782560195208465
list:
dist: 1.3267444970373767 vs. 1.3267444970373767
list:
dist: 1.448684623380986 vs. 1.448684623380986
list:
dist: 1.882220923438664 vs. 1.882220923438664
list:
dist: 1.378159244326286 vs. 1.378159244326286
list:
dist: 2.368550815931958 vs. 2.368550815931958
list:
dist: 2.2406480519045133 vs. 2.2406480519045133
list:
dist: 1.3583302912949868 vs. 1.3583302912949868
list:
dist: 2.3100761545210045 vs. 2.3100761545210045
list:
dist: 2.3595467373928085 vs. 2.3595467373928085
list:
dist: 2.7997121485647303 vs. 2.7997121485647303
list:
dist: 2.554002651629702 vs. 2.554002651629702
list:
dist: 3.167129258921971 vs. 3.167129258921971
list:
dist: 3.2849040252996726 vs. 3.2849040252996726
list:
dist: 1.3274319191918402 vs. 1.3274319191918402
list:
dist: 1.9283013602746064 vs. 1.9283013602746064
list:
dist: 1.9671473390684653 vs. 1.9671473390684653
list:
dist: 0.5542800710826196 vs. 0.5542800710826196
list:
dist: 1.236434457562683 vs. 1.236434457562683
list:
dist: 0.667394983347668 vs. 0.667394983347668
list:
dist: 2.521843929864192 vs. 2.521843929864192
list:
dist: 1.6991808377007345 vs. 1.6991808377007345
list:
dist: 2.1920205256524654 vs. 2.1920205256524654
list:
dist: 2.5925783096103125 vs. 2.5925783096103125
list:
dist: 2.2811687292182086 vs. 2.2811687292182086
list:
dist: 4.907747376590532 vs. 4.907747376590532
list:
dist: 3.812890344178337 vs. 3.812890344178337
list:
dist: 3.6644725115465815 vs. 3.6644725115465815
list:
dist: 4.003947281805526 vs. 4.003947281805526
list:
dist: 1.882873164616729 vs. 1.882873164616729
list:
dist: 2.1189164397212448 vs. 2.1189164397212448
list:
dist: 3.3916781107717444 vs. 3.3916781107717444
list:
dist: 2.3114612551182425 vs. 2.3114612551182425
list:
dist: 2.3505007736081827 vs. 2.3505007736081827
list:
dist: 1.025952714300839 vs. 1.025952714300839
list:
dist: 0.8469610809241244 vs. 0.8469610809241244
list:
dist: 0.8882479242902868 vs. 0.8882479242902868
list:
dist: 1.326898027536379 vs. 1.326898027536379
list:
dist: 1.280640215472738 vs. 1.280640215472738
list:
dist: 0.4115216547460172 vs. 0.4115216547460172
list:
dist: 1.1735042883818598 vs. 1.1735042883818598
list:
dist: 1.1053122555458854 vs. 1.1053122555458854
list:
dist: 1.9066286643849417 vs. 1.9066286643849417
list:
dist: 1.5797659910515751 vs. 1.5797659910515751
list:
dist: 1.944637402966841 vs. 1.944637402966841
list:
dist: 2.6273206048482898 vs. 2.6273206048482898
list:
dist: 1.3267444970373767 vs. 1.3267444970373767
list:
dist: 1.850065578131571 vs. 1.850065578131571
list:
dist: 2.5925607459028353 vs. 2.5925607459028353
list:
dist: 2.1791917695666223 vs. 2.1791917695666223
list:
dist: 1.2098153613987084 vs. 1.2098153613987084
list:
dist: 0.8423428526590182 vs. 0.8423428526590182
list:
dist: 0.974911784646346 vs. 0.974911784646346
list:
dist: 2.315922204810715 vs. 2.315922204810715
list:
dist: 1.2995040179955708 vs. 1.2995040179955708
list:
dist: 1.8881521413338562 vs. 1.8881521413338562
list:
dist: 2.608436296457097 vs. 2.608436296457097
list:
dist: 2.7143912799154966 vs. 2.7143912799154966
list:
dist: 2.5925607459028353 vs. 2.5925607459028353
list:
dist: 2.1487521520681963 vs. 2.1487521520681963
list:
dist: 2.616227180245681 vs. 2.616227180245681
list:
dist: 2.4379281542971314 vs. 2.4379281542971314
list:
dist: 3.42272229946434 vs. 3.42272229946434
list:
dist: 2.582777831636163 vs. 2.582777831636163
list:
dist: 2.384309464487558 vs. 2.384309464487558
list:
dist: 3.61066080227753 vs. 3.61066080227753
list:
dist: 3.170436372195851 vs. 3.170436372195851
list:
dist: 3.450230354046119 vs. 3.450230354046119
list:
dist: 2.794479860455484 vs. 2.794479860455484
list:
dist: 2.87899891389327 vs. 2.87899891389327
list:
dist: 3.7773582845590354 vs. 3.7773582845590354
list:
dist: 2.771252268996211 vs. 2.771252268996211
list:
dist: 1.9283013602746064 vs. 1.9283013602746064
list:
dist: 1.2205683511302126 vs. 1.2205683511302126
list:
dist: 0.8252843676223137 vs. 0.8252843676223137
list:
dist: 1.5515463639729032 vs. 1.5515463639729032
list:
dist: 1.949541127679114 vs. 1.949541127679114
list:
dist: 1.7181695071241412 vs. 1.7181695071241412
list:
dist: 2.658049994002167 vs. 2.658049994002167
list:
dist: 2.0704861632249125 vs. 2.0704861632249125
list:
dist: 1.8414995683134132 vs. 1.8414995683134132
list:
dist: 2.172964196569741 vs. 2.172964196569741
list:
dist: 2.466038681663835 vs. 2.466038681663835
list:
dist: 1.1276179549672358 vs. 1.1276179549672358
list:
dist: 2.4655815293668204 vs. 2.4655815293668204
list:
dist: 3.8265635721645173 vs. 3.8265635721645173
list:
dist: 4.785868433170859 vs. 4.785868433170859
list:
dist: 1.2098153613987084 vs. 1.2098153613987084
list:
dist: 1.0726797549754266 vs. 1.0726797549754266
list:
dist: 1.5500341455930218 vs. 1.5500341455930218
list:
dist: 1.1509564136445387 vs. 1.1509564136445387
list:
dist: 2.1896156197390644 vs. 2.1896156197390644
list:
dist: 1.8221640627156501 vs. 1.8221640627156501
list:
dist: 1.0976449753356192 vs. 1.0976449753356192
list:
dist: 3.8702156037644957 vs. 3.8702156037644957
list:
dist: 2.142978367166808 vs. 2.142978367166808
list:
dist: 2.2529855345542864 vs. 2.2529855345542864
list:
dist: 2.3953422659239236 vs. 2.3953422659239236
list:
dist: 2.233941128096966 vs. 2.233941128096966
list:
dist: 2.8593024001147858 vs. 2.8593024001147858
list:
dist: 2.8337341786276173 vs. 2.8337341786276173
list:
dist: 0.5542800710826196 vs. 0.5542800710826196
list:
dist: 1.0925923727169358 vs. 1.0925923727169358
list:
dist: 1.5515463639729032 vs. 1.5515463639729032
list:
dist: 1.4782225478385569 vs. 1.4782225478385569
list:
dist: 0.9409413150226095 vs. 0.9409413150226095
list:
dist: 0.3805470513164293 vs. 0.3805470513164293
list:
dist: 3.7286380026363912 vs. 3.7286380026363912
list:
dist: 2.186403839571599 vs. 2.186403839571599
list:
dist: 1.3117250774201878 vs. 1.3117250774201878
list:
dist: 1.9147744252319054 vs. 1.9147744252319054
list:
dist: 2.445934640549561 vs. 2.445934640549561
list:
dist: 1.9710962604019573 vs. 1.9710962604019573
list:
dist: 2.8777925482961817 vs. 2.8777925482961817
list:
dist: 3.8982029986203104 vs. 3.8982029986203104
list:
dist: 4.425101768527418 vs. 4.425101768527418
list:
dist: 1.737581219036343 vs. 1.737581219036343
list:
dist: 1.4630077243184403 vs. 1.4630077243184403
list:
dist: 0.6098292657332036 vs. 0.6098292657332036
list:
dist: 3.8652586568721072 vs. 3.8652586568721072
list:
dist: 1.9219027726668074 vs. 1.9219027726668074
list:
dist: 1.2502787406184708 vs. 1.2502787406184708
list:
dist: 1.6862658133520911 vs. 1.6862658133520911
list:
dist: 3.694348683486167 vs. 3.694348683486167
list:
dist: 3.8266168597058736 vs. 3.8266168597058736
list:
dist: 3.8977144446148033 vs. 3.8977144446148033
list:
dist: 3.798783573038591 vs. 3.798783573038591
list:
dist: 3.6340598326720093 vs. 3.6340598326720093
list:
dist: 4.209504472406766 vs. 4.209504472406766
list:
dist: 1.1111567687205024 vs. 1.1111567687205024
list:
dist: 2.499253743795798 vs. 2.499253743795798
list:
dist: 1.7079491847579957 vs. 1.7079491847579957
list:
dist: 1.1914212013149565 vs. 1.1914212013149565
list:
dist: 1.4555199160749044 vs. 1.4555199160749044
list:
dist: 1.977109203407535 vs. 1.977109203407535
list:
dist: 1.415128128346196 vs. 1.415128128346196
list:
dist: 1.2870014561405823 vs. 1.2870014561405823
list:
dist: 0.9702644788600909 vs. 0.9702644788600909
list:
dist: 0.9492322511557492 vs. 0.9492322511557492
list:
dist: 0.965766264539498 vs. 0.965766264539498
list:
dist: 1.9424584798936742 vs. 1.9424584798936742
list:
dist: 0.8898813756354048 vs. 0.8898813756354048
list:
dist: 1.4630077243184403 vs. 1.4630077243184403
list:
dist: 0.8612200581017153 vs. 0.8612200581017153
list:
dist: 1.7603607376070147 vs. 1.7603607376070147
list:
dist: 1.5742294042578058 vs. 1.5742294042578058
list:
dist: 2.5508668247808806 vs. 2.5508668247808806
list:
dist: 2.475923301619163 vs. 2.475923301619163
list:
dist: 3.1953959127499503 vs. 3.1953959127499503
list:
dist: 2.2734278221582875 vs. 2.2734278221582875
list:
dist: 2.0313333868723027 vs. 2.0313333868723027
list:
dist: 2.3775659782871346 vs. 2.3775659782871346
list:
dist: 2.9686950003422825 vs. 2.9686950003422825
list:
dist: 2.3775857352438767 vs. 2.3775857352438767
list:
dist: 1.6101515274190625 vs. 1.6101515274190625
list:
dist: 2.033263274927692 vs. 2.033263274927692
list:
dist: 2.137755247806668 vs. 2.137755247806668
list:
dist: 1.9835078737491942 vs. 1.9835078737491942
list:
dist: 2.7252744175023764 vs. 2.7252744175023764
list:
dist: 2.691625077749822 vs. 2.691625077749822
list:
dist: 2.53236860624956 vs. 2.53236860624956
list:
dist: 0.965766264539498 vs. 0.965766264539498
list:
dist: 1.9835078737491942 vs. 1.9835078737491942
list:
dist: 1.3367623786679 vs. 1.3367623786679
list:
dist: 1.7338765494886346 vs. 1.7338765494886346
list:
dist: 1.4931895230362515 vs. 1.4931895230362515
list:
dist: 1.0027536151785184 vs. 1.0027536151785184
list:
dist: 0.7284760074868378 vs. 0.7284760074868378
list:
dist: 1.5774983765114963 vs. 1.5774983765114963
list:
dist: 0.8765086420683581 vs. 0.8765086420683581
list:
dist: 0.7278116404186661 vs. 0.7278116404186661
list:
dist: 1.0999734372194003 vs. 1.0999734372194003
list:
dist: 1.348257365730153 vs. 1.348257365730153
list:
dist: 0.46466994247060184 vs. 0.46466994247060184
list:
dist: 0.9063883452695013 vs. 0.9063883452695013
list:
dist: 0.8702045945339862 vs. 0.8702045945339862
list:
dist: 0.3661956405221018 vs. 0.3661956405221018
list:
dist: 1.72510517089648 vs. 1.72510517089648
list:
dist: 1.7485882492968134 vs. 1.7485882492968134
list:
dist: 2.393469163095887 vs. 2.393469163095887
list:
dist: 3.0822703441409574 vs. 3.0822703441409574
list:
dist: 2.8811883143423125 vs. 2.8811883143423125
list:
dist: 3.1670319213088054 vs. 3.1670319213088054
list:
dist: 3.02727584215793 vs. 3.02727584215793
list:
dist: 2.7067540623599444 vs. 2.7067540623599444
list:
dist: 3.1364857021907118 vs. 3.1364857021907118
list:
dist: 1.6011916586083896 vs. 1.6011916586083896
list:
dist: 3.822120650974498 vs. 3.822120650974498
list:
dist: 4.298044809073182 vs. 4.298044809073182
list:
dist: 2.8385809810089464 vs. 2.8385809810089464
list:
dist: 1.1111567687205024 vs. 1.1111567687205024
list:
dist: 2.475923301619163 vs. 2.475923301619163
list:
dist: 1.6821305833499063 vs. 1.6821305833499063
list:
dist: 3.782033520103993 vs. 3.782033520103993
list:
dist: 2.32457663026194 vs. 2.32457663026194
list:
dist: 1.8323032271853883 vs. 1.8323032271853883
list:
dist: 4.224025914438106 vs. 4.224025914438106
list:
dist: 1.2022612303723528 vs. 1.2022612303723528
list:
dist: 3.145967574565945 vs. 3.145967574565945
list:
dist: 3.341457076387726 vs. 3.341457076387726
list:
dist: 3.435603309531437 vs. 3.435603309531437
list:
dist: 3.580386368494587 vs. 3.580386368494587
list:
dist: 3.082153533686614 vs. 3.082153533686614
list:
dist: 3.6776344462797925 vs. 3.6776344462797925
list:
dist: 1.8950860777955165 vs. 1.8950860777955165
list:
dist: 1.4686472073098331 vs. 1.4686472073098331
list:
dist: 1.1220216221322232 vs. 1.1220216221322232
list:
dist: 1.2454354545598698 vs. 1.2454354545598698
list:
dist: 1.3716737265986099 vs. 1.3716737265986099
list:
dist: 0.8542637565316465 vs. 0.8542637565316465
list:
dist: 1.5579562368122866 vs. 1.5579562368122866
list:
dist: 0.9924576153748645 vs. 0.9924576153748645
list:
dist: 0.5308041372034323 vs. 0.5308041372034323
list:
dist: 0.7284760074868378 vs. 0.7284760074868378
list:
dist: 1.808058919935686 vs. 1.808058919935686
list:
dist: 3.739241364563411 vs. 3.739241364563411
list:
dist: 4.119689537676436 vs. 4.119689537676436
list:
dist: 3.4692867244232684 vs. 3.4692867244232684
list:
dist: 3.743320300770359 vs. 3.743320300770359
list:
dist: 4.313488155843926 vs. 4.313488155843926
list:
dist: 3.61066080227753 vs. 3.61066080227753
list:
dist: 3.3890128860391178 vs. 3.3890128860391178
list:
dist: 3.8702156037644957 vs. 3.8702156037644957
list:
dist: 4.029519717409471 vs. 4.029519717409471
list:
dist: 4.032518809361457 vs. 4.032518809361457
list:
dist: 2.1265413138308764 vs. 2.1265413138308764
list:
dist: 3.155246662143089 vs. 3.155246662143089
list:
dist: 2.9957300280901644 vs. 2.9957300280901644
list:
dist: 3.1628363136398847 vs. 3.1628363136398847
list:
dist: 3.031281192672613 vs. 3.031281192672613
list:
dist: 2.637877238564922 vs. 2.637877238564922
list:
dist: 2.958552689862712 vs. 2.958552689862712
list:
dist: 1.5192677684068625 vs. 1.5192677684068625
list:
dist: 3.6669529936205776 vs. 3.6669529936205776
list:
dist: 4.40788806883819 vs. 4.40788806883819
list:
dist: 3.8776173104674645 vs. 3.8776173104674645
list:
dist: 4.500880434430715 vs. 4.500880434430715
list:
dist: 5.2858982804982775 vs. 5.2858982804982775
list:
dist: 4.334220715775943 vs. 4.334220715775943
list:
dist: 3.674905191082864 vs. 3.674905191082864
list:
dist: 2.608436296457097 vs. 2.608436296457097
list:
dist: 3.0571764111492272 vs. 3.0571764111492272
list:
dist: 2.9698858124768694 vs. 2.9698858124768694
list:
dist: 3.214258104885891 vs. 3.214258104885891
list:
dist: 3.8064098451993424 vs. 3.8064098451993424
list:
dist: 2.8998169147872233 vs. 2.8998169147872233
list:
dist: 2.7185349066809583 vs. 2.7185349066809583
list:
dist: 5.2858982804982775 vs. 5.2858982804982775
list:
dist: 2.29219277491093 vs. 2.29219277491093
list:
dist: 2.7456834958235787 vs. 2.7456834958235787
list:
dist: 2.254661272409154 vs. 2.254661272409154
list:
dist: 2.0686138501952946 vs. 2.0686138501952946
list:
dist: 3.8002843319016053 vs. 3.8002843319016053
list:
dist: 2.237446650220747 vs. 2.237446650220747
list:
dist: 2.5925783096103125 vs. 2.5925783096103125
list:
dist: 1.5062002549247493 vs. 1.5062002549247493
list:
dist: 2.466038681663835 vs. 2.466038681663835
list:
dist: 2.0596711631331663 vs. 2.0596711631331663
list:
dist: 2.445934640549561 vs. 2.445934640549561
list:
dist: 1.8722319761121364 vs. 1.8722319761121364
list:
dist: 2.1699181142970585 vs. 2.1699181142970585
list:
dist: 4.721701352706241 vs. 4.721701352706241
list:
dist: 0.9581456335184323 vs. 0.9581456335184323
list:
dist: 1.632053516579241 vs. 1.632053516579241
list:
dist: 0.9275132173975094 vs. 0.9275132173975094
list:
dist: 1.4882817515002118 vs. 1.4882817515002118
list:
dist: 2.195147803850909 vs. 2.195147803850909
list:
dist: 2.315922204810715 vs. 2.315922204810715
list:
dist: 2.531425706197196 vs. 2.531425706197196
list:
dist: 2.406616450398392 vs. 2.406616450398392
list:
dist: 2.7770448508764365 vs. 2.7770448508764365
list:
dist: 3.314258649122098 vs. 3.314258649122098
list:
dist: 2.1996620677873575 vs. 2.1996620677873575
list:
dist: 2.297361346949147 vs. 2.297361346949147
list:
dist: 4.40788806883819 vs. 4.40788806883819
list:
dist: 2.0010563215871886 vs. 2.0010563215871886
list:
dist: 2.481064126234501 vs. 2.481064126234501
list:
dist: 1.4890520560954525 vs. 1.4890520560954525
list:
dist: 1.4988192200049084 vs. 1.4988192200049084
list:
dist: 3.1577511976461365 vs. 3.1577511976461365
list:
dist: 1.3527538383551418 vs. 1.3527538383551418
list:
dist: 2.521843929864192 vs. 2.521843929864192
list:
dist: 1.3965724482538073 vs. 1.3965724482538073
list:
dist: 2.0704861632249125 vs. 2.0704861632249125
list:
dist: 1.4202046196921 vs. 1.4202046196921
list:
dist: 2.186403839571599 vs. 2.186403839571599
list:
dist: 1.5376769563718191 vs. 1.5376769563718191
list:
dist: 1.9404748254509085 vs. 1.9404748254509085
list:
dist: 3.972588369158424 vs. 3.972588369158424
list:
dist: 1.0679564256333525 vs. 1.0679564256333525
list:
dist: 0.5207889623798689 vs. 0.5207889623798689
list:
dist: 0.9581456335184323 vs. 0.9581456335184323
list:
dist: 1.2556888473946841 vs. 1.2556888473946841
list:
dist: 1.2837481245804612 vs. 1.2837481245804612
list:
dist: 3.053144312662681 vs. 3.053144312662681
list:
dist: 1.6862658133520911 vs. 1.6862658133520911
list:
dist: 2.5508668247808806 vs. 2.5508668247808806
list:
dist: 2.0212526929586208 vs. 2.0212526929586208
list:
dist: 2.5412587432082283 vs. 2.5412587432082283
list:
dist: 2.472909604639849 vs. 2.472909604639849
list:
dist: 1.2022612303723528 vs. 1.2022612303723528
list:
dist: 1.778915017742772 vs. 1.778915017742772
list:
dist: 1.396440561220242 vs. 1.396440561220242
list:
dist: 1.6866985215122183 vs. 1.6866985215122183
list:
dist: 2.0255322495021564 vs. 2.0255322495021564
list:
dist: 2.030201609165045 vs. 2.030201609165045
list:
dist: 0.9925690592937965 vs. 0.9925690592937965
list:
dist: 1.719656282856486 vs. 1.719656282856486
list:
dist: 1.8504915613606343 vs. 1.8504915613606343
list:
dist: 1.2605221741491757 vs. 1.2605221741491757
list:
dist: 1.0027536151785184 vs. 1.0027536151785184
list:
dist: 2.64756486517722 vs. 2.64756486517722
list:
dist: 2.1414714632152623 vs. 2.1414714632152623
list:
dist: 1.8650658205412307 vs. 1.8650658205412307
list:
dist: 2.8015505357685657 vs. 2.8015505357685657
list:
dist: 2.76064845998454 vs. 2.76064845998454
list:
dist: 2.6283724060977023 vs. 2.6283724060977023
list:
dist: 2.4992099604957776 vs. 2.4992099604957776
list:
dist: 2.4525467401834473 vs. 2.4525467401834473
list:
dist: 2.700012960865771 vs. 2.700012960865771
list:
dist: 1.366029647164847 vs. 1.366029647164847
list:
dist: 3.567007209345796 vs. 3.567007209345796
list:
dist: 1.737581219036343 vs. 1.737581219036343
list:
dist: 0.8898813756354048 vs. 0.8898813756354048
list:
dist: 1.2169991180216577 vs. 1.2169991180216577
list:
dist: 4.663592946180234 vs. 4.663592946180234
list:
dist: 2.5480302558923684 vs. 2.5480302558923684
list:
dist: 2.0807883090073833 vs. 2.0807883090073833
list:
dist: 3.053144312662681 vs. 3.053144312662681
list:
dist: 4.928221310630071 vs. 4.928221310630071
list:
dist: 5.027541879514235 vs. 5.027541879514235
list:
dist: 5.021461681858746 vs. 5.021461681858746
list:
dist: 4.7053358730041435 vs. 4.7053358730041435
list:
dist: 4.93910997003592 vs. 4.93910997003592
list:
dist: 5.4089397504529355 vs. 5.4089397504529355
list:
dist: 2.8385809810089464 vs. 2.8385809810089464
list:
dist: 3.928223104960134 vs. 3.928223104960134
list:
dist: 3.014235768940871 vs. 3.014235768940871
list:
dist: 2.634470782425772 vs. 2.634470782425772
list:
dist: 2.917085036331608 vs. 2.917085036331608
list:
dist: 3.543309286578287 vs. 3.543309286578287
list:
dist: 2.978417838596169 vs. 2.978417838596169
list:
dist: 2.360392601563862 vs. 2.360392601563862
list:
dist: 2.494475526458117 vs. 2.494475526458117
list:
dist: 2.624537463320971 vs. 2.624537463320971
list:
dist: 2.53236860624956 vs. 2.53236860624956
list:
dist: 3.2312411077314405 vs. 3.2312411077314405
list:
dist: 3.014235768940871 vs. 3.014235768940871
list:
dist: 1.7079491847579957 vs. 1.7079491847579957
list:
dist: 2.2734278221582875 vs. 2.2734278221582875
list:
dist: 1.8809867341200415 vs. 1.8809867341200415
list:
dist: 1.3532670724832383 vs. 1.3532670724832383
list:
dist: 1.6423739381695268 vs. 1.6423739381695268
list:
dist: 1.396440561220242 vs. 1.396440561220242
list:
dist: 1.4686472073098331 vs. 1.4686472073098331
list:
dist: 0.9226666568891205 vs. 0.9226666568891205
list:
dist: 0.8210917252073199 vs. 0.8210917252073199
list:
dist: 1.1568206660400644 vs. 1.1568206660400644
list:
dist: 1.1988791935192966 vs. 1.1988791935192966
list:
dist: 0.6542749491786397 vs. 0.6542749491786397
list:
dist: 0.7423923769575276 vs. 0.7423923769575276
list:
dist: 1.268616867544681 vs. 1.268616867544681
list:
dist: 1.038771856555404 vs. 1.038771856555404
list:
dist: 0.8765086420683581 vs. 0.8765086420683581
list:
dist: 1.6590347335093514 vs. 1.6590347335093514
list:
dist: 0.8805450625812677 vs. 0.8805450625812677
list:
dist: 2.505595091780427 vs. 2.505595091780427
list:
dist: 2.619908075438609 vs. 2.619908075438609
list:
dist: 2.340892496135234 vs. 2.340892496135234
list:
dist: 2.8913790572015214 vs. 2.8913790572015214
list:
dist: 2.7505896571904582 vs. 2.7505896571904582
list:
dist: 2.4182620298485267 vs. 2.4182620298485267
list:
dist: 2.9995375518803025 vs. 2.9995375518803025
list:
dist: 1.5531380073917433 vs. 1.5531380073917433
list:
dist: 3.5384287038359123 vs. 3.5384287038359123
list:
dist: 4.589403278711776 vs. 4.589403278711776
list:
dist: 2.0807883090073833 vs. 2.0807883090073833
list:
dist: 1.2502787406184708 vs. 1.2502787406184708
list:
dist: 1.5742294042578058 vs. 1.5742294042578058
list:
dist: 1.180354883030001 vs. 1.180354883030001
list:
dist: 1.0395335396520435 vs. 1.0395335396520435
list:
dist: 2.472909604639849 vs. 2.472909604639849
list:
dist: 1.8323032271853883 vs. 1.8323032271853883
list:
dist: 2.3870005078766185 vs. 2.3870005078766185
list:
dist: 1.6423739381695268 vs. 1.6423739381695268
list:
dist: 0.9884905651195053 vs. 0.9884905651195053
list:
dist: 1.0629025888458676 vs. 1.0629025888458676
list:
dist: 1.7291087428971827 vs. 1.7291087428971827
list:
dist: 1.736093404403594 vs. 1.736093404403594
list:
dist: 1.0127493458383638 vs. 1.0127493458383638
list:
dist: 0.8962559069202622 vs. 0.8962559069202622
list:
dist: 1.3930866046907515 vs. 1.3930866046907515
list:
dist: 1.4931895230362515 vs. 1.4931895230362515
list:
dist: 1.1982342160576256 vs. 1.1982342160576256
list:
dist: 2.0790427583876196 vs. 2.0790427583876196
list:
dist: 2.5480302558923684 vs. 2.5480302558923684
list:
dist: 1.9219027726668074 vs. 1.9219027726668074
list:
dist: 1.7603607376070147 vs. 1.7603607376070147
list:
dist: 1.7376968630394949 vs. 1.7376968630394949
list:
dist: 1.0395335396520435 vs. 1.0395335396520435
list:
dist: 2.5412587432082283 vs. 2.5412587432082283
list:
dist: 2.32457663026194 vs. 2.32457663026194
list:
dist: 2.04405743003799 vs. 2.04405743003799
list:
dist: 1.3532670724832383 vs. 1.3532670724832383
list:
dist: 1.2494725520919785 vs. 1.2494725520919785
list:
dist: 1.4539064731196736 vs. 1.4539064731196736
list:
dist: 1.888530636838582 vs. 1.888530636838582
list:
dist: 1.8165318363222462 vs. 1.8165318363222462
list:
dist: 0.8415235532479716 vs. 0.8415235532479716
list:
dist: 1.5304326850125942 vs. 1.5304326850125942
list:
dist: 1.7952511722955482 vs. 1.7952511722955482
list:
dist: 1.7338765494886346 vs. 1.7338765494886346
list:
dist: 1.5912636337431603 vs. 1.5912636337431603
list:
dist: 1.3399891109138036 vs. 1.3399891109138036
list:
dist: 1.2169991180216577 vs. 1.2169991180216577
list:
dist: 0.6098292657332036 vs. 0.6098292657332036
list:
dist: 0.8612200581017153 vs. 0.8612200581017153
list:
dist: 1.7376968630394949 vs. 1.7376968630394949
list:
dist: 1.180354883030001 vs. 1.180354883030001
list:
dist: 2.0212526929586208 vs. 2.0212526929586208
list:
dist: 1.6821305833499063 vs. 1.6821305833499063
list:
dist: 2.767277401783496 vs. 2.767277401783496
list:
dist: 1.8809867341200415 vs. 1.8809867341200415
list:
dist: 1.4515149657134363 vs. 1.4515149657134363
list:
dist: 1.764665259481222 vs. 1.764665259481222
list:
dist: 2.353157261091875 vs. 2.353157261091875
list:
dist: 1.7810171140082098 vs. 1.7810171140082098
list:
dist: 1.2827109162558108 vs. 1.2827109162558108
list:
dist: 1.3295610537992015 vs. 1.3295610537992015
list:
dist: 1.4120419311819752 vs. 1.4120419311819752
list:
dist: 1.3367623786679 vs. 1.3367623786679
list:
dist: 2.183633238334609 vs. 2.183633238334609
list:
dist: 2.5259736181029364 vs. 2.5259736181029364
list:
dist: 2.917085036331608 vs. 2.917085036331608
list:
dist: 1.4555199160749044 vs. 1.4555199160749044
list:
dist: 2.3775659782871346 vs. 2.3775659782871346
list:
dist: 1.764665259481222 vs. 1.764665259481222
list:
dist: 1.4539064731196736 vs. 1.4539064731196736
list:
dist: 1.0629025888458676 vs. 1.0629025888458676
list:
dist: 2.0255322495021564 vs. 2.0255322495021564
list:
dist: 1.2454354545598698 vs. 1.2454354545598698
list:
dist: 1.5909475169085394 vs. 1.5909475169085394
list:
dist: 1.1568206660400644 vs. 1.1568206660400644
list:
dist: 0.4660914365194527 vs. 0.4660914365194527
list:
dist: 0.6802120704501161 vs. 0.6802120704501161
list:
dist: 1.0784261678925002 vs. 1.0784261678925002
list:
dist: 1.0678607948475343 vs. 1.0678607948475343
list:
dist: 0.49791969111396156 vs. 0.49791969111396156
list:
dist: 0.8531012295863867 vs. 0.8531012295863867
list:
dist: 1.0999734372194003 vs. 1.0999734372194003
list:
dist: 0.6277052232530816 vs. 0.6277052232530816
list:
dist: 1.7285599566534888 vs. 1.7285599566534888
list:
dist: 2.8462050991035133 vs. 2.8462050991035133
list:
dist: 3.1977334544155065 vs. 3.1977334544155065
list:
dist: 2.8623505012504804 vs. 2.8623505012504804
list:
dist: 3.5277440635805917 vs. 3.5277440635805917
list:
dist: 3.391320313406137 vs. 3.391320313406137
list:
dist: 2.817934617815769 vs. 2.817934617815769
list:
dist: 3.3821636882597668 vs. 3.3821636882597668
list:
dist: 1.9562453583891637 vs. 1.9562453583891637
list:
dist: 3.8080344056736 vs. 3.8080344056736
list:
dist: 3.9427904013388173 vs. 3.9427904013388173
list:
dist: 2.978417838596169 vs. 2.978417838596169
list:
dist: 1.415128128346196 vs. 1.415128128346196
list:
dist: 2.3775857352438767 vs. 2.3775857352438767
list:
dist: 1.7810171140082098 vs. 1.7810171140082098
list:
dist: 1.8165318363222462 vs. 1.8165318363222462
list:
dist: 1.736093404403594 vs. 1.736093404403594
list:
dist: 0.9925690592937965 vs. 0.9925690592937965
list:
dist: 0.8542637565316465 vs. 0.8542637565316465
list:
dist: 1.1429173739650544 vs. 1.1429173739650544
list:
dist: 0.6542749491786397 vs. 0.6542749491786397
list:
dist: 0.7903522355833462 vs. 0.7903522355833462
list:
dist: 1.0784261678925002 vs. 1.0784261678925002
list:
dist: 1.082088555345831 vs. 1.082088555345831
list:
dist: 1.0466194103341266 vs. 1.0466194103341266
list:
dist: 1.0557010526800032 vs. 1.0557010526800032
list:
dist: 0.5703568530088368 vs. 0.5703568530088368
list:
dist: 0.46466994247060184 vs. 0.46466994247060184
list:
dist: 1.6828363101900299 vs. 1.6828363101900299
list:
dist: 1.5119003455123194 vs. 1.5119003455123194
list:
dist: 2.0771751063045287 vs. 2.0771751063045287
list:
dist: 2.627327275926684 vs. 2.627327275926684
list:
dist: 2.418004205098671 vs. 2.418004205098671
list:
dist: 2.7581173108251296 vs. 2.7581173108251296
list:
dist: 2.617413448368867 vs. 2.617413448368867
list:
dist: 2.262888593119226 vs. 2.262888593119226
list:
dist: 2.7352853543021434 vs. 2.7352853543021434
list:
dist: 1.1986818380080022 vs. 1.1986818380080022
list:
dist: 3.382860238180386 vs. 3.382860238180386
list:
dist: 4.1163199450975885 vs. 4.1163199450975885
list:
dist: 2.494475526458117 vs. 2.494475526458117
list:
dist: 0.9702644788600909 vs. 0.9702644788600909
list:
dist: 2.033263274927692 vs. 2.033263274927692
list:
dist: 1.3295610537992015 vs. 1.3295610537992015
list:
dist: 1.5304326850125942 vs. 1.5304326850125942
list:
dist: 0.8962559069202622 vs. 0.8962559069202622
list:
dist: 1.8504915613606343 vs. 1.8504915613606343
list:
dist: 0.9924576153748645 vs. 0.9924576153748645
list:
dist: 1.885103192438631 vs. 1.885103192438631
list:
dist: 1.268616867544681 vs. 1.268616867544681
list:
dist: 0.46846126367383045 vs. 0.46846126367383045
list:
dist: 0.49791969111396156 vs. 0.49791969111396156
list:
dist: 1.0885784758834158 vs. 1.0885784758834158
list:
dist: 1.0557010526800032 vs. 1.0557010526800032
list:
dist: 1.000384952051922 vs. 1.000384952051922
list:
dist: 0.6052742028460291 vs. 0.6052742028460291
list:
dist: 0.8702045945339862 vs. 0.8702045945339862
list:
dist: 1.0031858737645998 vs. 1.0031858737645998
list:
dist: 1.9760710723838413 vs. 1.9760710723838413
list:
dist: 2.906738723692881 vs. 2.906738723692881
list:
dist: 3.485569404354282 vs. 3.485569404354282
list:
dist: 3.1957893956458108 vs. 3.1957893956458108
list:
dist: 3.7134465361790014 vs. 3.7134465361790014
list:
dist: 3.575152788412014 vs. 3.575152788412014
list:
dist: 3.0724657376042526 vs. 3.0724657376042526
list:
dist: 3.568747999275418 vs. 3.568747999275418
list:
dist: 2.08067073664745 vs. 2.08067073664745
list:
dist: 4.099759354320997 vs. 4.099759354320997
list:
dist: 4.065178083947839 vs. 4.065178083947839
list:
dist: 2.624537463320971 vs. 2.624537463320971
list:
dist: 0.9492322511557492 vs. 0.9492322511557492
list:
dist: 2.137755247806668 vs. 2.137755247806668
list:
dist: 1.4120419311819752 vs. 1.4120419311819752
list:
dist: 1.7952511722955482 vs. 1.7952511722955482
list:
dist: 1.3930866046907515 vs. 1.3930866046907515
list:
dist: 1.2605221741491757 vs. 1.2605221741491757
list:
dist: 0.5308041372034323 vs. 0.5308041372034323
list:
dist: 1.633002984345189 vs. 1.633002984345189
list:
dist: 1.038771856555404 vs. 1.038771856555404
list:
dist: 0.610836415180844 vs. 0.610836415180844
list:
dist: 0.8531012295863867 vs. 0.8531012295863867
list:
dist: 1.128306618059466 vs. 1.128306618059466
list:
dist: 0.5703568530088368 vs. 0.5703568530088368
list:
dist: 1.0386207217400438 vs. 1.0386207217400438
list:
dist: 0.6052742028460291 vs. 0.6052742028460291
list:
dist: 0.3661956405221018 vs. 0.3661956405221018
list:
dist: 1.4690495754666957 vs. 1.4690495754666957
list:
dist: 1.8919179590246105 vs. 1.8919179590246105
list:
dist: 2.398604691492829 vs. 2.398604691492829
list:
dist: 3.127285227201966 vs. 3.127285227201966
list:
dist: 2.90435661460921 vs. 2.90435661460921
list:
dist: 3.247250369965523 vs. 3.247250369965523
list:
dist: 3.108895054590006 vs. 3.108895054590006
list:
dist: 2.6974878853192465 vs. 2.6974878853192465
list:
dist: 3.132322318662988 vs. 3.132322318662988
list:
dist: 1.6112375393809482 vs. 1.6112375393809482
list:
dist: 3.7720958330967327 vs. 3.7720958330967327
list:
dist: 4.003990097672113 vs. 4.003990097672113
list:
dist: 2.4992099604957776 vs. 2.4992099604957776
list:
dist: 3.031281192672613 vs. 3.031281192672613
list:
dist: 2.054783673044818 vs. 2.054783673044818
list:
dist: 2.7505896571904582 vs. 2.7505896571904582
list:
dist: 3.2989719594419302 vs. 3.2989719594419302
list:
dist: 3.391320313406137 vs. 3.391320313406137
list:
dist: 2.8591010269750123 vs. 2.8591010269750123
list:
dist: 2.617413448368867 vs. 2.617413448368867
list:
dist: 3.4780554847043312 vs. 3.4780554847043312
list:
dist: 3.575152788412014 vs. 3.575152788412014
list:
dist: 3.108895054590006 vs. 3.108895054590006
list:
dist: 3.02727584215793 vs. 3.02727584215793
list:
dist: 3.7792571368133467 vs. 3.7792571368133467
list:
dist: 2.8973220212659005 vs. 2.8973220212659005
list:
dist: 1.308463616358836 vs. 1.308463616358836
list:
dist: 0.8361172258868572 vs. 0.8361172258868572
list:
dist: 1.2619961999140599 vs. 1.2619961999140599
list:
dist: 0.14173485649269105 vs. 0.14173485649269105
list:
dist: 0.8670278115631319 vs. 0.8670278115631319
list:
dist: 0.8006563807808712 vs. 0.8006563807808712
list:
dist: 1.536178150825357 vs. 1.536178150825357
list:
dist: 1.4621780051595858 vs. 1.4621780051595858
list:
dist: 4.239680703751892 vs. 4.239680703751892
list:
dist: 0.7992962448483746 vs. 0.7992962448483746
list:
dist: 1.8650658205412307 vs. 1.8650658205412307
list:
dist: 3.577317901682222 vs. 3.577317901682222
list:
dist: 3.9761005971260706 vs. 3.9761005971260706
list:
dist: 3.9404214613636572 vs. 3.9404214613636572
list:
dist: 4.577841962140222 vs. 4.577841962140222
list:
dist: 3.724601245178486 vs. 3.724601245178486
list:
dist: 4.08543854262231 vs. 4.08543854262231
list:
dist: 2.1265413138308764 vs. 2.1265413138308764
list:
dist: 2.0952780428601034 vs. 2.0952780428601034
list:
dist: 2.505595091780427 vs. 2.505595091780427
list:
dist: 2.782767517779098 vs. 2.782767517779098
list:
dist: 2.8462050991035133 vs. 2.8462050991035133
list:
dist: 2.3991404672101906 vs. 2.3991404672101906
list:
dist: 2.0771751063045287 vs. 2.0771751063045287
list:
dist: 3.110078065999985 vs. 3.110078065999985
list:
dist: 2.906738723692881 vs. 2.906738723692881
list:
dist: 2.398604691492829 vs. 2.398604691492829
list:
dist: 2.393469163095887 vs. 2.393469163095887
list:
dist: 3.2950753232320547 vs. 3.2950753232320547
list:
dist: 4.058808573940225 vs. 4.058808573940225
list:
dist: 4.43335845691792 vs. 4.43335845691792
list:
dist: 4.619661814931973 vs. 4.619661814931973
list:
dist: 3.778045187473119 vs. 3.778045187473119
list:
dist: 3.755581872262586 vs. 3.755581872262586
list:
dist: 2.658049994002167 vs. 2.658049994002167
list:
dist: 2.7781654371195206 vs. 2.7781654371195206
list:
dist: 3.7286380026363912 vs. 3.7286380026363912
list:
dist: 4.038437238725029 vs. 4.038437238725029
list:
dist: 3.9387359829959756 vs. 3.9387359829959756
list:
dist: 1.8242502678106096 vs. 1.8242502678106096
list:
dist: 2.0122395379756473 vs. 2.0122395379756473
list:
dist: 1.3873519092193034 vs. 1.3873519092193034
list:
dist: 1.308463616358836 vs. 1.308463616358836
list:
dist: 1.2394143068605286 vs. 1.2394143068605286
list:
dist: 1.0246818371406352 vs. 1.0246818371406352
list:
dist: 0.9891358654377248 vs. 0.9891358654377248
list:
dist: 2.003930611165391 vs. 2.003930611165391
list:
dist: 3.972588369158424 vs. 3.972588369158424
list:
dist: 3.7977586765086877 vs. 3.7977586765086877
list:
dist: 4.230012435408812 vs. 4.230012435408812
list:
dist: 4.721701352706241 vs. 4.721701352706241
list:
dist: 3.390508116571799 vs. 3.390508116571799
list:
dist: 3.3770308274162266 vs. 3.3770308274162266
list:
dist: 2.0387850477432563 vs. 2.0387850477432563
list:
dist: 3.2312411077314405 vs. 3.2312411077314405
list:
dist: 1.9424584798936742 vs. 1.9424584798936742
list:
dist: 2.7252744175023764 vs. 2.7252744175023764
list:
dist: 2.183633238334609 vs. 2.183633238334609
list:
dist: 1.5912636337431603 vs. 1.5912636337431603
list:
dist: 1.1982342160576256 vs. 1.1982342160576256
list:
dist: 2.64756486517722 vs. 2.64756486517722
list:
dist: 1.808058919935686 vs. 1.808058919935686
list:
dist: 1.939515254809351 vs. 1.939515254809351
list:
dist: 1.6590347335093514 vs. 1.6590347335093514
list:
dist: 1.0469918342154108 vs. 1.0469918342154108
list:
dist: 0.6277052232530816 vs. 0.6277052232530816
list:
dist: 0.9301291568301848 vs. 0.9301291568301848
list:
dist: 1.6828363101900299 vs. 1.6828363101900299
list:
dist: 1.5217157473464902 vs. 1.5217157473464902
list:
dist: 1.0031858737645998 vs. 1.0031858737645998
list:
dist: 1.4690495754666957 vs. 1.4690495754666957
list:
dist: 1.72510517089648 vs. 1.72510517089648
list:
dist: 2.006466246730931 vs. 2.006466246730931
list:
dist: 3.2950753232320547 vs. 3.2950753232320547
list:
dist: 3.475015270579987 vs. 3.475015270579987
list:
dist: 3.086165655364339 vs. 3.086165655364339
list:
dist: 3.9101863224955036 vs. 3.9101863224955036
list:
dist: 3.7792571368133467 vs. 3.7792571368133467
list:
dist: 3.1180958235486114 vs. 3.1180958235486114
list:
dist: 3.72279363041375 vs. 3.72279363041375
list:
dist: 2.41715670455301 vs. 2.41715670455301
list:
dist: 4.003713031212766 vs. 4.003713031212766
list:
dist: 3.9280035068384085 vs. 3.9280035068384085
list:
dist: 3.928223104960134 vs. 3.928223104960134
list:
dist: 2.499253743795798 vs. 2.499253743795798
list:
dist: 3.1953959127499503 vs. 3.1953959127499503
list:
dist: 2.767277401783496 vs. 2.767277401783496
list:
dist: 2.04405743003799 vs. 2.04405743003799
list:
dist: 2.3870005078766185 vs. 2.3870005078766185
list:
dist: 1.778915017742772 vs. 1.778915017742772
list:
dist: 1.8950860777955165 vs. 1.8950860777955165
list:
dist: 0.9226666568891205 vs. 0.9226666568891205
list:
dist: 1.4918499923187487 vs. 1.4918499923187487
list:
dist: 1.5909475169085394 vs. 1.5909475169085394
list:
dist: 1.1817114398616437 vs. 1.1817114398616437
list:
dist: 1.1429173739650544 vs. 1.1429173739650544
list:
dist: 1.6291539441117675 vs. 1.6291539441117675
list:
dist: 1.885103192438631 vs. 1.885103192438631
list:
dist: 1.633002984345189 vs. 1.633002984345189
list:
dist: 1.5774983765114963 vs. 1.5774983765114963
list:
dist: 1.939515254809351 vs. 1.939515254809351
list:
dist: 1.0177403543445938 vs. 1.0177403543445938
list:
dist: 2.0952780428601034 vs. 2.0952780428601034
list:
dist: 1.7581057723151574 vs. 1.7581057723151574
list:
dist: 1.4312093804029629 vs. 1.4312093804029629
list:
dist: 2.1886643180146756 vs. 2.1886643180146756
list:
dist: 2.054783673044818 vs. 2.054783673044818
list:
dist: 1.6252273171978604 vs. 1.6252273171978604
list:
dist: 2.3051666010887395 vs. 2.3051666010887395
list:
dist: 1.1516892705636466 vs. 1.1516892705636466
list:
dist: 2.695092743331768 vs. 2.695092743331768
list:
dist: 4.255807102677114 vs. 4.255807102677114
list:
dist: 2.634470782425772 vs. 2.634470782425772
list:
dist: 1.1914212013149565 vs. 1.1914212013149565
list:
dist: 2.0313333868723027 vs. 2.0313333868723027
list:
dist: 1.4515149657134363 vs. 1.4515149657134363
list:
dist: 1.2494725520919785 vs. 1.2494725520919785
list:
dist: 0.9884905651195053 vs. 0.9884905651195053
list:
dist: 1.6866985215122183 vs. 1.6866985215122183
list:
dist: 1.1220216221322232 vs. 1.1220216221322232
list:
dist: 1.4918499923187487 vs. 1.4918499923187487
list:
dist: 0.8210917252073199 vs. 0.8210917252073199
list:
dist: 0.4660914365194527 vs. 0.4660914365194527
list:
dist: 0.9384281618404045 vs. 0.9384281618404045
list:
dist: 0.7903522355833462 vs. 0.7903522355833462
list:
dist: 0.6519561524073657 vs. 0.6519561524073657
list:
dist: 0.46846126367383045 vs. 0.46846126367383045
list:
dist: 0.610836415180844 vs. 0.610836415180844
list:
dist: 0.7278116404186661 vs. 0.7278116404186661
list:
dist: 1.0469918342154108 vs. 1.0469918342154108
list:
dist: 1.5103730209228747 vs. 1.5103730209228747
list:
dist: 2.782767517779098 vs. 2.782767517779098
list:
dist: 3.169897283151765 vs. 3.169897283151765
list:
dist: 2.8657221191333266 vs. 2.8657221191333266
list:
dist: 3.4392947624741415 vs. 3.4392947624741415
list:
dist: 3.2989719594419302 vs. 3.2989719594419302
list:
dist: 2.829615319840506 vs. 2.829615319840506
list:
dist: 3.377753274502428 vs. 3.377753274502428
list:
dist: 1.8760598934257793 vs. 1.8760598934257793
list:
dist: 3.8933812773860446 vs. 3.8933812773860446
list:
dist: 4.2567144823946395 vs. 4.2567144823946395
list:
dist: 2.691625077749822 vs. 2.691625077749822
list:
dist: 2.5259736181029364 vs. 2.5259736181029364
list:
dist: 1.3399891109138036 vs. 1.3399891109138036
list:
dist: 2.0790427583876196 vs. 2.0790427583876196
list:
dist: 2.1414714632152623 vs. 2.1414714632152623
list:
dist: 1.0177403543445938 vs. 1.0177403543445938
list:
dist: 0.8805450625812677 vs. 0.8805450625812677
list:
dist: 1.5103730209228747 vs. 1.5103730209228747
list:
dist: 1.7285599566534888 vs. 1.7285599566534888
list:
dist: 1.6724367549059547 vs. 1.6724367549059547
list:
dist: 1.5119003455123194 vs. 1.5119003455123194
list:
dist: 1.2617605670912395 vs. 1.2617605670912395
list:
dist: 1.9760710723838413 vs. 1.9760710723838413
list:
dist: 1.8919179590246105 vs. 1.8919179590246105
list:
dist: 1.7485882492968134 vs. 1.7485882492968134
list:
dist: 2.006466246730931 vs. 2.006466246730931
list:
dist: 2.5710086040870794 vs. 2.5710086040870794
list:
dist: 2.2200430022872086 vs. 2.2200430022872086
list:
dist: 3.026884078777953 vs. 3.026884078777953
list:
dist: 2.8973220212659005 vs. 2.8973220212659005
list:
dist: 2.5965551484858245 vs. 2.5965551484858245
list:
dist: 3.274351110023556 vs. 3.274351110023556
list:
dist: 2.0764708895658575 vs. 2.0764708895658575
list:
dist: 3.6307685538613255 vs. 3.6307685538613255
list:
dist: 3.543309286578287 vs. 3.543309286578287
list:
dist: 1.977109203407535 vs. 1.977109203407535
list:
dist: 2.9686950003422825 vs. 2.9686950003422825
list:
dist: 2.353157261091875 vs. 2.353157261091875
list:
dist: 1.888530636838582 vs. 1.888530636838582
list:
dist: 1.7291087428971827 vs. 1.7291087428971827
list:
dist: 2.030201609165045 vs. 2.030201609165045
list:
dist: 1.3716737265986099 vs. 1.3716737265986099
list:
dist: 1.1817114398616437 vs. 1.1817114398616437
list:
dist: 1.1988791935192966 vs. 1.1988791935192966
list:
dist: 0.9384281618404045 vs. 0.9384281618404045
list:
dist: 0.6802120704501161 vs. 0.6802120704501161
list:
dist: 1.082088555345831 vs. 1.082088555345831
list:
dist: 1.4887341329931765 vs. 1.4887341329931765
list:
dist: 1.0885784758834158 vs. 1.0885784758834158
list:
dist: 1.128306618059466 vs. 1.128306618059466
list:
dist: 1.348257365730153 vs. 1.348257365730153
list:
dist: 0.9301291568301848 vs. 0.9301291568301848
list:
dist: 1.6724367549059547 vs. 1.6724367549059547
list:
dist: 2.3991404672101906 vs. 2.3991404672101906
list:
dist: 2.6055179943070335 vs. 2.6055179943070335
list:
dist: 2.2624456118858083 vs. 2.2624456118858083
list:
dist: 2.9895364801134807 vs. 2.9895364801134807
list:
dist: 2.8591010269750123 vs. 2.8591010269750123
list:
dist: 2.2072023556262113 vs. 2.2072023556262113
list:
dist: 2.801817505937747 vs. 2.801817505937747
list:
dist: 1.5086265780711006 vs. 1.5086265780711006
list:
dist: 3.149559664177898 vs. 3.149559664177898
list:
dist: 3.5612592789835618 vs. 3.5612592789835618
list:
dist: 2.360392601563862 vs. 2.360392601563862
list:
dist: 1.2870014561405823 vs. 1.2870014561405823
list:
dist: 1.6101515274190625 vs. 1.6101515274190625
list:
dist: 1.2827109162558108 vs. 1.2827109162558108
list:
dist: 0.8415235532479716 vs. 0.8415235532479716
list:
dist: 1.0127493458383638 vs. 1.0127493458383638
list:
dist: 1.719656282856486 vs. 1.719656282856486
list:
dist: 1.5579562368122866 vs. 1.5579562368122866
list:
dist: 1.6291539441117675 vs. 1.6291539441117675
list:
dist: 0.7423923769575276 vs. 0.7423923769575276
list:
dist: 0.6519561524073657 vs. 0.6519561524073657
list:
dist: 1.0678607948475343 vs. 1.0678607948475343
list:
dist: 1.4887341329931765 vs. 1.4887341329931765
list:
dist: 1.0466194103341266 vs. 1.0466194103341266
list:
dist: 1.000384952051922 vs. 1.000384952051922
list:
dist: 1.0386207217400438 vs. 1.0386207217400438
list:
dist: 0.9063883452695013 vs. 0.9063883452695013
list:
dist: 1.5217157473464902 vs. 1.5217157473464902
list:
dist: 1.2617605670912395 vs. 1.2617605670912395
list:
dist: 3.110078065999985 vs. 3.110078065999985
list:
dist: 3.3573892739438063 vs. 3.3573892739438063
list:
dist: 3.060035207012592 vs. 3.060035207012592
list:
dist: 3.619415860082169 vs. 3.619415860082169
list:
dist: 3.4780554847043312 vs. 3.4780554847043312
list:
dist: 3.1289941095838816 vs. 3.1289941095838816
list:
dist: 3.692677025213823 vs. 3.692677025213823
list:
dist: 2.1913587643762362 vs. 2.1913587643762362
list:
dist: 4.2381055812037385 vs. 4.2381055812037385
list:
dist: 4.893838471166604 vs. 4.893838471166604
list:
dist: 2.0387850477432563 vs. 2.0387850477432563
list:
dist: 0.8501524882953699 vs. 0.8501524882953699
list:
dist: 1.3359375632350872 vs. 1.3359375632350872
list:
dist: 0.6999645071211675 vs. 0.6999645071211675
list:
dist: 0.7992962448483746 vs. 0.7992962448483746
list:
dist: 1.276215168424931 vs. 1.276215168424931
list:
dist: 1.2093411279862774 vs. 1.2093411279862774
list:
dist: 2.2427641438680253 vs. 2.2427641438680253
list:
dist: 1.2595165089548355 vs. 1.2595165089548355
list:
dist: 4.585299849791349 vs. 4.585299849791349
list:
dist: 2.6283724060977023 vs. 2.6283724060977023
list:
dist: 3.1628363136398847 vs. 3.1628363136398847
list:
dist: 2.1886643180146756 vs. 2.1886643180146756
list:
dist: 2.8913790572015214 vs. 2.8913790572015214
list:
dist: 3.4392947624741415 vs. 3.4392947624741415
list:
dist: 3.5277440635805917 vs. 3.5277440635805917
list:
dist: 2.9895364801134807 vs. 2.9895364801134807
list:
dist: 2.7581173108251296 vs. 2.7581173108251296
list:
dist: 3.619415860082169 vs. 3.619415860082169
list:
dist: 3.7134465361790014 vs. 3.7134465361790014
list:
dist: 3.247250369965523 vs. 3.247250369965523
list:
dist: 3.1670319213088054 vs. 3.1670319213088054
list:
dist: 3.9101863224955036 vs. 3.9101863224955036
list:
dist: 3.026884078777953 vs. 3.026884078777953
list:
dist: 1.3873519092193034 vs. 1.3873519092193034
list:
dist: 0.8776656641909465 vs. 0.8776656641909465
list:
dist: 1.332235465265493 vs. 1.332235465265493
list:
dist: 0.14173485649269105 vs. 0.14173485649269105
list:
dist: 0.9484253211686143 vs. 0.9484253211686143
list:
dist: 0.7985079720177225 vs. 0.7985079720177225
list:
dist: 1.66889689916067 vs. 1.66889689916067
list:
dist: 1.4178896492462554 vs. 1.4178896492462554
list:
dist: 4.278794014535434 vs. 4.278794014535434
list:
dist: 0.6999645071211675 vs. 0.6999645071211675
list:
dist: 2.700012960865771 vs. 2.700012960865771
list:
dist: 2.958552689862712 vs. 2.958552689862712
list:
dist: 2.3051666010887395 vs. 2.3051666010887395
list:
dist: 2.9995375518803025 vs. 2.9995375518803025
list:
dist: 3.377753274502428 vs. 3.377753274502428
list:
dist: 3.3821636882597668 vs. 3.3821636882597668
list:
dist: 2.801817505937747 vs. 2.801817505937747
list:
dist: 2.7352853543021434 vs. 2.7352853543021434
list:
dist: 3.692677025213823 vs. 3.692677025213823
list:
dist: 3.568747999275418 vs. 3.568747999275418
list:
dist: 3.132322318662988 vs. 3.132322318662988
list:
dist: 3.1364857021907118 vs. 3.1364857021907118
list:
dist: 3.72279363041375 vs. 3.72279363041375
list:
dist: 3.274351110023556 vs. 3.274351110023556
list:
dist: 1.0246818371406352 vs. 1.0246818371406352
list:
dist: 1.1912851467489551 vs. 1.1912851467489551
list:
dist: 1.524575056245634 vs. 1.524575056245634
list:
dist: 0.7985079720177225 vs. 0.7985079720177225
list:
dist: 0.8006563807808712 vs. 0.8006563807808712
list:
dist: 0.7656225240410822 vs. 0.7656225240410822
list:
dist: 1.539035276862467 vs. 1.539035276862467
list:
dist: 1.0424061753665317 vs. 1.0424061753665317
list:
dist: 3.5076101439856417 vs. 3.5076101439856417
list:
dist: 1.2093411279862774 vs. 1.2093411279862774
list:
dist: 3.567007209345796 vs. 3.567007209345796
list:
dist: 3.6669529936205776 vs. 3.6669529936205776
list:
dist: 2.695092743331768 vs. 2.695092743331768
list:
dist: 3.5384287038359123 vs. 3.5384287038359123
list:
dist: 3.8933812773860446 vs. 3.8933812773860446
list:
dist: 3.8080344056736 vs. 3.8080344056736
list:
dist: 3.149559664177898 vs. 3.149559664177898
list:
dist: 3.382860238180386 vs. 3.382860238180386
list:
dist: 4.2381055812037385 vs. 4.2381055812037385
list:
dist: 4.099759354320997 vs. 4.099759354320997
list:
dist: 3.7720958330967327 vs. 3.7720958330967327
list:
dist: 3.822120650974498 vs. 3.822120650974498
list:
dist: 4.003713031212766 vs. 4.003713031212766
list:
dist: 3.6307685538613255 vs. 3.6307685538613255
list:
dist: 2.003930611165391 vs. 2.003930611165391
list:
dist: 1.2580620714364228 vs. 1.2580620714364228
list:
dist: 1.498900718050541 vs. 1.498900718050541
list:
dist: 1.4178896492462554 vs. 1.4178896492462554
list:
dist: 1.4621780051595858 vs. 1.4621780051595858
list:
dist: 1.1552982523590192 vs. 1.1552982523590192
list:
dist: 1.0424061753665317 vs. 1.0424061753665317
list:
dist: 2.265156130176462 vs. 2.265156130176462
list:
dist: 3.5213082695929945 vs. 3.5213082695929945
list:
dist: 1.2595165089548355 vs. 1.2595165089548355
list:
dist: 2.8015505357685657 vs. 2.8015505357685657
list:
dist: 3.155246662143089 vs. 3.155246662143089
list:
dist: 1.7581057723151574 vs. 1.7581057723151574
list:
dist: 2.619908075438609 vs. 2.619908075438609
list:
dist: 3.169897283151765 vs. 3.169897283151765
list:
dist: 3.1977334544155065 vs. 3.1977334544155065
list:
dist: 2.6055179943070335 vs. 2.6055179943070335
list:
dist: 2.627327275926684 vs. 2.627327275926684
list:
dist: 3.3573892739438063 vs. 3.3573892739438063
list:
dist: 3.485569404354282 vs. 3.485569404354282
list:
dist: 3.127285227201966 vs. 3.127285227201966
list:
dist: 3.0822703441409574 vs. 3.0822703441409574
list:
dist: 3.475015270579987 vs. 3.475015270579987
list:
dist: 2.5710086040870794 vs. 2.5710086040870794
list:
dist: 1.8242502678106096 vs. 1.8242502678106096
list:
dist: 0.5000245198167375 vs. 0.5000245198167375
list:
dist: 0.8776656641909465 vs. 0.8776656641909465
list:
dist: 0.8361172258868572 vs. 0.8361172258868572
list:
dist: 0.7202662420295398 vs. 0.7202662420295398
list:
dist: 1.1912851467489551 vs. 1.1912851467489551
list:
dist: 1.6714188023357865 vs. 1.6714188023357865
list:
dist: 1.2580620714364228 vs. 1.2580620714364228
list:
dist: 4.238148646718009 vs. 4.238148646718009
list:
dist: 0.8501524882953699 vs. 0.8501524882953699
list:
dist: 2.4525467401834473 vs. 2.4525467401834473
list:
dist: 2.637877238564922 vs. 2.637877238564922
list:
dist: 1.6252273171978604 vs. 1.6252273171978604
list:
dist: 2.4182620298485267 vs. 2.4182620298485267
list:
dist: 2.829615319840506 vs. 2.829615319840506
list:
dist: 2.817934617815769 vs. 2.817934617815769
list:
dist: 2.2072023556262113 vs. 2.2072023556262113
list:
dist: 2.262888593119226 vs. 2.262888593119226
list:
dist: 3.1289941095838816 vs. 3.1289941095838816
list:
dist: 3.0724657376042526 vs. 3.0724657376042526
list:
dist: 2.6974878853192465 vs. 2.6974878853192465
list:
dist: 2.7067540623599444 vs. 2.7067540623599444
list:
dist: 3.1180958235486114 vs. 3.1180958235486114
list:
dist: 2.5965551484858245 vs. 2.5965551484858245
list:
dist: 1.2394143068605286 vs. 1.2394143068605286
list:
dist: 0.7202662420295398 vs. 0.7202662420295398
list:
dist: 0.847320837439369 vs. 0.847320837439369
list:
dist: 0.9484253211686143 vs. 0.9484253211686143
list:
dist: 0.8670278115631319 vs. 0.8670278115631319
list:
dist: 0.7656225240410822 vs. 0.7656225240410822
list:
dist: 1.161950487755744 vs. 1.161950487755744
list:
dist: 1.1552982523590192 vs. 1.1552982523590192
list:
dist: 3.588360162713425 vs. 3.588360162713425
list:
dist: 1.276215168424931 vs. 1.276215168424931
list:
dist: 2.76064845998454 vs. 2.76064845998454
list:
dist: 2.9957300280901644 vs. 2.9957300280901644
list:
dist: 1.4312093804029629 vs. 1.4312093804029629
list:
dist: 2.340892496135234 vs. 2.340892496135234
list:
dist: 2.8657221191333266 vs. 2.8657221191333266
list:
dist: 2.8623505012504804 vs. 2.8623505012504804
list:
dist: 2.2624456118858083 vs. 2.2624456118858083
list:
dist: 2.418004205098671 vs. 2.418004205098671
list:
dist: 3.060035207012592 vs. 3.060035207012592
list:
dist: 3.1957893956458108 vs. 3.1957893956458108
list:
dist: 2.90435661460921 vs. 2.90435661460921
list:
dist: 2.8811883143423125 vs. 2.8811883143423125
list:
dist: 3.086165655364339 vs. 3.086165655364339
list:
dist: 2.2200430022872086 vs. 2.2200430022872086
list:
dist: 2.0122395379756473 vs. 2.0122395379756473
list:
dist: 0.5000245198167375 vs. 0.5000245198167375
list:
dist: 1.332235465265493 vs. 1.332235465265493
list:
dist: 1.2619961999140599 vs. 1.2619961999140599
list:
dist: 0.847320837439369 vs. 0.847320837439369
list:
dist: 1.524575056245634 vs. 1.524575056245634
list:
dist: 1.6164356553439159 vs. 1.6164356553439159
list:
dist: 1.498900718050541 vs. 1.498900718050541
list:
dist: 4.183644761321582 vs. 4.183644761321582
list:
dist: 1.3359375632350872 vs. 1.3359375632350872
list:
dist: 1.366029647164847 vs. 1.366029647164847
list:
dist: 1.5192677684068625 vs. 1.5192677684068625
list:
dist: 1.1516892705636466 vs. 1.1516892705636466
list:
dist: 1.5531380073917433 vs. 1.5531380073917433
list:
dist: 1.8760598934257793 vs. 1.8760598934257793
list:
dist: 1.9562453583891637 vs. 1.9562453583891637
list:
dist: 1.5086265780711006 vs. 1.5086265780711006
list:
dist: 1.1986818380080022 vs. 1.1986818380080022
list:
dist: 2.1913587643762362 vs. 2.1913587643762362
list:
dist: 2.08067073664745 vs. 2.08067073664745
list:
dist: 1.6112375393809482 vs. 1.6112375393809482
list:
dist: 1.6011916586083896 vs. 1.6011916586083896
list:
dist: 2.41715670455301 vs. 2.41715670455301
list:
dist: 2.0764708895658575 vs. 2.0764708895658575
list:
dist: 0.9891358654377248 vs. 0.9891358654377248
list:
dist: 1.6714188023357865 vs. 1.6714188023357865
list:
dist: 1.6164356553439159 vs. 1.6164356553439159
list:
dist: 1.66889689916067 vs. 1.66889689916067
list:
dist: 1.536178150825357 vs. 1.536178150825357
list:
dist: 1.161950487755744 vs. 1.161950487755744
list:
dist: 1.539035276862467 vs. 1.539035276862467
list:
dist: 2.265156130176462 vs. 2.265156130176462
list:
dist: 3.5797764545765007 vs. 3.5797764545765007
list:
dist: 2.2427641438680253 vs. 2.2427641438680253
list:
dist: 1.9195646870258403 vs. 1.9195646870258403
list:
dist: 1.2271054527078353 vs. 1.2271054527078353
list:
dist: 2.468162573507215 vs. 2.468162573507215
list:
dist: 3.4046225241816606 vs. 3.4046225241816606
list:
dist: 2.2501596119444183 vs. 2.2501596119444183
list:
dist: 1.9048108382794733 vs. 1.9048108382794733
list:
dist: 1.5824246961493207 vs. 1.5824246961493207
list:
dist: 1.849879582038004 vs. 1.849879582038004
list:
dist: 2.1209110876105406 vs. 2.1209110876105406
list:
dist: 1.0135377569001103 vs. 1.0135377569001103
list:
dist: 0.6978608049928106 vs. 0.6978608049928106
list:
dist: 0.9685340116495581 vs. 0.9685340116495581
list:
dist: 1.1257071888499235 vs. 1.1257071888499235
list:
dist: 0.9480487492646255 vs. 0.9480487492646255
list:
dist: 2.466116951257949 vs. 2.466116951257949
list:
dist: 1.9623696573876817 vs. 1.9623696573876817
list:
dist: 2.842752239717409 vs. 2.842752239717409
list:
dist: 2.05478123200252 vs. 2.05478123200252
list:
dist: 1.6663333267620573 vs. 1.6663333267620573
list:
dist: 2.8541309819402914 vs. 2.8541309819402914
list:
dist: 2.817999213571943 vs. 2.817999213571943
list:
dist: 1.7435692269311245 vs. 1.7435692269311245
list:
dist: 1.7004965640432672 vs. 1.7004965640432672
list:
dist: 1.799500257750684 vs. 1.799500257750684
list:
dist: 1.3400400597396913 vs. 1.3400400597396913
list:
dist: 2.0940199582146946 vs. 2.0940199582146946
list:
dist: 1.919769025964002 vs. 1.919769025964002
list:
dist: 1.9441225999500564 vs. 1.9441225999500564
list:
dist: 2.7549805472943194 vs. 2.7549805472943194
list:
dist: 3.6644725115465815 vs. 3.6644725115465815
list:
dist: 4.212419390608422 vs. 4.212419390608422
list:
dist: 3.8265635721645173 vs. 3.8265635721645173
list:
dist: 4.561929463262013 vs. 4.561929463262013
list:
dist: 3.8982029986203104 vs. 3.8982029986203104
list:
dist: 4.791997264652401 vs. 4.791997264652401
list:
dist: 4.207645772542924 vs. 4.207645772542924
list:
dist: 1.7739236712543345 vs. 1.7739236712543345
list:
dist: 2.6732161116299817 vs. 2.6732161116299817
list:
dist: 2.617572157608382 vs. 2.617572157608382
list:
dist: 1.760393342703699 vs. 1.760393342703699
list:
dist: 3.3181526743948426 vs. 3.3181526743948426
list:
dist: 3.4461172681998478 vs. 3.4461172681998478
list:
dist: 3.750700264727407 vs. 3.750700264727407
list:
dist: 1.8930402903664936 vs. 1.8930402903664936
list:
dist: 4.40248627645782 vs. 4.40248627645782
list:
dist: 2.8213628048414043 vs. 2.8213628048414043
list:
dist: 3.4046225241816606 vs. 3.4046225241816606
list:
dist: 3.3575471655359075 vs. 3.3575471655359075
list:
dist: 2.824279553003279 vs. 2.824279553003279
list:
dist: 3.4415416282598517 vs. 3.4415416282598517
list:
dist: 2.2801215250711326 vs. 2.2801215250711326
list:
dist: 2.5300208706478724 vs. 2.5300208706478724
list:
dist: 2.640217245494043 vs. 2.640217245494043
list:
dist: 2.122614761630831 vs. 2.122614761630831
list:
dist: 1.9484401330537369 vs. 1.9484401330537369
list:
dist: 3.3935284911953465 vs. 3.3935284911953465
list:
dist: 1.864418717288418 vs. 1.864418717288418
list:
dist: 2.0620920594228607 vs. 2.0620920594228607
list:
dist: 2.9142938311006157 vs. 2.9142938311006157
list:
dist: 3.812890344178337 vs. 3.812890344178337
list:
dist: 1.902242437346313 vs. 1.902242437346313
list:
dist: 1.4492140805023759 vs. 1.4492140805023759
list:
dist: 2.617572157608382 vs. 2.617572157608382
list:
dist: 1.0296453968012989 vs. 1.0296453968012989
list:
dist: 3.4016866173121714 vs. 3.4016866173121714
list:
dist: 2.49163499411388 vs. 2.49163499411388
list:
dist: 2.1234037623340107 vs. 2.1234037623340107
list:
dist: 2.798501191328816 vs. 2.798501191328816
list:
dist: 3.258899268472824 vs. 3.258899268472824
list:
dist: 2.4342415101109767 vs. 2.4342415101109767
list:
dist: 2.468162573507215 vs. 2.468162573507215
list:
dist: 2.25608839599871 vs. 2.25608839599871
list:
dist: 2.1346851775280555 vs. 2.1346851775280555
list:
dist: 3.1702957923630253 vs. 3.1702957923630253
list:
dist: 3.5081270473563073 vs. 3.5081270473563073
list:
dist: 3.3417094215251475 vs. 3.3417094215251475
list:
dist: 3.762520687966388 vs. 3.762520687966388
list:
dist: 2.674861711285579 vs. 2.674861711285579
list:
dist: 2.4554089447212357 vs. 2.4554089447212357
list:
dist: 4.197221184574462 vs. 4.197221184574462
list:
dist: 3.3981381709749434 vs. 3.3981381709749434
list:
dist: 2.600099055487598 vs. 2.600099055487598
list:
dist: 2.9326114796201086 vs. 2.9326114796201086
list:
dist: 4.907747376590532 vs. 4.907747376590532
list:
dist: 1.1063938934369473 vs. 1.1063938934369473
list:
dist: 1.4492140805023759 vs. 1.4492140805023759
list:
dist: 2.6732161116299817 vs. 2.6732161116299817
list:
dist: 1.1598078896510697 vs. 1.1598078896510697
list:
dist: 2.0246563030379425 vs. 2.0246563030379425
list:
dist: 1.2245277753047705 vs. 1.2245277753047705
list:
dist: 1.2752813888528007 vs. 1.2752813888528007
list:
dist: 1.824988322450221 vs. 1.824988322450221
list:
dist: 2.1377899425309885 vs. 2.1377899425309885
list:
dist: 1.1561462328197865 vs. 1.1561462328197865
list:
dist: 1.2271054527078353 vs. 1.2271054527078353
list:
dist: 1.5615648114804583 vs. 1.5615648114804583
list:
dist: 1.4600053510360325 vs. 1.4600053510360325
list:
dist: 1.9531542042394947 vs. 1.9531542042394947
list:
dist: 2.667174943149919 vs. 2.667174943149919
list:
dist: 2.2743967419486273 vs. 2.2743967419486273
list:
dist: 3.1573360388716596 vs. 3.1573360388716596
list:
dist: 2.1561192547017547 vs. 2.1561192547017547
list:
dist: 1.6108813333586458 vs. 1.6108813333586458
list:
dist: 3.4557135823780936 vs. 3.4557135823780936
list:
dist: 2.824904671350108 vs. 2.824904671350108
list:
dist: 1.8254258084124022 vs. 1.8254258084124022
list:
dist: 2.240028926183996 vs. 2.240028926183996
list:
dist: 2.920254243308212 vs. 2.920254243308212
list:
dist: 2.1377899425309885 vs. 2.1377899425309885
list:
dist: 3.258899268472824 vs. 3.258899268472824
list:
dist: 4.40248627645782 vs. 4.40248627645782
list:
dist: 3.2161142108337857 vs. 3.2161142108337857
list:
dist: 2.4977359374958232 vs. 2.4977359374958232
list:
dist: 2.1880060894423994 vs. 2.1880060894423994
list:
dist: 2.3338317655311602 vs. 2.3338317655311602
list:
dist: 3.0446814385396825 vs. 3.0446814385396825
list:
dist: 1.6391231231447776 vs. 1.6391231231447776
list:
dist: 1.0135377569001103 vs. 1.0135377569001103
list:
dist: 1.4418294846676265 vs. 1.4418294846676265
list:
dist: 1.8532410925523741 vs. 1.8532410925523741
list:
dist: 1.3569596831836022 vs. 1.3569596831836022
list:
dist: 3.2076411037592973 vs. 3.2076411037592973
list:
dist: 2.689267050405414 vs. 2.689267050405414
list:
dist: 3.4643980362750755 vs. 3.4643980362750755
list:
dist: 2.838993560086404 vs. 2.838993560086404
list:
dist: 2.5887084293993707 vs. 2.5887084293993707
list:
dist: 3.255393459448837 vs. 3.255393459448837
list:
dist: 3.6234291932624743 vs. 3.6234291932624743
list:
dist: 2.604538747933394 vs. 2.604538747933394
list:
dist: 2.253650702532763 vs. 2.253650702532763
list:
dist: 2.1204948751234505 vs. 2.1204948751234505
list:
dist: 1.2599117911331617 vs. 1.2599117911331617
list:
dist: 2.2525421561747843 vs. 2.2525421561747843
list:
dist: 2.0310015992899326 vs. 2.0310015992899326
list:
dist: 1.6101169953587393 vs. 1.6101169953587393
list:
dist: 2.6618563429895503 vs. 2.6618563429895503
list:
dist: 1.6777727199033818 vs. 1.6777727199033818
list:
dist: 1.2245277753047705 vs. 1.2245277753047705
list:
dist: 2.49163499411388 vs. 2.49163499411388
list:
dist: 3.4461172681998478 vs. 3.4461172681998478
list:
dist: 2.1379764307738007 vs. 2.1379764307738007
list:
dist: 1.4003413035121504 vs. 1.4003413035121504
list:
dist: 0.878839337203506 vs. 0.878839337203506
list:
dist: 2.086278579824964 vs. 2.086278579824964
list:
dist: 2.1880060894423994 vs. 2.1880060894423994
list:
dist: 1.6035039086361733 vs. 1.6035039086361733
list:
dist: 1.5824246961493207 vs. 1.5824246961493207
list:
dist: 2.391401056648106 vs. 2.391401056648106
list:
dist: 2.40554396851125 vs. 2.40554396851125
list:
dist: 2.216708770233642 vs. 2.216708770233642
list:
dist: 3.1574188811284647 vs. 3.1574188811284647
list:
dist: 2.590336513229595 vs. 2.590336513229595
list:
dist: 3.8603180250794735 vs. 3.8603180250794735
list:
dist: 3.0452972882964815 vs. 3.0452972882964815
list:
dist: 2.3203927003025937 vs. 2.3203927003025937
list:
dist: 4.059053439201703 vs. 4.059053439201703
list:
dist: 3.4957847931058352 vs. 3.4957847931058352
list:
dist: 2.5749017882379164 vs. 2.5749017882379164
list:
dist: 3.0361827832165567 vs. 3.0361827832165567
list:
dist: 2.310790636362845 vs. 2.310790636362845
list:
dist: 2.1583023179901537 vs. 2.1583023179901537
list:
dist: 3.4595243556368467 vs. 3.4595243556368467
list:
dist: 2.8592877073144773 vs. 2.8592877073144773
list:
dist: 4.003947281805526 vs. 4.003947281805526
list:
dist: 4.73193681638097 vs. 4.73193681638097
list:
dist: 4.785868433170859 vs. 4.785868433170859
list:
dist: 5.3986240944916375 vs. 5.3986240944916375
list:
dist: 4.425101768527418 vs. 4.425101768527418
list:
dist: 5.200959236334989 vs. 5.200959236334989
list:
dist: 4.640120775401469 vs. 4.640120775401469
list:
dist: 0.9676605819715094 vs. 0.9676605819715094
list:
dist: 1.1598078896510697 vs. 1.1598078896510697
list:
dist: 1.0296453968012989 vs. 1.0296453968012989
list:
dist: 1.760393342703699 vs. 1.760393342703699
list:
dist: 2.696540452503824 vs. 2.696540452503824
list:
dist: 2.1379764307738007 vs. 2.1379764307738007
list:
dist: 2.1474464205684294 vs. 2.1474464205684294
list:
dist: 1.8535353676471131 vs. 1.8535353676471131
list:
dist: 3.2161142108337857 vs. 3.2161142108337857
list:
dist: 1.9378809260966305 vs. 1.9378809260966305
list:
dist: 2.2501596119444183 vs. 2.2501596119444183
list:
dist: 2.2645260901867634 vs. 2.2645260901867634
list:
dist: 1.9392857287447507 vs. 1.9392857287447507
list:
dist: 2.750019607796232 vs. 2.750019607796232
list:
dist: 2.704297795313196 vs. 2.704297795313196
list:
dist: 2.5583819662272957 vs. 2.5583819662272957
list:
dist: 3.130452403413792 vs. 3.130452403413792
list:
dist: 2.120252243901765 vs. 2.120252243901765
list:
dist: 1.709659299045938 vs. 1.709659299045938
list:
dist: 3.6541375338575093 vs. 3.6541375338575093
list:
dist: 2.603299160918667 vs. 2.603299160918667
list:
dist: 1.921514367053953 vs. 1.921514367053953
list:
dist: 2.5656497207833286 vs. 2.5656497207833286
list:
dist: 2.082671036426488 vs. 2.082671036426488
list:
dist: 1.2752813888528007 vs. 1.2752813888528007
list:
dist: 2.1234037623340107 vs. 2.1234037623340107
list:
dist: 3.750700264727407 vs. 3.750700264727407
list:
dist: 2.1474464205684294 vs. 2.1474464205684294
list:
dist: 2.2738417613919535 vs. 2.2738417613919535
list:
dist: 0.878839337203506 vs. 0.878839337203506
list:
dist: 2.7390455931668636 vs. 2.7390455931668636
list:
dist: 2.3338317655311602 vs. 2.3338317655311602
list:
dist: 2.075765850808306 vs. 2.075765850808306
list:
dist: 1.849879582038004 vs. 1.849879582038004
list:
dist: 2.42816693376274 vs. 2.42816693376274
list:
dist: 2.558060437195087 vs. 2.558060437195087
list:
dist: 2.704310189853083 vs. 2.704310189853083
list:
dist: 3.7620225467380135 vs. 3.7620225467380135
list:
dist: 3.250862537782189 vs. 3.250862537782189
list:
dist: 4.342296590099567 vs. 4.342296590099567
list:
dist: 3.3953797447700738 vs. 3.3953797447700738
list:
dist: 2.7886055362646784 vs. 2.7886055362646784
list:
dist: 4.550570454982562 vs. 4.550570454982562
list:
dist: 4.013201527514685 vs. 4.013201527514685
list:
dist: 3.019120795904851 vs. 3.019120795904851
list:
dist: 3.355402540481701 vs. 3.355402540481701
list:
dist: 3.060204013770682 vs. 3.060204013770682
list:
dist: 2.7274934898971352 vs. 2.7274934898971352
list:
dist: 3.917578668091615 vs. 3.917578668091615
list:
dist: 3.5024813906266625 vs. 3.5024813906266625
list:
dist: 1.4888756207113212 vs. 1.4888756207113212
list:
dist: 1.8254258084124022 vs. 1.8254258084124022
list:
dist: 2.600099055487598 vs. 2.600099055487598
list:
dist: 2.0620920594228607 vs. 2.0620920594228607
list:
dist: 1.921514367053953 vs. 1.921514367053953
list:
dist: 2.2468896209530573 vs. 2.2468896209530573
list:
dist: 2.5749017882379164 vs. 2.5749017882379164
list:
dist: 3.019120795904851 vs. 3.019120795904851
list:
dist: 1.2603517000441955 vs. 1.2603517000441955
list:
dist: 2.604538747933394 vs. 2.604538747933394
list:
dist: 1.155661643559073 vs. 1.155661643559073
list:
dist: 1.7435692269311245 vs. 1.7435692269311245
list:
dist: 1.7161561758143586 vs. 1.7161561758143586
list:
dist: 1.1777790548322105 vs. 1.1777790548322105
list:
dist: 1.465672717408219 vs. 1.465672717408219
list:
dist: 0.9743763115520093 vs. 0.9743763115520093
list:
dist: 0.9385577600967469 vs. 0.9385577600967469
list:
dist: 1.3457823984256272 vs. 1.3457823984256272
list:
dist: 0.5617898065772614 vs. 0.5617898065772614
list:
dist: 0.31393397911865367 vs. 0.31393397911865367
list:
dist: 1.770162087587104 vs. 1.770162087587104
list:
dist: 1.0998393184303215 vs. 1.0998393184303215
list:
dist: 1.0064006693341419 vs. 1.0064006693341419
list:
dist: 2.0013260322725714 vs. 2.0013260322725714
list:
dist: 2.305233040769979 vs. 2.305233040769979
list:
dist: 1.7969951526839871 vs. 1.7969951526839871
list:
dist: 2.0708650601311414 vs. 2.0708650601311414
list:
dist: 2.5108301469617436 vs. 2.5108301469617436
list:
dist: 2.6042324959613934 vs. 2.6042324959613934
list:
dist: 1.6101169953587393 vs. 1.6101169953587393
list:
dist: 2.209536311715561 vs. 2.209536311715561
list:
dist: 1.9441225999500564 vs. 1.9441225999500564
list:
dist: 1.6795044697064156 vs. 1.6795044697064156
list:
dist: 1.910546214813577 vs. 1.910546214813577
list:
dist: 1.5256387351176155 vs. 1.5256387351176155
list:
dist: 2.9001603451649633 vs. 2.9001603451649633
list:
dist: 2.6411250689512764 vs. 2.6411250689512764
list:
dist: 2.7152992669228753 vs. 2.7152992669228753
list:
dist: 2.480716276196804 vs. 2.480716276196804
list:
dist: 2.681273224473579 vs. 2.681273224473579
list:
dist: 2.2340101520245277 vs. 2.2340101520245277
list:
dist: 3.244474399615902 vs. 3.244474399615902
list:
dist: 2.5108301469617436 vs. 2.5108301469617436
list:
dist: 1.6659228925287877 vs. 1.6659228925287877
list:
dist: 1.9020842607959005 vs. 1.9020842607959005
list:
dist: 1.2340905221778835 vs. 1.2340905221778835
list:
dist: 1.8714134734414098 vs. 1.8714134734414098
list:
dist: 1.1503261696828755 vs. 1.1503261696828755
list:
dist: 1.9088562376917033 vs. 1.9088562376917033
list:
dist: 2.1561192547017547 vs. 2.1561192547017547
list:
dist: 2.674861711285579 vs. 2.674861711285579
list:
dist: 2.122614761630831 vs. 2.122614761630831
list:
dist: 2.120252243901765 vs. 2.120252243901765
list:
dist: 2.802207571176659 vs. 2.802207571176659
list:
dist: 3.0452972882964815 vs. 3.0452972882964815
list:
dist: 3.3953797447700738 vs. 3.3953797447700738
list:
dist: 1.7744425833438928 vs. 1.7744425833438928
list:
dist: 2.838993560086404 vs. 2.838993560086404
list:
dist: 1.5845248898388773 vs. 1.5845248898388773
list:
dist: 2.05478123200252 vs. 2.05478123200252
list:
dist: 1.7504852614032065 vs. 1.7504852614032065
list:
dist: 1.1949158272726879 vs. 1.1949158272726879
list:
dist: 1.7714598640537327 vs. 1.7714598640537327
list:
dist: 1.1882623764112037 vs. 1.1882623764112037
list:
dist: 1.3800429422255418 vs. 1.3800429422255418
list:
dist: 1.0983845112827335 vs. 1.0983845112827335
list:
dist: 0.8400408807309954 vs. 0.8400408807309954
list:
dist: 1.573550396161413 vs. 1.573550396161413
list:
dist: 1.0751804392299287 vs. 1.0751804392299287
list:
dist: 0.5617898065772614 vs. 0.5617898065772614
list:
dist: 0.8194717095092009 vs. 0.8194717095092009
list:
dist: 2.449376602158674 vs. 2.449376602158674
list:
dist: 2.678974364874789 vs. 2.678974364874789
list:
dist: 1.785582784033493 vs. 1.785582784033493
list:
dist: 2.377376078142545 vs. 2.377376078142545
list:
dist: 2.480716276196804 vs. 2.480716276196804
list:
dist: 2.452395253180867 vs. 2.452395253180867
list:
dist: 2.216734441972874 vs. 2.216734441972874
list:
dist: 1.9531542042394947 vs. 1.9531542042394947
list:
dist: 3.1702957923630253 vs. 3.1702957923630253
list:
dist: 3.4415416282598517 vs. 3.4415416282598517
list:
dist: 2.750019607796232 vs. 2.750019607796232
list:
dist: 1.879688191487686 vs. 1.879688191487686
list:
dist: 2.216708770233642 vs. 2.216708770233642
list:
dist: 2.704310189853083 vs. 2.704310189853083
list:
dist: 2.0030811273672255 vs. 2.0030811273672255
list:
dist: 1.3569596831836022 vs. 1.3569596831836022
list:
dist: 0.8521041869708283 vs. 0.8521041869708283
list:
dist: 0.9480487492646255 vs. 0.9480487492646255
list:
dist: 1.3761124838106806 vs. 1.3761124838106806
list:
dist: 1.320604665745596 vs. 1.320604665745596
list:
dist: 1.8763634628651598 vs. 1.8763634628651598
list:
dist: 1.3738052883051735 vs. 1.3738052883051735
list:
dist: 2.2189769181980785 vs. 2.2189769181980785
list:
dist: 1.7714598640537327 vs. 1.7714598640537327
list:
dist: 1.4972821905908849 vs. 1.4972821905908849
list:
dist: 2.0802326120475523 vs. 2.0802326120475523
list:
dist: 2.3533226329058867 vs. 2.3533226329058867
list:
dist: 1.465672717408219 vs. 1.465672717408219
list:
dist: 1.2930737504727636 vs. 1.2930737504727636
list:
dist: 1.1632700179719409 vs. 1.1632700179719409
list:
dist: 0.9350682040294631 vs. 0.9350682040294631
list:
dist: 1.2597261123158998 vs. 1.2597261123158998
list:
dist: 1.0415814935190788 vs. 1.0415814935190788
list:
dist: 1.5256387351176155 vs. 1.5256387351176155
list:
dist: 2.04495746121614 vs. 2.04495746121614
list:
dist: 1.1063938934369473 vs. 1.1063938934369473
list:
dist: 1.902242437346313 vs. 1.902242437346313
list:
dist: 1.7739236712543345 vs. 1.7739236712543345
list:
dist: 0.9676605819715094 vs. 0.9676605819715094
list:
dist: 1.8100713053347606 vs. 1.8100713053347606
list:
dist: 1.6777727199033818 vs. 1.6777727199033818
list:
dist: 2.082671036426488 vs. 2.082671036426488
list:
dist: 0.94933910156263 vs. 0.94933910156263
list:
dist: 2.920254243308212 vs. 2.920254243308212
list:
dist: 1.4071841531352662 vs. 1.4071841531352662
list:
dist: 1.9195646870258403 vs. 1.9195646870258403
list:
dist: 2.2607624500278303 vs. 2.2607624500278303
list:
dist: 1.8886478462121572 vs. 1.8886478462121572
list:
dist: 2.216734441972874 vs. 2.216734441972874
list:
dist: 2.080050380144412 vs. 2.080050380144412
list:
dist: 1.8078244756022026 vs. 1.8078244756022026
list:
dist: 2.754536683851031 vs. 2.754536683851031
list:
dist: 1.9088562376917033 vs. 1.9088562376917033
list:
dist: 1.1874328062435455 vs. 1.1874328062435455
list:
dist: 3.2365426463762343 vs. 3.2365426463762343
list:
dist: 2.161790996880707 vs. 2.161790996880707
list:
dist: 1.4888756207113212 vs. 1.4888756207113212
list:
dist: 2.3339975587839885 vs. 2.3339975587839885
list:
dist: 1.8078244756022026 vs. 1.8078244756022026
list:
dist: 2.2743967419486273 vs. 2.2743967419486273
list:
dist: 3.3417094215251475 vs. 3.3417094215251475
list:
dist: 2.5300208706478724 vs. 2.5300208706478724
list:
dist: 2.5583819662272957 vs. 2.5583819662272957
list:
dist: 1.7613416523604306 vs. 1.7613416523604306
list:
dist: 2.590336513229595 vs. 2.590336513229595
list:
dist: 3.250862537782189 vs. 3.250862537782189
list:
dist: 1.0937624513697517 vs. 1.0937624513697517
list:
dist: 2.689267050405414 vs. 2.689267050405414
list:
dist: 1.3306295372773147 vs. 1.3306295372773147
list:
dist: 1.9623696573876817 vs. 1.9623696573876817
list:
dist: 2.285665050623274 vs. 2.285665050623274
list:
dist: 1.872448907207547 vs. 1.872448907207547
list:
dist: 1.3738052883051735 vs. 1.3738052883051735
list:
dist: 0.6689698510061768 vs. 0.6689698510061768
list:
dist: 1.5063470048525331 vs. 1.5063470048525331
list:
dist: 1.3800429422255418 vs. 1.3800429422255418
list:
dist: 0.9320113851069988 vs. 0.9320113851069988
list:
dist: 1.7467056824674436 vs. 1.7467056824674436
list:
dist: 1.262987595379005 vs. 1.262987595379005
list:
dist: 0.9385577600967469 vs. 0.9385577600967469
list:
dist: 1.5479450390306992 vs. 1.5479450390306992
list:
dist: 1.3070176490268708 vs. 1.3070176490268708
list:
dist: 1.9430626096735082 vs. 1.9430626096735082
list:
dist: 1.7103113872541014 vs. 1.7103113872541014
list:
dist: 1.4955555917200567 vs. 1.4955555917200567
list:
dist: 2.6411250689512764 vs. 2.6411250689512764
list:
dist: 2.6262402431040455 vs. 2.6262402431040455
list:
dist: 2.080050380144412 vs. 2.080050380144412
list:
dist: 2.667174943149919 vs. 2.667174943149919
list:
dist: 3.5081270473563073 vs. 3.5081270473563073
list:
dist: 2.2801215250711326 vs. 2.2801215250711326
list:
dist: 2.704297795313196 vs. 2.704297795313196
list:
dist: 2.3836391997485715 vs. 2.3836391997485715
list:
dist: 3.1574188811284647 vs. 3.1574188811284647
list:
dist: 3.7620225467380135 vs. 3.7620225467380135
list:
dist: 1.385118403045121 vs. 1.385118403045121
list:
dist: 3.2076411037592973 vs. 3.2076411037592973
list:
dist: 1.836845378499707 vs. 1.836845378499707
list:
dist: 2.466116951257949 vs. 2.466116951257949
list:
dist: 2.57487225043098 vs. 2.57487225043098
list:
dist: 2.0820448439815222 vs. 2.0820448439815222
list:
dist: 1.8763634628651598 vs. 1.8763634628651598
list:
dist: 0.6689698510061768 vs. 0.6689698510061768
list:
dist: 0.9840949135672806 vs. 0.9840949135672806
list:
dist: 1.1882623764112037 vs. 1.1882623764112037
list:
dist: 1.0879393961306232 vs. 1.0879393961306232
list:
dist: 1.4452561905861745 vs. 1.4452561905861745
list:
dist: 0.6569031098555328 vs. 0.6569031098555328
list:
dist: 0.9743763115520093 vs. 0.9743763115520093
list:
dist: 1.5725338954980939 vs. 1.5725338954980939
list:
dist: 1.9259209317598054 vs. 1.9259209317598054
list:
dist: 2.548243566407997 vs. 2.548243566407997
list:
dist: 1.8353742781624578 vs. 1.8353742781624578
list:
dist: 1.9701239567633506 vs. 1.9701239567633506
list:
dist: 2.9001603451649633 vs. 2.9001603451649633
list:
dist: 2.6613220914401934 vs. 2.6613220914401934
list:
dist: 2.161790996880707 vs. 2.161790996880707
list:
dist: 2.824904671350108 vs. 2.824904671350108
list:
dist: 3.3981381709749434 vs. 3.3981381709749434
list:
dist: 1.864418717288418 vs. 1.864418717288418
list:
dist: 2.603299160918667 vs. 2.603299160918667
list:
dist: 2.881301286591361 vs. 2.881301286591361
list:
dist: 3.4957847931058352 vs. 3.4957847931058352
list:
dist: 4.013201527514685 vs. 4.013201527514685
list:
dist: 1.6324890140664288 vs. 1.6324890140664288
list:
dist: 3.6234291932624743 vs. 3.6234291932624743
list:
dist: 2.195295448871937 vs. 2.195295448871937
list:
dist: 2.817999213571943 vs. 2.817999213571943
list:
dist: 2.7534283221948943 vs. 2.7534283221948943
list:
dist: 2.2024788322353617 vs. 2.2024788322353617
list:
dist: 2.3533226329058867 vs. 2.3533226329058867
list:
dist: 0.6569031098555328 vs. 0.6569031098555328
list:
dist: 1.262987595379005 vs. 1.262987595379005
list:
dist: 0.8731104455225115 vs. 0.8731104455225115
list:
dist: 1.0751804392299287 vs. 1.0751804392299287
list:
dist: 1.2424219151109543 vs. 1.2424219151109543
list:
dist: 1.6062333028758862 vs. 1.6062333028758862
list:
dist: 1.0998393184303215 vs. 1.0998393184303215
list:
dist: 1.712952156928332 vs. 1.712952156928332
list:
dist: 2.557949610749272 vs. 2.557949610749272
list:
dist: 3.1164625649835123 vs. 3.1164625649835123
list:
dist: 2.22765271194318 vs. 2.22765271194318
list:
dist: 2.5838459374112643 vs. 2.5838459374112643
list:
dist: 3.244474399615902 vs. 3.244474399615902
list:
dist: 2.950783801582385 vs. 2.950783801582385
list:
dist: 2.2607624500278303 vs. 2.2607624500278303
list:
dist: 1.5615648114804583 vs. 1.5615648114804583
list:
dist: 2.25608839599871 vs. 2.25608839599871
list:
dist: 3.3575471655359075 vs. 3.3575471655359075
list:
dist: 2.2645260901867634 vs. 2.2645260901867634
list:
dist: 2.7729631650260864 vs. 2.7729631650260864
list:
dist: 2.391401056648106 vs. 2.391401056648106
list:
dist: 2.42816693376274 vs. 2.42816693376274
list:
dist: 2.5564121845918275 vs. 2.5564121845918275
list:
dist: 1.4418294846676265 vs. 1.4418294846676265
list:
dist: 1.2645292666376995 vs. 1.2645292666376995
list:
dist: 0.9685340116495581 vs. 0.9685340116495581
list:
dist: 0.5767702106318223 vs. 0.5767702106318223
list:
dist: 1.3761124838106806 vs. 1.3761124838106806
list:
dist: 2.57487225043098 vs. 2.57487225043098
list:
dist: 2.285665050623274 vs. 2.285665050623274
list:
dist: 2.6223513804144187 vs. 2.6223513804144187
list:
dist: 1.7504852614032065 vs. 1.7504852614032065
list:
dist: 1.7666894820911594 vs. 1.7666894820911594
list:
dist: 2.635267181295866 vs. 2.635267181295866
list:
dist: 2.7534283221948943 vs. 2.7534283221948943
list:
dist: 1.7161561758143586 vs. 1.7161561758143586
list:
dist: 1.289138237965931 vs. 1.289138237965931
list:
dist: 2.4952143425795095 vs. 2.4952143425795095
list:
dist: 2.0711010782258494 vs. 2.0711010782258494
list:
dist: 1.995067619837911 vs. 1.995067619837911
list:
dist: 2.3865362521820312 vs. 2.3865362521820312
list:
dist: 1.6795044697064156 vs. 1.6795044697064156
list:
dist: 2.449950071991005 vs. 2.449950071991005
list:
dist: 1.8886478462121572 vs. 1.8886478462121572
list:
dist: 1.4600053510360325 vs. 1.4600053510360325
list:
dist: 2.1346851775280555 vs. 2.1346851775280555
list:
dist: 2.824279553003279 vs. 2.824279553003279
list:
dist: 1.9392857287447507 vs. 1.9392857287447507
list:
dist: 2.6159346197431703 vs. 2.6159346197431703
list:
dist: 2.40554396851125 vs. 2.40554396851125
list:
dist: 2.558060437195087 vs. 2.558060437195087
list:
dist: 2.125091158198004 vs. 2.125091158198004
list:
dist: 1.8532410925523741 vs. 1.8532410925523741
list:
dist: 1.0637006629130858 vs. 1.0637006629130858
list:
dist: 1.1257071888499235 vs. 1.1257071888499235
list:
dist: 0.5767702106318223 vs. 0.5767702106318223
list:
dist: 1.320604665745596 vs. 1.320604665745596
list:
dist: 2.0820448439815222 vs. 2.0820448439815222
list:
dist: 1.872448907207547 vs. 1.872448907207547
list:
dist: 2.144305459310384 vs. 2.144305459310384
list:
dist: 1.1949158272726879 vs. 1.1949158272726879
list:
dist: 1.250242738630726 vs. 1.250242738630726
list:
dist: 2.2864457213597507 vs. 2.2864457213597507
list:
dist: 2.2024788322353617 vs. 2.2024788322353617
list:
dist: 1.1777790548322105 vs. 1.1777790548322105
list:
dist: 0.9135032589311183 vs. 0.9135032589311183
list:
dist: 2.362321186885973 vs. 2.362321186885973
list:
dist: 2.1650270824486153 vs. 2.1650270824486153
list:
dist: 1.855811324400948 vs. 1.855811324400948
list:
dist: 2.2991796172380052 vs. 2.2991796172380052
list:
dist: 1.910546214813577 vs. 1.910546214813577
list:
dist: 2.4351359758470354 vs. 2.4351359758470354
list:
dist: 0.94933910156263 vs. 0.94933910156263
list:
dist: 1.824988322450221 vs. 1.824988322450221
list:
dist: 2.798501191328816 vs. 2.798501191328816
list:
dist: 1.8930402903664936 vs. 1.8930402903664936
list:
dist: 1.8535353676471131 vs. 1.8535353676471131
list:
dist: 1.4785832580810057 vs. 1.4785832580810057
list:
dist: 2.086278579824964 vs. 2.086278579824964
list:
dist: 2.7390455931668636 vs. 2.7390455931668636
list:
dist: 3.0446814385396825 vs. 3.0446814385396825
list:
dist: 1.4469395192057155 vs. 1.4469395192057155
list:
dist: 2.1209110876105406 vs. 2.1209110876105406
list:
dist: 2.5564121845918275 vs. 2.5564121845918275
list:
dist: 2.125091158198004 vs. 2.125091158198004
list:
dist: 2.0030811273672255 vs. 2.0030811273672255
list:
dist: 1.385118403045121 vs. 1.385118403045121
list:
dist: 1.0937624513697517 vs. 1.0937624513697517
list:
dist: 2.2680099917699224 vs. 2.2680099917699224
list:
dist: 1.7744425833438928 vs. 1.7744425833438928
list:
dist: 0.9922825862674903 vs. 0.9922825862674903
list:
dist: 2.7268640624157623 vs. 2.7268640624157623
list:
dist: 1.6324890140664288 vs. 1.6324890140664288
list:
dist: 1.2603517000441955 vs. 1.2603517000441955
list:
dist: 2.2090513203005253 vs. 2.2090513203005253
list:
dist: 1.8924953336970736 vs. 1.8924953336970736
list:
dist: 2.461478242410533 vs. 2.461478242410533
list:
dist: 2.7076543274706317 vs. 2.7076543274706317
list:
dist: 2.374935110094723 vs. 2.374935110094723
list:
dist: 1.8100713053347606 vs. 1.8100713053347606
list:
dist: 2.0246563030379425 vs. 2.0246563030379425
list:
dist: 3.4016866173121714 vs. 3.4016866173121714
list:
dist: 3.3181526743948426 vs. 3.3181526743948426
list:
dist: 2.696540452503824 vs. 2.696540452503824
list:
dist: 1.4003413035121504 vs. 1.4003413035121504
list:
dist: 2.2738417613919535 vs. 2.2738417613919535
list:
dist: 1.4785832580810057 vs. 1.4785832580810057
list:
dist: 2.4977359374958232 vs. 2.4977359374958232
list:
dist: 1.556447388539744 vs. 1.556447388539744
list:
dist: 1.9048108382794733 vs. 1.9048108382794733
list:
dist: 2.7729631650260864 vs. 2.7729631650260864
list:
dist: 2.6159346197431703 vs. 2.6159346197431703
list:
dist: 1.879688191487686 vs. 1.879688191487686
list:
dist: 2.3836391997485715 vs. 2.3836391997485715
list:
dist: 1.7613416523604306 vs. 1.7613416523604306
list:
dist: 3.255099651817976 vs. 3.255099651817976
list:
dist: 2.802207571176659 vs. 2.802207571176659
list:
dist: 2.0173821436674944 vs. 2.0173821436674944
list:
dist: 3.4059808053211014 vs. 3.4059808053211014
list:
dist: 2.881301286591361 vs. 2.881301286591361
list:
dist: 2.2468896209530573 vs. 2.2468896209530573
list:
dist: 2.8345725527568124 vs. 2.8345725527568124
list:
dist: 1.2912357830686274 vs. 1.2912357830686274
list:
dist: 1.6993463669038402 vs. 1.6993463669038402
list:
dist: 2.9323644621921963 vs. 2.9323644621921963
list:
dist: 2.029280683015646 vs. 2.029280683015646
list:
dist: 1.1874328062435455 vs. 1.1874328062435455
list:
dist: 1.6108813333586458 vs. 1.6108813333586458
list:
dist: 2.4554089447212357 vs. 2.4554089447212357
list:
dist: 1.9484401330537369 vs. 1.9484401330537369
list:
dist: 1.709659299045938 vs. 1.709659299045938
list:
dist: 2.0173821436674944 vs. 2.0173821436674944
list:
dist: 2.3203927003025937 vs. 2.3203927003025937
list:
dist: 2.7886055362646784 vs. 2.7886055362646784
list:
dist: 0.9922825862674903 vs. 0.9922825862674903
list:
dist: 2.5887084293993707 vs. 2.5887084293993707
list:
dist: 1.026205156690711 vs. 1.026205156690711
list:
dist: 1.6663333267620573 vs. 1.6663333267620573
list:
dist: 1.7666894820911594 vs. 1.7666894820911594
list:
dist: 1.250242738630726 vs. 1.250242738630726
list:
dist: 1.4972821905908849 vs. 1.4972821905908849
list:
dist: 1.0879393961306232 vs. 1.0879393961306232
list:
dist: 0.9320113851069988 vs. 0.9320113851069988
list:
dist: 1.6197745939482646 vs. 1.6197745939482646
list:
dist: 0.8400408807309954 vs. 0.8400408807309954
list:
dist: 2.0533197302505046 vs. 2.0533197302505046
list:
dist: 1.2424219151109543 vs. 1.2424219151109543
list:
dist: 0.31393397911865367 vs. 0.31393397911865367
list:
dist: 1.2657788066696956 vs. 1.2657788066696956
list:
dist: 1.9438239994522437 vs. 1.9438239994522437
list:
dist: 2.2696223771494726 vs. 2.2696223771494726
list:
dist: 2.018509311808979 vs. 2.018509311808979
list:
dist: 2.126781804890716 vs. 2.126781804890716
list:
dist: 2.681273224473579 vs. 2.681273224473579
list:
dist: 2.85533532689173 vs. 2.85533532689173
list:
dist: 1.6993463669038402 vs. 1.6993463669038402
list:
dist: 2.1583023179901537 vs. 2.1583023179901537
list:
dist: 2.7274934898971352 vs. 2.7274934898971352
list:
dist: 2.461478242410533 vs. 2.461478242410533
list:
dist: 1.2599117911331617 vs. 1.2599117911331617
list:
dist: 1.4566715804459347 vs. 1.4566715804459347
list:
dist: 1.3400400597396913 vs. 1.3400400597396913
list:
dist: 2.0711010782258494 vs. 2.0711010782258494
list:
dist: 2.1650270824486153 vs. 2.1650270824486153
list:
dist: 0.9350682040294631 vs. 0.9350682040294631
list:
dist: 2.548243566407997 vs. 2.548243566407997
list:
dist: 1.9430626096735082 vs. 1.9430626096735082
list:
dist: 3.019388796566078 vs. 3.019388796566078
list:
dist: 2.678974364874789 vs. 2.678974364874789
list:
dist: 2.2696223771494726 vs. 2.2696223771494726
list:
dist: 2.7890811827649733 vs. 2.7890811827649733
list:
dist: 3.1164625649835123 vs. 3.1164625649835123
list:
dist: 2.305233040769979 vs. 2.305233040769979
list:
dist: 2.2167825368101344 vs. 2.2167825368101344
list:
dist: 0.9462534917522224 vs. 0.9462534917522224
list:
dist: 1.8638883800955786 vs. 1.8638883800955786
list:
dist: 0.9896713543976695 vs. 0.9896713543976695
list:
dist: 1.9020842607959005 vs. 1.9020842607959005
list:
dist: 2.5260176166698196 vs. 2.5260176166698196
list:
dist: 2.3339975587839885 vs. 2.3339975587839885
list:
dist: 2.240028926183996 vs. 2.240028926183996
list:
dist: 2.9326114796201086 vs. 2.9326114796201086
list:
dist: 2.9142938311006157 vs. 2.9142938311006157
list:
dist: 2.5656497207833286 vs. 2.5656497207833286
list:
dist: 2.8345725527568124 vs. 2.8345725527568124
list:
dist: 3.0361827832165567 vs. 3.0361827832165567
list:
dist: 3.355402540481701 vs. 3.355402540481701
list:
dist: 2.2090513203005253 vs. 2.2090513203005253
list:
dist: 2.253650702532763 vs. 2.253650702532763
list:
dist: 1.4542361612745573 vs. 1.4542361612745573
list:
dist: 1.7004965640432672 vs. 1.7004965640432672
list:
dist: 1.289138237965931 vs. 1.289138237965931
list:
dist: 0.9135032589311183 vs. 0.9135032589311183
list:
dist: 1.2930737504727636 vs. 1.2930737504727636
list:
dist: 1.5725338954980939 vs. 1.5725338954980939
list:
dist: 1.5479450390306992 vs. 1.5479450390306992
list:
dist: 1.3628957530451864 vs. 1.3628957530451864
list:
dist: 0.8194717095092009 vs. 0.8194717095092009
list:
dist: 1.2657788066696956 vs. 1.2657788066696956
list:
dist: 1.384079897193536 vs. 1.384079897193536
list:
dist: 1.712952156928332 vs. 1.712952156928332
list:
dist: 1.0064006693341419 vs. 1.0064006693341419
list:
dist: 2.219127585550428 vs. 2.219127585550428
list:
dist: 2.2167825368101344 vs. 2.2167825368101344
list:
dist: 1.1479426482080257 vs. 1.1479426482080257
list:
dist: 1.9497087350033862 vs. 1.9497087350033862
list:
dist: 1.6659228925287877 vs. 1.6659228925287877
list:
dist: 1.7470053754947215 vs. 1.7470053754947215
list:
dist: 1.4071841531352662 vs. 1.4071841531352662
list:
dist: 1.1561462328197865 vs. 1.1561462328197865
list:
dist: 2.4342415101109767 vs. 2.4342415101109767
list:
dist: 2.8213628048414043 vs. 2.8213628048414043
list:
dist: 1.9378809260966305 vs. 1.9378809260966305
list:
dist: 1.556447388539744 vs. 1.556447388539744
list:
dist: 1.6035039086361733 vs. 1.6035039086361733
list:
dist: 2.075765850808306 vs. 2.075765850808306
list:
dist: 1.4469395192057155 vs. 1.4469395192057155
list:
dist: 1.6391231231447776 vs. 1.6391231231447776
list:
dist: 0.6978608049928106 vs. 0.6978608049928106
list:
dist: 1.2645292666376995 vs. 1.2645292666376995
list:
dist: 1.0637006629130858 vs. 1.0637006629130858
list:
dist: 0.8521041869708283 vs. 0.8521041869708283
list:
dist: 1.836845378499707 vs. 1.836845378499707
list:
dist: 1.3306295372773147 vs. 1.3306295372773147
list:
dist: 2.3483543722798377 vs. 2.3483543722798377
list:
dist: 1.5845248898388773 vs. 1.5845248898388773
list:
dist: 1.026205156690711 vs. 1.026205156690711
list:
dist: 2.4884032122827353 vs. 2.4884032122827353
list:
dist: 2.195295448871937 vs. 2.195295448871937
list:
dist: 1.155661643559073 vs. 1.155661643559073
list:
dist: 1.4542361612745573 vs. 1.4542361612745573
list:
dist: 1.5031762149346506 vs. 1.5031762149346506
list:
dist: 1.4566715804459347 vs. 1.4566715804459347
list:
dist: 1.9449776020184784 vs. 1.9449776020184784
list:
dist: 1.739779801965208 vs. 1.739779801965208
list:
dist: 2.209536311715561 vs. 2.209536311715561
list:
dist: 2.7559812397479178 vs. 2.7559812397479178
list:
dist: 3.2365426463762343 vs. 3.2365426463762343
list:
dist: 3.4557135823780936 vs. 3.4557135823780936
list:
dist: 4.197221184574462 vs. 4.197221184574462
list:
dist: 3.3935284911953465 vs. 3.3935284911953465
list:
dist: 3.6541375338575093 vs. 3.6541375338575093
list:
dist: 3.4059808053211014 vs. 3.4059808053211014
list:
dist: 4.059053439201703 vs. 4.059053439201703
list:
dist: 4.550570454982562 vs. 4.550570454982562
list:
dist: 2.7268640624157623 vs. 2.7268640624157623
list:
dist: 3.255393459448837 vs. 3.255393459448837
list:
dist: 2.4884032122827353 vs. 2.4884032122827353
list:
dist: 2.8541309819402914 vs. 2.8541309819402914
list:
dist: 2.635267181295866 vs. 2.635267181295866
list:
dist: 2.2864457213597507 vs. 2.2864457213597507
list:
dist: 2.0802326120475523 vs. 2.0802326120475523
list:
dist: 1.4452561905861745 vs. 1.4452561905861745
list:
dist: 1.7467056824674436 vs. 1.7467056824674436
list:
dist: 0.7927172795474686 vs. 0.7927172795474686
list:
dist: 1.573550396161413 vs. 1.573550396161413
list:
dist: 2.0533197302505046 vs. 2.0533197302505046
list:
dist: 1.6062333028758862 vs. 1.6062333028758862
list:
dist: 1.770162087587104 vs. 1.770162087587104
list:
dist: 1.384079897193536 vs. 1.384079897193536
list:
dist: 2.473962855054371 vs. 2.473962855054371
list:
dist: 2.7890811827649733 vs. 2.7890811827649733
list:
dist: 1.110054704903428 vs. 1.110054704903428
list:
dist: 2.022964923573347 vs. 2.022964923573347
list:
dist: 2.2340101520245277 vs. 2.2340101520245277
list:
dist: 1.5105769151517168 vs. 1.5105769151517168
list:
dist: 1.2912357830686274 vs. 1.2912357830686274
list:
dist: 2.310790636362845 vs. 2.310790636362845
list:
dist: 3.060204013770682 vs. 3.060204013770682
list:
dist: 1.8924953336970736 vs. 1.8924953336970736
list:
dist: 2.1204948751234505 vs. 2.1204948751234505
list:
dist: 1.5031762149346506 vs. 1.5031762149346506
list:
dist: 1.799500257750684 vs. 1.799500257750684
list:
dist: 2.4952143425795095 vs. 2.4952143425795095
list:
dist: 2.362321186885973 vs. 2.362321186885973
list:
dist: 1.1632700179719409 vs. 1.1632700179719409
list:
dist: 1.9259209317598054 vs. 1.9259209317598054
list:
dist: 1.3070176490268708 vs. 1.3070176490268708
list:
dist: 2.593140057086764 vs. 2.593140057086764
list:
dist: 2.449376602158674 vs. 2.449376602158674
list:
dist: 1.9438239994522437 vs. 1.9438239994522437
list:
dist: 2.473962855054371 vs. 2.473962855054371
list:
dist: 2.557949610749272 vs. 2.557949610749272
list:
dist: 2.0013260322725714 vs. 2.0013260322725714
list:
dist: 2.219127585550428 vs. 2.219127585550428
list:
dist: 0.9462534917522224 vs. 0.9462534917522224
list:
dist: 1.8666626783467322 vs. 1.8666626783467322
list:
dist: 0.7640929051220284 vs. 0.7640929051220284
list:
dist: 2.029280683015646 vs. 2.029280683015646
list:
dist: 2.8592877073144773 vs. 2.8592877073144773
list:
dist: 3.5024813906266625 vs. 3.5024813906266625
list:
dist: 2.374935110094723 vs. 2.374935110094723
list:
dist: 2.0310015992899326 vs. 2.0310015992899326
list:
dist: 1.739779801965208 vs. 1.739779801965208
list:
dist: 1.919769025964002 vs. 1.919769025964002
list:
dist: 2.3865362521820312 vs. 2.3865362521820312
list:
dist: 2.2991796172380052 vs. 2.2991796172380052
list:
dist: 1.0415814935190788 vs. 1.0415814935190788
list:
dist: 1.9701239567633506 vs. 1.9701239567633506
list:
dist: 1.4955555917200567 vs. 1.4955555917200567
list:
dist: 2.358714552866358 vs. 2.358714552866358
list:
dist: 2.377376078142545 vs. 2.377376078142545
list:
dist: 2.126781804890716 vs. 2.126781804890716
list:
dist: 2.022964923573347 vs. 2.022964923573347
list:
dist: 2.5838459374112643 vs. 2.5838459374112643
list:
dist: 2.0708650601311414 vs. 2.0708650601311414
list:
dist: 1.9497087350033862 vs. 1.9497087350033862
list:
dist: 0.7640929051220284 vs. 0.7640929051220284
list:
dist: 0.9896713543976695 vs. 0.9896713543976695
list:
dist: 1.2560077006528556 vs. 1.2560077006528556
list:
dist: 1.8714134734414098 vs. 1.8714134734414098
list:
dist: 1.997577551415556 vs. 1.997577551415556
list:
dist: 2.754536683851031 vs. 2.754536683851031
list:
dist: 3.1573360388716596 vs. 3.1573360388716596
list:
dist: 3.762520687966388 vs. 3.762520687966388
list:
dist: 2.640217245494043 vs. 2.640217245494043
list:
dist: 3.130452403413792 vs. 3.130452403413792
list:
dist: 3.255099651817976 vs. 3.255099651817976
list:
dist: 3.8603180250794735 vs. 3.8603180250794735
list:
dist: 4.342296590099567 vs. 4.342296590099567
list:
dist: 2.2680099917699224 vs. 2.2680099917699224
list:
dist: 3.4643980362750755 vs. 3.4643980362750755
list:
dist: 2.3483543722798377 vs. 2.3483543722798377
list:
dist: 2.842752239717409 vs. 2.842752239717409
list:
dist: 2.6223513804144187 vs. 2.6223513804144187
list:
dist: 2.144305459310384 vs. 2.144305459310384
list:
dist: 2.2189769181980785 vs. 2.2189769181980785
list:
dist: 0.9840949135672806 vs. 0.9840949135672806
list:
dist: 1.5063470048525331 vs. 1.5063470048525331
list:
dist: 1.0983845112827335 vs. 1.0983845112827335
list:
dist: 1.6197745939482646 vs. 1.6197745939482646
list:
dist: 0.7927172795474686 vs. 0.7927172795474686
list:
dist: 0.8731104455225115 vs. 0.8731104455225115
list:
dist: 1.3457823984256272 vs. 1.3457823984256272
list:
dist: 1.3628957530451864 vs. 1.3628957530451864
list:
dist: 2.593140057086764 vs. 2.593140057086764
list:
dist: 3.019388796566078 vs. 3.019388796566078
list:
dist: 1.6485048346210405 vs. 1.6485048346210405
list:
dist: 2.358714552866358 vs. 2.358714552866358
list:
dist: 2.7152992669228753 vs. 2.7152992669228753
list:
dist: 2.20753813340348 vs. 2.20753813340348
list:
dist: 2.6618563429895503 vs. 2.6618563429895503
list:
dist: 2.7559812397479178 vs. 2.7559812397479178
list:
dist: 2.7549805472943194 vs. 2.7549805472943194
list:
dist: 2.449950071991005 vs. 2.449950071991005
list:
dist: 2.4351359758470354 vs. 2.4351359758470354
list:
dist: 2.04495746121614 vs. 2.04495746121614
list:
dist: 2.6613220914401934 vs. 2.6613220914401934
list:
dist: 2.6262402431040455 vs. 2.6262402431040455
list:
dist: 2.20753813340348 vs. 2.20753813340348
list:
dist: 2.452395253180867 vs. 2.452395253180867
list:
dist: 2.85533532689173 vs. 2.85533532689173
list:
dist: 1.5105769151517168 vs. 1.5105769151517168
list:
dist: 2.950783801582385 vs. 2.950783801582385
list:
dist: 2.6042324959613934 vs. 2.6042324959613934
list:
dist: 1.7470053754947215 vs. 1.7470053754947215
list:
dist: 2.5260176166698196 vs. 2.5260176166698196
list:
dist: 0.9288486164421732 vs. 0.9288486164421732
list:
dist: 1.997577551415556 vs. 1.997577551415556
list:
dist: 1.1503261696828755 vs. 1.1503261696828755
list:
dist: 2.9323644621921963 vs. 2.9323644621921963
list:
dist: 3.4595243556368467 vs. 3.4595243556368467
list:
dist: 3.917578668091615 vs. 3.917578668091615
list:
dist: 2.7076543274706317 vs. 2.7076543274706317
list:
dist: 2.2525421561747843 vs. 2.2525421561747843
list:
dist: 1.9449776020184784 vs. 1.9449776020184784
list:
dist: 2.0940199582146946 vs. 2.0940199582146946
list:
dist: 1.995067619837911 vs. 1.995067619837911
list:
dist: 1.855811324400948 vs. 1.855811324400948
list:
dist: 1.2597261123158998 vs. 1.2597261123158998
list:
dist: 1.8353742781624578 vs. 1.8353742781624578
list:
dist: 1.7103113872541014 vs. 1.7103113872541014
list:
dist: 1.6485048346210405 vs. 1.6485048346210405
list:
dist: 1.785582784033493 vs. 1.785582784033493
list:
dist: 2.018509311808979 vs. 2.018509311808979
list:
dist: 1.110054704903428 vs. 1.110054704903428
list:
dist: 2.22765271194318 vs. 2.22765271194318
list:
dist: 1.7969951526839871 vs. 1.7969951526839871
list:
dist: 1.1479426482080257 vs. 1.1479426482080257
list:
dist: 1.8666626783467322 vs. 1.8666626783467322
list:
dist: 1.8638883800955786 vs. 1.8638883800955786
list:
dist: 1.2560077006528556 vs. 1.2560077006528556
list:
dist: 1.2340905221778835 vs. 1.2340905221778835
list:
dist: 0.9288486164421732 vs. 0.9288486164421732
200
rk
<OccurredElementalReaction>
	 elmtlRkId: 0
	 p(id,type,coords) 14 1 0.6912852809205028 3.08113355404973 0.274502125165075
</OccurredElementalReaction>
300
Neighbor List consistency Check...
--------
nle(id0,id1,dist): 5 6 0.890222700580164
list:
dist: 0.890222700580164 vs. 0.890222700580164
--------
nle(id0,id1,dist): 4 29 3.809632975418036
list:
dist: 3.809632975418036 vs. 3.809632975418036
--------
nle(id0,id1,dist): 5 21 2.355185467697977
list:
dist: 2.355185467697977 vs. 2.355185467697977
--------
nle(id0,id1,dist): 5 20 2.8275605153170464
list:
dist: 2.8275605153170464 vs. 2.8275605153170464
--------
nle(id0,id1,dist): 5 22 2.5005223444346063
list:
dist: 2.5005223444346063 vs. 2.5005223444346063
--------
nle(id0,id1,dist): 5 17 2.409928251780227
list:
dist: 2.409928251780227 vs. 2.409928251780227
--------
nle(id0,id1,dist): 5 16 2.7187226117048944
list:
dist: 2.7187226117048944 vs. 2.7187226117048944
--------
nle(id0,id1,dist): 5 19 2.9187692424574982
list:
dist: 2.9187692424574982 vs. 2.9187692424574982
--------
nle(id0,id1,dist): 5 13 1.9951355414182586
list:
dist: 1.9951355414182586 vs. 1.9951355414182586
--------
nle(id0,id1,dist): 5 12 1.6335768513934827
list:
dist: 1.6335768513934827 vs. 1.6335768513934827
--------
nle(id0,id1,dist): 5 15 1.9653383264112583
list:
dist: 1.9653383264112583 vs. 1.9653383264112583
--------
nle(id0,id1,dist): 5 9 1.9436984723622874
list:
dist: 1.9436984723622874 vs. 1.9436984723622874
--------
nle(id0,id1,dist): 5 8 2.2193778492523664
list:
dist: 2.2193778492523664 vs. 2.2193778492523664
--------
nle(id0,id1,dist): 5 11 1.3707747487947908
list:
dist: 1.3707747487947908 vs. 1.3707747487947908
--------
nle(id0,id1,dist): 5 10 0.5894109953439196
list:
dist: 0.5894109953439196 vs. 0.5894109953439196
--------
nle(id0,id1,dist): 4 11 2.350457526660641
list:
dist: 2.350457526660641 vs. 2.350457526660641
--------
nle(id0,id1,dist): 4 12 2.9586817326631576
list:
dist: 2.9586817326631576 vs. 2.9586817326631576
--------
nle(id0,id1,dist): 4 9 1.2887581328624333
list:
dist: 1.2887581328624333 vs. 1.2887581328624333
--------
nle(id0,id1,dist): 4 10 1.5076987671111126
list:
dist: 1.5076987671111126 vs. 1.5076987671111126
--------
nle(id0,id1,dist): 4 8 2.308215755623317
list:
dist: 2.308215755623317 vs. 2.308215755623317
--------
nle(id0,id1,dist): 4 5 1.494240396562548
list:
dist: 1.494240396562548 vs. 1.494240396562548
--------
nle(id0,id1,dist): 4 6 1.537198181666173
list:
dist: 1.537198181666173 vs. 1.537198181666173
--------
nle(id0,id1,dist): 4 27 4.037750147480683
list:
dist: 4.037750147480683 vs. 4.037750147480683
--------
nle(id0,id1,dist): 4 26 2.706265031731701
list:
dist: 2.706265031731701 vs. 2.706265031731701
--------
nle(id0,id1,dist): 4 25 3.271932557133936
list:
dist: 3.271932557133936 vs. 3.271932557133936
--------
nle(id0,id1,dist): 4 24 3.0652182067546145
list:
dist: 3.0652182067546145 vs. 3.0652182067546145
--------
nle(id0,id1,dist): 4 23 3.7807749702456617
list:
dist: 3.7807749702456617 vs. 3.7807749702456617
--------
nle(id0,id1,dist): 4 22 2.1785076933071714
list:
dist: 2.1785076933071714 vs. 2.1785076933071714
--------
nle(id0,id1,dist): 4 21 2.7048472030235384
list:
dist: 2.7048472030235384 vs. 2.7048472030235384
--------
nle(id0,id1,dist): 4 20 3.1223738111705237
list:
dist: 3.1223738111705237 vs. 3.1223738111705237
--------
nle(id0,id1,dist): 4 19 1.96933556031287
list:
dist: 1.96933556031287 vs. 1.96933556031287
--------
nle(id0,id1,dist): 4 17 2.214176379492976
list:
dist: 2.214176379492976 vs. 2.214176379492976
--------
nle(id0,id1,dist): 4 16 2.270581212765142
list:
dist: 2.270581212765142 vs. 2.270581212765142
--------
nle(id0,id1,dist): 4 15 1.0395402031705578
list:
dist: 1.0395402031705578 vs. 1.0395402031705578
--------
nle(id0,id1,dist): 4 13 2.2233208368929995
list:
dist: 2.2233208368929995 vs. 2.2233208368929995
--------
nle(id0,id1,dist): 6 19 2.9639973379976987
list:
dist: 2.9639973379976987 vs. 2.9639973379976987
--------
nle(id0,id1,dist): 6 20 3.469626073912547
list:
dist: 3.469626073912547 vs. 3.469626073912547
--------
nle(id0,id1,dist): 6 21 3.065045805963701
list:
dist: 3.065045805963701 vs. 3.065045805963701
--------
nle(id0,id1,dist): 6 22 3.156580002320031
list:
dist: 3.156580002320031 vs. 3.156580002320031
--------
nle(id0,id1,dist): 6 24 3.8756589503221313
list:
dist: 3.8756589503221313 vs. 3.8756589503221313
--------
nle(id0,id1,dist): 6 25 3.556394701592898
list:
dist: 3.556394701592898 vs. 3.556394701592898
--------
nle(id0,id1,dist): 6 26 3.060848648097873
list:
dist: 3.060848648097873 vs. 3.060848648097873
--------
nle(id0,id1,dist): 5 26 2.925409421605606
list:
dist: 2.925409421605606 vs. 2.925409421605606
--------
nle(id0,id1,dist): 5 24 3.4247368545009977
list:
dist: 3.4247368545009977 vs. 3.4247368545009977
--------
nle(id0,id1,dist): 5 25 3.136767111868123
list:
dist: 3.136767111868123 vs. 3.136767111868123
--------
nle(id0,id1,dist): 6 13 2.818842231785778
list:
dist: 2.818842231785778 vs. 2.818842231785778
--------
nle(id0,id1,dist): 6 12 2.3673173725355343
list:
dist: 2.3673173725355343 vs. 2.3673173725355343
--------
nle(id0,id1,dist): 6 11 1.965549936714151
list:
dist: 1.965549936714151 vs. 1.965549936714151
--------
nle(id0,id1,dist): 6 17 3.080614894026617
list:
dist: 3.080614894026617 vs. 3.080614894026617
--------
nle(id0,id1,dist): 6 16 3.0927819494373265
list:
dist: 3.0927819494373265 vs. 3.0927819494373265
--------
nle(id0,id1,dist): 6 15 1.8781960957990642
list:
dist: 1.8781960957990642 vs. 1.8781960957990642
--------
nle(id0,id1,dist): 6 10 1.3952675128156125
list:
dist: 1.3952675128156125 vs. 1.3952675128156125
--------
nle(id0,id1,dist): 6 9 2.348078550629277
list:
dist: 2.348078550629277 vs. 2.348078550629277
--------
nle(id0,id1,dist): 6 8 2.7490986796114396
list:
dist: 2.7490986796114396 vs. 2.7490986796114396
--------
nle(id0,id1,dist): 8 13 1.8789463315255814
list:
dist: 1.8789463315255814 vs. 1.8789463315255814
--------
nle(id0,id1,dist): 8 16 0.9037318645999863
list:
dist: 0.9037318645999863 vs. 0.9037318645999863
--------
nle(id0,id1,dist): 8 15 1.946274972643539
list:
dist: 1.946274972643539 vs. 1.946274972643539
--------
nle(id0,id1,dist): 8 10 1.69538057676312
list:
dist: 1.69538057676312 vs. 1.69538057676312
--------
nle(id0,id1,dist): 8 9 1.2323955835772182
list:
dist: 1.2323955835772182 vs. 1.2323955835772182
--------
nle(id0,id1,dist): 8 12 2.3401314451614508
list:
dist: 2.3401314451614508 vs. 2.3401314451614508
--------
nle(id0,id1,dist): 8 11 1.3993608516357874
list:
dist: 1.3993608516357874 vs. 1.3993608516357874
--------
nle(id0,id1,dist): 8 22 1.393497233460084
list:
dist: 1.393497233460084 vs. 1.393497233460084
--------
nle(id0,id1,dist): 8 21 0.7853668720839013
list:
dist: 0.7853668720839013 vs. 0.7853668720839013
--------
nle(id0,id1,dist): 8 24 1.3090360672161359
list:
dist: 1.3090360672161359 vs. 1.3090360672161359
--------
nle(id0,id1,dist): 8 23 2.305097673585591
list:
dist: 2.305097673585591 vs. 2.305097673585591
--------
nle(id0,id1,dist): 8 18 1.9148735786912487
list:
dist: 1.9148735786912487 vs. 1.9148735786912487
--------
nle(id0,id1,dist): 8 17 1.1547946399504678
list:
dist: 1.1547946399504678 vs. 1.1547946399504678
--------
nle(id0,id1,dist): 8 20 0.8932947331291653
list:
dist: 0.8932947331291653 vs. 0.8932947331291653
--------
nle(id0,id1,dist): 8 19 1.9310062538677557
list:
dist: 1.9310062538677557 vs. 1.9310062538677557
--------
nle(id0,id1,dist): 8 29 2.2283855059300564
list:
dist: 2.2283855059300564 vs. 2.2283855059300564
--------
nle(id0,id1,dist): 8 25 1.0898833864703916
list:
dist: 1.0898833864703916 vs. 1.0898833864703916
--------
nle(id0,id1,dist): 8 26 1.4090829593562333
list:
dist: 1.4090829593562333 vs. 1.4090829593562333
--------
nle(id0,id1,dist): 8 27 2.0447834256586295
list:
dist: 2.0447834256586295 vs. 2.0447834256586295
--------
nle(id0,id1,dist): 8 28 2.316102297039427
list:
dist: 2.316102297039427 vs. 2.316102297039427
--------
nle(id0,id1,dist): 10 12 1.4575806752535705
list:
dist: 1.4575806752535705 vs. 1.4575806752535705
--------
nle(id0,id1,dist): 10 11 1.0288868310843362
list:
dist: 1.0288868310843362 vs. 1.0288868310843362
--------
nle(id0,id1,dist): 10 13 1.5162989644257012
list:
dist: 1.5162989644257012 vs. 1.5162989644257012
--------
nle(id0,id1,dist): 10 15 1.864863310254596
list:
dist: 1.864863310254596 vs. 1.864863310254596
--------
nle(id0,id1,dist): 10 16 2.254267327766367
list:
dist: 2.254267327766367 vs. 2.254267327766367
--------
nle(id0,id1,dist): 10 17 1.8527220621969054
list:
dist: 1.8527220621969054 vs. 1.8527220621969054
--------
nle(id0,id1,dist): 10 19 2.6518474742804
list:
dist: 2.6518474742804 vs. 2.6518474742804
--------
nle(id0,id1,dist): 10 20 2.2693360245434975
list:
dist: 2.2693360245434975 vs. 2.2693360245434975
--------
nle(id0,id1,dist): 10 21 1.777878604636808
list:
dist: 1.777878604636808 vs. 1.777878604636808
--------
nle(id0,id1,dist): 10 22 1.9669578611646779
list:
dist: 1.9669578611646779 vs. 1.9669578611646779
--------
nle(id0,id1,dist): 10 24 2.9070615986604444
list:
dist: 2.9070615986604444 vs. 2.9070615986604444
--------
nle(id0,id1,dist): 10 25 2.66513204518033
list:
dist: 2.66513204518033 vs. 2.66513204518033
--------
nle(id0,id1,dist): 10 26 2.5959720262871353
list:
dist: 2.5959720262871353 vs. 2.5959720262871353
--------
nle(id0,id1,dist): 9 11 1.9763064938915482
list:
dist: 1.9763064938915482 vs. 1.9763064938915482
--------
nle(id0,id1,dist): 9 10 1.5388141537011657
list:
dist: 1.5388141537011657 vs. 1.5388141537011657
--------
nle(id0,id1,dist): 9 15 1.169051899577379
list:
dist: 1.169051899577379 vs. 1.169051899577379
--------
nle(id0,id1,dist): 9 13 1.6994672281262897
list:
dist: 1.6994672281262897 vs. 1.6994672281262897
--------
nle(id0,id1,dist): 9 12 2.7865125827040877
list:
dist: 2.7865125827040877 vs. 2.7865125827040877
--------
nle(id0,id1,dist): 9 19 1.3708872837220971
list:
dist: 1.3708872837220971 vs. 1.3708872837220971
--------
nle(id0,id1,dist): 9 17 1.1036601063678495
list:
dist: 1.1036601063678495 vs. 1.1036601063678495
--------
nle(id0,id1,dist): 9 16 1.0698743591188615
list:
dist: 1.0698743591188615 vs. 1.0698743591188615
--------
nle(id0,id1,dist): 9 22 1.1174199576596073
list:
dist: 1.1174199576596073 vs. 1.1174199576596073
--------
nle(id0,id1,dist): 9 23 2.532949913637146
list:
dist: 2.532949913637146 vs. 2.532949913637146
--------
nle(id0,id1,dist): 9 20 2.0102932984135133
list:
dist: 2.0102932984135133 vs. 2.0102932984135133
--------
nle(id0,id1,dist): 9 21 1.6852164199706314
list:
dist: 1.6852164199706314 vs. 1.6852164199706314
--------
nle(id0,id1,dist): 9 26 1.8933153645240852
list:
dist: 1.8933153645240852 vs. 1.8933153645240852
--------
nle(id0,id1,dist): 9 27 2.8149344273621173
list:
dist: 2.8149344273621173 vs. 2.8149344273621173
--------
nle(id0,id1,dist): 9 24 1.8036698285279793
list:
dist: 1.8036698285279793 vs. 1.8036698285279793
--------
nle(id0,id1,dist): 9 25 2.1975536654225847
list:
dist: 2.1975536654225847 vs. 2.1975536654225847
--------
nle(id0,id1,dist): 9 29 2.5480045721579057
list:
dist: 2.5480045721579057 vs. 2.5480045721579057
--------
nle(id0,id1,dist): 12 20 2.4152919465105955
list:
dist: 2.4152919465105955 vs. 2.4152919465105955
--------
nle(id0,id1,dist): 12 19 3.8869391251404104
list:
dist: 3.8869391251404104 vs. 3.8869391251404104
--------
nle(id0,id1,dist): 12 18 3.3108948556113456
list:
dist: 3.3108948556113456 vs. 3.3108948556113456
--------
nle(id0,id1,dist): 12 17 2.613811722564823
list:
dist: 2.613811722564823 vs. 2.613811722564823
--------
nle(id0,id1,dist): 12 16 3.18269356351753
list:
dist: 3.18269356351753 vs. 3.18269356351753
--------
nle(id0,id1,dist): 12 15 3.2288007874714193
list:
dist: 3.2288007874714193 vs. 3.2288007874714193
--------
nle(id0,id1,dist): 12 13 2.0424688271940883
list:
dist: 2.0424688271940883 vs. 2.0424688271940883
--------
nle(id0,id1,dist): 11 26 2.242025789095084
list:
dist: 2.242025789095084 vs. 2.242025789095084
--------
nle(id0,id1,dist): 11 22 2.27799983020351
list:
dist: 2.27799983020351 vs. 2.27799983020351
--------
nle(id0,id1,dist): 11 25 2.041774566198455
list:
dist: 2.041774566198455 vs. 2.041774566198455
--------
nle(id0,id1,dist): 11 24 2.70210797584783
list:
dist: 2.70210797584783 vs. 2.70210797584783
--------
nle(id0,id1,dist): 11 19 2.855514118515597
list:
dist: 2.855514118515597 vs. 2.855514118515597
--------
nle(id0,id1,dist): 11 21 1.4333137656222403
list:
dist: 1.4333137656222403 vs. 1.4333137656222403
--------
nle(id0,id1,dist): 11 20 1.7519037474723647
list:
dist: 1.7519037474723647 vs. 1.7519037474723647
--------
nle(id0,id1,dist): 11 15 2.297258906069433
list:
dist: 2.297258906069433 vs. 2.297258906069433
--------
nle(id0,id1,dist): 11 17 2.0617014128695113
list:
dist: 2.0617014128695113 vs. 2.0617014128695113
--------
nle(id0,id1,dist): 11 16 2.2057567624425167
list:
dist: 2.2057567624425167 vs. 2.2057567624425167
--------
nle(id0,id1,dist): 11 13 1.9964776995720992
list:
dist: 1.9964776995720992 vs. 1.9964776995720992
--------
nle(id0,id1,dist): 11 12 1.1499125909404209
list:
dist: 1.1499125909404209 vs. 1.1499125909404209
--------
nle(id0,id1,dist): 13 41 3.979778574352491
list:
dist: 3.979778574352491 vs. 3.979778574352491
--------
nle(id0,id1,dist): 13 26 3.197200109311557
list:
dist: 3.197200109311557 vs. 3.197200109311557
--------
nle(id0,id1,dist): 13 24 2.6670077801189382
list:
dist: 2.6670077801189382 vs. 2.6670077801189382
--------
nle(id0,id1,dist): 13 25 2.8776729927879185
list:
dist: 2.8776729927879185 vs. 2.8776729927879185
--------
nle(id0,id1,dist): 13 28 2.828535923352382
list:
dist: 2.828535923352382 vs. 2.828535923352382
--------
nle(id0,id1,dist): 13 18 2.1211120374221597
list:
dist: 2.1211120374221597 vs. 2.1211120374221597
--------
nle(id0,id1,dist): 13 19 3.0571038598103635
list:
dist: 3.0571038598103635 vs. 3.0571038598103635
--------
nle(id0,id1,dist): 13 16 2.3211808722772354
list:
dist: 2.3211808722772354 vs. 2.3211808722772354
--------
nle(id0,id1,dist): 13 17 1.1246314142127782
list:
dist: 1.1246314142127782 vs. 1.1246314142127782
--------
nle(id0,id1,dist): 13 22 1.1310461358822128
list:
dist: 1.1310461358822128 vs. 1.1310461358822128
--------
nle(id0,id1,dist): 13 20 2.0572070729593808
list:
dist: 2.0572070729593808 vs. 2.0572070729593808
--------
nle(id0,id1,dist): 13 21 1.5041303574217242
list:
dist: 1.5041303574217242 vs. 1.5041303574217242
--------
nle(id0,id1,dist): 13 15 2.690132402513829
list:
dist: 2.690132402513829 vs. 2.690132402513829
--------
nle(id0,id1,dist): 12 21 2.0141777766475655
list:
dist: 2.0141777766475655 vs. 2.0141777766475655
--------
nle(id0,id1,dist): 12 22 2.7945740130267676
list:
dist: 2.7945740130267676 vs. 2.7945740130267676
--------
nle(id0,id1,dist): 12 24 3.594882784288158
list:
dist: 3.594882784288158 vs. 3.594882784288158
--------
nle(id0,id1,dist): 12 25 2.9953239401558576
list:
dist: 2.9953239401558576 vs. 2.9953239401558576
--------
nle(id0,id1,dist): 12 26 3.3788327573835435
list:
dist: 3.3788327573835435 vs. 3.3788327573835435
--------
nle(id0,id1,dist): 12 28 4.073031275361432
list:
dist: 4.073031275361432 vs. 4.073031275361432
--------
nle(id0,id1,dist): 15 29 3.498106306465803
list:
dist: 3.498106306465803 vs. 3.498106306465803
--------
nle(id0,id1,dist): 15 26 1.8265505881881956
list:
dist: 1.8265505881881956 vs. 1.8265505881881956
--------
nle(id0,id1,dist): 15 27 3.3767407992980387
list:
dist: 3.3767407992980387 vs. 3.3767407992980387
--------
nle(id0,id1,dist): 15 24 2.5280004477295903
list:
dist: 2.5280004477295903 vs. 2.5280004477295903
--------
nle(id0,id1,dist): 15 25 2.6644935159970116
list:
dist: 2.6644935159970116 vs. 2.6644935159970116
--------
nle(id0,id1,dist): 15 22 2.286413085417664
list:
dist: 2.286413085417664 vs. 2.286413085417664
--------
nle(id0,id1,dist): 15 23 3.4112484473366638
list:
dist: 3.4112484473366638 vs. 3.4112484473366638
--------
nle(id0,id1,dist): 15 21 2.589422523359781
list:
dist: 2.589422523359781 vs. 2.589422523359781
--------
nle(id0,id1,dist): 15 20 2.838220386993412
list:
dist: 2.838220386993412 vs. 2.838220386993412
--------
nle(id0,id1,dist): 15 19 1.1165226425146038
list:
dist: 1.1165226425146038 vs. 1.1165226425146038
--------
nle(id0,id1,dist): 15 17 2.257775575895284
list:
dist: 2.257775575895284 vs. 2.257775575895284
--------
nle(id0,id1,dist): 15 16 1.70155203762659
list:
dist: 1.70155203762659 vs. 1.70155203762659
--------
nle(id0,id1,dist): 17 18 1.4516478817410878
list:
dist: 1.4516478817410878 vs. 1.4516478817410878
--------
nle(id0,id1,dist): 17 19 2.2321841382599183
list:
dist: 2.2321841382599183 vs. 2.2321841382599183
--------
nle(id0,id1,dist): 17 22 0.26936503225303454
list:
dist: 0.26936503225303454 vs. 0.26936503225303454
--------
nle(id0,id1,dist): 17 23 2.0022797302994984
list:
dist: 2.0022797302994984 vs. 2.0022797302994984
--------
nle(id0,id1,dist): 17 20 1.4188739019594094
list:
dist: 1.4188739019594094 vs. 1.4188739019594094
--------
nle(id0,id1,dist): 17 21 1.0529515417519004
list:
dist: 1.0529515417519004 vs. 1.0529515417519004
--------
nle(id0,id1,dist): 17 26 2.3691250794486387
list:
dist: 2.3691250794486387 vs. 2.3691250794486387
--------
nle(id0,id1,dist): 17 27 2.538443181651992
list:
dist: 2.538443181651992 vs. 2.538443181651992
--------
nle(id0,id1,dist): 17 24 1.5691026082640878
list:
dist: 1.5691026082640878 vs. 1.5691026082640878
--------
nle(id0,id1,dist): 17 25 2.0651348882831715
list:
dist: 2.0651348882831715 vs. 2.0651348882831715
--------
nle(id0,id1,dist): 16 41 4.7071532595931265
list:
dist: 4.7071532595931265 vs. 4.7071532595931265
--------
nle(id0,id1,dist): 16 17 1.3163328483149692
list:
dist: 1.3163328483149692 vs. 1.3163328483149692
--------
nle(id0,id1,dist): 16 18 2.0838694850883783
list:
dist: 2.0838694850883783 vs. 2.0838694850883783
--------
nle(id0,id1,dist): 16 19 1.217854122005398
list:
dist: 1.217854122005398 vs. 1.217854122005398
--------
nle(id0,id1,dist): 16 20 1.5322139880685508
list:
dist: 1.5322139880685508 vs. 1.5322139880685508
--------
nle(id0,id1,dist): 16 21 1.5432016487695404
list:
dist: 1.5432016487695404 vs. 1.5432016487695404
--------
nle(id0,id1,dist): 16 22 1.4330585446558775
list:
dist: 1.4330585446558775 vs. 1.4330585446558775
--------
nle(id0,id1,dist): 16 23 1.83928891269098
list:
dist: 1.83928891269098 vs. 1.83928891269098
--------
nle(id0,id1,dist): 16 24 0.8340532786858079
list:
dist: 0.8340532786858079 vs. 0.8340532786858079
--------
nle(id0,id1,dist): 16 25 1.3693644955733737
list:
dist: 1.3693644955733737 vs. 1.3693644955733737
--------
nle(id0,id1,dist): 16 26 1.1897150435062354
list:
dist: 1.1897150435062354 vs. 1.1897150435062354
--------
nle(id0,id1,dist): 16 27 1.7726409714360516
list:
dist: 1.7726409714360516 vs. 1.7726409714360516
--------
nle(id0,id1,dist): 16 28 2.1797807792863724
list:
dist: 2.1797807792863724 vs. 2.1797807792863724
--------
nle(id0,id1,dist): 16 29 1.8985524859849774
list:
dist: 1.8985524859849774 vs. 1.8985524859849774
--------
nle(id0,id1,dist): 1 2 2.878966725574883
list:
dist: 2.878966725574883 vs. 2.878966725574883
--------
nle(id0,id1,dist): 1 3 2.8631536441659287
list:
dist: 2.8631536441659287 vs. 2.8631536441659287
--------
nle(id0,id1,dist): 1 4 1.9084100343808788
list:
dist: 1.9084100343808788 vs. 1.9084100343808788
--------
nle(id0,id1,dist): 1 5 1.7677781463561388
list:
dist: 1.7677781463561388 vs. 1.7677781463561388
--------
nle(id0,id1,dist): 1 6 0.973004218566992
list:
dist: 0.973004218566992 vs. 0.973004218566992
--------
nle(id0,id1,dist): 1 9 2.6690339982336515
list:
dist: 2.6690339982336515 vs. 2.6690339982336515
--------
nle(id0,id1,dist): 1 10 2.1379772859938972
list:
dist: 2.1379772859938972 vs. 2.1379772859938972
--------
nle(id0,id1,dist): 1 11 2.4593895800633607
list:
dist: 2.4593895800633607 vs. 2.4593895800633607
--------
nle(id0,id1,dist): 2 5 1.3623272494586303
list:
dist: 1.3623272494586303 vs. 1.3623272494586303
--------
nle(id0,id1,dist): 2 6 2.0205849043877158
list:
dist: 2.0205849043877158 vs. 2.0205849043877158
--------
nle(id0,id1,dist): 2 3 0.6472825231406932
list:
dist: 0.6472825231406932 vs. 0.6472825231406932
--------
nle(id0,id1,dist): 2 4 2.791393745686509
list:
dist: 2.791393745686509 vs. 2.791393745686509
--------
nle(id0,id1,dist): 1 15 1.800131520844498
list:
dist: 1.800131520844498 vs. 1.800131520844498
--------
nle(id0,id1,dist): 1 19 2.8134653601118087
list:
dist: 2.8134653601118087 vs. 2.8134653601118087
--------
nle(id0,id1,dist): 1 26 2.8868299947365297
list:
dist: 2.8868299947365297 vs. 2.8868299947365297
--------
nle(id0,id1,dist): 2 24 4.080382459885286
list:
dist: 4.080382459885286 vs. 4.080382459885286
--------
nle(id0,id1,dist): 2 25 3.585463790883018
list:
dist: 3.585463790883018 vs. 3.585463790883018
--------
nle(id0,id1,dist): 2 26 3.774316695493174
list:
dist: 3.774316695493174 vs. 3.774316695493174
--------
nle(id0,id1,dist): 2 12 0.7708602027209267
list:
dist: 0.7708602027209267 vs. 0.7708602027209267
--------
nle(id0,id1,dist): 2 11 1.5903399392743596
list:
dist: 1.5903399392743596 vs. 1.5903399392743596
--------
nle(id0,id1,dist): 2 13 2.2136295979534797
list:
dist: 2.2136295979534797 vs. 2.2136295979534797
--------
nle(id0,id1,dist): 2 8 2.8065723402936595
list:
dist: 2.8065723402936595 vs. 2.8065723402936595
--------
nle(id0,id1,dist): 2 10 1.447638404028096
list:
dist: 1.447638404028096 vs. 1.447638404028096
--------
nle(id0,id1,dist): 2 9 2.953916270622471
list:
dist: 2.953916270622471 vs. 2.953916270622471
--------
nle(id0,id1,dist): 2 20 3.0422941683216584
list:
dist: 3.0422941683216584 vs. 3.0422941683216584
--------
nle(id0,id1,dist): 2 19 4.077835240696975
list:
dist: 4.077835240696975 vs. 4.077835240696975
--------
nle(id0,id1,dist): 2 22 3.0855273017505107
list:
dist: 3.0855273017505107 vs. 3.0855273017505107
--------
nle(id0,id1,dist): 2 21 2.5772190980801737
list:
dist: 2.5772190980801737 vs. 2.5772190980801737
--------
nle(id0,id1,dist): 2 16 3.5581892974011624
list:
dist: 3.5581892974011624 vs. 3.5581892974011624
--------
nle(id0,id1,dist): 2 15 3.2530350884987524
list:
dist: 3.2530350884987524 vs. 3.2530350884987524
--------
nle(id0,id1,dist): 2 17 2.9539897297954782
list:
dist: 2.9539897297954782 vs. 2.9539897297954782
--------
nle(id0,id1,dist): 3 6 1.9189997785580675
list:
dist: 1.9189997785580675 vs. 1.9189997785580675
--------
nle(id0,id1,dist): 3 5 1.3183048569377074
list:
dist: 1.3183048569377074 vs. 1.3183048569377074
--------
nle(id0,id1,dist): 3 13 2.215937469422283
list:
dist: 2.215937469422283 vs. 2.215937469422283
--------
nle(id0,id1,dist): 3 12 1.3659655176037548
list:
dist: 1.3659655176037548 vs. 1.3659655176037548
--------
nle(id0,id1,dist): 3 11 2.026392866295855
list:
dist: 2.026392866295855 vs. 2.026392866295855
--------
nle(id0,id1,dist): 3 10 1.5342915709265468
list:
dist: 1.5342915709265468 vs. 1.5342915709265468
--------
nle(id0,id1,dist): 37 48 4.158801733663598
list:
dist: 4.158801733663598 vs. 4.158801733663598
--------
nle(id0,id1,dist): 37 49 3.1642261537172107
list:
dist: 3.1642261537172107 vs. 3.1642261537172107
--------
nle(id0,id1,dist): 37 50 3.9683738029623608
list:
dist: 3.9683738029623608 vs. 3.9683738029623608
--------
nle(id0,id1,dist): 37 51 3.878185357561997
list:
dist: 3.878185357561997 vs. 3.878185357561997
--------
nle(id0,id1,dist): 37 54 3.489616967634326
list:
dist: 3.489616967634326 vs. 3.489616967634326
--------
nle(id0,id1,dist): 37 55 2.967026476014598
list:
dist: 2.967026476014598 vs. 2.967026476014598
--------
nle(id0,id1,dist): 37 40 3.060602335518834
list:
dist: 3.060602335518834 vs. 3.060602335518834
--------
nle(id0,id1,dist): 37 41 1.8536295562061476
list:
dist: 1.8536295562061476 vs. 1.8536295562061476
--------
nle(id0,id1,dist): 37 42 2.472437968401516
list:
dist: 2.472437968401516 vs. 2.472437968401516
--------
nle(id0,id1,dist): 37 43 3.2137259280164514
list:
dist: 3.2137259280164514 vs. 3.2137259280164514
--------
nle(id0,id1,dist): 37 44 1.9687879893073301
list:
dist: 1.9687879893073301 vs. 1.9687879893073301
--------
nle(id0,id1,dist): 37 45 2.591438308456004
list:
dist: 2.591438308456004 vs. 2.591438308456004
--------
nle(id0,id1,dist): 37 46 2.899927551518395
list:
dist: 2.899927551518395 vs. 2.899927551518395
--------
nle(id0,id1,dist): 37 47 3.590263893278538
list:
dist: 3.590263893278538 vs. 3.590263893278538
--------
nle(id0,id1,dist): 37 39 1.644606256676326
list:
dist: 1.644606256676326 vs. 1.644606256676326
--------
nle(id0,id1,dist): 36 55 1.8219990766644314
list:
dist: 1.8219990766644314 vs. 1.8219990766644314
--------
nle(id0,id1,dist): 36 56 2.4586733959982974
list:
dist: 2.4586733959982974 vs. 2.4586733959982974
--------
nle(id0,id1,dist): 36 54 2.623308767303056
list:
dist: 2.623308767303056 vs. 2.623308767303056
--------
nle(id0,id1,dist): 36 59 2.636209124009967
list:
dist: 2.636209124009967 vs. 2.636209124009967
--------
nle(id0,id1,dist): 36 57 1.5957303824535558
list:
dist: 1.5957303824535558 vs. 1.5957303824535558
--------
nle(id0,id1,dist): 36 47 2.6416641356483233
list:
dist: 2.6416641356483233 vs. 2.6416641356483233
--------
nle(id0,id1,dist): 36 48 3.5402707569901564
list:
dist: 3.5402707569901564 vs. 3.5402707569901564
--------
nle(id0,id1,dist): 36 45 2.9195041986907255
list:
dist: 2.9195041986907255 vs. 2.9195041986907255
--------
nle(id0,id1,dist): 36 46 1.9493801423159223
list:
dist: 1.9493801423159223 vs. 1.9493801423159223
--------
nle(id0,id1,dist): 36 51 3.2323890947090272
list:
dist: 3.2323890947090272 vs. 3.2323890947090272
--------
nle(id0,id1,dist): 36 49 2.1380990076815802
list:
dist: 2.1380990076815802 vs. 2.1380990076815802
--------
nle(id0,id1,dist): 36 50 3.1672073282739905
list:
dist: 3.1672073282739905 vs. 3.1672073282739905
--------
nle(id0,id1,dist): 36 40 2.7475337098304573
list:
dist: 2.7475337098304573 vs. 2.7475337098304573
--------
nle(id0,id1,dist): 36 39 0.6507463152008266
list:
dist: 0.6507463152008266 vs. 0.6507463152008266
--------
nle(id0,id1,dist): 36 37 1.220340165342026
list:
dist: 1.220340165342026 vs. 1.220340165342026
--------
nle(id0,id1,dist): 36 44 1.5360274381425638
list:
dist: 1.5360274381425638 vs. 1.5360274381425638
--------
nle(id0,id1,dist): 36 43 2.7929116002397696
list:
dist: 2.7929116002397696 vs. 2.7929116002397696
--------
nle(id0,id1,dist): 36 42 1.7961123368561631
list:
dist: 1.7961123368561631 vs. 1.7961123368561631
--------
nle(id0,id1,dist): 36 41 2.3160246135543345
list:
dist: 2.3160246135543345 vs. 2.3160246135543345
--------
nle(id0,id1,dist): 35 45 2.040341378529056
list:
dist: 2.040341378529056 vs. 2.040341378529056
--------
nle(id0,id1,dist): 35 39 2.426935084798491
list:
dist: 2.426935084798491 vs. 2.426935084798491
--------
nle(id0,id1,dist): 35 41 2.2161435083757115
list:
dist: 2.2161435083757115 vs. 2.2161435083757115
--------
nle(id0,id1,dist): 35 40 2.601175514566051
list:
dist: 2.601175514566051 vs. 2.601175514566051
--------
nle(id0,id1,dist): 35 37 1.770109585304265
list:
dist: 1.770109585304265 vs. 1.770109585304265
--------
nle(id0,id1,dist): 35 36 2.0373022767655455
list:
dist: 2.0373022767655455 vs. 2.0373022767655455
--------
nle(id0,id1,dist): 34 59 2.7250228762986515
list:
dist: 2.7250228762986515 vs. 2.7250228762986515
--------
nle(id0,id1,dist): 34 57 1.7086327496901026
list:
dist: 1.7086327496901026 vs. 1.7086327496901026
--------
nle(id0,id1,dist): 34 55 2.343281775674228
list:
dist: 2.343281775674228 vs. 2.343281775674228
--------
nle(id0,id1,dist): 34 56 1.148369077625593
list:
dist: 1.148369077625593 vs. 1.148369077625593
--------
nle(id0,id1,dist): 34 54 2.552637164904953
list:
dist: 2.552637164904953 vs. 2.552637164904953
--------
nle(id0,id1,dist): 34 51 1.586723577260834
list:
dist: 1.586723577260834 vs. 1.586723577260834
--------
nle(id0,id1,dist): 34 50 2.6012979662908196
list:
dist: 2.6012979662908196 vs. 2.6012979662908196
--------
nle(id0,id1,dist): 34 49 2.5299592561946302
list:
dist: 2.5299592561946302 vs. 2.5299592561946302
--------
nle(id0,id1,dist): 34 48 1.802158981177448
list:
dist: 1.802158981177448 vs. 1.802158981177448
--------
nle(id0,id1,dist): 34 47 2.083703964137379
list:
dist: 2.083703964137379 vs. 2.083703964137379
--------
nle(id0,id1,dist): 33 84 3.6907909525824336
list:
dist: 3.6907909525824336 vs. 3.6907909525824336
--------
nle(id0,id1,dist): 34 46 3.376652297221164
list:
dist: 3.376652297221164 vs. 3.376652297221164
--------
nle(id0,id1,dist): 33 82 3.970533740934735
list:
dist: 3.970533740934735 vs. 3.970533740934735
--------
nle(id0,id1,dist): 34 45 1.248704669335131
list:
dist: 1.248704669335131 vs. 1.248704669335131
--------
nle(id0,id1,dist): 34 44 2.2342188704418553
list:
dist: 2.2342188704418553 vs. 2.2342188704418553
--------
nle(id0,id1,dist): 33 80 3.152624286330145
list:
dist: 3.152624286330145 vs. 3.152624286330145
--------
nle(id0,id1,dist): 34 43 1.3306470564358823
list:
dist: 1.3306470564358823 vs. 1.3306470564358823
--------
nle(id0,id1,dist): 34 42 1.4809118290245562
list:
dist: 1.4809118290245562 vs. 1.4809118290245562
--------
nle(id0,id1,dist): 34 41 1.4882498388425125
list:
dist: 1.4882498388425125 vs. 1.4882498388425125
--------
nle(id0,id1,dist): 33 77 3.995899762906407
list:
dist: 3.995899762906407 vs. 3.995899762906407
--------
nle(id0,id1,dist): 34 40 0.5465127858295329
list:
dist: 0.5465127858295329 vs. 0.5465127858295329
--------
nle(id0,id1,dist): 34 39 2.0618379874525323
list:
dist: 2.0618379874525323 vs. 2.0618379874525323
--------
nle(id0,id1,dist): 33 61 2.4442759418040545
list:
dist: 2.4442759418040545 vs. 2.4442759418040545
--------
nle(id0,id1,dist): 33 60 2.4944996308067293
list:
dist: 2.4944996308067293 vs. 2.4944996308067293
--------
nle(id0,id1,dist): 33 63 3.5677709124141943
list:
dist: 3.5677709124141943 vs. 3.5677709124141943
--------
nle(id0,id1,dist): 33 62 1.4135930497309086
list:
dist: 1.4135930497309086 vs. 1.4135930497309086
--------
nle(id0,id1,dist): 33 65 2.2178452587733397
list:
dist: 2.2178452587733397 vs. 2.2178452587733397
--------
nle(id0,id1,dist): 33 64 2.471379553436806
list:
dist: 2.471379553436806 vs. 2.471379553436806
--------
nle(id0,id1,dist): 33 66 2.932802770052741
list:
dist: 2.932802770052741 vs. 2.932802770052741
--------
nle(id0,id1,dist): 33 68 2.7059081966514746
list:
dist: 2.7059081966514746 vs. 2.7059081966514746
--------
nle(id0,id1,dist): 33 71 3.3017201502591917
list:
dist: 3.3017201502591917 vs. 3.3017201502591917
--------
nle(id0,id1,dist): 33 70 3.1347537132990513
list:
dist: 3.1347537132990513 vs. 3.1347537132990513
--------
nle(id0,id1,dist): 33 73 1.6621692464685958
list:
dist: 1.6621692464685958 vs. 1.6621692464685958
--------
nle(id0,id1,dist): 34 36 2.2929215346271925
list:
dist: 2.2929215346271925 vs. 2.2929215346271925
--------
nle(id0,id1,dist): 33 72 2.313985426675702
list:
dist: 2.313985426675702 vs. 2.313985426675702
--------
nle(id0,id1,dist): 34 35 2.1273786761144895
list:
dist: 2.1273786761144895 vs. 2.1273786761144895
--------
nle(id0,id1,dist): 33 75 3.9138458823336593
list:
dist: 3.9138458823336593 vs. 3.9138458823336593
--------
nle(id0,id1,dist): 33 74 3.1362063920549237
list:
dist: 3.1362063920549237 vs. 3.1362063920549237
--------
nle(id0,id1,dist): 34 37 2.5240844688574313
list:
dist: 2.5240844688574313 vs. 2.5240844688574313
--------
nle(id0,id1,dist): 33 53 1.9348603229665369
list:
dist: 1.9348603229665369 vs. 1.9348603229665369
--------
nle(id0,id1,dist): 32 51 2.2482758869288126
list:
dist: 2.2482758869288126 vs. 2.2482758869288126
--------
nle(id0,id1,dist): 32 49 3.100876024876381
list:
dist: 3.100876024876381 vs. 3.100876024876381
--------
nle(id0,id1,dist): 32 50 3.39707302284692
list:
dist: 3.39707302284692 vs. 3.39707302284692
--------
nle(id0,id1,dist): 32 55 2.7110474817882233
list:
dist: 2.7110474817882233 vs. 2.7110474817882233
--------
nle(id0,id1,dist): 32 56 1.940879870265145
list:
dist: 1.940879870265145 vs. 1.940879870265145
--------
nle(id0,id1,dist): 32 54 3.2640951763762667
list:
dist: 3.2640951763762667 vs. 3.2640951763762667
--------
nle(id0,id1,dist): 32 59 3.329545422866472
list:
dist: 3.329545422866472 vs. 3.329545422866472
--------
nle(id0,id1,dist): 32 57 2.2570991208860884
list:
dist: 2.2570991208860884 vs. 2.2570991208860884
--------
nle(id0,id1,dist): 32 37 2.2647454306833903
list:
dist: 2.2647454306833903 vs. 2.2647454306833903
--------
nle(id0,id1,dist): 32 40 1.281678457022219
list:
dist: 1.281678457022219 vs. 1.281678457022219
--------
nle(id0,id1,dist): 32 39 2.273045461548038
list:
dist: 2.273045461548038 vs. 2.273045461548038
--------
nle(id0,id1,dist): 32 34 0.8665721373463018
list:
dist: 0.8665721373463018 vs. 0.8665721373463018
--------
nle(id0,id1,dist): 32 36 2.255690683434038
list:
dist: 2.255690683434038 vs. 2.255690683434038
--------
nle(id0,id1,dist): 32 35 1.3621479158077157
list:
dist: 1.3621479158077157 vs. 1.3621479158077157
--------
nle(id0,id1,dist): 32 46 3.763037973619484
list:
dist: 3.763037973619484 vs. 3.763037973619484
--------
nle(id0,id1,dist): 32 45 1.0514970279697666
list:
dist: 1.0514970279697666 vs. 1.0514970279697666
--------
nle(id0,id1,dist): 32 48 2.4668005827862
list:
dist: 2.4668005827862 vs. 2.4668005827862
--------
nle(id0,id1,dist): 32 47 2.715365187810559
list:
dist: 2.715365187810559 vs. 2.715365187810559
--------
nle(id0,id1,dist): 32 42 2.127772656830638
list:
dist: 2.127772656830638 vs. 2.127772656830638
--------
nle(id0,id1,dist): 32 41 1.574117231797054
list:
dist: 1.574117231797054 vs. 1.574117231797054
--------
nle(id0,id1,dist): 32 44 2.668550817963834
list:
dist: 2.668550817963834 vs. 2.668550817963834
--------
nle(id0,id1,dist): 32 43 2.191510431299248
list:
dist: 2.191510431299248 vs. 2.191510431299248
--------
nle(id0,id1,dist): 31 59 2.731773125090768
list:
dist: 2.731773125090768 vs. 2.731773125090768
--------
nle(id0,id1,dist): 31 54 2.478798651103818
list:
dist: 2.478798651103818 vs. 2.478798651103818
--------
nle(id0,id1,dist): 31 55 2.1788889228497474
list:
dist: 2.1788889228497474 vs. 2.1788889228497474
--------
nle(id0,id1,dist): 31 56 1.6932768001766556
list:
dist: 1.6932768001766556 vs. 1.6932768001766556
--------
nle(id0,id1,dist): 31 57 1.4271581126785384
list:
dist: 1.4271581126785384 vs. 1.4271581126785384
--------
nle(id0,id1,dist): 31 45 1.6625697820553014
list:
dist: 1.6625697820553014 vs. 1.6625697820553014
--------
nle(id0,id1,dist): 31 44 1.4360753534498323
list:
dist: 1.4360753534498323 vs. 1.4360753534498323
--------
nle(id0,id1,dist): 31 43 1.820341678761825
list:
dist: 1.820341678761825 vs. 1.820341678761825
--------
nle(id0,id1,dist): 31 42 1.2886783994068842
list:
dist: 1.2886783994068842 vs. 1.2886783994068842
--------
nle(id0,id1,dist): 31 41 1.0996934088962893
list:
dist: 1.0996934088962893 vs. 1.0996934088962893
--------
nle(id0,id1,dist): 31 40 1.6470679142552163
list:
dist: 1.6470679142552163 vs. 1.6470679142552163
--------
nle(id0,id1,dist): 31 39 1.2300292392938659
list:
dist: 1.2300292392938659 vs. 1.2300292392938659
--------
nle(id0,id1,dist): 31 51 2.4801256106619145
list:
dist: 2.4801256106619145 vs. 2.4801256106619145
--------
nle(id0,id1,dist): 31 50 2.7952211553232806
list:
dist: 2.7952211553232806 vs. 2.7952211553232806
--------
nle(id0,id1,dist): 31 49 2.308525415127928
list:
dist: 2.308525415127928 vs. 2.308525415127928
--------
nle(id0,id1,dist): 31 48 2.7441341661062606
list:
dist: 2.7441341661062606 vs. 2.7441341661062606
--------
nle(id0,id1,dist): 31 47 2.404464088211652
list:
dist: 2.404464088211652 vs. 2.404464088211652
--------
nle(id0,id1,dist): 31 46 2.6878653727067428
list:
dist: 2.6878653727067428 vs. 2.6878653727067428
--------
nle(id0,id1,dist): 31 36 1.3483433075212419
list:
dist: 1.3483433075212419 vs. 1.3483433075212419
--------
nle(id0,id1,dist): 31 37 1.449170785759244
list:
dist: 1.449170785759244 vs. 1.449170785759244
--------
nle(id0,id1,dist): 31 34 1.1400436363596769
list:
dist: 1.1400436363596769 vs. 1.1400436363596769
--------
nle(id0,id1,dist): 31 35 1.796121855075804
list:
dist: 1.796121855075804 vs. 1.796121855075804
--------
nle(id0,id1,dist): 31 32 1.272328994754315
list:
dist: 1.272328994754315 vs. 1.272328994754315
--------
nle(id0,id1,dist): 43 59 2.1605892517114693
list:
dist: 2.1605892517114693 vs. 2.1605892517114693
--------
nle(id0,id1,dist): 43 58 2.127199847289294
list:
dist: 2.127199847289294 vs. 2.127199847289294
--------
nle(id0,id1,dist): 44 47 2.3788081613790606
list:
dist: 2.3788081613790606 vs. 2.3788081613790606
--------
nle(id0,id1,dist): 44 48 3.23504725431582
list:
dist: 3.23504725431582 vs. 3.23504725431582
--------
nle(id0,id1,dist): 44 45 2.919784903933916
list:
dist: 2.919784903933916 vs. 2.919784903933916
--------
nle(id0,id1,dist): 44 46 1.614804357454402
list:
dist: 1.614804357454402 vs. 1.614804357454402
--------
nle(id0,id1,dist): 44 51 2.9880631301328826
list:
dist: 2.9880631301328826 vs. 2.9880631301328826
--------
nle(id0,id1,dist): 44 52 3.2080168450812723
list:
dist: 3.2080168450812723 vs. 3.2080168450812723
--------
nle(id0,id1,dist): 44 49 1.6642579546110043
list:
dist: 1.6642579546110043 vs. 1.6642579546110043
--------
nle(id0,id1,dist): 44 50 2.2471970362953977
list:
dist: 2.2471970362953977 vs. 2.2471970362953977
--------
nle(id0,id1,dist): 43 50 1.5219303362603123
list:
dist: 1.5219303362603123 vs. 1.5219303362603123
--------
nle(id0,id1,dist): 43 51 1.4104451388707564
list:
dist: 1.4104451388707564 vs. 1.4104451388707564
--------
nle(id0,id1,dist): 43 52 2.1122876884018478
list:
dist: 2.1122876884018478 vs. 2.1122876884018478
--------
nle(id0,id1,dist): 43 54 1.6857796912946383
list:
dist: 1.6857796912946383 vs. 1.6857796912946383
--------
nle(id0,id1,dist): 43 55 2.3309070192031354
list:
dist: 2.3309070192031354 vs. 2.3309070192031354
--------
nle(id0,id1,dist): 43 56 0.738272456025238
list:
dist: 0.738272456025238 vs. 0.738272456025238
--------
nle(id0,id1,dist): 43 57 1.4874182256922706
list:
dist: 1.4874182256922706 vs. 1.4874182256922706
--------
nle(id0,id1,dist): 43 44 1.9803516760318713
list:
dist: 1.9803516760318713 vs. 1.9803516760318713
--------
nle(id0,id1,dist): 43 45 2.2523003551445333
list:
dist: 2.2523003551445333 vs. 2.2523003551445333
--------
nle(id0,id1,dist): 43 46 3.052374506409686
list:
dist: 3.052374506409686 vs. 3.052374506409686
--------
nle(id0,id1,dist): 43 47 1.661953911815231
list:
dist: 1.661953911815231 vs. 1.661953911815231
--------
nle(id0,id1,dist): 43 48 1.5320754915879826
list:
dist: 1.5320754915879826 vs. 1.5320754915879826
--------
nle(id0,id1,dist): 43 49 2.0276907236037234
list:
dist: 2.0276907236037234 vs. 2.0276907236037234
--------
nle(id0,id1,dist): 42 46 2.0232701378116476
list:
dist: 2.0232701378116476 vs. 2.0232701378116476
--------
nle(id0,id1,dist): 42 45 2.5273221601813027
list:
dist: 2.5273221601813027 vs. 2.5273221601813027
--------
nle(id0,id1,dist): 42 44 1.1157721314699445
list:
dist: 1.1157721314699445 vs. 1.1157721314699445
--------
nle(id0,id1,dist): 42 43 1.1162509194684256
list:
dist: 1.1162509194684256 vs. 1.1162509194684256
--------
nle(id0,id1,dist): 42 59 1.5792496596849845
list:
dist: 1.5792496596849845 vs. 1.5792496596849845
--------
nle(id0,id1,dist): 42 57 0.4259665123518531
list:
dist: 0.4259665123518531 vs. 0.4259665123518531
--------
nle(id0,id1,dist): 42 58 2.4906618388396984
list:
dist: 2.4906618388396984 vs. 2.4906618388396984
--------
nle(id0,id1,dist): 42 55 1.4660118661013082
list:
dist: 1.4660118661013082 vs. 1.4660118661013082
--------
nle(id0,id1,dist): 42 56 0.9237465316730505
list:
dist: 0.9237465316730505 vs. 0.9237465316730505
--------
nle(id0,id1,dist): 42 54 1.2039969818812446
list:
dist: 1.2039969818812446 vs. 1.2039969818812446
--------
nle(id0,id1,dist): 42 51 1.880337839151163
list:
dist: 1.880337839151163 vs. 1.880337839151163
--------
nle(id0,id1,dist): 42 52 2.3567952586382503
list:
dist: 2.3567952586382503 vs. 2.3567952586382503
--------
nle(id0,id1,dist): 42 49 1.1943285982965457
list:
dist: 1.1943285982965457 vs. 1.1943285982965457
--------
nle(id0,id1,dist): 42 50 1.5263790711451968
list:
dist: 1.5263790711451968 vs. 1.5263790711451968
--------
nle(id0,id1,dist): 42 47 1.3776404201517096
list:
dist: 1.3776404201517096 vs. 1.3776404201517096
--------
nle(id0,id1,dist): 42 48 2.1346540969535406
list:
dist: 2.1346540969535406 vs. 2.1346540969535406
--------
nle(id0,id1,dist): 41 49 3.185247663395703
list:
dist: 3.185247663395703 vs. 3.185247663395703
--------
nle(id0,id1,dist): 41 50 3.3485949522712453
list:
dist: 3.3485949522712453 vs. 3.3485949522712453
--------
nle(id0,id1,dist): 41 45 1.1636072113342932
list:
dist: 1.1636072113342932 vs. 1.1636072113342932
--------
nle(id0,id1,dist): 41 44 2.007556671056431
list:
dist: 2.007556671056431 vs. 2.007556671056431
--------
nle(id0,id1,dist): 41 46 3.539449379158634
list:
dist: 3.539449379158634 vs. 3.539449379158634
--------
nle(id0,id1,dist): 41 43 2.0566938462854494
list:
dist: 2.0566938462854494 vs. 2.0566938462854494
--------
nle(id0,id1,dist): 41 42 2.0296314142751584
list:
dist: 2.0296314142751584 vs. 2.0296314142751584
--------
nle(id0,id1,dist): 41 56 2.272100797573507
list:
dist: 2.272100797573507 vs. 2.272100797573507
--------
nle(id0,id1,dist): 41 57 2.320396286712381
list:
dist: 2.320396286712381 vs. 2.320396286712381
--------
nle(id0,id1,dist): 41 54 3.1602988401604017
list:
dist: 3.1602988401604017 vs. 3.1602988401604017
--------
nle(id0,id1,dist): 40 43 1.1536056023564187
list:
dist: 1.1536056023564187 vs. 1.1536056023564187
--------
nle(id0,id1,dist): 40 44 2.548444667309063
list:
dist: 2.548444667309063 vs. 2.548444667309063
--------
nle(id0,id1,dist): 40 41 1.9023376558931044
list:
dist: 1.9023376558931044 vs. 1.9023376558931044
--------
nle(id0,id1,dist): 40 42 1.641640751903536
list:
dist: 1.641640751903536 vs. 1.641640751903536
--------
nle(id0,id1,dist): 40 47 1.9516798802141326
list:
dist: 1.9516798802141326 vs. 1.9516798802141326
--------
nle(id0,id1,dist): 40 48 1.322657076061731
list:
dist: 1.322657076061731 vs. 1.322657076061731
--------
nle(id0,id1,dist): 40 45 1.5231514119120766
list:
dist: 1.5231514119120766 vs. 1.5231514119120766
--------
nle(id0,id1,dist): 40 46 3.617501325993379
list:
dist: 3.617501325993379 vs. 3.617501325993379
--------
nle(id0,id1,dist): 40 51 1.1602551007915753
list:
dist: 1.1602551007915753 vs. 1.1602551007915753
--------
nle(id0,id1,dist): 40 49 2.6029873215766366
list:
dist: 2.6029873215766366 vs. 2.6029873215766366
--------
nle(id0,id1,dist): 40 50 2.436323799831033
list:
dist: 2.436323799831033 vs. 2.436323799831033
--------
nle(id0,id1,dist): 40 55 2.4686135826183
list:
dist: 2.4686135826183 vs. 2.4686135826183
--------
nle(id0,id1,dist): 40 56 0.9956628979288156
list:
dist: 0.9956628979288156 vs. 0.9956628979288156
--------
nle(id0,id1,dist): 40 54 2.5289022889195243
list:
dist: 2.5289022889195243 vs. 2.5289022889195243
--------
nle(id0,id1,dist): 40 59 2.687438238707658
list:
dist: 2.687438238707658 vs. 2.687438238707658
--------
nle(id0,id1,dist): 40 57 1.8891663872445406
list:
dist: 1.8891663872445406 vs. 1.8891663872445406
--------
nle(id0,id1,dist): 39 46 1.5488968299150196
list:
dist: 1.5488968299150196 vs. 1.5488968299150196
--------
nle(id0,id1,dist): 39 47 2.123047541246513
list:
dist: 2.123047541246513 vs. 2.123047541246513
--------
nle(id0,id1,dist): 39 48 3.1139187626900138
list:
dist: 3.1139187626900138 vs. 3.1139187626900138
--------
nle(id0,id1,dist): 39 49 1.5392697115030314
list:
dist: 1.5392697115030314 vs. 1.5392697115030314
--------
nle(id0,id1,dist): 39 50 2.5305638217788955
list:
dist: 2.5305638217788955 vs. 2.5305638217788955
--------
nle(id0,id1,dist): 39 51 2.8145683717451755
list:
dist: 2.8145683717451755 vs. 2.8145683717451755
--------
nle(id0,id1,dist): 39 54 1.9789875976947213
list:
dist: 1.9789875976947213 vs. 1.9789875976947213
--------
nle(id0,id1,dist): 39 55 1.4179960286430207
list:
dist: 1.4179960286430207 vs. 1.4179960286430207
--------
nle(id0,id1,dist): 39 56 1.9717379196108475
list:
dist: 1.9717379196108475 vs. 1.9717379196108475
--------
nle(id0,id1,dist): 39 57 0.9893041201136963
list:
dist: 0.9893041201136963 vs. 0.9893041201136963
--------
nle(id0,id1,dist): 39 59 2.072274515488985
list:
dist: 2.072274515488985 vs. 2.072274515488985
--------
nle(id0,id1,dist): 38 53 2.1086504410467874
list:
dist: 2.1086504410467874 vs. 2.1086504410467874
--------
nle(id0,id1,dist): 38 65 3.4436475559153155
list:
dist: 3.4436475559153155 vs. 3.4436475559153155
--------
nle(id0,id1,dist): 38 62 2.921440391341936
list:
dist: 2.921440391341936 vs. 2.921440391341936
--------
nle(id0,id1,dist): 38 74 4.416372825755578
list:
dist: 4.416372825755578 vs. 4.416372825755578
--------
nle(id0,id1,dist): 38 68 3.3564658165957906
list:
dist: 3.3564658165957906 vs. 3.3564658165957906
--------
nle(id0,id1,dist): 39 45 2.8779064355759174
list:
dist: 2.8779064355759174 vs. 2.8779064355759174
--------
nle(id0,id1,dist): 39 44 1.047419769976592
list:
dist: 1.047419769976592 vs. 1.047419769976592
--------
nle(id0,id1,dist): 39 43 2.2819220481381546
list:
dist: 2.2819220481381546 vs. 2.2819220481381546
--------
nle(id0,id1,dist): 39 42 1.2126629219939875
list:
dist: 1.2126629219939875 vs. 1.2126629219939875
--------
nle(id0,id1,dist): 39 41 2.231930611717065
list:
dist: 2.231930611717065 vs. 2.231930611717065
--------
nle(id0,id1,dist): 38 77 5.090575351128529
list:
dist: 5.090575351128529 vs. 5.090575351128529
--------
nle(id0,id1,dist): 39 40 2.443005669296443
list:
dist: 2.443005669296443 vs. 2.443005669296443
--------
nle(id0,id1,dist): 38 75 4.57552293901129
list:
dist: 4.57552293901129 vs. 4.57552293901129
--------
nle(id0,id1,dist): 37 56 3.0870492979471718
list:
dist: 3.0870492979471718 vs. 3.0870492979471718
--------
nle(id0,id1,dist): 37 57 2.461822450408064
list:
dist: 2.461822450408064 vs. 2.461822450408064
--------
nle(id0,id1,dist): 37 59 3.694666022532644
list:
dist: 3.694666022532644 vs. 3.694666022532644
--------
nle(id0,id1,dist): 23 28 0.8542626367921857
list:
dist: 0.8542626367921857 vs. 0.8542626367921857
--------
nle(id0,id1,dist): 23 29 0.3506986471648374
list:
dist: 0.3506986471648374 vs. 0.3506986471648374
--------
nle(id0,id1,dist): 23 26 2.7324998901311526
list:
dist: 2.7324998901311526 vs. 2.7324998901311526
--------
nle(id0,id1,dist): 23 27 1.5629153332276895
list:
dist: 1.5629153332276895 vs. 1.5629153332276895
--------
nle(id0,id1,dist): 23 24 1.1691240710928668
list:
dist: 1.1691240710928668 vs. 1.1691240710928668
--------
nle(id0,id1,dist): 23 25 2.3147389288807885
list:
dist: 2.3147389288807885 vs. 2.3147389288807885
--------
nle(id0,id1,dist): 22 41 3.6363741415675412
list:
dist: 3.6363741415675412 vs. 3.6363741415675412
--------
nle(id0,id1,dist): 23 41 3.6698850290626317
list:
dist: 3.6698850290626317 vs. 3.6698850290626317
--------
nle(id0,id1,dist): 21 26 2.1538278197640466
list:
dist: 2.1538278197640466 vs. 2.1538278197640466
--------
nle(id0,id1,dist): 21 27 2.3149564605442725
list:
dist: 2.3149564605442725 vs. 2.3149564605442725
--------
nle(id0,id1,dist): 21 24 1.6712350263560647
list:
dist: 1.6712350263560647 vs. 1.6712350263560647
--------
nle(id0,id1,dist): 21 25 1.4585729954121691
list:
dist: 1.4585729954121691 vs. 1.4585729954121691
--------
nle(id0,id1,dist): 21 28 2.1195277143213014
list:
dist: 2.1195277143213014 vs. 2.1195277143213014
--------
nle(id0,id1,dist): 21 29 2.1992114617539973
list:
dist: 2.1992114617539973 vs. 2.1992114617539973
--------
nle(id0,id1,dist): 21 23 2.386412889987262
list:
dist: 2.386412889987262 vs. 2.386412889987262
--------
nle(id0,id1,dist): 21 22 1.3183225853802047
list:
dist: 1.3183225853802047 vs. 1.3183225853802047
--------
nle(id0,id1,dist): 22 27 2.688058897444084
list:
dist: 2.688058897444084 vs. 2.688058897444084
--------
nle(id0,id1,dist): 22 28 2.000784522960837
list:
dist: 2.000784522960837 vs. 2.000784522960837
--------
nle(id0,id1,dist): 22 29 1.894009354663504
list:
dist: 1.894009354663504 vs. 1.894009354663504
--------
nle(id0,id1,dist): 22 23 2.0022998450659095
list:
dist: 2.0022998450659095 vs. 2.0022998450659095
--------
nle(id0,id1,dist): 22 24 1.6880703060294064
list:
dist: 1.6880703060294064 vs. 1.6880703060294064
--------
nle(id0,id1,dist): 22 25 2.298516182066836
list:
dist: 2.298516182066836 vs. 2.298516182066836
--------
nle(id0,id1,dist): 22 26 2.5358592021386865
list:
dist: 2.5358592021386865 vs. 2.5358592021386865
--------
nle(id0,id1,dist): 19 24 1.8640522510523634
list:
dist: 1.8640522510523634 vs. 1.8640522510523634
--------
nle(id0,id1,dist): 19 25 2.345170482797133
list:
dist: 2.345170482797133 vs. 2.345170482797133
--------
nle(id0,id1,dist): 19 22 2.2470227951778896
list:
dist: 2.2470227951778896 vs. 2.2470227951778896
--------
nle(id0,id1,dist): 19 23 2.6559692536670503
list:
dist: 2.6559692536670503 vs. 2.6559692536670503
--------
nle(id0,id1,dist): 19 20 2.7118237222868995
list:
dist: 2.7118237222868995 vs. 2.7118237222868995
--------
nle(id0,id1,dist): 19 21 2.646756257324045
list:
dist: 2.646756257324045 vs. 2.646756257324045
--------
nle(id0,id1,dist): 19 29 2.8300946264483295
list:
dist: 2.8300946264483295 vs. 2.8300946264483295
--------
nle(id0,id1,dist): 19 26 1.4487157177155814
list:
dist: 1.4487157177155814 vs. 1.4487157177155814
--------
nle(id0,id1,dist): 19 27 2.6336902720139306
list:
dist: 2.6336902720139306 vs. 2.6336902720139306
--------
nle(id0,id1,dist): 20 29 1.9923606030772814
list:
dist: 1.9923606030772814 vs. 1.9923606030772814
--------
nle(id0,id1,dist): 20 25 1.036962631630078
list:
dist: 1.036962631630078 vs. 1.036962631630078
--------
nle(id0,id1,dist): 20 26 1.995271551163836
list:
dist: 1.995271551163836 vs. 1.995271551163836
--------
nle(id0,id1,dist): 20 27 1.8388298487633568
list:
dist: 1.8388298487633568 vs. 1.8388298487633568
--------
nle(id0,id1,dist): 20 28 1.8884242606610049
list:
dist: 1.8884242606610049 vs. 1.8884242606610049
--------
nle(id0,id1,dist): 20 21 0.5781840819134683
list:
dist: 0.5781840819134683 vs. 0.5781840819134683
--------
nle(id0,id1,dist): 20 22 1.6769359575408398
list:
dist: 1.6769359575408398 vs. 1.6769359575408398
--------
nle(id0,id1,dist): 20 23 2.17913709798006
list:
dist: 2.17913709798006 vs. 2.17913709798006
--------
nle(id0,id1,dist): 20 24 1.423621868409221
list:
dist: 1.423621868409221 vs. 1.423621868409221
--------
nle(id0,id1,dist): 18 22 1.5456855887064103
list:
dist: 1.5456855887064103 vs. 1.5456855887064103
--------
nle(id0,id1,dist): 18 21 1.4806537221097598
list:
dist: 1.4806537221097598 vs. 1.4806537221097598
--------
nle(id0,id1,dist): 18 20 1.3898129174918703
list:
dist: 1.3898129174918703 vs. 1.3898129174918703
--------
nle(id0,id1,dist): 17 28 1.9546876911759692
list:
dist: 1.9546876911759692 vs. 1.9546876911759692
--------
nle(id0,id1,dist): 17 29 1.8773691872162834
list:
dist: 1.8773691872162834 vs. 1.8773691872162834
--------
nle(id0,id1,dist): 17 41 3.8523349928782546
list:
dist: 3.8523349928782546 vs. 3.8523349928782546
--------
nle(id0,id1,dist): 18 41 3.651775393966971
list:
dist: 3.651775393966971 vs. 3.651775393966971
--------
nle(id0,id1,dist): 18 23 1.4999376758727143
list:
dist: 1.4999376758727143 vs. 1.4999376758727143
--------
nle(id0,id1,dist): 18 24 1.6493801811277011
list:
dist: 1.6493801811277011 vs. 1.6493801811277011
--------
nle(id0,id1,dist): 18 25 2.1591121991591713
list:
dist: 2.1591121991591713 vs. 2.1591121991591713
--------
nle(id0,id1,dist): 18 27 2.1194684155685377
list:
dist: 2.1194684155685377 vs. 2.1194684155685377
--------
nle(id0,id1,dist): 18 28 0.8490450636457006
list:
dist: 0.8490450636457006 vs. 0.8490450636457006
--------
nle(id0,id1,dist): 18 29 1.1728099262182052
list:
dist: 1.1728099262182052 vs. 1.1728099262182052
--------
nle(id0,id1,dist): 29 41 3.5907673921056524
list:
dist: 3.5907673921056524 vs. 3.5907673921056524
--------
nle(id0,id1,dist): 30 41 1.2780493989463881
list:
dist: 1.2780493989463881 vs. 1.2780493989463881
--------
nle(id0,id1,dist): 30 40 2.2454647756035566
list:
dist: 2.2454647756035566 vs. 2.2454647756035566
--------
nle(id0,id1,dist): 30 39 2.716616360097416
list:
dist: 2.716616360097416 vs. 2.716616360097416
--------
nle(id0,id1,dist): 30 37 1.914593738060053
list:
dist: 1.914593738060053 vs. 1.914593738060053
--------
nle(id0,id1,dist): 30 36 2.533145711643168
list:
dist: 2.533145711643168 vs. 2.533145711643168
--------
nle(id0,id1,dist): 30 35 1.3110049151759733
list:
dist: 1.3110049151759733 vs. 1.3110049151759733
--------
nle(id0,id1,dist): 30 34 1.791582698813229
list:
dist: 1.791582698813229 vs. 1.791582698813229
--------
nle(id0,id1,dist): 30 32 1.1917945831827923
list:
dist: 1.1917945831827923 vs. 1.1917945831827923
--------
nle(id0,id1,dist): 30 31 1.603476273956752
list:
dist: 1.603476273956752 vs. 1.603476273956752
--------
nle(id0,id1,dist): 30 45 1.0239636402084025
list:
dist: 1.0239636402084025 vs. 1.0239636402084025
--------
nle(id0,id1,dist): 28 29 0.5135869739898685
list:
dist: 0.5135869739898685 vs. 0.5135869739898685
--------
nle(id0,id1,dist): 28 41 3.5995468341759502
list:
dist: 3.5995468341759502 vs. 3.5995468341759502
--------
nle(id0,id1,dist): 26 27 1.9201215744101168
list:
dist: 1.9201215744101168 vs. 1.9201215744101168
--------
nle(id0,id1,dist): 26 29 2.814978920003366
list:
dist: 2.814978920003366 vs. 2.814978920003366
--------
nle(id0,id1,dist): 27 29 1.6112691707036073
list:
dist: 1.6112691707036073 vs. 1.6112691707036073
--------
nle(id0,id1,dist): 27 28 1.7594282257446463
list:
dist: 1.7594282257446463 vs. 1.7594282257446463
--------
nle(id0,id1,dist): 24 25 1.2628435216020857
list:
dist: 1.2628435216020857 vs. 1.2628435216020857
--------
nle(id0,id1,dist): 24 26 1.5918695336595092
list:
dist: 1.5918695336595092 vs. 1.5918695336595092
--------
nle(id0,id1,dist): 24 27 1.0684766222285935
list:
dist: 1.0684766222285935 vs. 1.0684766222285935
--------
nle(id0,id1,dist): 24 28 1.5061472884094516
list:
dist: 1.5061472884094516 vs. 1.5061472884094516
--------
nle(id0,id1,dist): 24 29 1.2231645986929247
list:
dist: 1.2231645986929247 vs. 1.2231645986929247
--------
nle(id0,id1,dist): 24 41 4.5136745157694955
list:
dist: 4.5136745157694955 vs. 4.5136745157694955
--------
nle(id0,id1,dist): 25 26 1.2143827966846241
list:
dist: 1.2143827966846241 vs. 1.2143827966846241
--------
nle(id0,id1,dist): 25 27 1.3249567270466043
list:
dist: 1.3249567270466043 vs. 1.3249567270466043
--------
nle(id0,id1,dist): 25 28 2.315769958593645
list:
dist: 2.315769958593645 vs. 2.315769958593645
--------
nle(id0,id1,dist): 25 29 2.261596804364188
list:
dist: 2.261596804364188 vs. 2.261596804364188
--------
nle(id0,id1,dist): 62 80 2.4179633930826534
list:
dist: 2.4179633930826534 vs. 2.4179633930826534
--------
nle(id0,id1,dist): 62 75 2.8051037552446165
list:
dist: 2.8051037552446165 vs. 2.8051037552446165
--------
nle(id0,id1,dist): 62 77 3.116841593354829
list:
dist: 3.116841593354829 vs. 3.116841593354829
--------
nle(id0,id1,dist): 62 78 3.156576668777718
list:
dist: 3.156576668777718 vs. 3.156576668777718
--------
nle(id0,id1,dist): 62 84 3.357218159923505
list:
dist: 3.357218159923505 vs. 3.357218159923505
--------
nle(id0,id1,dist): 62 64 1.207297741150774
list:
dist: 1.207297741150774 vs. 1.207297741150774
--------
nle(id0,id1,dist): 62 63 3.06095765557886
list:
dist: 3.06095765557886 vs. 3.06095765557886
--------
nle(id0,id1,dist): 62 66 1.9142561056759229
list:
dist: 1.9142561056759229 vs. 1.9142561056759229
--------
nle(id0,id1,dist): 62 65 0.9256037958355257
list:
dist: 0.9256037958355257 vs. 0.9256037958355257
--------
nle(id0,id1,dist): 62 72 1.4117254816420097
list:
dist: 1.4117254816420097 vs. 1.4117254816420097
--------
nle(id0,id1,dist): 62 71 2.801319862148731
list:
dist: 2.801319862148731 vs. 2.801319862148731
--------
nle(id0,id1,dist): 62 74 2.249391884109506
list:
dist: 2.249391884109506 vs. 2.249391884109506
--------
nle(id0,id1,dist): 62 73 0.5141603286281596
list:
dist: 0.5141603286281596 vs. 0.5141603286281596
--------
nle(id0,id1,dist): 62 68 1.3864798526251516
list:
dist: 1.3864798526251516 vs. 1.3864798526251516
--------
nle(id0,id1,dist): 62 70 2.4398446740784347
list:
dist: 2.4398446740784347 vs. 2.4398446740784347
--------
nle(id0,id1,dist): 62 69 2.789178562420075
list:
dist: 2.789178562420075 vs. 2.789178562420075
--------
nle(id0,id1,dist): 61 84 2.5651505359855165
list:
dist: 2.5651505359855165 vs. 2.5651505359855165
--------
nle(id0,id1,dist): 61 82 2.6075767888045847
list:
dist: 2.6075767888045847 vs. 2.6075767888045847
--------
nle(id0,id1,dist): 61 80 2.147795819106367
list:
dist: 2.147795819106367 vs. 2.147795819106367
--------
nle(id0,id1,dist): 61 71 1.7195867261189979
list:
dist: 1.7195867261189979 vs. 1.7195867261189979
--------
nle(id0,id1,dist): 61 70 2.4069095357534662
list:
dist: 2.4069095357534662 vs. 2.4069095357534662
--------
nle(id0,id1,dist): 61 69 2.4668725424770406
list:
dist: 2.4668725424770406 vs. 2.4668725424770406
--------
nle(id0,id1,dist): 61 66 2.174161149447822
list:
dist: 2.174161149447822 vs. 2.174161149447822
--------
nle(id0,id1,dist): 61 64 2.2141695531201293
list:
dist: 2.2141695531201293 vs. 2.2141695531201293
--------
nle(id0,id1,dist): 61 73 2.040113477837472
list:
dist: 2.040113477837472 vs. 2.040113477837472
--------
nle(id0,id1,dist): 61 72 2.3727423004916575
list:
dist: 2.3727423004916575 vs. 2.3727423004916575
--------
nle(id0,id1,dist): 64 65 0.2899760600532126
list:
dist: 0.2899760600532126 vs. 0.2899760600532126
--------
nle(id0,id1,dist): 64 66 1.1090657258382675
list:
dist: 1.1090657258382675 vs. 1.1090657258382675
--------
nle(id0,id1,dist): 64 68 0.5628357465718531
list:
dist: 0.5628357465718531 vs. 0.5628357465718531
--------
nle(id0,id1,dist): 64 69 1.870723456497382
list:
dist: 1.870723456497382 vs. 1.870723456497382
--------
nle(id0,id1,dist): 64 70 2.0035813168165344
list:
dist: 2.0035813168165344 vs. 2.0035813168165344
--------
nle(id0,id1,dist): 64 71 2.2372647022420864
list:
dist: 2.2372647022420864 vs. 2.2372647022420864
--------
nle(id0,id1,dist): 64 72 1.2999422619871224
list:
dist: 1.2999422619871224 vs. 1.2999422619871224
--------
nle(id0,id1,dist): 64 73 0.8411205543934085
list:
dist: 0.8411205543934085 vs. 0.8411205543934085
--------
nle(id0,id1,dist): 64 74 1.9644124518273434
list:
dist: 1.9644124518273434 vs. 1.9644124518273434
--------
nle(id0,id1,dist): 64 75 2.246802602154904
list:
dist: 2.246802602154904 vs. 2.246802602154904
--------
nle(id0,id1,dist): 64 77 2.700366062724194
list:
dist: 2.700366062724194 vs. 2.700366062724194
--------
nle(id0,id1,dist): 64 78 2.628344207684125
list:
dist: 2.628344207684125 vs. 2.628344207684125
--------
nle(id0,id1,dist): 64 80 1.834922727712941
list:
dist: 1.834922727712941 vs. 1.834922727712941
--------
nle(id0,id1,dist): 63 87 2.0964040088658766
list:
dist: 2.0964040088658766 vs. 2.0964040088658766
--------
nle(id0,id1,dist): 63 86 3.243503726384753
list:
dist: 3.243503726384753 vs. 3.243503726384753
--------
nle(id0,id1,dist): 63 89 3.8337295920094503
list:
dist: 3.8337295920094503 vs. 3.8337295920094503
--------
nle(id0,id1,dist): 63 88 3.5252809519021655
list:
dist: 3.5252809519021655 vs. 3.5252809519021655
--------
nle(id0,id1,dist): 63 72 2.032457568053871
list:
dist: 2.032457568053871 vs. 2.032457568053871
--------
nle(id0,id1,dist): 63 73 2.5684648453460817
list:
dist: 2.5684648453460817 vs. 2.5684648453460817
--------
nle(id0,id1,dist): 63 70 1.1786283535940598
list:
dist: 1.1786283535940598 vs. 1.1786283535940598
--------
nle(id0,id1,dist): 63 71 0.2732168865987852
list:
dist: 0.2732168865987852 vs. 0.2732168865987852
--------
nle(id0,id1,dist): 63 76 3.300745180733505
list:
dist: 3.300745180733505 vs. 3.300745180733505
--------
nle(id0,id1,dist): 63 77 2.352059586712699
list:
dist: 2.352059586712699 vs. 2.352059586712699
--------
nle(id0,id1,dist): 63 74 2.103235929027909
list:
dist: 2.103235929027909 vs. 2.103235929027909
--------
nle(id0,id1,dist): 63 75 2.5909221154609168
list:
dist: 2.5909221154609168 vs. 2.5909221154609168
--------
nle(id0,id1,dist): 63 80 0.9146795422163786
list:
dist: 0.9146795422163786 vs. 0.9146795422163786
--------
nle(id0,id1,dist): 63 81 2.631071946236674
list:
dist: 2.631071946236674 vs. 2.631071946236674
--------
nle(id0,id1,dist): 63 78 3.289159038756472
list:
dist: 3.289159038756472 vs. 3.289159038756472
--------
nle(id0,id1,dist): 63 79 3.3009740984567766
list:
dist: 3.3009740984567766 vs. 3.3009740984567766
--------
nle(id0,id1,dist): 63 84 1.0087043791873265
list:
dist: 1.0087043791873265 vs. 1.0087043791873265
--------
nle(id0,id1,dist): 63 85 1.9519788130806994
list:
dist: 1.9519788130806994 vs. 1.9519788130806994
--------
nle(id0,id1,dist): 63 82 1.334270282883931
list:
dist: 1.334270282883931 vs. 1.334270282883931
--------
nle(id0,id1,dist): 63 83 1.6614131592715125
list:
dist: 1.6614131592715125 vs. 1.6614131592715125
--------
nle(id0,id1,dist): 63 65 2.5394611314182916
list:
dist: 2.5394611314182916 vs. 2.5394611314182916
--------
nle(id0,id1,dist): 63 64 2.458524827470366
list:
dist: 2.458524827470366 vs. 2.458524827470366
--------
nle(id0,id1,dist): 63 69 1.1692766696336359
list:
dist: 1.1692766696336359 vs. 1.1692766696336359
--------
nle(id0,id1,dist): 63 68 2.975379416170955
list:
dist: 2.975379416170955 vs. 2.975379416170955
--------
nle(id0,id1,dist): 63 67 3.2206457307036547
list:
dist: 3.2206457307036547 vs. 3.2206457307036547
--------
nle(id0,id1,dist): 63 66 1.5333191338739096
list:
dist: 1.5333191338739096 vs. 1.5333191338739096
--------
nle(id0,id1,dist): 58 59 2.000671700844675
list:
dist: 2.000671700844675 vs. 2.000671700844675
--------
nle(id0,id1,dist): 61 63 1.9344752038024653
list:
dist: 1.9344752038024653 vs. 1.9344752038024653
--------
nle(id0,id1,dist): 60 86 3.757952210134349
list:
dist: 3.757952210134349 vs. 3.757952210134349
--------
nle(id0,id1,dist): 60 85 2.2245881461649946
list:
dist: 2.2245881461649946 vs. 2.2245881461649946
--------
nle(id0,id1,dist): 60 88 3.656625543801987
list:
dist: 3.656625543801987 vs. 3.656625543801987
--------
nle(id0,id1,dist): 60 87 2.5127772626881697
list:
dist: 2.5127772626881697 vs. 2.5127772626881697
--------
nle(id0,id1,dist): 60 89 3.842698656590777
list:
dist: 3.842698656590777 vs. 3.842698656590777
--------
nle(id0,id1,dist): 60 77 2.3379119159579425
list:
dist: 2.3379119159579425 vs. 2.3379119159579425
--------
nle(id0,id1,dist): 60 78 3.2394860390939724
list:
dist: 3.2394860390939724 vs. 3.2394860390939724
--------
nle(id0,id1,dist): 60 79 3.623758075639895
list:
dist: 3.623758075639895 vs. 3.623758075639895
--------
nle(id0,id1,dist): 60 80 0.9772967948767954
list:
dist: 0.9772967948767954 vs. 0.9772967948767954
--------
nle(id0,id1,dist): 60 81 2.6593870807510567
list:
dist: 2.6593870807510567 vs. 2.6593870807510567
--------
nle(id0,id1,dist): 60 82 1.6561205094660907
list:
dist: 1.6561205094660907 vs. 1.6561205094660907
--------
nle(id0,id1,dist): 60 83 2.4364542682722403
list:
dist: 2.4364542682722403 vs. 2.4364542682722403
--------
nle(id0,id1,dist): 60 84 1.277170169705081
list:
dist: 1.277170169705081 vs. 1.277170169705081
--------
nle(id0,id1,dist): 60 69 1.7057047818512672
list:
dist: 1.7057047818512672 vs. 1.7057047818512672
--------
nle(id0,id1,dist): 60 70 1.034401678756417
list:
dist: 1.034401678756417 vs. 1.034401678756417
--------
nle(id0,id1,dist): 60 71 0.9107108412703058
list:
dist: 0.9107108412703058 vs. 0.9107108412703058
--------
nle(id0,id1,dist): 60 72 1.3356466791828672
list:
dist: 1.3356466791828672 vs. 1.3356466791828672
--------
nle(id0,id1,dist): 60 73 1.7849623039796063
list:
dist: 1.7849623039796063 vs. 1.7849623039796063
--------
nle(id0,id1,dist): 60 74 1.7470432007712962
list:
dist: 1.7470432007712962 vs. 1.7470432007712962
--------
nle(id0,id1,dist): 60 75 2.5515985488421413
list:
dist: 2.5515985488421413 vs. 2.5515985488421413
--------
nle(id0,id1,dist): 60 76 3.588409162663839
list:
dist: 3.588409162663839 vs. 3.588409162663839
--------
nle(id0,id1,dist): 60 64 2.042322303720465
list:
dist: 2.042322303720465 vs. 2.042322303720465
--------
nle(id0,id1,dist): 60 63 1.140572214279014
list:
dist: 1.140572214279014 vs. 1.140572214279014
--------
nle(id0,id1,dist): 60 62 2.2024478232379483
list:
dist: 2.2024478232379483 vs. 2.2024478232379483
--------
nle(id0,id1,dist): 60 61 1.548199709292038
list:
dist: 1.548199709292038 vs. 1.548199709292038
--------
nle(id0,id1,dist): 60 68 2.600802930900615
list:
dist: 2.600802930900615 vs. 2.600802930900615
--------
nle(id0,id1,dist): 60 67 3.894692975041437
list:
dist: 3.894692975041437 vs. 3.894692975041437
--------
nle(id0,id1,dist): 60 66 1.392222579147807
list:
dist: 1.392222579147807 vs. 1.392222579147807
--------
nle(id0,id1,dist): 60 65 1.992236508805558
list:
dist: 1.992236508805558 vs. 1.992236508805558
--------
nle(id0,id1,dist): 69 71 1.1572908995678723
list:
dist: 1.1572908995678723 vs. 1.1572908995678723
--------
nle(id0,id1,dist): 69 70 1.117030103930359
list:
dist: 1.117030103930359 vs. 1.117030103930359
--------
nle(id0,id1,dist): 69 78 2.360559403063369
list:
dist: 2.360559403063369 vs. 2.360559403063369
--------
nle(id0,id1,dist): 69 79 2.592749584821427
list:
dist: 2.592749584821427 vs. 2.592749584821427
--------
nle(id0,id1,dist): 69 76 2.849153353420566
list:
dist: 2.849153353420566 vs. 2.849153353420566
--------
nle(id0,id1,dist): 69 77 1.8389018540734123
list:
dist: 1.8389018540734123 vs. 1.8389018540734123
--------
nle(id0,id1,dist): 69 74 1.6424076122520166
list:
dist: 1.6424076122520166 vs. 1.6424076122520166
--------
nle(id0,id1,dist): 69 75 1.7467618164597984
list:
dist: 1.7467618164597984 vs. 1.7467618164597984
--------
nle(id0,id1,dist): 69 72 1.7215470742008578
list:
dist: 1.7215470742008578 vs. 1.7215470742008578
--------
nle(id0,id1,dist): 69 73 2.298597520096918
list:
dist: 2.298597520096918 vs. 2.298597520096918
--------
nle(id0,id1,dist): 69 86 3.1636088426268434
list:
dist: 3.1636088426268434 vs. 3.1636088426268434
--------
nle(id0,id1,dist): 69 87 1.8218657281059647
list:
dist: 1.8218657281059647 vs. 1.8218657281059647
--------
nle(id0,id1,dist): 69 84 1.7993572835755158
list:
dist: 1.7993572835755158 vs. 1.7993572835755158
--------
nle(id0,id1,dist): 69 85 2.0214476353378132
list:
dist: 2.0214476353378132 vs. 2.0214476353378132
--------
nle(id0,id1,dist): 69 82 2.3895813931457486
list:
dist: 2.3895813931457486 vs. 2.3895813931457486
--------
nle(id0,id1,dist): 69 83 1.5843571227886681
list:
dist: 1.5843571227886681 vs. 1.5843571227886681
--------
nle(id0,id1,dist): 69 80 0.8170374020561465
list:
dist: 0.8170374020561465 vs. 0.8170374020561465
--------
nle(id0,id1,dist): 69 81 2.6659266689125602
list:
dist: 2.6659266689125602 vs. 2.6659266689125602
--------
nle(id0,id1,dist): 67 103 4.118027339009603
list:
dist: 4.118027339009603 vs. 4.118027339009603
--------
nle(id0,id1,dist): 67 99 2.9065819202824037
list:
dist: 2.9065819202824037 vs. 2.9065819202824037
--------
nle(id0,id1,dist): 67 98 2.5240179916812324
list:
dist: 2.5240179916812324 vs. 2.5240179916812324
--------
nle(id0,id1,dist): 67 111 2.606529954942926
list:
dist: 2.606529954942926 vs. 2.606529954942926
--------
nle(id0,id1,dist): 68 74 2.401384736289575
list:
dist: 2.401384736289575 vs. 2.401384736289575
--------
nle(id0,id1,dist): 67 110 3.0901535036050802
list:
dist: 3.0901535036050802 vs. 3.0901535036050802
--------
nle(id0,id1,dist): 68 73 1.2003935180523597
list:
dist: 1.2003935180523597 vs. 1.2003935180523597
--------
nle(id0,id1,dist): 67 112 2.7849996919403894
list:
dist: 2.7849996919403894 vs. 2.7849996919403894
--------
nle(id0,id1,dist): 68 75 2.5381868860206946
list:
dist: 2.5381868860206946 vs. 2.5381868860206946
--------
nle(id0,id1,dist): 68 70 2.535127379218445
list:
dist: 2.535127379218445 vs. 2.535127379218445
--------
nle(id0,id1,dist): 68 69 2.294697483204979
list:
dist: 2.294697483204979 vs. 2.294697483204979
--------
nle(id0,id1,dist): 68 72 1.7931135407260574
list:
dist: 1.7931135407260574 vs. 1.7931135407260574
--------
nle(id0,id1,dist): 68 71 2.7634474687477257
list:
dist: 2.7634474687477257 vs. 2.7634474687477257
--------
nle(id0,id1,dist): 67 118 3.307324193202437
list:
dist: 3.307324193202437 vs. 3.307324193202437
--------
nle(id0,id1,dist): 68 84 3.5686354803525044
list:
dist: 3.5686354803525044 vs. 3.5686354803525044
--------
nle(id0,id1,dist): 68 77 3.0986947470795503
list:
dist: 3.0986947470795503 vs. 3.0986947470795503
--------
nle(id0,id1,dist): 68 78 2.792329720243067
list:
dist: 2.792329720243067 vs. 2.792329720243067
--------
nle(id0,id1,dist): 68 80 2.3660112841156224
list:
dist: 2.3660112841156224 vs. 2.3660112841156224
--------
nle(id0,id1,dist): 70 86 2.939228393547783
list:
dist: 2.939228393547783 vs. 2.939228393547783
--------
nle(id0,id1,dist): 70 85 1.448098184126783
list:
dist: 1.448098184126783 vs. 1.448098184126783
--------
nle(id0,id1,dist): 70 84 1.1637794218418516
list:
dist: 1.1637794218418516 vs. 1.1637794218418516
--------
nle(id0,id1,dist): 70 83 1.6828220739006883
list:
dist: 1.6828220739006883 vs. 1.6828220739006883
--------
nle(id0,id1,dist): 70 89 2.9293847534195434
list:
dist: 2.9293847534195434 vs. 2.9293847534195434
--------
nle(id0,id1,dist): 70 88 2.6611396946987944
list:
dist: 2.6611396946987944 vs. 2.6611396946987944
--------
nle(id0,id1,dist): 70 87 1.5770852833910136
list:
dist: 1.5770852833910136 vs. 1.5770852833910136
--------
nle(id0,id1,dist): 71 72 1.8247318303766096
list:
dist: 1.8247318303766096 vs. 1.8247318303766096
--------
nle(id0,id1,dist): 71 73 2.3106607887902797
list:
dist: 2.3106607887902797 vs. 2.3106607887902797
--------
nle(id0,id1,dist): 71 76 3.393538536804528
list:
dist: 3.393538536804528 vs. 3.393538536804528
--------
nle(id0,id1,dist): 71 77 2.3431351798485114
list:
dist: 2.3431351798485114 vs. 2.3431351798485114
--------
nle(id0,id1,dist): 71 74 1.993936783430999
list:
dist: 1.993936783430999 vs. 1.993936783430999
--------
nle(id0,id1,dist): 71 75 2.5387773602357555
list:
dist: 2.5387773602357555 vs. 2.5387773602357555
--------
nle(id0,id1,dist): 69 89 3.4310665945626724
list:
dist: 3.4310665945626724 vs. 3.4310665945626724
--------
nle(id0,id1,dist): 69 88 2.950878191136961
list:
dist: 2.950878191136961 vs. 2.950878191136961
--------
nle(id0,id1,dist): 69 93 4.477512831497678
list:
dist: 4.477512831497678 vs. 4.477512831497678
--------
nle(id0,id1,dist): 69 95 3.870694690183679
list:
dist: 3.870694690183679 vs. 3.870694690183679
--------
nle(id0,id1,dist): 69 94 3.797468274890362
list:
dist: 3.797468274890362 vs. 3.797468274890362
--------
nle(id0,id1,dist): 69 97 4.466446335742223
list:
dist: 4.466446335742223 vs. 4.466446335742223
--------
nle(id0,id1,dist): 69 96 3.357231785759668
list:
dist: 3.357231785759668 vs. 3.357231785759668
--------
nle(id0,id1,dist): 69 99 3.9125923940003533
list:
dist: 3.9125923940003533 vs. 3.9125923940003533
--------
nle(id0,id1,dist): 69 98 3.826989267088229
list:
dist: 3.826989267088229 vs. 3.826989267088229
--------
nle(id0,id1,dist): 69 103 4.332983654252816
list:
dist: 4.332983654252816 vs. 4.332983654252816
--------
nle(id0,id1,dist): 70 71 1.0817174425301987
list:
dist: 1.0817174425301987 vs. 1.0817174425301987
--------
nle(id0,id1,dist): 70 72 1.1002961464616088
list:
dist: 1.1002961464616088 vs. 1.1002961464616088
--------
nle(id0,id1,dist): 69 110 4.854997680066408
list:
dist: 4.854997680066408 vs. 4.854997680066408
--------
nle(id0,id1,dist): 70 73 2.011685469099926
list:
dist: 2.011685469099926 vs. 2.011685469099926
--------
nle(id0,id1,dist): 69 111 4.46409083987882
list:
dist: 4.46409083987882 vs. 4.46409083987882
--------
nle(id0,id1,dist): 70 74 0.9384119219478438
list:
dist: 0.9384119219478438 vs. 0.9384119219478438
--------
nle(id0,id1,dist): 69 112 4.415097755409348
list:
dist: 4.415097755409348 vs. 4.415097755409348
--------
nle(id0,id1,dist): 70 75 1.6046804807461459
list:
dist: 1.6046804807461459 vs. 1.6046804807461459
--------
nle(id0,id1,dist): 70 76 2.6066054323788412
list:
dist: 2.6066054323788412 vs. 2.6066054323788412
--------
nle(id0,id1,dist): 70 77 1.3463887038246276
list:
dist: 1.3463887038246276 vs. 1.3463887038246276
--------
nle(id0,id1,dist): 70 78 2.318535104223933
list:
dist: 2.318535104223933 vs. 2.318535104223933
--------
nle(id0,id1,dist): 70 79 2.5917922478945696
list:
dist: 2.5917922478945696 vs. 2.5917922478945696
--------
nle(id0,id1,dist): 70 80 0.4015240296002353
list:
dist: 0.4015240296002353 vs. 0.4015240296002353
--------
nle(id0,id1,dist): 70 81 1.9254275354737482
list:
dist: 1.9254275354737482 vs. 1.9254275354737482
--------
nle(id0,id1,dist): 70 82 1.8904041783476613
list:
dist: 1.8904041783476613 vs. 1.8904041783476613
--------
nle(id0,id1,dist): 65 84 3.0224757796311987
list:
dist: 3.0224757796311987 vs. 3.0224757796311987
--------
nle(id0,id1,dist): 65 80 1.8826667694452104
list:
dist: 1.8826667694452104 vs. 1.8826667694452104
--------
nle(id0,id1,dist): 65 78 2.6606539401282845
list:
dist: 2.6606539401282845 vs. 2.6606539401282845
--------
nle(id0,id1,dist): 65 77 2.6993291269005137
list:
dist: 2.6993291269005137 vs. 2.6993291269005137
--------
nle(id0,id1,dist): 66 70 0.9829488615405945
list:
dist: 0.9829488615405945 vs. 0.9829488615405945
--------
nle(id0,id1,dist): 66 69 0.8854253368008232
list:
dist: 0.8854253368008232 vs. 0.8854253368008232
--------
nle(id0,id1,dist): 66 68 1.6092499421314077
list:
dist: 1.6092499421314077 vs. 1.6092499421314077
--------
nle(id0,id1,dist): 66 67 3.120358460510519
list:
dist: 3.120358460510519 vs. 3.120358460510519
--------
nle(id0,id1,dist): 64 82 3.5686284166400513
list:
dist: 3.5686284166400513 vs. 3.5686284166400513
--------
nle(id0,id1,dist): 64 84 3.0174816029674183
list:
dist: 3.0174816029674183 vs. 3.0174816029674183
--------
nle(id0,id1,dist): 65 73 0.5780583605430798
list:
dist: 0.5780583605430798 vs. 0.5780583605430798
--------
nle(id0,id1,dist): 65 72 1.1709896925391154
list:
dist: 1.1709896925391154 vs. 1.1709896925391154
--------
nle(id0,id1,dist): 65 75 2.278462445780492
list:
dist: 2.278462445780492 vs. 2.278462445780492
--------
nle(id0,id1,dist): 65 74 1.911191326583079
list:
dist: 1.911191326583079 vs. 1.911191326583079
--------
nle(id0,id1,dist): 65 69 2.029947335085886
list:
dist: 2.029947335085886 vs. 2.029947335085886
--------
nle(id0,id1,dist): 65 68 0.6871274514569006
list:
dist: 0.6871274514569006 vs. 0.6871274514569006
--------
nle(id0,id1,dist): 65 71 2.3049479098246914
list:
dist: 2.3049479098246914 vs. 2.3049479098246914
--------
nle(id0,id1,dist): 65 70 2.0062415726164335
list:
dist: 2.0062415726164335 vs. 2.0062415726164335
--------
nle(id0,id1,dist): 65 66 1.2024318788400308
list:
dist: 1.2024318788400308 vs. 1.2024318788400308
--------
nle(id0,id1,dist): 67 76 1.6421299697240066
list:
dist: 1.6421299697240066 vs. 1.6421299697240066
--------
nle(id0,id1,dist): 67 77 2.227033829356202
list:
dist: 2.227033829356202 vs. 2.227033829356202
--------
nle(id0,id1,dist): 67 74 2.918777125097169
list:
dist: 2.918777125097169 vs. 2.918777125097169
--------
nle(id0,id1,dist): 67 75 2.2794835701698366
list:
dist: 2.2794835701698366 vs. 2.2794835701698366
--------
nle(id0,id1,dist): 67 80 2.959456882974329
list:
dist: 2.959456882974329 vs. 2.959456882974329
--------
nle(id0,id1,dist): 67 81 2.715563911825593
list:
dist: 2.715563911825593 vs. 2.715563911825593
--------
nle(id0,id1,dist): 67 78 2.3918428959293947
list:
dist: 2.3918428959293947 vs. 2.3918428959293947
--------
nle(id0,id1,dist): 67 79 1.237074517674638
list:
dist: 1.237074517674638 vs. 1.237074517674638
--------
nle(id0,id1,dist): 67 69 2.5109950291989303
list:
dist: 2.5109950291989303 vs. 2.5109950291989303
--------
nle(id0,id1,dist): 67 72 3.629268189463517
list:
dist: 3.629268189463517 vs. 3.629268189463517
--------
nle(id0,id1,dist): 67 70 2.9344118722275945
list:
dist: 2.9344118722275945 vs. 2.9344118722275945
--------
nle(id0,id1,dist): 67 71 3.361657670585793
list:
dist: 3.361657670585793 vs. 3.361657670585793
--------
nle(id0,id1,dist): 67 93 3.876651489705539
list:
dist: 3.876651489705539 vs. 3.876651489705539
--------
nle(id0,id1,dist): 67 97 3.565541066267554
list:
dist: 3.565541066267554 vs. 3.565541066267554
--------
nle(id0,id1,dist): 67 96 2.9960825775542848
list:
dist: 2.9960825775542848 vs. 2.9960825775542848
--------
nle(id0,id1,dist): 67 95 3.2017641580040634
list:
dist: 3.2017641580040634 vs. 3.2017641580040634
--------
nle(id0,id1,dist): 67 94 3.219894343142697
list:
dist: 3.219894343142697 vs. 3.219894343142697
--------
nle(id0,id1,dist): 67 85 2.353072376934223
list:
dist: 2.353072376934223 vs. 2.353072376934223
--------
nle(id0,id1,dist): 67 84 3.251437915190098
list:
dist: 3.251437915190098 vs. 3.251437915190098
--------
nle(id0,id1,dist): 67 83 1.7948141334059369
list:
dist: 1.7948141334059369 vs. 1.7948141334059369
--------
nle(id0,id1,dist): 67 82 3.828232982060409
list:
dist: 3.828232982060409 vs. 3.828232982060409
--------
nle(id0,id1,dist): 67 89 2.5751852681285867
list:
dist: 2.5751852681285867 vs. 2.5751852681285867
--------
nle(id0,id1,dist): 67 88 1.9425659313406953
list:
dist: 1.9425659313406953 vs. 1.9425659313406953
--------
nle(id0,id1,dist): 67 87 1.7204081087331065
list:
dist: 1.7204081087331065 vs. 1.7204081087331065
--------
nle(id0,id1,dist): 67 86 1.9795336469651008
list:
dist: 1.9795336469651008 vs. 1.9795336469651008
--------
nle(id0,id1,dist): 66 79 2.886409725938287
list:
dist: 2.886409725938287 vs. 2.886409725938287
--------
nle(id0,id1,dist): 66 80 0.781280050323326
list:
dist: 0.781280050323326 vs. 0.781280050323326
--------
nle(id0,id1,dist): 66 81 2.79368672045019
list:
dist: 2.79368672045019 vs. 2.79368672045019
--------
nle(id0,id1,dist): 66 82 2.6503370340182717
list:
dist: 2.6503370340182717 vs. 2.6503370340182717
--------
nle(id0,id1,dist): 66 83 2.2567624174038112
list:
dist: 2.2567624174038112 vs. 2.2567624174038112
--------
nle(id0,id1,dist): 66 84 2.021769377508935
list:
dist: 2.021769377508935 vs. 2.021769377508935
--------
nle(id0,id1,dist): 66 85 2.315731901578043
list:
dist: 2.315731901578043 vs. 2.315731901578043
--------
nle(id0,id1,dist): 66 86 3.659297658535239
list:
dist: 3.659297658535239 vs. 3.659297658535239
--------
nle(id0,id1,dist): 66 71 1.362688213679715
list:
dist: 1.362688213679715 vs. 1.362688213679715
--------
nle(id0,id1,dist): 66 72 0.9336256856039584
list:
dist: 0.9336256856039584 vs. 0.9336256856039584
--------
nle(id0,id1,dist): 66 73 1.4379284684204257
list:
dist: 1.4379284684204257 vs. 1.4379284684204257
--------
nle(id0,id1,dist): 66 74 1.2263505084149675
list:
dist: 1.2263505084149675 vs. 1.2263505084149675
--------
nle(id0,id1,dist): 66 75 1.5904954747542353
list:
dist: 1.5904954747542353 vs. 1.5904954747542353
--------
nle(id0,id1,dist): 66 76 3.142819577717676
list:
dist: 3.142819577717676 vs. 3.142819577717676
--------
nle(id0,id1,dist): 66 77 1.822903683737427
list:
dist: 1.822903683737427 vs. 1.822903683737427
--------
nle(id0,id1,dist): 66 78 2.1901334927144087
list:
dist: 2.1901334927144087 vs. 2.1901334927144087
--------
nle(id0,id1,dist): 66 88 3.0873896366384868
list:
dist: 3.0873896366384868 vs. 3.0873896366384868
--------
nle(id0,id1,dist): 66 87 2.230972443679117
list:
dist: 2.230972443679117 vs. 2.230972443679117
--------
nle(id0,id1,dist): 66 89 3.493151355149106
list:
dist: 3.493151355149106 vs. 3.493151355149106
--------
nle(id0,id1,dist): 48 51 0.3167731527941164
list:
dist: 0.3167731527941164 vs. 0.3167731527941164
--------
nle(id0,id1,dist): 48 52 1.9351322157329
list:
dist: 1.9351322157329 vs. 1.9351322157329
--------
nle(id0,id1,dist): 48 49 2.579962359882388
list:
dist: 2.579962359882388 vs. 2.579962359882388
--------
nle(id0,id1,dist): 48 50 2.0461172396936047
list:
dist: 2.0461172396936047 vs. 2.0461172396936047
--------
nle(id0,id1,dist): 48 55 2.5024722227346685
list:
dist: 2.5024722227346685 vs. 2.5024722227346685
--------
nle(id0,id1,dist): 48 56 1.2192260533232653
list:
dist: 1.2192260533232653 vs. 1.2192260533232653
--------
nle(id0,id1,dist): 48 54 2.403378450988234
list:
dist: 2.403378450988234 vs. 2.403378450988234
--------
nle(id0,id1,dist): 48 59 2.3537779439005404
list:
dist: 2.3537779439005404 vs. 2.3537779439005404
--------
nle(id0,id1,dist): 48 57 2.2722816899983784
list:
dist: 2.2722816899983784 vs. 2.2722816899983784
--------
nle(id0,id1,dist): 48 58 2.3193325742062925
list:
dist: 2.3193325742062925 vs. 2.3193325742062925
--------
nle(id0,id1,dist): 49 50 1.3072155536697203
list:
dist: 1.3072155536697203 vs. 1.3072155536697203
--------
nle(id0,id1,dist): 49 51 2.3384860037983684
list:
dist: 2.3384860037983684 vs. 2.3384860037983684
--------
nle(id0,id1,dist): 49 52 2.023547517974893
list:
dist: 2.023547517974893 vs. 2.023547517974893
--------
nle(id0,id1,dist): 49 54 0.7164634721798375
list:
dist: 0.7164634721798375 vs. 0.7164634721798375
--------
nle(id0,id1,dist): 49 55 0.9443703792538458
list:
dist: 0.9443703792538458 vs. 0.9443703792538458
--------
nle(id0,id1,dist): 49 56 1.6688435499871719
list:
dist: 1.6688435499871719 vs. 1.6688435499871719
--------
nle(id0,id1,dist): 49 57 0.8955641079778692
list:
dist: 0.8955641079778692 vs. 0.8955641079778692
--------
nle(id0,id1,dist): 49 58 2.278280516504009
list:
dist: 2.278280516504009 vs. 2.278280516504009
--------
nle(id0,id1,dist): 49 59 0.6233641800543275
list:
dist: 0.6233641800543275 vs. 0.6233641800543275
--------
nle(id0,id1,dist): 50 54 0.6804703691267316
list:
dist: 0.6804703691267316 vs. 0.6804703691267316
--------
nle(id0,id1,dist): 50 51 1.9448967962330146
list:
dist: 1.9448967962330146 vs. 1.9448967962330146
--------
nle(id0,id1,dist): 50 52 0.9875839344038229
list:
dist: 0.9875839344038229 vs. 0.9875839344038229
--------
nle(id0,id1,dist): 50 59 1.1789943320014769
list:
dist: 1.1789943320014769 vs. 1.1789943320014769
--------
nle(id0,id1,dist): 50 56 1.4953151267407518
list:
dist: 1.4953151267407518 vs. 1.4953151267407518
--------
nle(id0,id1,dist): 50 55 2.0025111841895336
list:
dist: 2.0025111841895336 vs. 2.0025111841895336
--------
nle(id0,id1,dist): 50 58 1.0232443615210556
list:
dist: 1.0232443615210556 vs. 1.0232443615210556
--------
nle(id0,id1,dist): 50 57 1.5912365016532424
list:
dist: 1.5912365016532424 vs. 1.5912365016532424
--------
nle(id0,id1,dist): 45 47 3.3287165074380973
list:
dist: 3.3287165074380973 vs. 3.3287165074380973
--------
nle(id0,id1,dist): 45 46 4.306706346675776
list:
dist: 4.306706346675776 vs. 4.306706346675776
--------
nle(id0,id1,dist): 44 55 2.0697805855057347
list:
dist: 2.0697805855057347 vs. 2.0697805855057347
--------
nle(id0,id1,dist): 44 56 2.0192749043394653
list:
dist: 2.0192749043394653 vs. 2.0192749043394653
--------
nle(id0,id1,dist): 44 54 1.7372172905425511
list:
dist: 1.7372172905425511 vs. 1.7372172905425511
--------
nle(id0,id1,dist): 44 59 2.253697430686232
list:
dist: 2.253697430686232 vs. 2.253697430686232
--------
nle(id0,id1,dist): 44 57 1.181820342164126
list:
dist: 1.181820342164126 vs. 1.181820342164126
--------
nle(id0,id1,dist): 44 58 3.1922472982698538
list:
dist: 3.1922472982698538 vs. 3.1922472982698538
--------
nle(id0,id1,dist): 45 56 2.3410436708806492
list:
dist: 2.3410436708806492 vs. 2.3410436708806492
--------
nle(id0,id1,dist): 45 57 2.797678764704665
list:
dist: 2.797678764704665 vs. 2.797678764704665
--------
nle(id0,id1,dist): 45 59 3.938072853017771
list:
dist: 3.938072853017771 vs. 3.938072853017771
--------
nle(id0,id1,dist): 45 48 2.8112441836880615
list:
dist: 2.8112441836880615 vs. 2.8112441836880615
--------
nle(id0,id1,dist): 45 49 3.6723976119066677
list:
dist: 3.6723976119066677 vs. 3.6723976119066677
--------
nle(id0,id1,dist): 45 50 3.706197687549569
list:
dist: 3.706197687549569 vs. 3.706197687549569
--------
nle(id0,id1,dist): 45 51 2.6746174234337325
list:
dist: 2.6746174234337325 vs. 2.6746174234337325
--------
nle(id0,id1,dist): 45 54 3.6601278007746094
list:
dist: 3.6601278007746094 vs. 3.6601278007746094
--------
nle(id0,id1,dist): 45 55 3.504393866306321
list:
dist: 3.504393866306321 vs. 3.504393866306321
--------
nle(id0,id1,dist): 46 59 1.8759026670148444
list:
dist: 1.8759026670148444 vs. 1.8759026670148444
--------
nle(id0,id1,dist): 46 57 1.7343319854451134
list:
dist: 1.7343319854451134 vs. 1.7343319854451134
--------
nle(id0,id1,dist): 46 58 3.3870957238260377
list:
dist: 3.3870957238260377 vs. 3.3870957238260377
--------
nle(id0,id1,dist): 46 55 1.77559586187785
list:
dist: 1.77559586187785 vs. 1.77559586187785
--------
nle(id0,id1,dist): 46 56 2.818374347640356
list:
dist: 2.818374347640356 vs. 2.818374347640356
--------
nle(id0,id1,dist): 46 54 1.7967746414916639
list:
dist: 1.7967746414916639 vs. 1.7967746414916639
--------
nle(id0,id1,dist): 46 51 3.618416066528725
list:
dist: 3.618416066528725 vs. 3.618416066528725
--------
nle(id0,id1,dist): 46 52 3.2720672689871497
list:
dist: 3.2720672689871497 vs. 3.2720672689871497
--------
nle(id0,id1,dist): 46 49 1.3639000143792868
list:
dist: 1.3639000143792868 vs. 1.3639000143792868
--------
nle(id0,id1,dist): 46 50 2.4735764605937014
list:
dist: 2.4735764605937014 vs. 2.4735764605937014
--------
nle(id0,id1,dist): 46 47 2.4943515400940557
list:
dist: 2.4943515400940557 vs. 2.4943515400940557
--------
nle(id0,id1,dist): 46 48 3.880429496397596
list:
dist: 3.880429496397596 vs. 3.880429496397596
--------
nle(id0,id1,dist): 47 59 0.8640193277788043
list:
dist: 0.8640193277788043 vs. 0.8640193277788043
--------
nle(id0,id1,dist): 47 58 2.00106034803358
list:
dist: 2.00106034803358 vs. 2.00106034803358
--------
nle(id0,id1,dist): 47 55 1.13931576289261
list:
dist: 1.13931576289261 vs. 1.13931576289261
--------
nle(id0,id1,dist): 47 54 1.2415849401628432
list:
dist: 1.2415849401628432 vs. 1.2415849401628432
--------
nle(id0,id1,dist): 47 57 1.2435607960755528
list:
dist: 1.2435607960755528 vs. 1.2435607960755528
--------
nle(id0,id1,dist): 47 56 1.0708509350056472
list:
dist: 1.0708509350056472 vs. 1.0708509350056472
--------
nle(id0,id1,dist): 47 50 1.242290651569861
list:
dist: 1.242290651569861 vs. 1.242290651569861
--------
nle(id0,id1,dist): 47 51 1.3002629061022364
list:
dist: 1.3002629061022364 vs. 1.3002629061022364
--------
nle(id0,id1,dist): 47 52 1.5015232411510488
list:
dist: 1.5015232411510488 vs. 1.5015232411510488
--------
nle(id0,id1,dist): 47 48 1.5286369522569392
list:
dist: 1.5286369522569392 vs. 1.5286369522569392
--------
nle(id0,id1,dist): 47 49 1.1574781301293275
list:
dist: 1.1574781301293275 vs. 1.1574781301293275
--------
nle(id0,id1,dist): 55 56 1.726989538099274
list:
dist: 1.726989538099274 vs. 1.726989538099274
--------
nle(id0,id1,dist): 55 57 1.06774279105131
list:
dist: 1.06774279105131 vs. 1.06774279105131
--------
nle(id0,id1,dist): 55 58 2.9283517416568783
list:
dist: 2.9283517416568783 vs. 2.9283517416568783
--------
nle(id0,id1,dist): 55 59 1.047758997908651
list:
dist: 1.047758997908651 vs. 1.047758997908651
--------
nle(id0,id1,dist): 56 58 2.2434074053911073
list:
dist: 2.2434074053911073 vs. 2.2434074053911073
--------
nle(id0,id1,dist): 56 57 1.125468090139087
list:
dist: 1.125468090139087 vs. 1.125468090139087
--------
nle(id0,id1,dist): 56 59 1.7258515716380491
list:
dist: 1.7258515716380491 vs. 1.7258515716380491
--------
nle(id0,id1,dist): 57 59 1.3250877631765532
list:
dist: 1.3250877631765532 vs. 1.3250877631765532
--------
nle(id0,id1,dist): 57 58 2.599659860692351
list:
dist: 2.599659860692351 vs. 2.599659860692351
--------
nle(id0,id1,dist): 51 58 2.356744905810192
list:
dist: 2.356744905810192 vs. 2.356744905810192
--------
nle(id0,id1,dist): 51 59 2.1464925001271458
list:
dist: 2.1464925001271458 vs. 2.1464925001271458
--------
nle(id0,id1,dist): 51 52 1.9507889709066695
list:
dist: 1.9507889709066695 vs. 1.9507889709066695
--------
nle(id0,id1,dist): 51 54 2.222968784506154
list:
dist: 2.222968784506154 vs. 2.222968784506154
--------
nle(id0,id1,dist): 51 55 2.213610711241479
list:
dist: 2.213610711241479 vs. 2.213610711241479
--------
nle(id0,id1,dist): 51 56 0.9733524284116268
list:
dist: 0.9733524284116268 vs. 0.9733524284116268
--------
nle(id0,id1,dist): 51 57 1.994636517182891
list:
dist: 1.994636517182891 vs. 1.994636517182891
--------
nle(id0,id1,dist): 52 55 2.4951327864363355
list:
dist: 2.4951327864363355 vs. 2.4951327864363355
--------
nle(id0,id1,dist): 52 56 1.993257059148717
list:
dist: 1.993257059148717 vs. 1.993257059148717
--------
nle(id0,id1,dist): 52 54 1.573187185697566
list:
dist: 1.573187185697566 vs. 1.573187185697566
--------
nle(id0,id1,dist): 52 59 1.598788573466105
list:
dist: 1.598788573466105 vs. 1.598788573466105
--------
nle(id0,id1,dist): 52 57 2.385315019209068
list:
dist: 2.385315019209068 vs. 2.385315019209068
--------
nle(id0,id1,dist): 52 58 0.709205763356661
list:
dist: 0.709205763356661 vs. 0.709205763356661
--------
nle(id0,id1,dist): 53 68 2.813693306624058
list:
dist: 2.813693306624058 vs. 2.813693306624058
--------
nle(id0,id1,dist): 53 71 4.114326737419023
list:
dist: 4.114326737419023 vs. 4.114326737419023
--------
nle(id0,id1,dist): 53 70 3.441060362268484
list:
dist: 3.441060362268484 vs. 3.441060362268484
--------
nle(id0,id1,dist): 53 65 2.460815158406643
list:
dist: 2.460815158406643 vs. 2.460815158406643
--------
nle(id0,id1,dist): 53 64 2.737207957273975
list:
dist: 2.737207957273975 vs. 2.737207957273975
--------
nle(id0,id1,dist): 53 66 3.2206409294242317
list:
dist: 3.2206409294242317 vs. 3.2206409294242317
--------
nle(id0,id1,dist): 53 60 3.367218298300005
list:
dist: 3.367218298300005 vs. 3.367218298300005
--------
nle(id0,id1,dist): 53 63 4.351485183103186
list:
dist: 4.351485183103186 vs. 4.351485183103186
--------
nle(id0,id1,dist): 53 62 1.7009804716471395
list:
dist: 1.7009804716471395 vs. 1.7009804716471395
--------
nle(id0,id1,dist): 53 84 4.313088557469725
list:
dist: 4.313088557469725 vs. 4.313088557469725
--------
nle(id0,id1,dist): 53 80 3.5950895852492177
list:
dist: 3.5950895852492177 vs. 3.5950895852492177
--------
nle(id0,id1,dist): 53 77 3.6365938828632025
list:
dist: 3.6365938828632025 vs. 3.6365938828632025
--------
nle(id0,id1,dist): 53 74 2.8935779970067323
list:
dist: 2.8935779970067323 vs. 2.8935779970067323
--------
nle(id0,id1,dist): 53 75 3.4044186171196116
list:
dist: 3.4044186171196116 vs. 3.4044186171196116
--------
nle(id0,id1,dist): 53 72 2.4029819896815576
list:
dist: 2.4029819896815576 vs. 2.4029819896815576
--------
nle(id0,id1,dist): 53 73 2.1260421737583717
list:
dist: 2.1260421737583717 vs. 2.1260421737583717
--------
nle(id0,id1,dist): 54 59 0.8771987246758064
list:
dist: 0.8771987246758064 vs. 0.8771987246758064
--------
nle(id0,id1,dist): 54 58 1.6590854466846643
list:
dist: 1.6590854466846643 vs. 1.6590854466846643
--------
nle(id0,id1,dist): 54 57 1.148952521761002
list:
dist: 1.148952521761002 vs. 1.148952521761002
--------
nle(id0,id1,dist): 54 56 1.5538593296245797
list:
dist: 1.5538593296245797 vs. 1.5538593296245797
--------
nle(id0,id1,dist): 54 55 1.5746758662129774
list:
dist: 1.5746758662129774 vs. 1.5746758662129774
--------
nle(id0,id1,dist): 93 112 1.9038385704797463
list:
dist: 1.9038385704797463 vs. 1.9038385704797463
--------
nle(id0,id1,dist): 93 113 2.5204352716305944
list:
dist: 2.5204352716305944 vs. 2.5204352716305944
--------
nle(id0,id1,dist): 93 114 2.3740872867590093
list:
dist: 2.3740872867590093 vs. 2.3740872867590093
--------
nle(id0,id1,dist): 93 115 2.74653751860923
list:
dist: 2.74653751860923 vs. 2.74653751860923
--------
nle(id0,id1,dist): 93 117 3.186912938306948
list:
dist: 3.186912938306948 vs. 3.186912938306948
--------
nle(id0,id1,dist): 93 119 3.1505710878137365
list:
dist: 3.1505710878137365 vs. 3.1505710878137365
--------
nle(id0,id1,dist): 93 97 0.7665133171436772
list:
dist: 0.7665133171436772 vs. 0.7665133171436772
--------
nle(id0,id1,dist): 93 96 1.1344236587123937
list:
dist: 1.1344236587123937 vs. 1.1344236587123937
--------
nle(id0,id1,dist): 93 99 1.1999460356819118
list:
dist: 1.1999460356819118 vs. 1.1999460356819118
--------
nle(id0,id1,dist): 93 98 2.1360042785309608
list:
dist: 2.1360042785309608 vs. 2.1360042785309608
--------
nle(id0,id1,dist): 93 101 1.4105580488572529
list:
dist: 1.4105580488572529 vs. 1.4105580488572529
--------
nle(id0,id1,dist): 93 100 0.9747336579880806
list:
dist: 0.9747336579880806 vs. 0.9747336579880806
--------
nle(id0,id1,dist): 93 103 0.6802011264043877
list:
dist: 0.6802011264043877 vs. 0.6802011264043877
--------
nle(id0,id1,dist): 93 102 1.226347737026251
list:
dist: 1.226347737026251 vs. 1.226347737026251
--------
nle(id0,id1,dist): 93 105 0.7220055028512302
list:
dist: 0.7220055028512302 vs. 0.7220055028512302
--------
nle(id0,id1,dist): 93 104 1.8669041248791736
list:
dist: 1.8669041248791736 vs. 1.8669041248791736
--------
nle(id0,id1,dist): 93 107 1.8144308596665912
list:
dist: 1.8144308596665912 vs. 1.8144308596665912
--------
nle(id0,id1,dist): 93 106 1.0354684707823907
list:
dist: 1.0354684707823907 vs. 1.0354684707823907
--------
nle(id0,id1,dist): 93 109 0.9875503488316445
list:
dist: 0.9875503488316445 vs. 0.9875503488316445
--------
nle(id0,id1,dist): 93 108 1.5944230347669601
list:
dist: 1.5944230347669601 vs. 1.5944230347669601
--------
nle(id0,id1,dist): 93 111 2.473325997984933
list:
dist: 2.473325997984933 vs. 2.473325997984933
--------
nle(id0,id1,dist): 93 110 2.7350760546015476
list:
dist: 2.7350760546015476 vs. 2.7350760546015476
--------
nle(id0,id1,dist): 94 109 1.3098712405363317
list:
dist: 1.3098712405363317 vs. 1.3098712405363317
--------
nle(id0,id1,dist): 94 110 2.2005254712293336
list:
dist: 2.2005254712293336 vs. 2.2005254712293336
--------
nle(id0,id1,dist): 94 107 2.5043245913955454
list:
dist: 2.5043245913955454 vs. 2.5043245913955454
--------
nle(id0,id1,dist): 94 108 2.0418486065741654
list:
dist: 2.0418486065741654 vs. 2.0418486065741654
--------
nle(id0,id1,dist): 94 113 2.917604075443649
list:
dist: 2.917604075443649 vs. 2.917604075443649
--------
nle(id0,id1,dist): 94 114 2.3921600505418286
list:
dist: 2.3921600505418286 vs. 2.3921600505418286
--------
nle(id0,id1,dist): 94 111 2.0540131500846672
list:
dist: 2.0540131500846672 vs. 2.0540131500846672
--------
nle(id0,id1,dist): 94 112 1.6971840159019456
list:
dist: 1.6971840159019456 vs. 1.6971840159019456
--------
nle(id0,id1,dist): 94 117 3.2333852027571712
list:
dist: 3.2333852027571712 vs. 3.2333852027571712
--------
nle(id0,id1,dist): 94 115 2.828102789635645
list:
dist: 2.828102789635645 vs. 2.828102789635645
--------
nle(id0,id1,dist): 94 119 3.1024500509117843
list:
dist: 3.1024500509117843 vs. 3.1024500509117843
--------
nle(id0,id1,dist): 94 98 2.321530685486327
list:
dist: 2.321530685486327 vs. 2.321530685486327
--------
nle(id0,id1,dist): 94 97 0.8208228732896578
list:
dist: 0.8208228732896578 vs. 0.8208228732896578
--------
nle(id0,id1,dist): 94 96 1.0404206782052001
list:
dist: 1.0404206782052001 vs. 1.0404206782052001
--------
nle(id0,id1,dist): 94 95 0.36612469736212744
list:
dist: 0.36612469736212744 vs. 0.36612469736212744
--------
nle(id0,id1,dist): 94 102 1.9893513537873313
list:
dist: 1.9893513537873313 vs. 1.9893513537873313
--------
nle(id0,id1,dist): 94 101 1.397005664049571
list:
dist: 1.397005664049571 vs. 1.397005664049571
--------
nle(id0,id1,dist): 94 100 2.0400968526149446
list:
dist: 2.0400968526149446 vs. 2.0400968526149446
--------
nle(id0,id1,dist): 94 99 0.6645319682449128
list:
dist: 0.6645319682449128 vs. 0.6645319682449128
--------
nle(id0,id1,dist): 94 106 1.432001746597908
list:
dist: 1.432001746597908 vs. 1.432001746597908
--------
nle(id0,id1,dist): 94 105 1.8412550624400408
list:
dist: 1.8412550624400408 vs. 1.8412550624400408
--------
nle(id0,id1,dist): 94 104 2.259376056996321
list:
dist: 2.259376056996321 vs. 2.259376056996321
--------
nle(id0,id1,dist): 94 103 1.430958950611505
list:
dist: 1.430958950611505 vs. 1.430958950611505
--------
nle(id0,id1,dist): 92 100 1.332369116207554
list:
dist: 1.332369116207554 vs. 1.332369116207554
--------
nle(id0,id1,dist): 92 93 1.86016330782414
list:
dist: 1.86016330782414 vs. 1.86016330782414
--------
nle(id0,id1,dist): 92 94 2.435289388294351
list:
dist: 2.435289388294351 vs. 2.435289388294351
--------
nle(id0,id1,dist): 92 95 2.361766156603481
list:
dist: 2.361766156603481 vs. 2.361766156603481
--------
nle(id0,id1,dist): 92 96 2.2355396646044228
list:
dist: 2.2355396646044228 vs. 2.2355396646044228
--------
nle(id0,id1,dist): 91 111 1.6525861933777661
list:
dist: 1.6525861933777661 vs. 1.6525861933777661
--------
nle(id0,id1,dist): 91 110 1.5998390654410677
list:
dist: 1.5998390654410677 vs. 1.5998390654410677
--------
nle(id0,id1,dist): 91 113 1.9223846268656073
list:
dist: 1.9223846268656073 vs. 1.9223846268656073
--------
nle(id0,id1,dist): 91 112 1.2914146811766605
list:
dist: 1.2914146811766605 vs. 1.2914146811766605
--------
nle(id0,id1,dist): 91 107 1.5062115538925431
list:
dist: 1.5062115538925431 vs. 1.5062115538925431
--------
nle(id0,id1,dist): 91 106 1.3521044456829951
list:
dist: 1.3521044456829951 vs. 1.3521044456829951
--------
nle(id0,id1,dist): 91 109 1.0649594466352454
list:
dist: 1.0649594466352454 vs. 1.0649594466352454
--------
nle(id0,id1,dist): 91 108 2.332968510382759
list:
dist: 2.332968510382759 vs. 2.332968510382759
--------
nle(id0,id1,dist): 91 119 2.2371392731521427
list:
dist: 2.2371392731521427 vs. 2.2371392731521427
--------
nle(id0,id1,dist): 91 118 1.828378853073284
list:
dist: 1.828378853073284 vs. 1.828378853073284
--------
nle(id0,id1,dist): 91 115 1.9738595915462527
list:
dist: 1.9738595915462527 vs. 1.9738595915462527
--------
nle(id0,id1,dist): 91 114 1.525952344661645
list:
dist: 1.525952344661645 vs. 1.525952344661645
--------
nle(id0,id1,dist): 91 117 2.667425448062955
list:
dist: 2.667425448062955 vs. 2.667425448062955
--------
nle(id0,id1,dist): 91 116 2.541480056560592
list:
dist: 2.541480056560592 vs. 2.541480056560592
--------
nle(id0,id1,dist): 93 94 1.1408160738333644
list:
dist: 1.1408160738333644 vs. 1.1408160738333644
--------
nle(id0,id1,dist): 93 95 0.8608754279669212
list:
dist: 0.8608754279669212 vs. 0.8608754279669212
--------
nle(id0,id1,dist): 92 106 2.8375079112768056
list:
dist: 2.8375079112768056 vs. 2.8375079112768056
--------
nle(id0,id1,dist): 92 105 1.9829034246002164
list:
dist: 1.9829034246002164 vs. 1.9829034246002164
--------
nle(id0,id1,dist): 92 103 1.2616308587492056
list:
dist: 1.2616308587492056 vs. 1.2616308587492056
--------
nle(id0,id1,dist): 92 102 2.876322982947769
list:
dist: 2.876322982947769 vs. 2.876322982947769
--------
nle(id0,id1,dist): 92 101 1.2290800584928954
list:
dist: 1.2290800584928954 vs. 1.2290800584928954
--------
nle(id0,id1,dist): 92 109 2.8414534125356243
list:
dist: 2.8414534125356243 vs. 2.8414534125356243
--------
nle(id0,id1,dist): 97 101 1.7367397222227334
list:
dist: 1.7367397222227334 vs. 1.7367397222227334
--------
nle(id0,id1,dist): 97 100 1.7077742075770512
list:
dist: 1.7077742075770512 vs. 1.7077742075770512
--------
nle(id0,id1,dist): 97 103 1.381409136580968
list:
dist: 1.381409136580968 vs. 1.381409136580968
--------
nle(id0,id1,dist): 97 102 1.202683418542945
list:
dist: 1.202683418542945 vs. 1.202683418542945
--------
nle(id0,id1,dist): 97 105 1.2632797836232386
list:
dist: 1.2632797836232386 vs. 1.2632797836232386
--------
nle(id0,id1,dist): 97 104 1.6876443241559844
list:
dist: 1.6876443241559844 vs. 1.6876443241559844
--------
nle(id0,id1,dist): 97 107 1.697731988438118
list:
dist: 1.697731988438118 vs. 1.697731988438118
--------
nle(id0,id1,dist): 97 106 0.9374788137236504
list:
dist: 0.9374788137236504 vs. 0.9374788137236504
--------
nle(id0,id1,dist): 97 99 0.6706263474832374
list:
dist: 0.6706263474832374 vs. 0.6706263474832374
--------
nle(id0,id1,dist): 97 98 2.1556406409685698
list:
dist: 2.1556406409685698 vs. 2.1556406409685698
--------
nle(id0,id1,dist): 96 113 3.036520627458773
list:
dist: 3.036520627458773 vs. 3.036520627458773
--------
nle(id0,id1,dist): 96 114 2.672008363505935
list:
dist: 2.672008363505935 vs. 2.672008363505935
--------
nle(id0,id1,dist): 96 115 3.01712214674818
list:
dist: 3.01712214674818 vs. 3.01712214674818
--------
nle(id0,id1,dist): 96 117 3.207692365979764
list:
dist: 3.207692365979764 vs. 3.207692365979764
--------
nle(id0,id1,dist): 96 119 3.3728606315778804
list:
dist: 3.3728606315778804 vs. 3.3728606315778804
--------
nle(id0,id1,dist): 98 102 2.099801084624491
list:
dist: 2.099801084624491 vs. 2.099801084624491
--------
nle(id0,id1,dist): 98 100 2.6584071528487856
list:
dist: 2.6584071528487856 vs. 2.6584071528487856
--------
nle(id0,id1,dist): 98 99 1.8418796372977615
list:
dist: 1.8418796372977615 vs. 1.8418796372977615
--------
nle(id0,id1,dist): 97 118 2.29191090407304
list:
dist: 2.29191090407304 vs. 2.29191090407304
--------
nle(id0,id1,dist): 97 119 2.6103849956728116
list:
dist: 2.6103849956728116 vs. 2.6103849956728116
--------
nle(id0,id1,dist): 97 116 2.982709133813092
list:
dist: 2.982709133813092 vs. 2.982709133813092
--------
nle(id0,id1,dist): 97 117 2.8039820399244557
list:
dist: 2.8039820399244557 vs. 2.8039820399244557
--------
nle(id0,id1,dist): 97 110 1.9973605876568299
list:
dist: 1.9973605876568299 vs. 1.9973605876568299
--------
nle(id0,id1,dist): 97 111 1.8350673490026812
list:
dist: 1.8350673490026812 vs. 1.8350673490026812
--------
nle(id0,id1,dist): 97 108 1.81678427680724
list:
dist: 1.81678427680724 vs. 1.81678427680724
--------
nle(id0,id1,dist): 97 109 0.711869587900213
list:
dist: 0.711869587900213 vs. 0.711869587900213
--------
nle(id0,id1,dist): 97 114 1.845096806774483
list:
dist: 1.845096806774483 vs. 1.845096806774483
--------
nle(id0,id1,dist): 97 115 2.2766694758458277
list:
dist: 2.2766694758458277 vs. 2.2766694758458277
--------
nle(id0,id1,dist): 97 112 1.3413058289331259
list:
dist: 1.3413058289331259 vs. 1.3413058289331259
--------
nle(id0,id1,dist): 97 113 2.2109913725736674
list:
dist: 2.2109913725736674 vs. 2.2109913725736674
--------
nle(id0,id1,dist): 95 115 2.6251069377174194
list:
dist: 2.6251069377174194 vs. 2.6251069377174194
--------
nle(id0,id1,dist): 95 114 2.207829331001549
list:
dist: 2.207829331001549 vs. 2.207829331001549
--------
nle(id0,id1,dist): 95 117 3.0108649624096797
list:
dist: 3.0108649624096797 vs. 3.0108649624096797
--------
nle(id0,id1,dist): 95 111 1.9754260948081355
list:
dist: 1.9754260948081355 vs. 1.9754260948081355
--------
nle(id0,id1,dist): 95 110 2.216100390405127
list:
dist: 2.216100390405127 vs. 2.216100390405127
--------
nle(id0,id1,dist): 95 113 2.6608899918951145
list:
dist: 2.6608899918951145 vs. 2.6608899918951145
--------
nle(id0,id1,dist): 95 112 1.5289757964232722
list:
dist: 1.5289757964232722 vs. 1.5289757964232722
--------
nle(id0,id1,dist): 95 107 2.2296719057626326
list:
dist: 2.2296719057626326 vs. 2.2296719057626326
--------
nle(id0,id1,dist): 95 106 1.0897549563533915
list:
dist: 1.0897549563533915 vs. 1.0897549563533915
--------
nle(id0,id1,dist): 95 109 0.995733810494304
list:
dist: 0.995733810494304 vs. 0.995733810494304
--------
nle(id0,id1,dist): 95 108 1.7007257361093124
list:
dist: 1.7007257361093124 vs. 1.7007257361093124
--------
nle(id0,id1,dist): 95 103 1.231501970912074
list:
dist: 1.231501970912074 vs. 1.231501970912074
--------
nle(id0,id1,dist): 95 102 1.6944027642748103
list:
dist: 1.6944027642748103 vs. 1.6944027642748103
--------
nle(id0,id1,dist): 95 105 1.5473999833867502
list:
dist: 1.5473999833867502 vs. 1.5473999833867502
--------
nle(id0,id1,dist): 95 104 1.949335818926219
list:
dist: 1.949335818926219 vs. 1.949335818926219
--------
nle(id0,id1,dist): 95 98 2.0234991652046928
list:
dist: 2.0234991652046928 vs. 2.0234991652046928
--------
nle(id0,id1,dist): 95 99 0.5198103624221748
list:
dist: 0.5198103624221748 vs. 0.5198103624221748
--------
nle(id0,id1,dist): 95 100 1.79534000088574
list:
dist: 1.79534000088574 vs. 1.79534000088574
--------
nle(id0,id1,dist): 95 101 1.4728444888526524
list:
dist: 1.4728444888526524 vs. 1.4728444888526524
--------
nle(id0,id1,dist): 95 96 0.8352206348253182
list:
dist: 0.8352206348253182 vs. 0.8352206348253182
--------
nle(id0,id1,dist): 95 97 0.6236829451799434
list:
dist: 0.6236829451799434 vs. 0.6236829451799434
--------
nle(id0,id1,dist): 96 112 1.9639042239386215
list:
dist: 1.9639042239386215 vs. 1.9639042239386215
--------
nle(id0,id1,dist): 96 111 2.4330906060310302
list:
dist: 2.4330906060310302 vs. 2.4330906060310302
--------
nle(id0,id1,dist): 96 110 2.8392712062992573
list:
dist: 2.8392712062992573 vs. 2.8392712062992573
--------
nle(id0,id1,dist): 96 109 1.3842333377862048
list:
dist: 1.3842333377862048 vs. 1.3842333377862048
--------
nle(id0,id1,dist): 96 108 1.3291220154111598
list:
dist: 1.3291220154111598 vs. 1.3291220154111598
--------
nle(id0,id1,dist): 96 107 2.6370769014600692
list:
dist: 2.6370769014600692 vs. 2.6370769014600692
--------
nle(id0,id1,dist): 96 106 1.28839670587704
list:
dist: 1.28839670587704 vs. 1.28839670587704
--------
nle(id0,id1,dist): 96 105 1.728885555861452
list:
dist: 1.728885555861452 vs. 1.728885555861452
--------
nle(id0,id1,dist): 96 104 2.122216763609542
list:
dist: 2.122216763609542 vs. 2.122216763609542
--------
nle(id0,id1,dist): 96 103 1.1364048414058527
list:
dist: 1.1364048414058527 vs. 1.1364048414058527
--------
nle(id0,id1,dist): 96 102 2.074334804503327
list:
dist: 2.074334804503327 vs. 2.074334804503327
--------
nle(id0,id1,dist): 96 101 1.5911379099919183
list:
dist: 1.5911379099919183 vs. 1.5911379099919183
--------
nle(id0,id1,dist): 96 100 1.7719830775429353
list:
dist: 1.7719830775429353 vs. 1.7719830775429353
--------
nle(id0,id1,dist): 96 99 1.1367833223665875
list:
dist: 1.1367833223665875 vs. 1.1367833223665875
--------
nle(id0,id1,dist): 96 98 1.707853193495018
list:
dist: 1.707853193495018 vs. 1.707853193495018
--------
nle(id0,id1,dist): 96 97 1.3532069424908482
list:
dist: 1.3532069424908482 vs. 1.3532069424908482
--------
nle(id0,id1,dist): 95 119 2.942453364680275
list:
dist: 2.942453364680275 vs. 2.942453364680275
--------
nle(id0,id1,dist): 86 99 3.745001953485073
list:
dist: 3.745001953485073 vs. 3.745001953485073
--------
nle(id0,id1,dist): 86 103 5.1577642653022995
list:
dist: 5.1577642653022995 vs. 5.1577642653022995
--------
nle(id0,id1,dist): 86 110 3.383907419302627
list:
dist: 3.383907419302627 vs. 3.383907419302627
--------
nle(id0,id1,dist): 86 112 3.723751214693107
list:
dist: 3.723751214693107 vs. 3.723751214693107
--------
nle(id0,id1,dist): 86 111 3.3183395583346202
list:
dist: 3.3183395583346202 vs. 3.3183395583346202
--------
nle(id0,id1,dist): 86 118 3.6948134368392056
list:
dist: 3.6948134368392056 vs. 3.6948134368392056
--------
nle(id0,id1,dist): 87 88 1.5651802972032212
list:
dist: 1.5651802972032212 vs. 1.5651802972032212
--------
nle(id0,id1,dist): 87 89 1.898754179349944
list:
dist: 1.898754179349944 vs. 1.898754179349944
--------
nle(id0,id1,dist): 85 87 0.6524849756052553
list:
dist: 0.6524849756052553 vs. 0.6524849756052553
--------
nle(id0,id1,dist): 85 86 1.564715872601527
list:
dist: 1.564715872601527 vs. 1.564715872601527
--------
nle(id0,id1,dist): 85 88 1.9277768701185662
list:
dist: 1.9277768701185662 vs. 1.9277768701185662
--------
nle(id0,id1,dist): 85 89 2.0453242692552656
list:
dist: 2.0453242692552656 vs. 2.0453242692552656
--------
nle(id0,id1,dist): 86 87 1.4334948868400272
list:
dist: 1.4334948868400272 vs. 1.4334948868400272
--------
nle(id0,id1,dist): 86 88 1.9025513859411693
list:
dist: 1.9025513859411693 vs. 1.9025513859411693
--------
nle(id0,id1,dist): 86 89 1.9669890780610106
list:
dist: 1.9669890780610106 vs. 1.9669890780610106
--------
nle(id0,id1,dist): 86 95 4.047297553613177
list:
dist: 4.047297553613177 vs. 4.047297553613177
--------
nle(id0,id1,dist): 86 96 4.131177856222214
list:
dist: 4.131177856222214 vs. 4.131177856222214
--------
nle(id0,id1,dist): 86 97 4.37848755352359
list:
dist: 4.37848755352359 vs. 4.37848755352359
--------
nle(id0,id1,dist): 86 98 4.184164115292638
list:
dist: 4.184164115292638 vs. 4.184164115292638
--------
nle(id0,id1,dist): 86 93 4.883383564209519
list:
dist: 4.883383564209519 vs. 4.883383564209519
--------
nle(id0,id1,dist): 86 94 3.89229748644039
list:
dist: 3.89229748644039 vs. 3.89229748644039
--------
nle(id0,id1,dist): 90 93 1.8116603714187027
list:
dist: 1.8116603714187027 vs. 1.8116603714187027
--------
nle(id0,id1,dist): 90 94 2.39087715855126
list:
dist: 2.39087715855126 vs. 2.39087715855126
--------
nle(id0,id1,dist): 90 91 2.911592031858652
list:
dist: 2.911592031858652 vs. 2.911592031858652
--------
nle(id0,id1,dist): 90 92 0.34375982326112037
list:
dist: 0.34375982326112037 vs. 0.34375982326112037
--------
nle(id0,id1,dist): 90 106 2.8267348386149536
list:
dist: 2.8267348386149536 vs. 2.8267348386149536
--------
nle(id0,id1,dist): 90 105 1.913841192561012
list:
dist: 1.913841192561012 vs. 1.913841192561012
--------
nle(id0,id1,dist): 90 103 1.2991539295471242
list:
dist: 1.2991539295471242 vs. 1.2991539295471242
--------
nle(id0,id1,dist): 90 110 4.363739811487761
list:
dist: 4.363739811487761 vs. 4.363739811487761
--------
nle(id0,id1,dist): 90 109 2.7982054396829064
list:
dist: 2.7982054396829064 vs. 2.7982054396829064
--------
nle(id0,id1,dist): 90 107 3.286415317113874
list:
dist: 3.286415317113874 vs. 3.286415317113874
--------
nle(id0,id1,dist): 90 97 2.4037804109641434
list:
dist: 2.4037804109641434 vs. 2.4037804109641434
--------
nle(id0,id1,dist): 90 96 2.3300296338589677
list:
dist: 2.3300296338589677 vs. 2.3300296338589677
--------
nle(id0,id1,dist): 90 95 2.3336343124058145
list:
dist: 2.3336343124058145 vs. 2.3336343124058145
--------
nle(id0,id1,dist): 90 102 2.779891938391901
list:
dist: 2.779891938391901 vs. 2.779891938391901
--------
nle(id0,id1,dist): 90 101 1.1794969170580016
list:
dist: 1.1794969170580016 vs. 1.1794969170580016
--------
nle(id0,id1,dist): 90 100 1.3161429143290007
list:
dist: 1.3161429143290007 vs. 1.3161429143290007
--------
nle(id0,id1,dist): 90 99 2.826842061992496
list:
dist: 2.826842061992496 vs. 2.826842061992496
--------
nle(id0,id1,dist): 90 112 3.6901188693146922
list:
dist: 3.6901188693146922 vs. 3.6901188693146922
--------
nle(id0,id1,dist): 90 114 4.146496929655307
list:
dist: 4.146496929655307 vs. 4.146496929655307
--------
nle(id0,id1,dist): 91 99 1.1281006195878869
list:
dist: 1.1281006195878869 vs. 1.1281006195878869
--------
nle(id0,id1,dist): 91 98 2.5664059552592526
list:
dist: 2.5664059552592526 vs. 2.5664059552592526
--------
nle(id0,id1,dist): 91 101 2.308156971653987
list:
dist: 2.308156971653987 vs. 2.308156971653987
--------
nle(id0,id1,dist): 91 100 2.224960365111918
list:
dist: 2.224960365111918 vs. 2.224960365111918
--------
nle(id0,id1,dist): 91 103 2.0498190686104847
list:
dist: 2.0498190686104847 vs. 2.0498190686104847
--------
nle(id0,id1,dist): 91 102 1.2403477510733067
list:
dist: 1.2403477510733067 vs. 1.2403477510733067
--------
nle(id0,id1,dist): 91 105 1.6652006553460152
list:
dist: 1.6652006553460152 vs. 1.6652006553460152
--------
nle(id0,id1,dist): 91 104 1.7659192904504248
list:
dist: 1.7659192904504248 vs. 1.7659192904504248
--------
nle(id0,id1,dist): 91 93 1.4097966633079868
list:
dist: 1.4097966633079868 vs. 1.4097966633079868
--------
nle(id0,id1,dist): 91 95 1.304274274490221
list:
dist: 1.304274274490221 vs. 1.304274274490221
--------
nle(id0,id1,dist): 91 94 1.3854951075416537
list:
dist: 1.3854951075416537 vs. 1.3854951075416537
--------
nle(id0,id1,dist): 91 97 0.741904693889575
list:
dist: 0.741904693889575 vs. 0.741904693889575
--------
nle(id0,id1,dist): 91 96 2.0724609210559928
list:
dist: 2.0724609210559928 vs. 2.0724609210559928
--------
nle(id0,id1,dist): 88 98 4.431729821645681
list:
dist: 4.431729821645681 vs. 4.431729821645681
--------
nle(id0,id1,dist): 88 89 0.7288936058570964
list:
dist: 0.7288936058570964 vs. 0.7288936058570964
--------
nle(id0,id1,dist): 88 111 4.318110674142294
list:
dist: 4.318110674142294 vs. 4.318110674142294
--------
nle(id0,id1,dist): 81 82 2.434057490189917
list:
dist: 2.434057490189917 vs. 2.434057490189917
--------
nle(id0,id1,dist): 81 83 1.8022749105569085
list:
dist: 1.8022749105569085 vs. 1.8022749105569085
--------
nle(id0,id1,dist): 81 88 1.6968314371075577
list:
dist: 1.6968314371075577 vs. 1.6968314371075577
--------
nle(id0,id1,dist): 81 89 1.543636300163048
list:
dist: 1.543636300163048 vs. 1.543636300163048
--------
nle(id0,id1,dist): 81 86 1.5947289605914705
list:
dist: 1.5947289605914705 vs. 1.5947289605914705
--------
nle(id0,id1,dist): 81 87 1.1540765036609593
list:
dist: 1.1540765036609593 vs. 1.1540765036609593
--------
nle(id0,id1,dist): 81 84 1.861720957080533
list:
dist: 1.861720957080533 vs. 1.861720957080533
--------
nle(id0,id1,dist): 81 85 0.7689192884251493
list:
dist: 0.7689192884251493 vs. 0.7689192884251493
--------
nle(id0,id1,dist): 80 85 1.706326419189442
list:
dist: 1.706326419189442 vs. 1.706326419189442
--------
nle(id0,id1,dist): 80 86 3.1340829514690456
list:
dist: 3.1340829514690456 vs. 3.1340829514690456
--------
nle(id0,id1,dist): 80 87 1.7657813061868608
list:
dist: 1.7657813061868608 vs. 1.7657813061868608
--------
nle(id0,id1,dist): 80 88 2.9247732085332854
list:
dist: 2.9247732085332854 vs. 2.9247732085332854
--------
nle(id0,id1,dist): 80 81 2.2657345990769766
list:
dist: 2.2657345990769766 vs. 2.2657345990769766
--------
nle(id0,id1,dist): 80 82 1.89783798394857
list:
dist: 1.89783798394857 vs. 1.89783798394857
--------
nle(id0,id1,dist): 80 83 1.7001866730567552
list:
dist: 1.7001866730567552 vs. 1.7001866730567552
--------
nle(id0,id1,dist): 80 84 1.2446909497948255
list:
dist: 1.2446909497948255 vs. 1.2446909497948255
--------
nle(id0,id1,dist): 80 89 3.252349151888863
list:
dist: 3.252349151888863 vs. 3.252349151888863
--------
nle(id0,id1,dist): 79 111 3.73284366961684
list:
dist: 3.73284366961684 vs. 3.73284366961684
--------
nle(id0,id1,dist): 79 88 0.7444934889918056
list:
dist: 0.7444934889918056 vs. 0.7444934889918056
--------
nle(id0,id1,dist): 79 89 1.4508984350057976
list:
dist: 1.4508984350057976 vs. 1.4508984350057976
--------
nle(id0,id1,dist): 79 86 1.8729618435746822
list:
dist: 1.8729618435746822 vs. 1.8729618435746822
--------
nle(id0,id1,dist): 79 87 1.4096054206778479
list:
dist: 1.4096054206778479 vs. 1.4096054206778479
--------
nle(id0,id1,dist): 79 98 3.695008821643428
list:
dist: 3.695008821643428 vs. 3.695008821643428
--------
nle(id0,id1,dist): 78 111 4.990454140392929
list:
dist: 4.990454140392929 vs. 4.990454140392929
--------
nle(id0,id1,dist): 79 81 2.0219697524801847
list:
dist: 2.0219697524801847 vs. 2.0219697524801847
--------
nle(id0,id1,dist): 79 80 2.765650544695915
list:
dist: 2.765650544695915 vs. 2.765650544695915
--------
nle(id0,id1,dist): 79 85 1.9686152375057893
list:
dist: 1.9686152375057893 vs. 1.9686152375057893
--------
nle(id0,id1,dist): 79 84 3.1018741415708466
list:
dist: 3.1018741415708466 vs. 3.1018741415708466
--------
nle(id0,id1,dist): 79 83 2.0268951865257003
list:
dist: 2.0268951865257003 vs. 2.0268951865257003
--------
nle(id0,id1,dist): 78 98 4.375838161423977
list:
dist: 4.375838161423977 vs. 4.375838161423977
--------
nle(id0,id1,dist): 78 80 2.4687247769620164
list:
dist: 2.4687247769620164 vs. 2.4687247769620164
--------
nle(id0,id1,dist): 78 79 1.5563595624341464
list:
dist: 1.5563595624341464 vs. 1.5563595624341464
--------
nle(id0,id1,dist): 78 81 2.6264560400509045
list:
dist: 2.6264560400509045 vs. 2.6264560400509045
--------
nle(id0,id1,dist): 78 84 3.3026449601376524
list:
dist: 3.3026449601376524 vs. 3.3026449601376524
--------
nle(id0,id1,dist): 78 83 2.7529018395899496
list:
dist: 2.7529018395899496 vs. 2.7529018395899496
--------
nle(id0,id1,dist): 78 86 3.226296559436801
list:
dist: 3.226296559436801 vs. 3.226296559436801
--------
nle(id0,id1,dist): 78 85 2.5663943916162433
list:
dist: 2.5663943916162433 vs. 2.5663943916162433
--------
nle(id0,id1,dist): 78 88 1.6481847734147606
list:
dist: 1.6481847734147606 vs. 1.6481847734147606
--------
nle(id0,id1,dist): 78 87 2.166830447596625
list:
dist: 2.166830447596625 vs. 2.166830447596625
--------
nle(id0,id1,dist): 78 89 2.178021320146306
list:
dist: 2.178021320146306 vs. 2.178021320146306
--------
nle(id0,id1,dist): 84 89 3.2776092533561663
list:
dist: 3.2776092533561663 vs. 3.2776092533561663
--------
nle(id0,id1,dist): 84 87 1.734958607476139
list:
dist: 1.734958607476139 vs. 1.734958607476139
--------
nle(id0,id1,dist): 84 88 3.1436777743970152
list:
dist: 3.1436777743970152 vs. 3.1436777743970152
--------
nle(id0,id1,dist): 84 85 1.3027936273401084
list:
dist: 1.3027936273401084 vs. 1.3027936273401084
--------
nle(id0,id1,dist): 84 86 2.6882441973647433
list:
dist: 2.6882441973647433 vs. 2.6882441973647433
--------
nle(id0,id1,dist): 83 118 4.105644773333037
list:
dist: 4.105644773333037 vs. 4.105644773333037
--------
nle(id0,id1,dist): 83 111 3.4571931451360505
list:
dist: 3.4571931451360505 vs. 3.4571931451360505
--------
nle(id0,id1,dist): 83 110 3.6912817920898653
list:
dist: 3.6912817920898653 vs. 3.6912817920898653
--------
nle(id0,id1,dist): 83 112 3.58995756581212
list:
dist: 3.58995756581212 vs. 3.58995756581212
--------
nle(id0,id1,dist): 83 103 4.174400823796021
list:
dist: 4.174400823796021 vs. 4.174400823796021
--------
nle(id0,id1,dist): 83 99 3.2109889721212
list:
dist: 3.2109889721212 vs. 3.2109889721212
--------
nle(id0,id1,dist): 83 98 3.5982072980333473
list:
dist: 3.5982072980333473 vs. 3.5982072980333473
--------
nle(id0,id1,dist): 83 94 3.1634438859894014
list:
dist: 3.1634438859894014 vs. 3.1634438859894014
--------
nle(id0,id1,dist): 83 95 3.3177074015845958
list:
dist: 3.3177074015845958 vs. 3.3177074015845958
--------
nle(id0,id1,dist): 83 96 3.134657644128814
list:
dist: 3.134657644128814 vs. 3.134657644128814
--------
nle(id0,id1,dist): 83 97 3.8326337470341696
list:
dist: 3.8326337470341696 vs. 3.8326337470341696
--------
nle(id0,id1,dist): 83 93 4.109450856948424
list:
dist: 4.109450856948424 vs. 4.109450856948424
--------
nle(id0,id1,dist): 83 86 1.7074452318211777
list:
dist: 1.7074452318211777 vs. 1.7074452318211777
--------
nle(id0,id1,dist): 83 87 0.8498071772163478
list:
dist: 0.8498071772163478 vs. 0.8498071772163478
--------
nle(id0,id1,dist): 83 88 2.3547833807796383
list:
dist: 2.3547833807796383 vs. 2.3547833807796383
--------
nle(id0,id1,dist): 83 89 2.7238301974742436
list:
dist: 2.7238301974742436 vs. 2.7238301974742436
--------
nle(id0,id1,dist): 83 84 1.5307300753342434
list:
dist: 1.5307300753342434 vs. 1.5307300753342434
--------
nle(id0,id1,dist): 83 85 1.079062158621648
list:
dist: 1.079062158621648 vs. 1.079062158621648
--------
nle(id0,id1,dist): 82 87 2.394560162515955
list:
dist: 2.394560162515955 vs. 2.394560162515955
--------
nle(id0,id1,dist): 82 84 0.7764144389238888
list:
dist: 0.7764144389238888 vs. 0.7764144389238888
--------
nle(id0,id1,dist): 82 83 2.0372786661988904
list:
dist: 2.0372786661988904 vs. 2.0372786661988904
--------
nle(id0,id1,dist): 82 86 3.0982238934163044
list:
dist: 3.0982238934163044 vs. 3.0982238934163044
--------
nle(id0,id1,dist): 82 85 1.9306712649981455
list:
dist: 1.9306712649981455 vs. 1.9306712649981455
--------
nle(id0,id1,dist): 74 76 2.3338160652142683
list:
dist: 2.3338160652142683 vs. 2.3338160652142683
--------
nle(id0,id1,dist): 74 75 0.9519119316290273
list:
dist: 0.9519119316290273 vs. 0.9519119316290273
--------
nle(id0,id1,dist): 74 78 1.584324900155814
list:
dist: 1.584324900155814 vs. 1.584324900155814
--------
nle(id0,id1,dist): 74 77 0.8785747549959653
list:
dist: 0.8785747549959653 vs. 0.8785747549959653
--------
nle(id0,id1,dist): 74 83 2.1754485090092803
list:
dist: 2.1754485090092803 vs. 2.1754485090092803
--------
nle(id0,id1,dist): 74 84 1.9778085685375075
list:
dist: 1.9778085685375075 vs. 1.9778085685375075
--------
nle(id0,id1,dist): 74 85 1.7127181768564226
list:
dist: 1.7127181768564226 vs. 1.7127181768564226
--------
nle(id0,id1,dist): 74 86 3.046121515748427
list:
dist: 3.046121515748427 vs. 3.046121515748427
--------
nle(id0,id1,dist): 74 79 2.235144497522983
list:
dist: 2.235144497522983 vs. 2.235144497522983
--------
nle(id0,id1,dist): 74 80 1.2232848004970982
list:
dist: 1.2232848004970982 vs. 1.2232848004970982
--------
nle(id0,id1,dist): 74 81 1.8837431722836353
list:
dist: 1.8837431722836353 vs. 1.8837431722836353
--------
nle(id0,id1,dist): 74 87 1.7056335265843081
list:
dist: 1.7056335265843081 vs. 1.7056335265843081
--------
nle(id0,id1,dist): 74 88 2.166180770285014
list:
dist: 2.166180770285014 vs. 2.166180770285014
--------
nle(id0,id1,dist): 74 89 2.4225964410210405
list:
dist: 2.4225964410210405 vs. 2.4225964410210405
--------
nle(id0,id1,dist): 73 75 2.520749152591481
list:
dist: 2.520749152591481 vs. 2.520749152591481
--------
nle(id0,id1,dist): 73 74 1.9500467126330299
list:
dist: 1.9500467126330299 vs. 1.9500467126330299
--------
nle(id0,id1,dist): 73 82 3.433519512935041
list:
dist: 3.433519512935041 vs. 3.433519512935041
--------
nle(id0,id1,dist): 73 80 1.9452921663028175
list:
dist: 1.9452921663028175 vs. 1.9452921663028175
--------
nle(id0,id1,dist): 73 78 2.9506228051562293
list:
dist: 2.9506228051562293 vs. 2.9506228051562293
--------
nle(id0,id1,dist): 73 77 2.8081275578902387
list:
dist: 2.8081275578902387 vs. 2.8081275578902387
--------
nle(id0,id1,dist): 73 84 2.9325175937804198
list:
dist: 2.9325175937804198 vs. 2.9325175937804198
--------
nle(id0,id1,dist): 72 74 0.9017343628866852
list:
dist: 0.9017343628866852 vs. 0.9017343628866852
--------
nle(id0,id1,dist): 72 73 1.0746089679064417
list:
dist: 1.0746089679064417 vs. 1.0746089679064417
--------
nle(id0,id1,dist): 72 76 3.2227324584996664
list:
dist: 3.2227324584996664 vs. 3.2227324584996664
--------
nle(id0,id1,dist): 72 75 1.6522425299178642
list:
dist: 1.6522425299178642 vs. 1.6522425299178642
--------
nle(id0,id1,dist): 72 78 2.2090427411550664
list:
dist: 2.2090427411550664 vs. 2.2090427411550664
--------
nle(id0,id1,dist): 72 77 1.769499446318341
list:
dist: 1.769499446318341 vs. 1.769499446318341
--------
nle(id0,id1,dist): 72 80 1.2027528120243292
list:
dist: 1.2027528120243292 vs. 1.2027528120243292
--------
nle(id0,id1,dist): 72 79 3.0842732005038
list:
dist: 3.0842732005038 vs. 3.0842732005038
--------
nle(id0,id1,dist): 72 82 2.7875783503337948
list:
dist: 2.7875783503337948 vs. 2.7875783503337948
--------
nle(id0,id1,dist): 72 81 2.6307578825655846
list:
dist: 2.6307578825655846 vs. 2.6307578825655846
--------
nle(id0,id1,dist): 72 84 2.1468553791282265
list:
dist: 2.1468553791282265 vs. 2.1468553791282265
--------
nle(id0,id1,dist): 72 83 2.719404359600975
list:
dist: 2.719404359600975 vs. 2.719404359600975
--------
nle(id0,id1,dist): 72 86 3.839561495003009
list:
dist: 3.839561495003009 vs. 3.839561495003009
--------
nle(id0,id1,dist): 72 85 2.3826247299031613
list:
dist: 2.3826247299031613 vs. 2.3826247299031613
--------
nle(id0,id1,dist): 72 88 3.062001362502563
list:
dist: 3.062001362502563 vs. 3.062001362502563
--------
nle(id0,id1,dist): 72 87 2.4573954362989716
list:
dist: 2.4573954362989716 vs. 2.4573954362989716
--------
nle(id0,id1,dist): 72 89 3.305930963961507
list:
dist: 3.305930963961507 vs. 3.305930963961507
--------
nle(id0,id1,dist): 71 81 2.6940342387007257
list:
dist: 2.6940342387007257 vs. 2.6940342387007257
--------
nle(id0,id1,dist): 71 80 0.7935795355386958
list:
dist: 0.7935795355386958 vs. 0.7935795355386958
--------
nle(id0,id1,dist): 71 79 3.3736047604890254
list:
dist: 3.3736047604890254 vs. 3.3736047604890254
--------
nle(id0,id1,dist): 71 78 3.2376279159495063
list:
dist: 3.2376279159495063 vs. 3.2376279159495063
--------
nle(id0,id1,dist): 71 85 2.05419180673023
list:
dist: 2.05419180673023 vs. 2.05419180673023
--------
nle(id0,id1,dist): 71 84 1.09448879975654
list:
dist: 1.09448879975654 vs. 1.09448879975654
--------
nle(id0,id1,dist): 71 83 1.8558995590828102
list:
dist: 1.8558995590828102 vs. 1.8558995590828102
--------
nle(id0,id1,dist): 71 82 1.4491588959183943
list:
dist: 1.4491588959183943 vs. 1.4491588959183943
--------
nle(id0,id1,dist): 71 89 3.8748946633463044
list:
dist: 3.8748946633463044 vs. 3.8748946633463044
--------
nle(id0,id1,dist): 71 88 3.572855889722168
list:
dist: 3.572855889722168 vs. 3.572855889722168
--------
nle(id0,id1,dist): 71 87 2.2084041366873532
list:
dist: 2.2084041366873532 vs. 2.2084041366873532
--------
nle(id0,id1,dist): 71 86 3.415787369122476
list:
dist: 3.415787369122476 vs. 3.415787369122476
--------
nle(id0,id1,dist): 77 88 1.3450613955530586
list:
dist: 1.3450613955530586 vs. 1.3450613955530586
--------
nle(id0,id1,dist): 77 89 1.673159466937119
list:
dist: 1.673159466937119 vs. 1.673159466937119
--------
nle(id0,id1,dist): 77 84 2.067595550962715
list:
dist: 2.067595550962715 vs. 2.067595550962715
--------
nle(id0,id1,dist): 77 85 1.235026618193867
list:
dist: 1.235026618193867 vs. 1.235026618193867
--------
nle(id0,id1,dist): 77 86 2.2639157157765513
list:
dist: 2.2639157157765513 vs. 2.2639157157765513
--------
nle(id0,id1,dist): 77 87 1.03680467324554
list:
dist: 1.03680467324554 vs. 1.03680467324554
--------
nle(id0,id1,dist): 77 80 1.6345413959205186
list:
dist: 1.6345413959205186 vs. 1.6345413959205186
--------
nle(id0,id1,dist): 77 81 1.3385279726986645
list:
dist: 1.3385279726986645 vs. 1.3385279726986645
--------
nle(id0,id1,dist): 77 83 1.7417358098679392
list:
dist: 1.7417358098679392 vs. 1.7417358098679392
--------
nle(id0,id1,dist): 76 98 4.163052372265514
list:
dist: 4.163052372265514 vs. 4.163052372265514
--------
nle(id0,id1,dist): 76 89 0.99089346993188
list:
dist: 0.99089346993188 vs. 0.99089346993188
--------
nle(id0,id1,dist): 76 87 1.2149562608133482
list:
dist: 1.2149562608133482 vs. 1.2149562608133482
--------
nle(id0,id1,dist): 76 88 0.6380872952085919
list:
dist: 0.6380872952085919 vs. 0.6380872952085919
--------
nle(id0,id1,dist): 76 85 1.599721992882664
list:
dist: 1.599721992882664 vs. 1.599721992882664
--------
nle(id0,id1,dist): 76 86 1.2757247868164259
list:
dist: 1.2757247868164259 vs. 1.2757247868164259
--------
nle(id0,id1,dist): 77 79 1.4250498757871763
list:
dist: 1.4250498757871763 vs. 1.4250498757871763
--------
nle(id0,id1,dist): 77 78 1.3733121924018894
list:
dist: 1.3733121924018894 vs. 1.3733121924018894
--------
nle(id0,id1,dist): 76 111 3.836872236604981
list:
dist: 3.836872236604981 vs. 3.836872236604981
--------
nle(id0,id1,dist): 76 78 2.0837565584948425
list:
dist: 2.0837565584948425 vs. 2.0837565584948425
--------
nle(id0,id1,dist): 76 77 1.4559590721557205
list:
dist: 1.4559590721557205 vs. 1.4559590721557205
--------
nle(id0,id1,dist): 76 80 2.8475407631004956
list:
dist: 2.8475407631004956 vs. 2.8475407631004956
--------
nle(id0,id1,dist): 76 79 0.7755462796229717
list:
dist: 0.7755462796229717 vs. 0.7755462796229717
--------
nle(id0,id1,dist): 76 81 1.46599462579077
list:
dist: 1.46599462579077 vs. 1.46599462579077
--------
nle(id0,id1,dist): 76 84 2.8754255113114273
list:
dist: 2.8754255113114273 vs. 2.8754255113114273
--------
nle(id0,id1,dist): 76 83 1.933626621886247
list:
dist: 1.933626621886247 vs. 1.933626621886247
--------
nle(id0,id1,dist): 75 85 1.9794049943927148
list:
dist: 1.9794049943927148 vs. 1.9794049943927148
--------
nle(id0,id1,dist): 75 84 2.5962366262168444
list:
dist: 2.5962366262168444 vs. 2.5962366262168444
--------
nle(id0,id1,dist): 75 83 2.18424991963439
list:
dist: 2.18424991963439 vs. 2.18424991963439
--------
nle(id0,id1,dist): 75 89 2.154858061270502
list:
dist: 2.154858061270502 vs. 2.154858061270502
--------
nle(id0,id1,dist): 75 88 1.6652893827143584
list:
dist: 1.6652893827143584 vs. 1.6652893827143584
--------
nle(id0,id1,dist): 75 87 1.6458656229337967
list:
dist: 1.6458656229337967 vs. 1.6458656229337967
--------
nle(id0,id1,dist): 75 86 2.8999619537618493
list:
dist: 2.8999619537618493 vs. 2.8999619537618493
--------
nle(id0,id1,dist): 75 77 0.8176462944248563
list:
dist: 0.8176462944248563 vs. 0.8176462944248563
--------
nle(id0,id1,dist): 75 76 1.936719322033779
list:
dist: 1.936719322033779 vs. 1.936719322033779
--------
nle(id0,id1,dist): 75 81 2.1548750391611984
list:
dist: 2.1548750391611984 vs. 2.1548750391611984
--------
nle(id0,id1,dist): 75 80 1.766549778728311
list:
dist: 1.766549778728311 vs. 1.766549778728311
--------
nle(id0,id1,dist): 75 79 1.557282098845546
list:
dist: 1.557282098845546 vs. 1.557282098845546
--------
nle(id0,id1,dist): 75 78 0.7174974636093512
list:
dist: 0.7174974636093512 vs. 0.7174974636093512
--------
nle(id0,id1,dist): 120 145 3.1851941794291463
list:
dist: 3.1851941794291463 vs. 3.1851941794291463
--------
nle(id0,id1,dist): 120 137 3.9056187115778425
list:
dist: 3.9056187115778425 vs. 3.9056187115778425
--------
nle(id0,id1,dist): 120 138 3.263268453547478
list:
dist: 3.263268453547478 vs. 3.263268453547478
--------
nle(id0,id1,dist): 120 140 3.3510930238569663
list:
dist: 3.3510930238569663 vs. 3.3510930238569663
--------
nle(id0,id1,dist): 120 141 1.6329871203665467
list:
dist: 1.6329871203665467 vs. 1.6329871203665467
--------
nle(id0,id1,dist): 120 130 2.006833467414405
list:
dist: 2.006833467414405 vs. 2.006833467414405
--------
nle(id0,id1,dist): 120 129 2.601546095810396
list:
dist: 2.601546095810396 vs. 2.601546095810396
--------
nle(id0,id1,dist): 120 132 2.656031901247076
list:
dist: 2.656031901247076 vs. 2.656031901247076
--------
nle(id0,id1,dist): 120 131 2.503077738731138
list:
dist: 2.503077738731138 vs. 2.503077738731138
--------
nle(id0,id1,dist): 120 134 2.860396157272149
list:
dist: 2.860396157272149 vs. 2.860396157272149
--------
nle(id0,id1,dist): 120 122 1.4726329358894155
list:
dist: 1.4726329358894155 vs. 1.4726329358894155
--------
nle(id0,id1,dist): 120 121 2.0758059683915215
list:
dist: 2.0758059683915215 vs. 2.0758059683915215
--------
nle(id0,id1,dist): 120 124 0.6840988892239287
list:
dist: 0.6840988892239287 vs. 0.6840988892239287
--------
nle(id0,id1,dist): 120 123 3.33028532389204
list:
dist: 3.33028532389204 vs. 3.33028532389204
--------
nle(id0,id1,dist): 120 125 2.010966969242402
list:
dist: 2.010966969242402 vs. 2.010966969242402
--------
nle(id0,id1,dist): 120 128 3.556125789031723
list:
dist: 3.556125789031723 vs. 3.556125789031723
--------
nle(id0,id1,dist): 120 127 1.9671772418014
list:
dist: 1.9671772418014 vs. 1.9671772418014
--------
nle(id0,id1,dist): 121 142 2.7731880784429377
list:
dist: 2.7731880784429377 vs. 2.7731880784429377
--------
nle(id0,id1,dist): 121 143 3.0746311718698944
list:
dist: 3.0746311718698944 vs. 3.0746311718698944
--------
nle(id0,id1,dist): 121 140 2.9218984438463056
list:
dist: 2.9218984438463056 vs. 2.9218984438463056
--------
nle(id0,id1,dist): 121 141 0.8547235316806774
list:
dist: 0.8547235316806774 vs. 0.8547235316806774
--------
nle(id0,id1,dist): 121 147 3.161380991801435
list:
dist: 3.161380991801435 vs. 3.161380991801435
--------
nle(id0,id1,dist): 121 144 3.2259659856302356
list:
dist: 3.2259659856302356 vs. 3.2259659856302356
--------
nle(id0,id1,dist): 121 145 3.118765579026984
list:
dist: 3.118765579026984 vs. 3.118765579026984
--------
nle(id0,id1,dist): 121 134 2.5136070484515343
list:
dist: 2.5136070484515343 vs. 2.5136070484515343
--------
nle(id0,id1,dist): 121 135 2.1044931416804817
list:
dist: 2.1044931416804817 vs. 2.1044931416804817
--------
nle(id0,id1,dist): 121 132 3.11029694860937
list:
dist: 3.11029694860937 vs. 3.11029694860937
--------
nle(id0,id1,dist): 121 133 2.0853180301749603
list:
dist: 2.0853180301749603 vs. 2.0853180301749603
--------
nle(id0,id1,dist): 121 138 2.8520397730270086
list:
dist: 2.8520397730270086 vs. 2.8520397730270086
--------
nle(id0,id1,dist): 121 139 2.3777533420746333
list:
dist: 2.3777533420746333 vs. 2.3777533420746333
--------
nle(id0,id1,dist): 121 136 3.1215213835175732
list:
dist: 3.1215213835175732 vs. 3.1215213835175732
--------
nle(id0,id1,dist): 121 137 2.6669585541845953
list:
dist: 2.6669585541845953 vs. 2.6669585541845953
--------
nle(id0,id1,dist): 121 127 3.0071306894122407
list:
dist: 3.0071306894122407 vs. 3.0071306894122407
--------
nle(id0,id1,dist): 121 126 1.7815072358807928
list:
dist: 1.7815072358807928 vs. 1.7815072358807928
--------
nle(id0,id1,dist): 121 125 0.8823733264084624
list:
dist: 0.8823733264084624 vs. 0.8823733264084624
--------
nle(id0,id1,dist): 121 124 1.7393786171080352
list:
dist: 1.7393786171080352 vs. 1.7393786171080352
--------
nle(id0,id1,dist): 121 131 1.334583970979647
list:
dist: 1.334583970979647 vs. 1.334583970979647
--------
nle(id0,id1,dist): 121 130 2.61892461617401
list:
dist: 2.61892461617401 vs. 2.61892461617401
--------
nle(id0,id1,dist): 121 129 2.289453740587834
list:
dist: 2.289453740587834 vs. 2.289453740587834
--------
nle(id0,id1,dist): 121 128 2.3221457867252004
list:
dist: 2.3221457867252004 vs. 2.3221457867252004
--------
nle(id0,id1,dist): 121 123 3.743319337866524
list:
dist: 3.743319337866524 vs. 3.743319337866524
--------
nle(id0,id1,dist): 121 122 2.31344130594066
list:
dist: 2.31344130594066 vs. 2.31344130594066
--------
nle(id0,id1,dist): 122 132 2.7934668753672667
list:
dist: 2.7934668753672667 vs. 2.7934668753672667
--------
nle(id0,id1,dist): 122 131 2.08080449851709
list:
dist: 2.08080449851709 vs. 2.08080449851709
--------
nle(id0,id1,dist): 122 134 2.732961972119306
list:
dist: 2.732961972119306 vs. 2.732961972119306
--------
nle(id0,id1,dist): 122 133 2.4568379215380363
list:
dist: 2.4568379215380363 vs. 2.4568379215380363
--------
nle(id0,id1,dist): 122 128 3.312712279155305
list:
dist: 3.312712279155305 vs. 3.312712279155305
--------
nle(id0,id1,dist): 122 127 1.7690133622502178
list:
dist: 1.7690133622502178 vs. 1.7690133622502178
--------
nle(id0,id1,dist): 122 130 1.0423498517442424
list:
dist: 1.0423498517442424 vs. 1.0423498517442424
--------
nle(id0,id1,dist): 122 129 2.8645316369145197
list:
dist: 2.8645316369145197 vs. 2.8645316369145197
--------
nle(id0,id1,dist): 122 140 2.6385141640416894
list:
dist: 2.6385141640416894 vs. 2.6385141640416894
--------
nle(id0,id1,dist): 122 142 3.5057241031327053
list:
dist: 3.5057241031327053 vs. 3.5057241031327053
--------
nle(id0,id1,dist): 122 141 1.7994683055432938
list:
dist: 1.7994683055432938 vs. 1.7994683055432938
--------
nle(id0,id1,dist): 122 135 3.2896395784856454
list:
dist: 3.2896395784856454 vs. 3.2896395784856454
--------
nle(id0,id1,dist): 122 138 2.8729014068972094
list:
dist: 2.8729014068972094 vs. 2.8729014068972094
--------
nle(id0,id1,dist): 122 137 3.541873122666229
list:
dist: 3.541873122666229 vs. 3.541873122666229
--------
nle(id0,id1,dist): 121 148 3.5211626609705564
list:
dist: 3.5211626609705564 vs. 3.5211626609705564
--------
nle(id0,id1,dist): 121 149 3.252496440451262
list:
dist: 3.252496440451262 vs. 3.252496440451262
--------
nle(id0,id1,dist): 122 123 3.6401367867043812
list:
dist: 3.6401367867043812 vs. 3.6401367867043812
--------
nle(id0,id1,dist): 122 124 1.653595461449706
list:
dist: 1.653595461449706 vs. 1.653595461449706
--------
nle(id0,id1,dist): 122 125 2.759822436104032
list:
dist: 2.759822436104032 vs. 2.759822436104032
--------
nle(id0,id1,dist): 122 126 3.030296709575507
list:
dist: 3.030296709575507 vs. 3.030296709575507
--------
nle(id0,id1,dist): 123 129 1.5534689473394618
list:
dist: 1.5534689473394618 vs. 1.5534689473394618
--------
nle(id0,id1,dist): 123 128 2.8854398200720826
list:
dist: 2.8854398200720826 vs. 2.8854398200720826
--------
nle(id0,id1,dist): 123 127 2.064591867722464
list:
dist: 2.064591867722464 vs. 2.064591867722464
--------
nle(id0,id1,dist): 123 125 3.873115786383733
list:
dist: 3.873115786383733 vs. 3.873115786383733
--------
nle(id0,id1,dist): 123 124 2.788258615159401
list:
dist: 2.788258615159401 vs. 2.788258615159401
--------
nle(id0,id1,dist): 123 137 3.107983315105435
list:
dist: 3.107983315105435 vs. 3.107983315105435
--------
nle(id0,id1,dist): 123 136 2.4766546647196814
list:
dist: 2.4766546647196814 vs. 2.4766546647196814
--------
nle(id0,id1,dist): 123 134 1.6986845913171973
list:
dist: 1.6986845913171973 vs. 1.6986845913171973
--------
nle(id0,id1,dist): 123 132 0.8658961332305034
list:
dist: 0.8658961332305034 vs. 0.8658961332305034
--------
nle(id0,id1,dist): 123 131 3.2209667946340694
list:
dist: 3.2209667946340694 vs. 3.2209667946340694
--------
nle(id0,id1,dist): 123 130 2.8987329525243486
list:
dist: 2.8987329525243486 vs. 2.8987329525243486
--------
nle(id0,id1,dist): 122 147 4.017874208810667
list:
dist: 4.017874208810667 vs. 4.017874208810667
--------
nle(id0,id1,dist): 122 145 2.612150548579958
list:
dist: 2.612150548579958 vs. 2.612150548579958
--------
nle(id0,id1,dist): 122 143 3.5864566175218506
list:
dist: 3.5864566175218506 vs. 3.5864566175218506
--------
nle(id0,id1,dist): 122 144 3.94214636873541
list:
dist: 3.94214636873541 vs. 3.94214636873541
--------
nle(id0,id1,dist): 124 125 1.7246033350225718
list:
dist: 1.7246033350225718 vs. 1.7246033350225718
--------
nle(id0,id1,dist): 124 128 2.9625526648100595
list:
dist: 2.9625526648100595 vs. 2.9625526648100595
--------
nle(id0,id1,dist): 124 127 1.7339561165864648
list:
dist: 1.7339561165864648 vs. 1.7339561165864648
--------
nle(id0,id1,dist): 124 130 1.8752163312309664
list:
dist: 1.8752163312309664 vs. 1.8752163312309664
--------
nle(id0,id1,dist): 124 129 1.93446277892375
list:
dist: 1.93446277892375 vs. 1.93446277892375
--------
nle(id0,id1,dist): 124 132 2.131435116317851
list:
dist: 2.131435116317851 vs. 2.131435116317851
--------
nle(id0,id1,dist): 124 131 2.067012848206333
list:
dist: 2.067012848206333 vs. 2.067012848206333
--------
nle(id0,id1,dist): 123 138 2.027713676906381
list:
dist: 2.027713676906381 vs. 2.027713676906381
--------
nle(id0,id1,dist): 123 139 3.0709876678655825
list:
dist: 3.0709876678655825 vs. 3.0709876678655825
--------
nle(id0,id1,dist): 123 140 2.6428022066020658
list:
dist: 2.6428022066020658 vs. 2.6428022066020658
--------
nle(id0,id1,dist): 123 141 4.073851945265751
list:
dist: 4.073851945265751 vs. 4.073851945265751
--------
nle(id0,id1,dist): 123 145 2.1036882901174327
list:
dist: 2.1036882901174327 vs. 2.1036882901174327
--------
nle(id0,id1,dist): 123 146 1.517852550642103
list:
dist: 1.517852550642103 vs. 1.517852550642103
--------
nle(id0,id1,dist): 123 148 2.8892791744023048
list:
dist: 2.8892791744023048 vs. 2.8892791744023048
--------
nle(id0,id1,dist): 123 149 2.625625367531999
list:
dist: 2.625625367531999 vs. 2.625625367531999
--------
nle(id0,id1,dist): 124 149 3.5807417135960247
list:
dist: 3.5807417135960247 vs. 3.5807417135960247
--------
nle(id0,id1,dist): 125 127 3.3151803542270297
list:
dist: 3.3151803542270297 vs. 3.3151803542270297
--------
nle(id0,id1,dist): 125 126 2.566792475240759
list:
dist: 2.566792475240759 vs. 2.566792475240759
--------
nle(id0,id1,dist): 124 136 3.4549204666071964
list:
dist: 3.4549204666071964 vs. 3.4549204666071964
--------
nle(id0,id1,dist): 124 134 2.2576003606324644
list:
dist: 2.2576003606324644 vs. 2.2576003606324644
--------
nle(id0,id1,dist): 124 139 3.1426395370596447
list:
dist: 3.1426395370596447 vs. 3.1426395370596447
--------
nle(id0,id1,dist): 124 140 2.900102655898902
list:
dist: 2.900102655898902 vs. 2.900102655898902
--------
nle(id0,id1,dist): 124 137 3.33018391685714
list:
dist: 3.33018391685714 vs. 3.33018391685714
--------
nle(id0,id1,dist): 124 138 2.713840136821465
list:
dist: 2.713840136821465 vs. 2.713840136821465
--------
nle(id0,id1,dist): 124 141 1.591281537247636
list:
dist: 1.591281537247636 vs. 1.591281537247636
--------
nle(id0,id1,dist): 124 148 3.930984614883666
list:
dist: 3.930984614883666 vs. 3.930984614883666
--------
nle(id0,id1,dist): 124 145 2.729367614505262
list:
dist: 2.729367614505262 vs. 2.729367614505262
--------
nle(id0,id1,dist): 112 119 1.4469648401642656
list:
dist: 1.4469648401642656 vs. 1.4469648401642656
--------
nle(id0,id1,dist): 112 117 1.579305300281381
list:
dist: 1.579305300281381 vs. 1.579305300281381
--------
nle(id0,id1,dist): 112 118 1.3005818239388731
list:
dist: 1.3005818239388731 vs. 1.3005818239388731
--------
nle(id0,id1,dist): 112 115 1.1906275211909603
list:
dist: 1.1906275211909603 vs. 1.1906275211909603
--------
nle(id0,id1,dist): 112 116 1.8190974652910346
list:
dist: 1.8190974652910346 vs. 1.8190974652910346
--------
nle(id0,id1,dist): 112 113 1.5624895751019006
list:
dist: 1.5624895751019006 vs. 1.5624895751019006
--------
nle(id0,id1,dist): 112 114 0.8085795104741396
list:
dist: 0.8085795104741396 vs. 0.8085795104741396
--------
nle(id0,id1,dist): 113 116 1.9731319108770269
list:
dist: 1.9731319108770269 vs. 1.9731319108770269
--------
nle(id0,id1,dist): 113 117 1.4107188165547069
list:
dist: 1.4107188165547069 vs. 1.4107188165547069
--------
nle(id0,id1,dist): 113 118 1.902136711875536
list:
dist: 1.902136711875536 vs. 1.902136711875536
--------
nle(id0,id1,dist): 113 119 1.2302958665236634
list:
dist: 1.2302958665236634 vs. 1.2302958665236634
--------
nle(id0,id1,dist): 113 114 0.9276114614481117
list:
dist: 0.9276114614481117 vs. 0.9276114614481117
--------
nle(id0,id1,dist): 113 115 0.8128087646411445
list:
dist: 0.8128087646411445 vs. 0.8128087646411445
--------
nle(id0,id1,dist): 114 117 1.2004567953119218
list:
dist: 1.2004567953119218 vs. 1.2004567953119218
--------
nle(id0,id1,dist): 114 118 1.0745068003783622
list:
dist: 1.0745068003783622 vs. 1.0745068003783622
--------
nle(id0,id1,dist): 114 115 0.4676425213352311
list:
dist: 0.4676425213352311 vs. 0.4676425213352311
--------
nle(id0,id1,dist): 114 116 1.3547759033617182
list:
dist: 1.3547759033617182 vs. 1.3547759033617182
--------
nle(id0,id1,dist): 114 119 0.7790212951334856
list:
dist: 0.7790212951334856 vs. 0.7790212951334856
--------
nle(id0,id1,dist): 115 118 1.2766688298642395
list:
dist: 1.2766688298642395 vs. 1.2766688298642395
--------
nle(id0,id1,dist): 115 119 0.49626241065453247
list:
dist: 0.49626241065453247 vs. 0.49626241065453247
--------
nle(id0,id1,dist): 115 116 1.2532511568302869
list:
dist: 1.2532511568302869 vs. 1.2532511568302869
--------
nle(id0,id1,dist): 115 117 0.8559910407904369
list:
dist: 0.8559910407904369 vs. 0.8559910407904369
--------
nle(id0,id1,dist): 116 117 1.5376908959641788
list:
dist: 1.5376908959641788 vs. 1.5376908959641788
--------
nle(id0,id1,dist): 116 118 0.8198859318116319
list:
dist: 0.8198859318116319 vs. 0.8198859318116319
--------
nle(id0,id1,dist): 116 119 0.7876546383072466
list:
dist: 0.7876546383072466 vs. 0.7876546383072466
--------
nle(id0,id1,dist): 117 118 1.8057750526058665
list:
dist: 1.8057750526058665 vs. 1.8057750526058665
--------
nle(id0,id1,dist): 117 119 0.9477373619103535
list:
dist: 0.9477373619103535 vs. 0.9477373619103535
--------
nle(id0,id1,dist): 118 119 1.0584084326022276
list:
dist: 1.0584084326022276 vs. 1.0584084326022276
--------
nle(id0,id1,dist): 106 119 2.2748881323709265
list:
dist: 2.2748881323709265 vs. 2.2748881323709265
--------
nle(id0,id1,dist): 106 113 1.7533977750978222
list:
dist: 1.7533977750978222 vs. 1.7533977750978222
--------
nle(id0,id1,dist): 106 114 1.5402713163462767
list:
dist: 1.5402713163462767 vs. 1.5402713163462767
--------
nle(id0,id1,dist): 106 111 1.7025083032831132
list:
dist: 1.7025083032831132 vs. 1.7025083032831132
--------
nle(id0,id1,dist): 106 112 1.0805772163081346
list:
dist: 1.0805772163081346 vs. 1.0805772163081346
--------
nle(id0,id1,dist): 106 117 2.174411342832779
list:
dist: 2.174411342832779 vs. 2.174411342832779
--------
nle(id0,id1,dist): 106 115 1.8514434828832966
list:
dist: 1.8514434828832966 vs. 1.8514434828832966
--------
nle(id0,id1,dist): 106 110 2.168299651357249
list:
dist: 2.168299651357249 vs. 2.168299651357249
--------
nle(id0,id1,dist): 106 109 0.28733072787460956
list:
dist: 0.28733072787460956 vs. 0.28733072787460956
--------
nle(id0,id1,dist): 106 108 0.9845431860789198
list:
dist: 0.9845431860789198 vs. 0.9845431860789198
--------
nle(id0,id1,dist): 106 107 1.4437475874297492
list:
dist: 1.4437475874297492 vs. 1.4437475874297492
--------
nle(id0,id1,dist): 105 117 3.2150220995359753
list:
dist: 3.2150220995359753 vs. 3.2150220995359753
--------
nle(id0,id1,dist): 105 119 3.200182969673827
list:
dist: 3.200182969673827 vs. 3.200182969673827
--------
nle(id0,id1,dist): 105 109 1.2336354632257331
list:
dist: 1.2336354632257331 vs. 1.2336354632257331
--------
nle(id0,id1,dist): 105 108 1.7010986960191887
list:
dist: 1.7010986960191887 vs. 1.7010986960191887
--------
nle(id0,id1,dist): 105 111 2.799405109161281
list:
dist: 2.799405109161281 vs. 2.799405109161281
--------
nle(id0,id1,dist): 105 110 3.0789023077769273
list:
dist: 3.0789023077769273 vs. 3.0789023077769273
--------
nle(id0,id1,dist): 105 113 2.319990741454256
list:
dist: 2.319990741454256 vs. 2.319990741454256
--------
nle(id0,id1,dist): 105 112 2.191492535419999
list:
dist: 2.191492535419999 vs. 2.191492535419999
--------
nle(id0,id1,dist): 105 115 2.7501534227045386
list:
dist: 2.7501534227045386 vs. 2.7501534227045386
--------
nle(id0,id1,dist): 105 114 2.448484811391808
list:
dist: 2.448484811391808 vs. 2.448484811391808
--------
nle(id0,id1,dist): 105 107 1.4457062102528793
list:
dist: 1.4457062102528793 vs. 1.4457062102528793
--------
nle(id0,id1,dist): 105 106 1.2426659584793873
list:
dist: 1.2426659584793873 vs. 1.2426659584793873
--------
nle(id0,id1,dist): 108 115 2.3935964204067064
list:
dist: 2.3935964204067064 vs. 2.3935964204067064
--------
nle(id0,id1,dist): 108 113 2.3011731325869054
list:
dist: 2.3011731325869054 vs. 2.3011731325869054
--------
nle(id0,id1,dist): 108 114 2.22516596287328
list:
dist: 2.22516596287328 vs. 2.22516596287328
--------
nle(id0,id1,dist): 108 111 2.328353037080414
list:
dist: 2.328353037080414 vs. 2.328353037080414
--------
nle(id0,id1,dist): 108 112 1.7833278365781144
list:
dist: 1.7833278365781144 vs. 1.7833278365781144
--------
nle(id0,id1,dist): 108 109 1.2704686092133433
list:
dist: 1.2704686092133433 vs. 1.2704686092133433
--------
nle(id0,id1,dist): 108 110 2.9403103054863506
list:
dist: 2.9403103054863506 vs. 2.9403103054863506
--------
nle(id0,id1,dist): 107 118 2.4218869124882847
list:
dist: 2.4218869124882847 vs. 2.4218869124882847
--------
nle(id0,id1,dist): 107 119 2.1137695194970743
list:
dist: 2.1137695194970743 vs. 2.1137695194970743
--------
nle(id0,id1,dist): 107 114 1.5145969162580455
list:
dist: 1.5145969162580455 vs. 1.5145969162580455
--------
nle(id0,id1,dist): 107 115 1.6804842888312468
list:
dist: 1.6804842888312468 vs. 1.6804842888312468
--------
nle(id0,id1,dist): 107 116 2.7650389727741556
list:
dist: 2.7650389727741556 vs. 2.7650389727741556
--------
nle(id0,id1,dist): 107 117 2.304255056778246
list:
dist: 2.304255056778246 vs. 2.304255056778246
--------
nle(id0,id1,dist): 107 110 2.5080150484036348
list:
dist: 2.5080150484036348 vs. 2.5080150484036348
--------
nle(id0,id1,dist): 107 111 2.2788553001844094
list:
dist: 2.2788553001844094 vs. 2.2788553001844094
--------
nle(id0,id1,dist): 107 112 1.7840606606765994
list:
dist: 1.7840606606765994 vs. 1.7840606606765994
--------
nle(id0,id1,dist): 107 113 1.028607017359385
list:
dist: 1.028607017359385 vs. 1.028607017359385
--------
nle(id0,id1,dist): 107 108 2.1174581708784195
list:
dist: 2.1174581708784195 vs. 2.1174581708784195
--------
nle(id0,id1,dist): 107 109 1.3519315588636476
list:
dist: 1.3519315588636476 vs. 1.3519315588636476
--------
nle(id0,id1,dist): 109 114 1.4282201628151963
list:
dist: 1.4282201628151963 vs. 1.4282201628151963
--------
nle(id0,id1,dist): 109 115 1.7891125652682471
list:
dist: 1.7891125652682471 vs. 1.7891125652682471
--------
nle(id0,id1,dist): 109 112 0.9751321669164779
list:
dist: 0.9751321669164779 vs. 0.9751321669164779
--------
nle(id0,id1,dist): 109 113 1.7011586587622551
list:
dist: 1.7011586587622551 vs. 1.7011586587622551
--------
nle(id0,id1,dist): 109 119 2.191993246989215
list:
dist: 2.191993246989215 vs. 2.191993246989215
--------
nle(id0,id1,dist): 109 117 2.2136034439011834
list:
dist: 2.2136034439011834 vs. 2.2136034439011834
--------
nle(id0,id1,dist): 109 111 1.5904048204409693
list:
dist: 1.5904048204409693 vs. 1.5904048204409693
--------
nle(id0,id1,dist): 109 110 1.9778128272866422
list:
dist: 1.9778128272866422 vs. 1.9778128272866422
--------
nle(id0,id1,dist): 108 117 2.382742174331586
list:
dist: 2.382742174331586 vs. 2.382742174331586
--------
nle(id0,id1,dist): 108 119 2.8249572603093425
list:
dist: 2.8249572603093425 vs. 2.8249572603093425
--------
nle(id0,id1,dist): 111 119 1.271530266509783
list:
dist: 1.271530266509783 vs. 1.271530266509783
--------
nle(id0,id1,dist): 111 118 0.8623760406567655
list:
dist: 0.8623760406567655 vs. 0.8623760406567655
--------
nle(id0,id1,dist): 111 116 1.3790479914218245
list:
dist: 1.3790479914218245 vs. 1.3790479914218245
--------
nle(id0,id1,dist): 111 117 1.557805572804903
list:
dist: 1.557805572804903 vs. 1.557805572804903
--------
nle(id0,id1,dist): 111 114 0.9486211710757387
list:
dist: 0.9486211710757387 vs. 0.9486211710757387
--------
nle(id0,id1,dist): 111 115 1.2442330328297686
list:
dist: 1.2442330328297686 vs. 1.2442330328297686
--------
nle(id0,id1,dist): 111 112 0.6282412122085705
list:
dist: 0.6282412122085705 vs. 0.6282412122085705
--------
nle(id0,id1,dist): 111 113 1.8628555100923876
list:
dist: 1.8628555100923876 vs. 1.8628555100923876
--------
nle(id0,id1,dist): 110 111 0.7347223098873352
list:
dist: 0.7347223098873352 vs. 0.7347223098873352
--------
nle(id0,id1,dist): 110 112 1.171154881061097
list:
dist: 1.171154881061097 vs. 1.171154881061097
--------
nle(id0,id1,dist): 110 113 2.173180717394376
list:
dist: 2.173180717394376 vs. 2.173180717394376
--------
nle(id0,id1,dist): 110 114 1.285248356306992
list:
dist: 1.285248356306992 vs. 1.285248356306992
--------
nle(id0,id1,dist): 110 119 1.50554015325117
list:
dist: 1.50554015325117 vs. 1.50554015325117
--------
nle(id0,id1,dist): 110 115 1.6092265472458216
list:
dist: 1.6092265472458216 vs. 1.6092265472458216
--------
nle(id0,id1,dist): 110 116 1.3221713487721043
list:
dist: 1.3221713487721043 vs. 1.3221713487721043
--------
nle(id0,id1,dist): 110 117 2.108934307804235
list:
dist: 2.108934307804235 vs. 2.108934307804235
--------
nle(id0,id1,dist): 110 118 0.539145951381761
list:
dist: 0.539145951381761 vs. 0.539145951381761
--------
nle(id0,id1,dist): 99 107 2.0948386381087265
list:
dist: 2.0948386381087265 vs. 2.0948386381087265
--------
nle(id0,id1,dist): 99 106 0.9561896606864797
list:
dist: 0.9561896606864797 vs. 0.9561896606864797
--------
nle(id0,id1,dist): 99 109 0.8230723419910733
list:
dist: 0.8230723419910733 vs. 0.8230723419910733
--------
nle(id0,id1,dist): 99 108 1.6771753365192947
list:
dist: 1.6771753365192947 vs. 1.6771753365192947
--------
nle(id0,id1,dist): 99 111 1.456744245848715
list:
dist: 1.456744245848715 vs. 1.456744245848715
--------
nle(id0,id1,dist): 99 110 1.7366842369742177
list:
dist: 1.7366842369742177 vs. 1.7366842369742177
--------
nle(id0,id1,dist): 99 113 2.339879410750671
list:
dist: 2.339879410750671 vs. 2.339879410750671
--------
nle(id0,id1,dist): 99 112 1.0430686538030396
list:
dist: 1.0430686538030396 vs. 1.0430686538030396
--------
nle(id0,id1,dist): 99 101 1.977800546071115
list:
dist: 1.977800546071115 vs. 1.977800546071115
--------
nle(id0,id1,dist): 99 100 2.167274744588715
list:
dist: 2.167274744588715 vs. 2.167274744588715
--------
nle(id0,id1,dist): 99 103 1.6924156283119165
list:
dist: 1.6924156283119165 vs. 1.6924156283119165
--------
nle(id0,id1,dist): 99 102 1.6404182566679424
list:
dist: 1.6404182566679424 vs. 1.6404182566679424
--------
nle(id0,id1,dist): 99 105 1.774397824750578
list:
dist: 1.774397824750578 vs. 1.774397824750578
--------
nle(id0,id1,dist): 99 104 1.6686251645309018
list:
dist: 1.6686251645309018 vs. 1.6686251645309018
--------
nle(id0,id1,dist): 99 114 1.7684939671267985
list:
dist: 1.7684939671267985 vs. 1.7684939671267985
--------
nle(id0,id1,dist): 99 115 2.189118999443826
list:
dist: 2.189118999443826 vs. 2.189118999443826
--------
nle(id0,id1,dist): 99 116 2.769851155798585
list:
dist: 2.769851155798585 vs. 2.769851155798585
--------
nle(id0,id1,dist): 99 117 2.5690352820863422
list:
dist: 2.5690352820863422 vs. 2.5690352820863422
--------
nle(id0,id1,dist): 99 118 2.0940731399378403
list:
dist: 2.0940731399378403 vs. 2.0940731399378403
--------
nle(id0,id1,dist): 99 119 2.471189164261414
list:
dist: 2.471189164261414 vs. 2.471189164261414
--------
nle(id0,id1,dist): 98 114 2.0853239011029587
list:
dist: 2.0853239011029587 vs. 2.0853239011029587
--------
nle(id0,id1,dist): 98 113 2.2784941583189213
list:
dist: 2.2784941583189213 vs. 2.2784941583189213
--------
nle(id0,id1,dist): 98 112 1.6638641396052778
list:
dist: 1.6638641396052778 vs. 1.6638641396052778
--------
nle(id0,id1,dist): 98 111 2.080768536785811
list:
dist: 2.080768536785811 vs. 2.080768536785811
--------
nle(id0,id1,dist): 98 117 1.9541595462170038
list:
dist: 1.9541595462170038 vs. 1.9541595462170038
--------
nle(id0,id1,dist): 98 115 2.175227329788046
list:
dist: 2.175227329788046 vs. 2.175227329788046
--------
nle(id0,id1,dist): 98 106 1.2993976409768266
list:
dist: 1.2993976409768266 vs. 1.2993976409768266
--------
nle(id0,id1,dist): 98 105 2.2979966150217765
list:
dist: 2.2979966150217765 vs. 2.2979966150217765
--------
nle(id0,id1,dist): 98 104 1.2763191345973448
list:
dist: 1.2763191345973448 vs. 1.2763191345973448
--------
nle(id0,id1,dist): 98 103 2.4313208423850874
list:
dist: 2.4313208423850874 vs. 2.4313208423850874
--------
nle(id0,id1,dist): 98 110 2.776377560735502
list:
dist: 2.776377560735502 vs. 2.776377560735502
--------
nle(id0,id1,dist): 98 109 1.552883184739684
list:
dist: 1.552883184739684 vs. 1.552883184739684
--------
nle(id0,id1,dist): 98 108 0.6858316171538076
list:
dist: 0.6858316171538076 vs. 0.6858316171538076
--------
nle(id0,id1,dist): 98 107 2.396788341927402
list:
dist: 2.396788341927402 vs. 2.396788341927402
--------
nle(id0,id1,dist): 98 119 2.544510835639442
list:
dist: 2.544510835639442 vs. 2.544510835639442
--------
nle(id0,id1,dist): 101 103 1.0620246196913952
list:
dist: 1.0620246196913952 vs. 1.0620246196913952
--------
nle(id0,id1,dist): 101 102 2.585747409354518
list:
dist: 2.585747409354518 vs. 2.585747409354518
--------
nle(id0,id1,dist): 101 112 2.977150568934037
list:
dist: 2.977150568934037 vs. 2.977150568934037
--------
nle(id0,id1,dist): 101 114 3.5747968090861373
list:
dist: 3.5747968090861373 vs. 3.5747968090861373
--------
nle(id0,id1,dist): 101 109 2.264887130923317
list:
dist: 2.264887130923317 vs. 2.264887130923317
--------
nle(id0,id1,dist): 101 110 3.520890505219412
list:
dist: 3.520890505219412 vs. 3.520890505219412
--------
nle(id0,id1,dist): 101 105 1.9329924226369184
list:
dist: 1.9329924226369184 vs. 1.9329924226369184
--------
nle(id0,id1,dist): 101 106 2.331841962893247
list:
dist: 2.331841962893247 vs. 2.331841962893247
--------
nle(id0,id1,dist): 101 107 3.146558700411776
list:
dist: 3.146558700411776 vs. 3.146558700411776
--------
nle(id0,id1,dist): 100 108 1.9939723597863845
list:
dist: 1.9939723597863845 vs. 1.9939723597863845
--------
nle(id0,id1,dist): 100 107 2.147686913494209
list:
dist: 2.147686913494209 vs. 2.147686913494209
--------
nle(id0,id1,dist): 100 106 1.7776228983982254
list:
dist: 1.7776228983982254 vs. 1.7776228983982254
--------
nle(id0,id1,dist): 100 105 0.7171774245441438
list:
dist: 0.7171774245441438 vs. 0.7171774245441438
--------
nle(id0,id1,dist): 100 104 2.438261043186027
list:
dist: 2.438261043186027 vs. 2.438261043186027
--------
nle(id0,id1,dist): 100 103 0.7539442822625154
list:
dist: 0.7539442822625154 vs. 0.7539442822625154
--------
nle(id0,id1,dist): 100 102 1.6435857922328971
list:
dist: 1.6435857922328971 vs. 1.6435857922328971
--------
nle(id0,id1,dist): 100 101 1.6364058448221932
list:
dist: 1.6364058448221932 vs. 1.6364058448221932
--------
nle(id0,id1,dist): 100 119 3.887975017497362
list:
dist: 3.887975017497362 vs. 3.887975017497362
--------
nle(id0,id1,dist): 100 117 3.851345888569776
list:
dist: 3.851345888569776 vs. 3.851345888569776
--------
nle(id0,id1,dist): 100 115 3.4386903245812115
list:
dist: 3.4386903245812115 vs. 3.4386903245812115
--------
nle(id0,id1,dist): 100 113 3.026497199159947
list:
dist: 3.026497199159947 vs. 3.026497199159947
--------
nle(id0,id1,dist): 100 114 3.128481237132263
list:
dist: 3.128481237132263 vs. 3.128481237132263
--------
nle(id0,id1,dist): 100 111 3.381376849182607
list:
dist: 3.381376849182607 vs. 3.381376849182607
--------
nle(id0,id1,dist): 100 112 2.7794354059420776
list:
dist: 2.7794354059420776 vs. 2.7794354059420776
--------
nle(id0,id1,dist): 100 109 1.8071237522184171
list:
dist: 1.8071237522184171 vs. 1.8071237522184171
--------
nle(id0,id1,dist): 100 110 3.660652494619969
list:
dist: 3.660652494619969 vs. 3.660652494619969
--------
nle(id0,id1,dist): 102 115 1.8867926923655005
list:
dist: 1.8867926923655005 vs. 1.8867926923655005
--------
nle(id0,id1,dist): 102 117 2.4465516946276944
list:
dist: 2.4465516946276944 vs. 2.4465516946276944
--------
nle(id0,id1,dist): 102 119 2.3352772594611366
list:
dist: 2.3352772594611366 vs. 2.3352772594611366
--------
nle(id0,id1,dist): 103 105 1.0507920064138037
list:
dist: 1.0507920064138037 vs. 1.0507920064138037
--------
nle(id0,id1,dist): 103 104 2.424809189612884
list:
dist: 2.424809189612884 vs. 2.424809189612884
--------
nle(id0,id1,dist): 103 107 2.405745977950562
list:
dist: 2.405745977950562 vs. 2.405745977950562
--------
nle(id0,id1,dist): 103 106 1.5885354854790081
list:
dist: 1.5885354854790081 vs. 1.5885354854790081
--------
nle(id0,id1,dist): 103 109 1.6111644923513975
list:
dist: 1.6111644923513975 vs. 1.6111644923513975
--------
nle(id0,id1,dist): 103 108 1.822472790453533
list:
dist: 1.822472790453533 vs. 1.822472790453533
--------
nle(id0,id1,dist): 102 106 0.9799869189051488
list:
dist: 0.9799869189051488 vs. 0.9799869189051488
--------
nle(id0,id1,dist): 102 105 0.9266094547287945
list:
dist: 0.9266094547287945 vs. 0.9266094547287945
--------
nle(id0,id1,dist): 102 104 1.1449290952426416
list:
dist: 1.1449290952426416 vs. 1.1449290952426416
--------
nle(id0,id1,dist): 102 103 1.8241362332185616
list:
dist: 1.8241362332185616 vs. 1.8241362332185616
--------
nle(id0,id1,dist): 102 110 2.446983087091652
list:
dist: 2.446983087091652 vs. 2.446983087091652
--------
nle(id0,id1,dist): 102 109 0.8879358202513005
list:
dist: 0.8879358202513005 vs. 0.8879358202513005
--------
nle(id0,id1,dist): 102 108 1.7165976463144372
list:
dist: 1.7165976463144372 vs. 1.7165976463144372
--------
nle(id0,id1,dist): 102 107 0.5927898390679298
list:
dist: 0.5927898390679298 vs. 0.5927898390679298
--------
nle(id0,id1,dist): 102 114 1.6173076813865206
list:
dist: 1.6173076813865206 vs. 1.6173076813865206
--------
nle(id0,id1,dist): 102 113 1.4144399523747753
list:
dist: 1.4144399523747753 vs. 1.4144399523747753
--------
nle(id0,id1,dist): 102 112 1.5965553318477237
list:
dist: 1.5965553318477237 vs. 1.5965553318477237
--------
nle(id0,id1,dist): 102 111 2.17299695244691
list:
dist: 2.17299695244691 vs. 2.17299695244691
--------
nle(id0,id1,dist): 104 109 0.9966995116843791
list:
dist: 0.9966995116843791 vs. 0.9966995116843791
--------
nle(id0,id1,dist): 104 110 2.167192818512846
list:
dist: 2.167192818512846 vs. 2.167192818512846
--------
nle(id0,id1,dist): 104 111 1.6147562225547296
list:
dist: 1.6147562225547296 vs. 1.6147562225547296
--------
nle(id0,id1,dist): 104 112 1.0956358961359889
list:
dist: 1.0956358961359889 vs. 1.0956358961359889
--------
nle(id0,id1,dist): 104 105 1.8105927640026933
list:
dist: 1.8105927640026933 vs. 1.8105927640026933
--------
nle(id0,id1,dist): 104 106 0.9034223986098879
list:
dist: 0.9034223986098879 vs. 0.9034223986098879
--------
nle(id0,id1,dist): 104 107 1.2271169556936474
list:
dist: 1.2271169556936474 vs. 1.2271169556936474
--------
nle(id0,id1,dist): 104 108 1.279237948584832
list:
dist: 1.279237948584832 vs. 1.279237948584832
--------
nle(id0,id1,dist): 104 117 1.4206282847189409
list:
dist: 1.4206282847189409 vs. 1.4206282847189409
--------
nle(id0,id1,dist): 104 118 2.1061629179166865
list:
dist: 2.1061629179166865 vs. 2.1061629179166865
--------
nle(id0,id1,dist): 104 119 1.6650903008755915
list:
dist: 1.6650903008755915 vs. 1.6650903008755915
--------
nle(id0,id1,dist): 104 113 1.0401572766455627
list:
dist: 1.0401572766455627 vs. 1.0401572766455627
--------
nle(id0,id1,dist): 104 114 1.0842440871439152
list:
dist: 1.0842440871439152 vs. 1.0842440871439152
--------
nle(id0,id1,dist): 104 115 1.186146015431632
list:
dist: 1.186146015431632 vs. 1.186146015431632
--------
nle(id0,id1,dist): 104 116 2.356529720028517
list:
dist: 2.356529720028517 vs. 2.356529720028517
--------
nle(id0,id1,dist): 103 117 3.761232908031308
list:
dist: 3.761232908031308 vs. 3.761232908031308
--------
nle(id0,id1,dist): 103 114 3.029352087040656
list:
dist: 3.029352087040656 vs. 3.029352087040656
--------
nle(id0,id1,dist): 103 115 3.388794266244907
list:
dist: 3.388794266244907 vs. 3.388794266244907
--------
nle(id0,id1,dist): 103 112 2.509076234219963
list:
dist: 2.509076234219963 vs. 2.509076234219963
--------
nle(id0,id1,dist): 103 113 3.148895311477765
list:
dist: 3.148895311477765 vs. 3.148895311477765
--------
nle(id0,id1,dist): 103 110 3.345255692635197
list:
dist: 3.345255692635197 vs. 3.345255692635197
--------
nle(id0,id1,dist): 103 111 3.0666910542233565
list:
dist: 3.0666910542233565 vs. 3.0666910542233565
--------
nle(id0,id1,dist): 103 119 3.800397122270053
list:
dist: 3.800397122270053 vs. 3.800397122270053
--------
nle(id0,id1,dist): 147 149 1.6468388710135826
list:
dist: 1.6468388710135826 vs. 1.6468388710135826
--------
nle(id0,id1,dist): 147 148 1.6698519925262345
list:
dist: 1.6698519925262345 vs. 1.6698519925262345
--------
nle(id0,id1,dist): 148 149 0.39424812743718324
list:
dist: 0.39424812743718324 vs. 0.39424812743718324
--------
nle(id0,id1,dist): 146 147 3.372963690576149
list:
dist: 3.372963690576149 vs. 3.372963690576149
--------
nle(id0,id1,dist): 146 148 2.5021192108919976
list:
dist: 2.5021192108919976 vs. 2.5021192108919976
--------
nle(id0,id1,dist): 146 149 2.189333824872372
list:
dist: 2.189333824872372 vs. 2.189333824872372
--------
nle(id0,id1,dist): 144 148 0.752751227913247
list:
dist: 0.752751227913247 vs. 0.752751227913247
--------
nle(id0,id1,dist): 144 147 0.9889929624640901
list:
dist: 0.9889929624640901 vs. 0.9889929624640901
--------
nle(id0,id1,dist): 144 146 2.5806653207336474
list:
dist: 2.5806653207336474 vs. 2.5806653207336474
--------
nle(id0,id1,dist): 144 145 2.0337460912651246
list:
dist: 2.0337460912651246 vs. 2.0337460912651246
--------
nle(id0,id1,dist): 144 149 0.6809308414115752
list:
dist: 0.6809308414115752 vs. 0.6809308414115752
--------
nle(id0,id1,dist): 145 149 1.856706098760973
list:
dist: 1.856706098760973 vs. 1.856706098760973
--------
nle(id0,id1,dist): 145 148 2.2307415403006465
list:
dist: 2.2307415403006465 vs. 2.2307415403006465
--------
nle(id0,id1,dist): 145 147 2.628526052978325
list:
dist: 2.628526052978325 vs. 2.628526052978325
--------
nle(id0,id1,dist): 145 146 1.0033055963830815
list:
dist: 1.0033055963830815 vs. 1.0033055963830815
--------
nle(id0,id1,dist): 142 149 2.2983837024710176
list:
dist: 2.2983837024710176 vs. 2.2983837024710176
--------
nle(id0,id1,dist): 142 147 0.9079338979104198
list:
dist: 0.9079338979104198 vs. 0.9079338979104198
--------
nle(id0,id1,dist): 142 148 2.429157400209368
list:
dist: 2.429157400209368 vs. 2.429157400209368
--------
nle(id0,id1,dist): 142 145 2.7237582705831045
list:
dist: 2.7237582705831045 vs. 2.7237582705831045
--------
nle(id0,id1,dist): 142 146 3.6303643109004446
list:
dist: 3.6303643109004446 vs. 3.6303643109004446
--------
nle(id0,id1,dist): 142 143 0.6046188429862608
list:
dist: 0.6046188429862608 vs. 0.6046188429862608
--------
nle(id0,id1,dist): 142 144 1.7086553874984565
list:
dist: 1.7086553874984565 vs. 1.7086553874984565
--------
nle(id0,id1,dist): 143 146 3.211528977052005
list:
dist: 3.211528977052005 vs. 3.211528977052005
--------
nle(id0,id1,dist): 143 147 0.665906854648639
list:
dist: 0.665906854648639 vs. 0.665906854648639
--------
nle(id0,id1,dist): 143 148 2.0472005229810906
list:
dist: 2.0472005229810906 vs. 2.0472005229810906
--------
nle(id0,id1,dist): 143 149 1.9157565794697464
list:
dist: 1.9157565794697464 vs. 1.9157565794697464
--------
nle(id0,id1,dist): 143 144 1.2953069376671456
list:
dist: 1.2953069376671456 vs. 1.2953069376671456
--------
nle(id0,id1,dist): 143 145 2.360648425542606
list:
dist: 2.360648425542606 vs. 2.360648425542606
--------
nle(id0,id1,dist): 141 142 3.211335966247168
list:
dist: 3.211335966247168 vs. 3.211335966247168
--------
nle(id0,id1,dist): 141 143 3.5199739365541713
list:
dist: 3.5199739365541713 vs. 3.5199739365541713
--------
nle(id0,id1,dist): 140 149 1.6629976907861483
list:
dist: 1.6629976907861483 vs. 1.6629976907861483
--------
nle(id0,id1,dist): 141 145 3.3614255265269755
list:
dist: 3.3614255265269755 vs. 3.3614255265269755
--------
nle(id0,id1,dist): 141 144 3.8353843552625912
list:
dist: 3.8353843552625912 vs. 3.8353843552625912
--------
nle(id0,id1,dist): 141 147 3.7379371541930673
list:
dist: 3.7379371541930673 vs. 3.7379371541930673
--------
nle(id0,id1,dist): 141 149 3.8797234707201955
list:
dist: 3.8797234707201955 vs. 3.8797234707201955
--------
nle(id0,id1,dist): 141 148 4.186401923977653
list:
dist: 4.186401923977653 vs. 4.186401923977653
--------
nle(id0,id1,dist): 139 144 0.9904311877114254
list:
dist: 0.9904311877114254 vs. 0.9904311877114254
--------
nle(id0,id1,dist): 139 145 2.211381326951097
list:
dist: 2.211381326951097 vs. 2.211381326951097
--------
nle(id0,id1,dist): 139 142 1.7338327059234004
list:
dist: 1.7338327059234004 vs. 1.7338327059234004
--------
nle(id0,id1,dist): 139 143 1.6363201877747966
list:
dist: 1.6363201877747966 vs. 1.6363201877747966
--------
nle(id0,id1,dist): 139 140 1.8642656315917427
list:
dist: 1.8642656315917427 vs. 1.8642656315917427
--------
nle(id0,id1,dist): 139 141 3.087891682180292
list:
dist: 3.087891682180292 vs. 3.087891682180292
--------
nle(id0,id1,dist): 139 148 1.2161888977316033
list:
dist: 1.2161888977316033 vs. 1.2161888977316033
--------
nle(id0,id1,dist): 139 149 1.0624525449502578
list:
dist: 1.0624525449502578 vs. 1.0624525449502578
--------
nle(id0,id1,dist): 139 146 2.826986123221684
list:
dist: 2.826986123221684 vs. 2.826986123221684
--------
nle(id0,id1,dist): 139 147 1.3282298972724247
list:
dist: 1.3282298972724247 vs. 1.3282298972724247
--------
nle(id0,id1,dist): 140 145 0.6519976975827286
list:
dist: 0.6519976975827286 vs. 0.6519976975827286
--------
nle(id0,id1,dist): 140 146 1.6011931680091012
list:
dist: 1.6011931680091012 vs. 1.6011931680091012
--------
nle(id0,id1,dist): 140 147 2.052597677795214
list:
dist: 2.052597677795214 vs. 2.052597677795214
--------
nle(id0,id1,dist): 140 148 2.022935857739539
list:
dist: 2.022935857739539 vs. 2.022935857739539
--------
nle(id0,id1,dist): 140 141 3.2093534575543456
list:
dist: 3.2093534575543456 vs. 3.2093534575543456
--------
nle(id0,id1,dist): 140 142 2.0914854538839784
list:
dist: 2.0914854538839784 vs. 2.0914854538839784
--------
nle(id0,id1,dist): 140 143 1.7234041052471474
list:
dist: 1.7234041052471474 vs. 1.7234041052471474
--------
nle(id0,id1,dist): 140 144 1.6252193329029683
list:
dist: 1.6252193329029683 vs. 1.6252193329029683
--------
nle(id0,id1,dist): 138 141 3.2530625454003084
list:
dist: 3.2530625454003084 vs. 3.2530625454003084
--------
nle(id0,id1,dist): 138 142 2.4339194542435565
list:
dist: 2.4339194542435565 vs. 2.4339194542435565
--------
nle(id0,id1,dist): 138 139 1.6050778177783425
list:
dist: 1.6050778177783425 vs. 1.6050778177783425
--------
nle(id0,id1,dist): 138 140 0.7243898330523226
list:
dist: 0.7243898330523226 vs. 0.7243898330523226
--------
nle(id0,id1,dist): 138 149 1.2557911037104579
list:
dist: 1.2557911037104579 vs. 1.2557911037104579
--------
nle(id0,id1,dist): 138 148 1.6445346175059865
list:
dist: 1.6445346175059865 vs. 1.6445346175059865
--------
nle(id0,id1,dist): 138 147 2.20596877461893
list:
dist: 2.20596877461893 vs. 2.20596877461893
--------
nle(id0,id1,dist): 138 146 1.283505723074183
list:
dist: 1.283505723074183 vs. 1.283505723074183
--------
nle(id0,id1,dist): 138 145 0.6565800750259806
list:
dist: 0.6565800750259806 vs. 0.6565800750259806
--------
nle(id0,id1,dist): 138 144 1.5100014770072694
list:
dist: 1.5100014770072694 vs. 1.5100014770072694
--------
nle(id0,id1,dist): 138 143 2.0839510393930083
list:
dist: 2.0839510393930083 vs. 2.0839510393930083
--------
nle(id0,id1,dist): 137 144 0.5624554024155086
list:
dist: 0.5624554024155086 vs. 0.5624554024155086
--------
nle(id0,id1,dist): 137 145 1.954677973048759
list:
dist: 1.954677973048759 vs. 1.954677973048759
--------
nle(id0,id1,dist): 137 146 2.6146025038877463
list:
dist: 2.6146025038877463 vs. 2.6146025038877463
--------
nle(id0,id1,dist): 137 147 1.0099694367972147
list:
dist: 1.0099694367972147 vs. 1.0099694367972147
--------
nle(id0,id1,dist): 137 140 1.5300677651824397
list:
dist: 1.5300677651824397 vs. 1.5300677651824397
--------
nle(id0,id1,dist): 137 141 3.29615514747732
list:
dist: 3.29615514747732 vs. 3.29615514747732
--------
nle(id0,id1,dist): 137 142 1.5029832689638727
list:
dist: 1.5029832689638727 vs. 1.5029832689638727
--------
nle(id0,id1,dist): 137 143 1.2527689075029869
list:
dist: 1.2527689075029869 vs. 1.2527689075029869
--------
nle(id0,id1,dist): 137 138 1.391814026323367
list:
dist: 1.391814026323367 vs. 1.391814026323367
--------
nle(id0,id1,dist): 137 139 0.5099716334583037
list:
dist: 0.5099716334583037 vs. 0.5099716334583037
--------
nle(id0,id1,dist): 137 149 0.8597069423944236
list:
dist: 0.8597069423944236 vs. 0.8597069423944236
--------
nle(id0,id1,dist): 137 148 1.052163282949972
list:
dist: 1.052163282949972 vs. 1.052163282949972
--------
nle(id0,id1,dist): 136 147 2.310875711307939
list:
dist: 2.310875711307939 vs. 2.310875711307939
--------
nle(id0,id1,dist): 136 148 1.0194854104844113
list:
dist: 1.0194854104844113 vs. 1.0194854104844113
--------
nle(id0,id1,dist): 136 145 2.4791589893073307
list:
dist: 2.4791589893073307 vs. 2.4791589893073307
--------
nle(id0,id1,dist): 136 146 2.652602171600715
list:
dist: 2.652602171600715 vs. 2.652602171600715
--------
nle(id0,id1,dist): 136 149 1.0191666646586681
list:
dist: 1.0191666646586681 vs. 1.0191666646586681
--------
nle(id0,id1,dist): 136 139 1.2268706975173491
list:
dist: 1.2268706975173491 vs. 1.2268706975173491
--------
nle(id0,id1,dist): 136 140 2.420982949962258
list:
dist: 2.420982949962258 vs. 2.420982949962258
--------
nle(id0,id1,dist): 136 137 1.448143705652554
list:
dist: 1.448143705652554 vs. 1.448143705652554
--------
nle(id0,id1,dist): 136 138 1.8378381321475368
list:
dist: 1.8378381321475368 vs. 1.8378381321475368
--------
nle(id0,id1,dist): 136 143 2.688361041556066
list:
dist: 2.688361041556066 vs. 2.688361041556066
--------
nle(id0,id1,dist): 136 144 1.5383062933955711
list:
dist: 1.5383062933955711 vs. 1.5383062933955711
--------
nle(id0,id1,dist): 136 141 3.85056616210526
list:
dist: 3.85056616210526 vs. 3.85056616210526
--------
nle(id0,id1,dist): 136 142 2.912302035743744
list:
dist: 2.912302035743744 vs. 2.912302035743744
--------
nle(id0,id1,dist): 135 142 1.1936805089736726
list:
dist: 1.1936805089736726 vs. 1.1936805089736726
--------
nle(id0,id1,dist): 135 143 1.272480434161711
list:
dist: 1.272480434161711 vs. 1.272480434161711
--------
nle(id0,id1,dist): 135 144 1.25432342571183
list:
dist: 1.25432342571183 vs. 1.25432342571183
--------
nle(id0,id1,dist): 135 145 2.3220580326306712
list:
dist: 2.3220580326306712 vs. 2.3220580326306712
--------
nle(id0,id1,dist): 135 146 3.106630672776281
list:
dist: 3.106630672776281 vs. 3.106630672776281
--------
nle(id0,id1,dist): 135 147 1.1119894648263702
list:
dist: 1.1119894648263702 vs. 1.1119894648263702
--------
nle(id0,id1,dist): 135 148 1.7385989076764374
list:
dist: 1.7385989076764374 vs. 1.7385989076764374
--------
nle(id0,id1,dist): 135 149 1.5656770283838943
list:
dist: 1.5656770283838943 vs. 1.5656770283838943
--------
nle(id0,id1,dist): 134 149 1.456851564927814
list:
dist: 1.456851564927814 vs. 1.456851564927814
--------
nle(id0,id1,dist): 134 148 1.8345002694801054
list:
dist: 1.8345002694801054 vs. 1.8345002694801054
--------
nle(id0,id1,dist): 134 147 2.5044176243932137
list:
dist: 2.5044176243932137 vs. 2.5044176243932137
--------
nle(id0,id1,dist): 135 140 1.8512935099893408
list:
dist: 1.8512935099893408 vs. 1.8512935099893408
--------
nle(id0,id1,dist): 135 141 2.759135934076525
list:
dist: 2.759135934076525 vs. 2.759135934076525
--------
nle(id0,id1,dist): 135 138 1.824546425884345
list:
dist: 1.824546425884345 vs. 1.824546425884345
--------
nle(id0,id1,dist): 135 139 0.6442299656864937
list:
dist: 0.6442299656864937 vs. 0.6442299656864937
--------
nle(id0,id1,dist): 135 136 1.8687335623357413
list:
dist: 1.8687335623357413 vs. 1.8687335623357413
--------
nle(id0,id1,dist): 135 137 0.7399570229185607
list:
dist: 0.7399570229185607 vs. 0.7399570229185607
--------
nle(id0,id1,dist): 134 135 1.8654619053943784
list:
dist: 1.8654619053943784 vs. 1.8654619053943784
--------
nle(id0,id1,dist): 134 136 1.678146153817379
list:
dist: 1.678146153817379 vs. 1.678146153817379
--------
nle(id0,id1,dist): 134 137 1.5689227377406183
list:
dist: 1.5689227377406183 vs. 1.5689227377406183
--------
nle(id0,id1,dist): 134 138 0.6016855031657747
list:
dist: 0.6016855031657747 vs. 0.6016855031657747
--------
nle(id0,id1,dist): 134 143 2.4482608332229936
list:
dist: 2.4482608332229936 vs. 2.4482608332229936
--------
nle(id0,id1,dist): 134 144 1.822428479540778
list:
dist: 1.822428479540778 vs. 1.822428479540778
--------
nle(id0,id1,dist): 134 145 1.0338675010805134
list:
dist: 1.0338675010805134 vs. 1.0338675010805134
--------
nle(id0,id1,dist): 134 146 1.4630947109822658
list:
dist: 1.4630947109822658 vs. 1.4630947109822658
--------
nle(id0,id1,dist): 134 139 1.5901203872883554
list:
dist: 1.5901203872883554 vs. 1.5901203872883554
--------
nle(id0,id1,dist): 134 140 1.217546839340103
list:
dist: 1.217546839340103 vs. 1.217546839340103
--------
nle(id0,id1,dist): 134 141 2.9455833165881775
list:
dist: 2.9455833165881775 vs. 2.9455833165881775
--------
nle(id0,id1,dist): 134 142 2.693812514997436
list:
dist: 2.693812514997436 vs. 2.693812514997436
--------
nle(id0,id1,dist): 133 135 1.2679498900756567
list:
dist: 1.2679498900756567 vs. 1.2679498900756567
--------
nle(id0,id1,dist): 133 134 2.1606376601185686
list:
dist: 2.1606376601185686 vs. 2.1606376601185686
--------
nle(id0,id1,dist): 133 138 1.9974007857126381
list:
dist: 1.9974007857126381 vs. 1.9974007857126381
--------
nle(id0,id1,dist): 133 139 1.8011873967912493
list:
dist: 1.8011873967912493 vs. 1.8011873967912493
--------
nle(id0,id1,dist): 133 136 2.931660720133766
list:
dist: 2.931660720133766 vs. 2.931660720133766
--------
nle(id0,id1,dist): 133 137 1.6437098846090632
list:
dist: 1.6437098846090632 vs. 1.6437098846090632
--------
nle(id0,id1,dist): 133 142 1.0492597464402724
list:
dist: 1.0492597464402724 vs. 1.0492597464402724
--------
nle(id0,id1,dist): 133 143 1.235384794014342
list:
dist: 1.235384794014342 vs. 1.235384794014342
--------
nle(id0,id1,dist): 133 140 1.59710788926691
list:
dist: 1.59710788926691 vs. 1.59710788926691
--------
nle(id0,id1,dist): 133 141 2.361444071795317
list:
dist: 2.361444071795317 vs. 2.361444071795317
--------
nle(id0,id1,dist): 133 146 3.1368597563888683
list:
dist: 3.1368597563888683 vs. 3.1368597563888683
--------
nle(id0,id1,dist): 133 147 1.6746841404744153
list:
dist: 1.6746841404744153 vs. 1.6746841404744153
--------
nle(id0,id1,dist): 133 144 2.016011333221881
list:
dist: 2.016011333221881 vs. 2.016011333221881
--------
nle(id0,id1,dist): 133 145 2.151557752636484
list:
dist: 2.151557752636484 vs. 2.151557752636484
--------
nle(id0,id1,dist): 133 148 2.6599007378224675
list:
dist: 2.6599007378224675 vs. 2.6599007378224675
--------
nle(id0,id1,dist): 133 149 2.3889763206823007
list:
dist: 2.3889763206823007 vs. 2.3889763206823007
--------
nle(id0,id1,dist): 132 134 1.1502322038966504
list:
dist: 1.1502322038966504 vs. 1.1502322038966504
--------
nle(id0,id1,dist): 132 136 2.4765113492937467
list:
dist: 2.4765113492937467 vs. 2.4765113492937467
--------
nle(id0,id1,dist): 132 138 1.5050186232322116
list:
dist: 1.5050186232322116 vs. 1.5050186232322116
--------
nle(id0,id1,dist): 132 137 2.7106049361742897
list:
dist: 2.7106049361742897 vs. 2.7106049361742897
--------
nle(id0,id1,dist): 132 140 2.009422415683425
list:
dist: 2.009422415683425 vs. 2.009422415683425
--------
nle(id0,id1,dist): 132 139 2.7065787444190708
list:
dist: 2.7065787444190708 vs. 2.7065787444190708
--------
nle(id0,id1,dist): 132 141 3.354908830376407
list:
dist: 3.354908830376407 vs. 3.354908830376407
--------
nle(id0,id1,dist): 132 145 1.4716780348081926
list:
dist: 1.4716780348081926 vs. 1.4716780348081926
--------
nle(id0,id1,dist): 132 146 1.2415620783338162
list:
dist: 1.2415620783338162 vs. 1.2415620783338162
--------
nle(id0,id1,dist): 132 148 2.7790602222798806
list:
dist: 2.7790602222798806 vs. 2.7790602222798806
--------
nle(id0,id1,dist): 132 149 2.4369385589174515
list:
dist: 2.4369385589174515 vs. 2.4369385589174515
--------
nle(id0,id1,dist): 131 147 2.127136130550941
list:
dist: 2.127136130550941 vs. 2.127136130550941
--------
nle(id0,id1,dist): 131 149 2.268166816091254
list:
dist: 2.268166816091254 vs. 2.268166816091254
--------
nle(id0,id1,dist): 131 148 2.583977332400959
list:
dist: 2.583977332400959 vs. 2.583977332400959
--------
nle(id0,id1,dist): 131 142 1.7690446792935874
list:
dist: 1.7690446792935874 vs. 1.7690446792935874
--------
nle(id0,id1,dist): 131 143 1.9060497659966993
list:
dist: 1.9060497659966993 vs. 1.9060497659966993
--------
nle(id0,id1,dist): 131 144 2.1440324772282526
list:
dist: 2.1440324772282526 vs. 2.1440324772282526
--------
nle(id0,id1,dist): 131 145 1.9846749564437192
list:
dist: 1.9846749564437192 vs. 1.9846749564437192
--------
nle(id0,id1,dist): 131 138 1.7432803561538972
list:
dist: 1.7432803561538972 vs. 1.7432803561538972
--------
nle(id0,id1,dist): 131 139 1.5759723510164554
list:
dist: 1.5759723510164554 vs. 1.5759723510164554
--------
nle(id0,id1,dist): 131 140 1.6479261830247864
list:
dist: 1.6479261830247864 vs. 1.6479261830247864
--------
nle(id0,id1,dist): 131 141 1.7309983231196837
list:
dist: 1.7309983231196837 vs. 1.7309983231196837
--------
nle(id0,id1,dist): 131 134 1.6354347585524378
list:
dist: 1.6354347585524378 vs. 1.6354347585524378
--------
nle(id0,id1,dist): 131 135 1.227420236292783
list:
dist: 1.227420236292783 vs. 1.227420236292783
--------
nle(id0,id1,dist): 131 136 2.5270054913482136
list:
dist: 2.5270054913482136 vs. 2.5270054913482136
--------
nle(id0,id1,dist): 131 137 1.6382159266698324
list:
dist: 1.6382159266698324 vs. 1.6382159266698324
--------
nle(id0,id1,dist): 131 132 2.510119543086037
list:
dist: 2.510119543086037 vs. 2.510119543086037
--------
nle(id0,id1,dist): 131 133 0.9355558825939649
list:
dist: 0.9355558825939649 vs. 0.9355558825939649
--------
nle(id0,id1,dist): 130 147 3.5221014261943964
list:
dist: 3.5221014261943964 vs. 3.5221014261943964
--------
nle(id0,id1,dist): 130 145 1.6429568301759394
list:
dist: 1.6429568301759394 vs. 1.6429568301759394
--------
nle(id0,id1,dist): 130 146 2.2948811052237352
list:
dist: 2.2948811052237352 vs. 2.2948811052237352
--------
nle(id0,id1,dist): 130 143 3.093031853902638
list:
dist: 3.093031853902638 vs. 3.093031853902638
--------
nle(id0,id1,dist): 130 144 3.272226372735181
list:
dist: 3.272226372735181 vs. 3.272226372735181
--------
nle(id0,id1,dist): 130 141 2.4220491113645584
list:
dist: 2.4220491113645584 vs. 2.4220491113645584
--------
nle(id0,id1,dist): 130 142 3.185389027869089
list:
dist: 3.185389027869089 vs. 3.185389027869089
--------
nle(id0,id1,dist): 130 140 1.7844770869193134
list:
dist: 1.7844770869193134 vs. 1.7844770869193134
--------
nle(id0,id1,dist): 130 137 2.970416231852608
list:
dist: 2.970416231852608 vs. 2.970416231852608
--------
nle(id0,id1,dist): 130 138 2.030023721952435
list:
dist: 2.030023721952435 vs. 2.030023721952435
--------
nle(id0,id1,dist): 130 135 2.929209419032879
list:
dist: 2.929209419032879 vs. 2.929209419032879
--------
nle(id0,id1,dist): 130 132 2.03949857715576
list:
dist: 2.03949857715576 vs. 2.03949857715576
--------
nle(id0,id1,dist): 130 131 1.8937442683153634
list:
dist: 1.8937442683153634 vs. 1.8937442683153634
--------
nle(id0,id1,dist): 130 134 2.0014308380913968
list:
dist: 2.0014308380913968 vs. 2.0014308380913968
--------
nle(id0,id1,dist): 130 133 2.2026997019000008
list:
dist: 2.2026997019000008 vs. 2.2026997019000008
--------
nle(id0,id1,dist): 129 148 2.1692703685489905
list:
dist: 2.1692703685489905 vs. 2.1692703685489905
--------
nle(id0,id1,dist): 129 149 1.852527884906888
list:
dist: 1.852527884906888 vs. 1.852527884906888
--------
nle(id0,id1,dist): 129 140 1.9387624652825257
list:
dist: 1.9387624652825257 vs. 1.9387624652825257
--------
nle(id0,id1,dist): 129 141 2.7804136189963033
list:
dist: 2.7804136189963033 vs. 2.7804136189963033
--------
nle(id0,id1,dist): 129 142 3.1228758116692723
list:
dist: 3.1228758116692723 vs. 3.1228758116692723
--------
nle(id0,id1,dist): 129 143 2.976297016311557
list:
dist: 2.976297016311557 vs. 2.976297016311557
--------
nle(id0,id1,dist): 129 144 2.29045157018863
list:
dist: 2.29045157018863 vs. 2.29045157018863
--------
nle(id0,id1,dist): 129 145 1.7350985172414766
list:
dist: 1.7350985172414766 vs. 1.7350985172414766
--------
nle(id0,id1,dist): 129 146 1.9675880409219888
list:
dist: 1.9675880409219888 vs. 1.9675880409219888
--------
nle(id0,id1,dist): 129 147 2.942112785511341
list:
dist: 2.942112785511341 vs. 2.942112785511341
--------
nle(id0,id1,dist): 129 135 2.1086153448236447
list:
dist: 2.1086153448236447 vs. 2.1086153448236447
--------
nle(id0,id1,dist): 129 134 0.7466944712482952
list:
dist: 0.7466944712482952 vs. 0.7466944712482952
--------
nle(id0,id1,dist): 129 133 2.5707779159813966
list:
dist: 2.5707779159813966 vs. 2.5707779159813966
--------
nle(id0,id1,dist): 129 132 1.1575472153676774
list:
dist: 1.1575472153676774 vs. 1.1575472153676774
--------
nle(id0,id1,dist): 129 139 1.7765527366441407
list:
dist: 1.7765527366441407 vs. 1.7765527366441407
--------
nle(id0,id1,dist): 129 138 1.342152906417375
list:
dist: 1.342152906417375 vs. 1.342152906417375
--------
nle(id0,id1,dist): 129 137 1.9561409467812245
list:
dist: 1.9561409467812245 vs. 1.9561409467812245
--------
nle(id0,id1,dist): 129 136 1.628805603174898
list:
dist: 1.628805603174898 vs. 1.628805603174898
--------
nle(id0,id1,dist): 129 131 1.8283748722350701
list:
dist: 1.8283748722350701 vs. 1.8283748722350701
--------
nle(id0,id1,dist): 129 130 2.3275271471161343
list:
dist: 2.3275271471161343 vs. 2.3275271471161343
--------
nle(id0,id1,dist): 128 147 1.3620266706693747
list:
dist: 1.3620266706693747 vs. 1.3620266706693747
--------
nle(id0,id1,dist): 128 148 1.2355408173883038
list:
dist: 1.2355408173883038 vs. 1.2355408173883038
--------
nle(id0,id1,dist): 128 145 1.9069580813125657
list:
dist: 1.9069580813125657 vs. 1.9069580813125657
--------
nle(id0,id1,dist): 128 146 2.560845605869776
list:
dist: 2.560845605869776 vs. 2.560845605869776
--------
nle(id0,id1,dist): 128 149 0.9905068110770658
list:
dist: 0.9905068110770658 vs. 0.9905068110770658
--------
nle(id0,id1,dist): 128 133 1.6296523367597584
list:
dist: 1.6296523367597584 vs. 1.6296523367597584
--------
nle(id0,id1,dist): 128 134 1.3303749700939804
list:
dist: 1.3303749700939804 vs. 1.3303749700939804
--------
nle(id0,id1,dist): 128 135 0.666972963392975
list:
dist: 0.666972963392975 vs. 0.666972963392975
--------
nle(id0,id1,dist): 128 136 1.3091954484373092
list:
dist: 1.3091954484373092 vs. 1.3091954484373092
--------
nle(id0,id1,dist): 128 129 1.6078806954778737
list:
dist: 1.6078806954778737 vs. 1.6078806954778737
--------
nle(id0,id1,dist): 128 130 2.7936020938191213
list:
dist: 2.7936020938191213 vs. 2.7936020938191213
--------
nle(id0,id1,dist): 128 131 1.3907336325354507
list:
dist: 1.3907336325354507 vs. 1.3907336325354507
--------
nle(id0,id1,dist): 128 132 2.4681332974720616
list:
dist: 2.4681332974720616 vs. 2.4681332974720616
--------
nle(id0,id1,dist): 128 141 2.978043176196512
list:
dist: 2.978043176196512 vs. 2.978043176196512
--------
nle(id0,id1,dist): 128 142 1.6966704836071735
list:
dist: 1.6966704836071735 vs. 1.6966704836071735
--------
nle(id0,id1,dist): 128 143 1.5500579018887233
list:
dist: 1.5500579018887233 vs. 1.5500579018887233
--------
nle(id0,id1,dist): 128 144 0.9455137494986924
list:
dist: 0.9455137494986924 vs. 0.9455137494986924
--------
nle(id0,id1,dist): 128 137 0.4219813586877722
list:
dist: 0.4219813586877722 vs. 0.4219813586877722
--------
nle(id0,id1,dist): 128 138 1.3144414978148937
list:
dist: 1.3144414978148937 vs. 1.3144414978148937
--------
nle(id0,id1,dist): 128 139 0.3125549108183292
list:
dist: 0.3125549108183292 vs. 0.3125549108183292
--------
nle(id0,id1,dist): 128 140 1.561100211998168
list:
dist: 1.561100211998168 vs. 1.561100211998168
--------
nle(id0,id1,dist): 127 140 2.147160593179909
list:
dist: 2.147160593179909 vs. 2.147160593179909
--------
nle(id0,id1,dist): 127 141 2.9159109683713615
list:
dist: 2.9159109683713615 vs. 2.9159109683713615
--------
nle(id0,id1,dist): 127 138 2.055397147343974
list:
dist: 2.055397147343974 vs. 2.055397147343974
--------
nle(id0,id1,dist): 127 137 3.260267664483726
list:
dist: 3.260267664483726 vs. 3.260267664483726
--------
nle(id0,id1,dist): 127 134 1.8559487066652407
list:
dist: 1.8559487066652407 vs. 1.8559487066652407
--------
nle(id0,id1,dist): 127 146 1.8575239351842128
list:
dist: 1.8575239351842128 vs. 1.8575239351842128
--------
nle(id0,id1,dist): 127 145 1.6912256874147111
list:
dist: 1.6912256874147111 vs. 1.6912256874147111
--------
nle(id0,id1,dist): 127 132 1.285937122608764
list:
dist: 1.285937122608764 vs. 1.285937122608764
--------
nle(id0,id1,dist): 127 131 2.4586770997690937
list:
dist: 2.4586770997690937 vs. 2.4586770997690937
--------
nle(id0,id1,dist): 127 130 1.0789046857990814
list:
dist: 1.0789046857990814 vs. 1.0789046857990814
--------
nle(id0,id1,dist): 127 129 2.0005469686076323
list:
dist: 2.0005469686076323 vs. 2.0005469686076323
--------
nle(id0,id1,dist): 127 128 3.0299449522378255
list:
dist: 3.0299449522378255 vs. 3.0299449522378255
--------
nle(id0,id1,dist): 126 139 2.4239807814868
list:
dist: 2.4239807814868 vs. 2.4239807814868
--------
nle(id0,id1,dist): 126 140 2.9804226962160967
list:
dist: 2.9804226962160967 vs. 2.9804226962160967
--------
nle(id0,id1,dist): 126 141 2.073605783961211
list:
dist: 2.073605783961211 vs. 2.073605783961211
--------
nle(id0,id1,dist): 126 142 1.646351810982432
list:
dist: 1.646351810982432 vs. 1.646351810982432
--------
nle(id0,id1,dist): 126 143 2.193154802563256
list:
dist: 2.193154802563256 vs. 2.193154802563256
--------
nle(id0,id1,dist): 126 144 2.9703770778381484
list:
dist: 2.9703770778381484 vs. 2.9703770778381484
--------
nle(id0,id1,dist): 126 145 3.480376656930535
list:
dist: 3.480376656930535 vs. 3.480376656930535
--------
nle(id0,id1,dist): 126 147 2.3716871692873602
list:
dist: 2.3716871692873602 vs. 2.3716871692873602
--------
nle(id0,id1,dist): 126 148 3.5460458053675787
list:
dist: 3.5460458053675787 vs. 3.5460458053675787
--------
nle(id0,id1,dist): 126 149 3.355975670904238
list:
dist: 3.355975670904238 vs. 3.355975670904238
--------
nle(id0,id1,dist): 126 128 2.417445847935725
list:
dist: 2.417445847935725 vs. 2.417445847935725
--------
nle(id0,id1,dist): 126 130 3.2185724016411834
list:
dist: 3.2185724016411834 vs. 3.2185724016411834
--------
nle(id0,id1,dist): 126 129 3.3451640833595273
list:
dist: 3.3451640833595273 vs. 3.3451640833595273
--------
nle(id0,id1,dist): 126 131 1.6358959655009755
list:
dist: 1.6358959655009755 vs. 1.6358959655009755
--------
nle(id0,id1,dist): 126 134 3.2063039671662854
list:
dist: 3.2063039671662854 vs. 3.2063039671662854
--------
nle(id0,id1,dist): 126 133 1.4362991817999045
list:
dist: 1.4362991817999045 vs. 1.4362991817999045
--------
nle(id0,id1,dist): 126 136 3.5925276881455246
list:
dist: 3.5925276881455246 vs. 3.5925276881455246
--------
nle(id0,id1,dist): 126 135 1.8143154317961905
list:
dist: 1.8143154317961905 vs. 1.8143154317961905
--------
nle(id0,id1,dist): 126 138 3.2241464939103435
list:
dist: 3.2241464939103435 vs. 3.2241464939103435
--------
nle(id0,id1,dist): 126 137 2.514334793406648
list:
dist: 2.514334793406648 vs. 2.514334793406648
--------
nle(id0,id1,dist): 125 147 3.9087303473802244
list:
dist: 3.9087303473802244 vs. 3.9087303473802244
--------
nle(id0,id1,dist): 125 144 3.872545826388769
list:
dist: 3.872545826388769 vs. 3.872545826388769
--------
nle(id0,id1,dist): 125 145 3.700554256929978
list:
dist: 3.700554256929978 vs. 3.700554256929978
--------
nle(id0,id1,dist): 125 148 4.038975748602767
list:
dist: 4.038975748602767 vs. 4.038975748602767
--------
nle(id0,id1,dist): 125 149 3.788316447573237
list:
dist: 3.788316447573237 vs. 3.788316447573237
--------
nle(id0,id1,dist): 125 131 2.139139006368624
list:
dist: 2.139139006368624 vs. 2.139139006368624
--------
nle(id0,id1,dist): 125 130 3.1529524412905228
list:
dist: 3.1529524412905228 vs. 3.1529524412905228
--------
nle(id0,id1,dist): 125 129 2.539269430700689
list:
dist: 2.539269430700689 vs. 2.539269430700689
--------
nle(id0,id1,dist): 125 128 2.9316470886929613
list:
dist: 2.9316470886929613 vs. 2.9316470886929613
--------
nle(id0,id1,dist): 125 135 2.81163225285052
list:
dist: 2.81163225285052 vs. 2.81163225285052
--------
nle(id0,id1,dist): 125 134 2.969993427705876
list:
dist: 2.969993427705876 vs. 2.969993427705876
--------
nle(id0,id1,dist): 125 133 2.953752910976159
list:
dist: 2.953752910976159 vs. 2.953752910976159
--------
nle(id0,id1,dist): 125 132 3.3503217999478703
list:
dist: 3.3503217999478703 vs. 3.3503217999478703
--------
nle(id0,id1,dist): 125 139 2.9543193325450186
list:
dist: 2.9543193325450186 vs. 2.9543193325450186
--------
nle(id0,id1,dist): 125 138 3.4194849500174938
list:
dist: 3.4194849500174938 vs. 3.4194849500174938
--------
nle(id0,id1,dist): 125 137 3.3183550701129296
list:
dist: 3.3183550701129296 vs. 3.3183550701129296
--------
nle(id0,id1,dist): 125 136 3.443874319182797
list:
dist: 3.443874319182797 vs. 3.443874319182797
--------
nle(id0,id1,dist): 125 143 3.8917642391638907
list:
dist: 3.8917642391638907 vs. 3.8917642391638907
--------
nle(id0,id1,dist): 125 142 3.6075249968012266
list:
dist: 3.6075249968012266 vs. 3.6075249968012266
--------
nle(id0,id1,dist): 125 141 1.2093617019871379
list:
dist: 1.2093617019871379 vs. 1.2093617019871379
--------
nle(id0,id1,dist): 125 140 3.6128985583914552
list:
dist: 3.6128985583914552 vs. 3.6128985583914552
2. Check the NeighborList query for coordinates against the neighbor list for consistency
list:
dist: 2.8631536441659287 vs. 2.8631536441659287
list:
dist: 2.4593895800633607 vs. 2.4593895800633607
list:
dist: 2.878966725574883 vs. 2.878966725574883
list:
dist: 1.7677781463561388 vs. 1.7677781463561388
list:
dist: 2.1379772859938972 vs. 2.1379772859938972
list:
dist: 0.973004218566992 vs. 0.973004218566992
list:
dist: 2.8868299947365297 vs. 2.8868299947365297
list:
dist: 1.800131520844498 vs. 1.800131520844498
list:
dist: 2.6690339982336515 vs. 2.6690339982336515
list:
dist: 1.9084100343808788 vs. 1.9084100343808788
list:
dist: 2.8134653601118087 vs. 2.8134653601118087
list:
dist: 0.6472825231406932 vs. 0.6472825231406932
list:
dist: 2.878966725574883 vs. 2.878966725574883
list:
dist: 1.5903399392743596 vs. 1.5903399392743596
list:
dist: 1.3623272494586303 vs. 1.3623272494586303
list:
dist: 1.447638404028096 vs. 1.447638404028096
list:
dist: 2.0205849043877158 vs. 2.0205849043877158
list:
dist: 0.7708602027209267 vs. 0.7708602027209267
list:
dist: 2.2136295979534797 vs. 2.2136295979534797
list:
dist: 3.774316695493174 vs. 3.774316695493174
list:
dist: 3.2530350884987524 vs. 3.2530350884987524
list:
dist: 2.953916270622471 vs. 2.953916270622471
list:
dist: 2.791393745686509 vs. 2.791393745686509
list:
dist: 4.077835240696975 vs. 4.077835240696975
list:
dist: 3.0422941683216584 vs. 3.0422941683216584
list:
dist: 3.585463790883018 vs. 3.585463790883018
list:
dist: 2.8065723402936595 vs. 2.8065723402936595
list:
dist: 2.5772190980801737 vs. 2.5772190980801737
list:
dist: 3.0855273017505107 vs. 3.0855273017505107
list:
dist: 2.9539897297954782 vs. 2.9539897297954782
list:
dist: 3.5581892974011624 vs. 3.5581892974011624
list:
dist: 4.080382459885286 vs. 4.080382459885286
list:
dist: 2.8631536441659287 vs. 2.8631536441659287
list:
dist: 2.026392866295855 vs. 2.026392866295855
list:
dist: 0.6472825231406932 vs. 0.6472825231406932
list:
dist: 1.3183048569377074 vs. 1.3183048569377074
list:
dist: 1.5342915709265468 vs. 1.5342915709265468
list:
dist: 1.9189997785580675 vs. 1.9189997785580675
list:
dist: 1.3659655176037548 vs. 1.3659655176037548
list:
dist: 2.215937469422283 vs. 2.215937469422283
list:
dist: 1.9084100343808788 vs. 1.9084100343808788
list:
dist: 2.350457526660641 vs. 2.350457526660641
list:
dist: 2.791393745686509 vs. 2.791393745686509
list:
dist: 1.494240396562548 vs. 1.494240396562548
list:
dist: 1.5076987671111126 vs. 1.5076987671111126
list:
dist: 1.537198181666173 vs. 1.537198181666173
list:
dist: 2.9586817326631576 vs. 2.9586817326631576
list:
dist: 2.2233208368929995 vs. 2.2233208368929995
list:
dist: 2.706265031731701 vs. 2.706265031731701
list:
dist: 1.0395402031705578 vs. 1.0395402031705578
list:
dist: 1.2887581328624333 vs. 1.2887581328624333
list:
dist: 1.96933556031287 vs. 1.96933556031287
list:
dist: 3.1223738111705237 vs. 3.1223738111705237
list:
dist: 3.271932557133936 vs. 3.271932557133936
list:
dist: 2.308215755623317 vs. 2.308215755623317
list:
dist: 2.7048472030235384 vs. 2.7048472030235384
list:
dist: 2.1785076933071714 vs. 2.1785076933071714
list:
dist: 2.214176379492976 vs. 2.214176379492976
list:
dist: 2.270581212765142 vs. 2.270581212765142
list:
dist: 3.0652182067546145 vs. 3.0652182067546145
list:
dist: 4.037750147480683 vs. 4.037750147480683
list:
dist: 3.7807749702456617 vs. 3.7807749702456617
list:
dist: 3.809632975418036 vs. 3.809632975418036
list:
dist: 1.3183048569377074 vs. 1.3183048569377074
list:
dist: 1.7677781463561388 vs. 1.7677781463561388
list:
dist: 1.3707747487947908 vs. 1.3707747487947908
list:
dist: 1.3623272494586303 vs. 1.3623272494586303
list:
dist: 0.5894109953439196 vs. 0.5894109953439196
list:
dist: 0.890222700580164 vs. 0.890222700580164
list:
dist: 1.6335768513934827 vs. 1.6335768513934827
list:
dist: 1.9951355414182586 vs. 1.9951355414182586
list:
dist: 2.925409421605606 vs. 2.925409421605606
list:
dist: 1.9653383264112583 vs. 1.9653383264112583
list:
dist: 1.9436984723622874 vs. 1.9436984723622874
list:
dist: 1.494240396562548 vs. 1.494240396562548
list:
dist: 2.9187692424574982 vs. 2.9187692424574982
list:
dist: 2.8275605153170464 vs. 2.8275605153170464
list:
dist: 3.136767111868123 vs. 3.136767111868123
list:
dist: 2.2193778492523664 vs. 2.2193778492523664
list:
dist: 2.355185467697977 vs. 2.355185467697977
list:
dist: 2.5005223444346063 vs. 2.5005223444346063
list:
dist: 2.409928251780227 vs. 2.409928251780227
list:
dist: 2.7187226117048944 vs. 2.7187226117048944
list:
dist: 3.4247368545009977 vs. 3.4247368545009977
list:
dist: 1.9189997785580675 vs. 1.9189997785580675
list:
dist: 0.973004218566992 vs. 0.973004218566992
list:
dist: 1.965549936714151 vs. 1.965549936714151
list:
dist: 2.0205849043877158 vs. 2.0205849043877158
list:
dist: 0.890222700580164 vs. 0.890222700580164
list:
dist: 1.3952675128156125 vs. 1.3952675128156125
list:
dist: 2.3673173725355343 vs. 2.3673173725355343
list:
dist: 2.818842231785778 vs. 2.818842231785778
list:
dist: 3.060848648097873 vs. 3.060848648097873
list:
dist: 1.8781960957990642 vs. 1.8781960957990642
list:
dist: 2.348078550629277 vs. 2.348078550629277
list:
dist: 1.537198181666173 vs. 1.537198181666173
list:
dist: 2.9639973379976987 vs. 2.9639973379976987
list:
dist: 3.469626073912547 vs. 3.469626073912547
list:
dist: 3.556394701592898 vs. 3.556394701592898
list:
dist: 2.7490986796114396 vs. 2.7490986796114396
list:
dist: 3.065045805963701 vs. 3.065045805963701
list:
dist: 3.156580002320031 vs. 3.156580002320031
list:
dist: 3.080614894026617 vs. 3.080614894026617
list:
dist: 3.0927819494373265 vs. 3.0927819494373265
list:
dist: 3.8756589503221313 vs. 3.8756589503221313
list:
dist: 1.3993608516357874 vs. 1.3993608516357874
list:
dist: 2.8065723402936595 vs. 2.8065723402936595
list:
dist: 2.2193778492523664 vs. 2.2193778492523664
list:
dist: 1.69538057676312 vs. 1.69538057676312
list:
dist: 2.7490986796114396 vs. 2.7490986796114396
list:
dist: 2.3401314451614508 vs. 2.3401314451614508
list:
dist: 1.8789463315255814 vs. 1.8789463315255814
list:
dist: 1.4090829593562333 vs. 1.4090829593562333
list:
dist: 1.946274972643539 vs. 1.946274972643539
list:
dist: 1.2323955835772182 vs. 1.2323955835772182
list:
dist: 2.308215755623317 vs. 2.308215755623317
list:
dist: 1.9310062538677557 vs. 1.9310062538677557
list:
dist: 0.8932947331291653 vs. 0.8932947331291653
list:
dist: 1.0898833864703916 vs. 1.0898833864703916
list:
dist: 0.7853668720839013 vs. 0.7853668720839013
list:
dist: 1.393497233460084 vs. 1.393497233460084
list:
dist: 1.1547946399504678 vs. 1.1547946399504678
list:
dist: 0.9037318645999863 vs. 0.9037318645999863
list:
dist: 1.3090360672161359 vs. 1.3090360672161359
list:
dist: 2.316102297039427 vs. 2.316102297039427
list:
dist: 1.9148735786912487 vs. 1.9148735786912487
list:
dist: 2.0447834256586295 vs. 2.0447834256586295
list:
dist: 2.305097673585591 vs. 2.305097673585591
list:
dist: 2.2283855059300564 vs. 2.2283855059300564
list:
dist: 2.6690339982336515 vs. 2.6690339982336515
list:
dist: 1.9763064938915482 vs. 1.9763064938915482
list:
dist: 2.953916270622471 vs. 2.953916270622471
list:
dist: 1.9436984723622874 vs. 1.9436984723622874
list:
dist: 1.5388141537011657 vs. 1.5388141537011657
list:
dist: 2.348078550629277 vs. 2.348078550629277
list:
dist: 2.7865125827040877 vs. 2.7865125827040877
list:
dist: 1.6994672281262897 vs. 1.6994672281262897
list:
dist: 1.8933153645240852 vs. 1.8933153645240852
list:
dist: 1.169051899577379 vs. 1.169051899577379
list:
dist: 1.2887581328624333 vs. 1.2887581328624333
list:
dist: 1.3708872837220971 vs. 1.3708872837220971
list:
dist: 2.0102932984135133 vs. 2.0102932984135133
list:
dist: 2.1975536654225847 vs. 2.1975536654225847
list:
dist: 1.2323955835772182 vs. 1.2323955835772182
list:
dist: 1.6852164199706314 vs. 1.6852164199706314
list:
dist: 1.1174199576596073 vs. 1.1174199576596073
list:
dist: 1.1036601063678495 vs. 1.1036601063678495
list:
dist: 1.0698743591188615 vs. 1.0698743591188615
list:
dist: 1.8036698285279793 vs. 1.8036698285279793
list:
dist: 2.8149344273621173 vs. 2.8149344273621173
list:
dist: 2.532949913637146 vs. 2.532949913637146
list:
dist: 2.5480045721579057 vs. 2.5480045721579057
list:
dist: 1.5342915709265468 vs. 1.5342915709265468
list:
dist: 2.1379772859938972 vs. 2.1379772859938972
list:
dist: 1.0288868310843362 vs. 1.0288868310843362
list:
dist: 1.447638404028096 vs. 1.447638404028096
list:
dist: 0.5894109953439196 vs. 0.5894109953439196
list:
dist: 1.3952675128156125 vs. 1.3952675128156125
list:
dist: 1.4575806752535705 vs. 1.4575806752535705
list:
dist: 1.5162989644257012 vs. 1.5162989644257012
list:
dist: 2.5959720262871353 vs. 2.5959720262871353
list:
dist: 1.864863310254596 vs. 1.864863310254596
list:
dist: 1.5388141537011657 vs. 1.5388141537011657
list:
dist: 1.5076987671111126 vs. 1.5076987671111126
list:
dist: 2.6518474742804 vs. 2.6518474742804
list:
dist: 2.2693360245434975 vs. 2.2693360245434975
list:
dist: 2.66513204518033 vs. 2.66513204518033
list:
dist: 1.69538057676312 vs. 1.69538057676312
list:
dist: 1.777878604636808 vs. 1.777878604636808
list:
dist: 1.9669578611646779 vs. 1.9669578611646779
list:
dist: 1.8527220621969054 vs. 1.8527220621969054
list:
dist: 2.254267327766367 vs. 2.254267327766367
list:
dist: 2.9070615986604444 vs. 2.9070615986604444
list:
dist: 2.026392866295855 vs. 2.026392866295855
list:
dist: 2.4593895800633607 vs. 2.4593895800633607
list:
dist: 1.5903399392743596 vs. 1.5903399392743596
list:
dist: 1.3707747487947908 vs. 1.3707747487947908
list:
dist: 1.0288868310843362 vs. 1.0288868310843362
list:
dist: 1.965549936714151 vs. 1.965549936714151
list:
dist: 1.1499125909404209 vs. 1.1499125909404209
list:
dist: 1.9964776995720992 vs. 1.9964776995720992
list:
dist: 2.242025789095084 vs. 2.242025789095084
list:
dist: 2.297258906069433 vs. 2.297258906069433
list:
dist: 1.9763064938915482 vs. 1.9763064938915482
list:
dist: 2.350457526660641 vs. 2.350457526660641
list:
dist: 2.855514118515597 vs. 2.855514118515597
list:
dist: 1.7519037474723647 vs. 1.7519037474723647
list:
dist: 2.041774566198455 vs. 2.041774566198455
list:
dist: 1.3993608516357874 vs. 1.3993608516357874
list:
dist: 1.4333137656222403 vs. 1.4333137656222403
list:
dist: 2.27799983020351 vs. 2.27799983020351
list:
dist: 2.0617014128695113 vs. 2.0617014128695113
list:
dist: 2.2057567624425167 vs. 2.2057567624425167
list:
dist: 2.70210797584783 vs. 2.70210797584783
list:
dist: 1.3659655176037548 vs. 1.3659655176037548
list:
dist: 1.1499125909404209 vs. 1.1499125909404209
list:
dist: 0.7708602027209267 vs. 0.7708602027209267
list:
dist: 1.6335768513934827 vs. 1.6335768513934827
list:
dist: 1.4575806752535705 vs. 1.4575806752535705
list:
dist: 2.3673173725355343 vs. 2.3673173725355343
list:
dist: 2.0424688271940883 vs. 2.0424688271940883
list:
dist: 3.3788327573835435 vs. 3.3788327573835435
list:
dist: 3.2288007874714193 vs. 3.2288007874714193
list:
dist: 2.7865125827040877 vs. 2.7865125827040877
list:
dist: 2.9586817326631576 vs. 2.9586817326631576
list:
dist: 3.8869391251404104 vs. 3.8869391251404104
list:
dist: 2.4152919465105955 vs. 2.4152919465105955
list:
dist: 2.9953239401558576 vs. 2.9953239401558576
list:
dist: 2.3401314451614508 vs. 2.3401314451614508
list:
dist: 2.0141777766475655 vs. 2.0141777766475655
list:
dist: 2.7945740130267676 vs. 2.7945740130267676
list:
dist: 2.613811722564823 vs. 2.613811722564823
list:
dist: 3.18269356351753 vs. 3.18269356351753
list:
dist: 3.594882784288158 vs. 3.594882784288158
list:
dist: 4.073031275361432 vs. 4.073031275361432
list:
dist: 3.3108948556113456 vs. 3.3108948556113456
list:
dist: 2.215937469422283 vs. 2.215937469422283
list:
dist: 1.9964776995720992 vs. 1.9964776995720992
list:
dist: 2.2136295979534797 vs. 2.2136295979534797
list:
dist: 1.9951355414182586 vs. 1.9951355414182586
list:
dist: 1.5162989644257012 vs. 1.5162989644257012
list:
dist: 2.818842231785778 vs. 2.818842231785778
list:
dist: 2.0424688271940883 vs. 2.0424688271940883
list:
dist: 3.197200109311557 vs. 3.197200109311557
list:
dist: 2.690132402513829 vs. 2.690132402513829
list:
dist: 1.6994672281262897 vs. 1.6994672281262897
list:
dist: 2.2233208368929995 vs. 2.2233208368929995
list:
dist: 3.0571038598103635 vs. 3.0571038598103635
list:
dist: 2.0572070729593808 vs. 2.0572070729593808
list:
dist: 2.8776729927879185 vs. 2.8776729927879185
list:
dist: 1.8789463315255814 vs. 1.8789463315255814
list:
dist: 1.5041303574217242 vs. 1.5041303574217242
list:
dist: 1.1310461358822128 vs. 1.1310461358822128
list:
dist: 1.1246314142127782 vs. 1.1246314142127782
list:
dist: 2.3211808722772354 vs. 2.3211808722772354
list:
dist: 2.6670077801189382 vs. 2.6670077801189382
list:
dist: 2.828535923352382 vs. 2.828535923352382
list:
dist: 2.1211120374221597 vs. 2.1211120374221597
list:
dist: 3.979778574352491 vs. 3.979778574352491
list:
dist: 1.800131520844498 vs. 1.800131520844498
list:
dist: 2.297258906069433 vs. 2.297258906069433
list:
dist: 3.2530350884987524 vs. 3.2530350884987524
list:
dist: 1.9653383264112583 vs. 1.9653383264112583
list:
dist: 1.864863310254596 vs. 1.864863310254596
list:
dist: 1.8781960957990642 vs. 1.8781960957990642
list:
dist: 3.2288007874714193 vs. 3.2288007874714193
list:
dist: 2.690132402513829 vs. 2.690132402513829
list:
dist: 1.8265505881881956 vs. 1.8265505881881956
list:
dist: 1.169051899577379 vs. 1.169051899577379
list:
dist: 1.0395402031705578 vs. 1.0395402031705578
list:
dist: 1.1165226425146038 vs. 1.1165226425146038
list:
dist: 2.838220386993412 vs. 2.838220386993412
list:
dist: 2.6644935159970116 vs. 2.6644935159970116
list:
dist: 1.946274972643539 vs. 1.946274972643539
list:
dist: 2.589422523359781 vs. 2.589422523359781
list:
dist: 2.286413085417664 vs. 2.286413085417664
list:
dist: 2.257775575895284 vs. 2.257775575895284
list:
dist: 1.70155203762659 vs. 1.70155203762659
list:
dist: 2.5280004477295903 vs. 2.5280004477295903
list:
dist: 3.3767407992980387 vs. 3.3767407992980387
list:
dist: 3.4112484473366638 vs. 3.4112484473366638
list:
dist: 3.498106306465803 vs. 3.498106306465803
list:
dist: 2.0617014128695113 vs. 2.0617014128695113
list:
dist: 2.9539897297954782 vs. 2.9539897297954782
list:
dist: 2.409928251780227 vs. 2.409928251780227
list:
dist: 1.8527220621969054 vs. 1.8527220621969054
list:
dist: 3.080614894026617 vs. 3.080614894026617
list:
dist: 2.613811722564823 vs. 2.613811722564823
list:
dist: 1.1246314142127782 vs. 1.1246314142127782
list:
dist: 2.3691250794486387 vs. 2.3691250794486387
list:
dist: 2.257775575895284 vs. 2.257775575895284
list:
dist: 1.1036601063678495 vs. 1.1036601063678495
list:
dist: 2.214176379492976 vs. 2.214176379492976
list:
dist: 2.2321841382599183 vs. 2.2321841382599183
list:
dist: 1.4188739019594094 vs. 1.4188739019594094
list:
dist: 2.0651348882831715 vs. 2.0651348882831715
list:
dist: 1.1547946399504678 vs. 1.1547946399504678
list:
dist: 1.0529515417519004 vs. 1.0529515417519004
list:
dist: 0.26936503225303454 vs. 0.26936503225303454
list:
dist: 1.3163328483149692 vs. 1.3163328483149692
list:
dist: 1.5691026082640878 vs. 1.5691026082640878
list:
dist: 1.9546876911759692 vs. 1.9546876911759692
list:
dist: 1.4516478817410878 vs. 1.4516478817410878
list:
dist: 3.8523349928782546 vs. 3.8523349928782546
list:
dist: 2.538443181651992 vs. 2.538443181651992
list:
dist: 2.0022797302994984 vs. 2.0022797302994984
list:
dist: 1.8773691872162834 vs. 1.8773691872162834
list:
dist: 2.2057567624425167 vs. 2.2057567624425167
list:
dist: 3.5581892974011624 vs. 3.5581892974011624
list:
dist: 2.7187226117048944 vs. 2.7187226117048944
list:
dist: 2.254267327766367 vs. 2.254267327766367
list:
dist: 3.0927819494373265 vs. 3.0927819494373265
list:
dist: 3.18269356351753 vs. 3.18269356351753
list:
dist: 2.3211808722772354 vs. 2.3211808722772354
list:
dist: 1.1897150435062354 vs. 1.1897150435062354
list:
dist: 1.70155203762659 vs. 1.70155203762659
list:
dist: 1.0698743591188615 vs. 1.0698743591188615
list:
dist: 2.270581212765142 vs. 2.270581212765142
list:
dist: 1.217854122005398 vs. 1.217854122005398
list:
dist: 1.5322139880685508 vs. 1.5322139880685508
list:
dist: 1.3693644955733737 vs. 1.3693644955733737
list:
dist: 0.9037318645999863 vs. 0.9037318645999863
list:
dist: 1.5432016487695404 vs. 1.5432016487695404
list:
dist: 1.4330585446558775 vs. 1.4330585446558775
list:
dist: 1.3163328483149692 vs. 1.3163328483149692
list:
dist: 0.8340532786858079 vs. 0.8340532786858079
list:
dist: 2.1797807792863724 vs. 2.1797807792863724
list:
dist: 2.0838694850883783 vs. 2.0838694850883783
list:
dist: 4.7071532595931265 vs. 4.7071532595931265
list:
dist: 1.7726409714360516 vs. 1.7726409714360516
list:
dist: 1.83928891269098 vs. 1.83928891269098
list:
dist: 1.8985524859849774 vs. 1.8985524859849774
list:
dist: 2.8134653601118087 vs. 2.8134653601118087
list:
dist: 2.855514118515597 vs. 2.855514118515597
list:
dist: 4.077835240696975 vs. 4.077835240696975
list:
dist: 2.9187692424574982 vs. 2.9187692424574982
list:
dist: 2.6518474742804 vs. 2.6518474742804
list:
dist: 2.9639973379976987 vs. 2.9639973379976987
list:
dist: 3.8869391251404104 vs. 3.8869391251404104
list:
dist: 3.0571038598103635 vs. 3.0571038598103635
list:
dist: 1.4487157177155814 vs. 1.4487157177155814
list:
dist: 1.1165226425146038 vs. 1.1165226425146038
list:
dist: 1.3708872837220971 vs. 1.3708872837220971
list:
dist: 1.96933556031287 vs. 1.96933556031287
list:
dist: 2.7118237222868995 vs. 2.7118237222868995
list:
dist: 2.345170482797133 vs. 2.345170482797133
list:
dist: 1.9310062538677557 vs. 1.9310062538677557
list:
dist: 2.646756257324045 vs. 2.646756257324045
list:
dist: 2.2470227951778896 vs. 2.2470227951778896
list:
dist: 2.2321841382599183 vs. 2.2321841382599183
list:
dist: 1.217854122005398 vs. 1.217854122005398
list:
dist: 1.8640522510523634 vs. 1.8640522510523634
list:
dist: 2.6336902720139306 vs. 2.6336902720139306
list:
dist: 2.6559692536670503 vs. 2.6559692536670503
list:
dist: 2.8300946264483295 vs. 2.8300946264483295
list:
dist: 3.3108948556113456 vs. 3.3108948556113456
list:
dist: 2.1211120374221597 vs. 2.1211120374221597
list:
dist: 1.3898129174918703 vs. 1.3898129174918703
list:
dist: 2.1591121991591713 vs. 2.1591121991591713
list:
dist: 1.9148735786912487 vs. 1.9148735786912487
list:
dist: 1.4806537221097598 vs. 1.4806537221097598
list:
dist: 1.5456855887064103 vs. 1.5456855887064103
list:
dist: 1.4516478817410878 vs. 1.4516478817410878
list:
dist: 2.0838694850883783 vs. 2.0838694850883783
list:
dist: 1.6493801811277011 vs. 1.6493801811277011
list:
dist: 0.8490450636457006 vs. 0.8490450636457006
list:
dist: 3.651775393966971 vs. 3.651775393966971
list:
dist: 2.1194684155685377 vs. 2.1194684155685377
list:
dist: 1.4999376758727143 vs. 1.4999376758727143
list:
dist: 1.1728099262182052 vs. 1.1728099262182052
list:
dist: 1.4333137656222403 vs. 1.4333137656222403
list:
dist: 2.5772190980801737 vs. 2.5772190980801737
list:
dist: 2.355185467697977 vs. 2.355185467697977
list:
dist: 1.777878604636808 vs. 1.777878604636808
list:
dist: 3.065045805963701 vs. 3.065045805963701
list:
dist: 2.0141777766475655 vs. 2.0141777766475655
list:
dist: 1.5041303574217242 vs. 1.5041303574217242
list:
dist: 2.1538278197640466 vs. 2.1538278197640466
list:
dist: 2.589422523359781 vs. 2.589422523359781
list:
dist: 1.6852164199706314 vs. 1.6852164199706314
list:
dist: 2.7048472030235384 vs. 2.7048472030235384
list:
dist: 2.646756257324045 vs. 2.646756257324045
list:
dist: 0.5781840819134683 vs. 0.5781840819134683
list:
dist: 1.4585729954121691 vs. 1.4585729954121691
list:
dist: 0.7853668720839013 vs. 0.7853668720839013
list:
dist: 1.3183225853802047 vs. 1.3183225853802047
list:
dist: 1.0529515417519004 vs. 1.0529515417519004
list:
dist: 1.5432016487695404 vs. 1.5432016487695404
list:
dist: 1.6712350263560647 vs. 1.6712350263560647
list:
dist: 2.1195277143213014 vs. 2.1195277143213014
list:
dist: 1.4806537221097598 vs. 1.4806537221097598
list:
dist: 2.3149564605442725 vs. 2.3149564605442725
list:
dist: 2.386412889987262 vs. 2.386412889987262
list:
dist: 2.1992114617539973 vs. 2.1992114617539973
list:
dist: 1.7519037474723647 vs. 1.7519037474723647
list:
dist: 3.0422941683216584 vs. 3.0422941683216584
list:
dist: 2.8275605153170464 vs. 2.8275605153170464
list:
dist: 2.2693360245434975 vs. 2.2693360245434975
list:
dist: 3.469626073912547 vs. 3.469626073912547
list:
dist: 2.4152919465105955 vs. 2.4152919465105955
list:
dist: 2.0572070729593808 vs. 2.0572070729593808
list:
dist: 1.995271551163836 vs. 1.995271551163836
list:
dist: 2.838220386993412 vs. 2.838220386993412
list:
dist: 2.0102932984135133 vs. 2.0102932984135133
list:
dist: 3.1223738111705237 vs. 3.1223738111705237
list:
dist: 2.7118237222868995 vs. 2.7118237222868995
list:
dist: 1.036962631630078 vs. 1.036962631630078
list:
dist: 0.8932947331291653 vs. 0.8932947331291653
list:
dist: 0.5781840819134683 vs. 0.5781840819134683
list:
dist: 1.6769359575408398 vs. 1.6769359575408398
list:
dist: 1.4188739019594094 vs. 1.4188739019594094
list:
dist: 1.5322139880685508 vs. 1.5322139880685508
list:
dist: 1.423621868409221 vs. 1.423621868409221
list:
dist: 1.8884242606610049 vs. 1.8884242606610049
list:
dist: 1.3898129174918703 vs. 1.3898129174918703
list:
dist: 1.8388298487633568 vs. 1.8388298487633568
list:
dist: 2.17913709798006 vs. 2.17913709798006
list:
dist: 1.9923606030772814 vs. 1.9923606030772814
list:
dist: 2.7324998901311526 vs. 2.7324998901311526
list:
dist: 3.4112484473366638 vs. 3.4112484473366638
list:
dist: 2.532949913637146 vs. 2.532949913637146
list:
dist: 3.7807749702456617 vs. 3.7807749702456617
list:
dist: 2.6559692536670503 vs. 2.6559692536670503
list:
dist: 2.17913709798006 vs. 2.17913709798006
list:
dist: 2.3147389288807885 vs. 2.3147389288807885
list:
dist: 2.305097673585591 vs. 2.305097673585591
list:
dist: 2.386412889987262 vs. 2.386412889987262
list:
dist: 2.0022998450659095 vs. 2.0022998450659095
list:
dist: 2.0022797302994984 vs. 2.0022797302994984
list:
dist: 1.83928891269098 vs. 1.83928891269098
list:
dist: 1.1691240710928668 vs. 1.1691240710928668
list:
dist: 0.8542626367921857 vs. 0.8542626367921857
list:
dist: 1.4999376758727143 vs. 1.4999376758727143
list:
dist: 3.6698850290626317 vs. 3.6698850290626317
list:
dist: 1.5629153332276895 vs. 1.5629153332276895
list:
dist: 0.3506986471648374 vs. 0.3506986471648374
list:
dist: 2.27799983020351 vs. 2.27799983020351
list:
dist: 3.0855273017505107 vs. 3.0855273017505107
list:
dist: 2.5005223444346063 vs. 2.5005223444346063
list:
dist: 1.9669578611646779 vs. 1.9669578611646779
list:
dist: 3.156580002320031 vs. 3.156580002320031
list:
dist: 2.7945740130267676 vs. 2.7945740130267676
list:
dist: 1.1310461358822128 vs. 1.1310461358822128
list:
dist: 2.5358592021386865 vs. 2.5358592021386865
list:
dist: 2.286413085417664 vs. 2.286413085417664
list:
dist: 1.1174199576596073 vs. 1.1174199576596073
list:
dist: 2.1785076933071714 vs. 2.1785076933071714
list:
dist: 2.2470227951778896 vs. 2.2470227951778896
list:
dist: 1.6769359575408398 vs. 1.6769359575408398
list:
dist: 2.298516182066836 vs. 2.298516182066836
list:
dist: 1.393497233460084 vs. 1.393497233460084
list:
dist: 1.3183225853802047 vs. 1.3183225853802047
list:
dist: 0.26936503225303454 vs. 0.26936503225303454
list:
dist: 1.4330585446558775 vs. 1.4330585446558775
list:
dist: 1.6880703060294064 vs. 1.6880703060294064
list:
dist: 2.000784522960837 vs. 2.000784522960837
list:
dist: 1.5456855887064103 vs. 1.5456855887064103
list:
dist: 3.6363741415675412 vs. 3.6363741415675412
list:
dist: 2.688058897444084 vs. 2.688058897444084
list:
dist: 2.0022998450659095 vs. 2.0022998450659095
list:
dist: 1.894009354663504 vs. 1.894009354663504
list:
dist: 2.041774566198455 vs. 2.041774566198455
list:
dist: 3.585463790883018 vs. 3.585463790883018
list:
dist: 3.136767111868123 vs. 3.136767111868123
list:
dist: 2.66513204518033 vs. 2.66513204518033
list:
dist: 3.556394701592898 vs. 3.556394701592898
list:
dist: 2.9953239401558576 vs. 2.9953239401558576
list:
dist: 2.8776729927879185 vs. 2.8776729927879185
list:
dist: 1.2143827966846241 vs. 1.2143827966846241
list:
dist: 2.6644935159970116 vs. 2.6644935159970116
list:
dist: 2.1975536654225847 vs. 2.1975536654225847
list:
dist: 3.271932557133936 vs. 3.271932557133936
list:
dist: 2.345170482797133 vs. 2.345170482797133
list:
dist: 1.036962631630078 vs. 1.036962631630078
list:
dist: 1.0898833864703916 vs. 1.0898833864703916
list:
dist: 1.4585729954121691 vs. 1.4585729954121691
list:
dist: 2.298516182066836 vs. 2.298516182066836
list:
dist: 2.0651348882831715 vs. 2.0651348882831715
list:
dist: 1.3693644955733737 vs. 1.3693644955733737
list:
dist: 1.2628435216020857 vs. 1.2628435216020857
list:
dist: 2.315769958593645 vs. 2.315769958593645
list:
dist: 2.1591121991591713 vs. 2.1591121991591713
list:
dist: 1.3249567270466043 vs. 1.3249567270466043
list:
dist: 2.3147389288807885 vs. 2.3147389288807885
list:
dist: 2.261596804364188 vs. 2.261596804364188
list:
dist: 2.70210797584783 vs. 2.70210797584783
list:
dist: 4.080382459885286 vs. 4.080382459885286
list:
dist: 3.4247368545009977 vs. 3.4247368545009977
list:
dist: 2.9070615986604444 vs. 2.9070615986604444
list:
dist: 3.8756589503221313 vs. 3.8756589503221313
list:
dist: 3.594882784288158 vs. 3.594882784288158
list:
dist: 2.6670077801189382 vs. 2.6670077801189382
list:
dist: 1.5918695336595092 vs. 1.5918695336595092
list:
dist: 2.5280004477295903 vs. 2.5280004477295903
list:
dist: 1.8036698285279793 vs. 1.8036698285279793
list:
dist: 3.0652182067546145 vs. 3.0652182067546145
list:
dist: 1.8640522510523634 vs. 1.8640522510523634
list:
dist: 1.423621868409221 vs. 1.423621868409221
list:
dist: 1.2628435216020857 vs. 1.2628435216020857
list:
dist: 1.3090360672161359 vs. 1.3090360672161359
list:
dist: 1.6712350263560647 vs. 1.6712350263560647
list:
dist: 1.6880703060294064 vs. 1.6880703060294064
list:
dist: 1.5691026082640878 vs. 1.5691026082640878
list:
dist: 0.8340532786858079 vs. 0.8340532786858079
list:
dist: 1.5061472884094516 vs. 1.5061472884094516
list:
dist: 1.6493801811277011 vs. 1.6493801811277011
list:
dist: 4.5136745157694955 vs. 4.5136745157694955
list:
dist: 1.0684766222285935 vs. 1.0684766222285935
list:
dist: 1.1691240710928668 vs. 1.1691240710928668
list:
dist: 1.2231645986929247 vs. 1.2231645986929247
list:
dist: 1.9201215744101168 vs. 1.9201215744101168
list:
dist: 3.3767407992980387 vs. 3.3767407992980387
list:
dist: 2.8149344273621173 vs. 2.8149344273621173
list:
dist: 4.037750147480683 vs. 4.037750147480683
list:
dist: 2.6336902720139306 vs. 2.6336902720139306
list:
dist: 1.8388298487633568 vs. 1.8388298487633568
list:
dist: 1.3249567270466043 vs. 1.3249567270466043
list:
dist: 2.0447834256586295 vs. 2.0447834256586295
list:
dist: 2.3149564605442725 vs. 2.3149564605442725
list:
dist: 2.688058897444084 vs. 2.688058897444084
list:
dist: 2.538443181651992 vs. 2.538443181651992
list:
dist: 1.7726409714360516 vs. 1.7726409714360516
list:
dist: 1.0684766222285935 vs. 1.0684766222285935
list:
dist: 1.7594282257446463 vs. 1.7594282257446463
list:
dist: 2.1194684155685377 vs. 2.1194684155685377
list:
dist: 1.5629153332276895 vs. 1.5629153332276895
list:
dist: 1.6112691707036073 vs. 1.6112691707036073
list:
dist: 2.8868299947365297 vs. 2.8868299947365297
list:
dist: 2.242025789095084 vs. 2.242025789095084
list:
dist: 3.774316695493174 vs. 3.774316695493174
list:
dist: 2.925409421605606 vs. 2.925409421605606
list:
dist: 2.5959720262871353 vs. 2.5959720262871353
list:
dist: 3.060848648097873 vs. 3.060848648097873
list:
dist: 3.3788327573835435 vs. 3.3788327573835435
list:
dist: 3.197200109311557 vs. 3.197200109311557
list:
dist: 1.8265505881881956 vs. 1.8265505881881956
list:
dist: 1.8933153645240852 vs. 1.8933153645240852
list:
dist: 2.706265031731701 vs. 2.706265031731701
list:
dist: 1.4487157177155814 vs. 1.4487157177155814
list:
dist: 1.995271551163836 vs. 1.995271551163836
list:
dist: 1.2143827966846241 vs. 1.2143827966846241
list:
dist: 1.4090829593562333 vs. 1.4090829593562333
list:
dist: 2.1538278197640466 vs. 2.1538278197640466
list:
dist: 2.5358592021386865 vs. 2.5358592021386865
list:
dist: 2.3691250794486387 vs. 2.3691250794486387
list:
dist: 1.1897150435062354 vs. 1.1897150435062354
list:
dist: 1.5918695336595092 vs. 1.5918695336595092
list:
dist: 1.9201215744101168 vs. 1.9201215744101168
list:
dist: 2.7324998901311526 vs. 2.7324998901311526
list:
dist: 2.814978920003366 vs. 2.814978920003366
list:
dist: 2.814978920003366 vs. 2.814978920003366
list:
dist: 3.498106306465803 vs. 3.498106306465803
list:
dist: 2.5480045721579057 vs. 2.5480045721579057
list:
dist: 3.809632975418036 vs. 3.809632975418036
list:
dist: 2.8300946264483295 vs. 2.8300946264483295
list:
dist: 1.9923606030772814 vs. 1.9923606030772814
list:
dist: 2.261596804364188 vs. 2.261596804364188
list:
dist: 2.2283855059300564 vs. 2.2283855059300564
list:
dist: 2.1992114617539973 vs. 2.1992114617539973
list:
dist: 1.894009354663504 vs. 1.894009354663504
list:
dist: 1.8773691872162834 vs. 1.8773691872162834
list:
dist: 1.8985524859849774 vs. 1.8985524859849774
list:
dist: 1.2231645986929247 vs. 1.2231645986929247
list:
dist: 0.5135869739898685 vs. 0.5135869739898685
list:
dist: 1.1728099262182052 vs. 1.1728099262182052
list:
dist: 3.5907673921056524 vs. 3.5907673921056524
list:
dist: 1.6112691707036073 vs. 1.6112691707036073
list:
dist: 0.3506986471648374 vs. 0.3506986471648374
list:
dist: 4.073031275361432 vs. 4.073031275361432
list:
dist: 2.828535923352382 vs. 2.828535923352382
list:
dist: 1.8884242606610049 vs. 1.8884242606610049
list:
dist: 2.315769958593645 vs. 2.315769958593645
list:
dist: 2.316102297039427 vs. 2.316102297039427
list:
dist: 2.1195277143213014 vs. 2.1195277143213014
list:
dist: 2.000784522960837 vs. 2.000784522960837
list:
dist: 1.9546876911759692 vs. 1.9546876911759692
list:
dist: 2.1797807792863724 vs. 2.1797807792863724
list:
dist: 1.5061472884094516 vs. 1.5061472884094516
list:
dist: 0.8490450636457006 vs. 0.8490450636457006
list:
dist: 3.5995468341759502 vs. 3.5995468341759502
list:
dist: 1.7594282257446463 vs. 1.7594282257446463
list:
dist: 0.8542626367921857 vs. 0.8542626367921857
list:
dist: 0.5135869739898685 vs. 0.5135869739898685
list:
dist: 1.796121855075804 vs. 1.796121855075804
list:
dist: 1.603476273956752 vs. 1.603476273956752
list:
dist: 1.0996934088962893 vs. 1.0996934088962893
list:
dist: 1.1400436363596769 vs. 1.1400436363596769
list:
dist: 1.272328994754315 vs. 1.272328994754315
list:
dist: 1.6625697820553014 vs. 1.6625697820553014
list:
dist: 1.6470679142552163 vs. 1.6470679142552163
list:
dist: 1.2300292392938659 vs. 1.2300292392938659
list:
dist: 1.3483433075212419 vs. 1.3483433075212419
list:
dist: 1.449170785759244 vs. 1.449170785759244
list:
dist: 1.6932768001766556 vs. 1.6932768001766556
list:
dist: 1.2886783994068842 vs. 1.2886783994068842
list:
dist: 1.820341678761825 vs. 1.820341678761825
list:
dist: 2.7952211553232806 vs. 2.7952211553232806
list:
dist: 2.4801256106619145 vs. 2.4801256106619145
list:
dist: 2.404464088211652 vs. 2.404464088211652
list:
dist: 2.7441341661062606 vs. 2.7441341661062606
list:
dist: 2.308525415127928 vs. 2.308525415127928
list:
dist: 2.6878653727067428 vs. 2.6878653727067428
list:
dist: 2.478798651103818 vs. 2.478798651103818
list:
dist: 1.4271581126785384 vs. 1.4271581126785384
list:
dist: 1.4360753534498323 vs. 1.4360753534498323
list:
dist: 2.1788889228497474 vs. 2.1788889228497474
list:
dist: 2.731773125090768 vs. 2.731773125090768
list:
dist: 1.3110049151759733 vs. 1.3110049151759733
list:
dist: 1.2780493989463881 vs. 1.2780493989463881
list:
dist: 1.791582698813229 vs. 1.791582698813229
list:
dist: 1.1917945831827923 vs. 1.1917945831827923
list:
dist: 1.603476273956752 vs. 1.603476273956752
list:
dist: 1.0239636402084025 vs. 1.0239636402084025
list:
dist: 2.2454647756035566 vs. 2.2454647756035566
list:
dist: 2.716616360097416 vs. 2.716616360097416
list:
dist: 2.533145711643168 vs. 2.533145711643168
list:
dist: 1.914593738060053 vs. 1.914593738060053
list:
dist: 2.1273786761144895 vs. 2.1273786761144895
list:
dist: 1.791582698813229 vs. 1.791582698813229
list:
dist: 1.4882498388425125 vs. 1.4882498388425125
list:
dist: 0.8665721373463018 vs. 0.8665721373463018
list:
dist: 1.1400436363596769 vs. 1.1400436363596769
list:
dist: 1.248704669335131 vs. 1.248704669335131
list:
dist: 0.5465127858295329 vs. 0.5465127858295329
list:
dist: 2.0618379874525323 vs. 2.0618379874525323
list:
dist: 2.2929215346271925 vs. 2.2929215346271925
list:
dist: 2.5240844688574313 vs. 2.5240844688574313
list:
dist: 1.148369077625593 vs. 1.148369077625593
list:
dist: 1.4809118290245562 vs. 1.4809118290245562
list:
dist: 1.3306470564358823 vs. 1.3306470564358823
list:
dist: 2.6012979662908196 vs. 2.6012979662908196
list:
dist: 1.586723577260834 vs. 1.586723577260834
list:
dist: 2.083703964137379 vs. 2.083703964137379
list:
dist: 1.802158981177448 vs. 1.802158981177448
list:
dist: 2.5299592561946302 vs. 2.5299592561946302
list:
dist: 3.376652297221164 vs. 3.376652297221164
list:
dist: 2.552637164904953 vs. 2.552637164904953
list:
dist: 1.7086327496901026 vs. 1.7086327496901026
list:
dist: 2.2342188704418553 vs. 2.2342188704418553
list:
dist: 2.343281775674228 vs. 2.343281775674228
list:
dist: 2.7250228762986515 vs. 2.7250228762986515
list:
dist: 1.3110049151759733 vs. 1.3110049151759733
list:
dist: 2.2161435083757115 vs. 2.2161435083757115
list:
dist: 2.1273786761144895 vs. 2.1273786761144895
list:
dist: 1.3621479158077157 vs. 1.3621479158077157
list:
dist: 1.796121855075804 vs. 1.796121855075804
list:
dist: 2.040341378529056 vs. 2.040341378529056
list:
dist: 2.601175514566051 vs. 2.601175514566051
list:
dist: 2.426935084798491 vs. 2.426935084798491
list:
dist: 2.0373022767655455 vs. 2.0373022767655455
list:
dist: 1.770109585304265 vs. 1.770109585304265
list:
dist: 1.3621479158077157 vs. 1.3621479158077157
list:
dist: 1.1917945831827923 vs. 1.1917945831827923
list:
dist: 1.574117231797054 vs. 1.574117231797054
list:
dist: 0.8665721373463018 vs. 0.8665721373463018
list:
dist: 1.272328994754315 vs. 1.272328994754315
list:
dist: 1.0514970279697666 vs. 1.0514970279697666
list:
dist: 1.281678457022219 vs. 1.281678457022219
list:
dist: 2.273045461548038 vs. 2.273045461548038
list:
dist: 2.255690683434038 vs. 2.255690683434038
list:
dist: 2.2647454306833903 vs. 2.2647454306833903
list:
dist: 1.940879870265145 vs. 1.940879870265145
list:
dist: 2.127772656830638 vs. 2.127772656830638
list:
dist: 2.191510431299248 vs. 2.191510431299248
list:
dist: 3.39707302284692 vs. 3.39707302284692
list:
dist: 2.2482758869288126 vs. 2.2482758869288126
list:
dist: 2.715365187810559 vs. 2.715365187810559
list:
dist: 2.4668005827862 vs. 2.4668005827862
list:
dist: 3.100876024876381 vs. 3.100876024876381
list:
dist: 3.763037973619484 vs. 3.763037973619484
list:
dist: 3.2640951763762667 vs. 3.2640951763762667
list:
dist: 2.2570991208860884 vs. 2.2570991208860884
list:
dist: 2.668550817963834 vs. 2.668550817963834
list:
dist: 2.7110474817882233 vs. 2.7110474817882233
list:
dist: 3.329545422866472 vs. 3.329545422866472
list:
dist: 2.4442759418040545 vs. 2.4442759418040545
list:
dist: 2.471379553436806 vs. 2.471379553436806
list:
dist: 1.6621692464685958 vs. 1.6621692464685958
list:
dist: 1.9348603229665369 vs. 1.9348603229665369
list:
dist: 2.7059081966514746 vs. 2.7059081966514746
list:
dist: 1.4135930497309086 vs. 1.4135930497309086
list:
dist: 2.2178452587733397 vs. 2.2178452587733397
list:
dist: 3.970533740934735 vs. 3.970533740934735
list:
dist: 3.3017201502591917 vs. 3.3017201502591917
list:
dist: 3.152624286330145 vs. 3.152624286330145
list:
dist: 3.1347537132990513 vs. 3.1347537132990513
list:
dist: 2.4944996308067293 vs. 2.4944996308067293
list:
dist: 3.6907909525824336 vs. 3.6907909525824336
list:
dist: 2.932802770052741 vs. 2.932802770052741
list:
dist: 2.313985426675702 vs. 2.313985426675702
list:
dist: 3.5677709124141943 vs. 3.5677709124141943
list:
dist: 3.9138458823336593 vs. 3.9138458823336593
list:
dist: 3.1362063920549237 vs. 3.1362063920549237
list:
dist: 3.995899762906407 vs. 3.995899762906407
list:
dist: 2.1086504410467874 vs. 2.1086504410467874
list:
dist: 3.3564658165957906 vs. 3.3564658165957906
list:
dist: 2.921440391341936 vs. 2.921440391341936
list:
dist: 3.4436475559153155 vs. 3.4436475559153155
list:
dist: 4.57552293901129 vs. 4.57552293901129
list:
dist: 4.416372825755578 vs. 4.416372825755578
list:
dist: 5.090575351128529 vs. 5.090575351128529
list:
dist: 2.426935084798491 vs. 2.426935084798491
list:
dist: 2.716616360097416 vs. 2.716616360097416
list:
dist: 2.231930611717065 vs. 2.231930611717065
list:
dist: 2.0618379874525323 vs. 2.0618379874525323
list:
dist: 2.273045461548038 vs. 2.273045461548038
list:
dist: 1.2300292392938659 vs. 1.2300292392938659
list:
dist: 2.8779064355759174 vs. 2.8779064355759174
list:
dist: 2.443005669296443 vs. 2.443005669296443
list:
dist: 0.6507463152008266 vs. 0.6507463152008266
list:
dist: 1.644606256676326 vs. 1.644606256676326
list:
dist: 1.9717379196108475 vs. 1.9717379196108475
list:
dist: 1.2126629219939875 vs. 1.2126629219939875
list:
dist: 2.2819220481381546 vs. 2.2819220481381546
list:
dist: 2.5305638217788955 vs. 2.5305638217788955
list:
dist: 2.8145683717451755 vs. 2.8145683717451755
list:
dist: 2.123047541246513 vs. 2.123047541246513
list:
dist: 3.1139187626900138 vs. 3.1139187626900138
list:
dist: 1.5392697115030314 vs. 1.5392697115030314
list:
dist: 1.5488968299150196 vs. 1.5488968299150196
list:
dist: 1.9789875976947213 vs. 1.9789875976947213
list:
dist: 0.9893041201136963 vs. 0.9893041201136963
list:
dist: 1.047419769976592 vs. 1.047419769976592
list:
dist: 1.4179960286430207 vs. 1.4179960286430207
list:
dist: 2.072274515488985 vs. 2.072274515488985
list:
dist: 2.0373022767655455 vs. 2.0373022767655455
list:
dist: 2.533145711643168 vs. 2.533145711643168
list:
dist: 2.3160246135543345 vs. 2.3160246135543345
list:
dist: 2.2929215346271925 vs. 2.2929215346271925
list:
dist: 2.255690683434038 vs. 2.255690683434038
list:
dist: 1.3483433075212419 vs. 1.3483433075212419
list:
dist: 2.9195041986907255 vs. 2.9195041986907255
list:
dist: 2.7475337098304573 vs. 2.7475337098304573
list:
dist: 0.6507463152008266 vs. 0.6507463152008266
list:
dist: 1.220340165342026 vs. 1.220340165342026
list:
dist: 2.4586733959982974 vs. 2.4586733959982974
list:
dist: 1.7961123368561631 vs. 1.7961123368561631
list:
dist: 2.7929116002397696 vs. 2.7929116002397696
list:
dist: 3.1672073282739905 vs. 3.1672073282739905
list:
dist: 3.2323890947090272 vs. 3.2323890947090272
list:
dist: 2.6416641356483233 vs. 2.6416641356483233
list:
dist: 3.5402707569901564 vs. 3.5402707569901564
list:
dist: 2.1380990076815802 vs. 2.1380990076815802
list:
dist: 1.9493801423159223 vs. 1.9493801423159223
list:
dist: 2.623308767303056 vs. 2.623308767303056
list:
dist: 1.5957303824535558 vs. 1.5957303824535558
list:
dist: 1.5360274381425638 vs. 1.5360274381425638
list:
dist: 1.8219990766644314 vs. 1.8219990766644314
list:
dist: 2.636209124009967 vs. 2.636209124009967
list:
dist: 1.770109585304265 vs. 1.770109585304265
list:
dist: 1.914593738060053 vs. 1.914593738060053
list:
dist: 1.8536295562061476 vs. 1.8536295562061476
list:
dist: 2.5240844688574313 vs. 2.5240844688574313
list:
dist: 2.2647454306833903 vs. 2.2647454306833903
list:
dist: 1.449170785759244 vs. 1.449170785759244
list:
dist: 2.591438308456004 vs. 2.591438308456004
list:
dist: 3.060602335518834 vs. 3.060602335518834
list:
dist: 1.644606256676326 vs. 1.644606256676326
list:
dist: 1.220340165342026 vs. 1.220340165342026
list:
dist: 3.0870492979471718 vs. 3.0870492979471718
list:
dist: 2.472437968401516 vs. 2.472437968401516
list:
dist: 3.2137259280164514 vs. 3.2137259280164514
list:
dist: 3.9683738029623608 vs. 3.9683738029623608
list:
dist: 3.878185357561997 vs. 3.878185357561997
list:
dist: 3.590263893278538 vs. 3.590263893278538
list:
dist: 4.158801733663598 vs. 4.158801733663598
list:
dist: 3.1642261537172107 vs. 3.1642261537172107
list:
dist: 2.899927551518395 vs. 2.899927551518395
list:
dist: 3.489616967634326 vs. 3.489616967634326
list:
dist: 2.461822450408064 vs. 2.461822450408064
list:
dist: 1.9687879893073301 vs. 1.9687879893073301
list:
dist: 2.967026476014598 vs. 2.967026476014598
list:
dist: 3.694666022532644 vs. 3.694666022532644
list:
dist: 2.0296314142751584 vs. 2.0296314142751584
list:
dist: 1.4809118290245562 vs. 1.4809118290245562
list:
dist: 2.127772656830638 vs. 2.127772656830638
list:
dist: 1.2886783994068842 vs. 1.2886783994068842
list:
dist: 2.5273221601813027 vs. 2.5273221601813027
list:
dist: 1.641640751903536 vs. 1.641640751903536
list:
dist: 1.2126629219939875 vs. 1.2126629219939875
list:
dist: 1.7961123368561631 vs. 1.7961123368561631
list:
dist: 2.472437968401516 vs. 2.472437968401516
list:
dist: 0.9237465316730505 vs. 0.9237465316730505
list:
dist: 1.1162509194684256 vs. 1.1162509194684256
list:
dist: 1.5263790711451968 vs. 1.5263790711451968
list:
dist: 1.880337839151163 vs. 1.880337839151163
list:
dist: 1.3776404201517096 vs. 1.3776404201517096
list:
dist: 2.1346540969535406 vs. 2.1346540969535406
list:
dist: 1.1943285982965457 vs. 1.1943285982965457
list:
dist: 2.0232701378116476 vs. 2.0232701378116476
list:
dist: 1.2039969818812446 vs. 1.2039969818812446
list:
dist: 0.4259665123518531 vs. 0.4259665123518531
list:
dist: 1.1157721314699445 vs. 1.1157721314699445
list:
dist: 1.4660118661013082 vs. 1.4660118661013082
list:
dist: 1.5792496596849845 vs. 1.5792496596849845
list:
dist: 2.4906618388396984 vs. 2.4906618388396984
list:
dist: 2.3567952586382503 vs. 2.3567952586382503
list:
dist: 2.0566938462854494 vs. 2.0566938462854494
list:
dist: 1.3306470564358823 vs. 1.3306470564358823
list:
dist: 2.191510431299248 vs. 2.191510431299248
list:
dist: 1.820341678761825 vs. 1.820341678761825
list:
dist: 2.2523003551445333 vs. 2.2523003551445333
list:
dist: 1.1536056023564187 vs. 1.1536056023564187
list:
dist: 2.2819220481381546 vs. 2.2819220481381546
list:
dist: 2.7929116002397696 vs. 2.7929116002397696
list:
dist: 3.2137259280164514 vs. 3.2137259280164514
list:
dist: 0.738272456025238 vs. 0.738272456025238
list:
dist: 1.1162509194684256 vs. 1.1162509194684256
list:
dist: 1.5219303362603123 vs. 1.5219303362603123
list:
dist: 1.4104451388707564 vs. 1.4104451388707564
list:
dist: 1.661953911815231 vs. 1.661953911815231
list:
dist: 1.5320754915879826 vs. 1.5320754915879826
list:
dist: 2.0276907236037234 vs. 2.0276907236037234
list:
dist: 3.052374506409686 vs. 3.052374506409686
list:
dist: 1.6857796912946383 vs. 1.6857796912946383
list:
dist: 1.4874182256922706 vs. 1.4874182256922706
list:
dist: 1.9803516760318713 vs. 1.9803516760318713
list:
dist: 2.3309070192031354 vs. 2.3309070192031354
list:
dist: 2.1605892517114693 vs. 2.1605892517114693
list:
dist: 2.127199847289294 vs. 2.127199847289294
list:
dist: 2.1122876884018478 vs. 2.1122876884018478
list:
dist: 2.601175514566051 vs. 2.601175514566051
list:
dist: 2.2454647756035566 vs. 2.2454647756035566
list:
dist: 1.9023376558931044 vs. 1.9023376558931044
list:
dist: 0.5465127858295329 vs. 0.5465127858295329
list:
dist: 1.281678457022219 vs. 1.281678457022219
list:
dist: 1.6470679142552163 vs. 1.6470679142552163
list:
dist: 1.5231514119120766 vs. 1.5231514119120766
list:
dist: 2.443005669296443 vs. 2.443005669296443
list:
dist: 2.7475337098304573 vs. 2.7475337098304573
list:
dist: 3.060602335518834 vs. 3.060602335518834
list:
dist: 0.9956628979288156 vs. 0.9956628979288156
list:
dist: 1.641640751903536 vs. 1.641640751903536
list:
dist: 1.1536056023564187 vs. 1.1536056023564187
list:
dist: 2.436323799831033 vs. 2.436323799831033
list:
dist: 1.1602551007915753 vs. 1.1602551007915753
list:
dist: 1.9516798802141326 vs. 1.9516798802141326
list:
dist: 1.322657076061731 vs. 1.322657076061731
list:
dist: 2.6029873215766366 vs. 2.6029873215766366
list:
dist: 3.617501325993379 vs. 3.617501325993379
list:
dist: 2.5289022889195243 vs. 2.5289022889195243
list:
dist: 1.8891663872445406 vs. 1.8891663872445406
list:
dist: 2.548444667309063 vs. 2.548444667309063
list:
dist: 2.4686135826183 vs. 2.4686135826183
list:
dist: 2.687438238707658 vs. 2.687438238707658
list:
dist: 3.979778574352491 vs. 3.979778574352491
list:
dist: 2.2161435083757115 vs. 2.2161435083757115
list:
dist: 1.2780493989463881 vs. 1.2780493989463881
list:
dist: 3.6363741415675412 vs. 3.6363741415675412
list:
dist: 3.8523349928782546 vs. 3.8523349928782546
list:
dist: 4.7071532595931265 vs. 4.7071532595931265
list:
dist: 4.5136745157694955 vs. 4.5136745157694955
list:
dist: 3.5995468341759502 vs. 3.5995468341759502
list:
dist: 3.651775393966971 vs. 3.651775393966971
list:
dist: 1.4882498388425125 vs. 1.4882498388425125
list:
dist: 1.574117231797054 vs. 1.574117231797054
list:
dist: 1.0996934088962893 vs. 1.0996934088962893
list:
dist: 1.1636072113342932 vs. 1.1636072113342932
list:
dist: 1.9023376558931044 vs. 1.9023376558931044
list:
dist: 2.231930611717065 vs. 2.231930611717065
list:
dist: 2.3160246135543345 vs. 2.3160246135543345
list:
dist: 1.8536295562061476 vs. 1.8536295562061476
list:
dist: 3.6698850290626317 vs. 3.6698850290626317
list:
dist: 3.5907673921056524 vs. 3.5907673921056524
list:
dist: 2.272100797573507 vs. 2.272100797573507
list:
dist: 2.0296314142751584 vs. 2.0296314142751584
list:
dist: 2.0566938462854494 vs. 2.0566938462854494
list:
dist: 3.3485949522712453 vs. 3.3485949522712453
list:
dist: 3.185247663395703 vs. 3.185247663395703
list:
dist: 3.539449379158634 vs. 3.539449379158634
list:
dist: 3.1602988401604017 vs. 3.1602988401604017
list:
dist: 2.320396286712381 vs. 2.320396286712381
list:
dist: 2.007556671056431 vs. 2.007556671056431
list:
dist: 3.539449379158634 vs. 3.539449379158634
list:
dist: 3.376652297221164 vs. 3.376652297221164
list:
dist: 3.763037973619484 vs. 3.763037973619484
list:
dist: 2.6878653727067428 vs. 2.6878653727067428
list:
dist: 4.306706346675776 vs. 4.306706346675776
list:
dist: 3.617501325993379 vs. 3.617501325993379
list:
dist: 1.5488968299150196 vs. 1.5488968299150196
list:
dist: 1.9493801423159223 vs. 1.9493801423159223
list:
dist: 2.899927551518395 vs. 2.899927551518395
list:
dist: 2.818374347640356 vs. 2.818374347640356
list:
dist: 2.0232701378116476 vs. 2.0232701378116476
list:
dist: 3.052374506409686 vs. 3.052374506409686
list:
dist: 2.4735764605937014 vs. 2.4735764605937014
list:
dist: 3.618416066528725 vs. 3.618416066528725
list:
dist: 2.4943515400940557 vs. 2.4943515400940557
list:
dist: 3.880429496397596 vs. 3.880429496397596
list:
dist: 1.3639000143792868 vs. 1.3639000143792868
list:
dist: 1.7967746414916639 vs. 1.7967746414916639
list:
dist: 1.7343319854451134 vs. 1.7343319854451134
list:
dist: 1.614804357454402 vs. 1.614804357454402
list:
dist: 1.77559586187785 vs. 1.77559586187785
list:
dist: 1.8759026670148444 vs. 1.8759026670148444
list:
dist: 3.3870957238260377 vs. 3.3870957238260377
list:
dist: 3.2720672689871497 vs. 3.2720672689871497
list:
dist: 2.083703964137379 vs. 2.083703964137379
list:
dist: 2.715365187810559 vs. 2.715365187810559
list:
dist: 2.404464088211652 vs. 2.404464088211652
list:
dist: 3.3287165074380973 vs. 3.3287165074380973
list:
dist: 1.9516798802141326 vs. 1.9516798802141326
list:
dist: 2.123047541246513 vs. 2.123047541246513
list:
dist: 2.6416641356483233 vs. 2.6416641356483233
list:
dist: 3.590263893278538 vs. 3.590263893278538
list:
dist: 1.0708509350056472 vs. 1.0708509350056472
list:
dist: 1.3776404201517096 vs. 1.3776404201517096
list:
dist: 1.661953911815231 vs. 1.661953911815231
list:
dist: 1.242290651569861 vs. 1.242290651569861
list:
dist: 1.3002629061022364 vs. 1.3002629061022364
list:
dist: 1.5286369522569392 vs. 1.5286369522569392
list:
dist: 1.1574781301293275 vs. 1.1574781301293275
list:
dist: 2.4943515400940557 vs. 2.4943515400940557
list:
dist: 1.2415849401628432 vs. 1.2415849401628432
list:
dist: 1.2435607960755528 vs. 1.2435607960755528
list:
dist: 2.3788081613790606 vs. 2.3788081613790606
list:
dist: 1.13931576289261 vs. 1.13931576289261
list:
dist: 0.8640193277788043 vs. 0.8640193277788043
list:
dist: 2.00106034803358 vs. 2.00106034803358
list:
dist: 1.5015232411510488 vs. 1.5015232411510488
list:
dist: 2.007556671056431 vs. 2.007556671056431
list:
dist: 2.2342188704418553 vs. 2.2342188704418553
list:
dist: 2.668550817963834 vs. 2.668550817963834
list:
dist: 1.4360753534498323 vs. 1.4360753534498323
list:
dist: 2.919784903933916 vs. 2.919784903933916
list:
dist: 2.548444667309063 vs. 2.548444667309063
list:
dist: 1.047419769976592 vs. 1.047419769976592
list:
dist: 1.5360274381425638 vs. 1.5360274381425638
list:
dist: 1.9687879893073301 vs. 1.9687879893073301
list:
dist: 2.0192749043394653 vs. 2.0192749043394653
list:
dist: 1.1157721314699445 vs. 1.1157721314699445
list:
dist: 1.9803516760318713 vs. 1.9803516760318713
list:
dist: 2.2471970362953977 vs. 2.2471970362953977
list:
dist: 2.9880631301328826 vs. 2.9880631301328826
list:
dist: 2.3788081613790606 vs. 2.3788081613790606
list:
dist: 3.23504725431582 vs. 3.23504725431582
list:
dist: 1.6642579546110043 vs. 1.6642579546110043
list:
dist: 1.614804357454402 vs. 1.614804357454402
list:
dist: 1.7372172905425511 vs. 1.7372172905425511
list:
dist: 1.181820342164126 vs. 1.181820342164126
list:
dist: 2.0697805855057347 vs. 2.0697805855057347
list:
dist: 2.253697430686232 vs. 2.253697430686232
list:
dist: 3.1922472982698538 vs. 3.1922472982698538
list:
dist: 3.2080168450812723 vs. 3.2080168450812723
list:
dist: 2.040341378529056 vs. 2.040341378529056
list:
dist: 1.0239636402084025 vs. 1.0239636402084025
list:
dist: 1.1636072113342932 vs. 1.1636072113342932
list:
dist: 1.248704669335131 vs. 1.248704669335131
list:
dist: 1.0514970279697666 vs. 1.0514970279697666
list:
dist: 1.6625697820553014 vs. 1.6625697820553014
list:
dist: 1.5231514119120766 vs. 1.5231514119120766
list:
dist: 2.8779064355759174 vs. 2.8779064355759174
list:
dist: 2.9195041986907255 vs. 2.9195041986907255
list:
dist: 2.591438308456004 vs. 2.591438308456004
list:
dist: 2.3410436708806492 vs. 2.3410436708806492
list:
dist: 2.5273221601813027 vs. 2.5273221601813027
list:
dist: 2.2523003551445333 vs. 2.2523003551445333
list:
dist: 3.706197687549569 vs. 3.706197687549569
list:
dist: 2.6746174234337325 vs. 2.6746174234337325
list:
dist: 3.3287165074380973 vs. 3.3287165074380973
list:
dist: 2.8112441836880615 vs. 2.8112441836880615
list:
dist: 3.6723976119066677 vs. 3.6723976119066677
list:
dist: 4.306706346675776 vs. 4.306706346675776
list:
dist: 3.6601278007746094 vs. 3.6601278007746094
list:
dist: 2.797678764704665 vs. 2.797678764704665
list:
dist: 2.919784903933916 vs. 2.919784903933916
list:
dist: 3.504393866306321 vs. 3.504393866306321
list:
dist: 3.938072853017771 vs. 3.938072853017771
list:
dist: 1.586723577260834 vs. 1.586723577260834
list:
dist: 2.2482758869288126 vs. 2.2482758869288126
list:
dist: 2.4801256106619145 vs. 2.4801256106619145
list:
dist: 2.6746174234337325 vs. 2.6746174234337325
list:
dist: 1.1602551007915753 vs. 1.1602551007915753
list:
dist: 2.8145683717451755 vs. 2.8145683717451755
list:
dist: 3.2323890947090272 vs. 3.2323890947090272
list:
dist: 3.878185357561997 vs. 3.878185357561997
list:
dist: 0.9733524284116268 vs. 0.9733524284116268
list:
dist: 1.880337839151163 vs. 1.880337839151163
list:
dist: 1.4104451388707564 vs. 1.4104451388707564
list:
dist: 1.9448967962330146 vs. 1.9448967962330146
list:
dist: 1.3002629061022364 vs. 1.3002629061022364
list:
dist: 0.3167731527941164 vs. 0.3167731527941164
list:
dist: 2.3384860037983684 vs. 2.3384860037983684
list:
dist: 3.618416066528725 vs. 3.618416066528725
list:
dist: 2.222968784506154 vs. 2.222968784506154
list:
dist: 1.994636517182891 vs. 1.994636517182891
list:
dist: 2.9880631301328826 vs. 2.9880631301328826
list:
dist: 2.213610711241479 vs. 2.213610711241479
list:
dist: 2.1464925001271458 vs. 2.1464925001271458
list:
dist: 2.356744905810192 vs. 2.356744905810192
list:
dist: 1.9507889709066695 vs. 1.9507889709066695
list:
dist: 3.3485949522712453 vs. 3.3485949522712453
list:
dist: 2.6012979662908196 vs. 2.6012979662908196
list:
dist: 3.39707302284692 vs. 3.39707302284692
list:
dist: 2.7952211553232806 vs. 2.7952211553232806
list:
dist: 3.706197687549569 vs. 3.706197687549569
list:
dist: 2.436323799831033 vs. 2.436323799831033
list:
dist: 2.5305638217788955 vs. 2.5305638217788955
list:
dist: 3.1672073282739905 vs. 3.1672073282739905
list:
dist: 3.9683738029623608 vs. 3.9683738029623608
list:
dist: 1.4953151267407518 vs. 1.4953151267407518
list:
dist: 1.5263790711451968 vs. 1.5263790711451968
list:
dist: 1.5219303362603123 vs. 1.5219303362603123
list:
dist: 1.9448967962330146 vs. 1.9448967962330146
list:
dist: 1.242290651569861 vs. 1.242290651569861
list:
dist: 2.0461172396936047 vs. 2.0461172396936047
list:
dist: 1.3072155536697203 vs. 1.3072155536697203
list:
dist: 2.4735764605937014 vs. 2.4735764605937014
list:
dist: 0.6804703691267316 vs. 0.6804703691267316
list:
dist: 1.5912365016532424 vs. 1.5912365016532424
list:
dist: 2.2471970362953977 vs. 2.2471970362953977
list:
dist: 2.0025111841895336 vs. 2.0025111841895336
list:
dist: 1.1789943320014769 vs. 1.1789943320014769
list:
dist: 1.0232443615210556 vs. 1.0232443615210556
list:
dist: 0.9875839344038229 vs. 0.9875839344038229
list:
dist: 3.185247663395703 vs. 3.185247663395703
list:
dist: 2.5299592561946302 vs. 2.5299592561946302
list:
dist: 3.100876024876381 vs. 3.100876024876381
list:
dist: 2.308525415127928 vs. 2.308525415127928
list:
dist: 3.6723976119066677 vs. 3.6723976119066677
list:
dist: 2.6029873215766366 vs. 2.6029873215766366
list:
dist: 1.5392697115030314 vs. 1.5392697115030314
list:
dist: 2.1380990076815802 vs. 2.1380990076815802
list:
dist: 3.1642261537172107 vs. 3.1642261537172107
list:
dist: 1.6688435499871719 vs. 1.6688435499871719
list:
dist: 1.1943285982965457 vs. 1.1943285982965457
list:
dist: 2.0276907236037234 vs. 2.0276907236037234
list:
dist: 1.3072155536697203 vs. 1.3072155536697203
list:
dist: 2.3384860037983684 vs. 2.3384860037983684
list:
dist: 1.1574781301293275 vs. 1.1574781301293275
list:
dist: 2.579962359882388 vs. 2.579962359882388
list:
dist: 1.3639000143792868 vs. 1.3639000143792868
list:
dist: 0.7164634721798375 vs. 0.7164634721798375
list:
dist: 0.8955641079778692 vs. 0.8955641079778692
list:
dist: 1.6642579546110043 vs. 1.6642579546110043
list:
dist: 0.9443703792538458 vs. 0.9443703792538458
list:
dist: 0.6233641800543275 vs. 0.6233641800543275
list:
dist: 2.278280516504009 vs. 2.278280516504009
list:
dist: 2.023547517974893 vs. 2.023547517974893
list:
dist: 1.802158981177448 vs. 1.802158981177448
list:
dist: 2.4668005827862 vs. 2.4668005827862
list:
dist: 2.7441341661062606 vs. 2.7441341661062606
list:
dist: 2.8112441836880615 vs. 2.8112441836880615
list:
dist: 1.322657076061731 vs. 1.322657076061731
list:
dist: 3.1139187626900138 vs. 3.1139187626900138
list:
dist: 3.5402707569901564 vs. 3.5402707569901564
list:
dist: 4.158801733663598 vs. 4.158801733663598
list:
dist: 1.2192260533232653 vs. 1.2192260533232653
list:
dist: 2.1346540969535406 vs. 2.1346540969535406
list:
dist: 1.5320754915879826 vs. 1.5320754915879826
list:
dist: 2.0461172396936047 vs. 2.0461172396936047
list:
dist: 0.3167731527941164 vs. 0.3167731527941164
list:
dist: 1.5286369522569392 vs. 1.5286369522569392
list:
dist: 2.579962359882388 vs. 2.579962359882388
list:
dist: 3.880429496397596 vs. 3.880429496397596
list:
dist: 2.403378450988234 vs. 2.403378450988234
list:
dist: 2.2722816899983784 vs. 2.2722816899983784
list:
dist: 3.23504725431582 vs. 3.23504725431582
list:
dist: 2.5024722227346685 vs. 2.5024722227346685
list:
dist: 2.3537779439005404 vs. 2.3537779439005404
list:
dist: 2.3193325742062925 vs. 2.3193325742062925
list:
dist: 1.9351322157329 vs. 1.9351322157329
list:
dist: 2.343281775674228 vs. 2.343281775674228
list:
dist: 2.7110474817882233 vs. 2.7110474817882233
list:
dist: 2.1788889228497474 vs. 2.1788889228497474
list:
dist: 3.504393866306321 vs. 3.504393866306321
list:
dist: 2.4686135826183 vs. 2.4686135826183
list:
dist: 1.4179960286430207 vs. 1.4179960286430207
list:
dist: 1.8219990766644314 vs. 1.8219990766644314
list:
dist: 2.967026476014598 vs. 2.967026476014598
list:
dist: 1.726989538099274 vs. 1.726989538099274
list:
dist: 1.4660118661013082 vs. 1.4660118661013082
list:
dist: 2.3309070192031354 vs. 2.3309070192031354
list:
dist: 2.0025111841895336 vs. 2.0025111841895336
list:
dist: 2.213610711241479 vs. 2.213610711241479
list:
dist: 1.13931576289261 vs. 1.13931576289261
list:
dist: 2.5024722227346685 vs. 2.5024722227346685
list:
dist: 0.9443703792538458 vs. 0.9443703792538458
list:
dist: 1.77559586187785 vs. 1.77559586187785
list:
dist: 1.5746758662129774 vs. 1.5746758662129774
list:
dist: 1.06774279105131 vs. 1.06774279105131
list:
dist: 2.0697805855057347 vs. 2.0697805855057347
list:
dist: 1.047758997908651 vs. 1.047758997908651
list:
dist: 2.9283517416568783 vs. 2.9283517416568783
list:
dist: 2.4951327864363355 vs. 2.4951327864363355
list:
dist: 3.1602988401604017 vs. 3.1602988401604017
list:
dist: 2.552637164904953 vs. 2.552637164904953
list:
dist: 3.2640951763762667 vs. 3.2640951763762667
list:
dist: 2.478798651103818 vs. 2.478798651103818
list:
dist: 3.6601278007746094 vs. 3.6601278007746094
list:
dist: 2.5289022889195243 vs. 2.5289022889195243
list:
dist: 1.9789875976947213 vs. 1.9789875976947213
list:
dist: 2.623308767303056 vs. 2.623308767303056
list:
dist: 3.489616967634326 vs. 3.489616967634326
list:
dist: 1.5538593296245797 vs. 1.5538593296245797
list:
dist: 1.2039969818812446 vs. 1.2039969818812446
list:
dist: 1.6857796912946383 vs. 1.6857796912946383
list:
dist: 0.6804703691267316 vs. 0.6804703691267316
list:
dist: 2.222968784506154 vs. 2.222968784506154
list:
dist: 1.2415849401628432 vs. 1.2415849401628432
list:
dist: 2.403378450988234 vs. 2.403378450988234
list:
dist: 0.7164634721798375 vs. 0.7164634721798375
list:
dist: 1.7967746414916639 vs. 1.7967746414916639
list:
dist: 1.148952521761002 vs. 1.148952521761002
list:
dist: 1.7372172905425511 vs. 1.7372172905425511
list:
dist: 1.5746758662129774 vs. 1.5746758662129774
list:
dist: 0.8771987246758064 vs. 0.8771987246758064
list:
dist: 1.6590854466846643 vs. 1.6590854466846643
list:
dist: 1.573187185697566 vs. 1.573187185697566
list:
dist: 1.9348603229665369 vs. 1.9348603229665369
list:
dist: 2.737207957273975 vs. 2.737207957273975
list:
dist: 2.1260421737583717 vs. 2.1260421737583717
list:
dist: 2.813693306624058 vs. 2.813693306624058
list:
dist: 1.7009804716471395 vs. 1.7009804716471395
list:
dist: 2.460815158406643 vs. 2.460815158406643
list:
dist: 2.1086504410467874 vs. 2.1086504410467874
list:
dist: 4.114326737419023 vs. 4.114326737419023
list:
dist: 3.5950895852492177 vs. 3.5950895852492177
list:
dist: 3.441060362268484 vs. 3.441060362268484
list:
dist: 3.367218298300005 vs. 3.367218298300005
list:
dist: 4.313088557469725 vs. 4.313088557469725
list:
dist: 3.2206409294242317 vs. 3.2206409294242317
list:
dist: 2.4029819896815576 vs. 2.4029819896815576
list:
dist: 4.351485183103186 vs. 4.351485183103186
list:
dist: 3.4044186171196116 vs. 3.4044186171196116
list:
dist: 2.8935779970067323 vs. 2.8935779970067323
list:
dist: 3.6365938828632025 vs. 3.6365938828632025
list:
dist: 1.993257059148717 vs. 1.993257059148717
list:
dist: 2.3567952586382503 vs. 2.3567952586382503
list:
dist: 2.1122876884018478 vs. 2.1122876884018478
list:
dist: 0.9875839344038229 vs. 0.9875839344038229
list:
dist: 1.9507889709066695 vs. 1.9507889709066695
list:
dist: 1.5015232411510488 vs. 1.5015232411510488
list:
dist: 1.9351322157329 vs. 1.9351322157329
list:
dist: 2.023547517974893 vs. 2.023547517974893
list:
dist: 3.2720672689871497 vs. 3.2720672689871497
list:
dist: 1.573187185697566 vs. 1.573187185697566
list:
dist: 2.385315019209068 vs. 2.385315019209068
list:
dist: 3.2080168450812723 vs. 3.2080168450812723
list:
dist: 2.4951327864363355 vs. 2.4951327864363355
list:
dist: 1.598788573466105 vs. 1.598788573466105
list:
dist: 0.709205763356661 vs. 0.709205763356661
list:
dist: 2.7250228762986515 vs. 2.7250228762986515
list:
dist: 3.329545422866472 vs. 3.329545422866472
list:
dist: 2.731773125090768 vs. 2.731773125090768
list:
dist: 3.938072853017771 vs. 3.938072853017771
list:
dist: 2.687438238707658 vs. 2.687438238707658
list:
dist: 2.072274515488985 vs. 2.072274515488985
list:
dist: 2.636209124009967 vs. 2.636209124009967
list:
dist: 3.694666022532644 vs. 3.694666022532644
list:
dist: 1.7258515716380491 vs. 1.7258515716380491
list:
dist: 1.5792496596849845 vs. 1.5792496596849845
list:
dist: 2.1605892517114693 vs. 2.1605892517114693
list:
dist: 1.1789943320014769 vs. 1.1789943320014769
list:
dist: 2.1464925001271458 vs. 2.1464925001271458
list:
dist: 0.8640193277788043 vs. 0.8640193277788043
list:
dist: 2.3537779439005404 vs. 2.3537779439005404
list:
dist: 0.6233641800543275 vs. 0.6233641800543275
list:
dist: 1.8759026670148444 vs. 1.8759026670148444
list:
dist: 0.8771987246758064 vs. 0.8771987246758064
list:
dist: 1.3250877631765532 vs. 1.3250877631765532
list:
dist: 2.253697430686232 vs. 2.253697430686232
list:
dist: 1.047758997908651 vs. 1.047758997908651
list:
dist: 2.000671700844675 vs. 2.000671700844675
list:
dist: 1.598788573466105 vs. 1.598788573466105
list:
dist: 2.2434074053911073 vs. 2.2434074053911073
list:
dist: 2.4906618388396984 vs. 2.4906618388396984
list:
dist: 2.127199847289294 vs. 2.127199847289294
list:
dist: 1.0232443615210556 vs. 1.0232443615210556
list:
dist: 2.356744905810192 vs. 2.356744905810192
list:
dist: 2.00106034803358 vs. 2.00106034803358
list:
dist: 2.3193325742062925 vs. 2.3193325742062925
list:
dist: 2.278280516504009 vs. 2.278280516504009
list:
dist: 3.3870957238260377 vs. 3.3870957238260377
list:
dist: 1.6590854466846643 vs. 1.6590854466846643
list:
dist: 2.599659860692351 vs. 2.599659860692351
list:
dist: 3.1922472982698538 vs. 3.1922472982698538
list:
dist: 2.9283517416568783 vs. 2.9283517416568783
list:
dist: 2.000671700844675 vs. 2.000671700844675
list:
dist: 0.709205763356661 vs. 0.709205763356661
list:
dist: 2.320396286712381 vs. 2.320396286712381
list:
dist: 1.7086327496901026 vs. 1.7086327496901026
list:
dist: 2.2570991208860884 vs. 2.2570991208860884
list:
dist: 1.4271581126785384 vs. 1.4271581126785384
list:
dist: 2.797678764704665 vs. 2.797678764704665
list:
dist: 1.8891663872445406 vs. 1.8891663872445406
list:
dist: 0.9893041201136963 vs. 0.9893041201136963
list:
dist: 1.5957303824535558 vs. 1.5957303824535558
list:
dist: 2.461822450408064 vs. 2.461822450408064
list:
dist: 1.125468090139087 vs. 1.125468090139087
list:
dist: 0.4259665123518531 vs. 0.4259665123518531
list:
dist: 1.4874182256922706 vs. 1.4874182256922706
list:
dist: 1.5912365016532424 vs. 1.5912365016532424
list:
dist: 1.994636517182891 vs. 1.994636517182891
list:
dist: 1.2435607960755528 vs. 1.2435607960755528
list:
dist: 2.2722816899983784 vs. 2.2722816899983784
list:
dist: 0.8955641079778692 vs. 0.8955641079778692
list:
dist: 1.7343319854451134 vs. 1.7343319854451134
list:
dist: 1.148952521761002 vs. 1.148952521761002
list:
dist: 1.181820342164126 vs. 1.181820342164126
list:
dist: 1.06774279105131 vs. 1.06774279105131
list:
dist: 1.3250877631765532 vs. 1.3250877631765532
list:
dist: 2.599659860692351 vs. 2.599659860692351
list:
dist: 2.385315019209068 vs. 2.385315019209068
list:
dist: 2.272100797573507 vs. 2.272100797573507
list:
dist: 1.148369077625593 vs. 1.148369077625593
list:
dist: 1.940879870265145 vs. 1.940879870265145
list:
dist: 1.6932768001766556 vs. 1.6932768001766556
list:
dist: 2.3410436708806492 vs. 2.3410436708806492
list:
dist: 0.9956628979288156 vs. 0.9956628979288156
list:
dist: 1.9717379196108475 vs. 1.9717379196108475
list:
dist: 2.4586733959982974 vs. 2.4586733959982974
list:
dist: 3.0870492979471718 vs. 3.0870492979471718
list:
dist: 0.9237465316730505 vs. 0.9237465316730505
list:
dist: 0.738272456025238 vs. 0.738272456025238
list:
dist: 1.4953151267407518 vs. 1.4953151267407518
list:
dist: 0.9733524284116268 vs. 0.9733524284116268
list:
dist: 1.0708509350056472 vs. 1.0708509350056472
list:
dist: 1.2192260533232653 vs. 1.2192260533232653
list:
dist: 1.6688435499871719 vs. 1.6688435499871719
list:
dist: 2.818374347640356 vs. 2.818374347640356
list:
dist: 1.5538593296245797 vs. 1.5538593296245797
list:
dist: 1.125468090139087 vs. 1.125468090139087
list:
dist: 2.0192749043394653 vs. 2.0192749043394653
list:
dist: 1.726989538099274 vs. 1.726989538099274
list:
dist: 1.7258515716380491 vs. 1.7258515716380491
list:
dist: 2.2434074053911073 vs. 2.2434074053911073
list:
dist: 1.993257059148717 vs. 1.993257059148717
list:
dist: 1.9344752038024653 vs. 1.9344752038024653
list:
dist: 3.5677709124141943 vs. 3.5677709124141943
list:
dist: 2.458524827470366 vs. 2.458524827470366
list:
dist: 2.5684648453460817 vs. 2.5684648453460817
list:
dist: 4.351485183103186 vs. 4.351485183103186
list:
dist: 2.975379416170955 vs. 2.975379416170955
list:
dist: 3.06095765557886 vs. 3.06095765557886
list:
dist: 2.5394611314182916 vs. 2.5394611314182916
list:
dist: 1.334270282883931 vs. 1.334270282883931
list:
dist: 0.2732168865987852 vs. 0.2732168865987852
list:
dist: 0.9146795422163786 vs. 0.9146795422163786
list:
dist: 1.1786283535940598 vs. 1.1786283535940598
list:
dist: 1.140572214279014 vs. 1.140572214279014
list:
dist: 1.0087043791873265 vs. 1.0087043791873265
list:
dist: 1.5333191338739096 vs. 1.5333191338739096
list:
dist: 2.032457568053871 vs. 2.032457568053871
list:
dist: 1.1692766696336359 vs. 1.1692766696336359
list:
dist: 2.5909221154609168 vs. 2.5909221154609168
list:
dist: 2.103235929027909 vs. 2.103235929027909
list:
dist: 2.352059586712699 vs. 2.352059586712699
list:
dist: 3.289159038756472 vs. 3.289159038756472
list:
dist: 1.9519788130806994 vs. 1.9519788130806994
list:
dist: 2.631071946236674 vs. 2.631071946236674
list:
dist: 2.0964040088658766 vs. 2.0964040088658766
list:
dist: 1.6614131592715125 vs. 1.6614131592715125
list:
dist: 3.2206457307036547 vs. 3.2206457307036547
list:
dist: 3.243503726384753 vs. 3.243503726384753
list:
dist: 3.8337295920094503 vs. 3.8337295920094503
list:
dist: 3.3009740984567766 vs. 3.3009740984567766
list:
dist: 3.5252809519021655 vs. 3.5252809519021655
list:
dist: 3.300745180733505 vs. 3.300745180733505
list:
dist: 1.4135930497309086 vs. 1.4135930497309086
list:
dist: 1.207297741150774 vs. 1.207297741150774
list:
dist: 0.5141603286281596 vs. 0.5141603286281596
list:
dist: 1.7009804716471395 vs. 1.7009804716471395
list:
dist: 1.3864798526251516 vs. 1.3864798526251516
list:
dist: 0.9256037958355257 vs. 0.9256037958355257
list:
dist: 2.921440391341936 vs. 2.921440391341936
list:
dist: 2.801319862148731 vs. 2.801319862148731
list:
dist: 2.4179633930826534 vs. 2.4179633930826534
list:
dist: 2.4398446740784347 vs. 2.4398446740784347
list:
dist: 2.2024478232379483 vs. 2.2024478232379483
list:
dist: 3.357218159923505 vs. 3.357218159923505
list:
dist: 1.9142561056759229 vs. 1.9142561056759229
list:
dist: 1.4117254816420097 vs. 1.4117254816420097
list:
dist: 3.06095765557886 vs. 3.06095765557886
list:
dist: 2.789178562420075 vs. 2.789178562420075
list:
dist: 2.8051037552446165 vs. 2.8051037552446165
list:
dist: 2.249391884109506 vs. 2.249391884109506
list:
dist: 3.116841593354829 vs. 3.116841593354829
list:
dist: 3.156576668777718 vs. 3.156576668777718
list:
dist: 2.4442759418040545 vs. 2.4442759418040545
list:
dist: 2.2141695531201293 vs. 2.2141695531201293
list:
dist: 2.040113477837472 vs. 2.040113477837472
list:
dist: 2.6075767888045847 vs. 2.6075767888045847
list:
dist: 1.7195867261189979 vs. 1.7195867261189979
list:
dist: 2.147795819106367 vs. 2.147795819106367
list:
dist: 2.4069095357534662 vs. 2.4069095357534662
list:
dist: 1.548199709292038 vs. 1.548199709292038
list:
dist: 2.5651505359855165 vs. 2.5651505359855165
list:
dist: 2.174161149447822 vs. 2.174161149447822
list:
dist: 2.3727423004916575 vs. 2.3727423004916575
list:
dist: 1.9344752038024653 vs. 1.9344752038024653
list:
dist: 2.4668725424770406 vs. 2.4668725424770406
list:
dist: 1.548199709292038 vs. 1.548199709292038
list:
dist: 2.4944996308067293 vs. 2.4944996308067293
list:
dist: 2.042322303720465 vs. 2.042322303720465
list:
dist: 1.7849623039796063 vs. 1.7849623039796063
list:
dist: 3.367218298300005 vs. 3.367218298300005
list:
dist: 2.600802930900615 vs. 2.600802930900615
list:
dist: 2.2024478232379483 vs. 2.2024478232379483
list:
dist: 1.992236508805558 vs. 1.992236508805558
list:
dist: 1.6561205094660907 vs. 1.6561205094660907
list:
dist: 0.9107108412703058 vs. 0.9107108412703058
list:
dist: 0.9772967948767954 vs. 0.9772967948767954
list:
dist: 1.034401678756417 vs. 1.034401678756417
list:
dist: 1.277170169705081 vs. 1.277170169705081
list:
dist: 1.392222579147807 vs. 1.392222579147807
list:
dist: 1.3356466791828672 vs. 1.3356466791828672
list:
dist: 1.140572214279014 vs. 1.140572214279014
list:
dist: 1.7057047818512672 vs. 1.7057047818512672
list:
dist: 2.5515985488421413 vs. 2.5515985488421413
list:
dist: 1.7470432007712962 vs. 1.7470432007712962
list:
dist: 2.3379119159579425 vs. 2.3379119159579425
list:
dist: 3.2394860390939724 vs. 3.2394860390939724
list:
dist: 2.2245881461649946 vs. 2.2245881461649946
list:
dist: 2.6593870807510567 vs. 2.6593870807510567
list:
dist: 2.5127772626881697 vs. 2.5127772626881697
list:
dist: 2.4364542682722403 vs. 2.4364542682722403
list:
dist: 3.894692975041437 vs. 3.894692975041437
list:
dist: 3.757952210134349 vs. 3.757952210134349
list:
dist: 3.842698656590777 vs. 3.842698656590777
list:
dist: 3.623758075639895 vs. 3.623758075639895
list:
dist: 3.656625543801987 vs. 3.656625543801987
list:
dist: 3.588409162663839 vs. 3.588409162663839
list:
dist: 2.7059081966514746 vs. 2.7059081966514746
list:
dist: 0.5628357465718531 vs. 0.5628357465718531
list:
dist: 1.2003935180523597 vs. 1.2003935180523597
list:
dist: 2.813693306624058 vs. 2.813693306624058
list:
dist: 1.3864798526251516 vs. 1.3864798526251516
list:
dist: 0.6871274514569006 vs. 0.6871274514569006
list:
dist: 3.3564658165957906 vs. 3.3564658165957906
list:
dist: 2.7634474687477257 vs. 2.7634474687477257
list:
dist: 2.3660112841156224 vs. 2.3660112841156224
list:
dist: 2.535127379218445 vs. 2.535127379218445
list:
dist: 2.600802930900615 vs. 2.600802930900615
list:
dist: 3.5686354803525044 vs. 3.5686354803525044
list:
dist: 1.6092499421314077 vs. 1.6092499421314077
list:
dist: 1.7931135407260574 vs. 1.7931135407260574
list:
dist: 2.975379416170955 vs. 2.975379416170955
list:
dist: 2.294697483204979 vs. 2.294697483204979
list:
dist: 2.5381868860206946 vs. 2.5381868860206946
list:
dist: 2.401384736289575 vs. 2.401384736289575
list:
dist: 3.0986947470795503 vs. 3.0986947470795503
list:
dist: 2.792329720243067 vs. 2.792329720243067
list:
dist: 2.4668725424770406 vs. 2.4668725424770406
list:
dist: 1.870723456497382 vs. 1.870723456497382
list:
dist: 2.298597520096918 vs. 2.298597520096918
list:
dist: 2.294697483204979 vs. 2.294697483204979
list:
dist: 2.789178562420075 vs. 2.789178562420075
list:
dist: 2.029947335085886 vs. 2.029947335085886
list:
dist: 2.3895813931457486 vs. 2.3895813931457486
list:
dist: 4.332983654252816 vs. 4.332983654252816
list:
dist: 4.477512831497678 vs. 4.477512831497678
list:
dist: 3.357231785759668 vs. 3.357231785759668
list:
dist: 3.870694690183679 vs. 3.870694690183679
list:
dist: 3.797468274890362 vs. 3.797468274890362
list:
dist: 1.1572908995678723 vs. 1.1572908995678723
list:
dist: 0.8170374020561465 vs. 0.8170374020561465
list:
dist: 1.117030103930359 vs. 1.117030103930359
list:
dist: 1.7057047818512672 vs. 1.7057047818512672
list:
dist: 1.7993572835755158 vs. 1.7993572835755158
list:
dist: 0.8854253368008232 vs. 0.8854253368008232
list:
dist: 1.7215470742008578 vs. 1.7215470742008578
list:
dist: 1.1692766696336359 vs. 1.1692766696336359
list:
dist: 3.826989267088229 vs. 3.826989267088229
list:
dist: 1.7467618164597984 vs. 1.7467618164597984
list:
dist: 1.6424076122520166 vs. 1.6424076122520166
list:
dist: 1.8389018540734123 vs. 1.8389018540734123
list:
dist: 2.360559403063369 vs. 2.360559403063369
list:
dist: 3.9125923940003533 vs. 3.9125923940003533
list:
dist: 4.854997680066408 vs. 4.854997680066408
list:
dist: 4.415097755409348 vs. 4.415097755409348
list:
dist: 4.466446335742223 vs. 4.466446335742223
list:
dist: 2.0214476353378132 vs. 2.0214476353378132
list:
dist: 2.6659266689125602 vs. 2.6659266689125602
list:
dist: 1.8218657281059647 vs. 1.8218657281059647
list:
dist: 1.5843571227886681 vs. 1.5843571227886681
list:
dist: 2.5109950291989303 vs. 2.5109950291989303
list:
dist: 3.1636088426268434 vs. 3.1636088426268434
list:
dist: 4.46409083987882 vs. 4.46409083987882
list:
dist: 3.4310665945626724 vs. 3.4310665945626724
list:
dist: 2.592749584821427 vs. 2.592749584821427
list:
dist: 2.950878191136961 vs. 2.950878191136961
list:
dist: 2.849153353420566 vs. 2.849153353420566
list:
dist: 2.4069095357534662 vs. 2.4069095357534662
list:
dist: 3.1347537132990513 vs. 3.1347537132990513
list:
dist: 2.0035813168165344 vs. 2.0035813168165344
list:
dist: 2.011685469099926 vs. 2.011685469099926
list:
dist: 3.441060362268484 vs. 3.441060362268484
list:
dist: 2.535127379218445 vs. 2.535127379218445
list:
dist: 2.4398446740784347 vs. 2.4398446740784347
list:
dist: 2.0062415726164335 vs. 2.0062415726164335
list:
dist: 1.8904041783476613 vs. 1.8904041783476613
list:
dist: 1.0817174425301987 vs. 1.0817174425301987
list:
dist: 0.4015240296002353 vs. 0.4015240296002353
list:
dist: 1.034401678756417 vs. 1.034401678756417
list:
dist: 1.1637794218418516 vs. 1.1637794218418516
list:
dist: 0.9829488615405945 vs. 0.9829488615405945
list:
dist: 1.1002961464616088 vs. 1.1002961464616088
list:
dist: 1.1786283535940598 vs. 1.1786283535940598
list:
dist: 1.117030103930359 vs. 1.117030103930359
list:
dist: 1.6046804807461459 vs. 1.6046804807461459
list:
dist: 0.9384119219478438 vs. 0.9384119219478438
list:
dist: 1.3463887038246276 vs. 1.3463887038246276
list:
dist: 2.318535104223933 vs. 2.318535104223933
list:
dist: 1.448098184126783 vs. 1.448098184126783
list:
dist: 1.9254275354737482 vs. 1.9254275354737482
list:
dist: 1.5770852833910136 vs. 1.5770852833910136
list:
dist: 1.6828220739006883 vs. 1.6828220739006883
list:
dist: 2.9344118722275945 vs. 2.9344118722275945
list:
dist: 2.939228393547783 vs. 2.939228393547783
list:
dist: 2.9293847534195434 vs. 2.9293847534195434
list:
dist: 2.5917922478945696 vs. 2.5917922478945696
list:
dist: 2.6611396946987944 vs. 2.6611396946987944
list:
dist: 2.6066054323788412 vs. 2.6066054323788412
list:
dist: 1.7195867261189979 vs. 1.7195867261189979
list:
dist: 3.3017201502591917 vs. 3.3017201502591917
list:
dist: 2.2372647022420864 vs. 2.2372647022420864
list:
dist: 2.3106607887902797 vs. 2.3106607887902797
list:
dist: 4.114326737419023 vs. 4.114326737419023
list:
dist: 2.7634474687477257 vs. 2.7634474687477257
list:
dist: 2.801319862148731 vs. 2.801319862148731
list:
dist: 2.3049479098246914 vs. 2.3049479098246914
list:
dist: 1.4491588959183943 vs. 1.4491588959183943
list:
dist: 0.7935795355386958 vs. 0.7935795355386958
list:
dist: 1.0817174425301987 vs. 1.0817174425301987
list:
dist: 0.9107108412703058 vs. 0.9107108412703058
list:
dist: 1.09448879975654 vs. 1.09448879975654
list:
dist: 1.362688213679715 vs. 1.362688213679715
list:
dist: 1.8247318303766096 vs. 1.8247318303766096
list:
dist: 0.2732168865987852 vs. 0.2732168865987852
list:
dist: 1.1572908995678723 vs. 1.1572908995678723
list:
dist: 2.5387773602357555 vs. 2.5387773602357555
list:
dist: 1.993936783430999 vs. 1.993936783430999
list:
dist: 2.3431351798485114 vs. 2.3431351798485114
list:
dist: 3.2376279159495063 vs. 3.2376279159495063
list:
dist: 2.05419180673023 vs. 2.05419180673023
list:
dist: 2.6940342387007257 vs. 2.6940342387007257
list:
dist: 2.2084041366873532 vs. 2.2084041366873532
list:
dist: 1.8558995590828102 vs. 1.8558995590828102
list:
dist: 3.361657670585793 vs. 3.361657670585793
list:
dist: 3.415787369122476 vs. 3.415787369122476
list:
dist: 3.8748946633463044 vs. 3.8748946633463044
list:
dist: 3.3736047604890254 vs. 3.3736047604890254
list:
dist: 3.572855889722168 vs. 3.572855889722168
list:
dist: 3.393538536804528 vs. 3.393538536804528
list:
dist: 2.2141695531201293 vs. 2.2141695531201293
list:
dist: 2.471379553436806 vs. 2.471379553436806
list:
dist: 0.8411205543934085 vs. 0.8411205543934085
list:
dist: 2.737207957273975 vs. 2.737207957273975
list:
dist: 0.5628357465718531 vs. 0.5628357465718531
list:
dist: 1.207297741150774 vs. 1.207297741150774
list:
dist: 0.2899760600532126 vs. 0.2899760600532126
list:
dist: 3.5686284166400513 vs. 3.5686284166400513
list:
dist: 2.2372647022420864 vs. 2.2372647022420864
list:
dist: 1.834922727712941 vs. 1.834922727712941
list:
dist: 2.0035813168165344 vs. 2.0035813168165344
list:
dist: 2.042322303720465 vs. 2.042322303720465
list:
dist: 3.0174816029674183 vs. 3.0174816029674183
list:
dist: 1.1090657258382675 vs. 1.1090657258382675
list:
dist: 1.2999422619871224 vs. 1.2999422619871224
list:
dist: 2.458524827470366 vs. 2.458524827470366
list:
dist: 1.870723456497382 vs. 1.870723456497382
list:
dist: 2.246802602154904 vs. 2.246802602154904
list:
dist: 1.9644124518273434 vs. 1.9644124518273434
list:
dist: 2.700366062724194 vs. 2.700366062724194
list:
dist: 2.628344207684125 vs. 2.628344207684125
list:
dist: 2.2178452587733397 vs. 2.2178452587733397
list:
dist: 0.2899760600532126 vs. 0.2899760600532126
list:
dist: 0.5780583605430798 vs. 0.5780583605430798
list:
dist: 2.460815158406643 vs. 2.460815158406643
list:
dist: 0.6871274514569006 vs. 0.6871274514569006
list:
dist: 0.9256037958355257 vs. 0.9256037958355257
list:
dist: 3.4436475559153155 vs. 3.4436475559153155
list:
dist: 2.3049479098246914 vs. 2.3049479098246914
list:
dist: 1.8826667694452104 vs. 1.8826667694452104
list:
dist: 2.0062415726164335 vs. 2.0062415726164335
list:
dist: 1.992236508805558 vs. 1.992236508805558
list:
dist: 3.0224757796311987 vs. 3.0224757796311987
list:
dist: 1.2024318788400308 vs. 1.2024318788400308
list:
dist: 1.1709896925391154 vs. 1.1709896925391154
list:
dist: 2.5394611314182916 vs. 2.5394611314182916
list:
dist: 2.029947335085886 vs. 2.029947335085886
list:
dist: 2.278462445780492 vs. 2.278462445780492
list:
dist: 1.911191326583079 vs. 1.911191326583079
list:
dist: 2.6993291269005137 vs. 2.6993291269005137
list:
dist: 2.6606539401282845 vs. 2.6606539401282845
list:
dist: 2.174161149447822 vs. 2.174161149447822
list:
dist: 2.932802770052741 vs. 2.932802770052741
list:
dist: 1.1090657258382675 vs. 1.1090657258382675
list:
dist: 1.4379284684204257 vs. 1.4379284684204257
list:
dist: 3.2206409294242317 vs. 3.2206409294242317
list:
dist: 1.6092499421314077 vs. 1.6092499421314077
list:
dist: 1.9142561056759229 vs. 1.9142561056759229
list:
dist: 1.2024318788400308 vs. 1.2024318788400308
list:
dist: 2.6503370340182717 vs. 2.6503370340182717
list:
dist: 1.362688213679715 vs. 1.362688213679715
list:
dist: 0.781280050323326 vs. 0.781280050323326
list:
dist: 0.9829488615405945 vs. 0.9829488615405945
list:
dist: 1.392222579147807 vs. 1.392222579147807
list:
dist: 2.021769377508935 vs. 2.021769377508935
list:
dist: 0.9336256856039584 vs. 0.9336256856039584
list:
dist: 1.5333191338739096 vs. 1.5333191338739096
list:
dist: 0.8854253368008232 vs. 0.8854253368008232
list:
dist: 1.5904954747542353 vs. 1.5904954747542353
list:
dist: 1.2263505084149675 vs. 1.2263505084149675
list:
dist: 1.822903683737427 vs. 1.822903683737427
list:
dist: 2.1901334927144087 vs. 2.1901334927144087
list:
dist: 2.315731901578043 vs. 2.315731901578043
list:
dist: 2.79368672045019 vs. 2.79368672045019
list:
dist: 2.230972443679117 vs. 2.230972443679117
list:
dist: 2.2567624174038112 vs. 2.2567624174038112
list:
dist: 3.120358460510519 vs. 3.120358460510519
list:
dist: 3.659297658535239 vs. 3.659297658535239
list:
dist: 3.493151355149106 vs. 3.493151355149106
list:
dist: 2.886409725938287 vs. 2.886409725938287
list:
dist: 3.0873896366384868 vs. 3.0873896366384868
list:
dist: 3.142819577717676 vs. 3.142819577717676
list:
dist: 3.828232982060409 vs. 3.828232982060409
list:
dist: 4.118027339009603 vs. 4.118027339009603
list:
dist: 3.876651489705539 vs. 3.876651489705539
list:
dist: 2.9960825775542848 vs. 2.9960825775542848
list:
dist: 3.2017641580040634 vs. 3.2017641580040634
list:
dist: 3.219894343142697 vs. 3.219894343142697
list:
dist: 3.361657670585793 vs. 3.361657670585793
list:
dist: 2.959456882974329 vs. 2.959456882974329
list:
dist: 2.9344118722275945 vs. 2.9344118722275945
list:
dist: 3.894692975041437 vs. 3.894692975041437
list:
dist: 3.251437915190098 vs. 3.251437915190098
list:
dist: 3.120358460510519 vs. 3.120358460510519
list:
dist: 3.629268189463517 vs. 3.629268189463517
list:
dist: 3.2206457307036547 vs. 3.2206457307036547
list:
dist: 2.5109950291989303 vs. 2.5109950291989303
list:
dist: 2.5240179916812324 vs. 2.5240179916812324
list:
dist: 2.2794835701698366 vs. 2.2794835701698366
list:
dist: 2.918777125097169 vs. 2.918777125097169
list:
dist: 2.227033829356202 vs. 2.227033829356202
list:
dist: 2.3918428959293947 vs. 2.3918428959293947
list:
dist: 2.9065819202824037 vs. 2.9065819202824037
list:
dist: 3.0901535036050802 vs. 3.0901535036050802
list:
dist: 2.7849996919403894 vs. 2.7849996919403894
list:
dist: 3.565541066267554 vs. 3.565541066267554
list:
dist: 2.353072376934223 vs. 2.353072376934223
list:
dist: 2.715563911825593 vs. 2.715563911825593
list:
dist: 1.7204081087331065 vs. 1.7204081087331065
list:
dist: 1.7948141334059369 vs. 1.7948141334059369
list:
dist: 1.9795336469651008 vs. 1.9795336469651008
list:
dist: 2.606529954942926 vs. 2.606529954942926
list:
dist: 2.5751852681285867 vs. 2.5751852681285867
list:
dist: 1.237074517674638 vs. 1.237074517674638
list:
dist: 1.9425659313406953 vs. 1.9425659313406953
list:
dist: 1.6421299697240066 vs. 1.6421299697240066
list:
dist: 3.307324193202437 vs. 3.307324193202437
list:
dist: 3.393538536804528 vs. 3.393538536804528
list:
dist: 2.8475407631004956 vs. 2.8475407631004956
list:
dist: 2.6066054323788412 vs. 2.6066054323788412
list:
dist: 3.588409162663839 vs. 3.588409162663839
list:
dist: 2.8754255113114273 vs. 2.8754255113114273
list:
dist: 3.142819577717676 vs. 3.142819577717676
list:
dist: 3.2227324584996664 vs. 3.2227324584996664
list:
dist: 3.300745180733505 vs. 3.300745180733505
list:
dist: 2.849153353420566 vs. 2.849153353420566
list:
dist: 4.163052372265514 vs. 4.163052372265514
list:
dist: 1.936719322033779 vs. 1.936719322033779
list:
dist: 2.3338160652142683 vs. 2.3338160652142683
list:
dist: 1.4559590721557205 vs. 1.4559590721557205
list:
dist: 2.0837565584948425 vs. 2.0837565584948425
list:
dist: 1.599721992882664 vs. 1.599721992882664
list:
dist: 1.46599462579077 vs. 1.46599462579077
list:
dist: 1.2149562608133482 vs. 1.2149562608133482
list:
dist: 1.933626621886247 vs. 1.933626621886247
list:
dist: 1.6421299697240066 vs. 1.6421299697240066
list:
dist: 1.2757247868164259 vs. 1.2757247868164259
list:
dist: 3.836872236604981 vs. 3.836872236604981
list:
dist: 0.99089346993188 vs. 0.99089346993188
list:
dist: 0.7755462796229717 vs. 0.7755462796229717
list:
dist: 0.6380872952085919 vs. 0.6380872952085919
list:
dist: 3.995899762906407 vs. 3.995899762906407
list:
dist: 2.700366062724194 vs. 2.700366062724194
list:
dist: 2.8081275578902387 vs. 2.8081275578902387
list:
dist: 3.6365938828632025 vs. 3.6365938828632025
list:
dist: 3.0986947470795503 vs. 3.0986947470795503
list:
dist: 3.116841593354829 vs. 3.116841593354829
list:
dist: 2.6993291269005137 vs. 2.6993291269005137
list:
dist: 5.090575351128529 vs. 5.090575351128529
list:
dist: 2.3431351798485114 vs. 2.3431351798485114
list:
dist: 1.6345413959205186 vs. 1.6345413959205186
list:
dist: 1.3463887038246276 vs. 1.3463887038246276
list:
dist: 2.3379119159579425 vs. 2.3379119159579425
list:
dist: 2.067595550962715 vs. 2.067595550962715
list:
dist: 1.822903683737427 vs. 1.822903683737427
list:
dist: 1.769499446318341 vs. 1.769499446318341
list:
dist: 2.352059586712699 vs. 2.352059586712699
list:
dist: 1.8389018540734123 vs. 1.8389018540734123
list:
dist: 0.8176462944248563 vs. 0.8176462944248563
list:
dist: 0.8785747549959653 vs. 0.8785747549959653
list:
dist: 1.3733121924018894 vs. 1.3733121924018894
list:
dist: 1.235026618193867 vs. 1.235026618193867
list:
dist: 1.3385279726986645 vs. 1.3385279726986645
list:
dist: 1.03680467324554 vs. 1.03680467324554
list:
dist: 1.7417358098679392 vs. 1.7417358098679392
list:
dist: 2.227033829356202 vs. 2.227033829356202
list:
dist: 2.2639157157765513 vs. 2.2639157157765513
list:
dist: 1.673159466937119 vs. 1.673159466937119
list:
dist: 1.4250498757871763 vs. 1.4250498757871763
list:
dist: 1.3450613955530586 vs. 1.3450613955530586
list:
dist: 1.4559590721557205 vs. 1.4559590721557205
list:
dist: 2.628344207684125 vs. 2.628344207684125
list:
dist: 2.9506228051562293 vs. 2.9506228051562293
list:
dist: 2.792329720243067 vs. 2.792329720243067
list:
dist: 3.156576668777718 vs. 3.156576668777718
list:
dist: 2.6606539401282845 vs. 2.6606539401282845
list:
dist: 3.2376279159495063 vs. 3.2376279159495063
list:
dist: 2.4687247769620164 vs. 2.4687247769620164
list:
dist: 2.318535104223933 vs. 2.318535104223933
list:
dist: 3.2394860390939724 vs. 3.2394860390939724
list:
dist: 3.3026449601376524 vs. 3.3026449601376524
list:
dist: 2.1901334927144087 vs. 2.1901334927144087
list:
dist: 2.2090427411550664 vs. 2.2090427411550664
list:
dist: 3.289159038756472 vs. 3.289159038756472
list:
dist: 2.360559403063369 vs. 2.360559403063369
list:
dist: 4.375838161423977 vs. 4.375838161423977
list:
dist: 0.7174974636093512 vs. 0.7174974636093512
list:
dist: 1.584324900155814 vs. 1.584324900155814
list:
dist: 1.3733121924018894 vs. 1.3733121924018894
list:
dist: 2.5663943916162433 vs. 2.5663943916162433
list:
dist: 2.6264560400509045 vs. 2.6264560400509045
list:
dist: 2.166830447596625 vs. 2.166830447596625
list:
dist: 2.7529018395899496 vs. 2.7529018395899496
list:
dist: 2.3918428959293947 vs. 2.3918428959293947
list:
dist: 3.226296559436801 vs. 3.226296559436801
list:
dist: 4.990454140392929 vs. 4.990454140392929
list:
dist: 2.178021320146306 vs. 2.178021320146306
list:
dist: 1.5563595624341464 vs. 1.5563595624341464
list:
dist: 1.6481847734147606 vs. 1.6481847734147606
list:
dist: 2.0837565584948425 vs. 2.0837565584948425
list:
dist: 3.3736047604890254 vs. 3.3736047604890254
list:
dist: 2.765650544695915 vs. 2.765650544695915
list:
dist: 2.5917922478945696 vs. 2.5917922478945696
list:
dist: 3.623758075639895 vs. 3.623758075639895
list:
dist: 3.1018741415708466 vs. 3.1018741415708466
list:
dist: 2.886409725938287 vs. 2.886409725938287
list:
dist: 3.0842732005038 vs. 3.0842732005038
list:
dist: 3.3009740984567766 vs. 3.3009740984567766
list:
dist: 2.592749584821427 vs. 2.592749584821427
list:
dist: 3.695008821643428 vs. 3.695008821643428
list:
dist: 1.557282098845546 vs. 1.557282098845546
list:
dist: 2.235144497522983 vs. 2.235144497522983
list:
dist: 1.4250498757871763 vs. 1.4250498757871763
list:
dist: 1.5563595624341464 vs. 1.5563595624341464
list:
dist: 1.9686152375057893 vs. 1.9686152375057893
list:
dist: 2.0219697524801847 vs. 2.0219697524801847
list:
dist: 1.4096054206778479 vs. 1.4096054206778479
list:
dist: 2.0268951865257003 vs. 2.0268951865257003
list:
dist: 1.237074517674638 vs. 1.237074517674638
list:
dist: 1.8729618435746822 vs. 1.8729618435746822
list:
dist: 3.73284366961684 vs. 3.73284366961684
list:
dist: 1.4508984350057976 vs. 1.4508984350057976
list:
dist: 0.7444934889918056 vs. 0.7444934889918056
list:
dist: 0.7755462796229717 vs. 0.7755462796229717
list:
dist: 2.3727423004916575 vs. 2.3727423004916575
list:
dist: 2.313985426675702 vs. 2.313985426675702
list:
dist: 1.2999422619871224 vs. 1.2999422619871224
list:
dist: 1.0746089679064417 vs. 1.0746089679064417
list:
dist: 2.4029819896815576 vs. 2.4029819896815576
list:
dist: 1.7931135407260574 vs. 1.7931135407260574
list:
dist: 1.4117254816420097 vs. 1.4117254816420097
list:
dist: 1.1709896925391154 vs. 1.1709896925391154
list:
dist: 2.7875783503337948 vs. 2.7875783503337948
list:
dist: 1.8247318303766096 vs. 1.8247318303766096
list:
dist: 1.2027528120243292 vs. 1.2027528120243292
list:
dist: 1.1002961464616088 vs. 1.1002961464616088
list:
dist: 1.3356466791828672 vs. 1.3356466791828672
list:
dist: 2.1468553791282265 vs. 2.1468553791282265
list:
dist: 0.9336256856039584 vs. 0.9336256856039584
list:
dist: 2.032457568053871 vs. 2.032457568053871
list:
dist: 1.7215470742008578 vs. 1.7215470742008578
list:
dist: 1.6522425299178642 vs. 1.6522425299178642
list:
dist: 0.9017343628866852 vs. 0.9017343628866852
list:
dist: 1.769499446318341 vs. 1.769499446318341
list:
dist: 2.2090427411550664 vs. 2.2090427411550664
list:
dist: 2.3826247299031613 vs. 2.3826247299031613
list:
dist: 2.6307578825655846 vs. 2.6307578825655846
list:
dist: 2.4573954362989716 vs. 2.4573954362989716
list:
dist: 2.719404359600975 vs. 2.719404359600975
list:
dist: 3.629268189463517 vs. 3.629268189463517
list:
dist: 3.839561495003009 vs. 3.839561495003009
list:
dist: 3.305930963961507 vs. 3.305930963961507
list:
dist: 3.0842732005038 vs. 3.0842732005038
list:
dist: 3.062001362502563 vs. 3.062001362502563
list:
dist: 3.2227324584996664 vs. 3.2227324584996664
list:
dist: 2.040113477837472 vs. 2.040113477837472
list:
dist: 1.6621692464685958 vs. 1.6621692464685958
list:
dist: 0.8411205543934085 vs. 0.8411205543934085
list:
dist: 2.1260421737583717 vs. 2.1260421737583717
list:
dist: 1.2003935180523597 vs. 1.2003935180523597
list:
dist: 0.5141603286281596 vs. 0.5141603286281596
list:
dist: 0.5780583605430798 vs. 0.5780583605430798
list:
dist: 3.433519512935041 vs. 3.433519512935041
list:
dist: 2.3106607887902797 vs. 2.3106607887902797
list:
dist: 1.9452921663028175 vs. 1.9452921663028175
list:
dist: 2.011685469099926 vs. 2.011685469099926
list:
dist: 1.7849623039796063 vs. 1.7849623039796063
list:
dist: 2.9325175937804198 vs. 2.9325175937804198
list:
dist: 1.4379284684204257 vs. 1.4379284684204257
list:
dist: 1.0746089679064417 vs. 1.0746089679064417
list:
dist: 2.5684648453460817 vs. 2.5684648453460817
list:
dist: 2.298597520096918 vs. 2.298597520096918
list:
dist: 2.520749152591481 vs. 2.520749152591481
list:
dist: 1.9500467126330299 vs. 1.9500467126330299
list:
dist: 2.8081275578902387 vs. 2.8081275578902387
list:
dist: 2.9506228051562293 vs. 2.9506228051562293
list:
dist: 3.1362063920549237 vs. 3.1362063920549237
list:
dist: 1.9644124518273434 vs. 1.9644124518273434
list:
dist: 1.9500467126330299 vs. 1.9500467126330299
list:
dist: 2.8935779970067323 vs. 2.8935779970067323
list:
dist: 2.401384736289575 vs. 2.401384736289575
list:
dist: 2.249391884109506 vs. 2.249391884109506
list:
dist: 1.911191326583079 vs. 1.911191326583079
list:
dist: 4.416372825755578 vs. 4.416372825755578
list:
dist: 1.993936783430999 vs. 1.993936783430999
list:
dist: 1.2232848004970982 vs. 1.2232848004970982
list:
dist: 0.9384119219478438 vs. 0.9384119219478438
list:
dist: 1.7470432007712962 vs. 1.7470432007712962
list:
dist: 1.9778085685375075 vs. 1.9778085685375075
list:
dist: 1.2263505084149675 vs. 1.2263505084149675
list:
dist: 0.9017343628866852 vs. 0.9017343628866852
list:
dist: 2.103235929027909 vs. 2.103235929027909
list:
dist: 1.6424076122520166 vs. 1.6424076122520166
list:
dist: 0.9519119316290273 vs. 0.9519119316290273
list:
dist: 0.8785747549959653 vs. 0.8785747549959653
list:
dist: 1.584324900155814 vs. 1.584324900155814
list:
dist: 1.7127181768564226 vs. 1.7127181768564226
list:
dist: 1.8837431722836353 vs. 1.8837431722836353
list:
dist: 1.7056335265843081 vs. 1.7056335265843081
list:
dist: 2.1754485090092803 vs. 2.1754485090092803
list:
dist: 2.918777125097169 vs. 2.918777125097169
list:
dist: 3.046121515748427 vs. 3.046121515748427
list:
dist: 2.4225964410210405 vs. 2.4225964410210405
list:
dist: 2.235144497522983 vs. 2.235144497522983
list:
dist: 2.166180770285014 vs. 2.166180770285014
list:
dist: 2.3338160652142683 vs. 2.3338160652142683
list:
dist: 3.9138458823336593 vs. 3.9138458823336593
list:
dist: 2.246802602154904 vs. 2.246802602154904
list:
dist: 2.520749152591481 vs. 2.520749152591481
list:
dist: 3.4044186171196116 vs. 3.4044186171196116
list:
dist: 2.5381868860206946 vs. 2.5381868860206946
list:
dist: 2.8051037552446165 vs. 2.8051037552446165
list:
dist: 2.278462445780492 vs. 2.278462445780492
list:
dist: 4.57552293901129 vs. 4.57552293901129
list:
dist: 2.5387773602357555 vs. 2.5387773602357555
list:
dist: 1.766549778728311 vs. 1.766549778728311
list:
dist: 1.6046804807461459 vs. 1.6046804807461459
list:
dist: 2.5515985488421413 vs. 2.5515985488421413
list:
dist: 2.5962366262168444 vs. 2.5962366262168444
list:
dist: 1.5904954747542353 vs. 1.5904954747542353
list:
dist: 1.6522425299178642 vs. 1.6522425299178642
list:
dist: 2.5909221154609168 vs. 2.5909221154609168
list:
dist: 1.7467618164597984 vs. 1.7467618164597984
list:
dist: 0.9519119316290273 vs. 0.9519119316290273
list:
dist: 0.8176462944248563 vs. 0.8176462944248563
list:
dist: 0.7174974636093512 vs. 0.7174974636093512
list:
dist: 1.9794049943927148 vs. 1.9794049943927148
list:
dist: 2.1548750391611984 vs. 2.1548750391611984
list:
dist: 1.6458656229337967 vs. 1.6458656229337967
list:
dist: 2.18424991963439 vs. 2.18424991963439
list:
dist: 2.2794835701698366 vs. 2.2794835701698366
list:
dist: 2.8999619537618493 vs. 2.8999619537618493
list:
dist: 2.154858061270502 vs. 2.154858061270502
list:
dist: 1.557282098845546 vs. 1.557282098845546
list:
dist: 1.6652893827143584 vs. 1.6652893827143584
list:
dist: 1.936719322033779 vs. 1.936719322033779
list:
dist: 1.9306712649981455 vs. 1.9306712649981455
list:
dist: 2.05419180673023 vs. 2.05419180673023
list:
dist: 1.706326419189442 vs. 1.706326419189442
list:
dist: 1.448098184126783 vs. 1.448098184126783
list:
dist: 2.2245881461649946 vs. 2.2245881461649946
list:
dist: 1.3027936273401084 vs. 1.3027936273401084
list:
dist: 2.315731901578043 vs. 2.315731901578043
list:
dist: 2.3826247299031613 vs. 2.3826247299031613
list:
dist: 1.9519788130806994 vs. 1.9519788130806994
list:
dist: 2.0214476353378132 vs. 2.0214476353378132
list:
dist: 1.9794049943927148 vs. 1.9794049943927148
list:
dist: 1.7127181768564226 vs. 1.7127181768564226
list:
dist: 1.235026618193867 vs. 1.235026618193867
list:
dist: 2.5663943916162433 vs. 2.5663943916162433
list:
dist: 0.7689192884251493 vs. 0.7689192884251493
list:
dist: 0.6524849756052553 vs. 0.6524849756052553
list:
dist: 1.079062158621648 vs. 1.079062158621648
list:
dist: 2.353072376934223 vs. 2.353072376934223
list:
dist: 1.564715872601527 vs. 1.564715872601527
list:
dist: 2.0453242692552656 vs. 2.0453242692552656
list:
dist: 1.9686152375057893 vs. 1.9686152375057893
list:
dist: 1.9277768701185662 vs. 1.9277768701185662
list:
dist: 1.599721992882664 vs. 1.599721992882664
list:
dist: 2.5651505359855165 vs. 2.5651505359855165
list:
dist: 3.6907909525824336 vs. 3.6907909525824336
list:
dist: 3.0174816029674183 vs. 3.0174816029674183
list:
dist: 2.9325175937804198 vs. 2.9325175937804198
list:
dist: 4.313088557469725 vs. 4.313088557469725
list:
dist: 3.5686354803525044 vs. 3.5686354803525044
list:
dist: 3.357218159923505 vs. 3.357218159923505
list:
dist: 3.0224757796311987 vs. 3.0224757796311987
list:
dist: 0.7764144389238888 vs. 0.7764144389238888
list:
dist: 1.09448879975654 vs. 1.09448879975654
list:
dist: 1.2446909497948255 vs. 1.2446909497948255
list:
dist: 1.1637794218418516 vs. 1.1637794218418516
list:
dist: 1.277170169705081 vs. 1.277170169705081
list:
dist: 2.021769377508935 vs. 2.021769377508935
list:
dist: 2.1468553791282265 vs. 2.1468553791282265
list:
dist: 1.0087043791873265 vs. 1.0087043791873265
list:
dist: 1.7993572835755158 vs. 1.7993572835755158
list:
dist: 2.5962366262168444 vs. 2.5962366262168444
list:
dist: 1.9778085685375075 vs. 1.9778085685375075
list:
dist: 2.067595550962715 vs. 2.067595550962715
list:
dist: 3.3026449601376524 vs. 3.3026449601376524
list:
dist: 1.3027936273401084 vs. 1.3027936273401084
list:
dist: 1.861720957080533 vs. 1.861720957080533
list:
dist: 1.734958607476139 vs. 1.734958607476139
list:
dist: 1.5307300753342434 vs. 1.5307300753342434
list:
dist: 3.251437915190098 vs. 3.251437915190098
list:
dist: 2.6882441973647433 vs. 2.6882441973647433
list:
dist: 3.2776092533561663 vs. 3.2776092533561663
list:
dist: 3.1018741415708466 vs. 3.1018741415708466
list:
dist: 3.1436777743970152 vs. 3.1436777743970152
list:
dist: 2.8754255113114273 vs. 2.8754255113114273
list:
dist: 2.394560162515955 vs. 2.394560162515955
list:
dist: 2.2084041366873532 vs. 2.2084041366873532
list:
dist: 1.7657813061868608 vs. 1.7657813061868608
list:
dist: 1.5770852833910136 vs. 1.5770852833910136
list:
dist: 2.5127772626881697 vs. 2.5127772626881697
list:
dist: 1.734958607476139 vs. 1.734958607476139
list:
dist: 2.230972443679117 vs. 2.230972443679117
list:
dist: 2.4573954362989716 vs. 2.4573954362989716
list:
dist: 2.0964040088658766 vs. 2.0964040088658766
list:
dist: 1.8218657281059647 vs. 1.8218657281059647
list:
dist: 1.6458656229337967 vs. 1.6458656229337967
list:
dist: 1.7056335265843081 vs. 1.7056335265843081
list:
dist: 1.03680467324554 vs. 1.03680467324554
list:
dist: 2.166830447596625 vs. 2.166830447596625
list:
dist: 0.6524849756052553 vs. 0.6524849756052553
list:
dist: 1.1540765036609593 vs. 1.1540765036609593
list:
dist: 0.8498071772163478 vs. 0.8498071772163478
list:
dist: 1.7204081087331065 vs. 1.7204081087331065
list:
dist: 1.4334948868400272 vs. 1.4334948868400272
list:
dist: 1.898754179349944 vs. 1.898754179349944
list:
dist: 1.4096054206778479 vs. 1.4096054206778479
list:
dist: 1.5651802972032212 vs. 1.5651802972032212
list:
dist: 1.2149562608133482 vs. 1.2149562608133482
list:
dist: 3.0982238934163044 vs. 3.0982238934163044
list:
dist: 5.1577642653022995 vs. 5.1577642653022995
list:
dist: 4.883383564209519 vs. 4.883383564209519
list:
dist: 4.131177856222214 vs. 4.131177856222214
list:
dist: 4.047297553613177 vs. 4.047297553613177
list:
dist: 3.89229748644039 vs. 3.89229748644039
list:
dist: 3.415787369122476 vs. 3.415787369122476
list:
dist: 3.1340829514690456 vs. 3.1340829514690456
list:
dist: 2.939228393547783 vs. 2.939228393547783
list:
dist: 3.757952210134349 vs. 3.757952210134349
list:
dist: 2.6882441973647433 vs. 2.6882441973647433
list:
dist: 3.659297658535239 vs. 3.659297658535239
list:
dist: 3.839561495003009 vs. 3.839561495003009
list:
dist: 3.243503726384753 vs. 3.243503726384753
list:
dist: 3.1636088426268434 vs. 3.1636088426268434
list:
dist: 4.184164115292638 vs. 4.184164115292638
list:
dist: 2.8999619537618493 vs. 2.8999619537618493
list:
dist: 3.046121515748427 vs. 3.046121515748427
list:
dist: 2.2639157157765513 vs. 2.2639157157765513
list:
dist: 3.226296559436801 vs. 3.226296559436801
list:
dist: 3.745001953485073 vs. 3.745001953485073
list:
dist: 3.383907419302627 vs. 3.383907419302627
list:
dist: 3.723751214693107 vs. 3.723751214693107
list:
dist: 4.37848755352359 vs. 4.37848755352359
list:
dist: 1.564715872601527 vs. 1.564715872601527
list:
dist: 1.5947289605914705 vs. 1.5947289605914705
list:
dist: 1.4334948868400272 vs. 1.4334948868400272
list:
dist: 1.7074452318211777 vs. 1.7074452318211777
list:
dist: 1.9795336469651008 vs. 1.9795336469651008
list:
dist: 3.3183395583346202 vs. 3.3183395583346202
list:
dist: 1.9669890780610106 vs. 1.9669890780610106
list:
dist: 1.8729618435746822 vs. 1.8729618435746822
list:
dist: 1.9025513859411693 vs. 1.9025513859411693
list:
dist: 1.2757247868164259 vs. 1.2757247868164259
list:
dist: 3.6948134368392056 vs. 3.6948134368392056
list:
dist: 2.434057490189917 vs. 2.434057490189917
list:
dist: 2.6940342387007257 vs. 2.6940342387007257
list:
dist: 2.2657345990769766 vs. 2.2657345990769766
list:
dist: 1.9254275354737482 vs. 1.9254275354737482
list:
dist: 2.6593870807510567 vs. 2.6593870807510567
list:
dist: 1.861720957080533 vs. 1.861720957080533
list:
dist: 2.79368672045019 vs. 2.79368672045019
list:
dist: 2.6307578825655846 vs. 2.6307578825655846
list:
dist: 2.631071946236674 vs. 2.631071946236674
list:
dist: 2.6659266689125602 vs. 2.6659266689125602
list:
dist: 2.1548750391611984 vs. 2.1548750391611984
list:
dist: 1.8837431722836353 vs. 1.8837431722836353
list:
dist: 1.3385279726986645 vs. 1.3385279726986645
list:
dist: 2.6264560400509045 vs. 2.6264560400509045
list:
dist: 0.7689192884251493 vs. 0.7689192884251493
list:
dist: 1.1540765036609593 vs. 1.1540765036609593
list:
dist: 1.8022749105569085 vs. 1.8022749105569085
list:
dist: 2.715563911825593 vs. 2.715563911825593
list:
dist: 1.5947289605914705 vs. 1.5947289605914705
list:
dist: 1.543636300163048 vs. 1.543636300163048
list:
dist: 2.0219697524801847 vs. 2.0219697524801847
list:
dist: 1.6968314371075577 vs. 1.6968314371075577
list:
dist: 1.46599462579077 vs. 1.46599462579077
list:
dist: 2.147795819106367 vs. 2.147795819106367
list:
dist: 3.152624286330145 vs. 3.152624286330145
list:
dist: 1.834922727712941 vs. 1.834922727712941
list:
dist: 1.9452921663028175 vs. 1.9452921663028175
list:
dist: 3.5950895852492177 vs. 3.5950895852492177
list:
dist: 2.3660112841156224 vs. 2.3660112841156224
list:
dist: 2.4179633930826534 vs. 2.4179633930826534
list:
dist: 1.8826667694452104 vs. 1.8826667694452104
list:
dist: 1.89783798394857 vs. 1.89783798394857
list:
dist: 0.7935795355386958 vs. 0.7935795355386958
list:
dist: 0.4015240296002353 vs. 0.4015240296002353
list:
dist: 0.9772967948767954 vs. 0.9772967948767954
list:
dist: 1.2446909497948255 vs. 1.2446909497948255
list:
dist: 0.781280050323326 vs. 0.781280050323326
list:
dist: 1.2027528120243292 vs. 1.2027528120243292
list:
dist: 0.9146795422163786 vs. 0.9146795422163786
list:
dist: 0.8170374020561465 vs. 0.8170374020561465
list:
dist: 1.766549778728311 vs. 1.766549778728311
list:
dist: 1.2232848004970982 vs. 1.2232848004970982
list:
dist: 1.6345413959205186 vs. 1.6345413959205186
list:
dist: 2.4687247769620164 vs. 2.4687247769620164
list:
dist: 1.706326419189442 vs. 1.706326419189442
list:
dist: 2.2657345990769766 vs. 2.2657345990769766
list:
dist: 1.7657813061868608 vs. 1.7657813061868608
list:
dist: 1.7001866730567552 vs. 1.7001866730567552
list:
dist: 2.959456882974329 vs. 2.959456882974329
list:
dist: 3.1340829514690456 vs. 3.1340829514690456
list:
dist: 3.252349151888863 vs. 3.252349151888863
list:
dist: 2.765650544695915 vs. 2.765650544695915
list:
dist: 2.9247732085332854 vs. 2.9247732085332854
list:
dist: 2.8475407631004956 vs. 2.8475407631004956
list:
dist: 2.0372786661988904 vs. 2.0372786661988904
list:
dist: 4.174400823796021 vs. 4.174400823796021
list:
dist: 4.109450856948424 vs. 4.109450856948424
list:
dist: 3.134657644128814 vs. 3.134657644128814
list:
dist: 3.3177074015845958 vs. 3.3177074015845958
list:
dist: 3.1634438859894014 vs. 3.1634438859894014
list:
dist: 1.8558995590828102 vs. 1.8558995590828102
list:
dist: 1.7001866730567552 vs. 1.7001866730567552
list:
dist: 1.6828220739006883 vs. 1.6828220739006883
list:
dist: 2.4364542682722403 vs. 2.4364542682722403
list:
dist: 1.5307300753342434 vs. 1.5307300753342434
list:
dist: 2.2567624174038112 vs. 2.2567624174038112
list:
dist: 2.719404359600975 vs. 2.719404359600975
list:
dist: 1.6614131592715125 vs. 1.6614131592715125
list:
dist: 1.5843571227886681 vs. 1.5843571227886681
list:
dist: 3.5982072980333473 vs. 3.5982072980333473
list:
dist: 2.18424991963439 vs. 2.18424991963439
list:
dist: 2.1754485090092803 vs. 2.1754485090092803
list:
dist: 1.7417358098679392 vs. 1.7417358098679392
list:
dist: 2.7529018395899496 vs. 2.7529018395899496
list:
dist: 3.2109889721212 vs. 3.2109889721212
list:
dist: 3.6912817920898653 vs. 3.6912817920898653
list:
dist: 3.58995756581212 vs. 3.58995756581212
list:
dist: 3.8326337470341696 vs. 3.8326337470341696
list:
dist: 1.079062158621648 vs. 1.079062158621648
list:
dist: 1.8022749105569085 vs. 1.8022749105569085
list:
dist: 0.8498071772163478 vs. 0.8498071772163478
list:
dist: 1.7948141334059369 vs. 1.7948141334059369
list:
dist: 1.7074452318211777 vs. 1.7074452318211777
list:
dist: 3.4571931451360505 vs. 3.4571931451360505
list:
dist: 2.7238301974742436 vs. 2.7238301974742436
list:
dist: 2.0268951865257003 vs. 2.0268951865257003
list:
dist: 2.3547833807796383 vs. 2.3547833807796383
list:
dist: 1.933626621886247 vs. 1.933626621886247
list:
dist: 4.105644773333037 vs. 4.105644773333037
list:
dist: 2.6075767888045847 vs. 2.6075767888045847
list:
dist: 3.970533740934735 vs. 3.970533740934735
list:
dist: 3.5686284166400513 vs. 3.5686284166400513
list:
dist: 3.433519512935041 vs. 3.433519512935041
list:
dist: 1.4491588959183943 vs. 1.4491588959183943
list:
dist: 1.89783798394857 vs. 1.89783798394857
list:
dist: 1.8904041783476613 vs. 1.8904041783476613
list:
dist: 1.6561205094660907 vs. 1.6561205094660907
list:
dist: 0.7764144389238888 vs. 0.7764144389238888
list:
dist: 2.6503370340182717 vs. 2.6503370340182717
list:
dist: 2.7875783503337948 vs. 2.7875783503337948
list:
dist: 1.334270282883931 vs. 1.334270282883931
list:
dist: 2.3895813931457486 vs. 2.3895813931457486
list:
dist: 1.9306712649981455 vs. 1.9306712649981455
list:
dist: 2.434057490189917 vs. 2.434057490189917
list:
dist: 2.394560162515955 vs. 2.394560162515955
list:
dist: 2.0372786661988904 vs. 2.0372786661988904
list:
dist: 3.828232982060409 vs. 3.828232982060409
list:
dist: 3.0982238934163044 vs. 3.0982238934163044
list:
dist: 1.86016330782414 vs. 1.86016330782414
list:
dist: 1.4105580488572529 vs. 1.4105580488572529
list:
dist: 1.8116603714187027 vs. 1.8116603714187027
list:
dist: 0.6802011264043877 vs. 0.6802011264043877
list:
dist: 1.1344236587123937 vs. 1.1344236587123937
list:
dist: 0.8608754279669212 vs. 0.8608754279669212
list:
dist: 1.1408160738333644 vs. 1.1408160738333644
list:
dist: 0.9747336579880806 vs. 0.9747336579880806
list:
dist: 0.7220055028512302 vs. 0.7220055028512302
list:
dist: 1.0354684707823907 vs. 1.0354684707823907
list:
dist: 0.9875503488316445 vs. 0.9875503488316445
list:
dist: 1.226347737026251 vs. 1.226347737026251
list:
dist: 4.477512831497678 vs. 4.477512831497678
list:
dist: 2.1360042785309608 vs. 2.1360042785309608
list:
dist: 1.5944230347669601 vs. 1.5944230347669601
list:
dist: 1.1999460356819118 vs. 1.1999460356819118
list:
dist: 2.7350760546015476 vs. 2.7350760546015476
list:
dist: 1.9038385704797463 vs. 1.9038385704797463
list:
dist: 0.7665133171436772 vs. 0.7665133171436772
list:
dist: 1.8144308596665912 vs. 1.8144308596665912
list:
dist: 2.3740872867590093 vs. 2.3740872867590093
list:
dist: 1.4097966633079868 vs. 1.4097966633079868
list:
dist: 4.109450856948424 vs. 4.109450856948424
list:
dist: 3.876651489705539 vs. 3.876651489705539
list:
dist: 4.883383564209519 vs. 4.883383564209519
list:
dist: 2.473325997984933 vs. 2.473325997984933
list:
dist: 2.74653751860923 vs. 2.74653751860923
list:
dist: 2.5204352716305944 vs. 2.5204352716305944
list:
dist: 1.8669041248791736 vs. 1.8669041248791736
list:
dist: 3.186912938306948 vs. 3.186912938306948
list:
dist: 3.1505710878137365 vs. 3.1505710878137365
list:
dist: 1.2290800584928954 vs. 1.2290800584928954
list:
dist: 0.34375982326112037 vs. 0.34375982326112037
list:
dist: 1.2616308587492056 vs. 1.2616308587492056
list:
dist: 1.86016330782414 vs. 1.86016330782414
list:
dist: 2.2355396646044228 vs. 2.2355396646044228
list:
dist: 2.361766156603481 vs. 2.361766156603481
list:
dist: 2.435289388294351 vs. 2.435289388294351
list:
dist: 1.332369116207554 vs. 1.332369116207554
list:
dist: 1.9829034246002164 vs. 1.9829034246002164
list:
dist: 2.8375079112768056 vs. 2.8375079112768056
list:
dist: 2.8414534125356243 vs. 2.8414534125356243
list:
dist: 2.876322982947769 vs. 2.876322982947769
list:
dist: 2.361766156603481 vs. 2.361766156603481
list:
dist: 1.4728444888526524 vs. 1.4728444888526524
list:
dist: 2.3336343124058145 vs. 2.3336343124058145
list:
dist: 1.231501970912074 vs. 1.231501970912074
list:
dist: 0.8608754279669212 vs. 0.8608754279669212
list:
dist: 0.8352206348253182 vs. 0.8352206348253182
list:
dist: 0.36612469736212744 vs. 0.36612469736212744
list:
dist: 1.79534000088574 vs. 1.79534000088574
list:
dist: 1.5473999833867502 vs. 1.5473999833867502
list:
dist: 1.0897549563533915 vs. 1.0897549563533915
list:
dist: 0.995733810494304 vs. 0.995733810494304
list:
dist: 1.6944027642748103 vs. 1.6944027642748103
list:
dist: 3.870694690183679 vs. 3.870694690183679
list:
dist: 2.0234991652046928 vs. 2.0234991652046928
list:
dist: 1.7007257361093124 vs. 1.7007257361093124
list:
dist: 0.5198103624221748 vs. 0.5198103624221748
list:
dist: 2.216100390405127 vs. 2.216100390405127
list:
dist: 1.5289757964232722 vs. 1.5289757964232722
list:
dist: 0.6236829451799434 vs. 0.6236829451799434
list:
dist: 2.2296719057626326 vs. 2.2296719057626326
list:
dist: 2.207829331001549 vs. 2.207829331001549
list:
dist: 1.304274274490221 vs. 1.304274274490221
list:
dist: 3.3177074015845958 vs. 3.3177074015845958
list:
dist: 3.2017641580040634 vs. 3.2017641580040634
list:
dist: 4.047297553613177 vs. 4.047297553613177
list:
dist: 1.9754260948081355 vs. 1.9754260948081355
list:
dist: 2.6251069377174194 vs. 2.6251069377174194
list:
dist: 2.6608899918951145 vs. 2.6608899918951145
list:
dist: 1.949335818926219 vs. 1.949335818926219
list:
dist: 3.0108649624096797 vs. 3.0108649624096797
list:
dist: 2.942453364680275 vs. 2.942453364680275
list:
dist: 2.435289388294351 vs. 2.435289388294351
list:
dist: 1.397005664049571 vs. 1.397005664049571
list:
dist: 2.39087715855126 vs. 2.39087715855126
list:
dist: 1.430958950611505 vs. 1.430958950611505
list:
dist: 1.1408160738333644 vs. 1.1408160738333644
list:
dist: 1.0404206782052001 vs. 1.0404206782052001
list:
dist: 0.36612469736212744 vs. 0.36612469736212744
list:
dist: 2.0400968526149446 vs. 2.0400968526149446
list:
dist: 1.8412550624400408 vs. 1.8412550624400408
list:
dist: 1.432001746597908 vs. 1.432001746597908
list:
dist: 1.3098712405363317 vs. 1.3098712405363317
list:
dist: 1.9893513537873313 vs. 1.9893513537873313
list:
dist: 3.797468274890362 vs. 3.797468274890362
list:
dist: 2.321530685486327 vs. 2.321530685486327
list:
dist: 2.0418486065741654 vs. 2.0418486065741654
list:
dist: 0.6645319682449128 vs. 0.6645319682449128
list:
dist: 2.2005254712293336 vs. 2.2005254712293336
list:
dist: 1.6971840159019456 vs. 1.6971840159019456
list:
dist: 0.8208228732896578 vs. 0.8208228732896578
list:
dist: 2.5043245913955454 vs. 2.5043245913955454
list:
dist: 2.3921600505418286 vs. 2.3921600505418286
list:
dist: 1.3854951075416537 vs. 1.3854951075416537
list:
dist: 3.1634438859894014 vs. 3.1634438859894014
list:
dist: 3.219894343142697 vs. 3.219894343142697
list:
dist: 3.89229748644039 vs. 3.89229748644039
list:
dist: 2.0540131500846672 vs. 2.0540131500846672
list:
dist: 2.828102789635645 vs. 2.828102789635645
list:
dist: 2.917604075443649 vs. 2.917604075443649
list:
dist: 2.259376056996321 vs. 2.259376056996321
list:
dist: 3.2333852027571712 vs. 3.2333852027571712
list:
dist: 3.1024500509117843 vs. 3.1024500509117843
list:
dist: 3.8748946633463044 vs. 3.8748946633463044
list:
dist: 3.252349151888863 vs. 3.252349151888863
list:
dist: 2.9293847534195434 vs. 2.9293847534195434
list:
dist: 3.842698656590777 vs. 3.842698656590777
list:
dist: 3.2776092533561663 vs. 3.2776092533561663
list:
dist: 3.493151355149106 vs. 3.493151355149106
list:
dist: 3.305930963961507 vs. 3.305930963961507
list:
dist: 3.8337295920094503 vs. 3.8337295920094503
list:
dist: 3.4310665945626724 vs. 3.4310665945626724
list:
dist: 2.154858061270502 vs. 2.154858061270502
list:
dist: 2.4225964410210405 vs. 2.4225964410210405
list:
dist: 1.673159466937119 vs. 1.673159466937119
list:
dist: 2.178021320146306 vs. 2.178021320146306
list:
dist: 2.0453242692552656 vs. 2.0453242692552656
list:
dist: 1.543636300163048 vs. 1.543636300163048
list:
dist: 1.898754179349944 vs. 1.898754179349944
list:
dist: 2.7238301974742436 vs. 2.7238301974742436
list:
dist: 2.5751852681285867 vs. 2.5751852681285867
list:
dist: 1.9669890780610106 vs. 1.9669890780610106
list:
dist: 1.4508984350057976 vs. 1.4508984350057976
list:
dist: 0.7288936058570964 vs. 0.7288936058570964
list:
dist: 0.99089346993188 vs. 0.99089346993188
list:
dist: 3.572855889722168 vs. 3.572855889722168
list:
dist: 2.9247732085332854 vs. 2.9247732085332854
list:
dist: 2.6611396946987944 vs. 2.6611396946987944
list:
dist: 3.656625543801987 vs. 3.656625543801987
list:
dist: 3.1436777743970152 vs. 3.1436777743970152
list:
dist: 3.0873896366384868 vs. 3.0873896366384868
list:
dist: 3.062001362502563 vs. 3.062001362502563
list:
dist: 3.5252809519021655 vs. 3.5252809519021655
list:
dist: 2.950878191136961 vs. 2.950878191136961
list:
dist: 4.431729821645681 vs. 4.431729821645681
list:
dist: 1.6652893827143584 vs. 1.6652893827143584
list:
dist: 2.166180770285014 vs. 2.166180770285014
list:
dist: 1.3450613955530586 vs. 1.3450613955530586
list:
dist: 1.6481847734147606 vs. 1.6481847734147606
list:
dist: 1.9277768701185662 vs. 1.9277768701185662
list:
dist: 1.6968314371075577 vs. 1.6968314371075577
list:
dist: 1.5651802972032212 vs. 1.5651802972032212
list:
dist: 2.3547833807796383 vs. 2.3547833807796383
list:
dist: 1.9425659313406953 vs. 1.9425659313406953
list:
dist: 1.9025513859411693 vs. 1.9025513859411693
list:
dist: 4.318110674142294 vs. 4.318110674142294
list:
dist: 0.7288936058570964 vs. 0.7288936058570964
list:
dist: 0.7444934889918056 vs. 0.7444934889918056
list:
dist: 0.6380872952085919 vs. 0.6380872952085919
list:
dist: 2.308156971653987 vs. 2.308156971653987
list:
dist: 2.911592031858652 vs. 2.911592031858652
list:
dist: 2.0498190686104847 vs. 2.0498190686104847
list:
dist: 1.4097966633079868 vs. 1.4097966633079868
list:
dist: 2.0724609210559928 vs. 2.0724609210559928
list:
dist: 1.304274274490221 vs. 1.304274274490221
list:
dist: 1.3854951075416537 vs. 1.3854951075416537
list:
dist: 2.224960365111918 vs. 2.224960365111918
list:
dist: 1.6652006553460152 vs. 1.6652006553460152
list:
dist: 1.3521044456829951 vs. 1.3521044456829951
list:
dist: 1.0649594466352454 vs. 1.0649594466352454
list:
dist: 1.2403477510733067 vs. 1.2403477510733067
list:
dist: 2.5664059552592526 vs. 2.5664059552592526
list:
dist: 2.332968510382759 vs. 2.332968510382759
list:
dist: 1.1281006195878869 vs. 1.1281006195878869
list:
dist: 1.5998390654410677 vs. 1.5998390654410677
list:
dist: 1.2914146811766605 vs. 1.2914146811766605
list:
dist: 0.741904693889575 vs. 0.741904693889575
list:
dist: 1.5062115538925431 vs. 1.5062115538925431
list:
dist: 1.525952344661645 vs. 1.525952344661645
list:
dist: 1.6525861933777661 vs. 1.6525861933777661
list:
dist: 1.9738595915462527 vs. 1.9738595915462527
list:
dist: 1.9223846268656073 vs. 1.9223846268656073
list:
dist: 1.7659192904504248 vs. 1.7659192904504248
list:
dist: 2.667425448062955 vs. 2.667425448062955
list:
dist: 2.2371392731521427 vs. 2.2371392731521427
list:
dist: 1.828378853073284 vs. 1.828378853073284
list:
dist: 2.541480056560592 vs. 2.541480056560592
list:
dist: 0.34375982326112037 vs. 0.34375982326112037
list:
dist: 1.1794969170580016 vs. 1.1794969170580016
list:
dist: 1.2991539295471242 vs. 1.2991539295471242
list:
dist: 1.8116603714187027 vs. 1.8116603714187027
list:
dist: 2.3300296338589677 vs. 2.3300296338589677
list:
dist: 2.3336343124058145 vs. 2.3336343124058145
list:
dist: 2.39087715855126 vs. 2.39087715855126
list:
dist: 1.3161429143290007 vs. 1.3161429143290007
list:
dist: 1.913841192561012 vs. 1.913841192561012
list:
dist: 2.8267348386149536 vs. 2.8267348386149536
list:
dist: 2.7982054396829064 vs. 2.7982054396829064
list:
dist: 2.779891938391901 vs. 2.779891938391901
list:
dist: 2.826842061992496 vs. 2.826842061992496
list:
dist: 4.363739811487761 vs. 4.363739811487761
list:
dist: 3.6901188693146922 vs. 3.6901188693146922
list:
dist: 2.4037804109641434 vs. 2.4037804109641434
list:
dist: 3.286415317113874 vs. 3.286415317113874
list:
dist: 4.146496929655307 vs. 4.146496929655307
list:
dist: 2.911592031858652 vs. 2.911592031858652
list:
dist: 2.876322982947769 vs. 2.876322982947769
list:
dist: 2.585747409354518 vs. 2.585747409354518
list:
dist: 2.779891938391901 vs. 2.779891938391901
list:
dist: 1.8241362332185616 vs. 1.8241362332185616
list:
dist: 1.226347737026251 vs. 1.226347737026251
list:
dist: 2.074334804503327 vs. 2.074334804503327
list:
dist: 1.6944027642748103 vs. 1.6944027642748103
list:
dist: 1.9893513537873313 vs. 1.9893513537873313
list:
dist: 1.6435857922328971 vs. 1.6435857922328971
list:
dist: 0.9266094547287945 vs. 0.9266094547287945
list:
dist: 0.9799869189051488 vs. 0.9799869189051488
list:
dist: 0.8879358202513005 vs. 0.8879358202513005
list:
dist: 2.099801084624491 vs. 2.099801084624491
list:
dist: 1.7165976463144372 vs. 1.7165976463144372
list:
dist: 1.6404182566679424 vs. 1.6404182566679424
list:
dist: 2.446983087091652 vs. 2.446983087091652
list:
dist: 1.5965553318477237 vs. 1.5965553318477237
list:
dist: 1.202683418542945 vs. 1.202683418542945
list:
dist: 0.5927898390679298 vs. 0.5927898390679298
list:
dist: 1.6173076813865206 vs. 1.6173076813865206
list:
dist: 1.2403477510733067 vs. 1.2403477510733067
list:
dist: 2.17299695244691 vs. 2.17299695244691
list:
dist: 1.8867926923655005 vs. 1.8867926923655005
list:
dist: 1.4144399523747753 vs. 1.4144399523747753
list:
dist: 1.1449290952426416 vs. 1.1449290952426416
list:
dist: 2.4465516946276944 vs. 2.4465516946276944
list:
dist: 2.3352772594611366 vs. 2.3352772594611366
list:
dist: 1.2616308587492056 vs. 1.2616308587492056
list:
dist: 1.0620246196913952 vs. 1.0620246196913952
list:
dist: 1.2991539295471242 vs. 1.2991539295471242
list:
dist: 0.6802011264043877 vs. 0.6802011264043877
list:
dist: 1.1364048414058527 vs. 1.1364048414058527
list:
dist: 1.231501970912074 vs. 1.231501970912074
list:
dist: 1.430958950611505 vs. 1.430958950611505
list:
dist: 0.7539442822625154 vs. 0.7539442822625154
list:
dist: 1.0507920064138037 vs. 1.0507920064138037
list:
dist: 1.5885354854790081 vs. 1.5885354854790081
list:
dist: 1.6111644923513975 vs. 1.6111644923513975
list:
dist: 1.8241362332185616 vs. 1.8241362332185616
list:
dist: 4.332983654252816 vs. 4.332983654252816
list:
dist: 2.4313208423850874 vs. 2.4313208423850874
list:
dist: 1.822472790453533 vs. 1.822472790453533
list:
dist: 1.6924156283119165 vs. 1.6924156283119165
list:
dist: 3.345255692635197 vs. 3.345255692635197
list:
dist: 2.509076234219963 vs. 2.509076234219963
list:
dist: 1.381409136580968 vs. 1.381409136580968
list:
dist: 2.405745977950562 vs. 2.405745977950562
list:
dist: 3.029352087040656 vs. 3.029352087040656
list:
dist: 2.0498190686104847 vs. 2.0498190686104847
list:
dist: 4.174400823796021 vs. 4.174400823796021
list:
dist: 4.118027339009603 vs. 4.118027339009603
list:
dist: 5.1577642653022995 vs. 5.1577642653022995
list:
dist: 3.0666910542233565 vs. 3.0666910542233565
list:
dist: 3.388794266244907 vs. 3.388794266244907
list:
dist: 3.148895311477765 vs. 3.148895311477765
list:
dist: 2.424809189612884 vs. 2.424809189612884
list:
dist: 3.761232908031308 vs. 3.761232908031308
list:
dist: 3.800397122270053 vs. 3.800397122270053
list:
dist: 1.332369116207554 vs. 1.332369116207554
list:
dist: 1.6364058448221932 vs. 1.6364058448221932
list:
dist: 1.3161429143290007 vs. 1.3161429143290007
list:
dist: 0.7539442822625154 vs. 0.7539442822625154
list:
dist: 0.9747336579880806 vs. 0.9747336579880806
list:
dist: 1.7719830775429353 vs. 1.7719830775429353
list:
dist: 1.79534000088574 vs. 1.79534000088574
list:
dist: 2.0400968526149446 vs. 2.0400968526149446
list:
dist: 0.7171774245441438 vs. 0.7171774245441438
list:
dist: 1.7776228983982254 vs. 1.7776228983982254
list:
dist: 1.8071237522184171 vs. 1.8071237522184171
list:
dist: 1.6435857922328971 vs. 1.6435857922328971
list:
dist: 2.6584071528487856 vs. 2.6584071528487856
list:
dist: 1.9939723597863845 vs. 1.9939723597863845
list:
dist: 2.167274744588715 vs. 2.167274744588715
list:
dist: 3.660652494619969 vs. 3.660652494619969
list:
dist: 2.7794354059420776 vs. 2.7794354059420776
list:
dist: 1.7077742075770512 vs. 1.7077742075770512
list:
dist: 2.147686913494209 vs. 2.147686913494209
list:
dist: 3.128481237132263 vs. 3.128481237132263
list:
dist: 2.224960365111918 vs. 2.224960365111918
list:
dist: 3.381376849182607 vs. 3.381376849182607
list:
dist: 3.4386903245812115 vs. 3.4386903245812115
list:
dist: 3.026497199159947 vs. 3.026497199159947
list:
dist: 2.438261043186027 vs. 2.438261043186027
list:
dist: 3.851345888569776 vs. 3.851345888569776
list:
dist: 3.887975017497362 vs. 3.887975017497362
list:
dist: 1.2290800584928954 vs. 1.2290800584928954
list:
dist: 1.1794969170580016 vs. 1.1794969170580016
list:
dist: 1.0620246196913952 vs. 1.0620246196913952
list:
dist: 1.4105580488572529 vs. 1.4105580488572529
list:
dist: 1.5911379099919183 vs. 1.5911379099919183
list:
dist: 1.4728444888526524 vs. 1.4728444888526524
list:
dist: 1.397005664049571 vs. 1.397005664049571
list:
dist: 1.6364058448221932 vs. 1.6364058448221932
list:
dist: 1.9329924226369184 vs. 1.9329924226369184
list:
dist: 2.331841962893247 vs. 2.331841962893247
list:
dist: 2.264887130923317 vs. 2.264887130923317
list:
dist: 2.585747409354518 vs. 2.585747409354518
list:
dist: 1.977800546071115 vs. 1.977800546071115
list:
dist: 3.520890505219412 vs. 3.520890505219412
list:
dist: 2.977150568934037 vs. 2.977150568934037
list:
dist: 1.7367397222227334 vs. 1.7367397222227334
list:
dist: 3.146558700411776 vs. 3.146558700411776
list:
dist: 3.5747968090861373 vs. 3.5747968090861373
list:
dist: 2.308156971653987 vs. 2.308156971653987
list:
dist: 2.4313208423850874 vs. 2.4313208423850874
list:
dist: 2.1360042785309608 vs. 2.1360042785309608
list:
dist: 1.707853193495018 vs. 1.707853193495018
list:
dist: 2.0234991652046928 vs. 2.0234991652046928
list:
dist: 2.321530685486327 vs. 2.321530685486327
list:
dist: 2.6584071528487856 vs. 2.6584071528487856
list:
dist: 2.2979966150217765 vs. 2.2979966150217765
list:
dist: 1.2993976409768266 vs. 1.2993976409768266
list:
dist: 1.552883184739684 vs. 1.552883184739684
list:
dist: 2.099801084624491 vs. 2.099801084624491
list:
dist: 3.826989267088229 vs. 3.826989267088229
list:
dist: 0.6858316171538076 vs. 0.6858316171538076
list:
dist: 4.375838161423977 vs. 4.375838161423977
list:
dist: 1.8418796372977615 vs. 1.8418796372977615
list:
dist: 2.776377560735502 vs. 2.776377560735502
list:
dist: 1.6638641396052778 vs. 1.6638641396052778
list:
dist: 2.1556406409685698 vs. 2.1556406409685698
list:
dist: 2.396788341927402 vs. 2.396788341927402
list:
dist: 2.0853239011029587 vs. 2.0853239011029587
list:
dist: 2.5664059552592526 vs. 2.5664059552592526
list:
dist: 3.5982072980333473 vs. 3.5982072980333473
list:
dist: 2.5240179916812324 vs. 2.5240179916812324
list:
dist: 4.184164115292638 vs. 4.184164115292638
list:
dist: 2.080768536785811 vs. 2.080768536785811
list:
dist: 2.175227329788046 vs. 2.175227329788046
list:
dist: 2.2784941583189213 vs. 2.2784941583189213
list:
dist: 1.2763191345973448 vs. 1.2763191345973448
list:
dist: 1.9541595462170038 vs. 1.9541595462170038
list:
dist: 2.544510835639442 vs. 2.544510835639442
list:
dist: 3.695008821643428 vs. 3.695008821643428
list:
dist: 4.431729821645681 vs. 4.431729821645681
list:
dist: 4.163052372265514 vs. 4.163052372265514
list:
dist: 1.977800546071115 vs. 1.977800546071115
list:
dist: 2.826842061992496 vs. 2.826842061992496
list:
dist: 1.6924156283119165 vs. 1.6924156283119165
list:
dist: 1.1999460356819118 vs. 1.1999460356819118
list:
dist: 1.1367833223665875 vs. 1.1367833223665875
list:
dist: 0.5198103624221748 vs. 0.5198103624221748
list:
dist: 0.6645319682449128 vs. 0.6645319682449128
list:
dist: 2.167274744588715 vs. 2.167274744588715
list:
dist: 1.774397824750578 vs. 1.774397824750578
list:
dist: 0.9561896606864797 vs. 0.9561896606864797
list:
dist: 0.8230723419910733 vs. 0.8230723419910733
list:
dist: 1.6404182566679424 vs. 1.6404182566679424
list:
dist: 3.9125923940003533 vs. 3.9125923940003533
list:
dist: 1.8418796372977615 vs. 1.8418796372977615
list:
dist: 1.6771753365192947 vs. 1.6771753365192947
list:
dist: 1.7366842369742177 vs. 1.7366842369742177
list:
dist: 1.0430686538030396 vs. 1.0430686538030396
list:
dist: 0.6706263474832374 vs. 0.6706263474832374
list:
dist: 2.0948386381087265 vs. 2.0948386381087265
list:
dist: 1.7684939671267985 vs. 1.7684939671267985
list:
dist: 1.1281006195878869 vs. 1.1281006195878869
list:
dist: 3.2109889721212 vs. 3.2109889721212
list:
dist: 2.9065819202824037 vs. 2.9065819202824037
list:
dist: 3.745001953485073 vs. 3.745001953485073
list:
dist: 1.456744245848715 vs. 1.456744245848715
list:
dist: 2.189118999443826 vs. 2.189118999443826
list:
dist: 2.339879410750671 vs. 2.339879410750671
list:
dist: 1.6686251645309018 vs. 1.6686251645309018
list:
dist: 2.5690352820863422 vs. 2.5690352820863422
list:
dist: 2.471189164261414 vs. 2.471189164261414
list:
dist: 2.0940731399378403 vs. 2.0940731399378403
list:
dist: 2.769851155798585 vs. 2.769851155798585
list:
dist: 2.2355396646044228 vs. 2.2355396646044228
list:
dist: 1.5911379099919183 vs. 1.5911379099919183
list:
dist: 2.3300296338589677 vs. 2.3300296338589677
list:
dist: 1.1364048414058527 vs. 1.1364048414058527
list:
dist: 1.1344236587123937 vs. 1.1344236587123937
list:
dist: 0.8352206348253182 vs. 0.8352206348253182
list:
dist: 1.0404206782052001 vs. 1.0404206782052001
list:
dist: 1.7719830775429353 vs. 1.7719830775429353
list:
dist: 1.728885555861452 vs. 1.728885555861452
list:
dist: 1.28839670587704 vs. 1.28839670587704
list:
dist: 1.3842333377862048 vs. 1.3842333377862048
list:
dist: 2.074334804503327 vs. 2.074334804503327
list:
dist: 3.357231785759668 vs. 3.357231785759668
list:
dist: 1.707853193495018 vs. 1.707853193495018
list:
dist: 1.3291220154111598 vs. 1.3291220154111598
list:
dist: 1.1367833223665875 vs. 1.1367833223665875
list:
dist: 2.8392712062992573 vs. 2.8392712062992573
list:
dist: 1.9639042239386215 vs. 1.9639042239386215
list:
dist: 1.3532069424908482 vs. 1.3532069424908482
list:
dist: 2.6370769014600692 vs. 2.6370769014600692
list:
dist: 2.672008363505935 vs. 2.672008363505935
list:
dist: 2.0724609210559928 vs. 2.0724609210559928
list:
dist: 3.134657644128814 vs. 3.134657644128814
list:
dist: 2.9960825775542848 vs. 2.9960825775542848
list:
dist: 4.131177856222214 vs. 4.131177856222214
list:
dist: 2.4330906060310302 vs. 2.4330906060310302
list:
dist: 3.01712214674818 vs. 3.01712214674818
list:
dist: 3.036520627458773 vs. 3.036520627458773
list:
dist: 2.122216763609542 vs. 2.122216763609542
list:
dist: 3.207692365979764 vs. 3.207692365979764
list:
dist: 3.3728606315778804 vs. 3.3728606315778804
list:
dist: 1.7367397222227334 vs. 1.7367397222227334
list:
dist: 2.4037804109641434 vs. 2.4037804109641434
list:
dist: 1.381409136580968 vs. 1.381409136580968
list:
dist: 0.7665133171436772 vs. 0.7665133171436772
list:
dist: 1.3532069424908482 vs. 1.3532069424908482
list:
dist: 0.6236829451799434 vs. 0.6236829451799434
list:
dist: 0.8208228732896578 vs. 0.8208228732896578
list:
dist: 1.7077742075770512 vs. 1.7077742075770512
list:
dist: 1.2632797836232386 vs. 1.2632797836232386
list:
dist: 0.9374788137236504 vs. 0.9374788137236504
list:
dist: 0.711869587900213 vs. 0.711869587900213
list:
dist: 1.202683418542945 vs. 1.202683418542945
list:
dist: 4.466446335742223 vs. 4.466446335742223
list:
dist: 2.1556406409685698 vs. 2.1556406409685698
list:
dist: 1.81678427680724 vs. 1.81678427680724
list:
dist: 0.6706263474832374 vs. 0.6706263474832374
list:
dist: 1.9973605876568299 vs. 1.9973605876568299
list:
dist: 1.3413058289331259 vs. 1.3413058289331259
list:
dist: 1.697731988438118 vs. 1.697731988438118
list:
dist: 1.845096806774483 vs. 1.845096806774483
list:
dist: 0.741904693889575 vs. 0.741904693889575
list:
dist: 3.8326337470341696 vs. 3.8326337470341696
list:
dist: 3.565541066267554 vs. 3.565541066267554
list:
dist: 4.37848755352359 vs. 4.37848755352359
list:
dist: 1.8350673490026812 vs. 1.8350673490026812
list:
dist: 2.2766694758458277 vs. 2.2766694758458277
list:
dist: 2.2109913725736674 vs. 2.2109913725736674
list:
dist: 1.6876443241559844 vs. 1.6876443241559844
list:
dist: 2.8039820399244557 vs. 2.8039820399244557
list:
dist: 2.6103849956728116 vs. 2.6103849956728116
list:
dist: 2.29191090407304 vs. 2.29191090407304
list:
dist: 2.982709133813092 vs. 2.982709133813092
list:
dist: 3.520890505219412 vs. 3.520890505219412
list:
dist: 4.363739811487761 vs. 4.363739811487761
list:
dist: 3.345255692635197 vs. 3.345255692635197
list:
dist: 2.7350760546015476 vs. 2.7350760546015476
list:
dist: 2.8392712062992573 vs. 2.8392712062992573
list:
dist: 2.216100390405127 vs. 2.216100390405127
list:
dist: 2.2005254712293336 vs. 2.2005254712293336
list:
dist: 3.660652494619969 vs. 3.660652494619969
list:
dist: 3.0789023077769273 vs. 3.0789023077769273
list:
dist: 2.168299651357249 vs. 2.168299651357249
list:
dist: 1.9778128272866422 vs. 1.9778128272866422
list:
dist: 2.446983087091652 vs. 2.446983087091652
list:
dist: 4.854997680066408 vs. 4.854997680066408
list:
dist: 2.776377560735502 vs. 2.776377560735502
list:
dist: 2.9403103054863506 vs. 2.9403103054863506
list:
dist: 1.7366842369742177 vs. 1.7366842369742177
list:
dist: 1.171154881061097 vs. 1.171154881061097
list:
dist: 1.9973605876568299 vs. 1.9973605876568299
list:
dist: 2.5080150484036348 vs. 2.5080150484036348
list:
dist: 1.285248356306992 vs. 1.285248356306992
list:
dist: 1.5998390654410677 vs. 1.5998390654410677
list:
dist: 3.6912817920898653 vs. 3.6912817920898653
list:
dist: 3.0901535036050802 vs. 3.0901535036050802
list:
dist: 3.383907419302627 vs. 3.383907419302627
list:
dist: 0.7347223098873352 vs. 0.7347223098873352
list:
dist: 1.6092265472458216 vs. 1.6092265472458216
list:
dist: 2.173180717394376 vs. 2.173180717394376
list:
dist: 2.167192818512846 vs. 2.167192818512846
list:
dist: 2.108934307804235 vs. 2.108934307804235
list:
dist: 1.50554015325117 vs. 1.50554015325117
list:
dist: 0.539145951381761 vs. 0.539145951381761
list:
dist: 1.3221713487721043 vs. 1.3221713487721043
list:
dist: 3.0666910542233565 vs. 3.0666910542233565
list:
dist: 2.473325997984933 vs. 2.473325997984933
list:
dist: 2.4330906060310302 vs. 2.4330906060310302
list:
dist: 1.9754260948081355 vs. 1.9754260948081355
list:
dist: 2.0540131500846672 vs. 2.0540131500846672
list:
dist: 3.381376849182607 vs. 3.381376849182607
list:
dist: 2.799405109161281 vs. 2.799405109161281
list:
dist: 1.7025083032831132 vs. 1.7025083032831132
list:
dist: 1.5904048204409693 vs. 1.5904048204409693
list:
dist: 2.17299695244691 vs. 2.17299695244691
list:
dist: 4.46409083987882 vs. 4.46409083987882
list:
dist: 2.080768536785811 vs. 2.080768536785811
list:
dist: 2.328353037080414 vs. 2.328353037080414
list:
dist: 4.990454140392929 vs. 4.990454140392929
list:
dist: 1.456744245848715 vs. 1.456744245848715
list:
dist: 0.7347223098873352 vs. 0.7347223098873352
list:
dist: 0.6282412122085705 vs. 0.6282412122085705
list:
dist: 1.8350673490026812 vs. 1.8350673490026812
list:
dist: 2.2788553001844094 vs. 2.2788553001844094
list:
dist: 0.9486211710757387 vs. 0.9486211710757387
list:
dist: 1.6525861933777661 vs. 1.6525861933777661
list:
dist: 3.4571931451360505 vs. 3.4571931451360505
list:
dist: 2.606529954942926 vs. 2.606529954942926
list:
dist: 3.3183395583346202 vs. 3.3183395583346202
list:
dist: 1.2442330328297686 vs. 1.2442330328297686
list:
dist: 1.8628555100923876 vs. 1.8628555100923876
list:
dist: 1.6147562225547296 vs. 1.6147562225547296
list:
dist: 1.557805572804903 vs. 1.557805572804903
list:
dist: 1.271530266509783 vs. 1.271530266509783
list:
dist: 3.73284366961684 vs. 3.73284366961684
list:
dist: 4.318110674142294 vs. 4.318110674142294
list:
dist: 3.836872236604981 vs. 3.836872236604981
list:
dist: 0.8623760406567655 vs. 0.8623760406567655
list:
dist: 1.3790479914218245 vs. 1.3790479914218245
list:
dist: 1.822472790453533 vs. 1.822472790453533
list:
dist: 1.5944230347669601 vs. 1.5944230347669601
list:
dist: 1.3291220154111598 vs. 1.3291220154111598
list:
dist: 1.7007257361093124 vs. 1.7007257361093124
list:
dist: 2.0418486065741654 vs. 2.0418486065741654
list:
dist: 1.9939723597863845 vs. 1.9939723597863845
list:
dist: 1.7010986960191887 vs. 1.7010986960191887
list:
dist: 0.9845431860789198 vs. 0.9845431860789198
list:
dist: 1.2704686092133433 vs. 1.2704686092133433
list:
dist: 1.7165976463144372 vs. 1.7165976463144372
list:
dist: 0.6858316171538076 vs. 0.6858316171538076
list:
dist: 1.6771753365192947 vs. 1.6771753365192947
list:
dist: 2.9403103054863506 vs. 2.9403103054863506
list:
dist: 1.7833278365781144 vs. 1.7833278365781144
list:
dist: 1.81678427680724 vs. 1.81678427680724
list:
dist: 2.1174581708784195 vs. 2.1174581708784195
list:
dist: 2.22516596287328 vs. 2.22516596287328
list:
dist: 2.332968510382759 vs. 2.332968510382759
list:
dist: 2.328353037080414 vs. 2.328353037080414
list:
dist: 2.3935964204067064 vs. 2.3935964204067064
list:
dist: 2.3011731325869054 vs. 2.3011731325869054
list:
dist: 1.279237948584832 vs. 1.279237948584832
list:
dist: 2.382742174331586 vs. 2.382742174331586
list:
dist: 2.8249572603093425 vs. 2.8249572603093425
list:
dist: 2.8414534125356243 vs. 2.8414534125356243
list:
dist: 2.264887130923317 vs. 2.264887130923317
list:
dist: 2.7982054396829064 vs. 2.7982054396829064
list:
dist: 1.6111644923513975 vs. 1.6111644923513975
list:
dist: 0.9875503488316445 vs. 0.9875503488316445
list:
dist: 1.3842333377862048 vs. 1.3842333377862048
list:
dist: 0.995733810494304 vs. 0.995733810494304
list:
dist: 1.3098712405363317 vs. 1.3098712405363317
list:
dist: 1.8071237522184171 vs. 1.8071237522184171
list:
dist: 1.2336354632257331 vs. 1.2336354632257331
list:
dist: 0.28733072787460956 vs. 0.28733072787460956
list:
dist: 0.8879358202513005 vs. 0.8879358202513005
list:
dist: 1.552883184739684 vs. 1.552883184739684
list:
dist: 1.2704686092133433 vs. 1.2704686092133433
list:
dist: 0.8230723419910733 vs. 0.8230723419910733
list:
dist: 1.9778128272866422 vs. 1.9778128272866422
list:
dist: 0.9751321669164779 vs. 0.9751321669164779
list:
dist: 0.711869587900213 vs. 0.711869587900213
list:
dist: 1.3519315588636476 vs. 1.3519315588636476
list:
dist: 1.4282201628151963 vs. 1.4282201628151963
list:
dist: 1.0649594466352454 vs. 1.0649594466352454
list:
dist: 1.5904048204409693 vs. 1.5904048204409693
list:
dist: 1.7891125652682471 vs. 1.7891125652682471
list:
dist: 1.7011586587622551 vs. 1.7011586587622551
list:
dist: 0.9966995116843791 vs. 0.9966995116843791
list:
dist: 2.2136034439011834 vs. 2.2136034439011834
list:
dist: 2.191993246989215 vs. 2.191993246989215
list:
dist: 2.8375079112768056 vs. 2.8375079112768056
list:
dist: 2.331841962893247 vs. 2.331841962893247
list:
dist: 2.8267348386149536 vs. 2.8267348386149536
list:
dist: 1.5885354854790081 vs. 1.5885354854790081
list:
dist: 1.0354684707823907 vs. 1.0354684707823907
list:
dist: 1.28839670587704 vs. 1.28839670587704
list:
dist: 1.0897549563533915 vs. 1.0897549563533915
list:
dist: 1.432001746597908 vs. 1.432001746597908
list:
dist: 1.7776228983982254 vs. 1.7776228983982254
list:
dist: 1.2426659584793873 vs. 1.2426659584793873
list:
dist: 0.28733072787460956 vs. 0.28733072787460956
list:
dist: 0.9799869189051488 vs. 0.9799869189051488
list:
dist: 1.2993976409768266 vs. 1.2993976409768266
list:
dist: 0.9845431860789198 vs. 0.9845431860789198
list:
dist: 0.9561896606864797 vs. 0.9561896606864797
list:
dist: 2.168299651357249 vs. 2.168299651357249
list:
dist: 1.0805772163081346 vs. 1.0805772163081346
list:
dist: 0.9374788137236504 vs. 0.9374788137236504
list:
dist: 1.4437475874297492 vs. 1.4437475874297492
list:
dist: 1.5402713163462767 vs. 1.5402713163462767
list:
dist: 1.3521044456829951 vs. 1.3521044456829951
list:
dist: 1.7025083032831132 vs. 1.7025083032831132
list:
dist: 1.8514434828832966 vs. 1.8514434828832966
list:
dist: 1.7533977750978222 vs. 1.7533977750978222
list:
dist: 0.9034223986098879 vs. 0.9034223986098879
list:
dist: 2.174411342832779 vs. 2.174411342832779
list:
dist: 2.2748881323709265 vs. 2.2748881323709265
list:
dist: 3.146558700411776 vs. 3.146558700411776
list:
dist: 3.286415317113874 vs. 3.286415317113874
list:
dist: 2.405745977950562 vs. 2.405745977950562
list:
dist: 1.8144308596665912 vs. 1.8144308596665912
list:
dist: 2.6370769014600692 vs. 2.6370769014600692
list:
dist: 2.2296719057626326 vs. 2.2296719057626326
list:
dist: 2.5043245913955454 vs. 2.5043245913955454
list:
dist: 2.147686913494209 vs. 2.147686913494209
list:
dist: 1.4457062102528793 vs. 1.4457062102528793
list:
dist: 1.4437475874297492 vs. 1.4437475874297492
list:
dist: 1.3519315588636476 vs. 1.3519315588636476
list:
dist: 0.5927898390679298 vs. 0.5927898390679298
list:
dist: 2.396788341927402 vs. 2.396788341927402
list:
dist: 2.1174581708784195 vs. 2.1174581708784195
list:
dist: 2.0948386381087265 vs. 2.0948386381087265
list:
dist: 2.5080150484036348 vs. 2.5080150484036348
list:
dist: 1.7840606606765994 vs. 1.7840606606765994
list:
dist: 1.697731988438118 vs. 1.697731988438118
list:
dist: 1.5145969162580455 vs. 1.5145969162580455
list:
dist: 1.5062115538925431 vs. 1.5062115538925431
list:
dist: 2.2788553001844094 vs. 2.2788553001844094
list:
dist: 1.6804842888312468 vs. 1.6804842888312468
list:
dist: 1.028607017359385 vs. 1.028607017359385
list:
dist: 1.2271169556936474 vs. 1.2271169556936474
list:
dist: 2.304255056778246 vs. 2.304255056778246
list:
dist: 2.1137695194970743 vs. 2.1137695194970743
list:
dist: 2.4218869124882847 vs. 2.4218869124882847
list:
dist: 2.7650389727741556 vs. 2.7650389727741556
list:
dist: 2.424809189612884 vs. 2.424809189612884
list:
dist: 1.8669041248791736 vs. 1.8669041248791736
list:
dist: 2.122216763609542 vs. 2.122216763609542
list:
dist: 1.949335818926219 vs. 1.949335818926219
list:
dist: 2.259376056996321 vs. 2.259376056996321
list:
dist: 2.438261043186027 vs. 2.438261043186027
list:
dist: 1.8105927640026933 vs. 1.8105927640026933
list:
dist: 0.9034223986098879 vs. 0.9034223986098879
list:
dist: 0.9966995116843791 vs. 0.9966995116843791
list:
dist: 1.1449290952426416 vs. 1.1449290952426416
list:
dist: 1.2763191345973448 vs. 1.2763191345973448
list:
dist: 1.279237948584832 vs. 1.279237948584832
list:
dist: 1.6686251645309018 vs. 1.6686251645309018
list:
dist: 2.167192818512846 vs. 2.167192818512846
list:
dist: 1.0956358961359889 vs. 1.0956358961359889
list:
dist: 1.6876443241559844 vs. 1.6876443241559844
list:
dist: 1.2271169556936474 vs. 1.2271169556936474
list:
dist: 1.0842440871439152 vs. 1.0842440871439152
list:
dist: 1.7659192904504248 vs. 1.7659192904504248
list:
dist: 1.6147562225547296 vs. 1.6147562225547296
list:
dist: 1.186146015431632 vs. 1.186146015431632
list:
dist: 1.0401572766455627 vs. 1.0401572766455627
list:
dist: 1.4206282847189409 vs. 1.4206282847189409
list:
dist: 1.6650903008755915 vs. 1.6650903008755915
list:
dist: 2.1061629179166865 vs. 2.1061629179166865
list:
dist: 2.356529720028517 vs. 2.356529720028517
list:
dist: 1.9829034246002164 vs. 1.9829034246002164
list:
dist: 1.9329924226369184 vs. 1.9329924226369184
list:
dist: 1.913841192561012 vs. 1.913841192561012
list:
dist: 1.0507920064138037 vs. 1.0507920064138037
list:
dist: 0.7220055028512302 vs. 0.7220055028512302
list:
dist: 1.728885555861452 vs. 1.728885555861452
list:
dist: 1.5473999833867502 vs. 1.5473999833867502
list:
dist: 1.8412550624400408 vs. 1.8412550624400408
list:
dist: 0.7171774245441438 vs. 0.7171774245441438
list:
dist: 1.2426659584793873 vs. 1.2426659584793873
list:
dist: 1.2336354632257331 vs. 1.2336354632257331
list:
dist: 0.9266094547287945 vs. 0.9266094547287945
list:
dist: 2.2979966150217765 vs. 2.2979966150217765
list:
dist: 1.7010986960191887 vs. 1.7010986960191887
list:
dist: 1.774397824750578 vs. 1.774397824750578
list:
dist: 3.0789023077769273 vs. 3.0789023077769273
list:
dist: 2.191492535419999 vs. 2.191492535419999
list:
dist: 1.2632797836232386 vs. 1.2632797836232386
list:
dist: 1.4457062102528793 vs. 1.4457062102528793
list:
dist: 2.448484811391808 vs. 2.448484811391808
list:
dist: 1.6652006553460152 vs. 1.6652006553460152
list:
dist: 2.799405109161281 vs. 2.799405109161281
list:
dist: 2.7501534227045386 vs. 2.7501534227045386
list:
dist: 2.319990741454256 vs. 2.319990741454256
list:
dist: 1.8105927640026933 vs. 1.8105927640026933
list:
dist: 3.2150220995359753 vs. 3.2150220995359753
list:
dist: 3.200182969673827 vs. 3.200182969673827
list:
dist: 3.800397122270053 vs. 3.800397122270053
list:
dist: 3.1505710878137365 vs. 3.1505710878137365
list:
dist: 3.3728606315778804 vs. 3.3728606315778804
list:
dist: 2.942453364680275 vs. 2.942453364680275
list:
dist: 3.1024500509117843 vs. 3.1024500509117843
list:
dist: 3.887975017497362 vs. 3.887975017497362
list:
dist: 3.200182969673827 vs. 3.200182969673827
list:
dist: 2.2748881323709265 vs. 2.2748881323709265
list:
dist: 2.191993246989215 vs. 2.191993246989215
list:
dist: 2.3352772594611366 vs. 2.3352772594611366
list:
dist: 2.544510835639442 vs. 2.544510835639442
list:
dist: 2.8249572603093425 vs. 2.8249572603093425
list:
dist: 2.471189164261414 vs. 2.471189164261414
list:
dist: 1.50554015325117 vs. 1.50554015325117
list:
dist: 1.4469648401642656 vs. 1.4469648401642656
list:
dist: 2.6103849956728116 vs. 2.6103849956728116
list:
dist: 2.1137695194970743 vs. 2.1137695194970743
list:
dist: 0.7790212951334856 vs. 0.7790212951334856
list:
dist: 2.2371392731521427 vs. 2.2371392731521427
list:
dist: 1.271530266509783 vs. 1.271530266509783
list:
dist: 0.49626241065453247 vs. 0.49626241065453247
list:
dist: 1.2302958665236634 vs. 1.2302958665236634
list:
dist: 1.6650903008755915 vs. 1.6650903008755915
list:
dist: 0.9477373619103535 vs. 0.9477373619103535
list:
dist: 1.0584084326022276 vs. 1.0584084326022276
list:
dist: 0.7876546383072466 vs. 0.7876546383072466
list:
dist: 2.0940731399378403 vs. 2.0940731399378403
list:
dist: 0.539145951381761 vs. 0.539145951381761
list:
dist: 1.3005818239388731 vs. 1.3005818239388731
list:
dist: 2.29191090407304 vs. 2.29191090407304
list:
dist: 2.4218869124882847 vs. 2.4218869124882847
list:
dist: 1.0745068003783622 vs. 1.0745068003783622
list:
dist: 1.828378853073284 vs. 1.828378853073284
list:
dist: 4.105644773333037 vs. 4.105644773333037
list:
dist: 3.307324193202437 vs. 3.307324193202437
list:
dist: 3.6948134368392056 vs. 3.6948134368392056
list:
dist: 0.8623760406567655 vs. 0.8623760406567655
list:
dist: 1.2766688298642395 vs. 1.2766688298642395
list:
dist: 1.902136711875536 vs. 1.902136711875536
list:
dist: 2.1061629179166865 vs. 2.1061629179166865
list:
dist: 1.8057750526058665 vs. 1.8057750526058665
list:
dist: 1.0584084326022276 vs. 1.0584084326022276
list:
dist: 0.8198859318116319 vs. 0.8198859318116319
list:
dist: 3.761232908031308 vs. 3.761232908031308
list:
dist: 3.186912938306948 vs. 3.186912938306948
list:
dist: 3.207692365979764 vs. 3.207692365979764
list:
dist: 3.0108649624096797 vs. 3.0108649624096797
list:
dist: 3.2333852027571712 vs. 3.2333852027571712
list:
dist: 3.851345888569776 vs. 3.851345888569776
list:
dist: 3.2150220995359753 vs. 3.2150220995359753
list:
dist: 2.174411342832779 vs. 2.174411342832779
list:
dist: 2.2136034439011834 vs. 2.2136034439011834
list:
dist: 2.4465516946276944 vs. 2.4465516946276944
list:
dist: 1.9541595462170038 vs. 1.9541595462170038
list:
dist: 2.382742174331586 vs. 2.382742174331586
list:
dist: 2.5690352820863422 vs. 2.5690352820863422
list:
dist: 2.108934307804235 vs. 2.108934307804235
list:
dist: 1.579305300281381 vs. 1.579305300281381
list:
dist: 2.8039820399244557 vs. 2.8039820399244557
list:
dist: 2.304255056778246 vs. 2.304255056778246
list:
dist: 1.2004567953119218 vs. 1.2004567953119218
list:
dist: 2.667425448062955 vs. 2.667425448062955
list:
dist: 1.557805572804903 vs. 1.557805572804903
list:
dist: 0.8559910407904369 vs. 0.8559910407904369
list:
dist: 1.4107188165547069 vs. 1.4107188165547069
list:
dist: 1.4206282847189409 vs. 1.4206282847189409
list:
dist: 0.9477373619103535 vs. 0.9477373619103535
list:
dist: 1.8057750526058665 vs. 1.8057750526058665
list:
dist: 1.5376908959641788 vs. 1.5376908959641788
list:
dist: 2.769851155798585 vs. 2.769851155798585
list:
dist: 1.3221713487721043 vs. 1.3221713487721043
list:
dist: 1.8190974652910346 vs. 1.8190974652910346
list:
dist: 2.982709133813092 vs. 2.982709133813092
list:
dist: 2.7650389727741556 vs. 2.7650389727741556
list:
dist: 1.3547759033617182 vs. 1.3547759033617182
list:
dist: 2.541480056560592 vs. 2.541480056560592
list:
dist: 1.3790479914218245 vs. 1.3790479914218245
list:
dist: 1.2532511568302869 vs. 1.2532511568302869
list:
dist: 1.9731319108770269 vs. 1.9731319108770269
list:
dist: 2.356529720028517 vs. 2.356529720028517
list:
dist: 1.5376908959641788 vs. 1.5376908959641788
list:
dist: 0.7876546383072466 vs. 0.7876546383072466
list:
dist: 0.8198859318116319 vs. 0.8198859318116319
list:
dist: 3.388794266244907 vs. 3.388794266244907
list:
dist: 2.74653751860923 vs. 2.74653751860923
list:
dist: 3.01712214674818 vs. 3.01712214674818
list:
dist: 2.6251069377174194 vs. 2.6251069377174194
list:
dist: 2.828102789635645 vs. 2.828102789635645
list:
dist: 3.4386903245812115 vs. 3.4386903245812115
list:
dist: 2.7501534227045386 vs. 2.7501534227045386
list:
dist: 1.8514434828832966 vs. 1.8514434828832966
list:
dist: 1.7891125652682471 vs. 1.7891125652682471
list:
dist: 1.8867926923655005 vs. 1.8867926923655005
list:
dist: 2.175227329788046 vs. 2.175227329788046
list:
dist: 2.3935964204067064 vs. 2.3935964204067064
list:
dist: 2.189118999443826 vs. 2.189118999443826
list:
dist: 1.6092265472458216 vs. 1.6092265472458216
list:
dist: 1.1906275211909603 vs. 1.1906275211909603
list:
dist: 2.2766694758458277 vs. 2.2766694758458277
list:
dist: 1.6804842888312468 vs. 1.6804842888312468
list:
dist: 0.4676425213352311 vs. 0.4676425213352311
list:
dist: 1.9738595915462527 vs. 1.9738595915462527
list:
dist: 1.2442330328297686 vs. 1.2442330328297686
list:
dist: 0.8128087646411445 vs. 0.8128087646411445
list:
dist: 1.186146015431632 vs. 1.186146015431632
list:
dist: 0.8559910407904369 vs. 0.8559910407904369
list:
dist: 0.49626241065453247 vs. 0.49626241065453247
list:
dist: 1.2766688298642395 vs. 1.2766688298642395
list:
dist: 1.2532511568302869 vs. 1.2532511568302869
list:
dist: 3.5747968090861373 vs. 3.5747968090861373
list:
dist: 4.146496929655307 vs. 4.146496929655307
list:
dist: 3.029352087040656 vs. 3.029352087040656
list:
dist: 2.3740872867590093 vs. 2.3740872867590093
list:
dist: 2.672008363505935 vs. 2.672008363505935
list:
dist: 2.207829331001549 vs. 2.207829331001549
list:
dist: 2.3921600505418286 vs. 2.3921600505418286
list:
dist: 3.128481237132263 vs. 3.128481237132263
list:
dist: 2.448484811391808 vs. 2.448484811391808
list:
dist: 1.5402713163462767 vs. 1.5402713163462767
list:
dist: 1.4282201628151963 vs. 1.4282201628151963
list:
dist: 1.6173076813865206 vs. 1.6173076813865206
list:
dist: 2.0853239011029587 vs. 2.0853239011029587
list:
dist: 2.22516596287328 vs. 2.22516596287328
list:
dist: 1.7684939671267985 vs. 1.7684939671267985
list:
dist: 1.285248356306992 vs. 1.285248356306992
list:
dist: 0.8085795104741396 vs. 0.8085795104741396
list:
dist: 1.845096806774483 vs. 1.845096806774483
list:
dist: 1.5145969162580455 vs. 1.5145969162580455
list:
dist: 1.525952344661645 vs. 1.525952344661645
list:
dist: 0.9486211710757387 vs. 0.9486211710757387
list:
dist: 0.4676425213352311 vs. 0.4676425213352311
list:
dist: 0.9276114614481117 vs. 0.9276114614481117
list:
dist: 1.0842440871439152 vs. 1.0842440871439152
list:
dist: 1.2004567953119218 vs. 1.2004567953119218
list:
dist: 0.7790212951334856 vs. 0.7790212951334856
list:
dist: 1.0745068003783622 vs. 1.0745068003783622
list:
dist: 1.3547759033617182 vs. 1.3547759033617182
list:
dist: 3.148895311477765 vs. 3.148895311477765
list:
dist: 2.5204352716305944 vs. 2.5204352716305944
list:
dist: 3.036520627458773 vs. 3.036520627458773
list:
dist: 2.6608899918951145 vs. 2.6608899918951145
list:
dist: 2.917604075443649 vs. 2.917604075443649
list:
dist: 3.026497199159947 vs. 3.026497199159947
list:
dist: 2.319990741454256 vs. 2.319990741454256
list:
dist: 1.7533977750978222 vs. 1.7533977750978222
list:
dist: 1.7011586587622551 vs. 1.7011586587622551
list:
dist: 1.4144399523747753 vs. 1.4144399523747753
list:
dist: 2.2784941583189213 vs. 2.2784941583189213
list:
dist: 2.3011731325869054 vs. 2.3011731325869054
list:
dist: 2.339879410750671 vs. 2.339879410750671
list:
dist: 2.173180717394376 vs. 2.173180717394376
list:
dist: 1.5624895751019006 vs. 1.5624895751019006
list:
dist: 2.2109913725736674 vs. 2.2109913725736674
list:
dist: 1.028607017359385 vs. 1.028607017359385
list:
dist: 0.9276114614481117 vs. 0.9276114614481117
list:
dist: 1.9223846268656073 vs. 1.9223846268656073
list:
dist: 1.8628555100923876 vs. 1.8628555100923876
list:
dist: 0.8128087646411445 vs. 0.8128087646411445
list:
dist: 1.0401572766455627 vs. 1.0401572766455627
list:
dist: 1.4107188165547069 vs. 1.4107188165547069
list:
dist: 1.2302958665236634 vs. 1.2302958665236634
list:
dist: 1.902136711875536 vs. 1.902136711875536
list:
dist: 1.9731319108770269 vs. 1.9731319108770269
list:
dist: 2.977150568934037 vs. 2.977150568934037
list:
dist: 3.6901188693146922 vs. 3.6901188693146922
list:
dist: 2.509076234219963 vs. 2.509076234219963
list:
dist: 1.9038385704797463 vs. 1.9038385704797463
list:
dist: 1.9639042239386215 vs. 1.9639042239386215
list:
dist: 1.5289757964232722 vs. 1.5289757964232722
list:
dist: 1.6971840159019456 vs. 1.6971840159019456
list:
dist: 2.7794354059420776 vs. 2.7794354059420776
list:
dist: 2.191492535419999 vs. 2.191492535419999
list:
dist: 1.0805772163081346 vs. 1.0805772163081346
list:
dist: 0.9751321669164779 vs. 0.9751321669164779
list:
dist: 1.5965553318477237 vs. 1.5965553318477237
list:
dist: 4.415097755409348 vs. 4.415097755409348
list:
dist: 1.6638641396052778 vs. 1.6638641396052778
list:
dist: 1.7833278365781144 vs. 1.7833278365781144
list:
dist: 1.0430686538030396 vs. 1.0430686538030396
list:
dist: 1.171154881061097 vs. 1.171154881061097
list:
dist: 1.3413058289331259 vs. 1.3413058289331259
list:
dist: 1.7840606606765994 vs. 1.7840606606765994
list:
dist: 0.8085795104741396 vs. 0.8085795104741396
list:
dist: 1.2914146811766605 vs. 1.2914146811766605
list:
dist: 3.58995756581212 vs. 3.58995756581212
list:
dist: 2.7849996919403894 vs. 2.7849996919403894
list:
dist: 3.723751214693107 vs. 3.723751214693107
list:
dist: 0.6282412122085705 vs. 0.6282412122085705
list:
dist: 1.1906275211909603 vs. 1.1906275211909603
list:
dist: 1.5624895751019006 vs. 1.5624895751019006
list:
dist: 1.0956358961359889 vs. 1.0956358961359889
list:
dist: 1.579305300281381 vs. 1.579305300281381
list:
dist: 1.4469648401642656 vs. 1.4469648401642656
list:
dist: 1.3005818239388731 vs. 1.3005818239388731
list:
dist: 1.8190974652910346 vs. 1.8190974652910346
list:
dist: 1.9671772418014 vs. 1.9671772418014
list:
dist: 1.7690133622502178 vs. 1.7690133622502178
list:
dist: 1.7339561165864648 vs. 1.7339561165864648
list:
dist: 2.4586770997690937 vs. 2.4586770997690937
list:
dist: 3.0071306894122407 vs. 3.0071306894122407
list:
dist: 3.3151803542270297 vs. 3.3151803542270297
list:
dist: 2.9159109683713615 vs. 2.9159109683713615
list:
dist: 1.0789046857990814 vs. 1.0789046857990814
list:
dist: 1.285937122608764 vs. 1.285937122608764
list:
dist: 2.064591867722464 vs. 2.064591867722464
list:
dist: 1.6912256874147111 vs. 1.6912256874147111
list:
dist: 2.147160593179909 vs. 2.147160593179909
list:
dist: 2.055397147343974 vs. 2.055397147343974
list:
dist: 1.8559487066652407 vs. 1.8559487066652407
list:
dist: 3.260267664483726 vs. 3.260267664483726
list:
dist: 3.0299449522378255 vs. 3.0299449522378255
list:
dist: 2.0005469686076323 vs. 2.0005469686076323
list:
dist: 1.8575239351842128 vs. 1.8575239351842128
list:
dist: 3.030296709575507 vs. 3.030296709575507
list:
dist: 1.6358959655009755 vs. 1.6358959655009755
list:
dist: 1.7815072358807928 vs. 1.7815072358807928
list:
dist: 2.566792475240759 vs. 2.566792475240759
list:
dist: 2.073605783961211 vs. 2.073605783961211
list:
dist: 3.2185724016411834 vs. 3.2185724016411834
list:
dist: 3.480376656930535 vs. 3.480376656930535
list:
dist: 2.9804226962160967 vs. 2.9804226962160967
list:
dist: 3.2241464939103435 vs. 3.2241464939103435
list:
dist: 3.2063039671662854 vs. 3.2063039671662854
list:
dist: 2.514334793406648 vs. 2.514334793406648
list:
dist: 2.417445847935725 vs. 2.417445847935725
list:
dist: 3.3451640833595273 vs. 3.3451640833595273
list:
dist: 2.193154802563256 vs. 2.193154802563256
list:
dist: 2.3716871692873602 vs. 2.3716871692873602
list:
dist: 1.646351810982432 vs. 1.646351810982432
list:
dist: 1.8143154317961905 vs. 1.8143154317961905
list:
dist: 1.4362991817999045 vs. 1.4362991817999045
list:
dist: 2.9703770778381484 vs. 2.9703770778381484
list:
dist: 3.355975670904238 vs. 3.355975670904238
list:
dist: 3.5925276881455246 vs. 3.5925276881455246
list:
dist: 3.5460458053675787 vs. 3.5460458053675787
list:
dist: 2.4239807814868 vs. 2.4239807814868
list:
dist: 2.010966969242402 vs. 2.010966969242402
list:
dist: 2.759822436104032 vs. 2.759822436104032
list:
dist: 1.7246033350225718 vs. 1.7246033350225718
list:
dist: 2.139139006368624 vs. 2.139139006368624
list:
dist: 0.8823733264084624 vs. 0.8823733264084624
list:
dist: 1.2093617019871379 vs. 1.2093617019871379
list:
dist: 2.566792475240759 vs. 2.566792475240759
list:
dist: 3.3151803542270297 vs. 3.3151803542270297
list:
dist: 3.1529524412905228 vs. 3.1529524412905228
list:
dist: 3.3503217999478703 vs. 3.3503217999478703
list:
dist: 3.873115786383733 vs. 3.873115786383733
list:
dist: 3.700554256929978 vs. 3.700554256929978
list:
dist: 3.6128985583914552 vs. 3.6128985583914552
list:
dist: 3.4194849500174938 vs. 3.4194849500174938
list:
dist: 2.969993427705876 vs. 2.969993427705876
list:
dist: 3.3183550701129296 vs. 3.3183550701129296
list:
dist: 2.9316470886929613 vs. 2.9316470886929613
list:
dist: 2.539269430700689 vs. 2.539269430700689
list:
dist: 3.8917642391638907 vs. 3.8917642391638907
list:
dist: 3.9087303473802244 vs. 3.9087303473802244
list:
dist: 3.6075249968012266 vs. 3.6075249968012266
list:
dist: 2.81163225285052 vs. 2.81163225285052
list:
dist: 2.953752910976159 vs. 2.953752910976159
list:
dist: 3.872545826388769 vs. 3.872545826388769
list:
dist: 3.788316447573237 vs. 3.788316447573237
list:
dist: 3.443874319182797 vs. 3.443874319182797
list:
dist: 4.038975748602767 vs. 4.038975748602767
list:
dist: 2.9543193325450186 vs. 2.9543193325450186
list:
dist: 0.6840988892239287 vs. 0.6840988892239287
list:
dist: 1.653595461449706 vs. 1.653595461449706
list:
dist: 2.067012848206333 vs. 2.067012848206333
list:
dist: 1.7393786171080352 vs. 1.7393786171080352
list:
dist: 1.7246033350225718 vs. 1.7246033350225718
list:
dist: 1.591281537247636 vs. 1.591281537247636
list:
dist: 1.7339561165864648 vs. 1.7339561165864648
list:
dist: 1.8752163312309664 vs. 1.8752163312309664
list:
dist: 2.131435116317851 vs. 2.131435116317851
list:
dist: 2.788258615159401 vs. 2.788258615159401
list:
dist: 2.729367614505262 vs. 2.729367614505262
list:
dist: 2.900102655898902 vs. 2.900102655898902
list:
dist: 2.713840136821465 vs. 2.713840136821465
list:
dist: 2.2576003606324644 vs. 2.2576003606324644
list:
dist: 3.33018391685714 vs. 3.33018391685714
list:
dist: 2.9625526648100595 vs. 2.9625526648100595
list:
dist: 1.93446277892375 vs. 1.93446277892375
list:
dist: 3.5807417135960247 vs. 3.5807417135960247
list:
dist: 3.4549204666071964 vs. 3.4549204666071964
list:
dist: 3.930984614883666 vs. 3.930984614883666
list:
dist: 3.1426395370596447 vs. 3.1426395370596447
list:
dist: 3.33028532389204 vs. 3.33028532389204
list:
dist: 3.6401367867043812 vs. 3.6401367867043812
list:
dist: 2.788258615159401 vs. 2.788258615159401
list:
dist: 3.2209667946340694 vs. 3.2209667946340694
list:
dist: 3.743319337866524 vs. 3.743319337866524
list:
dist: 3.873115786383733 vs. 3.873115786383733
list:
dist: 4.073851945265751 vs. 4.073851945265751
list:
dist: 2.064591867722464 vs. 2.064591867722464
list:
dist: 2.8987329525243486 vs. 2.8987329525243486
list:
dist: 0.8658961332305034 vs. 0.8658961332305034
list:
dist: 2.1036882901174327 vs. 2.1036882901174327
list:
dist: 2.6428022066020658 vs. 2.6428022066020658
list:
dist: 2.027713676906381 vs. 2.027713676906381
list:
dist: 1.6986845913171973 vs. 1.6986845913171973
list:
dist: 3.107983315105435 vs. 3.107983315105435
list:
dist: 2.8854398200720826 vs. 2.8854398200720826
list:
dist: 1.5534689473394618 vs. 1.5534689473394618
list:
dist: 2.625625367531999 vs. 2.625625367531999
list:
dist: 2.4766546647196814 vs. 2.4766546647196814
list:
dist: 2.8892791744023048 vs. 2.8892791744023048
list:
dist: 3.0709876678655825 vs. 3.0709876678655825
list:
dist: 1.517852550642103 vs. 1.517852550642103
list:
dist: 1.4726329358894155 vs. 1.4726329358894155
list:
dist: 1.653595461449706 vs. 1.653595461449706
list:
dist: 2.08080449851709 vs. 2.08080449851709
list:
dist: 2.31344130594066 vs. 2.31344130594066
list:
dist: 2.759822436104032 vs. 2.759822436104032
list:
dist: 1.7994683055432938 vs. 1.7994683055432938
list:
dist: 3.030296709575507 vs. 3.030296709575507
list:
dist: 1.7690133622502178 vs. 1.7690133622502178
list:
dist: 1.0423498517442424 vs. 1.0423498517442424
list:
dist: 2.7934668753672667 vs. 2.7934668753672667
list:
dist: 3.6401367867043812 vs. 3.6401367867043812
list:
dist: 2.612150548579958 vs. 2.612150548579958
list:
dist: 2.6385141640416894 vs. 2.6385141640416894
list:
dist: 2.8729014068972094 vs. 2.8729014068972094
list:
dist: 2.732961972119306 vs. 2.732961972119306
list:
dist: 3.541873122666229 vs. 3.541873122666229
list:
dist: 3.312712279155305 vs. 3.312712279155305
list:
dist: 2.8645316369145197 vs. 2.8645316369145197
list:
dist: 3.5864566175218506 vs. 3.5864566175218506
list:
dist: 4.017874208810667 vs. 4.017874208810667
list:
dist: 3.5057241031327053 vs. 3.5057241031327053
list:
dist: 3.2896395784856454 vs. 3.2896395784856454
list:
dist: 2.4568379215380363 vs. 2.4568379215380363
list:
dist: 3.94214636873541 vs. 3.94214636873541
list:
dist: 2.0758059683915215 vs. 2.0758059683915215
list:
dist: 2.31344130594066 vs. 2.31344130594066
list:
dist: 1.7393786171080352 vs. 1.7393786171080352
list:
dist: 1.334583970979647 vs. 1.334583970979647
list:
dist: 0.8823733264084624 vs. 0.8823733264084624
list:
dist: 0.8547235316806774 vs. 0.8547235316806774
list:
dist: 1.7815072358807928 vs. 1.7815072358807928
list:
dist: 3.0071306894122407 vs. 3.0071306894122407
list:
dist: 2.61892461617401 vs. 2.61892461617401
list:
dist: 3.11029694860937 vs. 3.11029694860937
list:
dist: 3.743319337866524 vs. 3.743319337866524
list:
dist: 3.118765579026984 vs. 3.118765579026984
list:
dist: 2.9218984438463056 vs. 2.9218984438463056
list:
dist: 2.8520397730270086 vs. 2.8520397730270086
list:
dist: 2.5136070484515343 vs. 2.5136070484515343
list:
dist: 2.6669585541845953 vs. 2.6669585541845953
list:
dist: 2.3221457867252004 vs. 2.3221457867252004
list:
dist: 2.289453740587834 vs. 2.289453740587834
list:
dist: 3.0746311718698944 vs. 3.0746311718698944
list:
dist: 3.161380991801435 vs. 3.161380991801435
list:
dist: 2.7731880784429377 vs. 2.7731880784429377
list:
dist: 2.1044931416804817 vs. 2.1044931416804817
list:
dist: 2.0853180301749603 vs. 2.0853180301749603
list:
dist: 3.2259659856302356 vs. 3.2259659856302356
list:
dist: 3.252496440451262 vs. 3.252496440451262
list:
dist: 3.1215213835175732 vs. 3.1215213835175732
list:
dist: 3.5211626609705564 vs. 3.5211626609705564
list:
dist: 2.3777533420746333 vs. 2.3777533420746333
list:
dist: 1.4726329358894155 vs. 1.4726329358894155
list:
dist: 0.6840988892239287 vs. 0.6840988892239287
list:
dist: 2.503077738731138 vs. 2.503077738731138
list:
dist: 2.0758059683915215 vs. 2.0758059683915215
list:
dist: 2.010966969242402 vs. 2.010966969242402
list:
dist: 1.6329871203665467 vs. 1.6329871203665467
list:
dist: 1.9671772418014 vs. 1.9671772418014
list:
dist: 2.006833467414405 vs. 2.006833467414405
list:
dist: 2.656031901247076 vs. 2.656031901247076
list:
dist: 3.33028532389204 vs. 3.33028532389204
list:
dist: 3.1851941794291463 vs. 3.1851941794291463
list:
dist: 3.3510930238569663 vs. 3.3510930238569663
list:
dist: 3.263268453547478 vs. 3.263268453547478
list:
dist: 2.860396157272149 vs. 2.860396157272149
list:
dist: 3.9056187115778425 vs. 3.9056187115778425
list:
dist: 3.556125789031723 vs. 3.556125789031723
list:
dist: 2.601546095810396 vs. 2.601546095810396
list:
dist: 3.9056187115778425 vs. 3.9056187115778425
list:
dist: 3.541873122666229 vs. 3.541873122666229
list:
dist: 3.33018391685714 vs. 3.33018391685714
list:
dist: 1.6382159266698324 vs. 1.6382159266698324
list:
dist: 2.6669585541845953 vs. 2.6669585541845953
list:
dist: 3.3183550701129296 vs. 3.3183550701129296
list:
dist: 3.29615514747732 vs. 3.29615514747732
list:
dist: 2.514334793406648 vs. 2.514334793406648
list:
dist: 3.260267664483726 vs. 3.260267664483726
list:
dist: 2.970416231852608 vs. 2.970416231852608
list:
dist: 2.7106049361742897 vs. 2.7106049361742897
list:
dist: 3.107983315105435 vs. 3.107983315105435
list:
dist: 1.954677973048759 vs. 1.954677973048759
list:
dist: 1.5300677651824397 vs. 1.5300677651824397
list:
dist: 1.391814026323367 vs. 1.391814026323367
list:
dist: 1.5689227377406183 vs. 1.5689227377406183
list:
dist: 0.4219813586877722 vs. 0.4219813586877722
list:
dist: 1.9561409467812245 vs. 1.9561409467812245
list:
dist: 1.2527689075029869 vs. 1.2527689075029869
list:
dist: 1.0099694367972147 vs. 1.0099694367972147
list:
dist: 1.5029832689638727 vs. 1.5029832689638727
list:
dist: 0.7399570229185607 vs. 0.7399570229185607
list:
dist: 1.6437098846090632 vs. 1.6437098846090632
list:
dist: 0.5624554024155086 vs. 0.5624554024155086
list:
dist: 0.8597069423944236 vs. 0.8597069423944236
list:
dist: 1.448143705652554 vs. 1.448143705652554
list:
dist: 1.052163282949972 vs. 1.052163282949972
list:
dist: 0.5099716334583037 vs. 0.5099716334583037
list:
dist: 2.6146025038877463 vs. 2.6146025038877463
list:
dist: 3.4549204666071964 vs. 3.4549204666071964
list:
dist: 2.5270054913482136 vs. 2.5270054913482136
list:
dist: 3.1215213835175732 vs. 3.1215213835175732
list:
dist: 3.443874319182797 vs. 3.443874319182797
list:
dist: 3.85056616210526 vs. 3.85056616210526
list:
dist: 3.5925276881455246 vs. 3.5925276881455246
list:
dist: 2.4765113492937467 vs. 2.4765113492937467
list:
dist: 2.4766546647196814 vs. 2.4766546647196814
list:
dist: 2.4791589893073307 vs. 2.4791589893073307
list:
dist: 2.420982949962258 vs. 2.420982949962258
list:
dist: 1.8378381321475368 vs. 1.8378381321475368
list:
dist: 1.678146153817379 vs. 1.678146153817379
list:
dist: 1.448143705652554 vs. 1.448143705652554
list:
dist: 1.3091954484373092 vs. 1.3091954484373092
list:
dist: 1.628805603174898 vs. 1.628805603174898
list:
dist: 2.688361041556066 vs. 2.688361041556066
list:
dist: 2.310875711307939 vs. 2.310875711307939
list:
dist: 2.912302035743744 vs. 2.912302035743744
list:
dist: 1.8687335623357413 vs. 1.8687335623357413
list:
dist: 2.931660720133766 vs. 2.931660720133766
list:
dist: 1.5383062933955711 vs. 1.5383062933955711
list:
dist: 1.0191666646586681 vs. 1.0191666646586681
list:
dist: 1.0194854104844113 vs. 1.0194854104844113
list:
dist: 1.2268706975173491 vs. 1.2268706975173491
list:
dist: 2.652602171600715 vs. 2.652602171600715
list:
dist: 3.1426395370596447 vs. 3.1426395370596447
list:
dist: 1.5759723510164554 vs. 1.5759723510164554
list:
dist: 2.3777533420746333 vs. 2.3777533420746333
list:
dist: 2.9543193325450186 vs. 2.9543193325450186
list:
dist: 3.087891682180292 vs. 3.087891682180292
list:
dist: 2.4239807814868 vs. 2.4239807814868
list:
dist: 2.7065787444190708 vs. 2.7065787444190708
list:
dist: 3.0709876678655825 vs. 3.0709876678655825
list:
dist: 2.211381326951097 vs. 2.211381326951097
list:
dist: 1.8642656315917427 vs. 1.8642656315917427
list:
dist: 1.6050778177783425 vs. 1.6050778177783425
list:
dist: 1.5901203872883554 vs. 1.5901203872883554
list:
dist: 0.5099716334583037 vs. 0.5099716334583037
list:
dist: 0.3125549108183292 vs. 0.3125549108183292
list:
dist: 1.7765527366441407 vs. 1.7765527366441407
list:
dist: 1.6363201877747966 vs. 1.6363201877747966
list:
dist: 1.3282298972724247 vs. 1.3282298972724247
list:
dist: 1.7338327059234004 vs. 1.7338327059234004
list:
dist: 0.6442299656864937 vs. 0.6442299656864937
list:
dist: 1.8011873967912493 vs. 1.8011873967912493
list:
dist: 0.9904311877114254 vs. 0.9904311877114254
list:
dist: 1.0624525449502578 vs. 1.0624525449502578
list:
dist: 1.2268706975173491 vs. 1.2268706975173491
list:
dist: 1.2161888977316033 vs. 1.2161888977316033
list:
dist: 2.826986123221684 vs. 2.826986123221684
list:
dist: 3.263268453547478 vs. 3.263268453547478
list:
dist: 2.8729014068972094 vs. 2.8729014068972094
list:
dist: 2.713840136821465 vs. 2.713840136821465
list:
dist: 1.7432803561538972 vs. 1.7432803561538972
list:
dist: 2.8520397730270086 vs. 2.8520397730270086
list:
dist: 3.4194849500174938 vs. 3.4194849500174938
list:
dist: 3.2530625454003084 vs. 3.2530625454003084
list:
dist: 3.2241464939103435 vs. 3.2241464939103435
list:
dist: 2.055397147343974 vs. 2.055397147343974
list:
dist: 2.030023721952435 vs. 2.030023721952435
list:
dist: 1.5050186232322116 vs. 1.5050186232322116
list:
dist: 2.027713676906381 vs. 2.027713676906381
list:
dist: 0.6565800750259806 vs. 0.6565800750259806
list:
dist: 0.7243898330523226 vs. 0.7243898330523226
list:
dist: 0.6016855031657747 vs. 0.6016855031657747
list:
dist: 1.391814026323367 vs. 1.391814026323367
list:
dist: 1.3144414978148937 vs. 1.3144414978148937
list:
dist: 1.342152906417375 vs. 1.342152906417375
list:
dist: 2.0839510393930083 vs. 2.0839510393930083
list:
dist: 2.20596877461893 vs. 2.20596877461893
list:
dist: 2.4339194542435565 vs. 2.4339194542435565
list:
dist: 1.824546425884345 vs. 1.824546425884345
list:
dist: 1.9974007857126381 vs. 1.9974007857126381
list:
dist: 1.5100014770072694 vs. 1.5100014770072694
list:
dist: 1.2557911037104579 vs. 1.2557911037104579
list:
dist: 1.8378381321475368 vs. 1.8378381321475368
list:
dist: 1.6445346175059865 vs. 1.6445346175059865
list:
dist: 1.6050778177783425 vs. 1.6050778177783425
list:
dist: 1.283505723074183 vs. 1.283505723074183
list:
dist: 1.6329871203665467 vs. 1.6329871203665467
list:
dist: 1.7994683055432938 vs. 1.7994683055432938
list:
dist: 1.591281537247636 vs. 1.591281537247636
list:
dist: 1.7309983231196837 vs. 1.7309983231196837
list:
dist: 0.8547235316806774 vs. 0.8547235316806774
list:
dist: 1.2093617019871379 vs. 1.2093617019871379
list:
dist: 2.073605783961211 vs. 2.073605783961211
list:
dist: 2.9159109683713615 vs. 2.9159109683713615
list:
dist: 2.4220491113645584 vs. 2.4220491113645584
list:
dist: 3.354908830376407 vs. 3.354908830376407
list:
dist: 4.073851945265751 vs. 4.073851945265751
list:
dist: 3.3614255265269755 vs. 3.3614255265269755
list:
dist: 3.2093534575543456 vs. 3.2093534575543456
list:
dist: 3.2530625454003084 vs. 3.2530625454003084
list:
dist: 2.9455833165881775 vs. 2.9455833165881775
list:
dist: 3.29615514747732 vs. 3.29615514747732
list:
dist: 2.978043176196512 vs. 2.978043176196512
list:
dist: 2.7804136189963033 vs. 2.7804136189963033
list:
dist: 3.5199739365541713 vs. 3.5199739365541713
list:
dist: 3.7379371541930673 vs. 3.7379371541930673
list:
dist: 3.211335966247168 vs. 3.211335966247168
list:
dist: 2.759135934076525 vs. 2.759135934076525
list:
dist: 2.361444071795317 vs. 2.361444071795317
list:
dist: 3.8353843552625912 vs. 3.8353843552625912
list:
dist: 3.8797234707201955 vs. 3.8797234707201955
list:
dist: 3.85056616210526 vs. 3.85056616210526
list:
dist: 4.186401923977653 vs. 4.186401923977653
list:
dist: 3.087891682180292 vs. 3.087891682180292
list:
dist: 3.3510930238569663 vs. 3.3510930238569663
list:
dist: 2.6385141640416894 vs. 2.6385141640416894
list:
dist: 2.900102655898902 vs. 2.900102655898902
list:
dist: 1.6479261830247864 vs. 1.6479261830247864
list:
dist: 2.9218984438463056 vs. 2.9218984438463056
list:
dist: 3.6128985583914552 vs. 3.6128985583914552
list:
dist: 3.2093534575543456 vs. 3.2093534575543456
list:
dist: 2.9804226962160967 vs. 2.9804226962160967
list:
dist: 2.147160593179909 vs. 2.147160593179909
list:
dist: 1.7844770869193134 vs. 1.7844770869193134
list:
dist: 2.009422415683425 vs. 2.009422415683425
list:
dist: 2.6428022066020658 vs. 2.6428022066020658
list:
dist: 0.6519976975827286 vs. 0.6519976975827286
list:
dist: 0.7243898330523226 vs. 0.7243898330523226
list:
dist: 1.217546839340103 vs. 1.217546839340103
list:
dist: 1.5300677651824397 vs. 1.5300677651824397
list:
dist: 1.561100211998168 vs. 1.561100211998168
list:
dist: 1.9387624652825257 vs. 1.9387624652825257
list:
dist: 1.7234041052471474 vs. 1.7234041052471474
list:
dist: 2.052597677795214 vs. 2.052597677795214
list:
dist: 2.0914854538839784 vs. 2.0914854538839784
list:
dist: 1.8512935099893408 vs. 1.8512935099893408
list:
dist: 1.59710788926691 vs. 1.59710788926691
list:
dist: 1.6252193329029683 vs. 1.6252193329029683
list:
dist: 1.6629976907861483 vs. 1.6629976907861483
list:
dist: 2.420982949962258 vs. 2.420982949962258
list:
dist: 2.022935857739539 vs. 2.022935857739539
list:
dist: 1.8642656315917427 vs. 1.8642656315917427
list:
dist: 1.6011931680091012 vs. 1.6011931680091012
list:
dist: 3.5864566175218506 vs. 3.5864566175218506
list:
dist: 1.9060497659966993 vs. 1.9060497659966993
list:
dist: 3.0746311718698944 vs. 3.0746311718698944
list:
dist: 3.8917642391638907 vs. 3.8917642391638907
list:
dist: 3.5199739365541713 vs. 3.5199739365541713
list:
dist: 2.193154802563256 vs. 2.193154802563256
list:
dist: 3.093031853902638 vs. 3.093031853902638
list:
dist: 2.360648425542606 vs. 2.360648425542606
list:
dist: 1.7234041052471474 vs. 1.7234041052471474
list:
dist: 2.0839510393930083 vs. 2.0839510393930083
list:
dist: 2.4482608332229936 vs. 2.4482608332229936
list:
dist: 1.2527689075029869 vs. 1.2527689075029869
list:
dist: 1.5500579018887233 vs. 1.5500579018887233
list:
dist: 2.976297016311557 vs. 2.976297016311557
list:
dist: 0.665906854648639 vs. 0.665906854648639
list:
dist: 0.6046188429862608 vs. 0.6046188429862608
list:
dist: 1.272480434161711 vs. 1.272480434161711
list:
dist: 1.235384794014342 vs. 1.235384794014342
list:
dist: 1.2953069376671456 vs. 1.2953069376671456
list:
dist: 1.9157565794697464 vs. 1.9157565794697464
list:
dist: 2.688361041556066 vs. 2.688361041556066
list:
dist: 2.0472005229810906 vs. 2.0472005229810906
list:
dist: 1.6363201877747966 vs. 1.6363201877747966
list:
dist: 3.211528977052005 vs. 3.211528977052005
list:
dist: 3.5057241031327053 vs. 3.5057241031327053
list:
dist: 1.7690446792935874 vs. 1.7690446792935874
list:
dist: 2.7731880784429377 vs. 2.7731880784429377
list:
dist: 3.6075249968012266 vs. 3.6075249968012266
list:
dist: 3.211335966247168 vs. 3.211335966247168
list:
dist: 1.646351810982432 vs. 1.646351810982432
list:
dist: 3.185389027869089 vs. 3.185389027869089
list:
dist: 2.7237582705831045 vs. 2.7237582705831045
list:
dist: 2.0914854538839784 vs. 2.0914854538839784
list:
dist: 2.4339194542435565 vs. 2.4339194542435565
list:
dist: 2.693812514997436 vs. 2.693812514997436
list:
dist: 1.5029832689638727 vs. 1.5029832689638727
list:
dist: 1.6966704836071735 vs. 1.6966704836071735
list:
dist: 3.1228758116692723 vs. 3.1228758116692723
list:
dist: 0.6046188429862608 vs. 0.6046188429862608
list:
dist: 0.9079338979104198 vs. 0.9079338979104198
list:
dist: 1.1936805089736726 vs. 1.1936805089736726
list:
dist: 1.0492597464402724 vs. 1.0492597464402724
list:
dist: 1.7086553874984565 vs. 1.7086553874984565
list:
dist: 2.2983837024710176 vs. 2.2983837024710176
list:
dist: 2.912302035743744 vs. 2.912302035743744
list:
dist: 2.429157400209368 vs. 2.429157400209368
list:
dist: 1.7338327059234004 vs. 1.7338327059234004
list:
dist: 3.6303643109004446 vs. 3.6303643109004446
list:
dist: 2.601546095810396 vs. 2.601546095810396
list:
dist: 2.8645316369145197 vs. 2.8645316369145197
list:
dist: 1.93446277892375 vs. 1.93446277892375
list:
dist: 1.8283748722350701 vs. 1.8283748722350701
list:
dist: 2.289453740587834 vs. 2.289453740587834
list:
dist: 2.539269430700689 vs. 2.539269430700689
list:
dist: 2.7804136189963033 vs. 2.7804136189963033
list:
dist: 3.3451640833595273 vs. 3.3451640833595273
list:
dist: 2.0005469686076323 vs. 2.0005469686076323
list:
dist: 2.3275271471161343 vs. 2.3275271471161343
list:
dist: 1.1575472153676774 vs. 1.1575472153676774
list:
dist: 1.5534689473394618 vs. 1.5534689473394618
list:
dist: 1.7350985172414766 vs. 1.7350985172414766
list:
dist: 1.9387624652825257 vs. 1.9387624652825257
list:
dist: 1.342152906417375 vs. 1.342152906417375
list:
dist: 0.7466944712482952 vs. 0.7466944712482952
list:
dist: 1.9561409467812245 vs. 1.9561409467812245
list:
dist: 1.6078806954778737 vs. 1.6078806954778737
list:
dist: 2.976297016311557 vs. 2.976297016311557
list:
dist: 2.942112785511341 vs. 2.942112785511341
list:
dist: 3.1228758116692723 vs. 3.1228758116692723
list:
dist: 2.1086153448236447 vs. 2.1086153448236447
list:
dist: 2.5707779159813966 vs. 2.5707779159813966
list:
dist: 2.29045157018863 vs. 2.29045157018863
list:
dist: 1.852527884906888 vs. 1.852527884906888
list:
dist: 1.628805603174898 vs. 1.628805603174898
list:
dist: 2.1692703685489905 vs. 2.1692703685489905
list:
dist: 1.7765527366441407 vs. 1.7765527366441407
list:
dist: 1.9675880409219888 vs. 1.9675880409219888
list:
dist: 3.556125789031723 vs. 3.556125789031723
list:
dist: 3.312712279155305 vs. 3.312712279155305
list:
dist: 2.9625526648100595 vs. 2.9625526648100595
list:
dist: 1.3907336325354507 vs. 1.3907336325354507
list:
dist: 2.3221457867252004 vs. 2.3221457867252004
list:
dist: 2.9316470886929613 vs. 2.9316470886929613
list:
dist: 2.978043176196512 vs. 2.978043176196512
list:
dist: 2.417445847935725 vs. 2.417445847935725
list:
dist: 3.0299449522378255 vs. 3.0299449522378255
list:
dist: 2.7936020938191213 vs. 2.7936020938191213
list:
dist: 2.4681332974720616 vs. 2.4681332974720616
list:
dist: 2.8854398200720826 vs. 2.8854398200720826
list:
dist: 1.9069580813125657 vs. 1.9069580813125657
list:
dist: 1.561100211998168 vs. 1.561100211998168
list:
dist: 1.3144414978148937 vs. 1.3144414978148937
list:
dist: 1.3303749700939804 vs. 1.3303749700939804
list:
dist: 0.4219813586877722 vs. 0.4219813586877722
list:
dist: 1.6078806954778737 vs. 1.6078806954778737
list:
dist: 1.5500579018887233 vs. 1.5500579018887233
list:
dist: 1.3620266706693747 vs. 1.3620266706693747
list:
dist: 1.6966704836071735 vs. 1.6966704836071735
list:
dist: 0.666972963392975 vs. 0.666972963392975
list:
dist: 1.6296523367597584 vs. 1.6296523367597584
list:
dist: 0.9455137494986924 vs. 0.9455137494986924
list:
dist: 0.9905068110770658 vs. 0.9905068110770658
list:
dist: 1.3091954484373092 vs. 1.3091954484373092
list:
dist: 1.2355408173883038 vs. 1.2355408173883038
list:
dist: 0.3125549108183292 vs. 0.3125549108183292
list:
dist: 2.560845605869776 vs. 2.560845605869776
list:
dist: 2.503077738731138 vs. 2.503077738731138
list:
dist: 2.08080449851709 vs. 2.08080449851709
list:
dist: 2.067012848206333 vs. 2.067012848206333
list:
dist: 1.334583970979647 vs. 1.334583970979647
list:
dist: 2.139139006368624 vs. 2.139139006368624
list:
dist: 1.7309983231196837 vs. 1.7309983231196837
list:
dist: 1.6358959655009755 vs. 1.6358959655009755
list:
dist: 2.4586770997690937 vs. 2.4586770997690937
list:
dist: 1.8937442683153634 vs. 1.8937442683153634
list:
dist: 2.510119543086037 vs. 2.510119543086037
list:
dist: 3.2209667946340694 vs. 3.2209667946340694
list:
dist: 1.9846749564437192 vs. 1.9846749564437192
list:
dist: 1.6479261830247864 vs. 1.6479261830247864
list:
dist: 1.7432803561538972 vs. 1.7432803561538972
list:
dist: 1.6354347585524378 vs. 1.6354347585524378
list:
dist: 1.6382159266698324 vs. 1.6382159266698324
list:
dist: 1.3907336325354507 vs. 1.3907336325354507
list:
dist: 1.8283748722350701 vs. 1.8283748722350701
list:
dist: 1.9060497659966993 vs. 1.9060497659966993
list:
dist: 2.127136130550941 vs. 2.127136130550941
list:
dist: 1.7690446792935874 vs. 1.7690446792935874
list:
dist: 1.227420236292783 vs. 1.227420236292783
list:
dist: 0.9355558825939649 vs. 0.9355558825939649
list:
dist: 2.1440324772282526 vs. 2.1440324772282526
list:
dist: 2.268166816091254 vs. 2.268166816091254
list:
dist: 2.5270054913482136 vs. 2.5270054913482136
list:
dist: 2.583977332400959 vs. 2.583977332400959
list:
dist: 1.5759723510164554 vs. 1.5759723510164554
list:
dist: 2.006833467414405 vs. 2.006833467414405
list:
dist: 1.0423498517442424 vs. 1.0423498517442424
list:
dist: 1.8752163312309664 vs. 1.8752163312309664
list:
dist: 1.8937442683153634 vs. 1.8937442683153634
list:
dist: 2.61892461617401 vs. 2.61892461617401
list:
dist: 3.1529524412905228 vs. 3.1529524412905228
list:
dist: 2.4220491113645584 vs. 2.4220491113645584
list:
dist: 3.2185724016411834 vs. 3.2185724016411834
list:
dist: 1.0789046857990814 vs. 1.0789046857990814
list:
dist: 2.03949857715576 vs. 2.03949857715576
list:
dist: 2.8987329525243486 vs. 2.8987329525243486
list:
dist: 1.6429568301759394 vs. 1.6429568301759394
list:
dist: 1.7844770869193134 vs. 1.7844770869193134
list:
dist: 2.030023721952435 vs. 2.030023721952435
list:
dist: 2.0014308380913968 vs. 2.0014308380913968
list:
dist: 2.970416231852608 vs. 2.970416231852608
list:
dist: 2.7936020938191213 vs. 2.7936020938191213
list:
dist: 2.3275271471161343 vs. 2.3275271471161343
list:
dist: 3.093031853902638 vs. 3.093031853902638
list:
dist: 3.5221014261943964 vs. 3.5221014261943964
list:
dist: 3.185389027869089 vs. 3.185389027869089
list:
dist: 2.929209419032879 vs. 2.929209419032879
list:
dist: 2.2026997019000008 vs. 2.2026997019000008
list:
dist: 3.272226372735181 vs. 3.272226372735181
list:
dist: 2.2948811052237352 vs. 2.2948811052237352
list:
dist: 2.4568379215380363 vs. 2.4568379215380363
list:
dist: 0.9355558825939649 vs. 0.9355558825939649
list:
dist: 2.0853180301749603 vs. 2.0853180301749603
list:
dist: 2.953752910976159 vs. 2.953752910976159
list:
dist: 2.361444071795317 vs. 2.361444071795317
list:
dist: 1.4362991817999045 vs. 1.4362991817999045
list:
dist: 2.2026997019000008 vs. 2.2026997019000008
list:
dist: 2.151557752636484 vs. 2.151557752636484
list:
dist: 1.59710788926691 vs. 1.59710788926691
list:
dist: 1.9974007857126381 vs. 1.9974007857126381
list:
dist: 2.1606376601185686 vs. 2.1606376601185686
list:
dist: 1.6437098846090632 vs. 1.6437098846090632
list:
dist: 1.6296523367597584 vs. 1.6296523367597584
list:
dist: 2.5707779159813966 vs. 2.5707779159813966
list:
dist: 1.235384794014342 vs. 1.235384794014342
list:
dist: 1.6746841404744153 vs. 1.6746841404744153
list:
dist: 1.0492597464402724 vs. 1.0492597464402724
list:
dist: 1.2679498900756567 vs. 1.2679498900756567
list:
dist: 2.016011333221881 vs. 2.016011333221881
list:
dist: 2.3889763206823007 vs. 2.3889763206823007
list:
dist: 2.931660720133766 vs. 2.931660720133766
list:
dist: 2.6599007378224675 vs. 2.6599007378224675
list:
dist: 1.8011873967912493 vs. 1.8011873967912493
list:
dist: 3.1368597563888683 vs. 3.1368597563888683
list:
dist: 2.656031901247076 vs. 2.656031901247076
list:
dist: 2.7934668753672667 vs. 2.7934668753672667
list:
dist: 2.131435116317851 vs. 2.131435116317851
list:
dist: 2.510119543086037 vs. 2.510119543086037
list:
dist: 3.11029694860937 vs. 3.11029694860937
list:
dist: 3.3503217999478703 vs. 3.3503217999478703
list:
dist: 3.354908830376407 vs. 3.354908830376407
list:
dist: 1.285937122608764 vs. 1.285937122608764
list:
dist: 2.03949857715576 vs. 2.03949857715576
list:
dist: 0.8658961332305034 vs. 0.8658961332305034
list:
dist: 1.4716780348081926 vs. 1.4716780348081926
list:
dist: 2.009422415683425 vs. 2.009422415683425
list:
dist: 1.5050186232322116 vs. 1.5050186232322116
list:
dist: 1.1502322038966504 vs. 1.1502322038966504
list:
dist: 2.7106049361742897 vs. 2.7106049361742897
list:
dist: 2.4681332974720616 vs. 2.4681332974720616
list:
dist: 1.1575472153676774 vs. 1.1575472153676774
list:
dist: 2.4369385589174515 vs. 2.4369385589174515
list:
dist: 2.4765113492937467 vs. 2.4765113492937467
list:
dist: 2.7790602222798806 vs. 2.7790602222798806
list:
dist: 2.7065787444190708 vs. 2.7065787444190708
list:
dist: 1.2415620783338162 vs. 1.2415620783338162
list:
dist: 3.2896395784856454 vs. 3.2896395784856454
list:
dist: 1.227420236292783 vs. 1.227420236292783
list:
dist: 2.1044931416804817 vs. 2.1044931416804817
list:
dist: 2.81163225285052 vs. 2.81163225285052
list:
dist: 2.759135934076525 vs. 2.759135934076525
list:
dist: 1.8143154317961905 vs. 1.8143154317961905
list:
dist: 2.929209419032879 vs. 2.929209419032879
list:
dist: 2.3220580326306712 vs. 2.3220580326306712
list:
dist: 1.8512935099893408 vs. 1.8512935099893408
list:
dist: 1.824546425884345 vs. 1.824546425884345
list:
dist: 1.8654619053943784 vs. 1.8654619053943784
list:
dist: 0.7399570229185607 vs. 0.7399570229185607
list:
dist: 0.666972963392975 vs. 0.666972963392975
list:
dist: 2.1086153448236447 vs. 2.1086153448236447
list:
dist: 1.272480434161711 vs. 1.272480434161711
list:
dist: 1.1119894648263702 vs. 1.1119894648263702
list:
dist: 1.1936805089736726 vs. 1.1936805089736726
list:
dist: 1.2679498900756567 vs. 1.2679498900756567
list:
dist: 1.25432342571183 vs. 1.25432342571183
list:
dist: 1.5656770283838943 vs. 1.5656770283838943
list:
dist: 1.8687335623357413 vs. 1.8687335623357413
list:
dist: 1.7385989076764374 vs. 1.7385989076764374
list:
dist: 0.6442299656864937 vs. 0.6442299656864937
list:
dist: 3.106630672776281 vs. 3.106630672776281
list:
dist: 2.860396157272149 vs. 2.860396157272149
list:
dist: 2.732961972119306 vs. 2.732961972119306
list:
dist: 2.2576003606324644 vs. 2.2576003606324644
list:
dist: 1.6354347585524378 vs. 1.6354347585524378
list:
dist: 2.5136070484515343 vs. 2.5136070484515343
list:
dist: 2.969993427705876 vs. 2.969993427705876
list:
dist: 2.9455833165881775 vs. 2.9455833165881775
list:
dist: 3.2063039671662854 vs. 3.2063039671662854
list:
dist: 1.8559487066652407 vs. 1.8559487066652407
list:
dist: 2.0014308380913968 vs. 2.0014308380913968
list:
dist: 1.1502322038966504 vs. 1.1502322038966504
list:
dist: 1.6986845913171973 vs. 1.6986845913171973
list:
dist: 1.0338675010805134 vs. 1.0338675010805134
list:
dist: 1.217546839340103 vs. 1.217546839340103
list:
dist: 0.6016855031657747 vs. 0.6016855031657747
list:
dist: 1.5689227377406183 vs. 1.5689227377406183
list:
dist: 1.3303749700939804 vs. 1.3303749700939804
list:
dist: 0.7466944712482952 vs. 0.7466944712482952
list:
dist: 2.4482608332229936 vs. 2.4482608332229936
list:
dist: 2.5044176243932137 vs. 2.5044176243932137
list:
dist: 2.693812514997436 vs. 2.693812514997436
list:
dist: 1.8654619053943784 vs. 1.8654619053943784
list:
dist: 2.1606376601185686 vs. 2.1606376601185686
list:
dist: 1.822428479540778 vs. 1.822428479540778
list:
dist: 1.456851564927814 vs. 1.456851564927814
list:
dist: 1.678146153817379 vs. 1.678146153817379
list:
dist: 1.8345002694801054 vs. 1.8345002694801054
list:
dist: 1.5901203872883554 vs. 1.5901203872883554
list:
dist: 1.4630947109822658 vs. 1.4630947109822658
list:
dist: 3.94214636873541 vs. 3.94214636873541
list:
dist: 2.1440324772282526 vs. 2.1440324772282526
list:
dist: 3.2259659856302356 vs. 3.2259659856302356
list:
dist: 3.872545826388769 vs. 3.872545826388769
list:
dist: 3.8353843552625912 vs. 3.8353843552625912
list:
dist: 2.9703770778381484 vs. 2.9703770778381484
list:
dist: 3.272226372735181 vs. 3.272226372735181
list:
dist: 2.0337460912651246 vs. 2.0337460912651246
list:
dist: 1.6252193329029683 vs. 1.6252193329029683
list:
dist: 1.5100014770072694 vs. 1.5100014770072694
list:
dist: 1.822428479540778 vs. 1.822428479540778
list:
dist: 0.5624554024155086 vs. 0.5624554024155086
list:
dist: 0.9455137494986924 vs. 0.9455137494986924
list:
dist: 2.29045157018863 vs. 2.29045157018863
list:
dist: 1.2953069376671456 vs. 1.2953069376671456
list:
dist: 0.9889929624640901 vs. 0.9889929624640901
list:
dist: 1.7086553874984565 vs. 1.7086553874984565
list:
dist: 1.25432342571183 vs. 1.25432342571183
list:
dist: 2.016011333221881 vs. 2.016011333221881
list:
dist: 0.6809308414115752 vs. 0.6809308414115752
list:
dist: 1.5383062933955711 vs. 1.5383062933955711
list:
dist: 0.752751227913247 vs. 0.752751227913247
list:
dist: 0.9904311877114254 vs. 0.9904311877114254
list:
dist: 2.5806653207336474 vs. 2.5806653207336474
list:
dist: 3.1851941794291463 vs. 3.1851941794291463
list:
dist: 2.612150548579958 vs. 2.612150548579958
list:
dist: 2.729367614505262 vs. 2.729367614505262
list:
dist: 1.9846749564437192 vs. 1.9846749564437192
list:
dist: 3.118765579026984 vs. 3.118765579026984
list:
dist: 3.700554256929978 vs. 3.700554256929978
list:
dist: 3.3614255265269755 vs. 3.3614255265269755
list:
dist: 3.480376656930535 vs. 3.480376656930535
list:
dist: 1.6912256874147111 vs. 1.6912256874147111
list:
dist: 1.6429568301759394 vs. 1.6429568301759394
list:
dist: 1.4716780348081926 vs. 1.4716780348081926
list:
dist: 2.1036882901174327 vs. 2.1036882901174327
list:
dist: 0.6519976975827286 vs. 0.6519976975827286
list:
dist: 0.6565800750259806 vs. 0.6565800750259806
list:
dist: 1.0338675010805134 vs. 1.0338675010805134
list:
dist: 1.954677973048759 vs. 1.954677973048759
list:
dist: 1.9069580813125657 vs. 1.9069580813125657
list:
dist: 1.7350985172414766 vs. 1.7350985172414766
list:
dist: 2.360648425542606 vs. 2.360648425542606
list:
dist: 2.628526052978325 vs. 2.628526052978325
list:
dist: 2.7237582705831045 vs. 2.7237582705831045
list:
dist: 2.3220580326306712 vs. 2.3220580326306712
list:
dist: 2.151557752636484 vs. 2.151557752636484
list:
dist: 2.0337460912651246 vs. 2.0337460912651246
list:
dist: 1.856706098760973 vs. 1.856706098760973
list:
dist: 2.4791589893073307 vs. 2.4791589893073307
list:
dist: 2.2307415403006465 vs. 2.2307415403006465
list:
dist: 2.211381326951097 vs. 2.211381326951097
list:
dist: 1.0033055963830815 vs. 1.0033055963830815
list:
dist: 1.8575239351842128 vs. 1.8575239351842128
list:
dist: 2.2948811052237352 vs. 2.2948811052237352
list:
dist: 1.2415620783338162 vs. 1.2415620783338162
list:
dist: 1.517852550642103 vs. 1.517852550642103
list:
dist: 1.0033055963830815 vs. 1.0033055963830815
list:
dist: 1.6011931680091012 vs. 1.6011931680091012
list:
dist: 1.283505723074183 vs. 1.283505723074183
list:
dist: 1.4630947109822658 vs. 1.4630947109822658
list:
dist: 2.6146025038877463 vs. 2.6146025038877463
list:
dist: 2.560845605869776 vs. 2.560845605869776
list:
dist: 1.9675880409219888 vs. 1.9675880409219888
list:
dist: 3.211528977052005 vs. 3.211528977052005
list:
dist: 3.372963690576149 vs. 3.372963690576149
list:
dist: 3.6303643109004446 vs. 3.6303643109004446
list:
dist: 3.106630672776281 vs. 3.106630672776281
list:
dist: 3.1368597563888683 vs. 3.1368597563888683
list:
dist: 2.5806653207336474 vs. 2.5806653207336474
list:
dist: 2.189333824872372 vs. 2.189333824872372
list:
dist: 2.652602171600715 vs. 2.652602171600715
list:
dist: 2.5021192108919976 vs. 2.5021192108919976
list:
dist: 2.826986123221684 vs. 2.826986123221684
list:
dist: 4.017874208810667 vs. 4.017874208810667
list:
dist: 2.127136130550941 vs. 2.127136130550941
list:
dist: 3.161380991801435 vs. 3.161380991801435
list:
dist: 3.9087303473802244 vs. 3.9087303473802244
list:
dist: 3.7379371541930673 vs. 3.7379371541930673
list:
dist: 2.3716871692873602 vs. 2.3716871692873602
list:
dist: 3.5221014261943964 vs. 3.5221014261943964
list:
dist: 2.628526052978325 vs. 2.628526052978325
list:
dist: 2.052597677795214 vs. 2.052597677795214
list:
dist: 2.20596877461893 vs. 2.20596877461893
list:
dist: 2.5044176243932137 vs. 2.5044176243932137
list:
dist: 1.0099694367972147 vs. 1.0099694367972147
list:
dist: 1.3620266706693747 vs. 1.3620266706693747
list:
dist: 2.942112785511341 vs. 2.942112785511341
list:
dist: 0.665906854648639 vs. 0.665906854648639
list:
dist: 0.9079338979104198 vs. 0.9079338979104198
list:
dist: 1.1119894648263702 vs. 1.1119894648263702
list:
dist: 1.6746841404744153 vs. 1.6746841404744153
list:
dist: 0.9889929624640901 vs. 0.9889929624640901
list:
dist: 1.6468388710135826 vs. 1.6468388710135826
list:
dist: 2.310875711307939 vs. 2.310875711307939
list:
dist: 1.6698519925262345 vs. 1.6698519925262345
list:
dist: 1.3282298972724247 vs. 1.3282298972724247
list:
dist: 3.372963690576149 vs. 3.372963690576149
list:
dist: 3.930984614883666 vs. 3.930984614883666
list:
dist: 2.583977332400959 vs. 2.583977332400959
list:
dist: 3.5211626609705564 vs. 3.5211626609705564
list:
dist: 4.038975748602767 vs. 4.038975748602767
list:
dist: 4.186401923977653 vs. 4.186401923977653
list:
dist: 3.5460458053675787 vs. 3.5460458053675787
list:
dist: 2.7790602222798806 vs. 2.7790602222798806
list:
dist: 2.8892791744023048 vs. 2.8892791744023048
list:
dist: 2.2307415403006465 vs. 2.2307415403006465
list:
dist: 2.022935857739539 vs. 2.022935857739539
list:
dist: 1.6445346175059865 vs. 1.6445346175059865
list:
dist: 1.8345002694801054 vs. 1.8345002694801054
list:
dist: 1.052163282949972 vs. 1.052163282949972
list:
dist: 1.2355408173883038 vs. 1.2355408173883038
list:
dist: 2.1692703685489905 vs. 2.1692703685489905
list:
dist: 2.0472005229810906 vs. 2.0472005229810906
list:
dist: 1.6698519925262345 vs. 1.6698519925262345
list:
dist: 2.429157400209368 vs. 2.429157400209368
list:
dist: 1.7385989076764374 vs. 1.7385989076764374
list:
dist: 2.6599007378224675 vs. 2.6599007378224675
list:
dist: 0.752751227913247 vs. 0.752751227913247
list:
dist: 0.39424812743718324 vs. 0.39424812743718324
list:
dist: 1.0194854104844113 vs. 1.0194854104844113
list:
dist: 1.2161888977316033 vs. 1.2161888977316033
list:
dist: 2.5021192108919976 vs. 2.5021192108919976
list:
dist: 3.5807417135960247 vs. 3.5807417135960247
list:
dist: 2.268166816091254 vs. 2.268166816091254
list:
dist: 3.252496440451262 vs. 3.252496440451262
list:
dist: 3.788316447573237 vs. 3.788316447573237
list:
dist: 3.8797234707201955 vs. 3.8797234707201955
list:
dist: 3.355975670904238 vs. 3.355975670904238
list:
dist: 2.4369385589174515 vs. 2.4369385589174515
list:
dist: 2.625625367531999 vs. 2.625625367531999
list:
dist: 1.856706098760973 vs. 1.856706098760973
list:
dist: 1.6629976907861483 vs. 1.6629976907861483
list:
dist: 1.2557911037104579 vs. 1.2557911037104579
list:
dist: 1.456851564927814 vs. 1.456851564927814
list:
dist: 0.8597069423944236 vs. 0.8597069423944236
list:
dist: 0.9905068110770658 vs. 0.9905068110770658
list:
dist: 1.852527884906888 vs. 1.852527884906888
list:
dist: 1.9157565794697464 vs. 1.9157565794697464
list:
dist: 1.6468388710135826 vs. 1.6468388710135826
list:
dist: 2.2983837024710176 vs. 2.2983837024710176
list:
dist: 1.5656770283838943 vs. 1.5656770283838943
list:
dist: 2.3889763206823007 vs. 2.3889763206823007
list:
dist: 0.6809308414115752 vs. 0.6809308414115752
list:
dist: 1.0191666646586681 vs. 1.0191666646586681
list:
dist: 0.39424812743718324 vs. 0.39424812743718324
list:
dist: 1.0624525449502578 vs. 1.0624525449502578
list:
dist: 2.189333824872372 vs. 2.189333824872372
300
rk
<OccurredElementalReaction>
	 elmtlRkId: 0
	 p(id,type,coords) 11 1 1.4552906703897943 1.9324601649630833 -0.6669982575298562
</OccurredElementalReaction>
rk
<OccurredElementalReaction>
	 elmtlRkId: 2
	 p(id,type,coords) 79 3 5.8359116348252895 1.7976450612097243 16.84699610506999
</OccurredElementalReaction>
400
Neighbor List consistency Check...
--------
nle(id0,id1,dist): 5 6 2.112181196999428
list:
dist: 2.112181196999428 vs. 2.112181196999428
--------
nle(id0,id1,dist): 4 29 4.254554995957469
list:
dist: 4.254554995957469 vs. 4.254554995957469
--------
nle(id0,id1,dist): 5 21 2.2179677110377405
list:
dist: 2.2179677110377405 vs. 2.2179677110377405
--------
nle(id0,id1,dist): 5 20 2.6592885318073565
list:
dist: 2.6592885318073565 vs. 2.6592885318073565
--------
nle(id0,id1,dist): 5 23 3.3260390034409553
list:
dist: 3.3260390034409553 vs. 3.3260390034409553
--------
nle(id0,id1,dist): 5 22 2.198089515500462
list:
dist: 2.198089515500462 vs. 2.198089515500462
--------
nle(id0,id1,dist): 5 17 2.2726282672917186
list:
dist: 2.2726282672917186 vs. 2.2726282672917186
--------
nle(id0,id1,dist): 5 16 1.1030308986549957
list:
dist: 1.1030308986549957 vs. 1.1030308986549957
--------
nle(id0,id1,dist): 5 19 2.807023282281651
list:
dist: 2.807023282281651 vs. 2.807023282281651
--------
nle(id0,id1,dist): 5 13 1.5044134274062573
list:
dist: 1.5044134274062573 vs. 1.5044134274062573
--------
nle(id0,id1,dist): 5 15 1.7426897837014335
list:
dist: 1.7426897837014335 vs. 1.7426897837014335
--------
nle(id0,id1,dist): 5 9 0.6734553147000906
list:
dist: 0.6734553147000906 vs. 0.6734553147000906
--------
nle(id0,id1,dist): 5 8 2.012216009249587
list:
dist: 2.012216009249587 vs. 2.012216009249587
--------
nle(id0,id1,dist): 5 10 0.6602474643262789
list:
dist: 0.6602474643262789 vs. 0.6602474643262789
--------
nle(id0,id1,dist): 4 9 1.787139941959325
list:
dist: 1.787139941959325 vs. 1.787139941959325
--------
nle(id0,id1,dist): 4 10 1.9741568956467614
list:
dist: 1.9741568956467614 vs. 1.9741568956467614
--------
nle(id0,id1,dist): 4 8 3.131475510410696
list:
dist: 3.131475510410696 vs. 3.131475510410696
--------
nle(id0,id1,dist): 4 5 1.314455379267101
list:
dist: 1.314455379267101 vs. 1.314455379267101
--------
nle(id0,id1,dist): 4 6 1.1446800949697495
list:
dist: 1.1446800949697495 vs. 1.1446800949697495
--------
nle(id0,id1,dist): 4 28 3.7143443320156586
list:
dist: 3.7143443320156586 vs. 3.7143443320156586
--------
nle(id0,id1,dist): 4 27 4.150583496415215
list:
dist: 4.150583496415215 vs. 4.150583496415215
--------
nle(id0,id1,dist): 4 26 3.027052997007512
list:
dist: 3.027052997007512 vs. 3.027052997007512
--------
nle(id0,id1,dist): 4 25 2.6096828970397428
list:
dist: 2.6096828970397428 vs. 2.6096828970397428
--------
nle(id0,id1,dist): 4 24 3.5256960726722597
list:
dist: 3.5256960726722597 vs. 3.5256960726722597
--------
nle(id0,id1,dist): 4 23 4.198320610907056
list:
dist: 4.198320610907056 vs. 4.198320610907056
--------
nle(id0,id1,dist): 4 22 3.3499850887692864
list:
dist: 3.3499850887692864 vs. 3.3499850887692864
--------
nle(id0,id1,dist): 4 21 3.4148882075750544
list:
dist: 3.4148882075750544 vs. 3.4148882075750544
--------
nle(id0,id1,dist): 4 20 3.9273555607590156
list:
dist: 3.9273555607590156 vs. 3.9273555607590156
--------
nle(id0,id1,dist): 4 19 3.146382011928807
list:
dist: 3.146382011928807 vs. 3.146382011928807
--------
nle(id0,id1,dist): 4 17 3.2407464953143528
list:
dist: 3.2407464953143528 vs. 3.2407464953143528
--------
nle(id0,id1,dist): 4 16 1.9782523870451287
list:
dist: 1.9782523870451287 vs. 1.9782523870451287
--------
nle(id0,id1,dist): 4 15 0.7616564783674681
list:
dist: 0.7616564783674681 vs. 0.7616564783674681
--------
nle(id0,id1,dist): 4 13 2.476803941037249
list:
dist: 2.476803941037249 vs. 2.476803941037249
--------
nle(id0,id1,dist): 5 26 2.3307284735996228
list:
dist: 2.3307284735996228 vs. 2.3307284735996228
--------
nle(id0,id1,dist): 5 27 3.3152264691072846
list:
dist: 3.3152264691072846 vs. 3.3152264691072846
--------
nle(id0,id1,dist): 5 24 2.5952706123551668
list:
dist: 2.5952706123551668 vs. 2.5952706123551668
--------
nle(id0,id1,dist): 5 25 1.522771786397191
list:
dist: 1.522771786397191 vs. 1.522771786397191
--------
nle(id0,id1,dist): 5 28 2.7561171504227477
list:
dist: 2.7561171504227477 vs. 2.7561171504227477
--------
nle(id0,id1,dist): 5 29 3.34466796171018
list:
dist: 3.34466796171018 vs. 3.34466796171018
--------
nle(id0,id1,dist): 6 16 2.6959263036344563
list:
dist: 2.6959263036344563 vs. 2.6959263036344563
--------
nle(id0,id1,dist): 6 15 1.5435457426767656
list:
dist: 1.5435457426767656 vs. 1.5435457426767656
--------
nle(id0,id1,dist): 6 10 2.7098457050749323
list:
dist: 2.7098457050749323 vs. 2.7098457050749323
--------
nle(id0,id1,dist): 6 9 2.71651882587591
list:
dist: 2.71651882587591 vs. 2.71651882587591
--------
nle(id0,id1,dist): 8 13 0.7413509763878938
list:
dist: 0.7413509763878938 vs. 0.7413509763878938
--------
nle(id0,id1,dist): 8 16 2.3143851000830513
list:
dist: 2.3143851000830513 vs. 2.3143851000830513
--------
nle(id0,id1,dist): 8 10 1.555218894943664
list:
dist: 1.555218894943664 vs. 1.555218894943664
--------
nle(id0,id1,dist): 8 9 1.3813989075892408
list:
dist: 1.3813989075892408 vs. 1.3813989075892408
--------
nle(id0,id1,dist): 8 12 2.664935731035786
list:
dist: 2.664935731035786 vs. 2.664935731035786
--------
nle(id0,id1,dist): 8 22 0.9048779937860305
list:
dist: 0.9048779937860305 vs. 0.9048779937860305
--------
nle(id0,id1,dist): 8 21 1.2035460455386229
list:
dist: 1.2035460455386229 vs. 1.2035460455386229
--------
nle(id0,id1,dist): 8 24 1.8375260950378745
list:
dist: 1.8375260950378745 vs. 1.8375260950378745
--------
nle(id0,id1,dist): 8 18 1.7269742507535004
list:
dist: 1.7269742507535004 vs. 1.7269742507535004
--------
nle(id0,id1,dist): 8 17 0.9767567953518508
list:
dist: 0.9767567953518508 vs. 0.9767567953518508
--------
nle(id0,id1,dist): 8 20 1.5548150735226829
list:
dist: 1.5548150735226829 vs. 1.5548150735226829
--------
nle(id0,id1,dist): 8 25 1.7177849990244318
list:
dist: 1.7177849990244318 vs. 1.7177849990244318
--------
nle(id0,id1,dist): 10 13 1.2532921204193541
list:
dist: 1.2532921204193541 vs. 1.2532921204193541
--------
nle(id0,id1,dist): 10 15 2.36889644555527
list:
dist: 2.36889644555527 vs. 2.36889644555527
--------
nle(id0,id1,dist): 10 16 1.1111447951800464
list:
dist: 1.1111447951800464 vs. 1.1111447951800464
--------
nle(id0,id1,dist): 10 17 1.9464392088845404
list:
dist: 1.9464392088845404 vs. 1.9464392088845404
--------
nle(id0,id1,dist): 10 19 2.8762058411959934
list:
dist: 2.8762058411959934 vs. 2.8762058411959934
--------
nle(id0,id1,dist): 10 20 2.05286509237732
list:
dist: 2.05286509237732 vs. 2.05286509237732
--------
nle(id0,id1,dist): 10 21 1.6941154668830534
list:
dist: 1.6941154668830534 vs. 1.6941154668830534
--------
nle(id0,id1,dist): 10 22 1.7145285768943817
list:
dist: 1.7145285768943817 vs. 1.7145285768943817
--------
nle(id0,id1,dist): 10 23 3.0260035284861453
list:
dist: 3.0260035284861453 vs. 3.0260035284861453
--------
nle(id0,id1,dist): 10 24 2.2905441403395232
list:
dist: 2.2905441403395232 vs. 2.2905441403395232
--------
nle(id0,id1,dist): 10 25 1.194704767988087
list:
dist: 1.194704767988087 vs. 1.194704767988087
--------
nle(id0,id1,dist): 10 26 2.2333636014367615
list:
dist: 2.2333636014367615 vs. 2.2333636014367615
--------
nle(id0,id1,dist): 10 27 3.0513598583600263
list:
dist: 3.0513598583600263 vs. 3.0513598583600263
--------
nle(id0,id1,dist): 10 28 2.426793725648373
list:
dist: 2.426793725648373 vs. 2.426793725648373
--------
nle(id0,id1,dist): 10 29 3.018537457027678
list:
dist: 3.018537457027678 vs. 3.018537457027678
--------
nle(id0,id1,dist): 9 10 0.6073131550605533
list:
dist: 0.6073131550605533 vs. 0.6073131550605533
--------
nle(id0,id1,dist): 9 15 2.1343156939960846
list:
dist: 2.1343156939960846 vs. 2.1343156939960846
--------
nle(id0,id1,dist): 9 13 0.8774920897664664
list:
dist: 0.8774920897664664 vs. 0.8774920897664664
--------
nle(id0,id1,dist): 9 19 2.5411405434420233
list:
dist: 2.5411405434420233 vs. 2.5411405434420233
--------
nle(id0,id1,dist): 9 17 1.6366235414266779
list:
dist: 1.6366235414266779 vs. 1.6366235414266779
--------
nle(id0,id1,dist): 9 16 1.3025152191408025
list:
dist: 1.3025152191408025 vs. 1.3025152191408025
--------
nle(id0,id1,dist): 9 22 1.6288684928203252
list:
dist: 1.6288684928203252 vs. 1.6288684928203252
--------
nle(id0,id1,dist): 9 23 2.836533885305482
list:
dist: 2.836533885305482 vs. 2.836533885305482
--------
nle(id0,id1,dist): 9 20 2.239465458702291
list:
dist: 2.239465458702291 vs. 2.239465458702291
--------
nle(id0,id1,dist): 9 21 1.7348776389844083
list:
dist: 1.7348776389844083 vs. 1.7348776389844083
--------
nle(id0,id1,dist): 9 26 2.204876351179156
list:
dist: 2.204876351179156 vs. 2.204876351179156
--------
nle(id0,id1,dist): 9 27 3.0249544502668697
list:
dist: 3.0249544502668697 vs. 3.0249544502668697
--------
nle(id0,id1,dist): 9 24 2.1171927839130222
list:
dist: 2.1171927839130222 vs. 2.1171927839130222
--------
nle(id0,id1,dist): 9 25 1.2837994157097592
list:
dist: 1.2837994157097592 vs. 1.2837994157097592
--------
nle(id0,id1,dist): 9 28 2.396386317081657
list:
dist: 2.396386317081657 vs. 2.396386317081657
--------
nle(id0,id1,dist): 9 29 2.872106783599013
list:
dist: 2.872106783599013 vs. 2.872106783599013
--------
nle(id0,id1,dist): 12 13 2.5907463036599463
list:
dist: 2.5907463036599463 vs. 2.5907463036599463
--------
nle(id0,id1,dist): 13 24 2.126555192883846
list:
dist: 2.126555192883846 vs. 2.126555192883846
--------
nle(id0,id1,dist): 13 25 1.7538842117988092
list:
dist: 1.7538842117988092 vs. 1.7538842117988092
--------
nle(id0,id1,dist): 13 18 2.376764940999196
list:
dist: 2.376764940999196 vs. 2.376764940999196
--------
nle(id0,id1,dist): 13 16 2.0938139498610147
list:
dist: 2.0938139498610147 vs. 2.0938139498610147
--------
nle(id0,id1,dist): 13 17 1.2787866364940204
list:
dist: 1.2787866364940204 vs. 1.2787866364940204
--------
nle(id0,id1,dist): 13 22 1.406337773948899
list:
dist: 1.406337773948899 vs. 1.406337773948899
--------
nle(id0,id1,dist): 13 20 2.135448383859759
list:
dist: 2.135448383859759 vs. 2.135448383859759
--------
nle(id0,id1,dist): 13 21 1.6737660520542832
list:
dist: 1.6737660520542832 vs. 1.6737660520542832
--------
nle(id0,id1,dist): 15 16 2.0296303585310516
list:
dist: 2.0296303585310516 vs. 2.0296303585310516
--------
nle(id0,id1,dist): 17 18 1.3438692958551952
list:
dist: 1.3438692958551952 vs. 1.3438692958551952
--------
nle(id0,id1,dist): 17 19 2.098924251276384
list:
dist: 2.098924251276384 vs. 2.098924251276384
--------
nle(id0,id1,dist): 17 22 0.6869238954231882
list:
dist: 0.6869238954231882 vs. 0.6869238954231882
--------
nle(id0,id1,dist): 17 23 1.522568039603878
list:
dist: 1.522568039603878 vs. 1.522568039603878
--------
nle(id0,id1,dist): 17 20 1.65259176511757
list:
dist: 1.65259176511757 vs. 1.65259176511757
--------
nle(id0,id1,dist): 17 21 1.0567972562349983
list:
dist: 1.0567972562349983 vs. 1.0567972562349983
--------
nle(id0,id1,dist): 17 26 2.1195828155119645
list:
dist: 2.1195828155119645 vs. 2.1195828155119645
--------
nle(id0,id1,dist): 17 27 2.265181257197413
list:
dist: 2.265181257197413 vs. 2.265181257197413
--------
nle(id0,id1,dist): 17 24 1.024523502268257
list:
dist: 1.024523502268257 vs. 1.024523502268257
--------
nle(id0,id1,dist): 17 25 1.522828720513798
list:
dist: 1.522828720513798 vs. 1.522828720513798
--------
nle(id0,id1,dist): 16 17 2.257343983407057
list:
dist: 2.257343983407057 vs. 2.257343983407057
--------
nle(id0,id1,dist): 16 19 2.3107952708707855
list:
dist: 2.3107952708707855 vs. 2.3107952708707855
--------
nle(id0,id1,dist): 16 20 2.316691069832421
list:
dist: 2.316691069832421 vs. 2.316691069832421
--------
nle(id0,id1,dist): 16 21 1.897172951138311
list:
dist: 1.897172951138311 vs. 1.897172951138311
--------
nle(id0,id1,dist): 16 22 2.0397721549834404
list:
dist: 2.0397721549834404 vs. 2.0397721549834404
--------
nle(id0,id1,dist): 16 23 2.802053180486595
list:
dist: 2.802053180486595 vs. 2.802053180486595
--------
nle(id0,id1,dist): 16 24 2.1108484735455897
list:
dist: 2.1108484735455897 vs. 2.1108484735455897
--------
nle(id0,id1,dist): 16 25 0.8886688952127629
list:
dist: 0.8886688952127629 vs. 0.8886688952127629
--------
nle(id0,id1,dist): 16 26 1.4042097762158081
list:
dist: 1.4042097762158081 vs. 1.4042097762158081
--------
nle(id0,id1,dist): 16 27 2.457258978920346
list:
dist: 2.457258978920346 vs. 2.457258978920346
--------
nle(id0,id1,dist): 16 28 2.029183144293714
list:
dist: 2.029183144293714 vs. 2.029183144293714
--------
nle(id0,id1,dist): 16 29 2.772918793727275
list:
dist: 2.772918793727275 vs. 2.772918793727275
--------
nle(id0,id1,dist): 1 2 2.0789665579555496
list:
dist: 2.0789665579555496 vs. 2.0789665579555496
--------
nle(id0,id1,dist): 1 3 1.8250208033001263
list:
dist: 1.8250208033001263 vs. 1.8250208033001263
--------
nle(id0,id1,dist): 1 4 1.797434245077165
list:
dist: 1.797434245077165 vs. 1.797434245077165
--------
nle(id0,id1,dist): 1 5 2.112488178361163
list:
dist: 2.112488178361163 vs. 2.112488178361163
--------
nle(id0,id1,dist): 1 6 1.084589747339351
list:
dist: 1.084589747339351 vs. 1.084589747339351
--------
nle(id0,id1,dist): 1 9 2.7377236689955127
list:
dist: 2.7377236689955127 vs. 2.7377236689955127
--------
nle(id0,id1,dist): 1 10 2.52267224377798
list:
dist: 2.52267224377798 vs. 2.52267224377798
--------
nle(id0,id1,dist): 2 5 1.83781592177875
list:
dist: 1.83781592177875 vs. 1.83781592177875
--------
nle(id0,id1,dist): 2 6 2.793752363824967
list:
dist: 2.793752363824967 vs. 2.793752363824967
--------
nle(id0,id1,dist): 2 3 0.5202885849272876
list:
dist: 0.5202885849272876 vs. 0.5202885849272876
--------
nle(id0,id1,dist): 2 4 2.6221757561813437
list:
dist: 2.6221757561813437 vs. 2.6221757561813437
--------
nle(id0,id1,dist): 1 15 2.3676835411012007
list:
dist: 2.3676835411012007 vs. 2.3676835411012007
--------
nle(id0,id1,dist): 1 16 2.724722919626837
list:
dist: 2.724722919626837 vs. 2.724722919626837
--------
nle(id0,id1,dist): 2 24 3.8761183340207532
list:
dist: 3.8761183340207532 vs. 3.8761183340207532
--------
nle(id0,id1,dist): 2 25 2.8256306216095908
list:
dist: 2.8256306216095908 vs. 2.8256306216095908
--------
nle(id0,id1,dist): 2 12 1.0782693743369713
list:
dist: 1.0782693743369713 vs. 1.0782693743369713
--------
nle(id0,id1,dist): 2 13 2.2391985599904434
list:
dist: 2.2391985599904434 vs. 2.2391985599904434
--------
nle(id0,id1,dist): 2 8 2.5442626915257507
list:
dist: 2.5442626915257507 vs. 2.5442626915257507
--------
nle(id0,id1,dist): 2 10 1.6873233535145218
list:
dist: 1.6873233535145218 vs. 1.6873233535145218
--------
nle(id0,id1,dist): 2 9 2.0313296247196493
list:
dist: 2.0313296247196493 vs. 2.0313296247196493
--------
nle(id0,id1,dist): 2 20 3.146449649559174
list:
dist: 3.146449649559174 vs. 3.146449649559174
--------
nle(id0,id1,dist): 2 22 3.0649082133492236
list:
dist: 3.0649082133492236 vs. 3.0649082133492236
--------
nle(id0,id1,dist): 2 21 3.059973011145136
list:
dist: 3.059973011145136 vs. 3.059973011145136
--------
nle(id0,id1,dist): 2 16 2.602573183417879
list:
dist: 2.602573183417879 vs. 2.602573183417879
--------
nle(id0,id1,dist): 2 15 3.303957462786035
list:
dist: 3.303957462786035 vs. 3.303957462786035
--------
nle(id0,id1,dist): 2 17 3.331583964712314
list:
dist: 3.331583964712314 vs. 3.331583964712314
--------
nle(id0,id1,dist): 3 24 3.739768233065602
list:
dist: 3.739768233065602 vs. 3.739768233065602
--------
nle(id0,id1,dist): 3 25 2.7024069486741475
list:
dist: 2.7024069486741475 vs. 2.7024069486741475
--------
nle(id0,id1,dist): 3 22 2.9972163625438233
list:
dist: 2.9972163625438233 vs. 2.9972163625438233
--------
nle(id0,id1,dist): 3 20 3.231602667588062
list:
dist: 3.231602667588062 vs. 3.231602667588062
--------
nle(id0,id1,dist): 3 21 3.0328068584674353
list:
dist: 3.0328068584674353 vs. 3.0328068584674353
--------
nle(id0,id1,dist): 3 9 1.7409585588092935
list:
dist: 1.7409585588092935 vs. 1.7409585588092935
--------
nle(id0,id1,dist): 3 8 2.454512457436491
list:
dist: 2.454512457436491 vs. 2.454512457436491
--------
nle(id0,id1,dist): 3 6 2.392200865803144
list:
dist: 2.392200865803144 vs. 2.392200865803144
--------
nle(id0,id1,dist): 3 5 1.5016642276015004
list:
dist: 1.5016642276015004 vs. 1.5016642276015004
--------
nle(id0,id1,dist): 3 4 2.154508843738168
list:
dist: 2.154508843738168 vs. 2.154508843738168
--------
nle(id0,id1,dist): 3 17 3.1698572948734403
list:
dist: 3.1698572948734403 vs. 3.1698572948734403
--------
nle(id0,id1,dist): 3 16 2.4161633916489764
list:
dist: 2.4161633916489764 vs. 2.4161633916489764
--------
nle(id0,id1,dist): 3 15 2.859592849324475
list:
dist: 2.859592849324475 vs. 2.859592849324475
--------
nle(id0,id1,dist): 3 13 2.0127533007328653
list:
dist: 2.0127533007328653 vs. 2.0127533007328653
--------
nle(id0,id1,dist): 3 12 1.5012898911549104
list:
dist: 1.5012898911549104 vs. 1.5012898911549104
--------
nle(id0,id1,dist): 3 10 1.5113975283447865
list:
dist: 1.5113975283447865 vs. 1.5113975283447865
--------
nle(id0,id1,dist): 37 41 1.3576692838186524
list:
dist: 1.3576692838186524 vs. 1.3576692838186524
--------
nle(id0,id1,dist): 37 44 2.0194212907842646
list:
dist: 2.0194212907842646 vs. 2.0194212907842646
--------
nle(id0,id1,dist): 37 45 1.2784170822673042
list:
dist: 1.2784170822673042 vs. 1.2784170822673042
--------
nle(id0,id1,dist): 37 39 2.333269733270567
list:
dist: 2.333269733270567 vs. 2.333269733270567
--------
nle(id0,id1,dist): 36 55 3.1081101213500775
list:
dist: 3.1081101213500775 vs. 3.1081101213500775
--------
nle(id0,id1,dist): 36 56 3.8653365499362273
list:
dist: 3.8653365499362273 vs. 3.8653365499362273
--------
nle(id0,id1,dist): 36 54 2.982858949507687
list:
dist: 2.982858949507687 vs. 2.982858949507687
--------
nle(id0,id1,dist): 36 59 3.5352619276181705
list:
dist: 3.5352619276181705 vs. 3.5352619276181705
--------
nle(id0,id1,dist): 36 57 1.6750900265118127
list:
dist: 1.6750900265118127 vs. 1.6750900265118127
--------
nle(id0,id1,dist): 36 47 3.4177230649786634
list:
dist: 3.4177230649786634 vs. 3.4177230649786634
--------
nle(id0,id1,dist): 36 48 3.647880983845716
list:
dist: 3.647880983845716 vs. 3.647880983845716
--------
nle(id0,id1,dist): 36 45 2.3645708862689157
list:
dist: 2.3645708862689157 vs. 2.3645708862689157
--------
nle(id0,id1,dist): 36 46 2.3739461400135156
list:
dist: 2.3739461400135156 vs. 2.3739461400135156
--------
nle(id0,id1,dist): 36 49 2.1780296279292988
list:
dist: 2.1780296279292988 vs. 2.1780296279292988
--------
nle(id0,id1,dist): 36 50 3.0933140411814697
list:
dist: 3.0933140411814697 vs. 3.0933140411814697
--------
nle(id0,id1,dist): 36 40 3.260505863734173
list:
dist: 3.260505863734173 vs. 3.260505863734173
--------
nle(id0,id1,dist): 36 39 1.3417462551511556
list:
dist: 1.3417462551511556 vs. 1.3417462551511556
--------
nle(id0,id1,dist): 36 37 1.5064464730354652
list:
dist: 1.5064464730354652 vs. 1.5064464730354652
--------
nle(id0,id1,dist): 36 44 0.9113486766074665
list:
dist: 0.9113486766074665 vs. 0.9113486766074665
--------
nle(id0,id1,dist): 36 43 2.5870363063930357
list:
dist: 2.5870363063930357 vs. 2.5870363063930357
--------
nle(id0,id1,dist): 36 42 2.5850857900990167
list:
dist: 2.5850857900990167 vs. 2.5850857900990167
--------
nle(id0,id1,dist): 36 41 2.0878709653406307
list:
dist: 2.0878709653406307 vs. 2.0878709653406307
--------
nle(id0,id1,dist): 35 57 2.516396018914434
list:
dist: 2.516396018914434 vs. 2.516396018914434
--------
nle(id0,id1,dist): 35 45 1.0898397586004547
list:
dist: 1.0898397586004547 vs. 1.0898397586004547
--------
nle(id0,id1,dist): 35 44 2.90640164563633
list:
dist: 2.90640164563633 vs. 2.90640164563633
--------
nle(id0,id1,dist): 35 39 2.7699103861773327
list:
dist: 2.7699103861773327 vs. 2.7699103861773327
--------
nle(id0,id1,dist): 35 41 2.0368518217672893
list:
dist: 2.0368518217672893 vs. 2.0368518217672893
--------
nle(id0,id1,dist): 35 37 1.261613623239258
list:
dist: 1.261613623239258 vs. 1.261613623239258
--------
nle(id0,id1,dist): 35 36 2.418732328176147
list:
dist: 2.418732328176147 vs. 2.418732328176147
--------
nle(id0,id1,dist): 34 59 3.2980794656847277
list:
dist: 3.2980794656847277 vs. 3.2980794656847277
--------
nle(id0,id1,dist): 34 57 1.4139862861537391
list:
dist: 1.4139862861537391 vs. 1.4139862861537391
--------
nle(id0,id1,dist): 34 55 1.9703401712980284
list:
dist: 1.9703401712980284 vs. 1.9703401712980284
--------
nle(id0,id1,dist): 34 56 1.6344932452940475
list:
dist: 1.6344932452940475 vs. 1.6344932452940475
--------
nle(id0,id1,dist): 34 54 2.376186205741828
list:
dist: 2.376186205741828 vs. 2.376186205741828
--------
nle(id0,id1,dist): 34 51 1.8779826278837755
list:
dist: 1.8779826278837755 vs. 1.8779826278837755
--------
nle(id0,id1,dist): 34 50 2.575805345134684
list:
dist: 2.575805345134684 vs. 2.575805345134684
--------
nle(id0,id1,dist): 33 87 3.068874600813236
list:
dist: 3.068874600813236 vs. 3.068874600813236
--------
nle(id0,id1,dist): 34 49 2.607599605896608
list:
dist: 2.607599605896608 vs. 2.607599605896608
--------
nle(id0,id1,dist): 34 48 1.5275136276891768
list:
dist: 1.5275136276891768 vs. 1.5275136276891768
--------
nle(id0,id1,dist): 34 47 2.015336210966241
list:
dist: 2.015336210966241 vs. 2.015336210966241
--------
nle(id0,id1,dist): 33 84 3.369453377021333
list:
dist: 3.369453377021333 vs. 3.369453377021333
--------
nle(id0,id1,dist): 34 45 1.690432184016878
list:
dist: 1.690432184016878 vs. 1.690432184016878
--------
nle(id0,id1,dist): 33 82 3.077341406123268
list:
dist: 3.077341406123268 vs. 3.077341406123268
--------
nle(id0,id1,dist): 34 44 2.296594619720107
list:
dist: 2.296594619720107 vs. 2.296594619720107
--------
nle(id0,id1,dist): 34 43 1.233761414916648
list:
dist: 1.233761414916648 vs. 1.233761414916648
--------
nle(id0,id1,dist): 33 80 1.902328261070464
list:
dist: 1.902328261070464 vs. 1.902328261070464
--------
nle(id0,id1,dist): 34 42 0.7933054783422702
list:
dist: 0.7933054783422702 vs. 0.7933054783422702
--------
nle(id0,id1,dist): 33 79 4.015682731971827
list:
dist: 4.015682731971827 vs. 4.015682731971827
--------
nle(id0,id1,dist): 34 41 1.819875369449328
list:
dist: 1.819875369449328 vs. 1.819875369449328
--------
nle(id0,id1,dist): 33 78 3.5390062135559948
list:
dist: 3.5390062135559948 vs. 3.5390062135559948
--------
nle(id0,id1,dist): 34 40 0.6780427878368472
list:
dist: 0.6780427878368472 vs. 0.6780427878368472
--------
nle(id0,id1,dist): 33 77 2.9216936968534433
list:
dist: 2.9216936968534433 vs. 2.9216936968534433
--------
nle(id0,id1,dist): 34 39 1.9999397686962175
list:
dist: 1.9999397686962175 vs. 1.9999397686962175
--------
nle(id0,id1,dist): 33 61 1.57486675166344
list:
dist: 1.57486675166344 vs. 1.57486675166344
--------
nle(id0,id1,dist): 33 60 1.5804177522098661
list:
dist: 1.5804177522098661 vs. 1.5804177522098661
--------
nle(id0,id1,dist): 33 63 3.2628069053327153
list:
dist: 3.2628069053327153 vs. 3.2628069053327153
--------
nle(id0,id1,dist): 33 62 0.9117293462142768
list:
dist: 0.9117293462142768 vs. 0.9117293462142768
--------
nle(id0,id1,dist): 33 65 1.0685416242805856
list:
dist: 1.0685416242805856 vs. 1.0685416242805856
--------
nle(id0,id1,dist): 33 64 0.930070512863744
list:
dist: 0.930070512863744 vs. 0.930070512863744
--------
nle(id0,id1,dist): 33 66 1.5732269507941037
list:
dist: 1.5732269507941037 vs. 1.5732269507941037
--------
nle(id0,id1,dist): 33 69 2.843540426718045
list:
dist: 2.843540426718045 vs. 2.843540426718045
--------
nle(id0,id1,dist): 33 68 1.7507158194187584
list:
dist: 1.7507158194187584 vs. 1.7507158194187584
--------
nle(id0,id1,dist): 33 71 2.1641741098276253
list:
dist: 2.1641741098276253 vs. 2.1641741098276253
--------
nle(id0,id1,dist): 33 70 1.156096590637014
list:
dist: 1.156096590637014 vs. 1.156096590637014
--------
nle(id0,id1,dist): 34 36 2.667735189147603
list:
dist: 2.667735189147603 vs. 2.667735189147603
--------
nle(id0,id1,dist): 33 73 0.7455078769696304
list:
dist: 0.7455078769696304 vs. 0.7455078769696304
--------
nle(id0,id1,dist): 34 35 2.4939157031454906
list:
dist: 2.4939157031454906 vs. 2.4939157031454906
--------
nle(id0,id1,dist): 33 72 1.3326464269178295
list:
dist: 1.3326464269178295 vs. 1.3326464269178295
--------
nle(id0,id1,dist): 33 75 2.025643551363776
list:
dist: 2.025643551363776 vs. 2.025643551363776
--------
nle(id0,id1,dist): 34 37 2.5132996935544143
list:
dist: 2.5132996935544143 vs. 2.5132996935544143
--------
nle(id0,id1,dist): 33 74 2.4496180573215693
list:
dist: 2.4496180573215693 vs. 2.4496180573215693
--------
nle(id0,id1,dist): 33 53 1.6804528913264674
list:
dist: 1.6804528913264674 vs. 1.6804528913264674
--------
nle(id0,id1,dist): 32 51 2.8845871084297707
list:
dist: 2.8845871084297707 vs. 2.8845871084297707
--------
nle(id0,id1,dist): 32 49 3.1535838159429956
list:
dist: 3.1535838159429956 vs. 3.1535838159429956
--------
nle(id0,id1,dist): 32 50 3.5430665420980674
list:
dist: 3.5430665420980674 vs. 3.5430665420980674
--------
nle(id0,id1,dist): 32 55 2.804305314291858
list:
dist: 2.804305314291858 vs. 2.804305314291858
--------
nle(id0,id1,dist): 32 56 2.6227750081733587
list:
dist: 2.6227750081733587 vs. 2.6227750081733587
--------
nle(id0,id1,dist): 32 54 3.2330271284806193
list:
dist: 3.2330271284806193 vs. 3.2330271284806193
--------
nle(id0,id1,dist): 32 59 4.149516006868952
list:
dist: 4.149516006868952 vs. 4.149516006868952
--------
nle(id0,id1,dist): 32 57 1.7161629205678408
list:
dist: 1.7161629205678408 vs. 1.7161629205678408
--------
nle(id0,id1,dist): 32 37 1.4964611983806284
list:
dist: 1.4964611983806284 vs. 1.4964611983806284
--------
nle(id0,id1,dist): 32 40 1.832576391277797
list:
dist: 1.832576391277797 vs. 1.832576391277797
--------
nle(id0,id1,dist): 32 39 2.1598641352895704
list:
dist: 2.1598641352895704 vs. 2.1598641352895704
--------
nle(id0,id1,dist): 32 34 1.2944808509085508
list:
dist: 1.2944808509085508 vs. 1.2944808509085508
--------
nle(id0,id1,dist): 32 36 2.24940383323414
list:
dist: 2.24940383323414 vs. 2.24940383323414
--------
nle(id0,id1,dist): 32 35 1.2127216991944822
list:
dist: 1.2127216991944822 vs. 1.2127216991944822
--------
nle(id0,id1,dist): 32 45 0.5528213471347091
list:
dist: 0.5528213471347091 vs. 0.5528213471347091
--------
nle(id0,id1,dist): 32 48 2.7674944912595283
list:
dist: 2.7674944912595283 vs. 2.7674944912595283
--------
nle(id0,id1,dist): 32 47 2.929143911212902
list:
dist: 2.929143911212902 vs. 2.929143911212902
--------
nle(id0,id1,dist): 32 42 1.8739486394109282
list:
dist: 1.8739486394109282 vs. 1.8739486394109282
--------
nle(id0,id1,dist): 32 41 1.3843978188422976
list:
dist: 1.3843978188422976 vs. 1.3843978188422976
--------
nle(id0,id1,dist): 32 44 2.336903458038357
list:
dist: 2.336903458038357 vs. 2.336903458038357
--------
nle(id0,id1,dist): 32 43 2.2753273449928284
list:
dist: 2.2753273449928284 vs. 2.2753273449928284
--------
nle(id0,id1,dist): 31 59 3.8097543833749414
list:
dist: 3.8097543833749414 vs. 3.8097543833749414
--------
nle(id0,id1,dist): 31 54 2.96613565661952
list:
dist: 2.96613565661952 vs. 2.96613565661952
--------
nle(id0,id1,dist): 31 55 2.701500164252409
list:
dist: 2.701500164252409 vs. 2.701500164252409
--------
nle(id0,id1,dist): 31 56 2.901784201544514
list:
dist: 2.901784201544514 vs. 2.901784201544514
--------
nle(id0,id1,dist): 31 57 1.3273010209083203
list:
dist: 1.3273010209083203 vs. 1.3273010209083203
--------
nle(id0,id1,dist): 31 45 0.980883078971229
list:
dist: 0.980883078971229 vs. 0.980883078971229
--------
nle(id0,id1,dist): 31 44 1.6835098170093792
list:
dist: 1.6835098170093792 vs. 1.6835098170093792
--------
nle(id0,id1,dist): 31 43 2.1514039848960023
list:
dist: 2.1514039848960023 vs. 2.1514039848960023
--------
nle(id0,id1,dist): 31 42 1.8618433510460526
list:
dist: 1.8618433510460526 vs. 1.8618433510460526
--------
nle(id0,id1,dist): 31 41 1.2996928543630106
list:
dist: 1.2996928543630106 vs. 1.2996928543630106
--------
nle(id0,id1,dist): 31 40 2.1635482311364056
list:
dist: 2.1635482311364056 vs. 2.1635482311364056
--------
nle(id0,id1,dist): 31 39 1.6023371339041805
list:
dist: 1.6023371339041805 vs. 1.6023371339041805
--------
nle(id0,id1,dist): 31 51 3.297167344553457
list:
dist: 3.297167344553457 vs. 3.297167344553457
--------
nle(id0,id1,dist): 31 50 3.2429909524571396
list:
dist: 3.2429909524571396 vs. 3.2429909524571396
--------
nle(id0,id1,dist): 31 49 2.6621138651648275
list:
dist: 2.6621138651648275 vs. 2.6621138651648275
--------
nle(id0,id1,dist): 31 48 2.906266877625718
list:
dist: 2.906266877625718 vs. 2.906266877625718
--------
nle(id0,id1,dist): 31 47 2.9068144730962806
list:
dist: 2.9068144730962806 vs. 2.9068144730962806
--------
nle(id0,id1,dist): 31 36 1.500481893541726
list:
dist: 1.500481893541726 vs. 1.500481893541726
--------
nle(id0,id1,dist): 31 37 1.0665160645886453
list:
dist: 1.0665160645886453 vs. 1.0665160645886453
--------
nle(id0,id1,dist): 31 34 1.5481153164257353
list:
dist: 1.5481153164257353 vs. 1.5481153164257353
--------
nle(id0,id1,dist): 31 35 1.3278350312403377
list:
dist: 1.3278350312403377 vs. 1.3278350312403377
--------
nle(id0,id1,dist): 31 32 0.7500545121982952
list:
dist: 0.7500545121982952 vs. 0.7500545121982952
--------
nle(id0,id1,dist): 43 59 2.4586087536762165
list:
dist: 2.4586087536762165 vs. 2.4586087536762165
--------
nle(id0,id1,dist): 43 58 2.140753334937668
list:
dist: 2.140753334937668 vs. 2.140753334937668
--------
nle(id0,id1,dist): 44 47 2.9773745865587093
list:
dist: 2.9773745865587093 vs. 2.9773745865587093
--------
nle(id0,id1,dist): 44 48 3.058050496429125
list:
dist: 3.058050496429125 vs. 3.058050496429125
--------
nle(id0,id1,dist): 44 45 2.5165180698714984
list:
dist: 2.5165180698714984 vs. 2.5165180698714984
--------
nle(id0,id1,dist): 44 46 1.935186539099404
list:
dist: 1.935186539099404 vs. 1.935186539099404
--------
nle(id0,id1,dist): 44 49 1.6012597147504026
list:
dist: 1.6012597147504026 vs. 1.6012597147504026
--------
nle(id0,id1,dist): 44 50 2.2318299877844927
list:
dist: 2.2318299877844927 vs. 2.2318299877844927
--------
nle(id0,id1,dist): 43 50 1.3861596620641825
list:
dist: 1.3861596620641825 vs. 1.3861596620641825
--------
nle(id0,id1,dist): 43 51 2.417913024079823
list:
dist: 2.417913024079823 vs. 2.417913024079823
--------
nle(id0,id1,dist): 43 52 1.9196524015976915
list:
dist: 1.9196524015976915 vs. 1.9196524015976915
--------
nle(id0,id1,dist): 43 54 1.7309716185880641
list:
dist: 1.7309716185880641 vs. 1.7309716185880641
--------
nle(id0,id1,dist): 43 55 1.8197845690572567
list:
dist: 1.8197845690572567 vs. 1.8197845690572567
--------
nle(id0,id1,dist): 43 56 2.0859944579964185
list:
dist: 2.0859944579964185 vs. 2.0859944579964185
--------
nle(id0,id1,dist): 43 57 1.4356661060422495
list:
dist: 1.4356661060422495 vs. 1.4356661060422495
--------
nle(id0,id1,dist): 43 44 1.8536811112382348
list:
dist: 1.8536811112382348 vs. 1.8536811112382348
--------
nle(id0,id1,dist): 43 47 1.9283294684868182
list:
dist: 1.9283294684868182 vs. 1.9283294684868182
--------
nle(id0,id1,dist): 43 48 1.3968711291217961
list:
dist: 1.3968711291217961 vs. 1.3968711291217961
--------
nle(id0,id1,dist): 43 49 1.86417854474633
list:
dist: 1.86417854474633 vs. 1.86417854474633
--------
nle(id0,id1,dist): 42 44 2.0666197741167602
list:
dist: 2.0666197741167602 vs. 2.0666197741167602
--------
nle(id0,id1,dist): 42 43 0.8063816752151088
list:
dist: 0.8063816752151088 vs. 0.8063816752151088
--------
nle(id0,id1,dist): 42 59 2.5069925328855973
list:
dist: 2.5069925328855973 vs. 2.5069925328855973
--------
nle(id0,id1,dist): 42 57 1.058548561587527
list:
dist: 1.058548561587527 vs. 1.058548561587527
--------
nle(id0,id1,dist): 42 58 2.3500787601772934
list:
dist: 2.3500787601772934 vs. 2.3500787601772934
--------
nle(id0,id1,dist): 42 55 1.2923577490620193
list:
dist: 1.2923577490620193 vs. 1.2923577490620193
--------
nle(id0,id1,dist): 42 56 1.448544253974846
list:
dist: 1.448544253974846 vs. 1.448544253974846
--------
nle(id0,id1,dist): 42 54 1.5896499285886916
list:
dist: 1.5896499285886916 vs. 1.5896499285886916
--------
nle(id0,id1,dist): 42 51 1.917862454495813
list:
dist: 1.917862454495813 vs. 1.917862454495813
--------
nle(id0,id1,dist): 42 52 1.975612780441046
list:
dist: 1.975612780441046 vs. 1.975612780441046
--------
nle(id0,id1,dist): 42 49 1.9327426008119306
list:
dist: 1.9327426008119306 vs. 1.9327426008119306
--------
nle(id0,id1,dist): 42 50 1.9187454202790497
list:
dist: 1.9187454202790497 vs. 1.9187454202790497
--------
nle(id0,id1,dist): 42 47 1.3835876476842086
list:
dist: 1.3835876476842086 vs. 1.3835876476842086
--------
nle(id0,id1,dist): 42 48 1.0885940963047225
list:
dist: 1.0885940963047225 vs. 1.0885940963047225
--------
nle(id0,id1,dist): 41 49 3.2669224462725355
list:
dist: 3.2669224462725355 vs. 3.2669224462725355
--------
nle(id0,id1,dist): 41 48 3.2245330515024975
list:
dist: 3.2245330515024975 vs. 3.2245330515024975
--------
nle(id0,id1,dist): 41 51 3.6323341571184233
list:
dist: 3.6323341571184233 vs. 3.6323341571184233
--------
nle(id0,id1,dist): 41 50 3.3514793020366462
list:
dist: 3.3514793020366462 vs. 3.3514793020366462
--------
nle(id0,id1,dist): 41 45 1.142561358417052
list:
dist: 1.142561358417052 vs. 1.142561358417052
--------
nle(id0,id1,dist): 41 44 1.980386841855635
list:
dist: 1.980386841855635 vs. 1.980386841855635
--------
nle(id0,id1,dist): 41 47 3.636848085914428
list:
dist: 3.636848085914428 vs. 3.636848085914428
--------
nle(id0,id1,dist): 41 43 2.199670192676863
list:
dist: 2.199670192676863 vs. 2.199670192676863
--------
nle(id0,id1,dist): 41 42 2.3009958614259927
list:
dist: 2.3009958614259927 vs. 2.3009958614259927
--------
nle(id0,id1,dist): 41 56 3.452042112515399
list:
dist: 3.452042112515399 vs. 3.452042112515399
--------
nle(id0,id1,dist): 41 57 2.1942864123677737
list:
dist: 2.1942864123677737 vs. 2.1942864123677737
--------
nle(id0,id1,dist): 41 59 4.375394377984651
list:
dist: 4.375394377984651 vs. 4.375394377984651
--------
nle(id0,id1,dist): 41 54 3.5988675674264567
list:
dist: 3.5988675674264567 vs. 3.5988675674264567
--------
nle(id0,id1,dist): 41 55 3.4770853736100675
list:
dist: 3.4770853736100675 vs. 3.4770853736100675
--------
nle(id0,id1,dist): 40 43 1.460723686386116
list:
dist: 1.460723686386116 vs. 1.460723686386116
--------
nle(id0,id1,dist): 40 44 2.8481794894895955
list:
dist: 2.8481794894895955 vs. 2.8481794894895955
--------
nle(id0,id1,dist): 40 41 2.4706986374034363
list:
dist: 2.4706986374034363 vs. 2.4706986374034363
--------
nle(id0,id1,dist): 40 42 0.9144026612598279
list:
dist: 0.9144026612598279 vs. 0.9144026612598279
--------
nle(id0,id1,dist): 40 47 1.720014975031243
list:
dist: 1.720014975031243 vs. 1.720014975031243
--------
nle(id0,id1,dist): 40 48 1.0657373762706444
list:
dist: 1.0657373762706444 vs. 1.0657373762706444
--------
nle(id0,id1,dist): 40 51 1.2036418567965195
list:
dist: 1.2036418567965195 vs. 1.2036418567965195
--------
nle(id0,id1,dist): 40 52 2.332863285257418
list:
dist: 2.332863285257418 vs. 2.332863285257418
--------
nle(id0,id1,dist): 40 49 2.834037412356355
list:
dist: 2.834037412356355 vs. 2.834037412356355
--------
nle(id0,id1,dist): 40 50 2.6658209195447466
list:
dist: 2.6658209195447466 vs. 2.6658209195447466
--------
nle(id0,id1,dist): 40 55 1.7938502165645134
list:
dist: 1.7938502165645134 vs. 1.7938502165645134
--------
nle(id0,id1,dist): 40 56 1.0375615612724864
list:
dist: 1.0375615612724864 vs. 1.0375615612724864
--------
nle(id0,id1,dist): 40 54 2.333452994328292
list:
dist: 2.333452994328292 vs. 2.333452994328292
--------
nle(id0,id1,dist): 40 59 3.251200132183398
list:
dist: 3.251200132183398 vs. 3.251200132183398
--------
nle(id0,id1,dist): 40 58 2.7714838453557338
list:
dist: 2.7714838453557338 vs. 2.7714838453557338
--------
nle(id0,id1,dist): 40 57 1.8028004917956018
list:
dist: 1.8028004917956018 vs. 1.8028004917956018
--------
nle(id0,id1,dist): 39 46 2.164909376249882
list:
dist: 2.164909376249882 vs. 2.164909376249882
--------
nle(id0,id1,dist): 39 47 2.1153634702677664
list:
dist: 2.1153634702677664 vs. 2.1153634702677664
--------
nle(id0,id1,dist): 39 48 2.5338279265940145
list:
dist: 2.5338279265940145 vs. 2.5338279265940145
--------
nle(id0,id1,dist): 39 49 1.1264677715355906
list:
dist: 1.1264677715355906 vs. 1.1264677715355906
--------
nle(id0,id1,dist): 39 50 2.195945986732441
list:
dist: 2.195945986732441 vs. 2.195945986732441
--------
nle(id0,id1,dist): 39 54 1.6878236092967822
list:
dist: 1.6878236092967822 vs. 1.6878236092967822
--------
nle(id0,id1,dist): 39 55 1.789616828090759
list:
dist: 1.789616828090759 vs. 1.789616828090759
--------
nle(id0,id1,dist): 39 56 2.7567862567355266
list:
dist: 2.7567862567355266 vs. 2.7567862567355266
--------
nle(id0,id1,dist): 39 57 0.6139102051736313
list:
dist: 0.6139102051736313 vs. 0.6139102051736313
--------
nle(id0,id1,dist): 39 59 2.3617463513449173
list:
dist: 2.3617463513449173 vs. 2.3617463513449173
--------
nle(id0,id1,dist): 38 53 2.2410687096476094
list:
dist: 2.2410687096476094 vs. 2.2410687096476094
--------
nle(id0,id1,dist): 38 73 3.1510312736745116
list:
dist: 3.1510312736745116 vs. 3.1510312736745116
--------
nle(id0,id1,dist): 38 68 2.945035033009541
list:
dist: 2.945035033009541 vs. 2.945035033009541
--------
nle(id0,id1,dist): 39 45 2.543207036087242
list:
dist: 2.543207036087242 vs. 2.543207036087242
--------
nle(id0,id1,dist): 39 44 1.0852216531187728
list:
dist: 1.0852216531187728 vs. 1.0852216531187728
--------
nle(id0,id1,dist): 39 43 1.7773460727321446
list:
dist: 1.7773460727321446 vs. 1.7773460727321446
--------
nle(id0,id1,dist): 39 42 1.5899250484021294
list:
dist: 1.5899250484021294 vs. 1.5899250484021294
--------
nle(id0,id1,dist): 39 41 2.455360472487559
list:
dist: 2.455360472487559 vs. 2.455360472487559
--------
nle(id0,id1,dist): 39 40 2.4002513793203097
list:
dist: 2.4002513793203097 vs. 2.4002513793203097
--------
nle(id0,id1,dist): 37 57 2.2637147182102337
list:
dist: 2.2637147182102337 vs. 2.2637147182102337
--------
nle(id0,id1,dist): 23 28 0.9699097720979852
list:
dist: 0.9699097720979852 vs. 0.9699097720979852
--------
nle(id0,id1,dist): 23 29 0.21717416095559372
list:
dist: 0.21717416095559372 vs. 0.21717416095559372
--------
nle(id0,id1,dist): 23 26 1.8198735996968445
list:
dist: 1.8198735996968445 vs. 1.8198735996968445
--------
nle(id0,id1,dist): 23 27 1.1760588893654043
list:
dist: 1.1760588893654043 vs. 1.1760588893654043
--------
nle(id0,id1,dist): 23 24 0.738336280496772
list:
dist: 0.738336280496772 vs. 0.738336280496772
--------
nle(id0,id1,dist): 23 25 2.020097821232711
list:
dist: 2.020097821232711 vs. 2.020097821232711
--------
nle(id0,id1,dist): 21 26 1.836714413409473
list:
dist: 1.836714413409473 vs. 1.836714413409473
--------
nle(id0,id1,dist): 21 27 1.9163097830292914
list:
dist: 1.9163097830292914 vs. 1.9163097830292914
--------
nle(id0,id1,dist): 21 24 1.0632993796406367
list:
dist: 1.0632993796406367 vs. 1.0632993796406367
--------
nle(id0,id1,dist): 21 25 1.0402508382081603
list:
dist: 1.0402508382081603 vs. 1.0402508382081603
--------
nle(id0,id1,dist): 21 28 1.2016401317440266
list:
dist: 1.2016401317440266 vs. 1.2016401317440266
--------
nle(id0,id1,dist): 21 29 1.5837516111586933
list:
dist: 1.5837516111586933 vs. 1.5837516111586933
--------
nle(id0,id1,dist): 21 23 1.6441541986704973
list:
dist: 1.6441541986704973 vs. 1.6441541986704973
--------
nle(id0,id1,dist): 21 22 0.40459478393895165
list:
dist: 0.40459478393895165 vs. 0.40459478393895165
--------
nle(id0,id1,dist): 22 27 2.103578212174069
list:
dist: 2.103578212174069 vs. 2.103578212174069
--------
nle(id0,id1,dist): 22 28 1.384370208817044
list:
dist: 1.384370208817044 vs. 1.384370208817044
--------
nle(id0,id1,dist): 22 29 1.6025360625986729
list:
dist: 1.6025360625986729 vs. 1.6025360625986729
--------
nle(id0,id1,dist): 22 23 1.6122828402068465
list:
dist: 1.6122828402068465 vs. 1.6122828402068465
--------
nle(id0,id1,dist): 22 24 1.038180918021314
list:
dist: 1.038180918021314 vs. 1.038180918021314
--------
nle(id0,id1,dist): 22 25 1.2117832439597152
list:
dist: 1.2117832439597152 vs. 1.2117832439597152
--------
nle(id0,id1,dist): 22 26 2.0014923494948356
list:
dist: 2.0014923494948356 vs. 2.0014923494948356
--------
nle(id0,id1,dist): 19 24 1.5821474340772312
list:
dist: 1.5821474340772312 vs. 1.5821474340772312
--------
nle(id0,id1,dist): 19 25 2.041734619897868
list:
dist: 2.041734619897868 vs. 2.041734619897868
--------
nle(id0,id1,dist): 19 22 2.409751265278836
list:
dist: 2.409751265278836 vs. 2.409751265278836
--------
nle(id0,id1,dist): 19 23 1.7601070831308598
list:
dist: 1.7601070831308598 vs. 1.7601070831308598
--------
nle(id0,id1,dist): 19 20 3.102675503857512
list:
dist: 3.102675503857512 vs. 3.102675503857512
--------
nle(id0,id1,dist): 19 21 2.475373248721213
list:
dist: 2.475373248721213 vs. 2.475373248721213
--------
nle(id0,id1,dist): 19 28 1.7732327336994618
list:
dist: 1.7732327336994618 vs. 1.7732327336994618
--------
nle(id0,id1,dist): 19 29 1.872392812085223
list:
dist: 1.872392812085223 vs. 1.872392812085223
--------
nle(id0,id1,dist): 19 26 1.3915769121146584
list:
dist: 1.3915769121146584 vs. 1.3915769121146584
--------
nle(id0,id1,dist): 19 27 1.8124318825115222
list:
dist: 1.8124318825115222 vs. 1.8124318825115222
--------
nle(id0,id1,dist): 20 29 1.930602119927318
list:
dist: 1.930602119927318 vs. 1.930602119927318
--------
nle(id0,id1,dist): 20 25 1.5364282961727973
list:
dist: 1.5364282961727973 vs. 1.5364282961727973
--------
nle(id0,id1,dist): 20 26 2.308150911886059
list:
dist: 2.308150911886059 vs. 2.308150911886059
--------
nle(id0,id1,dist): 20 27 2.2059758001944587
list:
dist: 2.2059758001944587 vs. 2.2059758001944587
--------
nle(id0,id1,dist): 20 28 1.5810206872538421
list:
dist: 1.5810206872538421 vs. 1.5810206872538421
--------
nle(id0,id1,dist): 20 21 0.689203270193436
list:
dist: 0.689203270193436 vs. 0.689203270193436
--------
nle(id0,id1,dist): 20 22 0.9789315652557582
list:
dist: 0.9789315652557582 vs. 0.9789315652557582
--------
nle(id0,id1,dist): 20 23 2.0423899483222896
list:
dist: 2.0423899483222896 vs. 2.0423899483222896
--------
nle(id0,id1,dist): 20 24 1.619485916191923
list:
dist: 1.619485916191923 vs. 1.619485916191923
--------
nle(id0,id1,dist): 18 22 1.234502268297454
list:
dist: 1.234502268297454 vs. 1.234502268297454
--------
nle(id0,id1,dist): 18 21 1.3804011588967546
list:
dist: 1.3804011588967546 vs. 1.3804011588967546
--------
nle(id0,id1,dist): 18 20 1.4617371586626147
list:
dist: 1.4617371586626147 vs. 1.4617371586626147
--------
nle(id0,id1,dist): 18 19 2.9517043949792052
list:
dist: 2.9517043949792052 vs. 2.9517043949792052
--------
nle(id0,id1,dist): 17 28 1.6100962010534177
list:
dist: 1.6100962010534177 vs. 1.6100962010534177
--------
nle(id0,id1,dist): 17 29 1.6053165369664613
list:
dist: 1.6053165369664613 vs. 1.6053165369664613
--------
nle(id0,id1,dist): 18 23 1.4612144959028766
list:
dist: 1.4612144959028766 vs. 1.4612144959028766
--------
nle(id0,id1,dist): 18 24 1.4790541780519497
list:
dist: 1.4790541780519497 vs. 1.4790541780519497
--------
nle(id0,id1,dist): 18 25 2.3371818638941857
list:
dist: 2.3371818638941857 vs. 2.3371818638941857
--------
nle(id0,id1,dist): 18 26 2.7917754111998305
list:
dist: 2.7917754111998305 vs. 2.7917754111998305
--------
nle(id0,id1,dist): 18 27 2.3357336278485583
list:
dist: 2.3357336278485583 vs. 2.3357336278485583
--------
nle(id0,id1,dist): 18 28 1.8151153521156205
list:
dist: 1.8151153521156205 vs. 1.8151153521156205
--------
nle(id0,id1,dist): 18 29 1.451845651691072
list:
dist: 1.451845651691072 vs. 1.451845651691072
--------
nle(id0,id1,dist): 30 41 1.3528657047269967
list:
dist: 1.3528657047269967 vs. 1.3528657047269967
--------
nle(id0,id1,dist): 30 39 3.58296080394972
list:
dist: 3.58296080394972 vs. 3.58296080394972
--------
nle(id0,id1,dist): 30 37 1.72174580807143
list:
dist: 1.72174580807143 vs. 1.72174580807143
--------
nle(id0,id1,dist): 30 36 3.0690912902777994
list:
dist: 3.0690912902777994 vs. 3.0690912902777994
--------
nle(id0,id1,dist): 30 35 1.8663859516642358
list:
dist: 1.8663859516642358 vs. 1.8663859516642358
--------
nle(id0,id1,dist): 30 34 2.680094635905822
list:
dist: 2.680094635905822 vs. 2.680094635905822
--------
nle(id0,id1,dist): 30 32 1.809688216985871
list:
dist: 1.809688216985871 vs. 1.809688216985871
--------
nle(id0,id1,dist): 30 31 2.0677373921145583
list:
dist: 2.0677373921145583 vs. 2.0677373921145583
--------
nle(id0,id1,dist): 30 57 3.274595490375578
list:
dist: 3.274595490375578 vs. 3.274595490375578
--------
nle(id0,id1,dist): 30 45 1.2674143293583207
list:
dist: 1.2674143293583207 vs. 1.2674143293583207
--------
nle(id0,id1,dist): 30 44 3.2279011954507637
list:
dist: 3.2279011954507637 vs. 3.2279011954507637
--------
nle(id0,id1,dist): 28 29 0.8475328398827544
list:
dist: 0.8475328398827544 vs. 0.8475328398827544
--------
nle(id0,id1,dist): 26 27 1.1935080321323306
list:
dist: 1.1935080321323306 vs. 1.1935080321323306
--------
nle(id0,id1,dist): 26 28 1.0846223510696391
list:
dist: 1.0846223510696391 vs. 1.0846223510696391
--------
nle(id0,id1,dist): 26 29 1.776323245641852
list:
dist: 1.776323245641852 vs. 1.776323245641852
--------
nle(id0,id1,dist): 27 29 1.0394413161015754
list:
dist: 1.0394413161015754 vs. 1.0394413161015754
--------
nle(id0,id1,dist): 27 28 0.7255831899957432
list:
dist: 0.7255831899957432 vs. 0.7255831899957432
--------
nle(id0,id1,dist): 24 25 1.3103201453686715
list:
dist: 1.3103201453686715 vs. 1.3103201453686715
--------
nle(id0,id1,dist): 24 26 1.3792510499121673
list:
dist: 1.3792510499121673 vs. 1.3792510499121673
--------
nle(id0,id1,dist): 24 27 1.245484885806366
list:
dist: 1.245484885806366 vs. 1.245484885806366
--------
nle(id0,id1,dist): 24 28 0.6586114977390523
list:
dist: 0.6586114977390523 vs. 0.6586114977390523
--------
nle(id0,id1,dist): 24 29 0.7577888465583881
list:
dist: 0.7577888465583881 vs. 0.7577888465583881
--------
nle(id0,id1,dist): 25 26 1.1453507191808525
list:
dist: 1.1453507191808525 vs. 1.1453507191808525
--------
nle(id0,id1,dist): 25 27 1.8605699586486062
list:
dist: 1.8605699586486062 vs. 1.8605699586486062
--------
nle(id0,id1,dist): 25 28 1.2757262711249955
list:
dist: 1.2757262711249955 vs. 1.2757262711249955
--------
nle(id0,id1,dist): 25 29 1.9788595159258229
list:
dist: 1.9788595159258229 vs. 1.9788595159258229
--------
nle(id0,id1,dist): 62 80 2.790947490791188
list:
dist: 2.790947490791188 vs. 2.790947490791188
--------
nle(id0,id1,dist): 62 82 3.6915172030767605
list:
dist: 3.6915172030767605 vs. 3.6915172030767605
--------
nle(id0,id1,dist): 62 75 2.897770535626608
list:
dist: 2.897770535626608 vs. 2.897770535626608
--------
nle(id0,id1,dist): 62 77 3.7251459316724946
list:
dist: 3.7251459316724946 vs. 3.7251459316724946
--------
nle(id0,id1,dist): 62 78 4.298666219750231
list:
dist: 4.298666219750231 vs. 4.298666219750231
--------
nle(id0,id1,dist): 62 87 3.9671732000123043
list:
dist: 3.9671732000123043 vs. 3.9671732000123043
--------
nle(id0,id1,dist): 62 84 4.126377991499938
list:
dist: 4.126377991499938 vs. 4.126377991499938
--------
nle(id0,id1,dist): 62 64 1.6646922673896485
list:
dist: 1.6646922673896485 vs. 1.6646922673896485
--------
nle(id0,id1,dist): 62 63 4.103051483482663
list:
dist: 4.103051483482663 vs. 4.103051483482663
--------
nle(id0,id1,dist): 62 66 2.3549320395271525
list:
dist: 2.3549320395271525 vs. 2.3549320395271525
--------
nle(id0,id1,dist): 62 65 1.469006223950269
list:
dist: 1.469006223950269 vs. 1.469006223950269
--------
nle(id0,id1,dist): 62 72 2.227953042504824
list:
dist: 2.227953042504824 vs. 2.227953042504824
--------
nle(id0,id1,dist): 62 71 2.984462736483181
list:
dist: 2.984462736483181 vs. 2.984462736483181
--------
nle(id0,id1,dist): 62 74 3.1108585355845726
list:
dist: 3.1108585355845726 vs. 3.1108585355845726
--------
nle(id0,id1,dist): 62 73 0.9489067780848212
list:
dist: 0.9489067780848212 vs. 0.9489067780848212
--------
nle(id0,id1,dist): 62 68 2.0312730336649576
list:
dist: 2.0312730336649576 vs. 2.0312730336649576
--------
nle(id0,id1,dist): 62 70 2.050391258715322
list:
dist: 2.050391258715322 vs. 2.050391258715322
--------
nle(id0,id1,dist): 62 69 3.683974189457273
list:
dist: 3.683974189457273 vs. 3.683974189457273
--------
nle(id0,id1,dist): 61 87 2.6102882345816503
list:
dist: 2.6102882345816503 vs. 2.6102882345816503
--------
nle(id0,id1,dist): 61 84 2.3078017760039513
list:
dist: 2.3078017760039513 vs. 2.3078017760039513
--------
nle(id0,id1,dist): 61 82 1.8303536198930657
list:
dist: 1.8303536198930657 vs. 1.8303536198930657
--------
nle(id0,id1,dist): 61 80 1.3839325321643356
list:
dist: 1.3839325321643356 vs. 1.3839325321643356
--------
nle(id0,id1,dist): 61 71 1.2425071037086686
list:
dist: 1.2425071037086686 vs. 1.2425071037086686
--------
nle(id0,id1,dist): 61 70 1.0724491801258673
list:
dist: 1.0724491801258673 vs. 1.0724491801258673
--------
nle(id0,id1,dist): 61 69 1.7043256603275274
list:
dist: 1.7043256603275274 vs. 1.7043256603275274
--------
nle(id0,id1,dist): 61 66 0.9752778113094686
list:
dist: 0.9752778113094686 vs. 0.9752778113094686
--------
nle(id0,id1,dist): 61 65 1.3459059777117077
list:
dist: 1.3459059777117077 vs. 1.3459059777117077
--------
nle(id0,id1,dist): 61 64 1.3332734096914787
list:
dist: 1.3332734096914787 vs. 1.3332734096914787
--------
nle(id0,id1,dist): 61 79 4.008554569162515
list:
dist: 4.008554569162515 vs. 4.008554569162515
--------
nle(id0,id1,dist): 61 77 3.2175385280750253
list:
dist: 3.2175385280750253 vs. 3.2175385280750253
--------
nle(id0,id1,dist): 61 75 2.2710733825976606
list:
dist: 2.2710733825976606 vs. 2.2710733825976606
--------
nle(id0,id1,dist): 61 74 2.875755607036546
list:
dist: 2.875755607036546 vs. 2.875755607036546
--------
nle(id0,id1,dist): 61 72 1.683935123917075
list:
dist: 1.683935123917075 vs. 1.683935123917075
--------
nle(id0,id1,dist): 64 65 0.6603472328466745
list:
dist: 0.6603472328466745 vs. 0.6603472328466745
--------
nle(id0,id1,dist): 64 66 0.8162171214804862
list:
dist: 0.8162171214804862 vs. 0.8162171214804862
--------
nle(id0,id1,dist): 64 68 1.7429784190389637
list:
dist: 1.7429784190389637 vs. 1.7429784190389637
--------
nle(id0,id1,dist): 64 69 2.2846504123323803
list:
dist: 2.2846504123323803 vs. 2.2846504123323803
--------
nle(id0,id1,dist): 64 70 0.9420881256389616
list:
dist: 0.9420881256389616 vs. 0.9420881256389616
--------
nle(id0,id1,dist): 64 71 1.9515015080334521
list:
dist: 1.9515015080334521 vs. 1.9515015080334521
--------
nle(id0,id1,dist): 64 72 1.190616006428589
list:
dist: 1.190616006428589 vs. 1.190616006428589
--------
nle(id0,id1,dist): 64 73 1.2109631752571628
list:
dist: 1.2109631752571628 vs. 1.2109631752571628
--------
nle(id0,id1,dist): 64 74 2.7710147428699123
list:
dist: 2.7710147428699123 vs. 2.7710147428699123
--------
nle(id0,id1,dist): 64 75 1.6804222133770392
list:
dist: 1.6804222133770392 vs. 1.6804222133770392
--------
nle(id0,id1,dist): 64 77 2.84950915166607
list:
dist: 2.84950915166607 vs. 2.84950915166607
--------
nle(id0,id1,dist): 64 78 3.36159870731425
list:
dist: 3.36159870731425 vs. 3.36159870731425
--------
nle(id0,id1,dist): 64 79 3.529162886641159
list:
dist: 3.529162886641159 vs. 3.529162886641159
--------
nle(id0,id1,dist): 64 80 1.6153142630571515
list:
dist: 1.6153142630571515 vs. 1.6153142630571515
--------
nle(id0,id1,dist): 63 87 1.325543455725097
list:
dist: 1.325543455725097 vs. 1.325543455725097
--------
nle(id0,id1,dist): 63 86 3.495837249881034
list:
dist: 3.495837249881034 vs. 3.495837249881034
--------
nle(id0,id1,dist): 63 72 2.3365391301614054
list:
dist: 2.3365391301614054 vs. 2.3365391301614054
--------
nle(id0,id1,dist): 63 70 2.1393014202653893
list:
dist: 2.1393014202653893 vs. 2.1393014202653893
--------
nle(id0,id1,dist): 63 71 1.1423839783730634
list:
dist: 1.1423839783730634 vs. 1.1423839783730634
--------
nle(id0,id1,dist): 63 76 2.931876896070697
list:
dist: 2.931876896070697 vs. 2.931876896070697
--------
nle(id0,id1,dist): 63 77 2.695401887202389
list:
dist: 2.695401887202389 vs. 2.695401887202389
--------
nle(id0,id1,dist): 63 74 2.8291542114244015
list:
dist: 2.8291542114244015 vs. 2.8291542114244015
--------
nle(id0,id1,dist): 63 75 2.35500276163103
list:
dist: 2.35500276163103 vs. 2.35500276163103
--------
nle(id0,id1,dist): 63 80 1.4480509087658688
list:
dist: 1.4480509087658688 vs. 1.4480509087658688
--------
nle(id0,id1,dist): 63 81 2.501606725520356
list:
dist: 2.501606725520356 vs. 2.501606725520356
--------
nle(id0,id1,dist): 63 79 3.0621007046122255
list:
dist: 3.0621007046122255 vs. 3.0621007046122255
--------
nle(id0,id1,dist): 63 84 0.9270484709262485
list:
dist: 0.9270484709262485 vs. 0.9270484709262485
--------
nle(id0,id1,dist): 63 85 2.616271729346196
list:
dist: 2.616271729346196 vs. 2.616271729346196
--------
nle(id0,id1,dist): 63 82 1.5683951991096607
list:
dist: 1.5683951991096607 vs. 1.5683951991096607
--------
nle(id0,id1,dist): 63 83 1.722947773330678
list:
dist: 1.722947773330678 vs. 1.722947773330678
--------
nle(id0,id1,dist): 63 65 3.25250142979596
list:
dist: 3.25250142979596 vs. 3.25250142979596
--------
nle(id0,id1,dist): 63 64 2.878993659975131
list:
dist: 2.878993659975131 vs. 2.878993659975131
--------
nle(id0,id1,dist): 63 69 0.8154453019313194
list:
dist: 0.8154453019313194 vs. 0.8154453019313194
--------
nle(id0,id1,dist): 63 66 2.1927133055445127
list:
dist: 2.1927133055445127 vs. 2.1927133055445127
--------
nle(id0,id1,dist): 58 59 1.6411976598688323
list:
dist: 1.6411976598688323 vs. 1.6411976598688323
--------
nle(id0,id1,dist): 61 63 2.160110969290801
list:
dist: 2.160110969290801 vs. 2.160110969290801
--------
nle(id0,id1,dist): 61 62 2.207360711904535
list:
dist: 2.207360711904535 vs. 2.207360711904535
--------
nle(id0,id1,dist): 60 87 2.1360295806568423
list:
dist: 2.1360295806568423 vs. 2.1360295806568423
--------
nle(id0,id1,dist): 60 77 2.6887888040698327
list:
dist: 2.6887888040698327 vs. 2.6887888040698327
--------
nle(id0,id1,dist): 60 78 3.5497687933683304
list:
dist: 3.5497687933683304 vs. 3.5497687933683304
--------
nle(id0,id1,dist): 60 79 3.7088712653899054
list:
dist: 3.7088712653899054 vs. 3.7088712653899054
--------
nle(id0,id1,dist): 60 80 0.942218623595727
list:
dist: 0.942218623595727 vs. 0.942218623595727
--------
nle(id0,id1,dist): 60 82 1.5353669246355663
list:
dist: 1.5353669246355663 vs. 1.5353669246355663
--------
nle(id0,id1,dist): 60 84 1.8447584157387253
list:
dist: 1.8447584157387253 vs. 1.8447584157387253
--------
nle(id0,id1,dist): 60 69 1.6263416549403884
list:
dist: 1.6263416549403884 vs. 1.6263416549403884
--------
nle(id0,id1,dist): 60 70 0.8293020906723843
list:
dist: 0.8293020906723843 vs. 0.8293020906723843
--------
nle(id0,id1,dist): 60 71 0.745507366966774
list:
dist: 0.745507366966774 vs. 0.745507366966774
--------
nle(id0,id1,dist): 60 72 1.34881977933795
list:
dist: 1.34881977933795 vs. 1.34881977933795
--------
nle(id0,id1,dist): 60 73 2.281446959775032
list:
dist: 2.281446959775032 vs. 2.281446959775032
--------
nle(id0,id1,dist): 60 74 2.2218703909631334
list:
dist: 2.2218703909631334 vs. 2.2218703909631334
--------
nle(id0,id1,dist): 60 75 1.962234206818967
list:
dist: 1.962234206818967 vs. 1.962234206818967
--------
nle(id0,id1,dist): 60 64 1.5557796826075423
list:
dist: 1.5557796826075423 vs. 1.5557796826075423
--------
nle(id0,id1,dist): 60 63 1.8515564685761365
list:
dist: 1.8515564685761365 vs. 1.8515564685761365
--------
nle(id0,id1,dist): 60 62 2.316500146596822
list:
dist: 2.316500146596822 vs. 2.316500146596822
--------
nle(id0,id1,dist): 60 61 0.7211781113644503
list:
dist: 0.7211781113644503 vs. 0.7211781113644503
--------
nle(id0,id1,dist): 60 68 3.0293031633194873
list:
dist: 3.0293031633194873 vs. 3.0293031633194873
--------
nle(id0,id1,dist): 60 66 1.2672197648781702
list:
dist: 1.2672197648781702 vs. 1.2672197648781702
--------
nle(id0,id1,dist): 60 65 1.7899059188666047
list:
dist: 1.7899059188666047 vs. 1.7899059188666047
--------
nle(id0,id1,dist): 69 71 1.074000970396344
list:
dist: 1.074000970396344 vs. 1.074000970396344
--------
nle(id0,id1,dist): 69 70 1.7423871784069793
list:
dist: 1.7423871784069793 vs. 1.7423871784069793
--------
nle(id0,id1,dist): 69 79 2.952319285863116
list:
dist: 2.952319285863116 vs. 2.952319285863116
--------
nle(id0,id1,dist): 69 76 3.1859476398756947
list:
dist: 3.1859476398756947 vs. 3.1859476398756947
--------
nle(id0,id1,dist): 69 77 2.7529697788780023
list:
dist: 2.7529697788780023 vs. 2.7529697788780023
--------
nle(id0,id1,dist): 69 74 2.984017294780148
list:
dist: 2.984017294780148 vs. 2.984017294780148
--------
nle(id0,id1,dist): 69 75 2.042652176516907
list:
dist: 2.042652176516907 vs. 2.042652176516907
--------
nle(id0,id1,dist): 69 72 2.0113613022359775
list:
dist: 2.0113613022359775 vs. 2.0113613022359775
--------
nle(id0,id1,dist): 69 86 3.853815839088304
list:
dist: 3.853815839088304 vs. 3.853815839088304
--------
nle(id0,id1,dist): 69 87 1.539480896189965
list:
dist: 1.539480896189965 vs. 1.539480896189965
--------
nle(id0,id1,dist): 69 84 1.5998826294778101
list:
dist: 1.5998826294778101 vs. 1.5998826294778101
--------
nle(id0,id1,dist): 69 85 2.8994649647917417
list:
dist: 2.8994649647917417 vs. 2.8994649647917417
--------
nle(id0,id1,dist): 69 82 1.8637384949009577
list:
dist: 1.8637384949009577 vs. 1.8637384949009577
--------
nle(id0,id1,dist): 69 83 2.0447874367834222
list:
dist: 2.0447874367834222 vs. 2.0447874367834222
--------
nle(id0,id1,dist): 69 80 1.208946528717512
list:
dist: 1.208946528717512 vs. 1.208946528717512
--------
nle(id0,id1,dist): 69 81 3.132133692431248
list:
dist: 3.132133692431248 vs. 3.132133692431248
--------
nle(id0,id1,dist): 67 102 3.027127360408985
list:
dist: 3.027127360408985 vs. 3.027127360408985
--------
nle(id0,id1,dist): 67 105 3.4078555588305153
list:
dist: 3.4078555588305153 vs. 3.4078555588305153
--------
nle(id0,id1,dist): 67 104 3.0553393304413734
list:
dist: 3.0553393304413734 vs. 3.0553393304413734
--------
nle(id0,id1,dist): 67 99 2.4231192689087013
list:
dist: 2.4231192689087013 vs. 2.4231192689087013
--------
nle(id0,id1,dist): 67 98 2.640514435680044
list:
dist: 2.640514435680044 vs. 2.640514435680044
--------
nle(id0,id1,dist): 68 74 3.0361381724858925
list:
dist: 3.0361381724858925 vs. 3.0361381724858925
--------
nle(id0,id1,dist): 67 111 1.2854824961391003
list:
dist: 1.2854824961391003 vs. 1.2854824961391003
--------
nle(id0,id1,dist): 67 110 2.148741694674934
list:
dist: 2.148741694674934 vs. 2.148741694674934
--------
nle(id0,id1,dist): 68 73 1.1215999592545762
list:
dist: 1.1215999592545762 vs. 1.1215999592545762
--------
nle(id0,id1,dist): 67 113 2.5051043885367026
list:
dist: 2.5051043885367026 vs. 2.5051043885367026
--------
nle(id0,id1,dist): 67 112 1.398996483894165
list:
dist: 1.398996483894165 vs. 1.398996483894165
--------
nle(id0,id1,dist): 68 75 2.101177086100411
list:
dist: 2.101177086100411 vs. 2.101177086100411
--------
nle(id0,id1,dist): 68 70 2.26270798800295
list:
dist: 2.26270798800295 vs. 2.26270798800295
--------
nle(id0,id1,dist): 67 107 3.28183232098883
list:
dist: 3.28183232098883 vs. 3.28183232098883
--------
nle(id0,id1,dist): 67 106 2.4432159399980273
list:
dist: 2.4432159399980273 vs. 2.4432159399980273
--------
nle(id0,id1,dist): 68 72 1.9746003074810363
list:
dist: 1.9746003074810363 vs. 1.9746003074810363
--------
nle(id0,id1,dist): 67 109 3.0450621562801934
list:
dist: 3.0450621562801934 vs. 3.0450621562801934
--------
nle(id0,id1,dist): 67 108 2.117377732698476
list:
dist: 2.117377732698476 vs. 2.117377732698476
--------
nle(id0,id1,dist): 67 118 1.9693536920638453
list:
dist: 1.9693536920638453 vs. 1.9693536920638453
--------
nle(id0,id1,dist): 67 119 1.7950895166479144
list:
dist: 1.7950895166479144 vs. 1.7950895166479144
--------
nle(id0,id1,dist): 68 77 2.9330492094235376
list:
dist: 2.9330492094235376 vs. 2.9330492094235376
--------
nle(id0,id1,dist): 67 114 2.806419009873083
list:
dist: 2.806419009873083 vs. 2.806419009873083
--------
nle(id0,id1,dist): 67 115 3.1036747791275405
list:
dist: 3.1036747791275405 vs. 3.1036747791275405
--------
nle(id0,id1,dist): 68 78 3.027164688981353
list:
dist: 3.027164688981353 vs. 3.027164688981353
--------
nle(id0,id1,dist): 68 79 3.6045148705311543
list:
dist: 3.6045148705311543 vs. 3.6045148705311543
--------
nle(id0,id1,dist): 67 116 1.6448595772499057
list:
dist: 1.6448595772499057 vs. 1.6448595772499057
--------
nle(id0,id1,dist): 67 117 1.628443611007815
list:
dist: 1.628443611007815 vs. 1.628443611007815
--------
nle(id0,id1,dist): 68 80 2.830714911299773
list:
dist: 2.830714911299773 vs. 2.830714911299773
--------
nle(id0,id1,dist): 68 87 3.580618957028032
list:
dist: 3.580618957028032 vs. 3.580618957028032
--------
nle(id0,id1,dist): 70 84 2.3762340237617092
list:
dist: 2.3762340237617092 vs. 2.3762340237617092
--------
nle(id0,id1,dist): 70 87 1.984804611111452
list:
dist: 1.984804611111452 vs. 1.984804611111452
--------
nle(id0,id1,dist): 71 72 1.4313047263564698
list:
dist: 1.4313047263564698 vs. 1.4313047263564698
--------
nle(id0,id1,dist): 71 76 3.261516657481228
list:
dist: 3.261516657481228 vs. 3.261516657481228
--------
nle(id0,id1,dist): 71 77 2.358026360063782
list:
dist: 2.358026360063782 vs. 2.358026360063782
--------
nle(id0,id1,dist): 71 74 2.140487018906169
list:
dist: 2.140487018906169 vs. 2.140487018906169
--------
nle(id0,id1,dist): 71 75 1.7803057610450594
list:
dist: 1.7803057610450594 vs. 1.7803057610450594
--------
nle(id0,id1,dist): 70 71 1.1090534873435551
list:
dist: 1.1090534873435551 vs. 1.1090534873435551
--------
nle(id0,id1,dist): 70 72 0.6119895147311304
list:
dist: 0.6119895147311304 vs. 0.6119895147311304
--------
nle(id0,id1,dist): 70 73 1.7000576241203984
list:
dist: 1.7000576241203984 vs. 1.7000576241203984
--------
nle(id0,id1,dist): 70 74 2.022167489445995
list:
dist: 2.022167489445995 vs. 2.022167489445995
--------
nle(id0,id1,dist): 70 75 1.2722254337045147
list:
dist: 1.2722254337045147 vs. 1.2722254337045147
--------
nle(id0,id1,dist): 70 77 2.2321104211970386
list:
dist: 2.2321104211970386 vs. 2.2321104211970386
--------
nle(id0,id1,dist): 70 78 2.960851340277215
list:
dist: 2.960851340277215 vs. 2.960851340277215
--------
nle(id0,id1,dist): 70 79 3.1793549477695615
list:
dist: 3.1793549477695615 vs. 3.1793549477695615
--------
nle(id0,id1,dist): 70 80 0.7616505689300774
list:
dist: 0.7616505689300774 vs. 0.7616505689300774
--------
nle(id0,id1,dist): 70 82 2.3035749988798355
list:
dist: 2.3035749988798355 vs. 2.3035749988798355
--------
nle(id0,id1,dist): 65 87 3.318528168192569
list:
dist: 3.318528168192569 vs. 3.318528168192569
--------
nle(id0,id1,dist): 65 84 3.5470877013733646
list:
dist: 3.5470877013733646 vs. 3.5470877013733646
--------
nle(id0,id1,dist): 65 82 3.167019322725012
list:
dist: 3.167019322725012 vs. 3.167019322725012
--------
nle(id0,id1,dist): 65 80 2.113412825295293
list:
dist: 2.113412825295293 vs. 2.113412825295293
--------
nle(id0,id1,dist): 65 78 4.018390154376386
list:
dist: 4.018390154376386 vs. 4.018390154376386
--------
nle(id0,id1,dist): 65 79 4.162287408416339
list:
dist: 4.162287408416339 vs. 4.162287408416339
--------
nle(id0,id1,dist): 65 77 3.490868491396893
list:
dist: 3.490868491396893 vs. 3.490868491396893
--------
nle(id0,id1,dist): 66 70 0.882108464099064
list:
dist: 0.882108464099064 vs. 0.882108464099064
--------
nle(id0,id1,dist): 66 69 1.5197070410944367
list:
dist: 1.5197070410944367 vs. 1.5197070410944367
--------
nle(id0,id1,dist): 66 68 2.4467973401300926
list:
dist: 2.4467973401300926 vs. 2.4467973401300926
--------
nle(id0,id1,dist): 64 87 2.750393444800546
list:
dist: 2.750393444800546 vs. 2.750393444800546
--------
nle(id0,id1,dist): 64 82 3.0299770679063367
list:
dist: 3.0299770679063367 vs. 3.0299770679063367
--------
nle(id0,id1,dist): 64 84 3.229042339009369
list:
dist: 3.229042339009369 vs. 3.229042339009369
--------
nle(id0,id1,dist): 65 73 1.3519398735064019
list:
dist: 1.3519398735064019 vs. 1.3519398735064019
--------
nle(id0,id1,dist): 65 72 1.801414498444197
list:
dist: 1.801414498444197 vs. 1.801414498444197
--------
nle(id0,id1,dist): 65 75 2.338094974859583
list:
dist: 2.338094974859583 vs. 2.338094974859583
--------
nle(id0,id1,dist): 65 74 3.289448936713206
list:
dist: 3.289448936713206 vs. 3.289448936713206
--------
nle(id0,id1,dist): 65 69 2.630985744306829
list:
dist: 2.630985744306829 vs. 2.630985744306829
--------
nle(id0,id1,dist): 65 68 2.0654776605206195
list:
dist: 2.0654776605206195 vs. 2.0654776605206195
--------
nle(id0,id1,dist): 65 71 2.316572643494182
list:
dist: 2.316572643494182 vs. 2.316572643494182
--------
nle(id0,id1,dist): 65 70 1.4328932332794835
list:
dist: 1.4328932332794835 vs. 1.4328932332794835
--------
nle(id0,id1,dist): 65 66 1.147719245948865
list:
dist: 1.147719245948865 vs. 1.147719245948865
--------
nle(id0,id1,dist): 67 76 2.905773243526612
list:
dist: 2.905773243526612 vs. 2.905773243526612
--------
nle(id0,id1,dist): 67 79 2.759841501119555
list:
dist: 2.759841501119555 vs. 2.759841501119555
--------
nle(id0,id1,dist): 67 93 2.900264502397477
list:
dist: 2.900264502397477 vs. 2.900264502397477
--------
nle(id0,id1,dist): 67 97 3.110076387709001
list:
dist: 3.110076387709001 vs. 3.110076387709001
--------
nle(id0,id1,dist): 67 96 2.8306438424423064
list:
dist: 2.8306438424423064 vs. 2.8306438424423064
--------
nle(id0,id1,dist): 67 95 2.1955069546013015
list:
dist: 2.1955069546013015 vs. 2.1955069546013015
--------
nle(id0,id1,dist): 67 86 2.201839915476952
list:
dist: 2.201839915476952 vs. 2.201839915476952
--------
nle(id0,id1,dist): 66 79 3.288518878420723
list:
dist: 3.288518878420723 vs. 3.288518878420723
--------
nle(id0,id1,dist): 66 80 1.210794218110484
list:
dist: 1.210794218110484 vs. 1.210794218110484
--------
nle(id0,id1,dist): 66 82 2.5118247186186875
list:
dist: 2.5118247186186875 vs. 2.5118247186186875
--------
nle(id0,id1,dist): 66 84 2.6595591659823707
list:
dist: 2.6595591659823707 vs. 2.6595591659823707
--------
nle(id0,id1,dist): 66 71 1.4441120755509045
list:
dist: 1.4441120755509045 vs. 1.4441120755509045
--------
nle(id0,id1,dist): 66 72 1.2949942181035534
list:
dist: 1.2949942181035534 vs. 1.2949942181035534
--------
nle(id0,id1,dist): 66 73 2.0064208574291764
list:
dist: 2.0064208574291764 vs. 2.0064208574291764
--------
nle(id0,id1,dist): 66 74 2.860862434231897
list:
dist: 2.860862434231897 vs. 2.860862434231897
--------
nle(id0,id1,dist): 66 75 1.6477187322561795
list:
dist: 1.6477187322561795 vs. 1.6477187322561795
--------
nle(id0,id1,dist): 66 77 2.813644157120753
list:
dist: 2.813644157120753 vs. 2.813644157120753
--------
nle(id0,id1,dist): 66 78 3.389422205576338
list:
dist: 3.389422205576338 vs. 3.389422205576338
--------
nle(id0,id1,dist): 66 87 2.309961818942328
list:
dist: 2.309961818942328 vs. 2.309961818942328
--------
nle(id0,id1,dist): 48 51 1.2541697987355784
list:
dist: 1.2541697987355784 vs. 1.2541697987355784
--------
nle(id0,id1,dist): 48 52 1.2987305519078904
list:
dist: 1.2987305519078904 vs. 1.2987305519078904
--------
nle(id0,id1,dist): 48 49 2.518447416886878
list:
dist: 2.518447416886878 vs. 2.518447416886878
--------
nle(id0,id1,dist): 48 50 2.070033630396084
list:
dist: 2.070033630396084 vs. 2.070033630396084
--------
nle(id0,id1,dist): 48 55 1.3540176877374315
list:
dist: 1.3540176877374315 vs. 1.3540176877374315
--------
nle(id0,id1,dist): 48 56 0.9416219442643556
list:
dist: 0.9416219442643556 vs. 0.9416219442643556
--------
nle(id0,id1,dist): 48 54 1.726722158275061
list:
dist: 1.726722158275061 vs. 1.726722158275061
--------
nle(id0,id1,dist): 48 59 2.5037078181305645
list:
dist: 2.5037078181305645 vs. 2.5037078181305645
--------
nle(id0,id1,dist): 48 57 2.0625116148835123
list:
dist: 2.0625116148835123 vs. 2.0625116148835123
--------
nle(id0,id1,dist): 48 58 1.7653265351084446
list:
dist: 1.7653265351084446 vs. 1.7653265351084446
--------
nle(id0,id1,dist): 49 50 1.4793192987273354
list:
dist: 1.4793192987273354 vs. 1.4793192987273354
--------
nle(id0,id1,dist): 49 52 2.3320395220321553
list:
dist: 2.3320395220321553 vs. 2.3320395220321553
--------
nle(id0,id1,dist): 49 54 1.0796854285268833
list:
dist: 1.0796854285268833 vs. 1.0796854285268833
--------
nle(id0,id1,dist): 49 55 1.7211445830182373
list:
dist: 1.7211445830182373 vs. 1.7211445830182373
--------
nle(id0,id1,dist): 49 56 2.9802570105546184
list:
dist: 2.9802570105546184 vs. 2.9802570105546184
--------
nle(id0,id1,dist): 49 57 1.467341905355934
list:
dist: 1.467341905355934 vs. 1.467341905355934
--------
nle(id0,id1,dist): 49 58 2.421187557286318
list:
dist: 2.421187557286318 vs. 2.421187557286318
--------
nle(id0,id1,dist): 49 59 1.361864710899989
list:
dist: 1.361864710899989 vs. 1.361864710899989
--------
nle(id0,id1,dist): 50 54 1.4397986683823505
list:
dist: 1.4397986683823505 vs. 1.4397986683823505
--------
nle(id0,id1,dist): 50 52 1.5664244376163858
list:
dist: 1.5664244376163858 vs. 1.5664244376163858
--------
nle(id0,id1,dist): 50 59 1.563329584389289
list:
dist: 1.563329584389289 vs. 1.563329584389289
--------
nle(id0,id1,dist): 50 56 2.900743625700486
list:
dist: 2.900743625700486 vs. 2.900743625700486
--------
nle(id0,id1,dist): 50 55 2.1121706137960428
list:
dist: 2.1121706137960428 vs. 2.1121706137960428
--------
nle(id0,id1,dist): 50 58 1.4491296785156558
list:
dist: 1.4491296785156558 vs. 1.4491296785156558
--------
nle(id0,id1,dist): 50 57 2.198402580434552
list:
dist: 2.198402580434552 vs. 2.198402580434552
--------
nle(id0,id1,dist): 44 55 2.68213564487959
list:
dist: 2.68213564487959 vs. 2.68213564487959
--------
nle(id0,id1,dist): 44 56 3.469059646904411
list:
dist: 3.469059646904411 vs. 3.469059646904411
--------
nle(id0,id1,dist): 44 54 2.402139371082685
list:
dist: 2.402139371082685 vs. 2.402139371082685
--------
nle(id0,id1,dist): 44 59 2.915086202533202
list:
dist: 2.915086202533202 vs. 2.915086202533202
--------
nle(id0,id1,dist): 44 57 1.3816575498986423
list:
dist: 1.3816575498986423 vs. 1.3816575498986423
--------
nle(id0,id1,dist): 45 57 2.161645302168762
list:
dist: 2.161645302168762 vs. 2.161645302168762
--------
nle(id0,id1,dist): 46 59 2.3640260250165146
list:
dist: 2.3640260250165146 vs. 2.3640260250165146
--------
nle(id0,id1,dist): 46 57 2.6956504988284937
list:
dist: 2.6956504988284937 vs. 2.6956504988284937
--------
nle(id0,id1,dist): 46 54 2.552965039076675
list:
dist: 2.552965039076675 vs. 2.552965039076675
--------
nle(id0,id1,dist): 46 49 1.5441169620132504
list:
dist: 1.5441169620132504 vs. 1.5441169620132504
--------
nle(id0,id1,dist): 46 50 2.32145971370038
list:
dist: 2.32145971370038 vs. 2.32145971370038
--------
nle(id0,id1,dist): 47 59 1.9308223962970084
list:
dist: 1.9308223962970084 vs. 1.9308223962970084
--------
nle(id0,id1,dist): 47 58 1.9919713518013489
list:
dist: 1.9919713518013489 vs. 1.9919713518013489
--------
nle(id0,id1,dist): 47 55 0.35038753514241056
list:
dist: 0.35038753514241056 vs. 0.35038753514241056
--------
nle(id0,id1,dist): 47 54 1.1093480421931767
list:
dist: 1.1093480421931767 vs. 1.1093480421931767
--------
nle(id0,id1,dist): 47 57 1.781881003552795
list:
dist: 1.781881003552795 vs. 1.781881003552795
--------
nle(id0,id1,dist): 47 56 1.1822326203480655
list:
dist: 1.1822326203480655 vs. 1.1822326203480655
--------
nle(id0,id1,dist): 47 50 2.252256791046517
list:
dist: 2.252256791046517 vs. 2.252256791046517
--------
nle(id0,id1,dist): 47 51 1.9040454224339227
list:
dist: 1.9040454224339227 vs. 1.9040454224339227
--------
nle(id0,id1,dist): 47 52 1.5244805944374376
list:
dist: 1.5244805944374376 vs. 1.5244805944374376
--------
nle(id0,id1,dist): 47 48 1.1785847957400295
list:
dist: 1.1785847957400295 vs. 1.1785847957400295
--------
nle(id0,id1,dist): 47 49 2.0369187924552645
list:
dist: 2.0369187924552645 vs. 2.0369187924552645
--------
nle(id0,id1,dist): 55 56 1.4300719570200382
list:
dist: 1.4300719570200382 vs. 1.4300719570200382
--------
nle(id0,id1,dist): 55 57 1.5074719393432572
list:
dist: 1.5074719393432572 vs. 1.5074719393432572
--------
nle(id0,id1,dist): 55 58 2.065854902318228
list:
dist: 2.065854902318228 vs. 2.065854902318228
--------
nle(id0,id1,dist): 55 59 1.769529685154298
list:
dist: 1.769529685154298 vs. 1.769529685154298
--------
nle(id0,id1,dist): 56 58 2.54628280290229
list:
dist: 2.54628280290229 vs. 2.54628280290229
--------
nle(id0,id1,dist): 56 57 2.2217533589365654
list:
dist: 2.2217533589365654 vs. 2.2217533589365654
--------
nle(id0,id1,dist): 56 59 3.022642853954372
list:
dist: 3.022642853954372 vs. 3.022642853954372
--------
nle(id0,id1,dist): 57 59 2.499090704339599
list:
dist: 2.499090704339599 vs. 2.499090704339599
--------
nle(id0,id1,dist): 51 58 2.855735086137644
list:
dist: 2.855735086137644 vs. 2.855735086137644
--------
nle(id0,id1,dist): 51 52 2.3741800088919813
list:
dist: 2.3741800088919813 vs. 2.3741800088919813
--------
nle(id0,id1,dist): 51 55 2.1641769995966067
list:
dist: 2.1641769995966067 vs. 2.1641769995966067
--------
nle(id0,id1,dist): 51 56 0.765746138696681
list:
dist: 0.765746138696681 vs. 0.765746138696681
--------
nle(id0,id1,dist): 52 55 1.644020842639731
list:
dist: 1.644020842639731 vs. 1.644020842639731
--------
nle(id0,id1,dist): 52 56 2.0317841094169156
list:
dist: 2.0317841094169156 vs. 2.0317841094169156
--------
nle(id0,id1,dist): 52 54 1.427483906091304
list:
dist: 1.427483906091304 vs. 1.427483906091304
--------
nle(id0,id1,dist): 52 59 1.6863743319193338
list:
dist: 1.6863743319193338 vs. 1.6863743319193338
--------
nle(id0,id1,dist): 52 58 0.5211685429348407
list:
dist: 0.5211685429348407 vs. 0.5211685429348407
--------
nle(id0,id1,dist): 53 68 1.6729470915059335
list:
dist: 1.6729470915059335 vs. 1.6729470915059335
--------
nle(id0,id1,dist): 53 70 2.7669151367251708
list:
dist: 2.7669151367251708 vs. 2.7669151367251708
--------
nle(id0,id1,dist): 53 65 2.305303881732683
list:
dist: 2.305303881732683 vs. 2.305303881732683
--------
nle(id0,id1,dist): 53 64 2.3348191681324786
list:
dist: 2.3348191681324786 vs. 2.3348191681324786
--------
nle(id0,id1,dist): 53 66 3.1300728159574915
list:
dist: 3.1300728159574915 vs. 3.1300728159574915
--------
nle(id0,id1,dist): 53 60 3.2287244049421098
list:
dist: 3.2287244049421098 vs. 3.2287244049421098
--------
nle(id0,id1,dist): 53 62 1.1522265248928065
list:
dist: 1.1522265248928065 vs. 1.1522265248928065
--------
nle(id0,id1,dist): 53 87 4.476987453623557
list:
dist: 4.476987453623557 vs. 4.476987453623557
--------
nle(id0,id1,dist): 53 80 3.474563858696712
list:
dist: 3.474563858696712 vs. 3.474563858696712
--------
nle(id0,id1,dist): 53 78 4.2370054096399015
list:
dist: 4.2370054096399015 vs. 4.2370054096399015
--------
nle(id0,id1,dist): 53 77 3.869448071139576
list:
dist: 3.869448071139576 vs. 3.869448071139576
--------
nle(id0,id1,dist): 53 74 3.357018533864049
list:
dist: 3.357018533864049 vs. 3.357018533864049
--------
nle(id0,id1,dist): 53 75 3.199560037645243
list:
dist: 3.199560037645243 vs. 3.199560037645243
--------
nle(id0,id1,dist): 53 72 2.6993909664383193
list:
dist: 2.6993909664383193 vs. 2.6993909664383193
--------
nle(id0,id1,dist): 53 73 1.1486500257954493
list:
dist: 1.1486500257954493 vs. 1.1486500257954493
--------
nle(id0,id1,dist): 54 59 0.9670307255183455
list:
dist: 0.9670307255183455 vs. 0.9670307255183455
--------
nle(id0,id1,dist): 54 58 1.6536438123582238
list:
dist: 1.6536438123582238 vs. 1.6536438123582238
--------
nle(id0,id1,dist): 54 57 1.651422300090792
list:
dist: 1.651422300090792 vs. 1.651422300090792
--------
nle(id0,id1,dist): 54 56 2.1699164878190684
list:
dist: 2.1699164878190684 vs. 2.1699164878190684
--------
nle(id0,id1,dist): 54 55 0.8838046681200755
list:
dist: 0.8838046681200755 vs. 0.8838046681200755
--------
nle(id0,id1,dist): 93 112 1.892734505725973
list:
dist: 1.892734505725973 vs. 1.892734505725973
--------
nle(id0,id1,dist): 93 113 2.593705342938306
list:
dist: 2.593705342938306 vs. 2.593705342938306
--------
nle(id0,id1,dist): 93 114 1.9982913249152225
list:
dist: 1.9982913249152225 vs. 1.9982913249152225
--------
nle(id0,id1,dist): 93 115 2.396107191106682
list:
dist: 2.396107191106682 vs. 2.396107191106682
--------
nle(id0,id1,dist): 93 118 1.8141570703703676
list:
dist: 1.8141570703703676 vs. 1.8141570703703676
--------
nle(id0,id1,dist): 93 97 0.48638762353175136
list:
dist: 0.48638762353175136 vs. 0.48638762353175136
--------
nle(id0,id1,dist): 93 96 0.6222540361352283
list:
dist: 0.6222540361352283 vs. 0.6222540361352283
--------
nle(id0,id1,dist): 93 99 1.3002956412775313
list:
dist: 1.3002956412775313 vs. 1.3002956412775313
--------
nle(id0,id1,dist): 93 98 1.3886514541790878
list:
dist: 1.3886514541790878 vs. 1.3886514541790878
--------
nle(id0,id1,dist): 93 101 1.7656743425578594
list:
dist: 1.7656743425578594 vs. 1.7656743425578594
--------
nle(id0,id1,dist): 93 100 1.6018645827962086
list:
dist: 1.6018645827962086 vs. 1.6018645827962086
--------
nle(id0,id1,dist): 93 103 1.3747981871246604
list:
dist: 1.3747981871246604 vs. 1.3747981871246604
--------
nle(id0,id1,dist): 93 102 1.5790443459635959
list:
dist: 1.5790443459635959 vs. 1.5790443459635959
--------
nle(id0,id1,dist): 93 105 1.0568201615579798
list:
dist: 1.0568201615579798 vs. 1.0568201615579798
--------
nle(id0,id1,dist): 93 104 1.5535961923560642
list:
dist: 1.5535961923560642 vs. 1.5535961923560642
--------
nle(id0,id1,dist): 93 107 1.9069081194754771
list:
dist: 1.9069081194754771 vs. 1.9069081194754771
--------
nle(id0,id1,dist): 93 106 1.0535946883335867
list:
dist: 1.0535946883335867 vs. 1.0535946883335867
--------
nle(id0,id1,dist): 93 109 0.9818592228407957
list:
dist: 0.9818592228407957 vs. 0.9818592228407957
--------
nle(id0,id1,dist): 93 108 1.405388225033436
list:
dist: 1.405388225033436 vs. 1.405388225033436
--------
nle(id0,id1,dist): 93 111 1.6574130145520105
list:
dist: 1.6574130145520105 vs. 1.6574130145520105
--------
nle(id0,id1,dist): 93 110 1.4303041282120985
list:
dist: 1.4303041282120985 vs. 1.4303041282120985
--------
nle(id0,id1,dist): 94 109 1.1202803892051598
list:
dist: 1.1202803892051598 vs. 1.1202803892051598
--------
nle(id0,id1,dist): 94 110 1.45239725261088
list:
dist: 1.45239725261088 vs. 1.45239725261088
--------
nle(id0,id1,dist): 94 107 1.9985006424970644
list:
dist: 1.9985006424970644 vs. 1.9985006424970644
--------
nle(id0,id1,dist): 94 108 2.4066789943528493
list:
dist: 2.4066789943528493 vs. 2.4066789943528493
--------
nle(id0,id1,dist): 94 113 2.9229895833747452
list:
dist: 2.9229895833747452 vs. 2.9229895833747452
--------
nle(id0,id1,dist): 94 114 1.8715609356375733
list:
dist: 1.8715609356375733 vs. 1.8715609356375733
--------
nle(id0,id1,dist): 94 111 2.1475947605481984
list:
dist: 2.1475947605481984 vs. 2.1475947605481984
--------
nle(id0,id1,dist): 94 112 2.2422605937035396
list:
dist: 2.2422605937035396 vs. 2.2422605937035396
--------
nle(id0,id1,dist): 94 118 1.613864879153729
list:
dist: 1.613864879153729 vs. 1.613864879153729
--------
nle(id0,id1,dist): 94 115 2.359444114935253
list:
dist: 2.359444114935253 vs. 2.359444114935253
--------
nle(id0,id1,dist): 94 119 2.661499717665862
list:
dist: 2.661499717665862 vs. 2.661499717665862
--------
nle(id0,id1,dist): 94 98 2.2510840081627745
list:
dist: 2.2510840081627745 vs. 2.2510840081627745
--------
nle(id0,id1,dist): 94 97 0.9372771194604275
list:
dist: 0.9372771194604275 vs. 0.9372771194604275
--------
nle(id0,id1,dist): 94 96 1.7449509043732196
list:
dist: 1.7449509043732196 vs. 1.7449509043732196
--------
nle(id0,id1,dist): 94 95 1.3532773830641616
list:
dist: 1.3532773830641616 vs. 1.3532773830641616
--------
nle(id0,id1,dist): 94 102 1.730362094924301
list:
dist: 1.730362094924301 vs. 1.730362094924301
--------
nle(id0,id1,dist): 94 101 1.0530455505072447
list:
dist: 1.0530455505072447 vs. 1.0530455505072447
--------
nle(id0,id1,dist): 94 100 1.365279254485597
list:
dist: 1.365279254485597 vs. 1.365279254485597
--------
nle(id0,id1,dist): 94 99 0.9452072732800685
list:
dist: 0.9452072732800685 vs. 0.9452072732800685
--------
nle(id0,id1,dist): 94 106 1.5127453519881209
list:
dist: 1.5127453519881209 vs. 1.5127453519881209
--------
nle(id0,id1,dist): 94 105 1.6573182681955827
list:
dist: 1.6573182681955827 vs. 1.6573182681955827
--------
nle(id0,id1,dist): 94 104 2.2928826021360966
list:
dist: 2.2928826021360966 vs. 2.2928826021360966
--------
nle(id0,id1,dist): 94 103 1.5706733115948581
list:
dist: 1.5706733115948581 vs. 1.5706733115948581
--------
nle(id0,id1,dist): 92 97 1.4767109547243726
list:
dist: 1.4767109547243726 vs. 1.4767109547243726
--------
nle(id0,id1,dist): 92 98 2.3902050200345126
list:
dist: 2.3902050200345126 vs. 2.3902050200345126
--------
nle(id0,id1,dist): 92 99 2.468775257804766
list:
dist: 2.468775257804766 vs. 2.468775257804766
--------
nle(id0,id1,dist): 92 100 1.213696710785946
list:
dist: 1.213696710785946 vs. 1.213696710785946
--------
nle(id0,id1,dist): 92 93 1.5396308338992601
list:
dist: 1.5396308338992601 vs. 1.5396308338992601
--------
nle(id0,id1,dist): 92 94 1.6822928824619203
list:
dist: 1.6822928824619203 vs. 1.6822928824619203
--------
nle(id0,id1,dist): 92 95 2.444130411706903
list:
dist: 2.444130411706903 vs. 2.444130411706903
--------
nle(id0,id1,dist): 92 96 1.8506751291942405
list:
dist: 1.8506751291942405 vs. 1.8506751291942405
--------
nle(id0,id1,dist): 91 111 1.9826083697358348
list:
dist: 1.9826083697358348 vs. 1.9826083697358348
--------
nle(id0,id1,dist): 91 110 1.035036011310276
list:
dist: 1.035036011310276 vs. 1.035036011310276
--------
nle(id0,id1,dist): 91 113 2.419655203907108
list:
dist: 2.419655203907108 vs. 2.419655203907108
--------
nle(id0,id1,dist): 91 112 1.874863881113987
list:
dist: 1.874863881113987 vs. 1.874863881113987
--------
nle(id0,id1,dist): 91 107 1.6729659329657294
list:
dist: 1.6729659329657294 vs. 1.6729659329657294
--------
nle(id0,id1,dist): 91 106 1.4225741381255694
list:
dist: 1.4225741381255694 vs. 1.4225741381255694
--------
nle(id0,id1,dist): 91 109 1.1918809656605314
list:
dist: 1.1918809656605314 vs. 1.1918809656605314
--------
nle(id0,id1,dist): 91 108 2.56021551829433
list:
dist: 2.56021551829433 vs. 2.56021551829433
--------
nle(id0,id1,dist): 91 119 2.0043150771256744
list:
dist: 2.0043150771256744 vs. 2.0043150771256744
--------
nle(id0,id1,dist): 91 118 1.0557045906721438
list:
dist: 1.0557045906721438 vs. 1.0557045906721438
--------
nle(id0,id1,dist): 91 115 1.7634236545139892
list:
dist: 1.7634236545139892 vs. 1.7634236545139892
--------
nle(id0,id1,dist): 91 114 1.244104308772765
list:
dist: 1.244104308772765 vs. 1.244104308772765
--------
nle(id0,id1,dist): 92 118 3.039981889120629
list:
dist: 3.039981889120629 vs. 3.039981889120629
--------
nle(id0,id1,dist): 93 94 1.155530828141047
list:
dist: 1.155530828141047 vs. 1.155530828141047
--------
nle(id0,id1,dist): 93 95 1.015830222457894
list:
dist: 1.015830222457894 vs. 1.015830222457894
--------
nle(id0,id1,dist): 92 108 2.738516305311853
list:
dist: 2.738516305311853 vs. 2.738516305311853
--------
nle(id0,id1,dist): 92 107 2.378781999197067
list:
dist: 2.378781999197067 vs. 2.378781999197067
--------
nle(id0,id1,dist): 92 106 2.2094102254656494
list:
dist: 2.2094102254656494 vs. 2.2094102254656494
--------
nle(id0,id1,dist): 92 105 1.4027942187528637
list:
dist: 1.4027942187528637 vs. 1.4027942187528637
--------
nle(id0,id1,dist): 92 104 2.242562185717636
list:
dist: 2.242562185717636 vs. 2.242562185717636
--------
nle(id0,id1,dist): 92 103 1.527835017748643
list:
dist: 1.527835017748643 vs. 1.527835017748643
--------
nle(id0,id1,dist): 92 102 2.2222102996173594
list:
dist: 2.2222102996173594 vs. 2.2222102996173594
--------
nle(id0,id1,dist): 92 101 1.5602744050177357
list:
dist: 1.5602744050177357 vs. 1.5602744050177357
--------
nle(id0,id1,dist): 92 115 3.0390204484652417
list:
dist: 3.0390204484652417 vs. 3.0390204484652417
--------
nle(id0,id1,dist): 92 114 2.778634581344902
list:
dist: 2.778634581344902 vs. 2.778634581344902
--------
nle(id0,id1,dist): 92 113 3.562048108961911
list:
dist: 3.562048108961911 vs. 3.562048108961911
--------
nle(id0,id1,dist): 92 112 3.283020262487265
list:
dist: 3.283020262487265 vs. 3.283020262487265
--------
nle(id0,id1,dist): 92 111 3.1546650291797667
list:
dist: 3.1546650291797667 vs. 3.1546650291797667
--------
nle(id0,id1,dist): 92 110 2.6343237519599683
list:
dist: 2.6343237519599683 vs. 2.6343237519599683
--------
nle(id0,id1,dist): 92 109 1.6879705223103825
list:
dist: 1.6879705223103825 vs. 1.6879705223103825
--------
nle(id0,id1,dist): 97 101 1.3481302962006565
list:
dist: 1.3481302962006565 vs. 1.3481302962006565
--------
nle(id0,id1,dist): 97 100 1.6936953301690412
list:
dist: 1.6936953301690412 vs. 1.6936953301690412
--------
nle(id0,id1,dist): 97 103 0.9704375688288963
list:
dist: 0.9704375688288963 vs. 0.9704375688288963
--------
nle(id0,id1,dist): 97 102 1.9195139485057393
list:
dist: 1.9195139485057393 vs. 1.9195139485057393
--------
nle(id0,id1,dist): 97 105 1.4266061385936448
list:
dist: 1.4266061385936448 vs. 1.4266061385936448
--------
nle(id0,id1,dist): 97 104 2.022825565132002
list:
dist: 2.022825565132002 vs. 2.022825565132002
--------
nle(id0,id1,dist): 97 107 2.240485179070737
list:
dist: 2.240485179070737 vs. 2.240485179070737
--------
nle(id0,id1,dist): 97 106 1.4399693855132991
list:
dist: 1.4399693855132991 vs. 1.4399693855132991
--------
nle(id0,id1,dist): 97 99 1.214230882116402
list:
dist: 1.214230882116402 vs. 1.214230882116402
--------
nle(id0,id1,dist): 97 98 1.873679325837322
list:
dist: 1.873679325837322 vs. 1.873679325837322
--------
nle(id0,id1,dist): 96 113 2.787222377036825
list:
dist: 2.787222377036825 vs. 2.787222377036825
--------
nle(id0,id1,dist): 96 114 2.444591194429919
list:
dist: 2.444591194429919 vs. 2.444591194429919
--------
nle(id0,id1,dist): 96 115 2.7980452332473247
list:
dist: 2.7980452332473247 vs. 2.7980452332473247
--------
nle(id0,id1,dist): 96 118 2.187706632487122
list:
dist: 2.187706632487122 vs. 2.187706632487122
--------
nle(id0,id1,dist): 98 102 1.2259979969810328
list:
dist: 1.2259979969810328 vs. 1.2259979969810328
--------
nle(id0,id1,dist): 98 101 3.063459962454994
list:
dist: 3.063459962454994 vs. 3.063459962454994
--------
nle(id0,id1,dist): 98 100 2.063406669539483
list:
dist: 2.063406669539483 vs. 2.063406669539483
--------
nle(id0,id1,dist): 98 99 2.148965479201244
list:
dist: 2.148965479201244 vs. 2.148965479201244
--------
nle(id0,id1,dist): 97 118 1.9308454668341108
list:
dist: 1.9308454668341108 vs. 1.9308454668341108
--------
nle(id0,id1,dist): 97 110 1.6571887985908016
list:
dist: 1.6571887985908016 vs. 1.6571887985908016
--------
nle(id0,id1,dist): 97 111 1.9263512364974635
list:
dist: 1.9263512364974635 vs. 1.9263512364974635
--------
nle(id0,id1,dist): 97 108 1.817625823634736
list:
dist: 1.817625823634736 vs. 1.817625823634736
--------
nle(id0,id1,dist): 97 109 1.2567305694381274
list:
dist: 1.2567305694381274 vs. 1.2567305694381274
--------
nle(id0,id1,dist): 97 114 2.266248344844608
list:
dist: 2.266248344844608 vs. 2.266248344844608
--------
nle(id0,id1,dist): 97 115 2.7106647066096965
list:
dist: 2.7106647066096965 vs. 2.7106647066096965
--------
nle(id0,id1,dist): 97 112 2.194892105048575
list:
dist: 2.194892105048575 vs. 2.194892105048575
--------
nle(id0,id1,dist): 97 113 2.9980016782518075
list:
dist: 2.9980016782518075 vs. 2.9980016782518075
--------
nle(id0,id1,dist): 95 115 2.663396028495115
list:
dist: 2.663396028495115 vs. 2.663396028495115
--------
nle(id0,id1,dist): 95 114 2.1664446129832107
list:
dist: 2.1664446129832107 vs. 2.1664446129832107
--------
nle(id0,id1,dist): 95 117 2.6642854000110976
list:
dist: 2.6642854000110976 vs. 2.6642854000110976
--------
nle(id0,id1,dist): 95 116 2.9358901563852857
list:
dist: 2.9358901563852857 vs. 2.9358901563852857
--------
nle(id0,id1,dist): 95 111 1.1733323355625271
list:
dist: 1.1733323355625271 vs. 1.1733323355625271
--------
nle(id0,id1,dist): 95 110 1.2826270969361508
list:
dist: 1.2826270969361508 vs. 1.2826270969361508
--------
nle(id0,id1,dist): 95 113 2.7229604367360154
list:
dist: 2.7229604367360154 vs. 2.7229604367360154
--------
nle(id0,id1,dist): 95 112 1.551830990980589
list:
dist: 1.551830990980589 vs. 1.551830990980589
--------
nle(id0,id1,dist): 95 107 2.4155667020793103
list:
dist: 2.4155667020793103 vs. 2.4155667020793103
--------
nle(id0,id1,dist): 95 106 1.3744985644627228
list:
dist: 1.3744985644627228 vs. 1.3744985644627228
--------
nle(id0,id1,dist): 95 109 1.582579186165204
list:
dist: 1.582579186165204 vs. 1.582579186165204
--------
nle(id0,id1,dist): 95 108 1.5462847675174614
list:
dist: 1.5462847675174614 vs. 1.5462847675174614
--------
nle(id0,id1,dist): 95 103 1.7111581015159647
list:
dist: 1.7111581015159647 vs. 1.7111581015159647
--------
nle(id0,id1,dist): 95 102 2.062200308363355
list:
dist: 2.062200308363355 vs. 2.062200308363355
--------
nle(id0,id1,dist): 95 105 1.9634309529705876
list:
dist: 1.9634309529705876 vs. 1.9634309529705876
--------
nle(id0,id1,dist): 95 104 2.218295190840387
list:
dist: 2.218295190840387 vs. 2.218295190840387
--------
nle(id0,id1,dist): 95 98 1.9030704912795806
list:
dist: 1.9030704912795806 vs. 1.9030704912795806
--------
nle(id0,id1,dist): 95 99 0.7672233277406767
list:
dist: 0.7672233277406767 vs. 0.7672233277406767
--------
nle(id0,id1,dist): 95 100 2.3673630679059285
list:
dist: 2.3673630679059285 vs. 2.3673630679059285
--------
nle(id0,id1,dist): 95 101 2.0317347184869905
list:
dist: 2.0317347184869905 vs. 2.0317347184869905
--------
nle(id0,id1,dist): 95 96 1.1715863803663809
list:
dist: 1.1715863803663809 vs. 1.1715863803663809
--------
nle(id0,id1,dist): 95 97 0.9895784379726295
list:
dist: 0.9895784379726295 vs. 0.9895784379726295
--------
nle(id0,id1,dist): 96 112 2.0318104287968413
list:
dist: 2.0318104287968413 vs. 2.0318104287968413
--------
nle(id0,id1,dist): 96 111 1.6916089926198061
list:
dist: 1.6916089926198061 vs. 1.6916089926198061
--------
nle(id0,id1,dist): 96 110 1.8208392194357828
list:
dist: 1.8208392194357828 vs. 1.8208392194357828
--------
nle(id0,id1,dist): 96 109 1.5096537810315853
list:
dist: 1.5096537810315853 vs. 1.5096537810315853
--------
nle(id0,id1,dist): 96 108 1.105175648008848
list:
dist: 1.105175648008848 vs. 1.105175648008848
--------
nle(id0,id1,dist): 96 107 2.317402327458052
list:
dist: 2.317402327458052 vs. 2.317402327458052
--------
nle(id0,id1,dist): 96 106 1.3894163821240013
list:
dist: 1.3894163821240013 vs. 1.3894163821240013
--------
nle(id0,id1,dist): 96 105 1.3635466037291044
list:
dist: 1.3635466037291044 vs. 1.3635466037291044
--------
nle(id0,id1,dist): 96 104 1.6489279119470979
list:
dist: 1.6489279119470979 vs. 1.6489279119470979
--------
nle(id0,id1,dist): 96 103 1.476432061213482
list:
dist: 1.476432061213482 vs. 1.476432061213482
--------
nle(id0,id1,dist): 96 102 1.9963925779372942
list:
dist: 1.9963925779372942 vs. 1.9963925779372942
--------
nle(id0,id1,dist): 96 101 2.2150395358461856
list:
dist: 2.2150395358461856 vs. 2.2150395358461856
--------
nle(id0,id1,dist): 96 100 2.133305833078011
list:
dist: 2.133305833078011 vs. 2.133305833078011
--------
nle(id0,id1,dist): 96 99 1.7255200554371408
list:
dist: 1.7255200554371408 vs. 1.7255200554371408
--------
nle(id0,id1,dist): 96 98 1.3768292003796936
list:
dist: 1.3768292003796936 vs. 1.3768292003796936
--------
nle(id0,id1,dist): 96 97 0.8960549652384262
list:
dist: 0.8960549652384262 vs. 0.8960549652384262
--------
nle(id0,id1,dist): 95 118 1.347154996688619
list:
dist: 1.347154996688619 vs. 1.347154996688619
--------
nle(id0,id1,dist): 95 119 2.299668787343114
list:
dist: 2.299668787343114 vs. 2.299668787343114
--------
nle(id0,id1,dist): 86 99 3.4175368603777536
list:
dist: 3.4175368603777536 vs. 3.4175368603777536
--------
nle(id0,id1,dist): 86 111 3.0678226886202933
list:
dist: 3.0678226886202933 vs. 3.0678226886202933
--------
nle(id0,id1,dist): 86 118 3.2873199952271035
list:
dist: 3.2873199952271035 vs. 3.2873199952271035
--------
nle(id0,id1,dist): 86 116 3.0744361090906085
list:
dist: 3.0744361090906085 vs. 3.0744361090906085
--------
nle(id0,id1,dist): 87 88 2.578398611901809
list:
dist: 2.578398611901809 vs. 2.578398611901809
--------
nle(id0,id1,dist): 87 89 2.653705935513415
list:
dist: 2.653705935513415 vs. 2.653705935513415
--------
nle(id0,id1,dist): 85 87 1.3830292435998357
list:
dist: 1.3830292435998357 vs. 1.3830292435998357
--------
nle(id0,id1,dist): 85 86 1.8075917606172718
list:
dist: 1.8075917606172718 vs. 1.8075917606172718
--------
nle(id0,id1,dist): 85 88 1.4151287986327958
list:
dist: 1.4151287986327958 vs. 1.4151287986327958
--------
nle(id0,id1,dist): 85 89 1.5981167045151072
list:
dist: 1.5981167045151072 vs. 1.5981167045151072
--------
nle(id0,id1,dist): 86 87 2.678853679018621
list:
dist: 2.678853679018621 vs. 2.678853679018621
--------
nle(id0,id1,dist): 86 88 2.4369486078656752
list:
dist: 2.4369486078656752 vs. 2.4369486078656752
--------
nle(id0,id1,dist): 86 89 2.877282446256629
list:
dist: 2.877282446256629 vs. 2.877282446256629
--------
nle(id0,id1,dist): 86 95 3.2727501124305904
list:
dist: 3.2727501124305904 vs. 3.2727501124305904
--------
nle(id0,id1,dist): 86 96 4.221068258126846
list:
dist: 4.221068258126846 vs. 4.221068258126846
--------
nle(id0,id1,dist): 86 97 4.23522404919949
list:
dist: 4.23522404919949 vs. 4.23522404919949
--------
nle(id0,id1,dist): 86 93 4.265904428882574
list:
dist: 4.265904428882574 vs. 4.265904428882574
--------
nle(id0,id1,dist): 90 93 1.8677641912431864
list:
dist: 1.8677641912431864 vs. 1.8677641912431864
--------
nle(id0,id1,dist): 90 94 1.6774110477178559
list:
dist: 1.6774110477178559 vs. 1.6774110477178559
--------
nle(id0,id1,dist): 90 91 2.4894168716502705
list:
dist: 2.4894168716502705 vs. 2.4894168716502705
--------
nle(id0,id1,dist): 90 92 0.6755584250329126
list:
dist: 0.6755584250329126 vs. 0.6755584250329126
--------
nle(id0,id1,dist): 90 106 2.6217124854633203
list:
dist: 2.6217124854633203 vs. 2.6217124854633203
--------
nle(id0,id1,dist): 90 105 1.9802923068156122
list:
dist: 1.9802923068156122 vs. 1.9802923068156122
--------
nle(id0,id1,dist): 90 104 2.8371093654884167
list:
dist: 2.8371093654884167 vs. 2.8371093654884167
--------
nle(id0,id1,dist): 90 103 1.3863200711436892
list:
dist: 1.3863200711436892 vs. 1.3863200711436892
--------
nle(id0,id1,dist): 90 110 2.9166083247612336
list:
dist: 2.9166083247612336 vs. 2.9166083247612336
--------
nle(id0,id1,dist): 90 109 2.0747192407006314
list:
dist: 2.0747192407006314 vs. 2.0747192407006314
--------
nle(id0,id1,dist): 90 108 3.199564070765805
list:
dist: 3.199564070765805 vs. 3.199564070765805
--------
nle(id0,id1,dist): 90 107 2.836788553335665
list:
dist: 2.836788553335665 vs. 2.836788553335665
--------
nle(id0,id1,dist): 90 98 2.9433026277993064
list:
dist: 2.9433026277993064 vs. 2.9433026277993064
--------
nle(id0,id1,dist): 90 97 1.6275967124373014
list:
dist: 1.6275967124373014 vs. 1.6275967124373014
--------
nle(id0,id1,dist): 90 96 2.215812479998288
list:
dist: 2.215812479998288 vs. 2.215812479998288
--------
nle(id0,id1,dist): 90 95 2.591222266975218
list:
dist: 2.591222266975218 vs. 2.591222266975218
--------
nle(id0,id1,dist): 90 102 2.667534036955319
list:
dist: 2.667534036955319 vs. 2.667534036955319
--------
nle(id0,id1,dist): 90 101 1.1424059644145814
list:
dist: 1.1424059644145814 vs. 1.1424059644145814
--------
nle(id0,id1,dist): 90 100 1.552583453428656
list:
dist: 1.552583453428656 vs. 1.552583453428656
--------
nle(id0,id1,dist): 90 99 2.5414445463527646
list:
dist: 2.5414445463527646 vs. 2.5414445463527646
--------
nle(id0,id1,dist): 90 111 3.4723812675310968
list:
dist: 3.4723812675310968 vs. 3.4723812675310968
--------
nle(id0,id1,dist): 90 112 3.6283143174567147
list:
dist: 3.6283143174567147 vs. 3.6283143174567147
--------
nle(id0,id1,dist): 90 113 4.041749843001122
list:
dist: 4.041749843001122 vs. 4.041749843001122
--------
nle(id0,id1,dist): 90 114 3.121992269573372
list:
dist: 3.121992269573372 vs. 3.121992269573372
--------
nle(id0,id1,dist): 90 115 3.4426084681413247
list:
dist: 3.4426084681413247 vs. 3.4426084681413247
--------
nle(id0,id1,dist): 90 118 3.2282551125205003
list:
dist: 3.2282551125205003 vs. 3.2282551125205003
--------
nle(id0,id1,dist): 91 99 0.9623742616920138
list:
dist: 0.9623742616920138 vs. 0.9623742616920138
--------
nle(id0,id1,dist): 91 98 2.304992711577053
list:
dist: 2.304992711577053 vs. 2.304992711577053
--------
nle(id0,id1,dist): 91 101 1.881497423517204
list:
dist: 1.881497423517204 vs. 1.881497423517204
--------
nle(id0,id1,dist): 91 100 1.6192526355317212
list:
dist: 1.6192526355317212 vs. 1.6192526355317212
--------
nle(id0,id1,dist): 91 103 2.4667604378668946
list:
dist: 2.4667604378668946 vs. 2.4667604378668946
--------
nle(id0,id1,dist): 91 102 1.4631818309540316
list:
dist: 1.4631818309540316 vs. 1.4631818309540316
--------
nle(id0,id1,dist): 91 105 1.9427404880574555
list:
dist: 1.9427404880574555 vs. 1.9427404880574555
--------
nle(id0,id1,dist): 91 104 2.32851252282342
list:
dist: 2.32851252282342 vs. 2.32851252282342
--------
nle(id0,id1,dist): 91 93 1.7043943570005733
list:
dist: 1.7043943570005733 vs. 1.7043943570005733
--------
nle(id0,id1,dist): 91 92 2.408049358787218
list:
dist: 2.408049358787218 vs. 2.408049358787218
--------
nle(id0,id1,dist): 91 95 1.6547957425080777
list:
dist: 1.6547957425080777 vs. 1.6547957425080777
--------
nle(id0,id1,dist): 91 94 0.9233248696746132
list:
dist: 0.9233248696746132 vs. 0.9233248696746132
--------
nle(id0,id1,dist): 91 97 1.6865439568537217
list:
dist: 1.6865439568537217 vs. 1.6865439568537217
--------
nle(id0,id1,dist): 91 96 2.2796759336837287
list:
dist: 2.2796759336837287 vs. 2.2796759336837287
--------
nle(id0,id1,dist): 88 89 0.5490596393541378
list:
dist: 0.5490596393541378 vs. 0.5490596393541378
--------
nle(id0,id1,dist): 81 82 3.314460581183818
list:
dist: 3.314460581183818 vs. 3.314460581183818
--------
nle(id0,id1,dist): 81 83 1.5321301763074864
list:
dist: 1.5321301763074864 vs. 1.5321301763074864
--------
nle(id0,id1,dist): 81 88 2.6854149980596826
list:
dist: 2.6854149980596826 vs. 2.6854149980596826
--------
nle(id0,id1,dist): 81 89 2.7396031048188316
list:
dist: 2.7396031048188316 vs. 2.7396031048188316
--------
nle(id0,id1,dist): 81 86 2.1967163012204636
list:
dist: 2.1967163012204636 vs. 2.1967163012204636
--------
nle(id0,id1,dist): 81 87 1.8563129703163754
list:
dist: 1.8563129703163754 vs. 1.8563129703163754
--------
nle(id0,id1,dist): 81 84 2.366198695688191
list:
dist: 2.366198695688191 vs. 2.366198695688191
--------
nle(id0,id1,dist): 81 85 1.4684135198825115
list:
dist: 1.4684135198825115 vs. 1.4684135198825115
--------
nle(id0,id1,dist): 80 85 2.5013436149872064
list:
dist: 2.5013436149872064 vs. 2.5013436149872064
--------
nle(id0,id1,dist): 80 86 3.947883413835195
list:
dist: 3.947883413835195 vs. 3.947883413835195
--------
nle(id0,id1,dist): 80 87 1.2807908297915742
list:
dist: 1.2807908297915742 vs. 1.2807908297915742
--------
nle(id0,id1,dist): 80 88 3.4030044139505966
list:
dist: 3.4030044139505966 vs. 3.4030044139505966
--------
nle(id0,id1,dist): 80 81 2.8965644911804143
list:
dist: 2.8965644911804143 vs. 2.8965644911804143
--------
nle(id0,id1,dist): 79 118 4.310777498613492
list:
dist: 4.310777498613492 vs. 4.310777498613492
--------
nle(id0,id1,dist): 80 82 1.9675067891993991
list:
dist: 1.9675067891993991 vs. 1.9675067891993991
--------
nle(id0,id1,dist): 80 83 2.001086491210677
list:
dist: 2.001086491210677 vs. 2.001086491210677
--------
nle(id0,id1,dist): 80 84 1.7649056914690149
list:
dist: 1.7649056914690149 vs. 1.7649056914690149
--------
nle(id0,id1,dist): 80 89 3.333835764410605
list:
dist: 3.333835764410605 vs. 3.333835764410605
--------
nle(id0,id1,dist): 79 111 3.5250831612670517
list:
dist: 3.5250831612670517 vs. 3.5250831612670517
--------
nle(id0,id1,dist): 79 88 1.721670855122661
list:
dist: 1.721670855122661 vs. 1.721670855122661
--------
nle(id0,id1,dist): 79 89 2.100961595316856
list:
dist: 2.100961595316856 vs. 2.100961595316856
--------
nle(id0,id1,dist): 79 86 2.2149137425073766
list:
dist: 2.2149137425073766 vs. 2.2149137425073766
--------
nle(id0,id1,dist): 79 87 1.9563073903719557
list:
dist: 1.9563073903719557 vs. 1.9563073903719557
--------
nle(id0,id1,dist): 79 93 4.511005522630728
list:
dist: 4.511005522630728 vs. 4.511005522630728
--------
nle(id0,id1,dist): 79 96 4.16282031335798
list:
dist: 4.16282031335798 vs. 4.16282031335798
--------
nle(id0,id1,dist): 79 97 4.555798017099967
list:
dist: 4.555798017099967 vs. 4.555798017099967
--------
nle(id0,id1,dist): 79 95 3.7370683256068475
list:
dist: 3.7370683256068475 vs. 3.7370683256068475
--------
nle(id0,id1,dist): 79 99 4.273237823869432
list:
dist: 4.273237823869432 vs. 4.273237823869432
--------
nle(id0,id1,dist): 79 81 2.9532875292183287
list:
dist: 2.9532875292183287 vs. 2.9532875292183287
--------
nle(id0,id1,dist): 79 80 2.7719391020682487
list:
dist: 2.7719391020682487 vs. 2.7719391020682487
--------
nle(id0,id1,dist): 79 85 1.5837034525604792
list:
dist: 1.5837034525604792 vs. 1.5837034525604792
--------
nle(id0,id1,dist): 79 84 3.7048640583419346
list:
dist: 3.7048640583419346 vs. 3.7048640583419346
--------
nle(id0,id1,dist): 79 83 1.709484433847248
list:
dist: 1.709484433847248 vs. 1.709484433847248
--------
nle(id0,id1,dist): 79 82 4.424542596558891
list:
dist: 4.424542596558891 vs. 4.424542596558891
--------
nle(id0,id1,dist): 78 80 2.720020752539846
list:
dist: 2.720020752539846 vs. 2.720020752539846
--------
nle(id0,id1,dist): 78 79 1.387734389237703
list:
dist: 1.387734389237703 vs. 1.387734389237703
--------
nle(id0,id1,dist): 78 81 2.8710425356334177
list:
dist: 2.8710425356334177 vs. 2.8710425356334177
--------
nle(id0,id1,dist): 78 83 2.133360869269797
list:
dist: 2.133360869269797 vs. 2.133360869269797
--------
nle(id0,id1,dist): 78 86 2.87170707931746
list:
dist: 2.87170707931746 vs. 2.87170707931746
--------
nle(id0,id1,dist): 78 85 1.4856702713500172
list:
dist: 1.4856702713500172 vs. 1.4856702713500172
--------
nle(id0,id1,dist): 78 88 0.9232663451468252
list:
dist: 0.9232663451468252 vs. 0.9232663451468252
--------
nle(id0,id1,dist): 78 87 2.1539351790733914
list:
dist: 2.1539351790733914 vs. 2.1539351790733914
--------
nle(id0,id1,dist): 78 89 0.9484787791049046
list:
dist: 0.9484787791049046 vs. 0.9484787791049046
--------
nle(id0,id1,dist): 84 87 1.7753073921710572
list:
dist: 1.7753073921710572 vs. 1.7753073921710572
--------
nle(id0,id1,dist): 84 85 2.893856957972423
list:
dist: 2.893856957972423 vs. 2.893856957972423
--------
nle(id0,id1,dist): 84 86 3.8892613972835997
list:
dist: 3.8892613972835997 vs. 3.8892613972835997
--------
nle(id0,id1,dist): 83 86 1.9617527284944147
list:
dist: 1.9617527284944147 vs. 1.9617527284944147
--------
nle(id0,id1,dist): 83 87 0.7238498113405402
list:
dist: 0.7238498113405402 vs. 0.7238498113405402
--------
nle(id0,id1,dist): 83 88 2.32477778725428
list:
dist: 2.32477778725428 vs. 2.32477778725428
--------
nle(id0,id1,dist): 83 89 2.5208801028518706
list:
dist: 2.5208801028518706 vs. 2.5208801028518706
--------
nle(id0,id1,dist): 83 84 2.1742785360556445
list:
dist: 2.1742785360556445 vs. 2.1742785360556445
--------
nle(id0,id1,dist): 83 85 0.996701676659661
list:
dist: 0.996701676659661 vs. 0.996701676659661
--------
nle(id0,id1,dist): 82 87 2.5285170997193185
list:
dist: 2.5285170997193185 vs. 2.5285170997193185
--------
nle(id0,id1,dist): 82 84 1.0129597600001337
list:
dist: 1.0129597600001337 vs. 1.0129597600001337
--------
nle(id0,id1,dist): 82 83 3.0616758997785567
list:
dist: 3.0616758997785567 vs. 3.0616758997785567
--------
nle(id0,id1,dist): 82 86 4.869377769317156
list:
dist: 4.869377769317156 vs. 4.869377769317156
--------
nle(id0,id1,dist): 82 85 3.7507520968190478
list:
dist: 3.7507520968190478 vs. 3.7507520968190478
--------
nle(id0,id1,dist): 74 75 1.833865999842168
list:
dist: 1.833865999842168 vs. 1.833865999842168
--------
nle(id0,id1,dist): 74 78 2.2385597896079
list:
dist: 2.2385597896079 vs. 2.2385597896079
--------
nle(id0,id1,dist): 74 77 1.3283368073707689
list:
dist: 1.3283368073707689 vs. 1.3283368073707689
--------
nle(id0,id1,dist): 74 83 2.4478602105926996
list:
dist: 2.4478602105926996 vs. 2.4478602105926996
--------
nle(id0,id1,dist): 74 84 2.6726032488480396
list:
dist: 2.6726032488480396 vs. 2.6726032488480396
--------
nle(id0,id1,dist): 74 85 2.2013694338699645
list:
dist: 2.2013694338699645 vs. 2.2013694338699645
--------
nle(id0,id1,dist): 74 80 1.8874793006319797
list:
dist: 1.8874793006319797 vs. 1.8874793006319797
--------
nle(id0,id1,dist): 74 81 2.5046891745031177
list:
dist: 2.5046891745031177 vs. 2.5046891745031177
--------
nle(id0,id1,dist): 74 82 3.0272918467457175
list:
dist: 3.0272918467457175 vs. 3.0272918467457175
--------
nle(id0,id1,dist): 74 87 2.004023799729997
list:
dist: 2.004023799729997 vs. 2.004023799729997
--------
nle(id0,id1,dist): 74 88 2.6728992823581708
list:
dist: 2.6728992823581708 vs. 2.6728992823581708
--------
nle(id0,id1,dist): 74 89 2.333766166520817
list:
dist: 2.333766166520817 vs. 2.333766166520817
--------
nle(id0,id1,dist): 73 75 2.180678884147718
list:
dist: 2.180678884147718 vs. 2.180678884147718
--------
nle(id0,id1,dist): 73 74 2.7444800284774042
list:
dist: 2.7444800284774042 vs. 2.7444800284774042
--------
nle(id0,id1,dist): 73 80 2.421505645233997
list:
dist: 2.421505645233997 vs. 2.421505645233997
--------
nle(id0,id1,dist): 73 79 4.067931134351496
list:
dist: 4.067931134351496 vs. 4.067931134351496
--------
nle(id0,id1,dist): 73 78 3.499414654351616
list:
dist: 3.499414654351616 vs. 3.499414654351616
--------
nle(id0,id1,dist): 73 77 3.0675551027294987
list:
dist: 3.0675551027294987 vs. 3.0675551027294987
--------
nle(id0,id1,dist): 73 87 3.4637151736893315
list:
dist: 3.4637151736893315 vs. 3.4637151736893315
--------
nle(id0,id1,dist): 72 74 1.6643925643890158
list:
dist: 1.6643925643890158 vs. 1.6643925643890158
--------
nle(id0,id1,dist): 72 73 1.662867998783742
list:
dist: 1.662867998783742 vs. 1.662867998783742
--------
nle(id0,id1,dist): 72 76 3.1484798956336264
list:
dist: 3.1484798956336264 vs. 3.1484798956336264
--------
nle(id0,id1,dist): 72 75 0.7703455292761057
list:
dist: 0.7703455292761057 vs. 0.7703455292761057
--------
nle(id0,id1,dist): 72 78 2.3870971522048574
list:
dist: 2.3870971522048574 vs. 2.3870971522048574
--------
nle(id0,id1,dist): 72 77 1.7076347442293422
list:
dist: 1.7076347442293422 vs. 1.7076347442293422
--------
nle(id0,id1,dist): 72 80 0.9033510922873192
list:
dist: 0.9033510922873192 vs. 0.9033510922873192
--------
nle(id0,id1,dist): 72 79 2.757163299430884
list:
dist: 2.757163299430884 vs. 2.757163299430884
--------
nle(id0,id1,dist): 72 82 2.725660719951957
list:
dist: 2.725660719951957 vs. 2.725660719951957
--------
nle(id0,id1,dist): 72 81 3.344471637950323
list:
dist: 3.344471637950323 vs. 3.344471637950323
--------
nle(id0,id1,dist): 72 84 2.607772312331242
list:
dist: 2.607772312331242 vs. 2.607772312331242
--------
nle(id0,id1,dist): 72 83 2.4634139294862254
list:
dist: 2.4634139294862254 vs. 2.4634139294862254
--------
nle(id0,id1,dist): 72 86 4.283247357067607
list:
dist: 4.283247357067607 vs. 4.283247357067607
--------
nle(id0,id1,dist): 72 85 2.665148518831204
list:
dist: 2.665148518831204 vs. 2.665148518831204
--------
nle(id0,id1,dist): 72 88 3.1943077033975125
list:
dist: 3.1943077033975125 vs. 3.1943077033975125
--------
nle(id0,id1,dist): 72 87 1.8018698835800633
list:
dist: 1.8018698835800633 vs. 1.8018698835800633
--------
nle(id0,id1,dist): 72 89 3.0388784788647123
list:
dist: 3.0388784788647123 vs. 3.0388784788647123
--------
nle(id0,id1,dist): 71 81 2.8915404696542004
list:
dist: 2.8915404696542004 vs. 2.8915404696542004
--------
nle(id0,id1,dist): 71 80 0.5969446039837918
list:
dist: 0.5969446039837918 vs. 0.5969446039837918
--------
nle(id0,id1,dist): 71 79 3.219308621043013
list:
dist: 3.219308621043013 vs. 3.219308621043013
--------
nle(id0,id1,dist): 71 85 2.7903538820325213
list:
dist: 2.7903538820325213 vs. 2.7903538820325213
--------
nle(id0,id1,dist): 71 84 1.281037046285397
list:
dist: 1.281037046285397 vs. 1.281037046285397
--------
nle(id0,id1,dist): 71 83 2.1770592066389893
list:
dist: 2.1770592066389893 vs. 2.1770592066389893
--------
nle(id0,id1,dist): 71 82 1.3730944636750595
list:
dist: 1.3730944636750595 vs. 1.3730944636750595
--------
nle(id0,id1,dist): 71 87 1.490079232561239
list:
dist: 1.490079232561239 vs. 1.490079232561239
--------
nle(id0,id1,dist): 71 86 4.133236943440316
list:
dist: 4.133236943440316 vs. 4.133236943440316
--------
nle(id0,id1,dist): 77 88 1.5681080243568823
list:
dist: 1.5681080243568823 vs. 1.5681080243568823
--------
nle(id0,id1,dist): 77 89 1.4230343128875829
list:
dist: 1.4230343128875829 vs. 1.4230343128875829
--------
nle(id0,id1,dist): 77 84 2.9297451349156414
list:
dist: 2.9297451349156414 vs. 2.9297451349156414
--------
nle(id0,id1,dist): 77 85 1.2101251450520578
list:
dist: 1.2101251450520578 vs. 1.2101251450520578
--------
nle(id0,id1,dist): 77 86 2.9783389948630656
list:
dist: 2.9783389948630656 vs. 2.9783389948630656
--------
nle(id0,id1,dist): 77 87 1.4399200639219425
list:
dist: 1.4399200639219425 vs. 1.4399200639219425
--------
nle(id0,id1,dist): 77 80 1.9133411290686948
list:
dist: 1.9133411290686948 vs. 1.9133411290686948
--------
nle(id0,id1,dist): 77 81 2.2595511398006543
list:
dist: 2.2595511398006543 vs. 2.2595511398006543
--------
nle(id0,id1,dist): 76 118 4.2262229589366855
list:
dist: 4.2262229589366855 vs. 4.2262229589366855
--------
nle(id0,id1,dist): 77 82 3.532150353594158
list:
dist: 3.532150353594158 vs. 3.532150353594158
--------
nle(id0,id1,dist): 77 83 1.6509093587417014
list:
dist: 1.6509093587417014 vs. 1.6509093587417014
--------
nle(id0,id1,dist): 76 99 4.213802964884104
list:
dist: 4.213802964884104 vs. 4.213802964884104
--------
nle(id0,id1,dist): 76 97 4.7764482104921875
list:
dist: 4.7764482104921875 vs. 4.7764482104921875
--------
nle(id0,id1,dist): 76 95 3.874294291672782
list:
dist: 3.874294291672782 vs. 3.874294291672782
--------
nle(id0,id1,dist): 76 96 4.624553170614912
list:
dist: 4.624553170614912 vs. 4.624553170614912
--------
nle(id0,id1,dist): 76 93 4.816293269134698
list:
dist: 4.816293269134698 vs. 4.816293269134698
--------
nle(id0,id1,dist): 76 89 1.7964241994871766
list:
dist: 1.7964241994871766 vs. 1.7964241994871766
--------
nle(id0,id1,dist): 76 87 1.7820642139750953
list:
dist: 1.7820642139750953 vs. 1.7820642139750953
--------
nle(id0,id1,dist): 76 88 1.4228376406277066
list:
dist: 1.4228376406277066 vs. 1.4228376406277066
--------
nle(id0,id1,dist): 76 85 0.647715985716603
list:
dist: 0.647715985716603 vs. 0.647715985716603
--------
nle(id0,id1,dist): 76 86 1.257242594252916
list:
dist: 1.257242594252916 vs. 1.257242594252916
--------
nle(id0,id1,dist): 77 79 1.8207184684382303
list:
dist: 1.8207184684382303 vs. 1.8207184684382303
--------
nle(id0,id1,dist): 76 116 4.124441696426795
list:
dist: 4.124441696426795 vs. 4.124441696426795
--------
nle(id0,id1,dist): 77 78 1.0145212116694449
list:
dist: 1.0145212116694449 vs. 1.0145212116694449
--------
nle(id0,id1,dist): 76 111 3.760608901696405
list:
dist: 3.760608901696405 vs. 3.760608901696405
--------
nle(id0,id1,dist): 76 78 1.675882972029772
list:
dist: 1.675882972029772 vs. 1.675882972029772
--------
nle(id0,id1,dist): 76 77 1.7341755564528976
list:
dist: 1.7341755564528976 vs. 1.7341755564528976
--------
nle(id0,id1,dist): 76 80 2.9677591278640145
list:
dist: 2.9677591278640145 vs. 2.9677591278640145
--------
nle(id0,id1,dist): 76 79 1.3675185573153668
list:
dist: 1.3675185573153668 vs. 1.3675185573153668
--------
nle(id0,id1,dist): 76 82 4.214701431629769
list:
dist: 4.214701431629769 vs. 4.214701431629769
--------
nle(id0,id1,dist): 76 81 1.790873827511126
list:
dist: 1.790873827511126 vs. 1.790873827511126
--------
nle(id0,id1,dist): 76 84 3.3176157487489943
list:
dist: 3.3176157487489943 vs. 3.3176157487489943
--------
nle(id0,id1,dist): 76 83 1.2091548053427472
list:
dist: 1.2091548053427472 vs. 1.2091548053427472
--------
nle(id0,id1,dist): 75 85 2.1482903713579913
list:
dist: 2.1482903713579913 vs. 2.1482903713579913
--------
nle(id0,id1,dist): 75 84 2.8019404507644476
list:
dist: 2.8019404507644476 vs. 2.8019404507644476
--------
nle(id0,id1,dist): 75 83 2.0186288653277193
list:
dist: 2.0186288653277193 vs. 2.0186288653277193
--------
nle(id0,id1,dist): 75 82 3.145994715840987
list:
dist: 3.145994715840987 vs. 3.145994715840987
--------
nle(id0,id1,dist): 75 89 2.5272371283432427
list:
dist: 2.5272371283432427 vs. 2.5272371283432427
--------
nle(id0,id1,dist): 75 88 2.59057167960423
list:
dist: 2.59057167960423 vs. 2.59057167960423
--------
nle(id0,id1,dist): 75 87 1.4910366854562933
list:
dist: 1.4910366854562933 vs. 1.4910366854562933
--------
nle(id0,id1,dist): 75 86 3.6882484761058607
list:
dist: 3.6882484761058607 vs. 3.6882484761058607
--------
nle(id0,id1,dist): 75 77 1.2669240965044783
list:
dist: 1.2669240965044783 vs. 1.2669240965044783
--------
nle(id0,id1,dist): 75 76 2.543421994180059
list:
dist: 2.543421994180059 vs. 2.543421994180059
--------
nle(id0,id1,dist): 75 81 3.103802759638052
list:
dist: 3.103802759638052 vs. 3.103802759638052
--------
nle(id0,id1,dist): 75 80 1.1870386975478626
list:
dist: 1.1870386975478626 vs. 1.1870386975478626
--------
nle(id0,id1,dist): 75 79 2.0009507366420882
list:
dist: 2.0009507366420882 vs. 2.0009507366420882
--------
nle(id0,id1,dist): 75 78 1.7521655208722695
list:
dist: 1.7521655208722695 vs. 1.7521655208722695
--------
nle(id0,id1,dist): 120 137 4.1202987700952285
list:
dist: 4.1202987700952285 vs. 4.1202987700952285
--------
nle(id0,id1,dist): 120 139 4.104464945165982
list:
dist: 4.104464945165982 vs. 4.104464945165982
--------
nle(id0,id1,dist): 120 141 1.7078325573198019
list:
dist: 1.7078325573198019 vs. 1.7078325573198019
--------
nle(id0,id1,dist): 120 142 3.5034491322135586
list:
dist: 3.5034491322135586 vs. 3.5034491322135586
--------
nle(id0,id1,dist): 120 130 2.1418980227181676
list:
dist: 2.1418980227181676 vs. 2.1418980227181676
--------
nle(id0,id1,dist): 120 131 2.2094700862321353
list:
dist: 2.2094700862321353 vs. 2.2094700862321353
--------
nle(id0,id1,dist): 120 133 3.4952438535109773
list:
dist: 3.4952438535109773 vs. 3.4952438535109773
--------
nle(id0,id1,dist): 120 135 3.4478157186721647
list:
dist: 3.4478157186721647 vs. 3.4478157186721647
--------
nle(id0,id1,dist): 120 122 0.8153722739684306
list:
dist: 0.8153722739684306 vs. 0.8153722739684306
--------
nle(id0,id1,dist): 120 121 2.3462872453100867
list:
dist: 2.3462872453100867 vs. 2.3462872453100867
--------
nle(id0,id1,dist): 120 124 1.0688846556285305
list:
dist: 1.0688846556285305 vs. 1.0688846556285305
--------
nle(id0,id1,dist): 120 126 3.6764273130002136
list:
dist: 3.6764273130002136 vs. 3.6764273130002136
--------
nle(id0,id1,dist): 120 125 1.7055384978187804
list:
dist: 1.7055384978187804 vs. 1.7055384978187804
--------
nle(id0,id1,dist): 120 128 3.849917443333676
list:
dist: 3.849917443333676 vs. 3.849917443333676
--------
nle(id0,id1,dist): 120 127 2.2253084225779927
list:
dist: 2.2253084225779927 vs. 2.2253084225779927
--------
nle(id0,id1,dist): 121 142 2.36863856986841
list:
dist: 2.36863856986841 vs. 2.36863856986841
--------
nle(id0,id1,dist): 121 141 0.947657324350328
list:
dist: 0.947657324350328 vs. 0.947657324350328
--------
nle(id0,id1,dist): 121 147 3.427467178385446
list:
dist: 3.427467178385446 vs. 3.427467178385446
--------
nle(id0,id1,dist): 121 135 2.9180978024839654
list:
dist: 2.9180978024839654 vs. 2.9180978024839654
--------
nle(id0,id1,dist): 121 133 1.8239919076564628
list:
dist: 1.8239919076564628 vs. 1.8239919076564628
--------
nle(id0,id1,dist): 121 139 3.6598530468051673
list:
dist: 3.6598530468051673 vs. 3.6598530468051673
--------
nle(id0,id1,dist): 121 137 3.928772267341726
list:
dist: 3.928772267341726 vs. 3.928772267341726
--------
nle(id0,id1,dist): 121 126 2.0433111730875235
list:
dist: 2.0433111730875235 vs. 2.0433111730875235
--------
nle(id0,id1,dist): 121 125 1.5852364920539086
list:
dist: 1.5852364920539086 vs. 1.5852364920539086
--------
nle(id0,id1,dist): 121 124 2.481453506984648
list:
dist: 2.481453506984648 vs. 2.481453506984648
--------
nle(id0,id1,dist): 121 131 2.4142055567573264
list:
dist: 2.4142055567573264 vs. 2.4142055567573264
--------
nle(id0,id1,dist): 121 130 2.9024435431743743
list:
dist: 2.9024435431743743 vs. 2.9024435431743743
--------
nle(id0,id1,dist): 121 128 3.37246307785801
list:
dist: 3.37246307785801 vs. 3.37246307785801
--------
nle(id0,id1,dist): 121 122 2.337362657636525
list:
dist: 2.337362657636525 vs. 2.337362657636525
--------
nle(id0,id1,dist): 122 132 2.94767065642703
list:
dist: 2.94767065642703 vs. 2.94767065642703
--------
nle(id0,id1,dist): 122 131 2.1670850217833735
list:
dist: 2.1670850217833735 vs. 2.1670850217833735
--------
nle(id0,id1,dist): 122 134 3.3845684644839786
list:
dist: 3.3845684644839786 vs. 3.3845684644839786
--------
nle(id0,id1,dist): 122 133 3.522414606087801
list:
dist: 3.522414606087801 vs. 3.522414606087801
--------
nle(id0,id1,dist): 122 128 3.8820129571547053
list:
dist: 3.8820129571547053 vs. 3.8820129571547053
--------
nle(id0,id1,dist): 122 127 1.985408850452956
list:
dist: 1.985408850452956 vs. 1.985408850452956
--------
nle(id0,id1,dist): 122 130 1.4914034504197824
list:
dist: 1.4914034504197824 vs. 1.4914034504197824
--------
nle(id0,id1,dist): 122 129 3.5349011977640306
list:
dist: 3.5349011977640306 vs. 3.5349011977640306
--------
nle(id0,id1,dist): 122 140 3.274082092960517
list:
dist: 3.274082092960517 vs. 3.274082092960517
--------
nle(id0,id1,dist): 122 139 4.341690436744515
list:
dist: 4.341690436744515 vs. 4.341690436744515
--------
nle(id0,id1,dist): 122 142 3.443169562916908
list:
dist: 3.443169562916908 vs. 3.443169562916908
--------
nle(id0,id1,dist): 122 141 1.8323499371622411
list:
dist: 1.8323499371622411 vs. 1.8323499371622411
--------
nle(id0,id1,dist): 122 136 4.362760824163951
list:
dist: 4.362760824163951 vs. 4.362760824163951
--------
nle(id0,id1,dist): 122 135 3.777921502643254
list:
dist: 3.777921502643254 vs. 3.777921502643254
--------
nle(id0,id1,dist): 122 138 3.269874207873061
list:
dist: 3.269874207873061 vs. 3.269874207873061
--------
nle(id0,id1,dist): 122 137 4.276714605618492
list:
dist: 4.276714605618492 vs. 4.276714605618492
--------
nle(id0,id1,dist): 122 123 3.541674460196227
list:
dist: 3.541674460196227 vs. 3.541674460196227
--------
nle(id0,id1,dist): 122 124 0.7977888530017571
list:
dist: 0.7977888530017571 vs. 0.7977888530017571
--------
nle(id0,id1,dist): 122 125 2.220567257397079
list:
dist: 2.220567257397079 vs. 2.220567257397079
--------
nle(id0,id1,dist): 122 126 3.9268814537790244
list:
dist: 3.9268814537790244 vs. 3.9268814537790244
--------
nle(id0,id1,dist): 123 129 1.4505284567831247
list:
dist: 1.4505284567831247 vs. 1.4505284567831247
--------
nle(id0,id1,dist): 123 128 2.220674783820697
list:
dist: 2.220674783820697 vs. 2.220674783820697
--------
nle(id0,id1,dist): 123 127 1.9619473722847154
list:
dist: 1.9619473722847154 vs. 1.9619473722847154
--------
nle(id0,id1,dist): 123 124 2.807045425222999
list:
dist: 2.807045425222999 vs. 2.807045425222999
--------
nle(id0,id1,dist): 123 137 2.5041130714990967
list:
dist: 2.5041130714990967 vs. 2.5041130714990967
--------
nle(id0,id1,dist): 123 136 2.0572602614170776
list:
dist: 2.0572602614170776 vs. 2.0572602614170776
--------
nle(id0,id1,dist): 123 135 3.4534832218658877
list:
dist: 3.4534832218658877 vs. 3.4534832218658877
--------
nle(id0,id1,dist): 123 134 0.7914141453487908
list:
dist: 0.7914141453487908 vs. 0.7914141453487908
--------
nle(id0,id1,dist): 123 133 3.68440563495741
list:
dist: 3.68440563495741 vs. 3.68440563495741
--------
nle(id0,id1,dist): 123 132 0.9197912625908886
list:
dist: 0.9197912625908886 vs. 0.9197912625908886
--------
nle(id0,id1,dist): 123 131 1.996426857166564
list:
dist: 1.996426857166564 vs. 1.996426857166564
--------
nle(id0,id1,dist): 123 130 2.3998975519972463
list:
dist: 2.3998975519972463 vs. 2.3998975519972463
--------
nle(id0,id1,dist): 122 149 3.99446583302024
list:
dist: 3.99446583302024 vs. 3.99446583302024
--------
nle(id0,id1,dist): 122 148 4.050440990021573
list:
dist: 4.050440990021573 vs. 4.050440990021573
--------
nle(id0,id1,dist): 122 145 3.0636666580245637
list:
dist: 3.0636666580245637 vs. 3.0636666580245637
--------
nle(id0,id1,dist): 122 146 3.3531437720948647
list:
dist: 3.3531437720948647 vs. 3.3531437720948647
--------
nle(id0,id1,dist): 122 143 4.651233775056682
list:
dist: 4.651233775056682 vs. 4.651233775056682
--------
nle(id0,id1,dist): 122 144 4.8195701418511625
list:
dist: 4.8195701418511625 vs. 4.8195701418511625
--------
nle(id0,id1,dist): 124 126 3.7307869208194857
list:
dist: 3.7307869208194857 vs. 3.7307869208194857
--------
nle(id0,id1,dist): 124 125 2.1696012682075216
list:
dist: 2.1696012682075216 vs. 2.1696012682075216
--------
nle(id0,id1,dist): 124 128 3.2274371472999457
list:
dist: 3.2274371472999457 vs. 3.2274371472999457
--------
nle(id0,id1,dist): 124 127 1.3063040947585656
list:
dist: 1.3063040947585656 vs. 1.3063040947585656
--------
nle(id0,id1,dist): 124 130 1.1726867936556509
list:
dist: 1.1726867936556509 vs. 1.1726867936556509
--------
nle(id0,id1,dist): 124 129 2.7506489370880933
list:
dist: 2.7506489370880933 vs. 2.7506489370880933
--------
nle(id0,id1,dist): 124 132 2.238708096713049
list:
dist: 2.238708096713049 vs. 2.238708096713049
--------
nle(id0,id1,dist): 124 131 1.4948575426831863
list:
dist: 1.4948575426831863 vs. 1.4948575426831863
--------
nle(id0,id1,dist): 123 138 0.9433509635906716
list:
dist: 0.9433509635906716 vs. 0.9433509635906716
--------
nle(id0,id1,dist): 123 139 3.120127037574759
list:
dist: 3.120127037574759 vs. 3.120127037574759
--------
nle(id0,id1,dist): 123 140 1.378898060425325
list:
dist: 1.378898060425325 vs. 1.378898060425325
--------
nle(id0,id1,dist): 123 142 2.7879574821280473
list:
dist: 2.7879574821280473 vs. 2.7879574821280473
--------
nle(id0,id1,dist): 123 143 3.1552639958300883
list:
dist: 3.1552639958300883 vs. 3.1552639958300883
--------
nle(id0,id1,dist): 123 144 2.3829947163826657
list:
dist: 2.3829947163826657 vs. 2.3829947163826657
--------
nle(id0,id1,dist): 123 145 1.356785891422583
list:
dist: 1.356785891422583 vs. 1.356785891422583
--------
nle(id0,id1,dist): 123 146 0.9260806691623407
list:
dist: 0.9260806691623407 vs. 0.9260806691623407
--------
nle(id0,id1,dist): 123 148 1.5567008669689084
list:
dist: 1.5567008669689084 vs. 1.5567008669689084
--------
nle(id0,id1,dist): 123 149 1.2384703725626371
list:
dist: 1.2384703725626371 vs. 1.2384703725626371
--------
nle(id0,id1,dist): 124 149 3.282786054802046
list:
dist: 3.282786054802046 vs. 3.282786054802046
--------
nle(id0,id1,dist): 125 127 3.2239783164951126
list:
dist: 3.2239783164951126 vs. 3.2239783164951126
--------
nle(id0,id1,dist): 125 126 2.1213269108289174
list:
dist: 2.1213269108289174 vs. 2.1213269108289174
--------
nle(id0,id1,dist): 124 135 3.2718312619151884
list:
dist: 3.2718312619151884 vs. 3.2718312619151884
--------
nle(id0,id1,dist): 124 136 3.616833534349584
list:
dist: 3.616833534349584 vs. 3.616833534349584
--------
nle(id0,id1,dist): 124 133 3.2409427587447914
list:
dist: 3.2409427587447914 vs. 3.2409427587447914
--------
nle(id0,id1,dist): 124 134 2.6096609981756176
list:
dist: 2.6096609981756176 vs. 2.6096609981756176
--------
nle(id0,id1,dist): 124 139 3.722514604117794
list:
dist: 3.722514604117794 vs. 3.722514604117794
--------
nle(id0,id1,dist): 124 140 2.65068469983564
list:
dist: 2.65068469983564 vs. 2.65068469983564
--------
nle(id0,id1,dist): 124 137 3.578857473217619
list:
dist: 3.578857473217619 vs. 3.578857473217619
--------
nle(id0,id1,dist): 124 138 2.494352831203528
list:
dist: 2.494352831203528 vs. 2.494352831203528
--------
nle(id0,id1,dist): 124 143 4.149890658883031
list:
dist: 4.149890658883031 vs. 4.149890658883031
--------
nle(id0,id1,dist): 124 144 4.127728921781961
list:
dist: 4.127728921781961 vs. 4.127728921781961
--------
nle(id0,id1,dist): 124 141 1.7489508471865098
list:
dist: 1.7489508471865098 vs. 1.7489508471865098
--------
nle(id0,id1,dist): 124 142 2.9816909178705084
list:
dist: 2.9816909178705084 vs. 2.9816909178705084
--------
nle(id0,id1,dist): 124 148 3.322890865149718
list:
dist: 3.322890865149718 vs. 3.322890865149718
--------
nle(id0,id1,dist): 124 145 2.50106898575964
list:
dist: 2.50106898575964 vs. 2.50106898575964
--------
nle(id0,id1,dist): 124 146 2.6520674085075178
list:
dist: 2.6520674085075178 vs. 2.6520674085075178
--------
nle(id0,id1,dist): 112 119 0.8898131682843654
list:
dist: 0.8898131682843654 vs. 0.8898131682843654
--------
nle(id0,id1,dist): 112 117 1.183731158377612
list:
dist: 1.183731158377612 vs. 1.183731158377612
--------
nle(id0,id1,dist): 112 118 0.9847677792132472
list:
dist: 0.9847677792132472 vs. 0.9847677792132472
--------
nle(id0,id1,dist): 112 115 1.7754641952879933
list:
dist: 1.7754641952879933 vs. 1.7754641952879933
--------
nle(id0,id1,dist): 112 116 1.6483672672232734
list:
dist: 1.6483672672232734 vs. 1.6483672672232734
--------
nle(id0,id1,dist): 112 113 1.3985309495621219
list:
dist: 1.3985309495621219 vs. 1.3985309495621219
--------
nle(id0,id1,dist): 112 114 1.4524850984467967
list:
dist: 1.4524850984467967 vs. 1.4524850984467967
--------
nle(id0,id1,dist): 113 116 2.045806349298299
list:
dist: 2.045806349298299 vs. 2.045806349298299
--------
nle(id0,id1,dist): 113 117 1.355329389976607
list:
dist: 1.355329389976607 vs. 1.355329389976607
--------
nle(id0,id1,dist): 113 118 1.955091358710116
list:
dist: 1.955091358710116 vs. 1.955091358710116
--------
nle(id0,id1,dist): 113 119 1.1270444752806728
list:
dist: 1.1270444752806728 vs. 1.1270444752806728
--------
nle(id0,id1,dist): 113 114 1.2658449111350378
list:
dist: 1.2658449111350378 vs. 1.2658449111350378
--------
nle(id0,id1,dist): 113 115 1.0569052314299845
list:
dist: 1.0569052314299845 vs. 1.0569052314299845
--------
nle(id0,id1,dist): 114 117 1.8193087963570274
list:
dist: 1.8193087963570274 vs. 1.8193087963570274
--------
nle(id0,id1,dist): 114 118 1.265845064801256
list:
dist: 1.265845064801256 vs. 1.265845064801256
--------
nle(id0,id1,dist): 114 115 0.5551715955280344
list:
dist: 0.5551715955280344 vs. 0.5551715955280344
--------
nle(id0,id1,dist): 114 116 2.311284137691015
list:
dist: 2.311284137691015 vs. 2.311284137691015
--------
nle(id0,id1,dist): 114 119 1.2921680075617672
list:
dist: 1.2921680075617672 vs. 1.2921680075617672
--------
nle(id0,id1,dist): 115 118 1.778533538650181
list:
dist: 1.778533538650181 vs. 1.778533538650181
--------
nle(id0,id1,dist): 115 119 1.4648797315138302
list:
dist: 1.4648797315138302 vs. 1.4648797315138302
--------
nle(id0,id1,dist): 115 116 2.467733786278288
list:
dist: 2.467733786278288 vs. 2.467733786278288
--------
nle(id0,id1,dist): 115 117 1.9164460157208407
list:
dist: 1.9164460157208407 vs. 1.9164460157208407
--------
nle(id0,id1,dist): 116 117 0.705608453385992
list:
dist: 0.705608453385992 vs. 0.705608453385992
--------
nle(id0,id1,dist): 116 118 1.868291073954342
list:
dist: 1.868291073954342 vs. 1.868291073954342
--------
nle(id0,id1,dist): 116 119 1.0791240466284422
list:
dist: 1.0791240466284422 vs. 1.0791240466284422
--------
nle(id0,id1,dist): 117 118 1.6470112328662345
list:
dist: 1.6470112328662345 vs. 1.6470112328662345
--------
nle(id0,id1,dist): 117 119 0.5449984260803445
list:
dist: 0.5449984260803445 vs. 0.5449984260803445
--------
nle(id0,id1,dist): 118 119 1.2070845663616772
list:
dist: 1.2070845663616772 vs. 1.2070845663616772
--------
nle(id0,id1,dist): 106 119 1.6399474820811568
list:
dist: 1.6399474820811568 vs. 1.6399474820811568
--------
nle(id0,id1,dist): 106 113 1.5589422003512432
list:
dist: 1.5589422003512432 vs. 1.5589422003512432
--------
nle(id0,id1,dist): 106 114 1.0780648819116079
list:
dist: 1.0780648819116079 vs. 1.0780648819116079
--------
nle(id0,id1,dist): 106 111 1.1939258576835834
list:
dist: 1.1939258576835834 vs. 1.1939258576835834
--------
nle(id0,id1,dist): 106 112 1.1261894079272332
list:
dist: 1.1261894079272332 vs. 1.1261894079272332
--------
nle(id0,id1,dist): 106 117 2.1074330477394025
list:
dist: 2.1074330477394025 vs. 2.1074330477394025
--------
nle(id0,id1,dist): 106 118 1.2547190086081759
list:
dist: 1.2547190086081759 vs. 1.2547190086081759
--------
nle(id0,id1,dist): 106 115 1.4346491908008356
list:
dist: 1.4346491908008356 vs. 1.4346491908008356
--------
nle(id0,id1,dist): 106 116 2.639564507822543
list:
dist: 2.639564507822543 vs. 2.639564507822543
--------
nle(id0,id1,dist): 106 110 0.6956917671192169
list:
dist: 0.6956917671192169 vs. 0.6956917671192169
--------
nle(id0,id1,dist): 106 109 0.6610026336355388
list:
dist: 0.6610026336355388 vs. 0.6610026336355388
--------
nle(id0,id1,dist): 106 108 1.2725796133364717
list:
dist: 1.2725796133364717 vs. 1.2725796133364717
--------
nle(id0,id1,dist): 106 107 1.109970721485315
list:
dist: 1.109970721485315 vs. 1.109970721485315
--------
nle(id0,id1,dist): 105 118 2.2121451520045947
list:
dist: 2.2121451520045947 vs. 2.2121451520045947
--------
nle(id0,id1,dist): 105 109 0.7616184490527953
list:
dist: 0.7616184490527953 vs. 0.7616184490527953
--------
nle(id0,id1,dist): 105 108 1.6880190976819425
list:
dist: 1.6880190976819425 vs. 1.6880190976819425
--------
nle(id0,id1,dist): 105 111 2.141851600139102
list:
dist: 2.141851600139102 vs. 2.141851600139102
--------
nle(id0,id1,dist): 105 110 1.6704289084544715
list:
dist: 1.6704289084544715 vs. 1.6704289084544715
--------
nle(id0,id1,dist): 105 113 2.2080545810732968
list:
dist: 2.2080545810732968 vs. 2.2080545810732968
--------
nle(id0,id1,dist): 105 112 2.150149586931354
list:
dist: 2.150149586931354 vs. 2.150149586931354
--------
nle(id0,id1,dist): 105 115 1.8935156118098864
list:
dist: 1.8935156118098864 vs. 1.8935156118098864
--------
nle(id0,id1,dist): 105 114 1.714588699982076
list:
dist: 1.714588699982076 vs. 1.714588699982076
--------
nle(id0,id1,dist): 105 107 1.2285852827874995
list:
dist: 1.2285852827874995 vs. 1.2285852827874995
--------
nle(id0,id1,dist): 105 106 1.0470540701452833
list:
dist: 1.0470540701452833 vs. 1.0470540701452833
--------
nle(id0,id1,dist): 108 115 2.4958217763190547
list:
dist: 2.4958217763190547 vs. 2.4958217763190547
--------
nle(id0,id1,dist): 108 113 2.0841854873199788
list:
dist: 2.0841854873199788 vs. 2.0841854873199788
--------
nle(id0,id1,dist): 108 114 2.253117514011793
list:
dist: 2.253117514011793 vs. 2.253117514011793
--------
nle(id0,id1,dist): 108 111 1.1490728714816667
list:
dist: 1.1490728714816667 vs. 1.1490728714816667
--------
nle(id0,id1,dist): 108 112 1.4234533700378145
list:
dist: 1.4234533700378145 vs. 1.4234533700378145
--------
nle(id0,id1,dist): 108 109 1.786722207412622
list:
dist: 1.786722207412622 vs. 1.786722207412622
--------
nle(id0,id1,dist): 108 110 1.6904337662343485
list:
dist: 1.6904337662343485 vs. 1.6904337662343485
--------
nle(id0,id1,dist): 107 118 1.8897728322189205
list:
dist: 1.8897728322189205 vs. 1.8897728322189205
--------
nle(id0,id1,dist): 107 119 1.901863176063766
list:
dist: 1.901863176063766 vs. 1.901863176063766
--------
nle(id0,id1,dist): 107 114 0.7728481439395054
list:
dist: 0.7728481439395054 vs. 0.7728481439395054
--------
nle(id0,id1,dist): 107 115 0.7090031437487548
list:
dist: 0.7090031437487548 vs. 0.7090031437487548
--------
nle(id0,id1,dist): 107 116 2.9698775539934466
list:
dist: 2.9698775539934466 vs. 2.9698775539934466
--------
nle(id0,id1,dist): 107 117 2.3872074705372794
list:
dist: 2.3872074705372794 vs. 2.3872074705372794
--------
nle(id0,id1,dist): 107 110 1.4023043509307327
list:
dist: 1.4023043509307327 vs. 1.4023043509307327
--------
nle(id0,id1,dist): 107 111 2.173735777068433
list:
dist: 2.173735777068433 vs. 2.173735777068433
--------
nle(id0,id1,dist): 107 112 1.886868831086884
list:
dist: 1.886868831086884 vs. 1.886868831086884
--------
nle(id0,id1,dist): 107 113 1.3966395598565768
list:
dist: 1.3966395598565768 vs. 1.3966395598565768
--------
nle(id0,id1,dist): 107 108 2.2004094803122873
list:
dist: 2.2004094803122873 vs. 2.2004094803122873
--------
nle(id0,id1,dist): 107 109 0.9901638338650975
list:
dist: 0.9901638338650975 vs. 0.9901638338650975
--------
nle(id0,id1,dist): 109 114 1.1495118234369983
list:
dist: 1.1495118234369983 vs. 1.1495118234369983
--------
nle(id0,id1,dist): 109 115 1.5055000670910221
list:
dist: 1.5055000670910221 vs. 1.5055000670910221
--------
nle(id0,id1,dist): 109 112 1.7314222269396498
list:
dist: 1.7314222269396498 vs. 1.7314222269396498
--------
nle(id0,id1,dist): 109 113 1.9897327350631886
list:
dist: 1.9897327350631886 vs. 1.9897327350631886
--------
nle(id0,id1,dist): 109 118 1.5374452634646303
list:
dist: 1.5374452634646303 vs. 1.5374452634646303
--------
nle(id0,id1,dist): 109 119 2.1131562036233986
list:
dist: 2.1131562036233986 vs. 2.1131562036233986
--------
nle(id0,id1,dist): 109 116 3.124966530610463
list:
dist: 3.124966530610463 vs. 3.124966530610463
--------
nle(id0,id1,dist): 109 117 2.6281396022575034
list:
dist: 2.6281396022575034 vs. 2.6281396022575034
--------
nle(id0,id1,dist): 109 111 1.7852816763926362
list:
dist: 1.7852816763926362 vs. 1.7852816763926362
--------
nle(id0,id1,dist): 109 110 1.0377586883871386
list:
dist: 1.0377586883871386 vs. 1.0377586883871386
--------
nle(id0,id1,dist): 108 118 2.0661807643870795
list:
dist: 2.0661807643870795 vs. 2.0661807643870795
--------
nle(id0,id1,dist): 111 119 1.4039382736501091
list:
dist: 1.4039382736501091 vs. 1.4039382736501091
--------
nle(id0,id1,dist): 111 118 1.1316637068026418
list:
dist: 1.1316637068026418 vs. 1.1316637068026418
--------
nle(id0,id1,dist): 111 116 2.0142585465193594
list:
dist: 2.0142585465193594 vs. 2.0142585465193594
--------
nle(id0,id1,dist): 111 117 1.6442440084455123
list:
dist: 1.6442440084455123 vs. 1.6442440084455123
--------
nle(id0,id1,dist): 111 114 1.8224332209760938
list:
dist: 1.8224332209760938 vs. 1.8224332209760938
--------
nle(id0,id1,dist): 111 115 2.1970649753180815
list:
dist: 2.1970649753180815 vs. 2.1970649753180815
--------
nle(id0,id1,dist): 111 112 0.5307026874006693
list:
dist: 0.5307026874006693 vs. 0.5307026874006693
--------
nle(id0,id1,dist): 111 113 1.8558954973746202
list:
dist: 1.8558954973746202 vs. 1.8558954973746202
--------
nle(id0,id1,dist): 110 111 1.0387649138181738
list:
dist: 1.0387649138181738 vs. 1.0387649138181738
--------
nle(id0,id1,dist): 110 112 0.8697429409702002
list:
dist: 0.8697429409702002 vs. 0.8697429409702002
--------
nle(id0,id1,dist): 110 113 1.6328147178196035
list:
dist: 1.6328147178196035 vs. 1.6328147178196035
--------
nle(id0,id1,dist): 110 114 0.9298592173372265
list:
dist: 0.9298592173372265 vs. 0.9298592173372265
--------
nle(id0,id1,dist): 110 119 1.241018684514673
list:
dist: 1.241018684514673 vs. 1.241018684514673
--------
nle(id0,id1,dist): 110 115 1.4356222734144237
list:
dist: 1.4356222734144237 vs. 1.4356222734144237
--------
nle(id0,id1,dist): 110 116 2.145532919807134
list:
dist: 2.145532919807134 vs. 2.145532919807134
--------
nle(id0,id1,dist): 110 117 1.740189387519715
list:
dist: 1.740189387519715 vs. 1.740189387519715
--------
nle(id0,id1,dist): 110 118 0.5693585285175025
list:
dist: 0.5693585285175025 vs. 0.5693585285175025
--------
nle(id0,id1,dist): 99 107 2.160800955496658
list:
dist: 2.160800955496658 vs. 2.160800955496658
--------
nle(id0,id1,dist): 99 106 1.355468112875031
list:
dist: 1.355468112875031 vs. 1.355468112875031
--------
nle(id0,id1,dist): 99 109 1.3992923884763315
list:
dist: 1.3992923884763315 vs. 1.3992923884763315
--------
nle(id0,id1,dist): 99 108 2.0585637372664576
list:
dist: 2.0585637372664576 vs. 2.0585637372664576
--------
nle(id0,id1,dist): 99 111 1.4247501937863525
list:
dist: 1.4247501937863525 vs. 1.4247501937863525
--------
nle(id0,id1,dist): 99 110 0.983290334572341
list:
dist: 0.983290334572341 vs. 0.983290334572341
--------
nle(id0,id1,dist): 99 113 2.613006252890165
list:
dist: 2.613006252890165 vs. 2.613006252890165
--------
nle(id0,id1,dist): 99 112 1.5746140277051948
list:
dist: 1.5746140277051948 vs. 1.5746140277051948
--------
nle(id0,id1,dist): 99 101 1.815240267765067
list:
dist: 1.815240267765067 vs. 1.815240267765067
--------
nle(id0,id1,dist): 99 100 2.097467096238883
list:
dist: 2.097467096238883 vs. 2.097467096238883
--------
nle(id0,id1,dist): 99 103 1.9838920734471714
list:
dist: 1.9838920734471714 vs. 1.9838920734471714
--------
nle(id0,id1,dist): 99 102 1.8415612625693898
list:
dist: 1.8415612625693898 vs. 1.8415612625693898
--------
nle(id0,id1,dist): 99 105 2.0212824765067974
list:
dist: 2.0212824765067974 vs. 2.0212824765067974
--------
nle(id0,id1,dist): 99 104 2.3541777058950992
list:
dist: 2.3541777058950992 vs. 2.3541777058950992
--------
nle(id0,id1,dist): 99 114 1.7673075271243983
list:
dist: 1.7673075271243983 vs. 1.7673075271243983
--------
nle(id0,id1,dist): 99 115 2.3152982646404907
list:
dist: 2.3152982646404907 vs. 2.3152982646404907
--------
nle(id0,id1,dist): 99 116 2.717173153607619
list:
dist: 2.717173153607619 vs. 2.717173153607619
--------
nle(id0,id1,dist): 99 117 2.502003065503489
list:
dist: 2.502003065503489 vs. 2.502003065503489
--------
nle(id0,id1,dist): 99 118 0.8968549619168558
list:
dist: 0.8968549619168558 vs. 0.8968549619168558
--------
nle(id0,id1,dist): 99 119 2.0656355211198907
list:
dist: 2.0656355211198907 vs. 2.0656355211198907
--------
nle(id0,id1,dist): 98 114 1.7233594712759372
list:
dist: 1.7233594712759372 vs. 1.7233594712759372
--------
nle(id0,id1,dist): 98 113 1.5915790664758325
list:
dist: 1.5915790664758325 vs. 1.5915790664758325
--------
nle(id0,id1,dist): 98 112 1.5218062435884976
list:
dist: 1.5218062435884976 vs. 1.5218062435884976
--------
nle(id0,id1,dist): 98 111 1.5259130565806553
list:
dist: 1.5259130565806553 vs. 1.5259130565806553
--------
nle(id0,id1,dist): 98 118 2.053479761601383
list:
dist: 2.053479761601383 vs. 2.053479761601383
--------
nle(id0,id1,dist): 98 117 2.4294812217562183
list:
dist: 2.4294812217562183 vs. 2.4294812217562183
--------
nle(id0,id1,dist): 98 116 3.056840814074923
list:
dist: 3.056840814074923 vs. 3.056840814074923
--------
nle(id0,id1,dist): 98 115 1.8422138759090445
list:
dist: 1.8422138759090445 vs. 1.8422138759090445
--------
nle(id0,id1,dist): 98 106 0.8931668564115395
list:
dist: 0.8931668564115395 vs. 0.8931668564115395
--------
nle(id0,id1,dist): 98 105 1.0682054641267547
list:
dist: 1.0682054641267547 vs. 1.0682054641267547
--------
nle(id0,id1,dist): 98 104 0.4805681370708978
list:
dist: 0.4805681370708978 vs. 0.4805681370708978
--------
nle(id0,id1,dist): 98 103 2.7094210405643686
list:
dist: 2.7094210405643686 vs. 2.7094210405643686
--------
nle(id0,id1,dist): 98 110 1.5263927632840313
list:
dist: 1.5263927632840313 vs. 1.5263927632840313
--------
nle(id0,id1,dist): 98 109 1.2973872047574315
list:
dist: 1.2973872047574315 vs. 1.2973872047574315
--------
nle(id0,id1,dist): 98 108 0.8831164143621816
list:
dist: 0.8831164143621816 vs. 0.8831164143621816
--------
nle(id0,id1,dist): 98 107 1.4435060667223896
list:
dist: 1.4435060667223896 vs. 1.4435060667223896
--------
nle(id0,id1,dist): 98 119 2.086593318988404
list:
dist: 2.086593318988404 vs. 2.086593318988404
--------
nle(id0,id1,dist): 101 103 1.2059731108227763
list:
dist: 1.2059731108227763 vs. 1.2059731108227763
--------
nle(id0,id1,dist): 101 102 2.6611199381813395
list:
dist: 2.6611199381813395 vs. 2.6611199381813395
--------
nle(id0,id1,dist): 101 118 2.6147175398896487
list:
dist: 2.6147175398896487 vs. 2.6147175398896487
--------
nle(id0,id1,dist): 101 119 3.7088935777773937
list:
dist: 3.7088935777773937 vs. 3.7088935777773937
--------
nle(id0,id1,dist): 101 112 3.2384894731285643
list:
dist: 3.2384894731285643 vs. 3.2384894731285643
--------
nle(id0,id1,dist): 101 113 3.9401697502692508
list:
dist: 3.9401697502692508 vs. 3.9401697502692508
--------
nle(id0,id1,dist): 101 114 2.8856370502418294
list:
dist: 2.8856370502418294 vs. 2.8856370502418294
--------
nle(id0,id1,dist): 101 115 3.3367137731968977
list:
dist: 3.3367137731968977 vs. 3.3367137731968977
--------
nle(id0,id1,dist): 101 108 3.1512257535224637
list:
dist: 3.1512257535224637 vs. 3.1512257535224637
--------
nle(id0,id1,dist): 101 109 2.01316832740035
list:
dist: 2.01316832740035 vs. 2.01316832740035
--------
nle(id0,id1,dist): 101 110 2.49358328569385
list:
dist: 2.49358328569385 vs. 2.49358328569385
--------
nle(id0,id1,dist): 101 111 3.058745337064262
list:
dist: 3.058745337064262 vs. 3.058745337064262
--------
nle(id0,id1,dist): 101 104 3.0788999587223906
list:
dist: 3.0788999587223906 vs. 3.0788999587223906
--------
nle(id0,id1,dist): 101 105 2.2974311447836437
list:
dist: 2.2974311447836437 vs. 2.2974311447836437
--------
nle(id0,id1,dist): 101 106 2.471030993722691
list:
dist: 2.471030993722691 vs. 2.471030993722691
--------
nle(id0,id1,dist): 101 107 2.895459046226707
list:
dist: 2.895459046226707 vs. 2.895459046226707
--------
nle(id0,id1,dist): 100 108 2.652160847449033
list:
dist: 2.652160847449033 vs. 2.652160847449033
--------
nle(id0,id1,dist): 100 107 1.3742278061802955
list:
dist: 1.3742278061802955 vs. 1.3742278061802955
--------
nle(id0,id1,dist): 100 106 1.6395619614320354
list:
dist: 1.6395619614320354 vs. 1.6395619614320354
--------
nle(id0,id1,dist): 100 105 1.0850526914909484
list:
dist: 1.0850526914909484 vs. 1.0850526914909484
--------
nle(id0,id1,dist): 100 104 1.8127777044248057
list:
dist: 1.8127777044248057 vs. 1.8127777044248057
--------
nle(id0,id1,dist): 100 103 2.266515295381369
list:
dist: 2.266515295381369 vs. 2.266515295381369
--------
nle(id0,id1,dist): 100 102 1.3092607300256773
list:
dist: 1.3092607300256773 vs. 1.3092607300256773
--------
nle(id0,id1,dist): 100 101 1.8373558780826063
list:
dist: 1.8373558780826063 vs. 1.8373558780826063
--------
nle(id0,id1,dist): 100 119 2.9644784804214903
list:
dist: 2.9644784804214903 vs. 2.9644784804214903
--------
nle(id0,id1,dist): 100 118 2.3708150377803263
list:
dist: 2.3708150377803263 vs. 2.3708150377803263
--------
nle(id0,id1,dist): 100 115 1.9730636408264173
list:
dist: 1.9730636408264173 vs. 1.9730636408264173
--------
nle(id0,id1,dist): 100 113 2.7190725352183613
list:
dist: 2.7190725352183613 vs. 2.7190725352183613
--------
nle(id0,id1,dist): 100 114 1.7662951382926846
list:
dist: 1.7662951382926846 vs. 1.7662951382926846
--------
nle(id0,id1,dist): 100 111 2.7706524493826667
list:
dist: 2.7706524493826667 vs. 2.7706524493826667
--------
nle(id0,id1,dist): 100 112 2.7062306437583987
list:
dist: 2.7062306437583987 vs. 2.7062306437583987
--------
nle(id0,id1,dist): 100 109 0.9907597341132041
list:
dist: 0.9907597341132041 vs. 0.9907597341132041
--------
nle(id0,id1,dist): 100 110 1.9516270105847344
list:
dist: 1.9516270105847344 vs. 1.9516270105847344
--------
nle(id0,id1,dist): 102 115 0.8761913026182906
list:
dist: 0.8761913026182906 vs. 0.8761913026182906
--------
nle(id0,id1,dist): 102 116 2.8517337903588684
list:
dist: 2.8517337903588684 vs. 2.8517337903588684
--------
nle(id0,id1,dist): 102 117 2.282334115965953
list:
dist: 2.282334115965953 vs. 2.282334115965953
--------
nle(id0,id1,dist): 102 118 1.6257196628324309
list:
dist: 1.6257196628324309 vs. 1.6257196628324309
--------
nle(id0,id1,dist): 102 119 1.7806734972124847
list:
dist: 1.7806734972124847 vs. 1.7806734972124847
--------
nle(id0,id1,dist): 103 105 2.1582707786154054
list:
dist: 2.1582707786154054 vs. 2.1582707786154054
--------
nle(id0,id1,dist): 103 104 2.836649628724177
list:
dist: 2.836649628724177 vs. 2.836649628724177
--------
nle(id0,id1,dist): 103 107 3.1211685788741406
list:
dist: 3.1211685788741406 vs. 3.1211685788741406
--------
nle(id0,id1,dist): 103 106 2.3999826493383347
list:
dist: 2.3999826493383347 vs. 2.3999826493383347
--------
nle(id0,id1,dist): 103 109 2.147513450850083
list:
dist: 2.147513450850083 vs. 2.147513450850083
--------
nle(id0,id1,dist): 103 108 2.560020379808801
list:
dist: 2.560020379808801 vs. 2.560020379808801
--------
nle(id0,id1,dist): 102 106 0.7640818815550039
list:
dist: 0.7640818815550039 vs. 0.7640818815550039
--------
nle(id0,id1,dist): 102 105 1.0363238059685451
list:
dist: 1.0363238059685451 vs. 1.0363238059685451
--------
nle(id0,id1,dist): 102 104 1.0409341100521439
list:
dist: 1.0409341100521439 vs. 1.0409341100521439
--------
nle(id0,id1,dist): 102 103 2.8266361799734896
list:
dist: 2.8266361799734896 vs. 2.8266361799734896
--------
nle(id0,id1,dist): 102 110 1.1035301972840783
list:
dist: 1.1035301972840783 vs. 1.1035301972840783
--------
nle(id0,id1,dist): 102 109 0.6885091743070753
list:
dist: 0.6885091743070753 vs. 0.6885091743070753
--------
nle(id0,id1,dist): 102 108 1.9146465889068942
list:
dist: 1.9146465889068942 vs. 1.9146465889068942
--------
nle(id0,id1,dist): 102 107 0.3554450179124178
list:
dist: 0.3554450179124178 vs. 0.3554450179124178
--------
nle(id0,id1,dist): 102 114 0.7121753897455257
list:
dist: 0.7121753897455257 vs. 0.7121753897455257
--------
nle(id0,id1,dist): 102 113 1.4159266178333962
list:
dist: 1.4159266178333962 vs. 1.4159266178333962
--------
nle(id0,id1,dist): 102 112 1.6317050969991578
list:
dist: 1.6317050969991578 vs. 1.6317050969991578
--------
nle(id0,id1,dist): 102 111 1.8684665075396107
list:
dist: 1.8684665075396107 vs. 1.8684665075396107
--------
nle(id0,id1,dist): 104 109 1.2286715044483925
list:
dist: 1.2286715044483925 vs. 1.2286715044483925
--------
nle(id0,id1,dist): 104 110 1.6936948017683748
list:
dist: 1.6936948017683748 vs. 1.6936948017683748
--------
nle(id0,id1,dist): 104 111 1.9232249093779246
list:
dist: 1.9232249093779246 vs. 1.9232249093779246
--------
nle(id0,id1,dist): 104 112 1.838556730751434
list:
dist: 1.838556730751434 vs. 1.838556730751434
--------
nle(id0,id1,dist): 104 105 0.8627588290493337
list:
dist: 0.8627588290493337 vs. 0.8627588290493337
--------
nle(id0,id1,dist): 104 106 1.0346115123958972
list:
dist: 1.0346115123958972 vs. 1.0346115123958972
--------
nle(id0,id1,dist): 104 107 1.1691542662893777
list:
dist: 1.1691542662893777 vs. 1.1691542662893777
--------
nle(id0,id1,dist): 104 108 1.35537575394138
list:
dist: 1.35537575394138 vs. 1.35537575394138
--------
nle(id0,id1,dist): 104 117 2.634843002402967
list:
dist: 2.634843002402967 vs. 2.634843002402967
--------
nle(id0,id1,dist): 104 118 2.2548987376576473
list:
dist: 2.2548987376576473 vs. 2.2548987376576473
--------
nle(id0,id1,dist): 104 119 2.2557980093443764
list:
dist: 2.2557980093443764 vs. 2.2557980093443764
--------
nle(id0,id1,dist): 104 113 1.5950615515179323
list:
dist: 1.5950615515179323 vs. 1.5950615515179323
--------
nle(id0,id1,dist): 104 114 1.6497445376558362
list:
dist: 1.6497445376558362 vs. 1.6497445376558362
--------
nle(id0,id1,dist): 104 115 1.6708151457994087
list:
dist: 1.6708151457994087 vs. 1.6708151457994087
--------
nle(id0,id1,dist): 104 116 3.2862059155632823
list:
dist: 3.2862059155632823 vs. 3.2862059155632823
--------
nle(id0,id1,dist): 103 114 3.202196099599979
list:
dist: 3.202196099599979 vs. 3.202196099599979
--------
nle(id0,id1,dist): 103 115 3.63857049607066
list:
dist: 3.63857049607066 vs. 3.63857049607066
--------
nle(id0,id1,dist): 103 112 3.1202535600100956
list:
dist: 3.1202535600100956 vs. 3.1202535600100956
--------
nle(id0,id1,dist): 103 113 3.95661716561252
list:
dist: 3.95661716561252 vs. 3.95661716561252
--------
nle(id0,id1,dist): 103 110 2.6097782316489684
list:
dist: 2.6097782316489684 vs. 2.6097782316489684
--------
nle(id0,id1,dist): 103 111 2.7871484391863577
list:
dist: 2.7871484391863577 vs. 2.7871484391863577
--------
nle(id0,id1,dist): 103 118 2.8153520282382853
list:
dist: 2.8153520282382853 vs. 2.8153520282382853
--------
nle(id0,id1,dist): 148 149 0.5364126783482416
list:
dist: 0.5364126783482416 vs. 0.5364126783482416
--------
nle(id0,id1,dist): 146 148 2.4063524867634603
list:
dist: 2.4063524867634603 vs. 2.4063524867634603
--------
nle(id0,id1,dist): 146 149 2.152702980652833
list:
dist: 2.152702980652833 vs. 2.152702980652833
--------
nle(id0,id1,dist): 144 148 0.9089401187228353
list:
dist: 0.9089401187228353 vs. 0.9089401187228353
--------
nle(id0,id1,dist): 144 147 1.8926613537705574
list:
dist: 1.8926613537705574 vs. 1.8926613537705574
--------
nle(id0,id1,dist): 144 145 2.58993232803288
list:
dist: 2.58993232803288 vs. 2.58993232803288
--------
nle(id0,id1,dist): 144 149 1.202155328583407
list:
dist: 1.202155328583407 vs. 1.202155328583407
--------
nle(id0,id1,dist): 145 149 1.5081291932696275
list:
dist: 1.5081291932696275 vs. 1.5081291932696275
--------
nle(id0,id1,dist): 145 148 1.9159859082903121
list:
dist: 1.9159859082903121 vs. 1.9159859082903121
--------
nle(id0,id1,dist): 145 146 1.9048864653925532
list:
dist: 1.9048864653925532 vs. 1.9048864653925532
--------
nle(id0,id1,dist): 142 149 1.970940550642832
list:
dist: 1.970940550642832 vs. 1.970940550642832
--------
nle(id0,id1,dist): 142 147 1.3627457781069168
list:
dist: 1.3627457781069168 vs. 1.3627457781069168
--------
nle(id0,id1,dist): 142 148 1.8917475116620823
list:
dist: 1.8917475116620823 vs. 1.8917475116620823
--------
nle(id0,id1,dist): 142 145 2.076683563402395
list:
dist: 2.076683563402395 vs. 2.076683563402395
--------
nle(id0,id1,dist): 142 143 1.2789781926610642
list:
dist: 1.2789781926610642 vs. 1.2789781926610642
--------
nle(id0,id1,dist): 142 144 2.060890716674017
list:
dist: 2.060890716674017 vs. 2.060890716674017
--------
nle(id0,id1,dist): 143 147 0.7370584141892238
list:
dist: 0.7370584141892238 vs. 0.7370584141892238
--------
nle(id0,id1,dist): 143 148 1.9983894912996536
list:
dist: 1.9983894912996536 vs. 1.9983894912996536
--------
nle(id0,id1,dist): 143 149 2.026032373186413
list:
dist: 2.026032373186413 vs. 2.026032373186413
--------
nle(id0,id1,dist): 143 144 1.6454330804996402
list:
dist: 1.6454330804996402 vs. 1.6454330804996402
--------
nle(id0,id1,dist): 143 145 2.5560052853582538
list:
dist: 2.5560052853582538 vs. 2.5560052853582538
--------
nle(id0,id1,dist): 141 142 2.0687853423164375
list:
dist: 2.0687853423164375 vs. 2.0687853423164375
--------
nle(id0,id1,dist): 140 149 0.9616034766862651
list:
dist: 0.9616034766862651 vs. 0.9616034766862651
--------
nle(id0,id1,dist): 139 144 1.6227425169364331
list:
dist: 1.6227425169364331 vs. 1.6227425169364331
--------
nle(id0,id1,dist): 139 145 3.2289622987207065
list:
dist: 3.2289622987207065 vs. 3.2289622987207065
--------
nle(id0,id1,dist): 139 142 1.8854614742354443
list:
dist: 1.8854614742354443 vs. 1.8854614742354443
--------
nle(id0,id1,dist): 139 143 2.184983950494502
list:
dist: 2.184983950494502 vs. 2.184983950494502
--------
nle(id0,id1,dist): 139 140 2.5344733657324108
list:
dist: 2.5344733657324108 vs. 2.5344733657324108
--------
nle(id0,id1,dist): 139 141 3.061751214785141
list:
dist: 3.061751214785141 vs. 3.061751214785141
--------
nle(id0,id1,dist): 139 148 1.7320022197486546
list:
dist: 1.7320022197486546 vs. 1.7320022197486546
--------
nle(id0,id1,dist): 139 149 2.2225645578432482
list:
dist: 2.2225645578432482 vs. 2.2225645578432482
--------
nle(id0,id1,dist): 139 147 1.9017702573722666
list:
dist: 1.9017702573722666 vs. 1.9017702573722666
--------
nle(id0,id1,dist): 140 145 0.7232000873694273
list:
dist: 0.7232000873694273 vs. 0.7232000873694273
--------
nle(id0,id1,dist): 140 146 2.143320041287782
list:
dist: 2.143320041287782 vs. 2.143320041287782
--------
nle(id0,id1,dist): 140 148 1.2839145104354324
list:
dist: 1.2839145104354324 vs. 1.2839145104354324
--------
nle(id0,id1,dist): 140 142 1.5281638769884387
list:
dist: 1.5281638769884387 vs. 1.5281638769884387
--------
nle(id0,id1,dist): 140 143 1.9725517918730333
list:
dist: 1.9725517918730333 vs. 1.9725517918730333
--------
nle(id0,id1,dist): 140 144 1.919582396750719
list:
dist: 1.919582396750719 vs. 1.919582396750719
--------
nle(id0,id1,dist): 138 142 2.231115484727408
list:
dist: 2.231115484727408 vs. 2.231115484727408
--------
nle(id0,id1,dist): 138 139 2.269511229145757
list:
dist: 2.269511229145757 vs. 2.269511229145757
--------
nle(id0,id1,dist): 138 140 1.266523751969939
list:
dist: 1.266523751969939 vs. 1.266523751969939
--------
nle(id0,id1,dist): 138 149 1.0628019983911732
list:
dist: 1.0628019983911732 vs. 1.0628019983911732
--------
nle(id0,id1,dist): 138 148 1.0452068828966843
list:
dist: 1.0452068828966843 vs. 1.0452068828966843
--------
nle(id0,id1,dist): 138 146 1.5457386080259412
list:
dist: 1.5457386080259412 vs. 1.5457386080259412
--------
nle(id0,id1,dist): 138 145 1.6141802328297166
list:
dist: 1.6141802328297166 vs. 1.6141802328297166
--------
nle(id0,id1,dist): 138 144 1.950348732000604
list:
dist: 1.950348732000604 vs. 1.950348732000604
--------
nle(id0,id1,dist): 138 143 2.782978679837101
list:
dist: 2.782978679837101 vs. 2.782978679837101
--------
nle(id0,id1,dist): 137 144 1.1692568493313014
list:
dist: 1.1692568493313014 vs. 1.1692568493313014
--------
nle(id0,id1,dist): 137 145 2.8335703483893067
list:
dist: 2.8335703483893067 vs. 2.8335703483893067
--------
nle(id0,id1,dist): 137 147 2.1739481364637765
list:
dist: 2.1739481364637765 vs. 2.1739481364637765
--------
nle(id0,id1,dist): 137 140 2.153336073892252
list:
dist: 2.153336073892252 vs. 2.153336073892252
--------
nle(id0,id1,dist): 137 141 3.25357384707281
list:
dist: 3.25357384707281 vs. 3.25357384707281
--------
nle(id0,id1,dist): 137 142 1.9984765661404356
list:
dist: 1.9984765661404356 vs. 1.9984765661404356
--------
nle(id0,id1,dist): 137 143 2.2197434635753033
list:
dist: 2.2197434635753033 vs. 2.2197434635753033
--------
nle(id0,id1,dist): 137 138 1.7000454208781832
list:
dist: 1.7000454208781832 vs. 1.7000454208781832
--------
nle(id0,id1,dist): 137 139 0.7353210780102782
list:
dist: 0.7353210780102782 vs. 0.7353210780102782
--------
nle(id0,id1,dist): 137 149 1.6446104584912453
list:
dist: 1.6446104584912453 vs. 1.6446104584912453
--------
nle(id0,id1,dist): 137 148 1.1146278494445103
list:
dist: 1.1146278494445103 vs. 1.1146278494445103
--------
nle(id0,id1,dist): 136 148 0.7596198530974096
list:
dist: 0.7596198530974096 vs. 0.7596198530974096
--------
nle(id0,id1,dist): 136 145 2.6217673384100957
list:
dist: 2.6217673384100957 vs. 2.6217673384100957
--------
nle(id0,id1,dist): 136 146 2.7812472459919926
list:
dist: 2.7812472459919926 vs. 2.7812472459919926
--------
nle(id0,id1,dist): 136 149 1.272247131748183
list:
dist: 1.272247131748183 vs. 1.272247131748183
--------
nle(id0,id1,dist): 136 139 1.3671898131255262
list:
dist: 1.3671898131255262 vs. 1.3671898131255262
--------
nle(id0,id1,dist): 136 140 1.9940773483413383
list:
dist: 1.9940773483413383 vs. 1.9940773483413383
--------
nle(id0,id1,dist): 136 137 0.6333304133121862
list:
dist: 0.6333304133121862 vs. 0.6333304133121862
--------
nle(id0,id1,dist): 136 138 1.380320150157847
list:
dist: 1.380320150157847 vs. 1.380320150157847
--------
nle(id0,id1,dist): 136 143 2.400425795592914
list:
dist: 2.400425795592914 vs. 2.400425795592914
--------
nle(id0,id1,dist): 136 144 1.0154936891926871
list:
dist: 1.0154936891926871 vs. 1.0154936891926871
--------
nle(id0,id1,dist): 136 142 2.284757854563405
list:
dist: 2.284757854563405 vs. 2.284757854563405
--------
nle(id0,id1,dist): 135 142 1.770083971263884
list:
dist: 1.770083971263884 vs. 1.770083971263884
--------
nle(id0,id1,dist): 135 143 2.5147300685913043
list:
dist: 2.5147300685913043 vs. 2.5147300685913043
--------
nle(id0,id1,dist): 135 144 2.426012202196541
list:
dist: 2.426012202196541 vs. 2.426012202196541
--------
nle(id0,id1,dist): 135 145 3.344113822166702
list:
dist: 3.344113822166702 vs. 3.344113822166702
--------
nle(id0,id1,dist): 135 147 2.1410849789894506
list:
dist: 2.1410849789894506 vs. 2.1410849789894506
--------
nle(id0,id1,dist): 135 148 2.321428144735079
list:
dist: 2.321428144735079 vs. 2.321428144735079
--------
nle(id0,id1,dist): 135 149 2.734810754952315
list:
dist: 2.734810754952315 vs. 2.734810754952315
--------
nle(id0,id1,dist): 134 149 1.7440164210718645
list:
dist: 1.7440164210718645 vs. 1.7440164210718645
--------
nle(id0,id1,dist): 134 148 1.8514558622554858
list:
dist: 1.8514558622554858 vs. 1.8514558622554858
--------
nle(id0,id1,dist): 135 140 2.730424449717856
list:
dist: 2.730424449717856 vs. 2.730424449717856
--------
nle(id0,id1,dist): 135 141 2.3332962366087573
list:
dist: 2.3332962366087573 vs. 2.3332962366087573
--------
nle(id0,id1,dist): 135 138 2.55431950273598
list:
dist: 2.55431950273598 vs. 2.55431950273598
--------
nle(id0,id1,dist): 135 139 0.9578688893947555
list:
dist: 0.9578688893947555 vs. 0.9578688893947555
--------
nle(id0,id1,dist): 135 136 2.1121031250207185
list:
dist: 2.1121031250207185 vs. 2.1121031250207185
--------
nle(id0,id1,dist): 135 137 1.5230654715342073
list:
dist: 1.5230654715342073 vs. 1.5230654715342073
--------
nle(id0,id1,dist): 134 135 3.4074336033443804
list:
dist: 3.4074336033443804 vs. 3.4074336033443804
--------
nle(id0,id1,dist): 134 136 2.0969517584014703
list:
dist: 2.0969517584014703 vs. 2.0969517584014703
--------
nle(id0,id1,dist): 134 137 2.5230372659001543
list:
dist: 2.5230372659001543 vs. 2.5230372659001543
--------
nle(id0,id1,dist): 134 138 0.9464431643750855
list:
dist: 0.9464431643750855 vs. 0.9464431643750855
--------
nle(id0,id1,dist): 134 143 3.656667442834223
list:
dist: 3.656667442834223 vs. 3.656667442834223
--------
nle(id0,id1,dist): 134 144 2.720824364324381
list:
dist: 2.720824364324381 vs. 2.720824364324381
--------
nle(id0,id1,dist): 134 145 1.9641076614238264
list:
dist: 1.9641076614238264 vs. 1.9641076614238264
--------
nle(id0,id1,dist): 134 146 0.7643058409095597
list:
dist: 0.7643058409095597 vs. 0.7643058409095597
--------
nle(id0,id1,dist): 134 139 3.136389886021607
list:
dist: 3.136389886021607 vs. 3.136389886021607
--------
nle(id0,id1,dist): 134 140 1.9331200943046758
list:
dist: 1.9331200943046758 vs. 1.9331200943046758
--------
nle(id0,id1,dist): 134 142 3.1260156342971217
list:
dist: 3.1260156342971217 vs. 3.1260156342971217
--------
nle(id0,id1,dist): 133 135 1.8511311352695123
list:
dist: 1.8511311352695123 vs. 1.8511311352695123
--------
nle(id0,id1,dist): 133 134 3.953513639165649
list:
dist: 3.953513639165649 vs. 3.953513639165649
--------
nle(id0,id1,dist): 133 138 3.0770998364340953
list:
dist: 3.0770998364340953 vs. 3.0770998364340953
--------
nle(id0,id1,dist): 133 139 2.3121782708299463
list:
dist: 2.3121782708299463 vs. 2.3121782708299463
--------
nle(id0,id1,dist): 133 136 3.085405954243366
list:
dist: 3.085405954243366 vs. 3.085405954243366
--------
nle(id0,id1,dist): 133 137 2.669354225284932
list:
dist: 2.669354225284932 vs. 2.669354225284932
--------
nle(id0,id1,dist): 133 142 0.9646162531173142
list:
dist: 0.9646162531173142 vs. 0.9646162531173142
--------
nle(id0,id1,dist): 133 143 1.8512871469571255
list:
dist: 1.8512871469571255 vs. 1.8512871469571255
--------
nle(id0,id1,dist): 133 140 2.4312125194606136
list:
dist: 2.4312125194606136 vs. 2.4312125194606136
--------
nle(id0,id1,dist): 133 141 1.8269144085731648
list:
dist: 1.8269144085731648 vs. 1.8269144085731648
--------
nle(id0,id1,dist): 133 147 1.619090467826288
list:
dist: 1.619090467826288 vs. 1.619090467826288
--------
nle(id0,id1,dist): 133 144 2.8927227796394903
list:
dist: 2.8927227796394903 vs. 2.8927227796394903
--------
nle(id0,id1,dist): 133 145 2.876170977161524
list:
dist: 2.876170977161524 vs. 2.876170977161524
--------
nle(id0,id1,dist): 133 148 2.8083170759968743
list:
dist: 2.8083170759968743 vs. 2.8083170759968743
--------
nle(id0,id1,dist): 133 149 2.930394676400869
list:
dist: 2.930394676400869 vs. 2.930394676400869
--------
nle(id0,id1,dist): 132 134 0.7698829412965879
list:
dist: 0.7698829412965879 vs. 0.7698829412965879
--------
nle(id0,id1,dist): 132 136 2.694663186145653
list:
dist: 2.694663186145653 vs. 2.694663186145653
--------
nle(id0,id1,dist): 132 138 1.3599060055000847
list:
dist: 1.3599060055000847 vs. 1.3599060055000847
--------
nle(id0,id1,dist): 132 140 1.9037500284453786
list:
dist: 1.9037500284453786 vs. 1.9037500284453786
--------
nle(id0,id1,dist): 132 145 1.6598909167692275
list:
dist: 1.6598909167692275 vs. 1.6598909167692275
--------
nle(id0,id1,dist): 132 146 0.4306979122145243
list:
dist: 0.4306979122145243 vs. 0.4306979122145243
--------
nle(id0,id1,dist): 132 148 2.294335566227385
list:
dist: 2.294335566227385 vs. 2.294335566227385
--------
nle(id0,id1,dist): 132 149 2.0599750684645937
list:
dist: 2.0599750684645937 vs. 2.0599750684645937
--------
nle(id0,id1,dist): 131 146 2.3422367073620682
list:
dist: 2.3422367073620682 vs. 2.3422367073620682
--------
nle(id0,id1,dist): 131 149 1.9772685813431168
list:
dist: 1.9772685813431168 vs. 1.9772685813431168
--------
nle(id0,id1,dist): 131 148 1.927494021461416
list:
dist: 1.927494021461416 vs. 1.927494021461416
--------
nle(id0,id1,dist): 131 142 1.6766394937826021
list:
dist: 1.6766394937826021 vs. 1.6766394937826021
--------
nle(id0,id1,dist): 131 143 2.7698091987479523
list:
dist: 2.7698091987479523 vs. 2.7698091987479523
--------
nle(id0,id1,dist): 131 144 2.6635087769036154
list:
dist: 2.6635087769036154 vs. 2.6635087769036154
--------
nle(id0,id1,dist): 131 145 1.7101721549540618
list:
dist: 1.7101721549540618 vs. 1.7101721549540618
--------
nle(id0,id1,dist): 131 138 1.3683205187027805
list:
dist: 1.3683205187027805 vs. 1.3683205187027805
--------
nle(id0,id1,dist): 131 139 2.332691582188147
list:
dist: 2.332691582188147 vs. 2.332691582188147
--------
nle(id0,id1,dist): 131 140 1.4644455190425407
list:
dist: 1.4644455190425407 vs. 1.4644455190425407
--------
nle(id0,id1,dist): 131 141 1.607988460567367
list:
dist: 1.607988460567367 vs. 1.607988460567367
--------
nle(id0,id1,dist): 131 134 1.9872454629720866
list:
dist: 1.9872454629720866 vs. 1.9872454629720866
--------
nle(id0,id1,dist): 131 135 2.0752736143503387
list:
dist: 2.0752736143503387 vs. 2.0752736143503387
--------
nle(id0,id1,dist): 131 136 2.2419339130245657
list:
dist: 2.2419339130245657 vs. 2.2419339130245657
--------
nle(id0,id1,dist): 131 137 2.160785845999766
list:
dist: 2.160785845999766 vs. 2.160785845999766
--------
nle(id0,id1,dist): 131 132 1.953024165181318
list:
dist: 1.953024165181318 vs. 1.953024165181318
--------
nle(id0,id1,dist): 131 133 2.209142319115415
list:
dist: 2.209142319115415 vs. 2.209142319115415
--------
nle(id0,id1,dist): 130 149 3.0458719962220746
list:
dist: 3.0458719962220746 vs. 3.0458719962220746
--------
nle(id0,id1,dist): 130 148 3.2729707197292988
list:
dist: 3.2729707197292988 vs. 3.2729707197292988
--------
nle(id0,id1,dist): 130 145 1.8416657920483792
list:
dist: 1.8416657920483792 vs. 1.8416657920483792
--------
nle(id0,id1,dist): 130 146 2.2144699254394324
list:
dist: 2.2144699254394324 vs. 2.2144699254394324
--------
nle(id0,id1,dist): 130 143 4.022825272143497
list:
dist: 4.022825272143497 vs. 4.022825272143497
--------
nle(id0,id1,dist): 130 144 4.091047312218093
list:
dist: 4.091047312218093 vs. 4.091047312218093
--------
nle(id0,id1,dist): 130 141 2.3969741396220594
list:
dist: 2.3969741396220594 vs. 2.3969741396220594
--------
nle(id0,id1,dist): 130 142 3.052380996095931
list:
dist: 3.052380996095931 vs. 3.052380996095931
--------
nle(id0,id1,dist): 130 139 4.135690250285021
list:
dist: 4.135690250285021 vs. 4.135690250285021
--------
nle(id0,id1,dist): 130 140 2.290311582067511
list:
dist: 2.290311582067511 vs. 2.290311582067511
--------
nle(id0,id1,dist): 130 137 3.865553345213863
list:
dist: 3.865553345213863 vs. 3.865553345213863
--------
nle(id0,id1,dist): 130 138 2.477597966731407
list:
dist: 2.477597966731407 vs. 2.477597966731407
--------
nle(id0,id1,dist): 130 135 3.8723484446954384
list:
dist: 3.8723484446954384 vs. 3.8723484446954384
--------
nle(id0,id1,dist): 130 136 3.767440474808475
list:
dist: 3.767440474808475 vs. 3.767440474808475
--------
nle(id0,id1,dist): 130 132 1.83439219300447
list:
dist: 1.83439219300447 vs. 1.83439219300447
--------
nle(id0,id1,dist): 130 131 1.8274423846632117
list:
dist: 1.8274423846632117 vs. 1.8274423846632117
--------
nle(id0,id1,dist): 130 134 2.461632507805844
list:
dist: 2.461632507805844 vs. 2.461632507805844
--------
nle(id0,id1,dist): 130 133 3.4813924054578527
list:
dist: 3.4813924054578527 vs. 3.4813924054578527
--------
nle(id0,id1,dist): 129 148 1.1159531797376216
list:
dist: 1.1159531797376216 vs. 1.1159531797376216
--------
nle(id0,id1,dist): 129 149 1.3788146333095765
list:
dist: 1.3788146333095765 vs. 1.3788146333095765
--------
nle(id0,id1,dist): 129 140 1.778240587591014
list:
dist: 1.778240587591014 vs. 1.778240587591014
--------
nle(id0,id1,dist): 129 142 2.429337596906453
list:
dist: 2.429337596906453 vs. 2.429337596906453
--------
nle(id0,id1,dist): 129 143 2.959673800383228
list:
dist: 2.959673800383228 vs. 2.959673800383228
--------
nle(id0,id1,dist): 129 144 1.9046994896457983
list:
dist: 1.9046994896457983 vs. 1.9046994896457983
--------
nle(id0,id1,dist): 129 145 2.211254598791587
list:
dist: 2.211254598791587 vs. 2.211254598791587
--------
nle(id0,id1,dist): 129 146 1.937132811661561
list:
dist: 1.937132811661561 vs. 1.937132811661561
--------
nle(id0,id1,dist): 129 135 2.3176606834516034
list:
dist: 2.3176606834516034 vs. 2.3176606834516034
--------
nle(id0,id1,dist): 129 134 1.2040773534665619
list:
dist: 1.2040773534665619 vs. 1.2040773534665619
--------
nle(id0,id1,dist): 129 133 3.2154106928990718
list:
dist: 3.2154106928990718 vs. 3.2154106928990718
--------
nle(id0,id1,dist): 129 132 1.7986690342209335
list:
dist: 1.7986690342209335 vs. 1.7986690342209335
--------
nle(id0,id1,dist): 129 139 1.963882603008107
list:
dist: 1.963882603008107 vs. 1.963882603008107
--------
nle(id0,id1,dist): 129 138 0.6134023356935087
list:
dist: 0.6134023356935087 vs. 0.6134023356935087
--------
nle(id0,id1,dist): 129 137 1.3665924825533469
list:
dist: 1.3665924825533469 vs. 1.3665924825533469
--------
nle(id0,id1,dist): 129 136 1.061715533857917
list:
dist: 1.061715533857917 vs. 1.061715533857917
--------
nle(id0,id1,dist): 129 131 1.6129008969696128
list:
dist: 1.6129008969696128 vs. 1.6129008969696128
--------
nle(id0,id1,dist): 129 130 2.943856974946396
list:
dist: 2.943856974946396 vs. 2.943856974946396
--------
nle(id0,id1,dist): 128 147 1.6632980660812933
list:
dist: 1.6632980660812933 vs. 1.6632980660812933
--------
nle(id0,id1,dist): 128 148 0.8549191149748483
list:
dist: 0.8549191149748483 vs. 0.8549191149748483
--------
nle(id0,id1,dist): 128 145 2.1787571012223377
list:
dist: 2.1787571012223377 vs. 2.1787571012223377
--------
nle(id0,id1,dist): 128 149 1.22227870151624
list:
dist: 1.22227870151624 vs. 1.22227870151624
--------
nle(id0,id1,dist): 128 133 2.0582589369863125
list:
dist: 2.0582589369863125 vs. 2.0582589369863125
--------
nle(id0,id1,dist): 128 134 2.447148549670146
list:
dist: 2.447148549670146 vs. 2.447148549670146
--------
nle(id0,id1,dist): 128 135 1.5729608832225634
list:
dist: 1.5729608832225634 vs. 1.5729608832225634
--------
nle(id0,id1,dist): 128 136 1.052210540933564
list:
dist: 1.052210540933564 vs. 1.052210540933564
--------
nle(id0,id1,dist): 128 129 1.4938239583799724
list:
dist: 1.4938239583799724 vs. 1.4938239583799724
--------
nle(id0,id1,dist): 128 130 3.358151159083228
list:
dist: 3.358151159083228 vs. 3.358151159083228
--------
nle(id0,id1,dist): 128 131 1.7335221725672805
list:
dist: 1.7335221725672805 vs. 1.7335221725672805
--------
nle(id0,id1,dist): 128 141 2.7941252853851037
list:
dist: 2.7941252853851037 vs. 2.7941252853851037
--------
nle(id0,id1,dist): 128 142 1.2412116107569495
list:
dist: 1.2412116107569495 vs. 1.2412116107569495
--------
nle(id0,id1,dist): 128 143 1.5542867963833884
list:
dist: 1.5542867963833884 vs. 1.5542867963833884
--------
nle(id0,id1,dist): 128 144 1.053438265130508
list:
dist: 1.053438265130508 vs. 1.053438265130508
--------
nle(id0,id1,dist): 128 137 0.8356396706842318
list:
dist: 0.8356396706842318 vs. 0.8356396706842318
--------
nle(id0,id1,dist): 128 138 1.511489537750496
list:
dist: 1.511489537750496 vs. 1.511489537750496
--------
nle(id0,id1,dist): 128 139 1.0991266893056328
list:
dist: 1.0991266893056328 vs. 1.0991266893056328
--------
nle(id0,id1,dist): 128 140 1.4645651947729244
list:
dist: 1.4645651947729244 vs. 1.4645651947729244
--------
nle(id0,id1,dist): 127 140 2.468130592236389
list:
dist: 2.468130592236389 vs. 2.468130592236389
--------
nle(id0,id1,dist): 127 141 2.837099196518927
list:
dist: 2.837099196518927 vs. 2.837099196518927
--------
nle(id0,id1,dist): 127 138 1.9152102878453117
list:
dist: 1.9152102878453117 vs. 1.9152102878453117
--------
nle(id0,id1,dist): 127 136 3.218426850743456
list:
dist: 3.218426850743456 vs. 3.218426850743456
--------
nle(id0,id1,dist): 127 134 1.5794771255034297
list:
dist: 1.5794771255034297 vs. 1.5794771255034297
--------
nle(id0,id1,dist): 127 148 2.9371129273558148
list:
dist: 2.9371129273558148 vs. 2.9371129273558148
--------
nle(id0,id1,dist): 127 149 2.8361110399627703
list:
dist: 2.8361110399627703 vs. 2.8361110399627703
--------
nle(id0,id1,dist): 127 146 1.4998233996184094
list:
dist: 1.4998233996184094 vs. 1.4998233996184094
--------
nle(id0,id1,dist): 127 145 2.250410132179703
list:
dist: 2.250410132179703 vs. 2.250410132179703
--------
nle(id0,id1,dist): 127 132 1.1603483771030514
list:
dist: 1.1603483771030514 vs. 1.1603483771030514
--------
nle(id0,id1,dist): 127 131 1.7534725869969752
list:
dist: 1.7534725869969752 vs. 1.7534725869969752
--------
nle(id0,id1,dist): 127 130 1.3698365751916421
list:
dist: 1.3698365751916421 vs. 1.3698365751916421
--------
nle(id0,id1,dist): 127 129 2.196739901201239
list:
dist: 2.196739901201239 vs. 2.196739901201239
--------
nle(id0,id1,dist): 126 139 2.4979429321283924
list:
dist: 2.4979429321283924 vs. 2.4979429321283924
--------
nle(id0,id1,dist): 126 141 2.097388959388432
list:
dist: 2.097388959388432 vs. 2.097388959388432
--------
nle(id0,id1,dist): 126 142 1.9727649714136635
list:
dist: 1.9727649714136635 vs. 1.9727649714136635
--------
nle(id0,id1,dist): 126 147 2.241783552156593
list:
dist: 2.241783552156593 vs. 2.241783552156593
--------
nle(id0,id1,dist): 126 128 2.728676329374528
list:
dist: 2.728676329374528 vs. 2.728676329374528
--------
nle(id0,id1,dist): 126 130 4.255590507383623
list:
dist: 4.255590507383623 vs. 4.255590507383623
--------
nle(id0,id1,dist): 126 131 2.864573365980358
list:
dist: 2.864573365980358 vs. 2.864573365980358
--------
nle(id0,id1,dist): 126 133 1.1533761072144202
list:
dist: 1.1533761072144202 vs. 1.1533761072144202
--------
nle(id0,id1,dist): 126 135 1.7665549036001318
list:
dist: 1.7665549036001318 vs. 1.7665549036001318
--------
nle(id0,id1,dist): 126 137 3.0750405200727013
list:
dist: 3.0750405200727013 vs. 3.0750405200727013
--------
nle(id0,id1,dist): 125 131 2.1369093457852704
list:
dist: 2.1369093457852704 vs. 2.1369093457852704
--------
nle(id0,id1,dist): 125 130 3.116429964641059
list:
dist: 3.116429964641059 vs. 3.116429964641059
--------
nle(id0,id1,dist): 125 128 3.176860662918037
list:
dist: 3.176860662918037 vs. 3.176860662918037
--------
nle(id0,id1,dist): 125 135 2.230716021729084
list:
dist: 2.230716021729084 vs. 2.230716021729084
--------
nle(id0,id1,dist): 125 133 2.3462795321222254
list:
dist: 2.3462795321222254 vs. 2.3462795321222254
--------
nle(id0,id1,dist): 125 139 3.109954168458904
list:
dist: 3.109954168458904 vs. 3.109954168458904
--------
nle(id0,id1,dist): 125 137 3.41395400233849
list:
dist: 3.41395400233849 vs. 3.41395400233849
--------
nle(id0,id1,dist): 125 142 2.687958202644251
list:
dist: 2.687958202644251 vs. 2.687958202644251
--------
nle(id0,id1,dist): 125 141 0.9994280516829984
list:
dist: 0.9994280516829984 vs. 0.9994280516829984
2. Check the NeighborList query for coordinates against the neighbor list for consistency
list:
dist: 1.084589747339351 vs. 1.084589747339351
list:
dist: 2.0789665579555496 vs. 2.0789665579555496
list:
dist: 1.8250208033001263 vs. 1.8250208033001263
list:
dist: 2.3676835411012007 vs. 2.3676835411012007
list:
dist: 2.724722919626837 vs. 2.724722919626837
list:
dist: 2.7377236689955127 vs. 2.7377236689955127
list:
dist: 2.112488178361163 vs. 2.112488178361163
list:
dist: 1.797434245077165 vs. 1.797434245077165
list:
dist: 2.52267224377798 vs. 2.52267224377798
list:
dist: 1.0782693743369713 vs. 1.0782693743369713
list:
dist: 2.0789665579555496 vs. 2.0789665579555496
list:
dist: 2.793752363824967 vs. 2.793752363824967
list:
dist: 0.5202885849272876 vs. 0.5202885849272876
list:
dist: 2.2391985599904434 vs. 2.2391985599904434
list:
dist: 2.5442626915257507 vs. 2.5442626915257507
list:
dist: 3.303957462786035 vs. 3.303957462786035
list:
dist: 2.602573183417879 vs. 2.602573183417879
list:
dist: 2.0313296247196493 vs. 2.0313296247196493
list:
dist: 1.83781592177875 vs. 1.83781592177875
list:
dist: 2.6221757561813437 vs. 2.6221757561813437
list:
dist: 1.6873233535145218 vs. 1.6873233535145218
list:
dist: 3.146449649559174 vs. 3.146449649559174
list:
dist: 2.8256306216095908 vs. 2.8256306216095908
list:
dist: 3.059973011145136 vs. 3.059973011145136
list:
dist: 3.0649082133492236 vs. 3.0649082133492236
list:
dist: 3.331583964712314 vs. 3.331583964712314
list:
dist: 3.8761183340207532 vs. 3.8761183340207532
list:
dist: 1.5012898911549104 vs. 1.5012898911549104
list:
dist: 1.8250208033001263 vs. 1.8250208033001263
list:
dist: 2.392200865803144 vs. 2.392200865803144
list:
dist: 0.5202885849272876 vs. 0.5202885849272876
list:
dist: 2.0127533007328653 vs. 2.0127533007328653
list:
dist: 2.454512457436491 vs. 2.454512457436491
list:
dist: 2.859592849324475 vs. 2.859592849324475
list:
dist: 2.4161633916489764 vs. 2.4161633916489764
list:
dist: 1.7409585588092935 vs. 1.7409585588092935
list:
dist: 1.5016642276015004 vs. 1.5016642276015004
list:
dist: 2.154508843738168 vs. 2.154508843738168
list:
dist: 1.5113975283447865 vs. 1.5113975283447865
list:
dist: 3.231602667588062 vs. 3.231602667588062
list:
dist: 2.7024069486741475 vs. 2.7024069486741475
list:
dist: 3.0328068584674353 vs. 3.0328068584674353
list:
dist: 2.9972163625438233 vs. 2.9972163625438233
list:
dist: 3.1698572948734403 vs. 3.1698572948734403
list:
dist: 3.739768233065602 vs. 3.739768233065602
list:
dist: 1.797434245077165 vs. 1.797434245077165
list:
dist: 1.1446800949697495 vs. 1.1446800949697495
list:
dist: 2.6221757561813437 vs. 2.6221757561813437
list:
dist: 2.154508843738168 vs. 2.154508843738168
list:
dist: 2.476803941037249 vs. 2.476803941037249
list:
dist: 3.131475510410696 vs. 3.131475510410696
list:
dist: 0.7616564783674681 vs. 0.7616564783674681
list:
dist: 1.9782523870451287 vs. 1.9782523870451287
list:
dist: 1.787139941959325 vs. 1.787139941959325
list:
dist: 1.314455379267101 vs. 1.314455379267101
list:
dist: 1.9741568956467614 vs. 1.9741568956467614
list:
dist: 3.9273555607590156 vs. 3.9273555607590156
list:
dist: 2.6096828970397428 vs. 2.6096828970397428
list:
dist: 3.4148882075750544 vs. 3.4148882075750544
list:
dist: 3.3499850887692864 vs. 3.3499850887692864
list:
dist: 3.2407464953143528 vs. 3.2407464953143528
list:
dist: 3.5256960726722597 vs. 3.5256960726722597
list:
dist: 4.150583496415215 vs. 4.150583496415215
list:
dist: 3.7143443320156586 vs. 3.7143443320156586
list:
dist: 3.027052997007512 vs. 3.027052997007512
list:
dist: 4.198320610907056 vs. 4.198320610907056
list:
dist: 4.254554995957469 vs. 4.254554995957469
list:
dist: 3.146382011928807 vs. 3.146382011928807
list:
dist: 2.112488178361163 vs. 2.112488178361163
list:
dist: 2.112181196999428 vs. 2.112181196999428
list:
dist: 1.83781592177875 vs. 1.83781592177875
list:
dist: 1.5016642276015004 vs. 1.5016642276015004
list:
dist: 1.5044134274062573 vs. 1.5044134274062573
list:
dist: 2.012216009249587 vs. 2.012216009249587
list:
dist: 1.7426897837014335 vs. 1.7426897837014335
list:
dist: 1.1030308986549957 vs. 1.1030308986549957
list:
dist: 0.6734553147000906 vs. 0.6734553147000906
list:
dist: 1.314455379267101 vs. 1.314455379267101
list:
dist: 0.6602474643262789 vs. 0.6602474643262789
list:
dist: 2.6592885318073565 vs. 2.6592885318073565
list:
dist: 1.522771786397191 vs. 1.522771786397191
list:
dist: 2.2179677110377405 vs. 2.2179677110377405
list:
dist: 2.198089515500462 vs. 2.198089515500462
list:
dist: 2.2726282672917186 vs. 2.2726282672917186
list:
dist: 2.5952706123551668 vs. 2.5952706123551668
list:
dist: 3.3152264691072846 vs. 3.3152264691072846
list:
dist: 2.7561171504227477 vs. 2.7561171504227477
list:
dist: 2.3307284735996228 vs. 2.3307284735996228
list:
dist: 3.3260390034409553 vs. 3.3260390034409553
list:
dist: 3.34466796171018 vs. 3.34466796171018
list:
dist: 2.807023282281651 vs. 2.807023282281651
list:
dist: 1.084589747339351 vs. 1.084589747339351
list:
dist: 2.793752363824967 vs. 2.793752363824967
list:
dist: 2.392200865803144 vs. 2.392200865803144
list:
dist: 1.5435457426767656 vs. 1.5435457426767656
list:
dist: 2.6959263036344563 vs. 2.6959263036344563
list:
dist: 2.71651882587591 vs. 2.71651882587591
list:
dist: 2.112181196999428 vs. 2.112181196999428
list:
dist: 1.1446800949697495 vs. 1.1446800949697495
list:
dist: 2.7098457050749323 vs. 2.7098457050749323
list:
dist: 2.664935731035786 vs. 2.664935731035786
list:
dist: 2.5442626915257507 vs. 2.5442626915257507
list:
dist: 2.454512457436491 vs. 2.454512457436491
list:
dist: 0.7413509763878938 vs. 0.7413509763878938
list:
dist: 2.3143851000830513 vs. 2.3143851000830513
list:
dist: 1.3813989075892408 vs. 1.3813989075892408
list:
dist: 2.012216009249587 vs. 2.012216009249587
list:
dist: 3.131475510410696 vs. 3.131475510410696
list:
dist: 1.555218894943664 vs. 1.555218894943664
list:
dist: 1.5548150735226829 vs. 1.5548150735226829
list:
dist: 1.7177849990244318 vs. 1.7177849990244318
list:
dist: 1.2035460455386229 vs. 1.2035460455386229
list:
dist: 0.9048779937860305 vs. 0.9048779937860305
list:
dist: 0.9767567953518508 vs. 0.9767567953518508
list:
dist: 1.8375260950378745 vs. 1.8375260950378745
list:
dist: 1.7269742507535004 vs. 1.7269742507535004
list:
dist: 2.7377236689955127 vs. 2.7377236689955127
list:
dist: 2.71651882587591 vs. 2.71651882587591
list:
dist: 2.0313296247196493 vs. 2.0313296247196493
list:
dist: 1.7409585588092935 vs. 1.7409585588092935
list:
dist: 0.8774920897664664 vs. 0.8774920897664664
list:
dist: 1.3813989075892408 vs. 1.3813989075892408
list:
dist: 2.1343156939960846 vs. 2.1343156939960846
list:
dist: 1.3025152191408025 vs. 1.3025152191408025
list:
dist: 0.6734553147000906 vs. 0.6734553147000906
list:
dist: 1.787139941959325 vs. 1.787139941959325
list:
dist: 0.6073131550605533 vs. 0.6073131550605533
list:
dist: 2.239465458702291 vs. 2.239465458702291
list:
dist: 1.2837994157097592 vs. 1.2837994157097592
list:
dist: 1.7348776389844083 vs. 1.7348776389844083
list:
dist: 1.6288684928203252 vs. 1.6288684928203252
list:
dist: 1.6366235414266779 vs. 1.6366235414266779
list:
dist: 2.1171927839130222 vs. 2.1171927839130222
list:
dist: 3.0249544502668697 vs. 3.0249544502668697
list:
dist: 2.396386317081657 vs. 2.396386317081657
list:
dist: 2.204876351179156 vs. 2.204876351179156
list:
dist: 2.836533885305482 vs. 2.836533885305482
list:
dist: 2.872106783599013 vs. 2.872106783599013
list:
dist: 2.5411405434420233 vs. 2.5411405434420233
list:
dist: 2.52267224377798 vs. 2.52267224377798
list:
dist: 2.7098457050749323 vs. 2.7098457050749323
list:
dist: 1.6873233535145218 vs. 1.6873233535145218
list:
dist: 1.5113975283447865 vs. 1.5113975283447865
list:
dist: 1.2532921204193541 vs. 1.2532921204193541
list:
dist: 1.555218894943664 vs. 1.555218894943664
list:
dist: 2.36889644555527 vs. 2.36889644555527
list:
dist: 1.1111447951800464 vs. 1.1111447951800464
list:
dist: 0.6073131550605533 vs. 0.6073131550605533
list:
dist: 0.6602474643262789 vs. 0.6602474643262789
list:
dist: 1.9741568956467614 vs. 1.9741568956467614
list:
dist: 2.05286509237732 vs. 2.05286509237732
list:
dist: 1.194704767988087 vs. 1.194704767988087
list:
dist: 1.6941154668830534 vs. 1.6941154668830534
list:
dist: 1.7145285768943817 vs. 1.7145285768943817
list:
dist: 1.9464392088845404 vs. 1.9464392088845404
list:
dist: 2.2905441403395232 vs. 2.2905441403395232
list:
dist: 3.0513598583600263 vs. 3.0513598583600263
list:
dist: 2.426793725648373 vs. 2.426793725648373
list:
dist: 2.2333636014367615 vs. 2.2333636014367615
list:
dist: 3.0260035284861453 vs. 3.0260035284861453
list:
dist: 3.018537457027678 vs. 3.018537457027678
list:
dist: 2.8762058411959934 vs. 2.8762058411959934
list:
dist: 1.0782693743369713 vs. 1.0782693743369713
list:
dist: 1.5012898911549104 vs. 1.5012898911549104
list:
dist: 2.5907463036599463 vs. 2.5907463036599463
list:
dist: 2.664935731035786 vs. 2.664935731035786
list:
dist: 2.5907463036599463 vs. 2.5907463036599463
list:
dist: 2.2391985599904434 vs. 2.2391985599904434
list:
dist: 2.0127533007328653 vs. 2.0127533007328653
list:
dist: 0.7413509763878938 vs. 0.7413509763878938
list:
dist: 2.0938139498610147 vs. 2.0938139498610147
list:
dist: 0.8774920897664664 vs. 0.8774920897664664
list:
dist: 1.5044134274062573 vs. 1.5044134274062573
list:
dist: 2.476803941037249 vs. 2.476803941037249
list:
dist: 1.2532921204193541 vs. 1.2532921204193541
list:
dist: 2.135448383859759 vs. 2.135448383859759
list:
dist: 1.7538842117988092 vs. 1.7538842117988092
list:
dist: 1.6737660520542832 vs. 1.6737660520542832
list:
dist: 1.406337773948899 vs. 1.406337773948899
list:
dist: 1.2787866364940204 vs. 1.2787866364940204
list:
dist: 2.126555192883846 vs. 2.126555192883846
list:
dist: 2.376764940999196 vs. 2.376764940999196
list:
dist: 2.3676835411012007 vs. 2.3676835411012007
list:
dist: 1.5435457426767656 vs. 1.5435457426767656
list:
dist: 3.303957462786035 vs. 3.303957462786035
list:
dist: 2.859592849324475 vs. 2.859592849324475
list:
dist: 2.0296303585310516 vs. 2.0296303585310516
list:
dist: 2.1343156939960846 vs. 2.1343156939960846
list:
dist: 1.7426897837014335 vs. 1.7426897837014335
list:
dist: 0.7616564783674681 vs. 0.7616564783674681
list:
dist: 2.36889644555527 vs. 2.36889644555527
list:
dist: 3.331583964712314 vs. 3.331583964712314
list:
dist: 3.1698572948734403 vs. 3.1698572948734403
list:
dist: 1.2787866364940204 vs. 1.2787866364940204
list:
dist: 0.9767567953518508 vs. 0.9767567953518508
list:
dist: 2.257343983407057 vs. 2.257343983407057
list:
dist: 1.6366235414266779 vs. 1.6366235414266779
list:
dist: 2.2726282672917186 vs. 2.2726282672917186
list:
dist: 3.2407464953143528 vs. 3.2407464953143528
list:
dist: 1.9464392088845404 vs. 1.9464392088845404
list:
dist: 1.65259176511757 vs. 1.65259176511757
list:
dist: 1.522828720513798 vs. 1.522828720513798
list:
dist: 1.0567972562349983 vs. 1.0567972562349983
list:
dist: 0.6869238954231882 vs. 0.6869238954231882
list:
dist: 1.024523502268257 vs. 1.024523502268257
list:
dist: 1.3438692958551952 vs. 1.3438692958551952
list:
dist: 2.265181257197413 vs. 2.265181257197413
list:
dist: 1.6100962010534177 vs. 1.6100962010534177
list:
dist: 2.1195828155119645 vs. 2.1195828155119645
list:
dist: 1.522568039603878 vs. 1.522568039603878
list:
dist: 1.6053165369664613 vs. 1.6053165369664613
list:
dist: 2.098924251276384 vs. 2.098924251276384
list:
dist: 2.724722919626837 vs. 2.724722919626837
list:
dist: 2.6959263036344563 vs. 2.6959263036344563
list:
dist: 2.602573183417879 vs. 2.602573183417879
list:
dist: 2.4161633916489764 vs. 2.4161633916489764
list:
dist: 2.0938139498610147 vs. 2.0938139498610147
list:
dist: 2.3143851000830513 vs. 2.3143851000830513
list:
dist: 2.0296303585310516 vs. 2.0296303585310516
list:
dist: 1.3025152191408025 vs. 1.3025152191408025
list:
dist: 1.1030308986549957 vs. 1.1030308986549957
list:
dist: 1.9782523870451287 vs. 1.9782523870451287
list:
dist: 1.1111447951800464 vs. 1.1111447951800464
list:
dist: 2.316691069832421 vs. 2.316691069832421
list:
dist: 0.8886688952127629 vs. 0.8886688952127629
list:
dist: 1.897172951138311 vs. 1.897172951138311
list:
dist: 2.0397721549834404 vs. 2.0397721549834404
list:
dist: 2.257343983407057 vs. 2.257343983407057
list:
dist: 2.1108484735455897 vs. 2.1108484735455897
list:
dist: 2.457258978920346 vs. 2.457258978920346
list:
dist: 2.029183144293714 vs. 2.029183144293714
list:
dist: 1.4042097762158081 vs. 1.4042097762158081
list:
dist: 2.802053180486595 vs. 2.802053180486595
list:
dist: 2.772918793727275 vs. 2.772918793727275
list:
dist: 2.3107952708707855 vs. 2.3107952708707855
list:
dist: 2.3107952708707855 vs. 2.3107952708707855
list:
dist: 2.5411405434420233 vs. 2.5411405434420233
list:
dist: 2.807023282281651 vs. 2.807023282281651
list:
dist: 3.146382011928807 vs. 3.146382011928807
list:
dist: 2.8762058411959934 vs. 2.8762058411959934
list:
dist: 3.102675503857512 vs. 3.102675503857512
list:
dist: 2.041734619897868 vs. 2.041734619897868
list:
dist: 2.475373248721213 vs. 2.475373248721213
list:
dist: 2.409751265278836 vs. 2.409751265278836
list:
dist: 2.098924251276384 vs. 2.098924251276384
list:
dist: 1.5821474340772312 vs. 1.5821474340772312
list:
dist: 2.9517043949792052 vs. 2.9517043949792052
list:
dist: 1.8124318825115222 vs. 1.8124318825115222
list:
dist: 1.7732327336994618 vs. 1.7732327336994618
list:
dist: 1.3915769121146584 vs. 1.3915769121146584
list:
dist: 1.7601070831308598 vs. 1.7601070831308598
list:
dist: 1.872392812085223 vs. 1.872392812085223
list:
dist: 2.376764940999196 vs. 2.376764940999196
list:
dist: 1.7269742507535004 vs. 1.7269742507535004
list:
dist: 1.4617371586626147 vs. 1.4617371586626147
list:
dist: 2.3371818638941857 vs. 2.3371818638941857
list:
dist: 1.3804011588967546 vs. 1.3804011588967546
list:
dist: 1.234502268297454 vs. 1.234502268297454
list:
dist: 1.3438692958551952 vs. 1.3438692958551952
list:
dist: 1.4790541780519497 vs. 1.4790541780519497
list:
dist: 2.3357336278485583 vs. 2.3357336278485583
list:
dist: 1.8151153521156205 vs. 1.8151153521156205
list:
dist: 2.7917754111998305 vs. 2.7917754111998305
list:
dist: 1.4612144959028766 vs. 1.4612144959028766
list:
dist: 1.451845651691072 vs. 1.451845651691072
list:
dist: 2.9517043949792052 vs. 2.9517043949792052
list:
dist: 3.059973011145136 vs. 3.059973011145136
list:
dist: 3.0328068584674353 vs. 3.0328068584674353
list:
dist: 1.6737660520542832 vs. 1.6737660520542832
list:
dist: 1.2035460455386229 vs. 1.2035460455386229
list:
dist: 1.897172951138311 vs. 1.897172951138311
list:
dist: 1.7348776389844083 vs. 1.7348776389844083
list:
dist: 2.2179677110377405 vs. 2.2179677110377405
list:
dist: 3.4148882075750544 vs. 3.4148882075750544
list:
dist: 1.6941154668830534 vs. 1.6941154668830534
list:
dist: 0.689203270193436 vs. 0.689203270193436
list:
dist: 1.0402508382081603 vs. 1.0402508382081603
list:
dist: 0.40459478393895165 vs. 0.40459478393895165
list:
dist: 1.0567972562349983 vs. 1.0567972562349983
list:
dist: 1.0632993796406367 vs. 1.0632993796406367
list:
dist: 1.3804011588967546 vs. 1.3804011588967546
list:
dist: 1.9163097830292914 vs. 1.9163097830292914
list:
dist: 1.2016401317440266 vs. 1.2016401317440266
list:
dist: 1.836714413409473 vs. 1.836714413409473
list:
dist: 1.6441541986704973 vs. 1.6441541986704973
list:
dist: 1.5837516111586933 vs. 1.5837516111586933
list:
dist: 2.475373248721213 vs. 2.475373248721213
list:
dist: 3.146449649559174 vs. 3.146449649559174
list:
dist: 3.231602667588062 vs. 3.231602667588062
list:
dist: 2.135448383859759 vs. 2.135448383859759
list:
dist: 1.5548150735226829 vs. 1.5548150735226829
list:
dist: 2.316691069832421 vs. 2.316691069832421
list:
dist: 2.239465458702291 vs. 2.239465458702291
list:
dist: 2.6592885318073565 vs. 2.6592885318073565
list:
dist: 3.9273555607590156 vs. 3.9273555607590156
list:
dist: 2.05286509237732 vs. 2.05286509237732
list:
dist: 1.5364282961727973 vs. 1.5364282961727973
list:
dist: 0.689203270193436 vs. 0.689203270193436
list:
dist: 0.9789315652557582 vs. 0.9789315652557582
list:
dist: 1.65259176511757 vs. 1.65259176511757
list:
dist: 1.619485916191923 vs. 1.619485916191923
list:
dist: 1.4617371586626147 vs. 1.4617371586626147
list:
dist: 2.2059758001944587 vs. 2.2059758001944587
list:
dist: 1.5810206872538421 vs. 1.5810206872538421
list:
dist: 2.308150911886059 vs. 2.308150911886059
list:
dist: 2.0423899483222896 vs. 2.0423899483222896
list:
dist: 1.930602119927318 vs. 1.930602119927318
list:
dist: 3.102675503857512 vs. 3.102675503857512
list:
dist: 2.802053180486595 vs. 2.802053180486595
list:
dist: 2.836533885305482 vs. 2.836533885305482
list:
dist: 3.3260390034409553 vs. 3.3260390034409553
list:
dist: 4.198320610907056 vs. 4.198320610907056
list:
dist: 3.0260035284861453 vs. 3.0260035284861453
list:
dist: 2.0423899483222896 vs. 2.0423899483222896
list:
dist: 2.020097821232711 vs. 2.020097821232711
list:
dist: 1.6441541986704973 vs. 1.6441541986704973
list:
dist: 1.6122828402068465 vs. 1.6122828402068465
list:
dist: 1.522568039603878 vs. 1.522568039603878
list:
dist: 0.738336280496772 vs. 0.738336280496772
list:
dist: 1.4612144959028766 vs. 1.4612144959028766
list:
dist: 1.1760588893654043 vs. 1.1760588893654043
list:
dist: 0.9699097720979852 vs. 0.9699097720979852
list:
dist: 1.8198735996968445 vs. 1.8198735996968445
list:
dist: 0.21717416095559372 vs. 0.21717416095559372
list:
dist: 1.7601070831308598 vs. 1.7601070831308598
list:
dist: 3.0649082133492236 vs. 3.0649082133492236
list:
dist: 2.9972163625438233 vs. 2.9972163625438233
list:
dist: 1.406337773948899 vs. 1.406337773948899
list:
dist: 0.9048779937860305 vs. 0.9048779937860305
list:
dist: 2.0397721549834404 vs. 2.0397721549834404
list:
dist: 1.6288684928203252 vs. 1.6288684928203252
list:
dist: 2.198089515500462 vs. 2.198089515500462
list:
dist: 3.3499850887692864 vs. 3.3499850887692864
list:
dist: 1.7145285768943817 vs. 1.7145285768943817
list:
dist: 0.9789315652557582 vs. 0.9789315652557582
list:
dist: 1.2117832439597152 vs. 1.2117832439597152
list:
dist: 0.40459478393895165 vs. 0.40459478393895165
list:
dist: 0.6869238954231882 vs. 0.6869238954231882
list:
dist: 1.038180918021314 vs. 1.038180918021314
list:
dist: 1.234502268297454 vs. 1.234502268297454
list:
dist: 2.103578212174069 vs. 2.103578212174069
list:
dist: 1.384370208817044 vs. 1.384370208817044
list:
dist: 2.0014923494948356 vs. 2.0014923494948356
list:
dist: 1.6122828402068465 vs. 1.6122828402068465
list:
dist: 1.6025360625986729 vs. 1.6025360625986729
list:
dist: 2.409751265278836 vs. 2.409751265278836
list:
dist: 2.8256306216095908 vs. 2.8256306216095908
list:
dist: 2.7024069486741475 vs. 2.7024069486741475
list:
dist: 1.7538842117988092 vs. 1.7538842117988092
list:
dist: 1.7177849990244318 vs. 1.7177849990244318
list:
dist: 0.8886688952127629 vs. 0.8886688952127629
list:
dist: 1.2837994157097592 vs. 1.2837994157097592
list:
dist: 1.522771786397191 vs. 1.522771786397191
list:
dist: 2.6096828970397428 vs. 2.6096828970397428
list:
dist: 1.194704767988087 vs. 1.194704767988087
list:
dist: 1.5364282961727973 vs. 1.5364282961727973
list:
dist: 1.0402508382081603 vs. 1.0402508382081603
list:
dist: 1.2117832439597152 vs. 1.2117832439597152
list:
dist: 1.522828720513798 vs. 1.522828720513798
list:
dist: 1.3103201453686715 vs. 1.3103201453686715
list:
dist: 2.3371818638941857 vs. 2.3371818638941857
list:
dist: 1.8605699586486062 vs. 1.8605699586486062
list:
dist: 1.2757262711249955 vs. 1.2757262711249955
list:
dist: 1.1453507191808525 vs. 1.1453507191808525
list:
dist: 2.020097821232711 vs. 2.020097821232711
list:
dist: 1.9788595159258229 vs. 1.9788595159258229
list:
dist: 2.041734619897868 vs. 2.041734619897868
list:
dist: 3.8761183340207532 vs. 3.8761183340207532
list:
dist: 3.739768233065602 vs. 3.739768233065602
list:
dist: 2.126555192883846 vs. 2.126555192883846
list:
dist: 1.8375260950378745 vs. 1.8375260950378745
list:
dist: 2.1108484735455897 vs. 2.1108484735455897
list:
dist: 2.1171927839130222 vs. 2.1171927839130222
list:
dist: 2.5952706123551668 vs. 2.5952706123551668
list:
dist: 3.5256960726722597 vs. 3.5256960726722597
list:
dist: 2.2905441403395232 vs. 2.2905441403395232
list:
dist: 1.619485916191923 vs. 1.619485916191923
list:
dist: 1.3103201453686715 vs. 1.3103201453686715
list:
dist: 1.0632993796406367 vs. 1.0632993796406367
list:
dist: 1.038180918021314 vs. 1.038180918021314
list:
dist: 1.024523502268257 vs. 1.024523502268257
list:
dist: 1.4790541780519497 vs. 1.4790541780519497
list:
dist: 1.245484885806366 vs. 1.245484885806366
list:
dist: 0.6586114977390523 vs. 0.6586114977390523
list:
dist: 1.3792510499121673 vs. 1.3792510499121673
list:
dist: 0.738336280496772 vs. 0.738336280496772
list:
dist: 0.7577888465583881 vs. 0.7577888465583881
list:
dist: 1.5821474340772312 vs. 1.5821474340772312
list:
dist: 2.457258978920346 vs. 2.457258978920346
list:
dist: 3.0249544502668697 vs. 3.0249544502668697
list:
dist: 3.3152264691072846 vs. 3.3152264691072846
list:
dist: 4.150583496415215 vs. 4.150583496415215
list:
dist: 3.0513598583600263 vs. 3.0513598583600263
list:
dist: 2.2059758001944587 vs. 2.2059758001944587
list:
dist: 1.8605699586486062 vs. 1.8605699586486062
list:
dist: 1.9163097830292914 vs. 1.9163097830292914
list:
dist: 2.103578212174069 vs. 2.103578212174069
list:
dist: 2.265181257197413 vs. 2.265181257197413
list:
dist: 1.245484885806366 vs. 1.245484885806366
list:
dist: 2.3357336278485583 vs. 2.3357336278485583
list:
dist: 0.7255831899957432 vs. 0.7255831899957432
list:
dist: 1.1935080321323306 vs. 1.1935080321323306
list:
dist: 1.1760588893654043 vs. 1.1760588893654043
list:
dist: 1.0394413161015754 vs. 1.0394413161015754
list:
dist: 1.8124318825115222 vs. 1.8124318825115222
list:
dist: 1.4042097762158081 vs. 1.4042097762158081
list:
dist: 2.204876351179156 vs. 2.204876351179156
list:
dist: 2.3307284735996228 vs. 2.3307284735996228
list:
dist: 3.027052997007512 vs. 3.027052997007512
list:
dist: 2.2333636014367615 vs. 2.2333636014367615
list:
dist: 2.308150911886059 vs. 2.308150911886059
list:
dist: 1.1453507191808525 vs. 1.1453507191808525
list:
dist: 1.836714413409473 vs. 1.836714413409473
list:
dist: 2.0014923494948356 vs. 2.0014923494948356
list:
dist: 2.1195828155119645 vs. 2.1195828155119645
list:
dist: 1.3792510499121673 vs. 1.3792510499121673
list:
dist: 2.7917754111998305 vs. 2.7917754111998305
list:
dist: 1.1935080321323306 vs. 1.1935080321323306
list:
dist: 1.0846223510696391 vs. 1.0846223510696391
list:
dist: 1.8198735996968445 vs. 1.8198735996968445
list:
dist: 1.776323245641852 vs. 1.776323245641852
list:
dist: 1.3915769121146584 vs. 1.3915769121146584
list:
dist: 2.772918793727275 vs. 2.772918793727275
list:
dist: 2.872106783599013 vs. 2.872106783599013
list:
dist: 3.34466796171018 vs. 3.34466796171018
list:
dist: 4.254554995957469 vs. 4.254554995957469
list:
dist: 3.018537457027678 vs. 3.018537457027678
list:
dist: 1.930602119927318 vs. 1.930602119927318
list:
dist: 1.9788595159258229 vs. 1.9788595159258229
list:
dist: 1.5837516111586933 vs. 1.5837516111586933
list:
dist: 1.6025360625986729 vs. 1.6025360625986729
list:
dist: 1.6053165369664613 vs. 1.6053165369664613
list:
dist: 0.7577888465583881 vs. 0.7577888465583881
list:
dist: 1.451845651691072 vs. 1.451845651691072
list:
dist: 1.0394413161015754 vs. 1.0394413161015754
list:
dist: 0.8475328398827544 vs. 0.8475328398827544
list:
dist: 1.776323245641852 vs. 1.776323245641852
list:
dist: 0.21717416095559372 vs. 0.21717416095559372
list:
dist: 1.872392812085223 vs. 1.872392812085223
list:
dist: 2.029183144293714 vs. 2.029183144293714
list:
dist: 2.396386317081657 vs. 2.396386317081657
list:
dist: 2.7561171504227477 vs. 2.7561171504227477
list:
dist: 3.7143443320156586 vs. 3.7143443320156586
list:
dist: 2.426793725648373 vs. 2.426793725648373
list:
dist: 1.5810206872538421 vs. 1.5810206872538421
list:
dist: 1.2757262711249955 vs. 1.2757262711249955
list:
dist: 1.2016401317440266 vs. 1.2016401317440266
list:
dist: 1.384370208817044 vs. 1.384370208817044
list:
dist: 1.6100962010534177 vs. 1.6100962010534177
list:
dist: 0.6586114977390523 vs. 0.6586114977390523
list:
dist: 1.8151153521156205 vs. 1.8151153521156205
list:
dist: 0.7255831899957432 vs. 0.7255831899957432
list:
dist: 1.0846223510696391 vs. 1.0846223510696391
list:
dist: 0.9699097720979852 vs. 0.9699097720979852
list:
dist: 0.8475328398827544 vs. 0.8475328398827544
list:
dist: 1.7732327336994618 vs. 1.7732327336994618
list:
dist: 2.0677373921145583 vs. 2.0677373921145583
list:
dist: 1.0665160645886453 vs. 1.0665160645886453
list:
dist: 0.980883078971229 vs. 0.980883078971229
list:
dist: 1.3278350312403377 vs. 1.3278350312403377
list:
dist: 1.2996928543630106 vs. 1.2996928543630106
list:
dist: 1.5481153164257353 vs. 1.5481153164257353
list:
dist: 0.7500545121982952 vs. 0.7500545121982952
list:
dist: 1.500481893541726 vs. 1.500481893541726
list:
dist: 1.6835098170093792 vs. 1.6835098170093792
list:
dist: 1.6023371339041805 vs. 1.6023371339041805
list:
dist: 1.3273010209083203 vs. 1.3273010209083203
list:
dist: 3.297167344553457 vs. 3.297167344553457
list:
dist: 2.1514039848960023 vs. 2.1514039848960023
list:
dist: 2.901784201544514 vs. 2.901784201544514
list:
dist: 2.9068144730962806 vs. 2.9068144730962806
list:
dist: 1.8618433510460526 vs. 1.8618433510460526
list:
dist: 2.906266877625718 vs. 2.906266877625718
list:
dist: 2.1635482311364056 vs. 2.1635482311364056
list:
dist: 2.701500164252409 vs. 2.701500164252409
list:
dist: 3.2429909524571396 vs. 3.2429909524571396
list:
dist: 2.6621138651648275 vs. 2.6621138651648275
list:
dist: 3.8097543833749414 vs. 3.8097543833749414
list:
dist: 2.96613565661952 vs. 2.96613565661952
list:
dist: 1.72174580807143 vs. 1.72174580807143
list:
dist: 1.2674143293583207 vs. 1.2674143293583207
list:
dist: 1.8663859516642358 vs. 1.8663859516642358
list:
dist: 2.0677373921145583 vs. 2.0677373921145583
list:
dist: 1.3528657047269967 vs. 1.3528657047269967
list:
dist: 2.680094635905822 vs. 2.680094635905822
list:
dist: 1.809688216985871 vs. 1.809688216985871
list:
dist: 3.0690912902777994 vs. 3.0690912902777994
list:
dist: 3.2279011954507637 vs. 3.2279011954507637
list:
dist: 3.58296080394972 vs. 3.58296080394972
list:
dist: 3.274595490375578 vs. 3.274595490375578
list:
dist: 2.680094635905822 vs. 2.680094635905822
list:
dist: 2.5132996935544143 vs. 2.5132996935544143
list:
dist: 1.690432184016878 vs. 1.690432184016878
list:
dist: 2.4939157031454906 vs. 2.4939157031454906
list:
dist: 1.5481153164257353 vs. 1.5481153164257353
list:
dist: 1.819875369449328 vs. 1.819875369449328
list:
dist: 1.2944808509085508 vs. 1.2944808509085508
list:
dist: 2.667735189147603 vs. 2.667735189147603
list:
dist: 2.296594619720107 vs. 2.296594619720107
list:
dist: 1.9999397686962175 vs. 1.9999397686962175
list:
dist: 1.4139862861537391 vs. 1.4139862861537391
list:
dist: 1.8779826278837755 vs. 1.8779826278837755
list:
dist: 1.233761414916648 vs. 1.233761414916648
list:
dist: 1.6344932452940475 vs. 1.6344932452940475
list:
dist: 2.015336210966241 vs. 2.015336210966241
list:
dist: 0.7933054783422702 vs. 0.7933054783422702
list:
dist: 1.5275136276891768 vs. 1.5275136276891768
list:
dist: 0.6780427878368472 vs. 0.6780427878368472
list:
dist: 1.9703401712980284 vs. 1.9703401712980284
list:
dist: 2.575805345134684 vs. 2.575805345134684
list:
dist: 2.607599605896608 vs. 2.607599605896608
list:
dist: 3.2980794656847277 vs. 3.2980794656847277
list:
dist: 2.376186205741828 vs. 2.376186205741828
list:
dist: 1.8663859516642358 vs. 1.8663859516642358
list:
dist: 1.261613623239258 vs. 1.261613623239258
list:
dist: 1.0898397586004547 vs. 1.0898397586004547
list:
dist: 1.3278350312403377 vs. 1.3278350312403377
list:
dist: 2.0368518217672893 vs. 2.0368518217672893
list:
dist: 2.4939157031454906 vs. 2.4939157031454906
list:
dist: 1.2127216991944822 vs. 1.2127216991944822
list:
dist: 2.418732328176147 vs. 2.418732328176147
list:
dist: 2.90640164563633 vs. 2.90640164563633
list:
dist: 2.7699103861773327 vs. 2.7699103861773327
list:
dist: 2.516396018914434 vs. 2.516396018914434
list:
dist: 1.809688216985871 vs. 1.809688216985871
list:
dist: 1.4964611983806284 vs. 1.4964611983806284
list:
dist: 0.5528213471347091 vs. 0.5528213471347091
list:
dist: 1.2127216991944822 vs. 1.2127216991944822
list:
dist: 0.7500545121982952 vs. 0.7500545121982952
list:
dist: 1.3843978188422976 vs. 1.3843978188422976
list:
dist: 1.2944808509085508 vs. 1.2944808509085508
list:
dist: 2.24940383323414 vs. 2.24940383323414
list:
dist: 2.336903458038357 vs. 2.336903458038357
list:
dist: 2.1598641352895704 vs. 2.1598641352895704
list:
dist: 1.7161629205678408 vs. 1.7161629205678408
list:
dist: 2.8845871084297707 vs. 2.8845871084297707
list:
dist: 2.2753273449928284 vs. 2.2753273449928284
list:
dist: 2.6227750081733587 vs. 2.6227750081733587
list:
dist: 2.929143911212902 vs. 2.929143911212902
list:
dist: 1.8739486394109282 vs. 1.8739486394109282
list:
dist: 2.7674944912595283 vs. 2.7674944912595283
list:
dist: 1.832576391277797 vs. 1.832576391277797
list:
dist: 2.804305314291858 vs. 2.804305314291858
list:
dist: 3.5430665420980674 vs. 3.5430665420980674
list:
dist: 3.1535838159429956 vs. 3.1535838159429956
list:
dist: 4.149516006868952 vs. 4.149516006868952
list:
dist: 3.2330271284806193 vs. 3.2330271284806193
list:
dist: 1.57486675166344 vs. 1.57486675166344
list:
dist: 0.9117293462142768 vs. 0.9117293462142768
list:
dist: 0.930070512863744 vs. 0.930070512863744
list:
dist: 1.5732269507941037 vs. 1.5732269507941037
list:
dist: 1.0685416242805856 vs. 1.0685416242805856
list:
dist: 1.156096590637014 vs. 1.156096590637014
list:
dist: 1.5804177522098661 vs. 1.5804177522098661
list:
dist: 1.6804528913264674 vs. 1.6804528913264674
list:
dist: 1.7507158194187584 vs. 1.7507158194187584
list:
dist: 0.7455078769696304 vs. 0.7455078769696304
list:
dist: 3.2628069053327153 vs. 3.2628069053327153
list:
dist: 2.843540426718045 vs. 2.843540426718045
list:
dist: 3.369453377021333 vs. 3.369453377021333
list:
dist: 3.077341406123268 vs. 3.077341406123268
list:
dist: 2.1641741098276253 vs. 2.1641741098276253
list:
dist: 2.4496180573215693 vs. 2.4496180573215693
list:
dist: 1.902328261070464 vs. 1.902328261070464
list:
dist: 3.068874600813236 vs. 3.068874600813236
list:
dist: 2.025643551363776 vs. 2.025643551363776
list:
dist: 2.9216936968534433 vs. 2.9216936968534433
list:
dist: 1.3326464269178295 vs. 1.3326464269178295
list:
dist: 4.015682731971827 vs. 4.015682731971827
list:
dist: 3.5390062135559948 vs. 3.5390062135559948
list:
dist: 2.2410687096476094 vs. 2.2410687096476094
list:
dist: 2.945035033009541 vs. 2.945035033009541
list:
dist: 3.1510312736745116 vs. 3.1510312736745116
list:
dist: 3.58296080394972 vs. 3.58296080394972
list:
dist: 2.333269733270567 vs. 2.333269733270567
list:
dist: 2.543207036087242 vs. 2.543207036087242
list:
dist: 2.7699103861773327 vs. 2.7699103861773327
list:
dist: 1.6023371339041805 vs. 1.6023371339041805
list:
dist: 2.455360472487559 vs. 2.455360472487559
list:
dist: 1.9999397686962175 vs. 1.9999397686962175
list:
dist: 2.1598641352895704 vs. 2.1598641352895704
list:
dist: 1.3417462551511556 vs. 1.3417462551511556
list:
dist: 1.0852216531187728 vs. 1.0852216531187728
list:
dist: 0.6139102051736313 vs. 0.6139102051736313
list:
dist: 1.7773460727321446 vs. 1.7773460727321446
list:
dist: 2.7567862567355266 vs. 2.7567862567355266
list:
dist: 2.1153634702677664 vs. 2.1153634702677664
list:
dist: 1.5899250484021294 vs. 1.5899250484021294
list:
dist: 2.5338279265940145 vs. 2.5338279265940145
list:
dist: 2.4002513793203097 vs. 2.4002513793203097
list:
dist: 1.789616828090759 vs. 1.789616828090759
list:
dist: 2.195945986732441 vs. 2.195945986732441
list:
dist: 1.1264677715355906 vs. 1.1264677715355906
list:
dist: 2.3617463513449173 vs. 2.3617463513449173
list:
dist: 1.6878236092967822 vs. 1.6878236092967822
list:
dist: 2.164909376249882 vs. 2.164909376249882
list:
dist: 3.0690912902777994 vs. 3.0690912902777994
list:
dist: 1.5064464730354652 vs. 1.5064464730354652
list:
dist: 2.3645708862689157 vs. 2.3645708862689157
list:
dist: 2.418732328176147 vs. 2.418732328176147
list:
dist: 1.500481893541726 vs. 1.500481893541726
list:
dist: 2.0878709653406307 vs. 2.0878709653406307
list:
dist: 2.667735189147603 vs. 2.667735189147603
list:
dist: 2.24940383323414 vs. 2.24940383323414
list:
dist: 0.9113486766074665 vs. 0.9113486766074665
list:
dist: 1.3417462551511556 vs. 1.3417462551511556
list:
dist: 1.6750900265118127 vs. 1.6750900265118127
list:
dist: 2.5870363063930357 vs. 2.5870363063930357
list:
dist: 3.8653365499362273 vs. 3.8653365499362273
list:
dist: 3.4177230649786634 vs. 3.4177230649786634
list:
dist: 2.5850857900990167 vs. 2.5850857900990167
list:
dist: 3.647880983845716 vs. 3.647880983845716
list:
dist: 3.260505863734173 vs. 3.260505863734173
list:
dist: 3.1081101213500775 vs. 3.1081101213500775
list:
dist: 3.0933140411814697 vs. 3.0933140411814697
list:
dist: 2.1780296279292988 vs. 2.1780296279292988
list:
dist: 3.5352619276181705 vs. 3.5352619276181705
list:
dist: 2.982858949507687 vs. 2.982858949507687
list:
dist: 2.3739461400135156 vs. 2.3739461400135156
list:
dist: 1.72174580807143 vs. 1.72174580807143
list:
dist: 1.2784170822673042 vs. 1.2784170822673042
list:
dist: 1.261613623239258 vs. 1.261613623239258
list:
dist: 1.0665160645886453 vs. 1.0665160645886453
list:
dist: 1.3576692838186524 vs. 1.3576692838186524
list:
dist: 2.5132996935544143 vs. 2.5132996935544143
list:
dist: 1.4964611983806284 vs. 1.4964611983806284
list:
dist: 1.5064464730354652 vs. 1.5064464730354652
list:
dist: 2.0194212907842646 vs. 2.0194212907842646
list:
dist: 2.333269733270567 vs. 2.333269733270567
list:
dist: 2.2637147182102337 vs. 2.2637147182102337
list:
dist: 1.8618433510460526 vs. 1.8618433510460526
list:
dist: 2.3009958614259927 vs. 2.3009958614259927
list:
dist: 0.7933054783422702 vs. 0.7933054783422702
list:
dist: 1.8739486394109282 vs. 1.8739486394109282
list:
dist: 2.5850857900990167 vs. 2.5850857900990167
list:
dist: 2.0666197741167602 vs. 2.0666197741167602
list:
dist: 1.5899250484021294 vs. 1.5899250484021294
list:
dist: 1.058548561587527 vs. 1.058548561587527
list:
dist: 1.917862454495813 vs. 1.917862454495813
list:
dist: 0.8063816752151088 vs. 0.8063816752151088
list:
dist: 1.448544253974846 vs. 1.448544253974846
list:
dist: 1.3835876476842086 vs. 1.3835876476842086
list:
dist: 1.0885940963047225 vs. 1.0885940963047225
list:
dist: 0.9144026612598279 vs. 0.9144026612598279
list:
dist: 1.2923577490620193 vs. 1.2923577490620193
list:
dist: 1.9187454202790497 vs. 1.9187454202790497
list:
dist: 1.9327426008119306 vs. 1.9327426008119306
list:
dist: 2.5069925328855973 vs. 2.5069925328855973
list:
dist: 1.5896499285886916 vs. 1.5896499285886916
list:
dist: 2.3500787601772934 vs. 2.3500787601772934
list:
dist: 1.975612780441046 vs. 1.975612780441046
list:
dist: 2.1514039848960023 vs. 2.1514039848960023
list:
dist: 2.199670192676863 vs. 2.199670192676863
list:
dist: 1.233761414916648 vs. 1.233761414916648
list:
dist: 2.2753273449928284 vs. 2.2753273449928284
list:
dist: 2.5870363063930357 vs. 2.5870363063930357
list:
dist: 1.8536811112382348 vs. 1.8536811112382348
list:
dist: 1.7773460727321446 vs. 1.7773460727321446
list:
dist: 1.4356661060422495 vs. 1.4356661060422495
list:
dist: 2.417913024079823 vs. 2.417913024079823
list:
dist: 2.0859944579964185 vs. 2.0859944579964185
list:
dist: 1.9283294684868182 vs. 1.9283294684868182
list:
dist: 0.8063816752151088 vs. 0.8063816752151088
list:
dist: 1.3968711291217961 vs. 1.3968711291217961
list:
dist: 1.460723686386116 vs. 1.460723686386116
list:
dist: 1.8197845690572567 vs. 1.8197845690572567
list:
dist: 1.3861596620641825 vs. 1.3861596620641825
list:
dist: 1.86417854474633 vs. 1.86417854474633
list:
dist: 2.4586087536762165 vs. 2.4586087536762165
list:
dist: 1.7309716185880641 vs. 1.7309716185880641
list:
dist: 2.140753334937668 vs. 2.140753334937668
list:
dist: 1.9196524015976915 vs. 1.9196524015976915
list:
dist: 2.1635482311364056 vs. 2.1635482311364056
list:
dist: 2.4706986374034363 vs. 2.4706986374034363
list:
dist: 0.6780427878368472 vs. 0.6780427878368472
list:
dist: 1.832576391277797 vs. 1.832576391277797
list:
dist: 3.260505863734173 vs. 3.260505863734173
list:
dist: 2.8481794894895955 vs. 2.8481794894895955
list:
dist: 2.4002513793203097 vs. 2.4002513793203097
list:
dist: 1.8028004917956018 vs. 1.8028004917956018
list:
dist: 1.2036418567965195 vs. 1.2036418567965195
list:
dist: 1.460723686386116 vs. 1.460723686386116
list:
dist: 1.0375615612724864 vs. 1.0375615612724864
list:
dist: 1.720014975031243 vs. 1.720014975031243
list:
dist: 0.9144026612598279 vs. 0.9144026612598279
list:
dist: 1.0657373762706444 vs. 1.0657373762706444
list:
dist: 1.7938502165645134 vs. 1.7938502165645134
list:
dist: 2.6658209195447466 vs. 2.6658209195447466
list:
dist: 2.834037412356355 vs. 2.834037412356355
list:
dist: 3.251200132183398 vs. 3.251200132183398
list:
dist: 2.333452994328292 vs. 2.333452994328292
list:
dist: 2.7714838453557338 vs. 2.7714838453557338
list:
dist: 2.332863285257418 vs. 2.332863285257418
list:
dist: 1.3528657047269967 vs. 1.3528657047269967
list:
dist: 1.3576692838186524 vs. 1.3576692838186524
list:
dist: 1.142561358417052 vs. 1.142561358417052
list:
dist: 2.0368518217672893 vs. 2.0368518217672893
list:
dist: 1.2996928543630106 vs. 1.2996928543630106
list:
dist: 1.819875369449328 vs. 1.819875369449328
list:
dist: 1.3843978188422976 vs. 1.3843978188422976
list:
dist: 2.0878709653406307 vs. 2.0878709653406307
list:
dist: 1.980386841855635 vs. 1.980386841855635
list:
dist: 2.455360472487559 vs. 2.455360472487559
list:
dist: 2.1942864123677737 vs. 2.1942864123677737
list:
dist: 3.6323341571184233 vs. 3.6323341571184233
list:
dist: 2.199670192676863 vs. 2.199670192676863
list:
dist: 3.452042112515399 vs. 3.452042112515399
list:
dist: 3.636848085914428 vs. 3.636848085914428
list:
dist: 2.3009958614259927 vs. 2.3009958614259927
list:
dist: 3.2245330515024975 vs. 3.2245330515024975
list:
dist: 2.4706986374034363 vs. 2.4706986374034363
list:
dist: 3.4770853736100675 vs. 3.4770853736100675
list:
dist: 3.3514793020366462 vs. 3.3514793020366462
list:
dist: 3.2669224462725355 vs. 3.2669224462725355
list:
dist: 4.375394377984651 vs. 4.375394377984651
list:
dist: 3.5988675674264567 vs. 3.5988675674264567
list:
dist: 2.3739461400135156 vs. 2.3739461400135156
list:
dist: 1.935186539099404 vs. 1.935186539099404
list:
dist: 2.164909376249882 vs. 2.164909376249882
list:
dist: 2.6956504988284937 vs. 2.6956504988284937
list:
dist: 2.32145971370038 vs. 2.32145971370038
list:
dist: 1.5441169620132504 vs. 1.5441169620132504
list:
dist: 2.3640260250165146 vs. 2.3640260250165146
list:
dist: 2.552965039076675 vs. 2.552965039076675
list:
dist: 2.9068144730962806 vs. 2.9068144730962806
list:
dist: 3.636848085914428 vs. 3.636848085914428
list:
dist: 2.015336210966241 vs. 2.015336210966241
list:
dist: 2.929143911212902 vs. 2.929143911212902
list:
dist: 3.4177230649786634 vs. 3.4177230649786634
list:
dist: 2.9773745865587093 vs. 2.9773745865587093
list:
dist: 2.1153634702677664 vs. 2.1153634702677664
list:
dist: 1.781881003552795 vs. 1.781881003552795
list:
dist: 1.9040454224339227 vs. 1.9040454224339227
list:
dist: 1.9283294684868182 vs. 1.9283294684868182
list:
dist: 1.1822326203480655 vs. 1.1822326203480655
list:
dist: 1.3835876476842086 vs. 1.3835876476842086
list:
dist: 1.1785847957400295 vs. 1.1785847957400295
list:
dist: 1.720014975031243 vs. 1.720014975031243
list:
dist: 0.35038753514241056 vs. 0.35038753514241056
list:
dist: 2.252256791046517 vs. 2.252256791046517
list:
dist: 2.0369187924552645 vs. 2.0369187924552645
list:
dist: 1.9308223962970084 vs. 1.9308223962970084
list:
dist: 1.1093480421931767 vs. 1.1093480421931767
list:
dist: 1.9919713518013489 vs. 1.9919713518013489
list:
dist: 1.5244805944374376 vs. 1.5244805944374376
list:
dist: 3.2279011954507637 vs. 3.2279011954507637
list:
dist: 2.0194212907842646 vs. 2.0194212907842646
list:
dist: 2.5165180698714984 vs. 2.5165180698714984
list:
dist: 2.90640164563633 vs. 2.90640164563633
list:
dist: 1.6835098170093792 vs. 1.6835098170093792
list:
dist: 1.980386841855635 vs. 1.980386841855635
list:
dist: 2.296594619720107 vs. 2.296594619720107
list:
dist: 2.336903458038357 vs. 2.336903458038357
list:
dist: 0.9113486766074665 vs. 0.9113486766074665
list:
dist: 1.0852216531187728 vs. 1.0852216531187728
list:
dist: 1.3816575498986423 vs. 1.3816575498986423
list:
dist: 1.8536811112382348 vs. 1.8536811112382348
list:
dist: 3.469059646904411 vs. 3.469059646904411
list:
dist: 2.9773745865587093 vs. 2.9773745865587093
list:
dist: 2.0666197741167602 vs. 2.0666197741167602
list:
dist: 3.058050496429125 vs. 3.058050496429125
list:
dist: 2.8481794894895955 vs. 2.8481794894895955
list:
dist: 2.68213564487959 vs. 2.68213564487959
list:
dist: 2.2318299877844927 vs. 2.2318299877844927
list:
dist: 1.6012597147504026 vs. 1.6012597147504026
list:
dist: 2.915086202533202 vs. 2.915086202533202
list:
dist: 2.402139371082685 vs. 2.402139371082685
list:
dist: 1.935186539099404 vs. 1.935186539099404
list:
dist: 1.2674143293583207 vs. 1.2674143293583207
list:
dist: 1.2784170822673042 vs. 1.2784170822673042
list:
dist: 1.0898397586004547 vs. 1.0898397586004547
list:
dist: 0.980883078971229 vs. 0.980883078971229
list:
dist: 1.142561358417052 vs. 1.142561358417052
list:
dist: 1.690432184016878 vs. 1.690432184016878
list:
dist: 0.5528213471347091 vs. 0.5528213471347091
list:
dist: 2.3645708862689157 vs. 2.3645708862689157
list:
dist: 2.5165180698714984 vs. 2.5165180698714984
list:
dist: 2.543207036087242 vs. 2.543207036087242
list:
dist: 2.161645302168762 vs. 2.161645302168762
list:
dist: 3.297167344553457 vs. 3.297167344553457
list:
dist: 3.6323341571184233 vs. 3.6323341571184233
list:
dist: 1.8779826278837755 vs. 1.8779826278837755
list:
dist: 2.8845871084297707 vs. 2.8845871084297707
list:
dist: 2.417913024079823 vs. 2.417913024079823
list:
dist: 0.765746138696681 vs. 0.765746138696681
list:
dist: 1.9040454224339227 vs. 1.9040454224339227
list:
dist: 1.917862454495813 vs. 1.917862454495813
list:
dist: 1.2541697987355784 vs. 1.2541697987355784
list:
dist: 1.2036418567965195 vs. 1.2036418567965195
list:
dist: 2.1641769995966067 vs. 2.1641769995966067
list:
dist: 2.855735086137644 vs. 2.855735086137644
list:
dist: 2.3741800088919813 vs. 2.3741800088919813
list:
dist: 3.2429909524571396 vs. 3.2429909524571396
list:
dist: 3.3514793020366462 vs. 3.3514793020366462
list:
dist: 2.575805345134684 vs. 2.575805345134684
list:
dist: 3.5430665420980674 vs. 3.5430665420980674
list:
dist: 3.0933140411814697 vs. 3.0933140411814697
list:
dist: 2.2318299877844927 vs. 2.2318299877844927
list:
dist: 2.195945986732441 vs. 2.195945986732441
list:
dist: 2.198402580434552 vs. 2.198402580434552
list:
dist: 1.3861596620641825 vs. 1.3861596620641825
list:
dist: 2.900743625700486 vs. 2.900743625700486
list:
dist: 2.252256791046517 vs. 2.252256791046517
list:
dist: 1.9187454202790497 vs. 1.9187454202790497
list:
dist: 2.070033630396084 vs. 2.070033630396084
list:
dist: 2.6658209195447466 vs. 2.6658209195447466
list:
dist: 2.1121706137960428 vs. 2.1121706137960428
list:
dist: 1.4793192987273354 vs. 1.4793192987273354
list:
dist: 1.563329584389289 vs. 1.563329584389289
list:
dist: 1.4397986683823505 vs. 1.4397986683823505
list:
dist: 2.32145971370038 vs. 2.32145971370038
list:
dist: 1.4491296785156558 vs. 1.4491296785156558
list:
dist: 1.5664244376163858 vs. 1.5664244376163858
list:
dist: 2.6621138651648275 vs. 2.6621138651648275
list:
dist: 3.2669224462725355 vs. 3.2669224462725355
list:
dist: 2.607599605896608 vs. 2.607599605896608
list:
dist: 3.1535838159429956 vs. 3.1535838159429956
list:
dist: 2.1780296279292988 vs. 2.1780296279292988
list:
dist: 1.6012597147504026 vs. 1.6012597147504026
list:
dist: 1.1264677715355906 vs. 1.1264677715355906
list:
dist: 1.467341905355934 vs. 1.467341905355934
list:
dist: 1.86417854474633 vs. 1.86417854474633
list:
dist: 2.9802570105546184 vs. 2.9802570105546184
list:
dist: 2.0369187924552645 vs. 2.0369187924552645
list:
dist: 1.9327426008119306 vs. 1.9327426008119306
list:
dist: 2.518447416886878 vs. 2.518447416886878
list:
dist: 2.834037412356355 vs. 2.834037412356355
list:
dist: 1.7211445830182373 vs. 1.7211445830182373
list:
dist: 1.4793192987273354 vs. 1.4793192987273354
list:
dist: 1.361864710899989 vs. 1.361864710899989
list:
dist: 1.0796854285268833 vs. 1.0796854285268833
list:
dist: 1.5441169620132504 vs. 1.5441169620132504
list:
dist: 2.421187557286318 vs. 2.421187557286318
list:
dist: 2.3320395220321553 vs. 2.3320395220321553
list:
dist: 2.906266877625718 vs. 2.906266877625718
list:
dist: 3.2245330515024975 vs. 3.2245330515024975
list:
dist: 1.5275136276891768 vs. 1.5275136276891768
list:
dist: 2.7674944912595283 vs. 2.7674944912595283
list:
dist: 3.647880983845716 vs. 3.647880983845716
list:
dist: 3.058050496429125 vs. 3.058050496429125
list:
dist: 2.5338279265940145 vs. 2.5338279265940145
list:
dist: 2.0625116148835123 vs. 2.0625116148835123
list:
dist: 1.2541697987355784 vs. 1.2541697987355784
list:
dist: 1.3968711291217961 vs. 1.3968711291217961
list:
dist: 0.9416219442643556 vs. 0.9416219442643556
list:
dist: 1.1785847957400295 vs. 1.1785847957400295
list:
dist: 1.0885940963047225 vs. 1.0885940963047225
list:
dist: 1.0657373762706444 vs. 1.0657373762706444
list:
dist: 1.3540176877374315 vs. 1.3540176877374315
list:
dist: 2.070033630396084 vs. 2.070033630396084
list:
dist: 2.518447416886878 vs. 2.518447416886878
list:
dist: 2.5037078181305645 vs. 2.5037078181305645
list:
dist: 1.726722158275061 vs. 1.726722158275061
list:
dist: 1.7653265351084446 vs. 1.7653265351084446
list:
dist: 1.2987305519078904 vs. 1.2987305519078904
list:
dist: 2.701500164252409 vs. 2.701500164252409
list:
dist: 3.4770853736100675 vs. 3.4770853736100675
list:
dist: 1.9703401712980284 vs. 1.9703401712980284
list:
dist: 2.804305314291858 vs. 2.804305314291858
list:
dist: 3.1081101213500775 vs. 3.1081101213500775
list:
dist: 2.68213564487959 vs. 2.68213564487959
list:
dist: 1.789616828090759 vs. 1.789616828090759
list:
dist: 1.5074719393432572 vs. 1.5074719393432572
list:
dist: 2.1641769995966067 vs. 2.1641769995966067
list:
dist: 1.8197845690572567 vs. 1.8197845690572567
list:
dist: 1.4300719570200382 vs. 1.4300719570200382
list:
dist: 0.35038753514241056 vs. 0.35038753514241056
list:
dist: 1.2923577490620193 vs. 1.2923577490620193
list:
dist: 1.3540176877374315 vs. 1.3540176877374315
list:
dist: 1.7938502165645134 vs. 1.7938502165645134
list:
dist: 2.1121706137960428 vs. 2.1121706137960428
list:
dist: 1.7211445830182373 vs. 1.7211445830182373
list:
dist: 1.769529685154298 vs. 1.769529685154298
list:
dist: 0.8838046681200755 vs. 0.8838046681200755
list:
dist: 2.065854902318228 vs. 2.065854902318228
list:
dist: 1.644020842639731 vs. 1.644020842639731
list:
dist: 2.96613565661952 vs. 2.96613565661952
list:
dist: 3.5988675674264567 vs. 3.5988675674264567
list:
dist: 2.376186205741828 vs. 2.376186205741828
list:
dist: 3.2330271284806193 vs. 3.2330271284806193
list:
dist: 2.982858949507687 vs. 2.982858949507687
list:
dist: 2.402139371082685 vs. 2.402139371082685
list:
dist: 1.6878236092967822 vs. 1.6878236092967822
list:
dist: 1.651422300090792 vs. 1.651422300090792
list:
dist: 1.7309716185880641 vs. 1.7309716185880641
list:
dist: 2.1699164878190684 vs. 2.1699164878190684
list:
dist: 1.1093480421931767 vs. 1.1093480421931767
list:
dist: 1.5896499285886916 vs. 1.5896499285886916
list:
dist: 1.726722158275061 vs. 1.726722158275061
list:
dist: 2.333452994328292 vs. 2.333452994328292
list:
dist: 0.8838046681200755 vs. 0.8838046681200755
list:
dist: 1.4397986683823505 vs. 1.4397986683823505
list:
dist: 1.0796854285268833 vs. 1.0796854285268833
list:
dist: 0.9670307255183455 vs. 0.9670307255183455
list:
dist: 2.552965039076675 vs. 2.552965039076675
list:
dist: 1.6536438123582238 vs. 1.6536438123582238
list:
dist: 1.427483906091304 vs. 1.427483906091304
list:
dist: 2.2410687096476094 vs. 2.2410687096476094
list:
dist: 1.1522265248928065 vs. 1.1522265248928065
list:
dist: 2.3348191681324786 vs. 2.3348191681324786
list:
dist: 3.1300728159574915 vs. 3.1300728159574915
list:
dist: 2.305303881732683 vs. 2.305303881732683
list:
dist: 2.7669151367251708 vs. 2.7669151367251708
list:
dist: 3.2287244049421098 vs. 3.2287244049421098
list:
dist: 1.6804528913264674 vs. 1.6804528913264674
list:
dist: 1.6729470915059335 vs. 1.6729470915059335
list:
dist: 1.1486500257954493 vs. 1.1486500257954493
list:
dist: 3.357018533864049 vs. 3.357018533864049
list:
dist: 3.474563858696712 vs. 3.474563858696712
list:
dist: 4.476987453623557 vs. 4.476987453623557
list:
dist: 3.199560037645243 vs. 3.199560037645243
list:
dist: 3.869448071139576 vs. 3.869448071139576
list:
dist: 2.6993909664383193 vs. 2.6993909664383193
list:
dist: 4.2370054096399015 vs. 4.2370054096399015
list:
dist: 2.3741800088919813 vs. 2.3741800088919813
list:
dist: 1.9196524015976915 vs. 1.9196524015976915
list:
dist: 2.0317841094169156 vs. 2.0317841094169156
list:
dist: 1.5244805944374376 vs. 1.5244805944374376
list:
dist: 1.975612780441046 vs. 1.975612780441046
list:
dist: 1.2987305519078904 vs. 1.2987305519078904
list:
dist: 2.332863285257418 vs. 2.332863285257418
list:
dist: 1.644020842639731 vs. 1.644020842639731
list:
dist: 1.5664244376163858 vs. 1.5664244376163858
list:
dist: 2.3320395220321553 vs. 2.3320395220321553
list:
dist: 1.6863743319193338 vs. 1.6863743319193338
list:
dist: 1.427483906091304 vs. 1.427483906091304
list:
dist: 0.5211685429348407 vs. 0.5211685429348407
list:
dist: 3.8097543833749414 vs. 3.8097543833749414
list:
dist: 4.375394377984651 vs. 4.375394377984651
list:
dist: 3.2980794656847277 vs. 3.2980794656847277
list:
dist: 4.149516006868952 vs. 4.149516006868952
list:
dist: 3.5352619276181705 vs. 3.5352619276181705
list:
dist: 2.915086202533202 vs. 2.915086202533202
list:
dist: 2.3617463513449173 vs. 2.3617463513449173
list:
dist: 2.499090704339599 vs. 2.499090704339599
list:
dist: 2.4586087536762165 vs. 2.4586087536762165
list:
dist: 3.022642853954372 vs. 3.022642853954372
list:
dist: 1.9308223962970084 vs. 1.9308223962970084
list:
dist: 2.5069925328855973 vs. 2.5069925328855973
list:
dist: 2.5037078181305645 vs. 2.5037078181305645
list:
dist: 3.251200132183398 vs. 3.251200132183398
list:
dist: 1.769529685154298 vs. 1.769529685154298
list:
dist: 1.563329584389289 vs. 1.563329584389289
list:
dist: 1.361864710899989 vs. 1.361864710899989
list:
dist: 0.9670307255183455 vs. 0.9670307255183455
list:
dist: 2.3640260250165146 vs. 2.3640260250165146
list:
dist: 1.6411976598688323 vs. 1.6411976598688323
list:
dist: 1.6863743319193338 vs. 1.6863743319193338
list:
dist: 2.855735086137644 vs. 2.855735086137644
list:
dist: 2.140753334937668 vs. 2.140753334937668
list:
dist: 2.54628280290229 vs. 2.54628280290229
list:
dist: 1.9919713518013489 vs. 1.9919713518013489
list:
dist: 2.3500787601772934 vs. 2.3500787601772934
list:
dist: 1.7653265351084446 vs. 1.7653265351084446
list:
dist: 2.7714838453557338 vs. 2.7714838453557338
list:
dist: 2.065854902318228 vs. 2.065854902318228
list:
dist: 1.4491296785156558 vs. 1.4491296785156558
list:
dist: 2.421187557286318 vs. 2.421187557286318
list:
dist: 1.6411976598688323 vs. 1.6411976598688323
list:
dist: 1.6536438123582238 vs. 1.6536438123582238
list:
dist: 0.5211685429348407 vs. 0.5211685429348407
list:
dist: 3.274595490375578 vs. 3.274595490375578
list:
dist: 2.2637147182102337 vs. 2.2637147182102337
list:
dist: 2.161645302168762 vs. 2.161645302168762
list:
dist: 2.516396018914434 vs. 2.516396018914434
list:
dist: 1.3273010209083203 vs. 1.3273010209083203
list:
dist: 2.1942864123677737 vs. 2.1942864123677737
list:
dist: 1.4139862861537391 vs. 1.4139862861537391
list:
dist: 1.7161629205678408 vs. 1.7161629205678408
list:
dist: 1.6750900265118127 vs. 1.6750900265118127
list:
dist: 1.3816575498986423 vs. 1.3816575498986423
list:
dist: 0.6139102051736313 vs. 0.6139102051736313
list:
dist: 1.4356661060422495 vs. 1.4356661060422495
list:
dist: 2.2217533589365654 vs. 2.2217533589365654
list:
dist: 1.781881003552795 vs. 1.781881003552795
list:
dist: 1.058548561587527 vs. 1.058548561587527
list:
dist: 2.0625116148835123 vs. 2.0625116148835123
list:
dist: 1.8028004917956018 vs. 1.8028004917956018
list:
dist: 1.5074719393432572 vs. 1.5074719393432572
list:
dist: 2.198402580434552 vs. 2.198402580434552
list:
dist: 1.467341905355934 vs. 1.467341905355934
list:
dist: 2.499090704339599 vs. 2.499090704339599
list:
dist: 1.651422300090792 vs. 1.651422300090792
list:
dist: 2.6956504988284937 vs. 2.6956504988284937
list:
dist: 2.901784201544514 vs. 2.901784201544514
list:
dist: 3.452042112515399 vs. 3.452042112515399
list:
dist: 1.6344932452940475 vs. 1.6344932452940475
list:
dist: 2.6227750081733587 vs. 2.6227750081733587
list:
dist: 3.8653365499362273 vs. 3.8653365499362273
list:
dist: 3.469059646904411 vs. 3.469059646904411
list:
dist: 2.7567862567355266 vs. 2.7567862567355266
list:
dist: 2.2217533589365654 vs. 2.2217533589365654
list:
dist: 0.765746138696681 vs. 0.765746138696681
list:
dist: 2.0859944579964185 vs. 2.0859944579964185
list:
dist: 1.1822326203480655 vs. 1.1822326203480655
list:
dist: 1.448544253974846 vs. 1.448544253974846
list:
dist: 0.9416219442643556 vs. 0.9416219442643556
list:
dist: 1.0375615612724864 vs. 1.0375615612724864
list:
dist: 1.4300719570200382 vs. 1.4300719570200382
list:
dist: 2.900743625700486 vs. 2.900743625700486
list:
dist: 2.9802570105546184 vs. 2.9802570105546184
list:
dist: 3.022642853954372 vs. 3.022642853954372
list:
dist: 2.1699164878190684 vs. 2.1699164878190684
list:
dist: 2.54628280290229 vs. 2.54628280290229
list:
dist: 2.0317841094169156 vs. 2.0317841094169156
list:
dist: 2.160110969290801 vs. 2.160110969290801
list:
dist: 4.103051483482663 vs. 4.103051483482663
list:
dist: 2.878993659975131 vs. 2.878993659975131
list:
dist: 2.1927133055445127 vs. 2.1927133055445127
list:
dist: 3.25250142979596 vs. 3.25250142979596
list:
dist: 2.1393014202653893 vs. 2.1393014202653893
list:
dist: 1.8515564685761365 vs. 1.8515564685761365
list:
dist: 3.2628069053327153 vs. 3.2628069053327153
list:
dist: 0.8154453019313194 vs. 0.8154453019313194
list:
dist: 0.9270484709262485 vs. 0.9270484709262485
list:
dist: 1.5683951991096607 vs. 1.5683951991096607
list:
dist: 1.1423839783730634 vs. 1.1423839783730634
list:
dist: 2.8291542114244015 vs. 2.8291542114244015
list:
dist: 1.4480509087658688 vs. 1.4480509087658688
list:
dist: 1.325543455725097 vs. 1.325543455725097
list:
dist: 2.35500276163103 vs. 2.35500276163103
list:
dist: 2.695401887202389 vs. 2.695401887202389
list:
dist: 2.3365391301614054 vs. 2.3365391301614054
list:
dist: 3.0621007046122255 vs. 3.0621007046122255
list:
dist: 2.616271729346196 vs. 2.616271729346196
list:
dist: 1.722947773330678 vs. 1.722947773330678
list:
dist: 2.501606725520356 vs. 2.501606725520356
list:
dist: 3.495837249881034 vs. 3.495837249881034
list:
dist: 2.931876896070697 vs. 2.931876896070697
list:
dist: 2.207360711904535 vs. 2.207360711904535
list:
dist: 1.6646922673896485 vs. 1.6646922673896485
list:
dist: 2.3549320395271525 vs. 2.3549320395271525
list:
dist: 1.469006223950269 vs. 1.469006223950269
list:
dist: 2.050391258715322 vs. 2.050391258715322
list:
dist: 2.316500146596822 vs. 2.316500146596822
list:
dist: 0.9117293462142768 vs. 0.9117293462142768
list:
dist: 1.1522265248928065 vs. 1.1522265248928065
list:
dist: 2.0312730336649576 vs. 2.0312730336649576
list:
dist: 0.9489067780848212 vs. 0.9489067780848212
list:
dist: 4.103051483482663 vs. 4.103051483482663
list:
dist: 3.683974189457273 vs. 3.683974189457273
list:
dist: 4.126377991499938 vs. 4.126377991499938
list:
dist: 3.6915172030767605 vs. 3.6915172030767605
list:
dist: 2.984462736483181 vs. 2.984462736483181
list:
dist: 3.1108585355845726 vs. 3.1108585355845726
list:
dist: 2.790947490791188 vs. 2.790947490791188
list:
dist: 3.9671732000123043 vs. 3.9671732000123043
list:
dist: 2.897770535626608 vs. 2.897770535626608
list:
dist: 3.7251459316724946 vs. 3.7251459316724946
list:
dist: 2.227953042504824 vs. 2.227953042504824
list:
dist: 4.298666219750231 vs. 4.298666219750231
list:
dist: 2.207360711904535 vs. 2.207360711904535
list:
dist: 1.3332734096914787 vs. 1.3332734096914787
list:
dist: 0.9752778113094686 vs. 0.9752778113094686
list:
dist: 1.3459059777117077 vs. 1.3459059777117077
list:
dist: 1.0724491801258673 vs. 1.0724491801258673
list:
dist: 0.7211781113644503 vs. 0.7211781113644503
list:
dist: 1.57486675166344 vs. 1.57486675166344
list:
dist: 2.160110969290801 vs. 2.160110969290801
list:
dist: 1.7043256603275274 vs. 1.7043256603275274
list:
dist: 2.3078017760039513 vs. 2.3078017760039513
list:
dist: 1.8303536198930657 vs. 1.8303536198930657
list:
dist: 1.2425071037086686 vs. 1.2425071037086686
list:
dist: 2.875755607036546 vs. 2.875755607036546
list:
dist: 1.3839325321643356 vs. 1.3839325321643356
list:
dist: 2.6102882345816503 vs. 2.6102882345816503
list:
dist: 2.2710733825976606 vs. 2.2710733825976606
list:
dist: 3.2175385280750253 vs. 3.2175385280750253
list:
dist: 1.683935123917075 vs. 1.683935123917075
list:
dist: 4.008554569162515 vs. 4.008554569162515
list:
dist: 0.7211781113644503 vs. 0.7211781113644503
list:
dist: 2.316500146596822 vs. 2.316500146596822
list:
dist: 1.5557796826075423 vs. 1.5557796826075423
list:
dist: 1.2672197648781702 vs. 1.2672197648781702
list:
dist: 1.7899059188666047 vs. 1.7899059188666047
list:
dist: 0.8293020906723843 vs. 0.8293020906723843
list:
dist: 1.5804177522098661 vs. 1.5804177522098661
list:
dist: 3.2287244049421098 vs. 3.2287244049421098
list:
dist: 3.0293031633194873 vs. 3.0293031633194873
list:
dist: 2.281446959775032 vs. 2.281446959775032
list:
dist: 1.8515564685761365 vs. 1.8515564685761365
list:
dist: 1.6263416549403884 vs. 1.6263416549403884
list:
dist: 1.8447584157387253 vs. 1.8447584157387253
list:
dist: 1.5353669246355663 vs. 1.5353669246355663
list:
dist: 0.745507366966774 vs. 0.745507366966774
list:
dist: 2.2218703909631334 vs. 2.2218703909631334
list:
dist: 0.942218623595727 vs. 0.942218623595727
list:
dist: 2.1360295806568423 vs. 2.1360295806568423
list:
dist: 1.962234206818967 vs. 1.962234206818967
list:
dist: 2.6887888040698327 vs. 2.6887888040698327
list:
dist: 1.34881977933795 vs. 1.34881977933795
list:
dist: 3.7088712653899054 vs. 3.7088712653899054
list:
dist: 3.5497687933683304 vs. 3.5497687933683304
list:
dist: 2.945035033009541 vs. 2.945035033009541
list:
dist: 2.0312730336649576 vs. 2.0312730336649576
list:
dist: 1.7429784190389637 vs. 1.7429784190389637
list:
dist: 2.4467973401300926 vs. 2.4467973401300926
list:
dist: 2.0654776605206195 vs. 2.0654776605206195
list:
dist: 2.26270798800295 vs. 2.26270798800295
list:
dist: 3.0293031633194873 vs. 3.0293031633194873
list:
dist: 1.7507158194187584 vs. 1.7507158194187584
list:
dist: 1.6729470915059335 vs. 1.6729470915059335
list:
dist: 1.1215999592545762 vs. 1.1215999592545762
list:
dist: 3.0361381724858925 vs. 3.0361381724858925
list:
dist: 2.830714911299773 vs. 2.830714911299773
list:
dist: 3.580618957028032 vs. 3.580618957028032
list:
dist: 2.101177086100411 vs. 2.101177086100411
list:
dist: 2.9330492094235376 vs. 2.9330492094235376
list:
dist: 1.9746003074810363 vs. 1.9746003074810363
list:
dist: 3.6045148705311543 vs. 3.6045148705311543
list:
dist: 3.027164688981353 vs. 3.027164688981353
list:
dist: 1.7043256603275274 vs. 1.7043256603275274
list:
dist: 3.683974189457273 vs. 3.683974189457273
list:
dist: 2.2846504123323803 vs. 2.2846504123323803
list:
dist: 1.5197070410944367 vs. 1.5197070410944367
list:
dist: 2.630985744306829 vs. 2.630985744306829
list:
dist: 1.7423871784069793 vs. 1.7423871784069793
list:
dist: 1.6263416549403884 vs. 1.6263416549403884
list:
dist: 2.843540426718045 vs. 2.843540426718045
list:
dist: 0.8154453019313194 vs. 0.8154453019313194
list:
dist: 1.5998826294778101 vs. 1.5998826294778101
list:
dist: 1.8637384949009577 vs. 1.8637384949009577
list:
dist: 1.074000970396344 vs. 1.074000970396344
list:
dist: 2.984017294780148 vs. 2.984017294780148
list:
dist: 1.208946528717512 vs. 1.208946528717512
list:
dist: 1.539480896189965 vs. 1.539480896189965
list:
dist: 2.042652176516907 vs. 2.042652176516907
list:
dist: 2.7529697788780023 vs. 2.7529697788780023
list:
dist: 2.0113613022359775 vs. 2.0113613022359775
list:
dist: 2.952319285863116 vs. 2.952319285863116
list:
dist: 2.8994649647917417 vs. 2.8994649647917417
list:
dist: 2.0447874367834222 vs. 2.0447874367834222
list:
dist: 3.132133692431248 vs. 3.132133692431248
list:
dist: 3.853815839088304 vs. 3.853815839088304
list:
dist: 3.1859476398756947 vs. 3.1859476398756947
list:
dist: 1.0724491801258673 vs. 1.0724491801258673
list:
dist: 2.050391258715322 vs. 2.050391258715322
list:
dist: 0.9420881256389616 vs. 0.9420881256389616
list:
dist: 0.882108464099064 vs. 0.882108464099064
list:
dist: 1.4328932332794835 vs. 1.4328932332794835
list:
dist: 0.8293020906723843 vs. 0.8293020906723843
list:
dist: 1.156096590637014 vs. 1.156096590637014
list:
dist: 2.7669151367251708 vs. 2.7669151367251708
list:
dist: 2.26270798800295 vs. 2.26270798800295
list:
dist: 1.7000576241203984 vs. 1.7000576241203984
list:
dist: 2.1393014202653893 vs. 2.1393014202653893
list:
dist: 1.7423871784069793 vs. 1.7423871784069793
list:
dist: 2.3762340237617092 vs. 2.3762340237617092
list:
dist: 2.3035749988798355 vs. 2.3035749988798355
list:
dist: 1.1090534873435551 vs. 1.1090534873435551
list:
dist: 2.022167489445995 vs. 2.022167489445995
list:
dist: 0.7616505689300774 vs. 0.7616505689300774
list:
dist: 1.984804611111452 vs. 1.984804611111452
list:
dist: 1.2722254337045147 vs. 1.2722254337045147
list:
dist: 2.2321104211970386 vs. 2.2321104211970386
list:
dist: 0.6119895147311304 vs. 0.6119895147311304
list:
dist: 3.1793549477695615 vs. 3.1793549477695615
list:
dist: 2.960851340277215 vs. 2.960851340277215
list:
dist: 1.2425071037086686 vs. 1.2425071037086686
list:
dist: 2.984462736483181 vs. 2.984462736483181
list:
dist: 1.9515015080334521 vs. 1.9515015080334521
list:
dist: 1.4441120755509045 vs. 1.4441120755509045
list:
dist: 2.316572643494182 vs. 2.316572643494182
list:
dist: 1.1090534873435551 vs. 1.1090534873435551
list:
dist: 0.745507366966774 vs. 0.745507366966774
list:
dist: 2.1641741098276253 vs. 2.1641741098276253
list:
dist: 1.1423839783730634 vs. 1.1423839783730634
list:
dist: 1.074000970396344 vs. 1.074000970396344
list:
dist: 1.281037046285397 vs. 1.281037046285397
list:
dist: 1.3730944636750595 vs. 1.3730944636750595
list:
dist: 2.140487018906169 vs. 2.140487018906169
list:
dist: 0.5969446039837918 vs. 0.5969446039837918
list:
dist: 1.490079232561239 vs. 1.490079232561239
list:
dist: 1.7803057610450594 vs. 1.7803057610450594
list:
dist: 2.358026360063782 vs. 2.358026360063782
list:
dist: 1.4313047263564698 vs. 1.4313047263564698
list:
dist: 3.219308621043013 vs. 3.219308621043013
list:
dist: 2.7903538820325213 vs. 2.7903538820325213
list:
dist: 2.1770592066389893 vs. 2.1770592066389893
list:
dist: 2.8915404696542004 vs. 2.8915404696542004
list:
dist: 4.133236943440316 vs. 4.133236943440316
list:
dist: 3.261516657481228 vs. 3.261516657481228
list:
dist: 1.3332734096914787 vs. 1.3332734096914787
list:
dist: 1.6646922673896485 vs. 1.6646922673896485
list:
dist: 0.8162171214804862 vs. 0.8162171214804862
list:
dist: 0.6603472328466745 vs. 0.6603472328466745
list:
dist: 0.9420881256389616 vs. 0.9420881256389616
list:
dist: 1.5557796826075423 vs. 1.5557796826075423
list:
dist: 0.930070512863744 vs. 0.930070512863744
list:
dist: 2.3348191681324786 vs. 2.3348191681324786
list:
dist: 1.7429784190389637 vs. 1.7429784190389637
list:
dist: 1.2109631752571628 vs. 1.2109631752571628
list:
dist: 2.878993659975131 vs. 2.878993659975131
list:
dist: 2.2846504123323803 vs. 2.2846504123323803
list:
dist: 3.229042339009369 vs. 3.229042339009369
list:
dist: 3.0299770679063367 vs. 3.0299770679063367
list:
dist: 1.9515015080334521 vs. 1.9515015080334521
list:
dist: 2.7710147428699123 vs. 2.7710147428699123
list:
dist: 1.6153142630571515 vs. 1.6153142630571515
list:
dist: 2.750393444800546 vs. 2.750393444800546
list:
dist: 1.6804222133770392 vs. 1.6804222133770392
list:
dist: 2.84950915166607 vs. 2.84950915166607
list:
dist: 1.190616006428589 vs. 1.190616006428589
list:
dist: 3.529162886641159 vs. 3.529162886641159
list:
dist: 3.36159870731425 vs. 3.36159870731425
list:
dist: 1.3459059777117077 vs. 1.3459059777117077
list:
dist: 1.469006223950269 vs. 1.469006223950269
list:
dist: 0.6603472328466745 vs. 0.6603472328466745
list:
dist: 1.147719245948865 vs. 1.147719245948865
list:
dist: 1.4328932332794835 vs. 1.4328932332794835
list:
dist: 1.7899059188666047 vs. 1.7899059188666047
list:
dist: 1.0685416242805856 vs. 1.0685416242805856
list:
dist: 2.305303881732683 vs. 2.305303881732683
list:
dist: 2.0654776605206195 vs. 2.0654776605206195
list:
dist: 1.3519398735064019 vs. 1.3519398735064019
list:
dist: 3.25250142979596 vs. 3.25250142979596
list:
dist: 2.630985744306829 vs. 2.630985744306829
list:
dist: 3.5470877013733646 vs. 3.5470877013733646
list:
dist: 3.167019322725012 vs. 3.167019322725012
list:
dist: 2.316572643494182 vs. 2.316572643494182
list:
dist: 3.289448936713206 vs. 3.289448936713206
list:
dist: 2.113412825295293 vs. 2.113412825295293
list:
dist: 3.318528168192569 vs. 3.318528168192569
list:
dist: 2.338094974859583 vs. 2.338094974859583
list:
dist: 3.490868491396893 vs. 3.490868491396893
list:
dist: 1.801414498444197 vs. 1.801414498444197
list:
dist: 4.162287408416339 vs. 4.162287408416339
list:
dist: 4.018390154376386 vs. 4.018390154376386
list:
dist: 0.9752778113094686 vs. 0.9752778113094686
list:
dist: 2.3549320395271525 vs. 2.3549320395271525
list:
dist: 0.8162171214804862 vs. 0.8162171214804862
list:
dist: 1.147719245948865 vs. 1.147719245948865
list:
dist: 0.882108464099064 vs. 0.882108464099064
list:
dist: 1.2672197648781702 vs. 1.2672197648781702
list:
dist: 1.5732269507941037 vs. 1.5732269507941037
list:
dist: 3.1300728159574915 vs. 3.1300728159574915
list:
dist: 2.4467973401300926 vs. 2.4467973401300926
list:
dist: 2.0064208574291764 vs. 2.0064208574291764
list:
dist: 2.1927133055445127 vs. 2.1927133055445127
list:
dist: 1.5197070410944367 vs. 1.5197070410944367
list:
dist: 2.6595591659823707 vs. 2.6595591659823707
list:
dist: 2.5118247186186875 vs. 2.5118247186186875
list:
dist: 1.4441120755509045 vs. 1.4441120755509045
list:
dist: 2.860862434231897 vs. 2.860862434231897
list:
dist: 1.210794218110484 vs. 1.210794218110484
list:
dist: 2.309961818942328 vs. 2.309961818942328
list:
dist: 1.6477187322561795 vs. 1.6477187322561795
list:
dist: 2.813644157120753 vs. 2.813644157120753
list:
dist: 1.2949942181035534 vs. 1.2949942181035534
list:
dist: 3.288518878420723 vs. 3.288518878420723
list:
dist: 3.389422205576338 vs. 3.389422205576338
list:
dist: 2.8306438424423064 vs. 2.8306438424423064
list:
dist: 2.900264502397477 vs. 2.900264502397477
list:
dist: 3.110076387709001 vs. 3.110076387709001
list:
dist: 3.4078555588305153 vs. 3.4078555588305153
list:
dist: 2.117377732698476 vs. 2.117377732698476
list:
dist: 2.759841501119555 vs. 2.759841501119555
list:
dist: 1.2854824961391003 vs. 1.2854824961391003
list:
dist: 2.4231192689087013 vs. 2.4231192689087013
list:
dist: 1.9693536920638453 vs. 1.9693536920638453
list:
dist: 2.1955069546013015 vs. 2.1955069546013015
list:
dist: 3.28183232098883 vs. 3.28183232098883
list:
dist: 2.5051043885367026 vs. 2.5051043885367026
list:
dist: 3.027127360408985 vs. 3.027127360408985
list:
dist: 3.1036747791275405 vs. 3.1036747791275405
list:
dist: 2.806419009873083 vs. 2.806419009873083
list:
dist: 2.4432159399980273 vs. 2.4432159399980273
list:
dist: 3.0450621562801934 vs. 3.0450621562801934
list:
dist: 2.148741694674934 vs. 2.148741694674934
list:
dist: 3.0553393304413734 vs. 3.0553393304413734
list:
dist: 2.640514435680044 vs. 2.640514435680044
list:
dist: 1.398996483894165 vs. 1.398996483894165
list:
dist: 2.201839915476952 vs. 2.201839915476952
list:
dist: 2.905773243526612 vs. 2.905773243526612
list:
dist: 1.7950895166479144 vs. 1.7950895166479144
list:
dist: 1.6448595772499057 vs. 1.6448595772499057
list:
dist: 1.628443611007815 vs. 1.628443611007815
list:
dist: 2.931876896070697 vs. 2.931876896070697
list:
dist: 3.1859476398756947 vs. 3.1859476398756947
list:
dist: 3.3176157487489943 vs. 3.3176157487489943
list:
dist: 4.214701431629769 vs. 4.214701431629769
list:
dist: 3.261516657481228 vs. 3.261516657481228
list:
dist: 4.624553170614912 vs. 4.624553170614912
list:
dist: 4.816293269134698 vs. 4.816293269134698
list:
dist: 4.7764482104921875 vs. 4.7764482104921875
list:
dist: 2.9677591278640145 vs. 2.9677591278640145
list:
dist: 1.7820642139750953 vs. 1.7820642139750953
list:
dist: 2.543421994180059 vs. 2.543421994180059
list:
dist: 1.7341755564528976 vs. 1.7341755564528976
list:
dist: 3.1484798956336264 vs. 3.1484798956336264
list:
dist: 1.3675185573153668 vs. 1.3675185573153668
list:
dist: 1.675882972029772 vs. 1.675882972029772
list:
dist: 3.760608901696405 vs. 3.760608901696405
list:
dist: 4.213802964884104 vs. 4.213802964884104
list:
dist: 4.2262229589366855 vs. 4.2262229589366855
list:
dist: 3.874294291672782 vs. 3.874294291672782
list:
dist: 0.647715985716603 vs. 0.647715985716603
list:
dist: 1.2091548053427472 vs. 1.2091548053427472
list:
dist: 1.790873827511126 vs. 1.790873827511126
list:
dist: 1.257242594252916 vs. 1.257242594252916
list:
dist: 2.905773243526612 vs. 2.905773243526612
list:
dist: 1.4228376406277066 vs. 1.4228376406277066
list:
dist: 1.7964241994871766 vs. 1.7964241994871766
list:
dist: 4.124441696426795 vs. 4.124441696426795
list:
dist: 3.2175385280750253 vs. 3.2175385280750253
list:
dist: 3.7251459316724946 vs. 3.7251459316724946
list:
dist: 2.84950915166607 vs. 2.84950915166607
list:
dist: 2.813644157120753 vs. 2.813644157120753
list:
dist: 3.490868491396893 vs. 3.490868491396893
list:
dist: 2.2321104211970386 vs. 2.2321104211970386
list:
dist: 2.6887888040698327 vs. 2.6887888040698327
list:
dist: 2.9216936968534433 vs. 2.9216936968534433
list:
dist: 3.869448071139576 vs. 3.869448071139576
list:
dist: 2.9330492094235376 vs. 2.9330492094235376
list:
dist: 3.0675551027294987 vs. 3.0675551027294987
list:
dist: 2.695401887202389 vs. 2.695401887202389
list:
dist: 2.7529697788780023 vs. 2.7529697788780023
list:
dist: 2.9297451349156414 vs. 2.9297451349156414
list:
dist: 3.532150353594158 vs. 3.532150353594158
list:
dist: 2.358026360063782 vs. 2.358026360063782
list:
dist: 1.3283368073707689 vs. 1.3283368073707689
list:
dist: 1.9133411290686948 vs. 1.9133411290686948
list:
dist: 1.4399200639219425 vs. 1.4399200639219425
list:
dist: 1.2669240965044783 vs. 1.2669240965044783
list:
dist: 1.7076347442293422 vs. 1.7076347442293422
list:
dist: 1.8207184684382303 vs. 1.8207184684382303
list:
dist: 1.0145212116694449 vs. 1.0145212116694449
list:
dist: 1.2101251450520578 vs. 1.2101251450520578
list:
dist: 1.6509093587417014 vs. 1.6509093587417014
list:
dist: 2.2595511398006543 vs. 2.2595511398006543
list:
dist: 2.9783389948630656 vs. 2.9783389948630656
list:
dist: 1.7341755564528976 vs. 1.7341755564528976
list:
dist: 1.5681080243568823 vs. 1.5681080243568823
list:
dist: 1.4230343128875829 vs. 1.4230343128875829
list:
dist: 4.298666219750231 vs. 4.298666219750231
list:
dist: 3.36159870731425 vs. 3.36159870731425
list:
dist: 3.389422205576338 vs. 3.389422205576338
list:
dist: 4.018390154376386 vs. 4.018390154376386
list:
dist: 2.960851340277215 vs. 2.960851340277215
list:
dist: 3.5497687933683304 vs. 3.5497687933683304
list:
dist: 3.5390062135559948 vs. 3.5390062135559948
list:
dist: 4.2370054096399015 vs. 4.2370054096399015
list:
dist: 3.027164688981353 vs. 3.027164688981353
list:
dist: 3.499414654351616 vs. 3.499414654351616
list:
dist: 2.2385597896079 vs. 2.2385597896079
list:
dist: 2.720020752539846 vs. 2.720020752539846
list:
dist: 2.1539351790733914 vs. 2.1539351790733914
list:
dist: 1.7521655208722695 vs. 1.7521655208722695
list:
dist: 1.0145212116694449 vs. 1.0145212116694449
list:
dist: 2.3870971522048574 vs. 2.3870971522048574
list:
dist: 1.387734389237703 vs. 1.387734389237703
list:
dist: 1.4856702713500172 vs. 1.4856702713500172
list:
dist: 2.133360869269797 vs. 2.133360869269797
list:
dist: 2.8710425356334177 vs. 2.8710425356334177
list:
dist: 2.87170707931746 vs. 2.87170707931746
list:
dist: 1.675882972029772 vs. 1.675882972029772
list:
dist: 0.9232663451468252 vs. 0.9232663451468252
list:
dist: 0.9484787791049046 vs. 0.9484787791049046
list:
dist: 4.008554569162515 vs. 4.008554569162515
list:
dist: 3.529162886641159 vs. 3.529162886641159
list:
dist: 3.288518878420723 vs. 3.288518878420723
list:
dist: 4.162287408416339 vs. 4.162287408416339
list:
dist: 3.1793549477695615 vs. 3.1793549477695615
list:
dist: 3.7088712653899054 vs. 3.7088712653899054
list:
dist: 4.015682731971827 vs. 4.015682731971827
list:
dist: 3.6045148705311543 vs. 3.6045148705311543
list:
dist: 4.067931134351496 vs. 4.067931134351496
list:
dist: 3.0621007046122255 vs. 3.0621007046122255
list:
dist: 2.952319285863116 vs. 2.952319285863116
list:
dist: 3.7048640583419346 vs. 3.7048640583419346
list:
dist: 4.424542596558891 vs. 4.424542596558891
list:
dist: 3.219308621043013 vs. 3.219308621043013
list:
dist: 4.16282031335798 vs. 4.16282031335798
list:
dist: 4.511005522630728 vs. 4.511005522630728
list:
dist: 4.555798017099967 vs. 4.555798017099967
list:
dist: 2.7719391020682487 vs. 2.7719391020682487
list:
dist: 1.9563073903719557 vs. 1.9563073903719557
list:
dist: 2.0009507366420882 vs. 2.0009507366420882
list:
dist: 1.8207184684382303 vs. 1.8207184684382303
list:
dist: 2.757163299430884 vs. 2.757163299430884
list:
dist: 1.387734389237703 vs. 1.387734389237703
list:
dist: 3.5250831612670517 vs. 3.5250831612670517
list:
dist: 4.273237823869432 vs. 4.273237823869432
list:
dist: 4.310777498613492 vs. 4.310777498613492
list:
dist: 3.7370683256068475 vs. 3.7370683256068475
list:
dist: 1.5837034525604792 vs. 1.5837034525604792
list:
dist: 1.709484433847248 vs. 1.709484433847248
list:
dist: 2.9532875292183287 vs. 2.9532875292183287
list:
dist: 2.2149137425073766 vs. 2.2149137425073766
list:
dist: 1.3675185573153668 vs. 1.3675185573153668
list:
dist: 2.759841501119555 vs. 2.759841501119555
list:
dist: 1.721670855122661 vs. 1.721670855122661
list:
dist: 2.100961595316856 vs. 2.100961595316856
list:
dist: 1.683935123917075 vs. 1.683935123917075
list:
dist: 2.227953042504824 vs. 2.227953042504824
list:
dist: 1.190616006428589 vs. 1.190616006428589
list:
dist: 1.2949942181035534 vs. 1.2949942181035534
list:
dist: 1.801414498444197 vs. 1.801414498444197
list:
dist: 0.6119895147311304 vs. 0.6119895147311304
list:
dist: 1.34881977933795 vs. 1.34881977933795
list:
dist: 1.3326464269178295 vs. 1.3326464269178295
list:
dist: 2.6993909664383193 vs. 2.6993909664383193
list:
dist: 1.9746003074810363 vs. 1.9746003074810363
list:
dist: 1.662867998783742 vs. 1.662867998783742
list:
dist: 2.3365391301614054 vs. 2.3365391301614054
list:
dist: 2.0113613022359775 vs. 2.0113613022359775
list:
dist: 2.607772312331242 vs. 2.607772312331242
list:
dist: 2.725660719951957 vs. 2.725660719951957
list:
dist: 1.4313047263564698 vs. 1.4313047263564698
list:
dist: 1.6643925643890158 vs. 1.6643925643890158
list:
dist: 0.9033510922873192 vs. 0.9033510922873192
list:
dist: 1.8018698835800633 vs. 1.8018698835800633
list:
dist: 0.7703455292761057 vs. 0.7703455292761057
list:
dist: 1.7076347442293422 vs. 1.7076347442293422
list:
dist: 2.757163299430884 vs. 2.757163299430884
list:
dist: 2.3870971522048574 vs. 2.3870971522048574
list:
dist: 2.665148518831204 vs. 2.665148518831204
list:
dist: 2.4634139294862254 vs. 2.4634139294862254
list:
dist: 3.344471637950323 vs. 3.344471637950323
list:
dist: 4.283247357067607 vs. 4.283247357067607
list:
dist: 3.1484798956336264 vs. 3.1484798956336264
list:
dist: 3.1943077033975125 vs. 3.1943077033975125
list:
dist: 3.0388784788647123 vs. 3.0388784788647123
list:
dist: 3.1510312736745116 vs. 3.1510312736745116
list:
dist: 0.9489067780848212 vs. 0.9489067780848212
list:
dist: 1.2109631752571628 vs. 1.2109631752571628
list:
dist: 2.0064208574291764 vs. 2.0064208574291764
list:
dist: 1.3519398735064019 vs. 1.3519398735064019
list:
dist: 1.7000576241203984 vs. 1.7000576241203984
list:
dist: 2.281446959775032 vs. 2.281446959775032
list:
dist: 0.7455078769696304 vs. 0.7455078769696304
list:
dist: 1.1486500257954493 vs. 1.1486500257954493
list:
dist: 1.1215999592545762 vs. 1.1215999592545762
list:
dist: 2.7444800284774042 vs. 2.7444800284774042
list:
dist: 2.421505645233997 vs. 2.421505645233997
list:
dist: 3.4637151736893315 vs. 3.4637151736893315
list:
dist: 2.180678884147718 vs. 2.180678884147718
list:
dist: 3.0675551027294987 vs. 3.0675551027294987
list:
dist: 1.662867998783742 vs. 1.662867998783742
list:
dist: 4.067931134351496 vs. 4.067931134351496
list:
dist: 3.499414654351616 vs. 3.499414654351616
list:
dist: 2.875755607036546 vs. 2.875755607036546
list:
dist: 3.1108585355845726 vs. 3.1108585355845726
list:
dist: 2.7710147428699123 vs. 2.7710147428699123
list:
dist: 2.860862434231897 vs. 2.860862434231897
list:
dist: 3.289448936713206 vs. 3.289448936713206
list:
dist: 2.022167489445995 vs. 2.022167489445995
list:
dist: 2.2218703909631334 vs. 2.2218703909631334
list:
dist: 2.4496180573215693 vs. 2.4496180573215693
list:
dist: 3.357018533864049 vs. 3.357018533864049
list:
dist: 3.0361381724858925 vs. 3.0361381724858925
list:
dist: 2.7444800284774042 vs. 2.7444800284774042
list:
dist: 2.8291542114244015 vs. 2.8291542114244015
list:
dist: 2.984017294780148 vs. 2.984017294780148
list:
dist: 2.6726032488480396 vs. 2.6726032488480396
list:
dist: 3.0272918467457175 vs. 3.0272918467457175
list:
dist: 2.140487018906169 vs. 2.140487018906169
list:
dist: 1.8874793006319797 vs. 1.8874793006319797
list:
dist: 2.004023799729997 vs. 2.004023799729997
list:
dist: 1.833865999842168 vs. 1.833865999842168
list:
dist: 1.3283368073707689 vs. 1.3283368073707689
list:
dist: 1.6643925643890158 vs. 1.6643925643890158
list:
dist: 2.2385597896079 vs. 2.2385597896079
list:
dist: 2.2013694338699645 vs. 2.2013694338699645
list:
dist: 2.4478602105926996 vs. 2.4478602105926996
list:
dist: 2.5046891745031177 vs. 2.5046891745031177
list:
dist: 2.6728992823581708 vs. 2.6728992823581708
list:
dist: 2.333766166520817 vs. 2.333766166520817
list:
dist: 2.2710733825976606 vs. 2.2710733825976606
list:
dist: 2.897770535626608 vs. 2.897770535626608
list:
dist: 1.6804222133770392 vs. 1.6804222133770392
list:
dist: 1.6477187322561795 vs. 1.6477187322561795
list:
dist: 2.338094974859583 vs. 2.338094974859583
list:
dist: 1.2722254337045147 vs. 1.2722254337045147
list:
dist: 1.962234206818967 vs. 1.962234206818967
list:
dist: 2.025643551363776 vs. 2.025643551363776
list:
dist: 3.199560037645243 vs. 3.199560037645243
list:
dist: 2.101177086100411 vs. 2.101177086100411
list:
dist: 2.180678884147718 vs. 2.180678884147718
list:
dist: 2.35500276163103 vs. 2.35500276163103
list:
dist: 2.042652176516907 vs. 2.042652176516907
list:
dist: 2.8019404507644476 vs. 2.8019404507644476
list:
dist: 3.145994715840987 vs. 3.145994715840987
list:
dist: 1.7803057610450594 vs. 1.7803057610450594
list:
dist: 1.833865999842168 vs. 1.833865999842168
list:
dist: 1.1870386975478626 vs. 1.1870386975478626
list:
dist: 1.4910366854562933 vs. 1.4910366854562933
list:
dist: 1.2669240965044783 vs. 1.2669240965044783
list:
dist: 0.7703455292761057 vs. 0.7703455292761057
list:
dist: 2.0009507366420882 vs. 2.0009507366420882
list:
dist: 1.7521655208722695 vs. 1.7521655208722695
list:
dist: 2.1482903713579913 vs. 2.1482903713579913
list:
dist: 2.0186288653277193 vs. 2.0186288653277193
list:
dist: 3.103802759638052 vs. 3.103802759638052
list:
dist: 3.6882484761058607 vs. 3.6882484761058607
list:
dist: 2.543421994180059 vs. 2.543421994180059
list:
dist: 2.59057167960423 vs. 2.59057167960423
list:
dist: 2.5272371283432427 vs. 2.5272371283432427
list:
dist: 2.616271729346196 vs. 2.616271729346196
list:
dist: 2.8994649647917417 vs. 2.8994649647917417
list:
dist: 2.893856957972423 vs. 2.893856957972423
list:
dist: 3.7507520968190478 vs. 3.7507520968190478
list:
dist: 2.7903538820325213 vs. 2.7903538820325213
list:
dist: 2.2013694338699645 vs. 2.2013694338699645
list:
dist: 2.5013436149872064 vs. 2.5013436149872064
list:
dist: 1.3830292435998357 vs. 1.3830292435998357
list:
dist: 2.1482903713579913 vs. 2.1482903713579913
list:
dist: 1.2101251450520578 vs. 1.2101251450520578
list:
dist: 2.665148518831204 vs. 2.665148518831204
list:
dist: 1.5837034525604792 vs. 1.5837034525604792
list:
dist: 1.4856702713500172 vs. 1.4856702713500172
list:
dist: 0.996701676659661 vs. 0.996701676659661
list:
dist: 1.4684135198825115 vs. 1.4684135198825115
list:
dist: 1.8075917606172718 vs. 1.8075917606172718
list:
dist: 0.647715985716603 vs. 0.647715985716603
list:
dist: 1.4151287986327958 vs. 1.4151287986327958
list:
dist: 1.5981167045151072 vs. 1.5981167045151072
list:
dist: 2.3078017760039513 vs. 2.3078017760039513
list:
dist: 4.126377991499938 vs. 4.126377991499938
list:
dist: 3.229042339009369 vs. 3.229042339009369
list:
dist: 2.6595591659823707 vs. 2.6595591659823707
list:
dist: 3.5470877013733646 vs. 3.5470877013733646
list:
dist: 2.3762340237617092 vs. 2.3762340237617092
list:
dist: 1.8447584157387253 vs. 1.8447584157387253
list:
dist: 3.369453377021333 vs. 3.369453377021333
list:
dist: 0.9270484709262485 vs. 0.9270484709262485
list:
dist: 1.5998826294778101 vs. 1.5998826294778101
list:
dist: 1.0129597600001337 vs. 1.0129597600001337
list:
dist: 1.281037046285397 vs. 1.281037046285397
list:
dist: 2.6726032488480396 vs. 2.6726032488480396
list:
dist: 1.7649056914690149 vs. 1.7649056914690149
list:
dist: 1.7753073921710572 vs. 1.7753073921710572
list:
dist: 2.8019404507644476 vs. 2.8019404507644476
list:
dist: 2.9297451349156414 vs. 2.9297451349156414
list:
dist: 2.607772312331242 vs. 2.607772312331242
list:
dist: 3.7048640583419346 vs. 3.7048640583419346
list:
dist: 2.893856957972423 vs. 2.893856957972423
list:
dist: 2.1742785360556445 vs. 2.1742785360556445
list:
dist: 2.366198695688191 vs. 2.366198695688191
list:
dist: 3.8892613972835997 vs. 3.8892613972835997
list:
dist: 3.3176157487489943 vs. 3.3176157487489943
list:
dist: 2.6102882345816503 vs. 2.6102882345816503
list:
dist: 3.9671732000123043 vs. 3.9671732000123043
list:
dist: 2.750393444800546 vs. 2.750393444800546
list:
dist: 2.309961818942328 vs. 2.309961818942328
list:
dist: 3.318528168192569 vs. 3.318528168192569
list:
dist: 1.984804611111452 vs. 1.984804611111452
list:
dist: 2.1360295806568423 vs. 2.1360295806568423
list:
dist: 3.068874600813236 vs. 3.068874600813236
list:
dist: 4.476987453623557 vs. 4.476987453623557
list:
dist: 3.580618957028032 vs. 3.580618957028032
list:
dist: 3.4637151736893315 vs. 3.4637151736893315
list:
dist: 1.325543455725097 vs. 1.325543455725097
list:
dist: 1.539480896189965 vs. 1.539480896189965
list:
dist: 1.7753073921710572 vs. 1.7753073921710572
list:
dist: 2.5285170997193185 vs. 2.5285170997193185
list:
dist: 1.490079232561239 vs. 1.490079232561239
list:
dist: 2.004023799729997 vs. 2.004023799729997
list:
dist: 1.2807908297915742 vs. 1.2807908297915742
list:
dist: 1.4910366854562933 vs. 1.4910366854562933
list:
dist: 1.4399200639219425 vs. 1.4399200639219425
list:
dist: 1.8018698835800633 vs. 1.8018698835800633
list:
dist: 1.9563073903719557 vs. 1.9563073903719557
list:
dist: 2.1539351790733914 vs. 2.1539351790733914
list:
dist: 1.3830292435998357 vs. 1.3830292435998357
list:
dist: 0.7238498113405402 vs. 0.7238498113405402
list:
dist: 1.8563129703163754 vs. 1.8563129703163754
list:
dist: 2.678853679018621 vs. 2.678853679018621
list:
dist: 1.7820642139750953 vs. 1.7820642139750953
list:
dist: 2.578398611901809 vs. 2.578398611901809
list:
dist: 2.653705935513415 vs. 2.653705935513415
list:
dist: 3.495837249881034 vs. 3.495837249881034
list:
dist: 3.853815839088304 vs. 3.853815839088304
list:
dist: 3.8892613972835997 vs. 3.8892613972835997
list:
dist: 4.869377769317156 vs. 4.869377769317156
list:
dist: 4.133236943440316 vs. 4.133236943440316
list:
dist: 4.221068258126846 vs. 4.221068258126846
list:
dist: 4.265904428882574 vs. 4.265904428882574
list:
dist: 4.23522404919949 vs. 4.23522404919949
list:
dist: 3.947883413835195 vs. 3.947883413835195
list:
dist: 2.678853679018621 vs. 2.678853679018621
list:
dist: 3.6882484761058607 vs. 3.6882484761058607
list:
dist: 2.9783389948630656 vs. 2.9783389948630656
list:
dist: 4.283247357067607 vs. 4.283247357067607
list:
dist: 2.2149137425073766 vs. 2.2149137425073766
list:
dist: 2.87170707931746 vs. 2.87170707931746
list:
dist: 3.0678226886202933 vs. 3.0678226886202933
list:
dist: 3.4175368603777536 vs. 3.4175368603777536
list:
dist: 3.2873199952271035 vs. 3.2873199952271035
list:
dist: 3.2727501124305904 vs. 3.2727501124305904
list:
dist: 1.8075917606172718 vs. 1.8075917606172718
list:
dist: 1.9617527284944147 vs. 1.9617527284944147
list:
dist: 2.1967163012204636 vs. 2.1967163012204636
list:
dist: 1.257242594252916 vs. 1.257242594252916
list:
dist: 2.201839915476952 vs. 2.201839915476952
list:
dist: 2.4369486078656752 vs. 2.4369486078656752
list:
dist: 2.877282446256629 vs. 2.877282446256629
list:
dist: 3.0744361090906085 vs. 3.0744361090906085
list:
dist: 2.501606725520356 vs. 2.501606725520356
list:
dist: 3.132133692431248 vs. 3.132133692431248
list:
dist: 2.366198695688191 vs. 2.366198695688191
list:
dist: 3.314460581183818 vs. 3.314460581183818
list:
dist: 2.8915404696542004 vs. 2.8915404696542004
list:
dist: 2.5046891745031177 vs. 2.5046891745031177
list:
dist: 2.8965644911804143 vs. 2.8965644911804143
list:
dist: 1.8563129703163754 vs. 1.8563129703163754
list:
dist: 3.103802759638052 vs. 3.103802759638052
list:
dist: 2.2595511398006543 vs. 2.2595511398006543
list:
dist: 3.344471637950323 vs. 3.344471637950323
list:
dist: 2.9532875292183287 vs. 2.9532875292183287
list:
dist: 2.8710425356334177 vs. 2.8710425356334177
list:
dist: 1.4684135198825115 vs. 1.4684135198825115
list:
dist: 1.5321301763074864 vs. 1.5321301763074864
list:
dist: 2.1967163012204636 vs. 2.1967163012204636
list:
dist: 1.790873827511126 vs. 1.790873827511126
list:
dist: 2.6854149980596826 vs. 2.6854149980596826
list:
dist: 2.7396031048188316 vs. 2.7396031048188316
list:
dist: 1.3839325321643356 vs. 1.3839325321643356
list:
dist: 2.790947490791188 vs. 2.790947490791188
list:
dist: 1.6153142630571515 vs. 1.6153142630571515
list:
dist: 1.210794218110484 vs. 1.210794218110484
list:
dist: 2.113412825295293 vs. 2.113412825295293
list:
dist: 0.7616505689300774 vs. 0.7616505689300774
list:
dist: 0.942218623595727 vs. 0.942218623595727
list:
dist: 1.902328261070464 vs. 1.902328261070464
list:
dist: 3.474563858696712 vs. 3.474563858696712
list:
dist: 2.830714911299773 vs. 2.830714911299773
list:
dist: 2.421505645233997 vs. 2.421505645233997
list:
dist: 1.4480509087658688 vs. 1.4480509087658688
list:
dist: 1.208946528717512 vs. 1.208946528717512
list:
dist: 1.7649056914690149 vs. 1.7649056914690149
list:
dist: 1.9675067891993991 vs. 1.9675067891993991
list:
dist: 0.5969446039837918 vs. 0.5969446039837918
list:
dist: 1.8874793006319797 vs. 1.8874793006319797
list:
dist: 1.2807908297915742 vs. 1.2807908297915742
list:
dist: 1.1870386975478626 vs. 1.1870386975478626
list:
dist: 1.9133411290686948 vs. 1.9133411290686948
list:
dist: 0.9033510922873192 vs. 0.9033510922873192
list:
dist: 2.7719391020682487 vs. 2.7719391020682487
list:
dist: 2.720020752539846 vs. 2.720020752539846
list:
dist: 2.5013436149872064 vs. 2.5013436149872064
list:
dist: 2.001086491210677 vs. 2.001086491210677
list:
dist: 2.8965644911804143 vs. 2.8965644911804143
list:
dist: 3.947883413835195 vs. 3.947883413835195
list:
dist: 2.9677591278640145 vs. 2.9677591278640145
list:
dist: 3.4030044139505966 vs. 3.4030044139505966
list:
dist: 3.333835764410605 vs. 3.333835764410605
list:
dist: 1.722947773330678 vs. 1.722947773330678
list:
dist: 2.0447874367834222 vs. 2.0447874367834222
list:
dist: 2.1742785360556445 vs. 2.1742785360556445
list:
dist: 3.0616758997785567 vs. 3.0616758997785567
list:
dist: 2.1770592066389893 vs. 2.1770592066389893
list:
dist: 2.4478602105926996 vs. 2.4478602105926996
list:
dist: 2.001086491210677 vs. 2.001086491210677
list:
dist: 0.7238498113405402 vs. 0.7238498113405402
list:
dist: 2.0186288653277193 vs. 2.0186288653277193
list:
dist: 1.6509093587417014 vs. 1.6509093587417014
list:
dist: 2.4634139294862254 vs. 2.4634139294862254
list:
dist: 1.709484433847248 vs. 1.709484433847248
list:
dist: 2.133360869269797 vs. 2.133360869269797
list:
dist: 0.996701676659661 vs. 0.996701676659661
list:
dist: 1.5321301763074864 vs. 1.5321301763074864
list:
dist: 1.9617527284944147 vs. 1.9617527284944147
list:
dist: 1.2091548053427472 vs. 1.2091548053427472
list:
dist: 2.32477778725428 vs. 2.32477778725428
list:
dist: 2.5208801028518706 vs. 2.5208801028518706
list:
dist: 1.8303536198930657 vs. 1.8303536198930657
list:
dist: 3.6915172030767605 vs. 3.6915172030767605
list:
dist: 3.0299770679063367 vs. 3.0299770679063367
list:
dist: 2.5118247186186875 vs. 2.5118247186186875
list:
dist: 3.167019322725012 vs. 3.167019322725012
list:
dist: 2.3035749988798355 vs. 2.3035749988798355
list:
dist: 1.5353669246355663 vs. 1.5353669246355663
list:
dist: 3.077341406123268 vs. 3.077341406123268
list:
dist: 1.5683951991096607 vs. 1.5683951991096607
list:
dist: 1.8637384949009577 vs. 1.8637384949009577
list:
dist: 1.0129597600001337 vs. 1.0129597600001337
list:
dist: 1.3730944636750595 vs. 1.3730944636750595
list:
dist: 3.0272918467457175 vs. 3.0272918467457175
list:
dist: 1.9675067891993991 vs. 1.9675067891993991
list:
dist: 2.5285170997193185 vs. 2.5285170997193185
list:
dist: 3.145994715840987 vs. 3.145994715840987
list:
dist: 3.532150353594158 vs. 3.532150353594158
list:
dist: 2.725660719951957 vs. 2.725660719951957
list:
dist: 4.424542596558891 vs. 4.424542596558891
list:
dist: 3.7507520968190478 vs. 3.7507520968190478
list:
dist: 3.0616758997785567 vs. 3.0616758997785567
list:
dist: 3.314460581183818 vs. 3.314460581183818
list:
dist: 4.869377769317156 vs. 4.869377769317156
list:
dist: 4.214701431629769 vs. 4.214701431629769
list:
dist: 1.3747981871246604 vs. 1.3747981871246604
list:
dist: 1.5396308338992601 vs. 1.5396308338992601
list:
dist: 1.8677641912431864 vs. 1.8677641912431864
list:
dist: 0.6222540361352283 vs. 0.6222540361352283
list:
dist: 0.48638762353175136 vs. 0.48638762353175136
list:
dist: 1.0568201615579798 vs. 1.0568201615579798
list:
dist: 1.405388225033436 vs. 1.405388225033436
list:
dist: 4.511005522630728 vs. 4.511005522630728
list:
dist: 1.155530828141047 vs. 1.155530828141047
list:
dist: 1.7043943570005733 vs. 1.7043943570005733
list:
dist: 1.7656743425578594 vs. 1.7656743425578594
list:
dist: 1.6018645827962086 vs. 1.6018645827962086
list:
dist: 1.6574130145520105 vs. 1.6574130145520105
list:
dist: 1.3002956412775313 vs. 1.3002956412775313
list:
dist: 1.8141570703703676 vs. 1.8141570703703676
list:
dist: 1.015830222457894 vs. 1.015830222457894
list:
dist: 1.9069081194754771 vs. 1.9069081194754771
list:
dist: 2.593705342938306 vs. 2.593705342938306
list:
dist: 1.5790443459635959 vs. 1.5790443459635959
list:
dist: 2.396107191106682 vs. 2.396107191106682
list:
dist: 1.9982913249152225 vs. 1.9982913249152225
list:
dist: 1.0535946883335867 vs. 1.0535946883335867
list:
dist: 0.9818592228407957 vs. 0.9818592228407957
list:
dist: 1.4303041282120985 vs. 1.4303041282120985
list:
dist: 1.5535961923560642 vs. 1.5535961923560642
list:
dist: 1.3886514541790878 vs. 1.3886514541790878
list:
dist: 1.892734505725973 vs. 1.892734505725973
list:
dist: 4.265904428882574 vs. 4.265904428882574
list:
dist: 4.816293269134698 vs. 4.816293269134698
list:
dist: 2.900264502397477 vs. 2.900264502397477
list:
dist: 1.527835017748643 vs. 1.527835017748643
list:
dist: 0.6755584250329126 vs. 0.6755584250329126
list:
dist: 1.8506751291942405 vs. 1.8506751291942405
list:
dist: 1.5396308338992601 vs. 1.5396308338992601
list:
dist: 1.4767109547243726 vs. 1.4767109547243726
list:
dist: 1.4027942187528637 vs. 1.4027942187528637
list:
dist: 2.738516305311853 vs. 2.738516305311853
list:
dist: 1.6822928824619203 vs. 1.6822928824619203
list:
dist: 2.408049358787218 vs. 2.408049358787218
list:
dist: 1.5602744050177357 vs. 1.5602744050177357
list:
dist: 1.213696710785946 vs. 1.213696710785946
list:
dist: 3.1546650291797667 vs. 3.1546650291797667
list:
dist: 2.468775257804766 vs. 2.468775257804766
list:
dist: 3.039981889120629 vs. 3.039981889120629
list:
dist: 2.444130411706903 vs. 2.444130411706903
list:
dist: 2.378781999197067 vs. 2.378781999197067
list:
dist: 3.562048108961911 vs. 3.562048108961911
list:
dist: 2.2222102996173594 vs. 2.2222102996173594
list:
dist: 3.0390204484652417 vs. 3.0390204484652417
list:
dist: 2.778634581344902 vs. 2.778634581344902
list:
dist: 2.2094102254656494 vs. 2.2094102254656494
list:
dist: 1.6879705223103825 vs. 1.6879705223103825
list:
dist: 2.6343237519599683 vs. 2.6343237519599683
list:
dist: 2.242562185717636 vs. 2.242562185717636
list:
dist: 2.3902050200345126 vs. 2.3902050200345126
list:
dist: 3.283020262487265 vs. 3.283020262487265
list:
dist: 1.7111581015159647 vs. 1.7111581015159647
list:
dist: 2.444130411706903 vs. 2.444130411706903
list:
dist: 2.591222266975218 vs. 2.591222266975218
list:
dist: 1.1715863803663809 vs. 1.1715863803663809
list:
dist: 1.015830222457894 vs. 1.015830222457894
list:
dist: 0.9895784379726295 vs. 0.9895784379726295
list:
dist: 1.9634309529705876 vs. 1.9634309529705876
list:
dist: 1.5462847675174614 vs. 1.5462847675174614
list:
dist: 3.7370683256068475 vs. 3.7370683256068475
list:
dist: 1.3532773830641616 vs. 1.3532773830641616
list:
dist: 1.6547957425080777 vs. 1.6547957425080777
list:
dist: 2.0317347184869905 vs. 2.0317347184869905
list:
dist: 2.3673630679059285 vs. 2.3673630679059285
list:
dist: 1.1733323355625271 vs. 1.1733323355625271
list:
dist: 0.7672233277406767 vs. 0.7672233277406767
list:
dist: 1.347154996688619 vs. 1.347154996688619
list:
dist: 2.4155667020793103 vs. 2.4155667020793103
list:
dist: 2.7229604367360154 vs. 2.7229604367360154
list:
dist: 2.062200308363355 vs. 2.062200308363355
list:
dist: 2.663396028495115 vs. 2.663396028495115
list:
dist: 2.1664446129832107 vs. 2.1664446129832107
list:
dist: 1.3744985644627228 vs. 1.3744985644627228
list:
dist: 1.582579186165204 vs. 1.582579186165204
list:
dist: 1.2826270969361508 vs. 1.2826270969361508
list:
dist: 2.218295190840387 vs. 2.218295190840387
list:
dist: 1.9030704912795806 vs. 1.9030704912795806
list:
dist: 1.551830990980589 vs. 1.551830990980589
list:
dist: 3.2727501124305904 vs. 3.2727501124305904
list:
dist: 3.874294291672782 vs. 3.874294291672782
list:
dist: 2.1955069546013015 vs. 2.1955069546013015
list:
dist: 2.299668787343114 vs. 2.299668787343114
list:
dist: 2.9358901563852857 vs. 2.9358901563852857
list:
dist: 2.6642854000110976 vs. 2.6642854000110976
list:
dist: 1.5706733115948581 vs. 1.5706733115948581
list:
dist: 1.6822928824619203 vs. 1.6822928824619203
list:
dist: 1.6774110477178559 vs. 1.6774110477178559
list:
dist: 1.7449509043732196 vs. 1.7449509043732196
list:
dist: 1.155530828141047 vs. 1.155530828141047
list:
dist: 0.9372771194604275 vs. 0.9372771194604275
list:
dist: 1.6573182681955827 vs. 1.6573182681955827
list:
dist: 2.4066789943528493 vs. 2.4066789943528493
list:
dist: 0.9233248696746132 vs. 0.9233248696746132
list:
dist: 1.0530455505072447 vs. 1.0530455505072447
list:
dist: 1.365279254485597 vs. 1.365279254485597
list:
dist: 2.1475947605481984 vs. 2.1475947605481984
list:
dist: 0.9452072732800685 vs. 0.9452072732800685
list:
dist: 1.613864879153729 vs. 1.613864879153729
list:
dist: 1.3532773830641616 vs. 1.3532773830641616
list:
dist: 1.9985006424970644 vs. 1.9985006424970644
list:
dist: 2.9229895833747452 vs. 2.9229895833747452
list:
dist: 1.730362094924301 vs. 1.730362094924301
list:
dist: 2.359444114935253 vs. 2.359444114935253
list:
dist: 1.8715609356375733 vs. 1.8715609356375733
list:
dist: 1.5127453519881209 vs. 1.5127453519881209
list:
dist: 1.1202803892051598 vs. 1.1202803892051598
list:
dist: 1.45239725261088 vs. 1.45239725261088
list:
dist: 2.2928826021360966 vs. 2.2928826021360966
list:
dist: 2.2510840081627745 vs. 2.2510840081627745
list:
dist: 2.2422605937035396 vs. 2.2422605937035396
list:
dist: 2.661499717665862 vs. 2.661499717665862
list:
dist: 2.333766166520817 vs. 2.333766166520817
list:
dist: 3.333835764410605 vs. 3.333835764410605
list:
dist: 2.653705935513415 vs. 2.653705935513415
list:
dist: 2.5272371283432427 vs. 2.5272371283432427
list:
dist: 1.4230343128875829 vs. 1.4230343128875829
list:
dist: 3.0388784788647123 vs. 3.0388784788647123
list:
dist: 2.100961595316856 vs. 2.100961595316856
list:
dist: 0.9484787791049046 vs. 0.9484787791049046
list:
dist: 1.5981167045151072 vs. 1.5981167045151072
list:
dist: 2.5208801028518706 vs. 2.5208801028518706
list:
dist: 2.7396031048188316 vs. 2.7396031048188316
list:
dist: 2.877282446256629 vs. 2.877282446256629
list:
dist: 1.7964241994871766 vs. 1.7964241994871766
list:
dist: 0.5490596393541378 vs. 0.5490596393541378
list:
dist: 2.6728992823581708 vs. 2.6728992823581708
list:
dist: 3.4030044139505966 vs. 3.4030044139505966
list:
dist: 2.578398611901809 vs. 2.578398611901809
list:
dist: 2.59057167960423 vs. 2.59057167960423
list:
dist: 1.5681080243568823 vs. 1.5681080243568823
list:
dist: 3.1943077033975125 vs. 3.1943077033975125
list:
dist: 1.721670855122661 vs. 1.721670855122661
list:
dist: 0.9232663451468252 vs. 0.9232663451468252
list:
dist: 1.4151287986327958 vs. 1.4151287986327958
list:
dist: 2.32477778725428 vs. 2.32477778725428
list:
dist: 2.6854149980596826 vs. 2.6854149980596826
list:
dist: 2.4369486078656752 vs. 2.4369486078656752
list:
dist: 1.4228376406277066 vs. 1.4228376406277066
list:
dist: 0.5490596393541378 vs. 0.5490596393541378
list:
dist: 2.4667604378668946 vs. 2.4667604378668946
list:
dist: 2.408049358787218 vs. 2.408049358787218
list:
dist: 2.4894168716502705 vs. 2.4894168716502705
list:
dist: 2.2796759336837287 vs. 2.2796759336837287
list:
dist: 1.7043943570005733 vs. 1.7043943570005733
list:
dist: 1.6865439568537217 vs. 1.6865439568537217
list:
dist: 1.9427404880574555 vs. 1.9427404880574555
list:
dist: 2.56021551829433 vs. 2.56021551829433
list:
dist: 0.9233248696746132 vs. 0.9233248696746132
list:
dist: 1.881497423517204 vs. 1.881497423517204
list:
dist: 1.6192526355317212 vs. 1.6192526355317212
list:
dist: 1.9826083697358348 vs. 1.9826083697358348
list:
dist: 0.9623742616920138 vs. 0.9623742616920138
list:
dist: 1.0557045906721438 vs. 1.0557045906721438
list:
dist: 1.6547957425080777 vs. 1.6547957425080777
list:
dist: 1.6729659329657294 vs. 1.6729659329657294
list:
dist: 2.419655203907108 vs. 2.419655203907108
list:
dist: 1.4631818309540316 vs. 1.4631818309540316
list:
dist: 1.7634236545139892 vs. 1.7634236545139892
list:
dist: 1.244104308772765 vs. 1.244104308772765
list:
dist: 1.4225741381255694 vs. 1.4225741381255694
list:
dist: 1.1918809656605314 vs. 1.1918809656605314
list:
dist: 1.035036011310276 vs. 1.035036011310276
list:
dist: 2.32851252282342 vs. 2.32851252282342
list:
dist: 2.304992711577053 vs. 2.304992711577053
list:
dist: 1.874863881113987 vs. 1.874863881113987
list:
dist: 2.0043150771256744 vs. 2.0043150771256744
list:
dist: 1.3863200711436892 vs. 1.3863200711436892
list:
dist: 0.6755584250329126 vs. 0.6755584250329126
list:
dist: 2.215812479998288 vs. 2.215812479998288
list:
dist: 1.8677641912431864 vs. 1.8677641912431864
list:
dist: 1.6275967124373014 vs. 1.6275967124373014
list:
dist: 1.9802923068156122 vs. 1.9802923068156122
list:
dist: 3.199564070765805 vs. 3.199564070765805
list:
dist: 1.6774110477178559 vs. 1.6774110477178559
list:
dist: 2.4894168716502705 vs. 2.4894168716502705
list:
dist: 1.1424059644145814 vs. 1.1424059644145814
list:
dist: 1.552583453428656 vs. 1.552583453428656
list:
dist: 3.4723812675310968 vs. 3.4723812675310968
list:
dist: 2.5414445463527646 vs. 2.5414445463527646
list:
dist: 3.2282551125205003 vs. 3.2282551125205003
list:
dist: 2.591222266975218 vs. 2.591222266975218
list:
dist: 2.836788553335665 vs. 2.836788553335665
list:
dist: 4.041749843001122 vs. 4.041749843001122
list:
dist: 2.667534036955319 vs. 2.667534036955319
list:
dist: 3.4426084681413247 vs. 3.4426084681413247
list:
dist: 3.121992269573372 vs. 3.121992269573372
list:
dist: 2.6217124854633203 vs. 2.6217124854633203
list:
dist: 2.0747192407006314 vs. 2.0747192407006314
list:
dist: 2.9166083247612336 vs. 2.9166083247612336
list:
dist: 2.8371093654884167 vs. 2.8371093654884167
list:
dist: 2.9433026277993064 vs. 2.9433026277993064
list:
dist: 3.6283143174567147 vs. 3.6283143174567147
list:
dist: 2.8266361799734896 vs. 2.8266361799734896
list:
dist: 2.2222102996173594 vs. 2.2222102996173594
list:
dist: 2.667534036955319 vs. 2.667534036955319
list:
dist: 1.9963925779372942 vs. 1.9963925779372942
list:
dist: 1.5790443459635959 vs. 1.5790443459635959
list:
dist: 1.9195139485057393 vs. 1.9195139485057393
list:
dist: 1.0363238059685451 vs. 1.0363238059685451
list:
dist: 1.9146465889068942 vs. 1.9146465889068942
list:
dist: 1.730362094924301 vs. 1.730362094924301
list:
dist: 1.4631818309540316 vs. 1.4631818309540316
list:
dist: 2.6611199381813395 vs. 2.6611199381813395
list:
dist: 1.3092607300256773 vs. 1.3092607300256773
list:
dist: 1.8684665075396107 vs. 1.8684665075396107
list:
dist: 1.8415612625693898 vs. 1.8415612625693898
list:
dist: 1.6257196628324309 vs. 1.6257196628324309
list:
dist: 2.062200308363355 vs. 2.062200308363355
list:
dist: 0.3554450179124178 vs. 0.3554450179124178
list:
dist: 1.4159266178333962 vs. 1.4159266178333962
list:
dist: 0.8761913026182906 vs. 0.8761913026182906
list:
dist: 0.7121753897455257 vs. 0.7121753897455257
list:
dist: 0.7640818815550039 vs. 0.7640818815550039
list:
dist: 0.6885091743070753 vs. 0.6885091743070753
list:
dist: 1.1035301972840783 vs. 1.1035301972840783
list:
dist: 1.0409341100521439 vs. 1.0409341100521439
list:
dist: 1.2259979969810328 vs. 1.2259979969810328
list:
dist: 1.6317050969991578 vs. 1.6317050969991578
list:
dist: 3.027127360408985 vs. 3.027127360408985
list:
dist: 1.7806734972124847 vs. 1.7806734972124847
list:
dist: 2.8517337903588684 vs. 2.8517337903588684
list:
dist: 2.282334115965953 vs. 2.282334115965953
list:
dist: 1.527835017748643 vs. 1.527835017748643
list:
dist: 1.3863200711436892 vs. 1.3863200711436892
list:
dist: 1.476432061213482 vs. 1.476432061213482
list:
dist: 1.3747981871246604 vs. 1.3747981871246604
list:
dist: 0.9704375688288963 vs. 0.9704375688288963
list:
dist: 2.1582707786154054 vs. 2.1582707786154054
list:
dist: 2.560020379808801 vs. 2.560020379808801
list:
dist: 1.5706733115948581 vs. 1.5706733115948581
list:
dist: 2.4667604378668946 vs. 2.4667604378668946
list:
dist: 1.2059731108227763 vs. 1.2059731108227763
list:
dist: 2.266515295381369 vs. 2.266515295381369
list:
dist: 2.7871484391863577 vs. 2.7871484391863577
list:
dist: 1.9838920734471714 vs. 1.9838920734471714
list:
dist: 2.8153520282382853 vs. 2.8153520282382853
list:
dist: 1.7111581015159647 vs. 1.7111581015159647
list:
dist: 3.1211685788741406 vs. 3.1211685788741406
list:
dist: 3.95661716561252 vs. 3.95661716561252
list:
dist: 2.8266361799734896 vs. 2.8266361799734896
list:
dist: 3.63857049607066 vs. 3.63857049607066
list:
dist: 3.202196099599979 vs. 3.202196099599979
list:
dist: 2.3999826493383347 vs. 2.3999826493383347
list:
dist: 2.147513450850083 vs. 2.147513450850083
list:
dist: 2.6097782316489684 vs. 2.6097782316489684
list:
dist: 2.836649628724177 vs. 2.836649628724177
list:
dist: 2.7094210405643686 vs. 2.7094210405643686
list:
dist: 3.1202535600100956 vs. 3.1202535600100956
list:
dist: 2.266515295381369 vs. 2.266515295381369
list:
dist: 1.213696710785946 vs. 1.213696710785946
list:
dist: 1.552583453428656 vs. 1.552583453428656
list:
dist: 2.133305833078011 vs. 2.133305833078011
list:
dist: 1.6018645827962086 vs. 1.6018645827962086
list:
dist: 1.6936953301690412 vs. 1.6936953301690412
list:
dist: 1.0850526914909484 vs. 1.0850526914909484
list:
dist: 2.652160847449033 vs. 2.652160847449033
list:
dist: 1.365279254485597 vs. 1.365279254485597
list:
dist: 1.6192526355317212 vs. 1.6192526355317212
list:
dist: 1.8373558780826063 vs. 1.8373558780826063
list:
dist: 2.7706524493826667 vs. 2.7706524493826667
list:
dist: 2.097467096238883 vs. 2.097467096238883
list:
dist: 2.3708150377803263 vs. 2.3708150377803263
list:
dist: 2.3673630679059285 vs. 2.3673630679059285
list:
dist: 1.3742278061802955 vs. 1.3742278061802955
list:
dist: 2.7190725352183613 vs. 2.7190725352183613
list:
dist: 1.3092607300256773 vs. 1.3092607300256773
list:
dist: 1.9730636408264173 vs. 1.9730636408264173
list:
dist: 1.7662951382926846 vs. 1.7662951382926846
list:
dist: 1.6395619614320354 vs. 1.6395619614320354
list:
dist: 0.9907597341132041 vs. 0.9907597341132041
list:
dist: 1.9516270105847344 vs. 1.9516270105847344
list:
dist: 1.8127777044248057 vs. 1.8127777044248057
list:
dist: 2.063406669539483 vs. 2.063406669539483
list:
dist: 2.7062306437583987 vs. 2.7062306437583987
list:
dist: 2.9644784804214903 vs. 2.9644784804214903
list:
dist: 1.2059731108227763 vs. 1.2059731108227763
list:
dist: 1.5602744050177357 vs. 1.5602744050177357
list:
dist: 1.1424059644145814 vs. 1.1424059644145814
list:
dist: 2.2150395358461856 vs. 2.2150395358461856
list:
dist: 1.7656743425578594 vs. 1.7656743425578594
list:
dist: 1.3481302962006565 vs. 1.3481302962006565
list:
dist: 2.2974311447836437 vs. 2.2974311447836437
list:
dist: 3.1512257535224637 vs. 3.1512257535224637
list:
dist: 1.0530455505072447 vs. 1.0530455505072447
list:
dist: 1.881497423517204 vs. 1.881497423517204
list:
dist: 1.8373558780826063 vs. 1.8373558780826063
list:
dist: 3.058745337064262 vs. 3.058745337064262
list:
dist: 1.815240267765067 vs. 1.815240267765067
list:
dist: 2.6147175398896487 vs. 2.6147175398896487
list:
dist: 2.0317347184869905 vs. 2.0317347184869905
list:
dist: 2.895459046226707 vs. 2.895459046226707
list:
dist: 3.9401697502692508 vs. 3.9401697502692508
list:
dist: 2.6611199381813395 vs. 2.6611199381813395
list:
dist: 3.3367137731968977 vs. 3.3367137731968977
list:
dist: 2.8856370502418294 vs. 2.8856370502418294
list:
dist: 2.471030993722691 vs. 2.471030993722691
list:
dist: 2.01316832740035 vs. 2.01316832740035
list:
dist: 2.49358328569385 vs. 2.49358328569385
list:
dist: 3.0788999587223906 vs. 3.0788999587223906
list:
dist: 3.063459962454994 vs. 3.063459962454994
list:
dist: 3.2384894731285643 vs. 3.2384894731285643
list:
dist: 3.7088935777773937 vs. 3.7088935777773937
list:
dist: 2.7094210405643686 vs. 2.7094210405643686
list:
dist: 2.3902050200345126 vs. 2.3902050200345126
list:
dist: 2.9433026277993064 vs. 2.9433026277993064
list:
dist: 1.3768292003796936 vs. 1.3768292003796936
list:
dist: 1.3886514541790878 vs. 1.3886514541790878
list:
dist: 1.873679325837322 vs. 1.873679325837322
list:
dist: 1.0682054641267547 vs. 1.0682054641267547
list:
dist: 0.8831164143621816 vs. 0.8831164143621816
list:
dist: 2.2510840081627745 vs. 2.2510840081627745
list:
dist: 2.304992711577053 vs. 2.304992711577053
list:
dist: 3.063459962454994 vs. 3.063459962454994
list:
dist: 2.063406669539483 vs. 2.063406669539483
list:
dist: 1.5259130565806553 vs. 1.5259130565806553
list:
dist: 2.148965479201244 vs. 2.148965479201244
list:
dist: 2.053479761601383 vs. 2.053479761601383
list:
dist: 1.9030704912795806 vs. 1.9030704912795806
list:
dist: 1.4435060667223896 vs. 1.4435060667223896
list:
dist: 1.5915790664758325 vs. 1.5915790664758325
list:
dist: 1.2259979969810328 vs. 1.2259979969810328
list:
dist: 1.8422138759090445 vs. 1.8422138759090445
list:
dist: 1.7233594712759372 vs. 1.7233594712759372
list:
dist: 0.8931668564115395 vs. 0.8931668564115395
list:
dist: 1.2973872047574315 vs. 1.2973872047574315
list:
dist: 1.5263927632840313 vs. 1.5263927632840313
list:
dist: 0.4805681370708978 vs. 0.4805681370708978
list:
dist: 1.5218062435884976 vs. 1.5218062435884976
list:
dist: 2.640514435680044 vs. 2.640514435680044
list:
dist: 2.086593318988404 vs. 2.086593318988404
list:
dist: 3.056840814074923 vs. 3.056840814074923
list:
dist: 2.4294812217562183 vs. 2.4294812217562183
list:
dist: 1.9838920734471714 vs. 1.9838920734471714
list:
dist: 2.468775257804766 vs. 2.468775257804766
list:
dist: 2.5414445463527646 vs. 2.5414445463527646
list:
dist: 1.7255200554371408 vs. 1.7255200554371408
list:
dist: 1.3002956412775313 vs. 1.3002956412775313
list:
dist: 1.214230882116402 vs. 1.214230882116402
list:
dist: 2.0212824765067974 vs. 2.0212824765067974
list:
dist: 2.0585637372664576 vs. 2.0585637372664576
list:
dist: 4.273237823869432 vs. 4.273237823869432
list:
dist: 0.9452072732800685 vs. 0.9452072732800685
list:
dist: 0.9623742616920138 vs. 0.9623742616920138
list:
dist: 1.815240267765067 vs. 1.815240267765067
list:
dist: 2.097467096238883 vs. 2.097467096238883
list:
dist: 1.4247501937863525 vs. 1.4247501937863525
list:
dist: 0.8968549619168558 vs. 0.8968549619168558
list:
dist: 0.7672233277406767 vs. 0.7672233277406767
list:
dist: 2.160800955496658 vs. 2.160800955496658
list:
dist: 2.613006252890165 vs. 2.613006252890165
list:
dist: 1.8415612625693898 vs. 1.8415612625693898
list:
dist: 2.3152982646404907 vs. 2.3152982646404907
list:
dist: 1.7673075271243983 vs. 1.7673075271243983
list:
dist: 1.355468112875031 vs. 1.355468112875031
list:
dist: 1.3992923884763315 vs. 1.3992923884763315
list:
dist: 0.983290334572341 vs. 0.983290334572341
list:
dist: 2.3541777058950992 vs. 2.3541777058950992
list:
dist: 2.148965479201244 vs. 2.148965479201244
list:
dist: 1.5746140277051948 vs. 1.5746140277051948
list:
dist: 3.4175368603777536 vs. 3.4175368603777536
list:
dist: 4.213802964884104 vs. 4.213802964884104
list:
dist: 2.4231192689087013 vs. 2.4231192689087013
list:
dist: 2.0656355211198907 vs. 2.0656355211198907
list:
dist: 2.717173153607619 vs. 2.717173153607619
list:
dist: 2.502003065503489 vs. 2.502003065503489
list:
dist: 1.476432061213482 vs. 1.476432061213482
list:
dist: 1.8506751291942405 vs. 1.8506751291942405
list:
dist: 2.215812479998288 vs. 2.215812479998288
list:
dist: 0.6222540361352283 vs. 0.6222540361352283
list:
dist: 0.8960549652384262 vs. 0.8960549652384262
list:
dist: 1.3635466037291044 vs. 1.3635466037291044
list:
dist: 1.105175648008848 vs. 1.105175648008848
list:
dist: 4.16282031335798 vs. 4.16282031335798
list:
dist: 1.7449509043732196 vs. 1.7449509043732196
list:
dist: 2.2796759336837287 vs. 2.2796759336837287
list:
dist: 2.2150395358461856 vs. 2.2150395358461856
list:
dist: 2.133305833078011 vs. 2.133305833078011
list:
dist: 1.6916089926198061 vs. 1.6916089926198061
list:
dist: 1.7255200554371408 vs. 1.7255200554371408
list:
dist: 2.187706632487122 vs. 2.187706632487122
list:
dist: 1.1715863803663809 vs. 1.1715863803663809
list:
dist: 2.317402327458052 vs. 2.317402327458052
list:
dist: 2.787222377036825 vs. 2.787222377036825
list:
dist: 1.9963925779372942 vs. 1.9963925779372942
list:
dist: 2.7980452332473247 vs. 2.7980452332473247
list:
dist: 2.444591194429919 vs. 2.444591194429919
list:
dist: 1.3894163821240013 vs. 1.3894163821240013
list:
dist: 1.5096537810315853 vs. 1.5096537810315853
list:
dist: 1.8208392194357828 vs. 1.8208392194357828
list:
dist: 1.6489279119470979 vs. 1.6489279119470979
list:
dist: 1.3768292003796936 vs. 1.3768292003796936
list:
dist: 2.0318104287968413 vs. 2.0318104287968413
list:
dist: 4.221068258126846 vs. 4.221068258126846
list:
dist: 4.624553170614912 vs. 4.624553170614912
list:
dist: 2.8306438424423064 vs. 2.8306438424423064
list:
dist: 0.9704375688288963 vs. 0.9704375688288963
list:
dist: 1.4767109547243726 vs. 1.4767109547243726
list:
dist: 1.6275967124373014 vs. 1.6275967124373014
list:
dist: 0.8960549652384262 vs. 0.8960549652384262
list:
dist: 0.48638762353175136 vs. 0.48638762353175136
list:
dist: 1.4266061385936448 vs. 1.4266061385936448
list:
dist: 1.817625823634736 vs. 1.817625823634736
list:
dist: 4.555798017099967 vs. 4.555798017099967
list:
dist: 0.9372771194604275 vs. 0.9372771194604275
list:
dist: 1.6865439568537217 vs. 1.6865439568537217
list:
dist: 1.3481302962006565 vs. 1.3481302962006565
list:
dist: 1.6936953301690412 vs. 1.6936953301690412
list:
dist: 1.9263512364974635 vs. 1.9263512364974635
list:
dist: 1.214230882116402 vs. 1.214230882116402
list:
dist: 1.9308454668341108 vs. 1.9308454668341108
list:
dist: 0.9895784379726295 vs. 0.9895784379726295
list:
dist: 2.240485179070737 vs. 2.240485179070737
list:
dist: 2.9980016782518075 vs. 2.9980016782518075
list:
dist: 1.9195139485057393 vs. 1.9195139485057393
list:
dist: 2.7106647066096965 vs. 2.7106647066096965
list:
dist: 2.266248344844608 vs. 2.266248344844608
list:
dist: 1.4399693855132991 vs. 1.4399693855132991
list:
dist: 1.2567305694381274 vs. 1.2567305694381274
list:
dist: 1.6571887985908016 vs. 1.6571887985908016
list:
dist: 2.022825565132002 vs. 2.022825565132002
list:
dist: 1.873679325837322 vs. 1.873679325837322
list:
dist: 2.194892105048575 vs. 2.194892105048575
list:
dist: 4.23522404919949 vs. 4.23522404919949
list:
dist: 4.7764482104921875 vs. 4.7764482104921875
list:
dist: 3.110076387709001 vs. 3.110076387709001
list:
dist: 2.6097782316489684 vs. 2.6097782316489684
list:
dist: 2.6343237519599683 vs. 2.6343237519599683
list:
dist: 2.9166083247612336 vs. 2.9166083247612336
list:
dist: 1.8208392194357828 vs. 1.8208392194357828
list:
dist: 1.4303041282120985 vs. 1.4303041282120985
list:
dist: 1.6571887985908016 vs. 1.6571887985908016
list:
dist: 1.6704289084544715 vs. 1.6704289084544715
list:
dist: 1.6904337662343485 vs. 1.6904337662343485
list:
dist: 1.45239725261088 vs. 1.45239725261088
list:
dist: 1.035036011310276 vs. 1.035036011310276
list:
dist: 2.49358328569385 vs. 2.49358328569385
list:
dist: 1.9516270105847344 vs. 1.9516270105847344
list:
dist: 1.0387649138181738 vs. 1.0387649138181738
list:
dist: 0.983290334572341 vs. 0.983290334572341
list:
dist: 0.5693585285175025 vs. 0.5693585285175025
list:
dist: 1.2826270969361508 vs. 1.2826270969361508
list:
dist: 1.4023043509307327 vs. 1.4023043509307327
list:
dist: 1.6328147178196035 vs. 1.6328147178196035
list:
dist: 1.1035301972840783 vs. 1.1035301972840783
list:
dist: 1.4356222734144237 vs. 1.4356222734144237
list:
dist: 0.9298592173372265 vs. 0.9298592173372265
list:
dist: 0.6956917671192169 vs. 0.6956917671192169
list:
dist: 1.0377586883871386 vs. 1.0377586883871386
list:
dist: 1.6936948017683748 vs. 1.6936948017683748
list:
dist: 1.5263927632840313 vs. 1.5263927632840313
list:
dist: 0.8697429409702002 vs. 0.8697429409702002
list:
dist: 2.148741694674934 vs. 2.148741694674934
list:
dist: 1.241018684514673 vs. 1.241018684514673
list:
dist: 2.145532919807134 vs. 2.145532919807134
list:
dist: 1.740189387519715 vs. 1.740189387519715
list:
dist: 2.7871484391863577 vs. 2.7871484391863577
list:
dist: 3.1546650291797667 vs. 3.1546650291797667
list:
dist: 3.4723812675310968 vs. 3.4723812675310968
list:
dist: 1.6916089926198061 vs. 1.6916089926198061
list:
dist: 1.6574130145520105 vs. 1.6574130145520105
list:
dist: 1.9263512364974635 vs. 1.9263512364974635
list:
dist: 2.141851600139102 vs. 2.141851600139102
list:
dist: 1.1490728714816667 vs. 1.1490728714816667
list:
dist: 3.5250831612670517 vs. 3.5250831612670517
list:
dist: 2.1475947605481984 vs. 2.1475947605481984
list:
dist: 1.9826083697358348 vs. 1.9826083697358348
list:
dist: 3.058745337064262 vs. 3.058745337064262
list:
dist: 2.7706524493826667 vs. 2.7706524493826667
list:
dist: 1.4247501937863525 vs. 1.4247501937863525
list:
dist: 1.1316637068026418 vs. 1.1316637068026418
list:
dist: 1.1733323355625271 vs. 1.1733323355625271
list:
dist: 2.173735777068433 vs. 2.173735777068433
list:
dist: 1.8558954973746202 vs. 1.8558954973746202
list:
dist: 1.8684665075396107 vs. 1.8684665075396107
list:
dist: 2.1970649753180815 vs. 2.1970649753180815
list:
dist: 1.8224332209760938 vs. 1.8224332209760938
list:
dist: 1.1939258576835834 vs. 1.1939258576835834
list:
dist: 1.7852816763926362 vs. 1.7852816763926362
list:
dist: 1.0387649138181738 vs. 1.0387649138181738
list:
dist: 1.9232249093779246 vs. 1.9232249093779246
list:
dist: 1.5259130565806553 vs. 1.5259130565806553
list:
dist: 0.5307026874006693 vs. 0.5307026874006693
list:
dist: 3.0678226886202933 vs. 3.0678226886202933
list:
dist: 3.760608901696405 vs. 3.760608901696405
list:
dist: 1.2854824961391003 vs. 1.2854824961391003
list:
dist: 1.4039382736501091 vs. 1.4039382736501091
list:
dist: 2.0142585465193594 vs. 2.0142585465193594
list:
dist: 1.6442440084455123 vs. 1.6442440084455123
list:
dist: 2.560020379808801 vs. 2.560020379808801
list:
dist: 2.738516305311853 vs. 2.738516305311853
list:
dist: 3.199564070765805 vs. 3.199564070765805
list:
dist: 1.105175648008848 vs. 1.105175648008848
list:
dist: 1.405388225033436 vs. 1.405388225033436
list:
dist: 1.817625823634736 vs. 1.817625823634736
list:
dist: 1.6880190976819425 vs. 1.6880190976819425
list:
dist: 2.4066789943528493 vs. 2.4066789943528493
list:
dist: 2.56021551829433 vs. 2.56021551829433
list:
dist: 3.1512257535224637 vs. 3.1512257535224637
list:
dist: 2.652160847449033 vs. 2.652160847449033
list:
dist: 1.1490728714816667 vs. 1.1490728714816667
list:
dist: 2.0585637372664576 vs. 2.0585637372664576
list:
dist: 2.0661807643870795 vs. 2.0661807643870795
list:
dist: 1.5462847675174614 vs. 1.5462847675174614
list:
dist: 2.2004094803122873 vs. 2.2004094803122873
list:
dist: 2.0841854873199788 vs. 2.0841854873199788
list:
dist: 1.9146465889068942 vs. 1.9146465889068942
list:
dist: 2.4958217763190547 vs. 2.4958217763190547
list:
dist: 2.253117514011793 vs. 2.253117514011793
list:
dist: 1.2725796133364717 vs. 1.2725796133364717
list:
dist: 1.786722207412622 vs. 1.786722207412622
list:
dist: 1.6904337662343485 vs. 1.6904337662343485
list:
dist: 1.35537575394138 vs. 1.35537575394138
list:
dist: 0.8831164143621816 vs. 0.8831164143621816
list:
dist: 1.4234533700378145 vs. 1.4234533700378145
list:
dist: 2.117377732698476 vs. 2.117377732698476
list:
dist: 2.147513450850083 vs. 2.147513450850083
list:
dist: 1.6879705223103825 vs. 1.6879705223103825
list:
dist: 2.0747192407006314 vs. 2.0747192407006314
list:
dist: 1.5096537810315853 vs. 1.5096537810315853
list:
dist: 0.9818592228407957 vs. 0.9818592228407957
list:
dist: 1.2567305694381274 vs. 1.2567305694381274
list:
dist: 0.7616184490527953 vs. 0.7616184490527953
list:
dist: 1.786722207412622 vs. 1.786722207412622
list:
dist: 1.1202803892051598 vs. 1.1202803892051598
list:
dist: 1.1918809656605314 vs. 1.1918809656605314
list:
dist: 2.01316832740035 vs. 2.01316832740035
list:
dist: 0.9907597341132041 vs. 0.9907597341132041
list:
dist: 1.7852816763926362 vs. 1.7852816763926362
list:
dist: 1.3992923884763315 vs. 1.3992923884763315
list:
dist: 1.5374452634646303 vs. 1.5374452634646303
list:
dist: 1.582579186165204 vs. 1.582579186165204
list:
dist: 0.9901638338650975 vs. 0.9901638338650975
list:
dist: 1.9897327350631886 vs. 1.9897327350631886
list:
dist: 0.6885091743070753 vs. 0.6885091743070753
list:
dist: 1.5055000670910221 vs. 1.5055000670910221
list:
dist: 1.1495118234369983 vs. 1.1495118234369983
list:
dist: 0.6610026336355388 vs. 0.6610026336355388
list:
dist: 1.0377586883871386 vs. 1.0377586883871386
list:
dist: 1.2286715044483925 vs. 1.2286715044483925
list:
dist: 1.2973872047574315 vs. 1.2973872047574315
list:
dist: 1.7314222269396498 vs. 1.7314222269396498
list:
dist: 3.0450621562801934 vs. 3.0450621562801934
list:
dist: 2.1131562036233986 vs. 2.1131562036233986
list:
dist: 3.124966530610463 vs. 3.124966530610463
list:
dist: 2.6281396022575034 vs. 2.6281396022575034
list:
dist: 2.3999826493383347 vs. 2.3999826493383347
list:
dist: 2.2094102254656494 vs. 2.2094102254656494
list:
dist: 2.6217124854633203 vs. 2.6217124854633203
list:
dist: 1.3894163821240013 vs. 1.3894163821240013
list:
dist: 1.0535946883335867 vs. 1.0535946883335867
list:
dist: 1.4399693855132991 vs. 1.4399693855132991
list:
dist: 1.0470540701452833 vs. 1.0470540701452833
list:
dist: 1.2725796133364717 vs. 1.2725796133364717
list:
dist: 1.5127453519881209 vs. 1.5127453519881209
list:
dist: 1.4225741381255694 vs. 1.4225741381255694
list:
dist: 2.471030993722691 vs. 2.471030993722691
list:
dist: 1.6395619614320354 vs. 1.6395619614320354
list:
dist: 1.1939258576835834 vs. 1.1939258576835834
list:
dist: 1.355468112875031 vs. 1.355468112875031
list:
dist: 1.2547190086081759 vs. 1.2547190086081759
list:
dist: 1.3744985644627228 vs. 1.3744985644627228
list:
dist: 1.109970721485315 vs. 1.109970721485315
list:
dist: 1.5589422003512432 vs. 1.5589422003512432
list:
dist: 0.7640818815550039 vs. 0.7640818815550039
list:
dist: 1.4346491908008356 vs. 1.4346491908008356
list:
dist: 1.0780648819116079 vs. 1.0780648819116079
list:
dist: 0.6610026336355388 vs. 0.6610026336355388
list:
dist: 0.6956917671192169 vs. 0.6956917671192169
list:
dist: 1.0346115123958972 vs. 1.0346115123958972
list:
dist: 0.8931668564115395 vs. 0.8931668564115395
list:
dist: 1.1261894079272332 vs. 1.1261894079272332
list:
dist: 2.4432159399980273 vs. 2.4432159399980273
list:
dist: 1.6399474820811568 vs. 1.6399474820811568
list:
dist: 2.639564507822543 vs. 2.639564507822543
list:
dist: 2.1074330477394025 vs. 2.1074330477394025
list:
dist: 3.1211685788741406 vs. 3.1211685788741406
list:
dist: 2.378781999197067 vs. 2.378781999197067
list:
dist: 2.836788553335665 vs. 2.836788553335665
list:
dist: 2.317402327458052 vs. 2.317402327458052
list:
dist: 1.9069081194754771 vs. 1.9069081194754771
list:
dist: 2.240485179070737 vs. 2.240485179070737
list:
dist: 1.2285852827874995 vs. 1.2285852827874995
list:
dist: 2.2004094803122873 vs. 2.2004094803122873
list:
dist: 1.9985006424970644 vs. 1.9985006424970644
list:
dist: 1.6729659329657294 vs. 1.6729659329657294
list:
dist: 2.895459046226707 vs. 2.895459046226707
list:
dist: 1.3742278061802955 vs. 1.3742278061802955
list:
dist: 2.173735777068433 vs. 2.173735777068433
list:
dist: 2.160800955496658 vs. 2.160800955496658
list:
dist: 1.8897728322189205 vs. 1.8897728322189205
list:
dist: 2.4155667020793103 vs. 2.4155667020793103
list:
dist: 1.3966395598565768 vs. 1.3966395598565768
list:
dist: 0.3554450179124178 vs. 0.3554450179124178
list:
dist: 0.7090031437487548 vs. 0.7090031437487548
list:
dist: 0.7728481439395054 vs. 0.7728481439395054
list:
dist: 1.109970721485315 vs. 1.109970721485315
list:
dist: 0.9901638338650975 vs. 0.9901638338650975
list:
dist: 1.4023043509307327 vs. 1.4023043509307327
list:
dist: 1.1691542662893777 vs. 1.1691542662893777
list:
dist: 1.4435060667223896 vs. 1.4435060667223896
list:
dist: 1.886868831086884 vs. 1.886868831086884
list:
dist: 3.28183232098883 vs. 3.28183232098883
list:
dist: 1.901863176063766 vs. 1.901863176063766
list:
dist: 2.9698775539934466 vs. 2.9698775539934466
list:
dist: 2.3872074705372794 vs. 2.3872074705372794
list:
dist: 2.836649628724177 vs. 2.836649628724177
list:
dist: 2.242562185717636 vs. 2.242562185717636
list:
dist: 2.8371093654884167 vs. 2.8371093654884167
list:
dist: 1.6489279119470979 vs. 1.6489279119470979
list:
dist: 1.5535961923560642 vs. 1.5535961923560642
list:
dist: 2.022825565132002 vs. 2.022825565132002
list:
dist: 0.8627588290493337 vs. 0.8627588290493337
list:
dist: 1.35537575394138 vs. 1.35537575394138
list:
dist: 2.2928826021360966 vs. 2.2928826021360966
list:
dist: 2.32851252282342 vs. 2.32851252282342
list:
dist: 3.0788999587223906 vs. 3.0788999587223906
list:
dist: 1.8127777044248057 vs. 1.8127777044248057
list:
dist: 1.9232249093779246 vs. 1.9232249093779246
list:
dist: 2.3541777058950992 vs. 2.3541777058950992
list:
dist: 2.2548987376576473 vs. 2.2548987376576473
list:
dist: 2.218295190840387 vs. 2.218295190840387
list:
dist: 1.1691542662893777 vs. 1.1691542662893777
list:
dist: 1.5950615515179323 vs. 1.5950615515179323
list:
dist: 1.0409341100521439 vs. 1.0409341100521439
list:
dist: 1.6708151457994087 vs. 1.6708151457994087
list:
dist: 1.6497445376558362 vs. 1.6497445376558362
list:
dist: 1.0346115123958972 vs. 1.0346115123958972
list:
dist: 1.2286715044483925 vs. 1.2286715044483925
list:
dist: 1.6936948017683748 vs. 1.6936948017683748
list:
dist: 0.4805681370708978 vs. 0.4805681370708978
list:
dist: 1.838556730751434 vs. 1.838556730751434
list:
dist: 3.0553393304413734 vs. 3.0553393304413734
list:
dist: 2.2557980093443764 vs. 2.2557980093443764
list:
dist: 3.2862059155632823 vs. 3.2862059155632823
list:
dist: 2.634843002402967 vs. 2.634843002402967
list:
dist: 2.1582707786154054 vs. 2.1582707786154054
list:
dist: 1.4027942187528637 vs. 1.4027942187528637
list:
dist: 1.9802923068156122 vs. 1.9802923068156122
list:
dist: 1.3635466037291044 vs. 1.3635466037291044
list:
dist: 1.0568201615579798 vs. 1.0568201615579798
list:
dist: 1.4266061385936448 vs. 1.4266061385936448
list:
dist: 1.6880190976819425 vs. 1.6880190976819425
list:
dist: 1.6573182681955827 vs. 1.6573182681955827
list:
dist: 1.9427404880574555 vs. 1.9427404880574555
list:
dist: 2.2974311447836437 vs. 2.2974311447836437
list:
dist: 1.0850526914909484 vs. 1.0850526914909484
list:
dist: 2.141851600139102 vs. 2.141851600139102
list:
dist: 2.0212824765067974 vs. 2.0212824765067974
list:
dist: 2.2121451520045947 vs. 2.2121451520045947
list:
dist: 1.9634309529705876 vs. 1.9634309529705876
list:
dist: 1.2285852827874995 vs. 1.2285852827874995
list:
dist: 2.2080545810732968 vs. 2.2080545810732968
list:
dist: 1.0363238059685451 vs. 1.0363238059685451
list:
dist: 1.8935156118098864 vs. 1.8935156118098864
list:
dist: 1.714588699982076 vs. 1.714588699982076
list:
dist: 1.0470540701452833 vs. 1.0470540701452833
list:
dist: 0.7616184490527953 vs. 0.7616184490527953
list:
dist: 1.6704289084544715 vs. 1.6704289084544715
list:
dist: 0.8627588290493337 vs. 0.8627588290493337
list:
dist: 1.0682054641267547 vs. 1.0682054641267547
list:
dist: 2.150149586931354 vs. 2.150149586931354
list:
dist: 3.4078555588305153 vs. 3.4078555588305153
list:
dist: 2.661499717665862 vs. 2.661499717665862
list:
dist: 2.0043150771256744 vs. 2.0043150771256744
list:
dist: 3.7088935777773937 vs. 3.7088935777773937
list:
dist: 2.9644784804214903 vs. 2.9644784804214903
list:
dist: 1.4039382736501091 vs. 1.4039382736501091
list:
dist: 2.0656355211198907 vs. 2.0656355211198907
list:
dist: 1.2070845663616772 vs. 1.2070845663616772
list:
dist: 2.299668787343114 vs. 2.299668787343114
list:
dist: 1.901863176063766 vs. 1.901863176063766
list:
dist: 1.1270444752806728 vs. 1.1270444752806728
list:
dist: 1.7806734972124847 vs. 1.7806734972124847
list:
dist: 1.4648797315138302 vs. 1.4648797315138302
list:
dist: 1.2921680075617672 vs. 1.2921680075617672
list:
dist: 1.6399474820811568 vs. 1.6399474820811568
list:
dist: 2.1131562036233986 vs. 2.1131562036233986
list:
dist: 1.241018684514673 vs. 1.241018684514673
list:
dist: 2.2557980093443764 vs. 2.2557980093443764
list:
dist: 2.086593318988404 vs. 2.086593318988404
list:
dist: 0.8898131682843654 vs. 0.8898131682843654
list:
dist: 1.7950895166479144 vs. 1.7950895166479144
list:
dist: 1.0791240466284422 vs. 1.0791240466284422
list:
dist: 0.5449984260803445 vs. 0.5449984260803445
list:
dist: 2.8153520282382853 vs. 2.8153520282382853
list:
dist: 3.039981889120629 vs. 3.039981889120629
list:
dist: 3.2282551125205003 vs. 3.2282551125205003
list:
dist: 2.187706632487122 vs. 2.187706632487122
list:
dist: 1.8141570703703676 vs. 1.8141570703703676
list:
dist: 1.9308454668341108 vs. 1.9308454668341108
list:
dist: 2.2121451520045947 vs. 2.2121451520045947
list:
dist: 2.0661807643870795 vs. 2.0661807643870795
list:
dist: 4.310777498613492 vs. 4.310777498613492
list:
dist: 1.613864879153729 vs. 1.613864879153729
list:
dist: 1.0557045906721438 vs. 1.0557045906721438
list:
dist: 2.6147175398896487 vs. 2.6147175398896487
list:
dist: 2.3708150377803263 vs. 2.3708150377803263
list:
dist: 1.1316637068026418 vs. 1.1316637068026418
list:
dist: 0.8968549619168558 vs. 0.8968549619168558
list:
dist: 1.347154996688619 vs. 1.347154996688619
list:
dist: 1.8897728322189205 vs. 1.8897728322189205
list:
dist: 1.955091358710116 vs. 1.955091358710116
list:
dist: 1.6257196628324309 vs. 1.6257196628324309
list:
dist: 1.778533538650181 vs. 1.778533538650181
list:
dist: 1.265845064801256 vs. 1.265845064801256
list:
dist: 1.2547190086081759 vs. 1.2547190086081759
list:
dist: 1.5374452634646303 vs. 1.5374452634646303
list:
dist: 0.5693585285175025 vs. 0.5693585285175025
list:
dist: 2.2548987376576473 vs. 2.2548987376576473
list:
dist: 2.053479761601383 vs. 2.053479761601383
list:
dist: 0.9847677792132472 vs. 0.9847677792132472
list:
dist: 3.2873199952271035 vs. 3.2873199952271035
list:
dist: 4.2262229589366855 vs. 4.2262229589366855
list:
dist: 1.9693536920638453 vs. 1.9693536920638453
list:
dist: 1.2070845663616772 vs. 1.2070845663616772
list:
dist: 1.868291073954342 vs. 1.868291073954342
list:
dist: 1.6470112328662345 vs. 1.6470112328662345
list:
dist: 1.6442440084455123 vs. 1.6442440084455123
list:
dist: 2.502003065503489 vs. 2.502003065503489
list:
dist: 1.6470112328662345 vs. 1.6470112328662345
list:
dist: 2.6642854000110976 vs. 2.6642854000110976
list:
dist: 2.3872074705372794 vs. 2.3872074705372794
list:
dist: 1.355329389976607 vs. 1.355329389976607
list:
dist: 2.282334115965953 vs. 2.282334115965953
list:
dist: 1.9164460157208407 vs. 1.9164460157208407
list:
dist: 1.8193087963570274 vs. 1.8193087963570274
list:
dist: 2.1074330477394025 vs. 2.1074330477394025
list:
dist: 2.6281396022575034 vs. 2.6281396022575034
list:
dist: 1.740189387519715 vs. 1.740189387519715
list:
dist: 2.634843002402967 vs. 2.634843002402967
list:
dist: 2.4294812217562183 vs. 2.4294812217562183
list:
dist: 1.183731158377612 vs. 1.183731158377612
list:
dist: 1.628443611007815 vs. 1.628443611007815
list:
dist: 0.5449984260803445 vs. 0.5449984260803445
list:
dist: 0.705608453385992 vs. 0.705608453385992
list:
dist: 2.0142585465193594 vs. 2.0142585465193594
list:
dist: 2.717173153607619 vs. 2.717173153607619
list:
dist: 1.868291073954342 vs. 1.868291073954342
list:
dist: 2.9358901563852857 vs. 2.9358901563852857
list:
dist: 2.9698775539934466 vs. 2.9698775539934466
list:
dist: 2.045806349298299 vs. 2.045806349298299
list:
dist: 2.8517337903588684 vs. 2.8517337903588684
list:
dist: 2.467733786278288 vs. 2.467733786278288
list:
dist: 2.311284137691015 vs. 2.311284137691015
list:
dist: 2.639564507822543 vs. 2.639564507822543
list:
dist: 3.124966530610463 vs. 3.124966530610463
list:
dist: 2.145532919807134 vs. 2.145532919807134
list:
dist: 3.2862059155632823 vs. 3.2862059155632823
list:
dist: 3.056840814074923 vs. 3.056840814074923
list:
dist: 1.6483672672232734 vs. 1.6483672672232734
list:
dist: 3.0744361090906085 vs. 3.0744361090906085
list:
dist: 4.124441696426795 vs. 4.124441696426795
list:
dist: 1.6448595772499057 vs. 1.6448595772499057
list:
dist: 1.0791240466284422 vs. 1.0791240466284422
list:
dist: 0.705608453385992 vs. 0.705608453385992
list:
dist: 3.63857049607066 vs. 3.63857049607066
list:
dist: 3.0390204484652417 vs. 3.0390204484652417
list:
dist: 3.4426084681413247 vs. 3.4426084681413247
list:
dist: 2.7980452332473247 vs. 2.7980452332473247
list:
dist: 2.396107191106682 vs. 2.396107191106682
list:
dist: 2.7106647066096965 vs. 2.7106647066096965
list:
dist: 1.8935156118098864 vs. 1.8935156118098864
list:
dist: 2.4958217763190547 vs. 2.4958217763190547
list:
dist: 2.359444114935253 vs. 2.359444114935253
list:
dist: 1.7634236545139892 vs. 1.7634236545139892
list:
dist: 3.3367137731968977 vs. 3.3367137731968977
list:
dist: 1.9730636408264173 vs. 1.9730636408264173
list:
dist: 2.1970649753180815 vs. 2.1970649753180815
list:
dist: 2.3152982646404907 vs. 2.3152982646404907
list:
dist: 1.778533538650181 vs. 1.778533538650181
list:
dist: 2.663396028495115 vs. 2.663396028495115
list:
dist: 0.7090031437487548 vs. 0.7090031437487548
list:
dist: 1.0569052314299845 vs. 1.0569052314299845
list:
dist: 0.8761913026182906 vs. 0.8761913026182906
list:
dist: 0.5551715955280344 vs. 0.5551715955280344
list:
dist: 1.4346491908008356 vs. 1.4346491908008356
list:
dist: 1.5055000670910221 vs. 1.5055000670910221
list:
dist: 1.4356222734144237 vs. 1.4356222734144237
list:
dist: 1.6708151457994087 vs. 1.6708151457994087
list:
dist: 1.8422138759090445 vs. 1.8422138759090445
list:
dist: 1.7754641952879933 vs. 1.7754641952879933
list:
dist: 3.1036747791275405 vs. 3.1036747791275405
list:
dist: 1.4648797315138302 vs. 1.4648797315138302
list:
dist: 2.467733786278288 vs. 2.467733786278288
list:
dist: 1.9164460157208407 vs. 1.9164460157208407
list:
dist: 3.202196099599979 vs. 3.202196099599979
list:
dist: 2.778634581344902 vs. 2.778634581344902
list:
dist: 3.121992269573372 vs. 3.121992269573372
list:
dist: 2.444591194429919 vs. 2.444591194429919
list:
dist: 1.9982913249152225 vs. 1.9982913249152225
list:
dist: 2.266248344844608 vs. 2.266248344844608
list:
dist: 1.714588699982076 vs. 1.714588699982076
list:
dist: 2.253117514011793 vs. 2.253117514011793
list:
dist: 1.8715609356375733 vs. 1.8715609356375733
list:
dist: 1.244104308772765 vs. 1.244104308772765
list:
dist: 2.8856370502418294 vs. 2.8856370502418294
list:
dist: 1.7662951382926846 vs. 1.7662951382926846
list:
dist: 1.8224332209760938 vs. 1.8224332209760938
list:
dist: 1.7673075271243983 vs. 1.7673075271243983
list:
dist: 1.265845064801256 vs. 1.265845064801256
list:
dist: 2.1664446129832107 vs. 2.1664446129832107
list:
dist: 0.7728481439395054 vs. 0.7728481439395054
list:
dist: 1.2658449111350378 vs. 1.2658449111350378
list:
dist: 0.7121753897455257 vs. 0.7121753897455257
list:
dist: 0.5551715955280344 vs. 0.5551715955280344
list:
dist: 1.0780648819116079 vs. 1.0780648819116079
list:
dist: 1.1495118234369983 vs. 1.1495118234369983
list:
dist: 0.9298592173372265 vs. 0.9298592173372265
list:
dist: 1.6497445376558362 vs. 1.6497445376558362
list:
dist: 1.7233594712759372 vs. 1.7233594712759372
list:
dist: 1.4524850984467967 vs. 1.4524850984467967
list:
dist: 2.806419009873083 vs. 2.806419009873083
list:
dist: 1.2921680075617672 vs. 1.2921680075617672
list:
dist: 2.311284137691015 vs. 2.311284137691015
list:
dist: 1.8193087963570274 vs. 1.8193087963570274
list:
dist: 3.95661716561252 vs. 3.95661716561252
list:
dist: 3.562048108961911 vs. 3.562048108961911
list:
dist: 4.041749843001122 vs. 4.041749843001122
list:
dist: 2.787222377036825 vs. 2.787222377036825
list:
dist: 2.593705342938306 vs. 2.593705342938306
list:
dist: 2.9980016782518075 vs. 2.9980016782518075
list:
dist: 2.2080545810732968 vs. 2.2080545810732968
list:
dist: 2.0841854873199788 vs. 2.0841854873199788
list:
dist: 2.9229895833747452 vs. 2.9229895833747452
list:
dist: 2.419655203907108 vs. 2.419655203907108
list:
dist: 3.9401697502692508 vs. 3.9401697502692508
list:
dist: 2.7190725352183613 vs. 2.7190725352183613
list:
dist: 1.8558954973746202 vs. 1.8558954973746202
list:
dist: 2.613006252890165 vs. 2.613006252890165
list:
dist: 1.955091358710116 vs. 1.955091358710116
list:
dist: 2.7229604367360154 vs. 2.7229604367360154
list:
dist: 1.3966395598565768 vs. 1.3966395598565768
list:
dist: 1.4159266178333962 vs. 1.4159266178333962
list:
dist: 1.0569052314299845 vs. 1.0569052314299845
list:
dist: 1.2658449111350378 vs. 1.2658449111350378
list:
dist: 1.5589422003512432 vs. 1.5589422003512432
list:
dist: 1.9897327350631886 vs. 1.9897327350631886
list:
dist: 1.6328147178196035 vs. 1.6328147178196035
list:
dist: 1.5950615515179323 vs. 1.5950615515179323
list:
dist: 1.5915790664758325 vs. 1.5915790664758325
list:
dist: 1.3985309495621219 vs. 1.3985309495621219
list:
dist: 2.5051043885367026 vs. 2.5051043885367026
list:
dist: 1.1270444752806728 vs. 1.1270444752806728
list:
dist: 2.045806349298299 vs. 2.045806349298299
list:
dist: 1.355329389976607 vs. 1.355329389976607
list:
dist: 3.1202535600100956 vs. 3.1202535600100956
list:
dist: 3.283020262487265 vs. 3.283020262487265
list:
dist: 3.6283143174567147 vs. 3.6283143174567147
list:
dist: 2.0318104287968413 vs. 2.0318104287968413
list:
dist: 1.892734505725973 vs. 1.892734505725973
list:
dist: 2.194892105048575 vs. 2.194892105048575
list:
dist: 2.150149586931354 vs. 2.150149586931354
list:
dist: 1.4234533700378145 vs. 1.4234533700378145
list:
dist: 2.2422605937035396 vs. 2.2422605937035396
list:
dist: 1.874863881113987 vs. 1.874863881113987
list:
dist: 3.2384894731285643 vs. 3.2384894731285643
list:
dist: 2.7062306437583987 vs. 2.7062306437583987
list:
dist: 0.5307026874006693 vs. 0.5307026874006693
list:
dist: 1.5746140277051948 vs. 1.5746140277051948
list:
dist: 0.9847677792132472 vs. 0.9847677792132472
list:
dist: 1.551830990980589 vs. 1.551830990980589
list:
dist: 1.886868831086884 vs. 1.886868831086884
list:
dist: 1.3985309495621219 vs. 1.3985309495621219
list:
dist: 1.6317050969991578 vs. 1.6317050969991578
list:
dist: 1.7754641952879933 vs. 1.7754641952879933
list:
dist: 1.4524850984467967 vs. 1.4524850984467967
list:
dist: 1.1261894079272332 vs. 1.1261894079272332
list:
dist: 1.7314222269396498 vs. 1.7314222269396498
list:
dist: 0.8697429409702002 vs. 0.8697429409702002
list:
dist: 1.838556730751434 vs. 1.838556730751434
list:
dist: 1.5218062435884976 vs. 1.5218062435884976
list:
dist: 1.398996483894165 vs. 1.398996483894165
list:
dist: 0.8898131682843654 vs. 0.8898131682843654
list:
dist: 1.6483672672232734 vs. 1.6483672672232734
list:
dist: 1.183731158377612 vs. 1.183731158377612
list:
dist: 2.837099196518927 vs. 2.837099196518927
list:
dist: 3.2239783164951126 vs. 3.2239783164951126
list:
dist: 2.2253084225779927 vs. 2.2253084225779927
list:
dist: 1.7534725869969752 vs. 1.7534725869969752
list:
dist: 1.3063040947585656 vs. 1.3063040947585656
list:
dist: 1.3698365751916421 vs. 1.3698365751916421
list:
dist: 1.985408850452956 vs. 1.985408850452956
list:
dist: 1.1603483771030514 vs. 1.1603483771030514
list:
dist: 1.4998233996184094 vs. 1.4998233996184094
list:
dist: 2.250410132179703 vs. 2.250410132179703
list:
dist: 2.468130592236389 vs. 2.468130592236389
list:
dist: 2.8361110399627703 vs. 2.8361110399627703
list:
dist: 1.9619473722847154 vs. 1.9619473722847154
list:
dist: 1.9152102878453117 vs. 1.9152102878453117
list:
dist: 1.5794771255034297 vs. 1.5794771255034297
list:
dist: 3.218426850743456 vs. 3.218426850743456
list:
dist: 2.196739901201239 vs. 2.196739901201239
list:
dist: 2.9371129273558148 vs. 2.9371129273558148
list:
dist: 2.097388959388432 vs. 2.097388959388432
list:
dist: 2.1213269108289174 vs. 2.1213269108289174
list:
dist: 3.6764273130002136 vs. 3.6764273130002136
list:
dist: 2.0433111730875235 vs. 2.0433111730875235
list:
dist: 2.864573365980358 vs. 2.864573365980358
list:
dist: 3.7307869208194857 vs. 3.7307869208194857
list:
dist: 4.255590507383623 vs. 4.255590507383623
list:
dist: 3.9268814537790244 vs. 3.9268814537790244
list:
dist: 1.1533761072144202 vs. 1.1533761072144202
list:
dist: 1.9727649714136635 vs. 1.9727649714136635
list:
dist: 1.7665549036001318 vs. 1.7665549036001318
list:
dist: 2.728676329374528 vs. 2.728676329374528
list:
dist: 2.4979429321283924 vs. 2.4979429321283924
list:
dist: 3.0750405200727013 vs. 3.0750405200727013
list:
dist: 2.241783552156593 vs. 2.241783552156593
list:
dist: 0.9994280516829984 vs. 0.9994280516829984
list:
dist: 1.7055384978187804 vs. 1.7055384978187804
list:
dist: 2.1213269108289174 vs. 2.1213269108289174
list:
dist: 1.5852364920539086 vs. 1.5852364920539086
list:
dist: 3.2239783164951126 vs. 3.2239783164951126
list:
dist: 2.1369093457852704 vs. 2.1369093457852704
list:
dist: 2.1696012682075216 vs. 2.1696012682075216
list:
dist: 3.116429964641059 vs. 3.116429964641059
list:
dist: 2.220567257397079 vs. 2.220567257397079
list:
dist: 2.3462795321222254 vs. 2.3462795321222254
list:
dist: 2.687958202644251 vs. 2.687958202644251
list:
dist: 2.230716021729084 vs. 2.230716021729084
list:
dist: 3.176860662918037 vs. 3.176860662918037
list:
dist: 3.109954168458904 vs. 3.109954168458904
list:
dist: 3.41395400233849 vs. 3.41395400233849
list:
dist: 1.7489508471865098 vs. 1.7489508471865098
list:
dist: 2.1696012682075216 vs. 2.1696012682075216
list:
dist: 1.0688846556285305 vs. 1.0688846556285305
list:
dist: 3.7307869208194857 vs. 3.7307869208194857
list:
dist: 2.481453506984648 vs. 2.481453506984648
list:
dist: 1.3063040947585656 vs. 1.3063040947585656
list:
dist: 1.4948575426831863 vs. 1.4948575426831863
list:
dist: 1.1726867936556509 vs. 1.1726867936556509
list:
dist: 0.7977888530017571 vs. 0.7977888530017571
list:
dist: 3.2409427587447914 vs. 3.2409427587447914
list:
dist: 2.9816909178705084 vs. 2.9816909178705084
list:
dist: 3.2718312619151884 vs. 3.2718312619151884
list:
dist: 3.2274371472999457 vs. 3.2274371472999457
list:
dist: 3.722514604117794 vs. 3.722514604117794
list:
dist: 3.578857473217619 vs. 3.578857473217619
list:
dist: 2.238708096713049 vs. 2.238708096713049
list:
dist: 2.6520674085075178 vs. 2.6520674085075178
list:
dist: 2.50106898575964 vs. 2.50106898575964
list:
dist: 2.65068469983564 vs. 2.65068469983564
list:
dist: 4.149890658883031 vs. 4.149890658883031
list:
dist: 3.282786054802046 vs. 3.282786054802046
list:
dist: 2.807045425222999 vs. 2.807045425222999
list:
dist: 2.494352831203528 vs. 2.494352831203528
list:
dist: 2.6096609981756176 vs. 2.6096609981756176
list:
dist: 3.616833534349584 vs. 3.616833534349584
list:
dist: 2.7506489370880933 vs. 2.7506489370880933
list:
dist: 3.322890865149718 vs. 3.322890865149718
list:
dist: 4.127728921781961 vs. 4.127728921781961
list:
dist: 1.9619473722847154 vs. 1.9619473722847154
list:
dist: 1.996426857166564 vs. 1.996426857166564
list:
dist: 2.807045425222999 vs. 2.807045425222999
list:
dist: 2.3998975519972463 vs. 2.3998975519972463
list:
dist: 3.541674460196227 vs. 3.541674460196227
list:
dist: 3.68440563495741 vs. 3.68440563495741
list:
dist: 2.7879574821280473 vs. 2.7879574821280473
list:
dist: 3.4534832218658877 vs. 3.4534832218658877
list:
dist: 2.220674783820697 vs. 2.220674783820697
list:
dist: 3.120127037574759 vs. 3.120127037574759
list:
dist: 2.5041130714990967 vs. 2.5041130714990967
list:
dist: 0.9197912625908886 vs. 0.9197912625908886
list:
dist: 0.9260806691623407 vs. 0.9260806691623407
list:
dist: 1.356785891422583 vs. 1.356785891422583
list:
dist: 1.378898060425325 vs. 1.378898060425325
list:
dist: 3.1552639958300883 vs. 3.1552639958300883
list:
dist: 1.2384703725626371 vs. 1.2384703725626371
list:
dist: 0.9433509635906716 vs. 0.9433509635906716
list:
dist: 0.7914141453487908 vs. 0.7914141453487908
list:
dist: 2.0572602614170776 vs. 2.0572602614170776
list:
dist: 1.4505284567831247 vs. 1.4505284567831247
list:
dist: 1.5567008669689084 vs. 1.5567008669689084
list:
dist: 2.3829947163826657 vs. 2.3829947163826657
list:
dist: 1.8323499371622411 vs. 1.8323499371622411
list:
dist: 2.220567257397079 vs. 2.220567257397079
list:
dist: 0.8153722739684306 vs. 0.8153722739684306
list:
dist: 3.9268814537790244 vs. 3.9268814537790244
list:
dist: 2.337362657636525 vs. 2.337362657636525
list:
dist: 1.985408850452956 vs. 1.985408850452956
list:
dist: 2.1670850217833735 vs. 2.1670850217833735
list:
dist: 0.7977888530017571 vs. 0.7977888530017571
list:
dist: 1.4914034504197824 vs. 1.4914034504197824
list:
dist: 3.522414606087801 vs. 3.522414606087801
list:
dist: 3.443169562916908 vs. 3.443169562916908
list:
dist: 3.777921502643254 vs. 3.777921502643254
list:
dist: 3.8820129571547053 vs. 3.8820129571547053
list:
dist: 4.341690436744515 vs. 4.341690436744515
list:
dist: 4.276714605618492 vs. 4.276714605618492
list:
dist: 2.94767065642703 vs. 2.94767065642703
list:
dist: 3.3531437720948647 vs. 3.3531437720948647
list:
dist: 3.0636666580245637 vs. 3.0636666580245637
list:
dist: 3.274082092960517 vs. 3.274082092960517
list:
dist: 4.651233775056682 vs. 4.651233775056682
list:
dist: 3.99446583302024 vs. 3.99446583302024
list:
dist: 3.541674460196227 vs. 3.541674460196227
list:
dist: 3.269874207873061 vs. 3.269874207873061
list:
dist: 3.3845684644839786 vs. 3.3845684644839786
list:
dist: 4.362760824163951 vs. 4.362760824163951
list:
dist: 3.5349011977640306 vs. 3.5349011977640306
list:
dist: 4.050440990021573 vs. 4.050440990021573
list:
dist: 4.8195701418511625 vs. 4.8195701418511625
list:
dist: 0.947657324350328 vs. 0.947657324350328
list:
dist: 1.5852364920539086 vs. 1.5852364920539086
list:
dist: 2.3462872453100867 vs. 2.3462872453100867
list:
dist: 2.0433111730875235 vs. 2.0433111730875235
list:
dist: 2.4142055567573264 vs. 2.4142055567573264
list:
dist: 2.481453506984648 vs. 2.481453506984648
list:
dist: 2.9024435431743743 vs. 2.9024435431743743
list:
dist: 2.337362657636525 vs. 2.337362657636525
list:
dist: 1.8239919076564628 vs. 1.8239919076564628
list:
dist: 2.36863856986841 vs. 2.36863856986841
list:
dist: 2.9180978024839654 vs. 2.9180978024839654
list:
dist: 3.37246307785801 vs. 3.37246307785801
list:
dist: 3.6598530468051673 vs. 3.6598530468051673
list:
dist: 3.928772267341726 vs. 3.928772267341726
list:
dist: 3.427467178385446 vs. 3.427467178385446
list:
dist: 1.7078325573198019 vs. 1.7078325573198019
list:
dist: 1.7055384978187804 vs. 1.7055384978187804
list:
dist: 3.6764273130002136 vs. 3.6764273130002136
list:
dist: 2.3462872453100867 vs. 2.3462872453100867
list:
dist: 2.2253084225779927 vs. 2.2253084225779927
list:
dist: 2.2094700862321353 vs. 2.2094700862321353
list:
dist: 1.0688846556285305 vs. 1.0688846556285305
list:
dist: 2.1418980227181676 vs. 2.1418980227181676
list:
dist: 0.8153722739684306 vs. 0.8153722739684306
list:
dist: 3.4952438535109773 vs. 3.4952438535109773
list:
dist: 3.5034491322135586 vs. 3.5034491322135586
list:
dist: 3.4478157186721647 vs. 3.4478157186721647
list:
dist: 3.849917443333676 vs. 3.849917443333676
list:
dist: 4.104464945165982 vs. 4.104464945165982
list:
dist: 4.1202987700952285 vs. 4.1202987700952285
list:
dist: 3.25357384707281 vs. 3.25357384707281
list:
dist: 3.41395400233849 vs. 3.41395400233849
list:
dist: 4.1202987700952285 vs. 4.1202987700952285
list:
dist: 3.0750405200727013 vs. 3.0750405200727013
list:
dist: 3.928772267341726 vs. 3.928772267341726
list:
dist: 2.160785845999766 vs. 2.160785845999766
list:
dist: 3.578857473217619 vs. 3.578857473217619
list:
dist: 3.865553345213863 vs. 3.865553345213863
list:
dist: 4.276714605618492 vs. 4.276714605618492
list:
dist: 2.669354225284932 vs. 2.669354225284932
list:
dist: 1.9984765661404356 vs. 1.9984765661404356
list:
dist: 1.5230654715342073 vs. 1.5230654715342073
list:
dist: 0.8356396706842318 vs. 0.8356396706842318
list:
dist: 0.7353210780102782 vs. 0.7353210780102782
list:
dist: 2.1739481364637765 vs. 2.1739481364637765
list:
dist: 2.8335703483893067 vs. 2.8335703483893067
list:
dist: 2.153336073892252 vs. 2.153336073892252
list:
dist: 2.2197434635753033 vs. 2.2197434635753033
list:
dist: 1.6446104584912453 vs. 1.6446104584912453
list:
dist: 2.5041130714990967 vs. 2.5041130714990967
list:
dist: 1.7000454208781832 vs. 1.7000454208781832
list:
dist: 2.5230372659001543 vs. 2.5230372659001543
list:
dist: 0.6333304133121862 vs. 0.6333304133121862
list:
dist: 1.3665924825533469 vs. 1.3665924825533469
list:
dist: 1.1146278494445103 vs. 1.1146278494445103
list:
dist: 1.1692568493313014 vs. 1.1692568493313014
list:
dist: 3.218426850743456 vs. 3.218426850743456
list:
dist: 2.2419339130245657 vs. 2.2419339130245657
list:
dist: 3.616833534349584 vs. 3.616833534349584
list:
dist: 3.767440474808475 vs. 3.767440474808475
list:
dist: 4.362760824163951 vs. 4.362760824163951
list:
dist: 3.085405954243366 vs. 3.085405954243366
list:
dist: 2.284757854563405 vs. 2.284757854563405
list:
dist: 2.1121031250207185 vs. 2.1121031250207185
list:
dist: 1.052210540933564 vs. 1.052210540933564
list:
dist: 1.3671898131255262 vs. 1.3671898131255262
list:
dist: 0.6333304133121862 vs. 0.6333304133121862
list:
dist: 2.694663186145653 vs. 2.694663186145653
list:
dist: 2.7812472459919926 vs. 2.7812472459919926
list:
dist: 2.6217673384100957 vs. 2.6217673384100957
list:
dist: 1.9940773483413383 vs. 1.9940773483413383
list:
dist: 2.400425795592914 vs. 2.400425795592914
list:
dist: 1.272247131748183 vs. 1.272247131748183
list:
dist: 2.0572602614170776 vs. 2.0572602614170776
list:
dist: 1.380320150157847 vs. 1.380320150157847
list:
dist: 2.0969517584014703 vs. 2.0969517584014703
list:
dist: 1.061715533857917 vs. 1.061715533857917
list:
dist: 0.7596198530974096 vs. 0.7596198530974096
list:
dist: 1.0154936891926871 vs. 1.0154936891926871
list:
dist: 3.061751214785141 vs. 3.061751214785141
list:
dist: 3.109954168458904 vs. 3.109954168458904
list:
dist: 4.104464945165982 vs. 4.104464945165982
list:
dist: 2.4979429321283924 vs. 2.4979429321283924
list:
dist: 3.6598530468051673 vs. 3.6598530468051673
list:
dist: 2.332691582188147 vs. 2.332691582188147
list:
dist: 3.722514604117794 vs. 3.722514604117794
list:
dist: 4.135690250285021 vs. 4.135690250285021
list:
dist: 4.341690436744515 vs. 4.341690436744515
list:
dist: 2.3121782708299463 vs. 2.3121782708299463
list:
dist: 1.8854614742354443 vs. 1.8854614742354443
list:
dist: 0.9578688893947555 vs. 0.9578688893947555
list:
dist: 1.0991266893056328 vs. 1.0991266893056328
list:
dist: 0.7353210780102782 vs. 0.7353210780102782
list:
dist: 1.9017702573722666 vs. 1.9017702573722666
list:
dist: 3.2289622987207065 vs. 3.2289622987207065
list:
dist: 2.5344733657324108 vs. 2.5344733657324108
list:
dist: 2.184983950494502 vs. 2.184983950494502
list:
dist: 2.2225645578432482 vs. 2.2225645578432482
list:
dist: 3.120127037574759 vs. 3.120127037574759
list:
dist: 2.269511229145757 vs. 2.269511229145757
list:
dist: 3.136389886021607 vs. 3.136389886021607
list:
dist: 1.3671898131255262 vs. 1.3671898131255262
list:
dist: 1.963882603008107 vs. 1.963882603008107
list:
dist: 1.7320022197486546 vs. 1.7320022197486546
list:
dist: 1.6227425169364331 vs. 1.6227425169364331
list:
dist: 1.9152102878453117 vs. 1.9152102878453117
list:
dist: 1.3683205187027805 vs. 1.3683205187027805
list:
dist: 2.494352831203528 vs. 2.494352831203528
list:
dist: 2.477597966731407 vs. 2.477597966731407
list:
dist: 3.269874207873061 vs. 3.269874207873061
list:
dist: 3.0770998364340953 vs. 3.0770998364340953
list:
dist: 2.231115484727408 vs. 2.231115484727408
list:
dist: 2.55431950273598 vs. 2.55431950273598
list:
dist: 1.511489537750496 vs. 1.511489537750496
list:
dist: 2.269511229145757 vs. 2.269511229145757
list:
dist: 1.7000454208781832 vs. 1.7000454208781832
list:
dist: 1.3599060055000847 vs. 1.3599060055000847
list:
dist: 1.5457386080259412 vs. 1.5457386080259412
list:
dist: 1.6141802328297166 vs. 1.6141802328297166
list:
dist: 1.266523751969939 vs. 1.266523751969939
list:
dist: 2.782978679837101 vs. 2.782978679837101
list:
dist: 1.0628019983911732 vs. 1.0628019983911732
list:
dist: 0.9433509635906716 vs. 0.9433509635906716
list:
dist: 0.9464431643750855 vs. 0.9464431643750855
list:
dist: 1.380320150157847 vs. 1.380320150157847
list:
dist: 0.6134023356935087 vs. 0.6134023356935087
list:
dist: 1.0452068828966843 vs. 1.0452068828966843
list:
dist: 1.950348732000604 vs. 1.950348732000604
list:
dist: 0.9994280516829984 vs. 0.9994280516829984
list:
dist: 1.7078325573198019 vs. 1.7078325573198019
list:
dist: 2.097388959388432 vs. 2.097388959388432
list:
dist: 0.947657324350328 vs. 0.947657324350328
list:
dist: 2.837099196518927 vs. 2.837099196518927
list:
dist: 1.607988460567367 vs. 1.607988460567367
list:
dist: 1.7489508471865098 vs. 1.7489508471865098
list:
dist: 2.3969741396220594 vs. 2.3969741396220594
list:
dist: 1.8323499371622411 vs. 1.8323499371622411
list:
dist: 1.8269144085731648 vs. 1.8269144085731648
list:
dist: 2.0687853423164375 vs. 2.0687853423164375
list:
dist: 2.3332962366087573 vs. 2.3332962366087573
list:
dist: 2.7941252853851037 vs. 2.7941252853851037
list:
dist: 3.061751214785141 vs. 3.061751214785141
list:
dist: 3.25357384707281 vs. 3.25357384707281
list:
dist: 2.468130592236389 vs. 2.468130592236389
list:
dist: 1.4644455190425407 vs. 1.4644455190425407
list:
dist: 2.65068469983564 vs. 2.65068469983564
list:
dist: 2.290311582067511 vs. 2.290311582067511
list:
dist: 3.274082092960517 vs. 3.274082092960517
list:
dist: 2.4312125194606136 vs. 2.4312125194606136
list:
dist: 1.5281638769884387 vs. 1.5281638769884387
list:
dist: 2.730424449717856 vs. 2.730424449717856
list:
dist: 1.4645651947729244 vs. 1.4645651947729244
list:
dist: 2.5344733657324108 vs. 2.5344733657324108
list:
dist: 2.153336073892252 vs. 2.153336073892252
list:
dist: 1.9037500284453786 vs. 1.9037500284453786
list:
dist: 2.143320041287782 vs. 2.143320041287782
list:
dist: 0.7232000873694273 vs. 0.7232000873694273
list:
dist: 1.9725517918730333 vs. 1.9725517918730333
list:
dist: 0.9616034766862651 vs. 0.9616034766862651
list:
dist: 1.378898060425325 vs. 1.378898060425325
list:
dist: 1.266523751969939 vs. 1.266523751969939
list:
dist: 1.9331200943046758 vs. 1.9331200943046758
list:
dist: 1.9940773483413383 vs. 1.9940773483413383
list:
dist: 1.778240587591014 vs. 1.778240587591014
list:
dist: 1.2839145104354324 vs. 1.2839145104354324
list:
dist: 1.919582396750719 vs. 1.919582396750719
list:
dist: 2.7698091987479523 vs. 2.7698091987479523
list:
dist: 4.149890658883031 vs. 4.149890658883031
list:
dist: 4.022825272143497 vs. 4.022825272143497
list:
dist: 4.651233775056682 vs. 4.651233775056682
list:
dist: 1.8512871469571255 vs. 1.8512871469571255
list:
dist: 1.2789781926610642 vs. 1.2789781926610642
list:
dist: 2.5147300685913043 vs. 2.5147300685913043
list:
dist: 1.5542867963833884 vs. 1.5542867963833884
list:
dist: 2.184983950494502 vs. 2.184983950494502
list:
dist: 2.2197434635753033 vs. 2.2197434635753033
list:
dist: 0.7370584141892238 vs. 0.7370584141892238
list:
dist: 2.5560052853582538 vs. 2.5560052853582538
list:
dist: 1.9725517918730333 vs. 1.9725517918730333
list:
dist: 2.026032373186413 vs. 2.026032373186413
list:
dist: 3.1552639958300883 vs. 3.1552639958300883
list:
dist: 2.782978679837101 vs. 2.782978679837101
list:
dist: 3.656667442834223 vs. 3.656667442834223
list:
dist: 2.400425795592914 vs. 2.400425795592914
list:
dist: 2.959673800383228 vs. 2.959673800383228
list:
dist: 1.9983894912996536 vs. 1.9983894912996536
list:
dist: 1.6454330804996402 vs. 1.6454330804996402
list:
dist: 2.0687853423164375 vs. 2.0687853423164375
list:
dist: 2.687958202644251 vs. 2.687958202644251
list:
dist: 3.5034491322135586 vs. 3.5034491322135586
list:
dist: 1.9727649714136635 vs. 1.9727649714136635
list:
dist: 2.36863856986841 vs. 2.36863856986841
list:
dist: 1.6766394937826021 vs. 1.6766394937826021
list:
dist: 2.9816909178705084 vs. 2.9816909178705084
list:
dist: 3.052380996095931 vs. 3.052380996095931
list:
dist: 3.443169562916908 vs. 3.443169562916908
list:
dist: 0.9646162531173142 vs. 0.9646162531173142
list:
dist: 1.770083971263884 vs. 1.770083971263884
list:
dist: 1.2412116107569495 vs. 1.2412116107569495
list:
dist: 1.8854614742354443 vs. 1.8854614742354443
list:
dist: 1.9984765661404356 vs. 1.9984765661404356
list:
dist: 1.3627457781069168 vs. 1.3627457781069168
list:
dist: 2.076683563402395 vs. 2.076683563402395
list:
dist: 1.5281638769884387 vs. 1.5281638769884387
list:
dist: 1.2789781926610642 vs. 1.2789781926610642
list:
dist: 1.970940550642832 vs. 1.970940550642832
list:
dist: 2.7879574821280473 vs. 2.7879574821280473
list:
dist: 2.231115484727408 vs. 2.231115484727408
list:
dist: 3.1260156342971217 vs. 3.1260156342971217
list:
dist: 2.284757854563405 vs. 2.284757854563405
list:
dist: 2.429337596906453 vs. 2.429337596906453
list:
dist: 1.8917475116620823 vs. 1.8917475116620823
list:
dist: 2.060890716674017 vs. 2.060890716674017
list:
dist: 2.196739901201239 vs. 2.196739901201239
list:
dist: 1.6129008969696128 vs. 1.6129008969696128
list:
dist: 2.7506489370880933 vs. 2.7506489370880933
list:
dist: 2.943856974946396 vs. 2.943856974946396
list:
dist: 3.5349011977640306 vs. 3.5349011977640306
list:
dist: 3.2154106928990718 vs. 3.2154106928990718
list:
dist: 2.429337596906453 vs. 2.429337596906453
list:
dist: 2.3176606834516034 vs. 2.3176606834516034
list:
dist: 1.4938239583799724 vs. 1.4938239583799724
list:
dist: 1.963882603008107 vs. 1.963882603008107
list:
dist: 1.3665924825533469 vs. 1.3665924825533469
list:
dist: 1.7986690342209335 vs. 1.7986690342209335
list:
dist: 1.937132811661561 vs. 1.937132811661561
list:
dist: 2.211254598791587 vs. 2.211254598791587
list:
dist: 1.778240587591014 vs. 1.778240587591014
list:
dist: 2.959673800383228 vs. 2.959673800383228
list:
dist: 1.3788146333095765 vs. 1.3788146333095765
list:
dist: 1.4505284567831247 vs. 1.4505284567831247
list:
dist: 0.6134023356935087 vs. 0.6134023356935087
list:
dist: 1.2040773534665619 vs. 1.2040773534665619
list:
dist: 1.061715533857917 vs. 1.061715533857917
list:
dist: 1.1159531797376216 vs. 1.1159531797376216
list:
dist: 1.9046994896457983 vs. 1.9046994896457983
list:
dist: 2.7941252853851037 vs. 2.7941252853851037
list:
dist: 3.176860662918037 vs. 3.176860662918037
list:
dist: 3.849917443333676 vs. 3.849917443333676
list:
dist: 2.728676329374528 vs. 2.728676329374528
list:
dist: 3.37246307785801 vs. 3.37246307785801
list:
dist: 1.7335221725672805 vs. 1.7335221725672805
list:
dist: 3.2274371472999457 vs. 3.2274371472999457
list:
dist: 3.358151159083228 vs. 3.358151159083228
list:
dist: 3.8820129571547053 vs. 3.8820129571547053
list:
dist: 2.0582589369863125 vs. 2.0582589369863125
list:
dist: 1.2412116107569495 vs. 1.2412116107569495
list:
dist: 1.5729608832225634 vs. 1.5729608832225634
list:
dist: 1.0991266893056328 vs. 1.0991266893056328
list:
dist: 0.8356396706842318 vs. 0.8356396706842318
list:
dist: 1.6632980660812933 vs. 1.6632980660812933
list:
dist: 2.1787571012223377 vs. 2.1787571012223377
list:
dist: 1.4645651947729244 vs. 1.4645651947729244
list:
dist: 1.5542867963833884 vs. 1.5542867963833884
list:
dist: 1.22227870151624 vs. 1.22227870151624
list:
dist: 2.220674783820697 vs. 2.220674783820697
list:
dist: 1.511489537750496 vs. 1.511489537750496
list:
dist: 2.447148549670146 vs. 2.447148549670146
list:
dist: 1.052210540933564 vs. 1.052210540933564
list:
dist: 1.4938239583799724 vs. 1.4938239583799724
list:
dist: 0.8549191149748483 vs. 0.8549191149748483
list:
dist: 1.053438265130508 vs. 1.053438265130508
list:
dist: 1.607988460567367 vs. 1.607988460567367
list:
dist: 2.1369093457852704 vs. 2.1369093457852704
list:
dist: 2.2094700862321353 vs. 2.2094700862321353
list:
dist: 2.864573365980358 vs. 2.864573365980358
list:
dist: 2.4142055567573264 vs. 2.4142055567573264
list:
dist: 1.7534725869969752 vs. 1.7534725869969752
list:
dist: 1.4948575426831863 vs. 1.4948575426831863
list:
dist: 1.8274423846632117 vs. 1.8274423846632117
list:
dist: 2.1670850217833735 vs. 2.1670850217833735
list:
dist: 2.209142319115415 vs. 2.209142319115415
list:
dist: 1.6766394937826021 vs. 1.6766394937826021
list:
dist: 2.0752736143503387 vs. 2.0752736143503387
list:
dist: 1.7335221725672805 vs. 1.7335221725672805
list:
dist: 2.332691582188147 vs. 2.332691582188147
list:
dist: 2.160785845999766 vs. 2.160785845999766
list:
dist: 1.953024165181318 vs. 1.953024165181318
list:
dist: 2.3422367073620682 vs. 2.3422367073620682
list:
dist: 1.7101721549540618 vs. 1.7101721549540618
list:
dist: 1.4644455190425407 vs. 1.4644455190425407
list:
dist: 2.7698091987479523 vs. 2.7698091987479523
list:
dist: 1.9772685813431168 vs. 1.9772685813431168
list:
dist: 1.996426857166564 vs. 1.996426857166564
list:
dist: 1.3683205187027805 vs. 1.3683205187027805
list:
dist: 1.9872454629720866 vs. 1.9872454629720866
list:
dist: 2.2419339130245657 vs. 2.2419339130245657
list:
dist: 1.6129008969696128 vs. 1.6129008969696128
list:
dist: 1.927494021461416 vs. 1.927494021461416
list:
dist: 2.6635087769036154 vs. 2.6635087769036154
list:
dist: 2.3969741396220594 vs. 2.3969741396220594
list:
dist: 3.116429964641059 vs. 3.116429964641059
list:
dist: 2.1418980227181676 vs. 2.1418980227181676
list:
dist: 4.255590507383623 vs. 4.255590507383623
list:
dist: 2.9024435431743743 vs. 2.9024435431743743
list:
dist: 1.3698365751916421 vs. 1.3698365751916421
list:
dist: 1.8274423846632117 vs. 1.8274423846632117
list:
dist: 1.1726867936556509 vs. 1.1726867936556509
list:
dist: 1.4914034504197824 vs. 1.4914034504197824
list:
dist: 3.4813924054578527 vs. 3.4813924054578527
list:
dist: 3.052380996095931 vs. 3.052380996095931
list:
dist: 3.8723484446954384 vs. 3.8723484446954384
list:
dist: 3.358151159083228 vs. 3.358151159083228
list:
dist: 4.135690250285021 vs. 4.135690250285021
list:
dist: 3.865553345213863 vs. 3.865553345213863
list:
dist: 1.83439219300447 vs. 1.83439219300447
list:
dist: 2.2144699254394324 vs. 2.2144699254394324
list:
dist: 1.8416657920483792 vs. 1.8416657920483792
list:
dist: 2.290311582067511 vs. 2.290311582067511
list:
dist: 4.022825272143497 vs. 4.022825272143497
list:
dist: 3.0458719962220746 vs. 3.0458719962220746
list:
dist: 2.3998975519972463 vs. 2.3998975519972463
list:
dist: 2.477597966731407 vs. 2.477597966731407
list:
dist: 2.461632507805844 vs. 2.461632507805844
list:
dist: 3.767440474808475 vs. 3.767440474808475
list:
dist: 2.943856974946396 vs. 2.943856974946396
list:
dist: 3.2729707197292988 vs. 3.2729707197292988
list:
dist: 4.091047312218093 vs. 4.091047312218093
list:
dist: 1.8269144085731648 vs. 1.8269144085731648
list:
dist: 2.3462795321222254 vs. 2.3462795321222254
list:
dist: 3.4952438535109773 vs. 3.4952438535109773
list:
dist: 1.1533761072144202 vs. 1.1533761072144202
list:
dist: 1.8239919076564628 vs. 1.8239919076564628
list:
dist: 2.209142319115415 vs. 2.209142319115415
list:
dist: 3.2409427587447914 vs. 3.2409427587447914
list:
dist: 3.4813924054578527 vs. 3.4813924054578527
list:
dist: 3.522414606087801 vs. 3.522414606087801
list:
dist: 0.9646162531173142 vs. 0.9646162531173142
list:
dist: 1.8511311352695123 vs. 1.8511311352695123
list:
dist: 2.0582589369863125 vs. 2.0582589369863125
list:
dist: 2.3121782708299463 vs. 2.3121782708299463
list:
dist: 2.669354225284932 vs. 2.669354225284932
list:
dist: 1.619090467826288 vs. 1.619090467826288
list:
dist: 2.876170977161524 vs. 2.876170977161524
list:
dist: 2.4312125194606136 vs. 2.4312125194606136
list:
dist: 1.8512871469571255 vs. 1.8512871469571255
list:
dist: 2.930394676400869 vs. 2.930394676400869
list:
dist: 3.68440563495741 vs. 3.68440563495741
list:
dist: 3.0770998364340953 vs. 3.0770998364340953
list:
dist: 3.953513639165649 vs. 3.953513639165649
list:
dist: 3.085405954243366 vs. 3.085405954243366
list:
dist: 3.2154106928990718 vs. 3.2154106928990718
list:
dist: 2.8083170759968743 vs. 2.8083170759968743
list:
dist: 2.8927227796394903 vs. 2.8927227796394903
list:
dist: 1.1603483771030514 vs. 1.1603483771030514
list:
dist: 1.953024165181318 vs. 1.953024165181318
list:
dist: 2.238708096713049 vs. 2.238708096713049
list:
dist: 1.83439219300447 vs. 1.83439219300447
list:
dist: 2.94767065642703 vs. 2.94767065642703
list:
dist: 0.4306979122145243 vs. 0.4306979122145243
list:
dist: 1.6598909167692275 vs. 1.6598909167692275
list:
dist: 1.9037500284453786 vs. 1.9037500284453786
list:
dist: 2.0599750684645937 vs. 2.0599750684645937
list:
dist: 0.9197912625908886 vs. 0.9197912625908886
list:
dist: 1.3599060055000847 vs. 1.3599060055000847
list:
dist: 0.7698829412965879 vs. 0.7698829412965879
list:
dist: 2.694663186145653 vs. 2.694663186145653
list:
dist: 1.7986690342209335 vs. 1.7986690342209335
list:
dist: 2.294335566227385 vs. 2.294335566227385
list:
dist: 2.3332962366087573 vs. 2.3332962366087573
list:
dist: 2.230716021729084 vs. 2.230716021729084
list:
dist: 3.4478157186721647 vs. 3.4478157186721647
list:
dist: 1.7665549036001318 vs. 1.7665549036001318
list:
dist: 2.9180978024839654 vs. 2.9180978024839654
list:
dist: 2.0752736143503387 vs. 2.0752736143503387
list:
dist: 3.2718312619151884 vs. 3.2718312619151884
list:
dist: 3.8723484446954384 vs. 3.8723484446954384
list:
dist: 3.777921502643254 vs. 3.777921502643254
list:
dist: 1.8511311352695123 vs. 1.8511311352695123
list:
dist: 1.770083971263884 vs. 1.770083971263884
list:
dist: 1.5729608832225634 vs. 1.5729608832225634
list:
dist: 0.9578688893947555 vs. 0.9578688893947555
list:
dist: 1.5230654715342073 vs. 1.5230654715342073
list:
dist: 2.1410849789894506 vs. 2.1410849789894506
list:
dist: 3.344113822166702 vs. 3.344113822166702
list:
dist: 2.730424449717856 vs. 2.730424449717856
list:
dist: 2.5147300685913043 vs. 2.5147300685913043
list:
dist: 2.734810754952315 vs. 2.734810754952315
list:
dist: 3.4534832218658877 vs. 3.4534832218658877
list:
dist: 2.55431950273598 vs. 2.55431950273598
list:
dist: 3.4074336033443804 vs. 3.4074336033443804
list:
dist: 2.1121031250207185 vs. 2.1121031250207185
list:
dist: 2.3176606834516034 vs. 2.3176606834516034
list:
dist: 2.321428144735079 vs. 2.321428144735079
list:
dist: 2.426012202196541 vs. 2.426012202196541
list:
dist: 1.5794771255034297 vs. 1.5794771255034297
list:
dist: 1.9872454629720866 vs. 1.9872454629720866
list:
dist: 2.6096609981756176 vs. 2.6096609981756176
list:
dist: 2.461632507805844 vs. 2.461632507805844
list:
dist: 3.3845684644839786 vs. 3.3845684644839786
list:
dist: 3.953513639165649 vs. 3.953513639165649
list:
dist: 3.1260156342971217 vs. 3.1260156342971217
list:
dist: 3.4074336033443804 vs. 3.4074336033443804
list:
dist: 2.447148549670146 vs. 2.447148549670146
list:
dist: 3.136389886021607 vs. 3.136389886021607
list:
dist: 2.5230372659001543 vs. 2.5230372659001543
list:
dist: 0.7698829412965879 vs. 0.7698829412965879
list:
dist: 0.7643058409095597 vs. 0.7643058409095597
list:
dist: 1.9641076614238264 vs. 1.9641076614238264
list:
dist: 1.9331200943046758 vs. 1.9331200943046758
list:
dist: 3.656667442834223 vs. 3.656667442834223
list:
dist: 1.7440164210718645 vs. 1.7440164210718645
list:
dist: 0.7914141453487908 vs. 0.7914141453487908
list:
dist: 0.9464431643750855 vs. 0.9464431643750855
list:
dist: 2.0969517584014703 vs. 2.0969517584014703
list:
dist: 1.2040773534665619 vs. 1.2040773534665619
list:
dist: 1.8514558622554858 vs. 1.8514558622554858
list:
dist: 2.720824364324381 vs. 2.720824364324381
list:
dist: 2.6635087769036154 vs. 2.6635087769036154
list:
dist: 4.127728921781961 vs. 4.127728921781961
list:
dist: 4.091047312218093 vs. 4.091047312218093
list:
dist: 4.8195701418511625 vs. 4.8195701418511625
list:
dist: 2.8927227796394903 vs. 2.8927227796394903
list:
dist: 2.060890716674017 vs. 2.060890716674017
list:
dist: 2.426012202196541 vs. 2.426012202196541
list:
dist: 1.053438265130508 vs. 1.053438265130508
list:
dist: 1.6227425169364331 vs. 1.6227425169364331
list:
dist: 1.1692568493313014 vs. 1.1692568493313014
list:
dist: 1.8926613537705574 vs. 1.8926613537705574
list:
dist: 2.58993232803288 vs. 2.58993232803288
list:
dist: 1.919582396750719 vs. 1.919582396750719
list:
dist: 1.6454330804996402 vs. 1.6454330804996402
list:
dist: 1.202155328583407 vs. 1.202155328583407
list:
dist: 2.3829947163826657 vs. 2.3829947163826657
list:
dist: 1.950348732000604 vs. 1.950348732000604
list:
dist: 2.720824364324381 vs. 2.720824364324381
list:
dist: 1.0154936891926871 vs. 1.0154936891926871
list:
dist: 1.9046994896457983 vs. 1.9046994896457983
list:
dist: 0.9089401187228353 vs. 0.9089401187228353
list:
dist: 2.250410132179703 vs. 2.250410132179703
list:
dist: 1.7101721549540618 vs. 1.7101721549540618
list:
dist: 2.50106898575964 vs. 2.50106898575964
list:
dist: 1.8416657920483792 vs. 1.8416657920483792
list:
dist: 3.0636666580245637 vs. 3.0636666580245637
list:
dist: 2.876170977161524 vs. 2.876170977161524
list:
dist: 2.076683563402395 vs. 2.076683563402395
list:
dist: 3.344113822166702 vs. 3.344113822166702
list:
dist: 2.1787571012223377 vs. 2.1787571012223377
list:
dist: 3.2289622987207065 vs. 3.2289622987207065
list:
dist: 2.8335703483893067 vs. 2.8335703483893067
list:
dist: 1.6598909167692275 vs. 1.6598909167692275
list:
dist: 1.9048864653925532 vs. 1.9048864653925532
list:
dist: 0.7232000873694273 vs. 0.7232000873694273
list:
dist: 2.5560052853582538 vs. 2.5560052853582538
list:
dist: 1.5081291932696275 vs. 1.5081291932696275
list:
dist: 1.356785891422583 vs. 1.356785891422583
list:
dist: 1.6141802328297166 vs. 1.6141802328297166
list:
dist: 1.9641076614238264 vs. 1.9641076614238264
list:
dist: 2.6217673384100957 vs. 2.6217673384100957
list:
dist: 2.211254598791587 vs. 2.211254598791587
list:
dist: 1.9159859082903121 vs. 1.9159859082903121
list:
dist: 2.58993232803288 vs. 2.58993232803288
list:
dist: 1.4998233996184094 vs. 1.4998233996184094
list:
dist: 2.3422367073620682 vs. 2.3422367073620682
list:
dist: 2.6520674085075178 vs. 2.6520674085075178
list:
dist: 2.2144699254394324 vs. 2.2144699254394324
list:
dist: 3.3531437720948647 vs. 3.3531437720948647
list:
dist: 0.4306979122145243 vs. 0.4306979122145243
list:
dist: 1.9048864653925532 vs. 1.9048864653925532
list:
dist: 2.143320041287782 vs. 2.143320041287782
list:
dist: 2.152702980652833 vs. 2.152702980652833
list:
dist: 0.9260806691623407 vs. 0.9260806691623407
list:
dist: 1.5457386080259412 vs. 1.5457386080259412
list:
dist: 0.7643058409095597 vs. 0.7643058409095597
list:
dist: 2.7812472459919926 vs. 2.7812472459919926
list:
dist: 1.937132811661561 vs. 1.937132811661561
list:
dist: 2.4063524867634603 vs. 2.4063524867634603
list:
dist: 2.241783552156593 vs. 2.241783552156593
list:
dist: 3.427467178385446 vs. 3.427467178385446
list:
dist: 1.619090467826288 vs. 1.619090467826288
list:
dist: 1.3627457781069168 vs. 1.3627457781069168
list:
dist: 2.1410849789894506 vs. 2.1410849789894506
list:
dist: 1.6632980660812933 vs. 1.6632980660812933
list:
dist: 1.9017702573722666 vs. 1.9017702573722666
list:
dist: 2.1739481364637765 vs. 2.1739481364637765
list:
dist: 0.7370584141892238 vs. 0.7370584141892238
list:
dist: 1.8926613537705574 vs. 1.8926613537705574
list:
dist: 2.9371129273558148 vs. 2.9371129273558148
list:
dist: 1.927494021461416 vs. 1.927494021461416
list:
dist: 3.322890865149718 vs. 3.322890865149718
list:
dist: 3.2729707197292988 vs. 3.2729707197292988
list:
dist: 4.050440990021573 vs. 4.050440990021573
list:
dist: 2.8083170759968743 vs. 2.8083170759968743
list:
dist: 1.8917475116620823 vs. 1.8917475116620823
list:
dist: 2.321428144735079 vs. 2.321428144735079
list:
dist: 0.8549191149748483 vs. 0.8549191149748483
list:
dist: 1.7320022197486546 vs. 1.7320022197486546
list:
dist: 1.1146278494445103 vs. 1.1146278494445103
list:
dist: 2.294335566227385 vs. 2.294335566227385
list:
dist: 2.4063524867634603 vs. 2.4063524867634603
list:
dist: 1.9159859082903121 vs. 1.9159859082903121
list:
dist: 1.2839145104354324 vs. 1.2839145104354324
list:
dist: 1.9983894912996536 vs. 1.9983894912996536
list:
dist: 0.5364126783482416 vs. 0.5364126783482416
list:
dist: 1.5567008669689084 vs. 1.5567008669689084
list:
dist: 1.0452068828966843 vs. 1.0452068828966843
list:
dist: 1.8514558622554858 vs. 1.8514558622554858
list:
dist: 0.7596198530974096 vs. 0.7596198530974096
list:
dist: 1.1159531797376216 vs. 1.1159531797376216
list:
dist: 0.9089401187228353 vs. 0.9089401187228353
list:
dist: 2.8361110399627703 vs. 2.8361110399627703
list:
dist: 1.9772685813431168 vs. 1.9772685813431168
list:
dist: 3.282786054802046 vs. 3.282786054802046
list:
dist: 3.0458719962220746 vs. 3.0458719962220746
list:
dist: 3.99446583302024 vs. 3.99446583302024
list:
dist: 2.930394676400869 vs. 2.930394676400869
list:
dist: 1.970940550642832 vs. 1.970940550642832
list:
dist: 2.734810754952315 vs. 2.734810754952315
list:
dist: 1.22227870151624 vs. 1.22227870151624
list:
dist: 2.2225645578432482 vs. 2.2225645578432482
list:
dist: 1.6446104584912453 vs. 1.6446104584912453
list:
dist: 2.0599750684645937 vs. 2.0599750684645937
list:
dist: 2.152702980652833 vs. 2.152702980652833
list:
dist: 1.5081291932696275 vs. 1.5081291932696275
list:
dist: 0.9616034766862651 vs. 0.9616034766862651
list:
dist: 2.026032373186413 vs. 2.026032373186413
list:
dist: 1.2384703725626371 vs. 1.2384703725626371
list:
dist: 1.0628019983911732 vs. 1.0628019983911732
list:
dist: 1.7440164210718645 vs. 1.7440164210718645
list:
dist: 1.272247131748183 vs. 1.272247131748183
list:
dist: 1.3788146333095765 vs. 1.3788146333095765
list:
dist: 0.5364126783482416 vs. 0.5364126783482416
list:
dist: 1.202155328583407 vs. 1.202155328583407
400
rk
<OccurredElementalReaction>
	 elmtlRkId: 2
	 p(id,type,coords) 61 3 2.4991498089268562 -0.2072193930873462 15.803772153318302
</OccurredElementalReaction>
500
Neighbor List consistency Check...
--------
nle(id0,id1,dist): 5 6 1.9381090114737818
list:
dist: 1.9381090114737818 vs. 1.9381090114737818
--------
nle(id0,id1,dist): 5 21 2.5255778684096706
list:
dist: 2.5255778684096706 vs. 2.5255778684096706
--------
nle(id0,id1,dist): 5 20 2.840385259250393
list:
dist: 2.840385259250393 vs. 2.840385259250393
--------
nle(id0,id1,dist): 5 23 3.2829385959243966
list:
dist: 3.2829385959243966 vs. 3.2829385959243966
--------
nle(id0,id1,dist): 5 22 2.7093824956737826
list:
dist: 2.7093824956737826 vs. 2.7093824956737826
--------
nle(id0,id1,dist): 5 17 2.3516794236606264
list:
dist: 2.3516794236606264 vs. 2.3516794236606264
--------
nle(id0,id1,dist): 5 16 2.2110012832285073
list:
dist: 2.2110012832285073 vs. 2.2110012832285073
--------
nle(id0,id1,dist): 5 13 1.2196615150140449
list:
dist: 1.2196615150140449 vs. 1.2196615150140449
--------
nle(id0,id1,dist): 5 12 3.0549645033525654
list:
dist: 3.0549645033525654 vs. 3.0549645033525654
--------
nle(id0,id1,dist): 5 15 1.7421025209922543
list:
dist: 1.7421025209922543 vs. 1.7421025209922543
--------
nle(id0,id1,dist): 5 9 1.0098995872984755
list:
dist: 1.0098995872984755 vs. 1.0098995872984755
--------
nle(id0,id1,dist): 5 8 0.7730816235783017
list:
dist: 0.7730816235783017 vs. 0.7730816235783017
--------
nle(id0,id1,dist): 5 10 1.360634364732568
list:
dist: 1.360634364732568 vs. 1.360634364732568
--------
nle(id0,id1,dist): 4 12 3.628763927229325
list:
dist: 3.628763927229325 vs. 3.628763927229325
--------
nle(id0,id1,dist): 4 9 1.550013689279982
list:
dist: 1.550013689279982 vs. 1.550013689279982
--------
nle(id0,id1,dist): 4 10 0.9895186313715277
list:
dist: 0.9895186313715277 vs. 0.9895186313715277
--------
nle(id0,id1,dist): 4 8 1.6150708048022842
list:
dist: 1.6150708048022842 vs. 1.6150708048022842
--------
nle(id0,id1,dist): 4 5 0.9637884480236986
list:
dist: 0.9637884480236986 vs. 0.9637884480236986
--------
nle(id0,id1,dist): 4 6 1.1797378641017096
list:
dist: 1.1797378641017096 vs. 1.1797378641017096
--------
nle(id0,id1,dist): 4 28 3.2677105649375533
list:
dist: 3.2677105649375533 vs. 3.2677105649375533
--------
nle(id0,id1,dist): 4 25 1.9925792380945864
list:
dist: 1.9925792380945864 vs. 1.9925792380945864
--------
nle(id0,id1,dist): 4 24 2.418376497307085
list:
dist: 2.418376497307085 vs. 2.418376497307085
--------
nle(id0,id1,dist): 4 23 3.699356932731551
list:
dist: 3.699356932731551 vs. 3.699356932731551
--------
nle(id0,id1,dist): 4 22 2.9657460582628623
list:
dist: 2.9657460582628623 vs. 2.9657460582628623
--------
nle(id0,id1,dist): 4 21 3.0084666740797155
list:
dist: 3.0084666740797155 vs. 3.0084666740797155
--------
nle(id0,id1,dist): 4 20 3.327521893450943
list:
dist: 3.327521893450943 vs. 3.327521893450943
--------
nle(id0,id1,dist): 4 17 2.906370346883864
list:
dist: 2.906370346883864 vs. 2.906370346883864
--------
nle(id0,id1,dist): 4 16 1.9668954269418453
list:
dist: 1.9668954269418453 vs. 1.9668954269418453
--------
nle(id0,id1,dist): 4 15 1.0820093048547237
list:
dist: 1.0820093048547237 vs. 1.0820093048547237
--------
nle(id0,id1,dist): 4 13 1.6937552396802307
list:
dist: 1.6937552396802307 vs. 1.6937552396802307
--------
nle(id0,id1,dist): 6 28 3.7978002784008593
list:
dist: 3.7978002784008593 vs. 3.7978002784008593
--------
nle(id0,id1,dist): 6 20 3.8018618275335045
list:
dist: 3.8018618275335045 vs. 3.8018618275335045
--------
nle(id0,id1,dist): 6 21 3.7387394094703765
list:
dist: 3.7387394094703765 vs. 3.7387394094703765
--------
nle(id0,id1,dist): 6 22 3.5037562517731216
list:
dist: 3.5037562517731216 vs. 3.5037562517731216
--------
nle(id0,id1,dist): 6 23 4.461369221202029
list:
dist: 4.461369221202029 vs. 4.461369221202029
--------
nle(id0,id1,dist): 6 24 3.173043097168161
list:
dist: 3.173043097168161 vs. 3.173043097168161
--------
nle(id0,id1,dist): 6 25 2.4001792866198732
list:
dist: 2.4001792866198732 vs. 2.4001792866198732
--------
nle(id0,id1,dist): 5 24 2.08096380021884
list:
dist: 2.08096380021884 vs. 2.08096380021884
--------
nle(id0,id1,dist): 5 25 1.8447922635731584
list:
dist: 1.8447922635731584 vs. 1.8447922635731584
--------
nle(id0,id1,dist): 5 28 3.154081248471541
list:
dist: 3.154081248471541 vs. 3.154081248471541
--------
nle(id0,id1,dist): 6 13 2.534263594915255
list:
dist: 2.534263594915255 vs. 2.534263594915255
--------
nle(id0,id1,dist): 6 12 3.6677275435609245
list:
dist: 3.6677275435609245 vs. 3.6677275435609245
--------
nle(id0,id1,dist): 6 17 3.72690821772158
list:
dist: 3.72690821772158 vs. 3.72690821772158
--------
nle(id0,id1,dist): 6 16 2.270401475903597
list:
dist: 2.270401475903597 vs. 2.270401475903597
--------
nle(id0,id1,dist): 6 15 1.762281467823965
list:
dist: 1.762281467823965 vs. 1.762281467823965
--------
nle(id0,id1,dist): 6 10 0.9420560688849701
list:
dist: 0.9420560688849701 vs. 0.9420560688849701
--------
nle(id0,id1,dist): 6 9 2.217339076803923
list:
dist: 2.217339076803923 vs. 2.217339076803923
--------
nle(id0,id1,dist): 6 8 2.405991326621349
list:
dist: 2.405991326621349 vs. 2.405991326621349
--------
nle(id0,id1,dist): 8 13 0.9178309509545746
list:
dist: 0.9178309509545746 vs. 0.9178309509545746
--------
nle(id0,id1,dist): 8 16 2.190034471188448
list:
dist: 2.190034471188448 vs. 2.190034471188448
--------
nle(id0,id1,dist): 8 15 2.236227116997841
list:
dist: 2.236227116997841 vs. 2.236227116997841
--------
nle(id0,id1,dist): 8 10 1.6023091305537034
list:
dist: 1.6023091305537034 vs. 1.6023091305537034
--------
nle(id0,id1,dist): 8 9 0.5652496167423395
list:
dist: 0.5652496167423395 vs. 0.5652496167423395
--------
nle(id0,id1,dist): 8 12 2.536264513397924
list:
dist: 2.536264513397924 vs. 2.536264513397924
--------
nle(id0,id1,dist): 8 22 2.2844485974719353
list:
dist: 2.2844485974719353 vs. 2.2844485974719353
--------
nle(id0,id1,dist): 8 21 2.008786428584224
list:
dist: 2.008786428584224 vs. 2.008786428584224
--------
nle(id0,id1,dist): 8 24 1.736471612177714
list:
dist: 1.736471612177714 vs. 1.736471612177714
--------
nle(id0,id1,dist): 8 23 2.8355048195004806
list:
dist: 2.8355048195004806 vs. 2.8355048195004806
--------
nle(id0,id1,dist): 8 18 2.635028843893209
list:
dist: 2.635028843893209 vs. 2.635028843893209
--------
nle(id0,id1,dist): 8 17 1.8463328621093478
list:
dist: 1.8463328621093478 vs. 1.8463328621093478
--------
nle(id0,id1,dist): 8 20 2.187825879188265
list:
dist: 2.187825879188265 vs. 2.187825879188265
--------
nle(id0,id1,dist): 8 29 3.286746483001804
list:
dist: 3.286746483001804 vs. 3.286746483001804
--------
nle(id0,id1,dist): 8 25 1.5306956023150005
list:
dist: 1.5306956023150005 vs. 1.5306956023150005
--------
nle(id0,id1,dist): 8 28 2.8482599020246964
list:
dist: 2.8482599020246964 vs. 2.8482599020246964
--------
nle(id0,id1,dist): 10 12 3.0242245656192415
list:
dist: 3.0242245656192415 vs. 3.0242245656192415
--------
nle(id0,id1,dist): 10 13 1.6940123344761238
list:
dist: 1.6940123344761238 vs. 1.6940123344761238
--------
nle(id0,id1,dist): 10 15 1.6173605245406393
list:
dist: 1.6173605245406393 vs. 1.6173605245406393
--------
nle(id0,id1,dist): 10 16 1.6526507675531406
list:
dist: 1.6526507675531406 vs. 1.6526507675531406
--------
nle(id0,id1,dist): 10 17 2.852944553477728
list:
dist: 2.852944553477728 vs. 2.852944553477728
--------
nle(id0,id1,dist): 10 20 2.872526761756623
list:
dist: 2.872526761756623 vs. 2.872526761756623
--------
nle(id0,id1,dist): 10 21 2.853450052419321
list:
dist: 2.853450052419321 vs. 2.853450052419321
--------
nle(id0,id1,dist): 10 22 2.6588677571943156
list:
dist: 2.6588677571943156 vs. 2.6588677571943156
--------
nle(id0,id1,dist): 10 23 3.621792491668479
list:
dist: 3.621792491668479 vs. 3.621792491668479
--------
nle(id0,id1,dist): 10 24 2.3434076516942755
list:
dist: 2.3434076516942755 vs. 2.3434076516942755
--------
nle(id0,id1,dist): 10 25 1.5215833482772794
list:
dist: 1.5215833482772794 vs. 1.5215833482772794
--------
nle(id0,id1,dist): 10 28 3.049020945511921
list:
dist: 3.049020945511921 vs. 3.049020945511921
--------
nle(id0,id1,dist): 9 10 1.3178698396207231
list:
dist: 1.3178698396207231 vs. 1.3178698396207231
--------
nle(id0,id1,dist): 9 15 2.001377241468878
list:
dist: 2.001377241468878 vs. 2.001377241468878
--------
nle(id0,id1,dist): 9 13 0.6280613365247496
list:
dist: 0.6280613365247496 vs. 0.6280613365247496
--------
nle(id0,id1,dist): 9 12 2.627937236237248
list:
dist: 2.627937236237248 vs. 2.627937236237248
--------
nle(id0,id1,dist): 9 18 2.5975375197013655
list:
dist: 2.5975375197013655 vs. 2.5975375197013655
--------
nle(id0,id1,dist): 9 17 1.6699201385975382
list:
dist: 1.6699201385975382 vs. 1.6699201385975382
--------
nle(id0,id1,dist): 9 16 1.6678150698999303
list:
dist: 1.6678150698999303 vs. 1.6678150698999303
--------
nle(id0,id1,dist): 9 22 1.8483099825445173
list:
dist: 1.8483099825445173 vs. 1.8483099825445173
--------
nle(id0,id1,dist): 9 23 2.5831980554533964
list:
dist: 2.5831980554533964 vs. 2.5831980554533964
--------
nle(id0,id1,dist): 9 20 1.8662430701711004
list:
dist: 1.8662430701711004 vs. 1.8662430701711004
--------
nle(id0,id1,dist): 9 21 1.741608595334688
list:
dist: 1.741608595334688 vs. 1.741608595334688
--------
nle(id0,id1,dist): 9 24 1.3925236312878027
list:
dist: 1.3925236312878027 vs. 1.3925236312878027
--------
nle(id0,id1,dist): 9 25 0.9735753164268545
list:
dist: 0.9735753164268545 vs. 0.9735753164268545
--------
nle(id0,id1,dist): 9 28 2.4059103579390517
list:
dist: 2.4059103579390517 vs. 2.4059103579390517
--------
nle(id0,id1,dist): 9 29 3.061326312932355
list:
dist: 3.061326312932355 vs. 3.061326312932355
--------
nle(id0,id1,dist): 13 26 2.240513472015034
list:
dist: 2.240513472015034 vs. 2.240513472015034
--------
nle(id0,id1,dist): 13 27 2.2745358952255335
list:
dist: 2.2745358952255335 vs. 2.2745358952255335
--------
nle(id0,id1,dist): 13 24 0.8731716199659496
list:
dist: 0.8731716199659496 vs. 0.8731716199659496
--------
nle(id0,id1,dist): 13 25 0.9660573238051158
list:
dist: 0.9660573238051158 vs. 0.9660573238051158
--------
nle(id0,id1,dist): 13 28 1.984698688373187
list:
dist: 1.984698688373187 vs. 1.984698688373187
--------
nle(id0,id1,dist): 13 29 2.6004284251338654
list:
dist: 2.6004284251338654 vs. 2.6004284251338654
--------
nle(id0,id1,dist): 13 18 2.346881453588153
list:
dist: 2.346881453588153 vs. 2.346881453588153
--------
nle(id0,id1,dist): 13 19 1.9542539591148798
list:
dist: 1.9542539591148798 vs. 1.9542539591148798
--------
nle(id0,id1,dist): 13 16 1.4906615425191125
list:
dist: 1.4906615425191125 vs. 1.4906615425191125
--------
nle(id0,id1,dist): 13 17 1.2269036971047598
list:
dist: 1.2269036971047598 vs. 1.2269036971047598
--------
nle(id0,id1,dist): 13 22 1.5153459982350943
list:
dist: 1.5153459982350943 vs. 1.5153459982350943
--------
nle(id0,id1,dist): 13 23 2.100905492629805
list:
dist: 2.100905492629805 vs. 2.100905492629805
--------
nle(id0,id1,dist): 13 20 1.7993827542976124
list:
dist: 1.7993827542976124 vs. 1.7993827542976124
--------
nle(id0,id1,dist): 13 21 1.340530148427158
list:
dist: 1.340530148427158 vs. 1.340530148427158
--------
nle(id0,id1,dist): 13 15 1.8231942515333983
list:
dist: 1.8231942515333983 vs. 1.8231942515333983
--------
nle(id0,id1,dist): 15 28 2.7724412095699122
list:
dist: 2.7724412095699122 vs. 2.7724412095699122
--------
nle(id0,id1,dist): 15 26 1.7835337476032134
list:
dist: 1.7835337476032134 vs. 1.7835337476032134
--------
nle(id0,id1,dist): 15 27 3.0212219241244194
list:
dist: 3.0212219241244194 vs. 3.0212219241244194
--------
nle(id0,id1,dist): 15 24 2.20181592316189
list:
dist: 2.20181592316189 vs. 2.20181592316189
--------
nle(id0,id1,dist): 15 25 2.012500138966461
list:
dist: 2.012500138966461 vs. 2.012500138966461
--------
nle(id0,id1,dist): 15 22 2.7094026744936217
list:
dist: 2.7094026744936217 vs. 2.7094026744936217
--------
nle(id0,id1,dist): 15 23 3.3756833815401417
list:
dist: 3.3756833815401417 vs. 3.3756833815401417
--------
nle(id0,id1,dist): 15 21 2.885663973932361
list:
dist: 2.885663973932361 vs. 2.885663973932361
--------
nle(id0,id1,dist): 15 20 3.398536215198288
list:
dist: 3.398536215198288 vs. 3.398536215198288
--------
nle(id0,id1,dist): 15 19 1.7465000592244275
list:
dist: 1.7465000592244275 vs. 1.7465000592244275
--------
nle(id0,id1,dist): 15 17 2.8274107804532704
list:
dist: 2.8274107804532704 vs. 2.8274107804532704
--------
nle(id0,id1,dist): 15 16 1.5371118737709617
list:
dist: 1.5371118737709617 vs. 1.5371118737709617
--------
nle(id0,id1,dist): 17 18 1.2759000496348745
list:
dist: 1.2759000496348745 vs. 1.2759000496348745
--------
nle(id0,id1,dist): 17 19 2.122808216084689
list:
dist: 2.122808216084689 vs. 2.122808216084689
--------
nle(id0,id1,dist): 17 22 1.105103826132885
list:
dist: 1.105103826132885 vs. 1.105103826132885
--------
nle(id0,id1,dist): 17 23 1.012825688562633
list:
dist: 1.012825688562633 vs. 1.012825688562633
--------
nle(id0,id1,dist): 17 20 1.2816434621875499
list:
dist: 1.2816434621875499 vs. 1.2816434621875499
--------
nle(id0,id1,dist): 17 21 0.3652892277046663
list:
dist: 0.3652892277046663 vs. 0.3652892277046663
--------
nle(id0,id1,dist): 17 26 2.5619935774866867
list:
dist: 2.5619935774866867 vs. 2.5619935774866867
--------
nle(id0,id1,dist): 17 27 1.5699766262159955
list:
dist: 1.5699766262159955 vs. 1.5699766262159955
--------
nle(id0,id1,dist): 17 24 0.7305505274749756
list:
dist: 0.7305505274749756 vs. 0.7305505274749756
--------
nle(id0,id1,dist): 17 25 1.5973822317217508
list:
dist: 1.5973822317217508 vs. 1.5973822317217508
--------
nle(id0,id1,dist): 16 17 2.1320666195426496
list:
dist: 2.1320666195426496 vs. 2.1320666195426496
--------
nle(id0,id1,dist): 16 19 1.588866475535666
list:
dist: 1.588866475535666 vs. 1.588866475535666
--------
nle(id0,id1,dist): 16 20 2.241593949660938
list:
dist: 2.241593949660938 vs. 2.241593949660938
--------
nle(id0,id1,dist): 16 21 1.9952342816852364
list:
dist: 1.9952342816852364 vs. 1.9952342816852364
--------
nle(id0,id1,dist): 16 22 1.4829584825555322
list:
dist: 1.4829584825555322 vs. 1.4829584825555322
--------
nle(id0,id1,dist): 16 23 2.487940094972697
list:
dist: 2.487940094972697 vs. 2.487940094972697
--------
nle(id0,id1,dist): 16 24 1.4201258845339624
list:
dist: 1.4201258845339624 vs. 1.4201258845339624
--------
nle(id0,id1,dist): 16 25 0.9301777041932885
list:
dist: 0.9301777041932885 vs. 0.9301777041932885
--------
nle(id0,id1,dist): 16 26 1.1365978140763497
list:
dist: 1.1365978140763497 vs. 1.1365978140763497
--------
nle(id0,id1,dist): 16 27 2.317545225692618
list:
dist: 2.317545225692618 vs. 2.317545225692618
--------
nle(id0,id1,dist): 16 28 1.5715444860965238
list:
dist: 1.5715444860965238 vs. 1.5715444860965238
--------
nle(id0,id1,dist): 1 3 1.7603743414708304
list:
dist: 1.7603743414708304 vs. 1.7603743414708304
--------
nle(id0,id1,dist): 1 4 2.20243411749453
list:
dist: 2.20243411749453 vs. 2.20243411749453
--------
nle(id0,id1,dist): 1 5 2.919190570576776
list:
dist: 2.919190570576776 vs. 2.919190570576776
--------
nle(id0,id1,dist): 1 6 1.0412238115186663
list:
dist: 1.0412238115186663 vs. 1.0412238115186663
--------
nle(id0,id1,dist): 1 10 1.8487700334446109
list:
dist: 1.8487700334446109 vs. 1.8487700334446109
--------
nle(id0,id1,dist): 2 5 2.0278254355752927
list:
dist: 2.0278254355752927 vs. 2.0278254355752927
--------
nle(id0,id1,dist): 2 6 2.3971030641817093
list:
dist: 2.3971030641817093 vs. 2.3971030641817093
--------
nle(id0,id1,dist): 2 3 1.6041353458970724
list:
dist: 1.6041353458970724 vs. 1.6041353458970724
--------
nle(id0,id1,dist): 2 4 2.419715285214897
list:
dist: 2.419715285214897 vs. 2.419715285214897
--------
nle(id0,id1,dist): 1 15 2.700350872277205
list:
dist: 2.700350872277205 vs. 2.700350872277205
--------
nle(id0,id1,dist): 1 16 3.0898700185321895
list:
dist: 3.0898700185321895 vs. 3.0898700185321895
--------
nle(id0,id1,dist): 2 28 3.7595683742871655
list:
dist: 3.7595683742871655 vs. 3.7595683742871655
--------
nle(id0,id1,dist): 2 29 4.381975491789797
list:
dist: 4.381975491789797 vs. 4.381975491789797
--------
nle(id0,id1,dist): 2 23 3.975370876945719
list:
dist: 3.975370876945719 vs. 3.975370876945719
--------
nle(id0,id1,dist): 2 24 2.94988312797552
list:
dist: 2.94988312797552 vs. 2.94988312797552
--------
nle(id0,id1,dist): 2 25 2.176189960316879
list:
dist: 2.176189960316879 vs. 2.176189960316879
--------
nle(id0,id1,dist): 2 12 1.2778659760669056
list:
dist: 1.2778659760669056 vs. 1.2778659760669056
--------
nle(id0,id1,dist): 2 13 2.308647188828898
list:
dist: 2.308647188828898 vs. 2.308647188828898
--------
nle(id0,id1,dist): 2 8 1.69258796028952
list:
dist: 1.69258796028952 vs. 1.69258796028952
--------
nle(id0,id1,dist): 2 10 1.7626005427550742
list:
dist: 1.7626005427550742 vs. 1.7626005427550742
--------
nle(id0,id1,dist): 2 9 1.6860402014379132
list:
dist: 1.6860402014379132 vs. 1.6860402014379132
--------
nle(id0,id1,dist): 2 20 2.670913392543406
list:
dist: 2.670913392543406 vs. 2.670913392543406
--------
nle(id0,id1,dist): 2 22 3.1228827016961334
list:
dist: 3.1228827016961334 vs. 3.1228827016961334
--------
nle(id0,id1,dist): 2 21 3.099758518300782
list:
dist: 3.099758518300782 vs. 3.099758518300782
--------
nle(id0,id1,dist): 2 16 2.8847214432753154
list:
dist: 2.8847214432753154 vs. 2.8847214432753154
--------
nle(id0,id1,dist): 2 15 3.2504902553420396
list:
dist: 3.2504902553420396 vs. 3.2504902553420396
--------
nle(id0,id1,dist): 2 18 3.5793638316845477
list:
dist: 3.5793638316845477 vs. 3.5793638316845477
--------
nle(id0,id1,dist): 2 17 3.0928925646536483
list:
dist: 3.0928925646536483 vs. 3.0928925646536483
--------
nle(id0,id1,dist): 3 24 2.515356721002612
list:
dist: 2.515356721002612 vs. 2.515356721002612
--------
nle(id0,id1,dist): 3 25 1.5723560318147252
list:
dist: 1.5723560318147252 vs. 1.5723560318147252
--------
nle(id0,id1,dist): 3 22 2.720158261880966
list:
dist: 2.720158261880966 vs. 2.720158261880966
--------
nle(id0,id1,dist): 3 23 3.754427742565702
list:
dist: 3.754427742565702 vs. 3.754427742565702
--------
nle(id0,id1,dist): 3 20 2.852499016051602
list:
dist: 2.852499016051602 vs. 2.852499016051602
--------
nle(id0,id1,dist): 3 21 2.9735655310500504
list:
dist: 2.9735655310500504 vs. 2.9735655310500504
--------
nle(id0,id1,dist): 3 28 3.133460233607593
list:
dist: 3.133460233607593 vs. 3.133460233607593
--------
nle(id0,id1,dist): 3 9 1.4943334679221176
list:
dist: 1.4943334679221176 vs. 1.4943334679221176
--------
nle(id0,id1,dist): 3 8 1.8170043593283052
list:
dist: 1.8170043593283052 vs. 1.8170043593283052
--------
nle(id0,id1,dist): 3 6 1.0514764221824053
list:
dist: 1.0514764221824053 vs. 1.0514764221824053
--------
nle(id0,id1,dist): 3 5 1.699826303114922
list:
dist: 1.699826303114922 vs. 1.699826303114922
--------
nle(id0,id1,dist): 3 4 1.395943562104577
list:
dist: 1.395943562104577 vs. 1.395943562104577
--------
nle(id0,id1,dist): 3 17 3.0124355994172136
list:
dist: 3.0124355994172136 vs. 3.0124355994172136
--------
nle(id0,id1,dist): 3 16 1.7538186341404751
list:
dist: 1.7538186341404751 vs. 1.7538186341404751
--------
nle(id0,id1,dist): 3 15 1.9673179826846778
list:
dist: 1.9673179826846778 vs. 1.9673179826846778
--------
nle(id0,id1,dist): 3 13 1.9281583731828806
list:
dist: 1.9281583731828806 vs. 1.9281583731828806
--------
nle(id0,id1,dist): 3 12 2.855173425240635
list:
dist: 2.855173425240635 vs. 2.855173425240635
--------
nle(id0,id1,dist): 3 10 0.41320262543667735
list:
dist: 0.41320262543667735 vs. 0.41320262543667735
--------
nle(id0,id1,dist): 37 40 2.8073744281961446
list:
dist: 2.8073744281961446 vs. 2.8073744281961446
--------
nle(id0,id1,dist): 37 41 0.7892151429546317
list:
dist: 0.7892151429546317 vs. 0.7892151429546317
--------
nle(id0,id1,dist): 37 42 2.4023607840150576
list:
dist: 2.4023607840150576 vs. 2.4023607840150576
--------
nle(id0,id1,dist): 37 44 1.5949810085834453
list:
dist: 1.5949810085834453 vs. 1.5949810085834453
--------
nle(id0,id1,dist): 37 45 1.316525576489777
list:
dist: 1.316525576489777 vs. 1.316525576489777
--------
nle(id0,id1,dist): 37 39 2.309687946503121
list:
dist: 2.309687946503121 vs. 2.309687946503121
--------
nle(id0,id1,dist): 36 55 2.392427415848962
list:
dist: 2.392427415848962 vs. 2.392427415848962
--------
nle(id0,id1,dist): 36 54 2.8110267338444133
list:
dist: 2.8110267338444133 vs. 2.8110267338444133
--------
nle(id0,id1,dist): 36 59 3.5675722612520087
list:
dist: 3.5675722612520087 vs. 3.5675722612520087
--------
nle(id0,id1,dist): 36 57 0.9905082926435856
list:
dist: 0.9905082926435856 vs. 0.9905082926435856
--------
nle(id0,id1,dist): 36 47 3.4423097121111583
list:
dist: 3.4423097121111583 vs. 3.4423097121111583
--------
nle(id0,id1,dist): 36 48 3.599356530894442
list:
dist: 3.599356530894442 vs. 3.599356530894442
--------
nle(id0,id1,dist): 36 45 2.0458456583071394
list:
dist: 2.0458456583071394 vs. 2.0458456583071394
--------
nle(id0,id1,dist): 36 46 2.547809150424211
list:
dist: 2.547809150424211 vs. 2.547809150424211
--------
nle(id0,id1,dist): 36 49 2.3376423389544683
list:
dist: 2.3376423389544683 vs. 2.3376423389544683
--------
nle(id0,id1,dist): 36 50 3.0769894222931335
list:
dist: 3.0769894222931335 vs. 3.0769894222931335
--------
nle(id0,id1,dist): 36 40 2.9427164644756316
list:
dist: 2.9427164644756316 vs. 2.9427164644756316
--------
nle(id0,id1,dist): 36 39 1.543946899411717
list:
dist: 1.543946899411717 vs. 1.543946899411717
--------
nle(id0,id1,dist): 36 37 1.193339613221929
list:
dist: 1.193339613221929 vs. 1.193339613221929
--------
nle(id0,id1,dist): 36 44 1.120362282971217
list:
dist: 1.120362282971217 vs. 1.120362282971217
--------
nle(id0,id1,dist): 36 43 2.63863491474512
list:
dist: 2.63863491474512 vs. 2.63863491474512
--------
nle(id0,id1,dist): 36 42 2.367059012399903
list:
dist: 2.367059012399903 vs. 2.367059012399903
--------
nle(id0,id1,dist): 36 41 1.226307351096888
list:
dist: 1.226307351096888 vs. 1.226307351096888
--------
nle(id0,id1,dist): 35 57 2.3784442273388384
list:
dist: 2.3784442273388384 vs. 2.3784442273388384
--------
nle(id0,id1,dist): 35 42 2.6401014662620854
list:
dist: 2.6401014662620854 vs. 2.6401014662620854
--------
nle(id0,id1,dist): 35 45 1.803010851378198
list:
dist: 1.803010851378198 vs. 1.803010851378198
--------
nle(id0,id1,dist): 35 44 2.9039336586912285
list:
dist: 2.9039336586912285 vs. 2.9039336586912285
--------
nle(id0,id1,dist): 35 39 3.1142412640473123
list:
dist: 3.1142412640473123 vs. 3.1142412640473123
--------
nle(id0,id1,dist): 35 41 2.0021848110269382
list:
dist: 2.0021848110269382 vs. 2.0021848110269382
--------
nle(id0,id1,dist): 35 40 2.9669932359797024
list:
dist: 2.9669932359797024 vs. 2.9669932359797024
--------
nle(id0,id1,dist): 35 37 1.3103547260871093
list:
dist: 1.3103547260871093 vs. 1.3103547260871093
--------
nle(id0,id1,dist): 35 36 2.3431282886856475
list:
dist: 2.3431282886856475 vs. 2.3431282886856475
--------
nle(id0,id1,dist): 34 59 3.144194152045032
list:
dist: 3.144194152045032 vs. 3.144194152045032
--------
nle(id0,id1,dist): 34 57 1.433895948869615
list:
dist: 1.433895948869615 vs. 1.433895948869615
--------
nle(id0,id1,dist): 34 55 1.9632514295534078
list:
dist: 1.9632514295534078 vs. 1.9632514295534078
--------
nle(id0,id1,dist): 34 56 2.145235522557112
list:
dist: 2.145235522557112 vs. 2.145235522557112
--------
nle(id0,id1,dist): 34 54 2.591471497334125
list:
dist: 2.591471497334125 vs. 2.591471497334125
--------
nle(id0,id1,dist): 34 51 2.39251338948464
list:
dist: 2.39251338948464 vs. 2.39251338948464
--------
nle(id0,id1,dist): 34 50 2.340586356229038
list:
dist: 2.340586356229038 vs. 2.340586356229038
--------
nle(id0,id1,dist): 34 49 2.0293728868341656
list:
dist: 2.0293728868341656 vs. 2.0293728868341656
--------
nle(id0,id1,dist): 34 48 1.473313051135533
list:
dist: 1.473313051135533 vs. 1.473313051135533
--------
nle(id0,id1,dist): 34 47 2.129571777574266
list:
dist: 2.129571777574266 vs. 2.129571777574266
--------
nle(id0,id1,dist): 34 45 1.4077068700907105
list:
dist: 1.4077068700907105 vs. 1.4077068700907105
--------
nle(id0,id1,dist): 34 44 2.4912416574644234
list:
dist: 2.4912416574644234 vs. 2.4912416574644234
--------
nle(id0,id1,dist): 34 43 1.7222751229143927
list:
dist: 1.7222751229143927 vs. 1.7222751229143927
--------
nle(id0,id1,dist): 34 42 1.1222276338856663
list:
dist: 1.1222276338856663 vs. 1.1222276338856663
--------
nle(id0,id1,dist): 34 41 2.0537109650029235
list:
dist: 2.0537109650029235 vs. 2.0537109650029235
--------
nle(id0,id1,dist): 34 40 0.9714062162359317
list:
dist: 0.9714062162359317 vs. 0.9714062162359317
--------
nle(id0,id1,dist): 34 39 1.7238158631885805
list:
dist: 1.7238158631885805 vs. 1.7238158631885805
--------
nle(id0,id1,dist): 33 61 1.9260428785021946
list:
dist: 1.9260428785021946 vs. 1.9260428785021946
--------
nle(id0,id1,dist): 33 60 2.4797757135432423
list:
dist: 2.4797757135432423 vs. 2.4797757135432423
--------
nle(id0,id1,dist): 33 62 0.7974564369005049
list:
dist: 0.7974564369005049 vs. 0.7974564369005049
--------
nle(id0,id1,dist): 33 65 0.8420781851692244
list:
dist: 0.8420781851692244 vs. 0.8420781851692244
--------
nle(id0,id1,dist): 33 64 0.9870380012562356
list:
dist: 0.9870380012562356 vs. 0.9870380012562356
--------
nle(id0,id1,dist): 33 66 1.6375735632765658
list:
dist: 1.6375735632765658 vs. 1.6375735632765658
--------
nle(id0,id1,dist): 33 69 2.647885858435414
list:
dist: 2.647885858435414 vs. 2.647885858435414
--------
nle(id0,id1,dist): 33 68 2.9229629075141244
list:
dist: 2.9229629075141244 vs. 2.9229629075141244
--------
nle(id0,id1,dist): 33 70 1.493261145358571
list:
dist: 1.493261145358571 vs. 1.493261145358571
--------
nle(id0,id1,dist): 34 36 2.304663819864827
list:
dist: 2.304663819864827 vs. 2.304663819864827
--------
nle(id0,id1,dist): 33 73 1.4871105496434418
list:
dist: 1.4871105496434418 vs. 1.4871105496434418
--------
nle(id0,id1,dist): 34 35 2.796000272584624
list:
dist: 2.796000272584624 vs. 2.796000272584624
--------
nle(id0,id1,dist): 33 72 2.0783115326657233
list:
dist: 2.0783115326657233 vs. 2.0783115326657233
--------
nle(id0,id1,dist): 34 37 2.2499029666570367
list:
dist: 2.2499029666570367 vs. 2.2499029666570367
--------
nle(id0,id1,dist): 33 53 1.8470416499074338
list:
dist: 1.8470416499074338 vs. 1.8470416499074338
--------
nle(id0,id1,dist): 32 51 3.0932444288711607
list:
dist: 3.0932444288711607 vs. 3.0932444288711607
--------
nle(id0,id1,dist): 32 49 2.545614603607442
list:
dist: 2.545614603607442 vs. 2.545614603607442
--------
nle(id0,id1,dist): 32 50 3.049769424277559
list:
dist: 3.049769424277559 vs. 3.049769424277559
--------
nle(id0,id1,dist): 32 55 2.1830023528709597
list:
dist: 2.1830023528709597 vs. 2.1830023528709597
--------
nle(id0,id1,dist): 32 56 2.5874951501156325
list:
dist: 2.5874951501156325 vs. 2.5874951501156325
--------
nle(id0,id1,dist): 32 54 2.996913556194915
list:
dist: 2.996913556194915 vs. 2.996913556194915
--------
nle(id0,id1,dist): 32 59 3.7221511083699146
list:
dist: 3.7221511083699146 vs. 3.7221511083699146
--------
nle(id0,id1,dist): 32 57 1.2673962889324428
list:
dist: 1.2673962889324428 vs. 1.2673962889324428
--------
nle(id0,id1,dist): 32 37 1.408089911156199
list:
dist: 1.408089911156199 vs. 1.408089911156199
--------
nle(id0,id1,dist): 32 40 1.4331015849674593
list:
dist: 1.4331015849674593 vs. 1.4331015849674593
--------
nle(id0,id1,dist): 32 39 1.923771744781475
list:
dist: 1.923771744781475 vs. 1.923771744781475
--------
nle(id0,id1,dist): 32 34 1.0716343035527356
list:
dist: 1.0716343035527356 vs. 1.0716343035527356
--------
nle(id0,id1,dist): 32 36 1.8943259687980811
list:
dist: 1.8943259687980811 vs. 1.8943259687980811
--------
nle(id0,id1,dist): 32 35 1.72497325488187
list:
dist: 1.72497325488187 vs. 1.72497325488187
--------
nle(id0,id1,dist): 32 45 0.8111540321656225
list:
dist: 0.8111540321656225 vs. 0.8111540321656225
--------
nle(id0,id1,dist): 32 48 2.3227640899516575
list:
dist: 2.3227640899516575 vs. 2.3227640899516575
--------
nle(id0,id1,dist): 32 47 2.5996672909372345
list:
dist: 2.5996672909372345 vs. 2.5996672909372345
--------
nle(id0,id1,dist): 32 42 1.2446450575617323
list:
dist: 1.2446450575617323 vs. 1.2446450575617323
--------
nle(id0,id1,dist): 32 41 1.5396036259503676
list:
dist: 1.5396036259503676 vs. 1.5396036259503676
--------
nle(id0,id1,dist): 32 44 2.307237366887616
list:
dist: 2.307237366887616 vs. 2.307237366887616
--------
nle(id0,id1,dist): 32 43 2.502276064305313
list:
dist: 2.502276064305313 vs. 2.502276064305313
--------
nle(id0,id1,dist): 31 59 3.9514177859139004
list:
dist: 3.9514177859139004 vs. 3.9514177859139004
--------
nle(id0,id1,dist): 31 54 3.2721746105305356
list:
dist: 3.2721746105305356 vs. 3.2721746105305356
--------
nle(id0,id1,dist): 31 55 2.644231999336512
list:
dist: 2.644231999336512 vs. 2.644231999336512
--------
nle(id0,id1,dist): 31 56 3.2862063282527236
list:
dist: 3.2862063282527236 vs. 3.2862063282527236
--------
nle(id0,id1,dist): 31 57 1.2587489018450864
list:
dist: 1.2587489018450864 vs. 1.2587489018450864
--------
nle(id0,id1,dist): 31 45 0.6257832272872247
list:
dist: 0.6257832272872247 vs. 0.6257832272872247
--------
nle(id0,id1,dist): 31 44 1.5135248344206331
list:
dist: 1.5135248344206331 vs. 1.5135248344206331
--------
nle(id0,id1,dist): 31 43 2.5674166504430094
list:
dist: 2.5674166504430094 vs. 2.5674166504430094
--------
nle(id0,id1,dist): 31 42 1.9502850110355647
list:
dist: 1.9502850110355647 vs. 1.9502850110355647
--------
nle(id0,id1,dist): 31 41 0.7872340413352905
list:
dist: 0.7872340413352905 vs. 0.7872340413352905
--------
nle(id0,id1,dist): 31 40 2.1019228105612067
list:
dist: 2.1019228105612067 vs. 2.1019228105612067
--------
nle(id0,id1,dist): 31 39 2.0107676090446724
list:
dist: 2.0107676090446724 vs. 2.0107676090446724
--------
nle(id0,id1,dist): 31 51 3.664755779764914
list:
dist: 3.664755779764914 vs. 3.664755779764914
--------
nle(id0,id1,dist): 31 50 3.2056423192083017
list:
dist: 3.2056423192083017 vs. 3.2056423192083017
--------
nle(id0,id1,dist): 31 49 2.656503761122487
list:
dist: 2.656503761122487 vs. 2.656503761122487
--------
nle(id0,id1,dist): 31 48 2.7731940376048074
list:
dist: 2.7731940376048074 vs. 2.7731940376048074
--------
nle(id0,id1,dist): 31 47 3.2217852231180992
list:
dist: 3.2217852231180992 vs. 3.2217852231180992
--------
nle(id0,id1,dist): 31 36 1.5545982950587045
list:
dist: 1.5545982950587045 vs. 1.5545982950587045
--------
nle(id0,id1,dist): 31 37 1.169521762683452
list:
dist: 1.169521762683452 vs. 1.169521762683452
--------
nle(id0,id1,dist): 31 34 1.3027097993823666
list:
dist: 1.3027097993823666 vs. 1.3027097993823666
--------
nle(id0,id1,dist): 31 35 2.074211878651786
list:
dist: 2.074211878651786 vs. 2.074211878651786
--------
nle(id0,id1,dist): 31 32 0.9485447113259299
list:
dist: 0.9485447113259299 vs. 0.9485447113259299
--------
nle(id0,id1,dist): 43 59 1.583074378449905
list:
dist: 1.583074378449905 vs. 1.583074378449905
--------
nle(id0,id1,dist): 43 58 2.0499554144622203
list:
dist: 2.0499554144622203 vs. 2.0499554144622203
--------
nle(id0,id1,dist): 44 47 4.083834658312503
list:
dist: 4.083834658312503 vs. 4.083834658312503
--------
nle(id0,id1,dist): 44 48 3.876980258255984
list:
dist: 3.876980258255984 vs. 3.876980258255984
--------
nle(id0,id1,dist): 44 45 2.077254364314039
list:
dist: 2.077254364314039 vs. 2.077254364314039
--------
nle(id0,id1,dist): 44 46 2.8654226505746085
list:
dist: 2.8654226505746085 vs. 2.8654226505746085
--------
nle(id0,id1,dist): 44 49 2.8357567021302734
list:
dist: 2.8357567021302734 vs. 2.8357567021302734
--------
nle(id0,id1,dist): 44 50 3.48011279523104
list:
dist: 3.48011279523104 vs. 3.48011279523104
--------
nle(id0,id1,dist): 43 50 0.7010660458265559
list:
dist: 0.7010660458265559 vs. 0.7010660458265559
--------
nle(id0,id1,dist): 43 52 1.8577709354826593
list:
dist: 1.8577709354826593 vs. 1.8577709354826593
--------
nle(id0,id1,dist): 43 54 1.318664304813337
list:
dist: 1.318664304813337 vs. 1.318664304813337
--------
nle(id0,id1,dist): 43 55 1.426000315344778
list:
dist: 1.426000315344778 vs. 1.426000315344778
--------
nle(id0,id1,dist): 43 57 1.83385470740725
list:
dist: 1.83385470740725 vs. 1.83385470740725
--------
nle(id0,id1,dist): 43 44 2.9254137134132687
list:
dist: 2.9254137134132687 vs. 2.9254137134132687
--------
nle(id0,id1,dist): 43 45 2.9522212498356657
list:
dist: 2.9522212498356657 vs. 2.9522212498356657
--------
nle(id0,id1,dist): 43 46 2.327574775756745
list:
dist: 2.327574775756745 vs. 2.327574775756745
--------
nle(id0,id1,dist): 43 47 1.7672355576267877
list:
dist: 1.7672355576267877 vs. 1.7672355576267877
--------
nle(id0,id1,dist): 43 48 1.8369477425973129
list:
dist: 1.8369477425973129 vs. 1.8369477425973129
--------
nle(id0,id1,dist): 43 49 0.7003096055750786
list:
dist: 0.7003096055750786 vs. 0.7003096055750786
--------
nle(id0,id1,dist): 42 45 2.0021103379552216
list:
dist: 2.0021103379552216 vs. 2.0021103379552216
--------
nle(id0,id1,dist): 42 44 2.9979708149558806
list:
dist: 2.9979708149558806 vs. 2.9979708149558806
--------
nle(id0,id1,dist): 42 43 1.7842202871146533
list:
dist: 1.7842202871146533 vs. 1.7842202871146533
--------
nle(id0,id1,dist): 42 59 2.70745935489588
list:
dist: 2.70745935489588 vs. 2.70745935489588
--------
nle(id0,id1,dist): 42 57 1.4232008058849075
list:
dist: 1.4232008058849075 vs. 1.4232008058849075
--------
nle(id0,id1,dist): 42 55 1.165871097137533
list:
dist: 1.165871097137533 vs. 1.165871097137533
--------
nle(id0,id1,dist): 42 56 1.9360831609306153
list:
dist: 1.9360831609306153 vs. 1.9360831609306153
--------
nle(id0,id1,dist): 42 54 2.0351724225557675
list:
dist: 2.0351724225557675 vs. 2.0351724225557675
--------
nle(id0,id1,dist): 42 51 2.26725382172202
list:
dist: 2.26725382172202 vs. 2.26725382172202
--------
nle(id0,id1,dist): 42 49 1.7923259488034293
list:
dist: 1.7923259488034293 vs. 1.7923259488034293
--------
nle(id0,id1,dist): 42 50 2.1397154181916975
list:
dist: 2.1397154181916975 vs. 2.1397154181916975
--------
nle(id0,id1,dist): 42 47 1.3654300124272183
list:
dist: 1.3654300124272183 vs. 1.3654300124272183
--------
nle(id0,id1,dist): 42 48 1.5753439262470286
list:
dist: 1.5753439262470286 vs. 1.5753439262470286
--------
nle(id0,id1,dist): 41 45 1.175515380761067
list:
dist: 1.175515380761067 vs. 1.175515380761067
--------
nle(id0,id1,dist): 41 44 1.0236771482512834
list:
dist: 1.0236771482512834 vs. 1.0236771482512834
--------
nle(id0,id1,dist): 41 42 2.5449239057170514
list:
dist: 2.5449239057170514 vs. 2.5449239057170514
--------
nle(id0,id1,dist): 41 57 1.4927473403894433
list:
dist: 1.4927473403894433 vs. 1.4927473403894433
--------
nle(id0,id1,dist): 40 43 2.0086242148095694
list:
dist: 2.0086242148095694 vs. 2.0086242148095694
--------
nle(id0,id1,dist): 40 44 3.3605253390002985
list:
dist: 3.3605253390002985 vs. 3.3605253390002985
--------
nle(id0,id1,dist): 40 41 2.830618897584308
list:
dist: 2.830618897584308 vs. 2.830618897584308
--------
nle(id0,id1,dist): 40 42 0.8042061685070893
list:
dist: 0.8042061685070893 vs. 0.8042061685070893
--------
nle(id0,id1,dist): 40 47 1.5181093502952314
list:
dist: 1.5181093502952314 vs. 1.5181093502952314
--------
nle(id0,id1,dist): 40 48 0.9965933265992922
list:
dist: 0.9965933265992922 vs. 0.9965933265992922
--------
nle(id0,id1,dist): 40 45 2.0122682285959663
list:
dist: 2.0122682285959663 vs. 2.0122682285959663
--------
nle(id0,id1,dist): 40 51 1.6707056776023057
list:
dist: 1.6707056776023057 vs. 1.6707056776023057
--------
nle(id0,id1,dist): 40 49 2.2676881087456193
list:
dist: 2.2676881087456193 vs. 2.2676881087456193
--------
nle(id0,id1,dist): 40 50 2.4248874125748205
list:
dist: 2.4248874125748205 vs. 2.4248874125748205
--------
nle(id0,id1,dist): 40 55 1.829228025736057
list:
dist: 1.829228025736057 vs. 1.829228025736057
--------
nle(id0,id1,dist): 40 56 1.2747188065387056
list:
dist: 1.2747188065387056 vs. 1.2747188065387056
--------
nle(id0,id1,dist): 40 54 2.5755084104597357
list:
dist: 2.5755084104597357 vs. 2.5755084104597357
--------
nle(id0,id1,dist): 40 59 3.09324313414763
list:
dist: 3.09324313414763 vs. 3.09324313414763
--------
nle(id0,id1,dist): 40 57 1.9958637700900794
list:
dist: 1.9958637700900794 vs. 1.9958637700900794
--------
nle(id0,id1,dist): 39 46 1.9868069198600233
list:
dist: 1.9868069198600233 vs. 1.9868069198600233
--------
nle(id0,id1,dist): 39 47 2.0831189138719552
list:
dist: 2.0831189138719552 vs. 2.0831189138719552
--------
nle(id0,id1,dist): 39 48 2.4931770822599466
list:
dist: 2.4931770822599466 vs. 2.4931770822599466
--------
nle(id0,id1,dist): 39 49 0.8392309635034658
list:
dist: 0.8392309635034658 vs. 0.8392309635034658
--------
nle(id0,id1,dist): 39 50 1.5756776392496583
list:
dist: 1.5756776392496583 vs. 1.5756776392496583
--------
nle(id0,id1,dist): 39 54 1.3389531055430917
list:
dist: 1.3389531055430917 vs. 1.3389531055430917
--------
nle(id0,id1,dist): 39 55 1.027737930479369
list:
dist: 1.027737930479369 vs. 1.027737930479369
--------
nle(id0,id1,dist): 39 57 0.838717011234752
list:
dist: 0.838717011234752 vs. 0.838717011234752
--------
nle(id0,id1,dist): 39 59 2.086233991758721
list:
dist: 2.086233991758721 vs. 2.086233991758721
--------
nle(id0,id1,dist): 38 53 2.5403322259547028
list:
dist: 2.5403322259547028 vs. 2.5403322259547028
--------
nle(id0,id1,dist): 38 68 1.873364914053222
list:
dist: 1.873364914053222 vs. 1.873364914053222
--------
nle(id0,id1,dist): 39 45 2.449987615636408
list:
dist: 2.449987615636408 vs. 2.449987615636408
--------
nle(id0,id1,dist): 39 44 2.2005406134244643
list:
dist: 2.2005406134244643 vs. 2.2005406134244643
--------
nle(id0,id1,dist): 39 43 1.2524482603578735
list:
dist: 1.2524482603578735 vs. 1.2524482603578735
--------
nle(id0,id1,dist): 39 42 1.4798186237576052
list:
dist: 1.4798186237576052 vs. 1.4798186237576052
--------
nle(id0,id1,dist): 39 41 2.2826293554323076
list:
dist: 2.2826293554323076 vs. 2.2826293554323076
--------
nle(id0,id1,dist): 39 40 2.1061013409844773
list:
dist: 2.1061013409844773 vs. 2.1061013409844773
--------
nle(id0,id1,dist): 37 57 1.4922958375949789
list:
dist: 1.4922958375949789 vs. 1.4922958375949789
--------
nle(id0,id1,dist): 23 28 1.2188204185729512
list:
dist: 1.2188204185729512 vs. 1.2188204185729512
--------
nle(id0,id1,dist): 23 29 0.5274907588330409
list:
dist: 0.5274907588330409 vs. 0.5274907588330409
--------
nle(id0,id1,dist): 23 26 2.5564147961573767
list:
dist: 2.5564147961573767 vs. 2.5564147961573767
--------
nle(id0,id1,dist): 23 27 0.9443737322635222
list:
dist: 0.9443737322635222 vs. 0.9443737322635222
--------
nle(id0,id1,dist): 23 24 1.2981458078338224
list:
dist: 1.2981458078338224 vs. 1.2981458078338224
--------
nle(id0,id1,dist): 23 25 2.206429862181531
list:
dist: 2.206429862181531 vs. 2.206429862181531
--------
nle(id0,id1,dist): 21 26 2.4346540770129748
list:
dist: 2.4346540770129748 vs. 2.4346540770129748
--------
nle(id0,id1,dist): 21 27 1.4938309372545968
list:
dist: 1.4938309372545968 vs. 1.4938309372545968
--------
nle(id0,id1,dist): 21 24 0.6902234872584238
list:
dist: 0.6902234872584238 vs. 0.6902234872584238
--------
nle(id0,id1,dist): 21 25 1.4693141714354472
list:
dist: 1.4693141714354472 vs. 1.4693141714354472
--------
nle(id0,id1,dist): 21 28 1.28359566197205
list:
dist: 1.28359566197205 vs. 1.28359566197205
--------
nle(id0,id1,dist): 21 29 1.3267540263971136
list:
dist: 1.3267540263971136 vs. 1.3267540263971136
--------
nle(id0,id1,dist): 21 23 0.8797784752231753
list:
dist: 0.8797784752231753 vs. 0.8797784752231753
--------
nle(id0,id1,dist): 21 22 0.782599186493769
list:
dist: 0.782599186493769 vs. 0.782599186493769
--------
nle(id0,id1,dist): 22 27 1.5047530473270583
list:
dist: 1.5047530473270583 vs. 1.5047530473270583
--------
nle(id0,id1,dist): 22 28 0.7135026367091988
list:
dist: 0.7135026367091988 vs. 0.7135026367091988
--------
nle(id0,id1,dist): 22 29 1.6316277560946075
list:
dist: 1.6316277560946075 vs. 1.6316277560946075
--------
nle(id0,id1,dist): 22 23 1.188469764479581
list:
dist: 1.188469764479581 vs. 1.188469764479581
--------
nle(id0,id1,dist): 22 24 0.794529227961471
list:
dist: 0.794529227961471 vs. 0.794529227961471
--------
nle(id0,id1,dist): 22 25 1.1536805931597856
list:
dist: 1.1536805931597856 vs. 1.1536805931597856
--------
nle(id0,id1,dist): 22 26 1.9255593008895044
list:
dist: 1.9255593008895044 vs. 1.9255593008895044
--------
nle(id0,id1,dist): 19 24 1.5664506406067762
list:
dist: 1.5664506406067762 vs. 1.5664506406067762
--------
nle(id0,id1,dist): 19 25 2.1022080198457807
list:
dist: 2.1022080198457807 vs. 2.1022080198457807
--------
nle(id0,id1,dist): 19 22 1.920644128316478
list:
dist: 1.920644128316478 vs. 1.920644128316478
--------
nle(id0,id1,dist): 19 23 2.1466482096138373
list:
dist: 2.1466482096138373 vs. 2.1466482096138373
--------
nle(id0,id1,dist): 19 20 2.920625558915755
list:
dist: 2.920625558915755 vs. 2.920625558915755
--------
nle(id0,id1,dist): 19 21 2.117154869489818
list:
dist: 2.117154869489818 vs. 2.117154869489818
--------
nle(id0,id1,dist): 19 28 1.6020441724039298
list:
dist: 1.6020441724039298 vs. 1.6020441724039298
--------
nle(id0,id1,dist): 19 26 0.980273010486748
list:
dist: 0.980273010486748 vs. 0.980273010486748
--------
nle(id0,id1,dist): 19 27 1.4581953614692778
list:
dist: 1.4581953614692778 vs. 1.4581953614692778
--------
nle(id0,id1,dist): 20 29 1.9087622087714664
list:
dist: 1.9087622087714664 vs. 1.9087622087714664
--------
nle(id0,id1,dist): 20 25 1.4927725271143566
list:
dist: 1.4927725271143566 vs. 1.4927725271143566
--------
nle(id0,id1,dist): 20 26 2.950757729749136
list:
dist: 2.950757729749136 vs. 2.950757729749136
--------
nle(id0,id1,dist): 20 27 2.3578082404155447
list:
dist: 2.3578082404155447 vs. 2.3578082404155447
--------
nle(id0,id1,dist): 20 28 1.7379907527413552
list:
dist: 1.7379907527413552 vs. 1.7379907527413552
--------
nle(id0,id1,dist): 20 21 1.0290388769172092
list:
dist: 1.0290388769172092 vs. 1.0290388769172092
--------
nle(id0,id1,dist): 20 22 1.0791328276408076
list:
dist: 1.0791328276408076 vs. 1.0791328276408076
--------
nle(id0,id1,dist): 20 23 1.6374045933454668
list:
dist: 1.6374045933454668 vs. 1.6374045933454668
--------
nle(id0,id1,dist): 20 24 1.449031942002601
list:
dist: 1.449031942002601 vs. 1.449031942002601
--------
nle(id0,id1,dist): 18 22 2.0051934151208632
list:
dist: 2.0051934151208632 vs. 2.0051934151208632
--------
nle(id0,id1,dist): 18 21 1.336173632475912
list:
dist: 1.336173632475912 vs. 1.336173632475912
--------
nle(id0,id1,dist): 18 20 1.51706465320186
list:
dist: 1.51706465320186 vs. 1.51706465320186
--------
nle(id0,id1,dist): 17 28 1.558100984776523
list:
dist: 1.558100984776523 vs. 1.558100984776523
--------
nle(id0,id1,dist): 17 29 1.4429415715653855
list:
dist: 1.4429415715653855 vs. 1.4429415715653855
--------
nle(id0,id1,dist): 18 23 1.4777698605490859
list:
dist: 1.4777698605490859 vs. 1.4777698605490859
--------
nle(id0,id1,dist): 18 24 1.9767743030632277
list:
dist: 1.9767743030632277 vs. 1.9767743030632277
--------
nle(id0,id1,dist): 18 25 2.6240159857282297
list:
dist: 2.6240159857282297 vs. 2.6240159857282297
--------
nle(id0,id1,dist): 18 27 2.371130454274331
list:
dist: 2.371130454274331 vs. 2.371130454274331
--------
nle(id0,id1,dist): 18 28 2.455741349947728
list:
dist: 2.455741349947728 vs. 2.455741349947728
--------
nle(id0,id1,dist): 18 29 1.474019504786995
list:
dist: 1.474019504786995 vs. 1.474019504786995
--------
nle(id0,id1,dist): 30 42 3.4899700348576506
list:
dist: 3.4899700348576506 vs. 3.4899700348576506
--------
nle(id0,id1,dist): 30 41 1.4195794386831
list:
dist: 1.4195794386831 vs. 1.4195794386831
--------
nle(id0,id1,dist): 30 40 3.7141913533514974
list:
dist: 3.7141913533514974 vs. 3.7141913533514974
--------
nle(id0,id1,dist): 30 39 3.53892147244285
list:
dist: 3.53892147244285 vs. 3.53892147244285
--------
nle(id0,id1,dist): 30 37 1.2730646871371665
list:
dist: 1.2730646871371665 vs. 1.2730646871371665
--------
nle(id0,id1,dist): 30 36 2.3080179608381393
list:
dist: 2.3080179608381393 vs. 2.3080179608381393
--------
nle(id0,id1,dist): 30 35 1.6149229196244148
list:
dist: 1.6149229196244148 vs. 1.6149229196244148
--------
nle(id0,id1,dist): 30 34 3.1335737385114797
list:
dist: 3.1335737385114797 vs. 3.1335737385114797
--------
nle(id0,id1,dist): 30 32 2.3021799351286707
list:
dist: 2.3021799351286707 vs. 2.3021799351286707
--------
nle(id0,id1,dist): 30 31 1.9099875429681095
list:
dist: 1.9099875429681095 vs. 1.9099875429681095
--------
nle(id0,id1,dist): 30 57 2.7080216350000166
list:
dist: 2.7080216350000166 vs. 2.7080216350000166
--------
nle(id0,id1,dist): 30 45 1.8016006483063003
list:
dist: 1.8016006483063003 vs. 1.8016006483063003
--------
nle(id0,id1,dist): 30 44 2.212035091121168
list:
dist: 2.212035091121168 vs. 2.212035091121168
--------
nle(id0,id1,dist): 28 29 1.6084765950974613
list:
dist: 1.6084765950974613 vs. 1.6084765950974613
--------
nle(id0,id1,dist): 26 27 1.9803833029819486
list:
dist: 1.9803833029819486 vs. 1.9803833029819486
--------
nle(id0,id1,dist): 26 28 1.552280611052236
list:
dist: 1.552280611052236 vs. 1.552280611052236
--------
nle(id0,id1,dist): 27 29 1.2315750896617021
list:
dist: 1.2315750896617021 vs. 1.2315750896617021
--------
nle(id0,id1,dist): 27 28 1.1115144013529823
list:
dist: 1.1115144013529823 vs. 1.1115144013529823
--------
nle(id0,id1,dist): 24 25 1.069128556344811
list:
dist: 1.069128556344811 vs. 1.069128556344811
--------
nle(id0,id1,dist): 24 26 1.8802348102047566
list:
dist: 1.8802348102047566 vs. 1.8802348102047566
--------
nle(id0,id1,dist): 24 27 1.4686823543938607
list:
dist: 1.4686823543938607 vs. 1.4686823543938607
--------
nle(id0,id1,dist): 24 28 1.1794535451399082
list:
dist: 1.1794535451399082 vs. 1.1794535451399082
--------
nle(id0,id1,dist): 24 29 1.8192741594303599
list:
dist: 1.8192741594303599 vs. 1.8192741594303599
--------
nle(id0,id1,dist): 25 26 1.9548079365665805
list:
dist: 1.9548079365665805 vs. 1.9548079365665805
--------
nle(id0,id1,dist): 25 27 2.393902011300033
list:
dist: 2.393902011300033 vs. 2.393902011300033
--------
nle(id0,id1,dist): 25 28 1.6496397137525334
list:
dist: 1.6496397137525334 vs. 1.6496397137525334
--------
nle(id0,id1,dist): 25 29 2.693303122857519
list:
dist: 2.693303122857519 vs. 2.693303122857519
--------
nle(id0,id1,dist): 62 64 1.2930871903407164
list:
dist: 1.2930871903407164 vs. 1.2930871903407164
--------
nle(id0,id1,dist): 62 66 2.4104613845147584
list:
dist: 2.4104613845147584 vs. 2.4104613845147584
--------
nle(id0,id1,dist): 62 65 1.4636270554889914
list:
dist: 1.4636270554889914 vs. 1.4636270554889914
--------
nle(id0,id1,dist): 62 72 2.7334461221994113
list:
dist: 2.7334461221994113 vs. 2.7334461221994113
--------
nle(id0,id1,dist): 62 73 1.847938010892278
list:
dist: 1.847938010892278 vs. 1.847938010892278
--------
nle(id0,id1,dist): 62 68 2.8911478612092663
list:
dist: 2.8911478612092663 vs. 2.8911478612092663
--------
nle(id0,id1,dist): 62 70 2.05875986397127
list:
dist: 2.05875986397127 vs. 2.05875986397127
--------
nle(id0,id1,dist): 62 69 3.4257274159102367
list:
dist: 3.4257274159102367 vs. 3.4257274159102367
--------
nle(id0,id1,dist): 61 87 2.6762552759672107
list:
dist: 2.6762552759672107 vs. 2.6762552759672107
--------
nle(id0,id1,dist): 61 84 2.3974942880143923
list:
dist: 2.3974942880143923 vs. 2.3974942880143923
--------
nle(id0,id1,dist): 61 85 3.5435323564086465
list:
dist: 3.5435323564086465 vs. 3.5435323564086465
--------
nle(id0,id1,dist): 61 82 2.2549584634172346
list:
dist: 2.2549584634172346 vs. 2.2549584634172346
--------
nle(id0,id1,dist): 61 83 3.5898840428365917
list:
dist: 3.5898840428365917 vs. 3.5898840428365917
--------
nle(id0,id1,dist): 61 80 1.5873010669813359
list:
dist: 1.5873010669813359 vs. 1.5873010669813359
--------
nle(id0,id1,dist): 61 71 1.4811281401676075
list:
dist: 1.4811281401676075 vs. 1.4811281401676075
--------
nle(id0,id1,dist): 61 70 1.974880759830809
list:
dist: 1.974880759830809 vs. 1.974880759830809
--------
nle(id0,id1,dist): 61 69 0.906819079080745
list:
dist: 0.906819079080745 vs. 0.906819079080745
--------
nle(id0,id1,dist): 61 66 1.0353373191612503
list:
dist: 1.0353373191612503 vs. 1.0353373191612503
--------
nle(id0,id1,dist): 61 65 1.4414575809928791
list:
dist: 1.4414575809928791 vs. 1.4414575809928791
--------
nle(id0,id1,dist): 61 64 2.2199502384289747
list:
dist: 2.2199502384289747 vs. 2.2199502384289747
--------
nle(id0,id1,dist): 61 77 2.742317784780857
list:
dist: 2.742317784780857 vs. 2.742317784780857
--------
nle(id0,id1,dist): 61 74 3.490885873413153
list:
dist: 3.490885873413153 vs. 3.490885873413153
--------
nle(id0,id1,dist): 61 73 2.4699049747338306
list:
dist: 2.4699049747338306 vs. 2.4699049747338306
--------
nle(id0,id1,dist): 61 72 1.9649401066017882
list:
dist: 1.9649401066017882 vs. 1.9649401066017882
--------
nle(id0,id1,dist): 64 65 0.9713507433376358
list:
dist: 0.9713507433376358 vs. 0.9713507433376358
--------
nle(id0,id1,dist): 64 66 1.6312009683766076
list:
dist: 1.6312009683766076 vs. 1.6312009683766076
--------
nle(id0,id1,dist): 64 68 2.1938323231421997
list:
dist: 2.1938323231421997 vs. 2.1938323231421997
--------
nle(id0,id1,dist): 64 69 3.001686018984816
list:
dist: 3.001686018984816 vs. 3.001686018984816
--------
nle(id0,id1,dist): 64 70 1.9980610873950058
list:
dist: 1.9980610873950058 vs. 1.9980610873950058
--------
nle(id0,id1,dist): 64 72 2.07183499279297
list:
dist: 2.07183499279297 vs. 2.07183499279297
--------
nle(id0,id1,dist): 64 73 0.9932707955268575
list:
dist: 0.9932707955268575 vs. 0.9932707955268575
--------
nle(id0,id1,dist): 63 87 1.2337234194905597
list:
dist: 1.2337234194905597 vs. 1.2337234194905597
--------
nle(id0,id1,dist): 63 72 2.602975967386225
list:
dist: 2.602975967386225 vs. 2.602975967386225
--------
nle(id0,id1,dist): 63 73 3.9048387655271184
list:
dist: 3.9048387655271184 vs. 3.9048387655271184
--------
nle(id0,id1,dist): 63 70 2.716125749260231
list:
dist: 2.716125749260231 vs. 2.716125749260231
--------
nle(id0,id1,dist): 63 71 1.2715823052243116
list:
dist: 1.2715823052243116 vs. 1.2715823052243116
--------
nle(id0,id1,dist): 63 76 2.7508326978149285
list:
dist: 2.7508326978149285 vs. 2.7508326978149285
--------
nle(id0,id1,dist): 63 77 2.1152066003951497
list:
dist: 2.1152066003951497 vs. 2.1152066003951497
--------
nle(id0,id1,dist): 63 74 3.3750891218051096
list:
dist: 3.3750891218051096 vs. 3.3750891218051096
--------
nle(id0,id1,dist): 63 80 1.5541297201233875
list:
dist: 1.5541297201233875 vs. 1.5541297201233875
--------
nle(id0,id1,dist): 63 81 1.7887765438375474
list:
dist: 1.7887765438375474 vs. 1.7887765438375474
--------
nle(id0,id1,dist): 63 79 4.527190469176808
list:
dist: 4.527190469176808 vs. 4.527190469176808
--------
nle(id0,id1,dist): 63 84 0.7782533312668514
list:
dist: 0.7782533312668514 vs. 0.7782533312668514
--------
nle(id0,id1,dist): 63 85 2.5577638341372246
list:
dist: 2.5577638341372246 vs. 2.5577638341372246
--------
nle(id0,id1,dist): 63 82 1.4607329021406597
list:
dist: 1.4607329021406597 vs. 1.4607329021406597
--------
nle(id0,id1,dist): 63 83 2.8881574730965602
list:
dist: 2.8881574730965602 vs. 2.8881574730965602
--------
nle(id0,id1,dist): 63 69 1.4898130194305492
list:
dist: 1.4898130194305492 vs. 1.4898130194305492
--------
nle(id0,id1,dist): 63 66 2.621074757508061
list:
dist: 2.621074757508061 vs. 2.621074757508061
--------
nle(id0,id1,dist): 58 59 1.347373154746931
list:
dist: 1.347373154746931 vs. 1.347373154746931
--------
nle(id0,id1,dist): 61 63 2.3506413853655084
list:
dist: 2.3506413853655084 vs. 2.3506413853655084
--------
nle(id0,id1,dist): 61 62 2.6957061891394236
list:
dist: 2.6957061891394236 vs. 2.6957061891394236
--------
nle(id0,id1,dist): 60 85 2.610284114497289
list:
dist: 2.610284114497289 vs. 2.610284114497289
--------
nle(id0,id1,dist): 60 87 1.6897310798749325
list:
dist: 1.6897310798749325 vs. 1.6897310798749325
--------
nle(id0,id1,dist): 60 77 1.857240518340114
list:
dist: 1.857240518340114 vs. 1.857240518340114
--------
nle(id0,id1,dist): 60 80 0.7311787233463493
list:
dist: 0.7311787233463493 vs. 0.7311787233463493
--------
nle(id0,id1,dist): 60 82 1.2821537023332457
list:
dist: 1.2821537023332457 vs. 1.2821537023332457
--------
nle(id0,id1,dist): 60 83 3.006596317878365
list:
dist: 3.006596317878365 vs. 3.006596317878365
--------
nle(id0,id1,dist): 60 84 1.0617646113829862
list:
dist: 1.0617646113829862 vs. 1.0617646113829862
--------
nle(id0,id1,dist): 60 69 0.8625541865588624
list:
dist: 0.8625541865588624 vs. 0.8625541865588624
--------
nle(id0,id1,dist): 60 70 1.5914466810592562
list:
dist: 1.5914466810592562 vs. 1.5914466810592562
--------
nle(id0,id1,dist): 60 71 0.3137793286416015
list:
dist: 0.3137793286416015 vs. 0.3137793286416015
--------
nle(id0,id1,dist): 60 72 1.6759403302901412
list:
dist: 1.6759403302901412 vs. 1.6759403302901412
--------
nle(id0,id1,dist): 60 73 2.7814798775832665
list:
dist: 2.7814798775832665 vs. 2.7814798775832665
--------
nle(id0,id1,dist): 60 74 2.71091033629963
list:
dist: 2.71091033629963 vs. 2.71091033629963
--------
nle(id0,id1,dist): 60 64 2.9500732801144016
list:
dist: 2.9500732801144016 vs. 2.9500732801144016
--------
nle(id0,id1,dist): 60 63 1.248539085658062
list:
dist: 1.248539085658062 vs. 1.248539085658062
--------
nle(id0,id1,dist): 60 62 3.2220353682256015
list:
dist: 3.2220353682256015 vs. 3.2220353682256015
--------
nle(id0,id1,dist): 60 61 1.356194158630261
list:
dist: 1.356194158630261 vs. 1.356194158630261
--------
nle(id0,id1,dist): 60 66 1.5343787441391776
list:
dist: 1.5343787441391776 vs. 1.5343787441391776
--------
nle(id0,id1,dist): 60 65 2.416711768742561
list:
dist: 2.416711768742561 vs. 2.416711768742561
--------
nle(id0,id1,dist): 69 71 1.0227790720999548
list:
dist: 1.0227790720999548 vs. 1.0227790720999548
--------
nle(id0,id1,dist): 69 70 2.1974808043737255
list:
dist: 2.1974808043737255 vs. 2.1974808043737255
--------
nle(id0,id1,dist): 69 77 2.4090517289586844
list:
dist: 2.4090517289586844 vs. 2.4090517289586844
--------
nle(id0,id1,dist): 69 74 3.4732634682221457
list:
dist: 3.4732634682221457 vs. 3.4732634682221457
--------
nle(id0,id1,dist): 69 72 2.0968818585560896
list:
dist: 2.0968818585560896 vs. 2.0968818585560896
--------
nle(id0,id1,dist): 69 73 3.034009405777697
list:
dist: 3.034009405777697 vs. 3.034009405777697
--------
nle(id0,id1,dist): 69 87 2.0000917956680504
list:
dist: 2.0000917956680504 vs. 2.0000917956680504
--------
nle(id0,id1,dist): 69 84 1.7085902748332025
list:
dist: 1.7085902748332025 vs. 1.7085902748332025
--------
nle(id0,id1,dist): 69 85 3.1320858201832533
list:
dist: 3.1320858201832533 vs. 3.1320858201832533
--------
nle(id0,id1,dist): 69 82 1.7323433119582656
list:
dist: 1.7323433119582656 vs. 1.7323433119582656
--------
nle(id0,id1,dist): 69 83 3.2066425227633624
list:
dist: 3.2066425227633624 vs. 3.2066425227633624
--------
nle(id0,id1,dist): 69 80 1.2761776538000253
list:
dist: 1.2761776538000253 vs. 1.2761776538000253
--------
nle(id0,id1,dist): 67 103 3.2171878758036248
list:
dist: 3.2171878758036248 vs. 3.2171878758036248
--------
nle(id0,id1,dist): 67 102 2.6545548543301236
list:
dist: 2.6545548543301236 vs. 2.6545548543301236
--------
nle(id0,id1,dist): 67 105 3.4898474455908914
list:
dist: 3.4898474455908914 vs. 3.4898474455908914
--------
nle(id0,id1,dist): 67 104 1.975248427690283
list:
dist: 1.975248427690283 vs. 1.975248427690283
--------
nle(id0,id1,dist): 67 99 1.701777108984008
list:
dist: 1.701777108984008 vs. 1.701777108984008
--------
nle(id0,id1,dist): 67 98 1.918051769165684
list:
dist: 1.918051769165684 vs. 1.918051769165684
--------
nle(id0,id1,dist): 67 100 2.9158801167779163
list:
dist: 2.9158801167779163 vs. 2.9158801167779163
--------
nle(id0,id1,dist): 68 74 3.29353100318761
list:
dist: 3.29353100318761 vs. 3.29353100318761
--------
nle(id0,id1,dist): 67 111 1.2420152027529634
list:
dist: 1.2420152027529634 vs. 1.2420152027529634
--------
nle(id0,id1,dist): 68 73 1.695590900333132
list:
dist: 1.695590900333132 vs. 1.695590900333132
--------
nle(id0,id1,dist): 67 110 1.3458825545492612
list:
dist: 1.3458825545492612 vs. 1.3458825545492612
--------
nle(id0,id1,dist): 67 113 1.362036919883412
list:
dist: 1.362036919883412 vs. 1.362036919883412
--------
nle(id0,id1,dist): 68 75 2.7283961198447075
list:
dist: 2.7283961198447075 vs. 2.7283961198447075
--------
nle(id0,id1,dist): 67 112 1.2200325057279784
list:
dist: 1.2200325057279784 vs. 1.2200325057279784
--------
nle(id0,id1,dist): 68 70 3.1848446117467746
list:
dist: 3.1848446117467746 vs. 3.1848446117467746
--------
nle(id0,id1,dist): 67 107 2.0034603100421062
list:
dist: 2.0034603100421062 vs. 2.0034603100421062
--------
nle(id0,id1,dist): 67 106 2.170113144204773
list:
dist: 2.170113144204773 vs. 2.170113144204773
--------
nle(id0,id1,dist): 68 72 2.8829108348131625
list:
dist: 2.8829108348131625 vs. 2.8829108348131625
--------
nle(id0,id1,dist): 67 109 1.8635862240731398
list:
dist: 1.8635862240731398 vs. 1.8635862240731398
--------
nle(id0,id1,dist): 67 108 1.4233239236756472
list:
dist: 1.4233239236756472 vs. 1.4233239236756472
--------
nle(id0,id1,dist): 67 118 1.4748350892399171
list:
dist: 1.4748350892399171 vs. 1.4748350892399171
--------
nle(id0,id1,dist): 67 119 2.0546590808354033
list:
dist: 2.0546590808354033 vs. 2.0546590808354033
--------
nle(id0,id1,dist): 68 83 4.467367236974895
list:
dist: 4.467367236974895 vs. 4.467367236974895
--------
nle(id0,id1,dist): 68 77 3.8780068735190625
list:
dist: 3.8780068735190625 vs. 3.8780068735190625
--------
nle(id0,id1,dist): 67 114 1.92029196480551
list:
dist: 1.92029196480551 vs. 1.92029196480551
--------
nle(id0,id1,dist): 67 115 2.4190256200810567
list:
dist: 2.4190256200810567 vs. 2.4190256200810567
--------
nle(id0,id1,dist): 68 78 3.5862277274407073
list:
dist: 3.5862277274407073 vs. 3.5862277274407073
--------
nle(id0,id1,dist): 67 116 0.8116576185600711
list:
dist: 0.8116576185600711 vs. 0.8116576185600711
--------
nle(id0,id1,dist): 68 80 3.9261226437112153
list:
dist: 3.9261226437112153 vs. 3.9261226437112153
--------
nle(id0,id1,dist): 67 117 1.686977564595688
list:
dist: 1.686977564595688 vs. 1.686977564595688
--------
nle(id0,id1,dist): 68 85 4.328827645556505
list:
dist: 4.328827645556505 vs. 4.328827645556505
--------
nle(id0,id1,dist): 70 85 2.7948548976739223
list:
dist: 2.7948548976739223 vs. 2.7948548976739223
--------
nle(id0,id1,dist): 70 84 2.2025534152077713
list:
dist: 2.2025534152077713 vs. 2.2025534152077713
--------
nle(id0,id1,dist): 70 83 3.434049682273759
list:
dist: 3.434049682273759 vs. 3.434049682273759
--------
nle(id0,id1,dist): 70 87 2.699637809609589
list:
dist: 2.699637809609589 vs. 2.699637809609589
--------
nle(id0,id1,dist): 71 72 1.4423997962267536
list:
dist: 1.4423997962267536 vs. 1.4423997962267536
--------
nle(id0,id1,dist): 71 73 2.6504724078009927
list:
dist: 2.6504724078009927 vs. 2.6504724078009927
--------
nle(id0,id1,dist): 71 76 2.903925689339703
list:
dist: 2.903925689339703 vs. 2.903925689339703
--------
nle(id0,id1,dist): 71 77 1.548287736646655
list:
dist: 1.548287736646655 vs. 1.548287736646655
--------
nle(id0,id1,dist): 71 74 2.509662761760135
list:
dist: 2.509662761760135 vs. 2.509662761760135
--------
nle(id0,id1,dist): 70 71 1.519337937129968
list:
dist: 1.519337937129968 vs. 1.519337937129968
--------
nle(id0,id1,dist): 70 72 1.142504988053759
list:
dist: 1.142504988053759 vs. 1.142504988053759
--------
nle(id0,id1,dist): 70 73 1.628387933649888
list:
dist: 1.628387933649888 vs. 1.628387933649888
--------
nle(id0,id1,dist): 70 74 1.6705456118737958
list:
dist: 1.6705456118737958 vs. 1.6705456118737958
--------
nle(id0,id1,dist): 70 75 2.516172312921214
list:
dist: 2.516172312921214 vs. 2.516172312921214
--------
nle(id0,id1,dist): 70 77 2.0122528477383086
list:
dist: 2.0122528477383086 vs. 2.0122528477383086
--------
nle(id0,id1,dist): 70 78 2.960183100307946
list:
dist: 2.960183100307946 vs. 2.960183100307946
--------
nle(id0,id1,dist): 70 80 1.4146781050880104
list:
dist: 1.4146781050880104 vs. 1.4146781050880104
--------
nle(id0,id1,dist): 70 82 2.306389556483743
list:
dist: 2.306389556483743 vs. 2.306389556483743
--------
nle(id0,id1,dist): 66 70 1.4607500820446062
list:
dist: 1.4607500820446062 vs. 1.4607500820446062
--------
nle(id0,id1,dist): 66 69 1.5254916460440442
list:
dist: 1.5254916460440442 vs. 1.5254916460440442
--------
nle(id0,id1,dist): 66 68 3.1703162466553567
list:
dist: 3.1703162466553567 vs. 3.1703162466553567
--------
nle(id0,id1,dist): 65 73 1.691374120340675
list:
dist: 1.691374120340675 vs. 1.691374120340675
--------
nle(id0,id1,dist): 65 72 2.1468091895796353
list:
dist: 2.1468091895796353 vs. 2.1468091895796353
--------
nle(id0,id1,dist): 65 69 2.3079480383814586
list:
dist: 2.3079480383814586 vs. 2.3079480383814586
--------
nle(id0,id1,dist): 65 68 3.1431618433613235
list:
dist: 3.1431618433613235 vs. 3.1431618433613235
--------
nle(id0,id1,dist): 65 70 1.9243338397250986
list:
dist: 1.9243338397250986 vs. 1.9243338397250986
--------
nle(id0,id1,dist): 65 66 1.3236022892584034
list:
dist: 1.3236022892584034 vs. 1.3236022892584034
--------
nle(id0,id1,dist): 67 79 1.7381899773258593
list:
dist: 1.7381899773258593 vs. 1.7381899773258593
--------
nle(id0,id1,dist): 67 93 2.7310746322199737
list:
dist: 2.7310746322199737 vs. 2.7310746322199737
--------
nle(id0,id1,dist): 67 92 3.8574584501547347
list:
dist: 3.8574584501547347 vs. 3.8574584501547347
--------
nle(id0,id1,dist): 67 91 2.413712712254815
list:
dist: 2.413712712254815 vs. 2.413712712254815
--------
nle(id0,id1,dist): 67 97 4.1847841664123875
list:
dist: 4.1847841664123875 vs. 4.1847841664123875
--------
nle(id0,id1,dist): 67 96 2.1192227256639047
list:
dist: 2.1192227256639047 vs. 2.1192227256639047
--------
nle(id0,id1,dist): 67 95 1.4187575622617903
list:
dist: 1.4187575622617903 vs. 1.4187575622617903
--------
nle(id0,id1,dist): 67 94 3.2021619559491024
list:
dist: 3.2021619559491024 vs. 3.2021619559491024
--------
nle(id0,id1,dist): 66 80 1.270386281695787
list:
dist: 1.270386281695787 vs. 1.270386281695787
--------
nle(id0,id1,dist): 66 82 2.7047176102581827
list:
dist: 2.7047176102581827 vs. 2.7047176102581827
--------
nle(id0,id1,dist): 66 83 3.009462239718026
list:
dist: 3.009462239718026 vs. 3.009462239718026
--------
nle(id0,id1,dist): 66 84 2.5186493224310045
list:
dist: 2.5186493224310045 vs. 2.5186493224310045
--------
nle(id0,id1,dist): 66 85 2.9412255652386885
list:
dist: 2.9412255652386885 vs. 2.9412255652386885
--------
nle(id0,id1,dist): 66 71 1.4559840371858594
list:
dist: 1.4559840371858594 vs. 1.4559840371858594
--------
nle(id0,id1,dist): 66 72 1.0708648976196562
list:
dist: 1.0708648976196562 vs. 1.0708648976196562
--------
nle(id0,id1,dist): 66 73 1.5555375155088065
list:
dist: 1.5555375155088065 vs. 1.5555375155088065
--------
nle(id0,id1,dist): 66 74 2.7774533362223144
list:
dist: 2.7774533362223144 vs. 2.7774533362223144
--------
nle(id0,id1,dist): 66 75 2.5019031065338004
list:
dist: 2.5019031065338004 vs. 2.5019031065338004
--------
nle(id0,id1,dist): 66 77 2.1375171758307365
list:
dist: 2.1375171758307365 vs. 2.1375171758307365
--------
nle(id0,id1,dist): 66 78 3.139252275281939
list:
dist: 3.139252275281939 vs. 3.139252275281939
--------
nle(id0,id1,dist): 66 87 2.4914981210840823
list:
dist: 2.4914981210840823 vs. 2.4914981210840823
--------
nle(id0,id1,dist): 48 51 0.9815120452269637
list:
dist: 0.9815120452269637 vs. 0.9815120452269637
--------
nle(id0,id1,dist): 48 52 1.723318916955051
list:
dist: 1.723318916955051 vs. 1.723318916955051
--------
nle(id0,id1,dist): 48 49 2.3167374821190863
list:
dist: 2.3167374821190863 vs. 2.3167374821190863
--------
nle(id0,id1,dist): 48 50 2.1606123861293427
list:
dist: 2.1606123861293427 vs. 2.1606123861293427
--------
nle(id0,id1,dist): 48 55 2.1642408860912528
list:
dist: 2.1642408860912528 vs. 2.1642408860912528
--------
nle(id0,id1,dist): 48 56 1.179390852135927
list:
dist: 1.179390852135927 vs. 1.179390852135927
--------
nle(id0,id1,dist): 48 54 2.6111281094737393
list:
dist: 2.6111281094737393 vs. 2.6111281094737393
--------
nle(id0,id1,dist): 48 59 2.857246799109291
list:
dist: 2.857246799109291 vs. 2.857246799109291
--------
nle(id0,id1,dist): 48 57 2.624183878752218
list:
dist: 2.624183878752218 vs. 2.624183878752218
--------
nle(id0,id1,dist): 48 58 2.658223318255844
list:
dist: 2.658223318255844 vs. 2.658223318255844
--------
nle(id0,id1,dist): 49 50 0.7586403730238668
list:
dist: 0.7586403730238668 vs. 0.7586403730238668
--------
nle(id0,id1,dist): 49 52 2.3585018332615957
list:
dist: 2.3585018332615957 vs. 2.3585018332615957
--------
nle(id0,id1,dist): 49 54 0.7803330394357152
list:
dist: 0.7803330394357152 vs. 0.7803330394357152
--------
nle(id0,id1,dist): 49 55 1.0389193019612926
list:
dist: 1.0389193019612926 vs. 1.0389193019612926
--------
nle(id0,id1,dist): 49 57 1.6325710701078509
list:
dist: 1.6325710701078509 vs. 1.6325710701078509
--------
nle(id0,id1,dist): 49 58 2.2372978558238237
list:
dist: 2.2372978558238237 vs. 2.2372978558238237
--------
nle(id0,id1,dist): 49 59 1.319651880725616
list:
dist: 1.319651880725616 vs. 1.319651880725616
--------
nle(id0,id1,dist): 50 54 0.9261351202052548
list:
dist: 0.9261351202052548 vs. 0.9261351202052548
--------
nle(id0,id1,dist): 50 52 1.7082830212414102
list:
dist: 1.7082830212414102 vs. 1.7082830212414102
--------
nle(id0,id1,dist): 50 59 0.9010222920681089
list:
dist: 0.9010222920681089 vs. 0.9010222920681089
--------
nle(id0,id1,dist): 50 55 1.436316007759136
list:
dist: 1.436316007759136 vs. 1.436316007759136
--------
nle(id0,id1,dist): 50 58 1.4950999751834821
list:
dist: 1.4950999751834821 vs. 1.4950999751834821
--------
nle(id0,id1,dist): 50 57 2.317158727063361
list:
dist: 2.317158727063361 vs. 2.317158727063361
--------
nle(id0,id1,dist): 45 47 3.3171626381254695
list:
dist: 3.3171626381254695 vs. 3.3171626381254695
--------
nle(id0,id1,dist): 44 55 3.171455047832904
list:
dist: 3.171455047832904 vs. 3.171455047832904
--------
nle(id0,id1,dist): 44 54 3.481360956822847
list:
dist: 3.481360956822847 vs. 3.481360956822847
--------
nle(id0,id1,dist): 44 59 4.110129839873761
list:
dist: 4.110129839873761 vs. 4.110129839873761
--------
nle(id0,id1,dist): 44 57 1.6666810878711669
list:
dist: 1.6666810878711669 vs. 1.6666810878711669
--------
nle(id0,id1,dist): 45 56 3.072316355166091
list:
dist: 3.072316355166091 vs. 3.072316355166091
--------
nle(id0,id1,dist): 45 57 1.7002708234758659
list:
dist: 1.7002708234758659 vs. 1.7002708234758659
--------
nle(id0,id1,dist): 45 59 4.325215155531493
list:
dist: 4.325215155531493 vs. 4.325215155531493
--------
nle(id0,id1,dist): 45 48 2.772854063957707
list:
dist: 2.772854063957707 vs. 2.772854063957707
--------
nle(id0,id1,dist): 45 49 3.077810175568208
list:
dist: 3.077810175568208 vs. 3.077810175568208
--------
nle(id0,id1,dist): 45 50 3.5796525508571735
list:
dist: 3.5796525508571735 vs. 3.5796525508571735
--------
nle(id0,id1,dist): 45 51 3.570646261619871
list:
dist: 3.570646261619871 vs. 3.570646261619871
--------
nle(id0,id1,dist): 45 54 3.636495838276591
list:
dist: 3.636495838276591 vs. 3.636495838276591
--------
nle(id0,id1,dist): 45 55 2.9038658870264333
list:
dist: 2.9038658870264333 vs. 2.9038658870264333
--------
nle(id0,id1,dist): 46 59 2.279882005995027
list:
dist: 2.279882005995027 vs. 2.279882005995027
--------
nle(id0,id1,dist): 46 57 2.562198881455064
list:
dist: 2.562198881455064 vs. 2.562198881455064
--------
nle(id0,id1,dist): 46 58 3.4148928500415594
list:
dist: 3.4148928500415594 vs. 3.4148928500415594
--------
nle(id0,id1,dist): 46 55 2.6029289336671386
list:
dist: 2.6029289336671386 vs. 2.6029289336671386
--------
nle(id0,id1,dist): 46 54 2.0553707081616377
list:
dist: 2.0553707081616377 vs. 2.0553707081616377
--------
nle(id0,id1,dist): 46 49 1.8574592510501755
list:
dist: 1.8574592510501755 vs. 1.8574592510501755
--------
nle(id0,id1,dist): 46 50 2.25659840474536
list:
dist: 2.25659840474536 vs. 2.25659840474536
--------
nle(id0,id1,dist): 47 59 1.9758084819882327
list:
dist: 1.9758084819882327 vs. 1.9758084819882327
--------
nle(id0,id1,dist): 47 58 2.1761796429049407
list:
dist: 2.1761796429049407 vs. 2.1761796429049407
--------
nle(id0,id1,dist): 47 55 1.21997018694012
list:
dist: 1.21997018694012 vs. 1.21997018694012
--------
nle(id0,id1,dist): 47 54 1.6483010368108728
list:
dist: 1.6483010368108728 vs. 1.6483010368108728
--------
nle(id0,id1,dist): 47 57 2.501592575380994
list:
dist: 2.501592575380994 vs. 2.501592575380994
--------
nle(id0,id1,dist): 47 56 1.8481289537123762
list:
dist: 1.8481289537123762 vs. 1.8481289537123762
--------
nle(id0,id1,dist): 47 50 1.6865440891170023
list:
dist: 1.6865440891170023 vs. 1.6865440891170023
--------
nle(id0,id1,dist): 47 51 1.7361501707467009
list:
dist: 1.7361501707467009 vs. 1.7361501707467009
--------
nle(id0,id1,dist): 47 52 1.955278825619232
list:
dist: 1.955278825619232 vs. 1.955278825619232
--------
nle(id0,id1,dist): 47 48 1.4682291907831497
list:
dist: 1.4682291907831497 vs. 1.4682291907831497
--------
nle(id0,id1,dist): 47 49 1.8120825147269872
list:
dist: 1.8120825147269872 vs. 1.8120825147269872
--------
nle(id0,id1,dist): 55 57 1.5813095120979472
list:
dist: 1.5813095120979472 vs. 1.5813095120979472
--------
nle(id0,id1,dist): 55 58 2.5947223319685184
list:
dist: 2.5947223319685184 vs. 2.5947223319685184
--------
nle(id0,id1,dist): 55 59 1.7221578705755884
list:
dist: 1.7221578705755884 vs. 1.7221578705755884
--------
nle(id0,id1,dist): 57 59 2.907045069546027
list:
dist: 2.907045069546027 vs. 2.907045069546027
--------
nle(id0,id1,dist): 51 52 1.880628766995746
list:
dist: 1.880628766995746 vs. 1.880628766995746
--------
nle(id0,id1,dist): 51 56 0.866906032526114
list:
dist: 0.866906032526114 vs. 0.866906032526114
--------
nle(id0,id1,dist): 52 55 2.6464273561785876
list:
dist: 2.6464273561785876 vs. 2.6464273561785876
--------
nle(id0,id1,dist): 52 56 2.614244047916724
list:
dist: 2.614244047916724 vs. 2.614244047916724
--------
nle(id0,id1,dist): 52 54 2.4572239832962013
list:
dist: 2.4572239832962013 vs. 2.4572239832962013
--------
nle(id0,id1,dist): 52 59 2.1354785372285026
list:
dist: 2.1354785372285026 vs. 2.1354785372285026
--------
nle(id0,id1,dist): 52 58 1.2284777618539007
list:
dist: 1.2284777618539007 vs. 1.2284777618539007
--------
nle(id0,id1,dist): 53 68 1.691641728099094
list:
dist: 1.691641728099094 vs. 1.691641728099094
--------
nle(id0,id1,dist): 53 70 2.3968592113017673
list:
dist: 2.3968592113017673 vs. 2.3968592113017673
--------
nle(id0,id1,dist): 53 65 2.43956119977761
list:
dist: 2.43956119977761 vs. 2.43956119977761
--------
nle(id0,id1,dist): 53 64 1.6478234523656816
list:
dist: 1.6478234523656816 vs. 1.6478234523656816
--------
nle(id0,id1,dist): 53 66 2.894930352630845
list:
dist: 2.894930352630845 vs. 2.894930352630845
--------
nle(id0,id1,dist): 53 62 1.4949028497907875
list:
dist: 1.4949028497907875 vs. 1.4949028497907875
--------
nle(id0,id1,dist): 53 72 2.7536857855340116
list:
dist: 2.7536857855340116 vs. 2.7536857855340116
--------
nle(id0,id1,dist): 53 73 1.5224732217483323
list:
dist: 1.5224732217483323 vs. 1.5224732217483323
--------
nle(id0,id1,dist): 54 59 0.8579682333787445
list:
dist: 0.8579682333787445 vs. 0.8579682333787445
--------
nle(id0,id1,dist): 54 58 2.0254170827182936
list:
dist: 2.0254170827182936 vs. 2.0254170827182936
--------
nle(id0,id1,dist): 54 57 2.1464248997775695
list:
dist: 2.1464248997775695 vs. 2.1464248997775695
--------
nle(id0,id1,dist): 54 55 0.9427573848929981
list:
dist: 0.9427573848929981 vs. 0.9427573848929981
--------
nle(id0,id1,dist): 93 112 2.2293872054950206
list:
dist: 2.2293872054950206 vs. 2.2293872054950206
--------
nle(id0,id1,dist): 93 113 2.9858979941289294
list:
dist: 2.9858979941289294 vs. 2.9858979941289294
--------
nle(id0,id1,dist): 93 114 1.950069775874324
list:
dist: 1.950069775874324 vs. 1.950069775874324
--------
nle(id0,id1,dist): 93 97 1.6225308188407686
list:
dist: 1.6225308188407686 vs. 1.6225308188407686
--------
nle(id0,id1,dist): 93 96 0.6650825451404018
list:
dist: 0.6650825451404018 vs. 0.6650825451404018
--------
nle(id0,id1,dist): 93 99 1.2340449388754617
list:
dist: 1.2340449388754617 vs. 1.2340449388754617
--------
nle(id0,id1,dist): 93 98 2.325934383464874
list:
dist: 2.325934383464874 vs. 2.325934383464874
--------
nle(id0,id1,dist): 93 101 2.3014643450713668
list:
dist: 2.3014643450713668 vs. 2.3014643450713668
--------
nle(id0,id1,dist): 93 100 1.4432036693658434
list:
dist: 1.4432036693658434 vs. 1.4432036693658434
--------
nle(id0,id1,dist): 93 103 1.1715686680445694
list:
dist: 1.1715686680445694 vs. 1.1715686680445694
--------
nle(id0,id1,dist): 93 102 2.057706516573924
list:
dist: 2.057706516573924 vs. 2.057706516573924
--------
nle(id0,id1,dist): 93 105 1.462998475885216
list:
dist: 1.462998475885216 vs. 1.462998475885216
--------
nle(id0,id1,dist): 93 104 1.8162265651912546
list:
dist: 1.8162265651912546 vs. 1.8162265651912546
--------
nle(id0,id1,dist): 93 107 1.8683624780625319
list:
dist: 1.8683624780625319 vs. 1.8683624780625319
--------
nle(id0,id1,dist): 93 106 1.0336079749105487
list:
dist: 1.0336079749105487 vs. 1.0336079749105487
--------
nle(id0,id1,dist): 93 109 1.485457065009437
list:
dist: 1.485457065009437 vs. 1.485457065009437
--------
nle(id0,id1,dist): 93 108 1.7475942389932277
list:
dist: 1.7475942389932277 vs. 1.7475942389932277
--------
nle(id0,id1,dist): 93 111 1.507253178832845
list:
dist: 1.507253178832845 vs. 1.507253178832845
--------
nle(id0,id1,dist): 93 110 2.2729082917368646
list:
dist: 2.2729082917368646 vs. 2.2729082917368646
--------
nle(id0,id1,dist): 94 109 1.8640903092484264
list:
dist: 1.8640903092484264 vs. 1.8640903092484264
--------
nle(id0,id1,dist): 94 110 2.453819219739819
list:
dist: 2.453819219739819 vs. 2.453819219739819
--------
nle(id0,id1,dist): 94 107 2.2397805500046304
list:
dist: 2.2397805500046304 vs. 2.2397805500046304
--------
nle(id0,id1,dist): 94 108 2.6214767645154504
list:
dist: 2.6214767645154504 vs. 2.6214767645154504
--------
nle(id0,id1,dist): 94 113 3.594981339286595
list:
dist: 3.594981339286595 vs. 3.594981339286595
--------
nle(id0,id1,dist): 94 114 2.1847424606268637
list:
dist: 2.1847424606268637 vs. 2.1847424606268637
--------
nle(id0,id1,dist): 94 111 2.0873117159176813
list:
dist: 2.0873117159176813 vs. 2.0873117159176813
--------
nle(id0,id1,dist): 94 112 2.3421385467099243
list:
dist: 2.3421385467099243 vs. 2.3421385467099243
--------
nle(id0,id1,dist): 94 117 3.468668998171652
list:
dist: 3.468668998171652 vs. 3.468668998171652
--------
nle(id0,id1,dist): 94 118 2.387654032031258
list:
dist: 2.387654032031258 vs. 2.387654032031258
--------
nle(id0,id1,dist): 94 115 3.397913955898501
list:
dist: 3.397913955898501 vs. 3.397913955898501
--------
nle(id0,id1,dist): 94 119 3.366231223883095
list:
dist: 3.366231223883095 vs. 3.366231223883095
--------
nle(id0,id1,dist): 94 98 3.2265781281307904
list:
dist: 3.2265781281307904 vs. 3.2265781281307904
--------
nle(id0,id1,dist): 94 97 2.2307588680968427
list:
dist: 2.2307588680968427 vs. 2.2307588680968427
--------
nle(id0,id1,dist): 94 96 1.6284814728570685
list:
dist: 1.6284814728570685 vs. 1.6284814728570685
--------
nle(id0,id1,dist): 94 95 1.9050401915533852
list:
dist: 1.9050401915533852 vs. 1.9050401915533852
--------
nle(id0,id1,dist): 94 102 2.375683853509167
list:
dist: 2.375683853509167 vs. 2.375683853509167
--------
nle(id0,id1,dist): 94 101 1.3344395281174086
list:
dist: 1.3344395281174086 vs. 1.3344395281174086
--------
nle(id0,id1,dist): 94 100 1.2866583675860568
list:
dist: 1.2866583675860568 vs. 1.2866583675860568
--------
nle(id0,id1,dist): 94 99 1.6651302317660988
list:
dist: 1.6651302317660988 vs. 1.6651302317660988
--------
nle(id0,id1,dist): 94 106 1.7388914264981474
list:
dist: 1.7388914264981474 vs. 1.7388914264981474
--------
nle(id0,id1,dist): 94 105 2.319385926561269
list:
dist: 2.319385926561269 vs. 2.319385926561269
--------
nle(id0,id1,dist): 94 104 2.530082589037634
list:
dist: 2.530082589037634 vs. 2.530082589037634
--------
nle(id0,id1,dist): 94 103 1.4054354445754076
list:
dist: 1.4054354445754076 vs. 1.4054354445754076
--------
nle(id0,id1,dist): 92 97 2.0000521044101265
list:
dist: 2.0000521044101265 vs. 2.0000521044101265
--------
nle(id0,id1,dist): 92 98 3.297615568483149
list:
dist: 3.297615568483149 vs. 3.297615568483149
--------
nle(id0,id1,dist): 92 99 2.159447289055584
list:
dist: 2.159447289055584 vs. 2.159447289055584
--------
nle(id0,id1,dist): 92 100 1.2216924187158231
list:
dist: 1.2216924187158231 vs. 1.2216924187158231
--------
nle(id0,id1,dist): 92 93 1.4561833358128728
list:
dist: 1.4561833358128728 vs. 1.4561833358128728
--------
nle(id0,id1,dist): 92 94 1.1408017954729088
list:
dist: 1.1408017954729088 vs. 1.1408017954729088
--------
nle(id0,id1,dist): 92 95 2.7006019433991124
list:
dist: 2.7006019433991124 vs. 2.7006019433991124
--------
nle(id0,id1,dist): 92 96 1.9998489652521707
list:
dist: 1.9998489652521707 vs. 1.9998489652521707
--------
nle(id0,id1,dist): 91 111 1.601958538759318
list:
dist: 1.601958538759318 vs. 1.601958538759318
--------
nle(id0,id1,dist): 91 110 1.3518973911381542
list:
dist: 1.3518973911381542 vs. 1.3518973911381542
--------
nle(id0,id1,dist): 91 113 2.6228460661794526
list:
dist: 2.6228460661794526 vs. 2.6228460661794526
--------
nle(id0,id1,dist): 91 112 1.329512435330988
list:
dist: 1.329512435330988 vs. 1.329512435330988
--------
nle(id0,id1,dist): 91 107 1.248739312083126
list:
dist: 1.248739312083126 vs. 1.248739312083126
--------
nle(id0,id1,dist): 91 106 1.2341377660043666
list:
dist: 1.2341377660043666 vs. 1.2341377660043666
--------
nle(id0,id1,dist): 91 109 0.9529614461997625
list:
dist: 0.9529614461997625 vs. 0.9529614461997625
--------
nle(id0,id1,dist): 91 108 2.057870155105355
list:
dist: 2.057870155105355 vs. 2.057870155105355
--------
nle(id0,id1,dist): 91 119 2.169306300195289
list:
dist: 2.169306300195289 vs. 2.169306300195289
--------
nle(id0,id1,dist): 91 118 1.2794210373213462
list:
dist: 1.2794210373213462 vs. 1.2794210373213462
--------
nle(id0,id1,dist): 91 115 2.2976219045324418
list:
dist: 2.2976219045324418 vs. 2.2976219045324418
--------
nle(id0,id1,dist): 91 114 1.0916156521462623
list:
dist: 1.0916156521462623 vs. 1.0916156521462623
--------
nle(id0,id1,dist): 91 117 2.4182365306178295
list:
dist: 2.4182365306178295 vs. 2.4182365306178295
--------
nle(id0,id1,dist): 92 119 3.6395839768896536
list:
dist: 3.6395839768896536 vs. 3.6395839768896536
--------
nle(id0,id1,dist): 92 117 4.154838716884793
list:
dist: 4.154838716884793 vs. 4.154838716884793
--------
nle(id0,id1,dist): 92 118 2.9771094994726086
list:
dist: 2.9771094994726086 vs. 2.9771094994726086
--------
nle(id0,id1,dist): 93 94 1.175337150603754
list:
dist: 1.175337150603754 vs. 1.175337150603754
--------
nle(id0,id1,dist): 93 95 1.506562110770399
list:
dist: 1.506562110770399 vs. 1.506562110770399
--------
nle(id0,id1,dist): 92 108 2.94374214818191
list:
dist: 2.94374214818191 vs. 2.94374214818191
--------
nle(id0,id1,dist): 92 107 2.3659123151250885
list:
dist: 2.3659123151250885 vs. 2.3659123151250885
--------
nle(id0,id1,dist): 92 106 1.8661222544037304
list:
dist: 1.8661222544037304 vs. 1.8661222544037304
--------
nle(id0,id1,dist): 92 105 1.7477253150831902
list:
dist: 1.7477253150831902 vs. 1.7477253150831902
--------
nle(id0,id1,dist): 92 104 2.5689865659173106
list:
dist: 2.5689865659173106 vs. 2.5689865659173106
--------
nle(id0,id1,dist): 92 103 2.072671023395318
list:
dist: 2.072671023395318 vs. 2.072671023395318
--------
nle(id0,id1,dist): 92 102 2.185932102152503
list:
dist: 2.185932102152503 vs. 2.185932102152503
--------
nle(id0,id1,dist): 92 101 1.477427670860971
list:
dist: 1.477427670860971 vs. 1.477427670860971
--------
nle(id0,id1,dist): 92 115 3.4040571609634926
list:
dist: 3.4040571609634926 vs. 3.4040571609634926
--------
nle(id0,id1,dist): 92 114 2.4194088997831686
list:
dist: 2.4194088997831686 vs. 2.4194088997831686
--------
nle(id0,id1,dist): 92 113 3.8762383124531046
list:
dist: 3.8762383124531046 vs. 3.8762383124531046
--------
nle(id0,id1,dist): 92 112 2.9873867441778903
list:
dist: 2.9873867441778903 vs. 2.9873867441778903
--------
nle(id0,id1,dist): 92 111 2.738520449014299
list:
dist: 2.738520449014299 vs. 2.738520449014299
--------
nle(id0,id1,dist): 92 110 2.9523743311559354
list:
dist: 2.9523743311559354 vs. 2.9523743311559354
--------
nle(id0,id1,dist): 92 109 2.151836474953175
list:
dist: 2.151836474953175 vs. 2.151836474953175
--------
nle(id0,id1,dist): 97 101 2.575192126050152
list:
dist: 2.575192126050152 vs. 2.575192126050152
--------
nle(id0,id1,dist): 97 100 2.761485715158948
list:
dist: 2.761485715158948 vs. 2.761485715158948
--------
nle(id0,id1,dist): 97 103 1.589912918593818
list:
dist: 1.589912918593818 vs. 1.589912918593818
--------
nle(id0,id1,dist): 97 102 3.3671895595016066
list:
dist: 3.3671895595016066 vs. 3.3671895595016066
--------
nle(id0,id1,dist): 97 105 1.7927933213727882
list:
dist: 1.7927933213727882 vs. 1.7927933213727882
--------
nle(id0,id1,dist): 97 104 3.148326508661499
list:
dist: 3.148326508661499 vs. 3.148326508661499
--------
nle(id0,id1,dist): 97 107 3.3578689740470686
list:
dist: 3.3578689740470686 vs. 3.3578689740470686
--------
nle(id0,id1,dist): 97 106 2.4970444164356835
list:
dist: 2.4970444164356835 vs. 2.4970444164356835
--------
nle(id0,id1,dist): 97 99 2.8409303699548074
list:
dist: 2.8409303699548074 vs. 2.8409303699548074
--------
nle(id0,id1,dist): 97 98 3.458487714297819
list:
dist: 3.458487714297819 vs. 3.458487714297819
--------
nle(id0,id1,dist): 96 113 2.3747823327840547
list:
dist: 2.3747823327840547 vs. 2.3747823327840547
--------
nle(id0,id1,dist): 96 114 1.6022677491856119
list:
dist: 1.6022677491856119 vs. 1.6022677491856119
--------
nle(id0,id1,dist): 96 115 2.661676982839203
list:
dist: 2.661676982839203 vs. 2.661676982839203
--------
nle(id0,id1,dist): 96 116 2.7723917987266766
list:
dist: 2.7723917987266766 vs. 2.7723917987266766
--------
nle(id0,id1,dist): 96 117 3.086465428360105
list:
dist: 3.086465428360105 vs. 3.086465428360105
--------
nle(id0,id1,dist): 96 118 1.9768290660486059
list:
dist: 1.9768290660486059 vs. 1.9768290660486059
--------
nle(id0,id1,dist): 96 119 2.798742969900503
list:
dist: 2.798742969900503 vs. 2.798742969900503
--------
nle(id0,id1,dist): 98 102 1.7960151356907699
list:
dist: 1.7960151356907699 vs. 1.7960151356907699
--------
nle(id0,id1,dist): 98 100 2.521595088631114
list:
dist: 2.521595088631114 vs. 2.521595088631114
--------
nle(id0,id1,dist): 98 99 1.7326677986325094
list:
dist: 1.7326677986325094 vs. 1.7326677986325094
--------
nle(id0,id1,dist): 97 110 3.881402121515184
list:
dist: 3.881402121515184 vs. 3.881402121515184
--------
nle(id0,id1,dist): 97 111 2.977712397502707
list:
dist: 2.977712397502707 vs. 2.977712397502707
--------
nle(id0,id1,dist): 97 108 3.040706605764346
list:
dist: 3.040706605764346 vs. 3.040706605764346
--------
nle(id0,id1,dist): 97 109 3.0479013178229133
list:
dist: 3.0479013178229133 vs. 3.0479013178229133
--------
nle(id0,id1,dist): 97 114 3.4958962848369945
list:
dist: 3.4958962848369945 vs. 3.4958962848369945
--------
nle(id0,id1,dist): 97 112 3.84442186401541
list:
dist: 3.84442186401541 vs. 3.84442186401541
--------
nle(id0,id1,dist): 97 113 4.387135332198555
list:
dist: 4.387135332198555 vs. 4.387135332198555
--------
nle(id0,id1,dist): 95 115 2.789242238370119
list:
dist: 2.789242238370119 vs. 2.789242238370119
--------
nle(id0,id1,dist): 95 114 1.6959019861958988
list:
dist: 1.6959019861958988 vs. 1.6959019861958988
--------
nle(id0,id1,dist): 95 117 2.3448810560946223
list:
dist: 2.3448810560946223 vs. 2.3448810560946223
--------
nle(id0,id1,dist): 95 116 2.1058755933096993
list:
dist: 2.1058755933096993 vs. 2.1058755933096993
--------
nle(id0,id1,dist): 95 111 0.4002775247676413
list:
dist: 0.4002775247676413 vs. 0.4002775247676413
--------
nle(id0,id1,dist): 95 110 1.4572661941652758
list:
dist: 1.4572661941652758 vs. 1.4572661941652758
--------
nle(id0,id1,dist): 95 113 2.247417627885844
list:
dist: 2.247417627885844 vs. 2.247417627885844
--------
nle(id0,id1,dist): 95 112 1.208323684374549
list:
dist: 1.208323684374549 vs. 1.208323684374549
--------
nle(id0,id1,dist): 95 107 1.7691467907185991
list:
dist: 1.7691467907185991 vs. 1.7691467907185991
--------
nle(id0,id1,dist): 95 106 1.4286754102900452
list:
dist: 1.4286754102900452 vs. 1.4286754102900452
--------
nle(id0,id1,dist): 95 109 1.3474575753278755
list:
dist: 1.3474575753278755 vs. 1.3474575753278755
--------
nle(id0,id1,dist): 95 108 1.30365258745698
list:
dist: 1.30365258745698 vs. 1.30365258745698
--------
nle(id0,id1,dist): 95 103 1.8289751077430711
list:
dist: 1.8289751077430711 vs. 1.8289751077430711
--------
nle(id0,id1,dist): 95 102 2.346233720470725
list:
dist: 2.346233720470725 vs. 2.346233720470725
--------
nle(id0,id1,dist): 95 105 2.6820861728093734
list:
dist: 2.6820861728093734 vs. 2.6820861728093734
--------
nle(id0,id1,dist): 95 104 1.8249916910306545
list:
dist: 1.8249916910306545 vs. 1.8249916910306545
--------
nle(id0,id1,dist): 95 98 2.141567998669578
list:
dist: 2.141567998669578 vs. 2.141567998669578
--------
nle(id0,id1,dist): 95 99 0.8911776064011256
list:
dist: 0.8911776064011256 vs. 0.8911776064011256
--------
nle(id0,id1,dist): 95 100 2.053917485473116
list:
dist: 2.053917485473116 vs. 2.053917485473116
--------
nle(id0,id1,dist): 95 96 1.0701100507056993
list:
dist: 1.0701100507056993 vs. 1.0701100507056993
--------
nle(id0,id1,dist): 95 97 2.9668721054252853
list:
dist: 2.9668721054252853 vs. 2.9668721054252853
--------
nle(id0,id1,dist): 96 112 1.7918903490498421
list:
dist: 1.7918903490498421 vs. 1.7918903490498421
--------
nle(id0,id1,dist): 96 111 0.935947835231019
list:
dist: 0.935947835231019 vs. 0.935947835231019
--------
nle(id0,id1,dist): 96 110 1.8224042717063285
list:
dist: 1.8224042717063285 vs. 1.8224042717063285
--------
nle(id0,id1,dist): 96 109 1.1187952315807044
list:
dist: 1.1187952315807044 vs. 1.1187952315807044
--------
nle(id0,id1,dist): 96 108 1.0937120490566745
list:
dist: 1.0937120490566745 vs. 1.0937120490566745
--------
nle(id0,id1,dist): 96 107 1.5078408502016323
list:
dist: 1.5078408502016323 vs. 1.5078408502016323
--------
nle(id0,id1,dist): 96 106 0.7076235189332157
list:
dist: 0.7076235189332157 vs. 0.7076235189332157
--------
nle(id0,id1,dist): 96 105 1.6236041407419797
list:
dist: 1.6236041407419797 vs. 1.6236041407419797
--------
nle(id0,id1,dist): 96 104 1.3458711583801823
list:
dist: 1.3458711583801823 vs. 1.3458711583801823
--------
nle(id0,id1,dist): 96 103 1.557243958626541
list:
dist: 1.557243958626541 vs. 1.557243958626541
--------
nle(id0,id1,dist): 96 102 1.8588871599359262
list:
dist: 1.8588871599359262 vs. 1.8588871599359262
--------
nle(id0,id1,dist): 96 100 1.5828559961985929
list:
dist: 1.5828559961985929 vs. 1.5828559961985929
--------
nle(id0,id1,dist): 96 99 0.8093828724376839
list:
dist: 0.8093828724376839 vs. 0.8093828724376839
--------
nle(id0,id1,dist): 96 98 1.7570164947543452
list:
dist: 1.7570164947543452 vs. 1.7570164947543452
--------
nle(id0,id1,dist): 96 97 2.1251657435883056
list:
dist: 2.1251657435883056 vs. 2.1251657435883056
--------
nle(id0,id1,dist): 95 118 1.488462615308252
list:
dist: 1.488462615308252 vs. 1.488462615308252
--------
nle(id0,id1,dist): 95 119 2.5814497652067008
list:
dist: 2.5814497652067008 vs. 2.5814497652067008
--------
nle(id0,id1,dist): 85 87 1.4654835097220842
list:
dist: 1.4654835097220842 vs. 1.4654835097220842
--------
nle(id0,id1,dist): 85 88 1.390787093162887
list:
dist: 1.390787093162887 vs. 1.390787093162887
--------
nle(id0,id1,dist): 85 89 1.680127333447303
list:
dist: 1.680127333447303 vs. 1.680127333447303
--------
nle(id0,id1,dist): 86 88 2.614864092310388
list:
dist: 2.614864092310388 vs. 2.614864092310388
--------
nle(id0,id1,dist): 86 89 2.353138676643924
list:
dist: 2.353138676643924 vs. 2.353138676643924
--------
nle(id0,id1,dist): 90 93 1.8411676665892722
list:
dist: 1.8411676665892722 vs. 1.8411676665892722
--------
nle(id0,id1,dist): 90 94 1.5294790103009608
list:
dist: 1.5294790103009608 vs. 1.5294790103009608
--------
nle(id0,id1,dist): 90 91 2.55489798804177
list:
dist: 2.55489798804177 vs. 2.55489798804177
--------
nle(id0,id1,dist): 90 92 1.0278311623714294
list:
dist: 1.0278311623714294 vs. 1.0278311623714294
--------
nle(id0,id1,dist): 90 105 2.2305408733607734
list:
dist: 2.2305408733607734 vs. 2.2305408733607734
--------
nle(id0,id1,dist): 90 103 1.9035810000498101
list:
dist: 1.9035810000498101 vs. 1.9035810000498101
--------
nle(id0,id1,dist): 90 97 1.5615369448114393
list:
dist: 1.5615369448114393 vs. 1.5615369448114393
--------
nle(id0,id1,dist): 90 102 3.15882651484325
list:
dist: 3.15882651484325 vs. 3.15882651484325
--------
nle(id0,id1,dist): 90 101 1.2014213218684069
list:
dist: 1.2014213218684069 vs. 1.2014213218684069
--------
nle(id0,id1,dist): 90 100 2.192185454251741
list:
dist: 2.192185454251741 vs. 2.192185454251741
--------
nle(id0,id1,dist): 91 99 0.9580601712161794
list:
dist: 0.9580601712161794 vs. 0.9580601712161794
--------
nle(id0,id1,dist): 91 98 2.5541761011623594
list:
dist: 2.5541761011623594 vs. 2.5541761011623594
--------
nle(id0,id1,dist): 91 101 2.3806969642535853
list:
dist: 2.3806969642535853 vs. 2.3806969642535853
--------
nle(id0,id1,dist): 91 100 0.768961725269434
list:
dist: 0.768961725269434 vs. 0.768961725269434
--------
nle(id0,id1,dist): 91 103 2.2395289730199304
list:
dist: 2.2395289730199304 vs. 2.2395289730199304
--------
nle(id0,id1,dist): 91 102 1.5125403486896443
list:
dist: 1.5125403486896443 vs. 1.5125403486896443
--------
nle(id0,id1,dist): 91 105 2.4026788672036
list:
dist: 2.4026788672036 vs. 2.4026788672036
--------
nle(id0,id1,dist): 91 104 1.772198783644883
list:
dist: 1.772198783644883 vs. 1.772198783644883
--------
nle(id0,id1,dist): 91 93 1.5226677453994708
list:
dist: 1.5226677453994708 vs. 1.5226677453994708
--------
nle(id0,id1,dist): 91 92 1.742695512054597
list:
dist: 1.742695512054597 vs. 1.742695512054597
--------
nle(id0,id1,dist): 91 95 1.5394032151316985
list:
dist: 1.5394032151316985 vs. 1.5394032151316985
--------
nle(id0,id1,dist): 91 94 1.2082270536144302
list:
dist: 1.2082270536144302 vs. 1.2082270536144302
--------
nle(id0,id1,dist): 91 97 3.0478784320085617
list:
dist: 3.0478784320085617 vs. 3.0478784320085617
--------
nle(id0,id1,dist): 91 96 1.5066884932624176
list:
dist: 1.5066884932624176 vs. 1.5066884932624176
--------
nle(id0,id1,dist): 88 89 0.465906762721221
list:
dist: 0.465906762721221 vs. 0.465906762721221
--------
nle(id0,id1,dist): 81 82 2.8751461284832796
list:
dist: 2.8751461284832796 vs. 2.8751461284832796
--------
nle(id0,id1,dist): 81 83 2.949107060206385
list:
dist: 2.949107060206385 vs. 2.949107060206385
--------
nle(id0,id1,dist): 81 86 2.7181857750840748
list:
dist: 2.7181857750840748 vs. 2.7181857750840748
--------
nle(id0,id1,dist): 81 87 1.7628020005425977
list:
dist: 1.7628020005425977 vs. 1.7628020005425977
--------
nle(id0,id1,dist): 81 84 1.9909288468118649
list:
dist: 1.9909288468118649 vs. 1.9909288468118649
--------
nle(id0,id1,dist): 81 85 2.514640935479099
list:
dist: 2.514640935479099 vs. 2.514640935479099
--------
nle(id0,id1,dist): 80 85 2.0185636235322737
list:
dist: 2.0185636235322737 vs. 2.0185636235322737
--------
nle(id0,id1,dist): 80 87 1.3854828143476072
list:
dist: 1.3854828143476072 vs. 1.3854828143476072
--------
nle(id0,id1,dist): 80 88 3.2776518951186566
list:
dist: 3.2776518951186566 vs. 3.2776518951186566
--------
nle(id0,id1,dist): 79 118 2.8581692564127135
list:
dist: 2.8581692564127135 vs. 2.8581692564127135
--------
nle(id0,id1,dist): 80 81 2.893648283656897
list:
dist: 2.893648283656897 vs. 2.893648283656897
--------
nle(id0,id1,dist): 80 82 1.9320123733678103
list:
dist: 1.9320123733678103 vs. 1.9320123733678103
--------
nle(id0,id1,dist): 80 83 2.3949737120201484
list:
dist: 2.3949737120201484 vs. 2.3949737120201484
--------
nle(id0,id1,dist): 80 84 1.3544749804809562
list:
dist: 1.3544749804809562 vs. 1.3544749804809562
--------
nle(id0,id1,dist): 80 89 3.6486568242182225
list:
dist: 3.6486568242182225 vs. 3.6486568242182225
--------
nle(id0,id1,dist): 79 109 3.4236394613597416
list:
dist: 3.4236394613597416 vs. 3.4236394613597416
--------
nle(id0,id1,dist): 79 108 2.9215696129341606
list:
dist: 2.9215696129341606 vs. 2.9215696129341606
--------
nle(id0,id1,dist): 79 117 2.549622136217376
list:
dist: 2.549622136217376 vs. 2.549622136217376
--------
nle(id0,id1,dist): 79 116 1.9943395456927477
list:
dist: 1.9943395456927477 vs. 1.9943395456927477
--------
nle(id0,id1,dist): 79 111 2.4821396418368287
list:
dist: 2.4821396418368287 vs. 2.4821396418368287
--------
nle(id0,id1,dist): 79 110 2.8901492033852016
list:
dist: 2.8901492033852016 vs. 2.8901492033852016
--------
nle(id0,id1,dist): 79 112 2.6076158136520333
list:
dist: 2.6076158136520333 vs. 2.6076158136520333
--------
nle(id0,id1,dist): 79 88 3.430814340197851
list:
dist: 3.430814340197851 vs. 3.430814340197851
--------
nle(id0,id1,dist): 79 89 3.2833765530382992
list:
dist: 3.2833765530382992 vs. 3.2833765530382992
--------
nle(id0,id1,dist): 79 86 1.8860951183910282
list:
dist: 1.8860951183910282 vs. 1.8860951183910282
--------
nle(id0,id1,dist): 79 87 3.527960298076069
list:
dist: 3.527960298076069 vs. 3.527960298076069
--------
nle(id0,id1,dist): 79 96 3.373451210302938
list:
dist: 3.373451210302938 vs. 3.373451210302938
--------
nle(id0,id1,dist): 79 95 2.41755770073386
list:
dist: 2.41755770073386 vs. 2.41755770073386
--------
nle(id0,id1,dist): 79 99 3.122023043524263
list:
dist: 3.122023043524263 vs. 3.122023043524263
--------
nle(id0,id1,dist): 79 81 3.8487626517276565
list:
dist: 3.8487626517276565 vs. 3.8487626517276565
--------
nle(id0,id1,dist): 79 80 4.6741963265385165
list:
dist: 4.6741963265385165 vs. 4.6741963265385165
--------
nle(id0,id1,dist): 79 85 3.4423584013950865
list:
dist: 3.4423584013950865 vs. 3.4423584013950865
--------
nle(id0,id1,dist): 79 83 2.5110063654952572
list:
dist: 2.5110063654952572 vs. 2.5110063654952572
--------
nle(id0,id1,dist): 78 80 2.5995724986997426
list:
dist: 2.5995724986997426 vs. 2.5995724986997426
--------
nle(id0,id1,dist): 78 79 3.834044310730302
list:
dist: 3.834044310730302 vs. 3.834044310730302
--------
nle(id0,id1,dist): 78 83 1.648663186374915
list:
dist: 1.648663186374915 vs. 1.648663186374915
--------
nle(id0,id1,dist): 78 85 1.1299987915882117
list:
dist: 1.1299987915882117 vs. 1.1299987915882117
--------
nle(id0,id1,dist): 78 88 0.8902497274508774
list:
dist: 0.8902497274508774 vs. 0.8902497274508774
--------
nle(id0,id1,dist): 78 89 1.3551297866450582
list:
dist: 1.3551297866450582 vs. 1.3551297866450582
--------
nle(id0,id1,dist): 84 87 1.4365146731011809
list:
dist: 1.4365146731011809 vs. 1.4365146731011809
--------
nle(id0,id1,dist): 84 85 2.378672670226511
list:
dist: 2.378672670226511 vs. 2.378672670226511
--------
nle(id0,id1,dist): 83 87 1.6705430860232215
list:
dist: 1.6705430860232215 vs. 1.6705430860232215
--------
nle(id0,id1,dist): 83 88 1.7943852820610433
list:
dist: 1.7943852820610433 vs. 1.7943852820610433
--------
nle(id0,id1,dist): 83 89 2.01200972477647
list:
dist: 2.01200972477647 vs. 2.01200972477647
--------
nle(id0,id1,dist): 83 84 3.019275290507096
list:
dist: 3.019275290507096 vs. 3.019275290507096
--------
nle(id0,id1,dist): 83 85 1.2578339815722746
list:
dist: 1.2578339815722746 vs. 1.2578339815722746
--------
nle(id0,id1,dist): 82 87 2.4611812980729106
list:
dist: 2.4611812980729106 vs. 2.4611812980729106
--------
nle(id0,id1,dist): 82 84 1.1090308010932122
list:
dist: 1.1090308010932122 vs. 1.1090308010932122
--------
nle(id0,id1,dist): 82 83 4.02740833458113
list:
dist: 4.02740833458113 vs. 4.02740833458113
--------
nle(id0,id1,dist): 82 85 3.422155496820053
list:
dist: 3.422155496820053 vs. 3.422155496820053
--------
nle(id0,id1,dist): 74 76 3.2608999367503504
list:
dist: 3.2608999367503504 vs. 3.2608999367503504
--------
nle(id0,id1,dist): 74 75 2.009375565741679
list:
dist: 2.009375565741679 vs. 2.009375565741679
--------
nle(id0,id1,dist): 74 78 2.059001992283427
list:
dist: 2.059001992283427 vs. 2.059001992283427
--------
nle(id0,id1,dist): 74 77 1.8537652731884293
list:
dist: 1.8537652731884293 vs. 1.8537652731884293
--------
nle(id0,id1,dist): 74 83 3.2242786151332012
list:
dist: 3.2242786151332012 vs. 3.2242786151332012
--------
nle(id0,id1,dist): 74 84 2.7518695219225933
list:
dist: 2.7518695219225933 vs. 2.7518695219225933
--------
nle(id0,id1,dist): 74 85 2.2068464138672867
list:
dist: 2.2068464138672867 vs. 2.2068464138672867
--------
nle(id0,id1,dist): 74 80 2.2792665904645433
list:
dist: 2.2792665904645433 vs. 2.2792665904645433
--------
nle(id0,id1,dist): 74 81 3.934869160221642
list:
dist: 3.934869160221642 vs. 3.934869160221642
--------
nle(id0,id1,dist): 74 82 3.272510641566406
list:
dist: 3.272510641566406 vs. 3.272510641566406
--------
nle(id0,id1,dist): 74 87 2.9310668720510966
list:
dist: 2.9310668720510966 vs. 2.9310668720510966
--------
nle(id0,id1,dist): 74 88 2.724076248143286
list:
dist: 2.724076248143286 vs. 2.724076248143286
--------
nle(id0,id1,dist): 74 89 3.108490584746932
list:
dist: 3.108490584746932 vs. 3.108490584746932
--------
nle(id0,id1,dist): 73 75 2.192319710532637
list:
dist: 2.192319710532637 vs. 2.192319710532637
--------
nle(id0,id1,dist): 73 74 2.400578097002587
list:
dist: 2.400578097002587 vs. 2.400578097002587
--------
nle(id0,id1,dist): 73 83 3.5946519499560172
list:
dist: 3.5946519499560172 vs. 3.5946519499560172
--------
nle(id0,id1,dist): 73 82 3.7928964514886583
list:
dist: 3.7928964514886583 vs. 3.7928964514886583
--------
nle(id0,id1,dist): 73 80 2.365553519056509
list:
dist: 2.365553519056509 vs. 2.365553519056509
--------
nle(id0,id1,dist): 73 78 3.0329005606318264
list:
dist: 3.0329005606318264 vs. 3.0329005606318264
--------
nle(id0,id1,dist): 73 77 2.676038693861454
list:
dist: 2.676038693861454 vs. 2.676038693861454
--------
nle(id0,id1,dist): 73 87 3.547655210676215
list:
dist: 3.547655210676215 vs. 3.547655210676215
--------
nle(id0,id1,dist): 73 84 3.583630082675315
list:
dist: 3.583630082675315 vs. 3.583630082675315
--------
nle(id0,id1,dist): 73 85 3.354482296566446
list:
dist: 3.354482296566446 vs. 3.354482296566446
--------
nle(id0,id1,dist): 72 74 1.8221057513400936
list:
dist: 1.8221057513400936 vs. 1.8221057513400936
--------
nle(id0,id1,dist): 72 73 1.428464065045802
list:
dist: 1.428464065045802 vs. 1.428464065045802
--------
nle(id0,id1,dist): 72 75 1.5886979354454407
list:
dist: 1.5886979354454407 vs. 1.5886979354454407
--------
nle(id0,id1,dist): 72 78 2.1548602801991286
list:
dist: 2.1548602801991286 vs. 2.1548602801991286
--------
nle(id0,id1,dist): 72 77 1.3089947564472486
list:
dist: 1.3089947564472486 vs. 1.3089947564472486
--------
nle(id0,id1,dist): 72 80 1.060639870625871
list:
dist: 1.060639870625871 vs. 1.060639870625871
--------
nle(id0,id1,dist): 72 82 2.8137487102800236
list:
dist: 2.8137487102800236 vs. 2.8137487102800236
--------
nle(id0,id1,dist): 72 84 2.3149836189035025
list:
dist: 2.3149836189035025 vs. 2.3149836189035025
--------
nle(id0,id1,dist): 72 83 2.4340876452912776
list:
dist: 2.4340876452912776 vs. 2.4340876452912776
--------
nle(id0,id1,dist): 72 85 2.0837201048023695
list:
dist: 2.0837201048023695 vs. 2.0837201048023695
--------
nle(id0,id1,dist): 72 87 2.1317275308204304
list:
dist: 2.1317275308204304 vs. 2.1317275308204304
--------
nle(id0,id1,dist): 71 81 2.786550642483242
list:
dist: 2.786550642483242 vs. 2.786550642483242
--------
nle(id0,id1,dist): 71 80 0.43462348447542193
list:
dist: 0.43462348447542193 vs. 0.43462348447542193
--------
nle(id0,id1,dist): 71 79 4.887106025854051
list:
dist: 4.887106025854051 vs. 4.887106025854051
--------
nle(id0,id1,dist): 71 85 2.3112228225765246
list:
dist: 2.3112228225765246 vs. 2.3112228225765246
--------
nle(id0,id1,dist): 71 84 1.0655637918766003
list:
dist: 1.0655637918766003 vs. 1.0655637918766003
--------
nle(id0,id1,dist): 71 83 2.7164981397092163
list:
dist: 2.7164981397092163 vs. 2.7164981397092163
--------
nle(id0,id1,dist): 71 82 1.518880812262883
list:
dist: 1.518880812262883 vs. 1.518880812262883
--------
nle(id0,id1,dist): 71 87 1.4680082388568998
list:
dist: 1.4680082388568998 vs. 1.4680082388568998
--------
nle(id0,id1,dist): 77 88 2.07582587211023
list:
dist: 2.07582587211023 vs. 2.07582587211023
--------
nle(id0,id1,dist): 77 89 2.4409294047853964
list:
dist: 2.4409294047853964 vs. 2.4409294047853964
--------
nle(id0,id1,dist): 77 84 1.8703952677885107
list:
dist: 1.8703952677885107 vs. 1.8703952677885107
--------
nle(id0,id1,dist): 77 85 0.8418084971363209
list:
dist: 0.8418084971363209 vs. 0.8418084971363209
--------
nle(id0,id1,dist): 77 87 1.2180427320678895
list:
dist: 1.2180427320678895 vs. 1.2180427320678895
--------
nle(id0,id1,dist): 77 80 1.2128131298225349
list:
dist: 1.2128131298225349 vs. 1.2128131298225349
--------
nle(id0,id1,dist): 77 81 2.6575906965134473
list:
dist: 2.6575906965134473 vs. 2.6575906965134473
--------
nle(id0,id1,dist): 77 82 2.802838744492838
list:
dist: 2.802838744492838 vs. 2.802838744492838
--------
nle(id0,id1,dist): 77 83 1.566279201677627
list:
dist: 1.566279201677627 vs. 1.566279201677627
--------
nle(id0,id1,dist): 76 89 1.7293651906170466
list:
dist: 1.7293651906170466 vs. 1.7293651906170466
--------
nle(id0,id1,dist): 76 87 1.5881582099280156
list:
dist: 1.5881582099280156 vs. 1.5881582099280156
--------
nle(id0,id1,dist): 76 88 1.676897367140204
list:
dist: 1.676897367140204 vs. 1.676897367140204
--------
nle(id0,id1,dist): 76 85 1.0595141520655007
list:
dist: 1.0595141520655007 vs. 1.0595141520655007
--------
nle(id0,id1,dist): 76 86 1.6357725174048394
list:
dist: 1.6357725174048394 vs. 1.6357725174048394
--------
nle(id0,id1,dist): 77 79 3.967746198058663
list:
dist: 3.967746198058663 vs. 3.967746198058663
--------
nle(id0,id1,dist): 77 78 1.474268520921803
list:
dist: 1.474268520921803 vs. 1.474268520921803
--------
nle(id0,id1,dist): 76 78 1.8626634024092603
list:
dist: 1.8626634024092603 vs. 1.8626634024092603
--------
nle(id0,id1,dist): 76 77 1.7141367644863685
list:
dist: 1.7141367644863685 vs. 1.7141367644863685
--------
nle(id0,id1,dist): 76 80 2.6730055091569143
list:
dist: 2.6730055091569143 vs. 2.6730055091569143
--------
nle(id0,id1,dist): 76 79 2.4647983729275293
list:
dist: 2.4647983729275293 vs. 2.4647983729275293
--------
nle(id0,id1,dist): 76 82 3.931437566781529
list:
dist: 3.931437566781529 vs. 3.931437566781529
--------
nle(id0,id1,dist): 76 81 2.230845913615437
list:
dist: 2.230845913615437 vs. 2.230845913615437
--------
nle(id0,id1,dist): 76 84 2.8321980306673247
list:
dist: 2.8321980306673247 vs. 2.8321980306673247
--------
nle(id0,id1,dist): 76 83 1.0273358042137983
list:
dist: 1.0273358042137983 vs. 1.0273358042137983
--------
nle(id0,id1,dist): 75 85 1.6997215960819472
list:
dist: 1.6997215960819472 vs. 1.6997215960819472
--------
nle(id0,id1,dist): 75 83 1.9050684576346624
list:
dist: 1.9050684576346624 vs. 1.9050684576346624
--------
nle(id0,id1,dist): 75 89 2.248092613019423
list:
dist: 2.248092613019423 vs. 2.248092613019423
--------
nle(id0,id1,dist): 75 88 1.7883062165898524
list:
dist: 1.7883062165898524 vs. 1.7883062165898524
--------
nle(id0,id1,dist): 75 77 1.5647754804067817
list:
dist: 1.5647754804067817 vs. 1.5647754804067817
--------
nle(id0,id1,dist): 75 76 2.479589637468559
list:
dist: 2.479589637468559 vs. 2.479589637468559
--------
nle(id0,id1,dist): 75 80 2.3447510962851457
list:
dist: 2.3447510962851457 vs. 2.3447510962851457
--------
nle(id0,id1,dist): 75 79 4.272006704991262
list:
dist: 4.272006704991262 vs. 4.272006704991262
--------
nle(id0,id1,dist): 75 78 0.9456087702753537
list:
dist: 0.9456087702753537 vs. 0.9456087702753537
--------
nle(id0,id1,dist): 120 145 3.7818508249677536
list:
dist: 3.7818508249677536 vs. 3.7818508249677536
--------
nle(id0,id1,dist): 120 146 4.062092838217601
list:
dist: 4.062092838217601 vs. 4.062092838217601
--------
nle(id0,id1,dist): 120 147 5.453943579385724
list:
dist: 5.453943579385724 vs. 5.453943579385724
--------
nle(id0,id1,dist): 120 138 4.175266571092372
list:
dist: 4.175266571092372 vs. 4.175266571092372
--------
nle(id0,id1,dist): 120 140 4.600407826270865
list:
dist: 4.600407826270865 vs. 4.600407826270865
--------
nle(id0,id1,dist): 120 141 1.403439077199689
list:
dist: 1.403439077199689 vs. 1.403439077199689
--------
nle(id0,id1,dist): 120 142 3.714639394263515
list:
dist: 3.714639394263515 vs. 3.714639394263515
--------
nle(id0,id1,dist): 120 130 1.6705759214684544
list:
dist: 1.6705759214684544 vs. 1.6705759214684544
--------
nle(id0,id1,dist): 120 132 3.2096774789350593
list:
dist: 3.2096774789350593 vs. 3.2096774789350593
--------
nle(id0,id1,dist): 120 131 2.7131533266709735
list:
dist: 2.7131533266709735 vs. 2.7131533266709735
--------
nle(id0,id1,dist): 120 133 3.8565596750069675
list:
dist: 3.8565596750069675 vs. 3.8565596750069675
--------
nle(id0,id1,dist): 120 122 0.5052637390839765
list:
dist: 0.5052637390839765 vs. 0.5052637390839765
--------
nle(id0,id1,dist): 120 121 2.356512659657244
list:
dist: 2.356512659657244 vs. 2.356512659657244
--------
nle(id0,id1,dist): 120 124 2.0183355682476
list:
dist: 2.0183355682476 vs. 2.0183355682476
--------
nle(id0,id1,dist): 120 123 3.3040737924668604
list:
dist: 3.3040737924668604 vs. 3.3040737924668604
--------
nle(id0,id1,dist): 120 125 2.7838021652495857
list:
dist: 2.7838021652495857 vs. 2.7838021652495857
--------
nle(id0,id1,dist): 120 128 4.7625680913758925
list:
dist: 4.7625680913758925 vs. 4.7625680913758925
--------
nle(id0,id1,dist): 120 127 2.485275480587963
list:
dist: 2.485275480587963 vs. 2.485275480587963
--------
nle(id0,id1,dist): 121 142 2.413020785220812
list:
dist: 2.413020785220812 vs. 2.413020785220812
--------
nle(id0,id1,dist): 121 143 3.396240091174143
list:
dist: 3.396240091174143 vs. 3.396240091174143
--------
nle(id0,id1,dist): 121 140 3.9193835195772793
list:
dist: 3.9193835195772793 vs. 3.9193835195772793
--------
nle(id0,id1,dist): 121 141 1.193069980170254
list:
dist: 1.193069980170254 vs. 1.193069980170254
--------
nle(id0,id1,dist): 121 147 3.9765512629802826
list:
dist: 3.9765512629802826 vs. 3.9765512629802826
--------
nle(id0,id1,dist): 121 145 3.6696697427144582
list:
dist: 3.6696697427144582 vs. 3.6696697427144582
--------
nle(id0,id1,dist): 121 133 1.8494050359620386
list:
dist: 1.8494050359620386 vs. 1.8494050359620386
--------
nle(id0,id1,dist): 121 138 3.983847014609747
list:
dist: 3.983847014609747 vs. 3.983847014609747
--------
nle(id0,id1,dist): 121 126 2.7018169351527583
list:
dist: 2.7018169351527583 vs. 2.7018169351527583
--------
nle(id0,id1,dist): 121 125 1.543248707298292
list:
dist: 1.543248707298292 vs. 1.543248707298292
--------
nle(id0,id1,dist): 121 124 2.353555249790335
list:
dist: 2.353555249790335 vs. 2.353555249790335
--------
nle(id0,id1,dist): 121 131 1.8874532113750107
list:
dist: 1.8874532113750107 vs. 1.8874532113750107
--------
nle(id0,id1,dist): 121 130 2.370645688374116
list:
dist: 2.370645688374116 vs. 2.370645688374116
--------
nle(id0,id1,dist): 121 128 3.5728447931244123
list:
dist: 3.5728447931244123 vs. 3.5728447931244123
--------
nle(id0,id1,dist): 121 123 3.3342850256771723
list:
dist: 3.3342850256771723 vs. 3.3342850256771723
--------
nle(id0,id1,dist): 121 122 2.280045833163204
list:
dist: 2.280045833163204 vs. 2.280045833163204
--------
nle(id0,id1,dist): 122 132 2.7256616309972728
list:
dist: 2.7256616309972728 vs. 2.7256616309972728
--------
nle(id0,id1,dist): 122 131 2.3032445703928013
list:
dist: 2.3032445703928013 vs. 2.3032445703928013
--------
nle(id0,id1,dist): 122 133 3.5963503247347623
list:
dist: 3.5963503247347623 vs. 3.5963503247347623
--------
nle(id0,id1,dist): 122 128 4.326962270575499
list:
dist: 4.326962270575499 vs. 4.326962270575499
--------
nle(id0,id1,dist): 122 127 2.049717722535187
list:
dist: 2.049717722535187 vs. 2.049717722535187
--------
nle(id0,id1,dist): 122 130 1.2101029018365863
list:
dist: 1.2101029018365863 vs. 1.2101029018365863
--------
nle(id0,id1,dist): 122 140 4.131647788110633
list:
dist: 4.131647788110633 vs. 4.131647788110633
--------
nle(id0,id1,dist): 122 142 3.3272002158532623
list:
dist: 3.3272002158532623 vs. 3.3272002158532623
--------
nle(id0,id1,dist): 122 141 1.2398640091383115
list:
dist: 1.2398640091383115 vs. 1.2398640091383115
--------
nle(id0,id1,dist): 122 138 3.673967232905946
list:
dist: 3.673967232905946 vs. 3.673967232905946
--------
nle(id0,id1,dist): 122 123 2.8331967840242775
list:
dist: 2.8331967840242775 vs. 2.8331967840242775
--------
nle(id0,id1,dist): 122 124 1.5262588128969627
list:
dist: 1.5262588128969627 vs. 1.5262588128969627
--------
nle(id0,id1,dist): 122 125 2.4346049484727907
list:
dist: 2.4346049484727907 vs. 2.4346049484727907
--------
nle(id0,id1,dist): 123 129 2.5443958951171695
list:
dist: 2.5443958951171695 vs. 2.5443958951171695
--------
nle(id0,id1,dist): 123 128 2.36968525900688
list:
dist: 2.36968525900688 vs. 2.36968525900688
--------
nle(id0,id1,dist): 123 127 2.2490902133787096
list:
dist: 2.2490902133787096 vs. 2.2490902133787096
--------
nle(id0,id1,dist): 123 125 1.983867094593636
list:
dist: 1.983867094593636 vs. 1.983867094593636
--------
nle(id0,id1,dist): 123 124 1.644770101881187
list:
dist: 1.644770101881187 vs. 1.644770101881187
--------
nle(id0,id1,dist): 123 137 2.310239130514033
list:
dist: 2.310239130514033 vs. 2.310239130514033
--------
nle(id0,id1,dist): 123 136 2.4723819187616667
list:
dist: 2.4723819187616667 vs. 2.4723819187616667
--------
nle(id0,id1,dist): 123 135 3.9233910912533396
list:
dist: 3.9233910912533396 vs. 3.9233910912533396
--------
nle(id0,id1,dist): 123 134 2.1694237891563923
list:
dist: 2.1694237891563923 vs. 2.1694237891563923
--------
nle(id0,id1,dist): 123 133 3.024580893292343
list:
dist: 3.024580893292343 vs. 3.024580893292343
--------
nle(id0,id1,dist): 123 132 1.4966744412174355
list:
dist: 1.4966744412174355 vs. 1.4966744412174355
--------
nle(id0,id1,dist): 123 131 1.8501112627888026
list:
dist: 1.8501112627888026 vs. 1.8501112627888026
--------
nle(id0,id1,dist): 123 130 1.633861807853692
list:
dist: 1.633861807853692 vs. 1.633861807853692
--------
nle(id0,id1,dist): 122 147 5.0505589756059575
list:
dist: 5.0505589756059575 vs. 5.0505589756059575
--------
nle(id0,id1,dist): 122 145 3.3240865487552393
list:
dist: 3.3240865487552393 vs. 3.3240865487552393
--------
nle(id0,id1,dist): 122 146 3.592805377096823
list:
dist: 3.592805377096823 vs. 3.592805377096823
--------
nle(id0,id1,dist): 124 125 1.5457474195540524
list:
dist: 1.5457474195540524 vs. 1.5457474195540524
--------
nle(id0,id1,dist): 124 128 2.9319598304767185
list:
dist: 2.9319598304767185 vs. 2.9319598304767185
--------
nle(id0,id1,dist): 124 127 1.4715335594726653
list:
dist: 1.4715335594726653 vs. 1.4715335594726653
--------
nle(id0,id1,dist): 124 130 0.8293024826680186
list:
dist: 0.8293024826680186 vs. 0.8293024826680186
--------
nle(id0,id1,dist): 124 129 2.0541810838821037
list:
dist: 2.0541810838821037 vs. 2.0541810838821037
--------
nle(id0,id1,dist): 124 132 1.6700725274879307
list:
dist: 1.6700725274879307 vs. 1.6700725274879307
--------
nle(id0,id1,dist): 124 131 1.1183151412233814
list:
dist: 1.1183151412233814 vs. 1.1183151412233814
--------
nle(id0,id1,dist): 123 138 1.5962791738587447
list:
dist: 1.5962791738587447 vs. 1.5962791738587447
--------
nle(id0,id1,dist): 123 139 2.7970514840134757
list:
dist: 2.7970514840134757 vs. 2.7970514840134757
--------
nle(id0,id1,dist): 123 140 1.563405603509152
list:
dist: 1.563405603509152 vs. 1.563405603509152
--------
nle(id0,id1,dist): 123 141 2.6430284597001608
list:
dist: 2.6430284597001608 vs. 2.6430284597001608
--------
nle(id0,id1,dist): 123 142 1.9125889487547834
list:
dist: 1.9125889487547834 vs. 1.9125889487547834
--------
nle(id0,id1,dist): 123 144 2.758542519343663
list:
dist: 2.758542519343663 vs. 2.758542519343663
--------
nle(id0,id1,dist): 123 145 0.531153028220738
list:
dist: 0.531153028220738 vs. 0.531153028220738
--------
nle(id0,id1,dist): 123 146 1.9427710269148482
list:
dist: 1.9427710269148482 vs. 1.9427710269148482
--------
nle(id0,id1,dist): 123 147 3.0867816579497176
list:
dist: 3.0867816579497176 vs. 3.0867816579497176
--------
nle(id0,id1,dist): 123 148 2.2946019429941127
list:
dist: 2.2946019429941127 vs. 2.2946019429941127
--------
nle(id0,id1,dist): 123 149 2.262918310507162
list:
dist: 2.262918310507162 vs. 2.262918310507162
--------
nle(id0,id1,dist): 124 149 3.201948805998667
list:
dist: 3.201948805998667 vs. 3.201948805998667
--------
nle(id0,id1,dist): 125 126 2.5620184087947795
list:
dist: 2.5620184087947795 vs. 2.5620184087947795
--------
nle(id0,id1,dist): 124 135 3.8508279989253604
list:
dist: 3.8508279989253604 vs. 3.8508279989253604
--------
nle(id0,id1,dist): 124 136 3.037404158054298
list:
dist: 3.037404158054298 vs. 3.037404158054298
--------
nle(id0,id1,dist): 124 133 2.849100490388086
list:
dist: 2.849100490388086 vs. 2.849100490388086
--------
nle(id0,id1,dist): 124 134 2.356181698076433
list:
dist: 2.356181698076433 vs. 2.356181698076433
--------
nle(id0,id1,dist): 124 139 2.9704235140295907
list:
dist: 2.9704235140295907 vs. 2.9704235140295907
--------
nle(id0,id1,dist): 124 140 2.7296121292576614
list:
dist: 2.7296121292576614 vs. 2.7296121292576614
--------
nle(id0,id1,dist): 124 137 2.3803116470199357
list:
dist: 2.3803116470199357 vs. 2.3803116470199357
--------
nle(id0,id1,dist): 124 138 2.169744991703947
list:
dist: 2.169744991703947 vs. 2.169744991703947
--------
nle(id0,id1,dist): 124 144 3.4588328520705764
list:
dist: 3.4588328520705764 vs. 3.4588328520705764
--------
nle(id0,id1,dist): 124 141 1.6121201670382723
list:
dist: 1.6121201670382723 vs. 1.6121201670382723
--------
nle(id0,id1,dist): 124 142 2.1697830670646874
list:
dist: 2.1697830670646874 vs. 2.1697830670646874
--------
nle(id0,id1,dist): 124 147 3.752829425482714
list:
dist: 3.752829425482714 vs. 3.752829425482714
--------
nle(id0,id1,dist): 124 148 3.2412476132881207
list:
dist: 3.2412476132881207 vs. 3.2412476132881207
--------
nle(id0,id1,dist): 124 145 2.1617660321389245
list:
dist: 2.1617660321389245 vs. 2.1617660321389245
--------
nle(id0,id1,dist): 124 146 2.5752340154025846
list:
dist: 2.5752340154025846 vs. 2.5752340154025846
--------
nle(id0,id1,dist): 112 119 1.4610155325822713
list:
dist: 1.4610155325822713 vs. 1.4610155325822713
--------
nle(id0,id1,dist): 112 117 1.3042637658124292
list:
dist: 1.3042637658124292 vs. 1.3042637658124292
--------
nle(id0,id1,dist): 112 118 0.31766001876805755
list:
dist: 0.31766001876805755 vs. 0.31766001876805755
--------
nle(id0,id1,dist): 112 115 1.9234030984314872
list:
dist: 1.9234030984314872 vs. 1.9234030984314872
--------
nle(id0,id1,dist): 112 116 1.426944985475096
list:
dist: 1.426944985475096 vs. 1.426944985475096
--------
nle(id0,id1,dist): 112 113 1.6878266718246158
list:
dist: 1.6878266718246158 vs. 1.6878266718246158
--------
nle(id0,id1,dist): 112 114 1.0353195223687095
list:
dist: 1.0353195223687095 vs. 1.0353195223687095
--------
nle(id0,id1,dist): 113 116 1.301030842175372
list:
dist: 1.301030842175372 vs. 1.301030842175372
--------
nle(id0,id1,dist): 113 117 2.138266184928491
list:
dist: 2.138266184928491 vs. 2.138266184928491
--------
nle(id0,id1,dist): 113 118 1.7567847620063686
list:
dist: 1.7567847620063686 vs. 1.7567847620063686
--------
nle(id0,id1,dist): 113 119 1.4715665706491674
list:
dist: 1.4715665706491674 vs. 1.4715665706491674
--------
nle(id0,id1,dist): 113 114 1.6416666576099441
list:
dist: 1.6416666576099441 vs. 1.6416666576099441
--------
nle(id0,id1,dist): 113 115 1.4089491363442652
list:
dist: 1.4089491363442652 vs. 1.4089491363442652
--------
nle(id0,id1,dist): 114 117 2.0682591717182177
list:
dist: 2.0682591717182177 vs. 2.0682591717182177
--------
nle(id0,id1,dist): 114 118 0.9435667841246083
list:
dist: 0.9435667841246083 vs. 0.9435667841246083
--------
nle(id0,id1,dist): 114 115 1.2604855322928101
list:
dist: 1.2604855322928101 vs. 1.2604855322928101
--------
nle(id0,id1,dist): 114 116 2.099638076318347
list:
dist: 2.099638076318347 vs. 2.099638076318347
--------
nle(id0,id1,dist): 114 119 1.2994775313534677
list:
dist: 1.2994775313534677 vs. 1.2994775313534677
--------
nle(id0,id1,dist): 115 118 1.7693681131070969
list:
dist: 1.7693681131070969 vs. 1.7693681131070969
--------
nle(id0,id1,dist): 115 119 0.9078791996856117
list:
dist: 0.9078791996856117 vs. 0.9078791996856117
--------
nle(id0,id1,dist): 115 116 2.245464132875487
list:
dist: 2.245464132875487 vs. 2.245464132875487
--------
nle(id0,id1,dist): 115 117 2.359962530908458
list:
dist: 2.359962530908458 vs. 2.359962530908458
--------
nle(id0,id1,dist): 116 117 1.2361840397232269
list:
dist: 1.2361840397232269 vs. 1.2361840397232269
--------
nle(id0,id1,dist): 116 118 1.5424152068281738
list:
dist: 1.5424152068281738 vs. 1.5424152068281738
--------
nle(id0,id1,dist): 116 119 1.6991222953984972
list:
dist: 1.6991222953984972 vs. 1.6991222953984972
--------
nle(id0,id1,dist): 117 118 1.2170618574623817
list:
dist: 1.2170618574623817 vs. 1.2170618574623817
--------
nle(id0,id1,dist): 117 119 1.5024333077087402
list:
dist: 1.5024333077087402 vs. 1.5024333077087402
--------
nle(id0,id1,dist): 118 119 1.246641410799902
list:
dist: 1.246641410799902 vs. 1.246641410799902
--------
nle(id0,id1,dist): 106 119 2.2959584854017856
list:
dist: 2.2959584854017856 vs. 2.2959584854017856
--------
nle(id0,id1,dist): 106 113 2.0697528859485095
list:
dist: 2.0697528859485095 vs. 2.0697528859485095
--------
nle(id0,id1,dist): 106 114 1.0437556850354572
list:
dist: 1.0437556850354572 vs. 1.0437556850354572
--------
nle(id0,id1,dist): 106 111 1.2178726985964992
list:
dist: 1.2178726985964992 vs. 1.2178726985964992
--------
nle(id0,id1,dist): 106 112 1.614654095754759
list:
dist: 1.614654095754759 vs. 1.614654095754759
--------
nle(id0,id1,dist): 106 117 2.88318434548819
list:
dist: 2.88318434548819 vs. 2.88318434548819
--------
nle(id0,id1,dist): 106 118 1.7027270140101525
list:
dist: 1.7027270140101525 vs. 1.7027270140101525
--------
nle(id0,id1,dist): 106 115 2.045802622102577
list:
dist: 2.045802622102577 vs. 2.045802622102577
--------
nle(id0,id1,dist): 106 116 2.6595426721808875
list:
dist: 2.6595426721808875 vs. 2.6595426721808875
--------
nle(id0,id1,dist): 106 110 1.4997574328648697
list:
dist: 1.4997574328648697 vs. 1.4997574328648697
--------
nle(id0,id1,dist): 106 109 0.6091331947920308
list:
dist: 0.6091331947920308 vs. 0.6091331947920308
--------
nle(id0,id1,dist): 106 108 1.1257448792840294
list:
dist: 1.1257448792840294 vs. 1.1257448792840294
--------
nle(id0,id1,dist): 106 107 0.8840217251720226
list:
dist: 0.8840217251720226 vs. 0.8840217251720226
--------
nle(id0,id1,dist): 105 109 2.0221521029695997
list:
dist: 2.0221521029695997 vs. 2.0221521029695997
--------
nle(id0,id1,dist): 105 108 2.1447393665114247
list:
dist: 2.1447393665114247 vs. 2.1447393665114247
--------
nle(id0,id1,dist): 105 111 2.4910887238758845
list:
dist: 2.4910887238758845 vs. 2.4910887238758845
--------
nle(id0,id1,dist): 105 110 2.928002131586089
list:
dist: 2.928002131586089 vs. 2.928002131586089
--------
nle(id0,id1,dist): 105 113 3.1592795240390763
list:
dist: 3.1592795240390763 vs. 3.1592795240390763
--------
nle(id0,id1,dist): 105 112 3.0734952412445202
list:
dist: 3.0734952412445202 vs. 3.0734952412445202
--------
nle(id0,id1,dist): 105 114 2.3451999891581523
list:
dist: 2.3451999891581523 vs. 2.3451999891581523
--------
nle(id0,id1,dist): 105 107 2.105833467725265
list:
dist: 2.105833467725265 vs. 2.105833467725265
--------
nle(id0,id1,dist): 105 106 1.45970152357969
list:
dist: 1.45970152357969 vs. 1.45970152357969
--------
nle(id0,id1,dist): 108 115 2.163536494329151
list:
dist: 2.163536494329151 vs. 2.163536494329151
--------
nle(id0,id1,dist): 108 116 2.0273063784837966
list:
dist: 2.0273063784837966 vs. 2.0273063784837966
--------
nle(id0,id1,dist): 108 113 1.422555412128431
list:
dist: 1.422555412128431 vs. 1.422555412128431
--------
nle(id0,id1,dist): 108 114 1.5215778466370473
list:
dist: 1.5215778466370473 vs. 1.5215778466370473
--------
nle(id0,id1,dist): 108 111 0.9081376956889792
list:
dist: 0.9081376956889792 vs. 0.9081376956889792
--------
nle(id0,id1,dist): 108 112 1.6132391754051367
list:
dist: 1.6132391754051367 vs. 1.6132391754051367
--------
nle(id0,id1,dist): 108 109 1.228187721707287
list:
dist: 1.228187721707287 vs. 1.228187721707287
--------
nle(id0,id1,dist): 108 110 1.543733492674427
list:
dist: 1.543733492674427 vs. 1.543733492674427
--------
nle(id0,id1,dist): 107 118 1.2146904982411673
list:
dist: 1.2146904982411673 vs. 1.2146904982411673
--------
nle(id0,id1,dist): 107 119 1.4486647690068395
list:
dist: 1.4486647690068395 vs. 1.4486647690068395
--------
nle(id0,id1,dist): 107 114 0.301799734799559
list:
dist: 0.301799734799559 vs. 0.301799734799559
--------
nle(id0,id1,dist): 107 115 1.2158928339515302
list:
dist: 1.2158928339515302 vs. 1.2158928339515302
--------
nle(id0,id1,dist): 107 116 2.22514383709115
list:
dist: 2.22514383709115 vs. 2.22514383709115
--------
nle(id0,id1,dist): 107 117 2.3200879204010003
list:
dist: 2.3200879204010003 vs. 2.3200879204010003
--------
nle(id0,id1,dist): 107 110 0.9613008596022647
list:
dist: 0.9613008596022647 vs. 0.9613008596022647
--------
nle(id0,id1,dist): 107 111 1.5355529602888531
list:
dist: 1.5355529602888531 vs. 1.5355529602888531
--------
nle(id0,id1,dist): 107 112 1.2643557798047802
list:
dist: 1.2643557798047802 vs. 1.2643557798047802
--------
nle(id0,id1,dist): 107 113 1.5907866103334691
list:
dist: 1.5907866103334691 vs. 1.5907866103334691
--------
nle(id0,id1,dist): 107 108 1.389599592513155
list:
dist: 1.389599592513155 vs. 1.389599592513155
--------
nle(id0,id1,dist): 107 109 0.4697881260109452
list:
dist: 0.4697881260109452 vs. 0.4697881260109452
--------
nle(id0,id1,dist): 109 114 0.48541765410956245
list:
dist: 0.48541765410956245 vs. 0.48541765410956245
--------
nle(id0,id1,dist): 109 115 1.6623554316401588
list:
dist: 1.6623554316401588 vs. 1.6623554316401588
--------
nle(id0,id1,dist): 109 112 1.0878298955051133
list:
dist: 1.0878298955051133 vs. 1.0878298955051133
--------
nle(id0,id1,dist): 109 113 1.7778358654564674
list:
dist: 1.7778358654564674 vs. 1.7778358654564674
--------
nle(id0,id1,dist): 109 118 1.1214874307652898
list:
dist: 1.1214874307652898 vs. 1.1214874307652898
--------
nle(id0,id1,dist): 109 119 1.744329235291467
list:
dist: 1.744329235291467 vs. 1.744329235291467
--------
nle(id0,id1,dist): 109 116 2.225876549611345
list:
dist: 2.225876549611345 vs. 2.225876549611345
--------
nle(id0,id1,dist): 109 117 2.311619707028296
list:
dist: 2.311619707028296 vs. 2.311619707028296
--------
nle(id0,id1,dist): 109 111 1.1577669771018522
list:
dist: 1.1577669771018522 vs. 1.1577669771018522
--------
nle(id0,id1,dist): 109 110 0.9241052283631349
list:
dist: 0.9241052283631349 vs. 0.9241052283631349
--------
nle(id0,id1,dist): 108 117 2.7126511966518216
list:
dist: 2.7126511966518216 vs. 2.7126511966518216
--------
nle(id0,id1,dist): 108 118 1.8273362850464352
list:
dist: 1.8273362850464352 vs. 1.8273362850464352
--------
nle(id0,id1,dist): 108 119 2.3267715795143538
list:
dist: 2.3267715795143538 vs. 2.3267715795143538
--------
nle(id0,id1,dist): 111 119 2.39323179367777
list:
dist: 2.39323179367777 vs. 2.39323179367777
--------
nle(id0,id1,dist): 111 118 1.44152842260373
list:
dist: 1.44152842260373 vs. 1.44152842260373
--------
nle(id0,id1,dist): 111 116 1.9445278797029883
list:
dist: 1.9445278797029883 vs. 1.9445278797029883
--------
nle(id0,id1,dist): 111 117 2.3390712286601785
list:
dist: 2.3390712286601785 vs. 2.3390712286601785
--------
nle(id0,id1,dist): 111 114 1.5100640195120434
list:
dist: 1.5100640195120434 vs. 1.5100640195120434
--------
nle(id0,id1,dist): 111 115 2.5164825578581977
list:
dist: 2.5164825578581977 vs. 2.5164825578581977
--------
nle(id0,id1,dist): 111 112 1.1595392930941508
list:
dist: 1.1595392930941508 vs. 1.1595392930941508
--------
nle(id0,id1,dist): 111 113 1.9068390058785327
list:
dist: 1.9068390058785327 vs. 1.9068390058785327
--------
nle(id0,id1,dist): 110 111 1.3166130923319332
list:
dist: 1.3166130923319332 vs. 1.3166130923319332
--------
nle(id0,id1,dist): 110 112 0.40034144521009846
list:
dist: 0.40034144521009846 vs. 0.40034144521009846
--------
nle(id0,id1,dist): 110 113 1.4426795940027934
list:
dist: 1.4426795940027934 vs. 1.4426795940027934
--------
nle(id0,id1,dist): 110 114 0.7339900567752288
list:
dist: 0.7339900567752288 vs. 0.7339900567752288
--------
nle(id0,id1,dist): 110 119 1.1337857417963986
list:
dist: 1.1337857417963986 vs. 1.1337857417963986
--------
nle(id0,id1,dist): 110 115 1.5241778685352005
list:
dist: 1.5241778685352005 vs. 1.5241778685352005
--------
nle(id0,id1,dist): 110 116 1.4536723604385666
list:
dist: 1.4536723604385666 vs. 1.4536723604385666
--------
nle(id0,id1,dist): 110 117 1.401013609424171
list:
dist: 1.401013609424171 vs. 1.401013609424171
--------
nle(id0,id1,dist): 110 118 0.3536963467742266
list:
dist: 0.3536963467742266 vs. 0.3536963467742266
--------
nle(id0,id1,dist): 99 107 0.9377035998861697
list:
dist: 0.9377035998861697 vs. 0.9377035998861697
--------
nle(id0,id1,dist): 99 106 0.6624020616443703
list:
dist: 0.6624020616443703 vs. 0.6624020616443703
--------
nle(id0,id1,dist): 99 109 0.4789944998820398
list:
dist: 0.4789944998820398 vs. 0.4789944998820398
--------
nle(id0,id1,dist): 99 108 1.113458747217243
list:
dist: 1.113458747217243 vs. 1.113458747217243
--------
nle(id0,id1,dist): 99 111 0.7534966448872988
list:
dist: 0.7534966448872988 vs. 0.7534966448872988
--------
nle(id0,id1,dist): 99 110 1.0455263592366784
list:
dist: 1.0455263592366784 vs. 1.0455263592366784
--------
nle(id0,id1,dist): 99 113 1.9435542212136054
list:
dist: 1.9435542212136054 vs. 1.9435542212136054
--------
nle(id0,id1,dist): 99 112 1.0339586607203206
list:
dist: 1.0339586607203206 vs. 1.0339586607203206
--------
nle(id0,id1,dist): 99 100 1.2897726293181297
list:
dist: 1.2897726293181297 vs. 1.2897726293181297
--------
nle(id0,id1,dist): 99 103 2.0728194750252533
list:
dist: 2.0728194750252533 vs. 2.0728194750252533
--------
nle(id0,id1,dist): 99 102 1.4633190914558116
list:
dist: 1.4633190914558116 vs. 1.4633190914558116
--------
nle(id0,id1,dist): 99 105 2.0944630101601187
list:
dist: 2.0944630101601187 vs. 2.0944630101601187
--------
nle(id0,id1,dist): 99 104 1.1202276535563347
list:
dist: 1.1202276535563347 vs. 1.1202276535563347
--------
nle(id0,id1,dist): 99 114 0.9096430586056977
list:
dist: 0.9096430586056977 vs. 0.9096430586056977
--------
nle(id0,id1,dist): 99 115 2.0895519914197065
list:
dist: 2.0895519914197065 vs. 2.0895519914197065
--------
nle(id0,id1,dist): 99 116 2.205366666613714
list:
dist: 2.205366666613714 vs. 2.205366666613714
--------
nle(id0,id1,dist): 99 117 2.3368145852374926
list:
dist: 2.3368145852374926 vs. 2.3368145852374926
--------
nle(id0,id1,dist): 99 118 1.1791359525144653
list:
dist: 1.1791359525144653 vs. 1.1791359525144653
--------
nle(id0,id1,dist): 99 119 2.0644845197897617
list:
dist: 2.0644845197897617 vs. 2.0644845197897617
--------
nle(id0,id1,dist): 98 114 1.7295632163804058
list:
dist: 1.7295632163804058 vs. 1.7295632163804058
--------
nle(id0,id1,dist): 98 113 1.1873770450455152
list:
dist: 1.1873770450455152 vs. 1.1873770450455152
--------
nle(id0,id1,dist): 98 112 2.1259040564966845
list:
dist: 2.1259040564966845 vs. 2.1259040564966845
--------
nle(id0,id1,dist): 98 111 1.7442243041294836
list:
dist: 1.7442243041294836 vs. 1.7442243041294836
--------
nle(id0,id1,dist): 98 118 2.251761908765406
list:
dist: 2.251761908765406 vs. 2.251761908765406
--------
nle(id0,id1,dist): 98 117 3.055117257129002
list:
dist: 3.055117257129002 vs. 3.055117257129002
--------
nle(id0,id1,dist): 98 116 2.280046916274584
list:
dist: 2.280046916274584 vs. 2.280046916274584
--------
nle(id0,id1,dist): 98 115 1.8403211595370066
list:
dist: 1.8403211595370066 vs. 1.8403211595370066
--------
nle(id0,id1,dist): 98 106 1.512892482564616
list:
dist: 1.512892482564616 vs. 1.512892482564616
--------
nle(id0,id1,dist): 98 105 2.173358530823364
list:
dist: 2.173358530823364 vs. 2.173358530823364
--------
nle(id0,id1,dist): 98 104 0.8616337954380073
list:
dist: 0.8616337954380073 vs. 0.8616337954380073
--------
nle(id0,id1,dist): 98 103 3.277473333361029
list:
dist: 3.277473333361029 vs. 3.277473333361029
--------
nle(id0,id1,dist): 98 110 1.9070823693345433
list:
dist: 1.9070823693345433 vs. 1.9070823693345433
--------
nle(id0,id1,dist): 98 109 1.6088064014461503
list:
dist: 1.6088064014461503 vs. 1.6088064014461503
--------
nle(id0,id1,dist): 98 108 0.8656240777100098
list:
dist: 0.8656240777100098 vs. 0.8656240777100098
--------
nle(id0,id1,dist): 98 107 1.5078535979870586
list:
dist: 1.5078535979870586 vs. 1.5078535979870586
--------
nle(id0,id1,dist): 98 119 2.2822901247396223
list:
dist: 2.2822901247396223 vs. 2.2822901247396223
--------
nle(id0,id1,dist): 101 103 2.1494658267697853
list:
dist: 2.1494658267697853 vs. 2.1494658267697853
--------
nle(id0,id1,dist): 101 102 3.4217989148571135
list:
dist: 3.4217989148571135 vs. 3.4217989148571135
--------
nle(id0,id1,dist): 101 105 3.112657763314361
list:
dist: 3.112657763314361 vs. 3.112657763314361
--------
nle(id0,id1,dist): 100 108 2.209267847272002
list:
dist: 2.209267847272002 vs. 2.209267847272002
--------
nle(id0,id1,dist): 100 107 1.253232300264126
list:
dist: 1.253232300264126 vs. 1.253232300264126
--------
nle(id0,id1,dist): 100 106 1.1312347593020213
list:
dist: 1.1312347593020213 vs. 1.1312347593020213
--------
nle(id0,id1,dist): 100 105 1.8741879675176252
list:
dist: 1.8741879675176252 vs. 1.8741879675176252
--------
nle(id0,id1,dist): 100 104 1.6809417429411495
list:
dist: 1.6809417429411495 vs. 1.6809417429411495
--------
nle(id0,id1,dist): 100 103 2.381271801070289
list:
dist: 2.381271801070289 vs. 2.381271801070289
--------
nle(id0,id1,dist): 100 102 1.1631055039171634
list:
dist: 1.1631055039171634 vs. 1.1631055039171634
--------
nle(id0,id1,dist): 100 101 2.272404169043605
list:
dist: 2.272404169043605 vs. 2.272404169043605
--------
nle(id0,id1,dist): 100 119 2.4220752253480953
list:
dist: 2.4220752253480953 vs. 2.4220752253480953
--------
nle(id0,id1,dist): 100 117 3.0305007103101254
list:
dist: 3.0305007103101254 vs. 3.0305007103101254
--------
nle(id0,id1,dist): 100 118 1.853343753757485
list:
dist: 1.853343753757485 vs. 1.853343753757485
--------
nle(id0,id1,dist): 100 115 2.267652726447273
list:
dist: 2.267652726447273 vs. 2.267652726447273
--------
nle(id0,id1,dist): 100 113 2.827412303817522
list:
dist: 2.827412303817522 vs. 2.827412303817522
--------
nle(id0,id1,dist): 100 114 1.2489806134213608
list:
dist: 1.2489806134213608 vs. 1.2489806134213608
--------
nle(id0,id1,dist): 100 111 2.0224086940336816
list:
dist: 2.0224086940336816 vs. 2.0224086940336816
--------
nle(id0,id1,dist): 100 112 1.9238917467171108
list:
dist: 1.9238917467171108 vs. 1.9238917467171108
--------
nle(id0,id1,dist): 100 109 1.1098406954107856
list:
dist: 1.1098406954107856 vs. 1.1098406954107856
--------
nle(id0,id1,dist): 100 110 1.8171881116806412
list:
dist: 1.8171881116806412 vs. 1.8171881116806412
--------
nle(id0,id1,dist): 102 115 1.2469906642071165
list:
dist: 1.2469906642071165 vs. 1.2469906642071165
--------
nle(id0,id1,dist): 102 117 2.851486015245941
list:
dist: 2.851486015245941 vs. 2.851486015245941
--------
nle(id0,id1,dist): 102 118 1.783402532002477
list:
dist: 1.783402532002477 vs. 1.783402532002477
--------
nle(id0,id1,dist): 102 119 1.7504749666506116
list:
dist: 1.7504749666506116 vs. 1.7504749666506116
--------
nle(id0,id1,dist): 103 105 2.4594302365818224
list:
dist: 2.4594302365818224 vs. 2.4594302365818224
--------
nle(id0,id1,dist): 103 104 2.887296044107556
list:
dist: 2.887296044107556 vs. 2.887296044107556
--------
nle(id0,id1,dist): 103 107 2.9036375371978953
list:
dist: 2.9036375371978953 vs. 2.9036375371978953
--------
nle(id0,id1,dist): 103 106 2.1329768668236024
list:
dist: 2.1329768668236024 vs. 2.1329768668236024
--------
nle(id0,id1,dist): 103 109 2.459633690017568
list:
dist: 2.459633690017568 vs. 2.459633690017568
--------
nle(id0,id1,dist): 103 108 2.547604330365798
list:
dist: 2.547604330365798 vs. 2.547604330365798
--------
nle(id0,id1,dist): 102 106 1.1521465039486927
list:
dist: 1.1521465039486927 vs. 1.1521465039486927
--------
nle(id0,id1,dist): 102 105 1.9071098975256908
list:
dist: 1.9071098975256908 vs. 1.9071098975256908
--------
nle(id0,id1,dist): 102 104 0.9948064001397866
list:
dist: 0.9948064001397866 vs. 0.9948064001397866
--------
nle(id0,id1,dist): 102 103 3.177725177401676
list:
dist: 3.177725177401676 vs. 3.177725177401676
--------
nle(id0,id1,dist): 102 110 1.5733177083719754
list:
dist: 1.5733177083719754 vs. 1.5733177083719754
--------
nle(id0,id1,dist): 102 109 1.0039573087284384
list:
dist: 1.0039573087284384 vs. 1.0039573087284384
--------
nle(id0,id1,dist): 102 108 1.8815347655532977
list:
dist: 1.8815347655532977 vs. 1.8815347655532977
--------
nle(id0,id1,dist): 102 107 0.6637817347628029
list:
dist: 0.6637817347628029 vs. 0.6637817347628029
--------
nle(id0,id1,dist): 102 114 0.85301305784887
list:
dist: 0.85301305784887 vs. 0.85301305784887
--------
nle(id0,id1,dist): 102 113 2.0436416073367276
list:
dist: 2.0436416073367276 vs. 2.0436416073367276
--------
nle(id0,id1,dist): 102 112 1.8871489003894713
list:
dist: 1.8871489003894713 vs. 1.8871489003894713
--------
nle(id0,id1,dist): 102 111 2.125698138938113
list:
dist: 2.125698138938113 vs. 2.125698138938113
--------
nle(id0,id1,dist): 104 109 0.8437726586383383
list:
dist: 0.8437726586383383 vs. 0.8437726586383383
--------
nle(id0,id1,dist): 104 110 1.3955569047888465
list:
dist: 1.3955569047888465 vs. 1.3955569047888465
--------
nle(id0,id1,dist): 104 111 1.4881516286182916
list:
dist: 1.4881516286182916 vs. 1.4881516286182916
--------
nle(id0,id1,dist): 104 112 1.6559340692999398
list:
dist: 1.6559340692999398 vs. 1.6559340692999398
--------
nle(id0,id1,dist): 104 105 1.7949925040087904
list:
dist: 1.7949925040087904 vs. 1.7949925040087904
--------
nle(id0,id1,dist): 104 106 0.8195056536595081
list:
dist: 0.8195056536595081 vs. 0.8195056536595081
--------
nle(id0,id1,dist): 104 107 0.7024146515827857
list:
dist: 0.7024146515827857 vs. 0.7024146515827857
--------
nle(id0,id1,dist): 104 108 0.9444787593646682
list:
dist: 0.9444787593646682 vs. 0.9444787593646682
--------
nle(id0,id1,dist): 104 117 2.7389072015576357
list:
dist: 2.7389072015576357 vs. 2.7389072015576357
--------
nle(id0,id1,dist): 104 118 1.7135805041447834
list:
dist: 1.7135805041447834 vs. 1.7135805041447834
--------
nle(id0,id1,dist): 104 119 1.874637397081998
list:
dist: 1.874637397081998 vs. 1.874637397081998
--------
nle(id0,id1,dist): 104 113 1.4053064580231045
list:
dist: 1.4053064580231045 vs. 1.4053064580231045
--------
nle(id0,id1,dist): 104 114 0.9700257188241797
list:
dist: 0.9700257188241797 vs. 0.9700257188241797
--------
nle(id0,id1,dist): 104 115 1.4462655244024727
list:
dist: 1.4462655244024727 vs. 1.4462655244024727
--------
nle(id0,id1,dist): 104 116 2.3157738864838655
list:
dist: 2.3157738864838655 vs. 2.3157738864838655
--------
nle(id0,id1,dist): 103 114 2.9153580663907928
list:
dist: 2.9153580663907928 vs. 2.9153580663907928
--------
nle(id0,id1,dist): 103 112 2.8537566046131837
list:
dist: 2.8537566046131837 vs. 2.8537566046131837
--------
nle(id0,id1,dist): 103 113 3.849578805198646
list:
dist: 3.849578805198646 vs. 3.849578805198646
--------
nle(id0,id1,dist): 103 110 3.0375457333730074
list:
dist: 3.0375457333730074 vs. 3.0375457333730074
--------
nle(id0,id1,dist): 103 111 2.029971906256956
list:
dist: 2.029971906256956 vs. 2.029971906256956
--------
nle(id0,id1,dist): 147 149 1.7417840718014297
list:
dist: 1.7417840718014297 vs. 1.7417840718014297
--------
nle(id0,id1,dist): 147 148 1.306065251931283
list:
dist: 1.306065251931283 vs. 1.306065251931283
--------
nle(id0,id1,dist): 148 149 0.47037384864655424
list:
dist: 0.47037384864655424 vs. 0.47037384864655424
--------
nle(id0,id1,dist): 144 148 0.6738626627535903
list:
dist: 0.6738626627535903 vs. 0.6738626627535903
--------
nle(id0,id1,dist): 144 147 1.4229991976637921
list:
dist: 1.4229991976637921 vs. 1.4229991976637921
--------
nle(id0,id1,dist): 144 145 2.6252097139537867
list:
dist: 2.6252097139537867 vs. 2.6252097139537867
--------
nle(id0,id1,dist): 144 149 0.6682179057578675
list:
dist: 0.6682179057578675 vs. 0.6682179057578675
--------
nle(id0,id1,dist): 145 149 2.0767035645825986
list:
dist: 2.0767035645825986 vs. 2.0767035645825986
--------
nle(id0,id1,dist): 145 148 2.0783254186855586
list:
dist: 2.0783254186855586 vs. 2.0783254186855586
--------
nle(id0,id1,dist): 145 147 2.906708738497964
list:
dist: 2.906708738497964 vs. 2.906708738497964
--------
nle(id0,id1,dist): 145 146 2.1145928185956295
list:
dist: 2.1145928185956295 vs. 2.1145928185956295
--------
nle(id0,id1,dist): 142 149 2.1407649144549543
list:
dist: 2.1407649144549543 vs. 2.1407649144549543
--------
nle(id0,id1,dist): 142 147 1.7510307856185825
list:
dist: 1.7510307856185825 vs. 1.7510307856185825
--------
nle(id0,id1,dist): 142 148 1.8654682051186045
list:
dist: 1.8654682051186045 vs. 1.8654682051186045
--------
nle(id0,id1,dist): 142 145 1.9855743521712297
list:
dist: 1.9855743521712297 vs. 1.9855743521712297
--------
nle(id0,id1,dist): 142 143 1.8942845117479725
list:
dist: 1.8942845117479725 vs. 1.8942845117479725
--------
nle(id0,id1,dist): 142 144 2.1766603403819325
list:
dist: 2.1766603403819325 vs. 2.1766603403819325
--------
nle(id0,id1,dist): 143 147 1.6004401171303826
list:
dist: 1.6004401171303826 vs. 1.6004401171303826
--------
nle(id0,id1,dist): 143 148 2.6542344906031756
list:
dist: 2.6542344906031756 vs. 2.6542344906031756
--------
nle(id0,id1,dist): 143 149 3.111244974988648
list:
dist: 3.111244974988648 vs. 3.111244974988648
--------
nle(id0,id1,dist): 143 144 2.946955764374746
list:
dist: 2.946955764374746 vs. 2.946955764374746
--------
nle(id0,id1,dist): 141 142 2.4979784946653325
list:
dist: 2.4979784946653325 vs. 2.4979784946653325
--------
nle(id0,id1,dist): 140 149 0.8675980223061731
list:
dist: 0.8675980223061731 vs. 0.8675980223061731
--------
nle(id0,id1,dist): 141 145 3.0458141184692185
list:
dist: 3.0458141184692185 vs. 3.0458141184692185
--------
nle(id0,id1,dist): 141 147 4.241095914928974
list:
dist: 4.241095914928974 vs. 4.241095914928974
--------
nle(id0,id1,dist): 141 146 4.009480840137188
list:
dist: 4.009480840137188 vs. 4.009480840137188
--------
nle(id0,id1,dist): 139 144 1.0851127651882488
list:
dist: 1.0851127651882488 vs. 1.0851127651882488
--------
nle(id0,id1,dist): 139 145 2.840664575590104
list:
dist: 2.840664575590104 vs. 2.840664575590104
--------
nle(id0,id1,dist): 139 142 1.7097124665334873
list:
dist: 1.7097124665334873 vs. 1.7097124665334873
--------
nle(id0,id1,dist): 139 143 2.7144332724527676
list:
dist: 2.7144332724527676 vs. 2.7144332724527676
--------
nle(id0,id1,dist): 139 140 1.8190643215065077
list:
dist: 1.8190643215065077 vs. 1.8190643215065077
--------
nle(id0,id1,dist): 139 148 1.4174535871463092
list:
dist: 1.4174535871463092 vs. 1.4174535871463092
--------
nle(id0,id1,dist): 139 149 1.5108136870479234
list:
dist: 1.5108136870479234 vs. 1.5108136870479234
--------
nle(id0,id1,dist): 139 147 1.5076312495450097
list:
dist: 1.5076312495450097 vs. 1.5076312495450097
--------
nle(id0,id1,dist): 140 145 1.3095578722657868
list:
dist: 1.3095578722657868 vs. 1.3095578722657868
--------
nle(id0,id1,dist): 140 147 1.7767374530604971
list:
dist: 1.7767374530604971 vs. 1.7767374530604971
--------
nle(id0,id1,dist): 140 148 0.7699532094356724
list:
dist: 0.7699532094356724 vs. 0.7699532094356724
--------
nle(id0,id1,dist): 140 141 3.6619792021320614
list:
dist: 3.6619792021320614 vs. 3.6619792021320614
--------
nle(id0,id1,dist): 140 142 1.6280892036456804
list:
dist: 1.6280892036456804 vs. 1.6280892036456804
--------
nle(id0,id1,dist): 140 143 2.745785333583939
list:
dist: 2.745785333583939 vs. 2.745785333583939
--------
nle(id0,id1,dist): 140 144 1.36408951448078
list:
dist: 1.36408951448078 vs. 1.36408951448078
--------
nle(id0,id1,dist): 138 141 3.579738721674161
list:
dist: 3.579738721674161 vs. 3.579738721674161
--------
nle(id0,id1,dist): 138 142 2.212018014348425
list:
dist: 2.212018014348425 vs. 2.212018014348425
--------
nle(id0,id1,dist): 138 139 1.903912253376459
list:
dist: 1.903912253376459 vs. 1.903912253376459
--------
nle(id0,id1,dist): 138 140 1.394369481083557
list:
dist: 1.394369481083557 vs. 1.394369481083557
--------
nle(id0,id1,dist): 138 149 1.3728471147131343
list:
dist: 1.3728471147131343 vs. 1.3728471147131343
--------
nle(id0,id1,dist): 138 148 1.6757056834130986
list:
dist: 1.6757056834130986 vs. 1.6757056834130986
--------
nle(id0,id1,dist): 138 147 2.762683483077351
list:
dist: 2.762683483077351 vs. 2.762683483077351
--------
nle(id0,id1,dist): 138 146 1.934745760182379
list:
dist: 1.934745760182379 vs. 1.934745760182379
--------
nle(id0,id1,dist): 138 145 1.7173706039450682
list:
dist: 1.7173706039450682 vs. 1.7173706039450682
--------
nle(id0,id1,dist): 138 144 1.769101617513104
list:
dist: 1.769101617513104 vs. 1.769101617513104
--------
nle(id0,id1,dist): 137 144 1.390368742001788
list:
dist: 1.390368742001788 vs. 1.390368742001788
--------
nle(id0,id1,dist): 137 145 2.45976402178573
list:
dist: 2.45976402178573 vs. 2.45976402178573
--------
nle(id0,id1,dist): 137 146 3.001636877521891
list:
dist: 3.001636877521891 vs. 3.001636877521891
--------
nle(id0,id1,dist): 137 147 2.2618046158837415
list:
dist: 2.2618046158837415 vs. 2.2618046158837415
--------
nle(id0,id1,dist): 137 140 1.7255025448784116
list:
dist: 1.7255025448784116 vs. 1.7255025448784116
--------
nle(id0,id1,dist): 137 142 1.902642588306483
list:
dist: 1.902642588306483 vs. 1.902642588306483
--------
nle(id0,id1,dist): 137 138 1.1259841261355144
list:
dist: 1.1259841261355144 vs. 1.1259841261355144
--------
nle(id0,id1,dist): 137 139 0.948226627909006
list:
dist: 0.948226627909006 vs. 0.948226627909006
--------
nle(id0,id1,dist): 137 149 1.4677679599497322
list:
dist: 1.4677679599497322 vs. 1.4677679599497322
--------
nle(id0,id1,dist): 137 148 1.614761485798702
list:
dist: 1.614761485798702 vs. 1.614761485798702
--------
nle(id0,id1,dist): 136 147 2.5005193545785
list:
dist: 2.5005193545785 vs. 2.5005193545785
--------
nle(id0,id1,dist): 136 148 1.4129075341235797
list:
dist: 1.4129075341235797 vs. 1.4129075341235797
--------
nle(id0,id1,dist): 136 145 2.465360880470216
list:
dist: 2.465360880470216 vs. 2.465360880470216
--------
nle(id0,id1,dist): 136 146 2.704251907455909
list:
dist: 2.704251907455909 vs. 2.704251907455909
--------
nle(id0,id1,dist): 136 149 1.0027589016932084
list:
dist: 1.0027589016932084 vs. 1.0027589016932084
--------
nle(id0,id1,dist): 136 139 1.5875400214552693
list:
dist: 1.5875400214552693 vs. 1.5875400214552693
--------
nle(id0,id1,dist): 136 140 1.6097852410352635
list:
dist: 1.6097852410352635 vs. 1.6097852410352635
--------
nle(id0,id1,dist): 136 137 1.0633742520098637
list:
dist: 1.0633742520098637 vs. 1.0633742520098637
--------
nle(id0,id1,dist): 136 138 0.9829591219035675
list:
dist: 0.9829591219035675 vs. 0.9829591219035675
--------
nle(id0,id1,dist): 136 144 1.165059803989127
list:
dist: 1.165059803989127 vs. 1.165059803989127
--------
nle(id0,id1,dist): 136 142 2.584487286840325
list:
dist: 2.584487286840325 vs. 2.584487286840325
--------
nle(id0,id1,dist): 135 142 2.4374027577872526
list:
dist: 2.4374027577872526 vs. 2.4374027577872526
--------
nle(id0,id1,dist): 135 143 2.803932181755124
list:
dist: 2.803932181755124 vs. 2.803932181755124
--------
nle(id0,id1,dist): 135 144 2.03160580865402
list:
dist: 2.03160580865402 vs. 2.03160580865402
--------
nle(id0,id1,dist): 135 145 3.9779869098117655
list:
dist: 3.9779869098117655 vs. 3.9779869098117655
--------
nle(id0,id1,dist): 135 147 1.888546934704164
list:
dist: 1.888546934704164 vs. 1.888546934704164
--------
nle(id0,id1,dist): 135 148 2.443071516544413
list:
dist: 2.443071516544413 vs. 2.443071516544413
--------
nle(id0,id1,dist): 135 149 2.6136393287281203
list:
dist: 2.6136393287281203 vs. 2.6136393287281203
--------
nle(id0,id1,dist): 135 140 2.945583060767885
list:
dist: 2.945583060767885 vs. 2.945583060767885
--------
nle(id0,id1,dist): 135 138 3.1039066194840874
list:
dist: 3.1039066194840874 vs. 3.1039066194840874
--------
nle(id0,id1,dist): 135 139 1.2236234080052055
list:
dist: 1.2236234080052055 vs. 1.2236234080052055
--------
nle(id0,id1,dist): 135 136 2.6870717244424154
list:
dist: 2.6870717244424154 vs. 2.6870717244424154
--------
nle(id0,id1,dist): 135 137 2.0430465430505778
list:
dist: 2.0430465430505778 vs. 2.0430465430505778
--------
nle(id0,id1,dist): 134 136 1.8758203639551103
list:
dist: 1.8758203639551103 vs. 1.8758203639551103
--------
nle(id0,id1,dist): 134 137 2.0987696056921332
list:
dist: 2.0987696056921332 vs. 2.0987696056921332
--------
nle(id0,id1,dist): 134 138 1.2624299618655208
list:
dist: 1.2624299618655208 vs. 1.2624299618655208
--------
nle(id0,id1,dist): 134 145 2.4171908942085754
list:
dist: 2.4171908942085754 vs. 2.4171908942085754
--------
nle(id0,id1,dist): 134 146 1.234303637057569
list:
dist: 1.234303637057569 vs. 1.234303637057569
--------
nle(id0,id1,dist): 133 135 2.5759379582099906
list:
dist: 2.5759379582099906 vs. 2.5759379582099906
--------
nle(id0,id1,dist): 133 138 3.392357030517579
list:
dist: 3.392357030517579 vs. 3.392357030517579
--------
nle(id0,id1,dist): 133 139 2.4306640812710514
list:
dist: 2.4306640812710514 vs. 2.4306640812710514
--------
nle(id0,id1,dist): 133 136 3.6844389628221195
list:
dist: 3.6844389628221195 vs. 3.6844389628221195
--------
nle(id0,id1,dist): 133 137 2.8512879556896897
list:
dist: 2.8512879556896897 vs. 2.8512879556896897
--------
nle(id0,id1,dist): 133 142 1.2501881204117171
list:
dist: 1.2501881204117171 vs. 1.2501881204117171
--------
nle(id0,id1,dist): 133 143 1.6177898484964717
list:
dist: 1.6177898484964717 vs. 1.6177898484964717
--------
nle(id0,id1,dist): 133 140 2.832479735281758
list:
dist: 2.832479735281758 vs. 2.832479735281758
--------
nle(id0,id1,dist): 133 141 2.4940138828768577
list:
dist: 2.4940138828768577 vs. 2.4940138828768577
--------
nle(id0,id1,dist): 133 147 2.2818905384868926
list:
dist: 2.2818905384868926 vs. 2.2818905384868926
--------
nle(id0,id1,dist): 133 144 3.1311621873077353
list:
dist: 3.1311621873077353 vs. 3.1311621873077353
--------
nle(id0,id1,dist): 133 145 3.1335250179051335
list:
dist: 3.1335250179051335 vs. 3.1335250179051335
--------
nle(id0,id1,dist): 133 148 2.929426559836566
list:
dist: 2.929426559836566 vs. 2.929426559836566
--------
nle(id0,id1,dist): 133 149 3.2625932832262086
list:
dist: 3.2625932832262086 vs. 3.2625932832262086
--------
nle(id0,id1,dist): 132 134 1.1967814041142344
list:
dist: 1.1967814041142344 vs. 1.1967814041142344
--------
nle(id0,id1,dist): 132 136 2.63104556638462
list:
dist: 2.63104556638462 vs. 2.63104556638462
--------
nle(id0,id1,dist): 132 138 1.6982312031109381
list:
dist: 1.6982312031109381 vs. 1.6982312031109381
--------
nle(id0,id1,dist): 132 137 2.584749876769329
list:
dist: 2.584749876769329 vs. 2.584749876769329
--------
nle(id0,id1,dist): 132 141 3.143763381780293
list:
dist: 3.143763381780293 vs. 3.143763381780293
--------
nle(id0,id1,dist): 132 145 1.876109722259086
list:
dist: 1.876109722259086 vs. 1.876109722259086
--------
nle(id0,id1,dist): 132 146 0.9222720883723053
list:
dist: 0.9222720883723053 vs. 0.9222720883723053
--------
nle(id0,id1,dist): 131 147 2.833925413219777
list:
dist: 2.833925413219777 vs. 2.833925413219777
--------
nle(id0,id1,dist): 131 146 3.242016843156112
list:
dist: 3.242016843156112 vs. 3.242016843156112
--------
nle(id0,id1,dist): 131 149 2.718153331405132
list:
dist: 2.718153331405132 vs. 2.718153331405132
--------
nle(id0,id1,dist): 131 148 2.6349273221592777
list:
dist: 2.6349273221592777 vs. 2.6349273221592777
--------
nle(id0,id1,dist): 131 142 1.2365367993632712
list:
dist: 1.2365367993632712 vs. 1.2365367993632712
--------
nle(id0,id1,dist): 131 144 2.8043199312930263
list:
dist: 2.8043199312930263 vs. 2.8043199312930263
--------
nle(id0,id1,dist): 131 145 2.2184386614763283
list:
dist: 2.2184386614763283 vs. 2.2184386614763283
--------
nle(id0,id1,dist): 131 138 2.1033229731874585
list:
dist: 2.1033229731874585 vs. 2.1033229731874585
--------
nle(id0,id1,dist): 131 139 2.125391435545231
list:
dist: 2.125391435545231 vs. 2.125391435545231
--------
nle(id0,id1,dist): 131 140 2.294847776906405
list:
dist: 2.294847776906405 vs. 2.294847776906405
--------
nle(id0,id1,dist): 131 141 1.7374509403539404
list:
dist: 1.7374509403539404 vs. 1.7374509403539404
--------
nle(id0,id1,dist): 131 134 2.7961154687812635
list:
dist: 2.7961154687812635 vs. 2.7961154687812635
--------
nle(id0,id1,dist): 131 135 2.862435145586613
list:
dist: 2.862435145586613 vs. 2.862435145586613
--------
nle(id0,id1,dist): 131 136 2.72657379617994
list:
dist: 2.72657379617994 vs. 2.72657379617994
--------
nle(id0,id1,dist): 131 137 1.8486205418825024
list:
dist: 1.8486205418825024 vs. 1.8486205418825024
--------
nle(id0,id1,dist): 131 132 2.4445053362167934
list:
dist: 2.4445053362167934 vs. 2.4445053362167934
--------
nle(id0,id1,dist): 131 133 1.8238850294911324
list:
dist: 1.8238850294911324 vs. 1.8238850294911324
--------
nle(id0,id1,dist): 130 147 4.099280044705835
list:
dist: 4.099280044705835 vs. 4.099280044705835
--------
nle(id0,id1,dist): 130 145 2.11517050802417
list:
dist: 2.11517050802417 vs. 2.11517050802417
--------
nle(id0,id1,dist): 130 146 2.720074294669416
list:
dist: 2.720074294669416 vs. 2.720074294669416
--------
nle(id0,id1,dist): 130 141 1.3251946611532652
list:
dist: 1.3251946611532652 vs. 1.3251946611532652
--------
nle(id0,id1,dist): 130 142 2.4374418200811165
list:
dist: 2.4374418200811165 vs. 2.4374418200811165
--------
nle(id0,id1,dist): 130 140 2.997599425430308
list:
dist: 2.997599425430308 vs. 2.997599425430308
--------
nle(id0,id1,dist): 130 138 2.6924043916286586
list:
dist: 2.6924043916286586 vs. 2.6924043916286586
--------
nle(id0,id1,dist): 130 132 1.8848894341336315
list:
dist: 1.8848894341336315 vs. 1.8848894341336315
--------
nle(id0,id1,dist): 130 131 1.6340715113137159
list:
dist: 1.6340715113137159 vs. 1.6340715113137159
--------
nle(id0,id1,dist): 130 133 3.0377993432794907
list:
dist: 3.0377993432794907 vs. 3.0377993432794907
--------
nle(id0,id1,dist): 129 148 2.3531796220895433
list:
dist: 2.3531796220895433 vs. 2.3531796220895433
--------
nle(id0,id1,dist): 129 149 2.2502548582402984
list:
dist: 2.2502548582402984 vs. 2.2502548582402984
--------
nle(id0,id1,dist): 129 140 2.3628440317002477
list:
dist: 2.3628440317002477 vs. 2.3628440317002477
--------
nle(id0,id1,dist): 129 142 2.056152369607661
list:
dist: 2.056152369607661 vs. 2.056152369607661
--------
nle(id0,id1,dist): 129 144 2.148942425388158
list:
dist: 2.148942425388158 vs. 2.148942425388158
--------
nle(id0,id1,dist): 129 145 2.8299798041517117
list:
dist: 2.8299798041517117 vs. 2.8299798041517117
--------
nle(id0,id1,dist): 129 146 3.2076308865518213
list:
dist: 3.2076308865518213 vs. 3.2076308865518213
--------
nle(id0,id1,dist): 129 147 2.7887518468901944
list:
dist: 2.7887518468901944 vs. 2.7887518468901944
--------
nle(id0,id1,dist): 129 135 2.167915755802896
list:
dist: 2.167915755802896 vs. 2.167915755802896
--------
nle(id0,id1,dist): 129 134 2.241775805399753
list:
dist: 2.241775805399753 vs. 2.241775805399753
--------
nle(id0,id1,dist): 129 133 2.777791014432278
list:
dist: 2.777791014432278 vs. 2.777791014432278
--------
nle(id0,id1,dist): 129 132 2.612574074253193
list:
dist: 2.612574074253193 vs. 2.612574074253193
--------
nle(id0,id1,dist): 129 139 1.39885480248711
list:
dist: 1.39885480248711 vs. 1.39885480248711
--------
nle(id0,id1,dist): 129 138 1.6075802616772117
list:
dist: 1.6075802616772117 vs. 1.6075802616772117
--------
nle(id0,id1,dist): 129 137 0.7985924363211918
list:
dist: 0.7985924363211918 vs. 0.7985924363211918
--------
nle(id0,id1,dist): 129 136 1.7814451757316339
list:
dist: 1.7814451757316339 vs. 1.7814451757316339
--------
nle(id0,id1,dist): 129 131 1.5529762982253221
list:
dist: 1.5529762982253221 vs. 1.5529762982253221
--------
nle(id0,id1,dist): 128 147 0.9493395693070108
list:
dist: 0.9493395693070108 vs. 0.9493395693070108
--------
nle(id0,id1,dist): 128 148 0.84089003627576
list:
dist: 0.84089003627576 vs. 0.84089003627576
--------
nle(id0,id1,dist): 128 145 2.291943255324616
list:
dist: 2.291943255324616 vs. 2.291943255324616
--------
nle(id0,id1,dist): 128 149 1.1533846534339935
list:
dist: 1.1533846534339935 vs. 1.1533846534339935
--------
nle(id0,id1,dist): 128 133 2.191563923778562
list:
dist: 2.191563923778562 vs. 2.191563923778562
--------
nle(id0,id1,dist): 128 135 1.7932741023572811
list:
dist: 1.7932741023572811 vs. 1.7932741023572811
--------
nle(id0,id1,dist): 128 136 1.7246420015648567
list:
dist: 1.7246420015648567 vs. 1.7246420015648567
--------
nle(id0,id1,dist): 128 129 1.9198041037715206
list:
dist: 1.9198041037715206 vs. 1.9198041037715206
--------
nle(id0,id1,dist): 128 130 3.3700624040739364
list:
dist: 3.3700624040739364 vs. 3.3700624040739364
--------
nle(id0,id1,dist): 128 131 2.09969922222025
list:
dist: 2.09969922222025 vs. 2.09969922222025
--------
nle(id0,id1,dist): 128 141 3.6752375174863547
list:
dist: 3.6752375174863547 vs. 3.6752375174863547
--------
nle(id0,id1,dist): 128 142 1.2710043231400618
list:
dist: 1.2710043231400618 vs. 1.2710043231400618
--------
nle(id0,id1,dist): 128 143 2.163145688799698
list:
dist: 2.163145688799698 vs. 2.163145688799698
--------
nle(id0,id1,dist): 128 144 0.9499473372555528
list:
dist: 0.9499473372555528 vs. 0.9499473372555528
--------
nle(id0,id1,dist): 128 137 1.3567285865419558
list:
dist: 1.3567285865419558 vs. 1.3567285865419558
--------
nle(id0,id1,dist): 128 138 1.8620177037402132
list:
dist: 1.8620177037402132 vs. 1.8620177037402132
--------
nle(id0,id1,dist): 128 139 0.8387831469512723
list:
dist: 0.8387831469512723 vs. 0.8387831469512723
--------
nle(id0,id1,dist): 128 140 1.1817662337243064
list:
dist: 1.1817662337243064 vs. 1.1817662337243064
--------
nle(id0,id1,dist): 127 141 2.8172128486954904
list:
dist: 2.8172128486954904 vs. 2.8172128486954904
--------
nle(id0,id1,dist): 127 138 2.474878535473547
list:
dist: 2.474878535473547 vs. 2.474878535473547
--------
nle(id0,id1,dist): 127 136 3.3685279332660816
list:
dist: 3.3685279332660816 vs. 3.3685279332660816
--------
nle(id0,id1,dist): 127 137 3.0536058791514926
list:
dist: 3.0536058791514926 vs. 3.0536058791514926
--------
nle(id0,id1,dist): 127 134 1.8476613259752948
list:
dist: 1.8476613259752948 vs. 1.8476613259752948
--------
nle(id0,id1,dist): 127 146 1.8540563057305866
list:
dist: 1.8540563057305866 vs. 1.8540563057305866
--------
nle(id0,id1,dist): 127 145 2.7341255240908926
list:
dist: 2.7341255240908926 vs. 2.7341255240908926
--------
nle(id0,id1,dist): 127 132 1.0935888507013185
list:
dist: 1.0935888507013185 vs. 1.0935888507013185
--------
nle(id0,id1,dist): 127 131 2.5071931470186564
list:
dist: 2.5071931470186564 vs. 2.5071931470186564
--------
nle(id0,id1,dist): 127 130 1.7183358193641278
list:
dist: 1.7183358193641278 vs. 1.7183358193641278
--------
nle(id0,id1,dist): 127 129 2.782149455483919
list:
dist: 2.782149455483919 vs. 2.782149455483919
--------
nle(id0,id1,dist): 126 139 2.7196974497793374
list:
dist: 2.7196974497793374 vs. 2.7196974497793374
--------
nle(id0,id1,dist): 126 140 3.7662259373419507
list:
dist: 3.7662259373419507 vs. 3.7662259373419507
--------
nle(id0,id1,dist): 126 142 2.388567410710155
list:
dist: 2.388567410710155 vs. 2.388567410710155
--------
nle(id0,id1,dist): 126 143 2.060866121544989
list:
dist: 2.060866121544989 vs. 2.060866121544989
--------
nle(id0,id1,dist): 126 144 3.5597832955965676
list:
dist: 3.5597832955965676 vs. 3.5597832955965676
--------
nle(id0,id1,dist): 126 147 2.615154770310618
list:
dist: 2.615154770310618 vs. 2.615154770310618
--------
nle(id0,id1,dist): 126 148 3.5887493335607425
list:
dist: 3.5887493335607425 vs. 3.5887493335607425
--------
nle(id0,id1,dist): 126 149 3.925564837030899
list:
dist: 3.925564837030899 vs. 3.925564837030899
--------
nle(id0,id1,dist): 126 128 2.775572357391311
list:
dist: 2.775572357391311 vs. 2.775572357391311
--------
nle(id0,id1,dist): 126 133 1.420089023748343
list:
dist: 1.420089023748343 vs. 1.420089023748343
--------
nle(id0,id1,dist): 126 135 2.173145794645729
list:
dist: 2.173145794645729 vs. 2.173145794645729
--------
nle(id0,id1,dist): 125 147 2.7133895221112123
list:
dist: 2.7133895221112123 vs. 2.7133895221112123
--------
nle(id0,id1,dist): 125 144 3.004042546280889
list:
dist: 3.004042546280889 vs. 3.004042546280889
--------
nle(id0,id1,dist): 125 145 2.265338477750383
list:
dist: 2.265338477750383 vs. 2.265338477750383
--------
nle(id0,id1,dist): 125 148 2.7408346749726107
list:
dist: 2.7408346749726107 vs. 2.7408346749726107
--------
nle(id0,id1,dist): 125 149 2.9251877318506403
list:
dist: 2.9251877318506403 vs. 2.9251877318506403
--------
nle(id0,id1,dist): 125 131 0.6776123150736593
list:
dist: 0.6776123150736593 vs. 0.6776123150736593
--------
nle(id0,id1,dist): 125 130 1.7580748026668973
list:
dist: 1.7580748026668973 vs. 1.7580748026668973
--------
nle(id0,id1,dist): 125 129 2.1300148836625508
list:
dist: 2.1300148836625508 vs. 2.1300148836625508
--------
nle(id0,id1,dist): 125 128 2.162361115033505
list:
dist: 2.162361115033505 vs. 2.162361115033505
--------
nle(id0,id1,dist): 125 135 2.9931944384352214
list:
dist: 2.9931944384352214 vs. 2.9931944384352214
--------
nle(id0,id1,dist): 125 133 1.3165818123617752
list:
dist: 1.3165818123617752 vs. 1.3165818123617752
--------
nle(id0,id1,dist): 125 139 2.3663771549582435
list:
dist: 2.3663771549582435 vs. 2.3663771549582435
--------
nle(id0,id1,dist): 125 138 2.5519781369613495
list:
dist: 2.5519781369613495 vs. 2.5519781369613495
--------
nle(id0,id1,dist): 125 137 2.3100852753883383
list:
dist: 2.3100852753883383 vs. 2.3100852753883383
--------
nle(id0,id1,dist): 125 136 3.14079158961095
list:
dist: 3.14079158961095 vs. 3.14079158961095
--------
nle(id0,id1,dist): 125 143 2.580789238268439
list:
dist: 2.580789238268439 vs. 2.580789238268439
--------
nle(id0,id1,dist): 125 142 0.987417173266747
list:
dist: 0.987417173266747 vs. 0.987417173266747
--------
nle(id0,id1,dist): 125 141 1.5440391643817795
list:
dist: 1.5440391643817795 vs. 1.5440391643817795
--------
nle(id0,id1,dist): 125 140 2.379694181340968
list:
dist: 2.379694181340968 vs. 2.379694181340968
2. Check the NeighborList query for coordinates against the neighbor list for consistency
list:
dist: 1.7603743414708304 vs. 1.7603743414708304
list:
dist: 1.8487700334446109 vs. 1.8487700334446109
list:
dist: 2.919190570576776 vs. 2.919190570576776
list:
dist: 2.20243411749453 vs. 2.20243411749453
list:
dist: 1.0412238115186663 vs. 1.0412238115186663
list:
dist: 3.0898700185321895 vs. 3.0898700185321895
list:
dist: 2.700350872277205 vs. 2.700350872277205
list:
dist: 1.2778659760669056 vs. 1.2778659760669056
list:
dist: 1.6041353458970724 vs. 1.6041353458970724
list:
dist: 1.7626005427550742 vs. 1.7626005427550742
list:
dist: 2.0278254355752927 vs. 2.0278254355752927
list:
dist: 2.419715285214897 vs. 2.419715285214897
list:
dist: 2.3971030641817093 vs. 2.3971030641817093
list:
dist: 1.69258796028952 vs. 1.69258796028952
list:
dist: 1.6860402014379132 vs. 1.6860402014379132
list:
dist: 2.8847214432753154 vs. 2.8847214432753154
list:
dist: 3.2504902553420396 vs. 3.2504902553420396
list:
dist: 2.670913392543406 vs. 2.670913392543406
list:
dist: 3.1228827016961334 vs. 3.1228827016961334
list:
dist: 2.176189960316879 vs. 2.176189960316879
list:
dist: 3.7595683742871655 vs. 3.7595683742871655
list:
dist: 3.0928925646536483 vs. 3.0928925646536483
list:
dist: 2.94988312797552 vs. 2.94988312797552
list:
dist: 2.308647188828898 vs. 2.308647188828898
list:
dist: 3.099758518300782 vs. 3.099758518300782
list:
dist: 3.975370876945719 vs. 3.975370876945719
list:
dist: 4.381975491789797 vs. 4.381975491789797
list:
dist: 3.5793638316845477 vs. 3.5793638316845477
list:
dist: 2.855173425240635 vs. 2.855173425240635
list:
dist: 1.7603743414708304 vs. 1.7603743414708304
list:
dist: 0.41320262543667735 vs. 0.41320262543667735
list:
dist: 1.699826303114922 vs. 1.699826303114922
list:
dist: 1.395943562104577 vs. 1.395943562104577
list:
dist: 1.0514764221824053 vs. 1.0514764221824053
list:
dist: 1.6041353458970724 vs. 1.6041353458970724
list:
dist: 1.8170043593283052 vs. 1.8170043593283052
list:
dist: 1.4943334679221176 vs. 1.4943334679221176
list:
dist: 1.7538186341404751 vs. 1.7538186341404751
list:
dist: 1.9673179826846778 vs. 1.9673179826846778
list:
dist: 2.852499016051602 vs. 2.852499016051602
list:
dist: 2.720158261880966 vs. 2.720158261880966
list:
dist: 1.5723560318147252 vs. 1.5723560318147252
list:
dist: 3.133460233607593 vs. 3.133460233607593
list:
dist: 3.0124355994172136 vs. 3.0124355994172136
list:
dist: 2.515356721002612 vs. 2.515356721002612
list:
dist: 1.9281583731828806 vs. 1.9281583731828806
list:
dist: 2.9735655310500504 vs. 2.9735655310500504
list:
dist: 3.754427742565702 vs. 3.754427742565702
list:
dist: 3.628763927229325 vs. 3.628763927229325
list:
dist: 2.20243411749453 vs. 2.20243411749453
list:
dist: 1.395943562104577 vs. 1.395943562104577
list:
dist: 0.9895186313715277 vs. 0.9895186313715277
list:
dist: 0.9637884480236986 vs. 0.9637884480236986
list:
dist: 1.1797378641017096 vs. 1.1797378641017096
list:
dist: 2.419715285214897 vs. 2.419715285214897
list:
dist: 1.6150708048022842 vs. 1.6150708048022842
list:
dist: 1.550013689279982 vs. 1.550013689279982
list:
dist: 1.9668954269418453 vs. 1.9668954269418453
list:
dist: 1.0820093048547237 vs. 1.0820093048547237
list:
dist: 3.327521893450943 vs. 3.327521893450943
list:
dist: 2.9657460582628623 vs. 2.9657460582628623
list:
dist: 1.9925792380945864 vs. 1.9925792380945864
list:
dist: 3.2677105649375533 vs. 3.2677105649375533
list:
dist: 2.906370346883864 vs. 2.906370346883864
list:
dist: 2.418376497307085 vs. 2.418376497307085
list:
dist: 1.6937552396802307 vs. 1.6937552396802307
list:
dist: 3.0084666740797155 vs. 3.0084666740797155
list:
dist: 3.699356932731551 vs. 3.699356932731551
list:
dist: 3.0549645033525654 vs. 3.0549645033525654
list:
dist: 2.919190570576776 vs. 2.919190570576776
list:
dist: 1.699826303114922 vs. 1.699826303114922
list:
dist: 1.360634364732568 vs. 1.360634364732568
list:
dist: 0.9637884480236986 vs. 0.9637884480236986
list:
dist: 1.9381090114737818 vs. 1.9381090114737818
list:
dist: 2.0278254355752927 vs. 2.0278254355752927
list:
dist: 0.7730816235783017 vs. 0.7730816235783017
list:
dist: 1.0098995872984755 vs. 1.0098995872984755
list:
dist: 2.2110012832285073 vs. 2.2110012832285073
list:
dist: 1.7421025209922543 vs. 1.7421025209922543
list:
dist: 2.840385259250393 vs. 2.840385259250393
list:
dist: 2.7093824956737826 vs. 2.7093824956737826
list:
dist: 1.8447922635731584 vs. 1.8447922635731584
list:
dist: 3.154081248471541 vs. 3.154081248471541
list:
dist: 2.3516794236606264 vs. 2.3516794236606264
list:
dist: 2.08096380021884 vs. 2.08096380021884
list:
dist: 1.2196615150140449 vs. 1.2196615150140449
list:
dist: 2.5255778684096706 vs. 2.5255778684096706
list:
dist: 3.2829385959243966 vs. 3.2829385959243966
list:
dist: 3.6677275435609245 vs. 3.6677275435609245
list:
dist: 1.0412238115186663 vs. 1.0412238115186663
list:
dist: 1.0514764221824053 vs. 1.0514764221824053
list:
dist: 0.9420560688849701 vs. 0.9420560688849701
list:
dist: 1.9381090114737818 vs. 1.9381090114737818
list:
dist: 1.1797378641017096 vs. 1.1797378641017096
list:
dist: 2.3971030641817093 vs. 2.3971030641817093
list:
dist: 2.405991326621349 vs. 2.405991326621349
list:
dist: 2.217339076803923 vs. 2.217339076803923
list:
dist: 2.270401475903597 vs. 2.270401475903597
list:
dist: 1.762281467823965 vs. 1.762281467823965
list:
dist: 3.8018618275335045 vs. 3.8018618275335045
list:
dist: 3.5037562517731216 vs. 3.5037562517731216
list:
dist: 2.4001792866198732 vs. 2.4001792866198732
list:
dist: 3.7978002784008593 vs. 3.7978002784008593
list:
dist: 3.72690821772158 vs. 3.72690821772158
list:
dist: 3.173043097168161 vs. 3.173043097168161
list:
dist: 2.534263594915255 vs. 2.534263594915255
list:
dist: 3.7387394094703765 vs. 3.7387394094703765
list:
dist: 4.461369221202029 vs. 4.461369221202029
list:
dist: 2.536264513397924 vs. 2.536264513397924
list:
dist: 1.8170043593283052 vs. 1.8170043593283052
list:
dist: 1.6023091305537034 vs. 1.6023091305537034
list:
dist: 0.7730816235783017 vs. 0.7730816235783017
list:
dist: 1.6150708048022842 vs. 1.6150708048022842
list:
dist: 2.405991326621349 vs. 2.405991326621349
list:
dist: 1.69258796028952 vs. 1.69258796028952
list:
dist: 0.5652496167423395 vs. 0.5652496167423395
list:
dist: 2.190034471188448 vs. 2.190034471188448
list:
dist: 2.236227116997841 vs. 2.236227116997841
list:
dist: 2.187825879188265 vs. 2.187825879188265
list:
dist: 2.2844485974719353 vs. 2.2844485974719353
list:
dist: 1.5306956023150005 vs. 1.5306956023150005
list:
dist: 2.8482599020246964 vs. 2.8482599020246964
list:
dist: 1.8463328621093478 vs. 1.8463328621093478
list:
dist: 1.736471612177714 vs. 1.736471612177714
list:
dist: 0.9178309509545746 vs. 0.9178309509545746
list:
dist: 2.008786428584224 vs. 2.008786428584224
list:
dist: 2.8355048195004806 vs. 2.8355048195004806
list:
dist: 3.286746483001804 vs. 3.286746483001804
list:
dist: 2.635028843893209 vs. 2.635028843893209
list:
dist: 2.627937236237248 vs. 2.627937236237248
list:
dist: 1.4943334679221176 vs. 1.4943334679221176
list:
dist: 1.3178698396207231 vs. 1.3178698396207231
list:
dist: 1.0098995872984755 vs. 1.0098995872984755
list:
dist: 1.550013689279982 vs. 1.550013689279982
list:
dist: 2.217339076803923 vs. 2.217339076803923
list:
dist: 1.6860402014379132 vs. 1.6860402014379132
list:
dist: 0.5652496167423395 vs. 0.5652496167423395
list:
dist: 1.6678150698999303 vs. 1.6678150698999303
list:
dist: 2.001377241468878 vs. 2.001377241468878
list:
dist: 1.8662430701711004 vs. 1.8662430701711004
list:
dist: 1.8483099825445173 vs. 1.8483099825445173
list:
dist: 0.9735753164268545 vs. 0.9735753164268545
list:
dist: 2.4059103579390517 vs. 2.4059103579390517
list:
dist: 1.6699201385975382 vs. 1.6699201385975382
list:
dist: 1.3925236312878027 vs. 1.3925236312878027
list:
dist: 0.6280613365247496 vs. 0.6280613365247496
list:
dist: 1.741608595334688 vs. 1.741608595334688
list:
dist: 2.5831980554533964 vs. 2.5831980554533964
list:
dist: 3.061326312932355 vs. 3.061326312932355
list:
dist: 2.5975375197013655 vs. 2.5975375197013655
list:
dist: 3.0242245656192415 vs. 3.0242245656192415
list:
dist: 1.8487700334446109 vs. 1.8487700334446109
list:
dist: 0.41320262543667735 vs. 0.41320262543667735
list:
dist: 1.360634364732568 vs. 1.360634364732568
list:
dist: 0.9895186313715277 vs. 0.9895186313715277
list:
dist: 0.9420560688849701 vs. 0.9420560688849701
list:
dist: 1.7626005427550742 vs. 1.7626005427550742
list:
dist: 1.6023091305537034 vs. 1.6023091305537034
list:
dist: 1.3178698396207231 vs. 1.3178698396207231
list:
dist: 1.6526507675531406 vs. 1.6526507675531406
list:
dist: 1.6173605245406393 vs. 1.6173605245406393
list:
dist: 2.872526761756623 vs. 2.872526761756623
list:
dist: 2.6588677571943156 vs. 2.6588677571943156
list:
dist: 1.5215833482772794 vs. 1.5215833482772794
list:
dist: 3.049020945511921 vs. 3.049020945511921
list:
dist: 2.852944553477728 vs. 2.852944553477728
list:
dist: 2.3434076516942755 vs. 2.3434076516942755
list:
dist: 1.6940123344761238 vs. 1.6940123344761238
list:
dist: 2.853450052419321 vs. 2.853450052419321
list:
dist: 3.621792491668479 vs. 3.621792491668479
list:
dist: 2.855173425240635 vs. 2.855173425240635
list:
dist: 3.0242245656192415 vs. 3.0242245656192415
list:
dist: 3.0549645033525654 vs. 3.0549645033525654
list:
dist: 3.628763927229325 vs. 3.628763927229325
list:
dist: 3.6677275435609245 vs. 3.6677275435609245
list:
dist: 1.2778659760669056 vs. 1.2778659760669056
list:
dist: 2.536264513397924 vs. 2.536264513397924
list:
dist: 2.627937236237248 vs. 2.627937236237248
list:
dist: 1.9281583731828806 vs. 1.9281583731828806
list:
dist: 1.6940123344761238 vs. 1.6940123344761238
list:
dist: 1.2196615150140449 vs. 1.2196615150140449
list:
dist: 1.6937552396802307 vs. 1.6937552396802307
list:
dist: 2.534263594915255 vs. 2.534263594915255
list:
dist: 2.308647188828898 vs. 2.308647188828898
list:
dist: 0.9178309509545746 vs. 0.9178309509545746
list:
dist: 0.6280613365247496 vs. 0.6280613365247496
list:
dist: 1.4906615425191125 vs. 1.4906615425191125
list:
dist: 1.8231942515333983 vs. 1.8231942515333983
list:
dist: 1.7993827542976124 vs. 1.7993827542976124
list:
dist: 1.5153459982350943 vs. 1.5153459982350943
list:
dist: 0.9660573238051158 vs. 0.9660573238051158
list:
dist: 1.984698688373187 vs. 1.984698688373187
list:
dist: 1.2269036971047598 vs. 1.2269036971047598
list:
dist: 0.8731716199659496 vs. 0.8731716199659496
list:
dist: 1.340530148427158 vs. 1.340530148427158
list:
dist: 2.100905492629805 vs. 2.100905492629805
list:
dist: 2.6004284251338654 vs. 2.6004284251338654
list:
dist: 2.346881453588153 vs. 2.346881453588153
list:
dist: 2.240513472015034 vs. 2.240513472015034
list:
dist: 1.9542539591148798 vs. 1.9542539591148798
list:
dist: 2.2745358952255335 vs. 2.2745358952255335
list:
dist: 2.700350872277205 vs. 2.700350872277205
list:
dist: 1.9673179826846778 vs. 1.9673179826846778
list:
dist: 1.6173605245406393 vs. 1.6173605245406393
list:
dist: 1.7421025209922543 vs. 1.7421025209922543
list:
dist: 1.0820093048547237 vs. 1.0820093048547237
list:
dist: 1.762281467823965 vs. 1.762281467823965
list:
dist: 3.2504902553420396 vs. 3.2504902553420396
list:
dist: 2.236227116997841 vs. 2.236227116997841
list:
dist: 2.001377241468878 vs. 2.001377241468878
list:
dist: 1.5371118737709617 vs. 1.5371118737709617
list:
dist: 3.398536215198288 vs. 3.398536215198288
list:
dist: 2.7094026744936217 vs. 2.7094026744936217
list:
dist: 2.012500138966461 vs. 2.012500138966461
list:
dist: 2.7724412095699122 vs. 2.7724412095699122
list:
dist: 2.8274107804532704 vs. 2.8274107804532704
list:
dist: 2.20181592316189 vs. 2.20181592316189
list:
dist: 1.8231942515333983 vs. 1.8231942515333983
list:
dist: 2.885663973932361 vs. 2.885663973932361
list:
dist: 3.3756833815401417 vs. 3.3756833815401417
list:
dist: 1.7835337476032134 vs. 1.7835337476032134
list:
dist: 1.7465000592244275 vs. 1.7465000592244275
list:
dist: 3.0212219241244194 vs. 3.0212219241244194
list:
dist: 3.0124355994172136 vs. 3.0124355994172136
list:
dist: 2.852944553477728 vs. 2.852944553477728
list:
dist: 2.3516794236606264 vs. 2.3516794236606264
list:
dist: 2.906370346883864 vs. 2.906370346883864
list:
dist: 3.72690821772158 vs. 3.72690821772158
list:
dist: 3.0928925646536483 vs. 3.0928925646536483
list:
dist: 1.8463328621093478 vs. 1.8463328621093478
list:
dist: 1.6699201385975382 vs. 1.6699201385975382
list:
dist: 2.1320666195426496 vs. 2.1320666195426496
list:
dist: 2.8274107804532704 vs. 2.8274107804532704
list:
dist: 1.2816434621875499 vs. 1.2816434621875499
list:
dist: 1.105103826132885 vs. 1.105103826132885
list:
dist: 1.5973822317217508 vs. 1.5973822317217508
list:
dist: 1.558100984776523 vs. 1.558100984776523
list:
dist: 0.7305505274749756 vs. 0.7305505274749756
list:
dist: 1.2269036971047598 vs. 1.2269036971047598
list:
dist: 0.3652892277046663 vs. 0.3652892277046663
list:
dist: 1.012825688562633 vs. 1.012825688562633
list:
dist: 1.4429415715653855 vs. 1.4429415715653855
list:
dist: 1.2759000496348745 vs. 1.2759000496348745
list:
dist: 2.5619935774866867 vs. 2.5619935774866867
list:
dist: 2.122808216084689 vs. 2.122808216084689
list:
dist: 1.5699766262159955 vs. 1.5699766262159955
list:
dist: 3.0898700185321895 vs. 3.0898700185321895
list:
dist: 1.7538186341404751 vs. 1.7538186341404751
list:
dist: 1.6526507675531406 vs. 1.6526507675531406
list:
dist: 2.2110012832285073 vs. 2.2110012832285073
list:
dist: 1.9668954269418453 vs. 1.9668954269418453
list:
dist: 2.270401475903597 vs. 2.270401475903597
list:
dist: 2.8847214432753154 vs. 2.8847214432753154
list:
dist: 2.190034471188448 vs. 2.190034471188448
list:
dist: 1.6678150698999303 vs. 1.6678150698999303
list:
dist: 1.5371118737709617 vs. 1.5371118737709617
list:
dist: 2.241593949660938 vs. 2.241593949660938
list:
dist: 1.4829584825555322 vs. 1.4829584825555322
list:
dist: 0.9301777041932885 vs. 0.9301777041932885
list:
dist: 1.5715444860965238 vs. 1.5715444860965238
list:
dist: 2.1320666195426496 vs. 2.1320666195426496
list:
dist: 1.4201258845339624 vs. 1.4201258845339624
list:
dist: 1.4906615425191125 vs. 1.4906615425191125
list:
dist: 1.9952342816852364 vs. 1.9952342816852364
list:
dist: 2.487940094972697 vs. 2.487940094972697
list:
dist: 1.1365978140763497 vs. 1.1365978140763497
list:
dist: 1.588866475535666 vs. 1.588866475535666
list:
dist: 2.317545225692618 vs. 2.317545225692618
list:
dist: 1.588866475535666 vs. 1.588866475535666
list:
dist: 1.7465000592244275 vs. 1.7465000592244275
list:
dist: 2.920625558915755 vs. 2.920625558915755
list:
dist: 1.920644128316478 vs. 1.920644128316478
list:
dist: 2.1022080198457807 vs. 2.1022080198457807
list:
dist: 1.6020441724039298 vs. 1.6020441724039298
list:
dist: 2.122808216084689 vs. 2.122808216084689
list:
dist: 1.5664506406067762 vs. 1.5664506406067762
list:
dist: 1.9542539591148798 vs. 1.9542539591148798
list:
dist: 2.117154869489818 vs. 2.117154869489818
list:
dist: 2.1466482096138373 vs. 2.1466482096138373
list:
dist: 0.980273010486748 vs. 0.980273010486748
list:
dist: 1.4581953614692778 vs. 1.4581953614692778
list:
dist: 3.5793638316845477 vs. 3.5793638316845477
list:
dist: 2.635028843893209 vs. 2.635028843893209
list:
dist: 2.5975375197013655 vs. 2.5975375197013655
list:
dist: 1.51706465320186 vs. 1.51706465320186
list:
dist: 2.0051934151208632 vs. 2.0051934151208632
list:
dist: 2.6240159857282297 vs. 2.6240159857282297
list:
dist: 2.455741349947728 vs. 2.455741349947728
list:
dist: 1.2759000496348745 vs. 1.2759000496348745
list:
dist: 1.9767743030632277 vs. 1.9767743030632277
list:
dist: 2.346881453588153 vs. 2.346881453588153
list:
dist: 1.336173632475912 vs. 1.336173632475912
list:
dist: 1.4777698605490859 vs. 1.4777698605490859
list:
dist: 1.474019504786995 vs. 1.474019504786995
list:
dist: 2.371130454274331 vs. 2.371130454274331
list:
dist: 2.9735655310500504 vs. 2.9735655310500504
list:
dist: 2.853450052419321 vs. 2.853450052419321
list:
dist: 2.5255778684096706 vs. 2.5255778684096706
list:
dist: 3.0084666740797155 vs. 3.0084666740797155
list:
dist: 3.7387394094703765 vs. 3.7387394094703765
list:
dist: 3.099758518300782 vs. 3.099758518300782
list:
dist: 2.008786428584224 vs. 2.008786428584224
list:
dist: 1.741608595334688 vs. 1.741608595334688
list:
dist: 1.9952342816852364 vs. 1.9952342816852364
list:
dist: 2.885663973932361 vs. 2.885663973932361
list:
dist: 1.0290388769172092 vs. 1.0290388769172092
list:
dist: 0.782599186493769 vs. 0.782599186493769
list:
dist: 1.4693141714354472 vs. 1.4693141714354472
list:
dist: 1.28359566197205 vs. 1.28359566197205
list:
dist: 0.3652892277046663 vs. 0.3652892277046663
list:
dist: 0.6902234872584238 vs. 0.6902234872584238
list:
dist: 1.340530148427158 vs. 1.340530148427158
list:
dist: 0.8797784752231753 vs. 0.8797784752231753
list:
dist: 1.3267540263971136 vs. 1.3267540263971136
list:
dist: 1.336173632475912 vs. 1.336173632475912
list:
dist: 2.4346540770129748 vs. 2.4346540770129748
list:
dist: 2.117154869489818 vs. 2.117154869489818
list:
dist: 1.4938309372545968 vs. 1.4938309372545968
list:
dist: 2.852499016051602 vs. 2.852499016051602
list:
dist: 2.872526761756623 vs. 2.872526761756623
list:
dist: 2.840385259250393 vs. 2.840385259250393
list:
dist: 3.327521893450943 vs. 3.327521893450943
list:
dist: 3.8018618275335045 vs. 3.8018618275335045
list:
dist: 2.670913392543406 vs. 2.670913392543406
list:
dist: 2.187825879188265 vs. 2.187825879188265
list:
dist: 1.8662430701711004 vs. 1.8662430701711004
list:
dist: 2.241593949660938 vs. 2.241593949660938
list:
dist: 3.398536215198288 vs. 3.398536215198288
list:
dist: 1.0791328276408076 vs. 1.0791328276408076
list:
dist: 1.4927725271143566 vs. 1.4927725271143566
list:
dist: 1.7379907527413552 vs. 1.7379907527413552
list:
dist: 1.2816434621875499 vs. 1.2816434621875499
list:
dist: 1.449031942002601 vs. 1.449031942002601
list:
dist: 1.7993827542976124 vs. 1.7993827542976124
list:
dist: 1.0290388769172092 vs. 1.0290388769172092
list:
dist: 1.6374045933454668 vs. 1.6374045933454668
list:
dist: 1.9087622087714664 vs. 1.9087622087714664
list:
dist: 1.51706465320186 vs. 1.51706465320186
list:
dist: 2.950757729749136 vs. 2.950757729749136
list:
dist: 2.920625558915755 vs. 2.920625558915755
list:
dist: 2.3578082404155447 vs. 2.3578082404155447
list:
dist: 3.754427742565702 vs. 3.754427742565702
list:
dist: 3.621792491668479 vs. 3.621792491668479
list:
dist: 3.2829385959243966 vs. 3.2829385959243966
list:
dist: 3.699356932731551 vs. 3.699356932731551
list:
dist: 4.461369221202029 vs. 4.461369221202029
list:
dist: 3.975370876945719 vs. 3.975370876945719
list:
dist: 2.8355048195004806 vs. 2.8355048195004806
list:
dist: 2.5831980554533964 vs. 2.5831980554533964
list:
dist: 2.487940094972697 vs. 2.487940094972697
list:
dist: 3.3756833815401417 vs. 3.3756833815401417
list:
dist: 1.6374045933454668 vs. 1.6374045933454668
list:
dist: 1.188469764479581 vs. 1.188469764479581
list:
dist: 2.206429862181531 vs. 2.206429862181531
list:
dist: 1.2188204185729512 vs. 1.2188204185729512
list:
dist: 1.012825688562633 vs. 1.012825688562633
list:
dist: 1.2981458078338224 vs. 1.2981458078338224
list:
dist: 2.100905492629805 vs. 2.100905492629805
list:
dist: 0.8797784752231753 vs. 0.8797784752231753
list:
dist: 0.5274907588330409 vs. 0.5274907588330409
list:
dist: 1.4777698605490859 vs. 1.4777698605490859
list:
dist: 2.5564147961573767 vs. 2.5564147961573767
list:
dist: 2.1466482096138373 vs. 2.1466482096138373
list:
dist: 0.9443737322635222 vs. 0.9443737322635222
list:
dist: 2.720158261880966 vs. 2.720158261880966
list:
dist: 2.6588677571943156 vs. 2.6588677571943156
list:
dist: 2.7093824956737826 vs. 2.7093824956737826
list:
dist: 2.9657460582628623 vs. 2.9657460582628623
list:
dist: 3.5037562517731216 vs. 3.5037562517731216
list:
dist: 3.1228827016961334 vs. 3.1228827016961334
list:
dist: 2.2844485974719353 vs. 2.2844485974719353
list:
dist: 1.8483099825445173 vs. 1.8483099825445173
list:
dist: 1.4829584825555322 vs. 1.4829584825555322
list:
dist: 2.7094026744936217 vs. 2.7094026744936217
list:
dist: 1.0791328276408076 vs. 1.0791328276408076
list:
dist: 1.1536805931597856 vs. 1.1536805931597856
list:
dist: 0.7135026367091988 vs. 0.7135026367091988
list:
dist: 1.105103826132885 vs. 1.105103826132885
list:
dist: 0.794529227961471 vs. 0.794529227961471
list:
dist: 1.5153459982350943 vs. 1.5153459982350943
list:
dist: 0.782599186493769 vs. 0.782599186493769
list:
dist: 1.188469764479581 vs. 1.188469764479581
list:
dist: 1.6316277560946075 vs. 1.6316277560946075
list:
dist: 2.0051934151208632 vs. 2.0051934151208632
list:
dist: 1.9255593008895044 vs. 1.9255593008895044
list:
dist: 1.920644128316478 vs. 1.920644128316478
list:
dist: 1.5047530473270583 vs. 1.5047530473270583
list:
dist: 1.5723560318147252 vs. 1.5723560318147252
list:
dist: 1.5215833482772794 vs. 1.5215833482772794
list:
dist: 1.8447922635731584 vs. 1.8447922635731584
list:
dist: 1.9925792380945864 vs. 1.9925792380945864
list:
dist: 2.4001792866198732 vs. 2.4001792866198732
list:
dist: 2.176189960316879 vs. 2.176189960316879
list:
dist: 1.5306956023150005 vs. 1.5306956023150005
list:
dist: 0.9735753164268545 vs. 0.9735753164268545
list:
dist: 0.9301777041932885 vs. 0.9301777041932885
list:
dist: 2.012500138966461 vs. 2.012500138966461
list:
dist: 1.4927725271143566 vs. 1.4927725271143566
list:
dist: 1.1536805931597856 vs. 1.1536805931597856
list:
dist: 1.6496397137525334 vs. 1.6496397137525334
list:
dist: 1.5973822317217508 vs. 1.5973822317217508
list:
dist: 1.069128556344811 vs. 1.069128556344811
list:
dist: 0.9660573238051158 vs. 0.9660573238051158
list:
dist: 1.4693141714354472 vs. 1.4693141714354472
list:
dist: 2.206429862181531 vs. 2.206429862181531
list:
dist: 2.693303122857519 vs. 2.693303122857519
list:
dist: 2.6240159857282297 vs. 2.6240159857282297
list:
dist: 1.9548079365665805 vs. 1.9548079365665805
list:
dist: 2.1022080198457807 vs. 2.1022080198457807
list:
dist: 2.393902011300033 vs. 2.393902011300033
list:
dist: 2.515356721002612 vs. 2.515356721002612
list:
dist: 2.3434076516942755 vs. 2.3434076516942755
list:
dist: 2.08096380021884 vs. 2.08096380021884
list:
dist: 2.418376497307085 vs. 2.418376497307085
list:
dist: 3.173043097168161 vs. 3.173043097168161
list:
dist: 2.94988312797552 vs. 2.94988312797552
list:
dist: 1.736471612177714 vs. 1.736471612177714
list:
dist: 1.3925236312878027 vs. 1.3925236312878027
list:
dist: 1.4201258845339624 vs. 1.4201258845339624
list:
dist: 2.20181592316189 vs. 2.20181592316189
list:
dist: 1.449031942002601 vs. 1.449031942002601
list:
dist: 0.794529227961471 vs. 0.794529227961471
list:
dist: 1.069128556344811 vs. 1.069128556344811
list:
dist: 1.1794535451399082 vs. 1.1794535451399082
list:
dist: 0.7305505274749756 vs. 0.7305505274749756
list:
dist: 0.8731716199659496 vs. 0.8731716199659496
list:
dist: 0.6902234872584238 vs. 0.6902234872584238
list:
dist: 1.2981458078338224 vs. 1.2981458078338224
list:
dist: 1.8192741594303599 vs. 1.8192741594303599
list:
dist: 1.9767743030632277 vs. 1.9767743030632277
list:
dist: 1.8802348102047566 vs. 1.8802348102047566
list:
dist: 1.5664506406067762 vs. 1.5664506406067762
list:
dist: 1.4686823543938607 vs. 1.4686823543938607
list:
dist: 2.317545225692618 vs. 2.317545225692618
list:
dist: 3.0212219241244194 vs. 3.0212219241244194
list:
dist: 2.3578082404155447 vs. 2.3578082404155447
list:
dist: 1.5047530473270583 vs. 1.5047530473270583
list:
dist: 2.393902011300033 vs. 2.393902011300033
list:
dist: 1.1115144013529823 vs. 1.1115144013529823
list:
dist: 1.5699766262159955 vs. 1.5699766262159955
list:
dist: 1.4686823543938607 vs. 1.4686823543938607
list:
dist: 2.2745358952255335 vs. 2.2745358952255335
list:
dist: 1.4938309372545968 vs. 1.4938309372545968
list:
dist: 0.9443737322635222 vs. 0.9443737322635222
list:
dist: 1.2315750896617021 vs. 1.2315750896617021
list:
dist: 2.371130454274331 vs. 2.371130454274331
list:
dist: 1.9803833029819486 vs. 1.9803833029819486
list:
dist: 1.4581953614692778 vs. 1.4581953614692778
list:
dist: 1.1365978140763497 vs. 1.1365978140763497
list:
dist: 1.7835337476032134 vs. 1.7835337476032134
list:
dist: 2.950757729749136 vs. 2.950757729749136
list:
dist: 1.9255593008895044 vs. 1.9255593008895044
list:
dist: 1.9548079365665805 vs. 1.9548079365665805
list:
dist: 1.552280611052236 vs. 1.552280611052236
list:
dist: 2.5619935774866867 vs. 2.5619935774866867
list:
dist: 1.8802348102047566 vs. 1.8802348102047566
list:
dist: 2.240513472015034 vs. 2.240513472015034
list:
dist: 2.4346540770129748 vs. 2.4346540770129748
list:
dist: 2.5564147961573767 vs. 2.5564147961573767
list:
dist: 0.980273010486748 vs. 0.980273010486748
list:
dist: 1.9803833029819486 vs. 1.9803833029819486
list:
dist: 4.381975491789797 vs. 4.381975491789797
list:
dist: 3.286746483001804 vs. 3.286746483001804
list:
dist: 3.061326312932355 vs. 3.061326312932355
list:
dist: 1.9087622087714664 vs. 1.9087622087714664
list:
dist: 1.6316277560946075 vs. 1.6316277560946075
list:
dist: 2.693303122857519 vs. 2.693303122857519
list:
dist: 1.6084765950974613 vs. 1.6084765950974613
list:
dist: 1.4429415715653855 vs. 1.4429415715653855
list:
dist: 1.8192741594303599 vs. 1.8192741594303599
list:
dist: 2.6004284251338654 vs. 2.6004284251338654
list:
dist: 1.3267540263971136 vs. 1.3267540263971136
list:
dist: 0.5274907588330409 vs. 0.5274907588330409
list:
dist: 1.474019504786995 vs. 1.474019504786995
list:
dist: 1.2315750896617021 vs. 1.2315750896617021
list:
dist: 3.133460233607593 vs. 3.133460233607593
list:
dist: 3.049020945511921 vs. 3.049020945511921
list:
dist: 3.154081248471541 vs. 3.154081248471541
list:
dist: 3.2677105649375533 vs. 3.2677105649375533
list:
dist: 3.7978002784008593 vs. 3.7978002784008593
list:
dist: 3.7595683742871655 vs. 3.7595683742871655
list:
dist: 2.8482599020246964 vs. 2.8482599020246964
list:
dist: 2.4059103579390517 vs. 2.4059103579390517
list:
dist: 1.5715444860965238 vs. 1.5715444860965238
list:
dist: 2.7724412095699122 vs. 2.7724412095699122
list:
dist: 1.7379907527413552 vs. 1.7379907527413552
list:
dist: 0.7135026367091988 vs. 0.7135026367091988
list:
dist: 1.6496397137525334 vs. 1.6496397137525334
list:
dist: 1.558100984776523 vs. 1.558100984776523
list:
dist: 1.1794535451399082 vs. 1.1794535451399082
list:
dist: 1.984698688373187 vs. 1.984698688373187
list:
dist: 1.28359566197205 vs. 1.28359566197205
list:
dist: 1.2188204185729512 vs. 1.2188204185729512
list:
dist: 1.6084765950974613 vs. 1.6084765950974613
list:
dist: 2.455741349947728 vs. 2.455741349947728
list:
dist: 1.552280611052236 vs. 1.552280611052236
list:
dist: 1.6020441724039298 vs. 1.6020441724039298
list:
dist: 1.1115144013529823 vs. 1.1115144013529823
list:
dist: 1.9099875429681095 vs. 1.9099875429681095
list:
dist: 0.7872340413352905 vs. 0.7872340413352905
list:
dist: 1.169521762683452 vs. 1.169521762683452
list:
dist: 2.074211878651786 vs. 2.074211878651786
list:
dist: 0.6257832272872247 vs. 0.6257832272872247
list:
dist: 0.9485447113259299 vs. 0.9485447113259299
list:
dist: 1.9502850110355647 vs. 1.9502850110355647
list:
dist: 2.1019228105612067 vs. 2.1019228105612067
list:
dist: 1.3027097993823666 vs. 1.3027097993823666
list:
dist: 1.5135248344206331 vs. 1.5135248344206331
list:
dist: 1.5545982950587045 vs. 1.5545982950587045
list:
dist: 2.0107676090446724 vs. 2.0107676090446724
list:
dist: 1.2587489018450864 vs. 1.2587489018450864
list:
dist: 3.664755779764914 vs. 3.664755779764914
list:
dist: 3.2862063282527236 vs. 3.2862063282527236
list:
dist: 2.7731940376048074 vs. 2.7731940376048074
list:
dist: 3.2217852231180992 vs. 3.2217852231180992
list:
dist: 3.2721746105305356 vs. 3.2721746105305356
list:
dist: 3.9514177859139004 vs. 3.9514177859139004
list:
dist: 3.2056423192083017 vs. 3.2056423192083017
list:
dist: 2.644231999336512 vs. 2.644231999336512
list:
dist: 2.656503761122487 vs. 2.656503761122487
list:
dist: 2.5674166504430094 vs. 2.5674166504430094
list:
dist: 1.4195794386831 vs. 1.4195794386831
list:
dist: 1.2730646871371665 vs. 1.2730646871371665
list:
dist: 1.6149229196244148 vs. 1.6149229196244148
list:
dist: 1.9099875429681095 vs. 1.9099875429681095
list:
dist: 1.8016006483063003 vs. 1.8016006483063003
list:
dist: 2.3021799351286707 vs. 2.3021799351286707
list:
dist: 3.4899700348576506 vs. 3.4899700348576506
list:
dist: 3.7141913533514974 vs. 3.7141913533514974
list:
dist: 3.1335737385114797 vs. 3.1335737385114797
list:
dist: 2.212035091121168 vs. 2.212035091121168
list:
dist: 2.3080179608381393 vs. 2.3080179608381393
list:
dist: 3.53892147244285 vs. 3.53892147244285
list:
dist: 2.7080216350000166 vs. 2.7080216350000166
list:
dist: 3.1335737385114797 vs. 3.1335737385114797
list:
dist: 2.0537109650029235 vs. 2.0537109650029235
list:
dist: 2.2499029666570367 vs. 2.2499029666570367
list:
dist: 2.796000272584624 vs. 2.796000272584624
list:
dist: 1.3027097993823666 vs. 1.3027097993823666
list:
dist: 1.4077068700907105 vs. 1.4077068700907105
list:
dist: 1.0716343035527356 vs. 1.0716343035527356
list:
dist: 1.1222276338856663 vs. 1.1222276338856663
list:
dist: 0.9714062162359317 vs. 0.9714062162359317
list:
dist: 2.4912416574644234 vs. 2.4912416574644234
list:
dist: 2.304663819864827 vs. 2.304663819864827
list:
dist: 1.7238158631885805 vs. 1.7238158631885805
list:
dist: 1.433895948869615 vs. 1.433895948869615
list:
dist: 2.39251338948464 vs. 2.39251338948464
list:
dist: 2.145235522557112 vs. 2.145235522557112
list:
dist: 1.473313051135533 vs. 1.473313051135533
list:
dist: 2.129571777574266 vs. 2.129571777574266
list:
dist: 2.591471497334125 vs. 2.591471497334125
list:
dist: 3.144194152045032 vs. 3.144194152045032
list:
dist: 2.340586356229038 vs. 2.340586356229038
list:
dist: 1.9632514295534078 vs. 1.9632514295534078
list:
dist: 2.0293728868341656 vs. 2.0293728868341656
list:
dist: 1.7222751229143927 vs. 1.7222751229143927
list:
dist: 1.6149229196244148 vs. 1.6149229196244148
list:
dist: 2.0021848110269382 vs. 2.0021848110269382
list:
dist: 1.3103547260871093 vs. 1.3103547260871093
list:
dist: 2.074211878651786 vs. 2.074211878651786
list:
dist: 1.803010851378198 vs. 1.803010851378198
list:
dist: 1.72497325488187 vs. 1.72497325488187
list:
dist: 2.6401014662620854 vs. 2.6401014662620854
list:
dist: 2.9669932359797024 vs. 2.9669932359797024
list:
dist: 2.796000272584624 vs. 2.796000272584624
list:
dist: 2.9039336586912285 vs. 2.9039336586912285
list:
dist: 2.3431282886856475 vs. 2.3431282886856475
list:
dist: 3.1142412640473123 vs. 3.1142412640473123
list:
dist: 2.3784442273388384 vs. 2.3784442273388384
list:
dist: 2.3021799351286707 vs. 2.3021799351286707
list:
dist: 1.5396036259503676 vs. 1.5396036259503676
list:
dist: 1.408089911156199 vs. 1.408089911156199
list:
dist: 1.72497325488187 vs. 1.72497325488187
list:
dist: 0.9485447113259299 vs. 0.9485447113259299
list:
dist: 0.8111540321656225 vs. 0.8111540321656225
list:
dist: 1.2446450575617323 vs. 1.2446450575617323
list:
dist: 1.4331015849674593 vs. 1.4331015849674593
list:
dist: 1.0716343035527356 vs. 1.0716343035527356
list:
dist: 2.307237366887616 vs. 2.307237366887616
list:
dist: 1.8943259687980811 vs. 1.8943259687980811
list:
dist: 1.923771744781475 vs. 1.923771744781475
list:
dist: 1.2673962889324428 vs. 1.2673962889324428
list:
dist: 3.0932444288711607 vs. 3.0932444288711607
list:
dist: 2.5874951501156325 vs. 2.5874951501156325
list:
dist: 2.3227640899516575 vs. 2.3227640899516575
list:
dist: 2.5996672909372345 vs. 2.5996672909372345
list:
dist: 2.996913556194915 vs. 2.996913556194915
list:
dist: 3.7221511083699146 vs. 3.7221511083699146
list:
dist: 3.049769424277559 vs. 3.049769424277559
list:
dist: 2.1830023528709597 vs. 2.1830023528709597
list:
dist: 2.545614603607442 vs. 2.545614603607442
list:
dist: 2.502276064305313 vs. 2.502276064305313
list:
dist: 0.7974564369005049 vs. 0.7974564369005049
list:
dist: 0.8420781851692244 vs. 0.8420781851692244
list:
dist: 0.9870380012562356 vs. 0.9870380012562356
list:
dist: 1.8470416499074338 vs. 1.8470416499074338
list:
dist: 2.647885858435414 vs. 2.647885858435414
list:
dist: 1.9260428785021946 vs. 1.9260428785021946
list:
dist: 2.4797757135432423 vs. 2.4797757135432423
list:
dist: 1.493261145358571 vs. 1.493261145358571
list:
dist: 1.6375735632765658 vs. 1.6375735632765658
list:
dist: 2.0783115326657233 vs. 2.0783115326657233
list:
dist: 1.4871105496434418 vs. 1.4871105496434418
list:
dist: 2.9229629075141244 vs. 2.9229629075141244
list:
dist: 2.5403322259547028 vs. 2.5403322259547028
list:
dist: 1.873364914053222 vs. 1.873364914053222
list:
dist: 3.53892147244285 vs. 3.53892147244285
list:
dist: 2.2826293554323076 vs. 2.2826293554323076
list:
dist: 2.309687946503121 vs. 2.309687946503121
list:
dist: 3.1142412640473123 vs. 3.1142412640473123
list:
dist: 2.0107676090446724 vs. 2.0107676090446724
list:
dist: 2.449987615636408 vs. 2.449987615636408
list:
dist: 1.923771744781475 vs. 1.923771744781475
list:
dist: 1.4798186237576052 vs. 1.4798186237576052
list:
dist: 2.1061013409844773 vs. 2.1061013409844773
list:
dist: 1.7238158631885805 vs. 1.7238158631885805
list:
dist: 2.2005406134244643 vs. 2.2005406134244643
list:
dist: 1.543946899411717 vs. 1.543946899411717
list:
dist: 0.838717011234752 vs. 0.838717011234752
list:
dist: 2.4931770822599466 vs. 2.4931770822599466
list:
dist: 2.0831189138719552 vs. 2.0831189138719552
list:
dist: 1.3389531055430917 vs. 1.3389531055430917
list:
dist: 2.086233991758721 vs. 2.086233991758721
list:
dist: 1.5756776392496583 vs. 1.5756776392496583
list:
dist: 1.027737930479369 vs. 1.027737930479369
list:
dist: 0.8392309635034658 vs. 0.8392309635034658
list:
dist: 1.2524482603578735 vs. 1.2524482603578735
list:
dist: 1.9868069198600233 vs. 1.9868069198600233
list:
dist: 2.3080179608381393 vs. 2.3080179608381393
list:
dist: 1.226307351096888 vs. 1.226307351096888
list:
dist: 1.193339613221929 vs. 1.193339613221929
list:
dist: 2.3431282886856475 vs. 2.3431282886856475
list:
dist: 1.5545982950587045 vs. 1.5545982950587045
list:
dist: 2.0458456583071394 vs. 2.0458456583071394
list:
dist: 1.8943259687980811 vs. 1.8943259687980811
list:
dist: 2.367059012399903 vs. 2.367059012399903
list:
dist: 2.9427164644756316 vs. 2.9427164644756316
list:
dist: 2.304663819864827 vs. 2.304663819864827
list:
dist: 1.120362282971217 vs. 1.120362282971217
list:
dist: 1.543946899411717 vs. 1.543946899411717
list:
dist: 0.9905082926435856 vs. 0.9905082926435856
list:
dist: 3.599356530894442 vs. 3.599356530894442
list:
dist: 3.4423097121111583 vs. 3.4423097121111583
list:
dist: 2.8110267338444133 vs. 2.8110267338444133
list:
dist: 3.5675722612520087 vs. 3.5675722612520087
list:
dist: 3.0769894222931335 vs. 3.0769894222931335
list:
dist: 2.392427415848962 vs. 2.392427415848962
list:
dist: 2.3376423389544683 vs. 2.3376423389544683
list:
dist: 2.63863491474512 vs. 2.63863491474512
list:
dist: 2.547809150424211 vs. 2.547809150424211
list:
dist: 1.2730646871371665 vs. 1.2730646871371665
list:
dist: 0.7892151429546317 vs. 0.7892151429546317
list:
dist: 1.3103547260871093 vs. 1.3103547260871093
list:
dist: 1.169521762683452 vs. 1.169521762683452
list:
dist: 1.316525576489777 vs. 1.316525576489777
list:
dist: 1.408089911156199 vs. 1.408089911156199
list:
dist: 2.4023607840150576 vs. 2.4023607840150576
list:
dist: 2.8073744281961446 vs. 2.8073744281961446
list:
dist: 2.2499029666570367 vs. 2.2499029666570367
list:
dist: 1.5949810085834453 vs. 1.5949810085834453
list:
dist: 1.193339613221929 vs. 1.193339613221929
list:
dist: 2.309687946503121 vs. 2.309687946503121
list:
dist: 1.4922958375949789 vs. 1.4922958375949789
list:
dist: 3.4899700348576506 vs. 3.4899700348576506
list:
dist: 2.5449239057170514 vs. 2.5449239057170514
list:
dist: 2.4023607840150576 vs. 2.4023607840150576
list:
dist: 2.6401014662620854 vs. 2.6401014662620854
list:
dist: 1.9502850110355647 vs. 1.9502850110355647
list:
dist: 2.0021103379552216 vs. 2.0021103379552216
list:
dist: 1.2446450575617323 vs. 1.2446450575617323
list:
dist: 0.8042061685070893 vs. 0.8042061685070893
list:
dist: 1.1222276338856663 vs. 1.1222276338856663
list:
dist: 2.9979708149558806 vs. 2.9979708149558806
list:
dist: 2.367059012399903 vs. 2.367059012399903
list:
dist: 1.4798186237576052 vs. 1.4798186237576052
list:
dist: 1.4232008058849075 vs. 1.4232008058849075
list:
dist: 2.26725382172202 vs. 2.26725382172202
list:
dist: 1.9360831609306153 vs. 1.9360831609306153
list:
dist: 1.5753439262470286 vs. 1.5753439262470286
list:
dist: 1.3654300124272183 vs. 1.3654300124272183
list:
dist: 2.0351724225557675 vs. 2.0351724225557675
list:
dist: 2.70745935489588 vs. 2.70745935489588
list:
dist: 2.1397154181916975 vs. 2.1397154181916975
list:
dist: 1.165871097137533 vs. 1.165871097137533
list:
dist: 1.7923259488034293 vs. 1.7923259488034293
list:
dist: 1.7842202871146533 vs. 1.7842202871146533
list:
dist: 2.5674166504430094 vs. 2.5674166504430094
list:
dist: 2.9522212498356657 vs. 2.9522212498356657
list:
dist: 2.502276064305313 vs. 2.502276064305313
list:
dist: 1.7842202871146533 vs. 1.7842202871146533
list:
dist: 2.0086242148095694 vs. 2.0086242148095694
list:
dist: 1.7222751229143927 vs. 1.7222751229143927
list:
dist: 2.9254137134132687 vs. 2.9254137134132687
list:
dist: 2.63863491474512 vs. 2.63863491474512
list:
dist: 1.2524482603578735 vs. 1.2524482603578735
list:
dist: 1.83385470740725 vs. 1.83385470740725
list:
dist: 1.8369477425973129 vs. 1.8369477425973129
list:
dist: 1.7672355576267877 vs. 1.7672355576267877
list:
dist: 1.318664304813337 vs. 1.318664304813337
list:
dist: 1.583074378449905 vs. 1.583074378449905
list:
dist: 0.7010660458265559 vs. 0.7010660458265559
list:
dist: 1.426000315344778 vs. 1.426000315344778
list:
dist: 0.7003096055750786 vs. 0.7003096055750786
list:
dist: 2.327574775756745 vs. 2.327574775756745
list:
dist: 1.8577709354826593 vs. 1.8577709354826593
list:
dist: 2.0499554144622203 vs. 2.0499554144622203
list:
dist: 3.7141913533514974 vs. 3.7141913533514974
list:
dist: 2.830618897584308 vs. 2.830618897584308
list:
dist: 2.8073744281961446 vs. 2.8073744281961446
list:
dist: 2.9669932359797024 vs. 2.9669932359797024
list:
dist: 2.1019228105612067 vs. 2.1019228105612067
list:
dist: 2.0122682285959663 vs. 2.0122682285959663
list:
dist: 1.4331015849674593 vs. 1.4331015849674593
list:
dist: 0.8042061685070893 vs. 0.8042061685070893
list:
dist: 0.9714062162359317 vs. 0.9714062162359317
list:
dist: 3.3605253390002985 vs. 3.3605253390002985
list:
dist: 2.9427164644756316 vs. 2.9427164644756316
list:
dist: 2.1061013409844773 vs. 2.1061013409844773
list:
dist: 1.9958637700900794 vs. 1.9958637700900794
list:
dist: 1.6707056776023057 vs. 1.6707056776023057
list:
dist: 1.2747188065387056 vs. 1.2747188065387056
list:
dist: 0.9965933265992922 vs. 0.9965933265992922
list:
dist: 1.5181093502952314 vs. 1.5181093502952314
list:
dist: 2.5755084104597357 vs. 2.5755084104597357
list:
dist: 3.09324313414763 vs. 3.09324313414763
list:
dist: 2.4248874125748205 vs. 2.4248874125748205
list:
dist: 1.829228025736057 vs. 1.829228025736057
list:
dist: 2.2676881087456193 vs. 2.2676881087456193
list:
dist: 2.0086242148095694 vs. 2.0086242148095694
list:
dist: 1.4195794386831 vs. 1.4195794386831
list:
dist: 0.7892151429546317 vs. 0.7892151429546317
list:
dist: 2.0021848110269382 vs. 2.0021848110269382
list:
dist: 0.7872340413352905 vs. 0.7872340413352905
list:
dist: 1.175515380761067 vs. 1.175515380761067
list:
dist: 1.5396036259503676 vs. 1.5396036259503676
list:
dist: 2.5449239057170514 vs. 2.5449239057170514
list:
dist: 2.830618897584308 vs. 2.830618897584308
list:
dist: 2.0537109650029235 vs. 2.0537109650029235
list:
dist: 1.0236771482512834 vs. 1.0236771482512834
list:
dist: 1.226307351096888 vs. 1.226307351096888
list:
dist: 2.2826293554323076 vs. 2.2826293554323076
list:
dist: 1.4927473403894433 vs. 1.4927473403894433
list:
dist: 2.8654226505746085 vs. 2.8654226505746085
list:
dist: 2.547809150424211 vs. 2.547809150424211
list:
dist: 1.9868069198600233 vs. 1.9868069198600233
list:
dist: 2.562198881455064 vs. 2.562198881455064
list:
dist: 2.0553707081616377 vs. 2.0553707081616377
list:
dist: 2.279882005995027 vs. 2.279882005995027
list:
dist: 2.25659840474536 vs. 2.25659840474536
list:
dist: 2.6029289336671386 vs. 2.6029289336671386
list:
dist: 1.8574592510501755 vs. 1.8574592510501755
list:
dist: 2.327574775756745 vs. 2.327574775756745
list:
dist: 3.4148928500415594 vs. 3.4148928500415594
list:
dist: 3.2217852231180992 vs. 3.2217852231180992
list:
dist: 3.3171626381254695 vs. 3.3171626381254695
list:
dist: 2.5996672909372345 vs. 2.5996672909372345
list:
dist: 1.3654300124272183 vs. 1.3654300124272183
list:
dist: 1.5181093502952314 vs. 1.5181093502952314
list:
dist: 2.129571777574266 vs. 2.129571777574266
list:
dist: 4.083834658312503 vs. 4.083834658312503
list:
dist: 3.4423097121111583 vs. 3.4423097121111583
list:
dist: 2.0831189138719552 vs. 2.0831189138719552
list:
dist: 2.501592575380994 vs. 2.501592575380994
list:
dist: 1.7361501707467009 vs. 1.7361501707467009
list:
dist: 1.8481289537123762 vs. 1.8481289537123762
list:
dist: 1.4682291907831497 vs. 1.4682291907831497
list:
dist: 1.6483010368108728 vs. 1.6483010368108728
list:
dist: 1.9758084819882327 vs. 1.9758084819882327
list:
dist: 1.6865440891170023 vs. 1.6865440891170023
list:
dist: 1.21997018694012 vs. 1.21997018694012
list:
dist: 1.8120825147269872 vs. 1.8120825147269872
list:
dist: 1.7672355576267877 vs. 1.7672355576267877
list:
dist: 1.955278825619232 vs. 1.955278825619232
list:
dist: 2.1761796429049407 vs. 2.1761796429049407
list:
dist: 2.212035091121168 vs. 2.212035091121168
list:
dist: 1.0236771482512834 vs. 1.0236771482512834
list:
dist: 1.5949810085834453 vs. 1.5949810085834453
list:
dist: 2.9039336586912285 vs. 2.9039336586912285
list:
dist: 1.5135248344206331 vs. 1.5135248344206331
list:
dist: 2.077254364314039 vs. 2.077254364314039
list:
dist: 2.307237366887616 vs. 2.307237366887616
list:
dist: 2.9979708149558806 vs. 2.9979708149558806
list:
dist: 3.3605253390002985 vs. 3.3605253390002985
list:
dist: 2.4912416574644234 vs. 2.4912416574644234
list:
dist: 1.120362282971217 vs. 1.120362282971217
list:
dist: 2.2005406134244643 vs. 2.2005406134244643
list:
dist: 1.6666810878711669 vs. 1.6666810878711669
list:
dist: 3.876980258255984 vs. 3.876980258255984
list:
dist: 4.083834658312503 vs. 4.083834658312503
list:
dist: 3.481360956822847 vs. 3.481360956822847
list:
dist: 4.110129839873761 vs. 4.110129839873761
list:
dist: 3.48011279523104 vs. 3.48011279523104
list:
dist: 3.171455047832904 vs. 3.171455047832904
list:
dist: 2.8357567021302734 vs. 2.8357567021302734
list:
dist: 2.9254137134132687 vs. 2.9254137134132687
list:
dist: 2.8654226505746085 vs. 2.8654226505746085
list:
dist: 1.8016006483063003 vs. 1.8016006483063003
list:
dist: 1.175515380761067 vs. 1.175515380761067
list:
dist: 1.316525576489777 vs. 1.316525576489777
list:
dist: 1.803010851378198 vs. 1.803010851378198
list:
dist: 0.6257832272872247 vs. 0.6257832272872247
list:
dist: 0.8111540321656225 vs. 0.8111540321656225
list:
dist: 2.0021103379552216 vs. 2.0021103379552216
list:
dist: 2.0122682285959663 vs. 2.0122682285959663
list:
dist: 1.4077068700907105 vs. 1.4077068700907105
list:
dist: 2.077254364314039 vs. 2.077254364314039
list:
dist: 2.0458456583071394 vs. 2.0458456583071394
list:
dist: 2.449987615636408 vs. 2.449987615636408
list:
dist: 1.7002708234758659 vs. 1.7002708234758659
list:
dist: 3.570646261619871 vs. 3.570646261619871
list:
dist: 3.072316355166091 vs. 3.072316355166091
list:
dist: 2.772854063957707 vs. 2.772854063957707
list:
dist: 3.3171626381254695 vs. 3.3171626381254695
list:
dist: 3.636495838276591 vs. 3.636495838276591
list:
dist: 4.325215155531493 vs. 4.325215155531493
list:
dist: 3.5796525508571735 vs. 3.5796525508571735
list:
dist: 2.9038658870264333 vs. 2.9038658870264333
list:
dist: 3.077810175568208 vs. 3.077810175568208
list:
dist: 2.9522212498356657 vs. 2.9522212498356657
list:
dist: 3.664755779764914 vs. 3.664755779764914
list:
dist: 3.570646261619871 vs. 3.570646261619871
list:
dist: 3.0932444288711607 vs. 3.0932444288711607
list:
dist: 2.26725382172202 vs. 2.26725382172202
list:
dist: 1.6707056776023057 vs. 1.6707056776023057
list:
dist: 2.39251338948464 vs. 2.39251338948464
list:
dist: 0.866906032526114 vs. 0.866906032526114
list:
dist: 0.9815120452269637 vs. 0.9815120452269637
list:
dist: 1.7361501707467009 vs. 1.7361501707467009
list:
dist: 1.880628766995746 vs. 1.880628766995746
list:
dist: 3.2056423192083017 vs. 3.2056423192083017
list:
dist: 3.5796525508571735 vs. 3.5796525508571735
list:
dist: 3.049769424277559 vs. 3.049769424277559
list:
dist: 2.1397154181916975 vs. 2.1397154181916975
list:
dist: 2.4248874125748205 vs. 2.4248874125748205
list:
dist: 2.340586356229038 vs. 2.340586356229038
list:
dist: 3.48011279523104 vs. 3.48011279523104
list:
dist: 3.0769894222931335 vs. 3.0769894222931335
list:
dist: 1.5756776392496583 vs. 1.5756776392496583
list:
dist: 2.317158727063361 vs. 2.317158727063361
list:
dist: 2.1606123861293427 vs. 2.1606123861293427
list:
dist: 1.6865440891170023 vs. 1.6865440891170023
list:
dist: 0.9261351202052548 vs. 0.9261351202052548
list:
dist: 0.9010222920681089 vs. 0.9010222920681089
list:
dist: 1.436316007759136 vs. 1.436316007759136
list:
dist: 0.7586403730238668 vs. 0.7586403730238668
list:
dist: 0.7010660458265559 vs. 0.7010660458265559
list:
dist: 2.25659840474536 vs. 2.25659840474536
list:
dist: 1.7082830212414102 vs. 1.7082830212414102
list:
dist: 1.4950999751834821 vs. 1.4950999751834821
list:
dist: 2.656503761122487 vs. 2.656503761122487
list:
dist: 3.077810175568208 vs. 3.077810175568208
list:
dist: 2.545614603607442 vs. 2.545614603607442
list:
dist: 1.7923259488034293 vs. 1.7923259488034293
list:
dist: 2.2676881087456193 vs. 2.2676881087456193
list:
dist: 2.0293728868341656 vs. 2.0293728868341656
list:
dist: 2.8357567021302734 vs. 2.8357567021302734
list:
dist: 2.3376423389544683 vs. 2.3376423389544683
list:
dist: 0.8392309635034658 vs. 0.8392309635034658
list:
dist: 1.6325710701078509 vs. 1.6325710701078509
list:
dist: 2.3167374821190863 vs. 2.3167374821190863
list:
dist: 1.8120825147269872 vs. 1.8120825147269872
list:
dist: 0.7803330394357152 vs. 0.7803330394357152
list:
dist: 1.319651880725616 vs. 1.319651880725616
list:
dist: 0.7586403730238668 vs. 0.7586403730238668
list:
dist: 1.0389193019612926 vs. 1.0389193019612926
list:
dist: 0.7003096055750786 vs. 0.7003096055750786
list:
dist: 1.8574592510501755 vs. 1.8574592510501755
list:
dist: 2.3585018332615957 vs. 2.3585018332615957
list:
dist: 2.2372978558238237 vs. 2.2372978558238237
list:
dist: 2.7731940376048074 vs. 2.7731940376048074
list:
dist: 2.772854063957707 vs. 2.772854063957707
list:
dist: 2.3227640899516575 vs. 2.3227640899516575
list:
dist: 1.5753439262470286 vs. 1.5753439262470286
list:
dist: 0.9965933265992922 vs. 0.9965933265992922
list:
dist: 1.473313051135533 vs. 1.473313051135533
list:
dist: 3.876980258255984 vs. 3.876980258255984
list:
dist: 3.599356530894442 vs. 3.599356530894442
list:
dist: 2.4931770822599466 vs. 2.4931770822599466
list:
dist: 2.624183878752218 vs. 2.624183878752218
list:
dist: 0.9815120452269637 vs. 0.9815120452269637
list:
dist: 1.179390852135927 vs. 1.179390852135927
list:
dist: 1.4682291907831497 vs. 1.4682291907831497
list:
dist: 2.6111281094737393 vs. 2.6111281094737393
list:
dist: 2.857246799109291 vs. 2.857246799109291
list:
dist: 2.1606123861293427 vs. 2.1606123861293427
list:
dist: 2.1642408860912528 vs. 2.1642408860912528
list:
dist: 2.3167374821190863 vs. 2.3167374821190863
list:
dist: 1.8369477425973129 vs. 1.8369477425973129
list:
dist: 1.723318916955051 vs. 1.723318916955051
list:
dist: 2.658223318255844 vs. 2.658223318255844
list:
dist: 2.644231999336512 vs. 2.644231999336512
list:
dist: 2.9038658870264333 vs. 2.9038658870264333
list:
dist: 2.1830023528709597 vs. 2.1830023528709597
list:
dist: 1.165871097137533 vs. 1.165871097137533
list:
dist: 1.829228025736057 vs. 1.829228025736057
list:
dist: 1.9632514295534078 vs. 1.9632514295534078
list:
dist: 3.171455047832904 vs. 3.171455047832904
list:
dist: 2.392427415848962 vs. 2.392427415848962
list:
dist: 1.027737930479369 vs. 1.027737930479369
list:
dist: 1.5813095120979472 vs. 1.5813095120979472
list:
dist: 2.1642408860912528 vs. 2.1642408860912528
list:
dist: 1.21997018694012 vs. 1.21997018694012
list:
dist: 0.9427573848929981 vs. 0.9427573848929981
list:
dist: 1.7221578705755884 vs. 1.7221578705755884
list:
dist: 1.436316007759136 vs. 1.436316007759136
list:
dist: 1.0389193019612926 vs. 1.0389193019612926
list:
dist: 1.426000315344778 vs. 1.426000315344778
list:
dist: 2.6029289336671386 vs. 2.6029289336671386
list:
dist: 2.6464273561785876 vs. 2.6464273561785876
list:
dist: 2.5947223319685184 vs. 2.5947223319685184
list:
dist: 3.2721746105305356 vs. 3.2721746105305356
list:
dist: 3.636495838276591 vs. 3.636495838276591
list:
dist: 2.996913556194915 vs. 2.996913556194915
list:
dist: 2.0351724225557675 vs. 2.0351724225557675
list:
dist: 2.5755084104597357 vs. 2.5755084104597357
list:
dist: 2.591471497334125 vs. 2.591471497334125
list:
dist: 3.481360956822847 vs. 3.481360956822847
list:
dist: 2.8110267338444133 vs. 2.8110267338444133
list:
dist: 1.3389531055430917 vs. 1.3389531055430917
list:
dist: 2.1464248997775695 vs. 2.1464248997775695
list:
dist: 2.6111281094737393 vs. 2.6111281094737393
list:
dist: 1.6483010368108728 vs. 1.6483010368108728
list:
dist: 0.8579682333787445 vs. 0.8579682333787445
list:
dist: 0.9261351202052548 vs. 0.9261351202052548
list:
dist: 0.9427573848929981 vs. 0.9427573848929981
list:
dist: 0.7803330394357152 vs. 0.7803330394357152
list:
dist: 1.318664304813337 vs. 1.318664304813337
list:
dist: 2.0553707081616377 vs. 2.0553707081616377
list:
dist: 2.4572239832962013 vs. 2.4572239832962013
list:
dist: 2.0254170827182936 vs. 2.0254170827182936
list:
dist: 1.4949028497907875 vs. 1.4949028497907875
list:
dist: 1.8470416499074338 vs. 1.8470416499074338
list:
dist: 2.43956119977761 vs. 2.43956119977761
list:
dist: 1.6478234523656816 vs. 1.6478234523656816
list:
dist: 2.5403322259547028 vs. 2.5403322259547028
list:
dist: 2.3968592113017673 vs. 2.3968592113017673
list:
dist: 2.894930352630845 vs. 2.894930352630845
list:
dist: 2.7536857855340116 vs. 2.7536857855340116
list:
dist: 1.5224732217483323 vs. 1.5224732217483323
list:
dist: 1.691641728099094 vs. 1.691641728099094
list:
dist: 1.880628766995746 vs. 1.880628766995746
list:
dist: 2.614244047916724 vs. 2.614244047916724
list:
dist: 1.723318916955051 vs. 1.723318916955051
list:
dist: 1.955278825619232 vs. 1.955278825619232
list:
dist: 2.4572239832962013 vs. 2.4572239832962013
list:
dist: 2.1354785372285026 vs. 2.1354785372285026
list:
dist: 1.7082830212414102 vs. 1.7082830212414102
list:
dist: 2.6464273561785876 vs. 2.6464273561785876
list:
dist: 2.3585018332615957 vs. 2.3585018332615957
list:
dist: 1.8577709354826593 vs. 1.8577709354826593
list:
dist: 1.2284777618539007 vs. 1.2284777618539007
list:
dist: 3.9514177859139004 vs. 3.9514177859139004
list:
dist: 4.325215155531493 vs. 4.325215155531493
list:
dist: 3.7221511083699146 vs. 3.7221511083699146
list:
dist: 2.70745935489588 vs. 2.70745935489588
list:
dist: 3.09324313414763 vs. 3.09324313414763
list:
dist: 3.144194152045032 vs. 3.144194152045032
list:
dist: 4.110129839873761 vs. 4.110129839873761
list:
dist: 3.5675722612520087 vs. 3.5675722612520087
list:
dist: 2.086233991758721 vs. 2.086233991758721
list:
dist: 2.907045069546027 vs. 2.907045069546027
list:
dist: 2.857246799109291 vs. 2.857246799109291
list:
dist: 1.9758084819882327 vs. 1.9758084819882327
list:
dist: 0.8579682333787445 vs. 0.8579682333787445
list:
dist: 0.9010222920681089 vs. 0.9010222920681089
list:
dist: 1.7221578705755884 vs. 1.7221578705755884
list:
dist: 1.319651880725616 vs. 1.319651880725616
list:
dist: 1.583074378449905 vs. 1.583074378449905
list:
dist: 2.279882005995027 vs. 2.279882005995027
list:
dist: 2.1354785372285026 vs. 2.1354785372285026
list:
dist: 1.347373154746931 vs. 1.347373154746931
list:
dist: 2.658223318255844 vs. 2.658223318255844
list:
dist: 2.1761796429049407 vs. 2.1761796429049407
list:
dist: 2.0254170827182936 vs. 2.0254170827182936
list:
dist: 1.347373154746931 vs. 1.347373154746931
list:
dist: 1.4950999751834821 vs. 1.4950999751834821
list:
dist: 2.5947223319685184 vs. 2.5947223319685184
list:
dist: 2.2372978558238237 vs. 2.2372978558238237
list:
dist: 2.0499554144622203 vs. 2.0499554144622203
list:
dist: 3.4148928500415594 vs. 3.4148928500415594
list:
dist: 1.2284777618539007 vs. 1.2284777618539007
list:
dist: 2.7080216350000166 vs. 2.7080216350000166
list:
dist: 1.4927473403894433 vs. 1.4927473403894433
list:
dist: 1.4922958375949789 vs. 1.4922958375949789
list:
dist: 2.3784442273388384 vs. 2.3784442273388384
list:
dist: 1.2587489018450864 vs. 1.2587489018450864
list:
dist: 1.7002708234758659 vs. 1.7002708234758659
list:
dist: 1.2673962889324428 vs. 1.2673962889324428
list:
dist: 1.4232008058849075 vs. 1.4232008058849075
list:
dist: 1.9958637700900794 vs. 1.9958637700900794
list:
dist: 1.433895948869615 vs. 1.433895948869615
list:
dist: 1.6666810878711669 vs. 1.6666810878711669
list:
dist: 0.9905082926435856 vs. 0.9905082926435856
list:
dist: 0.838717011234752 vs. 0.838717011234752
list:
dist: 2.624183878752218 vs. 2.624183878752218
list:
dist: 2.501592575380994 vs. 2.501592575380994
list:
dist: 2.1464248997775695 vs. 2.1464248997775695
list:
dist: 2.907045069546027 vs. 2.907045069546027
list:
dist: 2.317158727063361 vs. 2.317158727063361
list:
dist: 1.5813095120979472 vs. 1.5813095120979472
list:
dist: 1.6325710701078509 vs. 1.6325710701078509
list:
dist: 1.83385470740725 vs. 1.83385470740725
list:
dist: 2.562198881455064 vs. 2.562198881455064
list:
dist: 3.2862063282527236 vs. 3.2862063282527236
list:
dist: 3.072316355166091 vs. 3.072316355166091
list:
dist: 2.5874951501156325 vs. 2.5874951501156325
list:
dist: 1.9360831609306153 vs. 1.9360831609306153
list:
dist: 1.2747188065387056 vs. 1.2747188065387056
list:
dist: 2.145235522557112 vs. 2.145235522557112
list:
dist: 0.866906032526114 vs. 0.866906032526114
list:
dist: 1.179390852135927 vs. 1.179390852135927
list:
dist: 1.8481289537123762 vs. 1.8481289537123762
list:
dist: 2.614244047916724 vs. 2.614244047916724
list:
dist: 1.4898130194305492 vs. 1.4898130194305492
list:
dist: 2.3506413853655084 vs. 2.3506413853655084
list:
dist: 1.248539085658062 vs. 1.248539085658062
list:
dist: 2.716125749260231 vs. 2.716125749260231
list:
dist: 2.621074757508061 vs. 2.621074757508061
list:
dist: 2.602975967386225 vs. 2.602975967386225
list:
dist: 3.9048387655271184 vs. 3.9048387655271184
list:
dist: 0.7782533312668514 vs. 0.7782533312668514
list:
dist: 1.4607329021406597 vs. 1.4607329021406597
list:
dist: 1.2337234194905597 vs. 1.2337234194905597
list:
dist: 1.2715823052243116 vs. 1.2715823052243116
list:
dist: 3.3750891218051096 vs. 3.3750891218051096
list:
dist: 2.8881574730965602 vs. 2.8881574730965602
list:
dist: 2.1152066003951497 vs. 2.1152066003951497
list:
dist: 2.5577638341372246 vs. 2.5577638341372246
list:
dist: 1.5541297201233875 vs. 1.5541297201233875
list:
dist: 1.7887765438375474 vs. 1.7887765438375474
list:
dist: 2.7508326978149285 vs. 2.7508326978149285
list:
dist: 4.527190469176808 vs. 4.527190469176808
list:
dist: 0.7974564369005049 vs. 0.7974564369005049
list:
dist: 1.4636270554889914 vs. 1.4636270554889914
list:
dist: 1.2930871903407164 vs. 1.2930871903407164
list:
dist: 1.4949028497907875 vs. 1.4949028497907875
list:
dist: 3.4257274159102367 vs. 3.4257274159102367
list:
dist: 2.6957061891394236 vs. 2.6957061891394236
list:
dist: 3.2220353682256015 vs. 3.2220353682256015
list:
dist: 2.05875986397127 vs. 2.05875986397127
list:
dist: 2.4104613845147584 vs. 2.4104613845147584
list:
dist: 2.7334461221994113 vs. 2.7334461221994113
list:
dist: 1.847938010892278 vs. 1.847938010892278
list:
dist: 2.8911478612092663 vs. 2.8911478612092663
list:
dist: 2.6957061891394236 vs. 2.6957061891394236
list:
dist: 1.9260428785021946 vs. 1.9260428785021946
list:
dist: 1.4414575809928791 vs. 1.4414575809928791
list:
dist: 2.2199502384289747 vs. 2.2199502384289747
list:
dist: 0.906819079080745 vs. 0.906819079080745
list:
dist: 1.356194158630261 vs. 1.356194158630261
list:
dist: 1.974880759830809 vs. 1.974880759830809
list:
dist: 1.0353373191612503 vs. 1.0353373191612503
list:
dist: 1.9649401066017882 vs. 1.9649401066017882
list:
dist: 2.4699049747338306 vs. 2.4699049747338306
list:
dist: 2.3974942880143923 vs. 2.3974942880143923
list:
dist: 2.2549584634172346 vs. 2.2549584634172346
list:
dist: 2.3506413853655084 vs. 2.3506413853655084
list:
dist: 2.6762552759672107 vs. 2.6762552759672107
list:
dist: 1.4811281401676075 vs. 1.4811281401676075
list:
dist: 3.490885873413153 vs. 3.490885873413153
list:
dist: 3.5898840428365917 vs. 3.5898840428365917
list:
dist: 2.742317784780857 vs. 2.742317784780857
list:
dist: 3.5435323564086465 vs. 3.5435323564086465
list:
dist: 1.5873010669813359 vs. 1.5873010669813359
list:
dist: 3.2220353682256015 vs. 3.2220353682256015
list:
dist: 2.4797757135432423 vs. 2.4797757135432423
list:
dist: 2.416711768742561 vs. 2.416711768742561
list:
dist: 2.9500732801144016 vs. 2.9500732801144016
list:
dist: 0.8625541865588624 vs. 0.8625541865588624
list:
dist: 1.356194158630261 vs. 1.356194158630261
list:
dist: 1.5914466810592562 vs. 1.5914466810592562
list:
dist: 1.5343787441391776 vs. 1.5343787441391776
list:
dist: 1.6759403302901412 vs. 1.6759403302901412
list:
dist: 2.7814798775832665 vs. 2.7814798775832665
list:
dist: 1.0617646113829862 vs. 1.0617646113829862
list:
dist: 1.2821537023332457 vs. 1.2821537023332457
list:
dist: 1.248539085658062 vs. 1.248539085658062
list:
dist: 1.6897310798749325 vs. 1.6897310798749325
list:
dist: 0.3137793286416015 vs. 0.3137793286416015
list:
dist: 2.71091033629963 vs. 2.71091033629963
list:
dist: 3.006596317878365 vs. 3.006596317878365
list:
dist: 1.857240518340114 vs. 1.857240518340114
list:
dist: 2.610284114497289 vs. 2.610284114497289
list:
dist: 0.7311787233463493 vs. 0.7311787233463493
list:
dist: 2.8911478612092663 vs. 2.8911478612092663
list:
dist: 2.9229629075141244 vs. 2.9229629075141244
list:
dist: 3.1431618433613235 vs. 3.1431618433613235
list:
dist: 2.1938323231421997 vs. 2.1938323231421997
list:
dist: 1.691641728099094 vs. 1.691641728099094
list:
dist: 1.873364914053222 vs. 1.873364914053222
list:
dist: 3.1848446117467746 vs. 3.1848446117467746
list:
dist: 3.1703162466553567 vs. 3.1703162466553567
list:
dist: 2.8829108348131625 vs. 2.8829108348131625
list:
dist: 1.695590900333132 vs. 1.695590900333132
list:
dist: 3.29353100318761 vs. 3.29353100318761
list:
dist: 4.467367236974895 vs. 4.467367236974895
list:
dist: 3.8780068735190625 vs. 3.8780068735190625
list:
dist: 4.328827645556505 vs. 4.328827645556505
list:
dist: 3.9261226437112153 vs. 3.9261226437112153
list:
dist: 3.5862277274407073 vs. 3.5862277274407073
list:
dist: 2.7283961198447075 vs. 2.7283961198447075
list:
dist: 3.4257274159102367 vs. 3.4257274159102367
list:
dist: 2.647885858435414 vs. 2.647885858435414
list:
dist: 2.3079480383814586 vs. 2.3079480383814586
list:
dist: 3.001686018984816 vs. 3.001686018984816
list:
dist: 0.906819079080745 vs. 0.906819079080745
list:
dist: 0.8625541865588624 vs. 0.8625541865588624
list:
dist: 2.1974808043737255 vs. 2.1974808043737255
list:
dist: 1.5254916460440442 vs. 1.5254916460440442
list:
dist: 2.0968818585560896 vs. 2.0968818585560896
list:
dist: 3.034009405777697 vs. 3.034009405777697
list:
dist: 1.7085902748332025 vs. 1.7085902748332025
list:
dist: 1.7323433119582656 vs. 1.7323433119582656
list:
dist: 1.4898130194305492 vs. 1.4898130194305492
list:
dist: 2.0000917956680504 vs. 2.0000917956680504
list:
dist: 1.0227790720999548 vs. 1.0227790720999548
list:
dist: 3.4732634682221457 vs. 3.4732634682221457
list:
dist: 3.2066425227633624 vs. 3.2066425227633624
list:
dist: 2.4090517289586844 vs. 2.4090517289586844
list:
dist: 3.1320858201832533 vs. 3.1320858201832533
list:
dist: 1.2761776538000253 vs. 1.2761776538000253
list:
dist: 2.05875986397127 vs. 2.05875986397127
list:
dist: 1.493261145358571 vs. 1.493261145358571
list:
dist: 1.9243338397250986 vs. 1.9243338397250986
list:
dist: 1.9980610873950058 vs. 1.9980610873950058
list:
dist: 2.3968592113017673 vs. 2.3968592113017673
list:
dist: 2.1974808043737255 vs. 2.1974808043737255
list:
dist: 1.974880759830809 vs. 1.974880759830809
list:
dist: 1.5914466810592562 vs. 1.5914466810592562
list:
dist: 1.4607500820446062 vs. 1.4607500820446062
list:
dist: 1.142504988053759 vs. 1.142504988053759
list:
dist: 1.628387933649888 vs. 1.628387933649888
list:
dist: 3.1848446117467746 vs. 3.1848446117467746
list:
dist: 2.2025534152077713 vs. 2.2025534152077713
list:
dist: 2.306389556483743 vs. 2.306389556483743
list:
dist: 2.716125749260231 vs. 2.716125749260231
list:
dist: 2.699637809609589 vs. 2.699637809609589
list:
dist: 1.519337937129968 vs. 1.519337937129968
list:
dist: 1.6705456118737958 vs. 1.6705456118737958
list:
dist: 3.434049682273759 vs. 3.434049682273759
list:
dist: 2.0122528477383086 vs. 2.0122528477383086
list:
dist: 2.7948548976739223 vs. 2.7948548976739223
list:
dist: 1.4146781050880104 vs. 1.4146781050880104
list:
dist: 2.960183100307946 vs. 2.960183100307946
list:
dist: 2.516172312921214 vs. 2.516172312921214
list:
dist: 1.0227790720999548 vs. 1.0227790720999548
list:
dist: 1.4811281401676075 vs. 1.4811281401676075
list:
dist: 0.3137793286416015 vs. 0.3137793286416015
list:
dist: 1.519337937129968 vs. 1.519337937129968
list:
dist: 1.4559840371858594 vs. 1.4559840371858594
list:
dist: 1.4423997962267536 vs. 1.4423997962267536
list:
dist: 2.6504724078009927 vs. 2.6504724078009927
list:
dist: 1.0655637918766003 vs. 1.0655637918766003
list:
dist: 1.518880812262883 vs. 1.518880812262883
list:
dist: 1.2715823052243116 vs. 1.2715823052243116
list:
dist: 1.4680082388568998 vs. 1.4680082388568998
list:
dist: 2.509662761760135 vs. 2.509662761760135
list:
dist: 2.7164981397092163 vs. 2.7164981397092163
list:
dist: 1.548287736646655 vs. 1.548287736646655
list:
dist: 2.3112228225765246 vs. 2.3112228225765246
list:
dist: 0.43462348447542193 vs. 0.43462348447542193
list:
dist: 2.786550642483242 vs. 2.786550642483242
list:
dist: 2.903925689339703 vs. 2.903925689339703
list:
dist: 4.887106025854051 vs. 4.887106025854051
list:
dist: 1.2930871903407164 vs. 1.2930871903407164
list:
dist: 0.9870380012562356 vs. 0.9870380012562356
list:
dist: 0.9713507433376358 vs. 0.9713507433376358
list:
dist: 1.6478234523656816 vs. 1.6478234523656816
list:
dist: 3.001686018984816 vs. 3.001686018984816
list:
dist: 2.2199502384289747 vs. 2.2199502384289747
list:
dist: 2.9500732801144016 vs. 2.9500732801144016
list:
dist: 1.9980610873950058 vs. 1.9980610873950058
list:
dist: 1.6312009683766076 vs. 1.6312009683766076
list:
dist: 2.07183499279297 vs. 2.07183499279297
list:
dist: 0.9932707955268575 vs. 0.9932707955268575
list:
dist: 2.1938323231421997 vs. 2.1938323231421997
list:
dist: 1.4636270554889914 vs. 1.4636270554889914
list:
dist: 0.8420781851692244 vs. 0.8420781851692244
list:
dist: 0.9713507433376358 vs. 0.9713507433376358
list:
dist: 2.43956119977761 vs. 2.43956119977761
list:
dist: 2.3079480383814586 vs. 2.3079480383814586
list:
dist: 1.4414575809928791 vs. 1.4414575809928791
list:
dist: 2.416711768742561 vs. 2.416711768742561
list:
dist: 1.9243338397250986 vs. 1.9243338397250986
list:
dist: 1.3236022892584034 vs. 1.3236022892584034
list:
dist: 2.1468091895796353 vs. 2.1468091895796353
list:
dist: 1.691374120340675 vs. 1.691374120340675
list:
dist: 3.1431618433613235 vs. 3.1431618433613235
list:
dist: 2.4104613845147584 vs. 2.4104613845147584
list:
dist: 1.6375735632765658 vs. 1.6375735632765658
list:
dist: 1.3236022892584034 vs. 1.3236022892584034
list:
dist: 1.6312009683766076 vs. 1.6312009683766076
list:
dist: 2.894930352630845 vs. 2.894930352630845
list:
dist: 1.5254916460440442 vs. 1.5254916460440442
list:
dist: 1.0353373191612503 vs. 1.0353373191612503
list:
dist: 1.5343787441391776 vs. 1.5343787441391776
list:
dist: 1.4607500820446062 vs. 1.4607500820446062
list:
dist: 1.0708648976196562 vs. 1.0708648976196562
list:
dist: 1.5555375155088065 vs. 1.5555375155088065
list:
dist: 3.1703162466553567 vs. 3.1703162466553567
list:
dist: 2.5186493224310045 vs. 2.5186493224310045
list:
dist: 2.7047176102581827 vs. 2.7047176102581827
list:
dist: 2.621074757508061 vs. 2.621074757508061
list:
dist: 2.4914981210840823 vs. 2.4914981210840823
list:
dist: 1.4559840371858594 vs. 1.4559840371858594
list:
dist: 2.7774533362223144 vs. 2.7774533362223144
list:
dist: 3.009462239718026 vs. 3.009462239718026
list:
dist: 2.1375171758307365 vs. 2.1375171758307365
list:
dist: 2.9412255652386885 vs. 2.9412255652386885
list:
dist: 1.270386281695787 vs. 1.270386281695787
list:
dist: 3.139252275281939 vs. 3.139252275281939
list:
dist: 2.5019031065338004 vs. 2.5019031065338004
list:
dist: 4.1847841664123875 vs. 4.1847841664123875
list:
dist: 3.2171878758036248 vs. 3.2171878758036248
list:
dist: 2.7310746322199737 vs. 2.7310746322199737
list:
dist: 3.4898474455908914 vs. 3.4898474455908914
list:
dist: 3.2021619559491024 vs. 3.2021619559491024
list:
dist: 2.413712712254815 vs. 2.413712712254815
list:
dist: 3.8574584501547347 vs. 3.8574584501547347
list:
dist: 2.9158801167779163 vs. 2.9158801167779163
list:
dist: 2.6545548543301236 vs. 2.6545548543301236
list:
dist: 1.8635862240731398 vs. 1.8635862240731398
list:
dist: 1.3458825545492612 vs. 1.3458825545492612
list:
dist: 1.2200325057279784 vs. 1.2200325057279784
list:
dist: 1.701777108984008 vs. 1.701777108984008
list:
dist: 1.2420152027529634 vs. 1.2420152027529634
list:
dist: 1.4187575622617903 vs. 1.4187575622617903
list:
dist: 1.4233239236756472 vs. 1.4233239236756472
list:
dist: 2.1192227256639047 vs. 2.1192227256639047
list:
dist: 1.362036919883412 vs. 1.362036919883412
list:
dist: 2.0034603100421062 vs. 2.0034603100421062
list:
dist: 1.975248427690283 vs. 1.975248427690283
list:
dist: 1.92029196480551 vs. 1.92029196480551
list:
dist: 1.918051769165684 vs. 1.918051769165684
list:
dist: 2.170113144204773 vs. 2.170113144204773
list:
dist: 1.7381899773258593 vs. 1.7381899773258593
list:
dist: 1.686977564595688 vs. 1.686977564595688
list:
dist: 1.4748350892399171 vs. 1.4748350892399171
list:
dist: 2.0546590808354033 vs. 2.0546590808354033
list:
dist: 2.4190256200810567 vs. 2.4190256200810567
list:
dist: 0.8116576185600711 vs. 0.8116576185600711
list:
dist: 2.8321980306673247 vs. 2.8321980306673247
list:
dist: 3.931437566781529 vs. 3.931437566781529
list:
dist: 2.7508326978149285 vs. 2.7508326978149285
list:
dist: 1.5881582099280156 vs. 1.5881582099280156
list:
dist: 2.903925689339703 vs. 2.903925689339703
list:
dist: 3.2608999367503504 vs. 3.2608999367503504
list:
dist: 1.0273358042137983 vs. 1.0273358042137983
list:
dist: 1.7141367644863685 vs. 1.7141367644863685
list:
dist: 1.0595141520655007 vs. 1.0595141520655007
list:
dist: 2.6730055091569143 vs. 2.6730055091569143
list:
dist: 1.8626634024092603 vs. 1.8626634024092603
list:
dist: 2.479589637468559 vs. 2.479589637468559
list:
dist: 2.230845913615437 vs. 2.230845913615437
list:
dist: 2.4647983729275293 vs. 2.4647983729275293
list:
dist: 1.7293651906170466 vs. 1.7293651906170466
list:
dist: 1.676897367140204 vs. 1.676897367140204
list:
dist: 1.6357725174048394 vs. 1.6357725174048394
list:
dist: 2.4090517289586844 vs. 2.4090517289586844
list:
dist: 2.742317784780857 vs. 2.742317784780857
list:
dist: 1.857240518340114 vs. 1.857240518340114
list:
dist: 2.0122528477383086 vs. 2.0122528477383086
list:
dist: 2.1375171758307365 vs. 2.1375171758307365
list:
dist: 1.3089947564472486 vs. 1.3089947564472486
list:
dist: 2.676038693861454 vs. 2.676038693861454
list:
dist: 3.8780068735190625 vs. 3.8780068735190625
list:
dist: 1.8703952677885107 vs. 1.8703952677885107
list:
dist: 2.802838744492838 vs. 2.802838744492838
list:
dist: 2.1152066003951497 vs. 2.1152066003951497
list:
dist: 1.2180427320678895 vs. 1.2180427320678895
list:
dist: 1.548287736646655 vs. 1.548287736646655
list:
dist: 1.8537652731884293 vs. 1.8537652731884293
list:
dist: 1.566279201677627 vs. 1.566279201677627
list:
dist: 0.8418084971363209 vs. 0.8418084971363209
list:
dist: 1.2128131298225349 vs. 1.2128131298225349
list:
dist: 1.474268520921803 vs. 1.474268520921803
list:
dist: 1.5647754804067817 vs. 1.5647754804067817
list:
dist: 2.6575906965134473 vs. 2.6575906965134473
list:
dist: 1.7141367644863685 vs. 1.7141367644863685
list:
dist: 3.967746198058663 vs. 3.967746198058663
list:
dist: 2.4409294047853964 vs. 2.4409294047853964
list:
dist: 2.07582587211023 vs. 2.07582587211023
list:
dist: 2.960183100307946 vs. 2.960183100307946
list:
dist: 3.139252275281939 vs. 3.139252275281939
list:
dist: 2.1548602801991286 vs. 2.1548602801991286
list:
dist: 3.0329005606318264 vs. 3.0329005606318264
list:
dist: 3.5862277274407073 vs. 3.5862277274407073
list:
dist: 2.059001992283427 vs. 2.059001992283427
list:
dist: 1.648663186374915 vs. 1.648663186374915
list:
dist: 1.474268520921803 vs. 1.474268520921803
list:
dist: 1.1299987915882117 vs. 1.1299987915882117
list:
dist: 2.5995724986997426 vs. 2.5995724986997426
list:
dist: 0.9456087702753537 vs. 0.9456087702753537
list:
dist: 1.8626634024092603 vs. 1.8626634024092603
list:
dist: 3.834044310730302 vs. 3.834044310730302
list:
dist: 1.3551297866450582 vs. 1.3551297866450582
list:
dist: 0.8902497274508774 vs. 0.8902497274508774
list:
dist: 4.527190469176808 vs. 4.527190469176808
list:
dist: 3.527960298076069 vs. 3.527960298076069
list:
dist: 4.887106025854051 vs. 4.887106025854051
list:
dist: 2.5110063654952572 vs. 2.5110063654952572
list:
dist: 3.967746198058663 vs. 3.967746198058663
list:
dist: 3.4423584013950865 vs. 3.4423584013950865
list:
dist: 4.6741963265385165 vs. 4.6741963265385165
list:
dist: 3.834044310730302 vs. 3.834044310730302
list:
dist: 4.272006704991262 vs. 4.272006704991262
list:
dist: 3.8487626517276565 vs. 3.8487626517276565
list:
dist: 3.4236394613597416 vs. 3.4236394613597416
list:
dist: 2.8901492033852016 vs. 2.8901492033852016
list:
dist: 2.6076158136520333 vs. 2.6076158136520333
list:
dist: 3.122023043524263 vs. 3.122023043524263
list:
dist: 2.4821396418368287 vs. 2.4821396418368287
list:
dist: 2.41755770073386 vs. 2.41755770073386
list:
dist: 1.7381899773258593 vs. 1.7381899773258593
list:
dist: 2.9215696129341606 vs. 2.9215696129341606
list:
dist: 3.373451210302938 vs. 3.373451210302938
list:
dist: 2.4647983729275293 vs. 2.4647983729275293
list:
dist: 3.2833765530382992 vs. 3.2833765530382992
list:
dist: 3.430814340197851 vs. 3.430814340197851
list:
dist: 2.549622136217376 vs. 2.549622136217376
list:
dist: 2.8581692564127135 vs. 2.8581692564127135
list:
dist: 1.8860951183910282 vs. 1.8860951183910282
list:
dist: 1.9943395456927477 vs. 1.9943395456927477
list:
dist: 2.7334461221994113 vs. 2.7334461221994113
list:
dist: 2.0783115326657233 vs. 2.0783115326657233
list:
dist: 2.1468091895796353 vs. 2.1468091895796353
list:
dist: 2.07183499279297 vs. 2.07183499279297
list:
dist: 2.7536857855340116 vs. 2.7536857855340116
list:
dist: 2.0968818585560896 vs. 2.0968818585560896
list:
dist: 1.9649401066017882 vs. 1.9649401066017882
list:
dist: 1.6759403302901412 vs. 1.6759403302901412
list:
dist: 1.142504988053759 vs. 1.142504988053759
list:
dist: 1.0708648976196562 vs. 1.0708648976196562
list:
dist: 1.428464065045802 vs. 1.428464065045802
list:
dist: 2.8829108348131625 vs. 2.8829108348131625
list:
dist: 2.3149836189035025 vs. 2.3149836189035025
list:
dist: 2.8137487102800236 vs. 2.8137487102800236
list:
dist: 2.602975967386225 vs. 2.602975967386225
list:
dist: 2.1317275308204304 vs. 2.1317275308204304
list:
dist: 1.4423997962267536 vs. 1.4423997962267536
list:
dist: 1.8221057513400936 vs. 1.8221057513400936
list:
dist: 2.4340876452912776 vs. 2.4340876452912776
list:
dist: 1.3089947564472486 vs. 1.3089947564472486
list:
dist: 2.0837201048023695 vs. 2.0837201048023695
list:
dist: 1.060639870625871 vs. 1.060639870625871
list:
dist: 2.1548602801991286 vs. 2.1548602801991286
list:
dist: 1.5886979354454407 vs. 1.5886979354454407
list:
dist: 1.847938010892278 vs. 1.847938010892278
list:
dist: 1.4871105496434418 vs. 1.4871105496434418
list:
dist: 1.691374120340675 vs. 1.691374120340675
list:
dist: 0.9932707955268575 vs. 0.9932707955268575
list:
dist: 1.5224732217483323 vs. 1.5224732217483323
list:
dist: 3.034009405777697 vs. 3.034009405777697
list:
dist: 2.4699049747338306 vs. 2.4699049747338306
list:
dist: 2.7814798775832665 vs. 2.7814798775832665
list:
dist: 1.628387933649888 vs. 1.628387933649888
list:
dist: 1.5555375155088065 vs. 1.5555375155088065
list:
dist: 1.428464065045802 vs. 1.428464065045802
list:
dist: 1.695590900333132 vs. 1.695590900333132
list:
dist: 3.583630082675315 vs. 3.583630082675315
list:
dist: 3.7928964514886583 vs. 3.7928964514886583
list:
dist: 3.9048387655271184 vs. 3.9048387655271184
list:
dist: 3.547655210676215 vs. 3.547655210676215
list:
dist: 2.6504724078009927 vs. 2.6504724078009927
list:
dist: 2.400578097002587 vs. 2.400578097002587
list:
dist: 3.5946519499560172 vs. 3.5946519499560172
list:
dist: 2.676038693861454 vs. 2.676038693861454
list:
dist: 3.354482296566446 vs. 3.354482296566446
list:
dist: 2.365553519056509 vs. 2.365553519056509
list:
dist: 3.0329005606318264 vs. 3.0329005606318264
list:
dist: 2.192319710532637 vs. 2.192319710532637
list:
dist: 3.4732634682221457 vs. 3.4732634682221457
list:
dist: 3.490885873413153 vs. 3.490885873413153
list:
dist: 2.71091033629963 vs. 2.71091033629963
list:
dist: 1.6705456118737958 vs. 1.6705456118737958
list:
dist: 2.7774533362223144 vs. 2.7774533362223144
list:
dist: 1.8221057513400936 vs. 1.8221057513400936
list:
dist: 2.400578097002587 vs. 2.400578097002587
list:
dist: 3.29353100318761 vs. 3.29353100318761
list:
dist: 2.7518695219225933 vs. 2.7518695219225933
list:
dist: 3.272510641566406 vs. 3.272510641566406
list:
dist: 3.3750891218051096 vs. 3.3750891218051096
list:
dist: 2.9310668720510966 vs. 2.9310668720510966
list:
dist: 2.509662761760135 vs. 2.509662761760135
list:
dist: 3.2242786151332012 vs. 3.2242786151332012
list:
dist: 1.8537652731884293 vs. 1.8537652731884293
list:
dist: 2.2068464138672867 vs. 2.2068464138672867
list:
dist: 2.2792665904645433 vs. 2.2792665904645433
list:
dist: 2.059001992283427 vs. 2.059001992283427
list:
dist: 2.009375565741679 vs. 2.009375565741679
list:
dist: 3.934869160221642 vs. 3.934869160221642
list:
dist: 3.2608999367503504 vs. 3.2608999367503504
list:
dist: 3.108490584746932 vs. 3.108490584746932
list:
dist: 2.724076248143286 vs. 2.724076248143286
list:
dist: 2.516172312921214 vs. 2.516172312921214
list:
dist: 2.5019031065338004 vs. 2.5019031065338004
list:
dist: 1.5886979354454407 vs. 1.5886979354454407
list:
dist: 2.192319710532637 vs. 2.192319710532637
list:
dist: 2.7283961198447075 vs. 2.7283961198447075
list:
dist: 2.009375565741679 vs. 2.009375565741679
list:
dist: 1.9050684576346624 vs. 1.9050684576346624
list:
dist: 1.5647754804067817 vs. 1.5647754804067817
list:
dist: 1.6997215960819472 vs. 1.6997215960819472
list:
dist: 2.3447510962851457 vs. 2.3447510962851457
list:
dist: 0.9456087702753537 vs. 0.9456087702753537
list:
dist: 2.479589637468559 vs. 2.479589637468559
list:
dist: 4.272006704991262 vs. 4.272006704991262
list:
dist: 2.248092613019423 vs. 2.248092613019423
list:
dist: 1.7883062165898524 vs. 1.7883062165898524
list:
dist: 3.1320858201832533 vs. 3.1320858201832533
list:
dist: 3.5435323564086465 vs. 3.5435323564086465
list:
dist: 2.610284114497289 vs. 2.610284114497289
list:
dist: 2.7948548976739223 vs. 2.7948548976739223
list:
dist: 2.9412255652386885 vs. 2.9412255652386885
list:
dist: 2.0837201048023695 vs. 2.0837201048023695
list:
dist: 3.354482296566446 vs. 3.354482296566446
list:
dist: 4.328827645556505 vs. 4.328827645556505
list:
dist: 2.378672670226511 vs. 2.378672670226511
list:
dist: 3.422155496820053 vs. 3.422155496820053
list:
dist: 2.5577638341372246 vs. 2.5577638341372246
list:
dist: 1.4654835097220842 vs. 1.4654835097220842
list:
dist: 2.3112228225765246 vs. 2.3112228225765246
list:
dist: 2.2068464138672867 vs. 2.2068464138672867
list:
dist: 1.2578339815722746 vs. 1.2578339815722746
list:
dist: 0.8418084971363209 vs. 0.8418084971363209
list:
dist: 2.0185636235322737 vs. 2.0185636235322737
list:
dist: 1.1299987915882117 vs. 1.1299987915882117
list:
dist: 1.6997215960819472 vs. 1.6997215960819472
list:
dist: 2.514640935479099 vs. 2.514640935479099
list:
dist: 1.0595141520655007 vs. 1.0595141520655007
list:
dist: 3.4423584013950865 vs. 3.4423584013950865
list:
dist: 1.680127333447303 vs. 1.680127333447303
list:
dist: 1.390787093162887 vs. 1.390787093162887
list:
dist: 1.7085902748332025 vs. 1.7085902748332025
list:
dist: 2.3974942880143923 vs. 2.3974942880143923
list:
dist: 1.0617646113829862 vs. 1.0617646113829862
list:
dist: 2.2025534152077713 vs. 2.2025534152077713
list:
dist: 2.5186493224310045 vs. 2.5186493224310045
list:
dist: 2.3149836189035025 vs. 2.3149836189035025
list:
dist: 3.583630082675315 vs. 3.583630082675315
list:
dist: 1.1090308010932122 vs. 1.1090308010932122
list:
dist: 0.7782533312668514 vs. 0.7782533312668514
list:
dist: 1.4365146731011809 vs. 1.4365146731011809
list:
dist: 1.0655637918766003 vs. 1.0655637918766003
list:
dist: 2.7518695219225933 vs. 2.7518695219225933
list:
dist: 3.019275290507096 vs. 3.019275290507096
list:
dist: 1.8703952677885107 vs. 1.8703952677885107
list:
dist: 2.378672670226511 vs. 2.378672670226511
list:
dist: 1.3544749804809562 vs. 1.3544749804809562
list:
dist: 1.9909288468118649 vs. 1.9909288468118649
list:
dist: 2.8321980306673247 vs. 2.8321980306673247
list:
dist: 2.0000917956680504 vs. 2.0000917956680504
list:
dist: 2.6762552759672107 vs. 2.6762552759672107
list:
dist: 1.6897310798749325 vs. 1.6897310798749325
list:
dist: 2.699637809609589 vs. 2.699637809609589
list:
dist: 2.4914981210840823 vs. 2.4914981210840823
list:
dist: 2.1317275308204304 vs. 2.1317275308204304
list:
dist: 3.547655210676215 vs. 3.547655210676215
list:
dist: 1.4365146731011809 vs. 1.4365146731011809
list:
dist: 2.4611812980729106 vs. 2.4611812980729106
list:
dist: 1.2337234194905597 vs. 1.2337234194905597
list:
dist: 1.4680082388568998 vs. 1.4680082388568998
list:
dist: 2.9310668720510966 vs. 2.9310668720510966
list:
dist: 1.6705430860232215 vs. 1.6705430860232215
list:
dist: 1.2180427320678895 vs. 1.2180427320678895
list:
dist: 1.4654835097220842 vs. 1.4654835097220842
list:
dist: 1.3854828143476072 vs. 1.3854828143476072
list:
dist: 1.7628020005425977 vs. 1.7628020005425977
list:
dist: 1.5881582099280156 vs. 1.5881582099280156
list:
dist: 3.527960298076069 vs. 3.527960298076069
list:
dist: 2.7181857750840748 vs. 2.7181857750840748
list:
dist: 1.6357725174048394 vs. 1.6357725174048394
list:
dist: 1.8860951183910282 vs. 1.8860951183910282
list:
dist: 2.353138676643924 vs. 2.353138676643924
list:
dist: 2.614864092310388 vs. 2.614864092310388
list:
dist: 1.9909288468118649 vs. 1.9909288468118649
list:
dist: 2.8751461284832796 vs. 2.8751461284832796
list:
dist: 1.7887765438375474 vs. 1.7887765438375474
list:
dist: 1.7628020005425977 vs. 1.7628020005425977
list:
dist: 2.786550642483242 vs. 2.786550642483242
list:
dist: 3.934869160221642 vs. 3.934869160221642
list:
dist: 2.949107060206385 vs. 2.949107060206385
list:
dist: 2.6575906965134473 vs. 2.6575906965134473
list:
dist: 2.514640935479099 vs. 2.514640935479099
list:
dist: 2.893648283656897 vs. 2.893648283656897
list:
dist: 2.230845913615437 vs. 2.230845913615437
list:
dist: 3.8487626517276565 vs. 3.8487626517276565
list:
dist: 2.7181857750840748 vs. 2.7181857750840748
list:
dist: 1.2761776538000253 vs. 1.2761776538000253
list:
dist: 1.5873010669813359 vs. 1.5873010669813359
list:
dist: 0.7311787233463493 vs. 0.7311787233463493
list:
dist: 1.4146781050880104 vs. 1.4146781050880104
list:
dist: 1.270386281695787 vs. 1.270386281695787
list:
dist: 1.060639870625871 vs. 1.060639870625871
list:
dist: 2.365553519056509 vs. 2.365553519056509
list:
dist: 3.9261226437112153 vs. 3.9261226437112153
list:
dist: 1.3544749804809562 vs. 1.3544749804809562
list:
dist: 1.9320123733678103 vs. 1.9320123733678103
list:
dist: 1.5541297201233875 vs. 1.5541297201233875
list:
dist: 1.3854828143476072 vs. 1.3854828143476072
list:
dist: 0.43462348447542193 vs. 0.43462348447542193
list:
dist: 2.2792665904645433 vs. 2.2792665904645433
list:
dist: 2.3949737120201484 vs. 2.3949737120201484
list:
dist: 1.2128131298225349 vs. 1.2128131298225349
list:
dist: 2.0185636235322737 vs. 2.0185636235322737
list:
dist: 2.5995724986997426 vs. 2.5995724986997426
list:
dist: 2.3447510962851457 vs. 2.3447510962851457
list:
dist: 2.893648283656897 vs. 2.893648283656897
list:
dist: 2.6730055091569143 vs. 2.6730055091569143
list:
dist: 4.6741963265385165 vs. 4.6741963265385165
list:
dist: 3.6486568242182225 vs. 3.6486568242182225
list:
dist: 3.2776518951186566 vs. 3.2776518951186566
list:
dist: 3.2066425227633624 vs. 3.2066425227633624
list:
dist: 3.5898840428365917 vs. 3.5898840428365917
list:
dist: 3.006596317878365 vs. 3.006596317878365
list:
dist: 3.434049682273759 vs. 3.434049682273759
list:
dist: 3.009462239718026 vs. 3.009462239718026
list:
dist: 2.4340876452912776 vs. 2.4340876452912776
list:
dist: 3.5946519499560172 vs. 3.5946519499560172
list:
dist: 4.467367236974895 vs. 4.467367236974895
list:
dist: 3.019275290507096 vs. 3.019275290507096
list:
dist: 4.02740833458113 vs. 4.02740833458113
list:
dist: 2.8881574730965602 vs. 2.8881574730965602
list:
dist: 1.6705430860232215 vs. 1.6705430860232215
list:
dist: 2.7164981397092163 vs. 2.7164981397092163
list:
dist: 3.2242786151332012 vs. 3.2242786151332012
list:
dist: 1.566279201677627 vs. 1.566279201677627
list:
dist: 1.2578339815722746 vs. 1.2578339815722746
list:
dist: 2.3949737120201484 vs. 2.3949737120201484
list:
dist: 1.648663186374915 vs. 1.648663186374915
list:
dist: 1.9050684576346624 vs. 1.9050684576346624
list:
dist: 2.949107060206385 vs. 2.949107060206385
list:
dist: 1.0273358042137983 vs. 1.0273358042137983
list:
dist: 2.5110063654952572 vs. 2.5110063654952572
list:
dist: 2.01200972477647 vs. 2.01200972477647
list:
dist: 1.7943852820610433 vs. 1.7943852820610433
list:
dist: 1.7323433119582656 vs. 1.7323433119582656
list:
dist: 2.2549584634172346 vs. 2.2549584634172346
list:
dist: 1.2821537023332457 vs. 1.2821537023332457
list:
dist: 2.306389556483743 vs. 2.306389556483743
list:
dist: 2.7047176102581827 vs. 2.7047176102581827
list:
dist: 2.8137487102800236 vs. 2.8137487102800236
list:
dist: 3.7928964514886583 vs. 3.7928964514886583
list:
dist: 1.1090308010932122 vs. 1.1090308010932122
list:
dist: 1.4607329021406597 vs. 1.4607329021406597
list:
dist: 2.4611812980729106 vs. 2.4611812980729106
list:
dist: 1.518880812262883 vs. 1.518880812262883
list:
dist: 3.272510641566406 vs. 3.272510641566406
list:
dist: 4.02740833458113 vs. 4.02740833458113
list:
dist: 2.802838744492838 vs. 2.802838744492838
list:
dist: 3.422155496820053 vs. 3.422155496820053
list:
dist: 1.9320123733678103 vs. 1.9320123733678103
list:
dist: 2.8751461284832796 vs. 2.8751461284832796
list:
dist: 3.931437566781529 vs. 3.931437566781529
list:
dist: 1.8411676665892722 vs. 1.8411676665892722
list:
dist: 1.6225308188407686 vs. 1.6225308188407686
list:
dist: 1.1715686680445694 vs. 1.1715686680445694
list:
dist: 1.462998475885216 vs. 1.462998475885216
list:
dist: 2.3014643450713668 vs. 2.3014643450713668
list:
dist: 1.175337150603754 vs. 1.175337150603754
list:
dist: 1.5226677453994708 vs. 1.5226677453994708
list:
dist: 1.4561833358128728 vs. 1.4561833358128728
list:
dist: 1.4432036693658434 vs. 1.4432036693658434
list:
dist: 2.057706516573924 vs. 2.057706516573924
list:
dist: 1.485457065009437 vs. 1.485457065009437
list:
dist: 2.2729082917368646 vs. 2.2729082917368646
list:
dist: 2.2293872054950206 vs. 2.2293872054950206
list:
dist: 1.2340449388754617 vs. 1.2340449388754617
list:
dist: 1.507253178832845 vs. 1.507253178832845
list:
dist: 1.506562110770399 vs. 1.506562110770399
list:
dist: 2.7310746322199737 vs. 2.7310746322199737
list:
dist: 1.7475942389932277 vs. 1.7475942389932277
list:
dist: 0.6650825451404018 vs. 0.6650825451404018
list:
dist: 2.9858979941289294 vs. 2.9858979941289294
list:
dist: 1.8683624780625319 vs. 1.8683624780625319
list:
dist: 1.8162265651912546 vs. 1.8162265651912546
list:
dist: 1.950069775874324 vs. 1.950069775874324
list:
dist: 2.325934383464874 vs. 2.325934383464874
list:
dist: 1.0336079749105487 vs. 1.0336079749105487
list:
dist: 1.0278311623714294 vs. 1.0278311623714294
list:
dist: 2.0000521044101265 vs. 2.0000521044101265
list:
dist: 2.072671023395318 vs. 2.072671023395318
list:
dist: 1.4561833358128728 vs. 1.4561833358128728
list:
dist: 1.7477253150831902 vs. 1.7477253150831902
list:
dist: 1.477427670860971 vs. 1.477427670860971
list:
dist: 1.1408017954729088 vs. 1.1408017954729088
list:
dist: 1.742695512054597 vs. 1.742695512054597
list:
dist: 1.2216924187158231 vs. 1.2216924187158231
list:
dist: 2.185932102152503 vs. 2.185932102152503
list:
dist: 2.151836474953175 vs. 2.151836474953175
list:
dist: 2.9523743311559354 vs. 2.9523743311559354
list:
dist: 2.9873867441778903 vs. 2.9873867441778903
list:
dist: 2.159447289055584 vs. 2.159447289055584
list:
dist: 2.738520449014299 vs. 2.738520449014299
list:
dist: 2.7006019433991124 vs. 2.7006019433991124
list:
dist: 3.8574584501547347 vs. 3.8574584501547347
list:
dist: 2.94374214818191 vs. 2.94374214818191
list:
dist: 1.9998489652521707 vs. 1.9998489652521707
list:
dist: 3.8762383124531046 vs. 3.8762383124531046
list:
dist: 2.3659123151250885 vs. 2.3659123151250885
list:
dist: 2.5689865659173106 vs. 2.5689865659173106
list:
dist: 2.4194088997831686 vs. 2.4194088997831686
list:
dist: 3.297615568483149 vs. 3.297615568483149
list:
dist: 1.8661222544037304 vs. 1.8661222544037304
list:
dist: 4.154838716884793 vs. 4.154838716884793
list:
dist: 2.9771094994726086 vs. 2.9771094994726086
list:
dist: 3.6395839768896536 vs. 3.6395839768896536
list:
dist: 3.4040571609634926 vs. 3.4040571609634926
list:
dist: 2.9668721054252853 vs. 2.9668721054252853
list:
dist: 1.8289751077430711 vs. 1.8289751077430711
list:
dist: 1.506562110770399 vs. 1.506562110770399
list:
dist: 2.6820861728093734 vs. 2.6820861728093734
list:
dist: 1.9050401915533852 vs. 1.9050401915533852
list:
dist: 1.5394032151316985 vs. 1.5394032151316985
list:
dist: 2.7006019433991124 vs. 2.7006019433991124
list:
dist: 2.053917485473116 vs. 2.053917485473116
list:
dist: 2.346233720470725 vs. 2.346233720470725
list:
dist: 1.3474575753278755 vs. 1.3474575753278755
list:
dist: 1.4572661941652758 vs. 1.4572661941652758
list:
dist: 1.208323684374549 vs. 1.208323684374549
list:
dist: 0.8911776064011256 vs. 0.8911776064011256
list:
dist: 0.4002775247676413 vs. 0.4002775247676413
list:
dist: 1.4187575622617903 vs. 1.4187575622617903
list:
dist: 1.30365258745698 vs. 1.30365258745698
list:
dist: 1.0701100507056993 vs. 1.0701100507056993
list:
dist: 2.247417627885844 vs. 2.247417627885844
list:
dist: 1.7691467907185991 vs. 1.7691467907185991
list:
dist: 1.8249916910306545 vs. 1.8249916910306545
list:
dist: 1.6959019861958988 vs. 1.6959019861958988
list:
dist: 2.141567998669578 vs. 2.141567998669578
list:
dist: 1.4286754102900452 vs. 1.4286754102900452
list:
dist: 2.41755770073386 vs. 2.41755770073386
list:
dist: 2.3448810560946223 vs. 2.3448810560946223
list:
dist: 1.488462615308252 vs. 1.488462615308252
list:
dist: 2.5814497652067008 vs. 2.5814497652067008
list:
dist: 2.789242238370119 vs. 2.789242238370119
list:
dist: 2.1058755933096993 vs. 2.1058755933096993
list:
dist: 1.5294790103009608 vs. 1.5294790103009608
list:
dist: 2.2307588680968427 vs. 2.2307588680968427
list:
dist: 1.4054354445754076 vs. 1.4054354445754076
list:
dist: 1.175337150603754 vs. 1.175337150603754
list:
dist: 2.319385926561269 vs. 2.319385926561269
list:
dist: 1.3344395281174086 vs. 1.3344395281174086
list:
dist: 1.2082270536144302 vs. 1.2082270536144302
list:
dist: 1.1408017954729088 vs. 1.1408017954729088
list:
dist: 1.2866583675860568 vs. 1.2866583675860568
list:
dist: 2.375683853509167 vs. 2.375683853509167
list:
dist: 1.8640903092484264 vs. 1.8640903092484264
list:
dist: 2.453819219739819 vs. 2.453819219739819
list:
dist: 2.3421385467099243 vs. 2.3421385467099243
list:
dist: 1.6651302317660988 vs. 1.6651302317660988
list:
dist: 2.0873117159176813 vs. 2.0873117159176813
list:
dist: 1.9050401915533852 vs. 1.9050401915533852
list:
dist: 3.2021619559491024 vs. 3.2021619559491024
list:
dist: 2.6214767645154504 vs. 2.6214767645154504
list:
dist: 1.6284814728570685 vs. 1.6284814728570685
list:
dist: 3.594981339286595 vs. 3.594981339286595
list:
dist: 2.2397805500046304 vs. 2.2397805500046304
list:
dist: 2.530082589037634 vs. 2.530082589037634
list:
dist: 2.1847424606268637 vs. 2.1847424606268637
list:
dist: 3.2265781281307904 vs. 3.2265781281307904
list:
dist: 1.7388914264981474 vs. 1.7388914264981474
list:
dist: 3.468668998171652 vs. 3.468668998171652
list:
dist: 2.387654032031258 vs. 2.387654032031258
list:
dist: 3.366231223883095 vs. 3.366231223883095
list:
dist: 3.397913955898501 vs. 3.397913955898501
list:
dist: 3.108490584746932 vs. 3.108490584746932
list:
dist: 2.01200972477647 vs. 2.01200972477647
list:
dist: 2.4409294047853964 vs. 2.4409294047853964
list:
dist: 1.680127333447303 vs. 1.680127333447303
list:
dist: 3.6486568242182225 vs. 3.6486568242182225
list:
dist: 1.3551297866450582 vs. 1.3551297866450582
list:
dist: 2.248092613019423 vs. 2.248092613019423
list:
dist: 1.7293651906170466 vs. 1.7293651906170466
list:
dist: 3.2833765530382992 vs. 3.2833765530382992
list:
dist: 0.465906762721221 vs. 0.465906762721221
list:
dist: 2.353138676643924 vs. 2.353138676643924
list:
dist: 2.724076248143286 vs. 2.724076248143286
list:
dist: 1.7943852820610433 vs. 1.7943852820610433
list:
dist: 2.07582587211023 vs. 2.07582587211023
list:
dist: 1.390787093162887 vs. 1.390787093162887
list:
dist: 3.2776518951186566 vs. 3.2776518951186566
list:
dist: 0.8902497274508774 vs. 0.8902497274508774
list:
dist: 1.7883062165898524 vs. 1.7883062165898524
list:
dist: 1.676897367140204 vs. 1.676897367140204
list:
dist: 3.430814340197851 vs. 3.430814340197851
list:
dist: 0.465906762721221 vs. 0.465906762721221
list:
dist: 2.614864092310388 vs. 2.614864092310388
list:
dist: 2.55489798804177 vs. 2.55489798804177
list:
dist: 3.0478784320085617 vs. 3.0478784320085617
list:
dist: 2.2395289730199304 vs. 2.2395289730199304
list:
dist: 1.5226677453994708 vs. 1.5226677453994708
list:
dist: 2.4026788672036 vs. 2.4026788672036
list:
dist: 2.3806969642535853 vs. 2.3806969642535853
list:
dist: 1.2082270536144302 vs. 1.2082270536144302
list:
dist: 1.742695512054597 vs. 1.742695512054597
list:
dist: 0.768961725269434 vs. 0.768961725269434
list:
dist: 1.5125403486896443 vs. 1.5125403486896443
list:
dist: 0.9529614461997625 vs. 0.9529614461997625
list:
dist: 1.3518973911381542 vs. 1.3518973911381542
list:
dist: 1.329512435330988 vs. 1.329512435330988
list:
dist: 0.9580601712161794 vs. 0.9580601712161794
list:
dist: 1.601958538759318 vs. 1.601958538759318
list:
dist: 1.5394032151316985 vs. 1.5394032151316985
list:
dist: 2.413712712254815 vs. 2.413712712254815
list:
dist: 2.057870155105355 vs. 2.057870155105355
list:
dist: 1.5066884932624176 vs. 1.5066884932624176
list:
dist: 2.6228460661794526 vs. 2.6228460661794526
list:
dist: 1.248739312083126 vs. 1.248739312083126
list:
dist: 1.772198783644883 vs. 1.772198783644883
list:
dist: 1.0916156521462623 vs. 1.0916156521462623
list:
dist: 2.5541761011623594 vs. 2.5541761011623594
list:
dist: 1.2341377660043666 vs. 1.2341377660043666
list:
dist: 2.4182365306178295 vs. 2.4182365306178295
list:
dist: 1.2794210373213462 vs. 1.2794210373213462
list:
dist: 2.169306300195289 vs. 2.169306300195289
list:
dist: 2.2976219045324418 vs. 2.2976219045324418
list:
dist: 1.5615369448114393 vs. 1.5615369448114393
list:
dist: 1.9035810000498101 vs. 1.9035810000498101
list:
dist: 1.8411676665892722 vs. 1.8411676665892722
list:
dist: 2.2305408733607734 vs. 2.2305408733607734
list:
dist: 1.2014213218684069 vs. 1.2014213218684069
list:
dist: 1.5294790103009608 vs. 1.5294790103009608
list:
dist: 2.55489798804177 vs. 2.55489798804177
list:
dist: 1.0278311623714294 vs. 1.0278311623714294
list:
dist: 2.192185454251741 vs. 2.192185454251741
list:
dist: 3.15882651484325 vs. 3.15882651484325
list:
dist: 3.15882651484325 vs. 3.15882651484325
list:
dist: 3.3671895595016066 vs. 3.3671895595016066
list:
dist: 3.177725177401676 vs. 3.177725177401676
list:
dist: 2.057706516573924 vs. 2.057706516573924
list:
dist: 1.9071098975256908 vs. 1.9071098975256908
list:
dist: 3.4217989148571135 vs. 3.4217989148571135
list:
dist: 2.375683853509167 vs. 2.375683853509167
list:
dist: 1.5125403486896443 vs. 1.5125403486896443
list:
dist: 2.185932102152503 vs. 2.185932102152503
list:
dist: 1.1631055039171634 vs. 1.1631055039171634
list:
dist: 1.0039573087284384 vs. 1.0039573087284384
list:
dist: 1.5733177083719754 vs. 1.5733177083719754
list:
dist: 1.8871489003894713 vs. 1.8871489003894713
list:
dist: 1.4633190914558116 vs. 1.4633190914558116
list:
dist: 2.125698138938113 vs. 2.125698138938113
list:
dist: 2.346233720470725 vs. 2.346233720470725
list:
dist: 2.6545548543301236 vs. 2.6545548543301236
list:
dist: 1.8815347655532977 vs. 1.8815347655532977
list:
dist: 1.8588871599359262 vs. 1.8588871599359262
list:
dist: 2.0436416073367276 vs. 2.0436416073367276
list:
dist: 0.6637817347628029 vs. 0.6637817347628029
list:
dist: 0.9948064001397866 vs. 0.9948064001397866
list:
dist: 0.85301305784887 vs. 0.85301305784887
list:
dist: 1.7960151356907699 vs. 1.7960151356907699
list:
dist: 1.1521465039486927 vs. 1.1521465039486927
list:
dist: 2.851486015245941 vs. 2.851486015245941
list:
dist: 1.783402532002477 vs. 1.783402532002477
list:
dist: 1.7504749666506116 vs. 1.7504749666506116
list:
dist: 1.2469906642071165 vs. 1.2469906642071165
list:
dist: 1.9035810000498101 vs. 1.9035810000498101
list:
dist: 1.589912918593818 vs. 1.589912918593818
list:
dist: 1.1715686680445694 vs. 1.1715686680445694
list:
dist: 2.4594302365818224 vs. 2.4594302365818224
list:
dist: 2.1494658267697853 vs. 2.1494658267697853
list:
dist: 1.4054354445754076 vs. 1.4054354445754076
list:
dist: 2.2395289730199304 vs. 2.2395289730199304
list:
dist: 2.072671023395318 vs. 2.072671023395318
list:
dist: 2.381271801070289 vs. 2.381271801070289
list:
dist: 3.177725177401676 vs. 3.177725177401676
list:
dist: 2.459633690017568 vs. 2.459633690017568
list:
dist: 3.0375457333730074 vs. 3.0375457333730074
list:
dist: 2.8537566046131837 vs. 2.8537566046131837
list:
dist: 2.0728194750252533 vs. 2.0728194750252533
list:
dist: 2.029971906256956 vs. 2.029971906256956
list:
dist: 1.8289751077430711 vs. 1.8289751077430711
list:
dist: 3.2171878758036248 vs. 3.2171878758036248
list:
dist: 2.547604330365798 vs. 2.547604330365798
list:
dist: 1.557243958626541 vs. 1.557243958626541
list:
dist: 3.849578805198646 vs. 3.849578805198646
list:
dist: 2.9036375371978953 vs. 2.9036375371978953
list:
dist: 2.887296044107556 vs. 2.887296044107556
list:
dist: 2.9153580663907928 vs. 2.9153580663907928
list:
dist: 3.277473333361029 vs. 3.277473333361029
list:
dist: 2.1329768668236024 vs. 2.1329768668236024
list:
dist: 2.192185454251741 vs. 2.192185454251741
list:
dist: 2.761485715158948 vs. 2.761485715158948
list:
dist: 2.381271801070289 vs. 2.381271801070289
list:
dist: 1.4432036693658434 vs. 1.4432036693658434
list:
dist: 1.8741879675176252 vs. 1.8741879675176252
list:
dist: 2.272404169043605 vs. 2.272404169043605
list:
dist: 1.2866583675860568 vs. 1.2866583675860568
list:
dist: 0.768961725269434 vs. 0.768961725269434
list:
dist: 1.2216924187158231 vs. 1.2216924187158231
list:
dist: 1.1631055039171634 vs. 1.1631055039171634
list:
dist: 1.1098406954107856 vs. 1.1098406954107856
list:
dist: 1.8171881116806412 vs. 1.8171881116806412
list:
dist: 1.9238917467171108 vs. 1.9238917467171108
list:
dist: 1.2897726293181297 vs. 1.2897726293181297
list:
dist: 2.0224086940336816 vs. 2.0224086940336816
list:
dist: 2.053917485473116 vs. 2.053917485473116
list:
dist: 2.9158801167779163 vs. 2.9158801167779163
list:
dist: 2.209267847272002 vs. 2.209267847272002
list:
dist: 1.5828559961985929 vs. 1.5828559961985929
list:
dist: 2.827412303817522 vs. 2.827412303817522
list:
dist: 1.253232300264126 vs. 1.253232300264126
list:
dist: 1.6809417429411495 vs. 1.6809417429411495
list:
dist: 1.2489806134213608 vs. 1.2489806134213608
list:
dist: 2.521595088631114 vs. 2.521595088631114
list:
dist: 1.1312347593020213 vs. 1.1312347593020213
list:
dist: 3.0305007103101254 vs. 3.0305007103101254
list:
dist: 1.853343753757485 vs. 1.853343753757485
list:
dist: 2.4220752253480953 vs. 2.4220752253480953
list:
dist: 2.267652726447273 vs. 2.267652726447273
list:
dist: 1.2014213218684069 vs. 1.2014213218684069
list:
dist: 2.575192126050152 vs. 2.575192126050152
list:
dist: 2.1494658267697853 vs. 2.1494658267697853
list:
dist: 2.3014643450713668 vs. 2.3014643450713668
list:
dist: 3.112657763314361 vs. 3.112657763314361
list:
dist: 1.3344395281174086 vs. 1.3344395281174086
list:
dist: 2.3806969642535853 vs. 2.3806969642535853
list:
dist: 1.477427670860971 vs. 1.477427670860971
list:
dist: 2.272404169043605 vs. 2.272404169043605
list:
dist: 3.4217989148571135 vs. 3.4217989148571135
list:
dist: 3.458487714297819 vs. 3.458487714297819
list:
dist: 3.277473333361029 vs. 3.277473333361029
list:
dist: 2.325934383464874 vs. 2.325934383464874
list:
dist: 2.173358530823364 vs. 2.173358530823364
list:
dist: 3.2265781281307904 vs. 3.2265781281307904
list:
dist: 2.5541761011623594 vs. 2.5541761011623594
list:
dist: 3.297615568483149 vs. 3.297615568483149
list:
dist: 2.521595088631114 vs. 2.521595088631114
list:
dist: 1.7960151356907699 vs. 1.7960151356907699
list:
dist: 1.6088064014461503 vs. 1.6088064014461503
list:
dist: 1.9070823693345433 vs. 1.9070823693345433
list:
dist: 2.1259040564966845 vs. 2.1259040564966845
list:
dist: 1.7326677986325094 vs. 1.7326677986325094
list:
dist: 1.7442243041294836 vs. 1.7442243041294836
list:
dist: 2.141567998669578 vs. 2.141567998669578
list:
dist: 1.918051769165684 vs. 1.918051769165684
list:
dist: 0.8656240777100098 vs. 0.8656240777100098
list:
dist: 1.7570164947543452 vs. 1.7570164947543452
list:
dist: 1.1873770450455152 vs. 1.1873770450455152
list:
dist: 1.5078535979870586 vs. 1.5078535979870586
list:
dist: 0.8616337954380073 vs. 0.8616337954380073
list:
dist: 1.7295632163804058 vs. 1.7295632163804058
list:
dist: 1.512892482564616 vs. 1.512892482564616
list:
dist: 3.055117257129002 vs. 3.055117257129002
list:
dist: 2.251761908765406 vs. 2.251761908765406
list:
dist: 2.2822901247396223 vs. 2.2822901247396223
list:
dist: 1.8403211595370066 vs. 1.8403211595370066
list:
dist: 2.280046916274584 vs. 2.280046916274584
list:
dist: 2.8409303699548074 vs. 2.8409303699548074
list:
dist: 2.0728194750252533 vs. 2.0728194750252533
list:
dist: 1.2340449388754617 vs. 1.2340449388754617
list:
dist: 2.0944630101601187 vs. 2.0944630101601187
list:
dist: 1.6651302317660988 vs. 1.6651302317660988
list:
dist: 0.9580601712161794 vs. 0.9580601712161794
list:
dist: 2.159447289055584 vs. 2.159447289055584
list:
dist: 1.2897726293181297 vs. 1.2897726293181297
list:
dist: 1.4633190914558116 vs. 1.4633190914558116
list:
dist: 0.4789944998820398 vs. 0.4789944998820398
list:
dist: 1.0455263592366784 vs. 1.0455263592366784
list:
dist: 1.0339586607203206 vs. 1.0339586607203206
list:
dist: 0.7534966448872988 vs. 0.7534966448872988
list:
dist: 0.8911776064011256 vs. 0.8911776064011256
list:
dist: 1.701777108984008 vs. 1.701777108984008
list:
dist: 1.113458747217243 vs. 1.113458747217243
list:
dist: 0.8093828724376839 vs. 0.8093828724376839
list:
dist: 1.9435542212136054 vs. 1.9435542212136054
list:
dist: 0.9377035998861697 vs. 0.9377035998861697
list:
dist: 1.1202276535563347 vs. 1.1202276535563347
list:
dist: 0.9096430586056977 vs. 0.9096430586056977
list:
dist: 1.7326677986325094 vs. 1.7326677986325094
list:
dist: 0.6624020616443703 vs. 0.6624020616443703
list:
dist: 3.122023043524263 vs. 3.122023043524263
list:
dist: 2.3368145852374926 vs. 2.3368145852374926
list:
dist: 1.1791359525144653 vs. 1.1791359525144653
list:
dist: 2.0644845197897617 vs. 2.0644845197897617
list:
dist: 2.0895519914197065 vs. 2.0895519914197065
list:
dist: 2.205366666613714 vs. 2.205366666613714
list:
dist: 2.1251657435883056 vs. 2.1251657435883056
list:
dist: 1.557243958626541 vs. 1.557243958626541
list:
dist: 0.6650825451404018 vs. 0.6650825451404018
list:
dist: 1.6236041407419797 vs. 1.6236041407419797
list:
dist: 1.6284814728570685 vs. 1.6284814728570685
list:
dist: 1.5066884932624176 vs. 1.5066884932624176
list:
dist: 1.9998489652521707 vs. 1.9998489652521707
list:
dist: 1.5828559961985929 vs. 1.5828559961985929
list:
dist: 1.8588871599359262 vs. 1.8588871599359262
list:
dist: 1.1187952315807044 vs. 1.1187952315807044
list:
dist: 1.8224042717063285 vs. 1.8224042717063285
list:
dist: 1.7918903490498421 vs. 1.7918903490498421
list:
dist: 0.8093828724376839 vs. 0.8093828724376839
list:
dist: 0.935947835231019 vs. 0.935947835231019
list:
dist: 1.0701100507056993 vs. 1.0701100507056993
list:
dist: 2.1192227256639047 vs. 2.1192227256639047
list:
dist: 1.0937120490566745 vs. 1.0937120490566745
list:
dist: 2.3747823327840547 vs. 2.3747823327840547
list:
dist: 1.5078408502016323 vs. 1.5078408502016323
list:
dist: 1.3458711583801823 vs. 1.3458711583801823
list:
dist: 1.6022677491856119 vs. 1.6022677491856119
list:
dist: 1.7570164947543452 vs. 1.7570164947543452
list:
dist: 0.7076235189332157 vs. 0.7076235189332157
list:
dist: 3.373451210302938 vs. 3.373451210302938
list:
dist: 3.086465428360105 vs. 3.086465428360105
list:
dist: 1.9768290660486059 vs. 1.9768290660486059
list:
dist: 2.798742969900503 vs. 2.798742969900503
list:
dist: 2.661676982839203 vs. 2.661676982839203
list:
dist: 2.7723917987266766 vs. 2.7723917987266766
list:
dist: 1.5615369448114393 vs. 1.5615369448114393
list:
dist: 1.589912918593818 vs. 1.589912918593818
list:
dist: 1.6225308188407686 vs. 1.6225308188407686
list:
dist: 1.7927933213727882 vs. 1.7927933213727882
list:
dist: 2.575192126050152 vs. 2.575192126050152
list:
dist: 2.2307588680968427 vs. 2.2307588680968427
list:
dist: 3.0478784320085617 vs. 3.0478784320085617
list:
dist: 2.0000521044101265 vs. 2.0000521044101265
list:
dist: 2.761485715158948 vs. 2.761485715158948
list:
dist: 3.3671895595016066 vs. 3.3671895595016066
list:
dist: 3.0479013178229133 vs. 3.0479013178229133
list:
dist: 3.881402121515184 vs. 3.881402121515184
list:
dist: 3.84442186401541 vs. 3.84442186401541
list:
dist: 2.8409303699548074 vs. 2.8409303699548074
list:
dist: 2.977712397502707 vs. 2.977712397502707
list:
dist: 2.9668721054252853 vs. 2.9668721054252853
list:
dist: 4.1847841664123875 vs. 4.1847841664123875
list:
dist: 3.040706605764346 vs. 3.040706605764346
list:
dist: 2.1251657435883056 vs. 2.1251657435883056
list:
dist: 4.387135332198555 vs. 4.387135332198555
list:
dist: 3.3578689740470686 vs. 3.3578689740470686
list:
dist: 3.148326508661499 vs. 3.148326508661499
list:
dist: 3.4958962848369945 vs. 3.4958962848369945
list:
dist: 3.458487714297819 vs. 3.458487714297819
list:
dist: 2.4970444164356835 vs. 2.4970444164356835
list:
dist: 3.881402121515184 vs. 3.881402121515184
list:
dist: 3.0375457333730074 vs. 3.0375457333730074
list:
dist: 2.2729082917368646 vs. 2.2729082917368646
list:
dist: 2.928002131586089 vs. 2.928002131586089
list:
dist: 2.453819219739819 vs. 2.453819219739819
list:
dist: 1.3518973911381542 vs. 1.3518973911381542
list:
dist: 2.9523743311559354 vs. 2.9523743311559354
list:
dist: 1.8171881116806412 vs. 1.8171881116806412
list:
dist: 1.5733177083719754 vs. 1.5733177083719754
list:
dist: 0.9241052283631349 vs. 0.9241052283631349
list:
dist: 0.40034144521009846 vs. 0.40034144521009846
list:
dist: 1.0455263592366784 vs. 1.0455263592366784
list:
dist: 1.3166130923319332 vs. 1.3166130923319332
list:
dist: 1.4572661941652758 vs. 1.4572661941652758
list:
dist: 1.3458825545492612 vs. 1.3458825545492612
list:
dist: 1.543733492674427 vs. 1.543733492674427
list:
dist: 1.8224042717063285 vs. 1.8224042717063285
list:
dist: 1.4426795940027934 vs. 1.4426795940027934
list:
dist: 0.9613008596022647 vs. 0.9613008596022647
list:
dist: 1.3955569047888465 vs. 1.3955569047888465
list:
dist: 0.7339900567752288 vs. 0.7339900567752288
list:
dist: 1.9070823693345433 vs. 1.9070823693345433
list:
dist: 1.4997574328648697 vs. 1.4997574328648697
list:
dist: 2.8901492033852016 vs. 2.8901492033852016
list:
dist: 1.401013609424171 vs. 1.401013609424171
list:
dist: 0.3536963467742266 vs. 0.3536963467742266
list:
dist: 1.1337857417963986 vs. 1.1337857417963986
list:
dist: 1.5241778685352005 vs. 1.5241778685352005
list:
dist: 1.4536723604385666 vs. 1.4536723604385666
list:
dist: 2.977712397502707 vs. 2.977712397502707
list:
dist: 2.029971906256956 vs. 2.029971906256956
list:
dist: 1.507253178832845 vs. 1.507253178832845
list:
dist: 2.4910887238758845 vs. 2.4910887238758845
list:
dist: 2.0873117159176813 vs. 2.0873117159176813
list:
dist: 1.601958538759318 vs. 1.601958538759318
list:
dist: 2.738520449014299 vs. 2.738520449014299
list:
dist: 2.0224086940336816 vs. 2.0224086940336816
list:
dist: 2.125698138938113 vs. 2.125698138938113
list:
dist: 1.1577669771018522 vs. 1.1577669771018522
list:
dist: 1.3166130923319332 vs. 1.3166130923319332
list:
dist: 1.1595392930941508 vs. 1.1595392930941508
list:
dist: 0.7534966448872988 vs. 0.7534966448872988
list:
dist: 0.4002775247676413 vs. 0.4002775247676413
list:
dist: 1.2420152027529634 vs. 1.2420152027529634
list:
dist: 0.9081376956889792 vs. 0.9081376956889792
list:
dist: 0.935947835231019 vs. 0.935947835231019
list:
dist: 1.9068390058785327 vs. 1.9068390058785327
list:
dist: 1.5355529602888531 vs. 1.5355529602888531
list:
dist: 1.4881516286182916 vs. 1.4881516286182916
list:
dist: 1.5100640195120434 vs. 1.5100640195120434
list:
dist: 1.7442243041294836 vs. 1.7442243041294836
list:
dist: 1.2178726985964992 vs. 1.2178726985964992
list:
dist: 2.4821396418368287 vs. 2.4821396418368287
list:
dist: 2.3390712286601785 vs. 2.3390712286601785
list:
dist: 1.44152842260373 vs. 1.44152842260373
list:
dist: 2.39323179367777 vs. 2.39323179367777
list:
dist: 2.5164825578581977 vs. 2.5164825578581977
list:
dist: 1.9445278797029883 vs. 1.9445278797029883
list:
dist: 3.040706605764346 vs. 3.040706605764346
list:
dist: 2.547604330365798 vs. 2.547604330365798
list:
dist: 1.7475942389932277 vs. 1.7475942389932277
list:
dist: 2.1447393665114247 vs. 2.1447393665114247
list:
dist: 2.6214767645154504 vs. 2.6214767645154504
list:
dist: 2.057870155105355 vs. 2.057870155105355
list:
dist: 2.94374214818191 vs. 2.94374214818191
list:
dist: 2.209267847272002 vs. 2.209267847272002
list:
dist: 1.8815347655532977 vs. 1.8815347655532977
list:
dist: 1.228187721707287 vs. 1.228187721707287
list:
dist: 1.543733492674427 vs. 1.543733492674427
list:
dist: 1.6132391754051367 vs. 1.6132391754051367
list:
dist: 1.113458747217243 vs. 1.113458747217243
list:
dist: 0.9081376956889792 vs. 0.9081376956889792
list:
dist: 1.30365258745698 vs. 1.30365258745698
list:
dist: 1.4233239236756472 vs. 1.4233239236756472
list:
dist: 1.0937120490566745 vs. 1.0937120490566745
list:
dist: 1.422555412128431 vs. 1.422555412128431
list:
dist: 1.389599592513155 vs. 1.389599592513155
list:
dist: 0.9444787593646682 vs. 0.9444787593646682
list:
dist: 1.5215778466370473 vs. 1.5215778466370473
list:
dist: 0.8656240777100098 vs. 0.8656240777100098
list:
dist: 1.1257448792840294 vs. 1.1257448792840294
list:
dist: 2.9215696129341606 vs. 2.9215696129341606
list:
dist: 2.7126511966518216 vs. 2.7126511966518216
list:
dist: 1.8273362850464352 vs. 1.8273362850464352
list:
dist: 2.3267715795143538 vs. 2.3267715795143538
list:
dist: 2.163536494329151 vs. 2.163536494329151
list:
dist: 2.0273063784837966 vs. 2.0273063784837966
list:
dist: 3.0479013178229133 vs. 3.0479013178229133
list:
dist: 2.459633690017568 vs. 2.459633690017568
list:
dist: 1.485457065009437 vs. 1.485457065009437
list:
dist: 2.0221521029695997 vs. 2.0221521029695997
list:
dist: 1.8640903092484264 vs. 1.8640903092484264
list:
dist: 0.9529614461997625 vs. 0.9529614461997625
list:
dist: 2.151836474953175 vs. 2.151836474953175
list:
dist: 1.1098406954107856 vs. 1.1098406954107856
list:
dist: 1.0039573087284384 vs. 1.0039573087284384
list:
dist: 0.9241052283631349 vs. 0.9241052283631349
list:
dist: 1.0878298955051133 vs. 1.0878298955051133
list:
dist: 0.4789944998820398 vs. 0.4789944998820398
list:
dist: 1.1577669771018522 vs. 1.1577669771018522
list:
dist: 1.3474575753278755 vs. 1.3474575753278755
list:
dist: 1.8635862240731398 vs. 1.8635862240731398
list:
dist: 1.228187721707287 vs. 1.228187721707287
list:
dist: 1.1187952315807044 vs. 1.1187952315807044
list:
dist: 1.7778358654564674 vs. 1.7778358654564674
list:
dist: 0.4697881260109452 vs. 0.4697881260109452
list:
dist: 0.8437726586383383 vs. 0.8437726586383383
list:
dist: 0.48541765410956245 vs. 0.48541765410956245
list:
dist: 1.6088064014461503 vs. 1.6088064014461503
list:
dist: 0.6091331947920308 vs. 0.6091331947920308
list:
dist: 3.4236394613597416 vs. 3.4236394613597416
list:
dist: 2.311619707028296 vs. 2.311619707028296
list:
dist: 1.1214874307652898 vs. 1.1214874307652898
list:
dist: 1.744329235291467 vs. 1.744329235291467
list:
dist: 1.6623554316401588 vs. 1.6623554316401588
list:
dist: 2.225876549611345 vs. 2.225876549611345
list:
dist: 2.4970444164356835 vs. 2.4970444164356835
list:
dist: 2.1329768668236024 vs. 2.1329768668236024
list:
dist: 1.0336079749105487 vs. 1.0336079749105487
list:
dist: 1.45970152357969 vs. 1.45970152357969
list:
dist: 1.7388914264981474 vs. 1.7388914264981474
list:
dist: 1.2341377660043666 vs. 1.2341377660043666
list:
dist: 1.8661222544037304 vs. 1.8661222544037304
list:
dist: 1.1312347593020213 vs. 1.1312347593020213
list:
dist: 1.1521465039486927 vs. 1.1521465039486927
list:
dist: 0.6091331947920308 vs. 0.6091331947920308
list:
dist: 1.4997574328648697 vs. 1.4997574328648697
list:
dist: 1.614654095754759 vs. 1.614654095754759
list:
dist: 0.6624020616443703 vs. 0.6624020616443703
list:
dist: 1.2178726985964992 vs. 1.2178726985964992
list:
dist: 1.4286754102900452 vs. 1.4286754102900452
list:
dist: 2.170113144204773 vs. 2.170113144204773
list:
dist: 1.1257448792840294 vs. 1.1257448792840294
list:
dist: 0.7076235189332157 vs. 0.7076235189332157
list:
dist: 2.0697528859485095 vs. 2.0697528859485095
list:
dist: 0.8840217251720226 vs. 0.8840217251720226
list:
dist: 0.8195056536595081 vs. 0.8195056536595081
list:
dist: 1.0437556850354572 vs. 1.0437556850354572
list:
dist: 1.512892482564616 vs. 1.512892482564616
list:
dist: 2.88318434548819 vs. 2.88318434548819
list:
dist: 1.7027270140101525 vs. 1.7027270140101525
list:
dist: 2.2959584854017856 vs. 2.2959584854017856
list:
dist: 2.045802622102577 vs. 2.045802622102577
list:
dist: 2.6595426721808875 vs. 2.6595426721808875
list:
dist: 3.3578689740470686 vs. 3.3578689740470686
list:
dist: 2.9036375371978953 vs. 2.9036375371978953
list:
dist: 1.8683624780625319 vs. 1.8683624780625319
list:
dist: 2.105833467725265 vs. 2.105833467725265
list:
dist: 2.2397805500046304 vs. 2.2397805500046304
list:
dist: 1.248739312083126 vs. 1.248739312083126
list:
dist: 2.3659123151250885 vs. 2.3659123151250885
list:
dist: 1.253232300264126 vs. 1.253232300264126
list:
dist: 0.6637817347628029 vs. 0.6637817347628029
list:
dist: 0.4697881260109452 vs. 0.4697881260109452
list:
dist: 0.9613008596022647 vs. 0.9613008596022647
list:
dist: 1.2643557798047802 vs. 1.2643557798047802
list:
dist: 0.9377035998861697 vs. 0.9377035998861697
list:
dist: 1.5355529602888531 vs. 1.5355529602888531
list:
dist: 1.7691467907185991 vs. 1.7691467907185991
list:
dist: 2.0034603100421062 vs. 2.0034603100421062
list:
dist: 1.389599592513155 vs. 1.389599592513155
list:
dist: 1.5078408502016323 vs. 1.5078408502016323
list:
dist: 1.5907866103334691 vs. 1.5907866103334691
list:
dist: 0.7024146515827857 vs. 0.7024146515827857
list:
dist: 0.301799734799559 vs. 0.301799734799559
list:
dist: 1.5078535979870586 vs. 1.5078535979870586
list:
dist: 0.8840217251720226 vs. 0.8840217251720226
list:
dist: 2.3200879204010003 vs. 2.3200879204010003
list:
dist: 1.2146904982411673 vs. 1.2146904982411673
list:
dist: 1.4486647690068395 vs. 1.4486647690068395
list:
dist: 1.2158928339515302 vs. 1.2158928339515302
list:
dist: 2.22514383709115 vs. 2.22514383709115
list:
dist: 3.148326508661499 vs. 3.148326508661499
list:
dist: 2.887296044107556 vs. 2.887296044107556
list:
dist: 1.8162265651912546 vs. 1.8162265651912546
list:
dist: 1.7949925040087904 vs. 1.7949925040087904
list:
dist: 2.530082589037634 vs. 2.530082589037634
list:
dist: 1.772198783644883 vs. 1.772198783644883
list:
dist: 2.5689865659173106 vs. 2.5689865659173106
list:
dist: 1.6809417429411495 vs. 1.6809417429411495
list:
dist: 0.9948064001397866 vs. 0.9948064001397866
list:
dist: 0.8437726586383383 vs. 0.8437726586383383
list:
dist: 1.3955569047888465 vs. 1.3955569047888465
list:
dist: 1.6559340692999398 vs. 1.6559340692999398
list:
dist: 1.1202276535563347 vs. 1.1202276535563347
list:
dist: 1.4881516286182916 vs. 1.4881516286182916
list:
dist: 1.8249916910306545 vs. 1.8249916910306545
list:
dist: 1.975248427690283 vs. 1.975248427690283
list:
dist: 0.9444787593646682 vs. 0.9444787593646682
list:
dist: 1.3458711583801823 vs. 1.3458711583801823
list:
dist: 1.4053064580231045 vs. 1.4053064580231045
list:
dist: 0.7024146515827857 vs. 0.7024146515827857
list:
dist: 0.9700257188241797 vs. 0.9700257188241797
list:
dist: 0.8616337954380073 vs. 0.8616337954380073
list:
dist: 0.8195056536595081 vs. 0.8195056536595081
list:
dist: 2.7389072015576357 vs. 2.7389072015576357
list:
dist: 1.7135805041447834 vs. 1.7135805041447834
list:
dist: 1.874637397081998 vs. 1.874637397081998
list:
dist: 1.4462655244024727 vs. 1.4462655244024727
list:
dist: 2.3157738864838655 vs. 2.3157738864838655
list:
dist: 2.2305408733607734 vs. 2.2305408733607734
list:
dist: 1.7927933213727882 vs. 1.7927933213727882
list:
dist: 2.4594302365818224 vs. 2.4594302365818224
list:
dist: 1.462998475885216 vs. 1.462998475885216
list:
dist: 3.112657763314361 vs. 3.112657763314361
list:
dist: 2.319385926561269 vs. 2.319385926561269
list:
dist: 2.4026788672036 vs. 2.4026788672036
list:
dist: 1.7477253150831902 vs. 1.7477253150831902
list:
dist: 1.8741879675176252 vs. 1.8741879675176252
list:
dist: 1.9071098975256908 vs. 1.9071098975256908
list:
dist: 2.0221521029695997 vs. 2.0221521029695997
list:
dist: 2.928002131586089 vs. 2.928002131586089
list:
dist: 3.0734952412445202 vs. 3.0734952412445202
list:
dist: 2.0944630101601187 vs. 2.0944630101601187
list:
dist: 2.4910887238758845 vs. 2.4910887238758845
list:
dist: 2.6820861728093734 vs. 2.6820861728093734
list:
dist: 3.4898474455908914 vs. 3.4898474455908914
list:
dist: 2.1447393665114247 vs. 2.1447393665114247
list:
dist: 1.6236041407419797 vs. 1.6236041407419797
list:
dist: 3.1592795240390763 vs. 3.1592795240390763
list:
dist: 2.105833467725265 vs. 2.105833467725265
list:
dist: 1.7949925040087904 vs. 1.7949925040087904
list:
dist: 2.3451999891581523 vs. 2.3451999891581523
list:
dist: 2.173358530823364 vs. 2.173358530823364
list:
dist: 1.45970152357969 vs. 1.45970152357969
list:
dist: 3.366231223883095 vs. 3.366231223883095
list:
dist: 2.169306300195289 vs. 2.169306300195289
list:
dist: 3.6395839768896536 vs. 3.6395839768896536
list:
dist: 2.4220752253480953 vs. 2.4220752253480953
list:
dist: 1.7504749666506116 vs. 1.7504749666506116
list:
dist: 1.744329235291467 vs. 1.744329235291467
list:
dist: 1.1337857417963986 vs. 1.1337857417963986
list:
dist: 1.4610155325822713 vs. 1.4610155325822713
list:
dist: 2.0644845197897617 vs. 2.0644845197897617
list:
dist: 2.39323179367777 vs. 2.39323179367777
list:
dist: 2.5814497652067008 vs. 2.5814497652067008
list:
dist: 2.0546590808354033 vs. 2.0546590808354033
list:
dist: 2.3267715795143538 vs. 2.3267715795143538
list:
dist: 2.798742969900503 vs. 2.798742969900503
list:
dist: 1.4715665706491674 vs. 1.4715665706491674
list:
dist: 1.4486647690068395 vs. 1.4486647690068395
list:
dist: 1.874637397081998 vs. 1.874637397081998
list:
dist: 1.2994775313534677 vs. 1.2994775313534677
list:
dist: 2.2822901247396223 vs. 2.2822901247396223
list:
dist: 2.2959584854017856 vs. 2.2959584854017856
list:
dist: 1.5024333077087402 vs. 1.5024333077087402
list:
dist: 1.246641410799902 vs. 1.246641410799902
list:
dist: 0.9078791996856117 vs. 0.9078791996856117
list:
dist: 1.6991222953984972 vs. 1.6991222953984972
list:
dist: 2.387654032031258 vs. 2.387654032031258
list:
dist: 1.2794210373213462 vs. 1.2794210373213462
list:
dist: 2.9771094994726086 vs. 2.9771094994726086
list:
dist: 1.853343753757485 vs. 1.853343753757485
list:
dist: 1.783402532002477 vs. 1.783402532002477
list:
dist: 1.1214874307652898 vs. 1.1214874307652898
list:
dist: 0.3536963467742266 vs. 0.3536963467742266
list:
dist: 0.31766001876805755 vs. 0.31766001876805755
list:
dist: 1.1791359525144653 vs. 1.1791359525144653
list:
dist: 1.44152842260373 vs. 1.44152842260373
list:
dist: 1.488462615308252 vs. 1.488462615308252
list:
dist: 1.4748350892399171 vs. 1.4748350892399171
list:
dist: 1.8273362850464352 vs. 1.8273362850464352
list:
dist: 1.9768290660486059 vs. 1.9768290660486059
list:
dist: 1.7567847620063686 vs. 1.7567847620063686
list:
dist: 1.2146904982411673 vs. 1.2146904982411673
list:
dist: 1.7135805041447834 vs. 1.7135805041447834
list:
dist: 0.9435667841246083 vs. 0.9435667841246083
list:
dist: 2.251761908765406 vs. 2.251761908765406
list:
dist: 1.7027270140101525 vs. 1.7027270140101525
list:
dist: 2.8581692564127135 vs. 2.8581692564127135
list:
dist: 1.2170618574623817 vs. 1.2170618574623817
list:
dist: 1.246641410799902 vs. 1.246641410799902
list:
dist: 1.7693681131070969 vs. 1.7693681131070969
list:
dist: 1.5424152068281738 vs. 1.5424152068281738
list:
dist: 3.468668998171652 vs. 3.468668998171652
list:
dist: 2.4182365306178295 vs. 2.4182365306178295
list:
dist: 4.154838716884793 vs. 4.154838716884793
list:
dist: 3.0305007103101254 vs. 3.0305007103101254
list:
dist: 2.851486015245941 vs. 2.851486015245941
list:
dist: 2.311619707028296 vs. 2.311619707028296
list:
dist: 1.401013609424171 vs. 1.401013609424171
list:
dist: 1.3042637658124292 vs. 1.3042637658124292
list:
dist: 2.3368145852374926 vs. 2.3368145852374926
list:
dist: 2.3390712286601785 vs. 2.3390712286601785
list:
dist: 2.3448810560946223 vs. 2.3448810560946223
list:
dist: 1.686977564595688 vs. 1.686977564595688
list:
dist: 2.7126511966518216 vs. 2.7126511966518216
list:
dist: 3.086465428360105 vs. 3.086465428360105
list:
dist: 2.138266184928491 vs. 2.138266184928491
list:
dist: 2.3200879204010003 vs. 2.3200879204010003
list:
dist: 2.7389072015576357 vs. 2.7389072015576357
list:
dist: 2.0682591717182177 vs. 2.0682591717182177
list:
dist: 3.055117257129002 vs. 3.055117257129002
list:
dist: 2.88318434548819 vs. 2.88318434548819
list:
dist: 2.549622136217376 vs. 2.549622136217376
list:
dist: 1.2170618574623817 vs. 1.2170618574623817
list:
dist: 1.5024333077087402 vs. 1.5024333077087402
list:
dist: 2.359962530908458 vs. 2.359962530908458
list:
dist: 1.2361840397232269 vs. 1.2361840397232269
list:
dist: 2.225876549611345 vs. 2.225876549611345
list:
dist: 1.4536723604385666 vs. 1.4536723604385666
list:
dist: 1.426944985475096 vs. 1.426944985475096
list:
dist: 2.205366666613714 vs. 2.205366666613714
list:
dist: 1.9445278797029883 vs. 1.9445278797029883
list:
dist: 2.1058755933096993 vs. 2.1058755933096993
list:
dist: 0.8116576185600711 vs. 0.8116576185600711
list:
dist: 2.0273063784837966 vs. 2.0273063784837966
list:
dist: 2.7723917987266766 vs. 2.7723917987266766
list:
dist: 1.301030842175372 vs. 1.301030842175372
list:
dist: 2.22514383709115 vs. 2.22514383709115
list:
dist: 2.3157738864838655 vs. 2.3157738864838655
list:
dist: 2.099638076318347 vs. 2.099638076318347
list:
dist: 2.280046916274584 vs. 2.280046916274584
list:
dist: 2.6595426721808875 vs. 2.6595426721808875
list:
dist: 1.9943395456927477 vs. 1.9943395456927477
list:
dist: 1.2361840397232269 vs. 1.2361840397232269
list:
dist: 1.5424152068281738 vs. 1.5424152068281738
list:
dist: 1.6991222953984972 vs. 1.6991222953984972
list:
dist: 2.245464132875487 vs. 2.245464132875487
list:
dist: 3.397913955898501 vs. 3.397913955898501
list:
dist: 2.2976219045324418 vs. 2.2976219045324418
list:
dist: 3.4040571609634926 vs. 3.4040571609634926
list:
dist: 2.267652726447273 vs. 2.267652726447273
list:
dist: 1.2469906642071165 vs. 1.2469906642071165
list:
dist: 1.6623554316401588 vs. 1.6623554316401588
list:
dist: 1.5241778685352005 vs. 1.5241778685352005
list:
dist: 1.9234030984314872 vs. 1.9234030984314872
list:
dist: 2.0895519914197065 vs. 2.0895519914197065
list:
dist: 2.5164825578581977 vs. 2.5164825578581977
list:
dist: 2.789242238370119 vs. 2.789242238370119
list:
dist: 2.4190256200810567 vs. 2.4190256200810567
list:
dist: 2.163536494329151 vs. 2.163536494329151
list:
dist: 2.661676982839203 vs. 2.661676982839203
list:
dist: 1.4089491363442652 vs. 1.4089491363442652
list:
dist: 1.2158928339515302 vs. 1.2158928339515302
list:
dist: 1.4462655244024727 vs. 1.4462655244024727
list:
dist: 1.2604855322928101 vs. 1.2604855322928101
list:
dist: 1.8403211595370066 vs. 1.8403211595370066
list:
dist: 2.045802622102577 vs. 2.045802622102577
list:
dist: 2.359962530908458 vs. 2.359962530908458
list:
dist: 1.7693681131070969 vs. 1.7693681131070969
list:
dist: 0.9078791996856117 vs. 0.9078791996856117
list:
dist: 2.245464132875487 vs. 2.245464132875487
list:
dist: 3.4958962848369945 vs. 3.4958962848369945
list:
dist: 2.9153580663907928 vs. 2.9153580663907928
list:
dist: 1.950069775874324 vs. 1.950069775874324
list:
dist: 2.3451999891581523 vs. 2.3451999891581523
list:
dist: 2.1847424606268637 vs. 2.1847424606268637
list:
dist: 1.0916156521462623 vs. 1.0916156521462623
list:
dist: 2.4194088997831686 vs. 2.4194088997831686
list:
dist: 1.2489806134213608 vs. 1.2489806134213608
list:
dist: 0.85301305784887 vs. 0.85301305784887
list:
dist: 0.48541765410956245 vs. 0.48541765410956245
list:
dist: 0.7339900567752288 vs. 0.7339900567752288
list:
dist: 1.0353195223687095 vs. 1.0353195223687095
list:
dist: 0.9096430586056977 vs. 0.9096430586056977
list:
dist: 1.5100640195120434 vs. 1.5100640195120434
list:
dist: 1.6959019861958988 vs. 1.6959019861958988
list:
dist: 1.92029196480551 vs. 1.92029196480551
list:
dist: 1.5215778466370473 vs. 1.5215778466370473
list:
dist: 1.6022677491856119 vs. 1.6022677491856119
list:
dist: 1.6416666576099441 vs. 1.6416666576099441
list:
dist: 0.301799734799559 vs. 0.301799734799559
list:
dist: 0.9700257188241797 vs. 0.9700257188241797
list:
dist: 1.7295632163804058 vs. 1.7295632163804058
list:
dist: 1.0437556850354572 vs. 1.0437556850354572
list:
dist: 2.0682591717182177 vs. 2.0682591717182177
list:
dist: 0.9435667841246083 vs. 0.9435667841246083
list:
dist: 1.2994775313534677 vs. 1.2994775313534677
list:
dist: 1.2604855322928101 vs. 1.2604855322928101
list:
dist: 2.099638076318347 vs. 2.099638076318347
list:
dist: 4.387135332198555 vs. 4.387135332198555
list:
dist: 3.849578805198646 vs. 3.849578805198646
list:
dist: 2.9858979941289294 vs. 2.9858979941289294
list:
dist: 3.1592795240390763 vs. 3.1592795240390763
list:
dist: 3.594981339286595 vs. 3.594981339286595
list:
dist: 2.6228460661794526 vs. 2.6228460661794526
list:
dist: 3.8762383124531046 vs. 3.8762383124531046
list:
dist: 2.827412303817522 vs. 2.827412303817522
list:
dist: 2.0436416073367276 vs. 2.0436416073367276
list:
dist: 1.7778358654564674 vs. 1.7778358654564674
list:
dist: 1.4426795940027934 vs. 1.4426795940027934
list:
dist: 1.6878266718246158 vs. 1.6878266718246158
list:
dist: 1.9435542212136054 vs. 1.9435542212136054
list:
dist: 1.9068390058785327 vs. 1.9068390058785327
list:
dist: 2.247417627885844 vs. 2.247417627885844
list:
dist: 1.362036919883412 vs. 1.362036919883412
list:
dist: 1.422555412128431 vs. 1.422555412128431
list:
dist: 2.3747823327840547 vs. 2.3747823327840547
list:
dist: 1.5907866103334691 vs. 1.5907866103334691
list:
dist: 1.4053064580231045 vs. 1.4053064580231045
list:
dist: 1.6416666576099441 vs. 1.6416666576099441
list:
dist: 1.1873770450455152 vs. 1.1873770450455152
list:
dist: 2.0697528859485095 vs. 2.0697528859485095
list:
dist: 2.138266184928491 vs. 2.138266184928491
list:
dist: 1.7567847620063686 vs. 1.7567847620063686
list:
dist: 1.4715665706491674 vs. 1.4715665706491674
list:
dist: 1.4089491363442652 vs. 1.4089491363442652
list:
dist: 1.301030842175372 vs. 1.301030842175372
list:
dist: 3.84442186401541 vs. 3.84442186401541
list:
dist: 2.8537566046131837 vs. 2.8537566046131837
list:
dist: 2.2293872054950206 vs. 2.2293872054950206
list:
dist: 3.0734952412445202 vs. 3.0734952412445202
list:
dist: 2.3421385467099243 vs. 2.3421385467099243
list:
dist: 1.329512435330988 vs. 1.329512435330988
list:
dist: 2.9873867441778903 vs. 2.9873867441778903
list:
dist: 1.9238917467171108 vs. 1.9238917467171108
list:
dist: 1.8871489003894713 vs. 1.8871489003894713
list:
dist: 1.0878298955051133 vs. 1.0878298955051133
list:
dist: 0.40034144521009846 vs. 0.40034144521009846
list:
dist: 1.0339586607203206 vs. 1.0339586607203206
list:
dist: 1.1595392930941508 vs. 1.1595392930941508
list:
dist: 1.208323684374549 vs. 1.208323684374549
list:
dist: 1.2200325057279784 vs. 1.2200325057279784
list:
dist: 1.6132391754051367 vs. 1.6132391754051367
list:
dist: 1.7918903490498421 vs. 1.7918903490498421
list:
dist: 1.6878266718246158 vs. 1.6878266718246158
list:
dist: 1.2643557798047802 vs. 1.2643557798047802
list:
dist: 1.6559340692999398 vs. 1.6559340692999398
list:
dist: 1.0353195223687095 vs. 1.0353195223687095
list:
dist: 2.1259040564966845 vs. 2.1259040564966845
list:
dist: 1.614654095754759 vs. 1.614654095754759
list:
dist: 2.6076158136520333 vs. 2.6076158136520333
list:
dist: 1.3042637658124292 vs. 1.3042637658124292
list:
dist: 0.31766001876805755 vs. 0.31766001876805755
list:
dist: 1.4610155325822713 vs. 1.4610155325822713
list:
dist: 1.9234030984314872 vs. 1.9234030984314872
list:
dist: 1.426944985475096 vs. 1.426944985475096
list:
dist: 2.8172128486954904 vs. 2.8172128486954904
list:
dist: 1.7183358193641278 vs. 1.7183358193641278
list:
dist: 2.049717722535187 vs. 2.049717722535187
list:
dist: 2.485275480587963 vs. 2.485275480587963
list:
dist: 2.5071931470186564 vs. 2.5071931470186564
list:
dist: 1.4715335594726653 vs. 1.4715335594726653
list:
dist: 2.782149455483919 vs. 2.782149455483919
list:
dist: 1.8540563057305866 vs. 1.8540563057305866
list:
dist: 1.0935888507013185 vs. 1.0935888507013185
list:
dist: 2.7341255240908926 vs. 2.7341255240908926
list:
dist: 2.2490902133787096 vs. 2.2490902133787096
list:
dist: 2.474878535473547 vs. 2.474878535473547
list:
dist: 1.8476613259752948 vs. 1.8476613259752948
list:
dist: 3.3685279332660816 vs. 3.3685279332660816
list:
dist: 3.0536058791514926 vs. 3.0536058791514926
list:
dist: 2.7018169351527583 vs. 2.7018169351527583
list:
dist: 1.420089023748343 vs. 1.420089023748343
list:
dist: 2.5620184087947795 vs. 2.5620184087947795
list:
dist: 2.173145794645729 vs. 2.173145794645729
list:
dist: 3.7662259373419507 vs. 3.7662259373419507
list:
dist: 2.388567410710155 vs. 2.388567410710155
list:
dist: 2.775572357391311 vs. 2.775572357391311
list:
dist: 2.615154770310618 vs. 2.615154770310618
list:
dist: 2.060866121544989 vs. 2.060866121544989
list:
dist: 3.5597832955965676 vs. 3.5597832955965676
list:
dist: 3.5887493335607425 vs. 3.5887493335607425
list:
dist: 3.925564837030899 vs. 3.925564837030899
list:
dist: 2.7196974497793374 vs. 2.7196974497793374
list:
dist: 1.5440391643817795 vs. 1.5440391643817795
list:
dist: 1.7580748026668973 vs. 1.7580748026668973
list:
dist: 2.4346049484727907 vs. 2.4346049484727907
list:
dist: 2.7838021652495857 vs. 2.7838021652495857
list:
dist: 1.543248707298292 vs. 1.543248707298292
list:
dist: 0.6776123150736593 vs. 0.6776123150736593
list:
dist: 1.5457474195540524 vs. 1.5457474195540524
list:
dist: 1.3165818123617752 vs. 1.3165818123617752
list:
dist: 2.5620184087947795 vs. 2.5620184087947795
list:
dist: 2.1300148836625508 vs. 2.1300148836625508
list:
dist: 2.9931944384352214 vs. 2.9931944384352214
list:
dist: 2.265338477750383 vs. 2.265338477750383
list:
dist: 1.983867094593636 vs. 1.983867094593636
list:
dist: 2.5519781369613495 vs. 2.5519781369613495
list:
dist: 2.379694181340968 vs. 2.379694181340968
list:
dist: 0.987417173266747 vs. 0.987417173266747
list:
dist: 2.162361115033505 vs. 2.162361115033505
list:
dist: 2.7133895221112123 vs. 2.7133895221112123
list:
dist: 2.580789238268439 vs. 2.580789238268439
list:
dist: 3.14079158961095 vs. 3.14079158961095
list:
dist: 2.3100852753883383 vs. 2.3100852753883383
list:
dist: 3.004042546280889 vs. 3.004042546280889
list:
dist: 2.7408346749726107 vs. 2.7408346749726107
list:
dist: 2.9251877318506403 vs. 2.9251877318506403
list:
dist: 2.3663771549582435 vs. 2.3663771549582435
list:
dist: 1.6121201670382723 vs. 1.6121201670382723
list:
dist: 0.8293024826680186 vs. 0.8293024826680186
list:
dist: 1.5262588128969627 vs. 1.5262588128969627
list:
dist: 2.0183355682476 vs. 2.0183355682476
list:
dist: 2.353555249790335 vs. 2.353555249790335
list:
dist: 1.1183151412233814 vs. 1.1183151412233814
list:
dist: 2.849100490388086 vs. 2.849100490388086
list:
dist: 1.5457474195540524 vs. 1.5457474195540524
list:
dist: 2.0541810838821037 vs. 2.0541810838821037
list:
dist: 3.8508279989253604 vs. 3.8508279989253604
list:
dist: 2.5752340154025846 vs. 2.5752340154025846
list:
dist: 1.4715335594726653 vs. 1.4715335594726653
list:
dist: 1.6700725274879307 vs. 1.6700725274879307
list:
dist: 2.1617660321389245 vs. 2.1617660321389245
list:
dist: 1.644770101881187 vs. 1.644770101881187
list:
dist: 2.169744991703947 vs. 2.169744991703947
list:
dist: 2.7296121292576614 vs. 2.7296121292576614
list:
dist: 2.1697830670646874 vs. 2.1697830670646874
list:
dist: 2.9319598304767185 vs. 2.9319598304767185
list:
dist: 3.752829425482714 vs. 3.752829425482714
list:
dist: 2.356181698076433 vs. 2.356181698076433
list:
dist: 3.037404158054298 vs. 3.037404158054298
list:
dist: 2.3803116470199357 vs. 2.3803116470199357
list:
dist: 3.4588328520705764 vs. 3.4588328520705764
list:
dist: 3.2412476132881207 vs. 3.2412476132881207
list:
dist: 3.201948805998667 vs. 3.201948805998667
list:
dist: 2.9704235140295907 vs. 2.9704235140295907
list:
dist: 2.6430284597001608 vs. 2.6430284597001608
list:
dist: 1.633861807853692 vs. 1.633861807853692
list:
dist: 2.8331967840242775 vs. 2.8331967840242775
list:
dist: 3.3040737924668604 vs. 3.3040737924668604
list:
dist: 3.3342850256771723 vs. 3.3342850256771723
list:
dist: 1.8501112627888026 vs. 1.8501112627888026
list:
dist: 1.644770101881187 vs. 1.644770101881187
list:
dist: 3.024580893292343 vs. 3.024580893292343
list:
dist: 1.983867094593636 vs. 1.983867094593636
list:
dist: 2.5443958951171695 vs. 2.5443958951171695
list:
dist: 3.9233910912533396 vs. 3.9233910912533396
list:
dist: 1.9427710269148482 vs. 1.9427710269148482
list:
dist: 2.2490902133787096 vs. 2.2490902133787096
list:
dist: 1.4966744412174355 vs. 1.4966744412174355
list:
dist: 0.531153028220738 vs. 0.531153028220738
list:
dist: 1.5962791738587447 vs. 1.5962791738587447
list:
dist: 1.563405603509152 vs. 1.563405603509152
list:
dist: 1.9125889487547834 vs. 1.9125889487547834
list:
dist: 2.36968525900688 vs. 2.36968525900688
list:
dist: 3.0867816579497176 vs. 3.0867816579497176
list:
dist: 2.1694237891563923 vs. 2.1694237891563923
list:
dist: 2.4723819187616667 vs. 2.4723819187616667
list:
dist: 2.310239130514033 vs. 2.310239130514033
list:
dist: 2.758542519343663 vs. 2.758542519343663
list:
dist: 2.2946019429941127 vs. 2.2946019429941127
list:
dist: 2.262918310507162 vs. 2.262918310507162
list:
dist: 2.7970514840134757 vs. 2.7970514840134757
list:
dist: 1.2398640091383115 vs. 1.2398640091383115
list:
dist: 1.2101029018365863 vs. 1.2101029018365863
list:
dist: 0.5052637390839765 vs. 0.5052637390839765
list:
dist: 2.280045833163204 vs. 2.280045833163204
list:
dist: 2.3032445703928013 vs. 2.3032445703928013
list:
dist: 1.5262588128969627 vs. 1.5262588128969627
list:
dist: 3.5963503247347623 vs. 3.5963503247347623
list:
dist: 2.4346049484727907 vs. 2.4346049484727907
list:
dist: 3.592805377096823 vs. 3.592805377096823
list:
dist: 2.049717722535187 vs. 2.049717722535187
list:
dist: 2.7256616309972728 vs. 2.7256616309972728
list:
dist: 3.3240865487552393 vs. 3.3240865487552393
list:
dist: 2.8331967840242775 vs. 2.8331967840242775
list:
dist: 3.673967232905946 vs. 3.673967232905946
list:
dist: 4.131647788110633 vs. 4.131647788110633
list:
dist: 3.3272002158532623 vs. 3.3272002158532623
list:
dist: 4.326962270575499 vs. 4.326962270575499
list:
dist: 5.0505589756059575 vs. 5.0505589756059575
list:
dist: 1.193069980170254 vs. 1.193069980170254
list:
dist: 2.370645688374116 vs. 2.370645688374116
list:
dist: 2.280045833163204 vs. 2.280045833163204
list:
dist: 2.356512659657244 vs. 2.356512659657244
list:
dist: 1.8874532113750107 vs. 1.8874532113750107
list:
dist: 2.353555249790335 vs. 2.353555249790335
list:
dist: 1.8494050359620386 vs. 1.8494050359620386
list:
dist: 1.543248707298292 vs. 1.543248707298292
list:
dist: 2.7018169351527583 vs. 2.7018169351527583
list:
dist: 3.6696697427144582 vs. 3.6696697427144582
list:
dist: 3.3342850256771723 vs. 3.3342850256771723
list:
dist: 3.983847014609747 vs. 3.983847014609747
list:
dist: 3.9193835195772793 vs. 3.9193835195772793
list:
dist: 2.413020785220812 vs. 2.413020785220812
list:
dist: 3.5728447931244123 vs. 3.5728447931244123
list:
dist: 3.9765512629802826 vs. 3.9765512629802826
list:
dist: 3.396240091174143 vs. 3.396240091174143
list:
dist: 1.403439077199689 vs. 1.403439077199689
list:
dist: 1.6705759214684544 vs. 1.6705759214684544
list:
dist: 0.5052637390839765 vs. 0.5052637390839765
list:
dist: 2.356512659657244 vs. 2.356512659657244
list:
dist: 2.7131533266709735 vs. 2.7131533266709735
list:
dist: 2.0183355682476 vs. 2.0183355682476
list:
dist: 3.8565596750069675 vs. 3.8565596750069675
list:
dist: 2.7838021652495857 vs. 2.7838021652495857
list:
dist: 4.062092838217601 vs. 4.062092838217601
list:
dist: 2.485275480587963 vs. 2.485275480587963
list:
dist: 3.2096774789350593 vs. 3.2096774789350593
list:
dist: 3.7818508249677536 vs. 3.7818508249677536
list:
dist: 3.3040737924668604 vs. 3.3040737924668604
list:
dist: 4.175266571092372 vs. 4.175266571092372
list:
dist: 4.600407826270865 vs. 4.600407826270865
list:
dist: 3.714639394263515 vs. 3.714639394263515
list:
dist: 4.7625680913758925 vs. 4.7625680913758925
list:
dist: 5.453943579385724 vs. 5.453943579385724
list:
dist: 1.8486205418825024 vs. 1.8486205418825024
list:
dist: 2.3803116470199357 vs. 2.3803116470199357
list:
dist: 2.8512879556896897 vs. 2.8512879556896897
list:
dist: 2.3100852753883383 vs. 2.3100852753883383
list:
dist: 0.7985924363211918 vs. 0.7985924363211918
list:
dist: 2.0430465430505778 vs. 2.0430465430505778
list:
dist: 3.001636877521891 vs. 3.001636877521891
list:
dist: 3.0536058791514926 vs. 3.0536058791514926
list:
dist: 2.584749876769329 vs. 2.584749876769329
list:
dist: 2.45976402178573 vs. 2.45976402178573
list:
dist: 2.310239130514033 vs. 2.310239130514033
list:
dist: 1.1259841261355144 vs. 1.1259841261355144
list:
dist: 1.7255025448784116 vs. 1.7255025448784116
list:
dist: 1.902642588306483 vs. 1.902642588306483
list:
dist: 1.3567285865419558 vs. 1.3567285865419558
list:
dist: 2.2618046158837415 vs. 2.2618046158837415
list:
dist: 2.0987696056921332 vs. 2.0987696056921332
list:
dist: 1.0633742520098637 vs. 1.0633742520098637
list:
dist: 1.390368742001788 vs. 1.390368742001788
list:
dist: 1.614761485798702 vs. 1.614761485798702
list:
dist: 1.4677679599497322 vs. 1.4677679599497322
list:
dist: 0.948226627909006 vs. 0.948226627909006
list:
dist: 2.72657379617994 vs. 2.72657379617994
list:
dist: 3.037404158054298 vs. 3.037404158054298
list:
dist: 3.6844389628221195 vs. 3.6844389628221195
list:
dist: 3.14079158961095 vs. 3.14079158961095
list:
dist: 1.7814451757316339 vs. 1.7814451757316339
list:
dist: 2.6870717244424154 vs. 2.6870717244424154
list:
dist: 2.704251907455909 vs. 2.704251907455909
list:
dist: 3.3685279332660816 vs. 3.3685279332660816
list:
dist: 2.63104556638462 vs. 2.63104556638462
list:
dist: 2.465360880470216 vs. 2.465360880470216
list:
dist: 2.4723819187616667 vs. 2.4723819187616667
list:
dist: 0.9829591219035675 vs. 0.9829591219035675
list:
dist: 1.6097852410352635 vs. 1.6097852410352635
list:
dist: 2.584487286840325 vs. 2.584487286840325
list:
dist: 1.7246420015648567 vs. 1.7246420015648567
list:
dist: 2.5005193545785 vs. 2.5005193545785
list:
dist: 1.8758203639551103 vs. 1.8758203639551103
list:
dist: 1.0633742520098637 vs. 1.0633742520098637
list:
dist: 1.165059803989127 vs. 1.165059803989127
list:
dist: 1.4129075341235797 vs. 1.4129075341235797
list:
dist: 1.0027589016932084 vs. 1.0027589016932084
list:
dist: 1.5875400214552693 vs. 1.5875400214552693
list:
dist: 2.125391435545231 vs. 2.125391435545231
list:
dist: 2.9704235140295907 vs. 2.9704235140295907
list:
dist: 2.4306640812710514 vs. 2.4306640812710514
list:
dist: 2.3663771549582435 vs. 2.3663771549582435
list:
dist: 2.7196974497793374 vs. 2.7196974497793374
list:
dist: 1.39885480248711 vs. 1.39885480248711
list:
dist: 1.2236234080052055 vs. 1.2236234080052055
list:
dist: 2.840664575590104 vs. 2.840664575590104
list:
dist: 2.7970514840134757 vs. 2.7970514840134757
list:
dist: 1.903912253376459 vs. 1.903912253376459
list:
dist: 1.8190643215065077 vs. 1.8190643215065077
list:
dist: 1.7097124665334873 vs. 1.7097124665334873
list:
dist: 0.8387831469512723 vs. 0.8387831469512723
list:
dist: 1.5076312495450097 vs. 1.5076312495450097
list:
dist: 2.7144332724527676 vs. 2.7144332724527676
list:
dist: 1.5875400214552693 vs. 1.5875400214552693
list:
dist: 0.948226627909006 vs. 0.948226627909006
list:
dist: 1.0851127651882488 vs. 1.0851127651882488
list:
dist: 1.4174535871463092 vs. 1.4174535871463092
list:
dist: 1.5108136870479234 vs. 1.5108136870479234
list:
dist: 3.579738721674161 vs. 3.579738721674161
list:
dist: 2.6924043916286586 vs. 2.6924043916286586
list:
dist: 3.673967232905946 vs. 3.673967232905946
list:
dist: 4.175266571092372 vs. 4.175266571092372
list:
dist: 3.983847014609747 vs. 3.983847014609747
list:
dist: 2.1033229731874585 vs. 2.1033229731874585
list:
dist: 2.169744991703947 vs. 2.169744991703947
list:
dist: 3.392357030517579 vs. 3.392357030517579
list:
dist: 2.5519781369613495 vs. 2.5519781369613495
list:
dist: 1.6075802616772117 vs. 1.6075802616772117
list:
dist: 3.1039066194840874 vs. 3.1039066194840874
list:
dist: 1.934745760182379 vs. 1.934745760182379
list:
dist: 2.474878535473547 vs. 2.474878535473547
list:
dist: 1.6982312031109381 vs. 1.6982312031109381
list:
dist: 1.7173706039450682 vs. 1.7173706039450682
list:
dist: 1.5962791738587447 vs. 1.5962791738587447
list:
dist: 1.394369481083557 vs. 1.394369481083557
list:
dist: 2.212018014348425 vs. 2.212018014348425
list:
dist: 1.8620177037402132 vs. 1.8620177037402132
list:
dist: 2.762683483077351 vs. 2.762683483077351
list:
dist: 1.2624299618655208 vs. 1.2624299618655208
list:
dist: 0.9829591219035675 vs. 0.9829591219035675
list:
dist: 1.1259841261355144 vs. 1.1259841261355144
list:
dist: 1.769101617513104 vs. 1.769101617513104
list:
dist: 1.6757056834130986 vs. 1.6757056834130986
list:
dist: 1.3728471147131343 vs. 1.3728471147131343
list:
dist: 1.903912253376459 vs. 1.903912253376459
list:
dist: 1.3251946611532652 vs. 1.3251946611532652
list:
dist: 1.2398640091383115 vs. 1.2398640091383115
list:
dist: 1.403439077199689 vs. 1.403439077199689
list:
dist: 1.193069980170254 vs. 1.193069980170254
list:
dist: 1.7374509403539404 vs. 1.7374509403539404
list:
dist: 1.6121201670382723 vs. 1.6121201670382723
list:
dist: 2.4940138828768577 vs. 2.4940138828768577
list:
dist: 1.5440391643817795 vs. 1.5440391643817795
list:
dist: 4.009480840137188 vs. 4.009480840137188
list:
dist: 2.8172128486954904 vs. 2.8172128486954904
list:
dist: 3.143763381780293 vs. 3.143763381780293
list:
dist: 3.0458141184692185 vs. 3.0458141184692185
list:
dist: 2.6430284597001608 vs. 2.6430284597001608
list:
dist: 3.579738721674161 vs. 3.579738721674161
list:
dist: 3.6619792021320614 vs. 3.6619792021320614
list:
dist: 2.4979784946653325 vs. 2.4979784946653325
list:
dist: 3.6752375174863547 vs. 3.6752375174863547
list:
dist: 4.241095914928974 vs. 4.241095914928974
list:
dist: 3.6619792021320614 vs. 3.6619792021320614
list:
dist: 2.997599425430308 vs. 2.997599425430308
list:
dist: 4.131647788110633 vs. 4.131647788110633
list:
dist: 4.600407826270865 vs. 4.600407826270865
list:
dist: 3.9193835195772793 vs. 3.9193835195772793
list:
dist: 2.294847776906405 vs. 2.294847776906405
list:
dist: 2.7296121292576614 vs. 2.7296121292576614
list:
dist: 2.832479735281758 vs. 2.832479735281758
list:
dist: 2.379694181340968 vs. 2.379694181340968
list:
dist: 3.7662259373419507 vs. 3.7662259373419507
list:
dist: 2.3628440317002477 vs. 2.3628440317002477
list:
dist: 2.945583060767885 vs. 2.945583060767885
list:
dist: 1.3095578722657868 vs. 1.3095578722657868
list:
dist: 1.563405603509152 vs. 1.563405603509152
list:
dist: 1.394369481083557 vs. 1.394369481083557
list:
dist: 1.6280892036456804 vs. 1.6280892036456804
list:
dist: 1.1817662337243064 vs. 1.1817662337243064
list:
dist: 1.7767374530604971 vs. 1.7767374530604971
list:
dist: 2.745785333583939 vs. 2.745785333583939
list:
dist: 1.6097852410352635 vs. 1.6097852410352635
list:
dist: 1.7255025448784116 vs. 1.7255025448784116
list:
dist: 1.36408951448078 vs. 1.36408951448078
list:
dist: 0.7699532094356724 vs. 0.7699532094356724
list:
dist: 0.8675980223061731 vs. 0.8675980223061731
list:
dist: 1.8190643215065077 vs. 1.8190643215065077
list:
dist: 3.396240091174143 vs. 3.396240091174143
list:
dist: 1.6177898484964717 vs. 1.6177898484964717
list:
dist: 2.580789238268439 vs. 2.580789238268439
list:
dist: 2.060866121544989 vs. 2.060866121544989
list:
dist: 2.803932181755124 vs. 2.803932181755124
list:
dist: 2.745785333583939 vs. 2.745785333583939
list:
dist: 1.8942845117479725 vs. 1.8942845117479725
list:
dist: 2.163145688799698 vs. 2.163145688799698
list:
dist: 1.6004401171303826 vs. 1.6004401171303826
list:
dist: 2.946955764374746 vs. 2.946955764374746
list:
dist: 2.6542344906031756 vs. 2.6542344906031756
list:
dist: 3.111244974988648 vs. 3.111244974988648
list:
dist: 2.7144332724527676 vs. 2.7144332724527676
list:
dist: 2.4979784946653325 vs. 2.4979784946653325
list:
dist: 2.4374418200811165 vs. 2.4374418200811165
list:
dist: 3.3272002158532623 vs. 3.3272002158532623
list:
dist: 3.714639394263515 vs. 3.714639394263515
list:
dist: 2.413020785220812 vs. 2.413020785220812
list:
dist: 1.2365367993632712 vs. 1.2365367993632712
list:
dist: 2.1697830670646874 vs. 2.1697830670646874
list:
dist: 1.2501881204117171 vs. 1.2501881204117171
list:
dist: 0.987417173266747 vs. 0.987417173266747
list:
dist: 2.388567410710155 vs. 2.388567410710155
list:
dist: 2.056152369607661 vs. 2.056152369607661
list:
dist: 2.4374027577872526 vs. 2.4374027577872526
list:
dist: 1.9855743521712297 vs. 1.9855743521712297
list:
dist: 1.9125889487547834 vs. 1.9125889487547834
list:
dist: 2.212018014348425 vs. 2.212018014348425
list:
dist: 1.6280892036456804 vs. 1.6280892036456804
list:
dist: 1.2710043231400618 vs. 1.2710043231400618
list:
dist: 1.7510307856185825 vs. 1.7510307856185825
list:
dist: 1.8942845117479725 vs. 1.8942845117479725
list:
dist: 2.584487286840325 vs. 2.584487286840325
list:
dist: 1.902642588306483 vs. 1.902642588306483
list:
dist: 2.1766603403819325 vs. 2.1766603403819325
list:
dist: 1.8654682051186045 vs. 1.8654682051186045
list:
dist: 2.1407649144549543 vs. 2.1407649144549543
list:
dist: 1.7097124665334873 vs. 1.7097124665334873
list:
dist: 1.5529762982253221 vs. 1.5529762982253221
list:
dist: 2.0541810838821037 vs. 2.0541810838821037
list:
dist: 2.777791014432278 vs. 2.777791014432278
list:
dist: 2.1300148836625508 vs. 2.1300148836625508
list:
dist: 2.167915755802896 vs. 2.167915755802896
list:
dist: 3.2076308865518213 vs. 3.2076308865518213
list:
dist: 2.782149455483919 vs. 2.782149455483919
list:
dist: 2.612574074253193 vs. 2.612574074253193
list:
dist: 2.8299798041517117 vs. 2.8299798041517117
list:
dist: 2.5443958951171695 vs. 2.5443958951171695
list:
dist: 1.6075802616772117 vs. 1.6075802616772117
list:
dist: 2.3628440317002477 vs. 2.3628440317002477
list:
dist: 2.056152369607661 vs. 2.056152369607661
list:
dist: 1.9198041037715206 vs. 1.9198041037715206
list:
dist: 2.7887518468901944 vs. 2.7887518468901944
list:
dist: 2.241775805399753 vs. 2.241775805399753
list:
dist: 1.7814451757316339 vs. 1.7814451757316339
list:
dist: 0.7985924363211918 vs. 0.7985924363211918
list:
dist: 2.148942425388158 vs. 2.148942425388158
list:
dist: 2.3531796220895433 vs. 2.3531796220895433
list:
dist: 2.2502548582402984 vs. 2.2502548582402984
list:
dist: 1.39885480248711 vs. 1.39885480248711
list:
dist: 3.6752375174863547 vs. 3.6752375174863547
list:
dist: 3.3700624040739364 vs. 3.3700624040739364
list:
dist: 4.326962270575499 vs. 4.326962270575499
list:
dist: 4.7625680913758925 vs. 4.7625680913758925
list:
dist: 3.5728447931244123 vs. 3.5728447931244123
list:
dist: 2.09969922222025 vs. 2.09969922222025
list:
dist: 2.9319598304767185 vs. 2.9319598304767185
list:
dist: 2.191563923778562 vs. 2.191563923778562
list:
dist: 2.162361115033505 vs. 2.162361115033505
list:
dist: 2.775572357391311 vs. 2.775572357391311
list:
dist: 1.9198041037715206 vs. 1.9198041037715206
list:
dist: 1.7932741023572811 vs. 1.7932741023572811
list:
dist: 2.291943255324616 vs. 2.291943255324616
list:
dist: 2.36968525900688 vs. 2.36968525900688
list:
dist: 1.8620177037402132 vs. 1.8620177037402132
list:
dist: 1.1817662337243064 vs. 1.1817662337243064
list:
dist: 1.2710043231400618 vs. 1.2710043231400618
list:
dist: 0.9493395693070108 vs. 0.9493395693070108
list:
dist: 2.163145688799698 vs. 2.163145688799698
list:
dist: 1.7246420015648567 vs. 1.7246420015648567
list:
dist: 1.3567285865419558 vs. 1.3567285865419558
list:
dist: 0.9499473372555528 vs. 0.9499473372555528
list:
dist: 0.84089003627576 vs. 0.84089003627576
list:
dist: 1.1533846534339935 vs. 1.1533846534339935
list:
dist: 0.8387831469512723 vs. 0.8387831469512723
list:
dist: 1.7374509403539404 vs. 1.7374509403539404
list:
dist: 1.6340715113137159 vs. 1.6340715113137159
list:
dist: 2.3032445703928013 vs. 2.3032445703928013
list:
dist: 2.7131533266709735 vs. 2.7131533266709735
list:
dist: 1.8874532113750107 vs. 1.8874532113750107
list:
dist: 1.1183151412233814 vs. 1.1183151412233814
list:
dist: 1.8238850294911324 vs. 1.8238850294911324
list:
dist: 0.6776123150736593 vs. 0.6776123150736593
list:
dist: 1.5529762982253221 vs. 1.5529762982253221
list:
dist: 2.862435145586613 vs. 2.862435145586613
list:
dist: 3.242016843156112 vs. 3.242016843156112
list:
dist: 2.5071931470186564 vs. 2.5071931470186564
list:
dist: 2.4445053362167934 vs. 2.4445053362167934
list:
dist: 2.2184386614763283 vs. 2.2184386614763283
list:
dist: 1.8501112627888026 vs. 1.8501112627888026
list:
dist: 2.1033229731874585 vs. 2.1033229731874585
list:
dist: 2.294847776906405 vs. 2.294847776906405
list:
dist: 1.2365367993632712 vs. 1.2365367993632712
list:
dist: 2.09969922222025 vs. 2.09969922222025
list:
dist: 2.833925413219777 vs. 2.833925413219777
list:
dist: 2.7961154687812635 vs. 2.7961154687812635
list:
dist: 2.72657379617994 vs. 2.72657379617994
list:
dist: 1.8486205418825024 vs. 1.8486205418825024
list:
dist: 2.8043199312930263 vs. 2.8043199312930263
list:
dist: 2.6349273221592777 vs. 2.6349273221592777
list:
dist: 2.718153331405132 vs. 2.718153331405132
list:
dist: 2.125391435545231 vs. 2.125391435545231
list:
dist: 1.3251946611532652 vs. 1.3251946611532652
list:
dist: 1.2101029018365863 vs. 1.2101029018365863
list:
dist: 1.6705759214684544 vs. 1.6705759214684544
list:
dist: 2.370645688374116 vs. 2.370645688374116
list:
dist: 1.6340715113137159 vs. 1.6340715113137159
list:
dist: 0.8293024826680186 vs. 0.8293024826680186
list:
dist: 3.0377993432794907 vs. 3.0377993432794907
list:
dist: 1.7580748026668973 vs. 1.7580748026668973
list:
dist: 2.720074294669416 vs. 2.720074294669416
list:
dist: 1.7183358193641278 vs. 1.7183358193641278
list:
dist: 1.8848894341336315 vs. 1.8848894341336315
list:
dist: 2.11517050802417 vs. 2.11517050802417
list:
dist: 1.633861807853692 vs. 1.633861807853692
list:
dist: 2.6924043916286586 vs. 2.6924043916286586
list:
dist: 2.997599425430308 vs. 2.997599425430308
list:
dist: 2.4374418200811165 vs. 2.4374418200811165
list:
dist: 3.3700624040739364 vs. 3.3700624040739364
list:
dist: 4.099280044705835 vs. 4.099280044705835
list:
dist: 2.4940138828768577 vs. 2.4940138828768577
list:
dist: 3.0377993432794907 vs. 3.0377993432794907
list:
dist: 3.5963503247347623 vs. 3.5963503247347623
list:
dist: 3.8565596750069675 vs. 3.8565596750069675
list:
dist: 1.8494050359620386 vs. 1.8494050359620386
list:
dist: 1.8238850294911324 vs. 1.8238850294911324
list:
dist: 2.849100490388086 vs. 2.849100490388086
list:
dist: 1.3165818123617752 vs. 1.3165818123617752
list:
dist: 1.420089023748343 vs. 1.420089023748343
list:
dist: 2.777791014432278 vs. 2.777791014432278
list:
dist: 2.5759379582099906 vs. 2.5759379582099906
list:
dist: 3.1335250179051335 vs. 3.1335250179051335
list:
dist: 3.024580893292343 vs. 3.024580893292343
list:
dist: 3.392357030517579 vs. 3.392357030517579
list:
dist: 2.832479735281758 vs. 2.832479735281758
list:
dist: 1.2501881204117171 vs. 1.2501881204117171
list:
dist: 2.191563923778562 vs. 2.191563923778562
list:
dist: 2.2818905384868926 vs. 2.2818905384868926
list:
dist: 1.6177898484964717 vs. 1.6177898484964717
list:
dist: 3.6844389628221195 vs. 3.6844389628221195
list:
dist: 2.8512879556896897 vs. 2.8512879556896897
list:
dist: 3.1311621873077353 vs. 3.1311621873077353
list:
dist: 2.929426559836566 vs. 2.929426559836566
list:
dist: 3.2625932832262086 vs. 3.2625932832262086
list:
dist: 2.4306640812710514 vs. 2.4306640812710514
list:
dist: 3.143763381780293 vs. 3.143763381780293
list:
dist: 1.8848894341336315 vs. 1.8848894341336315
list:
dist: 2.7256616309972728 vs. 2.7256616309972728
list:
dist: 3.2096774789350593 vs. 3.2096774789350593
list:
dist: 2.4445053362167934 vs. 2.4445053362167934
list:
dist: 1.6700725274879307 vs. 1.6700725274879307
list:
dist: 2.612574074253193 vs. 2.612574074253193
list:
dist: 0.9222720883723053 vs. 0.9222720883723053
list:
dist: 1.0935888507013185 vs. 1.0935888507013185
list:
dist: 1.876109722259086 vs. 1.876109722259086
list:
dist: 1.4966744412174355 vs. 1.4966744412174355
list:
dist: 1.6982312031109381 vs. 1.6982312031109381
list:
dist: 1.1967814041142344 vs. 1.1967814041142344
list:
dist: 2.63104556638462 vs. 2.63104556638462
list:
dist: 2.584749876769329 vs. 2.584749876769329
list:
dist: 2.862435145586613 vs. 2.862435145586613
list:
dist: 3.8508279989253604 vs. 3.8508279989253604
list:
dist: 2.5759379582099906 vs. 2.5759379582099906
list:
dist: 2.9931944384352214 vs. 2.9931944384352214
list:
dist: 2.173145794645729 vs. 2.173145794645729
list:
dist: 2.167915755802896 vs. 2.167915755802896
list:
dist: 3.9779869098117655 vs. 3.9779869098117655
list:
dist: 3.9233910912533396 vs. 3.9233910912533396
list:
dist: 3.1039066194840874 vs. 3.1039066194840874
list:
dist: 2.945583060767885 vs. 2.945583060767885
list:
dist: 2.4374027577872526 vs. 2.4374027577872526
list:
dist: 1.7932741023572811 vs. 1.7932741023572811
list:
dist: 1.888546934704164 vs. 1.888546934704164
list:
dist: 2.803932181755124 vs. 2.803932181755124
list:
dist: 2.6870717244424154 vs. 2.6870717244424154
list:
dist: 2.0430465430505778 vs. 2.0430465430505778
list:
dist: 2.03160580865402 vs. 2.03160580865402
list:
dist: 2.443071516544413 vs. 2.443071516544413
list:
dist: 2.6136393287281203 vs. 2.6136393287281203
list:
dist: 1.2236234080052055 vs. 1.2236234080052055
list:
dist: 2.7961154687812635 vs. 2.7961154687812635
list:
dist: 2.356181698076433 vs. 2.356181698076433
list:
dist: 2.241775805399753 vs. 2.241775805399753
list:
dist: 1.234303637057569 vs. 1.234303637057569
list:
dist: 1.8476613259752948 vs. 1.8476613259752948
list:
dist: 1.1967814041142344 vs. 1.1967814041142344
list:
dist: 2.4171908942085754 vs. 2.4171908942085754
list:
dist: 2.1694237891563923 vs. 2.1694237891563923
list:
dist: 1.2624299618655208 vs. 1.2624299618655208
list:
dist: 1.8758203639551103 vs. 1.8758203639551103
list:
dist: 2.0987696056921332 vs. 2.0987696056921332
list:
dist: 2.8043199312930263 vs. 2.8043199312930263
list:
dist: 3.4588328520705764 vs. 3.4588328520705764
list:
dist: 3.1311621873077353 vs. 3.1311621873077353
list:
dist: 3.004042546280889 vs. 3.004042546280889
list:
dist: 3.5597832955965676 vs. 3.5597832955965676
list:
dist: 2.148942425388158 vs. 2.148942425388158
list:
dist: 2.03160580865402 vs. 2.03160580865402
list:
dist: 2.6252097139537867 vs. 2.6252097139537867
list:
dist: 2.758542519343663 vs. 2.758542519343663
list:
dist: 1.769101617513104 vs. 1.769101617513104
list:
dist: 1.36408951448078 vs. 1.36408951448078
list:
dist: 2.1766603403819325 vs. 2.1766603403819325
list:
dist: 0.9499473372555528 vs. 0.9499473372555528
list:
dist: 1.4229991976637921 vs. 1.4229991976637921
list:
dist: 2.946955764374746 vs. 2.946955764374746
list:
dist: 1.165059803989127 vs. 1.165059803989127
list:
dist: 1.390368742001788 vs. 1.390368742001788
list:
dist: 0.6738626627535903 vs. 0.6738626627535903
list:
dist: 0.6682179057578675 vs. 0.6682179057578675
list:
dist: 1.0851127651882488 vs. 1.0851127651882488
list:
dist: 3.0458141184692185 vs. 3.0458141184692185
list:
dist: 2.11517050802417 vs. 2.11517050802417
list:
dist: 3.3240865487552393 vs. 3.3240865487552393
list:
dist: 3.7818508249677536 vs. 3.7818508249677536
list:
dist: 3.6696697427144582 vs. 3.6696697427144582
list:
dist: 2.2184386614763283 vs. 2.2184386614763283
list:
dist: 2.1617660321389245 vs. 2.1617660321389245
list:
dist: 3.1335250179051335 vs. 3.1335250179051335
list:
dist: 2.265338477750383 vs. 2.265338477750383
list:
dist: 2.8299798041517117 vs. 2.8299798041517117
list:
dist: 3.9779869098117655 vs. 3.9779869098117655
list:
dist: 2.1145928185956295 vs. 2.1145928185956295
list:
dist: 2.7341255240908926 vs. 2.7341255240908926
list:
dist: 1.876109722259086 vs. 1.876109722259086
list:
dist: 0.531153028220738 vs. 0.531153028220738
list:
dist: 1.7173706039450682 vs. 1.7173706039450682
list:
dist: 1.3095578722657868 vs. 1.3095578722657868
list:
dist: 1.9855743521712297 vs. 1.9855743521712297
list:
dist: 2.291943255324616 vs. 2.291943255324616
list:
dist: 2.906708738497964 vs. 2.906708738497964
list:
dist: 2.4171908942085754 vs. 2.4171908942085754
list:
dist: 2.465360880470216 vs. 2.465360880470216
list:
dist: 2.45976402178573 vs. 2.45976402178573
list:
dist: 2.6252097139537867 vs. 2.6252097139537867
list:
dist: 2.0783254186855586 vs. 2.0783254186855586
list:
dist: 2.0767035645825986 vs. 2.0767035645825986
list:
dist: 2.840664575590104 vs. 2.840664575590104
list:
dist: 4.009480840137188 vs. 4.009480840137188
list:
dist: 2.720074294669416 vs. 2.720074294669416
list:
dist: 3.592805377096823 vs. 3.592805377096823
list:
dist: 4.062092838217601 vs. 4.062092838217601
list:
dist: 3.242016843156112 vs. 3.242016843156112
list:
dist: 2.5752340154025846 vs. 2.5752340154025846
list:
dist: 3.2076308865518213 vs. 3.2076308865518213
list:
dist: 1.8540563057305866 vs. 1.8540563057305866
list:
dist: 0.9222720883723053 vs. 0.9222720883723053
list:
dist: 2.1145928185956295 vs. 2.1145928185956295
list:
dist: 1.9427710269148482 vs. 1.9427710269148482
list:
dist: 1.934745760182379 vs. 1.934745760182379
list:
dist: 1.234303637057569 vs. 1.234303637057569
list:
dist: 2.704251907455909 vs. 2.704251907455909
list:
dist: 3.001636877521891 vs. 3.001636877521891
list:
dist: 4.241095914928974 vs. 4.241095914928974
list:
dist: 4.099280044705835 vs. 4.099280044705835
list:
dist: 5.0505589756059575 vs. 5.0505589756059575
list:
dist: 5.453943579385724 vs. 5.453943579385724
list:
dist: 3.9765512629802826 vs. 3.9765512629802826
list:
dist: 2.833925413219777 vs. 2.833925413219777
list:
dist: 3.752829425482714 vs. 3.752829425482714
list:
dist: 2.2818905384868926 vs. 2.2818905384868926
list:
dist: 2.7133895221112123 vs. 2.7133895221112123
list:
dist: 2.615154770310618 vs. 2.615154770310618
list:
dist: 2.7887518468901944 vs. 2.7887518468901944
list:
dist: 1.888546934704164 vs. 1.888546934704164
list:
dist: 2.906708738497964 vs. 2.906708738497964
list:
dist: 3.0867816579497176 vs. 3.0867816579497176
list:
dist: 2.762683483077351 vs. 2.762683483077351
list:
dist: 1.7767374530604971 vs. 1.7767374530604971
list:
dist: 1.7510307856185825 vs. 1.7510307856185825
list:
dist: 0.9493395693070108 vs. 0.9493395693070108
list:
dist: 1.6004401171303826 vs. 1.6004401171303826
list:
dist: 2.5005193545785 vs. 2.5005193545785
list:
dist: 2.2618046158837415 vs. 2.2618046158837415
list:
dist: 1.4229991976637921 vs. 1.4229991976637921
list:
dist: 1.306065251931283 vs. 1.306065251931283
list:
dist: 1.7417840718014297 vs. 1.7417840718014297
list:
dist: 1.5076312495450097 vs. 1.5076312495450097
list:
dist: 2.6349273221592777 vs. 2.6349273221592777
list:
dist: 3.2412476132881207 vs. 3.2412476132881207
list:
dist: 2.929426559836566 vs. 2.929426559836566
list:
dist: 2.7408346749726107 vs. 2.7408346749726107
list:
dist: 3.5887493335607425 vs. 3.5887493335607425
list:
dist: 2.3531796220895433 vs. 2.3531796220895433
list:
dist: 2.443071516544413 vs. 2.443071516544413
list:
dist: 2.0783254186855586 vs. 2.0783254186855586
list:
dist: 2.2946019429941127 vs. 2.2946019429941127
list:
dist: 1.6757056834130986 vs. 1.6757056834130986
list:
dist: 0.7699532094356724 vs. 0.7699532094356724
list:
dist: 1.8654682051186045 vs. 1.8654682051186045
list:
dist: 0.84089003627576 vs. 0.84089003627576
list:
dist: 1.306065251931283 vs. 1.306065251931283
list:
dist: 2.6542344906031756 vs. 2.6542344906031756
list:
dist: 1.4129075341235797 vs. 1.4129075341235797
list:
dist: 1.614761485798702 vs. 1.614761485798702
list:
dist: 0.6738626627535903 vs. 0.6738626627535903
list:
dist: 0.47037384864655424 vs. 0.47037384864655424
list:
dist: 1.4174535871463092 vs. 1.4174535871463092
list:
dist: 2.718153331405132 vs. 2.718153331405132
list:
dist: 3.201948805998667 vs. 3.201948805998667
list:
dist: 3.2625932832262086 vs. 3.2625932832262086
list:
dist: 2.9251877318506403 vs. 2.9251877318506403
list:
dist: 3.925564837030899 vs. 3.925564837030899
list:
dist: 2.2502548582402984 vs. 2.2502548582402984
list:
dist: 2.6136393287281203 vs. 2.6136393287281203
list:
dist: 2.0767035645825986 vs. 2.0767035645825986
list:
dist: 2.262918310507162 vs. 2.262918310507162
list:
dist: 1.3728471147131343 vs. 1.3728471147131343
list:
dist: 0.8675980223061731 vs. 0.8675980223061731
list:
dist: 2.1407649144549543 vs. 2.1407649144549543
list:
dist: 1.1533846534339935 vs. 1.1533846534339935
list:
dist: 1.7417840718014297 vs. 1.7417840718014297
list:
dist: 3.111244974988648 vs. 3.111244974988648
list:
dist: 1.0027589016932084 vs. 1.0027589016932084
list:
dist: 1.4677679599497322 vs. 1.4677679599497322
list:
dist: 0.6682179057578675 vs. 0.6682179057578675
list:
dist: 0.47037384864655424 vs. 0.47037384864655424
list:
dist: 1.5108136870479234 vs. 1.5108136870479234
500
600
Neighbor List consistency Check...
--------
nle(id0,id1,dist): 5 6 1.3861408480686497
list:
dist: 1.3861408480686497 vs. 1.3861408480686497
--------
nle(id0,id1,dist): 5 21 3.2352086296777727
list:
dist: 3.2352086296777727 vs. 3.2352086296777727
--------
nle(id0,id1,dist): 5 22 3.33070522989134
list:
dist: 3.33070522989134 vs. 3.33070522989134
--------
nle(id0,id1,dist): 5 17 2.807833140680891
list:
dist: 2.807833140680891 vs. 2.807833140680891
--------
nle(id0,id1,dist): 5 16 2.521961682750649
list:
dist: 2.521961682750649 vs. 2.521961682750649
--------
nle(id0,id1,dist): 5 13 1.6985801752982073
list:
dist: 1.6985801752982073 vs. 1.6985801752982073
--------
nle(id0,id1,dist): 5 12 3.8578897981449707
list:
dist: 3.8578897981449707 vs. 3.8578897981449707
--------
nle(id0,id1,dist): 5 15 2.0827560277225308
list:
dist: 2.0827560277225308 vs. 2.0827560277225308
--------
nle(id0,id1,dist): 5 9 0.6612563596078782
list:
dist: 0.6612563596078782 vs. 0.6612563596078782
--------
nle(id0,id1,dist): 5 8 0.9542006057631187
list:
dist: 0.9542006057631187 vs. 0.9542006057631187
--------
nle(id0,id1,dist): 5 10 2.3663098405743943
list:
dist: 2.3663098405743943 vs. 2.3663098405743943
--------
nle(id0,id1,dist): 4 9 2.3730887129201386
list:
dist: 2.3730887129201386 vs. 2.3730887129201386
--------
nle(id0,id1,dist): 4 10 1.3061563585408549
list:
dist: 1.3061563585408549 vs. 1.3061563585408549
--------
nle(id0,id1,dist): 4 8 2.0922746157950054
list:
dist: 2.0922746157950054 vs. 2.0922746157950054
--------
nle(id0,id1,dist): 4 5 1.92798800750689
list:
dist: 1.92798800750689 vs. 1.92798800750689
--------
nle(id0,id1,dist): 4 6 1.5041206292299483
list:
dist: 1.5041206292299483 vs. 1.5041206292299483
--------
nle(id0,id1,dist): 4 28 2.6781232292156267
list:
dist: 2.6781232292156267 vs. 2.6781232292156267
--------
nle(id0,id1,dist): 4 27 2.8144763676604425
list:
dist: 2.8144763676604425 vs. 2.8144763676604425
--------
nle(id0,id1,dist): 4 26 1.97180397314668
list:
dist: 1.97180397314668 vs. 1.97180397314668
--------
nle(id0,id1,dist): 4 25 2.028717839012766
list:
dist: 2.028717839012766 vs. 2.028717839012766
--------
nle(id0,id1,dist): 4 24 2.1367404719170975
list:
dist: 2.1367404719170975 vs. 2.1367404719170975
--------
nle(id0,id1,dist): 4 22 2.746765025504314
list:
dist: 2.746765025504314 vs. 2.746765025504314
--------
nle(id0,id1,dist): 4 21 3.259579930609791
list:
dist: 3.259579930609791 vs. 3.259579930609791
--------
nle(id0,id1,dist): 4 19 1.6303014968917595
list:
dist: 1.6303014968917595 vs. 1.6303014968917595
--------
nle(id0,id1,dist): 4 17 3.0274999710744535
list:
dist: 3.0274999710744535 vs. 3.0274999710744535
--------
nle(id0,id1,dist): 4 16 1.5362989254152355
list:
dist: 1.5362989254152355 vs. 1.5362989254152355
--------
nle(id0,id1,dist): 4 15 0.4764233643751348
list:
dist: 0.4764233643751348 vs. 0.4764233643751348
--------
nle(id0,id1,dist): 4 13 0.9590560473490772
list:
dist: 0.9590560473490772 vs. 0.9590560473490772
--------
nle(id0,id1,dist): 6 21 4.121093233296479
list:
dist: 4.121093233296479 vs. 4.121093233296479
--------
nle(id0,id1,dist): 6 22 3.9165310646200338
list:
dist: 3.9165310646200338 vs. 3.9165310646200338
--------
nle(id0,id1,dist): 6 24 3.104101776889443
list:
dist: 3.104101776889443 vs. 3.104101776889443
--------
nle(id0,id1,dist): 6 25 2.6885781330575607
list:
dist: 2.6885781330575607 vs. 2.6885781330575607
--------
nle(id0,id1,dist): 5 24 2.3622533597732387
list:
dist: 2.3622533597732387 vs. 2.3622533597732387
--------
nle(id0,id1,dist): 5 25 2.125489299458307
list:
dist: 2.125489299458307 vs. 2.125489299458307
--------
nle(id0,id1,dist): 6 13 2.0001393652712545
list:
dist: 2.0001393652712545 vs. 2.0001393652712545
--------
nle(id0,id1,dist): 6 12 4.867550167954694
list:
dist: 4.867550167954694 vs. 4.867550167954694
--------
nle(id0,id1,dist): 6 17 3.8094050985482104
list:
dist: 3.8094050985482104 vs. 3.8094050985482104
--------
nle(id0,id1,dist): 6 16 2.8024877116874154
list:
dist: 2.8024877116874154 vs. 2.8024877116874154
--------
nle(id0,id1,dist): 6 15 1.6470947355581789
list:
dist: 1.6470947355581789 vs. 1.6470947355581789
--------
nle(id0,id1,dist): 6 10 2.1127653771457755
list:
dist: 2.1127653771457755 vs. 2.1127653771457755
--------
nle(id0,id1,dist): 6 9 1.948977814563961
list:
dist: 1.948977814563961 vs. 1.948977814563961
--------
nle(id0,id1,dist): 6 8 2.162045735814947
list:
dist: 2.162045735814947 vs. 2.162045735814947
--------
nle(id0,id1,dist): 8 13 1.483512021187781
list:
dist: 1.483512021187781 vs. 1.483512021187781
--------
nle(id0,id1,dist): 8 16 2.171104956261048
list:
dist: 2.171104956261048 vs. 2.171104956261048
--------
nle(id0,id1,dist): 8 15 2.2885799793906956
list:
dist: 2.2885799793906956 vs. 2.2885799793906956
--------
nle(id0,id1,dist): 8 10 2.5762913749644354
list:
dist: 2.5762913749644354 vs. 2.5762913749644354
--------
nle(id0,id1,dist): 8 9 0.9854565076195825
list:
dist: 0.9854565076195825 vs. 0.9854565076195825
--------
nle(id0,id1,dist): 8 12 4.0633245067122
list:
dist: 4.0633245067122 vs. 4.0633245067122
--------
nle(id0,id1,dist): 8 22 2.731672039664647
list:
dist: 2.731672039664647 vs. 2.731672039664647
--------
nle(id0,id1,dist): 8 21 2.5736073113678084
list:
dist: 2.5736073113678084 vs. 2.5736073113678084
--------
nle(id0,id1,dist): 8 24 1.6982939965703634
list:
dist: 1.6982939965703634 vs. 1.6982939965703634
--------
nle(id0,id1,dist): 8 23 2.8388188262015004
list:
dist: 2.8388188262015004 vs. 2.8388188262015004
--------
nle(id0,id1,dist): 8 18 2.881074164359046
list:
dist: 2.881074164359046 vs. 2.881074164359046
--------
nle(id0,id1,dist): 8 17 2.0052632272923807
list:
dist: 2.0052632272923807 vs. 2.0052632272923807
--------
nle(id0,id1,dist): 8 20 3.060335498381464
list:
dist: 3.060335498381464 vs. 3.060335498381464
--------
nle(id0,id1,dist): 8 29 2.483685967430938
list:
dist: 2.483685967430938 vs. 2.483685967430938
--------
nle(id0,id1,dist): 8 25 1.9480899505476343
list:
dist: 1.9480899505476343 vs. 1.9480899505476343
--------
nle(id0,id1,dist): 10 13 1.3788316957791376
list:
dist: 1.3788316957791376 vs. 1.3788316957791376
--------
nle(id0,id1,dist): 10 15 0.8483538396753689
list:
dist: 0.8483538396753689 vs. 0.8483538396753689
--------
nle(id0,id1,dist): 10 16 1.449165924473126
list:
dist: 1.449165924473126 vs. 1.449165924473126
--------
nle(id0,id1,dist): 10 17 2.9858669401085667
list:
dist: 2.9858669401085667 vs. 2.9858669401085667
--------
nle(id0,id1,dist): 10 19 2.3107453679862453
list:
dist: 2.3107453679862453 vs. 2.3107453679862453
--------
nle(id0,id1,dist): 10 21 2.906334320011537
list:
dist: 2.906334320011537 vs. 2.906334320011537
--------
nle(id0,id1,dist): 10 22 2.475449090220226
list:
dist: 2.475449090220226 vs. 2.475449090220226
--------
nle(id0,id1,dist): 10 24 2.1824955553191083
list:
dist: 2.1824955553191083 vs. 2.1824955553191083
--------
nle(id0,id1,dist): 10 25 1.3895273090441662
list:
dist: 1.3895273090441662 vs. 1.3895273090441662
--------
nle(id0,id1,dist): 10 26 1.3861680887308823
list:
dist: 1.3861680887308823 vs. 1.3861680887308823
--------
nle(id0,id1,dist): 10 27 2.891110866702364
list:
dist: 2.891110866702364 vs. 2.891110866702364
--------
nle(id0,id1,dist): 10 28 2.3602450552459833
list:
dist: 2.3602450552459833 vs. 2.3602450552459833
--------
nle(id0,id1,dist): 9 10 2.524744726455194
list:
dist: 2.524744726455194 vs. 2.524744726455194
--------
nle(id0,id1,dist): 9 15 2.4397791641321964
list:
dist: 2.4397791641321964 vs. 2.4397791641321964
--------
nle(id0,id1,dist): 9 13 1.9280208303584196
list:
dist: 1.9280208303584196 vs. 1.9280208303584196
--------
nle(id0,id1,dist): 9 12 3.344892955258803
list:
dist: 3.344892955258803 vs. 3.344892955258803
--------
nle(id0,id1,dist): 9 18 3.317035132213454
list:
dist: 3.317035132213454 vs. 3.317035132213454
--------
nle(id0,id1,dist): 9 17 2.5565162360708107
list:
dist: 2.5565162360708107 vs. 2.5565162360708107
--------
nle(id0,id1,dist): 9 16 2.6193472580959614
list:
dist: 2.6193472580959614 vs. 2.6193472580959614
--------
nle(id0,id1,dist): 9 22 3.2294946895297376
list:
dist: 3.2294946895297376 vs. 3.2294946895297376
--------
nle(id0,id1,dist): 9 23 3.584164277433975
list:
dist: 3.584164277433975 vs. 3.584164277433975
--------
nle(id0,id1,dist): 9 20 3.1940861941221383
list:
dist: 3.1940861941221383 vs. 3.1940861941221383
--------
nle(id0,id1,dist): 9 21 2.9389002666603052
list:
dist: 2.9389002666603052 vs. 2.9389002666603052
--------
nle(id0,id1,dist): 9 24 2.2960753992650664
list:
dist: 2.2960753992650664 vs. 2.2960753992650664
--------
nle(id0,id1,dist): 9 25 1.9475011834998348
list:
dist: 1.9475011834998348 vs. 1.9475011834998348
--------
nle(id0,id1,dist): 9 29 3.275229972672208
list:
dist: 3.275229972672208 vs. 3.275229972672208
--------
nle(id0,id1,dist): 13 26 1.6857424873701572
list:
dist: 1.6857424873701572 vs. 1.6857424873701572
--------
nle(id0,id1,dist): 13 27 2.145890754036075
list:
dist: 2.145890754036075 vs. 2.145890754036075
--------
nle(id0,id1,dist): 13 24 1.2014166693594726
list:
dist: 1.2014166693594726 vs. 1.2014166693594726
--------
nle(id0,id1,dist): 13 25 1.3143225145573165
list:
dist: 1.3143225145573165 vs. 1.3143225145573165
--------
nle(id0,id1,dist): 13 28 2.0754786155633784
list:
dist: 2.0754786155633784 vs. 2.0754786155633784
--------
nle(id0,id1,dist): 13 19 1.4058193644385406
list:
dist: 1.4058193644385406 vs. 1.4058193644385406
--------
nle(id0,id1,dist): 13 16 0.8865528894732606
list:
dist: 0.8865528894732606 vs. 0.8865528894732606
--------
nle(id0,id1,dist): 13 17 2.072280681343227
list:
dist: 2.072280681343227 vs. 2.072280681343227
--------
nle(id0,id1,dist): 13 22 1.9511460903222262
list:
dist: 1.9511460903222262 vs. 1.9511460903222262
--------
nle(id0,id1,dist): 13 21 2.336484954868295
list:
dist: 2.336484954868295 vs. 2.336484954868295
--------
nle(id0,id1,dist): 13 15 1.0331706029842047
list:
dist: 1.0331706029842047 vs. 1.0331706029842047
--------
nle(id0,id1,dist): 15 28 2.531357515523018
list:
dist: 2.531357515523018 vs. 2.531357515523018
--------
nle(id0,id1,dist): 15 26 1.6823418276588074
list:
dist: 1.6823418276588074 vs. 1.6823418276588074
--------
nle(id0,id1,dist): 15 27 2.8228738462357787
list:
dist: 2.8228738462357787 vs. 2.8228738462357787
--------
nle(id0,id1,dist): 15 24 2.1494248336576987
list:
dist: 2.1494248336576987 vs. 2.1494248336576987
--------
nle(id0,id1,dist): 15 25 1.8011897246438529
list:
dist: 1.8011897246438529 vs. 1.8011897246438529
--------
nle(id0,id1,dist): 15 22 2.6426350599455763
list:
dist: 2.6426350599455763 vs. 2.6426350599455763
--------
nle(id0,id1,dist): 15 21 3.1604745982415072
list:
dist: 3.1604745982415072 vs. 3.1604745982415072
--------
nle(id0,id1,dist): 15 19 1.821267932658304
list:
dist: 1.821267932658304 vs. 1.821267932658304
--------
nle(id0,id1,dist): 15 17 3.0414305336581346
list:
dist: 3.0414305336581346 vs. 3.0414305336581346
--------
nle(id0,id1,dist): 15 16 1.4305730996706605
list:
dist: 1.4305730996706605 vs. 1.4305730996706605
--------
nle(id0,id1,dist): 17 18 1.1680485547365091
list:
dist: 1.1680485547365091 vs. 1.1680485547365091
--------
nle(id0,id1,dist): 17 19 2.4823478978335443
list:
dist: 2.4823478978335443 vs. 2.4823478978335443
--------
nle(id0,id1,dist): 17 22 1.3241133486664867
list:
dist: 1.3241133486664867 vs. 1.3241133486664867
--------
nle(id0,id1,dist): 17 23 1.1854630102621397
list:
dist: 1.1854630102621397 vs. 1.1854630102621397
--------
nle(id0,id1,dist): 17 20 1.616062518051915
list:
dist: 1.616062518051915 vs. 1.616062518051915
--------
nle(id0,id1,dist): 17 21 0.7887103775674802
list:
dist: 0.7887103775674802 vs. 0.7887103775674802
--------
nle(id0,id1,dist): 17 26 2.59230268012075
list:
dist: 2.59230268012075 vs. 2.59230268012075
--------
nle(id0,id1,dist): 17 27 1.7539304146163865
list:
dist: 1.7539304146163865 vs. 1.7539304146163865
--------
nle(id0,id1,dist): 17 24 0.932553545957518
list:
dist: 0.932553545957518 vs. 0.932553545957518
--------
nle(id0,id1,dist): 17 25 1.7980443275734168
list:
dist: 1.7980443275734168 vs. 1.7980443275734168
--------
nle(id0,id1,dist): 16 17 1.8748960638830823
list:
dist: 1.8748960638830823 vs. 1.8748960638830823
--------
nle(id0,id1,dist): 16 18 3.005699659028816
list:
dist: 3.005699659028816 vs. 3.005699659028816
--------
nle(id0,id1,dist): 16 19 1.2517739305854425
list:
dist: 1.2517739305854425 vs. 1.2517739305854425
--------
nle(id0,id1,dist): 16 20 3.1886075736810415
list:
dist: 3.1886075736810415 vs. 3.1886075736810415
--------
nle(id0,id1,dist): 16 21 1.9015946961264274
list:
dist: 1.9015946961264274 vs. 1.9015946961264274
--------
nle(id0,id1,dist): 16 22 1.2236800147784153
list:
dist: 1.2236800147784153 vs. 1.2236800147784153
--------
nle(id0,id1,dist): 16 23 2.258765255320488
list:
dist: 2.258765255320488 vs. 2.258765255320488
--------
nle(id0,id1,dist): 16 24 0.9835084954761589
list:
dist: 0.9835084954761589 vs. 0.9835084954761589
--------
nle(id0,id1,dist): 16 25 1.248009419352056
list:
dist: 1.248009419352056 vs. 1.248009419352056
--------
nle(id0,id1,dist): 16 26 0.9574695218309657
list:
dist: 0.9574695218309657 vs. 0.9574695218309657
--------
nle(id0,id1,dist): 16 27 1.4734481234456727
list:
dist: 1.4734481234456727 vs. 1.4734481234456727
--------
nle(id0,id1,dist): 16 28 1.2040191575326171
list:
dist: 1.2040191575326171 vs. 1.2040191575326171
--------
nle(id0,id1,dist): 16 29 2.4702317738169395
list:
dist: 2.4702317738169395 vs. 2.4702317738169395
--------
nle(id0,id1,dist): 1 3 2.3513389684144896
list:
dist: 2.3513389684144896 vs. 2.3513389684144896
--------
nle(id0,id1,dist): 1 4 3.1671023842462467
list:
dist: 3.1671023842462467 vs. 3.1671023842462467
--------
nle(id0,id1,dist): 1 5 3.107045610500477
list:
dist: 3.107045610500477 vs. 3.107045610500477
--------
nle(id0,id1,dist): 1 6 2.203628479646718
list:
dist: 2.203628479646718 vs. 2.203628479646718
--------
nle(id0,id1,dist): 1 10 2.867715443073198
list:
dist: 2.867715443073198 vs. 2.867715443073198
--------
nle(id0,id1,dist): 2 5 1.6917306585830498
list:
dist: 1.6917306585830498 vs. 1.6917306585830498
--------
nle(id0,id1,dist): 2 6 2.806912945705968
list:
dist: 2.806912945705968 vs. 2.806912945705968
--------
nle(id0,id1,dist): 2 3 1.7291984115691272
list:
dist: 1.7291984115691272 vs. 1.7291984115691272
--------
nle(id0,id1,dist): 2 4 3.1027581161520073
list:
dist: 3.1027581161520073 vs. 3.1027581161520073
--------
nle(id0,id1,dist): 1 15 2.9782411668745206
list:
dist: 2.9782411668745206 vs. 2.9782411668745206
--------
nle(id0,id1,dist): 1 13 3.6554647919578693
list:
dist: 3.6554647919578693 vs. 3.6554647919578693
--------
nle(id0,id1,dist): 2 29 3.437343297068735
list:
dist: 3.437343297068735 vs. 3.437343297068735
--------
nle(id0,id1,dist): 2 23 3.694645796474592
list:
dist: 3.694645796474592 vs. 3.694645796474592
--------
nle(id0,id1,dist): 2 24 2.528516519043266
list:
dist: 2.528516519043266 vs. 2.528516519043266
--------
nle(id0,id1,dist): 2 25 1.9126370652073426
list:
dist: 1.9126370652073426 vs. 1.9126370652073426
--------
nle(id0,id1,dist): 2 12 2.8109906669839635
list:
dist: 2.8109906669839635 vs. 2.8109906669839635
--------
nle(id0,id1,dist): 2 13 2.5123298616927143
list:
dist: 2.5123298616927143 vs. 2.5123298616927143
--------
nle(id0,id1,dist): 2 8 1.7698958484965968
list:
dist: 1.7698958484965968 vs. 1.7698958484965968
--------
nle(id0,id1,dist): 2 10 2.830891190183164
list:
dist: 2.830891190183164 vs. 2.830891190183164
--------
nle(id0,id1,dist): 2 9 1.0502681714862934
list:
dist: 1.0502681714862934 vs. 1.0502681714862934
--------
nle(id0,id1,dist): 2 20 2.603357362857695
list:
dist: 2.603357362857695 vs. 2.603357362857695
--------
nle(id0,id1,dist): 2 22 3.2643379933227314
list:
dist: 3.2643379933227314 vs. 3.2643379933227314
--------
nle(id0,id1,dist): 2 21 2.7094275114775117
list:
dist: 2.7094275114775117 vs. 2.7094275114775117
--------
nle(id0,id1,dist): 2 16 2.950835805256183
list:
dist: 2.950835805256183 vs. 2.950835805256183
--------
nle(id0,id1,dist): 2 15 3.037188371935815
list:
dist: 3.037188371935815 vs. 3.037188371935815
--------
nle(id0,id1,dist): 2 18 3.0255467180144855
list:
dist: 3.0255467180144855 vs. 3.0255467180144855
--------
nle(id0,id1,dist): 2 17 2.5276411533019676
list:
dist: 2.5276411533019676 vs. 2.5276411533019676
--------
nle(id0,id1,dist): 3 24 2.3841057478513825
list:
dist: 2.3841057478513825 vs. 2.3841057478513825
--------
nle(id0,id1,dist): 3 25 1.5489610222400776
list:
dist: 1.5489610222400776 vs. 1.5489610222400776
--------
nle(id0,id1,dist): 3 22 3.1005123084614796
list:
dist: 3.1005123084614796 vs. 3.1005123084614796
--------
nle(id0,id1,dist): 3 21 3.108392191918443
list:
dist: 3.108392191918443 vs. 3.108392191918443
--------
nle(id0,id1,dist): 3 9 1.2881348278137004
list:
dist: 1.2881348278137004 vs. 1.2881348278137004
--------
nle(id0,id1,dist): 3 8 1.7902082532112467
list:
dist: 1.7902082532112467 vs. 1.7902082532112467
--------
nle(id0,id1,dist): 3 6 1.3707220187710967
list:
dist: 1.3707220187710967 vs. 1.3707220187710967
--------
nle(id0,id1,dist): 3 5 1.1999201734638398
list:
dist: 1.1999201734638398 vs. 1.1999201734638398
--------
nle(id0,id1,dist): 3 4 1.6847127182015176
list:
dist: 1.6847127182015176 vs. 1.6847127182015176
--------
nle(id0,id1,dist): 3 17 2.9665559404416038
list:
dist: 2.9665559404416038 vs. 2.9665559404416038
--------
nle(id0,id1,dist): 3 16 2.199816541930814
list:
dist: 2.199816541930814 vs. 2.199816541930814
--------
nle(id0,id1,dist): 3 15 1.5457867980268918
list:
dist: 1.5457867980268918 vs. 1.5457867980268918
--------
nle(id0,id1,dist): 3 13 1.587503857948606
list:
dist: 1.587503857948606 vs. 1.587503857948606
--------
nle(id0,id1,dist): 3 12 4.2088541773387345
list:
dist: 4.2088541773387345 vs. 4.2088541773387345
--------
nle(id0,id1,dist): 3 10 1.451405157838596
list:
dist: 1.451405157838596 vs. 1.451405157838596
--------
nle(id0,id1,dist): 37 55 2.3704629379079987
list:
dist: 2.3704629379079987 vs. 2.3704629379079987
--------
nle(id0,id1,dist): 37 40 3.2522202212917763
list:
dist: 3.2522202212917763 vs. 3.2522202212917763
--------
nle(id0,id1,dist): 37 41 1.1269121955940937
list:
dist: 1.1269121955940937 vs. 1.1269121955940937
--------
nle(id0,id1,dist): 37 44 0.8584760329053243
list:
dist: 0.8584760329053243 vs. 0.8584760329053243
--------
nle(id0,id1,dist): 37 45 1.9244936364981495
list:
dist: 1.9244936364981495 vs. 1.9244936364981495
--------
nle(id0,id1,dist): 36 55 2.598311854035738
list:
dist: 2.598311854035738 vs. 2.598311854035738
--------
nle(id0,id1,dist): 36 54 2.6735114124816697
list:
dist: 2.6735114124816697 vs. 2.6735114124816697
--------
nle(id0,id1,dist): 36 57 1.5357627521238861
list:
dist: 1.5357627521238861 vs. 1.5357627521238861
--------
nle(id0,id1,dist): 36 47 3.332723105385791
list:
dist: 3.332723105385791 vs. 3.332723105385791
--------
nle(id0,id1,dist): 36 48 3.2610515374052422
list:
dist: 3.2610515374052422 vs. 3.2610515374052422
--------
nle(id0,id1,dist): 36 45 2.6977020476233267
list:
dist: 2.6977020476233267 vs. 2.6977020476233267
--------
nle(id0,id1,dist): 36 46 2.2532720588027635
list:
dist: 2.2532720588027635 vs. 2.2532720588027635
--------
nle(id0,id1,dist): 36 49 2.937586953227374
list:
dist: 2.937586953227374 vs. 2.937586953227374
--------
nle(id0,id1,dist): 36 50 3.48522823495594
list:
dist: 3.48522823495594 vs. 3.48522823495594
--------
nle(id0,id1,dist): 36 39 2.0878601942355544
list:
dist: 2.0878601942355544 vs. 2.0878601942355544
--------
nle(id0,id1,dist): 36 37 1.3144608367839314
list:
dist: 1.3144608367839314 vs. 1.3144608367839314
--------
nle(id0,id1,dist): 36 44 0.7481894845454641
list:
dist: 0.7481894845454641 vs. 0.7481894845454641
--------
nle(id0,id1,dist): 36 43 2.6617374547563712
list:
dist: 2.6617374547563712 vs. 2.6617374547563712
--------
nle(id0,id1,dist): 36 41 1.663501024964859
list:
dist: 1.663501024964859 vs. 1.663501024964859
--------
nle(id0,id1,dist): 35 55 3.3677639835659607
list:
dist: 3.3677639835659607 vs. 3.3677639835659607
--------
nle(id0,id1,dist): 35 57 2.6156176779146283
list:
dist: 2.6156176779146283 vs. 2.6156176779146283
--------
nle(id0,id1,dist): 35 45 2.697695506290577
list:
dist: 2.697695506290577 vs. 2.697695506290577
--------
nle(id0,id1,dist): 35 44 2.229719610314426
list:
dist: 2.229719610314426 vs. 2.229719610314426
--------
nle(id0,id1,dist): 35 41 2.37079703216692
list:
dist: 2.37079703216692 vs. 2.37079703216692
--------
nle(id0,id1,dist): 35 40 3.7412832481514093
list:
dist: 3.7412832481514093 vs. 3.7412832481514093
--------
nle(id0,id1,dist): 35 37 1.625930512702343
list:
dist: 1.625930512702343 vs. 1.625930512702343
--------
nle(id0,id1,dist): 35 36 2.8326160979653077
list:
dist: 2.8326160979653077 vs. 2.8326160979653077
--------
nle(id0,id1,dist): 34 57 1.581158525368266
list:
dist: 1.581158525368266 vs. 1.581158525368266
--------
nle(id0,id1,dist): 34 55 1.7508832463379191
list:
dist: 1.7508832463379191 vs. 1.7508832463379191
--------
nle(id0,id1,dist): 34 56 2.4190641530801407
list:
dist: 2.4190641530801407 vs. 2.4190641530801407
--------
nle(id0,id1,dist): 34 54 2.9252345552426267
list:
dist: 2.9252345552426267 vs. 2.9252345552426267
--------
nle(id0,id1,dist): 34 51 2.71707664981041
list:
dist: 2.71707664981041 vs. 2.71707664981041
--------
nle(id0,id1,dist): 34 50 2.7806558662083876
list:
dist: 2.7806558662083876 vs. 2.7806558662083876
--------
nle(id0,id1,dist): 34 49 2.2910939258366168
list:
dist: 2.2910939258366168 vs. 2.2910939258366168
--------
nle(id0,id1,dist): 34 48 1.9474383479979005
list:
dist: 1.9474383479979005 vs. 1.9474383479979005
--------
nle(id0,id1,dist): 34 47 2.136953756782595
list:
dist: 2.136953756782595 vs. 2.136953756782595
--------
nle(id0,id1,dist): 34 45 0.9846438741323192
list:
dist: 0.9846438741323192 vs. 0.9846438741323192
--------
nle(id0,id1,dist): 34 44 2.67522769355063
list:
dist: 2.67522769355063 vs. 2.67522769355063
--------
nle(id0,id1,dist): 34 43 1.8390593608153718
list:
dist: 1.8390593608153718 vs. 1.8390593608153718
--------
nle(id0,id1,dist): 34 42 2.4043393389055128
list:
dist: 2.4043393389055128 vs. 2.4043393389055128
--------
nle(id0,id1,dist): 34 41 1.6998903760255661
list:
dist: 1.6998903760255661 vs. 1.6998903760255661
--------
nle(id0,id1,dist): 34 40 1.4612894987546639
list:
dist: 1.4612894987546639 vs. 1.4612894987546639
--------
nle(id0,id1,dist): 34 39 3.015909878230098
list:
dist: 3.015909878230098 vs. 3.015909878230098
--------
nle(id0,id1,dist): 33 61 4.026565426943579
list:
dist: 4.026565426943579 vs. 4.026565426943579
--------
nle(id0,id1,dist): 33 60 2.260759276565952
list:
dist: 2.260759276565952 vs. 2.260759276565952
--------
nle(id0,id1,dist): 33 62 0.7320772008628859
list:
dist: 0.7320772008628859 vs. 0.7320772008628859
--------
nle(id0,id1,dist): 33 65 1.1950149684942606
list:
dist: 1.1950149684942606 vs. 1.1950149684942606
--------
nle(id0,id1,dist): 33 64 1.542963102865404
list:
dist: 1.542963102865404 vs. 1.542963102865404
--------
nle(id0,id1,dist): 33 66 1.4018908439790758
list:
dist: 1.4018908439790758 vs. 1.4018908439790758
--------
nle(id0,id1,dist): 33 69 2.4055227106937758
list:
dist: 2.4055227106937758 vs. 2.4055227106937758
--------
nle(id0,id1,dist): 33 68 3.290307168912773
list:
dist: 3.290307168912773 vs. 3.290307168912773
--------
nle(id0,id1,dist): 33 70 1.2170348186156459
list:
dist: 1.2170348186156459 vs. 1.2170348186156459
--------
nle(id0,id1,dist): 33 73 1.815755375712751
list:
dist: 1.815755375712751 vs. 1.815755375712751
--------
nle(id0,id1,dist): 34 36 2.7641209365817914
list:
dist: 2.7641209365817914 vs. 2.7641209365817914
--------
nle(id0,id1,dist): 33 72 2.3692113074150294
list:
dist: 2.3692113074150294 vs. 2.3692113074150294
--------
nle(id0,id1,dist): 34 35 2.875662957628954
list:
dist: 2.875662957628954 vs. 2.875662957628954
--------
nle(id0,id1,dist): 34 37 2.0519158501225085
list:
dist: 2.0519158501225085 vs. 2.0519158501225085
--------
nle(id0,id1,dist): 33 53 2.280957874122457
list:
dist: 2.280957874122457 vs. 2.280957874122457
--------
nle(id0,id1,dist): 32 51 3.4738871991260862
list:
dist: 3.4738871991260862 vs. 3.4738871991260862
--------
nle(id0,id1,dist): 32 49 2.9663126119673593
list:
dist: 2.9663126119673593 vs. 2.9663126119673593
--------
nle(id0,id1,dist): 32 50 3.33403875040912
list:
dist: 3.33403875040912 vs. 3.33403875040912
--------
nle(id0,id1,dist): 32 55 1.8615515094220425
list:
dist: 1.8615515094220425 vs. 1.8615515094220425
--------
nle(id0,id1,dist): 32 56 3.3902618151629853
list:
dist: 3.3902618151629853 vs. 3.3902618151629853
--------
nle(id0,id1,dist): 32 54 2.8488317865913313
list:
dist: 2.8488317865913313 vs. 2.8488317865913313
--------
nle(id0,id1,dist): 32 57 1.1995494386974528
list:
dist: 1.1995494386974528 vs. 1.1995494386974528
--------
nle(id0,id1,dist): 32 37 1.0579138020805956
list:
dist: 1.0579138020805956 vs. 1.0579138020805956
--------
nle(id0,id1,dist): 32 40 2.268556646705036
list:
dist: 2.268556646705036 vs. 2.268556646705036
--------
nle(id0,id1,dist): 32 39 2.922825333776021
list:
dist: 2.922825333776021 vs. 2.922825333776021
--------
nle(id0,id1,dist): 32 34 1.2370638831457519
list:
dist: 1.2370638831457519 vs. 1.2370638831457519
--------
nle(id0,id1,dist): 32 36 2.159592559335065
list:
dist: 2.159592559335065 vs. 2.159592559335065
--------
nle(id0,id1,dist): 32 35 1.7230739274004239
list:
dist: 1.7230739274004239 vs. 1.7230739274004239
--------
nle(id0,id1,dist): 32 45 1.437358739426031
list:
dist: 1.437358739426031 vs. 1.437358739426031
--------
nle(id0,id1,dist): 32 48 2.772547844238577
list:
dist: 2.772547844238577 vs. 2.772547844238577
--------
nle(id0,id1,dist): 32 47 2.622745796956464
list:
dist: 2.622745796956464 vs. 2.622745796956464
--------
nle(id0,id1,dist): 32 42 2.766861325394511
list:
dist: 2.766861325394511 vs. 2.766861325394511
--------
nle(id0,id1,dist): 32 41 1.4108624681675077
list:
dist: 1.4108624681675077 vs. 1.4108624681675077
--------
nle(id0,id1,dist): 32 44 1.8799655681055587
list:
dist: 1.8799655681055587 vs. 1.8799655681055587
--------
nle(id0,id1,dist): 32 43 2.3915395688037533
list:
dist: 2.3915395688037533 vs. 2.3915395688037533
--------
nle(id0,id1,dist): 31 54 2.4946048606207145
list:
dist: 2.4946048606207145 vs. 2.4946048606207145
--------
nle(id0,id1,dist): 31 55 1.7884165169974844
list:
dist: 1.7884165169974844 vs. 1.7884165169974844
--------
nle(id0,id1,dist): 31 56 3.600223582337271
list:
dist: 3.600223582337271 vs. 3.600223582337271
--------
nle(id0,id1,dist): 31 57 0.81763781451026
list:
dist: 0.81763781451026 vs. 0.81763781451026
--------
nle(id0,id1,dist): 31 45 1.4302006569649823
list:
dist: 1.4302006569649823 vs. 1.4302006569649823
--------
nle(id0,id1,dist): 31 44 1.4366939264384597
list:
dist: 1.4366939264384597 vs. 1.4366939264384597
--------
nle(id0,id1,dist): 31 43 1.8065458843614897
list:
dist: 1.8065458843614897 vs. 1.8065458843614897
--------
nle(id0,id1,dist): 31 41 0.90569235939531
list:
dist: 0.90569235939531 vs. 0.90569235939531
--------
nle(id0,id1,dist): 31 40 2.653705641389074
list:
dist: 2.653705641389074 vs. 2.653705641389074
--------
nle(id0,id1,dist): 31 39 2.2251680926443815
list:
dist: 2.2251680926443815 vs. 2.2251680926443815
--------
nle(id0,id1,dist): 31 50 2.827831385840101
list:
dist: 2.827831385840101 vs. 2.827831385840101
--------
nle(id0,id1,dist): 31 49 2.1934761582785356
list:
dist: 2.1934761582785356 vs. 2.1934761582785356
--------
nle(id0,id1,dist): 31 48 2.2684255780128306
list:
dist: 2.2684255780128306 vs. 2.2684255780128306
--------
nle(id0,id1,dist): 31 47 2.4575102268384916
list:
dist: 2.4575102268384916 vs. 2.4575102268384916
--------
nle(id0,id1,dist): 31 36 1.4130182926092865
list:
dist: 1.4130182926092865 vs. 1.4130182926092865
--------
nle(id0,id1,dist): 31 37 1.1163380613704195
list:
dist: 1.1163380613704195 vs. 1.1163380613704195
--------
nle(id0,id1,dist): 31 34 1.3628095494662755
list:
dist: 1.3628095494662755 vs. 1.3628095494662755
--------
nle(id0,id1,dist): 31 35 2.5862209861106167
list:
dist: 2.5862209861106167 vs. 2.5862209861106167
--------
nle(id0,id1,dist): 31 32 1.1722514724212543
list:
dist: 1.1722514724212543 vs. 1.1722514724212543
--------
nle(id0,id1,dist): 43 59 2.2217100961445015
list:
dist: 2.2217100961445015 vs. 2.2217100961445015
--------
nle(id0,id1,dist): 43 58 2.8319908046739815
list:
dist: 2.8319908046739815 vs. 2.8319908046739815
--------
nle(id0,id1,dist): 44 45 2.426189100742434
list:
dist: 2.426189100742434 vs. 2.426189100742434
--------
nle(id0,id1,dist): 44 46 2.9850501843262673
list:
dist: 2.9850501843262673 vs. 2.9850501843262673
--------
nle(id0,id1,dist): 43 50 1.0477060963367892
list:
dist: 1.0477060963367892 vs. 1.0477060963367892
--------
nle(id0,id1,dist): 43 51 2.654409041578211
list:
dist: 2.654409041578211 vs. 2.654409041578211
--------
nle(id0,id1,dist): 43 52 1.9089990355376958
list:
dist: 1.9089990355376958 vs. 1.9089990355376958
--------
nle(id0,id1,dist): 43 54 1.5704689349048104
list:
dist: 1.5704689349048104 vs. 1.5704689349048104
--------
nle(id0,id1,dist): 43 55 1.0737430685278961
list:
dist: 1.0737430685278961 vs. 1.0737430685278961
--------
nle(id0,id1,dist): 43 56 2.671250849472344
list:
dist: 2.671250849472344 vs. 2.671250849472344
--------
nle(id0,id1,dist): 43 57 1.5337978298027761
list:
dist: 1.5337978298027761 vs. 1.5337978298027761
--------
nle(id0,id1,dist): 43 45 2.565999094087767
list:
dist: 2.565999094087767 vs. 2.565999094087767
--------
nle(id0,id1,dist): 43 47 0.9966723211204289
list:
dist: 0.9966723211204289 vs. 0.9966723211204289
--------
nle(id0,id1,dist): 43 48 0.6619103605663332
list:
dist: 0.6619103605663332 vs. 0.6619103605663332
--------
nle(id0,id1,dist): 43 49 0.7094032788020279
list:
dist: 0.7094032788020279 vs. 0.7094032788020279
--------
nle(id0,id1,dist): 42 43 1.414983736583771
list:
dist: 1.414983736583771 vs. 1.414983736583771
--------
nle(id0,id1,dist): 42 59 2.3054320643077726
list:
dist: 2.3054320643077726 vs. 2.3054320643077726
--------
nle(id0,id1,dist): 42 57 2.1540406835494132
list:
dist: 2.1540406835494132 vs. 2.1540406835494132
--------
nle(id0,id1,dist): 42 58 2.6819557381945414
list:
dist: 2.6819557381945414 vs. 2.6819557381945414
--------
nle(id0,id1,dist): 42 55 1.0129279098066823
list:
dist: 1.0129279098066823 vs. 1.0129279098066823
--------
nle(id0,id1,dist): 42 56 2.287573348451235
list:
dist: 2.287573348451235 vs. 2.287573348451235
--------
nle(id0,id1,dist): 42 54 1.497972595772659
list:
dist: 1.497972595772659 vs. 1.497972595772659
--------
nle(id0,id1,dist): 42 51 1.8381322436478087
list:
dist: 1.8381322436478087 vs. 1.8381322436478087
--------
nle(id0,id1,dist): 42 52 1.980230736203274
list:
dist: 1.980230736203274 vs. 1.980230736203274
--------
nle(id0,id1,dist): 42 49 1.9466817384144761
list:
dist: 1.9466817384144761 vs. 1.9466817384144761
--------
nle(id0,id1,dist): 42 50 1.2836133135015333
list:
dist: 1.2836133135015333 vs. 1.2836133135015333
--------
nle(id0,id1,dist): 42 47 0.44634546502516714
list:
dist: 0.44634546502516714 vs. 0.44634546502516714
--------
nle(id0,id1,dist): 42 48 1.4996749346000835
list:
dist: 1.4996749346000835 vs. 1.4996749346000835
--------
nle(id0,id1,dist): 41 49 2.9363321496654167
list:
dist: 2.9363321496654167 vs. 2.9363321496654167
--------
nle(id0,id1,dist): 41 48 3.010575973480996
list:
dist: 3.010575973480996 vs. 3.010575973480996
--------
nle(id0,id1,dist): 41 50 3.6785642365361326
list:
dist: 3.6785642365361326 vs. 3.6785642365361326
--------
nle(id0,id1,dist): 41 45 1.164418336384497
list:
dist: 1.164418336384497 vs. 1.164418336384497
--------
nle(id0,id1,dist): 41 44 1.326607827613122
list:
dist: 1.326607827613122 vs. 1.326607827613122
--------
nle(id0,id1,dist): 41 47 3.2998776141722783
list:
dist: 3.2998776141722783 vs. 3.2998776141722783
--------
nle(id0,id1,dist): 41 43 2.638495127869054
list:
dist: 2.638495127869054 vs. 2.638495127869054
--------
nle(id0,id1,dist): 41 56 4.102269811852393
list:
dist: 4.102269811852393 vs. 4.102269811852393
--------
nle(id0,id1,dist): 41 57 1.659515825943613
list:
dist: 1.659515825943613 vs. 1.659515825943613
--------
nle(id0,id1,dist): 41 54 3.388335271258471
list:
dist: 3.388335271258471 vs. 3.388335271258471
--------
nle(id0,id1,dist): 41 55 2.646027867160875
list:
dist: 2.646027867160875 vs. 2.646027867160875
--------
nle(id0,id1,dist): 40 43 2.1638793310701607
list:
dist: 2.1638793310701607 vs. 2.1638793310701607
--------
nle(id0,id1,dist): 40 41 3.1444225914200947
list:
dist: 3.1444225914200947 vs. 3.1444225914200947
--------
nle(id0,id1,dist): 40 42 1.8882474879609932
list:
dist: 1.8882474879609932 vs. 1.8882474879609932
--------
nle(id0,id1,dist): 40 47 1.7954317633420862
list:
dist: 1.7954317633420862 vs. 1.7954317633420862
--------
nle(id0,id1,dist): 40 48 1.9824849762852657
list:
dist: 1.9824849762852657 vs. 1.9824849762852657
--------
nle(id0,id1,dist): 40 45 2.3470684137976745
list:
dist: 2.3470684137976745 vs. 2.3470684137976745
--------
nle(id0,id1,dist): 40 51 1.3371848105204036
list:
dist: 1.3371848105204036 vs. 1.3371848105204036
--------
nle(id0,id1,dist): 40 49 2.649120263743314
list:
dist: 2.649120263743314 vs. 2.649120263743314
--------
nle(id0,id1,dist): 40 55 1.8838935697787942
list:
dist: 1.8838935697787942 vs. 1.8838935697787942
--------
nle(id0,id1,dist): 40 56 1.1497891827072015
list:
dist: 1.1497891827072015 vs. 1.1497891827072015
--------
nle(id0,id1,dist): 39 46 1.2538291283333398
list:
dist: 1.2538291283333398 vs. 1.2538291283333398
--------
nle(id0,id1,dist): 39 47 2.065190799494713
list:
dist: 2.065190799494713 vs. 2.065190799494713
--------
nle(id0,id1,dist): 39 48 2.2208784309046026
list:
dist: 2.2208784309046026 vs. 2.2208784309046026
--------
nle(id0,id1,dist): 39 49 1.8293074175369741
list:
dist: 1.8293074175369741 vs. 1.8293074175369741
--------
nle(id0,id1,dist): 39 50 1.8340919594749203
list:
dist: 1.8340919594749203 vs. 1.8340919594749203
--------
nle(id0,id1,dist): 39 52 2.863294011665926
list:
dist: 2.863294011665926 vs. 2.863294011665926
--------
nle(id0,id1,dist): 39 54 0.9446543805582992
list:
dist: 0.9446543805582992 vs. 0.9446543805582992
--------
nle(id0,id1,dist): 39 55 1.7479487435496193
list:
dist: 1.7479487435496193 vs. 1.7479487435496193
--------
nle(id0,id1,dist): 39 57 1.7265479495984224
list:
dist: 1.7265479495984224 vs. 1.7265479495984224
--------
nle(id0,id1,dist): 39 58 3.145266900168949
list:
dist: 3.145266900168949 vs. 3.145266900168949
--------
nle(id0,id1,dist): 39 59 2.1760851022288286
list:
dist: 2.1760851022288286 vs. 2.1760851022288286
--------
nle(id0,id1,dist): 38 53 2.3096504493498227
list:
dist: 2.3096504493498227 vs. 2.3096504493498227
--------
nle(id0,id1,dist): 38 68 1.2357817012037946
list:
dist: 1.2357817012037946 vs. 1.2357817012037946
--------
nle(id0,id1,dist): 39 45 3.539693056939829
list:
dist: 3.539693056939829 vs. 3.539693056939829
--------
nle(id0,id1,dist): 39 43 1.6244119344019605
list:
dist: 1.6244119344019605 vs. 1.6244119344019605
--------
nle(id0,id1,dist): 39 42 2.2323416221618877
list:
dist: 2.2323416221618877 vs. 2.2323416221618877
--------
nle(id0,id1,dist): 39 41 3.05500252513072
list:
dist: 3.05500252513072 vs. 3.05500252513072
--------
nle(id0,id1,dist): 37 57 1.2975410786503965
list:
dist: 1.2975410786503965 vs. 1.2975410786503965
--------
nle(id0,id1,dist): 23 28 1.9359810931643695
list:
dist: 1.9359810931643695 vs. 1.9359810931643695
--------
nle(id0,id1,dist): 23 29 0.6720255972244706
list:
dist: 0.6720255972244706 vs. 0.6720255972244706
--------
nle(id0,id1,dist): 23 27 1.2572359664987098
list:
dist: 1.2572359664987098 vs. 1.2572359664987098
--------
nle(id0,id1,dist): 23 24 1.5514058040864307
list:
dist: 1.5514058040864307 vs. 1.5514058040864307
--------
nle(id0,id1,dist): 23 25 2.715782830438322
list:
dist: 2.715782830438322 vs. 2.715782830438322
--------
nle(id0,id1,dist): 21 26 2.349909885231114
list:
dist: 2.349909885231114 vs. 2.349909885231114
--------
nle(id0,id1,dist): 21 27 1.7739677393507245
list:
dist: 1.7739677393507245 vs. 1.7739677393507245
--------
nle(id0,id1,dist): 21 24 1.2408977912158368
list:
dist: 1.2408977912158368 vs. 1.2408977912158368
--------
nle(id0,id1,dist): 21 25 1.675473580279864
list:
dist: 1.675473580279864 vs. 1.675473580279864
--------
nle(id0,id1,dist): 21 28 1.7056511611373495
list:
dist: 1.7056511611373495 vs. 1.7056511611373495
--------
nle(id0,id1,dist): 21 29 1.703955882895396
list:
dist: 1.703955882895396 vs. 1.703955882895396
--------
nle(id0,id1,dist): 21 23 1.4847486555027434
list:
dist: 1.4847486555027434 vs. 1.4847486555027434
--------
nle(id0,id1,dist): 21 22 1.0405538851192402
list:
dist: 1.0405538851192402 vs. 1.0405538851192402
--------
nle(id0,id1,dist): 22 27 0.9049108127098432
list:
dist: 0.9049108127098432 vs. 0.9049108127098432
--------
nle(id0,id1,dist): 22 28 0.6962862550237551
list:
dist: 0.6962862550237551 vs. 0.6962862550237551
--------
nle(id0,id1,dist): 22 29 1.881644765562144
list:
dist: 1.881644765562144 vs. 1.881644765562144
--------
nle(id0,id1,dist): 22 23 1.43754399430676
list:
dist: 1.43754399430676 vs. 1.43754399430676
--------
nle(id0,id1,dist): 22 24 1.040871546651023
list:
dist: 1.040871546651023 vs. 1.040871546651023
--------
nle(id0,id1,dist): 22 25 1.6860671800758813
list:
dist: 1.6860671800758813 vs. 1.6860671800758813
--------
nle(id0,id1,dist): 22 26 1.5445200208068683
list:
dist: 1.5445200208068683 vs. 1.5445200208068683
--------
nle(id0,id1,dist): 19 24 1.6692115722199565
list:
dist: 1.6692115722199565 vs. 1.6692115722199565
--------
nle(id0,id1,dist): 19 25 2.425652902600258
list:
dist: 2.425652902600258 vs. 2.425652902600258
--------
nle(id0,id1,dist): 19 22 1.9706014643322423
list:
dist: 1.9706014643322423 vs. 1.9706014643322423
--------
nle(id0,id1,dist): 19 21 2.7605847764776428
list:
dist: 2.7605847764776428 vs. 2.7605847764776428
--------
nle(id0,id1,dist): 19 28 1.8279210848612466
list:
dist: 1.8279210848612466 vs. 1.8279210848612466
--------
nle(id0,id1,dist): 19 26 1.8114849749797852
list:
dist: 1.8114849749797852 vs. 1.8114849749797852
--------
nle(id0,id1,dist): 19 27 1.5371417257825863
list:
dist: 1.5371417257825863 vs. 1.5371417257825863
--------
nle(id0,id1,dist): 20 29 2.3368935364463144
list:
dist: 2.3368935364463144 vs. 2.3368935364463144
--------
nle(id0,id1,dist): 20 25 2.5522184727186796
list:
dist: 2.5522184727186796 vs. 2.5522184727186796
--------
nle(id0,id1,dist): 20 27 3.1187661456382174
list:
dist: 3.1187661456382174 vs. 3.1187661456382174
--------
nle(id0,id1,dist): 20 28 3.1085327549917365
list:
dist: 3.1085327549917365 vs. 3.1085327549917365
--------
nle(id0,id1,dist): 20 21 1.4145791069401457
list:
dist: 1.4145791069401457 vs. 1.4145791069401457
--------
nle(id0,id1,dist): 20 22 2.453831847995568
list:
dist: 2.453831847995568 vs. 2.453831847995568
--------
nle(id0,id1,dist): 20 23 2.397952926753449
list:
dist: 2.397952926753449 vs. 2.397952926753449
--------
nle(id0,id1,dist): 20 24 2.4039668381052373
list:
dist: 2.4039668381052373 vs. 2.4039668381052373
--------
nle(id0,id1,dist): 18 22 2.183741872608873
list:
dist: 2.183741872608873 vs. 2.183741872608873
--------
nle(id0,id1,dist): 18 21 1.3198117249112347
list:
dist: 1.3198117249112347 vs. 1.3198117249112347
--------
nle(id0,id1,dist): 18 20 1.0124240867320295
list:
dist: 1.0124240867320295 vs. 1.0124240867320295
--------
nle(id0,id1,dist): 17 28 2.0020697253584245
list:
dist: 2.0020697253584245 vs. 2.0020697253584245
--------
nle(id0,id1,dist): 17 29 1.1125925722728545
list:
dist: 1.1125925722728545 vs. 1.1125925722728545
--------
nle(id0,id1,dist): 18 23 1.5811679533752876
list:
dist: 1.5811679533752876 vs. 1.5811679533752876
--------
nle(id0,id1,dist): 18 24 2.0973847500879006
list:
dist: 2.0973847500879006 vs. 2.0973847500879006
--------
nle(id0,id1,dist): 18 25 2.752294879208555
list:
dist: 2.752294879208555 vs. 2.752294879208555
--------
nle(id0,id1,dist): 18 27 2.5866448602763477
list:
dist: 2.5866448602763477 vs. 2.5866448602763477
--------
nle(id0,id1,dist): 18 28 2.8652113290387997
list:
dist: 2.8652113290387997 vs. 2.8652113290387997
--------
nle(id0,id1,dist): 18 29 1.4368502707849937
list:
dist: 1.4368502707849937 vs. 1.4368502707849937
--------
nle(id0,id1,dist): 30 41 2.0689276982187956
list:
dist: 2.0689276982187956 vs. 2.0689276982187956
--------
nle(id0,id1,dist): 30 40 4.3068420598549855
list:
dist: 4.3068420598549855 vs. 4.3068420598549855
--------
nle(id0,id1,dist): 30 37 2.0295607916785126
list:
dist: 2.0295607916785126 vs. 2.0295607916785126
--------
nle(id0,id1,dist): 30 36 3.035076893595016
list:
dist: 3.035076893595016 vs. 3.035076893595016
--------
nle(id0,id1,dist): 30 35 1.552222270497978
list:
dist: 1.552222270497978 vs. 1.552222270497978
--------
nle(id0,id1,dist): 30 34 3.1162095466446744
list:
dist: 3.1162095466446744 vs. 3.1162095466446744
--------
nle(id0,id1,dist): 30 32 2.3307905761925753
list:
dist: 2.3307905761925753 vs. 2.3307905761925753
--------
nle(id0,id1,dist): 30 31 2.7714572359776892
list:
dist: 2.7714572359776892 vs. 2.7714572359776892
--------
nle(id0,id1,dist): 30 57 3.218282901657368
list:
dist: 3.218282901657368 vs. 3.218282901657368
--------
nle(id0,id1,dist): 30 55 4.157117467636923
list:
dist: 4.157117467636923 vs. 4.157117467636923
--------
nle(id0,id1,dist): 30 45 2.4460377444646255
list:
dist: 2.4460377444646255 vs. 2.4460377444646255
--------
nle(id0,id1,dist): 30 44 2.3050894524325747
list:
dist: 2.3050894524325747 vs. 2.3050894524325747
--------
nle(id0,id1,dist): 28 29 2.4397594078018985
list:
dist: 2.4397594078018985 vs. 2.4397594078018985
--------
nle(id0,id1,dist): 26 27 1.8453419401586222
list:
dist: 1.8453419401586222 vs. 1.8453419401586222
--------
nle(id0,id1,dist): 26 28 1.129691408908911
list:
dist: 1.129691408908911 vs. 1.129691408908911
--------
nle(id0,id1,dist): 27 29 1.7657816870654308
list:
dist: 1.7657816870654308 vs. 1.7657816870654308
--------
nle(id0,id1,dist): 27 28 0.9205720162907898
list:
dist: 0.9205720162907898 vs. 0.9205720162907898
--------
nle(id0,id1,dist): 24 25 1.2918213046735212
list:
dist: 1.2918213046735212 vs. 1.2918213046735212
--------
nle(id0,id1,dist): 24 26 1.8306253817400635
list:
dist: 1.8306253817400635 vs. 1.8306253817400635
--------
nle(id0,id1,dist): 24 27 1.3948353434326426
list:
dist: 1.3948353434326426 vs. 1.3948353434326426
--------
nle(id0,id1,dist): 24 28 1.517827558398676
list:
dist: 1.517827558398676 vs. 1.517827558398676
--------
nle(id0,id1,dist): 24 29 1.6090168521015205
list:
dist: 1.6090168521015205 vs. 1.6090168521015205
--------
nle(id0,id1,dist): 25 26 1.6486775910223468
list:
dist: 1.6486775910223468 vs. 1.6486775910223468
--------
nle(id0,id1,dist): 25 27 2.381599293222238
list:
dist: 2.381599293222238 vs. 2.381599293222238
--------
nle(id0,id1,dist): 25 28 1.9644213436845104
list:
dist: 1.9644213436845104 vs. 1.9644213436845104
--------
nle(id0,id1,dist): 25 29 2.795925757460849
list:
dist: 2.795925757460849 vs. 2.795925757460849
--------
nle(id0,id1,dist): 62 64 1.7098518111882441
list:
dist: 1.7098518111882441 vs. 1.7098518111882441
--------
nle(id0,id1,dist): 61 103 3.853411863527496
list:
dist: 3.853411863527496 vs. 3.853411863527496
--------
nle(id0,id1,dist): 62 66 1.9742802853389083
list:
dist: 1.9742802853389083 vs. 1.9742802853389083
--------
nle(id0,id1,dist): 62 65 1.7004728080710798
list:
dist: 1.7004728080710798 vs. 1.7004728080710798
--------
nle(id0,id1,dist): 62 72 2.6959448223649116
list:
dist: 2.6959448223649116 vs. 2.6959448223649116
--------
nle(id0,id1,dist): 62 73 1.7950885417050857
list:
dist: 1.7950885417050857 vs. 1.7950885417050857
--------
nle(id0,id1,dist): 62 68 3.1077817194566166
list:
dist: 3.1077817194566166 vs. 3.1077817194566166
--------
nle(id0,id1,dist): 62 70 1.6858336040619135
list:
dist: 1.6858336040619135 vs. 1.6858336040619135
--------
nle(id0,id1,dist): 62 69 3.0561118163880208
list:
dist: 3.0561118163880208 vs. 3.0561118163880208
--------
nle(id0,id1,dist): 61 87 2.6353622934315264
list:
dist: 2.6353622934315264 vs. 2.6353622934315264
--------
nle(id0,id1,dist): 61 84 2.7411537074835066
list:
dist: 2.7411537074835066 vs. 2.7411537074835066
--------
nle(id0,id1,dist): 61 85 3.9806764550706153
list:
dist: 3.9806764550706153 vs. 3.9806764550706153
--------
nle(id0,id1,dist): 61 82 2.6861418790661062
list:
dist: 2.6861418790661062 vs. 2.6861418790661062
--------
nle(id0,id1,dist): 61 83 3.0194330783515535
list:
dist: 3.0194330783515535 vs. 3.0194330783515535
--------
nle(id0,id1,dist): 61 80 2.5163333543239084
list:
dist: 2.5163333543239084 vs. 2.5163333543239084
--------
nle(id0,id1,dist): 61 71 2.1689527073878194
list:
dist: 2.1689527073878194 vs. 2.1689527073878194
--------
nle(id0,id1,dist): 61 70 3.1130358615131244
list:
dist: 3.1130358615131244 vs. 3.1130358615131244
--------
nle(id0,id1,dist): 61 69 1.7045840706976572
list:
dist: 1.7045840706976572 vs. 1.7045840706976572
--------
nle(id0,id1,dist): 61 66 2.762746641083414
list:
dist: 2.762746641083414 vs. 2.762746641083414
--------
nle(id0,id1,dist): 61 65 3.704460348561227
list:
dist: 3.704460348561227 vs. 3.704460348561227
--------
nle(id0,id1,dist): 61 64 4.194593886700212
list:
dist: 4.194593886700212 vs. 4.194593886700212
--------
nle(id0,id1,dist): 61 78 4.3729998943969415
list:
dist: 4.3729998943969415 vs. 4.3729998943969415
--------
nle(id0,id1,dist): 61 77 3.1211845724286946
list:
dist: 3.1211845724286946 vs. 3.1211845724286946
--------
nle(id0,id1,dist): 61 74 4.700601441813282
list:
dist: 4.700601441813282 vs. 4.700601441813282
--------
nle(id0,id1,dist): 61 73 4.06513620446997
list:
dist: 4.06513620446997 vs. 4.06513620446997
--------
nle(id0,id1,dist): 61 72 2.8348195605683313
list:
dist: 2.8348195605683313 vs. 2.8348195605683313
--------
nle(id0,id1,dist): 64 65 0.9122114936038163
list:
dist: 0.9122114936038163 vs. 0.9122114936038163
--------
nle(id0,id1,dist): 64 66 2.151333428039398
list:
dist: 2.151333428039398 vs. 2.151333428039398
--------
nle(id0,id1,dist): 64 68 1.9618434552056454
list:
dist: 1.9618434552056454 vs. 1.9618434552056454
--------
nle(id0,id1,dist): 64 69 2.5160065565670986
list:
dist: 2.5160065565670986 vs. 2.5160065565670986
--------
nle(id0,id1,dist): 64 70 2.0043022826079926
list:
dist: 2.0043022826079926 vs. 2.0043022826079926
--------
nle(id0,id1,dist): 64 72 2.3633469910212006
list:
dist: 2.3633469910212006 vs. 2.3633469910212006
--------
nle(id0,id1,dist): 64 73 1.5473907888238643
list:
dist: 1.5473907888238643 vs. 1.5473907888238643
--------
nle(id0,id1,dist): 63 87 1.2979797426420836
list:
dist: 1.2979797426420836 vs. 1.2979797426420836
--------
nle(id0,id1,dist): 63 86 3.532224248295168
list:
dist: 3.532224248295168 vs. 3.532224248295168
--------
nle(id0,id1,dist): 63 72 1.4114153699774443
list:
dist: 1.4114153699774443 vs. 1.4114153699774443
--------
nle(id0,id1,dist): 63 73 2.695962569764878
list:
dist: 2.695962569764878 vs. 2.695962569764878
--------
nle(id0,id1,dist): 63 70 1.9509495128767935
list:
dist: 1.9509495128767935 vs. 1.9509495128767935
--------
nle(id0,id1,dist): 63 71 0.8197905911367104
list:
dist: 0.8197905911367104 vs. 0.8197905911367104
--------
nle(id0,id1,dist): 63 76 2.8083496364171214
list:
dist: 2.8083496364171214 vs. 2.8083496364171214
--------
nle(id0,id1,dist): 63 77 2.1340967133582645
list:
dist: 2.1340967133582645 vs. 2.1340967133582645
--------
nle(id0,id1,dist): 63 74 3.128884921935979
list:
dist: 3.128884921935979 vs. 3.128884921935979
--------
nle(id0,id1,dist): 63 80 0.32810116106400694
list:
dist: 0.32810116106400694 vs. 0.32810116106400694
--------
nle(id0,id1,dist): 63 81 2.3250846717241083
list:
dist: 2.3250846717241083 vs. 2.3250846717241083
--------
nle(id0,id1,dist): 63 78 3.16968530295835
list:
dist: 3.16968530295835 vs. 3.16968530295835
--------
nle(id0,id1,dist): 63 84 0.8308436584180843
list:
dist: 0.8308436584180843 vs. 0.8308436584180843
--------
nle(id0,id1,dist): 63 85 2.422978044458533
list:
dist: 2.422978044458533 vs. 2.422978044458533
--------
nle(id0,id1,dist): 63 82 0.658589640942403
list:
dist: 0.658589640942403 vs. 0.658589640942403
--------
nle(id0,id1,dist): 63 83 2.7892096111212576
list:
dist: 2.7892096111212576 vs. 2.7892096111212576
--------
nle(id0,id1,dist): 63 69 1.9090252139311705
list:
dist: 1.9090252139311705 vs. 1.9090252139311705
--------
nle(id0,id1,dist): 63 66 1.8341422973941326
list:
dist: 1.8341422973941326 vs. 1.8341422973941326
--------
nle(id0,id1,dist): 58 59 1.0148386888565883
list:
dist: 1.0148386888565883 vs. 1.0148386888565883
--------
nle(id0,id1,dist): 61 63 2.2465369392552077
list:
dist: 2.2465369392552077 vs. 2.2465369392552077
--------
nle(id0,id1,dist): 60 85 2.5494751239303315
list:
dist: 2.5494751239303315 vs. 2.5494751239303315
--------
nle(id0,id1,dist): 60 87 2.3297678359353164
list:
dist: 2.3297678359353164 vs. 2.3297678359353164
--------
nle(id0,id1,dist): 60 77 2.576203977336195
list:
dist: 2.576203977336195 vs. 2.576203977336195
--------
nle(id0,id1,dist): 60 78 3.5774051424937894
list:
dist: 3.5774051424937894 vs. 3.5774051424937894
--------
nle(id0,id1,dist): 60 80 1.012732582819094
list:
dist: 1.012732582819094 vs. 1.012732582819094
--------
nle(id0,id1,dist): 60 82 1.1148489265664314
list:
dist: 1.1148489265664314 vs. 1.1148489265664314
--------
nle(id0,id1,dist): 60 83 3.5817738677514663
list:
dist: 3.5817738677514663 vs. 3.5817738677514663
--------
nle(id0,id1,dist): 60 84 1.6951566417594741
list:
dist: 1.6951566417594741 vs. 1.6951566417594741
--------
nle(id0,id1,dist): 60 69 2.1575875085856833
list:
dist: 2.1575875085856833 vs. 2.1575875085856833
--------
nle(id0,id1,dist): 60 70 1.1565628257201845
list:
dist: 1.1565628257201845 vs. 1.1565628257201845
--------
nle(id0,id1,dist): 60 71 1.544342896207431
list:
dist: 1.544342896207431 vs. 1.544342896207431
--------
nle(id0,id1,dist): 60 72 1.3163654314686304
list:
dist: 1.3163654314686304 vs. 1.3163654314686304
--------
nle(id0,id1,dist): 60 73 1.981750643706294
list:
dist: 1.981750643706294 vs. 1.981750643706294
--------
nle(id0,id1,dist): 60 74 2.668526336103375
list:
dist: 2.668526336103375 vs. 2.668526336103375
--------
nle(id0,id1,dist): 60 64 3.013584694649936
list:
dist: 3.013584694649936 vs. 3.013584694649936
--------
nle(id0,id1,dist): 60 63 1.2342040878568135
list:
dist: 1.2342040878568135 vs. 1.2342040878568135
--------
nle(id0,id1,dist): 60 62 2.5344350748682793
list:
dist: 2.5344350748682793 vs. 2.5344350748682793
--------
nle(id0,id1,dist): 60 61 3.1438354092567073
list:
dist: 3.1438354092567073 vs. 3.1438354092567073
--------
nle(id0,id1,dist): 60 66 1.2636004692703884
list:
dist: 1.2636004692703884 vs. 1.2636004692703884
--------
nle(id0,id1,dist): 60 65 2.865840282952797
list:
dist: 2.865840282952797 vs. 2.865840282952797
--------
nle(id0,id1,dist): 69 71 1.564233530651803
list:
dist: 1.564233530651803 vs. 1.564233530651803
--------
nle(id0,id1,dist): 69 70 1.6289018959057295
list:
dist: 1.6289018959057295 vs. 1.6289018959057295
--------
nle(id0,id1,dist): 69 78 3.9039432428512275
list:
dist: 3.9039432428512275 vs. 3.9039432428512275
--------
nle(id0,id1,dist): 69 77 2.4563010271907983
list:
dist: 2.4563010271907983 vs. 2.4563010271907983
--------
nle(id0,id1,dist): 69 74 3.435078484775428
list:
dist: 3.435078484775428 vs. 3.435078484775428
--------
nle(id0,id1,dist): 69 72 1.6550269004610438
list:
dist: 1.6550269004610438 vs. 1.6550269004610438
--------
nle(id0,id1,dist): 69 73 2.5431292290063743
list:
dist: 2.5431292290063743 vs. 2.5431292290063743
--------
nle(id0,id1,dist): 69 87 2.7276522959249694
list:
dist: 2.7276522959249694 vs. 2.7276522959249694
--------
nle(id0,id1,dist): 69 84 2.722607560536818
list:
dist: 2.722607560536818 vs. 2.722607560536818
--------
nle(id0,id1,dist): 69 85 3.1960397593302496
list:
dist: 3.1960397593302496 vs. 3.1960397593302496
--------
nle(id0,id1,dist): 69 82 2.375478609803884
list:
dist: 2.375478609803884 vs. 2.375478609803884
--------
nle(id0,id1,dist): 69 83 2.9575586401474796
list:
dist: 2.9575586401474796 vs. 2.9575586401474796
--------
nle(id0,id1,dist): 69 80 1.9813538847629464
list:
dist: 1.9813538847629464 vs. 1.9813538847629464
--------
nle(id0,id1,dist): 67 102 1.8460372255178372
list:
dist: 1.8460372255178372 vs. 1.8460372255178372
--------
nle(id0,id1,dist): 67 104 2.0504426867601184
list:
dist: 2.0504426867601184 vs. 2.0504426867601184
--------
nle(id0,id1,dist): 67 99 1.639916337180619
list:
dist: 1.639916337180619 vs. 1.639916337180619
--------
nle(id0,id1,dist): 67 98 1.6018099031893924
list:
dist: 1.6018099031893924 vs. 1.6018099031893924
--------
nle(id0,id1,dist): 67 100 2.847725849390741
list:
dist: 2.847725849390741 vs. 2.847725849390741
--------
nle(id0,id1,dist): 67 111 1.2500532794057955
list:
dist: 1.2500532794057955 vs. 1.2500532794057955
--------
nle(id0,id1,dist): 67 110 1.2903148138394493
list:
dist: 1.2903148138394493 vs. 1.2903148138394493
--------
nle(id0,id1,dist): 68 73 2.847226543319875
list:
dist: 2.847226543319875 vs. 2.847226543319875
--------
nle(id0,id1,dist): 67 113 1.1303926435693894
list:
dist: 1.1303926435693894 vs. 1.1303926435693894
--------
nle(id0,id1,dist): 67 112 1.598678906807264
list:
dist: 1.598678906807264 vs. 1.598678906807264
--------
nle(id0,id1,dist): 67 107 1.7829427439147312
list:
dist: 1.7829427439147312 vs. 1.7829427439147312
--------
nle(id0,id1,dist): 67 106 2.6550177447726693
list:
dist: 2.6550177447726693 vs. 2.6550177447726693
--------
nle(id0,id1,dist): 68 72 3.9515248415811883
list:
dist: 3.9515248415811883 vs. 3.9515248415811883
--------
nle(id0,id1,dist): 67 109 1.0363893576659706
list:
dist: 1.0363893576659706 vs. 1.0363893576659706
--------
nle(id0,id1,dist): 67 108 1.6314197618144484
list:
dist: 1.6314197618144484 vs. 1.6314197618144484
--------
nle(id0,id1,dist): 67 118 1.1134065276669847
list:
dist: 1.1134065276669847 vs. 1.1134065276669847
--------
nle(id0,id1,dist): 67 119 0.9719160434424589
list:
dist: 0.9719160434424589 vs. 0.9719160434424589
--------
nle(id0,id1,dist): 67 114 1.1825358752104975
list:
dist: 1.1825358752104975 vs. 1.1825358752104975
--------
nle(id0,id1,dist): 67 115 1.2306695993028385
list:
dist: 1.2306695993028385 vs. 1.2306695993028385
--------
nle(id0,id1,dist): 67 116 1.2875400224374
list:
dist: 1.2875400224374 vs. 1.2875400224374
--------
nle(id0,id1,dist): 67 117 0.6971611617173868
list:
dist: 0.6971611617173868 vs. 0.6971611617173868
--------
nle(id0,id1,dist): 70 85 2.920973728113426
list:
dist: 2.920973728113426 vs. 2.920973728113426
--------
nle(id0,id1,dist): 70 84 2.6604085504888144
list:
dist: 2.6604085504888144 vs. 2.6604085504888144
--------
nle(id0,id1,dist): 70 83 3.728524505617527
list:
dist: 3.728524505617527 vs. 3.728524505617527
--------
nle(id0,id1,dist): 70 87 3.039312015051908
list:
dist: 3.039312015051908 vs. 3.039312015051908
--------
nle(id0,id1,dist): 71 72 0.8940369848795932
list:
dist: 0.8940369848795932 vs. 0.8940369848795932
--------
nle(id0,id1,dist): 71 73 2.293369704088937
list:
dist: 2.293369704088937 vs. 2.293369704088937
--------
nle(id0,id1,dist): 71 76 2.4900165842145348
list:
dist: 2.4900165842145348 vs. 2.4900165842145348
--------
nle(id0,id1,dist): 71 77 1.4037032651056671
list:
dist: 1.4037032651056671 vs. 1.4037032651056671
--------
nle(id0,id1,dist): 71 74 2.665708465331311
list:
dist: 2.665708465331311 vs. 2.665708465331311
--------
nle(id0,id1,dist): 70 71 1.8743782036895633
list:
dist: 1.8743782036895633 vs. 1.8743782036895633
--------
nle(id0,id1,dist): 70 72 1.334786459382646
list:
dist: 1.334786459382646 vs. 1.334786459382646
--------
nle(id0,id1,dist): 70 73 1.5232125594996389
list:
dist: 1.5232125594996389 vs. 1.5232125594996389
--------
nle(id0,id1,dist): 70 74 2.6582324011818494
list:
dist: 2.6582324011818494 vs. 2.6582324011818494
--------
nle(id0,id1,dist): 70 77 2.7214354541568597
list:
dist: 2.7214354541568597 vs. 2.7214354541568597
--------
nle(id0,id1,dist): 70 78 3.95361985189919
list:
dist: 3.95361985189919 vs. 3.95361985189919
--------
nle(id0,id1,dist): 70 80 1.7997098482918936
list:
dist: 1.7997098482918936 vs. 1.7997098482918936
--------
nle(id0,id1,dist): 70 82 2.084426931723435
list:
dist: 2.084426931723435 vs. 2.084426931723435
--------
nle(id0,id1,dist): 66 70 0.396458201095927
list:
dist: 0.396458201095927 vs. 0.396458201095927
--------
nle(id0,id1,dist): 66 69 1.3027419991508353
list:
dist: 1.3027419991508353 vs. 1.3027419991508353
--------
nle(id0,id1,dist): 65 73 2.0234079306376693
list:
dist: 2.0234079306376693 vs. 2.0234079306376693
--------
nle(id0,id1,dist): 65 72 2.4299480091393866
list:
dist: 2.4299480091393866 vs. 2.4299480091393866
--------
nle(id0,id1,dist): 65 69 2.0396141813074067
list:
dist: 2.0396141813074067 vs. 2.0396141813074067
--------
nle(id0,id1,dist): 65 68 2.7503292223603806
list:
dist: 2.7503292223603806 vs. 2.7503292223603806
--------
nle(id0,id1,dist): 65 70 1.7253808992594564
list:
dist: 1.7253808992594564 vs. 1.7253808992594564
--------
nle(id0,id1,dist): 65 66 1.7359134854993488
list:
dist: 1.7359134854993488 vs. 1.7359134854993488
--------
nle(id0,id1,dist): 67 79 2.0349281577947766
list:
dist: 2.0349281577947766 vs. 2.0349281577947766
--------
nle(id0,id1,dist): 67 92 3.1977521981566768
list:
dist: 3.1977521981566768 vs. 3.1977521981566768
--------
nle(id0,id1,dist): 67 91 2.2834061537823875
list:
dist: 2.2834061537823875 vs. 2.2834061537823875
--------
nle(id0,id1,dist): 67 95 1.820467330074847
list:
dist: 1.820467330074847 vs. 1.820467330074847
--------
nle(id0,id1,dist): 66 80 1.746738757984564
list:
dist: 1.746738757984564 vs. 1.746738757984564
--------
nle(id0,id1,dist): 66 82 2.0105175404479563
list:
dist: 2.0105175404479563 vs. 2.0105175404479563
--------
nle(id0,id1,dist): 66 83 3.653556716166268
list:
dist: 3.653556716166268 vs. 3.653556716166268
--------
nle(id0,id1,dist): 66 84 2.589443136312489
list:
dist: 2.589443136312489 vs. 2.589443136312489
--------
nle(id0,id1,dist): 66 85 3.069816911812879
list:
dist: 3.069816911812879 vs. 3.069816911812879
--------
nle(id0,id1,dist): 66 71 1.7734756842129915
list:
dist: 1.7734756842129915 vs. 1.7734756842129915
--------
nle(id0,id1,dist): 66 72 1.4014261738966471
list:
dist: 1.4014261738966471 vs. 1.4014261738966471
--------
nle(id0,id1,dist): 66 73 1.8367567147342652
list:
dist: 1.8367567147342652 vs. 1.8367567147342652
--------
nle(id0,id1,dist): 66 74 2.9432778796062644
list:
dist: 2.9432778796062644 vs. 2.9432778796062644
--------
nle(id0,id1,dist): 66 77 2.745299426180671
list:
dist: 2.745299426180671 vs. 2.745299426180671
--------
nle(id0,id1,dist): 66 78 4.049435544980658
list:
dist: 4.049435544980658 vs. 4.049435544980658
--------
nle(id0,id1,dist): 66 87 2.9660399279498306
list:
dist: 2.9660399279498306 vs. 2.9660399279498306
--------
nle(id0,id1,dist): 48 51 2.3012974349072843
list:
dist: 2.3012974349072843 vs. 2.3012974349072843
--------
nle(id0,id1,dist): 48 52 1.4931613287073786
list:
dist: 1.4931613287073786 vs. 1.4931613287073786
--------
nle(id0,id1,dist): 48 49 0.7311199854753561
list:
dist: 0.7311199854753561 vs. 0.7311199854753561
--------
nle(id0,id1,dist): 48 50 1.0196201585536246
list:
dist: 1.0196201585536246 vs. 1.0196201585536246
--------
nle(id0,id1,dist): 48 55 1.5119891578758793
list:
dist: 1.5119891578758793 vs. 1.5119891578758793
--------
nle(id0,id1,dist): 48 56 2.2244274235773926
list:
dist: 2.2244274235773926 vs. 2.2244274235773926
--------
nle(id0,id1,dist): 48 54 2.089681685171748
list:
dist: 2.089681685171748 vs. 2.089681685171748
--------
nle(id0,id1,dist): 48 59 2.2463213219905818
list:
dist: 2.2463213219905818 vs. 2.2463213219905818
--------
nle(id0,id1,dist): 48 57 2.1061785553856707
list:
dist: 2.1061785553856707 vs. 2.1061785553856707
--------
nle(id0,id1,dist): 48 58 2.6307024578871174
list:
dist: 2.6307024578871174 vs. 2.6307024578871174
--------
nle(id0,id1,dist): 49 50 1.0630052151802374
list:
dist: 1.0630052151802374 vs. 1.0630052151802374
--------
nle(id0,id1,dist): 49 51 3.0202990404715657
list:
dist: 3.0202990404715657 vs. 3.0202990404715657
--------
nle(id0,id1,dist): 49 52 1.6564571814793998
list:
dist: 1.6564571814793998 vs. 1.6564571814793998
--------
nle(id0,id1,dist): 49 54 1.9969559628175206
list:
dist: 1.9969559628175206 vs. 1.9969559628175206
--------
nle(id0,id1,dist): 49 55 1.777009964677499
list:
dist: 1.777009964677499 vs. 1.777009964677499
--------
nle(id0,id1,dist): 49 56 2.9468511147230703
list:
dist: 2.9468511147230703 vs. 2.9468511147230703
--------
nle(id0,id1,dist): 49 57 2.094821539203691
list:
dist: 2.094821539203691 vs. 2.094821539203691
--------
nle(id0,id1,dist): 49 58 2.5820972863651024
list:
dist: 2.5820972863651024 vs. 2.5820972863651024
--------
nle(id0,id1,dist): 49 59 2.0140746184864553
list:
dist: 2.0140746184864553 vs. 2.0140746184864553
--------
nle(id0,id1,dist): 50 54 1.5523165963372487
list:
dist: 1.5523165963372487 vs. 1.5523165963372487
--------
nle(id0,id1,dist): 50 52 1.0850781712350546
list:
dist: 1.0850781712350546 vs. 1.0850781712350546
--------
nle(id0,id1,dist): 50 59 1.29230855018827
list:
dist: 1.29230855018827 vs. 1.29230855018827
--------
nle(id0,id1,dist): 50 55 1.6350422603561123
list:
dist: 1.6350422603561123 vs. 1.6350422603561123
--------
nle(id0,id1,dist): 50 58 1.8048517086900306
list:
dist: 1.8048517086900306 vs. 1.8048517086900306
--------
nle(id0,id1,dist): 50 57 2.427200308995792
list:
dist: 2.427200308995792 vs. 2.427200308995792
--------
nle(id0,id1,dist): 45 47 3.060400159371883
list:
dist: 3.060400159371883 vs. 3.060400159371883
--------
nle(id0,id1,dist): 44 55 2.862114730086143
list:
dist: 2.862114730086143 vs. 2.862114730086143
--------
nle(id0,id1,dist): 44 57 1.7208634641337164
list:
dist: 1.7208634641337164 vs. 1.7208634641337164
--------
nle(id0,id1,dist): 45 56 3.226820166352835
list:
dist: 3.226820166352835 vs. 3.226820166352835
--------
nle(id0,id1,dist): 45 57 2.0309347386010272
list:
dist: 2.0309347386010272 vs. 2.0309347386010272
--------
nle(id0,id1,dist): 45 48 2.707227328570558
list:
dist: 2.707227328570558 vs. 2.707227328570558
--------
nle(id0,id1,dist): 45 49 2.8819703432160693
list:
dist: 2.8819703432160693 vs. 2.8819703432160693
--------
nle(id0,id1,dist): 45 50 3.578525124989645
list:
dist: 3.578525124989645 vs. 3.578525124989645
--------
nle(id0,id1,dist): 45 54 3.6504840357673443
list:
dist: 3.6504840357673443 vs. 3.6504840357673443
--------
nle(id0,id1,dist): 45 55 2.59643525426226
list:
dist: 2.59643525426226 vs. 2.59643525426226
--------
nle(id0,id1,dist): 46 57 2.6668914050121106
list:
dist: 2.6668914050121106 vs. 2.6668914050121106
--------
nle(id0,id1,dist): 46 54 2.046736102817709
list:
dist: 2.046736102817709 vs. 2.046736102817709
--------
nle(id0,id1,dist): 46 50 2.9405037956421465
list:
dist: 2.9405037956421465 vs. 2.9405037956421465
--------
nle(id0,id1,dist): 47 59 2.1991658154962552
list:
dist: 2.1991658154962552 vs. 2.1991658154962552
--------
nle(id0,id1,dist): 47 58 2.620120763153323
list:
dist: 2.620120763153323 vs. 2.620120763153323
--------
nle(id0,id1,dist): 47 55 0.8919512585742739
list:
dist: 0.8919512585742739 vs. 0.8919512585742739
--------
nle(id0,id1,dist): 47 54 1.496741426751377
list:
dist: 1.496741426751377 vs. 1.496741426751377
--------
nle(id0,id1,dist): 47 57 1.9561116195320227
list:
dist: 1.9561116195320227 vs. 1.9561116195320227
--------
nle(id0,id1,dist): 47 56 2.2066465864747435
list:
dist: 2.2066465864747435 vs. 2.2066465864747435
--------
nle(id0,id1,dist): 47 50 1.0145194726955664
list:
dist: 1.0145194726955664 vs. 1.0145194726955664
--------
nle(id0,id1,dist): 47 51 1.9145609999248698
list:
dist: 1.9145609999248698 vs. 1.9145609999248698
--------
nle(id0,id1,dist): 47 52 1.7713082453819318
list:
dist: 1.7713082453819318 vs. 1.7713082453819318
--------
nle(id0,id1,dist): 47 48 1.062274181044658
list:
dist: 1.062274181044658 vs. 1.062274181044658
--------
nle(id0,id1,dist): 47 49 1.5228701550263513
list:
dist: 1.5228701550263513 vs. 1.5228701550263513
--------
nle(id0,id1,dist): 55 56 2.6818143060824537
list:
dist: 2.6818143060824537 vs. 2.6818143060824537
--------
nle(id0,id1,dist): 55 57 1.1460106894204252
list:
dist: 1.1460106894204252 vs. 1.1460106894204252
--------
nle(id0,id1,dist): 51 52 2.5780607852274504
list:
dist: 2.5780607852274504 vs. 2.5780607852274504
--------
nle(id0,id1,dist): 51 55 2.4592775109923193
list:
dist: 2.4592775109923193 vs. 2.4592775109923193
--------
nle(id0,id1,dist): 51 56 0.8338345995519042
list:
dist: 0.8338345995519042 vs. 0.8338345995519042
--------
nle(id0,id1,dist): 52 56 2.7141504898668285
list:
dist: 2.7141504898668285 vs. 2.7141504898668285
--------
nle(id0,id1,dist): 52 54 2.6015069709975536
list:
dist: 2.6015069709975536 vs. 2.6015069709975536
--------
nle(id0,id1,dist): 52 59 1.4810413918589742
list:
dist: 1.4810413918589742 vs. 1.4810413918589742
--------
nle(id0,id1,dist): 52 58 1.3070012542738596
list:
dist: 1.3070012542738596 vs. 1.3070012542738596
--------
nle(id0,id1,dist): 53 68 1.6092280218809463
list:
dist: 1.6092280218809463 vs. 1.6092280218809463
--------
nle(id0,id1,dist): 53 65 2.3062604604450194
list:
dist: 2.3062604604450194 vs. 2.3062604604450194
--------
nle(id0,id1,dist): 53 64 1.7295886153603799
list:
dist: 1.7295886153603799 vs. 1.7295886153603799
--------
nle(id0,id1,dist): 53 62 1.8511580312327391
list:
dist: 1.8511580312327391 vs. 1.8511580312327391
--------
nle(id0,id1,dist): 53 72 3.7178923219641824
list:
dist: 3.7178923219641824 vs. 3.7178923219641824
--------
nle(id0,id1,dist): 53 73 2.440821212584145
list:
dist: 2.440821212584145 vs. 2.440821212584145
--------
nle(id0,id1,dist): 54 59 2.0373814192384807
list:
dist: 2.0373814192384807 vs. 2.0373814192384807
--------
nle(id0,id1,dist): 54 58 2.875896893913485
list:
dist: 2.875896893913485 vs. 2.875896893913485
--------
nle(id0,id1,dist): 54 57 1.7898669465490864
list:
dist: 1.7898669465490864 vs. 1.7898669465490864
--------
nle(id0,id1,dist): 54 55 1.269394048831927
list:
dist: 1.269394048831927 vs. 1.269394048831927
--------
nle(id0,id1,dist): 93 113 2.816781763676493
list:
dist: 2.816781763676493 vs. 2.816781763676493
--------
nle(id0,id1,dist): 93 114 2.8499176511816
list:
dist: 2.8499176511816 vs. 2.8499176511816
--------
nle(id0,id1,dist): 93 115 3.417381950330007
list:
dist: 3.417381950330007 vs. 3.417381950330007
--------
nle(id0,id1,dist): 93 97 1.9206026084595336
list:
dist: 1.9206026084595336 vs. 1.9206026084595336
--------
nle(id0,id1,dist): 93 96 1.2426683937879692
list:
dist: 1.2426683937879692 vs. 1.2426683937879692
--------
nle(id0,id1,dist): 93 99 2.2026526866540777
list:
dist: 2.2026526866540777 vs. 2.2026526866540777
--------
nle(id0,id1,dist): 93 98 3.4692071109950664
list:
dist: 3.4692071109950664 vs. 3.4692071109950664
--------
nle(id0,id1,dist): 93 101 2.700702053031531
list:
dist: 2.700702053031531 vs. 2.700702053031531
--------
nle(id0,id1,dist): 93 100 1.561908808047562
list:
dist: 1.561908808047562 vs. 1.561908808047562
--------
nle(id0,id1,dist): 93 103 1.2148408237695738
list:
dist: 1.2148408237695738 vs. 1.2148408237695738
--------
nle(id0,id1,dist): 93 102 2.3213353247132136
list:
dist: 2.3213353247132136 vs. 2.3213353247132136
--------
nle(id0,id1,dist): 93 105 0.7706413893631809
list:
dist: 0.7706413893631809 vs. 0.7706413893631809
--------
nle(id0,id1,dist): 93 104 1.9399153771310138
list:
dist: 1.9399153771310138 vs. 1.9399153771310138
--------
nle(id0,id1,dist): 93 107 2.193763603164141
list:
dist: 2.193763603164141 vs. 2.193763603164141
--------
nle(id0,id1,dist): 93 106 1.3746679061280096
list:
dist: 1.3746679061280096 vs. 1.3746679061280096
--------
nle(id0,id1,dist): 93 109 2.6858372991838784
list:
dist: 2.6858372991838784 vs. 2.6858372991838784
--------
nle(id0,id1,dist): 93 108 1.9711741843981432
list:
dist: 1.9711741843981432 vs. 1.9711741843981432
--------
nle(id0,id1,dist): 93 111 3.2678430079570693
list:
dist: 3.2678430079570693 vs. 3.2678430079570693
--------
nle(id0,id1,dist): 94 110 3.0833215687258564
list:
dist: 3.0833215687258564 vs. 3.0833215687258564
--------
nle(id0,id1,dist): 94 107 2.321024249176873
list:
dist: 2.321024249176873 vs. 2.321024249176873
--------
nle(id0,id1,dist): 94 97 1.6781697812058285
list:
dist: 1.6781697812058285 vs. 1.6781697812058285
--------
nle(id0,id1,dist): 94 96 2.0624090322611344
list:
dist: 2.0624090322611344 vs. 2.0624090322611344
--------
nle(id0,id1,dist): 94 95 2.5314451952705648
list:
dist: 2.5314451952705648 vs. 2.5314451952705648
--------
nle(id0,id1,dist): 94 102 2.467667329887241
list:
dist: 2.467667329887241 vs. 2.467667329887241
--------
nle(id0,id1,dist): 94 101 0.9909091583927605
list:
dist: 0.9909091583927605 vs. 0.9909091583927605
--------
nle(id0,id1,dist): 94 100 1.3316907809524008
list:
dist: 1.3316907809524008 vs. 1.3316907809524008
--------
nle(id0,id1,dist): 94 106 1.634620756041017
list:
dist: 1.634620756041017 vs. 1.634620756041017
--------
nle(id0,id1,dist): 94 105 2.3810776857548333
list:
dist: 2.3810776857548333 vs. 2.3810776857548333
--------
nle(id0,id1,dist): 94 103 1.5159923877335404
list:
dist: 1.5159923877335404 vs. 1.5159923877335404
--------
nle(id0,id1,dist): 92 97 1.8870074535884964
list:
dist: 1.8870074535884964 vs. 1.8870074535884964
--------
nle(id0,id1,dist): 92 98 3.941848865372695
list:
dist: 3.941848865372695 vs. 3.941848865372695
--------
nle(id0,id1,dist): 92 99 1.7166580439680121
list:
dist: 1.7166580439680121 vs. 1.7166580439680121
--------
nle(id0,id1,dist): 92 100 0.5578065718813197
list:
dist: 0.5578065718813197 vs. 0.5578065718813197
--------
nle(id0,id1,dist): 92 93 1.9516275230246396
list:
dist: 1.9516275230246396 vs. 1.9516275230246396
--------
nle(id0,id1,dist): 92 94 0.9869846344841782
list:
dist: 0.9869846344841782 vs. 0.9869846344841782
--------
nle(id0,id1,dist): 92 95 1.5661273071059216
list:
dist: 1.5661273071059216 vs. 1.5661273071059216
--------
nle(id0,id1,dist): 92 96 1.3249540334627898
list:
dist: 1.3249540334627898 vs. 1.3249540334627898
--------
nle(id0,id1,dist): 91 111 1.774772732753874
list:
dist: 1.774772732753874 vs. 1.774772732753874
--------
nle(id0,id1,dist): 91 110 1.437774928987744
list:
dist: 1.437774928987744 vs. 1.437774928987744
--------
nle(id0,id1,dist): 91 113 2.167947254531638
list:
dist: 2.167947254531638 vs. 2.167947254531638
--------
nle(id0,id1,dist): 91 112 1.3069117860170283
list:
dist: 1.3069117860170283 vs. 1.3069117860170283
--------
nle(id0,id1,dist): 91 107 1.1500334643400145
list:
dist: 1.1500334643400145 vs. 1.1500334643400145
--------
nle(id0,id1,dist): 91 106 1.5911983103275498
list:
dist: 1.5911983103275498 vs. 1.5911983103275498
--------
nle(id0,id1,dist): 91 109 1.509105882899276
list:
dist: 1.509105882899276 vs. 1.509105882899276
--------
nle(id0,id1,dist): 91 108 2.0816175473981815
list:
dist: 2.0816175473981815 vs. 2.0816175473981815
--------
nle(id0,id1,dist): 91 119 1.5840095379484833
list:
dist: 1.5840095379484833 vs. 1.5840095379484833
--------
nle(id0,id1,dist): 91 118 1.4646504296215899
list:
dist: 1.4646504296215899 vs. 1.4646504296215899
--------
nle(id0,id1,dist): 91 115 2.5883363929871273
list:
dist: 2.5883363929871273 vs. 2.5883363929871273
--------
nle(id0,id1,dist): 91 114 1.51116157803073
list:
dist: 1.51116157803073 vs. 1.51116157803073
--------
nle(id0,id1,dist): 91 117 2.383908234181822
list:
dist: 2.383908234181822 vs. 2.383908234181822
--------
nle(id0,id1,dist): 91 116 2.213230151835789
list:
dist: 2.213230151835789 vs. 2.213230151835789
--------
nle(id0,id1,dist): 92 119 2.6383779078566962
list:
dist: 2.6383779078566962 vs. 2.6383779078566962
--------
nle(id0,id1,dist): 92 117 3.5259825597476047
list:
dist: 3.5259825597476047 vs. 3.5259825597476047
--------
nle(id0,id1,dist): 92 118 2.7072999297258593
list:
dist: 2.7072999297258593 vs. 2.7072999297258593
--------
nle(id0,id1,dist): 93 94 2.2026001394787738
list:
dist: 2.2026001394787738 vs. 2.2026001394787738
--------
nle(id0,id1,dist): 93 95 2.625715973852041
list:
dist: 2.625715973852041 vs. 2.625715973852041
--------
nle(id0,id1,dist): 92 108 2.180504681139861
list:
dist: 2.180504681139861 vs. 2.180504681139861
--------
nle(id0,id1,dist): 92 107 1.5358098430779623
list:
dist: 1.5358098430779623 vs. 1.5358098430779623
--------
nle(id0,id1,dist): 92 106 0.8974719659362481
list:
dist: 0.8974719659362481 vs. 0.8974719659362481
--------
nle(id0,id1,dist): 92 105 2.076934042795314
list:
dist: 2.076934042795314 vs. 2.076934042795314
--------
nle(id0,id1,dist): 92 104 2.615364546705859
list:
dist: 2.615364546705859 vs. 2.615364546705859
--------
nle(id0,id1,dist): 92 103 1.176046302504366
list:
dist: 1.176046302504366 vs. 1.176046302504366
--------
nle(id0,id1,dist): 92 102 1.8290427438224406
list:
dist: 1.8290427438224406 vs. 1.8290427438224406
--------
nle(id0,id1,dist): 92 101 1.35454251673799
list:
dist: 1.35454251673799 vs. 1.35454251673799
--------
nle(id0,id1,dist): 92 116 3.3644221343602934
list:
dist: 3.3644221343602934 vs. 3.3644221343602934
--------
nle(id0,id1,dist): 92 115 3.3282773185288623
list:
dist: 3.3282773185288623 vs. 3.3282773185288623
--------
nle(id0,id1,dist): 92 114 2.3129318473307845
list:
dist: 2.3129318473307845 vs. 2.3129318473307845
--------
nle(id0,id1,dist): 92 113 2.637198947482129
list:
dist: 2.637198947482129 vs. 2.637198947482129
--------
nle(id0,id1,dist): 92 112 2.303217470991581
list:
dist: 2.303217470991581 vs. 2.303217470991581
--------
nle(id0,id1,dist): 92 111 2.5477482483295804
list:
dist: 2.5477482483295804 vs. 2.5477482483295804
--------
nle(id0,id1,dist): 92 110 2.368710607217332
list:
dist: 2.368710607217332 vs. 2.368710607217332
--------
nle(id0,id1,dist): 92 109 2.208086307060083
list:
dist: 2.208086307060083 vs. 2.208086307060083
--------
nle(id0,id1,dist): 97 101 1.4450031818917237
list:
dist: 1.4450031818917237 vs. 1.4450031818917237
--------
nle(id0,id1,dist): 97 100 2.0501387253575776
list:
dist: 2.0501387253575776 vs. 2.0501387253575776
--------
nle(id0,id1,dist): 97 103 1.0836625747964543
list:
dist: 1.0836625747964543 vs. 1.0836625747964543
--------
nle(id0,id1,dist): 97 102 3.4408425062162094
list:
dist: 3.4408425062162094 vs. 3.4408425062162094
--------
nle(id0,id1,dist): 97 105 2.566687391076219
list:
dist: 2.566687391076219 vs. 2.566687391076219
--------
nle(id0,id1,dist): 97 107 3.1729485048583013
list:
dist: 3.1729485048583013 vs. 3.1729485048583013
--------
nle(id0,id1,dist): 97 106 2.190925533378122
list:
dist: 2.190925533378122 vs. 2.190925533378122
--------
nle(id0,id1,dist): 96 113 1.991139417992016
list:
dist: 1.991139417992016 vs. 1.991139417992016
--------
nle(id0,id1,dist): 96 114 2.3322657835187863
list:
dist: 2.3322657835187863 vs. 2.3322657835187863
--------
nle(id0,id1,dist): 96 115 3.142867861644897
list:
dist: 3.142867861644897 vs. 3.142867861644897
--------
nle(id0,id1,dist): 98 102 2.5809505295269113
list:
dist: 2.5809505295269113 vs. 2.5809505295269113
--------
nle(id0,id1,dist): 98 100 3.4504567748516903
list:
dist: 3.4504567748516903 vs. 3.4504567748516903
--------
nle(id0,id1,dist): 98 99 2.336485327784579
list:
dist: 2.336485327784579 vs. 2.336485327784579
--------
nle(id0,id1,dist): 95 114 1.3995431151710136
list:
dist: 1.3995431151710136 vs. 1.3995431151710136
--------
nle(id0,id1,dist): 95 117 2.1456113264119536
list:
dist: 2.1456113264119536 vs. 2.1456113264119536
--------
nle(id0,id1,dist): 95 116 1.8395558807261532
list:
dist: 1.8395558807261532 vs. 1.8395558807261532
--------
nle(id0,id1,dist): 95 111 0.9949797894188922
list:
dist: 0.9949797894188922 vs. 0.9949797894188922
--------
nle(id0,id1,dist): 95 110 1.4937197993528222
list:
dist: 1.4937197993528222 vs. 1.4937197993528222
--------
nle(id0,id1,dist): 95 113 1.3205021769727165
list:
dist: 1.3205021769727165 vs. 1.3205021769727165
--------
nle(id0,id1,dist): 95 112 0.81564275884178
list:
dist: 0.81564275884178 vs. 0.81564275884178
--------
nle(id0,id1,dist): 95 107 0.9976035964838437
list:
dist: 0.9976035964838437 vs. 0.9976035964838437
--------
nle(id0,id1,dist): 95 106 1.3758302130741384
list:
dist: 1.3758302130741384 vs. 1.3758302130741384
--------
nle(id0,id1,dist): 95 109 1.089009771072627
list:
dist: 1.089009771072627 vs. 1.089009771072627
--------
nle(id0,id1,dist): 95 108 1.4614623703995937
list:
dist: 1.4614623703995937 vs. 1.4614623703995937
--------
nle(id0,id1,dist): 95 103 2.1895735815240216
list:
dist: 2.1895735815240216 vs. 2.1895735815240216
--------
nle(id0,id1,dist): 95 102 1.4574070961593133
list:
dist: 1.4574070961593133 vs. 1.4574070961593133
--------
nle(id0,id1,dist): 95 105 2.520765164879006
list:
dist: 2.520765164879006 vs. 2.520765164879006
--------
nle(id0,id1,dist): 95 104 2.2061666562748137
list:
dist: 2.2061666562748137 vs. 2.2061666562748137
--------
nle(id0,id1,dist): 95 98 2.8578133732792064
list:
dist: 2.8578133732792064 vs. 2.8578133732792064
--------
nle(id0,id1,dist): 95 99 0.6648403716356143
list:
dist: 0.6648403716356143 vs. 0.6648403716356143
--------
nle(id0,id1,dist): 95 100 1.4089840419514952
list:
dist: 1.4089840419514952 vs. 1.4089840419514952
--------
nle(id0,id1,dist): 95 101 2.7558468680747206
list:
dist: 2.7558468680747206 vs. 2.7558468680747206
--------
nle(id0,id1,dist): 95 96 1.5883364172786711
list:
dist: 1.5883364172786711 vs. 1.5883364172786711
--------
nle(id0,id1,dist): 95 97 3.1651371931238654
list:
dist: 3.1651371931238654 vs. 3.1651371931238654
--------
nle(id0,id1,dist): 96 111 2.240780725572758
list:
dist: 2.240780725572758 vs. 2.240780725572758
--------
nle(id0,id1,dist): 96 109 2.029483681513244
list:
dist: 2.029483681513244 vs. 2.029483681513244
--------
nle(id0,id1,dist): 96 108 1.513248270481929
list:
dist: 1.513248270481929 vs. 1.513248270481929
--------
nle(id0,id1,dist): 96 107 1.6148869119736906
list:
dist: 1.6148869119736906 vs. 1.6148869119736906
--------
nle(id0,id1,dist): 96 106 0.8434743805490673
list:
dist: 0.8434743805490673 vs. 0.8434743805490673
--------
nle(id0,id1,dist): 96 105 1.5466858510329466
list:
dist: 1.5466858510329466 vs. 1.5466858510329466
--------
nle(id0,id1,dist): 96 104 2.0020847734740177
list:
dist: 2.0020847734740177 vs. 2.0020847734740177
--------
nle(id0,id1,dist): 96 103 0.8706685743021149
list:
dist: 0.8706685743021149 vs. 0.8706685743021149
--------
nle(id0,id1,dist): 96 102 1.9798874213934616
list:
dist: 1.9798874213934616 vs. 1.9798874213934616
--------
nle(id0,id1,dist): 96 101 2.281238934799202
list:
dist: 2.281238934799202 vs. 2.281238934799202
--------
nle(id0,id1,dist): 96 100 1.0022399778985827
list:
dist: 1.0022399778985827 vs. 1.0022399778985827
--------
nle(id0,id1,dist): 96 99 1.2984027807218943
list:
dist: 1.2984027807218943 vs. 1.2984027807218943
--------
nle(id0,id1,dist): 96 98 3.1690173557661354
list:
dist: 3.1690173557661354 vs. 3.1690173557661354
--------
nle(id0,id1,dist): 96 97 1.9327687927802486
list:
dist: 1.9327687927802486 vs. 1.9327687927802486
--------
nle(id0,id1,dist): 95 118 1.3452123649834387
list:
dist: 1.3452123649834387 vs. 1.3452123649834387
--------
nle(id0,id1,dist): 95 119 1.5351967303080063
list:
dist: 1.5351967303080063 vs. 1.5351967303080063
--------
nle(id0,id1,dist): 86 112 3.692785058849013
list:
dist: 3.692785058849013 vs. 3.692785058849013
--------
nle(id0,id1,dist): 86 111 3.6394849344745985
list:
dist: 3.6394849344745985 vs. 3.6394849344745985
--------
nle(id0,id1,dist): 86 116 3.7938571086969386
list:
dist: 3.7938571086969386 vs. 3.7938571086969386
--------
nle(id0,id1,dist): 85 87 2.0267398235263347
list:
dist: 2.0267398235263347 vs. 2.0267398235263347
--------
nle(id0,id1,dist): 85 86 2.9060025357697428
list:
dist: 2.9060025357697428 vs. 2.9060025357697428
--------
nle(id0,id1,dist): 85 88 1.9969294201177967
list:
dist: 1.9969294201177967 vs. 1.9969294201177967
--------
nle(id0,id1,dist): 85 89 2.1372729814762446
list:
dist: 2.1372729814762446 vs. 2.1372729814762446
--------
nle(id0,id1,dist): 86 87 2.2359950441739196
list:
dist: 2.2359950441739196 vs. 2.2359950441739196
--------
nle(id0,id1,dist): 86 88 2.8561114718709972
list:
dist: 2.8561114718709972 vs. 2.8561114718709972
--------
nle(id0,id1,dist): 86 89 2.695835938671295
list:
dist: 2.695835938671295 vs. 2.695835938671295
--------
nle(id0,id1,dist): 90 93 1.086332711032995
list:
dist: 1.086332711032995 vs. 1.086332711032995
--------
nle(id0,id1,dist): 90 94 1.291908805575031
list:
dist: 1.291908805575031 vs. 1.291908805575031
--------
nle(id0,id1,dist): 90 92 1.487818906656077
list:
dist: 1.487818906656077 vs. 1.487818906656077
--------
nle(id0,id1,dist): 90 106 1.3522016657987475
list:
dist: 1.3522016657987475 vs. 1.3522016657987475
--------
nle(id0,id1,dist): 90 105 1.2896551224508213
list:
dist: 1.2896551224508213 vs. 1.2896551224508213
--------
nle(id0,id1,dist): 90 104 2.4733474226401446
list:
dist: 2.4733474226401446 vs. 2.4733474226401446
--------
nle(id0,id1,dist): 90 103 1.2092254488432652
list:
dist: 1.2092254488432652 vs. 1.2092254488432652
--------
nle(id0,id1,dist): 90 109 2.8937075630811724
list:
dist: 2.8937075630811724 vs. 2.8937075630811724
--------
nle(id0,id1,dist): 90 108 2.472006188834302
list:
dist: 2.472006188834302 vs. 2.472006188834302
--------
nle(id0,id1,dist): 90 107 2.2080550781014106
list:
dist: 2.2080550781014106 vs. 2.2080550781014106
--------
nle(id0,id1,dist): 90 98 4.145153237395472
list:
dist: 4.145153237395472 vs. 4.145153237395472
--------
nle(id0,id1,dist): 90 97 1.621994636993091
list:
dist: 1.621994636993091 vs. 1.621994636993091
--------
nle(id0,id1,dist): 90 96 1.6621762213131783
list:
dist: 1.6621762213131783 vs. 1.6621762213131783
--------
nle(id0,id1,dist): 90 95 2.7023894927271424
list:
dist: 2.7023894927271424 vs. 2.7023894927271424
--------
nle(id0,id1,dist): 90 102 2.274119641128643
list:
dist: 2.274119641128643 vs. 2.274119641128643
--------
nle(id0,id1,dist): 90 101 2.0096958278763895
list:
dist: 2.0096958278763895 vs. 2.0096958278763895
--------
nle(id0,id1,dist): 90 100 1.3120155381109364
list:
dist: 1.3120155381109364 vs. 1.3120155381109364
--------
nle(id0,id1,dist): 90 99 2.493206303219815
list:
dist: 2.493206303219815 vs. 2.493206303219815
--------
nle(id0,id1,dist): 90 111 3.5624907105498234
list:
dist: 3.5624907105498234 vs. 3.5624907105498234
--------
nle(id0,id1,dist): 90 113 3.313652595997673
list:
dist: 3.313652595997673 vs. 3.313652595997673
--------
nle(id0,id1,dist): 90 114 2.9333000171002976
list:
dist: 2.9333000171002976 vs. 2.9333000171002976
--------
nle(id0,id1,dist): 90 115 3.6541971867102165
list:
dist: 3.6541971867102165 vs. 3.6541971867102165
--------
nle(id0,id1,dist): 91 99 1.4561591230144342
list:
dist: 1.4561591230144342 vs. 1.4561591230144342
--------
nle(id0,id1,dist): 91 98 3.5094082457860467
list:
dist: 3.5094082457860467 vs. 3.5094082457860467
--------
nle(id0,id1,dist): 91 101 2.508182933928385
list:
dist: 2.508182933928385 vs. 2.508182933928385
--------
nle(id0,id1,dist): 91 100 1.4607690966811044
list:
dist: 1.4607690966811044 vs. 1.4607690966811044
--------
nle(id0,id1,dist): 91 102 1.4129614600381422
list:
dist: 1.4129614600381422 vs. 1.4129614600381422
--------
nle(id0,id1,dist): 91 104 2.631750801081174
list:
dist: 2.631750801081174 vs. 2.631750801081174
--------
nle(id0,id1,dist): 91 92 1.4195973981803771
list:
dist: 1.4195973981803771 vs. 1.4195973981803771
--------
nle(id0,id1,dist): 91 95 0.971683922268765
list:
dist: 0.971683922268765 vs. 0.971683922268765
--------
nle(id0,id1,dist): 91 94 2.1705437978490525
list:
dist: 2.1705437978490525 vs. 2.1705437978490525
--------
nle(id0,id1,dist): 88 89 0.41469154237225103
list:
dist: 0.41469154237225103 vs. 0.41469154237225103
--------
nle(id0,id1,dist): 81 82 2.469152027213152
list:
dist: 2.469152027213152 vs. 2.469152027213152
--------
nle(id0,id1,dist): 81 83 2.800129305609984
list:
dist: 2.800129305609984 vs. 2.800129305609984
--------
nle(id0,id1,dist): 81 86 1.8445874581277197
list:
dist: 1.8445874581277197 vs. 1.8445874581277197
--------
nle(id0,id1,dist): 81 87 1.2876340507973003
list:
dist: 1.2876340507973003 vs. 1.2876340507973003
--------
nle(id0,id1,dist): 81 84 1.7563239075011035
list:
dist: 1.7563239075011035 vs. 1.7563239075011035
--------
nle(id0,id1,dist): 81 85 3.0046181866446036
list:
dist: 3.0046181866446036 vs. 3.0046181866446036
--------
nle(id0,id1,dist): 80 85 2.1880839055745156
list:
dist: 2.1880839055745156 vs. 2.1880839055745156
--------
nle(id0,id1,dist): 80 86 3.5534976668345237
list:
dist: 3.5534976668345237 vs. 3.5534976668345237
--------
nle(id0,id1,dist): 80 87 1.3532749248088753
list:
dist: 1.3532749248088753 vs. 1.3532749248088753
--------
nle(id0,id1,dist): 79 118 2.1777902280318773
list:
dist: 2.1777902280318773 vs. 2.1777902280318773
--------
nle(id0,id1,dist): 80 81 2.4340172534888596
list:
dist: 2.4340172534888596 vs. 2.4340172534888596
--------
nle(id0,id1,dist): 79 119 2.723224115404835
list:
dist: 2.723224115404835 vs. 2.723224115404835
--------
nle(id0,id1,dist): 80 82 0.704157547322056
list:
dist: 0.704157547322056 vs. 0.704157547322056
--------
nle(id0,id1,dist): 80 83 2.7917872169009406
list:
dist: 2.7917872169009406 vs. 2.7917872169009406
--------
nle(id0,id1,dist): 80 84 0.9229046406845594
list:
dist: 0.9229046406845594 vs. 0.9229046406845594
--------
nle(id0,id1,dist): 79 109 2.6073410441129696
list:
dist: 2.6073410441129696 vs. 2.6073410441129696
--------
nle(id0,id1,dist): 79 108 2.9651882655656374
list:
dist: 2.9651882655656374 vs. 2.9651882655656374
--------
nle(id0,id1,dist): 79 104 3.6463799914605977
list:
dist: 3.6463799914605977 vs. 3.6463799914605977
--------
nle(id0,id1,dist): 79 114 2.953498611758307
list:
dist: 2.953498611758307 vs. 2.953498611758307
--------
nle(id0,id1,dist): 79 117 2.1410396651115686
list:
dist: 2.1410396651115686 vs. 2.1410396651115686
--------
nle(id0,id1,dist): 79 116 1.3636890576618417
list:
dist: 1.3636890576618417 vs. 1.3636890576618417
--------
nle(id0,id1,dist): 79 111 1.5685347363767501
list:
dist: 1.5685347363767501 vs. 1.5685347363767501
--------
nle(id0,id1,dist): 79 113 1.9431903207084467
list:
dist: 1.9431903207084467 vs. 1.9431903207084467
--------
nle(id0,id1,dist): 79 112 1.9213112197969162
list:
dist: 1.9213112197969162 vs. 1.9213112197969162
--------
nle(id0,id1,dist): 79 86 2.8887312100554468
list:
dist: 2.8887312100554468 vs. 2.8887312100554468
--------
nle(id0,id1,dist): 79 98 2.826627769365927
list:
dist: 2.826627769365927 vs. 2.826627769365927
--------
nle(id0,id1,dist): 79 99 2.60870645787773
list:
dist: 2.60870645787773 vs. 2.60870645787773
--------
nle(id0,id1,dist): 78 80 3.0113820115106336
list:
dist: 3.0113820115106336 vs. 3.0113820115106336
--------
nle(id0,id1,dist): 78 82 3.5898825703086654
list:
dist: 3.5898825703086654 vs. 3.5898825703086654
--------
nle(id0,id1,dist): 78 81 2.9891464122490308
list:
dist: 2.9891464122490308 vs. 2.9891464122490308
--------
nle(id0,id1,dist): 78 84 3.235041525168772
list:
dist: 3.235041525168772 vs. 3.235041525168772
--------
nle(id0,id1,dist): 78 83 1.7635175528987344
list:
dist: 1.7635175528987344 vs. 1.7635175528987344
--------
nle(id0,id1,dist): 78 86 2.1998528472623176
list:
dist: 2.1998528472623176 vs. 2.1998528472623176
--------
nle(id0,id1,dist): 78 85 1.1320893009701718
list:
dist: 1.1320893009701718 vs. 1.1320893009701718
--------
nle(id0,id1,dist): 78 88 1.183124997457731
list:
dist: 1.183124997457731 vs. 1.183124997457731
--------
nle(id0,id1,dist): 78 87 2.331263663075247
list:
dist: 2.331263663075247 vs. 2.331263663075247
--------
nle(id0,id1,dist): 78 89 1.168192612528059
list:
dist: 1.168192612528059 vs. 1.168192612528059
--------
nle(id0,id1,dist): 84 87 1.149826265776026
list:
dist: 1.149826265776026 vs. 1.149826265776026
--------
nle(id0,id1,dist): 84 85 2.6123921637321583
list:
dist: 2.6123921637321583 vs. 2.6123921637321583
--------
nle(id0,id1,dist): 84 86 3.2365142990502536
list:
dist: 3.2365142990502536 vs. 3.2365142990502536
--------
nle(id0,id1,dist): 83 111 4.203334340223939
list:
dist: 4.203334340223939 vs. 4.203334340223939
--------
nle(id0,id1,dist): 83 86 2.2458144094351384
list:
dist: 2.2458144094351384 vs. 2.2458144094351384
--------
nle(id0,id1,dist): 83 87 2.008568492647899
list:
dist: 2.008568492647899 vs. 2.008568492647899
--------
nle(id0,id1,dist): 83 88 2.790493106440412
list:
dist: 2.790493106440412 vs. 2.790493106440412
--------
nle(id0,id1,dist): 83 89 2.5812274977364873
list:
dist: 2.5812274977364873 vs. 2.5812274977364873
--------
nle(id0,id1,dist): 83 84 3.0735217480237256
list:
dist: 3.0735217480237256 vs. 3.0735217480237256
--------
nle(id0,id1,dist): 83 85 2.0994635766169067
list:
dist: 2.0994635766169067 vs. 2.0994635766169067
--------
nle(id0,id1,dist): 82 87 1.6943820419374584
list:
dist: 1.6943820419374584 vs. 1.6943820419374584
--------
nle(id0,id1,dist): 82 84 0.7182318579226207
list:
dist: 0.7182318579226207 vs. 0.7182318579226207
--------
nle(id0,id1,dist): 82 83 3.399040501258255
list:
dist: 3.399040501258255 vs. 3.399040501258255
--------
nle(id0,id1,dist): 82 86 3.8826509655766124
list:
dist: 3.8826509655766124 vs. 3.8826509655766124
--------
nle(id0,id1,dist): 82 85 2.7860260697788344
list:
dist: 2.7860260697788344 vs. 2.7860260697788344
--------
nle(id0,id1,dist): 74 76 3.4902159418366305
list:
dist: 3.4902159418366305 vs. 3.4902159418366305
--------
nle(id0,id1,dist): 74 75 0.928174158576742
list:
dist: 0.928174158576742 vs. 0.928174158576742
--------
nle(id0,id1,dist): 74 78 2.3288195831375753
list:
dist: 2.3288195831375753 vs. 2.3288195831375753
--------
nle(id0,id1,dist): 74 77 2.0405453855575573
list:
dist: 2.0405453855575573 vs. 2.0405453855575573
--------
nle(id0,id1,dist): 74 83 3.209774218458037
list:
dist: 3.209774218458037 vs. 3.209774218458037
--------
nle(id0,id1,dist): 74 84 3.4973921510026096
list:
dist: 3.4973921510026096 vs. 3.4973921510026096
--------
nle(id0,id1,dist): 74 85 1.4346455605681365
list:
dist: 1.4346455605681365 vs. 1.4346455605681365
--------
nle(id0,id1,dist): 74 86 4.3309095103762605
list:
dist: 4.3309095103762605 vs. 4.3309095103762605
--------
nle(id0,id1,dist): 74 80 2.8327761313179365
list:
dist: 2.8327761313179365 vs. 2.8327761313179365
--------
nle(id0,id1,dist): 74 81 4.321288221339147
list:
dist: 4.321288221339147 vs. 4.321288221339147
--------
nle(id0,id1,dist): 74 82 3.391910914485376
list:
dist: 3.391910914485376 vs. 3.391910914485376
--------
nle(id0,id1,dist): 74 87 3.2375200508740507
list:
dist: 3.2375200508740507 vs. 3.2375200508740507
--------
nle(id0,id1,dist): 74 88 2.719167416946067
list:
dist: 2.719167416946067 vs. 2.719167416946067
--------
nle(id0,id1,dist): 74 89 2.9431490039782884
list:
dist: 2.9431490039782884 vs. 2.9431490039782884
--------
nle(id0,id1,dist): 73 75 1.798136638930955
list:
dist: 1.798136638930955 vs. 1.798136638930955
--------
nle(id0,id1,dist): 73 74 1.2921159167012866
list:
dist: 1.2921159167012866 vs. 1.2921159167012866
--------
nle(id0,id1,dist): 73 83 3.464420162170219
list:
dist: 3.464420162170219 vs. 3.464420162170219
--------
nle(id0,id1,dist): 73 82 2.939401822246551
list:
dist: 2.939401822246551 vs. 2.939401822246551
--------
nle(id0,id1,dist): 73 80 2.429375188660808
list:
dist: 2.429375188660808 vs. 2.429375188660808
--------
nle(id0,id1,dist): 73 78 3.1892029748934307
list:
dist: 3.1892029748934307 vs. 3.1892029748934307
--------
nle(id0,id1,dist): 73 77 2.274401249313614
list:
dist: 2.274401249313614 vs. 2.274401249313614
--------
nle(id0,id1,dist): 73 87 3.2871082241800873
list:
dist: 3.2871082241800873 vs. 3.2871082241800873
--------
nle(id0,id1,dist): 73 84 3.2837489137374036
list:
dist: 3.2837489137374036 vs. 3.2837489137374036
--------
nle(id0,id1,dist): 73 85 2.153791453404388
list:
dist: 2.153791453404388 vs. 2.153791453404388
--------
nle(id0,id1,dist): 72 74 1.9378678113655317
list:
dist: 1.9378678113655317 vs. 1.9378678113655317
--------
nle(id0,id1,dist): 72 73 1.3993905759661844
list:
dist: 1.3993905759661844 vs. 1.3993905759661844
--------
nle(id0,id1,dist): 72 75 2.1511125135211913
list:
dist: 2.1511125135211913 vs. 2.1511125135211913
--------
nle(id0,id1,dist): 72 78 2.6483963796529384
list:
dist: 2.6483963796529384 vs. 2.6483963796529384
--------
nle(id0,id1,dist): 72 77 1.40735249665086
list:
dist: 1.40735249665086 vs. 1.40735249665086
--------
nle(id0,id1,dist): 72 80 1.197249661151787
list:
dist: 1.197249661151787 vs. 1.197249661151787
--------
nle(id0,id1,dist): 72 82 1.8435674035830092
list:
dist: 1.8435674035830092 vs. 1.8435674035830092
--------
nle(id0,id1,dist): 72 84 2.077196013318144
list:
dist: 2.077196013318144 vs. 2.077196013318144
--------
nle(id0,id1,dist): 72 83 2.4859626675361106
list:
dist: 2.4859626675361106 vs. 2.4859626675361106
--------
nle(id0,id1,dist): 72 85 1.6942173828968161
list:
dist: 1.6942173828968161 vs. 1.6942173828968161
--------
nle(id0,id1,dist): 72 87 1.99192347157171
list:
dist: 1.99192347157171 vs. 1.99192347157171
--------
nle(id0,id1,dist): 71 81 2.5337575654843736
list:
dist: 2.5337575654843736 vs. 2.5337575654843736
--------
nle(id0,id1,dist): 71 80 0.7907337604550905
list:
dist: 0.7907337604550905 vs. 0.7907337604550905
--------
nle(id0,id1,dist): 71 78 2.64366280450536
list:
dist: 2.64366280450536 vs. 2.64366280450536
--------
nle(id0,id1,dist): 71 85 1.9362863934032128
list:
dist: 1.9362863934032128 vs. 1.9362863934032128
--------
nle(id0,id1,dist): 71 84 1.4892779767574686
list:
dist: 1.4892779767574686 vs. 1.4892779767574686
--------
nle(id0,id1,dist): 71 83 2.1185747662082144
list:
dist: 2.1185747662082144 vs. 2.1185747662082144
--------
nle(id0,id1,dist): 71 82 1.4488220615450307
list:
dist: 1.4488220615450307 vs. 1.4488220615450307
--------
nle(id0,id1,dist): 71 87 1.27488541425533
list:
dist: 1.27488541425533 vs. 1.27488541425533
--------
nle(id0,id1,dist): 71 86 3.3093563132170307
list:
dist: 3.3093563132170307 vs. 3.3093563132170307
--------
nle(id0,id1,dist): 77 88 2.548694300860577
list:
dist: 2.548694300860577 vs. 2.548694300860577
--------
nle(id0,id1,dist): 77 89 2.518394025484309
list:
dist: 2.518394025484309 vs. 2.518394025484309
--------
nle(id0,id1,dist): 77 84 2.5323354935560376
list:
dist: 2.5323354935560376 vs. 2.5323354935560376
--------
nle(id0,id1,dist): 77 85 1.0673521370012724
list:
dist: 1.0673521370012724 vs. 1.0673521370012724
--------
nle(id0,id1,dist): 77 86 2.802746427309309
list:
dist: 2.802746427309309 vs. 2.802746427309309
--------
nle(id0,id1,dist): 77 87 1.7467548734137837
list:
dist: 1.7467548734137837 vs. 1.7467548734137837
--------
nle(id0,id1,dist): 77 80 2.005547377511629
list:
dist: 2.005547377511629 vs. 2.005547377511629
--------
nle(id0,id1,dist): 77 81 2.8887613089292783
list:
dist: 2.8887613089292783 vs. 2.8887613089292783
--------
nle(id0,id1,dist): 77 82 2.6909092811861726
list:
dist: 2.6909092811861726 vs. 2.6909092811861726
--------
nle(id0,id1,dist): 77 83 1.2470149480355095
list:
dist: 1.2470149480355095 vs. 1.2470149480355095
--------
nle(id0,id1,dist): 76 89 2.3244127831507067
list:
dist: 2.3244127831507067 vs. 2.3244127831507067
--------
nle(id0,id1,dist): 76 87 1.5633412865508762
list:
dist: 1.5633412865508762 vs. 1.5633412865508762
--------
nle(id0,id1,dist): 76 88 2.4429685288346974
list:
dist: 2.4429685288346974 vs. 2.4429685288346974
--------
nle(id0,id1,dist): 76 85 2.061746729336742
list:
dist: 2.061746729336742 vs. 2.061746729336742
--------
nle(id0,id1,dist): 76 86 0.9010818737311941
list:
dist: 0.9010818737311941 vs. 0.9010818737311941
--------
nle(id0,id1,dist): 76 116 4.463199846514552
list:
dist: 4.463199846514552 vs. 4.463199846514552
--------
nle(id0,id1,dist): 77 78 1.4583137215955093
list:
dist: 1.4583137215955093 vs. 1.4583137215955093
--------
nle(id0,id1,dist): 76 112 4.268735195512691
list:
dist: 4.268735195512691 vs. 4.268735195512691
--------
nle(id0,id1,dist): 76 111 4.144848114188989
list:
dist: 4.144848114188989 vs. 4.144848114188989
--------
nle(id0,id1,dist): 76 78 1.5105256657529156
list:
dist: 1.5105256657529156 vs. 1.5105256657529156
--------
nle(id0,id1,dist): 76 77 1.9143402588693004
list:
dist: 1.9143402588693004 vs. 1.9143402588693004
--------
nle(id0,id1,dist): 76 80 2.792933734554355
list:
dist: 2.792933734554355 vs. 2.792933734554355
--------
nle(id0,id1,dist): 76 79 3.4722576747898657
list:
dist: 3.4722576747898657 vs. 3.4722576747898657
--------
nle(id0,id1,dist): 76 82 3.2173056422526334
list:
dist: 3.2173056422526334 vs. 3.2173056422526334
--------
nle(id0,id1,dist): 76 81 1.720814730990726
list:
dist: 1.720814730990726 vs. 1.720814730990726
--------
nle(id0,id1,dist): 76 84 2.6457494535371966
list:
dist: 2.6457494535371966 vs. 2.6457494535371966
--------
nle(id0,id1,dist): 76 83 1.5710460362158092
list:
dist: 1.5710460362158092 vs. 1.5710460362158092
--------
nle(id0,id1,dist): 75 85 1.402844239605552
list:
dist: 1.402844239605552 vs. 1.402844239605552
--------
nle(id0,id1,dist): 75 83 2.669165685894032
list:
dist: 2.669165685894032 vs. 2.669165685894032
--------
nle(id0,id1,dist): 75 89 2.4005488239773465
list:
dist: 2.4005488239773465 vs. 2.4005488239773465
--------
nle(id0,id1,dist): 75 88 2.2776230720812007
list:
dist: 2.2776230720812007 vs. 2.2776230720812007
--------
nle(id0,id1,dist): 75 86 4.033289115678524
list:
dist: 4.033289115678524 vs. 4.033289115678524
--------
nle(id0,id1,dist): 75 77 1.7072467514064789
list:
dist: 1.7072467514064789 vs. 1.7072467514064789
--------
nle(id0,id1,dist): 75 76 3.211076333975762
list:
dist: 3.211076333975762 vs. 3.211076333975762
--------
nle(id0,id1,dist): 75 78 1.9167251310658577
list:
dist: 1.9167251310658577 vs. 1.9167251310658577
--------
nle(id0,id1,dist): 120 145 4.151480822503298
list:
dist: 4.151480822503298 vs. 4.151480822503298
--------
nle(id0,id1,dist): 120 138 5.008818834713277
list:
dist: 5.008818834713277 vs. 5.008818834713277
--------
nle(id0,id1,dist): 120 130 2.772459756769797
list:
dist: 2.772459756769797 vs. 2.772459756769797
--------
nle(id0,id1,dist): 120 129 4.58466811194199
list:
dist: 4.58466811194199 vs. 4.58466811194199
--------
nle(id0,id1,dist): 120 132 3.8015451037693873
list:
dist: 3.8015451037693873 vs. 3.8015451037693873
--------
nle(id0,id1,dist): 120 131 2.617279150134276
list:
dist: 2.617279150134276 vs. 2.617279150134276
--------
nle(id0,id1,dist): 120 134 4.556562318616959
list:
dist: 4.556562318616959 vs. 4.556562318616959
--------
nle(id0,id1,dist): 120 122 1.260075300294604
list:
dist: 1.260075300294604 vs. 1.260075300294604
--------
nle(id0,id1,dist): 120 124 2.742345452806977
list:
dist: 2.742345452806977 vs. 2.742345452806977
--------
nle(id0,id1,dist): 120 123 3.4516640295861847
list:
dist: 3.4516640295861847 vs. 3.4516640295861847
--------
nle(id0,id1,dist): 120 127 1.7722502906781457
list:
dist: 1.7722502906781457 vs. 1.7722502906781457
--------
nle(id0,id1,dist): 121 142 2.12913516408267
list:
dist: 2.12913516408267 vs. 2.12913516408267
--------
nle(id0,id1,dist): 121 143 3.011131712060344
list:
dist: 3.011131712060344 vs. 3.011131712060344
--------
nle(id0,id1,dist): 121 141 2.174972937498017
list:
dist: 2.174972937498017 vs. 2.174972937498017
--------
nle(id0,id1,dist): 121 147 2.0392648129673634
list:
dist: 2.0392648129673634 vs. 2.0392648129673634
--------
nle(id0,id1,dist): 121 145 3.0604105349376622
list:
dist: 3.0604105349376622 vs. 3.0604105349376622
--------
nle(id0,id1,dist): 121 132 3.7910911768458555
list:
dist: 3.7910911768458555 vs. 3.7910911768458555
--------
nle(id0,id1,dist): 121 133 1.9216095133290974
list:
dist: 1.9216095133290974 vs. 1.9216095133290974
--------
nle(id0,id1,dist): 121 138 3.881437711395901
list:
dist: 3.881437711395901 vs. 3.881437711395901
--------
nle(id0,id1,dist): 121 126 2.0657778457799045
list:
dist: 2.0657778457799045 vs. 2.0657778457799045
--------
nle(id0,id1,dist): 121 125 1.5225984570656124
list:
dist: 1.5225984570656124 vs. 1.5225984570656124
--------
nle(id0,id1,dist): 121 124 1.2449163646349524
list:
dist: 1.2449163646349524 vs. 1.2449163646349524
--------
nle(id0,id1,dist): 121 131 1.573437267791522
list:
dist: 1.573437267791522 vs. 1.573437267791522
--------
nle(id0,id1,dist): 121 130 2.7671941330317877
list:
dist: 2.7671941330317877 vs. 2.7671941330317877
--------
nle(id0,id1,dist): 121 129 2.828046644992796
list:
dist: 2.828046644992796 vs. 2.828046644992796
--------
nle(id0,id1,dist): 121 128 2.589864960080997
list:
dist: 2.589864960080997 vs. 2.589864960080997
--------
nle(id0,id1,dist): 121 123 1.582249368289063
list:
dist: 1.582249368289063 vs. 1.582249368289063
--------
nle(id0,id1,dist): 121 122 2.3369419098441693
list:
dist: 2.3369419098441693 vs. 2.3369419098441693
--------
nle(id0,id1,dist): 122 132 3.5684427705949147
list:
dist: 3.5684427705949147 vs. 3.5684427705949147
--------
nle(id0,id1,dist): 122 131 1.6755191578412227
list:
dist: 1.6755191578412227 vs. 1.6755191578412227
--------
nle(id0,id1,dist): 122 134 4.4275799455546
list:
dist: 4.4275799455546 vs. 4.4275799455546
--------
nle(id0,id1,dist): 122 128 3.881994854122699
list:
dist: 3.881994854122699 vs. 3.881994854122699
--------
nle(id0,id1,dist): 122 127 1.7665266529212968
list:
dist: 1.7665266529212968 vs. 1.7665266529212968
--------
nle(id0,id1,dist): 122 130 2.3757183465855753
list:
dist: 2.3757183465855753 vs. 2.3757183465855753
--------
nle(id0,id1,dist): 122 129 3.8640861353193383
list:
dist: 3.8640861353193383 vs. 3.8640861353193383
--------
nle(id0,id1,dist): 122 142 3.7581910114049184
list:
dist: 3.7581910114049184 vs. 3.7581910114049184
--------
nle(id0,id1,dist): 122 141 1.710998605907794
list:
dist: 1.710998605907794 vs. 1.710998605907794
--------
nle(id0,id1,dist): 122 138 4.501774462426793
list:
dist: 4.501774462426793 vs. 4.501774462426793
--------
nle(id0,id1,dist): 121 148 3.225431630358431
list:
dist: 3.225431630358431 vs. 3.225431630358431
--------
nle(id0,id1,dist): 122 123 2.5230356724143137
list:
dist: 2.5230356724143137 vs. 2.5230356724143137
--------
nle(id0,id1,dist): 122 124 1.7101646531339882
list:
dist: 1.7101646531339882 vs. 1.7101646531339882
--------
nle(id0,id1,dist): 122 125 3.2029872699501403
list:
dist: 3.2029872699501403 vs. 3.2029872699501403
--------
nle(id0,id1,dist): 123 129 1.5574037593293315
list:
dist: 1.5574037593293315 vs. 1.5574037593293315
--------
nle(id0,id1,dist): 123 128 1.3678169939404714
list:
dist: 1.3678169939404714 vs. 1.3678169939404714
--------
nle(id0,id1,dist): 123 127 2.2600409844558342
list:
dist: 2.2600409844558342 vs. 2.2600409844558342
--------
nle(id0,id1,dist): 123 125 1.434370095699353
list:
dist: 1.434370095699353 vs. 1.434370095699353
--------
nle(id0,id1,dist): 123 124 0.8507810584138107
list:
dist: 0.8507810584138107 vs. 0.8507810584138107
--------
nle(id0,id1,dist): 123 137 1.9260486598052668
list:
dist: 1.9260486598052668 vs. 1.9260486598052668
--------
nle(id0,id1,dist): 123 136 2.8172397851065134
list:
dist: 2.8172397851065134 vs. 2.8172397851065134
--------
nle(id0,id1,dist): 123 135 2.9572579634956013
list:
dist: 2.9572579634956013 vs. 2.9572579634956013
--------
nle(id0,id1,dist): 123 134 3.0065737246999227
list:
dist: 3.0065737246999227 vs. 3.0065737246999227
--------
nle(id0,id1,dist): 123 132 2.2605669205588708
list:
dist: 2.2605669205588708 vs. 2.2605669205588708
--------
nle(id0,id1,dist): 123 131 0.8826831176880846
list:
dist: 0.8826831176880846 vs. 0.8826831176880846
--------
nle(id0,id1,dist): 123 130 1.4535367280576514
list:
dist: 1.4535367280576514 vs. 1.4535367280576514
--------
nle(id0,id1,dist): 122 147 3.964338735261465
list:
dist: 3.964338735261465 vs. 3.964338735261465
--------
nle(id0,id1,dist): 122 148 4.745441957586379
list:
dist: 4.745441957586379 vs. 4.745441957586379
--------
nle(id0,id1,dist): 122 145 3.5014409207000328
list:
dist: 3.5014409207000328 vs. 3.5014409207000328
--------
nle(id0,id1,dist): 124 125 1.7698503842805833
list:
dist: 1.7698503842805833 vs. 1.7698503842805833
--------
nle(id0,id1,dist): 124 128 2.215672247928135
list:
dist: 2.215672247928135 vs. 2.215672247928135
--------
nle(id0,id1,dist): 124 127 1.8782059594645557
list:
dist: 1.8782059594645557 vs. 1.8782059594645557
--------
nle(id0,id1,dist): 124 130 1.551867683892178
list:
dist: 1.551867683892178 vs. 1.551867683892178
--------
nle(id0,id1,dist): 124 129 2.291081618501566
list:
dist: 2.291081618501566 vs. 2.291081618501566
--------
nle(id0,id1,dist): 124 132 2.672410849014618
list:
dist: 2.672410849014618 vs. 2.672410849014618
--------
nle(id0,id1,dist): 124 131 0.3905091901256667
list:
dist: 0.3905091901256667 vs. 0.3905091901256667
--------
nle(id0,id1,dist): 123 138 2.3608078890208493
list:
dist: 2.3608078890208493 vs. 2.3608078890208493
--------
nle(id0,id1,dist): 123 139 2.317151162670762
list:
dist: 2.317151162670762 vs. 2.317151162670762
--------
nle(id0,id1,dist): 123 140 2.4224213904968552
list:
dist: 2.4224213904968552 vs. 2.4224213904968552
--------
nle(id0,id1,dist): 123 142 1.3861557131828002
list:
dist: 1.3861557131828002 vs. 1.3861557131828002
--------
nle(id0,id1,dist): 123 144 2.679939018018596
list:
dist: 2.679939018018596 vs. 2.679939018018596
--------
nle(id0,id1,dist): 123 145 1.7128781292295638
list:
dist: 1.7128781292295638 vs. 1.7128781292295638
--------
nle(id0,id1,dist): 123 146 2.3783333855600635
list:
dist: 2.3783333855600635 vs. 2.3783333855600635
--------
nle(id0,id1,dist): 123 147 1.707670817602146
list:
dist: 1.707670817602146 vs. 1.707670817602146
--------
nle(id0,id1,dist): 123 148 2.342272440240721
list:
dist: 2.342272440240721 vs. 2.342272440240721
--------
nle(id0,id1,dist): 123 149 2.7050829256830724
list:
dist: 2.7050829256830724 vs. 2.7050829256830724
--------
nle(id0,id1,dist): 125 126 1.9862807032115335
list:
dist: 1.9862807032115335 vs. 1.9862807032115335
--------
nle(id0,id1,dist): 124 134 3.483096857557732
list:
dist: 3.483096857557732 vs. 3.483096857557732
--------
nle(id0,id1,dist): 124 138 3.1046594576359543
list:
dist: 3.1046594576359543 vs. 3.1046594576359543
--------
nle(id0,id1,dist): 124 141 2.1075168718114723
list:
dist: 2.1075168718114723 vs. 2.1075168718114723
--------
nle(id0,id1,dist): 124 142 2.1039040785260523
list:
dist: 2.1039040785260523 vs. 2.1039040785260523
--------
nle(id0,id1,dist): 124 147 2.321945955900138
list:
dist: 2.321945955900138 vs. 2.321945955900138
--------
nle(id0,id1,dist): 124 148 3.124743366827368
list:
dist: 3.124743366827368 vs. 3.124743366827368
--------
nle(id0,id1,dist): 124 145 2.2814498246291994
list:
dist: 2.2814498246291994 vs. 2.2814498246291994
--------
nle(id0,id1,dist): 112 119 1.4972472796418694
list:
dist: 1.4972472796418694 vs. 1.4972472796418694
--------
nle(id0,id1,dist): 112 117 1.7316722577894361
list:
dist: 1.7316722577894361 vs. 1.7316722577894361
--------
nle(id0,id1,dist): 112 118 0.9012171672719419
list:
dist: 0.9012171672719419 vs. 0.9012171672719419
--------
nle(id0,id1,dist): 112 116 1.1101642307667936
list:
dist: 1.1101642307667936 vs. 1.1101642307667936
--------
nle(id0,id1,dist): 112 113 1.4174320170600985
list:
dist: 1.4174320170600985 vs. 1.4174320170600985
--------
nle(id0,id1,dist): 112 114 1.629699295921154
list:
dist: 1.629699295921154 vs. 1.629699295921154
--------
nle(id0,id1,dist): 113 116 1.7119340167306563
list:
dist: 1.7119340167306563 vs. 1.7119340167306563
--------
nle(id0,id1,dist): 113 117 1.7576278723141934
list:
dist: 1.7576278723141934 vs. 1.7576278723141934
--------
nle(id0,id1,dist): 113 118 1.5992231998350417
list:
dist: 1.5992231998350417 vs. 1.5992231998350417
--------
nle(id0,id1,dist): 113 119 1.5928365146438723
list:
dist: 1.5928365146438723 vs. 1.5928365146438723
--------
nle(id0,id1,dist): 113 114 1.477692239501812
list:
dist: 1.477692239501812 vs. 1.477692239501812
--------
nle(id0,id1,dist): 113 115 1.9317509403359774
list:
dist: 1.9317509403359774 vs. 1.9317509403359774
--------
nle(id0,id1,dist): 114 117 1.4680835894664581
list:
dist: 1.4680835894664581 vs. 1.4680835894664581
--------
nle(id0,id1,dist): 114 118 1.1864262978908953
list:
dist: 1.1864262978908953 vs. 1.1864262978908953
--------
nle(id0,id1,dist): 114 115 1.0936045945304989
list:
dist: 1.0936045945304989 vs. 1.0936045945304989
--------
nle(id0,id1,dist): 114 116 1.9688139683495343
list:
dist: 1.9688139683495343 vs. 1.9688139683495343
--------
nle(id0,id1,dist): 114 119 0.5130005324100761
list:
dist: 0.5130005324100761 vs. 0.5130005324100761
--------
nle(id0,id1,dist): 115 118 1.864478551350045
list:
dist: 1.864478551350045 vs. 1.864478551350045
--------
nle(id0,id1,dist): 115 119 1.1387876237919823
list:
dist: 1.1387876237919823 vs. 1.1387876237919823
--------
nle(id0,id1,dist): 115 117 1.4642733891224093
list:
dist: 1.4642733891224093 vs. 1.4642733891224093
--------
nle(id0,id1,dist): 116 117 1.0989016341679998
list:
dist: 1.0989016341679998 vs. 1.0989016341679998
--------
nle(id0,id1,dist): 116 118 0.9235771228323442
list:
dist: 0.9235771228323442 vs. 0.9235771228323442
--------
nle(id0,id1,dist): 116 119 1.6014837806504068
list:
dist: 1.6014837806504068 vs. 1.6014837806504068
--------
nle(id0,id1,dist): 117 118 0.9871693869822042
list:
dist: 0.9871693869822042 vs. 0.9871693869822042
--------
nle(id0,id1,dist): 117 119 1.0343101339212357
list:
dist: 1.0343101339212357 vs. 1.0343101339212357
--------
nle(id0,id1,dist): 118 119 0.8091317806347273
list:
dist: 0.8091317806347273 vs. 0.8091317806347273
--------
nle(id0,id1,dist): 106 119 2.2244350488172002
list:
dist: 2.2244350488172002 vs. 2.2244350488172002
--------
nle(id0,id1,dist): 106 113 2.035193874383388
list:
dist: 2.035193874383388 vs. 2.035193874383388
--------
nle(id0,id1,dist): 106 114 1.795540605317978
list:
dist: 1.795540605317978 vs. 1.795540605317978
--------
nle(id0,id1,dist): 106 111 2.2119013653628614
list:
dist: 2.2119013653628614 vs. 2.2119013653628614
--------
nle(id0,id1,dist): 106 112 2.1856385975102586
list:
dist: 2.1856385975102586 vs. 2.1856385975102586
--------
nle(id0,id1,dist): 106 117 3.1059570710688744
list:
dist: 3.1059570710688744 vs. 3.1059570710688744
--------
nle(id0,id1,dist): 106 118 2.4724799828690656
list:
dist: 2.4724799828690656 vs. 2.4724799828690656
--------
nle(id0,id1,dist): 106 115 2.679831143980245
list:
dist: 2.679831143980245 vs. 2.679831143980245
--------
nle(id0,id1,dist): 106 116 3.125089525301206
list:
dist: 3.125089525301206 vs. 3.125089525301206
--------
nle(id0,id1,dist): 106 110 1.9393769942929
list:
dist: 1.9393769942929 vs. 1.9393769942929
--------
nle(id0,id1,dist): 106 109 1.6440919890129575
list:
dist: 1.6440919890129575 vs. 1.6440919890129575
--------
nle(id0,id1,dist): 106 108 1.3632984176672571
list:
dist: 1.3632984176672571 vs. 1.3632984176672571
--------
nle(id0,id1,dist): 106 107 1.0029849538984204
list:
dist: 1.0029849538984204 vs. 1.0029849538984204
--------
nle(id0,id1,dist): 105 109 2.289604790551948
list:
dist: 2.289604790551948 vs. 2.289604790551948
--------
nle(id0,id1,dist): 105 108 1.6086330253307028
list:
dist: 1.6086330253307028 vs. 1.6086330253307028
--------
nle(id0,id1,dist): 105 111 3.1074364614498657
list:
dist: 3.1074364614498657 vs. 3.1074364614498657
--------
nle(id0,id1,dist): 105 113 2.5957465809130817
list:
dist: 2.5957465809130817 vs. 2.5957465809130817
--------
nle(id0,id1,dist): 105 115 2.7911139133805474
list:
dist: 2.7911139133805474 vs. 2.7911139133805474
--------
nle(id0,id1,dist): 105 114 2.3629066257035007
list:
dist: 2.3629066257035007 vs. 2.3629066257035007
--------
nle(id0,id1,dist): 105 107 1.8371503934581352
list:
dist: 1.8371503934581352 vs. 1.8371503934581352
--------
nle(id0,id1,dist): 105 106 1.3243263100116007
list:
dist: 1.3243263100116007 vs. 1.3243263100116007
--------
nle(id0,id1,dist): 108 115 1.714771486951056
list:
dist: 1.714771486951056 vs. 1.714771486951056
--------
nle(id0,id1,dist): 108 116 2.505198143979089
list:
dist: 2.505198143979089 vs. 2.505198143979089
--------
nle(id0,id1,dist): 108 113 1.0258262378495016
list:
dist: 1.0258262378495016 vs. 1.0258262378495016
--------
nle(id0,id1,dist): 108 114 1.2319308186381779
list:
dist: 1.2319308186381779 vs. 1.2319308186381779
--------
nle(id0,id1,dist): 108 111 1.6392034618339282
list:
dist: 1.6392034618339282 vs. 1.6392034618339282
--------
nle(id0,id1,dist): 108 112 1.976764108463827
list:
dist: 1.976764108463827 vs. 1.976764108463827
--------
nle(id0,id1,dist): 108 109 0.9238095461806299
list:
dist: 0.9238095461806299 vs. 0.9238095461806299
--------
nle(id0,id1,dist): 108 110 1.507988060594362
list:
dist: 1.507988060594362 vs. 1.507988060594362
--------
nle(id0,id1,dist): 107 118 1.5892006970149124
list:
dist: 1.5892006970149124 vs. 1.5892006970149124
--------
nle(id0,id1,dist): 107 119 1.2256973706812297
list:
dist: 1.2256973706812297 vs. 1.2256973706812297
--------
nle(id0,id1,dist): 107 114 0.8072092933646279
list:
dist: 0.8072092933646279 vs. 0.8072092933646279
--------
nle(id0,id1,dist): 107 115 1.8030075606169946
list:
dist: 1.8030075606169946 vs. 1.8030075606169946
--------
nle(id0,id1,dist): 107 116 2.3469374869891113
list:
dist: 2.3469374869891113 vs. 2.3469374869891113
--------
nle(id0,id1,dist): 107 117 2.156530862786546
list:
dist: 2.156530862786546 vs. 2.156530862786546
--------
nle(id0,id1,dist): 107 110 0.9420082839304625
list:
dist: 0.9420082839304625 vs. 0.9420082839304625
--------
nle(id0,id1,dist): 107 111 1.6435653144224756
list:
dist: 1.6435653144224756 vs. 1.6435653144224756
--------
nle(id0,id1,dist): 107 112 1.6079183760457914
list:
dist: 1.6079183760457914 vs. 1.6079183760457914
--------
nle(id0,id1,dist): 107 113 1.537143845883663
list:
dist: 1.537143845883663 vs. 1.537143845883663
--------
nle(id0,id1,dist): 107 108 1.0302130350874723
list:
dist: 1.0302130350874723 vs. 1.0302130350874723
--------
nle(id0,id1,dist): 107 109 0.7507924475805666
list:
dist: 0.7507924475805666 vs. 0.7507924475805666
--------
nle(id0,id1,dist): 109 114 0.4817398851248928
list:
dist: 0.4817398851248928 vs. 0.4817398851248928
--------
nle(id0,id1,dist): 109 115 1.3337817617088634
list:
dist: 1.3337817617088634 vs. 1.3337817617088634
--------
nle(id0,id1,dist): 109 112 1.3529975598910209
list:
dist: 1.3529975598910209 vs. 1.3529975598910209
--------
nle(id0,id1,dist): 109 113 1.0164355477960552
list:
dist: 1.0164355477960552 vs. 1.0164355477960552
--------
nle(id0,id1,dist): 109 118 1.1419937259553206
list:
dist: 1.1419937259553206 vs. 1.1419937259553206
--------
nle(id0,id1,dist): 109 119 0.7572321883955077
list:
dist: 0.7572321883955077 vs. 0.7572321883955077
--------
nle(id0,id1,dist): 109 116 1.7834972290683384
list:
dist: 1.7834972290683384 vs. 1.7834972290683384
--------
nle(id0,id1,dist): 109 117 1.4862918207257265
list:
dist: 1.4862918207257265 vs. 1.4862918207257265
--------
nle(id0,id1,dist): 109 111 1.1904547871481357
list:
dist: 1.1904547871481357 vs. 1.1904547871481357
--------
nle(id0,id1,dist): 109 110 0.7176771676393048
list:
dist: 0.7176771676393048 vs. 0.7176771676393048
--------
nle(id0,id1,dist): 108 117 2.251691648149607
list:
dist: 2.251691648149607 vs. 2.251691648149607
--------
nle(id0,id1,dist): 108 118 2.0271214379456013
list:
dist: 2.0271214379456013 vs. 2.0271214379456013
--------
nle(id0,id1,dist): 108 119 1.6412366035583013
list:
dist: 1.6412366035583013 vs. 1.6412366035583013
--------
nle(id0,id1,dist): 111 119 1.5169056218286014
list:
dist: 1.5169056218286014 vs. 1.5169056218286014
--------
nle(id0,id1,dist): 111 118 1.109472380779068
list:
dist: 1.109472380779068 vs. 1.109472380779068
--------
nle(id0,id1,dist): 111 116 1.0960685868794557
list:
dist: 1.0960685868794557 vs. 1.0960685868794557
--------
nle(id0,id1,dist): 111 117 1.594751897459422
list:
dist: 1.594751897459422 vs. 1.594751897459422
--------
nle(id0,id1,dist): 111 114 1.590081507912331
list:
dist: 1.590081507912331 vs. 1.590081507912331
--------
nle(id0,id1,dist): 111 112 0.6563848530496812
list:
dist: 0.6563848530496812 vs. 0.6563848530496812
--------
nle(id0,id1,dist): 111 113 0.8366088244043687
list:
dist: 0.8366088244043687 vs. 0.8366088244043687
--------
nle(id0,id1,dist): 110 111 1.710244313400457
list:
dist: 1.710244313400457 vs. 1.710244313400457
--------
nle(id0,id1,dist): 110 112 1.656609272727069
list:
dist: 1.656609272727069 vs. 1.656609272727069
--------
nle(id0,id1,dist): 110 113 1.7063241860741258
list:
dist: 1.7063241860741258 vs. 1.7063241860741258
--------
nle(id0,id1,dist): 110 114 0.2828303179969148
list:
dist: 0.2828303179969148 vs. 0.2828303179969148
--------
nle(id0,id1,dist): 110 119 0.40980020632592085
list:
dist: 0.40980020632592085 vs. 0.40980020632592085
--------
nle(id0,id1,dist): 110 115 1.164256679728607
list:
dist: 1.164256679728607 vs. 1.164256679728607
--------
nle(id0,id1,dist): 110 116 1.9599493883639028
list:
dist: 1.9599493883639028 vs. 1.9599493883639028
--------
nle(id0,id1,dist): 110 117 1.4375183800474314
list:
dist: 1.4375183800474314 vs. 1.4375183800474314
--------
nle(id0,id1,dist): 110 118 1.1117309409920255
list:
dist: 1.1117309409920255 vs. 1.1117309409920255
--------
nle(id0,id1,dist): 99 107 0.8034361278624221
list:
dist: 0.8034361278624221 vs. 0.8034361278624221
--------
nle(id0,id1,dist): 99 106 1.157614518634838
list:
dist: 1.157614518634838 vs. 1.157614518634838
--------
nle(id0,id1,dist): 99 109 0.8157000482037189
list:
dist: 0.8157000482037189 vs. 0.8157000482037189
--------
nle(id0,id1,dist): 99 108 0.8157544104204105
list:
dist: 0.8157544104204105 vs. 0.8157544104204105
--------
nle(id0,id1,dist): 99 111 1.099386805885553
list:
dist: 1.099386805885553 vs. 1.099386805885553
--------
nle(id0,id1,dist): 99 110 1.4290417302822183
list:
dist: 1.4290417302822183 vs. 1.4290417302822183
--------
nle(id0,id1,dist): 99 113 0.9275983728066799
list:
dist: 0.9275983728066799 vs. 0.9275983728066799
--------
nle(id0,id1,dist): 99 112 1.2810664363729651
list:
dist: 1.2810664363729651 vs. 1.2810664363729651
--------
nle(id0,id1,dist): 99 100 1.351280012273706
list:
dist: 1.351280012273706 vs. 1.351280012273706
--------
nle(id0,id1,dist): 99 103 2.0574436669086915
list:
dist: 2.0574436669086915 vs. 2.0574436669086915
--------
nle(id0,id1,dist): 99 102 1.2399324467919455
list:
dist: 1.2399324467919455 vs. 1.2399324467919455
--------
nle(id0,id1,dist): 99 105 2.032202998326638
list:
dist: 2.032202998326638 vs. 2.032202998326638
--------
nle(id0,id1,dist): 99 104 1.599206727353405
list:
dist: 1.599206727353405 vs. 1.599206727353405
--------
nle(id0,id1,dist): 99 114 1.2243354302864207
list:
dist: 1.2243354302864207 vs. 1.2243354302864207
--------
nle(id0,id1,dist): 99 115 2.092176922839835
list:
dist: 2.092176922839835 vs. 2.092176922839835
--------
nle(id0,id1,dist): 99 116 2.073398307307917
list:
dist: 2.073398307307917 vs. 2.073398307307917
--------
nle(id0,id1,dist): 99 117 2.144960246555596
list:
dist: 2.144960246555596 vs. 2.144960246555596
--------
nle(id0,id1,dist): 99 118 1.5984423275814499
list:
dist: 1.5984423275814499 vs. 1.5984423275814499
--------
nle(id0,id1,dist): 99 119 1.5148457065313747
list:
dist: 1.5148457065313747 vs. 1.5148457065313747
--------
nle(id0,id1,dist): 98 114 2.19508071428539
list:
dist: 2.19508071428539 vs. 2.19508071428539
--------
nle(id0,id1,dist): 98 113 1.6552052056960136
list:
dist: 1.6552052056960136 vs. 1.6552052056960136
--------
nle(id0,id1,dist): 98 112 2.9230392007112886
list:
dist: 2.9230392007112886 vs. 2.9230392007112886
--------
nle(id0,id1,dist): 98 111 2.3636071367809737
list:
dist: 2.3636071367809737 vs. 2.3636071367809737
--------
nle(id0,id1,dist): 98 118 2.6751183785029022
list:
dist: 2.6751183785029022 vs. 2.6751183785029022
--------
nle(id0,id1,dist): 98 117 2.171597708702895
list:
dist: 2.171597708702895 vs. 2.171597708702895
--------
nle(id0,id1,dist): 98 116 2.738611067601981
list:
dist: 2.738611067601981 vs. 2.738611067601981
--------
nle(id0,id1,dist): 98 115 1.6865881894671926
list:
dist: 1.6865881894671926 vs. 1.6865881894671926
--------
nle(id0,id1,dist): 98 106 3.1423865740257257
list:
dist: 3.1423865740257257 vs. 3.1423865740257257
--------
nle(id0,id1,dist): 98 105 3.0230305638354937
list:
dist: 3.0230305638354937 vs. 3.0230305638354937
--------
nle(id0,id1,dist): 98 104 1.7557037027903388
list:
dist: 1.7557037027903388 vs. 1.7557037027903388
--------
nle(id0,id1,dist): 98 103 3.9927378117934342
list:
dist: 3.9927378117934342 vs. 3.9927378117934342
--------
nle(id0,id1,dist): 98 110 2.417952890140301
list:
dist: 2.417952890140301 vs. 2.417952890140301
--------
nle(id0,id1,dist): 98 109 2.008313695710631
list:
dist: 2.008313695710631 vs. 2.008313695710631
--------
nle(id0,id1,dist): 98 108 1.7798518986519487
list:
dist: 1.7798518986519487 vs. 1.7798518986519487
--------
nle(id0,id1,dist): 98 107 2.5874863339025813
list:
dist: 2.5874863339025813 vs. 2.5874863339025813
--------
nle(id0,id1,dist): 98 119 2.302363342520085
list:
dist: 2.302363342520085 vs. 2.302363342520085
--------
nle(id0,id1,dist): 101 103 1.6415579880999411
list:
dist: 1.6415579880999411 vs. 1.6415579880999411
--------
nle(id0,id1,dist): 101 102 3.15589135161399
list:
dist: 3.15589135161399 vs. 3.15589135161399
--------
nle(id0,id1,dist): 101 110 3.6778069488554275
list:
dist: 3.6778069488554275 vs. 3.6778069488554275
--------
nle(id0,id1,dist): 101 105 3.070938522178411
list:
dist: 3.070938522178411 vs. 3.070938522178411
--------
nle(id0,id1,dist): 101 106 2.1622038669476424
list:
dist: 2.1622038669476424 vs. 2.1622038669476424
--------
nle(id0,id1,dist): 101 107 2.8871601561731337
list:
dist: 2.8871601561731337 vs. 2.8871601561731337
--------
nle(id0,id1,dist): 100 108 1.6747217027009451
list:
dist: 1.6747217027009451 vs. 1.6747217027009451
--------
nle(id0,id1,dist): 100 107 1.1445351101706265
list:
dist: 1.1445351101706265 vs. 1.1445351101706265
--------
nle(id0,id1,dist): 100 106 0.34645607372328413
list:
dist: 0.34645607372328413 vs. 0.34645607372328413
--------
nle(id0,id1,dist): 100 105 1.579120896166118
list:
dist: 1.579120896166118 vs. 1.579120896166118
--------
nle(id0,id1,dist): 100 104 2.0646206783121777
list:
dist: 2.0646206783121777 vs. 2.0646206783121777
--------
nle(id0,id1,dist): 100 103 1.1212113238467796
list:
dist: 1.1212113238467796 vs. 1.1212113238467796
--------
nle(id0,id1,dist): 100 102 1.4280370359148964
list:
dist: 1.4280370359148964 vs. 1.4280370359148964
--------
nle(id0,id1,dist): 100 101 1.8497444949162232
list:
dist: 1.8497444949162232 vs. 1.8497444949162232
--------
nle(id0,id1,dist): 100 119 2.3430009543122505
list:
dist: 2.3430009543122505 vs. 2.3430009543122505
--------
nle(id0,id1,dist): 100 117 3.2456336309163194
list:
dist: 3.2456336309163194 vs. 3.2456336309163194
--------
nle(id0,id1,dist): 100 118 2.5322337764560503
list:
dist: 2.5322337764560503 vs. 2.5322337764560503
--------
nle(id0,id1,dist): 100 115 2.897895344826173
list:
dist: 2.897895344826173 vs. 2.897895344826173
--------
nle(id0,id1,dist): 100 116 3.2055393766627716
list:
dist: 3.2055393766627716 vs. 3.2055393766627716
--------
nle(id0,id1,dist): 100 113 2.2658959489209662
list:
dist: 2.2658959489209662 vs. 2.2658959489209662
--------
nle(id0,id1,dist): 100 114 1.949953914886194
list:
dist: 1.949953914886194 vs. 1.949953914886194
--------
nle(id0,id1,dist): 100 111 2.331356903494026
list:
dist: 2.331356903494026 vs. 2.331356903494026
--------
nle(id0,id1,dist): 100 112 2.210416789808095
list:
dist: 2.210416789808095 vs. 2.210416789808095
--------
nle(id0,id1,dist): 100 109 1.8300730376313452
list:
dist: 1.8300730376313452 vs. 1.8300730376313452
--------
nle(id0,id1,dist): 100 110 2.0534702396177305
list:
dist: 2.0534702396177305 vs. 2.0534702396177305
--------
nle(id0,id1,dist): 102 115 1.5428976893121713
list:
dist: 1.5428976893121713 vs. 1.5428976893121713
--------
nle(id0,id1,dist): 102 116 2.5647905879895787
list:
dist: 2.5647905879895787 vs. 2.5647905879895787
--------
nle(id0,id1,dist): 102 117 2.1680028991238887
list:
dist: 2.1680028991238887 vs. 2.1680028991238887
--------
nle(id0,id1,dist): 102 118 1.741940604900832
list:
dist: 1.741940604900832 vs. 1.741940604900832
--------
nle(id0,id1,dist): 102 119 1.1704113890242378
list:
dist: 1.1704113890242378 vs. 1.1704113890242378
--------
nle(id0,id1,dist): 103 105 1.7542317326969963
list:
dist: 1.7542317326969963 vs. 1.7542317326969963
--------
nle(id0,id1,dist): 103 104 2.6358703980315408
list:
dist: 2.6358703980315408 vs. 2.6358703980315408
--------
nle(id0,id1,dist): 103 107 2.1601719201828384
list:
dist: 2.1601719201828384 vs. 2.1601719201828384
--------
nle(id0,id1,dist): 103 106 1.1778546323389023
list:
dist: 1.1778546323389023 vs. 1.1778546323389023
--------
nle(id0,id1,dist): 103 109 2.7337773381042205
list:
dist: 2.7337773381042205 vs. 2.7337773381042205
--------
nle(id0,id1,dist): 103 108 2.289213761203022
list:
dist: 2.289213761203022 vs. 2.289213761203022
--------
nle(id0,id1,dist): 102 106 1.2861817064443093
list:
dist: 1.2861817064443093 vs. 1.2861817064443093
--------
nle(id0,id1,dist): 102 105 1.8220747677287539
list:
dist: 1.8220747677287539 vs. 1.8220747677287539
--------
nle(id0,id1,dist): 102 104 1.380324906585224
list:
dist: 1.380324906585224 vs. 1.380324906585224
--------
nle(id0,id1,dist): 102 103 2.462261148956873
list:
dist: 2.462261148956873 vs. 2.462261148956873
--------
nle(id0,id1,dist): 102 110 0.7903948086770435
list:
dist: 0.7903948086770435 vs. 0.7903948086770435
--------
nle(id0,id1,dist): 102 109 0.906781757174388
list:
dist: 0.906781757174388 vs. 0.906781757174388
--------
nle(id0,id1,dist): 102 108 1.20252763687663
list:
dist: 1.20252763687663 vs. 1.20252763687663
--------
nle(id0,id1,dist): 102 107 0.48718608671531194
list:
dist: 0.48718608671531194 vs. 0.48718608671531194
--------
nle(id0,id1,dist): 102 114 0.7022989136705657
list:
dist: 0.7022989136705657 vs. 0.7022989136705657
--------
nle(id0,id1,dist): 102 113 1.8280291712973074
list:
dist: 1.8280291712973074 vs. 1.8280291712973074
--------
nle(id0,id1,dist): 102 112 1.9711621035916367
list:
dist: 1.9711621035916367 vs. 1.9711621035916367
--------
nle(id0,id1,dist): 102 111 2.000345475924834
list:
dist: 2.000345475924834 vs. 2.000345475924834
--------
nle(id0,id1,dist): 104 109 1.466079107551782
list:
dist: 1.466079107551782 vs. 1.466079107551782
--------
nle(id0,id1,dist): 104 110 1.7907347140643703
list:
dist: 1.7907347140643703 vs. 1.7907347140643703
--------
nle(id0,id1,dist): 104 111 2.4039971811094976
list:
dist: 2.4039971811094976 vs. 2.4039971811094976
--------
nle(id0,id1,dist): 104 112 2.7231130784850652
list:
dist: 2.7231130784850652 vs. 2.7231130784850652
--------
nle(id0,id1,dist): 104 105 1.3369103906020738
list:
dist: 1.3369103906020738 vs. 1.3369103906020738
--------
nle(id0,id1,dist): 104 106 1.7405968607305329
list:
dist: 1.7405968607305329 vs. 1.7405968607305329
--------
nle(id0,id1,dist): 104 107 1.482634223267736
list:
dist: 1.482634223267736 vs. 1.482634223267736
--------
nle(id0,id1,dist): 104 108 0.8221373800410455
list:
dist: 0.8221373800410455 vs. 0.8221373800410455
--------
nle(id0,id1,dist): 104 117 2.634339794483253
list:
dist: 2.634339794483253 vs. 2.634339794483253
--------
nle(id0,id1,dist): 104 118 2.592030060040091
list:
dist: 2.592030060040091 vs. 2.592030060040091
--------
nle(id0,id1,dist): 104 119 1.995489904660748
list:
dist: 1.995489904660748 vs. 1.995489904660748
--------
nle(id0,id1,dist): 104 113 1.7414171994375414
list:
dist: 1.7414171994375414 vs. 1.7414171994375414
--------
nle(id0,id1,dist): 104 114 1.5428204905379936
list:
dist: 1.5428204905379936 vs. 1.5428204905379936
--------
nle(id0,id1,dist): 104 115 1.60891017895871
list:
dist: 1.60891017895871 vs. 1.60891017895871
--------
nle(id0,id1,dist): 104 116 3.1393073995093888
list:
dist: 3.1393073995093888 vs. 3.1393073995093888
--------
nle(id0,id1,dist): 103 114 2.952140110742072
list:
dist: 2.952140110742072 vs. 2.952140110742072
--------
nle(id0,id1,dist): 103 113 2.838709905717135
list:
dist: 2.838709905717135 vs. 2.838709905717135
--------
nle(id0,id1,dist): 103 111 2.992958964102552
list:
dist: 2.992958964102552 vs. 2.992958964102552
--------
nle(id0,id1,dist): 147 149 2.1129113266925046
list:
dist: 2.1129113266925046 vs. 2.1129113266925046
--------
nle(id0,id1,dist): 147 148 1.3379815925013483
list:
dist: 1.3379815925013483 vs. 1.3379815925013483
--------
nle(id0,id1,dist): 148 149 1.1824596872803494
list:
dist: 1.1824596872803494 vs. 1.1824596872803494
--------
nle(id0,id1,dist): 146 147 3.2900588190952607
list:
dist: 3.2900588190952607 vs. 3.2900588190952607
--------
nle(id0,id1,dist): 146 148 2.8228557088461543
list:
dist: 2.8228557088461543 vs. 2.8228557088461543
--------
nle(id0,id1,dist): 144 148 1.4137783694157322
list:
dist: 1.4137783694157322 vs. 1.4137783694157322
--------
nle(id0,id1,dist): 144 147 2.025152423761393
list:
dist: 2.025152423761393 vs. 2.025152423761393
--------
nle(id0,id1,dist): 144 145 2.6407464366000677
list:
dist: 2.6407464366000677 vs. 2.6407464366000677
--------
nle(id0,id1,dist): 144 149 0.528815666645813
list:
dist: 0.528815666645813 vs. 0.528815666645813
--------
nle(id0,id1,dist): 145 149 2.3355345052821392
list:
dist: 2.3355345052821392 vs. 2.3355345052821392
--------
nle(id0,id1,dist): 145 148 1.9821229722902405
list:
dist: 1.9821229722902405 vs. 1.9821229722902405
--------
nle(id0,id1,dist): 145 147 2.361264408465495
list:
dist: 2.361264408465495 vs. 2.361264408465495
--------
nle(id0,id1,dist): 145 146 0.9464834371385648
list:
dist: 0.9464834371385648 vs. 0.9464834371385648
--------
nle(id0,id1,dist): 142 149 1.858862525001425
list:
dist: 1.858862525001425 vs. 1.858862525001425
--------
nle(id0,id1,dist): 142 147 0.5601317278939586
list:
dist: 0.5601317278939586 vs. 0.5601317278939586
--------
nle(id0,id1,dist): 142 148 1.1060549170770055
list:
dist: 1.1060549170770055 vs. 1.1060549170770055
--------
nle(id0,id1,dist): 142 145 1.8076772301706112
list:
dist: 1.8076772301706112 vs. 1.8076772301706112
--------
nle(id0,id1,dist): 142 146 2.732983457264176
list:
dist: 2.732983457264176 vs. 2.732983457264176
--------
nle(id0,id1,dist): 142 143 2.156818120010528
list:
dist: 2.156818120010528 vs. 2.156818120010528
--------
nle(id0,id1,dist): 142 144 1.8721497036592947
list:
dist: 1.8721497036592947 vs. 1.8721497036592947
--------
nle(id0,id1,dist): 143 147 1.6869195284810745
list:
dist: 1.6869195284810745 vs. 1.6869195284810745
--------
nle(id0,id1,dist): 143 148 2.3015699629469677
list:
dist: 2.3015699629469677 vs. 2.3015699629469677
--------
nle(id0,id1,dist): 143 149 3.213952179121076
list:
dist: 3.213952179121076 vs. 3.213952179121076
--------
nle(id0,id1,dist): 143 144 3.123006376872311
list:
dist: 3.123006376872311 vs. 3.123006376872311
--------
nle(id0,id1,dist): 140 149 1.4771955766082112
list:
dist: 1.4771955766082112 vs. 1.4771955766082112
--------
nle(id0,id1,dist): 139 144 0.7121309498230929
list:
dist: 0.7121309498230929 vs. 0.7121309498230929
--------
nle(id0,id1,dist): 139 145 2.7053729032821967
list:
dist: 2.7053729032821967 vs. 2.7053729032821967
--------
nle(id0,id1,dist): 139 142 1.5103484365124722
list:
dist: 1.5103484365124722 vs. 1.5103484365124722
--------
nle(id0,id1,dist): 139 143 2.6870038811657757
list:
dist: 2.6870038811657757 vs. 2.6870038811657757
--------
nle(id0,id1,dist): 139 140 2.1014752583439305
list:
dist: 2.1014752583439305 vs. 2.1014752583439305
--------
nle(id0,id1,dist): 139 148 1.4500900249204056
list:
dist: 1.4500900249204056 vs. 1.4500900249204056
--------
nle(id0,id1,dist): 139 149 1.1261661795129847
list:
dist: 1.1261661795129847 vs. 1.1261661795129847
--------
nle(id0,id1,dist): 139 147 1.5268423201692585
list:
dist: 1.5268423201692585 vs. 1.5268423201692585
--------
nle(id0,id1,dist): 140 145 1.4299123280889932
list:
dist: 1.4299123280889932 vs. 1.4299123280889932
--------
nle(id0,id1,dist): 140 146 2.159847612503665
list:
dist: 2.159847612503665 vs. 2.159847612503665
--------
nle(id0,id1,dist): 140 147 1.9465116314463666
list:
dist: 1.9465116314463666 vs. 1.9465116314463666
--------
nle(id0,id1,dist): 140 148 0.8527307432525458
list:
dist: 0.8527307432525458 vs. 0.8527307432525458
--------
nle(id0,id1,dist): 140 142 1.528782452636469
list:
dist: 1.528782452636469 vs. 1.528782452636469
--------
nle(id0,id1,dist): 140 143 2.978527311827235
list:
dist: 2.978527311827235 vs. 2.978527311827235
--------
nle(id0,id1,dist): 140 144 1.8933499918518184
list:
dist: 1.8933499918518184 vs. 1.8933499918518184
--------
nle(id0,id1,dist): 138 142 2.3871043852296863
list:
dist: 2.3871043852296863 vs. 2.3871043852296863
--------
nle(id0,id1,dist): 138 139 2.0467958145647116
list:
dist: 2.0467958145647116 vs. 2.0467958145647116
--------
nle(id0,id1,dist): 138 140 2.1063263559456957
list:
dist: 2.1063263559456957 vs. 2.1063263559456957
--------
nle(id0,id1,dist): 138 149 1.5692447494794532
list:
dist: 1.5692447494794532 vs. 1.5692447494794532
--------
nle(id0,id1,dist): 138 148 2.2747136600541635
list:
dist: 2.2747136600541635 vs. 2.2747136600541635
--------
nle(id0,id1,dist): 138 147 2.8303291505790718
list:
dist: 2.8303291505790718 vs. 2.8303291505790718
--------
nle(id0,id1,dist): 138 146 2.0786080682373544
list:
dist: 2.0786080682373544 vs. 2.0786080682373544
--------
nle(id0,id1,dist): 138 145 1.899747809619879
list:
dist: 1.899747809619879 vs. 1.899747809619879
--------
nle(id0,id1,dist): 138 144 1.7200370464326962
list:
dist: 1.7200370464326962 vs. 1.7200370464326962
--------
nle(id0,id1,dist): 137 144 1.4069420872827796
list:
dist: 1.4069420872827796 vs. 1.4069420872827796
--------
nle(id0,id1,dist): 137 145 2.2496020493826596
list:
dist: 2.2496020493826596 vs. 2.2496020493826596
--------
nle(id0,id1,dist): 137 147 2.2898076131931804
list:
dist: 2.2898076131931804 vs. 2.2898076131931804
--------
nle(id0,id1,dist): 137 140 2.3597918925092465
list:
dist: 2.3597918925092465 vs. 2.3597918925092465
--------
nle(id0,id1,dist): 137 142 1.982162373969412
list:
dist: 1.982162373969412 vs. 1.982162373969412
--------
nle(id0,id1,dist): 137 138 1.0174357904776556
list:
dist: 1.0174357904776556 vs. 1.0174357904776556
--------
nle(id0,id1,dist): 137 139 1.3960810864123623
list:
dist: 1.3960810864123623 vs. 1.3960810864123623
--------
nle(id0,id1,dist): 137 149 1.566904912851205
list:
dist: 1.566904912851205 vs. 1.566904912851205
--------
nle(id0,id1,dist): 137 148 2.174859677569963
list:
dist: 2.174859677569963 vs. 2.174859677569963
--------
nle(id0,id1,dist): 136 147 2.5862171680701893
list:
dist: 2.5862171680701893 vs. 2.5862171680701893
--------
nle(id0,id1,dist): 136 148 2.043419989451429
list:
dist: 2.043419989451429 vs. 2.043419989451429
--------
nle(id0,id1,dist): 136 145 2.764193237660568
list:
dist: 2.764193237660568 vs. 2.764193237660568
--------
nle(id0,id1,dist): 136 149 0.9729228310575952
list:
dist: 0.9729228310575952 vs. 0.9729228310575952
--------
nle(id0,id1,dist): 136 139 1.2209154980420325
list:
dist: 1.2209154980420325 vs. 1.2209154980420325
--------
nle(id0,id1,dist): 136 140 2.32020440520727
list:
dist: 2.32020440520727 vs. 2.32020440520727
--------
nle(id0,id1,dist): 136 137 1.078012933475674
list:
dist: 1.078012933475674 vs. 1.078012933475674
--------
nle(id0,id1,dist): 136 138 1.306537422112268
list:
dist: 1.306537422112268 vs. 1.306537422112268
--------
nle(id0,id1,dist): 136 143 3.8369932423579787
list:
dist: 3.8369932423579787 vs. 3.8369932423579787
--------
nle(id0,id1,dist): 136 144 0.76004860672079
list:
dist: 0.76004860672079 vs. 0.76004860672079
--------
nle(id0,id1,dist): 136 142 2.3580181700934464
list:
dist: 2.3580181700934464 vs. 2.3580181700934464
--------
nle(id0,id1,dist): 135 142 1.9203763613126341
list:
dist: 1.9203763613126341 vs. 1.9203763613126341
--------
nle(id0,id1,dist): 135 143 2.4435141246205796
list:
dist: 2.4435141246205796 vs. 2.4435141246205796
--------
nle(id0,id1,dist): 135 144 0.9826375562127148
list:
dist: 0.9826375562127148 vs. 0.9826375562127148
--------
nle(id0,id1,dist): 135 145 3.2463334083431885
list:
dist: 3.2463334083431885 vs. 3.2463334083431885
--------
nle(id0,id1,dist): 135 147 1.787864069557276
list:
dist: 1.787864069557276 vs. 1.787864069557276
--------
nle(id0,id1,dist): 135 148 1.5873067098734672
list:
dist: 1.5873067098734672 vs. 1.5873067098734672
--------
nle(id0,id1,dist): 135 149 1.3592557526755047
list:
dist: 1.3592557526755047 vs. 1.3592557526755047
--------
nle(id0,id1,dist): 135 140 2.354932984145365
list:
dist: 2.354932984145365 vs. 2.354932984145365
--------
nle(id0,id1,dist): 135 138 2.646632253422503
list:
dist: 2.646632253422503 vs. 2.646632253422503
--------
nle(id0,id1,dist): 135 139 0.7403008174193992
list:
dist: 0.7403008174193992 vs. 0.7403008174193992
--------
nle(id0,id1,dist): 135 136 1.6262623182303602
list:
dist: 1.6262623182303602 vs. 1.6262623182303602
--------
nle(id0,id1,dist): 135 137 2.098884490056341
list:
dist: 2.098884490056341 vs. 2.098884490056341
--------
nle(id0,id1,dist): 134 137 2.073719671129038
list:
dist: 2.073719671129038 vs. 2.073719671129038
--------
nle(id0,id1,dist): 134 138 1.4704634258794116
list:
dist: 1.4704634258794116 vs. 1.4704634258794116
--------
nle(id0,id1,dist): 134 145 2.597883546077436
list:
dist: 2.597883546077436 vs. 2.597883546077436
--------
nle(id0,id1,dist): 134 146 2.250479647419868
list:
dist: 2.250479647419868 vs. 2.250479647419868
--------
nle(id0,id1,dist): 133 142 1.6946133480546155
list:
dist: 1.6946133480546155 vs. 1.6946133480546155
--------
nle(id0,id1,dist): 133 143 1.2041212606225484
list:
dist: 1.2041212606225484 vs. 1.2041212606225484
--------
nle(id0,id1,dist): 133 141 3.222330968634015
list:
dist: 3.222330968634015 vs. 3.222330968634015
--------
nle(id0,id1,dist): 133 147 1.308399340105632
list:
dist: 1.308399340105632 vs. 1.308399340105632
--------
nle(id0,id1,dist): 133 148 2.3455600393196834
list:
dist: 2.3455600393196834 vs. 2.3455600393196834
--------
nle(id0,id1,dist): 132 134 1.1943862273931733
list:
dist: 1.1943862273931733 vs. 1.1943862273931733
--------
nle(id0,id1,dist): 132 136 2.840276082160535
list:
dist: 2.840276082160535 vs. 2.840276082160535
--------
nle(id0,id1,dist): 132 135 3.9490556161447365
list:
dist: 3.9490556161447365 vs. 3.9490556161447365
--------
nle(id0,id1,dist): 132 138 1.568425084846979
list:
dist: 1.568425084846979 vs. 1.568425084846979
--------
nle(id0,id1,dist): 132 137 2.1325199873653595
list:
dist: 2.1325199873653595 vs. 2.1325199873653595
--------
nle(id0,id1,dist): 132 140 2.724260455516996
list:
dist: 2.724260455516996 vs. 2.724260455516996
--------
nle(id0,id1,dist): 132 139 3.2762464119263783
list:
dist: 3.2762464119263783 vs. 3.2762464119263783
--------
nle(id0,id1,dist): 132 142 2.934239687358208
list:
dist: 2.934239687358208 vs. 2.934239687358208
--------
nle(id0,id1,dist): 132 144 3.1328692778994176
list:
dist: 3.1328692778994176 vs. 3.1328692778994176
--------
nle(id0,id1,dist): 132 145 1.6041648267180506
list:
dist: 1.6041648267180506 vs. 1.6041648267180506
--------
nle(id0,id1,dist): 132 146 1.1757000845963457
list:
dist: 1.1757000845963457 vs. 1.1757000845963457
--------
nle(id0,id1,dist): 132 147 3.459769879557444
list:
dist: 3.459769879557444 vs. 3.459769879557444
--------
nle(id0,id1,dist): 132 148 3.1647422942248764
list:
dist: 3.1647422942248764 vs. 3.1647422942248764
--------
nle(id0,id1,dist): 132 149 2.93065565445468
list:
dist: 2.93065565445468 vs. 2.93065565445468
--------
nle(id0,id1,dist): 131 147 2.4500582329626273
list:
dist: 2.4500582329626273 vs. 2.4500582329626273
--------
nle(id0,id1,dist): 131 148 3.1020837078149777
list:
dist: 3.1020837078149777 vs. 3.1020837078149777
--------
nle(id0,id1,dist): 131 142 2.1528366630662386
list:
dist: 2.1528366630662386 vs. 2.1528366630662386
--------
nle(id0,id1,dist): 131 145 2.019448609809332
list:
dist: 2.019448609809332 vs. 2.019448609809332
--------
nle(id0,id1,dist): 131 138 2.978155394990537
list:
dist: 2.978155394990537 vs. 2.978155394990537
--------
nle(id0,id1,dist): 131 141 2.0512422881422996
list:
dist: 2.0512422881422996 vs. 2.0512422881422996
--------
nle(id0,id1,dist): 131 134 3.2875942782559604
list:
dist: 3.2875942782559604 vs. 3.2875942782559604
--------
nle(id0,id1,dist): 131 132 2.393258278045581
list:
dist: 2.393258278045581 vs. 2.393258278045581
--------
nle(id0,id1,dist): 130 149 3.3177406608217215
list:
dist: 3.3177406608217215 vs. 3.3177406608217215
--------
nle(id0,id1,dist): 130 147 3.065401343160927
list:
dist: 3.065401343160927 vs. 3.065401343160927
--------
nle(id0,id1,dist): 130 148 3.2791158335750255
list:
dist: 3.2791158335750255 vs. 3.2791158335750255
--------
nle(id0,id1,dist): 130 145 1.7976518808807067
list:
dist: 1.7976518808807067 vs. 1.7976518808807067
--------
nle(id0,id1,dist): 130 146 1.8100605514701584
list:
dist: 1.8100605514701584 vs. 1.8100605514701584
--------
nle(id0,id1,dist): 130 144 3.387704378137762
list:
dist: 3.387704378137762 vs. 3.387704378137762
--------
nle(id0,id1,dist): 130 142 2.6256520290216554
list:
dist: 2.6256520290216554 vs. 2.6256520290216554
--------
nle(id0,id1,dist): 130 139 3.2578321539494324
list:
dist: 3.2578321539494324 vs. 3.2578321539494324
--------
nle(id0,id1,dist): 130 140 3.041156467260274
list:
dist: 3.041156467260274 vs. 3.041156467260274
--------
nle(id0,id1,dist): 130 137 2.240922924757676
list:
dist: 2.240922924757676 vs. 2.240922924757676
--------
nle(id0,id1,dist): 130 138 2.2396272171105878
list:
dist: 2.2396272171105878 vs. 2.2396272171105878
--------
nle(id0,id1,dist): 130 135 3.974320044675135
list:
dist: 3.974320044675135 vs. 3.974320044675135
--------
nle(id0,id1,dist): 130 136 3.2271778185494977
list:
dist: 3.2271778185494977 vs. 3.2271778185494977
--------
nle(id0,id1,dist): 130 132 1.25873848714137
list:
dist: 1.25873848714137 vs. 1.25873848714137
--------
nle(id0,id1,dist): 130 131 1.2868850273827983
list:
dist: 1.2868850273827983 vs. 1.2868850273827983
--------
nle(id0,id1,dist): 130 134 2.1005211495697425
list:
dist: 2.1005211495697425 vs. 2.1005211495697425
--------
nle(id0,id1,dist): 129 148 2.1413146165819805
list:
dist: 2.1413146165819805 vs. 2.1413146165819805
--------
nle(id0,id1,dist): 129 149 1.7650101388071924
list:
dist: 1.7650101388071924 vs. 1.7650101388071924
--------
nle(id0,id1,dist): 129 140 2.386083259888943
list:
dist: 2.386083259888943 vs. 2.386083259888943
--------
nle(id0,id1,dist): 129 142 1.7292605249040711
list:
dist: 1.7292605249040711 vs. 1.7292605249040711
--------
nle(id0,id1,dist): 129 144 1.5743468231662723
list:
dist: 1.5743468231662723 vs. 1.5743468231662723
--------
nle(id0,id1,dist): 129 145 2.192638981555399
list:
dist: 2.192638981555399 vs. 2.192638981555399
--------
nle(id0,id1,dist): 129 146 2.730674917526934
list:
dist: 2.730674917526934 vs. 2.730674917526934
--------
nle(id0,id1,dist): 129 147 2.0075737599764554
list:
dist: 2.0075737599764554 vs. 2.0075737599764554
--------
nle(id0,id1,dist): 129 135 2.0980878820221474
list:
dist: 2.0980878820221474 vs. 2.0980878820221474
--------
nle(id0,id1,dist): 129 134 2.3155837732824516
list:
dist: 2.3155837732824516 vs. 2.3155837732824516
--------
nle(id0,id1,dist): 129 132 2.208537668875089
list:
dist: 2.208537668875089 vs. 2.208537668875089
--------
nle(id0,id1,dist): 129 139 1.3608632014915085
list:
dist: 1.3608632014915085 vs. 1.3608632014915085
--------
nle(id0,id1,dist): 129 138 1.3573186882189716
list:
dist: 1.3573186882189716 vs. 1.3573186882189716
--------
nle(id0,id1,dist): 129 137 0.4448656760210867
list:
dist: 0.4448656760210867 vs. 0.4448656760210867
--------
nle(id0,id1,dist): 129 136 1.4213875508998328
list:
dist: 1.4213875508998328 vs. 1.4213875508998328
--------
nle(id0,id1,dist): 129 131 2.331721528742751
list:
dist: 2.331721528742751 vs. 2.331721528742751
--------
nle(id0,id1,dist): 129 130 2.0673056638009775
list:
dist: 2.0673056638009775 vs. 2.0673056638009775
--------
nle(id0,id1,dist): 128 147 1.2767498157121033
list:
dist: 1.2767498157121033 vs. 1.2767498157121033
--------
nle(id0,id1,dist): 128 148 1.2368990670939286
list:
dist: 1.2368990670939286 vs. 1.2368990670939286
--------
nle(id0,id1,dist): 128 145 1.6264509011694253
list:
dist: 1.6264509011694253 vs. 1.6264509011694253
--------
nle(id0,id1,dist): 128 146 2.409586127395051
list:
dist: 2.409586127395051 vs. 2.409586127395051
--------
nle(id0,id1,dist): 128 149 1.3458794476843134
list:
dist: 1.3458794476843134 vs. 1.3458794476843134
--------
nle(id0,id1,dist): 128 133 2.533267551925106
list:
dist: 2.533267551925106 vs. 2.533267551925106
--------
nle(id0,id1,dist): 128 135 1.7776920125474533
list:
dist: 1.7776920125474533 vs. 1.7776920125474533
--------
nle(id0,id1,dist): 128 136 1.61618691172939
list:
dist: 1.61618691172939 vs. 1.61618691172939
--------
nle(id0,id1,dist): 128 129 0.9779773097666391
list:
dist: 0.9779773097666391 vs. 0.9779773097666391
--------
nle(id0,id1,dist): 128 130 2.2508765438604588
list:
dist: 2.2508765438604588 vs. 2.2508765438604588
--------
nle(id0,id1,dist): 128 131 2.2157952287838016
list:
dist: 2.2157952287838016 vs. 2.2157952287838016
--------
nle(id0,id1,dist): 128 132 2.344880495839929
list:
dist: 2.344880495839929 vs. 2.344880495839929
--------
nle(id0,id1,dist): 128 142 0.8655108263572443
list:
dist: 0.8655108263572443 vs. 0.8655108263572443
--------
nle(id0,id1,dist): 128 143 2.8796712837751204
list:
dist: 2.8796712837751204 vs. 2.8796712837751204
--------
nle(id0,id1,dist): 128 144 1.3428159711491479
list:
dist: 1.3428159711491479 vs. 1.3428159711491479
--------
nle(id0,id1,dist): 128 137 1.1455945229388003
list:
dist: 1.1455945229388003 vs. 1.1455945229388003
--------
nle(id0,id1,dist): 128 138 1.560416094016866
list:
dist: 1.560416094016866 vs. 1.560416094016866
--------
nle(id0,id1,dist): 128 139 1.1389652676708548
list:
dist: 1.1389652676708548 vs. 1.1389652676708548
--------
nle(id0,id1,dist): 128 140 1.5123621004631438
list:
dist: 1.5123621004631438 vs. 1.5123621004631438
--------
nle(id0,id1,dist): 127 138 3.3558146384248806
list:
dist: 3.3558146384248806 vs. 3.3558146384248806
--------
nle(id0,id1,dist): 127 134 2.8774379944063613
list:
dist: 2.8774379944063613 vs. 2.8774379944063613
--------
nle(id0,id1,dist): 127 145 2.9775747586754466
list:
dist: 2.9775747586754466 vs. 2.9775747586754466
--------
nle(id0,id1,dist): 127 132 2.2855445685873823
list:
dist: 2.2855445685873823 vs. 2.2855445685873823
--------
nle(id0,id1,dist): 127 131 1.718455031855561
list:
dist: 1.718455031855561 vs. 1.718455031855561
--------
nle(id0,id1,dist): 127 130 1.2385857310242603
list:
dist: 1.2385857310242603 vs. 1.2385857310242603
--------
nle(id0,id1,dist): 127 129 2.9921397055116006
list:
dist: 2.9921397055116006 vs. 2.9921397055116006
--------
nle(id0,id1,dist): 126 139 2.2686376336361413
list:
dist: 2.2686376336361413 vs. 2.2686376336361413
--------
nle(id0,id1,dist): 126 142 1.9391627385149925
list:
dist: 1.9391627385149925 vs. 1.9391627385149925
--------
nle(id0,id1,dist): 126 143 1.5397779540882368
list:
dist: 1.5397779540882368 vs. 1.5397779540882368
--------
nle(id0,id1,dist): 126 144 2.936227115771432
list:
dist: 2.936227115771432 vs. 2.936227115771432
--------
nle(id0,id1,dist): 126 147 1.4086993341416885
list:
dist: 1.4086993341416885 vs. 1.4086993341416885
--------
nle(id0,id1,dist): 126 148 2.6145257192478932
list:
dist: 2.6145257192478932 vs. 2.6145257192478932
--------
nle(id0,id1,dist): 126 149 3.2064016029462037
list:
dist: 3.2064016029462037 vs. 3.2064016029462037
--------
nle(id0,id1,dist): 126 128 2.4778406693426756
list:
dist: 2.4778406693426756 vs. 2.4778406693426756
--------
nle(id0,id1,dist): 126 133 1.3712013490227977
list:
dist: 1.3712013490227977 vs. 1.3712013490227977
--------
nle(id0,id1,dist): 126 136 3.4662004804797335
list:
dist: 3.4662004804797335 vs. 3.4662004804797335
--------
nle(id0,id1,dist): 126 135 2.301784256347285
list:
dist: 2.301784256347285 vs. 2.301784256347285
--------
nle(id0,id1,dist): 125 146 2.962201543387824
list:
dist: 2.962201543387824 vs. 2.962201543387824
--------
nle(id0,id1,dist): 125 147 1.070469487019671
list:
dist: 1.070469487019671 vs. 1.070469487019671
--------
nle(id0,id1,dist): 125 145 2.0705472822062587
list:
dist: 2.0705472822062587 vs. 2.0705472822062587
--------
nle(id0,id1,dist): 125 148 1.9247548690086858
list:
dist: 1.9247548690086858 vs. 1.9247548690086858
--------
nle(id0,id1,dist): 125 131 1.8386547802479218
list:
dist: 1.8386547802479218 vs. 1.8386547802479218
--------
nle(id0,id1,dist): 125 130 2.7364756944257564
list:
dist: 2.7364756944257564 vs. 2.7364756944257564
--------
nle(id0,id1,dist): 125 129 2.4957902622732155
list:
dist: 2.4957902622732155 vs. 2.4957902622732155
--------
nle(id0,id1,dist): 125 128 1.7668176898968704
list:
dist: 1.7668176898968704 vs. 1.7668176898968704
--------
nle(id0,id1,dist): 125 133 1.2031354253434747
list:
dist: 1.2031354253434747 vs. 1.2031354253434747
--------
nle(id0,id1,dist): 125 132 3.324516649837126
list:
dist: 3.324516649837126 vs. 3.324516649837126
--------
nle(id0,id1,dist): 125 138 3.1924126018955503
list:
dist: 3.1924126018955503 vs. 3.1924126018955503
--------
nle(id0,id1,dist): 125 143 2.162495596713063
list:
dist: 2.162495596713063 vs. 2.162495596713063
--------
nle(id0,id1,dist): 125 142 1.0092626792886765
list:
dist: 1.0092626792886765 vs. 1.0092626792886765
--------
nle(id0,id1,dist): 125 141 2.5564926933165264
list:
dist: 2.5564926933165264 vs. 2.5564926933165264
--------
nle(id0,id1,dist): 125 140 2.147093913396331
list:
dist: 2.147093913396331 vs. 2.147093913396331
2. Check the NeighborList query for coordinates against the neighbor list for consistency
list:
dist: 2.3513389684144896 vs. 2.3513389684144896
list:
dist: 3.107045610500477 vs. 3.107045610500477
list:
dist: 2.203628479646718 vs. 2.203628479646718
list:
dist: 2.867715443073198 vs. 2.867715443073198
list:
dist: 2.9782411668745206 vs. 2.9782411668745206
list:
dist: 3.1671023842462467 vs. 3.1671023842462467
list:
dist: 3.6554647919578693 vs. 3.6554647919578693
list:
dist: 2.8109906669839635 vs. 2.8109906669839635
list:
dist: 1.7291984115691272 vs. 1.7291984115691272
list:
dist: 1.6917306585830498 vs. 1.6917306585830498
list:
dist: 2.806912945705968 vs. 2.806912945705968
list:
dist: 1.7698958484965968 vs. 1.7698958484965968
list:
dist: 1.0502681714862934 vs. 1.0502681714862934
list:
dist: 2.830891190183164 vs. 2.830891190183164
list:
dist: 3.037188371935815 vs. 3.037188371935815
list:
dist: 3.1027581161520073 vs. 3.1027581161520073
list:
dist: 2.5123298616927143 vs. 2.5123298616927143
list:
dist: 2.7094275114775117 vs. 2.7094275114775117
list:
dist: 1.9126370652073426 vs. 1.9126370652073426
list:
dist: 3.2643379933227314 vs. 3.2643379933227314
list:
dist: 2.5276411533019676 vs. 2.5276411533019676
list:
dist: 2.528516519043266 vs. 2.528516519043266
list:
dist: 2.950835805256183 vs. 2.950835805256183
list:
dist: 2.603357362857695 vs. 2.603357362857695
list:
dist: 3.0255467180144855 vs. 3.0255467180144855
list:
dist: 3.437343297068735 vs. 3.437343297068735
list:
dist: 3.694645796474592 vs. 3.694645796474592
list:
dist: 4.2088541773387345 vs. 4.2088541773387345
list:
dist: 2.3513389684144896 vs. 2.3513389684144896
list:
dist: 1.1999201734638398 vs. 1.1999201734638398
list:
dist: 1.3707220187710967 vs. 1.3707220187710967
list:
dist: 1.7291984115691272 vs. 1.7291984115691272
list:
dist: 1.7902082532112467 vs. 1.7902082532112467
list:
dist: 1.2881348278137004 vs. 1.2881348278137004
list:
dist: 1.451405157838596 vs. 1.451405157838596
list:
dist: 1.5457867980268918 vs. 1.5457867980268918
list:
dist: 1.6847127182015176 vs. 1.6847127182015176
list:
dist: 1.587503857948606 vs. 1.587503857948606
list:
dist: 3.108392191918443 vs. 3.108392191918443
list:
dist: 1.5489610222400776 vs. 1.5489610222400776
list:
dist: 3.1005123084614796 vs. 3.1005123084614796
list:
dist: 2.9665559404416038 vs. 2.9665559404416038
list:
dist: 2.3841057478513825 vs. 2.3841057478513825
list:
dist: 2.199816541930814 vs. 2.199816541930814
list:
dist: 3.1671023842462467 vs. 3.1671023842462467
list:
dist: 1.6847127182015176 vs. 1.6847127182015176
list:
dist: 1.92798800750689 vs. 1.92798800750689
list:
dist: 1.5041206292299483 vs. 1.5041206292299483
list:
dist: 3.1027581161520073 vs. 3.1027581161520073
list:
dist: 2.0922746157950054 vs. 2.0922746157950054
list:
dist: 2.3730887129201386 vs. 2.3730887129201386
list:
dist: 1.3061563585408549 vs. 1.3061563585408549
list:
dist: 0.4764233643751348 vs. 0.4764233643751348
list:
dist: 0.9590560473490772 vs. 0.9590560473490772
list:
dist: 3.259579930609791 vs. 3.259579930609791
list:
dist: 2.028717839012766 vs. 2.028717839012766
list:
dist: 2.746765025504314 vs. 2.746765025504314
list:
dist: 3.0274999710744535 vs. 3.0274999710744535
list:
dist: 2.1367404719170975 vs. 2.1367404719170975
list:
dist: 1.5362989254152355 vs. 1.5362989254152355
list:
dist: 1.97180397314668 vs. 1.97180397314668
list:
dist: 1.6303014968917595 vs. 1.6303014968917595
list:
dist: 2.6781232292156267 vs. 2.6781232292156267
list:
dist: 2.8144763676604425 vs. 2.8144763676604425
list:
dist: 3.8578897981449707 vs. 3.8578897981449707
list:
dist: 3.107045610500477 vs. 3.107045610500477
list:
dist: 1.1999201734638398 vs. 1.1999201734638398
list:
dist: 1.3861408480686497 vs. 1.3861408480686497
list:
dist: 1.6917306585830498 vs. 1.6917306585830498
list:
dist: 0.9542006057631187 vs. 0.9542006057631187
list:
dist: 0.6612563596078782 vs. 0.6612563596078782
list:
dist: 2.3663098405743943 vs. 2.3663098405743943
list:
dist: 2.0827560277225308 vs. 2.0827560277225308
list:
dist: 1.92798800750689 vs. 1.92798800750689
list:
dist: 1.6985801752982073 vs. 1.6985801752982073
list:
dist: 3.2352086296777727 vs. 3.2352086296777727
list:
dist: 2.125489299458307 vs. 2.125489299458307
list:
dist: 3.33070522989134 vs. 3.33070522989134
list:
dist: 2.807833140680891 vs. 2.807833140680891
list:
dist: 2.3622533597732387 vs. 2.3622533597732387
list:
dist: 2.521961682750649 vs. 2.521961682750649
list:
dist: 4.867550167954694 vs. 4.867550167954694
list:
dist: 2.203628479646718 vs. 2.203628479646718
list:
dist: 1.3707220187710967 vs. 1.3707220187710967
list:
dist: 1.3861408480686497 vs. 1.3861408480686497
list:
dist: 2.806912945705968 vs. 2.806912945705968
list:
dist: 2.162045735814947 vs. 2.162045735814947
list:
dist: 1.948977814563961 vs. 1.948977814563961
list:
dist: 2.1127653771457755 vs. 2.1127653771457755
list:
dist: 1.6470947355581789 vs. 1.6470947355581789
list:
dist: 1.5041206292299483 vs. 1.5041206292299483
list:
dist: 2.0001393652712545 vs. 2.0001393652712545
list:
dist: 4.121093233296479 vs. 4.121093233296479
list:
dist: 2.6885781330575607 vs. 2.6885781330575607
list:
dist: 3.9165310646200338 vs. 3.9165310646200338
list:
dist: 3.8094050985482104 vs. 3.8094050985482104
list:
dist: 3.104101776889443 vs. 3.104101776889443
list:
dist: 2.8024877116874154 vs. 2.8024877116874154
list:
dist: 4.0633245067122 vs. 4.0633245067122
list:
dist: 1.7902082532112467 vs. 1.7902082532112467
list:
dist: 0.9542006057631187 vs. 0.9542006057631187
list:
dist: 2.162045735814947 vs. 2.162045735814947
list:
dist: 1.7698958484965968 vs. 1.7698958484965968
list:
dist: 0.9854565076195825 vs. 0.9854565076195825
list:
dist: 2.5762913749644354 vs. 2.5762913749644354
list:
dist: 2.2885799793906956 vs. 2.2885799793906956
list:
dist: 2.0922746157950054 vs. 2.0922746157950054
list:
dist: 1.483512021187781 vs. 1.483512021187781
list:
dist: 2.5736073113678084 vs. 2.5736073113678084
list:
dist: 1.9480899505476343 vs. 1.9480899505476343
list:
dist: 2.731672039664647 vs. 2.731672039664647
list:
dist: 2.0052632272923807 vs. 2.0052632272923807
list:
dist: 1.6982939965703634 vs. 1.6982939965703634
list:
dist: 2.171104956261048 vs. 2.171104956261048
list:
dist: 3.060335498381464 vs. 3.060335498381464
list:
dist: 2.881074164359046 vs. 2.881074164359046
list:
dist: 2.483685967430938 vs. 2.483685967430938
list:
dist: 2.8388188262015004 vs. 2.8388188262015004
list:
dist: 3.344892955258803 vs. 3.344892955258803
list:
dist: 1.2881348278137004 vs. 1.2881348278137004
list:
dist: 0.6612563596078782 vs. 0.6612563596078782
list:
dist: 1.948977814563961 vs. 1.948977814563961
list:
dist: 1.0502681714862934 vs. 1.0502681714862934
list:
dist: 0.9854565076195825 vs. 0.9854565076195825
list:
dist: 2.524744726455194 vs. 2.524744726455194
list:
dist: 2.4397791641321964 vs. 2.4397791641321964
list:
dist: 2.3730887129201386 vs. 2.3730887129201386
list:
dist: 1.9280208303584196 vs. 1.9280208303584196
list:
dist: 2.9389002666603052 vs. 2.9389002666603052
list:
dist: 1.9475011834998348 vs. 1.9475011834998348
list:
dist: 3.2294946895297376 vs. 3.2294946895297376
list:
dist: 2.5565162360708107 vs. 2.5565162360708107
list:
dist: 2.2960753992650664 vs. 2.2960753992650664
list:
dist: 2.6193472580959614 vs. 2.6193472580959614
list:
dist: 3.1940861941221383 vs. 3.1940861941221383
list:
dist: 3.317035132213454 vs. 3.317035132213454
list:
dist: 3.275229972672208 vs. 3.275229972672208
list:
dist: 3.584164277433975 vs. 3.584164277433975
list:
dist: 2.867715443073198 vs. 2.867715443073198
list:
dist: 1.451405157838596 vs. 1.451405157838596
list:
dist: 2.3663098405743943 vs. 2.3663098405743943
list:
dist: 2.1127653771457755 vs. 2.1127653771457755
list:
dist: 2.830891190183164 vs. 2.830891190183164
list:
dist: 2.5762913749644354 vs. 2.5762913749644354
list:
dist: 2.524744726455194 vs. 2.524744726455194
list:
dist: 0.8483538396753689 vs. 0.8483538396753689
list:
dist: 1.3061563585408549 vs. 1.3061563585408549
list:
dist: 1.3788316957791376 vs. 1.3788316957791376
list:
dist: 2.906334320011537 vs. 2.906334320011537
list:
dist: 1.3895273090441662 vs. 1.3895273090441662
list:
dist: 2.475449090220226 vs. 2.475449090220226
list:
dist: 2.9858669401085667 vs. 2.9858669401085667
list:
dist: 2.1824955553191083 vs. 2.1824955553191083
list:
dist: 1.449165924473126 vs. 1.449165924473126
list:
dist: 1.3861680887308823 vs. 1.3861680887308823
list:
dist: 2.3107453679862453 vs. 2.3107453679862453
list:
dist: 2.3602450552459833 vs. 2.3602450552459833
list:
dist: 2.891110866702364 vs. 2.891110866702364
list:
dist: 4.2088541773387345 vs. 4.2088541773387345
list:
dist: 3.8578897981449707 vs. 3.8578897981449707
list:
dist: 4.867550167954694 vs. 4.867550167954694
list:
dist: 2.8109906669839635 vs. 2.8109906669839635
list:
dist: 4.0633245067122 vs. 4.0633245067122
list:
dist: 3.344892955258803 vs. 3.344892955258803
list:
dist: 3.6554647919578693 vs. 3.6554647919578693
list:
dist: 1.587503857948606 vs. 1.587503857948606
list:
dist: 1.6985801752982073 vs. 1.6985801752982073
list:
dist: 2.0001393652712545 vs. 2.0001393652712545
list:
dist: 2.5123298616927143 vs. 2.5123298616927143
list:
dist: 1.483512021187781 vs. 1.483512021187781
list:
dist: 1.9280208303584196 vs. 1.9280208303584196
list:
dist: 1.3788316957791376 vs. 1.3788316957791376
list:
dist: 1.0331706029842047 vs. 1.0331706029842047
list:
dist: 0.9590560473490772 vs. 0.9590560473490772
list:
dist: 2.336484954868295 vs. 2.336484954868295
list:
dist: 1.3143225145573165 vs. 1.3143225145573165
list:
dist: 1.9511460903222262 vs. 1.9511460903222262
list:
dist: 2.072280681343227 vs. 2.072280681343227
list:
dist: 1.2014166693594726 vs. 1.2014166693594726
list:
dist: 0.8865528894732606 vs. 0.8865528894732606
list:
dist: 1.6857424873701572 vs. 1.6857424873701572
list:
dist: 1.4058193644385406 vs. 1.4058193644385406
list:
dist: 2.0754786155633784 vs. 2.0754786155633784
list:
dist: 2.145890754036075 vs. 2.145890754036075
list:
dist: 2.9782411668745206 vs. 2.9782411668745206
list:
dist: 1.5457867980268918 vs. 1.5457867980268918
list:
dist: 2.0827560277225308 vs. 2.0827560277225308
list:
dist: 1.6470947355581789 vs. 1.6470947355581789
list:
dist: 3.037188371935815 vs. 3.037188371935815
list:
dist: 2.2885799793906956 vs. 2.2885799793906956
list:
dist: 2.4397791641321964 vs. 2.4397791641321964
list:
dist: 0.8483538396753689 vs. 0.8483538396753689
list:
dist: 0.4764233643751348 vs. 0.4764233643751348
list:
dist: 1.0331706029842047 vs. 1.0331706029842047
list:
dist: 3.1604745982415072 vs. 3.1604745982415072
list:
dist: 1.8011897246438529 vs. 1.8011897246438529
list:
dist: 2.6426350599455763 vs. 2.6426350599455763
list:
dist: 3.0414305336581346 vs. 3.0414305336581346
list:
dist: 2.1494248336576987 vs. 2.1494248336576987
list:
dist: 1.4305730996706605 vs. 1.4305730996706605
list:
dist: 1.6823418276588074 vs. 1.6823418276588074
list:
dist: 1.821267932658304 vs. 1.821267932658304
list:
dist: 2.531357515523018 vs. 2.531357515523018
list:
dist: 2.8228738462357787 vs. 2.8228738462357787
list:
dist: 2.9665559404416038 vs. 2.9665559404416038
list:
dist: 2.807833140680891 vs. 2.807833140680891
list:
dist: 3.8094050985482104 vs. 3.8094050985482104
list:
dist: 2.5276411533019676 vs. 2.5276411533019676
list:
dist: 2.0052632272923807 vs. 2.0052632272923807
list:
dist: 2.5565162360708107 vs. 2.5565162360708107
list:
dist: 2.9858669401085667 vs. 2.9858669401085667
list:
dist: 3.0414305336581346 vs. 3.0414305336581346
list:
dist: 3.0274999710744535 vs. 3.0274999710744535
list:
dist: 2.072280681343227 vs. 2.072280681343227
list:
dist: 0.7887103775674802 vs. 0.7887103775674802
list:
dist: 1.7980443275734168 vs. 1.7980443275734168
list:
dist: 1.3241133486664867 vs. 1.3241133486664867
list:
dist: 0.932553545957518 vs. 0.932553545957518
list:
dist: 1.8748960638830823 vs. 1.8748960638830823
list:
dist: 1.616062518051915 vs. 1.616062518051915
list:
dist: 1.1680485547365091 vs. 1.1680485547365091
list:
dist: 1.1125925722728545 vs. 1.1125925722728545
list:
dist: 1.1854630102621397 vs. 1.1854630102621397
list:
dist: 2.59230268012075 vs. 2.59230268012075
list:
dist: 2.4823478978335443 vs. 2.4823478978335443
list:
dist: 2.0020697253584245 vs. 2.0020697253584245
list:
dist: 1.7539304146163865 vs. 1.7539304146163865
list:
dist: 2.199816541930814 vs. 2.199816541930814
list:
dist: 2.521961682750649 vs. 2.521961682750649
list:
dist: 2.8024877116874154 vs. 2.8024877116874154
list:
dist: 2.950835805256183 vs. 2.950835805256183
list:
dist: 2.171104956261048 vs. 2.171104956261048
list:
dist: 2.6193472580959614 vs. 2.6193472580959614
list:
dist: 1.449165924473126 vs. 1.449165924473126
list:
dist: 1.4305730996706605 vs. 1.4305730996706605
list:
dist: 1.5362989254152355 vs. 1.5362989254152355
list:
dist: 0.8865528894732606 vs. 0.8865528894732606
list:
dist: 1.9015946961264274 vs. 1.9015946961264274
list:
dist: 1.248009419352056 vs. 1.248009419352056
list:
dist: 1.2236800147784153 vs. 1.2236800147784153
list:
dist: 1.8748960638830823 vs. 1.8748960638830823
list:
dist: 0.9835084954761589 vs. 0.9835084954761589
list:
dist: 3.1886075736810415 vs. 3.1886075736810415
list:
dist: 3.005699659028816 vs. 3.005699659028816
list:
dist: 2.4702317738169395 vs. 2.4702317738169395
list:
dist: 2.258765255320488 vs. 2.258765255320488
list:
dist: 0.9574695218309657 vs. 0.9574695218309657
list:
dist: 1.2517739305854425 vs. 1.2517739305854425
list:
dist: 1.2040191575326171 vs. 1.2040191575326171
list:
dist: 1.4734481234456727 vs. 1.4734481234456727
list:
dist: 2.3107453679862453 vs. 2.3107453679862453
list:
dist: 1.821267932658304 vs. 1.821267932658304
list:
dist: 1.6303014968917595 vs. 1.6303014968917595
list:
dist: 1.4058193644385406 vs. 1.4058193644385406
list:
dist: 2.7605847764776428 vs. 2.7605847764776428
list:
dist: 2.425652902600258 vs. 2.425652902600258
list:
dist: 1.9706014643322423 vs. 1.9706014643322423
list:
dist: 2.4823478978335443 vs. 2.4823478978335443
list:
dist: 1.6692115722199565 vs. 1.6692115722199565
list:
dist: 1.2517739305854425 vs. 1.2517739305854425
list:
dist: 1.8114849749797852 vs. 1.8114849749797852
list:
dist: 1.8279210848612466 vs. 1.8279210848612466
list:
dist: 1.5371417257825863 vs. 1.5371417257825863
list:
dist: 3.0255467180144855 vs. 3.0255467180144855
list:
dist: 2.881074164359046 vs. 2.881074164359046
list:
dist: 3.317035132213454 vs. 3.317035132213454
list:
dist: 1.3198117249112347 vs. 1.3198117249112347
list:
dist: 2.752294879208555 vs. 2.752294879208555
list:
dist: 2.183741872608873 vs. 2.183741872608873
list:
dist: 1.1680485547365091 vs. 1.1680485547365091
list:
dist: 2.0973847500879006 vs. 2.0973847500879006
list:
dist: 3.005699659028816 vs. 3.005699659028816
list:
dist: 1.0124240867320295 vs. 1.0124240867320295
list:
dist: 1.4368502707849937 vs. 1.4368502707849937
list:
dist: 1.5811679533752876 vs. 1.5811679533752876
list:
dist: 2.8652113290387997 vs. 2.8652113290387997
list:
dist: 2.5866448602763477 vs. 2.5866448602763477
list:
dist: 3.108392191918443 vs. 3.108392191918443
list:
dist: 3.2352086296777727 vs. 3.2352086296777727
list:
dist: 4.121093233296479 vs. 4.121093233296479
list:
dist: 2.7094275114775117 vs. 2.7094275114775117
list:
dist: 2.5736073113678084 vs. 2.5736073113678084
list:
dist: 2.9389002666603052 vs. 2.9389002666603052
list:
dist: 2.906334320011537 vs. 2.906334320011537
list:
dist: 3.1604745982415072 vs. 3.1604745982415072
list:
dist: 3.259579930609791 vs. 3.259579930609791
list:
dist: 2.336484954868295 vs. 2.336484954868295
list:
dist: 1.675473580279864 vs. 1.675473580279864
list:
dist: 1.0405538851192402 vs. 1.0405538851192402
list:
dist: 0.7887103775674802 vs. 0.7887103775674802
list:
dist: 1.2408977912158368 vs. 1.2408977912158368
list:
dist: 1.9015946961264274 vs. 1.9015946961264274
list:
dist: 1.4145791069401457 vs. 1.4145791069401457
list:
dist: 1.3198117249112347 vs. 1.3198117249112347
list:
dist: 1.703955882895396 vs. 1.703955882895396
list:
dist: 1.4847486555027434 vs. 1.4847486555027434
list:
dist: 2.349909885231114 vs. 2.349909885231114
list:
dist: 2.7605847764776428 vs. 2.7605847764776428
list:
dist: 1.7056511611373495 vs. 1.7056511611373495
list:
dist: 1.7739677393507245 vs. 1.7739677393507245
list:
dist: 2.603357362857695 vs. 2.603357362857695
list:
dist: 3.060335498381464 vs. 3.060335498381464
list:
dist: 3.1940861941221383 vs. 3.1940861941221383
list:
dist: 1.4145791069401457 vs. 1.4145791069401457
list:
dist: 2.5522184727186796 vs. 2.5522184727186796
list:
dist: 2.453831847995568 vs. 2.453831847995568
list:
dist: 1.616062518051915 vs. 1.616062518051915
list:
dist: 2.4039668381052373 vs. 2.4039668381052373
list:
dist: 3.1886075736810415 vs. 3.1886075736810415
list:
dist: 1.0124240867320295 vs. 1.0124240867320295
list:
dist: 2.3368935364463144 vs. 2.3368935364463144
list:
dist: 2.397952926753449 vs. 2.397952926753449
list:
dist: 3.1085327549917365 vs. 3.1085327549917365
list:
dist: 3.1187661456382174 vs. 3.1187661456382174
list:
dist: 3.694645796474592 vs. 3.694645796474592
list:
dist: 2.8388188262015004 vs. 2.8388188262015004
list:
dist: 3.584164277433975 vs. 3.584164277433975
list:
dist: 1.4847486555027434 vs. 1.4847486555027434
list:
dist: 2.715782830438322 vs. 2.715782830438322
list:
dist: 1.43754399430676 vs. 1.43754399430676
list:
dist: 1.1854630102621397 vs. 1.1854630102621397
list:
dist: 1.5514058040864307 vs. 1.5514058040864307
list:
dist: 2.258765255320488 vs. 2.258765255320488
list:
dist: 2.397952926753449 vs. 2.397952926753449
list:
dist: 1.5811679533752876 vs. 1.5811679533752876
list:
dist: 0.6720255972244706 vs. 0.6720255972244706
list:
dist: 1.9359810931643695 vs. 1.9359810931643695
list:
dist: 1.2572359664987098 vs. 1.2572359664987098
list:
dist: 3.1005123084614796 vs. 3.1005123084614796
list:
dist: 3.33070522989134 vs. 3.33070522989134
list:
dist: 3.9165310646200338 vs. 3.9165310646200338
list:
dist: 3.2643379933227314 vs. 3.2643379933227314
list:
dist: 2.731672039664647 vs. 2.731672039664647
list:
dist: 3.2294946895297376 vs. 3.2294946895297376
list:
dist: 2.475449090220226 vs. 2.475449090220226
list:
dist: 2.6426350599455763 vs. 2.6426350599455763
list:
dist: 2.746765025504314 vs. 2.746765025504314
list:
dist: 1.9511460903222262 vs. 1.9511460903222262
list:
dist: 1.0405538851192402 vs. 1.0405538851192402
list:
dist: 1.6860671800758813 vs. 1.6860671800758813
list:
dist: 1.3241133486664867 vs. 1.3241133486664867
list:
dist: 1.040871546651023 vs. 1.040871546651023
list:
dist: 1.2236800147784153 vs. 1.2236800147784153
list:
dist: 2.453831847995568 vs. 2.453831847995568
list:
dist: 2.183741872608873 vs. 2.183741872608873
list:
dist: 1.881644765562144 vs. 1.881644765562144
list:
dist: 1.43754399430676 vs. 1.43754399430676
list:
dist: 1.5445200208068683 vs. 1.5445200208068683
list:
dist: 1.9706014643322423 vs. 1.9706014643322423
list:
dist: 0.6962862550237551 vs. 0.6962862550237551
list:
dist: 0.9049108127098432 vs. 0.9049108127098432
list:
dist: 1.5489610222400776 vs. 1.5489610222400776
list:
dist: 2.125489299458307 vs. 2.125489299458307
list:
dist: 2.6885781330575607 vs. 2.6885781330575607
list:
dist: 1.9126370652073426 vs. 1.9126370652073426
list:
dist: 1.9480899505476343 vs. 1.9480899505476343
list:
dist: 1.9475011834998348 vs. 1.9475011834998348
list:
dist: 1.3895273090441662 vs. 1.3895273090441662
list:
dist: 1.8011897246438529 vs. 1.8011897246438529
list:
dist: 2.028717839012766 vs. 2.028717839012766
list:
dist: 1.3143225145573165 vs. 1.3143225145573165
list:
dist: 1.675473580279864 vs. 1.675473580279864
list:
dist: 1.6860671800758813 vs. 1.6860671800758813
list:
dist: 1.7980443275734168 vs. 1.7980443275734168
list:
dist: 1.2918213046735212 vs. 1.2918213046735212
list:
dist: 1.248009419352056 vs. 1.248009419352056
list:
dist: 2.5522184727186796 vs. 2.5522184727186796
list:
dist: 2.752294879208555 vs. 2.752294879208555
list:
dist: 2.795925757460849 vs. 2.795925757460849
list:
dist: 2.715782830438322 vs. 2.715782830438322
list:
dist: 1.6486775910223468 vs. 1.6486775910223468
list:
dist: 2.425652902600258 vs. 2.425652902600258
list:
dist: 1.9644213436845104 vs. 1.9644213436845104
list:
dist: 2.381599293222238 vs. 2.381599293222238
list:
dist: 2.3841057478513825 vs. 2.3841057478513825
list:
dist: 2.3622533597732387 vs. 2.3622533597732387
list:
dist: 3.104101776889443 vs. 3.104101776889443
list:
dist: 2.528516519043266 vs. 2.528516519043266
list:
dist: 1.6982939965703634 vs. 1.6982939965703634
list:
dist: 2.2960753992650664 vs. 2.2960753992650664
list:
dist: 2.1824955553191083 vs. 2.1824955553191083
list:
dist: 2.1494248336576987 vs. 2.1494248336576987
list:
dist: 2.1367404719170975 vs. 2.1367404719170975
list:
dist: 1.2014166693594726 vs. 1.2014166693594726
list:
dist: 1.2408977912158368 vs. 1.2408977912158368
list:
dist: 1.2918213046735212 vs. 1.2918213046735212
list:
dist: 1.040871546651023 vs. 1.040871546651023
list:
dist: 0.932553545957518 vs. 0.932553545957518
list:
dist: 0.9835084954761589 vs. 0.9835084954761589
list:
dist: 2.4039668381052373 vs. 2.4039668381052373
list:
dist: 2.0973847500879006 vs. 2.0973847500879006
list:
dist: 1.6090168521015205 vs. 1.6090168521015205
list:
dist: 1.5514058040864307 vs. 1.5514058040864307
list:
dist: 1.8306253817400635 vs. 1.8306253817400635
list:
dist: 1.6692115722199565 vs. 1.6692115722199565
list:
dist: 1.517827558398676 vs. 1.517827558398676
list:
dist: 1.3948353434326426 vs. 1.3948353434326426
list:
dist: 2.891110866702364 vs. 2.891110866702364
list:
dist: 2.8228738462357787 vs. 2.8228738462357787
list:
dist: 2.8144763676604425 vs. 2.8144763676604425
list:
dist: 2.145890754036075 vs. 2.145890754036075
list:
dist: 1.7739677393507245 vs. 1.7739677393507245
list:
dist: 2.381599293222238 vs. 2.381599293222238
list:
dist: 0.9049108127098432 vs. 0.9049108127098432
list:
dist: 1.7539304146163865 vs. 1.7539304146163865
list:
dist: 1.3948353434326426 vs. 1.3948353434326426
list:
dist: 1.4734481234456727 vs. 1.4734481234456727
list:
dist: 3.1187661456382174 vs. 3.1187661456382174
list:
dist: 2.5866448602763477 vs. 2.5866448602763477
list:
dist: 1.7657816870654308 vs. 1.7657816870654308
list:
dist: 1.2572359664987098 vs. 1.2572359664987098
list:
dist: 1.8453419401586222 vs. 1.8453419401586222
list:
dist: 1.5371417257825863 vs. 1.5371417257825863
list:
dist: 0.9205720162907898 vs. 0.9205720162907898
list:
dist: 1.3861680887308823 vs. 1.3861680887308823
list:
dist: 1.6823418276588074 vs. 1.6823418276588074
list:
dist: 1.97180397314668 vs. 1.97180397314668
list:
dist: 1.6857424873701572 vs. 1.6857424873701572
list:
dist: 2.349909885231114 vs. 2.349909885231114
list:
dist: 1.6486775910223468 vs. 1.6486775910223468
list:
dist: 1.5445200208068683 vs. 1.5445200208068683
list:
dist: 2.59230268012075 vs. 2.59230268012075
list:
dist: 1.8306253817400635 vs. 1.8306253817400635
list:
dist: 0.9574695218309657 vs. 0.9574695218309657
list:
dist: 1.8114849749797852 vs. 1.8114849749797852
list:
dist: 1.129691408908911 vs. 1.129691408908911
list:
dist: 1.8453419401586222 vs. 1.8453419401586222
list:
dist: 3.437343297068735 vs. 3.437343297068735
list:
dist: 2.483685967430938 vs. 2.483685967430938
list:
dist: 3.275229972672208 vs. 3.275229972672208
list:
dist: 1.703955882895396 vs. 1.703955882895396
list:
dist: 2.795925757460849 vs. 2.795925757460849
list:
dist: 1.881644765562144 vs. 1.881644765562144
list:
dist: 1.1125925722728545 vs. 1.1125925722728545
list:
dist: 1.6090168521015205 vs. 1.6090168521015205
list:
dist: 2.4702317738169395 vs. 2.4702317738169395
list:
dist: 2.3368935364463144 vs. 2.3368935364463144
list:
dist: 1.4368502707849937 vs. 1.4368502707849937
list:
dist: 0.6720255972244706 vs. 0.6720255972244706
list:
dist: 2.4397594078018985 vs. 2.4397594078018985
list:
dist: 1.7657816870654308 vs. 1.7657816870654308
list:
dist: 2.3602450552459833 vs. 2.3602450552459833
list:
dist: 2.531357515523018 vs. 2.531357515523018
list:
dist: 2.6781232292156267 vs. 2.6781232292156267
list:
dist: 2.0754786155633784 vs. 2.0754786155633784
list:
dist: 1.7056511611373495 vs. 1.7056511611373495
list:
dist: 1.9644213436845104 vs. 1.9644213436845104
list:
dist: 0.6962862550237551 vs. 0.6962862550237551
list:
dist: 2.0020697253584245 vs. 2.0020697253584245
list:
dist: 1.517827558398676 vs. 1.517827558398676
list:
dist: 1.2040191575326171 vs. 1.2040191575326171
list:
dist: 3.1085327549917365 vs. 3.1085327549917365
list:
dist: 2.8652113290387997 vs. 2.8652113290387997
list:
dist: 2.4397594078018985 vs. 2.4397594078018985
list:
dist: 1.9359810931643695 vs. 1.9359810931643695
list:
dist: 1.129691408908911 vs. 1.129691408908911
list:
dist: 1.8279210848612466 vs. 1.8279210848612466
list:
dist: 0.9205720162907898 vs. 0.9205720162907898
list:
dist: 2.7714572359776892 vs. 2.7714572359776892
list:
dist: 2.5862209861106167 vs. 2.5862209861106167
list:
dist: 1.1163380613704195 vs. 1.1163380613704195
list:
dist: 1.4366939264384597 vs. 1.4366939264384597
list:
dist: 2.653705641389074 vs. 2.653705641389074
list:
dist: 0.90569235939531 vs. 0.90569235939531
list:
dist: 1.4302006569649823 vs. 1.4302006569649823
list:
dist: 1.1722514724212543 vs. 1.1722514724212543
list:
dist: 1.3628095494662755 vs. 1.3628095494662755
list:
dist: 1.7884165169974844 vs. 1.7884165169974844
list:
dist: 1.4130182926092865 vs. 1.4130182926092865
list:
dist: 0.81763781451026 vs. 0.81763781451026
list:
dist: 3.600223582337271 vs. 3.600223582337271
list:
dist: 2.2684255780128306 vs. 2.2684255780128306
list:
dist: 2.4575102268384916 vs. 2.4575102268384916
list:
dist: 2.1934761582785356 vs. 2.1934761582785356
list:
dist: 1.8065458843614897 vs. 1.8065458843614897
list:
dist: 2.4946048606207145 vs. 2.4946048606207145
list:
dist: 2.827831385840101 vs. 2.827831385840101
list:
dist: 2.2251680926443815 vs. 2.2251680926443815
list:
dist: 1.552222270497978 vs. 1.552222270497978
list:
dist: 2.0295607916785126 vs. 2.0295607916785126
list:
dist: 2.3050894524325747 vs. 2.3050894524325747
list:
dist: 4.3068420598549855 vs. 4.3068420598549855
list:
dist: 2.7714572359776892 vs. 2.7714572359776892
list:
dist: 2.0689276982187956 vs. 2.0689276982187956
list:
dist: 2.4460377444646255 vs. 2.4460377444646255
list:
dist: 2.3307905761925753 vs. 2.3307905761925753
list:
dist: 3.1162095466446744 vs. 3.1162095466446744
list:
dist: 4.157117467636923 vs. 4.157117467636923
list:
dist: 3.035076893595016 vs. 3.035076893595016
list:
dist: 3.218282901657368 vs. 3.218282901657368
list:
dist: 3.1162095466446744 vs. 3.1162095466446744
list:
dist: 2.875662957628954 vs. 2.875662957628954
list:
dist: 2.0519158501225085 vs. 2.0519158501225085
list:
dist: 2.67522769355063 vs. 2.67522769355063
list:
dist: 1.4612894987546639 vs. 1.4612894987546639
list:
dist: 1.3628095494662755 vs. 1.3628095494662755
list:
dist: 1.6998903760255661 vs. 1.6998903760255661
list:
dist: 0.9846438741323192 vs. 0.9846438741323192
list:
dist: 1.2370638831457519 vs. 1.2370638831457519
list:
dist: 1.7508832463379191 vs. 1.7508832463379191
list:
dist: 2.7641209365817914 vs. 2.7641209365817914
list:
dist: 1.581158525368266 vs. 1.581158525368266
list:
dist: 2.4190641530801407 vs. 2.4190641530801407
list:
dist: 2.71707664981041 vs. 2.71707664981041
list:
dist: 1.9474383479979005 vs. 1.9474383479979005
list:
dist: 2.136953756782595 vs. 2.136953756782595
list:
dist: 2.2910939258366168 vs. 2.2910939258366168
list:
dist: 1.8390593608153718 vs. 1.8390593608153718
list:
dist: 2.4043393389055128 vs. 2.4043393389055128
list:
dist: 2.9252345552426267 vs. 2.9252345552426267
list:
dist: 2.7806558662083876 vs. 2.7806558662083876
list:
dist: 3.015909878230098 vs. 3.015909878230098
list:
dist: 1.552222270497978 vs. 1.552222270497978
list:
dist: 1.625930512702343 vs. 1.625930512702343
list:
dist: 2.229719610314426 vs. 2.229719610314426
list:
dist: 3.7412832481514093 vs. 3.7412832481514093
list:
dist: 2.5862209861106167 vs. 2.5862209861106167
list:
dist: 2.37079703216692 vs. 2.37079703216692
list:
dist: 2.697695506290577 vs. 2.697695506290577
list:
dist: 1.7230739274004239 vs. 1.7230739274004239
list:
dist: 2.875662957628954 vs. 2.875662957628954
list:
dist: 3.3677639835659607 vs. 3.3677639835659607
list:
dist: 2.8326160979653077 vs. 2.8326160979653077
list:
dist: 2.6156176779146283 vs. 2.6156176779146283
list:
dist: 2.3307905761925753 vs. 2.3307905761925753
list:
dist: 1.7230739274004239 vs. 1.7230739274004239
list:
dist: 1.0579138020805956 vs. 1.0579138020805956
list:
dist: 1.8799655681055587 vs. 1.8799655681055587
list:
dist: 2.268556646705036 vs. 2.268556646705036
list:
dist: 1.1722514724212543 vs. 1.1722514724212543
list:
dist: 1.4108624681675077 vs. 1.4108624681675077
list:
dist: 1.437358739426031 vs. 1.437358739426031
list:
dist: 1.2370638831457519 vs. 1.2370638831457519
list:
dist: 1.8615515094220425 vs. 1.8615515094220425
list:
dist: 2.159592559335065 vs. 2.159592559335065
list:
dist: 1.1995494386974528 vs. 1.1995494386974528
list:
dist: 3.3902618151629853 vs. 3.3902618151629853
list:
dist: 3.4738871991260862 vs. 3.4738871991260862
list:
dist: 2.772547844238577 vs. 2.772547844238577
list:
dist: 2.622745796956464 vs. 2.622745796956464
list:
dist: 2.9663126119673593 vs. 2.9663126119673593
list:
dist: 2.3915395688037533 vs. 2.3915395688037533
list:
dist: 2.766861325394511 vs. 2.766861325394511
list:
dist: 2.8488317865913313 vs. 2.8488317865913313
list:
dist: 3.33403875040912 vs. 3.33403875040912
list:
dist: 2.922825333776021 vs. 2.922825333776021
list:
dist: 0.7320772008628859 vs. 0.7320772008628859
list:
dist: 1.542963102865404 vs. 1.542963102865404
list:
dist: 1.1950149684942606 vs. 1.1950149684942606
list:
dist: 2.280957874122457 vs. 2.280957874122457
list:
dist: 3.290307168912773 vs. 3.290307168912773
list:
dist: 1.4018908439790758 vs. 1.4018908439790758
list:
dist: 1.2170348186156459 vs. 1.2170348186156459
list:
dist: 2.4055227106937758 vs. 2.4055227106937758
list:
dist: 2.260759276565952 vs. 2.260759276565952
list:
dist: 4.026565426943579 vs. 4.026565426943579
list:
dist: 1.815755375712751 vs. 1.815755375712751
list:
dist: 2.3692113074150294 vs. 2.3692113074150294
list:
dist: 2.3096504493498227 vs. 2.3096504493498227
list:
dist: 1.2357817012037946 vs. 1.2357817012037946
list:
dist: 2.2251680926443815 vs. 2.2251680926443815
list:
dist: 3.05500252513072 vs. 3.05500252513072
list:
dist: 3.539693056939829 vs. 3.539693056939829
list:
dist: 2.922825333776021 vs. 2.922825333776021
list:
dist: 3.015909878230098 vs. 3.015909878230098
list:
dist: 1.7479487435496193 vs. 1.7479487435496193
list:
dist: 2.0878601942355544 vs. 2.0878601942355544
list:
dist: 1.7265479495984224 vs. 1.7265479495984224
list:
dist: 1.2538291283333398 vs. 1.2538291283333398
list:
dist: 2.2208784309046026 vs. 2.2208784309046026
list:
dist: 2.065190799494713 vs. 2.065190799494713
list:
dist: 1.8293074175369741 vs. 1.8293074175369741
list:
dist: 1.6244119344019605 vs. 1.6244119344019605
list:
dist: 2.2323416221618877 vs. 2.2323416221618877
list:
dist: 0.9446543805582992 vs. 0.9446543805582992
list:
dist: 1.8340919594749203 vs. 1.8340919594749203
list:
dist: 2.863294011665926 vs. 2.863294011665926
list:
dist: 2.1760851022288286 vs. 2.1760851022288286
list:
dist: 3.145266900168949 vs. 3.145266900168949
list:
dist: 3.035076893595016 vs. 3.035076893595016
list:
dist: 2.8326160979653077 vs. 2.8326160979653077
list:
dist: 1.3144608367839314 vs. 1.3144608367839314
list:
dist: 0.7481894845454641 vs. 0.7481894845454641
list:
dist: 1.4130182926092865 vs. 1.4130182926092865
list:
dist: 1.663501024964859 vs. 1.663501024964859
list:
dist: 2.6977020476233267 vs. 2.6977020476233267
list:
dist: 2.159592559335065 vs. 2.159592559335065
list:
dist: 2.7641209365817914 vs. 2.7641209365817914
list:
dist: 2.598311854035738 vs. 2.598311854035738
list:
dist: 1.5357627521238861 vs. 1.5357627521238861
list:
dist: 2.2532720588027635 vs. 2.2532720588027635
list:
dist: 3.2610515374052422 vs. 3.2610515374052422
list:
dist: 3.332723105385791 vs. 3.332723105385791
list:
dist: 2.937586953227374 vs. 2.937586953227374
list:
dist: 2.6617374547563712 vs. 2.6617374547563712
list:
dist: 2.6735114124816697 vs. 2.6735114124816697
list:
dist: 3.48522823495594 vs. 3.48522823495594
list:
dist: 2.0878601942355544 vs. 2.0878601942355544
list:
dist: 2.0295607916785126 vs. 2.0295607916785126
list:
dist: 1.625930512702343 vs. 1.625930512702343
list:
dist: 0.8584760329053243 vs. 0.8584760329053243
list:
dist: 3.2522202212917763 vs. 3.2522202212917763
list:
dist: 1.1163380613704195 vs. 1.1163380613704195
list:
dist: 1.1269121955940937 vs. 1.1269121955940937
list:
dist: 1.9244936364981495 vs. 1.9244936364981495
list:
dist: 1.0579138020805956 vs. 1.0579138020805956
list:
dist: 2.0519158501225085 vs. 2.0519158501225085
list:
dist: 2.3704629379079987 vs. 2.3704629379079987
list:
dist: 1.3144608367839314 vs. 1.3144608367839314
list:
dist: 1.2975410786503965 vs. 1.2975410786503965
list:
dist: 1.8882474879609932 vs. 1.8882474879609932
list:
dist: 2.766861325394511 vs. 2.766861325394511
list:
dist: 2.4043393389055128 vs. 2.4043393389055128
list:
dist: 1.0129279098066823 vs. 1.0129279098066823
list:
dist: 2.1540406835494132 vs. 2.1540406835494132
list:
dist: 2.287573348451235 vs. 2.287573348451235
list:
dist: 1.8381322436478087 vs. 1.8381322436478087
list:
dist: 1.4996749346000835 vs. 1.4996749346000835
list:
dist: 0.44634546502516714 vs. 0.44634546502516714
list:
dist: 1.9466817384144761 vs. 1.9466817384144761
list:
dist: 1.414983736583771 vs. 1.414983736583771
list:
dist: 1.497972595772659 vs. 1.497972595772659
list:
dist: 1.2836133135015333 vs. 1.2836133135015333
list:
dist: 2.2323416221618877 vs. 2.2323416221618877
list:
dist: 1.980230736203274 vs. 1.980230736203274
list:
dist: 2.3054320643077726 vs. 2.3054320643077726
list:
dist: 2.6819557381945414 vs. 2.6819557381945414
list:
dist: 2.1638793310701607 vs. 2.1638793310701607
list:
dist: 1.8065458843614897 vs. 1.8065458843614897
list:
dist: 2.638495127869054 vs. 2.638495127869054
list:
dist: 2.565999094087767 vs. 2.565999094087767
list:
dist: 2.3915395688037533 vs. 2.3915395688037533
list:
dist: 1.8390593608153718 vs. 1.8390593608153718
list:
dist: 1.0737430685278961 vs. 1.0737430685278961
list:
dist: 2.6617374547563712 vs. 2.6617374547563712
list:
dist: 1.5337978298027761 vs. 1.5337978298027761
list:
dist: 2.671250849472344 vs. 2.671250849472344
list:
dist: 2.654409041578211 vs. 2.654409041578211
list:
dist: 0.6619103605663332 vs. 0.6619103605663332
list:
dist: 0.9966723211204289 vs. 0.9966723211204289
list:
dist: 0.7094032788020279 vs. 0.7094032788020279
list:
dist: 1.414983736583771 vs. 1.414983736583771
list:
dist: 1.5704689349048104 vs. 1.5704689349048104
list:
dist: 1.0477060963367892 vs. 1.0477060963367892
list:
dist: 1.6244119344019605 vs. 1.6244119344019605
list:
dist: 1.9089990355376958 vs. 1.9089990355376958
list:
dist: 2.2217100961445015 vs. 2.2217100961445015
list:
dist: 2.8319908046739815 vs. 2.8319908046739815
list:
dist: 4.3068420598549855 vs. 4.3068420598549855
list:
dist: 3.7412832481514093 vs. 3.7412832481514093
list:
dist: 3.2522202212917763 vs. 3.2522202212917763
list:
dist: 2.653705641389074 vs. 2.653705641389074
list:
dist: 3.1444225914200947 vs. 3.1444225914200947
list:
dist: 2.3470684137976745 vs. 2.3470684137976745
list:
dist: 2.268556646705036 vs. 2.268556646705036
list:
dist: 1.4612894987546639 vs. 1.4612894987546639
list:
dist: 1.8838935697787942 vs. 1.8838935697787942
list:
dist: 1.1497891827072015 vs. 1.1497891827072015
list:
dist: 1.3371848105204036 vs. 1.3371848105204036
list:
dist: 1.9824849762852657 vs. 1.9824849762852657
list:
dist: 1.7954317633420862 vs. 1.7954317633420862
list:
dist: 2.649120263743314 vs. 2.649120263743314
list:
dist: 2.1638793310701607 vs. 2.1638793310701607
list:
dist: 1.8882474879609932 vs. 1.8882474879609932
list:
dist: 2.0689276982187956 vs. 2.0689276982187956
list:
dist: 2.37079703216692 vs. 2.37079703216692
list:
dist: 1.1269121955940937 vs. 1.1269121955940937
list:
dist: 1.326607827613122 vs. 1.326607827613122
list:
dist: 3.1444225914200947 vs. 3.1444225914200947
list:
dist: 0.90569235939531 vs. 0.90569235939531
list:
dist: 1.164418336384497 vs. 1.164418336384497
list:
dist: 1.4108624681675077 vs. 1.4108624681675077
list:
dist: 1.6998903760255661 vs. 1.6998903760255661
list:
dist: 2.646027867160875 vs. 2.646027867160875
list:
dist: 1.663501024964859 vs. 1.663501024964859
list:
dist: 1.659515825943613 vs. 1.659515825943613
list:
dist: 4.102269811852393 vs. 4.102269811852393
list:
dist: 3.010575973480996 vs. 3.010575973480996
list:
dist: 3.2998776141722783 vs. 3.2998776141722783
list:
dist: 2.9363321496654167 vs. 2.9363321496654167
list:
dist: 2.638495127869054 vs. 2.638495127869054
list:
dist: 3.388335271258471 vs. 3.388335271258471
list:
dist: 3.6785642365361326 vs. 3.6785642365361326
list:
dist: 3.05500252513072 vs. 3.05500252513072
list:
dist: 2.9850501843262673 vs. 2.9850501843262673
list:
dist: 2.2532720588027635 vs. 2.2532720588027635
list:
dist: 2.6668914050121106 vs. 2.6668914050121106
list:
dist: 2.046736102817709 vs. 2.046736102817709
list:
dist: 2.9405037956421465 vs. 2.9405037956421465
list:
dist: 1.2538291283333398 vs. 1.2538291283333398
list:
dist: 1.7954317633420862 vs. 1.7954317633420862
list:
dist: 2.4575102268384916 vs. 2.4575102268384916
list:
dist: 3.2998776141722783 vs. 3.2998776141722783
list:
dist: 3.060400159371883 vs. 3.060400159371883
list:
dist: 2.622745796956464 vs. 2.622745796956464
list:
dist: 2.136953756782595 vs. 2.136953756782595
list:
dist: 0.8919512585742739 vs. 0.8919512585742739
list:
dist: 3.332723105385791 vs. 3.332723105385791
list:
dist: 1.9561116195320227 vs. 1.9561116195320227
list:
dist: 2.2066465864747435 vs. 2.2066465864747435
list:
dist: 1.9145609999248698 vs. 1.9145609999248698
list:
dist: 1.062274181044658 vs. 1.062274181044658
list:
dist: 1.5228701550263513 vs. 1.5228701550263513
list:
dist: 0.9966723211204289 vs. 0.9966723211204289
list:
dist: 0.44634546502516714 vs. 0.44634546502516714
list:
dist: 1.496741426751377 vs. 1.496741426751377
list:
dist: 1.0145194726955664 vs. 1.0145194726955664
list:
dist: 2.065190799494713 vs. 2.065190799494713
list:
dist: 1.7713082453819318 vs. 1.7713082453819318
list:
dist: 2.1991658154962552 vs. 2.1991658154962552
list:
dist: 2.620120763153323 vs. 2.620120763153323
list:
dist: 2.3050894524325747 vs. 2.3050894524325747
list:
dist: 2.229719610314426 vs. 2.229719610314426
list:
dist: 0.8584760329053243 vs. 0.8584760329053243
list:
dist: 1.4366939264384597 vs. 1.4366939264384597
list:
dist: 1.326607827613122 vs. 1.326607827613122
list:
dist: 2.426189100742434 vs. 2.426189100742434
list:
dist: 1.8799655681055587 vs. 1.8799655681055587
list:
dist: 2.67522769355063 vs. 2.67522769355063
list:
dist: 2.862114730086143 vs. 2.862114730086143
list:
dist: 0.7481894845454641 vs. 0.7481894845454641
list:
dist: 1.7208634641337164 vs. 1.7208634641337164
list:
dist: 2.9850501843262673 vs. 2.9850501843262673
list:
dist: 2.4460377444646255 vs. 2.4460377444646255
list:
dist: 2.697695506290577 vs. 2.697695506290577
list:
dist: 1.9244936364981495 vs. 1.9244936364981495
list:
dist: 2.426189100742434 vs. 2.426189100742434
list:
dist: 2.3470684137976745 vs. 2.3470684137976745
list:
dist: 1.4302006569649823 vs. 1.4302006569649823
list:
dist: 1.164418336384497 vs. 1.164418336384497
list:
dist: 1.437358739426031 vs. 1.437358739426031
list:
dist: 0.9846438741323192 vs. 0.9846438741323192
list:
dist: 2.59643525426226 vs. 2.59643525426226
list:
dist: 2.6977020476233267 vs. 2.6977020476233267
list:
dist: 2.0309347386010272 vs. 2.0309347386010272
list:
dist: 3.226820166352835 vs. 3.226820166352835
list:
dist: 2.707227328570558 vs. 2.707227328570558
list:
dist: 3.060400159371883 vs. 3.060400159371883
list:
dist: 2.8819703432160693 vs. 2.8819703432160693
list:
dist: 2.565999094087767 vs. 2.565999094087767
list:
dist: 3.6504840357673443 vs. 3.6504840357673443
list:
dist: 3.578525124989645 vs. 3.578525124989645
list:
dist: 3.539693056939829 vs. 3.539693056939829
list:
dist: 1.3371848105204036 vs. 1.3371848105204036
list:
dist: 3.4738871991260862 vs. 3.4738871991260862
list:
dist: 2.71707664981041 vs. 2.71707664981041
list:
dist: 2.4592775109923193 vs. 2.4592775109923193
list:
dist: 0.8338345995519042 vs. 0.8338345995519042
list:
dist: 2.3012974349072843 vs. 2.3012974349072843
list:
dist: 1.9145609999248698 vs. 1.9145609999248698
list:
dist: 3.0202990404715657 vs. 3.0202990404715657
list:
dist: 2.654409041578211 vs. 2.654409041578211
list:
dist: 1.8381322436478087 vs. 1.8381322436478087
list:
dist: 2.5780607852274504 vs. 2.5780607852274504
list:
dist: 2.827831385840101 vs. 2.827831385840101
list:
dist: 3.6785642365361326 vs. 3.6785642365361326
list:
dist: 3.578525124989645 vs. 3.578525124989645
list:
dist: 3.33403875040912 vs. 3.33403875040912
list:
dist: 2.7806558662083876 vs. 2.7806558662083876
list:
dist: 1.6350422603561123 vs. 1.6350422603561123
list:
dist: 3.48522823495594 vs. 3.48522823495594
list:
dist: 2.427200308995792 vs. 2.427200308995792
list:
dist: 2.9405037956421465 vs. 2.9405037956421465
list:
dist: 1.0196201585536246 vs. 1.0196201585536246
list:
dist: 1.0145194726955664 vs. 1.0145194726955664
list:
dist: 1.0630052151802374 vs. 1.0630052151802374
list:
dist: 1.0477060963367892 vs. 1.0477060963367892
list:
dist: 1.2836133135015333 vs. 1.2836133135015333
list:
dist: 1.5523165963372487 vs. 1.5523165963372487
list:
dist: 1.8340919594749203 vs. 1.8340919594749203
list:
dist: 1.0850781712350546 vs. 1.0850781712350546
list:
dist: 1.29230855018827 vs. 1.29230855018827
list:
dist: 1.8048517086900306 vs. 1.8048517086900306
list:
dist: 2.649120263743314 vs. 2.649120263743314
list:
dist: 2.1934761582785356 vs. 2.1934761582785356
list:
dist: 2.9363321496654167 vs. 2.9363321496654167
list:
dist: 2.8819703432160693 vs. 2.8819703432160693
list:
dist: 2.9663126119673593 vs. 2.9663126119673593
list:
dist: 2.2910939258366168 vs. 2.2910939258366168
list:
dist: 1.777009964677499 vs. 1.777009964677499
list:
dist: 2.937586953227374 vs. 2.937586953227374
list:
dist: 2.094821539203691 vs. 2.094821539203691
list:
dist: 2.9468511147230703 vs. 2.9468511147230703
list:
dist: 3.0202990404715657 vs. 3.0202990404715657
list:
dist: 0.7311199854753561 vs. 0.7311199854753561
list:
dist: 1.5228701550263513 vs. 1.5228701550263513
list:
dist: 0.7094032788020279 vs. 0.7094032788020279
list:
dist: 1.9466817384144761 vs. 1.9466817384144761
list:
dist: 1.9969559628175206 vs. 1.9969559628175206
list:
dist: 1.0630052151802374 vs. 1.0630052151802374
list:
dist: 1.8293074175369741 vs. 1.8293074175369741
list:
dist: 1.6564571814793998 vs. 1.6564571814793998
list:
dist: 2.0140746184864553 vs. 2.0140746184864553
list:
dist: 2.5820972863651024 vs. 2.5820972863651024
list:
dist: 1.9824849762852657 vs. 1.9824849762852657
list:
dist: 2.2684255780128306 vs. 2.2684255780128306
list:
dist: 3.010575973480996 vs. 3.010575973480996
list:
dist: 2.707227328570558 vs. 2.707227328570558
list:
dist: 2.772547844238577 vs. 2.772547844238577
list:
dist: 1.9474383479979005 vs. 1.9474383479979005
list:
dist: 1.5119891578758793 vs. 1.5119891578758793
list:
dist: 3.2610515374052422 vs. 3.2610515374052422
list:
dist: 2.1061785553856707 vs. 2.1061785553856707
list:
dist: 2.2244274235773926 vs. 2.2244274235773926
list:
dist: 2.3012974349072843 vs. 2.3012974349072843
list:
dist: 1.062274181044658 vs. 1.062274181044658
list:
dist: 0.7311199854753561 vs. 0.7311199854753561
list:
dist: 0.6619103605663332 vs. 0.6619103605663332
list:
dist: 1.4996749346000835 vs. 1.4996749346000835
list:
dist: 2.089681685171748 vs. 2.089681685171748
list:
dist: 1.0196201585536246 vs. 1.0196201585536246
list:
dist: 2.2208784309046026 vs. 2.2208784309046026
list:
dist: 1.4931613287073786 vs. 1.4931613287073786
list:
dist: 2.2463213219905818 vs. 2.2463213219905818
list:
dist: 2.6307024578871174 vs. 2.6307024578871174
list:
dist: 4.157117467636923 vs. 4.157117467636923
list:
dist: 3.3677639835659607 vs. 3.3677639835659607
list:
dist: 2.3704629379079987 vs. 2.3704629379079987
list:
dist: 2.862114730086143 vs. 2.862114730086143
list:
dist: 1.8838935697787942 vs. 1.8838935697787942
list:
dist: 1.7884165169974844 vs. 1.7884165169974844
list:
dist: 2.646027867160875 vs. 2.646027867160875
list:
dist: 2.59643525426226 vs. 2.59643525426226
list:
dist: 1.8615515094220425 vs. 1.8615515094220425
list:
dist: 1.7508832463379191 vs. 1.7508832463379191
list:
dist: 2.598311854035738 vs. 2.598311854035738
list:
dist: 1.1460106894204252 vs. 1.1460106894204252
list:
dist: 2.6818143060824537 vs. 2.6818143060824537
list:
dist: 2.4592775109923193 vs. 2.4592775109923193
list:
dist: 1.5119891578758793 vs. 1.5119891578758793
list:
dist: 0.8919512585742739 vs. 0.8919512585742739
list:
dist: 1.777009964677499 vs. 1.777009964677499
list:
dist: 1.0737430685278961 vs. 1.0737430685278961
list:
dist: 1.0129279098066823 vs. 1.0129279098066823
list:
dist: 1.269394048831927 vs. 1.269394048831927
list:
dist: 1.6350422603561123 vs. 1.6350422603561123
list:
dist: 1.7479487435496193 vs. 1.7479487435496193
list:
dist: 2.4946048606207145 vs. 2.4946048606207145
list:
dist: 3.388335271258471 vs. 3.388335271258471
list:
dist: 3.6504840357673443 vs. 3.6504840357673443
list:
dist: 2.8488317865913313 vs. 2.8488317865913313
list:
dist: 2.9252345552426267 vs. 2.9252345552426267
list:
dist: 1.269394048831927 vs. 1.269394048831927
list:
dist: 2.6735114124816697 vs. 2.6735114124816697
list:
dist: 1.7898669465490864 vs. 1.7898669465490864
list:
dist: 2.046736102817709 vs. 2.046736102817709
list:
dist: 2.089681685171748 vs. 2.089681685171748
list:
dist: 1.496741426751377 vs. 1.496741426751377
list:
dist: 1.9969559628175206 vs. 1.9969559628175206
list:
dist: 1.5704689349048104 vs. 1.5704689349048104
list:
dist: 1.497972595772659 vs. 1.497972595772659
list:
dist: 1.5523165963372487 vs. 1.5523165963372487
list:
dist: 0.9446543805582992 vs. 0.9446543805582992
list:
dist: 2.6015069709975536 vs. 2.6015069709975536
list:
dist: 2.0373814192384807 vs. 2.0373814192384807
list:
dist: 2.875896893913485 vs. 2.875896893913485
list:
dist: 1.8511580312327391 vs. 1.8511580312327391
list:
dist: 1.7295886153603799 vs. 1.7295886153603799
list:
dist: 2.3062604604450194 vs. 2.3062604604450194
list:
dist: 2.280957874122457 vs. 2.280957874122457
list:
dist: 1.6092280218809463 vs. 1.6092280218809463
list:
dist: 2.3096504493498227 vs. 2.3096504493498227
list:
dist: 2.440821212584145 vs. 2.440821212584145
list:
dist: 3.7178923219641824 vs. 3.7178923219641824
list:
dist: 2.7141504898668285 vs. 2.7141504898668285
list:
dist: 2.5780607852274504 vs. 2.5780607852274504
list:
dist: 1.4931613287073786 vs. 1.4931613287073786
list:
dist: 1.7713082453819318 vs. 1.7713082453819318
list:
dist: 1.6564571814793998 vs. 1.6564571814793998
list:
dist: 1.9089990355376958 vs. 1.9089990355376958
list:
dist: 1.980230736203274 vs. 1.980230736203274
list:
dist: 2.6015069709975536 vs. 2.6015069709975536
list:
dist: 1.0850781712350546 vs. 1.0850781712350546
list:
dist: 2.863294011665926 vs. 2.863294011665926
list:
dist: 1.4810413918589742 vs. 1.4810413918589742
list:
dist: 1.3070012542738596 vs. 1.3070012542738596
list:
dist: 2.2463213219905818 vs. 2.2463213219905818
list:
dist: 2.1991658154962552 vs. 2.1991658154962552
list:
dist: 2.0140746184864553 vs. 2.0140746184864553
list:
dist: 2.2217100961445015 vs. 2.2217100961445015
list:
dist: 2.3054320643077726 vs. 2.3054320643077726
list:
dist: 2.0373814192384807 vs. 2.0373814192384807
list:
dist: 1.29230855018827 vs. 1.29230855018827
list:
dist: 2.1760851022288286 vs. 2.1760851022288286
list:
dist: 1.4810413918589742 vs. 1.4810413918589742
list:
dist: 1.0148386888565883 vs. 1.0148386888565883
list:
dist: 2.6307024578871174 vs. 2.6307024578871174
list:
dist: 2.620120763153323 vs. 2.620120763153323
list:
dist: 2.5820972863651024 vs. 2.5820972863651024
list:
dist: 2.8319908046739815 vs. 2.8319908046739815
list:
dist: 2.6819557381945414 vs. 2.6819557381945414
list:
dist: 2.875896893913485 vs. 2.875896893913485
list:
dist: 1.8048517086900306 vs. 1.8048517086900306
list:
dist: 3.145266900168949 vs. 3.145266900168949
list:
dist: 1.3070012542738596 vs. 1.3070012542738596
list:
dist: 1.0148386888565883 vs. 1.0148386888565883
list:
dist: 3.218282901657368 vs. 3.218282901657368
list:
dist: 2.6156176779146283 vs. 2.6156176779146283
list:
dist: 1.2975410786503965 vs. 1.2975410786503965
list:
dist: 1.7208634641337164 vs. 1.7208634641337164
list:
dist: 0.81763781451026 vs. 0.81763781451026
list:
dist: 1.659515825943613 vs. 1.659515825943613
list:
dist: 2.0309347386010272 vs. 2.0309347386010272
list:
dist: 1.1995494386974528 vs. 1.1995494386974528
list:
dist: 1.581158525368266 vs. 1.581158525368266
list:
dist: 1.1460106894204252 vs. 1.1460106894204252
list:
dist: 1.5357627521238861 vs. 1.5357627521238861
list:
dist: 2.6668914050121106 vs. 2.6668914050121106
list:
dist: 2.1061785553856707 vs. 2.1061785553856707
list:
dist: 1.9561116195320227 vs. 1.9561116195320227
list:
dist: 2.094821539203691 vs. 2.094821539203691
list:
dist: 1.5337978298027761 vs. 1.5337978298027761
list:
dist: 2.1540406835494132 vs. 2.1540406835494132
list:
dist: 1.7898669465490864 vs. 1.7898669465490864
list:
dist: 2.427200308995792 vs. 2.427200308995792
list:
dist: 1.7265479495984224 vs. 1.7265479495984224
list:
dist: 1.1497891827072015 vs. 1.1497891827072015
list:
dist: 3.600223582337271 vs. 3.600223582337271
list:
dist: 4.102269811852393 vs. 4.102269811852393
list:
dist: 3.226820166352835 vs. 3.226820166352835
list:
dist: 3.3902618151629853 vs. 3.3902618151629853
list:
dist: 2.4190641530801407 vs. 2.4190641530801407
list:
dist: 2.6818143060824537 vs. 2.6818143060824537
list:
dist: 0.8338345995519042 vs. 0.8338345995519042
list:
dist: 2.2244274235773926 vs. 2.2244274235773926
list:
dist: 2.2066465864747435 vs. 2.2066465864747435
list:
dist: 2.9468511147230703 vs. 2.9468511147230703
list:
dist: 2.671250849472344 vs. 2.671250849472344
list:
dist: 2.287573348451235 vs. 2.287573348451235
list:
dist: 2.7141504898668285 vs. 2.7141504898668285
list:
dist: 1.8341422973941326 vs. 1.8341422973941326
list:
dist: 1.9509495128767935 vs. 1.9509495128767935
list:
dist: 1.9090252139311705 vs. 1.9090252139311705
list:
dist: 1.2342040878568135 vs. 1.2342040878568135
list:
dist: 2.2465369392552077 vs. 2.2465369392552077
list:
dist: 2.695962569764878 vs. 2.695962569764878
list:
dist: 1.4114153699774443 vs. 1.4114153699774443
list:
dist: 1.2979797426420836 vs. 1.2979797426420836
list:
dist: 0.32810116106400694 vs. 0.32810116106400694
list:
dist: 0.8308436584180843 vs. 0.8308436584180843
list:
dist: 0.658589640942403 vs. 0.658589640942403
list:
dist: 0.8197905911367104 vs. 0.8197905911367104
list:
dist: 2.1340967133582645 vs. 2.1340967133582645
list:
dist: 2.422978044458533 vs. 2.422978044458533
list:
dist: 3.16968530295835 vs. 3.16968530295835
list:
dist: 3.128884921935979 vs. 3.128884921935979
list:
dist: 2.7892096111212576 vs. 2.7892096111212576
list:
dist: 2.3250846717241083 vs. 2.3250846717241083
list:
dist: 3.532224248295168 vs. 3.532224248295168
list:
dist: 2.8083496364171214 vs. 2.8083496364171214
list:
dist: 1.7098518111882441 vs. 1.7098518111882441
list:
dist: 1.7004728080710798 vs. 1.7004728080710798
list:
dist: 0.7320772008628859 vs. 0.7320772008628859
list:
dist: 1.8511580312327391 vs. 1.8511580312327391
list:
dist: 3.1077817194566166 vs. 3.1077817194566166
list:
dist: 1.9742802853389083 vs. 1.9742802853389083
list:
dist: 1.6858336040619135 vs. 1.6858336040619135
list:
dist: 3.0561118163880208 vs. 3.0561118163880208
list:
dist: 2.5344350748682793 vs. 2.5344350748682793
list:
dist: 1.7950885417050857 vs. 1.7950885417050857
list:
dist: 2.6959448223649116 vs. 2.6959448223649116
list:
dist: 4.194593886700212 vs. 4.194593886700212
list:
dist: 3.704460348561227 vs. 3.704460348561227
list:
dist: 4.026565426943579 vs. 4.026565426943579
list:
dist: 2.762746641083414 vs. 2.762746641083414
list:
dist: 3.1130358615131244 vs. 3.1130358615131244
list:
dist: 1.7045840706976572 vs. 1.7045840706976572
list:
dist: 3.1438354092567073 vs. 3.1438354092567073
list:
dist: 4.06513620446997 vs. 4.06513620446997
list:
dist: 2.8348195605683313 vs. 2.8348195605683313
list:
dist: 3.853411863527496 vs. 3.853411863527496
list:
dist: 2.2465369392552077 vs. 2.2465369392552077
list:
dist: 2.6353622934315264 vs. 2.6353622934315264
list:
dist: 2.5163333543239084 vs. 2.5163333543239084
list:
dist: 2.7411537074835066 vs. 2.7411537074835066
list:
dist: 2.6861418790661062 vs. 2.6861418790661062
list:
dist: 2.1689527073878194 vs. 2.1689527073878194
list:
dist: 3.1211845724286946 vs. 3.1211845724286946
list:
dist: 3.9806764550706153 vs. 3.9806764550706153
list:
dist: 4.3729998943969415 vs. 4.3729998943969415
list:
dist: 4.700601441813282 vs. 4.700601441813282
list:
dist: 3.0194330783515535 vs. 3.0194330783515535
list:
dist: 2.5344350748682793 vs. 2.5344350748682793
list:
dist: 3.013584694649936 vs. 3.013584694649936
list:
dist: 2.865840282952797 vs. 2.865840282952797
list:
dist: 2.260759276565952 vs. 2.260759276565952
list:
dist: 1.2636004692703884 vs. 1.2636004692703884
list:
dist: 1.1565628257201845 vs. 1.1565628257201845
list:
dist: 2.1575875085856833 vs. 2.1575875085856833
list:
dist: 3.1438354092567073 vs. 3.1438354092567073
list:
dist: 1.981750643706294 vs. 1.981750643706294
list:
dist: 1.3163654314686304 vs. 1.3163654314686304
list:
dist: 1.2342040878568135 vs. 1.2342040878568135
list:
dist: 2.3297678359353164 vs. 2.3297678359353164
list:
dist: 1.012732582819094 vs. 1.012732582819094
list:
dist: 1.6951566417594741 vs. 1.6951566417594741
list:
dist: 1.1148489265664314 vs. 1.1148489265664314
list:
dist: 1.544342896207431 vs. 1.544342896207431
list:
dist: 2.576203977336195 vs. 2.576203977336195
list:
dist: 2.5494751239303315 vs. 2.5494751239303315
list:
dist: 3.5774051424937894 vs. 3.5774051424937894
list:
dist: 2.668526336103375 vs. 2.668526336103375
list:
dist: 3.5817738677514663 vs. 3.5817738677514663
list:
dist: 3.1077817194566166 vs. 3.1077817194566166
list:
dist: 1.9618434552056454 vs. 1.9618434552056454
list:
dist: 2.7503292223603806 vs. 2.7503292223603806
list:
dist: 3.290307168912773 vs. 3.290307168912773
list:
dist: 1.6092280218809463 vs. 1.6092280218809463
list:
dist: 1.2357817012037946 vs. 1.2357817012037946
list:
dist: 2.847226543319875 vs. 2.847226543319875
list:
dist: 3.9515248415811883 vs. 3.9515248415811883
list:
dist: 3.0561118163880208 vs. 3.0561118163880208
list:
dist: 2.5160065565670986 vs. 2.5160065565670986
list:
dist: 2.0396141813074067 vs. 2.0396141813074067
list:
dist: 2.4055227106937758 vs. 2.4055227106937758
list:
dist: 1.3027419991508353 vs. 1.3027419991508353
list:
dist: 1.6289018959057295 vs. 1.6289018959057295
list:
dist: 2.1575875085856833 vs. 2.1575875085856833
list:
dist: 1.7045840706976572 vs. 1.7045840706976572
list:
dist: 2.5431292290063743 vs. 2.5431292290063743
list:
dist: 1.6550269004610438 vs. 1.6550269004610438
list:
dist: 1.9090252139311705 vs. 1.9090252139311705
list:
dist: 2.7276522959249694 vs. 2.7276522959249694
list:
dist: 1.9813538847629464 vs. 1.9813538847629464
list:
dist: 2.722607560536818 vs. 2.722607560536818
list:
dist: 2.375478609803884 vs. 2.375478609803884
list:
dist: 1.564233530651803 vs. 1.564233530651803
list:
dist: 2.4563010271907983 vs. 2.4563010271907983
list:
dist: 3.1960397593302496 vs. 3.1960397593302496
list:
dist: 3.9039432428512275 vs. 3.9039432428512275
list:
dist: 3.435078484775428 vs. 3.435078484775428
list:
dist: 2.9575586401474796 vs. 2.9575586401474796
list:
dist: 1.6858336040619135 vs. 1.6858336040619135
list:
dist: 2.0043022826079926 vs. 2.0043022826079926
list:
dist: 1.7253808992594564 vs. 1.7253808992594564
list:
dist: 1.2170348186156459 vs. 1.2170348186156459
list:
dist: 0.396458201095927 vs. 0.396458201095927
list:
dist: 1.6289018959057295 vs. 1.6289018959057295
list:
dist: 1.1565628257201845 vs. 1.1565628257201845
list:
dist: 3.1130358615131244 vs. 3.1130358615131244
list:
dist: 1.5232125594996389 vs. 1.5232125594996389
list:
dist: 1.334786459382646 vs. 1.334786459382646
list:
dist: 1.9509495128767935 vs. 1.9509495128767935
list:
dist: 3.039312015051908 vs. 3.039312015051908
list:
dist: 1.7997098482918936 vs. 1.7997098482918936
list:
dist: 2.6604085504888144 vs. 2.6604085504888144
list:
dist: 2.084426931723435 vs. 2.084426931723435
list:
dist: 1.8743782036895633 vs. 1.8743782036895633
list:
dist: 2.7214354541568597 vs. 2.7214354541568597
list:
dist: 2.920973728113426 vs. 2.920973728113426
list:
dist: 3.95361985189919 vs. 3.95361985189919
list:
dist: 2.6582324011818494 vs. 2.6582324011818494
list:
dist: 3.728524505617527 vs. 3.728524505617527
list:
dist: 1.7734756842129915 vs. 1.7734756842129915
list:
dist: 1.8743782036895633 vs. 1.8743782036895633
list:
dist: 1.564233530651803 vs. 1.564233530651803
list:
dist: 1.544342896207431 vs. 1.544342896207431
list:
dist: 2.1689527073878194 vs. 2.1689527073878194
list:
dist: 2.293369704088937 vs. 2.293369704088937
list:
dist: 0.8940369848795932 vs. 0.8940369848795932
list:
dist: 0.8197905911367104 vs. 0.8197905911367104
list:
dist: 1.27488541425533 vs. 1.27488541425533
list:
dist: 0.7907337604550905 vs. 0.7907337604550905
list:
dist: 1.4892779767574686 vs. 1.4892779767574686
list:
dist: 1.4488220615450307 vs. 1.4488220615450307
list:
dist: 1.4037032651056671 vs. 1.4037032651056671
list:
dist: 1.9362863934032128 vs. 1.9362863934032128
list:
dist: 2.64366280450536 vs. 2.64366280450536
list:
dist: 2.665708465331311 vs. 2.665708465331311
list:
dist: 2.1185747662082144 vs. 2.1185747662082144
list:
dist: 2.5337575654843736 vs. 2.5337575654843736
list:
dist: 3.3093563132170307 vs. 3.3093563132170307
list:
dist: 2.4900165842145348 vs. 2.4900165842145348
list:
dist: 1.7098518111882441 vs. 1.7098518111882441
list:
dist: 0.9122114936038163 vs. 0.9122114936038163
list:
dist: 1.542963102865404 vs. 1.542963102865404
list:
dist: 1.7295886153603799 vs. 1.7295886153603799
list:
dist: 1.9618434552056454 vs. 1.9618434552056454
list:
dist: 2.151333428039398 vs. 2.151333428039398
list:
dist: 2.0043022826079926 vs. 2.0043022826079926
list:
dist: 2.5160065565670986 vs. 2.5160065565670986
list:
dist: 3.013584694649936 vs. 3.013584694649936
list:
dist: 4.194593886700212 vs. 4.194593886700212
list:
dist: 1.5473907888238643 vs. 1.5473907888238643
list:
dist: 2.3633469910212006 vs. 2.3633469910212006
list:
dist: 1.7004728080710798 vs. 1.7004728080710798
list:
dist: 0.9122114936038163 vs. 0.9122114936038163
list:
dist: 1.1950149684942606 vs. 1.1950149684942606
list:
dist: 2.3062604604450194 vs. 2.3062604604450194
list:
dist: 2.7503292223603806 vs. 2.7503292223603806
list:
dist: 1.7359134854993488 vs. 1.7359134854993488
list:
dist: 1.7253808992594564 vs. 1.7253808992594564
list:
dist: 2.0396141813074067 vs. 2.0396141813074067
list:
dist: 2.865840282952797 vs. 2.865840282952797
list:
dist: 3.704460348561227 vs. 3.704460348561227
list:
dist: 2.0234079306376693 vs. 2.0234079306376693
list:
dist: 2.4299480091393866 vs. 2.4299480091393866
list:
dist: 1.9742802853389083 vs. 1.9742802853389083
list:
dist: 2.151333428039398 vs. 2.151333428039398
list:
dist: 1.7359134854993488 vs. 1.7359134854993488
list:
dist: 1.4018908439790758 vs. 1.4018908439790758
list:
dist: 0.396458201095927 vs. 0.396458201095927
list:
dist: 1.3027419991508353 vs. 1.3027419991508353
list:
dist: 1.2636004692703884 vs. 1.2636004692703884
list:
dist: 2.762746641083414 vs. 2.762746641083414
list:
dist: 1.8367567147342652 vs. 1.8367567147342652
list:
dist: 1.4014261738966471 vs. 1.4014261738966471
list:
dist: 1.8341422973941326 vs. 1.8341422973941326
list:
dist: 2.9660399279498306 vs. 2.9660399279498306
list:
dist: 1.746738757984564 vs. 1.746738757984564
list:
dist: 2.589443136312489 vs. 2.589443136312489
list:
dist: 2.0105175404479563 vs. 2.0105175404479563
list:
dist: 1.7734756842129915 vs. 1.7734756842129915
list:
dist: 2.745299426180671 vs. 2.745299426180671
list:
dist: 3.069816911812879 vs. 3.069816911812879
list:
dist: 4.049435544980658 vs. 4.049435544980658
list:
dist: 2.9432778796062644 vs. 2.9432778796062644
list:
dist: 3.653556716166268 vs. 3.653556716166268
list:
dist: 1.820467330074847 vs. 1.820467330074847
list:
dist: 1.8460372255178372 vs. 1.8460372255178372
list:
dist: 2.847725849390741 vs. 2.847725849390741
list:
dist: 2.6550177447726693 vs. 2.6550177447726693
list:
dist: 1.7829427439147312 vs. 1.7829427439147312
list:
dist: 3.1977521981566768 vs. 3.1977521981566768
list:
dist: 1.2500532794057955 vs. 1.2500532794057955
list:
dist: 1.1303926435693894 vs. 1.1303926435693894
list:
dist: 2.0504426867601184 vs. 2.0504426867601184
list:
dist: 1.6314197618144484 vs. 1.6314197618144484
list:
dist: 1.0363893576659706 vs. 1.0363893576659706
list:
dist: 1.1825358752104975 vs. 1.1825358752104975
list:
dist: 1.6018099031893924 vs. 1.6018099031893924
list:
dist: 1.639916337180619 vs. 1.639916337180619
list:
dist: 1.2306695993028385 vs. 1.2306695993028385
list:
dist: 1.2903148138394493 vs. 1.2903148138394493
list:
dist: 2.2834061537823875 vs. 2.2834061537823875
list:
dist: 1.2875400224374 vs. 1.2875400224374
list:
dist: 1.598678906807264 vs. 1.598678906807264
list:
dist: 0.9719160434424589 vs. 0.9719160434424589
list:
dist: 1.1134065276669847 vs. 1.1134065276669847
list:
dist: 0.6971611617173868 vs. 0.6971611617173868
list:
dist: 2.0349281577947766 vs. 2.0349281577947766
list:
dist: 2.8083496364171214 vs. 2.8083496364171214
list:
dist: 1.5633412865508762 vs. 1.5633412865508762
list:
dist: 2.792933734554355 vs. 2.792933734554355
list:
dist: 2.6457494535371966 vs. 2.6457494535371966
list:
dist: 3.2173056422526334 vs. 3.2173056422526334
list:
dist: 2.4900165842145348 vs. 2.4900165842145348
list:
dist: 1.9143402588693004 vs. 1.9143402588693004
list:
dist: 2.061746729336742 vs. 2.061746729336742
list:
dist: 1.5105256657529156 vs. 1.5105256657529156
list:
dist: 3.4902159418366305 vs. 3.4902159418366305
list:
dist: 1.5710460362158092 vs. 1.5710460362158092
list:
dist: 3.211076333975762 vs. 3.211076333975762
list:
dist: 1.720814730990726 vs. 1.720814730990726
list:
dist: 4.144848114188989 vs. 4.144848114188989
list:
dist: 0.9010818737311941 vs. 0.9010818737311941
list:
dist: 2.3244127831507067 vs. 2.3244127831507067
list:
dist: 2.4429685288346974 vs. 2.4429685288346974
list:
dist: 4.463199846514552 vs. 4.463199846514552
list:
dist: 4.268735195512691 vs. 4.268735195512691
list:
dist: 3.4722576747898657 vs. 3.4722576747898657
list:
dist: 2.745299426180671 vs. 2.745299426180671
list:
dist: 2.7214354541568597 vs. 2.7214354541568597
list:
dist: 2.4563010271907983 vs. 2.4563010271907983
list:
dist: 2.576203977336195 vs. 2.576203977336195
list:
dist: 3.1211845724286946 vs. 3.1211845724286946
list:
dist: 2.274401249313614 vs. 2.274401249313614
list:
dist: 1.40735249665086 vs. 1.40735249665086
list:
dist: 2.1340967133582645 vs. 2.1340967133582645
list:
dist: 1.7467548734137837 vs. 1.7467548734137837
list:
dist: 2.005547377511629 vs. 2.005547377511629
list:
dist: 2.5323354935560376 vs. 2.5323354935560376
list:
dist: 2.6909092811861726 vs. 2.6909092811861726
list:
dist: 1.4037032651056671 vs. 1.4037032651056671
list:
dist: 1.0673521370012724 vs. 1.0673521370012724
list:
dist: 1.4583137215955093 vs. 1.4583137215955093
list:
dist: 2.0405453855575573 vs. 2.0405453855575573
list:
dist: 1.2470149480355095 vs. 1.2470149480355095
list:
dist: 1.7072467514064789 vs. 1.7072467514064789
list:
dist: 2.8887613089292783 vs. 2.8887613089292783
list:
dist: 2.802746427309309 vs. 2.802746427309309
list:
dist: 1.9143402588693004 vs. 1.9143402588693004
list:
dist: 2.518394025484309 vs. 2.518394025484309
list:
dist: 2.548694300860577 vs. 2.548694300860577
list:
dist: 4.049435544980658 vs. 4.049435544980658
list:
dist: 3.95361985189919 vs. 3.95361985189919
list:
dist: 3.9039432428512275 vs. 3.9039432428512275
list:
dist: 3.5774051424937894 vs. 3.5774051424937894
list:
dist: 4.3729998943969415 vs. 4.3729998943969415
list:
dist: 3.1892029748934307 vs. 3.1892029748934307
list:
dist: 2.6483963796529384 vs. 2.6483963796529384
list:
dist: 3.16968530295835 vs. 3.16968530295835
list:
dist: 2.331263663075247 vs. 2.331263663075247
list:
dist: 3.0113820115106336 vs. 3.0113820115106336
list:
dist: 3.235041525168772 vs. 3.235041525168772
list:
dist: 3.5898825703086654 vs. 3.5898825703086654
list:
dist: 2.64366280450536 vs. 2.64366280450536
list:
dist: 1.4583137215955093 vs. 1.4583137215955093
list:
dist: 1.1320893009701718 vs. 1.1320893009701718
list:
dist: 2.3288195831375753 vs. 2.3288195831375753
list:
dist: 1.7635175528987344 vs. 1.7635175528987344
list:
dist: 1.9167251310658577 vs. 1.9167251310658577
list:
dist: 2.9891464122490308 vs. 2.9891464122490308
list:
dist: 2.1998528472623176 vs. 2.1998528472623176
list:
dist: 1.5105256657529156 vs. 1.5105256657529156
list:
dist: 1.168192612528059 vs. 1.168192612528059
list:
dist: 1.183124997457731 vs. 1.183124997457731
list:
dist: 1.5685347363767501 vs. 1.5685347363767501
list:
dist: 1.9431903207084467 vs. 1.9431903207084467
list:
dist: 3.6463799914605977 vs. 3.6463799914605977
list:
dist: 2.9651882655656374 vs. 2.9651882655656374
list:
dist: 2.6073410441129696 vs. 2.6073410441129696
list:
dist: 2.953498611758307 vs. 2.953498611758307
list:
dist: 2.826627769365927 vs. 2.826627769365927
list:
dist: 2.60870645787773 vs. 2.60870645787773
list:
dist: 2.8887312100554468 vs. 2.8887312100554468
list:
dist: 3.4722576747898657 vs. 3.4722576747898657
list:
dist: 1.3636890576618417 vs. 1.3636890576618417
list:
dist: 1.9213112197969162 vs. 1.9213112197969162
list:
dist: 2.723224115404835 vs. 2.723224115404835
list:
dist: 2.1777902280318773 vs. 2.1777902280318773
list:
dist: 2.1410396651115686 vs. 2.1410396651115686
list:
dist: 2.0349281577947766 vs. 2.0349281577947766
list:
dist: 2.6959448223649116 vs. 2.6959448223649116
list:
dist: 2.3633469910212006 vs. 2.3633469910212006
list:
dist: 2.4299480091393866 vs. 2.4299480091393866
list:
dist: 2.3692113074150294 vs. 2.3692113074150294
list:
dist: 3.7178923219641824 vs. 3.7178923219641824
list:
dist: 3.9515248415811883 vs. 3.9515248415811883
list:
dist: 1.4014261738966471 vs. 1.4014261738966471
list:
dist: 1.334786459382646 vs. 1.334786459382646
list:
dist: 1.6550269004610438 vs. 1.6550269004610438
list:
dist: 1.3163654314686304 vs. 1.3163654314686304
list:
dist: 2.8348195605683313 vs. 2.8348195605683313
list:
dist: 1.3993905759661844 vs. 1.3993905759661844
list:
dist: 1.4114153699774443 vs. 1.4114153699774443
list:
dist: 1.99192347157171 vs. 1.99192347157171
list:
dist: 1.197249661151787 vs. 1.197249661151787
list:
dist: 2.077196013318144 vs. 2.077196013318144
list:
dist: 1.8435674035830092 vs. 1.8435674035830092
list:
dist: 0.8940369848795932 vs. 0.8940369848795932
list:
dist: 1.40735249665086 vs. 1.40735249665086
list:
dist: 1.6942173828968161 vs. 1.6942173828968161
list:
dist: 2.6483963796529384 vs. 2.6483963796529384
list:
dist: 1.9378678113655317 vs. 1.9378678113655317
list:
dist: 2.4859626675361106 vs. 2.4859626675361106
list:
dist: 2.1511125135211913 vs. 2.1511125135211913
list:
dist: 1.7950885417050857 vs. 1.7950885417050857
list:
dist: 1.5473907888238643 vs. 1.5473907888238643
list:
dist: 2.0234079306376693 vs. 2.0234079306376693
list:
dist: 1.815755375712751 vs. 1.815755375712751
list:
dist: 2.440821212584145 vs. 2.440821212584145
list:
dist: 2.847226543319875 vs. 2.847226543319875
list:
dist: 1.8367567147342652 vs. 1.8367567147342652
list:
dist: 1.5232125594996389 vs. 1.5232125594996389
list:
dist: 2.5431292290063743 vs. 2.5431292290063743
list:
dist: 1.981750643706294 vs. 1.981750643706294
list:
dist: 4.06513620446997 vs. 4.06513620446997
list:
dist: 1.3993905759661844 vs. 1.3993905759661844
list:
dist: 2.695962569764878 vs. 2.695962569764878
list:
dist: 3.2871082241800873 vs. 3.2871082241800873
list:
dist: 2.429375188660808 vs. 2.429375188660808
list:
dist: 3.2837489137374036 vs. 3.2837489137374036
list:
dist: 2.939401822246551 vs. 2.939401822246551
list:
dist: 2.293369704088937 vs. 2.293369704088937
list:
dist: 2.274401249313614 vs. 2.274401249313614
list:
dist: 2.153791453404388 vs. 2.153791453404388
list:
dist: 3.1892029748934307 vs. 3.1892029748934307
list:
dist: 1.2921159167012866 vs. 1.2921159167012866
list:
dist: 3.464420162170219 vs. 3.464420162170219
list:
dist: 1.798136638930955 vs. 1.798136638930955
list:
dist: 2.9432778796062644 vs. 2.9432778796062644
list:
dist: 2.6582324011818494 vs. 2.6582324011818494
list:
dist: 3.435078484775428 vs. 3.435078484775428
list:
dist: 2.668526336103375 vs. 2.668526336103375
list:
dist: 4.700601441813282 vs. 4.700601441813282
list:
dist: 1.2921159167012866 vs. 1.2921159167012866
list:
dist: 1.9378678113655317 vs. 1.9378678113655317
list:
dist: 3.128884921935979 vs. 3.128884921935979
list:
dist: 3.2375200508740507 vs. 3.2375200508740507
list:
dist: 2.8327761313179365 vs. 2.8327761313179365
list:
dist: 3.4973921510026096 vs. 3.4973921510026096
list:
dist: 3.391910914485376 vs. 3.391910914485376
list:
dist: 2.665708465331311 vs. 2.665708465331311
list:
dist: 2.0405453855575573 vs. 2.0405453855575573
list:
dist: 1.4346455605681365 vs. 1.4346455605681365
list:
dist: 2.3288195831375753 vs. 2.3288195831375753
list:
dist: 3.209774218458037 vs. 3.209774218458037
list:
dist: 0.928174158576742 vs. 0.928174158576742
list:
dist: 4.321288221339147 vs. 4.321288221339147
list:
dist: 4.3309095103762605 vs. 4.3309095103762605
list:
dist: 3.4902159418366305 vs. 3.4902159418366305
list:
dist: 2.9431490039782884 vs. 2.9431490039782884
list:
dist: 2.719167416946067 vs. 2.719167416946067
list:
dist: 1.798136638930955 vs. 1.798136638930955
list:
dist: 2.1511125135211913 vs. 2.1511125135211913
list:
dist: 1.7072467514064789 vs. 1.7072467514064789
list:
dist: 1.402844239605552 vs. 1.402844239605552
list:
dist: 1.9167251310658577 vs. 1.9167251310658577
list:
dist: 0.928174158576742 vs. 0.928174158576742
list:
dist: 2.669165685894032 vs. 2.669165685894032
list:
dist: 4.033289115678524 vs. 4.033289115678524
list:
dist: 3.211076333975762 vs. 3.211076333975762
list:
dist: 2.4005488239773465 vs. 2.4005488239773465
list:
dist: 2.2776230720812007 vs. 2.2776230720812007
list:
dist: 3.069816911812879 vs. 3.069816911812879
list:
dist: 2.920973728113426 vs. 2.920973728113426
list:
dist: 3.1960397593302496 vs. 3.1960397593302496
list:
dist: 2.5494751239303315 vs. 2.5494751239303315
list:
dist: 3.9806764550706153 vs. 3.9806764550706153
list:
dist: 2.153791453404388 vs. 2.153791453404388
list:
dist: 1.6942173828968161 vs. 1.6942173828968161
list:
dist: 2.422978044458533 vs. 2.422978044458533
list:
dist: 2.0267398235263347 vs. 2.0267398235263347
list:
dist: 2.1880839055745156 vs. 2.1880839055745156
list:
dist: 2.6123921637321583 vs. 2.6123921637321583
list:
dist: 2.7860260697788344 vs. 2.7860260697788344
list:
dist: 1.9362863934032128 vs. 1.9362863934032128
list:
dist: 1.0673521370012724 vs. 1.0673521370012724
list:
dist: 1.1320893009701718 vs. 1.1320893009701718
list:
dist: 1.4346455605681365 vs. 1.4346455605681365
list:
dist: 2.0994635766169067 vs. 2.0994635766169067
list:
dist: 1.402844239605552 vs. 1.402844239605552
list:
dist: 3.0046181866446036 vs. 3.0046181866446036
list:
dist: 2.9060025357697428 vs. 2.9060025357697428
list:
dist: 2.061746729336742 vs. 2.061746729336742
list:
dist: 2.1372729814762446 vs. 2.1372729814762446
list:
dist: 1.9969294201177967 vs. 1.9969294201177967
list:
dist: 2.589443136312489 vs. 2.589443136312489
list:
dist: 2.6604085504888144 vs. 2.6604085504888144
list:
dist: 2.722607560536818 vs. 2.722607560536818
list:
dist: 1.6951566417594741 vs. 1.6951566417594741
list:
dist: 2.7411537074835066 vs. 2.7411537074835066
list:
dist: 3.2837489137374036 vs. 3.2837489137374036
list:
dist: 2.077196013318144 vs. 2.077196013318144
list:
dist: 0.8308436584180843 vs. 0.8308436584180843
list:
dist: 1.149826265776026 vs. 1.149826265776026
list:
dist: 0.9229046406845594 vs. 0.9229046406845594
list:
dist: 0.7182318579226207 vs. 0.7182318579226207
list:
dist: 1.4892779767574686 vs. 1.4892779767574686
list:
dist: 2.5323354935560376 vs. 2.5323354935560376
list:
dist: 2.6123921637321583 vs. 2.6123921637321583
list:
dist: 3.235041525168772 vs. 3.235041525168772
list:
dist: 3.4973921510026096 vs. 3.4973921510026096
list:
dist: 3.0735217480237256 vs. 3.0735217480237256
list:
dist: 1.7563239075011035 vs. 1.7563239075011035
list:
dist: 3.2365142990502536 vs. 3.2365142990502536
list:
dist: 2.6457494535371966 vs. 2.6457494535371966
list:
dist: 2.9660399279498306 vs. 2.9660399279498306
list:
dist: 3.039312015051908 vs. 3.039312015051908
list:
dist: 2.7276522959249694 vs. 2.7276522959249694
list:
dist: 2.3297678359353164 vs. 2.3297678359353164
list:
dist: 2.6353622934315264 vs. 2.6353622934315264
list:
dist: 3.2871082241800873 vs. 3.2871082241800873
list:
dist: 1.99192347157171 vs. 1.99192347157171
list:
dist: 1.2979797426420836 vs. 1.2979797426420836
list:
dist: 1.3532749248088753 vs. 1.3532749248088753
list:
dist: 1.149826265776026 vs. 1.149826265776026
list:
dist: 1.6943820419374584 vs. 1.6943820419374584
list:
dist: 1.27488541425533 vs. 1.27488541425533
list:
dist: 1.7467548734137837 vs. 1.7467548734137837
list:
dist: 2.0267398235263347 vs. 2.0267398235263347
list:
dist: 2.331263663075247 vs. 2.331263663075247
list:
dist: 3.2375200508740507 vs. 3.2375200508740507
list:
dist: 2.008568492647899 vs. 2.008568492647899
list:
dist: 1.2876340507973003 vs. 1.2876340507973003
list:
dist: 2.2359950441739196 vs. 2.2359950441739196
list:
dist: 1.5633412865508762 vs. 1.5633412865508762
list:
dist: 3.532224248295168 vs. 3.532224248295168
list:
dist: 2.2359950441739196 vs. 2.2359950441739196
list:
dist: 3.5534976668345237 vs. 3.5534976668345237
list:
dist: 3.2365142990502536 vs. 3.2365142990502536
list:
dist: 3.8826509655766124 vs. 3.8826509655766124
list:
dist: 3.3093563132170307 vs. 3.3093563132170307
list:
dist: 2.802746427309309 vs. 2.802746427309309
list:
dist: 2.9060025357697428 vs. 2.9060025357697428
list:
dist: 2.1998528472623176 vs. 2.1998528472623176
list:
dist: 4.3309095103762605 vs. 4.3309095103762605
list:
dist: 2.2458144094351384 vs. 2.2458144094351384
list:
dist: 4.033289115678524 vs. 4.033289115678524
list:
dist: 1.8445874581277197 vs. 1.8445874581277197
list:
dist: 3.6394849344745985 vs. 3.6394849344745985
list:
dist: 0.9010818737311941 vs. 0.9010818737311941
list:
dist: 2.695835938671295 vs. 2.695835938671295
list:
dist: 2.8561114718709972 vs. 2.8561114718709972
list:
dist: 3.7938571086969386 vs. 3.7938571086969386
list:
dist: 3.692785058849013 vs. 3.692785058849013
list:
dist: 2.8887312100554468 vs. 2.8887312100554468
list:
dist: 2.3250846717241083 vs. 2.3250846717241083
list:
dist: 1.2876340507973003 vs. 1.2876340507973003
list:
dist: 2.4340172534888596 vs. 2.4340172534888596
list:
dist: 1.7563239075011035 vs. 1.7563239075011035
list:
dist: 2.469152027213152 vs. 2.469152027213152
list:
dist: 2.5337575654843736 vs. 2.5337575654843736
list:
dist: 2.8887613089292783 vs. 2.8887613089292783
list:
dist: 3.0046181866446036 vs. 3.0046181866446036
list:
dist: 2.9891464122490308 vs. 2.9891464122490308
list:
dist: 4.321288221339147 vs. 4.321288221339147
list:
dist: 2.800129305609984 vs. 2.800129305609984
list:
dist: 1.8445874581277197 vs. 1.8445874581277197
list:
dist: 1.720814730990726 vs. 1.720814730990726
list:
dist: 1.746738757984564 vs. 1.746738757984564
list:
dist: 1.7997098482918936 vs. 1.7997098482918936
list:
dist: 1.9813538847629464 vs. 1.9813538847629464
list:
dist: 1.012732582819094 vs. 1.012732582819094
list:
dist: 2.5163333543239084 vs. 2.5163333543239084
list:
dist: 2.429375188660808 vs. 2.429375188660808
list:
dist: 1.197249661151787 vs. 1.197249661151787
list:
dist: 0.32810116106400694 vs. 0.32810116106400694
list:
dist: 1.3532749248088753 vs. 1.3532749248088753
list:
dist: 0.9229046406845594 vs. 0.9229046406845594
list:
dist: 0.704157547322056 vs. 0.704157547322056
list:
dist: 0.7907337604550905 vs. 0.7907337604550905
list:
dist: 2.005547377511629 vs. 2.005547377511629
list:
dist: 2.1880839055745156 vs. 2.1880839055745156
list:
dist: 3.0113820115106336 vs. 3.0113820115106336
list:
dist: 2.8327761313179365 vs. 2.8327761313179365
list:
dist: 2.7917872169009406 vs. 2.7917872169009406
list:
dist: 2.4340172534888596 vs. 2.4340172534888596
list:
dist: 3.5534976668345237 vs. 3.5534976668345237
list:
dist: 2.792933734554355 vs. 2.792933734554355
list:
dist: 3.653556716166268 vs. 3.653556716166268
list:
dist: 3.728524505617527 vs. 3.728524505617527
list:
dist: 2.9575586401474796 vs. 2.9575586401474796
list:
dist: 3.5817738677514663 vs. 3.5817738677514663
list:
dist: 3.0194330783515535 vs. 3.0194330783515535
list:
dist: 3.464420162170219 vs. 3.464420162170219
list:
dist: 2.4859626675361106 vs. 2.4859626675361106
list:
dist: 2.7892096111212576 vs. 2.7892096111212576
list:
dist: 2.008568492647899 vs. 2.008568492647899
list:
dist: 2.7917872169009406 vs. 2.7917872169009406
list:
dist: 3.0735217480237256 vs. 3.0735217480237256
list:
dist: 3.399040501258255 vs. 3.399040501258255
list:
dist: 2.1185747662082144 vs. 2.1185747662082144
list:
dist: 1.2470149480355095 vs. 1.2470149480355095
list:
dist: 2.0994635766169067 vs. 2.0994635766169067
list:
dist: 1.7635175528987344 vs. 1.7635175528987344
list:
dist: 3.209774218458037 vs. 3.209774218458037
list:
dist: 2.669165685894032 vs. 2.669165685894032
list:
dist: 2.800129305609984 vs. 2.800129305609984
list:
dist: 4.203334340223939 vs. 4.203334340223939
list:
dist: 2.2458144094351384 vs. 2.2458144094351384
list:
dist: 1.5710460362158092 vs. 1.5710460362158092
list:
dist: 2.5812274977364873 vs. 2.5812274977364873
list:
dist: 2.790493106440412 vs. 2.790493106440412
list:
dist: 2.0105175404479563 vs. 2.0105175404479563
list:
dist: 2.084426931723435 vs. 2.084426931723435
list:
dist: 2.375478609803884 vs. 2.375478609803884
list:
dist: 1.1148489265664314 vs. 1.1148489265664314
list:
dist: 2.6861418790661062 vs. 2.6861418790661062
list:
dist: 2.939401822246551 vs. 2.939401822246551
list:
dist: 1.8435674035830092 vs. 1.8435674035830092
list:
dist: 0.658589640942403 vs. 0.658589640942403
list:
dist: 1.6943820419374584 vs. 1.6943820419374584
list:
dist: 0.704157547322056 vs. 0.704157547322056
list:
dist: 0.7182318579226207 vs. 0.7182318579226207
list:
dist: 1.4488220615450307 vs. 1.4488220615450307
list:
dist: 2.6909092811861726 vs. 2.6909092811861726
list:
dist: 2.7860260697788344 vs. 2.7860260697788344
list:
dist: 3.5898825703086654 vs. 3.5898825703086654
list:
dist: 3.391910914485376 vs. 3.391910914485376
list:
dist: 3.399040501258255 vs. 3.399040501258255
list:
dist: 2.469152027213152 vs. 2.469152027213152
list:
dist: 3.8826509655766124 vs. 3.8826509655766124
list:
dist: 3.2173056422526334 vs. 3.2173056422526334
list:
dist: 1.9206026084595336 vs. 1.9206026084595336
list:
dist: 1.2148408237695738 vs. 1.2148408237695738
list:
dist: 0.7706413893631809 vs. 0.7706413893631809
list:
dist: 1.2426683937879692 vs. 1.2426683937879692
list:
dist: 1.086332711032995 vs. 1.086332711032995
list:
dist: 2.700702053031531 vs. 2.700702053031531
list:
dist: 2.2026001394787738 vs. 2.2026001394787738
list:
dist: 2.625715973852041 vs. 2.625715973852041
list:
dist: 2.3213353247132136 vs. 2.3213353247132136
list:
dist: 1.561908808047562 vs. 1.561908808047562
list:
dist: 1.3746679061280096 vs. 1.3746679061280096
list:
dist: 2.193763603164141 vs. 2.193763603164141
list:
dist: 1.9516275230246396 vs. 1.9516275230246396
list:
dist: 3.2678430079570693 vs. 3.2678430079570693
list:
dist: 2.816781763676493 vs. 2.816781763676493
list:
dist: 1.9399153771310138 vs. 1.9399153771310138
list:
dist: 1.9711741843981432 vs. 1.9711741843981432
list:
dist: 2.6858372991838784 vs. 2.6858372991838784
list:
dist: 2.8499176511816 vs. 2.8499176511816
list:
dist: 3.4692071109950664 vs. 3.4692071109950664
list:
dist: 2.2026526866540777 vs. 2.2026526866540777
list:
dist: 3.417381950330007 vs. 3.417381950330007
list:
dist: 1.8870074535884964 vs. 1.8870074535884964
list:
dist: 1.176046302504366 vs. 1.176046302504366
list:
dist: 2.076934042795314 vs. 2.076934042795314
list:
dist: 1.9516275230246396 vs. 1.9516275230246396
list:
dist: 1.3249540334627898 vs. 1.3249540334627898
list:
dist: 1.487818906656077 vs. 1.487818906656077
list:
dist: 1.35454251673799 vs. 1.35454251673799
list:
dist: 0.9869846344841782 vs. 0.9869846344841782
list:
dist: 1.5661273071059216 vs. 1.5661273071059216
list:
dist: 1.8290427438224406 vs. 1.8290427438224406
list:
dist: 0.5578065718813197 vs. 0.5578065718813197
list:
dist: 0.8974719659362481 vs. 0.8974719659362481
list:
dist: 1.5358098430779623 vs. 1.5358098430779623
list:
dist: 2.5477482483295804 vs. 2.5477482483295804
list:
dist: 2.637198947482129 vs. 2.637198947482129
list:
dist: 2.615364546705859 vs. 2.615364546705859
list:
dist: 2.180504681139861 vs. 2.180504681139861
list:
dist: 2.208086307060083 vs. 2.208086307060083
list:
dist: 2.3129318473307845 vs. 2.3129318473307845
list:
dist: 3.941848865372695 vs. 3.941848865372695
list:
dist: 1.7166580439680121 vs. 1.7166580439680121
list:
dist: 3.3282773185288623 vs. 3.3282773185288623
list:
dist: 2.368710607217332 vs. 2.368710607217332
list:
dist: 1.4195973981803771 vs. 1.4195973981803771
list:
dist: 3.3644221343602934 vs. 3.3644221343602934
list:
dist: 2.303217470991581 vs. 2.303217470991581
list:
dist: 2.6383779078566962 vs. 2.6383779078566962
list:
dist: 2.7072999297258593 vs. 2.7072999297258593
list:
dist: 3.5259825597476047 vs. 3.5259825597476047
list:
dist: 3.1977521981566768 vs. 3.1977521981566768
list:
dist: 3.1651371931238654 vs. 3.1651371931238654
list:
dist: 2.1895735815240216 vs. 2.1895735815240216
list:
dist: 2.520765164879006 vs. 2.520765164879006
list:
dist: 2.625715973852041 vs. 2.625715973852041
list:
dist: 1.5883364172786711 vs. 1.5883364172786711
list:
dist: 2.7023894927271424 vs. 2.7023894927271424
list:
dist: 2.7558468680747206 vs. 2.7558468680747206
list:
dist: 2.5314451952705648 vs. 2.5314451952705648
list:
dist: 1.4574070961593133 vs. 1.4574070961593133
list:
dist: 1.4089840419514952 vs. 1.4089840419514952
list:
dist: 1.3758302130741384 vs. 1.3758302130741384
list:
dist: 0.9976035964838437 vs. 0.9976035964838437
list:
dist: 1.5661273071059216 vs. 1.5661273071059216
list:
dist: 0.9949797894188922 vs. 0.9949797894188922
list:
dist: 1.3205021769727165 vs. 1.3205021769727165
list:
dist: 2.2061666562748137 vs. 2.2061666562748137
list:
dist: 1.4614623703995937 vs. 1.4614623703995937
list:
dist: 1.089009771072627 vs. 1.089009771072627
list:
dist: 1.3995431151710136 vs. 1.3995431151710136
list:
dist: 2.8578133732792064 vs. 2.8578133732792064
list:
dist: 0.6648403716356143 vs. 0.6648403716356143
list:
dist: 1.4937197993528222 vs. 1.4937197993528222
list:
dist: 0.971683922268765 vs. 0.971683922268765
list:
dist: 1.8395558807261532 vs. 1.8395558807261532
list:
dist: 0.81564275884178 vs. 0.81564275884178
list:
dist: 1.5351967303080063 vs. 1.5351967303080063
list:
dist: 1.3452123649834387 vs. 1.3452123649834387
list:
dist: 2.1456113264119536 vs. 2.1456113264119536
list:
dist: 1.820467330074847 vs. 1.820467330074847
list:
dist: 1.6781697812058285 vs. 1.6781697812058285
list:
dist: 1.5159923877335404 vs. 1.5159923877335404
list:
dist: 2.3810776857548333 vs. 2.3810776857548333
list:
dist: 2.2026001394787738 vs. 2.2026001394787738
list:
dist: 2.0624090322611344 vs. 2.0624090322611344
list:
dist: 1.291908805575031 vs. 1.291908805575031
list:
dist: 0.9909091583927605 vs. 0.9909091583927605
list:
dist: 2.5314451952705648 vs. 2.5314451952705648
list:
dist: 2.467667329887241 vs. 2.467667329887241
list:
dist: 1.3316907809524008 vs. 1.3316907809524008
list:
dist: 1.634620756041017 vs. 1.634620756041017
list:
dist: 2.321024249176873 vs. 2.321024249176873
list:
dist: 0.9869846344841782 vs. 0.9869846344841782
list:
dist: 3.0833215687258564 vs. 3.0833215687258564
list:
dist: 2.1705437978490525 vs. 2.1705437978490525
list:
dist: 2.518394025484309 vs. 2.518394025484309
list:
dist: 2.1372729814762446 vs. 2.1372729814762446
list:
dist: 1.168192612528059 vs. 1.168192612528059
list:
dist: 2.9431490039782884 vs. 2.9431490039782884
list:
dist: 2.5812274977364873 vs. 2.5812274977364873
list:
dist: 2.4005488239773465 vs. 2.4005488239773465
list:
dist: 2.695835938671295 vs. 2.695835938671295
list:
dist: 2.3244127831507067 vs. 2.3244127831507067
list:
dist: 0.41469154237225103 vs. 0.41469154237225103
list:
dist: 2.548694300860577 vs. 2.548694300860577
list:
dist: 1.9969294201177967 vs. 1.9969294201177967
list:
dist: 1.183124997457731 vs. 1.183124997457731
list:
dist: 2.719167416946067 vs. 2.719167416946067
list:
dist: 2.790493106440412 vs. 2.790493106440412
list:
dist: 2.2776230720812007 vs. 2.2776230720812007
list:
dist: 2.8561114718709972 vs. 2.8561114718709972
list:
dist: 2.4429685288346974 vs. 2.4429685288346974
list:
dist: 0.41469154237225103 vs. 0.41469154237225103
list:
dist: 2.508182933928385 vs. 2.508182933928385
list:
dist: 2.1705437978490525 vs. 2.1705437978490525
list:
dist: 0.971683922268765 vs. 0.971683922268765
list:
dist: 1.4129614600381422 vs. 1.4129614600381422
list:
dist: 1.4607690966811044 vs. 1.4607690966811044
list:
dist: 1.5911983103275498 vs. 1.5911983103275498
list:
dist: 1.1500334643400145 vs. 1.1500334643400145
list:
dist: 1.4195973981803771 vs. 1.4195973981803771
list:
dist: 1.774772732753874 vs. 1.774772732753874
list:
dist: 2.167947254531638 vs. 2.167947254531638
list:
dist: 2.631750801081174 vs. 2.631750801081174
list:
dist: 2.0816175473981815 vs. 2.0816175473981815
list:
dist: 1.509105882899276 vs. 1.509105882899276
list:
dist: 1.51116157803073 vs. 1.51116157803073
list:
dist: 3.5094082457860467 vs. 3.5094082457860467
list:
dist: 1.4561591230144342 vs. 1.4561591230144342
list:
dist: 2.5883363929871273 vs. 2.5883363929871273
list:
dist: 1.437774928987744 vs. 1.437774928987744
list:
dist: 2.213230151835789 vs. 2.213230151835789
list:
dist: 1.3069117860170283 vs. 1.3069117860170283
list:
dist: 1.5840095379484833 vs. 1.5840095379484833
list:
dist: 1.4646504296215899 vs. 1.4646504296215899
list:
dist: 2.383908234181822 vs. 2.383908234181822
list:
dist: 2.2834061537823875 vs. 2.2834061537823875
list:
dist: 1.621994636993091 vs. 1.621994636993091
list:
dist: 1.2092254488432652 vs. 1.2092254488432652
list:
dist: 1.2896551224508213 vs. 1.2896551224508213
list:
dist: 1.086332711032995 vs. 1.086332711032995
list:
dist: 1.6621762213131783 vs. 1.6621762213131783
list:
dist: 2.0096958278763895 vs. 2.0096958278763895
list:
dist: 1.291908805575031 vs. 1.291908805575031
list:
dist: 2.7023894927271424 vs. 2.7023894927271424
list:
dist: 2.274119641128643 vs. 2.274119641128643
list:
dist: 1.3120155381109364 vs. 1.3120155381109364
list:
dist: 1.3522016657987475 vs. 1.3522016657987475
list:
dist: 2.2080550781014106 vs. 2.2080550781014106
list:
dist: 1.487818906656077 vs. 1.487818906656077
list:
dist: 3.5624907105498234 vs. 3.5624907105498234
list:
dist: 3.313652595997673 vs. 3.313652595997673
list:
dist: 2.4733474226401446 vs. 2.4733474226401446
list:
dist: 2.472006188834302 vs. 2.472006188834302
list:
dist: 2.8937075630811724 vs. 2.8937075630811724
list:
dist: 2.9333000171002976 vs. 2.9333000171002976
list:
dist: 4.145153237395472 vs. 4.145153237395472
list:
dist: 2.493206303219815 vs. 2.493206303219815
list:
dist: 3.6541971867102165 vs. 3.6541971867102165
list:
dist: 3.4408425062162094 vs. 3.4408425062162094
list:
dist: 2.462261148956873 vs. 2.462261148956873
list:
dist: 1.8220747677287539 vs. 1.8220747677287539
list:
dist: 2.3213353247132136 vs. 2.3213353247132136
list:
dist: 1.9798874213934616 vs. 1.9798874213934616
list:
dist: 2.274119641128643 vs. 2.274119641128643
list:
dist: 3.15589135161399 vs. 3.15589135161399
list:
dist: 2.467667329887241 vs. 2.467667329887241
list:
dist: 1.4574070961593133 vs. 1.4574070961593133
list:
dist: 1.4280370359148964 vs. 1.4280370359148964
list:
dist: 1.2861817064443093 vs. 1.2861817064443093
list:
dist: 0.48718608671531194 vs. 0.48718608671531194
list:
dist: 1.8290427438224406 vs. 1.8290427438224406
list:
dist: 2.000345475924834 vs. 2.000345475924834
list:
dist: 1.8280291712973074 vs. 1.8280291712973074
list:
dist: 1.380324906585224 vs. 1.380324906585224
list:
dist: 1.20252763687663 vs. 1.20252763687663
list:
dist: 0.906781757174388 vs. 0.906781757174388
list:
dist: 0.7022989136705657 vs. 0.7022989136705657
list:
dist: 2.5809505295269113 vs. 2.5809505295269113
list:
dist: 1.2399324467919455 vs. 1.2399324467919455
list:
dist: 1.5428976893121713 vs. 1.5428976893121713
list:
dist: 0.7903948086770435 vs. 0.7903948086770435
list:
dist: 1.4129614600381422 vs. 1.4129614600381422
list:
dist: 2.5647905879895787 vs. 2.5647905879895787
list:
dist: 1.9711621035916367 vs. 1.9711621035916367
list:
dist: 1.1704113890242378 vs. 1.1704113890242378
list:
dist: 1.741940604900832 vs. 1.741940604900832
list:
dist: 2.1680028991238887 vs. 2.1680028991238887
list:
dist: 1.8460372255178372 vs. 1.8460372255178372
list:
dist: 3.853411863527496 vs. 3.853411863527496
list:
dist: 1.0836625747964543 vs. 1.0836625747964543
list:
dist: 1.7542317326969963 vs. 1.7542317326969963
list:
dist: 1.2148408237695738 vs. 1.2148408237695738
list:
dist: 0.8706685743021149 vs. 0.8706685743021149
list:
dist: 1.2092254488432652 vs. 1.2092254488432652
list:
dist: 1.6415579880999411 vs. 1.6415579880999411
list:
dist: 1.5159923877335404 vs. 1.5159923877335404
list:
dist: 2.1895735815240216 vs. 2.1895735815240216
list:
dist: 2.462261148956873 vs. 2.462261148956873
list:
dist: 1.1212113238467796 vs. 1.1212113238467796
list:
dist: 1.1778546323389023 vs. 1.1778546323389023
list:
dist: 2.1601719201828384 vs. 2.1601719201828384
list:
dist: 1.176046302504366 vs. 1.176046302504366
list:
dist: 2.992958964102552 vs. 2.992958964102552
list:
dist: 2.838709905717135 vs. 2.838709905717135
list:
dist: 2.6358703980315408 vs. 2.6358703980315408
list:
dist: 2.289213761203022 vs. 2.289213761203022
list:
dist: 2.7337773381042205 vs. 2.7337773381042205
list:
dist: 2.952140110742072 vs. 2.952140110742072
list:
dist: 3.9927378117934342 vs. 3.9927378117934342
list:
dist: 2.0574436669086915 vs. 2.0574436669086915
list:
dist: 2.0501387253575776 vs. 2.0501387253575776
list:
dist: 1.1212113238467796 vs. 1.1212113238467796
list:
dist: 1.579120896166118 vs. 1.579120896166118
list:
dist: 1.561908808047562 vs. 1.561908808047562
list:
dist: 1.0022399778985827 vs. 1.0022399778985827
list:
dist: 1.3120155381109364 vs. 1.3120155381109364
list:
dist: 1.8497444949162232 vs. 1.8497444949162232
list:
dist: 1.3316907809524008 vs. 1.3316907809524008
list:
dist: 1.4089840419514952 vs. 1.4089840419514952
list:
dist: 1.4280370359148964 vs. 1.4280370359148964
list:
dist: 0.34645607372328413 vs. 0.34645607372328413
list:
dist: 1.1445351101706265 vs. 1.1445351101706265
list:
dist: 0.5578065718813197 vs. 0.5578065718813197
list:
dist: 2.331356903494026 vs. 2.331356903494026
list:
dist: 2.2658959489209662 vs. 2.2658959489209662
list:
dist: 2.0646206783121777 vs. 2.0646206783121777
list:
dist: 1.6747217027009451 vs. 1.6747217027009451
list:
dist: 1.8300730376313452 vs. 1.8300730376313452
list:
dist: 1.949953914886194 vs. 1.949953914886194
list:
dist: 3.4504567748516903 vs. 3.4504567748516903
list:
dist: 1.351280012273706 vs. 1.351280012273706
list:
dist: 2.897895344826173 vs. 2.897895344826173
list:
dist: 2.0534702396177305 vs. 2.0534702396177305
list:
dist: 1.4607690966811044 vs. 1.4607690966811044
list:
dist: 3.2055393766627716 vs. 3.2055393766627716
list:
dist: 2.210416789808095 vs. 2.210416789808095
list:
dist: 2.3430009543122505 vs. 2.3430009543122505
list:
dist: 2.5322337764560503 vs. 2.5322337764560503
list:
dist: 3.2456336309163194 vs. 3.2456336309163194
list:
dist: 2.847725849390741 vs. 2.847725849390741
list:
dist: 1.4450031818917237 vs. 1.4450031818917237
list:
dist: 1.6415579880999411 vs. 1.6415579880999411
list:
dist: 3.070938522178411 vs. 3.070938522178411
list:
dist: 2.700702053031531 vs. 2.700702053031531
list:
dist: 2.281238934799202 vs. 2.281238934799202
list:
dist: 2.0096958278763895 vs. 2.0096958278763895
list:
dist: 0.9909091583927605 vs. 0.9909091583927605
list:
dist: 2.7558468680747206 vs. 2.7558468680747206
list:
dist: 3.15589135161399 vs. 3.15589135161399
list:
dist: 1.8497444949162232 vs. 1.8497444949162232
list:
dist: 2.1622038669476424 vs. 2.1622038669476424
list:
dist: 2.8871601561731337 vs. 2.8871601561731337
list:
dist: 1.35454251673799 vs. 1.35454251673799
list:
dist: 3.6778069488554275 vs. 3.6778069488554275
list:
dist: 2.508182933928385 vs. 2.508182933928385
list:
dist: 3.9927378117934342 vs. 3.9927378117934342
list:
dist: 3.0230305638354937 vs. 3.0230305638354937
list:
dist: 3.4692071109950664 vs. 3.4692071109950664
list:
dist: 3.1690173557661354 vs. 3.1690173557661354
list:
dist: 4.145153237395472 vs. 4.145153237395472
list:
dist: 2.8578133732792064 vs. 2.8578133732792064
list:
dist: 2.5809505295269113 vs. 2.5809505295269113
list:
dist: 3.4504567748516903 vs. 3.4504567748516903
list:
dist: 3.1423865740257257 vs. 3.1423865740257257
list:
dist: 2.5874863339025813 vs. 2.5874863339025813
list:
dist: 3.941848865372695 vs. 3.941848865372695
list:
dist: 2.3636071367809737 vs. 2.3636071367809737
list:
dist: 1.6552052056960136 vs. 1.6552052056960136
list:
dist: 1.7557037027903388 vs. 1.7557037027903388
list:
dist: 1.7798518986519487 vs. 1.7798518986519487
list:
dist: 2.008313695710631 vs. 2.008313695710631
list:
dist: 2.19508071428539 vs. 2.19508071428539
list:
dist: 2.336485327784579 vs. 2.336485327784579
list:
dist: 1.6865881894671926 vs. 1.6865881894671926
list:
dist: 2.417952890140301 vs. 2.417952890140301
list:
dist: 3.5094082457860467 vs. 3.5094082457860467
list:
dist: 2.738611067601981 vs. 2.738611067601981
list:
dist: 2.9230392007112886 vs. 2.9230392007112886
list:
dist: 2.302363342520085 vs. 2.302363342520085
list:
dist: 2.6751183785029022 vs. 2.6751183785029022
list:
dist: 2.171597708702895 vs. 2.171597708702895
list:
dist: 1.6018099031893924 vs. 1.6018099031893924
list:
dist: 2.826627769365927 vs. 2.826627769365927
list:
dist: 2.0574436669086915 vs. 2.0574436669086915
list:
dist: 2.032202998326638 vs. 2.032202998326638
list:
dist: 2.2026526866540777 vs. 2.2026526866540777
list:
dist: 1.2984027807218943 vs. 1.2984027807218943
list:
dist: 2.493206303219815 vs. 2.493206303219815
list:
dist: 0.6648403716356143 vs. 0.6648403716356143
list:
dist: 1.2399324467919455 vs. 1.2399324467919455
list:
dist: 1.351280012273706 vs. 1.351280012273706
list:
dist: 1.157614518634838 vs. 1.157614518634838
list:
dist: 0.8034361278624221 vs. 0.8034361278624221
list:
dist: 1.7166580439680121 vs. 1.7166580439680121
list:
dist: 1.099386805885553 vs. 1.099386805885553
list:
dist: 0.9275983728066799 vs. 0.9275983728066799
list:
dist: 1.599206727353405 vs. 1.599206727353405
list:
dist: 0.8157544104204105 vs. 0.8157544104204105
list:
dist: 0.8157000482037189 vs. 0.8157000482037189
list:
dist: 1.2243354302864207 vs. 1.2243354302864207
list:
dist: 2.336485327784579 vs. 2.336485327784579
list:
dist: 2.092176922839835 vs. 2.092176922839835
list:
dist: 1.4290417302822183 vs. 1.4290417302822183
list:
dist: 1.4561591230144342 vs. 1.4561591230144342
list:
dist: 2.073398307307917 vs. 2.073398307307917
list:
dist: 1.2810664363729651 vs. 1.2810664363729651
list:
dist: 1.5148457065313747 vs. 1.5148457065313747
list:
dist: 1.5984423275814499 vs. 1.5984423275814499
list:
dist: 2.144960246555596 vs. 2.144960246555596
list:
dist: 1.639916337180619 vs. 1.639916337180619
list:
dist: 2.60870645787773 vs. 2.60870645787773
list:
dist: 1.9327687927802486 vs. 1.9327687927802486
list:
dist: 0.8706685743021149 vs. 0.8706685743021149
list:
dist: 1.5466858510329466 vs. 1.5466858510329466
list:
dist: 1.2426683937879692 vs. 1.2426683937879692
list:
dist: 1.6621762213131783 vs. 1.6621762213131783
list:
dist: 2.281238934799202 vs. 2.281238934799202
list:
dist: 2.0624090322611344 vs. 2.0624090322611344
list:
dist: 1.5883364172786711 vs. 1.5883364172786711
list:
dist: 1.9798874213934616 vs. 1.9798874213934616
list:
dist: 1.0022399778985827 vs. 1.0022399778985827
list:
dist: 0.8434743805490673 vs. 0.8434743805490673
list:
dist: 1.6148869119736906 vs. 1.6148869119736906
list:
dist: 1.3249540334627898 vs. 1.3249540334627898
list:
dist: 2.240780725572758 vs. 2.240780725572758
list:
dist: 1.991139417992016 vs. 1.991139417992016
list:
dist: 2.0020847734740177 vs. 2.0020847734740177
list:
dist: 1.513248270481929 vs. 1.513248270481929
list:
dist: 2.029483681513244 vs. 2.029483681513244
list:
dist: 2.3322657835187863 vs. 2.3322657835187863
list:
dist: 3.1690173557661354 vs. 3.1690173557661354
list:
dist: 1.2984027807218943 vs. 1.2984027807218943
list:
dist: 3.142867861644897 vs. 3.142867861644897
list:
dist: 1.0836625747964543 vs. 1.0836625747964543
list:
dist: 2.566687391076219 vs. 2.566687391076219
list:
dist: 1.9206026084595336 vs. 1.9206026084595336
list:
dist: 1.9327687927802486 vs. 1.9327687927802486
list:
dist: 1.621994636993091 vs. 1.621994636993091
list:
dist: 1.4450031818917237 vs. 1.4450031818917237
list:
dist: 1.6781697812058285 vs. 1.6781697812058285
list:
dist: 3.1651371931238654 vs. 3.1651371931238654
list:
dist: 3.4408425062162094 vs. 3.4408425062162094
list:
dist: 2.0501387253575776 vs. 2.0501387253575776
list:
dist: 2.190925533378122 vs. 2.190925533378122
list:
dist: 3.1729485048583013 vs. 3.1729485048583013
list:
dist: 1.8870074535884964 vs. 1.8870074535884964
list:
dist: 3.6778069488554275 vs. 3.6778069488554275
list:
dist: 3.0833215687258564 vs. 3.0833215687258564
list:
dist: 1.4937197993528222 vs. 1.4937197993528222
list:
dist: 0.7903948086770435 vs. 0.7903948086770435
list:
dist: 2.0534702396177305 vs. 2.0534702396177305
list:
dist: 1.9393769942929 vs. 1.9393769942929
list:
dist: 0.9420082839304625 vs. 0.9420082839304625
list:
dist: 2.368710607217332 vs. 2.368710607217332
list:
dist: 1.710244313400457 vs. 1.710244313400457
list:
dist: 1.7063241860741258 vs. 1.7063241860741258
list:
dist: 1.7907347140643703 vs. 1.7907347140643703
list:
dist: 1.507988060594362 vs. 1.507988060594362
list:
dist: 0.7176771676393048 vs. 0.7176771676393048
list:
dist: 0.2828303179969148 vs. 0.2828303179969148
list:
dist: 2.417952890140301 vs. 2.417952890140301
list:
dist: 1.4290417302822183 vs. 1.4290417302822183
list:
dist: 1.164256679728607 vs. 1.164256679728607
list:
dist: 1.437774928987744 vs. 1.437774928987744
list:
dist: 1.9599493883639028 vs. 1.9599493883639028
list:
dist: 1.656609272727069 vs. 1.656609272727069
list:
dist: 0.40980020632592085 vs. 0.40980020632592085
list:
dist: 1.1117309409920255 vs. 1.1117309409920255
list:
dist: 1.4375183800474314 vs. 1.4375183800474314
list:
dist: 1.2903148138394493 vs. 1.2903148138394493
list:
dist: 2.992958964102552 vs. 2.992958964102552
list:
dist: 3.1074364614498657 vs. 3.1074364614498657
list:
dist: 3.2678430079570693 vs. 3.2678430079570693
list:
dist: 2.240780725572758 vs. 2.240780725572758
list:
dist: 3.5624907105498234 vs. 3.5624907105498234
list:
dist: 4.203334340223939 vs. 4.203334340223939
list:
dist: 0.9949797894188922 vs. 0.9949797894188922
list:
dist: 2.000345475924834 vs. 2.000345475924834
list:
dist: 2.331356903494026 vs. 2.331356903494026
list:
dist: 2.2119013653628614 vs. 2.2119013653628614
list:
dist: 1.6435653144224756 vs. 1.6435653144224756
list:
dist: 2.5477482483295804 vs. 2.5477482483295804
list:
dist: 0.8366088244043687 vs. 0.8366088244043687
list:
dist: 2.4039971811094976 vs. 2.4039971811094976
list:
dist: 1.6392034618339282 vs. 1.6392034618339282
list:
dist: 1.1904547871481357 vs. 1.1904547871481357
list:
dist: 1.590081507912331 vs. 1.590081507912331
list:
dist: 2.3636071367809737 vs. 2.3636071367809737
list:
dist: 1.099386805885553 vs. 1.099386805885553
list:
dist: 3.6394849344745985 vs. 3.6394849344745985
list:
dist: 4.144848114188989 vs. 4.144848114188989
list:
dist: 1.710244313400457 vs. 1.710244313400457
list:
dist: 1.774772732753874 vs. 1.774772732753874
list:
dist: 1.0960685868794557 vs. 1.0960685868794557
list:
dist: 0.6563848530496812 vs. 0.6563848530496812
list:
dist: 1.5169056218286014 vs. 1.5169056218286014
list:
dist: 1.109472380779068 vs. 1.109472380779068
list:
dist: 1.594751897459422 vs. 1.594751897459422
list:
dist: 1.2500532794057955 vs. 1.2500532794057955
list:
dist: 1.5685347363767501 vs. 1.5685347363767501
list:
dist: 2.289213761203022 vs. 2.289213761203022
list:
dist: 1.6086330253307028 vs. 1.6086330253307028
list:
dist: 1.9711741843981432 vs. 1.9711741843981432
list:
dist: 1.513248270481929 vs. 1.513248270481929
list:
dist: 2.472006188834302 vs. 2.472006188834302
list:
dist: 1.4614623703995937 vs. 1.4614623703995937
list:
dist: 1.20252763687663 vs. 1.20252763687663
list:
dist: 1.6747217027009451 vs. 1.6747217027009451
list:
dist: 1.3632984176672571 vs. 1.3632984176672571
list:
dist: 1.0302130350874723 vs. 1.0302130350874723
list:
dist: 2.180504681139861 vs. 2.180504681139861
list:
dist: 1.6392034618339282 vs. 1.6392034618339282
list:
dist: 1.0258262378495016 vs. 1.0258262378495016
list:
dist: 0.8221373800410455 vs. 0.8221373800410455
list:
dist: 0.9238095461806299 vs. 0.9238095461806299
list:
dist: 1.2319308186381779 vs. 1.2319308186381779
list:
dist: 1.7798518986519487 vs. 1.7798518986519487
list:
dist: 0.8157544104204105 vs. 0.8157544104204105
list:
dist: 1.714771486951056 vs. 1.714771486951056
list:
dist: 1.507988060594362 vs. 1.507988060594362
list:
dist: 2.0816175473981815 vs. 2.0816175473981815
list:
dist: 2.505198143979089 vs. 2.505198143979089
list:
dist: 1.976764108463827 vs. 1.976764108463827
list:
dist: 1.6412366035583013 vs. 1.6412366035583013
list:
dist: 2.0271214379456013 vs. 2.0271214379456013
list:
dist: 2.251691648149607 vs. 2.251691648149607
list:
dist: 1.6314197618144484 vs. 1.6314197618144484
list:
dist: 2.9651882655656374 vs. 2.9651882655656374
list:
dist: 2.7337773381042205 vs. 2.7337773381042205
list:
dist: 2.289604790551948 vs. 2.289604790551948
list:
dist: 2.6858372991838784 vs. 2.6858372991838784
list:
dist: 2.029483681513244 vs. 2.029483681513244
list:
dist: 2.8937075630811724 vs. 2.8937075630811724
list:
dist: 1.089009771072627 vs. 1.089009771072627
list:
dist: 0.906781757174388 vs. 0.906781757174388
list:
dist: 1.8300730376313452 vs. 1.8300730376313452
list:
dist: 1.6440919890129575 vs. 1.6440919890129575
list:
dist: 0.7507924475805666 vs. 0.7507924475805666
list:
dist: 2.208086307060083 vs. 2.208086307060083
list:
dist: 1.1904547871481357 vs. 1.1904547871481357
list:
dist: 1.0164355477960552 vs. 1.0164355477960552
list:
dist: 1.466079107551782 vs. 1.466079107551782
list:
dist: 0.9238095461806299 vs. 0.9238095461806299
list:
dist: 0.4817398851248928 vs. 0.4817398851248928
list:
dist: 2.008313695710631 vs. 2.008313695710631
list:
dist: 0.8157000482037189 vs. 0.8157000482037189
list:
dist: 1.3337817617088634 vs. 1.3337817617088634
list:
dist: 0.7176771676393048 vs. 0.7176771676393048
list:
dist: 1.509105882899276 vs. 1.509105882899276
list:
dist: 1.7834972290683384 vs. 1.7834972290683384
list:
dist: 1.3529975598910209 vs. 1.3529975598910209
list:
dist: 0.7572321883955077 vs. 0.7572321883955077
list:
dist: 1.1419937259553206 vs. 1.1419937259553206
list:
dist: 1.4862918207257265 vs. 1.4862918207257265
list:
dist: 1.0363893576659706 vs. 1.0363893576659706
list:
dist: 2.6073410441129696 vs. 2.6073410441129696
list:
dist: 2.190925533378122 vs. 2.190925533378122
list:
dist: 1.1778546323389023 vs. 1.1778546323389023
list:
dist: 1.3243263100116007 vs. 1.3243263100116007
list:
dist: 1.3746679061280096 vs. 1.3746679061280096
list:
dist: 0.8434743805490673 vs. 0.8434743805490673
list:
dist: 1.3522016657987475 vs. 1.3522016657987475
list:
dist: 2.1622038669476424 vs. 2.1622038669476424
list:
dist: 1.634620756041017 vs. 1.634620756041017
list:
dist: 1.3758302130741384 vs. 1.3758302130741384
list:
dist: 1.2861817064443093 vs. 1.2861817064443093
list:
dist: 0.34645607372328413 vs. 0.34645607372328413
list:
dist: 1.0029849538984204 vs. 1.0029849538984204
list:
dist: 0.8974719659362481 vs. 0.8974719659362481
list:
dist: 2.2119013653628614 vs. 2.2119013653628614
list:
dist: 2.035193874383388 vs. 2.035193874383388
list:
dist: 1.7405968607305329 vs. 1.7405968607305329
list:
dist: 1.3632984176672571 vs. 1.3632984176672571
list:
dist: 1.6440919890129575 vs. 1.6440919890129575
list:
dist: 1.795540605317978 vs. 1.795540605317978
list:
dist: 3.1423865740257257 vs. 3.1423865740257257
list:
dist: 1.157614518634838 vs. 1.157614518634838
list:
dist: 2.679831143980245 vs. 2.679831143980245
list:
dist: 1.9393769942929 vs. 1.9393769942929
list:
dist: 1.5911983103275498 vs. 1.5911983103275498
list:
dist: 3.125089525301206 vs. 3.125089525301206
list:
dist: 2.1856385975102586 vs. 2.1856385975102586
list:
dist: 2.2244350488172002 vs. 2.2244350488172002
list:
dist: 2.4724799828690656 vs. 2.4724799828690656
list:
dist: 3.1059570710688744 vs. 3.1059570710688744
list:
dist: 2.6550177447726693 vs. 2.6550177447726693
list:
dist: 3.1729485048583013 vs. 3.1729485048583013
list:
dist: 2.1601719201828384 vs. 2.1601719201828384
list:
dist: 1.8371503934581352 vs. 1.8371503934581352
list:
dist: 2.193763603164141 vs. 2.193763603164141
list:
dist: 1.6148869119736906 vs. 1.6148869119736906
list:
dist: 2.2080550781014106 vs. 2.2080550781014106
list:
dist: 2.8871601561731337 vs. 2.8871601561731337
list:
dist: 2.321024249176873 vs. 2.321024249176873
list:
dist: 0.9976035964838437 vs. 0.9976035964838437
list:
dist: 0.48718608671531194 vs. 0.48718608671531194
list:
dist: 1.1445351101706265 vs. 1.1445351101706265
list:
dist: 1.0029849538984204 vs. 1.0029849538984204
list:
dist: 1.5358098430779623 vs. 1.5358098430779623
list:
dist: 1.6435653144224756 vs. 1.6435653144224756
list:
dist: 1.537143845883663 vs. 1.537143845883663
list:
dist: 1.482634223267736 vs. 1.482634223267736
list:
dist: 1.0302130350874723 vs. 1.0302130350874723
list:
dist: 0.7507924475805666 vs. 0.7507924475805666
list:
dist: 0.8072092933646279 vs. 0.8072092933646279
list:
dist: 2.5874863339025813 vs. 2.5874863339025813
list:
dist: 0.8034361278624221 vs. 0.8034361278624221
list:
dist: 1.8030075606169946 vs. 1.8030075606169946
list:
dist: 0.9420082839304625 vs. 0.9420082839304625
list:
dist: 1.1500334643400145 vs. 1.1500334643400145
list:
dist: 2.3469374869891113 vs. 2.3469374869891113
list:
dist: 1.6079183760457914 vs. 1.6079183760457914
list:
dist: 1.2256973706812297 vs. 1.2256973706812297
list:
dist: 1.5892006970149124 vs. 1.5892006970149124
list:
dist: 2.156530862786546 vs. 2.156530862786546
list:
dist: 1.7829427439147312 vs. 1.7829427439147312
list:
dist: 2.6358703980315408 vs. 2.6358703980315408
list:
dist: 1.3369103906020738 vs. 1.3369103906020738
list:
dist: 1.9399153771310138 vs. 1.9399153771310138
list:
dist: 2.0020847734740177 vs. 2.0020847734740177
list:
dist: 2.4733474226401446 vs. 2.4733474226401446
list:
dist: 2.2061666562748137 vs. 2.2061666562748137
list:
dist: 1.380324906585224 vs. 1.380324906585224
list:
dist: 2.0646206783121777 vs. 2.0646206783121777
list:
dist: 1.7405968607305329 vs. 1.7405968607305329
list:
dist: 1.482634223267736 vs. 1.482634223267736
list:
dist: 2.615364546705859 vs. 2.615364546705859
list:
dist: 2.4039971811094976 vs. 2.4039971811094976
list:
dist: 1.7414171994375414 vs. 1.7414171994375414
list:
dist: 0.8221373800410455 vs. 0.8221373800410455
list:
dist: 1.466079107551782 vs. 1.466079107551782
list:
dist: 1.5428204905379936 vs. 1.5428204905379936
list:
dist: 1.7557037027903388 vs. 1.7557037027903388
list:
dist: 1.599206727353405 vs. 1.599206727353405
list:
dist: 1.60891017895871 vs. 1.60891017895871
list:
dist: 1.7907347140643703 vs. 1.7907347140643703
list:
dist: 2.631750801081174 vs. 2.631750801081174
list:
dist: 3.1393073995093888 vs. 3.1393073995093888
list:
dist: 2.7231130784850652 vs. 2.7231130784850652
list:
dist: 1.995489904660748 vs. 1.995489904660748
list:
dist: 2.592030060040091 vs. 2.592030060040091
list:
dist: 2.634339794483253 vs. 2.634339794483253
list:
dist: 2.0504426867601184 vs. 2.0504426867601184
list:
dist: 3.6463799914605977 vs. 3.6463799914605977
list:
dist: 2.566687391076219 vs. 2.566687391076219
list:
dist: 1.7542317326969963 vs. 1.7542317326969963
list:
dist: 0.7706413893631809 vs. 0.7706413893631809
list:
dist: 1.5466858510329466 vs. 1.5466858510329466
list:
dist: 1.2896551224508213 vs. 1.2896551224508213
list:
dist: 3.070938522178411 vs. 3.070938522178411
list:
dist: 2.3810776857548333 vs. 2.3810776857548333
list:
dist: 2.520765164879006 vs. 2.520765164879006
list:
dist: 1.8220747677287539 vs. 1.8220747677287539
list:
dist: 1.579120896166118 vs. 1.579120896166118
list:
dist: 1.3243263100116007 vs. 1.3243263100116007
list:
dist: 1.8371503934581352 vs. 1.8371503934581352
list:
dist: 2.076934042795314 vs. 2.076934042795314
list:
dist: 3.1074364614498657 vs. 3.1074364614498657
list:
dist: 2.5957465809130817 vs. 2.5957465809130817
list:
dist: 1.3369103906020738 vs. 1.3369103906020738
list:
dist: 1.6086330253307028 vs. 1.6086330253307028
list:
dist: 2.289604790551948 vs. 2.289604790551948
list:
dist: 2.3629066257035007 vs. 2.3629066257035007
list:
dist: 3.0230305638354937 vs. 3.0230305638354937
list:
dist: 2.032202998326638 vs. 2.032202998326638
list:
dist: 2.7911139133805474 vs. 2.7911139133805474
list:
dist: 1.5351967303080063 vs. 1.5351967303080063
list:
dist: 1.1704113890242378 vs. 1.1704113890242378
list:
dist: 2.3430009543122505 vs. 2.3430009543122505
list:
dist: 2.2244350488172002 vs. 2.2244350488172002
list:
dist: 1.2256973706812297 vs. 1.2256973706812297
list:
dist: 2.6383779078566962 vs. 2.6383779078566962
list:
dist: 1.5169056218286014 vs. 1.5169056218286014
list:
dist: 1.5928365146438723 vs. 1.5928365146438723
list:
dist: 1.995489904660748 vs. 1.995489904660748
list:
dist: 1.6412366035583013 vs. 1.6412366035583013
list:
dist: 0.7572321883955077 vs. 0.7572321883955077
list:
dist: 0.5130005324100761 vs. 0.5130005324100761
list:
dist: 2.302363342520085 vs. 2.302363342520085
list:
dist: 1.5148457065313747 vs. 1.5148457065313747
list:
dist: 1.1387876237919823 vs. 1.1387876237919823
list:
dist: 0.40980020632592085 vs. 0.40980020632592085
list:
dist: 1.5840095379484833 vs. 1.5840095379484833
list:
dist: 1.6014837806504068 vs. 1.6014837806504068
list:
dist: 1.4972472796418694 vs. 1.4972472796418694
list:
dist: 0.8091317806347273 vs. 0.8091317806347273
list:
dist: 1.0343101339212357 vs. 1.0343101339212357
list:
dist: 0.9719160434424589 vs. 0.9719160434424589
list:
dist: 2.723224115404835 vs. 2.723224115404835
list:
dist: 1.3452123649834387 vs. 1.3452123649834387
list:
dist: 1.741940604900832 vs. 1.741940604900832
list:
dist: 2.5322337764560503 vs. 2.5322337764560503
list:
dist: 2.4724799828690656 vs. 2.4724799828690656
list:
dist: 1.5892006970149124 vs. 1.5892006970149124
list:
dist: 2.7072999297258593 vs. 2.7072999297258593
list:
dist: 1.109472380779068 vs. 1.109472380779068
list:
dist: 1.5992231998350417 vs. 1.5992231998350417
list:
dist: 2.592030060040091 vs. 2.592030060040091
list:
dist: 2.0271214379456013 vs. 2.0271214379456013
list:
dist: 1.1419937259553206 vs. 1.1419937259553206
list:
dist: 1.1864262978908953 vs. 1.1864262978908953
list:
dist: 2.6751183785029022 vs. 2.6751183785029022
list:
dist: 1.5984423275814499 vs. 1.5984423275814499
list:
dist: 1.864478551350045 vs. 1.864478551350045
list:
dist: 1.1117309409920255 vs. 1.1117309409920255
list:
dist: 1.4646504296215899 vs. 1.4646504296215899
list:
dist: 0.9235771228323442 vs. 0.9235771228323442
list:
dist: 0.9012171672719419 vs. 0.9012171672719419
list:
dist: 0.8091317806347273 vs. 0.8091317806347273
list:
dist: 0.9871693869822042 vs. 0.9871693869822042
list:
dist: 1.1134065276669847 vs. 1.1134065276669847
list:
dist: 2.1777902280318773 vs. 2.1777902280318773
list:
dist: 2.1456113264119536 vs. 2.1456113264119536
list:
dist: 2.1680028991238887 vs. 2.1680028991238887
list:
dist: 3.2456336309163194 vs. 3.2456336309163194
list:
dist: 3.1059570710688744 vs. 3.1059570710688744
list:
dist: 2.156530862786546 vs. 2.156530862786546
list:
dist: 3.5259825597476047 vs. 3.5259825597476047
list:
dist: 1.594751897459422 vs. 1.594751897459422
list:
dist: 1.7576278723141934 vs. 1.7576278723141934
list:
dist: 2.634339794483253 vs. 2.634339794483253
list:
dist: 2.251691648149607 vs. 2.251691648149607
list:
dist: 1.4862918207257265 vs. 1.4862918207257265
list:
dist: 1.4680835894664581 vs. 1.4680835894664581
list:
dist: 2.171597708702895 vs. 2.171597708702895
list:
dist: 2.144960246555596 vs. 2.144960246555596
list:
dist: 1.4642733891224093 vs. 1.4642733891224093
list:
dist: 1.4375183800474314 vs. 1.4375183800474314
list:
dist: 2.383908234181822 vs. 2.383908234181822
list:
dist: 1.0989016341679998 vs. 1.0989016341679998
list:
dist: 1.7316722577894361 vs. 1.7316722577894361
list:
dist: 1.0343101339212357 vs. 1.0343101339212357
list:
dist: 0.9871693869822042 vs. 0.9871693869822042
list:
dist: 0.6971611617173868 vs. 0.6971611617173868
list:
dist: 2.1410396651115686 vs. 2.1410396651115686
list:
dist: 1.8395558807261532 vs. 1.8395558807261532
list:
dist: 2.5647905879895787 vs. 2.5647905879895787
list:
dist: 3.2055393766627716 vs. 3.2055393766627716
list:
dist: 3.125089525301206 vs. 3.125089525301206
list:
dist: 2.3469374869891113 vs. 2.3469374869891113
list:
dist: 3.3644221343602934 vs. 3.3644221343602934
list:
dist: 1.0960685868794557 vs. 1.0960685868794557
list:
dist: 1.7119340167306563 vs. 1.7119340167306563
list:
dist: 3.1393073995093888 vs. 3.1393073995093888
list:
dist: 2.505198143979089 vs. 2.505198143979089
list:
dist: 1.7834972290683384 vs. 1.7834972290683384
list:
dist: 1.9688139683495343 vs. 1.9688139683495343
list:
dist: 2.738611067601981 vs. 2.738611067601981
list:
dist: 2.073398307307917 vs. 2.073398307307917
list:
dist: 3.7938571086969386 vs. 3.7938571086969386
list:
dist: 4.463199846514552 vs. 4.463199846514552
list:
dist: 1.9599493883639028 vs. 1.9599493883639028
list:
dist: 2.213230151835789 vs. 2.213230151835789
list:
dist: 1.1101642307667936 vs. 1.1101642307667936
list:
dist: 1.6014837806504068 vs. 1.6014837806504068
list:
dist: 0.9235771228323442 vs. 0.9235771228323442
list:
dist: 1.0989016341679998 vs. 1.0989016341679998
list:
dist: 1.2875400224374 vs. 1.2875400224374
list:
dist: 1.3636890576618417 vs. 1.3636890576618417
list:
dist: 2.7911139133805474 vs. 2.7911139133805474
list:
dist: 3.417381950330007 vs. 3.417381950330007
list:
dist: 3.142867861644897 vs. 3.142867861644897
list:
dist: 3.6541971867102165 vs. 3.6541971867102165
list:
dist: 1.5428976893121713 vs. 1.5428976893121713
list:
dist: 2.897895344826173 vs. 2.897895344826173
list:
dist: 2.679831143980245 vs. 2.679831143980245
list:
dist: 1.8030075606169946 vs. 1.8030075606169946
list:
dist: 3.3282773185288623 vs. 3.3282773185288623
list:
dist: 1.9317509403359774 vs. 1.9317509403359774
list:
dist: 1.60891017895871 vs. 1.60891017895871
list:
dist: 1.714771486951056 vs. 1.714771486951056
list:
dist: 1.3337817617088634 vs. 1.3337817617088634
list:
dist: 1.0936045945304989 vs. 1.0936045945304989
list:
dist: 1.6865881894671926 vs. 1.6865881894671926
list:
dist: 2.092176922839835 vs. 2.092176922839835
list:
dist: 1.164256679728607 vs. 1.164256679728607
list:
dist: 2.5883363929871273 vs. 2.5883363929871273
list:
dist: 1.1387876237919823 vs. 1.1387876237919823
list:
dist: 1.864478551350045 vs. 1.864478551350045
list:
dist: 1.4642733891224093 vs. 1.4642733891224093
list:
dist: 1.2306695993028385 vs. 1.2306695993028385
list:
dist: 2.952140110742072 vs. 2.952140110742072
list:
dist: 2.3629066257035007 vs. 2.3629066257035007
list:
dist: 2.8499176511816 vs. 2.8499176511816
list:
dist: 2.3322657835187863 vs. 2.3322657835187863
list:
dist: 2.9333000171002976 vs. 2.9333000171002976
list:
dist: 1.3995431151710136 vs. 1.3995431151710136
list:
dist: 0.7022989136705657 vs. 0.7022989136705657
list:
dist: 1.949953914886194 vs. 1.949953914886194
list:
dist: 1.795540605317978 vs. 1.795540605317978
list:
dist: 0.8072092933646279 vs. 0.8072092933646279
list:
dist: 2.3129318473307845 vs. 2.3129318473307845
list:
dist: 1.590081507912331 vs. 1.590081507912331
list:
dist: 1.477692239501812 vs. 1.477692239501812
list:
dist: 1.5428204905379936 vs. 1.5428204905379936
list:
dist: 1.2319308186381779 vs. 1.2319308186381779
list:
dist: 0.4817398851248928 vs. 0.4817398851248928
list:
dist: 2.19508071428539 vs. 2.19508071428539
list:
dist: 1.2243354302864207 vs. 1.2243354302864207
list:
dist: 1.0936045945304989 vs. 1.0936045945304989
list:
dist: 0.2828303179969148 vs. 0.2828303179969148
list:
dist: 1.51116157803073 vs. 1.51116157803073
list:
dist: 1.9688139683495343 vs. 1.9688139683495343
list:
dist: 1.629699295921154 vs. 1.629699295921154
list:
dist: 0.5130005324100761 vs. 0.5130005324100761
list:
dist: 1.1864262978908953 vs. 1.1864262978908953
list:
dist: 1.4680835894664581 vs. 1.4680835894664581
list:
dist: 1.1825358752104975 vs. 1.1825358752104975
list:
dist: 2.953498611758307 vs. 2.953498611758307
list:
dist: 2.838709905717135 vs. 2.838709905717135
list:
dist: 2.5957465809130817 vs. 2.5957465809130817
list:
dist: 2.816781763676493 vs. 2.816781763676493
list:
dist: 1.991139417992016 vs. 1.991139417992016
list:
dist: 3.313652595997673 vs. 3.313652595997673
list:
dist: 1.3205021769727165 vs. 1.3205021769727165
list:
dist: 1.8280291712973074 vs. 1.8280291712973074
list:
dist: 2.2658959489209662 vs. 2.2658959489209662
list:
dist: 2.035193874383388 vs. 2.035193874383388
list:
dist: 1.537143845883663 vs. 1.537143845883663
list:
dist: 2.637198947482129 vs. 2.637198947482129
list:
dist: 0.8366088244043687 vs. 0.8366088244043687
list:
dist: 1.7414171994375414 vs. 1.7414171994375414
list:
dist: 1.0258262378495016 vs. 1.0258262378495016
list:
dist: 1.0164355477960552 vs. 1.0164355477960552
list:
dist: 1.477692239501812 vs. 1.477692239501812
list:
dist: 1.6552052056960136 vs. 1.6552052056960136
list:
dist: 0.9275983728066799 vs. 0.9275983728066799
list:
dist: 1.9317509403359774 vs. 1.9317509403359774
list:
dist: 1.7063241860741258 vs. 1.7063241860741258
list:
dist: 2.167947254531638 vs. 2.167947254531638
list:
dist: 1.7119340167306563 vs. 1.7119340167306563
list:
dist: 1.4174320170600985 vs. 1.4174320170600985
list:
dist: 1.5928365146438723 vs. 1.5928365146438723
list:
dist: 1.5992231998350417 vs. 1.5992231998350417
list:
dist: 1.7576278723141934 vs. 1.7576278723141934
list:
dist: 1.1303926435693894 vs. 1.1303926435693894
list:
dist: 1.9431903207084467 vs. 1.9431903207084467
list:
dist: 0.81564275884178 vs. 0.81564275884178
list:
dist: 1.9711621035916367 vs. 1.9711621035916367
list:
dist: 2.210416789808095 vs. 2.210416789808095
list:
dist: 2.1856385975102586 vs. 2.1856385975102586
list:
dist: 1.6079183760457914 vs. 1.6079183760457914
list:
dist: 2.303217470991581 vs. 2.303217470991581
list:
dist: 0.6563848530496812 vs. 0.6563848530496812
list:
dist: 1.4174320170600985 vs. 1.4174320170600985
list:
dist: 2.7231130784850652 vs. 2.7231130784850652
list:
dist: 1.976764108463827 vs. 1.976764108463827
list:
dist: 1.3529975598910209 vs. 1.3529975598910209
list:
dist: 1.629699295921154 vs. 1.629699295921154
list:
dist: 2.9230392007112886 vs. 2.9230392007112886
list:
dist: 1.2810664363729651 vs. 1.2810664363729651
list:
dist: 3.692785058849013 vs. 3.692785058849013
list:
dist: 4.268735195512691 vs. 4.268735195512691
list:
dist: 1.656609272727069 vs. 1.656609272727069
list:
dist: 1.3069117860170283 vs. 1.3069117860170283
list:
dist: 1.1101642307667936 vs. 1.1101642307667936
list:
dist: 1.4972472796418694 vs. 1.4972472796418694
list:
dist: 0.9012171672719419 vs. 0.9012171672719419
list:
dist: 1.7316722577894361 vs. 1.7316722577894361
list:
dist: 1.598678906807264 vs. 1.598678906807264
list:
dist: 1.9213112197969162 vs. 1.9213112197969162
list:
dist: 1.7722502906781457 vs. 1.7722502906781457
list:
dist: 1.7665266529212968 vs. 1.7665266529212968
list:
dist: 1.8782059594645557 vs. 1.8782059594645557
list:
dist: 1.718455031855561 vs. 1.718455031855561
list:
dist: 2.8774379944063613 vs. 2.8774379944063613
list:
dist: 3.3558146384248806 vs. 3.3558146384248806
list:
dist: 2.2855445685873823 vs. 2.2855445685873823
list:
dist: 2.2600409844558342 vs. 2.2600409844558342
list:
dist: 1.2385857310242603 vs. 1.2385857310242603
list:
dist: 2.9921397055116006 vs. 2.9921397055116006
list:
dist: 2.9775747586754466 vs. 2.9775747586754466
list:
dist: 2.0657778457799045 vs. 2.0657778457799045
list:
dist: 1.3712013490227977 vs. 1.3712013490227977
list:
dist: 1.9862807032115335 vs. 1.9862807032115335
list:
dist: 1.4086993341416885 vs. 1.4086993341416885
list:
dist: 2.4778406693426756 vs. 2.4778406693426756
list:
dist: 1.9391627385149925 vs. 1.9391627385149925
list:
dist: 2.6145257192478932 vs. 2.6145257192478932
list:
dist: 1.5397779540882368 vs. 1.5397779540882368
list:
dist: 2.936227115771432 vs. 2.936227115771432
list:
dist: 2.2686376336361413 vs. 2.2686376336361413
list:
dist: 3.4662004804797335 vs. 3.4662004804797335
list:
dist: 2.301784256347285 vs. 2.301784256347285
list:
dist: 3.2064016029462037 vs. 3.2064016029462037
list:
dist: 2.5564926933165264 vs. 2.5564926933165264
list:
dist: 3.2029872699501403 vs. 3.2029872699501403
list:
dist: 1.7698503842805833 vs. 1.7698503842805833
list:
dist: 1.8386547802479218 vs. 1.8386547802479218
list:
dist: 1.5225984570656124 vs. 1.5225984570656124
list:
dist: 1.2031354253434747 vs. 1.2031354253434747
list:
dist: 1.9862807032115335 vs. 1.9862807032115335
list:
dist: 3.1924126018955503 vs. 3.1924126018955503
list:
dist: 3.324516649837126 vs. 3.324516649837126
list:
dist: 1.434370095699353 vs. 1.434370095699353
list:
dist: 2.7364756944257564 vs. 2.7364756944257564
list:
dist: 2.4957902622732155 vs. 2.4957902622732155
list:
dist: 2.0705472822062587 vs. 2.0705472822062587
list:
dist: 1.070469487019671 vs. 1.070469487019671
list:
dist: 1.7668176898968704 vs. 1.7668176898968704
list:
dist: 1.0092626792886765 vs. 1.0092626792886765
list:
dist: 1.9247548690086858 vs. 1.9247548690086858
list:
dist: 2.162495596713063 vs. 2.162495596713063
list:
dist: 2.962201543387824 vs. 2.962201543387824
list:
dist: 2.147093913396331 vs. 2.147093913396331
list:
dist: 2.1075168718114723 vs. 2.1075168718114723
list:
dist: 2.742345452806977 vs. 2.742345452806977
list:
dist: 1.8782059594645557 vs. 1.8782059594645557
list:
dist: 1.7101646531339882 vs. 1.7101646531339882
list:
dist: 0.3905091901256667 vs. 0.3905091901256667
list:
dist: 1.2449163646349524 vs. 1.2449163646349524
list:
dist: 1.7698503842805833 vs. 1.7698503842805833
list:
dist: 3.483096857557732 vs. 3.483096857557732
list:
dist: 3.1046594576359543 vs. 3.1046594576359543
list:
dist: 2.672410849014618 vs. 2.672410849014618
list:
dist: 0.8507810584138107 vs. 0.8507810584138107
list:
dist: 1.551867683892178 vs. 1.551867683892178
list:
dist: 2.291081618501566 vs. 2.291081618501566
list:
dist: 2.2814498246291994 vs. 2.2814498246291994
list:
dist: 2.321945955900138 vs. 2.321945955900138
list:
dist: 2.215672247928135 vs. 2.215672247928135
list:
dist: 2.1039040785260523 vs. 2.1039040785260523
list:
dist: 3.124743366827368 vs. 3.124743366827368
list:
dist: 3.4516640295861847 vs. 3.4516640295861847
list:
dist: 2.2600409844558342 vs. 2.2600409844558342
list:
dist: 2.5230356724143137 vs. 2.5230356724143137
list:
dist: 0.8507810584138107 vs. 0.8507810584138107
list:
dist: 0.8826831176880846 vs. 0.8826831176880846
list:
dist: 1.582249368289063 vs. 1.582249368289063
list:
dist: 1.434370095699353 vs. 1.434370095699353
list:
dist: 3.0065737246999227 vs. 3.0065737246999227
list:
dist: 2.3608078890208493 vs. 2.3608078890208493
list:
dist: 2.2605669205588708 vs. 2.2605669205588708
list:
dist: 1.4535367280576514 vs. 1.4535367280576514
list:
dist: 1.5574037593293315 vs. 1.5574037593293315
list:
dist: 1.7128781292295638 vs. 1.7128781292295638
list:
dist: 1.707670817602146 vs. 1.707670817602146
list:
dist: 1.3678169939404714 vs. 1.3678169939404714
list:
dist: 1.3861557131828002 vs. 1.3861557131828002
list:
dist: 2.342272440240721 vs. 2.342272440240721
list:
dist: 1.9260486598052668 vs. 1.9260486598052668
list:
dist: 2.679939018018596 vs. 2.679939018018596
list:
dist: 2.317151162670762 vs. 2.317151162670762
list:
dist: 2.8172397851065134 vs. 2.8172397851065134
list:
dist: 2.9572579634956013 vs. 2.9572579634956013
list:
dist: 2.7050829256830724 vs. 2.7050829256830724
list:
dist: 2.3783333855600635 vs. 2.3783333855600635
list:
dist: 2.4224213904968552 vs. 2.4224213904968552
list:
dist: 1.710998605907794 vs. 1.710998605907794
list:
dist: 1.260075300294604 vs. 1.260075300294604
list:
dist: 1.7665266529212968 vs. 1.7665266529212968
list:
dist: 1.7101646531339882 vs. 1.7101646531339882
list:
dist: 1.6755191578412227 vs. 1.6755191578412227
list:
dist: 2.3369419098441693 vs. 2.3369419098441693
list:
dist: 3.2029872699501403 vs. 3.2029872699501403
list:
dist: 4.4275799455546 vs. 4.4275799455546
list:
dist: 4.501774462426793 vs. 4.501774462426793
list:
dist: 3.5684427705949147 vs. 3.5684427705949147
list:
dist: 2.5230356724143137 vs. 2.5230356724143137
list:
dist: 2.3757183465855753 vs. 2.3757183465855753
list:
dist: 3.8640861353193383 vs. 3.8640861353193383
list:
dist: 3.5014409207000328 vs. 3.5014409207000328
list:
dist: 3.964338735261465 vs. 3.964338735261465
list:
dist: 3.881994854122699 vs. 3.881994854122699
list:
dist: 3.7581910114049184 vs. 3.7581910114049184
list:
dist: 4.745441957586379 vs. 4.745441957586379
list:
dist: 2.174972937498017 vs. 2.174972937498017
list:
dist: 2.3369419098441693 vs. 2.3369419098441693
list:
dist: 1.2449163646349524 vs. 1.2449163646349524
list:
dist: 1.573437267791522 vs. 1.573437267791522
list:
dist: 1.9216095133290974 vs. 1.9216095133290974
list:
dist: 2.0657778457799045 vs. 2.0657778457799045
list:
dist: 1.5225984570656124 vs. 1.5225984570656124
list:
dist: 3.881437711395901 vs. 3.881437711395901
list:
dist: 3.7910911768458555 vs. 3.7910911768458555
list:
dist: 1.582249368289063 vs. 1.582249368289063
list:
dist: 2.7671941330317877 vs. 2.7671941330317877
list:
dist: 2.828046644992796 vs. 2.828046644992796
list:
dist: 3.0604105349376622 vs. 3.0604105349376622
list:
dist: 2.0392648129673634 vs. 2.0392648129673634
list:
dist: 2.589864960080997 vs. 2.589864960080997
list:
dist: 2.12913516408267 vs. 2.12913516408267
list:
dist: 3.225431630358431 vs. 3.225431630358431
list:
dist: 3.011131712060344 vs. 3.011131712060344
list:
dist: 1.7722502906781457 vs. 1.7722502906781457
list:
dist: 1.260075300294604 vs. 1.260075300294604
list:
dist: 2.742345452806977 vs. 2.742345452806977
list:
dist: 2.617279150134276 vs. 2.617279150134276
list:
dist: 4.556562318616959 vs. 4.556562318616959
list:
dist: 5.008818834713277 vs. 5.008818834713277
list:
dist: 3.8015451037693873 vs. 3.8015451037693873
list:
dist: 3.4516640295861847 vs. 3.4516640295861847
list:
dist: 2.772459756769797 vs. 2.772459756769797
list:
dist: 4.58466811194199 vs. 4.58466811194199
list:
dist: 4.151480822503298 vs. 4.151480822503298
list:
dist: 2.073719671129038 vs. 2.073719671129038
list:
dist: 1.0174357904776556 vs. 1.0174357904776556
list:
dist: 2.1325199873653595 vs. 2.1325199873653595
list:
dist: 1.9260486598052668 vs. 1.9260486598052668
list:
dist: 2.240922924757676 vs. 2.240922924757676
list:
dist: 0.4448656760210867 vs. 0.4448656760210867
list:
dist: 2.2496020493826596 vs. 2.2496020493826596
list:
dist: 2.2898076131931804 vs. 2.2898076131931804
list:
dist: 1.1455945229388003 vs. 1.1455945229388003
list:
dist: 1.982162373969412 vs. 1.982162373969412
list:
dist: 2.174859677569963 vs. 2.174859677569963
list:
dist: 1.4069420872827796 vs. 1.4069420872827796
list:
dist: 1.3960810864123623 vs. 1.3960810864123623
list:
dist: 1.078012933475674 vs. 1.078012933475674
list:
dist: 2.098884490056341 vs. 2.098884490056341
list:
dist: 1.566904912851205 vs. 1.566904912851205
list:
dist: 2.3597918925092465 vs. 2.3597918925092465
list:
dist: 3.4662004804797335 vs. 3.4662004804797335
list:
dist: 1.306537422112268 vs. 1.306537422112268
list:
dist: 2.840276082160535 vs. 2.840276082160535
list:
dist: 2.8172397851065134 vs. 2.8172397851065134
list:
dist: 3.2271778185494977 vs. 3.2271778185494977
list:
dist: 1.4213875508998328 vs. 1.4213875508998328
list:
dist: 2.764193237660568 vs. 2.764193237660568
list:
dist: 2.5862171680701893 vs. 2.5862171680701893
list:
dist: 1.61618691172939 vs. 1.61618691172939
list:
dist: 2.3580181700934464 vs. 2.3580181700934464
list:
dist: 2.043419989451429 vs. 2.043419989451429
list:
dist: 3.8369932423579787 vs. 3.8369932423579787
list:
dist: 1.078012933475674 vs. 1.078012933475674
list:
dist: 0.76004860672079 vs. 0.76004860672079
list:
dist: 1.2209154980420325 vs. 1.2209154980420325
list:
dist: 1.6262623182303602 vs. 1.6262623182303602
list:
dist: 0.9729228310575952 vs. 0.9729228310575952
list:
dist: 2.32020440520727 vs. 2.32020440520727
list:
dist: 2.2686376336361413 vs. 2.2686376336361413
list:
dist: 2.0467958145647116 vs. 2.0467958145647116
list:
dist: 3.2762464119263783 vs. 3.2762464119263783
list:
dist: 2.317151162670762 vs. 2.317151162670762
list:
dist: 3.2578321539494324 vs. 3.2578321539494324
list:
dist: 1.3608632014915085 vs. 1.3608632014915085
list:
dist: 2.7053729032821967 vs. 2.7053729032821967
list:
dist: 1.5268423201692585 vs. 1.5268423201692585
list:
dist: 1.1389652676708548 vs. 1.1389652676708548
list:
dist: 1.5103484365124722 vs. 1.5103484365124722
list:
dist: 1.4500900249204056 vs. 1.4500900249204056
list:
dist: 2.6870038811657757 vs. 2.6870038811657757
list:
dist: 1.3960810864123623 vs. 1.3960810864123623
list:
dist: 0.7121309498230929 vs. 0.7121309498230929
list:
dist: 1.2209154980420325 vs. 1.2209154980420325
list:
dist: 0.7403008174193992 vs. 0.7403008174193992
list:
dist: 1.1261661795129847 vs. 1.1261661795129847
list:
dist: 2.1014752583439305 vs. 2.1014752583439305
list:
dist: 5.008818834713277 vs. 5.008818834713277
list:
dist: 3.3558146384248806 vs. 3.3558146384248806
list:
dist: 4.501774462426793 vs. 4.501774462426793
list:
dist: 3.1046594576359543 vs. 3.1046594576359543
list:
dist: 2.978155394990537 vs. 2.978155394990537
list:
dist: 3.881437711395901 vs. 3.881437711395901
list:
dist: 3.1924126018955503 vs. 3.1924126018955503
list:
dist: 1.4704634258794116 vs. 1.4704634258794116
list:
dist: 1.568425084846979 vs. 1.568425084846979
list:
dist: 2.3608078890208493 vs. 2.3608078890208493
list:
dist: 2.2396272171105878 vs. 2.2396272171105878
list:
dist: 1.3573186882189716 vs. 1.3573186882189716
list:
dist: 1.899747809619879 vs. 1.899747809619879
list:
dist: 2.8303291505790718 vs. 2.8303291505790718
list:
dist: 1.560416094016866 vs. 1.560416094016866
list:
dist: 2.3871043852296863 vs. 2.3871043852296863
list:
dist: 2.2747136600541635 vs. 2.2747136600541635
list:
dist: 1.0174357904776556 vs. 1.0174357904776556
list:
dist: 1.7200370464326962 vs. 1.7200370464326962
list:
dist: 2.0467958145647116 vs. 2.0467958145647116
list:
dist: 1.306537422112268 vs. 1.306537422112268
list:
dist: 2.646632253422503 vs. 2.646632253422503
list:
dist: 1.5692447494794532 vs. 1.5692447494794532
list:
dist: 2.0786080682373544 vs. 2.0786080682373544
list:
dist: 2.1063263559456957 vs. 2.1063263559456957
list:
dist: 1.710998605907794 vs. 1.710998605907794
list:
dist: 2.1075168718114723 vs. 2.1075168718114723
list:
dist: 2.0512422881422996 vs. 2.0512422881422996
list:
dist: 2.174972937498017 vs. 2.174972937498017
list:
dist: 3.222330968634015 vs. 3.222330968634015
list:
dist: 2.5564926933165264 vs. 2.5564926933165264
list:
dist: 2.147093913396331 vs. 2.147093913396331
list:
dist: 2.1063263559456957 vs. 2.1063263559456957
list:
dist: 2.724260455516996 vs. 2.724260455516996
list:
dist: 2.4224213904968552 vs. 2.4224213904968552
list:
dist: 3.041156467260274 vs. 3.041156467260274
list:
dist: 2.386083259888943 vs. 2.386083259888943
list:
dist: 1.4299123280889932 vs. 1.4299123280889932
list:
dist: 1.9465116314463666 vs. 1.9465116314463666
list:
dist: 1.5123621004631438 vs. 1.5123621004631438
list:
dist: 1.528782452636469 vs. 1.528782452636469
list:
dist: 0.8527307432525458 vs. 0.8527307432525458
list:
dist: 2.978527311827235 vs. 2.978527311827235
list:
dist: 2.3597918925092465 vs. 2.3597918925092465
list:
dist: 1.8933499918518184 vs. 1.8933499918518184
list:
dist: 2.1014752583439305 vs. 2.1014752583439305
list:
dist: 2.32020440520727 vs. 2.32020440520727
list:
dist: 2.354932984145365 vs. 2.354932984145365
list:
dist: 1.4771955766082112 vs. 1.4771955766082112
list:
dist: 2.159847612503665 vs. 2.159847612503665
list:
dist: 3.011131712060344 vs. 3.011131712060344
list:
dist: 1.2041212606225484 vs. 1.2041212606225484
list:
dist: 1.5397779540882368 vs. 1.5397779540882368
list:
dist: 2.162495596713063 vs. 2.162495596713063
list:
dist: 1.6869195284810745 vs. 1.6869195284810745
list:
dist: 2.8796712837751204 vs. 2.8796712837751204
list:
dist: 2.156818120010528 vs. 2.156818120010528
list:
dist: 2.3015699629469677 vs. 2.3015699629469677
list:
dist: 3.123006376872311 vs. 3.123006376872311
list:
dist: 2.6870038811657757 vs. 2.6870038811657757
list:
dist: 3.8369932423579787 vs. 3.8369932423579787
list:
dist: 2.4435141246205796 vs. 2.4435141246205796
list:
dist: 3.213952179121076 vs. 3.213952179121076
list:
dist: 2.978527311827235 vs. 2.978527311827235
list:
dist: 3.7581910114049184 vs. 3.7581910114049184
list:
dist: 2.1039040785260523 vs. 2.1039040785260523
list:
dist: 2.1528366630662386 vs. 2.1528366630662386
list:
dist: 2.12913516408267 vs. 2.12913516408267
list:
dist: 1.6946133480546155 vs. 1.6946133480546155
list:
dist: 1.9391627385149925 vs. 1.9391627385149925
list:
dist: 1.0092626792886765 vs. 1.0092626792886765
list:
dist: 2.3871043852296863 vs. 2.3871043852296863
list:
dist: 2.934239687358208 vs. 2.934239687358208
list:
dist: 1.3861557131828002 vs. 1.3861557131828002
list:
dist: 2.6256520290216554 vs. 2.6256520290216554
list:
dist: 1.7292605249040711 vs. 1.7292605249040711
list:
dist: 1.8076772301706112 vs. 1.8076772301706112
list:
dist: 0.5601317278939586 vs. 0.5601317278939586
list:
dist: 0.8655108263572443 vs. 0.8655108263572443
list:
dist: 1.1060549170770055 vs. 1.1060549170770055
list:
dist: 2.156818120010528 vs. 2.156818120010528
list:
dist: 1.982162373969412 vs. 1.982162373969412
list:
dist: 1.8721497036592947 vs. 1.8721497036592947
list:
dist: 1.5103484365124722 vs. 1.5103484365124722
list:
dist: 2.3580181700934464 vs. 2.3580181700934464
list:
dist: 1.9203763613126341 vs. 1.9203763613126341
list:
dist: 1.858862525001425 vs. 1.858862525001425
list:
dist: 2.732983457264176 vs. 2.732983457264176
list:
dist: 1.528782452636469 vs. 1.528782452636469
list:
dist: 4.58466811194199 vs. 4.58466811194199
list:
dist: 2.9921397055116006 vs. 2.9921397055116006
list:
dist: 3.8640861353193383 vs. 3.8640861353193383
list:
dist: 2.291081618501566 vs. 2.291081618501566
list:
dist: 2.331721528742751 vs. 2.331721528742751
list:
dist: 2.828046644992796 vs. 2.828046644992796
list:
dist: 2.4957902622732155 vs. 2.4957902622732155
list:
dist: 2.3155837732824516 vs. 2.3155837732824516
list:
dist: 1.3573186882189716 vs. 1.3573186882189716
list:
dist: 2.208537668875089 vs. 2.208537668875089
list:
dist: 1.5574037593293315 vs. 1.5574037593293315
list:
dist: 2.0673056638009775 vs. 2.0673056638009775
list:
dist: 2.192638981555399 vs. 2.192638981555399
list:
dist: 2.0075737599764554 vs. 2.0075737599764554
list:
dist: 0.9779773097666391 vs. 0.9779773097666391
list:
dist: 1.7292605249040711 vs. 1.7292605249040711
list:
dist: 2.1413146165819805 vs. 2.1413146165819805
list:
dist: 0.4448656760210867 vs. 0.4448656760210867
list:
dist: 1.5743468231662723 vs. 1.5743468231662723
list:
dist: 1.3608632014915085 vs. 1.3608632014915085
list:
dist: 1.4213875508998328 vs. 1.4213875508998328
list:
dist: 2.0980878820221474 vs. 2.0980878820221474
list:
dist: 1.7650101388071924 vs. 1.7650101388071924
list:
dist: 2.730674917526934 vs. 2.730674917526934
list:
dist: 2.386083259888943 vs. 2.386083259888943
list:
dist: 3.881994854122699 vs. 3.881994854122699
list:
dist: 2.215672247928135 vs. 2.215672247928135
list:
dist: 2.2157952287838016 vs. 2.2157952287838016
list:
dist: 2.589864960080997 vs. 2.589864960080997
list:
dist: 2.533267551925106 vs. 2.533267551925106
list:
dist: 2.4778406693426756 vs. 2.4778406693426756
list:
dist: 1.7668176898968704 vs. 1.7668176898968704
list:
dist: 1.560416094016866 vs. 1.560416094016866
list:
dist: 2.344880495839929 vs. 2.344880495839929
list:
dist: 1.3678169939404714 vs. 1.3678169939404714
list:
dist: 2.2508765438604588 vs. 2.2508765438604588
list:
dist: 0.9779773097666391 vs. 0.9779773097666391
list:
dist: 1.6264509011694253 vs. 1.6264509011694253
list:
dist: 1.2767498157121033 vs. 1.2767498157121033
list:
dist: 0.8655108263572443 vs. 0.8655108263572443
list:
dist: 1.2368990670939286 vs. 1.2368990670939286
list:
dist: 2.8796712837751204 vs. 2.8796712837751204
list:
dist: 1.1455945229388003 vs. 1.1455945229388003
list:
dist: 1.3428159711491479 vs. 1.3428159711491479
list:
dist: 1.1389652676708548 vs. 1.1389652676708548
list:
dist: 1.61618691172939 vs. 1.61618691172939
list:
dist: 1.7776920125474533 vs. 1.7776920125474533
list:
dist: 1.3458794476843134 vs. 1.3458794476843134
list:
dist: 2.409586127395051 vs. 2.409586127395051
list:
dist: 1.5123621004631438 vs. 1.5123621004631438
list:
dist: 2.0512422881422996 vs. 2.0512422881422996
list:
dist: 2.617279150134276 vs. 2.617279150134276
list:
dist: 1.718455031855561 vs. 1.718455031855561
list:
dist: 1.6755191578412227 vs. 1.6755191578412227
list:
dist: 0.3905091901256667 vs. 0.3905091901256667
list:
dist: 1.573437267791522 vs. 1.573437267791522
list:
dist: 1.8386547802479218 vs. 1.8386547802479218
list:
dist: 3.2875942782559604 vs. 3.2875942782559604
list:
dist: 2.978155394990537 vs. 2.978155394990537
list:
dist: 2.393258278045581 vs. 2.393258278045581
list:
dist: 0.8826831176880846 vs. 0.8826831176880846
list:
dist: 1.2868850273827983 vs. 1.2868850273827983
list:
dist: 2.331721528742751 vs. 2.331721528742751
list:
dist: 2.019448609809332 vs. 2.019448609809332
list:
dist: 2.4500582329626273 vs. 2.4500582329626273
list:
dist: 2.2157952287838016 vs. 2.2157952287838016
list:
dist: 2.1528366630662386 vs. 2.1528366630662386
list:
dist: 3.1020837078149777 vs. 3.1020837078149777
list:
dist: 2.772459756769797 vs. 2.772459756769797
list:
dist: 1.2385857310242603 vs. 1.2385857310242603
list:
dist: 2.3757183465855753 vs. 2.3757183465855753
list:
dist: 1.551867683892178 vs. 1.551867683892178
list:
dist: 1.2868850273827983 vs. 1.2868850273827983
list:
dist: 2.7671941330317877 vs. 2.7671941330317877
list:
dist: 2.7364756944257564 vs. 2.7364756944257564
list:
dist: 2.1005211495697425 vs. 2.1005211495697425
list:
dist: 2.2396272171105878 vs. 2.2396272171105878
list:
dist: 1.25873848714137 vs. 1.25873848714137
list:
dist: 1.4535367280576514 vs. 1.4535367280576514
list:
dist: 2.0673056638009775 vs. 2.0673056638009775
list:
dist: 1.7976518808807067 vs. 1.7976518808807067
list:
dist: 3.065401343160927 vs. 3.065401343160927
list:
dist: 2.2508765438604588 vs. 2.2508765438604588
list:
dist: 2.6256520290216554 vs. 2.6256520290216554
list:
dist: 3.2791158335750255 vs. 3.2791158335750255
list:
dist: 2.240922924757676 vs. 2.240922924757676
list:
dist: 3.387704378137762 vs. 3.387704378137762
list:
dist: 3.2578321539494324 vs. 3.2578321539494324
list:
dist: 3.2271778185494977 vs. 3.2271778185494977
list:
dist: 3.974320044675135 vs. 3.974320044675135
list:
dist: 3.3177406608217215 vs. 3.3177406608217215
list:
dist: 1.8100605514701584 vs. 1.8100605514701584
list:
dist: 3.041156467260274 vs. 3.041156467260274
list:
dist: 3.222330968634015 vs. 3.222330968634015
list:
dist: 1.9216095133290974 vs. 1.9216095133290974
list:
dist: 1.3712013490227977 vs. 1.3712013490227977
list:
dist: 1.2031354253434747 vs. 1.2031354253434747
list:
dist: 1.308399340105632 vs. 1.308399340105632
list:
dist: 2.533267551925106 vs. 2.533267551925106
list:
dist: 1.6946133480546155 vs. 1.6946133480546155
list:
dist: 2.3455600393196834 vs. 2.3455600393196834
list:
dist: 1.2041212606225484 vs. 1.2041212606225484
list:
dist: 3.8015451037693873 vs. 3.8015451037693873
list:
dist: 2.2855445685873823 vs. 2.2855445685873823
list:
dist: 3.5684427705949147 vs. 3.5684427705949147
list:
dist: 2.672410849014618 vs. 2.672410849014618
list:
dist: 2.393258278045581 vs. 2.393258278045581
list:
dist: 3.7910911768458555 vs. 3.7910911768458555
list:
dist: 3.324516649837126 vs. 3.324516649837126
list:
dist: 1.1943862273931733 vs. 1.1943862273931733
list:
dist: 1.568425084846979 vs. 1.568425084846979
list:
dist: 2.2605669205588708 vs. 2.2605669205588708
list:
dist: 1.25873848714137 vs. 1.25873848714137
list:
dist: 2.208537668875089 vs. 2.208537668875089
list:
dist: 1.6041648267180506 vs. 1.6041648267180506
list:
dist: 3.459769879557444 vs. 3.459769879557444
list:
dist: 2.344880495839929 vs. 2.344880495839929
list:
dist: 2.934239687358208 vs. 2.934239687358208
list:
dist: 3.1647422942248764 vs. 3.1647422942248764
list:
dist: 2.1325199873653595 vs. 2.1325199873653595
list:
dist: 3.1328692778994176 vs. 3.1328692778994176
list:
dist: 3.2762464119263783 vs. 3.2762464119263783
list:
dist: 2.840276082160535 vs. 2.840276082160535
list:
dist: 3.9490556161447365 vs. 3.9490556161447365
list:
dist: 2.93065565445468 vs. 2.93065565445468
list:
dist: 1.1757000845963457 vs. 1.1757000845963457
list:
dist: 2.724260455516996 vs. 2.724260455516996
list:
dist: 2.301784256347285 vs. 2.301784256347285
list:
dist: 2.646632253422503 vs. 2.646632253422503
list:
dist: 3.9490556161447365 vs. 3.9490556161447365
list:
dist: 2.9572579634956013 vs. 2.9572579634956013
list:
dist: 3.974320044675135 vs. 3.974320044675135
list:
dist: 2.0980878820221474 vs. 2.0980878820221474
list:
dist: 3.2463334083431885 vs. 3.2463334083431885
list:
dist: 1.787864069557276 vs. 1.787864069557276
list:
dist: 1.7776920125474533 vs. 1.7776920125474533
list:
dist: 1.9203763613126341 vs. 1.9203763613126341
list:
dist: 1.5873067098734672 vs. 1.5873067098734672
list:
dist: 2.4435141246205796 vs. 2.4435141246205796
list:
dist: 2.098884490056341 vs. 2.098884490056341
list:
dist: 0.9826375562127148 vs. 0.9826375562127148
list:
dist: 0.7403008174193992 vs. 0.7403008174193992
list:
dist: 1.6262623182303602 vs. 1.6262623182303602
list:
dist: 1.3592557526755047 vs. 1.3592557526755047
list:
dist: 2.354932984145365 vs. 2.354932984145365
list:
dist: 4.556562318616959 vs. 4.556562318616959
list:
dist: 2.8774379944063613 vs. 2.8774379944063613
list:
dist: 4.4275799455546 vs. 4.4275799455546
list:
dist: 3.483096857557732 vs. 3.483096857557732
list:
dist: 3.2875942782559604 vs. 3.2875942782559604
list:
dist: 1.4704634258794116 vs. 1.4704634258794116
list:
dist: 1.1943862273931733 vs. 1.1943862273931733
list:
dist: 3.0065737246999227 vs. 3.0065737246999227
list:
dist: 2.1005211495697425 vs. 2.1005211495697425
list:
dist: 2.3155837732824516 vs. 2.3155837732824516
list:
dist: 2.597883546077436 vs. 2.597883546077436
list:
dist: 2.073719671129038 vs. 2.073719671129038
list:
dist: 2.250479647419868 vs. 2.250479647419868
list:
dist: 2.936227115771432 vs. 2.936227115771432
list:
dist: 1.7200370464326962 vs. 1.7200370464326962
list:
dist: 3.1328692778994176 vs. 3.1328692778994176
list:
dist: 2.679939018018596 vs. 2.679939018018596
list:
dist: 3.387704378137762 vs. 3.387704378137762
list:
dist: 1.5743468231662723 vs. 1.5743468231662723
list:
dist: 2.6407464366000677 vs. 2.6407464366000677
list:
dist: 2.025152423761393 vs. 2.025152423761393
list:
dist: 1.3428159711491479 vs. 1.3428159711491479
list:
dist: 1.8721497036592947 vs. 1.8721497036592947
list:
dist: 1.4137783694157322 vs. 1.4137783694157322
list:
dist: 3.123006376872311 vs. 3.123006376872311
list:
dist: 1.4069420872827796 vs. 1.4069420872827796
list:
dist: 0.7121309498230929 vs. 0.7121309498230929
list:
dist: 0.76004860672079 vs. 0.76004860672079
list:
dist: 0.9826375562127148 vs. 0.9826375562127148
list:
dist: 0.528815666645813 vs. 0.528815666645813
list:
dist: 1.8933499918518184 vs. 1.8933499918518184
list:
dist: 4.151480822503298 vs. 4.151480822503298
list:
dist: 2.9775747586754466 vs. 2.9775747586754466
list:
dist: 3.5014409207000328 vs. 3.5014409207000328
list:
dist: 2.2814498246291994 vs. 2.2814498246291994
list:
dist: 2.019448609809332 vs. 2.019448609809332
list:
dist: 3.0604105349376622 vs. 3.0604105349376622
list:
dist: 2.0705472822062587 vs. 2.0705472822062587
list:
dist: 2.597883546077436 vs. 2.597883546077436
list:
dist: 1.899747809619879 vs. 1.899747809619879
list:
dist: 1.6041648267180506 vs. 1.6041648267180506
list:
dist: 1.7128781292295638 vs. 1.7128781292295638
list:
dist: 1.7976518808807067 vs. 1.7976518808807067
list:
dist: 2.192638981555399 vs. 2.192638981555399
list:
dist: 2.361264408465495 vs. 2.361264408465495
list:
dist: 1.6264509011694253 vs. 1.6264509011694253
list:
dist: 1.8076772301706112 vs. 1.8076772301706112
list:
dist: 1.9821229722902405 vs. 1.9821229722902405
list:
dist: 2.2496020493826596 vs. 2.2496020493826596
list:
dist: 2.6407464366000677 vs. 2.6407464366000677
list:
dist: 2.7053729032821967 vs. 2.7053729032821967
list:
dist: 2.764193237660568 vs. 2.764193237660568
list:
dist: 3.2463334083431885 vs. 3.2463334083431885
list:
dist: 2.3355345052821392 vs. 2.3355345052821392
list:
dist: 0.9464834371385648 vs. 0.9464834371385648
list:
dist: 1.4299123280889932 vs. 1.4299123280889932
list:
dist: 2.962201543387824 vs. 2.962201543387824
list:
dist: 2.250479647419868 vs. 2.250479647419868
list:
dist: 2.0786080682373544 vs. 2.0786080682373544
list:
dist: 1.1757000845963457 vs. 1.1757000845963457
list:
dist: 2.3783333855600635 vs. 2.3783333855600635
list:
dist: 1.8100605514701584 vs. 1.8100605514701584
list:
dist: 2.730674917526934 vs. 2.730674917526934
list:
dist: 0.9464834371385648 vs. 0.9464834371385648
list:
dist: 3.2900588190952607 vs. 3.2900588190952607
list:
dist: 2.409586127395051 vs. 2.409586127395051
list:
dist: 2.732983457264176 vs. 2.732983457264176
list:
dist: 2.8228557088461543 vs. 2.8228557088461543
list:
dist: 2.159847612503665 vs. 2.159847612503665
list:
dist: 3.964338735261465 vs. 3.964338735261465
list:
dist: 2.321945955900138 vs. 2.321945955900138
list:
dist: 2.4500582329626273 vs. 2.4500582329626273
list:
dist: 2.0392648129673634 vs. 2.0392648129673634
list:
dist: 1.308399340105632 vs. 1.308399340105632
list:
dist: 1.4086993341416885 vs. 1.4086993341416885
list:
dist: 1.070469487019671 vs. 1.070469487019671
list:
dist: 2.8303291505790718 vs. 2.8303291505790718
list:
dist: 3.459769879557444 vs. 3.459769879557444
list:
dist: 1.707670817602146 vs. 1.707670817602146
list:
dist: 3.065401343160927 vs. 3.065401343160927
list:
dist: 2.0075737599764554 vs. 2.0075737599764554
list:
dist: 2.361264408465495 vs. 2.361264408465495
list:
dist: 1.2767498157121033 vs. 1.2767498157121033
list:
dist: 0.5601317278939586 vs. 0.5601317278939586
list:
dist: 1.3379815925013483 vs. 1.3379815925013483
list:
dist: 1.6869195284810745 vs. 1.6869195284810745
list:
dist: 2.2898076131931804 vs. 2.2898076131931804
list:
dist: 2.025152423761393 vs. 2.025152423761393
list:
dist: 1.5268423201692585 vs. 1.5268423201692585
list:
dist: 2.5862171680701893 vs. 2.5862171680701893
list:
dist: 1.787864069557276 vs. 1.787864069557276
list:
dist: 2.1129113266925046 vs. 2.1129113266925046
list:
dist: 3.2900588190952607 vs. 3.2900588190952607
list:
dist: 1.9465116314463666 vs. 1.9465116314463666
list:
dist: 4.745441957586379 vs. 4.745441957586379
list:
dist: 3.124743366827368 vs. 3.124743366827368
list:
dist: 3.1020837078149777 vs. 3.1020837078149777
list:
dist: 3.225431630358431 vs. 3.225431630358431
list:
dist: 2.3455600393196834 vs. 2.3455600393196834
list:
dist: 2.6145257192478932 vs. 2.6145257192478932
list:
dist: 1.9247548690086858 vs. 1.9247548690086858
list:
dist: 2.2747136600541635 vs. 2.2747136600541635
list:
dist: 3.1647422942248764 vs. 3.1647422942248764
list:
dist: 2.342272440240721 vs. 2.342272440240721
list:
dist: 3.2791158335750255 vs. 3.2791158335750255
list:
dist: 2.1413146165819805 vs. 2.1413146165819805
list:
dist: 1.9821229722902405 vs. 1.9821229722902405
list:
dist: 1.3379815925013483 vs. 1.3379815925013483
list:
dist: 1.2368990670939286 vs. 1.2368990670939286
list:
dist: 1.1060549170770055 vs. 1.1060549170770055
list:
dist: 2.3015699629469677 vs. 2.3015699629469677
list:
dist: 2.174859677569963 vs. 2.174859677569963
list:
dist: 1.4137783694157322 vs. 1.4137783694157322
list:
dist: 1.4500900249204056 vs. 1.4500900249204056
list:
dist: 2.043419989451429 vs. 2.043419989451429
list:
dist: 1.5873067098734672 vs. 1.5873067098734672
list:
dist: 1.1824596872803494 vs. 1.1824596872803494
list:
dist: 2.8228557088461543 vs. 2.8228557088461543
list:
dist: 0.8527307432525458 vs. 0.8527307432525458
list:
dist: 3.2064016029462037 vs. 3.2064016029462037
list:
dist: 1.5692447494794532 vs. 1.5692447494794532
list:
dist: 2.93065565445468 vs. 2.93065565445468
list:
dist: 2.7050829256830724 vs. 2.7050829256830724
list:
dist: 3.3177406608217215 vs. 3.3177406608217215
list:
dist: 1.7650101388071924 vs. 1.7650101388071924
list:
dist: 2.3355345052821392 vs. 2.3355345052821392
list:
dist: 2.1129113266925046 vs. 2.1129113266925046
list:
dist: 1.3458794476843134 vs. 1.3458794476843134
list:
dist: 1.858862525001425 vs. 1.858862525001425
list:
dist: 1.1824596872803494 vs. 1.1824596872803494
list:
dist: 3.213952179121076 vs. 3.213952179121076
list:
dist: 1.566904912851205 vs. 1.566904912851205
list:
dist: 0.528815666645813 vs. 0.528815666645813
list:
dist: 1.1261661795129847 vs. 1.1261661795129847
list:
dist: 0.9729228310575952 vs. 0.9729228310575952
list:
dist: 1.3592557526755047 vs. 1.3592557526755047
list:
dist: 1.4771955766082112 vs. 1.4771955766082112
600
rk
<OccurredElementalReaction>
	 elmtlRkId: 1
	 p(id,type,coords) 43 2 4.556560662303096 5.946927089738283 6.647865916928547
</OccurredElementalReaction>
rk
<OccurredElementalReaction>
	 elmtlRkId: 2
	 p(id,type,coords) 66 3 2.603649766199204 -0.7847682515536119 16.74158443683037
</OccurredElementalReaction>
700
Neighbor List consistency Check...
--------
nle(id0,id1,dist): 5 6 1.963606788262991
list:
dist: 1.963606788262991 vs. 1.963606788262991
--------
nle(id0,id1,dist): 5 21 1.1126258649853837
list:
dist: 1.1126258649853837 vs. 1.1126258649853837
--------
nle(id0,id1,dist): 5 20 3.043487750125785
list:
dist: 3.043487750125785 vs. 3.043487750125785
--------
nle(id0,id1,dist): 5 23 2.7090619239746894
list:
dist: 2.7090619239746894 vs. 2.7090619239746894
--------
nle(id0,id1,dist): 5 22 2.6800339924664858
list:
dist: 2.6800339924664858 vs. 2.6800339924664858
--------
nle(id0,id1,dist): 5 17 1.863633708079288
list:
dist: 1.863633708079288 vs. 1.863633708079288
--------
nle(id0,id1,dist): 5 16 2.1476350330653338
list:
dist: 2.1476350330653338 vs. 2.1476350330653338
--------
nle(id0,id1,dist): 5 18 3.019514476508346
list:
dist: 3.019514476508346 vs. 3.019514476508346
--------
nle(id0,id1,dist): 5 13 1.4646779996868293
list:
dist: 1.4646779996868293 vs. 1.4646779996868293
--------
nle(id0,id1,dist): 5 15 1.7608775425489447
list:
dist: 1.7608775425489447 vs. 1.7608775425489447
--------
nle(id0,id1,dist): 5 9 1.3190667340043172
list:
dist: 1.3190667340043172 vs. 1.3190667340043172
--------
nle(id0,id1,dist): 5 8 0.4041242505506271
list:
dist: 0.4041242505506271 vs. 0.4041242505506271
--------
nle(id0,id1,dist): 5 10 1.5990480412161094
list:
dist: 1.5990480412161094 vs. 1.5990480412161094
--------
nle(id0,id1,dist): 4 9 3.5002418004608944
list:
dist: 3.5002418004608944 vs. 3.5002418004608944
--------
nle(id0,id1,dist): 4 10 1.3046447858192671
list:
dist: 1.3046447858192671 vs. 1.3046447858192671
--------
nle(id0,id1,dist): 4 8 2.368979373740321
list:
dist: 2.368979373740321 vs. 2.368979373740321
--------
nle(id0,id1,dist): 4 5 2.752650197983308
list:
dist: 2.752650197983308 vs. 2.752650197983308
--------
nle(id0,id1,dist): 4 6 2.245017099075198
list:
dist: 2.245017099075198 vs. 2.245017099075198
--------
nle(id0,id1,dist): 4 28 3.0775101954159747
list:
dist: 3.0775101954159747 vs. 3.0775101954159747
--------
nle(id0,id1,dist): 4 27 2.880783466774507
list:
dist: 2.880783466774507 vs. 2.880783466774507
--------
nle(id0,id1,dist): 4 26 1.5411135052674794
list:
dist: 1.5411135052674794 vs. 1.5411135052674794
--------
nle(id0,id1,dist): 4 25 1.603398345171747
list:
dist: 1.603398345171747 vs. 1.603398345171747
--------
nle(id0,id1,dist): 4 24 2.6368412023530623
list:
dist: 2.6368412023530623 vs. 2.6368412023530623
--------
nle(id0,id1,dist): 4 22 3.2540942603293397
list:
dist: 3.2540942603293397 vs. 3.2540942603293397
--------
nle(id0,id1,dist): 4 21 2.9951529912568358
list:
dist: 2.9951529912568358 vs. 2.9951529912568358
--------
nle(id0,id1,dist): 4 19 1.930072133988183
list:
dist: 1.930072133988183 vs. 1.930072133988183
--------
nle(id0,id1,dist): 4 17 3.2766077297352303
list:
dist: 3.2766077297352303 vs. 3.2766077297352303
--------
nle(id0,id1,dist): 4 16 2.435835194503835
list:
dist: 2.435835194503835 vs. 2.435835194503835
--------
nle(id0,id1,dist): 4 15 1.4115003201746585
list:
dist: 1.4115003201746585 vs. 1.4115003201746585
--------
nle(id0,id1,dist): 4 13 1.5014558012310064
list:
dist: 1.5014558012310064 vs. 1.5014558012310064
--------
nle(id0,id1,dist): 6 21 2.8843603276388663
list:
dist: 2.8843603276388663 vs. 2.8843603276388663
--------
nle(id0,id1,dist): 6 22 4.155685898618505
list:
dist: 4.155685898618505 vs. 4.155685898618505
--------
nle(id0,id1,dist): 6 24 3.1228509193304146
list:
dist: 3.1228509193304146 vs. 3.1228509193304146
--------
nle(id0,id1,dist): 6 25 2.282632301943585
list:
dist: 2.282632301943585 vs. 2.282632301943585
--------
nle(id0,id1,dist): 5 24 1.5979020067382452
list:
dist: 1.5979020067382452 vs. 1.5979020067382452
--------
nle(id0,id1,dist): 5 25 1.5625283026348478
list:
dist: 1.5625283026348478 vs. 1.5625283026348478
--------
nle(id0,id1,dist): 5 29 2.1540035999408222
list:
dist: 2.1540035999408222 vs. 2.1540035999408222
--------
nle(id0,id1,dist): 6 13 1.6106209720918063
list:
dist: 1.6106209720918063 vs. 1.6106209720918063
--------
nle(id0,id1,dist): 6 17 3.5875639998336317
list:
dist: 3.5875639998336317 vs. 3.5875639998336317
--------
nle(id0,id1,dist): 6 16 3.3085960195574646
list:
dist: 3.3085960195574646 vs. 3.3085960195574646
--------
nle(id0,id1,dist): 6 15 1.1429122318712608
list:
dist: 1.1429122318712608 vs. 1.1429122318712608
--------
nle(id0,id1,dist): 6 10 2.072197651753229
list:
dist: 2.072197651753229 vs. 2.072197651753229
--------
nle(id0,id1,dist): 6 9 2.0896331871566334
list:
dist: 2.0896331871566334 vs. 2.0896331871566334
--------
nle(id0,id1,dist): 6 8 1.682248740074409
list:
dist: 1.682248740074409 vs. 1.682248740074409
--------
nle(id0,id1,dist): 8 13 1.079139169942638
list:
dist: 1.079139169942638 vs. 1.079139169942638
--------
nle(id0,id1,dist): 8 16 2.0175449096112055
list:
dist: 2.0175449096112055 vs. 2.0175449096112055
--------
nle(id0,id1,dist): 8 15 1.4133205965009161
list:
dist: 1.4133205965009161 vs. 1.4133205965009161
--------
nle(id0,id1,dist): 8 10 1.2766584285407283
list:
dist: 1.2766584285407283 vs. 1.2766584285407283
--------
nle(id0,id1,dist): 8 9 1.5190529863759514
list:
dist: 1.5190529863759514 vs. 1.5190529863759514
--------
nle(id0,id1,dist): 8 22 2.7012295254695617
list:
dist: 2.7012295254695617 vs. 2.7012295254695617
--------
nle(id0,id1,dist): 8 21 1.2957300122387647
list:
dist: 1.2957300122387647 vs. 1.2957300122387647
--------
nle(id0,id1,dist): 8 24 1.5860845114926345
list:
dist: 1.5860845114926345 vs. 1.5860845114926345
--------
nle(id0,id1,dist): 8 17 1.9613847927924095
list:
dist: 1.9613847927924095 vs. 1.9613847927924095
--------
nle(id0,id1,dist): 8 25 1.319958042956476
list:
dist: 1.319958042956476 vs. 1.319958042956476
--------
nle(id0,id1,dist): 10 13 0.8348391569322136
list:
dist: 0.8348391569322136 vs. 0.8348391569322136
--------
nle(id0,id1,dist): 10 15 1.152963011564685
list:
dist: 1.152963011564685 vs. 1.152963011564685
--------
nle(id0,id1,dist): 10 16 1.5291271623524194
list:
dist: 1.5291271623524194 vs. 1.5291271623524194
--------
nle(id0,id1,dist): 10 17 2.0734429959304235
list:
dist: 2.0734429959304235 vs. 2.0734429959304235
--------
nle(id0,id1,dist): 10 19 1.4786587916152791
list:
dist: 1.4786587916152791 vs. 1.4786587916152791
--------
nle(id0,id1,dist): 10 21 1.7048761054047008
list:
dist: 1.7048761054047008 vs. 1.7048761054047008
--------
nle(id0,id1,dist): 10 22 2.2490798738596722
list:
dist: 2.2490798738596722 vs. 2.2490798738596722
--------
nle(id0,id1,dist): 10 24 1.422820204990183
list:
dist: 1.422820204990183 vs. 1.422820204990183
--------
nle(id0,id1,dist): 10 25 0.4517716054352445
list:
dist: 0.4517716054352445 vs. 0.4517716054352445
--------
nle(id0,id1,dist): 10 26 1.6026733622153477
list:
dist: 1.6026733622153477 vs. 1.6026733622153477
--------
nle(id0,id1,dist): 10 27 2.2807463654177673
list:
dist: 2.2807463654177673 vs. 2.2807463654177673
--------
nle(id0,id1,dist): 10 28 2.275186220611594
list:
dist: 2.275186220611594 vs. 2.275186220611594
--------
nle(id0,id1,dist): 9 10 2.551184817019351
list:
dist: 2.551184817019351 vs. 2.551184817019351
--------
nle(id0,id1,dist): 9 15 2.1643391300203896
list:
dist: 2.1643391300203896 vs. 2.1643391300203896
--------
nle(id0,id1,dist): 9 13 2.492416446865319
list:
dist: 2.492416446865319 vs. 2.492416446865319
--------
nle(id0,id1,dist): 9 18 3.5760170757640775
list:
dist: 3.5760170757640775 vs. 3.5760170757640775
--------
nle(id0,id1,dist): 9 17 3.0007410263795644
list:
dist: 3.0007410263795644 vs. 3.0007410263795644
--------
nle(id0,id1,dist): 9 16 3.410824296963931
list:
dist: 3.410824296963931 vs. 3.410824296963931
--------
nle(id0,id1,dist): 9 22 3.5713074311641604
list:
dist: 3.5713074311641604 vs. 3.5713074311641604
--------
nle(id0,id1,dist): 9 23 3.606683092312839
list:
dist: 3.606683092312839 vs. 3.606683092312839
--------
nle(id0,id1,dist): 9 20 3.214433366342081
list:
dist: 3.214433366342081 vs. 3.214433366342081
--------
nle(id0,id1,dist): 9 21 1.896532146542931
list:
dist: 1.896532146542931 vs. 1.896532146542931
--------
nle(id0,id1,dist): 9 24 2.747325779963889
list:
dist: 2.747325779963889 vs. 2.747325779963889
--------
nle(id0,id1,dist): 9 25 2.414696806010678
list:
dist: 2.414696806010678 vs. 2.414696806010678
--------
nle(id0,id1,dist): 9 29 2.9742531119051847
list:
dist: 2.9742531119051847 vs. 2.9742531119051847
--------
nle(id0,id1,dist): 13 26 2.034467013310426
list:
dist: 2.034467013310426 vs. 2.034467013310426
--------
nle(id0,id1,dist): 13 27 2.8005262829505915
list:
dist: 2.8005262829505915 vs. 2.8005262829505915
--------
nle(id0,id1,dist): 13 24 1.781469203138214
list:
dist: 1.781469203138214 vs. 1.781469203138214
--------
nle(id0,id1,dist): 13 25 1.224122111768117
list:
dist: 1.224122111768117 vs. 1.224122111768117
--------
nle(id0,id1,dist): 13 28 2.88084236383364
list:
dist: 2.88084236383364 vs. 2.88084236383364
--------
nle(id0,id1,dist): 13 19 1.4817979486786936
list:
dist: 1.4817979486786936 vs. 1.4817979486786936
--------
nle(id0,id1,dist): 13 16 1.7366441388601446
list:
dist: 1.7366441388601446 vs. 1.7366441388601446
--------
nle(id0,id1,dist): 13 17 2.2797060534394444
list:
dist: 2.2797060534394444 vs. 2.2797060534394444
--------
nle(id0,id1,dist): 13 22 2.866960216733639
list:
dist: 2.866960216733639 vs. 2.866960216733639
--------
nle(id0,id1,dist): 13 21 2.039308474863273
list:
dist: 2.039308474863273 vs. 2.039308474863273
--------
nle(id0,id1,dist): 13 15 1.1725258007559727
list:
dist: 1.1725258007559727 vs. 1.1725258007559727
--------
nle(id0,id1,dist): 15 28 3.372198277505339
list:
dist: 3.372198277505339 vs. 3.372198277505339
--------
nle(id0,id1,dist): 15 26 2.5304850426841603
list:
dist: 2.5304850426841603 vs. 2.5304850426841603
--------
nle(id0,id1,dist): 15 27 3.415687607407031
list:
dist: 3.415687607407031 vs. 3.415687607407031
--------
nle(id0,id1,dist): 15 24 2.4203075888546723
list:
dist: 2.4203075888546723 vs. 2.4203075888546723
--------
nle(id0,id1,dist): 15 25 1.296089808756326
list:
dist: 1.296089808756326 vs. 1.296089808756326
--------
nle(id0,id1,dist): 15 22 3.255447703220295
list:
dist: 3.255447703220295 vs. 3.255447703220295
--------
nle(id0,id1,dist): 15 21 2.284824386376887
list:
dist: 2.284824386376887 vs. 2.284824386376887
--------
nle(id0,id1,dist): 15 19 2.461841121663358
list:
dist: 2.461841121663358 vs. 2.461841121663358
--------
nle(id0,id1,dist): 15 17 3.019523754124372
list:
dist: 3.019523754124372 vs. 3.019523754124372
--------
nle(id0,id1,dist): 15 16 2.6347014599708807
list:
dist: 2.6347014599708807 vs. 2.6347014599708807
--------
nle(id0,id1,dist): 17 18 1.880535084185181
list:
dist: 1.880535084185181 vs. 1.880535084185181
--------
nle(id0,id1,dist): 17 19 1.965791480443574
list:
dist: 1.965791480443574 vs. 1.965791480443574
--------
nle(id0,id1,dist): 17 22 1.4245856561107837
list:
dist: 1.4245856561107837 vs. 1.4245856561107837
--------
nle(id0,id1,dist): 17 23 1.1343595472557078
list:
dist: 1.1343595472557078 vs. 1.1343595472557078
--------
nle(id0,id1,dist): 17 20 2.5056540789429436
list:
dist: 2.5056540789429436 vs. 2.5056540789429436
--------
nle(id0,id1,dist): 17 21 1.2804180534500451
list:
dist: 1.2804180534500451 vs. 1.2804180534500451
--------
nle(id0,id1,dist): 17 26 2.6227622457897524
list:
dist: 2.6227622457897524 vs. 2.6227622457897524
--------
nle(id0,id1,dist): 17 27 1.9327398145797772
list:
dist: 1.9327398145797772 vs. 1.9327398145797772
--------
nle(id0,id1,dist): 17 24 0.6897731488184295
list:
dist: 0.6897731488184295 vs. 0.6897731488184295
--------
nle(id0,id1,dist): 17 25 1.969701301890535
list:
dist: 1.969701301890535 vs. 1.969701301890535
--------
nle(id0,id1,dist): 16 17 1.1430316284311737
list:
dist: 1.1430316284311737 vs. 1.1430316284311737
--------
nle(id0,id1,dist): 16 18 2.8661461221919367
list:
dist: 2.8661461221919367 vs. 2.8661461221919367
--------
nle(id0,id1,dist): 16 19 0.8650474965101442
list:
dist: 0.8650474965101442 vs. 0.8650474965101442
--------
nle(id0,id1,dist): 16 20 3.4755080288235813
list:
dist: 3.4755080288235813 vs. 3.4755080288235813
--------
nle(id0,id1,dist): 16 21 1.875470312157837
list:
dist: 1.875470312157837 vs. 1.875470312157837
--------
nle(id0,id1,dist): 16 22 1.6575436557222096
list:
dist: 1.6575436557222096 vs. 1.6575436557222096
--------
nle(id0,id1,dist): 16 23 1.8575826990127602
list:
dist: 1.8575826990127602 vs. 1.8575826990127602
--------
nle(id0,id1,dist): 16 24 0.8761961946851273
list:
dist: 0.8761961946851273 vs. 0.8761961946851273
--------
nle(id0,id1,dist): 16 25 1.6176874256943445
list:
dist: 1.6176874256943445 vs. 1.6176874256943445
--------
nle(id0,id1,dist): 16 26 1.584174373364072
list:
dist: 1.584174373364072 vs. 1.584174373364072
--------
nle(id0,id1,dist): 16 27 1.3309392417751498
list:
dist: 1.3309392417751498 vs. 1.3309392417751498
--------
nle(id0,id1,dist): 16 28 1.4827845931774144
list:
dist: 1.4827845931774144 vs. 1.4827845931774144
--------
nle(id0,id1,dist): 16 29 1.980815241327181
list:
dist: 1.980815241327181 vs. 1.980815241327181
--------
nle(id0,id1,dist): 1 3 3.2726182576551692
list:
dist: 3.2726182576551692 vs. 3.2726182576551692
--------
nle(id0,id1,dist): 1 4 3.6789974773216243
list:
dist: 3.6789974773216243 vs. 3.6789974773216243
--------
nle(id0,id1,dist): 1 6 2.4256248461100465
list:
dist: 2.4256248461100465 vs. 2.4256248461100465
--------
nle(id0,id1,dist): 1 8 4.053948300429627
list:
dist: 4.053948300429627 vs. 4.053948300429627
--------
nle(id0,id1,dist): 1 10 4.147463716355711
list:
dist: 4.147463716355711 vs. 4.147463716355711
--------
nle(id0,id1,dist): 2 5 1.745264971218762
list:
dist: 1.745264971218762 vs. 1.745264971218762
--------
nle(id0,id1,dist): 2 6 3.077213798605388
list:
dist: 3.077213798605388 vs. 3.077213798605388
--------
nle(id0,id1,dist): 2 3 1.9046338288983644
list:
dist: 1.9046338288983644 vs. 1.9046338288983644
--------
nle(id0,id1,dist): 2 4 3.966097973725495
list:
dist: 3.966097973725495 vs. 3.966097973725495
--------
nle(id0,id1,dist): 1 15 3.0289853501485795
list:
dist: 3.0289853501485795 vs. 3.0289853501485795
--------
nle(id0,id1,dist): 1 13 3.8579477167600755
list:
dist: 3.8579477167600755 vs. 3.8579477167600755
--------
nle(id0,id1,dist): 1 25 4.317424580361583
list:
dist: 4.317424580361583 vs. 4.317424580361583
--------
nle(id0,id1,dist): 2 29 2.411364450390218
list:
dist: 2.411364450390218 vs. 2.411364450390218
--------
nle(id0,id1,dist): 2 23 3.0377640236194896
list:
dist: 3.0377640236194896 vs. 3.0377640236194896
--------
nle(id0,id1,dist): 2 24 2.6114450064312145
list:
dist: 2.6114450064312145 vs. 2.6114450064312145
--------
nle(id0,id1,dist): 2 25 2.557949947659149
list:
dist: 2.557949947659149 vs. 2.557949947659149
--------
nle(id0,id1,dist): 2 13 3.0558783611571596
list:
dist: 3.0558783611571596 vs. 3.0558783611571596
--------
nle(id0,id1,dist): 2 8 2.0413032093295946
list:
dist: 2.0413032093295946 vs. 2.0413032093295946
--------
nle(id0,id1,dist): 2 10 2.8495679243000334
list:
dist: 2.8495679243000334 vs. 2.8495679243000334
--------
nle(id0,id1,dist): 2 9 1.1343199647994373
list:
dist: 1.1343199647994373 vs. 1.1343199647994373
--------
nle(id0,id1,dist): 2 20 2.183951981555975
list:
dist: 2.183951981555975 vs. 2.183951981555975
--------
nle(id0,id1,dist): 2 22 3.0863851218038953
list:
dist: 3.0863851218038953 vs. 3.0863851218038953
--------
nle(id0,id1,dist): 2 21 1.5886301379080532
list:
dist: 1.5886301379080532 vs. 1.5886301379080532
--------
nle(id0,id1,dist): 2 16 3.4388208344152362
list:
dist: 3.4388208344152362 vs. 3.4388208344152362
--------
nle(id0,id1,dist): 2 15 2.803766066375665
list:
dist: 2.803766066375665 vs. 2.803766066375665
--------
nle(id0,id1,dist): 2 18 2.7373923858436267
list:
dist: 2.7373923858436267 vs. 2.7373923858436267
--------
nle(id0,id1,dist): 2 17 2.767333922841734
list:
dist: 2.767333922841734 vs. 2.767333922841734
--------
nle(id0,id1,dist): 3 24 2.4150967682460776
list:
dist: 2.4150967682460776 vs. 2.4150967682460776
--------
nle(id0,id1,dist): 3 25 1.6485580468170373
list:
dist: 1.6485580468170373 vs. 1.6485580468170373
--------
nle(id0,id1,dist): 3 22 3.307426487409976
list:
dist: 3.307426487409976 vs. 3.307426487409976
--------
nle(id0,id1,dist): 3 21 1.8751950732907205
list:
dist: 1.8751950732907205 vs. 1.8751950732907205
--------
nle(id0,id1,dist): 3 9 1.114142930649152
list:
dist: 1.114142930649152 vs. 1.114142930649152
--------
nle(id0,id1,dist): 3 8 1.0388845953265293
list:
dist: 1.0388845953265293 vs. 1.0388845953265293
--------
nle(id0,id1,dist): 3 6 1.2260496471466118
list:
dist: 1.2260496471466118 vs. 1.2260496471466118
--------
nle(id0,id1,dist): 3 5 1.1777631341834183
list:
dist: 1.1777631341834183 vs. 1.1777631341834183
--------
nle(id0,id1,dist): 3 4 2.4280640989341378
list:
dist: 2.4280640989341378 vs. 2.4280640989341378
--------
nle(id0,id1,dist): 3 17 2.875705567264317
list:
dist: 2.875705567264317 vs. 2.875705567264317
--------
nle(id0,id1,dist): 3 16 2.897496811034828
list:
dist: 2.897496811034828 vs. 2.897496811034828
--------
nle(id0,id1,dist): 3 15 1.0549192561127272
list:
dist: 1.0549192561127272 vs. 1.0549192561127272
--------
nle(id0,id1,dist): 3 13 1.6286313016795204
list:
dist: 1.6286313016795204 vs. 1.6286313016795204
--------
nle(id0,id1,dist): 3 10 1.685530472216859
list:
dist: 1.685530472216859 vs. 1.685530472216859
--------
nle(id0,id1,dist): 37 54 2.628183982369984
list:
dist: 2.628183982369984 vs. 2.628183982369984
--------
nle(id0,id1,dist): 37 41 1.5640994981163066
list:
dist: 1.5640994981163066 vs. 1.5640994981163066
--------
nle(id0,id1,dist): 37 44 1.4470363018288002
list:
dist: 1.4470363018288002 vs. 1.4470363018288002
--------
nle(id0,id1,dist): 37 45 2.647266110469922
list:
dist: 2.647266110469922 vs. 2.647266110469922
--------
nle(id0,id1,dist): 37 46 3.268173805800296
list:
dist: 3.268173805800296 vs. 3.268173805800296
--------
nle(id0,id1,dist): 37 39 2.8291341652872646
list:
dist: 2.8291341652872646 vs. 2.8291341652872646
--------
nle(id0,id1,dist): 36 55 3.078790584671524
list:
dist: 3.078790584671524 vs. 3.078790584671524
--------
nle(id0,id1,dist): 36 54 2.3573304399586825
list:
dist: 2.3573304399586825 vs. 2.3573304399586825
--------
nle(id0,id1,dist): 36 57 1.723441264925795
list:
dist: 1.723441264925795 vs. 1.723441264925795
--------
nle(id0,id1,dist): 36 47 3.243820488647114
list:
dist: 3.243820488647114 vs. 3.243820488647114
--------
nle(id0,id1,dist): 36 48 4.512010055036316
list:
dist: 4.512010055036316 vs. 4.512010055036316
--------
nle(id0,id1,dist): 36 45 2.6129352861136854
list:
dist: 2.6129352861136854 vs. 2.6129352861136854
--------
nle(id0,id1,dist): 36 46 2.4460811414774852
list:
dist: 2.4460811414774852 vs. 2.4460811414774852
--------
nle(id0,id1,dist): 36 49 3.2337784411347483
list:
dist: 3.2337784411347483 vs. 3.2337784411347483
--------
nle(id0,id1,dist): 36 50 3.7596762503599144
list:
dist: 3.7596762503599144 vs. 3.7596762503599144
--------
nle(id0,id1,dist): 36 40 3.9699146656664133
list:
dist: 3.9699146656664133 vs. 3.9699146656664133
--------
nle(id0,id1,dist): 36 39 2.011622819178555
list:
dist: 2.011622819178555 vs. 2.011622819178555
--------
nle(id0,id1,dist): 36 37 1.3831987450184287
list:
dist: 1.3831987450184287 vs. 1.3831987450184287
--------
nle(id0,id1,dist): 36 44 1.3684145976130262
list:
dist: 1.3684145976130262 vs. 1.3684145976130262
--------
nle(id0,id1,dist): 36 41 1.7640939793262027
list:
dist: 1.7640939793262027 vs. 1.7640939793262027
--------
nle(id0,id1,dist): 35 54 3.753589379720136
list:
dist: 3.753589379720136 vs. 3.753589379720136
--------
nle(id0,id1,dist): 35 57 2.59381679526441
list:
dist: 2.59381679526441 vs. 2.59381679526441
--------
nle(id0,id1,dist): 35 45 2.5773092158858413
list:
dist: 2.5773092158858413 vs. 2.5773092158858413
--------
nle(id0,id1,dist): 35 44 1.700612984231347
list:
dist: 1.700612984231347 vs. 1.700612984231347
--------
nle(id0,id1,dist): 35 41 1.6647292661635453
list:
dist: 1.6647292661635453 vs. 1.6647292661635453
--------
nle(id0,id1,dist): 35 37 1.3257228035963826
list:
dist: 1.3257228035963826 vs. 1.3257228035963826
--------
nle(id0,id1,dist): 35 36 2.4656734850182715
list:
dist: 2.4656734850182715 vs. 2.4656734850182715
--------
nle(id0,id1,dist): 34 57 2.260527735558237
list:
dist: 2.260527735558237 vs. 2.260527735558237
--------
nle(id0,id1,dist): 34 55 1.7455296324497318
list:
dist: 1.7455296324497318 vs. 1.7455296324497318
--------
nle(id0,id1,dist): 34 56 1.392854567040569
list:
dist: 1.392854567040569 vs. 1.392854567040569
--------
nle(id0,id1,dist): 34 54 2.5091764817528053
list:
dist: 2.5091764817528053 vs. 2.5091764817528053
--------
nle(id0,id1,dist): 34 51 2.3806362319291057
list:
dist: 2.3806362319291057 vs. 2.3806362319291057
--------
nle(id0,id1,dist): 34 50 2.287010037791826
list:
dist: 2.287010037791826 vs. 2.287010037791826
--------
nle(id0,id1,dist): 34 49 2.017629037467689
list:
dist: 2.017629037467689 vs. 2.017629037467689
--------
nle(id0,id1,dist): 34 48 1.5112796121891825
list:
dist: 1.5112796121891825 vs. 1.5112796121891825
--------
nle(id0,id1,dist): 34 47 1.0896361940399848
list:
dist: 1.0896361940399848 vs. 1.0896361940399848
--------
nle(id0,id1,dist): 34 45 2.355399277620361
list:
dist: 2.355399277620361 vs. 2.355399277620361
--------
nle(id0,id1,dist): 34 44 3.9916331686190345
list:
dist: 3.9916331686190345 vs. 3.9916331686190345
--------
nle(id0,id1,dist): 34 42 2.139211377250597
list:
dist: 2.139211377250597 vs. 2.139211377250597
--------
nle(id0,id1,dist): 34 41 2.6372329895159385
list:
dist: 2.6372329895159385 vs. 2.6372329895159385
--------
nle(id0,id1,dist): 34 40 0.9396624537565887
list:
dist: 0.9396624537565887 vs. 0.9396624537565887
--------
nle(id0,id1,dist): 33 60 1.8072126972678764
list:
dist: 1.8072126972678764 vs. 1.8072126972678764
--------
nle(id0,id1,dist): 33 62 0.29622480583313526
list:
dist: 0.29622480583313526 vs. 0.29622480583313526
--------
nle(id0,id1,dist): 33 65 1.2189547865938466
list:
dist: 1.2189547865938466 vs. 1.2189547865938466
--------
nle(id0,id1,dist): 33 64 2.120774532513824
list:
dist: 2.120774532513824 vs. 2.120774532513824
--------
nle(id0,id1,dist): 33 66 2.7867219316042133
list:
dist: 2.7867219316042133 vs. 2.7867219316042133
--------
nle(id0,id1,dist): 33 69 2.352063852487685
list:
dist: 2.352063852487685 vs. 2.352063852487685
--------
nle(id0,id1,dist): 33 70 1.2556237066234799
list:
dist: 1.2556237066234799 vs. 1.2556237066234799
--------
nle(id0,id1,dist): 34 36 3.513695415741364
list:
dist: 3.513695415741364 vs. 3.513695415741364
--------
nle(id0,id1,dist): 33 73 1.1089563962430684
list:
dist: 1.1089563962430684 vs. 1.1089563962430684
--------
nle(id0,id1,dist): 33 72 2.3365624836509493
list:
dist: 2.3365624836509493 vs. 2.3365624836509493
--------
nle(id0,id1,dist): 34 35 3.756044784356071
list:
dist: 3.756044784356071 vs. 3.756044784356071
--------
nle(id0,id1,dist): 33 75 3.5136132336404615
list:
dist: 3.5136132336404615 vs. 3.5136132336404615
--------
nle(id0,id1,dist): 34 37 3.3979964364717543
list:
dist: 3.3979964364717543 vs. 3.3979964364717543
--------
nle(id0,id1,dist): 32 51 3.769486258639176
list:
dist: 3.769486258639176 vs. 3.769486258639176
--------
nle(id0,id1,dist): 32 49 3.2749252439958094
list:
dist: 3.2749252439958094 vs. 3.2749252439958094
--------
nle(id0,id1,dist): 32 50 3.5964836973099823
list:
dist: 3.5964836973099823 vs. 3.5964836973099823
--------
nle(id0,id1,dist): 32 55 2.682152067433328
list:
dist: 2.682152067433328 vs. 2.682152067433328
--------
nle(id0,id1,dist): 32 56 2.9489266326008456
list:
dist: 2.9489266326008456 vs. 2.9489266326008456
--------
nle(id0,id1,dist): 32 54 2.815102263663272
list:
dist: 2.815102263663272 vs. 2.815102263663272
--------
nle(id0,id1,dist): 32 57 1.7957857655717235
list:
dist: 1.7957857655717235 vs. 1.7957857655717235
--------
nle(id0,id1,dist): 32 37 1.957616685739
list:
dist: 1.957616685739 vs. 1.957616685739
--------
nle(id0,id1,dist): 32 40 2.430401709282624
list:
dist: 2.430401709282624 vs. 2.430401709282624
--------
nle(id0,id1,dist): 32 34 1.9093301165202976
list:
dist: 1.9093301165202976 vs. 1.9093301165202976
--------
nle(id0,id1,dist): 32 36 2.6647808368944808
list:
dist: 2.6647808368944808 vs. 2.6647808368944808
--------
nle(id0,id1,dist): 32 35 1.894196686676755
list:
dist: 1.894196686676755 vs. 1.894196686676755
--------
nle(id0,id1,dist): 32 45 1.6949444511446794
list:
dist: 1.6949444511446794 vs. 1.6949444511446794
--------
nle(id0,id1,dist): 32 48 3.402287915734333
list:
dist: 3.402287915734333 vs. 3.402287915734333
--------
nle(id0,id1,dist): 32 47 2.5319157496158855
list:
dist: 2.5319157496158855 vs. 2.5319157496158855
--------
nle(id0,id1,dist): 32 42 3.381811392082791
list:
dist: 3.381811392082791 vs. 3.381811392082791
--------
nle(id0,id1,dist): 32 41 1.3459516310442552
list:
dist: 1.3459516310442552 vs. 1.3459516310442552
--------
nle(id0,id1,dist): 32 44 2.6183126933768333
list:
dist: 2.6183126933768333 vs. 2.6183126933768333
--------
nle(id0,id1,dist): 31 54 2.4765837502663257
list:
dist: 2.4765837502663257 vs. 2.4765837502663257
--------
nle(id0,id1,dist): 31 55 2.4903266727338513
list:
dist: 2.4903266727338513 vs. 2.4903266727338513
--------
nle(id0,id1,dist): 31 56 3.1826110802330705
list:
dist: 3.1826110802330705 vs. 3.1826110802330705
--------
nle(id0,id1,dist): 31 57 1.4072042066801262
list:
dist: 1.4072042066801262 vs. 1.4072042066801262
--------
nle(id0,id1,dist): 31 45 1.5950141721945557
list:
dist: 1.5950141721945557 vs. 1.5950141721945557
--------
nle(id0,id1,dist): 31 44 2.2432452823480324
list:
dist: 2.2432452823480324 vs. 2.2432452823480324
--------
nle(id0,id1,dist): 31 42 3.2578532868396928
list:
dist: 3.2578532868396928 vs. 3.2578532868396928
--------
nle(id0,id1,dist): 31 41 1.0200154273521649
list:
dist: 1.0200154273521649 vs. 1.0200154273521649
--------
nle(id0,id1,dist): 31 40 2.5169737456906205
list:
dist: 2.5169737456906205 vs. 2.5169737456906205
--------
nle(id0,id1,dist): 31 51 3.973414062701844
list:
dist: 3.973414062701844 vs. 3.973414062701844
--------
nle(id0,id1,dist): 31 50 3.40667166050969
list:
dist: 3.40667166050969 vs. 3.40667166050969
--------
nle(id0,id1,dist): 31 49 3.031054738265468
list:
dist: 3.031054738265468 vs. 3.031054738265468
--------
nle(id0,id1,dist): 31 48 3.4156201351903426
list:
dist: 3.4156201351903426 vs. 3.4156201351903426
--------
nle(id0,id1,dist): 31 47 2.3992347578580886
list:
dist: 2.3992347578580886 vs. 2.3992347578580886
--------
nle(id0,id1,dist): 31 36 2.1700171505513666
list:
dist: 2.1700171505513666 vs. 2.1700171505513666
--------
nle(id0,id1,dist): 31 37 1.580014468831554
list:
dist: 1.580014468831554 vs. 1.580014468831554
--------
nle(id0,id1,dist): 31 34 1.9835982285807523
list:
dist: 1.9835982285807523 vs. 1.9835982285807523
--------
nle(id0,id1,dist): 31 35 1.79244372785371
list:
dist: 1.79244372785371 vs. 1.79244372785371
--------
nle(id0,id1,dist): 31 32 0.5009828322337917
list:
dist: 0.5009828322337917 vs. 0.5009828322337917
--------
nle(id0,id1,dist): 44 45 2.3479828474365734
list:
dist: 2.3479828474365734 vs. 2.3479828474365734
--------
nle(id0,id1,dist): 44 46 3.766680764553715
list:
dist: 3.766680764553715 vs. 3.766680764553715
--------
nle(id0,id1,dist): 43 51 3.02148197570984
list:
dist: 3.02148197570984 vs. 3.02148197570984
--------
nle(id0,id1,dist): 42 46 3.589691971477298
list:
dist: 3.589691971477298 vs. 3.589691971477298
--------
nle(id0,id1,dist): 42 43 3.815358450893975
list:
dist: 3.815358450893975 vs. 3.815358450893975
--------
nle(id0,id1,dist): 42 59 2.0754155894838635
list:
dist: 2.0754155894838635 vs. 2.0754155894838635
--------
nle(id0,id1,dist): 42 57 2.4365497905186984
list:
dist: 2.4365497905186984 vs. 2.4365497905186984
--------
nle(id0,id1,dist): 42 58 2.266645626635304
list:
dist: 2.266645626635304 vs. 2.266645626635304
--------
nle(id0,id1,dist): 42 55 0.8468452829965927
list:
dist: 0.8468452829965927 vs. 0.8468452829965927
--------
nle(id0,id1,dist): 42 54 1.6861316537721265
list:
dist: 1.6861316537721265 vs. 1.6861316537721265
--------
nle(id0,id1,dist): 42 52 1.5011187519942168
list:
dist: 1.5011187519942168 vs. 1.5011187519942168
--------
nle(id0,id1,dist): 42 49 1.5308425226945777
list:
dist: 1.5308425226945777 vs. 1.5308425226945777
--------
nle(id0,id1,dist): 42 50 0.6960215746428051
list:
dist: 0.6960215746428051 vs. 0.6960215746428051
--------
nle(id0,id1,dist): 42 47 1.3555686410403227
list:
dist: 1.3555686410403227 vs. 1.3555686410403227
--------
nle(id0,id1,dist): 42 48 1.779186428018319
list:
dist: 1.779186428018319 vs. 1.779186428018319
--------
nle(id0,id1,dist): 41 45 1.0968108958750369
list:
dist: 1.0968108958750369 vs. 1.0968108958750369
--------
nle(id0,id1,dist): 41 44 1.4568214156121289
list:
dist: 1.4568214156121289 vs. 1.4568214156121289
--------
nle(id0,id1,dist): 41 57 1.9336646079352018
list:
dist: 1.9336646079352018 vs. 1.9336646079352018
--------
nle(id0,id1,dist): 41 54 2.9561007374598587
list:
dist: 2.9561007374598587 vs. 2.9561007374598587
--------
nle(id0,id1,dist): 40 42 1.544147712159495
list:
dist: 1.544147712159495 vs. 1.544147712159495
--------
nle(id0,id1,dist): 40 47 1.2011772479025313
list:
dist: 1.2011772479025313 vs. 1.2011772479025313
--------
nle(id0,id1,dist): 40 48 1.3382460352358374
list:
dist: 1.3382460352358374 vs. 1.3382460352358374
--------
nle(id0,id1,dist): 40 45 3.236285019452241
list:
dist: 3.236285019452241 vs. 3.236285019452241
--------
nle(id0,id1,dist): 40 51 1.6181436949068873
list:
dist: 1.6181436949068873 vs. 1.6181436949068873
--------
nle(id0,id1,dist): 40 52 2.4284785920878544
list:
dist: 2.4284785920878544 vs. 2.4284785920878544
--------
nle(id0,id1,dist): 40 49 2.1041849273433235
list:
dist: 2.1041849273433235 vs. 2.1041849273433235
--------
nle(id0,id1,dist): 40 50 1.931934417019098
list:
dist: 1.931934417019098 vs. 1.931934417019098
--------
nle(id0,id1,dist): 40 55 1.4673158355211744
list:
dist: 1.4673158355211744 vs. 1.4673158355211744
--------
nle(id0,id1,dist): 40 56 1.3297809470542301
list:
dist: 1.3297809470542301 vs. 1.3297809470542301
--------
nle(id0,id1,dist): 40 54 2.416065302549234
list:
dist: 2.416065302549234 vs. 2.416065302549234
--------
nle(id0,id1,dist): 40 59 3.418161037136859
list:
dist: 3.418161037136859 vs. 3.418161037136859
--------
nle(id0,id1,dist): 40 58 3.4217953699851846
list:
dist: 3.4217953699851846 vs. 3.4217953699851846
--------
nle(id0,id1,dist): 40 57 2.4378829456803732
list:
dist: 2.4378829456803732 vs. 2.4378829456803732
--------
nle(id0,id1,dist): 39 46 0.8762921967278298
list:
dist: 0.8762921967278298 vs. 0.8762921967278298
--------
nle(id0,id1,dist): 39 49 2.408515560918659
list:
dist: 2.408515560918659 vs. 2.408515560918659
--------
nle(id0,id1,dist): 39 50 2.602419068014348
list:
dist: 2.602419068014348 vs. 2.602419068014348
--------
nle(id0,id1,dist): 39 54 1.3682289904435478
list:
dist: 1.3682289904435478 vs. 1.3682289904435478
--------
nle(id0,id1,dist): 39 55 2.3193995246925416
list:
dist: 2.3193995246925416 vs. 2.3193995246925416
--------
nle(id0,id1,dist): 39 57 1.9643504700549983
list:
dist: 1.9643504700549983 vs. 1.9643504700549983
--------
nle(id0,id1,dist): 38 53 2.5851799767299215
list:
dist: 2.5851799767299215 vs. 2.5851799767299215
--------
nle(id0,id1,dist): 38 74 4.184807045027601
list:
dist: 4.184807045027601 vs. 4.184807045027601
--------
nle(id0,id1,dist): 38 68 2.1073407625165195
list:
dist: 2.1073407625165195 vs. 2.1073407625165195
--------
nle(id0,id1,dist): 39 44 3.3769239565779228
list:
dist: 3.3769239565779228 vs. 3.3769239565779228
--------
nle(id0,id1,dist): 39 42 2.8726375206991936
list:
dist: 2.8726375206991936 vs. 2.8726375206991936
--------
nle(id0,id1,dist): 37 57 1.5705410614849589
list:
dist: 1.5705410614849589 vs. 1.5705410614849589
--------
nle(id0,id1,dist): 23 28 1.3003679705292286
list:
dist: 1.3003679705292286 vs. 1.3003679705292286
--------
nle(id0,id1,dist): 23 29 0.8303444536312582
list:
dist: 0.8303444536312582 vs. 0.8303444536312582
--------
nle(id0,id1,dist): 23 27 1.8243463584646795
list:
dist: 1.8243463584646795 vs. 1.8243463584646795
--------
nle(id0,id1,dist): 23 24 1.3911594389310906
list:
dist: 1.3911594389310906 vs. 1.3911594389310906
--------
nle(id0,id1,dist): 21 26 2.881619538092029
list:
dist: 2.881619538092029 vs. 2.881619538092029
--------
nle(id0,id1,dist): 21 27 2.6021024236520853
list:
dist: 2.6021024236520853 vs. 2.6021024236520853
--------
nle(id0,id1,dist): 21 24 1.025313490827167
list:
dist: 1.025313490827167 vs. 1.025313490827167
--------
nle(id0,id1,dist): 21 25 1.4256117299651463
list:
dist: 1.4256117299651463 vs. 1.4256117299651463
--------
nle(id0,id1,dist): 21 28 2.21231755317889
list:
dist: 2.21231755317889 vs. 2.21231755317889
--------
nle(id0,id1,dist): 21 29 1.255699005651549
list:
dist: 1.255699005651549 vs. 1.255699005651549
--------
nle(id0,id1,dist): 21 23 1.7381053858485194
list:
dist: 1.7381053858485194 vs. 1.7381053858485194
--------
nle(id0,id1,dist): 21 22 1.715880215618385
list:
dist: 1.715880215618385 vs. 1.715880215618385
--------
nle(id0,id1,dist): 22 27 1.3256766209052266
list:
dist: 1.3256766209052266 vs. 1.3256766209052266
--------
nle(id0,id1,dist): 22 28 0.6917161394672674
list:
dist: 0.6917161394672674 vs. 0.6917161394672674
--------
nle(id0,id1,dist): 22 29 1.4155633703953034
list:
dist: 1.4155633703953034 vs. 1.4155633703953034
--------
nle(id0,id1,dist): 22 23 0.8314187672580977
list:
dist: 0.8314187672580977 vs. 0.8314187672580977
--------
nle(id0,id1,dist): 22 24 1.2559778097762688
list:
dist: 1.2559778097762688 vs. 1.2559778097762688
--------
nle(id0,id1,dist): 22 25 1.9673482734340908
list:
dist: 1.9673482734340908 vs. 1.9673482734340908
--------
nle(id0,id1,dist): 22 26 2.3586195710116433
list:
dist: 2.3586195710116433 vs. 2.3586195710116433
--------
nle(id0,id1,dist): 19 24 1.610943937218791
list:
dist: 1.610943937218791 vs. 1.610943937218791
--------
nle(id0,id1,dist): 19 25 1.7684450483635652
list:
dist: 1.7684450483635652 vs. 1.7684450483635652
--------
nle(id0,id1,dist): 19 22 2.392114080877233
list:
dist: 2.392114080877233 vs. 2.392114080877233
--------
nle(id0,id1,dist): 19 21 2.4885517326964255
list:
dist: 2.4885517326964255 vs. 2.4885517326964255
--------
nle(id0,id1,dist): 19 28 2.087366380757741
list:
dist: 2.087366380757741 vs. 2.087366380757741
--------
nle(id0,id1,dist): 19 26 1.1899573187738084
list:
dist: 1.1899573187738084 vs. 1.1899573187738084
--------
nle(id0,id1,dist): 19 27 1.7220750555479092
list:
dist: 1.7220750555479092 vs. 1.7220750555479092
--------
nle(id0,id1,dist): 20 29 1.628038123083256
list:
dist: 1.628038123083256 vs. 1.628038123083256
--------
nle(id0,id1,dist): 20 27 3.634491995644448
list:
dist: 3.634491995644448 vs. 3.634491995644448
--------
nle(id0,id1,dist): 20 28 3.012123495705401
list:
dist: 3.012123495705401 vs. 3.012123495705401
--------
nle(id0,id1,dist): 20 21 2.092162137467189
list:
dist: 2.092162137467189 vs. 2.092162137467189
--------
nle(id0,id1,dist): 20 22 2.3321225790440425
list:
dist: 2.3321225790440425 vs. 2.3321225790440425
--------
nle(id0,id1,dist): 20 23 1.9548874617468488
list:
dist: 1.9548874617468488 vs. 1.9548874617468488
--------
nle(id0,id1,dist): 20 24 2.674534716108521
list:
dist: 2.674534716108521 vs. 2.674534716108521
--------
nle(id0,id1,dist): 18 22 1.7543865496293936
list:
dist: 1.7543865496293936 vs. 1.7543865496293936
--------
nle(id0,id1,dist): 18 21 2.014777166383403
list:
dist: 2.014777166383403 vs. 2.014777166383403
--------
nle(id0,id1,dist): 18 20 0.9968929814158354
list:
dist: 0.9968929814158354 vs. 0.9968929814158354
--------
nle(id0,id1,dist): 17 28 1.6899458395032694
list:
dist: 1.6899458395032694 vs. 1.6899458395032694
--------
nle(id0,id1,dist): 17 29 0.9075923994938865
list:
dist: 0.9075923994938865 vs. 0.9075923994938865
--------
nle(id0,id1,dist): 18 23 1.1347774164369364
list:
dist: 1.1347774164369364 vs. 1.1347774164369364
--------
nle(id0,id1,dist): 18 24 2.2063157186487934
list:
dist: 2.2063157186487934 vs. 2.2063157186487934
--------
nle(id0,id1,dist): 18 27 2.9383453537798068
list:
dist: 2.9383453537798068 vs. 2.9383453537798068
--------
nle(id0,id1,dist): 18 28 2.357096834386545
list:
dist: 2.357096834386545 vs. 2.357096834386545
--------
nle(id0,id1,dist): 18 29 1.0167709746725464
list:
dist: 1.0167709746725464 vs. 1.0167709746725464
--------
nle(id0,id1,dist): 30 41 1.7462672070466452
list:
dist: 1.7462672070466452 vs. 1.7462672070466452
--------
nle(id0,id1,dist): 30 37 2.160684878783728
list:
dist: 2.160684878783728 vs. 2.160684878783728
--------
nle(id0,id1,dist): 30 36 3.122402400291998
list:
dist: 3.122402400291998 vs. 3.122402400291998
--------
nle(id0,id1,dist): 30 35 0.9999793183569223
list:
dist: 0.9999793183569223 vs. 0.9999793183569223
--------
nle(id0,id1,dist): 30 34 3.6040469914664266
list:
dist: 3.6040469914664266 vs. 3.6040469914664266
--------
nle(id0,id1,dist): 30 32 1.7582409000673274
list:
dist: 1.7582409000673274 vs. 1.7582409000673274
--------
nle(id0,id1,dist): 30 31 1.8729237329639843
list:
dist: 1.8729237329639843 vs. 1.8729237329639843
--------
nle(id0,id1,dist): 30 57 3.0789682207090867
list:
dist: 3.0789682207090867 vs. 3.0789682207090867
--------
nle(id0,id1,dist): 30 54 4.238896243873859
list:
dist: 4.238896243873859 vs. 4.238896243873859
--------
nle(id0,id1,dist): 30 45 2.2610321450787767
list:
dist: 2.2610321450787767 vs. 2.2610321450787767
--------
nle(id0,id1,dist): 30 44 2.259611385291211
list:
dist: 2.259611385291211 vs. 2.259611385291211
--------
nle(id0,id1,dist): 28 29 1.9555262203993162
list:
dist: 1.9555262203993162 vs. 1.9555262203993162
--------
nle(id0,id1,dist): 26 27 1.5034201402666205
list:
dist: 1.5034201402666205 vs. 1.5034201402666205
--------
nle(id0,id1,dist): 26 28 1.9141630249348474
list:
dist: 1.9141630249348474 vs. 1.9141630249348474
--------
nle(id0,id1,dist): 27 29 2.421540814827826
list:
dist: 2.421540814827826 vs. 2.421540814827826
--------
nle(id0,id1,dist): 27 28 0.6640578834313374
list:
dist: 0.6640578834313374 vs. 0.6640578834313374
--------
nle(id0,id1,dist): 24 25 1.2933019058785373
list:
dist: 1.2933019058785373 vs. 1.2933019058785373
--------
nle(id0,id1,dist): 24 26 2.0972175897612155
list:
dist: 2.0972175897612155 vs. 2.0972175897612155
--------
nle(id0,id1,dist): 24 27 1.7001271795924815
list:
dist: 1.7001271795924815 vs. 1.7001271795924815
--------
nle(id0,id1,dist): 24 28 1.476701032181068
list:
dist: 1.476701032181068 vs. 1.476701032181068
--------
nle(id0,id1,dist): 24 29 1.2991938844453126
list:
dist: 1.2991938844453126 vs. 1.2991938844453126
--------
nle(id0,id1,dist): 25 26 1.7731289229982454
list:
dist: 1.7731289229982454 vs. 1.7731289229982454
--------
nle(id0,id1,dist): 25 27 2.220884665906753
list:
dist: 2.220884665906753 vs. 2.220884665906753
--------
nle(id0,id1,dist): 25 28 2.091708893770443
list:
dist: 2.091708893770443 vs. 2.091708893770443
--------
nle(id0,id1,dist): 61 119 4.7473542785789
list:
dist: 4.7473542785789 vs. 4.7473542785789
--------
nle(id0,id1,dist): 61 112 4.293149842871523
list:
dist: 4.293149842871523 vs. 4.293149842871523
--------
nle(id0,id1,dist): 62 75 3.5053955379430306
list:
dist: 3.5053955379430306 vs. 3.5053955379430306
--------
nle(id0,id1,dist): 61 113 4.056699192610468
list:
dist: 4.056699192610468 vs. 4.056699192610468
--------
nle(id0,id1,dist): 61 101 3.287010464876835
list:
dist: 3.287010464876835 vs. 3.287010464876835
--------
nle(id0,id1,dist): 62 64 2.041804868845938
list:
dist: 2.041804868845938 vs. 2.041804868845938
--------
nle(id0,id1,dist): 61 100 3.250834216681651
list:
dist: 3.250834216681651 vs. 3.250834216681651
--------
nle(id0,id1,dist): 61 103 2.5495395415427327
list:
dist: 2.5495395415427327 vs. 2.5495395415427327
--------
nle(id0,id1,dist): 62 66 3.028868069617155
list:
dist: 3.028868069617155 vs. 3.028868069617155
--------
nle(id0,id1,dist): 61 102 4.535035769443239
list:
dist: 4.535035769443239 vs. 4.535035769443239
--------
nle(id0,id1,dist): 62 65 1.3486848490680265
list:
dist: 1.3486848490680265 vs. 1.3486848490680265
--------
nle(id0,id1,dist): 61 97 2.488703531394072
list:
dist: 2.488703531394072 vs. 2.488703531394072
--------
nle(id0,id1,dist): 61 96 2.3938363764954205
list:
dist: 2.3938363764954205 vs. 2.3938363764954205
--------
nle(id0,id1,dist): 61 99 3.3499558921424106
list:
dist: 3.3499558921424106 vs. 3.3499558921424106
--------
nle(id0,id1,dist): 62 72 2.3821505104294545
list:
dist: 2.3821505104294545 vs. 2.3821505104294545
--------
nle(id0,id1,dist): 61 108 3.2965261019396705
list:
dist: 3.2965261019396705 vs. 3.2965261019396705
--------
nle(id0,id1,dist): 62 73 1.062286532151229
list:
dist: 1.062286532151229 vs. 1.062286532151229
--------
nle(id0,id1,dist): 61 107 4.4030596866424005
list:
dist: 4.4030596866424005 vs. 4.4030596866424005
--------
nle(id0,id1,dist): 62 70 1.394719840460932
list:
dist: 1.394719840460932 vs. 1.394719840460932
--------
nle(id0,id1,dist): 61 106 3.743519584027427
list:
dist: 3.743519584027427 vs. 3.743519584027427
--------
nle(id0,id1,dist): 62 69 2.552208187046498
list:
dist: 2.552208187046498 vs. 2.552208187046498
--------
nle(id0,id1,dist): 61 81 3.8477566102150007
list:
dist: 3.8477566102150007 vs. 3.8477566102150007
--------
nle(id0,id1,dist): 61 94 3.9621077214531573
list:
dist: 3.9621077214531573 vs. 3.9621077214531573
--------
nle(id0,id1,dist): 61 95 3.2098291818995275
list:
dist: 3.2098291818995275 vs. 3.2098291818995275
--------
nle(id0,id1,dist): 61 92 3.4875229644018844
list:
dist: 3.4875229644018844 vs. 3.4875229644018844
--------
nle(id0,id1,dist): 61 93 2.756244664709808
list:
dist: 2.756244664709808 vs. 2.756244664709808
--------
nle(id0,id1,dist): 61 90 3.9476386797298315
list:
dist: 3.9476386797298315 vs. 3.9476386797298315
--------
nle(id0,id1,dist): 61 71 3.906521451608922
list:
dist: 3.906521451608922 vs. 3.906521451608922
--------
nle(id0,id1,dist): 61 66 2.8874296019832246
list:
dist: 2.8874296019832246 vs. 2.8874296019832246
--------
nle(id0,id1,dist): 64 65 1.425346982846448
list:
dist: 1.425346982846448 vs. 1.425346982846448
--------
nle(id0,id1,dist): 64 66 3.8978254324571946
list:
dist: 3.8978254324571946 vs. 3.8978254324571946
--------
nle(id0,id1,dist): 64 68 1.9013627688175763
list:
dist: 1.9013627688175763 vs. 1.9013627688175763
--------
nle(id0,id1,dist): 64 69 3.4031118102676157
list:
dist: 3.4031118102676157 vs. 3.4031118102676157
--------
nle(id0,id1,dist): 64 70 2.1172860108429554
list:
dist: 2.1172860108429554 vs. 2.1172860108429554
--------
nle(id0,id1,dist): 64 72 2.5306075699326422
list:
dist: 2.5306075699326422 vs. 2.5306075699326422
--------
nle(id0,id1,dist): 64 73 1.711636463816265
list:
dist: 1.711636463816265 vs. 1.711636463816265
--------
nle(id0,id1,dist): 64 74 2.399622693282323
list:
dist: 2.399622693282323 vs. 2.399622693282323
--------
nle(id0,id1,dist): 64 75 2.326346989140327
list:
dist: 2.326346989140327 vs. 2.326346989140327
--------
nle(id0,id1,dist): 63 87 1.2015935113793035
list:
dist: 1.2015935113793035 vs. 1.2015935113793035
--------
nle(id0,id1,dist): 63 86 3.9591435235925068
list:
dist: 3.9591435235925068 vs. 3.9591435235925068
--------
nle(id0,id1,dist): 63 72 1.8103889383238254
list:
dist: 1.8103889383238254 vs. 1.8103889383238254
--------
nle(id0,id1,dist): 63 73 3.0321766203272094
list:
dist: 3.0321766203272094 vs. 3.0321766203272094
--------
nle(id0,id1,dist): 63 70 2.5116946987247184
list:
dist: 2.5116946987247184 vs. 2.5116946987247184
--------
nle(id0,id1,dist): 63 71 1.2372923385394394
list:
dist: 1.2372923385394394 vs. 1.2372923385394394
--------
nle(id0,id1,dist): 63 76 2.7466408771385655
list:
dist: 2.7466408771385655 vs. 2.7466408771385655
--------
nle(id0,id1,dist): 63 77 1.6142500405743863
list:
dist: 1.6142500405743863 vs. 1.6142500405743863
--------
nle(id0,id1,dist): 63 75 3.0818194741257723
list:
dist: 3.0818194741257723 vs. 3.0818194741257723
--------
nle(id0,id1,dist): 63 80 0.7185924271851756
list:
dist: 0.7185924271851756 vs. 0.7185924271851756
--------
nle(id0,id1,dist): 63 81 1.8971554405999078
list:
dist: 1.8971554405999078 vs. 1.8971554405999078
--------
nle(id0,id1,dist): 63 78 2.6402210090053946
list:
dist: 2.6402210090053946 vs. 2.6402210090053946
--------
nle(id0,id1,dist): 63 84 1.5888681973586152
list:
dist: 1.5888681973586152 vs. 1.5888681973586152
--------
nle(id0,id1,dist): 63 85 2.019053893144474
list:
dist: 2.019053893144474 vs. 2.019053893144474
--------
nle(id0,id1,dist): 63 82 0.880316505685105
list:
dist: 0.880316505685105 vs. 0.880316505685105
--------
nle(id0,id1,dist): 63 83 3.0651183047310027
list:
dist: 3.0651183047310027 vs. 3.0651183047310027
--------
nle(id0,id1,dist): 63 69 1.5531217432065543
list:
dist: 1.5531217432065543 vs. 1.5531217432065543
--------
nle(id0,id1,dist): 63 66 1.8473635365343355
list:
dist: 1.8473635365343355 vs. 1.8473635365343355
--------
nle(id0,id1,dist): 58 59 0.588865088159157
list:
dist: 0.588865088159157 vs. 0.588865088159157
--------
nle(id0,id1,dist): 60 85 2.6063025247158915
list:
dist: 2.6063025247158915 vs. 2.6063025247158915
--------
nle(id0,id1,dist): 60 87 1.974469093328951
list:
dist: 1.974469093328951 vs. 1.974469093328951
--------
nle(id0,id1,dist): 60 77 1.883062248613996
list:
dist: 1.883062248613996 vs. 1.883062248613996
--------
nle(id0,id1,dist): 60 78 3.38975630712132
list:
dist: 3.38975630712132 vs. 3.38975630712132
--------
nle(id0,id1,dist): 60 80 1.5048202905239978
list:
dist: 1.5048202905239978 vs. 1.5048202905239978
--------
nle(id0,id1,dist): 60 82 1.528580787998597
list:
dist: 1.528580787998597 vs. 1.528580787998597
--------
nle(id0,id1,dist): 60 83 4.119032226756072
list:
dist: 4.119032226756072 vs. 4.119032226756072
--------
nle(id0,id1,dist): 60 84 3.112471470569301
list:
dist: 3.112471470569301 vs. 3.112471470569301
--------
nle(id0,id1,dist): 60 69 1.0148275979498524
list:
dist: 1.0148275979498524 vs. 1.0148275979498524
--------
nle(id0,id1,dist): 60 70 0.7951282052565745
list:
dist: 0.7951282052565745 vs. 0.7951282052565745
--------
nle(id0,id1,dist): 60 71 2.052796513436724
list:
dist: 2.052796513436724 vs. 2.052796513436724
--------
nle(id0,id1,dist): 60 72 0.9005829879014415
list:
dist: 0.9005829879014415 vs. 0.9005829879014415
--------
nle(id0,id1,dist): 60 73 1.233125932835885
list:
dist: 1.233125932835885 vs. 1.233125932835885
--------
nle(id0,id1,dist): 60 75 2.7049291374397875
list:
dist: 2.7049291374397875 vs. 2.7049291374397875
--------
nle(id0,id1,dist): 60 64 2.765386835025085
list:
dist: 2.765386835025085 vs. 2.765386835025085
--------
nle(id0,id1,dist): 60 63 1.8997069270246507
list:
dist: 1.8997069270246507 vs. 1.8997069270246507
--------
nle(id0,id1,dist): 60 62 1.910249879828568
list:
dist: 1.910249879828568 vs. 1.910249879828568
--------
nle(id0,id1,dist): 60 66 1.7379981903775046
list:
dist: 1.7379981903775046 vs. 1.7379981903775046
--------
nle(id0,id1,dist): 60 65 2.1165165359974627
list:
dist: 2.1165165359974627 vs. 2.1165165359974627
--------
nle(id0,id1,dist): 69 71 1.890292447186213
list:
dist: 1.890292447186213 vs. 1.890292447186213
--------
nle(id0,id1,dist): 69 70 1.3638847634004592
list:
dist: 1.3638847634004592 vs. 1.3638847634004592
--------
nle(id0,id1,dist): 69 78 3.3297848638309913
list:
dist: 3.3297848638309913 vs. 3.3297848638309913
--------
nle(id0,id1,dist): 69 77 1.9708551030526211
list:
dist: 1.9708551030526211 vs. 1.9708551030526211
--------
nle(id0,id1,dist): 69 75 3.178745681124056
list:
dist: 3.178745681124056 vs. 3.178745681124056
--------
nle(id0,id1,dist): 69 72 1.5650903691310092
list:
dist: 1.5650903691310092 vs. 1.5650903691310092
--------
nle(id0,id1,dist): 69 73 2.0913189350154466
list:
dist: 2.0913189350154466 vs. 2.0913189350154466
--------
nle(id0,id1,dist): 69 87 1.9147735478734824
list:
dist: 1.9147735478734824 vs. 1.9147735478734824
--------
nle(id0,id1,dist): 69 84 2.6667816231874966
list:
dist: 2.6667816231874966 vs. 2.6667816231874966
--------
nle(id0,id1,dist): 69 85 2.87392724604411
list:
dist: 2.87392724604411 vs. 2.87392724604411
--------
nle(id0,id1,dist): 69 82 0.8961919479019982
list:
dist: 0.8961919479019982 vs. 0.8961919479019982
--------
nle(id0,id1,dist): 69 83 3.78193049998492
list:
dist: 3.78193049998492 vs. 3.78193049998492
--------
nle(id0,id1,dist): 69 80 1.574390258184319
list:
dist: 1.574390258184319 vs. 1.574390258184319
--------
nle(id0,id1,dist): 67 102 2.2772092421251715
list:
dist: 2.2772092421251715 vs. 2.2772092421251715
--------
nle(id0,id1,dist): 67 104 2.2689979330296897
list:
dist: 2.2689979330296897 vs. 2.2689979330296897
--------
nle(id0,id1,dist): 67 99 3.482478848933651
list:
dist: 3.482478848933651 vs. 3.482478848933651
--------
nle(id0,id1,dist): 67 98 1.1851781470929736
list:
dist: 1.1851781470929736 vs. 1.1851781470929736
--------
nle(id0,id1,dist): 67 100 4.341195363341373
list:
dist: 4.341195363341373 vs. 4.341195363341373
--------
nle(id0,id1,dist): 67 111 1.864282235034788
list:
dist: 1.864282235034788 vs. 1.864282235034788
--------
nle(id0,id1,dist): 68 74 2.143080578168901
list:
dist: 2.143080578168901 vs. 2.143080578168901
--------
nle(id0,id1,dist): 67 110 2.3873759030389565
list:
dist: 2.3873759030389565 vs. 2.3873759030389565
--------
nle(id0,id1,dist): 68 73 3.4338462326346213
list:
dist: 3.4338462326346213 vs. 3.4338462326346213
--------
nle(id0,id1,dist): 67 113 1.8961854860303546
list:
dist: 1.8961854860303546 vs. 1.8961854860303546
--------
nle(id0,id1,dist): 68 75 2.4500215305419615
list:
dist: 2.4500215305419615 vs. 2.4500215305419615
--------
nle(id0,id1,dist): 67 112 1.785039778968861
list:
dist: 1.785039778968861 vs. 1.785039778968861
--------
nle(id0,id1,dist): 67 107 3.12866752480644
list:
dist: 3.12866752480644 vs. 3.12866752480644
--------
nle(id0,id1,dist): 67 106 3.5548057420322516
list:
dist: 3.5548057420322516 vs. 3.5548057420322516
--------
nle(id0,id1,dist): 67 109 2.4348610849793397
list:
dist: 2.4348610849793397 vs. 2.4348610849793397
--------
nle(id0,id1,dist): 68 72 3.7497949088903004
list:
dist: 3.7497949088903004 vs. 3.7497949088903004
--------
nle(id0,id1,dist): 67 108 2.942525575099768
list:
dist: 2.942525575099768 vs. 2.942525575099768
--------
nle(id0,id1,dist): 67 118 1.607227530115987
list:
dist: 1.607227530115987 vs. 1.607227530115987
--------
nle(id0,id1,dist): 67 119 1.5586253716256366
list:
dist: 1.5586253716256366 vs. 1.5586253716256366
--------
nle(id0,id1,dist): 68 83 4.896703444793789
list:
dist: 4.896703444793789 vs. 4.896703444793789
--------
nle(id0,id1,dist): 68 77 3.794260936469232
list:
dist: 3.794260936469232 vs. 3.794260936469232
--------
nle(id0,id1,dist): 67 114 1.9037617083868812
list:
dist: 1.9037617083868812 vs. 1.9037617083868812
--------
nle(id0,id1,dist): 67 115 1.5676305241295814
list:
dist: 1.5676305241295814 vs. 1.5676305241295814
--------
nle(id0,id1,dist): 68 78 4.01869168014788
list:
dist: 4.01869168014788 vs. 4.01869168014788
--------
nle(id0,id1,dist): 67 116 0.9424471245990113
list:
dist: 0.9424471245990113 vs. 0.9424471245990113
--------
nle(id0,id1,dist): 67 117 0.8599111539625799
list:
dist: 0.8599111539625799 vs. 0.8599111539625799
--------
nle(id0,id1,dist): 68 85 4.040664676341397
list:
dist: 4.040664676341397 vs. 4.040664676341397
--------
nle(id0,id1,dist): 68 87 4.283914151531741
list:
dist: 4.283914151531741 vs. 4.283914151531741
--------
nle(id0,id1,dist): 68 88 3.8426397883482073
list:
dist: 3.8426397883482073 vs. 3.8426397883482073
--------
nle(id0,id1,dist): 70 85 2.926443015825536
list:
dist: 2.926443015825536 vs. 2.926443015825536
--------
nle(id0,id1,dist): 70 84 3.8245285968805036
list:
dist: 3.8245285968805036 vs. 3.8245285968805036
--------
nle(id0,id1,dist): 70 83 4.213727657960642
list:
dist: 4.213727657960642 vs. 4.213727657960642
--------
nle(id0,id1,dist): 70 87 2.3076777773042867
list:
dist: 2.3076777773042867 vs. 2.3076777773042867
--------
nle(id0,id1,dist): 71 72 1.532834176642653
list:
dist: 1.532834176642653 vs. 1.532834176642653
--------
nle(id0,id1,dist): 71 73 2.81857403357854
list:
dist: 2.81857403357854 vs. 2.81857403357854
--------
nle(id0,id1,dist): 71 76 2.3300679936897826
list:
dist: 2.3300679936897826 vs. 2.3300679936897826
--------
nle(id0,id1,dist): 71 77 0.5622991133184696
list:
dist: 0.5622991133184696 vs. 0.5622991133184696
--------
nle(id0,id1,dist): 71 75 2.063614510050947
list:
dist: 2.063614510050947 vs. 2.063614510050947
--------
nle(id0,id1,dist): 70 71 2.3443288881942417
list:
dist: 2.3443288881942417 vs. 2.3443288881942417
--------
nle(id0,id1,dist): 70 72 1.1996808072375573
list:
dist: 1.1996808072375573 vs. 1.1996808072375573
--------
nle(id0,id1,dist): 70 73 0.8044368666001163
list:
dist: 0.8044368666001163 vs. 0.8044368666001163
--------
nle(id0,id1,dist): 70 75 2.581273572578694
list:
dist: 2.581273572578694 vs. 2.581273572578694
--------
nle(id0,id1,dist): 70 77 2.0682684906338187
list:
dist: 2.0682684906338187 vs. 2.0682684906338187
--------
nle(id0,id1,dist): 70 78 3.488323762509493
list:
dist: 3.488323762509493 vs. 3.488323762509493
--------
nle(id0,id1,dist): 70 80 2.202310710948585
list:
dist: 2.202310710948585 vs. 2.202310710948585
--------
nle(id0,id1,dist): 70 82 2.1283333803634688
list:
dist: 2.1283333803634688 vs. 2.1283333803634688
--------
nle(id0,id1,dist): 66 70 1.9421544592320714
list:
dist: 1.9421544592320714 vs. 1.9421544592320714
--------
nle(id0,id1,dist): 66 69 0.7369425689971302
list:
dist: 0.7369425689971302 vs. 0.7369425689971302
--------
nle(id0,id1,dist): 65 73 1.3997449151745553
list:
dist: 1.3997449151745553 vs. 1.3997449151745553
--------
nle(id0,id1,dist): 65 72 2.3075277917483703
list:
dist: 2.3075277917483703 vs. 2.3075277917483703
--------
nle(id0,id1,dist): 65 75 2.916813467072362
list:
dist: 2.916813467072362 vs. 2.916813467072362
--------
nle(id0,id1,dist): 65 74 3.328996214597213
list:
dist: 3.328996214597213 vs. 3.328996214597213
--------
nle(id0,id1,dist): 65 69 2.4647314158700766
list:
dist: 2.4647314158700766 vs. 2.4647314158700766
--------
nle(id0,id1,dist): 65 68 3.1730477915020354
list:
dist: 3.1730477915020354 vs. 3.1730477915020354
--------
nle(id0,id1,dist): 65 70 1.3215954514619102
list:
dist: 1.3215954514619102 vs. 1.3215954514619102
--------
nle(id0,id1,dist): 65 66 2.8062060441815038
list:
dist: 2.8062060441815038 vs. 2.8062060441815038
--------
nle(id0,id1,dist): 67 79 1.7417474852615835
list:
dist: 1.7417474852615835 vs. 1.7417474852615835
--------
nle(id0,id1,dist): 67 92 3.1548033689087
list:
dist: 3.1548033689087 vs. 3.1548033689087
--------
nle(id0,id1,dist): 67 91 3.081867821397876
list:
dist: 3.081867821397876 vs. 3.081867821397876
--------
nle(id0,id1,dist): 67 96 4.1902246938278545
list:
dist: 4.1902246938278545 vs. 4.1902246938278545
--------
nle(id0,id1,dist): 67 95 2.979648450981654
list:
dist: 2.979648450981654 vs. 2.979648450981654
--------
nle(id0,id1,dist): 66 80 2.1047372106446907
list:
dist: 2.1047372106446907 vs. 2.1047372106446907
--------
nle(id0,id1,dist): 66 82 1.1298918936981364
list:
dist: 1.1298918936981364 vs. 1.1298918936981364
--------
nle(id0,id1,dist): 66 83 3.81767250617285
list:
dist: 3.81767250617285 vs. 3.81767250617285
--------
nle(id0,id1,dist): 66 84 2.716907528799936
list:
dist: 2.716907528799936 vs. 2.716907528799936
--------
nle(id0,id1,dist): 66 85 3.3731202063769534
list:
dist: 3.3731202063769534 vs. 3.3731202063769534
--------
nle(id0,id1,dist): 66 71 2.2210796184616135
list:
dist: 2.2210796184616135 vs. 2.2210796184616135
--------
nle(id0,id1,dist): 66 72 2.2554267955470197
list:
dist: 2.2554267955470197 vs. 2.2554267955470197
--------
nle(id0,id1,dist): 66 73 2.720071527655517
list:
dist: 2.720071527655517 vs. 2.720071527655517
--------
nle(id0,id1,dist): 66 75 3.7071340625618943
list:
dist: 3.7071340625618943 vs. 3.7071340625618943
--------
nle(id0,id1,dist): 66 77 2.41905050384792
list:
dist: 2.41905050384792 vs. 2.41905050384792
--------
nle(id0,id1,dist): 66 78 3.5879103404533295
list:
dist: 3.5879103404533295 vs. 3.5879103404533295
--------
nle(id0,id1,dist): 66 87 2.310496005207715
list:
dist: 2.310496005207715 vs. 2.310496005207715
--------
nle(id0,id1,dist): 48 51 2.0158670777397187
list:
dist: 2.0158670777397187 vs. 2.0158670777397187
--------
nle(id0,id1,dist): 48 52 1.8382827261534513
list:
dist: 1.8382827261534513 vs. 1.8382827261534513
--------
nle(id0,id1,dist): 48 49 1.7543285729170217
list:
dist: 1.7543285729170217 vs. 1.7543285729170217
--------
nle(id0,id1,dist): 48 50 1.7648330952372757
list:
dist: 1.7648330952372757 vs. 1.7648330952372757
--------
nle(id0,id1,dist): 48 55 1.9630327843391047
list:
dist: 1.9630327843391047 vs. 1.9630327843391047
--------
nle(id0,id1,dist): 48 56 1.511412050712904
list:
dist: 1.511412050712904 vs. 1.511412050712904
--------
nle(id0,id1,dist): 48 54 2.938345860821703
list:
dist: 2.938345860821703 vs. 2.938345860821703
--------
nle(id0,id1,dist): 48 59 2.8504260079844976
list:
dist: 2.8504260079844976 vs. 2.8504260079844976
--------
nle(id0,id1,dist): 48 57 3.2588449038641407
list:
dist: 3.2588449038641407 vs. 3.2588449038641407
--------
nle(id0,id1,dist): 48 58 2.6363925567379463
list:
dist: 2.6363925567379463 vs. 2.6363925567379463
--------
nle(id0,id1,dist): 49 50 0.9951001404498042
list:
dist: 0.9951001404498042 vs. 0.9951001404498042
--------
nle(id0,id1,dist): 49 52 2.2049781235309345
list:
dist: 2.2049781235309345 vs. 2.2049781235309345
--------
nle(id0,id1,dist): 49 54 1.7076141570413754
list:
dist: 1.7076141570413754 vs. 1.7076141570413754
--------
nle(id0,id1,dist): 49 55 1.2603185160135855
list:
dist: 1.2603185160135855 vs. 1.2603185160135855
--------
nle(id0,id1,dist): 49 57 2.3427822537276612
list:
dist: 2.3427822537276612 vs. 2.3427822537276612
--------
nle(id0,id1,dist): 49 58 1.9914784389841864
list:
dist: 1.9914784389841864 vs. 1.9914784389841864
--------
nle(id0,id1,dist): 49 59 2.010976722843554
list:
dist: 2.010976722843554 vs. 2.010976722843554
--------
nle(id0,id1,dist): 50 54 1.6530341611511876
list:
dist: 1.6530341611511876 vs. 1.6530341611511876
--------
nle(id0,id1,dist): 50 52 1.4659493472973886
list:
dist: 1.4659493472973886 vs. 1.4659493472973886
--------
nle(id0,id1,dist): 50 59 1.5610808779207401
list:
dist: 1.5610808779207401 vs. 1.5610808779207401
--------
nle(id0,id1,dist): 50 55 0.9970124272667626
list:
dist: 0.9970124272667626 vs. 0.9970124272667626
--------
nle(id0,id1,dist): 50 58 1.7118602935562017
list:
dist: 1.7118602935562017 vs. 1.7118602935562017
--------
nle(id0,id1,dist): 50 57 2.5354620213975103
list:
dist: 2.5354620213975103 vs. 2.5354620213975103
--------
nle(id0,id1,dist): 45 47 2.838184323301747
list:
dist: 2.838184323301747 vs. 2.838184323301747
--------
nle(id0,id1,dist): 44 54 3.5240577877415977
list:
dist: 3.5240577877415977 vs. 3.5240577877415977
--------
nle(id0,id1,dist): 44 57 2.5825201437306937
list:
dist: 2.5825201437306937 vs. 2.5825201437306937
--------
nle(id0,id1,dist): 45 56 3.436596339578383
list:
dist: 3.436596339578383 vs. 3.436596339578383
--------
nle(id0,id1,dist): 45 57 2.615481511217336
list:
dist: 2.615481511217336 vs. 2.615481511217336
--------
nle(id0,id1,dist): 45 48 3.6243782748148257
list:
dist: 3.6243782748148257 vs. 3.6243782748148257
--------
nle(id0,id1,dist): 45 49 3.299861775205101
list:
dist: 3.299861775205101 vs. 3.299861775205101
--------
nle(id0,id1,dist): 45 50 4.016443171618044
list:
dist: 4.016443171618044 vs. 4.016443171618044
--------
nle(id0,id1,dist): 45 54 3.4403813579189664
list:
dist: 3.4403813579189664 vs. 3.4403813579189664
--------
nle(id0,id1,dist): 45 55 3.351539698384882
list:
dist: 3.351539698384882 vs. 3.351539698384882
--------
nle(id0,id1,dist): 46 57 2.6854197923631498
list:
dist: 2.6854197923631498 vs. 2.6854197923631498
--------
nle(id0,id1,dist): 46 55 3.117141049503355
list:
dist: 3.117141049503355 vs. 3.117141049503355
--------
nle(id0,id1,dist): 46 54 2.1380234632673867
list:
dist: 2.1380234632673867 vs. 2.1380234632673867
--------
nle(id0,id1,dist): 46 49 3.2249456479761744
list:
dist: 3.2249456479761744 vs. 3.2249456479761744
--------
nle(id0,id1,dist): 46 50 3.332610451682548
list:
dist: 3.332610451682548 vs. 3.332610451682548
--------
nle(id0,id1,dist): 47 59 2.7168702181994706
list:
dist: 2.7168702181994706 vs. 2.7168702181994706
--------
nle(id0,id1,dist): 47 58 2.702533373764939
list:
dist: 2.702533373764939 vs. 2.702533373764939
--------
nle(id0,id1,dist): 47 55 0.9458859493766535
list:
dist: 0.9458859493766535 vs. 0.9458859493766535
--------
nle(id0,id1,dist): 47 54 1.760846603373739
list:
dist: 1.760846603373739 vs. 1.760846603373739
--------
nle(id0,id1,dist): 47 57 2.013105514170653
list:
dist: 2.013105514170653 vs. 2.013105514170653
--------
nle(id0,id1,dist): 47 56 2.1273262149454384
list:
dist: 2.1273262149454384 vs. 2.1273262149454384
--------
nle(id0,id1,dist): 47 50 1.274346065201282
list:
dist: 1.274346065201282 vs. 1.274346065201282
--------
nle(id0,id1,dist): 47 51 2.6719720297201373
list:
dist: 2.6719720297201373 vs. 2.6719720297201373
--------
nle(id0,id1,dist): 47 52 2.3131923527009643
list:
dist: 2.3131923527009643 vs. 2.3131923527009643
--------
nle(id0,id1,dist): 47 48 1.2931803809878986
list:
dist: 1.2931803809878986 vs. 1.2931803809878986
--------
nle(id0,id1,dist): 47 49 0.9685236489364899
list:
dist: 0.9685236489364899 vs. 0.9685236489364899
--------
nle(id0,id1,dist): 55 57 1.6244941837334639
list:
dist: 1.6244941837334639 vs. 1.6244941837334639
--------
nle(id0,id1,dist): 55 58 2.6918905133564985
list:
dist: 2.6918905133564985 vs. 2.6918905133564985
--------
nle(id0,id1,dist): 55 59 2.5027282163199653
list:
dist: 2.5027282163199653 vs. 2.5027282163199653
--------
nle(id0,id1,dist): 51 52 2.5477244679301867
list:
dist: 2.5477244679301867 vs. 2.5477244679301867
--------
nle(id0,id1,dist): 51 56 1.5390370708342118
list:
dist: 1.5390370708342118 vs. 1.5390370708342118
--------
nle(id0,id1,dist): 52 55 2.26355407114904
list:
dist: 2.26355407114904 vs. 2.26355407114904
--------
nle(id0,id1,dist): 52 56 3.061134906329871
list:
dist: 3.061134906329871 vs. 3.061134906329871
--------
nle(id0,id1,dist): 52 59 1.6757118482978337
list:
dist: 1.6757118482978337 vs. 1.6757118482978337
--------
nle(id0,id1,dist): 52 58 1.6107273041159353
list:
dist: 1.6107273041159353 vs. 1.6107273041159353
--------
nle(id0,id1,dist): 53 68 1.8279995351023448
list:
dist: 1.8279995351023448 vs. 1.8279995351023448
--------
nle(id0,id1,dist): 53 65 2.471570720995884
list:
dist: 2.471570720995884 vs. 2.471570720995884
--------
nle(id0,id1,dist): 53 64 1.1706134579228844
list:
dist: 1.1706134579228844 vs. 1.1706134579228844
--------
nle(id0,id1,dist): 53 74 2.6419589122169467
list:
dist: 2.6419589122169467 vs. 2.6419589122169467
--------
nle(id0,id1,dist): 53 75 2.9236615161145454
list:
dist: 2.9236615161145454 vs. 2.9236615161145454
--------
nle(id0,id1,dist): 53 72 3.3246759401337185
list:
dist: 3.3246759401337185 vs. 3.3246759401337185
--------
nle(id0,id1,dist): 53 73 2.4346797151051622
list:
dist: 2.4346797151051622 vs. 2.4346797151051622
--------
nle(id0,id1,dist): 54 57 1.1703990781733216
list:
dist: 1.1703990781733216 vs. 1.1703990781733216
--------
nle(id0,id1,dist): 54 55 1.0350112311006088
list:
dist: 1.0350112311006088 vs. 1.0350112311006088
--------
nle(id0,id1,dist): 93 112 3.081037710321477
list:
dist: 3.081037710321477 vs. 3.081037710321477
--------
nle(id0,id1,dist): 93 113 2.3749840914562514
list:
dist: 2.3749840914562514 vs. 2.3749840914562514
--------
nle(id0,id1,dist): 93 115 3.243318171538197
list:
dist: 3.243318171538197 vs. 3.243318171538197
--------
nle(id0,id1,dist): 93 119 2.866140245687561
list:
dist: 2.866140245687561 vs. 2.866140245687561
--------
nle(id0,id1,dist): 93 97 2.1872685913961414
list:
dist: 2.1872685913961414 vs. 2.1872685913961414
--------
nle(id0,id1,dist): 93 96 1.7156405056989588
list:
dist: 1.7156405056989588 vs. 1.7156405056989588
--------
nle(id0,id1,dist): 93 99 2.3251794622797597
list:
dist: 2.3251794622797597 vs. 2.3251794622797597
--------
nle(id0,id1,dist): 93 98 3.1372976908043517
list:
dist: 3.1372976908043517 vs. 3.1372976908043517
--------
nle(id0,id1,dist): 93 101 2.674927313857741
list:
dist: 2.674927313857741 vs. 2.674927313857741
--------
nle(id0,id1,dist): 93 100 1.6626052515698038
list:
dist: 1.6626052515698038 vs. 1.6626052515698038
--------
nle(id0,id1,dist): 93 103 1.2606832956686915
list:
dist: 1.2606832956686915 vs. 1.2606832956686915
--------
nle(id0,id1,dist): 93 102 2.736811349001334
list:
dist: 2.736811349001334 vs. 2.736811349001334
--------
nle(id0,id1,dist): 93 105 0.9118964306867848
list:
dist: 0.9118964306867848 vs. 0.9118964306867848
--------
nle(id0,id1,dist): 93 104 2.179310429523846
list:
dist: 2.179310429523846 vs. 2.179310429523846
--------
nle(id0,id1,dist): 93 107 2.679843635510698
list:
dist: 2.679843635510698 vs. 2.679843635510698
--------
nle(id0,id1,dist): 93 106 1.7794693279313853
list:
dist: 1.7794693279313853 vs. 1.7794693279313853
--------
nle(id0,id1,dist): 93 109 1.751988023111382
list:
dist: 1.751988023111382 vs. 1.751988023111382
--------
nle(id0,id1,dist): 93 108 1.2207724275341036
list:
dist: 1.2207724275341036 vs. 1.2207724275341036
--------
nle(id0,id1,dist): 94 107 2.430550066059456
list:
dist: 2.430550066059456 vs. 2.430550066059456
--------
nle(id0,id1,dist): 94 97 1.7235195959657406
list:
dist: 1.7235195959657406 vs. 1.7235195959657406
--------
nle(id0,id1,dist): 94 96 2.2837831258161927
list:
dist: 2.2837831258161927 vs. 2.2837831258161927
--------
nle(id0,id1,dist): 94 95 2.9170696257007456
list:
dist: 2.9170696257007456 vs. 2.9170696257007456
--------
nle(id0,id1,dist): 94 102 3.1101964769127695
list:
dist: 3.1101964769127695 vs. 3.1101964769127695
--------
nle(id0,id1,dist): 94 101 1.6838303540937196
list:
dist: 1.6838303540937196 vs. 1.6838303540937196
--------
nle(id0,id1,dist): 94 100 1.1667695903115216
list:
dist: 1.1667695903115216 vs. 1.1667695903115216
--------
nle(id0,id1,dist): 94 99 2.589102901602777
list:
dist: 2.589102901602777 vs. 2.589102901602777
--------
nle(id0,id1,dist): 94 106 1.7085450083542866
list:
dist: 1.7085450083542866 vs. 1.7085450083542866
--------
nle(id0,id1,dist): 94 105 2.2589758285351156
list:
dist: 2.2589758285351156 vs. 2.2589758285351156
--------
nle(id0,id1,dist): 94 103 1.775704979371516
list:
dist: 1.775704979371516 vs. 1.775704979371516
--------
nle(id0,id1,dist): 92 97 2.753259259429178
list:
dist: 2.753259259429178 vs. 2.753259259429178
--------
nle(id0,id1,dist): 92 98 2.5834051415716592
list:
dist: 2.5834051415716592 vs. 2.5834051415716592
--------
nle(id0,id1,dist): 92 99 0.7473463817464935
list:
dist: 0.7473463817464935 vs. 0.7473463817464935
--------
nle(id0,id1,dist): 92 100 1.2635113319327036
list:
dist: 1.2635113319327036 vs. 1.2635113319327036
--------
nle(id0,id1,dist): 92 93 1.8227363481900911
list:
dist: 1.8227363481900911 vs. 1.8227363481900911
--------
nle(id0,id1,dist): 92 94 2.3375184667113014
list:
dist: 2.3375184667113014 vs. 2.3375184667113014
--------
nle(id0,id1,dist): 92 95 0.6824318610067656
list:
dist: 0.6824318610067656 vs. 0.6824318610067656
--------
nle(id0,id1,dist): 92 96 1.220748706813884
list:
dist: 1.220748706813884 vs. 1.220748706813884
--------
nle(id0,id1,dist): 91 111 1.9629488150318979
list:
dist: 1.9629488150318979 vs. 1.9629488150318979
--------
nle(id0,id1,dist): 91 110 1.2437425437111116
list:
dist: 1.2437425437111116 vs. 1.2437425437111116
--------
nle(id0,id1,dist): 91 113 2.8226852676331466
list:
dist: 2.8226852676331466 vs. 2.8226852676331466
--------
nle(id0,id1,dist): 91 112 2.3702408786247964
list:
dist: 2.3702408786247964 vs. 2.3702408786247964
--------
nle(id0,id1,dist): 91 107 0.9554380507550234
list:
dist: 0.9554380507550234 vs. 0.9554380507550234
--------
nle(id0,id1,dist): 91 106 1.9379775253047886
list:
dist: 1.9379775253047886 vs. 1.9379775253047886
--------
nle(id0,id1,dist): 91 109 2.9649095941371173
list:
dist: 2.9649095941371173 vs. 2.9649095941371173
--------
nle(id0,id1,dist): 91 108 2.8985865852279686
list:
dist: 2.8985865852279686 vs. 2.8985865852279686
--------
nle(id0,id1,dist): 91 119 1.873026721762562
list:
dist: 1.873026721762562 vs. 1.873026721762562
--------
nle(id0,id1,dist): 91 118 1.6211740868962505
list:
dist: 1.6211740868962505 vs. 1.6211740868962505
--------
nle(id0,id1,dist): 91 115 3.167871428834176
list:
dist: 3.167871428834176 vs. 3.167871428834176
--------
nle(id0,id1,dist): 91 114 1.6258305671925621
list:
dist: 1.6258305671925621 vs. 1.6258305671925621
--------
nle(id0,id1,dist): 91 117 2.5452129192010027
list:
dist: 2.5452129192010027 vs. 2.5452129192010027
--------
nle(id0,id1,dist): 91 116 2.7078311704131015
list:
dist: 2.7078311704131015 vs. 2.7078311704131015
--------
nle(id0,id1,dist): 92 119 1.6272440367824355
list:
dist: 1.6272440367824355 vs. 1.6272440367824355
--------
nle(id0,id1,dist): 92 117 2.433513005575677
list:
dist: 2.433513005575677 vs. 2.433513005575677
--------
nle(id0,id1,dist): 92 118 2.286457521002476
list:
dist: 2.286457521002476 vs. 2.286457521002476
--------
nle(id0,id1,dist): 93 94 2.3260999196995207
list:
dist: 2.3260999196995207 vs. 2.3260999196995207
--------
nle(id0,id1,dist): 93 95 1.9286421236084326
list:
dist: 1.9286421236084326 vs. 1.9286421236084326
--------
nle(id0,id1,dist): 92 108 1.2745381522158192
list:
dist: 1.2745381522158192 vs. 1.2745381522158192
--------
nle(id0,id1,dist): 92 107 1.0110334474963771
list:
dist: 1.0110334474963771 vs. 1.0110334474963771
--------
nle(id0,id1,dist): 92 106 0.717364602322968
list:
dist: 0.717364602322968 vs. 0.717364602322968
--------
nle(id0,id1,dist): 92 105 1.3216011241667807
list:
dist: 1.3216011241667807 vs. 1.3216011241667807
--------
nle(id0,id1,dist): 92 104 1.609625841937405
list:
dist: 1.609625841937405 vs. 1.609625841937405
--------
nle(id0,id1,dist): 92 103 1.267557130056109
list:
dist: 1.267557130056109 vs. 1.267557130056109
--------
nle(id0,id1,dist): 92 102 1.138064228176296
list:
dist: 1.138064228176296 vs. 1.138064228176296
--------
nle(id0,id1,dist): 92 101 1.9424431434162215
list:
dist: 1.9424431434162215 vs. 1.9424431434162215
--------
nle(id0,id1,dist): 92 116 2.8560979691131703
list:
dist: 2.8560979691131703 vs. 2.8560979691131703
--------
nle(id0,id1,dist): 92 115 2.75750874143748
list:
dist: 2.75750874143748 vs. 2.75750874143748
--------
nle(id0,id1,dist): 92 114 2.032437400777071
list:
dist: 2.032437400777071 vs. 2.032437400777071
--------
nle(id0,id1,dist): 92 113 1.8069833761991436
list:
dist: 1.8069833761991436 vs. 1.8069833761991436
--------
nle(id0,id1,dist): 92 112 1.9187312325475951
list:
dist: 1.9187312325475951 vs. 1.9187312325475951
--------
nle(id0,id1,dist): 92 111 1.9573939943010763
list:
dist: 1.9573939943010763 vs. 1.9573939943010763
--------
nle(id0,id1,dist): 92 110 2.382775304961716
list:
dist: 2.382775304961716 vs. 2.382775304961716
--------
nle(id0,id1,dist): 92 109 1.6825633756140006
list:
dist: 1.6825633756140006 vs. 1.6825633756140006
--------
nle(id0,id1,dist): 97 101 1.7140216809909745
list:
dist: 1.7140216809909745 vs. 1.7140216809909745
--------
nle(id0,id1,dist): 97 100 1.6747569886417715
list:
dist: 1.6747569886417715 vs. 1.6747569886417715
--------
nle(id0,id1,dist): 97 103 1.5392272083895087
list:
dist: 1.5392272083895087 vs. 1.5392272083895087
--------
nle(id0,id1,dist): 97 102 3.8475883548718657
list:
dist: 3.8475883548718657 vs. 3.8475883548718657
--------
nle(id0,id1,dist): 97 105 2.7008555126804765
list:
dist: 2.7008555126804765 vs. 2.7008555126804765
--------
nle(id0,id1,dist): 97 107 3.313215140291196
list:
dist: 3.313215140291196 vs. 3.313215140291196
--------
nle(id0,id1,dist): 97 106 2.499131219133239
list:
dist: 2.499131219133239 vs. 2.499131219133239
--------
nle(id0,id1,dist): 97 99 2.768810867171491
list:
dist: 2.768810867171491 vs. 2.768810867171491
--------
nle(id0,id1,dist): 96 113 2.5721212958578628
list:
dist: 2.5721212958578628 vs. 2.5721212958578628
--------
nle(id0,id1,dist): 96 114 3.249368289621545
list:
dist: 3.249368289621545 vs. 3.249368289621545
--------
nle(id0,id1,dist): 96 115 3.8400162058058815
list:
dist: 3.8400162058058815 vs. 3.8400162058058815
--------
nle(id0,id1,dist): 96 116 3.766202512054085
list:
dist: 3.766202512054085 vs. 3.766202512054085
--------
nle(id0,id1,dist): 96 117 3.396799892978093
list:
dist: 3.396799892978093 vs. 3.396799892978093
--------
nle(id0,id1,dist): 96 118 3.307674736938431
list:
dist: 3.307674736938431 vs. 3.307674736938431
--------
nle(id0,id1,dist): 96 119 2.754840828118087
list:
dist: 2.754840828118087 vs. 2.754840828118087
--------
nle(id0,id1,dist): 98 102 2.00921250615349
list:
dist: 2.00921250615349 vs. 2.00921250615349
--------
nle(id0,id1,dist): 98 100 3.635742666702164
list:
dist: 3.635742666702164 vs. 3.635742666702164
--------
nle(id0,id1,dist): 98 99 3.1065233351643293
list:
dist: 3.1065233351643293 vs. 3.1065233351643293
--------
nle(id0,id1,dist): 95 115 2.8173593627424247
list:
dist: 2.8173593627424247 vs. 2.8173593627424247
--------
nle(id0,id1,dist): 95 114 2.287224512597201
list:
dist: 2.287224512597201 vs. 2.287224512597201
--------
nle(id0,id1,dist): 95 117 2.177118632669176
list:
dist: 2.177118632669176 vs. 2.177118632669176
--------
nle(id0,id1,dist): 95 116 2.559380732961585
list:
dist: 2.559380732961585 vs. 2.559380732961585
--------
nle(id0,id1,dist): 95 111 1.616187187376963
list:
dist: 1.616187187376963 vs. 1.616187187376963
--------
nle(id0,id1,dist): 95 110 2.6861448442821487
list:
dist: 2.6861448442821487 vs. 2.6861448442821487
--------
nle(id0,id1,dist): 95 113 1.4638205177881694
list:
dist: 1.4638205177881694 vs. 1.4638205177881694
--------
nle(id0,id1,dist): 95 112 1.4712277158320206
list:
dist: 1.4712277158320206 vs. 1.4712277158320206
--------
nle(id0,id1,dist): 95 107 1.5368050193026477
list:
dist: 1.5368050193026477 vs. 1.5368050193026477
--------
nle(id0,id1,dist): 95 106 1.38504252331648
list:
dist: 1.38504252331648 vs. 1.38504252331648
--------
nle(id0,id1,dist): 95 109 1.6413223284954273
list:
dist: 1.6413223284954273 vs. 1.6413223284954273
--------
nle(id0,id1,dist): 95 108 1.1550462153636316
list:
dist: 1.1550462153636316 vs. 1.1550462153636316
--------
nle(id0,id1,dist): 95 103 1.4945848486593922
list:
dist: 1.4945848486593922 vs. 1.4945848486593922
--------
nle(id0,id1,dist): 95 102 1.3554827584881999
list:
dist: 1.3554827584881999 vs. 1.3554827584881999
--------
nle(id0,id1,dist): 95 105 1.5944865010227958
list:
dist: 1.5944865010227958 vs. 1.5944865010227958
--------
nle(id0,id1,dist): 95 104 1.829641155341028
list:
dist: 1.829641155341028 vs. 1.829641155341028
--------
nle(id0,id1,dist): 95 98 2.4701096298797185
list:
dist: 2.4701096298797185 vs. 2.4701096298797185
--------
nle(id0,id1,dist): 95 99 0.8284486860414162
list:
dist: 0.8284486860414162 vs. 0.8284486860414162
--------
nle(id0,id1,dist): 95 100 1.7764167387531868
list:
dist: 1.7764167387531868 vs. 1.7764167387531868
--------
nle(id0,id1,dist): 95 101 2.3032656765466353
list:
dist: 2.3032656765466353 vs. 2.3032656765466353
--------
nle(id0,id1,dist): 95 96 1.2203012390686403
list:
dist: 1.2203012390686403 vs. 1.2203012390686403
--------
nle(id0,id1,dist): 95 97 3.010431551208865
list:
dist: 3.010431551208865 vs. 3.010431551208865
--------
nle(id0,id1,dist): 96 112 2.6595487723837055
list:
dist: 2.6595487723837055 vs. 2.6595487723837055
--------
nle(id0,id1,dist): 96 111 2.75685915645554
list:
dist: 2.75685915645554 vs. 2.75685915645554
--------
nle(id0,id1,dist): 96 110 3.539273445914672
list:
dist: 3.539273445914672 vs. 3.539273445914672
--------
nle(id0,id1,dist): 96 109 2.4752769828178938
list:
dist: 2.4752769828178938 vs. 2.4752769828178938
--------
nle(id0,id1,dist): 96 108 1.7917025534903264
list:
dist: 1.7917025534903264 vs. 1.7917025534903264
--------
nle(id0,id1,dist): 96 107 2.025513709446623
list:
dist: 2.025513709446623 vs. 2.025513709446623
--------
nle(id0,id1,dist): 96 106 1.4831990020474122
list:
dist: 1.4831990020474122 vs. 1.4831990020474122
--------
nle(id0,id1,dist): 96 105 1.8500327219334398
list:
dist: 1.8500327219334398 vs. 1.8500327219334398
--------
nle(id0,id1,dist): 96 104 2.684212776095757
list:
dist: 2.684212776095757 vs. 2.684212776095757
--------
nle(id0,id1,dist): 96 103 0.6501469579590917
list:
dist: 0.6501469579590917 vs. 0.6501469579590917
--------
nle(id0,id1,dist): 96 102 2.3135020779085433
list:
dist: 2.3135020779085433 vs. 2.3135020779085433
--------
nle(id0,id1,dist): 96 101 1.4243673452665448
list:
dist: 1.4243673452665448 vs. 1.4243673452665448
--------
nle(id0,id1,dist): 96 100 1.186372403488194
list:
dist: 1.186372403488194 vs. 1.186372403488194
--------
nle(id0,id1,dist): 96 99 1.0572419505657802
list:
dist: 1.0572419505657802 vs. 1.0572419505657802
--------
nle(id0,id1,dist): 96 98 3.5843021698101376
list:
dist: 3.5843021698101376 vs. 3.5843021698101376
--------
nle(id0,id1,dist): 96 97 1.8878406546575082
list:
dist: 1.8878406546575082 vs. 1.8878406546575082
--------
nle(id0,id1,dist): 95 118 2.2050111342982452
list:
dist: 2.2050111342982452 vs. 2.2050111342982452
--------
nle(id0,id1,dist): 95 119 1.6126607795480599
list:
dist: 1.6126607795480599 vs. 1.6126607795480599
--------
nle(id0,id1,dist): 87 88 2.9053181155074133
list:
dist: 2.9053181155074133 vs. 2.9053181155074133
--------
nle(id0,id1,dist): 87 89 3.8286415368964035
list:
dist: 3.8286415368964035 vs. 3.8286415368964035
--------
nle(id0,id1,dist): 85 87 1.114872029013713
list:
dist: 1.114872029013713 vs. 1.114872029013713
--------
nle(id0,id1,dist): 85 86 3.224436967077168
list:
dist: 3.224436967077168 vs. 3.224436967077168
--------
nle(id0,id1,dist): 85 88 2.0633406199416395
list:
dist: 2.0633406199416395 vs. 2.0633406199416395
--------
nle(id0,id1,dist): 85 89 3.108741976046303
list:
dist: 3.108741976046303 vs. 3.108741976046303
--------
nle(id0,id1,dist): 86 87 3.4202777380747453
list:
dist: 3.4202777380747453 vs. 3.4202777380747453
--------
nle(id0,id1,dist): 86 88 2.805814664805011
list:
dist: 2.805814664805011 vs. 2.805814664805011
--------
nle(id0,id1,dist): 86 89 2.9569379697469826
list:
dist: 2.9569379697469826 vs. 2.9569379697469826
--------
nle(id0,id1,dist): 90 93 2.5224408990958262
list:
dist: 2.5224408990958262 vs. 2.5224408990958262
--------
nle(id0,id1,dist): 90 94 1.256799287695761
list:
dist: 1.256799287695761 vs. 1.256799287695761
--------
nle(id0,id1,dist): 90 91 2.0900012655182905
list:
dist: 2.0900012655182905 vs. 2.0900012655182905
--------
nle(id0,id1,dist): 90 92 1.5725091535386577
list:
dist: 1.5725091535386577 vs. 1.5725091535386577
--------
nle(id0,id1,dist): 90 106 1.1008655003845715
list:
dist: 1.1008655003845715 vs. 1.1008655003845715
--------
nle(id0,id1,dist): 90 105 2.213592620342563
list:
dist: 2.213592620342563 vs. 2.213592620342563
--------
nle(id0,id1,dist): 90 103 1.5623881622897389
list:
dist: 1.5623881622897389 vs. 1.5623881622897389
--------
nle(id0,id1,dist): 90 110 2.8921109120537127
list:
dist: 2.8921109120537127 vs. 2.8921109120537127
--------
nle(id0,id1,dist): 90 107 1.4130617785913848
list:
dist: 1.4130617785913848 vs. 1.4130617785913848
--------
nle(id0,id1,dist): 90 97 2.2107196655825803
list:
dist: 2.2107196655825803 vs. 2.2107196655825803
--------
nle(id0,id1,dist): 90 96 1.748248374337488
list:
dist: 1.748248374337488 vs. 1.748248374337488
--------
nle(id0,id1,dist): 90 95 2.165700866337143
list:
dist: 2.165700866337143 vs. 2.165700866337143
--------
nle(id0,id1,dist): 90 102 2.216389830860059
list:
dist: 2.216389830860059 vs. 2.216389830860059
--------
nle(id0,id1,dist): 90 101 1.019162937144272
list:
dist: 1.019162937144272 vs. 1.019162937144272
--------
nle(id0,id1,dist): 90 100 0.8891384959328654
list:
dist: 0.8891384959328654 vs. 0.8891384959328654
--------
nle(id0,id1,dist): 90 99 1.5973530354690828
list:
dist: 1.5973530354690828 vs. 1.5973530354690828
--------
nle(id0,id1,dist): 90 114 2.8703674864871407
list:
dist: 2.8703674864871407 vs. 2.8703674864871407
--------
nle(id0,id1,dist): 91 99 1.716773426265916
list:
dist: 1.716773426265916 vs. 1.716773426265916
--------
nle(id0,id1,dist): 91 98 3.1116339931052686
list:
dist: 3.1116339931052686 vs. 3.1116339931052686
--------
nle(id0,id1,dist): 91 101 2.6616950653307048
list:
dist: 2.6616950653307048 vs. 2.6616950653307048
--------
nle(id0,id1,dist): 91 100 2.543597861842544
list:
dist: 2.543597861842544 vs. 2.543597861842544
--------
nle(id0,id1,dist): 91 102 1.1981811031915166
list:
dist: 1.1981811031915166 vs. 1.1981811031915166
--------
nle(id0,id1,dist): 91 104 2.449307242858617
list:
dist: 2.449307242858617 vs. 2.449307242858617
--------
nle(id0,id1,dist): 91 92 1.8151299697066505
list:
dist: 1.8151299697066505 vs. 1.8151299697066505
--------
nle(id0,id1,dist): 91 95 2.1258082308300845
list:
dist: 2.1258082308300845 vs. 2.1258082308300845
--------
nle(id0,id1,dist): 91 96 2.72106536456088
list:
dist: 2.72106536456088 vs. 2.72106536456088
--------
nle(id0,id1,dist): 88 89 1.090087252508894
list:
dist: 1.090087252508894 vs. 1.090087252508894
--------
nle(id0,id1,dist): 81 82 2.5964491958313665
list:
dist: 2.5964491958313665 vs. 2.5964491958313665
--------
nle(id0,id1,dist): 81 83 2.379943049389323
list:
dist: 2.379943049389323 vs. 2.379943049389323
--------
nle(id0,id1,dist): 81 86 2.552541413154953
list:
dist: 2.552541413154953 vs. 2.552541413154953
--------
nle(id0,id1,dist): 81 87 2.186385292335934
list:
dist: 2.186385292335934 vs. 2.186385292335934
--------
nle(id0,id1,dist): 81 84 2.0846985928943136
list:
dist: 2.0846985928943136 vs. 2.0846985928943136
--------
nle(id0,id1,dist): 81 85 2.6205668247796017
list:
dist: 2.6205668247796017 vs. 2.6205668247796017
--------
nle(id0,id1,dist): 80 85 1.8208372254388072
list:
dist: 1.8208372254388072 vs. 1.8208372254388072
--------
nle(id0,id1,dist): 80 86 4.319754880047885
list:
dist: 4.319754880047885 vs. 4.319754880047885
--------
nle(id0,id1,dist): 80 87 1.2707085355651873
list:
dist: 1.2707085355651873 vs. 1.2707085355651873
--------
nle(id0,id1,dist): 79 118 2.4790087501484224
list:
dist: 2.4790087501484224 vs. 2.4790087501484224
--------
nle(id0,id1,dist): 80 81 2.4663803404161446
list:
dist: 2.4663803404161446 vs. 2.4663803404161446
--------
nle(id0,id1,dist): 79 119 2.5059847235358133
list:
dist: 2.5059847235358133 vs. 2.5059847235358133
--------
nle(id0,id1,dist): 80 82 1.114891551705486
list:
dist: 1.114891551705486 vs. 1.114891551705486
--------
nle(id0,id1,dist): 80 83 3.45321101788588
list:
dist: 3.45321101788588 vs. 3.45321101788588
--------
nle(id0,id1,dist): 80 84 1.9382287005828207
list:
dist: 1.9382287005828207 vs. 1.9382287005828207
--------
nle(id0,id1,dist): 79 109 2.957442440461743
list:
dist: 2.957442440461743 vs. 2.957442440461743
--------
nle(id0,id1,dist): 79 108 3.203926015657139
list:
dist: 3.203926015657139 vs. 3.203926015657139
--------
nle(id0,id1,dist): 79 104 3.248404280669438
list:
dist: 3.248404280669438 vs. 3.248404280669438
--------
nle(id0,id1,dist): 79 115 2.874864372001216
list:
dist: 2.874864372001216 vs. 2.874864372001216
--------
nle(id0,id1,dist): 79 117 1.5859715830925563
list:
dist: 1.5859715830925563 vs. 1.5859715830925563
--------
nle(id0,id1,dist): 79 116 1.4023822112074582
list:
dist: 1.4023822112074582 vs. 1.4023822112074582
--------
nle(id0,id1,dist): 79 111 2.0528000711003243
list:
dist: 2.0528000711003243 vs. 2.0528000711003243
--------
nle(id0,id1,dist): 79 113 2.0819751992558233
list:
dist: 2.0819751992558233 vs. 2.0819751992558233
--------
nle(id0,id1,dist): 79 112 1.7600852224062942
list:
dist: 1.7600852224062942 vs. 1.7600852224062942
--------
nle(id0,id1,dist): 79 98 2.185471022533672
list:
dist: 2.185471022533672 vs. 2.185471022533672
--------
nle(id0,id1,dist): 78 80 2.7951601651337876
list:
dist: 2.7951601651337876 vs. 2.7951601651337876
--------
nle(id0,id1,dist): 78 82 3.269593942708923
list:
dist: 3.269593942708923 vs. 3.269593942708923
--------
nle(id0,id1,dist): 78 81 2.564597842391196
list:
dist: 2.564597842391196 vs. 2.564597842391196
--------
nle(id0,id1,dist): 78 83 1.1781140199983469
list:
dist: 1.1781140199983469 vs. 1.1781140199983469
--------
nle(id0,id1,dist): 78 86 2.371886891719128
list:
dist: 2.371886891719128 vs. 2.371886891719128
--------
nle(id0,id1,dist): 78 85 1.4779105052154775
list:
dist: 1.4779105052154775 vs. 1.4779105052154775
--------
nle(id0,id1,dist): 78 88 1.7754747970688907
list:
dist: 1.7754747970688907 vs. 1.7754747970688907
--------
nle(id0,id1,dist): 78 87 1.5692870131565337
list:
dist: 1.5692870131565337 vs. 1.5692870131565337
--------
nle(id0,id1,dist): 78 89 2.4476218748533074
list:
dist: 2.4476218748533074 vs. 2.4476218748533074
--------
nle(id0,id1,dist): 83 86 1.8506288113495997
list:
dist: 1.8506288113495997 vs. 1.8506288113495997
--------
nle(id0,id1,dist): 83 87 2.287054695859674
list:
dist: 2.287054695859674 vs. 2.287054695859674
--------
nle(id0,id1,dist): 83 88 2.6082354055728487
list:
dist: 2.6082354055728487 vs. 2.6082354055728487
--------
nle(id0,id1,dist): 83 89 2.9382672444490665
list:
dist: 2.9382672444490665 vs. 2.9382672444490665
--------
nle(id0,id1,dist): 83 85 2.521645439222905
list:
dist: 2.521645439222905 vs. 2.521645439222905
--------
nle(id0,id1,dist): 82 87 1.7763071901681486
list:
dist: 1.7763071901681486 vs. 1.7763071901681486
--------
nle(id0,id1,dist): 82 84 1.7733902265351797
list:
dist: 1.7733902265351797 vs. 1.7733902265351797
--------
nle(id0,id1,dist): 82 83 3.6468892190579894
list:
dist: 3.6468892190579894 vs. 3.6468892190579894
--------
nle(id0,id1,dist): 82 86 4.736779516679818
list:
dist: 4.736779516679818 vs. 4.736779516679818
--------
nle(id0,id1,dist): 82 85 2.708832143050252
list:
dist: 2.708832143050252 vs. 2.708832143050252
--------
nle(id0,id1,dist): 74 75 0.8447834759029444
list:
dist: 0.8447834759029444 vs. 0.8447834759029444
--------
nle(id0,id1,dist): 74 78 2.5725716866291144
list:
dist: 2.5725716866291144 vs. 2.5725716866291144
--------
nle(id0,id1,dist): 74 77 2.3120725744886426
list:
dist: 2.3120725744886426 vs. 2.3120725744886426
--------
nle(id0,id1,dist): 74 83 3.7064883819152517
list:
dist: 3.7064883819152517 vs. 3.7064883819152517
--------
nle(id0,id1,dist): 74 85 2.10087718890543
list:
dist: 2.10087718890543 vs. 2.10087718890543
--------
nle(id0,id1,dist): 74 87 2.718767780532042
list:
dist: 2.718767780532042 vs. 2.718767780532042
--------
nle(id0,id1,dist): 74 88 2.2214570332834676
list:
dist: 2.2214570332834676 vs. 2.2214570332834676
--------
nle(id0,id1,dist): 73 75 2.5229536028907433
list:
dist: 2.5229536028907433 vs. 2.5229536028907433
--------
nle(id0,id1,dist): 73 74 2.8312284449592613
list:
dist: 2.8312284449592613 vs. 2.8312284449592613
--------
nle(id0,id1,dist): 73 83 4.686117475378842
list:
dist: 4.686117475378842 vs. 4.686117475378842
--------
nle(id0,id1,dist): 73 82 2.7486010011179896
list:
dist: 2.7486010011179896 vs. 2.7486010011179896
--------
nle(id0,id1,dist): 73 80 2.5697377578543503
list:
dist: 2.5697377578543503 vs. 2.5697377578543503
--------
nle(id0,id1,dist): 73 78 3.814956226407772
list:
dist: 3.814956226407772 vs. 3.814956226407772
--------
nle(id0,id1,dist): 73 77 2.433575265481789
list:
dist: 2.433575265481789 vs. 2.433575265481789
--------
nle(id0,id1,dist): 73 88 4.5892529728368645
list:
dist: 4.5892529728368645 vs. 4.5892529728368645
--------
nle(id0,id1,dist): 73 87 2.73142495229179
list:
dist: 2.73142495229179 vs. 2.73142495229179
--------
nle(id0,id1,dist): 73 85 3.0770521236926323
list:
dist: 3.0770521236926323 vs. 3.0770521236926323
--------
nle(id0,id1,dist): 72 74 2.4104401540156175
list:
dist: 2.4104401540156175 vs. 2.4104401540156175
--------
nle(id0,id1,dist): 72 73 1.3952171610940516
list:
dist: 1.3952171610940516 vs. 1.3952171610940516
--------
nle(id0,id1,dist): 72 75 1.8648504256596765
list:
dist: 1.8648504256596765 vs. 1.8648504256596765
--------
nle(id0,id1,dist): 72 78 2.665234918443785
list:
dist: 2.665234918443785 vs. 2.665234918443785
--------
nle(id0,id1,dist): 72 77 1.1904783996340078
list:
dist: 1.1904783996340078 vs. 1.1904783996340078
--------
nle(id0,id1,dist): 72 80 1.3503049391827864
list:
dist: 1.3503049391827864 vs. 1.3503049391827864
--------
nle(id0,id1,dist): 72 82 1.864432277767582
list:
dist: 1.864432277767582 vs. 1.864432277767582
--------
nle(id0,id1,dist): 72 83 3.5510709594010503
list:
dist: 3.5510709594010503 vs. 3.5510709594010503
--------
nle(id0,id1,dist): 72 85 1.7894844166031534
list:
dist: 1.7894844166031534 vs. 1.7894844166031534
--------
nle(id0,id1,dist): 72 88 3.5875450280500014
list:
dist: 3.5875450280500014 vs. 3.5875450280500014
--------
nle(id0,id1,dist): 72 87 1.39868708607514
list:
dist: 1.39868708607514 vs. 1.39868708607514
--------
nle(id0,id1,dist): 71 81 2.1252162973889077
list:
dist: 2.1252162973889077 vs. 2.1252162973889077
--------
nle(id0,id1,dist): 71 80 1.4127139593480411
list:
dist: 1.4127139593480411 vs. 1.4127139593480411
--------
nle(id0,id1,dist): 71 78 1.5103298475763869
list:
dist: 1.5103298475763869 vs. 1.5103298475763869
--------
nle(id0,id1,dist): 71 85 1.2924055390404605
list:
dist: 1.2924055390404605 vs. 1.2924055390404605
--------
nle(id0,id1,dist): 71 84 2.76173394124097
list:
dist: 2.76173394124097 vs. 2.76173394124097
--------
nle(id0,id1,dist): 71 83 2.13593073713491
list:
dist: 2.13593073713491 vs. 2.13593073713491
--------
nle(id0,id1,dist): 71 82 1.7730040217801444
list:
dist: 1.7730040217801444 vs. 1.7730040217801444
--------
nle(id0,id1,dist): 71 87 0.23464218730493988
list:
dist: 0.23464218730493988 vs. 0.23464218730493988
--------
nle(id0,id1,dist): 71 86 3.3569460154319106
list:
dist: 3.3569460154319106 vs. 3.3569460154319106
--------
nle(id0,id1,dist): 77 88 2.7584677066223695
list:
dist: 2.7584677066223695 vs. 2.7584677066223695
--------
nle(id0,id1,dist): 77 89 3.6645521985778062
list:
dist: 3.6645521985778062 vs. 3.6645521985778062
--------
nle(id0,id1,dist): 77 85 1.114374934661616
list:
dist: 1.114374934661616 vs. 1.114374934661616
--------
nle(id0,id1,dist): 77 86 3.6283859631963074
list:
dist: 3.6283859631963074 vs. 3.6283859631963074
--------
nle(id0,id1,dist): 77 87 0.4942438388411115
list:
dist: 0.4942438388411115 vs. 0.4942438388411115
--------
nle(id0,id1,dist): 77 80 1.551394674106858
list:
dist: 1.551394674106858 vs. 1.551394674106858
--------
nle(id0,id1,dist): 77 81 2.6493773981055053
list:
dist: 2.6493773981055053 vs. 2.6493773981055053
--------
nle(id0,id1,dist): 77 82 2.0436487046084273
list:
dist: 2.0436487046084273 vs. 2.0436487046084273
--------
nle(id0,id1,dist): 77 83 2.366260595570714
list:
dist: 2.366260595570714 vs. 2.366260595570714
--------
nle(id0,id1,dist): 76 89 3.0779708456379082
list:
dist: 3.0779708456379082 vs. 3.0779708456379082
--------
nle(id0,id1,dist): 76 87 2.3110487525997963
list:
dist: 2.3110487525997963 vs. 2.3110487525997963
--------
nle(id0,id1,dist): 76 88 2.3886558746444613
list:
dist: 2.3886558746444613 vs. 2.3886558746444613
--------
nle(id0,id1,dist): 76 85 1.9767526266378932
list:
dist: 1.9767526266378932 vs. 1.9767526266378932
--------
nle(id0,id1,dist): 76 86 1.5301174555638823
list:
dist: 1.5301174555638823 vs. 1.5301174555638823
--------
nle(id0,id1,dist): 77 78 1.51003789126408
list:
dist: 1.51003789126408 vs. 1.51003789126408
--------
nle(id0,id1,dist): 76 78 1.8403474347448323
list:
dist: 1.8403474347448323 vs. 1.8403474347448323
--------
nle(id0,id1,dist): 76 77 2.5970796768440327
list:
dist: 2.5970796768440327 vs. 2.5970796768440327
--------
nle(id0,id1,dist): 76 80 2.982638837042484
list:
dist: 2.982638837042484 vs. 2.982638837042484
--------
nle(id0,id1,dist): 76 82 3.604684940800404
list:
dist: 3.604684940800404 vs. 3.604684940800404
--------
nle(id0,id1,dist): 76 81 1.7238007826167634
list:
dist: 1.7238007826167634 vs. 1.7238007826167634
--------
nle(id0,id1,dist): 76 83 2.012609251076687
list:
dist: 2.012609251076687 vs. 2.012609251076687
--------
nle(id0,id1,dist): 75 85 1.5950446286659892
list:
dist: 1.5950446286659892 vs. 1.5950446286659892
--------
nle(id0,id1,dist): 75 83 3.0109403502852423
list:
dist: 3.0109403502852423 vs. 3.0109403502852423
--------
nle(id0,id1,dist): 75 82 3.4556856939712026
list:
dist: 3.4556856939712026 vs. 3.4556856939712026
--------
nle(id0,id1,dist): 75 88 2.147993412526271
list:
dist: 2.147993412526271 vs. 2.147993412526271
--------
nle(id0,id1,dist): 75 87 1.9767450527610937
list:
dist: 1.9767450527610937 vs. 1.9767450527610937
--------
nle(id0,id1,dist): 75 77 1.5364347173568327
list:
dist: 1.5364347173568327 vs. 1.5364347173568327
--------
nle(id0,id1,dist): 75 80 2.804030690244029
list:
dist: 2.804030690244029 vs. 2.804030690244029
--------
nle(id0,id1,dist): 75 78 1.9023705022023902
list:
dist: 1.9023705022023902 vs. 1.9023705022023902
--------
nle(id0,id1,dist): 120 145 2.5563421750007005
list:
dist: 2.5563421750007005 vs. 2.5563421750007005
--------
nle(id0,id1,dist): 120 131 2.0414380913614423
list:
dist: 2.0414380913614423 vs. 2.0414380913614423
--------
nle(id0,id1,dist): 120 122 1.4834889057076799
list:
dist: 1.4834889057076799 vs. 1.4834889057076799
--------
nle(id0,id1,dist): 120 121 2.6408274767223396
list:
dist: 2.6408274767223396 vs. 2.6408274767223396
--------
nle(id0,id1,dist): 120 123 2.811389915545296
list:
dist: 2.811389915545296 vs. 2.811389915545296
--------
nle(id0,id1,dist): 120 127 1.270511438860007
list:
dist: 1.270511438860007 vs. 1.270511438860007
--------
nle(id0,id1,dist): 121 142 2.5879213793274056
list:
dist: 2.5879213793274056 vs. 2.5879213793274056
--------
nle(id0,id1,dist): 121 141 2.295163931722262
list:
dist: 2.295163931722262 vs. 2.295163931722262
--------
nle(id0,id1,dist): 121 147 2.6815718974631158
list:
dist: 2.6815718974631158 vs. 2.6815718974631158
--------
nle(id0,id1,dist): 121 145 2.29097948869162
list:
dist: 2.29097948869162 vs. 2.29097948869162
--------
nle(id0,id1,dist): 121 132 2.9473333653575073
list:
dist: 2.9473333653575073 vs. 2.9473333653575073
--------
nle(id0,id1,dist): 121 138 3.4106635615632905
list:
dist: 3.4106635615632905 vs. 3.4106635615632905
--------
nle(id0,id1,dist): 121 136 3.259953416294001
list:
dist: 3.259953416294001 vs. 3.259953416294001
--------
nle(id0,id1,dist): 121 137 2.6369006396739794
list:
dist: 2.6369006396739794 vs. 2.6369006396739794
--------
nle(id0,id1,dist): 121 127 1.9452689158628989
list:
dist: 1.9452689158628989 vs. 1.9452689158628989
--------
nle(id0,id1,dist): 121 125 1.6292783124138135
list:
dist: 1.6292783124138135 vs. 1.6292783124138135
--------
nle(id0,id1,dist): 121 124 1.3140243431288134
list:
dist: 1.3140243431288134 vs. 1.3140243431288134
--------
nle(id0,id1,dist): 121 131 1.978131804297583
list:
dist: 1.978131804297583 vs. 1.978131804297583
--------
nle(id0,id1,dist): 121 130 2.4152838808313803
list:
dist: 2.4152838808313803 vs. 2.4152838808313803
--------
nle(id0,id1,dist): 121 129 2.50067986219233
list:
dist: 2.50067986219233 vs. 2.50067986219233
--------
nle(id0,id1,dist): 121 128 2.0741219761622083
list:
dist: 2.0741219761622083 vs. 2.0741219761622083
--------
nle(id0,id1,dist): 121 123 1.8231173326407804
list:
dist: 1.8231173326407804 vs. 1.8231173326407804
--------
nle(id0,id1,dist): 121 122 1.8587799598968142
list:
dist: 1.8587799598968142 vs. 1.8587799598968142
--------
nle(id0,id1,dist): 122 132 3.9068256111952353
list:
dist: 3.9068256111952353 vs. 3.9068256111952353
--------
nle(id0,id1,dist): 122 131 2.492722871326436
list:
dist: 2.492722871326436 vs. 2.492722871326436
--------
nle(id0,id1,dist): 122 128 3.7098158431253476
list:
dist: 3.7098158431253476 vs. 3.7098158431253476
--------
nle(id0,id1,dist): 122 127 1.9086896963901896
list:
dist: 1.9086896963901896 vs. 1.9086896963901896
--------
nle(id0,id1,dist): 122 130 3.1526049838580734
list:
dist: 3.1526049838580734 vs. 3.1526049838580734
--------
nle(id0,id1,dist): 122 129 4.060466792861537
list:
dist: 4.060466792861537 vs. 4.060466792861537
--------
nle(id0,id1,dist): 122 142 4.138608710932616
list:
dist: 4.138608710932616 vs. 4.138608710932616
--------
nle(id0,id1,dist): 122 141 1.6903216271339108
list:
dist: 1.6903216271339108 vs. 1.6903216271339108
--------
nle(id0,id1,dist): 122 136 4.7641702114219715
list:
dist: 4.7641702114219715 vs. 4.7641702114219715
--------
nle(id0,id1,dist): 122 138 4.601670756820949
list:
dist: 4.601670756820949 vs. 4.601670756820949
--------
nle(id0,id1,dist): 122 137 4.141086410956257
list:
dist: 4.141086410956257 vs. 4.141086410956257
--------
nle(id0,id1,dist): 122 123 2.836873664432686
list:
dist: 2.836873664432686 vs. 2.836873664432686
--------
nle(id0,id1,dist): 122 124 1.3940068210717396
list:
dist: 1.3940068210717396 vs. 1.3940068210717396
--------
nle(id0,id1,dist): 122 125 2.9093431680228274
list:
dist: 2.9093431680228274 vs. 2.9093431680228274
--------
nle(id0,id1,dist): 123 129 2.2485275143546875
list:
dist: 2.2485275143546875 vs. 2.2485275143546875
--------
nle(id0,id1,dist): 123 128 1.3943766397612662
list:
dist: 1.3943766397612662 vs. 1.3943766397612662
--------
nle(id0,id1,dist): 123 127 1.8019557781661673
list:
dist: 1.8019557781661673 vs. 1.8019557781661673
--------
nle(id0,id1,dist): 123 125 1.4817845790636157
list:
dist: 1.4817845790636157 vs. 1.4817845790636157
--------
nle(id0,id1,dist): 123 124 1.895434615330866
list:
dist: 1.895434615330866 vs. 1.895434615330866
--------
nle(id0,id1,dist): 123 137 1.4843356937063792
list:
dist: 1.4843356937063792 vs. 1.4843356937063792
--------
nle(id0,id1,dist): 123 136 2.2578289763053756
list:
dist: 2.2578289763053756 vs. 2.2578289763053756
--------
nle(id0,id1,dist): 123 134 2.608933498177581
list:
dist: 2.608933498177581 vs. 2.608933498177581
--------
nle(id0,id1,dist): 123 132 1.5503227955995915
list:
dist: 1.5503227955995915 vs. 1.5503227955995915
--------
nle(id0,id1,dist): 123 131 0.9932632986811124
list:
dist: 0.9932632986811124 vs. 0.9932632986811124
--------
nle(id0,id1,dist): 123 130 1.4124171353564945
list:
dist: 1.4124171353564945 vs. 1.4124171353564945
--------
nle(id0,id1,dist): 122 147 3.998316378756773
list:
dist: 3.998316378756773 vs. 3.998316378756773
--------
nle(id0,id1,dist): 122 145 2.9479966158857867
list:
dist: 2.9479966158857867 vs. 2.9479966158857867
--------
nle(id0,id1,dist): 124 126 3.123553732865355
list:
dist: 3.123553732865355 vs. 3.123553732865355
--------
nle(id0,id1,dist): 124 125 1.5921856168861495
list:
dist: 1.5921856168861495 vs. 1.5921856168861495
--------
nle(id0,id1,dist): 124 128 2.7863650517661585
list:
dist: 2.7863650517661585 vs. 2.7863650517661585
--------
nle(id0,id1,dist): 124 127 2.0421506667414535
list:
dist: 2.0421506667414535 vs. 2.0421506667414535
--------
nle(id0,id1,dist): 124 130 2.7994425926270736
list:
dist: 2.7994425926270736 vs. 2.7994425926270736
--------
nle(id0,id1,dist): 124 129 3.5244280851626
list:
dist: 3.5244280851626 vs. 3.5244280851626
--------
nle(id0,id1,dist): 124 132 3.3198672443299833
list:
dist: 3.3198672443299833 vs. 3.3198672443299833
--------
nle(id0,id1,dist): 124 131 2.056505595707829
list:
dist: 2.056505595707829 vs. 2.056505595707829
--------
nle(id0,id1,dist): 123 138 2.2393097872387013
list:
dist: 2.2393097872387013 vs. 2.2393097872387013
--------
nle(id0,id1,dist): 123 140 2.0878035770188
list:
dist: 2.0878035770188 vs. 2.0878035770188
--------
nle(id0,id1,dist): 123 141 2.770015859453272
list:
dist: 2.770015859453272 vs. 2.770015859453272
--------
nle(id0,id1,dist): 123 142 1.703945331454425
list:
dist: 1.703945331454425 vs. 1.703945331454425
--------
nle(id0,id1,dist): 123 145 0.7037256351006895
list:
dist: 0.7037256351006895 vs. 0.7037256351006895
--------
nle(id0,id1,dist): 123 146 1.7083498895030433
list:
dist: 1.7083498895030433 vs. 1.7083498895030433
--------
nle(id0,id1,dist): 123 147 1.5484506480284497
list:
dist: 1.5484506480284497 vs. 1.5484506480284497
--------
nle(id0,id1,dist): 123 148 2.047682987391595
list:
dist: 2.047682987391595 vs. 2.047682987391595
--------
nle(id0,id1,dist): 123 149 2.6584756543632384
list:
dist: 2.6584756543632384 vs. 2.6584756543632384
--------
nle(id0,id1,dist): 125 127 2.816599770668475
list:
dist: 2.816599770668475 vs. 2.816599770668475
--------
nle(id0,id1,dist): 125 126 1.8917781891257857
list:
dist: 1.8917781891257857 vs. 1.8917781891257857
--------
nle(id0,id1,dist): 124 136 3.9710639720649623
list:
dist: 3.9710639720649623 vs. 3.9710639720649623
--------
nle(id0,id1,dist): 124 133 2.5469634479788197
list:
dist: 2.5469634479788197 vs. 2.5469634479788197
--------
nle(id0,id1,dist): 124 137 3.1458111620329556
list:
dist: 3.1458111620329556 vs. 3.1458111620329556
--------
nle(id0,id1,dist): 124 138 4.012956849288644
list:
dist: 4.012956849288644 vs. 4.012956849288644
--------
nle(id0,id1,dist): 124 143 3.40307078931684
list:
dist: 3.40307078931684 vs. 3.40307078931684
--------
nle(id0,id1,dist): 124 141 1.046201204171363
list:
dist: 1.046201204171363 vs. 1.046201204171363
--------
nle(id0,id1,dist): 124 142 2.9446950387934563
list:
dist: 2.9446950387934563 vs. 2.9446950387934563
--------
nle(id0,id1,dist): 124 147 2.7232987356684393
list:
dist: 2.7232987356684393 vs. 2.7232987356684393
--------
nle(id0,id1,dist): 124 145 2.241436506380666
list:
dist: 2.241436506380666 vs. 2.241436506380666
--------
nle(id0,id1,dist): 112 119 1.163618512670077
list:
dist: 1.163618512670077 vs. 1.163618512670077
--------
nle(id0,id1,dist): 112 117 0.9324052787181244
list:
dist: 0.9324052787181244 vs. 0.9324052787181244
--------
nle(id0,id1,dist): 112 118 1.355206851580468
list:
dist: 1.355206851580468 vs. 1.355206851580468
--------
nle(id0,id1,dist): 112 115 2.3500237507925603
list:
dist: 2.3500237507925603 vs. 2.3500237507925603
--------
nle(id0,id1,dist): 112 116 1.1675181085874426
list:
dist: 1.1675181085874426 vs. 1.1675181085874426
--------
nle(id0,id1,dist): 112 113 1.050228561475423
list:
dist: 1.050228561475423 vs. 1.050228561475423
--------
nle(id0,id1,dist): 112 114 2.0544686804600123
list:
dist: 2.0544686804600123 vs. 2.0544686804600123
--------
nle(id0,id1,dist): 113 116 1.7861537908065461
list:
dist: 1.7861537908065461 vs. 1.7861537908065461
--------
nle(id0,id1,dist): 113 117 1.2697533724460042
list:
dist: 1.2697533724460042 vs. 1.2697533724460042
--------
nle(id0,id1,dist): 113 118 2.0302799035884167
list:
dist: 2.0302799035884167 vs. 2.0302799035884167
--------
nle(id0,id1,dist): 113 119 1.1654480973521704
list:
dist: 1.1654480973521704 vs. 1.1654480973521704
--------
nle(id0,id1,dist): 113 114 2.070154039137044
list:
dist: 2.070154039137044 vs. 2.070154039137044
--------
nle(id0,id1,dist): 113 115 1.7562882706253062
list:
dist: 1.7562882706253062 vs. 1.7562882706253062
--------
nle(id0,id1,dist): 114 117 1.6859520653732711
list:
dist: 1.6859520653732711 vs. 1.6859520653732711
--------
nle(id0,id1,dist): 114 118 1.3367549439336945
list:
dist: 1.3367549439336945 vs. 1.3367549439336945
--------
nle(id0,id1,dist): 114 115 1.6287058554308982
list:
dist: 1.6287058554308982 vs. 1.6287058554308982
--------
nle(id0,id1,dist): 114 116 2.042478135333869
list:
dist: 2.042478135333869 vs. 2.042478135333869
--------
nle(id0,id1,dist): 114 119 0.9552706687797444
list:
dist: 0.9552706687797444 vs. 0.9552706687797444
--------
nle(id0,id1,dist): 115 118 2.353406713937851
list:
dist: 2.353406713937851 vs. 2.353406713937851
--------
nle(id0,id1,dist): 115 119 1.5189977206002887
list:
dist: 1.5189977206002887 vs. 1.5189977206002887
--------
nle(id0,id1,dist): 115 116 2.232425826493018
list:
dist: 2.232425826493018 vs. 2.232425826493018
--------
nle(id0,id1,dist): 115 117 1.7384058557287192
list:
dist: 1.7384058557287192 vs. 1.7384058557287192
--------
nle(id0,id1,dist): 116 117 0.5888307584460265
list:
dist: 0.5888307584460265 vs. 0.5888307584460265
--------
nle(id0,id1,dist): 116 118 1.1258624452780968
list:
dist: 1.1258624452780968 vs. 1.1258624452780968
--------
nle(id0,id1,dist): 116 119 1.4792865422478887
list:
dist: 1.4792865422478887 vs. 1.4792865422478887
--------
nle(id0,id1,dist): 117 118 1.1334335526060348
list:
dist: 1.1334335526060348 vs. 1.1334335526060348
--------
nle(id0,id1,dist): 117 119 0.9892408057343274
list:
dist: 0.9892408057343274 vs. 0.9892408057343274
--------
nle(id0,id1,dist): 118 119 1.1265674173891675
list:
dist: 1.1265674173891675 vs. 1.1265674173891675
--------
nle(id0,id1,dist): 106 119 2.007603785891379
list:
dist: 2.007603785891379 vs. 2.007603785891379
--------
nle(id0,id1,dist): 106 113 2.319022997347086
list:
dist: 2.319022997347086 vs. 2.319022997347086
--------
nle(id0,id1,dist): 106 114 2.127726161429059
list:
dist: 2.127726161429059 vs. 2.127726161429059
--------
nle(id0,id1,dist): 106 111 2.569425536813973
list:
dist: 2.569425536813973 vs. 2.569425536813973
--------
nle(id0,id1,dist): 106 112 2.5602215193949758
list:
dist: 2.5602215193949758 vs. 2.5602215193949758
--------
nle(id0,id1,dist): 106 117 2.932096435114559
list:
dist: 2.932096435114559 vs. 2.932096435114559
--------
nle(id0,id1,dist): 106 118 2.7150838372333554
list:
dist: 2.7150838372333554 vs. 2.7150838372333554
--------
nle(id0,id1,dist): 106 115 2.896773169418787
list:
dist: 2.896773169418787 vs. 2.896773169418787
--------
nle(id0,id1,dist): 106 116 3.3860886377490957
list:
dist: 3.3860886377490957 vs. 3.3860886377490957
--------
nle(id0,id1,dist): 106 110 2.429592545175121
list:
dist: 2.429592545175121 vs. 2.429592545175121
--------
nle(id0,id1,dist): 106 109 1.9254426279183785
list:
dist: 1.9254426279183785 vs. 1.9254426279183785
--------
nle(id0,id1,dist): 106 108 1.601996671906101
list:
dist: 1.601996671906101 vs. 1.601996671906101
--------
nle(id0,id1,dist): 106 107 0.9887946736123309
list:
dist: 0.9887946736123309 vs. 0.9887946736123309
--------
nle(id0,id1,dist): 105 119 2.0963622659804706
list:
dist: 2.0963622659804706 vs. 2.0963622659804706
--------
nle(id0,id1,dist): 105 109 1.12391482874478
list:
dist: 1.12391482874478 vs. 1.12391482874478
--------
nle(id0,id1,dist): 105 108 0.8363140612376924
list:
dist: 0.8363140612376924 vs. 0.8363140612376924
--------
nle(id0,id1,dist): 105 113 1.8702257257786912
list:
dist: 1.8702257257786912 vs. 1.8702257257786912
--------
nle(id0,id1,dist): 105 112 2.5811513771939363
list:
dist: 2.5811513771939363 vs. 2.5811513771939363
--------
nle(id0,id1,dist): 105 115 2.4544811944346354
list:
dist: 2.4544811944346354 vs. 2.4544811944346354
--------
nle(id0,id1,dist): 105 107 2.0080723775432574
list:
dist: 2.0080723775432574 vs. 2.0080723775432574
--------
nle(id0,id1,dist): 105 106 1.2215329404395112
list:
dist: 1.2215329404395112 vs. 1.2215329404395112
--------
nle(id0,id1,dist): 108 115 2.28848722569644
list:
dist: 2.28848722569644 vs. 2.28848722569644
--------
nle(id0,id1,dist): 108 116 2.850796065221123
list:
dist: 2.850796065221123 vs. 2.850796065221123
--------
nle(id0,id1,dist): 108 113 1.1630836159268694
list:
dist: 1.1630836159268694 vs. 1.1630836159268694
--------
nle(id0,id1,dist): 108 114 2.4216757822042845
list:
dist: 2.4216757822042845 vs. 2.4216757822042845
--------
nle(id0,id1,dist): 108 111 2.2794789907596744
list:
dist: 2.2794789907596744 vs. 2.2794789907596744
--------
nle(id0,id1,dist): 108 112 1.9176780691450637
list:
dist: 1.9176780691450637 vs. 1.9176780691450637
--------
nle(id0,id1,dist): 108 109 0.7399552221137744
list:
dist: 0.7399552221137744 vs. 0.7399552221137744
--------
nle(id0,id1,dist): 108 110 3.065416081088621
list:
dist: 3.065416081088621 vs. 3.065416081088621
--------
nle(id0,id1,dist): 107 118 1.9759614715774478
list:
dist: 1.9759614715774478 vs. 1.9759614715774478
--------
nle(id0,id1,dist): 107 119 1.6333395707477216
list:
dist: 1.6333395707477216 vs. 1.6333395707477216
--------
nle(id0,id1,dist): 107 114 1.5518406440796049
list:
dist: 1.5518406440796049 vs. 1.5518406440796049
--------
nle(id0,id1,dist): 107 115 2.8126941406866695
list:
dist: 2.8126941406866695 vs. 2.8126941406866695
--------
nle(id0,id1,dist): 107 116 2.8724580047220725
list:
dist: 2.8724580047220725 vs. 2.8724580047220725
--------
nle(id0,id1,dist): 107 117 2.5286473089806734
list:
dist: 2.5286473089806734 vs. 2.5286473089806734
--------
nle(id0,id1,dist): 107 110 1.6008737888511053
list:
dist: 1.6008737888511053 vs. 1.6008737888511053
--------
nle(id0,id1,dist): 107 111 2.0583081745021126
list:
dist: 2.0583081745021126 vs. 2.0583081745021126
--------
nle(id0,id1,dist): 107 112 2.25612952907544
list:
dist: 2.25612952907544 vs. 2.25612952907544
--------
nle(id0,id1,dist): 107 113 2.3720536337460665
list:
dist: 2.3720536337460665 vs. 2.3720536337460665
--------
nle(id0,id1,dist): 107 108 2.128948521565198
list:
dist: 2.128948521565198 vs. 2.128948521565198
--------
nle(id0,id1,dist): 107 109 2.2759497032897182
list:
dist: 2.2759497032897182 vs. 2.2759497032897182
--------
nle(id0,id1,dist): 109 114 2.072775703285915
list:
dist: 2.072775703285915 vs. 2.072775703285915
--------
nle(id0,id1,dist): 109 115 1.5799722492670965
list:
dist: 1.5799722492670965 vs. 1.5799722492670965
--------
nle(id0,id1,dist): 109 112 1.892843287316079
list:
dist: 1.892843287316079 vs. 1.892843287316079
--------
nle(id0,id1,dist): 109 113 0.9431895130686704
list:
dist: 0.9431895130686704 vs. 0.9431895130686704
--------
nle(id0,id1,dist): 109 118 2.5649618439747686
list:
dist: 2.5649618439747686 vs. 2.5649618439747686
--------
nle(id0,id1,dist): 109 119 1.4631527415446584
list:
dist: 1.4631527415446584 vs. 1.4631527415446584
--------
nle(id0,id1,dist): 109 116 2.5599161870713556
list:
dist: 2.5599161870713556 vs. 2.5599161870713556
--------
nle(id0,id1,dist): 109 117 1.981726539909152
list:
dist: 1.981726539909152 vs. 1.981726539909152
--------
nle(id0,id1,dist): 109 111 2.268436055848802
list:
dist: 2.268436055848802 vs. 2.268436055848802
--------
nle(id0,id1,dist): 109 110 2.821966077767995
list:
dist: 2.821966077767995 vs. 2.821966077767995
--------
nle(id0,id1,dist): 108 117 2.3211775337251694
list:
dist: 2.3211775337251694 vs. 2.3211775337251694
--------
nle(id0,id1,dist): 108 118 2.750464201153606
list:
dist: 2.750464201153606 vs. 2.750464201153606
--------
nle(id0,id1,dist): 108 119 1.7554113368776991
list:
dist: 1.7554113368776991 vs. 1.7554113368776991
--------
nle(id0,id1,dist): 111 119 1.1921356217296457
list:
dist: 1.1921356217296457 vs. 1.1921356217296457
--------
nle(id0,id1,dist): 111 118 0.9311340865958732
list:
dist: 0.9311340865958732 vs. 0.9311340865958732
--------
nle(id0,id1,dist): 111 116 1.1224556329459077
list:
dist: 1.1224556329459077 vs. 1.1224556329459077
--------
nle(id0,id1,dist): 111 117 1.057873706249797
list:
dist: 1.057873706249797 vs. 1.057873706249797
--------
nle(id0,id1,dist): 111 114 1.8987614280209528
list:
dist: 1.8987614280209528 vs. 1.8987614280209528
--------
nle(id0,id1,dist): 111 115 2.561853266875419
list:
dist: 2.561853266875419 vs. 2.561853266875419
--------
nle(id0,id1,dist): 111 112 0.5687440484585257
list:
dist: 0.5687440484585257 vs. 0.5687440484585257
--------
nle(id0,id1,dist): 111 113 1.5352995576085446
list:
dist: 1.5352995576085446 vs. 1.5352995576085446
--------
nle(id0,id1,dist): 110 111 2.153716052352592
list:
dist: 2.153716052352592 vs. 2.153716052352592
--------
nle(id0,id1,dist): 110 112 2.4842327517842318
list:
dist: 2.4842327517842318 vs. 2.4842327517842318
--------
nle(id0,id1,dist): 110 113 2.74757598094379
list:
dist: 2.74757598094379 vs. 2.74757598094379
--------
nle(id0,id1,dist): 110 114 0.8082369533790997
list:
dist: 0.8082369533790997 vs. 0.8082369533790997
--------
nle(id0,id1,dist): 110 119 1.5857504591222928
list:
dist: 1.5857504591222928 vs. 1.5857504591222928
--------
nle(id0,id1,dist): 110 115 2.3937162031660524
list:
dist: 2.3937162031660524 vs. 2.3937162031660524
--------
nle(id0,id1,dist): 110 116 2.3737499751598787
list:
dist: 2.3737499751598787 vs. 2.3737499751598787
--------
nle(id0,id1,dist): 110 117 2.185355385345338
list:
dist: 2.185355385345338 vs. 2.185355385345338
--------
nle(id0,id1,dist): 110 118 1.3980708630752532
list:
dist: 1.3980708630752532 vs. 1.3980708630752532
--------
nle(id0,id1,dist): 99 107 1.2064211874704165
list:
dist: 1.2064211874704165 vs. 1.2064211874704165
--------
nle(id0,id1,dist): 99 106 1.2443846463582446
list:
dist: 1.2443846463582446 vs. 1.2443846463582446
--------
nle(id0,id1,dist): 99 109 2.3339206905107353
list:
dist: 2.3339206905107353 vs. 2.3339206905107353
--------
nle(id0,id1,dist): 99 108 1.8586072270963785
list:
dist: 1.8586072270963785 vs. 1.8586072270963785
--------
nle(id0,id1,dist): 99 111 1.9319054575717305
list:
dist: 1.9319054575717305 vs. 1.9319054575717305
--------
nle(id0,id1,dist): 99 110 2.612009439613845
list:
dist: 2.612009439613845 vs. 2.612009439613845
--------
nle(id0,id1,dist): 99 113 2.2304754873329307
list:
dist: 2.2304754873329307 vs. 2.2304754873329307
--------
nle(id0,id1,dist): 99 112 2.0142507223357553
list:
dist: 2.0142507223357553 vs. 2.0142507223357553
--------
nle(id0,id1,dist): 99 101 1.650036733131367
list:
dist: 1.650036733131367 vs. 1.650036733131367
--------
nle(id0,id1,dist): 99 100 1.4893473898998322
list:
dist: 1.4893473898998322 vs. 1.4893473898998322
--------
nle(id0,id1,dist): 99 103 1.4263439509225944
list:
dist: 1.4263439509225944 vs. 1.4263439509225944
--------
nle(id0,id1,dist): 99 102 1.4610632960561145
list:
dist: 1.4610632960561145 vs. 1.4610632960561145
--------
nle(id0,id1,dist): 99 105 2.0141228124563315
list:
dist: 2.0141228124563315 vs. 2.0141228124563315
--------
nle(id0,id1,dist): 99 104 2.299654803874067
list:
dist: 2.299654803874067 vs. 2.299654803874067
--------
nle(id0,id1,dist): 99 114 2.4461374044475965
list:
dist: 2.4461374044475965 vs. 2.4461374044475965
--------
nle(id0,id1,dist): 99 115 3.3621752695254705
list:
dist: 3.3621752695254705 vs. 3.3621752695254705
--------
nle(id0,id1,dist): 99 116 2.993553672276743
list:
dist: 2.993553672276743 vs. 2.993553672276743
--------
nle(id0,id1,dist): 99 117 2.690145525041217
list:
dist: 2.690145525041217 vs. 2.690145525041217
--------
nle(id0,id1,dist): 99 118 2.3577245713167576
list:
dist: 2.3577245713167576 vs. 2.3577245713167576
--------
nle(id0,id1,dist): 99 119 2.0304861739976663
list:
dist: 2.0304861739976663 vs. 2.0304861739976663
--------
nle(id0,id1,dist): 98 114 1.770819677416435
list:
dist: 1.770819677416435 vs. 1.770819677416435
--------
nle(id0,id1,dist): 98 113 1.1943482800745095
list:
dist: 1.1943482800745095 vs. 1.1943482800745095
--------
nle(id0,id1,dist): 98 112 1.766397519100512
list:
dist: 1.766397519100512 vs. 1.766397519100512
--------
nle(id0,id1,dist): 98 111 2.0699675145533813
list:
dist: 2.0699675145533813 vs. 2.0699675145533813
--------
nle(id0,id1,dist): 98 118 2.068312826209323
list:
dist: 2.068312826209323 vs. 2.068312826209323
--------
nle(id0,id1,dist): 98 117 1.1876035087933303
list:
dist: 1.1876035087933303 vs. 1.1876035087933303
--------
nle(id0,id1,dist): 98 116 1.704391231548276
list:
dist: 1.704391231548276 vs. 1.704391231548276
--------
nle(id0,id1,dist): 98 115 0.7277987937946241
list:
dist: 0.7277987937946241 vs. 0.7277987937946241
--------
nle(id0,id1,dist): 98 106 2.8966566517345105
list:
dist: 2.8966566517345105 vs. 2.8966566517345105
--------
nle(id0,id1,dist): 98 105 2.437953657782643
list:
dist: 2.437953657782643 vs. 2.437953657782643
--------
nle(id0,id1,dist): 98 104 1.3650049268765145
list:
dist: 1.3650049268765145 vs. 1.3650049268765145
--------
nle(id0,id1,dist): 98 103 3.5620798756109338
list:
dist: 3.5620798756109338 vs. 3.5620798756109338
--------
nle(id0,id1,dist): 98 110 2.5256448694475844
list:
dist: 2.5256448694475844 vs. 2.5256448694475844
--------
nle(id0,id1,dist): 98 109 1.3856617353772027
list:
dist: 1.3856617353772027 vs. 1.3856617353772027
--------
nle(id0,id1,dist): 98 108 2.0288883875438337
list:
dist: 2.0288883875438337 vs. 2.0288883875438337
--------
nle(id0,id1,dist): 98 107 2.7931863820302407
list:
dist: 2.7931863820302407 vs. 2.7931863820302407
--------
nle(id0,id1,dist): 98 119 1.263693701111676
list:
dist: 1.263693701111676 vs. 1.263693701111676
--------
nle(id0,id1,dist): 101 103 1.4532528768395079
list:
dist: 1.4532528768395079 vs. 1.4532528768395079
--------
nle(id0,id1,dist): 101 102 2.811920560419045
list:
dist: 2.811920560419045 vs. 2.811920560419045
--------
nle(id0,id1,dist): 101 114 3.6403735221414832
list:
dist: 3.6403735221414832 vs. 3.6403735221414832
--------
nle(id0,id1,dist): 101 110 3.668306092244796
list:
dist: 3.668306092244796 vs. 3.668306092244796
--------
nle(id0,id1,dist): 101 105 2.6727429773445146
list:
dist: 2.6727429773445146 vs. 2.6727429773445146
--------
nle(id0,id1,dist): 101 106 1.758680789378057
list:
dist: 1.758680789378057 vs. 1.758680789378057
--------
nle(id0,id1,dist): 101 107 2.1098616687751752
list:
dist: 2.1098616687751752 vs. 2.1098616687751752
--------
nle(id0,id1,dist): 100 108 1.9950568699593665
list:
dist: 1.9950568699593665 vs. 1.9950568699593665
--------
nle(id0,id1,dist): 100 107 1.6743791354425435
list:
dist: 1.6743791354425435 vs. 1.6743791354425435
--------
nle(id0,id1,dist): 100 106 0.8426952981892408
list:
dist: 0.8426952981892408 vs. 0.8426952981892408
--------
nle(id0,id1,dist): 100 105 1.5434650425275305
list:
dist: 1.5434650425275305 vs. 1.5434650425275305
--------
nle(id0,id1,dist): 100 104 2.413033590741211
list:
dist: 2.413033590741211 vs. 2.413033590741211
--------
nle(id0,id1,dist): 100 103 0.7556731658644293
list:
dist: 0.7556731658644293 vs. 0.7556731658644293
--------
nle(id0,id1,dist): 100 102 2.239398276013703
list:
dist: 2.239398276013703 vs. 2.239398276013703
--------
nle(id0,id1,dist): 100 101 1.1858900725450159
list:
dist: 1.1858900725450159 vs. 1.1858900725450159
--------
nle(id0,id1,dist): 100 119 2.797619890639732
list:
dist: 2.797619890639732 vs. 2.797619890639732
--------
nle(id0,id1,dist): 100 117 3.670907732658163
list:
dist: 3.670907732658163 vs. 3.670907732658163
--------
nle(id0,id1,dist): 100 118 3.464465173860505
list:
dist: 3.464465173860505 vs. 3.464465173860505
--------
nle(id0,id1,dist): 100 115 3.6620029322724235
list:
dist: 3.6620029322724235 vs. 3.6620029322724235
--------
nle(id0,id1,dist): 100 116 4.111849275721633
list:
dist: 4.111849275721633 vs. 4.111849275721633
--------
nle(id0,id1,dist): 100 113 2.919040049516159
list:
dist: 2.919040049516159 vs. 2.919040049516159
--------
nle(id0,id1,dist): 100 114 2.9675729267253987
list:
dist: 2.9675729267253987 vs. 2.9675729267253987
--------
nle(id0,id1,dist): 100 111 3.2046371736055335
list:
dist: 3.2046371736055335 vs. 3.2046371736055335
--------
nle(id0,id1,dist): 100 112 3.170185875499387
list:
dist: 3.170185875499387 vs. 3.170185875499387
--------
nle(id0,id1,dist): 100 109 2.496162393714019
list:
dist: 2.496162393714019 vs. 2.496162393714019
--------
nle(id0,id1,dist): 100 110 3.2153719854522596
list:
dist: 3.2153719854522596 vs. 3.2153719854522596
--------
nle(id0,id1,dist): 102 115 2.1361579541595708
list:
dist: 2.1361579541595708 vs. 2.1361579541595708
--------
nle(id0,id1,dist): 102 116 2.0434500048970805
list:
dist: 2.0434500048970805 vs. 2.0434500048970805
--------
nle(id0,id1,dist): 102 117 1.6680972966773624
list:
dist: 1.6680972966773624 vs. 1.6680972966773624
--------
nle(id0,id1,dist): 102 118 1.2754270536526557
list:
dist: 1.2754270536526557 vs. 1.2754270536526557
--------
nle(id0,id1,dist): 102 119 0.7834606597908974
list:
dist: 0.7834606597908974 vs. 0.7834606597908974
--------
nle(id0,id1,dist): 103 105 1.4571786097500585
list:
dist: 1.4571786097500585 vs. 1.4571786097500585
--------
nle(id0,id1,dist): 103 104 2.4996991272121574
list:
dist: 2.4996991272121574 vs. 2.4996991272121574
--------
nle(id0,id1,dist): 103 107 2.0475464807454284
list:
dist: 2.0475464807454284 vs. 2.0475464807454284
--------
nle(id0,id1,dist): 103 106 1.236044249075377
list:
dist: 1.236044249075377 vs. 1.236044249075377
--------
nle(id0,id1,dist): 103 109 2.327068907260739
list:
dist: 2.327068907260739 vs. 2.327068907260739
--------
nle(id0,id1,dist): 103 108 1.6734368352979894
list:
dist: 1.6734368352979894 vs. 1.6734368352979894
--------
nle(id0,id1,dist): 102 106 1.451528343096521
list:
dist: 1.451528343096521 vs. 1.451528343096521
--------
nle(id0,id1,dist): 102 105 1.9814140950532557
list:
dist: 1.9814140950532557 vs. 1.9814140950532557
--------
nle(id0,id1,dist): 102 104 1.3457672944338346
list:
dist: 1.3457672944338346 vs. 1.3457672944338346
--------
nle(id0,id1,dist): 102 103 2.3987131178690153
list:
dist: 2.3987131178690153 vs. 2.3987131178690153
--------
nle(id0,id1,dist): 102 110 1.3395510911732214
list:
dist: 1.3395510911732214 vs. 1.3395510911732214
--------
nle(id0,id1,dist): 102 109 1.7895871702340003
list:
dist: 1.7895871702340003 vs. 1.7895871702340003
--------
nle(id0,id1,dist): 102 108 1.8313008194110305
list:
dist: 1.8313008194110305 vs. 1.8313008194110305
--------
nle(id0,id1,dist): 102 107 0.8654897931662041
list:
dist: 0.8654897931662041 vs. 0.8654897931662041
--------
nle(id0,id1,dist): 102 114 0.9985632729615563
list:
dist: 0.9985632729615563 vs. 0.9985632729615563
--------
nle(id0,id1,dist): 102 113 1.6768474170830328
list:
dist: 1.6768474170830328 vs. 1.6768474170830328
--------
nle(id0,id1,dist): 102 112 1.523699806866457
list:
dist: 1.523699806866457 vs. 1.523699806866457
--------
nle(id0,id1,dist): 102 111 1.3666373953622257
list:
dist: 1.3666373953622257 vs. 1.3666373953622257
--------
nle(id0,id1,dist): 104 109 0.8463741427426108
list:
dist: 0.8463741427426108 vs. 0.8463741427426108
--------
nle(id0,id1,dist): 104 110 2.1124957290651007
list:
dist: 2.1124957290651007 vs. 2.1124957290651007
--------
nle(id0,id1,dist): 104 111 2.229123980315196
list:
dist: 2.229123980315196 vs. 2.229123980315196
--------
nle(id0,id1,dist): 104 112 2.0404257312903757
list:
dist: 2.0404257312903757 vs. 2.0404257312903757
--------
nle(id0,id1,dist): 104 105 1.3058417017885378
list:
dist: 1.3058417017885378 vs. 1.3058417017885378
--------
nle(id0,id1,dist): 104 106 1.6688044910866453
list:
dist: 1.6688044910866453 vs. 1.6688044910866453
--------
nle(id0,id1,dist): 104 107 1.8069850107090506
list:
dist: 1.8069850107090506 vs. 1.8069850107090506
--------
nle(id0,id1,dist): 104 108 1.3254499439555856
list:
dist: 1.3254499439555856 vs. 1.3254499439555856
--------
nle(id0,id1,dist): 104 117 1.9203251235915966
list:
dist: 1.9203251235915966 vs. 1.9203251235915966
--------
nle(id0,id1,dist): 104 118 2.217513424524937
list:
dist: 2.217513424524937 vs. 2.217513424524937
--------
nle(id0,id1,dist): 104 119 1.1242546005135232
list:
dist: 1.1242546005135232 vs. 1.1242546005135232
--------
nle(id0,id1,dist): 104 113 1.394396256811915
list:
dist: 1.394396256811915 vs. 1.394396256811915
--------
nle(id0,id1,dist): 104 114 1.3599144549965525
list:
dist: 1.3599144549965525 vs. 1.3599144549965525
--------
nle(id0,id1,dist): 104 115 1.2501935229056762
list:
dist: 1.2501935229056762 vs. 1.2501935229056762
--------
nle(id0,id1,dist): 104 116 2.4891988298717322
list:
dist: 2.4891988298717322 vs. 2.4891988298717322
--------
nle(id0,id1,dist): 103 115 3.713777196266159
list:
dist: 3.713777196266159 vs. 3.713777196266159
--------
nle(id0,id1,dist): 103 112 2.9548962071475238
list:
dist: 2.9548962071475238 vs. 2.9548962071475238
--------
nle(id0,id1,dist): 103 113 2.6617002251139064
list:
dist: 2.6617002251139064 vs. 2.6617002251139064
--------
nle(id0,id1,dist): 103 119 2.8299703978858552
list:
dist: 2.8299703978858552 vs. 2.8299703978858552
--------
nle(id0,id1,dist): 147 149 2.011499330320614
list:
dist: 2.011499330320614 vs. 2.011499330320614
--------
nle(id0,id1,dist): 147 148 1.9550259789621378
list:
dist: 1.9550259789621378 vs. 1.9550259789621378
--------
nle(id0,id1,dist): 148 149 1.1526318205916886
list:
dist: 1.1526318205916886 vs. 1.1526318205916886
--------
nle(id0,id1,dist): 146 147 2.630149585112146
list:
dist: 2.630149585112146 vs. 2.630149585112146
--------
nle(id0,id1,dist): 146 148 1.5949774911996675
list:
dist: 1.5949774911996675 vs. 1.5949774911996675
--------
nle(id0,id1,dist): 146 149 2.7022878136413926
list:
dist: 2.7022878136413926 vs. 2.7022878136413926
--------
nle(id0,id1,dist): 144 148 1.1191933859893353
list:
dist: 1.1191933859893353 vs. 1.1191933859893353
--------
nle(id0,id1,dist): 144 147 2.417615925208388
list:
dist: 2.417615925208388 vs. 2.417615925208388
--------
nle(id0,id1,dist): 144 149 0.7036986843492742
list:
dist: 0.7036986843492742 vs. 0.7036986843492742
--------
nle(id0,id1,dist): 145 149 2.856174143890549
list:
dist: 2.856174143890549 vs. 2.856174143890549
--------
nle(id0,id1,dist): 145 148 1.996141657728069
list:
dist: 1.996141657728069 vs. 1.996141657728069
--------
nle(id0,id1,dist): 145 147 2.0790078861244745
list:
dist: 2.0790078861244745 vs. 2.0790078861244745
--------
nle(id0,id1,dist): 145 146 1.124591045819815
list:
dist: 1.124591045819815 vs. 1.124591045819815
--------
nle(id0,id1,dist): 142 149 1.742305252290954
list:
dist: 1.742305252290954 vs. 1.742305252290954
--------
nle(id0,id1,dist): 142 147 0.6711530790011141
list:
dist: 0.6711530790011141 vs. 0.6711530790011141
--------
nle(id0,id1,dist): 142 148 1.9654875413835609
list:
dist: 1.9654875413835609 vs. 1.9654875413835609
--------
nle(id0,id1,dist): 142 145 2.277105019403578
list:
dist: 2.277105019403578 vs. 2.277105019403578
--------
nle(id0,id1,dist): 142 146 2.8208238515955166
list:
dist: 2.8208238515955166 vs. 2.8208238515955166
--------
nle(id0,id1,dist): 142 143 1.9854800508817785
list:
dist: 1.9854800508817785 vs. 1.9854800508817785
--------
nle(id0,id1,dist): 142 144 2.10502564714858
list:
dist: 2.10502564714858 vs. 2.10502564714858
--------
nle(id0,id1,dist): 143 147 1.9009429440101053
list:
dist: 1.9009429440101053 vs. 1.9009429440101053
--------
nle(id0,id1,dist): 143 148 3.753631539656883
list:
dist: 3.753631539656883 vs. 3.753631539656883
--------
nle(id0,id1,dist): 143 149 3.40795960805311
list:
dist: 3.40795960805311 vs. 3.40795960805311
--------
nle(id0,id1,dist): 143 144 3.948124440664265
list:
dist: 3.948124440664265 vs. 3.948124440664265
--------
nle(id0,id1,dist): 140 149 1.5451129167796664
list:
dist: 1.5451129167796664 vs. 1.5451129167796664
--------
nle(id0,id1,dist): 141 145 3.0412314504996396
list:
dist: 3.0412314504996396 vs. 3.0412314504996396
--------
nle(id0,id1,dist): 139 144 1.5013359799780934
list:
dist: 1.5013359799780934 vs. 1.5013359799780934
--------
nle(id0,id1,dist): 139 142 2.049842046045346
list:
dist: 2.049842046045346 vs. 2.049842046045346
--------
nle(id0,id1,dist): 139 143 3.252100711010465
list:
dist: 3.252100711010465 vs. 3.252100711010465
--------
nle(id0,id1,dist): 139 140 2.101014183627632
list:
dist: 2.101014183627632 vs. 2.101014183627632
--------
nle(id0,id1,dist): 139 148 1.8819425521097122
list:
dist: 1.8819425521097122 vs. 1.8819425521097122
--------
nle(id0,id1,dist): 139 149 0.871518425255063
list:
dist: 0.871518425255063 vs. 0.871518425255063
--------
nle(id0,id1,dist): 139 147 2.2842835033835613
list:
dist: 2.2842835033835613 vs. 2.2842835033835613
--------
nle(id0,id1,dist): 140 145 1.9842917386526613
list:
dist: 1.9842917386526613 vs. 1.9842917386526613
--------
nle(id0,id1,dist): 140 146 1.5296875537230559
list:
dist: 1.5296875537230559 vs. 1.5296875537230559
--------
nle(id0,id1,dist): 140 147 1.9226576313572297
list:
dist: 1.9226576313572297 vs. 1.9226576313572297
--------
nle(id0,id1,dist): 140 148 0.5839193723389765
list:
dist: 0.5839193723389765 vs. 0.5839193723389765
--------
nle(id0,id1,dist): 140 142 2.123081513644977
list:
dist: 2.123081513644977 vs. 2.123081513644977
--------
nle(id0,id1,dist): 140 143 3.7150886582337757
list:
dist: 3.7150886582337757 vs. 3.7150886582337757
--------
nle(id0,id1,dist): 140 144 1.667269887282459
list:
dist: 1.667269887282459 vs. 1.667269887282459
--------
nle(id0,id1,dist): 138 142 2.5702697683553324
list:
dist: 2.5702697683553324 vs. 2.5702697683553324
--------
nle(id0,id1,dist): 138 139 2.8145491703186467
list:
dist: 2.8145491703186467 vs. 2.8145491703186467
--------
nle(id0,id1,dist): 138 140 2.0121635525451995
list:
dist: 2.0121635525451995 vs. 2.0121635525451995
--------
nle(id0,id1,dist): 138 149 1.9499087923315954
list:
dist: 1.9499087923315954 vs. 1.9499087923315954
--------
nle(id0,id1,dist): 138 148 1.5097611089780982
list:
dist: 1.5097611089780982 vs. 1.5097611089780982
--------
nle(id0,id1,dist): 138 147 2.8204270893484105
list:
dist: 2.8204270893484105 vs. 2.8204270893484105
--------
nle(id0,id1,dist): 138 146 1.810939621662656
list:
dist: 1.810939621662656 vs. 1.810939621662656
--------
nle(id0,id1,dist): 138 145 2.1022178837614405
list:
dist: 2.1022178837614405 vs. 2.1022178837614405
--------
nle(id0,id1,dist): 138 144 1.362106465043383
list:
dist: 1.362106465043383 vs. 1.362106465043383
--------
nle(id0,id1,dist): 137 144 1.405154015292374
list:
dist: 1.405154015292374 vs. 1.405154015292374
--------
nle(id0,id1,dist): 137 145 1.8659203253367513
list:
dist: 1.8659203253367513 vs. 1.8659203253367513
--------
nle(id0,id1,dist): 137 146 2.2076143295629658
list:
dist: 2.2076143295629658 vs. 2.2076143295629658
--------
nle(id0,id1,dist): 137 147 1.2880091388431103
list:
dist: 1.2880091388431103 vs. 1.2880091388431103
--------
nle(id0,id1,dist): 137 140 1.705210591457247
list:
dist: 1.705210591457247 vs. 1.705210591457247
--------
nle(id0,id1,dist): 137 142 0.9204061133893464
list:
dist: 0.9204061133893464 vs. 0.9204061133893464
--------
nle(id0,id1,dist): 137 143 2.905750621668948
list:
dist: 2.905750621668948 vs. 2.905750621668948
--------
nle(id0,id1,dist): 137 138 1.6506684276041912
list:
dist: 1.6506684276041912 vs. 1.6506684276041912
--------
nle(id0,id1,dist): 137 139 1.998937853803111
list:
dist: 1.998937853803111 vs. 1.998937853803111
--------
nle(id0,id1,dist): 137 149 1.3353716471728458
list:
dist: 1.3353716471728458 vs. 1.3353716471728458
--------
nle(id0,id1,dist): 137 148 1.3519866580681936
list:
dist: 1.3519866580681936 vs. 1.3519866580681936
--------
nle(id0,id1,dist): 136 147 2.316065698951998
list:
dist: 2.316065698951998 vs. 2.316065698951998
--------
nle(id0,id1,dist): 136 148 1.4927409962259999
list:
dist: 1.4927409962259999 vs. 1.4927409962259999
--------
nle(id0,id1,dist): 136 145 2.424930430256746
list:
dist: 2.424930430256746 vs. 2.424930430256746
--------
nle(id0,id1,dist): 136 146 2.432281551801441
list:
dist: 2.432281551801441 vs. 2.432281551801441
--------
nle(id0,id1,dist): 136 149 1.2898532651977108
list:
dist: 1.2898532651977108 vs. 1.2898532651977108
--------
nle(id0,id1,dist): 136 139 2.078243955638178
list:
dist: 2.078243955638178 vs. 2.078243955638178
--------
nle(id0,id1,dist): 136 140 2.053096823027482
list:
dist: 2.053096823027482 vs. 2.053096823027482
--------
nle(id0,id1,dist): 136 137 1.049907908649562
list:
dist: 1.049907908649562 vs. 1.049907908649562
--------
nle(id0,id1,dist): 136 138 1.0243288264268513
list:
dist: 1.0243288264268513 vs. 1.0243288264268513
--------
nle(id0,id1,dist): 136 144 0.855753821123959
list:
dist: 0.855753821123959 vs. 0.855753821123959
--------
nle(id0,id1,dist): 136 142 1.8842765576639544
list:
dist: 1.8842765576639544 vs. 1.8842765576639544
--------
nle(id0,id1,dist): 135 142 1.6404318206676645
list:
dist: 1.6404318206676645 vs. 1.6404318206676645
--------
nle(id0,id1,dist): 135 143 2.899264022483602
list:
dist: 2.899264022483602 vs. 2.899264022483602
--------
nle(id0,id1,dist): 135 144 1.7092183640475878
list:
dist: 1.7092183640475878 vs. 1.7092183640475878
--------
nle(id0,id1,dist): 135 147 2.208483408984231
list:
dist: 2.208483408984231 vs. 2.208483408984231
--------
nle(id0,id1,dist): 135 148 2.3830961198752356
list:
dist: 2.3830961198752356 vs. 2.3830961198752356
--------
nle(id0,id1,dist): 135 149 1.3756208345359782
list:
dist: 1.3756208345359782 vs. 1.3756208345359782
--------
nle(id0,id1,dist): 135 140 2.7653658391581706
list:
dist: 2.7653658391581706 vs. 2.7653658391581706
--------
nle(id0,id1,dist): 135 138 2.706338381051387
list:
dist: 2.706338381051387 vs. 2.706338381051387
--------
nle(id0,id1,dist): 135 139 1.3507009059045778
list:
dist: 1.3507009059045778 vs. 1.3507009059045778
--------
nle(id0,id1,dist): 135 136 1.6986291845944106
list:
dist: 1.6986291845944106 vs. 1.6986291845944106
--------
nle(id0,id1,dist): 135 137 1.6596569236551917
list:
dist: 1.6596569236551917 vs. 1.6596569236551917
--------
nle(id0,id1,dist): 134 136 2.4978288198773
list:
dist: 2.4978288198773 vs. 2.4978288198773
--------
nle(id0,id1,dist): 134 138 1.5024059834787251
list:
dist: 1.5024059834787251 vs. 1.5024059834787251
--------
nle(id0,id1,dist): 134 145 2.074676641629056
list:
dist: 2.074676641629056 vs. 2.074676641629056
--------
nle(id0,id1,dist): 134 146 1.3551538251278092
list:
dist: 1.3551538251278092 vs. 1.3551538251278092
--------
nle(id0,id1,dist): 133 137 2.725371109944344
list:
dist: 2.725371109944344 vs. 2.725371109944344
--------
nle(id0,id1,dist): 133 142 1.8781430875118494
list:
dist: 1.8781430875118494 vs. 1.8781430875118494
--------
nle(id0,id1,dist): 133 143 0.9021897717676316
list:
dist: 0.9021897717676316 vs. 0.9021897717676316
--------
nle(id0,id1,dist): 133 141 2.9033013677617947
list:
dist: 2.9033013677617947 vs. 2.9033013677617947
--------
nle(id0,id1,dist): 133 147 1.7590434694808723
list:
dist: 1.7590434694808723 vs. 1.7590434694808723
--------
nle(id0,id1,dist): 132 134 1.2195977217023464
list:
dist: 1.2195977217023464 vs. 1.2195977217023464
--------
nle(id0,id1,dist): 132 136 1.5712214809429277
list:
dist: 1.5712214809429277 vs. 1.5712214809429277
--------
nle(id0,id1,dist): 132 135 3.0823059343817514
list:
dist: 3.0823059343817514 vs. 3.0823059343817514
--------
nle(id0,id1,dist): 132 138 0.9057653577924665
list:
dist: 0.9057653577924665 vs. 0.9057653577924665
--------
nle(id0,id1,dist): 132 137 1.6057520005698167
list:
dist: 1.6057520005698167 vs. 1.6057520005698167
--------
nle(id0,id1,dist): 132 140 1.7328181152463216
list:
dist: 1.7328181152463216 vs. 1.7328181152463216
--------
nle(id0,id1,dist): 132 139 3.1111517539938993
list:
dist: 3.1111517539938993 vs. 3.1111517539938993
--------
nle(id0,id1,dist): 132 142 2.418837093110909
list:
dist: 2.418837093110909 vs. 2.418837093110909
--------
nle(id0,id1,dist): 132 144 1.8837417133591094
list:
dist: 1.8837417133591094 vs. 1.8837417133591094
--------
nle(id0,id1,dist): 132 145 1.2423624344468653
list:
dist: 1.2423624344468653 vs. 1.2423624344468653
--------
nle(id0,id1,dist): 132 146 1.0273403489843234
list:
dist: 1.0273403489843234 vs. 1.0273403489843234
--------
nle(id0,id1,dist): 132 147 2.4807627406412642
list:
dist: 2.4807627406412642 vs. 2.4807627406412642
--------
nle(id0,id1,dist): 132 148 1.4378426985522026
list:
dist: 1.4378426985522026 vs. 1.4378426985522026
--------
nle(id0,id1,dist): 132 149 2.260356850273231
list:
dist: 2.260356850273231 vs. 2.260356850273231
--------
nle(id0,id1,dist): 131 147 2.5336081603590155
list:
dist: 2.5336081603590155 vs. 2.5336081603590155
--------
nle(id0,id1,dist): 131 146 1.5397293827479754
list:
dist: 1.5397293827479754 vs. 1.5397293827479754
--------
nle(id0,id1,dist): 131 149 3.3119103637467373
list:
dist: 3.3119103637467373 vs. 3.3119103637467373
--------
nle(id0,id1,dist): 131 148 2.5208610212640483
list:
dist: 2.5208610212640483 vs. 2.5208610212640483
--------
nle(id0,id1,dist): 131 142 2.6414697886351277
list:
dist: 2.6414697886351277 vs. 2.6414697886351277
--------
nle(id0,id1,dist): 131 145 0.6480617255256003
list:
dist: 0.6480617255256003 vs. 0.6480617255256003
--------
nle(id0,id1,dist): 131 138 2.2647466686444586
list:
dist: 2.2647466686444586 vs. 2.2647466686444586
--------
nle(id0,id1,dist): 131 140 2.586032201476777
list:
dist: 2.586032201476777 vs. 2.586032201476777
--------
nle(id0,id1,dist): 131 141 2.9230803147542987
list:
dist: 2.9230803147542987 vs. 2.9230803147542987
--------
nle(id0,id1,dist): 131 134 2.1229304086648235
list:
dist: 2.1229304086648235 vs. 2.1229304086648235
--------
nle(id0,id1,dist): 131 136 2.656508602625656
list:
dist: 2.656508602625656 vs. 2.656508602625656
--------
nle(id0,id1,dist): 131 137 2.20821600781397
list:
dist: 2.20821600781397 vs. 2.20821600781397
--------
nle(id0,id1,dist): 131 132 1.4534824835049496
list:
dist: 1.4534824835049496 vs. 1.4534824835049496
--------
nle(id0,id1,dist): 130 149 3.0098960338655307
list:
dist: 3.0098960338655307 vs. 3.0098960338655307
--------
nle(id0,id1,dist): 130 147 2.771435217521852
list:
dist: 2.771435217521852 vs. 2.771435217521852
--------
nle(id0,id1,dist): 130 148 2.2410791113551616
list:
dist: 2.2410791113551616 vs. 2.2410791113551616
--------
nle(id0,id1,dist): 130 145 1.0479664812973049
list:
dist: 1.0479664812973049 vs. 1.0479664812973049
--------
nle(id0,id1,dist): 130 146 1.3732000377105298
list:
dist: 1.3732000377105298 vs. 1.3732000377105298
--------
nle(id0,id1,dist): 130 144 2.6688351362606504
list:
dist: 2.6688351362606504 vs. 2.6688351362606504
--------
nle(id0,id1,dist): 130 142 2.734020397345644
list:
dist: 2.734020397345644 vs. 2.734020397345644
--------
nle(id0,id1,dist): 130 139 3.8409485351149035
list:
dist: 3.8409485351149035 vs. 3.8409485351149035
--------
nle(id0,id1,dist): 130 140 2.453639513927064
list:
dist: 2.453639513927064 vs. 2.453639513927064
--------
nle(id0,id1,dist): 130 137 2.0545055492815734
list:
dist: 2.0545055492815734 vs. 2.0545055492815734
--------
nle(id0,id1,dist): 130 138 1.5748594404399139
list:
dist: 1.5748594404399139 vs. 1.5748594404399139
--------
nle(id0,id1,dist): 130 135 3.6149893115133613
list:
dist: 3.6149893115133613 vs. 3.6149893115133613
--------
nle(id0,id1,dist): 130 136 2.1680092976228904
list:
dist: 2.1680092976228904 vs. 2.1680092976228904
--------
nle(id0,id1,dist): 130 132 0.8745638658838667
list:
dist: 0.8745638658838667 vs. 0.8745638658838667
--------
nle(id0,id1,dist): 130 131 0.8212504123701828
list:
dist: 0.8212504123701828 vs. 0.8212504123701828
--------
nle(id0,id1,dist): 130 134 1.4656070409896622
list:
dist: 1.4656070409896622 vs. 1.4656070409896622
--------
nle(id0,id1,dist): 129 148 2.545197827036481
list:
dist: 2.545197827036481 vs. 2.545197827036481
--------
nle(id0,id1,dist): 129 149 2.4931154351420135
list:
dist: 2.4931154351420135 vs. 2.4931154351420135
--------
nle(id0,id1,dist): 129 140 3.032893044747319
list:
dist: 3.032893044747319 vs. 3.032893044747319
--------
nle(id0,id1,dist): 129 142 2.283443804615186
list:
dist: 2.283443804615186 vs. 2.283443804615186
--------
nle(id0,id1,dist): 129 144 2.1327648083065665
list:
dist: 2.1327648083065665 vs. 2.1327648083065665
--------
nle(id0,id1,dist): 129 145 2.4960329746341956
list:
dist: 2.4960329746341956 vs. 2.4960329746341956
--------
nle(id0,id1,dist): 129 146 2.8836607061219297
list:
dist: 2.8836607061219297 vs. 2.8836607061219297
--------
nle(id0,id1,dist): 129 147 2.7698432922031353
list:
dist: 2.7698432922031353 vs. 2.7698432922031353
--------
nle(id0,id1,dist): 129 135 2.386832525059297
list:
dist: 2.386832525059297 vs. 2.386832525059297
--------
nle(id0,id1,dist): 129 134 2.7557901875982362
list:
dist: 2.7557901875982362 vs. 2.7557901875982362
--------
nle(id0,id1,dist): 129 132 1.8925690189681843
list:
dist: 1.8925690189681843 vs. 1.8925690189681843
--------
nle(id0,id1,dist): 129 139 3.204097954400139
list:
dist: 3.204097954400139 vs. 3.204097954400139
--------
nle(id0,id1,dist): 129 138 1.5800837256894966
list:
dist: 1.5800837256894966 vs. 1.5800837256894966
--------
nle(id0,id1,dist): 129 137 1.6310062533423548
list:
dist: 1.6310062533423548 vs. 1.6310062533423548
--------
nle(id0,id1,dist): 129 136 1.2777167164960872
list:
dist: 1.2777167164960872 vs. 1.2777167164960872
--------
nle(id0,id1,dist): 129 131 2.414722701620005
list:
dist: 2.414722701620005 vs. 2.414722701620005
--------
nle(id0,id1,dist): 129 130 1.9561965027857116
list:
dist: 1.9561965027857116 vs. 1.9561965027857116
--------
nle(id0,id1,dist): 128 147 1.5087792401204811
list:
dist: 1.5087792401204811 vs. 1.5087792401204811
--------
nle(id0,id1,dist): 128 148 1.9670105532348974
list:
dist: 1.9670105532348974 vs. 1.9670105532348974
--------
nle(id0,id1,dist): 128 145 1.8978485160674017
list:
dist: 1.8978485160674017 vs. 1.8978485160674017
--------
nle(id0,id1,dist): 128 146 2.4980345985889927
list:
dist: 2.4980345985889927 vs. 2.4980345985889927
--------
nle(id0,id1,dist): 128 149 1.939900741149101
list:
dist: 1.939900741149101 vs. 1.939900741149101
--------
nle(id0,id1,dist): 128 133 2.5458215079590594
list:
dist: 2.5458215079590594 vs. 2.5458215079590594
--------
nle(id0,id1,dist): 128 135 1.8877181581379199
list:
dist: 1.8877181581379199 vs. 1.8877181581379199
--------
nle(id0,id1,dist): 128 136 1.3183009471802012
list:
dist: 1.3183009471802012 vs. 1.3183009471802012
--------
nle(id0,id1,dist): 128 129 1.2758178259319988
list:
dist: 1.2758178259319988 vs. 1.2758178259319988
--------
nle(id0,id1,dist): 128 130 1.9677920864367469
list:
dist: 1.9677920864367469 vs. 1.9677920864367469
--------
nle(id0,id1,dist): 128 131 2.0601866084120197
list:
dist: 2.0601866084120197 vs. 2.0601866084120197
--------
nle(id0,id1,dist): 128 132 1.7927230332108959
list:
dist: 1.7927230332108959 vs. 1.7927230332108959
--------
nle(id0,id1,dist): 128 142 1.0576807719058394
list:
dist: 1.0576807719058394 vs. 1.0576807719058394
--------
nle(id0,id1,dist): 128 143 2.8799715876136633
list:
dist: 2.8799715876136633 vs. 2.8799715876136633
--------
nle(id0,id1,dist): 128 144 1.9326183380992954
list:
dist: 1.9326183380992954 vs. 1.9326183380992954
--------
nle(id0,id1,dist): 128 137 0.6663512868725469
list:
dist: 0.6663512868725469 vs. 0.6663512868725469
--------
nle(id0,id1,dist): 128 138 1.8779637807279719
list:
dist: 1.8779637807279719 vs. 1.8779637807279719
--------
nle(id0,id1,dist): 128 139 2.551814714945387
list:
dist: 2.551814714945387 vs. 2.551814714945387
--------
nle(id0,id1,dist): 128 140 2.305759331889903
list:
dist: 2.305759331889903 vs. 2.305759331889903
--------
nle(id0,id1,dist): 127 140 3.5062625786723873
list:
dist: 3.5062625786723873 vs. 3.5062625786723873
--------
nle(id0,id1,dist): 127 141 2.8482216601900743
list:
dist: 2.8482216601900743 vs. 2.8482216601900743
--------
nle(id0,id1,dist): 127 138 2.9260375100615126
list:
dist: 2.9260375100615126 vs. 2.9260375100615126
--------
nle(id0,id1,dist): 127 136 3.3736564259562156
list:
dist: 3.3736564259562156 vs. 3.3736564259562156
--------
nle(id0,id1,dist): 127 137 3.0139548835173815
list:
dist: 3.0139548835173815 vs. 3.0139548835173815
--------
nle(id0,id1,dist): 127 134 2.5832568767856774
list:
dist: 2.5832568767856774 vs. 2.5832568767856774
--------
nle(id0,id1,dist): 127 148 3.4224066441306733
list:
dist: 3.4224066441306733 vs. 3.4224066441306733
--------
nle(id0,id1,dist): 127 149 4.175899175160886
list:
dist: 4.175899175160886 vs. 4.175899175160886
--------
nle(id0,id1,dist): 127 146 2.320030210543444
list:
dist: 2.320030210543444 vs. 2.320030210543444
--------
nle(id0,id1,dist): 127 147 3.3369088252782695
list:
dist: 3.3369088252782695 vs. 3.3369088252782695
--------
nle(id0,id1,dist): 127 145 1.5602344176711513
list:
dist: 1.5602344176711513 vs. 1.5602344176711513
--------
nle(id0,id1,dist): 127 142 3.4080689958540034
list:
dist: 3.4080689958540034 vs. 3.4080689958540034
--------
nle(id0,id1,dist): 127 132 2.2081060243479262
list:
dist: 2.2081060243479262 vs. 2.2081060243479262
--------
nle(id0,id1,dist): 127 131 0.928799052180336
list:
dist: 0.928799052180336 vs. 0.928799052180336
--------
nle(id0,id1,dist): 127 130 1.368940380857906
list:
dist: 1.368940380857906 vs. 1.368940380857906
--------
nle(id0,id1,dist): 127 129 2.8311830629864954
list:
dist: 2.8311830629864954 vs. 2.8311830629864954
--------
nle(id0,id1,dist): 127 128 2.728378071925661
list:
dist: 2.728378071925661 vs. 2.728378071925661
--------
nle(id0,id1,dist): 126 142 2.2139087839672515
list:
dist: 2.2139087839672515 vs. 2.2139087839672515
--------
nle(id0,id1,dist): 126 143 1.363037432046349
list:
dist: 1.363037432046349 vs. 1.363037432046349
--------
nle(id0,id1,dist): 126 147 2.417225138709538
list:
dist: 2.417225138709538 vs. 2.417225138709538
--------
nle(id0,id1,dist): 126 128 2.673233082196432
list:
dist: 2.673233082196432 vs. 2.673233082196432
--------
nle(id0,id1,dist): 126 133 1.109784201047359
list:
dist: 1.109784201047359 vs. 1.109784201047359
--------
nle(id0,id1,dist): 126 135 2.9828712071727237
list:
dist: 2.9828712071727237 vs. 2.9828712071727237
--------
nle(id0,id1,dist): 126 137 2.991363288924985
list:
dist: 2.991363288924985 vs. 2.991363288924985
--------
nle(id0,id1,dist): 125 146 3.1244717635827453
list:
dist: 3.1244717635827453 vs. 3.1244717635827453
--------
nle(id0,id1,dist): 125 147 1.3311753468875651
list:
dist: 1.3311753468875651 vs. 1.3311753468875651
--------
nle(id0,id1,dist): 125 145 2.1511893362586125
list:
dist: 2.1511893362586125 vs. 2.1511893362586125
--------
nle(id0,id1,dist): 125 148 2.9987262952891505
list:
dist: 2.9987262952891505 vs. 2.9987262952891505
--------
nle(id0,id1,dist): 125 149 3.1600335012876384
list:
dist: 3.1600335012876384 vs. 3.1600335012876384
--------
nle(id0,id1,dist): 125 131 2.311983690852982
list:
dist: 2.311983690852982 vs. 2.311983690852982
--------
nle(id0,id1,dist): 125 130 2.8028030773169794
list:
dist: 2.8028030773169794 vs. 2.8028030773169794
--------
nle(id0,id1,dist): 125 129 2.8779814963923878
list:
dist: 2.8779814963923878 vs. 2.8779814963923878
--------
nle(id0,id1,dist): 125 128 1.7563997183884914
list:
dist: 1.7563997183884914 vs. 1.7563997183884914
--------
nle(id0,id1,dist): 125 133 1.2325332901809425
list:
dist: 1.2325332901809425 vs. 1.2325332901809425
--------
nle(id0,id1,dist): 125 132 2.923792881003756
list:
dist: 2.923792881003756 vs. 2.923792881003756
--------
nle(id0,id1,dist): 125 138 3.4044757184652563
list:
dist: 3.4044757184652563 vs. 3.4044757184652563
--------
nle(id0,id1,dist): 125 137 2.0248361016072995
list:
dist: 2.0248361016072995 vs. 2.0248361016072995
--------
nle(id0,id1,dist): 125 136 3.008548649289532
list:
dist: 3.008548649289532 vs. 3.008548649289532
--------
nle(id0,id1,dist): 125 143 1.9662422459958002
list:
dist: 1.9662422459958002 vs. 1.9662422459958002
--------
nle(id0,id1,dist): 125 142 1.493839745658091
list:
dist: 1.493839745658091 vs. 1.493839745658091
--------
nle(id0,id1,dist): 125 141 2.2781424307536846
list:
dist: 2.2781424307536846 vs. 2.2781424307536846
--------
nle(id0,id1,dist): 125 140 3.0028103873550647
list:
dist: 3.0028103873550647 vs. 3.0028103873550647
2. Check the NeighborList query for coordinates against the neighbor list for consistency
list:
dist: 3.2726182576551692 vs. 3.2726182576551692
list:
dist: 2.4256248461100465 vs. 2.4256248461100465
list:
dist: 4.053948300429627 vs. 4.053948300429627
list:
dist: 4.317424580361583 vs. 4.317424580361583
list:
dist: 3.6789974773216243 vs. 3.6789974773216243
list:
dist: 3.0289853501485795 vs. 3.0289853501485795
list:
dist: 3.8579477167600755 vs. 3.8579477167600755
list:
dist: 4.147463716355711 vs. 4.147463716355711
list:
dist: 1.9046338288983644 vs. 1.9046338288983644
list:
dist: 3.077213798605388 vs. 3.077213798605388
list:
dist: 2.0413032093295946 vs. 2.0413032093295946
list:
dist: 1.1343199647994373 vs. 1.1343199647994373
list:
dist: 1.745264971218762 vs. 1.745264971218762
list:
dist: 2.557949947659149 vs. 2.557949947659149
list:
dist: 3.966097973725495 vs. 3.966097973725495
list:
dist: 2.803766066375665 vs. 2.803766066375665
list:
dist: 3.0558783611571596 vs. 3.0558783611571596
list:
dist: 2.8495679243000334 vs. 2.8495679243000334
list:
dist: 3.0863851218038953 vs. 3.0863851218038953
list:
dist: 2.767333922841734 vs. 2.767333922841734
list:
dist: 2.6114450064312145 vs. 2.6114450064312145
list:
dist: 1.5886301379080532 vs. 1.5886301379080532
list:
dist: 3.4388208344152362 vs. 3.4388208344152362
list:
dist: 2.7373923858436267 vs. 2.7373923858436267
list:
dist: 2.183951981555975 vs. 2.183951981555975
list:
dist: 3.0377640236194896 vs. 3.0377640236194896
list:
dist: 2.411364450390218 vs. 2.411364450390218
list:
dist: 3.2726182576551692 vs. 3.2726182576551692
list:
dist: 1.2260496471466118 vs. 1.2260496471466118
list:
dist: 1.0388845953265293 vs. 1.0388845953265293
list:
dist: 1.9046338288983644 vs. 1.9046338288983644
list:
dist: 1.114142930649152 vs. 1.114142930649152
list:
dist: 1.1777631341834183 vs. 1.1777631341834183
list:
dist: 1.6485580468170373 vs. 1.6485580468170373
list:
dist: 2.4280640989341378 vs. 2.4280640989341378
list:
dist: 1.0549192561127272 vs. 1.0549192561127272
list:
dist: 1.6286313016795204 vs. 1.6286313016795204
list:
dist: 1.685530472216859 vs. 1.685530472216859
list:
dist: 3.307426487409976 vs. 3.307426487409976
list:
dist: 2.875705567264317 vs. 2.875705567264317
list:
dist: 2.4150967682460776 vs. 2.4150967682460776
list:
dist: 1.8751950732907205 vs. 1.8751950732907205
list:
dist: 2.897496811034828 vs. 2.897496811034828
list:
dist: 3.6789974773216243 vs. 3.6789974773216243
list:
dist: 2.4280640989341378 vs. 2.4280640989341378
list:
dist: 2.245017099075198 vs. 2.245017099075198
list:
dist: 2.368979373740321 vs. 2.368979373740321
list:
dist: 3.966097973725495 vs. 3.966097973725495
list:
dist: 3.5002418004608944 vs. 3.5002418004608944
list:
dist: 2.752650197983308 vs. 2.752650197983308
list:
dist: 1.603398345171747 vs. 1.603398345171747
list:
dist: 1.4115003201746585 vs. 1.4115003201746585
list:
dist: 1.5014558012310064 vs. 1.5014558012310064
list:
dist: 1.3046447858192671 vs. 1.3046447858192671
list:
dist: 3.2540942603293397 vs. 3.2540942603293397
list:
dist: 3.2766077297352303 vs. 3.2766077297352303
list:
dist: 2.6368412023530623 vs. 2.6368412023530623
list:
dist: 2.9951529912568358 vs. 2.9951529912568358
list:
dist: 2.435835194503835 vs. 2.435835194503835
list:
dist: 1.5411135052674794 vs. 1.5411135052674794
list:
dist: 1.930072133988183 vs. 1.930072133988183
list:
dist: 3.0775101954159747 vs. 3.0775101954159747
list:
dist: 2.880783466774507 vs. 2.880783466774507
list:
dist: 1.1777631341834183 vs. 1.1777631341834183
list:
dist: 1.963606788262991 vs. 1.963606788262991
list:
dist: 0.4041242505506271 vs. 0.4041242505506271
list:
dist: 1.745264971218762 vs. 1.745264971218762
list:
dist: 1.3190667340043172 vs. 1.3190667340043172
list:
dist: 1.5625283026348478 vs. 1.5625283026348478
list:
dist: 2.752650197983308 vs. 2.752650197983308
list:
dist: 1.7608775425489447 vs. 1.7608775425489447
list:
dist: 1.4646779996868293 vs. 1.4646779996868293
list:
dist: 1.5990480412161094 vs. 1.5990480412161094
list:
dist: 2.6800339924664858 vs. 2.6800339924664858
list:
dist: 1.863633708079288 vs. 1.863633708079288
list:
dist: 1.5979020067382452 vs. 1.5979020067382452
list:
dist: 1.1126258649853837 vs. 1.1126258649853837
list:
dist: 2.1476350330653338 vs. 2.1476350330653338
list:
dist: 3.019514476508346 vs. 3.019514476508346
list:
dist: 3.043487750125785 vs. 3.043487750125785
list:
dist: 2.7090619239746894 vs. 2.7090619239746894
list:
dist: 2.1540035999408222 vs. 2.1540035999408222
list:
dist: 2.4256248461100465 vs. 2.4256248461100465
list:
dist: 1.2260496471466118 vs. 1.2260496471466118
list:
dist: 1.682248740074409 vs. 1.682248740074409
list:
dist: 3.077213798605388 vs. 3.077213798605388
list:
dist: 2.0896331871566334 vs. 2.0896331871566334
list:
dist: 1.963606788262991 vs. 1.963606788262991
list:
dist: 2.282632301943585 vs. 2.282632301943585
list:
dist: 2.245017099075198 vs. 2.245017099075198
list:
dist: 1.1429122318712608 vs. 1.1429122318712608
list:
dist: 1.6106209720918063 vs. 1.6106209720918063
list:
dist: 2.072197651753229 vs. 2.072197651753229
list:
dist: 4.155685898618505 vs. 4.155685898618505
list:
dist: 3.5875639998336317 vs. 3.5875639998336317
list:
dist: 3.1228509193304146 vs. 3.1228509193304146
list:
dist: 2.8843603276388663 vs. 2.8843603276388663
list:
dist: 3.3085960195574646 vs. 3.3085960195574646
list:
dist: 4.053948300429627 vs. 4.053948300429627
list:
dist: 1.0388845953265293 vs. 1.0388845953265293
list:
dist: 1.682248740074409 vs. 1.682248740074409
list:
dist: 2.0413032093295946 vs. 2.0413032093295946
list:
dist: 1.5190529863759514 vs. 1.5190529863759514
list:
dist: 0.4041242505506271 vs. 0.4041242505506271
list:
dist: 1.319958042956476 vs. 1.319958042956476
list:
dist: 2.368979373740321 vs. 2.368979373740321
list:
dist: 1.4133205965009161 vs. 1.4133205965009161
list:
dist: 1.079139169942638 vs. 1.079139169942638
list:
dist: 1.2766584285407283 vs. 1.2766584285407283
list:
dist: 2.7012295254695617 vs. 2.7012295254695617
list:
dist: 1.9613847927924095 vs. 1.9613847927924095
list:
dist: 1.5860845114926345 vs. 1.5860845114926345
list:
dist: 1.2957300122387647 vs. 1.2957300122387647
list:
dist: 2.0175449096112055 vs. 2.0175449096112055
list:
dist: 1.114142930649152 vs. 1.114142930649152
list:
dist: 2.0896331871566334 vs. 2.0896331871566334
list:
dist: 1.5190529863759514 vs. 1.5190529863759514
list:
dist: 1.1343199647994373 vs. 1.1343199647994373
list:
dist: 1.3190667340043172 vs. 1.3190667340043172
list:
dist: 2.414696806010678 vs. 2.414696806010678
list:
dist: 3.5002418004608944 vs. 3.5002418004608944
list:
dist: 2.1643391300203896 vs. 2.1643391300203896
list:
dist: 2.492416446865319 vs. 2.492416446865319
list:
dist: 2.551184817019351 vs. 2.551184817019351
list:
dist: 3.5713074311641604 vs. 3.5713074311641604
list:
dist: 3.0007410263795644 vs. 3.0007410263795644
list:
dist: 2.747325779963889 vs. 2.747325779963889
list:
dist: 1.896532146542931 vs. 1.896532146542931
list:
dist: 3.410824296963931 vs. 3.410824296963931
list:
dist: 3.5760170757640775 vs. 3.5760170757640775
list:
dist: 3.214433366342081 vs. 3.214433366342081
list:
dist: 3.606683092312839 vs. 3.606683092312839
list:
dist: 2.9742531119051847 vs. 2.9742531119051847
list:
dist: 4.147463716355711 vs. 4.147463716355711
list:
dist: 1.685530472216859 vs. 1.685530472216859
list:
dist: 2.072197651753229 vs. 2.072197651753229
list:
dist: 1.2766584285407283 vs. 1.2766584285407283
list:
dist: 2.8495679243000334 vs. 2.8495679243000334
list:
dist: 2.551184817019351 vs. 2.551184817019351
list:
dist: 1.5990480412161094 vs. 1.5990480412161094
list:
dist: 0.4517716054352445 vs. 0.4517716054352445
list:
dist: 1.3046447858192671 vs. 1.3046447858192671
list:
dist: 1.152963011564685 vs. 1.152963011564685
list:
dist: 0.8348391569322136 vs. 0.8348391569322136
list:
dist: 2.2490798738596722 vs. 2.2490798738596722
list:
dist: 2.0734429959304235 vs. 2.0734429959304235
list:
dist: 1.422820204990183 vs. 1.422820204990183
list:
dist: 1.7048761054047008 vs. 1.7048761054047008
list:
dist: 1.5291271623524194 vs. 1.5291271623524194
list:
dist: 1.6026733622153477 vs. 1.6026733622153477
list:
dist: 1.4786587916152791 vs. 1.4786587916152791
list:
dist: 2.275186220611594 vs. 2.275186220611594
list:
dist: 2.2807463654177673 vs. 2.2807463654177673
list:
dist: 3.8579477167600755 vs. 3.8579477167600755
list:
dist: 1.6286313016795204 vs. 1.6286313016795204
list:
dist: 1.6106209720918063 vs. 1.6106209720918063
list:
dist: 1.079139169942638 vs. 1.079139169942638
list:
dist: 3.0558783611571596 vs. 3.0558783611571596
list:
dist: 2.492416446865319 vs. 2.492416446865319
list:
dist: 1.4646779996868293 vs. 1.4646779996868293
list:
dist: 1.224122111768117 vs. 1.224122111768117
list:
dist: 1.5014558012310064 vs. 1.5014558012310064
list:
dist: 1.1725258007559727 vs. 1.1725258007559727
list:
dist: 0.8348391569322136 vs. 0.8348391569322136
list:
dist: 2.866960216733639 vs. 2.866960216733639
list:
dist: 2.2797060534394444 vs. 2.2797060534394444
list:
dist: 1.781469203138214 vs. 1.781469203138214
list:
dist: 2.039308474863273 vs. 2.039308474863273
list:
dist: 1.7366441388601446 vs. 1.7366441388601446
list:
dist: 2.034467013310426 vs. 2.034467013310426
list:
dist: 1.4817979486786936 vs. 1.4817979486786936
list:
dist: 2.88084236383364 vs. 2.88084236383364
list:
dist: 2.8005262829505915 vs. 2.8005262829505915
list:
dist: 3.0289853501485795 vs. 3.0289853501485795
list:
dist: 1.0549192561127272 vs. 1.0549192561127272
list:
dist: 1.1429122318712608 vs. 1.1429122318712608
list:
dist: 1.4133205965009161 vs. 1.4133205965009161
list:
dist: 2.803766066375665 vs. 2.803766066375665
list:
dist: 2.1643391300203896 vs. 2.1643391300203896
list:
dist: 1.7608775425489447 vs. 1.7608775425489447
list:
dist: 1.296089808756326 vs. 1.296089808756326
list:
dist: 1.4115003201746585 vs. 1.4115003201746585
list:
dist: 1.1725258007559727 vs. 1.1725258007559727
list:
dist: 1.152963011564685 vs. 1.152963011564685
list:
dist: 3.255447703220295 vs. 3.255447703220295
list:
dist: 3.019523754124372 vs. 3.019523754124372
list:
dist: 2.4203075888546723 vs. 2.4203075888546723
list:
dist: 2.284824386376887 vs. 2.284824386376887
list:
dist: 2.6347014599708807 vs. 2.6347014599708807
list:
dist: 2.5304850426841603 vs. 2.5304850426841603
list:
dist: 2.461841121663358 vs. 2.461841121663358
list:
dist: 3.372198277505339 vs. 3.372198277505339
list:
dist: 3.415687607407031 vs. 3.415687607407031
list:
dist: 2.875705567264317 vs. 2.875705567264317
list:
dist: 3.5875639998336317 vs. 3.5875639998336317
list:
dist: 1.9613847927924095 vs. 1.9613847927924095
list:
dist: 2.767333922841734 vs. 2.767333922841734
list:
dist: 3.0007410263795644 vs. 3.0007410263795644
list:
dist: 1.863633708079288 vs. 1.863633708079288
list:
dist: 1.969701301890535 vs. 1.969701301890535
list:
dist: 3.2766077297352303 vs. 3.2766077297352303
list:
dist: 3.019523754124372 vs. 3.019523754124372
list:
dist: 2.2797060534394444 vs. 2.2797060534394444
list:
dist: 2.0734429959304235 vs. 2.0734429959304235
list:
dist: 1.4245856561107837 vs. 1.4245856561107837
list:
dist: 0.6897731488184295 vs. 0.6897731488184295
list:
dist: 1.2804180534500451 vs. 1.2804180534500451
list:
dist: 1.1430316284311737 vs. 1.1430316284311737
list:
dist: 1.880535084185181 vs. 1.880535084185181
list:
dist: 2.5056540789429436 vs. 2.5056540789429436
list:
dist: 1.1343595472557078 vs. 1.1343595472557078
list:
dist: 0.9075923994938865 vs. 0.9075923994938865
list:
dist: 2.6227622457897524 vs. 2.6227622457897524
list:
dist: 1.965791480443574 vs. 1.965791480443574
list:
dist: 1.6899458395032694 vs. 1.6899458395032694
list:
dist: 1.9327398145797772 vs. 1.9327398145797772
list:
dist: 2.897496811034828 vs. 2.897496811034828
list:
dist: 3.3085960195574646 vs. 3.3085960195574646
list:
dist: 2.0175449096112055 vs. 2.0175449096112055
list:
dist: 3.4388208344152362 vs. 3.4388208344152362
list:
dist: 3.410824296963931 vs. 3.410824296963931
list:
dist: 2.1476350330653338 vs. 2.1476350330653338
list:
dist: 1.6176874256943445 vs. 1.6176874256943445
list:
dist: 2.435835194503835 vs. 2.435835194503835
list:
dist: 2.6347014599708807 vs. 2.6347014599708807
list:
dist: 1.7366441388601446 vs. 1.7366441388601446
list:
dist: 1.5291271623524194 vs. 1.5291271623524194
list:
dist: 1.6575436557222096 vs. 1.6575436557222096
list:
dist: 1.1430316284311737 vs. 1.1430316284311737
list:
dist: 0.8761961946851273 vs. 0.8761961946851273
list:
dist: 1.875470312157837 vs. 1.875470312157837
list:
dist: 2.8661461221919367 vs. 2.8661461221919367
list:
dist: 3.4755080288235813 vs. 3.4755080288235813
list:
dist: 1.8575826990127602 vs. 1.8575826990127602
list:
dist: 1.980815241327181 vs. 1.980815241327181
list:
dist: 1.584174373364072 vs. 1.584174373364072
list:
dist: 0.8650474965101442 vs. 0.8650474965101442
list:
dist: 1.4827845931774144 vs. 1.4827845931774144
list:
dist: 1.3309392417751498 vs. 1.3309392417751498
list:
dist: 1.7684450483635652 vs. 1.7684450483635652
list:
dist: 1.930072133988183 vs. 1.930072133988183
list:
dist: 2.461841121663358 vs. 2.461841121663358
list:
dist: 1.4817979486786936 vs. 1.4817979486786936
list:
dist: 1.4786587916152791 vs. 1.4786587916152791
list:
dist: 2.392114080877233 vs. 2.392114080877233
list:
dist: 1.965791480443574 vs. 1.965791480443574
list:
dist: 1.610943937218791 vs. 1.610943937218791
list:
dist: 2.4885517326964255 vs. 2.4885517326964255
list:
dist: 0.8650474965101442 vs. 0.8650474965101442
list:
dist: 1.1899573187738084 vs. 1.1899573187738084
list:
dist: 2.087366380757741 vs. 2.087366380757741
list:
dist: 1.7220750555479092 vs. 1.7220750555479092
list:
dist: 2.7373923858436267 vs. 2.7373923858436267
list:
dist: 3.5760170757640775 vs. 3.5760170757640775
list:
dist: 3.019514476508346 vs. 3.019514476508346
list:
dist: 1.7543865496293936 vs. 1.7543865496293936
list:
dist: 1.880535084185181 vs. 1.880535084185181
list:
dist: 2.2063157186487934 vs. 2.2063157186487934
list:
dist: 2.014777166383403 vs. 2.014777166383403
list:
dist: 2.8661461221919367 vs. 2.8661461221919367
list:
dist: 0.9968929814158354 vs. 0.9968929814158354
list:
dist: 1.1347774164369364 vs. 1.1347774164369364
list:
dist: 1.0167709746725464 vs. 1.0167709746725464
list:
dist: 2.357096834386545 vs. 2.357096834386545
list:
dist: 2.9383453537798068 vs. 2.9383453537798068
list:
dist: 1.8751950732907205 vs. 1.8751950732907205
list:
dist: 2.8843603276388663 vs. 2.8843603276388663
list:
dist: 1.2957300122387647 vs. 1.2957300122387647
list:
dist: 1.5886301379080532 vs. 1.5886301379080532
list:
dist: 1.896532146542931 vs. 1.896532146542931
list:
dist: 1.1126258649853837 vs. 1.1126258649853837
list:
dist: 1.4256117299651463 vs. 1.4256117299651463
list:
dist: 2.9951529912568358 vs. 2.9951529912568358
list:
dist: 2.284824386376887 vs. 2.284824386376887
list:
dist: 2.039308474863273 vs. 2.039308474863273
list:
dist: 1.7048761054047008 vs. 1.7048761054047008
list:
dist: 1.715880215618385 vs. 1.715880215618385
list:
dist: 1.2804180534500451 vs. 1.2804180534500451
list:
dist: 1.025313490827167 vs. 1.025313490827167
list:
dist: 1.875470312157837 vs. 1.875470312157837
list:
dist: 2.014777166383403 vs. 2.014777166383403
list:
dist: 2.092162137467189 vs. 2.092162137467189
list:
dist: 1.7381053858485194 vs. 1.7381053858485194
list:
dist: 1.255699005651549 vs. 1.255699005651549
list:
dist: 2.881619538092029 vs. 2.881619538092029
list:
dist: 2.4885517326964255 vs. 2.4885517326964255
list:
dist: 2.21231755317889 vs. 2.21231755317889
list:
dist: 2.6021024236520853 vs. 2.6021024236520853
list:
dist: 2.183951981555975 vs. 2.183951981555975
list:
dist: 3.214433366342081 vs. 3.214433366342081
list:
dist: 3.043487750125785 vs. 3.043487750125785
list:
dist: 2.3321225790440425 vs. 2.3321225790440425
list:
dist: 2.5056540789429436 vs. 2.5056540789429436
list:
dist: 2.674534716108521 vs. 2.674534716108521
list:
dist: 2.092162137467189 vs. 2.092162137467189
list:
dist: 3.4755080288235813 vs. 3.4755080288235813
list:
dist: 0.9968929814158354 vs. 0.9968929814158354
list:
dist: 1.9548874617468488 vs. 1.9548874617468488
list:
dist: 1.628038123083256 vs. 1.628038123083256
list:
dist: 3.012123495705401 vs. 3.012123495705401
list:
dist: 3.634491995644448 vs. 3.634491995644448
list:
dist: 3.0377640236194896 vs. 3.0377640236194896
list:
dist: 3.606683092312839 vs. 3.606683092312839
list:
dist: 2.7090619239746894 vs. 2.7090619239746894
list:
dist: 0.8314187672580977 vs. 0.8314187672580977
list:
dist: 1.1343595472557078 vs. 1.1343595472557078
list:
dist: 1.3911594389310906 vs. 1.3911594389310906
list:
dist: 1.7381053858485194 vs. 1.7381053858485194
list:
dist: 1.8575826990127602 vs. 1.8575826990127602
list:
dist: 1.1347774164369364 vs. 1.1347774164369364
list:
dist: 1.9548874617468488 vs. 1.9548874617468488
list:
dist: 0.8303444536312582 vs. 0.8303444536312582
list:
dist: 1.3003679705292286 vs. 1.3003679705292286
list:
dist: 1.8243463584646795 vs. 1.8243463584646795
list:
dist: 3.307426487409976 vs. 3.307426487409976
list:
dist: 4.155685898618505 vs. 4.155685898618505
list:
dist: 2.7012295254695617 vs. 2.7012295254695617
list:
dist: 3.0863851218038953 vs. 3.0863851218038953
list:
dist: 3.5713074311641604 vs. 3.5713074311641604
list:
dist: 2.6800339924664858 vs. 2.6800339924664858
list:
dist: 1.9673482734340908 vs. 1.9673482734340908
list:
dist: 3.2540942603293397 vs. 3.2540942603293397
list:
dist: 3.255447703220295 vs. 3.255447703220295
list:
dist: 2.866960216733639 vs. 2.866960216733639
list:
dist: 2.2490798738596722 vs. 2.2490798738596722
list:
dist: 1.4245856561107837 vs. 1.4245856561107837
list:
dist: 1.2559778097762688 vs. 1.2559778097762688
list:
dist: 1.715880215618385 vs. 1.715880215618385
list:
dist: 1.6575436557222096 vs. 1.6575436557222096
list:
dist: 1.7543865496293936 vs. 1.7543865496293936
list:
dist: 2.3321225790440425 vs. 2.3321225790440425
list:
dist: 0.8314187672580977 vs. 0.8314187672580977
list:
dist: 1.4155633703953034 vs. 1.4155633703953034
list:
dist: 2.3586195710116433 vs. 2.3586195710116433
list:
dist: 2.392114080877233 vs. 2.392114080877233
list:
dist: 0.6917161394672674 vs. 0.6917161394672674
list:
dist: 1.3256766209052266 vs. 1.3256766209052266
list:
dist: 4.317424580361583 vs. 4.317424580361583
list:
dist: 1.6485580468170373 vs. 1.6485580468170373
list:
dist: 2.282632301943585 vs. 2.282632301943585
list:
dist: 1.319958042956476 vs. 1.319958042956476
list:
dist: 2.557949947659149 vs. 2.557949947659149
list:
dist: 2.414696806010678 vs. 2.414696806010678
list:
dist: 1.5625283026348478 vs. 1.5625283026348478
list:
dist: 1.603398345171747 vs. 1.603398345171747
list:
dist: 1.296089808756326 vs. 1.296089808756326
list:
dist: 1.224122111768117 vs. 1.224122111768117
list:
dist: 0.4517716054352445 vs. 0.4517716054352445
list:
dist: 1.9673482734340908 vs. 1.9673482734340908
list:
dist: 1.969701301890535 vs. 1.969701301890535
list:
dist: 1.2933019058785373 vs. 1.2933019058785373
list:
dist: 1.4256117299651463 vs. 1.4256117299651463
list:
dist: 1.6176874256943445 vs. 1.6176874256943445
list:
dist: 1.7731289229982454 vs. 1.7731289229982454
list:
dist: 1.7684450483635652 vs. 1.7684450483635652
list:
dist: 2.091708893770443 vs. 2.091708893770443
list:
dist: 2.220884665906753 vs. 2.220884665906753
list:
dist: 2.4150967682460776 vs. 2.4150967682460776
list:
dist: 3.1228509193304146 vs. 3.1228509193304146
list:
dist: 1.5860845114926345 vs. 1.5860845114926345
list:
dist: 2.6114450064312145 vs. 2.6114450064312145
list:
dist: 2.747325779963889 vs. 2.747325779963889
list:
dist: 1.5979020067382452 vs. 1.5979020067382452
list:
dist: 1.2933019058785373 vs. 1.2933019058785373
list:
dist: 2.6368412023530623 vs. 2.6368412023530623
list:
dist: 2.4203075888546723 vs. 2.4203075888546723
list:
dist: 1.781469203138214 vs. 1.781469203138214
list:
dist: 1.422820204990183 vs. 1.422820204990183
list:
dist: 1.2559778097762688 vs. 1.2559778097762688
list:
dist: 0.6897731488184295 vs. 0.6897731488184295
list:
dist: 1.025313490827167 vs. 1.025313490827167
list:
dist: 0.8761961946851273 vs. 0.8761961946851273
list:
dist: 2.2063157186487934 vs. 2.2063157186487934
list:
dist: 2.674534716108521 vs. 2.674534716108521
list:
dist: 1.3911594389310906 vs. 1.3911594389310906
list:
dist: 1.2991938844453126 vs. 1.2991938844453126
list:
dist: 2.0972175897612155 vs. 2.0972175897612155
list:
dist: 1.610943937218791 vs. 1.610943937218791
list:
dist: 1.476701032181068 vs. 1.476701032181068
list:
dist: 1.7001271795924815 vs. 1.7001271795924815
list:
dist: 2.220884665906753 vs. 2.220884665906753
list:
dist: 2.880783466774507 vs. 2.880783466774507
list:
dist: 3.415687607407031 vs. 3.415687607407031
list:
dist: 2.8005262829505915 vs. 2.8005262829505915
list:
dist: 2.2807463654177673 vs. 2.2807463654177673
list:
dist: 1.3256766209052266 vs. 1.3256766209052266
list:
dist: 1.9327398145797772 vs. 1.9327398145797772
list:
dist: 1.7001271795924815 vs. 1.7001271795924815
list:
dist: 2.6021024236520853 vs. 2.6021024236520853
list:
dist: 1.3309392417751498 vs. 1.3309392417751498
list:
dist: 2.9383453537798068 vs. 2.9383453537798068
list:
dist: 3.634491995644448 vs. 3.634491995644448
list:
dist: 1.8243463584646795 vs. 1.8243463584646795
list:
dist: 2.421540814827826 vs. 2.421540814827826
list:
dist: 1.5034201402666205 vs. 1.5034201402666205
list:
dist: 1.7220750555479092 vs. 1.7220750555479092
list:
dist: 0.6640578834313374 vs. 0.6640578834313374
list:
dist: 1.7731289229982454 vs. 1.7731289229982454
list:
dist: 1.5411135052674794 vs. 1.5411135052674794
list:
dist: 2.5304850426841603 vs. 2.5304850426841603
list:
dist: 2.034467013310426 vs. 2.034467013310426
list:
dist: 1.6026733622153477 vs. 1.6026733622153477
list:
dist: 2.3586195710116433 vs. 2.3586195710116433
list:
dist: 2.6227622457897524 vs. 2.6227622457897524
list:
dist: 2.0972175897612155 vs. 2.0972175897612155
list:
dist: 2.881619538092029 vs. 2.881619538092029
list:
dist: 1.584174373364072 vs. 1.584174373364072
list:
dist: 1.1899573187738084 vs. 1.1899573187738084
list:
dist: 1.9141630249348474 vs. 1.9141630249348474
list:
dist: 1.5034201402666205 vs. 1.5034201402666205
list:
dist: 2.411364450390218 vs. 2.411364450390218
list:
dist: 2.9742531119051847 vs. 2.9742531119051847
list:
dist: 2.1540035999408222 vs. 2.1540035999408222
list:
dist: 1.4155633703953034 vs. 1.4155633703953034
list:
dist: 0.9075923994938865 vs. 0.9075923994938865
list:
dist: 1.2991938844453126 vs. 1.2991938844453126
list:
dist: 1.255699005651549 vs. 1.255699005651549
list:
dist: 1.980815241327181 vs. 1.980815241327181
list:
dist: 1.0167709746725464 vs. 1.0167709746725464
list:
dist: 1.628038123083256 vs. 1.628038123083256
list:
dist: 0.8303444536312582 vs. 0.8303444536312582
list:
dist: 1.9555262203993162 vs. 1.9555262203993162
list:
dist: 2.421540814827826 vs. 2.421540814827826
list:
dist: 2.091708893770443 vs. 2.091708893770443
list:
dist: 3.0775101954159747 vs. 3.0775101954159747
list:
dist: 3.372198277505339 vs. 3.372198277505339
list:
dist: 2.88084236383364 vs. 2.88084236383364
list:
dist: 2.275186220611594 vs. 2.275186220611594
list:
dist: 0.6917161394672674 vs. 0.6917161394672674
list:
dist: 1.6899458395032694 vs. 1.6899458395032694
list:
dist: 1.476701032181068 vs. 1.476701032181068
list:
dist: 2.21231755317889 vs. 2.21231755317889
list:
dist: 1.4827845931774144 vs. 1.4827845931774144
list:
dist: 2.357096834386545 vs. 2.357096834386545
list:
dist: 3.012123495705401 vs. 3.012123495705401
list:
dist: 1.3003679705292286 vs. 1.3003679705292286
list:
dist: 1.9555262203993162 vs. 1.9555262203993162
list:
dist: 1.9141630249348474 vs. 1.9141630249348474
list:
dist: 2.087366380757741 vs. 2.087366380757741
list:
dist: 0.6640578834313374 vs. 0.6640578834313374
list:
dist: 1.0200154273521649 vs. 1.0200154273521649
list:
dist: 1.79244372785371 vs. 1.79244372785371
list:
dist: 1.8729237329639843 vs. 1.8729237329639843
list:
dist: 2.2432452823480324 vs. 2.2432452823480324
list:
dist: 1.580014468831554 vs. 1.580014468831554
list:
dist: 1.5950141721945557 vs. 1.5950141721945557
list:
dist: 1.9835982285807523 vs. 1.9835982285807523
list:
dist: 0.5009828322337917 vs. 0.5009828322337917
list:
dist: 2.1700171505513666 vs. 2.1700171505513666
list:
dist: 2.4765837502663257 vs. 2.4765837502663257
list:
dist: 1.4072042066801262 vs. 1.4072042066801262
list:
dist: 3.1826110802330705 vs. 3.1826110802330705
list:
dist: 3.973414062701844 vs. 3.973414062701844
list:
dist: 3.4156201351903426 vs. 3.4156201351903426
list:
dist: 2.3992347578580886 vs. 2.3992347578580886
list:
dist: 2.5169737456906205 vs. 2.5169737456906205
list:
dist: 3.40667166050969 vs. 3.40667166050969
list:
dist: 3.031054738265468 vs. 3.031054738265468
list:
dist: 2.4903266727338513 vs. 2.4903266727338513
list:
dist: 3.2578532868396928 vs. 3.2578532868396928
list:
dist: 1.7462672070466452 vs. 1.7462672070466452
list:
dist: 0.9999793183569223 vs. 0.9999793183569223
list:
dist: 2.259611385291211 vs. 2.259611385291211
list:
dist: 2.160684878783728 vs. 2.160684878783728
list:
dist: 2.2610321450787767 vs. 2.2610321450787767
list:
dist: 1.8729237329639843 vs. 1.8729237329639843
list:
dist: 3.6040469914664266 vs. 3.6040469914664266
list:
dist: 1.7582409000673274 vs. 1.7582409000673274
list:
dist: 3.122402400291998 vs. 3.122402400291998
list:
dist: 4.238896243873859 vs. 4.238896243873859
list:
dist: 3.0789682207090867 vs. 3.0789682207090867
list:
dist: 2.6372329895159385 vs. 2.6372329895159385
list:
dist: 3.756044784356071 vs. 3.756044784356071
list:
dist: 3.6040469914664266 vs. 3.6040469914664266
list:
dist: 3.9916331686190345 vs. 3.9916331686190345
list:
dist: 3.3979964364717543 vs. 3.3979964364717543
list:
dist: 2.355399277620361 vs. 2.355399277620361
list:
dist: 1.9835982285807523 vs. 1.9835982285807523
list:
dist: 1.9093301165202976 vs. 1.9093301165202976
list:
dist: 3.513695415741364 vs. 3.513695415741364
list:
dist: 2.5091764817528053 vs. 2.5091764817528053
list:
dist: 2.260527735558237 vs. 2.260527735558237
list:
dist: 1.392854567040569 vs. 1.392854567040569
list:
dist: 2.3806362319291057 vs. 2.3806362319291057
list:
dist: 1.5112796121891825 vs. 1.5112796121891825
list:
dist: 1.0896361940399848 vs. 1.0896361940399848
list:
dist: 0.9396624537565887 vs. 0.9396624537565887
list:
dist: 2.287010037791826 vs. 2.287010037791826
list:
dist: 2.017629037467689 vs. 2.017629037467689
list:
dist: 1.7455296324497318 vs. 1.7455296324497318
list:
dist: 2.139211377250597 vs. 2.139211377250597
list:
dist: 1.6647292661635453 vs. 1.6647292661635453
list:
dist: 0.9999793183569223 vs. 0.9999793183569223
list:
dist: 1.700612984231347 vs. 1.700612984231347
list:
dist: 1.3257228035963826 vs. 1.3257228035963826
list:
dist: 2.5773092158858413 vs. 2.5773092158858413
list:
dist: 1.79244372785371 vs. 1.79244372785371
list:
dist: 3.756044784356071 vs. 3.756044784356071
list:
dist: 1.894196686676755 vs. 1.894196686676755
list:
dist: 2.4656734850182715 vs. 2.4656734850182715
list:
dist: 3.753589379720136 vs. 3.753589379720136
list:
dist: 2.59381679526441 vs. 2.59381679526441
list:
dist: 1.3459516310442552 vs. 1.3459516310442552
list:
dist: 1.894196686676755 vs. 1.894196686676755
list:
dist: 1.7582409000673274 vs. 1.7582409000673274
list:
dist: 2.6183126933768333 vs. 2.6183126933768333
list:
dist: 1.957616685739 vs. 1.957616685739
list:
dist: 1.6949444511446794 vs. 1.6949444511446794
list:
dist: 0.5009828322337917 vs. 0.5009828322337917
list:
dist: 1.9093301165202976 vs. 1.9093301165202976
list:
dist: 2.6647808368944808 vs. 2.6647808368944808
list:
dist: 2.815102263663272 vs. 2.815102263663272
list:
dist: 1.7957857655717235 vs. 1.7957857655717235
list:
dist: 2.9489266326008456 vs. 2.9489266326008456
list:
dist: 3.769486258639176 vs. 3.769486258639176
list:
dist: 3.402287915734333 vs. 3.402287915734333
list:
dist: 2.5319157496158855 vs. 2.5319157496158855
list:
dist: 2.430401709282624 vs. 2.430401709282624
list:
dist: 3.5964836973099823 vs. 3.5964836973099823
list:
dist: 3.2749252439958094 vs. 3.2749252439958094
list:
dist: 2.682152067433328 vs. 2.682152067433328
list:
dist: 3.381811392082791 vs. 3.381811392082791
list:
dist: 0.29622480583313526 vs. 0.29622480583313526
list:
dist: 2.120774532513824 vs. 2.120774532513824
list:
dist: 1.2189547865938466 vs. 1.2189547865938466
list:
dist: 1.2556237066234799 vs. 1.2556237066234799
list:
dist: 1.8072126972678764 vs. 1.8072126972678764
list:
dist: 2.352063852487685 vs. 2.352063852487685
list:
dist: 2.7867219316042133 vs. 2.7867219316042133
list:
dist: 1.1089563962430684 vs. 1.1089563962430684
list:
dist: 2.3365624836509493 vs. 2.3365624836509493
list:
dist: 3.5136132336404615 vs. 3.5136132336404615
list:
dist: 2.5851799767299215 vs. 2.5851799767299215
list:
dist: 4.184807045027601 vs. 4.184807045027601
list:
dist: 2.1073407625165195 vs. 2.1073407625165195
list:
dist: 3.3769239565779228 vs. 3.3769239565779228
list:
dist: 2.8291341652872646 vs. 2.8291341652872646
list:
dist: 2.011622819178555 vs. 2.011622819178555
list:
dist: 1.3682289904435478 vs. 1.3682289904435478
list:
dist: 1.9643504700549983 vs. 1.9643504700549983
list:
dist: 0.8762921967278298 vs. 0.8762921967278298
list:
dist: 2.602419068014348 vs. 2.602419068014348
list:
dist: 2.408515560918659 vs. 2.408515560918659
list:
dist: 2.3193995246925416 vs. 2.3193995246925416
list:
dist: 2.8726375206991936 vs. 2.8726375206991936
list:
dist: 1.7640939793262027 vs. 1.7640939793262027
list:
dist: 2.4656734850182715 vs. 2.4656734850182715
list:
dist: 3.122402400291998 vs. 3.122402400291998
list:
dist: 1.3684145976130262 vs. 1.3684145976130262
list:
dist: 1.3831987450184287 vs. 1.3831987450184287
list:
dist: 2.6129352861136854 vs. 2.6129352861136854
list:
dist: 2.1700171505513666 vs. 2.1700171505513666
list:
dist: 3.513695415741364 vs. 3.513695415741364
list:
dist: 2.6647808368944808 vs. 2.6647808368944808
list:
dist: 2.3573304399586825 vs. 2.3573304399586825
list:
dist: 1.723441264925795 vs. 1.723441264925795
list:
dist: 2.4460811414774852 vs. 2.4460811414774852
list:
dist: 2.011622819178555 vs. 2.011622819178555
list:
dist: 4.512010055036316 vs. 4.512010055036316
list:
dist: 3.243820488647114 vs. 3.243820488647114
list:
dist: 3.9699146656664133 vs. 3.9699146656664133
list:
dist: 3.7596762503599144 vs. 3.7596762503599144
list:
dist: 3.2337784411347483 vs. 3.2337784411347483
list:
dist: 3.078790584671524 vs. 3.078790584671524
list:
dist: 1.5640994981163066 vs. 1.5640994981163066
list:
dist: 1.3257228035963826 vs. 1.3257228035963826
list:
dist: 2.160684878783728 vs. 2.160684878783728
list:
dist: 1.4470363018288002 vs. 1.4470363018288002
list:
dist: 2.647266110469922 vs. 2.647266110469922
list:
dist: 1.580014468831554 vs. 1.580014468831554
list:
dist: 3.3979964364717543 vs. 3.3979964364717543
list:
dist: 1.957616685739 vs. 1.957616685739
list:
dist: 1.3831987450184287 vs. 1.3831987450184287
list:
dist: 2.628183982369984 vs. 2.628183982369984
list:
dist: 1.5705410614849589 vs. 1.5705410614849589
list:
dist: 3.268173805800296 vs. 3.268173805800296
list:
dist: 2.8291341652872646 vs. 2.8291341652872646
list:
dist: 3.2578532868396928 vs. 3.2578532868396928
list:
dist: 2.139211377250597 vs. 2.139211377250597
list:
dist: 3.381811392082791 vs. 3.381811392082791
list:
dist: 3.815358450893975 vs. 3.815358450893975
list:
dist: 1.6861316537721265 vs. 1.6861316537721265
list:
dist: 2.4365497905186984 vs. 2.4365497905186984
list:
dist: 3.589691971477298 vs. 3.589691971477298
list:
dist: 2.8726375206991936 vs. 2.8726375206991936
list:
dist: 1.779186428018319 vs. 1.779186428018319
list:
dist: 1.3555686410403227 vs. 1.3555686410403227
list:
dist: 1.544147712159495 vs. 1.544147712159495
list:
dist: 0.6960215746428051 vs. 0.6960215746428051
list:
dist: 1.5308425226945777 vs. 1.5308425226945777
list:
dist: 0.8468452829965927 vs. 0.8468452829965927
list:
dist: 1.5011187519942168 vs. 1.5011187519942168
list:
dist: 2.0754155894838635 vs. 2.0754155894838635
list:
dist: 2.266645626635304 vs. 2.266645626635304
list:
dist: 3.02148197570984 vs. 3.02148197570984
list:
dist: 3.815358450893975 vs. 3.815358450893975
list:
dist: 3.236285019452241 vs. 3.236285019452241
list:
dist: 2.5169737456906205 vs. 2.5169737456906205
list:
dist: 0.9396624537565887 vs. 0.9396624537565887
list:
dist: 2.430401709282624 vs. 2.430401709282624
list:
dist: 3.9699146656664133 vs. 3.9699146656664133
list:
dist: 2.416065302549234 vs. 2.416065302549234
list:
dist: 2.4378829456803732 vs. 2.4378829456803732
list:
dist: 1.3297809470542301 vs. 1.3297809470542301
list:
dist: 1.6181436949068873 vs. 1.6181436949068873
list:
dist: 1.3382460352358374 vs. 1.3382460352358374
list:
dist: 1.2011772479025313 vs. 1.2011772479025313
list:
dist: 1.931934417019098 vs. 1.931934417019098
list:
dist: 2.1041849273433235 vs. 2.1041849273433235
list:
dist: 1.4673158355211744 vs. 1.4673158355211744
list:
dist: 1.544147712159495 vs. 1.544147712159495
list:
dist: 2.4284785920878544 vs. 2.4284785920878544
list:
dist: 3.418161037136859 vs. 3.418161037136859
list:
dist: 3.4217953699851846 vs. 3.4217953699851846
list:
dist: 1.6647292661635453 vs. 1.6647292661635453
list:
dist: 1.7462672070466452 vs. 1.7462672070466452
list:
dist: 1.4568214156121289 vs. 1.4568214156121289
list:
dist: 1.5640994981163066 vs. 1.5640994981163066
list:
dist: 1.0968108958750369 vs. 1.0968108958750369
list:
dist: 1.0200154273521649 vs. 1.0200154273521649
list:
dist: 2.6372329895159385 vs. 2.6372329895159385
list:
dist: 1.3459516310442552 vs. 1.3459516310442552
list:
dist: 1.7640939793262027 vs. 1.7640939793262027
list:
dist: 2.9561007374598587 vs. 2.9561007374598587
list:
dist: 1.9336646079352018 vs. 1.9336646079352018
list:
dist: 3.766680764553715 vs. 3.766680764553715
list:
dist: 3.268173805800296 vs. 3.268173805800296
list:
dist: 2.4460811414774852 vs. 2.4460811414774852
list:
dist: 2.1380234632673867 vs. 2.1380234632673867
list:
dist: 2.6854197923631498 vs. 2.6854197923631498
list:
dist: 0.8762921967278298 vs. 0.8762921967278298
list:
dist: 3.332610451682548 vs. 3.332610451682548
list:
dist: 3.2249456479761744 vs. 3.2249456479761744
list:
dist: 3.117141049503355 vs. 3.117141049503355
list:
dist: 3.589691971477298 vs. 3.589691971477298
list:
dist: 2.838184323301747 vs. 2.838184323301747
list:
dist: 2.3992347578580886 vs. 2.3992347578580886
list:
dist: 1.0896361940399848 vs. 1.0896361940399848
list:
dist: 2.5319157496158855 vs. 2.5319157496158855
list:
dist: 3.243820488647114 vs. 3.243820488647114
list:
dist: 1.760846603373739 vs. 1.760846603373739
list:
dist: 2.013105514170653 vs. 2.013105514170653
list:
dist: 2.1273262149454384 vs. 2.1273262149454384
list:
dist: 2.6719720297201373 vs. 2.6719720297201373
list:
dist: 1.2931803809878986 vs. 1.2931803809878986
list:
dist: 1.2011772479025313 vs. 1.2011772479025313
list:
dist: 1.274346065201282 vs. 1.274346065201282
list:
dist: 0.9685236489364899 vs. 0.9685236489364899
list:
dist: 0.9458859493766535 vs. 0.9458859493766535
list:
dist: 1.3555686410403227 vs. 1.3555686410403227
list:
dist: 2.3131923527009643 vs. 2.3131923527009643
list:
dist: 2.7168702181994706 vs. 2.7168702181994706
list:
dist: 2.702533373764939 vs. 2.702533373764939
list:
dist: 1.4568214156121289 vs. 1.4568214156121289
list:
dist: 1.700612984231347 vs. 1.700612984231347
list:
dist: 2.259611385291211 vs. 2.259611385291211
list:
dist: 1.4470363018288002 vs. 1.4470363018288002
list:
dist: 2.3479828474365734 vs. 2.3479828474365734
list:
dist: 2.2432452823480324 vs. 2.2432452823480324
list:
dist: 3.9916331686190345 vs. 3.9916331686190345
list:
dist: 2.6183126933768333 vs. 2.6183126933768333
list:
dist: 1.3684145976130262 vs. 1.3684145976130262
list:
dist: 3.5240577877415977 vs. 3.5240577877415977
list:
dist: 2.5825201437306937 vs. 2.5825201437306937
list:
dist: 3.766680764553715 vs. 3.766680764553715
list:
dist: 3.3769239565779228 vs. 3.3769239565779228
list:
dist: 1.0968108958750369 vs. 1.0968108958750369
list:
dist: 2.5773092158858413 vs. 2.5773092158858413
list:
dist: 2.2610321450787767 vs. 2.2610321450787767
list:
dist: 2.3479828474365734 vs. 2.3479828474365734
list:
dist: 2.647266110469922 vs. 2.647266110469922
list:
dist: 1.5950141721945557 vs. 1.5950141721945557
list:
dist: 2.355399277620361 vs. 2.355399277620361
list:
dist: 1.6949444511446794 vs. 1.6949444511446794
list:
dist: 2.6129352861136854 vs. 2.6129352861136854
list:
dist: 3.4403813579189664 vs. 3.4403813579189664
list:
dist: 2.615481511217336 vs. 2.615481511217336
list:
dist: 3.436596339578383 vs. 3.436596339578383
list:
dist: 3.6243782748148257 vs. 3.6243782748148257
list:
dist: 2.838184323301747 vs. 2.838184323301747
list:
dist: 3.236285019452241 vs. 3.236285019452241
list:
dist: 4.016443171618044 vs. 4.016443171618044
list:
dist: 3.299861775205101 vs. 3.299861775205101
list:
dist: 3.351539698384882 vs. 3.351539698384882
list:
dist: 3.973414062701844 vs. 3.973414062701844
list:
dist: 2.3806362319291057 vs. 2.3806362319291057
list:
dist: 3.769486258639176 vs. 3.769486258639176
list:
dist: 3.02148197570984 vs. 3.02148197570984
list:
dist: 1.5390370708342118 vs. 1.5390370708342118
list:
dist: 2.0158670777397187 vs. 2.0158670777397187
list:
dist: 2.6719720297201373 vs. 2.6719720297201373
list:
dist: 1.6181436949068873 vs. 1.6181436949068873
list:
dist: 2.5477244679301867 vs. 2.5477244679301867
list:
dist: 4.016443171618044 vs. 4.016443171618044
list:
dist: 3.40667166050969 vs. 3.40667166050969
list:
dist: 2.287010037791826 vs. 2.287010037791826
list:
dist: 3.5964836973099823 vs. 3.5964836973099823
list:
dist: 3.7596762503599144 vs. 3.7596762503599144
list:
dist: 1.6530341611511876 vs. 1.6530341611511876
list:
dist: 2.5354620213975103 vs. 2.5354620213975103
list:
dist: 3.332610451682548 vs. 3.332610451682548
list:
dist: 2.602419068014348 vs. 2.602419068014348
list:
dist: 1.7648330952372757 vs. 1.7648330952372757
list:
dist: 1.274346065201282 vs. 1.274346065201282
list:
dist: 1.931934417019098 vs. 1.931934417019098
list:
dist: 0.9951001404498042 vs. 0.9951001404498042
list:
dist: 0.9970124272667626 vs. 0.9970124272667626
list:
dist: 0.6960215746428051 vs. 0.6960215746428051
list:
dist: 1.4659493472973886 vs. 1.4659493472973886
list:
dist: 1.5610808779207401 vs. 1.5610808779207401
list:
dist: 1.7118602935562017 vs. 1.7118602935562017
list:
dist: 3.299861775205101 vs. 3.299861775205101
list:
dist: 3.031054738265468 vs. 3.031054738265468
list:
dist: 2.017629037467689 vs. 2.017629037467689
list:
dist: 3.2749252439958094 vs. 3.2749252439958094
list:
dist: 3.2337784411347483 vs. 3.2337784411347483
list:
dist: 1.7076141570413754 vs. 1.7076141570413754
list:
dist: 2.3427822537276612 vs. 2.3427822537276612
list:
dist: 3.2249456479761744 vs. 3.2249456479761744
list:
dist: 2.408515560918659 vs. 2.408515560918659
list:
dist: 1.7543285729170217 vs. 1.7543285729170217
list:
dist: 0.9685236489364899 vs. 0.9685236489364899
list:
dist: 2.1041849273433235 vs. 2.1041849273433235
list:
dist: 0.9951001404498042 vs. 0.9951001404498042
list:
dist: 1.2603185160135855 vs. 1.2603185160135855
list:
dist: 1.5308425226945777 vs. 1.5308425226945777
list:
dist: 2.2049781235309345 vs. 2.2049781235309345
list:
dist: 2.010976722843554 vs. 2.010976722843554
list:
dist: 1.9914784389841864 vs. 1.9914784389841864
list:
dist: 3.6243782748148257 vs. 3.6243782748148257
list:
dist: 3.4156201351903426 vs. 3.4156201351903426
list:
dist: 1.5112796121891825 vs. 1.5112796121891825
list:
dist: 3.402287915734333 vs. 3.402287915734333
list:
dist: 4.512010055036316 vs. 4.512010055036316
list:
dist: 2.938345860821703 vs. 2.938345860821703
list:
dist: 3.2588449038641407 vs. 3.2588449038641407
list:
dist: 1.511412050712904 vs. 1.511412050712904
list:
dist: 2.0158670777397187 vs. 2.0158670777397187
list:
dist: 1.2931803809878986 vs. 1.2931803809878986
list:
dist: 1.3382460352358374 vs. 1.3382460352358374
list:
dist: 1.7648330952372757 vs. 1.7648330952372757
list:
dist: 1.7543285729170217 vs. 1.7543285729170217
list:
dist: 1.9630327843391047 vs. 1.9630327843391047
list:
dist: 1.779186428018319 vs. 1.779186428018319
list:
dist: 1.8382827261534513 vs. 1.8382827261534513
list:
dist: 2.8504260079844976 vs. 2.8504260079844976
list:
dist: 2.6363925567379463 vs. 2.6363925567379463
list:
dist: 3.351539698384882 vs. 3.351539698384882
list:
dist: 2.4903266727338513 vs. 2.4903266727338513
list:
dist: 1.7455296324497318 vs. 1.7455296324497318
list:
dist: 2.682152067433328 vs. 2.682152067433328
list:
dist: 3.078790584671524 vs. 3.078790584671524
list:
dist: 1.0350112311006088 vs. 1.0350112311006088
list:
dist: 1.6244941837334639 vs. 1.6244941837334639
list:
dist: 3.117141049503355 vs. 3.117141049503355
list:
dist: 2.3193995246925416 vs. 2.3193995246925416
list:
dist: 1.9630327843391047 vs. 1.9630327843391047
list:
dist: 0.9458859493766535 vs. 0.9458859493766535
list:
dist: 1.4673158355211744 vs. 1.4673158355211744
list:
dist: 0.9970124272667626 vs. 0.9970124272667626
list:
dist: 1.2603185160135855 vs. 1.2603185160135855
list:
dist: 0.8468452829965927 vs. 0.8468452829965927
list:
dist: 2.26355407114904 vs. 2.26355407114904
list:
dist: 2.5027282163199653 vs. 2.5027282163199653
list:
dist: 2.6918905133564985 vs. 2.6918905133564985
list:
dist: 2.9561007374598587 vs. 2.9561007374598587
list:
dist: 3.753589379720136 vs. 3.753589379720136
list:
dist: 4.238896243873859 vs. 4.238896243873859
list:
dist: 3.5240577877415977 vs. 3.5240577877415977
list:
dist: 2.628183982369984 vs. 2.628183982369984
list:
dist: 3.4403813579189664 vs. 3.4403813579189664
list:
dist: 2.4765837502663257 vs. 2.4765837502663257
list:
dist: 2.5091764817528053 vs. 2.5091764817528053
list:
dist: 2.815102263663272 vs. 2.815102263663272
list:
dist: 2.3573304399586825 vs. 2.3573304399586825
list:
dist: 1.1703990781733216 vs. 1.1703990781733216
list:
dist: 2.1380234632673867 vs. 2.1380234632673867
list:
dist: 1.3682289904435478 vs. 1.3682289904435478
list:
dist: 2.938345860821703 vs. 2.938345860821703
list:
dist: 1.760846603373739 vs. 1.760846603373739
list:
dist: 2.416065302549234 vs. 2.416065302549234
list:
dist: 1.6530341611511876 vs. 1.6530341611511876
list:
dist: 1.7076141570413754 vs. 1.7076141570413754
list:
dist: 1.0350112311006088 vs. 1.0350112311006088
list:
dist: 1.6861316537721265 vs. 1.6861316537721265
list:
dist: 1.1706134579228844 vs. 1.1706134579228844
list:
dist: 2.471570720995884 vs. 2.471570720995884
list:
dist: 2.5851799767299215 vs. 2.5851799767299215
list:
dist: 2.4346797151051622 vs. 2.4346797151051622
list:
dist: 3.3246759401337185 vs. 3.3246759401337185
list:
dist: 2.9236615161145454 vs. 2.9236615161145454
list:
dist: 2.6419589122169467 vs. 2.6419589122169467
list:
dist: 1.8279995351023448 vs. 1.8279995351023448
list:
dist: 3.061134906329871 vs. 3.061134906329871
list:
dist: 2.5477244679301867 vs. 2.5477244679301867
list:
dist: 1.8382827261534513 vs. 1.8382827261534513
list:
dist: 2.3131923527009643 vs. 2.3131923527009643
list:
dist: 2.4284785920878544 vs. 2.4284785920878544
list:
dist: 1.4659493472973886 vs. 1.4659493472973886
list:
dist: 2.2049781235309345 vs. 2.2049781235309345
list:
dist: 2.26355407114904 vs. 2.26355407114904
list:
dist: 1.5011187519942168 vs. 1.5011187519942168
list:
dist: 1.6757118482978337 vs. 1.6757118482978337
list:
dist: 1.6107273041159353 vs. 1.6107273041159353
list:
dist: 2.8504260079844976 vs. 2.8504260079844976
list:
dist: 2.7168702181994706 vs. 2.7168702181994706
list:
dist: 3.418161037136859 vs. 3.418161037136859
list:
dist: 1.5610808779207401 vs. 1.5610808779207401
list:
dist: 2.010976722843554 vs. 2.010976722843554
list:
dist: 2.5027282163199653 vs. 2.5027282163199653
list:
dist: 2.0754155894838635 vs. 2.0754155894838635
list:
dist: 1.6757118482978337 vs. 1.6757118482978337
list:
dist: 0.588865088159157 vs. 0.588865088159157
list:
dist: 2.6363925567379463 vs. 2.6363925567379463
list:
dist: 2.702533373764939 vs. 2.702533373764939
list:
dist: 3.4217953699851846 vs. 3.4217953699851846
list:
dist: 1.7118602935562017 vs. 1.7118602935562017
list:
dist: 1.9914784389841864 vs. 1.9914784389841864
list:
dist: 2.6918905133564985 vs. 2.6918905133564985
list:
dist: 2.266645626635304 vs. 2.266645626635304
list:
dist: 1.6107273041159353 vs. 1.6107273041159353
list:
dist: 0.588865088159157 vs. 0.588865088159157
list:
dist: 1.9336646079352018 vs. 1.9336646079352018
list:
dist: 2.59381679526441 vs. 2.59381679526441
list:
dist: 3.0789682207090867 vs. 3.0789682207090867
list:
dist: 2.5825201437306937 vs. 2.5825201437306937
list:
dist: 1.5705410614849589 vs. 1.5705410614849589
list:
dist: 2.615481511217336 vs. 2.615481511217336
list:
dist: 1.4072042066801262 vs. 1.4072042066801262
list:
dist: 2.260527735558237 vs. 2.260527735558237
list:
dist: 1.7957857655717235 vs. 1.7957857655717235
list:
dist: 1.723441264925795 vs. 1.723441264925795
list:
dist: 1.1703990781733216 vs. 1.1703990781733216
list:
dist: 2.6854197923631498 vs. 2.6854197923631498
list:
dist: 1.9643504700549983 vs. 1.9643504700549983
list:
dist: 3.2588449038641407 vs. 3.2588449038641407
list:
dist: 2.013105514170653 vs. 2.013105514170653
list:
dist: 2.4378829456803732 vs. 2.4378829456803732
list:
dist: 2.5354620213975103 vs. 2.5354620213975103
list:
dist: 2.3427822537276612 vs. 2.3427822537276612
list:
dist: 1.6244941837334639 vs. 1.6244941837334639
list:
dist: 2.4365497905186984 vs. 2.4365497905186984
list:
dist: 3.436596339578383 vs. 3.436596339578383
list:
dist: 3.1826110802330705 vs. 3.1826110802330705
list:
dist: 1.392854567040569 vs. 1.392854567040569
list:
dist: 2.9489266326008456 vs. 2.9489266326008456
list:
dist: 1.5390370708342118 vs. 1.5390370708342118
list:
dist: 1.511412050712904 vs. 1.511412050712904
list:
dist: 2.1273262149454384 vs. 2.1273262149454384
list:
dist: 1.3297809470542301 vs. 1.3297809470542301
list:
dist: 3.061134906329871 vs. 3.061134906329871
list:
dist: 2.5116946987247184 vs. 2.5116946987247184
list:
dist: 1.8997069270246507 vs. 1.8997069270246507
list:
dist: 1.5531217432065543 vs. 1.5531217432065543
list:
dist: 1.8473635365343355 vs. 1.8473635365343355
list:
dist: 3.0321766203272094 vs. 3.0321766203272094
list:
dist: 1.8103889383238254 vs. 1.8103889383238254
list:
dist: 3.0818194741257723 vs. 3.0818194741257723
list:
dist: 1.5888681973586152 vs. 1.5888681973586152
list:
dist: 0.7185924271851756 vs. 0.7185924271851756
list:
dist: 0.880316505685105 vs. 0.880316505685105
list:
dist: 1.2372923385394394 vs. 1.2372923385394394
list:
dist: 2.019053893144474 vs. 2.019053893144474
list:
dist: 1.6142500405743863 vs. 1.6142500405743863
list:
dist: 1.2015935113793035 vs. 1.2015935113793035
list:
dist: 3.0651183047310027 vs. 3.0651183047310027
list:
dist: 2.6402210090053946 vs. 2.6402210090053946
list:
dist: 1.8971554405999078 vs. 1.8971554405999078
list:
dist: 3.9591435235925068 vs. 3.9591435235925068
list:
dist: 2.7466408771385655 vs. 2.7466408771385655
list:
dist: 0.29622480583313526 vs. 0.29622480583313526
list:
dist: 2.041804868845938 vs. 2.041804868845938
list:
dist: 1.3486848490680265 vs. 1.3486848490680265
list:
dist: 1.394719840460932 vs. 1.394719840460932
list:
dist: 1.910249879828568 vs. 1.910249879828568
list:
dist: 2.552208187046498 vs. 2.552208187046498
list:
dist: 3.028868069617155 vs. 3.028868069617155
list:
dist: 1.062286532151229 vs. 1.062286532151229
list:
dist: 2.3821505104294545 vs. 2.3821505104294545
list:
dist: 3.5053955379430306 vs. 3.5053955379430306
list:
dist: 2.8874296019832246 vs. 2.8874296019832246
list:
dist: 2.488703531394072 vs. 2.488703531394072
list:
dist: 3.9621077214531573 vs. 3.9621077214531573
list:
dist: 2.756244664709808 vs. 2.756244664709808
list:
dist: 2.5495395415427327 vs. 2.5495395415427327
list:
dist: 3.906521451608922 vs. 3.906521451608922
list:
dist: 3.9476386797298315 vs. 3.9476386797298315
list:
dist: 3.287010464876835 vs. 3.287010464876835
list:
dist: 4.535035769443239 vs. 4.535035769443239
list:
dist: 3.743519584027427 vs. 3.743519584027427
list:
dist: 4.4030596866424005 vs. 4.4030596866424005
list:
dist: 3.4875229644018844 vs. 3.4875229644018844
list:
dist: 3.3499558921424106 vs. 3.3499558921424106
list:
dist: 3.2098291818995275 vs. 3.2098291818995275
list:
dist: 3.250834216681651 vs. 3.250834216681651
list:
dist: 2.3938363764954205 vs. 2.3938363764954205
list:
dist: 3.8477566102150007 vs. 3.8477566102150007
list:
dist: 4.056699192610468 vs. 4.056699192610468
list:
dist: 4.7473542785789 vs. 4.7473542785789
list:
dist: 4.293149842871523 vs. 4.293149842871523
list:
dist: 3.2965261019396705 vs. 3.2965261019396705
list:
dist: 1.8072126972678764 vs. 1.8072126972678764
list:
dist: 1.910249879828568 vs. 1.910249879828568
list:
dist: 2.765386835025085 vs. 2.765386835025085
list:
dist: 2.1165165359974627 vs. 2.1165165359974627
list:
dist: 0.7951282052565745 vs. 0.7951282052565745
list:
dist: 1.0148275979498524 vs. 1.0148275979498524
list:
dist: 1.7379981903775046 vs. 1.7379981903775046
list:
dist: 1.233125932835885 vs. 1.233125932835885
list:
dist: 0.9005829879014415 vs. 0.9005829879014415
list:
dist: 2.7049291374397875 vs. 2.7049291374397875
list:
dist: 3.112471470569301 vs. 3.112471470569301
list:
dist: 1.8997069270246507 vs. 1.8997069270246507
list:
dist: 1.5048202905239978 vs. 1.5048202905239978
list:
dist: 1.528580787998597 vs. 1.528580787998597
list:
dist: 2.052796513436724 vs. 2.052796513436724
list:
dist: 2.6063025247158915 vs. 2.6063025247158915
list:
dist: 1.883062248613996 vs. 1.883062248613996
list:
dist: 1.974469093328951 vs. 1.974469093328951
list:
dist: 4.119032226756072 vs. 4.119032226756072
list:
dist: 3.38975630712132 vs. 3.38975630712132
list:
dist: 1.9013627688175763 vs. 1.9013627688175763
list:
dist: 3.1730477915020354 vs. 3.1730477915020354
list:
dist: 1.8279995351023448 vs. 1.8279995351023448
list:
dist: 2.1073407625165195 vs. 2.1073407625165195
list:
dist: 3.4338462326346213 vs. 3.4338462326346213
list:
dist: 3.7497949088903004 vs. 3.7497949088903004
list:
dist: 2.4500215305419615 vs. 2.4500215305419615
list:
dist: 2.143080578168901 vs. 2.143080578168901
list:
dist: 4.040664676341397 vs. 4.040664676341397
list:
dist: 3.794260936469232 vs. 3.794260936469232
list:
dist: 4.283914151531741 vs. 4.283914151531741
list:
dist: 4.896703444793789 vs. 4.896703444793789
list:
dist: 4.01869168014788 vs. 4.01869168014788
list:
dist: 3.8426397883482073 vs. 3.8426397883482073
list:
dist: 2.352063852487685 vs. 2.352063852487685
list:
dist: 2.552208187046498 vs. 2.552208187046498
list:
dist: 3.4031118102676157 vs. 3.4031118102676157
list:
dist: 2.4647314158700766 vs. 2.4647314158700766
list:
dist: 1.3638847634004592 vs. 1.3638847634004592
list:
dist: 1.0148275979498524 vs. 1.0148275979498524
list:
dist: 0.7369425689971302 vs. 0.7369425689971302
list:
dist: 2.0913189350154466 vs. 2.0913189350154466
list:
dist: 1.5650903691310092 vs. 1.5650903691310092
list:
dist: 3.178745681124056 vs. 3.178745681124056
list:
dist: 2.6667816231874966 vs. 2.6667816231874966
list:
dist: 1.5531217432065543 vs. 1.5531217432065543
list:
dist: 1.574390258184319 vs. 1.574390258184319
list:
dist: 0.8961919479019982 vs. 0.8961919479019982
list:
dist: 1.890292447186213 vs. 1.890292447186213
list:
dist: 2.87392724604411 vs. 2.87392724604411
list:
dist: 1.9708551030526211 vs. 1.9708551030526211
list:
dist: 1.9147735478734824 vs. 1.9147735478734824
list:
dist: 3.78193049998492 vs. 3.78193049998492
list:
dist: 3.3297848638309913 vs. 3.3297848638309913
list:
dist: 1.2556237066234799 vs. 1.2556237066234799
list:
dist: 1.394719840460932 vs. 1.394719840460932
list:
dist: 2.1172860108429554 vs. 2.1172860108429554
list:
dist: 1.3215954514619102 vs. 1.3215954514619102
list:
dist: 0.7951282052565745 vs. 0.7951282052565745
list:
dist: 1.3638847634004592 vs. 1.3638847634004592
list:
dist: 1.9421544592320714 vs. 1.9421544592320714
list:
dist: 0.8044368666001163 vs. 0.8044368666001163
list:
dist: 1.1996808072375573 vs. 1.1996808072375573
list:
dist: 2.581273572578694 vs. 2.581273572578694
list:
dist: 3.8245285968805036 vs. 3.8245285968805036
list:
dist: 2.5116946987247184 vs. 2.5116946987247184
list:
dist: 2.202310710948585 vs. 2.202310710948585
list:
dist: 2.1283333803634688 vs. 2.1283333803634688
list:
dist: 2.3443288881942417 vs. 2.3443288881942417
list:
dist: 2.926443015825536 vs. 2.926443015825536
list:
dist: 2.0682684906338187 vs. 2.0682684906338187
list:
dist: 2.3076777773042867 vs. 2.3076777773042867
list:
dist: 4.213727657960642 vs. 4.213727657960642
list:
dist: 3.488323762509493 vs. 3.488323762509493
list:
dist: 2.3443288881942417 vs. 2.3443288881942417
list:
dist: 2.052796513436724 vs. 2.052796513436724
list:
dist: 1.890292447186213 vs. 1.890292447186213
list:
dist: 2.2210796184616135 vs. 2.2210796184616135
list:
dist: 2.81857403357854 vs. 2.81857403357854
list:
dist: 1.532834176642653 vs. 1.532834176642653
list:
dist: 2.063614510050947 vs. 2.063614510050947
list:
dist: 2.76173394124097 vs. 2.76173394124097
list:
dist: 3.906521451608922 vs. 3.906521451608922
list:
dist: 1.2372923385394394 vs. 1.2372923385394394
list:
dist: 1.4127139593480411 vs. 1.4127139593480411
list:
dist: 1.7730040217801444 vs. 1.7730040217801444
list:
dist: 1.2924055390404605 vs. 1.2924055390404605
list:
dist: 0.5622991133184696 vs. 0.5622991133184696
list:
dist: 0.23464218730493988 vs. 0.23464218730493988
list:
dist: 2.13593073713491 vs. 2.13593073713491
list:
dist: 1.5103298475763869 vs. 1.5103298475763869
list:
dist: 2.1252162973889077 vs. 2.1252162973889077
list:
dist: 3.3569460154319106 vs. 3.3569460154319106
list:
dist: 2.3300679936897826 vs. 2.3300679936897826
list:
dist: 2.120774532513824 vs. 2.120774532513824
list:
dist: 2.041804868845938 vs. 2.041804868845938
list:
dist: 1.425346982846448 vs. 1.425346982846448
list:
dist: 1.1706134579228844 vs. 1.1706134579228844
list:
dist: 2.1172860108429554 vs. 2.1172860108429554
list:
dist: 2.765386835025085 vs. 2.765386835025085
list:
dist: 3.4031118102676157 vs. 3.4031118102676157
list:
dist: 3.8978254324571946 vs. 3.8978254324571946
list:
dist: 1.711636463816265 vs. 1.711636463816265
list:
dist: 2.5306075699326422 vs. 2.5306075699326422
list:
dist: 2.326346989140327 vs. 2.326346989140327
list:
dist: 2.399622693282323 vs. 2.399622693282323
list:
dist: 1.9013627688175763 vs. 1.9013627688175763
list:
dist: 1.2189547865938466 vs. 1.2189547865938466
list:
dist: 1.3486848490680265 vs. 1.3486848490680265
list:
dist: 1.425346982846448 vs. 1.425346982846448
list:
dist: 2.471570720995884 vs. 2.471570720995884
list:
dist: 1.3215954514619102 vs. 1.3215954514619102
list:
dist: 2.1165165359974627 vs. 2.1165165359974627
list:
dist: 2.4647314158700766 vs. 2.4647314158700766
list:
dist: 2.8062060441815038 vs. 2.8062060441815038
list:
dist: 1.3997449151745553 vs. 1.3997449151745553
list:
dist: 2.3075277917483703 vs. 2.3075277917483703
list:
dist: 2.916813467072362 vs. 2.916813467072362
list:
dist: 3.328996214597213 vs. 3.328996214597213
list:
dist: 3.1730477915020354 vs. 3.1730477915020354
list:
dist: 2.7867219316042133 vs. 2.7867219316042133
list:
dist: 3.028868069617155 vs. 3.028868069617155
list:
dist: 3.8978254324571946 vs. 3.8978254324571946
list:
dist: 2.8062060441815038 vs. 2.8062060441815038
list:
dist: 1.9421544592320714 vs. 1.9421544592320714
list:
dist: 1.7379981903775046 vs. 1.7379981903775046
list:
dist: 0.7369425689971302 vs. 0.7369425689971302
list:
dist: 2.720071527655517 vs. 2.720071527655517
list:
dist: 2.2554267955470197 vs. 2.2554267955470197
list:
dist: 3.7071340625618943 vs. 3.7071340625618943
list:
dist: 2.716907528799936 vs. 2.716907528799936
list:
dist: 2.8874296019832246 vs. 2.8874296019832246
list:
dist: 1.8473635365343355 vs. 1.8473635365343355
list:
dist: 2.1047372106446907 vs. 2.1047372106446907
list:
dist: 1.1298918936981364 vs. 1.1298918936981364
list:
dist: 2.2210796184616135 vs. 2.2210796184616135
list:
dist: 3.3731202063769534 vs. 3.3731202063769534
list:
dist: 2.41905050384792 vs. 2.41905050384792
list:
dist: 2.310496005207715 vs. 2.310496005207715
list:
dist: 3.81767250617285 vs. 3.81767250617285
list:
dist: 3.5879103404533295 vs. 3.5879103404533295
list:
dist: 2.2772092421251715 vs. 2.2772092421251715
list:
dist: 3.5548057420322516 vs. 3.5548057420322516
list:
dist: 3.12866752480644 vs. 3.12866752480644
list:
dist: 3.1548033689087 vs. 3.1548033689087
list:
dist: 3.482478848933651 vs. 3.482478848933651
list:
dist: 2.979648450981654 vs. 2.979648450981654
list:
dist: 4.341195363341373 vs. 4.341195363341373
list:
dist: 4.1902246938278545 vs. 4.1902246938278545
list:
dist: 1.8961854860303546 vs. 1.8961854860303546
list:
dist: 1.5586253716256366 vs. 1.5586253716256366
list:
dist: 1.785039778968861 vs. 1.785039778968861
list:
dist: 2.942525575099768 vs. 2.942525575099768
list:
dist: 1.1851781470929736 vs. 1.1851781470929736
list:
dist: 1.5676305241295814 vs. 1.5676305241295814
list:
dist: 2.2689979330296897 vs. 2.2689979330296897
list:
dist: 2.4348610849793397 vs. 2.4348610849793397
list:
dist: 3.081867821397876 vs. 3.081867821397876
list:
dist: 1.9037617083868812 vs. 1.9037617083868812
list:
dist: 2.3873759030389565 vs. 2.3873759030389565
list:
dist: 1.607227530115987 vs. 1.607227530115987
list:
dist: 0.8599111539625799 vs. 0.8599111539625799
list:
dist: 0.9424471245990113 vs. 0.9424471245990113
list:
dist: 1.864282235034788 vs. 1.864282235034788
list:
dist: 1.7417474852615835 vs. 1.7417474852615835
list:
dist: 2.7466408771385655 vs. 2.7466408771385655
list:
dist: 2.982638837042484 vs. 2.982638837042484
list:
dist: 3.604684940800404 vs. 3.604684940800404
list:
dist: 2.3300679936897826 vs. 2.3300679936897826
list:
dist: 1.9767526266378932 vs. 1.9767526266378932
list:
dist: 2.5970796768440327 vs. 2.5970796768440327
list:
dist: 2.3110487525997963 vs. 2.3110487525997963
list:
dist: 2.012609251076687 vs. 2.012609251076687
list:
dist: 1.8403474347448323 vs. 1.8403474347448323
list:
dist: 2.3886558746444613 vs. 2.3886558746444613
list:
dist: 1.7238007826167634 vs. 1.7238007826167634
list:
dist: 1.5301174555638823 vs. 1.5301174555638823
list:
dist: 3.0779708456379082 vs. 3.0779708456379082
list:
dist: 2.0682684906338187 vs. 2.0682684906338187
list:
dist: 1.883062248613996 vs. 1.883062248613996
list:
dist: 1.9708551030526211 vs. 1.9708551030526211
list:
dist: 2.41905050384792 vs. 2.41905050384792
list:
dist: 2.433575265481789 vs. 2.433575265481789
list:
dist: 1.1904783996340078 vs. 1.1904783996340078
list:
dist: 1.5364347173568327 vs. 1.5364347173568327
list:
dist: 2.3120725744886426 vs. 2.3120725744886426
list:
dist: 3.794260936469232 vs. 3.794260936469232
list:
dist: 1.6142500405743863 vs. 1.6142500405743863
list:
dist: 1.551394674106858 vs. 1.551394674106858
list:
dist: 2.0436487046084273 vs. 2.0436487046084273
list:
dist: 0.5622991133184696 vs. 0.5622991133184696
list:
dist: 1.114374934661616 vs. 1.114374934661616
list:
dist: 0.4942438388411115 vs. 0.4942438388411115
list:
dist: 2.366260595570714 vs. 2.366260595570714
list:
dist: 1.51003789126408 vs. 1.51003789126408
list:
dist: 2.7584677066223695 vs. 2.7584677066223695
list:
dist: 2.6493773981055053 vs. 2.6493773981055053
list:
dist: 3.6283859631963074 vs. 3.6283859631963074
list:
dist: 2.5970796768440327 vs. 2.5970796768440327
list:
dist: 3.6645521985778062 vs. 3.6645521985778062
list:
dist: 3.488323762509493 vs. 3.488323762509493
list:
dist: 3.38975630712132 vs. 3.38975630712132
list:
dist: 3.3297848638309913 vs. 3.3297848638309913
list:
dist: 3.5879103404533295 vs. 3.5879103404533295
list:
dist: 3.814956226407772 vs. 3.814956226407772
list:
dist: 2.665234918443785 vs. 2.665234918443785
list:
dist: 1.9023705022023902 vs. 1.9023705022023902
list:
dist: 2.5725716866291144 vs. 2.5725716866291144
list:
dist: 4.01869168014788 vs. 4.01869168014788
list:
dist: 2.6402210090053946 vs. 2.6402210090053946
list:
dist: 2.7951601651337876 vs. 2.7951601651337876
list:
dist: 3.269593942708923 vs. 3.269593942708923
list:
dist: 1.5103298475763869 vs. 1.5103298475763869
list:
dist: 1.4779105052154775 vs. 1.4779105052154775
list:
dist: 1.51003789126408 vs. 1.51003789126408
list:
dist: 1.5692870131565337 vs. 1.5692870131565337
list:
dist: 1.1781140199983469 vs. 1.1781140199983469
list:
dist: 1.7754747970688907 vs. 1.7754747970688907
list:
dist: 2.564597842391196 vs. 2.564597842391196
list:
dist: 2.371886891719128 vs. 2.371886891719128
list:
dist: 1.8403474347448323 vs. 1.8403474347448323
list:
dist: 2.4476218748533074 vs. 2.4476218748533074
list:
dist: 2.0819751992558233 vs. 2.0819751992558233
list:
dist: 2.5059847235358133 vs. 2.5059847235358133
list:
dist: 1.7600852224062942 vs. 1.7600852224062942
list:
dist: 3.203926015657139 vs. 3.203926015657139
list:
dist: 2.185471022533672 vs. 2.185471022533672
list:
dist: 2.874864372001216 vs. 2.874864372001216
list:
dist: 3.248404280669438 vs. 3.248404280669438
list:
dist: 2.957442440461743 vs. 2.957442440461743
list:
dist: 2.4790087501484224 vs. 2.4790087501484224
list:
dist: 1.5859715830925563 vs. 1.5859715830925563
list:
dist: 1.4023822112074582 vs. 1.4023822112074582
list:
dist: 2.0528000711003243 vs. 2.0528000711003243
list:
dist: 1.7417474852615835 vs. 1.7417474852615835
list:
dist: 2.3365624836509493 vs. 2.3365624836509493
list:
dist: 2.3821505104294545 vs. 2.3821505104294545
list:
dist: 2.5306075699326422 vs. 2.5306075699326422
list:
dist: 2.3075277917483703 vs. 2.3075277917483703
list:
dist: 3.3246759401337185 vs. 3.3246759401337185
list:
dist: 1.1996808072375573 vs. 1.1996808072375573
list:
dist: 0.9005829879014415 vs. 0.9005829879014415
list:
dist: 1.5650903691310092 vs. 1.5650903691310092
list:
dist: 2.2554267955470197 vs. 2.2554267955470197
list:
dist: 1.3952171610940516 vs. 1.3952171610940516
list:
dist: 1.8648504256596765 vs. 1.8648504256596765
list:
dist: 2.4104401540156175 vs. 2.4104401540156175
list:
dist: 3.7497949088903004 vs. 3.7497949088903004
list:
dist: 1.8103889383238254 vs. 1.8103889383238254
list:
dist: 1.3503049391827864 vs. 1.3503049391827864
list:
dist: 1.864432277767582 vs. 1.864432277767582
list:
dist: 1.532834176642653 vs. 1.532834176642653
list:
dist: 1.7894844166031534 vs. 1.7894844166031534
list:
dist: 1.1904783996340078 vs. 1.1904783996340078
list:
dist: 1.39868708607514 vs. 1.39868708607514
list:
dist: 3.5510709594010503 vs. 3.5510709594010503
list:
dist: 2.665234918443785 vs. 2.665234918443785
list:
dist: 3.5875450280500014 vs. 3.5875450280500014
list:
dist: 1.1089563962430684 vs. 1.1089563962430684
list:
dist: 1.062286532151229 vs. 1.062286532151229
list:
dist: 1.711636463816265 vs. 1.711636463816265
list:
dist: 1.3997449151745553 vs. 1.3997449151745553
list:
dist: 2.4346797151051622 vs. 2.4346797151051622
list:
dist: 0.8044368666001163 vs. 0.8044368666001163
list:
dist: 1.233125932835885 vs. 1.233125932835885
list:
dist: 2.0913189350154466 vs. 2.0913189350154466
list:
dist: 2.720071527655517 vs. 2.720071527655517
list:
dist: 1.3952171610940516 vs. 1.3952171610940516
list:
dist: 2.5229536028907433 vs. 2.5229536028907433
list:
dist: 2.8312284449592613 vs. 2.8312284449592613
list:
dist: 3.4338462326346213 vs. 3.4338462326346213
list:
dist: 3.0321766203272094 vs. 3.0321766203272094
list:
dist: 2.5697377578543503 vs. 2.5697377578543503
list:
dist: 2.7486010011179896 vs. 2.7486010011179896
list:
dist: 2.81857403357854 vs. 2.81857403357854
list:
dist: 3.0770521236926323 vs. 3.0770521236926323
list:
dist: 2.433575265481789 vs. 2.433575265481789
list:
dist: 2.73142495229179 vs. 2.73142495229179
list:
dist: 4.686117475378842 vs. 4.686117475378842
list:
dist: 3.814956226407772 vs. 3.814956226407772
list:
dist: 4.5892529728368645 vs. 4.5892529728368645
list:
dist: 2.399622693282323 vs. 2.399622693282323
list:
dist: 3.328996214597213 vs. 3.328996214597213
list:
dist: 2.6419589122169467 vs. 2.6419589122169467
list:
dist: 4.184807045027601 vs. 4.184807045027601
list:
dist: 2.8312284449592613 vs. 2.8312284449592613
list:
dist: 2.4104401540156175 vs. 2.4104401540156175
list:
dist: 0.8447834759029444 vs. 0.8447834759029444
list:
dist: 2.143080578168901 vs. 2.143080578168901
list:
dist: 2.10087718890543 vs. 2.10087718890543
list:
dist: 2.3120725744886426 vs. 2.3120725744886426
list:
dist: 2.718767780532042 vs. 2.718767780532042
list:
dist: 3.7064883819152517 vs. 3.7064883819152517
list:
dist: 2.5725716866291144 vs. 2.5725716866291144
list:
dist: 2.2214570332834676 vs. 2.2214570332834676
list:
dist: 3.5136132336404615 vs. 3.5136132336404615
list:
dist: 3.5053955379430306 vs. 3.5053955379430306
list:
dist: 2.326346989140327 vs. 2.326346989140327
list:
dist: 2.916813467072362 vs. 2.916813467072362
list:
dist: 2.9236615161145454 vs. 2.9236615161145454
list:
dist: 2.581273572578694 vs. 2.581273572578694
list:
dist: 2.7049291374397875 vs. 2.7049291374397875
list:
dist: 3.178745681124056 vs. 3.178745681124056
list:
dist: 3.7071340625618943 vs. 3.7071340625618943
list:
dist: 2.5229536028907433 vs. 2.5229536028907433
list:
dist: 1.8648504256596765 vs. 1.8648504256596765
list:
dist: 0.8447834759029444 vs. 0.8447834759029444
list:
dist: 2.4500215305419615 vs. 2.4500215305419615
list:
dist: 3.0818194741257723 vs. 3.0818194741257723
list:
dist: 2.804030690244029 vs. 2.804030690244029
list:
dist: 3.4556856939712026 vs. 3.4556856939712026
list:
dist: 2.063614510050947 vs. 2.063614510050947
list:
dist: 1.5950446286659892 vs. 1.5950446286659892
list:
dist: 1.5364347173568327 vs. 1.5364347173568327
list:
dist: 1.9767450527610937 vs. 1.9767450527610937
list:
dist: 3.0109403502852423 vs. 3.0109403502852423
list:
dist: 1.9023705022023902 vs. 1.9023705022023902
list:
dist: 2.147993412526271 vs. 2.147993412526271
list:
dist: 2.926443015825536 vs. 2.926443015825536
list:
dist: 2.6063025247158915 vs. 2.6063025247158915
list:
dist: 2.87392724604411 vs. 2.87392724604411
list:
dist: 3.3731202063769534 vs. 3.3731202063769534
list:
dist: 3.0770521236926323 vs. 3.0770521236926323
list:
dist: 1.7894844166031534 vs. 1.7894844166031534
list:
dist: 1.5950446286659892 vs. 1.5950446286659892
list:
dist: 2.10087718890543 vs. 2.10087718890543
list:
dist: 4.040664676341397 vs. 4.040664676341397
list:
dist: 2.019053893144474 vs. 2.019053893144474
list:
dist: 1.8208372254388072 vs. 1.8208372254388072
list:
dist: 2.708832143050252 vs. 2.708832143050252
list:
dist: 1.2924055390404605 vs. 1.2924055390404605
list:
dist: 1.114374934661616 vs. 1.114374934661616
list:
dist: 1.114872029013713 vs. 1.114872029013713
list:
dist: 2.521645439222905 vs. 2.521645439222905
list:
dist: 1.4779105052154775 vs. 1.4779105052154775
list:
dist: 2.0633406199416395 vs. 2.0633406199416395
list:
dist: 2.6205668247796017 vs. 2.6205668247796017
list:
dist: 3.224436967077168 vs. 3.224436967077168
list:
dist: 1.9767526266378932 vs. 1.9767526266378932
list:
dist: 3.108741976046303 vs. 3.108741976046303
list:
dist: 3.8245285968805036 vs. 3.8245285968805036
list:
dist: 3.112471470569301 vs. 3.112471470569301
list:
dist: 2.6667816231874966 vs. 2.6667816231874966
list:
dist: 2.716907528799936 vs. 2.716907528799936
list:
dist: 1.5888681973586152 vs. 1.5888681973586152
list:
dist: 1.9382287005828207 vs. 1.9382287005828207
list:
dist: 1.7733902265351797 vs. 1.7733902265351797
list:
dist: 2.76173394124097 vs. 2.76173394124097
list:
dist: 2.0846985928943136 vs. 2.0846985928943136
list:
dist: 2.3076777773042867 vs. 2.3076777773042867
list:
dist: 1.974469093328951 vs. 1.974469093328951
list:
dist: 1.9147735478734824 vs. 1.9147735478734824
list:
dist: 2.310496005207715 vs. 2.310496005207715
list:
dist: 2.73142495229179 vs. 2.73142495229179
list:
dist: 1.39868708607514 vs. 1.39868708607514
list:
dist: 1.9767450527610937 vs. 1.9767450527610937
list:
dist: 2.718767780532042 vs. 2.718767780532042
list:
dist: 4.283914151531741 vs. 4.283914151531741
list:
dist: 1.2015935113793035 vs. 1.2015935113793035
list:
dist: 1.2707085355651873 vs. 1.2707085355651873
list:
dist: 1.7763071901681486 vs. 1.7763071901681486
list:
dist: 0.23464218730493988 vs. 0.23464218730493988
list:
dist: 1.114872029013713 vs. 1.114872029013713
list:
dist: 0.4942438388411115 vs. 0.4942438388411115
list:
dist: 2.287054695859674 vs. 2.287054695859674
list:
dist: 1.5692870131565337 vs. 1.5692870131565337
list:
dist: 2.9053181155074133 vs. 2.9053181155074133
list:
dist: 2.186385292335934 vs. 2.186385292335934
list:
dist: 3.4202777380747453 vs. 3.4202777380747453
list:
dist: 2.3110487525997963 vs. 2.3110487525997963
list:
dist: 3.8286415368964035 vs. 3.8286415368964035
list:
dist: 3.9591435235925068 vs. 3.9591435235925068
list:
dist: 4.319754880047885 vs. 4.319754880047885
list:
dist: 4.736779516679818 vs. 4.736779516679818
list:
dist: 3.3569460154319106 vs. 3.3569460154319106
list:
dist: 3.224436967077168 vs. 3.224436967077168
list:
dist: 3.6283859631963074 vs. 3.6283859631963074
list:
dist: 3.4202777380747453 vs. 3.4202777380747453
list:
dist: 1.8506288113495997 vs. 1.8506288113495997
list:
dist: 2.371886891719128 vs. 2.371886891719128
list:
dist: 2.805814664805011 vs. 2.805814664805011
list:
dist: 2.552541413154953 vs. 2.552541413154953
list:
dist: 1.5301174555638823 vs. 1.5301174555638823
list:
dist: 2.9569379697469826 vs. 2.9569379697469826
list:
dist: 2.0846985928943136 vs. 2.0846985928943136
list:
dist: 3.8477566102150007 vs. 3.8477566102150007
list:
dist: 1.8971554405999078 vs. 1.8971554405999078
list:
dist: 2.4663803404161446 vs. 2.4663803404161446
list:
dist: 2.5964491958313665 vs. 2.5964491958313665
list:
dist: 2.1252162973889077 vs. 2.1252162973889077
list:
dist: 2.6205668247796017 vs. 2.6205668247796017
list:
dist: 2.6493773981055053 vs. 2.6493773981055053
list:
dist: 2.186385292335934 vs. 2.186385292335934
list:
dist: 2.379943049389323 vs. 2.379943049389323
list:
dist: 2.564597842391196 vs. 2.564597842391196
list:
dist: 2.552541413154953 vs. 2.552541413154953
list:
dist: 1.7238007826167634 vs. 1.7238007826167634
list:
dist: 2.202310710948585 vs. 2.202310710948585
list:
dist: 1.5048202905239978 vs. 1.5048202905239978
list:
dist: 1.574390258184319 vs. 1.574390258184319
list:
dist: 2.1047372106446907 vs. 2.1047372106446907
list:
dist: 2.5697377578543503 vs. 2.5697377578543503
list:
dist: 1.3503049391827864 vs. 1.3503049391827864
list:
dist: 2.804030690244029 vs. 2.804030690244029
list:
dist: 1.9382287005828207 vs. 1.9382287005828207
list:
dist: 0.7185924271851756 vs. 0.7185924271851756
list:
dist: 1.114891551705486 vs. 1.114891551705486
list:
dist: 1.4127139593480411 vs. 1.4127139593480411
list:
dist: 1.8208372254388072 vs. 1.8208372254388072
list:
dist: 1.551394674106858 vs. 1.551394674106858
list:
dist: 1.2707085355651873 vs. 1.2707085355651873
list:
dist: 3.45321101788588 vs. 3.45321101788588
list:
dist: 2.7951601651337876 vs. 2.7951601651337876
list:
dist: 2.4663803404161446 vs. 2.4663803404161446
list:
dist: 4.319754880047885 vs. 4.319754880047885
list:
dist: 2.982638837042484 vs. 2.982638837042484
list:
dist: 4.213727657960642 vs. 4.213727657960642
list:
dist: 4.119032226756072 vs. 4.119032226756072
list:
dist: 3.78193049998492 vs. 3.78193049998492
list:
dist: 3.81767250617285 vs. 3.81767250617285
list:
dist: 4.686117475378842 vs. 4.686117475378842
list:
dist: 3.5510709594010503 vs. 3.5510709594010503
list:
dist: 3.0109403502852423 vs. 3.0109403502852423
list:
dist: 3.7064883819152517 vs. 3.7064883819152517
list:
dist: 4.896703444793789 vs. 4.896703444793789
list:
dist: 3.0651183047310027 vs. 3.0651183047310027
list:
dist: 3.45321101788588 vs. 3.45321101788588
list:
dist: 3.6468892190579894 vs. 3.6468892190579894
list:
dist: 2.13593073713491 vs. 2.13593073713491
list:
dist: 2.521645439222905 vs. 2.521645439222905
list:
dist: 2.366260595570714 vs. 2.366260595570714
list:
dist: 2.287054695859674 vs. 2.287054695859674
list:
dist: 1.1781140199983469 vs. 1.1781140199983469
list:
dist: 2.6082354055728487 vs. 2.6082354055728487
list:
dist: 2.379943049389323 vs. 2.379943049389323
list:
dist: 1.8506288113495997 vs. 1.8506288113495997
list:
dist: 2.012609251076687 vs. 2.012609251076687
list:
dist: 2.9382672444490665 vs. 2.9382672444490665
list:
dist: 2.1283333803634688 vs. 2.1283333803634688
list:
dist: 1.528580787998597 vs. 1.528580787998597
list:
dist: 0.8961919479019982 vs. 0.8961919479019982
list:
dist: 1.1298918936981364 vs. 1.1298918936981364
list:
dist: 2.7486010011179896 vs. 2.7486010011179896
list:
dist: 1.864432277767582 vs. 1.864432277767582
list:
dist: 3.4556856939712026 vs. 3.4556856939712026
list:
dist: 1.7733902265351797 vs. 1.7733902265351797
list:
dist: 0.880316505685105 vs. 0.880316505685105
list:
dist: 1.114891551705486 vs. 1.114891551705486
list:
dist: 1.7730040217801444 vs. 1.7730040217801444
list:
dist: 2.708832143050252 vs. 2.708832143050252
list:
dist: 2.0436487046084273 vs. 2.0436487046084273
list:
dist: 1.7763071901681486 vs. 1.7763071901681486
list:
dist: 3.6468892190579894 vs. 3.6468892190579894
list:
dist: 3.269593942708923 vs. 3.269593942708923
list:
dist: 2.5964491958313665 vs. 2.5964491958313665
list:
dist: 4.736779516679818 vs. 4.736779516679818
list:
dist: 3.604684940800404 vs. 3.604684940800404
list:
dist: 2.1872685913961414 vs. 2.1872685913961414
list:
dist: 2.3260999196995207 vs. 2.3260999196995207
list:
dist: 2.756244664709808 vs. 2.756244664709808
list:
dist: 1.2606832956686915 vs. 1.2606832956686915
list:
dist: 0.9118964306867848 vs. 0.9118964306867848
list:
dist: 2.5224408990958262 vs. 2.5224408990958262
list:
dist: 2.674927313857741 vs. 2.674927313857741
list:
dist: 2.736811349001334 vs. 2.736811349001334
list:
dist: 1.7794693279313853 vs. 1.7794693279313853
list:
dist: 2.679843635510698 vs. 2.679843635510698
list:
dist: 1.8227363481900911 vs. 1.8227363481900911
list:
dist: 2.3251794622797597 vs. 2.3251794622797597
list:
dist: 1.9286421236084326 vs. 1.9286421236084326
list:
dist: 1.6626052515698038 vs. 1.6626052515698038
list:
dist: 1.7156405056989588 vs. 1.7156405056989588
list:
dist: 2.3749840914562514 vs. 2.3749840914562514
list:
dist: 2.866140245687561 vs. 2.866140245687561
list:
dist: 3.081037710321477 vs. 3.081037710321477
list:
dist: 1.2207724275341036 vs. 1.2207724275341036
list:
dist: 3.1372976908043517 vs. 3.1372976908043517
list:
dist: 3.243318171538197 vs. 3.243318171538197
list:
dist: 2.179310429523846 vs. 2.179310429523846
list:
dist: 1.751988023111382 vs. 1.751988023111382
list:
dist: 2.753259259429178 vs. 2.753259259429178
list:
dist: 2.3375184667113014 vs. 2.3375184667113014
list:
dist: 3.4875229644018844 vs. 3.4875229644018844
list:
dist: 1.8227363481900911 vs. 1.8227363481900911
list:
dist: 1.267557130056109 vs. 1.267557130056109
list:
dist: 1.3216011241667807 vs. 1.3216011241667807
list:
dist: 1.5725091535386577 vs. 1.5725091535386577
list:
dist: 1.9424431434162215 vs. 1.9424431434162215
list:
dist: 1.138064228176296 vs. 1.138064228176296
list:
dist: 0.717364602322968 vs. 0.717364602322968
list:
dist: 1.0110334474963771 vs. 1.0110334474963771
list:
dist: 0.7473463817464935 vs. 0.7473463817464935
list:
dist: 0.6824318610067656 vs. 0.6824318610067656
list:
dist: 1.2635113319327036 vs. 1.2635113319327036
list:
dist: 1.220748706813884 vs. 1.220748706813884
list:
dist: 1.8069833761991436 vs. 1.8069833761991436
list:
dist: 1.6272440367824355 vs. 1.6272440367824355
list:
dist: 1.9187312325475951 vs. 1.9187312325475951
list:
dist: 1.2745381522158192 vs. 1.2745381522158192
list:
dist: 2.5834051415716592 vs. 2.5834051415716592
list:
dist: 2.75750874143748 vs. 2.75750874143748
list:
dist: 1.609625841937405 vs. 1.609625841937405
list:
dist: 1.6825633756140006 vs. 1.6825633756140006
list:
dist: 1.8151299697066505 vs. 1.8151299697066505
list:
dist: 2.032437400777071 vs. 2.032437400777071
list:
dist: 2.382775304961716 vs. 2.382775304961716
list:
dist: 2.286457521002476 vs. 2.286457521002476
list:
dist: 2.433513005575677 vs. 2.433513005575677
list:
dist: 2.8560979691131703 vs. 2.8560979691131703
list:
dist: 1.9573939943010763 vs. 1.9573939943010763
list:
dist: 3.1548033689087 vs. 3.1548033689087
list:
dist: 3.010431551208865 vs. 3.010431551208865
list:
dist: 2.9170696257007456 vs. 2.9170696257007456
list:
dist: 3.2098291818995275 vs. 3.2098291818995275
list:
dist: 1.9286421236084326 vs. 1.9286421236084326
list:
dist: 1.4945848486593922 vs. 1.4945848486593922
list:
dist: 1.5944865010227958 vs. 1.5944865010227958
list:
dist: 2.165700866337143 vs. 2.165700866337143
list:
dist: 2.3032656765466353 vs. 2.3032656765466353
list:
dist: 1.3554827584881999 vs. 1.3554827584881999
list:
dist: 1.38504252331648 vs. 1.38504252331648
list:
dist: 1.5368050193026477 vs. 1.5368050193026477
list:
dist: 0.6824318610067656 vs. 0.6824318610067656
list:
dist: 0.8284486860414162 vs. 0.8284486860414162
list:
dist: 1.7764167387531868 vs. 1.7764167387531868
list:
dist: 1.2203012390686403 vs. 1.2203012390686403
list:
dist: 1.4638205177881694 vs. 1.4638205177881694
list:
dist: 1.6126607795480599 vs. 1.6126607795480599
list:
dist: 1.4712277158320206 vs. 1.4712277158320206
list:
dist: 1.1550462153636316 vs. 1.1550462153636316
list:
dist: 2.4701096298797185 vs. 2.4701096298797185
list:
dist: 2.8173593627424247 vs. 2.8173593627424247
list:
dist: 1.829641155341028 vs. 1.829641155341028
list:
dist: 1.6413223284954273 vs. 1.6413223284954273
list:
dist: 2.1258082308300845 vs. 2.1258082308300845
list:
dist: 2.287224512597201 vs. 2.287224512597201
list:
dist: 2.6861448442821487 vs. 2.6861448442821487
list:
dist: 2.2050111342982452 vs. 2.2050111342982452
list:
dist: 2.177118632669176 vs. 2.177118632669176
list:
dist: 2.559380732961585 vs. 2.559380732961585
list:
dist: 1.616187187376963 vs. 1.616187187376963
list:
dist: 2.979648450981654 vs. 2.979648450981654
list:
dist: 1.7235195959657406 vs. 1.7235195959657406
list:
dist: 3.9621077214531573 vs. 3.9621077214531573
list:
dist: 2.3260999196995207 vs. 2.3260999196995207
list:
dist: 1.775704979371516 vs. 1.775704979371516
list:
dist: 2.2589758285351156 vs. 2.2589758285351156
list:
dist: 1.256799287695761 vs. 1.256799287695761
list:
dist: 1.6838303540937196 vs. 1.6838303540937196
list:
dist: 3.1101964769127695 vs. 3.1101964769127695
list:
dist: 1.7085450083542866 vs. 1.7085450083542866
list:
dist: 2.430550066059456 vs. 2.430550066059456
list:
dist: 2.3375184667113014 vs. 2.3375184667113014
list:
dist: 2.589102901602777 vs. 2.589102901602777
list:
dist: 2.9170696257007456 vs. 2.9170696257007456
list:
dist: 1.1667695903115216 vs. 1.1667695903115216
list:
dist: 2.2837831258161927 vs. 2.2837831258161927
list:
dist: 3.108741976046303 vs. 3.108741976046303
list:
dist: 3.6645521985778062 vs. 3.6645521985778062
list:
dist: 3.8286415368964035 vs. 3.8286415368964035
list:
dist: 2.9382672444490665 vs. 2.9382672444490665
list:
dist: 2.4476218748533074 vs. 2.4476218748533074
list:
dist: 1.090087252508894 vs. 1.090087252508894
list:
dist: 2.9569379697469826 vs. 2.9569379697469826
list:
dist: 3.0779708456379082 vs. 3.0779708456379082
list:
dist: 4.5892529728368645 vs. 4.5892529728368645
list:
dist: 3.5875450280500014 vs. 3.5875450280500014
list:
dist: 2.147993412526271 vs. 2.147993412526271
list:
dist: 2.2214570332834676 vs. 2.2214570332834676
list:
dist: 3.8426397883482073 vs. 3.8426397883482073
list:
dist: 2.0633406199416395 vs. 2.0633406199416395
list:
dist: 2.7584677066223695 vs. 2.7584677066223695
list:
dist: 2.9053181155074133 vs. 2.9053181155074133
list:
dist: 2.6082354055728487 vs. 2.6082354055728487
list:
dist: 1.7754747970688907 vs. 1.7754747970688907
list:
dist: 2.805814664805011 vs. 2.805814664805011
list:
dist: 2.3886558746444613 vs. 2.3886558746444613
list:
dist: 1.090087252508894 vs. 1.090087252508894
list:
dist: 2.0900012655182905 vs. 2.0900012655182905
list:
dist: 2.6616950653307048 vs. 2.6616950653307048
list:
dist: 1.1981811031915166 vs. 1.1981811031915166
list:
dist: 1.9379775253047886 vs. 1.9379775253047886
list:
dist: 0.9554380507550234 vs. 0.9554380507550234
list:
dist: 1.8151299697066505 vs. 1.8151299697066505
list:
dist: 1.716773426265916 vs. 1.716773426265916
list:
dist: 2.1258082308300845 vs. 2.1258082308300845
list:
dist: 2.543597861842544 vs. 2.543597861842544
list:
dist: 2.72106536456088 vs. 2.72106536456088
list:
dist: 2.8226852676331466 vs. 2.8226852676331466
list:
dist: 1.873026721762562 vs. 1.873026721762562
list:
dist: 2.3702408786247964 vs. 2.3702408786247964
list:
dist: 2.8985865852279686 vs. 2.8985865852279686
list:
dist: 3.1116339931052686 vs. 3.1116339931052686
list:
dist: 3.167871428834176 vs. 3.167871428834176
list:
dist: 2.449307242858617 vs. 2.449307242858617
list:
dist: 2.9649095941371173 vs. 2.9649095941371173
list:
dist: 1.6258305671925621 vs. 1.6258305671925621
list:
dist: 1.2437425437111116 vs. 1.2437425437111116
list:
dist: 1.6211740868962505 vs. 1.6211740868962505
list:
dist: 2.5452129192010027 vs. 2.5452129192010027
list:
dist: 2.7078311704131015 vs. 2.7078311704131015
list:
dist: 1.9629488150318979 vs. 1.9629488150318979
list:
dist: 3.081867821397876 vs. 3.081867821397876
list:
dist: 2.2107196655825803 vs. 2.2107196655825803
list:
dist: 1.256799287695761 vs. 1.256799287695761
list:
dist: 3.9476386797298315 vs. 3.9476386797298315
list:
dist: 2.5224408990958262 vs. 2.5224408990958262
list:
dist: 1.5623881622897389 vs. 1.5623881622897389
list:
dist: 2.213592620342563 vs. 2.213592620342563
list:
dist: 1.019162937144272 vs. 1.019162937144272
list:
dist: 2.216389830860059 vs. 2.216389830860059
list:
dist: 1.1008655003845715 vs. 1.1008655003845715
list:
dist: 1.4130617785913848 vs. 1.4130617785913848
list:
dist: 1.5725091535386577 vs. 1.5725091535386577
list:
dist: 1.5973530354690828 vs. 1.5973530354690828
list:
dist: 2.165700866337143 vs. 2.165700866337143
list:
dist: 0.8891384959328654 vs. 0.8891384959328654
list:
dist: 1.748248374337488 vs. 1.748248374337488
list:
dist: 2.0900012655182905 vs. 2.0900012655182905
list:
dist: 2.8703674864871407 vs. 2.8703674864871407
list:
dist: 2.8921109120537127 vs. 2.8921109120537127
list:
dist: 3.8475883548718657 vs. 3.8475883548718657
list:
dist: 3.1101964769127695 vs. 3.1101964769127695
list:
dist: 4.535035769443239 vs. 4.535035769443239
list:
dist: 2.736811349001334 vs. 2.736811349001334
list:
dist: 2.3987131178690153 vs. 2.3987131178690153
list:
dist: 1.9814140950532557 vs. 1.9814140950532557
list:
dist: 2.216389830860059 vs. 2.216389830860059
list:
dist: 2.811920560419045 vs. 2.811920560419045
list:
dist: 1.451528343096521 vs. 1.451528343096521
list:
dist: 0.8654897931662041 vs. 0.8654897931662041
list:
dist: 1.138064228176296 vs. 1.138064228176296
list:
dist: 1.4610632960561145 vs. 1.4610632960561145
list:
dist: 1.3554827584881999 vs. 1.3554827584881999
list:
dist: 2.239398276013703 vs. 2.239398276013703
list:
dist: 2.3135020779085433 vs. 2.3135020779085433
list:
dist: 1.6768474170830328 vs. 1.6768474170830328
list:
dist: 0.7834606597908974 vs. 0.7834606597908974
list:
dist: 1.523699806866457 vs. 1.523699806866457
list:
dist: 1.8313008194110305 vs. 1.8313008194110305
list:
dist: 2.00921250615349 vs. 2.00921250615349
list:
dist: 2.1361579541595708 vs. 2.1361579541595708
list:
dist: 1.3457672944338346 vs. 1.3457672944338346
list:
dist: 1.7895871702340003 vs. 1.7895871702340003
list:
dist: 1.1981811031915166 vs. 1.1981811031915166
list:
dist: 0.9985632729615563 vs. 0.9985632729615563
list:
dist: 1.3395510911732214 vs. 1.3395510911732214
list:
dist: 1.2754270536526557 vs. 1.2754270536526557
list:
dist: 1.6680972966773624 vs. 1.6680972966773624
list:
dist: 2.0434500048970805 vs. 2.0434500048970805
list:
dist: 1.3666373953622257 vs. 1.3666373953622257
list:
dist: 2.2772092421251715 vs. 2.2772092421251715
list:
dist: 1.5392272083895087 vs. 1.5392272083895087
list:
dist: 1.775704979371516 vs. 1.775704979371516
list:
dist: 2.5495395415427327 vs. 2.5495395415427327
list:
dist: 1.2606832956686915 vs. 1.2606832956686915
list:
dist: 1.4571786097500585 vs. 1.4571786097500585
list:
dist: 1.5623881622897389 vs. 1.5623881622897389
list:
dist: 1.4532528768395079 vs. 1.4532528768395079
list:
dist: 2.3987131178690153 vs. 2.3987131178690153
list:
dist: 1.236044249075377 vs. 1.236044249075377
list:
dist: 2.0475464807454284 vs. 2.0475464807454284
list:
dist: 1.267557130056109 vs. 1.267557130056109
list:
dist: 1.4263439509225944 vs. 1.4263439509225944
list:
dist: 1.4945848486593922 vs. 1.4945848486593922
list:
dist: 0.7556731658644293 vs. 0.7556731658644293
list:
dist: 0.6501469579590917 vs. 0.6501469579590917
list:
dist: 2.6617002251139064 vs. 2.6617002251139064
list:
dist: 2.8299703978858552 vs. 2.8299703978858552
list:
dist: 2.9548962071475238 vs. 2.9548962071475238
list:
dist: 1.6734368352979894 vs. 1.6734368352979894
list:
dist: 3.5620798756109338 vs. 3.5620798756109338
list:
dist: 3.713777196266159 vs. 3.713777196266159
list:
dist: 2.4996991272121574 vs. 2.4996991272121574
list:
dist: 2.327068907260739 vs. 2.327068907260739
list:
dist: 1.6747569886417715 vs. 1.6747569886417715
list:
dist: 1.1667695903115216 vs. 1.1667695903115216
list:
dist: 3.250834216681651 vs. 3.250834216681651
list:
dist: 1.6626052515698038 vs. 1.6626052515698038
list:
dist: 0.7556731658644293 vs. 0.7556731658644293
list:
dist: 1.5434650425275305 vs. 1.5434650425275305
list:
dist: 0.8891384959328654 vs. 0.8891384959328654
list:
dist: 1.1858900725450159 vs. 1.1858900725450159
list:
dist: 2.239398276013703 vs. 2.239398276013703
list:
dist: 0.8426952981892408 vs. 0.8426952981892408
list:
dist: 1.6743791354425435 vs. 1.6743791354425435
list:
dist: 1.2635113319327036 vs. 1.2635113319327036
list:
dist: 1.4893473898998322 vs. 1.4893473898998322
list:
dist: 1.7764167387531868 vs. 1.7764167387531868
list:
dist: 1.186372403488194 vs. 1.186372403488194
list:
dist: 2.919040049516159 vs. 2.919040049516159
list:
dist: 2.797619890639732 vs. 2.797619890639732
list:
dist: 3.170185875499387 vs. 3.170185875499387
list:
dist: 1.9950568699593665 vs. 1.9950568699593665
list:
dist: 3.635742666702164 vs. 3.635742666702164
list:
dist: 3.6620029322724235 vs. 3.6620029322724235
list:
dist: 2.413033590741211 vs. 2.413033590741211
list:
dist: 2.496162393714019 vs. 2.496162393714019
list:
dist: 2.543597861842544 vs. 2.543597861842544
list:
dist: 2.9675729267253987 vs. 2.9675729267253987
list:
dist: 3.2153719854522596 vs. 3.2153719854522596
list:
dist: 3.464465173860505 vs. 3.464465173860505
list:
dist: 3.670907732658163 vs. 3.670907732658163
list:
dist: 4.111849275721633 vs. 4.111849275721633
list:
dist: 3.2046371736055335 vs. 3.2046371736055335
list:
dist: 4.341195363341373 vs. 4.341195363341373
list:
dist: 1.7140216809909745 vs. 1.7140216809909745
list:
dist: 1.6838303540937196 vs. 1.6838303540937196
list:
dist: 3.287010464876835 vs. 3.287010464876835
list:
dist: 2.674927313857741 vs. 2.674927313857741
list:
dist: 1.4532528768395079 vs. 1.4532528768395079
list:
dist: 2.6727429773445146 vs. 2.6727429773445146
list:
dist: 1.019162937144272 vs. 1.019162937144272
list:
dist: 2.811920560419045 vs. 2.811920560419045
list:
dist: 1.758680789378057 vs. 1.758680789378057
list:
dist: 2.1098616687751752 vs. 2.1098616687751752
list:
dist: 1.9424431434162215 vs. 1.9424431434162215
list:
dist: 1.650036733131367 vs. 1.650036733131367
list:
dist: 2.3032656765466353 vs. 2.3032656765466353
list:
dist: 1.1858900725450159 vs. 1.1858900725450159
list:
dist: 1.4243673452665448 vs. 1.4243673452665448
list:
dist: 2.6616950653307048 vs. 2.6616950653307048
list:
dist: 3.6403735221414832 vs. 3.6403735221414832
list:
dist: 3.668306092244796 vs. 3.668306092244796
list:
dist: 3.1372976908043517 vs. 3.1372976908043517
list:
dist: 3.5620798756109338 vs. 3.5620798756109338
list:
dist: 2.437953657782643 vs. 2.437953657782643
list:
dist: 2.00921250615349 vs. 2.00921250615349
list:
dist: 2.8966566517345105 vs. 2.8966566517345105
list:
dist: 2.7931863820302407 vs. 2.7931863820302407
list:
dist: 2.5834051415716592 vs. 2.5834051415716592
list:
dist: 3.1065233351643293 vs. 3.1065233351643293
list:
dist: 2.4701096298797185 vs. 2.4701096298797185
list:
dist: 3.635742666702164 vs. 3.635742666702164
list:
dist: 3.5843021698101376 vs. 3.5843021698101376
list:
dist: 1.1943482800745095 vs. 1.1943482800745095
list:
dist: 1.263693701111676 vs. 1.263693701111676
list:
dist: 1.766397519100512 vs. 1.766397519100512
list:
dist: 2.0288883875438337 vs. 2.0288883875438337
list:
dist: 0.7277987937946241 vs. 0.7277987937946241
list:
dist: 1.3650049268765145 vs. 1.3650049268765145
list:
dist: 1.3856617353772027 vs. 1.3856617353772027
list:
dist: 3.1116339931052686 vs. 3.1116339931052686
list:
dist: 1.770819677416435 vs. 1.770819677416435
list:
dist: 2.5256448694475844 vs. 2.5256448694475844
list:
dist: 2.068312826209323 vs. 2.068312826209323
list:
dist: 1.1876035087933303 vs. 1.1876035087933303
list:
dist: 1.704391231548276 vs. 1.704391231548276
list:
dist: 2.0699675145533813 vs. 2.0699675145533813
list:
dist: 1.1851781470929736 vs. 1.1851781470929736
list:
dist: 2.185471022533672 vs. 2.185471022533672
list:
dist: 2.768810867171491 vs. 2.768810867171491
list:
dist: 2.589102901602777 vs. 2.589102901602777
list:
dist: 3.3499558921424106 vs. 3.3499558921424106
list:
dist: 2.3251794622797597 vs. 2.3251794622797597
list:
dist: 1.4263439509225944 vs. 1.4263439509225944
list:
dist: 2.0141228124563315 vs. 2.0141228124563315
list:
dist: 1.5973530354690828 vs. 1.5973530354690828
list:
dist: 1.650036733131367 vs. 1.650036733131367
list:
dist: 1.4610632960561145 vs. 1.4610632960561145
list:
dist: 1.2443846463582446 vs. 1.2443846463582446
list:
dist: 1.2064211874704165 vs. 1.2064211874704165
list:
dist: 0.7473463817464935 vs. 0.7473463817464935
list:
dist: 0.8284486860414162 vs. 0.8284486860414162
list:
dist: 1.4893473898998322 vs. 1.4893473898998322
list:
dist: 1.0572419505657802 vs. 1.0572419505657802
list:
dist: 2.2304754873329307 vs. 2.2304754873329307
list:
dist: 2.0304861739976663 vs. 2.0304861739976663
list:
dist: 2.0142507223357553 vs. 2.0142507223357553
list:
dist: 1.8586072270963785 vs. 1.8586072270963785
list:
dist: 3.1065233351643293 vs. 3.1065233351643293
list:
dist: 3.3621752695254705 vs. 3.3621752695254705
list:
dist: 2.299654803874067 vs. 2.299654803874067
list:
dist: 2.3339206905107353 vs. 2.3339206905107353
list:
dist: 1.716773426265916 vs. 1.716773426265916
list:
dist: 2.4461374044475965 vs. 2.4461374044475965
list:
dist: 2.612009439613845 vs. 2.612009439613845
list:
dist: 2.3577245713167576 vs. 2.3577245713167576
list:
dist: 2.690145525041217 vs. 2.690145525041217
list:
dist: 2.993553672276743 vs. 2.993553672276743
list:
dist: 1.9319054575717305 vs. 1.9319054575717305
list:
dist: 3.482478848933651 vs. 3.482478848933651
list:
dist: 1.8878406546575082 vs. 1.8878406546575082
list:
dist: 2.2837831258161927 vs. 2.2837831258161927
list:
dist: 2.3938363764954205 vs. 2.3938363764954205
list:
dist: 1.7156405056989588 vs. 1.7156405056989588
list:
dist: 0.6501469579590917 vs. 0.6501469579590917
list:
dist: 1.8500327219334398 vs. 1.8500327219334398
list:
dist: 1.748248374337488 vs. 1.748248374337488
list:
dist: 1.4243673452665448 vs. 1.4243673452665448
list:
dist: 2.3135020779085433 vs. 2.3135020779085433
list:
dist: 1.4831990020474122 vs. 1.4831990020474122
list:
dist: 2.025513709446623 vs. 2.025513709446623
list:
dist: 1.220748706813884 vs. 1.220748706813884
list:
dist: 1.0572419505657802 vs. 1.0572419505657802
list:
dist: 1.2203012390686403 vs. 1.2203012390686403
list:
dist: 1.186372403488194 vs. 1.186372403488194
list:
dist: 2.5721212958578628 vs. 2.5721212958578628
list:
dist: 2.754840828118087 vs. 2.754840828118087
list:
dist: 2.6595487723837055 vs. 2.6595487723837055
list:
dist: 1.7917025534903264 vs. 1.7917025534903264
list:
dist: 3.5843021698101376 vs. 3.5843021698101376
list:
dist: 3.8400162058058815 vs. 3.8400162058058815
list:
dist: 2.684212776095757 vs. 2.684212776095757
list:
dist: 2.4752769828178938 vs. 2.4752769828178938
list:
dist: 2.72106536456088 vs. 2.72106536456088
list:
dist: 3.249368289621545 vs. 3.249368289621545
list:
dist: 3.539273445914672 vs. 3.539273445914672
list:
dist: 3.307674736938431 vs. 3.307674736938431
list:
dist: 3.396799892978093 vs. 3.396799892978093
list:
dist: 3.766202512054085 vs. 3.766202512054085
list:
dist: 2.75685915645554 vs. 2.75685915645554
list:
dist: 4.1902246938278545 vs. 4.1902246938278545
list:
dist: 1.7235195959657406 vs. 1.7235195959657406
list:
dist: 2.488703531394072 vs. 2.488703531394072
list:
dist: 2.1872685913961414 vs. 2.1872685913961414
list:
dist: 1.5392272083895087 vs. 1.5392272083895087
list:
dist: 2.7008555126804765 vs. 2.7008555126804765
list:
dist: 2.2107196655825803 vs. 2.2107196655825803
list:
dist: 1.7140216809909745 vs. 1.7140216809909745
list:
dist: 3.8475883548718657 vs. 3.8475883548718657
list:
dist: 2.499131219133239 vs. 2.499131219133239
list:
dist: 3.313215140291196 vs. 3.313215140291196
list:
dist: 2.753259259429178 vs. 2.753259259429178
list:
dist: 2.768810867171491 vs. 2.768810867171491
list:
dist: 3.010431551208865 vs. 3.010431551208865
list:
dist: 1.6747569886417715 vs. 1.6747569886417715
list:
dist: 1.8878406546575082 vs. 1.8878406546575082
list:
dist: 2.8921109120537127 vs. 2.8921109120537127
list:
dist: 3.668306092244796 vs. 3.668306092244796
list:
dist: 1.3395510911732214 vs. 1.3395510911732214
list:
dist: 2.429592545175121 vs. 2.429592545175121
list:
dist: 1.6008737888511053 vs. 1.6008737888511053
list:
dist: 2.382775304961716 vs. 2.382775304961716
list:
dist: 2.612009439613845 vs. 2.612009439613845
list:
dist: 2.6861448442821487 vs. 2.6861448442821487
list:
dist: 3.2153719854522596 vs. 3.2153719854522596
list:
dist: 3.539273445914672 vs. 3.539273445914672
list:
dist: 2.74757598094379 vs. 2.74757598094379
list:
dist: 1.5857504591222928 vs. 1.5857504591222928
list:
dist: 2.4842327517842318 vs. 2.4842327517842318
list:
dist: 3.065416081088621 vs. 3.065416081088621
list:
dist: 2.5256448694475844 vs. 2.5256448694475844
list:
dist: 2.3937162031660524 vs. 2.3937162031660524
list:
dist: 2.1124957290651007 vs. 2.1124957290651007
list:
dist: 2.821966077767995 vs. 2.821966077767995
list:
dist: 1.2437425437111116 vs. 1.2437425437111116
list:
dist: 0.8082369533790997 vs. 0.8082369533790997
list:
dist: 1.3980708630752532 vs. 1.3980708630752532
list:
dist: 2.185355385345338 vs. 2.185355385345338
list:
dist: 2.3737499751598787 vs. 2.3737499751598787
list:
dist: 2.153716052352592 vs. 2.153716052352592
list:
dist: 2.3873759030389565 vs. 2.3873759030389565
list:
dist: 1.3666373953622257 vs. 1.3666373953622257
list:
dist: 2.569425536813973 vs. 2.569425536813973
list:
dist: 2.0583081745021126 vs. 2.0583081745021126
list:
dist: 1.9573939943010763 vs. 1.9573939943010763
list:
dist: 1.9319054575717305 vs. 1.9319054575717305
list:
dist: 1.616187187376963 vs. 1.616187187376963
list:
dist: 3.2046371736055335 vs. 3.2046371736055335
list:
dist: 2.75685915645554 vs. 2.75685915645554
list:
dist: 1.5352995576085446 vs. 1.5352995576085446
list:
dist: 1.1921356217296457 vs. 1.1921356217296457
list:
dist: 0.5687440484585257 vs. 0.5687440484585257
list:
dist: 2.2794789907596744 vs. 2.2794789907596744
list:
dist: 2.0699675145533813 vs. 2.0699675145533813
list:
dist: 2.561853266875419 vs. 2.561853266875419
list:
dist: 2.229123980315196 vs. 2.229123980315196
list:
dist: 2.268436055848802 vs. 2.268436055848802
list:
dist: 1.9629488150318979 vs. 1.9629488150318979
list:
dist: 1.8987614280209528 vs. 1.8987614280209528
list:
dist: 2.153716052352592 vs. 2.153716052352592
list:
dist: 0.9311340865958732 vs. 0.9311340865958732
list:
dist: 1.057873706249797 vs. 1.057873706249797
list:
dist: 1.1224556329459077 vs. 1.1224556329459077
list:
dist: 1.864282235034788 vs. 1.864282235034788
list:
dist: 2.0528000711003243 vs. 2.0528000711003243
list:
dist: 3.2965261019396705 vs. 3.2965261019396705
list:
dist: 1.2207724275341036 vs. 1.2207724275341036
list:
dist: 1.6734368352979894 vs. 1.6734368352979894
list:
dist: 0.8363140612376924 vs. 0.8363140612376924
list:
dist: 1.8313008194110305 vs. 1.8313008194110305
list:
dist: 1.601996671906101 vs. 1.601996671906101
list:
dist: 2.128948521565198 vs. 2.128948521565198
list:
dist: 1.2745381522158192 vs. 1.2745381522158192
list:
dist: 1.8586072270963785 vs. 1.8586072270963785
list:
dist: 1.1550462153636316 vs. 1.1550462153636316
list:
dist: 1.9950568699593665 vs. 1.9950568699593665
list:
dist: 1.7917025534903264 vs. 1.7917025534903264
list:
dist: 1.1630836159268694 vs. 1.1630836159268694
list:
dist: 1.7554113368776991 vs. 1.7554113368776991
list:
dist: 1.9176780691450637 vs. 1.9176780691450637
list:
dist: 2.0288883875438337 vs. 2.0288883875438337
list:
dist: 2.28848722569644 vs. 2.28848722569644
list:
dist: 1.3254499439555856 vs. 1.3254499439555856
list:
dist: 0.7399552221137744 vs. 0.7399552221137744
list:
dist: 2.8985865852279686 vs. 2.8985865852279686
list:
dist: 2.4216757822042845 vs. 2.4216757822042845
list:
dist: 3.065416081088621 vs. 3.065416081088621
list:
dist: 2.750464201153606 vs. 2.750464201153606
list:
dist: 2.3211775337251694 vs. 2.3211775337251694
list:
dist: 2.850796065221123 vs. 2.850796065221123
list:
dist: 2.2794789907596744 vs. 2.2794789907596744
list:
dist: 2.942525575099768 vs. 2.942525575099768
list:
dist: 3.203926015657139 vs. 3.203926015657139
list:
dist: 1.751988023111382 vs. 1.751988023111382
list:
dist: 2.327068907260739 vs. 2.327068907260739
list:
dist: 1.12391482874478 vs. 1.12391482874478
list:
dist: 1.7895871702340003 vs. 1.7895871702340003
list:
dist: 1.9254426279183785 vs. 1.9254426279183785
list:
dist: 2.2759497032897182 vs. 2.2759497032897182
list:
dist: 1.6825633756140006 vs. 1.6825633756140006
list:
dist: 2.3339206905107353 vs. 2.3339206905107353
list:
dist: 1.6413223284954273 vs. 1.6413223284954273
list:
dist: 2.496162393714019 vs. 2.496162393714019
list:
dist: 2.4752769828178938 vs. 2.4752769828178938
list:
dist: 0.9431895130686704 vs. 0.9431895130686704
list:
dist: 1.4631527415446584 vs. 1.4631527415446584
list:
dist: 1.892843287316079 vs. 1.892843287316079
list:
dist: 0.7399552221137744 vs. 0.7399552221137744
list:
dist: 1.3856617353772027 vs. 1.3856617353772027
list:
dist: 1.5799722492670965 vs. 1.5799722492670965
list:
dist: 0.8463741427426108 vs. 0.8463741427426108
list:
dist: 2.9649095941371173 vs. 2.9649095941371173
list:
dist: 2.072775703285915 vs. 2.072775703285915
list:
dist: 2.821966077767995 vs. 2.821966077767995
list:
dist: 2.5649618439747686 vs. 2.5649618439747686
list:
dist: 1.981726539909152 vs. 1.981726539909152
list:
dist: 2.5599161870713556 vs. 2.5599161870713556
list:
dist: 2.268436055848802 vs. 2.268436055848802
list:
dist: 2.4348610849793397 vs. 2.4348610849793397
list:
dist: 2.957442440461743 vs. 2.957442440461743
list:
dist: 2.499131219133239 vs. 2.499131219133239
list:
dist: 1.7085450083542866 vs. 1.7085450083542866
list:
dist: 3.743519584027427 vs. 3.743519584027427
list:
dist: 1.7794693279313853 vs. 1.7794693279313853
list:
dist: 1.236044249075377 vs. 1.236044249075377
list:
dist: 1.2215329404395112 vs. 1.2215329404395112
list:
dist: 1.1008655003845715 vs. 1.1008655003845715
list:
dist: 1.758680789378057 vs. 1.758680789378057
list:
dist: 1.451528343096521 vs. 1.451528343096521
list:
dist: 0.9887946736123309 vs. 0.9887946736123309
list:
dist: 0.717364602322968 vs. 0.717364602322968
list:
dist: 1.2443846463582446 vs. 1.2443846463582446
list:
dist: 1.38504252331648 vs. 1.38504252331648
list:
dist: 0.8426952981892408 vs. 0.8426952981892408
list:
dist: 1.4831990020474122 vs. 1.4831990020474122
list:
dist: 2.319022997347086 vs. 2.319022997347086
list:
dist: 2.007603785891379 vs. 2.007603785891379
list:
dist: 2.5602215193949758 vs. 2.5602215193949758
list:
dist: 1.601996671906101 vs. 1.601996671906101
list:
dist: 2.8966566517345105 vs. 2.8966566517345105
list:
dist: 2.896773169418787 vs. 2.896773169418787
list:
dist: 1.6688044910866453 vs. 1.6688044910866453
list:
dist: 1.9254426279183785 vs. 1.9254426279183785
list:
dist: 1.9379775253047886 vs. 1.9379775253047886
list:
dist: 2.127726161429059 vs. 2.127726161429059
list:
dist: 2.429592545175121 vs. 2.429592545175121
list:
dist: 2.7150838372333554 vs. 2.7150838372333554
list:
dist: 2.932096435114559 vs. 2.932096435114559
list:
dist: 3.3860886377490957 vs. 3.3860886377490957
list:
dist: 2.569425536813973 vs. 2.569425536813973
list:
dist: 3.5548057420322516 vs. 3.5548057420322516
list:
dist: 3.313215140291196 vs. 3.313215140291196
list:
dist: 2.430550066059456 vs. 2.430550066059456
list:
dist: 4.4030596866424005 vs. 4.4030596866424005
list:
dist: 2.679843635510698 vs. 2.679843635510698
list:
dist: 2.0475464807454284 vs. 2.0475464807454284
list:
dist: 2.0080723775432574 vs. 2.0080723775432574
list:
dist: 1.4130617785913848 vs. 1.4130617785913848
list:
dist: 2.1098616687751752 vs. 2.1098616687751752
list:
dist: 0.8654897931662041 vs. 0.8654897931662041
list:
dist: 0.9887946736123309 vs. 0.9887946736123309
list:
dist: 1.0110334474963771 vs. 1.0110334474963771
list:
dist: 1.2064211874704165 vs. 1.2064211874704165
list:
dist: 1.5368050193026477 vs. 1.5368050193026477
list:
dist: 1.6743791354425435 vs. 1.6743791354425435
list:
dist: 2.025513709446623 vs. 2.025513709446623
list:
dist: 2.3720536337460665 vs. 2.3720536337460665
list:
dist: 1.6333395707477216 vs. 1.6333395707477216
list:
dist: 2.25612952907544 vs. 2.25612952907544
list:
dist: 2.128948521565198 vs. 2.128948521565198
list:
dist: 2.7931863820302407 vs. 2.7931863820302407
list:
dist: 2.8126941406866695 vs. 2.8126941406866695
list:
dist: 1.8069850107090506 vs. 1.8069850107090506
list:
dist: 2.2759497032897182 vs. 2.2759497032897182
list:
dist: 0.9554380507550234 vs. 0.9554380507550234
list:
dist: 1.5518406440796049 vs. 1.5518406440796049
list:
dist: 1.6008737888511053 vs. 1.6008737888511053
list:
dist: 1.9759614715774478 vs. 1.9759614715774478
list:
dist: 2.5286473089806734 vs. 2.5286473089806734
list:
dist: 2.8724580047220725 vs. 2.8724580047220725
list:
dist: 2.0583081745021126 vs. 2.0583081745021126
list:
dist: 3.12866752480644 vs. 3.12866752480644
list:
dist: 2.179310429523846 vs. 2.179310429523846
list:
dist: 2.4996991272121574 vs. 2.4996991272121574
list:
dist: 1.3058417017885378 vs. 1.3058417017885378
list:
dist: 1.3457672944338346 vs. 1.3457672944338346
list:
dist: 1.6688044910866453 vs. 1.6688044910866453
list:
dist: 1.8069850107090506 vs. 1.8069850107090506
list:
dist: 1.609625841937405 vs. 1.609625841937405
list:
dist: 2.299654803874067 vs. 2.299654803874067
list:
dist: 1.829641155341028 vs. 1.829641155341028
list:
dist: 2.413033590741211 vs. 2.413033590741211
list:
dist: 2.684212776095757 vs. 2.684212776095757
list:
dist: 1.394396256811915 vs. 1.394396256811915
list:
dist: 1.1242546005135232 vs. 1.1242546005135232
list:
dist: 2.0404257312903757 vs. 2.0404257312903757
list:
dist: 1.3254499439555856 vs. 1.3254499439555856
list:
dist: 1.3650049268765145 vs. 1.3650049268765145
list:
dist: 1.2501935229056762 vs. 1.2501935229056762
list:
dist: 0.8463741427426108 vs. 0.8463741427426108
list:
dist: 2.449307242858617 vs. 2.449307242858617
list:
dist: 1.3599144549965525 vs. 1.3599144549965525
list:
dist: 2.1124957290651007 vs. 2.1124957290651007
list:
dist: 2.217513424524937 vs. 2.217513424524937
list:
dist: 1.9203251235915966 vs. 1.9203251235915966
list:
dist: 2.4891988298717322 vs. 2.4891988298717322
list:
dist: 2.229123980315196 vs. 2.229123980315196
list:
dist: 2.2689979330296897 vs. 2.2689979330296897
list:
dist: 3.248404280669438 vs. 3.248404280669438
list:
dist: 2.7008555126804765 vs. 2.7008555126804765
list:
dist: 2.2589758285351156 vs. 2.2589758285351156
list:
dist: 0.9118964306867848 vs. 0.9118964306867848
list:
dist: 1.4571786097500585 vs. 1.4571786097500585
list:
dist: 2.213592620342563 vs. 2.213592620342563
list:
dist: 2.6727429773445146 vs. 2.6727429773445146
list:
dist: 1.9814140950532557 vs. 1.9814140950532557
list:
dist: 1.2215329404395112 vs. 1.2215329404395112
list:
dist: 2.0080723775432574 vs. 2.0080723775432574
list:
dist: 1.3216011241667807 vs. 1.3216011241667807
list:
dist: 2.0141228124563315 vs. 2.0141228124563315
list:
dist: 1.5944865010227958 vs. 1.5944865010227958
list:
dist: 1.5434650425275305 vs. 1.5434650425275305
list:
dist: 1.8500327219334398 vs. 1.8500327219334398
list:
dist: 1.8702257257786912 vs. 1.8702257257786912
list:
dist: 2.0963622659804706 vs. 2.0963622659804706
list:
dist: 2.5811513771939363 vs. 2.5811513771939363
list:
dist: 0.8363140612376924 vs. 0.8363140612376924
list:
dist: 2.437953657782643 vs. 2.437953657782643
list:
dist: 2.4544811944346354 vs. 2.4544811944346354
list:
dist: 1.3058417017885378 vs. 1.3058417017885378
list:
dist: 1.12391482874478 vs. 1.12391482874478
list:
dist: 4.7473542785789 vs. 4.7473542785789
list:
dist: 2.866140245687561 vs. 2.866140245687561
list:
dist: 2.8299703978858552 vs. 2.8299703978858552
list:
dist: 2.0963622659804706 vs. 2.0963622659804706
list:
dist: 0.7834606597908974 vs. 0.7834606597908974
list:
dist: 2.007603785891379 vs. 2.007603785891379
list:
dist: 1.6333395707477216 vs. 1.6333395707477216
list:
dist: 1.6272440367824355 vs. 1.6272440367824355
list:
dist: 2.0304861739976663 vs. 2.0304861739976663
list:
dist: 1.6126607795480599 vs. 1.6126607795480599
list:
dist: 2.797619890639732 vs. 2.797619890639732
list:
dist: 2.754840828118087 vs. 2.754840828118087
list:
dist: 1.1654480973521704 vs. 1.1654480973521704
list:
dist: 1.163618512670077 vs. 1.163618512670077
list:
dist: 1.7554113368776991 vs. 1.7554113368776991
list:
dist: 1.263693701111676 vs. 1.263693701111676
list:
dist: 1.5189977206002887 vs. 1.5189977206002887
list:
dist: 1.1242546005135232 vs. 1.1242546005135232
list:
dist: 1.4631527415446584 vs. 1.4631527415446584
list:
dist: 1.873026721762562 vs. 1.873026721762562
list:
dist: 0.9552706687797444 vs. 0.9552706687797444
list:
dist: 1.5857504591222928 vs. 1.5857504591222928
list:
dist: 1.1265674173891675 vs. 1.1265674173891675
list:
dist: 0.9892408057343274 vs. 0.9892408057343274
list:
dist: 1.4792865422478887 vs. 1.4792865422478887
list:
dist: 1.1921356217296457 vs. 1.1921356217296457
list:
dist: 1.5586253716256366 vs. 1.5586253716256366
list:
dist: 2.5059847235358133 vs. 2.5059847235358133
list:
dist: 1.2754270536526557 vs. 1.2754270536526557
list:
dist: 2.7150838372333554 vs. 2.7150838372333554
list:
dist: 1.9759614715774478 vs. 1.9759614715774478
list:
dist: 2.286457521002476 vs. 2.286457521002476
list:
dist: 2.3577245713167576 vs. 2.3577245713167576
list:
dist: 2.2050111342982452 vs. 2.2050111342982452
list:
dist: 3.464465173860505 vs. 3.464465173860505
list:
dist: 3.307674736938431 vs. 3.307674736938431
list:
dist: 2.0302799035884167 vs. 2.0302799035884167
list:
dist: 1.1265674173891675 vs. 1.1265674173891675
list:
dist: 1.355206851580468 vs. 1.355206851580468
list:
dist: 2.750464201153606 vs. 2.750464201153606
list:
dist: 2.068312826209323 vs. 2.068312826209323
list:
dist: 2.353406713937851 vs. 2.353406713937851
list:
dist: 2.217513424524937 vs. 2.217513424524937
list:
dist: 2.5649618439747686 vs. 2.5649618439747686
list:
dist: 1.6211740868962505 vs. 1.6211740868962505
list:
dist: 1.3367549439336945 vs. 1.3367549439336945
list:
dist: 1.3980708630752532 vs. 1.3980708630752532
list:
dist: 1.1334335526060348 vs. 1.1334335526060348
list:
dist: 1.1258624452780968 vs. 1.1258624452780968
list:
dist: 0.9311340865958732 vs. 0.9311340865958732
list:
dist: 1.607227530115987 vs. 1.607227530115987
list:
dist: 2.4790087501484224 vs. 2.4790087501484224
list:
dist: 1.6680972966773624 vs. 1.6680972966773624
list:
dist: 2.932096435114559 vs. 2.932096435114559
list:
dist: 2.5286473089806734 vs. 2.5286473089806734
list:
dist: 2.433513005575677 vs. 2.433513005575677
list:
dist: 2.690145525041217 vs. 2.690145525041217
list:
dist: 2.177118632669176 vs. 2.177118632669176
list:
dist: 3.670907732658163 vs. 3.670907732658163
list:
dist: 3.396799892978093 vs. 3.396799892978093
list:
dist: 1.2697533724460042 vs. 1.2697533724460042
list:
dist: 0.9892408057343274 vs. 0.9892408057343274
list:
dist: 0.9324052787181244 vs. 0.9324052787181244
list:
dist: 2.3211775337251694 vs. 2.3211775337251694
list:
dist: 1.1876035087933303 vs. 1.1876035087933303
list:
dist: 1.7384058557287192 vs. 1.7384058557287192
list:
dist: 1.9203251235915966 vs. 1.9203251235915966
list:
dist: 1.981726539909152 vs. 1.981726539909152
list:
dist: 2.5452129192010027 vs. 2.5452129192010027
list:
dist: 1.6859520653732711 vs. 1.6859520653732711
list:
dist: 2.185355385345338 vs. 2.185355385345338
list:
dist: 1.1334335526060348 vs. 1.1334335526060348
list:
dist: 0.5888307584460265 vs. 0.5888307584460265
list:
dist: 1.057873706249797 vs. 1.057873706249797
list:
dist: 0.8599111539625799 vs. 0.8599111539625799
list:
dist: 1.5859715830925563 vs. 1.5859715830925563
list:
dist: 2.0434500048970805 vs. 2.0434500048970805
list:
dist: 3.3860886377490957 vs. 3.3860886377490957
list:
dist: 2.8724580047220725 vs. 2.8724580047220725
list:
dist: 2.8560979691131703 vs. 2.8560979691131703
list:
dist: 2.993553672276743 vs. 2.993553672276743
list:
dist: 2.559380732961585 vs. 2.559380732961585
list:
dist: 4.111849275721633 vs. 4.111849275721633
list:
dist: 3.766202512054085 vs. 3.766202512054085
list:
dist: 1.7861537908065461 vs. 1.7861537908065461
list:
dist: 1.4792865422478887 vs. 1.4792865422478887
list:
dist: 1.1675181085874426 vs. 1.1675181085874426
list:
dist: 2.850796065221123 vs. 2.850796065221123
list:
dist: 1.704391231548276 vs. 1.704391231548276
list:
dist: 2.232425826493018 vs. 2.232425826493018
list:
dist: 2.4891988298717322 vs. 2.4891988298717322
list:
dist: 2.5599161870713556 vs. 2.5599161870713556
list:
dist: 2.7078311704131015 vs. 2.7078311704131015
list:
dist: 2.042478135333869 vs. 2.042478135333869
list:
dist: 2.3737499751598787 vs. 2.3737499751598787
list:
dist: 1.1258624452780968 vs. 1.1258624452780968
list:
dist: 0.5888307584460265 vs. 0.5888307584460265
list:
dist: 1.1224556329459077 vs. 1.1224556329459077
list:
dist: 0.9424471245990113 vs. 0.9424471245990113
list:
dist: 1.4023822112074582 vs. 1.4023822112074582
list:
dist: 3.243318171538197 vs. 3.243318171538197
list:
dist: 3.713777196266159 vs. 3.713777196266159
list:
dist: 2.4544811944346354 vs. 2.4544811944346354
list:
dist: 2.1361579541595708 vs. 2.1361579541595708
list:
dist: 2.896773169418787 vs. 2.896773169418787
list:
dist: 2.8126941406866695 vs. 2.8126941406866695
list:
dist: 2.75750874143748 vs. 2.75750874143748
list:
dist: 3.3621752695254705 vs. 3.3621752695254705
list:
dist: 2.8173593627424247 vs. 2.8173593627424247
list:
dist: 3.6620029322724235 vs. 3.6620029322724235
list:
dist: 3.8400162058058815 vs. 3.8400162058058815
list:
dist: 1.7562882706253062 vs. 1.7562882706253062
list:
dist: 1.5189977206002887 vs. 1.5189977206002887
list:
dist: 2.3500237507925603 vs. 2.3500237507925603
list:
dist: 2.28848722569644 vs. 2.28848722569644
list:
dist: 0.7277987937946241 vs. 0.7277987937946241
list:
dist: 1.2501935229056762 vs. 1.2501935229056762
list:
dist: 1.5799722492670965 vs. 1.5799722492670965
list:
dist: 3.167871428834176 vs. 3.167871428834176
list:
dist: 1.6287058554308982 vs. 1.6287058554308982
list:
dist: 2.3937162031660524 vs. 2.3937162031660524
list:
dist: 2.353406713937851 vs. 2.353406713937851
list:
dist: 1.7384058557287192 vs. 1.7384058557287192
list:
dist: 2.232425826493018 vs. 2.232425826493018
list:
dist: 2.561853266875419 vs. 2.561853266875419
list:
dist: 1.5676305241295814 vs. 1.5676305241295814
list:
dist: 2.874864372001216 vs. 2.874864372001216
list:
dist: 2.8703674864871407 vs. 2.8703674864871407
list:
dist: 3.6403735221414832 vs. 3.6403735221414832
list:
dist: 0.9985632729615563 vs. 0.9985632729615563
list:
dist: 2.127726161429059 vs. 2.127726161429059
list:
dist: 1.5518406440796049 vs. 1.5518406440796049
list:
dist: 2.032437400777071 vs. 2.032437400777071
list:
dist: 2.4461374044475965 vs. 2.4461374044475965
list:
dist: 2.287224512597201 vs. 2.287224512597201
list:
dist: 2.9675729267253987 vs. 2.9675729267253987
list:
dist: 3.249368289621545 vs. 3.249368289621545
list:
dist: 2.070154039137044 vs. 2.070154039137044
list:
dist: 0.9552706687797444 vs. 0.9552706687797444
list:
dist: 2.0544686804600123 vs. 2.0544686804600123
list:
dist: 2.4216757822042845 vs. 2.4216757822042845
list:
dist: 1.770819677416435 vs. 1.770819677416435
list:
dist: 1.6287058554308982 vs. 1.6287058554308982
list:
dist: 1.3599144549965525 vs. 1.3599144549965525
list:
dist: 2.072775703285915 vs. 2.072775703285915
list:
dist: 1.6258305671925621 vs. 1.6258305671925621
list:
dist: 0.8082369533790997 vs. 0.8082369533790997
list:
dist: 1.3367549439336945 vs. 1.3367549439336945
list:
dist: 1.6859520653732711 vs. 1.6859520653732711
list:
dist: 2.042478135333869 vs. 2.042478135333869
list:
dist: 1.8987614280209528 vs. 1.8987614280209528
list:
dist: 1.9037617083868812 vs. 1.9037617083868812
list:
dist: 4.056699192610468 vs. 4.056699192610468
list:
dist: 2.3749840914562514 vs. 2.3749840914562514
list:
dist: 2.6617002251139064 vs. 2.6617002251139064
list:
dist: 1.8702257257786912 vs. 1.8702257257786912
list:
dist: 1.6768474170830328 vs. 1.6768474170830328
list:
dist: 2.319022997347086 vs. 2.319022997347086
list:
dist: 2.3720536337460665 vs. 2.3720536337460665
list:
dist: 1.8069833761991436 vs. 1.8069833761991436
list:
dist: 2.2304754873329307 vs. 2.2304754873329307
list:
dist: 1.4638205177881694 vs. 1.4638205177881694
list:
dist: 2.919040049516159 vs. 2.919040049516159
list:
dist: 2.5721212958578628 vs. 2.5721212958578628
list:
dist: 1.1654480973521704 vs. 1.1654480973521704
list:
dist: 1.050228561475423 vs. 1.050228561475423
list:
dist: 1.1630836159268694 vs. 1.1630836159268694
list:
dist: 1.1943482800745095 vs. 1.1943482800745095
list:
dist: 1.7562882706253062 vs. 1.7562882706253062
list:
dist: 1.394396256811915 vs. 1.394396256811915
list:
dist: 0.9431895130686704 vs. 0.9431895130686704
list:
dist: 2.8226852676331466 vs. 2.8226852676331466
list:
dist: 2.070154039137044 vs. 2.070154039137044
list:
dist: 2.74757598094379 vs. 2.74757598094379
list:
dist: 2.0302799035884167 vs. 2.0302799035884167
list:
dist: 1.2697533724460042 vs. 1.2697533724460042
list:
dist: 1.7861537908065461 vs. 1.7861537908065461
list:
dist: 1.5352995576085446 vs. 1.5352995576085446
list:
dist: 1.8961854860303546 vs. 1.8961854860303546
list:
dist: 2.0819751992558233 vs. 2.0819751992558233
list:
dist: 4.293149842871523 vs. 4.293149842871523
list:
dist: 3.081037710321477 vs. 3.081037710321477
list:
dist: 2.9548962071475238 vs. 2.9548962071475238
list:
dist: 2.5811513771939363 vs. 2.5811513771939363
list:
dist: 1.523699806866457 vs. 1.523699806866457
list:
dist: 2.5602215193949758 vs. 2.5602215193949758
list:
dist: 2.25612952907544 vs. 2.25612952907544
list:
dist: 1.9187312325475951 vs. 1.9187312325475951
list:
dist: 2.0142507223357553 vs. 2.0142507223357553
list:
dist: 1.4712277158320206 vs. 1.4712277158320206
list:
dist: 3.170185875499387 vs. 3.170185875499387
list:
dist: 2.6595487723837055 vs. 2.6595487723837055
list:
dist: 1.050228561475423 vs. 1.050228561475423
list:
dist: 1.163618512670077 vs. 1.163618512670077
list:
dist: 1.9176780691450637 vs. 1.9176780691450637
list:
dist: 1.766397519100512 vs. 1.766397519100512
list:
dist: 2.3500237507925603 vs. 2.3500237507925603
list:
dist: 2.0404257312903757 vs. 2.0404257312903757
list:
dist: 1.892843287316079 vs. 1.892843287316079
list:
dist: 2.3702408786247964 vs. 2.3702408786247964
list:
dist: 2.0544686804600123 vs. 2.0544686804600123
list:
dist: 2.4842327517842318 vs. 2.4842327517842318
list:
dist: 1.355206851580468 vs. 1.355206851580468
list:
dist: 0.9324052787181244 vs. 0.9324052787181244
list:
dist: 1.1675181085874426 vs. 1.1675181085874426
list:
dist: 0.5687440484585257 vs. 0.5687440484585257
list:
dist: 1.785039778968861 vs. 1.785039778968861
list:
dist: 1.7600852224062942 vs. 1.7600852224062942
list:
dist: 1.270511438860007 vs. 1.270511438860007
list:
dist: 2.8482216601900743 vs. 2.8482216601900743
list:
dist: 1.9086896963901896 vs. 1.9086896963901896
list:
dist: 1.9452689158628989 vs. 1.9452689158628989
list:
dist: 2.0421506667414535 vs. 2.0421506667414535
list:
dist: 1.8019557781661673 vs. 1.8019557781661673
list:
dist: 0.928799052180336 vs. 0.928799052180336
list:
dist: 1.5602344176711513 vs. 1.5602344176711513
list:
dist: 2.816599770668475 vs. 2.816599770668475
list:
dist: 2.9260375100615126 vs. 2.9260375100615126
list:
dist: 2.8311830629864954 vs. 2.8311830629864954
list:
dist: 2.2081060243479262 vs. 2.2081060243479262
list:
dist: 1.368940380857906 vs. 1.368940380857906
list:
dist: 3.3736564259562156 vs. 3.3736564259562156
list:
dist: 3.3369088252782695 vs. 3.3369088252782695
list:
dist: 3.4080689958540034 vs. 3.4080689958540034
list:
dist: 2.728378071925661 vs. 2.728378071925661
list:
dist: 3.0139548835173815 vs. 3.0139548835173815
list:
dist: 2.320030210543444 vs. 2.320030210543444
list:
dist: 2.5832568767856774 vs. 2.5832568767856774
list:
dist: 3.5062625786723873 vs. 3.5062625786723873
list:
dist: 3.4224066441306733 vs. 3.4224066441306733
list:
dist: 4.175899175160886 vs. 4.175899175160886
list:
dist: 3.123553732865355 vs. 3.123553732865355
list:
dist: 1.109784201047359 vs. 1.109784201047359
list:
dist: 1.8917781891257857 vs. 1.8917781891257857
list:
dist: 2.417225138709538 vs. 2.417225138709538
list:
dist: 2.2139087839672515 vs. 2.2139087839672515
list:
dist: 2.673233082196432 vs. 2.673233082196432
list:
dist: 2.991363288924985 vs. 2.991363288924985
list:
dist: 1.363037432046349 vs. 1.363037432046349
list:
dist: 2.9828712071727237 vs. 2.9828712071727237
list:
dist: 2.2781424307536846 vs. 2.2781424307536846
list:
dist: 2.9093431680228274 vs. 2.9093431680228274
list:
dist: 1.6292783124138135 vs. 1.6292783124138135
list:
dist: 1.5921856168861495 vs. 1.5921856168861495
list:
dist: 1.2325332901809425 vs. 1.2325332901809425
list:
dist: 1.8917781891257857 vs. 1.8917781891257857
list:
dist: 1.4817845790636157 vs. 1.4817845790636157
list:
dist: 2.311983690852982 vs. 2.311983690852982
list:
dist: 2.1511893362586125 vs. 2.1511893362586125
list:
dist: 2.816599770668475 vs. 2.816599770668475
list:
dist: 3.4044757184652563 vs. 3.4044757184652563
list:
dist: 2.8779814963923878 vs. 2.8779814963923878
list:
dist: 2.923792881003756 vs. 2.923792881003756
list:
dist: 2.8028030773169794 vs. 2.8028030773169794
list:
dist: 3.008548649289532 vs. 3.008548649289532
list:
dist: 1.3311753468875651 vs. 1.3311753468875651
list:
dist: 1.493839745658091 vs. 1.493839745658091
list:
dist: 1.7563997183884914 vs. 1.7563997183884914
list:
dist: 2.0248361016072995 vs. 2.0248361016072995
list:
dist: 1.9662422459958002 vs. 1.9662422459958002
list:
dist: 3.1244717635827453 vs. 3.1244717635827453
list:
dist: 3.0028103873550647 vs. 3.0028103873550647
list:
dist: 2.9987262952891505 vs. 2.9987262952891505
list:
dist: 3.1600335012876384 vs. 3.1600335012876384
list:
dist: 1.046201204171363 vs. 1.046201204171363
list:
dist: 1.3940068210717396 vs. 1.3940068210717396
list:
dist: 1.3140243431288134 vs. 1.3140243431288134
list:
dist: 2.5469634479788197 vs. 2.5469634479788197
list:
dist: 3.123553732865355 vs. 3.123553732865355
list:
dist: 1.895434615330866 vs. 1.895434615330866
list:
dist: 2.056505595707829 vs. 2.056505595707829
list:
dist: 2.241436506380666 vs. 2.241436506380666
list:
dist: 2.0421506667414535 vs. 2.0421506667414535
list:
dist: 1.5921856168861495 vs. 1.5921856168861495
list:
dist: 4.012956849288644 vs. 4.012956849288644
list:
dist: 3.5244280851626 vs. 3.5244280851626
list:
dist: 3.3198672443299833 vs. 3.3198672443299833
list:
dist: 2.7994425926270736 vs. 2.7994425926270736
list:
dist: 3.9710639720649623 vs. 3.9710639720649623
list:
dist: 2.7232987356684393 vs. 2.7232987356684393
list:
dist: 2.9446950387934563 vs. 2.9446950387934563
list:
dist: 2.7863650517661585 vs. 2.7863650517661585
list:
dist: 3.1458111620329556 vs. 3.1458111620329556
list:
dist: 3.40307078931684 vs. 3.40307078931684
list:
dist: 2.811389915545296 vs. 2.811389915545296
list:
dist: 2.770015859453272 vs. 2.770015859453272
list:
dist: 2.836873664432686 vs. 2.836873664432686
list:
dist: 1.8231173326407804 vs. 1.8231173326407804
list:
dist: 1.895434615330866 vs. 1.895434615330866
list:
dist: 0.9932632986811124 vs. 0.9932632986811124
list:
dist: 0.7037256351006895 vs. 0.7037256351006895
list:
dist: 1.8019557781661673 vs. 1.8019557781661673
list:
dist: 1.4817845790636157 vs. 1.4817845790636157
list:
dist: 2.2393097872387013 vs. 2.2393097872387013
list:
dist: 2.2485275143546875 vs. 2.2485275143546875
list:
dist: 1.5503227955995915 vs. 1.5503227955995915
list:
dist: 1.4124171353564945 vs. 1.4124171353564945
list:
dist: 2.2578289763053756 vs. 2.2578289763053756
list:
dist: 1.5484506480284497 vs. 1.5484506480284497
list:
dist: 1.703945331454425 vs. 1.703945331454425
list:
dist: 1.3943766397612662 vs. 1.3943766397612662
list:
dist: 1.4843356937063792 vs. 1.4843356937063792
list:
dist: 1.7083498895030433 vs. 1.7083498895030433
list:
dist: 2.608933498177581 vs. 2.608933498177581
list:
dist: 2.0878035770188 vs. 2.0878035770188
list:
dist: 2.047682987391595 vs. 2.047682987391595
list:
dist: 2.6584756543632384 vs. 2.6584756543632384
list:
dist: 1.4834889057076799 vs. 1.4834889057076799
list:
dist: 1.6903216271339108 vs. 1.6903216271339108
list:
dist: 1.8587799598968142 vs. 1.8587799598968142
list:
dist: 1.3940068210717396 vs. 1.3940068210717396
list:
dist: 2.836873664432686 vs. 2.836873664432686
list:
dist: 2.492722871326436 vs. 2.492722871326436
list:
dist: 2.9479966158857867 vs. 2.9479966158857867
list:
dist: 1.9086896963901896 vs. 1.9086896963901896
list:
dist: 2.9093431680228274 vs. 2.9093431680228274
list:
dist: 4.601670756820949 vs. 4.601670756820949
list:
dist: 4.060466792861537 vs. 4.060466792861537
list:
dist: 3.9068256111952353 vs. 3.9068256111952353
list:
dist: 3.1526049838580734 vs. 3.1526049838580734
list:
dist: 4.7641702114219715 vs. 4.7641702114219715
list:
dist: 3.998316378756773 vs. 3.998316378756773
list:
dist: 4.138608710932616 vs. 4.138608710932616
list:
dist: 3.7098158431253476 vs. 3.7098158431253476
list:
dist: 4.141086410956257 vs. 4.141086410956257
list:
dist: 2.6408274767223396 vs. 2.6408274767223396
list:
dist: 2.295163931722262 vs. 2.295163931722262
list:
dist: 1.8587799598968142 vs. 1.8587799598968142
list:
dist: 1.3140243431288134 vs. 1.3140243431288134
list:
dist: 1.8231173326407804 vs. 1.8231173326407804
list:
dist: 1.978131804297583 vs. 1.978131804297583
list:
dist: 2.29097948869162 vs. 2.29097948869162
list:
dist: 1.9452689158628989 vs. 1.9452689158628989
list:
dist: 1.6292783124138135 vs. 1.6292783124138135
list:
dist: 3.4106635615632905 vs. 3.4106635615632905
list:
dist: 2.50067986219233 vs. 2.50067986219233
list:
dist: 2.9473333653575073 vs. 2.9473333653575073
list:
dist: 2.4152838808313803 vs. 2.4152838808313803
list:
dist: 3.259953416294001 vs. 3.259953416294001
list:
dist: 2.6815718974631158 vs. 2.6815718974631158
list:
dist: 2.5879213793274056 vs. 2.5879213793274056
list:
dist: 2.0741219761622083 vs. 2.0741219761622083
list:
dist: 2.6369006396739794 vs. 2.6369006396739794
list:
dist: 1.4834889057076799 vs. 1.4834889057076799
list:
dist: 2.6408274767223396 vs. 2.6408274767223396
list:
dist: 2.811389915545296 vs. 2.811389915545296
list:
dist: 2.0414380913614423 vs. 2.0414380913614423
list:
dist: 2.5563421750007005 vs. 2.5563421750007005
list:
dist: 1.270511438860007 vs. 1.270511438860007
list:
dist: 4.141086410956257 vs. 4.141086410956257
list:
dist: 2.6369006396739794 vs. 2.6369006396739794
list:
dist: 3.1458111620329556 vs. 3.1458111620329556
list:
dist: 2.725371109944344 vs. 2.725371109944344
list:
dist: 2.991363288924985 vs. 2.991363288924985
list:
dist: 1.4843356937063792 vs. 1.4843356937063792
list:
dist: 2.20821600781397 vs. 2.20821600781397
list:
dist: 1.8659203253367513 vs. 1.8659203253367513
list:
dist: 3.0139548835173815 vs. 3.0139548835173815
list:
dist: 2.0248361016072995 vs. 2.0248361016072995
list:
dist: 1.6506684276041912 vs. 1.6506684276041912
list:
dist: 1.6310062533423548 vs. 1.6310062533423548
list:
dist: 1.6057520005698167 vs. 1.6057520005698167
list:
dist: 2.0545055492815734 vs. 2.0545055492815734
list:
dist: 1.049907908649562 vs. 1.049907908649562
list:
dist: 1.2880091388431103 vs. 1.2880091388431103
list:
dist: 0.9204061133893464 vs. 0.9204061133893464
list:
dist: 0.6663512868725469 vs. 0.6663512868725469
list:
dist: 2.905750621668948 vs. 2.905750621668948
list:
dist: 1.6596569236551917 vs. 1.6596569236551917
list:
dist: 2.2076143295629658 vs. 2.2076143295629658
list:
dist: 1.705210591457247 vs. 1.705210591457247
list:
dist: 1.3519866580681936 vs. 1.3519866580681936
list:
dist: 1.3353716471728458 vs. 1.3353716471728458
list:
dist: 1.998937853803111 vs. 1.998937853803111
list:
dist: 1.405154015292374 vs. 1.405154015292374
list:
dist: 4.7641702114219715 vs. 4.7641702114219715
list:
dist: 3.259953416294001 vs. 3.259953416294001
list:
dist: 3.9710639720649623 vs. 3.9710639720649623
list:
dist: 2.2578289763053756 vs. 2.2578289763053756
list:
dist: 2.656508602625656 vs. 2.656508602625656
list:
dist: 2.424930430256746 vs. 2.424930430256746
list:
dist: 3.3736564259562156 vs. 3.3736564259562156
list:
dist: 3.008548649289532 vs. 3.008548649289532
list:
dist: 1.0243288264268513 vs. 1.0243288264268513
list:
dist: 1.2777167164960872 vs. 1.2777167164960872
list:
dist: 1.5712214809429277 vs. 1.5712214809429277
list:
dist: 2.1680092976228904 vs. 2.1680092976228904
list:
dist: 2.316065698951998 vs. 2.316065698951998
list:
dist: 1.8842765576639544 vs. 1.8842765576639544
list:
dist: 1.3183009471802012 vs. 1.3183009471802012
list:
dist: 1.049907908649562 vs. 1.049907908649562
list:
dist: 1.6986291845944106 vs. 1.6986291845944106
list:
dist: 2.432281551801441 vs. 2.432281551801441
list:
dist: 2.4978288198773 vs. 2.4978288198773
list:
dist: 2.053096823027482 vs. 2.053096823027482
list:
dist: 1.4927409962259999 vs. 1.4927409962259999
list:
dist: 1.2898532651977108 vs. 1.2898532651977108
list:
dist: 2.078243955638178 vs. 2.078243955638178
list:
dist: 0.855753821123959 vs. 0.855753821123959
list:
dist: 2.8145491703186467 vs. 2.8145491703186467
list:
dist: 3.204097954400139 vs. 3.204097954400139
list:
dist: 3.1111517539938993 vs. 3.1111517539938993
list:
dist: 3.8409485351149035 vs. 3.8409485351149035
list:
dist: 2.078243955638178 vs. 2.078243955638178
list:
dist: 2.2842835033835613 vs. 2.2842835033835613
list:
dist: 2.049842046045346 vs. 2.049842046045346
list:
dist: 2.551814714945387 vs. 2.551814714945387
list:
dist: 1.998937853803111 vs. 1.998937853803111
list:
dist: 3.252100711010465 vs. 3.252100711010465
list:
dist: 1.3507009059045778 vs. 1.3507009059045778
list:
dist: 2.101014183627632 vs. 2.101014183627632
list:
dist: 1.8819425521097122 vs. 1.8819425521097122
list:
dist: 0.871518425255063 vs. 0.871518425255063
list:
dist: 1.5013359799780934 vs. 1.5013359799780934
list:
dist: 4.601670756820949 vs. 4.601670756820949
list:
dist: 3.4106635615632905 vs. 3.4106635615632905
list:
dist: 4.012956849288644 vs. 4.012956849288644
list:
dist: 2.2393097872387013 vs. 2.2393097872387013
list:
dist: 2.2647466686444586 vs. 2.2647466686444586
list:
dist: 2.1022178837614405 vs. 2.1022178837614405
list:
dist: 2.9260375100615126 vs. 2.9260375100615126
list:
dist: 3.4044757184652563 vs. 3.4044757184652563
list:
dist: 1.5800837256894966 vs. 1.5800837256894966
list:
dist: 0.9057653577924665 vs. 0.9057653577924665
list:
dist: 1.5748594404399139 vs. 1.5748594404399139
list:
dist: 1.0243288264268513 vs. 1.0243288264268513
list:
dist: 2.8204270893484105 vs. 2.8204270893484105
list:
dist: 2.5702697683553324 vs. 2.5702697683553324
list:
dist: 1.8779637807279719 vs. 1.8779637807279719
list:
dist: 1.6506684276041912 vs. 1.6506684276041912
list:
dist: 2.706338381051387 vs. 2.706338381051387
list:
dist: 1.810939621662656 vs. 1.810939621662656
list:
dist: 1.5024059834787251 vs. 1.5024059834787251
list:
dist: 2.0121635525451995 vs. 2.0121635525451995
list:
dist: 1.5097611089780982 vs. 1.5097611089780982
list:
dist: 1.9499087923315954 vs. 1.9499087923315954
list:
dist: 2.8145491703186467 vs. 2.8145491703186467
list:
dist: 1.362106465043383 vs. 1.362106465043383
list:
dist: 1.6903216271339108 vs. 1.6903216271339108
list:
dist: 2.295163931722262 vs. 2.295163931722262
list:
dist: 1.046201204171363 vs. 1.046201204171363
list:
dist: 2.9033013677617947 vs. 2.9033013677617947
list:
dist: 2.770015859453272 vs. 2.770015859453272
list:
dist: 2.9230803147542987 vs. 2.9230803147542987
list:
dist: 3.0412314504996396 vs. 3.0412314504996396
list:
dist: 2.8482216601900743 vs. 2.8482216601900743
list:
dist: 2.2781424307536846 vs. 2.2781424307536846
list:
dist: 2.0878035770188 vs. 2.0878035770188
list:
dist: 2.586032201476777 vs. 2.586032201476777
list:
dist: 1.9842917386526613 vs. 1.9842917386526613
list:
dist: 3.5062625786723873 vs. 3.5062625786723873
list:
dist: 3.0028103873550647 vs. 3.0028103873550647
list:
dist: 2.0121635525451995 vs. 2.0121635525451995
list:
dist: 3.032893044747319 vs. 3.032893044747319
list:
dist: 1.7328181152463216 vs. 1.7328181152463216
list:
dist: 2.453639513927064 vs. 2.453639513927064
list:
dist: 2.053096823027482 vs. 2.053096823027482
list:
dist: 1.9226576313572297 vs. 1.9226576313572297
list:
dist: 2.123081513644977 vs. 2.123081513644977
list:
dist: 2.305759331889903 vs. 2.305759331889903
list:
dist: 1.705210591457247 vs. 1.705210591457247
list:
dist: 3.7150886582337757 vs. 3.7150886582337757
list:
dist: 2.7653658391581706 vs. 2.7653658391581706
list:
dist: 1.5296875537230559 vs. 1.5296875537230559
list:
dist: 0.5839193723389765 vs. 0.5839193723389765
list:
dist: 1.5451129167796664 vs. 1.5451129167796664
list:
dist: 2.101014183627632 vs. 2.101014183627632
list:
dist: 1.667269887282459 vs. 1.667269887282459
list:
dist: 3.40307078931684 vs. 3.40307078931684
list:
dist: 0.9021897717676316 vs. 0.9021897717676316
list:
dist: 1.363037432046349 vs. 1.363037432046349
list:
dist: 1.9662422459958002 vs. 1.9662422459958002
list:
dist: 1.9009429440101053 vs. 1.9009429440101053
list:
dist: 1.9854800508817785 vs. 1.9854800508817785
list:
dist: 2.8799715876136633 vs. 2.8799715876136633
list:
dist: 2.905750621668948 vs. 2.905750621668948
list:
dist: 2.899264022483602 vs. 2.899264022483602
list:
dist: 3.7150886582337757 vs. 3.7150886582337757
list:
dist: 3.753631539656883 vs. 3.753631539656883
list:
dist: 3.40795960805311 vs. 3.40795960805311
list:
dist: 3.252100711010465 vs. 3.252100711010465
list:
dist: 3.948124440664265 vs. 3.948124440664265
list:
dist: 4.138608710932616 vs. 4.138608710932616
list:
dist: 2.5879213793274056 vs. 2.5879213793274056
list:
dist: 2.9446950387934563 vs. 2.9446950387934563
list:
dist: 1.8781430875118494 vs. 1.8781430875118494
list:
dist: 2.2139087839672515 vs. 2.2139087839672515
list:
dist: 1.703945331454425 vs. 1.703945331454425
list:
dist: 2.6414697886351277 vs. 2.6414697886351277
list:
dist: 2.277105019403578 vs. 2.277105019403578
list:
dist: 3.4080689958540034 vs. 3.4080689958540034
list:
dist: 1.493839745658091 vs. 1.493839745658091
list:
dist: 2.5702697683553324 vs. 2.5702697683553324
list:
dist: 2.283443804615186 vs. 2.283443804615186
list:
dist: 2.418837093110909 vs. 2.418837093110909
list:
dist: 2.734020397345644 vs. 2.734020397345644
list:
dist: 1.8842765576639544 vs. 1.8842765576639544
list:
dist: 0.6711530790011141 vs. 0.6711530790011141
list:
dist: 1.0576807719058394 vs. 1.0576807719058394
list:
dist: 0.9204061133893464 vs. 0.9204061133893464
list:
dist: 1.9854800508817785 vs. 1.9854800508817785
list:
dist: 1.6404318206676645 vs. 1.6404318206676645
list:
dist: 2.8208238515955166 vs. 2.8208238515955166
list:
dist: 2.123081513644977 vs. 2.123081513644977
list:
dist: 1.9654875413835609 vs. 1.9654875413835609
list:
dist: 1.742305252290954 vs. 1.742305252290954
list:
dist: 2.049842046045346 vs. 2.049842046045346
list:
dist: 2.10502564714858 vs. 2.10502564714858
list:
dist: 4.060466792861537 vs. 4.060466792861537
list:
dist: 2.50067986219233 vs. 2.50067986219233
list:
dist: 3.5244280851626 vs. 3.5244280851626
list:
dist: 2.2485275143546875 vs. 2.2485275143546875
list:
dist: 2.414722701620005 vs. 2.414722701620005
list:
dist: 2.4960329746341956 vs. 2.4960329746341956
list:
dist: 2.8311830629864954 vs. 2.8311830629864954
list:
dist: 2.8779814963923878 vs. 2.8779814963923878
list:
dist: 1.5800837256894966 vs. 1.5800837256894966
list:
dist: 1.8925690189681843 vs. 1.8925690189681843
list:
dist: 1.9561965027857116 vs. 1.9561965027857116
list:
dist: 1.2777167164960872 vs. 1.2777167164960872
list:
dist: 2.7698432922031353 vs. 2.7698432922031353
list:
dist: 2.283443804615186 vs. 2.283443804615186
list:
dist: 1.2758178259319988 vs. 1.2758178259319988
list:
dist: 1.6310062533423548 vs. 1.6310062533423548
list:
dist: 2.386832525059297 vs. 2.386832525059297
list:
dist: 2.8836607061219297 vs. 2.8836607061219297
list:
dist: 2.7557901875982362 vs. 2.7557901875982362
list:
dist: 3.032893044747319 vs. 3.032893044747319
list:
dist: 2.545197827036481 vs. 2.545197827036481
list:
dist: 2.4931154351420135 vs. 2.4931154351420135
list:
dist: 3.204097954400139 vs. 3.204097954400139
list:
dist: 2.1327648083065665 vs. 2.1327648083065665
list:
dist: 3.7098158431253476 vs. 3.7098158431253476
list:
dist: 2.0741219761622083 vs. 2.0741219761622083
list:
dist: 2.7863650517661585 vs. 2.7863650517661585
list:
dist: 2.5458215079590594 vs. 2.5458215079590594
list:
dist: 2.673233082196432 vs. 2.673233082196432
list:
dist: 1.3943766397612662 vs. 1.3943766397612662
list:
dist: 2.0601866084120197 vs. 2.0601866084120197
list:
dist: 1.8978485160674017 vs. 1.8978485160674017
list:
dist: 2.728378071925661 vs. 2.728378071925661
list:
dist: 1.7563997183884914 vs. 1.7563997183884914
list:
dist: 1.8779637807279719 vs. 1.8779637807279719
list:
dist: 1.2758178259319988 vs. 1.2758178259319988
list:
dist: 1.7927230332108959 vs. 1.7927230332108959
list:
dist: 1.9677920864367469 vs. 1.9677920864367469
list:
dist: 1.3183009471802012 vs. 1.3183009471802012
list:
dist: 1.5087792401204811 vs. 1.5087792401204811
list:
dist: 1.0576807719058394 vs. 1.0576807719058394
list:
dist: 0.6663512868725469 vs. 0.6663512868725469
list:
dist: 2.8799715876136633 vs. 2.8799715876136633
list:
dist: 1.8877181581379199 vs. 1.8877181581379199
list:
dist: 2.4980345985889927 vs. 2.4980345985889927
list:
dist: 2.305759331889903 vs. 2.305759331889903
list:
dist: 1.9670105532348974 vs. 1.9670105532348974
list:
dist: 1.939900741149101 vs. 1.939900741149101
list:
dist: 2.551814714945387 vs. 2.551814714945387
list:
dist: 1.9326183380992954 vs. 1.9326183380992954
list:
dist: 2.0414380913614423 vs. 2.0414380913614423
list:
dist: 2.9230803147542987 vs. 2.9230803147542987
list:
dist: 2.492722871326436 vs. 2.492722871326436
list:
dist: 1.978131804297583 vs. 1.978131804297583
list:
dist: 2.056505595707829 vs. 2.056505595707829
list:
dist: 0.9932632986811124 vs. 0.9932632986811124
list:
dist: 0.6480617255256003 vs. 0.6480617255256003
list:
dist: 0.928799052180336 vs. 0.928799052180336
list:
dist: 2.311983690852982 vs. 2.311983690852982
list:
dist: 2.2647466686444586 vs. 2.2647466686444586
list:
dist: 2.414722701620005 vs. 2.414722701620005
list:
dist: 1.4534824835049496 vs. 1.4534824835049496
list:
dist: 0.8212504123701828 vs. 0.8212504123701828
list:
dist: 2.656508602625656 vs. 2.656508602625656
list:
dist: 2.5336081603590155 vs. 2.5336081603590155
list:
dist: 2.6414697886351277 vs. 2.6414697886351277
list:
dist: 2.0601866084120197 vs. 2.0601866084120197
list:
dist: 2.20821600781397 vs. 2.20821600781397
list:
dist: 1.5397293827479754 vs. 1.5397293827479754
list:
dist: 2.1229304086648235 vs. 2.1229304086648235
list:
dist: 2.586032201476777 vs. 2.586032201476777
list:
dist: 2.5208610212640483 vs. 2.5208610212640483
list:
dist: 3.3119103637467373 vs. 3.3119103637467373
list:
dist: 3.1526049838580734 vs. 3.1526049838580734
list:
dist: 2.4152838808313803 vs. 2.4152838808313803
list:
dist: 2.7994425926270736 vs. 2.7994425926270736
list:
dist: 1.4124171353564945 vs. 1.4124171353564945
list:
dist: 0.8212504123701828 vs. 0.8212504123701828
list:
dist: 1.0479664812973049 vs. 1.0479664812973049
list:
dist: 1.368940380857906 vs. 1.368940380857906
list:
dist: 2.8028030773169794 vs. 2.8028030773169794
list:
dist: 1.5748594404399139 vs. 1.5748594404399139
list:
dist: 1.9561965027857116 vs. 1.9561965027857116
list:
dist: 0.8745638658838667 vs. 0.8745638658838667
list:
dist: 2.1680092976228904 vs. 2.1680092976228904
list:
dist: 2.771435217521852 vs. 2.771435217521852
list:
dist: 2.734020397345644 vs. 2.734020397345644
list:
dist: 1.9677920864367469 vs. 1.9677920864367469
list:
dist: 2.0545055492815734 vs. 2.0545055492815734
list:
dist: 3.6149893115133613 vs. 3.6149893115133613
list:
dist: 1.3732000377105298 vs. 1.3732000377105298
list:
dist: 1.4656070409896622 vs. 1.4656070409896622
list:
dist: 2.453639513927064 vs. 2.453639513927064
list:
dist: 2.2410791113551616 vs. 2.2410791113551616
list:
dist: 3.0098960338655307 vs. 3.0098960338655307
list:
dist: 3.8409485351149035 vs. 3.8409485351149035
list:
dist: 2.6688351362606504 vs. 2.6688351362606504
list:
dist: 2.9033013677617947 vs. 2.9033013677617947
list:
dist: 2.5469634479788197 vs. 2.5469634479788197
list:
dist: 1.109784201047359 vs. 1.109784201047359
list:
dist: 1.2325332901809425 vs. 1.2325332901809425
list:
dist: 1.7590434694808723 vs. 1.7590434694808723
list:
dist: 1.8781430875118494 vs. 1.8781430875118494
list:
dist: 2.5458215079590594 vs. 2.5458215079590594
list:
dist: 2.725371109944344 vs. 2.725371109944344
list:
dist: 0.9021897717676316 vs. 0.9021897717676316
list:
dist: 3.9068256111952353 vs. 3.9068256111952353
list:
dist: 2.9473333653575073 vs. 2.9473333653575073
list:
dist: 3.3198672443299833 vs. 3.3198672443299833
list:
dist: 1.5503227955995915 vs. 1.5503227955995915
list:
dist: 1.4534824835049496 vs. 1.4534824835049496
list:
dist: 1.2423624344468653 vs. 1.2423624344468653
list:
dist: 2.2081060243479262 vs. 2.2081060243479262
list:
dist: 2.923792881003756 vs. 2.923792881003756
list:
dist: 0.9057653577924665 vs. 0.9057653577924665
list:
dist: 1.8925690189681843 vs. 1.8925690189681843
list:
dist: 0.8745638658838667 vs. 0.8745638658838667
list:
dist: 1.5712214809429277 vs. 1.5712214809429277
list:
dist: 2.4807627406412642 vs. 2.4807627406412642
list:
dist: 2.418837093110909 vs. 2.418837093110909
list:
dist: 1.7927230332108959 vs. 1.7927230332108959
list:
dist: 1.6057520005698167 vs. 1.6057520005698167
list:
dist: 3.0823059343817514 vs. 3.0823059343817514
list:
dist: 1.0273403489843234 vs. 1.0273403489843234
list:
dist: 1.2195977217023464 vs. 1.2195977217023464
list:
dist: 1.7328181152463216 vs. 1.7328181152463216
list:
dist: 1.4378426985522026 vs. 1.4378426985522026
list:
dist: 2.260356850273231 vs. 2.260356850273231
list:
dist: 3.1111517539938993 vs. 3.1111517539938993
list:
dist: 1.8837417133591094 vs. 1.8837417133591094
list:
dist: 2.9828712071727237 vs. 2.9828712071727237
list:
dist: 2.706338381051387 vs. 2.706338381051387
list:
dist: 2.386832525059297 vs. 2.386832525059297
list:
dist: 3.0823059343817514 vs. 3.0823059343817514
list:
dist: 3.6149893115133613 vs. 3.6149893115133613
list:
dist: 1.6986291845944106 vs. 1.6986291845944106
list:
dist: 2.208483408984231 vs. 2.208483408984231
list:
dist: 1.6404318206676645 vs. 1.6404318206676645
list:
dist: 1.8877181581379199 vs. 1.8877181581379199
list:
dist: 1.6596569236551917 vs. 1.6596569236551917
list:
dist: 2.899264022483602 vs. 2.899264022483602
list:
dist: 2.7653658391581706 vs. 2.7653658391581706
list:
dist: 2.3830961198752356 vs. 2.3830961198752356
list:
dist: 1.3756208345359782 vs. 1.3756208345359782
list:
dist: 1.3507009059045778 vs. 1.3507009059045778
list:
dist: 1.7092183640475878 vs. 1.7092183640475878
list:
dist: 2.608933498177581 vs. 2.608933498177581
list:
dist: 2.1229304086648235 vs. 2.1229304086648235
list:
dist: 2.074676641629056 vs. 2.074676641629056
list:
dist: 2.5832568767856774 vs. 2.5832568767856774
list:
dist: 1.5024059834787251 vs. 1.5024059834787251
list:
dist: 2.7557901875982362 vs. 2.7557901875982362
list:
dist: 1.2195977217023464 vs. 1.2195977217023464
list:
dist: 1.4656070409896622 vs. 1.4656070409896622
list:
dist: 2.4978288198773 vs. 2.4978288198773
list:
dist: 1.3551538251278092 vs. 1.3551538251278092
list:
dist: 1.362106465043383 vs. 1.362106465043383
list:
dist: 2.1327648083065665 vs. 2.1327648083065665
list:
dist: 1.8837417133591094 vs. 1.8837417133591094
list:
dist: 2.6688351362606504 vs. 2.6688351362606504
list:
dist: 0.855753821123959 vs. 0.855753821123959
list:
dist: 2.417615925208388 vs. 2.417615925208388
list:
dist: 2.10502564714858 vs. 2.10502564714858
list:
dist: 1.9326183380992954 vs. 1.9326183380992954
list:
dist: 1.405154015292374 vs. 1.405154015292374
list:
dist: 3.948124440664265 vs. 3.948124440664265
list:
dist: 1.7092183640475878 vs. 1.7092183640475878
list:
dist: 1.667269887282459 vs. 1.667269887282459
list:
dist: 1.1191933859893353 vs. 1.1191933859893353
list:
dist: 0.7036986843492742 vs. 0.7036986843492742
list:
dist: 1.5013359799780934 vs. 1.5013359799780934
list:
dist: 2.5563421750007005 vs. 2.5563421750007005
list:
dist: 3.0412314504996396 vs. 3.0412314504996396
list:
dist: 2.9479966158857867 vs. 2.9479966158857867
list:
dist: 2.29097948869162 vs. 2.29097948869162
list:
dist: 2.241436506380666 vs. 2.241436506380666
list:
dist: 0.7037256351006895 vs. 0.7037256351006895
list:
dist: 0.6480617255256003 vs. 0.6480617255256003
list:
dist: 1.5602344176711513 vs. 1.5602344176711513
list:
dist: 2.1511893362586125 vs. 2.1511893362586125
list:
dist: 2.1022178837614405 vs. 2.1022178837614405
list:
dist: 2.4960329746341956 vs. 2.4960329746341956
list:
dist: 1.2423624344468653 vs. 1.2423624344468653
list:
dist: 1.0479664812973049 vs. 1.0479664812973049
list:
dist: 2.424930430256746 vs. 2.424930430256746
list:
dist: 2.0790078861244745 vs. 2.0790078861244745
list:
dist: 2.277105019403578 vs. 2.277105019403578
list:
dist: 1.8978485160674017 vs. 1.8978485160674017
list:
dist: 1.8659203253367513 vs. 1.8659203253367513
list:
dist: 1.124591045819815 vs. 1.124591045819815
list:
dist: 2.074676641629056 vs. 2.074676641629056
list:
dist: 1.9842917386526613 vs. 1.9842917386526613
list:
dist: 1.996141657728069 vs. 1.996141657728069
list:
dist: 2.856174143890549 vs. 2.856174143890549
list:
dist: 1.7083498895030433 vs. 1.7083498895030433
list:
dist: 1.5397293827479754 vs. 1.5397293827479754
list:
dist: 1.124591045819815 vs. 1.124591045819815
list:
dist: 2.320030210543444 vs. 2.320030210543444
list:
dist: 3.1244717635827453 vs. 3.1244717635827453
list:
dist: 1.810939621662656 vs. 1.810939621662656
list:
dist: 2.8836607061219297 vs. 2.8836607061219297
list:
dist: 1.0273403489843234 vs. 1.0273403489843234
list:
dist: 1.3732000377105298 vs. 1.3732000377105298
list:
dist: 2.432281551801441 vs. 2.432281551801441
list:
dist: 2.630149585112146 vs. 2.630149585112146
list:
dist: 2.8208238515955166 vs. 2.8208238515955166
list:
dist: 2.4980345985889927 vs. 2.4980345985889927
list:
dist: 2.2076143295629658 vs. 2.2076143295629658
list:
dist: 1.3551538251278092 vs. 1.3551538251278092
list:
dist: 1.5296875537230559 vs. 1.5296875537230559
list:
dist: 1.5949774911996675 vs. 1.5949774911996675
list:
dist: 2.7022878136413926 vs. 2.7022878136413926
list:
dist: 3.998316378756773 vs. 3.998316378756773
list:
dist: 2.6815718974631158 vs. 2.6815718974631158
list:
dist: 2.7232987356684393 vs. 2.7232987356684393
list:
dist: 1.7590434694808723 vs. 1.7590434694808723
list:
dist: 2.417225138709538 vs. 2.417225138709538
list:
dist: 1.5484506480284497 vs. 1.5484506480284497
list:
dist: 2.5336081603590155 vs. 2.5336081603590155
list:
dist: 2.0790078861244745 vs. 2.0790078861244745
list:
dist: 3.3369088252782695 vs. 3.3369088252782695
list:
dist: 1.3311753468875651 vs. 1.3311753468875651
list:
dist: 2.8204270893484105 vs. 2.8204270893484105
list:
dist: 2.7698432922031353 vs. 2.7698432922031353
list:
dist: 2.4807627406412642 vs. 2.4807627406412642
list:
dist: 2.771435217521852 vs. 2.771435217521852
list:
dist: 2.316065698951998 vs. 2.316065698951998
list:
dist: 0.6711530790011141 vs. 0.6711530790011141
list:
dist: 1.5087792401204811 vs. 1.5087792401204811
list:
dist: 1.2880091388431103 vs. 1.2880091388431103
list:
dist: 1.9009429440101053 vs. 1.9009429440101053
list:
dist: 2.208483408984231 vs. 2.208483408984231
list:
dist: 2.630149585112146 vs. 2.630149585112146
list:
dist: 1.9226576313572297 vs. 1.9226576313572297
list:
dist: 1.9550259789621378 vs. 1.9550259789621378
list:
dist: 2.011499330320614 vs. 2.011499330320614
list:
dist: 2.2842835033835613 vs. 2.2842835033835613
list:
dist: 2.417615925208388 vs. 2.417615925208388
list:
dist: 2.047682987391595 vs. 2.047682987391595
list:
dist: 2.5208610212640483 vs. 2.5208610212640483
list:
dist: 1.996141657728069 vs. 1.996141657728069
list:
dist: 3.4224066441306733 vs. 3.4224066441306733
list:
dist: 2.9987262952891505 vs. 2.9987262952891505
list:
dist: 1.5097611089780982 vs. 1.5097611089780982
list:
dist: 2.545197827036481 vs. 2.545197827036481
list:
dist: 1.4378426985522026 vs. 1.4378426985522026
list:
dist: 2.2410791113551616 vs. 2.2410791113551616
list:
dist: 1.4927409962259999 vs. 1.4927409962259999
list:
dist: 1.9550259789621378 vs. 1.9550259789621378
list:
dist: 1.9654875413835609 vs. 1.9654875413835609
list:
dist: 1.9670105532348974 vs. 1.9670105532348974
list:
dist: 1.3519866580681936 vs. 1.3519866580681936
list:
dist: 3.753631539656883 vs. 3.753631539656883
list:
dist: 2.3830961198752356 vs. 2.3830961198752356
list:
dist: 1.5949774911996675 vs. 1.5949774911996675
list:
dist: 0.5839193723389765 vs. 0.5839193723389765
list:
dist: 1.1526318205916886 vs. 1.1526318205916886
list:
dist: 1.8819425521097122 vs. 1.8819425521097122
list:
dist: 1.1191933859893353 vs. 1.1191933859893353
list:
dist: 2.6584756543632384 vs. 2.6584756543632384
list:
dist: 3.3119103637467373 vs. 3.3119103637467373
list:
dist: 2.856174143890549 vs. 2.856174143890549
list:
dist: 4.175899175160886 vs. 4.175899175160886
list:
dist: 3.1600335012876384 vs. 3.1600335012876384
list:
dist: 1.9499087923315954 vs. 1.9499087923315954
list:
dist: 2.4931154351420135 vs. 2.4931154351420135
list:
dist: 2.260356850273231 vs. 2.260356850273231
list:
dist: 3.0098960338655307 vs. 3.0098960338655307
list:
dist: 1.2898532651977108 vs. 1.2898532651977108
list:
dist: 2.011499330320614 vs. 2.011499330320614
list:
dist: 1.742305252290954 vs. 1.742305252290954
list:
dist: 1.939900741149101 vs. 1.939900741149101
list:
dist: 1.3353716471728458 vs. 1.3353716471728458
list:
dist: 3.40795960805311 vs. 3.40795960805311
list:
dist: 1.3756208345359782 vs. 1.3756208345359782
list:
dist: 2.7022878136413926 vs. 2.7022878136413926
list:
dist: 1.5451129167796664 vs. 1.5451129167796664
list:
dist: 1.1526318205916886 vs. 1.1526318205916886
list:
dist: 0.871518425255063 vs. 0.871518425255063
list:
dist: 0.7036986843492742 vs. 0.7036986843492742
700
rk
<OccurredElementalReaction>
	 elmtlRkId: 4
	 p(id,type,coords) 123 5 14.903955421950883 -6.076246352378698 9.720303313833119
</OccurredElementalReaction>
800
Neighbor List consistency Check...
--------
nle(id0,id1,dist): 5 6 1.9204879596089413
list:
dist: 1.9204879596089413 vs. 1.9204879596089413
--------
nle(id0,id1,dist): 5 21 2.3334607596507353
list:
dist: 2.3334607596507353 vs. 2.3334607596507353
--------
nle(id0,id1,dist): 5 22 2.843266700289013
list:
dist: 2.843266700289013 vs. 2.843266700289013
--------
nle(id0,id1,dist): 5 13 1.3530280802448054
list:
dist: 1.3530280802448054 vs. 1.3530280802448054
--------
nle(id0,id1,dist): 5 12 3.8680084559142554
list:
dist: 3.8680084559142554 vs. 3.8680084559142554
--------
nle(id0,id1,dist): 5 15 1.8696608344382437
list:
dist: 1.8696608344382437 vs. 1.8696608344382437
--------
nle(id0,id1,dist): 5 9 1.8530762058802475
list:
dist: 1.8530762058802475 vs. 1.8530762058802475
--------
nle(id0,id1,dist): 5 8 1.2302602072333217
list:
dist: 1.2302602072333217 vs. 1.2302602072333217
--------
nle(id0,id1,dist): 5 10 1.6724348931729804
list:
dist: 1.6724348931729804 vs. 1.6724348931729804
--------
nle(id0,id1,dist): 4 10 2.0462857600688285
list:
dist: 2.0462857600688285 vs. 2.0462857600688285
--------
nle(id0,id1,dist): 4 5 2.761822521230339
list:
dist: 2.761822521230339 vs. 2.761822521230339
--------
nle(id0,id1,dist): 4 6 2.3271073778278915
list:
dist: 2.3271073778278915 vs. 2.3271073778278915
--------
nle(id0,id1,dist): 4 26 1.8375162147353894
list:
dist: 1.8375162147353894 vs. 1.8375162147353894
--------
nle(id0,id1,dist): 4 19 2.4144950009625057
list:
dist: 2.4144950009625057 vs. 2.4144950009625057
--------
nle(id0,id1,dist): 4 15 0.9063809762012468
list:
dist: 0.9063809762012468 vs. 0.9063809762012468
--------
nle(id0,id1,dist): 4 13 1.6706908051210378
list:
dist: 1.6706908051210378 vs. 1.6706908051210378
--------
nle(id0,id1,dist): 6 28 4.008819850502531
list:
dist: 4.008819850502531 vs. 4.008819850502531
--------
nle(id0,id1,dist): 6 21 3.5617108806813746
list:
dist: 3.5617108806813746 vs. 3.5617108806813746
--------
nle(id0,id1,dist): 6 22 4.33724856645682
list:
dist: 4.33724856645682 vs. 4.33724856645682
--------
nle(id0,id1,dist): 6 24 3.586482405621419
list:
dist: 3.586482405621419 vs. 3.586482405621419
--------
nle(id0,id1,dist): 6 25 3.524198739906031
list:
dist: 3.524198739906031 vs. 3.524198739906031
--------
nle(id0,id1,dist): 5 24 2.187122457332075
list:
dist: 2.187122457332075 vs. 2.187122457332075
--------
nle(id0,id1,dist): 5 25 2.33393194909667
list:
dist: 2.33393194909667 vs. 2.33393194909667
--------
nle(id0,id1,dist): 5 28 2.688341048754635
list:
dist: 2.688341048754635 vs. 2.688341048754635
--------
nle(id0,id1,dist): 6 13 1.7989329280276896
list:
dist: 1.7989329280276896 vs. 1.7989329280276896
--------
nle(id0,id1,dist): 6 12 4.923816241876254
list:
dist: 4.923816241876254 vs. 4.923816241876254
--------
nle(id0,id1,dist): 6 15 1.9019551562805994
list:
dist: 1.9019551562805994 vs. 1.9019551562805994
--------
nle(id0,id1,dist): 6 10 2.826035032011432
list:
dist: 2.826035032011432 vs. 2.826035032011432
--------
nle(id0,id1,dist): 6 9 2.644122614095005
list:
dist: 2.644122614095005 vs. 2.644122614095005
--------
nle(id0,id1,dist): 6 8 2.8973265354559663
list:
dist: 2.8973265354559663 vs. 2.8973265354559663
--------
nle(id0,id1,dist): 8 13 1.8261524059965262
list:
dist: 1.8261524059965262 vs. 1.8261524059965262
--------
nle(id0,id1,dist): 8 15 2.593011245784865
list:
dist: 2.593011245784865 vs. 2.593011245784865
--------
nle(id0,id1,dist): 8 10 1.8877569955671505
list:
dist: 1.8877569955671505 vs. 1.8877569955671505
--------
nle(id0,id1,dist): 8 9 2.2012646695270517
list:
dist: 2.2012646695270517 vs. 2.2012646695270517
--------
nle(id0,id1,dist): 8 12 3.75624078429112
list:
dist: 3.75624078429112 vs. 3.75624078429112
--------
nle(id0,id1,dist): 8 22 2.254770728221808
list:
dist: 2.254770728221808 vs. 2.254770728221808
--------
nle(id0,id1,dist): 8 21 1.6253910336831847
list:
dist: 1.6253910336831847 vs. 1.6253910336831847
--------
nle(id0,id1,dist): 8 24 1.8679809598089352
list:
dist: 1.8679809598089352 vs. 1.8679809598089352
--------
nle(id0,id1,dist): 8 23 2.052311868628854
list:
dist: 2.052311868628854 vs. 2.052311868628854
--------
nle(id0,id1,dist): 8 18 2.7894529641490524
list:
dist: 2.7894529641490524 vs. 2.7894529641490524
--------
nle(id0,id1,dist): 8 20 2.2161538084992856
list:
dist: 2.2161538084992856 vs. 2.2161538084992856
--------
nle(id0,id1,dist): 8 29 1.9072345446358085
list:
dist: 1.9072345446358085 vs. 1.9072345446358085
--------
nle(id0,id1,dist): 8 25 2.227364997748355
list:
dist: 2.227364997748355 vs. 2.227364997748355
--------
nle(id0,id1,dist): 8 28 2.224373392417165
list:
dist: 2.224373392417165 vs. 2.224373392417165
--------
nle(id0,id1,dist): 10 13 1.228707712019466
list:
dist: 1.228707712019466 vs. 1.228707712019466
--------
nle(id0,id1,dist): 10 15 1.327625803754891
list:
dist: 1.327625803754891 vs. 1.327625803754891
--------
nle(id0,id1,dist): 10 16 1.5956347731784857
list:
dist: 1.5956347731784857 vs. 1.5956347731784857
--------
nle(id0,id1,dist): 10 17 2.5436356228101125
list:
dist: 2.5436356228101125 vs. 2.5436356228101125
--------
nle(id0,id1,dist): 10 19 1.9569007094497213
list:
dist: 1.9569007094497213 vs. 1.9569007094497213
--------
nle(id0,id1,dist): 10 21 1.577155447672719
list:
dist: 1.577155447672719 vs. 1.577155447672719
--------
nle(id0,id1,dist): 10 22 1.6742869863925782
list:
dist: 1.6742869863925782 vs. 1.6742869863925782
--------
nle(id0,id1,dist): 10 24 0.8914556901711593
list:
dist: 0.8914556901711593 vs. 0.8914556901711593
--------
nle(id0,id1,dist): 10 25 0.7478193717195513
list:
dist: 0.7478193717195513 vs. 0.7478193717195513
--------
nle(id0,id1,dist): 10 26 1.1856132352396214
list:
dist: 1.1856132352396214 vs. 1.1856132352396214
--------
nle(id0,id1,dist): 10 27 2.658082396558687
list:
dist: 2.658082396558687 vs. 2.658082396558687
--------
nle(id0,id1,dist): 10 28 1.3592085204418496
list:
dist: 1.3592085204418496 vs. 1.3592085204418496
--------
nle(id0,id1,dist): 9 12 2.2884611762967113
list:
dist: 2.2884611762967113 vs. 2.2884611762967113
--------
nle(id0,id1,dist): 13 26 1.7200709172686655
list:
dist: 1.7200709172686655 vs. 1.7200709172686655
--------
nle(id0,id1,dist): 13 27 3.5912458345150964
list:
dist: 3.5912458345150964 vs. 3.5912458345150964
--------
nle(id0,id1,dist): 13 24 1.8785057135507188
list:
dist: 1.8785057135507188 vs. 1.8785057135507188
--------
nle(id0,id1,dist): 13 25 1.812910300044121
list:
dist: 1.812910300044121 vs. 1.812910300044121
--------
nle(id0,id1,dist): 13 28 2.239180676939141
list:
dist: 2.239180676939141 vs. 2.239180676939141
--------
nle(id0,id1,dist): 13 19 2.2138406614828265
list:
dist: 2.2138406614828265 vs. 2.2138406614828265
--------
nle(id0,id1,dist): 13 16 1.9135514382086947
list:
dist: 1.9135514382086947 vs. 1.9135514382086947
--------
nle(id0,id1,dist): 13 17 3.0992865687133
list:
dist: 3.0992865687133 vs. 3.0992865687133
--------
nle(id0,id1,dist): 13 22 2.6132868008385244
list:
dist: 2.6132868008385244 vs. 2.6132868008385244
--------
nle(id0,id1,dist): 13 21 1.85571514046775
list:
dist: 1.85571514046775 vs. 1.85571514046775
--------
nle(id0,id1,dist): 13 15 0.9021394130049584
list:
dist: 0.9021394130049584 vs. 0.9021394130049584
--------
nle(id0,id1,dist): 15 28 2.522812897122077
list:
dist: 2.522812897122077 vs. 2.522812897122077
--------
nle(id0,id1,dist): 15 26 1.6211794764224918
list:
dist: 1.6211794764224918 vs. 1.6211794764224918
--------
nle(id0,id1,dist): 15 27 3.510989932209627
list:
dist: 3.510989932209627 vs. 3.510989932209627
--------
nle(id0,id1,dist): 15 24 2.1625008542093838
list:
dist: 2.1625008542093838 vs. 2.1625008542093838
--------
nle(id0,id1,dist): 15 25 1.9054474569990374
list:
dist: 1.9054474569990374 vs. 1.9054474569990374
--------
nle(id0,id1,dist): 15 22 2.9321992245069732
list:
dist: 2.9321992245069732 vs. 2.9321992245069732
--------
nle(id0,id1,dist): 15 21 2.4688063780176255
list:
dist: 2.4688063780176255 vs. 2.4688063780176255
--------
nle(id0,id1,dist): 15 19 2.325304950306982
list:
dist: 2.325304950306982 vs. 2.325304950306982
--------
nle(id0,id1,dist): 15 17 3.6097986015079533
list:
dist: 3.6097986015079533 vs. 3.6097986015079533
--------
nle(id0,id1,dist): 15 16 2.1684197495598094
list:
dist: 2.1684197495598094 vs. 2.1684197495598094
--------
nle(id0,id1,dist): 17 18 1.6101784456081802
list:
dist: 1.6101784456081802 vs. 1.6101784456081802
--------
nle(id0,id1,dist): 17 19 2.1312465857979874
list:
dist: 2.1312465857979874 vs. 2.1312465857979874
--------
nle(id0,id1,dist): 17 22 1.1981123639222426
list:
dist: 1.1981123639222426 vs. 1.1981123639222426
--------
nle(id0,id1,dist): 17 23 0.9618307380198778
list:
dist: 0.9618307380198778 vs. 0.9618307380198778
--------
nle(id0,id1,dist): 17 20 2.130167366284449
list:
dist: 2.130167366284449 vs. 2.130167366284449
--------
nle(id0,id1,dist): 17 21 1.2649608320892567
list:
dist: 1.2649608320892567 vs. 1.2649608320892567
--------
nle(id0,id1,dist): 17 26 2.4262774326110543
list:
dist: 2.4262774326110543 vs. 2.4262774326110543
--------
nle(id0,id1,dist): 17 27 2.348945112718232
list:
dist: 2.348945112718232 vs. 2.348945112718232
--------
nle(id0,id1,dist): 17 24 1.7309507837784541
list:
dist: 1.7309507837784541 vs. 1.7309507837784541
--------
nle(id0,id1,dist): 17 25 2.0310241537299425
list:
dist: 2.0310241537299425 vs. 2.0310241537299425
--------
nle(id0,id1,dist): 16 17 1.7845478693099202
list:
dist: 1.7845478693099202 vs. 1.7845478693099202
--------
nle(id0,id1,dist): 16 18 3.2232340239788955
list:
dist: 3.2232340239788955 vs. 3.2232340239788955
--------
nle(id0,id1,dist): 16 19 0.5167084882573065
list:
dist: 0.5167084882573065 vs. 0.5167084882573065
--------
nle(id0,id1,dist): 16 20 2.8709288113351863
list:
dist: 2.8709288113351863 vs. 2.8709288113351863
--------
nle(id0,id1,dist): 16 21 1.14243772424602
list:
dist: 1.14243772424602 vs. 1.14243772424602
--------
nle(id0,id1,dist): 16 22 1.6304238186140867
list:
dist: 1.6304238186140867 vs. 1.6304238186140867
--------
nle(id0,id1,dist): 16 23 2.2744542111387696
list:
dist: 2.2744542111387696 vs. 2.2744542111387696
--------
nle(id0,id1,dist): 16 24 1.362007536025883
list:
dist: 1.362007536025883 vs. 1.362007536025883
--------
nle(id0,id1,dist): 16 25 1.2207499186549744
list:
dist: 1.2207499186549744 vs. 1.2207499186549744
--------
nle(id0,id1,dist): 16 26 0.8564901524309478
list:
dist: 0.8564901524309478 vs. 0.8564901524309478
--------
nle(id0,id1,dist): 16 27 2.017575351460099
list:
dist: 2.017575351460099 vs. 2.017575351460099
--------
nle(id0,id1,dist): 16 28 1.1417843123799065
list:
dist: 1.1417843123799065 vs. 1.1417843123799065
--------
nle(id0,id1,dist): 16 29 2.8167961394664944
list:
dist: 2.8167961394664944 vs. 2.8167961394664944
--------
nle(id0,id1,dist): 1 3 3.250494779844274
list:
dist: 3.250494779844274 vs. 3.250494779844274
--------
nle(id0,id1,dist): 1 4 3.066109697726286
list:
dist: 3.066109697726286 vs. 3.066109697726286
--------
nle(id0,id1,dist): 1 5 3.6759707654316673
list:
dist: 3.6759707654316673 vs. 3.6759707654316673
--------
nle(id0,id1,dist): 1 6 1.9064562818672617
list:
dist: 1.9064562818672617 vs. 1.9064562818672617
--------
nle(id0,id1,dist): 1 10 4.326256725979992
list:
dist: 4.326256725979992 vs. 4.326256725979992
--------
nle(id0,id1,dist): 2 5 1.5109938186708416
list:
dist: 1.5109938186708416 vs. 1.5109938186708416
--------
nle(id0,id1,dist): 2 6 3.3265525264459406
list:
dist: 3.3265525264459406 vs. 3.3265525264459406
--------
nle(id0,id1,dist): 2 3 1.7489548495908274
list:
dist: 1.7489548495908274 vs. 1.7489548495908274
--------
nle(id0,id1,dist): 1 15 3.1302288558836255
list:
dist: 3.1302288558836255 vs. 3.1302288558836255
--------
nle(id0,id1,dist): 1 13 3.45628724880495
list:
dist: 3.45628724880495 vs. 3.45628724880495
--------
nle(id0,id1,dist): 2 28 2.8683964796693466
list:
dist: 2.8683964796693466 vs. 2.8683964796693466
--------
nle(id0,id1,dist): 2 29 2.4681767521642404
list:
dist: 2.4681767521642404 vs. 2.4681767521642404
--------
nle(id0,id1,dist): 2 23 2.798464525470162
list:
dist: 2.798464525470162 vs. 2.798464525470162
--------
nle(id0,id1,dist): 2 24 2.373655501637662
list:
dist: 2.373655501637662 vs. 2.373655501637662
--------
nle(id0,id1,dist): 2 25 2.6453163467114544
list:
dist: 2.6453163467114544 vs. 2.6453163467114544
--------
nle(id0,id1,dist): 2 12 3.3907323570118715
list:
dist: 3.3907323570118715 vs. 3.3907323570118715
--------
nle(id0,id1,dist): 2 13 2.644204208329296
list:
dist: 2.644204208329296 vs. 2.644204208329296
--------
nle(id0,id1,dist): 2 8 1.6789531592949511
list:
dist: 1.6789531592949511 vs. 1.6789531592949511
--------
nle(id0,id1,dist): 2 10 2.2252166143548213
list:
dist: 2.2252166143548213 vs. 2.2252166143548213
--------
nle(id0,id1,dist): 2 9 2.2302251333640024
list:
dist: 2.2302251333640024 vs. 2.2302251333640024
--------
nle(id0,id1,dist): 2 20 2.0399734874214586
list:
dist: 2.0399734874214586 vs. 2.0399734874214586
--------
nle(id0,id1,dist): 2 22 2.7635938717064166
list:
dist: 2.7635938717064166 vs. 2.7635938717064166
--------
nle(id0,id1,dist): 2 21 2.8491578469838252
list:
dist: 2.8491578469838252 vs. 2.8491578469838252
--------
nle(id0,id1,dist): 2 15 2.9912264319636837
list:
dist: 2.9912264319636837 vs. 2.9912264319636837
--------
nle(id0,id1,dist): 2 18 3.32851216237586
list:
dist: 3.32851216237586 vs. 3.32851216237586
--------
nle(id0,id1,dist): 3 24 3.0393931519745054
list:
dist: 3.0393931519745054 vs. 3.0393931519745054
--------
nle(id0,id1,dist): 3 25 3.141626749031689
list:
dist: 3.141626749031689 vs. 3.141626749031689
--------
nle(id0,id1,dist): 3 22 3.7024009224193875
list:
dist: 3.7024009224193875 vs. 3.7024009224193875
--------
nle(id0,id1,dist): 3 21 3.259484273637037
list:
dist: 3.259484273637037 vs. 3.259484273637037
--------
nle(id0,id1,dist): 3 28 3.5640792803864323
list:
dist: 3.5640792803864323 vs. 3.5640792803864323
--------
nle(id0,id1,dist): 3 9 1.485052271852986
list:
dist: 1.485052271852986 vs. 1.485052271852986
--------
nle(id0,id1,dist): 3 8 2.0282406148854712
list:
dist: 2.0282406148854712 vs. 2.0282406148854712
--------
nle(id0,id1,dist): 3 6 1.7459358109862342
list:
dist: 1.7459358109862342 vs. 1.7459358109862342
--------
nle(id0,id1,dist): 3 5 0.9262698621315313
list:
dist: 0.9262698621315313 vs. 0.9262698621315313
--------
nle(id0,id1,dist): 3 4 3.135022305695656
list:
dist: 3.135022305695656 vs. 3.135022305695656
--------
nle(id0,id1,dist): 3 15 2.3261916287751703
list:
dist: 2.3261916287751703 vs. 2.3261916287751703
--------
nle(id0,id1,dist): 3 13 2.038766137358291
list:
dist: 2.038766137358291 vs. 2.038766137358291
--------
nle(id0,id1,dist): 3 12 3.5673862408292236
list:
dist: 3.5673862408292236 vs. 3.5673862408292236
--------
nle(id0,id1,dist): 3 10 2.4343401359075405
list:
dist: 2.4343401359075405 vs. 2.4343401359075405
--------
nle(id0,id1,dist): 37 55 3.3517621147502004
list:
dist: 3.3517621147502004 vs. 3.3517621147502004
--------
nle(id0,id1,dist): 37 41 1.910290953169761
list:
dist: 1.910290953169761 vs. 1.910290953169761
--------
nle(id0,id1,dist): 37 44 1.3839324230858105
list:
dist: 1.3839324230858105 vs. 1.3839324230858105
--------
nle(id0,id1,dist): 37 45 2.6420600830471455
list:
dist: 2.6420600830471455 vs. 2.6420600830471455
--------
nle(id0,id1,dist): 37 46 2.761371328221833
list:
dist: 2.761371328221833 vs. 2.761371328221833
--------
nle(id0,id1,dist): 37 39 3.0546444489443245
list:
dist: 3.0546444489443245 vs. 3.0546444489443245
--------
nle(id0,id1,dist): 36 55 3.185288574066976
list:
dist: 3.185288574066976 vs. 3.185288574066976
--------
nle(id0,id1,dist): 36 57 2.4578213992087323
list:
dist: 2.4578213992087323 vs. 2.4578213992087323
--------
nle(id0,id1,dist): 36 45 2.388771403951986
list:
dist: 2.388771403951986 vs. 2.388771403951986
--------
nle(id0,id1,dist): 36 46 1.7513547068665083
list:
dist: 1.7513547068665083 vs. 1.7513547068665083
--------
nle(id0,id1,dist): 36 39 2.1458570040443834
list:
dist: 2.1458570040443834 vs. 2.1458570040443834
--------
nle(id0,id1,dist): 36 37 1.4514028638635685
list:
dist: 1.4514028638635685 vs. 1.4514028638635685
--------
nle(id0,id1,dist): 36 44 1.5460004246308081
list:
dist: 1.5460004246308081 vs. 1.5460004246308081
--------
nle(id0,id1,dist): 36 41 1.9581022516504345
list:
dist: 1.9581022516504345 vs. 1.9581022516504345
--------
nle(id0,id1,dist): 35 55 3.7042540241153086
list:
dist: 3.7042540241153086 vs. 3.7042540241153086
--------
nle(id0,id1,dist): 35 57 3.627338699838258
list:
dist: 3.627338699838258 vs. 3.627338699838258
--------
nle(id0,id1,dist): 35 45 1.8303027608411824
list:
dist: 1.8303027608411824 vs. 1.8303027608411824
--------
nle(id0,id1,dist): 35 44 1.3106767383521933
list:
dist: 1.3106767383521933 vs. 1.3106767383521933
--------
nle(id0,id1,dist): 35 39 4.087642325672147
list:
dist: 4.087642325672147 vs. 4.087642325672147
--------
nle(id0,id1,dist): 35 41 1.1048973841491971
list:
dist: 1.1048973841491971 vs. 1.1048973841491971
--------
nle(id0,id1,dist): 35 37 2.211830671748609
list:
dist: 2.211830671748609 vs. 2.211830671748609
--------
nle(id0,id1,dist): 35 36 2.8415221987475285
list:
dist: 2.8415221987475285 vs. 2.8415221987475285
--------
nle(id0,id1,dist): 34 55 2.793636581165694
list:
dist: 2.793636581165694 vs. 2.793636581165694
--------
nle(id0,id1,dist): 34 56 1.8917221592320685
list:
dist: 1.8917221592320685 vs. 1.8917221592320685
--------
nle(id0,id1,dist): 34 51 2.4040345775156147
list:
dist: 2.4040345775156147 vs. 2.4040345775156147
--------
nle(id0,id1,dist): 34 49 2.990868399910727
list:
dist: 2.990868399910727 vs. 2.990868399910727
--------
nle(id0,id1,dist): 34 48 2.2689943128189514
list:
dist: 2.2689943128189514 vs. 2.2689943128189514
--------
nle(id0,id1,dist): 34 47 2.835326029012703
list:
dist: 2.835326029012703 vs. 2.835326029012703
--------
nle(id0,id1,dist): 34 45 3.0448811705027325
list:
dist: 3.0448811705027325 vs. 3.0448811705027325
--------
nle(id0,id1,dist): 34 40 2.0027117511329036
list:
dist: 2.0027117511329036 vs. 2.0027117511329036
--------
nle(id0,id1,dist): 33 60 1.6794930277578
list:
dist: 1.6794930277578 vs. 1.6794930277578
--------
nle(id0,id1,dist): 33 62 1.2111577533290951
list:
dist: 1.2111577533290951 vs. 1.2111577533290951
--------
nle(id0,id1,dist): 33 65 0.9912528234192716
list:
dist: 0.9912528234192716 vs. 0.9912528234192716
--------
nle(id0,id1,dist): 33 64 1.757982758920988
list:
dist: 1.757982758920988 vs. 1.757982758920988
--------
nle(id0,id1,dist): 33 69 2.4303155803675183
list:
dist: 2.4303155803675183 vs. 2.4303155803675183
--------
nle(id0,id1,dist): 33 70 1.7826808623014707
list:
dist: 1.7826808623014707 vs. 1.7826808623014707
--------
nle(id0,id1,dist): 33 73 1.2990817078605519
list:
dist: 1.2990817078605519 vs. 1.2990817078605519
--------
nle(id0,id1,dist): 33 72 2.927495369323119
list:
dist: 2.927495369323119 vs. 2.927495369323119
--------
nle(id0,id1,dist): 34 35 4.081507776073163
list:
dist: 4.081507776073163 vs. 4.081507776073163
--------
nle(id0,id1,dist): 32 55 2.3116089165882783
list:
dist: 2.3116089165882783 vs. 2.3116089165882783
--------
nle(id0,id1,dist): 32 57 2.577238799572432
list:
dist: 2.577238799572432 vs. 2.577238799572432
--------
nle(id0,id1,dist): 32 37 2.692687760109265
list:
dist: 2.692687760109265 vs. 2.692687760109265
--------
nle(id0,id1,dist): 32 39 3.3764680368395514
list:
dist: 3.3764680368395514 vs. 3.3764680368395514
--------
nle(id0,id1,dist): 32 34 2.5891199723910883
list:
dist: 2.5891199723910883 vs. 2.5891199723910883
--------
nle(id0,id1,dist): 32 36 3.1189921855878797
list:
dist: 3.1189921855878797 vs. 3.1189921855878797
--------
nle(id0,id1,dist): 32 35 1.6944766409164167
list:
dist: 1.6944766409164167 vs. 1.6944766409164167
--------
nle(id0,id1,dist): 32 45 1.4607841062983489
list:
dist: 1.4607841062983489 vs. 1.4607841062983489
--------
nle(id0,id1,dist): 32 41 1.927858634069194
list:
dist: 1.927858634069194 vs. 1.927858634069194
--------
nle(id0,id1,dist): 32 44 2.0591342475382746
list:
dist: 2.0591342475382746 vs. 2.0591342475382746
--------
nle(id0,id1,dist): 31 59 4.559978166158109
list:
dist: 4.559978166158109 vs. 4.559978166158109
--------
nle(id0,id1,dist): 31 54 3.1912028646414825
list:
dist: 3.1912028646414825 vs. 3.1912028646414825
--------
nle(id0,id1,dist): 31 55 2.0282786853562484
list:
dist: 2.0282786853562484 vs. 2.0282786853562484
--------
nle(id0,id1,dist): 31 56 3.56331458175691
list:
dist: 3.56331458175691 vs. 3.56331458175691
--------
nle(id0,id1,dist): 31 57 2.4460600516303312
list:
dist: 2.4460600516303312 vs. 2.4460600516303312
--------
nle(id0,id1,dist): 31 45 1.607712896073108
list:
dist: 1.607712896073108 vs. 1.607712896073108
--------
nle(id0,id1,dist): 31 44 2.465267510242133
list:
dist: 2.465267510242133 vs. 2.465267510242133
--------
nle(id0,id1,dist): 31 42 3.974480116490605
list:
dist: 3.974480116490605 vs. 3.974480116490605
--------
nle(id0,id1,dist): 31 41 2.324507397173926
list:
dist: 2.324507397173926 vs. 2.324507397173926
--------
nle(id0,id1,dist): 31 40 2.8557497949515964
list:
dist: 2.8557497949515964 vs. 2.8557497949515964
--------
nle(id0,id1,dist): 31 39 3.3149774610890965
list:
dist: 3.3149774610890965 vs. 3.3149774610890965
--------
nle(id0,id1,dist): 31 51 3.2299753128697986
list:
dist: 3.2299753128697986 vs. 3.2299753128697986
--------
nle(id0,id1,dist): 31 50 2.7892979742537736
list:
dist: 2.7892979742537736 vs. 2.7892979742537736
--------
nle(id0,id1,dist): 31 49 3.0132582688642233
list:
dist: 3.0132582688642233 vs. 3.0132582688642233
--------
nle(id0,id1,dist): 31 48 3.366628406452073
list:
dist: 3.366628406452073 vs. 3.366628406452073
--------
nle(id0,id1,dist): 31 47 2.7482202435429155
list:
dist: 2.7482202435429155 vs. 2.7482202435429155
--------
nle(id0,id1,dist): 31 36 3.3807597810909296
list:
dist: 3.3807597810909296 vs. 3.3807597810909296
--------
nle(id0,id1,dist): 31 37 3.0742997394815568
list:
dist: 3.0742997394815568 vs. 3.0742997394815568
--------
nle(id0,id1,dist): 31 34 2.1165322035654257
list:
dist: 2.1165322035654257 vs. 2.1165322035654257
--------
nle(id0,id1,dist): 31 35 2.187970535169939
list:
dist: 2.187970535169939 vs. 2.187970535169939
--------
nle(id0,id1,dist): 31 32 0.5120748592804371
list:
dist: 0.5120748592804371 vs. 0.5120748592804371
--------
nle(id0,id1,dist): 43 68 3.694090831508331
list:
dist: 3.694090831508331 vs. 3.694090831508331
--------
nle(id0,id1,dist): 44 45 1.5156313487512116
list:
dist: 1.5156313487512116 vs. 1.5156313487512116
--------
nle(id0,id1,dist): 44 46 3.0215388821156597
list:
dist: 3.0215388821156597 vs. 3.0215388821156597
--------
nle(id0,id1,dist): 43 74 3.88803614066812
list:
dist: 3.88803614066812 vs. 3.88803614066812
--------
nle(id0,id1,dist): 43 53 4.042783639081767
list:
dist: 4.042783639081767 vs. 4.042783639081767
--------
nle(id0,id1,dist): 42 46 3.3244777335431683
list:
dist: 3.3244777335431683 vs. 3.3244777335431683
--------
nle(id0,id1,dist): 42 59 1.4227225643103827
list:
dist: 1.4227225643103827 vs. 1.4227225643103827
--------
nle(id0,id1,dist): 42 57 2.3213981298448743
list:
dist: 2.3213981298448743 vs. 2.3213981298448743
--------
nle(id0,id1,dist): 42 58 1.8155274956955716
list:
dist: 1.8155274956955716 vs. 1.8155274956955716
--------
nle(id0,id1,dist): 42 55 2.105925470005813
list:
dist: 2.105925470005813 vs. 2.105925470005813
--------
nle(id0,id1,dist): 42 54 1.9162513197818933
list:
dist: 1.9162513197818933 vs. 1.9162513197818933
--------
nle(id0,id1,dist): 42 52 1.8824179488296522
list:
dist: 1.8824179488296522 vs. 1.8824179488296522
--------
nle(id0,id1,dist): 42 49 1.8276137669204826
list:
dist: 1.8276137669204826 vs. 1.8276137669204826
--------
nle(id0,id1,dist): 42 50 1.7627769600417196
list:
dist: 1.7627769600417196 vs. 1.7627769600417196
--------
nle(id0,id1,dist): 42 47 1.236201609315851
list:
dist: 1.236201609315851 vs. 1.236201609315851
--------
nle(id0,id1,dist): 42 48 2.0541774280093863
list:
dist: 2.0541774280093863 vs. 2.0541774280093863
--------
nle(id0,id1,dist): 41 45 1.2201246166332358
list:
dist: 1.2201246166332358 vs. 1.2201246166332358
--------
nle(id0,id1,dist): 41 44 0.538169907666581
list:
dist: 0.538169907666581 vs. 0.538169907666581
--------
nle(id0,id1,dist): 41 46 3.344721664106578
list:
dist: 3.344721664106578 vs. 3.344721664106578
--------
nle(id0,id1,dist): 41 57 3.0575326094573962
list:
dist: 3.0575326094573962 vs. 3.0575326094573962
--------
nle(id0,id1,dist): 41 55 3.3348934536895616
list:
dist: 3.3348934536895616 vs. 3.3348934536895616
--------
nle(id0,id1,dist): 40 42 2.2219580872719553
list:
dist: 2.2219580872719553 vs. 2.2219580872719553
--------
nle(id0,id1,dist): 40 47 1.6993787782586196
list:
dist: 1.6993787782586196 vs. 1.6993787782586196
--------
nle(id0,id1,dist): 40 48 0.6311454661888137
list:
dist: 0.6311454661888137 vs. 0.6311454661888137
--------
nle(id0,id1,dist): 40 51 1.3009317990565767
list:
dist: 1.3009317990565767 vs. 1.3009317990565767
--------
nle(id0,id1,dist): 40 52 2.1370350090882164
list:
dist: 2.1370350090882164 vs. 2.1370350090882164
--------
nle(id0,id1,dist): 40 49 2.5099309467000053
list:
dist: 2.5099309467000053 vs. 2.5099309467000053
--------
nle(id0,id1,dist): 40 50 2.624197128688059
list:
dist: 2.624197128688059 vs. 2.624197128688059
--------
nle(id0,id1,dist): 40 55 2.0012464245334534
list:
dist: 2.0012464245334534 vs. 2.0012464245334534
--------
nle(id0,id1,dist): 40 56 1.3464411053532008
list:
dist: 1.3464411053532008 vs. 1.3464411053532008
--------
nle(id0,id1,dist): 40 54 3.036816345631241
list:
dist: 3.036816345631241 vs. 3.036816345631241
--------
nle(id0,id1,dist): 40 59 3.4589801038456076
list:
dist: 3.4589801038456076 vs. 3.4589801038456076
--------
nle(id0,id1,dist): 40 58 3.910664824386097
list:
dist: 3.910664824386097 vs. 3.910664824386097
--------
nle(id0,id1,dist): 40 57 2.840576205101173
list:
dist: 2.840576205101173 vs. 2.840576205101173
--------
nle(id0,id1,dist): 39 46 0.8742993286603631
list:
dist: 0.8742993286603631 vs. 0.8742993286603631
--------
nle(id0,id1,dist): 39 47 2.0524480685679554
list:
dist: 2.0524480685679554 vs. 2.0524480685679554
--------
nle(id0,id1,dist): 39 48 3.878224652669681
list:
dist: 3.878224652669681 vs. 3.878224652669681
--------
nle(id0,id1,dist): 39 49 1.9533727964345715
list:
dist: 1.9533727964345715 vs. 1.9533727964345715
--------
nle(id0,id1,dist): 39 50 1.0909800727241643
list:
dist: 1.0909800727241643 vs. 1.0909800727241643
--------
nle(id0,id1,dist): 39 54 0.9535094665618814
list:
dist: 0.9535094665618814 vs. 0.9535094665618814
--------
nle(id0,id1,dist): 39 55 1.9218857312063418
list:
dist: 1.9218857312063418 vs. 1.9218857312063418
--------
nle(id0,id1,dist): 39 57 1.102545390548597
list:
dist: 1.102545390548597 vs. 1.102545390548597
--------
nle(id0,id1,dist): 39 59 2.1560442272862814
list:
dist: 2.1560442272862814 vs. 2.1560442272862814
--------
nle(id0,id1,dist): 38 53 2.62090493456755
list:
dist: 2.62090493456755 vs. 2.62090493456755
--------
nle(id0,id1,dist): 39 45 2.7741949928341505
list:
dist: 2.7741949928341505 vs. 2.7741949928341505
--------
nle(id0,id1,dist): 39 44 3.0514729490732555
list:
dist: 3.0514729490732555 vs. 3.0514729490732555
--------
nle(id0,id1,dist): 39 42 2.575391676878135
list:
dist: 2.575391676878135 vs. 2.575391676878135
--------
nle(id0,id1,dist): 39 41 3.2691335177938745
list:
dist: 3.2691335177938745 vs. 3.2691335177938745
--------
nle(id0,id1,dist): 39 40 3.6971490420931556
list:
dist: 3.6971490420931556 vs. 3.6971490420931556
--------
nle(id0,id1,dist): 37 57 2.8582080339469322
list:
dist: 2.8582080339469322 vs. 2.8582080339469322
--------
nle(id0,id1,dist): 23 28 1.4172240321187843
list:
dist: 1.4172240321187843 vs. 1.4172240321187843
--------
nle(id0,id1,dist): 23 29 0.6646905023668466
list:
dist: 0.6646905023668466 vs. 0.6646905023668466
--------
nle(id0,id1,dist): 23 27 2.779484291013549
list:
dist: 2.779484291013549 vs. 2.779484291013549
--------
nle(id0,id1,dist): 23 24 1.573617286624597
list:
dist: 1.573617286624597 vs. 1.573617286624597
--------
nle(id0,id1,dist): 23 25 2.0181333659114964
list:
dist: 2.0181333659114964 vs. 2.0181333659114964
--------
nle(id0,id1,dist): 21 26 1.6889781685826633
list:
dist: 1.6889781685826633 vs. 1.6889781685826633
--------
nle(id0,id1,dist): 21 27 2.6501080135763546
list:
dist: 2.6501080135763546 vs. 2.6501080135763546
--------
nle(id0,id1,dist): 21 24 1.0963076817244812
list:
dist: 1.0963076817244812 vs. 1.0963076817244812
--------
nle(id0,id1,dist): 21 25 1.3786138197486422
list:
dist: 1.3786138197486422 vs. 1.3786138197486422
--------
nle(id0,id1,dist): 21 28 1.0341177940897524
list:
dist: 1.0341177940897524 vs. 1.0341177940897524
--------
nle(id0,id1,dist): 21 29 1.8443245078628339
list:
dist: 1.8443245078628339 vs. 1.8443245078628339
--------
nle(id0,id1,dist): 21 23 1.4199445631209189
list:
dist: 1.4199445631209189 vs. 1.4199445631209189
--------
nle(id0,id1,dist): 21 22 1.272020870239331
list:
dist: 1.272020870239331 vs. 1.272020870239331
--------
nle(id0,id1,dist): 22 27 1.8914804150739684
list:
dist: 1.8914804150739684 vs. 1.8914804150739684
--------
nle(id0,id1,dist): 22 28 0.5146255930726217
list:
dist: 0.5146255930726217 vs. 0.5146255930726217
--------
nle(id0,id1,dist): 22 29 1.544992848927669
list:
dist: 1.544992848927669 vs. 1.544992848927669
--------
nle(id0,id1,dist): 22 23 1.0553892152080182
list:
dist: 1.0553892152080182 vs. 1.0553892152080182
--------
nle(id0,id1,dist): 22 24 0.7872024947928619
list:
dist: 0.7872024947928619 vs. 0.7872024947928619
--------
nle(id0,id1,dist): 22 25 1.1012678658292774
list:
dist: 1.1012678658292774 vs. 1.1012678658292774
--------
nle(id0,id1,dist): 22 26 1.8358625898511294
list:
dist: 1.8358625898511294 vs. 1.8358625898511294
--------
nle(id0,id1,dist): 19 24 1.804185866218354
list:
dist: 1.804185866218354 vs. 1.804185866218354
--------
nle(id0,id1,dist): 19 25 1.5708443511626746
list:
dist: 1.5708443511626746 vs. 1.5708443511626746
--------
nle(id0,id1,dist): 19 22 2.0304922195472592
list:
dist: 2.0304922195472592 vs. 2.0304922195472592
--------
nle(id0,id1,dist): 19 21 1.6445565566947218
list:
dist: 1.6445565566947218 vs. 1.6445565566947218
--------
nle(id0,id1,dist): 19 28 1.549260968627868
list:
dist: 1.549260968627868 vs. 1.549260968627868
--------
nle(id0,id1,dist): 19 26 0.9346496874371542
list:
dist: 0.9346496874371542 vs. 0.9346496874371542
--------
nle(id0,id1,dist): 19 27 1.9406702452456026
list:
dist: 1.9406702452456026 vs. 1.9406702452456026
--------
nle(id0,id1,dist): 20 29 1.1471240279389325
list:
dist: 1.1471240279389325 vs. 1.1471240279389325
--------
nle(id0,id1,dist): 20 25 2.0129412967803733
list:
dist: 2.0129412967803733 vs. 2.0129412967803733
--------
nle(id0,id1,dist): 20 27 2.9660050468583816
list:
dist: 2.9660050468583816 vs. 2.9660050468583816
--------
nle(id0,id1,dist): 20 28 1.7677225287912184
list:
dist: 1.7677225287912184 vs. 1.7677225287912184
--------
nle(id0,id1,dist): 20 21 2.1920884111341534
list:
dist: 2.1920884111341534 vs. 2.1920884111341534
--------
nle(id0,id1,dist): 20 22 1.3399326470693405
list:
dist: 1.3399326470693405 vs. 1.3399326470693405
--------
nle(id0,id1,dist): 20 23 1.3085345875539074
list:
dist: 1.3085345875539074 vs. 1.3085345875539074
--------
nle(id0,id1,dist): 20 24 1.6252942199979041
list:
dist: 1.6252942199979041 vs. 1.6252942199979041
--------
nle(id0,id1,dist): 18 22 1.9074312499550259
list:
dist: 1.9074312499550259 vs. 1.9074312499550259
--------
nle(id0,id1,dist): 18 21 2.3937695057032338
list:
dist: 2.3937695057032338 vs. 2.3937695057032338
--------
nle(id0,id1,dist): 18 20 1.6578189318801715
list:
dist: 1.6578189318801715 vs. 1.6578189318801715
--------
nle(id0,id1,dist): 17 28 1.3178230317028234
list:
dist: 1.3178230317028234 vs. 1.3178230317028234
--------
nle(id0,id1,dist): 17 29 1.6021328960235421
list:
dist: 1.6021328960235421 vs. 1.6021328960235421
--------
nle(id0,id1,dist): 18 23 1.0045392413521346
list:
dist: 1.0045392413521346 vs. 1.0045392413521346
--------
nle(id0,id1,dist): 18 24 2.5240593935728115
list:
dist: 2.5240593935728115 vs. 2.5240593935728115
--------
nle(id0,id1,dist): 18 25 2.9573564152028458
list:
dist: 2.9573564152028458 vs. 2.9573564152028458
--------
nle(id0,id1,dist): 18 27 3.3845765256114935
list:
dist: 3.3845765256114935 vs. 3.3845765256114935
--------
nle(id0,id1,dist): 18 28 2.3466647197015105
list:
dist: 2.3466647197015105 vs. 2.3466647197015105
--------
nle(id0,id1,dist): 18 29 0.9167560947201726
list:
dist: 0.9167560947201726 vs. 0.9167560947201726
--------
nle(id0,id1,dist): 30 41 2.962659896047503
list:
dist: 2.962659896047503 vs. 2.962659896047503
--------
nle(id0,id1,dist): 30 37 3.208866964800978
list:
dist: 3.208866964800978 vs. 3.208866964800978
--------
nle(id0,id1,dist): 30 36 4.302444353119566
list:
dist: 4.302444353119566 vs. 4.302444353119566
--------
nle(id0,id1,dist): 30 35 1.955555061332356
list:
dist: 1.955555061332356 vs. 1.955555061332356
--------
nle(id0,id1,dist): 30 32 2.1268732406937616
list:
dist: 2.1268732406937616 vs. 2.1268732406937616
--------
nle(id0,id1,dist): 30 44 3.005236578194761
list:
dist: 3.005236578194761 vs. 3.005236578194761
--------
nle(id0,id1,dist): 28 29 1.926426907022796
list:
dist: 1.926426907022796 vs. 1.926426907022796
--------
nle(id0,id1,dist): 26 27 1.9653341175887926
list:
dist: 1.9653341175887926 vs. 1.9653341175887926
--------
nle(id0,id1,dist): 26 28 1.3397778842445536
list:
dist: 1.3397778842445536 vs. 1.3397778842445536
--------
nle(id0,id1,dist): 27 29 3.3514791667426524
list:
dist: 3.3514791667426524 vs. 3.3514791667426524
--------
nle(id0,id1,dist): 27 28 1.7664741562077344
list:
dist: 1.7664741562077344 vs. 1.7664741562077344
--------
nle(id0,id1,dist): 24 25 0.4896483621517493
list:
dist: 0.4896483621517493 vs. 0.4896483621517493
--------
nle(id0,id1,dist): 24 26 1.3325207744401701
list:
dist: 1.3325207744401701 vs. 1.3325207744401701
--------
nle(id0,id1,dist): 24 27 2.1605274045284273
list:
dist: 2.1605274045284273 vs. 2.1605274045284273
--------
nle(id0,id1,dist): 24 28 0.5525400793809482
list:
dist: 0.5525400793809482 vs. 0.5525400793809482
--------
nle(id0,id1,dist): 24 29 1.923608565787554
list:
dist: 1.923608565787554 vs. 1.923608565787554
--------
nle(id0,id1,dist): 25 26 0.9278229381296293
list:
dist: 0.9278229381296293 vs. 0.9278229381296293
--------
nle(id0,id1,dist): 25 27 1.9427453469007805
list:
dist: 1.9427453469007805 vs. 1.9427453469007805
--------
nle(id0,id1,dist): 25 28 0.7290302501345024
list:
dist: 0.7290302501345024 vs. 0.7290302501345024
--------
nle(id0,id1,dist): 25 29 2.4036632577934935
list:
dist: 2.4036632577934935 vs. 2.4036632577934935
--------
nle(id0,id1,dist): 61 117 5.455616869197467
list:
dist: 5.455616869197467 vs. 5.455616869197467
--------
nle(id0,id1,dist): 61 119 3.339461967469234
list:
dist: 3.339461967469234 vs. 3.339461967469234
--------
nle(id0,id1,dist): 61 113 4.436214587084593
list:
dist: 4.436214587084593 vs. 4.436214587084593
--------
nle(id0,id1,dist): 61 115 5.532993308826327
list:
dist: 5.532993308826327 vs. 5.532993308826327
--------
nle(id0,id1,dist): 61 101 2.8108128640366403
list:
dist: 2.8108128640366403 vs. 2.8108128640366403
--------
nle(id0,id1,dist): 62 64 1.1495409407003307
list:
dist: 1.1495409407003307 vs. 1.1495409407003307
--------
nle(id0,id1,dist): 61 100 2.2297217805664973
list:
dist: 2.2297217805664973 vs. 2.2297217805664973
--------
nle(id0,id1,dist): 61 103 2.7453000790122366
list:
dist: 2.7453000790122366 vs. 2.7453000790122366
--------
nle(id0,id1,dist): 62 65 0.8470073869514163
list:
dist: 0.8470073869514163 vs. 0.8470073869514163
--------
nle(id0,id1,dist): 61 97 0.876032109251411
list:
dist: 0.876032109251411 vs. 0.876032109251411
--------
nle(id0,id1,dist): 61 96 1.7692032578189747
list:
dist: 1.7692032578189747 vs. 1.7692032578189747
--------
nle(id0,id1,dist): 61 99 3.1923538814057264
list:
dist: 3.1923538814057264 vs. 3.1923538814057264
--------
nle(id0,id1,dist): 61 98 4.9315731034007015
list:
dist: 4.9315731034007015 vs. 4.9315731034007015
--------
nle(id0,id1,dist): 62 72 2.1966477568009948
list:
dist: 2.1966477568009948 vs. 2.1966477568009948
--------
nle(id0,id1,dist): 61 109 3.709523513157575
list:
dist: 3.709523513157575 vs. 3.709523513157575
--------
nle(id0,id1,dist): 61 108 3.6978446484630467
list:
dist: 3.6978446484630467 vs. 3.6978446484630467
--------
nle(id0,id1,dist): 62 74 2.577650162787476
list:
dist: 2.577650162787476 vs. 2.577650162787476
--------
nle(id0,id1,dist): 62 73 1.1792472730095451
list:
dist: 1.1792472730095451 vs. 1.1792472730095451
--------
nle(id0,id1,dist): 61 105 1.7457543332580434
list:
dist: 1.7457543332580434 vs. 1.7457543332580434
--------
nle(id0,id1,dist): 62 68 2.8268531291230303
list:
dist: 2.8268531291230303 vs. 2.8268531291230303
--------
nle(id0,id1,dist): 61 104 4.319504463209749
list:
dist: 4.319504463209749 vs. 4.319504463209749
--------
nle(id0,id1,dist): 62 70 1.666952023709469
list:
dist: 1.666952023709469 vs. 1.666952023709469
--------
nle(id0,id1,dist): 62 69 2.4144308396736283
list:
dist: 2.4144308396736283 vs. 2.4144308396736283
--------
nle(id0,id1,dist): 61 106 3.3878149546581615
list:
dist: 3.3878149546581615 vs. 3.3878149546581615
--------
nle(id0,id1,dist): 61 94 3.178410530524149
list:
dist: 3.178410530524149 vs. 3.178410530524149
--------
nle(id0,id1,dist): 61 95 3.199649671956525
list:
dist: 3.199649671956525 vs. 3.199649671956525
--------
nle(id0,id1,dist): 61 92 3.357483129645781
list:
dist: 3.357483129645781 vs. 3.357483129645781
--------
nle(id0,id1,dist): 61 93 2.6658220412813884
list:
dist: 2.6658220412813884 vs. 2.6658220412813884
--------
nle(id0,id1,dist): 61 90 2.989332724750707
list:
dist: 2.989332724750707 vs. 2.989332724750707
--------
nle(id0,id1,dist): 61 91 3.6952021155038954
list:
dist: 3.6952021155038954 vs. 3.6952021155038954
--------
nle(id0,id1,dist): 61 67 5.935519793058385
list:
dist: 5.935519793058385 vs. 5.935519793058385
--------
nle(id0,id1,dist): 61 66 2.5793562346738117
list:
dist: 2.5793562346738117 vs. 2.5793562346738117
--------
nle(id0,id1,dist): 64 65 1.3908721368360517
list:
dist: 1.3908721368360517 vs. 1.3908721368360517
--------
nle(id0,id1,dist): 64 68 2.338537627792627
list:
dist: 2.338537627792627 vs. 2.338537627792627
--------
nle(id0,id1,dist): 64 69 2.7765138493040067
list:
dist: 2.7765138493040067 vs. 2.7765138493040067
--------
nle(id0,id1,dist): 64 70 2.0633300743369367
list:
dist: 2.0633300743369367 vs. 2.0633300743369367
--------
nle(id0,id1,dist): 64 72 2.038343848583805
list:
dist: 2.038343848583805 vs. 2.038343848583805
--------
nle(id0,id1,dist): 64 73 2.2709308413932425
list:
dist: 2.2709308413932425 vs. 2.2709308413932425
--------
nle(id0,id1,dist): 64 74 2.118596413789288
list:
dist: 2.118596413789288 vs. 2.118596413789288
--------
nle(id0,id1,dist): 63 87 1.5399586970226888
list:
dist: 1.5399586970226888 vs. 1.5399586970226888
--------
nle(id0,id1,dist): 63 86 2.8155364084601957
list:
dist: 2.8155364084601957 vs. 2.8155364084601957
--------
nle(id0,id1,dist): 63 72 2.51515005711856
list:
dist: 2.51515005711856 vs. 2.51515005711856
--------
nle(id0,id1,dist): 63 70 3.220488559425345
list:
dist: 3.220488559425345 vs. 3.220488559425345
--------
nle(id0,id1,dist): 63 71 1.2750205313036802
list:
dist: 1.2750205313036802 vs. 1.2750205313036802
--------
nle(id0,id1,dist): 63 76 2.114904715730287
list:
dist: 2.114904715730287 vs. 2.114904715730287
--------
nle(id0,id1,dist): 63 77 2.082013071328471
list:
dist: 2.082013071328471 vs. 2.082013071328471
--------
nle(id0,id1,dist): 63 80 0.8925838013175115
list:
dist: 0.8925838013175115 vs. 0.8925838013175115
--------
nle(id0,id1,dist): 63 81 1.0296873203990469
list:
dist: 1.0296873203990469 vs. 1.0296873203990469
--------
nle(id0,id1,dist): 63 78 1.855490455069529
list:
dist: 1.855490455069529 vs. 1.855490455069529
--------
nle(id0,id1,dist): 63 84 2.4130436359864498
list:
dist: 2.4130436359864498 vs. 2.4130436359864498
--------
nle(id0,id1,dist): 63 85 2.0383850001465675
list:
dist: 2.0383850001465675 vs. 2.0383850001465675
--------
nle(id0,id1,dist): 63 82 2.1155931638205137
list:
dist: 2.1155931638205137 vs. 2.1155931638205137
--------
nle(id0,id1,dist): 63 83 1.7121015528293217
list:
dist: 1.7121015528293217 vs. 1.7121015528293217
--------
nle(id0,id1,dist): 63 69 2.7629341959027
list:
dist: 2.7629341959027 vs. 2.7629341959027
--------
nle(id0,id1,dist): 58 59 0.7829794522627218
list:
dist: 0.7829794522627218 vs. 0.7829794522627218
--------
nle(id0,id1,dist): 60 85 2.5720086457562954
list:
dist: 2.5720086457562954 vs. 2.5720086457562954
--------
nle(id0,id1,dist): 60 87 2.277193971432359
list:
dist: 2.277193971432359 vs. 2.277193971432359
--------
nle(id0,id1,dist): 60 77 2.4641343055643823
list:
dist: 2.4641343055643823 vs. 2.4641343055643823
--------
nle(id0,id1,dist): 60 78 3.0742476733335655
list:
dist: 3.0742476733335655 vs. 3.0742476733335655
--------
nle(id0,id1,dist): 60 80 3.1514920315792394
list:
dist: 3.1514920315792394 vs. 3.1514920315792394
--------
nle(id0,id1,dist): 60 82 2.365945198636429
list:
dist: 2.365945198636429 vs. 2.365945198636429
--------
nle(id0,id1,dist): 60 83 3.2799740631734204
list:
dist: 3.2799740631734204 vs. 3.2799740631734204
--------
nle(id0,id1,dist): 60 84 4.022707734435846
list:
dist: 4.022707734435846 vs. 4.022707734435846
--------
nle(id0,id1,dist): 60 69 1.0993329836653811
list:
dist: 1.0993329836653811 vs. 1.0993329836653811
--------
nle(id0,id1,dist): 60 70 0.38071337153538803
list:
dist: 0.38071337153538803 vs. 0.38071337153538803
--------
nle(id0,id1,dist): 60 71 2.3145208152819343
list:
dist: 2.3145208152819343 vs. 2.3145208152819343
--------
nle(id0,id1,dist): 60 72 1.3992042604209534
list:
dist: 1.3992042604209534 vs. 1.3992042604209534
--------
nle(id0,id1,dist): 60 73 1.5827282654043728
list:
dist: 1.5827282654043728 vs. 1.5827282654043728
--------
nle(id0,id1,dist): 60 64 1.702043013091131
list:
dist: 1.702043013091131 vs. 1.702043013091131
--------
nle(id0,id1,dist): 60 63 3.316116640234296
list:
dist: 3.316116640234296 vs. 3.316116640234296
--------
nle(id0,id1,dist): 60 62 1.3884927538806906
list:
dist: 1.3884927538806906 vs. 1.3884927538806906
--------
nle(id0,id1,dist): 60 65 0.7293162496297834
list:
dist: 0.7293162496297834 vs. 0.7293162496297834
--------
nle(id0,id1,dist): 69 71 1.803908071854197
list:
dist: 1.803908071854197 vs. 1.803908071854197
--------
nle(id0,id1,dist): 69 70 0.7599684340542716
list:
dist: 0.7599684340542716 vs. 0.7599684340542716
--------
nle(id0,id1,dist): 69 78 3.134532047233166
list:
dist: 3.134532047233166 vs. 3.134532047233166
--------
nle(id0,id1,dist): 69 77 2.662586513942464
list:
dist: 2.662586513942464 vs. 2.662586513942464
--------
nle(id0,id1,dist): 69 72 1.8585882525004613
list:
dist: 1.8585882525004613 vs. 1.8585882525004613
--------
nle(id0,id1,dist): 69 73 2.158048147722688
list:
dist: 2.158048147722688 vs. 2.158048147722688
--------
nle(id0,id1,dist): 69 87 2.211470465310619
list:
dist: 2.211470465310619 vs. 2.211470465310619
--------
nle(id0,id1,dist): 69 84 3.00020730407814
list:
dist: 3.00020730407814 vs. 3.00020730407814
--------
nle(id0,id1,dist): 69 85 2.780829657018372
list:
dist: 2.780829657018372 vs. 2.780829657018372
--------
nle(id0,id1,dist): 69 82 1.3093303075826062
list:
dist: 1.3093303075826062 vs. 1.3093303075826062
--------
nle(id0,id1,dist): 69 83 3.223088590975574
list:
dist: 3.223088590975574 vs. 3.223088590975574
--------
nle(id0,id1,dist): 69 80 2.389118859867739
list:
dist: 2.389118859867739 vs. 2.389118859867739
--------
nle(id0,id1,dist): 67 103 3.5849547871351746
list:
dist: 3.5849547871351746 vs. 3.5849547871351746
--------
nle(id0,id1,dist): 67 102 2.370596551923762
list:
dist: 2.370596551923762 vs. 2.370596551923762
--------
nle(id0,id1,dist): 67 105 4.258103813719307
list:
dist: 4.258103813719307 vs. 4.258103813719307
--------
nle(id0,id1,dist): 67 104 1.874898326332437
list:
dist: 1.874898326332437 vs. 1.874898326332437
--------
nle(id0,id1,dist): 67 99 3.748006051900934
list:
dist: 3.748006051900934 vs. 3.748006051900934
--------
nle(id0,id1,dist): 67 98 1.6136842587596432
list:
dist: 1.6136842587596432 vs. 1.6136842587596432
--------
nle(id0,id1,dist): 68 74 1.1536776660606083
list:
dist: 1.1536776660606083 vs. 1.1536776660606083
--------
nle(id0,id1,dist): 67 111 2.0546177669049173
list:
dist: 2.0546177669049173 vs. 2.0546177669049173
--------
nle(id0,id1,dist): 67 110 3.176333782064827
list:
dist: 3.176333782064827 vs. 3.176333782064827
--------
nle(id0,id1,dist): 67 113 1.512415121231826
list:
dist: 1.512415121231826 vs. 1.512415121231826
--------
nle(id0,id1,dist): 68 75 3.146188551461087
list:
dist: 3.146188551461087 vs. 3.146188551461087
--------
nle(id0,id1,dist): 67 112 2.9425777002271127
list:
dist: 2.9425777002271127 vs. 2.9425777002271127
--------
nle(id0,id1,dist): 67 107 3.5857812786287635
list:
dist: 3.5857812786287635 vs. 3.5857812786287635
--------
nle(id0,id1,dist): 67 106 3.946988554890101
list:
dist: 3.946988554890101 vs. 3.946988554890101
--------
nle(id0,id1,dist): 68 72 3.1615586356388756
list:
dist: 3.1615586356388756 vs. 3.1615586356388756
--------
nle(id0,id1,dist): 67 109 2.452323622585901
list:
dist: 2.452323622585901 vs. 2.452323622585901
--------
nle(id0,id1,dist): 67 108 2.342038535341696
list:
dist: 2.342038535341696 vs. 2.342038535341696
--------
nle(id0,id1,dist): 67 118 3.5799065628270017
list:
dist: 3.5799065628270017 vs. 3.5799065628270017
--------
nle(id0,id1,dist): 67 119 3.043644548999314
list:
dist: 3.043644548999314 vs. 3.043644548999314
--------
nle(id0,id1,dist): 68 83 4.436749908089975
list:
dist: 4.436749908089975 vs. 4.436749908089975
--------
nle(id0,id1,dist): 68 77 3.567904812509558
list:
dist: 3.567904812509558 vs. 3.567904812509558
--------
nle(id0,id1,dist): 67 114 1.976293894079417
list:
dist: 1.976293894079417 vs. 1.976293894079417
--------
nle(id0,id1,dist): 68 78 4.027084622436342
list:
dist: 4.027084622436342 vs. 4.027084622436342
--------
nle(id0,id1,dist): 67 115 0.8713782072903974
list:
dist: 0.8713782072903974 vs. 0.8713782072903974
--------
nle(id0,id1,dist): 67 116 1.5276103224951836
list:
dist: 1.5276103224951836 vs. 1.5276103224951836
--------
nle(id0,id1,dist): 67 117 1.2333302453936392
list:
dist: 1.2333302453936392 vs. 1.2333302453936392
--------
nle(id0,id1,dist): 68 89 4.134236006869712
list:
dist: 4.134236006869712 vs. 4.134236006869712
--------
nle(id0,id1,dist): 68 85 3.464237230811683
list:
dist: 3.464237230811683 vs. 3.464237230811683
--------
nle(id0,id1,dist): 68 87 3.9818776804994456
list:
dist: 3.9818776804994456 vs. 3.9818776804994456
--------
nle(id0,id1,dist): 68 88 3.8322337447096606
list:
dist: 3.8322337447096606 vs. 3.8322337447096606
--------
nle(id0,id1,dist): 70 85 2.724179129858793
list:
dist: 2.724179129858793 vs. 2.724179129858793
--------
nle(id0,id1,dist): 70 84 3.722257608768627
list:
dist: 3.722257608768627 vs. 3.722257608768627
--------
nle(id0,id1,dist): 70 83 3.3630191832574368
list:
dist: 3.3630191832574368 vs. 3.3630191832574368
--------
nle(id0,id1,dist): 70 87 2.319045387823005
list:
dist: 2.319045387823005 vs. 2.319045387823005
--------
nle(id0,id1,dist): 71 72 1.7362425015834886
list:
dist: 1.7362425015834886 vs. 1.7362425015834886
--------
nle(id0,id1,dist): 71 76 2.9061115304767946
list:
dist: 2.9061115304767946 vs. 2.9061115304767946
--------
nle(id0,id1,dist): 71 77 1.6092718981631113
list:
dist: 1.6092718981631113 vs. 1.6092718981631113
--------
nle(id0,id1,dist): 70 71 2.2227415031814797
list:
dist: 2.2227415031814797 vs. 2.2227415031814797
--------
nle(id0,id1,dist): 70 72 1.6064547683350552
list:
dist: 1.6064547683350552 vs. 1.6064547683350552
--------
nle(id0,id1,dist): 70 73 1.6045464151602429
list:
dist: 1.6045464151602429 vs. 1.6045464151602429
--------
nle(id0,id1,dist): 70 77 2.6183343664027667
list:
dist: 2.6183343664027667 vs. 2.6183343664027667
--------
nle(id0,id1,dist): 70 78 3.1925962558765018
list:
dist: 3.1925962558765018 vs. 3.1925962558765018
--------
nle(id0,id1,dist): 70 80 2.9677660535727703
list:
dist: 2.9677660535727703 vs. 2.9677660535727703
--------
nle(id0,id1,dist): 70 82 2.057557916680021
list:
dist: 2.057557916680021 vs. 2.057557916680021
--------
nle(id0,id1,dist): 65 73 1.164324758136554
list:
dist: 1.164324758136554 vs. 1.164324758136554
--------
nle(id0,id1,dist): 65 72 1.9586058820043095
list:
dist: 1.9586058820043095 vs. 1.9586058820043095
--------
nle(id0,id1,dist): 65 69 1.6844857753908533
list:
dist: 1.6844857753908533 vs. 1.6844857753908533
--------
nle(id0,id1,dist): 65 70 0.9376938276610943
list:
dist: 0.9376938276610943 vs. 0.9376938276610943
--------
nle(id0,id1,dist): 67 79 2.002213325438175
list:
dist: 2.002213325438175 vs. 2.002213325438175
--------
nle(id0,id1,dist): 66 105 3.0830106144246043
list:
dist: 3.0830106144246043 vs. 3.0830106144246043
--------
nle(id0,id1,dist): 67 93 3.531724838609021
list:
dist: 3.531724838609021 vs. 3.531724838609021
--------
nle(id0,id1,dist): 67 92 3.2598233361742843
list:
dist: 3.2598233361742843 vs. 3.2598233361742843
--------
nle(id0,id1,dist): 67 91 3.313984234135091
list:
dist: 3.313984234135091 vs. 3.313984234135091
--------
nle(id0,id1,dist): 67 96 4.845439733363674
list:
dist: 4.845439733363674 vs. 4.845439733363674
--------
nle(id0,id1,dist): 67 95 3.530559346089902
list:
dist: 3.530559346089902 vs. 3.530559346089902
--------
nle(id0,id1,dist): 66 119 4.110285960516102
list:
dist: 4.110285960516102 vs. 4.110285960516102
--------
nle(id0,id1,dist): 66 81 2.9409672977367345
list:
dist: 2.9409672977367345 vs. 2.9409672977367345
--------
nle(id0,id1,dist): 66 83 3.4981830083145526
list:
dist: 3.4981830083145526 vs. 3.4981830083145526
--------
nle(id0,id1,dist): 66 86 5.028732201231837
list:
dist: 5.028732201231837 vs. 5.028732201231837
--------
nle(id0,id1,dist): 66 71 2.6160791704145057
list:
dist: 2.6160791704145057 vs. 2.6160791704145057
--------
nle(id0,id1,dist): 66 72 3.743617125414721
list:
dist: 3.743617125414721 vs. 3.743617125414721
--------
nle(id0,id1,dist): 66 76 4.361564129761197
list:
dist: 4.361564129761197 vs. 4.361564129761197
--------
nle(id0,id1,dist): 66 77 3.6326575460876227
list:
dist: 3.6326575460876227 vs. 3.6326575460876227
--------
nle(id0,id1,dist): 66 78 3.77458793235194
list:
dist: 3.77458793235194 vs. 3.77458793235194
--------
nle(id0,id1,dist): 66 96 3.269945614472273
list:
dist: 3.269945614472273 vs. 3.269945614472273
--------
nle(id0,id1,dist): 66 95 3.553710062332897
list:
dist: 3.553710062332897 vs. 3.553710062332897
--------
nle(id0,id1,dist): 66 99 4.09946355890095
list:
dist: 4.09946355890095 vs. 4.09946355890095
--------
nle(id0,id1,dist): 66 92 4.42765983382995
list:
dist: 4.42765983382995 vs. 4.42765983382995
--------
nle(id0,id1,dist): 66 91 4.638933893050228
list:
dist: 4.638933893050228 vs. 4.638933893050228
--------
nle(id0,id1,dist): 48 51 1.6965298714522954
list:
dist: 1.6965298714522954 vs. 1.6965298714522954
--------
nle(id0,id1,dist): 48 52 1.585758404579713
list:
dist: 1.585758404579713 vs. 1.585758404579713
--------
nle(id0,id1,dist): 48 49 2.4797825315558253
list:
dist: 2.4797825315558253 vs. 2.4797825315558253
--------
nle(id0,id1,dist): 48 50 2.828422937801836
list:
dist: 2.828422937801836 vs. 2.828422937801836
--------
nle(id0,id1,dist): 48 55 2.3897228092761864
list:
dist: 2.3897228092761864 vs. 2.3897228092761864
--------
nle(id0,id1,dist): 48 56 1.2554039002340625
list:
dist: 1.2554039002340625 vs. 1.2554039002340625
--------
nle(id0,id1,dist): 48 54 3.2413017817244607
list:
dist: 3.2413017817244607 vs. 3.2413017817244607
--------
nle(id0,id1,dist): 48 59 3.280272787631596
list:
dist: 3.280272787631596 vs. 3.280272787631596
--------
nle(id0,id1,dist): 48 57 3.1526409972909644
list:
dist: 3.1526409972909644 vs. 3.1526409972909644
--------
nle(id0,id1,dist): 48 58 3.6267451058027596
list:
dist: 3.6267451058027596 vs. 3.6267451058027596
--------
nle(id0,id1,dist): 49 50 1.4345041198016615
list:
dist: 1.4345041198016615 vs. 1.4345041198016615
--------
nle(id0,id1,dist): 49 51 3.7653880801942137
list:
dist: 3.7653880801942137 vs. 3.7653880801942137
--------
nle(id0,id1,dist): 49 52 3.0425714821914553
list:
dist: 3.0425714821914553 vs. 3.0425714821914553
--------
nle(id0,id1,dist): 49 54 1.926794287932976
list:
dist: 1.926794287932976 vs. 1.926794287932976
--------
nle(id0,id1,dist): 49 55 1.805612784381986
list:
dist: 1.805612784381986 vs. 1.805612784381986
--------
nle(id0,id1,dist): 49 56 3.438924076727063
list:
dist: 3.438924076727063 vs. 3.438924076727063
--------
nle(id0,id1,dist): 49 57 1.8600969580985762
list:
dist: 1.8600969580985762 vs. 1.8600969580985762
--------
nle(id0,id1,dist): 49 58 2.438423418061593
list:
dist: 2.438423418061593 vs. 2.438423418061593
--------
nle(id0,id1,dist): 49 59 1.8152809200363138
list:
dist: 1.8152809200363138 vs. 1.8152809200363138
--------
nle(id0,id1,dist): 50 54 0.575489393932199
list:
dist: 0.575489393932199 vs. 0.575489393932199
--------
nle(id0,id1,dist): 50 52 3.4505531743072733
list:
dist: 3.4505531743072733 vs. 3.4505531743072733
--------
nle(id0,id1,dist): 50 59 1.9719205777831634
list:
dist: 1.9719205777831634 vs. 1.9719205777831634
--------
nle(id0,id1,dist): 50 55 0.9781013101308444
list:
dist: 0.9781013101308444 vs. 0.9781013101308444
--------
nle(id0,id1,dist): 50 58 2.7406115432438694
list:
dist: 2.7406115432438694 vs. 2.7406115432438694
--------
nle(id0,id1,dist): 50 57 0.6071694388917245
list:
dist: 0.6071694388917245 vs. 0.6071694388917245
--------
nle(id0,id1,dist): 45 47 3.057842995397758
list:
dist: 3.057842995397758 vs. 3.057842995397758
--------
nle(id0,id1,dist): 44 55 3.239695691319596
list:
dist: 3.239695691319596 vs. 3.239695691319596
--------
nle(id0,id1,dist): 44 57 2.8688466770749854
list:
dist: 2.8688466770749854 vs. 2.8688466770749854
--------
nle(id0,id1,dist): 45 57 2.429603718388247
list:
dist: 2.429603718388247 vs. 2.429603718388247
--------
nle(id0,id1,dist): 45 59 4.290306906325873
list:
dist: 4.290306906325873 vs. 4.290306906325873
--------
nle(id0,id1,dist): 45 49 2.7442241722335767
list:
dist: 2.7442241722335767 vs. 2.7442241722335767
--------
nle(id0,id1,dist): 45 50 2.755597873727362
list:
dist: 2.755597873727362 vs. 2.755597873727362
--------
nle(id0,id1,dist): 45 54 3.1288874159722155
list:
dist: 3.1288874159722155 vs. 3.1288874159722155
--------
nle(id0,id1,dist): 45 55 2.5176901295646625
list:
dist: 2.5176901295646625 vs. 2.5176901295646625
--------
nle(id0,id1,dist): 46 59 2.783116530456886
list:
dist: 2.783116530456886 vs. 2.783116530456886
--------
nle(id0,id1,dist): 46 57 1.7297914262462624
list:
dist: 1.7297914262462624 vs. 1.7297914262462624
--------
nle(id0,id1,dist): 46 54 1.5712226259464708
list:
dist: 1.5712226259464708 vs. 1.5712226259464708
--------
nle(id0,id1,dist): 46 50 1.883136584927557
list:
dist: 1.883136584927557 vs. 1.883136584927557
--------
nle(id0,id1,dist): 47 59 2.03060470182773
list:
dist: 2.03060470182773 vs. 2.03060470182773
--------
nle(id0,id1,dist): 47 58 2.6787515566039946
list:
dist: 2.6787515566039946 vs. 2.6787515566039946
--------
nle(id0,id1,dist): 47 55 0.9930550766973402
list:
dist: 0.9930550766973402 vs. 0.9930550766973402
--------
nle(id0,id1,dist): 47 54 1.4681833496127752
list:
dist: 1.4681833496127752 vs. 1.4681833496127752
--------
nle(id0,id1,dist): 47 57 1.4330400274358075
list:
dist: 1.4330400274358075 vs. 1.4330400274358075
--------
nle(id0,id1,dist): 47 56 2.926793030521583
list:
dist: 2.926793030521583 vs. 2.926793030521583
--------
nle(id0,id1,dist): 47 50 1.0106611058191315
list:
dist: 1.0106611058191315 vs. 1.0106611058191315
--------
nle(id0,id1,dist): 47 51 2.8533692939956454
list:
dist: 2.8533692939956454 vs. 2.8533692939956454
--------
nle(id0,id1,dist): 47 52 2.557573709832943
list:
dist: 2.557573709832943 vs. 2.557573709832943
--------
nle(id0,id1,dist): 47 48 1.828124675639082
list:
dist: 1.828124675639082 vs. 1.828124675639082
--------
nle(id0,id1,dist): 47 49 1.1989047485910684
list:
dist: 1.1989047485910684 vs. 1.1989047485910684
--------
nle(id0,id1,dist): 55 56 3.263778657505507
list:
dist: 3.263778657505507 vs. 3.263778657505507
--------
nle(id0,id1,dist): 55 57 0.8885654333997075
list:
dist: 0.8885654333997075 vs. 0.8885654333997075
--------
nle(id0,id1,dist): 55 59 2.7786488246074885
list:
dist: 2.7786488246074885 vs. 2.7786488246074885
--------
nle(id0,id1,dist): 57 59 2.546865858852737
list:
dist: 2.546865858852737 vs. 2.546865858852737
--------
nle(id0,id1,dist): 51 52 2.945039929737588
list:
dist: 2.945039929737588 vs. 2.945039929737588
--------
nle(id0,id1,dist): 51 55 2.8447364037605647
list:
dist: 2.8447364037605647 vs. 2.8447364037605647
--------
nle(id0,id1,dist): 51 56 1.4789511146379617
list:
dist: 1.4789511146379617 vs. 1.4789511146379617
--------
nle(id0,id1,dist): 52 56 2.4597730724856763
list:
dist: 2.4597730724856763 vs. 2.4597730724856763
--------
nle(id0,id1,dist): 52 54 3.7167375838800716
list:
dist: 3.7167375838800716 vs. 3.7167375838800716
--------
nle(id0,id1,dist): 52 59 2.9788585050454457
list:
dist: 2.9788585050454457 vs. 2.9788585050454457
--------
nle(id0,id1,dist): 52 58 2.978944561201982
list:
dist: 2.978944561201982 vs. 2.978944561201982
--------
nle(id0,id1,dist): 53 68 1.227422427280045
list:
dist: 1.227422427280045 vs. 1.227422427280045
--------
nle(id0,id1,dist): 53 64 1.6153740631702505
list:
dist: 1.6153740631702505 vs. 1.6153740631702505
--------
nle(id0,id1,dist): 53 62 1.7193716575617508
list:
dist: 1.7193716575617508 vs. 1.7193716575617508
--------
nle(id0,id1,dist): 53 74 1.5358159886571816
list:
dist: 1.5358159886571816 vs. 1.5358159886571816
--------
nle(id0,id1,dist): 53 72 2.7537998799179424
list:
dist: 2.7537998799179424 vs. 2.7537998799179424
--------
nle(id0,id1,dist): 54 59 1.9928171791350786
list:
dist: 1.9928171791350786 vs. 1.9928171791350786
--------
nle(id0,id1,dist): 54 58 2.7425191588808557
list:
dist: 2.7425191588808557 vs. 2.7425191588808557
--------
nle(id0,id1,dist): 54 57 0.7735778319731066
list:
dist: 0.7735778319731066 vs. 0.7735778319731066
--------
nle(id0,id1,dist): 54 55 1.3640742788161144
list:
dist: 1.3640742788161144 vs. 1.3640742788161144
--------
nle(id0,id1,dist): 93 113 2.1525705615836483
list:
dist: 2.1525705615836483 vs. 2.1525705615836483
--------
nle(id0,id1,dist): 93 115 2.9959781057738892
list:
dist: 2.9959781057738892 vs. 2.9959781057738892
--------
nle(id0,id1,dist): 93 117 2.919698184890819
list:
dist: 2.919698184890819 vs. 2.919698184890819
--------
nle(id0,id1,dist): 93 119 1.4679506747798339
list:
dist: 1.4679506747798339 vs. 1.4679506747798339
--------
nle(id0,id1,dist): 93 97 2.6672605150934374
list:
dist: 2.6672605150934374 vs. 2.6672605150934374
--------
nle(id0,id1,dist): 93 96 1.8998774615500014
list:
dist: 1.8998774615500014 vs. 1.8998774615500014
--------
nle(id0,id1,dist): 93 99 1.9293426436928285
list:
dist: 1.9293426436928285 vs. 1.9293426436928285
--------
nle(id0,id1,dist): 93 98 2.560108094533709
list:
dist: 2.560108094533709 vs. 2.560108094533709
--------
nle(id0,id1,dist): 93 101 3.2687506343014654
list:
dist: 3.2687506343014654 vs. 3.2687506343014654
--------
nle(id0,id1,dist): 93 100 2.1102121916314265
list:
dist: 2.1102121916314265 vs. 2.1102121916314265
--------
nle(id0,id1,dist): 93 103 0.5695751974444042
list:
dist: 0.5695751974444042 vs. 0.5695751974444042
--------
nle(id0,id1,dist): 93 105 0.9998596791126784
list:
dist: 0.9998596791126784 vs. 0.9998596791126784
--------
nle(id0,id1,dist): 93 104 1.9701876096054247
list:
dist: 1.9701876096054247 vs. 1.9701876096054247
--------
nle(id0,id1,dist): 93 106 1.637094868976682
list:
dist: 1.637094868976682 vs. 1.637094868976682
--------
nle(id0,id1,dist): 93 109 1.4934263889718489
list:
dist: 1.4934263889718489 vs. 1.4934263889718489
--------
nle(id0,id1,dist): 93 108 1.3055232091447861
list:
dist: 1.3055232091447861 vs. 1.3055232091447861
--------
nle(id0,id1,dist): 94 110 2.937224114481671
list:
dist: 2.937224114481671 vs. 2.937224114481671
--------
nle(id0,id1,dist): 94 107 2.9876421849857775
list:
dist: 2.9876421849857775 vs. 2.9876421849857775
--------
nle(id0,id1,dist): 94 118 3.556562048655122
list:
dist: 3.556562048655122 vs. 3.556562048655122
--------
nle(id0,id1,dist): 94 119 2.649573434196364
list:
dist: 2.649573434196364 vs. 2.649573434196364
--------
nle(id0,id1,dist): 94 97 2.566930966461354
list:
dist: 2.566930966461354 vs. 2.566930966461354
--------
nle(id0,id1,dist): 94 96 2.2736009900485414
list:
dist: 2.2736009900485414 vs. 2.2736009900485414
--------
nle(id0,id1,dist): 94 95 3.228101233257933
list:
dist: 3.228101233257933 vs. 3.228101233257933
--------
nle(id0,id1,dist): 94 101 2.2890067578260607
list:
dist: 2.2890067578260607 vs. 2.2890067578260607
--------
nle(id0,id1,dist): 94 100 1.539588215435325
list:
dist: 1.539588215435325 vs. 1.539588215435325
--------
nle(id0,id1,dist): 94 99 2.5267970934372337
list:
dist: 2.5267970934372337 vs. 2.5267970934372337
--------
nle(id0,id1,dist): 94 106 1.3316375693319735
list:
dist: 1.3316375693319735 vs. 1.3316375693319735
--------
nle(id0,id1,dist): 94 105 2.518257960294714
list:
dist: 2.518257960294714 vs. 2.518257960294714
--------
nle(id0,id1,dist): 94 103 1.8380070955719945
list:
dist: 1.8380070955719945 vs. 1.8380070955719945
--------
nle(id0,id1,dist): 92 97 3.1624066873261003
list:
dist: 3.1624066873261003 vs. 3.1624066873261003
--------
nle(id0,id1,dist): 92 98 1.8091414578521643
list:
dist: 1.8091414578521643 vs. 1.8091414578521643
--------
nle(id0,id1,dist): 92 99 0.8126143019068984
list:
dist: 0.8126143019068984 vs. 0.8126143019068984
--------
nle(id0,id1,dist): 92 100 1.9186620879411085
list:
dist: 1.9186620879411085 vs. 1.9186620879411085
--------
nle(id0,id1,dist): 92 93 1.4031296427206368
list:
dist: 1.4031296427206368 vs. 1.4031296427206368
--------
nle(id0,id1,dist): 92 94 2.2052785559797243
list:
dist: 2.2052785559797243 vs. 2.2052785559797243
--------
nle(id0,id1,dist): 92 95 1.3178199556173318
list:
dist: 1.3178199556173318 vs. 1.3178199556173318
--------
nle(id0,id1,dist): 92 96 1.8392722801255528
list:
dist: 1.8392722801255528 vs. 1.8392722801255528
--------
nle(id0,id1,dist): 91 111 2.0563727149997324
list:
dist: 2.0563727149997324 vs. 2.0563727149997324
--------
nle(id0,id1,dist): 91 110 0.8901517342863016
list:
dist: 0.8901517342863016 vs. 0.8901517342863016
--------
nle(id0,id1,dist): 91 113 2.3766975395083385
list:
dist: 2.3766975395083385 vs. 2.3766975395083385
--------
nle(id0,id1,dist): 91 112 1.3883962000359098
list:
dist: 1.3883962000359098 vs. 1.3883962000359098
--------
nle(id0,id1,dist): 91 107 1.043858978771602
list:
dist: 1.043858978771602 vs. 1.043858978771602
--------
nle(id0,id1,dist): 91 106 1.199966234032424
list:
dist: 1.199966234032424 vs. 1.199966234032424
--------
nle(id0,id1,dist): 91 109 2.608904611831304
list:
dist: 2.608904611831304 vs. 2.608904611831304
--------
nle(id0,id1,dist): 91 108 1.479738774813775
list:
dist: 1.479738774813775 vs. 1.479738774813775
--------
nle(id0,id1,dist): 91 119 0.7073902155466946
list:
dist: 0.7073902155466946 vs. 0.7073902155466946
--------
nle(id0,id1,dist): 91 118 1.5216306482410484
list:
dist: 1.5216306482410484 vs. 1.5216306482410484
--------
nle(id0,id1,dist): 91 115 3.1340281567822452
list:
dist: 3.1340281567822452 vs. 3.1340281567822452
--------
nle(id0,id1,dist): 91 114 1.984899106405985
list:
dist: 1.984899106405985 vs. 1.984899106405985
--------
nle(id0,id1,dist): 91 117 2.4256944402941962
list:
dist: 2.4256944402941962 vs. 2.4256944402941962
--------
nle(id0,id1,dist): 91 116 2.189219906866617
list:
dist: 2.189219906866617 vs. 2.189219906866617
--------
nle(id0,id1,dist): 92 119 0.5035758956926328
list:
dist: 0.5035758956926328 vs. 0.5035758956926328
--------
nle(id0,id1,dist): 92 117 2.400416515457387
list:
dist: 2.400416515457387 vs. 2.400416515457387
--------
nle(id0,id1,dist): 92 118 2.031657781668865
list:
dist: 2.031657781668865 vs. 2.031657781668865
--------
nle(id0,id1,dist): 93 94 2.14006486326003
list:
dist: 2.14006486326003 vs. 2.14006486326003
--------
nle(id0,id1,dist): 93 95 2.101532958182073
list:
dist: 2.101532958182073 vs. 2.101532958182073
--------
nle(id0,id1,dist): 92 108 1.1464689246896538
list:
dist: 1.1464689246896538 vs. 1.1464689246896538
--------
nle(id0,id1,dist): 92 107 1.5345451706569464
list:
dist: 1.5345451706569464 vs. 1.5345451706569464
--------
nle(id0,id1,dist): 92 106 0.9642743344425544
list:
dist: 0.9642743344425544 vs. 0.9642743344425544
--------
nle(id0,id1,dist): 92 105 2.0342074127682332
list:
dist: 2.0342074127682332 vs. 2.0342074127682332
--------
nle(id0,id1,dist): 92 104 1.3902567063622386
list:
dist: 1.3902567063622386 vs. 1.3902567063622386
--------
nle(id0,id1,dist): 92 103 0.9163473544223804
list:
dist: 0.9163473544223804 vs. 0.9163473544223804
--------
nle(id0,id1,dist): 92 102 1.928363012966489
list:
dist: 1.928363012966489 vs. 1.928363012966489
--------
nle(id0,id1,dist): 92 101 2.834458813717248
list:
dist: 2.834458813717248 vs. 2.834458813717248
--------
nle(id0,id1,dist): 92 116 2.35152863738526
list:
dist: 2.35152863738526 vs. 2.35152863738526
--------
nle(id0,id1,dist): 92 115 2.9587770458653133
list:
dist: 2.9587770458653133 vs. 2.9587770458653133
--------
nle(id0,id1,dist): 92 114 2.1710296752245
list:
dist: 2.1710296752245 vs. 2.1710296752245
--------
nle(id0,id1,dist): 92 113 2.158853114826042
list:
dist: 2.158853114826042 vs. 2.158853114826042
--------
nle(id0,id1,dist): 92 112 1.753710205922346
list:
dist: 1.753710205922346 vs. 1.753710205922346
--------
nle(id0,id1,dist): 92 111 2.2854734594934984
list:
dist: 2.2854734594934984 vs. 2.2854734594934984
--------
nle(id0,id1,dist): 92 110 1.3113705658559607
list:
dist: 1.3113705658559607 vs. 1.3113705658559607
--------
nle(id0,id1,dist): 92 109 2.195933104838732
list:
dist: 2.195933104838732 vs. 2.195933104838732
--------
nle(id0,id1,dist): 97 101 2.083494825749944
list:
dist: 2.083494825749944 vs. 2.083494825749944
--------
nle(id0,id1,dist): 97 100 1.627789807475092
list:
dist: 1.627789807475092 vs. 1.627789807475092
--------
nle(id0,id1,dist): 97 103 2.6051502157848403
list:
dist: 2.6051502157848403 vs. 2.6051502157848403
--------
nle(id0,id1,dist): 97 105 1.9673252629459164
list:
dist: 1.9673252629459164 vs. 1.9673252629459164
--------
nle(id0,id1,dist): 97 106 2.973961354959202
list:
dist: 2.973961354959202 vs. 2.973961354959202
--------
nle(id0,id1,dist): 97 99 2.9859495207423152
list:
dist: 2.9859495207423152 vs. 2.9859495207423152
--------
nle(id0,id1,dist): 96 113 3.4777239207176653
list:
dist: 3.4777239207176653 vs. 3.4777239207176653
--------
nle(id0,id1,dist): 96 114 3.970548889560249
list:
dist: 3.970548889560249 vs. 3.970548889560249
--------
nle(id0,id1,dist): 96 115 4.541291570765966
list:
dist: 4.541291570765966 vs. 4.541291570765966
--------
nle(id0,id1,dist): 96 116 3.9346889126668074
list:
dist: 3.9346889126668074 vs. 3.9346889126668074
--------
nle(id0,id1,dist): 96 117 4.175601467470598
list:
dist: 4.175601467470598 vs. 4.175601467470598
--------
nle(id0,id1,dist): 96 118 3.36459626939975
list:
dist: 3.36459626939975 vs. 3.36459626939975
--------
nle(id0,id1,dist): 96 119 1.8751758523470659
list:
dist: 1.8751758523470659 vs. 1.8751758523470659
--------
nle(id0,id1,dist): 98 102 0.9713350936492038
list:
dist: 0.9713350936492038 vs. 0.9713350936492038
--------
nle(id0,id1,dist): 98 99 2.285863366500661
list:
dist: 2.285863366500661 vs. 2.285863366500661
--------
nle(id0,id1,dist): 97 119 3.2636331790627673
list:
dist: 3.2636331790627673 vs. 3.2636331790627673
--------
nle(id0,id1,dist): 95 115 3.490194539577521
list:
dist: 3.490194539577521 vs. 3.490194539577521
--------
nle(id0,id1,dist): 95 114 2.7411310300640586
list:
dist: 2.7411310300640586 vs. 2.7411310300640586
--------
nle(id0,id1,dist): 95 117 3.0285614279936253
list:
dist: 3.0285614279936253 vs. 3.0285614279936253
--------
nle(id0,id1,dist): 95 116 2.4045746982585774
list:
dist: 2.4045746982585774 vs. 2.4045746982585774
--------
nle(id0,id1,dist): 95 111 2.008882765965247
list:
dist: 2.008882765965247 vs. 2.008882765965247
--------
nle(id0,id1,dist): 95 110 1.9596248250054098
list:
dist: 1.9596248250054098 vs. 1.9596248250054098
--------
nle(id0,id1,dist): 95 113 2.3672289543904004
list:
dist: 2.3672289543904004 vs. 2.3672289543904004
--------
nle(id0,id1,dist): 95 112 1.2476053261423004
list:
dist: 1.2476053261423004 vs. 1.2476053261423004
--------
nle(id0,id1,dist): 95 107 2.0324573351147284
list:
dist: 2.0324573351147284 vs. 2.0324573351147284
--------
nle(id0,id1,dist): 95 106 2.143473359694232
list:
dist: 2.143473359694232 vs. 2.143473359694232
--------
nle(id0,id1,dist): 95 109 2.5336296357098207
list:
dist: 2.5336296357098207 vs. 2.5336296357098207
--------
nle(id0,id1,dist): 95 108 1.7020904952930678
list:
dist: 1.7020904952930678 vs. 1.7020904952930678
--------
nle(id0,id1,dist): 95 103 1.7934030048655565
list:
dist: 1.7934030048655565 vs. 1.7934030048655565
--------
nle(id0,id1,dist): 95 102 2.2858832309403176
list:
dist: 2.2858832309403176 vs. 2.2858832309403176
--------
nle(id0,id1,dist): 95 105 2.212322231771756
list:
dist: 2.212322231771756 vs. 2.212322231771756
--------
nle(id0,id1,dist): 95 104 1.8628730738005541
list:
dist: 1.8628730738005541 vs. 1.8628730738005541
--------
nle(id0,id1,dist): 95 98 2.2948331099826094
list:
dist: 2.2948331099826094 vs. 2.2948331099826094
--------
nle(id0,id1,dist): 95 99 0.8339692465327078
list:
dist: 0.8339692465327078 vs. 0.8339692465327078
--------
nle(id0,id1,dist): 95 100 2.2936423717027394
list:
dist: 2.2936423717027394 vs. 2.2936423717027394
--------
nle(id0,id1,dist): 95 101 2.9787198334098424
list:
dist: 2.9787198334098424 vs. 2.9787198334098424
--------
nle(id0,id1,dist): 95 96 1.7305830211394904
list:
dist: 1.7305830211394904 vs. 1.7305830211394904
--------
nle(id0,id1,dist): 95 97 3.2113018373050575
list:
dist: 3.2113018373050575 vs. 3.2113018373050575
--------
nle(id0,id1,dist): 96 112 2.880369765549534
list:
dist: 2.880369765549534 vs. 2.880369765549534
--------
nle(id0,id1,dist): 96 111 3.6623741633815423
list:
dist: 3.6623741633815423 vs. 3.6623741633815423
--------
nle(id0,id1,dist): 96 110 2.891347501575663
list:
dist: 2.891347501575663 vs. 2.891347501575663
--------
nle(id0,id1,dist): 96 109 3.104022882640925
list:
dist: 3.104022882640925 vs. 3.104022882640925
--------
nle(id0,id1,dist): 96 108 2.556805848277074
list:
dist: 2.556805848277074 vs. 2.556805848277074
--------
nle(id0,id1,dist): 96 107 2.8796000455835373
list:
dist: 2.8796000455835373 vs. 2.8796000455835373
--------
nle(id0,id1,dist): 96 106 1.9437992519005587
list:
dist: 1.9437992519005587 vs. 1.9437992519005587
--------
nle(id0,id1,dist): 96 105 1.5243679326171515
list:
dist: 1.5243679326171515 vs. 1.5243679326171515
--------
nle(id0,id1,dist): 96 104 3.031450513873075
list:
dist: 3.031450513873075 vs. 3.031450513873075
--------
nle(id0,id1,dist): 96 103 1.615384049395389
list:
dist: 1.615384049395389 vs. 1.615384049395389
--------
nle(id0,id1,dist): 96 102 3.6139346440161533
list:
dist: 3.6139346440161533 vs. 3.6139346440161533
--------
nle(id0,id1,dist): 96 101 1.7318517762224384
list:
dist: 1.7318517762224384 vs. 1.7318517762224384
--------
nle(id0,id1,dist): 96 100 0.9200177603347716
list:
dist: 0.9200177603347716 vs. 0.9200177603347716
--------
nle(id0,id1,dist): 96 99 1.493784752469594
list:
dist: 1.493784752469594 vs. 1.493784752469594
--------
nle(id0,id1,dist): 96 98 3.5554375358370858
list:
dist: 3.5554375358370858 vs. 3.5554375358370858
--------
nle(id0,id1,dist): 96 97 1.5223176338893696
list:
dist: 1.5223176338893696 vs. 1.5223176338893696
--------
nle(id0,id1,dist): 95 118 2.323639200435923
list:
dist: 2.323639200435923 vs. 2.323639200435923
--------
nle(id0,id1,dist): 95 119 0.935990599996899
list:
dist: 0.935990599996899 vs. 0.935990599996899
--------
nle(id0,id1,dist): 87 88 2.902743310307962
list:
dist: 2.902743310307962 vs. 2.902743310307962
--------
nle(id0,id1,dist): 87 89 4.193657664108969
list:
dist: 4.193657664108969 vs. 4.193657664108969
--------
nle(id0,id1,dist): 85 87 0.88768318966859
list:
dist: 0.88768318966859 vs. 0.88768318966859
--------
nle(id0,id1,dist): 85 86 3.0459961927113617
list:
dist: 3.0459961927113617 vs. 3.0459961927113617
--------
nle(id0,id1,dist): 85 88 2.0755988554769687
list:
dist: 2.0755988554769687 vs. 2.0755988554769687
--------
nle(id0,id1,dist): 85 89 3.3517198423661263
list:
dist: 3.3517198423661263 vs. 3.3517198423661263
--------
nle(id0,id1,dist): 86 87 3.388737275378109
list:
dist: 3.388737275378109 vs. 3.388737275378109
--------
nle(id0,id1,dist): 86 88 2.343383402041826
list:
dist: 2.343383402041826 vs. 2.343383402041826
--------
nle(id0,id1,dist): 86 89 3.1516776271303475
list:
dist: 3.1516776271303475 vs. 3.1516776271303475
--------
nle(id0,id1,dist): 90 93 2.1260541662662544
list:
dist: 2.1260541662662544 vs. 2.1260541662662544
--------
nle(id0,id1,dist): 90 94 1.7184233703733176
list:
dist: 1.7184233703733176 vs. 1.7184233703733176
--------
nle(id0,id1,dist): 90 91 1.3297016304322613
list:
dist: 1.3297016304322613 vs. 1.3297016304322613
--------
nle(id0,id1,dist): 90 92 1.3305118700375345
list:
dist: 1.3305118700375345 vs. 1.3305118700375345
--------
nle(id0,id1,dist): 90 106 1.048503379656788
list:
dist: 1.048503379656788 vs. 1.048503379656788
--------
nle(id0,id1,dist): 90 105 2.3558757083571114
list:
dist: 2.3558757083571114 vs. 2.3558757083571114
--------
nle(id0,id1,dist): 90 103 1.5859322819938546
list:
dist: 1.5859322819938546 vs. 1.5859322819938546
--------
nle(id0,id1,dist): 90 110 1.9351889383870597
list:
dist: 1.9351889383870597 vs. 1.9351889383870597
--------
nle(id0,id1,dist): 90 107 1.8371147083877366
list:
dist: 1.8371147083877366 vs. 1.8371147083877366
--------
nle(id0,id1,dist): 90 97 2.5037717067263805
list:
dist: 2.5037717067263805 vs. 2.5037717067263805
--------
nle(id0,id1,dist): 90 96 1.320524641107634
list:
dist: 1.320524641107634 vs. 1.320524641107634
--------
nle(id0,id1,dist): 90 95 1.8432068084349458
list:
dist: 1.8432068084349458 vs. 1.8432068084349458
--------
nle(id0,id1,dist): 90 101 1.5393954115192086
list:
dist: 1.5393954115192086 vs. 1.5393954115192086
--------
nle(id0,id1,dist): 90 100 0.9162562618620738
list:
dist: 0.9162562618620738 vs. 0.9162562618620738
--------
nle(id0,id1,dist): 90 99 1.0741418698919587
list:
dist: 1.0741418698919587 vs. 1.0741418698919587
--------
nle(id0,id1,dist): 90 119 1.6440444927051374
list:
dist: 1.6440444927051374 vs. 1.6440444927051374
--------
nle(id0,id1,dist): 90 118 2.3706797900029284
list:
dist: 2.3706797900029284 vs. 2.3706797900029284
--------
nle(id0,id1,dist): 91 99 0.6592581568188417
list:
dist: 0.6592581568188417 vs. 0.6592581568188417
--------
nle(id0,id1,dist): 91 98 1.7618771153385777
list:
dist: 1.7618771153385777 vs. 1.7618771153385777
--------
nle(id0,id1,dist): 91 101 2.8305469410103914
list:
dist: 2.8305469410103914 vs. 2.8305469410103914
--------
nle(id0,id1,dist): 91 100 2.0998428636745676
list:
dist: 2.0998428636745676 vs. 2.0998428636745676
--------
nle(id0,id1,dist): 91 103 1.450298219347617
list:
dist: 1.450298219347617 vs. 1.450298219347617
--------
nle(id0,id1,dist): 91 102 1.607886164562991
list:
dist: 1.607886164562991 vs. 1.607886164562991
--------
nle(id0,id1,dist): 91 105 2.5027783648298985
list:
dist: 2.5027783648298985 vs. 2.5027783648298985
--------
nle(id0,id1,dist): 91 104 1.4922619256338032
list:
dist: 1.4922619256338032 vs. 1.4922619256338032
--------
nle(id0,id1,dist): 91 93 1.9435678618716832
list:
dist: 1.9435678618716832 vs. 1.9435678618716832
--------
nle(id0,id1,dist): 91 92 0.5456781736081857
list:
dist: 0.5456781736081857 vs. 0.5456781736081857
--------
nle(id0,id1,dist): 91 95 1.2377426549703567
list:
dist: 1.2377426549703567 vs. 1.2377426549703567
--------
nle(id0,id1,dist): 91 94 2.5013329615207907
list:
dist: 2.5013329615207907 vs. 2.5013329615207907
--------
nle(id0,id1,dist): 91 97 3.4639778173919464
list:
dist: 3.4639778173919464 vs. 3.4639778173919464
--------
nle(id0,id1,dist): 91 96 2.0442918537598205
list:
dist: 2.0442918537598205 vs. 2.0442918537598205
--------
nle(id0,id1,dist): 88 89 1.364385965736435
list:
dist: 1.364385965736435 vs. 1.364385965736435
--------
nle(id0,id1,dist): 81 82 2.410194595918903
list:
dist: 2.410194595918903 vs. 2.410194595918903
--------
nle(id0,id1,dist): 81 83 1.9133798010242515
list:
dist: 1.9133798010242515 vs. 1.9133798010242515
--------
nle(id0,id1,dist): 81 86 2.75524044558658
list:
dist: 2.75524044558658 vs. 2.75524044558658
--------
nle(id0,id1,dist): 81 87 2.403492558903033
list:
dist: 2.403492558903033 vs. 2.403492558903033
--------
nle(id0,id1,dist): 81 84 2.5798788253621723
list:
dist: 2.5798788253621723 vs. 2.5798788253621723
--------
nle(id0,id1,dist): 81 85 2.718396488272599
list:
dist: 2.718396488272599 vs. 2.718396488272599
--------
nle(id0,id1,dist): 80 85 2.548307619828307
list:
dist: 2.548307619828307 vs. 2.548307619828307
--------
nle(id0,id1,dist): 80 86 3.6799462624038717
list:
dist: 3.6799462624038717 vs. 3.6799462624038717
--------
nle(id0,id1,dist): 80 87 1.8000808514278948
list:
dist: 1.8000808514278948 vs. 1.8000808514278948
--------
nle(id0,id1,dist): 80 81 1.5360143461286186
list:
dist: 1.5360143461286186 vs. 1.5360143461286186
--------
nle(id0,id1,dist): 80 82 1.485077631259345
list:
dist: 1.485077631259345 vs. 1.485077631259345
--------
nle(id0,id1,dist): 80 83 2.4982081720859033
list:
dist: 2.4982081720859033 vs. 2.4982081720859033
--------
nle(id0,id1,dist): 80 84 1.6113762767849653
list:
dist: 1.6113762767849653 vs. 1.6113762767849653
--------
nle(id0,id1,dist): 79 108 2.688800382842846
list:
dist: 2.688800382842846 vs. 2.688800382842846
--------
nle(id0,id1,dist): 79 102 2.274300794577016
list:
dist: 2.274300794577016 vs. 2.274300794577016
--------
nle(id0,id1,dist): 79 104 2.2222488587181255
list:
dist: 2.2222488587181255 vs. 2.2222488587181255
--------
nle(id0,id1,dist): 79 115 2.6597653510763037
list:
dist: 2.6597653510763037 vs. 2.6597653510763037
--------
nle(id0,id1,dist): 79 114 2.4326390069982367
list:
dist: 2.4326390069982367 vs. 2.4326390069982367
--------
nle(id0,id1,dist): 79 117 2.444685788452969
list:
dist: 2.444685788452969 vs. 2.444685788452969
--------
nle(id0,id1,dist): 79 116 1.338314118825104
list:
dist: 1.338314118825104 vs. 1.338314118825104
--------
nle(id0,id1,dist): 79 111 1.1242615933394304
list:
dist: 1.1242615933394304 vs. 1.1242615933394304
--------
nle(id0,id1,dist): 79 113 2.137161359881687
list:
dist: 2.137161359881687 vs. 2.137161359881687
--------
nle(id0,id1,dist): 79 112 1.9892946960110094
list:
dist: 1.9892946960110094 vs. 1.9892946960110094
--------
nle(id0,id1,dist): 79 98 2.0947176098466165
list:
dist: 2.0947176098466165 vs. 2.0947176098466165
--------
nle(id0,id1,dist): 78 80 2.5799496723553244
list:
dist: 2.5799496723553244 vs. 2.5799496723553244
--------
nle(id0,id1,dist): 78 82 3.236665418457452
list:
dist: 3.236665418457452 vs. 3.236665418457452
--------
nle(id0,id1,dist): 78 81 2.248907115693746
list:
dist: 2.248907115693746 vs. 2.248907115693746
--------
nle(id0,id1,dist): 78 83 0.45522698610820034
list:
dist: 0.45522698610820034 vs. 0.45522698610820034
--------
nle(id0,id1,dist): 78 86 2.3893672512602406
list:
dist: 2.3893672512602406 vs. 2.3893672512602406
--------
nle(id0,id1,dist): 78 85 0.8572620178094846
list:
dist: 0.8572620178094846 vs. 0.8572620178094846
--------
nle(id0,id1,dist): 78 88 1.7440819405596775
list:
dist: 1.7440819405596775 vs. 1.7440819405596775
--------
nle(id0,id1,dist): 78 87 1.420836943565952
list:
dist: 1.420836943565952 vs. 1.420836943565952
--------
nle(id0,id1,dist): 78 89 3.1069705915012884
list:
dist: 3.1069705915012884 vs. 3.1069705915012884
--------
nle(id0,id1,dist): 83 86 2.1779962942850397
list:
dist: 2.1779962942850397 vs. 2.1779962942850397
--------
nle(id0,id1,dist): 83 87 1.6721021613336202
list:
dist: 1.6721021613336202 vs. 1.6721021613336202
--------
nle(id0,id1,dist): 83 88 1.9299409445147468
list:
dist: 1.9299409445147468 vs. 1.9299409445147468
--------
nle(id0,id1,dist): 83 89 3.280785116610018
list:
dist: 3.280785116610018 vs. 3.280785116610018
--------
nle(id0,id1,dist): 83 85 1.276973171645017
list:
dist: 1.276973171645017 vs. 1.276973171645017
--------
nle(id0,id1,dist): 82 87 2.3508491705774053
list:
dist: 2.3508491705774053 vs. 2.3508491705774053
--------
nle(id0,id1,dist): 82 84 1.7362786232690346
list:
dist: 1.7362786232690346 vs. 1.7362786232690346
--------
nle(id0,id1,dist): 82 83 3.1886215407469978
list:
dist: 3.1886215407469978 vs. 3.1886215407469978
--------
nle(id0,id1,dist): 82 86 4.859320380175009
list:
dist: 4.859320380175009 vs. 4.859320380175009
--------
nle(id0,id1,dist): 82 85 3.08880341653306
list:
dist: 3.08880341653306 vs. 3.08880341653306
--------
nle(id0,id1,dist): 74 75 2.0701215585796953
list:
dist: 2.0701215585796953 vs. 2.0701215585796953
--------
nle(id0,id1,dist): 74 78 2.9018142452467472
list:
dist: 2.9018142452467472 vs. 2.9018142452467472
--------
nle(id0,id1,dist): 74 77 2.4627827271416654
list:
dist: 2.4627827271416654 vs. 2.4627827271416654
--------
nle(id0,id1,dist): 74 83 3.3252701530294932
list:
dist: 3.3252701530294932 vs. 3.3252701530294932
--------
nle(id0,id1,dist): 74 85 2.3161183398456586
list:
dist: 2.3161183398456586 vs. 2.3161183398456586
--------
nle(id0,id1,dist): 74 87 2.876272823978403
list:
dist: 2.876272823978403 vs. 2.876272823978403
--------
nle(id0,id1,dist): 74 88 2.887791572861817
list:
dist: 2.887791572861817 vs. 2.887791572861817
--------
nle(id0,id1,dist): 74 89 3.472900882208164
list:
dist: 3.472900882208164 vs. 3.472900882208164
--------
nle(id0,id1,dist): 72 74 2.1692298386434454
list:
dist: 2.1692298386434454 vs. 2.1692298386434454
--------
nle(id0,id1,dist): 72 73 2.7212399948772603
list:
dist: 2.7212399948772603 vs. 2.7212399948772603
--------
nle(id0,id1,dist): 72 75 1.9921905266112483
list:
dist: 1.9921905266112483 vs. 1.9921905266112483
--------
nle(id0,id1,dist): 72 78 1.7533162550570547
list:
dist: 1.7533162550570547 vs. 1.7533162550570547
--------
nle(id0,id1,dist): 72 77 1.1277473419572857
list:
dist: 1.1277473419572857 vs. 1.1277473419572857
--------
nle(id0,id1,dist): 72 80 2.708981322236233
list:
dist: 2.708981322236233 vs. 2.708981322236233
--------
nle(id0,id1,dist): 72 82 2.614592270841245
list:
dist: 2.614592270841245 vs. 2.614592270841245
--------
nle(id0,id1,dist): 72 83 2.0449329359453494
list:
dist: 2.0449329359453494 vs. 2.0449329359453494
--------
nle(id0,id1,dist): 72 85 1.2058859516713551
list:
dist: 1.2058859516713551 vs. 1.2058859516713551
--------
nle(id0,id1,dist): 72 88 3.0257151546960244
list:
dist: 3.0257151546960244 vs. 3.0257151546960244
--------
nle(id0,id1,dist): 72 87 1.2386047510351117
list:
dist: 1.2386047510351117 vs. 1.2386047510351117
--------
nle(id0,id1,dist): 72 89 4.228917753050735
list:
dist: 4.228917753050735 vs. 4.228917753050735
--------
nle(id0,id1,dist): 71 81 1.529989286854936
list:
dist: 1.529989286854936 vs. 1.529989286854936
--------
nle(id0,id1,dist): 71 80 1.4644041909380816
list:
dist: 1.4644041909380816 vs. 1.4644041909380816
--------
nle(id0,id1,dist): 71 78 1.7564647649021943
list:
dist: 1.7564647649021943 vs. 1.7564647649021943
--------
nle(id0,id1,dist): 71 85 1.8649957853359944
list:
dist: 1.8649957853359944 vs. 1.8649957853359944
--------
nle(id0,id1,dist): 71 84 2.7308959863084485
list:
dist: 2.7308959863084485 vs. 2.7308959863084485
--------
nle(id0,id1,dist): 71 83 1.6547918407813782
list:
dist: 1.6547918407813782 vs. 1.6547918407813782
--------
nle(id0,id1,dist): 71 82 1.5691723633308687
list:
dist: 1.5691723633308687 vs. 1.5691723633308687
--------
nle(id0,id1,dist): 71 87 1.4537251584709483
list:
dist: 1.4537251584709483 vs. 1.4537251584709483
--------
nle(id0,id1,dist): 71 86 3.5232618387713726
list:
dist: 3.5232618387713726 vs. 3.5232618387713726
--------
nle(id0,id1,dist): 77 88 2.073518463556207
list:
dist: 2.073518463556207 vs. 2.073518463556207
--------
nle(id0,id1,dist): 77 89 3.3831602678844326
list:
dist: 3.3831602678844326 vs. 3.3831602678844326
--------
nle(id0,id1,dist): 77 85 0.6448986794575637
list:
dist: 0.6448986794575637 vs. 0.6448986794575637
--------
nle(id0,id1,dist): 77 86 3.050214035674864
list:
dist: 3.050214035674864 vs. 3.050214035674864
--------
nle(id0,id1,dist): 77 87 1.22572002628289
list:
dist: 1.22572002628289 vs. 1.22572002628289
--------
nle(id0,id1,dist): 77 80 2.6332650636499992
list:
dist: 2.6332650636499992 vs. 2.6332650636499992
--------
nle(id0,id1,dist): 77 81 2.5420622345774655
list:
dist: 2.5420622345774655 vs. 2.5420622345774655
--------
nle(id0,id1,dist): 77 82 3.0027110183132453
list:
dist: 3.0027110183132453 vs. 3.0027110183132453
--------
nle(id0,id1,dist): 77 83 0.9834887929341541
list:
dist: 0.9834887929341541 vs. 0.9834887929341541
--------
nle(id0,id1,dist): 76 89 3.8701521799719774
list:
dist: 3.8701521799719774 vs. 3.8701521799719774
--------
nle(id0,id1,dist): 76 87 3.0436768147134323
list:
dist: 3.0436768147134323 vs. 3.0436768147134323
--------
nle(id0,id1,dist): 76 88 2.8307658388714447
list:
dist: 2.8307658388714447 vs. 2.8307658388714447
--------
nle(id0,id1,dist): 76 85 2.913342914851816
list:
dist: 2.913342914851816 vs. 2.913342914851816
--------
nle(id0,id1,dist): 76 86 0.9331266105801828
list:
dist: 0.9331266105801828 vs. 0.9331266105801828
--------
nle(id0,id1,dist): 77 78 0.6616114055056663
list:
dist: 0.6616114055056663 vs. 0.6616114055056663
--------
nle(id0,id1,dist): 76 78 2.237682450201742
list:
dist: 2.237682450201742 vs. 2.237682450201742
--------
nle(id0,id1,dist): 76 77 2.8643648706356153
list:
dist: 2.8643648706356153 vs. 2.8643648706356153
--------
nle(id0,id1,dist): 76 80 2.9475775855736606
list:
dist: 2.9475775855736606 vs. 2.9475775855736606
--------
nle(id0,id1,dist): 76 82 4.130943793948051
list:
dist: 4.130943793948051 vs. 4.130943793948051
--------
nle(id0,id1,dist): 76 81 1.891052245377816
list:
dist: 1.891052245377816 vs. 1.891052245377816
--------
nle(id0,id1,dist): 76 83 1.92232375898244
list:
dist: 1.92232375898244 vs. 1.92232375898244
--------
nle(id0,id1,dist): 75 85 1.1472790216940323
list:
dist: 1.1472790216940323 vs. 1.1472790216940323
--------
nle(id0,id1,dist): 75 83 1.539417917898767
list:
dist: 1.539417917898767 vs. 1.539417917898767
--------
nle(id0,id1,dist): 75 89 2.258513556323398
list:
dist: 2.258513556323398 vs. 2.258513556323398
--------
nle(id0,id1,dist): 75 88 1.0669863611118557
list:
dist: 1.0669863611118557 vs. 1.0669863611118557
--------
nle(id0,id1,dist): 75 87 2.0318815768424328
list:
dist: 2.0318815768424328 vs. 2.0318815768424328
--------
nle(id0,id1,dist): 75 86 2.8570145270520415
list:
dist: 2.8570145270520415 vs. 2.8570145270520415
--------
nle(id0,id1,dist): 75 77 1.19805179975458
list:
dist: 1.19805179975458 vs. 1.19805179975458
--------
nle(id0,id1,dist): 75 76 3.047825057706297
list:
dist: 3.047825057706297 vs. 3.047825057706297
--------
nle(id0,id1,dist): 75 78 1.1607142680153337
list:
dist: 1.1607142680153337 vs. 1.1607142680153337
--------
nle(id0,id1,dist): 120 122 1.794811376486087
list:
dist: 1.794811376486087 vs. 1.794811376486087
--------
nle(id0,id1,dist): 120 124 2.1005212434068334
list:
dist: 2.1005212434068334 vs. 2.1005212434068334
--------
nle(id0,id1,dist): 120 123 2.9627123307889005
list:
dist: 2.9627123307889005 vs. 2.9627123307889005
--------
nle(id0,id1,dist): 120 127 1.0702893930004502
list:
dist: 1.0702893930004502 vs. 1.0702893930004502
--------
nle(id0,id1,dist): 121 142 2.3654397739414876
list:
dist: 2.3654397739414876 vs. 2.3654397739414876
--------
nle(id0,id1,dist): 121 143 2.7287286437000655
list:
dist: 2.7287286437000655 vs. 2.7287286437000655
--------
nle(id0,id1,dist): 121 141 1.634073660599733
list:
dist: 1.634073660599733 vs. 1.634073660599733
--------
nle(id0,id1,dist): 121 147 2.0985183131884155
list:
dist: 2.0985183131884155 vs. 2.0985183131884155
--------
nle(id0,id1,dist): 121 145 2.0682635897090287
list:
dist: 2.0682635897090287 vs. 2.0682635897090287
--------
nle(id0,id1,dist): 121 133 3.036300587814782
list:
dist: 3.036300587814782 vs. 3.036300587814782
--------
nle(id0,id1,dist): 121 136 2.9997928166272314
list:
dist: 2.9997928166272314 vs. 2.9997928166272314
--------
nle(id0,id1,dist): 121 137 3.161793376062654
list:
dist: 3.161793376062654 vs. 3.161793376062654
--------
nle(id0,id1,dist): 121 127 2.4225103140537305
list:
dist: 2.4225103140537305 vs. 2.4225103140537305
--------
nle(id0,id1,dist): 121 126 3.0603856199242787
list:
dist: 3.0603856199242787 vs. 3.0603856199242787
--------
nle(id0,id1,dist): 121 125 1.4962447829469023
list:
dist: 1.4962447829469023 vs. 1.4962447829469023
--------
nle(id0,id1,dist): 121 124 0.8515848796967307
list:
dist: 0.8515848796967307 vs. 0.8515848796967307
--------
nle(id0,id1,dist): 121 131 2.667305107945255
list:
dist: 2.667305107945255 vs. 2.667305107945255
--------
nle(id0,id1,dist): 121 129 2.9337429174208243
list:
dist: 2.9337429174208243 vs. 2.9337429174208243
--------
nle(id0,id1,dist): 121 128 2.1451000812123366
list:
dist: 2.1451000812123366 vs. 2.1451000812123366
--------
nle(id0,id1,dist): 121 123 1.496679325848691
list:
dist: 1.496679325848691 vs. 1.496679325848691
--------
nle(id0,id1,dist): 121 122 1.8888513392184292
list:
dist: 1.8888513392184292 vs. 1.8888513392184292
--------
nle(id0,id1,dist): 122 127 2.4234503021559486
list:
dist: 2.4234503021559486 vs. 2.4234503021559486
--------
nle(id0,id1,dist): 122 141 1.2922549934860545
list:
dist: 1.2922549934860545 vs. 1.2922549934860545
--------
nle(id0,id1,dist): 122 123 3.101922978398833
list:
dist: 3.101922978398833 vs. 3.101922978398833
--------
nle(id0,id1,dist): 122 124 1.1032011252098228
list:
dist: 1.1032011252098228 vs. 1.1032011252098228
--------
nle(id0,id1,dist): 122 125 3.3049436102426006
list:
dist: 3.3049436102426006 vs. 3.3049436102426006
--------
nle(id0,id1,dist): 123 129 1.477037149488804
list:
dist: 1.477037149488804 vs. 1.477037149488804
--------
nle(id0,id1,dist): 123 128 1.0996465118147585
list:
dist: 1.0996465118147585 vs. 1.0996465118147585
--------
nle(id0,id1,dist): 123 127 2.3081151653213374
list:
dist: 2.3081151653213374 vs. 2.3081151653213374
--------
nle(id0,id1,dist): 123 125 1.7744243950530423
list:
dist: 1.7744243950530423 vs. 1.7744243950530423
--------
nle(id0,id1,dist): 123 124 2.170245793802658
list:
dist: 2.170245793802658 vs. 2.170245793802658
--------
nle(id0,id1,dist): 123 137 1.978724729009409
list:
dist: 1.978724729009409 vs. 1.978724729009409
--------
nle(id0,id1,dist): 123 136 1.5439292987202227
list:
dist: 1.5439292987202227 vs. 1.5439292987202227
--------
nle(id0,id1,dist): 123 134 2.302140266091036
list:
dist: 2.302140266091036 vs. 2.302140266091036
--------
nle(id0,id1,dist): 123 132 1.5254871763102036
list:
dist: 1.5254871763102036 vs. 1.5254871763102036
--------
nle(id0,id1,dist): 123 131 1.4188193602025905
list:
dist: 1.4188193602025905 vs. 1.4188193602025905
--------
nle(id0,id1,dist): 123 130 2.345609101292364
list:
dist: 2.345609101292364 vs. 2.345609101292364
--------
nle(id0,id1,dist): 122 147 3.7739671128079366
list:
dist: 3.7739671128079366 vs. 3.7739671128079366
--------
nle(id0,id1,dist): 122 145 3.394408828657972
list:
dist: 3.394408828657972 vs. 3.394408828657972
--------
nle(id0,id1,dist): 124 125 2.2635634058126866
list:
dist: 2.2635634058126866 vs. 2.2635634058126866
--------
nle(id0,id1,dist): 124 128 2.9498746725358393
list:
dist: 2.9498746725358393 vs. 2.9498746725358393
--------
nle(id0,id1,dist): 124 127 2.215902701196813
list:
dist: 2.215902701196813 vs. 2.215902701196813
--------
nle(id0,id1,dist): 124 130 4.258032729810015
list:
dist: 4.258032729810015 vs. 4.258032729810015
--------
nle(id0,id1,dist): 124 129 3.5836744958800457
list:
dist: 3.5836744958800457 vs. 3.5836744958800457
--------
nle(id0,id1,dist): 124 131 3.078072045921509
list:
dist: 3.078072045921509 vs. 3.078072045921509
--------
nle(id0,id1,dist): 123 138 2.0576568831699342
list:
dist: 2.0576568831699342 vs. 2.0576568831699342
--------
nle(id0,id1,dist): 123 139 2.785910281767725
list:
dist: 2.785910281767725 vs. 2.785910281767725
--------
nle(id0,id1,dist): 123 140 2.3662824180522675
list:
dist: 2.3662824180522675 vs. 2.3662824180522675
--------
nle(id0,id1,dist): 123 141 2.9853528824671502
list:
dist: 2.9853528824671502 vs. 2.9853528824671502
--------
nle(id0,id1,dist): 123 142 1.873895571335764
list:
dist: 1.873895571335764 vs. 1.873895571335764
--------
nle(id0,id1,dist): 123 144 2.52366382288338
list:
dist: 2.52366382288338 vs. 2.52366382288338
--------
nle(id0,id1,dist): 123 145 1.5865601018756963
list:
dist: 1.5865601018756963 vs. 1.5865601018756963
--------
nle(id0,id1,dist): 123 146 1.9368470570524108
list:
dist: 1.9368470570524108 vs. 1.9368470570524108
--------
nle(id0,id1,dist): 123 147 2.308474306935033
list:
dist: 2.308474306935033 vs. 2.308474306935033
--------
nle(id0,id1,dist): 123 148 2.1050646689444106
list:
dist: 2.1050646689444106 vs. 2.1050646689444106
--------
nle(id0,id1,dist): 125 127 3.659566398944186
list:
dist: 3.659566398944186 vs. 3.659566398944186
--------
nle(id0,id1,dist): 125 126 1.814876563137791
list:
dist: 1.814876563137791 vs. 1.814876563137791
--------
nle(id0,id1,dist): 124 136 3.713343836336227
list:
dist: 3.713343836336227 vs. 3.713343836336227
--------
nle(id0,id1,dist): 124 137 3.936244959765511
list:
dist: 3.936244959765511 vs. 3.936244959765511
--------
nle(id0,id1,dist): 124 141 0.9740680143399957
list:
dist: 0.9740680143399957 vs. 0.9740680143399957
--------
nle(id0,id1,dist): 124 142 3.1865517402004975
list:
dist: 3.1865517402004975 vs. 3.1865517402004975
--------
nle(id0,id1,dist): 124 147 2.7037471700964795
list:
dist: 2.7037471700964795 vs. 2.7037471700964795
--------
nle(id0,id1,dist): 124 145 2.428733538634487
list:
dist: 2.428733538634487 vs. 2.428733538634487
--------
nle(id0,id1,dist): 112 119 1.4447684984672369
list:
dist: 1.4447684984672369 vs. 1.4447684984672369
--------
nle(id0,id1,dist): 112 117 2.445019038011994
list:
dist: 2.445019038011994 vs. 2.445019038011994
--------
nle(id0,id1,dist): 112 118 1.5613505018583915
list:
dist: 1.5613505018583915 vs. 1.5613505018583915
--------
nle(id0,id1,dist): 112 115 3.1371928197765766
list:
dist: 3.1371928197765766 vs. 3.1371928197765766
--------
nle(id0,id1,dist): 112 116 1.5039097013061833
list:
dist: 1.5039097013061833 vs. 1.5039097013061833
--------
nle(id0,id1,dist): 112 113 2.3043756601860097
list:
dist: 2.3043756601860097 vs. 2.3043756601860097
--------
nle(id0,id1,dist): 112 114 1.9171564537996473
list:
dist: 1.9171564537996473 vs. 1.9171564537996473
--------
nle(id0,id1,dist): 113 116 1.6176510001804802
list:
dist: 1.6176510001804802 vs. 1.6176510001804802
--------
nle(id0,id1,dist): 113 117 1.5462864504335168
list:
dist: 1.5462864504335168 vs. 1.5462864504335168
--------
nle(id0,id1,dist): 113 118 3.2455055536074955
list:
dist: 3.2455055536074955 vs. 3.2455055536074955
--------
nle(id0,id1,dist): 113 119 1.8681818402529298
list:
dist: 1.8681818402529298 vs. 1.8681818402529298
--------
nle(id0,id1,dist): 113 114 2.1184503209929026
list:
dist: 2.1184503209929026 vs. 2.1184503209929026
--------
nle(id0,id1,dist): 113 115 1.3014238686063433
list:
dist: 1.3014238686063433 vs. 1.3014238686063433
--------
nle(id0,id1,dist): 114 117 0.969864770932338
list:
dist: 0.969864770932338 vs. 0.969864770932338
--------
nle(id0,id1,dist): 114 118 1.745712447938056
list:
dist: 1.745712447938056 vs. 1.745712447938056
--------
nle(id0,id1,dist): 114 115 2.036713548330792
list:
dist: 2.036713548330792 vs. 2.036713548330792
--------
nle(id0,id1,dist): 114 116 1.1092991083623598
list:
dist: 1.1092991083623598 vs. 1.1092991083623598
--------
nle(id0,id1,dist): 114 119 2.1629896011859167
list:
dist: 2.1629896011859167 vs. 2.1629896011859167
--------
nle(id0,id1,dist): 115 118 3.648380759028795
list:
dist: 3.648380759028795 vs. 3.648380759028795
--------
nle(id0,id1,dist): 115 119 2.830105371356492
list:
dist: 2.830105371356492 vs. 2.830105371356492
--------
nle(id0,id1,dist): 115 116 1.9180623201149796
list:
dist: 1.9180623201149796 vs. 1.9180623201149796
--------
nle(id0,id1,dist): 115 117 1.0811388715907664
list:
dist: 1.0811388715907664 vs. 1.0811388715907664
--------
nle(id0,id1,dist): 116 117 1.2689101793941506
list:
dist: 1.2689101793941506 vs. 1.2689101793941506
--------
nle(id0,id1,dist): 116 118 2.20518868935074
list:
dist: 2.20518868935074 vs. 2.20518868935074
--------
nle(id0,id1,dist): 116 119 2.098706663772518
list:
dist: 2.098706663772518 vs. 2.098706663772518
--------
nle(id0,id1,dist): 117 118 2.645295049112789
list:
dist: 2.645295049112789 vs. 2.645295049112789
--------
nle(id0,id1,dist): 117 119 2.343966324044365
list:
dist: 2.343966324044365 vs. 2.343966324044365
--------
nle(id0,id1,dist): 118 119 2.1210528540326408
list:
dist: 2.1210528540326408 vs. 2.1210528540326408
--------
nle(id0,id1,dist): 106 119 1.459546226968658
list:
dist: 1.459546226968658 vs. 1.459546226968658
--------
nle(id0,id1,dist): 106 113 2.9355326808938336
list:
dist: 2.9355326808938336 vs. 2.9355326808938336
--------
nle(id0,id1,dist): 106 114 2.6650530021187238
list:
dist: 2.6650530021187238 vs. 2.6650530021187238
--------
nle(id0,id1,dist): 106 111 3.150492228980955
list:
dist: 3.150492228980955 vs. 3.150492228980955
--------
nle(id0,id1,dist): 106 112 2.5863445563593745
list:
dist: 2.5863445563593745 vs. 2.5863445563593745
--------
nle(id0,id1,dist): 106 117 2.9252936652242085
list:
dist: 2.9252936652242085 vs. 2.9252936652242085
--------
nle(id0,id1,dist): 106 118 2.3371802327715803
list:
dist: 2.3371802327715803 vs. 2.3371802327715803
--------
nle(id0,id1,dist): 106 115 3.516388239171462
list:
dist: 3.516388239171462 vs. 3.516388239171462
--------
nle(id0,id1,dist): 106 116 3.1385676101420006
list:
dist: 3.1385676101420006 vs. 3.1385676101420006
--------
nle(id0,id1,dist): 106 110 1.650605815000519
list:
dist: 1.650605815000519 vs. 1.650605815000519
--------
nle(id0,id1,dist): 106 109 2.7980309171662827
list:
dist: 2.7980309171662827 vs. 2.7980309171662827
--------
nle(id0,id1,dist): 106 108 1.906563434846932
list:
dist: 1.906563434846932 vs. 1.906563434846932
--------
nle(id0,id1,dist): 106 107 1.7639763947062677
list:
dist: 1.7639763947062677 vs. 1.7639763947062677
--------
nle(id0,id1,dist): 105 117 3.7940895085548485
list:
dist: 3.7940895085548485 vs. 3.7940895085548485
--------
nle(id0,id1,dist): 105 119 1.982981010920511
list:
dist: 1.982981010920511 vs. 1.982981010920511
--------
nle(id0,id1,dist): 105 109 2.0057812995287962
list:
dist: 2.0057812995287962 vs. 2.0057812995287962
--------
nle(id0,id1,dist): 105 108 2.050871766910735
list:
dist: 2.050871766910735 vs. 2.050871766910735
--------
nle(id0,id1,dist): 105 113 2.770786919039742
list:
dist: 2.770786919039742 vs. 2.770786919039742
--------
nle(id0,id1,dist): 105 115 3.8005208750925745
list:
dist: 3.8005208750925745 vs. 3.8005208750925745
--------
nle(id0,id1,dist): 105 106 2.278427467144785
list:
dist: 2.278427467144785 vs. 2.278427467144785
--------
nle(id0,id1,dist): 108 115 1.9876500585567587
list:
dist: 1.9876500585567587 vs. 1.9876500585567587
--------
nle(id0,id1,dist): 108 116 1.8747762699469566
list:
dist: 1.8747762699469566 vs. 1.8747762699469566
--------
nle(id0,id1,dist): 108 113 1.0523809688216044
list:
dist: 1.0523809688216044 vs. 1.0523809688216044
--------
nle(id0,id1,dist): 108 114 2.0022626177681353
list:
dist: 2.0022626177681353 vs. 2.0022626177681353
--------
nle(id0,id1,dist): 108 111 1.9619830470496114
list:
dist: 1.9619830470496114 vs. 1.9619830470496114
--------
nle(id0,id1,dist): 108 112 1.9464748862200454
list:
dist: 1.9464748862200454 vs. 1.9464748862200454
--------
nle(id0,id1,dist): 108 109 1.169543338198083
list:
dist: 1.169543338198083 vs. 1.169543338198083
--------
nle(id0,id1,dist): 108 110 1.951978016156641
list:
dist: 1.951978016156641 vs. 1.951978016156641
--------
nle(id0,id1,dist): 107 118 0.57776716440671
list:
dist: 0.57776716440671 vs. 0.57776716440671
--------
nle(id0,id1,dist): 107 119 1.7123601656999026
list:
dist: 1.7123601656999026 vs. 1.7123601656999026
--------
nle(id0,id1,dist): 107 114 1.8009430432266047
list:
dist: 1.8009430432266047 vs. 1.8009430432266047
--------
nle(id0,id1,dist): 107 115 3.5278792909039156
list:
dist: 3.5278792909039156 vs. 3.5278792909039156
--------
nle(id0,id1,dist): 107 116 2.296766473316101
list:
dist: 2.296766473316101 vs. 2.296766473316101
--------
nle(id0,id1,dist): 107 117 2.5821277788651695
list:
dist: 2.5821277788651695 vs. 2.5821277788651695
--------
nle(id0,id1,dist): 107 110 0.44738461126293516
list:
dist: 0.44738461126293516 vs. 0.44738461126293516
--------
nle(id0,id1,dist): 107 111 2.205108641337578
list:
dist: 2.205108641337578 vs. 2.205108641337578
--------
nle(id0,id1,dist): 107 112 1.5750760384412104
list:
dist: 1.5750760384412104 vs. 1.5750760384412104
--------
nle(id0,id1,dist): 107 113 3.047215116165003
list:
dist: 3.047215116165003 vs. 3.047215116165003
--------
nle(id0,id1,dist): 107 108 2.3224860119743966
list:
dist: 2.3224860119743966 vs. 2.3224860119743966
--------
nle(id0,id1,dist): 109 115 1.9549604721822362
list:
dist: 1.9549604721822362 vs. 1.9549604721822362
--------
nle(id0,id1,dist): 109 113 1.074276237658991
list:
dist: 1.074276237658991 vs. 1.074276237658991
--------
nle(id0,id1,dist): 109 119 1.988403063137458
list:
dist: 1.988403063137458 vs. 1.988403063137458
--------
nle(id0,id1,dist): 109 117 2.348629640264272
list:
dist: 2.348629640264272 vs. 2.348629640264272
--------
nle(id0,id1,dist): 108 117 1.7743981722233408
list:
dist: 1.7743981722233408 vs. 1.7743981722233408
--------
nle(id0,id1,dist): 108 118 2.6691352213746535
list:
dist: 2.6691352213746535 vs. 2.6691352213746535
--------
nle(id0,id1,dist): 108 119 0.947347056348471
list:
dist: 0.947347056348471 vs. 0.947347056348471
--------
nle(id0,id1,dist): 111 119 1.9525644176009074
list:
dist: 1.9525644176009074 vs. 1.9525644176009074
--------
nle(id0,id1,dist): 111 118 2.0940995745923785
list:
dist: 2.0940995745923785 vs. 2.0940995745923785
--------
nle(id0,id1,dist): 111 116 0.6398727431712201
list:
dist: 0.6398727431712201 vs. 0.6398727431712201
--------
nle(id0,id1,dist): 111 117 1.8600441657819031
list:
dist: 1.8600441657819031 vs. 1.8600441657819031
--------
nle(id0,id1,dist): 111 114 1.5532519405341143
list:
dist: 1.5532519405341143 vs. 1.5532519405341143
--------
nle(id0,id1,dist): 111 115 2.4487306105227473
list:
dist: 2.4487306105227473 vs. 2.4487306105227473
--------
nle(id0,id1,dist): 111 112 1.0203876607684217
list:
dist: 1.0203876607684217 vs. 1.0203876607684217
--------
nle(id0,id1,dist): 111 113 1.835027401615822
list:
dist: 1.835027401615822 vs. 1.835027401615822
--------
nle(id0,id1,dist): 110 111 1.9574527753031892
list:
dist: 1.9574527753031892 vs. 1.9574527753031892
--------
nle(id0,id1,dist): 110 112 1.4797638825508403
list:
dist: 1.4797638825508403 vs. 1.4797638825508403
--------
nle(id0,id1,dist): 110 113 2.646747610124935
list:
dist: 2.646747610124935 vs. 2.646747610124935
--------
nle(id0,id1,dist): 110 114 1.4285873848076014
list:
dist: 1.4285873848076014 vs. 1.4285873848076014
--------
nle(id0,id1,dist): 110 119 1.4780941666210663
list:
dist: 1.4780941666210663 vs. 1.4780941666210663
--------
nle(id0,id1,dist): 110 115 3.085899133957702
list:
dist: 3.085899133957702 vs. 3.085899133957702
--------
nle(id0,id1,dist): 110 116 1.9651971664585868
list:
dist: 1.9651971664585868 vs. 1.9651971664585868
--------
nle(id0,id1,dist): 110 117 2.1514554172317455
list:
dist: 2.1514554172317455 vs. 2.1514554172317455
--------
nle(id0,id1,dist): 110 118 0.8126962896062768
list:
dist: 0.8126962896062768 vs. 0.8126962896062768
--------
nle(id0,id1,dist): 99 107 1.4947680431873793
list:
dist: 1.4947680431873793 vs. 1.4947680431873793
--------
nle(id0,id1,dist): 99 106 1.4085570610195142
list:
dist: 1.4085570610195142 vs. 1.4085570610195142
--------
nle(id0,id1,dist): 99 109 2.7378054255495683
list:
dist: 2.7378054255495683 vs. 2.7378054255495683
--------
nle(id0,id1,dist): 99 108 1.740235372517712
list:
dist: 1.740235372517712 vs. 1.740235372517712
--------
nle(id0,id1,dist): 99 111 2.341144119871772
list:
dist: 2.341144119871772 vs. 2.341144119871772
--------
nle(id0,id1,dist): 99 110 1.4786173830513352
list:
dist: 1.4786173830513352 vs. 1.4786173830513352
--------
nle(id0,id1,dist): 99 113 2.6454381705694487
list:
dist: 2.6454381705694487 vs. 2.6454381705694487
--------
nle(id0,id1,dist): 99 112 1.511376622652653
list:
dist: 1.511376622652653 vs. 1.511376622652653
--------
nle(id0,id1,dist): 99 101 2.416265077317326
list:
dist: 2.416265077317326 vs. 2.416265077317326
--------
nle(id0,id1,dist): 99 100 1.7222889754963393
list:
dist: 1.7222889754963393 vs. 1.7222889754963393
--------
nle(id0,id1,dist): 99 103 1.4456628730739534
list:
dist: 1.4456628730739534 vs. 1.4456628730739534
--------
nle(id0,id1,dist): 99 102 2.155031445215423
list:
dist: 2.155031445215423 vs. 2.155031445215423
--------
nle(id0,id1,dist): 99 105 2.218122440108217
list:
dist: 2.218122440108217 vs. 2.218122440108217
--------
nle(id0,id1,dist): 99 104 1.9114123576257052
list:
dist: 1.9114123576257052 vs. 1.9114123576257052
--------
nle(id0,id1,dist): 99 114 2.5885039229647924
list:
dist: 2.5885039229647924 vs. 2.5885039229647924
--------
nle(id0,id1,dist): 99 115 3.5868544887199643
list:
dist: 3.5868544887199643 vs. 3.5868544887199643
--------
nle(id0,id1,dist): 99 116 2.6058860905092014
list:
dist: 2.6058860905092014 vs. 2.6058860905092014
--------
nle(id0,id1,dist): 99 117 2.9832083158908524
list:
dist: 2.9832083158908524 vs. 2.9832083158908524
--------
nle(id0,id1,dist): 99 118 1.9351988965708933
list:
dist: 1.9351988965708933 vs. 1.9351988965708933
--------
nle(id0,id1,dist): 99 119 0.7962606655055573
list:
dist: 0.7962606655055573 vs. 0.7962606655055573
--------
nle(id0,id1,dist): 98 114 0.7696370615432454
list:
dist: 0.7696370615432454 vs. 0.7696370615432454
--------
nle(id0,id1,dist): 98 113 1.3634012355707168
list:
dist: 1.3634012355707168 vs. 1.3634012355707168
--------
nle(id0,id1,dist): 98 112 1.6930993920147621
list:
dist: 1.6930993920147621 vs. 1.6930993920147621
--------
nle(id0,id1,dist): 98 111 1.2607779348821961
list:
dist: 1.2607779348821961 vs. 1.2607779348821961
--------
nle(id0,id1,dist): 98 118 2.0821876970538353
list:
dist: 2.0821876970538353 vs. 2.0821876970538353
--------
nle(id0,id1,dist): 98 117 0.7669290140800663
list:
dist: 0.7669290140800663 vs. 0.7669290140800663
--------
nle(id0,id1,dist): 98 116 0.8316762943417473
list:
dist: 0.8316762943417473 vs. 0.8316762943417473
--------
nle(id0,id1,dist): 98 115 1.5900335267536725
list:
dist: 1.5900335267536725 vs. 1.5900335267536725
--------
nle(id0,id1,dist): 98 106 2.4836373929205173
list:
dist: 2.4836373929205173 vs. 2.4836373929205173
--------
nle(id0,id1,dist): 98 105 3.353916150569018
list:
dist: 3.353916150569018 vs. 3.353916150569018
--------
nle(id0,id1,dist): 98 104 0.6479343214299182
list:
dist: 0.6479343214299182 vs. 0.6479343214299182
--------
nle(id0,id1,dist): 98 103 2.386307555309348
list:
dist: 2.386307555309348 vs. 2.386307555309348
--------
nle(id0,id1,dist): 98 110 1.5736043123624
list:
dist: 1.5736043123624 vs. 1.5736043123624
--------
nle(id0,id1,dist): 98 109 2.189042968777784
list:
dist: 2.189042968777784 vs. 2.189042968777784
--------
nle(id0,id1,dist): 98 108 1.325941957407977
list:
dist: 1.325941957407977 vs. 1.325941957407977
--------
nle(id0,id1,dist): 98 107 1.9947250224723119
list:
dist: 1.9947250224723119 vs. 1.9947250224723119
--------
nle(id0,id1,dist): 98 119 1.685424343495079
list:
dist: 1.685424343495079 vs. 1.685424343495079
--------
nle(id0,id1,dist): 101 103 2.84325745014976
list:
dist: 2.84325745014976 vs. 2.84325745014976
--------
nle(id0,id1,dist): 101 118 3.6231608375201176
list:
dist: 3.6231608375201176 vs. 3.6231608375201176
--------
nle(id0,id1,dist): 101 119 3.0744561942740365
list:
dist: 3.0744561942740365 vs. 3.0744561942740365
--------
nle(id0,id1,dist): 101 110 3.3784953611860375
list:
dist: 3.3784953611860375 vs. 3.3784953611860375
--------
nle(id0,id1,dist): 101 105 3.101206123370188
list:
dist: 3.101206123370188 vs. 3.101206123370188
--------
nle(id0,id1,dist): 101 106 2.4350031700287507
list:
dist: 2.4350031700287507 vs. 2.4350031700287507
--------
nle(id0,id1,dist): 101 107 3.1697003359448135
list:
dist: 3.1697003359448135 vs. 3.1697003359448135
--------
nle(id0,id1,dist): 100 107 2.746249352117526
list:
dist: 2.746249352117526 vs. 2.746249352117526
--------
nle(id0,id1,dist): 100 106 1.5569459408399682
list:
dist: 1.5569459408399682 vs. 1.5569459408399682
--------
nle(id0,id1,dist): 100 105 2.0156933547373472
list:
dist: 2.0156933547373472 vs. 2.0156933547373472
--------
nle(id0,id1,dist): 100 103 1.7168267466492397
list:
dist: 1.7168267466492397 vs. 1.7168267466492397
--------
nle(id0,id1,dist): 100 101 1.1669004359694848
list:
dist: 1.1669004359694848 vs. 1.1669004359694848
--------
nle(id0,id1,dist): 100 119 2.174316600840126
list:
dist: 2.174316600840126 vs. 2.174316600840126
--------
nle(id0,id1,dist): 100 118 3.2821848630120085
list:
dist: 3.2821848630120085 vs. 3.2821848630120085
--------
nle(id0,id1,dist): 100 110 2.8061802801601203
list:
dist: 2.8061802801601203 vs. 2.8061802801601203
--------
nle(id0,id1,dist): 102 115 2.504634968868604
list:
dist: 2.504634968868604 vs. 2.504634968868604
--------
nle(id0,id1,dist): 102 116 1.0744328021453786
list:
dist: 1.0744328021453786 vs. 1.0744328021453786
--------
nle(id0,id1,dist): 102 117 1.512752433992626
list:
dist: 1.512752433992626 vs. 1.512752433992626
--------
nle(id0,id1,dist): 102 118 1.2126504541584961
list:
dist: 1.2126504541584961 vs. 1.2126504541584961
--------
nle(id0,id1,dist): 102 119 1.873534607507712
list:
dist: 1.873534607507712 vs. 1.873534607507712
--------
nle(id0,id1,dist): 103 105 1.2745052961919097
list:
dist: 1.2745052961919097 vs. 1.2745052961919097
--------
nle(id0,id1,dist): 103 104 1.8429361091329493
list:
dist: 1.8429361091329493 vs. 1.8429361091329493
--------
nle(id0,id1,dist): 103 107 2.4135048222290303
list:
dist: 2.4135048222290303 vs. 2.4135048222290303
--------
nle(id0,id1,dist): 103 106 1.1145515523020806
list:
dist: 1.1145515523020806 vs. 1.1145515523020806
--------
nle(id0,id1,dist): 103 109 1.866337997211565
list:
dist: 1.866337997211565 vs. 1.866337997211565
--------
nle(id0,id1,dist): 103 108 1.275303478748525
list:
dist: 1.275303478748525 vs. 1.275303478748525
--------
nle(id0,id1,dist): 102 106 2.5089030943343156
list:
dist: 2.5089030943343156 vs. 2.5089030943343156
--------
nle(id0,id1,dist): 102 104 1.3917989427283561
list:
dist: 1.3917989427283561 vs. 1.3917989427283561
--------
nle(id0,id1,dist): 102 103 2.747843271616618
list:
dist: 2.747843271616618 vs. 2.747843271616618
--------
nle(id0,id1,dist): 102 110 1.0297711220108965
list:
dist: 1.0297711220108965 vs. 1.0297711220108965
--------
nle(id0,id1,dist): 102 108 1.989072174597384
list:
dist: 1.989072174597384 vs. 1.989072174597384
--------
nle(id0,id1,dist): 102 107 1.3330744741793568
list:
dist: 1.3330744741793568 vs. 1.3330744741793568
--------
nle(id0,id1,dist): 102 114 0.6599361091907228
list:
dist: 0.6599361091907228 vs. 0.6599361091907228
--------
nle(id0,id1,dist): 102 113 2.2545837393760872
list:
dist: 2.2545837393760872 vs. 2.2545837393760872
--------
nle(id0,id1,dist): 102 112 1.341236353230309
list:
dist: 1.341236353230309 vs. 1.341236353230309
--------
nle(id0,id1,dist): 102 111 1.2309275632514638
list:
dist: 1.2309275632514638 vs. 1.2309275632514638
--------
nle(id0,id1,dist): 104 109 1.645029434742848
list:
dist: 1.645029434742848 vs. 1.645029434742848
--------
nle(id0,id1,dist): 104 110 1.6535174508836603
list:
dist: 1.6535174508836603 vs. 1.6535174508836603
--------
nle(id0,id1,dist): 104 111 1.4180667371711346
list:
dist: 1.4180667371711346 vs. 1.4180667371711346
--------
nle(id0,id1,dist): 104 112 1.6265086846414678
list:
dist: 1.6265086846414678 vs. 1.6265086846414678
--------
nle(id0,id1,dist): 104 105 2.7224302339389306
list:
dist: 2.7224302339389306 vs. 2.7224302339389306
--------
nle(id0,id1,dist): 104 106 2.170493722846762
list:
dist: 2.170493722846762 vs. 2.170493722846762
--------
nle(id0,id1,dist): 104 107 2.0633473055443075
list:
dist: 2.0633473055443075 vs. 2.0633473055443075
--------
nle(id0,id1,dist): 104 108 0.6926792026873553
list:
dist: 0.6926792026873553 vs. 0.6926792026873553
--------
nle(id0,id1,dist): 104 117 1.2188477781860916
list:
dist: 1.2188477781860916 vs. 1.2188477781860916
--------
nle(id0,id1,dist): 104 118 2.2864887800149436
list:
dist: 2.2864887800149436 vs. 2.2864887800149436
--------
nle(id0,id1,dist): 104 119 1.1911967788650617
list:
dist: 1.1911967788650617 vs. 1.1911967788650617
--------
nle(id0,id1,dist): 104 113 0.9960268725446324
list:
dist: 0.9960268725446324 vs. 0.9960268725446324
--------
nle(id0,id1,dist): 104 114 1.366208683858789
list:
dist: 1.366208683858789 vs. 1.366208683858789
--------
nle(id0,id1,dist): 104 115 1.693706320445703
list:
dist: 1.693706320445703 vs. 1.693706320445703
--------
nle(id0,id1,dist): 104 116 1.217682734720342
list:
dist: 1.217682734720342 vs. 1.217682734720342
--------
nle(id0,id1,dist): 103 116 2.9969144348886454
list:
dist: 2.9969144348886454 vs. 2.9969144348886454
--------
nle(id0,id1,dist): 103 117 2.8326714565212248
list:
dist: 2.8326714565212248 vs. 2.8326714565212248
--------
nle(id0,id1,dist): 103 114 2.8641689243617074
list:
dist: 2.8641689243617074 vs. 2.8641689243617074
--------
nle(id0,id1,dist): 103 115 3.113380496395054
list:
dist: 3.113380496395054 vs. 3.113380496395054
--------
nle(id0,id1,dist): 103 112 2.5506926859283663
list:
dist: 2.5506926859283663 vs. 2.5506926859283663
--------
nle(id0,id1,dist): 103 113 2.28093458762339
list:
dist: 2.28093458762339 vs. 2.28093458762339
--------
nle(id0,id1,dist): 103 110 2.1888948148530036
list:
dist: 2.1888948148530036 vs. 2.1888948148530036
--------
nle(id0,id1,dist): 103 111 2.9788796577153156
list:
dist: 2.9788796577153156 vs. 2.9788796577153156
--------
nle(id0,id1,dist): 103 118 2.9347322868794703
list:
dist: 2.9347322868794703 vs. 2.9347322868794703
--------
nle(id0,id1,dist): 103 119 1.108372916110773
list:
dist: 1.108372916110773 vs. 1.108372916110773
--------
nle(id0,id1,dist): 147 148 2.2528821827632193
list:
dist: 2.2528821827632193 vs. 2.2528821827632193
--------
nle(id0,id1,dist): 148 149 1.7293260623500446
list:
dist: 1.7293260623500446 vs. 1.7293260623500446
--------
nle(id0,id1,dist): 146 147 3.12015600741544
list:
dist: 3.12015600741544 vs. 3.12015600741544
--------
nle(id0,id1,dist): 146 148 1.825924205400622
list:
dist: 1.825924205400622 vs. 1.825924205400622
--------
nle(id0,id1,dist): 144 148 1.635864156253164
list:
dist: 1.635864156253164 vs. 1.635864156253164
--------
nle(id0,id1,dist): 144 147 3.669812499190055
list:
dist: 3.669812499190055 vs. 3.669812499190055
--------
nle(id0,id1,dist): 144 146 2.23148534185653
list:
dist: 2.23148534185653 vs. 2.23148534185653
--------
nle(id0,id1,dist): 144 145 2.8532261512840926
list:
dist: 2.8532261512840926 vs. 2.8532261512840926
--------
nle(id0,id1,dist): 144 149 2.047144328204043
list:
dist: 2.047144328204043 vs. 2.047144328204043
--------
nle(id0,id1,dist): 145 148 1.7831782480793468
list:
dist: 1.7831782480793468 vs. 1.7831782480793468
--------
nle(id0,id1,dist): 145 147 2.0819412867055065
list:
dist: 2.0819412867055065 vs. 2.0819412867055065
--------
nle(id0,id1,dist): 145 146 1.2018564875978273
list:
dist: 1.2018564875978273 vs. 1.2018564875978273
--------
nle(id0,id1,dist): 142 149 2.0859989928528173
list:
dist: 2.0859989928528173 vs. 2.0859989928528173
--------
nle(id0,id1,dist): 142 147 1.3630095001773457
list:
dist: 1.3630095001773457 vs. 1.3630095001773457
--------
nle(id0,id1,dist): 142 148 1.7977297499600708
list:
dist: 1.7977297499600708 vs. 1.7977297499600708
--------
nle(id0,id1,dist): 142 145 2.3944151582527997
list:
dist: 2.3944151582527997 vs. 2.3944151582527997
--------
nle(id0,id1,dist): 142 146 3.0273058091786798
list:
dist: 3.0273058091786798 vs. 3.0273058091786798
--------
nle(id0,id1,dist): 142 143 1.7828492705632573
list:
dist: 1.7828492705632573 vs. 1.7828492705632573
--------
nle(id0,id1,dist): 142 144 2.7592916321770917
list:
dist: 2.7592916321770917 vs. 2.7592916321770917
--------
nle(id0,id1,dist): 143 147 1.039279044893565
list:
dist: 1.039279044893565 vs. 1.039279044893565
--------
nle(id0,id1,dist): 143 148 3.071500467673535
list:
dist: 3.071500467673535 vs. 3.071500467673535
--------
nle(id0,id1,dist): 143 145 3.1195261278855684
list:
dist: 3.1195261278855684 vs. 3.1195261278855684
--------
nle(id0,id1,dist): 141 143 3.368834082609674
list:
dist: 3.368834082609674 vs. 3.368834082609674
--------
nle(id0,id1,dist): 140 149 2.2796240165008643
list:
dist: 2.2796240165008643 vs. 2.2796240165008643
--------
nle(id0,id1,dist): 141 145 2.819327413275191
list:
dist: 2.819327413275191 vs. 2.819327413275191
--------
nle(id0,id1,dist): 141 147 2.877850396231018
list:
dist: 2.877850396231018 vs. 2.877850396231018
--------
nle(id0,id1,dist): 139 144 1.9980564857938024
list:
dist: 1.9980564857938024 vs. 1.9980564857938024
--------
nle(id0,id1,dist): 139 145 2.789738799160419
list:
dist: 2.789738799160419 vs. 2.789738799160419
--------
nle(id0,id1,dist): 139 142 1.6539521658891227
list:
dist: 1.6539521658891227 vs. 1.6539521658891227
--------
nle(id0,id1,dist): 139 143 2.8993949070904446
list:
dist: 2.8993949070904446 vs. 2.8993949070904446
--------
nle(id0,id1,dist): 139 140 2.033921453640032
list:
dist: 2.033921453640032 vs. 2.033921453640032
--------
nle(id0,id1,dist): 139 148 1.1340331519009677
list:
dist: 1.1340331519009677 vs. 1.1340331519009677
--------
nle(id0,id1,dist): 139 149 0.7096967093081566
list:
dist: 0.7096967093081566 vs. 0.7096967093081566
--------
nle(id0,id1,dist): 139 146 2.9472296654457844
list:
dist: 2.9472296654457844 vs. 2.9472296654457844
--------
nle(id0,id1,dist): 139 147 2.424680826865791
list:
dist: 2.424680826865791 vs. 2.424680826865791
--------
nle(id0,id1,dist): 140 145 2.3532559248502225
list:
dist: 2.3532559248502225 vs. 2.3532559248502225
--------
nle(id0,id1,dist): 140 146 1.6376494275131284
list:
dist: 1.6376494275131284 vs. 1.6376494275131284
--------
nle(id0,id1,dist): 140 147 3.4444065307109466
list:
dist: 3.4444065307109466 vs. 3.4444065307109466
--------
nle(id0,id1,dist): 140 148 1.32120574569413
list:
dist: 1.32120574569413 vs. 1.32120574569413
--------
nle(id0,id1,dist): 140 142 2.7676364454841207
list:
dist: 2.7676364454841207 vs. 2.7676364454841207
--------
nle(id0,id1,dist): 140 144 0.6748796733346903
list:
dist: 0.6748796733346903 vs. 0.6748796733346903
--------
nle(id0,id1,dist): 138 142 2.972767690355642
list:
dist: 2.972767690355642 vs. 2.972767690355642
--------
nle(id0,id1,dist): 138 139 2.694804586872498
list:
dist: 2.694804586872498 vs. 2.694804586872498
--------
nle(id0,id1,dist): 138 140 0.98147081329012
list:
dist: 0.98147081329012 vs. 0.98147081329012
--------
nle(id0,id1,dist): 138 149 2.8864011443773854
list:
dist: 2.8864011443773854 vs. 2.8864011443773854
--------
nle(id0,id1,dist): 138 148 2.011665169781446
list:
dist: 2.011665169781446 vs. 2.011665169781446
--------
nle(id0,id1,dist): 138 147 3.7599487513385648
list:
dist: 3.7599487513385648 vs. 3.7599487513385648
--------
nle(id0,id1,dist): 138 146 1.7614679593024658
list:
dist: 1.7614679593024658 vs. 1.7614679593024658
--------
nle(id0,id1,dist): 138 145 2.5433088610491343
list:
dist: 2.5433088610491343 vs. 2.5433088610491343
--------
nle(id0,id1,dist): 138 144 0.9895459212253315
list:
dist: 0.9895459212253315 vs. 0.9895459212253315
--------
nle(id0,id1,dist): 137 144 1.3705580628579408
list:
dist: 1.3705580628579408 vs. 1.3705580628579408
--------
nle(id0,id1,dist): 137 145 2.3641403272730526
list:
dist: 2.3641403272730526 vs. 2.3641403272730526
--------
nle(id0,id1,dist): 137 146 2.3849060035627074
list:
dist: 2.3849060035627074 vs. 2.3849060035627074
--------
nle(id0,id1,dist): 137 147 2.4416690527237117
list:
dist: 2.4416690527237117 vs. 2.4416690527237117
--------
nle(id0,id1,dist): 137 140 1.472636142227281
list:
dist: 1.472636142227281 vs. 1.472636142227281
--------
nle(id0,id1,dist): 137 142 1.4332639020794702
list:
dist: 1.4332639020794702 vs. 1.4332639020794702
--------
nle(id0,id1,dist): 137 143 3.0842402189384157
list:
dist: 3.0842402189384157 vs. 3.0842402189384157
--------
nle(id0,id1,dist): 137 138 1.857909442327421
list:
dist: 1.857909442327421 vs. 1.857909442327421
--------
nle(id0,id1,dist): 137 139 0.976692317156416
list:
dist: 0.976692317156416 vs. 0.976692317156416
--------
nle(id0,id1,dist): 137 149 1.3002164969086938
list:
dist: 1.3002164969086938 vs. 1.3002164969086938
--------
nle(id0,id1,dist): 137 148 0.9528955123389444
list:
dist: 0.9528955123389444 vs. 0.9528955123389444
--------
nle(id0,id1,dist): 136 147 3.0606255802130193
list:
dist: 3.0606255802130193 vs. 3.0606255802130193
--------
nle(id0,id1,dist): 136 148 1.6647868165455955
list:
dist: 1.6647868165455955 vs. 1.6647868165455955
--------
nle(id0,id1,dist): 136 145 2.408576032258199
list:
dist: 2.408576032258199 vs. 2.408576032258199
--------
nle(id0,id1,dist): 136 146 2.1153937481998146
list:
dist: 2.1153937481998146 vs. 2.1153937481998146
--------
nle(id0,id1,dist): 136 149 2.285479413241156
list:
dist: 2.285479413241156 vs. 2.285479413241156
--------
nle(id0,id1,dist): 136 139 2.0911696895871907
list:
dist: 2.0911696895871907 vs. 2.0911696895871907
--------
nle(id0,id1,dist): 136 140 1.3287129897650676
list:
dist: 1.3287129897650676 vs. 1.3287129897650676
--------
nle(id0,id1,dist): 136 137 1.1254505162855497
list:
dist: 1.1254505162855497 vs. 1.1254505162855497
--------
nle(id0,id1,dist): 136 138 1.014305841815358
list:
dist: 1.014305841815358 vs. 1.014305841815358
--------
nle(id0,id1,dist): 136 144 1.1280113099087128
list:
dist: 1.1280113099087128 vs. 1.1280113099087128
--------
nle(id0,id1,dist): 136 142 2.069275156793675
list:
dist: 2.069275156793675 vs. 2.069275156793675
--------
nle(id0,id1,dist): 135 142 1.5028342725018322
list:
dist: 1.5028342725018322 vs. 1.5028342725018322
--------
nle(id0,id1,dist): 135 144 2.791298673013071
list:
dist: 2.791298673013071 vs. 2.791298673013071
--------
nle(id0,id1,dist): 135 148 2.177085847511063
list:
dist: 2.177085847511063 vs. 2.177085847511063
--------
nle(id0,id1,dist): 135 149 1.1045013001760153
list:
dist: 1.1045013001760153 vs. 1.1045013001760153
--------
nle(id0,id1,dist): 135 140 3.0073658632345395
list:
dist: 3.0073658632345395 vs. 3.0073658632345395
--------
nle(id0,id1,dist): 135 138 3.429240934142916
list:
dist: 3.429240934142916 vs. 3.429240934142916
--------
nle(id0,id1,dist): 135 139 1.1966202358239526
list:
dist: 1.1966202358239526 vs. 1.1966202358239526
--------
nle(id0,id1,dist): 135 136 2.5775518576502914
list:
dist: 2.5775518576502914 vs. 2.5775518576502914
--------
nle(id0,id1,dist): 135 137 1.6193969508684782
list:
dist: 1.6193969508684782 vs. 1.6193969508684782
--------
nle(id0,id1,dist): 134 136 1.808328684013708
list:
dist: 1.808328684013708 vs. 1.808328684013708
--------
nle(id0,id1,dist): 134 138 0.9615607090693444
list:
dist: 0.9615607090693444 vs. 0.9615607090693444
--------
nle(id0,id1,dist): 134 144 1.9185471354761232
list:
dist: 1.9185471354761232 vs. 1.9185471354761232
--------
nle(id0,id1,dist): 134 146 1.7826396851561015
list:
dist: 1.7826396851561015 vs. 1.7826396851561015
--------
nle(id0,id1,dist): 134 140 1.7619604600626155
list:
dist: 1.7619604600626155 vs. 1.7619604600626155
--------
nle(id0,id1,dist): 133 135 2.535939332740102
list:
dist: 2.535939332740102 vs. 2.535939332740102
--------
nle(id0,id1,dist): 133 139 2.9328860423911673
list:
dist: 2.9328860423911673 vs. 2.9328860423911673
--------
nle(id0,id1,dist): 133 137 3.195768427397304
list:
dist: 3.195768427397304 vs. 3.195768427397304
--------
nle(id0,id1,dist): 133 142 1.9152978124814712
list:
dist: 1.9152978124814712 vs. 1.9152978124814712
--------
nle(id0,id1,dist): 133 143 0.32469360248000684
list:
dist: 0.32469360248000684 vs. 0.32469360248000684
--------
nle(id0,id1,dist): 133 147 1.3137259008407123
list:
dist: 1.3137259008407123 vs. 1.3137259008407123
--------
nle(id0,id1,dist): 133 145 3.3926199810678614
list:
dist: 3.3926199810678614 vs. 3.3926199810678614
--------
nle(id0,id1,dist): 133 148 3.214919630777661
list:
dist: 3.214919630777661 vs. 3.214919630777661
--------
nle(id0,id1,dist): 133 149 3.372249286109874
list:
dist: 3.372249286109874 vs. 3.372249286109874
--------
nle(id0,id1,dist): 132 134 1.6707511089382932
list:
dist: 1.6707511089382932 vs. 1.6707511089382932
--------
nle(id0,id1,dist): 132 136 0.7165416756547617
list:
dist: 0.7165416756547617 vs. 0.7165416756547617
--------
nle(id0,id1,dist): 132 135 2.732296987121182
list:
dist: 2.732296987121182 vs. 2.732296987121182
--------
nle(id0,id1,dist): 132 138 0.9202787855423267
list:
dist: 0.9202787855423267 vs. 0.9202787855423267
--------
nle(id0,id1,dist): 132 137 1.1203539762228862
list:
dist: 1.1203539762228862 vs. 1.1203539762228862
--------
nle(id0,id1,dist): 132 140 0.8584468967554217
list:
dist: 0.8584468967554217 vs. 0.8584468967554217
--------
nle(id0,id1,dist): 132 139 1.960660068130024
list:
dist: 1.960660068130024 vs. 1.960660068130024
--------
nle(id0,id1,dist): 132 142 2.139896673722372
list:
dist: 2.139896673722372 vs. 2.139896673722372
--------
nle(id0,id1,dist): 132 144 1.0635955708769245
list:
dist: 1.0635955708769245 vs. 1.0635955708769245
--------
nle(id0,id1,dist): 132 145 1.873300174536007
list:
dist: 1.873300174536007 vs. 1.873300174536007
--------
nle(id0,id1,dist): 132 146 1.471282809613699
list:
dist: 1.471282809613699 vs. 1.471282809613699
--------
nle(id0,id1,dist): 132 147 2.86117163645078
list:
dist: 2.86117163645078 vs. 2.86117163645078
--------
nle(id0,id1,dist): 132 148 1.1831908712482813
list:
dist: 1.1831908712482813 vs. 1.1831908712482813
--------
nle(id0,id1,dist): 132 149 2.314560712290515
list:
dist: 2.314560712290515 vs. 2.314560712290515
--------
nle(id0,id1,dist): 131 147 3.622215451039163
list:
dist: 3.622215451039163 vs. 3.622215451039163
--------
nle(id0,id1,dist): 131 146 1.6952545467947528
list:
dist: 1.6952545467947528 vs. 1.6952545467947528
--------
nle(id0,id1,dist): 131 149 3.8134609348120385
list:
dist: 3.8134609348120385 vs. 3.8134609348120385
--------
nle(id0,id1,dist): 131 148 2.6298730916275685
list:
dist: 2.6298730916275685 vs. 2.6298730916275685
--------
nle(id0,id1,dist): 131 142 3.090027022002211
list:
dist: 3.090027022002211 vs. 3.090027022002211
--------
nle(id0,id1,dist): 131 144 2.274988718065634
list:
dist: 2.274988718065634 vs. 2.274988718065634
--------
nle(id0,id1,dist): 131 145 2.2010628436237454
list:
dist: 2.2010628436237454 vs. 2.2010628436237454
--------
nle(id0,id1,dist): 131 138 1.3644261056466587
list:
dist: 1.3644261056466587 vs. 1.3644261056466587
--------
nle(id0,id1,dist): 131 139 3.468580653532846
list:
dist: 3.468580653532846 vs. 3.468580653532846
--------
nle(id0,id1,dist): 131 140 2.1093332068049935
list:
dist: 2.1093332068049935 vs. 2.1093332068049935
--------
nle(id0,id1,dist): 131 134 1.0419452931083475
list:
dist: 1.0419452931083475 vs. 1.0419452931083475
--------
nle(id0,id1,dist): 131 135 4.045281713118992
list:
dist: 4.045281713118992 vs. 4.045281713118992
--------
nle(id0,id1,dist): 131 136 1.61394025174215
list:
dist: 1.61394025174215 vs. 1.61394025174215
--------
nle(id0,id1,dist): 131 137 2.554043272072856
list:
dist: 2.554043272072856 vs. 2.554043272072856
--------
nle(id0,id1,dist): 131 132 1.5638316339281144
list:
dist: 1.5638316339281144 vs. 1.5638316339281144
--------
nle(id0,id1,dist): 130 146 2.246194132649185
list:
dist: 2.246194132649185 vs. 2.246194132649185
--------
nle(id0,id1,dist): 130 144 1.7422693912938205
list:
dist: 1.7422693912938205 vs. 1.7422693912938205
--------
nle(id0,id1,dist): 130 140 1.819918303991714
list:
dist: 1.819918303991714 vs. 1.819918303991714
--------
nle(id0,id1,dist): 130 138 0.8585852333596611
list:
dist: 0.8585852333596611 vs. 0.8585852333596611
--------
nle(id0,id1,dist): 130 136 1.565264987219817
list:
dist: 1.565264987219817 vs. 1.565264987219817
--------
nle(id0,id1,dist): 130 132 1.6814439333637436
list:
dist: 1.6814439333637436 vs. 1.6814439333637436
--------
nle(id0,id1,dist): 130 131 1.2122177908743872
list:
dist: 1.2122177908743872 vs. 1.2122177908743872
--------
nle(id0,id1,dist): 130 134 0.6374647030361689
list:
dist: 0.6374647030361689 vs. 0.6374647030361689
--------
nle(id0,id1,dist): 129 148 2.2122303318482004
list:
dist: 2.2122303318482004 vs. 2.2122303318482004
--------
nle(id0,id1,dist): 129 149 2.902779852400622
list:
dist: 2.902779852400622 vs. 2.902779852400622
--------
nle(id0,id1,dist): 129 140 1.715854511021192
list:
dist: 1.715854511021192 vs. 1.715854511021192
--------
nle(id0,id1,dist): 129 142 2.474372909688088
list:
dist: 2.474372909688088 vs. 2.474372909688088
--------
nle(id0,id1,dist): 129 144 1.5449114111533673
list:
dist: 1.5449114111533673 vs. 1.5449114111533673
--------
nle(id0,id1,dist): 129 145 2.5769672009529416
list:
dist: 2.5769672009529416 vs. 2.5769672009529416
--------
nle(id0,id1,dist): 129 146 2.209531301413297
list:
dist: 2.209531301413297 vs. 2.209531301413297
--------
nle(id0,id1,dist): 129 147 3.4073559525487975
list:
dist: 3.4073559525487975 vs. 3.4073559525487975
--------
nle(id0,id1,dist): 129 135 3.127180123084281
list:
dist: 3.127180123084281 vs. 3.127180123084281
--------
nle(id0,id1,dist): 129 134 1.498012314209594
list:
dist: 1.498012314209594 vs. 1.498012314209594
--------
nle(id0,id1,dist): 129 132 1.1110965535719393
list:
dist: 1.1110965535719393 vs. 1.1110965535719393
--------
nle(id0,id1,dist): 129 139 2.716364541966316
list:
dist: 2.716364541966316 vs. 2.716364541966316
--------
nle(id0,id1,dist): 129 138 1.0080574054779694
list:
dist: 1.0080574054779694 vs. 1.0080574054779694
--------
nle(id0,id1,dist): 129 137 1.743468665623496
list:
dist: 1.743468665623496 vs. 1.743468665623496
--------
nle(id0,id1,dist): 129 136 0.632406299314374
list:
dist: 0.632406299314374 vs. 0.632406299314374
--------
nle(id0,id1,dist): 129 131 1.1862454493507832
list:
dist: 1.1862454493507832 vs. 1.1862454493507832
--------
nle(id0,id1,dist): 129 130 1.1776555883567046
list:
dist: 1.1776555883567046 vs. 1.1776555883567046
--------
nle(id0,id1,dist): 128 147 1.8897797039717463
list:
dist: 1.8897797039717463 vs. 1.8897797039717463
--------
nle(id0,id1,dist): 128 148 1.460965369028143
list:
dist: 1.460965369028143 vs. 1.460965369028143
--------
nle(id0,id1,dist): 128 145 1.9217849388182866
list:
dist: 1.9217849388182866 vs. 1.9217849388182866
--------
nle(id0,id1,dist): 128 146 2.2926604808953797
list:
dist: 2.2926604808953797 vs. 2.2926604808953797
--------
nle(id0,id1,dist): 128 149 2.2134347916478445
list:
dist: 2.2134347916478445 vs. 2.2134347916478445
--------
nle(id0,id1,dist): 128 133 2.782302299388403
list:
dist: 2.782302299388403 vs. 2.782302299388403
--------
nle(id0,id1,dist): 128 135 2.0452105347235006
list:
dist: 2.0452105347235006 vs. 2.0452105347235006
--------
nle(id0,id1,dist): 128 136 1.223535363082249
list:
dist: 1.223535363082249 vs. 1.223535363082249
--------
nle(id0,id1,dist): 128 129 1.5720548336183906
list:
dist: 1.5720548336183906 vs. 1.5720548336183906
--------
nle(id0,id1,dist): 128 131 2.1550204009386804
list:
dist: 2.1550204009386804 vs. 2.1550204009386804
--------
nle(id0,id1,dist): 128 132 1.305970142641102
list:
dist: 1.305970142641102 vs. 1.305970142641102
--------
nle(id0,id1,dist): 128 142 0.9496637085136959
list:
dist: 0.9496637085136959 vs. 0.9496637085136959
--------
nle(id0,id1,dist): 128 143 2.5951322714932417
list:
dist: 2.5951322714932417 vs. 2.5951322714932417
--------
nle(id0,id1,dist): 128 144 2.0863179179439078
list:
dist: 2.0863179179439078 vs. 2.0863179179439078
--------
nle(id0,id1,dist): 128 137 1.0525339857670553
list:
dist: 1.0525339857670553 vs. 1.0525339857670553
--------
nle(id0,id1,dist): 128 138 2.090711844465885
list:
dist: 2.090711844465885 vs. 2.090711844465885
--------
nle(id0,id1,dist): 128 139 1.7846219777906118
list:
dist: 1.7846219777906118 vs. 1.7846219777906118
--------
nle(id0,id1,dist): 128 140 2.0680773227616855
list:
dist: 2.0680773227616855 vs. 2.0680773227616855
--------
nle(id0,id1,dist): 127 140 3.7238846577042426
list:
dist: 3.7238846577042426 vs. 3.7238846577042426
--------
nle(id0,id1,dist): 127 141 2.843073328841834
list:
dist: 2.843073328841834 vs. 2.843073328841834
--------
nle(id0,id1,dist): 127 138 3.231791826591168
list:
dist: 3.231791826591168 vs. 3.231791826591168
--------
nle(id0,id1,dist): 127 139 4.836815573604914
list:
dist: 4.836815573604914 vs. 4.836815573604914
--------
nle(id0,id1,dist): 127 136 3.405245207726338
list:
dist: 3.405245207726338 vs. 3.405245207726338
--------
nle(id0,id1,dist): 127 137 4.067476548103438
list:
dist: 4.067476548103438 vs. 4.067476548103438
--------
nle(id0,id1,dist): 127 134 2.6906234766434216
list:
dist: 2.6906234766434216 vs. 2.6906234766434216
--------
nle(id0,id1,dist): 127 148 3.855106760921696
list:
dist: 3.855106760921696 vs. 3.855106760921696
--------
nle(id0,id1,dist): 127 146 2.420632329976429
list:
dist: 2.420632329976429 vs. 2.420632329976429
--------
nle(id0,id1,dist): 127 147 4.009271314380975
list:
dist: 4.009271314380975 vs. 4.009271314380975
--------
nle(id0,id1,dist): 127 144 4.0849160298417155
list:
dist: 4.0849160298417155 vs. 4.0849160298417155
--------
nle(id0,id1,dist): 127 145 2.4265187464962072
list:
dist: 2.4265187464962072 vs. 2.4265187464962072
--------
nle(id0,id1,dist): 127 142 4.096817712262722
list:
dist: 4.096817712262722 vs. 4.096817712262722
--------
nle(id0,id1,dist): 127 132 3.176662749720287
list:
dist: 3.176662749720287 vs. 3.176662749720287
--------
nle(id0,id1,dist): 127 131 1.9717152520554755
list:
dist: 1.9717152520554755 vs. 1.9717152520554755
--------
nle(id0,id1,dist): 127 130 3.0795639138098396
list:
dist: 3.0795639138098396 vs. 3.0795639138098396
--------
nle(id0,id1,dist): 127 129 3.0654269322118988
list:
dist: 3.0654269322118988 vs. 3.0654269322118988
--------
nle(id0,id1,dist): 127 128 3.3725134624770883
list:
dist: 3.3725134624770883 vs. 3.3725134624770883
--------
nle(id0,id1,dist): 126 142 2.1702056527600257
list:
dist: 2.1702056527600257 vs. 2.1702056527600257
--------
nle(id0,id1,dist): 126 143 0.9685815318256767
list:
dist: 0.9685815318256767 vs. 0.9685815318256767
--------
nle(id0,id1,dist): 126 145 3.888099987938748
list:
dist: 3.888099987938748 vs. 3.888099987938748
--------
nle(id0,id1,dist): 126 147 1.8831203448949947
list:
dist: 1.8831203448949947 vs. 1.8831203448949947
--------
nle(id0,id1,dist): 126 128 3.0232077350250406
list:
dist: 3.0232077350250406 vs. 3.0232077350250406
--------
nle(id0,id1,dist): 126 133 0.8762187034286546
list:
dist: 0.8762187034286546 vs. 0.8762187034286546
--------
nle(id0,id1,dist): 126 135 2.8188963314055164
list:
dist: 2.8188963314055164 vs. 2.8188963314055164
--------
nle(id0,id1,dist): 126 137 3.5689877144328266
list:
dist: 3.5689877144328266 vs. 3.5689877144328266
--------
nle(id0,id1,dist): 125 146 3.192620576997914
list:
dist: 3.192620576997914 vs. 3.192620576997914
--------
nle(id0,id1,dist): 125 147 1.009173966406453
list:
dist: 1.009173966406453 vs. 1.009173966406453
--------
nle(id0,id1,dist): 125 144 3.5544968403256334
list:
dist: 3.5544968403256334 vs. 3.5544968403256334
--------
nle(id0,id1,dist): 125 145 2.2649122112186237
list:
dist: 2.2649122112186237 vs. 2.2649122112186237
--------
nle(id0,id1,dist): 125 148 2.496485791787469
list:
dist: 2.496485791787469 vs. 2.496485791787469
--------
nle(id0,id1,dist): 125 131 3.1885377290627064
list:
dist: 3.1885377290627064 vs. 3.1885377290627064
--------
nle(id0,id1,dist): 125 129 2.9128721733023983
list:
dist: 2.9128721733023983 vs. 2.9128721733023983
--------
nle(id0,id1,dist): 125 128 1.4914754799046832
list:
dist: 1.4914754799046832 vs. 1.4914754799046832
--------
nle(id0,id1,dist): 125 133 1.7117339317501883
list:
dist: 1.7117339317501883 vs. 1.7117339317501883
--------
nle(id0,id1,dist): 125 132 2.7024669884955173
list:
dist: 2.7024669884955173 vs. 2.7024669884955173
--------
nle(id0,id1,dist): 125 139 2.6592889682781284
list:
dist: 2.6592889682781284 vs. 2.6592889682781284
--------
nle(id0,id1,dist): 125 138 3.508669385224414
list:
dist: 3.508669385224414 vs. 3.508669385224414
--------
nle(id0,id1,dist): 125 137 2.359600248739723
list:
dist: 2.359600248739723 vs. 2.359600248739723
--------
nle(id0,id1,dist): 125 136 2.6944406785307686
list:
dist: 2.6944406785307686 vs. 2.6944406785307686
--------
nle(id0,id1,dist): 125 143 1.448855102823768
list:
dist: 1.448855102823768 vs. 1.448855102823768
--------
nle(id0,id1,dist): 125 142 1.094417197412663
list:
dist: 1.094417197412663 vs. 1.094417197412663
--------
nle(id0,id1,dist): 125 141 2.70712153875581
list:
dist: 2.70712153875581 vs. 2.70712153875581
--------
nle(id0,id1,dist): 125 140 3.448019279104431
list:
dist: 3.448019279104431 vs. 3.448019279104431
2. Check the NeighborList query for coordinates against the neighbor list for consistency
list:
dist: 3.250494779844274 vs. 3.250494779844274
list:
dist: 3.6759707654316673 vs. 3.6759707654316673
list:
dist: 1.9064562818672617 vs. 1.9064562818672617
list:
dist: 3.066109697726286 vs. 3.066109697726286
list:
dist: 3.1302288558836255 vs. 3.1302288558836255
list:
dist: 4.326256725979992 vs. 4.326256725979992
list:
dist: 3.45628724880495 vs. 3.45628724880495
list:
dist: 3.3907323570118715 vs. 3.3907323570118715
list:
dist: 2.2302251333640024 vs. 2.2302251333640024
list:
dist: 1.7489548495908274 vs. 1.7489548495908274
list:
dist: 1.5109938186708416 vs. 1.5109938186708416
list:
dist: 3.3265525264459406 vs. 3.3265525264459406
list:
dist: 1.6789531592949511 vs. 1.6789531592949511
list:
dist: 2.9912264319636837 vs. 2.9912264319636837
list:
dist: 2.2252166143548213 vs. 2.2252166143548213
list:
dist: 2.644204208329296 vs. 2.644204208329296
list:
dist: 2.6453163467114544 vs. 2.6453163467114544
list:
dist: 2.373655501637662 vs. 2.373655501637662
list:
dist: 2.7635938717064166 vs. 2.7635938717064166
list:
dist: 2.8491578469838252 vs. 2.8491578469838252
list:
dist: 2.8683964796693466 vs. 2.8683964796693466
list:
dist: 2.0399734874214586 vs. 2.0399734874214586
list:
dist: 2.798464525470162 vs. 2.798464525470162
list:
dist: 2.4681767521642404 vs. 2.4681767521642404
list:
dist: 3.32851216237586 vs. 3.32851216237586
list:
dist: 3.5673862408292236 vs. 3.5673862408292236
list:
dist: 1.485052271852986 vs. 1.485052271852986
list:
dist: 3.250494779844274 vs. 3.250494779844274
list:
dist: 0.9262698621315313 vs. 0.9262698621315313
list:
dist: 1.7459358109862342 vs. 1.7459358109862342
list:
dist: 1.7489548495908274 vs. 1.7489548495908274
list:
dist: 2.0282406148854712 vs. 2.0282406148854712
list:
dist: 3.135022305695656 vs. 3.135022305695656
list:
dist: 2.3261916287751703 vs. 2.3261916287751703
list:
dist: 2.4343401359075405 vs. 2.4343401359075405
list:
dist: 2.038766137358291 vs. 2.038766137358291
list:
dist: 3.141626749031689 vs. 3.141626749031689
list:
dist: 3.0393931519745054 vs. 3.0393931519745054
list:
dist: 3.7024009224193875 vs. 3.7024009224193875
list:
dist: 3.259484273637037 vs. 3.259484273637037
list:
dist: 3.5640792803864323 vs. 3.5640792803864323
list:
dist: 3.066109697726286 vs. 3.066109697726286
list:
dist: 3.135022305695656 vs. 3.135022305695656
list:
dist: 2.761822521230339 vs. 2.761822521230339
list:
dist: 2.3271073778278915 vs. 2.3271073778278915
list:
dist: 0.9063809762012468 vs. 0.9063809762012468
list:
dist: 2.0462857600688285 vs. 2.0462857600688285
list:
dist: 1.6706908051210378 vs. 1.6706908051210378
list:
dist: 1.8375162147353894 vs. 1.8375162147353894
list:
dist: 2.4144950009625057 vs. 2.4144950009625057
list:
dist: 3.8680084559142554 vs. 3.8680084559142554
list:
dist: 1.8530762058802475 vs. 1.8530762058802475
list:
dist: 3.6759707654316673 vs. 3.6759707654316673
list:
dist: 0.9262698621315313 vs. 0.9262698621315313
list:
dist: 1.9204879596089413 vs. 1.9204879596089413
list:
dist: 1.5109938186708416 vs. 1.5109938186708416
list:
dist: 1.2302602072333217 vs. 1.2302602072333217
list:
dist: 2.761822521230339 vs. 2.761822521230339
list:
dist: 1.8696608344382437 vs. 1.8696608344382437
list:
dist: 1.6724348931729804 vs. 1.6724348931729804
list:
dist: 1.3530280802448054 vs. 1.3530280802448054
list:
dist: 2.33393194909667 vs. 2.33393194909667
list:
dist: 2.187122457332075 vs. 2.187122457332075
list:
dist: 2.843266700289013 vs. 2.843266700289013
list:
dist: 2.3334607596507353 vs. 2.3334607596507353
list:
dist: 2.688341048754635 vs. 2.688341048754635
list:
dist: 4.923816241876254 vs. 4.923816241876254
list:
dist: 2.644122614095005 vs. 2.644122614095005
list:
dist: 1.9064562818672617 vs. 1.9064562818672617
list:
dist: 1.7459358109862342 vs. 1.7459358109862342
list:
dist: 1.9204879596089413 vs. 1.9204879596089413
list:
dist: 3.3265525264459406 vs. 3.3265525264459406
list:
dist: 2.8973265354559663 vs. 2.8973265354559663
list:
dist: 2.3271073778278915 vs. 2.3271073778278915
list:
dist: 1.9019551562805994 vs. 1.9019551562805994
list:
dist: 2.826035032011432 vs. 2.826035032011432
list:
dist: 1.7989329280276896 vs. 1.7989329280276896
list:
dist: 3.524198739906031 vs. 3.524198739906031
list:
dist: 3.586482405621419 vs. 3.586482405621419
list:
dist: 4.33724856645682 vs. 4.33724856645682
list:
dist: 3.5617108806813746 vs. 3.5617108806813746
list:
dist: 4.008819850502531 vs. 4.008819850502531
list:
dist: 3.75624078429112 vs. 3.75624078429112
list:
dist: 2.2012646695270517 vs. 2.2012646695270517
list:
dist: 2.0282406148854712 vs. 2.0282406148854712
list:
dist: 1.2302602072333217 vs. 1.2302602072333217
list:
dist: 2.8973265354559663 vs. 2.8973265354559663
list:
dist: 1.6789531592949511 vs. 1.6789531592949511
list:
dist: 2.593011245784865 vs. 2.593011245784865
list:
dist: 1.8877569955671505 vs. 1.8877569955671505
list:
dist: 1.8261524059965262 vs. 1.8261524059965262
list:
dist: 2.227364997748355 vs. 2.227364997748355
list:
dist: 1.8679809598089352 vs. 1.8679809598089352
list:
dist: 2.254770728221808 vs. 2.254770728221808
list:
dist: 1.6253910336831847 vs. 1.6253910336831847
list:
dist: 2.224373392417165 vs. 2.224373392417165
list:
dist: 2.2161538084992856 vs. 2.2161538084992856
list:
dist: 2.052311868628854 vs. 2.052311868628854
list:
dist: 1.9072345446358085 vs. 1.9072345446358085
list:
dist: 2.7894529641490524 vs. 2.7894529641490524
list:
dist: 2.2884611762967113 vs. 2.2884611762967113
list:
dist: 1.485052271852986 vs. 1.485052271852986
list:
dist: 1.8530762058802475 vs. 1.8530762058802475
list:
dist: 2.644122614095005 vs. 2.644122614095005
list:
dist: 2.2302251333640024 vs. 2.2302251333640024
list:
dist: 2.2012646695270517 vs. 2.2012646695270517
list:
dist: 4.326256725979992 vs. 4.326256725979992
list:
dist: 2.4343401359075405 vs. 2.4343401359075405
list:
dist: 1.6724348931729804 vs. 1.6724348931729804
list:
dist: 2.826035032011432 vs. 2.826035032011432
list:
dist: 2.2252166143548213 vs. 2.2252166143548213
list:
dist: 1.8877569955671505 vs. 1.8877569955671505
list:
dist: 2.0462857600688285 vs. 2.0462857600688285
list:
dist: 1.327625803754891 vs. 1.327625803754891
list:
dist: 1.228707712019466 vs. 1.228707712019466
list:
dist: 0.7478193717195513 vs. 0.7478193717195513
list:
dist: 0.8914556901711593 vs. 0.8914556901711593
list:
dist: 1.6742869863925782 vs. 1.6742869863925782
list:
dist: 1.577155447672719 vs. 1.577155447672719
list:
dist: 1.3592085204418496 vs. 1.3592085204418496
list:
dist: 1.1856132352396214 vs. 1.1856132352396214
list:
dist: 1.9569007094497213 vs. 1.9569007094497213
list:
dist: 2.658082396558687 vs. 2.658082396558687
list:
dist: 1.5956347731784857 vs. 1.5956347731784857
list:
dist: 2.5436356228101125 vs. 2.5436356228101125
list:
dist: 2.2884611762967113 vs. 2.2884611762967113
list:
dist: 3.5673862408292236 vs. 3.5673862408292236
list:
dist: 3.8680084559142554 vs. 3.8680084559142554
list:
dist: 4.923816241876254 vs. 4.923816241876254
list:
dist: 3.3907323570118715 vs. 3.3907323570118715
list:
dist: 3.75624078429112 vs. 3.75624078429112
list:
dist: 3.45628724880495 vs. 3.45628724880495
list:
dist: 2.038766137358291 vs. 2.038766137358291
list:
dist: 1.3530280802448054 vs. 1.3530280802448054
list:
dist: 1.7989329280276896 vs. 1.7989329280276896
list:
dist: 2.644204208329296 vs. 2.644204208329296
list:
dist: 1.8261524059965262 vs. 1.8261524059965262
list:
dist: 1.6706908051210378 vs. 1.6706908051210378
list:
dist: 0.9021394130049584 vs. 0.9021394130049584
list:
dist: 1.228707712019466 vs. 1.228707712019466
list:
dist: 1.812910300044121 vs. 1.812910300044121
list:
dist: 1.8785057135507188 vs. 1.8785057135507188
list:
dist: 2.6132868008385244 vs. 2.6132868008385244
list:
dist: 1.85571514046775 vs. 1.85571514046775
list:
dist: 2.239180676939141 vs. 2.239180676939141
list:
dist: 1.7200709172686655 vs. 1.7200709172686655
list:
dist: 2.2138406614828265 vs. 2.2138406614828265
list:
dist: 3.5912458345150964 vs. 3.5912458345150964
list:
dist: 1.9135514382086947 vs. 1.9135514382086947
list:
dist: 3.0992865687133 vs. 3.0992865687133
list:
dist: 3.1302288558836255 vs. 3.1302288558836255
list:
dist: 2.3261916287751703 vs. 2.3261916287751703
list:
dist: 1.8696608344382437 vs. 1.8696608344382437
list:
dist: 1.9019551562805994 vs. 1.9019551562805994
list:
dist: 2.9912264319636837 vs. 2.9912264319636837
list:
dist: 2.593011245784865 vs. 2.593011245784865
list:
dist: 0.9063809762012468 vs. 0.9063809762012468
list:
dist: 1.327625803754891 vs. 1.327625803754891
list:
dist: 0.9021394130049584 vs. 0.9021394130049584
list:
dist: 1.9054474569990374 vs. 1.9054474569990374
list:
dist: 2.1625008542093838 vs. 2.1625008542093838
list:
dist: 2.9321992245069732 vs. 2.9321992245069732
list:
dist: 2.4688063780176255 vs. 2.4688063780176255
list:
dist: 2.522812897122077 vs. 2.522812897122077
list:
dist: 1.6211794764224918 vs. 1.6211794764224918
list:
dist: 2.325304950306982 vs. 2.325304950306982
list:
dist: 3.510989932209627 vs. 3.510989932209627
list:
dist: 2.1684197495598094 vs. 2.1684197495598094
list:
dist: 3.6097986015079533 vs. 3.6097986015079533
list:
dist: 3.6097986015079533 vs. 3.6097986015079533
list:
dist: 2.5436356228101125 vs. 2.5436356228101125
list:
dist: 3.0992865687133 vs. 3.0992865687133
list:
dist: 2.0310241537299425 vs. 2.0310241537299425
list:
dist: 1.7309507837784541 vs. 1.7309507837784541
list:
dist: 1.1981123639222426 vs. 1.1981123639222426
list:
dist: 1.2649608320892567 vs. 1.2649608320892567
list:
dist: 1.3178230317028234 vs. 1.3178230317028234
list:
dist: 2.130167366284449 vs. 2.130167366284449
list:
dist: 0.9618307380198778 vs. 0.9618307380198778
list:
dist: 1.6021328960235421 vs. 1.6021328960235421
list:
dist: 1.6101784456081802 vs. 1.6101784456081802
list:
dist: 2.4262774326110543 vs. 2.4262774326110543
list:
dist: 2.1312465857979874 vs. 2.1312465857979874
list:
dist: 2.348945112718232 vs. 2.348945112718232
list:
dist: 1.7845478693099202 vs. 1.7845478693099202
list:
dist: 2.1684197495598094 vs. 2.1684197495598094
list:
dist: 1.5956347731784857 vs. 1.5956347731784857
list:
dist: 1.9135514382086947 vs. 1.9135514382086947
list:
dist: 1.2207499186549744 vs. 1.2207499186549744
list:
dist: 1.362007536025883 vs. 1.362007536025883
list:
dist: 1.6304238186140867 vs. 1.6304238186140867
list:
dist: 1.14243772424602 vs. 1.14243772424602
list:
dist: 1.1417843123799065 vs. 1.1417843123799065
list:
dist: 2.8709288113351863 vs. 2.8709288113351863
list:
dist: 2.2744542111387696 vs. 2.2744542111387696
list:
dist: 2.8167961394664944 vs. 2.8167961394664944
list:
dist: 3.2232340239788955 vs. 3.2232340239788955
list:
dist: 0.8564901524309478 vs. 0.8564901524309478
list:
dist: 0.5167084882573065 vs. 0.5167084882573065
list:
dist: 2.017575351460099 vs. 2.017575351460099
list:
dist: 1.7845478693099202 vs. 1.7845478693099202
list:
dist: 2.4144950009625057 vs. 2.4144950009625057
list:
dist: 2.325304950306982 vs. 2.325304950306982
list:
dist: 1.9569007094497213 vs. 1.9569007094497213
list:
dist: 2.2138406614828265 vs. 2.2138406614828265
list:
dist: 1.5708443511626746 vs. 1.5708443511626746
list:
dist: 1.804185866218354 vs. 1.804185866218354
list:
dist: 2.0304922195472592 vs. 2.0304922195472592
list:
dist: 1.6445565566947218 vs. 1.6445565566947218
list:
dist: 1.549260968627868 vs. 1.549260968627868
list:
dist: 0.9346496874371542 vs. 0.9346496874371542
list:
dist: 1.9406702452456026 vs. 1.9406702452456026
list:
dist: 0.5167084882573065 vs. 0.5167084882573065
list:
dist: 2.1312465857979874 vs. 2.1312465857979874
list:
dist: 3.32851216237586 vs. 3.32851216237586
list:
dist: 2.7894529641490524 vs. 2.7894529641490524
list:
dist: 2.9573564152028458 vs. 2.9573564152028458
list:
dist: 2.5240593935728115 vs. 2.5240593935728115
list:
dist: 1.9074312499550259 vs. 1.9074312499550259
list:
dist: 2.3937695057032338 vs. 2.3937695057032338
list:
dist: 2.3466647197015105 vs. 2.3466647197015105
list:
dist: 1.6578189318801715 vs. 1.6578189318801715
list:
dist: 1.0045392413521346 vs. 1.0045392413521346
list:
dist: 0.9167560947201726 vs. 0.9167560947201726
list:
dist: 3.3845765256114935 vs. 3.3845765256114935
list:
dist: 3.2232340239788955 vs. 3.2232340239788955
list:
dist: 1.6101784456081802 vs. 1.6101784456081802
list:
dist: 3.259484273637037 vs. 3.259484273637037
list:
dist: 2.3334607596507353 vs. 2.3334607596507353
list:
dist: 3.5617108806813746 vs. 3.5617108806813746
list:
dist: 2.8491578469838252 vs. 2.8491578469838252
list:
dist: 1.6253910336831847 vs. 1.6253910336831847
list:
dist: 2.4688063780176255 vs. 2.4688063780176255
list:
dist: 1.577155447672719 vs. 1.577155447672719
list:
dist: 1.85571514046775 vs. 1.85571514046775
list:
dist: 1.3786138197486422 vs. 1.3786138197486422
list:
dist: 1.0963076817244812 vs. 1.0963076817244812
list:
dist: 1.272020870239331 vs. 1.272020870239331
list:
dist: 1.0341177940897524 vs. 1.0341177940897524
list:
dist: 2.1920884111341534 vs. 2.1920884111341534
list:
dist: 1.4199445631209189 vs. 1.4199445631209189
list:
dist: 1.8443245078628339 vs. 1.8443245078628339
list:
dist: 2.3937695057032338 vs. 2.3937695057032338
list:
dist: 1.6889781685826633 vs. 1.6889781685826633
list:
dist: 1.6445565566947218 vs. 1.6445565566947218
list:
dist: 2.6501080135763546 vs. 2.6501080135763546
list:
dist: 1.14243772424602 vs. 1.14243772424602
list:
dist: 1.2649608320892567 vs. 1.2649608320892567
list:
dist: 2.0399734874214586 vs. 2.0399734874214586
list:
dist: 2.2161538084992856 vs. 2.2161538084992856
list:
dist: 2.0129412967803733 vs. 2.0129412967803733
list:
dist: 1.6252942199979041 vs. 1.6252942199979041
list:
dist: 1.3399326470693405 vs. 1.3399326470693405
list:
dist: 2.1920884111341534 vs. 2.1920884111341534
list:
dist: 1.7677225287912184 vs. 1.7677225287912184
list:
dist: 1.3085345875539074 vs. 1.3085345875539074
list:
dist: 1.1471240279389325 vs. 1.1471240279389325
list:
dist: 1.6578189318801715 vs. 1.6578189318801715
list:
dist: 2.9660050468583816 vs. 2.9660050468583816
list:
dist: 2.8709288113351863 vs. 2.8709288113351863
list:
dist: 2.130167366284449 vs. 2.130167366284449
list:
dist: 2.798464525470162 vs. 2.798464525470162
list:
dist: 2.052311868628854 vs. 2.052311868628854
list:
dist: 2.0181333659114964 vs. 2.0181333659114964
list:
dist: 1.573617286624597 vs. 1.573617286624597
list:
dist: 1.0553892152080182 vs. 1.0553892152080182
list:
dist: 1.4199445631209189 vs. 1.4199445631209189
list:
dist: 1.4172240321187843 vs. 1.4172240321187843
list:
dist: 1.3085345875539074 vs. 1.3085345875539074
list:
dist: 0.6646905023668466 vs. 0.6646905023668466
list:
dist: 1.0045392413521346 vs. 1.0045392413521346
list:
dist: 2.779484291013549 vs. 2.779484291013549
list:
dist: 2.2744542111387696 vs. 2.2744542111387696
list:
dist: 0.9618307380198778 vs. 0.9618307380198778
list:
dist: 3.7024009224193875 vs. 3.7024009224193875
list:
dist: 2.843266700289013 vs. 2.843266700289013
list:
dist: 4.33724856645682 vs. 4.33724856645682
list:
dist: 2.7635938717064166 vs. 2.7635938717064166
list:
dist: 2.254770728221808 vs. 2.254770728221808
list:
dist: 2.9321992245069732 vs. 2.9321992245069732
list:
dist: 1.6742869863925782 vs. 1.6742869863925782
list:
dist: 2.6132868008385244 vs. 2.6132868008385244
list:
dist: 1.1012678658292774 vs. 1.1012678658292774
list:
dist: 0.7872024947928619 vs. 0.7872024947928619
list:
dist: 1.272020870239331 vs. 1.272020870239331
list:
dist: 0.5146255930726217 vs. 0.5146255930726217
list:
dist: 1.3399326470693405 vs. 1.3399326470693405
list:
dist: 1.0553892152080182 vs. 1.0553892152080182
list:
dist: 1.544992848927669 vs. 1.544992848927669
list:
dist: 1.9074312499550259 vs. 1.9074312499550259
list:
dist: 1.8358625898511294 vs. 1.8358625898511294
list:
dist: 2.0304922195472592 vs. 2.0304922195472592
list:
dist: 1.8914804150739684 vs. 1.8914804150739684
list:
dist: 1.6304238186140867 vs. 1.6304238186140867
list:
dist: 1.1981123639222426 vs. 1.1981123639222426
list:
dist: 3.141626749031689 vs. 3.141626749031689
list:
dist: 2.33393194909667 vs. 2.33393194909667
list:
dist: 3.524198739906031 vs. 3.524198739906031
list:
dist: 2.6453163467114544 vs. 2.6453163467114544
list:
dist: 2.227364997748355 vs. 2.227364997748355
list:
dist: 1.9054474569990374 vs. 1.9054474569990374
list:
dist: 0.7478193717195513 vs. 0.7478193717195513
list:
dist: 1.812910300044121 vs. 1.812910300044121
list:
dist: 0.4896483621517493 vs. 0.4896483621517493
list:
dist: 1.1012678658292774 vs. 1.1012678658292774
list:
dist: 1.3786138197486422 vs. 1.3786138197486422
list:
dist: 0.7290302501345024 vs. 0.7290302501345024
list:
dist: 2.0129412967803733 vs. 2.0129412967803733
list:
dist: 2.0181333659114964 vs. 2.0181333659114964
list:
dist: 2.4036632577934935 vs. 2.4036632577934935
list:
dist: 2.9573564152028458 vs. 2.9573564152028458
list:
dist: 0.9278229381296293 vs. 0.9278229381296293
list:
dist: 1.5708443511626746 vs. 1.5708443511626746
list:
dist: 1.9427453469007805 vs. 1.9427453469007805
list:
dist: 1.2207499186549744 vs. 1.2207499186549744
list:
dist: 2.0310241537299425 vs. 2.0310241537299425
list:
dist: 3.0393931519745054 vs. 3.0393931519745054
list:
dist: 2.187122457332075 vs. 2.187122457332075
list:
dist: 3.586482405621419 vs. 3.586482405621419
list:
dist: 2.373655501637662 vs. 2.373655501637662
list:
dist: 1.8679809598089352 vs. 1.8679809598089352
list:
dist: 2.1625008542093838 vs. 2.1625008542093838
list:
dist: 0.8914556901711593 vs. 0.8914556901711593
list:
dist: 1.8785057135507188 vs. 1.8785057135507188
list:
dist: 0.4896483621517493 vs. 0.4896483621517493
list:
dist: 0.7872024947928619 vs. 0.7872024947928619
list:
dist: 1.0963076817244812 vs. 1.0963076817244812
list:
dist: 0.5525400793809482 vs. 0.5525400793809482
list:
dist: 1.6252942199979041 vs. 1.6252942199979041
list:
dist: 1.573617286624597 vs. 1.573617286624597
list:
dist: 1.923608565787554 vs. 1.923608565787554
list:
dist: 2.5240593935728115 vs. 2.5240593935728115
list:
dist: 1.3325207744401701 vs. 1.3325207744401701
list:
dist: 1.804185866218354 vs. 1.804185866218354
list:
dist: 2.1605274045284273 vs. 2.1605274045284273
list:
dist: 1.362007536025883 vs. 1.362007536025883
list:
dist: 1.7309507837784541 vs. 1.7309507837784541
list:
dist: 3.510989932209627 vs. 3.510989932209627
list:
dist: 2.658082396558687 vs. 2.658082396558687
list:
dist: 3.5912458345150964 vs. 3.5912458345150964
list:
dist: 1.9427453469007805 vs. 1.9427453469007805
list:
dist: 2.1605274045284273 vs. 2.1605274045284273
list:
dist: 1.8914804150739684 vs. 1.8914804150739684
list:
dist: 2.6501080135763546 vs. 2.6501080135763546
list:
dist: 1.7664741562077344 vs. 1.7664741562077344
list:
dist: 2.9660050468583816 vs. 2.9660050468583816
list:
dist: 2.779484291013549 vs. 2.779484291013549
list:
dist: 3.3514791667426524 vs. 3.3514791667426524
list:
dist: 3.3845765256114935 vs. 3.3845765256114935
list:
dist: 1.9653341175887926 vs. 1.9653341175887926
list:
dist: 1.9406702452456026 vs. 1.9406702452456026
list:
dist: 2.017575351460099 vs. 2.017575351460099
list:
dist: 2.348945112718232 vs. 2.348945112718232
list:
dist: 1.8375162147353894 vs. 1.8375162147353894
list:
dist: 1.6211794764224918 vs. 1.6211794764224918
list:
dist: 1.1856132352396214 vs. 1.1856132352396214
list:
dist: 1.7200709172686655 vs. 1.7200709172686655
list:
dist: 0.9278229381296293 vs. 0.9278229381296293
list:
dist: 1.3325207744401701 vs. 1.3325207744401701
list:
dist: 1.8358625898511294 vs. 1.8358625898511294
list:
dist: 1.6889781685826633 vs. 1.6889781685826633
list:
dist: 1.3397778842445536 vs. 1.3397778842445536
list:
dist: 0.9346496874371542 vs. 0.9346496874371542
list:
dist: 1.9653341175887926 vs. 1.9653341175887926
list:
dist: 0.8564901524309478 vs. 0.8564901524309478
list:
dist: 2.4262774326110543 vs. 2.4262774326110543
list:
dist: 2.4681767521642404 vs. 2.4681767521642404
list:
dist: 1.9072345446358085 vs. 1.9072345446358085
list:
dist: 2.4036632577934935 vs. 2.4036632577934935
list:
dist: 1.923608565787554 vs. 1.923608565787554
list:
dist: 1.544992848927669 vs. 1.544992848927669
list:
dist: 1.8443245078628339 vs. 1.8443245078628339
list:
dist: 1.926426907022796 vs. 1.926426907022796
list:
dist: 1.1471240279389325 vs. 1.1471240279389325
list:
dist: 0.6646905023668466 vs. 0.6646905023668466
list:
dist: 0.9167560947201726 vs. 0.9167560947201726
list:
dist: 3.3514791667426524 vs. 3.3514791667426524
list:
dist: 2.8167961394664944 vs. 2.8167961394664944
list:
dist: 1.6021328960235421 vs. 1.6021328960235421
list:
dist: 3.5640792803864323 vs. 3.5640792803864323
list:
dist: 2.688341048754635 vs. 2.688341048754635
list:
dist: 4.008819850502531 vs. 4.008819850502531
list:
dist: 2.8683964796693466 vs. 2.8683964796693466
list:
dist: 2.224373392417165 vs. 2.224373392417165
list:
dist: 2.522812897122077 vs. 2.522812897122077
list:
dist: 1.3592085204418496 vs. 1.3592085204418496
list:
dist: 2.239180676939141 vs. 2.239180676939141
list:
dist: 0.7290302501345024 vs. 0.7290302501345024
list:
dist: 0.5525400793809482 vs. 0.5525400793809482
list:
dist: 0.5146255930726217 vs. 0.5146255930726217
list:
dist: 1.0341177940897524 vs. 1.0341177940897524
list:
dist: 1.7677225287912184 vs. 1.7677225287912184
list:
dist: 1.4172240321187843 vs. 1.4172240321187843
list:
dist: 1.926426907022796 vs. 1.926426907022796
list:
dist: 2.3466647197015105 vs. 2.3466647197015105
list:
dist: 1.3397778842445536 vs. 1.3397778842445536
list:
dist: 1.549260968627868 vs. 1.549260968627868
list:
dist: 1.7664741562077344 vs. 1.7664741562077344
list:
dist: 1.1417843123799065 vs. 1.1417843123799065
list:
dist: 1.3178230317028234 vs. 1.3178230317028234
list:
dist: 0.5120748592804371 vs. 0.5120748592804371
list:
dist: 2.187970535169939 vs. 2.187970535169939
list:
dist: 2.324507397173926 vs. 2.324507397173926
list:
dist: 2.465267510242133 vs. 2.465267510242133
list:
dist: 3.0742997394815568 vs. 3.0742997394815568
list:
dist: 3.3807597810909296 vs. 3.3807597810909296
list:
dist: 2.1165322035654257 vs. 2.1165322035654257
list:
dist: 1.607712896073108 vs. 1.607712896073108
list:
dist: 2.0282786853562484 vs. 2.0282786853562484
list:
dist: 2.4460600516303312 vs. 2.4460600516303312
list:
dist: 3.3149774610890965 vs. 3.3149774610890965
list:
dist: 3.2299753128697986 vs. 3.2299753128697986
list:
dist: 3.56331458175691 vs. 3.56331458175691
list:
dist: 2.7482202435429155 vs. 2.7482202435429155
list:
dist: 3.0132582688642233 vs. 3.0132582688642233
list:
dist: 2.8557497949515964 vs. 2.8557497949515964
list:
dist: 3.366628406452073 vs. 3.366628406452073
list:
dist: 4.559978166158109 vs. 4.559978166158109
list:
dist: 2.7892979742537736 vs. 2.7892979742537736
list:
dist: 3.1912028646414825 vs. 3.1912028646414825
list:
dist: 3.974480116490605 vs. 3.974480116490605
list:
dist: 2.1268732406937616 vs. 2.1268732406937616
list:
dist: 1.955555061332356 vs. 1.955555061332356
list:
dist: 2.962659896047503 vs. 2.962659896047503
list:
dist: 3.005236578194761 vs. 3.005236578194761
list:
dist: 3.208866964800978 vs. 3.208866964800978
list:
dist: 4.302444353119566 vs. 4.302444353119566
list:
dist: 2.5891199723910883 vs. 2.5891199723910883
list:
dist: 4.081507776073163 vs. 4.081507776073163
list:
dist: 3.0448811705027325 vs. 3.0448811705027325
list:
dist: 2.793636581165694 vs. 2.793636581165694
list:
dist: 2.1165322035654257 vs. 2.1165322035654257
list:
dist: 2.4040345775156147 vs. 2.4040345775156147
list:
dist: 1.8917221592320685 vs. 1.8917221592320685
list:
dist: 2.835326029012703 vs. 2.835326029012703
list:
dist: 2.990868399910727 vs. 2.990868399910727
list:
dist: 2.0027117511329036 vs. 2.0027117511329036
list:
dist: 2.2689943128189514 vs. 2.2689943128189514
list:
dist: 1.955555061332356 vs. 1.955555061332356
list:
dist: 1.6944766409164167 vs. 1.6944766409164167
list:
dist: 1.1048973841491971 vs. 1.1048973841491971
list:
dist: 1.3106767383521933 vs. 1.3106767383521933
list:
dist: 2.211830671748609 vs. 2.211830671748609
list:
dist: 2.8415221987475285 vs. 2.8415221987475285
list:
dist: 4.081507776073163 vs. 4.081507776073163
list:
dist: 1.8303027608411824 vs. 1.8303027608411824
list:
dist: 3.7042540241153086 vs. 3.7042540241153086
list:
dist: 2.187970535169939 vs. 2.187970535169939
list:
dist: 3.627338699838258 vs. 3.627338699838258
list:
dist: 4.087642325672147 vs. 4.087642325672147
list:
dist: 2.1268732406937616 vs. 2.1268732406937616
list:
dist: 1.6944766409164167 vs. 1.6944766409164167
list:
dist: 1.927858634069194 vs. 1.927858634069194
list:
dist: 2.0591342475382746 vs. 2.0591342475382746
list:
dist: 2.692687760109265 vs. 2.692687760109265
list:
dist: 3.1189921855878797 vs. 3.1189921855878797
list:
dist: 2.5891199723910883 vs. 2.5891199723910883
list:
dist: 1.4607841062983489 vs. 1.4607841062983489
list:
dist: 2.3116089165882783 vs. 2.3116089165882783
list:
dist: 0.5120748592804371 vs. 0.5120748592804371
list:
dist: 2.577238799572432 vs. 2.577238799572432
list:
dist: 3.3764680368395514 vs. 3.3764680368395514
list:
dist: 1.2990817078605519 vs. 1.2990817078605519
list:
dist: 0.9912528234192716 vs. 0.9912528234192716
list:
dist: 1.2111577533290951 vs. 1.2111577533290951
list:
dist: 1.757982758920988 vs. 1.757982758920988
list:
dist: 1.6794930277578 vs. 1.6794930277578
list:
dist: 2.4303155803675183 vs. 2.4303155803675183
list:
dist: 1.7826808623014707 vs. 1.7826808623014707
list:
dist: 2.927495369323119 vs. 2.927495369323119
list:
dist: 2.62090493456755 vs. 2.62090493456755
list:
dist: 3.3764680368395514 vs. 3.3764680368395514
list:
dist: 4.087642325672147 vs. 4.087642325672147
list:
dist: 3.2691335177938745 vs. 3.2691335177938745
list:
dist: 3.0514729490732555 vs. 3.0514729490732555
list:
dist: 3.0546444489443245 vs. 3.0546444489443245
list:
dist: 2.1458570040443834 vs. 2.1458570040443834
list:
dist: 2.7741949928341505 vs. 2.7741949928341505
list:
dist: 1.9218857312063418 vs. 1.9218857312063418
list:
dist: 3.3149774610890965 vs. 3.3149774610890965
list:
dist: 1.102545390548597 vs. 1.102545390548597
list:
dist: 0.8742993286603631 vs. 0.8742993286603631
list:
dist: 2.0524480685679554 vs. 2.0524480685679554
list:
dist: 1.9533727964345715 vs. 1.9533727964345715
list:
dist: 3.6971490420931556 vs. 3.6971490420931556
list:
dist: 3.878224652669681 vs. 3.878224652669681
list:
dist: 2.1560442272862814 vs. 2.1560442272862814
list:
dist: 1.0909800727241643 vs. 1.0909800727241643
list:
dist: 0.9535094665618814 vs. 0.9535094665618814
list:
dist: 2.575391676878135 vs. 2.575391676878135
list:
dist: 4.302444353119566 vs. 4.302444353119566
list:
dist: 3.1189921855878797 vs. 3.1189921855878797
list:
dist: 2.8415221987475285 vs. 2.8415221987475285
list:
dist: 1.9581022516504345 vs. 1.9581022516504345
list:
dist: 1.5460004246308081 vs. 1.5460004246308081
list:
dist: 1.4514028638635685 vs. 1.4514028638635685
list:
dist: 2.388771403951986 vs. 2.388771403951986
list:
dist: 3.185288574066976 vs. 3.185288574066976
list:
dist: 3.3807597810909296 vs. 3.3807597810909296
list:
dist: 2.4578213992087323 vs. 2.4578213992087323
list:
dist: 2.1458570040443834 vs. 2.1458570040443834
list:
dist: 1.7513547068665083 vs. 1.7513547068665083
list:
dist: 3.208866964800978 vs. 3.208866964800978
list:
dist: 2.692687760109265 vs. 2.692687760109265
list:
dist: 2.211830671748609 vs. 2.211830671748609
list:
dist: 1.910290953169761 vs. 1.910290953169761
list:
dist: 1.3839324230858105 vs. 1.3839324230858105
list:
dist: 1.4514028638635685 vs. 1.4514028638635685
list:
dist: 2.6420600830471455 vs. 2.6420600830471455
list:
dist: 3.3517621147502004 vs. 3.3517621147502004
list:
dist: 3.0742997394815568 vs. 3.0742997394815568
list:
dist: 2.8582080339469322 vs. 2.8582080339469322
list:
dist: 3.0546444489443245 vs. 3.0546444489443245
list:
dist: 2.761371328221833 vs. 2.761371328221833
list:
dist: 2.105925470005813 vs. 2.105925470005813
list:
dist: 3.974480116490605 vs. 3.974480116490605
list:
dist: 2.3213981298448743 vs. 2.3213981298448743
list:
dist: 2.575391676878135 vs. 2.575391676878135
list:
dist: 3.3244777335431683 vs. 3.3244777335431683
list:
dist: 1.236201609315851 vs. 1.236201609315851
list:
dist: 1.8276137669204826 vs. 1.8276137669204826
list:
dist: 2.2219580872719553 vs. 2.2219580872719553
list:
dist: 2.0541774280093863 vs. 2.0541774280093863
list:
dist: 1.4227225643103827 vs. 1.4227225643103827
list:
dist: 1.7627769600417196 vs. 1.7627769600417196
list:
dist: 1.9162513197818933 vs. 1.9162513197818933
list:
dist: 1.8824179488296522 vs. 1.8824179488296522
list:
dist: 1.8155274956955716 vs. 1.8155274956955716
list:
dist: 4.042783639081767 vs. 4.042783639081767
list:
dist: 3.88803614066812 vs. 3.88803614066812
list:
dist: 3.694090831508331 vs. 3.694090831508331
list:
dist: 2.0027117511329036 vs. 2.0027117511329036
list:
dist: 2.0012464245334534 vs. 2.0012464245334534
list:
dist: 2.8557497949515964 vs. 2.8557497949515964
list:
dist: 2.840576205101173 vs. 2.840576205101173
list:
dist: 3.6971490420931556 vs. 3.6971490420931556
list:
dist: 1.3009317990565767 vs. 1.3009317990565767
list:
dist: 1.3464411053532008 vs. 1.3464411053532008
list:
dist: 1.6993787782586196 vs. 1.6993787782586196
list:
dist: 2.5099309467000053 vs. 2.5099309467000053
list:
dist: 0.6311454661888137 vs. 0.6311454661888137
list:
dist: 3.4589801038456076 vs. 3.4589801038456076
list:
dist: 2.624197128688059 vs. 2.624197128688059
list:
dist: 3.036816345631241 vs. 3.036816345631241
list:
dist: 2.2219580872719553 vs. 2.2219580872719553
list:
dist: 2.1370350090882164 vs. 2.1370350090882164
list:
dist: 3.910664824386097 vs. 3.910664824386097
list:
dist: 2.962659896047503 vs. 2.962659896047503
list:
dist: 1.927858634069194 vs. 1.927858634069194
list:
dist: 1.1048973841491971 vs. 1.1048973841491971
list:
dist: 0.538169907666581 vs. 0.538169907666581
list:
dist: 1.910290953169761 vs. 1.910290953169761
list:
dist: 1.9581022516504345 vs. 1.9581022516504345
list:
dist: 1.2201246166332358 vs. 1.2201246166332358
list:
dist: 3.3348934536895616 vs. 3.3348934536895616
list:
dist: 2.324507397173926 vs. 2.324507397173926
list:
dist: 3.0575326094573962 vs. 3.0575326094573962
list:
dist: 3.2691335177938745 vs. 3.2691335177938745
list:
dist: 3.344721664106578 vs. 3.344721664106578
list:
dist: 3.344721664106578 vs. 3.344721664106578
list:
dist: 3.0215388821156597 vs. 3.0215388821156597
list:
dist: 2.761371328221833 vs. 2.761371328221833
list:
dist: 1.7513547068665083 vs. 1.7513547068665083
list:
dist: 1.7297914262462624 vs. 1.7297914262462624
list:
dist: 0.8742993286603631 vs. 0.8742993286603631
list:
dist: 2.783116530456886 vs. 2.783116530456886
list:
dist: 1.883136584927557 vs. 1.883136584927557
list:
dist: 1.5712226259464708 vs. 1.5712226259464708
list:
dist: 3.3244777335431683 vs. 3.3244777335431683
list:
dist: 2.835326029012703 vs. 2.835326029012703
list:
dist: 3.057842995397758 vs. 3.057842995397758
list:
dist: 0.9930550766973402 vs. 0.9930550766973402
list:
dist: 2.7482202435429155 vs. 2.7482202435429155
list:
dist: 1.4330400274358075 vs. 1.4330400274358075
list:
dist: 2.0524480685679554 vs. 2.0524480685679554
list:
dist: 2.8533692939956454 vs. 2.8533692939956454
list:
dist: 2.926793030521583 vs. 2.926793030521583
list:
dist: 1.1989047485910684 vs. 1.1989047485910684
list:
dist: 1.6993787782586196 vs. 1.6993787782586196
list:
dist: 1.828124675639082 vs. 1.828124675639082
list:
dist: 2.03060470182773 vs. 2.03060470182773
list:
dist: 1.0106611058191315 vs. 1.0106611058191315
list:
dist: 1.4681833496127752 vs. 1.4681833496127752
list:
dist: 1.236201609315851 vs. 1.236201609315851
list:
dist: 2.557573709832943 vs. 2.557573709832943
list:
dist: 2.6787515566039946 vs. 2.6787515566039946
list:
dist: 3.005236578194761 vs. 3.005236578194761
list:
dist: 2.0591342475382746 vs. 2.0591342475382746
list:
dist: 1.3106767383521933 vs. 1.3106767383521933
list:
dist: 0.538169907666581 vs. 0.538169907666581
list:
dist: 1.3839324230858105 vs. 1.3839324230858105
list:
dist: 1.5460004246308081 vs. 1.5460004246308081
list:
dist: 1.5156313487512116 vs. 1.5156313487512116
list:
dist: 3.239695691319596 vs. 3.239695691319596
list:
dist: 2.465267510242133 vs. 2.465267510242133
list:
dist: 2.8688466770749854 vs. 2.8688466770749854
list:
dist: 3.0514729490732555 vs. 3.0514729490732555
list:
dist: 3.0215388821156597 vs. 3.0215388821156597
list:
dist: 1.4607841062983489 vs. 1.4607841062983489
list:
dist: 1.8303027608411824 vs. 1.8303027608411824
list:
dist: 1.2201246166332358 vs. 1.2201246166332358
list:
dist: 1.5156313487512116 vs. 1.5156313487512116
list:
dist: 2.6420600830471455 vs. 2.6420600830471455
list:
dist: 2.388771403951986 vs. 2.388771403951986
list:
dist: 3.0448811705027325 vs. 3.0448811705027325
list:
dist: 2.5176901295646625 vs. 2.5176901295646625
list:
dist: 1.607712896073108 vs. 1.607712896073108
list:
dist: 2.429603718388247 vs. 2.429603718388247
list:
dist: 2.7741949928341505 vs. 2.7741949928341505
list:
dist: 3.057842995397758 vs. 3.057842995397758
list:
dist: 2.7442241722335767 vs. 2.7442241722335767
list:
dist: 4.290306906325873 vs. 4.290306906325873
list:
dist: 2.755597873727362 vs. 2.755597873727362
list:
dist: 3.1288874159722155 vs. 3.1288874159722155
list:
dist: 2.4040345775156147 vs. 2.4040345775156147
list:
dist: 2.8447364037605647 vs. 2.8447364037605647
list:
dist: 3.2299753128697986 vs. 3.2299753128697986
list:
dist: 1.4789511146379617 vs. 1.4789511146379617
list:
dist: 2.8533692939956454 vs. 2.8533692939956454
list:
dist: 3.7653880801942137 vs. 3.7653880801942137
list:
dist: 1.3009317990565767 vs. 1.3009317990565767
list:
dist: 1.6965298714522954 vs. 1.6965298714522954
list:
dist: 2.945039929737588 vs. 2.945039929737588
list:
dist: 2.755597873727362 vs. 2.755597873727362
list:
dist: 0.9781013101308444 vs. 0.9781013101308444
list:
dist: 2.7892979742537736 vs. 2.7892979742537736
list:
dist: 0.6071694388917245 vs. 0.6071694388917245
list:
dist: 1.0909800727241643 vs. 1.0909800727241643
list:
dist: 1.883136584927557 vs. 1.883136584927557
list:
dist: 1.0106611058191315 vs. 1.0106611058191315
list:
dist: 1.4345041198016615 vs. 1.4345041198016615
list:
dist: 2.624197128688059 vs. 2.624197128688059
list:
dist: 2.828422937801836 vs. 2.828422937801836
list:
dist: 1.9719205777831634 vs. 1.9719205777831634
list:
dist: 0.575489393932199 vs. 0.575489393932199
list:
dist: 1.7627769600417196 vs. 1.7627769600417196
list:
dist: 3.4505531743072733 vs. 3.4505531743072733
list:
dist: 2.7406115432438694 vs. 2.7406115432438694
list:
dist: 2.990868399910727 vs. 2.990868399910727
list:
dist: 2.7442241722335767 vs. 2.7442241722335767
list:
dist: 1.805612784381986 vs. 1.805612784381986
list:
dist: 3.0132582688642233 vs. 3.0132582688642233
list:
dist: 1.8600969580985762 vs. 1.8600969580985762
list:
dist: 1.9533727964345715 vs. 1.9533727964345715
list:
dist: 3.7653880801942137 vs. 3.7653880801942137
list:
dist: 3.438924076727063 vs. 3.438924076727063
list:
dist: 1.1989047485910684 vs. 1.1989047485910684
list:
dist: 2.5099309467000053 vs. 2.5099309467000053
list:
dist: 2.4797825315558253 vs. 2.4797825315558253
list:
dist: 1.8152809200363138 vs. 1.8152809200363138
list:
dist: 1.4345041198016615 vs. 1.4345041198016615
list:
dist: 1.926794287932976 vs. 1.926794287932976
list:
dist: 1.8276137669204826 vs. 1.8276137669204826
list:
dist: 3.0425714821914553 vs. 3.0425714821914553
list:
dist: 2.438423418061593 vs. 2.438423418061593
list:
dist: 2.2689943128189514 vs. 2.2689943128189514
list:
dist: 2.3897228092761864 vs. 2.3897228092761864
list:
dist: 3.366628406452073 vs. 3.366628406452073
list:
dist: 3.1526409972909644 vs. 3.1526409972909644
list:
dist: 3.878224652669681 vs. 3.878224652669681
list:
dist: 1.6965298714522954 vs. 1.6965298714522954
list:
dist: 1.2554039002340625 vs. 1.2554039002340625
list:
dist: 1.828124675639082 vs. 1.828124675639082
list:
dist: 2.4797825315558253 vs. 2.4797825315558253
list:
dist: 0.6311454661888137 vs. 0.6311454661888137
list:
dist: 3.280272787631596 vs. 3.280272787631596
list:
dist: 2.828422937801836 vs. 2.828422937801836
list:
dist: 3.2413017817244607 vs. 3.2413017817244607
list:
dist: 2.0541774280093863 vs. 2.0541774280093863
list:
dist: 1.585758404579713 vs. 1.585758404579713
list:
dist: 3.6267451058027596 vs. 3.6267451058027596
list:
dist: 2.3116089165882783 vs. 2.3116089165882783
list:
dist: 3.7042540241153086 vs. 3.7042540241153086
list:
dist: 3.3348934536895616 vs. 3.3348934536895616
list:
dist: 3.239695691319596 vs. 3.239695691319596
list:
dist: 3.3517621147502004 vs. 3.3517621147502004
list:
dist: 3.185288574066976 vs. 3.185288574066976
list:
dist: 2.793636581165694 vs. 2.793636581165694
list:
dist: 2.5176901295646625 vs. 2.5176901295646625
list:
dist: 2.0282786853562484 vs. 2.0282786853562484
list:
dist: 0.8885654333997075 vs. 0.8885654333997075
list:
dist: 1.9218857312063418 vs. 1.9218857312063418
list:
dist: 2.8447364037605647 vs. 2.8447364037605647
list:
dist: 3.263778657505507 vs. 3.263778657505507
list:
dist: 0.9930550766973402 vs. 0.9930550766973402
list:
dist: 1.805612784381986 vs. 1.805612784381986
list:
dist: 2.0012464245334534 vs. 2.0012464245334534
list:
dist: 2.3897228092761864 vs. 2.3897228092761864
list:
dist: 2.7786488246074885 vs. 2.7786488246074885
list:
dist: 0.9781013101308444 vs. 0.9781013101308444
list:
dist: 1.3640742788161144 vs. 1.3640742788161144
list:
dist: 2.105925470005813 vs. 2.105925470005813
list:
dist: 3.1288874159722155 vs. 3.1288874159722155
list:
dist: 1.3640742788161144 vs. 1.3640742788161144
list:
dist: 3.1912028646414825 vs. 3.1912028646414825
list:
dist: 0.7735778319731066 vs. 0.7735778319731066
list:
dist: 0.9535094665618814 vs. 0.9535094665618814
list:
dist: 1.5712226259464708 vs. 1.5712226259464708
list:
dist: 1.4681833496127752 vs. 1.4681833496127752
list:
dist: 1.926794287932976 vs. 1.926794287932976
list:
dist: 3.036816345631241 vs. 3.036816345631241
list:
dist: 3.2413017817244607 vs. 3.2413017817244607
list:
dist: 1.9928171791350786 vs. 1.9928171791350786
list:
dist: 0.575489393932199 vs. 0.575489393932199
list:
dist: 1.9162513197818933 vs. 1.9162513197818933
list:
dist: 3.7167375838800716 vs. 3.7167375838800716
list:
dist: 2.7425191588808557 vs. 2.7425191588808557
list:
dist: 2.62090493456755 vs. 2.62090493456755
list:
dist: 1.7193716575617508 vs. 1.7193716575617508
list:
dist: 1.6153740631702505 vs. 1.6153740631702505
list:
dist: 2.7537998799179424 vs. 2.7537998799179424
list:
dist: 1.5358159886571816 vs. 1.5358159886571816
list:
dist: 1.227422427280045 vs. 1.227422427280045
list:
dist: 4.042783639081767 vs. 4.042783639081767
list:
dist: 2.945039929737588 vs. 2.945039929737588
list:
dist: 2.4597730724856763 vs. 2.4597730724856763
list:
dist: 2.557573709832943 vs. 2.557573709832943
list:
dist: 3.0425714821914553 vs. 3.0425714821914553
list:
dist: 2.1370350090882164 vs. 2.1370350090882164
list:
dist: 1.585758404579713 vs. 1.585758404579713
list:
dist: 2.9788585050454457 vs. 2.9788585050454457
list:
dist: 3.4505531743072733 vs. 3.4505531743072733
list:
dist: 3.7167375838800716 vs. 3.7167375838800716
list:
dist: 1.8824179488296522 vs. 1.8824179488296522
list:
dist: 2.978944561201982 vs. 2.978944561201982
list:
dist: 4.290306906325873 vs. 4.290306906325873
list:
dist: 2.7786488246074885 vs. 2.7786488246074885
list:
dist: 4.559978166158109 vs. 4.559978166158109
list:
dist: 2.546865858852737 vs. 2.546865858852737
list:
dist: 2.1560442272862814 vs. 2.1560442272862814
list:
dist: 2.783116530456886 vs. 2.783116530456886
list:
dist: 2.03060470182773 vs. 2.03060470182773
list:
dist: 1.8152809200363138 vs. 1.8152809200363138
list:
dist: 3.4589801038456076 vs. 3.4589801038456076
list:
dist: 3.280272787631596 vs. 3.280272787631596
list:
dist: 1.9719205777831634 vs. 1.9719205777831634
list:
dist: 1.9928171791350786 vs. 1.9928171791350786
list:
dist: 1.4227225643103827 vs. 1.4227225643103827
list:
dist: 2.9788585050454457 vs. 2.9788585050454457
list:
dist: 0.7829794522627218 vs. 0.7829794522627218
list:
dist: 2.6787515566039946 vs. 2.6787515566039946
list:
dist: 2.438423418061593 vs. 2.438423418061593
list:
dist: 3.910664824386097 vs. 3.910664824386097
list:
dist: 3.6267451058027596 vs. 3.6267451058027596
list:
dist: 0.7829794522627218 vs. 0.7829794522627218
list:
dist: 2.7406115432438694 vs. 2.7406115432438694
list:
dist: 2.7425191588808557 vs. 2.7425191588808557
list:
dist: 1.8155274956955716 vs. 1.8155274956955716
list:
dist: 2.978944561201982 vs. 2.978944561201982
list:
dist: 2.577238799572432 vs. 2.577238799572432
list:
dist: 3.627338699838258 vs. 3.627338699838258
list:
dist: 3.0575326094573962 vs. 3.0575326094573962
list:
dist: 2.8688466770749854 vs. 2.8688466770749854
list:
dist: 2.8582080339469322 vs. 2.8582080339469322
list:
dist: 2.4578213992087323 vs. 2.4578213992087323
list:
dist: 2.429603718388247 vs. 2.429603718388247
list:
dist: 0.8885654333997075 vs. 0.8885654333997075
list:
dist: 2.4460600516303312 vs. 2.4460600516303312
list:
dist: 1.102545390548597 vs. 1.102545390548597
list:
dist: 1.7297914262462624 vs. 1.7297914262462624
list:
dist: 1.4330400274358075 vs. 1.4330400274358075
list:
dist: 1.8600969580985762 vs. 1.8600969580985762
list:
dist: 2.840576205101173 vs. 2.840576205101173
list:
dist: 3.1526409972909644 vs. 3.1526409972909644
list:
dist: 2.546865858852737 vs. 2.546865858852737
list:
dist: 0.6071694388917245 vs. 0.6071694388917245
list:
dist: 0.7735778319731066 vs. 0.7735778319731066
list:
dist: 2.3213981298448743 vs. 2.3213981298448743
list:
dist: 1.8917221592320685 vs. 1.8917221592320685
list:
dist: 3.263778657505507 vs. 3.263778657505507
list:
dist: 3.56331458175691 vs. 3.56331458175691
list:
dist: 1.4789511146379617 vs. 1.4789511146379617
list:
dist: 2.926793030521583 vs. 2.926793030521583
list:
dist: 3.438924076727063 vs. 3.438924076727063
list:
dist: 1.3464411053532008 vs. 1.3464411053532008
list:
dist: 1.2554039002340625 vs. 1.2554039002340625
list:
dist: 2.4597730724856763 vs. 2.4597730724856763
list:
dist: 3.316116640234296 vs. 3.316116640234296
list:
dist: 2.7629341959027 vs. 2.7629341959027
list:
dist: 3.220488559425345 vs. 3.220488559425345
list:
dist: 2.51515005711856 vs. 2.51515005711856
list:
dist: 2.4130436359864498 vs. 2.4130436359864498
list:
dist: 0.8925838013175115 vs. 0.8925838013175115
list:
dist: 2.1155931638205137 vs. 2.1155931638205137
list:
dist: 1.2750205313036802 vs. 1.2750205313036802
list:
dist: 2.0383850001465675 vs. 2.0383850001465675
list:
dist: 1.5399586970226888 vs. 1.5399586970226888
list:
dist: 1.7121015528293217 vs. 1.7121015528293217
list:
dist: 1.855490455069529 vs. 1.855490455069529
list:
dist: 2.082013071328471 vs. 2.082013071328471
list:
dist: 1.0296873203990469 vs. 1.0296873203990469
list:
dist: 2.8155364084601957 vs. 2.8155364084601957
list:
dist: 2.114904715730287 vs. 2.114904715730287
list:
dist: 1.1792472730095451 vs. 1.1792472730095451
list:
dist: 0.8470073869514163 vs. 0.8470073869514163
list:
dist: 1.2111577533290951 vs. 1.2111577533290951
list:
dist: 1.1495409407003307 vs. 1.1495409407003307
list:
dist: 1.7193716575617508 vs. 1.7193716575617508
list:
dist: 1.3884927538806906 vs. 1.3884927538806906
list:
dist: 2.4144308396736283 vs. 2.4144308396736283
list:
dist: 1.666952023709469 vs. 1.666952023709469
list:
dist: 2.1966477568009948 vs. 2.1966477568009948
list:
dist: 2.577650162787476 vs. 2.577650162787476
list:
dist: 2.8268531291230303 vs. 2.8268531291230303
list:
dist: 0.876032109251411 vs. 0.876032109251411
list:
dist: 1.7457543332580434 vs. 1.7457543332580434
list:
dist: 2.6658220412813884 vs. 2.6658220412813884
list:
dist: 2.5793562346738117 vs. 2.5793562346738117
list:
dist: 3.709523513157575 vs. 3.709523513157575
list:
dist: 2.8108128640366403 vs. 2.8108128640366403
list:
dist: 2.2297217805664973 vs. 2.2297217805664973
list:
dist: 2.989332724750707 vs. 2.989332724750707
list:
dist: 3.178410530524149 vs. 3.178410530524149
list:
dist: 3.1923538814057264 vs. 3.1923538814057264
list:
dist: 3.199649671956525 vs. 3.199649671956525
list:
dist: 3.6952021155038954 vs. 3.6952021155038954
list:
dist: 1.7692032578189747 vs. 1.7692032578189747
list:
dist: 3.339461967469234 vs. 3.339461967469234
list:
dist: 3.357483129645781 vs. 3.357483129645781
list:
dist: 3.3878149546581615 vs. 3.3878149546581615
list:
dist: 2.7453000790122366 vs. 2.7453000790122366
list:
dist: 5.532993308826327 vs. 5.532993308826327
list:
dist: 4.319504463209749 vs. 4.319504463209749
list:
dist: 4.436214587084593 vs. 4.436214587084593
list:
dist: 5.935519793058385 vs. 5.935519793058385
list:
dist: 4.9315731034007015 vs. 4.9315731034007015
list:
dist: 5.455616869197467 vs. 5.455616869197467
list:
dist: 3.6978446484630467 vs. 3.6978446484630467
list:
dist: 1.5827282654043728 vs. 1.5827282654043728
list:
dist: 0.7293162496297834 vs. 0.7293162496297834
list:
dist: 1.6794930277578 vs. 1.6794930277578
list:
dist: 1.3884927538806906 vs. 1.3884927538806906
list:
dist: 1.702043013091131 vs. 1.702043013091131
list:
dist: 1.0993329836653811 vs. 1.0993329836653811
list:
dist: 0.38071337153538803 vs. 0.38071337153538803
list:
dist: 1.3992042604209534 vs. 1.3992042604209534
list:
dist: 4.022707734435846 vs. 4.022707734435846
list:
dist: 3.1514920315792394 vs. 3.1514920315792394
list:
dist: 2.365945198636429 vs. 2.365945198636429
list:
dist: 3.316116640234296 vs. 3.316116640234296
list:
dist: 2.3145208152819343 vs. 2.3145208152819343
list:
dist: 2.5720086457562954 vs. 2.5720086457562954
list:
dist: 2.277193971432359 vs. 2.277193971432359
list:
dist: 3.2799740631734204 vs. 3.2799740631734204
list:
dist: 3.0742476733335655 vs. 3.0742476733335655
list:
dist: 2.4641343055643823 vs. 2.4641343055643823
list:
dist: 2.8268531291230303 vs. 2.8268531291230303
list:
dist: 2.338537627792627 vs. 2.338537627792627
list:
dist: 1.227422427280045 vs. 1.227422427280045
list:
dist: 3.1615586356388756 vs. 3.1615586356388756
list:
dist: 1.1536776660606083 vs. 1.1536776660606083
list:
dist: 3.694090831508331 vs. 3.694090831508331
list:
dist: 3.464237230811683 vs. 3.464237230811683
list:
dist: 3.9818776804994456 vs. 3.9818776804994456
list:
dist: 4.436749908089975 vs. 4.436749908089975
list:
dist: 4.027084622436342 vs. 4.027084622436342
list:
dist: 3.567904812509558 vs. 3.567904812509558
list:
dist: 3.8322337447096606 vs. 3.8322337447096606
list:
dist: 3.146188551461087 vs. 3.146188551461087
list:
dist: 4.134236006869712 vs. 4.134236006869712
list:
dist: 2.158048147722688 vs. 2.158048147722688
list:
dist: 1.6844857753908533 vs. 1.6844857753908533
list:
dist: 2.4303155803675183 vs. 2.4303155803675183
list:
dist: 2.4144308396736283 vs. 2.4144308396736283
list:
dist: 2.7765138493040067 vs. 2.7765138493040067
list:
dist: 1.0993329836653811 vs. 1.0993329836653811
list:
dist: 0.7599684340542716 vs. 0.7599684340542716
list:
dist: 1.8585882525004613 vs. 1.8585882525004613
list:
dist: 3.00020730407814 vs. 3.00020730407814
list:
dist: 2.389118859867739 vs. 2.389118859867739
list:
dist: 1.3093303075826062 vs. 1.3093303075826062
list:
dist: 2.7629341959027 vs. 2.7629341959027
list:
dist: 1.803908071854197 vs. 1.803908071854197
list:
dist: 2.780829657018372 vs. 2.780829657018372
list:
dist: 2.211470465310619 vs. 2.211470465310619
list:
dist: 3.223088590975574 vs. 3.223088590975574
list:
dist: 3.134532047233166 vs. 3.134532047233166
list:
dist: 2.662586513942464 vs. 2.662586513942464
list:
dist: 1.6045464151602429 vs. 1.6045464151602429
list:
dist: 0.9376938276610943 vs. 0.9376938276610943
list:
dist: 1.7826808623014707 vs. 1.7826808623014707
list:
dist: 1.666952023709469 vs. 1.666952023709469
list:
dist: 2.0633300743369367 vs. 2.0633300743369367
list:
dist: 0.38071337153538803 vs. 0.38071337153538803
list:
dist: 0.7599684340542716 vs. 0.7599684340542716
list:
dist: 1.6064547683350552 vs. 1.6064547683350552
list:
dist: 3.722257608768627 vs. 3.722257608768627
list:
dist: 2.9677660535727703 vs. 2.9677660535727703
list:
dist: 2.057557916680021 vs. 2.057557916680021
list:
dist: 3.220488559425345 vs. 3.220488559425345
list:
dist: 2.2227415031814797 vs. 2.2227415031814797
list:
dist: 2.724179129858793 vs. 2.724179129858793
list:
dist: 2.319045387823005 vs. 2.319045387823005
list:
dist: 3.3630191832574368 vs. 3.3630191832574368
list:
dist: 3.1925962558765018 vs. 3.1925962558765018
list:
dist: 2.6183343664027667 vs. 2.6183343664027667
list:
dist: 2.3145208152819343 vs. 2.3145208152819343
list:
dist: 1.803908071854197 vs. 1.803908071854197
list:
dist: 2.2227415031814797 vs. 2.2227415031814797
list:
dist: 1.7362425015834886 vs. 1.7362425015834886
list:
dist: 2.7308959863084485 vs. 2.7308959863084485
list:
dist: 1.4644041909380816 vs. 1.4644041909380816
list:
dist: 1.5691723633308687 vs. 1.5691723633308687
list:
dist: 1.2750205313036802 vs. 1.2750205313036802
list:
dist: 2.6160791704145057 vs. 2.6160791704145057
list:
dist: 1.8649957853359944 vs. 1.8649957853359944
list:
dist: 1.4537251584709483 vs. 1.4537251584709483
list:
dist: 1.6547918407813782 vs. 1.6547918407813782
list:
dist: 1.7564647649021943 vs. 1.7564647649021943
list:
dist: 1.6092718981631113 vs. 1.6092718981631113
list:
dist: 1.529989286854936 vs. 1.529989286854936
list:
dist: 3.5232618387713726 vs. 3.5232618387713726
list:
dist: 2.9061115304767946 vs. 2.9061115304767946
list:
dist: 2.2709308413932425 vs. 2.2709308413932425
list:
dist: 1.3908721368360517 vs. 1.3908721368360517
list:
dist: 1.757982758920988 vs. 1.757982758920988
list:
dist: 1.1495409407003307 vs. 1.1495409407003307
list:
dist: 1.6153740631702505 vs. 1.6153740631702505
list:
dist: 1.702043013091131 vs. 1.702043013091131
list:
dist: 2.7765138493040067 vs. 2.7765138493040067
list:
dist: 2.0633300743369367 vs. 2.0633300743369367
list:
dist: 2.038343848583805 vs. 2.038343848583805
list:
dist: 2.118596413789288 vs. 2.118596413789288
list:
dist: 2.338537627792627 vs. 2.338537627792627
list:
dist: 1.164324758136554 vs. 1.164324758136554
list:
dist: 0.9912528234192716 vs. 0.9912528234192716
list:
dist: 0.8470073869514163 vs. 0.8470073869514163
list:
dist: 1.3908721368360517 vs. 1.3908721368360517
list:
dist: 0.7293162496297834 vs. 0.7293162496297834
list:
dist: 1.6844857753908533 vs. 1.6844857753908533
list:
dist: 0.9376938276610943 vs. 0.9376938276610943
list:
dist: 1.9586058820043095 vs. 1.9586058820043095
list:
dist: 3.743617125414721 vs. 3.743617125414721
list:
dist: 3.0830106144246043 vs. 3.0830106144246043
list:
dist: 2.5793562346738117 vs. 2.5793562346738117
list:
dist: 2.6160791704145057 vs. 2.6160791704145057
list:
dist: 3.4981830083145526 vs. 3.4981830083145526
list:
dist: 3.77458793235194 vs. 3.77458793235194
list:
dist: 3.6326575460876227 vs. 3.6326575460876227
list:
dist: 4.09946355890095 vs. 4.09946355890095
list:
dist: 3.553710062332897 vs. 3.553710062332897
list:
dist: 4.638933893050228 vs. 4.638933893050228
list:
dist: 3.269945614472273 vs. 3.269945614472273
list:
dist: 4.110285960516102 vs. 4.110285960516102
list:
dist: 4.42765983382995 vs. 4.42765983382995
list:
dist: 2.9409672977367345 vs. 2.9409672977367345
list:
dist: 5.028732201231837 vs. 5.028732201231837
list:
dist: 4.361564129761197 vs. 4.361564129761197
list:
dist: 4.258103813719307 vs. 4.258103813719307
list:
dist: 5.935519793058385 vs. 5.935519793058385
list:
dist: 3.531724838609021 vs. 3.531724838609021
list:
dist: 2.452323622585901 vs. 2.452323622585901
list:
dist: 3.748006051900934 vs. 3.748006051900934
list:
dist: 3.530559346089902 vs. 3.530559346089902
list:
dist: 3.313984234135091 vs. 3.313984234135091
list:
dist: 4.845439733363674 vs. 4.845439733363674
list:
dist: 3.043644548999314 vs. 3.043644548999314
list:
dist: 3.2598233361742843 vs. 3.2598233361742843
list:
dist: 3.946988554890101 vs. 3.946988554890101
list:
dist: 3.5849547871351746 vs. 3.5849547871351746
list:
dist: 0.8713782072903974 vs. 0.8713782072903974
list:
dist: 1.874898326332437 vs. 1.874898326332437
list:
dist: 1.512415121231826 vs. 1.512415121231826
list:
dist: 1.6136842587596432 vs. 1.6136842587596432
list:
dist: 1.2333302453936392 vs. 1.2333302453936392
list:
dist: 2.342038535341696 vs. 2.342038535341696
list:
dist: 3.5857812786287635 vs. 3.5857812786287635
list:
dist: 3.5799065628270017 vs. 3.5799065628270017
list:
dist: 3.176333782064827 vs. 3.176333782064827
list:
dist: 2.0546177669049173 vs. 2.0546177669049173
list:
dist: 2.9425777002271127 vs. 2.9425777002271127
list:
dist: 1.976293894079417 vs. 1.976293894079417
list:
dist: 1.5276103224951836 vs. 1.5276103224951836
list:
dist: 2.370596551923762 vs. 2.370596551923762
list:
dist: 2.002213325438175 vs. 2.002213325438175
list:
dist: 2.9475775855736606 vs. 2.9475775855736606
list:
dist: 4.130943793948051 vs. 4.130943793948051
list:
dist: 2.114904715730287 vs. 2.114904715730287
list:
dist: 2.9061115304767946 vs. 2.9061115304767946
list:
dist: 4.361564129761197 vs. 4.361564129761197
list:
dist: 2.913342914851816 vs. 2.913342914851816
list:
dist: 3.0436768147134323 vs. 3.0436768147134323
list:
dist: 1.92232375898244 vs. 1.92232375898244
list:
dist: 2.237682450201742 vs. 2.237682450201742
list:
dist: 2.8643648706356153 vs. 2.8643648706356153
list:
dist: 2.8307658388714447 vs. 2.8307658388714447
list:
dist: 3.047825057706297 vs. 3.047825057706297
list:
dist: 3.8701521799719774 vs. 3.8701521799719774
list:
dist: 1.891052245377816 vs. 1.891052245377816
list:
dist: 0.9331266105801828 vs. 0.9331266105801828
list:
dist: 2.4641343055643823 vs. 2.4641343055643823
list:
dist: 2.662586513942464 vs. 2.662586513942464
list:
dist: 2.6183343664027667 vs. 2.6183343664027667
list:
dist: 1.1277473419572857 vs. 1.1277473419572857
list:
dist: 2.4627827271416654 vs. 2.4627827271416654
list:
dist: 3.567904812509558 vs. 3.567904812509558
list:
dist: 2.6332650636499992 vs. 2.6332650636499992
list:
dist: 3.0027110183132453 vs. 3.0027110183132453
list:
dist: 2.082013071328471 vs. 2.082013071328471
list:
dist: 1.6092718981631113 vs. 1.6092718981631113
list:
dist: 3.6326575460876227 vs. 3.6326575460876227
list:
dist: 0.6448986794575637 vs. 0.6448986794575637
list:
dist: 1.22572002628289 vs. 1.22572002628289
list:
dist: 0.9834887929341541 vs. 0.9834887929341541
list:
dist: 0.6616114055056663 vs. 0.6616114055056663
list:
dist: 2.073518463556207 vs. 2.073518463556207
list:
dist: 1.19805179975458 vs. 1.19805179975458
list:
dist: 3.3831602678844326 vs. 3.3831602678844326
list:
dist: 2.5420622345774655 vs. 2.5420622345774655
list:
dist: 3.050214035674864 vs. 3.050214035674864
list:
dist: 2.8643648706356153 vs. 2.8643648706356153
list:
dist: 3.0742476733335655 vs. 3.0742476733335655
list:
dist: 3.134532047233166 vs. 3.134532047233166
list:
dist: 3.1925962558765018 vs. 3.1925962558765018
list:
dist: 1.7533162550570547 vs. 1.7533162550570547
list:
dist: 2.9018142452467472 vs. 2.9018142452467472
list:
dist: 4.027084622436342 vs. 4.027084622436342
list:
dist: 2.5799496723553244 vs. 2.5799496723553244
list:
dist: 3.236665418457452 vs. 3.236665418457452
list:
dist: 1.855490455069529 vs. 1.855490455069529
list:
dist: 1.7564647649021943 vs. 1.7564647649021943
list:
dist: 3.77458793235194 vs. 3.77458793235194
list:
dist: 0.8572620178094846 vs. 0.8572620178094846
list:
dist: 1.420836943565952 vs. 1.420836943565952
list:
dist: 0.45522698610820034 vs. 0.45522698610820034
list:
dist: 0.6616114055056663 vs. 0.6616114055056663
list:
dist: 1.7440819405596775 vs. 1.7440819405596775
list:
dist: 1.1607142680153337 vs. 1.1607142680153337
list:
dist: 3.1069705915012884 vs. 3.1069705915012884
list:
dist: 2.248907115693746 vs. 2.248907115693746
list:
dist: 2.3893672512602406 vs. 2.3893672512602406
list:
dist: 2.237682450201742 vs. 2.237682450201742
list:
dist: 2.6597653510763037 vs. 2.6597653510763037
list:
dist: 2.2222488587181255 vs. 2.2222488587181255
list:
dist: 2.137161359881687 vs. 2.137161359881687
list:
dist: 2.002213325438175 vs. 2.002213325438175
list:
dist: 2.0947176098466165 vs. 2.0947176098466165
list:
dist: 2.444685788452969 vs. 2.444685788452969
list:
dist: 2.688800382842846 vs. 2.688800382842846
list:
dist: 1.1242615933394304 vs. 1.1242615933394304
list:
dist: 1.9892946960110094 vs. 1.9892946960110094
list:
dist: 2.4326390069982367 vs. 2.4326390069982367
list:
dist: 1.338314118825104 vs. 1.338314118825104
list:
dist: 2.274300794577016 vs. 2.274300794577016
list:
dist: 2.7212399948772603 vs. 2.7212399948772603
list:
dist: 1.9586058820043095 vs. 1.9586058820043095
list:
dist: 2.927495369323119 vs. 2.927495369323119
list:
dist: 2.1966477568009948 vs. 2.1966477568009948
list:
dist: 2.038343848583805 vs. 2.038343848583805
list:
dist: 2.7537998799179424 vs. 2.7537998799179424
list:
dist: 1.3992042604209534 vs. 1.3992042604209534
list:
dist: 1.8585882525004613 vs. 1.8585882525004613
list:
dist: 1.6064547683350552 vs. 1.6064547683350552
list:
dist: 2.1692298386434454 vs. 2.1692298386434454
list:
dist: 3.1615586356388756 vs. 3.1615586356388756
list:
dist: 2.708981322236233 vs. 2.708981322236233
list:
dist: 2.614592270841245 vs. 2.614592270841245
list:
dist: 2.51515005711856 vs. 2.51515005711856
list:
dist: 1.7362425015834886 vs. 1.7362425015834886
list:
dist: 3.743617125414721 vs. 3.743617125414721
list:
dist: 1.2058859516713551 vs. 1.2058859516713551
list:
dist: 1.2386047510351117 vs. 1.2386047510351117
list:
dist: 2.0449329359453494 vs. 2.0449329359453494
list:
dist: 1.7533162550570547 vs. 1.7533162550570547
list:
dist: 1.1277473419572857 vs. 1.1277473419572857
list:
dist: 3.0257151546960244 vs. 3.0257151546960244
list:
dist: 1.9921905266112483 vs. 1.9921905266112483
list:
dist: 4.228917753050735 vs. 4.228917753050735
list:
dist: 1.164324758136554 vs. 1.164324758136554
list:
dist: 1.2990817078605519 vs. 1.2990817078605519
list:
dist: 1.1792472730095451 vs. 1.1792472730095451
list:
dist: 2.2709308413932425 vs. 2.2709308413932425
list:
dist: 1.5827282654043728 vs. 1.5827282654043728
list:
dist: 2.158048147722688 vs. 2.158048147722688
list:
dist: 1.6045464151602429 vs. 1.6045464151602429
list:
dist: 2.7212399948772603 vs. 2.7212399948772603
list:
dist: 2.577650162787476 vs. 2.577650162787476
list:
dist: 2.118596413789288 vs. 2.118596413789288
list:
dist: 1.5358159886571816 vs. 1.5358159886571816
list:
dist: 2.1692298386434454 vs. 2.1692298386434454
list:
dist: 1.1536776660606083 vs. 1.1536776660606083
list:
dist: 3.88803614066812 vs. 3.88803614066812
list:
dist: 2.3161183398456586 vs. 2.3161183398456586
list:
dist: 2.876272823978403 vs. 2.876272823978403
list:
dist: 3.3252701530294932 vs. 3.3252701530294932
list:
dist: 2.9018142452467472 vs. 2.9018142452467472
list:
dist: 2.4627827271416654 vs. 2.4627827271416654
list:
dist: 2.887791572861817 vs. 2.887791572861817
list:
dist: 2.0701215585796953 vs. 2.0701215585796953
list:
dist: 3.472900882208164 vs. 3.472900882208164
list:
dist: 1.9921905266112483 vs. 1.9921905266112483
list:
dist: 2.0701215585796953 vs. 2.0701215585796953
list:
dist: 3.146188551461087 vs. 3.146188551461087
list:
dist: 1.1472790216940323 vs. 1.1472790216940323
list:
dist: 2.0318815768424328 vs. 2.0318815768424328
list:
dist: 1.539417917898767 vs. 1.539417917898767
list:
dist: 1.1607142680153337 vs. 1.1607142680153337
list:
dist: 1.19805179975458 vs. 1.19805179975458
list:
dist: 1.0669863611118557 vs. 1.0669863611118557
list:
dist: 2.258513556323398 vs. 2.258513556323398
list:
dist: 2.8570145270520415 vs. 2.8570145270520415
list:
dist: 3.047825057706297 vs. 3.047825057706297
list:
dist: 2.5720086457562954 vs. 2.5720086457562954
list:
dist: 2.780829657018372 vs. 2.780829657018372
list:
dist: 2.724179129858793 vs. 2.724179129858793
list:
dist: 1.2058859516713551 vs. 1.2058859516713551
list:
dist: 2.3161183398456586 vs. 2.3161183398456586
list:
dist: 3.464237230811683 vs. 3.464237230811683
list:
dist: 2.548307619828307 vs. 2.548307619828307
list:
dist: 3.08880341653306 vs. 3.08880341653306
list:
dist: 2.0383850001465675 vs. 2.0383850001465675
list:
dist: 1.8649957853359944 vs. 1.8649957853359944
list:
dist: 0.88768318966859 vs. 0.88768318966859
list:
dist: 1.276973171645017 vs. 1.276973171645017
list:
dist: 0.8572620178094846 vs. 0.8572620178094846
list:
dist: 0.6448986794575637 vs. 0.6448986794575637
list:
dist: 2.0755988554769687 vs. 2.0755988554769687
list:
dist: 1.1472790216940323 vs. 1.1472790216940323
list:
dist: 3.3517198423661263 vs. 3.3517198423661263
list:
dist: 2.718396488272599 vs. 2.718396488272599
list:
dist: 3.0459961927113617 vs. 3.0459961927113617
list:
dist: 2.913342914851816 vs. 2.913342914851816
list:
dist: 4.022707734435846 vs. 4.022707734435846
list:
dist: 3.00020730407814 vs. 3.00020730407814
list:
dist: 3.722257608768627 vs. 3.722257608768627
list:
dist: 1.6113762767849653 vs. 1.6113762767849653
list:
dist: 1.7362786232690346 vs. 1.7362786232690346
list:
dist: 2.4130436359864498 vs. 2.4130436359864498
list:
dist: 2.7308959863084485 vs. 2.7308959863084485
list:
dist: 2.5798788253621723 vs. 2.5798788253621723
list:
dist: 2.277193971432359 vs. 2.277193971432359
list:
dist: 2.211470465310619 vs. 2.211470465310619
list:
dist: 2.319045387823005 vs. 2.319045387823005
list:
dist: 1.2386047510351117 vs. 1.2386047510351117
list:
dist: 2.876272823978403 vs. 2.876272823978403
list:
dist: 3.9818776804994456 vs. 3.9818776804994456
list:
dist: 1.8000808514278948 vs. 1.8000808514278948
list:
dist: 2.3508491705774053 vs. 2.3508491705774053
list:
dist: 1.5399586970226888 vs. 1.5399586970226888
list:
dist: 1.4537251584709483 vs. 1.4537251584709483
list:
dist: 0.88768318966859 vs. 0.88768318966859
list:
dist: 1.6721021613336202 vs. 1.6721021613336202
list:
dist: 1.420836943565952 vs. 1.420836943565952
list:
dist: 1.22572002628289 vs. 1.22572002628289
list:
dist: 2.902743310307962 vs. 2.902743310307962
list:
dist: 2.0318815768424328 vs. 2.0318815768424328
list:
dist: 4.193657664108969 vs. 4.193657664108969
list:
dist: 2.403492558903033 vs. 2.403492558903033
list:
dist: 3.388737275378109 vs. 3.388737275378109
list:
dist: 3.0436768147134323 vs. 3.0436768147134323
list:
dist: 3.6799462624038717 vs. 3.6799462624038717
list:
dist: 4.859320380175009 vs. 4.859320380175009
list:
dist: 2.8155364084601957 vs. 2.8155364084601957
list:
dist: 3.5232618387713726 vs. 3.5232618387713726
list:
dist: 5.028732201231837 vs. 5.028732201231837
list:
dist: 3.0459961927113617 vs. 3.0459961927113617
list:
dist: 3.388737275378109 vs. 3.388737275378109
list:
dist: 2.1779962942850397 vs. 2.1779962942850397
list:
dist: 2.3893672512602406 vs. 2.3893672512602406
list:
dist: 3.050214035674864 vs. 3.050214035674864
list:
dist: 2.343383402041826 vs. 2.343383402041826
list:
dist: 2.8570145270520415 vs. 2.8570145270520415
list:
dist: 3.1516776271303475 vs. 3.1516776271303475
list:
dist: 2.75524044558658 vs. 2.75524044558658
list:
dist: 0.9331266105801828 vs. 0.9331266105801828
list:
dist: 2.5798788253621723 vs. 2.5798788253621723
list:
dist: 1.5360143461286186 vs. 1.5360143461286186
list:
dist: 2.410194595918903 vs. 2.410194595918903
list:
dist: 1.0296873203990469 vs. 1.0296873203990469
list:
dist: 1.529989286854936 vs. 1.529989286854936
list:
dist: 2.9409672977367345 vs. 2.9409672977367345
list:
dist: 2.718396488272599 vs. 2.718396488272599
list:
dist: 2.403492558903033 vs. 2.403492558903033
list:
dist: 1.9133798010242515 vs. 1.9133798010242515
list:
dist: 2.248907115693746 vs. 2.248907115693746
list:
dist: 2.5420622345774655 vs. 2.5420622345774655
list:
dist: 2.75524044558658 vs. 2.75524044558658
list:
dist: 1.891052245377816 vs. 1.891052245377816
list:
dist: 3.1514920315792394 vs. 3.1514920315792394
list:
dist: 2.389118859867739 vs. 2.389118859867739
list:
dist: 2.9677660535727703 vs. 2.9677660535727703
list:
dist: 2.708981322236233 vs. 2.708981322236233
list:
dist: 1.6113762767849653 vs. 1.6113762767849653
list:
dist: 1.485077631259345 vs. 1.485077631259345
list:
dist: 0.8925838013175115 vs. 0.8925838013175115
list:
dist: 1.4644041909380816 vs. 1.4644041909380816
list:
dist: 2.548307619828307 vs. 2.548307619828307
list:
dist: 1.8000808514278948 vs. 1.8000808514278948
list:
dist: 2.4982081720859033 vs. 2.4982081720859033
list:
dist: 2.5799496723553244 vs. 2.5799496723553244
list:
dist: 2.6332650636499992 vs. 2.6332650636499992
list:
dist: 1.5360143461286186 vs. 1.5360143461286186
list:
dist: 3.6799462624038717 vs. 3.6799462624038717
list:
dist: 2.9475775855736606 vs. 2.9475775855736606
list:
dist: 3.2799740631734204 vs. 3.2799740631734204
list:
dist: 3.223088590975574 vs. 3.223088590975574
list:
dist: 3.3630191832574368 vs. 3.3630191832574368
list:
dist: 2.0449329359453494 vs. 2.0449329359453494
list:
dist: 3.3252701530294932 vs. 3.3252701530294932
list:
dist: 4.436749908089975 vs. 4.436749908089975
list:
dist: 2.4982081720859033 vs. 2.4982081720859033
list:
dist: 3.1886215407469978 vs. 3.1886215407469978
list:
dist: 1.7121015528293217 vs. 1.7121015528293217
list:
dist: 1.6547918407813782 vs. 1.6547918407813782
list:
dist: 3.4981830083145526 vs. 3.4981830083145526
list:
dist: 1.276973171645017 vs. 1.276973171645017
list:
dist: 1.6721021613336202 vs. 1.6721021613336202
list:
dist: 0.45522698610820034 vs. 0.45522698610820034
list:
dist: 0.9834887929341541 vs. 0.9834887929341541
list:
dist: 1.9299409445147468 vs. 1.9299409445147468
list:
dist: 1.539417917898767 vs. 1.539417917898767
list:
dist: 3.280785116610018 vs. 3.280785116610018
list:
dist: 1.9133798010242515 vs. 1.9133798010242515
list:
dist: 2.1779962942850397 vs. 2.1779962942850397
list:
dist: 1.92232375898244 vs. 1.92232375898244
list:
dist: 2.365945198636429 vs. 2.365945198636429
list:
dist: 1.3093303075826062 vs. 1.3093303075826062
list:
dist: 2.057557916680021 vs. 2.057557916680021
list:
dist: 2.614592270841245 vs. 2.614592270841245
list:
dist: 1.7362786232690346 vs. 1.7362786232690346
list:
dist: 1.485077631259345 vs. 1.485077631259345
list:
dist: 2.1155931638205137 vs. 2.1155931638205137
list:
dist: 1.5691723633308687 vs. 1.5691723633308687
list:
dist: 3.08880341653306 vs. 3.08880341653306
list:
dist: 2.3508491705774053 vs. 2.3508491705774053
list:
dist: 3.1886215407469978 vs. 3.1886215407469978
list:
dist: 3.236665418457452 vs. 3.236665418457452
list:
dist: 3.0027110183132453 vs. 3.0027110183132453
list:
dist: 2.410194595918903 vs. 2.410194595918903
list:
dist: 4.859320380175009 vs. 4.859320380175009
list:
dist: 4.130943793948051 vs. 4.130943793948051
list:
dist: 2.6672605150934374 vs. 2.6672605150934374
list:
dist: 0.9998596791126784 vs. 0.9998596791126784
list:
dist: 2.6658220412813884 vs. 2.6658220412813884
list:
dist: 1.4934263889718489 vs. 1.4934263889718489
list:
dist: 3.2687506343014654 vs. 3.2687506343014654
list:
dist: 2.1102121916314265 vs. 2.1102121916314265
list:
dist: 2.1260541662662544 vs. 2.1260541662662544
list:
dist: 2.14006486326003 vs. 2.14006486326003
list:
dist: 1.9293426436928285 vs. 1.9293426436928285
list:
dist: 2.101532958182073 vs. 2.101532958182073
list:
dist: 1.9435678618716832 vs. 1.9435678618716832
list:
dist: 1.8998774615500014 vs. 1.8998774615500014
list:
dist: 1.4679506747798339 vs. 1.4679506747798339
list:
dist: 1.4031296427206368 vs. 1.4031296427206368
list:
dist: 1.637094868976682 vs. 1.637094868976682
list:
dist: 0.5695751974444042 vs. 0.5695751974444042
list:
dist: 2.9959781057738892 vs. 2.9959781057738892
list:
dist: 1.9701876096054247 vs. 1.9701876096054247
list:
dist: 2.1525705615836483 vs. 2.1525705615836483
list:
dist: 3.531724838609021 vs. 3.531724838609021
list:
dist: 2.560108094533709 vs. 2.560108094533709
list:
dist: 2.919698184890819 vs. 2.919698184890819
list:
dist: 1.3055232091447861 vs. 1.3055232091447861
list:
dist: 3.1624066873261003 vs. 3.1624066873261003
list:
dist: 2.0342074127682332 vs. 2.0342074127682332
list:
dist: 3.357483129645781 vs. 3.357483129645781
list:
dist: 1.4031296427206368 vs. 1.4031296427206368
list:
dist: 4.42765983382995 vs. 4.42765983382995
list:
dist: 2.195933104838732 vs. 2.195933104838732
list:
dist: 2.834458813717248 vs. 2.834458813717248
list:
dist: 1.9186620879411085 vs. 1.9186620879411085
list:
dist: 1.3305118700375345 vs. 1.3305118700375345
list:
dist: 2.2052785559797243 vs. 2.2052785559797243
list:
dist: 0.8126143019068984 vs. 0.8126143019068984
list:
dist: 1.3178199556173318 vs. 1.3178199556173318
list:
dist: 0.5456781736081857 vs. 0.5456781736081857
list:
dist: 1.8392722801255528 vs. 1.8392722801255528
list:
dist: 0.5035758956926328 vs. 0.5035758956926328
list:
dist: 0.9642743344425544 vs. 0.9642743344425544
list:
dist: 0.9163473544223804 vs. 0.9163473544223804
list:
dist: 2.9587770458653133 vs. 2.9587770458653133
list:
dist: 1.3902567063622386 vs. 1.3902567063622386
list:
dist: 2.158853114826042 vs. 2.158853114826042
list:
dist: 3.2598233361742843 vs. 3.2598233361742843
list:
dist: 1.8091414578521643 vs. 1.8091414578521643
list:
dist: 2.400416515457387 vs. 2.400416515457387
list:
dist: 1.1464689246896538 vs. 1.1464689246896538
list:
dist: 1.5345451706569464 vs. 1.5345451706569464
list:
dist: 2.031657781668865 vs. 2.031657781668865
list:
dist: 1.3113705658559607 vs. 1.3113705658559607
list:
dist: 2.2854734594934984 vs. 2.2854734594934984
list:
dist: 1.753710205922346 vs. 1.753710205922346
list:
dist: 2.1710296752245 vs. 2.1710296752245
list:
dist: 2.35152863738526 vs. 2.35152863738526
list:
dist: 1.928363012966489 vs. 1.928363012966489
list:
dist: 3.2113018373050575 vs. 3.2113018373050575
list:
dist: 2.212322231771756 vs. 2.212322231771756
list:
dist: 3.199649671956525 vs. 3.199649671956525
list:
dist: 2.101532958182073 vs. 2.101532958182073
list:
dist: 3.553710062332897 vs. 3.553710062332897
list:
dist: 2.5336296357098207 vs. 2.5336296357098207
list:
dist: 2.9787198334098424 vs. 2.9787198334098424
list:
dist: 2.2936423717027394 vs. 2.2936423717027394
list:
dist: 1.8432068084349458 vs. 1.8432068084349458
list:
dist: 3.228101233257933 vs. 3.228101233257933
list:
dist: 0.8339692465327078 vs. 0.8339692465327078
list:
dist: 1.2377426549703567 vs. 1.2377426549703567
list:
dist: 1.7305830211394904 vs. 1.7305830211394904
list:
dist: 0.935990599996899 vs. 0.935990599996899
list:
dist: 1.3178199556173318 vs. 1.3178199556173318
list:
dist: 2.143473359694232 vs. 2.143473359694232
list:
dist: 1.7934030048655565 vs. 1.7934030048655565
list:
dist: 3.490194539577521 vs. 3.490194539577521
list:
dist: 1.8628730738005541 vs. 1.8628730738005541
list:
dist: 2.3672289543904004 vs. 2.3672289543904004
list:
dist: 3.530559346089902 vs. 3.530559346089902
list:
dist: 2.2948331099826094 vs. 2.2948331099826094
list:
dist: 3.0285614279936253 vs. 3.0285614279936253
list:
dist: 1.7020904952930678 vs. 1.7020904952930678
list:
dist: 2.0324573351147284 vs. 2.0324573351147284
list:
dist: 2.323639200435923 vs. 2.323639200435923
list:
dist: 1.9596248250054098 vs. 1.9596248250054098
list:
dist: 2.008882765965247 vs. 2.008882765965247
list:
dist: 1.2476053261423004 vs. 1.2476053261423004
list:
dist: 2.7411310300640586 vs. 2.7411310300640586
list:
dist: 2.4045746982585774 vs. 2.4045746982585774
list:
dist: 2.2858832309403176 vs. 2.2858832309403176
list:
dist: 2.566930966461354 vs. 2.566930966461354
list:
dist: 2.518257960294714 vs. 2.518257960294714
list:
dist: 3.178410530524149 vs. 3.178410530524149
list:
dist: 2.14006486326003 vs. 2.14006486326003
list:
dist: 2.2890067578260607 vs. 2.2890067578260607
list:
dist: 1.539588215435325 vs. 1.539588215435325
list:
dist: 1.7184233703733176 vs. 1.7184233703733176
list:
dist: 2.5267970934372337 vs. 2.5267970934372337
list:
dist: 3.228101233257933 vs. 3.228101233257933
list:
dist: 2.5013329615207907 vs. 2.5013329615207907
list:
dist: 2.2736009900485414 vs. 2.2736009900485414
list:
dist: 2.649573434196364 vs. 2.649573434196364
list:
dist: 2.2052785559797243 vs. 2.2052785559797243
list:
dist: 1.3316375693319735 vs. 1.3316375693319735
list:
dist: 1.8380070955719945 vs. 1.8380070955719945
list:
dist: 2.9876421849857775 vs. 2.9876421849857775
list:
dist: 3.556562048655122 vs. 3.556562048655122
list:
dist: 2.937224114481671 vs. 2.937224114481671
list:
dist: 4.228917753050735 vs. 4.228917753050735
list:
dist: 3.472900882208164 vs. 3.472900882208164
list:
dist: 4.134236006869712 vs. 4.134236006869712
list:
dist: 3.3517198423661263 vs. 3.3517198423661263
list:
dist: 4.193657664108969 vs. 4.193657664108969
list:
dist: 3.280785116610018 vs. 3.280785116610018
list:
dist: 3.1069705915012884 vs. 3.1069705915012884
list:
dist: 3.3831602678844326 vs. 3.3831602678844326
list:
dist: 1.364385965736435 vs. 1.364385965736435
list:
dist: 2.258513556323398 vs. 2.258513556323398
list:
dist: 3.1516776271303475 vs. 3.1516776271303475
list:
dist: 3.8701521799719774 vs. 3.8701521799719774
list:
dist: 3.0257151546960244 vs. 3.0257151546960244
list:
dist: 2.887791572861817 vs. 2.887791572861817
list:
dist: 3.8322337447096606 vs. 3.8322337447096606
list:
dist: 2.0755988554769687 vs. 2.0755988554769687
list:
dist: 2.902743310307962 vs. 2.902743310307962
list:
dist: 1.9299409445147468 vs. 1.9299409445147468
list:
dist: 1.7440819405596775 vs. 1.7440819405596775
list:
dist: 2.073518463556207 vs. 2.073518463556207
list:
dist: 1.0669863611118557 vs. 1.0669863611118557
list:
dist: 1.364385965736435 vs. 1.364385965736435
list:
dist: 2.343383402041826 vs. 2.343383402041826
list:
dist: 2.8307658388714447 vs. 2.8307658388714447
list:
dist: 3.4639778173919464 vs. 3.4639778173919464
list:
dist: 2.5027783648298985 vs. 2.5027783648298985
list:
dist: 3.6952021155038954 vs. 3.6952021155038954
list:
dist: 1.9435678618716832 vs. 1.9435678618716832
list:
dist: 4.638933893050228 vs. 4.638933893050228
list:
dist: 2.608904611831304 vs. 2.608904611831304
list:
dist: 2.8305469410103914 vs. 2.8305469410103914
list:
dist: 2.0998428636745676 vs. 2.0998428636745676
list:
dist: 1.3297016304322613 vs. 1.3297016304322613
list:
dist: 2.5013329615207907 vs. 2.5013329615207907
list:
dist: 0.6592581568188417 vs. 0.6592581568188417
list:
dist: 1.2377426549703567 vs. 1.2377426549703567
list:
dist: 2.0442918537598205 vs. 2.0442918537598205
list:
dist: 0.7073902155466946 vs. 0.7073902155466946
list:
dist: 0.5456781736081857 vs. 0.5456781736081857
list:
dist: 1.199966234032424 vs. 1.199966234032424
list:
dist: 1.450298219347617 vs. 1.450298219347617
list:
dist: 3.1340281567822452 vs. 3.1340281567822452
list:
dist: 1.4922619256338032 vs. 1.4922619256338032
list:
dist: 2.3766975395083385 vs. 2.3766975395083385
list:
dist: 3.313984234135091 vs. 3.313984234135091
list:
dist: 1.7618771153385777 vs. 1.7618771153385777
list:
dist: 2.4256944402941962 vs. 2.4256944402941962
list:
dist: 1.479738774813775 vs. 1.479738774813775
list:
dist: 1.043858978771602 vs. 1.043858978771602
list:
dist: 1.5216306482410484 vs. 1.5216306482410484
list:
dist: 0.8901517342863016 vs. 0.8901517342863016
list:
dist: 2.0563727149997324 vs. 2.0563727149997324
list:
dist: 1.3883962000359098 vs. 1.3883962000359098
list:
dist: 1.984899106405985 vs. 1.984899106405985
list:
dist: 2.189219906866617 vs. 2.189219906866617
list:
dist: 1.607886164562991 vs. 1.607886164562991
list:
dist: 2.5037717067263805 vs. 2.5037717067263805
list:
dist: 2.3558757083571114 vs. 2.3558757083571114
list:
dist: 2.989332724750707 vs. 2.989332724750707
list:
dist: 2.1260541662662544 vs. 2.1260541662662544
list:
dist: 1.5393954115192086 vs. 1.5393954115192086
list:
dist: 0.9162562618620738 vs. 0.9162562618620738
list:
dist: 1.7184233703733176 vs. 1.7184233703733176
list:
dist: 1.0741418698919587 vs. 1.0741418698919587
list:
dist: 1.8432068084349458 vs. 1.8432068084349458
list:
dist: 1.3297016304322613 vs. 1.3297016304322613
list:
dist: 1.320524641107634 vs. 1.320524641107634
list:
dist: 1.6440444927051374 vs. 1.6440444927051374
list:
dist: 1.3305118700375345 vs. 1.3305118700375345
list:
dist: 1.048503379656788 vs. 1.048503379656788
list:
dist: 1.5859322819938546 vs. 1.5859322819938546
list:
dist: 1.8371147083877366 vs. 1.8371147083877366
list:
dist: 2.3706797900029284 vs. 2.3706797900029284
list:
dist: 1.9351889383870597 vs. 1.9351889383870597
list:
dist: 2.155031445215423 vs. 2.155031445215423
list:
dist: 2.2858832309403176 vs. 2.2858832309403176
list:
dist: 1.607886164562991 vs. 1.607886164562991
list:
dist: 3.6139346440161533 vs. 3.6139346440161533
list:
dist: 1.873534607507712 vs. 1.873534607507712
list:
dist: 1.928363012966489 vs. 1.928363012966489
list:
dist: 2.5089030943343156 vs. 2.5089030943343156
list:
dist: 2.747843271616618 vs. 2.747843271616618
list:
dist: 2.504634968868604 vs. 2.504634968868604
list:
dist: 1.3917989427283561 vs. 1.3917989427283561
list:
dist: 2.2545837393760872 vs. 2.2545837393760872
list:
dist: 2.370596551923762 vs. 2.370596551923762
list:
dist: 0.9713350936492038 vs. 0.9713350936492038
list:
dist: 1.512752433992626 vs. 1.512752433992626
list:
dist: 1.989072174597384 vs. 1.989072174597384
list:
dist: 1.3330744741793568 vs. 1.3330744741793568
list:
dist: 1.2126504541584961 vs. 1.2126504541584961
list:
dist: 1.0297711220108965 vs. 1.0297711220108965
list:
dist: 1.2309275632514638 vs. 1.2309275632514638
list:
dist: 1.341236353230309 vs. 1.341236353230309
list:
dist: 0.6599361091907228 vs. 0.6599361091907228
list:
dist: 1.0744328021453786 vs. 1.0744328021453786
list:
dist: 2.274300794577016 vs. 2.274300794577016
list:
dist: 2.6051502157848403 vs. 2.6051502157848403
list:
dist: 1.2745052961919097 vs. 1.2745052961919097
list:
dist: 2.7453000790122366 vs. 2.7453000790122366
list:
dist: 0.5695751974444042 vs. 0.5695751974444042
list:
dist: 1.866337997211565 vs. 1.866337997211565
list:
dist: 2.84325745014976 vs. 2.84325745014976
list:
dist: 1.7168267466492397 vs. 1.7168267466492397
list:
dist: 1.5859322819938546 vs. 1.5859322819938546
list:
dist: 1.8380070955719945 vs. 1.8380070955719945
list:
dist: 1.4456628730739534 vs. 1.4456628730739534
list:
dist: 1.7934030048655565 vs. 1.7934030048655565
list:
dist: 1.450298219347617 vs. 1.450298219347617
list:
dist: 1.615384049395389 vs. 1.615384049395389
list:
dist: 1.108372916110773 vs. 1.108372916110773
list:
dist: 0.9163473544223804 vs. 0.9163473544223804
list:
dist: 1.1145515523020806 vs. 1.1145515523020806
list:
dist: 3.113380496395054 vs. 3.113380496395054
list:
dist: 1.8429361091329493 vs. 1.8429361091329493
list:
dist: 2.28093458762339 vs. 2.28093458762339
list:
dist: 3.5849547871351746 vs. 3.5849547871351746
list:
dist: 2.386307555309348 vs. 2.386307555309348
list:
dist: 2.8326714565212248 vs. 2.8326714565212248
list:
dist: 1.275303478748525 vs. 1.275303478748525
list:
dist: 2.4135048222290303 vs. 2.4135048222290303
list:
dist: 2.9347322868794703 vs. 2.9347322868794703
list:
dist: 2.1888948148530036 vs. 2.1888948148530036
list:
dist: 2.9788796577153156 vs. 2.9788796577153156
list:
dist: 2.5506926859283663 vs. 2.5506926859283663
list:
dist: 2.8641689243617074 vs. 2.8641689243617074
list:
dist: 2.9969144348886454 vs. 2.9969144348886454
list:
dist: 2.747843271616618 vs. 2.747843271616618
list:
dist: 1.627789807475092 vs. 1.627789807475092
list:
dist: 2.0156933547373472 vs. 2.0156933547373472
list:
dist: 2.2297217805664973 vs. 2.2297217805664973
list:
dist: 2.1102121916314265 vs. 2.1102121916314265
list:
dist: 1.1669004359694848 vs. 1.1669004359694848
list:
dist: 0.9162562618620738 vs. 0.9162562618620738
list:
dist: 1.539588215435325 vs. 1.539588215435325
list:
dist: 1.7222889754963393 vs. 1.7222889754963393
list:
dist: 2.2936423717027394 vs. 2.2936423717027394
list:
dist: 2.0998428636745676 vs. 2.0998428636745676
list:
dist: 0.9200177603347716 vs. 0.9200177603347716
list:
dist: 2.174316600840126 vs. 2.174316600840126
list:
dist: 1.9186620879411085 vs. 1.9186620879411085
list:
dist: 1.5569459408399682 vs. 1.5569459408399682
list:
dist: 1.7168267466492397 vs. 1.7168267466492397
list:
dist: 2.746249352117526 vs. 2.746249352117526
list:
dist: 3.2821848630120085 vs. 3.2821848630120085
list:
dist: 2.8061802801601203 vs. 2.8061802801601203
list:
dist: 2.083494825749944 vs. 2.083494825749944
list:
dist: 3.101206123370188 vs. 3.101206123370188
list:
dist: 2.8108128640366403 vs. 2.8108128640366403
list:
dist: 3.2687506343014654 vs. 3.2687506343014654
list:
dist: 1.1669004359694848 vs. 1.1669004359694848
list:
dist: 1.5393954115192086 vs. 1.5393954115192086
list:
dist: 2.2890067578260607 vs. 2.2890067578260607
list:
dist: 2.416265077317326 vs. 2.416265077317326
list:
dist: 2.9787198334098424 vs. 2.9787198334098424
list:
dist: 2.8305469410103914 vs. 2.8305469410103914
list:
dist: 1.7318517762224384 vs. 1.7318517762224384
list:
dist: 3.0744561942740365 vs. 3.0744561942740365
list:
dist: 2.834458813717248 vs. 2.834458813717248
list:
dist: 2.4350031700287507 vs. 2.4350031700287507
list:
dist: 2.84325745014976 vs. 2.84325745014976
list:
dist: 3.1697003359448135 vs. 3.1697003359448135
list:
dist: 3.6231608375201176 vs. 3.6231608375201176
list:
dist: 3.3784953611860375 vs. 3.3784953611860375
list:
dist: 3.353916150569018 vs. 3.353916150569018
list:
dist: 4.9315731034007015 vs. 4.9315731034007015
list:
dist: 2.560108094533709 vs. 2.560108094533709
list:
dist: 2.189042968777784 vs. 2.189042968777784
list:
dist: 2.285863366500661 vs. 2.285863366500661
list:
dist: 2.2948331099826094 vs. 2.2948331099826094
list:
dist: 1.7618771153385777 vs. 1.7618771153385777
list:
dist: 3.5554375358370858 vs. 3.5554375358370858
list:
dist: 1.685424343495079 vs. 1.685424343495079
list:
dist: 1.8091414578521643 vs. 1.8091414578521643
list:
dist: 2.4836373929205173 vs. 2.4836373929205173
list:
dist: 2.386307555309348 vs. 2.386307555309348
list:
dist: 1.5900335267536725 vs. 1.5900335267536725
list:
dist: 0.6479343214299182 vs. 0.6479343214299182
list:
dist: 1.3634012355707168 vs. 1.3634012355707168
list:
dist: 1.6136842587596432 vs. 1.6136842587596432
list:
dist: 0.7669290140800663 vs. 0.7669290140800663
list:
dist: 1.325941957407977 vs. 1.325941957407977
list:
dist: 1.9947250224723119 vs. 1.9947250224723119
list:
dist: 2.0821876970538353 vs. 2.0821876970538353
list:
dist: 1.5736043123624 vs. 1.5736043123624
list:
dist: 1.2607779348821961 vs. 1.2607779348821961
list:
dist: 1.6930993920147621 vs. 1.6930993920147621
list:
dist: 0.7696370615432454 vs. 0.7696370615432454
list:
dist: 0.8316762943417473 vs. 0.8316762943417473
list:
dist: 0.9713350936492038 vs. 0.9713350936492038
list:
dist: 2.0947176098466165 vs. 2.0947176098466165
list:
dist: 2.9859495207423152 vs. 2.9859495207423152
list:
dist: 2.218122440108217 vs. 2.218122440108217
list:
dist: 3.1923538814057264 vs. 3.1923538814057264
list:
dist: 1.9293426436928285 vs. 1.9293426436928285
list:
dist: 4.09946355890095 vs. 4.09946355890095
list:
dist: 2.7378054255495683 vs. 2.7378054255495683
list:
dist: 2.416265077317326 vs. 2.416265077317326
list:
dist: 1.7222889754963393 vs. 1.7222889754963393
list:
dist: 1.0741418698919587 vs. 1.0741418698919587
list:
dist: 2.5267970934372337 vs. 2.5267970934372337
list:
dist: 0.8339692465327078 vs. 0.8339692465327078
list:
dist: 0.6592581568188417 vs. 0.6592581568188417
list:
dist: 1.493784752469594 vs. 1.493784752469594
list:
dist: 0.7962606655055573 vs. 0.7962606655055573
list:
dist: 0.8126143019068984 vs. 0.8126143019068984
list:
dist: 1.4085570610195142 vs. 1.4085570610195142
list:
dist: 1.4456628730739534 vs. 1.4456628730739534
list:
dist: 3.5868544887199643 vs. 3.5868544887199643
list:
dist: 1.9114123576257052 vs. 1.9114123576257052
list:
dist: 2.6454381705694487 vs. 2.6454381705694487
list:
dist: 3.748006051900934 vs. 3.748006051900934
list:
dist: 2.285863366500661 vs. 2.285863366500661
list:
dist: 2.9832083158908524 vs. 2.9832083158908524
list:
dist: 1.740235372517712 vs. 1.740235372517712
list:
dist: 1.4947680431873793 vs. 1.4947680431873793
list:
dist: 1.9351988965708933 vs. 1.9351988965708933
list:
dist: 1.4786173830513352 vs. 1.4786173830513352
list:
dist: 2.341144119871772 vs. 2.341144119871772
list:
dist: 1.511376622652653 vs. 1.511376622652653
list:
dist: 2.5885039229647924 vs. 2.5885039229647924
list:
dist: 2.6058860905092014 vs. 2.6058860905092014
list:
dist: 2.155031445215423 vs. 2.155031445215423
list:
dist: 1.5223176338893696 vs. 1.5223176338893696
list:
dist: 1.5243679326171515 vs. 1.5243679326171515
list:
dist: 1.7692032578189747 vs. 1.7692032578189747
list:
dist: 1.8998774615500014 vs. 1.8998774615500014
list:
dist: 3.269945614472273 vs. 3.269945614472273
list:
dist: 3.104022882640925 vs. 3.104022882640925
list:
dist: 1.7318517762224384 vs. 1.7318517762224384
list:
dist: 0.9200177603347716 vs. 0.9200177603347716
list:
dist: 1.320524641107634 vs. 1.320524641107634
list:
dist: 2.2736009900485414 vs. 2.2736009900485414
list:
dist: 1.493784752469594 vs. 1.493784752469594
list:
dist: 1.7305830211394904 vs. 1.7305830211394904
list:
dist: 2.0442918537598205 vs. 2.0442918537598205
list:
dist: 1.8751758523470659 vs. 1.8751758523470659
list:
dist: 1.8392722801255528 vs. 1.8392722801255528
list:
dist: 1.9437992519005587 vs. 1.9437992519005587
list:
dist: 1.615384049395389 vs. 1.615384049395389
list:
dist: 4.541291570765966 vs. 4.541291570765966
list:
dist: 3.031450513873075 vs. 3.031450513873075
list:
dist: 3.4777239207176653 vs. 3.4777239207176653
list:
dist: 4.845439733363674 vs. 4.845439733363674
list:
dist: 3.5554375358370858 vs. 3.5554375358370858
list:
dist: 4.175601467470598 vs. 4.175601467470598
list:
dist: 2.556805848277074 vs. 2.556805848277074
list:
dist: 2.8796000455835373 vs. 2.8796000455835373
list:
dist: 3.36459626939975 vs. 3.36459626939975
list:
dist: 2.891347501575663 vs. 2.891347501575663
list:
dist: 3.6623741633815423 vs. 3.6623741633815423
list:
dist: 2.880369765549534 vs. 2.880369765549534
list:
dist: 3.970548889560249 vs. 3.970548889560249
list:
dist: 3.9346889126668074 vs. 3.9346889126668074
list:
dist: 3.6139346440161533 vs. 3.6139346440161533
list:
dist: 1.9673252629459164 vs. 1.9673252629459164
list:
dist: 0.876032109251411 vs. 0.876032109251411
list:
dist: 2.6672605150934374 vs. 2.6672605150934374
list:
dist: 2.083494825749944 vs. 2.083494825749944
list:
dist: 1.627789807475092 vs. 1.627789807475092
list:
dist: 2.5037717067263805 vs. 2.5037717067263805
list:
dist: 2.566930966461354 vs. 2.566930966461354
list:
dist: 2.9859495207423152 vs. 2.9859495207423152
list:
dist: 3.2113018373050575 vs. 3.2113018373050575
list:
dist: 3.4639778173919464 vs. 3.4639778173919464
list:
dist: 1.5223176338893696 vs. 1.5223176338893696
list:
dist: 3.2636331790627673 vs. 3.2636331790627673
list:
dist: 3.1624066873261003 vs. 3.1624066873261003
list:
dist: 2.973961354959202 vs. 2.973961354959202
list:
dist: 2.6051502157848403 vs. 2.6051502157848403
list:
dist: 3.3784953611860375 vs. 3.3784953611860375
list:
dist: 2.8061802801601203 vs. 2.8061802801601203
list:
dist: 1.9351889383870597 vs. 1.9351889383870597
list:
dist: 2.937224114481671 vs. 2.937224114481671
list:
dist: 1.4786173830513352 vs. 1.4786173830513352
list:
dist: 1.9596248250054098 vs. 1.9596248250054098
list:
dist: 0.8901517342863016 vs. 0.8901517342863016
list:
dist: 2.891347501575663 vs. 2.891347501575663
list:
dist: 1.4780941666210663 vs. 1.4780941666210663
list:
dist: 1.3113705658559607 vs. 1.3113705658559607
list:
dist: 1.650605815000519 vs. 1.650605815000519
list:
dist: 2.1888948148530036 vs. 2.1888948148530036
list:
dist: 3.085899133957702 vs. 3.085899133957702
list:
dist: 1.6535174508836603 vs. 1.6535174508836603
list:
dist: 2.646747610124935 vs. 2.646747610124935
list:
dist: 3.176333782064827 vs. 3.176333782064827
list:
dist: 1.5736043123624 vs. 1.5736043123624
list:
dist: 2.1514554172317455 vs. 2.1514554172317455
list:
dist: 1.951978016156641 vs. 1.951978016156641
list:
dist: 0.44738461126293516 vs. 0.44738461126293516
list:
dist: 0.8126962896062768 vs. 0.8126962896062768
list:
dist: 1.9574527753031892 vs. 1.9574527753031892
list:
dist: 1.4797638825508403 vs. 1.4797638825508403
list:
dist: 1.4285873848076014 vs. 1.4285873848076014
list:
dist: 1.9651971664585868 vs. 1.9651971664585868
list:
dist: 1.0297711220108965 vs. 1.0297711220108965
list:
dist: 2.341144119871772 vs. 2.341144119871772
list:
dist: 2.008882765965247 vs. 2.008882765965247
list:
dist: 2.0563727149997324 vs. 2.0563727149997324
list:
dist: 3.6623741633815423 vs. 3.6623741633815423
list:
dist: 1.9525644176009074 vs. 1.9525644176009074
list:
dist: 2.2854734594934984 vs. 2.2854734594934984
list:
dist: 3.150492228980955 vs. 3.150492228980955
list:
dist: 2.9788796577153156 vs. 2.9788796577153156
list:
dist: 2.4487306105227473 vs. 2.4487306105227473
list:
dist: 1.4180667371711346 vs. 1.4180667371711346
list:
dist: 1.835027401615822 vs. 1.835027401615822
list:
dist: 2.0546177669049173 vs. 2.0546177669049173
list:
dist: 1.2607779348821961 vs. 1.2607779348821961
list:
dist: 1.8600441657819031 vs. 1.8600441657819031
list:
dist: 1.9619830470496114 vs. 1.9619830470496114
list:
dist: 2.205108641337578 vs. 2.205108641337578
list:
dist: 2.0940995745923785 vs. 2.0940995745923785
list:
dist: 1.9574527753031892 vs. 1.9574527753031892
list:
dist: 1.0203876607684217 vs. 1.0203876607684217
list:
dist: 1.5532519405341143 vs. 1.5532519405341143
list:
dist: 0.6398727431712201 vs. 0.6398727431712201
list:
dist: 1.2309275632514638 vs. 1.2309275632514638
list:
dist: 1.1242615933394304 vs. 1.1242615933394304
list:
dist: 2.050871766910735 vs. 2.050871766910735
list:
dist: 3.6978446484630467 vs. 3.6978446484630467
list:
dist: 1.3055232091447861 vs. 1.3055232091447861
list:
dist: 1.169543338198083 vs. 1.169543338198083
list:
dist: 1.740235372517712 vs. 1.740235372517712
list:
dist: 1.7020904952930678 vs. 1.7020904952930678
list:
dist: 1.479738774813775 vs. 1.479738774813775
list:
dist: 2.556805848277074 vs. 2.556805848277074
list:
dist: 0.947347056348471 vs. 0.947347056348471
list:
dist: 1.1464689246896538 vs. 1.1464689246896538
list:
dist: 1.906563434846932 vs. 1.906563434846932
list:
dist: 1.275303478748525 vs. 1.275303478748525
list:
dist: 1.9876500585567587 vs. 1.9876500585567587
list:
dist: 0.6926792026873553 vs. 0.6926792026873553
list:
dist: 1.0523809688216044 vs. 1.0523809688216044
list:
dist: 2.342038535341696 vs. 2.342038535341696
list:
dist: 1.325941957407977 vs. 1.325941957407977
list:
dist: 1.7743981722233408 vs. 1.7743981722233408
list:
dist: 2.3224860119743966 vs. 2.3224860119743966
list:
dist: 2.6691352213746535 vs. 2.6691352213746535
list:
dist: 1.951978016156641 vs. 1.951978016156641
list:
dist: 1.9619830470496114 vs. 1.9619830470496114
list:
dist: 1.9464748862200454 vs. 1.9464748862200454
list:
dist: 2.0022626177681353 vs. 2.0022626177681353
list:
dist: 1.8747762699469566 vs. 1.8747762699469566
list:
dist: 1.989072174597384 vs. 1.989072174597384
list:
dist: 2.688800382842846 vs. 2.688800382842846
list:
dist: 2.0057812995287962 vs. 2.0057812995287962
list:
dist: 3.709523513157575 vs. 3.709523513157575
list:
dist: 1.4934263889718489 vs. 1.4934263889718489
list:
dist: 2.7378054255495683 vs. 2.7378054255495683
list:
dist: 2.5336296357098207 vs. 2.5336296357098207
list:
dist: 2.608904611831304 vs. 2.608904611831304
list:
dist: 3.104022882640925 vs. 3.104022882640925
list:
dist: 1.988403063137458 vs. 1.988403063137458
list:
dist: 2.195933104838732 vs. 2.195933104838732
list:
dist: 2.7980309171662827 vs. 2.7980309171662827
list:
dist: 1.866337997211565 vs. 1.866337997211565
list:
dist: 1.9549604721822362 vs. 1.9549604721822362
list:
dist: 1.645029434742848 vs. 1.645029434742848
list:
dist: 1.074276237658991 vs. 1.074276237658991
list:
dist: 2.452323622585901 vs. 2.452323622585901
list:
dist: 2.189042968777784 vs. 2.189042968777784
list:
dist: 2.348629640264272 vs. 2.348629640264272
list:
dist: 1.169543338198083 vs. 1.169543338198083
list:
dist: 2.973961354959202 vs. 2.973961354959202
list:
dist: 2.278427467144785 vs. 2.278427467144785
list:
dist: 3.3878149546581615 vs. 3.3878149546581615
list:
dist: 1.637094868976682 vs. 1.637094868976682
list:
dist: 2.7980309171662827 vs. 2.7980309171662827
list:
dist: 2.4350031700287507 vs. 2.4350031700287507
list:
dist: 1.5569459408399682 vs. 1.5569459408399682
list:
dist: 1.048503379656788 vs. 1.048503379656788
list:
dist: 1.3316375693319735 vs. 1.3316375693319735
list:
dist: 1.4085570610195142 vs. 1.4085570610195142
list:
dist: 2.143473359694232 vs. 2.143473359694232
list:
dist: 1.199966234032424 vs. 1.199966234032424
list:
dist: 1.9437992519005587 vs. 1.9437992519005587
list:
dist: 1.459546226968658 vs. 1.459546226968658
list:
dist: 0.9642743344425544 vs. 0.9642743344425544
list:
dist: 1.1145515523020806 vs. 1.1145515523020806
list:
dist: 3.516388239171462 vs. 3.516388239171462
list:
dist: 2.170493722846762 vs. 2.170493722846762
list:
dist: 2.9355326808938336 vs. 2.9355326808938336
list:
dist: 3.946988554890101 vs. 3.946988554890101
list:
dist: 2.4836373929205173 vs. 2.4836373929205173
list:
dist: 2.9252936652242085 vs. 2.9252936652242085
list:
dist: 1.906563434846932 vs. 1.906563434846932
list:
dist: 1.7639763947062677 vs. 1.7639763947062677
list:
dist: 2.3371802327715803 vs. 2.3371802327715803
list:
dist: 1.650605815000519 vs. 1.650605815000519
list:
dist: 3.150492228980955 vs. 3.150492228980955
list:
dist: 2.5863445563593745 vs. 2.5863445563593745
list:
dist: 2.6650530021187238 vs. 2.6650530021187238
list:
dist: 3.1385676101420006 vs. 3.1385676101420006
list:
dist: 2.5089030943343156 vs. 2.5089030943343156
list:
dist: 3.1697003359448135 vs. 3.1697003359448135
list:
dist: 2.746249352117526 vs. 2.746249352117526
list:
dist: 1.8371147083877366 vs. 1.8371147083877366
list:
dist: 2.9876421849857775 vs. 2.9876421849857775
list:
dist: 1.4947680431873793 vs. 1.4947680431873793
list:
dist: 2.0324573351147284 vs. 2.0324573351147284
list:
dist: 1.043858978771602 vs. 1.043858978771602
list:
dist: 2.8796000455835373 vs. 2.8796000455835373
list:
dist: 1.7123601656999026 vs. 1.7123601656999026
list:
dist: 1.5345451706569464 vs. 1.5345451706569464
list:
dist: 1.7639763947062677 vs. 1.7639763947062677
list:
dist: 2.4135048222290303 vs. 2.4135048222290303
list:
dist: 3.5278792909039156 vs. 3.5278792909039156
list:
dist: 2.0633473055443075 vs. 2.0633473055443075
list:
dist: 3.047215116165003 vs. 3.047215116165003
list:
dist: 3.5857812786287635 vs. 3.5857812786287635
list:
dist: 1.9947250224723119 vs. 1.9947250224723119
list:
dist: 2.5821277788651695 vs. 2.5821277788651695
list:
dist: 2.3224860119743966 vs. 2.3224860119743966
list:
dist: 0.57776716440671 vs. 0.57776716440671
list:
dist: 0.44738461126293516 vs. 0.44738461126293516
list:
dist: 2.205108641337578 vs. 2.205108641337578
list:
dist: 1.5750760384412104 vs. 1.5750760384412104
list:
dist: 1.8009430432266047 vs. 1.8009430432266047
list:
dist: 2.296766473316101 vs. 2.296766473316101
list:
dist: 1.3330744741793568 vs. 1.3330744741793568
list:
dist: 2.7224302339389306 vs. 2.7224302339389306
list:
dist: 4.319504463209749 vs. 4.319504463209749
list:
dist: 1.9701876096054247 vs. 1.9701876096054247
list:
dist: 1.645029434742848 vs. 1.645029434742848
list:
dist: 1.9114123576257052 vs. 1.9114123576257052
list:
dist: 1.8628730738005541 vs. 1.8628730738005541
list:
dist: 1.4922619256338032 vs. 1.4922619256338032
list:
dist: 3.031450513873075 vs. 3.031450513873075
list:
dist: 1.1911967788650617 vs. 1.1911967788650617
list:
dist: 1.3902567063622386 vs. 1.3902567063622386
list:
dist: 2.170493722846762 vs. 2.170493722846762
list:
dist: 1.8429361091329493 vs. 1.8429361091329493
list:
dist: 1.693706320445703 vs. 1.693706320445703
list:
dist: 0.9960268725446324 vs. 0.9960268725446324
list:
dist: 1.874898326332437 vs. 1.874898326332437
list:
dist: 0.6479343214299182 vs. 0.6479343214299182
list:
dist: 1.2188477781860916 vs. 1.2188477781860916
list:
dist: 0.6926792026873553 vs. 0.6926792026873553
list:
dist: 2.0633473055443075 vs. 2.0633473055443075
list:
dist: 2.2864887800149436 vs. 2.2864887800149436
list:
dist: 1.6535174508836603 vs. 1.6535174508836603
list:
dist: 1.4180667371711346 vs. 1.4180667371711346
list:
dist: 1.6265086846414678 vs. 1.6265086846414678
list:
dist: 1.366208683858789 vs. 1.366208683858789
list:
dist: 1.217682734720342 vs. 1.217682734720342
list:
dist: 1.3917989427283561 vs. 1.3917989427283561
list:
dist: 2.2222488587181255 vs. 2.2222488587181255
list:
dist: 1.9673252629459164 vs. 1.9673252629459164
list:
dist: 1.7457543332580434 vs. 1.7457543332580434
list:
dist: 0.9998596791126784 vs. 0.9998596791126784
list:
dist: 3.0830106144246043 vs. 3.0830106144246043
list:
dist: 2.0057812995287962 vs. 2.0057812995287962
list:
dist: 3.101206123370188 vs. 3.101206123370188
list:
dist: 2.0156933547373472 vs. 2.0156933547373472
list:
dist: 2.3558757083571114 vs. 2.3558757083571114
list:
dist: 2.518257960294714 vs. 2.518257960294714
list:
dist: 2.218122440108217 vs. 2.218122440108217
list:
dist: 2.212322231771756 vs. 2.212322231771756
list:
dist: 2.5027783648298985 vs. 2.5027783648298985
list:
dist: 1.5243679326171515 vs. 1.5243679326171515
list:
dist: 1.982981010920511 vs. 1.982981010920511
list:
dist: 2.0342074127682332 vs. 2.0342074127682332
list:
dist: 2.278427467144785 vs. 2.278427467144785
list:
dist: 1.2745052961919097 vs. 1.2745052961919097
list:
dist: 3.8005208750925745 vs. 3.8005208750925745
list:
dist: 2.7224302339389306 vs. 2.7224302339389306
list:
dist: 2.770786919039742 vs. 2.770786919039742
list:
dist: 4.258103813719307 vs. 4.258103813719307
list:
dist: 3.353916150569018 vs. 3.353916150569018
list:
dist: 3.7940895085548485 vs. 3.7940895085548485
list:
dist: 2.050871766910735 vs. 2.050871766910735
list:
dist: 3.2636331790627673 vs. 3.2636331790627673
list:
dist: 1.982981010920511 vs. 1.982981010920511
list:
dist: 3.339461967469234 vs. 3.339461967469234
list:
dist: 1.4679506747798339 vs. 1.4679506747798339
list:
dist: 4.110285960516102 vs. 4.110285960516102
list:
dist: 1.988403063137458 vs. 1.988403063137458
list:
dist: 3.0744561942740365 vs. 3.0744561942740365
list:
dist: 2.174316600840126 vs. 2.174316600840126
list:
dist: 1.6440444927051374 vs. 1.6440444927051374
list:
dist: 2.649573434196364 vs. 2.649573434196364
list:
dist: 0.7962606655055573 vs. 0.7962606655055573
list:
dist: 0.935990599996899 vs. 0.935990599996899
list:
dist: 0.7073902155466946 vs. 0.7073902155466946
list:
dist: 1.8751758523470659 vs. 1.8751758523470659
list:
dist: 0.5035758956926328 vs. 0.5035758956926328
list:
dist: 1.459546226968658 vs. 1.459546226968658
list:
dist: 1.108372916110773 vs. 1.108372916110773
list:
dist: 2.830105371356492 vs. 2.830105371356492
list:
dist: 1.1911967788650617 vs. 1.1911967788650617
list:
dist: 1.8681818402529298 vs. 1.8681818402529298
list:
dist: 3.043644548999314 vs. 3.043644548999314
list:
dist: 1.685424343495079 vs. 1.685424343495079
list:
dist: 2.343966324044365 vs. 2.343966324044365
list:
dist: 0.947347056348471 vs. 0.947347056348471
list:
dist: 1.7123601656999026 vs. 1.7123601656999026
list:
dist: 2.1210528540326408 vs. 2.1210528540326408
list:
dist: 1.4780941666210663 vs. 1.4780941666210663
list:
dist: 1.9525644176009074 vs. 1.9525644176009074
list:
dist: 1.4447684984672369 vs. 1.4447684984672369
list:
dist: 2.1629896011859167 vs. 2.1629896011859167
list:
dist: 2.098706663772518 vs. 2.098706663772518
list:
dist: 1.873534607507712 vs. 1.873534607507712
list:
dist: 3.6231608375201176 vs. 3.6231608375201176
list:
dist: 3.2821848630120085 vs. 3.2821848630120085
list:
dist: 2.3706797900029284 vs. 2.3706797900029284
list:
dist: 3.556562048655122 vs. 3.556562048655122
list:
dist: 1.9351988965708933 vs. 1.9351988965708933
list:
dist: 2.323639200435923 vs. 2.323639200435923
list:
dist: 1.5216306482410484 vs. 1.5216306482410484
list:
dist: 3.36459626939975 vs. 3.36459626939975
list:
dist: 2.1210528540326408 vs. 2.1210528540326408
list:
dist: 2.031657781668865 vs. 2.031657781668865
list:
dist: 2.3371802327715803 vs. 2.3371802327715803
list:
dist: 2.9347322868794703 vs. 2.9347322868794703
list:
dist: 3.648380759028795 vs. 3.648380759028795
list:
dist: 2.2864887800149436 vs. 2.2864887800149436
list:
dist: 3.2455055536074955 vs. 3.2455055536074955
list:
dist: 3.5799065628270017 vs. 3.5799065628270017
list:
dist: 2.0821876970538353 vs. 2.0821876970538353
list:
dist: 2.645295049112789 vs. 2.645295049112789
list:
dist: 2.6691352213746535 vs. 2.6691352213746535
list:
dist: 0.57776716440671 vs. 0.57776716440671
list:
dist: 0.8126962896062768 vs. 0.8126962896062768
list:
dist: 2.0940995745923785 vs. 2.0940995745923785
list:
dist: 1.5613505018583915 vs. 1.5613505018583915
list:
dist: 1.745712447938056 vs. 1.745712447938056
list:
dist: 2.20518868935074 vs. 2.20518868935074
list:
dist: 1.2126504541584961 vs. 1.2126504541584961
list:
dist: 3.7940895085548485 vs. 3.7940895085548485
list:
dist: 5.455616869197467 vs. 5.455616869197467
list:
dist: 2.919698184890819 vs. 2.919698184890819
list:
dist: 2.348629640264272 vs. 2.348629640264272
list:
dist: 2.9832083158908524 vs. 2.9832083158908524
list:
dist: 3.0285614279936253 vs. 3.0285614279936253
list:
dist: 2.4256944402941962 vs. 2.4256944402941962
list:
dist: 4.175601467470598 vs. 4.175601467470598
list:
dist: 2.343966324044365 vs. 2.343966324044365
list:
dist: 2.400416515457387 vs. 2.400416515457387
list:
dist: 2.9252936652242085 vs. 2.9252936652242085
list:
dist: 2.8326714565212248 vs. 2.8326714565212248
list:
dist: 1.0811388715907664 vs. 1.0811388715907664
list:
dist: 1.2188477781860916 vs. 1.2188477781860916
list:
dist: 1.5462864504335168 vs. 1.5462864504335168
list:
dist: 1.2333302453936392 vs. 1.2333302453936392
list:
dist: 0.7669290140800663 vs. 0.7669290140800663
list:
dist: 1.7743981722233408 vs. 1.7743981722233408
list:
dist: 2.5821277788651695 vs. 2.5821277788651695
list:
dist: 2.645295049112789 vs. 2.645295049112789
list:
dist: 2.1514554172317455 vs. 2.1514554172317455
list:
dist: 1.8600441657819031 vs. 1.8600441657819031
list:
dist: 2.445019038011994 vs. 2.445019038011994
list:
dist: 0.969864770932338 vs. 0.969864770932338
list:
dist: 1.2689101793941506 vs. 1.2689101793941506
list:
dist: 1.512752433992626 vs. 1.512752433992626
list:
dist: 2.444685788452969 vs. 2.444685788452969
list:
dist: 2.6058860905092014 vs. 2.6058860905092014
list:
dist: 2.4045746982585774 vs. 2.4045746982585774
list:
dist: 2.189219906866617 vs. 2.189219906866617
list:
dist: 3.9346889126668074 vs. 3.9346889126668074
list:
dist: 2.098706663772518 vs. 2.098706663772518
list:
dist: 2.35152863738526 vs. 2.35152863738526
list:
dist: 3.1385676101420006 vs. 3.1385676101420006
list:
dist: 2.9969144348886454 vs. 2.9969144348886454
list:
dist: 1.9180623201149796 vs. 1.9180623201149796
list:
dist: 1.217682734720342 vs. 1.217682734720342
list:
dist: 1.6176510001804802 vs. 1.6176510001804802
list:
dist: 1.5276103224951836 vs. 1.5276103224951836
list:
dist: 0.8316762943417473 vs. 0.8316762943417473
list:
dist: 1.2689101793941506 vs. 1.2689101793941506
list:
dist: 1.8747762699469566 vs. 1.8747762699469566
list:
dist: 2.296766473316101 vs. 2.296766473316101
list:
dist: 2.20518868935074 vs. 2.20518868935074
list:
dist: 1.9651971664585868 vs. 1.9651971664585868
list:
dist: 0.6398727431712201 vs. 0.6398727431712201
list:
dist: 1.5039097013061833 vs. 1.5039097013061833
list:
dist: 1.1092991083623598 vs. 1.1092991083623598
list:
dist: 1.0744328021453786 vs. 1.0744328021453786
list:
dist: 1.338314118825104 vs. 1.338314118825104
list:
dist: 3.8005208750925745 vs. 3.8005208750925745
list:
dist: 5.532993308826327 vs. 5.532993308826327
list:
dist: 2.9959781057738892 vs. 2.9959781057738892
list:
dist: 1.9549604721822362 vs. 1.9549604721822362
list:
dist: 3.5868544887199643 vs. 3.5868544887199643
list:
dist: 3.490194539577521 vs. 3.490194539577521
list:
dist: 3.1340281567822452 vs. 3.1340281567822452
list:
dist: 4.541291570765966 vs. 4.541291570765966
list:
dist: 2.830105371356492 vs. 2.830105371356492
list:
dist: 2.9587770458653133 vs. 2.9587770458653133
list:
dist: 3.516388239171462 vs. 3.516388239171462
list:
dist: 3.113380496395054 vs. 3.113380496395054
list:
dist: 1.693706320445703 vs. 1.693706320445703
list:
dist: 1.3014238686063433 vs. 1.3014238686063433
list:
dist: 0.8713782072903974 vs. 0.8713782072903974
list:
dist: 1.5900335267536725 vs. 1.5900335267536725
list:
dist: 1.0811388715907664 vs. 1.0811388715907664
list:
dist: 1.9876500585567587 vs. 1.9876500585567587
list:
dist: 3.5278792909039156 vs. 3.5278792909039156
list:
dist: 3.648380759028795 vs. 3.648380759028795
list:
dist: 3.085899133957702 vs. 3.085899133957702
list:
dist: 2.4487306105227473 vs. 2.4487306105227473
list:
dist: 3.1371928197765766 vs. 3.1371928197765766
list:
dist: 2.036713548330792 vs. 2.036713548330792
list:
dist: 1.9180623201149796 vs. 1.9180623201149796
list:
dist: 2.504634968868604 vs. 2.504634968868604
list:
dist: 2.6597653510763037 vs. 2.6597653510763037
list:
dist: 2.5885039229647924 vs. 2.5885039229647924
list:
dist: 2.7411310300640586 vs. 2.7411310300640586
list:
dist: 1.984899106405985 vs. 1.984899106405985
list:
dist: 3.970548889560249 vs. 3.970548889560249
list:
dist: 2.1629896011859167 vs. 2.1629896011859167
list:
dist: 2.1710296752245 vs. 2.1710296752245
list:
dist: 2.6650530021187238 vs. 2.6650530021187238
list:
dist: 2.8641689243617074 vs. 2.8641689243617074
list:
dist: 2.036713548330792 vs. 2.036713548330792
list:
dist: 1.366208683858789 vs. 1.366208683858789
list:
dist: 2.1184503209929026 vs. 2.1184503209929026
list:
dist: 1.976293894079417 vs. 1.976293894079417
list:
dist: 0.7696370615432454 vs. 0.7696370615432454
list:
dist: 0.969864770932338 vs. 0.969864770932338
list:
dist: 2.0022626177681353 vs. 2.0022626177681353
list:
dist: 1.8009430432266047 vs. 1.8009430432266047
list:
dist: 1.745712447938056 vs. 1.745712447938056
list:
dist: 1.4285873848076014 vs. 1.4285873848076014
list:
dist: 1.5532519405341143 vs. 1.5532519405341143
list:
dist: 1.9171564537996473 vs. 1.9171564537996473
list:
dist: 1.1092991083623598 vs. 1.1092991083623598
list:
dist: 0.6599361091907228 vs. 0.6599361091907228
list:
dist: 2.4326390069982367 vs. 2.4326390069982367
list:
dist: 2.770786919039742 vs. 2.770786919039742
list:
dist: 4.436214587084593 vs. 4.436214587084593
list:
dist: 2.1525705615836483 vs. 2.1525705615836483
list:
dist: 1.074276237658991 vs. 1.074276237658991
list:
dist: 2.6454381705694487 vs. 2.6454381705694487
list:
dist: 2.3672289543904004 vs. 2.3672289543904004
list:
dist: 2.3766975395083385 vs. 2.3766975395083385
list:
dist: 3.4777239207176653 vs. 3.4777239207176653
list:
dist: 1.8681818402529298 vs. 1.8681818402529298
list:
dist: 2.158853114826042 vs. 2.158853114826042
list:
dist: 2.9355326808938336 vs. 2.9355326808938336
list:
dist: 2.28093458762339 vs. 2.28093458762339
list:
dist: 1.3014238686063433 vs. 1.3014238686063433
list:
dist: 0.9960268725446324 vs. 0.9960268725446324
list:
dist: 1.512415121231826 vs. 1.512415121231826
list:
dist: 1.3634012355707168 vs. 1.3634012355707168
list:
dist: 1.5462864504335168 vs. 1.5462864504335168
list:
dist: 1.0523809688216044 vs. 1.0523809688216044
list:
dist: 3.047215116165003 vs. 3.047215116165003
list:
dist: 3.2455055536074955 vs. 3.2455055536074955
list:
dist: 2.646747610124935 vs. 2.646747610124935
list:
dist: 1.835027401615822 vs. 1.835027401615822
list:
dist: 2.3043756601860097 vs. 2.3043756601860097
list:
dist: 2.1184503209929026 vs. 2.1184503209929026
list:
dist: 1.6176510001804802 vs. 1.6176510001804802
list:
dist: 2.2545837393760872 vs. 2.2545837393760872
list:
dist: 2.137161359881687 vs. 2.137161359881687
list:
dist: 1.511376622652653 vs. 1.511376622652653
list:
dist: 1.2476053261423004 vs. 1.2476053261423004
list:
dist: 1.3883962000359098 vs. 1.3883962000359098
list:
dist: 2.880369765549534 vs. 2.880369765549534
list:
dist: 1.4447684984672369 vs. 1.4447684984672369
list:
dist: 1.753710205922346 vs. 1.753710205922346
list:
dist: 2.5863445563593745 vs. 2.5863445563593745
list:
dist: 2.5506926859283663 vs. 2.5506926859283663
list:
dist: 3.1371928197765766 vs. 3.1371928197765766
list:
dist: 1.6265086846414678 vs. 1.6265086846414678
list:
dist: 2.3043756601860097 vs. 2.3043756601860097
list:
dist: 2.9425777002271127 vs. 2.9425777002271127
list:
dist: 1.6930993920147621 vs. 1.6930993920147621
list:
dist: 2.445019038011994 vs. 2.445019038011994
list:
dist: 1.9464748862200454 vs. 1.9464748862200454
list:
dist: 1.5750760384412104 vs. 1.5750760384412104
list:
dist: 1.5613505018583915 vs. 1.5613505018583915
list:
dist: 1.4797638825508403 vs. 1.4797638825508403
list:
dist: 1.0203876607684217 vs. 1.0203876607684217
list:
dist: 1.9171564537996473 vs. 1.9171564537996473
list:
dist: 1.5039097013061833 vs. 1.5039097013061833
list:
dist: 1.341236353230309 vs. 1.341236353230309
list:
dist: 1.9892946960110094 vs. 1.9892946960110094
list:
dist: 1.0702893930004502 vs. 1.0702893930004502
list:
dist: 2.4234503021559486 vs. 2.4234503021559486
list:
dist: 2.843073328841834 vs. 2.843073328841834
list:
dist: 2.215902701196813 vs. 2.215902701196813
list:
dist: 2.4225103140537305 vs. 2.4225103140537305
list:
dist: 2.3081151653213374 vs. 2.3081151653213374
list:
dist: 3.659566398944186 vs. 3.659566398944186
list:
dist: 4.009271314380975 vs. 4.009271314380975
list:
dist: 2.4265187464962072 vs. 2.4265187464962072
list:
dist: 3.0795639138098396 vs. 3.0795639138098396
list:
dist: 3.0654269322118988 vs. 3.0654269322118988
list:
dist: 3.405245207726338 vs. 3.405245207726338
list:
dist: 1.9717152520554755 vs. 1.9717152520554755
list:
dist: 4.096817712262722 vs. 4.096817712262722
list:
dist: 3.3725134624770883 vs. 3.3725134624770883
list:
dist: 4.067476548103438 vs. 4.067476548103438
list:
dist: 2.420632329976429 vs. 2.420632329976429
list:
dist: 2.6906234766434216 vs. 2.6906234766434216
list:
dist: 3.231791826591168 vs. 3.231791826591168
list:
dist: 3.7238846577042426 vs. 3.7238846577042426
list:
dist: 4.0849160298417155 vs. 4.0849160298417155
list:
dist: 3.176662749720287 vs. 3.176662749720287
list:
dist: 4.836815573604914 vs. 4.836815573604914
list:
dist: 3.855106760921696 vs. 3.855106760921696
list:
dist: 3.0603856199242787 vs. 3.0603856199242787
list:
dist: 1.814876563137791 vs. 1.814876563137791
list:
dist: 1.8831203448949947 vs. 1.8831203448949947
list:
dist: 3.888099987938748 vs. 3.888099987938748
list:
dist: 0.9685815318256767 vs. 0.9685815318256767
list:
dist: 2.1702056527600257 vs. 2.1702056527600257
list:
dist: 3.0232077350250406 vs. 3.0232077350250406
list:
dist: 3.5689877144328266 vs. 3.5689877144328266
list:
dist: 0.8762187034286546 vs. 0.8762187034286546
list:
dist: 2.8188963314055164 vs. 2.8188963314055164
list:
dist: 3.3049436102426006 vs. 3.3049436102426006
list:
dist: 2.70712153875581 vs. 2.70712153875581
list:
dist: 2.2635634058126866 vs. 2.2635634058126866
list:
dist: 1.4962447829469023 vs. 1.4962447829469023
list:
dist: 1.814876563137791 vs. 1.814876563137791
list:
dist: 3.659566398944186 vs. 3.659566398944186
list:
dist: 1.7744243950530423 vs. 1.7744243950530423
list:
dist: 1.009173966406453 vs. 1.009173966406453
list:
dist: 2.2649122112186237 vs. 2.2649122112186237
list:
dist: 1.448855102823768 vs. 1.448855102823768
list:
dist: 2.9128721733023983 vs. 2.9128721733023983
list:
dist: 2.6944406785307686 vs. 2.6944406785307686
list:
dist: 3.1885377290627064 vs. 3.1885377290627064
list:
dist: 1.094417197412663 vs. 1.094417197412663
list:
dist: 1.4914754799046832 vs. 1.4914754799046832
list:
dist: 2.359600248739723 vs. 2.359600248739723
list:
dist: 1.7117339317501883 vs. 1.7117339317501883
list:
dist: 3.192620576997914 vs. 3.192620576997914
list:
dist: 3.508669385224414 vs. 3.508669385224414
list:
dist: 3.448019279104431 vs. 3.448019279104431
list:
dist: 3.5544968403256334 vs. 3.5544968403256334
list:
dist: 2.7024669884955173 vs. 2.7024669884955173
list:
dist: 2.6592889682781284 vs. 2.6592889682781284
list:
dist: 2.496485791787469 vs. 2.496485791787469
list:
dist: 2.1005212434068334 vs. 2.1005212434068334
list:
dist: 1.1032011252098228 vs. 1.1032011252098228
list:
dist: 0.9740680143399957 vs. 0.9740680143399957
list:
dist: 0.8515848796967307 vs. 0.8515848796967307
list:
dist: 2.215902701196813 vs. 2.215902701196813
list:
dist: 2.170245793802658 vs. 2.170245793802658
list:
dist: 2.2635634058126866 vs. 2.2635634058126866
list:
dist: 2.7037471700964795 vs. 2.7037471700964795
list:
dist: 2.428733538634487 vs. 2.428733538634487
list:
dist: 4.258032729810015 vs. 4.258032729810015
list:
dist: 3.5836744958800457 vs. 3.5836744958800457
list:
dist: 3.713343836336227 vs. 3.713343836336227
list:
dist: 3.078072045921509 vs. 3.078072045921509
list:
dist: 3.1865517402004975 vs. 3.1865517402004975
list:
dist: 2.9498746725358393 vs. 2.9498746725358393
list:
dist: 3.936244959765511 vs. 3.936244959765511
list:
dist: 2.9627123307889005 vs. 2.9627123307889005
list:
dist: 3.101922978398833 vs. 3.101922978398833
list:
dist: 2.9853528824671502 vs. 2.9853528824671502
list:
dist: 2.170245793802658 vs. 2.170245793802658
list:
dist: 1.496679325848691 vs. 1.496679325848691
list:
dist: 2.3081151653213374 vs. 2.3081151653213374
list:
dist: 1.7744243950530423 vs. 1.7744243950530423
list:
dist: 2.308474306935033 vs. 2.308474306935033
list:
dist: 1.5865601018756963 vs. 1.5865601018756963
list:
dist: 2.345609101292364 vs. 2.345609101292364
list:
dist: 1.477037149488804 vs. 1.477037149488804
list:
dist: 1.5439292987202227 vs. 1.5439292987202227
list:
dist: 1.4188193602025905 vs. 1.4188193602025905
list:
dist: 1.873895571335764 vs. 1.873895571335764
list:
dist: 1.0996465118147585 vs. 1.0996465118147585
list:
dist: 1.978724729009409 vs. 1.978724729009409
list:
dist: 1.9368470570524108 vs. 1.9368470570524108
list:
dist: 2.302140266091036 vs. 2.302140266091036
list:
dist: 2.0576568831699342 vs. 2.0576568831699342
list:
dist: 2.3662824180522675 vs. 2.3662824180522675
list:
dist: 2.52366382288338 vs. 2.52366382288338
list:
dist: 1.5254871763102036 vs. 1.5254871763102036
list:
dist: 2.785910281767725 vs. 2.785910281767725
list:
dist: 2.1050646689444106 vs. 2.1050646689444106
list:
dist: 1.794811376486087 vs. 1.794811376486087
list:
dist: 1.2922549934860545 vs. 1.2922549934860545
list:
dist: 1.1032011252098228 vs. 1.1032011252098228
list:
dist: 1.8888513392184292 vs. 1.8888513392184292
list:
dist: 2.4234503021559486 vs. 2.4234503021559486
list:
dist: 3.101922978398833 vs. 3.101922978398833
list:
dist: 3.3049436102426006 vs. 3.3049436102426006
list:
dist: 3.7739671128079366 vs. 3.7739671128079366
list:
dist: 3.394408828657972 vs. 3.394408828657972
list:
dist: 1.8888513392184292 vs. 1.8888513392184292
list:
dist: 1.634073660599733 vs. 1.634073660599733
list:
dist: 0.8515848796967307 vs. 0.8515848796967307
list:
dist: 3.0603856199242787 vs. 3.0603856199242787
list:
dist: 2.4225103140537305 vs. 2.4225103140537305
list:
dist: 1.496679325848691 vs. 1.496679325848691
list:
dist: 1.4962447829469023 vs. 1.4962447829469023
list:
dist: 2.0985183131884155 vs. 2.0985183131884155
list:
dist: 2.0682635897090287 vs. 2.0682635897090287
list:
dist: 2.7287286437000655 vs. 2.7287286437000655
list:
dist: 2.9337429174208243 vs. 2.9337429174208243
list:
dist: 2.9997928166272314 vs. 2.9997928166272314
list:
dist: 2.667305107945255 vs. 2.667305107945255
list:
dist: 2.3654397739414876 vs. 2.3654397739414876
list:
dist: 2.1451000812123366 vs. 2.1451000812123366
list:
dist: 3.161793376062654 vs. 3.161793376062654
list:
dist: 3.036300587814782 vs. 3.036300587814782
list:
dist: 1.794811376486087 vs. 1.794811376486087
list:
dist: 2.1005212434068334 vs. 2.1005212434068334
list:
dist: 1.0702893930004502 vs. 1.0702893930004502
list:
dist: 2.9627123307889005 vs. 2.9627123307889005
list:
dist: 3.936244959765511 vs. 3.936244959765511
list:
dist: 3.161793376062654 vs. 3.161793376062654
list:
dist: 3.5689877144328266 vs. 3.5689877144328266
list:
dist: 4.067476548103438 vs. 4.067476548103438
list:
dist: 1.978724729009409 vs. 1.978724729009409
list:
dist: 2.359600248739723 vs. 2.359600248739723
list:
dist: 2.4416690527237117 vs. 2.4416690527237117
list:
dist: 2.3641403272730526 vs. 2.3641403272730526
list:
dist: 3.0842402189384157 vs. 3.0842402189384157
list:
dist: 1.743468665623496 vs. 1.743468665623496
list:
dist: 1.1254505162855497 vs. 1.1254505162855497
list:
dist: 2.554043272072856 vs. 2.554043272072856
list:
dist: 1.4332639020794702 vs. 1.4332639020794702
list:
dist: 1.0525339857670553 vs. 1.0525339857670553
list:
dist: 3.195768427397304 vs. 3.195768427397304
list:
dist: 1.6193969508684782 vs. 1.6193969508684782
list:
dist: 2.3849060035627074 vs. 2.3849060035627074
list:
dist: 1.857909442327421 vs. 1.857909442327421
list:
dist: 1.472636142227281 vs. 1.472636142227281
list:
dist: 1.3705580628579408 vs. 1.3705580628579408
list:
dist: 1.1203539762228862 vs. 1.1203539762228862
list:
dist: 0.976692317156416 vs. 0.976692317156416
list:
dist: 0.9528955123389444 vs. 0.9528955123389444
list:
dist: 1.3002164969086938 vs. 1.3002164969086938
list:
dist: 3.713343836336227 vs. 3.713343836336227
list:
dist: 2.9997928166272314 vs. 2.9997928166272314
list:
dist: 3.405245207726338 vs. 3.405245207726338
list:
dist: 1.5439292987202227 vs. 1.5439292987202227
list:
dist: 2.6944406785307686 vs. 2.6944406785307686
list:
dist: 3.0606255802130193 vs. 3.0606255802130193
list:
dist: 2.408576032258199 vs. 2.408576032258199
list:
dist: 1.565264987219817 vs. 1.565264987219817
list:
dist: 0.632406299314374 vs. 0.632406299314374
list:
dist: 1.61394025174215 vs. 1.61394025174215
list:
dist: 2.069275156793675 vs. 2.069275156793675
list:
dist: 1.223535363082249 vs. 1.223535363082249
list:
dist: 1.1254505162855497 vs. 1.1254505162855497
list:
dist: 2.5775518576502914 vs. 2.5775518576502914
list:
dist: 2.1153937481998146 vs. 2.1153937481998146
list:
dist: 1.808328684013708 vs. 1.808328684013708
list:
dist: 1.014305841815358 vs. 1.014305841815358
list:
dist: 1.3287129897650676 vs. 1.3287129897650676
list:
dist: 1.1280113099087128 vs. 1.1280113099087128
list:
dist: 0.7165416756547617 vs. 0.7165416756547617
list:
dist: 2.0911696895871907 vs. 2.0911696895871907
list:
dist: 1.6647868165455955 vs. 1.6647868165455955
list:
dist: 2.285479413241156 vs. 2.285479413241156
list:
dist: 4.836815573604914 vs. 4.836815573604914
list:
dist: 2.785910281767725 vs. 2.785910281767725
list:
dist: 2.6592889682781284 vs. 2.6592889682781284
list:
dist: 2.424680826865791 vs. 2.424680826865791
list:
dist: 2.789738799160419 vs. 2.789738799160419
list:
dist: 2.8993949070904446 vs. 2.8993949070904446
list:
dist: 2.716364541966316 vs. 2.716364541966316
list:
dist: 2.0911696895871907 vs. 2.0911696895871907
list:
dist: 3.468580653532846 vs. 3.468580653532846
list:
dist: 1.6539521658891227 vs. 1.6539521658891227
list:
dist: 1.7846219777906118 vs. 1.7846219777906118
list:
dist: 0.976692317156416 vs. 0.976692317156416
list:
dist: 2.9328860423911673 vs. 2.9328860423911673
list:
dist: 1.1966202358239526 vs. 1.1966202358239526
list:
dist: 2.9472296654457844 vs. 2.9472296654457844
list:
dist: 2.694804586872498 vs. 2.694804586872498
list:
dist: 2.033921453640032 vs. 2.033921453640032
list:
dist: 1.9980564857938024 vs. 1.9980564857938024
list:
dist: 1.960660068130024 vs. 1.960660068130024
list:
dist: 1.1340331519009677 vs. 1.1340331519009677
list:
dist: 0.7096967093081566 vs. 0.7096967093081566
list:
dist: 3.231791826591168 vs. 3.231791826591168
list:
dist: 2.0576568831699342 vs. 2.0576568831699342
list:
dist: 3.508669385224414 vs. 3.508669385224414
list:
dist: 3.7599487513385648 vs. 3.7599487513385648
list:
dist: 2.5433088610491343 vs. 2.5433088610491343
list:
dist: 0.8585852333596611 vs. 0.8585852333596611
list:
dist: 1.0080574054779694 vs. 1.0080574054779694
list:
dist: 1.014305841815358 vs. 1.014305841815358
list:
dist: 1.3644261056466587 vs. 1.3644261056466587
list:
dist: 2.972767690355642 vs. 2.972767690355642
list:
dist: 2.090711844465885 vs. 2.090711844465885
list:
dist: 1.857909442327421 vs. 1.857909442327421
list:
dist: 3.429240934142916 vs. 3.429240934142916
list:
dist: 1.7614679593024658 vs. 1.7614679593024658
list:
dist: 0.9615607090693444 vs. 0.9615607090693444
list:
dist: 0.98147081329012 vs. 0.98147081329012
list:
dist: 0.9895459212253315 vs. 0.9895459212253315
list:
dist: 0.9202787855423267 vs. 0.9202787855423267
list:
dist: 2.694804586872498 vs. 2.694804586872498
list:
dist: 2.011665169781446 vs. 2.011665169781446
list:
dist: 2.8864011443773854 vs. 2.8864011443773854
list:
dist: 1.2922549934860545 vs. 1.2922549934860545
list:
dist: 0.9740680143399957 vs. 0.9740680143399957
list:
dist: 1.634073660599733 vs. 1.634073660599733
list:
dist: 2.843073328841834 vs. 2.843073328841834
list:
dist: 2.9853528824671502 vs. 2.9853528824671502
list:
dist: 2.70712153875581 vs. 2.70712153875581
list:
dist: 2.877850396231018 vs. 2.877850396231018
list:
dist: 2.819327413275191 vs. 2.819327413275191
list:
dist: 3.368834082609674 vs. 3.368834082609674
list:
dist: 3.7238846577042426 vs. 3.7238846577042426
list:
dist: 2.3662824180522675 vs. 2.3662824180522675
list:
dist: 3.448019279104431 vs. 3.448019279104431
list:
dist: 3.4444065307109466 vs. 3.4444065307109466
list:
dist: 2.3532559248502225 vs. 2.3532559248502225
list:
dist: 1.819918303991714 vs. 1.819918303991714
list:
dist: 1.715854511021192 vs. 1.715854511021192
list:
dist: 1.3287129897650676 vs. 1.3287129897650676
list:
dist: 2.1093332068049935 vs. 2.1093332068049935
list:
dist: 2.7676364454841207 vs. 2.7676364454841207
list:
dist: 2.0680773227616855 vs. 2.0680773227616855
list:
dist: 1.472636142227281 vs. 1.472636142227281
list:
dist: 3.0073658632345395 vs. 3.0073658632345395
list:
dist: 1.6376494275131284 vs. 1.6376494275131284
list:
dist: 1.7619604600626155 vs. 1.7619604600626155
list:
dist: 0.98147081329012 vs. 0.98147081329012
list:
dist: 0.6748796733346903 vs. 0.6748796733346903
list:
dist: 0.8584468967554217 vs. 0.8584468967554217
list:
dist: 2.033921453640032 vs. 2.033921453640032
list:
dist: 1.32120574569413 vs. 1.32120574569413
list:
dist: 2.2796240165008643 vs. 2.2796240165008643
list:
dist: 3.368834082609674 vs. 3.368834082609674
list:
dist: 2.7287286437000655 vs. 2.7287286437000655
list:
dist: 0.9685815318256767 vs. 0.9685815318256767
list:
dist: 1.448855102823768 vs. 1.448855102823768
list:
dist: 1.039279044893565 vs. 1.039279044893565
list:
dist: 3.1195261278855684 vs. 3.1195261278855684
list:
dist: 1.7828492705632573 vs. 1.7828492705632573
list:
dist: 2.5951322714932417 vs. 2.5951322714932417
list:
dist: 3.0842402189384157 vs. 3.0842402189384157
list:
dist: 0.32469360248000684 vs. 0.32469360248000684
list:
dist: 2.8993949070904446 vs. 2.8993949070904446
list:
dist: 3.071500467673535 vs. 3.071500467673535
list:
dist: 3.1865517402004975 vs. 3.1865517402004975
list:
dist: 2.3654397739414876 vs. 2.3654397739414876
list:
dist: 2.1702056527600257 vs. 2.1702056527600257
list:
dist: 4.096817712262722 vs. 4.096817712262722
list:
dist: 1.873895571335764 vs. 1.873895571335764
list:
dist: 1.094417197412663 vs. 1.094417197412663
list:
dist: 1.3630095001773457 vs. 1.3630095001773457
list:
dist: 2.3944151582527997 vs. 2.3944151582527997
list:
dist: 1.7828492705632573 vs. 1.7828492705632573
list:
dist: 2.474372909688088 vs. 2.474372909688088
list:
dist: 2.069275156793675 vs. 2.069275156793675
list:
dist: 3.090027022002211 vs. 3.090027022002211
list:
dist: 0.9496637085136959 vs. 0.9496637085136959
list:
dist: 1.4332639020794702 vs. 1.4332639020794702
list:
dist: 1.9152978124814712 vs. 1.9152978124814712
list:
dist: 1.5028342725018322 vs. 1.5028342725018322
list:
dist: 3.0273058091786798 vs. 3.0273058091786798
list:
dist: 2.972767690355642 vs. 2.972767690355642
list:
dist: 2.7676364454841207 vs. 2.7676364454841207
list:
dist: 2.7592916321770917 vs. 2.7592916321770917
list:
dist: 2.139896673722372 vs. 2.139896673722372
list:
dist: 1.6539521658891227 vs. 1.6539521658891227
list:
dist: 1.7977297499600708 vs. 1.7977297499600708
list:
dist: 2.0859989928528173 vs. 2.0859989928528173
list:
dist: 3.5836744958800457 vs. 3.5836744958800457
list:
dist: 2.9337429174208243 vs. 2.9337429174208243
list:
dist: 3.0654269322118988 vs. 3.0654269322118988
list:
dist: 1.477037149488804 vs. 1.477037149488804
list:
dist: 2.9128721733023983 vs. 2.9128721733023983
list:
dist: 3.4073559525487975 vs. 3.4073559525487975
list:
dist: 2.5769672009529416 vs. 2.5769672009529416
list:
dist: 1.1776555883567046 vs. 1.1776555883567046
list:
dist: 0.632406299314374 vs. 0.632406299314374
list:
dist: 1.1862454493507832 vs. 1.1862454493507832
list:
dist: 2.474372909688088 vs. 2.474372909688088
list:
dist: 1.5720548336183906 vs. 1.5720548336183906
list:
dist: 1.743468665623496 vs. 1.743468665623496
list:
dist: 3.127180123084281 vs. 3.127180123084281
list:
dist: 2.209531301413297 vs. 2.209531301413297
list:
dist: 1.498012314209594 vs. 1.498012314209594
list:
dist: 1.0080574054779694 vs. 1.0080574054779694
list:
dist: 1.715854511021192 vs. 1.715854511021192
list:
dist: 1.5449114111533673 vs. 1.5449114111533673
list:
dist: 1.1110965535719393 vs. 1.1110965535719393
list:
dist: 2.716364541966316 vs. 2.716364541966316
list:
dist: 2.2122303318482004 vs. 2.2122303318482004
list:
dist: 2.902779852400622 vs. 2.902779852400622
list:
dist: 2.9498746725358393 vs. 2.9498746725358393
list:
dist: 2.1451000812123366 vs. 2.1451000812123366
list:
dist: 3.0232077350250406 vs. 3.0232077350250406
list:
dist: 3.3725134624770883 vs. 3.3725134624770883
list:
dist: 1.0996465118147585 vs. 1.0996465118147585
list:
dist: 1.4914754799046832 vs. 1.4914754799046832
list:
dist: 1.8897797039717463 vs. 1.8897797039717463
list:
dist: 1.9217849388182866 vs. 1.9217849388182866
list:
dist: 2.5951322714932417 vs. 2.5951322714932417
list:
dist: 1.5720548336183906 vs. 1.5720548336183906
list:
dist: 1.223535363082249 vs. 1.223535363082249
list:
dist: 2.1550204009386804 vs. 2.1550204009386804
list:
dist: 0.9496637085136959 vs. 0.9496637085136959
list:
dist: 1.0525339857670553 vs. 1.0525339857670553
list:
dist: 2.782302299388403 vs. 2.782302299388403
list:
dist: 2.0452105347235006 vs. 2.0452105347235006
list:
dist: 2.2926604808953797 vs. 2.2926604808953797
list:
dist: 2.090711844465885 vs. 2.090711844465885
list:
dist: 2.0680773227616855 vs. 2.0680773227616855
list:
dist: 2.0863179179439078 vs. 2.0863179179439078
list:
dist: 1.305970142641102 vs. 1.305970142641102
list:
dist: 1.7846219777906118 vs. 1.7846219777906118
list:
dist: 1.460965369028143 vs. 1.460965369028143
list:
dist: 2.2134347916478445 vs. 2.2134347916478445
list:
dist: 3.078072045921509 vs. 3.078072045921509
list:
dist: 2.667305107945255 vs. 2.667305107945255
list:
dist: 1.9717152520554755 vs. 1.9717152520554755
list:
dist: 1.4188193602025905 vs. 1.4188193602025905
list:
dist: 3.1885377290627064 vs. 3.1885377290627064
list:
dist: 3.622215451039163 vs. 3.622215451039163
list:
dist: 2.2010628436237454 vs. 2.2010628436237454
list:
dist: 1.2122177908743872 vs. 1.2122177908743872
list:
dist: 1.1862454493507832 vs. 1.1862454493507832
list:
dist: 1.61394025174215 vs. 1.61394025174215
list:
dist: 3.090027022002211 vs. 3.090027022002211
list:
dist: 2.1550204009386804 vs. 2.1550204009386804
list:
dist: 2.554043272072856 vs. 2.554043272072856
list:
dist: 4.045281713118992 vs. 4.045281713118992
list:
dist: 1.6952545467947528 vs. 1.6952545467947528
list:
dist: 1.0419452931083475 vs. 1.0419452931083475
list:
dist: 1.3644261056466587 vs. 1.3644261056466587
list:
dist: 2.1093332068049935 vs. 2.1093332068049935
list:
dist: 2.274988718065634 vs. 2.274988718065634
list:
dist: 1.5638316339281144 vs. 1.5638316339281144
list:
dist: 3.468580653532846 vs. 3.468580653532846
list:
dist: 2.6298730916275685 vs. 2.6298730916275685
list:
dist: 3.8134609348120385 vs. 3.8134609348120385
list:
dist: 4.258032729810015 vs. 4.258032729810015
list:
dist: 3.0795639138098396 vs. 3.0795639138098396
list:
dist: 2.345609101292364 vs. 2.345609101292364
list:
dist: 1.1776555883567046 vs. 1.1776555883567046
list:
dist: 1.565264987219817 vs. 1.565264987219817
list:
dist: 1.2122177908743872 vs. 1.2122177908743872
list:
dist: 2.246194132649185 vs. 2.246194132649185
list:
dist: 0.6374647030361689 vs. 0.6374647030361689
list:
dist: 0.8585852333596611 vs. 0.8585852333596611
list:
dist: 1.819918303991714 vs. 1.819918303991714
list:
dist: 1.7422693912938205 vs. 1.7422693912938205
list:
dist: 1.6814439333637436 vs. 1.6814439333637436
list:
dist: 3.036300587814782 vs. 3.036300587814782
list:
dist: 0.8762187034286546 vs. 0.8762187034286546
list:
dist: 1.7117339317501883 vs. 1.7117339317501883
list:
dist: 1.3137259008407123 vs. 1.3137259008407123
list:
dist: 3.3926199810678614 vs. 3.3926199810678614
list:
dist: 0.32469360248000684 vs. 0.32469360248000684
list:
dist: 1.9152978124814712 vs. 1.9152978124814712
list:
dist: 2.782302299388403 vs. 2.782302299388403
list:
dist: 3.195768427397304 vs. 3.195768427397304
list:
dist: 2.535939332740102 vs. 2.535939332740102
list:
dist: 2.9328860423911673 vs. 2.9328860423911673
list:
dist: 3.214919630777661 vs. 3.214919630777661
list:
dist: 3.372249286109874 vs. 3.372249286109874
list:
dist: 3.176662749720287 vs. 3.176662749720287
list:
dist: 1.5254871763102036 vs. 1.5254871763102036
list:
dist: 2.7024669884955173 vs. 2.7024669884955173
list:
dist: 2.86117163645078 vs. 2.86117163645078
list:
dist: 1.873300174536007 vs. 1.873300174536007
list:
dist: 1.6814439333637436 vs. 1.6814439333637436
list:
dist: 1.1110965535719393 vs. 1.1110965535719393
list:
dist: 0.7165416756547617 vs. 0.7165416756547617
list:
dist: 1.5638316339281144 vs. 1.5638316339281144
list:
dist: 2.139896673722372 vs. 2.139896673722372
list:
dist: 1.305970142641102 vs. 1.305970142641102
list:
dist: 1.1203539762228862 vs. 1.1203539762228862
list:
dist: 2.732296987121182 vs. 2.732296987121182
list:
dist: 1.471282809613699 vs. 1.471282809613699
list:
dist: 1.6707511089382932 vs. 1.6707511089382932
list:
dist: 0.9202787855423267 vs. 0.9202787855423267
list:
dist: 0.8584468967554217 vs. 0.8584468967554217
list:
dist: 1.0635955708769245 vs. 1.0635955708769245
list:
dist: 1.960660068130024 vs. 1.960660068130024
list:
dist: 1.1831908712482813 vs. 1.1831908712482813
list:
dist: 2.314560712290515 vs. 2.314560712290515
list:
dist: 2.8188963314055164 vs. 2.8188963314055164
list:
dist: 3.127180123084281 vs. 3.127180123084281
list:
dist: 2.5775518576502914 vs. 2.5775518576502914
list:
dist: 4.045281713118992 vs. 4.045281713118992
list:
dist: 1.5028342725018322 vs. 1.5028342725018322
list:
dist: 2.0452105347235006 vs. 2.0452105347235006
list:
dist: 1.6193969508684782 vs. 1.6193969508684782
list:
dist: 2.535939332740102 vs. 2.535939332740102
list:
dist: 3.429240934142916 vs. 3.429240934142916
list:
dist: 3.0073658632345395 vs. 3.0073658632345395
list:
dist: 2.791298673013071 vs. 2.791298673013071
list:
dist: 2.732296987121182 vs. 2.732296987121182
list:
dist: 1.1966202358239526 vs. 1.1966202358239526
list:
dist: 2.177085847511063 vs. 2.177085847511063
list:
dist: 1.1045013001760153 vs. 1.1045013001760153
list:
dist: 2.6906234766434216 vs. 2.6906234766434216
list:
dist: 2.302140266091036 vs. 2.302140266091036
list:
dist: 0.6374647030361689 vs. 0.6374647030361689
list:
dist: 1.498012314209594 vs. 1.498012314209594
list:
dist: 1.808328684013708 vs. 1.808328684013708
list:
dist: 1.0419452931083475 vs. 1.0419452931083475
list:
dist: 1.7826396851561015 vs. 1.7826396851561015
list:
dist: 0.9615607090693444 vs. 0.9615607090693444
list:
dist: 1.7619604600626155 vs. 1.7619604600626155
list:
dist: 1.9185471354761232 vs. 1.9185471354761232
list:
dist: 1.6707511089382932 vs. 1.6707511089382932
list:
dist: 4.0849160298417155 vs. 4.0849160298417155
list:
dist: 2.52366382288338 vs. 2.52366382288338
list:
dist: 3.5544968403256334 vs. 3.5544968403256334
list:
dist: 3.669812499190055 vs. 3.669812499190055
list:
dist: 2.8532261512840926 vs. 2.8532261512840926
list:
dist: 1.7422693912938205 vs. 1.7422693912938205
list:
dist: 1.5449114111533673 vs. 1.5449114111533673
list:
dist: 1.1280113099087128 vs. 1.1280113099087128
list:
dist: 2.274988718065634 vs. 2.274988718065634
list:
dist: 2.7592916321770917 vs. 2.7592916321770917
list:
dist: 2.0863179179439078 vs. 2.0863179179439078
list:
dist: 1.3705580628579408 vs. 1.3705580628579408
list:
dist: 2.791298673013071 vs. 2.791298673013071
list:
dist: 2.23148534185653 vs. 2.23148534185653
list:
dist: 1.9185471354761232 vs. 1.9185471354761232
list:
dist: 0.9895459212253315 vs. 0.9895459212253315
list:
dist: 0.6748796733346903 vs. 0.6748796733346903
list:
dist: 1.0635955708769245 vs. 1.0635955708769245
list:
dist: 1.9980564857938024 vs. 1.9980564857938024
list:
dist: 1.635864156253164 vs. 1.635864156253164
list:
dist: 2.047144328204043 vs. 2.047144328204043
list:
dist: 3.394408828657972 vs. 3.394408828657972
list:
dist: 2.819327413275191 vs. 2.819327413275191
list:
dist: 2.428733538634487 vs. 2.428733538634487
list:
dist: 2.0682635897090287 vs. 2.0682635897090287
list:
dist: 3.888099987938748 vs. 3.888099987938748
list:
dist: 2.4265187464962072 vs. 2.4265187464962072
list:
dist: 1.5865601018756963 vs. 1.5865601018756963
list:
dist: 2.2649122112186237 vs. 2.2649122112186237
list:
dist: 2.0819412867055065 vs. 2.0819412867055065
list:
dist: 3.1195261278855684 vs. 3.1195261278855684
list:
dist: 2.5769672009529416 vs. 2.5769672009529416
list:
dist: 2.408576032258199 vs. 2.408576032258199
list:
dist: 2.2010628436237454 vs. 2.2010628436237454
list:
dist: 2.3944151582527997 vs. 2.3944151582527997
list:
dist: 1.9217849388182866 vs. 1.9217849388182866
list:
dist: 2.3641403272730526 vs. 2.3641403272730526
list:
dist: 3.3926199810678614 vs. 3.3926199810678614
list:
dist: 1.2018564875978273 vs. 1.2018564875978273
list:
dist: 2.5433088610491343 vs. 2.5433088610491343
list:
dist: 2.3532559248502225 vs. 2.3532559248502225
list:
dist: 2.8532261512840926 vs. 2.8532261512840926
list:
dist: 1.873300174536007 vs. 1.873300174536007
list:
dist: 2.789738799160419 vs. 2.789738799160419
list:
dist: 1.7831782480793468 vs. 1.7831782480793468
list:
dist: 2.420632329976429 vs. 2.420632329976429
list:
dist: 1.9368470570524108 vs. 1.9368470570524108
list:
dist: 3.192620576997914 vs. 3.192620576997914
list:
dist: 3.12015600741544 vs. 3.12015600741544
list:
dist: 1.2018564875978273 vs. 1.2018564875978273
list:
dist: 2.246194132649185 vs. 2.246194132649185
list:
dist: 2.209531301413297 vs. 2.209531301413297
list:
dist: 2.1153937481998146 vs. 2.1153937481998146
list:
dist: 1.6952545467947528 vs. 1.6952545467947528
list:
dist: 3.0273058091786798 vs. 3.0273058091786798
list:
dist: 2.2926604808953797 vs. 2.2926604808953797
list:
dist: 2.3849060035627074 vs. 2.3849060035627074
list:
dist: 1.7826396851561015 vs. 1.7826396851561015
list:
dist: 1.7614679593024658 vs. 1.7614679593024658
list:
dist: 1.6376494275131284 vs. 1.6376494275131284
list:
dist: 2.23148534185653 vs. 2.23148534185653
list:
dist: 1.471282809613699 vs. 1.471282809613699
list:
dist: 2.9472296654457844 vs. 2.9472296654457844
list:
dist: 1.825924205400622 vs. 1.825924205400622
list:
dist: 3.7739671128079366 vs. 3.7739671128079366
list:
dist: 2.877850396231018 vs. 2.877850396231018
list:
dist: 2.7037471700964795 vs. 2.7037471700964795
list:
dist: 2.0985183131884155 vs. 2.0985183131884155
list:
dist: 1.8831203448949947 vs. 1.8831203448949947
list:
dist: 4.009271314380975 vs. 4.009271314380975
list:
dist: 2.308474306935033 vs. 2.308474306935033
list:
dist: 1.009173966406453 vs. 1.009173966406453
list:
dist: 2.0819412867055065 vs. 2.0819412867055065
list:
dist: 1.039279044893565 vs. 1.039279044893565
list:
dist: 3.4073559525487975 vs. 3.4073559525487975
list:
dist: 3.0606255802130193 vs. 3.0606255802130193
list:
dist: 3.622215451039163 vs. 3.622215451039163
list:
dist: 1.3630095001773457 vs. 1.3630095001773457
list:
dist: 1.8897797039717463 vs. 1.8897797039717463
list:
dist: 2.4416690527237117 vs. 2.4416690527237117
list:
dist: 1.3137259008407123 vs. 1.3137259008407123
list:
dist: 3.12015600741544 vs. 3.12015600741544
list:
dist: 3.7599487513385648 vs. 3.7599487513385648
list:
dist: 3.4444065307109466 vs. 3.4444065307109466
list:
dist: 3.669812499190055 vs. 3.669812499190055
list:
dist: 2.86117163645078 vs. 2.86117163645078
list:
dist: 2.424680826865791 vs. 2.424680826865791
list:
dist: 2.2528821827632193 vs. 2.2528821827632193
list:
dist: 3.855106760921696 vs. 3.855106760921696
list:
dist: 2.1050646689444106 vs. 2.1050646689444106
list:
dist: 2.496485791787469 vs. 2.496485791787469
list:
dist: 2.2528821827632193 vs. 2.2528821827632193
list:
dist: 1.7831782480793468 vs. 1.7831782480793468
list:
dist: 3.071500467673535 vs. 3.071500467673535
list:
dist: 2.2122303318482004 vs. 2.2122303318482004
list:
dist: 1.6647868165455955 vs. 1.6647868165455955
list:
dist: 2.6298730916275685 vs. 2.6298730916275685
list:
dist: 1.7977297499600708 vs. 1.7977297499600708
list:
dist: 1.460965369028143 vs. 1.460965369028143
list:
dist: 0.9528955123389444 vs. 0.9528955123389444
list:
dist: 3.214919630777661 vs. 3.214919630777661
list:
dist: 2.177085847511063 vs. 2.177085847511063
list:
dist: 1.825924205400622 vs. 1.825924205400622
list:
dist: 2.011665169781446 vs. 2.011665169781446
list:
dist: 1.32120574569413 vs. 1.32120574569413
list:
dist: 1.635864156253164 vs. 1.635864156253164
list:
dist: 1.1831908712482813 vs. 1.1831908712482813
list:
dist: 1.1340331519009677 vs. 1.1340331519009677
list:
dist: 1.7293260623500446 vs. 1.7293260623500446
list:
dist: 2.902779852400622 vs. 2.902779852400622
list:
dist: 2.285479413241156 vs. 2.285479413241156
list:
dist: 3.8134609348120385 vs. 3.8134609348120385
list:
dist: 2.0859989928528173 vs. 2.0859989928528173
list:
dist: 2.2134347916478445 vs. 2.2134347916478445
list:
dist: 1.3002164969086938 vs. 1.3002164969086938
list:
dist: 3.372249286109874 vs. 3.372249286109874
list:
dist: 1.1045013001760153 vs. 1.1045013001760153
list:
dist: 2.8864011443773854 vs. 2.8864011443773854
list:
dist: 2.2796240165008643 vs. 2.2796240165008643
list:
dist: 2.047144328204043 vs. 2.047144328204043
list:
dist: 2.314560712290515 vs. 2.314560712290515
list:
dist: 0.7096967093081566 vs. 0.7096967093081566
list:
dist: 1.7293260623500446 vs. 1.7293260623500446
800
rk
<OccurredElementalReaction>
	 elmtlRkId: 4
	 p(id,type,coords) 124 5 13.333554273655027 -7.533660580751546 10.389909966238667
</OccurredElementalReaction>
rk
<OccurredElementalReaction>
	 elmtlRkId: 1
	 p(id,type,coords) 31 2 2.4322217236255503 4.2425063709709345 7.7472548888916055
</OccurredElementalReaction>
900
Neighbor List consistency Check...
--------
nle(id0,id1,dist): 5 6 2.526711880605468
list:
dist: 2.526711880605468 vs. 2.526711880605468
--------
nle(id0,id1,dist): 4 29 3.8545193302612386
list:
dist: 3.8545193302612386 vs. 3.8545193302612386
--------
nle(id0,id1,dist): 5 21 2.012194219126023
list:
dist: 2.012194219126023 vs. 2.012194219126023
--------
nle(id0,id1,dist): 5 20 2.836127044450262
list:
dist: 2.836127044450262 vs. 2.836127044450262
--------
nle(id0,id1,dist): 5 22 3.0012081108464277
list:
dist: 3.0012081108464277 vs. 3.0012081108464277
--------
nle(id0,id1,dist): 5 17 3.336487836989461
list:
dist: 3.336487836989461 vs. 3.336487836989461
--------
nle(id0,id1,dist): 5 13 2.287043021383406
list:
dist: 2.287043021383406 vs. 2.287043021383406
--------
nle(id0,id1,dist): 5 15 1.9528679941042941
list:
dist: 1.9528679941042941 vs. 1.9528679941042941
--------
nle(id0,id1,dist): 5 9 1.8393867194753448
list:
dist: 1.8393867194753448 vs. 1.8393867194753448
--------
nle(id0,id1,dist): 5 8 0.8315341569982282
list:
dist: 0.8315341569982282 vs. 0.8315341569982282
--------
nle(id0,id1,dist): 5 10 2.301160911306386
list:
dist: 2.301160911306386 vs. 2.301160911306386
--------
nle(id0,id1,dist): 4 10 1.5268817742475933
list:
dist: 1.5268817742475933 vs. 1.5268817742475933
--------
nle(id0,id1,dist): 4 8 3.2487571685164642
list:
dist: 3.2487571685164642 vs. 3.2487571685164642
--------
nle(id0,id1,dist): 4 5 2.9910428555831543
list:
dist: 2.9910428555831543 vs. 2.9910428555831543
--------
nle(id0,id1,dist): 4 6 3.830729735980361
list:
dist: 3.830729735980361 vs. 3.830729735980361
--------
nle(id0,id1,dist): 4 28 2.6904205894350404
list:
dist: 2.6904205894350404 vs. 2.6904205894350404
--------
nle(id0,id1,dist): 4 26 1.880986121955106
list:
dist: 1.880986121955106 vs. 1.880986121955106
--------
nle(id0,id1,dist): 4 25 2.078695348391758
list:
dist: 2.078695348391758 vs. 2.078695348391758
--------
nle(id0,id1,dist): 4 24 2.0893097582870275
list:
dist: 2.0893097582870275 vs. 2.0893097582870275
--------
nle(id0,id1,dist): 4 22 2.449695458766448
list:
dist: 2.449695458766448 vs. 2.449695458766448
--------
nle(id0,id1,dist): 4 21 2.4223726043683707
list:
dist: 2.4223726043683707 vs. 2.4223726043683707
--------
nle(id0,id1,dist): 4 20 3.744151959271116
list:
dist: 3.744151959271116 vs. 3.744151959271116
--------
nle(id0,id1,dist): 4 19 2.327859104601747
list:
dist: 2.327859104601747 vs. 2.327859104601747
--------
nle(id0,id1,dist): 4 17 3.127241049610677
list:
dist: 3.127241049610677 vs. 3.127241049610677
--------
nle(id0,id1,dist): 4 16 2.683321160284992
list:
dist: 2.683321160284992 vs. 2.683321160284992
--------
nle(id0,id1,dist): 4 15 1.283816813938465
list:
dist: 1.283816813938465 vs. 1.283816813938465
--------
nle(id0,id1,dist): 4 13 1.046207944356217
list:
dist: 1.046207944356217 vs. 1.046207944356217
--------
nle(id0,id1,dist): 5 24 2.85439063991518
list:
dist: 2.85439063991518 vs. 2.85439063991518
--------
nle(id0,id1,dist): 5 25 2.0839656556865567
list:
dist: 2.0839656556865567 vs. 2.0839656556865567
--------
nle(id0,id1,dist): 5 29 3.113789020355253
list:
dist: 3.113789020355253 vs. 3.113789020355253
--------
nle(id0,id1,dist): 6 13 3.438677578695046
list:
dist: 3.438677578695046 vs. 3.438677578695046
--------
nle(id0,id1,dist): 6 15 2.7937883263572334
list:
dist: 2.7937883263572334 vs. 2.7937883263572334
--------
nle(id0,id1,dist): 6 10 4.131244486877868
list:
dist: 4.131244486877868 vs. 4.131244486877868
--------
nle(id0,id1,dist): 6 9 2.022666885778727
list:
dist: 2.022666885778727 vs. 2.022666885778727
--------
nle(id0,id1,dist): 8 13 2.359823834526076
list:
dist: 2.359823834526076 vs. 2.359823834526076
--------
nle(id0,id1,dist): 8 15 2.188455999942219
list:
dist: 2.188455999942219 vs. 2.188455999942219
--------
nle(id0,id1,dist): 8 10 2.357382550503501
list:
dist: 2.357382550503501 vs. 2.357382550503501
--------
nle(id0,id1,dist): 8 9 2.4679659437280024
list:
dist: 2.4679659437280024 vs. 2.4679659437280024
--------
nle(id0,id1,dist): 8 22 2.864080393722584
list:
dist: 2.864080393722584 vs. 2.864080393722584
--------
nle(id0,id1,dist): 8 21 1.6899261331119024
list:
dist: 1.6899261331119024 vs. 1.6899261331119024
--------
nle(id0,id1,dist): 8 24 2.7615583797770307
list:
dist: 2.7615583797770307 vs. 2.7615583797770307
--------
nle(id0,id1,dist): 8 23 3.3634737830911736
list:
dist: 3.3634737830911736 vs. 3.3634737830911736
--------
nle(id0,id1,dist): 8 18 3.609010358228189
list:
dist: 3.609010358228189 vs. 3.609010358228189
--------
nle(id0,id1,dist): 8 17 3.0423747457198185
list:
dist: 3.0423747457198185 vs. 3.0423747457198185
--------
nle(id0,id1,dist): 8 20 2.765960083239241
list:
dist: 2.765960083239241 vs. 2.765960083239241
--------
nle(id0,id1,dist): 8 29 2.457821395841135
list:
dist: 2.457821395841135 vs. 2.457821395841135
--------
nle(id0,id1,dist): 8 25 1.8591560613416571
list:
dist: 1.8591560613416571 vs. 1.8591560613416571
--------
nle(id0,id1,dist): 10 13 1.215049479959219
list:
dist: 1.215049479959219 vs. 1.215049479959219
--------
nle(id0,id1,dist): 10 15 1.6128873544983706
list:
dist: 1.6128873544983706 vs. 1.6128873544983706
--------
nle(id0,id1,dist): 10 16 1.8745727243416492
list:
dist: 1.8745727243416492 vs. 1.8745727243416492
--------
nle(id0,id1,dist): 10 17 1.7440381281701745
list:
dist: 1.7440381281701745 vs. 1.7440381281701745
--------
nle(id0,id1,dist): 10 19 2.0172602645392455
list:
dist: 2.0172602645392455 vs. 2.0172602645392455
--------
nle(id0,id1,dist): 10 20 2.285544602152158
list:
dist: 2.285544602152158 vs. 2.285544602152158
--------
nle(id0,id1,dist): 10 21 1.094653850658674
list:
dist: 1.094653850658674 vs. 1.094653850658674
--------
nle(id0,id1,dist): 10 22 1.0866897933396842
list:
dist: 1.0866897933396842 vs. 1.0866897933396842
--------
nle(id0,id1,dist): 10 24 0.7662481141492369
list:
dist: 0.7662481141492369 vs. 0.7662481141492369
--------
nle(id0,id1,dist): 10 25 0.8159084202600806
list:
dist: 0.8159084202600806 vs. 0.8159084202600806
--------
nle(id0,id1,dist): 10 26 1.4513529823421618
list:
dist: 1.4513529823421618 vs. 1.4513529823421618
--------
nle(id0,id1,dist): 10 28 1.4367825667558434
list:
dist: 1.4367825667558434 vs. 1.4367825667558434
--------
nle(id0,id1,dist): 10 29 2.5529903240953935
list:
dist: 2.5529903240953935 vs. 2.5529903240953935
--------
nle(id0,id1,dist): 13 26 1.7351095865827677
list:
dist: 1.7351095865827677 vs. 1.7351095865827677
--------
nle(id0,id1,dist): 13 24 1.8338107052521766
list:
dist: 1.8338107052521766 vs. 1.8338107052521766
--------
nle(id0,id1,dist): 13 25 1.3429747880141107
list:
dist: 1.3429747880141107 vs. 1.3429747880141107
--------
nle(id0,id1,dist): 13 28 2.215111976766938
list:
dist: 2.215111976766938 vs. 2.215111976766938
--------
nle(id0,id1,dist): 13 29 3.045561941317267
list:
dist: 3.045561941317267 vs. 3.045561941317267
--------
nle(id0,id1,dist): 13 19 2.3431809776555834
list:
dist: 2.3431809776555834 vs. 2.3431809776555834
--------
nle(id0,id1,dist): 13 16 2.123898422877362
list:
dist: 2.123898422877362 vs. 2.123898422877362
--------
nle(id0,id1,dist): 13 17 2.733831129336386
list:
dist: 2.733831129336386 vs. 2.733831129336386
--------
nle(id0,id1,dist): 13 22 2.179318186506461
list:
dist: 2.179318186506461 vs. 2.179318186506461
--------
nle(id0,id1,dist): 13 20 3.3801411565541053
list:
dist: 3.3801411565541053 vs. 3.3801411565541053
--------
nle(id0,id1,dist): 13 21 1.6584068487279304
list:
dist: 1.6584068487279304 vs. 1.6584068487279304
--------
nle(id0,id1,dist): 13 15 0.6546128976800247
list:
dist: 0.6546128976800247 vs. 0.6546128976800247
--------
nle(id0,id1,dist): 15 28 2.7520392738162456
list:
dist: 2.7520392738162456 vs. 2.7520392738162456
--------
nle(id0,id1,dist): 15 29 3.4118925877075523
list:
dist: 3.4118925877075523 vs. 3.4118925877075523
--------
nle(id0,id1,dist): 15 26 2.383754124953118
list:
dist: 2.383754124953118 vs. 2.383754124953118
--------
nle(id0,id1,dist): 15 24 2.327122707730627
list:
dist: 2.327122707730627 vs. 2.327122707730627
--------
nle(id0,id1,dist): 15 25 1.7325583671303173
list:
dist: 1.7325583671303173 vs. 1.7325583671303173
--------
nle(id0,id1,dist): 15 22 2.6572307142069724
list:
dist: 2.6572307142069724 vs. 2.6572307142069724
--------
nle(id0,id1,dist): 15 21 1.9863888550090745
list:
dist: 1.9863888550090745 vs. 1.9863888550090745
--------
nle(id0,id1,dist): 15 20 3.5846604191291744
list:
dist: 3.5846604191291744 vs. 3.5846604191291744
--------
nle(id0,id1,dist): 15 19 2.9905843851610445
list:
dist: 2.9905843851610445 vs. 2.9905843851610445
--------
nle(id0,id1,dist): 15 17 3.2186668150959457
list:
dist: 3.2186668150959457 vs. 3.2186668150959457
--------
nle(id0,id1,dist): 15 16 2.7218935025030904
list:
dist: 2.7218935025030904 vs. 2.7218935025030904
--------
nle(id0,id1,dist): 17 18 1.5928952047242488
list:
dist: 1.5928952047242488 vs. 1.5928952047242488
--------
nle(id0,id1,dist): 17 19 2.0377026081105782
list:
dist: 2.0377026081105782 vs. 2.0377026081105782
--------
nle(id0,id1,dist): 17 22 0.732908196140852
list:
dist: 0.732908196140852 vs. 0.732908196140852
--------
nle(id0,id1,dist): 17 23 1.4545394488715553
list:
dist: 1.4545394488715553 vs. 1.4545394488715553
--------
nle(id0,id1,dist): 17 20 1.758514503441912
list:
dist: 1.758514503441912 vs. 1.758514503441912
--------
nle(id0,id1,dist): 17 21 1.4816992259113824
list:
dist: 1.4816992259113824 vs. 1.4816992259113824
--------
nle(id0,id1,dist): 17 26 1.8196287748445066
list:
dist: 1.8196287748445066 vs. 1.8196287748445066
--------
nle(id0,id1,dist): 17 24 1.055231589371434
list:
dist: 1.055231589371434 vs. 1.055231589371434
--------
nle(id0,id1,dist): 17 25 1.562443813547004
list:
dist: 1.562443813547004 vs. 1.562443813547004
--------
nle(id0,id1,dist): 16 17 1.5793128248304786
list:
dist: 1.5793128248304786 vs. 1.5793128248304786
--------
nle(id0,id1,dist): 16 18 2.603555987495159
list:
dist: 2.603555987495159 vs. 2.603555987495159
--------
nle(id0,id1,dist): 16 19 1.3572426183088797
list:
dist: 1.3572426183088797 vs. 1.3572426183088797
--------
nle(id0,id1,dist): 16 20 3.139142441007203
list:
dist: 3.139142441007203 vs. 3.139142441007203
--------
nle(id0,id1,dist): 16 21 1.5804299683373124
list:
dist: 1.5804299683373124 vs. 1.5804299683373124
--------
nle(id0,id1,dist): 16 22 1.602080380118097
list:
dist: 1.602080380118097 vs. 1.602080380118097
--------
nle(id0,id1,dist): 16 23 2.2866360048356165
list:
dist: 2.2866360048356165 vs. 2.2866360048356165
--------
nle(id0,id1,dist): 16 24 1.527564029276807
list:
dist: 1.527564029276807 vs. 1.527564029276807
--------
nle(id0,id1,dist): 16 25 1.4819538286554401
list:
dist: 1.4819538286554401 vs. 1.4819538286554401
--------
nle(id0,id1,dist): 16 26 1.067611480109609
list:
dist: 1.067611480109609 vs. 1.067611480109609
--------
nle(id0,id1,dist): 16 27 2.7758833349526064
list:
dist: 2.7758833349526064 vs. 2.7758833349526064
--------
nle(id0,id1,dist): 16 28 0.9561957822976913
list:
dist: 0.9561957822976913 vs. 0.9561957822976913
--------
nle(id0,id1,dist): 16 29 1.7814057059719741
list:
dist: 1.7814057059719741 vs. 1.7814057059719741
--------
nle(id0,id1,dist): 1 6 1.7317713644750812
list:
dist: 1.7317713644750812 vs. 1.7317713644750812
--------
nle(id0,id1,dist): 2 5 1.9906042057393467
list:
dist: 1.9906042057393467 vs. 1.9906042057393467
--------
nle(id0,id1,dist): 2 3 2.910897861792294
list:
dist: 2.910897861792294 vs. 2.910897861792294
--------
nle(id0,id1,dist): 2 4 4.0800056554848
list:
dist: 4.0800056554848 vs. 4.0800056554848
--------
nle(id0,id1,dist): 2 29 3.43209153896332
list:
dist: 3.43209153896332 vs. 3.43209153896332
--------
nle(id0,id1,dist): 2 23 3.654953039532362
list:
dist: 3.654953039532362 vs. 3.654953039532362
--------
nle(id0,id1,dist): 2 24 3.1525093661271524
list:
dist: 3.1525093661271524 vs. 3.1525093661271524
--------
nle(id0,id1,dist): 2 25 2.888402218073101
list:
dist: 2.888402218073101 vs. 2.888402218073101
--------
nle(id0,id1,dist): 2 13 3.6405136902212973
list:
dist: 3.6405136902212973 vs. 3.6405136902212973
--------
nle(id0,id1,dist): 2 8 2.2471906180848635
list:
dist: 2.2471906180848635 vs. 2.2471906180848635
--------
nle(id0,id1,dist): 2 10 2.937765452541459
list:
dist: 2.937765452541459 vs. 2.937765452541459
--------
nle(id0,id1,dist): 2 9 2.601984285355557
list:
dist: 2.601984285355557 vs. 2.601984285355557
--------
nle(id0,id1,dist): 2 20 1.7876931756332741
list:
dist: 1.7876931756332741 vs. 1.7876931756332741
--------
nle(id0,id1,dist): 2 22 3.098267525865919
list:
dist: 3.098267525865919 vs. 3.098267525865919
--------
nle(id0,id1,dist): 2 21 2.703216428761305
list:
dist: 2.703216428761305 vs. 2.703216428761305
--------
nle(id0,id1,dist): 2 15 3.5162306110923027
list:
dist: 3.5162306110923027 vs. 3.5162306110923027
--------
nle(id0,id1,dist): 2 18 3.679188655060015
list:
dist: 3.679188655060015 vs. 3.679188655060015
--------
nle(id0,id1,dist): 2 17 3.2653515298784077
list:
dist: 3.2653515298784077 vs. 3.2653515298784077
--------
nle(id0,id1,dist): 3 24 3.2421087543978944
list:
dist: 3.2421087543978944 vs. 3.2421087543978944
--------
nle(id0,id1,dist): 3 25 2.4073440652731866
list:
dist: 2.4073440652731866 vs. 2.4073440652731866
--------
nle(id0,id1,dist): 3 22 3.4697507372348495
list:
dist: 3.4697507372348495 vs. 3.4697507372348495
--------
nle(id0,id1,dist): 3 20 3.6744298204445447
list:
dist: 3.6744298204445447 vs. 3.6744298204445447
--------
nle(id0,id1,dist): 3 21 2.4417967231826143
list:
dist: 2.4417967231826143 vs. 2.4417967231826143
--------
nle(id0,id1,dist): 3 29 3.6123198171952287
list:
dist: 3.6123198171952287 vs. 3.6123198171952287
--------
nle(id0,id1,dist): 3 9 1.959942424577168
list:
dist: 1.959942424577168 vs. 1.959942424577168
--------
nle(id0,id1,dist): 3 8 1.3813789927945082
list:
dist: 1.3813789927945082 vs. 1.3813789927945082
--------
nle(id0,id1,dist): 3 6 1.773497879026431
list:
dist: 1.773497879026431 vs. 1.773497879026431
--------
nle(id0,id1,dist): 3 5 0.9524798312384039
list:
dist: 0.9524798312384039 vs. 0.9524798312384039
--------
nle(id0,id1,dist): 3 4 2.7842482831019373
list:
dist: 2.7842482831019373 vs. 2.7842482831019373
--------
nle(id0,id1,dist): 3 17 3.879548468434978
list:
dist: 3.879548468434978 vs. 3.879548468434978
--------
nle(id0,id1,dist): 3 15 1.5643705931435152
list:
dist: 1.5643705931435152 vs. 1.5643705931435152
--------
nle(id0,id1,dist): 3 13 2.0835828051276732
list:
dist: 2.0835828051276732 vs. 2.0835828051276732
--------
nle(id0,id1,dist): 3 10 2.5784978912485195
list:
dist: 2.5784978912485195 vs. 2.5784978912485195
--------
nle(id0,id1,dist): 37 55 3.7667165388544346
list:
dist: 3.7667165388544346 vs. 3.7667165388544346
--------
nle(id0,id1,dist): 37 41 2.3839889817548205
list:
dist: 2.3839889817548205 vs. 2.3839889817548205
--------
nle(id0,id1,dist): 37 44 1.5565084136274356
list:
dist: 1.5565084136274356 vs. 1.5565084136274356
--------
nle(id0,id1,dist): 37 45 3.1091497940629482
list:
dist: 3.1091497940629482 vs. 3.1091497940629482
--------
nle(id0,id1,dist): 37 46 3.215980836321663
list:
dist: 3.215980836321663 vs. 3.215980836321663
--------
nle(id0,id1,dist): 36 55 2.9108339469688347
list:
dist: 2.9108339469688347 vs. 2.9108339469688347
--------
nle(id0,id1,dist): 36 54 3.0954976467902036
list:
dist: 3.0954976467902036 vs. 3.0954976467902036
--------
nle(id0,id1,dist): 36 59 4.089022917338855
list:
dist: 4.089022917338855 vs. 4.089022917338855
--------
nle(id0,id1,dist): 36 57 3.076574662353037
list:
dist: 3.076574662353037 vs. 3.076574662353037
--------
nle(id0,id1,dist): 36 58 4.24424780758179
list:
dist: 4.24424780758179 vs. 4.24424780758179
--------
nle(id0,id1,dist): 36 47 3.963074838096033
list:
dist: 3.963074838096033 vs. 3.963074838096033
--------
nle(id0,id1,dist): 36 45 2.1212445451633326
list:
dist: 2.1212445451633326 vs. 2.1212445451633326
--------
nle(id0,id1,dist): 36 46 1.8534182394254928
list:
dist: 1.8534182394254928 vs. 1.8534182394254928
--------
nle(id0,id1,dist): 36 49 2.7244140618005854
list:
dist: 2.7244140618005854 vs. 2.7244140618005854
--------
nle(id0,id1,dist): 36 50 2.6509102291565747
list:
dist: 2.6509102291565747 vs. 2.6509102291565747
--------
nle(id0,id1,dist): 36 39 2.2808564905914865
list:
dist: 2.2808564905914865 vs. 2.2808564905914865
--------
nle(id0,id1,dist): 36 37 1.7703094139193762
list:
dist: 1.7703094139193762 vs. 1.7703094139193762
--------
nle(id0,id1,dist): 36 44 1.1238343570438543
list:
dist: 1.1238343570438543 vs. 1.1238343570438543
--------
nle(id0,id1,dist): 36 42 4.095793194595786
list:
dist: 4.095793194595786 vs. 4.095793194595786
--------
nle(id0,id1,dist): 36 41 2.614999802075421
list:
dist: 2.614999802075421 vs. 2.614999802075421
--------
nle(id0,id1,dist): 35 55 4.525162671909694
list:
dist: 4.525162671909694 vs. 4.525162671909694
--------
nle(id0,id1,dist): 35 57 4.609471598687858
list:
dist: 4.609471598687858 vs. 4.609471598687858
--------
nle(id0,id1,dist): 35 45 3.069561981274182
list:
dist: 3.069561981274182 vs. 3.069561981274182
--------
nle(id0,id1,dist): 35 44 2.648477302463065
list:
dist: 2.648477302463065 vs. 2.648477302463065
--------
nle(id0,id1,dist): 35 41 1.6348715187177199
list:
dist: 1.6348715187177199 vs. 1.6348715187177199
--------
nle(id0,id1,dist): 35 37 3.164044659985291
list:
dist: 3.164044659985291 vs. 3.164044659985291
--------
nle(id0,id1,dist): 35 36 3.5411451225380217
list:
dist: 3.5411451225380217 vs. 3.5411451225380217
--------
nle(id0,id1,dist): 34 57 2.6150191775243594
list:
dist: 2.6150191775243594 vs. 2.6150191775243594
--------
nle(id0,id1,dist): 34 55 2.62637259253673
list:
dist: 2.62637259253673 vs. 2.62637259253673
--------
nle(id0,id1,dist): 34 56 1.201792656784648
list:
dist: 1.201792656784648 vs. 1.201792656784648
--------
nle(id0,id1,dist): 34 51 1.9070469931204896
list:
dist: 1.9070469931204896 vs. 1.9070469931204896
--------
nle(id0,id1,dist): 34 48 2.535106583527624
list:
dist: 2.535106583527624 vs. 2.535106583527624
--------
nle(id0,id1,dist): 34 47 2.422675597988884
list:
dist: 2.422675597988884 vs. 2.422675597988884
--------
nle(id0,id1,dist): 33 82 3.6652406999565983
list:
dist: 3.6652406999565983 vs. 3.6652406999565983
--------
nle(id0,id1,dist): 34 45 2.997922133370399
list:
dist: 2.997922133370399 vs. 2.997922133370399
--------
nle(id0,id1,dist): 34 41 3.4899435658355746
list:
dist: 3.4899435658355746 vs. 3.4899435658355746
--------
nle(id0,id1,dist): 34 40 2.013986460775757
list:
dist: 2.013986460775757 vs. 2.013986460775757
--------
nle(id0,id1,dist): 33 60 1.0202986331040682
list:
dist: 1.0202986331040682 vs. 1.0202986331040682
--------
nle(id0,id1,dist): 33 62 0.779066901919387
list:
dist: 0.779066901919387 vs. 0.779066901919387
--------
nle(id0,id1,dist): 33 65 1.042631945170766
list:
dist: 1.042631945170766 vs. 1.042631945170766
--------
nle(id0,id1,dist): 33 64 1.941105681840933
list:
dist: 1.941105681840933 vs. 1.941105681840933
--------
nle(id0,id1,dist): 33 69 2.5512256840941143
list:
dist: 2.5512256840941143 vs. 2.5512256840941143
--------
nle(id0,id1,dist): 33 71 3.0418939128906164
list:
dist: 3.0418939128906164 vs. 3.0418939128906164
--------
nle(id0,id1,dist): 33 70 1.0265277674711641
list:
dist: 1.0265277674711641 vs. 1.0265277674711641
--------
nle(id0,id1,dist): 33 73 1.189228342999755
list:
dist: 1.189228342999755 vs. 1.189228342999755
--------
nle(id0,id1,dist): 34 35 4.625912148070968
list:
dist: 4.625912148070968 vs. 4.625912148070968
--------
nle(id0,id1,dist): 33 53 2.30039731910562
list:
dist: 2.30039731910562 vs. 2.30039731910562
--------
nle(id0,id1,dist): 32 55 2.51095904237643
list:
dist: 2.51095904237643 vs. 2.51095904237643
--------
nle(id0,id1,dist): 32 57 2.3957233964668196
list:
dist: 2.3957233964668196 vs. 2.3957233964668196
--------
nle(id0,id1,dist): 32 37 2.698865552603298
list:
dist: 2.698865552603298 vs. 2.698865552603298
--------
nle(id0,id1,dist): 32 34 2.8930959893793355
list:
dist: 2.8930959893793355 vs. 2.8930959893793355
--------
nle(id0,id1,dist): 32 36 2.9914641044933457
list:
dist: 2.9914641044933457 vs. 2.9914641044933457
--------
nle(id0,id1,dist): 32 35 2.5733699606469127
list:
dist: 2.5733699606469127 vs. 2.5733699606469127
--------
nle(id0,id1,dist): 32 45 2.057075607553138
list:
dist: 2.057075607553138 vs. 2.057075607553138
--------
nle(id0,id1,dist): 32 41 1.0411696876968781
list:
dist: 1.0411696876968781 vs. 1.0411696876968781
--------
nle(id0,id1,dist): 32 44 1.9202770435360041
list:
dist: 1.9202770435360041 vs. 1.9202770435360041
--------
nle(id0,id1,dist): 31 55 3.188933621127651
list:
dist: 3.188933621127651 vs. 3.188933621127651
--------
nle(id0,id1,dist): 31 57 2.869068222910535
list:
dist: 2.869068222910535 vs. 2.869068222910535
--------
nle(id0,id1,dist): 31 41 2.962077089836896
list:
dist: 2.962077089836896 vs. 2.962077089836896
--------
nle(id0,id1,dist): 31 34 2.5329615977585394
list:
dist: 2.5329615977585394 vs. 2.5329615977585394
--------
nle(id0,id1,dist): 31 32 1.980358227775592
list:
dist: 1.980358227775592 vs. 1.980358227775592
--------
nle(id0,id1,dist): 43 68 2.3965809251269476
list:
dist: 2.3965809251269476 vs. 2.3965809251269476
--------
nle(id0,id1,dist): 44 45 1.5649517781621387
list:
dist: 1.5649517781621387 vs. 1.5649517781621387
--------
nle(id0,id1,dist): 44 46 2.730628409313649
list:
dist: 2.730628409313649 vs. 2.730628409313649
--------
nle(id0,id1,dist): 43 88 4.571875520569605
list:
dist: 4.571875520569605 vs. 4.571875520569605
--------
nle(id0,id1,dist): 43 89 4.621140216769503
list:
dist: 4.621140216769503 vs. 4.621140216769503
--------
nle(id0,id1,dist): 43 74 2.6468007838395677
list:
dist: 2.6468007838395677 vs. 2.6468007838395677
--------
nle(id0,id1,dist): 42 46 3.2212210848670324
list:
dist: 3.2212210848670324 vs. 3.2212210848670324
--------
nle(id0,id1,dist): 42 59 1.5056475199805488
list:
dist: 1.5056475199805488 vs. 1.5056475199805488
--------
nle(id0,id1,dist): 42 57 1.8196611499706088
list:
dist: 1.8196611499706088 vs. 1.8196611499706088
--------
nle(id0,id1,dist): 42 58 0.7352519450050927
list:
dist: 0.7352519450050927 vs. 0.7352519450050927
--------
nle(id0,id1,dist): 42 55 1.756114295762241
list:
dist: 1.756114295762241 vs. 1.756114295762241
--------
nle(id0,id1,dist): 42 54 1.3028549477918505
list:
dist: 1.3028549477918505 vs. 1.3028549477918505
--------
nle(id0,id1,dist): 42 52 1.5999538945752676
list:
dist: 1.5999538945752676 vs. 1.5999538945752676
--------
nle(id0,id1,dist): 42 49 1.8016678811863909
list:
dist: 1.8016678811863909 vs. 1.8016678811863909
--------
nle(id0,id1,dist): 42 50 1.488791797097945
list:
dist: 1.488791797097945 vs. 1.488791797097945
--------
nle(id0,id1,dist): 42 47 1.6248918725211972
list:
dist: 1.6248918725211972 vs. 1.6248918725211972
--------
nle(id0,id1,dist): 41 45 1.8836442338477597
list:
dist: 1.8836442338477597 vs. 1.8836442338477597
--------
nle(id0,id1,dist): 41 44 1.503546255056762
list:
dist: 1.503546255056762 vs. 1.503546255056762
--------
nle(id0,id1,dist): 41 57 3.026999506858848
list:
dist: 3.026999506858848 vs. 3.026999506858848
--------
nle(id0,id1,dist): 41 55 3.003432045801592
list:
dist: 3.003432045801592 vs. 3.003432045801592
--------
nle(id0,id1,dist): 40 47 1.7893361929849219
list:
dist: 1.7893361929849219 vs. 1.7893361929849219
--------
nle(id0,id1,dist): 40 48 0.711981455000324
list:
dist: 0.711981455000324 vs. 0.711981455000324
--------
nle(id0,id1,dist): 40 51 1.7975410571539054
list:
dist: 1.7975410571539054 vs. 1.7975410571539054
--------
nle(id0,id1,dist): 40 52 1.5141177316737637
list:
dist: 1.5141177316737637 vs. 1.5141177316737637
--------
nle(id0,id1,dist): 40 55 2.560862850574206
list:
dist: 2.560862850574206 vs. 2.560862850574206
--------
nle(id0,id1,dist): 40 56 1.5796536972324953
list:
dist: 1.5796536972324953 vs. 1.5796536972324953
--------
nle(id0,id1,dist): 40 57 2.5064692456505835
list:
dist: 2.5064692456505835 vs. 2.5064692456505835
--------
nle(id0,id1,dist): 39 46 1.6809532710932027
list:
dist: 1.6809532710932027 vs. 1.6809532710932027
--------
nle(id0,id1,dist): 39 47 2.767855536816278
list:
dist: 2.767855536816278 vs. 2.767855536816278
--------
nle(id0,id1,dist): 39 49 1.0240168107452168
list:
dist: 1.0240168107452168 vs. 1.0240168107452168
--------
nle(id0,id1,dist): 39 50 1.2624368669543506
list:
dist: 1.2624368669543506 vs. 1.2624368669543506
--------
nle(id0,id1,dist): 39 52 3.2697944353742714
list:
dist: 3.2697944353742714 vs. 3.2697944353742714
--------
nle(id0,id1,dist): 39 54 1.3975879263847326
list:
dist: 1.3975879263847326 vs. 1.3975879263847326
--------
nle(id0,id1,dist): 39 55 1.7496983565858502
list:
dist: 1.7496983565858502 vs. 1.7496983565858502
--------
nle(id0,id1,dist): 39 57 2.1189845638369462
list:
dist: 2.1189845638369462 vs. 2.1189845638369462
--------
nle(id0,id1,dist): 39 58 2.191440880165907
list:
dist: 2.191440880165907 vs. 2.191440880165907
--------
nle(id0,id1,dist): 39 59 1.8124990992918322
list:
dist: 1.8124990992918322 vs. 1.8124990992918322
--------
nle(id0,id1,dist): 38 68 1.7092721043394616
list:
dist: 1.7092721043394616 vs. 1.7092721043394616
--------
nle(id0,id1,dist): 39 45 2.0150217881772927
list:
dist: 2.0150217881772927 vs. 2.0150217881772927
--------
nle(id0,id1,dist): 39 42 2.2007220107661025
list:
dist: 2.2007220107661025 vs. 2.2007220107661025
--------
nle(id0,id1,dist): 37 57 3.7292389168206093
list:
dist: 3.7292389168206093 vs. 3.7292389168206093
--------
nle(id0,id1,dist): 23 28 1.7810605174194134
list:
dist: 1.7810605174194134 vs. 1.7810605174194134
--------
nle(id0,id1,dist): 23 29 1.1787618024235365
list:
dist: 1.1787618024235365 vs. 1.1787618024235365
--------
nle(id0,id1,dist): 23 24 2.438601272417932
list:
dist: 2.438601272417932 vs. 2.438601272417932
--------
nle(id0,id1,dist): 23 25 2.507801940362439
list:
dist: 2.507801940362439 vs. 2.507801940362439
--------
nle(id0,id1,dist): 21 26 1.8465964240305153
list:
dist: 1.8465964240305153 vs. 1.8465964240305153
--------
nle(id0,id1,dist): 21 24 1.1724463276869428
list:
dist: 1.1724463276869428 vs. 1.1724463276869428
--------
nle(id0,id1,dist): 21 25 0.35538172237239096
list:
dist: 0.35538172237239096 vs. 0.35538172237239096
--------
nle(id0,id1,dist): 21 28 1.1572428955693188
list:
dist: 1.1572428955693188 vs. 1.1572428955693188
--------
nle(id0,id1,dist): 21 29 1.5606411611836022
list:
dist: 1.5606411611836022 vs. 1.5606411611836022
--------
nle(id0,id1,dist): 21 23 2.262490725086514
list:
dist: 2.262490725086514 vs. 2.262490725086514
--------
nle(id0,id1,dist): 21 22 1.2670879809481008
list:
dist: 1.2670879809481008 vs. 1.2670879809481008
--------
nle(id0,id1,dist): 22 28 0.745631689507341
list:
dist: 0.745631689507341 vs. 0.745631689507341
--------
nle(id0,id1,dist): 22 29 2.09928642575833
list:
dist: 2.09928642575833 vs. 2.09928642575833
--------
nle(id0,id1,dist): 22 23 2.153969445568472
list:
dist: 2.153969445568472 vs. 2.153969445568472
--------
nle(id0,id1,dist): 22 24 0.3659559805224185
list:
dist: 0.3659559805224185 vs. 0.3659559805224185
--------
nle(id0,id1,dist): 22 25 1.2037748692074088
list:
dist: 1.2037748692074088 vs. 1.2037748692074088
--------
nle(id0,id1,dist): 22 26 1.43935353940297
list:
dist: 1.43935353940297 vs. 1.43935353940297
--------
nle(id0,id1,dist): 19 24 1.6381381413258094
list:
dist: 1.6381381413258094 vs. 1.6381381413258094
--------
nle(id0,id1,dist): 19 25 2.1783480148635355
list:
dist: 2.1783480148635355 vs. 2.1783480148635355
--------
nle(id0,id1,dist): 19 22 1.7757062169082378
list:
dist: 1.7757062169082378 vs. 1.7757062169082378
--------
nle(id0,id1,dist): 19 20 3.5772229052337696
list:
dist: 3.5772229052337696 vs. 3.5772229052337696
--------
nle(id0,id1,dist): 19 21 2.4138456668995834
list:
dist: 2.4138456668995834 vs. 2.4138456668995834
--------
nle(id0,id1,dist): 19 28 1.609188139244961
list:
dist: 1.609188139244961 vs. 1.609188139244961
--------
nle(id0,id1,dist): 19 29 3.0053251795114098
list:
dist: 3.0053251795114098 vs. 3.0053251795114098
--------
nle(id0,id1,dist): 19 26 0.6442645775231959
list:
dist: 0.6442645775231959 vs. 0.6442645775231959
--------
nle(id0,id1,dist): 19 27 1.8318500740231856
list:
dist: 1.8318500740231856 vs. 1.8318500740231856
--------
nle(id0,id1,dist): 20 29 2.479760262159395
list:
dist: 2.479760262159395 vs. 2.479760262159395
--------
nle(id0,id1,dist): 20 25 2.2481412008905486
list:
dist: 2.2481412008905486 vs. 2.2481412008905486
--------
nle(id0,id1,dist): 20 26 3.2281098997246307
list:
dist: 3.2281098997246307 vs. 3.2281098997246307
--------
nle(id0,id1,dist): 20 28 2.219376969966288
list:
dist: 2.219376969966288 vs. 2.219376969966288
--------
nle(id0,id1,dist): 20 21 2.0535365650329798
list:
dist: 2.0535365650329798 vs. 2.0535365650329798
--------
nle(id0,id1,dist): 20 22 1.8090831029580887
list:
dist: 1.8090831029580887 vs. 1.8090831029580887
--------
nle(id0,id1,dist): 20 23 2.2473577560188027
list:
dist: 2.2473577560188027 vs. 2.2473577560188027
--------
nle(id0,id1,dist): 20 24 2.041042319872243
list:
dist: 2.041042319872243 vs. 2.041042319872243
--------
nle(id0,id1,dist): 18 22 2.3019180087950004
list:
dist: 2.3019180087950004 vs. 2.3019180087950004
--------
nle(id0,id1,dist): 18 21 2.5307272987963847
list:
dist: 2.5307272987963847 vs. 2.5307272987963847
--------
nle(id0,id1,dist): 18 20 2.195915110827292
list:
dist: 2.195915110827292 vs. 2.195915110827292
--------
nle(id0,id1,dist): 17 28 0.6688343927951068
list:
dist: 0.6688343927951068 vs. 0.6688343927951068
--------
nle(id0,id1,dist): 17 29 1.6576393453657086
list:
dist: 1.6576393453657086 vs. 1.6576393453657086
--------
nle(id0,id1,dist): 18 23 0.384805491307043
list:
dist: 0.384805491307043 vs. 0.384805491307043
--------
nle(id0,id1,dist): 18 24 2.61688481928165
list:
dist: 2.61688481928165 vs. 2.61688481928165
--------
nle(id0,id1,dist): 18 25 2.775233712650666
list:
dist: 2.775233712650666 vs. 2.775233712650666
--------
nle(id0,id1,dist): 18 28 2.0253691248688575
list:
dist: 2.0253691248688575 vs. 2.0253691248688575
--------
nle(id0,id1,dist): 18 29 1.5415585553719222
list:
dist: 1.5415585553719222 vs. 1.5415585553719222
--------
nle(id0,id1,dist): 30 41 2.101787345068558
list:
dist: 2.101787345068558 vs. 2.101787345068558
--------
nle(id0,id1,dist): 30 35 2.669321747484305
list:
dist: 2.669321747484305 vs. 2.669321747484305
--------
nle(id0,id1,dist): 30 34 3.72106996085845
list:
dist: 3.72106996085845 vs. 3.72106996085845
--------
nle(id0,id1,dist): 30 32 1.7820032816418578
list:
dist: 1.7820032816418578 vs. 1.7820032816418578
--------
nle(id0,id1,dist): 30 31 2.0941180979556324
list:
dist: 2.0941180979556324 vs. 2.0941180979556324
--------
nle(id0,id1,dist): 30 57 4.026599323404936
list:
dist: 4.026599323404936 vs. 4.026599323404936
--------
nle(id0,id1,dist): 30 55 4.20386825622369
list:
dist: 4.20386825622369 vs. 4.20386825622369
--------
nle(id0,id1,dist): 30 45 3.7081709640709555
list:
dist: 3.7081709640709555 vs. 3.7081709640709555
--------
nle(id0,id1,dist): 28 29 1.5647921506900788
list:
dist: 1.5647921506900788 vs. 1.5647921506900788
--------
nle(id0,id1,dist): 26 27 2.403304063643578
list:
dist: 2.403304063643578 vs. 2.403304063643578
--------
nle(id0,id1,dist): 26 28 1.2800172032650892
list:
dist: 1.2800172032650892 vs. 1.2800172032650892
--------
nle(id0,id1,dist): 26 29 2.6583820430842184
list:
dist: 2.6583820430842184 vs. 2.6583820430842184
--------
nle(id0,id1,dist): 27 28 2.712165573255764
list:
dist: 2.712165573255764 vs. 2.712165573255764
--------
nle(id0,id1,dist): 24 25 1.0123790278241418
list:
dist: 1.0123790278241418 vs. 1.0123790278241418
--------
nle(id0,id1,dist): 24 26 1.2115553925581146
list:
dist: 1.2115553925581146 vs. 1.2115553925581146
--------
nle(id0,id1,dist): 24 28 0.8418051190203519
list:
dist: 0.8418051190203519 vs. 0.8418051190203519
--------
nle(id0,id1,dist): 24 29 2.2325923616838668
list:
dist: 2.2325923616838668 vs. 2.2325923616838668
--------
nle(id0,id1,dist): 25 26 1.579061463166669
list:
dist: 1.579061463166669 vs. 1.579061463166669
--------
nle(id0,id1,dist): 25 28 1.146339827605069
list:
dist: 1.146339827605069 vs. 1.146339827605069
--------
nle(id0,id1,dist): 25 29 1.8348984058409281
list:
dist: 1.8348984058409281 vs. 1.8348984058409281
--------
nle(id0,id1,dist): 61 117 4.08321986614685
list:
dist: 4.08321986614685 vs. 4.08321986614685
--------
nle(id0,id1,dist): 61 119 2.3390483152626866
list:
dist: 2.3390483152626866 vs. 2.3390483152626866
--------
nle(id0,id1,dist): 62 82 3.4950015514669395
list:
dist: 3.4950015514669395 vs. 3.4950015514669395
--------
nle(id0,id1,dist): 61 112 3.7714399796661158
list:
dist: 3.7714399796661158 vs. 3.7714399796661158
--------
nle(id0,id1,dist): 61 113 3.4163479549570592
list:
dist: 3.4163479549570592 vs. 3.4163479549570592
--------
nle(id0,id1,dist): 61 101 2.3625018540759095
list:
dist: 2.3625018540759095 vs. 2.3625018540759095
--------
nle(id0,id1,dist): 62 64 2.1832709646060935
list:
dist: 2.1832709646060935 vs. 2.1832709646060935
--------
nle(id0,id1,dist): 61 100 1.8326532724926683
list:
dist: 1.8326532724926683 vs. 1.8326532724926683
--------
nle(id0,id1,dist): 61 103 1.9024731221870637
list:
dist: 1.9024731221870637 vs. 1.9024731221870637
--------
nle(id0,id1,dist): 62 65 0.9549887135569886
list:
dist: 0.9549887135569886 vs. 0.9549887135569886
--------
nle(id0,id1,dist): 61 97 1.7575079512903256
list:
dist: 1.7575079512903256 vs. 1.7575079512903256
--------
nle(id0,id1,dist): 61 96 1.2145302223128422
list:
dist: 1.2145302223128422 vs. 1.2145302223128422
--------
nle(id0,id1,dist): 61 99 3.0796980579480313
list:
dist: 3.0796980579480313 vs. 3.0796980579480313
--------
nle(id0,id1,dist): 61 98 4.419127216727042
list:
dist: 4.419127216727042 vs. 4.419127216727042
--------
nle(id0,id1,dist): 61 109 3.1908347250802205
list:
dist: 3.1908347250802205 vs. 3.1908347250802205
--------
nle(id0,id1,dist): 62 71 3.1137702262482754
list:
dist: 3.1137702262482754 vs. 3.1137702262482754
--------
nle(id0,id1,dist): 61 108 2.487384075399243
list:
dist: 2.487384075399243 vs. 2.487384075399243
--------
nle(id0,id1,dist): 62 73 0.9028272083342798
list:
dist: 0.9028272083342798 vs. 0.9028272083342798
--------
nle(id0,id1,dist): 61 105 0.7500861549095523
list:
dist: 0.7500861549095523 vs. 0.7500861549095523
--------
nle(id0,id1,dist): 61 104 3.1821717406481445
list:
dist: 3.1821717406481445 vs. 3.1821717406481445
--------
nle(id0,id1,dist): 62 70 1.3293853829094946
list:
dist: 1.3293853829094946 vs. 1.3293853829094946
--------
nle(id0,id1,dist): 62 69 2.398299588346964
list:
dist: 2.398299588346964 vs. 2.398299588346964
--------
nle(id0,id1,dist): 61 106 2.6757092229763746
list:
dist: 2.6757092229763746 vs. 2.6757092229763746
--------
nle(id0,id1,dist): 61 94 1.9169412490170281
list:
dist: 1.9169412490170281 vs. 1.9169412490170281
--------
nle(id0,id1,dist): 61 95 2.6399175972215767
list:
dist: 2.6399175972215767 vs. 2.6399175972215767
--------
nle(id0,id1,dist): 61 92 2.3870439515389235
list:
dist: 2.3870439515389235 vs. 2.3870439515389235
--------
nle(id0,id1,dist): 61 93 1.9711649243868226
list:
dist: 1.9711649243868226 vs. 1.9711649243868226
--------
nle(id0,id1,dist): 61 90 2.9931094109013676
list:
dist: 2.9931094109013676 vs. 2.9931094109013676
--------
nle(id0,id1,dist): 61 91 2.9114576457021664
list:
dist: 2.9114576457021664 vs. 2.9114576457021664
--------
nle(id0,id1,dist): 61 67 4.793606527276302
list:
dist: 4.793606527276302 vs. 4.793606527276302
--------
nle(id0,id1,dist): 61 66 2.1181839113174066
list:
dist: 2.1181839113174066 vs. 2.1181839113174066
--------
nle(id0,id1,dist): 61 79 4.33641577466647
list:
dist: 4.33641577466647 vs. 4.33641577466647
--------
nle(id0,id1,dist): 64 65 1.7875167264844087
list:
dist: 1.7875167264844087 vs. 1.7875167264844087
--------
nle(id0,id1,dist): 64 68 2.4501432479545833
list:
dist: 2.4501432479545833 vs. 2.4501432479545833
--------
nle(id0,id1,dist): 64 69 3.636004813907108
list:
dist: 3.636004813907108 vs. 3.636004813907108
--------
nle(id0,id1,dist): 64 70 2.1965341029520196
list:
dist: 2.1965341029520196 vs. 2.1965341029520196
--------
nle(id0,id1,dist): 64 71 2.7950040413669295
list:
dist: 2.7950040413669295 vs. 2.7950040413669295
--------
nle(id0,id1,dist): 64 73 2.7996959860634223
list:
dist: 2.7996959860634223 vs. 2.7996959860634223
--------
nle(id0,id1,dist): 64 74 1.6255746127022441
list:
dist: 1.6255746127022441 vs. 1.6255746127022441
--------
nle(id0,id1,dist): 63 87 2.4373697546095836
list:
dist: 2.4373697546095836 vs. 2.4373697546095836
--------
nle(id0,id1,dist): 63 86 2.4413262411877215
list:
dist: 2.4413262411877215 vs. 2.4413262411877215
--------
nle(id0,id1,dist): 63 72 2.7764291350268775
list:
dist: 2.7764291350268775 vs. 2.7764291350268775
--------
nle(id0,id1,dist): 63 76 2.328823920017516
list:
dist: 2.328823920017516 vs. 2.328823920017516
--------
nle(id0,id1,dist): 63 77 2.810341192534287
list:
dist: 2.810341192534287 vs. 2.810341192534287
--------
nle(id0,id1,dist): 63 75 2.445931275594733
list:
dist: 2.445931275594733 vs. 2.445931275594733
--------
nle(id0,id1,dist): 63 80 1.2119836032709168
list:
dist: 1.2119836032709168 vs. 1.2119836032709168
--------
nle(id0,id1,dist): 63 81 0.8846813180484395
list:
dist: 0.8846813180484395 vs. 0.8846813180484395
--------
nle(id0,id1,dist): 63 78 2.1330042155897835
list:
dist: 2.1330042155897835 vs. 2.1330042155897835
--------
nle(id0,id1,dist): 63 84 2.6575653038042697
list:
dist: 2.6575653038042697 vs. 2.6575653038042697
--------
nle(id0,id1,dist): 63 85 3.374995598371875
list:
dist: 3.374995598371875 vs. 3.374995598371875
--------
nle(id0,id1,dist): 63 83 2.993346757517322
list:
dist: 2.993346757517322 vs. 2.993346757517322
--------
nle(id0,id1,dist): 58 59 1.179672508743661
list:
dist: 1.179672508743661 vs. 1.179672508743661
--------
nle(id0,id1,dist): 60 69 2.7624682080779928
list:
dist: 2.7624682080779928 vs. 2.7624682080779928
--------
nle(id0,id1,dist): 60 70 1.3062387236907758
list:
dist: 1.3062387236907758 vs. 1.3062387236907758
--------
nle(id0,id1,dist): 60 71 2.5355783497389126
list:
dist: 2.5355783497389126 vs. 2.5355783497389126
--------
nle(id0,id1,dist): 60 73 1.7661406925615422
list:
dist: 1.7661406925615422 vs. 1.7661406925615422
--------
nle(id0,id1,dist): 60 74 2.0118943189094005
list:
dist: 2.0118943189094005 vs. 2.0118943189094005
--------
nle(id0,id1,dist): 60 64 1.0352159292239522
list:
dist: 1.0352159292239522 vs. 1.0352159292239522
--------
nle(id0,id1,dist): 60 62 1.1962153137862777
list:
dist: 1.1962153137862777 vs. 1.1962153137862777
--------
nle(id0,id1,dist): 60 68 2.9822646126316568
list:
dist: 2.9822646126316568 vs. 2.9822646126316568
--------
nle(id0,id1,dist): 60 65 0.8282580981663663
list:
dist: 0.8282580981663663 vs. 0.8282580981663663
--------
nle(id0,id1,dist): 69 71 2.197588138345282
list:
dist: 2.197588138345282 vs. 2.197588138345282
--------
nle(id0,id1,dist): 69 70 1.7161253212618843
list:
dist: 1.7161253212618843 vs. 1.7161253212618843
--------
nle(id0,id1,dist): 69 78 3.6750222187887385
list:
dist: 3.6750222187887385 vs. 3.6750222187887385
--------
nle(id0,id1,dist): 69 77 3.162754184903612
list:
dist: 3.162754184903612 vs. 3.162754184903612
--------
nle(id0,id1,dist): 69 75 4.614678984501575
list:
dist: 4.614678984501575 vs. 4.614678984501575
--------
nle(id0,id1,dist): 69 72 3.1218211289190303
list:
dist: 3.1218211289190303 vs. 3.1218211289190303
--------
nle(id0,id1,dist): 69 73 1.6264065817219635
list:
dist: 1.6264065817219635 vs. 1.6264065817219635
--------
nle(id0,id1,dist): 69 87 3.3986468617236065
list:
dist: 3.3986468617236065 vs. 3.3986468617236065
--------
nle(id0,id1,dist): 69 84 2.2021561373763934
list:
dist: 2.2021561373763934 vs. 2.2021561373763934
--------
nle(id0,id1,dist): 69 85 4.33190190058773
list:
dist: 4.33190190058773 vs. 4.33190190058773
--------
nle(id0,id1,dist): 69 82 1.1745546334020063
list:
dist: 1.1745546334020063 vs. 1.1745546334020063
--------
nle(id0,id1,dist): 69 83 4.886512753847015
list:
dist: 4.886512753847015 vs. 4.886512753847015
--------
nle(id0,id1,dist): 69 80 2.8015609156305485
list:
dist: 2.8015609156305485 vs. 2.8015609156305485
--------
nle(id0,id1,dist): 69 81 3.5732689213456927
list:
dist: 3.5732689213456927 vs. 3.5732689213456927
--------
nle(id0,id1,dist): 67 103 3.1801843983451734
list:
dist: 3.1801843983451734 vs. 3.1801843983451734
--------
nle(id0,id1,dist): 67 102 2.0876696709517035
list:
dist: 2.0876696709517035 vs. 2.0876696709517035
--------
nle(id0,id1,dist): 67 105 4.088501632286662
list:
dist: 4.088501632286662 vs. 4.088501632286662
--------
nle(id0,id1,dist): 67 104 1.653877415790859
list:
dist: 1.653877415790859 vs. 1.653877415790859
--------
nle(id0,id1,dist): 67 99 3.3798416929073913
list:
dist: 3.3798416929073913 vs. 3.3798416929073913
--------
nle(id0,id1,dist): 67 98 0.9591015588725322
list:
dist: 0.9591015588725322 vs. 0.9591015588725322
--------
nle(id0,id1,dist): 68 74 1.4684584016194049
list:
dist: 1.4684584016194049 vs. 1.4684584016194049
--------
nle(id0,id1,dist): 67 111 1.2589895564052604
list:
dist: 1.2589895564052604 vs. 1.2589895564052604
--------
nle(id0,id1,dist): 67 110 2.330328012868674
list:
dist: 2.330328012868674 vs. 2.330328012868674
--------
nle(id0,id1,dist): 67 113 1.5012915983164163
list:
dist: 1.5012915983164163 vs. 1.5012915983164163
--------
nle(id0,id1,dist): 67 112 3.0648037988078953
list:
dist: 3.0648037988078953 vs. 3.0648037988078953
--------
nle(id0,id1,dist): 67 107 3.6650531861306814
list:
dist: 3.6650531861306814 vs. 3.6650531861306814
--------
nle(id0,id1,dist): 67 106 3.0028788770734343
list:
dist: 3.0028788770734343 vs. 3.0028788770734343
--------
nle(id0,id1,dist): 67 109 1.694197910776332
list:
dist: 1.694197910776332 vs. 1.694197910776332
--------
nle(id0,id1,dist): 67 108 2.3684973500544895
list:
dist: 2.3684973500544895 vs. 2.3684973500544895
--------
nle(id0,id1,dist): 67 118 3.764782028782312
list:
dist: 3.764782028782312 vs. 3.764782028782312
--------
nle(id0,id1,dist): 67 119 3.0211470658138566
list:
dist: 3.0211470658138566 vs. 3.0211470658138566
--------
nle(id0,id1,dist): 67 114 2.4973137011582214
list:
dist: 2.4973137011582214 vs. 2.4973137011582214
--------
nle(id0,id1,dist): 67 115 1.2219942983014849
list:
dist: 1.2219942983014849 vs. 1.2219942983014849
--------
nle(id0,id1,dist): 67 116 1.2833559942611943
list:
dist: 1.2833559942611943 vs. 1.2833559942611943
--------
nle(id0,id1,dist): 67 117 1.15690115848991
list:
dist: 1.15690115848991 vs. 1.15690115848991
--------
nle(id0,id1,dist): 71 72 1.1615430859995197
list:
dist: 1.1615430859995197 vs. 1.1615430859995197
--------
nle(id0,id1,dist): 71 73 2.897814800075307
list:
dist: 2.897814800075307 vs. 2.897814800075307
--------
nle(id0,id1,dist): 71 77 1.1912069435560213
list:
dist: 1.1912069435560213 vs. 1.1912069435560213
--------
nle(id0,id1,dist): 71 75 2.7777180429017276
list:
dist: 2.7777180429017276 vs. 2.7777180429017276
--------
nle(id0,id1,dist): 70 71 2.187628353977473
list:
dist: 2.187628353977473 vs. 2.187628353977473
--------
nle(id0,id1,dist): 70 73 1.0773267835727367
list:
dist: 1.0773267835727367 vs. 1.0773267835727367
--------
nle(id0,id1,dist): 70 82 2.757253156786848
list:
dist: 2.757253156786848 vs. 2.757253156786848
--------
nle(id0,id1,dist): 65 82 2.930123283509441
list:
dist: 2.930123283509441 vs. 2.930123283509441
--------
nle(id0,id1,dist): 66 67 4.459555674221216
list:
dist: 4.459555674221216 vs. 4.459555674221216
--------
nle(id0,id1,dist): 65 73 1.1222541589321187
list:
dist: 1.1222541589321187 vs. 1.1222541589321187
--------
nle(id0,id1,dist): 65 69 1.9557239105467994
list:
dist: 1.9557239105467994 vs. 1.9557239105467994
--------
nle(id0,id1,dist): 65 71 2.1703127126157717
list:
dist: 2.1703127126157717 vs. 2.1703127126157717
--------
nle(id0,id1,dist): 65 70 0.8048946733064477
list:
dist: 0.8048946733064477 vs. 0.8048946733064477
--------
nle(id0,id1,dist): 66 113 2.973849270737909
list:
dist: 2.973849270737909 vs. 2.973849270737909
--------
nle(id0,id1,dist): 66 112 3.270580227973528
list:
dist: 3.270580227973528 vs. 3.270580227973528
--------
nle(id0,id1,dist): 66 117 4.249240303582904
list:
dist: 4.249240303582904 vs. 4.249240303582904
--------
nle(id0,id1,dist): 67 79 1.4721298528757656
list:
dist: 1.4721298528757656 vs. 1.4721298528757656
--------
nle(id0,id1,dist): 66 105 2.160738951900671
list:
dist: 2.160738951900671 vs. 2.160738951900671
--------
nle(id0,id1,dist): 66 106 3.752701015041058
list:
dist: 3.752701015041058 vs. 3.752701015041058
--------
nle(id0,id1,dist): 66 103 2.8103535072147245
list:
dist: 2.8103535072147245 vs. 2.8103535072147245
--------
nle(id0,id1,dist): 66 104 3.2459644285677585
list:
dist: 3.2459644285677585 vs. 3.2459644285677585
--------
nle(id0,id1,dist): 66 109 2.9088402733736602
list:
dist: 2.9088402733736602 vs. 2.9088402733736602
--------
nle(id0,id1,dist): 66 108 2.57241606642338
list:
dist: 2.57241606642338 vs. 2.57241606642338
--------
nle(id0,id1,dist): 67 93 2.823431577889204
list:
dist: 2.823431577889204 vs. 2.823431577889204
--------
nle(id0,id1,dist): 67 92 2.7117371079128216
list:
dist: 2.7117371079128216 vs. 2.7117371079128216
--------
nle(id0,id1,dist): 67 91 2.9705311418827156
list:
dist: 2.9705311418827156 vs. 2.9705311418827156
--------
nle(id0,id1,dist): 67 96 3.8641646748870793
list:
dist: 3.8641646748870793 vs. 3.8641646748870793
--------
nle(id0,id1,dist): 67 95 3.3908108533014802
list:
dist: 3.3908108533014802 vs. 3.3908108533014802
--------
nle(id0,id1,dist): 66 119 2.834353371199833
list:
dist: 2.834353371199833 vs. 2.834353371199833
--------
nle(id0,id1,dist): 66 79 3.735673685738001
list:
dist: 3.735673685738001 vs. 3.735673685738001
--------
nle(id0,id1,dist): 66 96 2.420930748571186
list:
dist: 2.420930748571186 vs. 2.420930748571186
--------
nle(id0,id1,dist): 66 95 2.713612840781945
list:
dist: 2.713612840781945 vs. 2.713612840781945
--------
nle(id0,id1,dist): 66 98 4.3136911189875855
list:
dist: 4.3136911189875855 vs. 4.3136911189875855
--------
nle(id0,id1,dist): 66 97 3.5061550030526822
list:
dist: 3.5061550030526822 vs. 3.5061550030526822
--------
nle(id0,id1,dist): 66 100 3.3907324163433614
list:
dist: 3.3907324163433614 vs. 3.3907324163433614
--------
nle(id0,id1,dist): 66 99 3.710014699092108
list:
dist: 3.710014699092108 vs. 3.710014699092108
--------
nle(id0,id1,dist): 66 101 3.705220152012848
list:
dist: 3.705220152012848 vs. 3.705220152012848
--------
nle(id0,id1,dist): 66 90 4.279286367092819
list:
dist: 4.279286367092819 vs. 4.279286367092819
--------
nle(id0,id1,dist): 66 92 3.1725763439671795
list:
dist: 3.1725763439671795 vs. 3.1725763439671795
--------
nle(id0,id1,dist): 66 91 3.5421235450371493
list:
dist: 3.5421235450371493 vs. 3.5421235450371493
--------
nle(id0,id1,dist): 66 94 3.5114166461814684
list:
dist: 3.5114166461814684 vs. 3.5114166461814684
--------
nle(id0,id1,dist): 66 93 2.2516781003180015
list:
dist: 2.2516781003180015 vs. 2.2516781003180015
--------
nle(id0,id1,dist): 48 51 1.7034818387078028
list:
dist: 1.7034818387078028 vs. 1.7034818387078028
--------
nle(id0,id1,dist): 48 52 1.7588335558011159
list:
dist: 1.7588335558011159 vs. 1.7588335558011159
--------
nle(id0,id1,dist): 48 55 2.9418181429838377
list:
dist: 2.9418181429838377 vs. 2.9418181429838377
--------
nle(id0,id1,dist): 48 56 1.8197357109518142
list:
dist: 1.8197357109518142 vs. 1.8197357109518142
--------
nle(id0,id1,dist): 48 57 2.7983779812017446
list:
dist: 2.7983779812017446 vs. 2.7983779812017446
--------
nle(id0,id1,dist): 49 50 0.9290743384067229
list:
dist: 0.9290743384067229 vs. 0.9290743384067229
--------
nle(id0,id1,dist): 49 52 2.58872833223087
list:
dist: 2.58872833223087 vs. 2.58872833223087
--------
nle(id0,id1,dist): 49 54 1.6188770076194867
list:
dist: 1.6188770076194867 vs. 1.6188770076194867
--------
nle(id0,id1,dist): 49 55 0.9034901106148562
list:
dist: 0.9034901106148562 vs. 0.9034901106148562
--------
nle(id0,id1,dist): 49 57 1.3549311002681046
list:
dist: 1.3549311002681046 vs. 1.3549311002681046
--------
nle(id0,id1,dist): 49 58 2.099044904670367
list:
dist: 2.099044904670367 vs. 2.099044904670367
--------
nle(id0,id1,dist): 49 59 1.7782685875161275
list:
dist: 1.7782685875161275 vs. 1.7782685875161275
--------
nle(id0,id1,dist): 50 54 1.0361762200918083
list:
dist: 1.0361762200918083 vs. 1.0361762200918083
--------
nle(id0,id1,dist): 50 52 2.7460840716384056
list:
dist: 2.7460840716384056 vs. 2.7460840716384056
--------
nle(id0,id1,dist): 50 59 2.067230608191636
list:
dist: 2.067230608191636 vs. 2.067230608191636
--------
nle(id0,id1,dist): 50 55 0.8285401362566248
list:
dist: 0.8285401362566248 vs. 0.8285401362566248
--------
nle(id0,id1,dist): 50 58 1.8509556745385833
list:
dist: 1.8509556745385833 vs. 1.8509556745385833
--------
nle(id0,id1,dist): 50 57 1.0042306789004927
list:
dist: 1.0042306789004927 vs. 1.0042306789004927
--------
nle(id0,id1,dist): 44 55 2.5807249563916796
list:
dist: 2.5807249563916796 vs. 2.5807249563916796
--------
nle(id0,id1,dist): 44 57 2.6815154400077947
list:
dist: 2.6815154400077947 vs. 2.6815154400077947
--------
nle(id0,id1,dist): 45 57 2.043451348544405
list:
dist: 2.043451348544405 vs. 2.043451348544405
--------
nle(id0,id1,dist): 45 58 3.6984849857064517
list:
dist: 3.6984849857064517 vs. 3.6984849857064517
--------
nle(id0,id1,dist): 45 59 3.303189567116951
list:
dist: 3.303189567116951 vs. 3.303189567116951
--------
nle(id0,id1,dist): 45 49 1.6109946001630442
list:
dist: 1.6109946001630442 vs. 1.6109946001630442
--------
nle(id0,id1,dist): 45 50 2.1064438688844707
list:
dist: 2.1064438688844707 vs. 2.1064438688844707
--------
nle(id0,id1,dist): 45 54 2.9938892402835515
list:
dist: 2.9938892402835515 vs. 2.9938892402835515
--------
nle(id0,id1,dist): 45 55 1.7454995113223157
list:
dist: 1.7454995113223157 vs. 1.7454995113223157
--------
nle(id0,id1,dist): 46 59 3.1320335552465424
list:
dist: 3.1320335552465424 vs. 3.1320335552465424
--------
nle(id0,id1,dist): 46 58 3.091565822438414
list:
dist: 3.091565822438414 vs. 3.091565822438414
--------
nle(id0,id1,dist): 46 54 1.941884419281083
list:
dist: 1.941884419281083 vs. 1.941884419281083
--------
nle(id0,id1,dist): 46 49 2.542083851821529
list:
dist: 2.542083851821529 vs. 2.542083851821529
--------
nle(id0,id1,dist): 46 50 2.2002519140578443
list:
dist: 2.2002519140578443 vs. 2.2002519140578443
--------
nle(id0,id1,dist): 47 59 2.795449080143065
list:
dist: 2.795449080143065 vs. 2.795449080143065
--------
nle(id0,id1,dist): 47 58 2.3531162808999
list:
dist: 2.3531162808999 vs. 2.3531162808999
--------
nle(id0,id1,dist): 47 55 1.1795180901096047
list:
dist: 1.1795180901096047 vs. 1.1795180901096047
--------
nle(id0,id1,dist): 47 54 2.28374216732222
list:
dist: 2.28374216732222 vs. 2.28374216732222
--------
nle(id0,id1,dist): 47 57 0.893874681302508
list:
dist: 0.893874681302508 vs. 0.893874681302508
--------
nle(id0,id1,dist): 47 56 2.502376485185916
list:
dist: 2.502376485185916 vs. 2.502376485185916
--------
nle(id0,id1,dist): 47 50 1.623380418934006
list:
dist: 1.623380418934006 vs. 1.623380418934006
--------
nle(id0,id1,dist): 47 51 2.374748310153646
list:
dist: 2.374748310153646 vs. 2.374748310153646
--------
nle(id0,id1,dist): 47 52 2.1495826353283336
list:
dist: 2.1495826353283336 vs. 2.1495826353283336
--------
nle(id0,id1,dist): 47 48 1.9543486184128511
list:
dist: 1.9543486184128511 vs. 1.9543486184128511
--------
nle(id0,id1,dist): 47 49 1.938814790656993
list:
dist: 1.938814790656993 vs. 1.938814790656993
--------
nle(id0,id1,dist): 55 56 3.176514965317102
list:
dist: 3.176514965317102 vs. 3.176514965317102
--------
nle(id0,id1,dist): 55 57 0.46609406635236095
list:
dist: 0.46609406635236095 vs. 0.46609406635236095
--------
nle(id0,id1,dist): 55 58 2.3035332079677113
list:
dist: 2.3035332079677113 vs. 2.3035332079677113
--------
nle(id0,id1,dist): 55 59 2.375282911283095
list:
dist: 2.375282911283095 vs. 2.375282911283095
--------
nle(id0,id1,dist): 56 57 3.04407774957594
list:
dist: 3.04407774957594 vs. 3.04407774957594
--------
nle(id0,id1,dist): 57 59 2.6962002089734374
list:
dist: 2.6962002089734374 vs. 2.6962002089734374
--------
nle(id0,id1,dist): 57 58 2.4362411028047615
list:
dist: 2.4362411028047615 vs. 2.4362411028047615
--------
nle(id0,id1,dist): 51 52 3.2602972792349982
list:
dist: 3.2602972792349982 vs. 3.2602972792349982
--------
nle(id0,id1,dist): 51 55 3.2833334926518503
list:
dist: 3.2833334926518503 vs. 3.2833334926518503
--------
nle(id0,id1,dist): 51 56 0.9137222672756398
list:
dist: 0.9137222672756398 vs. 0.9137222672756398
--------
nle(id0,id1,dist): 51 57 3.0314754937112753
list:
dist: 3.0314754937112753 vs. 3.0314754937112753
--------
nle(id0,id1,dist): 52 56 3.063677974792333
list:
dist: 3.063677974792333 vs. 3.063677974792333
--------
nle(id0,id1,dist): 52 54 2.825000409212042
list:
dist: 2.825000409212042 vs. 2.825000409212042
--------
nle(id0,id1,dist): 52 59 1.9927792789384362
list:
dist: 1.9927792789384362 vs. 1.9927792789384362
--------
nle(id0,id1,dist): 52 58 1.9104597187183647
list:
dist: 1.9104597187183647 vs. 1.9104597187183647
--------
nle(id0,id1,dist): 53 69 3.6062767479530056
list:
dist: 3.6062767479530056 vs. 3.6062767479530056
--------
nle(id0,id1,dist): 53 68 1.902665677508
list:
dist: 1.902665677508 vs. 1.902665677508
--------
nle(id0,id1,dist): 53 71 3.36768844707563
list:
dist: 3.36768844707563 vs. 3.36768844707563
--------
nle(id0,id1,dist): 53 70 2.6966744662126167
list:
dist: 2.6966744662126167 vs. 2.6966744662126167
--------
nle(id0,id1,dist): 53 65 1.9215813001111124
list:
dist: 1.9215813001111124 vs. 1.9215813001111124
--------
nle(id0,id1,dist): 53 64 1.777374805452783
list:
dist: 1.777374805452783 vs. 1.777374805452783
--------
nle(id0,id1,dist): 53 60 1.6263783585421536
list:
dist: 1.6263783585421536 vs. 1.6263783585421536
--------
nle(id0,id1,dist): 53 62 1.8944703193912125
list:
dist: 1.8944703193912125 vs. 1.8944703193912125
--------
nle(id0,id1,dist): 53 74 0.9945741870304075
list:
dist: 0.9945741870304075 vs. 0.9945741870304075
--------
nle(id0,id1,dist): 53 73 2.627845577765094
list:
dist: 2.627845577765094 vs. 2.627845577765094
--------
nle(id0,id1,dist): 54 59 1.7354302085916928
list:
dist: 1.7354302085916928 vs. 1.7354302085916928
--------
nle(id0,id1,dist): 54 58 1.2433234887071396
list:
dist: 1.2433234887071396 vs. 1.2433234887071396
--------
nle(id0,id1,dist): 54 57 1.9424850587095956
list:
dist: 1.9424850587095956 vs. 1.9424850587095956
--------
nle(id0,id1,dist): 54 55 1.8120891681801419
list:
dist: 1.8120891681801419 vs. 1.8120891681801419
--------
nle(id0,id1,dist): 93 112 2.5729544536974447
list:
dist: 2.5729544536974447 vs. 2.5729544536974447
--------
nle(id0,id1,dist): 93 113 1.4805173887979768
list:
dist: 1.4805173887979768 vs. 1.4805173887979768
--------
nle(id0,id1,dist): 93 115 3.022462585322201
list:
dist: 3.022462585322201 vs. 3.022462585322201
--------
nle(id0,id1,dist): 93 117 2.209975588491013
list:
dist: 2.209975588491013 vs. 2.209975588491013
--------
nle(id0,id1,dist): 93 119 1.2071362623545174
list:
dist: 1.2071362623545174 vs. 1.2071362623545174
--------
nle(id0,id1,dist): 93 97 3.585482129569404
list:
dist: 3.585482129569404 vs. 3.585482129569404
--------
nle(id0,id1,dist): 93 96 1.220088559254956
list:
dist: 1.220088559254956 vs. 1.220088559254956
--------
nle(id0,id1,dist): 93 99 2.196097098836919
list:
dist: 2.196097098836919 vs. 2.196097098836919
--------
nle(id0,id1,dist): 93 98 2.522306372024792
list:
dist: 2.522306372024792 vs. 2.522306372024792
--------
nle(id0,id1,dist): 93 101 2.993957934389117
list:
dist: 2.993957934389117 vs. 2.993957934389117
--------
nle(id0,id1,dist): 93 100 2.2442030326936697
list:
dist: 2.2442030326936697 vs. 2.2442030326936697
--------
nle(id0,id1,dist): 93 103 0.8850533455080087
list:
dist: 0.8850533455080087 vs. 0.8850533455080087
--------
nle(id0,id1,dist): 93 105 1.2879020373614762
list:
dist: 1.2879020373614762 vs. 1.2879020373614762
--------
nle(id0,id1,dist): 93 104 1.24576907259606
list:
dist: 1.24576907259606 vs. 1.24576907259606
--------
nle(id0,id1,dist): 93 106 1.5836814659882987
list:
dist: 1.5836814659882987 vs. 1.5836814659882987
--------
nle(id0,id1,dist): 93 109 1.2578317759246826
list:
dist: 1.2578317759246826 vs. 1.2578317759246826
--------
nle(id0,id1,dist): 93 108 0.62395548129945
list:
dist: 0.62395548129945 vs. 0.62395548129945
--------
nle(id0,id1,dist): 94 110 3.001122279764739
list:
dist: 3.001122279764739 vs. 3.001122279764739
--------
nle(id0,id1,dist): 94 107 2.286565632927625
list:
dist: 2.286565632927625 vs. 2.286565632927625
--------
nle(id0,id1,dist): 94 108 2.1207885202618626
list:
dist: 2.1207885202618626 vs. 2.1207885202618626
--------
nle(id0,id1,dist): 94 114 3.609151739662939
list:
dist: 3.609151739662939 vs. 3.609151739662939
--------
nle(id0,id1,dist): 94 118 3.3966924561921603
list:
dist: 3.3966924561921603 vs. 3.3966924561921603
--------
nle(id0,id1,dist): 94 119 1.5835608438687392
list:
dist: 1.5835608438687392 vs. 1.5835608438687392
--------
nle(id0,id1,dist): 94 97 2.6244768038990354
list:
dist: 2.6244768038990354 vs. 2.6244768038990354
--------
nle(id0,id1,dist): 94 96 1.0987486339500414
list:
dist: 1.0987486339500414 vs. 1.0987486339500414
--------
nle(id0,id1,dist): 94 95 2.232152667748637
list:
dist: 2.232152667748637 vs. 2.232152667748637
--------
nle(id0,id1,dist): 94 101 1.7156273536888127
list:
dist: 1.7156273536888127 vs. 1.7156273536888127
--------
nle(id0,id1,dist): 94 100 0.7580218598959931
list:
dist: 0.7580218598959931 vs. 0.7580218598959931
--------
nle(id0,id1,dist): 94 99 1.8551844407160722
list:
dist: 1.8551844407160722 vs. 1.8551844407160722
--------
nle(id0,id1,dist): 94 106 1.3091453815539902
list:
dist: 1.3091453815539902 vs. 1.3091453815539902
--------
nle(id0,id1,dist): 94 105 1.5667267926906547
list:
dist: 1.5667267926906547 vs. 1.5667267926906547
--------
nle(id0,id1,dist): 94 103 1.6420032390717134
list:
dist: 1.6420032390717134 vs. 1.6420032390717134
--------
nle(id0,id1,dist): 92 97 3.768596092978991
list:
dist: 3.768596092978991 vs. 3.768596092978991
--------
nle(id0,id1,dist): 92 98 2.2785263458211786
list:
dist: 2.2785263458211786 vs. 2.2785263458211786
--------
nle(id0,id1,dist): 92 99 1.9282875152153967
list:
dist: 1.9282875152153967 vs. 1.9282875152153967
--------
nle(id0,id1,dist): 92 100 2.0574905613549803
list:
dist: 2.0574905613549803 vs. 2.0574905613549803
--------
nle(id0,id1,dist): 92 93 0.9491400986298365
list:
dist: 0.9491400986298365 vs. 0.9491400986298365
--------
nle(id0,id1,dist): 92 94 1.508277974576352
list:
dist: 1.508277974576352 vs. 1.508277974576352
--------
nle(id0,id1,dist): 92 95 2.0805032108866004
list:
dist: 2.0805032108866004 vs. 2.0805032108866004
--------
nle(id0,id1,dist): 92 96 1.4246997709748601
list:
dist: 1.4246997709748601 vs. 1.4246997709748601
--------
nle(id0,id1,dist): 91 111 2.8261305756257813
list:
dist: 2.8261305756257813 vs. 2.8261305756257813
--------
nle(id0,id1,dist): 91 110 1.502091122914329
list:
dist: 1.502091122914329 vs. 1.502091122914329
--------
nle(id0,id1,dist): 91 113 2.2227235254516557
list:
dist: 2.2227235254516557 vs. 2.2227235254516557
--------
nle(id0,id1,dist): 91 112 1.955054379058814
list:
dist: 1.955054379058814 vs. 1.955054379058814
--------
nle(id0,id1,dist): 91 107 1.2505220233587333
list:
dist: 1.2505220233587333 vs. 1.2505220233587333
--------
nle(id0,id1,dist): 91 106 1.454978271740047
list:
dist: 1.454978271740047 vs. 1.454978271740047
--------
nle(id0,id1,dist): 91 109 2.2847111637023167
list:
dist: 2.2847111637023167 vs. 2.2847111637023167
--------
nle(id0,id1,dist): 91 108 1.41334425364548
list:
dist: 1.41334425364548 vs. 1.41334425364548
--------
nle(id0,id1,dist): 91 119 0.7115263488656712
list:
dist: 0.7115263488656712 vs. 0.7115263488656712
--------
nle(id0,id1,dist): 91 118 1.9470153495715148
list:
dist: 1.9470153495715148 vs. 1.9470153495715148
--------
nle(id0,id1,dist): 91 115 3.3379405115545735
list:
dist: 3.3379405115545735 vs. 3.3379405115545735
--------
nle(id0,id1,dist): 91 114 2.0696368619636094
list:
dist: 2.0696368619636094 vs. 2.0696368619636094
--------
nle(id0,id1,dist): 91 117 2.3343484737351137
list:
dist: 2.3343484737351137 vs. 2.3343484737351137
--------
nle(id0,id1,dist): 91 116 3.047051079661217
list:
dist: 3.047051079661217 vs. 3.047051079661217
--------
nle(id0,id1,dist): 92 119 1.2230039108548192
list:
dist: 1.2230039108548192 vs. 1.2230039108548192
--------
nle(id0,id1,dist): 92 117 1.7904877419059253
list:
dist: 1.7904877419059253 vs. 1.7904877419059253
--------
nle(id0,id1,dist): 92 118 3.330425942579161
list:
dist: 3.330425942579161 vs. 3.330425942579161
--------
nle(id0,id1,dist): 93 94 1.9359547495742202
list:
dist: 1.9359547495742202 vs. 1.9359547495742202
--------
nle(id0,id1,dist): 93 95 1.8069903728625905
list:
dist: 1.8069903728625905 vs. 1.8069903728625905
--------
nle(id0,id1,dist): 92 108 0.9898389528336307
list:
dist: 0.9898389528336307 vs. 0.9898389528336307
--------
nle(id0,id1,dist): 92 107 2.4732307528585364
list:
dist: 2.4732307528585364 vs. 2.4732307528585364
--------
nle(id0,id1,dist): 92 106 0.6548377444064858
list:
dist: 0.6548377444064858 vs. 0.6548377444064858
--------
nle(id0,id1,dist): 92 105 1.6688709306054716
list:
dist: 1.6688709306054716 vs. 1.6688709306054716
--------
nle(id0,id1,dist): 92 104 1.139617436963718
list:
dist: 1.139617436963718 vs. 1.139617436963718
--------
nle(id0,id1,dist): 92 103 0.7956238441291236
list:
dist: 0.7956238441291236 vs. 0.7956238441291236
--------
nle(id0,id1,dist): 92 102 2.755120926447575
list:
dist: 2.755120926447575 vs. 2.755120926447575
--------
nle(id0,id1,dist): 92 101 2.9275580805145967
list:
dist: 2.9275580805145967 vs. 2.9275580805145967
--------
nle(id0,id1,dist): 92 116 3.044833415322521
list:
dist: 3.044833415322521 vs. 3.044833415322521
--------
nle(id0,id1,dist): 92 115 2.6712465466362736
list:
dist: 2.6712465466362736 vs. 2.6712465466362736
--------
nle(id0,id1,dist): 92 114 2.9622795861357774
list:
dist: 2.9622795861357774 vs. 2.9622795861357774
--------
nle(id0,id1,dist): 92 113 1.789186653144956
list:
dist: 1.789186653144956 vs. 1.789186653144956
--------
nle(id0,id1,dist): 92 112 2.867890578031011
list:
dist: 2.867890578031011 vs. 2.867890578031011
--------
nle(id0,id1,dist): 92 111 3.1689838411359497
list:
dist: 3.1689838411359497 vs. 3.1689838411359497
--------
nle(id0,id1,dist): 92 110 2.335112643875026
list:
dist: 2.335112643875026 vs. 2.335112643875026
--------
nle(id0,id1,dist): 92 109 1.5498955625117146
list:
dist: 1.5498955625117146 vs. 1.5498955625117146
--------
nle(id0,id1,dist): 97 101 2.185832480426307
list:
dist: 2.185832480426307 vs. 2.185832480426307
--------
nle(id0,id1,dist): 97 100 2.210550239639018
list:
dist: 2.210550239639018 vs. 2.210550239639018
--------
nle(id0,id1,dist): 97 103 3.4280993306933087
list:
dist: 3.4280993306933087 vs. 3.4280993306933087
--------
nle(id0,id1,dist): 97 105 2.3937707793068466
list:
dist: 2.3937707793068466 vs. 2.3937707793068466
--------
nle(id0,id1,dist): 97 106 3.825399275978221
list:
dist: 3.825399275978221 vs. 3.825399275978221
--------
nle(id0,id1,dist): 97 99 3.8859610140267917
list:
dist: 3.8859610140267917 vs. 3.8859610140267917
--------
nle(id0,id1,dist): 96 113 2.601774914252009
list:
dist: 2.601774914252009 vs. 2.601774914252009
--------
nle(id0,id1,dist): 96 117 3.133071146496835
list:
dist: 3.133071146496835 vs. 3.133071146496835
--------
nle(id0,id1,dist): 96 119 1.16302981973661
list:
dist: 1.16302981973661 vs. 1.16302981973661
--------
nle(id0,id1,dist): 98 102 1.1952945483226542
list:
dist: 1.1952945483226542 vs. 1.1952945483226542
--------
nle(id0,id1,dist): 98 99 2.5166377649530034
list:
dist: 2.5166377649530034 vs. 2.5166377649530034
--------
nle(id0,id1,dist): 97 119 3.5260074948610836
list:
dist: 3.5260074948610836 vs. 3.5260074948610836
--------
nle(id0,id1,dist): 97 108 4.001505112934927
list:
dist: 4.001505112934927 vs. 4.001505112934927
--------
nle(id0,id1,dist): 95 114 2.771078215757777
list:
dist: 2.771078215757777 vs. 2.771078215757777
--------
nle(id0,id1,dist): 95 117 3.0588362372416205
list:
dist: 3.0588362372416205 vs. 3.0588362372416205
--------
nle(id0,id1,dist): 95 116 3.806467987362747
list:
dist: 3.806467987362747 vs. 3.806467987362747
--------
nle(id0,id1,dist): 95 111 3.092585362459445
list:
dist: 3.092585362459445 vs. 3.092585362459445
--------
nle(id0,id1,dist): 95 110 2.356792189564504
list:
dist: 2.356792189564504 vs. 2.356792189564504
--------
nle(id0,id1,dist): 95 113 2.2901207613322265
list:
dist: 2.2901207613322265 vs. 2.2901207613322265
--------
nle(id0,id1,dist): 95 112 1.2371517947105264
list:
dist: 1.2371517947105264 vs. 1.2371517947105264
--------
nle(id0,id1,dist): 95 107 2.148860426928715
list:
dist: 2.148860426928715 vs. 2.148860426928715
--------
nle(id0,id1,dist): 95 106 2.3992578301694216
list:
dist: 2.3992578301694216 vs. 2.3992578301694216
--------
nle(id0,id1,dist): 95 109 2.4456126207027085
list:
dist: 2.4456126207027085 vs. 2.4456126207027085
--------
nle(id0,id1,dist): 95 108 1.5165097073002924
list:
dist: 1.5165097073002924 vs. 1.5165097073002924
--------
nle(id0,id1,dist): 95 103 2.4733293808010894
list:
dist: 2.4733293808010894 vs. 2.4733293808010894
--------
nle(id0,id1,dist): 95 102 2.692958532330868
list:
dist: 2.692958532330868 vs. 2.692958532330868
--------
nle(id0,id1,dist): 95 105 2.3230726015080365
list:
dist: 2.3230726015080365 vs. 2.3230726015080365
--------
nle(id0,id1,dist): 95 104 2.0866922547492344
list:
dist: 2.0866922547492344 vs. 2.0866922547492344
--------
nle(id0,id1,dist): 95 98 2.6992652060649562
list:
dist: 2.6992652060649562 vs. 2.6992652060649562
--------
nle(id0,id1,dist): 95 99 1.1488092438154314
list:
dist: 1.1488092438154314 vs. 1.1488092438154314
--------
nle(id0,id1,dist): 95 100 2.0216708104676098
list:
dist: 2.0216708104676098 vs. 2.0216708104676098
--------
nle(id0,id1,dist): 95 101 2.1990021005818567
list:
dist: 2.1990021005818567 vs. 2.1990021005818567
--------
nle(id0,id1,dist): 95 96 1.6461445452103673
list:
dist: 1.6461445452103673 vs. 1.6461445452103673
--------
nle(id0,id1,dist): 95 97 3.664143897105892
list:
dist: 3.664143897105892 vs. 3.664143897105892
--------
nle(id0,id1,dist): 96 112 2.816823386814265
list:
dist: 2.816823386814265 vs. 2.816823386814265
--------
nle(id0,id1,dist): 96 109 2.4481080220347735
list:
dist: 2.4481080220347735 vs. 2.4481080220347735
--------
nle(id0,id1,dist): 96 108 1.536078158107008
list:
dist: 1.536078158107008 vs. 1.536078158107008
--------
nle(id0,id1,dist): 96 106 1.7035336097792777
list:
dist: 1.7035336097792777 vs. 1.7035336097792777
--------
nle(id0,id1,dist): 96 105 0.8052071667894785
list:
dist: 0.8052071667894785 vs. 0.8052071667894785
--------
nle(id0,id1,dist): 96 104 2.2155606050016674
list:
dist: 2.2155606050016674 vs. 2.2155606050016674
--------
nle(id0,id1,dist): 96 103 1.3410213538390017
list:
dist: 1.3410213538390017 vs. 1.3410213538390017
--------
nle(id0,id1,dist): 96 101 1.8639743519082943
list:
dist: 1.8639743519082943 vs. 1.8639743519082943
--------
nle(id0,id1,dist): 96 100 1.1266992502218809
list:
dist: 1.1266992502218809 vs. 1.1266992502218809
--------
nle(id0,id1,dist): 96 99 1.9034501577112242
list:
dist: 1.9034501577112242 vs. 1.9034501577112242
--------
nle(id0,id1,dist): 96 98 3.348845714807416
list:
dist: 3.348845714807416 vs. 3.348845714807416
--------
nle(id0,id1,dist): 96 97 2.483975971941631
list:
dist: 2.483975971941631 vs. 2.483975971941631
--------
nle(id0,id1,dist): 95 118 1.9997189780937739
list:
dist: 1.9997189780937739 vs. 1.9997189780937739
--------
nle(id0,id1,dist): 95 119 0.8771941914709351
list:
dist: 0.8771941914709351 vs. 0.8771941914709351
--------
nle(id0,id1,dist): 87 88 2.715806006212588
list:
dist: 2.715806006212588 vs. 2.715806006212588
--------
nle(id0,id1,dist): 87 89 3.6761758956049237
list:
dist: 3.6761758956049237 vs. 3.6761758956049237
--------
nle(id0,id1,dist): 85 87 1.5138576996737785
list:
dist: 1.5138576996737785 vs. 1.5138576996737785
--------
nle(id0,id1,dist): 85 86 3.047262750525636
list:
dist: 3.047262750525636 vs. 3.047262750525636
--------
nle(id0,id1,dist): 85 88 1.4010216544808456
list:
dist: 1.4010216544808456 vs. 1.4010216544808456
--------
nle(id0,id1,dist): 85 89 2.5046228275265374
list:
dist: 2.5046228275265374 vs. 2.5046228275265374
--------
nle(id0,id1,dist): 86 87 3.000108864491359
list:
dist: 3.000108864491359 vs. 3.000108864491359
--------
nle(id0,id1,dist): 86 88 2.7324620839031586
list:
dist: 2.7324620839031586 vs. 2.7324620839031586
--------
nle(id0,id1,dist): 86 89 3.073064241193848
list:
dist: 3.073064241193848 vs. 3.073064241193848
--------
nle(id0,id1,dist): 90 93 3.047422171432283
list:
dist: 3.047422171432283 vs. 3.047422171432283
--------
nle(id0,id1,dist): 90 94 1.6189315793137864
list:
dist: 1.6189315793137864 vs. 1.6189315793137864
--------
nle(id0,id1,dist): 90 91 1.8220295778120448
list:
dist: 1.8220295778120448 vs. 1.8220295778120448
--------
nle(id0,id1,dist): 90 92 2.706440138425694
list:
dist: 2.706440138425694 vs. 2.706440138425694
--------
nle(id0,id1,dist): 90 106 2.4799151111665707
list:
dist: 2.4799151111665707 vs. 2.4799151111665707
--------
nle(id0,id1,dist): 90 105 2.865990082007382
list:
dist: 2.865990082007382 vs. 2.865990082007382
--------
nle(id0,id1,dist): 90 103 3.0987786742674013
list:
dist: 3.0987786742674013 vs. 3.0987786742674013
--------
nle(id0,id1,dist): 90 110 2.9461923387684523
list:
dist: 2.9461923387684523 vs. 2.9461923387684523
--------
nle(id0,id1,dist): 90 108 2.971785952966452
list:
dist: 2.971785952966452 vs. 2.971785952966452
--------
nle(id0,id1,dist): 90 107 1.6255669739636944
list:
dist: 1.6255669739636944 vs. 1.6255669739636944
--------
nle(id0,id1,dist): 90 97 3.072980933565626
list:
dist: 3.072980933565626 vs. 3.072980933565626
--------
nle(id0,id1,dist): 90 96 2.1411150329947017
list:
dist: 2.1411150329947017 vs. 2.1411150329947017
--------
nle(id0,id1,dist): 90 95 2.192930029854481
list:
dist: 2.192930029854481 vs. 2.192930029854481
--------
nle(id0,id1,dist): 90 101 1.0263549849324412
list:
dist: 1.0263549849324412 vs. 1.0263549849324412
--------
nle(id0,id1,dist): 90 100 1.196383403540518
list:
dist: 1.196383403540518 vs. 1.196383403540518
--------
nle(id0,id1,dist): 90 99 1.5131257084708525
list:
dist: 1.5131257084708525 vs. 1.5131257084708525
--------
nle(id0,id1,dist): 90 119 2.058540622235591
list:
dist: 2.058540622235591 vs. 2.058540622235591
--------
nle(id0,id1,dist): 90 114 3.3827626184407853
list:
dist: 3.3827626184407853 vs. 3.3827626184407853
--------
nle(id0,id1,dist): 90 118 2.5375159279132196
list:
dist: 2.5375159279132196 vs. 2.5375159279132196
--------
nle(id0,id1,dist): 91 99 0.5402933761752392
list:
dist: 0.5402933761752392 vs. 0.5402933761752392
--------
nle(id0,id1,dist): 91 98 2.1577360691255003
list:
dist: 2.1577360691255003 vs. 2.1577360691255003
--------
nle(id0,id1,dist): 91 101 2.303252291312965
list:
dist: 2.303252291312965 vs. 2.303252291312965
--------
nle(id0,id1,dist): 91 100 1.8087483846724002
list:
dist: 1.8087483846724002 vs. 1.8087483846724002
--------
nle(id0,id1,dist): 91 103 2.0969367904219696
list:
dist: 2.0969367904219696 vs. 2.0969367904219696
--------
nle(id0,id1,dist): 91 102 2.015755033907724
list:
dist: 2.015755033907724 vs. 2.015755033907724
--------
nle(id0,id1,dist): 91 105 2.403297878950693
list:
dist: 2.403297878950693 vs. 2.403297878950693
--------
nle(id0,id1,dist): 91 104 1.6396780332937686
list:
dist: 1.6396780332937686 vs. 1.6396780332937686
--------
nle(id0,id1,dist): 91 93 1.7765334885120279
list:
dist: 1.7765334885120279 vs. 1.7765334885120279
--------
nle(id0,id1,dist): 91 92 1.4204878715023956
list:
dist: 1.4204878715023956 vs. 1.4204878715023956
--------
nle(id0,id1,dist): 91 95 1.2318183429446123
list:
dist: 1.2318183429446123 vs. 1.2318183429446123
--------
nle(id0,id1,dist): 91 94 1.6738830580330633
list:
dist: 1.6738830580330633 vs. 1.6738830580330633
--------
nle(id0,id1,dist): 91 97 3.9146045962971043
list:
dist: 3.9146045962971043 vs. 3.9146045962971043
--------
nle(id0,id1,dist): 91 96 1.6978358459704643
list:
dist: 1.6978358459704643 vs. 1.6978358459704643
--------
nle(id0,id1,dist): 88 89 1.4663923358147382
list:
dist: 1.4663923358147382 vs. 1.4663923358147382
--------
nle(id0,id1,dist): 81 82 2.8643133679239607
list:
dist: 2.8643133679239607 vs. 2.8643133679239607
--------
nle(id0,id1,dist): 81 83 3.2481373984036668
list:
dist: 3.2481373984036668 vs. 3.2481373984036668
--------
nle(id0,id1,dist): 81 86 2.9743094037754174
list:
dist: 2.9743094037754174 vs. 2.9743094037754174
--------
nle(id0,id1,dist): 81 87 2.8705010800922
list:
dist: 2.8705010800922 vs. 2.8705010800922
--------
nle(id0,id1,dist): 81 84 2.344963067618909
list:
dist: 2.344963067618909 vs. 2.344963067618909
--------
nle(id0,id1,dist): 81 85 3.6438980840952375
list:
dist: 3.6438980840952375 vs. 3.6438980840952375
--------
nle(id0,id1,dist): 80 85 3.73045145731433
list:
dist: 3.73045145731433 vs. 3.73045145731433
--------
nle(id0,id1,dist): 80 86 3.569154689936682
list:
dist: 3.569154689936682 vs. 3.569154689936682
--------
nle(id0,id1,dist): 80 87 2.50499030868806
list:
dist: 2.50499030868806 vs. 2.50499030868806
--------
nle(id0,id1,dist): 80 81 1.3254808391433046
list:
dist: 1.3254808391433046 vs. 1.3254808391433046
--------
nle(id0,id1,dist): 79 118 2.7278897846857784
list:
dist: 2.7278897846857784 vs. 2.7278897846857784
--------
nle(id0,id1,dist): 79 119 2.356254002489872
list:
dist: 2.356254002489872 vs. 2.356254002489872
--------
nle(id0,id1,dist): 80 82 1.8839945139381367
list:
dist: 1.8839945139381367 vs. 1.8839945139381367
--------
nle(id0,id1,dist): 80 83 3.694471165683963
list:
dist: 3.694471165683963 vs. 3.694471165683963
--------
nle(id0,id1,dist): 80 84 1.5600529894265067
list:
dist: 1.5600529894265067 vs. 1.5600529894265067
--------
nle(id0,id1,dist): 79 107 3.1378269302857937
list:
dist: 3.1378269302857937 vs. 3.1378269302857937
--------
nle(id0,id1,dist): 79 106 3.0781296971266006
list:
dist: 3.0781296971266006 vs. 3.0781296971266006
--------
nle(id0,id1,dist): 79 109 1.774783238134687
list:
dist: 1.774783238134687 vs. 1.774783238134687
--------
nle(id0,id1,dist): 79 108 1.942325069748823
list:
dist: 1.942325069748823 vs. 1.942325069748823
--------
nle(id0,id1,dist): 79 103 3.200206945287643
list:
dist: 3.200206945287643 vs. 3.200206945287643
--------
nle(id0,id1,dist): 79 102 1.7893694390520045
list:
dist: 1.7893694390520045 vs. 1.7893694390520045
--------
nle(id0,id1,dist): 79 105 3.7503757792307213
list:
dist: 3.7503757792307213 vs. 3.7503757792307213
--------
nle(id0,id1,dist): 79 104 1.6346399132988945
list:
dist: 1.6346399132988945 vs. 1.6346399132988945
--------
nle(id0,id1,dist): 79 114 2.129869367140655
list:
dist: 2.129869367140655 vs. 2.129869367140655
--------
nle(id0,id1,dist): 79 117 2.006204982883691
list:
dist: 2.006204982883691 vs. 2.006204982883691
--------
nle(id0,id1,dist): 79 116 2.2100021953465547
list:
dist: 2.2100021953465547 vs. 2.2100021953465547
--------
nle(id0,id1,dist): 79 111 0.9748427682607737
list:
dist: 0.9748427682607737 vs. 0.9748427682607737
--------
nle(id0,id1,dist): 79 110 2.01008661332917
list:
dist: 2.01008661332917 vs. 2.01008661332917
--------
nle(id0,id1,dist): 79 113 1.3260566167918524
list:
dist: 1.3260566167918524 vs. 1.3260566167918524
--------
nle(id0,id1,dist): 79 112 1.687078884886891
list:
dist: 1.687078884886891 vs. 1.687078884886891
--------
nle(id0,id1,dist): 79 92 2.6844379223072883
list:
dist: 2.6844379223072883 vs. 2.6844379223072883
--------
nle(id0,id1,dist): 79 93 2.519776315987402
list:
dist: 2.519776315987402 vs. 2.519776315987402
--------
nle(id0,id1,dist): 79 91 2.3882080608462304
list:
dist: 2.3882080608462304 vs. 2.3882080608462304
--------
nle(id0,id1,dist): 79 96 3.361470527114879
list:
dist: 3.361470527114879 vs. 3.361470527114879
--------
nle(id0,id1,dist): 79 95 2.353445365214346
list:
dist: 2.353445365214346 vs. 2.353445365214346
--------
nle(id0,id1,dist): 79 98 1.15461760722423
list:
dist: 1.15461760722423 vs. 1.15461760722423
--------
nle(id0,id1,dist): 79 99 2.6321626169780616
list:
dist: 2.6321626169780616 vs. 2.6321626169780616
--------
nle(id0,id1,dist): 78 80 2.5489310982768525
list:
dist: 2.5489310982768525 vs. 2.5489310982768525
--------
nle(id0,id1,dist): 78 81 2.341382527643425
list:
dist: 2.341382527643425 vs. 2.341382527643425
--------
nle(id0,id1,dist): 78 83 1.264822702276159
list:
dist: 1.264822702276159 vs. 1.264822702276159
--------
nle(id0,id1,dist): 78 86 2.473500589754159
list:
dist: 2.473500589754159 vs. 2.473500589754159
--------
nle(id0,id1,dist): 78 85 1.3025759546403937
list:
dist: 1.3025759546403937 vs. 1.3025759546403937
--------
nle(id0,id1,dist): 78 88 2.0618315314032376
list:
dist: 2.0618315314032376 vs. 2.0618315314032376
--------
nle(id0,id1,dist): 78 87 1.162409824335735
list:
dist: 1.162409824335735 vs. 1.162409824335735
--------
nle(id0,id1,dist): 78 89 3.290173176910964
list:
dist: 3.290173176910964 vs. 3.290173176910964
--------
nle(id0,id1,dist): 83 86 2.1229300138779
list:
dist: 2.1229300138779 vs. 2.1229300138779
--------
nle(id0,id1,dist): 83 87 2.0445995554821534
list:
dist: 2.0445995554821534 vs. 2.0445995554821534
--------
nle(id0,id1,dist): 83 88 0.8938225976270845
list:
dist: 0.8938225976270845 vs. 0.8938225976270845
--------
nle(id0,id1,dist): 83 89 2.0915762519954835
list:
dist: 2.0915762519954835 vs. 2.0915762519954835
--------
nle(id0,id1,dist): 83 85 1.1553782270410342
list:
dist: 1.1553782270410342 vs. 1.1553782270410342
--------
nle(id0,id1,dist): 82 84 1.1456195038430634
list:
dist: 1.1456195038430634 vs. 1.1456195038430634
--------
nle(id0,id1,dist): 74 75 3.6876176384826933
list:
dist: 3.6876176384826933 vs. 3.6876176384826933
--------
nle(id0,id1,dist): 74 78 3.2701918214826957
list:
dist: 3.2701918214826957 vs. 3.2701918214826957
--------
nle(id0,id1,dist): 74 77 2.596669967999103
list:
dist: 2.596669967999103 vs. 2.596669967999103
--------
nle(id0,id1,dist): 74 83 3.5066383032580206
list:
dist: 3.5066383032580206 vs. 3.5066383032580206
--------
nle(id0,id1,dist): 74 85 2.4052242241862105
list:
dist: 2.4052242241862105 vs. 2.4052242241862105
--------
nle(id0,id1,dist): 74 87 2.967978998935955
list:
dist: 2.967978998935955 vs. 2.967978998935955
--------
nle(id0,id1,dist): 74 88 3.432230521845693
list:
dist: 3.432230521845693 vs. 3.432230521845693
--------
nle(id0,id1,dist): 74 89 4.3020261276484035
list:
dist: 4.3020261276484035 vs. 4.3020261276484035
--------
nle(id0,id1,dist): 73 82 2.779967772720205
list:
dist: 2.779967772720205 vs. 2.779967772720205
--------
nle(id0,id1,dist): 72 74 2.6003336912676507
list:
dist: 2.6003336912676507 vs. 2.6003336912676507
--------
nle(id0,id1,dist): 72 76 3.5191087374605847
list:
dist: 3.5191087374605847 vs. 3.5191087374605847
--------
nle(id0,id1,dist): 72 75 2.0131723559460295
list:
dist: 2.0131723559460295 vs. 2.0131723559460295
--------
nle(id0,id1,dist): 72 78 0.9728582749012592
list:
dist: 0.9728582749012592 vs. 0.9728582749012592
--------
nle(id0,id1,dist): 72 77 0.0643199773464602
list:
dist: 0.0643199773464602 vs. 0.0643199773464602
--------
nle(id0,id1,dist): 72 80 2.841188885765264
list:
dist: 2.841188885765264 vs. 2.841188885765264
--------
nle(id0,id1,dist): 72 81 2.767664407003064
list:
dist: 2.767664407003064 vs. 2.767664407003064
--------
nle(id0,id1,dist): 72 83 1.8614133118060097
list:
dist: 1.8614133118060097 vs. 1.8614133118060097
--------
nle(id0,id1,dist): 72 86 3.429116304934344
list:
dist: 3.429116304934344 vs. 3.429116304934344
--------
nle(id0,id1,dist): 72 85 1.4062070999416005
list:
dist: 1.4062070999416005 vs. 1.4062070999416005
--------
nle(id0,id1,dist): 72 88 2.399085535871997
list:
dist: 2.399085535871997 vs. 2.399085535871997
--------
nle(id0,id1,dist): 72 87 1.46798219835599
list:
dist: 1.46798219835599 vs. 1.46798219835599
--------
nle(id0,id1,dist): 72 89 3.7552895486403117
list:
dist: 3.7552895486403117 vs. 3.7552895486403117
--------
nle(id0,id1,dist): 71 81 2.1977445542002125
list:
dist: 2.1977445542002125 vs. 2.1977445542002125
--------
nle(id0,id1,dist): 71 80 2.1328525768220845
list:
dist: 2.1328525768220845 vs. 2.1328525768220845
--------
nle(id0,id1,dist): 71 78 1.6647992567072245
list:
dist: 1.6647992567072245 vs. 1.6647992567072245
--------
nle(id0,id1,dist): 71 85 2.531707920807594
list:
dist: 2.531707920807594 vs. 2.531707920807594
--------
nle(id0,id1,dist): 71 84 2.68534085679618
list:
dist: 2.68534085679618 vs. 2.68534085679618
--------
nle(id0,id1,dist): 71 83 2.8148116738595044
list:
dist: 2.8148116738595044 vs. 2.8148116738595044
--------
nle(id0,id1,dist): 71 82 2.2783399996435416
list:
dist: 2.2783399996435416 vs. 2.2783399996435416
--------
nle(id0,id1,dist): 71 87 1.9909110303561453
list:
dist: 1.9909110303561453 vs. 1.9909110303561453
--------
nle(id0,id1,dist): 77 88 2.3650745674220737
list:
dist: 2.3650745674220737 vs. 2.3650745674220737
--------
nle(id0,id1,dist): 77 89 3.7309999881113725
list:
dist: 3.7309999881113725 vs. 3.7309999881113725
--------
nle(id0,id1,dist): 77 85 1.3976783232977303
list:
dist: 1.3976783232977303 vs. 1.3976783232977303
--------
nle(id0,id1,dist): 77 86 3.434464894142629
list:
dist: 3.434464894142629 vs. 3.434464894142629
--------
nle(id0,id1,dist): 77 87 1.5198102740536816
list:
dist: 1.5198102740536816 vs. 1.5198102740536816
--------
nle(id0,id1,dist): 77 80 2.889183935865417
list:
dist: 2.889183935865417 vs. 2.889183935865417
--------
nle(id0,id1,dist): 77 81 2.791533409359539
list:
dist: 2.791533409359539 vs. 2.791533409359539
--------
nle(id0,id1,dist): 77 83 1.8409650260216117
list:
dist: 1.8409650260216117 vs. 1.8409650260216117
--------
nle(id0,id1,dist): 76 89 3.717871321516328
list:
dist: 3.717871321516328 vs. 3.717871321516328
--------
nle(id0,id1,dist): 76 87 3.5126919019489513
list:
dist: 3.5126919019489513 vs. 3.5126919019489513
--------
nle(id0,id1,dist): 76 88 3.0899929490803544
list:
dist: 3.0899929490803544 vs. 3.0899929490803544
--------
nle(id0,id1,dist): 76 85 3.509536280092053
list:
dist: 3.509536280092053 vs. 3.509536280092053
--------
nle(id0,id1,dist): 76 86 1.1918719941091638
list:
dist: 1.1918719941091638 vs. 1.1918719941091638
--------
nle(id0,id1,dist): 77 78 0.98959674081187
list:
dist: 0.98959674081187 vs. 0.98959674081187
--------
nle(id0,id1,dist): 76 78 2.68136809532081
list:
dist: 2.68136809532081 vs. 2.68136809532081
--------
nle(id0,id1,dist): 76 77 3.5140084555526627
list:
dist: 3.5140084555526627 vs. 3.5140084555526627
--------
nle(id0,id1,dist): 76 80 3.5112234169279857
list:
dist: 3.5112234169279857 vs. 3.5112234169279857
--------
nle(id0,id1,dist): 76 81 2.525512728486989
list:
dist: 2.525512728486989 vs. 2.525512728486989
--------
nle(id0,id1,dist): 76 83 2.473964871581806
list:
dist: 2.473964871581806 vs. 2.473964871581806
--------
nle(id0,id1,dist): 75 85 1.3930768540367833
list:
dist: 1.3930768540367833 vs. 1.3930768540367833
--------
nle(id0,id1,dist): 75 83 1.074600545523725
list:
dist: 1.074600545523725 vs. 1.074600545523725
--------
nle(id0,id1,dist): 75 89 2.5818130864796123
list:
dist: 2.5818130864796123 vs. 2.5818130864796123
--------
nle(id0,id1,dist): 75 88 1.8170005890313488
list:
dist: 1.8170005890313488 vs. 1.8170005890313488
--------
nle(id0,id1,dist): 75 87 1.3995970664167274
list:
dist: 1.3995970664167274 vs. 1.3995970664167274
--------
nle(id0,id1,dist): 75 86 1.7895775972427375
list:
dist: 1.7895775972427375 vs. 1.7895775972427375
--------
nle(id0,id1,dist): 75 77 2.0279765478356446
list:
dist: 2.0279765478356446 vs. 2.0279765478356446
--------
nle(id0,id1,dist): 75 76 2.4873030716896616
list:
dist: 2.4873030716896616 vs. 2.4873030716896616
--------
nle(id0,id1,dist): 75 81 2.9589567958176906
list:
dist: 2.9589567958176906 vs. 2.9589567958176906
--------
nle(id0,id1,dist): 75 80 3.113703069263605
list:
dist: 3.113703069263605 vs. 3.113703069263605
--------
nle(id0,id1,dist): 75 78 1.1565923807487202
list:
dist: 1.1565923807487202 vs. 1.1565923807487202
--------
nle(id0,id1,dist): 120 145 2.801240571899686
list:
dist: 2.801240571899686 vs. 2.801240571899686
--------
nle(id0,id1,dist): 120 146 3.3233755955044297
list:
dist: 3.3233755955044297 vs. 3.3233755955044297
--------
nle(id0,id1,dist): 120 148 4.427526677429239
list:
dist: 4.427526677429239 vs. 4.427526677429239
--------
nle(id0,id1,dist): 120 131 2.7983416706350925
list:
dist: 2.7983416706350925 vs. 2.7983416706350925
--------
nle(id0,id1,dist): 120 122 2.58953564631289
list:
dist: 2.58953564631289 vs. 2.58953564631289
--------
nle(id0,id1,dist): 120 124 2.399324357173241
list:
dist: 2.399324357173241 vs. 2.399324357173241
--------
nle(id0,id1,dist): 120 127 1.6352497858564479
list:
dist: 1.6352497858564479 vs. 1.6352497858564479
--------
nle(id0,id1,dist): 121 142 2.726909313113743
list:
dist: 2.726909313113743 vs. 2.726909313113743
--------
nle(id0,id1,dist): 121 143 2.584155642410954
list:
dist: 2.584155642410954 vs. 2.584155642410954
--------
nle(id0,id1,dist): 121 141 0.8795645275198374
list:
dist: 0.8795645275198374 vs. 0.8795645275198374
--------
nle(id0,id1,dist): 121 147 1.9507928559163918
list:
dist: 1.9507928559163918 vs. 1.9507928559163918
--------
nle(id0,id1,dist): 121 145 2.1539738486834406
list:
dist: 2.1539738486834406 vs. 2.1539738486834406
--------
nle(id0,id1,dist): 121 135 3.349826864583023
list:
dist: 3.349826864583023 vs. 3.349826864583023
--------
nle(id0,id1,dist): 121 132 3.9308106643410334
list:
dist: 3.9308106643410334 vs. 3.9308106643410334
--------
nle(id0,id1,dist): 121 133 2.255710627090875
list:
dist: 2.255710627090875 vs. 2.255710627090875
--------
nle(id0,id1,dist): 121 139 3.1360301564979203
list:
dist: 3.1360301564979203 vs. 3.1360301564979203
--------
nle(id0,id1,dist): 121 136 3.5714875441768603
list:
dist: 3.5714875441768603 vs. 3.5714875441768603
--------
nle(id0,id1,dist): 121 127 2.140534616988351
list:
dist: 2.140534616988351 vs. 2.140534616988351
--------
nle(id0,id1,dist): 121 126 1.8755550270068255
list:
dist: 1.8755550270068255 vs. 1.8755550270068255
--------
nle(id0,id1,dist): 121 125 1.0112711939953067
list:
dist: 1.0112711939953067 vs. 1.0112711939953067
--------
nle(id0,id1,dist): 121 131 3.339770947693628
list:
dist: 3.339770947693628 vs. 3.339770947693628
--------
nle(id0,id1,dist): 121 130 3.0557623496182975
list:
dist: 3.0557623496182975 vs. 3.0557623496182975
--------
nle(id0,id1,dist): 121 129 3.328138970641534
list:
dist: 3.328138970641534 vs. 3.328138970641534
--------
nle(id0,id1,dist): 121 128 1.9315567369760958
list:
dist: 1.9315567369760958 vs. 1.9315567369760958
--------
nle(id0,id1,dist): 121 122 2.5024843661866694
list:
dist: 2.5024843661866694 vs. 2.5024843661866694
--------
nle(id0,id1,dist): 122 131 4.137880292536717
list:
dist: 4.137880292536717 vs. 4.137880292536717
--------
nle(id0,id1,dist): 122 128 4.346912748976996
list:
dist: 4.346912748976996 vs. 4.346912748976996
--------
nle(id0,id1,dist): 122 127 1.6765298377080815
list:
dist: 1.6765298377080815 vs. 1.6765298377080815
--------
nle(id0,id1,dist): 122 141 2.518096914524589
list:
dist: 2.518096914524589 vs. 2.518096914524589
--------
nle(id0,id1,dist): 122 124 2.5812530045669364
list:
dist: 2.5812530045669364 vs. 2.5812530045669364
--------
nle(id0,id1,dist): 122 125 3.51087080062716
list:
dist: 3.51087080062716 vs. 3.51087080062716
--------
nle(id0,id1,dist): 123 129 4.532818794901349
list:
dist: 4.532818794901349 vs. 4.532818794901349
--------
nle(id0,id1,dist): 123 124 2.4357663604356325
list:
dist: 2.4357663604356325 vs. 2.4357663604356325
--------
nle(id0,id1,dist): 123 136 5.1621287713006705
list:
dist: 5.1621287713006705 vs. 5.1621287713006705
--------
nle(id0,id1,dist): 123 132 4.499324086916174
list:
dist: 4.499324086916174 vs. 4.499324086916174
--------
nle(id0,id1,dist): 123 131 3.7612820497492008
list:
dist: 3.7612820497492008 vs. 3.7612820497492008
--------
nle(id0,id1,dist): 123 130 3.8980681020927634
list:
dist: 3.8980681020927634 vs. 3.8980681020927634
--------
nle(id0,id1,dist): 122 147 4.402855272628728
list:
dist: 4.402855272628728 vs. 4.402855272628728
--------
nle(id0,id1,dist): 122 145 3.236416668758677
list:
dist: 3.236416668758677 vs. 3.236416668758677
--------
nle(id0,id1,dist): 124 127 2.373290036731282
list:
dist: 2.373290036731282 vs. 2.373290036731282
--------
nle(id0,id1,dist): 124 130 3.3539827787752623
list:
dist: 3.3539827787752623 vs. 3.3539827787752623
--------
nle(id0,id1,dist): 124 129 4.187207747583652
list:
dist: 4.187207747583652 vs. 4.187207747583652
--------
nle(id0,id1,dist): 124 132 4.51751785607914
list:
dist: 4.51751785607914 vs. 4.51751785607914
--------
nle(id0,id1,dist): 124 131 3.2513332018826
list:
dist: 3.2513332018826 vs. 3.2513332018826
--------
nle(id0,id1,dist): 123 145 5.011365170895889
list:
dist: 5.011365170895889 vs. 5.011365170895889
--------
nle(id0,id1,dist): 125 127 2.9306406503113767
list:
dist: 2.9306406503113767 vs. 2.9306406503113767
--------
nle(id0,id1,dist): 125 126 1.1401466010209562
list:
dist: 1.1401466010209562 vs. 1.1401466010209562
--------
nle(id0,id1,dist): 124 136 4.858222284699327
list:
dist: 4.858222284699327 vs. 4.858222284699327
--------
nle(id0,id1,dist): 124 145 3.6015132398407297
list:
dist: 3.6015132398407297 vs. 3.6015132398407297
--------
nle(id0,id1,dist): 112 119 1.8511450799662927
list:
dist: 1.8511450799662927 vs. 1.8511450799662927
--------
nle(id0,id1,dist): 112 117 3.1571901785218155
list:
dist: 3.1571901785218155 vs. 3.1571901785218155
--------
nle(id0,id1,dist): 112 118 1.7169851936637401
list:
dist: 1.7169851936637401 vs. 1.7169851936637401
--------
nle(id0,id1,dist): 112 116 3.523876033677015
list:
dist: 3.523876033677015 vs. 3.523876033677015
--------
nle(id0,id1,dist): 112 113 2.2941242140031104
list:
dist: 2.2941242140031104 vs. 2.2941242140031104
--------
nle(id0,id1,dist): 112 114 2.432160438027776
list:
dist: 2.432160438027776 vs. 2.432160438027776
--------
nle(id0,id1,dist): 113 116 2.4919047044994582
list:
dist: 2.4919047044994582 vs. 2.4919047044994582
--------
nle(id0,id1,dist): 113 117 1.4730851949187647
list:
dist: 1.4730851949187647 vs. 1.4730851949187647
--------
nle(id0,id1,dist): 113 118 3.4156584758394204
list:
dist: 3.4156584758394204 vs. 3.4156584758394204
--------
nle(id0,id1,dist): 113 119 1.9406454494707293
list:
dist: 1.9406454494707293 vs. 1.9406454494707293
--------
nle(id0,id1,dist): 113 114 2.8365818127609694
list:
dist: 2.8365818127609694 vs. 2.8365818127609694
--------
nle(id0,id1,dist): 113 115 2.111181000763813
list:
dist: 2.111181000763813 vs. 2.111181000763813
--------
nle(id0,id1,dist): 114 117 2.3957285338245504
list:
dist: 2.3957285338245504 vs. 2.3957285338245504
--------
nle(id0,id1,dist): 114 118 1.8027329317877903
list:
dist: 1.8027329317877903 vs. 1.8027329317877903
--------
nle(id0,id1,dist): 114 115 3.0937855864092008
list:
dist: 3.0937855864092008 vs. 3.0937855864092008
--------
nle(id0,id1,dist): 114 116 1.928536878548782
list:
dist: 1.928536878548782 vs. 1.928536878548782
--------
nle(id0,id1,dist): 114 119 2.623263751322249
list:
dist: 2.623263751322249 vs. 2.623263751322249
--------
nle(id0,id1,dist): 115 116 1.4802694408612962
list:
dist: 1.4802694408612962 vs. 1.4802694408612962
--------
nle(id0,id1,dist): 115 117 1.004539841998749
list:
dist: 1.004539841998749 vs. 1.004539841998749
--------
nle(id0,id1,dist): 116 117 1.434451804583979
list:
dist: 1.434451804583979 vs. 1.434451804583979
--------
nle(id0,id1,dist): 116 118 3.615647217918581
list:
dist: 3.615647217918581 vs. 3.615647217918581
--------
nle(id0,id1,dist): 116 119 3.3723126423299656
list:
dist: 3.3723126423299656 vs. 3.3723126423299656
--------
nle(id0,id1,dist): 117 118 3.616302956012354
list:
dist: 3.616302956012354 vs. 3.616302956012354
--------
nle(id0,id1,dist): 117 119 2.435526391518613
list:
dist: 2.435526391518613 vs. 2.435526391518613
--------
nle(id0,id1,dist): 118 119 2.366488508989207
list:
dist: 2.366488508989207 vs. 2.366488508989207
--------
nle(id0,id1,dist): 106 119 1.5288909062963385
list:
dist: 1.5288909062963385 vs. 1.5288909062963385
--------
nle(id0,id1,dist): 106 113 2.3325556276341635
list:
dist: 2.3325556276341635 vs. 2.3325556276341635
--------
nle(id0,id1,dist): 106 114 2.9018250670278247
list:
dist: 2.9018250670278247 vs. 2.9018250670278247
--------
nle(id0,id1,dist): 106 111 3.4183437398145373
list:
dist: 3.4183437398145373 vs. 3.4183437398145373
--------
nle(id0,id1,dist): 106 112 3.217611928794969
list:
dist: 3.217611928794969 vs. 3.217611928794969
--------
nle(id0,id1,dist): 106 117 1.9579228978015428
list:
dist: 1.9579228978015428 vs. 1.9579228978015428
--------
nle(id0,id1,dist): 106 118 3.3476179434286757
list:
dist: 3.3476179434286757 vs. 3.3476179434286757
--------
nle(id0,id1,dist): 106 115 2.8165852642560045
list:
dist: 2.8165852642560045 vs. 2.8165852642560045
--------
nle(id0,id1,dist): 106 116 3.067849804138478
list:
dist: 3.067849804138478 vs. 3.067849804138478
--------
nle(id0,id1,dist): 106 110 2.2667075348404926
list:
dist: 2.2667075348404926 vs. 2.2667075348404926
--------
nle(id0,id1,dist): 106 109 2.1155920264768633
list:
dist: 2.1155920264768633 vs. 2.1155920264768633
--------
nle(id0,id1,dist): 106 108 1.581976990808124
list:
dist: 1.581976990808124 vs. 1.581976990808124
--------
nle(id0,id1,dist): 106 107 2.2138533388998765
list:
dist: 2.2138533388998765 vs. 2.2138533388998765
--------
nle(id0,id1,dist): 105 117 3.3441406124077635
list:
dist: 3.3441406124077635 vs. 3.3441406124077635
--------
nle(id0,id1,dist): 105 119 1.834263774936123
list:
dist: 1.834263774936123 vs. 1.834263774936123
--------
nle(id0,id1,dist): 105 109 2.504257613101587
list:
dist: 2.504257613101587 vs. 2.504257613101587
--------
nle(id0,id1,dist): 105 108 1.8374961641659404
list:
dist: 1.8374961641659404 vs. 1.8374961641659404
--------
nle(id0,id1,dist): 105 113 2.760891282982343
list:
dist: 2.760891282982343 vs. 2.760891282982343
--------
nle(id0,id1,dist): 105 112 3.4088452101817146
list:
dist: 3.4088452101817146 vs. 3.4088452101817146
--------
nle(id0,id1,dist): 105 115 4.13058911164598
list:
dist: 4.13058911164598 vs. 4.13058911164598
--------
nle(id0,id1,dist): 105 106 2.0172811234092882
list:
dist: 2.0172811234092882 vs. 2.0172811234092882
--------
nle(id0,id1,dist): 108 115 2.742580175898794
list:
dist: 2.742580175898794 vs. 2.742580175898794
--------
nle(id0,id1,dist): 108 116 3.002717705320932
list:
dist: 3.002717705320932 vs. 3.002717705320932
--------
nle(id0,id1,dist): 108 113 1.0877375478566336
list:
dist: 1.0877375478566336 vs. 1.0877375478566336
--------
nle(id0,id1,dist): 108 114 2.814511153441539
list:
dist: 2.814511153441539 vs. 2.814511153441539
--------
nle(id0,id1,dist): 108 111 2.652186928621455
list:
dist: 2.652186928621455 vs. 2.652186928621455
--------
nle(id0,id1,dist): 108 112 2.0857049669612895
list:
dist: 2.0857049669612895 vs. 2.0857049669612895
--------
nle(id0,id1,dist): 108 109 1.031973060054269
list:
dist: 1.031973060054269 vs. 1.031973060054269
--------
nle(id0,id1,dist): 108 110 2.2695691576278265
list:
dist: 2.2695691576278265 vs. 2.2695691576278265
--------
nle(id0,id1,dist): 107 118 1.5734424664725914
list:
dist: 1.5734424664725914 vs. 1.5734424664725914
--------
nle(id0,id1,dist): 107 119 1.9258724810050034
list:
dist: 1.9258724810050034 vs. 1.9258724810050034
--------
nle(id0,id1,dist): 107 114 1.8232413311076137
list:
dist: 1.8232413311076137 vs. 1.8232413311076137
--------
nle(id0,id1,dist): 107 115 3.9865826127315667
list:
dist: 3.9865826127315667 vs. 3.9865826127315667
--------
nle(id0,id1,dist): 107 116 3.3097770132363977
list:
dist: 3.3097770132363977 vs. 3.3097770132363977
--------
nle(id0,id1,dist): 107 117 3.0538156118470594
list:
dist: 3.0538156118470594 vs. 3.0538156118470594
--------
nle(id0,id1,dist): 107 110 1.4742963703027046
list:
dist: 1.4742963703027046 vs. 1.4742963703027046
--------
nle(id0,id1,dist): 107 111 3.2744246708167353
list:
dist: 3.2744246708167353 vs. 3.2744246708167353
--------
nle(id0,id1,dist): 107 112 2.5935027612053188
list:
dist: 2.5935027612053188 vs. 2.5935027612053188
--------
nle(id0,id1,dist): 107 113 3.3080739767279206
list:
dist: 3.3080739767279206 vs. 3.3080739767279206
--------
nle(id0,id1,dist): 107 108 2.6427241342585392
list:
dist: 2.6427241342585392 vs. 2.6427241342585392
--------
nle(id0,id1,dist): 107 109 3.40887890583953
list:
dist: 3.40887890583953 vs. 3.40887890583953
--------
nle(id0,id1,dist): 109 114 3.092102196133059
list:
dist: 3.092102196133059 vs. 3.092102196133059
--------
nle(id0,id1,dist): 109 115 2.0217144253902335
list:
dist: 2.0217144253902335 vs. 2.0217144253902335
--------
nle(id0,id1,dist): 109 112 2.644056970794909
list:
dist: 2.644056970794909 vs. 2.644056970794909
--------
nle(id0,id1,dist): 109 113 0.4619449147806782
list:
dist: 0.4619449147806782 vs. 0.4619449147806782
--------
nle(id0,id1,dist): 109 118 3.6953338703889074
list:
dist: 3.6953338703889074 vs. 3.6953338703889074
--------
nle(id0,id1,dist): 109 119 1.9632499397622825
list:
dist: 1.9632499397622825 vs. 1.9632499397622825
--------
nle(id0,id1,dist): 109 116 2.6345344696241964
list:
dist: 2.6345344696241964 vs. 2.6345344696241964
--------
nle(id0,id1,dist): 109 117 1.4099368091346263
list:
dist: 1.4099368091346263 vs. 1.4099368091346263
--------
nle(id0,id1,dist): 109 111 2.3819052590662517
list:
dist: 2.3819052590662517 vs. 2.3819052590662517
--------
nle(id0,id1,dist): 109 110 2.6294613322132596
list:
dist: 2.6294613322132596 vs. 2.6294613322132596
--------
nle(id0,id1,dist): 108 117 1.853569264554024
list:
dist: 1.853569264554024 vs. 1.853569264554024
--------
nle(id0,id1,dist): 108 118 2.9978580510682242
list:
dist: 2.9978580510682242 vs. 2.9978580510682242
--------
nle(id0,id1,dist): 108 119 0.9499856105551083
list:
dist: 0.9499856105551083 vs. 0.9499856105551083
--------
nle(id0,id1,dist): 111 119 3.001000894631057
list:
dist: 3.001000894631057 vs. 3.001000894631057
--------
nle(id0,id1,dist): 111 118 2.921918611205556
list:
dist: 2.921918611205556 vs. 2.921918611205556
--------
nle(id0,id1,dist): 111 116 1.5401845641750969
list:
dist: 1.5401845641750969 vs. 1.5401845641750969
--------
nle(id0,id1,dist): 111 117 2.0035851561848634
list:
dist: 2.0035851561848634 vs. 2.0035851561848634
--------
nle(id0,id1,dist): 111 114 1.7775082408817262
list:
dist: 1.7775082408817262 vs. 1.7775082408817262
--------
nle(id0,id1,dist): 111 115 2.373568099686378
list:
dist: 2.373568099686378 vs. 2.373568099686378
--------
nle(id0,id1,dist): 111 112 2.3928865217544626
list:
dist: 2.3928865217544626 vs. 2.3928865217544626
--------
nle(id0,id1,dist): 111 113 2.0045628816494054
list:
dist: 2.0045628816494054 vs. 2.0045628816494054
--------
nle(id0,id1,dist): 110 111 1.8826163544750212
list:
dist: 1.8826163544750212 vs. 1.8826163544750212
--------
nle(id0,id1,dist): 110 112 2.2725679859631844
list:
dist: 2.2725679859631844 vs. 2.2725679859631844
--------
nle(id0,id1,dist): 110 113 2.4332474984324244
list:
dist: 2.4332474984324244 vs. 2.4332474984324244
--------
nle(id0,id1,dist): 110 114 0.6390683342054098
list:
dist: 0.6390683342054098 vs. 0.6390683342054098
--------
nle(id0,id1,dist): 110 119 2.067867572124716
list:
dist: 2.067867572124716 vs. 2.067867572124716
--------
nle(id0,id1,dist): 110 115 2.8136634383328545
list:
dist: 2.8136634383328545 vs. 2.8136634383328545
--------
nle(id0,id1,dist): 110 116 1.9142596743164708
list:
dist: 1.9142596743164708 vs. 1.9142596743164708
--------
nle(id0,id1,dist): 110 117 1.9864072397511736
list:
dist: 1.9864072397511736 vs. 1.9864072397511736
--------
nle(id0,id1,dist): 110 118 1.8341167017001196
list:
dist: 1.8341167017001196 vs. 1.8341167017001196
--------
nle(id0,id1,dist): 99 107 1.0174188168650262
list:
dist: 1.0174188168650262 vs. 1.0174188168650262
--------
nle(id0,id1,dist): 99 106 1.9225196388323764
list:
dist: 1.9225196388323764 vs. 1.9225196388323764
--------
nle(id0,id1,dist): 99 109 2.7569372874472107
list:
dist: 2.7569372874472107 vs. 2.7569372874472107
--------
nle(id0,id1,dist): 99 108 1.8504622994844566
list:
dist: 1.8504622994844566 vs. 1.8504622994844566
--------
nle(id0,id1,dist): 99 111 3.0620108813962656
list:
dist: 3.0620108813962656 vs. 3.0620108813962656
--------
nle(id0,id1,dist): 99 110 1.6567885818206631
list:
dist: 1.6567885818206631 vs. 1.6567885818206631
--------
nle(id0,id1,dist): 99 113 2.6498463495485045
list:
dist: 2.6498463495485045 vs. 2.6498463495485045
--------
nle(id0,id1,dist): 99 112 1.8600630091795902
list:
dist: 1.8600630091795902 vs. 1.8600630091795902
--------
nle(id0,id1,dist): 99 101 2.048240530095832
list:
dist: 2.048240530095832 vs. 2.048240530095832
--------
nle(id0,id1,dist): 99 100 1.7857028999580287
list:
dist: 1.7857028999580287 vs. 1.7857028999580287
--------
nle(id0,id1,dist): 99 103 2.551917843269984
list:
dist: 2.551917843269984 vs. 2.551917843269984
--------
nle(id0,id1,dist): 99 102 2.159417570355074
list:
dist: 2.159417570355074 vs. 2.159417570355074
--------
nle(id0,id1,dist): 99 105 2.677705343556391
list:
dist: 2.677705343556391 vs. 2.677705343556391
--------
nle(id0,id1,dist): 99 104 2.135466335674446
list:
dist: 2.135466335674446 vs. 2.135466335674446
--------
nle(id0,id1,dist): 99 114 2.1240165726334705
list:
dist: 2.1240165726334705 vs. 2.1240165726334705
--------
nle(id0,id1,dist): 99 116 3.399300408637702
list:
dist: 3.399300408637702 vs. 3.399300408637702
--------
nle(id0,id1,dist): 99 117 2.8275860929678713
list:
dist: 2.8275860929678713 vs. 2.8275860929678713
--------
nle(id0,id1,dist): 99 118 1.562047173149987
list:
dist: 1.562047173149987 vs. 1.562047173149987
--------
nle(id0,id1,dist): 99 119 1.008507480751836
list:
dist: 1.008507480751836 vs. 1.008507480751836
--------
nle(id0,id1,dist): 98 114 1.6033656541097183
list:
dist: 1.6033656541097183 vs. 1.6033656541097183
--------
nle(id0,id1,dist): 98 113 1.4841850671320573
list:
dist: 1.4841850671320573 vs. 1.4841850671320573
--------
nle(id0,id1,dist): 98 112 2.4124466855240887
list:
dist: 2.4124466855240887 vs. 2.4124466855240887
--------
nle(id0,id1,dist): 98 111 0.9814103609894356
list:
dist: 0.9814103609894356 vs. 0.9814103609894356
--------
nle(id0,id1,dist): 98 118 2.850796505728095
list:
dist: 2.850796505728095 vs. 2.850796505728095
--------
nle(id0,id1,dist): 98 117 1.0991141175835546
list:
dist: 1.0991141175835546 vs. 1.0991141175835546
--------
nle(id0,id1,dist): 98 116 1.1866101398422797
list:
dist: 1.1866101398422797 vs. 1.1866101398422797
--------
nle(id0,id1,dist): 98 115 1.7479731207354714
list:
dist: 1.7479731207354714 vs. 1.7479731207354714
--------
nle(id0,id1,dist): 98 106 2.483616682938056
list:
dist: 2.483616682938056 vs. 2.483616682938056
--------
nle(id0,id1,dist): 98 105 3.740186986226369
list:
dist: 3.740186986226369 vs. 3.740186986226369
--------
nle(id0,id1,dist): 98 104 1.3082444149866945
list:
dist: 1.3082444149866945 vs. 1.3082444149866945
--------
nle(id0,id1,dist): 98 103 2.920042868548768
list:
dist: 2.920042868548768 vs. 2.920042868548768
--------
nle(id0,id1,dist): 98 110 1.384370311662651
list:
dist: 1.384370311662651 vs. 1.384370311662651
--------
nle(id0,id1,dist): 98 109 1.7374433222277799
list:
dist: 1.7374433222277799 vs. 1.7374433222277799
--------
nle(id0,id1,dist): 98 108 1.9615248459862247
list:
dist: 1.9615248459862247 vs. 1.9615248459862247
--------
nle(id0,id1,dist): 98 107 2.734566696815027
list:
dist: 2.734566696815027 vs. 2.734566696815027
--------
nle(id0,id1,dist): 98 119 2.35435778314535
list:
dist: 2.35435778314535 vs. 2.35435778314535
--------
nle(id0,id1,dist): 101 103 3.0896335470390737
list:
dist: 3.0896335470390737 vs. 3.0896335470390737
--------
nle(id0,id1,dist): 101 118 3.117876817891174
list:
dist: 3.117876817891174 vs. 3.117876817891174
--------
nle(id0,id1,dist): 101 119 2.2119519604027302
list:
dist: 2.2119519604027302 vs. 2.2119519604027302
--------
nle(id0,id1,dist): 101 114 4.1349856376083425
list:
dist: 4.1349856376083425 vs. 4.1349856376083425
--------
nle(id0,id1,dist): 101 108 3.071522944657451
list:
dist: 3.071522944657451 vs. 3.071522944657451
--------
nle(id0,id1,dist): 101 110 3.666939917091348
list:
dist: 3.666939917091348 vs. 3.666939917091348
--------
nle(id0,id1,dist): 101 105 2.4787990726523557
list:
dist: 2.4787990726523557 vs. 2.4787990726523557
--------
nle(id0,id1,dist): 101 106 2.8660726666917875
list:
dist: 2.8660726666917875 vs. 2.8660726666917875
--------
nle(id0,id1,dist): 101 107 2.5247836447622243
list:
dist: 2.5247836447622243 vs. 2.5247836447622243
--------
nle(id0,id1,dist): 100 108 2.3980820188998013
list:
dist: 2.3980820188998013 vs. 2.3980820188998013
--------
nle(id0,id1,dist): 100 107 2.3198356093455668
list:
dist: 2.3198356093455668 vs. 2.3198356093455668
--------
nle(id0,id1,dist): 100 106 1.9730209296892949
list:
dist: 1.9730209296892949 vs. 1.9730209296892949
--------
nle(id0,id1,dist): 100 105 1.7312838559697894
list:
dist: 1.7312838559697894 vs. 1.7312838559697894
--------
nle(id0,id1,dist): 100 103 2.178744627965589
list:
dist: 2.178744627965589 vs. 2.178744627965589
--------
nle(id0,id1,dist): 100 101 0.9735759196121292
list:
dist: 0.9735759196121292 vs. 0.9735759196121292
--------
nle(id0,id1,dist): 100 119 1.6618093888890175
list:
dist: 1.6618093888890175 vs. 1.6618093888890175
--------
nle(id0,id1,dist): 100 118 3.2118122430313174
list:
dist: 3.2118122430313174 vs. 3.2118122430313174
--------
nle(id0,id1,dist): 100 114 3.804736529816454
list:
dist: 3.804736529816454 vs. 3.804736529816454
--------
nle(id0,id1,dist): 100 110 3.245842819680122
list:
dist: 3.245842819680122 vs. 3.245842819680122
--------
nle(id0,id1,dist): 102 115 2.728643147290153
list:
dist: 2.728643147290153 vs. 2.728643147290153
--------
nle(id0,id1,dist): 102 116 1.612675599211844
list:
dist: 1.612675599211844 vs. 1.612675599211844
--------
nle(id0,id1,dist): 102 117 2.0408693637203026
list:
dist: 2.0408693637203026 vs. 2.0408693637203026
--------
nle(id0,id1,dist): 102 118 2.0170091473909895
list:
dist: 2.0170091473909895 vs. 2.0170091473909895
--------
nle(id0,id1,dist): 102 119 2.498512764003276
list:
dist: 2.498512764003276 vs. 2.498512764003276
--------
nle(id0,id1,dist): 103 105 1.161619523637634
list:
dist: 1.161619523637634 vs. 1.161619523637634
--------
nle(id0,id1,dist): 103 104 1.6554980908504182
list:
dist: 1.6554980908504182 vs. 1.6554980908504182
--------
nle(id0,id1,dist): 103 106 1.2151398799324475
list:
dist: 1.2151398799324475 vs. 1.2151398799324475
--------
nle(id0,id1,dist): 103 109 1.7330818603101026
list:
dist: 1.7330818603101026 vs. 1.7330818603101026
--------
nle(id0,id1,dist): 103 108 1.3424271427296854
list:
dist: 1.3424271427296854 vs. 1.3424271427296854
--------
nle(id0,id1,dist): 102 106 2.7566053703814526
list:
dist: 2.7566053703814526 vs. 2.7566053703814526
--------
nle(id0,id1,dist): 102 104 2.1251694527771186
list:
dist: 2.1251694527771186 vs. 2.1251694527771186
--------
nle(id0,id1,dist): 102 110 0.5996763770658868
list:
dist: 0.5996763770658868 vs. 0.5996763770658868
--------
nle(id0,id1,dist): 102 109 2.7397526326298123
list:
dist: 2.7397526326298123 vs. 2.7397526326298123
--------
nle(id0,id1,dist): 102 108 2.5593750642961055
list:
dist: 2.5593750642961055 vs. 2.5593750642961055
--------
nle(id0,id1,dist): 102 107 2.0155458255927736
list:
dist: 2.0155458255927736 vs. 2.0155458255927736
--------
nle(id0,id1,dist): 102 114 0.41188314444578966
list:
dist: 0.41188314444578966 vs. 0.41188314444578966
--------
nle(id0,id1,dist): 102 113 2.4769573200921084
list:
dist: 2.4769573200921084 vs. 2.4769573200921084
--------
nle(id0,id1,dist): 102 112 2.3339332510562594
list:
dist: 2.3339332510562594 vs. 2.3339332510562594
--------
nle(id0,id1,dist): 102 111 1.4233989527601902
list:
dist: 1.4233989527601902 vs. 1.4233989527601902
--------
nle(id0,id1,dist): 104 109 0.7481894822836098
list:
dist: 0.7481894822836098 vs. 0.7481894822836098
--------
nle(id0,id1,dist): 104 110 1.9306770843203027
list:
dist: 1.9306770843203027 vs. 1.9306770843203027
--------
nle(id0,id1,dist): 104 111 2.126348775946368
list:
dist: 2.126348775946368 vs. 2.126348775946368
--------
nle(id0,id1,dist): 104 112 2.3530964654081
list:
dist: 2.3530964654081 vs. 2.3530964654081
--------
nle(id0,id1,dist): 104 105 2.478291796942028
list:
dist: 2.478291796942028 vs. 2.478291796942028
--------
nle(id0,id1,dist): 104 106 1.594192453857547
list:
dist: 1.594192453857547 vs. 1.594192453857547
--------
nle(id0,id1,dist): 104 107 2.6914235065798944
list:
dist: 2.6914235065798944 vs. 2.6914235065798944
--------
nle(id0,id1,dist): 104 108 0.788875514256452
list:
dist: 0.788875514256452 vs. 0.788875514256452
--------
nle(id0,id1,dist): 104 117 1.0785334485937956
list:
dist: 1.0785334485937956 vs. 1.0785334485937956
--------
nle(id0,id1,dist): 104 118 3.1065420399158827
list:
dist: 3.1065420399158827 vs. 3.1065420399158827
--------
nle(id0,id1,dist): 104 119 1.498251507516572
list:
dist: 1.498251507516572 vs. 1.498251507516572
--------
nle(id0,id1,dist): 104 113 0.7838426958181535
list:
dist: 0.7838426958181535 vs. 0.7838426958181535
--------
nle(id0,id1,dist): 104 114 2.446222114261702
list:
dist: 2.446222114261702 vs. 2.446222114261702
--------
nle(id0,id1,dist): 104 115 1.9819665342332435
list:
dist: 1.9819665342332435 vs. 1.9819665342332435
--------
nle(id0,id1,dist): 104 116 2.2569940582406174
list:
dist: 2.2569940582406174 vs. 2.2569940582406174
--------
nle(id0,id1,dist): 103 117 2.3062731409648807
list:
dist: 2.3062731409648807 vs. 2.3062731409648807
--------
nle(id0,id1,dist): 103 115 3.0334818622427506
list:
dist: 3.0334818622427506 vs. 3.0334818622427506
--------
nle(id0,id1,dist): 103 112 3.3544376562641087
list:
dist: 3.3544376562641087 vs. 3.3544376562641087
--------
nle(id0,id1,dist): 103 113 2.084727529316913
list:
dist: 2.084727529316913 vs. 2.084727529316913
--------
nle(id0,id1,dist): 103 119 1.704185175170366
list:
dist: 1.704185175170366 vs. 1.704185175170366
--------
nle(id0,id1,dist): 147 149 2.8447766371543968
list:
dist: 2.8447766371543968 vs. 2.8447766371543968
--------
nle(id0,id1,dist): 147 148 3.12229954327208
list:
dist: 3.12229954327208 vs. 3.12229954327208
--------
nle(id0,id1,dist): 148 149 2.6949187905416214
list:
dist: 2.6949187905416214 vs. 2.6949187905416214
--------
nle(id0,id1,dist): 146 147 3.502752517705769
list:
dist: 3.502752517705769 vs. 3.502752517705769
--------
nle(id0,id1,dist): 146 148 1.2624092377318614
list:
dist: 1.2624092377318614 vs. 1.2624092377318614
--------
nle(id0,id1,dist): 146 149 3.6282021301299903
list:
dist: 3.6282021301299903 vs. 3.6282021301299903
--------
nle(id0,id1,dist): 144 148 1.1892283855239147
list:
dist: 1.1892283855239147 vs. 1.1892283855239147
--------
nle(id0,id1,dist): 144 147 2.620886457434926
list:
dist: 2.620886457434926 vs. 2.620886457434926
--------
nle(id0,id1,dist): 144 146 1.7327089163151388
list:
dist: 1.7327089163151388 vs. 1.7327089163151388
--------
nle(id0,id1,dist): 144 145 2.407759410978536
list:
dist: 2.407759410978536 vs. 2.407759410978536
--------
nle(id0,id1,dist): 144 149 1.9295585434741616
list:
dist: 1.9295585434741616 vs. 1.9295585434741616
--------
nle(id0,id1,dist): 145 149 3.994078240057573
list:
dist: 3.994078240057573 vs. 3.994078240057573
--------
nle(id0,id1,dist): 145 148 2.1345126751573806
list:
dist: 2.1345126751573806 vs. 2.1345126751573806
--------
nle(id0,id1,dist): 145 147 2.566394503275181
list:
dist: 2.566394503275181 vs. 2.566394503275181
--------
nle(id0,id1,dist): 145 146 1.6761442489835405
list:
dist: 1.6761442489835405 vs. 1.6761442489835405
--------
nle(id0,id1,dist): 142 149 2.0637987826511623
list:
dist: 2.0637987826511623 vs. 2.0637987826511623
--------
nle(id0,id1,dist): 142 147 1.24708601105786
list:
dist: 1.24708601105786 vs. 1.24708601105786
--------
nle(id0,id1,dist): 142 148 3.029403501895351
list:
dist: 3.029403501895351 vs. 3.029403501895351
--------
nle(id0,id1,dist): 142 145 3.042214559554217
list:
dist: 3.042214559554217 vs. 3.042214559554217
--------
nle(id0,id1,dist): 142 146 3.430188200255373
list:
dist: 3.430188200255373 vs. 3.430188200255373
--------
nle(id0,id1,dist): 142 143 2.1734071285922867
list:
dist: 2.1734071285922867 vs. 2.1734071285922867
--------
nle(id0,id1,dist): 142 144 2.1122429326022445
list:
dist: 2.1122429326022445 vs. 2.1122429326022445
--------
nle(id0,id1,dist): 143 147 1.704319396576774
list:
dist: 1.704319396576774 vs. 1.704319396576774
--------
nle(id0,id1,dist): 141 142 3.2703446331885346
list:
dist: 3.2703446331885346 vs. 3.2703446331885346
--------
nle(id0,id1,dist): 141 143 2.5714209700850352
list:
dist: 2.5714209700850352 vs. 2.5714209700850352
--------
nle(id0,id1,dist): 140 149 1.9602142438776455
list:
dist: 1.9602142438776455 vs. 1.9602142438776455
--------
nle(id0,id1,dist): 141 145 2.71098012109035
list:
dist: 2.71098012109035 vs. 2.71098012109035
--------
nle(id0,id1,dist): 141 147 2.2643441188773945
list:
dist: 2.2643441188773945 vs. 2.2643441188773945
--------
nle(id0,id1,dist): 139 144 2.126455505389142
list:
dist: 2.126455505389142 vs. 2.126455505389142
--------
nle(id0,id1,dist): 139 145 3.2398303064880807
list:
dist: 3.2398303064880807 vs. 3.2398303064880807
--------
nle(id0,id1,dist): 139 142 0.744531464278233
list:
dist: 0.744531464278233 vs. 0.744531464278233
--------
nle(id0,id1,dist): 139 143 2.3341039248416453
list:
dist: 2.3341039248416453 vs. 2.3341039248416453
--------
nle(id0,id1,dist): 139 140 2.638439545416567
list:
dist: 2.638439545416567 vs. 2.638439545416567
--------
nle(id0,id1,dist): 139 141 3.5626286595770824
list:
dist: 3.5626286595770824 vs. 3.5626286595770824
--------
nle(id0,id1,dist): 139 148 2.9094882672954867
list:
dist: 2.9094882672954867 vs. 2.9094882672954867
--------
nle(id0,id1,dist): 139 149 1.6170668178596737
list:
dist: 1.6170668178596737 vs. 1.6170668178596737
--------
nle(id0,id1,dist): 139 146 3.569869521922733
list:
dist: 3.569869521922733 vs. 3.569869521922733
--------
nle(id0,id1,dist): 139 147 1.3139742205243545
list:
dist: 1.3139742205243545 vs. 1.3139742205243545
--------
nle(id0,id1,dist): 140 145 2.9176554671614405
list:
dist: 2.9176554671614405 vs. 2.9176554671614405
--------
nle(id0,id1,dist): 140 146 1.897932893511487
list:
dist: 1.897932893511487 vs. 1.897932893511487
--------
nle(id0,id1,dist): 140 147 3.269970868086991
list:
dist: 3.269970868086991 vs. 3.269970868086991
--------
nle(id0,id1,dist): 140 148 1.0915768561403159
list:
dist: 1.0915768561403159 vs. 1.0915768561403159
--------
nle(id0,id1,dist): 140 142 2.7581556269304808
list:
dist: 2.7581556269304808 vs. 2.7581556269304808
--------
nle(id0,id1,dist): 140 144 0.7677851813139364
list:
dist: 0.7677851813139364 vs. 0.7677851813139364
--------
nle(id0,id1,dist): 138 142 3.6504439503253963
list:
dist: 3.6504439503253963 vs. 3.6504439503253963
--------
nle(id0,id1,dist): 138 139 3.688710255563653
list:
dist: 3.688710255563653 vs. 3.688710255563653
--------
nle(id0,id1,dist): 138 140 1.2147573762877815
list:
dist: 1.2147573762877815 vs. 1.2147573762877815
--------
nle(id0,id1,dist): 138 149 3.1432727543538865
list:
dist: 3.1432727543538865 vs. 3.1432727543538865
--------
nle(id0,id1,dist): 138 148 1.3859194067815022
list:
dist: 1.3859194067815022 vs. 1.3859194067815022
--------
nle(id0,id1,dist): 138 147 4.090447848372274
list:
dist: 4.090447848372274 vs. 4.090447848372274
--------
nle(id0,id1,dist): 138 146 1.3816077487321623
list:
dist: 1.3816077487321623 vs. 1.3816077487321623
--------
nle(id0,id1,dist): 138 145 2.9455220422112265
list:
dist: 2.9455220422112265 vs. 2.9455220422112265
--------
nle(id0,id1,dist): 138 144 1.5676163710695088
list:
dist: 1.5676163710695088 vs. 1.5676163710695088
--------
nle(id0,id1,dist): 137 144 1.3934876362189463
list:
dist: 1.3934876362189463 vs. 1.3934876362189463
--------
nle(id0,id1,dist): 137 145 2.870487176062958
list:
dist: 2.870487176062958 vs. 2.870487176062958
--------
nle(id0,id1,dist): 137 146 2.8778250162793815
list:
dist: 2.8778250162793815 vs. 2.8778250162793815
--------
nle(id0,id1,dist): 137 147 1.8091275403044926
list:
dist: 1.8091275403044926 vs. 1.8091275403044926
--------
nle(id0,id1,dist): 137 140 1.7635911787439709
list:
dist: 1.7635911787439709 vs. 1.7635911787439709
--------
nle(id0,id1,dist): 137 142 1.435718013052528
list:
dist: 1.435718013052528 vs. 1.435718013052528
--------
nle(id0,id1,dist): 137 138 2.8743679949688525
list:
dist: 2.8743679949688525 vs. 2.8743679949688525
--------
nle(id0,id1,dist): 137 139 0.9928343273463539
list:
dist: 0.9928343273463539 vs. 0.9928343273463539
--------
nle(id0,id1,dist): 137 149 1.2321815872627966
list:
dist: 1.2321815872627966 vs. 1.2321815872627966
--------
nle(id0,id1,dist): 137 148 2.0138351819358737
list:
dist: 2.0138351819358737 vs. 2.0138351819358737
--------
nle(id0,id1,dist): 136 147 2.613279709745618
list:
dist: 2.613279709745618 vs. 2.613279709745618
--------
nle(id0,id1,dist): 136 148 1.8217339200383071
list:
dist: 1.8217339200383071 vs. 1.8217339200383071
--------
nle(id0,id1,dist): 136 145 2.7157367563042407
list:
dist: 2.7157367563042407 vs. 2.7157367563042407
--------
nle(id0,id1,dist): 136 146 2.1318149520441594
list:
dist: 2.1318149520441594 vs. 2.1318149520441594
--------
nle(id0,id1,dist): 136 149 1.8726518582978602
list:
dist: 1.8726518582978602 vs. 1.8726518582978602
--------
nle(id0,id1,dist): 136 139 2.0085192444251354
list:
dist: 2.0085192444251354 vs. 2.0085192444251354
--------
nle(id0,id1,dist): 136 140 1.2137790249062954
list:
dist: 1.2137790249062954 vs. 1.2137790249062954
--------
nle(id0,id1,dist): 136 137 1.5358243074494387
list:
dist: 1.5358243074494387 vs. 1.5358243074494387
--------
nle(id0,id1,dist): 136 138 1.9025954474384899
list:
dist: 1.9025954474384899 vs. 1.9025954474384899
--------
nle(id0,id1,dist): 136 144 0.6437790890430813
list:
dist: 0.6437790890430813 vs. 0.6437790890430813
--------
nle(id0,id1,dist): 136 141 4.301364309363227
list:
dist: 4.301364309363227 vs. 4.301364309363227
--------
nle(id0,id1,dist): 136 142 1.8385434942703083
list:
dist: 1.8385434942703083 vs. 1.8385434942703083
--------
nle(id0,id1,dist): 135 142 0.7246572249465288
list:
dist: 0.7246572249465288 vs. 0.7246572249465288
--------
nle(id0,id1,dist): 135 143 2.278003479402289
list:
dist: 2.278003479402289 vs. 2.278003479402289
--------
nle(id0,id1,dist): 135 147 1.617974469299659
list:
dist: 1.617974469299659 vs. 1.617974469299659
--------
nle(id0,id1,dist): 135 149 1.6845187416312237
list:
dist: 1.6845187416312237 vs. 1.6845187416312237
--------
nle(id0,id1,dist): 134 148 2.016602532543934
list:
dist: 2.016602532543934 vs. 2.016602532543934
--------
nle(id0,id1,dist): 135 141 3.796042539070129
list:
dist: 3.796042539070129 vs. 3.796042539070129
--------
nle(id0,id1,dist): 135 139 0.5179897892442871
list:
dist: 0.5179897892442871 vs. 0.5179897892442871
--------
nle(id0,id1,dist): 135 137 1.4013829327208276
list:
dist: 1.4013829327208276 vs. 1.4013829327208276
--------
nle(id0,id1,dist): 134 136 2.2507294415300483
list:
dist: 2.2507294415300483 vs. 2.2507294415300483
--------
nle(id0,id1,dist): 134 138 1.1676371424931362
list:
dist: 1.1676371424931362 vs. 1.1676371424931362
--------
nle(id0,id1,dist): 134 144 2.0824651948508914
list:
dist: 2.0824651948508914 vs. 2.0824651948508914
--------
nle(id0,id1,dist): 134 145 2.609526467364653
list:
dist: 2.609526467364653 vs. 2.609526467364653
--------
nle(id0,id1,dist): 134 146 1.1066672141912948
list:
dist: 1.1066672141912948 vs. 1.1066672141912948
--------
nle(id0,id1,dist): 134 140 2.129211349954226
list:
dist: 2.129211349954226 vs. 2.129211349954226
--------
nle(id0,id1,dist): 133 135 1.8933271383625805
list:
dist: 1.8933271383625805 vs. 1.8933271383625805
--------
nle(id0,id1,dist): 133 139 1.648927631653846
list:
dist: 1.648927631653846 vs. 1.648927631653846
--------
nle(id0,id1,dist): 133 137 2.2614232115722555
list:
dist: 2.2614232115722555 vs. 2.2614232115722555
--------
nle(id0,id1,dist): 133 142 1.7460464194310517
list:
dist: 1.7460464194310517 vs. 1.7460464194310517
--------
nle(id0,id1,dist): 133 143 1.3139965288194053
list:
dist: 1.3139965288194053 vs. 1.3139965288194053
--------
nle(id0,id1,dist): 133 141 2.3040190633684796
list:
dist: 2.3040190633684796 vs. 2.3040190633684796
--------
nle(id0,id1,dist): 133 147 0.7256594660218245
list:
dist: 0.7256594660218245 vs. 0.7256594660218245
--------
nle(id0,id1,dist): 133 149 3.1952339439530704
list:
dist: 3.1952339439530704 vs. 3.1952339439530704
--------
nle(id0,id1,dist): 132 134 1.5820325414871232
list:
dist: 1.5820325414871232 vs. 1.5820325414871232
--------
nle(id0,id1,dist): 132 136 0.9065023139034183
list:
dist: 0.9065023139034183 vs. 0.9065023139034183
--------
nle(id0,id1,dist): 132 138 1.5161418711398682
list:
dist: 1.5161418711398682 vs. 1.5161418711398682
--------
nle(id0,id1,dist): 132 137 2.4189600410729217
list:
dist: 2.4189600410729217 vs. 2.4189600410729217
--------
nle(id0,id1,dist): 132 140 1.488096685069645
list:
dist: 1.488096685069645 vs. 1.488096685069645
--------
nle(id0,id1,dist): 132 139 2.8899247280390026
list:
dist: 2.8899247280390026 vs. 2.8899247280390026
--------
nle(id0,id1,dist): 132 141 4.734447812272066
list:
dist: 4.734447812272066 vs. 4.734447812272066
--------
nle(id0,id1,dist): 132 142 2.61339198557919
list:
dist: 2.61339198557919 vs. 2.61339198557919
--------
nle(id0,id1,dist): 132 144 1.1867012886533754
list:
dist: 1.1867012886533754 vs. 1.1867012886533754
--------
nle(id0,id1,dist): 132 145 2.8645575642933703
list:
dist: 2.8645575642933703 vs. 2.8645575642933703
--------
nle(id0,id1,dist): 132 146 1.8949585033005238
list:
dist: 1.8949585033005238 vs. 1.8949585033005238
--------
nle(id0,id1,dist): 132 147 3.351350638980084
list:
dist: 3.351350638980084 vs. 3.351350638980084
--------
nle(id0,id1,dist): 132 148 2.0408631266130692
list:
dist: 2.0408631266130692 vs. 2.0408631266130692
--------
nle(id0,id1,dist): 132 149 2.6606843086312337
list:
dist: 2.6606843086312337 vs. 2.6606843086312337
--------
nle(id0,id1,dist): 131 147 3.6279170282758817
list:
dist: 3.6279170282758817 vs. 3.6279170282758817
--------
nle(id0,id1,dist): 131 146 1.0342048943886488
list:
dist: 1.0342048943886488 vs. 1.0342048943886488
--------
nle(id0,id1,dist): 131 149 4.084347140394672
list:
dist: 4.084347140394672 vs. 4.084347140394672
--------
nle(id0,id1,dist): 131 148 2.1829085707685456
list:
dist: 2.1829085707685456 vs. 2.1829085707685456
--------
nle(id0,id1,dist): 131 142 3.474203274997761
list:
dist: 3.474203274997761 vs. 3.474203274997761
--------
nle(id0,id1,dist): 131 144 2.180019403072894
list:
dist: 2.180019403072894 vs. 2.180019403072894
--------
nle(id0,id1,dist): 131 145 1.7901717932792904
list:
dist: 1.7901717932792904 vs. 1.7901717932792904
--------
nle(id0,id1,dist): 131 138 1.9816481251800875
list:
dist: 1.9816481251800875 vs. 1.9816481251800875
--------
nle(id0,id1,dist): 131 139 3.815733067762545
list:
dist: 3.815733067762545 vs. 3.815733067762545
--------
nle(id0,id1,dist): 131 140 2.5452657086663972
list:
dist: 2.5452657086663972 vs. 2.5452657086663972
--------
nle(id0,id1,dist): 131 141 4.118581712791881
list:
dist: 4.118581712791881 vs. 4.118581712791881
--------
nle(id0,id1,dist): 131 134 1.0748708422547701
list:
dist: 1.0748708422547701 vs. 1.0748708422547701
--------
nle(id0,id1,dist): 131 136 2.3069491564941473
list:
dist: 2.3069491564941473 vs. 2.3069491564941473
--------
nle(id0,id1,dist): 131 137 3.341191467285175
list:
dist: 3.341191467285175 vs. 3.341191467285175
--------
nle(id0,id1,dist): 131 132 1.849153282122137
list:
dist: 1.849153282122137 vs. 1.849153282122137
--------
nle(id0,id1,dist): 130 149 3.633801394891724
list:
dist: 3.633801394891724 vs. 3.633801394891724
--------
nle(id0,id1,dist): 130 147 3.1771300622457006
list:
dist: 3.1771300622457006 vs. 3.1771300622457006
--------
nle(id0,id1,dist): 130 148 2.0159266889864886
list:
dist: 2.0159266889864886 vs. 2.0159266889864886
--------
nle(id0,id1,dist): 130 145 1.6984770389875798
list:
dist: 1.6984770389875798 vs. 1.6984770389875798
--------
nle(id0,id1,dist): 130 146 1.1224082459118887
list:
dist: 1.1224082459118887 vs. 1.1224082459118887
--------
nle(id0,id1,dist): 130 144 1.7780244062237989
list:
dist: 1.7780244062237989 vs. 1.7780244062237989
--------
nle(id0,id1,dist): 130 141 3.8609220011964496
list:
dist: 3.8609220011964496 vs. 3.8609220011964496
--------
nle(id0,id1,dist): 130 142 2.9491017172055805
list:
dist: 2.9491017172055805 vs. 2.9491017172055805
--------
nle(id0,id1,dist): 130 139 3.3119625602601914
list:
dist: 3.3119625602601914 vs. 3.3119625602601914
--------
nle(id0,id1,dist): 130 140 2.256963322603528
list:
dist: 2.256963322603528 vs. 2.256963322603528
--------
nle(id0,id1,dist): 130 137 2.8899373351317266
list:
dist: 2.8899373351317266 vs. 2.8899373351317266
--------
nle(id0,id1,dist): 130 138 1.9365771950202482
list:
dist: 1.9365771950202482 vs. 1.9365771950202482
--------
nle(id0,id1,dist): 130 136 1.837197541718306
list:
dist: 1.837197541718306 vs. 1.837197541718306
--------
nle(id0,id1,dist): 130 132 1.4797926264376844
list:
dist: 1.4797926264376844 vs. 1.4797926264376844
--------
nle(id0,id1,dist): 130 131 0.5361725622186693
list:
dist: 0.5361725622186693 vs. 0.5361725622186693
--------
nle(id0,id1,dist): 130 134 1.263185258197337
list:
dist: 1.263185258197337 vs. 1.263185258197337
--------
nle(id0,id1,dist): 129 148 1.663631129439108
list:
dist: 1.663631129439108 vs. 1.663631129439108
--------
nle(id0,id1,dist): 129 149 2.671857473999936
list:
dist: 2.671857473999936 vs. 2.671857473999936
--------
nle(id0,id1,dist): 129 140 1.4603469136443121
list:
dist: 1.4603469136443121 vs. 1.4603469136443121
--------
nle(id0,id1,dist): 129 141 4.113155702533825
list:
dist: 4.113155702533825 vs. 4.113155702533825
--------
nle(id0,id1,dist): 129 142 2.314081935606068
list:
dist: 2.314081935606068 vs. 2.314081935606068
--------
nle(id0,id1,dist): 129 144 0.9049815870823164
list:
dist: 0.9049815870823164 vs. 0.9049815870823164
--------
nle(id0,id1,dist): 129 145 2.190215477466065
list:
dist: 2.190215477466065 vs. 2.190215477466065
--------
nle(id0,id1,dist): 129 146 1.463300909377295
list:
dist: 1.463300909377295 vs. 1.463300909377295
--------
nle(id0,id1,dist): 129 147 2.8387283121969737
list:
dist: 2.8387283121969737 vs. 2.8387283121969737
--------
nle(id0,id1,dist): 129 134 1.5479195083724406
list:
dist: 1.5479195083724406 vs. 1.5479195083724406
--------
nle(id0,id1,dist): 129 132 0.6888276653435915
list:
dist: 0.6888276653435915 vs. 0.6888276653435915
--------
nle(id0,id1,dist): 129 139 2.5949284101850925
list:
dist: 2.5949284101850925 vs. 2.5949284101850925
--------
nle(id0,id1,dist): 129 138 1.5913405734103117
list:
dist: 1.5913405734103117 vs. 1.5913405734103117
--------
nle(id0,id1,dist): 129 137 2.112087392616237
list:
dist: 2.112087392616237 vs. 2.112087392616237
--------
nle(id0,id1,dist): 129 136 0.8382068172321141
list:
dist: 0.8382068172321141 vs. 0.8382068172321141
--------
nle(id0,id1,dist): 129 131 1.4714656338567031
list:
dist: 1.4714656338567031 vs. 1.4714656338567031
--------
nle(id0,id1,dist): 129 130 1.0129250189119572
list:
dist: 1.0129250189119572 vs. 1.0129250189119572
--------
nle(id0,id1,dist): 128 147 0.3293184458652679
list:
dist: 0.3293184458652679 vs. 0.3293184458652679
--------
nle(id0,id1,dist): 128 148 2.845827998253097
list:
dist: 2.845827998253097 vs. 2.845827998253097
--------
nle(id0,id1,dist): 128 145 2.3351408718783113
list:
dist: 2.3351408718783113 vs. 2.3351408718783113
--------
nle(id0,id1,dist): 128 146 3.195392199550838
list:
dist: 3.195392199550838 vs. 3.195392199550838
--------
nle(id0,id1,dist): 128 149 2.6973172191587556
list:
dist: 2.6973172191587556 vs. 2.6973172191587556
--------
nle(id0,id1,dist): 128 133 1.0518694446055699
list:
dist: 1.0518694446055699 vs. 1.0518694446055699
--------
nle(id0,id1,dist): 128 135 1.5731899561859564
list:
dist: 1.5731899561859564 vs. 1.5731899561859564
--------
nle(id0,id1,dist): 128 136 2.310813461536619
list:
dist: 2.310813461536619 vs. 2.310813461536619
--------
nle(id0,id1,dist): 128 129 2.5107593247648157
list:
dist: 2.5107593247648157 vs. 2.5107593247648157
--------
nle(id0,id1,dist): 128 130 2.858196981040017
list:
dist: 2.858196981040017 vs. 2.858196981040017
--------
nle(id0,id1,dist): 128 131 3.315308632784441
list:
dist: 3.315308632784441 vs. 3.315308632784441
--------
nle(id0,id1,dist): 128 132 3.0318662618926595
list:
dist: 3.0318662618926595 vs. 3.0318662618926595
--------
nle(id0,id1,dist): 128 141 2.3571504161798282
list:
dist: 2.3571504161798282 vs. 2.3571504161798282
--------
nle(id0,id1,dist): 128 142 1.106035940552758
list:
dist: 1.106035940552758 vs. 1.106035940552758
--------
nle(id0,id1,dist): 128 143 1.9717285322007758
list:
dist: 1.9717285322007758 vs. 1.9717285322007758
--------
nle(id0,id1,dist): 128 144 2.3172954312894753
list:
dist: 2.3172954312894753 vs. 2.3172954312894753
--------
nle(id0,id1,dist): 128 137 1.6242055011794756
list:
dist: 1.6242055011794756 vs. 1.6242055011794756
--------
nle(id0,id1,dist): 128 138 3.7769720668689373
list:
dist: 3.7769720668689373 vs. 3.7769720668689373
--------
nle(id0,id1,dist): 128 139 1.2438662738037356
list:
dist: 1.2438662738037356 vs. 1.2438662738037356
--------
nle(id0,id1,dist): 128 140 2.986086366529551
list:
dist: 2.986086366529551 vs. 2.986086366529551
--------
nle(id0,id1,dist): 127 141 2.5734869025597296
list:
dist: 2.5734869025597296 vs. 2.5734869025597296
--------
nle(id0,id1,dist): 127 147 3.625431077421676
list:
dist: 3.625431077421676 vs. 3.625431077421676
--------
nle(id0,id1,dist): 127 145 1.7310172939921753
list:
dist: 1.7310172939921753 vs. 1.7310172939921753
--------
nle(id0,id1,dist): 127 131 2.544559147153112
list:
dist: 2.544559147153112 vs. 2.544559147153112
--------
nle(id0,id1,dist): 127 128 3.4648362436863493
list:
dist: 3.4648362436863493 vs. 3.4648362436863493
--------
nle(id0,id1,dist): 126 139 2.217730687983821
list:
dist: 2.217730687983821 vs. 2.217730687983821
--------
nle(id0,id1,dist): 126 141 1.8283875404231227
list:
dist: 1.8283875404231227 vs. 1.8283875404231227
--------
nle(id0,id1,dist): 126 142 2.0703276085767115
list:
dist: 2.0703276085767115 vs. 2.0703276085767115
--------
nle(id0,id1,dist): 126 143 0.8849479712008717
list:
dist: 0.8849479712008717 vs. 0.8849479712008717
--------
nle(id0,id1,dist): 126 147 1.1479041583399598
list:
dist: 1.1479041583399598 vs. 1.1479041583399598
--------
nle(id0,id1,dist): 126 128 1.4324252138630555
list:
dist: 1.4324252138630555 vs. 1.4324252138630555
--------
nle(id0,id1,dist): 126 133 0.7981643888953204
list:
dist: 0.7981643888953204 vs. 0.7981643888953204
--------
nle(id0,id1,dist): 126 135 2.346402870389418
list:
dist: 2.346402870389418 vs. 2.346402870389418
--------
nle(id0,id1,dist): 125 146 3.5469194372221473
list:
dist: 3.5469194372221473 vs. 3.5469194372221473
--------
nle(id0,id1,dist): 125 147 1.0092513075928966
list:
dist: 1.0092513075928966 vs. 1.0092513075928966
--------
nle(id0,id1,dist): 125 144 3.044582012451383
list:
dist: 3.044582012451383 vs. 3.044582012451383
--------
nle(id0,id1,dist): 125 145 2.34173081804686
list:
dist: 2.34173081804686 vs. 2.34173081804686
--------
nle(id0,id1,dist): 125 148 3.5215567580172573
list:
dist: 3.5215567580172573 vs. 3.5215567580172573
--------
nle(id0,id1,dist): 125 149 3.668023879655437
list:
dist: 3.668023879655437 vs. 3.668023879655437
--------
nle(id0,id1,dist): 125 131 3.4194257579079674
list:
dist: 3.4194257579079674 vs. 3.4194257579079674
--------
nle(id0,id1,dist): 125 130 3.0143790450355925
list:
dist: 3.0143790450355925 vs. 3.0143790450355925
--------
nle(id0,id1,dist): 125 129 2.9640074862992316
list:
dist: 2.9640074862992316 vs. 2.9640074862992316
--------
nle(id0,id1,dist): 125 128 1.0271935859840857
list:
dist: 1.0271935859840857 vs. 1.0271935859840857
--------
nle(id0,id1,dist): 125 135 2.3668933221902972
list:
dist: 2.3668933221902972 vs. 2.3668933221902972
--------
nle(id0,id1,dist): 125 133 1.3858853779729403
list:
dist: 1.3858853779729403 vs. 1.3858853779729403
--------
nle(id0,id1,dist): 125 132 3.519438076670301
list:
dist: 3.519438076670301 vs. 3.519438076670301
--------
nle(id0,id1,dist): 125 139 2.174287989317998
list:
dist: 2.174287989317998 vs. 2.174287989317998
--------
nle(id0,id1,dist): 125 138 4.3625703147600055
list:
dist: 4.3625703147600055 vs. 4.3625703147600055
--------
nle(id0,id1,dist): 125 137 2.622634385823523
list:
dist: 2.622634385823523 vs. 2.622634385823523
--------
nle(id0,id1,dist): 125 136 2.9774966175283746
list:
dist: 2.9774966175283746 vs. 2.9774966175283746
--------
nle(id0,id1,dist): 125 143 1.810466499479796
list:
dist: 1.810466499479796 vs. 1.810466499479796
--------
nle(id0,id1,dist): 125 142 1.7933036842692296
list:
dist: 1.7933036842692296 vs. 1.7933036842692296
--------
nle(id0,id1,dist): 125 141 1.4860290174589565
list:
dist: 1.4860290174589565 vs. 1.4860290174589565
--------
nle(id0,id1,dist): 125 140 3.7728539842406588
list:
dist: 3.7728539842406588 vs. 3.7728539842406588
2. Check the NeighborList query for coordinates against the neighbor list for consistency
list:
dist: 1.7317713644750812 vs. 1.7317713644750812
list:
dist: 2.601984285355557 vs. 2.601984285355557
list:
dist: 2.910897861792294 vs. 2.910897861792294
list:
dist: 1.9906042057393467 vs. 1.9906042057393467
list:
dist: 2.2471906180848635 vs. 2.2471906180848635
list:
dist: 2.937765452541459 vs. 2.937765452541459
list:
dist: 4.0800056554848 vs. 4.0800056554848
list:
dist: 3.6405136902212973 vs. 3.6405136902212973
list:
dist: 3.5162306110923027 vs. 3.5162306110923027
list:
dist: 3.098267525865919 vs. 3.098267525865919
list:
dist: 3.1525093661271524 vs. 3.1525093661271524
list:
dist: 1.7876931756332741 vs. 1.7876931756332741
list:
dist: 3.2653515298784077 vs. 3.2653515298784077
list:
dist: 2.703216428761305 vs. 2.703216428761305
list:
dist: 3.43209153896332 vs. 3.43209153896332
list:
dist: 2.888402218073101 vs. 2.888402218073101
list:
dist: 3.654953039532362 vs. 3.654953039532362
list:
dist: 3.679188655060015 vs. 3.679188655060015
list:
dist: 1.959942424577168 vs. 1.959942424577168
list:
dist: 1.773497879026431 vs. 1.773497879026431
list:
dist: 0.9524798312384039 vs. 0.9524798312384039
list:
dist: 2.910897861792294 vs. 2.910897861792294
list:
dist: 1.3813789927945082 vs. 1.3813789927945082
list:
dist: 2.5784978912485195 vs. 2.5784978912485195
list:
dist: 2.7842482831019373 vs. 2.7842482831019373
list:
dist: 2.0835828051276732 vs. 2.0835828051276732
list:
dist: 1.5643705931435152 vs. 1.5643705931435152
list:
dist: 3.4697507372348495 vs. 3.4697507372348495
list:
dist: 3.2421087543978944 vs. 3.2421087543978944
list:
dist: 3.6744298204445447 vs. 3.6744298204445447
list:
dist: 3.879548468434978 vs. 3.879548468434978
list:
dist: 2.4417967231826143 vs. 2.4417967231826143
list:
dist: 3.6123198171952287 vs. 3.6123198171952287
list:
dist: 2.4073440652731866 vs. 2.4073440652731866
list:
dist: 3.830729735980361 vs. 3.830729735980361
list:
dist: 2.7842482831019373 vs. 2.7842482831019373
list:
dist: 2.9910428555831543 vs. 2.9910428555831543
list:
dist: 4.0800056554848 vs. 4.0800056554848
list:
dist: 3.2487571685164642 vs. 3.2487571685164642
list:
dist: 1.5268817742475933 vs. 1.5268817742475933
list:
dist: 1.046207944356217 vs. 1.046207944356217
list:
dist: 1.283816813938465 vs. 1.283816813938465
list:
dist: 2.449695458766448 vs. 2.449695458766448
list:
dist: 2.0893097582870275 vs. 2.0893097582870275
list:
dist: 3.744151959271116 vs. 3.744151959271116
list:
dist: 3.127241049610677 vs. 3.127241049610677
list:
dist: 2.4223726043683707 vs. 2.4223726043683707
list:
dist: 3.8545193302612386 vs. 3.8545193302612386
list:
dist: 2.078695348391758 vs. 2.078695348391758
list:
dist: 1.880986121955106 vs. 1.880986121955106
list:
dist: 2.327859104601747 vs. 2.327859104601747
list:
dist: 2.683321160284992 vs. 2.683321160284992
list:
dist: 2.6904205894350404 vs. 2.6904205894350404
list:
dist: 1.8393867194753448 vs. 1.8393867194753448
list:
dist: 2.526711880605468 vs. 2.526711880605468
list:
dist: 0.9524798312384039 vs. 0.9524798312384039
list:
dist: 1.9906042057393467 vs. 1.9906042057393467
list:
dist: 0.8315341569982282 vs. 0.8315341569982282
list:
dist: 2.301160911306386 vs. 2.301160911306386
list:
dist: 2.9910428555831543 vs. 2.9910428555831543
list:
dist: 2.287043021383406 vs. 2.287043021383406
list:
dist: 1.9528679941042941 vs. 1.9528679941042941
list:
dist: 3.0012081108464277 vs. 3.0012081108464277
list:
dist: 2.85439063991518 vs. 2.85439063991518
list:
dist: 2.836127044450262 vs. 2.836127044450262
list:
dist: 3.336487836989461 vs. 3.336487836989461
list:
dist: 2.012194219126023 vs. 2.012194219126023
list:
dist: 3.113789020355253 vs. 3.113789020355253
list:
dist: 2.0839656556865567 vs. 2.0839656556865567
list:
dist: 2.022666885778727 vs. 2.022666885778727
list:
dist: 1.7317713644750812 vs. 1.7317713644750812
list:
dist: 1.773497879026431 vs. 1.773497879026431
list:
dist: 2.526711880605468 vs. 2.526711880605468
list:
dist: 4.131244486877868 vs. 4.131244486877868
list:
dist: 3.830729735980361 vs. 3.830729735980361
list:
dist: 3.438677578695046 vs. 3.438677578695046
list:
dist: 2.7937883263572334 vs. 2.7937883263572334
list:
dist: 2.4679659437280024 vs. 2.4679659437280024
list:
dist: 1.3813789927945082 vs. 1.3813789927945082
list:
dist: 0.8315341569982282 vs. 0.8315341569982282
list:
dist: 2.2471906180848635 vs. 2.2471906180848635
list:
dist: 2.357382550503501 vs. 2.357382550503501
list:
dist: 3.2487571685164642 vs. 3.2487571685164642
list:
dist: 2.359823834526076 vs. 2.359823834526076
list:
dist: 2.188455999942219 vs. 2.188455999942219
list:
dist: 2.864080393722584 vs. 2.864080393722584
list:
dist: 2.7615583797770307 vs. 2.7615583797770307
list:
dist: 2.765960083239241 vs. 2.765960083239241
list:
dist: 3.0423747457198185 vs. 3.0423747457198185
list:
dist: 1.6899261331119024 vs. 1.6899261331119024
list:
dist: 2.457821395841135 vs. 2.457821395841135
list:
dist: 1.8591560613416571 vs. 1.8591560613416571
list:
dist: 3.3634737830911736 vs. 3.3634737830911736
list:
dist: 3.609010358228189 vs. 3.609010358228189
list:
dist: 2.022666885778727 vs. 2.022666885778727
list:
dist: 1.959942424577168 vs. 1.959942424577168
list:
dist: 1.8393867194753448 vs. 1.8393867194753448
list:
dist: 2.601984285355557 vs. 2.601984285355557
list:
dist: 2.4679659437280024 vs. 2.4679659437280024
list:
dist: 4.131244486877868 vs. 4.131244486877868
list:
dist: 2.5784978912485195 vs. 2.5784978912485195
list:
dist: 2.301160911306386 vs. 2.301160911306386
list:
dist: 2.937765452541459 vs. 2.937765452541459
list:
dist: 2.357382550503501 vs. 2.357382550503501
list:
dist: 1.5268817742475933 vs. 1.5268817742475933
list:
dist: 1.215049479959219 vs. 1.215049479959219
list:
dist: 1.6128873544983706 vs. 1.6128873544983706
list:
dist: 1.0866897933396842 vs. 1.0866897933396842
list:
dist: 0.7662481141492369 vs. 0.7662481141492369
list:
dist: 2.285544602152158 vs. 2.285544602152158
list:
dist: 1.7440381281701745 vs. 1.7440381281701745
list:
dist: 1.094653850658674 vs. 1.094653850658674
list:
dist: 2.5529903240953935 vs. 2.5529903240953935
list:
dist: 0.8159084202600806 vs. 0.8159084202600806
list:
dist: 1.4513529823421618 vs. 1.4513529823421618
list:
dist: 2.0172602645392455 vs. 2.0172602645392455
list:
dist: 1.8745727243416492 vs. 1.8745727243416492
list:
dist: 1.4367825667558434 vs. 1.4367825667558434
list:
dist: 3.438677578695046 vs. 3.438677578695046
list:
dist: 2.0835828051276732 vs. 2.0835828051276732
list:
dist: 2.287043021383406 vs. 2.287043021383406
list:
dist: 3.6405136902212973 vs. 3.6405136902212973
list:
dist: 2.359823834526076 vs. 2.359823834526076
list:
dist: 1.215049479959219 vs. 1.215049479959219
list:
dist: 1.046207944356217 vs. 1.046207944356217
list:
dist: 0.6546128976800247 vs. 0.6546128976800247
list:
dist: 2.179318186506461 vs. 2.179318186506461
list:
dist: 1.8338107052521766 vs. 1.8338107052521766
list:
dist: 3.3801411565541053 vs. 3.3801411565541053
list:
dist: 2.733831129336386 vs. 2.733831129336386
list:
dist: 1.6584068487279304 vs. 1.6584068487279304
list:
dist: 3.045561941317267 vs. 3.045561941317267
list:
dist: 1.3429747880141107 vs. 1.3429747880141107
list:
dist: 1.7351095865827677 vs. 1.7351095865827677
list:
dist: 2.3431809776555834 vs. 2.3431809776555834
list:
dist: 2.123898422877362 vs. 2.123898422877362
list:
dist: 2.215111976766938 vs. 2.215111976766938
list:
dist: 2.7937883263572334 vs. 2.7937883263572334
list:
dist: 1.5643705931435152 vs. 1.5643705931435152
list:
dist: 1.9528679941042941 vs. 1.9528679941042941
list:
dist: 3.5162306110923027 vs. 3.5162306110923027
list:
dist: 2.188455999942219 vs. 2.188455999942219
list:
dist: 1.6128873544983706 vs. 1.6128873544983706
list:
dist: 1.283816813938465 vs. 1.283816813938465
list:
dist: 0.6546128976800247 vs. 0.6546128976800247
list:
dist: 2.6572307142069724 vs. 2.6572307142069724
list:
dist: 2.327122707730627 vs. 2.327122707730627
list:
dist: 3.5846604191291744 vs. 3.5846604191291744
list:
dist: 3.2186668150959457 vs. 3.2186668150959457
list:
dist: 1.9863888550090745 vs. 1.9863888550090745
list:
dist: 3.4118925877075523 vs. 3.4118925877075523
list:
dist: 1.7325583671303173 vs. 1.7325583671303173
list:
dist: 2.383754124953118 vs. 2.383754124953118
list:
dist: 2.9905843851610445 vs. 2.9905843851610445
list:
dist: 2.7218935025030904 vs. 2.7218935025030904
list:
dist: 2.7520392738162456 vs. 2.7520392738162456
list:
dist: 3.879548468434978 vs. 3.879548468434978
list:
dist: 3.336487836989461 vs. 3.336487836989461
list:
dist: 3.2653515298784077 vs. 3.2653515298784077
list:
dist: 3.0423747457198185 vs. 3.0423747457198185
list:
dist: 1.7440381281701745 vs. 1.7440381281701745
list:
dist: 3.127241049610677 vs. 3.127241049610677
list:
dist: 2.733831129336386 vs. 2.733831129336386
list:
dist: 3.2186668150959457 vs. 3.2186668150959457
list:
dist: 0.732908196140852 vs. 0.732908196140852
list:
dist: 1.055231589371434 vs. 1.055231589371434
list:
dist: 1.758514503441912 vs. 1.758514503441912
list:
dist: 1.4816992259113824 vs. 1.4816992259113824
list:
dist: 1.6576393453657086 vs. 1.6576393453657086
list:
dist: 1.562443813547004 vs. 1.562443813547004
list:
dist: 1.4545394488715553 vs. 1.4545394488715553
list:
dist: 1.5928952047242488 vs. 1.5928952047242488
list:
dist: 1.8196287748445066 vs. 1.8196287748445066
list:
dist: 2.0377026081105782 vs. 2.0377026081105782
list:
dist: 1.5793128248304786 vs. 1.5793128248304786
list:
dist: 0.6688343927951068 vs. 0.6688343927951068
list:
dist: 1.8745727243416492 vs. 1.8745727243416492
list:
dist: 2.683321160284992 vs. 2.683321160284992
list:
dist: 2.123898422877362 vs. 2.123898422877362
list:
dist: 2.7218935025030904 vs. 2.7218935025030904
list:
dist: 1.602080380118097 vs. 1.602080380118097
list:
dist: 1.527564029276807 vs. 1.527564029276807
list:
dist: 3.139142441007203 vs. 3.139142441007203
list:
dist: 1.5793128248304786 vs. 1.5793128248304786
list:
dist: 1.5804299683373124 vs. 1.5804299683373124
list:
dist: 1.7814057059719741 vs. 1.7814057059719741
list:
dist: 1.4819538286554401 vs. 1.4819538286554401
list:
dist: 2.2866360048356165 vs. 2.2866360048356165
list:
dist: 2.603555987495159 vs. 2.603555987495159
list:
dist: 1.067611480109609 vs. 1.067611480109609
list:
dist: 1.3572426183088797 vs. 1.3572426183088797
list:
dist: 0.9561957822976913 vs. 0.9561957822976913
list:
dist: 2.7758833349526064 vs. 2.7758833349526064
list:
dist: 2.0172602645392455 vs. 2.0172602645392455
list:
dist: 2.327859104601747 vs. 2.327859104601747
list:
dist: 2.3431809776555834 vs. 2.3431809776555834
list:
dist: 2.9905843851610445 vs. 2.9905843851610445
list:
dist: 1.7757062169082378 vs. 1.7757062169082378
list:
dist: 1.6381381413258094 vs. 1.6381381413258094
list:
dist: 3.5772229052337696 vs. 3.5772229052337696
list:
dist: 2.0377026081105782 vs. 2.0377026081105782
list:
dist: 2.4138456668995834 vs. 2.4138456668995834
list:
dist: 3.0053251795114098 vs. 3.0053251795114098
list:
dist: 2.1783480148635355 vs. 2.1783480148635355
list:
dist: 0.6442645775231959 vs. 0.6442645775231959
list:
dist: 1.3572426183088797 vs. 1.3572426183088797
list:
dist: 1.609188139244961 vs. 1.609188139244961
list:
dist: 1.8318500740231856 vs. 1.8318500740231856
list:
dist: 3.679188655060015 vs. 3.679188655060015
list:
dist: 3.609010358228189 vs. 3.609010358228189
list:
dist: 2.3019180087950004 vs. 2.3019180087950004
list:
dist: 2.61688481928165 vs. 2.61688481928165
list:
dist: 2.195915110827292 vs. 2.195915110827292
list:
dist: 1.5928952047242488 vs. 1.5928952047242488
list:
dist: 2.5307272987963847 vs. 2.5307272987963847
list:
dist: 1.5415585553719222 vs. 1.5415585553719222
list:
dist: 2.775233712650666 vs. 2.775233712650666
list:
dist: 0.384805491307043 vs. 0.384805491307043
list:
dist: 2.603555987495159 vs. 2.603555987495159
list:
dist: 2.0253691248688575 vs. 2.0253691248688575
list:
dist: 2.4417967231826143 vs. 2.4417967231826143
list:
dist: 2.012194219126023 vs. 2.012194219126023
list:
dist: 2.703216428761305 vs. 2.703216428761305
list:
dist: 1.6899261331119024 vs. 1.6899261331119024
list:
dist: 1.094653850658674 vs. 1.094653850658674
list:
dist: 2.4223726043683707 vs. 2.4223726043683707
list:
dist: 1.6584068487279304 vs. 1.6584068487279304
list:
dist: 1.9863888550090745 vs. 1.9863888550090745
list:
dist: 1.2670879809481008 vs. 1.2670879809481008
list:
dist: 1.1724463276869428 vs. 1.1724463276869428
list:
dist: 2.0535365650329798 vs. 2.0535365650329798
list:
dist: 1.4816992259113824 vs. 1.4816992259113824
list:
dist: 1.5606411611836022 vs. 1.5606411611836022
list:
dist: 0.35538172237239096 vs. 0.35538172237239096
list:
dist: 2.262490725086514 vs. 2.262490725086514
list:
dist: 2.5307272987963847 vs. 2.5307272987963847
list:
dist: 1.8465964240305153 vs. 1.8465964240305153
list:
dist: 2.4138456668995834 vs. 2.4138456668995834
list:
dist: 1.5804299683373124 vs. 1.5804299683373124
list:
dist: 1.1572428955693188 vs. 1.1572428955693188
list:
dist: 3.6744298204445447 vs. 3.6744298204445447
list:
dist: 2.836127044450262 vs. 2.836127044450262
list:
dist: 1.7876931756332741 vs. 1.7876931756332741
list:
dist: 2.765960083239241 vs. 2.765960083239241
list:
dist: 2.285544602152158 vs. 2.285544602152158
list:
dist: 3.744151959271116 vs. 3.744151959271116
list:
dist: 3.3801411565541053 vs. 3.3801411565541053
list:
dist: 3.5846604191291744 vs. 3.5846604191291744
list:
dist: 1.8090831029580887 vs. 1.8090831029580887
list:
dist: 2.041042319872243 vs. 2.041042319872243
list:
dist: 1.758514503441912 vs. 1.758514503441912
list:
dist: 2.0535365650329798 vs. 2.0535365650329798
list:
dist: 2.479760262159395 vs. 2.479760262159395
list:
dist: 2.2481412008905486 vs. 2.2481412008905486
list:
dist: 2.2473577560188027 vs. 2.2473577560188027
list:
dist: 2.195915110827292 vs. 2.195915110827292
list:
dist: 3.2281098997246307 vs. 3.2281098997246307
list:
dist: 3.5772229052337696 vs. 3.5772229052337696
list:
dist: 3.139142441007203 vs. 3.139142441007203
list:
dist: 2.219376969966288 vs. 2.219376969966288
list:
dist: 3.654953039532362 vs. 3.654953039532362
list:
dist: 3.3634737830911736 vs. 3.3634737830911736
list:
dist: 2.153969445568472 vs. 2.153969445568472
list:
dist: 2.438601272417932 vs. 2.438601272417932
list:
dist: 2.2473577560188027 vs. 2.2473577560188027
list:
dist: 1.4545394488715553 vs. 1.4545394488715553
list:
dist: 2.262490725086514 vs. 2.262490725086514
list:
dist: 1.1787618024235365 vs. 1.1787618024235365
list:
dist: 2.507801940362439 vs. 2.507801940362439
list:
dist: 0.384805491307043 vs. 0.384805491307043
list:
dist: 2.2866360048356165 vs. 2.2866360048356165
list:
dist: 1.7810605174194134 vs. 1.7810605174194134
list:
dist: 3.4697507372348495 vs. 3.4697507372348495
list:
dist: 3.0012081108464277 vs. 3.0012081108464277
list:
dist: 3.098267525865919 vs. 3.098267525865919
list:
dist: 2.864080393722584 vs. 2.864080393722584
list:
dist: 1.0866897933396842 vs. 1.0866897933396842
list:
dist: 2.449695458766448 vs. 2.449695458766448
list:
dist: 2.179318186506461 vs. 2.179318186506461
list:
dist: 2.6572307142069724 vs. 2.6572307142069724
list:
dist: 0.3659559805224185 vs. 0.3659559805224185
list:
dist: 1.8090831029580887 vs. 1.8090831029580887
list:
dist: 0.732908196140852 vs. 0.732908196140852
list:
dist: 1.2670879809481008 vs. 1.2670879809481008
list:
dist: 2.09928642575833 vs. 2.09928642575833
list:
dist: 1.2037748692074088 vs. 1.2037748692074088
list:
dist: 2.153969445568472 vs. 2.153969445568472
list:
dist: 2.3019180087950004 vs. 2.3019180087950004
list:
dist: 1.43935353940297 vs. 1.43935353940297
list:
dist: 1.7757062169082378 vs. 1.7757062169082378
list:
dist: 1.602080380118097 vs. 1.602080380118097
list:
dist: 0.745631689507341 vs. 0.745631689507341
list:
dist: 2.4073440652731866 vs. 2.4073440652731866
list:
dist: 2.0839656556865567 vs. 2.0839656556865567
list:
dist: 2.888402218073101 vs. 2.888402218073101
list:
dist: 1.8591560613416571 vs. 1.8591560613416571
list:
dist: 0.8159084202600806 vs. 0.8159084202600806
list:
dist: 2.078695348391758 vs. 2.078695348391758
list:
dist: 1.3429747880141107 vs. 1.3429747880141107
list:
dist: 1.7325583671303173 vs. 1.7325583671303173
list:
dist: 1.2037748692074088 vs. 1.2037748692074088
list:
dist: 1.0123790278241418 vs. 1.0123790278241418
list:
dist: 2.2481412008905486 vs. 2.2481412008905486
list:
dist: 1.562443813547004 vs. 1.562443813547004
list:
dist: 0.35538172237239096 vs. 0.35538172237239096
list:
dist: 1.8348984058409281 vs. 1.8348984058409281
list:
dist: 2.507801940362439 vs. 2.507801940362439
list:
dist: 2.775233712650666 vs. 2.775233712650666
list:
dist: 1.579061463166669 vs. 1.579061463166669
list:
dist: 2.1783480148635355 vs. 2.1783480148635355
list:
dist: 1.4819538286554401 vs. 1.4819538286554401
list:
dist: 1.146339827605069 vs. 1.146339827605069
list:
dist: 3.2421087543978944 vs. 3.2421087543978944
list:
dist: 2.85439063991518 vs. 2.85439063991518
list:
dist: 3.1525093661271524 vs. 3.1525093661271524
list:
dist: 2.7615583797770307 vs. 2.7615583797770307
list:
dist: 0.7662481141492369 vs. 0.7662481141492369
list:
dist: 2.0893097582870275 vs. 2.0893097582870275
list:
dist: 1.8338107052521766 vs. 1.8338107052521766
list:
dist: 2.327122707730627 vs. 2.327122707730627
list:
dist: 0.3659559805224185 vs. 0.3659559805224185
list:
dist: 2.041042319872243 vs. 2.041042319872243
list:
dist: 1.055231589371434 vs. 1.055231589371434
list:
dist: 1.1724463276869428 vs. 1.1724463276869428
list:
dist: 2.2325923616838668 vs. 2.2325923616838668
list:
dist: 1.0123790278241418 vs. 1.0123790278241418
list:
dist: 2.438601272417932 vs. 2.438601272417932
list:
dist: 2.61688481928165 vs. 2.61688481928165
list:
dist: 1.2115553925581146 vs. 1.2115553925581146
list:
dist: 1.6381381413258094 vs. 1.6381381413258094
list:
dist: 1.527564029276807 vs. 1.527564029276807
list:
dist: 0.8418051190203519 vs. 0.8418051190203519
list:
dist: 2.403304063643578 vs. 2.403304063643578
list:
dist: 1.8318500740231856 vs. 1.8318500740231856
list:
dist: 2.7758833349526064 vs. 2.7758833349526064
list:
dist: 2.712165573255764 vs. 2.712165573255764
list:
dist: 1.4513529823421618 vs. 1.4513529823421618
list:
dist: 1.880986121955106 vs. 1.880986121955106
list:
dist: 1.7351095865827677 vs. 1.7351095865827677
list:
dist: 2.383754124953118 vs. 2.383754124953118
list:
dist: 1.43935353940297 vs. 1.43935353940297
list:
dist: 1.2115553925581146 vs. 1.2115553925581146
list:
dist: 3.2281098997246307 vs. 3.2281098997246307
list:
dist: 1.8196287748445066 vs. 1.8196287748445066
list:
dist: 1.8465964240305153 vs. 1.8465964240305153
list:
dist: 2.6583820430842184 vs. 2.6583820430842184
list:
dist: 1.579061463166669 vs. 1.579061463166669
list:
dist: 0.6442645775231959 vs. 0.6442645775231959
list:
dist: 1.067611480109609 vs. 1.067611480109609
list:
dist: 1.2800172032650892 vs. 1.2800172032650892
list:
dist: 2.403304063643578 vs. 2.403304063643578
list:
dist: 3.6123198171952287 vs. 3.6123198171952287
list:
dist: 3.113789020355253 vs. 3.113789020355253
list:
dist: 3.43209153896332 vs. 3.43209153896332
list:
dist: 2.457821395841135 vs. 2.457821395841135
list:
dist: 2.5529903240953935 vs. 2.5529903240953935
list:
dist: 3.8545193302612386 vs. 3.8545193302612386
list:
dist: 3.045561941317267 vs. 3.045561941317267
list:
dist: 3.4118925877075523 vs. 3.4118925877075523
list:
dist: 2.09928642575833 vs. 2.09928642575833
list:
dist: 2.2325923616838668 vs. 2.2325923616838668
list:
dist: 2.479760262159395 vs. 2.479760262159395
list:
dist: 1.6576393453657086 vs. 1.6576393453657086
list:
dist: 1.5606411611836022 vs. 1.5606411611836022
list:
dist: 1.8348984058409281 vs. 1.8348984058409281
list:
dist: 1.1787618024235365 vs. 1.1787618024235365
list:
dist: 1.5415585553719222 vs. 1.5415585553719222
list:
dist: 2.6583820430842184 vs. 2.6583820430842184
list:
dist: 3.0053251795114098 vs. 3.0053251795114098
list:
dist: 1.7814057059719741 vs. 1.7814057059719741
list:
dist: 1.5647921506900788 vs. 1.5647921506900788
list:
dist: 1.4367825667558434 vs. 1.4367825667558434
list:
dist: 2.6904205894350404 vs. 2.6904205894350404
list:
dist: 2.215111976766938 vs. 2.215111976766938
list:
dist: 2.7520392738162456 vs. 2.7520392738162456
list:
dist: 0.745631689507341 vs. 0.745631689507341
list:
dist: 0.8418051190203519 vs. 0.8418051190203519
list:
dist: 2.219376969966288 vs. 2.219376969966288
list:
dist: 0.6688343927951068 vs. 0.6688343927951068
list:
dist: 1.1572428955693188 vs. 1.1572428955693188
list:
dist: 1.5647921506900788 vs. 1.5647921506900788
list:
dist: 1.146339827605069 vs. 1.146339827605069
list:
dist: 1.7810605174194134 vs. 1.7810605174194134
list:
dist: 2.0253691248688575 vs. 2.0253691248688575
list:
dist: 1.2800172032650892 vs. 1.2800172032650892
list:
dist: 1.609188139244961 vs. 1.609188139244961
list:
dist: 0.9561957822976913 vs. 0.9561957822976913
list:
dist: 2.712165573255764 vs. 2.712165573255764
list:
dist: 2.0941180979556324 vs. 2.0941180979556324
list:
dist: 1.980358227775592 vs. 1.980358227775592
list:
dist: 2.962077089836896 vs. 2.962077089836896
list:
dist: 2.5329615977585394 vs. 2.5329615977585394
list:
dist: 2.869068222910535 vs. 2.869068222910535
list:
dist: 3.188933621127651 vs. 3.188933621127651
list:
dist: 2.0941180979556324 vs. 2.0941180979556324
list:
dist: 2.669321747484305 vs. 2.669321747484305
list:
dist: 1.7820032816418578 vs. 1.7820032816418578
list:
dist: 2.101787345068558 vs. 2.101787345068558
list:
dist: 3.72106996085845 vs. 3.72106996085845
list:
dist: 3.7081709640709555 vs. 3.7081709640709555
list:
dist: 4.026599323404936 vs. 4.026599323404936
list:
dist: 4.20386825622369 vs. 4.20386825622369
list:
dist: 3.72106996085845 vs. 3.72106996085845
list:
dist: 2.5329615977585394 vs. 2.5329615977585394
list:
dist: 4.625912148070968 vs. 4.625912148070968
list:
dist: 2.8930959893793355 vs. 2.8930959893793355
list:
dist: 3.4899435658355746 vs. 3.4899435658355746
list:
dist: 2.997922133370399 vs. 2.997922133370399
list:
dist: 2.6150191775243594 vs. 2.6150191775243594
list:
dist: 2.62637259253673 vs. 2.62637259253673
list:
dist: 2.535106583527624 vs. 2.535106583527624
list:
dist: 1.9070469931204896 vs. 1.9070469931204896
list:
dist: 2.013986460775757 vs. 2.013986460775757
list:
dist: 1.201792656784648 vs. 1.201792656784648
list:
dist: 2.422675597988884 vs. 2.422675597988884
list:
dist: 2.669321747484305 vs. 2.669321747484305
list:
dist: 2.5733699606469127 vs. 2.5733699606469127
list:
dist: 1.6348715187177199 vs. 1.6348715187177199
list:
dist: 3.164044659985291 vs. 3.164044659985291
list:
dist: 2.648477302463065 vs. 2.648477302463065
list:
dist: 4.625912148070968 vs. 4.625912148070968
list:
dist: 3.069561981274182 vs. 3.069561981274182
list:
dist: 4.609471598687858 vs. 4.609471598687858
list:
dist: 4.525162671909694 vs. 4.525162671909694
list:
dist: 3.5411451225380217 vs. 3.5411451225380217
list:
dist: 1.7820032816418578 vs. 1.7820032816418578
list:
dist: 1.980358227775592 vs. 1.980358227775592
list:
dist: 2.5733699606469127 vs. 2.5733699606469127
list:
dist: 1.0411696876968781 vs. 1.0411696876968781
list:
dist: 2.698865552603298 vs. 2.698865552603298
list:
dist: 1.9202770435360041 vs. 1.9202770435360041
list:
dist: 2.8930959893793355 vs. 2.8930959893793355
list:
dist: 2.057075607553138 vs. 2.057075607553138
list:
dist: 2.3957233964668196 vs. 2.3957233964668196
list:
dist: 2.51095904237643 vs. 2.51095904237643
list:
dist: 2.9914641044933457 vs. 2.9914641044933457
list:
dist: 1.189228342999755 vs. 1.189228342999755
list:
dist: 0.779066901919387 vs. 0.779066901919387
list:
dist: 1.042631945170766 vs. 1.042631945170766
list:
dist: 1.0265277674711641 vs. 1.0265277674711641
list:
dist: 2.30039731910562 vs. 2.30039731910562
list:
dist: 1.941105681840933 vs. 1.941105681840933
list:
dist: 1.0202986331040682 vs. 1.0202986331040682
list:
dist: 3.6652406999565983 vs. 3.6652406999565983
list:
dist: 2.5512256840941143 vs. 2.5512256840941143
list:
dist: 3.0418939128906164 vs. 3.0418939128906164
list:
dist: 1.7092721043394616 vs. 1.7092721043394616
list:
dist: 2.0150217881772927 vs. 2.0150217881772927
list:
dist: 2.1189845638369462 vs. 2.1189845638369462
list:
dist: 1.7496983565858502 vs. 1.7496983565858502
list:
dist: 2.2808564905914865 vs. 2.2808564905914865
list:
dist: 1.6809532710932027 vs. 1.6809532710932027
list:
dist: 2.767855536816278 vs. 2.767855536816278
list:
dist: 1.2624368669543506 vs. 1.2624368669543506
list:
dist: 1.3975879263847326 vs. 1.3975879263847326
list:
dist: 1.0240168107452168 vs. 1.0240168107452168
list:
dist: 2.191440880165907 vs. 2.191440880165907
list:
dist: 1.8124990992918322 vs. 1.8124990992918322
list:
dist: 2.2007220107661025 vs. 2.2007220107661025
list:
dist: 3.2697944353742714 vs. 3.2697944353742714
list:
dist: 3.5411451225380217 vs. 3.5411451225380217
list:
dist: 2.9914641044933457 vs. 2.9914641044933457
list:
dist: 2.614999802075421 vs. 2.614999802075421
list:
dist: 1.7703094139193762 vs. 1.7703094139193762
list:
dist: 1.1238343570438543 vs. 1.1238343570438543
list:
dist: 2.1212445451633326 vs. 2.1212445451633326
list:
dist: 3.076574662353037 vs. 3.076574662353037
list:
dist: 2.9108339469688347 vs. 2.9108339469688347
list:
dist: 1.8534182394254928 vs. 1.8534182394254928
list:
dist: 3.963074838096033 vs. 3.963074838096033
list:
dist: 2.6509102291565747 vs. 2.6509102291565747
list:
dist: 3.0954976467902036 vs. 3.0954976467902036
list:
dist: 2.7244140618005854 vs. 2.7244140618005854
list:
dist: 4.24424780758179 vs. 4.24424780758179
list:
dist: 2.2808564905914865 vs. 2.2808564905914865
list:
dist: 4.089022917338855 vs. 4.089022917338855
list:
dist: 4.095793194595786 vs. 4.095793194595786
list:
dist: 3.164044659985291 vs. 3.164044659985291
list:
dist: 2.698865552603298 vs. 2.698865552603298
list:
dist: 2.3839889817548205 vs. 2.3839889817548205
list:
dist: 1.5565084136274356 vs. 1.5565084136274356
list:
dist: 3.1091497940629482 vs. 3.1091497940629482
list:
dist: 3.7292389168206093 vs. 3.7292389168206093
list:
dist: 3.7667165388544346 vs. 3.7667165388544346
list:
dist: 1.7703094139193762 vs. 1.7703094139193762
list:
dist: 3.215980836321663 vs. 3.215980836321663
list:
dist: 1.8196611499706088 vs. 1.8196611499706088
list:
dist: 1.756114295762241 vs. 1.756114295762241
list:
dist: 4.095793194595786 vs. 4.095793194595786
list:
dist: 3.2212210848670324 vs. 3.2212210848670324
list:
dist: 1.6248918725211972 vs. 1.6248918725211972
list:
dist: 1.488791797097945 vs. 1.488791797097945
list:
dist: 1.3028549477918505 vs. 1.3028549477918505
list:
dist: 1.8016678811863909 vs. 1.8016678811863909
list:
dist: 0.7352519450050927 vs. 0.7352519450050927
list:
dist: 2.2007220107661025 vs. 2.2007220107661025
list:
dist: 1.5056475199805488 vs. 1.5056475199805488
list:
dist: 1.5999538945752676 vs. 1.5999538945752676
list:
dist: 2.3965809251269476 vs. 2.3965809251269476
list:
dist: 2.6468007838395677 vs. 2.6468007838395677
list:
dist: 4.571875520569605 vs. 4.571875520569605
list:
dist: 4.621140216769503 vs. 4.621140216769503
list:
dist: 2.013986460775757 vs. 2.013986460775757
list:
dist: 2.5064692456505835 vs. 2.5064692456505835
list:
dist: 2.560862850574206 vs. 2.560862850574206
list:
dist: 0.711981455000324 vs. 0.711981455000324
list:
dist: 1.7975410571539054 vs. 1.7975410571539054
list:
dist: 1.5796536972324953 vs. 1.5796536972324953
list:
dist: 1.7893361929849219 vs. 1.7893361929849219
list:
dist: 1.5141177316737637 vs. 1.5141177316737637
list:
dist: 2.101787345068558 vs. 2.101787345068558
list:
dist: 2.962077089836896 vs. 2.962077089836896
list:
dist: 1.6348715187177199 vs. 1.6348715187177199
list:
dist: 1.0411696876968781 vs. 1.0411696876968781
list:
dist: 2.3839889817548205 vs. 2.3839889817548205
list:
dist: 1.503546255056762 vs. 1.503546255056762
list:
dist: 3.4899435658355746 vs. 3.4899435658355746
list:
dist: 1.8836442338477597 vs. 1.8836442338477597
list:
dist: 3.026999506858848 vs. 3.026999506858848
list:
dist: 3.003432045801592 vs. 3.003432045801592
list:
dist: 2.614999802075421 vs. 2.614999802075421
list:
dist: 3.215980836321663 vs. 3.215980836321663
list:
dist: 2.730628409313649 vs. 2.730628409313649
list:
dist: 1.8534182394254928 vs. 1.8534182394254928
list:
dist: 2.2002519140578443 vs. 2.2002519140578443
list:
dist: 1.941884419281083 vs. 1.941884419281083
list:
dist: 2.542083851821529 vs. 2.542083851821529
list:
dist: 3.091565822438414 vs. 3.091565822438414
list:
dist: 1.6809532710932027 vs. 1.6809532710932027
list:
dist: 3.1320335552465424 vs. 3.1320335552465424
list:
dist: 3.2212210848670324 vs. 3.2212210848670324
list:
dist: 2.422675597988884 vs. 2.422675597988884
list:
dist: 0.893874681302508 vs. 0.893874681302508
list:
dist: 1.1795180901096047 vs. 1.1795180901096047
list:
dist: 3.963074838096033 vs. 3.963074838096033
list:
dist: 1.9543486184128511 vs. 1.9543486184128511
list:
dist: 2.374748310153646 vs. 2.374748310153646
list:
dist: 1.7893361929849219 vs. 1.7893361929849219
list:
dist: 2.502376485185916 vs. 2.502376485185916
list:
dist: 1.623380418934006 vs. 1.623380418934006
list:
dist: 2.28374216732222 vs. 2.28374216732222
list:
dist: 1.938814790656993 vs. 1.938814790656993
list:
dist: 2.3531162808999 vs. 2.3531162808999
list:
dist: 2.767855536816278 vs. 2.767855536816278
list:
dist: 2.795449080143065 vs. 2.795449080143065
list:
dist: 1.6248918725211972 vs. 1.6248918725211972
list:
dist: 2.1495826353283336 vs. 2.1495826353283336
list:
dist: 2.648477302463065 vs. 2.648477302463065
list:
dist: 1.9202770435360041 vs. 1.9202770435360041
list:
dist: 1.503546255056762 vs. 1.503546255056762
list:
dist: 1.5565084136274356 vs. 1.5565084136274356
list:
dist: 1.5649517781621387 vs. 1.5649517781621387
list:
dist: 2.6815154400077947 vs. 2.6815154400077947
list:
dist: 2.5807249563916796 vs. 2.5807249563916796
list:
dist: 1.1238343570438543 vs. 1.1238343570438543
list:
dist: 2.730628409313649 vs. 2.730628409313649
list:
dist: 3.7081709640709555 vs. 3.7081709640709555
list:
dist: 3.069561981274182 vs. 3.069561981274182
list:
dist: 2.057075607553138 vs. 2.057075607553138
list:
dist: 1.8836442338477597 vs. 1.8836442338477597
list:
dist: 3.1091497940629482 vs. 3.1091497940629482
list:
dist: 1.5649517781621387 vs. 1.5649517781621387
list:
dist: 2.997922133370399 vs. 2.997922133370399
list:
dist: 2.043451348544405 vs. 2.043451348544405
list:
dist: 1.7454995113223157 vs. 1.7454995113223157
list:
dist: 2.1212445451633326 vs. 2.1212445451633326
list:
dist: 2.1064438688844707 vs. 2.1064438688844707
list:
dist: 2.9938892402835515 vs. 2.9938892402835515
list:
dist: 1.6109946001630442 vs. 1.6109946001630442
list:
dist: 3.6984849857064517 vs. 3.6984849857064517
list:
dist: 2.0150217881772927 vs. 2.0150217881772927
list:
dist: 3.303189567116951 vs. 3.303189567116951
list:
dist: 1.9070469931204896 vs. 1.9070469931204896
list:
dist: 3.0314754937112753 vs. 3.0314754937112753
list:
dist: 3.2833334926518503 vs. 3.2833334926518503
list:
dist: 1.7034818387078028 vs. 1.7034818387078028
list:
dist: 1.7975410571539054 vs. 1.7975410571539054
list:
dist: 0.9137222672756398 vs. 0.9137222672756398
list:
dist: 2.374748310153646 vs. 2.374748310153646
list:
dist: 3.2602972792349982 vs. 3.2602972792349982
list:
dist: 2.1064438688844707 vs. 2.1064438688844707
list:
dist: 1.0042306789004927 vs. 1.0042306789004927
list:
dist: 0.8285401362566248 vs. 0.8285401362566248
list:
dist: 2.6509102291565747 vs. 2.6509102291565747
list:
dist: 2.2002519140578443 vs. 2.2002519140578443
list:
dist: 1.623380418934006 vs. 1.623380418934006
list:
dist: 1.0361762200918083 vs. 1.0361762200918083
list:
dist: 0.9290743384067229 vs. 0.9290743384067229
list:
dist: 1.8509556745385833 vs. 1.8509556745385833
list:
dist: 1.2624368669543506 vs. 1.2624368669543506
list:
dist: 2.067230608191636 vs. 2.067230608191636
list:
dist: 1.488791797097945 vs. 1.488791797097945
list:
dist: 2.7460840716384056 vs. 2.7460840716384056
list:
dist: 1.6109946001630442 vs. 1.6109946001630442
list:
dist: 1.3549311002681046 vs. 1.3549311002681046
list:
dist: 0.9034901106148562 vs. 0.9034901106148562
list:
dist: 2.7244140618005854 vs. 2.7244140618005854
list:
dist: 2.542083851821529 vs. 2.542083851821529
list:
dist: 1.938814790656993 vs. 1.938814790656993
list:
dist: 0.9290743384067229 vs. 0.9290743384067229
list:
dist: 1.6188770076194867 vs. 1.6188770076194867
list:
dist: 2.099044904670367 vs. 2.099044904670367
list:
dist: 1.0240168107452168 vs. 1.0240168107452168
list:
dist: 1.7782685875161275 vs. 1.7782685875161275
list:
dist: 1.8016678811863909 vs. 1.8016678811863909
list:
dist: 2.58872833223087 vs. 2.58872833223087
list:
dist: 2.535106583527624 vs. 2.535106583527624
list:
dist: 2.7983779812017446 vs. 2.7983779812017446
list:
dist: 2.9418181429838377 vs. 2.9418181429838377
list:
dist: 1.7034818387078028 vs. 1.7034818387078028
list:
dist: 0.711981455000324 vs. 0.711981455000324
list:
dist: 1.8197357109518142 vs. 1.8197357109518142
list:
dist: 1.9543486184128511 vs. 1.9543486184128511
list:
dist: 1.7588335558011159 vs. 1.7588335558011159
list:
dist: 4.20386825622369 vs. 4.20386825622369
list:
dist: 3.188933621127651 vs. 3.188933621127651
list:
dist: 4.525162671909694 vs. 4.525162671909694
list:
dist: 2.51095904237643 vs. 2.51095904237643
list:
dist: 3.003432045801592 vs. 3.003432045801592
list:
dist: 3.7667165388544346 vs. 3.7667165388544346
list:
dist: 2.5807249563916796 vs. 2.5807249563916796
list:
dist: 2.62637259253673 vs. 2.62637259253673
list:
dist: 1.7454995113223157 vs. 1.7454995113223157
list:
dist: 0.46609406635236095 vs. 0.46609406635236095
list:
dist: 2.9108339469688347 vs. 2.9108339469688347
list:
dist: 2.9418181429838377 vs. 2.9418181429838377
list:
dist: 3.2833334926518503 vs. 3.2833334926518503
list:
dist: 2.560862850574206 vs. 2.560862850574206
list:
dist: 3.176514965317102 vs. 3.176514965317102
list:
dist: 1.1795180901096047 vs. 1.1795180901096047
list:
dist: 0.8285401362566248 vs. 0.8285401362566248
list:
dist: 1.8120891681801419 vs. 1.8120891681801419
list:
dist: 0.9034901106148562 vs. 0.9034901106148562
list:
dist: 2.3035332079677113 vs. 2.3035332079677113
list:
dist: 1.7496983565858502 vs. 1.7496983565858502
list:
dist: 2.375282911283095 vs. 2.375282911283095
list:
dist: 1.756114295762241 vs. 1.756114295762241
list:
dist: 2.9938892402835515 vs. 2.9938892402835515
list:
dist: 1.9424850587095956 vs. 1.9424850587095956
list:
dist: 1.8120891681801419 vs. 1.8120891681801419
list:
dist: 3.0954976467902036 vs. 3.0954976467902036
list:
dist: 1.941884419281083 vs. 1.941884419281083
list:
dist: 2.28374216732222 vs. 2.28374216732222
list:
dist: 1.0361762200918083 vs. 1.0361762200918083
list:
dist: 1.6188770076194867 vs. 1.6188770076194867
list:
dist: 1.2433234887071396 vs. 1.2433234887071396
list:
dist: 1.3975879263847326 vs. 1.3975879263847326
list:
dist: 1.7354302085916928 vs. 1.7354302085916928
list:
dist: 1.3028549477918505 vs. 1.3028549477918505
list:
dist: 2.825000409212042 vs. 2.825000409212042
list:
dist: 2.627845577765094 vs. 2.627845577765094
list:
dist: 1.8944703193912125 vs. 1.8944703193912125
list:
dist: 1.9215813001111124 vs. 1.9215813001111124
list:
dist: 2.30039731910562 vs. 2.30039731910562
list:
dist: 2.6966744662126167 vs. 2.6966744662126167
list:
dist: 1.777374805452783 vs. 1.777374805452783
list:
dist: 1.6263783585421536 vs. 1.6263783585421536
list:
dist: 1.902665677508 vs. 1.902665677508
list:
dist: 3.6062767479530056 vs. 3.6062767479530056
list:
dist: 3.36768844707563 vs. 3.36768844707563
list:
dist: 0.9945741870304075 vs. 0.9945741870304075
list:
dist: 1.7588335558011159 vs. 1.7588335558011159
list:
dist: 3.2602972792349982 vs. 3.2602972792349982
list:
dist: 1.5141177316737637 vs. 1.5141177316737637
list:
dist: 3.063677974792333 vs. 3.063677974792333
list:
dist: 2.1495826353283336 vs. 2.1495826353283336
list:
dist: 2.7460840716384056 vs. 2.7460840716384056
list:
dist: 2.825000409212042 vs. 2.825000409212042
list:
dist: 2.58872833223087 vs. 2.58872833223087
list:
dist: 1.9104597187183647 vs. 1.9104597187183647
list:
dist: 3.2697944353742714 vs. 3.2697944353742714
list:
dist: 1.9927792789384362 vs. 1.9927792789384362
list:
dist: 1.5999538945752676 vs. 1.5999538945752676
list:
dist: 3.303189567116951 vs. 3.303189567116951
list:
dist: 2.6962002089734374 vs. 2.6962002089734374
list:
dist: 2.375282911283095 vs. 2.375282911283095
list:
dist: 4.089022917338855 vs. 4.089022917338855
list:
dist: 3.1320335552465424 vs. 3.1320335552465424
list:
dist: 2.795449080143065 vs. 2.795449080143065
list:
dist: 2.067230608191636 vs. 2.067230608191636
list:
dist: 1.7354302085916928 vs. 1.7354302085916928
list:
dist: 1.7782685875161275 vs. 1.7782685875161275
list:
dist: 1.179672508743661 vs. 1.179672508743661
list:
dist: 1.8124990992918322 vs. 1.8124990992918322
list:
dist: 1.5056475199805488 vs. 1.5056475199805488
list:
dist: 1.9927792789384362 vs. 1.9927792789384362
list:
dist: 3.6984849857064517 vs. 3.6984849857064517
list:
dist: 2.4362411028047615 vs. 2.4362411028047615
list:
dist: 2.3035332079677113 vs. 2.3035332079677113
list:
dist: 4.24424780758179 vs. 4.24424780758179
list:
dist: 3.091565822438414 vs. 3.091565822438414
list:
dist: 2.3531162808999 vs. 2.3531162808999
list:
dist: 1.8509556745385833 vs. 1.8509556745385833
list:
dist: 1.2433234887071396 vs. 1.2433234887071396
list:
dist: 2.099044904670367 vs. 2.099044904670367
list:
dist: 2.191440880165907 vs. 2.191440880165907
list:
dist: 1.179672508743661 vs. 1.179672508743661
list:
dist: 0.7352519450050927 vs. 0.7352519450050927
list:
dist: 1.9104597187183647 vs. 1.9104597187183647
list:
dist: 4.026599323404936 vs. 4.026599323404936
list:
dist: 2.869068222910535 vs. 2.869068222910535
list:
dist: 4.609471598687858 vs. 4.609471598687858
list:
dist: 2.3957233964668196 vs. 2.3957233964668196
list:
dist: 3.026999506858848 vs. 3.026999506858848
list:
dist: 3.7292389168206093 vs. 3.7292389168206093
list:
dist: 2.6815154400077947 vs. 2.6815154400077947
list:
dist: 2.6150191775243594 vs. 2.6150191775243594
list:
dist: 2.043451348544405 vs. 2.043451348544405
list:
dist: 0.46609406635236095 vs. 0.46609406635236095
list:
dist: 3.076574662353037 vs. 3.076574662353037
list:
dist: 2.7983779812017446 vs. 2.7983779812017446
list:
dist: 3.0314754937112753 vs. 3.0314754937112753
list:
dist: 2.5064692456505835 vs. 2.5064692456505835
list:
dist: 3.04407774957594 vs. 3.04407774957594
list:
dist: 0.893874681302508 vs. 0.893874681302508
list:
dist: 1.0042306789004927 vs. 1.0042306789004927
list:
dist: 1.9424850587095956 vs. 1.9424850587095956
list:
dist: 1.3549311002681046 vs. 1.3549311002681046
list:
dist: 2.4362411028047615 vs. 2.4362411028047615
list:
dist: 2.1189845638369462 vs. 2.1189845638369462
list:
dist: 2.6962002089734374 vs. 2.6962002089734374
list:
dist: 1.8196611499706088 vs. 1.8196611499706088
list:
dist: 1.201792656784648 vs. 1.201792656784648
list:
dist: 3.04407774957594 vs. 3.04407774957594
list:
dist: 3.176514965317102 vs. 3.176514965317102
list:
dist: 1.8197357109518142 vs. 1.8197357109518142
list:
dist: 0.9137222672756398 vs. 0.9137222672756398
list:
dist: 1.5796536972324953 vs. 1.5796536972324953
list:
dist: 2.502376485185916 vs. 2.502376485185916
list:
dist: 3.063677974792333 vs. 3.063677974792333
list:
dist: 2.6575653038042697 vs. 2.6575653038042697
list:
dist: 1.2119836032709168 vs. 1.2119836032709168
list:
dist: 0.8846813180484395 vs. 0.8846813180484395
list:
dist: 2.4373697546095836 vs. 2.4373697546095836
list:
dist: 2.993346757517322 vs. 2.993346757517322
list:
dist: 2.1330042155897835 vs. 2.1330042155897835
list:
dist: 3.374995598371875 vs. 3.374995598371875
list:
dist: 2.445931275594733 vs. 2.445931275594733
list:
dist: 2.810341192534287 vs. 2.810341192534287
list:
dist: 2.7764291350268775 vs. 2.7764291350268775
list:
dist: 2.4413262411877215 vs. 2.4413262411877215
list:
dist: 2.328823920017516 vs. 2.328823920017516
list:
dist: 0.9028272083342798 vs. 0.9028272083342798
list:
dist: 0.9549887135569886 vs. 0.9549887135569886
list:
dist: 0.779066901919387 vs. 0.779066901919387
list:
dist: 1.3293853829094946 vs. 1.3293853829094946
list:
dist: 1.8944703193912125 vs. 1.8944703193912125
list:
dist: 2.1832709646060935 vs. 2.1832709646060935
list:
dist: 1.1962153137862777 vs. 1.1962153137862777
list:
dist: 3.4950015514669395 vs. 3.4950015514669395
list:
dist: 2.398299588346964 vs. 2.398299588346964
list:
dist: 3.1137702262482754 vs. 3.1137702262482754
list:
dist: 1.7575079512903256 vs. 1.7575079512903256
list:
dist: 1.2145302223128422 vs. 1.2145302223128422
list:
dist: 2.1181839113174066 vs. 2.1181839113174066
list:
dist: 1.9024731221870637 vs. 1.9024731221870637
list:
dist: 0.7500861549095523 vs. 0.7500861549095523
list:
dist: 1.9711649243868226 vs. 1.9711649243868226
list:
dist: 2.3625018540759095 vs. 2.3625018540759095
list:
dist: 2.9931094109013676 vs. 2.9931094109013676
list:
dist: 1.8326532724926683 vs. 1.8326532724926683
list:
dist: 1.9169412490170281 vs. 1.9169412490170281
list:
dist: 3.0796980579480313 vs. 3.0796980579480313
list:
dist: 2.6399175972215767 vs. 2.6399175972215767
list:
dist: 2.3390483152626866 vs. 2.3390483152626866
list:
dist: 2.6757092229763746 vs. 2.6757092229763746
list:
dist: 2.3870439515389235 vs. 2.3870439515389235
list:
dist: 2.9114576457021664 vs. 2.9114576457021664
list:
dist: 2.487384075399243 vs. 2.487384075399243
list:
dist: 3.7714399796661158 vs. 3.7714399796661158
list:
dist: 4.33641577466647 vs. 4.33641577466647
list:
dist: 3.4163479549570592 vs. 3.4163479549570592
list:
dist: 4.793606527276302 vs. 4.793606527276302
list:
dist: 4.08321986614685 vs. 4.08321986614685
list:
dist: 3.1821717406481445 vs. 3.1821717406481445
list:
dist: 3.1908347250802205 vs. 3.1908347250802205
list:
dist: 4.419127216727042 vs. 4.419127216727042
list:
dist: 1.7661406925615422 vs. 1.7661406925615422
list:
dist: 1.1962153137862777 vs. 1.1962153137862777
list:
dist: 0.8282580981663663 vs. 0.8282580981663663
list:
dist: 1.0202986331040682 vs. 1.0202986331040682
list:
dist: 1.3062387236907758 vs. 1.3062387236907758
list:
dist: 1.6263783585421536 vs. 1.6263783585421536
list:
dist: 1.0352159292239522 vs. 1.0352159292239522
list:
dist: 2.9822646126316568 vs. 2.9822646126316568
list:
dist: 2.7624682080779928 vs. 2.7624682080779928
list:
dist: 2.5355783497389126 vs. 2.5355783497389126
list:
dist: 2.0118943189094005 vs. 2.0118943189094005
list:
dist: 1.7092721043394616 vs. 1.7092721043394616
list:
dist: 1.902665677508 vs. 1.902665677508
list:
dist: 2.4501432479545833 vs. 2.4501432479545833
list:
dist: 2.9822646126316568 vs. 2.9822646126316568
list:
dist: 1.4684584016194049 vs. 1.4684584016194049
list:
dist: 2.3965809251269476 vs. 2.3965809251269476
list:
dist: 1.6264065817219635 vs. 1.6264065817219635
list:
dist: 2.398299588346964 vs. 2.398299588346964
list:
dist: 1.9557239105467994 vs. 1.9557239105467994
list:
dist: 2.5512256840941143 vs. 2.5512256840941143
list:
dist: 1.7161253212618843 vs. 1.7161253212618843
list:
dist: 3.6062767479530056 vs. 3.6062767479530056
list:
dist: 3.636004813907108 vs. 3.636004813907108
list:
dist: 2.7624682080779928 vs. 2.7624682080779928
list:
dist: 1.1745546334020063 vs. 1.1745546334020063
list:
dist: 2.197588138345282 vs. 2.197588138345282
list:
dist: 2.2021561373763934 vs. 2.2021561373763934
list:
dist: 2.8015609156305485 vs. 2.8015609156305485
list:
dist: 3.5732689213456927 vs. 3.5732689213456927
list:
dist: 3.3986468617236065 vs. 3.3986468617236065
list:
dist: 4.886512753847015 vs. 4.886512753847015
list:
dist: 3.6750222187887385 vs. 3.6750222187887385
list:
dist: 4.33190190058773 vs. 4.33190190058773
list:
dist: 4.614678984501575 vs. 4.614678984501575
list:
dist: 3.162754184903612 vs. 3.162754184903612
list:
dist: 3.1218211289190303 vs. 3.1218211289190303
list:
dist: 1.0773267835727367 vs. 1.0773267835727367
list:
dist: 1.3293853829094946 vs. 1.3293853829094946
list:
dist: 0.8048946733064477 vs. 0.8048946733064477
list:
dist: 1.0265277674711641 vs. 1.0265277674711641
list:
dist: 2.6966744662126167 vs. 2.6966744662126167
list:
dist: 2.1965341029520196 vs. 2.1965341029520196
list:
dist: 1.3062387236907758 vs. 1.3062387236907758
list:
dist: 2.757253156786848 vs. 2.757253156786848
list:
dist: 1.7161253212618843 vs. 1.7161253212618843
list:
dist: 2.187628353977473 vs. 2.187628353977473
list:
dist: 2.897814800075307 vs. 2.897814800075307
list:
dist: 3.1137702262482754 vs. 3.1137702262482754
list:
dist: 2.1703127126157717 vs. 2.1703127126157717
list:
dist: 3.0418939128906164 vs. 3.0418939128906164
list:
dist: 2.187628353977473 vs. 2.187628353977473
list:
dist: 3.36768844707563 vs. 3.36768844707563
list:
dist: 2.7950040413669295 vs. 2.7950040413669295
list:
dist: 2.5355783497389126 vs. 2.5355783497389126
list:
dist: 2.2783399996435416 vs. 2.2783399996435416
list:
dist: 2.197588138345282 vs. 2.197588138345282
list:
dist: 2.68534085679618 vs. 2.68534085679618
list:
dist: 2.1328525768220845 vs. 2.1328525768220845
list:
dist: 2.1977445542002125 vs. 2.1977445542002125
list:
dist: 1.9909110303561453 vs. 1.9909110303561453
list:
dist: 2.8148116738595044 vs. 2.8148116738595044
list:
dist: 1.6647992567072245 vs. 1.6647992567072245
list:
dist: 2.531707920807594 vs. 2.531707920807594
list:
dist: 2.7777180429017276 vs. 2.7777180429017276
list:
dist: 1.1912069435560213 vs. 1.1912069435560213
list:
dist: 1.1615430859995197 vs. 1.1615430859995197
list:
dist: 2.7996959860634223 vs. 2.7996959860634223
list:
dist: 2.1832709646060935 vs. 2.1832709646060935
list:
dist: 1.7875167264844087 vs. 1.7875167264844087
list:
dist: 1.941105681840933 vs. 1.941105681840933
list:
dist: 2.1965341029520196 vs. 2.1965341029520196
list:
dist: 1.777374805452783 vs. 1.777374805452783
list:
dist: 1.0352159292239522 vs. 1.0352159292239522
list:
dist: 2.4501432479545833 vs. 2.4501432479545833
list:
dist: 3.636004813907108 vs. 3.636004813907108
list:
dist: 2.7950040413669295 vs. 2.7950040413669295
list:
dist: 1.6255746127022441 vs. 1.6255746127022441
list:
dist: 1.1222541589321187 vs. 1.1222541589321187
list:
dist: 0.9549887135569886 vs. 0.9549887135569886
list:
dist: 1.042631945170766 vs. 1.042631945170766
list:
dist: 0.8048946733064477 vs. 0.8048946733064477
list:
dist: 1.9215813001111124 vs. 1.9215813001111124
list:
dist: 1.7875167264844087 vs. 1.7875167264844087
list:
dist: 0.8282580981663663 vs. 0.8282580981663663
list:
dist: 2.930123283509441 vs. 2.930123283509441
list:
dist: 1.9557239105467994 vs. 1.9557239105467994
list:
dist: 2.1703127126157717 vs. 2.1703127126157717
list:
dist: 3.5061550030526822 vs. 3.5061550030526822
list:
dist: 2.420930748571186 vs. 2.420930748571186
list:
dist: 2.1181839113174066 vs. 2.1181839113174066
list:
dist: 2.8103535072147245 vs. 2.8103535072147245
list:
dist: 2.160738951900671 vs. 2.160738951900671
list:
dist: 2.2516781003180015 vs. 2.2516781003180015
list:
dist: 3.705220152012848 vs. 3.705220152012848
list:
dist: 4.279286367092819 vs. 4.279286367092819
list:
dist: 3.3907324163433614 vs. 3.3907324163433614
list:
dist: 3.5114166461814684 vs. 3.5114166461814684
list:
dist: 3.710014699092108 vs. 3.710014699092108
list:
dist: 2.713612840781945 vs. 2.713612840781945
list:
dist: 2.834353371199833 vs. 2.834353371199833
list:
dist: 3.752701015041058 vs. 3.752701015041058
list:
dist: 3.1725763439671795 vs. 3.1725763439671795
list:
dist: 3.5421235450371493 vs. 3.5421235450371493
list:
dist: 2.57241606642338 vs. 2.57241606642338
list:
dist: 3.270580227973528 vs. 3.270580227973528
list:
dist: 3.735673685738001 vs. 3.735673685738001
list:
dist: 2.973849270737909 vs. 2.973849270737909
list:
dist: 4.459555674221216 vs. 4.459555674221216
list:
dist: 4.249240303582904 vs. 4.249240303582904
list:
dist: 3.2459644285677585 vs. 3.2459644285677585
list:
dist: 2.9088402733736602 vs. 2.9088402733736602
list:
dist: 4.3136911189875855 vs. 4.3136911189875855
list:
dist: 3.8641646748870793 vs. 3.8641646748870793
list:
dist: 4.793606527276302 vs. 4.793606527276302
list:
dist: 4.459555674221216 vs. 4.459555674221216
list:
dist: 3.1801843983451734 vs. 3.1801843983451734
list:
dist: 4.088501632286662 vs. 4.088501632286662
list:
dist: 2.823431577889204 vs. 2.823431577889204
list:
dist: 3.3798416929073913 vs. 3.3798416929073913
list:
dist: 3.3908108533014802 vs. 3.3908108533014802
list:
dist: 3.0211470658138566 vs. 3.0211470658138566
list:
dist: 3.0028788770734343 vs. 3.0028788770734343
list:
dist: 2.7117371079128216 vs. 2.7117371079128216
list:
dist: 2.9705311418827156 vs. 2.9705311418827156
list:
dist: 2.3684973500544895 vs. 2.3684973500544895
list:
dist: 3.0648037988078953 vs. 3.0648037988078953
list:
dist: 1.4721298528757656 vs. 1.4721298528757656
list:
dist: 1.5012915983164163 vs. 1.5012915983164163
list:
dist: 1.15690115848991 vs. 1.15690115848991
list:
dist: 1.653877415790859 vs. 1.653877415790859
list:
dist: 1.694197910776332 vs. 1.694197910776332
list:
dist: 0.9591015588725322 vs. 0.9591015588725322
list:
dist: 1.2219942983014849 vs. 1.2219942983014849
list:
dist: 3.764782028782312 vs. 3.764782028782312
list:
dist: 2.330328012868674 vs. 2.330328012868674
list:
dist: 3.6650531861306814 vs. 3.6650531861306814
list:
dist: 2.4973137011582214 vs. 2.4973137011582214
list:
dist: 1.2833559942611943 vs. 1.2833559942611943
list:
dist: 1.2589895564052604 vs. 1.2589895564052604
list:
dist: 2.0876696709517035 vs. 2.0876696709517035
list:
dist: 3.5112234169279857 vs. 3.5112234169279857
list:
dist: 2.525512728486989 vs. 2.525512728486989
list:
dist: 3.5126919019489513 vs. 3.5126919019489513
list:
dist: 2.473964871581806 vs. 2.473964871581806
list:
dist: 2.68136809532081 vs. 2.68136809532081
list:
dist: 3.509536280092053 vs. 3.509536280092053
list:
dist: 2.4873030716896616 vs. 2.4873030716896616
list:
dist: 3.5140084555526627 vs. 3.5140084555526627
list:
dist: 3.5191087374605847 vs. 3.5191087374605847
list:
dist: 3.0899929490803544 vs. 3.0899929490803544
list:
dist: 3.717871321516328 vs. 3.717871321516328
list:
dist: 2.328823920017516 vs. 2.328823920017516
list:
dist: 1.1918719941091638 vs. 1.1918719941091638
list:
dist: 3.162754184903612 vs. 3.162754184903612
list:
dist: 1.1912069435560213 vs. 1.1912069435560213
list:
dist: 2.596669967999103 vs. 2.596669967999103
list:
dist: 2.889183935865417 vs. 2.889183935865417
list:
dist: 2.791533409359539 vs. 2.791533409359539
list:
dist: 1.5198102740536816 vs. 1.5198102740536816
list:
dist: 1.8409650260216117 vs. 1.8409650260216117
list:
dist: 0.98959674081187 vs. 0.98959674081187
list:
dist: 1.3976783232977303 vs. 1.3976783232977303
list:
dist: 2.0279765478356446 vs. 2.0279765478356446
list:
dist: 0.0643199773464602 vs. 0.0643199773464602
list:
dist: 2.3650745674220737 vs. 2.3650745674220737
list:
dist: 3.7309999881113725 vs. 3.7309999881113725
list:
dist: 2.810341192534287 vs. 2.810341192534287
list:
dist: 3.434464894142629 vs. 3.434464894142629
list:
dist: 3.5140084555526627 vs. 3.5140084555526627
list:
dist: 3.6750222187887385 vs. 3.6750222187887385
list:
dist: 1.6647992567072245 vs. 1.6647992567072245
list:
dist: 3.2701918214826957 vs. 3.2701918214826957
list:
dist: 2.5489310982768525 vs. 2.5489310982768525
list:
dist: 2.341382527643425 vs. 2.341382527643425
list:
dist: 1.162409824335735 vs. 1.162409824335735
list:
dist: 1.264822702276159 vs. 1.264822702276159
list:
dist: 1.3025759546403937 vs. 1.3025759546403937
list:
dist: 1.1565923807487202 vs. 1.1565923807487202
list:
dist: 0.98959674081187 vs. 0.98959674081187
list:
dist: 0.9728582749012592 vs. 0.9728582749012592
list:
dist: 2.0618315314032376 vs. 2.0618315314032376
list:
dist: 3.290173176910964 vs. 3.290173176910964
list:
dist: 2.1330042155897835 vs. 2.1330042155897835
list:
dist: 2.473500589754159 vs. 2.473500589754159
list:
dist: 2.68136809532081 vs. 2.68136809532081
list:
dist: 3.361470527114879 vs. 3.361470527114879
list:
dist: 4.33641577466647 vs. 4.33641577466647
list:
dist: 3.735673685738001 vs. 3.735673685738001
list:
dist: 3.200206945287643 vs. 3.200206945287643
list:
dist: 3.7503757792307213 vs. 3.7503757792307213
list:
dist: 2.519776315987402 vs. 2.519776315987402
list:
dist: 2.6321626169780616 vs. 2.6321626169780616
list:
dist: 2.353445365214346 vs. 2.353445365214346
list:
dist: 2.356254002489872 vs. 2.356254002489872
list:
dist: 3.0781296971266006 vs. 3.0781296971266006
list:
dist: 2.6844379223072883 vs. 2.6844379223072883
list:
dist: 2.3882080608462304 vs. 2.3882080608462304
list:
dist: 1.942325069748823 vs. 1.942325069748823
list:
dist: 1.687078884886891 vs. 1.687078884886891
list:
dist: 1.3260566167918524 vs. 1.3260566167918524
list:
dist: 1.4721298528757656 vs. 1.4721298528757656
list:
dist: 2.006204982883691 vs. 2.006204982883691
list:
dist: 1.6346399132988945 vs. 1.6346399132988945
list:
dist: 1.774783238134687 vs. 1.774783238134687
list:
dist: 1.15461760722423 vs. 1.15461760722423
list:
dist: 2.7278897846857784 vs. 2.7278897846857784
list:
dist: 2.01008661332917 vs. 2.01008661332917
list:
dist: 3.1378269302857937 vs. 3.1378269302857937
list:
dist: 2.129869367140655 vs. 2.129869367140655
list:
dist: 2.2100021953465547 vs. 2.2100021953465547
list:
dist: 0.9748427682607737 vs. 0.9748427682607737
list:
dist: 1.7893694390520045 vs. 1.7893694390520045
list:
dist: 3.1218211289190303 vs. 3.1218211289190303
list:
dist: 1.1615430859995197 vs. 1.1615430859995197
list:
dist: 2.6003336912676507 vs. 2.6003336912676507
list:
dist: 2.841188885765264 vs. 2.841188885765264
list:
dist: 2.767664407003064 vs. 2.767664407003064
list:
dist: 1.46798219835599 vs. 1.46798219835599
list:
dist: 1.8614133118060097 vs. 1.8614133118060097
list:
dist: 0.9728582749012592 vs. 0.9728582749012592
list:
dist: 1.4062070999416005 vs. 1.4062070999416005
list:
dist: 2.0131723559460295 vs. 2.0131723559460295
list:
dist: 0.0643199773464602 vs. 0.0643199773464602
list:
dist: 2.399085535871997 vs. 2.399085535871997
list:
dist: 3.7552895486403117 vs. 3.7552895486403117
list:
dist: 2.7764291350268775 vs. 2.7764291350268775
list:
dist: 3.429116304934344 vs. 3.429116304934344
list:
dist: 3.5191087374605847 vs. 3.5191087374605847
list:
dist: 0.9028272083342798 vs. 0.9028272083342798
list:
dist: 1.1222541589321187 vs. 1.1222541589321187
list:
dist: 1.189228342999755 vs. 1.189228342999755
list:
dist: 1.0773267835727367 vs. 1.0773267835727367
list:
dist: 2.627845577765094 vs. 2.627845577765094
list:
dist: 2.7996959860634223 vs. 2.7996959860634223
list:
dist: 1.7661406925615422 vs. 1.7661406925615422
list:
dist: 2.779967772720205 vs. 2.779967772720205
list:
dist: 1.6264065817219635 vs. 1.6264065817219635
list:
dist: 2.897814800075307 vs. 2.897814800075307
list:
dist: 0.9945741870304075 vs. 0.9945741870304075
list:
dist: 1.6255746127022441 vs. 1.6255746127022441
list:
dist: 2.0118943189094005 vs. 2.0118943189094005
list:
dist: 1.4684584016194049 vs. 1.4684584016194049
list:
dist: 2.6468007838395677 vs. 2.6468007838395677
list:
dist: 2.967978998935955 vs. 2.967978998935955
list:
dist: 3.5066383032580206 vs. 3.5066383032580206
list:
dist: 3.2701918214826957 vs. 3.2701918214826957
list:
dist: 2.4052242241862105 vs. 2.4052242241862105
list:
dist: 3.6876176384826933 vs. 3.6876176384826933
list:
dist: 2.596669967999103 vs. 2.596669967999103
list:
dist: 2.6003336912676507 vs. 2.6003336912676507
list:
dist: 3.432230521845693 vs. 3.432230521845693
list:
dist: 4.3020261276484035 vs. 4.3020261276484035
list:
dist: 4.614678984501575 vs. 4.614678984501575
list:
dist: 2.7777180429017276 vs. 2.7777180429017276
list:
dist: 3.6876176384826933 vs. 3.6876176384826933
list:
dist: 3.113703069263605 vs. 3.113703069263605
list:
dist: 2.9589567958176906 vs. 2.9589567958176906
list:
dist: 1.3995970664167274 vs. 1.3995970664167274
list:
dist: 1.074600545523725 vs. 1.074600545523725
list:
dist: 1.1565923807487202 vs. 1.1565923807487202
list:
dist: 1.3930768540367833 vs. 1.3930768540367833
list:
dist: 2.0279765478356446 vs. 2.0279765478356446
list:
dist: 2.0131723559460295 vs. 2.0131723559460295
list:
dist: 1.8170005890313488 vs. 1.8170005890313488
list:
dist: 2.5818130864796123 vs. 2.5818130864796123
list:
dist: 2.445931275594733 vs. 2.445931275594733
list:
dist: 1.7895775972427375 vs. 1.7895775972427375
list:
dist: 2.4873030716896616 vs. 2.4873030716896616
list:
dist: 4.33190190058773 vs. 4.33190190058773
list:
dist: 2.531707920807594 vs. 2.531707920807594
list:
dist: 2.4052242241862105 vs. 2.4052242241862105
list:
dist: 3.73045145731433 vs. 3.73045145731433
list:
dist: 3.6438980840952375 vs. 3.6438980840952375
list:
dist: 1.5138576996737785 vs. 1.5138576996737785
list:
dist: 1.1553782270410342 vs. 1.1553782270410342
list:
dist: 1.3025759546403937 vs. 1.3025759546403937
list:
dist: 1.3930768540367833 vs. 1.3930768540367833
list:
dist: 1.3976783232977303 vs. 1.3976783232977303
list:
dist: 1.4062070999416005 vs. 1.4062070999416005
list:
dist: 1.4010216544808456 vs. 1.4010216544808456
list:
dist: 2.5046228275265374 vs. 2.5046228275265374
list:
dist: 3.374995598371875 vs. 3.374995598371875
list:
dist: 3.047262750525636 vs. 3.047262750525636
list:
dist: 3.509536280092053 vs. 3.509536280092053
list:
dist: 1.1456195038430634 vs. 1.1456195038430634
list:
dist: 2.2021561373763934 vs. 2.2021561373763934
list:
dist: 2.68534085679618 vs. 2.68534085679618
list:
dist: 1.5600529894265067 vs. 1.5600529894265067
list:
dist: 2.344963067618909 vs. 2.344963067618909
list:
dist: 2.6575653038042697 vs. 2.6575653038042697
list:
dist: 3.3986468617236065 vs. 3.3986468617236065
list:
dist: 1.9909110303561453 vs. 1.9909110303561453
list:
dist: 2.967978998935955 vs. 2.967978998935955
list:
dist: 2.50499030868806 vs. 2.50499030868806
list:
dist: 2.8705010800922 vs. 2.8705010800922
list:
dist: 2.0445995554821534 vs. 2.0445995554821534
list:
dist: 1.162409824335735 vs. 1.162409824335735
list:
dist: 1.5138576996737785 vs. 1.5138576996737785
list:
dist: 1.3995970664167274 vs. 1.3995970664167274
list:
dist: 1.5198102740536816 vs. 1.5198102740536816
list:
dist: 1.46798219835599 vs. 1.46798219835599
list:
dist: 2.715806006212588 vs. 2.715806006212588
list:
dist: 3.6761758956049237 vs. 3.6761758956049237
list:
dist: 2.4373697546095836 vs. 2.4373697546095836
list:
dist: 3.000108864491359 vs. 3.000108864491359
list:
dist: 3.5126919019489513 vs. 3.5126919019489513
list:
dist: 3.569154689936682 vs. 3.569154689936682
list:
dist: 2.9743094037754174 vs. 2.9743094037754174
list:
dist: 3.000108864491359 vs. 3.000108864491359
list:
dist: 2.1229300138779 vs. 2.1229300138779
list:
dist: 2.473500589754159 vs. 2.473500589754159
list:
dist: 3.047262750525636 vs. 3.047262750525636
list:
dist: 1.7895775972427375 vs. 1.7895775972427375
list:
dist: 3.434464894142629 vs. 3.434464894142629
list:
dist: 3.429116304934344 vs. 3.429116304934344
list:
dist: 2.7324620839031586 vs. 2.7324620839031586
list:
dist: 3.073064241193848 vs. 3.073064241193848
list:
dist: 2.4413262411877215 vs. 2.4413262411877215
list:
dist: 1.1918719941091638 vs. 1.1918719941091638
list:
dist: 2.8643133679239607 vs. 2.8643133679239607
list:
dist: 3.5732689213456927 vs. 3.5732689213456927
list:
dist: 2.1977445542002125 vs. 2.1977445542002125
list:
dist: 2.344963067618909 vs. 2.344963067618909
list:
dist: 1.3254808391433046 vs. 1.3254808391433046
list:
dist: 2.8705010800922 vs. 2.8705010800922
list:
dist: 3.2481373984036668 vs. 3.2481373984036668
list:
dist: 2.341382527643425 vs. 2.341382527643425
list:
dist: 3.6438980840952375 vs. 3.6438980840952375
list:
dist: 2.9589567958176906 vs. 2.9589567958176906
list:
dist: 2.791533409359539 vs. 2.791533409359539
list:
dist: 2.767664407003064 vs. 2.767664407003064
list:
dist: 0.8846813180484395 vs. 0.8846813180484395
list:
dist: 2.9743094037754174 vs. 2.9743094037754174
list:
dist: 2.525512728486989 vs. 2.525512728486989
list:
dist: 1.8839945139381367 vs. 1.8839945139381367
list:
dist: 2.8015609156305485 vs. 2.8015609156305485
list:
dist: 2.1328525768220845 vs. 2.1328525768220845
list:
dist: 1.5600529894265067 vs. 1.5600529894265067
list:
dist: 1.3254808391433046 vs. 1.3254808391433046
list:
dist: 2.50499030868806 vs. 2.50499030868806
list:
dist: 3.694471165683963 vs. 3.694471165683963
list:
dist: 2.5489310982768525 vs. 2.5489310982768525
list:
dist: 3.73045145731433 vs. 3.73045145731433
list:
dist: 3.113703069263605 vs. 3.113703069263605
list:
dist: 2.889183935865417 vs. 2.889183935865417
list:
dist: 2.841188885765264 vs. 2.841188885765264
list:
dist: 1.2119836032709168 vs. 1.2119836032709168
list:
dist: 3.569154689936682 vs. 3.569154689936682
list:
dist: 3.5112234169279857 vs. 3.5112234169279857
list:
dist: 4.886512753847015 vs. 4.886512753847015
list:
dist: 2.8148116738595044 vs. 2.8148116738595044
list:
dist: 3.5066383032580206 vs. 3.5066383032580206
list:
dist: 3.694471165683963 vs. 3.694471165683963
list:
dist: 3.2481373984036668 vs. 3.2481373984036668
list:
dist: 2.0445995554821534 vs. 2.0445995554821534
list:
dist: 1.264822702276159 vs. 1.264822702276159
list:
dist: 1.1553782270410342 vs. 1.1553782270410342
list:
dist: 1.074600545523725 vs. 1.074600545523725
list:
dist: 1.8409650260216117 vs. 1.8409650260216117
list:
dist: 1.8614133118060097 vs. 1.8614133118060097
list:
dist: 0.8938225976270845 vs. 0.8938225976270845
list:
dist: 2.0915762519954835 vs. 2.0915762519954835
list:
dist: 2.993346757517322 vs. 2.993346757517322
list:
dist: 2.1229300138779 vs. 2.1229300138779
list:
dist: 2.473964871581806 vs. 2.473964871581806
list:
dist: 2.779967772720205 vs. 2.779967772720205
list:
dist: 3.4950015514669395 vs. 3.4950015514669395
list:
dist: 2.930123283509441 vs. 2.930123283509441
list:
dist: 3.6652406999565983 vs. 3.6652406999565983
list:
dist: 2.757253156786848 vs. 2.757253156786848
list:
dist: 1.1745546334020063 vs. 1.1745546334020063
list:
dist: 2.2783399996435416 vs. 2.2783399996435416
list:
dist: 1.1456195038430634 vs. 1.1456195038430634
list:
dist: 1.8839945139381367 vs. 1.8839945139381367
list:
dist: 2.8643133679239607 vs. 2.8643133679239607
list:
dist: 3.585482129569404 vs. 3.585482129569404
list:
dist: 1.220088559254956 vs. 1.220088559254956
list:
dist: 1.9711649243868226 vs. 1.9711649243868226
list:
dist: 2.2516781003180015 vs. 2.2516781003180015
list:
dist: 0.8850533455080087 vs. 0.8850533455080087
list:
dist: 1.2879020373614762 vs. 1.2879020373614762
list:
dist: 2.993957934389117 vs. 2.993957934389117
list:
dist: 3.047422171432283 vs. 3.047422171432283
list:
dist: 2.2442030326936697 vs. 2.2442030326936697
list:
dist: 1.9359547495742202 vs. 1.9359547495742202
list:
dist: 2.196097098836919 vs. 2.196097098836919
list:
dist: 1.8069903728625905 vs. 1.8069903728625905
list:
dist: 1.2071362623545174 vs. 1.2071362623545174
list:
dist: 1.5836814659882987 vs. 1.5836814659882987
list:
dist: 0.9491400986298365 vs. 0.9491400986298365
list:
dist: 1.7765334885120279 vs. 1.7765334885120279
list:
dist: 0.62395548129945 vs. 0.62395548129945
list:
dist: 2.5729544536974447 vs. 2.5729544536974447
list:
dist: 2.519776315987402 vs. 2.519776315987402
list:
dist: 1.4805173887979768 vs. 1.4805173887979768
list:
dist: 2.823431577889204 vs. 2.823431577889204
list:
dist: 2.209975588491013 vs. 2.209975588491013
list:
dist: 1.24576907259606 vs. 1.24576907259606
list:
dist: 1.2578317759246826 vs. 1.2578317759246826
list:
dist: 2.522306372024792 vs. 2.522306372024792
list:
dist: 3.022462585322201 vs. 3.022462585322201
list:
dist: 3.768596092978991 vs. 3.768596092978991
list:
dist: 1.4246997709748601 vs. 1.4246997709748601
list:
dist: 2.3870439515389235 vs. 2.3870439515389235
list:
dist: 3.1725763439671795 vs. 3.1725763439671795
list:
dist: 0.7956238441291236 vs. 0.7956238441291236
list:
dist: 1.6688709306054716 vs. 1.6688709306054716
list:
dist: 0.9491400986298365 vs. 0.9491400986298365
list:
dist: 2.9275580805145967 vs. 2.9275580805145967
list:
dist: 2.706440138425694 vs. 2.706440138425694
list:
dist: 2.0574905613549803 vs. 2.0574905613549803
list:
dist: 1.508277974576352 vs. 1.508277974576352
list:
dist: 1.9282875152153967 vs. 1.9282875152153967
list:
dist: 2.0805032108866004 vs. 2.0805032108866004
list:
dist: 1.2230039108548192 vs. 1.2230039108548192
list:
dist: 0.6548377444064858 vs. 0.6548377444064858
list:
dist: 1.4204878715023956 vs. 1.4204878715023956
list:
dist: 0.9898389528336307 vs. 0.9898389528336307
list:
dist: 2.867890578031011 vs. 2.867890578031011
list:
dist: 2.6844379223072883 vs. 2.6844379223072883
list:
dist: 1.789186653144956 vs. 1.789186653144956
list:
dist: 2.7117371079128216 vs. 2.7117371079128216
list:
dist: 1.7904877419059253 vs. 1.7904877419059253
list:
dist: 1.139617436963718 vs. 1.139617436963718
list:
dist: 1.5498955625117146 vs. 1.5498955625117146
list:
dist: 2.2785263458211786 vs. 2.2785263458211786
list:
dist: 2.6712465466362736 vs. 2.6712465466362736
list:
dist: 3.330425942579161 vs. 3.330425942579161
list:
dist: 2.335112643875026 vs. 2.335112643875026
list:
dist: 2.4732307528585364 vs. 2.4732307528585364
list:
dist: 2.9622795861357774 vs. 2.9622795861357774
list:
dist: 3.044833415322521 vs. 3.044833415322521
list:
dist: 3.1689838411359497 vs. 3.1689838411359497
list:
dist: 2.755120926447575 vs. 2.755120926447575
list:
dist: 3.664143897105892 vs. 3.664143897105892
list:
dist: 1.6461445452103673 vs. 1.6461445452103673
list:
dist: 2.6399175972215767 vs. 2.6399175972215767
list:
dist: 2.713612840781945 vs. 2.713612840781945
list:
dist: 2.4733293808010894 vs. 2.4733293808010894
list:
dist: 2.3230726015080365 vs. 2.3230726015080365
list:
dist: 1.8069903728625905 vs. 1.8069903728625905
list:
dist: 2.1990021005818567 vs. 2.1990021005818567
list:
dist: 2.192930029854481 vs. 2.192930029854481
list:
dist: 2.0216708104676098 vs. 2.0216708104676098
list:
dist: 2.232152667748637 vs. 2.232152667748637
list:
dist: 1.1488092438154314 vs. 1.1488092438154314
list:
dist: 0.8771941914709351 vs. 0.8771941914709351
list:
dist: 2.3992578301694216 vs. 2.3992578301694216
list:
dist: 2.0805032108866004 vs. 2.0805032108866004
list:
dist: 1.2318183429446123 vs. 1.2318183429446123
list:
dist: 1.5165097073002924 vs. 1.5165097073002924
list:
dist: 1.2371517947105264 vs. 1.2371517947105264
list:
dist: 2.353445365214346 vs. 2.353445365214346
list:
dist: 2.2901207613322265 vs. 2.2901207613322265
list:
dist: 3.3908108533014802 vs. 3.3908108533014802
list:
dist: 3.0588362372416205 vs. 3.0588362372416205
list:
dist: 2.0866922547492344 vs. 2.0866922547492344
list:
dist: 2.4456126207027085 vs. 2.4456126207027085
list:
dist: 2.6992652060649562 vs. 2.6992652060649562
list:
dist: 1.9997189780937739 vs. 1.9997189780937739
list:
dist: 2.356792189564504 vs. 2.356792189564504
list:
dist: 2.148860426928715 vs. 2.148860426928715
list:
dist: 2.771078215757777 vs. 2.771078215757777
list:
dist: 3.806467987362747 vs. 3.806467987362747
list:
dist: 3.092585362459445 vs. 3.092585362459445
list:
dist: 2.692958532330868 vs. 2.692958532330868
list:
dist: 2.6244768038990354 vs. 2.6244768038990354
list:
dist: 1.0987486339500414 vs. 1.0987486339500414
list:
dist: 1.9169412490170281 vs. 1.9169412490170281
list:
dist: 3.5114166461814684 vs. 3.5114166461814684
list:
dist: 1.6420032390717134 vs. 1.6420032390717134
list:
dist: 1.5667267926906547 vs. 1.5667267926906547
list:
dist: 1.9359547495742202 vs. 1.9359547495742202
list:
dist: 1.7156273536888127 vs. 1.7156273536888127
list:
dist: 1.6189315793137864 vs. 1.6189315793137864
list:
dist: 0.7580218598959931 vs. 0.7580218598959931
list:
dist: 1.8551844407160722 vs. 1.8551844407160722
list:
dist: 2.232152667748637 vs. 2.232152667748637
list:
dist: 1.5835608438687392 vs. 1.5835608438687392
list:
dist: 1.3091453815539902 vs. 1.3091453815539902
list:
dist: 1.508277974576352 vs. 1.508277974576352
list:
dist: 1.6738830580330633 vs. 1.6738830580330633
list:
dist: 2.1207885202618626 vs. 2.1207885202618626
list:
dist: 3.3966924561921603 vs. 3.3966924561921603
list:
dist: 3.001122279764739 vs. 3.001122279764739
list:
dist: 2.286565632927625 vs. 2.286565632927625
list:
dist: 3.609151739662939 vs. 3.609151739662939
list:
dist: 4.3020261276484035 vs. 4.3020261276484035
list:
dist: 4.621140216769503 vs. 4.621140216769503
list:
dist: 3.6761758956049237 vs. 3.6761758956049237
list:
dist: 2.0915762519954835 vs. 2.0915762519954835
list:
dist: 3.290173176910964 vs. 3.290173176910964
list:
dist: 2.5046228275265374 vs. 2.5046228275265374
list:
dist: 2.5818130864796123 vs. 2.5818130864796123
list:
dist: 3.7309999881113725 vs. 3.7309999881113725
list:
dist: 3.7552895486403117 vs. 3.7552895486403117
list:
dist: 1.4663923358147382 vs. 1.4663923358147382
list:
dist: 3.073064241193848 vs. 3.073064241193848
list:
dist: 3.717871321516328 vs. 3.717871321516328
list:
dist: 3.432230521845693 vs. 3.432230521845693
list:
dist: 4.571875520569605 vs. 4.571875520569605
list:
dist: 2.715806006212588 vs. 2.715806006212588
list:
dist: 0.8938225976270845 vs. 0.8938225976270845
list:
dist: 2.0618315314032376 vs. 2.0618315314032376
list:
dist: 1.4010216544808456 vs. 1.4010216544808456
list:
dist: 1.8170005890313488 vs. 1.8170005890313488
list:
dist: 2.3650745674220737 vs. 2.3650745674220737
list:
dist: 2.399085535871997 vs. 2.399085535871997
list:
dist: 1.4663923358147382 vs. 1.4663923358147382
list:
dist: 2.7324620839031586 vs. 2.7324620839031586
list:
dist: 3.0899929490803544 vs. 3.0899929490803544
list:
dist: 3.9146045962971043 vs. 3.9146045962971043
list:
dist: 1.6978358459704643 vs. 1.6978358459704643
list:
dist: 2.9114576457021664 vs. 2.9114576457021664
list:
dist: 3.5421235450371493 vs. 3.5421235450371493
list:
dist: 2.0969367904219696 vs. 2.0969367904219696
list:
dist: 2.403297878950693 vs. 2.403297878950693
list:
dist: 1.7765334885120279 vs. 1.7765334885120279
list:
dist: 2.303252291312965 vs. 2.303252291312965
list:
dist: 1.8220295778120448 vs. 1.8220295778120448
list:
dist: 1.8087483846724002 vs. 1.8087483846724002
list:
dist: 1.6738830580330633 vs. 1.6738830580330633
list:
dist: 0.5402933761752392 vs. 0.5402933761752392
list:
dist: 1.2318183429446123 vs. 1.2318183429446123
list:
dist: 0.7115263488656712 vs. 0.7115263488656712
list:
dist: 1.454978271740047 vs. 1.454978271740047
list:
dist: 1.4204878715023956 vs. 1.4204878715023956
list:
dist: 1.41334425364548 vs. 1.41334425364548
list:
dist: 1.955054379058814 vs. 1.955054379058814
list:
dist: 2.3882080608462304 vs. 2.3882080608462304
list:
dist: 2.2227235254516557 vs. 2.2227235254516557
list:
dist: 2.9705311418827156 vs. 2.9705311418827156
list:
dist: 2.3343484737351137 vs. 2.3343484737351137
list:
dist: 1.6396780332937686 vs. 1.6396780332937686
list:
dist: 2.2847111637023167 vs. 2.2847111637023167
list:
dist: 2.1577360691255003 vs. 2.1577360691255003
list:
dist: 3.3379405115545735 vs. 3.3379405115545735
list:
dist: 1.9470153495715148 vs. 1.9470153495715148
list:
dist: 1.502091122914329 vs. 1.502091122914329
list:
dist: 1.2505220233587333 vs. 1.2505220233587333
list:
dist: 2.0696368619636094 vs. 2.0696368619636094
list:
dist: 3.047051079661217 vs. 3.047051079661217
list:
dist: 2.8261305756257813 vs. 2.8261305756257813
list:
dist: 2.015755033907724 vs. 2.015755033907724
list:
dist: 3.072980933565626 vs. 3.072980933565626
list:
dist: 2.1411150329947017 vs. 2.1411150329947017
list:
dist: 2.9931094109013676 vs. 2.9931094109013676
list:
dist: 4.279286367092819 vs. 4.279286367092819
list:
dist: 3.0987786742674013 vs. 3.0987786742674013
list:
dist: 2.865990082007382 vs. 2.865990082007382
list:
dist: 3.047422171432283 vs. 3.047422171432283
list:
dist: 1.0263549849324412 vs. 1.0263549849324412
list:
dist: 1.196383403540518 vs. 1.196383403540518
list:
dist: 1.6189315793137864 vs. 1.6189315793137864
list:
dist: 1.5131257084708525 vs. 1.5131257084708525
list:
dist: 2.192930029854481 vs. 2.192930029854481
list:
dist: 2.058540622235591 vs. 2.058540622235591
list:
dist: 2.4799151111665707 vs. 2.4799151111665707
list:
dist: 2.706440138425694 vs. 2.706440138425694
list:
dist: 1.8220295778120448 vs. 1.8220295778120448
list:
dist: 2.971785952966452 vs. 2.971785952966452
list:
dist: 2.5375159279132196 vs. 2.5375159279132196
list:
dist: 2.9461923387684523 vs. 2.9461923387684523
list:
dist: 1.6255669739636944 vs. 1.6255669739636944
list:
dist: 3.3827626184407853 vs. 3.3827626184407853
list:
dist: 2.159417570355074 vs. 2.159417570355074
list:
dist: 2.692958532330868 vs. 2.692958532330868
list:
dist: 2.498512764003276 vs. 2.498512764003276
list:
dist: 2.7566053703814526 vs. 2.7566053703814526
list:
dist: 2.755120926447575 vs. 2.755120926447575
list:
dist: 2.015755033907724 vs. 2.015755033907724
list:
dist: 2.5593750642961055 vs. 2.5593750642961055
list:
dist: 2.3339332510562594 vs. 2.3339332510562594
list:
dist: 1.7893694390520045 vs. 1.7893694390520045
list:
dist: 2.4769573200921084 vs. 2.4769573200921084
list:
dist: 2.0876696709517035 vs. 2.0876696709517035
list:
dist: 2.0408693637203026 vs. 2.0408693637203026
list:
dist: 2.1251694527771186 vs. 2.1251694527771186
list:
dist: 2.7397526326298123 vs. 2.7397526326298123
list:
dist: 1.1952945483226542 vs. 1.1952945483226542
list:
dist: 2.728643147290153 vs. 2.728643147290153
list:
dist: 2.0170091473909895 vs. 2.0170091473909895
list:
dist: 0.5996763770658868 vs. 0.5996763770658868
list:
dist: 2.0155458255927736 vs. 2.0155458255927736
list:
dist: 0.41188314444578966 vs. 0.41188314444578966
list:
dist: 1.612675599211844 vs. 1.612675599211844
list:
dist: 1.4233989527601902 vs. 1.4233989527601902
list:
dist: 3.4280993306933087 vs. 3.4280993306933087
list:
dist: 1.3410213538390017 vs. 1.3410213538390017
list:
dist: 1.9024731221870637 vs. 1.9024731221870637
list:
dist: 2.8103535072147245 vs. 2.8103535072147245
list:
dist: 1.161619523637634 vs. 1.161619523637634
list:
dist: 0.8850533455080087 vs. 0.8850533455080087
list:
dist: 3.0896335470390737 vs. 3.0896335470390737
list:
dist: 3.0987786742674013 vs. 3.0987786742674013
list:
dist: 2.178744627965589 vs. 2.178744627965589
list:
dist: 1.6420032390717134 vs. 1.6420032390717134
list:
dist: 2.551917843269984 vs. 2.551917843269984
list:
dist: 2.4733293808010894 vs. 2.4733293808010894
list:
dist: 1.704185175170366 vs. 1.704185175170366
list:
dist: 1.2151398799324475 vs. 1.2151398799324475
list:
dist: 0.7956238441291236 vs. 0.7956238441291236
list:
dist: 2.0969367904219696 vs. 2.0969367904219696
list:
dist: 1.3424271427296854 vs. 1.3424271427296854
list:
dist: 3.3544376562641087 vs. 3.3544376562641087
list:
dist: 3.200206945287643 vs. 3.200206945287643
list:
dist: 2.084727529316913 vs. 2.084727529316913
list:
dist: 3.1801843983451734 vs. 3.1801843983451734
list:
dist: 2.3062731409648807 vs. 2.3062731409648807
list:
dist: 1.6554980908504182 vs. 1.6554980908504182
list:
dist: 1.7330818603101026 vs. 1.7330818603101026
list:
dist: 2.920042868548768 vs. 2.920042868548768
list:
dist: 3.0334818622427506 vs. 3.0334818622427506
list:
dist: 2.210550239639018 vs. 2.210550239639018
list:
dist: 1.1266992502218809 vs. 1.1266992502218809
list:
dist: 1.8326532724926683 vs. 1.8326532724926683
list:
dist: 3.3907324163433614 vs. 3.3907324163433614
list:
dist: 2.178744627965589 vs. 2.178744627965589
list:
dist: 1.7312838559697894 vs. 1.7312838559697894
list:
dist: 2.2442030326936697 vs. 2.2442030326936697
list:
dist: 0.9735759196121292 vs. 0.9735759196121292
list:
dist: 1.196383403540518 vs. 1.196383403540518
list:
dist: 0.7580218598959931 vs. 0.7580218598959931
list:
dist: 1.7857028999580287 vs. 1.7857028999580287
list:
dist: 2.0216708104676098 vs. 2.0216708104676098
list:
dist: 1.6618093888890175 vs. 1.6618093888890175
list:
dist: 1.9730209296892949 vs. 1.9730209296892949
list:
dist: 2.0574905613549803 vs. 2.0574905613549803
list:
dist: 1.8087483846724002 vs. 1.8087483846724002
list:
dist: 2.3980820188998013 vs. 2.3980820188998013
list:
dist: 3.2118122430313174 vs. 3.2118122430313174
list:
dist: 3.245842819680122 vs. 3.245842819680122
list:
dist: 2.3198356093455668 vs. 2.3198356093455668
list:
dist: 3.804736529816454 vs. 3.804736529816454
list:
dist: 2.185832480426307 vs. 2.185832480426307
list:
dist: 1.8639743519082943 vs. 1.8639743519082943
list:
dist: 2.3625018540759095 vs. 2.3625018540759095
list:
dist: 3.705220152012848 vs. 3.705220152012848
list:
dist: 3.0896335470390737 vs. 3.0896335470390737
list:
dist: 2.4787990726523557 vs. 2.4787990726523557
list:
dist: 2.993957934389117 vs. 2.993957934389117
list:
dist: 1.0263549849324412 vs. 1.0263549849324412
list:
dist: 0.9735759196121292 vs. 0.9735759196121292
list:
dist: 1.7156273536888127 vs. 1.7156273536888127
list:
dist: 2.048240530095832 vs. 2.048240530095832
list:
dist: 2.1990021005818567 vs. 2.1990021005818567
list:
dist: 2.2119519604027302 vs. 2.2119519604027302
list:
dist: 2.8660726666917875 vs. 2.8660726666917875
list:
dist: 2.9275580805145967 vs. 2.9275580805145967
list:
dist: 2.303252291312965 vs. 2.303252291312965
list:
dist: 3.071522944657451 vs. 3.071522944657451
list:
dist: 3.117876817891174 vs. 3.117876817891174
list:
dist: 3.666939917091348 vs. 3.666939917091348
list:
dist: 2.5247836447622243 vs. 2.5247836447622243
list:
dist: 4.1349856376083425 vs. 4.1349856376083425
list:
dist: 3.348845714807416 vs. 3.348845714807416
list:
dist: 4.419127216727042 vs. 4.419127216727042
list:
dist: 4.3136911189875855 vs. 4.3136911189875855
list:
dist: 2.920042868548768 vs. 2.920042868548768
list:
dist: 3.740186986226369 vs. 3.740186986226369
list:
dist: 2.522306372024792 vs. 2.522306372024792
list:
dist: 2.5166377649530034 vs. 2.5166377649530034
list:
dist: 2.6992652060649562 vs. 2.6992652060649562
list:
dist: 2.35435778314535 vs. 2.35435778314535
list:
dist: 2.483616682938056 vs. 2.483616682938056
list:
dist: 2.2785263458211786 vs. 2.2785263458211786
list:
dist: 2.1577360691255003 vs. 2.1577360691255003
list:
dist: 1.9615248459862247 vs. 1.9615248459862247
list:
dist: 2.4124466855240887 vs. 2.4124466855240887
list:
dist: 1.15461760722423 vs. 1.15461760722423
list:
dist: 1.4841850671320573 vs. 1.4841850671320573
list:
dist: 0.9591015588725322 vs. 0.9591015588725322
list:
dist: 1.0991141175835546 vs. 1.0991141175835546
list:
dist: 1.3082444149866945 vs. 1.3082444149866945
list:
dist: 1.7374433222277799 vs. 1.7374433222277799
list:
dist: 1.7479731207354714 vs. 1.7479731207354714
list:
dist: 2.850796505728095 vs. 2.850796505728095
list:
dist: 1.384370311662651 vs. 1.384370311662651
list:
dist: 2.734566696815027 vs. 2.734566696815027
list:
dist: 1.6033656541097183 vs. 1.6033656541097183
list:
dist: 1.1866101398422797 vs. 1.1866101398422797
list:
dist: 0.9814103609894356 vs. 0.9814103609894356
list:
dist: 1.1952945483226542 vs. 1.1952945483226542
list:
dist: 3.8859610140267917 vs. 3.8859610140267917
list:
dist: 1.9034501577112242 vs. 1.9034501577112242
list:
dist: 3.0796980579480313 vs. 3.0796980579480313
list:
dist: 3.710014699092108 vs. 3.710014699092108
list:
dist: 2.551917843269984 vs. 2.551917843269984
list:
dist: 2.677705343556391 vs. 2.677705343556391
list:
dist: 2.196097098836919 vs. 2.196097098836919
list:
dist: 2.048240530095832 vs. 2.048240530095832
list:
dist: 1.5131257084708525 vs. 1.5131257084708525
list:
dist: 1.7857028999580287 vs. 1.7857028999580287
list:
dist: 1.8551844407160722 vs. 1.8551844407160722
list:
dist: 1.1488092438154314 vs. 1.1488092438154314
list:
dist: 1.008507480751836 vs. 1.008507480751836
list:
dist: 1.9225196388323764 vs. 1.9225196388323764
list:
dist: 1.9282875152153967 vs. 1.9282875152153967
list:
dist: 0.5402933761752392 vs. 0.5402933761752392
list:
dist: 1.8504622994844566 vs. 1.8504622994844566
list:
dist: 1.8600630091795902 vs. 1.8600630091795902
list:
dist: 2.6321626169780616 vs. 2.6321626169780616
list:
dist: 2.6498463495485045 vs. 2.6498463495485045
list:
dist: 3.3798416929073913 vs. 3.3798416929073913
list:
dist: 2.8275860929678713 vs. 2.8275860929678713
list:
dist: 2.135466335674446 vs. 2.135466335674446
list:
dist: 2.7569372874472107 vs. 2.7569372874472107
list:
dist: 2.5166377649530034 vs. 2.5166377649530034
list:
dist: 1.562047173149987 vs. 1.562047173149987
list:
dist: 1.6567885818206631 vs. 1.6567885818206631
list:
dist: 1.0174188168650262 vs. 1.0174188168650262
list:
dist: 2.1240165726334705 vs. 2.1240165726334705
list:
dist: 3.399300408637702 vs. 3.399300408637702
list:
dist: 3.0620108813962656 vs. 3.0620108813962656
list:
dist: 2.159417570355074 vs. 2.159417570355074
list:
dist: 2.483975971941631 vs. 2.483975971941631
list:
dist: 1.2145302223128422 vs. 1.2145302223128422
list:
dist: 2.420930748571186 vs. 2.420930748571186
list:
dist: 1.3410213538390017 vs. 1.3410213538390017
list:
dist: 0.8052071667894785 vs. 0.8052071667894785
list:
dist: 1.220088559254956 vs. 1.220088559254956
list:
dist: 1.8639743519082943 vs. 1.8639743519082943
list:
dist: 2.1411150329947017 vs. 2.1411150329947017
list:
dist: 1.1266992502218809 vs. 1.1266992502218809
list:
dist: 1.0987486339500414 vs. 1.0987486339500414
list:
dist: 1.9034501577112242 vs. 1.9034501577112242
list:
dist: 1.6461445452103673 vs. 1.6461445452103673
list:
dist: 1.16302981973661 vs. 1.16302981973661
list:
dist: 1.7035336097792777 vs. 1.7035336097792777
list:
dist: 1.4246997709748601 vs. 1.4246997709748601
list:
dist: 1.6978358459704643 vs. 1.6978358459704643
list:
dist: 1.536078158107008 vs. 1.536078158107008
list:
dist: 2.816823386814265 vs. 2.816823386814265
list:
dist: 3.361470527114879 vs. 3.361470527114879
list:
dist: 2.601774914252009 vs. 2.601774914252009
list:
dist: 3.8641646748870793 vs. 3.8641646748870793
list:
dist: 3.133071146496835 vs. 3.133071146496835
list:
dist: 2.2155606050016674 vs. 2.2155606050016674
list:
dist: 2.4481080220347735 vs. 2.4481080220347735
list:
dist: 3.348845714807416 vs. 3.348845714807416
list:
dist: 2.483975971941631 vs. 2.483975971941631
list:
dist: 1.7575079512903256 vs. 1.7575079512903256
list:
dist: 3.5061550030526822 vs. 3.5061550030526822
list:
dist: 3.4280993306933087 vs. 3.4280993306933087
list:
dist: 2.3937707793068466 vs. 2.3937707793068466
list:
dist: 3.585482129569404 vs. 3.585482129569404
list:
dist: 2.185832480426307 vs. 2.185832480426307
list:
dist: 3.072980933565626 vs. 3.072980933565626
list:
dist: 2.210550239639018 vs. 2.210550239639018
list:
dist: 2.6244768038990354 vs. 2.6244768038990354
list:
dist: 3.8859610140267917 vs. 3.8859610140267917
list:
dist: 3.664143897105892 vs. 3.664143897105892
list:
dist: 3.5260074948610836 vs. 3.5260074948610836
list:
dist: 3.825399275978221 vs. 3.825399275978221
list:
dist: 3.768596092978991 vs. 3.768596092978991
list:
dist: 3.9146045962971043 vs. 3.9146045962971043
list:
dist: 4.001505112934927 vs. 4.001505112934927
list:
dist: 3.666939917091348 vs. 3.666939917091348
list:
dist: 2.9461923387684523 vs. 2.9461923387684523
list:
dist: 3.245842819680122 vs. 3.245842819680122
list:
dist: 3.001122279764739 vs. 3.001122279764739
list:
dist: 1.6567885818206631 vs. 1.6567885818206631
list:
dist: 2.356792189564504 vs. 2.356792189564504
list:
dist: 2.067867572124716 vs. 2.067867572124716
list:
dist: 2.2667075348404926 vs. 2.2667075348404926
list:
dist: 2.335112643875026 vs. 2.335112643875026
list:
dist: 1.502091122914329 vs. 1.502091122914329
list:
dist: 2.2695691576278265 vs. 2.2695691576278265
list:
dist: 2.2725679859631844 vs. 2.2725679859631844
list:
dist: 2.01008661332917 vs. 2.01008661332917
list:
dist: 2.4332474984324244 vs. 2.4332474984324244
list:
dist: 2.330328012868674 vs. 2.330328012868674
list:
dist: 1.9864072397511736 vs. 1.9864072397511736
list:
dist: 1.9306770843203027 vs. 1.9306770843203027
list:
dist: 2.6294613322132596 vs. 2.6294613322132596
list:
dist: 1.384370311662651 vs. 1.384370311662651
list:
dist: 2.8136634383328545 vs. 2.8136634383328545
list:
dist: 1.8341167017001196 vs. 1.8341167017001196
list:
dist: 1.4742963703027046 vs. 1.4742963703027046
list:
dist: 0.6390683342054098 vs. 0.6390683342054098
list:
dist: 1.9142596743164708 vs. 1.9142596743164708
list:
dist: 1.8826163544750212 vs. 1.8826163544750212
list:
dist: 0.5996763770658868 vs. 0.5996763770658868
list:
dist: 3.0620108813962656 vs. 3.0620108813962656
list:
dist: 3.092585362459445 vs. 3.092585362459445
list:
dist: 3.001000894631057 vs. 3.001000894631057
list:
dist: 3.4183437398145373 vs. 3.4183437398145373
list:
dist: 3.1689838411359497 vs. 3.1689838411359497
list:
dist: 2.8261305756257813 vs. 2.8261305756257813
list:
dist: 2.652186928621455 vs. 2.652186928621455
list:
dist: 2.3928865217544626 vs. 2.3928865217544626
list:
dist: 0.9748427682607737 vs. 0.9748427682607737
list:
dist: 2.0045628816494054 vs. 2.0045628816494054
list:
dist: 1.2589895564052604 vs. 1.2589895564052604
list:
dist: 2.0035851561848634 vs. 2.0035851561848634
list:
dist: 2.126348775946368 vs. 2.126348775946368
list:
dist: 2.3819052590662517 vs. 2.3819052590662517
list:
dist: 0.9814103609894356 vs. 0.9814103609894356
list:
dist: 2.373568099686378 vs. 2.373568099686378
list:
dist: 2.921918611205556 vs. 2.921918611205556
list:
dist: 1.8826163544750212 vs. 1.8826163544750212
list:
dist: 3.2744246708167353 vs. 3.2744246708167353
list:
dist: 1.7775082408817262 vs. 1.7775082408817262
list:
dist: 1.5401845641750969 vs. 1.5401845641750969
list:
dist: 1.4233989527601902 vs. 1.4233989527601902
list:
dist: 4.001505112934927 vs. 4.001505112934927
list:
dist: 1.536078158107008 vs. 1.536078158107008
list:
dist: 2.487384075399243 vs. 2.487384075399243
list:
dist: 2.57241606642338 vs. 2.57241606642338
list:
dist: 1.3424271427296854 vs. 1.3424271427296854
list:
dist: 1.8374961641659404 vs. 1.8374961641659404
list:
dist: 0.62395548129945 vs. 0.62395548129945
list:
dist: 3.071522944657451 vs. 3.071522944657451
list:
dist: 2.971785952966452 vs. 2.971785952966452
list:
dist: 2.3980820188998013 vs. 2.3980820188998013
list:
dist: 2.1207885202618626 vs. 2.1207885202618626
list:
dist: 1.8504622994844566 vs. 1.8504622994844566
list:
dist: 1.5165097073002924 vs. 1.5165097073002924
list:
dist: 0.9499856105551083 vs. 0.9499856105551083
list:
dist: 1.581976990808124 vs. 1.581976990808124
list:
dist: 0.9898389528336307 vs. 0.9898389528336307
list:
dist: 1.41334425364548 vs. 1.41334425364548
list:
dist: 2.0857049669612895 vs. 2.0857049669612895
list:
dist: 1.942325069748823 vs. 1.942325069748823
list:
dist: 1.0877375478566336 vs. 1.0877375478566336
list:
dist: 2.3684973500544895 vs. 2.3684973500544895
list:
dist: 1.853569264554024 vs. 1.853569264554024
list:
dist: 0.788875514256452 vs. 0.788875514256452
list:
dist: 1.031973060054269 vs. 1.031973060054269
list:
dist: 1.9615248459862247 vs. 1.9615248459862247
list:
dist: 2.742580175898794 vs. 2.742580175898794
list:
dist: 2.9978580510682242 vs. 2.9978580510682242
list:
dist: 2.2695691576278265 vs. 2.2695691576278265
list:
dist: 2.6427241342585392 vs. 2.6427241342585392
list:
dist: 2.814511153441539 vs. 2.814511153441539
list:
dist: 3.002717705320932 vs. 3.002717705320932
list:
dist: 2.652186928621455 vs. 2.652186928621455
list:
dist: 2.5593750642961055 vs. 2.5593750642961055
list:
dist: 2.4481080220347735 vs. 2.4481080220347735
list:
dist: 3.1908347250802205 vs. 3.1908347250802205
list:
dist: 2.9088402733736602 vs. 2.9088402733736602
list:
dist: 1.7330818603101026 vs. 1.7330818603101026
list:
dist: 2.504257613101587 vs. 2.504257613101587
list:
dist: 1.2578317759246826 vs. 1.2578317759246826
list:
dist: 2.7569372874472107 vs. 2.7569372874472107
list:
dist: 2.4456126207027085 vs. 2.4456126207027085
list:
dist: 1.9632499397622825 vs. 1.9632499397622825
list:
dist: 2.1155920264768633 vs. 2.1155920264768633
list:
dist: 1.5498955625117146 vs. 1.5498955625117146
list:
dist: 2.2847111637023167 vs. 2.2847111637023167
list:
dist: 1.031973060054269 vs. 1.031973060054269
list:
dist: 2.644056970794909 vs. 2.644056970794909
list:
dist: 1.774783238134687 vs. 1.774783238134687
list:
dist: 0.4619449147806782 vs. 0.4619449147806782
list:
dist: 1.694197910776332 vs. 1.694197910776332
list:
dist: 1.4099368091346263 vs. 1.4099368091346263
list:
dist: 0.7481894822836098 vs. 0.7481894822836098
list:
dist: 1.7374433222277799 vs. 1.7374433222277799
list:
dist: 2.0217144253902335 vs. 2.0217144253902335
list:
dist: 3.6953338703889074 vs. 3.6953338703889074
list:
dist: 2.6294613322132596 vs. 2.6294613322132596
list:
dist: 3.40887890583953 vs. 3.40887890583953
list:
dist: 3.092102196133059 vs. 3.092102196133059
list:
dist: 2.6345344696241964 vs. 2.6345344696241964
list:
dist: 2.3819052590662517 vs. 2.3819052590662517
list:
dist: 2.7397526326298123 vs. 2.7397526326298123
list:
dist: 3.825399275978221 vs. 3.825399275978221
list:
dist: 1.7035336097792777 vs. 1.7035336097792777
list:
dist: 2.6757092229763746 vs. 2.6757092229763746
list:
dist: 3.752701015041058 vs. 3.752701015041058
list:
dist: 1.2151398799324475 vs. 1.2151398799324475
list:
dist: 2.0172811234092882 vs. 2.0172811234092882
list:
dist: 1.5836814659882987 vs. 1.5836814659882987
list:
dist: 2.8660726666917875 vs. 2.8660726666917875
list:
dist: 2.4799151111665707 vs. 2.4799151111665707
list:
dist: 1.9730209296892949 vs. 1.9730209296892949
list:
dist: 1.3091453815539902 vs. 1.3091453815539902
list:
dist: 1.9225196388323764 vs. 1.9225196388323764
list:
dist: 2.3992578301694216 vs. 2.3992578301694216
list:
dist: 1.5288909062963385 vs. 1.5288909062963385
list:
dist: 0.6548377444064858 vs. 0.6548377444064858
list:
dist: 1.454978271740047 vs. 1.454978271740047
list:
dist: 1.581976990808124 vs. 1.581976990808124
list:
dist: 3.217611928794969 vs. 3.217611928794969
list:
dist: 3.0781296971266006 vs. 3.0781296971266006
list:
dist: 2.3325556276341635 vs. 2.3325556276341635
list:
dist: 3.0028788770734343 vs. 3.0028788770734343
list:
dist: 1.9579228978015428 vs. 1.9579228978015428
list:
dist: 1.594192453857547 vs. 1.594192453857547
list:
dist: 2.1155920264768633 vs. 2.1155920264768633
list:
dist: 2.483616682938056 vs. 2.483616682938056
list:
dist: 2.8165852642560045 vs. 2.8165852642560045
list:
dist: 3.3476179434286757 vs. 3.3476179434286757
list:
dist: 2.2667075348404926 vs. 2.2667075348404926
list:
dist: 2.2138533388998765 vs. 2.2138533388998765
list:
dist: 2.9018250670278247 vs. 2.9018250670278247
list:
dist: 3.067849804138478 vs. 3.067849804138478
list:
dist: 3.4183437398145373 vs. 3.4183437398145373
list:
dist: 2.7566053703814526 vs. 2.7566053703814526
list:
dist: 2.5247836447622243 vs. 2.5247836447622243
list:
dist: 1.6255669739636944 vs. 1.6255669739636944
list:
dist: 2.3198356093455668 vs. 2.3198356093455668
list:
dist: 2.286565632927625 vs. 2.286565632927625
list:
dist: 1.0174188168650262 vs. 1.0174188168650262
list:
dist: 2.148860426928715 vs. 2.148860426928715
list:
dist: 1.9258724810050034 vs. 1.9258724810050034
list:
dist: 2.2138533388998765 vs. 2.2138533388998765
list:
dist: 2.4732307528585364 vs. 2.4732307528585364
list:
dist: 1.2505220233587333 vs. 1.2505220233587333
list:
dist: 2.6427241342585392 vs. 2.6427241342585392
list:
dist: 2.5935027612053188 vs. 2.5935027612053188
list:
dist: 3.1378269302857937 vs. 3.1378269302857937
list:
dist: 3.3080739767279206 vs. 3.3080739767279206
list:
dist: 3.6650531861306814 vs. 3.6650531861306814
list:
dist: 3.0538156118470594 vs. 3.0538156118470594
list:
dist: 2.6914235065798944 vs. 2.6914235065798944
list:
dist: 3.40887890583953 vs. 3.40887890583953
list:
dist: 2.734566696815027 vs. 2.734566696815027
list:
dist: 3.9865826127315667 vs. 3.9865826127315667
list:
dist: 1.5734424664725914 vs. 1.5734424664725914
list:
dist: 1.4742963703027046 vs. 1.4742963703027046
list:
dist: 1.8232413311076137 vs. 1.8232413311076137
list:
dist: 3.3097770132363977 vs. 3.3097770132363977
list:
dist: 3.2744246708167353 vs. 3.2744246708167353
list:
dist: 2.0155458255927736 vs. 2.0155458255927736
list:
dist: 2.2155606050016674 vs. 2.2155606050016674
list:
dist: 3.1821717406481445 vs. 3.1821717406481445
list:
dist: 3.2459644285677585 vs. 3.2459644285677585
list:
dist: 1.6554980908504182 vs. 1.6554980908504182
list:
dist: 2.478291796942028 vs. 2.478291796942028
list:
dist: 1.24576907259606 vs. 1.24576907259606
list:
dist: 2.135466335674446 vs. 2.135466335674446
list:
dist: 2.0866922547492344 vs. 2.0866922547492344
list:
dist: 1.498251507516572 vs. 1.498251507516572
list:
dist: 1.594192453857547 vs. 1.594192453857547
list:
dist: 1.139617436963718 vs. 1.139617436963718
list:
dist: 1.6396780332937686 vs. 1.6396780332937686
list:
dist: 0.788875514256452 vs. 0.788875514256452
list:
dist: 2.3530964654081 vs. 2.3530964654081
list:
dist: 1.6346399132988945 vs. 1.6346399132988945
list:
dist: 0.7838426958181535 vs. 0.7838426958181535
list:
dist: 1.653877415790859 vs. 1.653877415790859
list:
dist: 1.0785334485937956 vs. 1.0785334485937956
list:
dist: 0.7481894822836098 vs. 0.7481894822836098
list:
dist: 1.3082444149866945 vs. 1.3082444149866945
list:
dist: 1.9819665342332435 vs. 1.9819665342332435
list:
dist: 3.1065420399158827 vs. 3.1065420399158827
list:
dist: 1.9306770843203027 vs. 1.9306770843203027
list:
dist: 2.6914235065798944 vs. 2.6914235065798944
list:
dist: 2.446222114261702 vs. 2.446222114261702
list:
dist: 2.2569940582406174 vs. 2.2569940582406174
list:
dist: 2.126348775946368 vs. 2.126348775946368
list:
dist: 2.1251694527771186 vs. 2.1251694527771186
list:
dist: 2.3937707793068466 vs. 2.3937707793068466
list:
dist: 0.8052071667894785 vs. 0.8052071667894785
list:
dist: 0.7500861549095523 vs. 0.7500861549095523
list:
dist: 2.160738951900671 vs. 2.160738951900671
list:
dist: 1.161619523637634 vs. 1.161619523637634
list:
dist: 1.2879020373614762 vs. 1.2879020373614762
list:
dist: 2.4787990726523557 vs. 2.4787990726523557
list:
dist: 2.865990082007382 vs. 2.865990082007382
list:
dist: 1.7312838559697894 vs. 1.7312838559697894
list:
dist: 1.5667267926906547 vs. 1.5667267926906547
list:
dist: 2.677705343556391 vs. 2.677705343556391
list:
dist: 2.3230726015080365 vs. 2.3230726015080365
list:
dist: 1.834263774936123 vs. 1.834263774936123
list:
dist: 2.0172811234092882 vs. 2.0172811234092882
list:
dist: 1.6688709306054716 vs. 1.6688709306054716
list:
dist: 2.403297878950693 vs. 2.403297878950693
list:
dist: 1.8374961641659404 vs. 1.8374961641659404
list:
dist: 3.4088452101817146 vs. 3.4088452101817146
list:
dist: 3.7503757792307213 vs. 3.7503757792307213
list:
dist: 2.760891282982343 vs. 2.760891282982343
list:
dist: 4.088501632286662 vs. 4.088501632286662
list:
dist: 3.3441406124077635 vs. 3.3441406124077635
list:
dist: 2.478291796942028 vs. 2.478291796942028
list:
dist: 2.504257613101587 vs. 2.504257613101587
list:
dist: 3.740186986226369 vs. 3.740186986226369
list:
dist: 4.13058911164598 vs. 4.13058911164598
list:
dist: 3.5260074948610836 vs. 3.5260074948610836
list:
dist: 1.16302981973661 vs. 1.16302981973661
list:
dist: 2.3390483152626866 vs. 2.3390483152626866
list:
dist: 2.834353371199833 vs. 2.834353371199833
list:
dist: 1.704185175170366 vs. 1.704185175170366
list:
dist: 1.834263774936123 vs. 1.834263774936123
list:
dist: 1.2071362623545174 vs. 1.2071362623545174
list:
dist: 2.2119519604027302 vs. 2.2119519604027302
list:
dist: 2.058540622235591 vs. 2.058540622235591
list:
dist: 1.6618093888890175 vs. 1.6618093888890175
list:
dist: 1.5835608438687392 vs. 1.5835608438687392
list:
dist: 1.008507480751836 vs. 1.008507480751836
list:
dist: 0.8771941914709351 vs. 0.8771941914709351
list:
dist: 1.5288909062963385 vs. 1.5288909062963385
list:
dist: 1.2230039108548192 vs. 1.2230039108548192
list:
dist: 0.7115263488656712 vs. 0.7115263488656712
list:
dist: 0.9499856105551083 vs. 0.9499856105551083
list:
dist: 1.8511450799662927 vs. 1.8511450799662927
list:
dist: 2.356254002489872 vs. 2.356254002489872
list:
dist: 1.9406454494707293 vs. 1.9406454494707293
list:
dist: 3.0211470658138566 vs. 3.0211470658138566
list:
dist: 2.435526391518613 vs. 2.435526391518613
list:
dist: 1.498251507516572 vs. 1.498251507516572
list:
dist: 1.9632499397622825 vs. 1.9632499397622825
list:
dist: 2.35435778314535 vs. 2.35435778314535
list:
dist: 2.366488508989207 vs. 2.366488508989207
list:
dist: 2.067867572124716 vs. 2.067867572124716
list:
dist: 1.9258724810050034 vs. 1.9258724810050034
list:
dist: 2.623263751322249 vs. 2.623263751322249
list:
dist: 3.3723126423299656 vs. 3.3723126423299656
list:
dist: 3.001000894631057 vs. 3.001000894631057
list:
dist: 2.498512764003276 vs. 2.498512764003276
list:
dist: 3.117876817891174 vs. 3.117876817891174
list:
dist: 2.5375159279132196 vs. 2.5375159279132196
list:
dist: 3.2118122430313174 vs. 3.2118122430313174
list:
dist: 3.3966924561921603 vs. 3.3966924561921603
list:
dist: 1.562047173149987 vs. 1.562047173149987
list:
dist: 1.9997189780937739 vs. 1.9997189780937739
list:
dist: 2.366488508989207 vs. 2.366488508989207
list:
dist: 3.3476179434286757 vs. 3.3476179434286757
list:
dist: 3.330425942579161 vs. 3.330425942579161
list:
dist: 1.9470153495715148 vs. 1.9470153495715148
list:
dist: 2.9978580510682242 vs. 2.9978580510682242
list:
dist: 1.7169851936637401 vs. 1.7169851936637401
list:
dist: 2.7278897846857784 vs. 2.7278897846857784
list:
dist: 3.4156584758394204 vs. 3.4156584758394204
list:
dist: 3.764782028782312 vs. 3.764782028782312
list:
dist: 3.616302956012354 vs. 3.616302956012354
list:
dist: 3.1065420399158827 vs. 3.1065420399158827
list:
dist: 3.6953338703889074 vs. 3.6953338703889074
list:
dist: 2.850796505728095 vs. 2.850796505728095
list:
dist: 1.8341167017001196 vs. 1.8341167017001196
list:
dist: 1.5734424664725914 vs. 1.5734424664725914
list:
dist: 1.8027329317877903 vs. 1.8027329317877903
list:
dist: 3.615647217918581 vs. 3.615647217918581
list:
dist: 2.921918611205556 vs. 2.921918611205556
list:
dist: 2.0170091473909895 vs. 2.0170091473909895
list:
dist: 3.133071146496835 vs. 3.133071146496835
list:
dist: 4.08321986614685 vs. 4.08321986614685
list:
dist: 4.249240303582904 vs. 4.249240303582904
list:
dist: 2.3062731409648807 vs. 2.3062731409648807
list:
dist: 3.3441406124077635 vs. 3.3441406124077635
list:
dist: 2.209975588491013 vs. 2.209975588491013
list:
dist: 2.8275860929678713 vs. 2.8275860929678713
list:
dist: 3.0588362372416205 vs. 3.0588362372416205
list:
dist: 2.435526391518613 vs. 2.435526391518613
list:
dist: 1.9579228978015428 vs. 1.9579228978015428
list:
dist: 1.7904877419059253 vs. 1.7904877419059253
list:
dist: 2.3343484737351137 vs. 2.3343484737351137
list:
dist: 1.853569264554024 vs. 1.853569264554024
list:
dist: 3.1571901785218155 vs. 3.1571901785218155
list:
dist: 2.006204982883691 vs. 2.006204982883691
list:
dist: 1.4730851949187647 vs. 1.4730851949187647
list:
dist: 1.15690115848991 vs. 1.15690115848991
list:
dist: 1.0785334485937956 vs. 1.0785334485937956
list:
dist: 1.4099368091346263 vs. 1.4099368091346263
list:
dist: 1.0991141175835546 vs. 1.0991141175835546
list:
dist: 1.004539841998749 vs. 1.004539841998749
list:
dist: 3.616302956012354 vs. 3.616302956012354
list:
dist: 1.9864072397511736 vs. 1.9864072397511736
list:
dist: 3.0538156118470594 vs. 3.0538156118470594
list:
dist: 2.3957285338245504 vs. 2.3957285338245504
list:
dist: 1.434451804583979 vs. 1.434451804583979
list:
dist: 2.0035851561848634 vs. 2.0035851561848634
list:
dist: 2.0408693637203026 vs. 2.0408693637203026
list:
dist: 3.399300408637702 vs. 3.399300408637702
list:
dist: 3.806467987362747 vs. 3.806467987362747
list:
dist: 3.3723126423299656 vs. 3.3723126423299656
list:
dist: 3.067849804138478 vs. 3.067849804138478
list:
dist: 3.044833415322521 vs. 3.044833415322521
list:
dist: 3.047051079661217 vs. 3.047051079661217
list:
dist: 3.002717705320932 vs. 3.002717705320932
list:
dist: 3.523876033677015 vs. 3.523876033677015
list:
dist: 2.2100021953465547 vs. 2.2100021953465547
list:
dist: 2.4919047044994582 vs. 2.4919047044994582
list:
dist: 1.2833559942611943 vs. 1.2833559942611943
list:
dist: 1.434451804583979 vs. 1.434451804583979
list:
dist: 2.2569940582406174 vs. 2.2569940582406174
list:
dist: 2.6345344696241964 vs. 2.6345344696241964
list:
dist: 1.1866101398422797 vs. 1.1866101398422797
list:
dist: 1.4802694408612962 vs. 1.4802694408612962
list:
dist: 3.615647217918581 vs. 3.615647217918581
list:
dist: 1.9142596743164708 vs. 1.9142596743164708
list:
dist: 3.3097770132363977 vs. 3.3097770132363977
list:
dist: 1.928536878548782 vs. 1.928536878548782
list:
dist: 1.5401845641750969 vs. 1.5401845641750969
list:
dist: 1.612675599211844 vs. 1.612675599211844
list:
dist: 3.0334818622427506 vs. 3.0334818622427506
list:
dist: 4.13058911164598 vs. 4.13058911164598
list:
dist: 3.022462585322201 vs. 3.022462585322201
list:
dist: 2.8165852642560045 vs. 2.8165852642560045
list:
dist: 2.6712465466362736 vs. 2.6712465466362736
list:
dist: 3.3379405115545735 vs. 3.3379405115545735
list:
dist: 2.742580175898794 vs. 2.742580175898794
list:
dist: 2.111181000763813 vs. 2.111181000763813
list:
dist: 1.2219942983014849 vs. 1.2219942983014849
list:
dist: 1.004539841998749 vs. 1.004539841998749
list:
dist: 1.9819665342332435 vs. 1.9819665342332435
list:
dist: 2.0217144253902335 vs. 2.0217144253902335
list:
dist: 1.7479731207354714 vs. 1.7479731207354714
list:
dist: 2.8136634383328545 vs. 2.8136634383328545
list:
dist: 3.9865826127315667 vs. 3.9865826127315667
list:
dist: 3.0937855864092008 vs. 3.0937855864092008
list:
dist: 1.4802694408612962 vs. 1.4802694408612962
list:
dist: 2.373568099686378 vs. 2.373568099686378
list:
dist: 2.728643147290153 vs. 2.728643147290153
list:
dist: 4.1349856376083425 vs. 4.1349856376083425
list:
dist: 3.3827626184407853 vs. 3.3827626184407853
list:
dist: 3.804736529816454 vs. 3.804736529816454
list:
dist: 3.609151739662939 vs. 3.609151739662939
list:
dist: 2.1240165726334705 vs. 2.1240165726334705
list:
dist: 2.771078215757777 vs. 2.771078215757777
list:
dist: 2.623263751322249 vs. 2.623263751322249
list:
dist: 2.9018250670278247 vs. 2.9018250670278247
list:
dist: 2.9622795861357774 vs. 2.9622795861357774
list:
dist: 2.0696368619636094 vs. 2.0696368619636094
list:
dist: 2.814511153441539 vs. 2.814511153441539
list:
dist: 2.432160438027776 vs. 2.432160438027776
list:
dist: 2.129869367140655 vs. 2.129869367140655
list:
dist: 2.8365818127609694 vs. 2.8365818127609694
list:
dist: 2.4973137011582214 vs. 2.4973137011582214
list:
dist: 2.3957285338245504 vs. 2.3957285338245504
list:
dist: 2.446222114261702 vs. 2.446222114261702
list:
dist: 3.092102196133059 vs. 3.092102196133059
list:
dist: 1.6033656541097183 vs. 1.6033656541097183
list:
dist: 3.0937855864092008 vs. 3.0937855864092008
list:
dist: 1.8027329317877903 vs. 1.8027329317877903
list:
dist: 0.6390683342054098 vs. 0.6390683342054098
list:
dist: 1.8232413311076137 vs. 1.8232413311076137
list:
dist: 1.928536878548782 vs. 1.928536878548782
list:
dist: 1.7775082408817262 vs. 1.7775082408817262
list:
dist: 0.41188314444578966 vs. 0.41188314444578966
list:
dist: 2.601774914252009 vs. 2.601774914252009
list:
dist: 3.4163479549570592 vs. 3.4163479549570592
list:
dist: 2.973849270737909 vs. 2.973849270737909
list:
dist: 2.084727529316913 vs. 2.084727529316913
list:
dist: 2.760891282982343 vs. 2.760891282982343
list:
dist: 1.4805173887979768 vs. 1.4805173887979768
list:
dist: 2.6498463495485045 vs. 2.6498463495485045
list:
dist: 2.2901207613322265 vs. 2.2901207613322265
list:
dist: 1.9406454494707293 vs. 1.9406454494707293
list:
dist: 2.3325556276341635 vs. 2.3325556276341635
list:
dist: 1.789186653144956 vs. 1.789186653144956
list:
dist: 2.2227235254516557 vs. 2.2227235254516557
list:
dist: 1.0877375478566336 vs. 1.0877375478566336
list:
dist: 2.2941242140031104 vs. 2.2941242140031104
list:
dist: 1.3260566167918524 vs. 1.3260566167918524
list:
dist: 1.5012915983164163 vs. 1.5012915983164163
list:
dist: 1.4730851949187647 vs. 1.4730851949187647
list:
dist: 0.7838426958181535 vs. 0.7838426958181535
list:
dist: 0.4619449147806782 vs. 0.4619449147806782
list:
dist: 1.4841850671320573 vs. 1.4841850671320573
list:
dist: 2.111181000763813 vs. 2.111181000763813
list:
dist: 3.4156584758394204 vs. 3.4156584758394204
list:
dist: 2.4332474984324244 vs. 2.4332474984324244
list:
dist: 3.3080739767279206 vs. 3.3080739767279206
list:
dist: 2.8365818127609694 vs. 2.8365818127609694
list:
dist: 2.4919047044994582 vs. 2.4919047044994582
list:
dist: 2.0045628816494054 vs. 2.0045628816494054
list:
dist: 2.4769573200921084 vs. 2.4769573200921084
list:
dist: 2.816823386814265 vs. 2.816823386814265
list:
dist: 3.7714399796661158 vs. 3.7714399796661158
list:
dist: 3.270580227973528 vs. 3.270580227973528
list:
dist: 3.3544376562641087 vs. 3.3544376562641087
list:
dist: 3.4088452101817146 vs. 3.4088452101817146
list:
dist: 2.5729544536974447 vs. 2.5729544536974447
list:
dist: 1.8600630091795902 vs. 1.8600630091795902
list:
dist: 1.2371517947105264 vs. 1.2371517947105264
list:
dist: 1.8511450799662927 vs. 1.8511450799662927
list:
dist: 3.217611928794969 vs. 3.217611928794969
list:
dist: 2.867890578031011 vs. 2.867890578031011
list:
dist: 1.955054379058814 vs. 1.955054379058814
list:
dist: 2.0857049669612895 vs. 2.0857049669612895
list:
dist: 1.687078884886891 vs. 1.687078884886891
list:
dist: 2.2941242140031104 vs. 2.2941242140031104
list:
dist: 3.0648037988078953 vs. 3.0648037988078953
list:
dist: 3.1571901785218155 vs. 3.1571901785218155
list:
dist: 2.3530964654081 vs. 2.3530964654081
list:
dist: 2.644056970794909 vs. 2.644056970794909
list:
dist: 2.4124466855240887 vs. 2.4124466855240887
list:
dist: 1.7169851936637401 vs. 1.7169851936637401
list:
dist: 2.2725679859631844 vs. 2.2725679859631844
list:
dist: 2.5935027612053188 vs. 2.5935027612053188
list:
dist: 2.432160438027776 vs. 2.432160438027776
list:
dist: 3.523876033677015 vs. 3.523876033677015
list:
dist: 2.3928865217544626 vs. 2.3928865217544626
list:
dist: 2.3339332510562594 vs. 2.3339332510562594
list:
dist: 1.6765298377080815 vs. 1.6765298377080815
list:
dist: 2.373290036731282 vs. 2.373290036731282
list:
dist: 2.140534616988351 vs. 2.140534616988351
list:
dist: 2.5734869025597296 vs. 2.5734869025597296
list:
dist: 1.6352497858564479 vs. 1.6352497858564479
list:
dist: 2.544559147153112 vs. 2.544559147153112
list:
dist: 1.7310172939921753 vs. 1.7310172939921753
list:
dist: 3.625431077421676 vs. 3.625431077421676
list:
dist: 2.9306406503113767 vs. 2.9306406503113767
list:
dist: 3.4648362436863493 vs. 3.4648362436863493
list:
dist: 1.8755550270068255 vs. 1.8755550270068255
list:
dist: 1.8283875404231227 vs. 1.8283875404231227
list:
dist: 0.8849479712008717 vs. 0.8849479712008717
list:
dist: 1.1479041583399598 vs. 1.1479041583399598
list:
dist: 1.1401466010209562 vs. 1.1401466010209562
list:
dist: 1.4324252138630555 vs. 1.4324252138630555
list:
dist: 0.7981643888953204 vs. 0.7981643888953204
list:
dist: 2.0703276085767115 vs. 2.0703276085767115
list:
dist: 2.217730687983821 vs. 2.217730687983821
list:
dist: 2.346402870389418 vs. 2.346402870389418
list:
dist: 3.51087080062716 vs. 3.51087080062716
list:
dist: 2.9306406503113767 vs. 2.9306406503113767
list:
dist: 1.0112711939953067 vs. 1.0112711939953067
list:
dist: 1.4860290174589565 vs. 1.4860290174589565
list:
dist: 1.1401466010209562 vs. 1.1401466010209562
list:
dist: 1.810466499479796 vs. 1.810466499479796
list:
dist: 3.4194257579079674 vs. 3.4194257579079674
list:
dist: 2.34173081804686 vs. 2.34173081804686
list:
dist: 1.0092513075928966 vs. 1.0092513075928966
list:
dist: 1.0271935859840857 vs. 1.0271935859840857
list:
dist: 1.3858853779729403 vs. 1.3858853779729403
list:
dist: 2.9640074862992316 vs. 2.9640074862992316
list:
dist: 3.0143790450355925 vs. 3.0143790450355925
list:
dist: 3.519438076670301 vs. 3.519438076670301
list:
dist: 2.9774966175283746 vs. 2.9774966175283746
list:
dist: 1.7933036842692296 vs. 1.7933036842692296
list:
dist: 2.174287989317998 vs. 2.174287989317998
list:
dist: 2.3668933221902972 vs. 2.3668933221902972
list:
dist: 3.5469194372221473 vs. 3.5469194372221473
list:
dist: 3.5215567580172573 vs. 3.5215567580172573
list:
dist: 4.3625703147600055 vs. 4.3625703147600055
list:
dist: 3.7728539842406588 vs. 3.7728539842406588
list:
dist: 3.044582012451383 vs. 3.044582012451383
list:
dist: 3.668023879655437 vs. 3.668023879655437
list:
dist: 2.622634385823523 vs. 2.622634385823523
list:
dist: 2.5812530045669364 vs. 2.5812530045669364
list:
dist: 2.373290036731282 vs. 2.373290036731282
list:
dist: 2.4357663604356325 vs. 2.4357663604356325
list:
dist: 2.399324357173241 vs. 2.399324357173241
list:
dist: 3.2513332018826 vs. 3.2513332018826
list:
dist: 3.6015132398407297 vs. 3.6015132398407297
list:
dist: 4.187207747583652 vs. 4.187207747583652
list:
dist: 3.3539827787752623 vs. 3.3539827787752623
list:
dist: 4.51751785607914 vs. 4.51751785607914
list:
dist: 4.858222284699327 vs. 4.858222284699327
list:
dist: 2.4357663604356325 vs. 2.4357663604356325
list:
dist: 3.7612820497492008 vs. 3.7612820497492008
list:
dist: 5.011365170895889 vs. 5.011365170895889
list:
dist: 4.532818794901349 vs. 4.532818794901349
list:
dist: 3.8980681020927634 vs. 3.8980681020927634
list:
dist: 4.499324086916174 vs. 4.499324086916174
list:
dist: 5.1621287713006705 vs. 5.1621287713006705
list:
dist: 1.6765298377080815 vs. 1.6765298377080815
list:
dist: 2.5812530045669364 vs. 2.5812530045669364
list:
dist: 2.5024843661866694 vs. 2.5024843661866694
list:
dist: 2.518096914524589 vs. 2.518096914524589
list:
dist: 2.58953564631289 vs. 2.58953564631289
list:
dist: 4.137880292536717 vs. 4.137880292536717
list:
dist: 3.236416668758677 vs. 3.236416668758677
list:
dist: 4.402855272628728 vs. 4.402855272628728
list:
dist: 3.51087080062716 vs. 3.51087080062716
list:
dist: 4.346912748976996 vs. 4.346912748976996
list:
dist: 2.5024843661866694 vs. 2.5024843661866694
list:
dist: 2.140534616988351 vs. 2.140534616988351
list:
dist: 0.8795645275198374 vs. 0.8795645275198374
list:
dist: 1.8755550270068255 vs. 1.8755550270068255
list:
dist: 2.584155642410954 vs. 2.584155642410954
list:
dist: 3.339770947693628 vs. 3.339770947693628
list:
dist: 2.1539738486834406 vs. 2.1539738486834406
list:
dist: 1.9507928559163918 vs. 1.9507928559163918
list:
dist: 1.0112711939953067 vs. 1.0112711939953067
list:
dist: 1.9315567369760958 vs. 1.9315567369760958
list:
dist: 2.255710627090875 vs. 2.255710627090875
list:
dist: 3.328138970641534 vs. 3.328138970641534
list:
dist: 3.0557623496182975 vs. 3.0557623496182975
list:
dist: 3.9308106643410334 vs. 3.9308106643410334
list:
dist: 3.5714875441768603 vs. 3.5714875441768603
list:
dist: 2.726909313113743 vs. 2.726909313113743
list:
dist: 3.1360301564979203 vs. 3.1360301564979203
list:
dist: 3.349826864583023 vs. 3.349826864583023
list:
dist: 2.58953564631289 vs. 2.58953564631289
list:
dist: 1.6352497858564479 vs. 1.6352497858564479
list:
dist: 2.399324357173241 vs. 2.399324357173241
list:
dist: 2.7983416706350925 vs. 2.7983416706350925
list:
dist: 2.801240571899686 vs. 2.801240571899686
list:
dist: 3.3233755955044297 vs. 3.3233755955044297
list:
dist: 4.427526677429239 vs. 4.427526677429239
list:
dist: 3.341191467285175 vs. 3.341191467285175
list:
dist: 2.870487176062958 vs. 2.870487176062958
list:
dist: 1.8091275403044926 vs. 1.8091275403044926
list:
dist: 2.622634385823523 vs. 2.622634385823523
list:
dist: 1.6242055011794756 vs. 1.6242055011794756
list:
dist: 2.2614232115722555 vs. 2.2614232115722555
list:
dist: 2.112087392616237 vs. 2.112087392616237
list:
dist: 2.8899373351317266 vs. 2.8899373351317266
list:
dist: 2.4189600410729217 vs. 2.4189600410729217
list:
dist: 1.5358243074494387 vs. 1.5358243074494387
list:
dist: 1.435718013052528 vs. 1.435718013052528
list:
dist: 0.9928343273463539 vs. 0.9928343273463539
list:
dist: 1.4013829327208276 vs. 1.4013829327208276
list:
dist: 2.8778250162793815 vs. 2.8778250162793815
list:
dist: 2.0138351819358737 vs. 2.0138351819358737
list:
dist: 2.8743679949688525 vs. 2.8743679949688525
list:
dist: 1.7635911787439709 vs. 1.7635911787439709
list:
dist: 1.3934876362189463 vs. 1.3934876362189463
list:
dist: 1.2321815872627966 vs. 1.2321815872627966
list:
dist: 4.858222284699327 vs. 4.858222284699327
list:
dist: 3.5714875441768603 vs. 3.5714875441768603
list:
dist: 4.301364309363227 vs. 4.301364309363227
list:
dist: 5.1621287713006705 vs. 5.1621287713006705
list:
dist: 2.3069491564941473 vs. 2.3069491564941473
list:
dist: 2.7157367563042407 vs. 2.7157367563042407
list:
dist: 2.613279709745618 vs. 2.613279709745618
list:
dist: 2.9774966175283746 vs. 2.9774966175283746
list:
dist: 2.310813461536619 vs. 2.310813461536619
list:
dist: 0.8382068172321141 vs. 0.8382068172321141
list:
dist: 1.837197541718306 vs. 1.837197541718306
list:
dist: 0.9065023139034183 vs. 0.9065023139034183
list:
dist: 1.8385434942703083 vs. 1.8385434942703083
list:
dist: 2.0085192444251354 vs. 2.0085192444251354
list:
dist: 2.1318149520441594 vs. 2.1318149520441594
list:
dist: 1.8217339200383071 vs. 1.8217339200383071
list:
dist: 2.2507294415300483 vs. 2.2507294415300483
list:
dist: 1.9025954474384899 vs. 1.9025954474384899
list:
dist: 1.2137790249062954 vs. 1.2137790249062954
list:
dist: 0.6437790890430813 vs. 0.6437790890430813
list:
dist: 1.8726518582978602 vs. 1.8726518582978602
list:
dist: 1.5358243074494387 vs. 1.5358243074494387
list:
dist: 3.1360301564979203 vs. 3.1360301564979203
list:
dist: 3.5626286595770824 vs. 3.5626286595770824
list:
dist: 2.217730687983821 vs. 2.217730687983821
list:
dist: 2.3341039248416453 vs. 2.3341039248416453
list:
dist: 3.815733067762545 vs. 3.815733067762545
list:
dist: 3.2398303064880807 vs. 3.2398303064880807
list:
dist: 1.3139742205243545 vs. 1.3139742205243545
list:
dist: 2.174287989317998 vs. 2.174287989317998
list:
dist: 1.2438662738037356 vs. 1.2438662738037356
list:
dist: 1.648927631653846 vs. 1.648927631653846
list:
dist: 2.5949284101850925 vs. 2.5949284101850925
list:
dist: 3.3119625602601914 vs. 3.3119625602601914
list:
dist: 2.8899247280390026 vs. 2.8899247280390026
list:
dist: 2.0085192444251354 vs. 2.0085192444251354
list:
dist: 0.744531464278233 vs. 0.744531464278233
list:
dist: 0.5179897892442871 vs. 0.5179897892442871
list:
dist: 3.569869521922733 vs. 3.569869521922733
list:
dist: 2.9094882672954867 vs. 2.9094882672954867
list:
dist: 3.688710255563653 vs. 3.688710255563653
list:
dist: 2.638439545416567 vs. 2.638439545416567
list:
dist: 2.126455505389142 vs. 2.126455505389142
list:
dist: 1.6170668178596737 vs. 1.6170668178596737
list:
dist: 0.9928343273463539 vs. 0.9928343273463539
list:
dist: 1.9816481251800875 vs. 1.9816481251800875
list:
dist: 2.9455220422112265 vs. 2.9455220422112265
list:
dist: 4.090447848372274 vs. 4.090447848372274
list:
dist: 4.3625703147600055 vs. 4.3625703147600055
list:
dist: 3.7769720668689373 vs. 3.7769720668689373
list:
dist: 1.5913405734103117 vs. 1.5913405734103117
list:
dist: 1.9365771950202482 vs. 1.9365771950202482
list:
dist: 1.5161418711398682 vs. 1.5161418711398682
list:
dist: 1.9025954474384899 vs. 1.9025954474384899
list:
dist: 3.6504439503253963 vs. 3.6504439503253963
list:
dist: 3.688710255563653 vs. 3.688710255563653
list:
dist: 1.3816077487321623 vs. 1.3816077487321623
list:
dist: 1.3859194067815022 vs. 1.3859194067815022
list:
dist: 1.1676371424931362 vs. 1.1676371424931362
list:
dist: 1.2147573762877815 vs. 1.2147573762877815
list:
dist: 1.5676163710695088 vs. 1.5676163710695088
list:
dist: 3.1432727543538865 vs. 3.1432727543538865
list:
dist: 2.8743679949688525 vs. 2.8743679949688525
list:
dist: 2.518096914524589 vs. 2.518096914524589
list:
dist: 2.5734869025597296 vs. 2.5734869025597296
list:
dist: 0.8795645275198374 vs. 0.8795645275198374
list:
dist: 1.8283875404231227 vs. 1.8283875404231227
list:
dist: 2.5714209700850352 vs. 2.5714209700850352
list:
dist: 4.118581712791881 vs. 4.118581712791881
list:
dist: 2.71098012109035 vs. 2.71098012109035
list:
dist: 2.2643441188773945 vs. 2.2643441188773945
list:
dist: 1.4860290174589565 vs. 1.4860290174589565
list:
dist: 2.3571504161798282 vs. 2.3571504161798282
list:
dist: 2.3040190633684796 vs. 2.3040190633684796
list:
dist: 4.113155702533825 vs. 4.113155702533825
list:
dist: 3.8609220011964496 vs. 3.8609220011964496
list:
dist: 4.734447812272066 vs. 4.734447812272066
list:
dist: 4.301364309363227 vs. 4.301364309363227
list:
dist: 3.2703446331885346 vs. 3.2703446331885346
list:
dist: 3.5626286595770824 vs. 3.5626286595770824
list:
dist: 3.796042539070129 vs. 3.796042539070129
list:
dist: 2.5452657086663972 vs. 2.5452657086663972
list:
dist: 2.9176554671614405 vs. 2.9176554671614405
list:
dist: 3.269970868086991 vs. 3.269970868086991
list:
dist: 3.7728539842406588 vs. 3.7728539842406588
list:
dist: 2.986086366529551 vs. 2.986086366529551
list:
dist: 1.4603469136443121 vs. 1.4603469136443121
list:
dist: 2.256963322603528 vs. 2.256963322603528
list:
dist: 1.488096685069645 vs. 1.488096685069645
list:
dist: 1.2137790249062954 vs. 1.2137790249062954
list:
dist: 2.7581556269304808 vs. 2.7581556269304808
list:
dist: 2.638439545416567 vs. 2.638439545416567
list:
dist: 1.897932893511487 vs. 1.897932893511487
list:
dist: 1.0915768561403159 vs. 1.0915768561403159
list:
dist: 2.129211349954226 vs. 2.129211349954226
list:
dist: 1.2147573762877815 vs. 1.2147573762877815
list:
dist: 0.7677851813139364 vs. 0.7677851813139364
list:
dist: 1.9602142438776455 vs. 1.9602142438776455
list:
dist: 1.7635911787439709 vs. 1.7635911787439709
list:
dist: 2.584155642410954 vs. 2.584155642410954
list:
dist: 2.5714209700850352 vs. 2.5714209700850352
list:
dist: 0.8849479712008717 vs. 0.8849479712008717
list:
dist: 1.704319396576774 vs. 1.704319396576774
list:
dist: 1.810466499479796 vs. 1.810466499479796
list:
dist: 1.9717285322007758 vs. 1.9717285322007758
list:
dist: 1.3139965288194053 vs. 1.3139965288194053
list:
dist: 2.1734071285922867 vs. 2.1734071285922867
list:
dist: 2.3341039248416453 vs. 2.3341039248416453
list:
dist: 2.278003479402289 vs. 2.278003479402289
list:
dist: 2.726909313113743 vs. 2.726909313113743
list:
dist: 3.2703446331885346 vs. 3.2703446331885346
list:
dist: 2.0703276085767115 vs. 2.0703276085767115
list:
dist: 2.1734071285922867 vs. 2.1734071285922867
list:
dist: 3.474203274997761 vs. 3.474203274997761
list:
dist: 3.042214559554217 vs. 3.042214559554217
list:
dist: 1.24708601105786 vs. 1.24708601105786
list:
dist: 1.7933036842692296 vs. 1.7933036842692296
list:
dist: 1.106035940552758 vs. 1.106035940552758
list:
dist: 1.7460464194310517 vs. 1.7460464194310517
list:
dist: 2.314081935606068 vs. 2.314081935606068
list:
dist: 2.9491017172055805 vs. 2.9491017172055805
list:
dist: 2.61339198557919 vs. 2.61339198557919
list:
dist: 1.8385434942703083 vs. 1.8385434942703083
list:
dist: 0.744531464278233 vs. 0.744531464278233
list:
dist: 0.7246572249465288 vs. 0.7246572249465288
list:
dist: 3.430188200255373 vs. 3.430188200255373
list:
dist: 3.029403501895351 vs. 3.029403501895351
list:
dist: 3.6504439503253963 vs. 3.6504439503253963
list:
dist: 2.7581556269304808 vs. 2.7581556269304808
list:
dist: 2.1122429326022445 vs. 2.1122429326022445
list:
dist: 2.0637987826511623 vs. 2.0637987826511623
list:
dist: 1.435718013052528 vs. 1.435718013052528
list:
dist: 4.187207747583652 vs. 4.187207747583652
list:
dist: 3.328138970641534 vs. 3.328138970641534
list:
dist: 4.113155702533825 vs. 4.113155702533825
list:
dist: 4.532818794901349 vs. 4.532818794901349
list:
dist: 1.4714656338567031 vs. 1.4714656338567031
list:
dist: 2.190215477466065 vs. 2.190215477466065
list:
dist: 2.8387283121969737 vs. 2.8387283121969737
list:
dist: 2.9640074862992316 vs. 2.9640074862992316
list:
dist: 2.5107593247648157 vs. 2.5107593247648157
list:
dist: 1.0129250189119572 vs. 1.0129250189119572
list:
dist: 0.6888276653435915 vs. 0.6888276653435915
list:
dist: 0.8382068172321141 vs. 0.8382068172321141
list:
dist: 2.314081935606068 vs. 2.314081935606068
list:
dist: 2.5949284101850925 vs. 2.5949284101850925
list:
dist: 1.463300909377295 vs. 1.463300909377295
list:
dist: 1.663631129439108 vs. 1.663631129439108
list:
dist: 1.5479195083724406 vs. 1.5479195083724406
list:
dist: 1.5913405734103117 vs. 1.5913405734103117
list:
dist: 1.4603469136443121 vs. 1.4603469136443121
list:
dist: 0.9049815870823164 vs. 0.9049815870823164
list:
dist: 2.671857473999936 vs. 2.671857473999936
list:
dist: 2.112087392616237 vs. 2.112087392616237
list:
dist: 4.346912748976996 vs. 4.346912748976996
list:
dist: 3.4648362436863493 vs. 3.4648362436863493
list:
dist: 1.9315567369760958 vs. 1.9315567369760958
list:
dist: 2.3571504161798282 vs. 2.3571504161798282
list:
dist: 1.4324252138630555 vs. 1.4324252138630555
list:
dist: 1.9717285322007758 vs. 1.9717285322007758
list:
dist: 3.315308632784441 vs. 3.315308632784441
list:
dist: 2.3351408718783113 vs. 2.3351408718783113
list:
dist: 0.3293184458652679 vs. 0.3293184458652679
list:
dist: 1.0271935859840857 vs. 1.0271935859840857
list:
dist: 1.0518694446055699 vs. 1.0518694446055699
list:
dist: 2.5107593247648157 vs. 2.5107593247648157
list:
dist: 2.858196981040017 vs. 2.858196981040017
list:
dist: 3.0318662618926595 vs. 3.0318662618926595
list:
dist: 2.310813461536619 vs. 2.310813461536619
list:
dist: 1.106035940552758 vs. 1.106035940552758
list:
dist: 1.2438662738037356 vs. 1.2438662738037356
list:
dist: 1.5731899561859564 vs. 1.5731899561859564
list:
dist: 3.195392199550838 vs. 3.195392199550838
list:
dist: 2.845827998253097 vs. 2.845827998253097
list:
dist: 3.7769720668689373 vs. 3.7769720668689373
list:
dist: 2.986086366529551 vs. 2.986086366529551
list:
dist: 2.3172954312894753 vs. 2.3172954312894753
list:
dist: 2.6973172191587556 vs. 2.6973172191587556
list:
dist: 1.6242055011794756 vs. 1.6242055011794756
list:
dist: 4.137880292536717 vs. 4.137880292536717
list:
dist: 2.544559147153112 vs. 2.544559147153112
list:
dist: 3.2513332018826 vs. 3.2513332018826
list:
dist: 3.339770947693628 vs. 3.339770947693628
list:
dist: 4.118581712791881 vs. 4.118581712791881
list:
dist: 3.7612820497492008 vs. 3.7612820497492008
list:
dist: 2.7983416706350925 vs. 2.7983416706350925
list:
dist: 1.7901717932792904 vs. 1.7901717932792904
list:
dist: 3.6279170282758817 vs. 3.6279170282758817
list:
dist: 3.4194257579079674 vs. 3.4194257579079674
list:
dist: 3.315308632784441 vs. 3.315308632784441
list:
dist: 1.4714656338567031 vs. 1.4714656338567031
list:
dist: 0.5361725622186693 vs. 0.5361725622186693
list:
dist: 1.849153282122137 vs. 1.849153282122137
list:
dist: 2.3069491564941473 vs. 2.3069491564941473
list:
dist: 3.474203274997761 vs. 3.474203274997761
list:
dist: 3.815733067762545 vs. 3.815733067762545
list:
dist: 1.0342048943886488 vs. 1.0342048943886488
list:
dist: 2.1829085707685456 vs. 2.1829085707685456
list:
dist: 1.0748708422547701 vs. 1.0748708422547701
list:
dist: 1.9816481251800875 vs. 1.9816481251800875
list:
dist: 2.5452657086663972 vs. 2.5452657086663972
list:
dist: 2.180019403072894 vs. 2.180019403072894
list:
dist: 4.084347140394672 vs. 4.084347140394672
list:
dist: 3.341191467285175 vs. 3.341191467285175
list:
dist: 3.3539827787752623 vs. 3.3539827787752623
list:
dist: 3.0557623496182975 vs. 3.0557623496182975
list:
dist: 3.8609220011964496 vs. 3.8609220011964496
list:
dist: 3.8980681020927634 vs. 3.8980681020927634
list:
dist: 0.5361725622186693 vs. 0.5361725622186693
list:
dist: 1.6984770389875798 vs. 1.6984770389875798
list:
dist: 3.1771300622457006 vs. 3.1771300622457006
list:
dist: 3.0143790450355925 vs. 3.0143790450355925
list:
dist: 2.858196981040017 vs. 2.858196981040017
list:
dist: 1.0129250189119572 vs. 1.0129250189119572
list:
dist: 1.4797926264376844 vs. 1.4797926264376844
list:
dist: 1.837197541718306 vs. 1.837197541718306
list:
dist: 2.9491017172055805 vs. 2.9491017172055805
list:
dist: 3.3119625602601914 vs. 3.3119625602601914
list:
dist: 1.1224082459118887 vs. 1.1224082459118887
list:
dist: 2.0159266889864886 vs. 2.0159266889864886
list:
dist: 1.263185258197337 vs. 1.263185258197337
list:
dist: 1.9365771950202482 vs. 1.9365771950202482
list:
dist: 2.256963322603528 vs. 2.256963322603528
list:
dist: 1.7780244062237989 vs. 1.7780244062237989
list:
dist: 3.633801394891724 vs. 3.633801394891724
list:
dist: 2.8899373351317266 vs. 2.8899373351317266
list:
dist: 2.255710627090875 vs. 2.255710627090875
list:
dist: 2.3040190633684796 vs. 2.3040190633684796
list:
dist: 0.7981643888953204 vs. 0.7981643888953204
list:
dist: 1.3139965288194053 vs. 1.3139965288194053
list:
dist: 0.7256594660218245 vs. 0.7256594660218245
list:
dist: 1.3858853779729403 vs. 1.3858853779729403
list:
dist: 1.0518694446055699 vs. 1.0518694446055699
list:
dist: 1.7460464194310517 vs. 1.7460464194310517
list:
dist: 1.648927631653846 vs. 1.648927631653846
list:
dist: 1.8933271383625805 vs. 1.8933271383625805
list:
dist: 3.1952339439530704 vs. 3.1952339439530704
list:
dist: 2.2614232115722555 vs. 2.2614232115722555
list:
dist: 4.51751785607914 vs. 4.51751785607914
list:
dist: 3.9308106643410334 vs. 3.9308106643410334
list:
dist: 4.734447812272066 vs. 4.734447812272066
list:
dist: 4.499324086916174 vs. 4.499324086916174
list:
dist: 1.849153282122137 vs. 1.849153282122137
list:
dist: 2.8645575642933703 vs. 2.8645575642933703
list:
dist: 3.351350638980084 vs. 3.351350638980084
list:
dist: 3.519438076670301 vs. 3.519438076670301
list:
dist: 3.0318662618926595 vs. 3.0318662618926595
list:
dist: 0.6888276653435915 vs. 0.6888276653435915
list:
dist: 1.4797926264376844 vs. 1.4797926264376844
list:
dist: 0.9065023139034183 vs. 0.9065023139034183
list:
dist: 2.61339198557919 vs. 2.61339198557919
list:
dist: 2.8899247280390026 vs. 2.8899247280390026
list:
dist: 1.8949585033005238 vs. 1.8949585033005238
list:
dist: 2.0408631266130692 vs. 2.0408631266130692
list:
dist: 1.5820325414871232 vs. 1.5820325414871232
list:
dist: 1.5161418711398682 vs. 1.5161418711398682
list:
dist: 1.488096685069645 vs. 1.488096685069645
list:
dist: 1.1867012886533754 vs. 1.1867012886533754
list:
dist: 2.6606843086312337 vs. 2.6606843086312337
list:
dist: 2.4189600410729217 vs. 2.4189600410729217
list:
dist: 3.349826864583023 vs. 3.349826864583023
list:
dist: 3.796042539070129 vs. 3.796042539070129
list:
dist: 2.346402870389418 vs. 2.346402870389418
list:
dist: 2.278003479402289 vs. 2.278003479402289
list:
dist: 1.617974469299659 vs. 1.617974469299659
list:
dist: 2.3668933221902972 vs. 2.3668933221902972
list:
dist: 1.5731899561859564 vs. 1.5731899561859564
list:
dist: 1.8933271383625805 vs. 1.8933271383625805
list:
dist: 0.7246572249465288 vs. 0.7246572249465288
list:
dist: 0.5179897892442871 vs. 0.5179897892442871
list:
dist: 1.6845187416312237 vs. 1.6845187416312237
list:
dist: 1.4013829327208276 vs. 1.4013829327208276
list:
dist: 1.0748708422547701 vs. 1.0748708422547701
list:
dist: 2.609526467364653 vs. 2.609526467364653
list:
dist: 1.5479195083724406 vs. 1.5479195083724406
list:
dist: 1.263185258197337 vs. 1.263185258197337
list:
dist: 1.5820325414871232 vs. 1.5820325414871232
list:
dist: 2.2507294415300483 vs. 2.2507294415300483
list:
dist: 1.1066672141912948 vs. 1.1066672141912948
list:
dist: 2.016602532543934 vs. 2.016602532543934
list:
dist: 1.1676371424931362 vs. 1.1676371424931362
list:
dist: 2.129211349954226 vs. 2.129211349954226
list:
dist: 2.0824651948508914 vs. 2.0824651948508914
list:
dist: 2.180019403072894 vs. 2.180019403072894
list:
dist: 2.407759410978536 vs. 2.407759410978536
list:
dist: 2.620886457434926 vs. 2.620886457434926
list:
dist: 3.044582012451383 vs. 3.044582012451383
list:
dist: 2.3172954312894753 vs. 2.3172954312894753
list:
dist: 0.9049815870823164 vs. 0.9049815870823164
list:
dist: 1.7780244062237989 vs. 1.7780244062237989
list:
dist: 1.1867012886533754 vs. 1.1867012886533754
list:
dist: 0.6437790890430813 vs. 0.6437790890430813
list:
dist: 2.1122429326022445 vs. 2.1122429326022445
list:
dist: 2.126455505389142 vs. 2.126455505389142
list:
dist: 1.7327089163151388 vs. 1.7327089163151388
list:
dist: 1.1892283855239147 vs. 1.1892283855239147
list:
dist: 2.0824651948508914 vs. 2.0824651948508914
list:
dist: 1.5676163710695088 vs. 1.5676163710695088
list:
dist: 0.7677851813139364 vs. 0.7677851813139364
list:
dist: 1.9295585434741616 vs. 1.9295585434741616
list:
dist: 1.3934876362189463 vs. 1.3934876362189463
list:
dist: 3.236416668758677 vs. 3.236416668758677
list:
dist: 1.7310172939921753 vs. 1.7310172939921753
list:
dist: 3.6015132398407297 vs. 3.6015132398407297
list:
dist: 2.1539738486834406 vs. 2.1539738486834406
list:
dist: 2.71098012109035 vs. 2.71098012109035
list:
dist: 5.011365170895889 vs. 5.011365170895889
list:
dist: 2.801240571899686 vs. 2.801240571899686
list:
dist: 1.7901717932792904 vs. 1.7901717932792904
list:
dist: 2.566394503275181 vs. 2.566394503275181
list:
dist: 2.34173081804686 vs. 2.34173081804686
list:
dist: 2.3351408718783113 vs. 2.3351408718783113
list:
dist: 2.190215477466065 vs. 2.190215477466065
list:
dist: 1.6984770389875798 vs. 1.6984770389875798
list:
dist: 2.8645575642933703 vs. 2.8645575642933703
list:
dist: 2.7157367563042407 vs. 2.7157367563042407
list:
dist: 3.042214559554217 vs. 3.042214559554217
list:
dist: 3.2398303064880807 vs. 3.2398303064880807
list:
dist: 1.6761442489835405 vs. 1.6761442489835405
list:
dist: 2.1345126751573806 vs. 2.1345126751573806
list:
dist: 2.609526467364653 vs. 2.609526467364653
list:
dist: 2.9455220422112265 vs. 2.9455220422112265
list:
dist: 2.9176554671614405 vs. 2.9176554671614405
list:
dist: 2.407759410978536 vs. 2.407759410978536
list:
dist: 3.994078240057573 vs. 3.994078240057573
list:
dist: 2.870487176062958 vs. 2.870487176062958
list:
dist: 3.3233755955044297 vs. 3.3233755955044297
list:
dist: 1.0342048943886488 vs. 1.0342048943886488
list:
dist: 1.6761442489835405 vs. 1.6761442489835405
list:
dist: 3.502752517705769 vs. 3.502752517705769
list:
dist: 3.5469194372221473 vs. 3.5469194372221473
list:
dist: 3.195392199550838 vs. 3.195392199550838
list:
dist: 1.463300909377295 vs. 1.463300909377295
list:
dist: 1.1224082459118887 vs. 1.1224082459118887
list:
dist: 1.8949585033005238 vs. 1.8949585033005238
list:
dist: 2.1318149520441594 vs. 2.1318149520441594
list:
dist: 3.430188200255373 vs. 3.430188200255373
list:
dist: 3.569869521922733 vs. 3.569869521922733
list:
dist: 1.2624092377318614 vs. 1.2624092377318614
list:
dist: 1.1066672141912948 vs. 1.1066672141912948
list:
dist: 1.3816077487321623 vs. 1.3816077487321623
list:
dist: 1.897932893511487 vs. 1.897932893511487
list:
dist: 1.7327089163151388 vs. 1.7327089163151388
list:
dist: 3.6282021301299903 vs. 3.6282021301299903
list:
dist: 2.8778250162793815 vs. 2.8778250162793815
list:
dist: 4.402855272628728 vs. 4.402855272628728
list:
dist: 3.625431077421676 vs. 3.625431077421676
list:
dist: 1.9507928559163918 vs. 1.9507928559163918
list:
dist: 2.2643441188773945 vs. 2.2643441188773945
list:
dist: 1.1479041583399598 vs. 1.1479041583399598
list:
dist: 1.704319396576774 vs. 1.704319396576774
list:
dist: 3.6279170282758817 vs. 3.6279170282758817
list:
dist: 2.566394503275181 vs. 2.566394503275181
list:
dist: 1.0092513075928966 vs. 1.0092513075928966
list:
dist: 0.3293184458652679 vs. 0.3293184458652679
list:
dist: 0.7256594660218245 vs. 0.7256594660218245
list:
dist: 2.8387283121969737 vs. 2.8387283121969737
list:
dist: 3.1771300622457006 vs. 3.1771300622457006
list:
dist: 3.351350638980084 vs. 3.351350638980084
list:
dist: 2.613279709745618 vs. 2.613279709745618
list:
dist: 1.24708601105786 vs. 1.24708601105786
list:
dist: 1.3139742205243545 vs. 1.3139742205243545
list:
dist: 1.617974469299659 vs. 1.617974469299659
list:
dist: 3.502752517705769 vs. 3.502752517705769
list:
dist: 3.12229954327208 vs. 3.12229954327208
list:
dist: 4.090447848372274 vs. 4.090447848372274
list:
dist: 3.269970868086991 vs. 3.269970868086991
list:
dist: 2.620886457434926 vs. 2.620886457434926
list:
dist: 2.8447766371543968 vs. 2.8447766371543968
list:
dist: 1.8091275403044926 vs. 1.8091275403044926
list:
dist: 4.427526677429239 vs. 4.427526677429239
list:
dist: 2.1829085707685456 vs. 2.1829085707685456
list:
dist: 2.1345126751573806 vs. 2.1345126751573806
list:
dist: 3.12229954327208 vs. 3.12229954327208
list:
dist: 3.5215567580172573 vs. 3.5215567580172573
list:
dist: 2.845827998253097 vs. 2.845827998253097
list:
dist: 1.663631129439108 vs. 1.663631129439108
list:
dist: 2.0159266889864886 vs. 2.0159266889864886
list:
dist: 2.0408631266130692 vs. 2.0408631266130692
list:
dist: 1.8217339200383071 vs. 1.8217339200383071
list:
dist: 3.029403501895351 vs. 3.029403501895351
list:
dist: 2.9094882672954867 vs. 2.9094882672954867
list:
dist: 1.2624092377318614 vs. 1.2624092377318614
list:
dist: 2.016602532543934 vs. 2.016602532543934
list:
dist: 1.3859194067815022 vs. 1.3859194067815022
list:
dist: 1.0915768561403159 vs. 1.0915768561403159
list:
dist: 1.1892283855239147 vs. 1.1892283855239147
list:
dist: 2.6949187905416214 vs. 2.6949187905416214
list:
dist: 2.0138351819358737 vs. 2.0138351819358737
list:
dist: 4.084347140394672 vs. 4.084347140394672
list:
dist: 3.994078240057573 vs. 3.994078240057573
list:
dist: 2.8447766371543968 vs. 2.8447766371543968
list:
dist: 3.668023879655437 vs. 3.668023879655437
list:
dist: 2.6973172191587556 vs. 2.6973172191587556
list:
dist: 3.1952339439530704 vs. 3.1952339439530704
list:
dist: 2.671857473999936 vs. 2.671857473999936
list:
dist: 3.633801394891724 vs. 3.633801394891724
list:
dist: 2.6606843086312337 vs. 2.6606843086312337
list:
dist: 1.8726518582978602 vs. 1.8726518582978602
list:
dist: 2.0637987826511623 vs. 2.0637987826511623
list:
dist: 1.6170668178596737 vs. 1.6170668178596737
list:
dist: 1.6845187416312237 vs. 1.6845187416312237
list:
dist: 3.6282021301299903 vs. 3.6282021301299903
list:
dist: 2.6949187905416214 vs. 2.6949187905416214
list:
dist: 3.1432727543538865 vs. 3.1432727543538865
list:
dist: 1.9602142438776455 vs. 1.9602142438776455
list:
dist: 1.9295585434741616 vs. 1.9295585434741616
list:
dist: 1.2321815872627966 vs. 1.2321815872627966
900
rk
<OccurredElementalReaction>
	 elmtlRkId: 3
	 p(id,type,coords) 93 4 6.1421579939564594 -2.327198915774255 24.380239815478642
</OccurredElementalReaction>
rk
<OccurredElementalReaction>
	 elmtlRkId: 3
	 p(id,type,coords) 105 4 4.702975438782619 -3.4882699378701405 24.36860813639584
</OccurredElementalReaction>
]]></system-out>
  <system-err><![CDATA[]]></system-err>
</testsuite>
