<?xml version="1.0" encoding="UTF-8" ?>
<testsuite errors="0" failures="0" hostname="johanness-mbp-4" name="readdy.impl.sim.core_mc.Core_MCTest" tests="4" time="1.015" timestamp="2014-05-21T19:13:16">
  <properties>
    <property name="netbeans.autoupdate.country" value="US" />
    <property name="nb.wait.for.caches" value="true" />
    <property name="javac.test.classpath" value="lib/colt.jar:lib/statlab.jar:build/classes:/Applications/NetBeans/NetBeans 7.2.1.app/Contents/Resources/NetBeans/platform/modules/ext/junit-4.10.jar" />
    <property name="libs.junit.javadoc" value="/Applications/NetBeans/NetBeans 7.2.1.app/Contents/Resources/NetBeans/java/docs/junit-3.8.2-api.zip" />
    <property name="file.reference.colt.jar" value="lib/colt.jar" />
    <property name="ant.core.lib" value="/Applications/NetBeans/NetBeans 7.2.1.app/Contents/Resources/NetBeans/java/ant/lib/ant.jar" />
    <property name="javadoc.windowtitle" value="" />
    <property name="user.dir" value="/Users/johannesschoeneberg/Desktop/PhD/projects/ReaDDy/gitHub/readdy" />
    <property name="com.apple.mrj.application.apple.menu.about.name" value="NetBeans" />
    <property name="libs.hibernate-persistence.javadoc" value="" />
    <property name="java.vm.version" value="24.51-b03" />
    <property name="libs.MyLibrary.src" value="" />
    <property name="libs.MySQLDriver.classpath" value="/Applications/NetBeans/NetBeans 7.2.1.app/Contents/Resources/NetBeans/ide/modules/ext/mysql-connector-java-5.1.18-bin.jar" />
    <property name="libs.eclipselinkmodelgen.src" value="" />
    <property name="javadoc.notree" value="false" />
    <property name="netbeans.autoupdate.version" value="1.23" />
    <property name="libs.EclipseLink-GlassFish-v3.classpath" value="/Applications/NetBeans/glassfish-3.0.1/glassfish/modules/org.eclipse.persistence.antlr.jar:/Applications/NetBeans/glassfish-3.0.1/glassfish/modules/org.eclipse.persistence.asm.jar:/Applications/NetBeans/glassfish-3.0.1/glassfish/modules/org.eclipse.persistence.core.jar:/Applications/NetBeans/glassfish-3.0.1/glassfish/modules/org.eclipse.persistence.jpa.jar:/Applications/NetBeans/glassfish-3.0.1/glassfish/modules/org.eclipse.persistence.jpa.modelgen.jar:/Applications/NetBeans/glassfish-3.0.1/glassfish/modules/org.eclipse.persistence.oracle.jar:/Applications/NetBeans/glassfish-3.0.1/glassfish/modules/javax.persistence.jar" />
    <property name="libs.hibernate-support.maven-pom" value="" />
    <property name="libs.hibernate-support.javadoc" value="" />
    <property name="jdk.home" value="/Library/Java/JavaVirtualMachines/jdk1.7.0_51.jdk/Contents/Home" />
    <property name="libs.javac-api.src" value="" />
    <property name="javadoc.noindex" value="false" />
    <property name="sun.os.patch.level" value="unknown" />
    <property name="do.archive+manifest.available" value="true" />
    <property name="java.vm.specification.name" value="Java Virtual Machine Specification" />
    <property name="nb.show.statistics.ui" value="usageStatisticsEnabled" />
    <property name="netbeans.autoupdate.variant" value="" />
    <property name="have.tests" value="true" />
    <property name="org.xml.sax.driver" value="com.sun.org.apache.xerces.internal.jaxp.SAXParserImpl$JAXPSAXParser" />
    <property name="libs.javac-api.javadoc" value="" />
    <property name="os.name" value="Mac OS X" />
    <property name="libs.beans-binding.classpath" value="/Applications/NetBeans/NetBeans 7.2.1.app/Contents/Resources/NetBeans/java/modules/ext/beansbinding-1.2.1.jar" />
    <property name="libs.JWSAntTasks.maven-pom" value="" />
    <property name="jnlp.signing.keystore" value="" />
    <property name="libs.testng.src" value="" />
    <property name="java.vendor.url.bug" value="http://bugreport.sun.com/bugreport/" />
    <property name="libs.jaxb.maven-pom" value="" />
    <property name="os.arch" value="x86_64" />
    <property name="libs.eclipselink.src" value="" />
    <property name="user.name" value="johannesschoeneberg" />
    <property name="libs.Comet-GlassFish-v3.javadoc" value="" />
    <property name="copylibs.rebase" value="true" />
    <property name="manifest.available+main.class" value="true" />
    <property name="libs.swing-layout.maven-pom" value="" />
    <property name="sun.java.command" value="org.apache.tools.ant.taskdefs.optional.junit.JUnitTestRunner readdy.impl.sim.core_mc.Core_MCTest filtertrace=true haltOnError=false haltOnFailure=false showoutput=true outputtoformatters=true logfailedtests=true logtestlistenerevents=true formatter=org.apache.tools.ant.taskdefs.optional.junit.BriefJUnitResultFormatter formatter=org.apache.tools.ant.taskdefs.optional.junit.XMLJUnitResultFormatter,/Users/johannesschoeneberg/Desktop/PhD/projects/ReaDDy/gitHub/readdy/build/test/results/TEST-readdy.impl.sim.core_mc.Core_MCTest.xml crashfile=/Users/johannesschoeneberg/Desktop/PhD/projects/ReaDDy/gitHub/readdy/build/junitvmwatcher6920913103881389560.properties propsfile=/Users/johannesschoeneberg/Desktop/PhD/projects/ReaDDy/gitHub/readdy/build/junit6079912630810654563.properties" />
    <property name="build.classes.dir" value="build/classes" />
    <property name="netbeans.accept_license_class" value="org.netbeans.license.AcceptLicense" />
    <property name="jnlp.descriptor" value="application" />
    <property name="build.sysclasspath" value="ignore" />
    <property name="libs.jaxws21.javadoc" value="/Applications/NetBeans/NetBeans 7.2.1.app/Contents/Resources/NetBeans/java/docs/jaxws-api-doc.zip" />
    <property name="includes" value="**" />
    <property name="user.country" value="US" />
    <property name="manifest.file" value="manifest.mf" />
    <property name="javadoc.encoding" value="UTF-8" />
    <property name="javac.classpath" value="lib/colt.jar:lib/statlab.jar" />
    <property name="debug-transport" value="dt_socket" />
    <property name="netbeans.system_http_non_proxy_hosts" value="" />
    <property name="com.sun.mysql.port" value="3306" />
    <property name="netbeans.home" value="/Applications/NetBeans/NetBeans 7.2.1.app/Contents/Resources/NetBeans/platform" />
    <property name="build.compiler.emacs" value="true" />
    <property name="libs.ejb3-persistence.src" value="" />
    <property name="java.endorsed.dirs" value="/Library/Java/JavaVirtualMachines/jdk1.7.0_51.jdk/Contents/Home/jre/lib/endorsed" />
    <property name="libs.Comet-GlassFish-v3.maven-pom" value="" />
    <property name="netbeans.dynamic.classpath" value="/Applications/NetBeans/NetBeans 7.2.1.app/Contents/Resources/NetBeans/platform/core/core.jar:/Applications/NetBeans/NetBeans 7.2.1.app/Contents/Resources/NetBeans/platform/core/org-openide-filesystems.jar:/Applications/NetBeans/NetBeans 7.2.1.app/Contents/Resources/NetBeans/platform/core/locale/core_ja.jar:/Applications/NetBeans/NetBeans 7.2.1.app/Contents/Resources/NetBeans/platform/core/locale/core_pt_BR.jar:/Applications/NetBeans/NetBeans 7.2.1.app/Contents/Resources/NetBeans/platform/core/locale/core_ru.jar:/Applications/NetBeans/NetBeans 7.2.1.app/Contents/Resources/NetBeans/platform/core/locale/core_zh_CN.jar:/Applications/NetBeans/NetBeans 7.2.1.app/Contents/Resources/NetBeans/platform/core/locale/org-openide-filesystems_ja.jar:/Applications/NetBeans/NetBeans 7.2.1.app/Contents/Resources/NetBeans/platform/core/locale/org-openide-filesystems_pt_BR.jar:/Applications/NetBeans/NetBeans 7.2.1.app/Contents/Resources/NetBeans/platform/core/locale/org-openide-filesystems_ru.jar:/Applications/NetBeans/NetBeans 7.2.1.app/Contents/Resources/NetBeans/platform/core/locale/org-openide-filesystems_zh_CN.jar:/Applications/NetBeans/NetBeans 7.2.1.app/Contents/Resources/NetBeans/nb/core/org-netbeans-upgrader.jar:/Applications/NetBeans/NetBeans 7.2.1.app/Contents/Resources/NetBeans/nb/core/locale/core_nb.jar:/Applications/NetBeans/NetBeans 7.2.1.app/Contents/Resources/NetBeans/nb/core/locale/core_nb_ja.jar:/Applications/NetBeans/NetBeans 7.2.1.app/Contents/Resources/NetBeans/nb/core/locale/core_nb_pt_BR.jar:/Applications/NetBeans/NetBeans 7.2.1.app/Contents/Resources/NetBeans/nb/core/locale/core_nb_ru.jar:/Applications/NetBeans/NetBeans 7.2.1.app/Contents/Resources/NetBeans/nb/core/locale/core_nb_zh_CN.jar:/Applications/NetBeans/NetBeans 7.2.1.app/Contents/Resources/NetBeans/nb/core/locale/org-netbeans-upgrader_ja.jar:/Applications/NetBeans/NetBeans 7.2.1.app/Contents/Resources/NetBeans/nb/core/locale/org-netbeans-upgrader_pt_BR.jar:/Applications/NetBeans/NetBeans 7.2.1.app/Contents/Resources/NetBeans/nb/core/locale/org-netbeans-upgrader_ru.jar:/Applications/NetBeans/NetBeans 7.2.1.app/Contents/Resources/NetBeans/nb/core/locale/org-netbeans-upgrader_zh_CN.jar" />
    <property name="jnlp.enabled" value="false" />
    <property name="java.vm.specification.version" value="1.7" />
    <property name="ftp.nonProxyHosts" value="local|*.local|169.254/16|*.169.254/16" />
    <property name="netbeans.productversion" value="NetBeans IDE 7.2.1 (Build 201210100934)" />
    <property name="libs.hibernate-persistence.classpath" value="/Applications/NetBeans/NetBeans 7.2.1.app/Contents/Resources/NetBeans/java/modules/ext/hibernate/antlr-2.7.6.jar:/Applications/NetBeans/NetBeans 7.2.1.app/Contents/Resources/NetBeans/java/modules/ext/hibernate/asm.jar:/Applications/NetBeans/NetBeans 7.2.1.app/Contents/Resources/NetBeans/java/modules/ext/hibernate/asm-attrs.jar:/Applications/NetBeans/NetBeans 7.2.1.app/Contents/Resources/NetBeans/java/modules/ext/hibernate/cglib-2.1.3.jar:/Applications/NetBeans/NetBeans 7.2.1.app/Contents/Resources/NetBeans/java/modules/ext/hibernate/commons-collections-2.1.1.jar:/Applications/NetBeans/NetBeans 7.2.1.app/Contents/Resources/NetBeans/ide/modules/org-apache-commons-logging.jar:/Applications/NetBeans/NetBeans 7.2.1.app/Contents/Resources/NetBeans/java/modules/ext/hibernate/dom4j-1.6.1.jar:/Applications/NetBeans/NetBeans 7.2.1.app/Contents/Resources/NetBeans/java/modules/ext/hibernate/ehcache-1.2.3.jar:/Applications/NetBeans/NetBeans 7.2.1.app/Contents/Resources/NetBeans/java/modules/ext/hibernate/jdbc2_0-stdext.jar:/Applications/NetBeans/NetBeans 7.2.1.app/Contents/Resources/NetBeans/java/modules/ext/hibernate/jta.jar:/Applications/NetBeans/NetBeans 7.2.1.app/Contents/Resources/NetBeans/java/modules/ext/hibernate/hibernate3.jar:/Applications/NetBeans/NetBeans 7.2.1.app/Contents/Resources/NetBeans/java/modules/ext/hibernate/hibernate-tools.jar:/Applications/NetBeans/NetBeans 7.2.1.app/Contents/Resources/NetBeans/java/modules/ext/hibernate/hibernate-annotations.jar:/Applications/NetBeans/NetBeans 7.2.1.app/Contents/Resources/NetBeans/java/modules/ext/hibernate/hibernate-commons-annotations.jar:/Applications/NetBeans/NetBeans 7.2.1.app/Contents/Resources/NetBeans/java/modules/ext/hibernate/hibernate-entitymanager.jar:/Applications/NetBeans/NetBeans 7.2.1.app/Contents/Resources/NetBeans/java/modules/ext/hibernate/javassist.jar:/Applications/NetBeans/NetBeans 7.2.1.app/Contents/Resources/NetBeans/java/modules/ext/hibernate/ejb3-persistence.jar" />
    <property name="libs.jaxws21.src" value="" />
    <property name="application.title" value="ReaDDy" />
    <property name="do.archive" value="true" />
    <property name="netbeans.autoupdate.language" value="en" />
    <property name="java.vendor" value="Oracle Corporation" />
    <property name="sun.font.fontmanager" value="sun.font.CFontManager" />
    <property name="jar.index.metainf" value="false" />
    <property name="javac.debug" value="true" />
    <property name="javadoc.splitindex" value="true" />
    <property name="file.separator" value="/" />
    <property name="libs.junit_4.maven-pom" value="" />
    <property name="mkdist.disabled" value="false" />
    <property name="javac.test.processorpath" value="lib/colt.jar:lib/statlab.jar:build/classes:/Applications/NetBeans/NetBeans 7.2.1.app/Contents/Resources/NetBeans/platform/modules/ext/junit-4.10.jar" />
    <property name="netbeans.buildnumber" value="201210100934" />
    <property name="libs.JWSAntTasks.javadoc" value="" />
    <property name="build.generated.sources.dir" value="build/generated-sources" />
    <property name="libs.eclipselinkmodelgen.classpath" value="/Applications/NetBeans/NetBeans 7.2.1.app/Contents/Resources/NetBeans/java/modules/ext/eclipselink/org.eclipse.persistence.jpa.modelgen.processor-2.3.2.jar" />
    <property name="sun.java.launcher" value="SUN_STANDARD" />
    <property name="libs.junit.classpath" value="/Applications/NetBeans/NetBeans 7.2.1.app/Contents/Resources/NetBeans/java/modules/ext/junit-3.8.2.jar" />
    <property name="libs.jaxb.javadoc" value="/Applications/NetBeans/NetBeans 7.2.1.app/Contents/Resources/NetBeans/ide/docs/jaxb-api-doc.zip" />
    <property name="ant.home" value="/Applications/NetBeans/NetBeans 7.2.1.app/Contents/Resources/NetBeans/java/ant" />
    <property name="libs.junit_4.src" value="/Applications/NetBeans/NetBeans 7.2.1.app/Contents/Resources/NetBeans/java/docs/junit-4.10-sources.jar" />
    <property name="libs.testng.classpath" value="/Applications/NetBeans/NetBeans 7.2.1.app/Contents/Resources/NetBeans/platform/modules/ext/testng-6.5.1-dist.jar" />
    <property name="libs.absolutelayout.maven-pom" value="" />
    <property name="ant.java.version" value="1.7" />
    <property name="java.library.path" value="/Users/johannesschoeneberg/Library/Java/Extensions:/Library/Java/Extensions:/Network/Library/Java/Extensions:/System/Library/Java/Extensions:/usr/lib/java:." />
    <property name="javadoc.author" value="false" />
    <property name="manifest.available+main.class-mkdist.available" value="true" />
    <property name="libs.EclipseLink-GlassFish-v3.src" value="" />
    <property name="java.util.logging.config.class" value="org.netbeans.core.startup.TopLogging" />
    <property name="libs.PostgreSQLDriver.src" value="" />
    <property name="sun.arch.data.model" value="64" />
    <property name="basedir" value="/Users/johannesschoeneberg/Desktop/PhD/projects/ReaDDy/gitHub/readdy" />
    <property name="libs.jpa20-persistence.maven-pom" value="" />
    <property name="jar.compress" value="false" />
    <property name="path.separator" value=":" />
    <property name="ant.junit.enabletestlistenerevents" value="true" />
    <property name="sun.io.unicode.encoding" value="UnicodeBig" />
    <property name="libs.jaxws21.classpath" value="/Applications/NetBeans/NetBeans 7.2.1.app/Contents/Resources/NetBeans/ide/modules/ext/jaxb/jaxb-impl.jar:/Applications/NetBeans/NetBeans 7.2.1.app/Contents/Resources/NetBeans/ide/modules/ext/jaxb/jaxb-xjc.jar:/Applications/NetBeans/NetBeans 7.2.1.app/Contents/Resources/NetBeans/java/modules/ext/jaxws22/FastInfoset.jar:/Applications/NetBeans/NetBeans 7.2.1.app/Contents/Resources/NetBeans/java/modules/ext/jaxws22/gmbal-api-only.jar:/Applications/NetBeans/NetBeans 7.2.1.app/Contents/Resources/NetBeans/java/modules/ext/jaxws22/ha-api.jar:/Applications/NetBeans/NetBeans 7.2.1.app/Contents/Resources/NetBeans/java/modules/ext/jaxws22/javax.mail_1.4.jar:/Applications/NetBeans/NetBeans 7.2.1.app/Contents/Resources/NetBeans/java/modules/ext/jaxws22/jaxws-rt.jar:/Applications/NetBeans/NetBeans 7.2.1.app/Contents/Resources/NetBeans/java/modules/ext/jaxws22/jaxws-tools.jar:/Applications/NetBeans/NetBeans 7.2.1.app/Contents/Resources/NetBeans/java/modules/ext/jaxws22/management-api.jar:/Applications/NetBeans/NetBeans 7.2.1.app/Contents/Resources/NetBeans/java/modules/ext/jaxws22/mimepull.jar:/Applications/NetBeans/NetBeans 7.2.1.app/Contents/Resources/NetBeans/java/modules/ext/jaxws22/policy.jar:/Applications/NetBeans/NetBeans 7.2.1.app/Contents/Resources/NetBeans/java/modules/ext/jaxws22/saaj-impl.jar:/Applications/NetBeans/NetBeans 7.2.1.app/Contents/Resources/NetBeans/java/modules/ext/jaxws22/stax-ex.jar:/Applications/NetBeans/NetBeans 7.2.1.app/Contents/Resources/NetBeans/java/modules/ext/jaxws22/stax2-api.jar:/Applications/NetBeans/NetBeans 7.2.1.app/Contents/Resources/NetBeans/java/modules/ext/jaxws22/streambuffer.jar:/Applications/NetBeans/NetBeans 7.2.1.app/Contents/Resources/NetBeans/java/modules/ext/jaxws22/woodstox-core-asl.jar:/Applications/NetBeans/NetBeans 7.2.1.app/Contents/Resources/NetBeans/java/modules/ext/jaxws22/api/jaxws-api.jar:/Applications/NetBeans/NetBeans 7.2.1.app/Contents/Resources/NetBeans/java/modules/ext/jaxws22/api/jsr181-api.jar:/Applications/NetBeans/NetBeans 7.2.1.app/Contents/Resources/NetBeans/java/modules/ext/jaxws22/api/javax.annotation.jar:/Applications/NetBeans/NetBeans 7.2.1.app/Contents/Resources/NetBeans/java/modules/ext/jaxws22/api/saaj-api.jar:/Applications/NetBeans/NetBeans 7.2.1.app/Contents/Resources/NetBeans/ide/modules/ext/jaxb/activation.jar:/Applications/NetBeans/NetBeans 7.2.1.app/Contents/Resources/NetBeans/ide/modules/ext/jaxb/api/jaxb-api.jar:/Applications/NetBeans/NetBeans 7.2.1.app/Contents/Resources/NetBeans/ide/modules/ext/jaxb/api/jsr173_1.0_api.jar" />
    <property name="compile.on.save" value="true" />
    <property name="ant.file.ReaDDy" value="/Users/johannesschoeneberg/Desktop/PhD/projects/ReaDDy/gitHub/readdy/build.xml" />
    <property name="apple.awt.graphics.UseQuartz" value="true" />
    <property name="user.language" value="en" />
    <property name="testng.mode" value="testng" />
    <property name="libs.JAXB-ENDORSED.maven-pom" value="" />
    <property name="libs.spring-framework.classpath" value="/Applications/NetBeans/NetBeans 7.2.1.app/Contents/Resources/NetBeans/ide/modules/org-apache-commons-logging.jar:/Applications/NetBeans/NetBeans 7.2.1.app/Contents/Resources/NetBeans/java/modules/ext/cglib-2.2.jar:/Applications/NetBeans/NetBeans 7.2.1.app/Contents/Resources/NetBeans/java/modules/ext/spring/spring-2.5.6.SEC03.jar" />
    <property name="libs.eclipselink.maven-pom" value="" />
    <property name="application.vendor" value="Jojo" />
    <property name="manifest.available" value="true" />
    <property name="libs.spring-framework300.maven-pom" value="" />
    <property name="run.test.classpath" value="lib/colt.jar:lib/statlab.jar:build/classes:/Applications/NetBeans/NetBeans 7.2.1.app/Contents/Resources/NetBeans/platform/modules/ext/junit-4.10.jar:build/test/classes" />
    <property name="ant.project.invoked-targets" value="test" />
    <property name="libs.swing-layout.javadoc" value="/Applications/NetBeans/NetBeans 7.2.1.app/Contents/Resources/NetBeans/platform/docs/swing-layout-1.0.4-doc.zip" />
    <property name="libs.ejb3-persistence.maven-pom" value="" />
    <property name="gopherProxySet" value="false" />
    <property name="libs.PostgreSQLDriver.maven-pom" value="" />
    <property name="java.class.version" value="51.0" />
    <property name="netbeans.system_http_proxy" value="DIRECT" />
    <property name="libs.eclipselink.javadoc" value="" />
    <property name="user.properties.file" value="/Users/johannesschoeneberg/Library/Application Support/NetBeans/7.2.1/build.properties" />
    <property name="runtime.encoding" value="UTF-8" />
    <property name="libs.spring-framework.src" value="" />
    <property name="libs.javac-api.maven-pom" value="" />
    <property name="file.encoding.pkg" value="sun.io" />
    <property name="sun.cpu.endian" value="little" />
    <property name="libs.JAXB-ENDORSED.javadoc" value="" />
    <property name="libs.JWSAntTasks.classpath" value="/Applications/NetBeans/NetBeans 7.2.1.app/Contents/Resources/NetBeans/java/ant/extra/org-netbeans-modules-javawebstart-anttasks.jar" />
    <property name="libs.spring-framework300.src" value="" />
    <property name="empty.dir" value="/Users/johannesschoeneberg/Desktop/PhD/projects/ReaDDy/gitHub/readdy/build/empty" />
    <property name="version-output" value="java version &quot;1.7" />
    <property name="javadoc.preview" value="true" />
    <property name="socksNonProxyHosts" value="local|*.local|169.254/16|*.169.254/16" />
    <property name="libs.jpa20-persistence.javadoc" value="" />
    <property name="java.home" value="/Library/Java/JavaVirtualMachines/jdk1.7.0_51.jdk/Contents/Home/jre" />
    <property name="debug.test.classpath" value="lib/colt.jar:lib/statlab.jar:build/classes:/Applications/NetBeans/NetBeans 7.2.1.app/Contents/Resources/NetBeans/platform/modules/ext/junit-4.10.jar:build/test/classes" />
    <property name="netbeans.importclass" value="org.netbeans.upgrade.AutoUpgrade" />
    <property name="ant.project.default-target" value="default" />
    <property name="annotation.processing.run.all.processors" value="true" />
    <property name="libs.MyLibrary.classpath" value="/Users/Jojo/NetBeansProjects/IoTools/dist/IoTools.jar" />
    <property name="jar.archive.disabled" value="false" />
    <property name="jnlp.signing.alias" value="" />
    <property name="libs.PostgreSQLDriver.javadoc" value="" />
    <property name="com.sun.mysql.stopcommand" value="/usr/local/mysql/support-files/mysql-admin.server" />
    <property name="libs.MySQLDriver.maven-pom" value="" />
    <property name="ant.file.type.ReaDDy-impl" value="file" />
    <property name="http.nonProxyHosts" value="local|*.local|169.254/16|*.169.254/16" />
    <property name="libs.junit_4.javadoc" value="/Applications/NetBeans/NetBeans 7.2.1.app/Contents/Resources/NetBeans/java/docs/junit-4.10-javadoc.jar" />
    <property name="libs.EclipseLink-GlassFish-v3.maven-pom" value="" />
    <property name="run.classpath" value="lib/colt.jar:lib/statlab.jar:build/classes" />
    <property name="libs.hibernate-support.src" value="" />
    <property name="jna.boot.library.name" value="jnidispatch-340" />
    <property name="sun.awt.datatransfer.timeout" value="1000" />
    <property name="annotation.processing.enabled.in.editor" value="false" />
    <property name="sun.management.compiler" value="HotSpot 64-Bit Tiered Compilers" />
    <property name="javac.deprecation" value="false" />
    <property name="javadoc.use" value="true" />
    <property name="sun.java2d.noddraw" value="true" />
    <property name="javac.processorpath" value="lib/colt.jar:lib/statlab.jar" />
    <property name="javac.compilerargs" value="" />
    <property name="svnkit.http.methods" value="Basic" />
    <property name="ant.file" value="/Users/johannesschoeneberg/Desktop/PhD/projects/ReaDDy/gitHub/readdy/build.xml" />
    <property name="libs.beans-binding.maven-pom" value="" />
    <property name="jnlp.codebase.type" value="no.codebase" />
    <property name="libs.beans-binding.src" value="" />
    <property name="java.vm.specification.vendor" value="Oracle Corporation" />
    <property name="libs.swing-layout.src" value="/Applications/NetBeans/NetBeans 7.2.1.app/Contents/Resources/NetBeans/platform/docs/swing-layout-1.0.4-src.zip" />
    <property name="org.openide.major.version" value="IDE/1" />
    <property name="java.vm.name" value="Java HotSpot(TM) 64-Bit Server VM" />
    <property name="netbeans.user" value="/Users/johannesschoeneberg/Library/Application Support/NetBeans/7.2.1" />
    <property name="javadoc.additionalparam" value="" />
    <property name="jnlp.offline-allowed" value="false" />
    <property name="java.io.tmpdir" value="/var/folders/3g/_bpdg45s3zv2x4ktzdvpvsnw0000gn/T/" />
    <property name="java.vendor.url" value="http://java.oracle.com/" />
    <property name="endorsed.classpath.cmd.line.arg" value="" />
    <property name="junit.available" value="true" />
    <property name="org.openide.awt.ActionReference.completion" value="org.netbeans.modules.apisupport.project.layers.PathCompletions" />
    <property name="sun.boot.library.path" value="/Library/Java/JavaVirtualMachines/jdk1.7.0_51.jdk/Contents/Home/jre/lib" />
    <property name="have.sources" value="true" />
    <property name="debug.classpath" value="lib/colt.jar:lib/statlab.jar:build/classes" />
    <property name="javadoc.private" value="false" />
    <property name="test.src.dir" value="test" />
    <property name="libs.MyLibrary.javadoc" value="" />
    <property name="meta.inf.dir" value="src/META-INF" />
    <property name="javadoc.encoding.used" value="UTF-8" />
    <property name="dist.jar" value="dist/ReaDDy.jar" />
    <property name="netbeans.automatic.build" value="true" />
    <property name="java.runtime.name" value="Java(TM) SE Runtime Environment" />
    <property name="ant.project.name" value="ReaDDy" />
    <property name="netbeans.hash.code" value="unique=NB_JAVA056e4f842-5fe4-4f9b-9400-70920d741659_f13b8425-b6a4-4f8b-97bd-90bd6ef862dd" />
    <property name="netbeans.default_userdir_root" value="/Users/johannesschoeneberg/Library/Application Support/NetBeans" />
    <property name="manifest.available-mkdist.available" value="true" />
    <property name="sun.cpu.isalist" value="" />
    <property name="libs.CopyLibs.javadoc" value="" />
    <property name="org.openide.specification.version" value="6.2" />
    <property name="libs.hibernate-support.classpath" value="/Applications/NetBeans/NetBeans 7.2.1.app/Contents/Resources/NetBeans/java/modules/ext/hibernate/antlr-2.7.6.jar:/Applications/NetBeans/NetBeans 7.2.1.app/Contents/Resources/NetBeans/java/modules/ext/hibernate/asm.jar:/Applications/NetBeans/NetBeans 7.2.1.app/Contents/Resources/NetBeans/java/modules/ext/hibernate/asm-attrs.jar:/Applications/NetBeans/NetBeans 7.2.1.app/Contents/Resources/NetBeans/java/modules/ext/hibernate/cglib-2.1.3.jar:/Applications/NetBeans/NetBeans 7.2.1.app/Contents/Resources/NetBeans/java/modules/ext/hibernate/commons-collections-2.1.1.jar:/Applications/NetBeans/NetBeans 7.2.1.app/Contents/Resources/NetBeans/ide/modules/org-apache-commons-logging.jar:/Applications/NetBeans/NetBeans 7.2.1.app/Contents/Resources/NetBeans/java/modules/ext/hibernate/dom4j-1.6.1.jar:/Applications/NetBeans/NetBeans 7.2.1.app/Contents/Resources/NetBeans/java/modules/ext/hibernate/ehcache-1.2.3.jar:/Applications/NetBeans/NetBeans 7.2.1.app/Contents/Resources/NetBeans/java/modules/ext/hibernate/jdbc2_0-stdext.jar:/Applications/NetBeans/NetBeans 7.2.1.app/Contents/Resources/NetBeans/java/modules/ext/hibernate/jta.jar:/Applications/NetBeans/NetBeans 7.2.1.app/Contents/Resources/NetBeans/java/modules/ext/hibernate/hibernate3.jar:/Applications/NetBeans/NetBeans 7.2.1.app/Contents/Resources/NetBeans/java/modules/ext/hibernate/hibernate-tools.jar:/Applications/NetBeans/NetBeans 7.2.1.app/Contents/Resources/NetBeans/java/modules/ext/hibernate/hibernate-annotations.jar:/Applications/NetBeans/NetBeans 7.2.1.app/Contents/Resources/NetBeans/java/modules/ext/hibernate/hibernate-commons-annotations.jar:/Applications/NetBeans/NetBeans 7.2.1.app/Contents/Resources/NetBeans/java/modules/ext/hibernate/hibernate-entitymanager.jar:/Applications/NetBeans/NetBeans 7.2.1.app/Contents/Resources/NetBeans/java/modules/ext/hibernate/javassist.jar" />
    <property name="user.home" value="/Users/johannesschoeneberg" />
    <property name="annotation.processing.processors.list" value="" />
    <property name="debug-args-line" value="-Xdebug" />
    <property name="libs.JWSAntTasks.src" value="" />
    <property name="jar.index" value="false" />
    <property name="libs.CopyLibs.maven-pom" value="" />
    <property name="libs.spring-framework300.javadoc" value="" />
    <property name="libs.hibernate-persistence.maven-pom" value="" />
    <property name="libs.absolutelayout.javadoc" value="" />
    <property name="java.specification.name" value="Java Platform API Specification" />
    <property name="do.archive+main.class.available" value="true" />
    <property name="jnlp.mixed.code" value="default" />
    <property name="java.specification.vendor" value="Oracle Corporation" />
    <property name="libs.javac-api.classpath" value="/Applications/NetBeans/NetBeans 7.2.1.app/Contents/Resources/NetBeans/java/modules/ext/nb-javac-api.jar" />
    <property name="java.version" value="1.7.0_51" />
    <property name="run.jvmargs.ide" value="" />
    <property name="javadoc.version" value="false" />
    <property name="libs.MySQLDriver.javadoc" value="" />
    <property name="org.openide.version" value="deprecated" />
    <property name="ant.file.ReaDDy-impl" value="/Users/johannesschoeneberg/Desktop/PhD/projects/ReaDDy/gitHub/readdy/nbproject/build-impl.xml" />
    <property name="source.encoding" value="UTF-8" />
    <property name="ap.cmd.line.internal" value="" />
    <property name="libs.eclipselinkmodelgen.maven-pom" value="" />
    <property name="libs.junit.maven-pom" value="" />
    <property name="libs.eclipselinkmodelgen.javadoc" value="" />
    <property name="netbeans.home+have.tests" value="true" />
    <property name="annotation.processing.processor.options" value="" />
    <property name="libs.testng.maven-pom" value="" />
    <property name="libs.jaxb.src" value="" />
    <property name="work.dir" value="/Users/johannesschoeneberg/Desktop/PhD/projects/ReaDDy/gitHub/readdy" />
    <property name="libs.jaxb.classpath" value="/Applications/NetBeans/NetBeans 7.2.1.app/Contents/Resources/NetBeans/ide/modules/ext/jaxb/jaxb-impl.jar:/Applications/NetBeans/NetBeans 7.2.1.app/Contents/Resources/NetBeans/ide/modules/ext/jaxb/jaxb-xjc.jar:/Applications/NetBeans/NetBeans 7.2.1.app/Contents/Resources/NetBeans/ide/modules/ext/jaxb/jaxb1-impl.jar:/Applications/NetBeans/NetBeans 7.2.1.app/Contents/Resources/NetBeans/ide/modules/ext/jaxb/activation.jar:/Applications/NetBeans/NetBeans 7.2.1.app/Contents/Resources/NetBeans/ide/modules/ext/jaxb/api/jaxb-api.jar:/Applications/NetBeans/NetBeans 7.2.1.app/Contents/Resources/NetBeans/ide/modules/ext/jaxb/api/jsr173_1.0_api.jar" />
    <property name="do.depend" value="false" />
    <property name="com.sun.mysql.startargs" value="start" />
    <property name="dist.javadoc.dir" value="dist/javadoc" />
    <property name="libs.swing-layout.classpath" value="/Applications/NetBeans/NetBeans 7.2.1.app/Contents/Resources/NetBeans/platform/modules/ext/swing-layout-1.0.4.jar" />
    <property name="build.generated.dir" value="build/generated" />
    <property name="javac.source" value="1.5" />
    <property name="libs.hibernate-persistence.src" value="" />
    <property name="line.separator" value="&#xa;" />
    <property name="java.specification.version" value="1.7" />
    <property name="libs.jaxws21.maven-pom" value="" />
    <property name="java.vm.info" value="mixed mode" />
    <property name="nb.junit.batch" value="true" />
    <property name="junit.forkmode" value="perTest" />
    <property name="libs.spring-framework.maven-pom" value="" />
    <property name="sun.boot.class.path" value="/Library/Java/JavaVirtualMachines/jdk1.7.0_51.jdk/Contents/Home/jre/lib/resources.jar:/Library/Java/JavaVirtualMachines/jdk1.7.0_51.jdk/Contents/Home/jre/lib/rt.jar:/Library/Java/JavaVirtualMachines/jdk1.7.0_51.jdk/Contents/Home/jre/lib/sunrsasign.jar:/Library/Java/JavaVirtualMachines/jdk1.7.0_51.jdk/Contents/Home/jre/lib/jsse.jar:/Library/Java/JavaVirtualMachines/jdk1.7.0_51.jdk/Contents/Home/jre/lib/jce.jar:/Library/Java/JavaVirtualMachines/jdk1.7.0_51.jdk/Contents/Home/jre/lib/charsets.jar:/Library/Java/JavaVirtualMachines/jdk1.7.0_51.jdk/Contents/Home/jre/lib/jfr.jar:/Library/Java/JavaVirtualMachines/jdk1.7.0_51.jdk/Contents/Home/jre/classes" />
    <property name="javac.target" value="1.5" />
    <property name="built-jar.properties" value="/Users/johannesschoeneberg/Desktop/PhD/projects/ReaDDy/gitHub/readdy/build/built-jar.properties" />
    <property name="build.test.classes.dir" value="build/test/classes" />
    <property name="src.dir" value="src" />
    <property name="annotation.processing.enabled" value="true" />
    <property name="com.sun.mysql.startcommand" value="/usr/local/mysql/support-files/mysql-admin.server" />
    <property name="libs.jpa20-persistence.src" value="" />
    <property name="file.reference.statlab.jar" value="lib/statlab.jar" />
    <property name="ignore.failing.tests" value="true" />
    <property name="libs.Comet-GlassFish-v3.classpath" value="/Applications/NetBeans/glassfish-3.0.1/glassfish/modules/grizzly-comet.jar" />
    <property name="dist.dir" value="dist" />
    <property name="do.archive+manifest.available+main.class" value="true" />
    <property name="testng.debug.mode" value="" />
    <property name="javac.fork" value="false" />
    <property name="java.awt.printerjob" value="sun.lwawt.macosx.CPrinterJob" />
    <property name="default.javac.source" value="1.7" />
    <property name="com.sun.mysql.stopargs" value="stop" />
    <property name="debug-transport-by-os" value="dt_socket" />
    <property name="libs.MySQLDriver.src" value="" />
    <property name="sun.jnu.encoding" value="UTF-8" />
    <property name="java.runtime.version" value="1.7.0_51-b13" />
    <property name="build.test.results.dir" value="build/test/results" />
    <property name="libs.ejb3-persistence.javadoc" value="" />
    <property name="manifest.available+main.class+mkdist.available" value="true" />
    <property name="jna.platform.library.path" value="/usr/lib:/usr/lib" />
    <property name="default.javac.target" value="1.7" />
    <property name="libs.junit_4.classpath" value="/Applications/NetBeans/NetBeans 7.2.1.app/Contents/Resources/NetBeans/platform/modules/ext/junit-4.10.jar" />
    <property name="user.timezone" value="" />
    <property name="nb.junit.single" value="false" />
    <property name="do.jar" value="true" />
    <property name="netbeans.dirs" value="/Applications/NetBeans/NetBeans 7.2.1.app/Contents/Resources/NetBeans/nb:/Applications/NetBeans/NetBeans 7.2.1.app/Contents/Resources/NetBeans/ergonomics:/Applications/NetBeans/NetBeans 7.2.1.app/Contents/Resources/NetBeans/ide:/Applications/NetBeans/NetBeans 7.2.1.app/Contents/Resources/NetBeans/java:/Applications/NetBeans/NetBeans 7.2.1.app/Contents/Resources/NetBeans/apisupport:/Applications/NetBeans/NetBeans 7.2.1.app/Contents/Resources/NetBeans/webcommon:/Applications/NetBeans/NetBeans 7.2.1.app/Contents/Resources/NetBeans/websvccommon:/Applications/NetBeans/NetBeans 7.2.1.app/Contents/Resources/NetBeans/enterprise:/Applications/NetBeans/NetBeans 7.2.1.app/Contents/Resources/NetBeans/mobility:/Applications/NetBeans/NetBeans 7.2.1.app/Contents/Resources/NetBeans/profiler:/Applications/NetBeans/NetBeans 7.2.1.app/Contents/Resources/NetBeans/python:/Applications/NetBeans/NetBeans 7.2.1.app/Contents/Resources/NetBeans/php:/Applications/NetBeans/NetBeans 7.2.1.app/Contents/Resources/NetBeans/identity:/Applications/NetBeans/NetBeans 7.2.1.app/Contents/Resources/NetBeans/harness:/Applications/NetBeans/NetBeans 7.2.1.app/Contents/Resources/NetBeans/cnd:/Applications/NetBeans/NetBeans 7.2.1.app/Contents/Resources/NetBeans/dlight:/Applications/NetBeans/NetBeans 7.2.1.app/Contents/Resources/NetBeans/groovy:/Applications/NetBeans/NetBeans 7.2.1.app/Contents/Resources/NetBeans/extra:/Applications/NetBeans/NetBeans 7.2.1.app/Contents/Resources/NetBeans/javacard:/Applications/NetBeans/NetBeans 7.2.1.app/Contents/Resources/NetBeans/javafx:" />
    <property name="java.ext.dirs" value="/Users/johannesschoeneberg/Library/Java/Extensions:/Library/Java/JavaVirtualMachines/jdk1.7.0_51.jdk/Contents/Home/jre/lib/ext:/Library/Java/Extensions:/Network/Library/Java/Extensions:/System/Library/Java/Extensions:/usr/lib/java" />
    <property name="libs.MyLibrary.maven-pom" value="" />
    <property name="endorsed.classpath" value="" />
    <property name="libs.absolutelayout.classpath" value="/Applications/NetBeans/NetBeans 7.2.1.app/Contents/Resources/NetBeans/java/modules/ext/AbsoluteLayout.jar" />
    <property name="excludes" value="" />
    <property name="java.class.path" value="/Users/johannesschoeneberg/Desktop/PhD/projects/ReaDDy/gitHub/readdy/lib/colt.jar:/Users/johannesschoeneberg/Desktop/PhD/projects/ReaDDy/gitHub/readdy/lib/statlab.jar:/Users/johannesschoeneberg/Desktop/PhD/projects/ReaDDy/gitHub/readdy/build/classes:/Applications/NetBeans/NetBeans 7.2.1.app/Contents/Resources/NetBeans/platform/modules/ext/junit-4.10.jar:/Users/johannesschoeneberg/Desktop/PhD/projects/ReaDDy/gitHub/readdy/build/test/classes:/Applications/NetBeans/NetBeans 7.2.1.app/Contents/Resources/NetBeans/java/ant/lib/ant-launcher.jar:/Applications/NetBeans/NetBeans 7.2.1.app/Contents/Resources/NetBeans/java/ant/lib/ant.jar:/Applications/NetBeans/NetBeans 7.2.1.app/Contents/Resources/NetBeans/java/ant/lib/ant-junit.jar:/Applications/NetBeans/NetBeans 7.2.1.app/Contents/Resources/NetBeans/java/ant/lib/ant-junit4.jar" />
    <property name="apple.laf.useScreenMenuBar" value="true" />
    <property name="do.mkdist" value="true" />
    <property name="libs.absolutelayout.src" value="" />
    <property name="libs.jpa20-persistence.classpath" value="/Applications/NetBeans/NetBeans 7.2.1.app/Contents/Resources/NetBeans/java/modules/ext/eclipselink/javax.persistence-2.0.3.jar" />
    <property name="os.version" value="10.9.2" />
    <property name="application.args" value="" />
    <property name="libs.EclipseLink-GlassFish-v3.javadoc" value="/Applications/NetBeans/NetBeans 6.9.app/Contents/Resources/NetBeans/enterprise/docs/javaee6-doc-api.zip" />
    <property name="main.class.available" value="true" />
    <property name="sun.awt.enableExtraMouseButtons" value="true" />
    <property name="libs.Comet-GlassFish-v3.src" value="" />
    <property name="libs.JAXB-ENDORSED.classpath" value="/Applications/NetBeans/NetBeans 7.2.1.app/Contents/Resources/NetBeans/ide/modules/ext/jaxb/api/jaxb-api.jar" />
    <property name="libs.eclipselink.classpath" value="/Applications/NetBeans/NetBeans 7.2.1.app/Contents/Resources/NetBeans/java/modules/ext/eclipselink/eclipselink-2.3.2.jar:/Applications/NetBeans/NetBeans 7.2.1.app/Contents/Resources/NetBeans/java/modules/ext/eclipselink/javax.persistence-2.0.3.jar:/Applications/NetBeans/NetBeans 7.2.1.app/Contents/Resources/NetBeans/java/modules/ext/eclipselink/org.eclipse.persistence.jpa.jpql_1.0.1.jar" />
    <property name="libs.beans-binding.javadoc" value="/Applications/NetBeans/NetBeans 7.2.1.app/Contents/Resources/NetBeans/java/docs/beansbinding-1.2.1-doc.zip" />
    <property name="java.awt.graphicsenv" value="sun.awt.CGraphicsEnvironment" />
    <property name="java.vm.vendor" value="Oracle Corporation" />
    <property name="libs.CopyLibs.classpath" value="/Applications/NetBeans/NetBeans 7.2.1.app/Contents/Resources/NetBeans/java/ant/extra/org-netbeans-modules-java-j2seproject-copylibstask.jar" />
    <property name="libs.spring-framework300.classpath" value="/Applications/NetBeans/NetBeans 7.2.1.app/Contents/Resources/NetBeans/ide/modules/org-apache-commons-logging.jar:/Applications/NetBeans/NetBeans 7.2.1.app/Contents/Resources/NetBeans/java/modules/ext/cglib-2.2.jar:/Applications/NetBeans/NetBeans 7.2.1.app/Contents/Resources/NetBeans/java/modules/ext/spring-3.0/spring-aop-3.1.1.RELEASE.jar:/Applications/NetBeans/NetBeans 7.2.1.app/Contents/Resources/NetBeans/java/modules/ext/spring-3.0/spring-asm-3.1.1.RELEASE.jar:/Applications/NetBeans/NetBeans 7.2.1.app/Contents/Resources/NetBeans/java/modules/ext/spring-3.0/spring-aspects-3.1.1.RELEASE.jar:/Applications/NetBeans/NetBeans 7.2.1.app/Contents/Resources/NetBeans/java/modules/ext/spring-3.0/spring-beans-3.1.1.RELEASE.jar:/Applications/NetBeans/NetBeans 7.2.1.app/Contents/Resources/NetBeans/java/modules/ext/spring-3.0/spring-context-3.1.1.RELEASE.jar:/Applications/NetBeans/NetBeans 7.2.1.app/Contents/Resources/NetBeans/java/modules/ext/spring-3.0/spring-context-support-3.1.1.RELEASE.jar:/Applications/NetBeans/NetBeans 7.2.1.app/Contents/Resources/NetBeans/java/modules/ext/spring-3.0/spring-core-3.1.1.RELEASE.jar:/Applications/NetBeans/NetBeans 7.2.1.app/Contents/Resources/NetBeans/java/modules/ext/spring-3.0/spring-expression-3.1.1.RELEASE.jar:/Applications/NetBeans/NetBeans 7.2.1.app/Contents/Resources/NetBeans/java/modules/ext/spring-3.0/spring-instrument-3.1.1.RELEASE.jar:/Applications/NetBeans/NetBeans 7.2.1.app/Contents/Resources/NetBeans/java/modules/ext/spring-3.0/spring-instrument-tomcat-3.1.1.RELEASE.jar:/Applications/NetBeans/NetBeans 7.2.1.app/Contents/Resources/NetBeans/java/modules/ext/spring-3.0/spring-jdbc-3.1.1.RELEASE.jar:/Applications/NetBeans/NetBeans 7.2.1.app/Contents/Resources/NetBeans/java/modules/ext/spring-3.0/spring-jms-3.1.1.RELEASE.jar:/Applications/NetBeans/NetBeans 7.2.1.app/Contents/Resources/NetBeans/java/modules/ext/spring-3.0/spring-orm-3.1.1.RELEASE.jar:/Applications/NetBeans/NetBeans 7.2.1.app/Contents/Resources/NetBeans/java/modules/ext/spring-3.0/spring-oxm-3.1.1.RELEASE.jar:/Applications/NetBeans/NetBeans 7.2.1.app/Contents/Resources/NetBeans/java/modules/ext/spring-3.0/spring-test-3.1.1.RELEASE.jar:/Applications/NetBeans/NetBeans 7.2.1.app/Contents/Resources/NetBeans/java/modules/ext/spring-3.0/spring-tx-3.1.1.RELEASE.jar:/Applications/NetBeans/NetBeans 7.2.1.app/Contents/Resources/NetBeans/java/modules/ext/spring-3.0/spring-web-3.1.1.RELEASE.jar:/Applications/NetBeans/NetBeans 7.2.1.app/Contents/Resources/NetBeans/java/modules/ext/spring-3.0/spring-webmvc-portlet-3.1.1.RELEASE.jar:/Applications/NetBeans/NetBeans 7.2.1.app/Contents/Resources/NetBeans/java/modules/ext/spring-3.0/spring-webmvc-3.1.1.RELEASE.jar:/Applications/NetBeans/NetBeans 7.2.1.app/Contents/Resources/NetBeans/java/modules/ext/spring-3.0/spring-struts-3.1.1.RELEASE.jar" />
    <property name="run.jvmargs" value="" />
    <property name="libs.ejb3-persistence.classpath" value="/Applications/NetBeans/NetBeans 7.2.1.app/Contents/Resources/NetBeans/java/modules/ext/hibernate/ejb3-persistence.jar" />
    <property name="libs.JAXB-ENDORSED.src" value="" />
    <property name="libs.spring-framework.javadoc" value="" />
    <property name="libs.testng.javadoc" value="/Applications/NetBeans/NetBeans 7.2.1.app/Contents/Resources/NetBeans/platform/docs/testng-6.5.1-javadoc.zip" />
    <property name="libs.PostgreSQLDriver.classpath" value="/Applications/NetBeans/NetBeans 7.2.1.app/Contents/Resources/NetBeans/ide/modules/ext/postgresql-9.1-901.jdbc4.jar" />
    <property name="ant.file.type.ReaDDy" value="file" />
    <property name="jnlp.signing" value="" />
    <property name="libs.junit.src" value="" />
    <property name="annotation.processing.source.output" value="build/generated-sources/ap-source-output" />
    <property name="jnlp.signed" value="false" />
    <property name="main.class" value="readdy.Main" />
    <property name="libs.CopyLibs.src" value="" />
    <property name="build.dir" value="build" />
    <property name="ant.version" value="Apache Ant(TM) version 1.8.3 compiled on February 26 2012" />
    <property name="file.encoding" value="US-ASCII" />
    <property name="build.classes.excludes" value="**/*.java,**/*.form" />
    <property name="jdkBug6558476" value="false" />
    <property name="javadoc.nonavbar" value="false" />
    <property name="platform.active" value="default_platform" />
    <property name="awt.toolkit" value="sun.lwawt.macosx.LWCToolkit" />
  </properties>
  <testcase classname="readdy.impl.sim.core_mc.Core_MCTest" name="testGet_ParticleConfiguration" time="0.002" />
  <testcase classname="readdy.impl.sim.core_mc.Core_MCTest" name="testGet_PotentialManager" time="0.0" />
  <testcase classname="readdy.impl.sim.core_mc.Core_MCTest" name="testStep" time="0.001" />
  <testcase classname="readdy.impl.sim.core_mc.Core_MCTest" name="testStep_neighBorTesting" time="0.855" />
  <system-out><![CDATA[PotentialEnergyComputerTest...:

parse globalParameters...

parse globalParameters...
parsing param_global file: /Users/johannesschoeneberg/Desktop/PhD/projects/ReaDDy/gitHub/readdy/./test/testInputFiles/test_MonteCarlo_potentialEnergyComputer/param_global.xml
... done.
parse ParamParticles...
parsing param_particles file: /Users/johannesschoeneberg/Desktop/PhD/projects/ReaDDy/gitHub/readdy/./test/testInputFiles/test_MonteCarlo_potentialEnergyComputer/param_particles.xml
... done.
parsing tplgy_potentials file: /Users/johannesschoeneberg/Desktop/PhD/projects/ReaDDy/gitHub/readdy/./test/testInputFiles/test_MonteCarlo_potentialEnergyComputer/tplgy_potentials.xml
... done.
latticeBoxSize 4.0
parse tplgyCoordinatesFile...
parsing tplgy_coordinates file: /Users/johannesschoeneberg/Desktop/PhD/projects/ReaDDy/gitHub/readdy/./test/testInputFiles/test_MonteCarlo_potentialEnergyComputer/tplgy_coordinates.xml
... done.
---------------------------------------
NeighborLattice construction... 
num Dimensions:          3
latice origin:           -60.0 -60.0 -60.0
latice extension:        120.0 120.0 120.0
num boxes per dimension: 30,30,30
box edge length per dim: 4.0 4.0 4.0
total num boxes:         27000
... lattice ready.
---------------------------------------
parsing param_groups file: /Users/johannesschoeneberg/Desktop/PhD/projects/ReaDDy/gitHub/readdy/./test/testInputFiles/test_MonteCarlo_potentialEnergyComputer/param_groups.xml
... done.
parsing tplgy_groups file: /Users/johannesschoeneberg/Desktop/PhD/projects/ReaDDy/gitHub/readdy/./test/testInputFiles/test_MonteCarlo_potentialEnergyComputer/tplgy_groups.xml
... done.
parsing param_reactions file: /Users/johannesschoeneberg/Desktop/PhD/projects/ReaDDy/gitHub/readdy/./test/testInputFiles/test_MonteCarlo_potentialEnergyComputer/param_reactions.xml
... done.
RkAndElmtlRkFactory: Create Reactions and elemental Reactions...
--------------------------------------
RkAndElmtlRkFactory: parsedReactions...
--------------------------------------
RkAndElmtlRkFactory: parsedElementalReactions...
--------------------------------------
RkAndElmtlRkFactory: done.
get_ParticleConfiguration
get_PotentialManager

test step...
test the setup befor the step()
testing particle 0 ...
testing particle 1 ...
testing current potential energy of the system...
expResult: 11887.493 result: 11887.492939934717

step...
after step evaluation
new particle positions:
<p id=0 typeId=0 c=-3.0,-4.0,-5.0 \>
<p id=1 typeId=0 c=-4.5,-3.2,-5.3 \>
check the diffusion...
p0 diffusionDistance: 0.0 max 5*Sqrt(2*D*dt): 26.74883175019051
p1 diffusionDistance: 1.0E-13 max 5*Sqrt(2*D*dt): 26.74883175019051
done.
check the potential energy difference...
SMALLER OR EQUAL new potential energy: 11887.492939934717
init E_pot: 11887.493 new E_pot: 11887.492939934717
make sure, the DISTANCE between the has INCREASED, or their DISTANCE to the box potential has DECREASED.
init dist(p0,p1): 1.7262676501632068 new dist(p0,p1): 1.7262676501632068
init dist(p0,{0,0,0}): 7.0710678118654755 new dist(p0,{0,0,0}): 7.0710678118654755
init dist(p1,{0,0,0}): 7.653757247260981 new dist(p1,{0,0,0}): 7.653757247260981
done
------------------------------------------------------------------------
------------------------------------------------------------------------
computeEnergy single particle
putting in particles
step: 0
<p id=10 typeId=0 c=2.6841337832629666,4.520669415464736,5.348417531555291 \>
computing the neighbors brute forcely
latticeBoxSize 4.0
we created 508 pairs
get all neighbors of particleId 10
pair: 8,10
pair: 10,93
pair: 10,91
pair: 10,84
pair: 10,81
pair: 10,80
pair: 10,59
pair: 10,47
pair: 10,46
pair: 10,96
pair: 10,97
pair: 10,100
pair: 2,10
Brute Force neighboringParticleIds: 2(d=4.0), 100(d=2.59), 96(d=3.24), 97(d=1.69), 8(d=3.82), 46(d=2.87), 47(d=1.24), 84(d=3.51), 81(d=2.92), 80(d=3.86), 93(d=2.84), 59(d=3.27), 91(d=3.27), 
NeighborList neighboringParticleIds: 32, 84, 90, 9, 83, 30, 43, 65, 100, 44, 46, 81, 97, 94, 35, 58, 87, 3, 71, 76, 89, 25, 56, 10, 47, 91, 93, 96, 59, 13, 72, 16, 62, 63, 21, 39, 80, 5, 6, 57, 99, 8, 49, 12, 27, 69, 79, 66, 4, 14, 23, 64, 78, 2, 88, 31, 55, 61, 67, 48, 60, 70, 73, 85, 52, 
all  brute force found neighbors included in the neighbor list list! - good!
step: 1
<p id=10 typeId=0 c=4.700888520930963,-0.43480794258836664,5.904359626411413 \>
computing the neighbors brute forcely
latticeBoxSize 4.0
we created 436 pairs
get all neighbors of particleId 10
pair: 8,10
pair: 10,12
pair: 10,20
pair: 10,81
pair: 10,58
pair: 10,49
pair: 10,46
Brute Force neighboringParticleIds: 49(d=3.19), 81(d=3.4), 20(d=1.44), 8(d=3.65), 58(d=2.86), 46(d=2.83), 12(d=3.53), 
NeighborList neighboringParticleIds: 37, 30, 43, 100, 44, 46, 81, 27, 35, 58, 87, 15, 10, 20, 57, 99, 8, 49, 12, 66, 67, 79, 45, 69, 97, 92, 11, 33, 34, 22, 77, 86, 17, 95, 
all  brute force found neighbors included in the neighbor list list! - good!
step: 2
<p id=10 typeId=0 c=4.700888520930963,-0.43480794258836664,5.904359626411413 \>
computing the neighbors brute forcely
latticeBoxSize 4.0
we created 423 pairs
get all neighbors of particleId 10
pair: 8,10
pair: 10,12
pair: 10,20
pair: 10,81
pair: 10,58
pair: 10,49
pair: 10,46
pair: 10,36
Brute Force neighboringParticleIds: 49(d=3.19), 81(d=3.4), 20(d=1.44), 36(d=3.05), 8(d=3.65), 58(d=2.86), 46(d=2.83), 12(d=3.53), 
NeighborList neighboringParticleIds: 37, 30, 43, 44, 46, 81, 80, 35, 58, 87, 15, 10, 20, 36, 57, 99, 8, 49, 12, 66, 67, 79, 45, 69, 97, 92, 11, 33, 22, 77, 86, 17, 95, 
all  brute force found neighbors included in the neighbor list list! - good!
step: 3
<p id=10 typeId=0 c=1.2434711445872009,5.06337057328922,9.940590889006115 \>
computing the neighbors brute forcely
latticeBoxSize 4.0
we created 431 pairs
get all neighbors of particleId 10
pair: 10,13
pair: 10,23
pair: 10,93
pair: 10,91
pair: 10,90
pair: 10,87
pair: 10,72
Brute Force neighboringParticleIds: 87(d=2.58), 23(d=3.51), 93(d=3.4), 72(d=1.96), 13(d=1.81), 91(d=3.48), 90(d=3.67), 
NeighborList neighboringParticleIds: 84, 2, 90, 59, 83, 46, 81, 80, 35, 58, 87, 47, 91, 93, 96, 31, 100, 13, 72, 10, 39, 5, 16, 6, 12, 66, 67, 79, 88, 27, 55, 61, 23, 54, 101, 51, 73, 85, 65, 82, 52, 
all  brute force found neighbors included in the neighbor list list! - good!
step: 4
<p id=10 typeId=0 c=1.2434711445872009,5.06337057328922,9.940590889006115 \>
computing the neighbors brute forcely
latticeBoxSize 4.0
we created 449 pairs
get all neighbors of particleId 10
pair: 10,13
pair: 10,23
pair: 10,93
pair: 10,91
pair: 10,90
pair: 10,87
pair: 10,72
Brute Force neighboringParticleIds: 87(d=2.58), 23(d=3.51), 93(d=3.4), 72(d=1.96), 13(d=1.81), 91(d=3.48), 90(d=3.67), 
NeighborList neighboringParticleIds: 84, 2, 32, 90, 0, 59, 83, 46, 81, 80, 35, 58, 87, 47, 91, 93, 96, 31, 100, 13, 72, 10, 39, 5, 16, 6, 12, 66, 67, 79, 88, 27, 55, 61, 23, 54, 101, 51, 73, 85, 65, 82, 52, 
all  brute force found neighbors included in the neighbor list list! - good!
step: 5
<p id=10 typeId=0 c=1.2434711445872009,5.06337057328922,9.940590889006115 \>
computing the neighbors brute forcely
latticeBoxSize 4.0
we created 452 pairs
get all neighbors of particleId 10
pair: 10,13
pair: 10,23
pair: 10,93
pair: 10,91
pair: 10,90
pair: 10,87
pair: 10,72
pair: 10,59
Brute Force neighboringParticleIds: 87(d=2.58), 23(d=3.51), 59(d=3.44), 93(d=3.4), 72(d=1.96), 13(d=1.81), 91(d=3.48), 90(d=3.67), 
NeighborList neighboringParticleIds: 84, 2, 32, 90, 0, 59, 83, 46, 81, 80, 35, 58, 87, 47, 91, 93, 96, 31, 100, 13, 72, 10, 39, 5, 16, 6, 12, 82, 66, 67, 88, 27, 61, 23, 54, 101, 51, 73, 85, 65, 52, 
all  brute force found neighbors included in the neighbor list list! - good!
step: 6
<p id=10 typeId=0 c=1.2434711445872009,5.06337057328922,9.940590889006115 \>
computing the neighbors brute forcely
latticeBoxSize 4.0
we created 444 pairs
get all neighbors of particleId 10
pair: 10,13
pair: 10,23
pair: 10,93
pair: 10,91
pair: 10,90
pair: 10,87
pair: 10,72
Brute Force neighboringParticleIds: 87(d=2.58), 23(d=3.51), 93(d=3.4), 72(d=1.96), 13(d=1.81), 91(d=3.48), 90(d=3.67), 
NeighborList neighboringParticleIds: 84, 2, 32, 90, 0, 83, 46, 81, 80, 35, 58, 87, 47, 91, 93, 96, 31, 100, 13, 72, 10, 39, 5, 16, 8, 6, 12, 82, 66, 67, 88, 27, 61, 23, 54, 101, 51, 73, 85, 65, 52, 
all  brute force found neighbors included in the neighbor list list! - good!
step: 7
<p id=10 typeId=0 c=1.2434711445872009,5.06337057328922,9.940590889006115 \>
computing the neighbors brute forcely
latticeBoxSize 4.0
we created 453 pairs
get all neighbors of particleId 10
pair: 10,13
pair: 10,23
pair: 10,93
pair: 10,91
pair: 10,90
pair: 10,87
pair: 10,72
Brute Force neighboringParticleIds: 87(d=2.58), 23(d=3.51), 93(d=3.4), 72(d=1.96), 13(d=1.81), 91(d=3.48), 90(d=3.67), 
NeighborList neighboringParticleIds: 84, 2, 32, 90, 0, 8, 83, 46, 81, 80, 33, 35, 58, 87, 47, 91, 93, 96, 31, 100, 13, 72, 10, 39, 5, 16, 6, 12, 82, 66, 67, 88, 27, 61, 23, 54, 101, 51, 73, 85, 65, 52, 
all  brute force found neighbors included in the neighbor list list! - good!
step: 8
<p id=10 typeId=0 c=1.2434711445872009,5.06337057328922,9.940590889006115 \>
computing the neighbors brute forcely
latticeBoxSize 4.0
we created 453 pairs
get all neighbors of particleId 10
pair: 10,13
pair: 10,23
pair: 10,93
pair: 10,91
pair: 10,90
pair: 10,88
pair: 10,87
pair: 10,72
Brute Force neighboringParticleIds: 87(d=2.58), 23(d=3.51), 93(d=3.4), 72(d=1.96), 88(d=3.35), 13(d=1.81), 91(d=3.48), 90(d=3.67), 
NeighborList neighboringParticleIds: 84, 2, 32, 90, 0, 8, 83, 46, 81, 80, 33, 35, 58, 87, 88, 47, 91, 93, 96, 31, 100, 13, 72, 10, 39, 5, 16, 6, 12, 82, 66, 67, 27, 3, 61, 23, 54, 101, 51, 73, 85, 65, 52, 
all  brute force found neighbors included in the neighbor list list! - good!
step: 9
<p id=10 typeId=0 c=1.2434711445872009,5.06337057328922,9.940590889006115 \>
computing the neighbors brute forcely
latticeBoxSize 4.0
we created 453 pairs
get all neighbors of particleId 10
pair: 10,13
pair: 10,23
pair: 10,93
pair: 10,91
pair: 10,90
pair: 10,88
pair: 10,87
pair: 10,72
Brute Force neighboringParticleIds: 87(d=2.58), 23(d=3.51), 93(d=3.4), 72(d=1.96), 88(d=3.35), 13(d=1.81), 91(d=3.48), 90(d=3.67), 
NeighborList neighboringParticleIds: 84, 2, 32, 90, 0, 8, 83, 46, 81, 80, 33, 35, 58, 87, 88, 47, 91, 93, 96, 31, 100, 13, 72, 10, 39, 5, 16, 6, 12, 82, 66, 67, 27, 3, 61, 23, 54, 101, 51, 73, 85, 65, 52, 
all  brute force found neighbors included in the neighbor list list! - good!
step: 10
<p id=10 typeId=0 c=1.2434711445872009,5.06337057328922,9.940590889006115 \>
computing the neighbors brute forcely
latticeBoxSize 4.0
we created 453 pairs
get all neighbors of particleId 10
pair: 10,13
pair: 10,23
pair: 10,93
pair: 10,91
pair: 10,90
pair: 10,88
pair: 10,87
pair: 10,72
Brute Force neighboringParticleIds: 87(d=2.58), 23(d=3.51), 93(d=3.4), 72(d=1.96), 88(d=3.35), 13(d=1.81), 91(d=3.48), 90(d=3.67), 
NeighborList neighboringParticleIds: 84, 2, 32, 90, 0, 8, 83, 46, 81, 80, 33, 35, 58, 87, 88, 47, 91, 93, 96, 31, 100, 13, 72, 10, 39, 5, 16, 6, 12, 82, 66, 67, 27, 3, 61, 23, 54, 101, 51, 73, 85, 65, 52, 
all  brute force found neighbors included in the neighbor list list! - good!
step: 11
<p id=10 typeId=0 c=1.2434711445872009,5.06337057328922,9.940590889006115 \>
computing the neighbors brute forcely
latticeBoxSize 4.0
we created 454 pairs
get all neighbors of particleId 10
pair: 10,13
pair: 10,23
pair: 10,93
pair: 10,91
pair: 10,90
pair: 10,88
pair: 10,87
pair: 10,72
Brute Force neighboringParticleIds: 87(d=2.58), 23(d=3.51), 93(d=3.4), 72(d=1.96), 88(d=3.35), 13(d=1.81), 91(d=3.48), 90(d=3.67), 
NeighborList neighboringParticleIds: 84, 2, 32, 90, 0, 8, 83, 46, 81, 80, 33, 35, 58, 87, 88, 47, 91, 93, 96, 31, 100, 13, 72, 10, 39, 5, 16, 6, 12, 82, 66, 67, 27, 3, 61, 23, 54, 101, 51, 73, 85, 65, 52, 
all  brute force found neighbors included in the neighbor list list! - good!
step: 12
<p id=10 typeId=0 c=1.2434711445872009,5.06337057328922,9.940590889006115 \>
computing the neighbors brute forcely
latticeBoxSize 4.0
we created 450 pairs
get all neighbors of particleId 10
pair: 10,13
pair: 10,23
pair: 10,93
pair: 10,91
pair: 10,90
pair: 10,88
pair: 10,87
pair: 10,72
Brute Force neighboringParticleIds: 87(d=2.58), 23(d=3.51), 93(d=3.4), 72(d=1.96), 88(d=3.35), 13(d=1.81), 91(d=3.48), 90(d=3.67), 
NeighborList neighboringParticleIds: 2, 32, 90, 0, 8, 83, 46, 80, 33, 35, 58, 87, 88, 47, 91, 93, 96, 31, 100, 13, 72, 10, 39, 5, 16, 6, 12, 82, 66, 67, 27, 3, 61, 23, 54, 101, 84, 51, 73, 85, 65, 52, 
all  brute force found neighbors included in the neighbor list list! - good!
step: 13
<p id=10 typeId=0 c=1.2434711445872009,5.06337057328922,9.940590889006115 \>
computing the neighbors brute forcely
latticeBoxSize 4.0
we created 445 pairs
get all neighbors of particleId 10
pair: 10,13
pair: 10,23
pair: 10,93
pair: 10,91
pair: 10,90
pair: 10,88
pair: 10,87
pair: 10,72
Brute Force neighboringParticleIds: 87(d=2.58), 23(d=3.51), 93(d=3.4), 72(d=1.96), 88(d=3.35), 13(d=1.81), 91(d=3.48), 90(d=3.67), 
NeighborList neighboringParticleIds: 2, 32, 90, 0, 8, 83, 46, 80, 33, 35, 58, 87, 88, 47, 91, 93, 96, 31, 100, 13, 72, 10, 39, 5, 16, 6, 12, 82, 66, 67, 27, 3, 61, 23, 54, 101, 84, 51, 73, 85, 65, 52, 
all  brute force found neighbors included in the neighbor list list! - good!
step: 14
<p id=10 typeId=0 c=1.2434711445872009,5.06337057328922,9.940590889006115 \>
computing the neighbors brute forcely
latticeBoxSize 4.0
we created 445 pairs
get all neighbors of particleId 10
pair: 10,13
pair: 10,23
pair: 10,93
pair: 10,91
pair: 10,90
pair: 10,88
pair: 10,87
pair: 10,72
Brute Force neighboringParticleIds: 87(d=2.58), 23(d=3.51), 93(d=3.4), 72(d=1.96), 88(d=3.35), 13(d=1.81), 91(d=3.48), 90(d=3.67), 
NeighborList neighboringParticleIds: 2, 32, 90, 0, 8, 83, 46, 80, 33, 35, 58, 87, 88, 47, 91, 93, 96, 31, 100, 13, 72, 10, 39, 5, 16, 6, 12, 82, 66, 67, 27, 3, 61, 23, 54, 101, 84, 51, 73, 85, 65, 52, 
all  brute force found neighbors included in the neighbor list list! - good!
step: 15
<p id=10 typeId=0 c=1.2434711445872009,5.06337057328922,9.940590889006115 \>
computing the neighbors brute forcely
latticeBoxSize 4.0
we created 452 pairs
get all neighbors of particleId 10
pair: 10,13
pair: 10,23
pair: 10,93
pair: 10,91
pair: 10,90
pair: 10,88
pair: 10,72
Brute Force neighboringParticleIds: 23(d=3.51), 93(d=3.4), 72(d=1.96), 88(d=3.35), 13(d=1.81), 91(d=3.48), 90(d=3.67), 
NeighborList neighboringParticleIds: 2, 32, 90, 0, 8, 83, 46, 80, 33, 35, 58, 88, 47, 91, 93, 96, 31, 13, 72, 10, 39, 5, 16, 6, 87, 12, 82, 66, 67, 27, 3, 61, 23, 54, 101, 84, 51, 73, 85, 65, 52, 
all  brute force found neighbors included in the neighbor list list! - good!
step: 16
<p id=10 typeId=0 c=1.2434711445872009,5.06337057328922,9.940590889006115 \>
computing the neighbors brute forcely
latticeBoxSize 4.0
we created 447 pairs
get all neighbors of particleId 10
pair: 10,13
pair: 10,23
pair: 10,93
pair: 10,91
pair: 10,90
pair: 10,88
pair: 10,72
Brute Force neighboringParticleIds: 23(d=3.51), 93(d=3.4), 72(d=1.96), 88(d=3.35), 13(d=1.81), 91(d=3.48), 90(d=3.67), 
NeighborList neighboringParticleIds: 2, 32, 90, 0, 8, 83, 46, 80, 33, 35, 58, 88, 47, 91, 93, 96, 31, 13, 72, 10, 39, 5, 16, 6, 87, 12, 82, 66, 67, 27, 3, 61, 23, 54, 101, 84, 51, 73, 85, 65, 52, 
all  brute force found neighbors included in the neighbor list list! - good!
step: 17
<p id=10 typeId=0 c=1.2434711445872009,5.06337057328922,9.940590889006115 \>
computing the neighbors brute forcely
latticeBoxSize 4.0
we created 453 pairs
get all neighbors of particleId 10
pair: 10,13
pair: 10,23
pair: 10,93
pair: 10,91
pair: 10,90
pair: 10,88
pair: 10,72
Brute Force neighboringParticleIds: 23(d=3.51), 93(d=3.4), 72(d=1.96), 88(d=3.35), 13(d=1.81), 91(d=3.48), 90(d=3.67), 
NeighborList neighboringParticleIds: 2, 32, 90, 0, 8, 83, 46, 80, 33, 35, 58, 88, 47, 91, 93, 96, 31, 13, 72, 10, 39, 5, 16, 6, 87, 12, 82, 66, 67, 27, 3, 61, 23, 54, 101, 84, 51, 73, 85, 65, 52, 
all  brute force found neighbors included in the neighbor list list! - good!
step: 18
<p id=10 typeId=0 c=1.2434711445872009,5.06337057328922,9.940590889006115 \>
computing the neighbors brute forcely
latticeBoxSize 4.0
we created 448 pairs
get all neighbors of particleId 10
pair: 10,13
pair: 10,23
pair: 10,93
pair: 10,91
pair: 10,90
pair: 10,88
pair: 10,72
Brute Force neighboringParticleIds: 23(d=3.51), 93(d=3.4), 72(d=1.96), 88(d=3.35), 13(d=1.81), 91(d=3.48), 90(d=3.67), 
NeighborList neighboringParticleIds: 2, 32, 90, 0, 8, 83, 46, 80, 35, 58, 88, 47, 91, 93, 96, 31, 13, 72, 10, 39, 5, 16, 6, 87, 12, 82, 66, 67, 27, 3, 61, 23, 54, 101, 84, 51, 73, 85, 65, 52, 
all  brute force found neighbors included in the neighbor list list! - good!
step: 19
<p id=10 typeId=0 c=1.2434711445872009,5.06337057328922,9.940590889006115 \>
computing the neighbors brute forcely
latticeBoxSize 4.0
we created 448 pairs
get all neighbors of particleId 10
pair: 10,13
pair: 10,23
pair: 10,93
pair: 10,91
pair: 10,90
pair: 10,88
pair: 10,72
Brute Force neighboringParticleIds: 23(d=3.51), 93(d=3.4), 72(d=1.96), 88(d=3.35), 13(d=1.81), 91(d=3.48), 90(d=3.67), 
NeighborList neighboringParticleIds: 2, 32, 90, 0, 8, 83, 46, 80, 35, 58, 88, 47, 91, 93, 96, 31, 13, 72, 10, 39, 5, 16, 6, 87, 12, 82, 66, 67, 27, 3, 61, 23, 54, 101, 84, 51, 73, 85, 65, 52, 
all  brute force found neighbors included in the neighbor list list! - good!
step: 20
<p id=10 typeId=0 c=1.2434711445872009,5.06337057328922,9.940590889006115 \>
computing the neighbors brute forcely
latticeBoxSize 4.0
we created 440 pairs
get all neighbors of particleId 10
pair: 10,13
pair: 10,23
pair: 10,93
pair: 10,91
pair: 10,90
pair: 10,88
pair: 10,72
Brute Force neighboringParticleIds: 23(d=3.51), 93(d=3.4), 72(d=1.96), 88(d=3.35), 13(d=1.81), 91(d=3.48), 90(d=3.67), 
NeighborList neighboringParticleIds: 2, 32, 90, 0, 8, 83, 46, 80, 35, 58, 88, 47, 91, 93, 96, 31, 13, 72, 10, 39, 5, 16, 6, 87, 12, 82, 66, 67, 27, 3, 61, 23, 54, 101, 84, 51, 73, 85, 65, 52, 
all  brute force found neighbors included in the neighbor list list! - good!
step: 21
<p id=10 typeId=0 c=1.2434711445872009,5.06337057328922,9.940590889006115 \>
computing the neighbors brute forcely
latticeBoxSize 4.0
we created 440 pairs
get all neighbors of particleId 10
pair: 10,13
pair: 10,23
pair: 10,93
pair: 10,91
pair: 10,90
pair: 10,88
pair: 10,72
Brute Force neighboringParticleIds: 23(d=3.51), 93(d=3.4), 72(d=1.96), 88(d=3.35), 13(d=1.81), 91(d=3.48), 90(d=3.67), 
NeighborList neighboringParticleIds: 2, 32, 90, 0, 8, 83, 46, 80, 35, 58, 88, 47, 91, 93, 96, 31, 13, 72, 10, 39, 5, 16, 6, 87, 12, 82, 66, 67, 27, 3, 61, 23, 54, 101, 84, 51, 73, 85, 65, 52, 
all  brute force found neighbors included in the neighbor list list! - good!
step: 22
<p id=10 typeId=0 c=1.2434711445872009,5.06337057328922,9.940590889006115 \>
computing the neighbors brute forcely
latticeBoxSize 4.0
we created 436 pairs
get all neighbors of particleId 10
pair: 10,13
pair: 10,23
pair: 10,93
pair: 10,91
pair: 10,90
pair: 10,88
pair: 10,72
Brute Force neighboringParticleIds: 23(d=3.51), 93(d=3.4), 72(d=1.96), 88(d=3.35), 13(d=1.81), 91(d=3.48), 90(d=3.67), 
NeighborList neighboringParticleIds: 2, 32, 90, 0, 8, 83, 46, 80, 35, 58, 88, 47, 91, 93, 96, 31, 13, 72, 10, 39, 5, 16, 6, 87, 12, 82, 66, 67, 27, 3, 61, 23, 54, 101, 84, 51, 73, 85, 65, 52, 
all  brute force found neighbors included in the neighbor list list! - good!
step: 23
<p id=10 typeId=0 c=1.2434711445872009,5.06337057328922,9.940590889006115 \>
computing the neighbors brute forcely
latticeBoxSize 4.0
we created 443 pairs
get all neighbors of particleId 10
pair: 10,13
pair: 10,23
pair: 10,93
pair: 10,91
pair: 10,90
pair: 10,88
pair: 10,72
Brute Force neighboringParticleIds: 23(d=3.51), 93(d=3.4), 72(d=1.96), 88(d=3.35), 13(d=1.81), 91(d=3.48), 90(d=3.67), 
NeighborList neighboringParticleIds: 2, 32, 90, 0, 8, 83, 46, 80, 35, 58, 88, 47, 91, 93, 96, 31, 13, 72, 10, 39, 5, 16, 6, 87, 12, 82, 66, 67, 27, 3, 61, 23, 54, 101, 84, 51, 73, 85, 65, 52, 
all  brute force found neighbors included in the neighbor list list! - good!
step: 24
<p id=10 typeId=0 c=1.2434711445872009,5.06337057328922,9.940590889006115 \>
computing the neighbors brute forcely
latticeBoxSize 4.0
we created 441 pairs
get all neighbors of particleId 10
pair: 10,13
pair: 10,23
pair: 10,93
pair: 10,91
pair: 10,90
pair: 10,88
pair: 10,72
Brute Force neighboringParticleIds: 23(d=3.51), 93(d=3.4), 72(d=1.96), 88(d=3.35), 13(d=1.81), 91(d=3.48), 90(d=3.67), 
NeighborList neighboringParticleIds: 2, 32, 90, 0, 8, 83, 46, 80, 35, 58, 88, 47, 91, 93, 96, 31, 13, 72, 10, 39, 5, 16, 6, 87, 12, 82, 66, 67, 27, 3, 61, 23, 54, 101, 84, 51, 73, 85, 65, 52, 28, 
all  brute force found neighbors included in the neighbor list list! - good!
step: 25
<p id=10 typeId=0 c=1.2434711445872009,5.06337057328922,9.940590889006115 \>
computing the neighbors brute forcely
latticeBoxSize 4.0
we created 433 pairs
get all neighbors of particleId 10
pair: 10,13
pair: 10,23
pair: 10,93
pair: 10,91
pair: 10,90
pair: 10,88
pair: 10,72
Brute Force neighboringParticleIds: 23(d=3.51), 93(d=3.4), 72(d=1.96), 88(d=3.35), 13(d=1.81), 91(d=3.48), 90(d=3.67), 
NeighborList neighboringParticleIds: 2, 32, 90, 0, 8, 83, 46, 80, 35, 58, 88, 47, 91, 93, 96, 31, 13, 72, 10, 39, 5, 16, 6, 87, 12, 82, 66, 67, 84, 27, 3, 61, 23, 54, 101, 51, 73, 85, 65, 52, 28, 
all  brute force found neighbors included in the neighbor list list! - good!
step: 26
<p id=10 typeId=0 c=1.2434711445872009,5.06337057328922,9.940590889006115 \>
computing the neighbors brute forcely
latticeBoxSize 4.0
we created 434 pairs
get all neighbors of particleId 10
pair: 10,13
pair: 10,23
pair: 10,93
pair: 10,91
pair: 10,90
pair: 10,88
pair: 10,72
pair: 10,69
Brute Force neighboringParticleIds: 69(d=3.23), 23(d=3.51), 93(d=3.4), 72(d=1.96), 88(d=3.35), 13(d=1.81), 91(d=3.48), 90(d=3.67), 
NeighborList neighboringParticleIds: 2, 32, 90, 0, 8, 83, 46, 80, 35, 58, 88, 69, 47, 91, 93, 96, 31, 13, 72, 10, 39, 5, 16, 6, 87, 12, 82, 66, 67, 84, 27, 3, 61, 23, 54, 101, 51, 73, 85, 65, 52, 28, 
all  brute force found neighbors included in the neighbor list list! - good!
step: 27
<p id=10 typeId=0 c=1.2434711445872009,5.06337057328922,9.940590889006115 \>
computing the neighbors brute forcely
latticeBoxSize 4.0
we created 440 pairs
get all neighbors of particleId 10
pair: 10,13
pair: 10,23
pair: 10,93
pair: 10,91
pair: 10,90
pair: 10,88
pair: 10,72
pair: 10,69
pair: 10,51
Brute Force neighboringParticleIds: 51(d=2.37), 69(d=3.23), 23(d=3.51), 93(d=3.4), 72(d=1.96), 88(d=3.35), 13(d=1.81), 91(d=3.48), 90(d=3.67), 
NeighborList neighboringParticleIds: 2, 32, 90, 0, 8, 51, 83, 46, 80, 35, 58, 88, 69, 47, 91, 93, 96, 31, 13, 72, 10, 39, 5, 16, 6, 87, 12, 82, 66, 67, 84, 27, 3, 61, 23, 54, 101, 73, 85, 65, 52, 28, 
all  brute force found neighbors included in the neighbor list list! - good!
step: 28
<p id=10 typeId=0 c=1.2434711445872009,5.06337057328922,9.940590889006115 \>
computing the neighbors brute forcely
latticeBoxSize 4.0
we created 441 pairs
get all neighbors of particleId 10
pair: 10,13
pair: 10,23
pair: 10,93
pair: 10,91
pair: 10,90
pair: 10,88
pair: 10,72
pair: 10,69
pair: 10,51
Brute Force neighboringParticleIds: 51(d=2.37), 69(d=3.23), 23(d=3.51), 93(d=3.4), 72(d=1.96), 88(d=3.35), 13(d=1.81), 91(d=3.48), 90(d=3.67), 
NeighborList neighboringParticleIds: 2, 32, 90, 0, 8, 51, 83, 46, 80, 35, 58, 88, 69, 47, 91, 93, 96, 31, 13, 72, 10, 39, 5, 16, 6, 87, 12, 82, 66, 67, 84, 27, 3, 61, 23, 54, 101, 79, 73, 85, 65, 52, 28, 
all  brute force found neighbors included in the neighbor list list! - good!
step: 29
<p id=10 typeId=0 c=1.2434711445872009,5.06337057328922,9.940590889006115 \>
computing the neighbors brute forcely
latticeBoxSize 4.0
we created 441 pairs
get all neighbors of particleId 10
pair: 10,13
pair: 10,23
pair: 10,93
pair: 10,91
pair: 10,90
pair: 10,88
pair: 10,72
pair: 10,69
pair: 10,51
Brute Force neighboringParticleIds: 51(d=2.37), 69(d=3.23), 23(d=3.51), 93(d=3.4), 72(d=1.96), 88(d=3.35), 13(d=1.81), 91(d=3.48), 90(d=3.67), 
NeighborList neighboringParticleIds: 2, 32, 90, 0, 8, 51, 83, 46, 80, 35, 58, 88, 69, 47, 91, 93, 96, 31, 13, 72, 10, 39, 5, 16, 6, 87, 12, 82, 66, 67, 84, 27, 3, 61, 23, 54, 101, 79, 73, 85, 65, 52, 28, 
all  brute force found neighbors included in the neighbor list list! - good!
step: 30
<p id=10 typeId=0 c=1.2434711445872009,5.06337057328922,9.940590889006115 \>
computing the neighbors brute forcely
latticeBoxSize 4.0
we created 446 pairs
get all neighbors of particleId 10
pair: 10,13
pair: 10,23
pair: 10,93
pair: 10,91
pair: 10,90
pair: 10,88
pair: 10,72
pair: 10,69
pair: 10,51
Brute Force neighboringParticleIds: 51(d=2.37), 69(d=3.23), 23(d=3.51), 93(d=3.4), 72(d=1.96), 88(d=3.35), 13(d=1.81), 91(d=3.48), 90(d=3.67), 
NeighborList neighboringParticleIds: 2, 32, 90, 0, 8, 51, 83, 46, 80, 58, 88, 69, 47, 91, 93, 96, 31, 13, 72, 10, 39, 5, 16, 6, 87, 12, 82, 66, 67, 84, 27, 3, 61, 23, 54, 101, 79, 73, 85, 65, 52, 28, 35, 
all  brute force found neighbors included in the neighbor list list! - good!
step: 31
<p id=10 typeId=0 c=1.2434711445872009,5.06337057328922,9.940590889006115 \>
computing the neighbors brute forcely
latticeBoxSize 4.0
we created 446 pairs
get all neighbors of particleId 10
pair: 10,13
pair: 10,23
pair: 10,93
pair: 10,91
pair: 10,90
pair: 10,88
pair: 10,72
pair: 10,69
pair: 10,51
Brute Force neighboringParticleIds: 51(d=2.37), 69(d=3.23), 23(d=3.51), 93(d=3.4), 72(d=1.96), 88(d=3.35), 13(d=1.81), 91(d=3.48), 90(d=3.67), 
NeighborList neighboringParticleIds: 2, 32, 90, 0, 8, 51, 83, 46, 80, 58, 88, 69, 47, 91, 93, 96, 31, 13, 72, 10, 39, 5, 16, 6, 87, 12, 82, 66, 67, 84, 27, 3, 61, 23, 54, 101, 79, 73, 85, 65, 52, 28, 35, 
all  brute force found neighbors included in the neighbor list list! - good!
step: 32
<p id=10 typeId=0 c=1.2434711445872009,5.06337057328922,9.940590889006115 \>
computing the neighbors brute forcely
latticeBoxSize 4.0
we created 446 pairs
get all neighbors of particleId 10
pair: 10,13
pair: 10,23
pair: 10,93
pair: 10,91
pair: 10,90
pair: 10,88
pair: 10,72
pair: 10,69
pair: 10,51
Brute Force neighboringParticleIds: 51(d=2.37), 69(d=3.23), 23(d=3.51), 93(d=3.4), 72(d=1.96), 88(d=3.35), 13(d=1.81), 91(d=3.48), 90(d=3.67), 
NeighborList neighboringParticleIds: 2, 32, 90, 0, 8, 51, 83, 46, 80, 58, 88, 69, 47, 91, 93, 96, 31, 13, 72, 10, 39, 5, 16, 6, 87, 12, 82, 66, 67, 84, 27, 3, 61, 23, 54, 101, 79, 73, 85, 65, 52, 28, 35, 
all  brute force found neighbors included in the neighbor list list! - good!
step: 33
<p id=10 typeId=0 c=1.2434711445872009,5.06337057328922,9.940590889006115 \>
computing the neighbors brute forcely
latticeBoxSize 4.0
we created 446 pairs
get all neighbors of particleId 10
pair: 10,13
pair: 10,23
pair: 10,93
pair: 10,91
pair: 10,90
pair: 10,88
pair: 10,72
pair: 10,69
pair: 10,51
Brute Force neighboringParticleIds: 51(d=2.37), 69(d=3.23), 23(d=3.51), 93(d=3.4), 72(d=1.96), 88(d=3.35), 13(d=1.81), 91(d=3.48), 90(d=3.67), 
NeighborList neighboringParticleIds: 2, 32, 90, 0, 8, 51, 83, 46, 80, 58, 88, 69, 47, 91, 93, 96, 31, 13, 72, 10, 39, 5, 16, 6, 87, 12, 82, 66, 67, 84, 27, 3, 61, 23, 54, 101, 79, 73, 85, 65, 52, 28, 35, 
all  brute force found neighbors included in the neighbor list list! - good!
step: 34
<p id=10 typeId=0 c=1.2434711445872009,5.06337057328922,9.940590889006115 \>
computing the neighbors brute forcely
latticeBoxSize 4.0
we created 446 pairs
get all neighbors of particleId 10
pair: 10,13
pair: 10,23
pair: 10,93
pair: 10,91
pair: 10,90
pair: 10,88
pair: 10,72
pair: 10,69
pair: 10,51
Brute Force neighboringParticleIds: 51(d=2.37), 69(d=3.23), 23(d=3.51), 93(d=3.4), 72(d=1.96), 88(d=3.35), 13(d=1.81), 91(d=3.48), 90(d=3.67), 
NeighborList neighboringParticleIds: 2, 32, 90, 0, 8, 51, 83, 46, 80, 58, 88, 69, 47, 91, 93, 96, 31, 13, 72, 10, 39, 5, 16, 6, 87, 12, 82, 66, 67, 84, 27, 3, 61, 23, 54, 101, 79, 73, 85, 65, 52, 28, 35, 
all  brute force found neighbors included in the neighbor list list! - good!
step: 35
<p id=10 typeId=0 c=1.2434711445872009,5.06337057328922,9.940590889006115 \>
computing the neighbors brute forcely
latticeBoxSize 4.0
we created 450 pairs
get all neighbors of particleId 10
pair: 10,13
pair: 10,23
pair: 10,93
pair: 10,91
pair: 10,90
pair: 10,88
pair: 10,72
pair: 10,69
pair: 10,51
Brute Force neighboringParticleIds: 51(d=2.37), 69(d=3.23), 23(d=3.51), 93(d=3.4), 72(d=1.96), 88(d=3.35), 13(d=1.81), 91(d=3.48), 90(d=3.67), 
NeighborList neighboringParticleIds: 2, 32, 90, 0, 8, 51, 83, 46, 80, 58, 88, 69, 47, 91, 93, 96, 31, 13, 72, 10, 39, 5, 16, 6, 87, 12, 82, 66, 67, 84, 27, 3, 61, 23, 54, 101, 79, 73, 85, 65, 52, 28, 35, 
all  brute force found neighbors included in the neighbor list list! - good!
step: 36
<p id=10 typeId=0 c=1.2434711445872009,5.06337057328922,9.940590889006115 \>
computing the neighbors brute forcely
latticeBoxSize 4.0
we created 456 pairs
get all neighbors of particleId 10
pair: 10,23
pair: 10,93
pair: 10,91
pair: 10,90
pair: 10,88
pair: 10,72
pair: 10,69
pair: 10,51
Brute Force neighboringParticleIds: 51(d=2.37), 69(d=3.23), 23(d=3.51), 93(d=3.4), 72(d=1.96), 88(d=3.35), 91(d=3.48), 90(d=3.67), 
NeighborList neighboringParticleIds: 2, 32, 90, 0, 8, 51, 83, 46, 80, 58, 88, 69, 47, 91, 93, 96, 31, 72, 10, 39, 5, 16, 6, 87, 12, 82, 13, 66, 67, 84, 27, 3, 61, 23, 54, 101, 79, 73, 85, 65, 52, 28, 35, 
all  brute force found neighbors included in the neighbor list list! - good!
step: 37
<p id=10 typeId=0 c=1.2434711445872009,5.06337057328922,9.940590889006115 \>
computing the neighbors brute forcely
latticeBoxSize 4.0
we created 455 pairs
get all neighbors of particleId 10
pair: 10,23
pair: 10,93
pair: 10,91
pair: 10,90
pair: 10,88
pair: 10,72
pair: 10,69
pair: 10,51
Brute Force neighboringParticleIds: 51(d=2.37), 69(d=3.23), 23(d=3.51), 93(d=2.5), 72(d=1.96), 88(d=3.35), 91(d=3.48), 90(d=3.67), 
NeighborList neighboringParticleIds: 2, 32, 90, 0, 8, 51, 83, 46, 80, 58, 88, 69, 93, 47, 91, 96, 31, 72, 10, 39, 5, 16, 6, 87, 12, 82, 13, 66, 67, 84, 27, 3, 61, 23, 54, 101, 79, 73, 85, 65, 52, 28, 35, 
all  brute force found neighbors included in the neighbor list list! - good!
step: 38
<p id=10 typeId=0 c=1.2434711445872009,5.06337057328922,9.940590889006115 \>
computing the neighbors brute forcely
latticeBoxSize 4.0
we created 459 pairs
get all neighbors of particleId 10
pair: 10,23
pair: 10,93
pair: 10,91
pair: 10,90
pair: 10,88
pair: 10,72
pair: 10,69
pair: 10,51
Brute Force neighboringParticleIds: 51(d=2.37), 69(d=3.23), 23(d=3.51), 93(d=2.5), 72(d=1.96), 88(d=3.35), 91(d=3.48), 90(d=3.67), 
NeighborList neighboringParticleIds: 2, 32, 90, 0, 8, 51, 83, 46, 80, 58, 88, 69, 93, 47, 91, 96, 31, 72, 10, 39, 5, 16, 6, 87, 12, 82, 13, 66, 67, 84, 27, 3, 61, 23, 54, 101, 79, 73, 85, 65, 52, 28, 35, 
all  brute force found neighbors included in the neighbor list list! - good!
step: 39
<p id=10 typeId=0 c=1.2434711445872009,5.06337057328922,9.940590889006115 \>
computing the neighbors brute forcely
latticeBoxSize 4.0
we created 453 pairs
get all neighbors of particleId 10
pair: 10,13
pair: 10,23
pair: 10,93
pair: 10,91
pair: 10,90
pair: 10,88
pair: 10,72
pair: 10,69
pair: 10,51
Brute Force neighboringParticleIds: 51(d=2.37), 69(d=3.23), 23(d=3.51), 93(d=2.5), 72(d=1.96), 88(d=3.35), 13(d=2.87), 91(d=3.48), 90(d=3.67), 
NeighborList neighboringParticleIds: 2, 32, 90, 0, 8, 51, 83, 46, 80, 58, 88, 69, 93, 13, 47, 91, 96, 31, 72, 10, 39, 5, 16, 6, 87, 12, 82, 66, 67, 84, 27, 3, 61, 23, 54, 101, 79, 73, 85, 65, 52, 28, 35, 
all  brute force found neighbors included in the neighbor list list! - good!
step: 40
<p id=10 typeId=0 c=1.2434711445872009,5.06337057328922,9.940590889006115 \>
computing the neighbors brute forcely
latticeBoxSize 4.0
we created 455 pairs
get all neighbors of particleId 10
pair: 10,13
pair: 10,23
pair: 10,93
pair: 10,91
pair: 10,90
pair: 10,88
pair: 10,72
pair: 10,69
pair: 10,51
pair: 10,43
Brute Force neighboringParticleIds: 51(d=2.37), 69(d=3.23), 23(d=3.51), 93(d=2.5), 43(d=3.9), 72(d=1.96), 88(d=3.35), 13(d=2.87), 91(d=3.48), 90(d=3.67), 
NeighborList neighboringParticleIds: 2, 32, 90, 0, 8, 51, 83, 46, 80, 58, 88, 69, 93, 13, 47, 91, 96, 31, 43, 72, 10, 39, 5, 16, 6, 87, 12, 82, 66, 67, 84, 27, 3, 61, 23, 54, 101, 79, 73, 85, 65, 52, 28, 35, 
all  brute force found neighbors included in the neighbor list list! - good!
step: 41
<p id=10 typeId=0 c=1.2434711445872009,5.06337057328922,9.940590889006115 \>
computing the neighbors brute forcely
latticeBoxSize 4.0
we created 456 pairs
get all neighbors of particleId 10
pair: 10,13
pair: 10,23
pair: 10,93
pair: 10,91
pair: 10,90
pair: 10,88
pair: 10,72
pair: 10,69
pair: 10,51
pair: 10,43
Brute Force neighboringParticleIds: 51(d=2.37), 69(d=3.23), 23(d=3.51), 93(d=2.5), 43(d=3.9), 72(d=1.96), 88(d=3.35), 13(d=2.87), 91(d=3.48), 90(d=3.67), 
NeighborList neighboringParticleIds: 2, 32, 90, 0, 8, 51, 83, 46, 80, 58, 88, 69, 93, 13, 47, 91, 96, 31, 43, 72, 10, 39, 5, 16, 6, 87, 12, 82, 66, 67, 84, 27, 3, 61, 23, 54, 101, 79, 73, 85, 65, 52, 28, 35, 
all  brute force found neighbors included in the neighbor list list! - good!
step: 42
<p id=10 typeId=0 c=1.2434711445872009,5.06337057328922,9.940590889006115 \>
computing the neighbors brute forcely
latticeBoxSize 4.0
we created 458 pairs
get all neighbors of particleId 10
pair: 10,13
pair: 10,23
pair: 10,93
pair: 10,91
pair: 10,90
pair: 10,88
pair: 10,72
pair: 10,69
pair: 10,51
pair: 10,43
Brute Force neighboringParticleIds: 51(d=3.59), 69(d=3.23), 23(d=3.51), 93(d=2.5), 43(d=3.9), 72(d=1.96), 88(d=3.35), 13(d=2.87), 91(d=3.48), 90(d=3.67), 
NeighborList neighboringParticleIds: 2, 32, 90, 0, 8, 51, 83, 46, 80, 58, 88, 69, 93, 13, 47, 91, 96, 31, 43, 72, 10, 39, 5, 16, 6, 87, 12, 82, 66, 67, 84, 27, 3, 61, 23, 54, 101, 79, 73, 85, 65, 52, 28, 35, 
all  brute force found neighbors included in the neighbor list list! - good!
step: 43
<p id=10 typeId=0 c=1.2434711445872009,5.06337057328922,9.940590889006115 \>
computing the neighbors brute forcely
latticeBoxSize 4.0
we created 463 pairs
get all neighbors of particleId 10
pair: 10,13
pair: 10,23
pair: 10,93
pair: 10,91
pair: 10,90
pair: 10,88
pair: 10,72
pair: 10,69
pair: 10,51
pair: 10,43
Brute Force neighboringParticleIds: 51(d=3.59), 69(d=3.23), 23(d=3.51), 93(d=2.5), 43(d=3.9), 72(d=1.96), 88(d=3.35), 13(d=2.87), 91(d=3.48), 90(d=3.67), 
NeighborList neighboringParticleIds: 2, 32, 90, 0, 8, 51, 83, 46, 80, 58, 88, 69, 93, 13, 47, 91, 96, 31, 43, 72, 10, 39, 5, 16, 6, 87, 12, 82, 66, 67, 84, 27, 3, 61, 23, 54, 101, 79, 73, 85, 65, 52, 28, 35, 
all  brute force found neighbors included in the neighbor list list! - good!
step: 44
<p id=10 typeId=0 c=1.2434711445872009,5.06337057328922,9.940590889006115 \>
computing the neighbors brute forcely
latticeBoxSize 4.0
we created 463 pairs
get all neighbors of particleId 10
pair: 10,13
pair: 10,23
pair: 10,93
pair: 10,91
pair: 10,90
pair: 10,88
pair: 10,72
pair: 10,69
pair: 10,51
pair: 10,43
Brute Force neighboringParticleIds: 51(d=3.59), 69(d=3.23), 23(d=3.51), 93(d=2.5), 43(d=3.9), 72(d=1.96), 88(d=3.35), 13(d=2.87), 91(d=3.48), 90(d=3.67), 
NeighborList neighboringParticleIds: 2, 32, 90, 0, 8, 51, 83, 46, 80, 58, 88, 69, 93, 13, 47, 91, 96, 31, 43, 72, 10, 39, 5, 16, 6, 87, 12, 82, 66, 67, 84, 27, 3, 61, 23, 54, 101, 79, 73, 85, 65, 52, 28, 35, 
all  brute force found neighbors included in the neighbor list list! - good!
step: 45
<p id=10 typeId=0 c=1.2434711445872009,5.06337057328922,9.940590889006115 \>
computing the neighbors brute forcely
latticeBoxSize 4.0
we created 463 pairs
get all neighbors of particleId 10
pair: 10,13
pair: 10,23
pair: 10,93
pair: 10,91
pair: 10,90
pair: 10,88
pair: 10,72
pair: 10,69
pair: 10,51
pair: 10,43
Brute Force neighboringParticleIds: 51(d=3.59), 69(d=3.23), 23(d=3.51), 93(d=2.5), 43(d=3.9), 72(d=1.96), 88(d=3.35), 13(d=2.87), 91(d=3.48), 90(d=3.67), 
NeighborList neighboringParticleIds: 2, 32, 90, 0, 8, 51, 83, 46, 80, 58, 88, 69, 93, 13, 47, 91, 96, 31, 43, 72, 10, 39, 5, 16, 6, 87, 12, 82, 66, 67, 84, 27, 3, 61, 23, 54, 101, 79, 73, 85, 65, 52, 28, 35, 
all  brute force found neighbors included in the neighbor list list! - good!
step: 46
<p id=10 typeId=0 c=1.2434711445872009,5.06337057328922,9.940590889006115 \>
computing the neighbors brute forcely
latticeBoxSize 4.0
we created 463 pairs
get all neighbors of particleId 10
pair: 10,13
pair: 10,23
pair: 10,93
pair: 10,91
pair: 10,90
pair: 10,88
pair: 10,72
pair: 10,69
pair: 10,51
pair: 10,43
Brute Force neighboringParticleIds: 51(d=3.59), 69(d=3.23), 23(d=3.51), 93(d=2.5), 43(d=3.9), 72(d=1.96), 88(d=3.35), 13(d=2.87), 91(d=3.48), 90(d=3.67), 
NeighborList neighboringParticleIds: 2, 32, 90, 0, 8, 51, 83, 46, 80, 58, 88, 69, 93, 13, 47, 91, 96, 31, 43, 72, 10, 39, 5, 16, 6, 87, 12, 82, 66, 67, 84, 27, 3, 61, 23, 54, 101, 79, 73, 85, 65, 52, 28, 35, 
all  brute force found neighbors included in the neighbor list list! - good!
step: 47
<p id=10 typeId=0 c=1.2434711445872009,5.06337057328922,9.940590889006115 \>
computing the neighbors brute forcely
latticeBoxSize 4.0
we created 463 pairs
get all neighbors of particleId 10
pair: 10,13
pair: 10,23
pair: 10,93
pair: 10,91
pair: 10,90
pair: 10,88
pair: 10,72
pair: 10,69
pair: 10,51
pair: 10,43
Brute Force neighboringParticleIds: 51(d=3.59), 69(d=3.23), 23(d=3.51), 93(d=2.5), 43(d=3.9), 72(d=1.96), 88(d=3.35), 13(d=2.87), 91(d=3.48), 90(d=3.67), 
NeighborList neighboringParticleIds: 2, 32, 90, 0, 8, 51, 83, 46, 80, 58, 88, 69, 93, 13, 47, 91, 96, 31, 43, 72, 10, 39, 5, 16, 6, 87, 12, 82, 66, 67, 84, 27, 3, 61, 23, 54, 101, 79, 73, 85, 65, 52, 28, 35, 
all  brute force found neighbors included in the neighbor list list! - good!
step: 48
<p id=10 typeId=0 c=1.2434711445872009,5.06337057328922,9.940590889006115 \>
computing the neighbors brute forcely
latticeBoxSize 4.0
we created 463 pairs
get all neighbors of particleId 10
pair: 10,13
pair: 10,23
pair: 10,93
pair: 10,91
pair: 10,90
pair: 10,88
pair: 10,72
pair: 10,69
pair: 10,51
pair: 10,43
Brute Force neighboringParticleIds: 51(d=3.59), 69(d=3.23), 23(d=3.51), 93(d=2.5), 43(d=3.9), 72(d=1.96), 88(d=3.35), 13(d=2.87), 91(d=3.48), 90(d=3.67), 
NeighborList neighboringParticleIds: 2, 32, 90, 0, 8, 51, 83, 46, 80, 58, 88, 69, 93, 13, 47, 91, 96, 31, 43, 72, 10, 39, 5, 16, 6, 87, 12, 82, 66, 67, 84, 27, 3, 61, 23, 54, 101, 79, 73, 85, 65, 52, 28, 35, 
all  brute force found neighbors included in the neighbor list list! - good!
step: 49
<p id=10 typeId=0 c=1.2434711445872009,5.06337057328922,9.940590889006115 \>
computing the neighbors brute forcely
latticeBoxSize 4.0
we created 462 pairs
get all neighbors of particleId 10
pair: 10,13
pair: 10,23
pair: 10,93
pair: 10,91
pair: 10,90
pair: 10,88
pair: 10,72
pair: 10,69
pair: 10,51
pair: 10,43
Brute Force neighboringParticleIds: 51(d=3.59), 69(d=3.23), 23(d=3.51), 93(d=2.5), 43(d=3.9), 72(d=1.96), 88(d=3.35), 13(d=2.87), 91(d=3.48), 90(d=3.67), 
NeighborList neighboringParticleIds: 2, 32, 90, 0, 8, 51, 83, 46, 80, 58, 88, 69, 93, 13, 91, 96, 31, 43, 72, 10, 39, 5, 16, 6, 87, 12, 82, 66, 67, 84, 27, 3, 61, 23, 54, 101, 79, 73, 85, 65, 52, 28, 35, 
all  brute force found neighbors included in the neighbor list list! - good!
step: 50
<p id=10 typeId=0 c=1.2434711445872009,5.06337057328922,9.940590889006115 \>
computing the neighbors brute forcely
latticeBoxSize 4.0
we created 476 pairs
get all neighbors of particleId 10
pair: 10,13
pair: 10,23
pair: 10,93
pair: 10,90
pair: 10,88
pair: 10,72
pair: 10,69
pair: 10,51
pair: 10,43
Brute Force neighboringParticleIds: 51(d=3.59), 69(d=3.23), 23(d=3.51), 93(d=2.5), 43(d=3.9), 72(d=1.96), 88(d=3.35), 13(d=2.87), 90(d=3.67), 
NeighborList neighboringParticleIds: 2, 32, 90, 0, 8, 51, 83, 46, 80, 58, 88, 69, 93, 13, 96, 31, 43, 72, 10, 39, 5, 6, 87, 12, 82, 66, 67, 84, 27, 3, 61, 23, 54, 101, 79, 91, 73, 85, 65, 52, 28, 35, 
all  brute force found neighbors included in the neighbor list list! - good!
step: 51
<p id=10 typeId=0 c=1.2434711445872009,5.06337057328922,9.940590889006115 \>
computing the neighbors brute forcely
latticeBoxSize 4.0
we created 482 pairs
get all neighbors of particleId 10
pair: 10,13
pair: 10,23
pair: 10,93
pair: 10,90
pair: 10,88
pair: 10,72
pair: 10,69
pair: 10,51
pair: 10,43
Brute Force neighboringParticleIds: 51(d=3.59), 69(d=3.23), 23(d=3.51), 93(d=2.5), 43(d=3.9), 72(d=1.96), 88(d=3.35), 13(d=2.87), 90(d=3.67), 
NeighborList neighboringParticleIds: 2, 32, 90, 0, 8, 51, 83, 46, 80, 58, 88, 69, 93, 13, 96, 31, 43, 72, 10, 39, 5, 6, 87, 12, 82, 66, 67, 84, 27, 3, 23, 54, 101, 79, 91, 73, 85, 65, 52, 28, 35, 
all  brute force found neighbors included in the neighbor list list! - good!
step: 52
<p id=10 typeId=0 c=1.2434711445872009,5.06337057328922,9.940590889006115 \>
computing the neighbors brute forcely
latticeBoxSize 4.0
we created 482 pairs
get all neighbors of particleId 10
pair: 10,13
pair: 10,23
pair: 10,93
pair: 10,88
pair: 10,72
pair: 10,69
pair: 10,51
pair: 10,43
Brute Force neighboringParticleIds: 51(d=3.59), 69(d=3.23), 23(d=3.51), 93(d=2.5), 43(d=3.9), 72(d=1.96), 88(d=3.35), 13(d=2.87), 
NeighborList neighboringParticleIds: 2, 32, 0, 8, 90, 51, 83, 46, 80, 58, 88, 69, 93, 13, 96, 31, 43, 72, 10, 39, 5, 6, 87, 12, 82, 66, 67, 84, 27, 3, 23, 54, 101, 79, 91, 73, 85, 65, 52, 28, 35, 
all  brute force found neighbors included in the neighbor list list! - good!
step: 53
<p id=10 typeId=0 c=1.2434711445872009,5.06337057328922,9.940590889006115 \>
computing the neighbors brute forcely
latticeBoxSize 4.0
we created 482 pairs
get all neighbors of particleId 10
pair: 10,13
pair: 10,23
pair: 10,93
pair: 10,88
pair: 10,72
pair: 10,69
pair: 10,51
pair: 10,43
Brute Force neighboringParticleIds: 51(d=3.59), 69(d=3.23), 23(d=3.51), 93(d=2.5), 43(d=3.9), 72(d=1.96), 88(d=3.35), 13(d=2.87), 
NeighborList neighboringParticleIds: 2, 32, 0, 8, 90, 51, 83, 46, 80, 58, 88, 69, 93, 13, 96, 31, 43, 72, 10, 39, 5, 6, 87, 12, 82, 66, 67, 84, 27, 3, 23, 54, 101, 79, 91, 73, 85, 65, 52, 28, 35, 
all  brute force found neighbors included in the neighbor list list! - good!
step: 54
<p id=10 typeId=0 c=1.2434711445872009,5.06337057328922,9.940590889006115 \>
computing the neighbors brute forcely
latticeBoxSize 4.0
we created 480 pairs
get all neighbors of particleId 10
pair: 10,13
pair: 10,23
pair: 10,93
pair: 10,88
pair: 10,72
pair: 10,69
pair: 10,51
pair: 10,43
Brute Force neighboringParticleIds: 51(d=3.59), 69(d=3.23), 23(d=3.51), 93(d=2.5), 43(d=3.9), 72(d=1.96), 88(d=3.35), 13(d=2.87), 
NeighborList neighboringParticleIds: 2, 32, 0, 8, 90, 51, 83, 46, 80, 58, 88, 69, 93, 13, 96, 31, 43, 72, 10, 39, 5, 6, 87, 12, 82, 66, 84, 67, 27, 3, 23, 54, 101, 79, 91, 73, 85, 65, 52, 28, 35, 
all  brute force found neighbors included in the neighbor list list! - good!
step: 55
<p id=10 typeId=0 c=1.2434711445872009,5.06337057328922,9.940590889006115 \>
computing the neighbors brute forcely
latticeBoxSize 4.0
we created 475 pairs
get all neighbors of particleId 10
pair: 10,13
pair: 10,23
pair: 10,93
pair: 10,88
pair: 10,72
pair: 10,69
pair: 10,51
pair: 10,43
Brute Force neighboringParticleIds: 51(d=3.59), 69(d=3.23), 23(d=3.51), 93(d=2.5), 43(d=3.9), 72(d=1.96), 88(d=3.35), 13(d=2.87), 
NeighborList neighboringParticleIds: 2, 32, 0, 8, 90, 51, 83, 46, 80, 58, 88, 69, 93, 13, 96, 31, 43, 72, 10, 39, 5, 6, 87, 12, 82, 66, 84, 67, 27, 3, 23, 54, 101, 79, 91, 73, 85, 65, 52, 28, 35, 
all  brute force found neighbors included in the neighbor list list! - good!
step: 56
<p id=10 typeId=0 c=1.2434711445872009,5.06337057328922,9.940590889006115 \>
computing the neighbors brute forcely
latticeBoxSize 4.0
we created 475 pairs
get all neighbors of particleId 10
pair: 10,13
pair: 10,23
pair: 10,93
pair: 10,88
pair: 10,72
pair: 10,69
pair: 10,51
pair: 10,43
Brute Force neighboringParticleIds: 51(d=3.59), 69(d=3.23), 23(d=3.51), 93(d=2.5), 43(d=3.9), 72(d=1.96), 88(d=3.35), 13(d=2.87), 
NeighborList neighboringParticleIds: 2, 32, 0, 8, 90, 51, 83, 46, 80, 58, 88, 69, 93, 13, 96, 31, 43, 72, 10, 39, 5, 6, 87, 12, 82, 66, 84, 67, 27, 3, 23, 54, 101, 79, 91, 73, 85, 65, 52, 28, 35, 
all  brute force found neighbors included in the neighbor list list! - good!
step: 57
<p id=10 typeId=0 c=1.2434711445872009,5.06337057328922,9.940590889006115 \>
computing the neighbors brute forcely
latticeBoxSize 4.0
we created 475 pairs
get all neighbors of particleId 10
pair: 10,13
pair: 10,23
pair: 10,93
pair: 10,88
pair: 10,72
pair: 10,69
pair: 10,51
pair: 10,43
Brute Force neighboringParticleIds: 51(d=3.59), 69(d=3.23), 23(d=3.51), 93(d=2.5), 43(d=3.9), 72(d=1.96), 88(d=3.35), 13(d=2.87), 
NeighborList neighboringParticleIds: 2, 32, 0, 8, 90, 51, 83, 46, 80, 58, 88, 69, 93, 13, 96, 31, 43, 72, 10, 39, 5, 6, 87, 12, 82, 66, 84, 67, 27, 3, 23, 54, 101, 79, 91, 73, 85, 65, 52, 28, 35, 
all  brute force found neighbors included in the neighbor list list! - good!
step: 58
<p id=10 typeId=0 c=1.2434711445872009,5.06337057328922,9.940590889006115 \>
computing the neighbors brute forcely
latticeBoxSize 4.0
we created 474 pairs
get all neighbors of particleId 10
pair: 10,13
pair: 10,23
pair: 10,93
pair: 10,88
pair: 10,72
pair: 10,69
pair: 10,51
pair: 10,43
Brute Force neighboringParticleIds: 51(d=3.59), 69(d=3.23), 23(d=3.51), 93(d=2.5), 43(d=3.9), 72(d=1.96), 88(d=3.35), 13(d=2.87), 
NeighborList neighboringParticleIds: 2, 32, 0, 8, 90, 51, 83, 46, 80, 58, 88, 69, 93, 13, 96, 31, 43, 72, 10, 39, 5, 6, 87, 12, 82, 66, 84, 67, 27, 3, 23, 54, 101, 79, 91, 73, 85, 65, 52, 28, 35, 
all  brute force found neighbors included in the neighbor list list! - good!
step: 59
<p id=10 typeId=0 c=1.2434711445872009,5.06337057328922,9.940590889006115 \>
computing the neighbors brute forcely
latticeBoxSize 4.0
we created 474 pairs
get all neighbors of particleId 10
pair: 10,13
pair: 10,23
pair: 10,93
pair: 10,88
pair: 10,72
pair: 10,69
pair: 10,51
pair: 10,43
Brute Force neighboringParticleIds: 51(d=3.59), 69(d=3.23), 23(d=3.51), 93(d=2.5), 43(d=3.9), 72(d=1.96), 88(d=3.35), 13(d=2.87), 
NeighborList neighboringParticleIds: 2, 32, 0, 8, 90, 51, 83, 46, 80, 58, 88, 69, 93, 13, 96, 31, 43, 72, 10, 39, 5, 6, 87, 12, 82, 66, 84, 67, 27, 3, 23, 54, 101, 79, 91, 73, 85, 65, 52, 28, 35, 
all  brute force found neighbors included in the neighbor list list! - good!
step: 60
<p id=10 typeId=0 c=1.2434711445872009,5.06337057328922,9.940590889006115 \>
computing the neighbors brute forcely
latticeBoxSize 4.0
we created 474 pairs
get all neighbors of particleId 10
pair: 10,13
pair: 10,23
pair: 10,93
pair: 10,88
pair: 10,72
pair: 10,69
pair: 10,51
pair: 10,43
Brute Force neighboringParticleIds: 51(d=3.59), 69(d=3.23), 23(d=3.51), 93(d=2.5), 43(d=3.9), 72(d=1.96), 88(d=3.35), 13(d=2.87), 
NeighborList neighboringParticleIds: 2, 32, 0, 8, 90, 51, 83, 46, 80, 58, 88, 69, 93, 13, 96, 31, 43, 72, 10, 39, 5, 6, 87, 12, 82, 66, 84, 67, 27, 3, 23, 54, 101, 79, 91, 73, 85, 65, 52, 28, 35, 
all  brute force found neighbors included in the neighbor list list! - good!
step: 61
<p id=10 typeId=0 c=1.2434711445872009,5.06337057328922,9.940590889006115 \>
computing the neighbors brute forcely
latticeBoxSize 4.0
we created 474 pairs
get all neighbors of particleId 10
pair: 10,13
pair: 10,23
pair: 10,93
pair: 10,88
pair: 10,72
pair: 10,69
pair: 10,51
pair: 10,43
Brute Force neighboringParticleIds: 51(d=3.59), 69(d=3.23), 23(d=3.51), 93(d=2.5), 43(d=3.9), 72(d=1.96), 88(d=3.35), 13(d=2.87), 
NeighborList neighboringParticleIds: 2, 32, 0, 8, 90, 51, 83, 46, 80, 58, 88, 69, 93, 13, 96, 31, 43, 72, 10, 39, 5, 6, 87, 12, 82, 66, 84, 67, 27, 3, 23, 54, 101, 79, 91, 73, 85, 65, 52, 28, 35, 
all  brute force found neighbors included in the neighbor list list! - good!
step: 62
<p id=10 typeId=0 c=1.2434711445872009,5.06337057328922,9.940590889006115 \>
computing the neighbors brute forcely
latticeBoxSize 4.0
we created 474 pairs
get all neighbors of particleId 10
pair: 10,13
pair: 10,23
pair: 10,93
pair: 10,88
pair: 10,72
pair: 10,69
pair: 10,51
pair: 10,43
Brute Force neighboringParticleIds: 51(d=3.59), 69(d=3.23), 23(d=3.51), 93(d=2.5), 43(d=3.9), 72(d=1.96), 88(d=3.35), 13(d=2.87), 
NeighborList neighboringParticleIds: 2, 32, 0, 8, 90, 51, 83, 46, 80, 58, 88, 69, 93, 13, 96, 31, 43, 72, 10, 39, 5, 6, 87, 12, 82, 66, 84, 67, 27, 3, 23, 54, 101, 79, 91, 73, 85, 65, 52, 28, 35, 
all  brute force found neighbors included in the neighbor list list! - good!
step: 63
<p id=10 typeId=0 c=1.2434711445872009,5.06337057328922,9.940590889006115 \>
computing the neighbors brute forcely
latticeBoxSize 4.0
we created 480 pairs
get all neighbors of particleId 10
pair: 10,13
pair: 10,23
pair: 10,93
pair: 10,88
pair: 10,72
pair: 10,69
pair: 10,51
pair: 10,43
Brute Force neighboringParticleIds: 51(d=3.59), 69(d=3.23), 23(d=3.51), 93(d=2.5), 43(d=3.9), 72(d=1.96), 88(d=3.35), 13(d=2.87), 
NeighborList neighboringParticleIds: 2, 32, 0, 8, 90, 51, 83, 46, 80, 58, 88, 69, 93, 13, 96, 31, 43, 72, 10, 39, 5, 6, 87, 12, 82, 66, 84, 67, 27, 3, 41, 23, 54, 101, 79, 91, 73, 85, 65, 28, 35, 
all  brute force found neighbors included in the neighbor list list! - good!
step: 64
<p id=10 typeId=0 c=1.2434711445872009,5.06337057328922,9.940590889006115 \>
computing the neighbors brute forcely
latticeBoxSize 4.0
we created 482 pairs
get all neighbors of particleId 10
pair: 10,13
pair: 10,23
pair: 10,93
pair: 10,88
pair: 10,72
pair: 10,69
pair: 10,51
pair: 10,43
Brute Force neighboringParticleIds: 51(d=3.59), 69(d=3.23), 23(d=3.51), 93(d=2.5), 43(d=3.9), 72(d=1.96), 88(d=3.35), 13(d=2.87), 
NeighborList neighboringParticleIds: 2, 32, 0, 8, 90, 51, 83, 46, 80, 58, 88, 69, 93, 13, 96, 31, 43, 72, 10, 39, 5, 6, 87, 12, 82, 66, 84, 67, 27, 3, 41, 23, 54, 101, 79, 91, 73, 85, 65, 28, 35, 
all  brute force found neighbors included in the neighbor list list! - good!
step: 65
<p id=10 typeId=0 c=1.2434711445872009,5.06337057328922,9.940590889006115 \>
computing the neighbors brute forcely
latticeBoxSize 4.0
we created 482 pairs
get all neighbors of particleId 10
pair: 10,13
pair: 10,23
pair: 10,93
pair: 10,88
pair: 10,72
pair: 10,69
pair: 10,51
pair: 10,43
Brute Force neighboringParticleIds: 51(d=3.59), 69(d=3.23), 23(d=3.51), 93(d=2.5), 43(d=3.9), 72(d=1.96), 88(d=3.35), 13(d=2.87), 
NeighborList neighboringParticleIds: 2, 32, 0, 8, 90, 51, 83, 46, 80, 58, 88, 69, 93, 13, 96, 31, 43, 72, 10, 39, 5, 6, 87, 12, 82, 66, 84, 67, 27, 3, 41, 23, 54, 101, 79, 91, 73, 85, 65, 28, 35, 
all  brute force found neighbors included in the neighbor list list! - good!
step: 66
<p id=10 typeId=0 c=1.2434711445872009,5.06337057328922,9.940590889006115 \>
computing the neighbors brute forcely
latticeBoxSize 4.0
we created 482 pairs
get all neighbors of particleId 10
pair: 10,13
pair: 10,23
pair: 10,93
pair: 10,88
pair: 10,72
pair: 10,69
pair: 10,51
pair: 10,43
Brute Force neighboringParticleIds: 51(d=3.59), 69(d=3.23), 23(d=3.51), 93(d=2.5), 43(d=3.9), 72(d=1.96), 88(d=3.35), 13(d=2.87), 
NeighborList neighboringParticleIds: 2, 32, 0, 8, 90, 51, 83, 46, 80, 58, 88, 69, 93, 13, 96, 31, 43, 72, 10, 39, 5, 6, 87, 12, 82, 66, 84, 67, 27, 3, 41, 23, 54, 101, 79, 91, 73, 85, 65, 28, 35, 
all  brute force found neighbors included in the neighbor list list! - good!
step: 67
<p id=10 typeId=0 c=1.2434711445872009,5.06337057328922,9.940590889006115 \>
computing the neighbors brute forcely
latticeBoxSize 4.0
we created 486 pairs
get all neighbors of particleId 10
pair: 10,13
pair: 10,23
pair: 10,93
pair: 10,88
pair: 10,72
pair: 10,69
pair: 10,67
pair: 10,51
pair: 10,43
Brute Force neighboringParticleIds: 51(d=3.59), 69(d=3.23), 23(d=3.51), 67(d=2.89), 93(d=2.5), 43(d=3.9), 72(d=1.96), 88(d=3.35), 13(d=2.87), 
NeighborList neighboringParticleIds: 2, 32, 0, 67, 8, 90, 51, 83, 46, 80, 58, 88, 69, 93, 13, 96, 31, 43, 72, 10, 39, 5, 6, 87, 12, 82, 66, 84, 27, 3, 41, 23, 54, 101, 79, 91, 73, 85, 65, 28, 35, 
all  brute force found neighbors included in the neighbor list list! - good!
step: 68
<p id=10 typeId=0 c=1.2434711445872009,5.06337057328922,9.940590889006115 \>
computing the neighbors brute forcely
latticeBoxSize 4.0
we created 486 pairs
get all neighbors of particleId 10
pair: 10,13
pair: 10,23
pair: 10,93
pair: 10,88
pair: 10,72
pair: 10,69
pair: 10,67
pair: 10,51
pair: 10,43
Brute Force neighboringParticleIds: 51(d=3.59), 69(d=3.23), 23(d=3.51), 67(d=2.89), 93(d=2.5), 43(d=3.9), 72(d=1.96), 88(d=3.35), 13(d=2.87), 
NeighborList neighboringParticleIds: 2, 32, 0, 67, 8, 90, 51, 83, 46, 80, 58, 88, 69, 93, 13, 96, 31, 43, 72, 10, 39, 5, 6, 87, 12, 82, 66, 84, 27, 3, 41, 23, 54, 101, 79, 91, 73, 85, 65, 28, 35, 
all  brute force found neighbors included in the neighbor list list! - good!
step: 69
<p id=10 typeId=0 c=1.2434711445872009,5.06337057328922,9.940590889006115 \>
computing the neighbors brute forcely
latticeBoxSize 4.0
we created 486 pairs
get all neighbors of particleId 10
pair: 10,13
pair: 10,23
pair: 10,93
pair: 10,88
pair: 10,72
pair: 10,69
pair: 10,67
pair: 10,51
pair: 10,43
Brute Force neighboringParticleIds: 51(d=3.59), 69(d=3.23), 23(d=3.51), 67(d=2.89), 93(d=2.5), 43(d=3.9), 72(d=1.96), 88(d=3.35), 13(d=2.87), 
NeighborList neighboringParticleIds: 2, 32, 0, 67, 8, 90, 51, 83, 46, 80, 58, 88, 69, 93, 13, 96, 31, 43, 72, 10, 39, 5, 6, 87, 12, 82, 66, 84, 27, 3, 41, 23, 54, 101, 79, 91, 73, 85, 65, 28, 35, 
all  brute force found neighbors included in the neighbor list list! - good!
step: 70
<p id=10 typeId=0 c=1.2434711445872009,5.06337057328922,9.940590889006115 \>
computing the neighbors brute forcely
latticeBoxSize 4.0
we created 487 pairs
get all neighbors of particleId 10
pair: 10,13
pair: 10,23
pair: 10,93
pair: 10,88
pair: 10,72
pair: 10,69
pair: 10,67
pair: 10,51
pair: 10,43
Brute Force neighboringParticleIds: 51(d=3.59), 69(d=3.23), 23(d=3.51), 67(d=2.89), 93(d=2.5), 43(d=3.9), 72(d=1.96), 88(d=3.35), 13(d=2.87), 
NeighborList neighboringParticleIds: 2, 32, 0, 67, 8, 51, 90, 83, 46, 80, 58, 88, 69, 93, 13, 96, 31, 43, 72, 10, 39, 5, 6, 87, 12, 82, 66, 84, 27, 3, 41, 23, 54, 101, 79, 91, 73, 85, 65, 28, 35, 
all  brute force found neighbors included in the neighbor list list! - good!
step: 71
<p id=10 typeId=0 c=1.2434711445872009,5.06337057328922,9.940590889006115 \>
computing the neighbors brute forcely
latticeBoxSize 4.0
we created 493 pairs
get all neighbors of particleId 10
pair: 10,13
pair: 10,23
pair: 10,93
pair: 10,88
pair: 10,72
pair: 10,69
pair: 10,67
pair: 10,51
pair: 10,43
pair: 10,36
Brute Force neighboringParticleIds: 51(d=3.59), 69(d=3.23), 36(d=3.25), 23(d=3.51), 67(d=2.89), 93(d=2.5), 43(d=3.9), 72(d=1.96), 88(d=3.35), 13(d=2.87), 
NeighborList neighboringParticleIds: 2, 32, 0, 67, 8, 36, 51, 90, 83, 46, 80, 58, 88, 69, 93, 13, 96, 31, 43, 72, 10, 39, 5, 6, 87, 12, 82, 66, 84, 27, 3, 41, 23, 54, 101, 79, 91, 73, 85, 65, 28, 35, 
all  brute force found neighbors included in the neighbor list list! - good!
step: 72
<p id=10 typeId=0 c=1.2434711445872009,5.06337057328922,9.940590889006115 \>
computing the neighbors brute forcely
latticeBoxSize 4.0
we created 493 pairs
get all neighbors of particleId 10
pair: 10,13
pair: 10,23
pair: 10,93
pair: 10,88
pair: 10,72
pair: 10,69
pair: 10,67
pair: 10,51
pair: 10,43
pair: 10,36
Brute Force neighboringParticleIds: 51(d=3.59), 69(d=3.23), 36(d=3.25), 23(d=3.51), 67(d=2.89), 93(d=2.5), 43(d=3.9), 72(d=1.96), 88(d=3.35), 13(d=2.87), 
NeighborList neighboringParticleIds: 2, 32, 0, 67, 8, 36, 51, 90, 83, 46, 80, 58, 88, 69, 93, 13, 96, 31, 43, 72, 10, 39, 5, 6, 87, 12, 82, 66, 84, 27, 3, 41, 23, 54, 101, 79, 91, 73, 85, 65, 28, 35, 
all  brute force found neighbors included in the neighbor list list! - good!
step: 73
<p id=10 typeId=0 c=1.2434711445872009,5.06337057328922,9.940590889006115 \>
computing the neighbors brute forcely
latticeBoxSize 4.0
we created 493 pairs
get all neighbors of particleId 10
pair: 10,13
pair: 10,23
pair: 10,93
pair: 10,88
pair: 10,72
pair: 10,69
pair: 10,67
pair: 10,51
pair: 10,43
pair: 10,36
Brute Force neighboringParticleIds: 51(d=3.59), 69(d=3.23), 36(d=3.25), 23(d=3.51), 67(d=2.89), 93(d=2.5), 43(d=3.9), 72(d=1.96), 88(d=3.35), 13(d=2.87), 
NeighborList neighboringParticleIds: 2, 32, 0, 67, 8, 36, 51, 90, 83, 46, 80, 58, 88, 69, 93, 13, 96, 31, 43, 72, 10, 39, 5, 6, 87, 12, 82, 66, 84, 27, 3, 41, 23, 54, 101, 79, 91, 73, 85, 65, 28, 35, 
all  brute force found neighbors included in the neighbor list list! - good!
step: 74
<p id=10 typeId=0 c=1.2434711445872009,5.06337057328922,9.940590889006115 \>
computing the neighbors brute forcely
latticeBoxSize 4.0
we created 493 pairs
get all neighbors of particleId 10
pair: 10,13
pair: 10,23
pair: 10,93
pair: 10,88
pair: 10,72
pair: 10,69
pair: 10,67
pair: 10,51
pair: 10,43
pair: 10,36
Brute Force neighboringParticleIds: 51(d=3.59), 69(d=3.23), 36(d=3.25), 23(d=3.51), 67(d=2.89), 93(d=2.5), 43(d=3.9), 72(d=1.96), 88(d=3.35), 13(d=2.87), 
NeighborList neighboringParticleIds: 2, 32, 0, 67, 8, 36, 51, 90, 83, 46, 80, 58, 88, 69, 93, 13, 96, 31, 43, 72, 10, 39, 5, 6, 87, 12, 82, 66, 84, 27, 3, 41, 23, 54, 101, 79, 91, 73, 85, 65, 28, 35, 
all  brute force found neighbors included in the neighbor list list! - good!
step: 75
<p id=10 typeId=0 c=1.2434711445872009,5.06337057328922,9.940590889006115 \>
computing the neighbors brute forcely
latticeBoxSize 4.0
we created 493 pairs
get all neighbors of particleId 10
pair: 10,13
pair: 10,23
pair: 10,93
pair: 10,88
pair: 10,72
pair: 10,69
pair: 10,67
pair: 10,51
pair: 10,43
pair: 10,36
Brute Force neighboringParticleIds: 51(d=3.59), 69(d=3.23), 36(d=3.25), 23(d=3.51), 67(d=2.89), 93(d=2.5), 43(d=3.9), 72(d=1.96), 88(d=3.35), 13(d=2.87), 
NeighborList neighboringParticleIds: 2, 32, 0, 67, 8, 36, 51, 90, 83, 46, 80, 58, 88, 69, 93, 13, 96, 31, 43, 72, 10, 39, 5, 6, 87, 12, 82, 66, 84, 27, 3, 41, 23, 54, 101, 79, 91, 73, 85, 65, 28, 35, 
all  brute force found neighbors included in the neighbor list list! - good!
step: 76
<p id=10 typeId=0 c=1.2434711445872009,5.06337057328922,9.940590889006115 \>
computing the neighbors brute forcely
latticeBoxSize 4.0
we created 492 pairs
get all neighbors of particleId 10
pair: 10,13
pair: 10,23
pair: 10,93
pair: 10,88
pair: 10,72
pair: 10,69
pair: 10,67
pair: 10,51
pair: 10,43
pair: 10,36
Brute Force neighboringParticleIds: 51(d=3.59), 69(d=3.23), 36(d=3.25), 23(d=3.51), 67(d=2.89), 93(d=2.5), 43(d=3.9), 72(d=1.96), 88(d=3.35), 13(d=2.87), 
NeighborList neighboringParticleIds: 2, 32, 0, 67, 8, 36, 51, 90, 83, 46, 80, 58, 88, 69, 93, 13, 96, 31, 43, 72, 10, 39, 5, 6, 87, 12, 82, 66, 84, 27, 3, 41, 23, 54, 101, 79, 91, 73, 85, 65, 28, 35, 
all  brute force found neighbors included in the neighbor list list! - good!
step: 77
<p id=10 typeId=0 c=1.2434711445872009,5.06337057328922,9.940590889006115 \>
computing the neighbors brute forcely
latticeBoxSize 4.0
we created 490 pairs
get all neighbors of particleId 10
pair: 10,13
pair: 10,23
pair: 10,93
pair: 10,88
pair: 10,72
pair: 10,69
pair: 10,67
pair: 10,51
pair: 10,43
pair: 10,36
Brute Force neighboringParticleIds: 51(d=3.59), 69(d=3.23), 36(d=3.25), 23(d=3.51), 67(d=2.89), 93(d=2.5), 43(d=3.9), 72(d=1.96), 88(d=3.35), 13(d=2.87), 
NeighborList neighboringParticleIds: 2, 32, 0, 67, 8, 36, 51, 90, 83, 46, 80, 58, 88, 69, 93, 13, 96, 31, 43, 72, 10, 39, 5, 6, 87, 12, 82, 66, 84, 27, 3, 41, 23, 54, 101, 79, 91, 73, 85, 65, 28, 35, 
all  brute force found neighbors included in the neighbor list list! - good!
step: 78
<p id=10 typeId=0 c=1.2434711445872009,5.06337057328922,9.940590889006115 \>
computing the neighbors brute forcely
latticeBoxSize 4.0
we created 490 pairs
get all neighbors of particleId 10
pair: 10,13
pair: 10,23
pair: 10,93
pair: 10,88
pair: 10,72
pair: 10,69
pair: 10,67
pair: 10,51
pair: 10,43
pair: 10,36
Brute Force neighboringParticleIds: 51(d=3.59), 69(d=3.23), 36(d=3.25), 23(d=3.51), 67(d=2.89), 93(d=2.5), 43(d=3.9), 72(d=1.96), 88(d=3.35), 13(d=2.87), 
NeighborList neighboringParticleIds: 2, 32, 0, 67, 8, 36, 51, 90, 83, 46, 80, 58, 88, 69, 93, 13, 96, 31, 43, 72, 10, 39, 5, 6, 87, 12, 82, 66, 84, 27, 3, 41, 23, 54, 101, 79, 91, 73, 85, 65, 28, 35, 
all  brute force found neighbors included in the neighbor list list! - good!
step: 79
<p id=10 typeId=0 c=1.2434711445872009,5.06337057328922,9.940590889006115 \>
computing the neighbors brute forcely
latticeBoxSize 4.0
we created 490 pairs
get all neighbors of particleId 10
pair: 10,13
pair: 10,23
pair: 10,93
pair: 10,88
pair: 10,72
pair: 10,69
pair: 10,67
pair: 10,51
pair: 10,43
pair: 10,36
Brute Force neighboringParticleIds: 51(d=3.59), 69(d=3.23), 36(d=3.25), 23(d=3.51), 67(d=2.89), 93(d=2.5), 43(d=3.9), 72(d=1.96), 88(d=3.35), 13(d=2.87), 
NeighborList neighboringParticleIds: 2, 32, 0, 67, 8, 36, 51, 90, 83, 46, 80, 58, 88, 69, 93, 13, 96, 31, 43, 72, 10, 39, 5, 6, 87, 12, 82, 66, 84, 27, 3, 41, 23, 54, 101, 79, 91, 73, 85, 65, 28, 35, 
all  brute force found neighbors included in the neighbor list list! - good!
step: 80
<p id=10 typeId=0 c=1.2434711445872009,5.06337057328922,9.940590889006115 \>
computing the neighbors brute forcely
latticeBoxSize 4.0
we created 490 pairs
get all neighbors of particleId 10
pair: 10,13
pair: 10,23
pair: 10,93
pair: 10,88
pair: 10,72
pair: 10,69
pair: 10,67
pair: 10,51
pair: 10,43
pair: 10,36
Brute Force neighboringParticleIds: 51(d=3.59), 69(d=3.23), 36(d=3.25), 23(d=3.51), 67(d=2.89), 93(d=2.5), 43(d=3.9), 72(d=1.96), 88(d=3.35), 13(d=2.87), 
NeighborList neighboringParticleIds: 2, 32, 0, 67, 8, 36, 51, 90, 83, 46, 80, 58, 88, 69, 93, 13, 96, 31, 43, 72, 10, 39, 5, 6, 87, 12, 82, 66, 84, 27, 3, 41, 23, 54, 101, 79, 91, 73, 85, 65, 28, 35, 
all  brute force found neighbors included in the neighbor list list! - good!
step: 81
<p id=10 typeId=0 c=1.2434711445872009,5.06337057328922,9.940590889006115 \>
computing the neighbors brute forcely
latticeBoxSize 4.0
we created 490 pairs
get all neighbors of particleId 10
pair: 10,13
pair: 10,23
pair: 10,93
pair: 10,88
pair: 10,72
pair: 10,69
pair: 10,67
pair: 10,51
pair: 10,43
pair: 10,36
Brute Force neighboringParticleIds: 51(d=3.59), 69(d=3.23), 36(d=3.25), 23(d=3.51), 67(d=2.89), 93(d=2.5), 43(d=3.9), 72(d=1.96), 88(d=3.35), 13(d=2.87), 
NeighborList neighboringParticleIds: 2, 32, 0, 67, 8, 36, 51, 90, 83, 46, 80, 58, 88, 69, 93, 13, 96, 31, 43, 72, 10, 39, 5, 6, 87, 12, 82, 66, 84, 27, 3, 41, 23, 54, 101, 79, 91, 73, 85, 65, 28, 35, 
all  brute force found neighbors included in the neighbor list list! - good!
step: 82
<p id=10 typeId=0 c=1.2434711445872009,5.06337057328922,9.940590889006115 \>
computing the neighbors brute forcely
latticeBoxSize 4.0
we created 491 pairs
get all neighbors of particleId 10
pair: 10,13
pair: 10,23
pair: 10,93
pair: 10,88
pair: 10,72
pair: 10,69
pair: 10,67
pair: 10,43
pair: 10,36
Brute Force neighboringParticleIds: 69(d=3.23), 36(d=3.25), 23(d=3.51), 67(d=2.89), 93(d=2.5), 43(d=3.9), 72(d=1.96), 88(d=3.35), 13(d=2.87), 
NeighborList neighboringParticleIds: 2, 32, 0, 67, 8, 36, 90, 83, 46, 80, 58, 88, 69, 93, 13, 96, 31, 43, 72, 10, 39, 5, 6, 87, 12, 82, 66, 84, 27, 3, 41, 23, 54, 101, 79, 91, 73, 85, 65, 28, 35, 
all  brute force found neighbors included in the neighbor list list! - good!
step: 83
<p id=10 typeId=0 c=1.2434711445872009,5.06337057328922,9.940590889006115 \>
computing the neighbors brute forcely
latticeBoxSize 4.0
we created 491 pairs
get all neighbors of particleId 10
pair: 10,13
pair: 10,23
pair: 10,93
pair: 10,88
pair: 10,72
pair: 10,69
pair: 10,67
pair: 10,43
pair: 10,36
Brute Force neighboringParticleIds: 69(d=3.23), 36(d=3.25), 23(d=3.51), 67(d=2.89), 93(d=2.5), 43(d=3.9), 72(d=1.96), 88(d=3.35), 13(d=2.87), 
NeighborList neighboringParticleIds: 2, 32, 0, 67, 8, 36, 90, 83, 46, 80, 58, 88, 69, 93, 13, 96, 31, 43, 72, 10, 39, 5, 6, 87, 12, 82, 66, 84, 27, 3, 41, 23, 54, 101, 79, 91, 73, 85, 65, 28, 35, 
all  brute force found neighbors included in the neighbor list list! - good!
step: 84
<p id=10 typeId=0 c=1.2434711445872009,5.06337057328922,9.940590889006115 \>
computing the neighbors brute forcely
latticeBoxSize 4.0
we created 491 pairs
get all neighbors of particleId 10
pair: 10,13
pair: 10,23
pair: 10,93
pair: 10,88
pair: 10,72
pair: 10,69
pair: 10,67
pair: 10,43
pair: 10,36
Brute Force neighboringParticleIds: 69(d=3.23), 36(d=3.25), 23(d=3.51), 67(d=2.89), 93(d=2.5), 43(d=3.9), 72(d=1.96), 88(d=3.35), 13(d=2.87), 
NeighborList neighboringParticleIds: 2, 32, 0, 67, 8, 36, 90, 83, 46, 80, 58, 88, 69, 93, 13, 96, 31, 43, 72, 10, 39, 5, 6, 87, 12, 82, 66, 84, 27, 3, 41, 23, 54, 101, 79, 91, 73, 85, 65, 28, 35, 
all  brute force found neighbors included in the neighbor list list! - good!
step: 85
<p id=10 typeId=0 c=1.2434711445872009,5.06337057328922,9.940590889006115 \>
computing the neighbors brute forcely
latticeBoxSize 4.0
we created 491 pairs
get all neighbors of particleId 10
pair: 10,13
pair: 10,23
pair: 10,93
pair: 10,88
pair: 10,72
pair: 10,69
pair: 10,67
pair: 10,43
pair: 10,36
Brute Force neighboringParticleIds: 69(d=3.23), 36(d=3.25), 23(d=3.51), 67(d=2.89), 93(d=2.5), 43(d=3.9), 72(d=1.96), 88(d=3.35), 13(d=2.87), 
NeighborList neighboringParticleIds: 2, 32, 0, 67, 8, 36, 90, 83, 46, 80, 58, 88, 69, 93, 13, 96, 31, 43, 72, 10, 39, 5, 6, 87, 12, 82, 66, 84, 27, 3, 41, 23, 54, 101, 79, 91, 73, 85, 65, 28, 35, 
all  brute force found neighbors included in the neighbor list list! - good!
step: 86
<p id=10 typeId=0 c=1.2434711445872009,5.06337057328922,9.940590889006115 \>
computing the neighbors brute forcely
latticeBoxSize 4.0
we created 491 pairs
get all neighbors of particleId 10
pair: 10,13
pair: 10,23
pair: 10,93
pair: 10,88
pair: 10,72
pair: 10,69
pair: 10,67
pair: 10,43
pair: 10,36
Brute Force neighboringParticleIds: 69(d=3.23), 36(d=3.25), 23(d=3.51), 67(d=2.89), 93(d=2.5), 43(d=3.9), 72(d=1.96), 88(d=3.35), 13(d=2.87), 
NeighborList neighboringParticleIds: 2, 32, 0, 67, 8, 36, 90, 83, 46, 80, 58, 88, 69, 93, 13, 96, 31, 43, 72, 10, 39, 5, 6, 87, 12, 82, 66, 84, 27, 3, 41, 23, 54, 101, 79, 91, 73, 85, 65, 28, 35, 
all  brute force found neighbors included in the neighbor list list! - good!
step: 87
<p id=10 typeId=0 c=1.2434711445872009,5.06337057328922,9.940590889006115 \>
computing the neighbors brute forcely
latticeBoxSize 4.0
we created 491 pairs
get all neighbors of particleId 10
pair: 10,13
pair: 10,23
pair: 10,93
pair: 10,88
pair: 10,72
pair: 10,69
pair: 10,67
pair: 10,43
pair: 10,36
Brute Force neighboringParticleIds: 69(d=3.23), 36(d=3.25), 23(d=3.51), 67(d=2.89), 93(d=2.5), 43(d=3.9), 72(d=1.96), 88(d=3.35), 13(d=2.87), 
NeighborList neighboringParticleIds: 2, 32, 0, 67, 8, 36, 90, 83, 46, 80, 58, 88, 69, 93, 13, 96, 31, 43, 72, 10, 39, 5, 6, 87, 12, 82, 66, 84, 27, 3, 41, 23, 54, 101, 79, 91, 73, 85, 65, 28, 35, 
all  brute force found neighbors included in the neighbor list list! - good!
step: 88
<p id=10 typeId=0 c=1.2434711445872009,5.06337057328922,9.940590889006115 \>
computing the neighbors brute forcely
latticeBoxSize 4.0
we created 492 pairs
get all neighbors of particleId 10
pair: 10,13
pair: 10,23
pair: 10,93
pair: 10,88
pair: 10,72
pair: 10,69
pair: 10,67
pair: 10,43
pair: 10,36
Brute Force neighboringParticleIds: 69(d=3.23), 36(d=3.25), 23(d=3.51), 67(d=2.89), 93(d=2.5), 43(d=3.9), 72(d=1.96), 88(d=3.35), 13(d=2.87), 
NeighborList neighboringParticleIds: 2, 32, 0, 67, 8, 36, 90, 83, 46, 80, 58, 88, 69, 93, 13, 96, 31, 43, 72, 10, 39, 5, 6, 87, 12, 82, 66, 84, 27, 3, 41, 23, 54, 101, 79, 91, 73, 85, 65, 28, 35, 
all  brute force found neighbors included in the neighbor list list! - good!
step: 89
<p id=10 typeId=0 c=1.2434711445872009,5.06337057328922,9.940590889006115 \>
computing the neighbors brute forcely
latticeBoxSize 4.0
we created 492 pairs
get all neighbors of particleId 10
pair: 10,13
pair: 10,23
pair: 10,93
pair: 10,88
pair: 10,72
pair: 10,69
pair: 10,67
pair: 10,43
pair: 10,36
Brute Force neighboringParticleIds: 69(d=3.23), 36(d=3.25), 23(d=3.51), 67(d=2.89), 93(d=2.5), 43(d=3.9), 72(d=1.96), 88(d=3.35), 13(d=2.87), 
NeighborList neighboringParticleIds: 2, 32, 0, 67, 8, 36, 90, 83, 46, 80, 58, 88, 69, 93, 13, 96, 31, 43, 72, 10, 39, 5, 6, 87, 12, 82, 66, 84, 27, 3, 41, 23, 54, 101, 79, 91, 73, 85, 65, 28, 35, 
all  brute force found neighbors included in the neighbor list list! - good!
step: 90
<p id=10 typeId=0 c=1.2434711445872009,5.06337057328922,9.940590889006115 \>
computing the neighbors brute forcely
latticeBoxSize 4.0
we created 490 pairs
get all neighbors of particleId 10
pair: 10,13
pair: 10,23
pair: 10,93
pair: 10,88
pair: 10,72
pair: 10,69
pair: 10,67
pair: 10,43
pair: 10,36
Brute Force neighboringParticleIds: 69(d=3.23), 36(d=3.25), 23(d=3.51), 67(d=2.89), 93(d=2.5), 43(d=3.9), 72(d=1.96), 88(d=3.35), 13(d=2.87), 
NeighborList neighboringParticleIds: 2, 32, 0, 67, 8, 36, 90, 83, 46, 80, 58, 88, 69, 93, 13, 96, 31, 43, 72, 10, 39, 5, 6, 87, 12, 82, 66, 84, 27, 3, 41, 23, 54, 101, 79, 91, 73, 85, 65, 28, 35, 
all  brute force found neighbors included in the neighbor list list! - good!
step: 91
<p id=10 typeId=0 c=1.2434711445872009,5.06337057328922,9.940590889006115 \>
computing the neighbors brute forcely
latticeBoxSize 4.0
we created 490 pairs
get all neighbors of particleId 10
pair: 10,13
pair: 10,23
pair: 10,93
pair: 10,88
pair: 10,72
pair: 10,69
pair: 10,67
pair: 10,43
pair: 10,36
Brute Force neighboringParticleIds: 69(d=3.23), 36(d=3.25), 23(d=3.51), 67(d=2.89), 93(d=2.5), 43(d=3.9), 72(d=1.96), 88(d=3.35), 13(d=2.87), 
NeighborList neighboringParticleIds: 2, 32, 0, 67, 8, 36, 90, 83, 46, 80, 58, 88, 69, 93, 13, 96, 31, 43, 72, 10, 39, 5, 6, 87, 12, 82, 66, 84, 27, 3, 41, 23, 54, 101, 79, 91, 73, 85, 65, 28, 35, 
all  brute force found neighbors included in the neighbor list list! - good!
step: 92
<p id=10 typeId=0 c=1.2434711445872009,5.06337057328922,9.940590889006115 \>
computing the neighbors brute forcely
latticeBoxSize 4.0
we created 490 pairs
get all neighbors of particleId 10
pair: 10,13
pair: 10,23
pair: 10,93
pair: 10,88
pair: 10,72
pair: 10,69
pair: 10,67
pair: 10,43
pair: 10,36
Brute Force neighboringParticleIds: 69(d=3.23), 36(d=3.25), 23(d=3.51), 67(d=2.89), 93(d=2.5), 43(d=3.9), 72(d=1.96), 88(d=3.35), 13(d=2.87), 
NeighborList neighboringParticleIds: 2, 32, 0, 67, 8, 36, 90, 83, 46, 80, 58, 88, 69, 93, 13, 96, 31, 43, 72, 10, 39, 5, 6, 87, 12, 82, 66, 84, 27, 3, 41, 23, 54, 101, 79, 91, 73, 85, 65, 28, 35, 
all  brute force found neighbors included in the neighbor list list! - good!
step: 93
<p id=10 typeId=0 c=1.2434711445872009,5.06337057328922,9.940590889006115 \>
computing the neighbors brute forcely
latticeBoxSize 4.0
we created 490 pairs
get all neighbors of particleId 10
pair: 10,13
pair: 10,23
pair: 10,93
pair: 10,88
pair: 10,72
pair: 10,69
pair: 10,67
pair: 10,43
pair: 10,36
Brute Force neighboringParticleIds: 69(d=3.23), 36(d=3.25), 23(d=3.51), 67(d=2.89), 93(d=2.5), 43(d=3.9), 72(d=1.96), 88(d=3.35), 13(d=2.87), 
NeighborList neighboringParticleIds: 2, 32, 0, 67, 8, 36, 90, 83, 46, 80, 58, 88, 69, 93, 13, 96, 31, 43, 72, 10, 39, 5, 6, 87, 12, 82, 66, 84, 27, 3, 41, 23, 54, 101, 79, 91, 73, 85, 65, 28, 35, 
all  brute force found neighbors included in the neighbor list list! - good!
step: 94
<p id=10 typeId=0 c=1.2434711445872009,5.06337057328922,9.940590889006115 \>
computing the neighbors brute forcely
latticeBoxSize 4.0
we created 488 pairs
get all neighbors of particleId 10
pair: 10,13
pair: 10,23
pair: 10,93
pair: 10,88
pair: 10,72
pair: 10,69
pair: 10,67
pair: 10,43
pair: 10,36
Brute Force neighboringParticleIds: 69(d=3.23), 36(d=3.25), 23(d=3.51), 67(d=2.89), 93(d=2.5), 43(d=3.9), 72(d=1.96), 88(d=3.35), 13(d=2.87), 
NeighborList neighboringParticleIds: 2, 32, 0, 67, 8, 36, 90, 83, 46, 80, 58, 88, 69, 93, 13, 96, 43, 72, 10, 39, 5, 6, 87, 12, 82, 66, 84, 27, 3, 41, 23, 54, 101, 79, 91, 73, 85, 65, 28, 35, 
all  brute force found neighbors included in the neighbor list list! - good!
step: 95
<p id=10 typeId=0 c=1.2434711445872009,5.06337057328922,9.940590889006115 \>
computing the neighbors brute forcely
latticeBoxSize 4.0
we created 495 pairs
get all neighbors of particleId 10
pair: 10,13
pair: 10,23
pair: 10,93
pair: 10,88
pair: 10,72
pair: 10,69
pair: 10,67
pair: 10,43
pair: 10,36
Brute Force neighboringParticleIds: 69(d=3.23), 36(d=3.25), 23(d=3.51), 67(d=2.89), 93(d=2.5), 43(d=3.9), 72(d=1.96), 88(d=3.35), 13(d=2.87), 
NeighborList neighboringParticleIds: 2, 32, 0, 67, 8, 36, 90, 83, 46, 80, 58, 88, 69, 93, 13, 96, 43, 24, 72, 10, 39, 5, 6, 87, 12, 82, 66, 84, 27, 3, 41, 23, 54, 101, 79, 91, 73, 85, 65, 28, 35, 
all  brute force found neighbors included in the neighbor list list! - good!
step: 96
<p id=10 typeId=0 c=1.2434711445872009,5.06337057328922,9.940590889006115 \>
computing the neighbors brute forcely
latticeBoxSize 4.0
we created 500 pairs
get all neighbors of particleId 10
pair: 10,13
pair: 10,23
pair: 10,93
pair: 10,88
pair: 10,72
pair: 10,69
pair: 10,67
pair: 10,43
pair: 10,36
Brute Force neighboringParticleIds: 69(d=3.23), 36(d=3.25), 23(d=3.51), 67(d=2.89), 93(d=2.5), 43(d=3.9), 72(d=1.96), 88(d=3.35), 13(d=2.87), 
NeighborList neighboringParticleIds: 2, 32, 0, 67, 8, 36, 90, 83, 46, 80, 58, 88, 69, 93, 13, 96, 43, 24, 72, 10, 39, 5, 6, 87, 12, 82, 66, 84, 27, 3, 41, 23, 54, 101, 79, 91, 73, 85, 65, 28, 35, 
all  brute force found neighbors included in the neighbor list list! - good!
step: 97
<p id=10 typeId=0 c=1.2434711445872009,5.06337057328922,9.940590889006115 \>
computing the neighbors brute forcely
latticeBoxSize 4.0
we created 489 pairs
get all neighbors of particleId 10
pair: 10,13
pair: 10,23
pair: 10,88
pair: 10,72
pair: 10,69
pair: 10,67
pair: 10,43
pair: 10,36
Brute Force neighboringParticleIds: 69(d=3.23), 36(d=3.25), 23(d=3.51), 67(d=2.89), 43(d=3.9), 72(d=1.96), 88(d=3.35), 13(d=2.87), 
NeighborList neighboringParticleIds: 2, 32, 0, 67, 8, 36, 90, 83, 46, 80, 58, 88, 69, 13, 96, 43, 24, 72, 10, 39, 5, 6, 87, 12, 82, 66, 84, 27, 3, 41, 23, 54, 101, 79, 91, 73, 85, 65, 28, 35, 
all  brute force found neighbors included in the neighbor list list! - good!
step: 98
<p id=10 typeId=0 c=1.2434711445872009,5.06337057328922,9.940590889006115 \>
computing the neighbors brute forcely
latticeBoxSize 4.0
we created 489 pairs
get all neighbors of particleId 10
pair: 10,13
pair: 10,23
pair: 10,88
pair: 10,72
pair: 10,69
pair: 10,67
pair: 10,43
pair: 10,36
Brute Force neighboringParticleIds: 69(d=3.23), 36(d=3.25), 23(d=3.51), 67(d=2.89), 43(d=3.9), 72(d=1.96), 88(d=3.35), 13(d=2.87), 
NeighborList neighboringParticleIds: 2, 32, 0, 67, 8, 36, 90, 83, 46, 80, 58, 88, 69, 13, 96, 43, 24, 72, 10, 39, 5, 6, 87, 12, 82, 66, 84, 27, 3, 41, 23, 54, 101, 79, 91, 73, 85, 65, 28, 35, 
all  brute force found neighbors included in the neighbor list list! - good!
step: 99
<p id=10 typeId=0 c=1.2434711445872009,5.06337057328922,9.940590889006115 \>
computing the neighbors brute forcely
latticeBoxSize 4.0
we created 489 pairs
get all neighbors of particleId 10
pair: 10,13
pair: 10,23
pair: 10,88
pair: 10,72
pair: 10,69
pair: 10,67
pair: 10,43
pair: 10,36
Brute Force neighboringParticleIds: 69(d=3.23), 36(d=3.25), 23(d=3.51), 67(d=2.89), 43(d=3.9), 72(d=1.96), 88(d=3.35), 13(d=2.87), 
NeighborList neighboringParticleIds: 2, 32, 0, 67, 8, 36, 90, 83, 46, 80, 58, 88, 69, 13, 96, 43, 24, 72, 10, 39, 5, 6, 87, 12, 82, 66, 84, 27, 3, 41, 23, 54, 101, 79, 91, 73, 85, 65, 28, 35, 
all  brute force found neighbors included in the neighbor list list! - good!
]]></system-out>
  <system-err><![CDATA[]]></system-err>
</testsuite>
