<?xml version="1.0" encoding="UTF-8" ?>
<testsuite errors="0" failures="0" hostname="johanness-mbp-4" name="readdy.impl.sim.core.bd.DiffusionEngineTest" tests="2" time="0.31" timestamp="2014-05-21T19:13:04">
  <properties>
    <property name="netbeans.autoupdate.country" value="US" />
    <property name="nb.wait.for.caches" value="true" />
    <property name="javac.test.classpath" value="lib/colt.jar:lib/statlab.jar:build/classes:/Applications/NetBeans/NetBeans 7.2.1.app/Contents/Resources/NetBeans/platform/modules/ext/junit-4.10.jar" />
    <property name="libs.junit.javadoc" value="/Applications/NetBeans/NetBeans 7.2.1.app/Contents/Resources/NetBeans/java/docs/junit-3.8.2-api.zip" />
    <property name="file.reference.colt.jar" value="lib/colt.jar" />
    <property name="ant.core.lib" value="/Applications/NetBeans/NetBeans 7.2.1.app/Contents/Resources/NetBeans/java/ant/lib/ant.jar" />
    <property name="javadoc.windowtitle" value="" />
    <property name="user.dir" value="/Users/johannesschoeneberg/Desktop/PhD/projects/ReaDDy/gitHub/readdy" />
    <property name="com.apple.mrj.application.apple.menu.about.name" value="NetBeans" />
    <property name="libs.hibernate-persistence.javadoc" value="" />
    <property name="java.vm.version" value="24.51-b03" />
    <property name="libs.MyLibrary.src" value="" />
    <property name="libs.MySQLDriver.classpath" value="/Applications/NetBeans/NetBeans 7.2.1.app/Contents/Resources/NetBeans/ide/modules/ext/mysql-connector-java-5.1.18-bin.jar" />
    <property name="libs.eclipselinkmodelgen.src" value="" />
    <property name="javadoc.notree" value="false" />
    <property name="netbeans.autoupdate.version" value="1.23" />
    <property name="libs.EclipseLink-GlassFish-v3.classpath" value="/Applications/NetBeans/glassfish-3.0.1/glassfish/modules/org.eclipse.persistence.antlr.jar:/Applications/NetBeans/glassfish-3.0.1/glassfish/modules/org.eclipse.persistence.asm.jar:/Applications/NetBeans/glassfish-3.0.1/glassfish/modules/org.eclipse.persistence.core.jar:/Applications/NetBeans/glassfish-3.0.1/glassfish/modules/org.eclipse.persistence.jpa.jar:/Applications/NetBeans/glassfish-3.0.1/glassfish/modules/org.eclipse.persistence.jpa.modelgen.jar:/Applications/NetBeans/glassfish-3.0.1/glassfish/modules/org.eclipse.persistence.oracle.jar:/Applications/NetBeans/glassfish-3.0.1/glassfish/modules/javax.persistence.jar" />
    <property name="libs.hibernate-support.maven-pom" value="" />
    <property name="libs.hibernate-support.javadoc" value="" />
    <property name="jdk.home" value="/Library/Java/JavaVirtualMachines/jdk1.7.0_51.jdk/Contents/Home" />
    <property name="libs.javac-api.src" value="" />
    <property name="javadoc.noindex" value="false" />
    <property name="sun.os.patch.level" value="unknown" />
    <property name="do.archive+manifest.available" value="true" />
    <property name="java.vm.specification.name" value="Java Virtual Machine Specification" />
    <property name="nb.show.statistics.ui" value="usageStatisticsEnabled" />
    <property name="netbeans.autoupdate.variant" value="" />
    <property name="have.tests" value="true" />
    <property name="org.xml.sax.driver" value="com.sun.org.apache.xerces.internal.jaxp.SAXParserImpl$JAXPSAXParser" />
    <property name="libs.javac-api.javadoc" value="" />
    <property name="os.name" value="Mac OS X" />
    <property name="libs.beans-binding.classpath" value="/Applications/NetBeans/NetBeans 7.2.1.app/Contents/Resources/NetBeans/java/modules/ext/beansbinding-1.2.1.jar" />
    <property name="libs.JWSAntTasks.maven-pom" value="" />
    <property name="jnlp.signing.keystore" value="" />
    <property name="libs.testng.src" value="" />
    <property name="java.vendor.url.bug" value="http://bugreport.sun.com/bugreport/" />
    <property name="libs.jaxb.maven-pom" value="" />
    <property name="os.arch" value="x86_64" />
    <property name="libs.eclipselink.src" value="" />
    <property name="user.name" value="johannesschoeneberg" />
    <property name="libs.Comet-GlassFish-v3.javadoc" value="" />
    <property name="copylibs.rebase" value="true" />
    <property name="manifest.available+main.class" value="true" />
    <property name="libs.swing-layout.maven-pom" value="" />
    <property name="sun.java.command" value="org.apache.tools.ant.taskdefs.optional.junit.JUnitTestRunner readdy.impl.sim.core.bd.DiffusionEngineTest filtertrace=true haltOnError=false haltOnFailure=false showoutput=true outputtoformatters=true logfailedtests=true logtestlistenerevents=true formatter=org.apache.tools.ant.taskdefs.optional.junit.BriefJUnitResultFormatter formatter=org.apache.tools.ant.taskdefs.optional.junit.XMLJUnitResultFormatter,/Users/johannesschoeneberg/Desktop/PhD/projects/ReaDDy/gitHub/readdy/build/test/results/TEST-readdy.impl.sim.core.bd.DiffusionEngineTest.xml crashfile=/Users/johannesschoeneberg/Desktop/PhD/projects/ReaDDy/gitHub/readdy/build/junitvmwatcher1552835428196774088.properties propsfile=/Users/johannesschoeneberg/Desktop/PhD/projects/ReaDDy/gitHub/readdy/build/junit8399981050565994792.properties" />
    <property name="build.classes.dir" value="build/classes" />
    <property name="netbeans.accept_license_class" value="org.netbeans.license.AcceptLicense" />
    <property name="jnlp.descriptor" value="application" />
    <property name="build.sysclasspath" value="ignore" />
    <property name="libs.jaxws21.javadoc" value="/Applications/NetBeans/NetBeans 7.2.1.app/Contents/Resources/NetBeans/java/docs/jaxws-api-doc.zip" />
    <property name="includes" value="**" />
    <property name="user.country" value="US" />
    <property name="manifest.file" value="manifest.mf" />
    <property name="javadoc.encoding" value="UTF-8" />
    <property name="javac.classpath" value="lib/colt.jar:lib/statlab.jar" />
    <property name="debug-transport" value="dt_socket" />
    <property name="netbeans.system_http_non_proxy_hosts" value="" />
    <property name="com.sun.mysql.port" value="3306" />
    <property name="netbeans.home" value="/Applications/NetBeans/NetBeans 7.2.1.app/Contents/Resources/NetBeans/platform" />
    <property name="build.compiler.emacs" value="true" />
    <property name="libs.ejb3-persistence.src" value="" />
    <property name="java.endorsed.dirs" value="/Library/Java/JavaVirtualMachines/jdk1.7.0_51.jdk/Contents/Home/jre/lib/endorsed" />
    <property name="libs.Comet-GlassFish-v3.maven-pom" value="" />
    <property name="netbeans.dynamic.classpath" value="/Applications/NetBeans/NetBeans 7.2.1.app/Contents/Resources/NetBeans/platform/core/core.jar:/Applications/NetBeans/NetBeans 7.2.1.app/Contents/Resources/NetBeans/platform/core/org-openide-filesystems.jar:/Applications/NetBeans/NetBeans 7.2.1.app/Contents/Resources/NetBeans/platform/core/locale/core_ja.jar:/Applications/NetBeans/NetBeans 7.2.1.app/Contents/Resources/NetBeans/platform/core/locale/core_pt_BR.jar:/Applications/NetBeans/NetBeans 7.2.1.app/Contents/Resources/NetBeans/platform/core/locale/core_ru.jar:/Applications/NetBeans/NetBeans 7.2.1.app/Contents/Resources/NetBeans/platform/core/locale/core_zh_CN.jar:/Applications/NetBeans/NetBeans 7.2.1.app/Contents/Resources/NetBeans/platform/core/locale/org-openide-filesystems_ja.jar:/Applications/NetBeans/NetBeans 7.2.1.app/Contents/Resources/NetBeans/platform/core/locale/org-openide-filesystems_pt_BR.jar:/Applications/NetBeans/NetBeans 7.2.1.app/Contents/Resources/NetBeans/platform/core/locale/org-openide-filesystems_ru.jar:/Applications/NetBeans/NetBeans 7.2.1.app/Contents/Resources/NetBeans/platform/core/locale/org-openide-filesystems_zh_CN.jar:/Applications/NetBeans/NetBeans 7.2.1.app/Contents/Resources/NetBeans/nb/core/org-netbeans-upgrader.jar:/Applications/NetBeans/NetBeans 7.2.1.app/Contents/Resources/NetBeans/nb/core/locale/core_nb.jar:/Applications/NetBeans/NetBeans 7.2.1.app/Contents/Resources/NetBeans/nb/core/locale/core_nb_ja.jar:/Applications/NetBeans/NetBeans 7.2.1.app/Contents/Resources/NetBeans/nb/core/locale/core_nb_pt_BR.jar:/Applications/NetBeans/NetBeans 7.2.1.app/Contents/Resources/NetBeans/nb/core/locale/core_nb_ru.jar:/Applications/NetBeans/NetBeans 7.2.1.app/Contents/Resources/NetBeans/nb/core/locale/core_nb_zh_CN.jar:/Applications/NetBeans/NetBeans 7.2.1.app/Contents/Resources/NetBeans/nb/core/locale/org-netbeans-upgrader_ja.jar:/Applications/NetBeans/NetBeans 7.2.1.app/Contents/Resources/NetBeans/nb/core/locale/org-netbeans-upgrader_pt_BR.jar:/Applications/NetBeans/NetBeans 7.2.1.app/Contents/Resources/NetBeans/nb/core/locale/org-netbeans-upgrader_ru.jar:/Applications/NetBeans/NetBeans 7.2.1.app/Contents/Resources/NetBeans/nb/core/locale/org-netbeans-upgrader_zh_CN.jar" />
    <property name="jnlp.enabled" value="false" />
    <property name="java.vm.specification.version" value="1.7" />
    <property name="ftp.nonProxyHosts" value="local|*.local|169.254/16|*.169.254/16" />
    <property name="netbeans.productversion" value="NetBeans IDE 7.2.1 (Build 201210100934)" />
    <property name="libs.hibernate-persistence.classpath" value="/Applications/NetBeans/NetBeans 7.2.1.app/Contents/Resources/NetBeans/java/modules/ext/hibernate/antlr-2.7.6.jar:/Applications/NetBeans/NetBeans 7.2.1.app/Contents/Resources/NetBeans/java/modules/ext/hibernate/asm.jar:/Applications/NetBeans/NetBeans 7.2.1.app/Contents/Resources/NetBeans/java/modules/ext/hibernate/asm-attrs.jar:/Applications/NetBeans/NetBeans 7.2.1.app/Contents/Resources/NetBeans/java/modules/ext/hibernate/cglib-2.1.3.jar:/Applications/NetBeans/NetBeans 7.2.1.app/Contents/Resources/NetBeans/java/modules/ext/hibernate/commons-collections-2.1.1.jar:/Applications/NetBeans/NetBeans 7.2.1.app/Contents/Resources/NetBeans/ide/modules/org-apache-commons-logging.jar:/Applications/NetBeans/NetBeans 7.2.1.app/Contents/Resources/NetBeans/java/modules/ext/hibernate/dom4j-1.6.1.jar:/Applications/NetBeans/NetBeans 7.2.1.app/Contents/Resources/NetBeans/java/modules/ext/hibernate/ehcache-1.2.3.jar:/Applications/NetBeans/NetBeans 7.2.1.app/Contents/Resources/NetBeans/java/modules/ext/hibernate/jdbc2_0-stdext.jar:/Applications/NetBeans/NetBeans 7.2.1.app/Contents/Resources/NetBeans/java/modules/ext/hibernate/jta.jar:/Applications/NetBeans/NetBeans 7.2.1.app/Contents/Resources/NetBeans/java/modules/ext/hibernate/hibernate3.jar:/Applications/NetBeans/NetBeans 7.2.1.app/Contents/Resources/NetBeans/java/modules/ext/hibernate/hibernate-tools.jar:/Applications/NetBeans/NetBeans 7.2.1.app/Contents/Resources/NetBeans/java/modules/ext/hibernate/hibernate-annotations.jar:/Applications/NetBeans/NetBeans 7.2.1.app/Contents/Resources/NetBeans/java/modules/ext/hibernate/hibernate-commons-annotations.jar:/Applications/NetBeans/NetBeans 7.2.1.app/Contents/Resources/NetBeans/java/modules/ext/hibernate/hibernate-entitymanager.jar:/Applications/NetBeans/NetBeans 7.2.1.app/Contents/Resources/NetBeans/java/modules/ext/hibernate/javassist.jar:/Applications/NetBeans/NetBeans 7.2.1.app/Contents/Resources/NetBeans/java/modules/ext/hibernate/ejb3-persistence.jar" />
    <property name="libs.jaxws21.src" value="" />
    <property name="application.title" value="ReaDDy" />
    <property name="do.archive" value="true" />
    <property name="netbeans.autoupdate.language" value="en" />
    <property name="java.vendor" value="Oracle Corporation" />
    <property name="sun.font.fontmanager" value="sun.font.CFontManager" />
    <property name="jar.index.metainf" value="false" />
    <property name="javac.debug" value="true" />
    <property name="javadoc.splitindex" value="true" />
    <property name="file.separator" value="/" />
    <property name="libs.junit_4.maven-pom" value="" />
    <property name="mkdist.disabled" value="false" />
    <property name="javac.test.processorpath" value="lib/colt.jar:lib/statlab.jar:build/classes:/Applications/NetBeans/NetBeans 7.2.1.app/Contents/Resources/NetBeans/platform/modules/ext/junit-4.10.jar" />
    <property name="netbeans.buildnumber" value="201210100934" />
    <property name="libs.JWSAntTasks.javadoc" value="" />
    <property name="build.generated.sources.dir" value="build/generated-sources" />
    <property name="libs.eclipselinkmodelgen.classpath" value="/Applications/NetBeans/NetBeans 7.2.1.app/Contents/Resources/NetBeans/java/modules/ext/eclipselink/org.eclipse.persistence.jpa.modelgen.processor-2.3.2.jar" />
    <property name="sun.java.launcher" value="SUN_STANDARD" />
    <property name="libs.junit.classpath" value="/Applications/NetBeans/NetBeans 7.2.1.app/Contents/Resources/NetBeans/java/modules/ext/junit-3.8.2.jar" />
    <property name="libs.jaxb.javadoc" value="/Applications/NetBeans/NetBeans 7.2.1.app/Contents/Resources/NetBeans/ide/docs/jaxb-api-doc.zip" />
    <property name="ant.home" value="/Applications/NetBeans/NetBeans 7.2.1.app/Contents/Resources/NetBeans/java/ant" />
    <property name="libs.junit_4.src" value="/Applications/NetBeans/NetBeans 7.2.1.app/Contents/Resources/NetBeans/java/docs/junit-4.10-sources.jar" />
    <property name="libs.testng.classpath" value="/Applications/NetBeans/NetBeans 7.2.1.app/Contents/Resources/NetBeans/platform/modules/ext/testng-6.5.1-dist.jar" />
    <property name="libs.absolutelayout.maven-pom" value="" />
    <property name="ant.java.version" value="1.7" />
    <property name="java.library.path" value="/Users/johannesschoeneberg/Library/Java/Extensions:/Library/Java/Extensions:/Network/Library/Java/Extensions:/System/Library/Java/Extensions:/usr/lib/java:." />
    <property name="javadoc.author" value="false" />
    <property name="manifest.available+main.class-mkdist.available" value="true" />
    <property name="libs.EclipseLink-GlassFish-v3.src" value="" />
    <property name="java.util.logging.config.class" value="org.netbeans.core.startup.TopLogging" />
    <property name="libs.PostgreSQLDriver.src" value="" />
    <property name="sun.arch.data.model" value="64" />
    <property name="basedir" value="/Users/johannesschoeneberg/Desktop/PhD/projects/ReaDDy/gitHub/readdy" />
    <property name="libs.jpa20-persistence.maven-pom" value="" />
    <property name="jar.compress" value="false" />
    <property name="path.separator" value=":" />
    <property name="ant.junit.enabletestlistenerevents" value="true" />
    <property name="sun.io.unicode.encoding" value="UnicodeBig" />
    <property name="libs.jaxws21.classpath" value="/Applications/NetBeans/NetBeans 7.2.1.app/Contents/Resources/NetBeans/ide/modules/ext/jaxb/jaxb-impl.jar:/Applications/NetBeans/NetBeans 7.2.1.app/Contents/Resources/NetBeans/ide/modules/ext/jaxb/jaxb-xjc.jar:/Applications/NetBeans/NetBeans 7.2.1.app/Contents/Resources/NetBeans/java/modules/ext/jaxws22/FastInfoset.jar:/Applications/NetBeans/NetBeans 7.2.1.app/Contents/Resources/NetBeans/java/modules/ext/jaxws22/gmbal-api-only.jar:/Applications/NetBeans/NetBeans 7.2.1.app/Contents/Resources/NetBeans/java/modules/ext/jaxws22/ha-api.jar:/Applications/NetBeans/NetBeans 7.2.1.app/Contents/Resources/NetBeans/java/modules/ext/jaxws22/javax.mail_1.4.jar:/Applications/NetBeans/NetBeans 7.2.1.app/Contents/Resources/NetBeans/java/modules/ext/jaxws22/jaxws-rt.jar:/Applications/NetBeans/NetBeans 7.2.1.app/Contents/Resources/NetBeans/java/modules/ext/jaxws22/jaxws-tools.jar:/Applications/NetBeans/NetBeans 7.2.1.app/Contents/Resources/NetBeans/java/modules/ext/jaxws22/management-api.jar:/Applications/NetBeans/NetBeans 7.2.1.app/Contents/Resources/NetBeans/java/modules/ext/jaxws22/mimepull.jar:/Applications/NetBeans/NetBeans 7.2.1.app/Contents/Resources/NetBeans/java/modules/ext/jaxws22/policy.jar:/Applications/NetBeans/NetBeans 7.2.1.app/Contents/Resources/NetBeans/java/modules/ext/jaxws22/saaj-impl.jar:/Applications/NetBeans/NetBeans 7.2.1.app/Contents/Resources/NetBeans/java/modules/ext/jaxws22/stax-ex.jar:/Applications/NetBeans/NetBeans 7.2.1.app/Contents/Resources/NetBeans/java/modules/ext/jaxws22/stax2-api.jar:/Applications/NetBeans/NetBeans 7.2.1.app/Contents/Resources/NetBeans/java/modules/ext/jaxws22/streambuffer.jar:/Applications/NetBeans/NetBeans 7.2.1.app/Contents/Resources/NetBeans/java/modules/ext/jaxws22/woodstox-core-asl.jar:/Applications/NetBeans/NetBeans 7.2.1.app/Contents/Resources/NetBeans/java/modules/ext/jaxws22/api/jaxws-api.jar:/Applications/NetBeans/NetBeans 7.2.1.app/Contents/Resources/NetBeans/java/modules/ext/jaxws22/api/jsr181-api.jar:/Applications/NetBeans/NetBeans 7.2.1.app/Contents/Resources/NetBeans/java/modules/ext/jaxws22/api/javax.annotation.jar:/Applications/NetBeans/NetBeans 7.2.1.app/Contents/Resources/NetBeans/java/modules/ext/jaxws22/api/saaj-api.jar:/Applications/NetBeans/NetBeans 7.2.1.app/Contents/Resources/NetBeans/ide/modules/ext/jaxb/activation.jar:/Applications/NetBeans/NetBeans 7.2.1.app/Contents/Resources/NetBeans/ide/modules/ext/jaxb/api/jaxb-api.jar:/Applications/NetBeans/NetBeans 7.2.1.app/Contents/Resources/NetBeans/ide/modules/ext/jaxb/api/jsr173_1.0_api.jar" />
    <property name="compile.on.save" value="true" />
    <property name="ant.file.ReaDDy" value="/Users/johannesschoeneberg/Desktop/PhD/projects/ReaDDy/gitHub/readdy/build.xml" />
    <property name="apple.awt.graphics.UseQuartz" value="true" />
    <property name="user.language" value="en" />
    <property name="testng.mode" value="testng" />
    <property name="libs.JAXB-ENDORSED.maven-pom" value="" />
    <property name="libs.spring-framework.classpath" value="/Applications/NetBeans/NetBeans 7.2.1.app/Contents/Resources/NetBeans/ide/modules/org-apache-commons-logging.jar:/Applications/NetBeans/NetBeans 7.2.1.app/Contents/Resources/NetBeans/java/modules/ext/cglib-2.2.jar:/Applications/NetBeans/NetBeans 7.2.1.app/Contents/Resources/NetBeans/java/modules/ext/spring/spring-2.5.6.SEC03.jar" />
    <property name="libs.eclipselink.maven-pom" value="" />
    <property name="application.vendor" value="Jojo" />
    <property name="manifest.available" value="true" />
    <property name="libs.spring-framework300.maven-pom" value="" />
    <property name="run.test.classpath" value="lib/colt.jar:lib/statlab.jar:build/classes:/Applications/NetBeans/NetBeans 7.2.1.app/Contents/Resources/NetBeans/platform/modules/ext/junit-4.10.jar:build/test/classes" />
    <property name="ant.project.invoked-targets" value="test" />
    <property name="libs.swing-layout.javadoc" value="/Applications/NetBeans/NetBeans 7.2.1.app/Contents/Resources/NetBeans/platform/docs/swing-layout-1.0.4-doc.zip" />
    <property name="libs.ejb3-persistence.maven-pom" value="" />
    <property name="gopherProxySet" value="false" />
    <property name="libs.PostgreSQLDriver.maven-pom" value="" />
    <property name="java.class.version" value="51.0" />
    <property name="netbeans.system_http_proxy" value="DIRECT" />
    <property name="libs.eclipselink.javadoc" value="" />
    <property name="user.properties.file" value="/Users/johannesschoeneberg/Library/Application Support/NetBeans/7.2.1/build.properties" />
    <property name="runtime.encoding" value="UTF-8" />
    <property name="libs.spring-framework.src" value="" />
    <property name="libs.javac-api.maven-pom" value="" />
    <property name="file.encoding.pkg" value="sun.io" />
    <property name="sun.cpu.endian" value="little" />
    <property name="libs.JAXB-ENDORSED.javadoc" value="" />
    <property name="libs.JWSAntTasks.classpath" value="/Applications/NetBeans/NetBeans 7.2.1.app/Contents/Resources/NetBeans/java/ant/extra/org-netbeans-modules-javawebstart-anttasks.jar" />
    <property name="libs.spring-framework300.src" value="" />
    <property name="empty.dir" value="/Users/johannesschoeneberg/Desktop/PhD/projects/ReaDDy/gitHub/readdy/build/empty" />
    <property name="version-output" value="java version &quot;1.7" />
    <property name="javadoc.preview" value="true" />
    <property name="socksNonProxyHosts" value="local|*.local|169.254/16|*.169.254/16" />
    <property name="libs.jpa20-persistence.javadoc" value="" />
    <property name="java.home" value="/Library/Java/JavaVirtualMachines/jdk1.7.0_51.jdk/Contents/Home/jre" />
    <property name="debug.test.classpath" value="lib/colt.jar:lib/statlab.jar:build/classes:/Applications/NetBeans/NetBeans 7.2.1.app/Contents/Resources/NetBeans/platform/modules/ext/junit-4.10.jar:build/test/classes" />
    <property name="netbeans.importclass" value="org.netbeans.upgrade.AutoUpgrade" />
    <property name="ant.project.default-target" value="default" />
    <property name="annotation.processing.run.all.processors" value="true" />
    <property name="libs.MyLibrary.classpath" value="/Users/Jojo/NetBeansProjects/IoTools/dist/IoTools.jar" />
    <property name="jar.archive.disabled" value="false" />
    <property name="jnlp.signing.alias" value="" />
    <property name="libs.PostgreSQLDriver.javadoc" value="" />
    <property name="com.sun.mysql.stopcommand" value="/usr/local/mysql/support-files/mysql-admin.server" />
    <property name="libs.MySQLDriver.maven-pom" value="" />
    <property name="ant.file.type.ReaDDy-impl" value="file" />
    <property name="http.nonProxyHosts" value="local|*.local|169.254/16|*.169.254/16" />
    <property name="libs.junit_4.javadoc" value="/Applications/NetBeans/NetBeans 7.2.1.app/Contents/Resources/NetBeans/java/docs/junit-4.10-javadoc.jar" />
    <property name="libs.EclipseLink-GlassFish-v3.maven-pom" value="" />
    <property name="run.classpath" value="lib/colt.jar:lib/statlab.jar:build/classes" />
    <property name="libs.hibernate-support.src" value="" />
    <property name="jna.boot.library.name" value="jnidispatch-340" />
    <property name="sun.awt.datatransfer.timeout" value="1000" />
    <property name="annotation.processing.enabled.in.editor" value="false" />
    <property name="sun.management.compiler" value="HotSpot 64-Bit Tiered Compilers" />
    <property name="javac.deprecation" value="false" />
    <property name="javadoc.use" value="true" />
    <property name="sun.java2d.noddraw" value="true" />
    <property name="javac.processorpath" value="lib/colt.jar:lib/statlab.jar" />
    <property name="javac.compilerargs" value="" />
    <property name="svnkit.http.methods" value="Basic" />
    <property name="ant.file" value="/Users/johannesschoeneberg/Desktop/PhD/projects/ReaDDy/gitHub/readdy/build.xml" />
    <property name="libs.beans-binding.maven-pom" value="" />
    <property name="jnlp.codebase.type" value="no.codebase" />
    <property name="libs.beans-binding.src" value="" />
    <property name="java.vm.specification.vendor" value="Oracle Corporation" />
    <property name="libs.swing-layout.src" value="/Applications/NetBeans/NetBeans 7.2.1.app/Contents/Resources/NetBeans/platform/docs/swing-layout-1.0.4-src.zip" />
    <property name="org.openide.major.version" value="IDE/1" />
    <property name="java.vm.name" value="Java HotSpot(TM) 64-Bit Server VM" />
    <property name="netbeans.user" value="/Users/johannesschoeneberg/Library/Application Support/NetBeans/7.2.1" />
    <property name="javadoc.additionalparam" value="" />
    <property name="jnlp.offline-allowed" value="false" />
    <property name="java.io.tmpdir" value="/var/folders/3g/_bpdg45s3zv2x4ktzdvpvsnw0000gn/T/" />
    <property name="java.vendor.url" value="http://java.oracle.com/" />
    <property name="endorsed.classpath.cmd.line.arg" value="" />
    <property name="junit.available" value="true" />
    <property name="org.openide.awt.ActionReference.completion" value="org.netbeans.modules.apisupport.project.layers.PathCompletions" />
    <property name="sun.boot.library.path" value="/Library/Java/JavaVirtualMachines/jdk1.7.0_51.jdk/Contents/Home/jre/lib" />
    <property name="have.sources" value="true" />
    <property name="debug.classpath" value="lib/colt.jar:lib/statlab.jar:build/classes" />
    <property name="javadoc.private" value="false" />
    <property name="test.src.dir" value="test" />
    <property name="libs.MyLibrary.javadoc" value="" />
    <property name="meta.inf.dir" value="src/META-INF" />
    <property name="javadoc.encoding.used" value="UTF-8" />
    <property name="dist.jar" value="dist/ReaDDy.jar" />
    <property name="netbeans.automatic.build" value="true" />
    <property name="java.runtime.name" value="Java(TM) SE Runtime Environment" />
    <property name="ant.project.name" value="ReaDDy" />
    <property name="netbeans.hash.code" value="unique=NB_JAVA056e4f842-5fe4-4f9b-9400-70920d741659_f13b8425-b6a4-4f8b-97bd-90bd6ef862dd" />
    <property name="netbeans.default_userdir_root" value="/Users/johannesschoeneberg/Library/Application Support/NetBeans" />
    <property name="manifest.available-mkdist.available" value="true" />
    <property name="sun.cpu.isalist" value="" />
    <property name="libs.CopyLibs.javadoc" value="" />
    <property name="org.openide.specification.version" value="6.2" />
    <property name="libs.hibernate-support.classpath" value="/Applications/NetBeans/NetBeans 7.2.1.app/Contents/Resources/NetBeans/java/modules/ext/hibernate/antlr-2.7.6.jar:/Applications/NetBeans/NetBeans 7.2.1.app/Contents/Resources/NetBeans/java/modules/ext/hibernate/asm.jar:/Applications/NetBeans/NetBeans 7.2.1.app/Contents/Resources/NetBeans/java/modules/ext/hibernate/asm-attrs.jar:/Applications/NetBeans/NetBeans 7.2.1.app/Contents/Resources/NetBeans/java/modules/ext/hibernate/cglib-2.1.3.jar:/Applications/NetBeans/NetBeans 7.2.1.app/Contents/Resources/NetBeans/java/modules/ext/hibernate/commons-collections-2.1.1.jar:/Applications/NetBeans/NetBeans 7.2.1.app/Contents/Resources/NetBeans/ide/modules/org-apache-commons-logging.jar:/Applications/NetBeans/NetBeans 7.2.1.app/Contents/Resources/NetBeans/java/modules/ext/hibernate/dom4j-1.6.1.jar:/Applications/NetBeans/NetBeans 7.2.1.app/Contents/Resources/NetBeans/java/modules/ext/hibernate/ehcache-1.2.3.jar:/Applications/NetBeans/NetBeans 7.2.1.app/Contents/Resources/NetBeans/java/modules/ext/hibernate/jdbc2_0-stdext.jar:/Applications/NetBeans/NetBeans 7.2.1.app/Contents/Resources/NetBeans/java/modules/ext/hibernate/jta.jar:/Applications/NetBeans/NetBeans 7.2.1.app/Contents/Resources/NetBeans/java/modules/ext/hibernate/hibernate3.jar:/Applications/NetBeans/NetBeans 7.2.1.app/Contents/Resources/NetBeans/java/modules/ext/hibernate/hibernate-tools.jar:/Applications/NetBeans/NetBeans 7.2.1.app/Contents/Resources/NetBeans/java/modules/ext/hibernate/hibernate-annotations.jar:/Applications/NetBeans/NetBeans 7.2.1.app/Contents/Resources/NetBeans/java/modules/ext/hibernate/hibernate-commons-annotations.jar:/Applications/NetBeans/NetBeans 7.2.1.app/Contents/Resources/NetBeans/java/modules/ext/hibernate/hibernate-entitymanager.jar:/Applications/NetBeans/NetBeans 7.2.1.app/Contents/Resources/NetBeans/java/modules/ext/hibernate/javassist.jar" />
    <property name="user.home" value="/Users/johannesschoeneberg" />
    <property name="annotation.processing.processors.list" value="" />
    <property name="debug-args-line" value="-Xdebug" />
    <property name="libs.JWSAntTasks.src" value="" />
    <property name="jar.index" value="false" />
    <property name="libs.CopyLibs.maven-pom" value="" />
    <property name="libs.spring-framework300.javadoc" value="" />
    <property name="libs.hibernate-persistence.maven-pom" value="" />
    <property name="libs.absolutelayout.javadoc" value="" />
    <property name="java.specification.name" value="Java Platform API Specification" />
    <property name="do.archive+main.class.available" value="true" />
    <property name="jnlp.mixed.code" value="default" />
    <property name="java.specification.vendor" value="Oracle Corporation" />
    <property name="libs.javac-api.classpath" value="/Applications/NetBeans/NetBeans 7.2.1.app/Contents/Resources/NetBeans/java/modules/ext/nb-javac-api.jar" />
    <property name="java.version" value="1.7.0_51" />
    <property name="run.jvmargs.ide" value="" />
    <property name="javadoc.version" value="false" />
    <property name="libs.MySQLDriver.javadoc" value="" />
    <property name="org.openide.version" value="deprecated" />
    <property name="ant.file.ReaDDy-impl" value="/Users/johannesschoeneberg/Desktop/PhD/projects/ReaDDy/gitHub/readdy/nbproject/build-impl.xml" />
    <property name="source.encoding" value="UTF-8" />
    <property name="ap.cmd.line.internal" value="" />
    <property name="libs.eclipselinkmodelgen.maven-pom" value="" />
    <property name="libs.junit.maven-pom" value="" />
    <property name="libs.eclipselinkmodelgen.javadoc" value="" />
    <property name="netbeans.home+have.tests" value="true" />
    <property name="annotation.processing.processor.options" value="" />
    <property name="libs.testng.maven-pom" value="" />
    <property name="libs.jaxb.src" value="" />
    <property name="work.dir" value="/Users/johannesschoeneberg/Desktop/PhD/projects/ReaDDy/gitHub/readdy" />
    <property name="libs.jaxb.classpath" value="/Applications/NetBeans/NetBeans 7.2.1.app/Contents/Resources/NetBeans/ide/modules/ext/jaxb/jaxb-impl.jar:/Applications/NetBeans/NetBeans 7.2.1.app/Contents/Resources/NetBeans/ide/modules/ext/jaxb/jaxb-xjc.jar:/Applications/NetBeans/NetBeans 7.2.1.app/Contents/Resources/NetBeans/ide/modules/ext/jaxb/jaxb1-impl.jar:/Applications/NetBeans/NetBeans 7.2.1.app/Contents/Resources/NetBeans/ide/modules/ext/jaxb/activation.jar:/Applications/NetBeans/NetBeans 7.2.1.app/Contents/Resources/NetBeans/ide/modules/ext/jaxb/api/jaxb-api.jar:/Applications/NetBeans/NetBeans 7.2.1.app/Contents/Resources/NetBeans/ide/modules/ext/jaxb/api/jsr173_1.0_api.jar" />
    <property name="do.depend" value="false" />
    <property name="com.sun.mysql.startargs" value="start" />
    <property name="dist.javadoc.dir" value="dist/javadoc" />
    <property name="libs.swing-layout.classpath" value="/Applications/NetBeans/NetBeans 7.2.1.app/Contents/Resources/NetBeans/platform/modules/ext/swing-layout-1.0.4.jar" />
    <property name="build.generated.dir" value="build/generated" />
    <property name="javac.source" value="1.5" />
    <property name="libs.hibernate-persistence.src" value="" />
    <property name="line.separator" value="&#xa;" />
    <property name="java.specification.version" value="1.7" />
    <property name="libs.jaxws21.maven-pom" value="" />
    <property name="java.vm.info" value="mixed mode" />
    <property name="nb.junit.batch" value="true" />
    <property name="junit.forkmode" value="perTest" />
    <property name="libs.spring-framework.maven-pom" value="" />
    <property name="sun.boot.class.path" value="/Library/Java/JavaVirtualMachines/jdk1.7.0_51.jdk/Contents/Home/jre/lib/resources.jar:/Library/Java/JavaVirtualMachines/jdk1.7.0_51.jdk/Contents/Home/jre/lib/rt.jar:/Library/Java/JavaVirtualMachines/jdk1.7.0_51.jdk/Contents/Home/jre/lib/sunrsasign.jar:/Library/Java/JavaVirtualMachines/jdk1.7.0_51.jdk/Contents/Home/jre/lib/jsse.jar:/Library/Java/JavaVirtualMachines/jdk1.7.0_51.jdk/Contents/Home/jre/lib/jce.jar:/Library/Java/JavaVirtualMachines/jdk1.7.0_51.jdk/Contents/Home/jre/lib/charsets.jar:/Library/Java/JavaVirtualMachines/jdk1.7.0_51.jdk/Contents/Home/jre/lib/jfr.jar:/Library/Java/JavaVirtualMachines/jdk1.7.0_51.jdk/Contents/Home/jre/classes" />
    <property name="javac.target" value="1.5" />
    <property name="built-jar.properties" value="/Users/johannesschoeneberg/Desktop/PhD/projects/ReaDDy/gitHub/readdy/build/built-jar.properties" />
    <property name="build.test.classes.dir" value="build/test/classes" />
    <property name="src.dir" value="src" />
    <property name="annotation.processing.enabled" value="true" />
    <property name="com.sun.mysql.startcommand" value="/usr/local/mysql/support-files/mysql-admin.server" />
    <property name="libs.jpa20-persistence.src" value="" />
    <property name="file.reference.statlab.jar" value="lib/statlab.jar" />
    <property name="ignore.failing.tests" value="true" />
    <property name="libs.Comet-GlassFish-v3.classpath" value="/Applications/NetBeans/glassfish-3.0.1/glassfish/modules/grizzly-comet.jar" />
    <property name="dist.dir" value="dist" />
    <property name="do.archive+manifest.available+main.class" value="true" />
    <property name="testng.debug.mode" value="" />
    <property name="javac.fork" value="false" />
    <property name="java.awt.printerjob" value="sun.lwawt.macosx.CPrinterJob" />
    <property name="default.javac.source" value="1.7" />
    <property name="com.sun.mysql.stopargs" value="stop" />
    <property name="debug-transport-by-os" value="dt_socket" />
    <property name="libs.MySQLDriver.src" value="" />
    <property name="sun.jnu.encoding" value="UTF-8" />
    <property name="java.runtime.version" value="1.7.0_51-b13" />
    <property name="build.test.results.dir" value="build/test/results" />
    <property name="libs.ejb3-persistence.javadoc" value="" />
    <property name="manifest.available+main.class+mkdist.available" value="true" />
    <property name="jna.platform.library.path" value="/usr/lib:/usr/lib" />
    <property name="default.javac.target" value="1.7" />
    <property name="libs.junit_4.classpath" value="/Applications/NetBeans/NetBeans 7.2.1.app/Contents/Resources/NetBeans/platform/modules/ext/junit-4.10.jar" />
    <property name="user.timezone" value="" />
    <property name="nb.junit.single" value="false" />
    <property name="do.jar" value="true" />
    <property name="netbeans.dirs" value="/Applications/NetBeans/NetBeans 7.2.1.app/Contents/Resources/NetBeans/nb:/Applications/NetBeans/NetBeans 7.2.1.app/Contents/Resources/NetBeans/ergonomics:/Applications/NetBeans/NetBeans 7.2.1.app/Contents/Resources/NetBeans/ide:/Applications/NetBeans/NetBeans 7.2.1.app/Contents/Resources/NetBeans/java:/Applications/NetBeans/NetBeans 7.2.1.app/Contents/Resources/NetBeans/apisupport:/Applications/NetBeans/NetBeans 7.2.1.app/Contents/Resources/NetBeans/webcommon:/Applications/NetBeans/NetBeans 7.2.1.app/Contents/Resources/NetBeans/websvccommon:/Applications/NetBeans/NetBeans 7.2.1.app/Contents/Resources/NetBeans/enterprise:/Applications/NetBeans/NetBeans 7.2.1.app/Contents/Resources/NetBeans/mobility:/Applications/NetBeans/NetBeans 7.2.1.app/Contents/Resources/NetBeans/profiler:/Applications/NetBeans/NetBeans 7.2.1.app/Contents/Resources/NetBeans/python:/Applications/NetBeans/NetBeans 7.2.1.app/Contents/Resources/NetBeans/php:/Applications/NetBeans/NetBeans 7.2.1.app/Contents/Resources/NetBeans/identity:/Applications/NetBeans/NetBeans 7.2.1.app/Contents/Resources/NetBeans/harness:/Applications/NetBeans/NetBeans 7.2.1.app/Contents/Resources/NetBeans/cnd:/Applications/NetBeans/NetBeans 7.2.1.app/Contents/Resources/NetBeans/dlight:/Applications/NetBeans/NetBeans 7.2.1.app/Contents/Resources/NetBeans/groovy:/Applications/NetBeans/NetBeans 7.2.1.app/Contents/Resources/NetBeans/extra:/Applications/NetBeans/NetBeans 7.2.1.app/Contents/Resources/NetBeans/javacard:/Applications/NetBeans/NetBeans 7.2.1.app/Contents/Resources/NetBeans/javafx:" />
    <property name="java.ext.dirs" value="/Users/johannesschoeneberg/Library/Java/Extensions:/Library/Java/JavaVirtualMachines/jdk1.7.0_51.jdk/Contents/Home/jre/lib/ext:/Library/Java/Extensions:/Network/Library/Java/Extensions:/System/Library/Java/Extensions:/usr/lib/java" />
    <property name="libs.MyLibrary.maven-pom" value="" />
    <property name="endorsed.classpath" value="" />
    <property name="libs.absolutelayout.classpath" value="/Applications/NetBeans/NetBeans 7.2.1.app/Contents/Resources/NetBeans/java/modules/ext/AbsoluteLayout.jar" />
    <property name="excludes" value="" />
    <property name="java.class.path" value="/Users/johannesschoeneberg/Desktop/PhD/projects/ReaDDy/gitHub/readdy/lib/colt.jar:/Users/johannesschoeneberg/Desktop/PhD/projects/ReaDDy/gitHub/readdy/lib/statlab.jar:/Users/johannesschoeneberg/Desktop/PhD/projects/ReaDDy/gitHub/readdy/build/classes:/Applications/NetBeans/NetBeans 7.2.1.app/Contents/Resources/NetBeans/platform/modules/ext/junit-4.10.jar:/Users/johannesschoeneberg/Desktop/PhD/projects/ReaDDy/gitHub/readdy/build/test/classes:/Applications/NetBeans/NetBeans 7.2.1.app/Contents/Resources/NetBeans/java/ant/lib/ant-launcher.jar:/Applications/NetBeans/NetBeans 7.2.1.app/Contents/Resources/NetBeans/java/ant/lib/ant.jar:/Applications/NetBeans/NetBeans 7.2.1.app/Contents/Resources/NetBeans/java/ant/lib/ant-junit.jar:/Applications/NetBeans/NetBeans 7.2.1.app/Contents/Resources/NetBeans/java/ant/lib/ant-junit4.jar" />
    <property name="apple.laf.useScreenMenuBar" value="true" />
    <property name="do.mkdist" value="true" />
    <property name="libs.absolutelayout.src" value="" />
    <property name="libs.jpa20-persistence.classpath" value="/Applications/NetBeans/NetBeans 7.2.1.app/Contents/Resources/NetBeans/java/modules/ext/eclipselink/javax.persistence-2.0.3.jar" />
    <property name="os.version" value="10.9.2" />
    <property name="application.args" value="" />
    <property name="libs.EclipseLink-GlassFish-v3.javadoc" value="/Applications/NetBeans/NetBeans 6.9.app/Contents/Resources/NetBeans/enterprise/docs/javaee6-doc-api.zip" />
    <property name="main.class.available" value="true" />
    <property name="sun.awt.enableExtraMouseButtons" value="true" />
    <property name="libs.Comet-GlassFish-v3.src" value="" />
    <property name="libs.JAXB-ENDORSED.classpath" value="/Applications/NetBeans/NetBeans 7.2.1.app/Contents/Resources/NetBeans/ide/modules/ext/jaxb/api/jaxb-api.jar" />
    <property name="libs.eclipselink.classpath" value="/Applications/NetBeans/NetBeans 7.2.1.app/Contents/Resources/NetBeans/java/modules/ext/eclipselink/eclipselink-2.3.2.jar:/Applications/NetBeans/NetBeans 7.2.1.app/Contents/Resources/NetBeans/java/modules/ext/eclipselink/javax.persistence-2.0.3.jar:/Applications/NetBeans/NetBeans 7.2.1.app/Contents/Resources/NetBeans/java/modules/ext/eclipselink/org.eclipse.persistence.jpa.jpql_1.0.1.jar" />
    <property name="libs.beans-binding.javadoc" value="/Applications/NetBeans/NetBeans 7.2.1.app/Contents/Resources/NetBeans/java/docs/beansbinding-1.2.1-doc.zip" />
    <property name="java.awt.graphicsenv" value="sun.awt.CGraphicsEnvironment" />
    <property name="java.vm.vendor" value="Oracle Corporation" />
    <property name="libs.CopyLibs.classpath" value="/Applications/NetBeans/NetBeans 7.2.1.app/Contents/Resources/NetBeans/java/ant/extra/org-netbeans-modules-java-j2seproject-copylibstask.jar" />
    <property name="libs.spring-framework300.classpath" value="/Applications/NetBeans/NetBeans 7.2.1.app/Contents/Resources/NetBeans/ide/modules/org-apache-commons-logging.jar:/Applications/NetBeans/NetBeans 7.2.1.app/Contents/Resources/NetBeans/java/modules/ext/cglib-2.2.jar:/Applications/NetBeans/NetBeans 7.2.1.app/Contents/Resources/NetBeans/java/modules/ext/spring-3.0/spring-aop-3.1.1.RELEASE.jar:/Applications/NetBeans/NetBeans 7.2.1.app/Contents/Resources/NetBeans/java/modules/ext/spring-3.0/spring-asm-3.1.1.RELEASE.jar:/Applications/NetBeans/NetBeans 7.2.1.app/Contents/Resources/NetBeans/java/modules/ext/spring-3.0/spring-aspects-3.1.1.RELEASE.jar:/Applications/NetBeans/NetBeans 7.2.1.app/Contents/Resources/NetBeans/java/modules/ext/spring-3.0/spring-beans-3.1.1.RELEASE.jar:/Applications/NetBeans/NetBeans 7.2.1.app/Contents/Resources/NetBeans/java/modules/ext/spring-3.0/spring-context-3.1.1.RELEASE.jar:/Applications/NetBeans/NetBeans 7.2.1.app/Contents/Resources/NetBeans/java/modules/ext/spring-3.0/spring-context-support-3.1.1.RELEASE.jar:/Applications/NetBeans/NetBeans 7.2.1.app/Contents/Resources/NetBeans/java/modules/ext/spring-3.0/spring-core-3.1.1.RELEASE.jar:/Applications/NetBeans/NetBeans 7.2.1.app/Contents/Resources/NetBeans/java/modules/ext/spring-3.0/spring-expression-3.1.1.RELEASE.jar:/Applications/NetBeans/NetBeans 7.2.1.app/Contents/Resources/NetBeans/java/modules/ext/spring-3.0/spring-instrument-3.1.1.RELEASE.jar:/Applications/NetBeans/NetBeans 7.2.1.app/Contents/Resources/NetBeans/java/modules/ext/spring-3.0/spring-instrument-tomcat-3.1.1.RELEASE.jar:/Applications/NetBeans/NetBeans 7.2.1.app/Contents/Resources/NetBeans/java/modules/ext/spring-3.0/spring-jdbc-3.1.1.RELEASE.jar:/Applications/NetBeans/NetBeans 7.2.1.app/Contents/Resources/NetBeans/java/modules/ext/spring-3.0/spring-jms-3.1.1.RELEASE.jar:/Applications/NetBeans/NetBeans 7.2.1.app/Contents/Resources/NetBeans/java/modules/ext/spring-3.0/spring-orm-3.1.1.RELEASE.jar:/Applications/NetBeans/NetBeans 7.2.1.app/Contents/Resources/NetBeans/java/modules/ext/spring-3.0/spring-oxm-3.1.1.RELEASE.jar:/Applications/NetBeans/NetBeans 7.2.1.app/Contents/Resources/NetBeans/java/modules/ext/spring-3.0/spring-test-3.1.1.RELEASE.jar:/Applications/NetBeans/NetBeans 7.2.1.app/Contents/Resources/NetBeans/java/modules/ext/spring-3.0/spring-tx-3.1.1.RELEASE.jar:/Applications/NetBeans/NetBeans 7.2.1.app/Contents/Resources/NetBeans/java/modules/ext/spring-3.0/spring-web-3.1.1.RELEASE.jar:/Applications/NetBeans/NetBeans 7.2.1.app/Contents/Resources/NetBeans/java/modules/ext/spring-3.0/spring-webmvc-portlet-3.1.1.RELEASE.jar:/Applications/NetBeans/NetBeans 7.2.1.app/Contents/Resources/NetBeans/java/modules/ext/spring-3.0/spring-webmvc-3.1.1.RELEASE.jar:/Applications/NetBeans/NetBeans 7.2.1.app/Contents/Resources/NetBeans/java/modules/ext/spring-3.0/spring-struts-3.1.1.RELEASE.jar" />
    <property name="run.jvmargs" value="" />
    <property name="libs.ejb3-persistence.classpath" value="/Applications/NetBeans/NetBeans 7.2.1.app/Contents/Resources/NetBeans/java/modules/ext/hibernate/ejb3-persistence.jar" />
    <property name="libs.JAXB-ENDORSED.src" value="" />
    <property name="libs.spring-framework.javadoc" value="" />
    <property name="libs.testng.javadoc" value="/Applications/NetBeans/NetBeans 7.2.1.app/Contents/Resources/NetBeans/platform/docs/testng-6.5.1-javadoc.zip" />
    <property name="libs.PostgreSQLDriver.classpath" value="/Applications/NetBeans/NetBeans 7.2.1.app/Contents/Resources/NetBeans/ide/modules/ext/postgresql-9.1-901.jdbc4.jar" />
    <property name="ant.file.type.ReaDDy" value="file" />
    <property name="jnlp.signing" value="" />
    <property name="libs.junit.src" value="" />
    <property name="annotation.processing.source.output" value="build/generated-sources/ap-source-output" />
    <property name="jnlp.signed" value="false" />
    <property name="main.class" value="readdy.Main" />
    <property name="libs.CopyLibs.src" value="" />
    <property name="build.dir" value="build" />
    <property name="ant.version" value="Apache Ant(TM) version 1.8.3 compiled on February 26 2012" />
    <property name="file.encoding" value="US-ASCII" />
    <property name="build.classes.excludes" value="**/*.java,**/*.form" />
    <property name="jdkBug6558476" value="false" />
    <property name="javadoc.nonavbar" value="false" />
    <property name="platform.active" value="default_platform" />
    <property name="awt.toolkit" value="sun.lwawt.macosx.LWCToolkit" />
  </properties>
  <testcase classname="readdy.impl.sim.core.bd.DiffusionEngineTest" name="testPropagateSingle" time="0.129" />
  <testcase classname="readdy.impl.sim.core.bd.DiffusionEngineTest" name="testPropagatePair" time="0.074" />
  <system-out><![CDATA[ParticleParametersTEST...:

parse globalParameters...
parsing param_global file: /Users/johannesschoeneberg/Desktop/PhD/projects/ReaDDy/gitHub/readdy/./test/testInputFiles/test_default/param_global.xml
... done.
parse ParamParticles
parsing param_particles file: /Users/johannesschoeneberg/Desktop/PhD/projects/ReaDDy/gitHub/readdy/./test/testInputFiles/test_default/param_particles.xml
... done.
parsing tplgy_potentials file: /Users/johannesschoeneberg/Desktop/PhD/projects/ReaDDy/gitHub/readdy/./test/testInputFiles/test_default/tplgy_potentials.xml
... done.
p1 new coords a 15.0, 5.0, 5.0
p1 new coords aa 15.064577430215065, 5.159075228940966, 3.141922249002998
p1 new coords aa 14.948551568290391, 5.074581844200371, 1.704741827691426
p1 new coords aa 14.95442935848981, 4.7313238901106365, 0.8622674291355729
p1 new coords aa 15.223441847252602, 4.739235144125753, 0.38202005487357016
p1 new coords aa 15.340063582399106, 4.776744739831433, 0.16798404074972104
p1 new coords aa 15.285263884600937, 4.861215464852745, -0.04768732123904587
p1 new coords aa 15.38718321361326, 4.816116279150774, 0.009063352682998238
p1 new coords aa 15.363827030864416, 4.843038419423974, -0.17189387066406603
p1 new coords aa 15.260547701834739, 4.826618062399682, -0.026748566385922434
p1 new coords aa 15.561817059312839, 4.629887423036974, 0.02222160042359792
p1 new coords aa 15.611742400728618, 4.80406478982022, 0.01679763258075493
p1 new coords aa 15.49090430716821, 4.762332289431628, -0.15543839757718134
p1 new coords aa 15.26726239439891, 4.638266925096331, 0.024734527206621754
p1 new coords aa 15.30989436661143, 4.626866432686696, 0.20590553621046853
p1 new coords aa 15.225589814226995, 4.743087727311948, 0.13120377865551602
p1 new coords aa 15.257151918599629, 4.499463860028742, 0.19640602215174477
p1 new coords aa 15.271559160246538, 4.202394262576313, 0.08988193833491988
p1 new coords aa 15.224843251212004, 4.251437769416042, 0.02050779670945116
p1 new coords aa 15.139783437088326, 4.008335937480369, 0.09605217425373347
p1 new coords aa 15.145537853552437, 3.9560387699066974, -0.17908799004232195
p1 new coords aa 14.97871641150148, 4.075234306666284, 0.024805211776987107
p1 new coords aa 14.704698208748544, 4.16378970962531, 0.08275470814284293
p1 new coords aa 14.606678424163736, 4.121141562895526, 0.2007622366065874
p1 new coords aa 14.889161944611281, 4.034427874588924, 0.2455671182360449
p1 new coords aa 15.043734847180076, 4.149601874942242, 0.06962827846909
p1 new coords aa 15.038130273427983, 4.261507379578942, -0.08511431530109553
p1 new coords aa 15.030212277018622, 4.725167527436261, -0.08713683708521422
p1 new coords aa 15.010524503889096, 4.682985829318201, 0.029714878645227816
p1 new coords aa 14.935743462501028, 4.746580986550555, -0.25083372831328693
p1 new coords aa 14.924110449663834, 4.716461270837425, -0.09674830472944362
p1 new coords aa 14.712902720587053, 4.631630804805864, -0.30732856390873686
p1 new coords aa 14.677154387009576, 4.667265570616709, -0.061255112760926544
p1 new coords aa 14.50227021607173, 4.781961639529335, 0.0997438904271215
p1 new coords aa 14.603092616592335, 4.718514618795662, 0.20966855347366725
p1 new coords aa 14.717556262360254, 4.6762271454969015, 0.11581971847488205
p1 new coords aa 14.477198478799265, 4.419489563746909, 0.07536984979845637
p1 new coords aa 14.488315921100149, 4.689649943404018, 0.015022251289646994
p1 new coords aa 14.473657986402596, 4.849487248500528, 0.05586377947979333
p1 new coords aa 14.409438132805537, 4.627798840087331, -0.10188868407955161
p1 new coords aa 14.266610236106361, 4.702786235757366, -0.1414044855274177
p1 new coords aa 14.298120082825395, 4.554172812398295, 0.21136898526076892
p1 new coords aa 14.052600592320607, 4.478324354548774, 0.4881489280887998
p1 new coords aa 13.902507497112811, 4.2222938837327355, 0.1665080103731899
p1 new coords aa 13.950262199413123, 4.023598044820368, -0.012978170663531019
p1 new coords aa 14.172581688415601, 3.8032437444812937, 0.041942722221239424
p1 new coords aa 14.31345837131211, 3.914705229440283, 0.05924743092631826
p1 new coords aa 14.340493709366463, 3.939776969890757, -0.012047594013746443
p1 new coords aa 14.126288375348077, 3.755268182365, 0.21441000254529963
p1 new coords aa 14.291848865288058, 3.7659785690685172, 0.20790964286617497
p1 new coords aa 14.202453830889027, 3.6705554004255383, 0.09456611203624012
p1 new coords aa 14.215850168807444, 3.694647386720851, 0.009625106186229762
p1 new coords aa 14.218409303559664, 3.46887965829037, 0.14368046564284248
p1 new coords aa 14.368642394033996, 3.4882392228605488, 0.05973997728065149
p1 new coords aa 14.46216435930676, 3.4472213864834655, -0.06599007113864046
p1 new coords aa 14.520738665827203, 3.534670054219585, -0.03236728806389651
p1 new coords aa 14.339003139177251, 3.5335861045945296, 0.20722987581095698
p1 new coords aa 14.187229271349077, 3.6750386636616645, 0.15869534651935097
p1 new coords aa 14.26072541201153, 3.8585105759769953, 0.1619867695716391
p1 new coords aa 14.456082072561648, 3.9393548472540982, 0.04504174584329798
p1 new coords aa 14.203249982134313, 3.983761011208308, 0.04947108947293514
p1 new coords aa 14.21434170818452, 4.044789967965091, 0.02708746032598454
p1 new coords aa 14.115988495682208, 4.362173565029874, 0.1669431019866141
p1 new coords aa 14.037138650410322, 4.138571607956984, 0.07152055091718258
p1 new coords aa 13.924520246425159, 3.937308105195799, 0.2327305399984314
p1 new coords aa 13.989906153437513, 3.7340933213338316, 0.24953491659972477
p1 new coords aa 13.89750992256445, 3.6859927307219897, 0.17339827599143692
p1 new coords aa 13.984345929742714, 3.64348098979432, -0.07495341755240859
p1 new coords aa 13.915042857183316, 3.757215255132241, -0.21470287565955606
p1 new coords aa 13.803350989697298, 3.9000648475438755, 0.06427497477910424
p1 new coords aa 13.826786918205965, 4.015579225945019, 0.16773163486914566
p1 new coords aa 14.005036531153888, 3.757056582352062, 0.09703643453927814
p1 new coords aa 13.992649755996803, 4.048032749524519, 0.007480372287094056
p1 new coords aa 13.889042822698174, 3.9204635877694423, 0.31271910359443156
p1 new coords aa 13.75448377269079, 3.9487403073342016, 0.3661598705113527
p1 new coords aa 13.804876376309455, 3.9658015718976336, 0.21693463347232728
p1 new coords aa 13.9861852871189, 3.9402936601944556, 0.08105754231684428
p1 new coords aa 13.698977385895255, 4.056325534667697, 0.15368303265684088
p1 new coords aa 13.508666103400513, 4.081982164493886, -0.008824330999842728
p1 new coords aa 13.652678054923461, 4.109800387681842, 0.06819761927799545
p1 new coords aa 13.518284424558695, 4.167695704387148, 0.083171232794297
p1 new coords aa 13.288762881446553, 4.141253967944948, 0.17496624673273475
p1 new coords aa 13.446219374232433, 3.9536963633972535, -0.013310571786319725
p1 new coords aa 13.236502876925588, 4.175441671117297, -0.04016231513543924
p1 new coords aa 13.308575407621056, 4.196820239949169, 0.04055969588692666
p1 new coords aa 13.113625808733735, 4.098922497897961, -0.09108095750833592
p1 new coords aa 13.075580291331535, 4.212112270710156, 0.004709158046380002
p1 new coords aa 13.055875709358315, 4.209627314473004, -0.19861336109409145
p1 new coords aa 13.127409286781434, 4.400961152367595, 0.007513539435252625
p1 new coords aa 13.080030238431766, 4.299303626345872, -0.06298407450247075
p1 new coords aa 12.773229940001876, 4.414328044542613, -0.05358514425196316
p1 new coords aa 12.815638809171071, 4.526030869773931, -0.005642412334493113
p1 new coords aa 13.00151315622361, 4.496559620870463, 0.3658847568438124
p1 new coords aa 13.069486528366308, 4.456739221196302, 0.2598424866352252
p1 new coords aa 13.082695083001552, 4.638870955919069, 0.1137102972868341
p1 new coords aa 13.053819336078535, 4.429010585723214, 0.0030239843572067993
p1 new coords aa 12.983337870609992, 4.50363563416916, 0.2627300996506188
p1 new coords aa 13.065211739894828, 4.370246942035523, 0.05879483164750096
p1 new coords aa 13.04318086080171, 4.474310716943008, 0.06047368689408675
p1 new coords aa 13.108865229441733, 4.818924259933621, 0.04217422906457101
p1 new coords aa 13.170805258749406, 4.818003767113169, -0.04430953620199067
p1 new coords aa 13.106265152360644, 4.873955375622724, 0.016300144621997657
p1 new coords aa 13.172695568483642, 5.020205980571023, -0.001347492454427085
p1 new coords aa 13.434265985885132, 4.960377020782838, -0.1377063363390148
p1 new coords aa 13.373392783070836, 5.35148781512932, -0.07279977287650463
p1 new coords aa 13.489037871307413, 5.288192521370436, -0.02403594414110393
p1 new coords aa 13.328173076052035, 5.267578235499412, 0.08931324738264637
p1 new coords aa 13.312096103213586, 5.373231745245295, 0.12085105933156222
p1 new coords aa 13.269946226368992, 5.414401597627894, 0.14594666935145184
p1 new coords aa 13.357053183156406, 5.242417565083551, -0.10517021857811137
p1 new coords aa 13.460383011607208, 5.122929448102908, 0.1019807774609933
p1 new coords aa 13.355064407858897, 5.25288008908117, 0.12292135287484005
p1 new coords aa 13.466723847952139, 5.257972353087325, 0.42117888939724624
p1 new coords aa 13.506073515545223, 5.153329444259237, 0.02641750220882977
p1 new coords aa 13.304795358313196, 5.132417505176945, -0.20555199829650667
p1 new coords aa 13.197104228361002, 5.191364048433466, 0.029406691089251702
p1 new coords aa 13.279268987791037, 4.988240424395634, 0.029728808111254154
p1 new coords aa 13.482228381288152, 5.008868819781732, 0.03148976575054779
p1 new coords aa 13.45828461952377, 5.083837016400682, -0.1095831148415358
p1 new coords aa 13.581803168101816, 4.847768381731043, -0.23034832581949208
p1 new coords aa 13.537738418889427, 5.1048077427274015, -0.26301165554492556
p1 new coords aa 13.413191980979857, 5.043477255854891, -0.3608755681295294
p1 new coords aa 13.302547115011103, 5.28670012557355, -0.08326576846801143
p1 new coords aa 13.204986120061628, 5.487577422488568, -0.166088417072149
p1 new coords aa 13.239857645556576, 5.595756609895544, -0.06441007893582418
p1 new coords aa 13.329873106685563, 5.820400534447109, -0.30572014026402755
p1 new coords aa 13.513305018599201, 5.89181079100696, -0.36289336470118927
p1 new coords aa 13.487536119126572, 5.899953524787738, -0.47137722765142076
p1 new coords aa 13.47779882070748, 5.914312426879775, -0.4196200525052634
p1 new coords aa 13.292727752463671, 6.161379901099277, -0.1614169701582543
p1 new coords aa 13.048340560008354, 5.802808588726388, -0.05194311605109836
p1 new coords aa 13.024069979123434, 5.95925526986238, 0.10424377235933852
p1 new coords aa 12.838189021236316, 5.932537545645107, 0.011669853304710265
p1 new coords aa 12.696506518062405, 6.146970305442229, -0.0022235054028681978
p1 new coords aa 12.854863522948223, 6.139481080460384, -0.22120068005704457
p1 new coords aa 13.00125657974531, 6.450457809541184, -0.30198933253139537
p1 new coords aa 12.911399594907174, 6.573742831401501, -0.06895658746748401
p1 new coords aa 12.87020022691239, 6.488318389419981, 0.1920272738421827
p1 new coords aa 12.662750873838677, 6.6911150277031535, -0.03726150564403208
p1 new coords aa 12.477744177633168, 6.4753246397542545, 0.057014903358046196
p1 new coords aa 12.692508316329448, 6.491139584673133, 0.18444295904522456
p1 new coords aa 12.821240175695, 6.543471378422104, 0.23104187138213356
p1 new coords aa 12.873740425880285, 6.783321048903658, 0.17804087660743573
p1 new coords aa 12.94758130497947, 6.9256232345609705, -0.14297970547354855
p1 new coords aa 12.966217291462732, 7.205128965972588, -0.01342375407825741
p1 new coords aa 13.134219435665287, 7.217682675096826, 0.33495460636156404
p1 new coords aa 13.282771889646606, 7.065220064109564, 0.3954143754914666
p1 new coords aa 13.211408477250668, 7.105980985157754, 0.3670299508959298
p1 new coords aa 13.18889071840677, 7.356280459344845, 0.07240385141753997
p1 new coords aa 13.117860531972507, 7.4657135122501606, 0.05215145303310796
p1 new coords aa 12.995332887027196, 7.434791035280595, 0.016419642265145036
p1 new coords aa 12.89563774056347, 7.483327881834924, 0.08725973123403213
p1 new coords aa 12.957960279448566, 7.81747000162384, 0.13377869465426437
p1 new coords aa 13.033020555276662, 8.00721534250471, 0.2957042179142888
p1 new coords aa 13.354116156406862, 7.689037321226381, 0.1458306542154131
p1 new coords aa 13.09028503596468, 7.818520589195996, 0.0017388332014033336
p1 new coords aa 12.969680636313317, 8.055260770711449, -0.04931016744015711
p1 new coords aa 12.854820934045065, 7.982426653623395, 0.04132082526486468
p1 new coords aa 12.851693167234329, 7.909019628044811, 0.08358892164834324
p1 new coords aa 12.568059653262692, 7.996511487570731, 0.21029567069962674
p1 new coords aa 12.687189618484016, 7.9399875737461105, 0.19812317345951286
p1 new coords aa 12.579944257296145, 7.917976684139642, -0.24232798121660887
p1 new coords aa 12.707797163272197, 7.968301409073123, 0.011250449678224028
p1 new coords aa 12.74783484469275, 7.9973949093666565, -0.17732225333273988
p1 new coords aa 12.9051257050312, 7.74859066222347, -0.12925438210147144
p1 new coords aa 13.202110184895028, 7.714217726614536, -0.09968592608697932
p1 new coords aa 13.357012171852668, 7.691632389763643, -0.12046384403986858
p1 new coords aa 13.300221869942716, 7.938416190689771, -0.15596515063866906
p1 new coords aa 13.3287787899105, 8.029669270757779, -0.23018140902719886
p1 new coords aa 13.10717553171715, 7.922286954171046, -0.2080514636320514
p1 new coords aa 13.413039429090063, 7.858933410972011, -0.11370434341773403
p1 new coords aa 13.192036311041923, 7.717506965223557, -0.10857874429996509
p1 new coords aa 13.114385451617869, 7.819352003141117, 0.03481493008972594
p1 new coords aa 13.00259112947049, 7.934931385778114, 0.00873737305016713
p1 new coords aa 12.99905826420942, 7.901469245608121, 0.1956044766527203
p1 new coords aa 12.882289472256927, 7.811392206913371, 0.3470124334452178
p1 new coords aa 12.950090680800773, 7.710658899903899, 0.21086627490254403
p1 new coords aa 12.90498071530503, 7.7351231746792575, 0.051302491356003094
p1 new coords aa 13.124818387639582, 7.850784451074502, -0.12666924453157397
p1 new coords aa 13.294098015996624, 8.177530195048073, -0.13113642162897646
p1 new coords aa 13.638340145994913, 8.334744630549746, -0.29066380179920137
p1 new coords aa 13.406458996330825, 8.384553524711956, -0.28969896677994356
p1 new coords aa 13.503073796188524, 8.094249233655047, -0.10011929277453341
p1 new coords aa 13.636847329839393, 7.8835944908322695, 0.041158154303147065
p1 new coords aa 13.621846393436673, 7.979384603735739, 0.11150022734829282
p1 new coords aa 13.449573899611385, 8.047015092991591, 0.07542004392000798
p1 new coords aa 13.474553189528434, 8.280061146709627, 0.02159133572758945
p1 new coords aa 13.271558072078365, 8.369940641304781, -0.020056278544747952
p1 new coords aa 13.310361768630584, 8.461706228647628, -0.17059433458555387
p1 new coords aa 13.148119444818713, 8.304134752344588, -0.02216891322825018
p1 new coords aa 13.057344203814921, 8.21234015532405, -0.2155495919321067
p1 new coords aa 13.161490615763544, 8.35050256196616, -0.38876191052521486
p1 new coords aa 13.11418360712749, 8.242578312564866, -0.3038527379588015
p1 new coords aa 13.223100970514357, 8.352138214530521, -0.2183378946660634
p1 new coords aa 13.245638569265987, 8.566283883288726, 0.0773071609726051
p1 new coords aa 13.101698700439531, 8.730471889416831, -0.012145304293804907
p1 new coords aa 12.80424064442207, 8.738991748904821, 0.054038387835842736
p1 new coords aa 12.954125761141851, 8.895679271165642, -0.19584631000491615
p1 new coords aa 12.705332311265787, 8.849878455660185, -0.03916091879421929
p1 new coords aa 12.935751314077475, 8.743017398903618, 0.01893114196905074
p1 new coords aa 12.801430219261434, 8.90935610836157, -0.15667542374279442
p1 new coords aa 12.765661311423807, 8.737920274283681, -0.061270176851751484
p1 new coords aa 12.757531196936677, 8.756922406660257, -0.03344358135475089
p1 new coords aa 12.801929372857629, 8.378018904906726, -0.003440274762730136
p1 new coords aa 12.959003956246988, 8.589266719812553, -0.07500551610201363
p1 new coords aa 13.031642790697212, 8.541353844514521, 0.015789023036642355
p1 new coords aa 13.287089543384912, 8.695241741734627, 0.0715937434596251
p1 new coords aa 13.106552433390146, 8.722612666710155, 0.3979518627973024
p1 new coords aa 13.362393021900093, 8.776933800877583, 0.23523746321765412
p1 new coords aa 13.496529170986435, 8.67720072068127, 0.4814967619775121
p1 new coords aa 13.4015106889413, 8.553772657491653, 0.31006288331689463
p1 new coords aa 13.406212784828478, 8.624094076224361, 0.009580682530634266
p1 new coords aa 13.210288019984258, 8.609386137321264, -0.3041199717527592
p1 new coords aa 13.263942903029433, 8.480965155646755, -0.21227573567133098
p1 new coords aa 13.274919074907114, 8.405664611824825, -0.23452375413205168
p1 new coords aa 13.296023591629341, 8.377906227560892, -0.24991895331406333
p1 new coords aa 13.255538185299743, 8.340354480475709, -0.1857309348865333
p1 new coords aa 13.2105479362403, 8.436292604146294, -0.22320933026899836
p1 new coords aa 13.431954998074815, 8.394603327256204, -0.030064755626646456
p1 new coords aa 13.459547328728515, 8.116814615976372, 0.04038167390225576
p1 new coords aa 13.233301430888831, 8.247472517874186, 0.27705235270469963
p1 new coords aa 13.639314394878157, 8.313060334651933, 0.05591090778721752
p1 new coords aa 13.383644442803812, 8.083264301942283, -0.18023132190678456
p1 new coords aa 13.331289389308628, 8.095267385908395, 0.11349152256473752
p1 new coords aa 13.314700983905468, 8.104487056230644, 0.09685598936886337
p1 new coords aa 13.269808770322816, 8.075213538111633, 0.2693504523054112
p1 new coords aa 13.330586587478056, 8.115433575970014, 0.1039982663354351
p1 new coords aa 13.423305004087931, 8.185670490542044, 0.1534176441947755
p1 new coords aa 13.505074596142796, 8.276944189041306, 0.15039155676447064
p1 new coords aa 13.544608378484648, 8.330320312121055, 0.043646163610616365
p1 new coords aa 13.308665230253263, 8.499573894673645, 0.20721223453730153
p1 new coords aa 13.447188452939146, 8.671680148613756, 0.03388827679535142
p1 new coords aa 13.519000708224306, 8.575824658514035, 0.06962681072819969
p1 new coords aa 13.344114927346924, 8.394085468458536, 0.06809507825577846
p1 new coords aa 13.581965109023754, 8.392645557269212, -0.02837327195002194
p1 new coords aa 13.525395959743815, 8.429814468804091, -0.07640690233695659
p1 new coords aa 13.417217512692414, 8.751873273241824, -0.09191587412655643
p1 new coords aa 13.255593337443395, 8.759571841547292, -0.0027535735036165188
p1 new coords aa 13.4163121025298, 8.743290282338574, 0.0024145167139618257
p1 new coords aa 13.45493426333871, 8.793834250531921, 0.008902533700443614
p1 new coords aa 13.30939803810373, 8.80491822795039, 0.16381877090324728
p1 new coords aa 13.273840046415971, 8.819174495217371, 0.06253102065493729
p1 new coords aa 13.330805192029063, 8.606085168008496, -0.031567154023637314
p1 new coords aa 13.393319556013704, 8.733894702419061, -0.018736968402849555
p1 new coords aa 13.374732092864429, 9.002846760661665, 0.15641858267179778
p1 new coords aa 13.171423880925081, 9.024282335364529, 0.07673223873646806
p1 new coords aa 13.27751660296158, 8.866348429522482, 0.026080654847263178
p1 new coords aa 13.411895004279716, 9.147770932113339, 0.0751257954108395
p1 new coords aa 13.467984899862472, 9.128038378636559, -0.1576049849465976
p1 new coords aa 13.383597549996077, 9.055265648802179, -0.17698241561132677
p1 new coords aa 13.485614615046275, 9.092137672633003, -0.041222815546199776
p1 new coords aa 13.3733329065909, 8.891941646532937, -0.09239654305246096
p1 new coords aa 13.549189906640887, 8.939189607005115, -0.020034425210811765
p1 new coords aa 13.668007825744922, 8.976912678957918, -0.21488948621086512
p1 new coords aa 13.607804212138491, 9.015158801840979, -0.09684474072353735
p1 new coords aa 13.601384367427993, 8.926504912866184, 0.11546356978466829
p1 new coords aa 13.701707102298428, 8.74766382375617, -0.08039942852744719
p1 new coords aa 13.305134374774553, 8.859054684070488, 0.13737506632969718
p1 new coords aa 13.393052796656882, 8.967396710464223, 0.05150437389813725
p1 new coords aa 13.295122486505377, 8.908772288473239, -0.14399468773810312
p1 new coords aa 13.56239849896727, 8.842546278492268, -0.1593461958082353
p1 new coords aa 13.69692240521669, 8.717293433219275, -0.06271686620945138
p1 new coords aa 13.813386328950136, 8.88088531561283, -0.11798502488592422
p1 new coords aa 13.783991566076514, 8.625703436045894, -0.06402072259558905
p1 new coords aa 13.581176258495514, 8.693429239180922, -0.06699126924822878
p1 new coords aa 13.679789046585357, 8.629624037568234, -0.06722870711819606
p1 new coords aa 13.708553517181064, 8.501941679225057, 0.10744111711406379
p1 new coords aa 13.752145940339757, 8.506489757999567, 0.0072409978911719824
p1 new coords aa 13.632775355652509, 8.476946811502309, -0.007752692389625275
p1 new coords aa 13.834271450762875, 8.417516802472766, 0.026402992487097585
p1 new coords aa 13.940497752287923, 8.530454619438045, -0.12198089345299583
p1 new coords aa 13.941457867543892, 8.475772037307227, -0.03588095735024456
p1 new coords aa 13.94711151838074, 8.56648733925955, -0.11600006336699324
p1 new coords aa 13.831111549302548, 8.620560053512657, 0.014727678825502674
p1 new coords aa 13.839998075372904, 8.511326549096434, 0.3370182900709477
p1 new coords aa 13.86189854108558, 8.673763765196858, 0.22683415566122936
p1 new coords aa 13.594055761746226, 8.513793850844092, 0.03364655642649425
p1 new coords aa 13.516749462305686, 8.428977117230488, 0.10003187824429347
p1 new coords aa 13.470788684346317, 8.562712911984226, 0.03349767549306144
p1 new coords aa 13.643808429210077, 8.601177199090861, -0.08923291244118615
p1 new coords aa 13.600966003717712, 8.823269895602749, -0.021311971280391542
p1 new coords aa 13.887982958762459, 8.77321117801391, 0.060518265725151024
p1 new coords aa 13.544283156560624, 8.96208410851307, -0.08472749274635348
p1 new coords aa 13.612543351543083, 8.82250579637761, 0.029334315513916923
p1 new coords aa 13.537280429849591, 8.952597389370924, 0.016934392355557097
p1 new coords aa 13.699775191241946, 8.958979573358798, 0.19498514037159695
p1 new coords aa 13.68584269224322, 9.0829181422868, -0.00487076235651504
p1 new coords aa 13.811171220525395, 9.096528231167337, 0.07470955916181657
p1 new coords aa 13.84931715861152, 9.228535749853457, 0.3053477757934864
p1 new coords aa 13.869129605849126, 9.270355903962782, 0.15000927187929453
p1 new coords aa 13.869530157021634, 9.407427375803156, 0.23895155799135617
p1 new coords aa 13.662625935044009, 9.405249249504326, 0.03370893246717818
p1 new coords aa 13.591423593663043, 9.487178712475325, -0.029720852305295267
p1 new coords aa 13.615560914300977, 9.578158542437963, -0.02240512330194634
p1 new coords aa 13.59259281711253, 9.55634935492606, 1.5728325106978067E-4
p1 new coords aa 13.635253370705962, 9.59207243057283, -0.1713943904232329
p1 new coords aa 13.912714322674809, 9.539142235949956, -0.19103876693369873
p1 new coords aa 13.792890345075945, 9.548345716754897, 0.04270025186850973
p1 new coords aa 13.858521467741514, 9.788039358418507, 0.19592480310701177
p1 new coords aa 13.739282703384232, 9.476014060373611, 0.31624938378802453
p1 new coords aa 13.811241344358775, 9.472171720353826, 0.15973294484707426
p1 new coords aa 13.916747150088412, 9.548192110464296, 0.05556233536582132
p1 new coords aa 13.93614630433752, 9.716479945526311, 0.1911544195051018
p1 new coords aa 13.957471497134078, 9.569681841769798, -0.115804468690974
p1 new coords aa 13.808543752103756, 9.531511577002854, -0.029687846254562902
p1 new coords aa 13.883958425772352, 9.813928381760674, -0.06689177316442277
p1 new coords aa 13.968996075052798, 9.840971096564882, 0.20378036599249946
p1 new coords aa 13.715367302120526, 9.894902162847117, 0.09978027058245874
p1 new coords aa 13.890627676137191, 10.011530399892147, -0.04315522972360304
p1 new coords aa 13.83683373246285, 10.147442746510647, 0.10296341326890689
p1 new coords aa 13.790993393515128, 10.199672145886653, 0.012364144929002466
p1 new coords aa 13.827613678457697, 10.142353255798199, 0.09773593542068414
p1 new coords aa 13.695895567959607, 10.03313868734785, 6.874274679901649E-4
p1 new coords aa 13.581308526175343, 10.102255536620902, 0.03272228225985981
p1 new coords aa 13.434721307103237, 10.302199503057253, 0.10484859194649043
p1 new coords aa 13.488203083670362, 10.124721163210388, 0.0546074794206649
p1 new coords aa 13.605870613618551, 9.791225378487777, -0.031481437538316316
p1 new coords aa 13.547073895686031, 9.63407550879261, 0.12565344906445305
p1 new coords aa 13.566019612500616, 9.727517375229226, 0.07036981641847034
p1 new coords aa 13.592638384437777, 9.45994825658416, -0.05789471934729487
p1 new coords aa 13.530810660110113, 9.410713967797925, -0.08259447093205502
p1 new coords aa 13.41736560060791, 9.48960614474793, 0.01894643921027009
p1 new coords aa 13.217252636874226, 9.44592777253535, 0.06016532035168794
p1 new coords aa 13.128569898665171, 9.296669555148087, 0.059191819824141394
p1 new coords aa 13.057945988263468, 9.18271559286307, -0.0885859370334044
p1 new coords aa 12.897774736423202, 9.26021728611015, -0.03154761414060211
p1 new coords aa 12.946841175175864, 9.401682728730272, -0.20012850206837077
p1 new coords aa 12.872511285419321, 9.512880592806885, -0.1098046235097278
p1 new coords aa 12.834282941969771, 9.587970581481695, 0.1580820033308024
p1 new coords aa 12.956287005985015, 9.555355397650171, 0.12383657357912538
p1 new coords aa 12.905843526723435, 9.632423408309629, -0.027424290307214425
p1 new coords aa 13.04336065192415, 9.666716817567709, -0.15803285710922427
p1 new coords aa 13.182135512611213, 9.57431080754794, 0.11480375729398912
p1 new coords aa 13.098214335191141, 9.684507933865456, 0.18245137051072688
p1 new coords aa 13.17222481727348, 9.683575240721082, 0.05113411386202815
p1 new coords aa 13.102857951231218, 9.553901797510767, 0.045640774754467
p1 new coords aa 12.83461765037617, 9.480150387275577, 0.21791724848505822
p1 new coords aa 12.875834182137773, 9.162392440492958, 0.34989215038323906
p1 new coords aa 12.876594243893601, 9.084052663164355, 0.20059053593689094
p1 new coords aa 12.950515194671716, 9.141342483945031, 0.3304949892975556
p1 new coords aa 13.054663832522623, 9.395502175002584, 0.16591621612038804
p1 new coords aa 13.104893497836475, 9.534287803332003, 0.16436979407433805
p1 new coords aa 13.19221044022162, 9.8165163436801, 0.15898048291783995
p1 new coords aa 13.295951422317524, 9.945890740204685, -0.14887485512689946
p1 new coords aa 13.501257746510284, 10.131798885257412, -0.3174442635002759
p1 new coords aa 13.62232507250416, 9.893099679636444, -0.32236457358567827
p1 new coords aa 13.49687986934866, 9.908399948371693, -0.24316505641735853
p1 new coords aa 13.381487611756729, 10.15209179904123, -0.11952058449635242
p1 new coords aa 13.430182915693138, 10.057638046429444, -0.14624655428697414
p1 new coords aa 13.278544973948915, 9.87922898194799, -0.15927147725948
p1 new coords aa 13.270204839879092, 9.94151784627707, 0.010497787076933829
p1 new coords aa 12.576096592489021, 9.89158652559887, 0.1504731957996677
p1 new coords aa 12.496904056343395, 9.931342033508248, 0.18090765661296337
p1 new coords aa 12.398268231590087, 9.815823091829174, 0.12359256735370977
p1 new coords aa 12.584628044434655, 9.749002664210202, 0.21531258826812655
p1 new coords aa 12.694772139672304, 9.665045059518595, 0.1317154138821694
p1 new coords aa 12.754927131226122, 9.66236163468977, 0.056422589966485706
p1 new coords aa 12.84770670167228, 9.636581173168336, -0.29202996420792937
p1 new coords aa 13.143321081820275, 9.482401165760004, -0.19674567639371765
p1 new coords aa 12.93955793027377, 9.51198547407907, -0.04321365881885997
p1 new coords aa 13.086832763930357, 9.627583321637982, -0.1317057513655597
p1 new coords aa 13.137635114256417, 9.488425585612553, -0.2082330261320317
p1 new coords aa 13.210143511223436, 9.8946586575794, 0.2480063621068554
p1 new coords aa 13.148382064083012, 9.925380098609669, 0.2270392569837312
p1 new coords aa 13.140599284005289, 10.182656235954628, 0.1480367757087841
p1 new coords aa 13.297718973929411, 10.162170336072448, 0.09395409971810176
p1 new coords aa 13.228970194670422, 10.087690666721244, 0.10922567843723918
p1 new coords aa 13.190855053036765, 9.995636079469083, 0.05068347199608167
p1 new coords aa 13.064494129365405, 9.836273278581238, -0.09093882426786773
p1 new coords aa 12.963251729502998, 9.648868414327705, -0.05420557188894922
p1 new coords aa 12.76306139531763, 9.820572402993928, 0.007794470914835372
p1 new coords aa 13.076139774705002, 9.927405017061803, -0.04070703610139195
p1 new coords aa 13.082746388902141, 9.720466847613958, -0.14690661859558596
p1 new coords aa 13.064819551131611, 9.945379597378565, -0.3518562502857073
p1 new coords aa 12.918960754404957, 9.745767194381761, -0.25952980712194873
p1 new coords aa 12.823164032170297, 9.69464561429967, 0.03623342498578508
p1 new coords aa 12.70892354614509, 9.698111099685898, 0.26523812451730955
p1 new coords aa 12.649767303465648, 9.870725245710046, 0.2393396261477295
p1 new coords aa 12.47604635453608, 9.81090333233732, 0.27763422309879776
p1 new coords aa 12.421540204930343, 9.814661795015132, 0.07368309757321417
p1 new coords aa 12.283635498764522, 9.921310270693464, -0.05794454071579308
p1 new coords aa 12.269336405285861, 9.97068076755329, 0.15733359779008066
p1 new coords aa 12.486666386150434, 9.920573141067806, -0.14622618018017147
p1 new coords aa 12.271337592810111, 10.039410768520971, -0.30778582119775366
p1 new coords aa 12.351364677740895, 9.996068101068701, -0.14739258283513468
p1 new coords aa 12.211962254874011, 10.032618708441754, 0.04068410767603245
p1 new coords aa 12.155615553117546, 10.120316463751248, 0.0701916443611633
p1 new coords aa 11.994912659936853, 9.88206801319092, -0.05956564552936665
p1 new coords aa 12.063715765274141, 9.911674290039374, -0.09283342533106609
p1 new coords aa 12.326272370481947, 9.918413625064538, -0.13075025011683444
p1 new coords aa 12.190916300511212, 9.806580393574954, -0.043380413273732404
p1 new coords aa 12.258970181049156, 9.740376131231447, 0.04358555516217394
p1 new coords aa 11.98625033819643, 9.639351440377323, -0.13148823515450866
p1 new coords aa 11.938626666992763, 9.538591783282332, 0.06950969232332957
p1 new coords aa 11.80522469503565, 9.552568312445143, -0.05877100800711202
p1 new coords aa 12.102553171289708, 9.371414281683906, -0.09902038616989398
p1 new coords aa 12.15594994962494, 9.428190738843147, 0.08421520220613918
p1 new coords aa 12.1794799761925, 9.424713115554136, -0.42405057602739815
p1 new coords aa 12.156716321742504, 9.527074243934353, -0.18720519414828676
p1 new coords aa 12.11132808266562, 9.802698247835782, -0.004486489819951894
p1 new coords aa 12.222808125425294, 9.673152235448919, 0.011819487042571498
p1 new coords aa 12.339041991143068, 9.693702569207996, 0.07141817440133152
p1 new coords aa 12.630138705026788, 9.784570053718069, -0.01973156000218179
p1 new coords aa 12.659862760294128, 9.476649985752164, 0.06176790128263637
p1 new coords aa 12.876447653043863, 9.44497110230006, 0.10756787981438297
p1 new coords aa 12.637998919922978, 9.607706393037299, 0.08167034628132216
p1 new coords aa 12.463939230696036, 9.32347946040374, -0.11159847395173156
p1 new coords aa 12.378117725803039, 9.469897286342698, -0.14636654395780685
p1 new coords aa 12.253960417609681, 9.448548732482475, -0.2993672616881412
p1 new coords aa 12.172531897904355, 9.508637306159509, -0.375677178447464
p1 new coords aa 12.11832374108233, 9.680730622414556, -0.2128608999442277
p1 new coords aa 12.233685688159783, 9.880346635461676, -0.09701428926058914
p1 new coords aa 12.119455158562133, 9.746815538430626, -0.1490450224127987
p1 new coords aa 11.851716545086434, 9.683722614713608, -0.28417405076442515
p1 new coords aa 11.910057088568083, 9.470539128695457, -0.11608477272069143
p1 new coords aa 11.844021940545572, 9.39692776402035, 0.053994446186592715
p1 new coords aa 11.80561158605386, 9.515718013645897, -0.27847035449119256
p1 new coords aa 11.609514943567666, 9.614393268114071, 0.050874954902481895
p1 new coords aa 11.665385490713438, 9.561236594327369, -0.0025059815064257668
p1 new coords aa 11.582384329873895, 9.804588584305698, -0.1366677007434457
p1 new coords aa 11.714434886623877, 9.836068877071012, -0.12253173815460003
p1 new coords aa 11.556122353691771, 9.443520433757255, -0.10788995625085457
p1 new coords aa 11.768716849009452, 9.423417742183974, -0.19280749557706384
p1 new coords aa 11.858554260221707, 9.423079900166833, -0.032540351015386604
p1 new coords aa 11.943643774949528, 9.415365776343384, 0.011766829040516284
p1 new coords aa 11.718326683005975, 9.449722976236446, 0.27721199928693435
p1 new coords aa 11.551370150481365, 9.39648466872492, 0.4433687188836647
p1 new coords aa 11.55791315475627, 9.619759328346696, 0.2925692209347391
p1 new coords aa 11.834799357356367, 9.646084858279439, 0.21399247906294533
p1 new coords aa 12.171864267050031, 9.650411285801226, 0.16945689339839498
p1 new coords aa 12.288597013269117, 9.783182459113352, 0.16856660517957273
p1 new coords aa 12.652437093723066, 10.047167185062424, 0.19016172251611296
p1 new coords aa 12.59084171553234, 10.125934829823741, 0.4373213947948458
p1 new coords aa 12.53703992688298, 10.011097933178284, 0.4110555662775942
p1 new coords aa 12.66139073985985, 9.908936599004289, -0.071785412352396
p1 new coords aa 12.581405186780957, 10.132705555446147, -0.05420164025204116
p1 new coords aa 12.58932489072693, 10.194854749984827, 0.038204828978032124
p1 new coords aa 12.6809211666465, 9.925423788546405, 0.0327266325294977
p1 new coords aa 12.76302545751673, 9.958571157107206, 0.2643284112094499
p1 new coords aa 12.639285555656347, 9.86435174538218, 0.1372884238164472
p1 new coords aa 12.634544247216228, 9.906774006356535, 0.08048933044872342
p1 new coords aa 13.076720893713095, 10.048930333304643, 0.11311049199174764
p1 new coords aa 13.269309758648467, 10.059868016004076, 0.14687627829559033
p1 new coords aa 13.29711825220137, 10.152073461472469, 0.18364296009063533
p1 new coords aa 13.292591281631738, 10.101988400689242, 0.17297687427604413
p1 new coords aa 13.344188709501191, 10.29173538297025, -0.10214005720479197
p1 new coords aa 13.52001545751757, 10.367714328510159, 0.02662080839564035
p1 new coords aa 13.153187378323391, 10.393472179326562, -0.04139225006082925
p1 new coords aa 13.09050979232852, 10.478136123887188, -0.10552737948794959
p1 new coords aa 13.336405882352661, 10.499447282904045, 0.213597610303348
p1 new coords aa 13.265257137689016, 10.360578728558615, -0.09527935978469859
p1 new coords aa 13.2541754800187, 10.246209459514752, -0.0464850124378125
p1 new coords aa 13.213892716902585, 10.196565985494983, -0.26547808792206395
p1 new coords aa 13.394997415397082, 10.344572564988859, -0.04533869883602365
p1 new coords aa 13.542920709944271, 10.4240612997864, -0.26551899243084187
p1 new coords aa 13.71987241253729, 10.60113578723937, -0.058867739762370086
p1 new coords aa 13.657937866360411, 10.573849001212865, 0.10121450743887264
p1 new coords aa 13.606368935425218, 10.4831113739493, -0.05071239923532048
p1 new coords aa 13.781224202786328, 10.366002747175713, -0.3233302655972291
p1 new coords aa 13.973999033735847, 10.451273048759859, -0.3010031115131905
p1 new coords aa 14.075954672662709, 10.497267314896318, -0.29332858846928
p1 new coords aa 14.157544061321792, 10.537338405623686, -0.23814005578162278
p1 new coords aa 14.27228668052965, 10.614711669663548, -0.18136920074497245
p1 new coords aa 14.527169888275933, 10.40859745805032, 0.020136083091279594
p1 new coords aa 14.473763942680995, 10.521740498653132, 0.021181260885141395
p1 new coords aa 14.368842774455324, 10.606585146933956, -0.0570665011643965
p1 new coords aa 14.302124359274648, 11.023607239121912, 0.06205821259342442
p1 new coords aa 14.487279965111954, 11.020021094234636, 0.1366512888664881
p1 new coords aa 14.533129395590931, 10.95979359805696, -0.2628235617129989
p1 new coords aa 14.726421053487625, 10.893837403919647, 0.03445625473920355
p1 new coords aa 14.807207628214147, 11.047159226313726, 0.019863155144792533
p1 new coords aa 14.720189570614531, 10.883278399643403, 0.15962844686337094
p1 new coords aa 14.58250466030969, 10.769899143358876, 0.23606585148479445
p1 new coords aa 14.570742570510316, 10.707055224494427, 0.336996665562742
p1 new coords aa 14.437107762408342, 10.870234151674252, 0.0015127037118166653
p1 new coords aa 14.003011613238582, 10.716319748850545, -0.03348356969014717
p1 new coords aa 13.837244052069178, 10.821593613747291, -0.22692205015294845
p1 new coords aa 13.705465253212987, 11.065573206842643, -0.03642265088706628
p1 new coords aa 13.6237234200433, 10.83263318033304, 0.1282634691674724
p1 new coords aa 13.600785761278063, 10.824899555205679, 0.24073888684944206
p1 new coords aa 13.568330561959472, 10.721467326069657, 0.026895612208787
p1 new coords aa 13.644375912535006, 10.666518208970167, 0.18181247524693145
p1 new coords aa 13.569183026058651, 10.476152660772025, -0.15632489834742025
p1 new coords aa 13.853382563591188, 10.653660497107147, 0.0776739326854696
p1 new coords aa 14.017804465913173, 10.647310160661695, 0.09644092123670409
p1 new coords aa 14.014745076936418, 10.743517075579721, -0.13456337992817025
p1 new coords aa 13.83943170257564, 10.82123045682463, -0.0747234466327501
p1 new coords aa 13.887737377996602, 10.982278809299391, 0.054725819892361804
p1 new coords aa 14.200620531919883, 10.889235660992563, 0.16579688374456142
p1 new coords aa 14.064450849565018, 10.739249852558904, -0.029030504058819795
p1 new coords aa 13.87094522911267, 10.444375307862305, 0.004665073901812838
p1 new coords aa 13.585007285647974, 10.275049270885066, 0.0408762560399835
p1 new coords aa 13.462744876667625, 10.174243488008655, 0.2130940157249882
p1 new coords aa 13.348683621055208, 10.103298383042407, 0.2019061780943877
p1 new coords aa 13.559940477841643, 10.278077858612368, 0.10967647108827365
p1 new coords aa 13.343304354995652, 10.285150136711543, -0.04739743444338769
p1 new coords aa 13.191357943204762, 10.314592900357326, -0.06124900057567994
p1 new coords aa 13.326321569046987, 9.997544736096785, 0.0871449428396893
p1 new coords aa 13.272912888498185, 10.142845200140695, 0.11341412673933945
p1 new coords aa 13.11397033525731, 10.099220384843159, 0.012180647208335948
p1 new coords aa 12.810732246684235, 9.836315402434687, 0.16566624811971065
p1 new coords aa 12.886845675153875, 9.89153725825045, 0.056222667144512434
p1 new coords aa 13.087438850305878, 9.994056181410155, -0.17760445223165905
p1 new coords aa 13.192041947276675, 9.953559682579044, -0.2872158554919527
p1 new coords aa 13.491202484347285, 10.05079948828298, 0.03235169950693706
p1 new coords aa 13.536566320815536, 10.229876100633723, 0.13714359515539645
p1 new coords aa 13.557419863053342, 10.45118787487923, -0.1692478607922798
p1 new coords aa 13.505775890986627, 10.537224972533023, 0.04071797065426397
p1 new coords aa 13.658501356174167, 10.412186397103634, 0.0906912873741875
p1 new coords aa 13.55520893088148, 10.23490767313568, -0.046949524693183003
p1 new coords aa 13.47830383867704, 10.395749555613877, -0.13759991517251638
p1 new coords aa 13.486975396216472, 10.843531414228945, 0.10765913559871054
p1 new coords aa 13.304120030394085, 11.02664069998963, 0.08069345584623604
p1 new coords aa 13.216267911271846, 11.121513421725492, 0.16399618462126075
p1 new coords aa 12.992835320575418, 11.172910102069778, -0.04971136391085362
p1 new coords aa 12.89889584651275, 11.153988645229568, -0.1767324303104111
p1 new coords aa 12.76860994484001, 10.787308921201051, -0.05192306645255371
p1 new coords aa 12.638914839754602, 10.715550049886097, 0.011340863381247443
p1 new coords aa 12.597155681523699, 10.78473848675089, 0.33916844077457287
p1 new coords aa 12.66990216771817, 10.85819549608558, 0.32213793594685497
p1 new coords aa 12.900279684959491, 11.040331649097674, 0.27763081588496186
p1 new coords aa 12.560285430224683, 11.047179874692143, 0.09382867594230743
p1 new coords aa 12.436050266955627, 11.218143394891818, 0.06259618270925683
p1 new coords aa 12.311232769252937, 11.229070754242423, -0.016969152548738722
p1 new coords aa 12.323736995827362, 11.335808759341127, -0.08222111576029588
p1 new coords aa 12.275641837901414, 11.414394023116733, -0.10239255381813883
p1 new coords aa 12.558462685414055, 11.662275380437015, -0.03436378664284334
p1 new coords aa 12.432194595839585, 11.807184578682529, -0.142672431832587
p1 new coords aa 12.571437287137815, 11.822996647656286, 0.04061648829439399
p1 new coords aa 12.705319722784978, 12.093579022812596, 0.06982530180931765
p1 new coords aa 12.589988185828556, 11.90784265124339, -0.17737173089269076
p1 new coords aa 12.34350281701125, 11.955748578024142, -0.10435429189458555
p1 new coords aa 12.543522390449935, 12.020328128341236, -0.02006150756438982
p1 new coords aa 12.5390351643328, 12.045567922385017, -0.11190757986240311
p1 new coords aa 12.453006858382315, 12.144875898462388, -0.27199377066962843
p1 new coords aa 12.343121801527376, 12.22766090816303, 0.07568507944983727
p1 new coords aa 12.543041097447405, 12.08328446869668, -0.07825539548307547
p1 new coords aa 12.41205950540416, 12.228668614552182, -0.0910936538730653
p1 new coords aa 12.39507072322647, 12.280180799934346, -0.07690649004260508
p1 new coords aa 12.288675841681588, 12.237301480545892, -0.005826033492665222
p1 new coords aa 12.276614139451633, 12.351483550203046, 0.056204616978161266
p1 new coords aa 12.52631841965951, 12.328447603961159, -0.06787080916721766
p1 new coords aa 12.434482629361808, 12.30831997355025, 0.17133928082404176
p1 new coords aa 12.534165255552134, 12.018902949159559, 0.30684756281108105
p1 new coords aa 12.56135787690987, 12.024102339757858, 0.21163605665411933
p1 new coords aa 12.545217587774472, 11.964941137032158, 0.11623200648167835
p1 new coords aa 12.318350909871679, 11.747528818353794, -0.04579936662272281
p1 new coords aa 12.074858798570217, 11.784512373242558, -0.034805343596980835
p1 new coords aa 12.094489778569574, 11.56656066292628, 0.21182294832330187
p1 new coords aa 12.197006080056845, 11.573413570397099, 0.3289160522480379
p1 new coords aa 11.921863092387463, 11.573991476086267, 0.2715186832977398
p1 new coords aa 11.970416080268802, 11.793276174024422, 0.16489002673015493
p1 new coords aa 12.110131142702217, 11.69573659728006, 0.2509027119593239
p1 new coords aa 12.13285403838791, 11.807923374128508, 0.32800960997484807
p1 new coords aa 12.448031465785498, 11.587060795248814, 0.1233438475557404
p1 new coords aa 12.602691090081425, 11.649293214768182, -0.05830165229751136
p1 new coords aa 12.650521666379033, 11.673220366499265, -0.05097665260061423
p1 new coords aa 12.61587323145052, 11.551960495625018, 0.14431413203169685
p1 new coords aa 12.52213658383782, 11.339513885932655, 0.14675297344100807
p1 new coords aa 12.40522941688333, 11.473105878125574, 0.2180135381101647
p1 new coords aa 12.185765289135597, 11.553589795273828, 0.08301562795254894
p1 new coords aa 12.329221885111421, 11.58357994710188, -0.1168675572889108
p1 new coords aa 12.503922790781964, 11.898083832435006, -0.29116809242738095
p1 new coords aa 12.42210754740536, 11.900767800848762, -0.06254539780013171
p1 new coords aa 12.41585813785712, 12.068472766673416, -0.015459421981746838
p1 new coords aa 12.363779923864785, 12.243820962441102, -0.103796407503756
p1 new coords aa 12.47328159273847, 12.040274330799846, 0.0174635326524573
p1 new coords aa 12.596721967507301, 11.623176423963088, 0.03466292562724049
p1 new coords aa 12.735114544867187, 11.64689368364187, 0.1574954327946135
p1 new coords aa 12.782153416905826, 11.676047700446478, 0.2618305481861163
p1 new coords aa 12.808390588198751, 11.777472538714154, -0.16219158236539943
p1 new coords aa 12.653757984842379, 11.681056253782291, -0.022089509147608433
p1 new coords aa 12.766681567476407, 11.751218375203557, 0.0734065847234405
p1 new coords aa 12.321628446332255, 11.808224767497425, 0.05145670175229083
p1 new coords aa 12.471824781114487, 11.781703845084259, -0.07482515731416572
p1 new coords aa 12.405160250859565, 11.869827402161103, -0.2213799931471676
p1 new coords aa 12.533502259473686, 11.73105387192999, -0.19075138176525097
p1 new coords aa 12.550170708236857, 11.93606892178214, -0.02220950964419588
p1 new coords aa 12.43331748360976, 12.334257162521466, -0.21021388336450852
p1 new coords aa 12.203771065295673, 12.13133550991392, -0.16153550757684018
p1 new coords aa 12.265353252768584, 12.400767886410836, -0.034058491031372845
p1 new coords aa 12.33658690680799, 12.350895756481014, -0.041268937420286506
p1 new coords aa 12.394459600099418, 12.390538482221595, -0.03862694094755084
p1 new coords aa 12.37126403996962, 12.485718508255268, -0.050263528838482285
p1 new coords aa 12.599141629261135, 12.220256899056725, -0.16581767405314896
p1 new coords aa 12.534887335629351, 12.293560498510335, -0.030948181445396294
p1 new coords aa 12.49126013111591, 12.434385022035865, -0.009568479926174309
p1 new coords aa 12.48937112143859, 12.847022990282348, -0.010981500965615754
p1 new coords aa 12.605732650656279, 12.741404765926587, -0.023429085990175055
p1 new coords aa 12.571134972389476, 12.54106264107144, -0.07199655872329029
p1 new coords aa 12.501310298762911, 12.163346900438135, -0.12106223505654842
p1 new coords aa 12.738785140504598, 12.101882267979752, -0.04980223595543029
p1 new coords aa 13.039729741414883, 11.867089624681167, -0.1816344505567801
p1 new coords aa 12.892253650155478, 12.018513652712452, -0.05460406209005797
p1 new coords aa 12.780201642409676, 11.758771359649105, -0.23620517350577383
p1 new coords aa 12.930774881973013, 11.778860620820858, -0.1316069616209934
p1 new coords aa 12.698645314360785, 11.6938426920043, 0.03132975995318177
p1 new coords aa 12.948205310063626, 11.959823936982978, 0.13087364930528383
p1 new coords aa 12.924509717600515, 11.79398636409974, 0.055261906507704475
p1 new coords aa 12.714926191148294, 11.723427979698055, 0.13287885224660845
p1 new coords aa 12.54321714401749, 11.729633416883376, 0.14576687001784056
p1 new coords aa 12.409011467730279, 11.530781236941928, 0.031701137972834637
p1 new coords aa 12.533983958992053, 11.298906807419526, 0.18376094556773476
p1 new coords aa 12.367782055646188, 11.095632385653161, -0.13401628269755317
p1 new coords aa 12.220767947650842, 11.034226139511716, -0.07180685770603956
p1 new coords aa 12.155229362667503, 10.87723278317539, -0.2767257027899736
p1 new coords aa 12.220552753312042, 10.828635883142855, -0.35792877588080707
p1 new coords aa 12.13901832196018, 10.886686330498907, -0.39817924075766503
p1 new coords aa 11.887776992369597, 10.640518232030274, -0.06682156704075415
p1 new coords aa 12.095187479646109, 10.735732317304972, 0.28193154510084983
p1 new coords aa 11.96401557817349, 10.494790714472167, 0.14528027293007453
p1 new coords aa 11.840176476579789, 10.486780328406537, 0.18536917497861866
p1 new coords aa 12.094397232817386, 10.521692073111613, 0.05138129324440299
p1 new coords aa 12.037732524878065, 10.29781128643847, 0.12983471563116106
p1 new coords aa 12.113454089115029, 10.16734808196476, 0.13050426451843147
p1 new coords aa 12.380649048117359, 10.067075322852453, 0.015018193805167807
p1 new coords aa 12.5839640683928, 10.162260229719037, -0.24605343531849408
p1 new coords aa 12.557561344018168, 10.542054554986542, 0.121382730802884
p1 new coords aa 12.640601856203643, 10.461212701872427, 0.10201419241358312
p1 new coords aa 12.454665478753999, 10.417910389675189, 0.18317875565391334
p1 new coords aa 12.407868105896616, 10.597198783239095, -0.010603938868352508
p1 new coords aa 12.339681640549209, 10.536074690624288, 0.34360895842998795
p1 new coords aa 12.30592310416616, 10.736947925781, 0.39555939301941456
p1 new coords aa 12.434912070041301, 10.596823780406757, 0.2584819047388992
p1 new coords aa 12.438946515700836, 10.715267827428915, 0.2580435954988216
p1 new coords aa 12.5021484982667, 10.581042086620494, 0.21097431589050405
p1 new coords aa 12.520448039926958, 10.741356305977284, -0.05864728099411612
p1 new coords aa 12.547558240572318, 10.82906913948968, 0.2320977533347253
p1 new coords aa 12.419740350600028, 10.918726993245217, 0.3446374906983799
p1 new coords aa 12.301591681105778, 10.662679997179659, 0.511451241501329
p1 new coords aa 12.417502209307651, 10.858227769585518, 0.17899601055192205
p1 new coords aa 12.211198957743026, 10.979906871087133, -0.027853378514444027
p1 new coords aa 12.293600854175091, 11.069458853120521, -0.08131197785485961
p1 new coords aa 12.3548781397935, 11.13780391921965, 0.12737961211450685
p1 new coords aa 12.28636711022537, 10.81567895032002, 0.046287722024556346
p1 new coords aa 12.204281204005467, 10.500396832763986, 0.11094168001839935
p1 new coords aa 12.373093969999603, 10.653582289751203, -0.07915426876957302
p1 new coords aa 12.200771698627435, 10.931007887838298, -0.0636952541168333
p1 new coords aa 11.974888857642368, 11.291973492915469, 0.0944450477086512
p1 new coords aa 12.113690305426436, 11.196939601159295, 0.08056317357810765
p1 new coords aa 11.98137858799891, 11.17353502953046, -0.16808113269059594
p1 new coords aa 12.108695821616195, 11.093759899136423, 0.09331801936753764
p1 new coords aa 12.155643296262502, 11.010820781296086, 0.14862634659182783
p1 new coords aa 12.394469985841122, 10.793661056377994, 0.12080005170014954
p1 new coords aa 12.34432014317628, 10.877942904327256, 0.26258578545390093
p1 new coords aa 12.417073733827536, 10.819545923772122, 0.4134137131641615
p1 new coords aa 12.324712134169385, 10.615161208440659, 0.1770174857056747
p1 new coords aa 12.498183089684492, 10.63726483266042, 0.2344323688211185
p1 new coords aa 12.418520566026169, 10.632231091809405, 0.22712358284007883
p1 new coords aa 12.36186481938686, 10.547141562732657, 0.1617172875543342
p1 new coords aa 12.133807426424292, 10.597340300006076, -0.017418337390590483
p1 new coords aa 12.107464549383659, 10.245735687840217, -0.03258691604277802
p1 new coords aa 12.391969059789783, 10.225514486109542, 0.001294260909399103
p1 new coords aa 12.233249633602584, 10.121922412106501, -0.0345513457283671
p1 new coords aa 12.188438770234837, 10.316556849604547, -0.1510305594085085
p1 new coords aa 12.276626283466102, 10.594697939415557, 0.13581377482438173
p1 new coords aa 12.300444559429401, 10.585403523478723, -0.008370835920637365
p1 new coords aa 12.281932473022538, 10.664005443364026, -0.08815675706681539
p1 new coords aa 12.09169615831848, 10.748327858202504, -0.17388295306295468
p1 new coords aa 12.180178088622617, 10.8052329702824, -0.16436425328269344
p1 new coords aa 12.074002183143559, 10.90792449514546, -0.4033556647772476
p1 new coords aa 12.270953343886793, 10.934072896231585, -0.09534529049561113
p1 new coords aa 12.2207262016014, 10.86575477251561, -0.08915567112145015
p1 new coords aa 12.114096018131415, 10.951145766828153, 0.09565192414159829
p1 new coords aa 11.74661436187944, 10.948609384315962, -0.09938496237580538
p1 new coords aa 11.85462223728492, 11.005796303007076, 0.10001502235128606
p1 new coords aa 11.750666062290847, 10.892007549396528, 0.14111024630911057
p1 new coords aa 11.504438562907831, 10.778392027287937, -0.009877592149881237
p1 new coords aa 11.487691793366295, 10.777395535200192, -0.11086387096726058
p1 new coords aa 11.457964233975144, 10.869391878860101, -0.008282179908790821
p1 new coords aa 11.41527539738584, 10.807507277062518, -0.03877355655083452
p1 new coords aa 11.550475968124411, 10.590591088159808, 0.0384644517678667
p1 new coords aa 11.653455871458988, 10.418871769499454, -0.028841623654985618
p1 new coords aa 11.63519969210622, 10.264333856772659, -0.17073420835946068
p1 new coords aa 11.648849941375477, 10.279780248366992, 0.13068669328264004
p1 new coords aa 11.85575502172632, 10.250035253831637, 0.1617260461453499
p1 new coords aa 11.913536792680022, 10.199820732292094, 0.24064278020590246
p1 new coords aa 12.064029429735974, 10.176660820444019, 0.0035157314867836076
p1 new coords aa 12.191651573240863, 10.089743527081842, 0.14232360456130086
p1 new coords aa 12.142566907943682, 10.056125459160262, 0.3438309784016895
p1 new coords aa 12.179450832494547, 9.933563296429575, 0.2493188564400425
p1 new coords aa 12.060399736032766, 9.937809465653858, 0.28407984066903336
p1 new coords aa 11.84654182118257, 10.132130022382501, 0.093594264986894
p1 new coords aa 11.794141899719182, 10.25635263056968, 0.4018313051753937
p1 new coords aa 11.772393913794787, 10.25197700678318, 0.18286056035875553
p1 new coords aa 11.821738509794406, 10.43717232106295, 0.20460202700797975
p1 new coords aa 11.883663296176936, 10.511666230179761, -0.10688479546603408
p1 new coords aa 11.83736855306604, 10.56057164616381, -0.10112003982416529
p1 new coords aa 11.817225065452101, 10.81261758688772, 0.04868749119509605
p1 new coords aa 11.823809703575666, 10.539737762623957, -0.266976260667356
p1 new coords aa 11.768118055814094, 10.459675346096514, -0.22985670515166323
p1 new coords aa 11.702866525203994, 10.600136700656442, -0.34259392700865543
p1 new coords aa 11.454889089016682, 10.455461745201527, -0.0958203664849272
p1 new coords aa 11.539173833799293, 10.673460488767152, -0.00717386628504138
p1 new coords aa 11.548940395780928, 10.796396777650232, -0.06463571633082774
p1 new coords aa 11.562380737242826, 10.534869661328301, -0.3348334717064724
p1 new coords aa 11.495739672465847, 10.523549943624035, -0.051149726646706806
p1 new coords aa 11.669872478604931, 10.679056035381143, -0.034381092212935845
p1 new coords aa 11.458905148889427, 10.536349365778179, -0.11348053741463274
p1 new coords aa 11.747916848835013, 10.970501488147478, 0.012451743942219345
p1 new coords aa 12.033063316897584, 10.888557070826677, 0.04250518373518552
p1 new coords aa 12.279510283430744, 10.841202779392548, 0.08501682333717596
p1 new coords aa 12.188476581767668, 10.928612939283825, -0.21125536461699157
p1 new coords aa 12.035926839771012, 11.204893269151478, -0.002851263432900625
p1 new coords aa 12.030380139590628, 11.218251397087524, 0.15646128180634897
p1 new coords aa 12.231399785469822, 11.000420751200496, 0.1294001278406959
p1 new coords aa 11.966571227022214, 10.81210266097517, -0.0185242755325091
p1 new coords aa 11.916629783916308, 10.937472711342723, -0.035239722566665535
p1 new coords aa 11.950557148141142, 10.969728909716709, 0.001062144564028998
p1 new coords aa 12.04505047644131, 10.885911243684774, 0.05175005205197259
p1 new coords aa 12.019412044098003, 10.824617436253108, -0.12630370046740805
p1 new coords aa 11.94605813425333, 10.680361305994035, -0.16751736307779638
p1 new coords aa 11.95725910438764, 10.599820208594402, 0.001235935780587144
p1 new coords aa 11.745703141992271, 10.648214441527632, -0.036517063890429025
p1 new coords aa 11.94577291800044, 10.61435205821258, -0.049989448265168004
p1 new coords aa 11.83429447969745, 10.640062858642848, -0.23180816594976827
p1 new coords aa 11.8079564606525, 10.645201251468023, -0.26976449141181413
p1 new coords aa 11.789187112563829, 10.573301786946418, -0.15951189196758442
p1 new coords aa 11.925945451401674, 10.5599539915858, -0.19479455778822838
p1 new coords aa 11.838012639093447, 10.584137844107278, -0.06920783997733287
p1 new coords aa 11.774201501830841, 10.657202849865376, 0.05819345968077719
p1 new coords aa 11.770015043164266, 10.76310979417142, -0.07807069819456566
p1 new coords aa 11.875756838849526, 10.636508802381831, -0.09452604904430298
p1 new coords aa 12.057039259299142, 10.546501846267326, -0.14612157581972235
p1 new coords aa 12.091907189952298, 10.669506494577533, 0.22265088344443512
p1 new coords aa 12.307399372506678, 10.714915822330687, 0.22329139833345102
p1 new coords aa 12.271495686751926, 10.74101150262363, 0.27523079462922906
p1 new coords aa 12.332951544936835, 10.953353646604917, 0.1351153959444809
p1 new coords aa 12.326377711343445, 10.98172891621906, 0.1701360822329683
p1 new coords aa 12.197703900514218, 11.139875794303766, -0.027494570013471192
p1 new coords aa 12.247167359540834, 11.1120537060753, 0.07566563986730614
p1 new coords aa 12.28623726835942, 11.063204636046706, -0.33426480110407125
p1 new coords aa 12.173734065236575, 10.92669880878707, -0.16915560716671707
p1 new coords aa 12.111208515080044, 10.854079512685232, -0.26629364953463835
p1 new coords aa 12.1606907942004, 11.015350087443906, -0.31841901341837486
p1 new coords aa 11.994794501460627, 10.915971957090356, -0.10077387961805956
p1 new coords aa 12.137115454593422, 10.60501613398957, -0.41615484963641025
p1 new coords aa 12.190938361750735, 10.514456322237356, -0.44065197053014005
p1 new coords aa 12.46382981595331, 10.49243127135419, -0.27023866244521244
p1 new coords aa 12.586949282095974, 10.477414607675847, -0.33139020804297625
p1 new coords aa 12.471501800368463, 10.396272981765401, -0.13757095564977403
p1 new coords aa 12.41976948063073, 10.5640756486273, -0.16784178118990528
p1 new coords aa 12.53974696761517, 10.549869854801177, -0.06487764376361178
p1 new coords aa 12.52792154021438, 10.586716691464087, 0.09027500232143133
p1 new coords aa 12.53466939729596, 10.458666535881624, 0.06049494967441529
p1 new coords aa 12.311394703163385, 10.342141136178608, 0.18524220893375673
p1 new coords aa 12.420404790673729, 10.604072144983013, 0.4055866045911536
p1 new coords aa 12.411947069117796, 10.82757747116727, 0.4079311812278634
p1 new coords aa 12.475505467226206, 10.7355184895086, 0.40541131931248353
p1 new coords aa 12.483039938321713, 10.983377239355624, 0.28465845175456017
p1 new coords aa 12.864167221470817, 11.00772114484715, 0.008889323658322956
p1 new coords aa 12.846950846472561, 10.846059812983814, 0.1081110484828108
p1 new coords aa 12.942790700630875, 10.883334693349184, -0.1536293897018214
p1 new coords aa 12.801990952228275, 11.100039898813849, 0.04291910307363886
p1 new coords aa 12.608389801864464, 10.946614261553332, 0.039656883150207115
p1 new coords aa 12.845743685803193, 10.933325363280261, -0.06348088951737722
p1 new coords aa 12.88863305528294, 10.942786413769127, -0.05827986439587632
p1 new coords aa 12.771952229112717, 10.989793199325995, 0.11934996184305754
p1 new coords aa 12.48523353018783, 10.710786861144518, 0.022317588753321405
p1 new coords aa 12.282417505138726, 10.637846265306644, 0.185664367055794
p1 new coords aa 12.244794539677057, 10.613482114080327, 0.059968150630734685
p1 new coords aa 12.23332481377324, 10.63912616482228, -0.05265277742645899
p1 new coords aa 12.245636403744108, 10.873500089921247, -0.22165052839710742
p1 new coords aa 12.540054178100288, 11.058149143819326, 0.065787557451926
p1 new coords aa 12.597061548519894, 11.04844324022333, 0.007569667058333389
p1 new coords aa 12.69034564084549, 11.072772568878193, 0.16028627214208893
p1 new coords aa 12.603820146575707, 11.073448785994891, 0.11078797232811957
p1 new coords aa 12.56630825444705, 11.091693235268648, -0.05324991419771577
p1 new coords aa 12.500303115229261, 11.132814901206736, -0.058306779138001724
p1 new coords aa 12.472351083432592, 11.236162417872803, -0.14563894532863486
p1 new coords aa 12.38842865500784, 11.35997770815312, -0.26104896171165926
p1 new coords aa 12.519423748514104, 11.240420518437118, -0.3488320924089514
p1 new coords aa 12.291033263946492, 11.23431441871607, -0.2687467663875282
p1 new coords aa 12.106369569186953, 10.92228270355686, -0.22571189524518198
p1 new coords aa 12.216522736122, 10.919964236762173, 0.030846151759158835
p1 new coords aa 12.318053215760566, 11.03557342822514, 3.6318868601842996E-4
p1 new coords aa 12.31429678524302, 11.0399150632326, -0.007192338011008683
p1 new coords aa 12.224315599822932, 10.937028131092468, 0.15561814468023497
p1 new coords aa 12.44005321436462, 11.05648502668473, 0.18290135560224527
p1 new coords aa 12.536145477019787, 10.903212402004371, 0.04519226076966393
p1 new coords aa 12.728446086184638, 11.351829692062246, 0.06989981205907454
p1 new coords aa 12.793709723257079, 11.533465351428987, 0.20072877580715365
p1 new coords aa 12.822564909105733, 11.809955820683644, 0.19237891724891776
p1 new coords aa 12.836688267930207, 11.897281724772876, 0.10680448284468239
p1 new coords aa 12.654403331804316, 11.721144590414916, 0.05864182789030861
p1 new coords aa 12.661041442611339, 11.638367918318593, -0.20226198786026992
p1 new coords aa 12.455454366316879, 11.621282668063706, -0.39770759895672897
p1 new coords aa 12.909921455576146, 11.61600143850841, -0.42139699409183484
p1 new coords aa 12.892406089815465, 11.417111468535008, -0.26831566544181107
p1 new coords aa 12.781596490467782, 11.67118613882324, -0.29232587346176636
p1 new coords aa 12.868453854330884, 11.701826718311642, -0.16382902404599092
p1 new coords aa 12.97414483453031, 11.821664567602872, -0.022513274558053187
p1 new coords aa 13.067862695825431, 11.707721979652769, 0.05375656678292966
p1 new coords aa 13.021492277164656, 12.043372240210617, -0.00785801754340066
p1 new coords aa 12.910837858083267, 11.998402176484554, -0.14748514015506797
p1 new coords aa 13.020612832569146, 12.099873131473187, -0.2698368485313616
p1 new coords aa 13.109808557739848, 12.037835124383305, -0.10217083356290504
p1 new coords aa 13.13842976092689, 12.062093926132812, -0.10588749007775672
p1 new coords aa 13.071320681980023, 12.172379066492995, -0.15925866058402424
p1 new coords aa 12.7126723177554, 12.266422616072987, 0.03399335730761108
p1 new coords aa 12.644069425450773, 12.270720199857665, 0.19277685863330787
p1 new coords aa 12.56510536670952, 12.245643283051317, 0.10534935328170786
p1 new coords aa 12.47554874254333, 12.213611775398665, 0.10426359246317721
p1 new coords aa 12.575906152261343, 12.33436279054741, 0.3201242450749272
p1 new coords aa 12.636364884727694, 12.498704166643476, 0.24916468125588145
p1 new coords aa 12.652645052188376, 12.707406674076534, 0.2523349984723614
p1 new coords aa 12.395629851474645, 12.57529358632929, 0.11114618777078022
p1 new coords aa 12.42029856711649, 12.449368016077566, 0.31195643653012894
p1 new coords aa 12.194193752486735, 12.512690084565643, 0.18485076939832945
p1 new coords aa 12.345098517645027, 12.382007965934603, 0.051647862663318056
p1 new coords aa 12.51056746711226, 12.452828116312835, 0.337241602902439
p1 new coords aa 12.479171628423265, 12.75286945869619, 0.4219162074214211
p1 new coords aa 12.311033223031878, 12.819370126485223, 0.1194789868341658
p1 new coords aa 12.108766703952755, 12.993495252838105, 0.05975940826441513
p1 new coords aa 12.137480676673944, 12.93247906616646, 0.12908131577705728
p1 new coords aa 12.12980154491006, 13.015962387953707, 0.2765670125846622
p1 new coords aa 12.098003510145961, 13.014144108987756, 0.3542583899492922
p1 new coords aa 11.92998038697178, 13.00611595373447, 0.24158722167193217
p1 new coords aa 11.806279291708119, 12.895240912517393, -0.027081132224279908
p1 new coords aa 11.782519284421578, 12.517338763959973, -0.13093331598091434
p1 new coords aa 11.74538025498556, 12.630884854930386, -0.24143473078561628
p1 new coords aa 11.572363656707141, 12.713510543735055, -0.015261410989519636
p1 new coords aa 11.496604314527065, 12.675424834595736, -0.1456215927568593
p1 new coords aa 11.279889639186822, 13.011922614300365, 0.22380448476577783
p1 new coords aa 11.18856185631319, 12.951174492539787, 0.0220139819128872
p1 new coords aa 11.051764205081987, 12.789997277692455, -0.2278623653782348
p1 new coords aa 11.399736268993347, 12.705455741780845, -0.1492361489236887
p1 new coords aa 11.523390869121249, 12.747401004169241, 0.053626577653776125
p1 new coords aa 11.621727853379754, 12.822898356559307, 0.0037870876529535677
p1 new coords aa 11.663163277659322, 12.61230690202849, 0.20807841472233043
p1 new coords aa 11.865612272394293, 12.452916279872765, 0.245371167771125
p1 new coords aa 11.86252926768504, 12.630595807012638, 0.22544688846225672
p1 new coords aa 11.665968213631428, 12.60978307638451, 0.09720302901616795
p1 new coords aa 11.746090378323458, 12.588511480031205, -0.01786583682923526
p1 new coords aa 11.927258881347102, 12.625574795925278, 0.1795525734867735
p1 new coords aa 12.079606870096493, 12.637922602138838, 0.2138539633494725
p1 new coords aa 12.06734277899075, 12.535474328896129, 0.19416482532652854
p1 new coords aa 12.323491591164258, 12.449730428816364, 0.01315543797272975
p1 new coords aa 12.216636738778496, 12.47600097994101, -0.017171840803095
p1 new coords aa 12.316931285255585, 12.49032658843917, 0.17970543224584837
p1 new coords aa 12.277763757539637, 12.503054383685871, 0.3584491144537442
p1 new coords aa 12.134497735983919, 12.350777017236075, 0.26159251733205735
p1 new coords aa 12.198474495335285, 12.30484205895714, 0.3248552331375472
p1 new coords aa 12.004969610008446, 12.258207115329903, 0.30554825501182203
p1 new coords aa 12.073578297412581, 12.13111489346711, 0.00374258773900199
p1 new coords aa 12.154066870949364, 12.144138223074298, -0.19781944402094204
p1 new coords aa 12.196191702769635, 12.174038465608113, -0.06471317978573787
p1 new coords aa 12.065953118945666, 12.133089622418858, -0.02337087006236943
p1 new coords aa 11.971739946558566, 12.05622674611386, -0.11296339290302315
p1 new coords aa 12.166563510126144, 12.013369856773709, -0.08346994533718946
p1 new coords aa 12.356018322246298, 11.871026338115342, -0.08727504859501217
p1 new coords aa 12.555838382053905, 11.991366649170867, 0.018763424188022224
p1 new coords aa 12.678019981618272, 11.957720084577858, -0.3296149740943365
p1 new coords aa 12.53723288111956, 11.931674825794039, -0.31317304503006393
p1 new coords aa 12.272878795094638, 11.775031622428099, 0.08918053930585268
p1 new coords aa 12.454583740815401, 11.753445212427101, 0.3850284917439864
p1 new coords aa 12.639484423731746, 11.610141669311126, 0.32305530529249094
p1 new coords aa 12.676276825153744, 11.728060185462581, 0.24693468734527263
p1 new coords aa 12.638327422820643, 11.897054667840655, 0.2808353263167078
p1 new coords aa 12.456878185908824, 11.82606938845215, 0.24847674992437196
p1 new coords aa 12.398380929719433, 11.926023033277326, 0.3815579208822162
p1 new coords aa 12.392067005574768, 11.90492646976218, 0.3126444354744752
p1 new coords aa 12.405783083504463, 11.42597406008542, 0.44761302221397326
p1 new coords aa 12.304664540730611, 11.272525013783236, 0.4336676885992369
p1 new coords aa 12.400854125775703, 11.170596052978915, 0.3031126697732322
p1 new coords aa 12.40981643003961, 11.180200717221865, 0.1384194244840333
p1 new coords aa 12.30854449159437, 11.063558603135396, 0.2785483733340368
p1 new coords aa 12.44718413348544, 10.960705638181624, 0.17913436931125293
p1 new coords aa 12.496245545449103, 11.193142567373721, -0.03218025850590067
p1 new coords aa 12.39987850749161, 11.196895589978462, -0.21162763011633945
p1 new coords aa 12.420923139684014, 11.356150820030837, -0.13012773851037632
p1 new coords aa 12.468778168612419, 11.427132299850225, -0.16265392620029112
p1 new coords aa 12.570997795728356, 11.629162468116407, -0.03806496029899674
p1 new coords aa 12.590170627712297, 11.53232490044895, -0.4713377623180438
p1 new coords aa 12.669836510411427, 11.54236382300868, -0.35795009547276097
p1 new coords aa 12.760919810704106, 11.469156957427614, -0.1134797791066792
p1 new coords aa 12.730789973789923, 11.50449553432949, 0.1452182406821366
p1 new coords aa 12.78652542231729, 11.397841733498133, 0.21069380442737135
p1 new coords aa 12.739448628824315, 11.28750233740672, 0.24926230123275622
p1 new coords aa 12.70584286510581, 11.559268506493662, 0.21755475424709844
p1 new coords aa 12.734256606774176, 11.374945010282039, 0.08103080476400568
p1 new coords aa 12.714083465969352, 11.172517476556404, 0.2669664981356478
p1 new coords aa 12.785618110778033, 10.956483099968592, 0.1387379493552931
p1 new coords aa 13.086072218165139, 10.917099082528923, 0.13126811813546319
p1 new coords aa 13.305188561543009, 10.806377290400224, 0.09102275051869321
p1 new coords aa 13.107945225219412, 10.924305700700225, -0.1881663955380993
p1 new coords aa 13.249102887324712, 10.953867073394758, 0.08305568152870099
p1 new coords aa 13.161905278123243, 10.914148249865374, 0.285070607777003
p1 new coords aa 13.231261201940965, 10.821777451260932, 0.23034496896939466
p1 new coords aa 13.2601597628928, 10.825328722074838, 0.09700340340110991
p1 new coords aa 13.030338037393493, 10.88619434108634, 0.157199260853125
p1 new coords aa 12.910555235356435, 10.994638803260429, 0.1757478959960273
p1 new coords aa 12.780698538565694, 11.193013266838477, -0.059477666495635045
p1 new coords aa 13.061561289362816, 11.03625469245327, -0.23351449938413393
p1 new coords aa 12.917899056183787, 10.88983495695309, -0.10960321753538943
p1 new coords aa 12.948594353351172, 11.181719710240234, 0.0024080667263698258
p1 new coords aa 13.00655625273863, 11.091889235732385, 0.02081644573563
p1 new coords aa 13.226081165724082, 10.976363688522124, 0.0040464083124378235
p1 new coords aa 13.114023111401638, 10.847538277197003, 0.14851878691422418
p1 new coords aa 13.008791888199465, 10.775489869595983, 0.039467945283921335
p1 new coords aa 12.922569140798865, 10.665880521919314, -0.054152833119015115
p1 new coords aa 12.883101390904947, 10.867660799760534, 0.08643633343862714
p1 new coords aa 13.05620477709774, 10.88162033319793, 0.27043138622287843
p1 new coords aa 12.98863992296942, 10.708865376359093, 0.0973369541747528
p1 new coords aa 13.177930637358108, 10.645905494498615, 0.09273825824193835
p1 new coords aa 13.255196222227548, 10.634412280820214, -0.10876104924072114
p1 new coords aa 13.495602052358441, 10.592492777187537, 0.005278446733847558
p1 new coords aa 13.450826420291959, 10.660745975309199, -0.14908052186870946
p1 new coords aa 13.473484780219405, 10.414248614542664, -0.015245852416298805
p1 new coords aa 13.36365651530004, 10.401043794901772, -0.06114221864074845
p1 new coords aa 13.075448778516774, 10.430673138830995, -0.04175650042920377
p1 new coords aa 12.973983459917642, 10.579182487293746, 0.036878991464250666
p1 new coords aa 12.875191585881593, 10.438482254191674, 0.23747899316247628
p1 new coords aa 12.913381994181698, 10.493713544491351, -0.06053945412237727
p1 new coords aa 12.720717031255996, 10.559061963719035, -0.008306101601706806
p1 new coords aa 12.800496556831142, 10.682298144159127, 0.27331788209753466
p1 new coords aa 12.594402546439591, 10.852923112402173, -0.12631923050816618
p1 new coords aa 12.629085069877211, 10.697443453511719, 0.0295293477927914
p1 new coords aa 12.57189587062605, 10.694772096537147, -0.25808571884578957
p1 new coords aa 12.485446051162352, 10.534551276349239, -0.1274236981311402
p1 new coords aa 12.301467558572458, 10.324082042248124, 0.019473709785184784
p1 new coords aa 12.208051397881604, 10.175935554810097, 0.03861639127581819
p1 new coords aa 12.223397674869593, 10.188747882587485, 0.08725205569133399
p1 new coords aa 12.09749440409168, 10.14491798324718, 0.3266575726162712
p1 new coords aa 12.234875605748217, 10.192829802286619, 0.10366982876053987
p1 new coords aa 12.282650809949429, 10.039915627123257, -0.18745240496745352
p1 new coords aa 12.199264627443261, 9.973638143011742, -0.08307124250137131
p1 new coords aa 12.257576891429153, 9.879328031027947, -0.15622563488575336
p1 new coords aa 12.583117490585535, 9.967687340201408, 0.01296011934843927
p1 new coords aa 12.544597694781029, 9.9950946899365, -0.07265777140293125
p1 new coords aa 12.63831010509946, 10.263988548820146, 0.17873362484485036
p1 new coords aa 12.818584935962273, 10.23375074059372, 0.10661999873813087
p1 new coords aa 12.805225025360206, 10.456842536604345, 0.0467788601830728
p1 new coords aa 12.662979576531393, 10.371245202995448, -0.07638858524162508
p1 new coords aa 12.800492874251791, 10.474483419797089, -0.05190035275431441
p1 new coords aa 12.72928964360664, 10.35651564248045, 0.08124273171221895
p1 new coords aa 12.621831634551986, 10.497572059813226, 0.029125118813833555
p1 new coords aa 12.737939460810155, 10.418661092111854, 0.11613869306531369
p1 new coords aa 12.937230892395414, 10.599564104096645, 0.2608846021661396
p1 new coords aa 12.982368601132993, 10.682000962983588, 0.19059561137921766
p1 new coords aa 13.005467437019302, 10.391418149228999, 0.07817672081479335
p1 new coords aa 13.057122807599711, 10.578410484350846, 0.11839013662412934
p1 new coords aa 13.075722097587427, 10.662294228918581, 0.2960116506449515
p1 new coords aa 13.262568297183476, 10.414915925424282, 0.3104964704184124
p1 new coords aa 13.353209208938683, 10.361076166410339, 0.3684981908086673
p1 new coords aa 13.28679983305551, 10.21365220685997, -0.04887837696637165
p1 new coords aa 13.263626334477488, 10.201244665219939, 0.10056779089588305
p1 new coords aa 13.183448878083778, 10.01224708798131, -0.029638405881627916
p1 new coords aa 12.871330546994917, 9.731645056457449, -0.1839001781091346
p1 new coords aa 12.77327525361178, 9.500524969444658, -0.014460977625954968
p1 new coords aa 12.485480464513806, 9.626342120902827, -0.019123781791258104
p1 new coords aa 12.49114016814576, 9.468997180405513, 0.1123682307233153
p1 new coords aa 12.444585792044915, 9.200219346015654, 0.2091595878018604
p1 new coords aa 12.468409913461189, 9.081273988676438, 0.0571087080835363
p1 new coords aa 12.391564099931431, 9.088089406901373, 0.2885912342167608
p1 new coords aa 12.347432895273801, 8.741084529097444, 0.38745385890222234
p1 new coords aa 12.296172939968612, 8.776569216420771, 0.18897439235373295
p1 new coords aa 12.169544345542928, 8.92046292301257, 0.003734846177127271
p1 new coords aa 12.396246228244811, 8.944789675365296, -0.008327133245977884
p1 new coords aa 12.321415088615064, 8.833490808316824, -0.14619530320946492
p1 new coords aa 12.428444545624913, 8.786641872769248, -0.3851260708625984
p1 new coords aa 12.22835950879304, 8.879336938924613, -0.2193978011838221
p1 new coords aa 12.167544318541653, 8.917505339446679, -0.07963110417904087
p1 new coords aa 12.004435658998707, 8.936454391153344, -0.03547345722514437
p1 new coords aa 11.980068285339756, 8.93465510363228, 0.06372196842067976
p1 new coords aa 11.911948504113598, 9.041286633947905, -0.09895980425206383
p1 new coords aa 11.775537795893003, 9.199629747038097, 0.05305252128894594
p1 new coords aa 11.940203662094918, 9.403424127109238, -0.04315915667922435
p1 new coords aa 11.824045569994684, 9.261063430246002, -0.0055494338669926785
p1 new coords aa 11.902506787347773, 9.195283167028522, 0.07211972435766996
p1 new coords aa 11.786272268345291, 9.24964509818839, -0.294341645760448
p1 new coords aa 11.668061821756737, 9.442135824722808, -0.20229612933168606
p1 new coords aa 11.610066412655495, 9.358020241852536, 0.09034173370230064
p1 new coords aa 11.685155002333492, 9.081045599633452, -0.22042731859628745
p1 new coords aa 11.542967813069174, 8.988396085028764, -0.06993058652638737
p1 new coords aa 11.354464130568891, 9.047073190426914, -0.1502268867427184
p1 new coords aa 11.43386912080534, 8.949815064106003, -0.2571878645224754
p1 new coords aa 11.190301968915085, 9.253822586705883, -0.22746220075226148
p1 new coords aa 11.42463334669471, 9.374165510345563, 0.06530887360899845
p1 new coords aa 11.656431439488216, 9.434334201283534, 0.0666526440752864
p1 new coords aa 11.601513241536988, 9.490559169056107, -0.07996040971918209
p1 new coords aa 11.294677021963976, 9.442211552361753, 0.21605708987319724
p1 new coords aa 11.698223307142596, 9.293157321338576, 0.07441787699696423
p1 new coords aa 11.692672638470132, 9.260472305296487, -0.11456647135405273
p1 new coords aa 11.682288530004005, 9.221370187575841, -0.08930383339853373
p1 new coords aa 11.479774009349795, 9.083294389127477, -0.05308584943125303
p1 new coords aa 11.368714529201606, 8.881862889290742, -0.08869072521020588
p1 new coords aa 11.565498845390813, 8.769439909381264, -0.21140379068001913
p1 new coords aa 11.628071359693978, 8.76278291384898, -0.09849705550010829
p1 new coords aa 11.808694898077562, 8.746471512578763, -0.14342599418525775
p1 new coords aa 11.573875478012079, 8.839301551421388, -0.02080809388209004
p1 new coords aa 11.754059437841272, 8.811366504299015, -0.013896240594982992
p1 new coords aa 11.853382348723605, 9.043982284490902, 0.033740727409242895
p1 new coords aa 11.744167756640191, 9.212483950941845, -0.023043527349456465
p1 new coords aa 11.804101848697426, 9.195012166222131, 0.05053488431692977
p1 new coords aa 11.921999069469546, 8.980132119021155, 0.05546336782945059
p1 new coords aa 11.862907246578175, 8.97177185993049, -0.2188393819825829
p1 new coords aa 11.773902290160756, 9.01810644648057, 0.0953797528443105
p1 new coords aa 11.659102318325676, 8.781442504937257, 0.02925280069300734
p1 new coords aa 11.570005176067419, 8.738178233003522, 0.01277876489131257
p1 new coords aa 11.614706585400068, 8.61366800018955, 0.003111748700280798
propagatePair
dist: 0.17320508075688712
dist: 0.15461944390575322
dist: 0.15070111275592682
dist: 0.37026029550253353
dist: 0.8471637921090108
dist: 1.0260638009359253
dist: 1.3267740375425634
dist: 1.3292428286082516
dist: 1.430312678178481
dist: 1.5071750940830766
dist: 1.395477481642784
dist: 1.7421270789373164
dist: 1.8548986826764746
dist: 1.637577265630901
dist: 1.7228229305382057
dist: 1.74434337772305
dist: 1.7974015672212686
dist: 1.6092271015017399
dist: 1.525061533549168
dist: 1.36037403147143
dist: 1.05407466469338
dist: 1.051515736126901
dist: 1.3882397655157563
dist: 1.2761769948912514
dist: 1.3080036860826874
dist: 1.9457039344993228
dist: 2.096031825956563
dist: 1.9821113819718092
dist: 2.146999590645642
dist: 2.151375924386538
dist: 2.3495869378168566
dist: 2.2049597491994692
dist: 2.074638910612143
dist: 2.2065768632508584
dist: 2.3216288847052677
dist: 2.145916370447788
dist: 2.51625477457365
dist: 2.3158288105808187
dist: 2.2698430757429064
dist: 2.4263996487522568
dist: 2.228095707726936
dist: 1.9507964951138947
dist: 1.9014794926043657
dist: 1.695633449971695
dist: 1.4925604465469244
dist: 1.5801913822891078
dist: 1.7388223666148448
dist: 1.6484098125505533
dist: 1.5039076221799845
dist: 1.3368230332354183
dist: 1.0007051582974313
dist: 1.2341518465314978
dist: 1.315715448232327
dist: 1.6369850369042622
dist: 1.739511910509786
dist: 1.7862413844296352
dist: 1.5788731340417552
dist: 1.525703541335178
dist: 1.3233753086688838
dist: 1.6071200397809562
dist: 1.7484635570618456
dist: 1.9187774076483581
dist: 1.5498479170957475
dist: 1.5067268392056463
dist: 1.8159261956207868
dist: 2.0046972357494344
dist: 2.277272062011082
dist: 2.382932186000251
dist: 2.1035520250280513
dist: 2.03628364678568
dist: 2.093186662783146
dist: 2.3093019266762593
dist: 2.353908026975467
dist: 2.4716222485198904
dist: 2.3975400146060646
dist: 1.848510608296555
dist: 1.7819248645613543
dist: 1.8198193204798718
dist: 1.6788444482723843
dist: 2.0123486039603073
dist: 2.028736267120884
dist: 1.9961354774275843
dist: 1.943144814258566
dist: 1.844985171652497
dist: 1.6178469191512357
dist: 1.8646947577724136
dist: 2.1000814573143116
dist: 1.9972421664396123
dist: 1.865602229869573
dist: 1.6788722537279412
dist: 1.702328373257764
dist: 1.7075215446769518
dist: 1.7640375108089061
dist: 1.8049797173870703
dist: 1.777606397106244
dist: 1.6178172840124057
dist: 1.5941925156641341
dist: 1.4937863690035422
dist: 1.7486141818068435
dist: 1.4165758022260586
dist: 1.4480381962678095
dist: 1.6062888908316795
dist: 1.789344006742283
dist: 1.984668938375044
dist: 1.8360948268498842
dist: 1.4455041917116125
dist: 1.7388552953696859
dist: 1.796588543201969
dist: 1.7760937396624488
dist: 1.9678560002928895
dist: 1.662059835110378
dist: 1.8018275375832378
dist: 2.3089322795734413
dist: 2.1774905737515513
dist: 2.6296776280142407
dist: 2.5107894594270506
dist: 2.979025115111821
dist: 3.130003265723213
dist: 2.901331128474671
dist: 3.0816035597014717
dist: 3.4913880998139395
dist: 3.5029189792458735
dist: 3.7657675354227806
dist: 3.6853930313692214
dist: 3.8934804112196444
dist: 4.000150950049916
dist: 3.7480973498656267
dist: 3.8611520464537423
dist: 3.8055599720559043
dist: 3.6281528230211073
dist: 3.5407937525853863
dist: 3.4812531059499343
dist: 3.2859513722018607
dist: 3.356397089096137
dist: 3.5958440074213445
dist: 3.670345413019326
dist: 3.339770235784067
dist: 3.254546722712134
dist: 3.4484697198038345
dist: 3.334048940361125
dist: 3.400173557175035
dist: 3.2343169032197405
dist: 3.170287057995605
dist: 2.6755878195791185
dist: 2.716599006217489
dist: 2.5031908998479047
dist: 2.561114188018655
dist: 2.364362177023168
dist: 2.350512499358202
dist: 2.5973217635518857
dist: 2.6323171884885173
dist: 2.531236601619848
dist: 2.9164050547981413
dist: 2.760820540425512
dist: 2.772163818419087
dist: 2.4908044552819644
dist: 2.471436794859487
dist: 2.753014069770867
dist: 2.7818253693799115
dist: 2.7669487983450223
dist: 2.926690067348868
dist: 3.301727708662771
dist: 3.334458550669373
dist: 3.689957265742022
dist: 4.152872479820776
dist: 4.383022655973534
dist: 4.152036846412549
dist: 4.192225379101248
dist: 4.023061504838516
dist: 4.148178005088006
dist: 4.143734491619467
dist: 3.7031870162687004
dist: 3.6707583823419916
dist: 3.618914434912614
dist: 3.842804027243873
dist: 3.921234283422249
dist: 3.8505457706500743
dist: 3.9708338861848573
dist: 4.058411064578528
dist: 4.110170006193046
dist: 4.271854992559664
dist: 3.9490379389526864
dist: 3.710680422213456
dist: 4.021938362694537
dist: 4.161478503223142
dist: 4.026156975366906
dist: 4.306652709997503
dist: 4.299508929458385
dist: 4.533206737603728
dist: 4.551817730270555
dist: 4.813892504928214
dist: 4.907194732455284
dist: 4.918719439236857
dist: 5.289537081842981
dist: 5.3212720193134455
dist: 5.196666513424624
dist: 5.128968577935326
dist: 4.991842235653048
dist: 4.970184967500495
dist: 5.003657778794238
dist: 4.9604416477571815
dist: 4.810072849885529
dist: 4.968943090867741
dist: 5.270904414789757
dist: 5.471733753136844
dist: 5.335368913714601
dist: 5.204134246840594
dist: 5.496537896418111
dist: 5.2628713994880565
dist: 4.74015618482558
dist: 4.992014484243814
dist: 5.0073231079989515
dist: 4.906246032521385
dist: 4.940668076584711
dist: 5.047470139278629
dist: 4.932819755516762
dist: 5.269786291934486
dist: 5.14313211677602
dist: 5.2160117882058845
dist: 4.792569079646046
dist: 5.074730227477029
dist: 5.069806785286647
dist: 4.974376608146432
dist: 4.801755985287588
dist: 4.763947766243476
dist: 4.546850050511868
dist: 4.580246136202494
dist: 4.344735383725195
dist: 4.492116660471583
dist: 4.615840535041184
dist: 4.527951950498588
dist: 4.377080147356153
dist: 4.442791481685501
dist: 4.189579664394947
dist: 4.224609887535939
dist: 4.184748276264022
dist: 4.2325209187319555
dist: 4.263678766785755
dist: 4.192233739496886
dist: 4.442134036684376
dist: 4.362340508255764
dist: 4.59561755603336
dist: 4.701508260819739
dist: 4.759950231868711
dist: 4.847362495585602
dist: 4.779046978001265
dist: 4.839999243690788
dist: 5.17276242069922
dist: 5.184950519138383
dist: 5.410556633398736
dist: 5.557257573675533
dist: 5.853250293781952
dist: 6.532939342331667
dist: 6.320030701051435
dist: 6.10398719951313
dist: 6.35657333372617
dist: 6.645285812345108
dist: 6.780948985210157
dist: 7.128400343519165
dist: 7.245969353012954
dist: 7.348793587520613
dist: 7.122984157202915
dist: 7.057681548979164
dist: 6.740383205477719
dist: 6.60920218842241
dist: 6.690472036410532
dist: 6.634313312056639
dist: 6.6493084515692695
dist: 6.507262859100373
dist: 6.599866670342695
dist: 6.292896195446151
dist: 6.1730471340770094
dist: 6.293840870937493
dist: 6.33239635813219
dist: 6.312617449608918
dist: 6.220865889025971
dist: 6.475504339044706
dist: 6.387322922064915
dist: 6.397561378557277
dist: 6.075221054348656
dist: 6.200109162994772
dist: 6.673205942122067
dist: 6.926728742341054
dist: 6.956240347353189
dist: 6.957721648288918
dist: 7.0692995800571214
dist: 7.276480769026597
dist: 7.328982280231671
dist: 7.8621607800382
dist: 8.16056331672838
dist: 7.958948039124104
dist: 7.612882716480433
dist: 7.560553550431296
dist: 7.681763139179483
dist: 7.613164902212419
dist: 7.716972789967537
dist: 7.97788165517375
dist: 7.7390146504528285
dist: 7.7230579154788925
dist: 7.877213027642537
dist: 8.21281830178881
dist: 8.241496686682936
dist: 8.264818330465296
dist: 8.335236344856941
dist: 8.406540869874224
dist: 8.589840586038177
dist: 8.626086495121228
dist: 9.052238482745373
dist: 8.673749869509061
dist: 8.728545143447993
dist: 8.772824264755084
dist: 8.88650066001949
dist: 8.955799944644106
dist: 8.939554798241806
dist: 8.847034499756742
dist: 8.848167330488481
dist: 8.937856274611313
dist: 8.941755613557854
dist: 9.255002906315172
dist: 9.135382683435095
dist: 9.190239646392182
dist: 9.09463276276659
dist: 9.139242965396198
dist: 8.824178781144123
dist: 8.801651048019087
dist: 8.94278923701195
dist: 9.181586064198216
dist: 9.455690405736634
dist: 9.28023656610793
dist: 9.104225863211836
dist: 9.169903854097113
dist: 9.246860407692274
dist: 9.216208257338735
dist: 9.891223198975805
dist: 10.084214165536768
dist: 10.097323753542033
dist: 10.126439091277206
dist: 10.22457797274025
dist: 10.00630528945601
dist: 9.774528928739214
dist: 9.944908385651354
dist: 9.952675666616681
dist: 10.182711246924352
dist: 10.674659754812057
dist: 10.977034764303417
dist: 10.672364917105954
dist: 10.378451205129547
dist: 10.194240738077921
dist: 10.192204966746646
dist: 9.952089792494876
dist: 9.622429638187967
dist: 9.483554202979562
dist: 9.264385820189739
dist: 9.428436257229109
dist: 9.455876601468493
dist: 9.631086747455598
dist: 9.436682912243565
dist: 9.879799392743761
dist: 10.03422251758486
dist: 10.185543057999915
dist: 10.115169421318006
dist: 10.086153498463755
dist: 10.117417504278276
dist: 10.39833368110359
dist: 10.616944271897427
dist: 10.799955303277981
dist: 10.88061565109783
dist: 10.880930432808649
dist: 10.760224801819776
dist: 10.729983972291318
dist: 10.897523216701273
dist: 10.838898690202623
dist: 10.760634004330702
dist: 10.581688574229473
dist: 10.480267020790874
dist: 10.455641808777553
dist: 10.469204119905827
dist: 10.552449276868492
dist: 10.521817226437319
dist: 10.803979412150838
dist: 10.750336017857286
dist: 10.294585018111263
dist: 10.30260284686565
dist: 10.125306852266604
dist: 9.990359558342309
dist: 10.370465337012178
dist: 10.10386058500349
dist: 9.8114194474935
dist: 9.693536142483085
dist: 9.620326884523768
dist: 9.583024498640379
dist: 9.49507329706239
dist: 9.713462311623667
dist: 9.599350684584739
dist: 9.76824563640895
dist: 10.07271757182071
dist: 10.20555797829772
dist: 9.988096756274848
dist: 9.940827930005002
dist: 9.76326639308535
dist: 9.646694539808738
dist: 9.633057395760924
dist: 9.374473438595372
dist: 9.188864118619485
dist: 9.029910967479008
dist: 8.881585256876244
dist: 8.84029831815643
dist: 8.731675211895915
dist: 8.84213796471395
dist: 9.007074209735906
dist: 9.00345211515326
dist: 8.92033509696131
dist: 8.819905690619146
dist: 8.920741205424626
dist: 8.93754607734638
dist: 8.861159836010236
dist: 8.511590816369917
dist: 8.627323411138736
dist: 8.7774226613745
dist: 8.854023873902866
dist: 9.005943225442062
dist: 8.996777577722622
dist: 8.962213130446147
dist: 9.151664069026898
dist: 8.9897851596738
dist: 8.857203195419537
dist: 8.894751740785672
dist: 8.632186211839612
dist: 8.875563639722941
dist: 9.07095034193348
dist: 9.292103358873701
dist: 9.277332792119646
dist: 9.501107566328937
dist: 9.599337367932698
dist: 9.335867549295033
dist: 9.637837431833333
dist: 9.942065251098628
dist: 10.07569075372494
dist: 10.008362419557631
dist: 10.18268573098641
dist: 10.151559141178273
dist: 10.063744131207367
dist: 10.074886554611629
dist: 10.38221087562164
dist: 10.32362140040403
dist: 10.269320405165807
dist: 10.681820639699852
dist: 10.89028561711911
dist: 11.091341194839934
dist: 11.10601032566543
dist: 11.284503070995248
dist: 11.061591746052894
dist: 11.465058661776343
dist: 11.474530013480953
dist: 11.68452750361727
dist: 11.338972938687085
dist: 10.904679704238857
dist: 10.940913452722818
dist: 10.824284717452402
dist: 10.684899922446318
dist: 10.606268131325573
dist: 10.527415980018977
dist: 10.605151498296662
dist: 10.723324293108792
dist: 10.648206589403685
dist: 10.491641010503182
dist: 10.191032788526547
dist: 9.922260833159315
dist: 9.75437530295236
dist: 9.68099445484182
dist: 9.967860597935095
dist: 10.028263514185813
dist: 9.765862857809442
dist: 9.781070304507267
dist: 9.731901150274599
dist: 9.985408104599816
dist: 10.03281912110234
dist: 9.95949835353576
dist: 10.179344140784382
dist: 10.062937324259304
dist: 10.183746036350351
dist: 10.031944517901888
dist: 10.280355153951538
dist: 10.515858464091805
dist: 10.490534108889126
dist: 10.171020379947528
dist: 10.422931622698076
dist: 10.709619514387011
dist: 10.790365611736272
dist: 10.739717212972094
dist: 10.309628431907498
dist: 10.6017369859528
dist: 10.652463520243558
dist: 10.645874612089637
dist: 10.5976926654617
dist: 10.623236103686683
dist: 10.627644987828347
dist: 10.703598945118802
dist: 10.634492470502083
dist: 10.537640574099871
dist: 10.80322405579123
dist: 10.45076874952925
dist: 10.460528995743342
dist: 10.037406578778675
dist: 10.04697564831166
dist: 10.245523991038134
dist: 10.053206424806934
dist: 10.051463414757155
dist: 9.663109853982444
dist: 9.435089480714202
dist: 9.444908551421689
dist: 9.507575559389787
dist: 9.478268535540519
dist: 9.227618667559167
dist: 9.276893951704533
dist: 9.15675852276772
dist: 9.285686652616437
dist: 9.38995096973946
dist: 9.611870106043892
dist: 9.479595318852263
dist: 9.284997649969961
dist: 9.060295204044092
dist: 9.136754386092292
dist: 9.248112477255873
dist: 9.173915844216685
dist: 8.991218468257001
dist: 9.315701164133472
dist: 9.510972157655612
dist: 9.292649334228635
dist: 9.074420899674557
dist: 9.494257928851088
dist: 9.457436874878944
dist: 9.45074636598436
dist: 9.364923154681616
dist: 9.384964458644976
dist: 9.321291407408909
dist: 9.320523599072763
dist: 9.071582522707923
dist: 9.071786598555102
dist: 9.199065645228332
dist: 9.41264115773842
dist: 9.352197110846449
dist: 9.09246402435793
dist: 8.867700469569138
dist: 8.964251724135767
dist: 9.155919279155661
dist: 8.959529718297784
dist: 9.083337752631522
dist: 9.186680499874258
dist: 9.127692828897873
dist: 9.186417352429928
dist: 9.062628905165745
dist: 9.307162504326314
dist: 9.464282219007494
dist: 9.47905235037116
dist: 9.439454039003586
dist: 9.430228930739274
dist: 9.447895560398651
dist: 9.2544405013835
dist: 9.257016673486612
dist: 9.340440547842
dist: 9.393591601481607
dist: 9.471056466891737
dist: 9.393910343773289
dist: 9.234510309018116
dist: 9.43536576414855
dist: 9.188474746298198
dist: 8.659811754123492
dist: 8.545698733342766
dist: 8.528687064837367
dist: 8.414073042498323
dist: 8.30236793437273
dist: 8.040544807772777
dist: 8.050935283171803
dist: 8.192188994475092
dist: 8.12998236618721
dist: 7.868415907361516
dist: 7.9110537030069406
dist: 7.622892683775064
dist: 7.790751460568873
dist: 7.807623431318822
dist: 7.775068396793059
dist: 7.454099988365926
dist: 7.575248628017105
dist: 7.586561884695673
dist: 7.638975572133561
dist: 7.763019669338938
dist: 7.704032512124825
dist: 7.513781010694703
dist: 7.322199483858919
dist: 7.127966186083853
dist: 7.0120502516373655
dist: 7.213411015840156
dist: 7.439559274251504
dist: 7.726102841824198
dist: 7.559567862248899
dist: 7.710802135249767
dist: 7.775341751399131
dist: 7.788978063725749
dist: 7.308864498090414
dist: 7.247863249615653
dist: 7.171930173632571
dist: 7.226026249814171
dist: 7.04847982190827
dist: 7.215063447794881
dist: 7.230031979160559
dist: 7.289412245393176
dist: 7.370350900293561
dist: 7.479752009259392
dist: 7.413621109416622
dist: 7.71603410612805
dist: 7.786767898137907
dist: 7.639456000336923
dist: 7.674968302075885
dist: 7.7021263467733885
dist: 7.739230089544039
dist: 7.759509017992837
dist: 7.695688174956247
dist: 7.917060564704396
dist: 8.160229940374789
dist: 8.163967929182322
dist: 8.313406306702518
dist: 8.498664858071631
dist: 8.676265163764104
dist: 8.176273248398408
dist: 8.08783143191819
dist: 7.437555568481519
dist: 7.318969586475765
dist: 7.461913745696728
dist: 7.1773741084457185
dist: 6.764141650212447
dist: 6.539011032163518
dist: 6.4314377897424615
dist: 6.6501652569860665
dist: 6.788260105598801
dist: 6.635245796424361
dist: 6.659556326904566
dist: 6.6533893835290305
dist: 6.290088082191071
dist: 6.365188835650259
dist: 6.206037057463303
dist: 6.473513559587511
dist: 6.293420338295175
dist: 6.2770550716665365
dist: 6.177397904521324
dist: 6.328721768822113
dist: 6.090349684469364
dist: 5.9249478190687705
dist: 5.872898735080918
dist: 6.2043070800116915
dist: 5.877672428315837
dist: 6.304162020836654
dist: 6.322604313235939
dist: 6.453691101523046
dist: 6.252350453435325
dist: 6.023125947896882
dist: 6.076458525039132
dist: 6.186565701227181
dist: 6.041157331571365
dist: 6.30373219967817
dist: 6.31940710093369
dist: 6.678557522272414
dist: 6.756166741749693
dist: 6.873761951060943
dist: 6.912184235580187
dist: 6.769215339327662
dist: 6.6097022657743265
dist: 6.645016125498876
dist: 6.704251782164491
dist: 6.531441990685069
dist: 6.8632026826426165
dist: 6.826722684357035
dist: 6.414887573926393
dist: 6.636662846714381
dist: 6.911422185168285
dist: 6.577502475583513
dist: 6.8620412777539
dist: 6.844436488527088
dist: 6.879189588697462
dist: 6.675763959881513
dist: 6.701539908720279
dist: 6.238485945171429
dist: 6.468378425378633
dist: 6.633368610789712
dist: 6.7001636790939845
dist: 6.939272551051718
dist: 7.008246386441583
dist: 7.052722799510077
dist: 7.058480561007553
dist: 6.847071150946148
dist: 6.682602878733243
dist: 6.6546905413971915
dist: 6.135347727321838
dist: 5.95109586773794
dist: 6.041370574407814
dist: 5.866264180717138
dist: 5.90336472331733
dist: 6.334695355880205
dist: 6.224007941159073
dist: 5.9903889708760705
dist: 5.863331549279644
dist: 5.947852377978695
dist: 5.968171107979528
dist: 6.034976995592372
dist: 6.511467005310217
dist: 6.596654416972477
dist: 6.431691796309637
dist: 6.344281063514304
dist: 6.466244749743539
dist: 6.513823551372324
dist: 6.70371015873912
dist: 6.890848399078218
dist: 6.735432090411826
dist: 6.77977877281429
dist: 6.725924482396825
dist: 6.922092348280708
dist: 7.08091913437054
dist: 6.948082694869445
dist: 6.704686208240801
dist: 6.78271180117168
dist: 6.8195629009699825
dist: 6.386252066990051
dist: 5.9666065603851335
dist: 6.271554195069809
dist: 6.0783671557621
dist: 6.2432014477072855
dist: 6.353850707821152
dist: 6.200945919388657
dist: 6.023281063986017
dist: 5.7899833480880485
dist: 5.959754482261492
dist: 6.05392989197623
dist: 6.027750835663464
dist: 5.4933525166265005
dist: 5.561014373469606
dist: 5.643450422242955
dist: 5.400431623764596
dist: 5.477396100166423
dist: 5.752271825662914
dist: 5.706594432457219
dist: 5.656996714663814
dist: 5.831012082848299
dist: 5.770198981254072
dist: 5.747937776509699
dist: 5.470557273166362
dist: 5.461601583904109
dist: 5.3191900720269745
dist: 5.130857451689742
dist: 5.179192576903371
dist: 5.022621169929443
dist: 5.185677912262246
dist: 5.333984297242816
dist: 5.035411744033929
dist: 5.116227906094586
dist: 5.307106834708228
dist: 5.552503655929452
dist: 5.353279747601449
dist: 5.357073675004651
dist: 5.383391070087658
dist: 5.474029356822617
dist: 5.447597009236359
dist: 5.67309291639541
dist: 5.765754260440083
dist: 6.267612083718515
dist: 6.211334875161348
dist: 6.185732699945192
dist: 6.027792680500604
dist: 6.121918580242018
dist: 5.95924696058164
dist: 6.00578698205593
dist: 5.907246079486971
dist: 5.797979992903162
dist: 5.751157171784709
dist: 5.499352082985137
dist: 5.67525989754936
dist: 5.645906581896847
dist: 5.545574659964444
dist: 5.506159528247573
dist: 5.343593481408129
dist: 5.186384198574469
dist: 5.2231339872248075
dist: 5.431106804808962
dist: 5.302044490312558
dist: 5.520927578001514
dist: 5.396089937354611
dist: 5.321457882344024
dist: 5.443886963400711
dist: 5.050666310657131
dist: 4.956677938705579
dist: 4.897918542117937
dist: 5.24602447951443
dist: 5.133208112266947
dist: 5.0466047569351185
dist: 5.384361775686943
dist: 5.4275109021348165
dist: 5.410108417715678
dist: 5.317494589089282
dist: 5.218367251127984
dist: 5.277910081706794
dist: 4.840905165277653
dist: 4.8841219690450135
dist: 4.808199820659712
dist: 4.7786469220826655
dist: 4.635805073811973
dist: 4.7698730532049725
dist: 4.7561121938050785
dist: 4.544091175531978
dist: 4.582701864229791
dist: 4.509592623213954
dist: 4.394220123517497
dist: 4.330132732764441
dist: 4.180889210195333
dist: 4.187766267082482
dist: 4.330291065799885
dist: 4.301556917222354
dist: 4.555108990209323
dist: 4.747027970812699
dist: 4.796091601370151
dist: 4.482487424949404
dist: 4.5278483114586585
dist: 4.454747424512962
dist: 4.228263646396713
dist: 3.8821397573306884
dist: 3.9784975861645155
dist: 3.874079460374344
dist: 3.2958900332817245
dist: 2.9646058647169173
dist: 3.4050882954373622
dist: 3.5665696952223245
dist: 3.705270641708249
dist: 3.3918924445377043
dist: 3.474464519326829
dist: 3.568486623986412
dist: 3.483026611604866
dist: 3.257770002116163
dist: 3.2317110503775313
dist: 3.2997233382987994
dist: 3.2088000617249866
dist: 3.0648068080292186
dist: 3.0989474361926104
dist: 3.1773465474237272
dist: 2.97741621371063
dist: 2.9012430464958925
dist: 2.8182488222474804
dist: 2.9180972982075413
dist: 2.8290759944586332
dist: 3.206501642522792
dist: 2.9765400257246464
dist: 2.995576852205386
dist: 3.1990199905144125
dist: 3.4023195781878424
dist: 3.3995754024837197
dist: 3.5068758674851668
dist: 3.427053430924706
dist: 3.6145452272103666
dist: 3.8425358841616513
dist: 3.695571146315324
dist: 3.2697261615491717
dist: 3.249253025452495
dist: 3.0579526610172536
dist: 3.0457587618943625
dist: 3.083151115288478
dist: 3.3600065437544195
dist: 3.0964277274727054
dist: 2.947727109157958
dist: 2.96859937555422
dist: 3.015831044276434
dist: 3.1745624533061227
dist: 3.400161589168065
dist: 3.3784578884023144
dist: 3.3850640540800874
dist: 3.182390942441126
dist: 3.0543444524908048
dist: 3.015878133664154
dist: 2.612414694931695
dist: 3.0157568203360046
dist: 3.0653783227112044
dist: 3.445259519029188
dist: 3.3217441278083872
dist: 3.2176615097138392
dist: 3.039480664155486
dist: 2.8866290960674874
dist: 2.919566924960103
dist: 3.129741971947816
dist: 3.3953535066630773
dist: 3.600737166394365
dist: 3.794308555515795
dist: 4.21145651586712
dist: 4.146909932561383
dist: 4.221363021910402
dist: 4.009062742966754
dist: 4.083757167539479
dist: 3.993556050234242
dist: 4.000710534177565
dist: 4.041076373640225
dist: 3.4565251554170344
dist: 3.3786431717493537
dist: 3.321906934430402
dist: 3.198857735483203
dist: 3.554241481775581
dist: 3.2949509731582265
dist: 2.9927470661095756
dist: 3.0661410775698568
dist: 3.3082415934502216
dist: 3.177326615923297
dist: 3.0757643748379326
dist: 3.0126696459458078
dist: 3.1665449356646302
dist: 2.8309618883922716
dist: 2.5991906421395954
dist: 2.693002540153814
dist: 2.9016203532273486
dist: 3.0319187381628656
dist: 2.894914645971453
dist: 2.89964268164027
dist: 3.0274211829112656
dist: 3.218789525953194
dist: 3.106397899604691
dist: 3.0833723883812474
dist: 3.264235420114357
dist: 3.4154590472799145
dist: 3.923439327585396
dist: 3.702708777972384
dist: 3.4979823541635287
dist: 3.5811490680048474
dist: 3.576775412660697
dist: 3.610169993077719
dist: 3.1906592528550966
dist: 3.099432419779463
dist: 3.1716941601249276
dist: 3.052003048344111
dist: 3.0412692139236923
dist: 3.190928423124794
dist: 2.8826806973542296
dist: 3.043466444918683
dist: 3.12542295710124
dist: 2.87959804382473
dist: 2.842285577894669
dist: 2.775929531350523
dist: 2.6655827669025487
dist: 2.6128067426990937
dist: 2.689208561909341
dist: 2.7701929378239516
dist: 2.8849385245270365
dist: 2.961265477042177
dist: 2.9892488522955594
dist: 3.0172989471654756
dist: 3.0800258149432893
dist: 3.1813564431298094
dist: 3.1757700032719116
dist: 3.317955425754302
dist: 3.0825821754852845
dist: 2.895300582052953
dist: 2.7750641754050225
dist: 3.239294081186174
dist: 3.2535245725494524
dist: 3.099319996638662
dist: 3.0742481527140537
dist: 3.1586403150165037
dist: 3.5482176486075265
dist: 3.583697545401604
dist: 3.5963189690892094
dist: 3.662512034555982
dist: 3.4614814964357827
dist: 3.171078921759551
dist: 3.357285879042756
dist: 3.1139819861013156
dist: 3.3158984283822615
dist: 3.170334746869156
dist: 3.0058153616176493
dist: 2.7093611381186133
dist: 2.559269390861733
dist: 2.7606833440900704
dist: 3.099552945552297
dist: 3.17218404582261
dist: 3.654530367745619
dist: 3.7491339549375833
dist: 3.488650774315741
dist: 3.310615987136675
dist: 3.2503248104639506
dist: 3.3223520090909058
dist: 3.182228913076902
dist: 3.3484159556669018
dist: 3.3024790579484895
dist: 3.527470904473197
dist: 3.380412734423485
dist: 3.641977485978364
dist: 3.808777914128286
dist: 3.4120496241199483
dist: 3.3474250509369146
dist: 3.352396315692511
dist: 3.510167870362608
dist: 3.4255023672913243
dist: 3.4847806510433714
dist: 3.386546208557546
dist: 3.6984919631927013
dist: 3.85647954188096
dist: 3.8062157859833197
dist: 3.8113038446531644
dist: 3.599757178938126
]]></system-out>
  <system-err><![CDATA[]]></system-err>
</testsuite>
