<?xml version="1.0" encoding="UTF-8" ?>
<testsuite errors="0" failures="0" hostname="johanness-mbp-4" name="readdy.impl.sim.top.TopTest" tests="1" time="1.084" timestamp="2014-05-21T19:13:20">
  <properties>
    <property name="netbeans.autoupdate.country" value="US" />
    <property name="nb.wait.for.caches" value="true" />
    <property name="javac.test.classpath" value="lib/colt.jar:lib/statlab.jar:build/classes:/Applications/NetBeans/NetBeans 7.2.1.app/Contents/Resources/NetBeans/platform/modules/ext/junit-4.10.jar" />
    <property name="libs.junit.javadoc" value="/Applications/NetBeans/NetBeans 7.2.1.app/Contents/Resources/NetBeans/java/docs/junit-3.8.2-api.zip" />
    <property name="file.reference.colt.jar" value="lib/colt.jar" />
    <property name="ant.core.lib" value="/Applications/NetBeans/NetBeans 7.2.1.app/Contents/Resources/NetBeans/java/ant/lib/ant.jar" />
    <property name="javadoc.windowtitle" value="" />
    <property name="user.dir" value="/Users/johannesschoeneberg/Desktop/PhD/projects/ReaDDy/gitHub/readdy" />
    <property name="com.apple.mrj.application.apple.menu.about.name" value="NetBeans" />
    <property name="libs.hibernate-persistence.javadoc" value="" />
    <property name="java.vm.version" value="24.51-b03" />
    <property name="libs.MyLibrary.src" value="" />
    <property name="libs.MySQLDriver.classpath" value="/Applications/NetBeans/NetBeans 7.2.1.app/Contents/Resources/NetBeans/ide/modules/ext/mysql-connector-java-5.1.18-bin.jar" />
    <property name="libs.eclipselinkmodelgen.src" value="" />
    <property name="javadoc.notree" value="false" />
    <property name="netbeans.autoupdate.version" value="1.23" />
    <property name="libs.EclipseLink-GlassFish-v3.classpath" value="/Applications/NetBeans/glassfish-3.0.1/glassfish/modules/org.eclipse.persistence.antlr.jar:/Applications/NetBeans/glassfish-3.0.1/glassfish/modules/org.eclipse.persistence.asm.jar:/Applications/NetBeans/glassfish-3.0.1/glassfish/modules/org.eclipse.persistence.core.jar:/Applications/NetBeans/glassfish-3.0.1/glassfish/modules/org.eclipse.persistence.jpa.jar:/Applications/NetBeans/glassfish-3.0.1/glassfish/modules/org.eclipse.persistence.jpa.modelgen.jar:/Applications/NetBeans/glassfish-3.0.1/glassfish/modules/org.eclipse.persistence.oracle.jar:/Applications/NetBeans/glassfish-3.0.1/glassfish/modules/javax.persistence.jar" />
    <property name="libs.hibernate-support.maven-pom" value="" />
    <property name="libs.hibernate-support.javadoc" value="" />
    <property name="jdk.home" value="/Library/Java/JavaVirtualMachines/jdk1.7.0_51.jdk/Contents/Home" />
    <property name="libs.javac-api.src" value="" />
    <property name="javadoc.noindex" value="false" />
    <property name="sun.os.patch.level" value="unknown" />
    <property name="do.archive+manifest.available" value="true" />
    <property name="java.vm.specification.name" value="Java Virtual Machine Specification" />
    <property name="nb.show.statistics.ui" value="usageStatisticsEnabled" />
    <property name="netbeans.autoupdate.variant" value="" />
    <property name="have.tests" value="true" />
    <property name="org.xml.sax.driver" value="com.sun.org.apache.xerces.internal.jaxp.SAXParserImpl$JAXPSAXParser" />
    <property name="libs.javac-api.javadoc" value="" />
    <property name="os.name" value="Mac OS X" />
    <property name="libs.beans-binding.classpath" value="/Applications/NetBeans/NetBeans 7.2.1.app/Contents/Resources/NetBeans/java/modules/ext/beansbinding-1.2.1.jar" />
    <property name="libs.JWSAntTasks.maven-pom" value="" />
    <property name="jnlp.signing.keystore" value="" />
    <property name="libs.testng.src" value="" />
    <property name="java.vendor.url.bug" value="http://bugreport.sun.com/bugreport/" />
    <property name="libs.jaxb.maven-pom" value="" />
    <property name="os.arch" value="x86_64" />
    <property name="libs.eclipselink.src" value="" />
    <property name="user.name" value="johannesschoeneberg" />
    <property name="libs.Comet-GlassFish-v3.javadoc" value="" />
    <property name="copylibs.rebase" value="true" />
    <property name="manifest.available+main.class" value="true" />
    <property name="libs.swing-layout.maven-pom" value="" />
    <property name="sun.java.command" value="org.apache.tools.ant.taskdefs.optional.junit.JUnitTestRunner readdy.impl.sim.top.TopTest filtertrace=true haltOnError=false haltOnFailure=false showoutput=true outputtoformatters=true logfailedtests=true logtestlistenerevents=true formatter=org.apache.tools.ant.taskdefs.optional.junit.BriefJUnitResultFormatter formatter=org.apache.tools.ant.taskdefs.optional.junit.XMLJUnitResultFormatter,/Users/johannesschoeneberg/Desktop/PhD/projects/ReaDDy/gitHub/readdy/build/test/results/TEST-readdy.impl.sim.top.TopTest.xml crashfile=/Users/johannesschoeneberg/Desktop/PhD/projects/ReaDDy/gitHub/readdy/build/junitvmwatcher5275803893092341870.properties propsfile=/Users/johannesschoeneberg/Desktop/PhD/projects/ReaDDy/gitHub/readdy/build/junit3873780217823116115.properties" />
    <property name="build.classes.dir" value="build/classes" />
    <property name="netbeans.accept_license_class" value="org.netbeans.license.AcceptLicense" />
    <property name="jnlp.descriptor" value="application" />
    <property name="build.sysclasspath" value="ignore" />
    <property name="libs.jaxws21.javadoc" value="/Applications/NetBeans/NetBeans 7.2.1.app/Contents/Resources/NetBeans/java/docs/jaxws-api-doc.zip" />
    <property name="includes" value="**" />
    <property name="user.country" value="US" />
    <property name="manifest.file" value="manifest.mf" />
    <property name="javadoc.encoding" value="UTF-8" />
    <property name="javac.classpath" value="lib/colt.jar:lib/statlab.jar" />
    <property name="debug-transport" value="dt_socket" />
    <property name="netbeans.system_http_non_proxy_hosts" value="" />
    <property name="com.sun.mysql.port" value="3306" />
    <property name="netbeans.home" value="/Applications/NetBeans/NetBeans 7.2.1.app/Contents/Resources/NetBeans/platform" />
    <property name="build.compiler.emacs" value="true" />
    <property name="libs.ejb3-persistence.src" value="" />
    <property name="java.endorsed.dirs" value="/Library/Java/JavaVirtualMachines/jdk1.7.0_51.jdk/Contents/Home/jre/lib/endorsed" />
    <property name="libs.Comet-GlassFish-v3.maven-pom" value="" />
    <property name="netbeans.dynamic.classpath" value="/Applications/NetBeans/NetBeans 7.2.1.app/Contents/Resources/NetBeans/platform/core/core.jar:/Applications/NetBeans/NetBeans 7.2.1.app/Contents/Resources/NetBeans/platform/core/org-openide-filesystems.jar:/Applications/NetBeans/NetBeans 7.2.1.app/Contents/Resources/NetBeans/platform/core/locale/core_ja.jar:/Applications/NetBeans/NetBeans 7.2.1.app/Contents/Resources/NetBeans/platform/core/locale/core_pt_BR.jar:/Applications/NetBeans/NetBeans 7.2.1.app/Contents/Resources/NetBeans/platform/core/locale/core_ru.jar:/Applications/NetBeans/NetBeans 7.2.1.app/Contents/Resources/NetBeans/platform/core/locale/core_zh_CN.jar:/Applications/NetBeans/NetBeans 7.2.1.app/Contents/Resources/NetBeans/platform/core/locale/org-openide-filesystems_ja.jar:/Applications/NetBeans/NetBeans 7.2.1.app/Contents/Resources/NetBeans/platform/core/locale/org-openide-filesystems_pt_BR.jar:/Applications/NetBeans/NetBeans 7.2.1.app/Contents/Resources/NetBeans/platform/core/locale/org-openide-filesystems_ru.jar:/Applications/NetBeans/NetBeans 7.2.1.app/Contents/Resources/NetBeans/platform/core/locale/org-openide-filesystems_zh_CN.jar:/Applications/NetBeans/NetBeans 7.2.1.app/Contents/Resources/NetBeans/nb/core/org-netbeans-upgrader.jar:/Applications/NetBeans/NetBeans 7.2.1.app/Contents/Resources/NetBeans/nb/core/locale/core_nb.jar:/Applications/NetBeans/NetBeans 7.2.1.app/Contents/Resources/NetBeans/nb/core/locale/core_nb_ja.jar:/Applications/NetBeans/NetBeans 7.2.1.app/Contents/Resources/NetBeans/nb/core/locale/core_nb_pt_BR.jar:/Applications/NetBeans/NetBeans 7.2.1.app/Contents/Resources/NetBeans/nb/core/locale/core_nb_ru.jar:/Applications/NetBeans/NetBeans 7.2.1.app/Contents/Resources/NetBeans/nb/core/locale/core_nb_zh_CN.jar:/Applications/NetBeans/NetBeans 7.2.1.app/Contents/Resources/NetBeans/nb/core/locale/org-netbeans-upgrader_ja.jar:/Applications/NetBeans/NetBeans 7.2.1.app/Contents/Resources/NetBeans/nb/core/locale/org-netbeans-upgrader_pt_BR.jar:/Applications/NetBeans/NetBeans 7.2.1.app/Contents/Resources/NetBeans/nb/core/locale/org-netbeans-upgrader_ru.jar:/Applications/NetBeans/NetBeans 7.2.1.app/Contents/Resources/NetBeans/nb/core/locale/org-netbeans-upgrader_zh_CN.jar" />
    <property name="jnlp.enabled" value="false" />
    <property name="java.vm.specification.version" value="1.7" />
    <property name="ftp.nonProxyHosts" value="local|*.local|169.254/16|*.169.254/16" />
    <property name="netbeans.productversion" value="NetBeans IDE 7.2.1 (Build 201210100934)" />
    <property name="libs.hibernate-persistence.classpath" value="/Applications/NetBeans/NetBeans 7.2.1.app/Contents/Resources/NetBeans/java/modules/ext/hibernate/antlr-2.7.6.jar:/Applications/NetBeans/NetBeans 7.2.1.app/Contents/Resources/NetBeans/java/modules/ext/hibernate/asm.jar:/Applications/NetBeans/NetBeans 7.2.1.app/Contents/Resources/NetBeans/java/modules/ext/hibernate/asm-attrs.jar:/Applications/NetBeans/NetBeans 7.2.1.app/Contents/Resources/NetBeans/java/modules/ext/hibernate/cglib-2.1.3.jar:/Applications/NetBeans/NetBeans 7.2.1.app/Contents/Resources/NetBeans/java/modules/ext/hibernate/commons-collections-2.1.1.jar:/Applications/NetBeans/NetBeans 7.2.1.app/Contents/Resources/NetBeans/ide/modules/org-apache-commons-logging.jar:/Applications/NetBeans/NetBeans 7.2.1.app/Contents/Resources/NetBeans/java/modules/ext/hibernate/dom4j-1.6.1.jar:/Applications/NetBeans/NetBeans 7.2.1.app/Contents/Resources/NetBeans/java/modules/ext/hibernate/ehcache-1.2.3.jar:/Applications/NetBeans/NetBeans 7.2.1.app/Contents/Resources/NetBeans/java/modules/ext/hibernate/jdbc2_0-stdext.jar:/Applications/NetBeans/NetBeans 7.2.1.app/Contents/Resources/NetBeans/java/modules/ext/hibernate/jta.jar:/Applications/NetBeans/NetBeans 7.2.1.app/Contents/Resources/NetBeans/java/modules/ext/hibernate/hibernate3.jar:/Applications/NetBeans/NetBeans 7.2.1.app/Contents/Resources/NetBeans/java/modules/ext/hibernate/hibernate-tools.jar:/Applications/NetBeans/NetBeans 7.2.1.app/Contents/Resources/NetBeans/java/modules/ext/hibernate/hibernate-annotations.jar:/Applications/NetBeans/NetBeans 7.2.1.app/Contents/Resources/NetBeans/java/modules/ext/hibernate/hibernate-commons-annotations.jar:/Applications/NetBeans/NetBeans 7.2.1.app/Contents/Resources/NetBeans/java/modules/ext/hibernate/hibernate-entitymanager.jar:/Applications/NetBeans/NetBeans 7.2.1.app/Contents/Resources/NetBeans/java/modules/ext/hibernate/javassist.jar:/Applications/NetBeans/NetBeans 7.2.1.app/Contents/Resources/NetBeans/java/modules/ext/hibernate/ejb3-persistence.jar" />
    <property name="libs.jaxws21.src" value="" />
    <property name="application.title" value="ReaDDy" />
    <property name="do.archive" value="true" />
    <property name="netbeans.autoupdate.language" value="en" />
    <property name="java.vendor" value="Oracle Corporation" />
    <property name="sun.font.fontmanager" value="sun.font.CFontManager" />
    <property name="jar.index.metainf" value="false" />
    <property name="javac.debug" value="true" />
    <property name="javadoc.splitindex" value="true" />
    <property name="file.separator" value="/" />
    <property name="libs.junit_4.maven-pom" value="" />
    <property name="mkdist.disabled" value="false" />
    <property name="javac.test.processorpath" value="lib/colt.jar:lib/statlab.jar:build/classes:/Applications/NetBeans/NetBeans 7.2.1.app/Contents/Resources/NetBeans/platform/modules/ext/junit-4.10.jar" />
    <property name="netbeans.buildnumber" value="201210100934" />
    <property name="libs.JWSAntTasks.javadoc" value="" />
    <property name="build.generated.sources.dir" value="build/generated-sources" />
    <property name="libs.eclipselinkmodelgen.classpath" value="/Applications/NetBeans/NetBeans 7.2.1.app/Contents/Resources/NetBeans/java/modules/ext/eclipselink/org.eclipse.persistence.jpa.modelgen.processor-2.3.2.jar" />
    <property name="sun.java.launcher" value="SUN_STANDARD" />
    <property name="libs.junit.classpath" value="/Applications/NetBeans/NetBeans 7.2.1.app/Contents/Resources/NetBeans/java/modules/ext/junit-3.8.2.jar" />
    <property name="libs.jaxb.javadoc" value="/Applications/NetBeans/NetBeans 7.2.1.app/Contents/Resources/NetBeans/ide/docs/jaxb-api-doc.zip" />
    <property name="ant.home" value="/Applications/NetBeans/NetBeans 7.2.1.app/Contents/Resources/NetBeans/java/ant" />
    <property name="libs.junit_4.src" value="/Applications/NetBeans/NetBeans 7.2.1.app/Contents/Resources/NetBeans/java/docs/junit-4.10-sources.jar" />
    <property name="libs.testng.classpath" value="/Applications/NetBeans/NetBeans 7.2.1.app/Contents/Resources/NetBeans/platform/modules/ext/testng-6.5.1-dist.jar" />
    <property name="libs.absolutelayout.maven-pom" value="" />
    <property name="ant.java.version" value="1.7" />
    <property name="java.library.path" value="/Users/johannesschoeneberg/Library/Java/Extensions:/Library/Java/Extensions:/Network/Library/Java/Extensions:/System/Library/Java/Extensions:/usr/lib/java:." />
    <property name="javadoc.author" value="false" />
    <property name="manifest.available+main.class-mkdist.available" value="true" />
    <property name="libs.EclipseLink-GlassFish-v3.src" value="" />
    <property name="java.util.logging.config.class" value="org.netbeans.core.startup.TopLogging" />
    <property name="libs.PostgreSQLDriver.src" value="" />
    <property name="sun.arch.data.model" value="64" />
    <property name="basedir" value="/Users/johannesschoeneberg/Desktop/PhD/projects/ReaDDy/gitHub/readdy" />
    <property name="libs.jpa20-persistence.maven-pom" value="" />
    <property name="jar.compress" value="false" />
    <property name="path.separator" value=":" />
    <property name="ant.junit.enabletestlistenerevents" value="true" />
    <property name="sun.io.unicode.encoding" value="UnicodeBig" />
    <property name="libs.jaxws21.classpath" value="/Applications/NetBeans/NetBeans 7.2.1.app/Contents/Resources/NetBeans/ide/modules/ext/jaxb/jaxb-impl.jar:/Applications/NetBeans/NetBeans 7.2.1.app/Contents/Resources/NetBeans/ide/modules/ext/jaxb/jaxb-xjc.jar:/Applications/NetBeans/NetBeans 7.2.1.app/Contents/Resources/NetBeans/java/modules/ext/jaxws22/FastInfoset.jar:/Applications/NetBeans/NetBeans 7.2.1.app/Contents/Resources/NetBeans/java/modules/ext/jaxws22/gmbal-api-only.jar:/Applications/NetBeans/NetBeans 7.2.1.app/Contents/Resources/NetBeans/java/modules/ext/jaxws22/ha-api.jar:/Applications/NetBeans/NetBeans 7.2.1.app/Contents/Resources/NetBeans/java/modules/ext/jaxws22/javax.mail_1.4.jar:/Applications/NetBeans/NetBeans 7.2.1.app/Contents/Resources/NetBeans/java/modules/ext/jaxws22/jaxws-rt.jar:/Applications/NetBeans/NetBeans 7.2.1.app/Contents/Resources/NetBeans/java/modules/ext/jaxws22/jaxws-tools.jar:/Applications/NetBeans/NetBeans 7.2.1.app/Contents/Resources/NetBeans/java/modules/ext/jaxws22/management-api.jar:/Applications/NetBeans/NetBeans 7.2.1.app/Contents/Resources/NetBeans/java/modules/ext/jaxws22/mimepull.jar:/Applications/NetBeans/NetBeans 7.2.1.app/Contents/Resources/NetBeans/java/modules/ext/jaxws22/policy.jar:/Applications/NetBeans/NetBeans 7.2.1.app/Contents/Resources/NetBeans/java/modules/ext/jaxws22/saaj-impl.jar:/Applications/NetBeans/NetBeans 7.2.1.app/Contents/Resources/NetBeans/java/modules/ext/jaxws22/stax-ex.jar:/Applications/NetBeans/NetBeans 7.2.1.app/Contents/Resources/NetBeans/java/modules/ext/jaxws22/stax2-api.jar:/Applications/NetBeans/NetBeans 7.2.1.app/Contents/Resources/NetBeans/java/modules/ext/jaxws22/streambuffer.jar:/Applications/NetBeans/NetBeans 7.2.1.app/Contents/Resources/NetBeans/java/modules/ext/jaxws22/woodstox-core-asl.jar:/Applications/NetBeans/NetBeans 7.2.1.app/Contents/Resources/NetBeans/java/modules/ext/jaxws22/api/jaxws-api.jar:/Applications/NetBeans/NetBeans 7.2.1.app/Contents/Resources/NetBeans/java/modules/ext/jaxws22/api/jsr181-api.jar:/Applications/NetBeans/NetBeans 7.2.1.app/Contents/Resources/NetBeans/java/modules/ext/jaxws22/api/javax.annotation.jar:/Applications/NetBeans/NetBeans 7.2.1.app/Contents/Resources/NetBeans/java/modules/ext/jaxws22/api/saaj-api.jar:/Applications/NetBeans/NetBeans 7.2.1.app/Contents/Resources/NetBeans/ide/modules/ext/jaxb/activation.jar:/Applications/NetBeans/NetBeans 7.2.1.app/Contents/Resources/NetBeans/ide/modules/ext/jaxb/api/jaxb-api.jar:/Applications/NetBeans/NetBeans 7.2.1.app/Contents/Resources/NetBeans/ide/modules/ext/jaxb/api/jsr173_1.0_api.jar" />
    <property name="compile.on.save" value="true" />
    <property name="ant.file.ReaDDy" value="/Users/johannesschoeneberg/Desktop/PhD/projects/ReaDDy/gitHub/readdy/build.xml" />
    <property name="apple.awt.graphics.UseQuartz" value="true" />
    <property name="user.language" value="en" />
    <property name="testng.mode" value="testng" />
    <property name="libs.JAXB-ENDORSED.maven-pom" value="" />
    <property name="libs.spring-framework.classpath" value="/Applications/NetBeans/NetBeans 7.2.1.app/Contents/Resources/NetBeans/ide/modules/org-apache-commons-logging.jar:/Applications/NetBeans/NetBeans 7.2.1.app/Contents/Resources/NetBeans/java/modules/ext/cglib-2.2.jar:/Applications/NetBeans/NetBeans 7.2.1.app/Contents/Resources/NetBeans/java/modules/ext/spring/spring-2.5.6.SEC03.jar" />
    <property name="libs.eclipselink.maven-pom" value="" />
    <property name="application.vendor" value="Jojo" />
    <property name="manifest.available" value="true" />
    <property name="libs.spring-framework300.maven-pom" value="" />
    <property name="run.test.classpath" value="lib/colt.jar:lib/statlab.jar:build/classes:/Applications/NetBeans/NetBeans 7.2.1.app/Contents/Resources/NetBeans/platform/modules/ext/junit-4.10.jar:build/test/classes" />
    <property name="ant.project.invoked-targets" value="test" />
    <property name="libs.swing-layout.javadoc" value="/Applications/NetBeans/NetBeans 7.2.1.app/Contents/Resources/NetBeans/platform/docs/swing-layout-1.0.4-doc.zip" />
    <property name="libs.ejb3-persistence.maven-pom" value="" />
    <property name="gopherProxySet" value="false" />
    <property name="libs.PostgreSQLDriver.maven-pom" value="" />
    <property name="java.class.version" value="51.0" />
    <property name="netbeans.system_http_proxy" value="DIRECT" />
    <property name="libs.eclipselink.javadoc" value="" />
    <property name="user.properties.file" value="/Users/johannesschoeneberg/Library/Application Support/NetBeans/7.2.1/build.properties" />
    <property name="runtime.encoding" value="UTF-8" />
    <property name="libs.spring-framework.src" value="" />
    <property name="libs.javac-api.maven-pom" value="" />
    <property name="file.encoding.pkg" value="sun.io" />
    <property name="sun.cpu.endian" value="little" />
    <property name="libs.JAXB-ENDORSED.javadoc" value="" />
    <property name="libs.JWSAntTasks.classpath" value="/Applications/NetBeans/NetBeans 7.2.1.app/Contents/Resources/NetBeans/java/ant/extra/org-netbeans-modules-javawebstart-anttasks.jar" />
    <property name="libs.spring-framework300.src" value="" />
    <property name="empty.dir" value="/Users/johannesschoeneberg/Desktop/PhD/projects/ReaDDy/gitHub/readdy/build/empty" />
    <property name="version-output" value="java version &quot;1.7" />
    <property name="javadoc.preview" value="true" />
    <property name="socksNonProxyHosts" value="local|*.local|169.254/16|*.169.254/16" />
    <property name="libs.jpa20-persistence.javadoc" value="" />
    <property name="java.home" value="/Library/Java/JavaVirtualMachines/jdk1.7.0_51.jdk/Contents/Home/jre" />
    <property name="debug.test.classpath" value="lib/colt.jar:lib/statlab.jar:build/classes:/Applications/NetBeans/NetBeans 7.2.1.app/Contents/Resources/NetBeans/platform/modules/ext/junit-4.10.jar:build/test/classes" />
    <property name="netbeans.importclass" value="org.netbeans.upgrade.AutoUpgrade" />
    <property name="ant.project.default-target" value="default" />
    <property name="annotation.processing.run.all.processors" value="true" />
    <property name="libs.MyLibrary.classpath" value="/Users/Jojo/NetBeansProjects/IoTools/dist/IoTools.jar" />
    <property name="jar.archive.disabled" value="false" />
    <property name="jnlp.signing.alias" value="" />
    <property name="libs.PostgreSQLDriver.javadoc" value="" />
    <property name="com.sun.mysql.stopcommand" value="/usr/local/mysql/support-files/mysql-admin.server" />
    <property name="libs.MySQLDriver.maven-pom" value="" />
    <property name="ant.file.type.ReaDDy-impl" value="file" />
    <property name="http.nonProxyHosts" value="local|*.local|169.254/16|*.169.254/16" />
    <property name="libs.junit_4.javadoc" value="/Applications/NetBeans/NetBeans 7.2.1.app/Contents/Resources/NetBeans/java/docs/junit-4.10-javadoc.jar" />
    <property name="libs.EclipseLink-GlassFish-v3.maven-pom" value="" />
    <property name="run.classpath" value="lib/colt.jar:lib/statlab.jar:build/classes" />
    <property name="libs.hibernate-support.src" value="" />
    <property name="jna.boot.library.name" value="jnidispatch-340" />
    <property name="sun.awt.datatransfer.timeout" value="1000" />
    <property name="annotation.processing.enabled.in.editor" value="false" />
    <property name="sun.management.compiler" value="HotSpot 64-Bit Tiered Compilers" />
    <property name="javac.deprecation" value="false" />
    <property name="javadoc.use" value="true" />
    <property name="sun.java2d.noddraw" value="true" />
    <property name="javac.processorpath" value="lib/colt.jar:lib/statlab.jar" />
    <property name="javac.compilerargs" value="" />
    <property name="svnkit.http.methods" value="Basic" />
    <property name="ant.file" value="/Users/johannesschoeneberg/Desktop/PhD/projects/ReaDDy/gitHub/readdy/build.xml" />
    <property name="libs.beans-binding.maven-pom" value="" />
    <property name="jnlp.codebase.type" value="no.codebase" />
    <property name="libs.beans-binding.src" value="" />
    <property name="java.vm.specification.vendor" value="Oracle Corporation" />
    <property name="libs.swing-layout.src" value="/Applications/NetBeans/NetBeans 7.2.1.app/Contents/Resources/NetBeans/platform/docs/swing-layout-1.0.4-src.zip" />
    <property name="org.openide.major.version" value="IDE/1" />
    <property name="java.vm.name" value="Java HotSpot(TM) 64-Bit Server VM" />
    <property name="netbeans.user" value="/Users/johannesschoeneberg/Library/Application Support/NetBeans/7.2.1" />
    <property name="javadoc.additionalparam" value="" />
    <property name="jnlp.offline-allowed" value="false" />
    <property name="java.io.tmpdir" value="/var/folders/3g/_bpdg45s3zv2x4ktzdvpvsnw0000gn/T/" />
    <property name="java.vendor.url" value="http://java.oracle.com/" />
    <property name="endorsed.classpath.cmd.line.arg" value="" />
    <property name="junit.available" value="true" />
    <property name="org.openide.awt.ActionReference.completion" value="org.netbeans.modules.apisupport.project.layers.PathCompletions" />
    <property name="sun.boot.library.path" value="/Library/Java/JavaVirtualMachines/jdk1.7.0_51.jdk/Contents/Home/jre/lib" />
    <property name="have.sources" value="true" />
    <property name="debug.classpath" value="lib/colt.jar:lib/statlab.jar:build/classes" />
    <property name="javadoc.private" value="false" />
    <property name="test.src.dir" value="test" />
    <property name="libs.MyLibrary.javadoc" value="" />
    <property name="meta.inf.dir" value="src/META-INF" />
    <property name="javadoc.encoding.used" value="UTF-8" />
    <property name="dist.jar" value="dist/ReaDDy.jar" />
    <property name="netbeans.automatic.build" value="true" />
    <property name="java.runtime.name" value="Java(TM) SE Runtime Environment" />
    <property name="ant.project.name" value="ReaDDy" />
    <property name="netbeans.hash.code" value="unique=NB_JAVA056e4f842-5fe4-4f9b-9400-70920d741659_f13b8425-b6a4-4f8b-97bd-90bd6ef862dd" />
    <property name="netbeans.default_userdir_root" value="/Users/johannesschoeneberg/Library/Application Support/NetBeans" />
    <property name="manifest.available-mkdist.available" value="true" />
    <property name="sun.cpu.isalist" value="" />
    <property name="libs.CopyLibs.javadoc" value="" />
    <property name="org.openide.specification.version" value="6.2" />
    <property name="libs.hibernate-support.classpath" value="/Applications/NetBeans/NetBeans 7.2.1.app/Contents/Resources/NetBeans/java/modules/ext/hibernate/antlr-2.7.6.jar:/Applications/NetBeans/NetBeans 7.2.1.app/Contents/Resources/NetBeans/java/modules/ext/hibernate/asm.jar:/Applications/NetBeans/NetBeans 7.2.1.app/Contents/Resources/NetBeans/java/modules/ext/hibernate/asm-attrs.jar:/Applications/NetBeans/NetBeans 7.2.1.app/Contents/Resources/NetBeans/java/modules/ext/hibernate/cglib-2.1.3.jar:/Applications/NetBeans/NetBeans 7.2.1.app/Contents/Resources/NetBeans/java/modules/ext/hibernate/commons-collections-2.1.1.jar:/Applications/NetBeans/NetBeans 7.2.1.app/Contents/Resources/NetBeans/ide/modules/org-apache-commons-logging.jar:/Applications/NetBeans/NetBeans 7.2.1.app/Contents/Resources/NetBeans/java/modules/ext/hibernate/dom4j-1.6.1.jar:/Applications/NetBeans/NetBeans 7.2.1.app/Contents/Resources/NetBeans/java/modules/ext/hibernate/ehcache-1.2.3.jar:/Applications/NetBeans/NetBeans 7.2.1.app/Contents/Resources/NetBeans/java/modules/ext/hibernate/jdbc2_0-stdext.jar:/Applications/NetBeans/NetBeans 7.2.1.app/Contents/Resources/NetBeans/java/modules/ext/hibernate/jta.jar:/Applications/NetBeans/NetBeans 7.2.1.app/Contents/Resources/NetBeans/java/modules/ext/hibernate/hibernate3.jar:/Applications/NetBeans/NetBeans 7.2.1.app/Contents/Resources/NetBeans/java/modules/ext/hibernate/hibernate-tools.jar:/Applications/NetBeans/NetBeans 7.2.1.app/Contents/Resources/NetBeans/java/modules/ext/hibernate/hibernate-annotations.jar:/Applications/NetBeans/NetBeans 7.2.1.app/Contents/Resources/NetBeans/java/modules/ext/hibernate/hibernate-commons-annotations.jar:/Applications/NetBeans/NetBeans 7.2.1.app/Contents/Resources/NetBeans/java/modules/ext/hibernate/hibernate-entitymanager.jar:/Applications/NetBeans/NetBeans 7.2.1.app/Contents/Resources/NetBeans/java/modules/ext/hibernate/javassist.jar" />
    <property name="user.home" value="/Users/johannesschoeneberg" />
    <property name="annotation.processing.processors.list" value="" />
    <property name="debug-args-line" value="-Xdebug" />
    <property name="libs.JWSAntTasks.src" value="" />
    <property name="jar.index" value="false" />
    <property name="libs.CopyLibs.maven-pom" value="" />
    <property name="libs.spring-framework300.javadoc" value="" />
    <property name="libs.hibernate-persistence.maven-pom" value="" />
    <property name="libs.absolutelayout.javadoc" value="" />
    <property name="java.specification.name" value="Java Platform API Specification" />
    <property name="do.archive+main.class.available" value="true" />
    <property name="jnlp.mixed.code" value="default" />
    <property name="java.specification.vendor" value="Oracle Corporation" />
    <property name="libs.javac-api.classpath" value="/Applications/NetBeans/NetBeans 7.2.1.app/Contents/Resources/NetBeans/java/modules/ext/nb-javac-api.jar" />
    <property name="java.version" value="1.7.0_51" />
    <property name="run.jvmargs.ide" value="" />
    <property name="javadoc.version" value="false" />
    <property name="libs.MySQLDriver.javadoc" value="" />
    <property name="org.openide.version" value="deprecated" />
    <property name="ant.file.ReaDDy-impl" value="/Users/johannesschoeneberg/Desktop/PhD/projects/ReaDDy/gitHub/readdy/nbproject/build-impl.xml" />
    <property name="source.encoding" value="UTF-8" />
    <property name="ap.cmd.line.internal" value="" />
    <property name="libs.eclipselinkmodelgen.maven-pom" value="" />
    <property name="libs.junit.maven-pom" value="" />
    <property name="libs.eclipselinkmodelgen.javadoc" value="" />
    <property name="netbeans.home+have.tests" value="true" />
    <property name="annotation.processing.processor.options" value="" />
    <property name="libs.testng.maven-pom" value="" />
    <property name="libs.jaxb.src" value="" />
    <property name="work.dir" value="/Users/johannesschoeneberg/Desktop/PhD/projects/ReaDDy/gitHub/readdy" />
    <property name="libs.jaxb.classpath" value="/Applications/NetBeans/NetBeans 7.2.1.app/Contents/Resources/NetBeans/ide/modules/ext/jaxb/jaxb-impl.jar:/Applications/NetBeans/NetBeans 7.2.1.app/Contents/Resources/NetBeans/ide/modules/ext/jaxb/jaxb-xjc.jar:/Applications/NetBeans/NetBeans 7.2.1.app/Contents/Resources/NetBeans/ide/modules/ext/jaxb/jaxb1-impl.jar:/Applications/NetBeans/NetBeans 7.2.1.app/Contents/Resources/NetBeans/ide/modules/ext/jaxb/activation.jar:/Applications/NetBeans/NetBeans 7.2.1.app/Contents/Resources/NetBeans/ide/modules/ext/jaxb/api/jaxb-api.jar:/Applications/NetBeans/NetBeans 7.2.1.app/Contents/Resources/NetBeans/ide/modules/ext/jaxb/api/jsr173_1.0_api.jar" />
    <property name="do.depend" value="false" />
    <property name="com.sun.mysql.startargs" value="start" />
    <property name="dist.javadoc.dir" value="dist/javadoc" />
    <property name="libs.swing-layout.classpath" value="/Applications/NetBeans/NetBeans 7.2.1.app/Contents/Resources/NetBeans/platform/modules/ext/swing-layout-1.0.4.jar" />
    <property name="build.generated.dir" value="build/generated" />
    <property name="javac.source" value="1.5" />
    <property name="libs.hibernate-persistence.src" value="" />
    <property name="line.separator" value="&#xa;" />
    <property name="java.specification.version" value="1.7" />
    <property name="libs.jaxws21.maven-pom" value="" />
    <property name="java.vm.info" value="mixed mode" />
    <property name="nb.junit.batch" value="true" />
    <property name="junit.forkmode" value="perTest" />
    <property name="libs.spring-framework.maven-pom" value="" />
    <property name="sun.boot.class.path" value="/Library/Java/JavaVirtualMachines/jdk1.7.0_51.jdk/Contents/Home/jre/lib/resources.jar:/Library/Java/JavaVirtualMachines/jdk1.7.0_51.jdk/Contents/Home/jre/lib/rt.jar:/Library/Java/JavaVirtualMachines/jdk1.7.0_51.jdk/Contents/Home/jre/lib/sunrsasign.jar:/Library/Java/JavaVirtualMachines/jdk1.7.0_51.jdk/Contents/Home/jre/lib/jsse.jar:/Library/Java/JavaVirtualMachines/jdk1.7.0_51.jdk/Contents/Home/jre/lib/jce.jar:/Library/Java/JavaVirtualMachines/jdk1.7.0_51.jdk/Contents/Home/jre/lib/charsets.jar:/Library/Java/JavaVirtualMachines/jdk1.7.0_51.jdk/Contents/Home/jre/lib/jfr.jar:/Library/Java/JavaVirtualMachines/jdk1.7.0_51.jdk/Contents/Home/jre/classes" />
    <property name="javac.target" value="1.5" />
    <property name="built-jar.properties" value="/Users/johannesschoeneberg/Desktop/PhD/projects/ReaDDy/gitHub/readdy/build/built-jar.properties" />
    <property name="build.test.classes.dir" value="build/test/classes" />
    <property name="src.dir" value="src" />
    <property name="annotation.processing.enabled" value="true" />
    <property name="com.sun.mysql.startcommand" value="/usr/local/mysql/support-files/mysql-admin.server" />
    <property name="libs.jpa20-persistence.src" value="" />
    <property name="file.reference.statlab.jar" value="lib/statlab.jar" />
    <property name="ignore.failing.tests" value="true" />
    <property name="libs.Comet-GlassFish-v3.classpath" value="/Applications/NetBeans/glassfish-3.0.1/glassfish/modules/grizzly-comet.jar" />
    <property name="dist.dir" value="dist" />
    <property name="do.archive+manifest.available+main.class" value="true" />
    <property name="testng.debug.mode" value="" />
    <property name="javac.fork" value="false" />
    <property name="java.awt.printerjob" value="sun.lwawt.macosx.CPrinterJob" />
    <property name="default.javac.source" value="1.7" />
    <property name="com.sun.mysql.stopargs" value="stop" />
    <property name="debug-transport-by-os" value="dt_socket" />
    <property name="libs.MySQLDriver.src" value="" />
    <property name="sun.jnu.encoding" value="UTF-8" />
    <property name="java.runtime.version" value="1.7.0_51-b13" />
    <property name="build.test.results.dir" value="build/test/results" />
    <property name="libs.ejb3-persistence.javadoc" value="" />
    <property name="manifest.available+main.class+mkdist.available" value="true" />
    <property name="jna.platform.library.path" value="/usr/lib:/usr/lib" />
    <property name="default.javac.target" value="1.7" />
    <property name="libs.junit_4.classpath" value="/Applications/NetBeans/NetBeans 7.2.1.app/Contents/Resources/NetBeans/platform/modules/ext/junit-4.10.jar" />
    <property name="user.timezone" value="" />
    <property name="nb.junit.single" value="false" />
    <property name="do.jar" value="true" />
    <property name="netbeans.dirs" value="/Applications/NetBeans/NetBeans 7.2.1.app/Contents/Resources/NetBeans/nb:/Applications/NetBeans/NetBeans 7.2.1.app/Contents/Resources/NetBeans/ergonomics:/Applications/NetBeans/NetBeans 7.2.1.app/Contents/Resources/NetBeans/ide:/Applications/NetBeans/NetBeans 7.2.1.app/Contents/Resources/NetBeans/java:/Applications/NetBeans/NetBeans 7.2.1.app/Contents/Resources/NetBeans/apisupport:/Applications/NetBeans/NetBeans 7.2.1.app/Contents/Resources/NetBeans/webcommon:/Applications/NetBeans/NetBeans 7.2.1.app/Contents/Resources/NetBeans/websvccommon:/Applications/NetBeans/NetBeans 7.2.1.app/Contents/Resources/NetBeans/enterprise:/Applications/NetBeans/NetBeans 7.2.1.app/Contents/Resources/NetBeans/mobility:/Applications/NetBeans/NetBeans 7.2.1.app/Contents/Resources/NetBeans/profiler:/Applications/NetBeans/NetBeans 7.2.1.app/Contents/Resources/NetBeans/python:/Applications/NetBeans/NetBeans 7.2.1.app/Contents/Resources/NetBeans/php:/Applications/NetBeans/NetBeans 7.2.1.app/Contents/Resources/NetBeans/identity:/Applications/NetBeans/NetBeans 7.2.1.app/Contents/Resources/NetBeans/harness:/Applications/NetBeans/NetBeans 7.2.1.app/Contents/Resources/NetBeans/cnd:/Applications/NetBeans/NetBeans 7.2.1.app/Contents/Resources/NetBeans/dlight:/Applications/NetBeans/NetBeans 7.2.1.app/Contents/Resources/NetBeans/groovy:/Applications/NetBeans/NetBeans 7.2.1.app/Contents/Resources/NetBeans/extra:/Applications/NetBeans/NetBeans 7.2.1.app/Contents/Resources/NetBeans/javacard:/Applications/NetBeans/NetBeans 7.2.1.app/Contents/Resources/NetBeans/javafx:" />
    <property name="java.ext.dirs" value="/Users/johannesschoeneberg/Library/Java/Extensions:/Library/Java/JavaVirtualMachines/jdk1.7.0_51.jdk/Contents/Home/jre/lib/ext:/Library/Java/Extensions:/Network/Library/Java/Extensions:/System/Library/Java/Extensions:/usr/lib/java" />
    <property name="libs.MyLibrary.maven-pom" value="" />
    <property name="endorsed.classpath" value="" />
    <property name="libs.absolutelayout.classpath" value="/Applications/NetBeans/NetBeans 7.2.1.app/Contents/Resources/NetBeans/java/modules/ext/AbsoluteLayout.jar" />
    <property name="excludes" value="" />
    <property name="java.class.path" value="/Users/johannesschoeneberg/Desktop/PhD/projects/ReaDDy/gitHub/readdy/lib/colt.jar:/Users/johannesschoeneberg/Desktop/PhD/projects/ReaDDy/gitHub/readdy/lib/statlab.jar:/Users/johannesschoeneberg/Desktop/PhD/projects/ReaDDy/gitHub/readdy/build/classes:/Applications/NetBeans/NetBeans 7.2.1.app/Contents/Resources/NetBeans/platform/modules/ext/junit-4.10.jar:/Users/johannesschoeneberg/Desktop/PhD/projects/ReaDDy/gitHub/readdy/build/test/classes:/Applications/NetBeans/NetBeans 7.2.1.app/Contents/Resources/NetBeans/java/ant/lib/ant-launcher.jar:/Applications/NetBeans/NetBeans 7.2.1.app/Contents/Resources/NetBeans/java/ant/lib/ant.jar:/Applications/NetBeans/NetBeans 7.2.1.app/Contents/Resources/NetBeans/java/ant/lib/ant-junit.jar:/Applications/NetBeans/NetBeans 7.2.1.app/Contents/Resources/NetBeans/java/ant/lib/ant-junit4.jar" />
    <property name="apple.laf.useScreenMenuBar" value="true" />
    <property name="do.mkdist" value="true" />
    <property name="libs.absolutelayout.src" value="" />
    <property name="libs.jpa20-persistence.classpath" value="/Applications/NetBeans/NetBeans 7.2.1.app/Contents/Resources/NetBeans/java/modules/ext/eclipselink/javax.persistence-2.0.3.jar" />
    <property name="os.version" value="10.9.2" />
    <property name="application.args" value="" />
    <property name="libs.EclipseLink-GlassFish-v3.javadoc" value="/Applications/NetBeans/NetBeans 6.9.app/Contents/Resources/NetBeans/enterprise/docs/javaee6-doc-api.zip" />
    <property name="main.class.available" value="true" />
    <property name="sun.awt.enableExtraMouseButtons" value="true" />
    <property name="libs.Comet-GlassFish-v3.src" value="" />
    <property name="libs.JAXB-ENDORSED.classpath" value="/Applications/NetBeans/NetBeans 7.2.1.app/Contents/Resources/NetBeans/ide/modules/ext/jaxb/api/jaxb-api.jar" />
    <property name="libs.eclipselink.classpath" value="/Applications/NetBeans/NetBeans 7.2.1.app/Contents/Resources/NetBeans/java/modules/ext/eclipselink/eclipselink-2.3.2.jar:/Applications/NetBeans/NetBeans 7.2.1.app/Contents/Resources/NetBeans/java/modules/ext/eclipselink/javax.persistence-2.0.3.jar:/Applications/NetBeans/NetBeans 7.2.1.app/Contents/Resources/NetBeans/java/modules/ext/eclipselink/org.eclipse.persistence.jpa.jpql_1.0.1.jar" />
    <property name="libs.beans-binding.javadoc" value="/Applications/NetBeans/NetBeans 7.2.1.app/Contents/Resources/NetBeans/java/docs/beansbinding-1.2.1-doc.zip" />
    <property name="java.awt.graphicsenv" value="sun.awt.CGraphicsEnvironment" />
    <property name="java.vm.vendor" value="Oracle Corporation" />
    <property name="libs.CopyLibs.classpath" value="/Applications/NetBeans/NetBeans 7.2.1.app/Contents/Resources/NetBeans/java/ant/extra/org-netbeans-modules-java-j2seproject-copylibstask.jar" />
    <property name="libs.spring-framework300.classpath" value="/Applications/NetBeans/NetBeans 7.2.1.app/Contents/Resources/NetBeans/ide/modules/org-apache-commons-logging.jar:/Applications/NetBeans/NetBeans 7.2.1.app/Contents/Resources/NetBeans/java/modules/ext/cglib-2.2.jar:/Applications/NetBeans/NetBeans 7.2.1.app/Contents/Resources/NetBeans/java/modules/ext/spring-3.0/spring-aop-3.1.1.RELEASE.jar:/Applications/NetBeans/NetBeans 7.2.1.app/Contents/Resources/NetBeans/java/modules/ext/spring-3.0/spring-asm-3.1.1.RELEASE.jar:/Applications/NetBeans/NetBeans 7.2.1.app/Contents/Resources/NetBeans/java/modules/ext/spring-3.0/spring-aspects-3.1.1.RELEASE.jar:/Applications/NetBeans/NetBeans 7.2.1.app/Contents/Resources/NetBeans/java/modules/ext/spring-3.0/spring-beans-3.1.1.RELEASE.jar:/Applications/NetBeans/NetBeans 7.2.1.app/Contents/Resources/NetBeans/java/modules/ext/spring-3.0/spring-context-3.1.1.RELEASE.jar:/Applications/NetBeans/NetBeans 7.2.1.app/Contents/Resources/NetBeans/java/modules/ext/spring-3.0/spring-context-support-3.1.1.RELEASE.jar:/Applications/NetBeans/NetBeans 7.2.1.app/Contents/Resources/NetBeans/java/modules/ext/spring-3.0/spring-core-3.1.1.RELEASE.jar:/Applications/NetBeans/NetBeans 7.2.1.app/Contents/Resources/NetBeans/java/modules/ext/spring-3.0/spring-expression-3.1.1.RELEASE.jar:/Applications/NetBeans/NetBeans 7.2.1.app/Contents/Resources/NetBeans/java/modules/ext/spring-3.0/spring-instrument-3.1.1.RELEASE.jar:/Applications/NetBeans/NetBeans 7.2.1.app/Contents/Resources/NetBeans/java/modules/ext/spring-3.0/spring-instrument-tomcat-3.1.1.RELEASE.jar:/Applications/NetBeans/NetBeans 7.2.1.app/Contents/Resources/NetBeans/java/modules/ext/spring-3.0/spring-jdbc-3.1.1.RELEASE.jar:/Applications/NetBeans/NetBeans 7.2.1.app/Contents/Resources/NetBeans/java/modules/ext/spring-3.0/spring-jms-3.1.1.RELEASE.jar:/Applications/NetBeans/NetBeans 7.2.1.app/Contents/Resources/NetBeans/java/modules/ext/spring-3.0/spring-orm-3.1.1.RELEASE.jar:/Applications/NetBeans/NetBeans 7.2.1.app/Contents/Resources/NetBeans/java/modules/ext/spring-3.0/spring-oxm-3.1.1.RELEASE.jar:/Applications/NetBeans/NetBeans 7.2.1.app/Contents/Resources/NetBeans/java/modules/ext/spring-3.0/spring-test-3.1.1.RELEASE.jar:/Applications/NetBeans/NetBeans 7.2.1.app/Contents/Resources/NetBeans/java/modules/ext/spring-3.0/spring-tx-3.1.1.RELEASE.jar:/Applications/NetBeans/NetBeans 7.2.1.app/Contents/Resources/NetBeans/java/modules/ext/spring-3.0/spring-web-3.1.1.RELEASE.jar:/Applications/NetBeans/NetBeans 7.2.1.app/Contents/Resources/NetBeans/java/modules/ext/spring-3.0/spring-webmvc-portlet-3.1.1.RELEASE.jar:/Applications/NetBeans/NetBeans 7.2.1.app/Contents/Resources/NetBeans/java/modules/ext/spring-3.0/spring-webmvc-3.1.1.RELEASE.jar:/Applications/NetBeans/NetBeans 7.2.1.app/Contents/Resources/NetBeans/java/modules/ext/spring-3.0/spring-struts-3.1.1.RELEASE.jar" />
    <property name="run.jvmargs" value="" />
    <property name="libs.ejb3-persistence.classpath" value="/Applications/NetBeans/NetBeans 7.2.1.app/Contents/Resources/NetBeans/java/modules/ext/hibernate/ejb3-persistence.jar" />
    <property name="libs.JAXB-ENDORSED.src" value="" />
    <property name="libs.spring-framework.javadoc" value="" />
    <property name="libs.testng.javadoc" value="/Applications/NetBeans/NetBeans 7.2.1.app/Contents/Resources/NetBeans/platform/docs/testng-6.5.1-javadoc.zip" />
    <property name="libs.PostgreSQLDriver.classpath" value="/Applications/NetBeans/NetBeans 7.2.1.app/Contents/Resources/NetBeans/ide/modules/ext/postgresql-9.1-901.jdbc4.jar" />
    <property name="ant.file.type.ReaDDy" value="file" />
    <property name="jnlp.signing" value="" />
    <property name="libs.junit.src" value="" />
    <property name="annotation.processing.source.output" value="build/generated-sources/ap-source-output" />
    <property name="jnlp.signed" value="false" />
    <property name="main.class" value="readdy.Main" />
    <property name="libs.CopyLibs.src" value="" />
    <property name="build.dir" value="build" />
    <property name="ant.version" value="Apache Ant(TM) version 1.8.3 compiled on February 26 2012" />
    <property name="file.encoding" value="US-ASCII" />
    <property name="build.classes.excludes" value="**/*.java,**/*.form" />
    <property name="jdkBug6558476" value="false" />
    <property name="javadoc.nonavbar" value="false" />
    <property name="platform.active" value="default_platform" />
    <property name="awt.toolkit" value="sun.lwawt.macosx.LWCToolkit" />
  </properties>
  <testcase classname="readdy.impl.sim.top.TopTest" name="testRunSimulation" time="0.879" />
  <system-out><![CDATA[
parse globalParameters...
parsing param_global file: /Users/johannesschoeneberg/Desktop/PhD/projects/ReaDDy/gitHub/readdy/./test/testInputFiles/test_top/param_global.xml
... done.
parse ParamParticles
parsing param_particles file: /Users/johannesschoeneberg/Desktop/PhD/projects/ReaDDy/gitHub/readdy/./test/testInputFiles/test_top/param_particles.xml
... done.
parsing tplgy_potentials file: /Users/johannesschoeneberg/Desktop/PhD/projects/ReaDDy/gitHub/readdy/./test/testInputFiles/test_top/tplgy_potentials.xml
... done.
parse tplgyCoordinatesFile
parsing tplgy_coordinates file: /Users/johannesschoeneberg/Desktop/PhD/projects/ReaDDy/gitHub/readdy/./test/testInputFiles/test_top/tplgy_coordinates.xml
... done.
---------------------------------------
NeighborLattice construction... 
num Dimensions:          3
latice origin:           -240.0 -240.0 -20.0
latice extension:        480.0 480.0 40.0
num boxes per dimension: 80,80,6
box edge length per dim: 6.0 6.0 6.666666666666667
total num boxes:         38400
... lattice ready.
---------------------------------------
parsing param_groups file: /Users/johannesschoeneberg/Desktop/PhD/projects/ReaDDy/gitHub/readdy/./test/testInputFiles/test_top/param_groups.xml
... done.
parsing tplgy_groups file: /Users/johannesschoeneberg/Desktop/PhD/projects/ReaDDy/gitHub/readdy/./test/testInputFiles/test_top/tplgy_groups.xml
... done.
parsing param_reactions file: /Users/johannesschoeneberg/Desktop/PhD/projects/ReaDDy/gitHub/readdy/./test/testInputFiles/test_top/param_reactions.xml
... done.
RkAndElmtlRkFactory: Create Reactions and elemental Reactions...
--------------------------------------
RkAndElmtlRkFactory: parsedReactions...
<reaction>
	<id>0</id>
	<name>A+B->AB_cplx_forward</name>
	<typeId>8</typeId>
	<rkTypeName>fusion</rkTypeName>
	<k>100000.0</k>
	<p>9.99500166624978E-4</p>
	<educts>
<ExtendedIdAndType group=false id=-1 type=0/>
<ExtendedIdAndType group=false id=-1 type=1/>
	</educts>
	<products>
<ExtendedIdAndType group=false id=-1 type=2/>
	</products>
</reaction>

<reaction>
	<id>1</id>
	<name>A+B->AB_cplx_backward</name>
	<typeId>7</typeId>
	<rkTypeName>fission</rkTypeName>
	<k>5000.0</k>
	<p>4.999875002087428E-5</p>
	<educts>
<ExtendedIdAndType group=false id=-1 type=2/>
	</educts>
	<products>
<ExtendedIdAndType group=false id=-1 type=0/>
<ExtendedIdAndType group=false id=-1 type=1/>
	</products>
</reaction>

--------------------------------------
RkAndElmtlRkFactory: parsedElementalReactions...
<elmtlRk id="0" name="A+B->AB_cplx_forward" p="9.99500166624978E-4" >
<educts>
<ExtendedIdAndType group=false id=-1 type=0/>
<ExtendedIdAndType group=false id=-1 type=1/>
</educts>
</elmtlRk>

<elmtlRk id="1" name="A+B->AB_cplx_backward" p="4.999875002087428E-5" >
<educts>
<ExtendedIdAndType group=false id=-1 type=2/>
</educts>
</elmtlRk>

--------------------------------------
RkAndElmtlRkFactory: done.
<elmtlRk id="0" name="A+B->AB_cplx_forward" p="9.99500166624978E-4" >
<educts>
<ExtendedIdAndType group=false id=-1 type=0/>
<ExtendedIdAndType group=false id=-1 type=1/>
</educts>
</elmtlRk>
<elmtlRk id="1" name="A+B->AB_cplx_backward" p="4.999875002087428E-5" >
<educts>
<ExtendedIdAndType group=false id=-1 type=2/>
</educts>
</elmtlRk>
parse analysis instructions...
build output for method: "standard_traj" ...
build output for method: "standard_traj" ...
build output for method: "particleNumbers" ...
build output for method: "standardReactionReporting" ...
reset reaction reports flag registered TRUE
... done.
=================================================
=================================================
top: 'start simulation...'
analyse before first step...

top: 'step 0'
hit: step=0 p0id=5 p0type=0 p1id=6 p1type=1
hit: step=0 p0id=5 p0type=0 p1id=7 p1type=1
hit: step=1 p0id=5 p0type=0 p1id=6 p1type=1
hit: step=1 p0id=5 p0type=0 p1id=7 p1type=1
hit: step=2 p0id=5 p0type=0 p1id=6 p1type=1
hit: step=2 p0id=5 p0type=0 p1id=7 p1type=1
hit: step=3 p0id=5 p0type=0 p1id=6 p1type=1
hit: step=3 p0id=5 p0type=0 p1id=7 p1type=1
hit: step=4 p0id=5 p0type=0 p1id=6 p1type=1
hit: step=4 p0id=5 p0type=0 p1id=7 p1type=1
hit: step=5 p0id=5 p0type=0 p1id=6 p1type=1
hit: step=5 p0id=5 p0type=0 p1id=7 p1type=1
hit: step=6 p0id=5 p0type=0 p1id=6 p1type=1
hit: step=6 p0id=5 p0type=0 p1id=7 p1type=1
hit: step=7 p0id=5 p0type=0 p1id=6 p1type=1
hit: step=7 p0id=5 p0type=0 p1id=7 p1type=1
hit: step=8 p0id=5 p0type=0 p1id=6 p1type=1
hit: step=8 p0id=5 p0type=0 p1id=7 p1type=1
hit: step=8 p0id=5 p0type=0 p1id=8 p1type=1
hit: step=9 p0id=5 p0type=0 p1id=6 p1type=1
hit: step=9 p0id=5 p0type=0 p1id=7 p1type=1
hit: step=9 p0id=5 p0type=0 p1id=8 p1type=1
hit: step=10 p0id=5 p0type=0 p1id=6 p1type=1
hit: step=10 p0id=5 p0type=0 p1id=7 p1type=1
hit: step=11 p0id=5 p0type=0 p1id=6 p1type=1
hit: step=11 p0id=5 p0type=0 p1id=7 p1type=1
hit: step=12 p0id=5 p0type=0 p1id=6 p1type=1
hit: step=12 p0id=5 p0type=0 p1id=7 p1type=1
hit: step=12 p0id=5 p0type=0 p1id=8 p1type=1
hit: step=13 p0id=5 p0type=0 p1id=6 p1type=1
hit: step=13 p0id=5 p0type=0 p1id=7 p1type=1
hit: step=13 p0id=1 p0type=0 p1id=6 p1type=1
hit: step=13 p0id=5 p0type=0 p1id=8 p1type=1
hit: step=14 p0id=5 p0type=0 p1id=6 p1type=1
hit: step=14 p0id=5 p0type=0 p1id=7 p1type=1
hit: step=14 p0id=1 p0type=0 p1id=6 p1type=1
hit: step=15 p0id=5 p0type=0 p1id=6 p1type=1
hit: step=15 p0id=5 p0type=0 p1id=7 p1type=1
hit: step=15 p0id=1 p0type=0 p1id=6 p1type=1
hit: step=16 p0id=5 p0type=0 p1id=6 p1type=1
hit: step=16 p0id=5 p0type=0 p1id=7 p1type=1
hit: step=16 p0id=1 p0type=0 p1id=6 p1type=1
hit: step=17 p0id=5 p0type=0 p1id=6 p1type=1
hit: step=17 p0id=5 p0type=0 p1id=7 p1type=1
hit: step=17 p0id=1 p0type=0 p1id=6 p1type=1
hit: step=18 p0id=5 p0type=0 p1id=6 p1type=1
hit: step=18 p0id=5 p0type=0 p1id=7 p1type=1
hit: step=18 p0id=1 p0type=0 p1id=6 p1type=1
hit: step=19 p0id=5 p0type=0 p1id=6 p1type=1
hit: step=19 p0id=5 p0type=0 p1id=7 p1type=1
hit: step=19 p0id=1 p0type=0 p1id=6 p1type=1
hit: step=20 p0id=5 p0type=0 p1id=6 p1type=1
hit: step=20 p0id=5 p0type=0 p1id=7 p1type=1
hit: step=20 p0id=1 p0type=0 p1id=6 p1type=1
hit: step=21 p0id=5 p0type=0 p1id=6 p1type=1
hit: step=21 p0id=5 p0type=0 p1id=7 p1type=1
hit: step=21 p0id=1 p0type=0 p1id=6 p1type=1
hit: step=22 p0id=5 p0type=0 p1id=6 p1type=1
hit: step=22 p0id=5 p0type=0 p1id=7 p1type=1
hit: step=22 p0id=1 p0type=0 p1id=6 p1type=1
hit: step=23 p0id=5 p0type=0 p1id=6 p1type=1
hit: step=23 p0id=5 p0type=0 p1id=7 p1type=1
hit: step=23 p0id=1 p0type=0 p1id=6 p1type=1
hit: step=24 p0id=5 p0type=0 p1id=6 p1type=1
hit: step=24 p0id=5 p0type=0 p1id=7 p1type=1
hit: step=24 p0id=1 p0type=0 p1id=6 p1type=1
hit: step=25 p0id=5 p0type=0 p1id=6 p1type=1
hit: step=25 p0id=5 p0type=0 p1id=7 p1type=1
hit: step=25 p0id=1 p0type=0 p1id=6 p1type=1
hit: step=26 p0id=5 p0type=0 p1id=6 p1type=1
hit: step=26 p0id=5 p0type=0 p1id=7 p1type=1
hit: step=26 p0id=1 p0type=0 p1id=6 p1type=1
hit: step=27 p0id=5 p0type=0 p1id=6 p1type=1
hit: step=27 p0id=5 p0type=0 p1id=7 p1type=1
hit: step=27 p0id=1 p0type=0 p1id=6 p1type=1
hit: step=28 p0id=5 p0type=0 p1id=6 p1type=1
hit: step=28 p0id=5 p0type=0 p1id=7 p1type=1
hit: step=28 p0id=1 p0type=0 p1id=6 p1type=1
hit: step=29 p0id=5 p0type=0 p1id=6 p1type=1
hit: step=29 p0id=5 p0type=0 p1id=7 p1type=1
hit: step=29 p0id=1 p0type=0 p1id=6 p1type=1
hit: step=30 p0id=5 p0type=0 p1id=6 p1type=1
hit: step=30 p0id=5 p0type=0 p1id=7 p1type=1
hit: step=30 p0id=1 p0type=0 p1id=6 p1type=1
hit: step=31 p0id=5 p0type=0 p1id=6 p1type=1
hit: step=31 p0id=5 p0type=0 p1id=7 p1type=1
hit: step=31 p0id=1 p0type=0 p1id=6 p1type=1
hit: step=32 p0id=5 p0type=0 p1id=6 p1type=1
hit: step=32 p0id=5 p0type=0 p1id=7 p1type=1
hit: step=32 p0id=1 p0type=0 p1id=6 p1type=1
hit: step=32 p0id=3 p0type=0 p1id=6 p1type=1
hit: step=33 p0id=5 p0type=0 p1id=7 p1type=1
hit: step=33 p0id=1 p0type=0 p1id=6 p1type=1
hit: step=33 p0id=3 p0type=0 p1id=6 p1type=1
hit: step=34 p0id=5 p0type=0 p1id=7 p1type=1
hit: step=34 p0id=1 p0type=0 p1id=6 p1type=1
hit: step=34 p0id=3 p0type=0 p1id=6 p1type=1
hit: step=35 p0id=5 p0type=0 p1id=7 p1type=1
hit: step=35 p0id=1 p0type=0 p1id=6 p1type=1
hit: step=35 p0id=3 p0type=0 p1id=6 p1type=1
hit: step=36 p0id=5 p0type=0 p1id=7 p1type=1
hit: step=36 p0id=1 p0type=0 p1id=6 p1type=1
hit: step=36 p0id=3 p0type=0 p1id=6 p1type=1
hit: step=37 p0id=5 p0type=0 p1id=7 p1type=1
hit: step=37 p0id=1 p0type=0 p1id=6 p1type=1
hit: step=37 p0id=3 p0type=0 p1id=6 p1type=1
hit: step=38 p0id=5 p0type=0 p1id=7 p1type=1
hit: step=38 p0id=1 p0type=0 p1id=6 p1type=1
hit: step=38 p0id=3 p0type=0 p1id=6 p1type=1
hit: step=39 p0id=5 p0type=0 p1id=7 p1type=1
hit: step=39 p0id=1 p0type=0 p1id=6 p1type=1
hit: step=39 p0id=3 p0type=0 p1id=6 p1type=1
hit: step=40 p0id=5 p0type=0 p1id=7 p1type=1
hit: step=40 p0id=1 p0type=0 p1id=6 p1type=1
hit: step=40 p0id=3 p0type=0 p1id=6 p1type=1
hit: step=41 p0id=5 p0type=0 p1id=7 p1type=1
hit: step=41 p0id=1 p0type=0 p1id=6 p1type=1
hit: step=41 p0id=3 p0type=0 p1id=6 p1type=1
hit: step=42 p0id=5 p0type=0 p1id=6 p1type=1
hit: step=42 p0id=5 p0type=0 p1id=7 p1type=1
hit: step=42 p0id=1 p0type=0 p1id=6 p1type=1
hit: step=42 p0id=3 p0type=0 p1id=6 p1type=1
hit: step=43 p0id=5 p0type=0 p1id=6 p1type=1
hit: step=43 p0id=1 p0type=0 p1id=6 p1type=1
hit: step=43 p0id=3 p0type=0 p1id=6 p1type=1
hit: step=44 p0id=5 p0type=0 p1id=6 p1type=1
hit: step=44 p0id=1 p0type=0 p1id=6 p1type=1
hit: step=44 p0id=3 p0type=0 p1id=6 p1type=1
hit: step=45 p0id=5 p0type=0 p1id=6 p1type=1
hit: step=45 p0id=5 p0type=0 p1id=7 p1type=1
hit: step=45 p0id=1 p0type=0 p1id=6 p1type=1
hit: step=45 p0id=3 p0type=0 p1id=6 p1type=1
hit: step=46 p0id=5 p0type=0 p1id=6 p1type=1
hit: step=46 p0id=1 p0type=0 p1id=6 p1type=1
hit: step=46 p0id=3 p0type=0 p1id=6 p1type=1
hit: step=47 p0id=5 p0type=0 p1id=6 p1type=1
hit: step=47 p0id=1 p0type=0 p1id=6 p1type=1
hit: step=47 p0id=3 p0type=0 p1id=6 p1type=1
hit: step=48 p0id=5 p0type=0 p1id=6 p1type=1
hit: step=48 p0id=1 p0type=0 p1id=6 p1type=1
hit: step=49 p0id=5 p0type=0 p1id=6 p1type=1
hit: step=49 p0id=1 p0type=0 p1id=6 p1type=1
hit: step=49 p0id=3 p0type=0 p1id=6 p1type=1
hit: step=50 p0id=5 p0type=0 p1id=6 p1type=1
hit: step=50 p0id=1 p0type=0 p1id=6 p1type=1
hit: step=51 p0id=5 p0type=0 p1id=6 p1type=1
hit: step=51 p0id=1 p0type=0 p1id=6 p1type=1
hit: step=51 p0id=3 p0type=0 p1id=7 p1type=1
hit: step=51 p0id=3 p0type=0 p1id=6 p1type=1
hit: step=52 p0id=1 p0type=0 p1id=6 p1type=1
hit: step=52 p0id=3 p0type=0 p1id=7 p1type=1
hit: step=52 p0id=3 p0type=0 p1id=6 p1type=1
hit: step=53 p0id=1 p0type=0 p1id=6 p1type=1
hit: step=53 p0id=3 p0type=0 p1id=7 p1type=1
hit: step=53 p0id=3 p0type=0 p1id=6 p1type=1
hit: step=54 p0id=1 p0type=0 p1id=6 p1type=1
hit: step=54 p0id=3 p0type=0 p1id=7 p1type=1
hit: step=54 p0id=3 p0type=0 p1id=6 p1type=1
hit: step=55 p0id=1 p0type=0 p1id=6 p1type=1
hit: step=55 p0id=3 p0type=0 p1id=7 p1type=1
hit: step=55 p0id=3 p0type=0 p1id=6 p1type=1
hit: step=56 p0id=1 p0type=0 p1id=6 p1type=1
hit: step=56 p0id=3 p0type=0 p1id=7 p1type=1
hit: step=56 p0id=3 p0type=0 p1id=6 p1type=1
hit: step=57 p0id=1 p0type=0 p1id=6 p1type=1
hit: step=57 p0id=3 p0type=0 p1id=6 p1type=1
hit: step=58 p0id=1 p0type=0 p1id=6 p1type=1
hit: step=58 p0id=3 p0type=0 p1id=6 p1type=1
hit: step=59 p0id=1 p0type=0 p1id=6 p1type=1
hit: step=59 p0id=3 p0type=0 p1id=6 p1type=1
hit: step=60 p0id=1 p0type=0 p1id=6 p1type=1
hit: step=60 p0id=3 p0type=0 p1id=6 p1type=1
hit: step=61 p0id=1 p0type=0 p1id=6 p1type=1
hit: step=61 p0id=3 p0type=0 p1id=6 p1type=1
hit: step=62 p0id=1 p0type=0 p1id=6 p1type=1
hit: step=63 p0id=1 p0type=0 p1id=6 p1type=1
hit: step=64 p0id=1 p0type=0 p1id=6 p1type=1
hit: step=65 p0id=1 p0type=0 p1id=6 p1type=1
hit: step=66 p0id=1 p0type=0 p1id=6 p1type=1
hit: step=67 p0id=1 p0type=0 p1id=6 p1type=1
hit: step=68 p0id=1 p0type=0 p1id=6 p1type=1
hit: step=69 p0id=1 p0type=0 p1id=6 p1type=1
hit: step=70 p0id=1 p0type=0 p1id=6 p1type=1
hit: step=71 p0id=1 p0type=0 p1id=6 p1type=1
hit: step=72 p0id=1 p0type=0 p1id=6 p1type=1
hit: step=73 p0id=1 p0type=0 p1id=6 p1type=1
hit: step=74 p0id=1 p0type=0 p1id=6 p1type=1
hit: step=75 p0id=1 p0type=0 p1id=6 p1type=1
hit: step=76 p0id=1 p0type=0 p1id=6 p1type=1
hit: step=77 p0id=1 p0type=0 p1id=6 p1type=1
hit: step=78 p0id=1 p0type=0 p1id=6 p1type=1
hit: step=79 p0id=1 p0type=0 p1id=6 p1type=1
hit: step=80 p0id=1 p0type=0 p1id=6 p1type=1
hit: step=81 p0id=1 p0type=0 p1id=6 p1type=1
hit: step=82 p0id=1 p0type=0 p1id=6 p1type=1
hit: step=83 p0id=1 p0type=0 p1id=6 p1type=1
hit: step=84 p0id=1 p0type=0 p1id=6 p1type=1
hit: step=85 p0id=1 p0type=0 p1id=6 p1type=1
hit: step=86 p0id=1 p0type=0 p1id=6 p1type=1
hit: step=87 p0id=1 p0type=0 p1id=6 p1type=1
hit: step=88 p0id=1 p0type=0 p1id=6 p1type=1
hit: step=88 p0id=3 p0type=0 p1id=6 p1type=1
hit: step=89 p0id=1 p0type=0 p1id=6 p1type=1
hit: step=89 p0id=3 p0type=0 p1id=6 p1type=1
hit: step=90 p0id=1 p0type=0 p1id=6 p1type=1
hit: step=90 p0id=3 p0type=0 p1id=6 p1type=1
hit: step=91 p0id=1 p0type=0 p1id=6 p1type=1
hit: step=91 p0id=3 p0type=0 p1id=6 p1type=1
hit: step=92 p0id=1 p0type=0 p1id=6 p1type=1
hit: step=92 p0id=3 p0type=0 p1id=6 p1type=1
hit: step=93 p0id=1 p0type=0 p1id=6 p1type=1
hit: step=93 p0id=3 p0type=0 p1id=6 p1type=1
hit: step=94 p0id=1 p0type=0 p1id=6 p1type=1
hit: step=94 p0id=3 p0type=0 p1id=6 p1type=1
hit: step=95 p0id=1 p0type=0 p1id=6 p1type=1
hit: step=95 p0id=3 p0type=0 p1id=6 p1type=1
hit: step=96 p0id=1 p0type=0 p1id=6 p1type=1
hit: step=96 p0id=3 p0type=0 p1id=6 p1type=1
hit: step=97 p0id=1 p0type=0 p1id=6 p1type=1
hit: step=97 p0id=3 p0type=0 p1id=6 p1type=1
hit: step=98 p0id=1 p0type=0 p1id=6 p1type=1
hit: step=99 p0id=1 p0type=0 p1id=6 p1type=1
hit: step=99 p0id=3 p0type=0 p1id=6 p1type=1
analysis...
99 -> analysis by 0_standard_traj|csv -> traj.csv ...
99 -> analysis by 1_standard_traj|xyz -> traj.xyz ...
99 -> analysis by 2_particleNumbers|csv -> out_particleNumbers.csv ...
99 -> analysis by 3_standardReactionReporting|csv -> out_reactions.csv ...
hit: step=100 p0id=1 p0type=0 p1id=6 p1type=1
hit: step=100 p0id=3 p0type=0 p1id=6 p1type=1
hit: step=101 p0id=1 p0type=0 p1id=6 p1type=1
hit: step=101 p0id=3 p0type=0 p1id=6 p1type=1
hit: step=102 p0id=1 p0type=0 p1id=6 p1type=1
hit: step=102 p0id=3 p0type=0 p1id=6 p1type=1
hit: step=103 p0id=1 p0type=0 p1id=6 p1type=1
hit: step=103 p0id=3 p0type=0 p1id=6 p1type=1
hit: step=104 p0id=1 p0type=0 p1id=6 p1type=1
hit: step=104 p0id=3 p0type=0 p1id=6 p1type=1
hit: step=105 p0id=1 p0type=0 p1id=6 p1type=1
hit: step=105 p0id=3 p0type=0 p1id=6 p1type=1
hit: step=106 p0id=1 p0type=0 p1id=6 p1type=1
hit: step=106 p0id=3 p0type=0 p1id=6 p1type=1
hit: step=107 p0id=1 p0type=0 p1id=6 p1type=1
hit: step=107 p0id=3 p0type=0 p1id=6 p1type=1
hit: step=108 p0id=1 p0type=0 p1id=6 p1type=1
hit: step=108 p0id=3 p0type=0 p1id=6 p1type=1
hit: step=109 p0id=1 p0type=0 p1id=6 p1type=1
hit: step=109 p0id=3 p0type=0 p1id=6 p1type=1
hit: step=110 p0id=1 p0type=0 p1id=6 p1type=1
hit: step=110 p0id=3 p0type=0 p1id=6 p1type=1
hit: step=111 p0id=1 p0type=0 p1id=6 p1type=1
hit: step=111 p0id=3 p0type=0 p1id=6 p1type=1
hit: step=112 p0id=1 p0type=0 p1id=6 p1type=1
hit: step=112 p0id=3 p0type=0 p1id=6 p1type=1
hit: step=113 p0id=1 p0type=0 p1id=6 p1type=1
hit: step=113 p0id=3 p0type=0 p1id=6 p1type=1
hit: step=114 p0id=1 p0type=0 p1id=6 p1type=1
hit: step=114 p0id=3 p0type=0 p1id=6 p1type=1
hit: step=115 p0id=1 p0type=0 p1id=6 p1type=1
hit: step=115 p0id=3 p0type=0 p1id=6 p1type=1
hit: step=116 p0id=1 p0type=0 p1id=6 p1type=1
hit: step=116 p0id=3 p0type=0 p1id=6 p1type=1
hit: step=117 p0id=1 p0type=0 p1id=6 p1type=1
hit: step=117 p0id=3 p0type=0 p1id=6 p1type=1
hit: step=118 p0id=1 p0type=0 p1id=6 p1type=1
hit: step=118 p0id=3 p0type=0 p1id=6 p1type=1
hit: step=119 p0id=1 p0type=0 p1id=6 p1type=1
hit: step=119 p0id=3 p0type=0 p1id=6 p1type=1
hit: step=120 p0id=1 p0type=0 p1id=6 p1type=1
hit: step=120 p0id=3 p0type=0 p1id=6 p1type=1
hit: step=121 p0id=1 p0type=0 p1id=6 p1type=1
hit: step=121 p0id=3 p0type=0 p1id=6 p1type=1
hit: step=122 p0id=1 p0type=0 p1id=6 p1type=1
hit: step=122 p0id=3 p0type=0 p1id=6 p1type=1
hit: step=123 p0id=1 p0type=0 p1id=6 p1type=1
hit: step=123 p0id=3 p0type=0 p1id=6 p1type=1
hit: step=124 p0id=1 p0type=0 p1id=6 p1type=1
hit: step=124 p0id=3 p0type=0 p1id=6 p1type=1
hit: step=125 p0id=1 p0type=0 p1id=6 p1type=1
hit: step=125 p0id=3 p0type=0 p1id=6 p1type=1
hit: step=126 p0id=1 p0type=0 p1id=6 p1type=1
hit: step=126 p0id=3 p0type=0 p1id=6 p1type=1
hit: step=127 p0id=1 p0type=0 p1id=6 p1type=1
hit: step=127 p0id=3 p0type=0 p1id=6 p1type=1
hit: step=128 p0id=1 p0type=0 p1id=6 p1type=1
hit: step=128 p0id=3 p0type=0 p1id=6 p1type=1
hit: step=129 p0id=1 p0type=0 p1id=6 p1type=1
hit: step=129 p0id=3 p0type=0 p1id=6 p1type=1
hit: step=130 p0id=1 p0type=0 p1id=6 p1type=1
hit: step=130 p0id=3 p0type=0 p1id=6 p1type=1
hit: step=131 p0id=1 p0type=0 p1id=6 p1type=1
hit: step=131 p0id=3 p0type=0 p1id=6 p1type=1
hit: step=132 p0id=1 p0type=0 p1id=6 p1type=1
hit: step=132 p0id=3 p0type=0 p1id=6 p1type=1
hit: step=133 p0id=1 p0type=0 p1id=6 p1type=1
hit: step=133 p0id=3 p0type=0 p1id=6 p1type=1
hit: step=134 p0id=1 p0type=0 p1id=6 p1type=1
hit: step=134 p0id=3 p0type=0 p1id=6 p1type=1
hit: step=135 p0id=1 p0type=0 p1id=6 p1type=1
hit: step=135 p0id=3 p0type=0 p1id=6 p1type=1
hit: step=136 p0id=1 p0type=0 p1id=6 p1type=1
hit: step=136 p0id=3 p0type=0 p1id=6 p1type=1
hit: step=137 p0id=1 p0type=0 p1id=6 p1type=1
hit: step=137 p0id=3 p0type=0 p1id=6 p1type=1
hit: step=138 p0id=1 p0type=0 p1id=6 p1type=1
hit: step=138 p0id=3 p0type=0 p1id=6 p1type=1
hit: step=139 p0id=1 p0type=0 p1id=6 p1type=1
hit: step=139 p0id=3 p0type=0 p1id=6 p1type=1
hit: step=140 p0id=1 p0type=0 p1id=6 p1type=1
hit: step=140 p0id=3 p0type=0 p1id=6 p1type=1
hit: step=141 p0id=1 p0type=0 p1id=6 p1type=1
hit: step=141 p0id=3 p0type=0 p1id=6 p1type=1
hit: step=142 p0id=1 p0type=0 p1id=6 p1type=1
hit: step=142 p0id=3 p0type=0 p1id=6 p1type=1
hit: step=143 p0id=1 p0type=0 p1id=6 p1type=1
hit: step=143 p0id=3 p0type=0 p1id=6 p1type=1
hit: step=144 p0id=1 p0type=0 p1id=6 p1type=1
hit: step=144 p0id=3 p0type=0 p1id=6 p1type=1
hit: step=145 p0id=1 p0type=0 p1id=6 p1type=1
hit: step=145 p0id=3 p0type=0 p1id=6 p1type=1
hit: step=146 p0id=1 p0type=0 p1id=6 p1type=1
hit: step=146 p0id=3 p0type=0 p1id=6 p1type=1
hit: step=147 p0id=1 p0type=0 p1id=6 p1type=1
hit: step=147 p0id=3 p0type=0 p1id=6 p1type=1
hit: step=148 p0id=1 p0type=0 p1id=6 p1type=1
hit: step=148 p0id=3 p0type=0 p1id=6 p1type=1
hit: step=149 p0id=1 p0type=0 p1id=6 p1type=1
hit: step=149 p0id=3 p0type=0 p1id=6 p1type=1
hit: step=150 p0id=1 p0type=0 p1id=6 p1type=1
hit: step=150 p0id=3 p0type=0 p1id=6 p1type=1
hit: step=151 p0id=1 p0type=0 p1id=6 p1type=1
hit: step=151 p0id=3 p0type=0 p1id=6 p1type=1
hit: step=152 p0id=1 p0type=0 p1id=6 p1type=1
hit: step=152 p0id=3 p0type=0 p1id=6 p1type=1
hit: step=153 p0id=1 p0type=0 p1id=6 p1type=1
hit: step=153 p0id=3 p0type=0 p1id=6 p1type=1
hit: step=154 p0id=1 p0type=0 p1id=6 p1type=1
hit: step=154 p0id=3 p0type=0 p1id=6 p1type=1
hit: step=155 p0id=1 p0type=0 p1id=6 p1type=1
hit: step=155 p0id=3 p0type=0 p1id=6 p1type=1
hit: step=156 p0id=1 p0type=0 p1id=6 p1type=1
hit: step=156 p0id=3 p0type=0 p1id=6 p1type=1
hit: step=157 p0id=1 p0type=0 p1id=6 p1type=1
hit: step=157 p0id=3 p0type=0 p1id=6 p1type=1
hit: step=158 p0id=1 p0type=0 p1id=6 p1type=1
hit: step=158 p0id=3 p0type=0 p1id=6 p1type=1
hit: step=159 p0id=1 p0type=0 p1id=6 p1type=1
hit: step=159 p0id=3 p0type=0 p1id=6 p1type=1
hit: step=160 p0id=1 p0type=0 p1id=6 p1type=1
hit: step=160 p0id=3 p0type=0 p1id=6 p1type=1
hit: step=161 p0id=1 p0type=0 p1id=6 p1type=1
hit: step=161 p0id=3 p0type=0 p1id=6 p1type=1
hit: step=162 p0id=1 p0type=0 p1id=6 p1type=1
hit: step=162 p0id=3 p0type=0 p1id=6 p1type=1
hit: step=163 p0id=1 p0type=0 p1id=6 p1type=1
hit: step=163 p0id=3 p0type=0 p1id=6 p1type=1
hit: step=164 p0id=1 p0type=0 p1id=6 p1type=1
hit: step=164 p0id=3 p0type=0 p1id=6 p1type=1
hit: step=165 p0id=1 p0type=0 p1id=6 p1type=1
hit: step=165 p0id=3 p0type=0 p1id=6 p1type=1
hit: step=166 p0id=1 p0type=0 p1id=6 p1type=1
hit: step=166 p0id=3 p0type=0 p1id=6 p1type=1
hit: step=167 p0id=1 p0type=0 p1id=6 p1type=1
hit: step=167 p0id=3 p0type=0 p1id=6 p1type=1
hit: step=168 p0id=1 p0type=0 p1id=6 p1type=1
hit: step=168 p0id=3 p0type=0 p1id=6 p1type=1
hit: step=169 p0id=1 p0type=0 p1id=6 p1type=1
hit: step=169 p0id=3 p0type=0 p1id=6 p1type=1
hit: step=170 p0id=1 p0type=0 p1id=6 p1type=1
hit: step=170 p0id=3 p0type=0 p1id=6 p1type=1
hit: step=171 p0id=1 p0type=0 p1id=6 p1type=1
hit: step=171 p0id=3 p0type=0 p1id=6 p1type=1
hit: step=172 p0id=1 p0type=0 p1id=6 p1type=1
hit: step=172 p0id=3 p0type=0 p1id=6 p1type=1
analysis...
199 -> analysis by 0_standard_traj|csv -> traj.csv ...
199 -> analysis by 1_standard_traj|xyz -> traj.xyz ...
199 -> analysis by 2_particleNumbers|csv -> out_particleNumbers.csv ...
199 -> analysis by 3_standardReactionReporting|csv -> out_reactions.csv ...
analysis...
299 -> analysis by 0_standard_traj|csv -> traj.csv ...
299 -> analysis by 1_standard_traj|xyz -> traj.xyz ...
299 -> analysis by 2_particleNumbers|csv -> out_particleNumbers.csv ...
299 -> analysis by 3_standardReactionReporting|csv -> out_reactions.csv ...
analysis...
399 -> analysis by 0_standard_traj|csv -> traj.csv ...
399 -> analysis by 1_standard_traj|xyz -> traj.xyz ...
399 -> analysis by 2_particleNumbers|csv -> out_particleNumbers.csv ...
399 -> analysis by 3_standardReactionReporting|csv -> out_reactions.csv ...
analysis...
499 -> analysis by 0_standard_traj|csv -> traj.csv ...
499 -> analysis by 1_standard_traj|xyz -> traj.xyz ...
499 -> analysis by 2_particleNumbers|csv -> out_particleNumbers.csv ...
499 -> analysis by 3_standardReactionReporting|csv -> out_reactions.csv ...
hit: step=537 p0id=1 p0type=0 p1id=7 p1type=1
hit: step=538 p0id=1 p0type=0 p1id=7 p1type=1
hit: step=539 p0id=1 p0type=0 p1id=7 p1type=1
hit: step=551 p0id=1 p0type=0 p1id=7 p1type=1
hit: step=597 p0id=5 p0type=0 p1id=7 p1type=1
hit: step=598 p0id=5 p0type=0 p1id=7 p1type=1
analysis...
599 -> analysis by 0_standard_traj|csv -> traj.csv ...
599 -> analysis by 1_standard_traj|xyz -> traj.xyz ...
599 -> analysis by 2_particleNumbers|csv -> out_particleNumbers.csv ...
599 -> analysis by 3_standardReactionReporting|csv -> out_reactions.csv ...
hit: step=602 p0id=5 p0type=0 p1id=7 p1type=1
analysis...
699 -> analysis by 0_standard_traj|csv -> traj.csv ...
699 -> analysis by 1_standard_traj|xyz -> traj.xyz ...
699 -> analysis by 2_particleNumbers|csv -> out_particleNumbers.csv ...
699 -> analysis by 3_standardReactionReporting|csv -> out_reactions.csv ...
hit: step=709 p0id=5 p0type=0 p1id=7 p1type=1
hit: step=710 p0id=5 p0type=0 p1id=7 p1type=1
hit: step=711 p0id=5 p0type=0 p1id=7 p1type=1
hit: step=712 p0id=5 p0type=0 p1id=7 p1type=1
hit: step=713 p0id=5 p0type=0 p1id=7 p1type=1
hit: step=714 p0id=5 p0type=0 p1id=7 p1type=1
hit: step=718 p0id=5 p0type=0 p1id=7 p1type=1
hit: step=719 p0id=5 p0type=0 p1id=7 p1type=1
hit: step=720 p0id=5 p0type=0 p1id=7 p1type=1
hit: step=721 p0id=5 p0type=0 p1id=7 p1type=1
hit: step=722 p0id=5 p0type=0 p1id=7 p1type=1
hit: step=723 p0id=5 p0type=0 p1id=7 p1type=1
analysis...
799 -> analysis by 0_standard_traj|csv -> traj.csv ...
799 -> analysis by 1_standard_traj|xyz -> traj.xyz ...
799 -> analysis by 2_particleNumbers|csv -> out_particleNumbers.csv ...
799 -> analysis by 3_standardReactionReporting|csv -> out_reactions.csv ...
analysis...
899 -> analysis by 0_standard_traj|csv -> traj.csv ...
899 -> analysis by 1_standard_traj|xyz -> traj.xyz ...
899 -> analysis by 2_particleNumbers|csv -> out_particleNumbers.csv ...
899 -> analysis by 3_standardReactionReporting|csv -> out_reactions.csv ...
analysis...
999 -> analysis by 0_standard_traj|csv -> traj.csv ...
999 -> analysis by 1_standard_traj|xyz -> traj.xyz ...
999 -> analysis by 2_particleNumbers|csv -> out_particleNumbers.csv ...
999 -> analysis by 3_standardReactionReporting|csv -> out_reactions.csv ...

top: 'step 1000'
analysis...
1099 -> analysis by 0_standard_traj|csv -> traj.csv ...
1099 -> analysis by 1_standard_traj|xyz -> traj.xyz ...
1099 -> analysis by 2_particleNumbers|csv -> out_particleNumbers.csv ...
1099 -> analysis by 3_standardReactionReporting|csv -> out_reactions.csv ...
analysis...
1199 -> analysis by 0_standard_traj|csv -> traj.csv ...
1199 -> analysis by 1_standard_traj|xyz -> traj.xyz ...
1199 -> analysis by 2_particleNumbers|csv -> out_particleNumbers.csv ...
1199 -> analysis by 3_standardReactionReporting|csv -> out_reactions.csv ...
analysis...
1299 -> analysis by 0_standard_traj|csv -> traj.csv ...
1299 -> analysis by 1_standard_traj|xyz -> traj.xyz ...
1299 -> analysis by 2_particleNumbers|csv -> out_particleNumbers.csv ...
1299 -> analysis by 3_standardReactionReporting|csv -> out_reactions.csv ...
analysis...
1399 -> analysis by 0_standard_traj|csv -> traj.csv ...
1399 -> analysis by 1_standard_traj|xyz -> traj.xyz ...
1399 -> analysis by 2_particleNumbers|csv -> out_particleNumbers.csv ...
1399 -> analysis by 3_standardReactionReporting|csv -> out_reactions.csv ...
analysis...
1499 -> analysis by 0_standard_traj|csv -> traj.csv ...
1499 -> analysis by 1_standard_traj|xyz -> traj.xyz ...
1499 -> analysis by 2_particleNumbers|csv -> out_particleNumbers.csv ...
1499 -> analysis by 3_standardReactionReporting|csv -> out_reactions.csv ...
analysis...
1599 -> analysis by 0_standard_traj|csv -> traj.csv ...
1599 -> analysis by 1_standard_traj|xyz -> traj.xyz ...
1599 -> analysis by 2_particleNumbers|csv -> out_particleNumbers.csv ...
1599 -> analysis by 3_standardReactionReporting|csv -> out_reactions.csv ...
analysis...
1699 -> analysis by 0_standard_traj|csv -> traj.csv ...
1699 -> analysis by 1_standard_traj|xyz -> traj.xyz ...
1699 -> analysis by 2_particleNumbers|csv -> out_particleNumbers.csv ...
1699 -> analysis by 3_standardReactionReporting|csv -> out_reactions.csv ...
analysis...
1799 -> analysis by 0_standard_traj|csv -> traj.csv ...
1799 -> analysis by 1_standard_traj|xyz -> traj.xyz ...
1799 -> analysis by 2_particleNumbers|csv -> out_particleNumbers.csv ...
1799 -> analysis by 3_standardReactionReporting|csv -> out_reactions.csv ...
analysis...
1899 -> analysis by 0_standard_traj|csv -> traj.csv ...
1899 -> analysis by 1_standard_traj|xyz -> traj.xyz ...
1899 -> analysis by 2_particleNumbers|csv -> out_particleNumbers.csv ...
1899 -> analysis by 3_standardReactionReporting|csv -> out_reactions.csv ...
analysis...
1999 -> analysis by 0_standard_traj|csv -> traj.csv ...
1999 -> analysis by 1_standard_traj|xyz -> traj.xyz ...
1999 -> analysis by 2_particleNumbers|csv -> out_particleNumbers.csv ...
1999 -> analysis by 3_standardReactionReporting|csv -> out_reactions.csv ...

top: 'step 2000'
analysis...
2099 -> analysis by 0_standard_traj|csv -> traj.csv ...
2099 -> analysis by 1_standard_traj|xyz -> traj.xyz ...
2099 -> analysis by 2_particleNumbers|csv -> out_particleNumbers.csv ...
2099 -> analysis by 3_standardReactionReporting|csv -> out_reactions.csv ...
analysis...
2199 -> analysis by 0_standard_traj|csv -> traj.csv ...
2199 -> analysis by 1_standard_traj|xyz -> traj.xyz ...
2199 -> analysis by 2_particleNumbers|csv -> out_particleNumbers.csv ...
2199 -> analysis by 3_standardReactionReporting|csv -> out_reactions.csv ...
analysis...
2299 -> analysis by 0_standard_traj|csv -> traj.csv ...
2299 -> analysis by 1_standard_traj|xyz -> traj.xyz ...
2299 -> analysis by 2_particleNumbers|csv -> out_particleNumbers.csv ...
2299 -> analysis by 3_standardReactionReporting|csv -> out_reactions.csv ...
analysis...
2399 -> analysis by 0_standard_traj|csv -> traj.csv ...
2399 -> analysis by 1_standard_traj|xyz -> traj.xyz ...
2399 -> analysis by 2_particleNumbers|csv -> out_particleNumbers.csv ...
2399 -> analysis by 3_standardReactionReporting|csv -> out_reactions.csv ...
analysis...
2499 -> analysis by 0_standard_traj|csv -> traj.csv ...
2499 -> analysis by 1_standard_traj|xyz -> traj.xyz ...
2499 -> analysis by 2_particleNumbers|csv -> out_particleNumbers.csv ...
2499 -> analysis by 3_standardReactionReporting|csv -> out_reactions.csv ...
analysis...
2599 -> analysis by 0_standard_traj|csv -> traj.csv ...
2599 -> analysis by 1_standard_traj|xyz -> traj.xyz ...
2599 -> analysis by 2_particleNumbers|csv -> out_particleNumbers.csv ...
2599 -> analysis by 3_standardReactionReporting|csv -> out_reactions.csv ...
analysis...
2699 -> analysis by 0_standard_traj|csv -> traj.csv ...
2699 -> analysis by 1_standard_traj|xyz -> traj.xyz ...
2699 -> analysis by 2_particleNumbers|csv -> out_particleNumbers.csv ...
2699 -> analysis by 3_standardReactionReporting|csv -> out_reactions.csv ...
analysis...
2799 -> analysis by 0_standard_traj|csv -> traj.csv ...
2799 -> analysis by 1_standard_traj|xyz -> traj.xyz ...
2799 -> analysis by 2_particleNumbers|csv -> out_particleNumbers.csv ...
2799 -> analysis by 3_standardReactionReporting|csv -> out_reactions.csv ...
analysis...
2899 -> analysis by 0_standard_traj|csv -> traj.csv ...
2899 -> analysis by 1_standard_traj|xyz -> traj.xyz ...
2899 -> analysis by 2_particleNumbers|csv -> out_particleNumbers.csv ...
2899 -> analysis by 3_standardReactionReporting|csv -> out_reactions.csv ...
analysis...
2999 -> analysis by 0_standard_traj|csv -> traj.csv ...
2999 -> analysis by 1_standard_traj|xyz -> traj.xyz ...
2999 -> analysis by 2_particleNumbers|csv -> out_particleNumbers.csv ...
2999 -> analysis by 3_standardReactionReporting|csv -> out_reactions.csv ...

top: 'step 3000'
analysis...
3099 -> analysis by 0_standard_traj|csv -> traj.csv ...
3099 -> analysis by 1_standard_traj|xyz -> traj.xyz ...
3099 -> analysis by 2_particleNumbers|csv -> out_particleNumbers.csv ...
3099 -> analysis by 3_standardReactionReporting|csv -> out_reactions.csv ...
analysis...
3199 -> analysis by 0_standard_traj|csv -> traj.csv ...
3199 -> analysis by 1_standard_traj|xyz -> traj.xyz ...
3199 -> analysis by 2_particleNumbers|csv -> out_particleNumbers.csv ...
3199 -> analysis by 3_standardReactionReporting|csv -> out_reactions.csv ...
hit: step=3258 p0id=1 p0type=0 p1id=8 p1type=1
hit: step=3259 p0id=1 p0type=0 p1id=8 p1type=1
hit: step=3260 p0id=1 p0type=0 p1id=8 p1type=1
hit: step=3261 p0id=1 p0type=0 p1id=8 p1type=1
hit: step=3262 p0id=1 p0type=0 p1id=8 p1type=1
hit: step=3263 p0id=1 p0type=0 p1id=8 p1type=1
hit: step=3264 p0id=1 p0type=0 p1id=8 p1type=1
hit: step=3265 p0id=1 p0type=0 p1id=8 p1type=1
hit: step=3266 p0id=1 p0type=0 p1id=8 p1type=1
hit: step=3267 p0id=1 p0type=0 p1id=8 p1type=1
hit: step=3268 p0id=1 p0type=0 p1id=8 p1type=1
hit: step=3269 p0id=1 p0type=0 p1id=8 p1type=1
hit: step=3270 p0id=1 p0type=0 p1id=8 p1type=1
hit: step=3271 p0id=1 p0type=0 p1id=8 p1type=1
hit: step=3272 p0id=1 p0type=0 p1id=8 p1type=1
hit: step=3273 p0id=1 p0type=0 p1id=8 p1type=1
hit: step=3274 p0id=1 p0type=0 p1id=8 p1type=1
hit: step=3275 p0id=1 p0type=0 p1id=8 p1type=1
hit: step=3276 p0id=1 p0type=0 p1id=8 p1type=1
hit: step=3279 p0id=1 p0type=0 p1id=8 p1type=1
hit: step=3280 p0id=1 p0type=0 p1id=8 p1type=1
analysis...
3299 -> analysis by 0_standard_traj|csv -> traj.csv ...
3299 -> analysis by 1_standard_traj|xyz -> traj.xyz ...
3299 -> analysis by 2_particleNumbers|csv -> out_particleNumbers.csv ...
3299 -> analysis by 3_standardReactionReporting|csv -> out_reactions.csv ...
hit: step=3316 p0id=1 p0type=0 p1id=8 p1type=1
hit: step=3317 p0id=1 p0type=0 p1id=8 p1type=1
hit: step=3323 p0id=1 p0type=0 p1id=8 p1type=1
hit: step=3327 p0id=1 p0type=0 p1id=8 p1type=1
hit: step=3328 p0id=1 p0type=0 p1id=8 p1type=1
hit: step=3329 p0id=1 p0type=0 p1id=8 p1type=1
hit: step=3334 p0id=1 p0type=0 p1id=8 p1type=1
hit: step=3335 p0id=1 p0type=0 p1id=8 p1type=1
hit: step=3336 p0id=1 p0type=0 p1id=8 p1type=1
hit: step=3337 p0id=1 p0type=0 p1id=8 p1type=1
hit: step=3338 p0id=1 p0type=0 p1id=8 p1type=1
hit: step=3339 p0id=1 p0type=0 p1id=8 p1type=1
hit: step=3340 p0id=1 p0type=0 p1id=8 p1type=1
hit: step=3341 p0id=1 p0type=0 p1id=8 p1type=1
hit: step=3342 p0id=1 p0type=0 p1id=8 p1type=1
hit: step=3343 p0id=1 p0type=0 p1id=8 p1type=1
analysis...
3399 -> analysis by 0_standard_traj|csv -> traj.csv ...
3399 -> analysis by 1_standard_traj|xyz -> traj.xyz ...
3399 -> analysis by 2_particleNumbers|csv -> out_particleNumbers.csv ...
3399 -> analysis by 3_standardReactionReporting|csv -> out_reactions.csv ...
analysis...
3499 -> analysis by 0_standard_traj|csv -> traj.csv ...
3499 -> analysis by 1_standard_traj|xyz -> traj.xyz ...
3499 -> analysis by 2_particleNumbers|csv -> out_particleNumbers.csv ...
3499 -> analysis by 3_standardReactionReporting|csv -> out_reactions.csv ...
analysis...
3599 -> analysis by 0_standard_traj|csv -> traj.csv ...
3599 -> analysis by 1_standard_traj|xyz -> traj.xyz ...
3599 -> analysis by 2_particleNumbers|csv -> out_particleNumbers.csv ...
3599 -> analysis by 3_standardReactionReporting|csv -> out_reactions.csv ...
analysis...
3699 -> analysis by 0_standard_traj|csv -> traj.csv ...
3699 -> analysis by 1_standard_traj|xyz -> traj.xyz ...
3699 -> analysis by 2_particleNumbers|csv -> out_particleNumbers.csv ...
3699 -> analysis by 3_standardReactionReporting|csv -> out_reactions.csv ...
analysis...
3799 -> analysis by 0_standard_traj|csv -> traj.csv ...
3799 -> analysis by 1_standard_traj|xyz -> traj.xyz ...
3799 -> analysis by 2_particleNumbers|csv -> out_particleNumbers.csv ...
3799 -> analysis by 3_standardReactionReporting|csv -> out_reactions.csv ...
analysis...
3899 -> analysis by 0_standard_traj|csv -> traj.csv ...
3899 -> analysis by 1_standard_traj|xyz -> traj.xyz ...
3899 -> analysis by 2_particleNumbers|csv -> out_particleNumbers.csv ...
3899 -> analysis by 3_standardReactionReporting|csv -> out_reactions.csv ...
analysis...
3999 -> analysis by 0_standard_traj|csv -> traj.csv ...
3999 -> analysis by 1_standard_traj|xyz -> traj.xyz ...
3999 -> analysis by 2_particleNumbers|csv -> out_particleNumbers.csv ...
3999 -> analysis by 3_standardReactionReporting|csv -> out_reactions.csv ...

top: 'step 4000'
analysis...
4099 -> analysis by 0_standard_traj|csv -> traj.csv ...
4099 -> analysis by 1_standard_traj|xyz -> traj.xyz ...
4099 -> analysis by 2_particleNumbers|csv -> out_particleNumbers.csv ...
4099 -> analysis by 3_standardReactionReporting|csv -> out_reactions.csv ...
analysis...
4199 -> analysis by 0_standard_traj|csv -> traj.csv ...
4199 -> analysis by 1_standard_traj|xyz -> traj.xyz ...
4199 -> analysis by 2_particleNumbers|csv -> out_particleNumbers.csv ...
4199 -> analysis by 3_standardReactionReporting|csv -> out_reactions.csv ...
hit: step=4216 p0id=1 p0type=0 p1id=8 p1type=1
hit: step=4217 p0id=1 p0type=0 p1id=8 p1type=1
hit: step=4222 p0id=1 p0type=0 p1id=8 p1type=1
hit: step=4225 p0id=1 p0type=0 p1id=8 p1type=1
hit: step=4226 p0id=1 p0type=0 p1id=8 p1type=1
hit: step=4227 p0id=1 p0type=0 p1id=8 p1type=1
hit: step=4228 p0id=1 p0type=0 p1id=8 p1type=1
hit: step=4229 p0id=1 p0type=0 p1id=8 p1type=1
hit: step=4230 p0id=1 p0type=0 p1id=8 p1type=1
hit: step=4231 p0id=1 p0type=0 p1id=8 p1type=1
hit: step=4232 p0id=1 p0type=0 p1id=8 p1type=1
hit: step=4233 p0id=1 p0type=0 p1id=8 p1type=1
hit: step=4234 p0id=1 p0type=0 p1id=8 p1type=1
hit: step=4235 p0id=1 p0type=0 p1id=8 p1type=1
hit: step=4236 p0id=1 p0type=0 p1id=8 p1type=1
hit: step=4237 p0id=1 p0type=0 p1id=8 p1type=1
hit: step=4238 p0id=1 p0type=0 p1id=8 p1type=1
hit: step=4239 p0id=1 p0type=0 p1id=8 p1type=1
hit: step=4240 p0id=1 p0type=0 p1id=8 p1type=1
hit: step=4241 p0id=1 p0type=0 p1id=8 p1type=1
hit: step=4242 p0id=1 p0type=0 p1id=8 p1type=1
hit: step=4243 p0id=1 p0type=0 p1id=8 p1type=1
hit: step=4244 p0id=1 p0type=0 p1id=8 p1type=1
hit: step=4245 p0id=1 p0type=0 p1id=8 p1type=1
hit: step=4246 p0id=1 p0type=0 p1id=8 p1type=1
hit: step=4247 p0id=1 p0type=0 p1id=8 p1type=1
hit: step=4249 p0id=1 p0type=0 p1id=8 p1type=1
hit: step=4250 p0id=1 p0type=0 p1id=8 p1type=1
hit: step=4251 p0id=1 p0type=0 p1id=8 p1type=1
hit: step=4252 p0id=1 p0type=0 p1id=8 p1type=1
hit: step=4253 p0id=1 p0type=0 p1id=8 p1type=1
hit: step=4254 p0id=1 p0type=0 p1id=8 p1type=1
analysis...
4299 -> analysis by 0_standard_traj|csv -> traj.csv ...
4299 -> analysis by 1_standard_traj|xyz -> traj.xyz ...
4299 -> analysis by 2_particleNumbers|csv -> out_particleNumbers.csv ...
4299 -> analysis by 3_standardReactionReporting|csv -> out_reactions.csv ...
analysis...
4399 -> analysis by 0_standard_traj|csv -> traj.csv ...
4399 -> analysis by 1_standard_traj|xyz -> traj.xyz ...
4399 -> analysis by 2_particleNumbers|csv -> out_particleNumbers.csv ...
4399 -> analysis by 3_standardReactionReporting|csv -> out_reactions.csv ...
analysis...
4499 -> analysis by 0_standard_traj|csv -> traj.csv ...
4499 -> analysis by 1_standard_traj|xyz -> traj.xyz ...
4499 -> analysis by 2_particleNumbers|csv -> out_particleNumbers.csv ...
4499 -> analysis by 3_standardReactionReporting|csv -> out_reactions.csv ...
analysis...
4599 -> analysis by 0_standard_traj|csv -> traj.csv ...
4599 -> analysis by 1_standard_traj|xyz -> traj.xyz ...
4599 -> analysis by 2_particleNumbers|csv -> out_particleNumbers.csv ...
4599 -> analysis by 3_standardReactionReporting|csv -> out_reactions.csv ...
analysis...
4699 -> analysis by 0_standard_traj|csv -> traj.csv ...
4699 -> analysis by 1_standard_traj|xyz -> traj.xyz ...
4699 -> analysis by 2_particleNumbers|csv -> out_particleNumbers.csv ...
4699 -> analysis by 3_standardReactionReporting|csv -> out_reactions.csv ...
analysis...
4799 -> analysis by 0_standard_traj|csv -> traj.csv ...
4799 -> analysis by 1_standard_traj|xyz -> traj.xyz ...
4799 -> analysis by 2_particleNumbers|csv -> out_particleNumbers.csv ...
4799 -> analysis by 3_standardReactionReporting|csv -> out_reactions.csv ...
analysis...
4899 -> analysis by 0_standard_traj|csv -> traj.csv ...
4899 -> analysis by 1_standard_traj|xyz -> traj.xyz ...
4899 -> analysis by 2_particleNumbers|csv -> out_particleNumbers.csv ...
4899 -> analysis by 3_standardReactionReporting|csv -> out_reactions.csv ...
analysis...
4999 -> analysis by 0_standard_traj|csv -> traj.csv ...
4999 -> analysis by 1_standard_traj|xyz -> traj.xyz ...
4999 -> analysis by 2_particleNumbers|csv -> out_particleNumbers.csv ...
4999 -> analysis by 3_standardReactionReporting|csv -> out_reactions.csv ...

top: 'step 5000'
hit: step=5033 p0id=2 p0type=0 p1id=8 p1type=1
hit: step=5034 p0id=2 p0type=0 p1id=8 p1type=1
hit: step=5035 p0id=2 p0type=0 p1id=8 p1type=1
hit: step=5036 p0id=2 p0type=0 p1id=8 p1type=1
hit: step=5052 p0id=2 p0type=0 p1id=8 p1type=1
hit: step=5060 p0id=2 p0type=0 p1id=8 p1type=1
hit: step=5061 p0id=2 p0type=0 p1id=8 p1type=1
hit: step=5062 p0id=2 p0type=0 p1id=8 p1type=1
hit: step=5063 p0id=2 p0type=0 p1id=8 p1type=1
hit: step=5064 p0id=2 p0type=0 p1id=8 p1type=1
hit: step=5065 p0id=2 p0type=0 p1id=8 p1type=1
hit: step=5066 p0id=2 p0type=0 p1id=8 p1type=1
hit: step=5067 p0id=2 p0type=0 p1id=8 p1type=1
hit: step=5070 p0id=2 p0type=0 p1id=8 p1type=1
hit: step=5071 p0id=2 p0type=0 p1id=8 p1type=1
hit: step=5072 p0id=2 p0type=0 p1id=8 p1type=1
hit: step=5073 p0id=2 p0type=0 p1id=8 p1type=1
hit: step=5074 p0id=2 p0type=0 p1id=8 p1type=1
hit: step=5075 p0id=2 p0type=0 p1id=8 p1type=1
hit: step=5076 p0id=2 p0type=0 p1id=8 p1type=1
hit: step=5077 p0id=2 p0type=0 p1id=8 p1type=1
hit: step=5078 p0id=2 p0type=0 p1id=8 p1type=1
hit: step=5079 p0id=2 p0type=0 p1id=8 p1type=1
hit: step=5080 p0id=2 p0type=0 p1id=8 p1type=1
hit: step=5081 p0id=2 p0type=0 p1id=8 p1type=1
hit: step=5082 p0id=2 p0type=0 p1id=8 p1type=1
hit: step=5083 p0id=2 p0type=0 p1id=8 p1type=1
hit: step=5084 p0id=2 p0type=0 p1id=8 p1type=1
hit: step=5085 p0id=2 p0type=0 p1id=8 p1type=1
hit: step=5086 p0id=2 p0type=0 p1id=8 p1type=1
hit: step=5087 p0id=2 p0type=0 p1id=8 p1type=1
hit: step=5088 p0id=2 p0type=0 p1id=8 p1type=1
hit: step=5089 p0id=2 p0type=0 p1id=8 p1type=1
hit: step=5090 p0id=2 p0type=0 p1id=8 p1type=1
hit: step=5091 p0id=2 p0type=0 p1id=8 p1type=1
hit: step=5092 p0id=2 p0type=0 p1id=8 p1type=1
hit: step=5093 p0id=2 p0type=0 p1id=8 p1type=1
hit: step=5094 p0id=2 p0type=0 p1id=8 p1type=1
hit: step=5095 p0id=2 p0type=0 p1id=8 p1type=1
hit: step=5096 p0id=2 p0type=0 p1id=8 p1type=1
hit: step=5097 p0id=2 p0type=0 p1id=8 p1type=1
hit: step=5098 p0id=2 p0type=0 p1id=8 p1type=1
hit: step=5099 p0id=2 p0type=0 p1id=8 p1type=1
analysis...
5099 -> analysis by 0_standard_traj|csv -> traj.csv ...
5099 -> analysis by 1_standard_traj|xyz -> traj.xyz ...
5099 -> analysis by 2_particleNumbers|csv -> out_particleNumbers.csv ...
5099 -> analysis by 3_standardReactionReporting|csv -> out_reactions.csv ...
hit: step=5100 p0id=2 p0type=0 p1id=8 p1type=1
hit: step=5101 p0id=2 p0type=0 p1id=8 p1type=1
hit: step=5102 p0id=2 p0type=0 p1id=8 p1type=1
hit: step=5103 p0id=2 p0type=0 p1id=8 p1type=1
hit: step=5104 p0id=2 p0type=0 p1id=8 p1type=1
hit: step=5105 p0id=2 p0type=0 p1id=8 p1type=1
hit: step=5106 p0id=2 p0type=0 p1id=8 p1type=1
hit: step=5107 p0id=2 p0type=0 p1id=8 p1type=1
hit: step=5108 p0id=2 p0type=0 p1id=8 p1type=1
hit: step=5109 p0id=2 p0type=0 p1id=8 p1type=1
hit: step=5110 p0id=2 p0type=0 p1id=8 p1type=1
hit: step=5111 p0id=2 p0type=0 p1id=8 p1type=1
hit: step=5114 p0id=2 p0type=0 p1id=8 p1type=1
hit: step=5118 p0id=2 p0type=0 p1id=8 p1type=1
hit: step=5119 p0id=2 p0type=0 p1id=8 p1type=1
hit: step=5120 p0id=2 p0type=0 p1id=8 p1type=1
hit: step=5121 p0id=2 p0type=0 p1id=8 p1type=1
hit: step=5126 p0id=2 p0type=0 p1id=8 p1type=1
hit: step=5128 p0id=2 p0type=0 p1id=8 p1type=1
hit: step=5129 p0id=2 p0type=0 p1id=8 p1type=1
hit: step=5130 p0id=2 p0type=0 p1id=8 p1type=1
analysis...
5199 -> analysis by 0_standard_traj|csv -> traj.csv ...
5199 -> analysis by 1_standard_traj|xyz -> traj.xyz ...
5199 -> analysis by 2_particleNumbers|csv -> out_particleNumbers.csv ...
5199 -> analysis by 3_standardReactionReporting|csv -> out_reactions.csv ...
analysis...
5299 -> analysis by 0_standard_traj|csv -> traj.csv ...
5299 -> analysis by 1_standard_traj|xyz -> traj.xyz ...
5299 -> analysis by 2_particleNumbers|csv -> out_particleNumbers.csv ...
5299 -> analysis by 3_standardReactionReporting|csv -> out_reactions.csv ...
hit: step=5324 p0id=2 p0type=0 p1id=8 p1type=1
hit: step=5325 p0id=2 p0type=0 p1id=8 p1type=1
hit: step=5326 p0id=2 p0type=0 p1id=8 p1type=1
hit: step=5327 p0id=2 p0type=0 p1id=8 p1type=1
hit: step=5328 p0id=2 p0type=0 p1id=8 p1type=1
hit: step=5329 p0id=2 p0type=0 p1id=8 p1type=1
hit: step=5330 p0id=2 p0type=0 p1id=8 p1type=1
hit: step=5336 p0id=2 p0type=0 p1id=8 p1type=1
hit: step=5340 p0id=2 p0type=0 p1id=8 p1type=1
hit: step=5342 p0id=2 p0type=0 p1id=8 p1type=1
hit: step=5343 p0id=2 p0type=0 p1id=8 p1type=1
hit: step=5344 p0id=2 p0type=0 p1id=8 p1type=1
hit: step=5345 p0id=2 p0type=0 p1id=8 p1type=1
hit: step=5346 p0id=2 p0type=0 p1id=8 p1type=1
hit: step=5347 p0id=2 p0type=0 p1id=8 p1type=1
hit: step=5348 p0id=2 p0type=0 p1id=8 p1type=1
hit: step=5349 p0id=2 p0type=0 p1id=8 p1type=1
hit: step=5355 p0id=2 p0type=0 p1id=8 p1type=1
hit: step=5356 p0id=2 p0type=0 p1id=8 p1type=1
hit: step=5357 p0id=2 p0type=0 p1id=8 p1type=1
hit: step=5358 p0id=2 p0type=0 p1id=8 p1type=1
hit: step=5359 p0id=2 p0type=0 p1id=8 p1type=1
hit: step=5360 p0id=2 p0type=0 p1id=8 p1type=1
hit: step=5361 p0id=2 p0type=0 p1id=8 p1type=1
hit: step=5362 p0id=2 p0type=0 p1id=8 p1type=1
hit: step=5363 p0id=2 p0type=0 p1id=8 p1type=1
hit: step=5364 p0id=2 p0type=0 p1id=8 p1type=1
hit: step=5365 p0id=2 p0type=0 p1id=8 p1type=1
hit: step=5366 p0id=2 p0type=0 p1id=8 p1type=1
hit: step=5367 p0id=2 p0type=0 p1id=8 p1type=1
hit: step=5368 p0id=2 p0type=0 p1id=8 p1type=1
hit: step=5369 p0id=2 p0type=0 p1id=8 p1type=1
hit: step=5373 p0id=2 p0type=0 p1id=8 p1type=1
hit: step=5380 p0id=2 p0type=0 p1id=8 p1type=1
hit: step=5381 p0id=2 p0type=0 p1id=8 p1type=1
hit: step=5385 p0id=2 p0type=0 p1id=8 p1type=1
hit: step=5386 p0id=2 p0type=0 p1id=8 p1type=1
hit: step=5387 p0id=2 p0type=0 p1id=8 p1type=1
hit: step=5388 p0id=2 p0type=0 p1id=8 p1type=1
hit: step=5389 p0id=2 p0type=0 p1id=8 p1type=1
hit: step=5390 p0id=2 p0type=0 p1id=8 p1type=1
hit: step=5391 p0id=2 p0type=0 p1id=8 p1type=1
hit: step=5392 p0id=2 p0type=0 p1id=8 p1type=1
hit: step=5393 p0id=2 p0type=0 p1id=8 p1type=1
hit: step=5394 p0id=2 p0type=0 p1id=8 p1type=1
hit: step=5395 p0id=2 p0type=0 p1id=8 p1type=1
hit: step=5396 p0id=2 p0type=0 p1id=8 p1type=1
hit: step=5397 p0id=2 p0type=0 p1id=8 p1type=1
hit: step=5398 p0id=2 p0type=0 p1id=8 p1type=1
hit: step=5399 p0id=2 p0type=0 p1id=8 p1type=1
analysis...
5399 -> analysis by 0_standard_traj|csv -> traj.csv ...
5399 -> analysis by 1_standard_traj|xyz -> traj.xyz ...
5399 -> analysis by 2_particleNumbers|csv -> out_particleNumbers.csv ...
5399 -> analysis by 3_standardReactionReporting|csv -> out_reactions.csv ...
hit: step=5400 p0id=2 p0type=0 p1id=8 p1type=1
hit: step=5401 p0id=2 p0type=0 p1id=8 p1type=1
hit: step=5402 p0id=2 p0type=0 p1id=8 p1type=1
hit: step=5403 p0id=2 p0type=0 p1id=8 p1type=1
hit: step=5404 p0id=2 p0type=0 p1id=8 p1type=1
hit: step=5405 p0id=2 p0type=0 p1id=8 p1type=1
hit: step=5406 p0id=2 p0type=0 p1id=8 p1type=1
hit: step=5407 p0id=2 p0type=0 p1id=8 p1type=1
hit: step=5408 p0id=2 p0type=0 p1id=8 p1type=1
hit: step=5409 p0id=2 p0type=0 p1id=8 p1type=1
hit: step=5410 p0id=2 p0type=0 p1id=8 p1type=1
hit: step=5411 p0id=2 p0type=0 p1id=8 p1type=1
hit: step=5413 p0id=2 p0type=0 p1id=8 p1type=1
hit: step=5414 p0id=2 p0type=0 p1id=8 p1type=1
hit: step=5415 p0id=2 p0type=0 p1id=8 p1type=1
hit: step=5416 p0id=2 p0type=0 p1id=8 p1type=1
hit: step=5417 p0id=2 p0type=0 p1id=8 p1type=1
hit: step=5418 p0id=2 p0type=0 p1id=8 p1type=1
hit: step=5419 p0id=2 p0type=0 p1id=8 p1type=1
hit: step=5420 p0id=2 p0type=0 p1id=8 p1type=1
hit: step=5421 p0id=2 p0type=0 p1id=8 p1type=1
hit: step=5422 p0id=2 p0type=0 p1id=8 p1type=1
hit: step=5423 p0id=2 p0type=0 p1id=8 p1type=1
hit: step=5424 p0id=2 p0type=0 p1id=8 p1type=1
hit: step=5425 p0id=2 p0type=0 p1id=8 p1type=1
hit: step=5426 p0id=2 p0type=0 p1id=8 p1type=1
hit: step=5427 p0id=2 p0type=0 p1id=8 p1type=1
hit: step=5428 p0id=2 p0type=0 p1id=8 p1type=1
hit: step=5429 p0id=2 p0type=0 p1id=8 p1type=1
hit: step=5430 p0id=2 p0type=0 p1id=8 p1type=1
hit: step=5431 p0id=2 p0type=0 p1id=8 p1type=1
hit: step=5432 p0id=2 p0type=0 p1id=8 p1type=1
hit: step=5433 p0id=2 p0type=0 p1id=8 p1type=1
hit: step=5434 p0id=2 p0type=0 p1id=8 p1type=1
hit: step=5435 p0id=2 p0type=0 p1id=8 p1type=1
hit: step=5436 p0id=2 p0type=0 p1id=8 p1type=1
hit: step=5437 p0id=2 p0type=0 p1id=8 p1type=1
hit: step=5438 p0id=2 p0type=0 p1id=8 p1type=1
hit: step=5439 p0id=2 p0type=0 p1id=8 p1type=1
hit: step=5440 p0id=2 p0type=0 p1id=8 p1type=1
hit: step=5441 p0id=2 p0type=0 p1id=8 p1type=1
hit: step=5442 p0id=2 p0type=0 p1id=8 p1type=1
hit: step=5443 p0id=2 p0type=0 p1id=8 p1type=1
hit: step=5444 p0id=2 p0type=0 p1id=8 p1type=1
hit: step=5445 p0id=2 p0type=0 p1id=8 p1type=1
hit: step=5446 p0id=2 p0type=0 p1id=8 p1type=1
hit: step=5447 p0id=2 p0type=0 p1id=8 p1type=1
hit: step=5448 p0id=2 p0type=0 p1id=8 p1type=1
hit: step=5449 p0id=2 p0type=0 p1id=8 p1type=1
hit: step=5450 p0id=2 p0type=0 p1id=8 p1type=1
hit: step=5451 p0id=2 p0type=0 p1id=8 p1type=1
hit: step=5452 p0id=2 p0type=0 p1id=8 p1type=1
hit: step=5453 p0id=2 p0type=0 p1id=8 p1type=1
hit: step=5454 p0id=2 p0type=0 p1id=8 p1type=1
hit: step=5455 p0id=2 p0type=0 p1id=8 p1type=1
hit: step=5456 p0id=2 p0type=0 p1id=8 p1type=1
hit: step=5457 p0id=2 p0type=0 p1id=8 p1type=1
hit: step=5458 p0id=2 p0type=0 p1id=8 p1type=1
hit: step=5459 p0id=2 p0type=0 p1id=8 p1type=1
hit: step=5460 p0id=2 p0type=0 p1id=8 p1type=1
hit: step=5461 p0id=2 p0type=0 p1id=8 p1type=1
hit: step=5462 p0id=2 p0type=0 p1id=8 p1type=1
hit: step=5463 p0id=2 p0type=0 p1id=8 p1type=1
hit: step=5464 p0id=2 p0type=0 p1id=8 p1type=1
hit: step=5465 p0id=2 p0type=0 p1id=8 p1type=1
hit: step=5466 p0id=2 p0type=0 p1id=8 p1type=1
hit: step=5467 p0id=2 p0type=0 p1id=8 p1type=1
hit: step=5468 p0id=2 p0type=0 p1id=8 p1type=1
hit: step=5469 p0id=2 p0type=0 p1id=8 p1type=1
hit: step=5470 p0id=2 p0type=0 p1id=8 p1type=1
hit: step=5471 p0id=2 p0type=0 p1id=8 p1type=1
hit: step=5472 p0id=2 p0type=0 p1id=8 p1type=1
hit: step=5473 p0id=2 p0type=0 p1id=8 p1type=1
hit: step=5474 p0id=2 p0type=0 p1id=8 p1type=1
hit: step=5475 p0id=2 p0type=0 p1id=8 p1type=1
hit: step=5476 p0id=2 p0type=0 p1id=8 p1type=1
hit: step=5477 p0id=2 p0type=0 p1id=8 p1type=1
hit: step=5478 p0id=2 p0type=0 p1id=8 p1type=1
hit: step=5479 p0id=2 p0type=0 p1id=8 p1type=1
hit: step=5480 p0id=2 p0type=0 p1id=8 p1type=1
hit: step=5481 p0id=2 p0type=0 p1id=8 p1type=1
hit: step=5482 p0id=2 p0type=0 p1id=8 p1type=1
hit: step=5483 p0id=2 p0type=0 p1id=8 p1type=1
hit: step=5484 p0id=2 p0type=0 p1id=8 p1type=1
hit: step=5485 p0id=2 p0type=0 p1id=8 p1type=1
hit: step=5486 p0id=2 p0type=0 p1id=8 p1type=1
hit: step=5487 p0id=2 p0type=0 p1id=8 p1type=1
hit: step=5488 p0id=2 p0type=0 p1id=8 p1type=1
hit: step=5489 p0id=2 p0type=0 p1id=8 p1type=1
hit: step=5490 p0id=2 p0type=0 p1id=8 p1type=1
hit: step=5491 p0id=2 p0type=0 p1id=8 p1type=1
hit: step=5492 p0id=2 p0type=0 p1id=8 p1type=1
hit: step=5493 p0id=2 p0type=0 p1id=8 p1type=1
hit: step=5494 p0id=2 p0type=0 p1id=8 p1type=1
hit: step=5495 p0id=2 p0type=0 p1id=8 p1type=1
hit: step=5496 p0id=2 p0type=0 p1id=8 p1type=1
hit: step=5497 p0id=2 p0type=0 p1id=8 p1type=1
hit: step=5498 p0id=2 p0type=0 p1id=8 p1type=1
hit: step=5499 p0id=2 p0type=0 p1id=8 p1type=1
analysis...
5499 -> analysis by 0_standard_traj|csv -> traj.csv ...
5499 -> analysis by 1_standard_traj|xyz -> traj.xyz ...
5499 -> analysis by 2_particleNumbers|csv -> out_particleNumbers.csv ...
5499 -> analysis by 3_standardReactionReporting|csv -> out_reactions.csv ...
hit: step=5500 p0id=2 p0type=0 p1id=8 p1type=1
hit: step=5501 p0id=2 p0type=0 p1id=8 p1type=1
hit: step=5502 p0id=2 p0type=0 p1id=8 p1type=1
hit: step=5503 p0id=2 p0type=0 p1id=8 p1type=1
hit: step=5504 p0id=2 p0type=0 p1id=8 p1type=1
hit: step=5505 p0id=2 p0type=0 p1id=8 p1type=1
hit: step=5506 p0id=2 p0type=0 p1id=8 p1type=1
hit: step=5507 p0id=2 p0type=0 p1id=8 p1type=1
hit: step=5508 p0id=2 p0type=0 p1id=8 p1type=1
hit: step=5509 p0id=2 p0type=0 p1id=8 p1type=1
hit: step=5510 p0id=2 p0type=0 p1id=8 p1type=1
hit: step=5511 p0id=2 p0type=0 p1id=8 p1type=1
hit: step=5512 p0id=2 p0type=0 p1id=8 p1type=1
hit: step=5513 p0id=2 p0type=0 p1id=8 p1type=1
hit: step=5514 p0id=2 p0type=0 p1id=8 p1type=1
hit: step=5515 p0id=2 p0type=0 p1id=8 p1type=1
hit: step=5516 p0id=2 p0type=0 p1id=8 p1type=1
hit: step=5517 p0id=2 p0type=0 p1id=8 p1type=1
hit: step=5518 p0id=2 p0type=0 p1id=8 p1type=1
hit: step=5519 p0id=2 p0type=0 p1id=8 p1type=1
hit: step=5520 p0id=2 p0type=0 p1id=8 p1type=1
hit: step=5521 p0id=2 p0type=0 p1id=8 p1type=1
hit: step=5522 p0id=2 p0type=0 p1id=8 p1type=1
hit: step=5523 p0id=2 p0type=0 p1id=8 p1type=1
hit: step=5524 p0id=2 p0type=0 p1id=8 p1type=1
hit: step=5525 p0id=2 p0type=0 p1id=8 p1type=1
hit: step=5526 p0id=2 p0type=0 p1id=8 p1type=1
hit: step=5527 p0id=2 p0type=0 p1id=8 p1type=1
hit: step=5528 p0id=2 p0type=0 p1id=8 p1type=1
hit: step=5529 p0id=2 p0type=0 p1id=8 p1type=1
hit: step=5530 p0id=2 p0type=0 p1id=8 p1type=1
hit: step=5531 p0id=2 p0type=0 p1id=8 p1type=1
hit: step=5532 p0id=2 p0type=0 p1id=8 p1type=1
hit: step=5533 p0id=2 p0type=0 p1id=8 p1type=1
hit: step=5534 p0id=2 p0type=0 p1id=8 p1type=1
hit: step=5535 p0id=2 p0type=0 p1id=8 p1type=1
hit: step=5536 p0id=2 p0type=0 p1id=8 p1type=1
hit: step=5537 p0id=2 p0type=0 p1id=8 p1type=1
hit: step=5538 p0id=2 p0type=0 p1id=8 p1type=1
hit: step=5539 p0id=2 p0type=0 p1id=8 p1type=1
hit: step=5540 p0id=2 p0type=0 p1id=8 p1type=1
hit: step=5541 p0id=2 p0type=0 p1id=8 p1type=1
hit: step=5542 p0id=2 p0type=0 p1id=8 p1type=1
hit: step=5543 p0id=2 p0type=0 p1id=8 p1type=1
hit: step=5544 p0id=2 p0type=0 p1id=8 p1type=1
hit: step=5545 p0id=2 p0type=0 p1id=8 p1type=1
hit: step=5546 p0id=2 p0type=0 p1id=8 p1type=1
hit: step=5547 p0id=2 p0type=0 p1id=8 p1type=1
hit: step=5548 p0id=2 p0type=0 p1id=8 p1type=1
hit: step=5549 p0id=2 p0type=0 p1id=8 p1type=1
hit: step=5550 p0id=2 p0type=0 p1id=8 p1type=1
hit: step=5551 p0id=2 p0type=0 p1id=8 p1type=1
hit: step=5552 p0id=2 p0type=0 p1id=8 p1type=1
hit: step=5553 p0id=2 p0type=0 p1id=8 p1type=1
hit: step=5554 p0id=2 p0type=0 p1id=8 p1type=1
hit: step=5555 p0id=2 p0type=0 p1id=8 p1type=1
hit: step=5556 p0id=2 p0type=0 p1id=8 p1type=1
hit: step=5557 p0id=2 p0type=0 p1id=8 p1type=1
hit: step=5558 p0id=2 p0type=0 p1id=8 p1type=1
hit: step=5559 p0id=2 p0type=0 p1id=8 p1type=1
hit: step=5560 p0id=2 p0type=0 p1id=8 p1type=1
hit: step=5561 p0id=2 p0type=0 p1id=8 p1type=1
hit: step=5562 p0id=2 p0type=0 p1id=8 p1type=1
hit: step=5563 p0id=2 p0type=0 p1id=8 p1type=1
hit: step=5564 p0id=2 p0type=0 p1id=8 p1type=1
hit: step=5565 p0id=2 p0type=0 p1id=8 p1type=1
hit: step=5566 p0id=2 p0type=0 p1id=8 p1type=1
hit: step=5567 p0id=2 p0type=0 p1id=8 p1type=1
hit: step=5568 p0id=2 p0type=0 p1id=8 p1type=1
hit: step=5569 p0id=2 p0type=0 p1id=8 p1type=1
hit: step=5570 p0id=2 p0type=0 p1id=8 p1type=1
hit: step=5571 p0id=2 p0type=0 p1id=8 p1type=1
hit: step=5573 p0id=2 p0type=0 p1id=8 p1type=1
hit: step=5574 p0id=2 p0type=0 p1id=8 p1type=1
hit: step=5575 p0id=2 p0type=0 p1id=8 p1type=1
hit: step=5577 p0id=2 p0type=0 p1id=8 p1type=1
hit: step=5578 p0id=2 p0type=0 p1id=8 p1type=1
hit: step=5579 p0id=2 p0type=0 p1id=8 p1type=1
hit: step=5580 p0id=2 p0type=0 p1id=8 p1type=1
hit: step=5581 p0id=2 p0type=0 p1id=8 p1type=1
hit: step=5582 p0id=2 p0type=0 p1id=8 p1type=1
hit: step=5583 p0id=2 p0type=0 p1id=8 p1type=1
hit: step=5584 p0id=2 p0type=0 p1id=8 p1type=1
hit: step=5585 p0id=2 p0type=0 p1id=8 p1type=1
hit: step=5586 p0id=2 p0type=0 p1id=8 p1type=1
hit: step=5587 p0id=2 p0type=0 p1id=8 p1type=1
hit: step=5588 p0id=2 p0type=0 p1id=8 p1type=1
hit: step=5589 p0id=2 p0type=0 p1id=8 p1type=1
hit: step=5590 p0id=2 p0type=0 p1id=8 p1type=1
hit: step=5591 p0id=2 p0type=0 p1id=8 p1type=1
hit: step=5592 p0id=2 p0type=0 p1id=8 p1type=1
hit: step=5593 p0id=2 p0type=0 p1id=8 p1type=1
hit: step=5594 p0id=2 p0type=0 p1id=8 p1type=1
hit: step=5595 p0id=2 p0type=0 p1id=8 p1type=1
hit: step=5596 p0id=2 p0type=0 p1id=8 p1type=1
hit: step=5597 p0id=2 p0type=0 p1id=8 p1type=1
hit: step=5598 p0id=2 p0type=0 p1id=8 p1type=1
hit: step=5599 p0id=2 p0type=0 p1id=8 p1type=1
analysis...
5599 -> analysis by 0_standard_traj|csv -> traj.csv ...
5599 -> analysis by 1_standard_traj|xyz -> traj.xyz ...
5599 -> analysis by 2_particleNumbers|csv -> out_particleNumbers.csv ...
5599 -> analysis by 3_standardReactionReporting|csv -> out_reactions.csv ...
hit: step=5600 p0id=2 p0type=0 p1id=8 p1type=1
hit: step=5601 p0id=2 p0type=0 p1id=8 p1type=1
hit: step=5602 p0id=2 p0type=0 p1id=8 p1type=1
hit: step=5603 p0id=2 p0type=0 p1id=8 p1type=1
hit: step=5604 p0id=2 p0type=0 p1id=8 p1type=1
hit: step=5605 p0id=2 p0type=0 p1id=8 p1type=1
hit: step=5606 p0id=2 p0type=0 p1id=8 p1type=1
hit: step=5607 p0id=2 p0type=0 p1id=8 p1type=1
hit: step=5608 p0id=2 p0type=0 p1id=8 p1type=1
hit: step=5609 p0id=2 p0type=0 p1id=8 p1type=1
hit: step=5610 p0id=2 p0type=0 p1id=8 p1type=1
hit: step=5611 p0id=2 p0type=0 p1id=8 p1type=1
hit: step=5612 p0id=2 p0type=0 p1id=8 p1type=1
hit: step=5613 p0id=2 p0type=0 p1id=8 p1type=1
hit: step=5614 p0id=2 p0type=0 p1id=8 p1type=1
hit: step=5615 p0id=2 p0type=0 p1id=8 p1type=1
hit: step=5616 p0id=2 p0type=0 p1id=8 p1type=1
hit: step=5617 p0id=2 p0type=0 p1id=8 p1type=1
hit: step=5618 p0id=2 p0type=0 p1id=8 p1type=1
hit: step=5619 p0id=2 p0type=0 p1id=8 p1type=1
hit: step=5620 p0id=2 p0type=0 p1id=8 p1type=1
hit: step=5621 p0id=2 p0type=0 p1id=8 p1type=1
hit: step=5622 p0id=2 p0type=0 p1id=8 p1type=1
hit: step=5623 p0id=2 p0type=0 p1id=8 p1type=1
hit: step=5624 p0id=2 p0type=0 p1id=8 p1type=1
hit: step=5625 p0id=2 p0type=0 p1id=8 p1type=1
hit: step=5626 p0id=2 p0type=0 p1id=8 p1type=1
hit: step=5627 p0id=2 p0type=0 p1id=8 p1type=1
hit: step=5628 p0id=2 p0type=0 p1id=8 p1type=1
hit: step=5629 p0id=2 p0type=0 p1id=8 p1type=1
hit: step=5630 p0id=2 p0type=0 p1id=8 p1type=1
hit: step=5631 p0id=2 p0type=0 p1id=8 p1type=1
hit: step=5632 p0id=2 p0type=0 p1id=8 p1type=1
hit: step=5633 p0id=2 p0type=0 p1id=8 p1type=1
hit: step=5634 p0id=2 p0type=0 p1id=8 p1type=1
hit: step=5635 p0id=2 p0type=0 p1id=8 p1type=1
hit: step=5635 p0id=0 p0type=0 p1id=8 p1type=1
hit: step=5636 p0id=2 p0type=0 p1id=8 p1type=1
hit: step=5636 p0id=0 p0type=0 p1id=8 p1type=1
hit: step=5637 p0id=2 p0type=0 p1id=8 p1type=1
hit: step=5637 p0id=0 p0type=0 p1id=8 p1type=1
hit: step=5638 p0id=2 p0type=0 p1id=8 p1type=1
hit: step=5639 p0id=2 p0type=0 p1id=8 p1type=1
hit: step=5640 p0id=2 p0type=0 p1id=8 p1type=1
hit: step=5641 p0id=2 p0type=0 p1id=8 p1type=1
hit: step=5642 p0id=2 p0type=0 p1id=8 p1type=1
hit: step=5642 p0id=0 p0type=0 p1id=8 p1type=1
hit: step=5643 p0id=2 p0type=0 p1id=8 p1type=1
hit: step=5643 p0id=0 p0type=0 p1id=8 p1type=1
hit: step=5644 p0id=2 p0type=0 p1id=8 p1type=1
hit: step=5644 p0id=0 p0type=0 p1id=8 p1type=1
hit: step=5645 p0id=2 p0type=0 p1id=8 p1type=1
hit: step=5645 p0id=0 p0type=0 p1id=8 p1type=1
hit: step=5646 p0id=2 p0type=0 p1id=8 p1type=1
hit: step=5646 p0id=0 p0type=0 p1id=8 p1type=1
hit: step=5647 p0id=2 p0type=0 p1id=8 p1type=1
hit: step=5648 p0id=2 p0type=0 p1id=8 p1type=1
hit: step=5649 p0id=2 p0type=0 p1id=8 p1type=1
hit: step=5650 p0id=2 p0type=0 p1id=8 p1type=1
hit: step=5651 p0id=2 p0type=0 p1id=8 p1type=1
hit: step=5652 p0id=2 p0type=0 p1id=8 p1type=1
hit: step=5653 p0id=2 p0type=0 p1id=8 p1type=1
hit: step=5654 p0id=2 p0type=0 p1id=8 p1type=1
hit: step=5655 p0id=2 p0type=0 p1id=8 p1type=1
hit: step=5656 p0id=2 p0type=0 p1id=8 p1type=1
hit: step=5657 p0id=2 p0type=0 p1id=8 p1type=1
hit: step=5658 p0id=2 p0type=0 p1id=8 p1type=1
hit: step=5659 p0id=2 p0type=0 p1id=8 p1type=1
hit: step=5660 p0id=2 p0type=0 p1id=8 p1type=1
hit: step=5661 p0id=2 p0type=0 p1id=8 p1type=1
hit: step=5662 p0id=2 p0type=0 p1id=8 p1type=1
hit: step=5663 p0id=2 p0type=0 p1id=8 p1type=1
hit: step=5664 p0id=2 p0type=0 p1id=8 p1type=1
hit: step=5665 p0id=2 p0type=0 p1id=8 p1type=1
hit: step=5666 p0id=2 p0type=0 p1id=8 p1type=1
hit: step=5667 p0id=2 p0type=0 p1id=8 p1type=1
hit: step=5668 p0id=2 p0type=0 p1id=8 p1type=1
hit: step=5669 p0id=2 p0type=0 p1id=8 p1type=1
hit: step=5670 p0id=2 p0type=0 p1id=8 p1type=1
hit: step=5671 p0id=2 p0type=0 p1id=8 p1type=1
hit: step=5672 p0id=2 p0type=0 p1id=8 p1type=1
hit: step=5673 p0id=2 p0type=0 p1id=8 p1type=1
hit: step=5674 p0id=2 p0type=0 p1id=8 p1type=1
hit: step=5675 p0id=2 p0type=0 p1id=8 p1type=1
hit: step=5676 p0id=2 p0type=0 p1id=8 p1type=1
hit: step=5677 p0id=2 p0type=0 p1id=8 p1type=1
hit: step=5678 p0id=2 p0type=0 p1id=8 p1type=1
hit: step=5679 p0id=2 p0type=0 p1id=8 p1type=1
hit: step=5680 p0id=2 p0type=0 p1id=8 p1type=1
hit: step=5681 p0id=2 p0type=0 p1id=8 p1type=1
hit: step=5682 p0id=2 p0type=0 p1id=8 p1type=1
hit: step=5683 p0id=2 p0type=0 p1id=8 p1type=1
hit: step=5684 p0id=2 p0type=0 p1id=8 p1type=1
hit: step=5685 p0id=2 p0type=0 p1id=8 p1type=1
hit: step=5686 p0id=2 p0type=0 p1id=8 p1type=1
hit: step=5687 p0id=2 p0type=0 p1id=8 p1type=1
hit: step=5688 p0id=2 p0type=0 p1id=8 p1type=1
hit: step=5689 p0id=2 p0type=0 p1id=8 p1type=1
hit: step=5690 p0id=2 p0type=0 p1id=8 p1type=1
hit: step=5691 p0id=2 p0type=0 p1id=8 p1type=1
hit: step=5692 p0id=2 p0type=0 p1id=8 p1type=1
hit: step=5693 p0id=2 p0type=0 p1id=8 p1type=1
hit: step=5694 p0id=2 p0type=0 p1id=8 p1type=1
hit: step=5695 p0id=2 p0type=0 p1id=8 p1type=1
hit: step=5696 p0id=2 p0type=0 p1id=8 p1type=1
hit: step=5697 p0id=2 p0type=0 p1id=8 p1type=1
hit: step=5698 p0id=2 p0type=0 p1id=8 p1type=1
hit: step=5699 p0id=2 p0type=0 p1id=8 p1type=1
analysis...
5699 -> analysis by 0_standard_traj|csv -> traj.csv ...
5699 -> analysis by 1_standard_traj|xyz -> traj.xyz ...
5699 -> analysis by 2_particleNumbers|csv -> out_particleNumbers.csv ...
5699 -> analysis by 3_standardReactionReporting|csv -> out_reactions.csv ...
hit: step=5700 p0id=2 p0type=0 p1id=8 p1type=1
hit: step=5701 p0id=2 p0type=0 p1id=8 p1type=1
hit: step=5702 p0id=2 p0type=0 p1id=8 p1type=1
hit: step=5703 p0id=2 p0type=0 p1id=8 p1type=1
hit: step=5704 p0id=2 p0type=0 p1id=8 p1type=1
hit: step=5705 p0id=2 p0type=0 p1id=8 p1type=1
hit: step=5706 p0id=2 p0type=0 p1id=8 p1type=1
hit: step=5707 p0id=2 p0type=0 p1id=8 p1type=1
hit: step=5708 p0id=2 p0type=0 p1id=8 p1type=1
hit: step=5709 p0id=2 p0type=0 p1id=8 p1type=1
hit: step=5710 p0id=2 p0type=0 p1id=8 p1type=1
hit: step=5711 p0id=2 p0type=0 p1id=8 p1type=1
hit: step=5712 p0id=2 p0type=0 p1id=8 p1type=1
hit: step=5713 p0id=2 p0type=0 p1id=8 p1type=1
hit: step=5714 p0id=2 p0type=0 p1id=8 p1type=1
hit: step=5715 p0id=2 p0type=0 p1id=8 p1type=1
hit: step=5716 p0id=2 p0type=0 p1id=8 p1type=1
hit: step=5717 p0id=2 p0type=0 p1id=8 p1type=1
hit: step=5718 p0id=2 p0type=0 p1id=8 p1type=1
hit: step=5719 p0id=2 p0type=0 p1id=8 p1type=1
hit: step=5720 p0id=2 p0type=0 p1id=8 p1type=1
hit: step=5721 p0id=2 p0type=0 p1id=8 p1type=1
hit: step=5722 p0id=2 p0type=0 p1id=8 p1type=1
hit: step=5723 p0id=2 p0type=0 p1id=8 p1type=1
hit: step=5724 p0id=2 p0type=0 p1id=8 p1type=1
hit: step=5725 p0id=2 p0type=0 p1id=8 p1type=1
hit: step=5726 p0id=2 p0type=0 p1id=8 p1type=1
hit: step=5727 p0id=2 p0type=0 p1id=8 p1type=1
hit: step=5728 p0id=2 p0type=0 p1id=8 p1type=1
hit: step=5729 p0id=2 p0type=0 p1id=8 p1type=1
hit: step=5730 p0id=2 p0type=0 p1id=8 p1type=1
hit: step=5731 p0id=2 p0type=0 p1id=8 p1type=1
hit: step=5732 p0id=2 p0type=0 p1id=8 p1type=1
hit: step=5733 p0id=2 p0type=0 p1id=8 p1type=1
hit: step=5734 p0id=2 p0type=0 p1id=8 p1type=1
hit: step=5735 p0id=2 p0type=0 p1id=8 p1type=1
hit: step=5736 p0id=2 p0type=0 p1id=8 p1type=1
hit: step=5737 p0id=2 p0type=0 p1id=8 p1type=1
hit: step=5738 p0id=2 p0type=0 p1id=8 p1type=1
hit: step=5739 p0id=2 p0type=0 p1id=8 p1type=1
hit: step=5740 p0id=2 p0type=0 p1id=8 p1type=1
hit: step=5741 p0id=2 p0type=0 p1id=8 p1type=1
hit: step=5742 p0id=2 p0type=0 p1id=8 p1type=1
hit: step=5743 p0id=2 p0type=0 p1id=8 p1type=1
hit: step=5744 p0id=2 p0type=0 p1id=8 p1type=1
hit: step=5745 p0id=2 p0type=0 p1id=8 p1type=1
hit: step=5746 p0id=2 p0type=0 p1id=8 p1type=1
hit: step=5747 p0id=2 p0type=0 p1id=8 p1type=1
hit: step=5748 p0id=2 p0type=0 p1id=8 p1type=1
hit: step=5749 p0id=2 p0type=0 p1id=8 p1type=1
hit: step=5750 p0id=2 p0type=0 p1id=8 p1type=1
hit: step=5751 p0id=2 p0type=0 p1id=8 p1type=1
hit: step=5752 p0id=2 p0type=0 p1id=8 p1type=1
hit: step=5753 p0id=2 p0type=0 p1id=8 p1type=1
hit: step=5754 p0id=2 p0type=0 p1id=8 p1type=1
hit: step=5755 p0id=2 p0type=0 p1id=8 p1type=1
hit: step=5756 p0id=2 p0type=0 p1id=8 p1type=1
hit: step=5757 p0id=2 p0type=0 p1id=8 p1type=1
hit: step=5758 p0id=2 p0type=0 p1id=8 p1type=1
hit: step=5759 p0id=2 p0type=0 p1id=8 p1type=1
hit: step=5760 p0id=2 p0type=0 p1id=8 p1type=1
hit: step=5761 p0id=2 p0type=0 p1id=8 p1type=1
hit: step=5762 p0id=2 p0type=0 p1id=8 p1type=1
hit: step=5763 p0id=2 p0type=0 p1id=8 p1type=1
hit: step=5764 p0id=2 p0type=0 p1id=8 p1type=1
hit: step=5765 p0id=2 p0type=0 p1id=8 p1type=1
hit: step=5766 p0id=2 p0type=0 p1id=8 p1type=1
hit: step=5767 p0id=2 p0type=0 p1id=8 p1type=1
hit: step=5768 p0id=2 p0type=0 p1id=8 p1type=1
hit: step=5769 p0id=2 p0type=0 p1id=8 p1type=1
hit: step=5770 p0id=2 p0type=0 p1id=8 p1type=1
hit: step=5771 p0id=2 p0type=0 p1id=8 p1type=1
hit: step=5772 p0id=2 p0type=0 p1id=8 p1type=1
hit: step=5773 p0id=2 p0type=0 p1id=8 p1type=1
hit: step=5774 p0id=2 p0type=0 p1id=8 p1type=1
hit: step=5775 p0id=2 p0type=0 p1id=8 p1type=1
hit: step=5776 p0id=2 p0type=0 p1id=8 p1type=1
hit: step=5777 p0id=2 p0type=0 p1id=8 p1type=1
hit: step=5778 p0id=2 p0type=0 p1id=8 p1type=1
hit: step=5779 p0id=2 p0type=0 p1id=8 p1type=1
hit: step=5780 p0id=2 p0type=0 p1id=8 p1type=1
hit: step=5781 p0id=2 p0type=0 p1id=8 p1type=1
hit: step=5782 p0id=2 p0type=0 p1id=8 p1type=1
hit: step=5783 p0id=2 p0type=0 p1id=8 p1type=1
hit: step=5784 p0id=2 p0type=0 p1id=8 p1type=1
hit: step=5785 p0id=2 p0type=0 p1id=8 p1type=1
hit: step=5786 p0id=2 p0type=0 p1id=8 p1type=1
hit: step=5787 p0id=2 p0type=0 p1id=8 p1type=1
hit: step=5788 p0id=2 p0type=0 p1id=8 p1type=1
hit: step=5789 p0id=2 p0type=0 p1id=8 p1type=1
hit: step=5790 p0id=2 p0type=0 p1id=8 p1type=1
hit: step=5791 p0id=2 p0type=0 p1id=8 p1type=1
hit: step=5792 p0id=2 p0type=0 p1id=8 p1type=1
hit: step=5793 p0id=2 p0type=0 p1id=8 p1type=1
hit: step=5794 p0id=2 p0type=0 p1id=8 p1type=1
hit: step=5795 p0id=2 p0type=0 p1id=8 p1type=1
hit: step=5796 p0id=2 p0type=0 p1id=8 p1type=1
hit: step=5797 p0id=2 p0type=0 p1id=8 p1type=1
hit: step=5798 p0id=2 p0type=0 p1id=8 p1type=1
hit: step=5799 p0id=2 p0type=0 p1id=8 p1type=1
analysis...
5799 -> analysis by 0_standard_traj|csv -> traj.csv ...
5799 -> analysis by 1_standard_traj|xyz -> traj.xyz ...
5799 -> analysis by 2_particleNumbers|csv -> out_particleNumbers.csv ...
5799 -> analysis by 3_standardReactionReporting|csv -> out_reactions.csv ...
hit: step=5800 p0id=2 p0type=0 p1id=8 p1type=1
hit: step=5801 p0id=2 p0type=0 p1id=8 p1type=1
hit: step=5802 p0id=2 p0type=0 p1id=8 p1type=1
hit: step=5803 p0id=2 p0type=0 p1id=8 p1type=1
hit: step=5804 p0id=2 p0type=0 p1id=8 p1type=1
hit: step=5805 p0id=2 p0type=0 p1id=8 p1type=1
hit: step=5806 p0id=2 p0type=0 p1id=8 p1type=1
hit: step=5807 p0id=2 p0type=0 p1id=8 p1type=1
hit: step=5808 p0id=2 p0type=0 p1id=8 p1type=1
hit: step=5809 p0id=2 p0type=0 p1id=8 p1type=1
hit: step=5810 p0id=2 p0type=0 p1id=8 p1type=1
hit: step=5811 p0id=2 p0type=0 p1id=8 p1type=1
hit: step=5812 p0id=2 p0type=0 p1id=8 p1type=1
hit: step=5813 p0id=2 p0type=0 p1id=8 p1type=1
hit: step=5814 p0id=2 p0type=0 p1id=8 p1type=1
hit: step=5815 p0id=2 p0type=0 p1id=8 p1type=1
hit: step=5816 p0id=2 p0type=0 p1id=8 p1type=1
hit: step=5817 p0id=2 p0type=0 p1id=8 p1type=1
hit: step=5818 p0id=2 p0type=0 p1id=8 p1type=1
hit: step=5819 p0id=2 p0type=0 p1id=8 p1type=1
hit: step=5820 p0id=2 p0type=0 p1id=8 p1type=1
hit: step=5821 p0id=2 p0type=0 p1id=8 p1type=1
hit: step=5822 p0id=2 p0type=0 p1id=8 p1type=1
hit: step=5823 p0id=2 p0type=0 p1id=8 p1type=1
hit: step=5824 p0id=2 p0type=0 p1id=8 p1type=1
hit: step=5825 p0id=2 p0type=0 p1id=8 p1type=1
hit: step=5826 p0id=2 p0type=0 p1id=8 p1type=1
hit: step=5827 p0id=2 p0type=0 p1id=8 p1type=1
hit: step=5828 p0id=2 p0type=0 p1id=8 p1type=1
hit: step=5829 p0id=2 p0type=0 p1id=8 p1type=1
hit: step=5830 p0id=2 p0type=0 p1id=8 p1type=1
hit: step=5831 p0id=2 p0type=0 p1id=8 p1type=1
hit: step=5832 p0id=2 p0type=0 p1id=8 p1type=1
hit: step=5833 p0id=2 p0type=0 p1id=8 p1type=1
hit: step=5834 p0id=2 p0type=0 p1id=8 p1type=1
hit: step=5835 p0id=2 p0type=0 p1id=8 p1type=1
hit: step=5836 p0id=2 p0type=0 p1id=8 p1type=1
hit: step=5837 p0id=2 p0type=0 p1id=8 p1type=1
hit: step=5838 p0id=2 p0type=0 p1id=8 p1type=1
hit: step=5839 p0id=2 p0type=0 p1id=8 p1type=1
hit: step=5840 p0id=2 p0type=0 p1id=8 p1type=1
hit: step=5841 p0id=2 p0type=0 p1id=8 p1type=1
hit: step=5842 p0id=2 p0type=0 p1id=8 p1type=1
hit: step=5843 p0id=2 p0type=0 p1id=8 p1type=1
hit: step=5844 p0id=2 p0type=0 p1id=8 p1type=1
hit: step=5845 p0id=2 p0type=0 p1id=8 p1type=1
hit: step=5846 p0id=2 p0type=0 p1id=8 p1type=1
hit: step=5847 p0id=2 p0type=0 p1id=8 p1type=1
hit: step=5848 p0id=2 p0type=0 p1id=8 p1type=1
hit: step=5849 p0id=2 p0type=0 p1id=8 p1type=1
hit: step=5850 p0id=2 p0type=0 p1id=8 p1type=1
hit: step=5851 p0id=2 p0type=0 p1id=8 p1type=1
hit: step=5852 p0id=2 p0type=0 p1id=8 p1type=1
hit: step=5853 p0id=2 p0type=0 p1id=8 p1type=1
hit: step=5855 p0id=2 p0type=0 p1id=8 p1type=1
hit: step=5856 p0id=2 p0type=0 p1id=8 p1type=1
hit: step=5859 p0id=2 p0type=0 p1id=8 p1type=1
hit: step=5866 p0id=2 p0type=0 p1id=8 p1type=1
hit: step=5870 p0id=2 p0type=0 p1id=8 p1type=1
hit: step=5871 p0id=2 p0type=0 p1id=8 p1type=1
hit: step=5872 p0id=2 p0type=0 p1id=8 p1type=1
analysis...
5899 -> analysis by 0_standard_traj|csv -> traj.csv ...
5899 -> analysis by 1_standard_traj|xyz -> traj.xyz ...
5899 -> analysis by 2_particleNumbers|csv -> out_particleNumbers.csv ...
5899 -> analysis by 3_standardReactionReporting|csv -> out_reactions.csv ...
hit: step=5900 p0id=2 p0type=0 p1id=8 p1type=1
hit: step=5901 p0id=2 p0type=0 p1id=8 p1type=1
hit: step=5902 p0id=2 p0type=0 p1id=8 p1type=1
hit: step=5904 p0id=2 p0type=0 p1id=8 p1type=1
hit: step=5905 p0id=2 p0type=0 p1id=8 p1type=1
hit: step=5906 p0id=2 p0type=0 p1id=8 p1type=1
hit: step=5907 p0id=2 p0type=0 p1id=8 p1type=1
hit: step=5908 p0id=2 p0type=0 p1id=8 p1type=1
hit: step=5909 p0id=2 p0type=0 p1id=8 p1type=1
hit: step=5910 p0id=2 p0type=0 p1id=8 p1type=1
hit: step=5911 p0id=2 p0type=0 p1id=8 p1type=1
hit: step=5912 p0id=2 p0type=0 p1id=8 p1type=1
hit: step=5913 p0id=2 p0type=0 p1id=8 p1type=1
hit: step=5914 p0id=2 p0type=0 p1id=8 p1type=1
hit: step=5915 p0id=2 p0type=0 p1id=8 p1type=1
hit: step=5916 p0id=2 p0type=0 p1id=8 p1type=1
hit: step=5917 p0id=2 p0type=0 p1id=8 p1type=1
hit: step=5918 p0id=2 p0type=0 p1id=8 p1type=1
hit: step=5919 p0id=2 p0type=0 p1id=8 p1type=1
hit: step=5920 p0id=2 p0type=0 p1id=8 p1type=1
hit: step=5921 p0id=2 p0type=0 p1id=8 p1type=1
hit: step=5922 p0id=2 p0type=0 p1id=8 p1type=1
hit: step=5923 p0id=2 p0type=0 p1id=8 p1type=1
hit: step=5924 p0id=2 p0type=0 p1id=8 p1type=1
hit: step=5925 p0id=2 p0type=0 p1id=8 p1type=1
hit: step=5926 p0id=2 p0type=0 p1id=8 p1type=1
hit: step=5927 p0id=2 p0type=0 p1id=8 p1type=1
hit: step=5928 p0id=2 p0type=0 p1id=8 p1type=1
hit: step=5929 p0id=2 p0type=0 p1id=8 p1type=1
hit: step=5930 p0id=2 p0type=0 p1id=8 p1type=1
hit: step=5931 p0id=2 p0type=0 p1id=8 p1type=1
hit: step=5932 p0id=2 p0type=0 p1id=8 p1type=1
hit: step=5933 p0id=2 p0type=0 p1id=8 p1type=1
hit: step=5934 p0id=2 p0type=0 p1id=8 p1type=1
hit: step=5935 p0id=2 p0type=0 p1id=8 p1type=1
hit: step=5936 p0id=2 p0type=0 p1id=8 p1type=1
hit: step=5937 p0id=2 p0type=0 p1id=8 p1type=1
hit: step=5938 p0id=2 p0type=0 p1id=8 p1type=1
hit: step=5939 p0id=2 p0type=0 p1id=8 p1type=1
hit: step=5940 p0id=2 p0type=0 p1id=8 p1type=1
hit: step=5941 p0id=2 p0type=0 p1id=8 p1type=1
hit: step=5942 p0id=2 p0type=0 p1id=8 p1type=1
hit: step=5943 p0id=2 p0type=0 p1id=8 p1type=1
hit: step=5944 p0id=2 p0type=0 p1id=8 p1type=1
hit: step=5945 p0id=2 p0type=0 p1id=8 p1type=1
hit: step=5946 p0id=2 p0type=0 p1id=8 p1type=1
hit: step=5947 p0id=2 p0type=0 p1id=8 p1type=1
hit: step=5948 p0id=2 p0type=0 p1id=8 p1type=1
hit: step=5949 p0id=2 p0type=0 p1id=8 p1type=1
hit: step=5950 p0id=2 p0type=0 p1id=8 p1type=1
hit: step=5951 p0id=2 p0type=0 p1id=8 p1type=1
hit: step=5952 p0id=2 p0type=0 p1id=8 p1type=1
hit: step=5953 p0id=2 p0type=0 p1id=8 p1type=1
hit: step=5954 p0id=2 p0type=0 p1id=8 p1type=1
hit: step=5955 p0id=2 p0type=0 p1id=8 p1type=1
hit: step=5956 p0id=2 p0type=0 p1id=8 p1type=1
hit: step=5957 p0id=2 p0type=0 p1id=8 p1type=1
hit: step=5958 p0id=2 p0type=0 p1id=8 p1type=1
hit: step=5959 p0id=2 p0type=0 p1id=8 p1type=1
hit: step=5960 p0id=2 p0type=0 p1id=8 p1type=1
hit: step=5961 p0id=2 p0type=0 p1id=8 p1type=1
hit: step=5962 p0id=2 p0type=0 p1id=8 p1type=1
hit: step=5963 p0id=2 p0type=0 p1id=8 p1type=1
hit: step=5964 p0id=2 p0type=0 p1id=8 p1type=1
hit: step=5965 p0id=2 p0type=0 p1id=8 p1type=1
hit: step=5966 p0id=2 p0type=0 p1id=8 p1type=1
hit: step=5967 p0id=2 p0type=0 p1id=8 p1type=1
hit: step=5968 p0id=2 p0type=0 p1id=8 p1type=1
hit: step=5969 p0id=2 p0type=0 p1id=8 p1type=1
hit: step=5970 p0id=2 p0type=0 p1id=8 p1type=1
hit: step=5971 p0id=2 p0type=0 p1id=8 p1type=1
hit: step=5972 p0id=2 p0type=0 p1id=8 p1type=1
hit: step=5973 p0id=2 p0type=0 p1id=8 p1type=1
hit: step=5974 p0id=2 p0type=0 p1id=8 p1type=1
hit: step=5975 p0id=2 p0type=0 p1id=8 p1type=1
hit: step=5976 p0id=2 p0type=0 p1id=8 p1type=1
hit: step=5977 p0id=2 p0type=0 p1id=8 p1type=1
hit: step=5984 p0id=2 p0type=0 p1id=8 p1type=1
hit: step=5986 p0id=2 p0type=0 p1id=8 p1type=1
hit: step=5987 p0id=2 p0type=0 p1id=8 p1type=1
hit: step=5988 p0id=2 p0type=0 p1id=8 p1type=1
hit: step=5989 p0id=2 p0type=0 p1id=8 p1type=1
hit: step=5990 p0id=2 p0type=0 p1id=8 p1type=1
hit: step=5991 p0id=2 p0type=0 p1id=8 p1type=1
hit: step=5992 p0id=2 p0type=0 p1id=8 p1type=1
hit: step=5993 p0id=2 p0type=0 p1id=8 p1type=1
hit: step=5994 p0id=2 p0type=0 p1id=8 p1type=1
analysis...
5999 -> analysis by 0_standard_traj|csv -> traj.csv ...
5999 -> analysis by 1_standard_traj|xyz -> traj.xyz ...
5999 -> analysis by 2_particleNumbers|csv -> out_particleNumbers.csv ...
5999 -> analysis by 3_standardReactionReporting|csv -> out_reactions.csv ...

top: 'step 6000'
hit: step=6008 p0id=2 p0type=0 p1id=8 p1type=1
hit: step=6009 p0id=2 p0type=0 p1id=8 p1type=1
hit: step=6010 p0id=2 p0type=0 p1id=8 p1type=1
hit: step=6011 p0id=2 p0type=0 p1id=8 p1type=1
hit: step=6012 p0id=2 p0type=0 p1id=8 p1type=1
hit: step=6013 p0id=2 p0type=0 p1id=8 p1type=1
hit: step=6014 p0id=2 p0type=0 p1id=8 p1type=1
hit: step=6015 p0id=2 p0type=0 p1id=8 p1type=1
hit: step=6016 p0id=2 p0type=0 p1id=8 p1type=1
hit: step=6017 p0id=2 p0type=0 p1id=8 p1type=1
hit: step=6018 p0id=2 p0type=0 p1id=8 p1type=1
hit: step=6019 p0id=2 p0type=0 p1id=8 p1type=1
hit: step=6020 p0id=2 p0type=0 p1id=8 p1type=1
hit: step=6021 p0id=2 p0type=0 p1id=8 p1type=1
hit: step=6022 p0id=2 p0type=0 p1id=8 p1type=1
hit: step=6023 p0id=2 p0type=0 p1id=8 p1type=1
hit: step=6024 p0id=2 p0type=0 p1id=8 p1type=1
hit: step=6025 p0id=2 p0type=0 p1id=8 p1type=1
hit: step=6026 p0id=2 p0type=0 p1id=8 p1type=1
hit: step=6027 p0id=2 p0type=0 p1id=8 p1type=1
hit: step=6028 p0id=2 p0type=0 p1id=8 p1type=1
hit: step=6029 p0id=2 p0type=0 p1id=8 p1type=1
hit: step=6030 p0id=2 p0type=0 p1id=8 p1type=1
hit: step=6031 p0id=2 p0type=0 p1id=8 p1type=1
hit: step=6032 p0id=2 p0type=0 p1id=8 p1type=1
hit: step=6033 p0id=2 p0type=0 p1id=8 p1type=1
hit: step=6034 p0id=2 p0type=0 p1id=8 p1type=1
hit: step=6035 p0id=2 p0type=0 p1id=8 p1type=1
hit: step=6036 p0id=2 p0type=0 p1id=8 p1type=1
hit: step=6037 p0id=2 p0type=0 p1id=8 p1type=1
hit: step=6038 p0id=2 p0type=0 p1id=8 p1type=1
hit: step=6039 p0id=2 p0type=0 p1id=8 p1type=1
hit: step=6040 p0id=2 p0type=0 p1id=8 p1type=1
hit: step=6041 p0id=2 p0type=0 p1id=8 p1type=1
hit: step=6042 p0id=2 p0type=0 p1id=8 p1type=1
hit: step=6043 p0id=2 p0type=0 p1id=8 p1type=1
hit: step=6044 p0id=2 p0type=0 p1id=8 p1type=1
hit: step=6045 p0id=2 p0type=0 p1id=8 p1type=1
hit: step=6046 p0id=2 p0type=0 p1id=8 p1type=1
hit: step=6047 p0id=2 p0type=0 p1id=8 p1type=1
hit: step=6048 p0id=2 p0type=0 p1id=8 p1type=1
hit: step=6049 p0id=2 p0type=0 p1id=8 p1type=1
hit: step=6050 p0id=2 p0type=0 p1id=8 p1type=1
hit: step=6051 p0id=2 p0type=0 p1id=8 p1type=1
hit: step=6052 p0id=2 p0type=0 p1id=8 p1type=1
hit: step=6053 p0id=2 p0type=0 p1id=8 p1type=1
hit: step=6054 p0id=2 p0type=0 p1id=8 p1type=1
hit: step=6057 p0id=2 p0type=0 p1id=8 p1type=1
hit: step=6058 p0id=2 p0type=0 p1id=8 p1type=1
hit: step=6059 p0id=2 p0type=0 p1id=8 p1type=1
hit: step=6060 p0id=2 p0type=0 p1id=8 p1type=1
hit: step=6061 p0id=2 p0type=0 p1id=8 p1type=1
hit: step=6062 p0id=2 p0type=0 p1id=8 p1type=1
hit: step=6063 p0id=2 p0type=0 p1id=8 p1type=1
hit: step=6064 p0id=2 p0type=0 p1id=8 p1type=1
hit: step=6066 p0id=2 p0type=0 p1id=8 p1type=1
hit: step=6067 p0id=2 p0type=0 p1id=8 p1type=1
hit: step=6079 p0id=2 p0type=0 p1id=8 p1type=1
hit: step=6080 p0id=2 p0type=0 p1id=8 p1type=1
hit: step=6081 p0id=2 p0type=0 p1id=8 p1type=1
hit: step=6082 p0id=2 p0type=0 p1id=8 p1type=1
hit: step=6085 p0id=2 p0type=0 p1id=8 p1type=1
hit: step=6086 p0id=2 p0type=0 p1id=8 p1type=1
hit: step=6087 p0id=2 p0type=0 p1id=8 p1type=1
analysis...
6099 -> analysis by 0_standard_traj|csv -> traj.csv ...
6099 -> analysis by 1_standard_traj|xyz -> traj.xyz ...
6099 -> analysis by 2_particleNumbers|csv -> out_particleNumbers.csv ...
6099 -> analysis by 3_standardReactionReporting|csv -> out_reactions.csv ...
hit: step=6128 p0id=2 p0type=0 p1id=8 p1type=1
hit: step=6129 p0id=2 p0type=0 p1id=8 p1type=1
hit: step=6158 p0id=2 p0type=0 p1id=8 p1type=1
hit: step=6172 p0id=2 p0type=0 p1id=8 p1type=1
hit: step=6173 p0id=2 p0type=0 p1id=8 p1type=1
hit: step=6174 p0id=2 p0type=0 p1id=8 p1type=1
hit: step=6179 p0id=2 p0type=0 p1id=8 p1type=1
hit: step=6180 p0id=2 p0type=0 p1id=8 p1type=1
hit: step=6181 p0id=2 p0type=0 p1id=8 p1type=1
hit: step=6182 p0id=2 p0type=0 p1id=8 p1type=1
hit: step=6183 p0id=2 p0type=0 p1id=8 p1type=1
hit: step=6184 p0id=2 p0type=0 p1id=8 p1type=1
hit: step=6185 p0id=2 p0type=0 p1id=8 p1type=1
hit: step=6186 p0id=2 p0type=0 p1id=8 p1type=1
hit: step=6187 p0id=2 p0type=0 p1id=8 p1type=1
hit: step=6188 p0id=2 p0type=0 p1id=8 p1type=1
hit: step=6189 p0id=2 p0type=0 p1id=8 p1type=1
hit: step=6190 p0id=2 p0type=0 p1id=8 p1type=1
hit: step=6191 p0id=2 p0type=0 p1id=8 p1type=1
hit: step=6192 p0id=2 p0type=0 p1id=8 p1type=1
hit: step=6193 p0id=2 p0type=0 p1id=8 p1type=1
hit: step=6194 p0id=2 p0type=0 p1id=8 p1type=1
hit: step=6195 p0id=2 p0type=0 p1id=8 p1type=1
hit: step=6196 p0id=2 p0type=0 p1id=8 p1type=1
hit: step=6197 p0id=2 p0type=0 p1id=8 p1type=1
hit: step=6198 p0id=2 p0type=0 p1id=8 p1type=1
hit: step=6199 p0id=2 p0type=0 p1id=8 p1type=1
analysis...
6199 -> analysis by 0_standard_traj|csv -> traj.csv ...
6199 -> analysis by 1_standard_traj|xyz -> traj.xyz ...
6199 -> analysis by 2_particleNumbers|csv -> out_particleNumbers.csv ...
6199 -> analysis by 3_standardReactionReporting|csv -> out_reactions.csv ...
hit: step=6200 p0id=2 p0type=0 p1id=8 p1type=1
hit: step=6201 p0id=2 p0type=0 p1id=8 p1type=1
hit: step=6202 p0id=2 p0type=0 p1id=8 p1type=1
hit: step=6203 p0id=2 p0type=0 p1id=8 p1type=1
hit: step=6204 p0id=2 p0type=0 p1id=8 p1type=1
hit: step=6205 p0id=2 p0type=0 p1id=8 p1type=1
hit: step=6206 p0id=2 p0type=0 p1id=8 p1type=1
hit: step=6207 p0id=2 p0type=0 p1id=8 p1type=1
hit: step=6208 p0id=2 p0type=0 p1id=8 p1type=1
hit: step=6209 p0id=2 p0type=0 p1id=8 p1type=1
hit: step=6210 p0id=2 p0type=0 p1id=8 p1type=1
hit: step=6211 p0id=2 p0type=0 p1id=8 p1type=1
hit: step=6212 p0id=2 p0type=0 p1id=8 p1type=1
hit: step=6213 p0id=2 p0type=0 p1id=8 p1type=1
hit: step=6214 p0id=2 p0type=0 p1id=8 p1type=1
hit: step=6215 p0id=2 p0type=0 p1id=8 p1type=1
hit: step=6216 p0id=2 p0type=0 p1id=8 p1type=1
hit: step=6217 p0id=2 p0type=0 p1id=8 p1type=1
hit: step=6218 p0id=2 p0type=0 p1id=8 p1type=1
hit: step=6219 p0id=2 p0type=0 p1id=8 p1type=1
hit: step=6220 p0id=2 p0type=0 p1id=8 p1type=1
hit: step=6221 p0id=2 p0type=0 p1id=8 p1type=1
hit: step=6222 p0id=2 p0type=0 p1id=8 p1type=1
hit: step=6223 p0id=2 p0type=0 p1id=8 p1type=1
hit: step=6224 p0id=2 p0type=0 p1id=8 p1type=1
hit: step=6225 p0id=2 p0type=0 p1id=8 p1type=1
hit: step=6226 p0id=2 p0type=0 p1id=8 p1type=1
hit: step=6227 p0id=2 p0type=0 p1id=8 p1type=1
hit: step=6228 p0id=2 p0type=0 p1id=8 p1type=1
hit: step=6229 p0id=2 p0type=0 p1id=8 p1type=1
hit: step=6230 p0id=2 p0type=0 p1id=8 p1type=1
hit: step=6231 p0id=2 p0type=0 p1id=8 p1type=1
hit: step=6232 p0id=2 p0type=0 p1id=8 p1type=1
hit: step=6233 p0id=2 p0type=0 p1id=8 p1type=1
hit: step=6234 p0id=2 p0type=0 p1id=8 p1type=1
hit: step=6235 p0id=2 p0type=0 p1id=8 p1type=1
hit: step=6236 p0id=2 p0type=0 p1id=8 p1type=1
hit: step=6237 p0id=2 p0type=0 p1id=8 p1type=1
hit: step=6238 p0id=2 p0type=0 p1id=8 p1type=1
hit: step=6239 p0id=2 p0type=0 p1id=8 p1type=1
hit: step=6240 p0id=2 p0type=0 p1id=8 p1type=1
hit: step=6241 p0id=2 p0type=0 p1id=8 p1type=1
hit: step=6242 p0id=2 p0type=0 p1id=8 p1type=1
hit: step=6243 p0id=2 p0type=0 p1id=8 p1type=1
hit: step=6244 p0id=2 p0type=0 p1id=8 p1type=1
hit: step=6245 p0id=2 p0type=0 p1id=8 p1type=1
hit: step=6246 p0id=2 p0type=0 p1id=8 p1type=1
hit: step=6247 p0id=2 p0type=0 p1id=8 p1type=1
hit: step=6248 p0id=2 p0type=0 p1id=8 p1type=1
hit: step=6249 p0id=2 p0type=0 p1id=8 p1type=1
hit: step=6250 p0id=2 p0type=0 p1id=8 p1type=1
hit: step=6251 p0id=2 p0type=0 p1id=8 p1type=1
hit: step=6252 p0id=2 p0type=0 p1id=8 p1type=1
hit: step=6253 p0id=2 p0type=0 p1id=8 p1type=1
hit: step=6254 p0id=2 p0type=0 p1id=8 p1type=1
hit: step=6255 p0id=2 p0type=0 p1id=8 p1type=1
hit: step=6256 p0id=2 p0type=0 p1id=8 p1type=1
hit: step=6257 p0id=2 p0type=0 p1id=8 p1type=1
hit: step=6258 p0id=2 p0type=0 p1id=8 p1type=1
hit: step=6259 p0id=2 p0type=0 p1id=8 p1type=1
hit: step=6260 p0id=2 p0type=0 p1id=8 p1type=1
hit: step=6261 p0id=2 p0type=0 p1id=8 p1type=1
hit: step=6262 p0id=2 p0type=0 p1id=8 p1type=1
hit: step=6263 p0id=2 p0type=0 p1id=8 p1type=1
hit: step=6264 p0id=2 p0type=0 p1id=8 p1type=1
hit: step=6265 p0id=2 p0type=0 p1id=8 p1type=1
hit: step=6266 p0id=2 p0type=0 p1id=8 p1type=1
hit: step=6267 p0id=2 p0type=0 p1id=8 p1type=1
hit: step=6268 p0id=2 p0type=0 p1id=8 p1type=1
hit: step=6269 p0id=2 p0type=0 p1id=8 p1type=1
hit: step=6270 p0id=2 p0type=0 p1id=8 p1type=1
hit: step=6271 p0id=2 p0type=0 p1id=8 p1type=1
hit: step=6272 p0id=2 p0type=0 p1id=8 p1type=1
hit: step=6273 p0id=2 p0type=0 p1id=8 p1type=1
hit: step=6274 p0id=2 p0type=0 p1id=8 p1type=1
hit: step=6275 p0id=2 p0type=0 p1id=8 p1type=1
hit: step=6276 p0id=2 p0type=0 p1id=8 p1type=1
hit: step=6277 p0id=2 p0type=0 p1id=8 p1type=1
hit: step=6278 p0id=2 p0type=0 p1id=8 p1type=1
hit: step=6279 p0id=2 p0type=0 p1id=8 p1type=1
hit: step=6280 p0id=2 p0type=0 p1id=8 p1type=1
hit: step=6281 p0id=2 p0type=0 p1id=8 p1type=1
hit: step=6282 p0id=2 p0type=0 p1id=8 p1type=1
hit: step=6283 p0id=2 p0type=0 p1id=8 p1type=1
hit: step=6284 p0id=2 p0type=0 p1id=8 p1type=1
hit: step=6285 p0id=2 p0type=0 p1id=8 p1type=1
hit: step=6286 p0id=2 p0type=0 p1id=8 p1type=1
hit: step=6287 p0id=2 p0type=0 p1id=8 p1type=1
hit: step=6288 p0id=2 p0type=0 p1id=8 p1type=1
hit: step=6289 p0id=2 p0type=0 p1id=8 p1type=1
hit: step=6290 p0id=2 p0type=0 p1id=8 p1type=1
hit: step=6291 p0id=2 p0type=0 p1id=8 p1type=1
hit: step=6292 p0id=2 p0type=0 p1id=8 p1type=1
hit: step=6293 p0id=2 p0type=0 p1id=8 p1type=1
hit: step=6294 p0id=2 p0type=0 p1id=8 p1type=1
hit: step=6295 p0id=2 p0type=0 p1id=8 p1type=1
hit: step=6296 p0id=2 p0type=0 p1id=8 p1type=1
hit: step=6297 p0id=2 p0type=0 p1id=8 p1type=1
hit: step=6298 p0id=2 p0type=0 p1id=8 p1type=1
hit: step=6299 p0id=2 p0type=0 p1id=8 p1type=1
analysis...
6299 -> analysis by 0_standard_traj|csv -> traj.csv ...
6299 -> analysis by 1_standard_traj|xyz -> traj.xyz ...
6299 -> analysis by 2_particleNumbers|csv -> out_particleNumbers.csv ...
6299 -> analysis by 3_standardReactionReporting|csv -> out_reactions.csv ...
hit: step=6300 p0id=2 p0type=0 p1id=8 p1type=1
hit: step=6301 p0id=2 p0type=0 p1id=8 p1type=1
hit: step=6302 p0id=2 p0type=0 p1id=8 p1type=1
hit: step=6303 p0id=2 p0type=0 p1id=8 p1type=1
hit: step=6304 p0id=2 p0type=0 p1id=8 p1type=1
hit: step=6305 p0id=2 p0type=0 p1id=8 p1type=1
hit: step=6306 p0id=2 p0type=0 p1id=8 p1type=1
hit: step=6307 p0id=2 p0type=0 p1id=8 p1type=1
hit: step=6308 p0id=2 p0type=0 p1id=8 p1type=1
hit: step=6309 p0id=2 p0type=0 p1id=8 p1type=1
hit: step=6311 p0id=2 p0type=0 p1id=8 p1type=1
hit: step=6312 p0id=2 p0type=0 p1id=8 p1type=1
hit: step=6334 p0id=2 p0type=0 p1id=8 p1type=1
hit: step=6335 p0id=2 p0type=0 p1id=8 p1type=1
hit: step=6338 p0id=2 p0type=0 p1id=8 p1type=1
hit: step=6339 p0id=2 p0type=0 p1id=8 p1type=1
hit: step=6340 p0id=2 p0type=0 p1id=8 p1type=1
hit: step=6341 p0id=2 p0type=0 p1id=8 p1type=1
hit: step=6342 p0id=2 p0type=0 p1id=8 p1type=1
hit: step=6343 p0id=2 p0type=0 p1id=8 p1type=1
hit: step=6344 p0id=2 p0type=0 p1id=8 p1type=1
hit: step=6345 p0id=2 p0type=0 p1id=8 p1type=1
hit: step=6346 p0id=2 p0type=0 p1id=8 p1type=1
hit: step=6347 p0id=2 p0type=0 p1id=8 p1type=1
hit: step=6348 p0id=2 p0type=0 p1id=8 p1type=1
hit: step=6353 p0id=2 p0type=0 p1id=8 p1type=1
hit: step=6354 p0id=2 p0type=0 p1id=8 p1type=1
analysis...
6399 -> analysis by 0_standard_traj|csv -> traj.csv ...
6399 -> analysis by 1_standard_traj|xyz -> traj.xyz ...
6399 -> analysis by 2_particleNumbers|csv -> out_particleNumbers.csv ...
6399 -> analysis by 3_standardReactionReporting|csv -> out_reactions.csv ...
analysis...
6499 -> analysis by 0_standard_traj|csv -> traj.csv ...
6499 -> analysis by 1_standard_traj|xyz -> traj.xyz ...
6499 -> analysis by 2_particleNumbers|csv -> out_particleNumbers.csv ...
6499 -> analysis by 3_standardReactionReporting|csv -> out_reactions.csv ...
analysis...
6599 -> analysis by 0_standard_traj|csv -> traj.csv ...
6599 -> analysis by 1_standard_traj|xyz -> traj.xyz ...
6599 -> analysis by 2_particleNumbers|csv -> out_particleNumbers.csv ...
6599 -> analysis by 3_standardReactionReporting|csv -> out_reactions.csv ...
analysis...
6699 -> analysis by 0_standard_traj|csv -> traj.csv ...
6699 -> analysis by 1_standard_traj|xyz -> traj.xyz ...
6699 -> analysis by 2_particleNumbers|csv -> out_particleNumbers.csv ...
6699 -> analysis by 3_standardReactionReporting|csv -> out_reactions.csv ...
analysis...
6799 -> analysis by 0_standard_traj|csv -> traj.csv ...
6799 -> analysis by 1_standard_traj|xyz -> traj.xyz ...
6799 -> analysis by 2_particleNumbers|csv -> out_particleNumbers.csv ...
6799 -> analysis by 3_standardReactionReporting|csv -> out_reactions.csv ...
analysis...
6899 -> analysis by 0_standard_traj|csv -> traj.csv ...
6899 -> analysis by 1_standard_traj|xyz -> traj.xyz ...
6899 -> analysis by 2_particleNumbers|csv -> out_particleNumbers.csv ...
6899 -> analysis by 3_standardReactionReporting|csv -> out_reactions.csv ...
analysis...
6999 -> analysis by 0_standard_traj|csv -> traj.csv ...
6999 -> analysis by 1_standard_traj|xyz -> traj.xyz ...
6999 -> analysis by 2_particleNumbers|csv -> out_particleNumbers.csv ...
6999 -> analysis by 3_standardReactionReporting|csv -> out_reactions.csv ...

top: 'step 7000'
hit: step=7020 p0id=2 p0type=0 p1id=8 p1type=1
analysis...
7099 -> analysis by 0_standard_traj|csv -> traj.csv ...
7099 -> analysis by 1_standard_traj|xyz -> traj.xyz ...
7099 -> analysis by 2_particleNumbers|csv -> out_particleNumbers.csv ...
7099 -> analysis by 3_standardReactionReporting|csv -> out_reactions.csv ...
analysis...
7199 -> analysis by 0_standard_traj|csv -> traj.csv ...
7199 -> analysis by 1_standard_traj|xyz -> traj.xyz ...
7199 -> analysis by 2_particleNumbers|csv -> out_particleNumbers.csv ...
7199 -> analysis by 3_standardReactionReporting|csv -> out_reactions.csv ...
analysis...
7299 -> analysis by 0_standard_traj|csv -> traj.csv ...
7299 -> analysis by 1_standard_traj|xyz -> traj.xyz ...
7299 -> analysis by 2_particleNumbers|csv -> out_particleNumbers.csv ...
7299 -> analysis by 3_standardReactionReporting|csv -> out_reactions.csv ...
analysis...
7399 -> analysis by 0_standard_traj|csv -> traj.csv ...
7399 -> analysis by 1_standard_traj|xyz -> traj.xyz ...
7399 -> analysis by 2_particleNumbers|csv -> out_particleNumbers.csv ...
7399 -> analysis by 3_standardReactionReporting|csv -> out_reactions.csv ...
analysis...
7499 -> analysis by 0_standard_traj|csv -> traj.csv ...
7499 -> analysis by 1_standard_traj|xyz -> traj.xyz ...
7499 -> analysis by 2_particleNumbers|csv -> out_particleNumbers.csv ...
7499 -> analysis by 3_standardReactionReporting|csv -> out_reactions.csv ...
analysis...
7599 -> analysis by 0_standard_traj|csv -> traj.csv ...
7599 -> analysis by 1_standard_traj|xyz -> traj.xyz ...
7599 -> analysis by 2_particleNumbers|csv -> out_particleNumbers.csv ...
7599 -> analysis by 3_standardReactionReporting|csv -> out_reactions.csv ...
analysis...
7699 -> analysis by 0_standard_traj|csv -> traj.csv ...
7699 -> analysis by 1_standard_traj|xyz -> traj.xyz ...
7699 -> analysis by 2_particleNumbers|csv -> out_particleNumbers.csv ...
7699 -> analysis by 3_standardReactionReporting|csv -> out_reactions.csv ...
analysis...
7799 -> analysis by 0_standard_traj|csv -> traj.csv ...
7799 -> analysis by 1_standard_traj|xyz -> traj.xyz ...
7799 -> analysis by 2_particleNumbers|csv -> out_particleNumbers.csv ...
7799 -> analysis by 3_standardReactionReporting|csv -> out_reactions.csv ...
analysis...
7899 -> analysis by 0_standard_traj|csv -> traj.csv ...
7899 -> analysis by 1_standard_traj|xyz -> traj.xyz ...
7899 -> analysis by 2_particleNumbers|csv -> out_particleNumbers.csv ...
7899 -> analysis by 3_standardReactionReporting|csv -> out_reactions.csv ...
analysis...
7999 -> analysis by 0_standard_traj|csv -> traj.csv ...
7999 -> analysis by 1_standard_traj|xyz -> traj.xyz ...
7999 -> analysis by 2_particleNumbers|csv -> out_particleNumbers.csv ...
7999 -> analysis by 3_standardReactionReporting|csv -> out_reactions.csv ...

top: 'step 8000'
analysis...
8099 -> analysis by 0_standard_traj|csv -> traj.csv ...
8099 -> analysis by 1_standard_traj|xyz -> traj.xyz ...
8099 -> analysis by 2_particleNumbers|csv -> out_particleNumbers.csv ...
8099 -> analysis by 3_standardReactionReporting|csv -> out_reactions.csv ...
analysis...
8199 -> analysis by 0_standard_traj|csv -> traj.csv ...
8199 -> analysis by 1_standard_traj|xyz -> traj.xyz ...
8199 -> analysis by 2_particleNumbers|csv -> out_particleNumbers.csv ...
8199 -> analysis by 3_standardReactionReporting|csv -> out_reactions.csv ...
analysis...
8299 -> analysis by 0_standard_traj|csv -> traj.csv ...
8299 -> analysis by 1_standard_traj|xyz -> traj.xyz ...
8299 -> analysis by 2_particleNumbers|csv -> out_particleNumbers.csv ...
8299 -> analysis by 3_standardReactionReporting|csv -> out_reactions.csv ...
analysis...
8399 -> analysis by 0_standard_traj|csv -> traj.csv ...
8399 -> analysis by 1_standard_traj|xyz -> traj.xyz ...
8399 -> analysis by 2_particleNumbers|csv -> out_particleNumbers.csv ...
8399 -> analysis by 3_standardReactionReporting|csv -> out_reactions.csv ...
analysis...
8499 -> analysis by 0_standard_traj|csv -> traj.csv ...
8499 -> analysis by 1_standard_traj|xyz -> traj.xyz ...
8499 -> analysis by 2_particleNumbers|csv -> out_particleNumbers.csv ...
8499 -> analysis by 3_standardReactionReporting|csv -> out_reactions.csv ...
analysis...
8599 -> analysis by 0_standard_traj|csv -> traj.csv ...
8599 -> analysis by 1_standard_traj|xyz -> traj.xyz ...
8599 -> analysis by 2_particleNumbers|csv -> out_particleNumbers.csv ...
8599 -> analysis by 3_standardReactionReporting|csv -> out_reactions.csv ...
analysis...
8699 -> analysis by 0_standard_traj|csv -> traj.csv ...
8699 -> analysis by 1_standard_traj|xyz -> traj.xyz ...
8699 -> analysis by 2_particleNumbers|csv -> out_particleNumbers.csv ...
8699 -> analysis by 3_standardReactionReporting|csv -> out_reactions.csv ...
analysis...
8799 -> analysis by 0_standard_traj|csv -> traj.csv ...
8799 -> analysis by 1_standard_traj|xyz -> traj.xyz ...
8799 -> analysis by 2_particleNumbers|csv -> out_particleNumbers.csv ...
8799 -> analysis by 3_standardReactionReporting|csv -> out_reactions.csv ...
analysis...
8899 -> analysis by 0_standard_traj|csv -> traj.csv ...
8899 -> analysis by 1_standard_traj|xyz -> traj.xyz ...
8899 -> analysis by 2_particleNumbers|csv -> out_particleNumbers.csv ...
8899 -> analysis by 3_standardReactionReporting|csv -> out_reactions.csv ...
analysis...
8999 -> analysis by 0_standard_traj|csv -> traj.csv ...
8999 -> analysis by 1_standard_traj|xyz -> traj.xyz ...
8999 -> analysis by 2_particleNumbers|csv -> out_particleNumbers.csv ...
8999 -> analysis by 3_standardReactionReporting|csv -> out_reactions.csv ...

top: 'step 9000'
analysis...
9099 -> analysis by 0_standard_traj|csv -> traj.csv ...
9099 -> analysis by 1_standard_traj|xyz -> traj.xyz ...
9099 -> analysis by 2_particleNumbers|csv -> out_particleNumbers.csv ...
9099 -> analysis by 3_standardReactionReporting|csv -> out_reactions.csv ...
analysis...
9199 -> analysis by 0_standard_traj|csv -> traj.csv ...
9199 -> analysis by 1_standard_traj|xyz -> traj.xyz ...
9199 -> analysis by 2_particleNumbers|csv -> out_particleNumbers.csv ...
9199 -> analysis by 3_standardReactionReporting|csv -> out_reactions.csv ...
analysis...
9299 -> analysis by 0_standard_traj|csv -> traj.csv ...
9299 -> analysis by 1_standard_traj|xyz -> traj.xyz ...
9299 -> analysis by 2_particleNumbers|csv -> out_particleNumbers.csv ...
9299 -> analysis by 3_standardReactionReporting|csv -> out_reactions.csv ...
analysis...
9399 -> analysis by 0_standard_traj|csv -> traj.csv ...
9399 -> analysis by 1_standard_traj|xyz -> traj.xyz ...
9399 -> analysis by 2_particleNumbers|csv -> out_particleNumbers.csv ...
9399 -> analysis by 3_standardReactionReporting|csv -> out_reactions.csv ...
analysis...
9499 -> analysis by 0_standard_traj|csv -> traj.csv ...
9499 -> analysis by 1_standard_traj|xyz -> traj.xyz ...
9499 -> analysis by 2_particleNumbers|csv -> out_particleNumbers.csv ...
9499 -> analysis by 3_standardReactionReporting|csv -> out_reactions.csv ...
analysis...
9599 -> analysis by 0_standard_traj|csv -> traj.csv ...
9599 -> analysis by 1_standard_traj|xyz -> traj.xyz ...
9599 -> analysis by 2_particleNumbers|csv -> out_particleNumbers.csv ...
9599 -> analysis by 3_standardReactionReporting|csv -> out_reactions.csv ...
analysis...
9699 -> analysis by 0_standard_traj|csv -> traj.csv ...
9699 -> analysis by 1_standard_traj|xyz -> traj.xyz ...
9699 -> analysis by 2_particleNumbers|csv -> out_particleNumbers.csv ...
9699 -> analysis by 3_standardReactionReporting|csv -> out_reactions.csv ...
analysis...
9799 -> analysis by 0_standard_traj|csv -> traj.csv ...
9799 -> analysis by 1_standard_traj|xyz -> traj.xyz ...
9799 -> analysis by 2_particleNumbers|csv -> out_particleNumbers.csv ...
9799 -> analysis by 3_standardReactionReporting|csv -> out_reactions.csv ...
analysis...
9899 -> analysis by 0_standard_traj|csv -> traj.csv ...
9899 -> analysis by 1_standard_traj|xyz -> traj.xyz ...
9899 -> analysis by 2_particleNumbers|csv -> out_particleNumbers.csv ...
9899 -> analysis by 3_standardReactionReporting|csv -> out_reactions.csv ...
analysis...
9999 -> analysis by 0_standard_traj|csv -> traj.csv ...
9999 -> analysis by 1_standard_traj|xyz -> traj.xyz ...
9999 -> analysis by 2_particleNumbers|csv -> out_particleNumbers.csv ...
9999 -> analysis by 3_standardReactionReporting|csv -> out_reactions.csv ...

top: 'step 10000'
analysis...
10099 -> analysis by 0_standard_traj|csv -> traj.csv ...
10099 -> analysis by 1_standard_traj|xyz -> traj.xyz ...
10099 -> analysis by 2_particleNumbers|csv -> out_particleNumbers.csv ...
10099 -> analysis by 3_standardReactionReporting|csv -> out_reactions.csv ...
analysis...
10199 -> analysis by 0_standard_traj|csv -> traj.csv ...
10199 -> analysis by 1_standard_traj|xyz -> traj.xyz ...
10199 -> analysis by 2_particleNumbers|csv -> out_particleNumbers.csv ...
10199 -> analysis by 3_standardReactionReporting|csv -> out_reactions.csv ...
analysis...
10299 -> analysis by 0_standard_traj|csv -> traj.csv ...
10299 -> analysis by 1_standard_traj|xyz -> traj.xyz ...
10299 -> analysis by 2_particleNumbers|csv -> out_particleNumbers.csv ...
10299 -> analysis by 3_standardReactionReporting|csv -> out_reactions.csv ...
analysis...
10399 -> analysis by 0_standard_traj|csv -> traj.csv ...
10399 -> analysis by 1_standard_traj|xyz -> traj.xyz ...
10399 -> analysis by 2_particleNumbers|csv -> out_particleNumbers.csv ...
10399 -> analysis by 3_standardReactionReporting|csv -> out_reactions.csv ...
analysis...
10499 -> analysis by 0_standard_traj|csv -> traj.csv ...
10499 -> analysis by 1_standard_traj|xyz -> traj.xyz ...
10499 -> analysis by 2_particleNumbers|csv -> out_particleNumbers.csv ...
10499 -> analysis by 3_standardReactionReporting|csv -> out_reactions.csv ...
analysis...
10599 -> analysis by 0_standard_traj|csv -> traj.csv ...
10599 -> analysis by 1_standard_traj|xyz -> traj.xyz ...
10599 -> analysis by 2_particleNumbers|csv -> out_particleNumbers.csv ...
10599 -> analysis by 3_standardReactionReporting|csv -> out_reactions.csv ...
analysis...
10699 -> analysis by 0_standard_traj|csv -> traj.csv ...
10699 -> analysis by 1_standard_traj|xyz -> traj.xyz ...
10699 -> analysis by 2_particleNumbers|csv -> out_particleNumbers.csv ...
10699 -> analysis by 3_standardReactionReporting|csv -> out_reactions.csv ...
analysis...
10799 -> analysis by 0_standard_traj|csv -> traj.csv ...
10799 -> analysis by 1_standard_traj|xyz -> traj.xyz ...
10799 -> analysis by 2_particleNumbers|csv -> out_particleNumbers.csv ...
10799 -> analysis by 3_standardReactionReporting|csv -> out_reactions.csv ...
analysis...
10899 -> analysis by 0_standard_traj|csv -> traj.csv ...
10899 -> analysis by 1_standard_traj|xyz -> traj.xyz ...
10899 -> analysis by 2_particleNumbers|csv -> out_particleNumbers.csv ...
10899 -> analysis by 3_standardReactionReporting|csv -> out_reactions.csv ...
analysis...
10999 -> analysis by 0_standard_traj|csv -> traj.csv ...
10999 -> analysis by 1_standard_traj|xyz -> traj.xyz ...
10999 -> analysis by 2_particleNumbers|csv -> out_particleNumbers.csv ...
10999 -> analysis by 3_standardReactionReporting|csv -> out_reactions.csv ...

top: 'step 11000'
analysis...
11099 -> analysis by 0_standard_traj|csv -> traj.csv ...
11099 -> analysis by 1_standard_traj|xyz -> traj.xyz ...
11099 -> analysis by 2_particleNumbers|csv -> out_particleNumbers.csv ...
11099 -> analysis by 3_standardReactionReporting|csv -> out_reactions.csv ...
analysis...
11199 -> analysis by 0_standard_traj|csv -> traj.csv ...
11199 -> analysis by 1_standard_traj|xyz -> traj.xyz ...
11199 -> analysis by 2_particleNumbers|csv -> out_particleNumbers.csv ...
11199 -> analysis by 3_standardReactionReporting|csv -> out_reactions.csv ...
analysis...
11299 -> analysis by 0_standard_traj|csv -> traj.csv ...
11299 -> analysis by 1_standard_traj|xyz -> traj.xyz ...
11299 -> analysis by 2_particleNumbers|csv -> out_particleNumbers.csv ...
11299 -> analysis by 3_standardReactionReporting|csv -> out_reactions.csv ...
analysis...
11399 -> analysis by 0_standard_traj|csv -> traj.csv ...
11399 -> analysis by 1_standard_traj|xyz -> traj.xyz ...
11399 -> analysis by 2_particleNumbers|csv -> out_particleNumbers.csv ...
11399 -> analysis by 3_standardReactionReporting|csv -> out_reactions.csv ...
analysis...
11499 -> analysis by 0_standard_traj|csv -> traj.csv ...
11499 -> analysis by 1_standard_traj|xyz -> traj.xyz ...
11499 -> analysis by 2_particleNumbers|csv -> out_particleNumbers.csv ...
11499 -> analysis by 3_standardReactionReporting|csv -> out_reactions.csv ...
analysis...
11599 -> analysis by 0_standard_traj|csv -> traj.csv ...
11599 -> analysis by 1_standard_traj|xyz -> traj.xyz ...
11599 -> analysis by 2_particleNumbers|csv -> out_particleNumbers.csv ...
11599 -> analysis by 3_standardReactionReporting|csv -> out_reactions.csv ...
analysis...
11699 -> analysis by 0_standard_traj|csv -> traj.csv ...
11699 -> analysis by 1_standard_traj|xyz -> traj.xyz ...
11699 -> analysis by 2_particleNumbers|csv -> out_particleNumbers.csv ...
11699 -> analysis by 3_standardReactionReporting|csv -> out_reactions.csv ...
analysis...
11799 -> analysis by 0_standard_traj|csv -> traj.csv ...
11799 -> analysis by 1_standard_traj|xyz -> traj.xyz ...
11799 -> analysis by 2_particleNumbers|csv -> out_particleNumbers.csv ...
11799 -> analysis by 3_standardReactionReporting|csv -> out_reactions.csv ...
analysis...
11899 -> analysis by 0_standard_traj|csv -> traj.csv ...
11899 -> analysis by 1_standard_traj|xyz -> traj.xyz ...
11899 -> analysis by 2_particleNumbers|csv -> out_particleNumbers.csv ...
11899 -> analysis by 3_standardReactionReporting|csv -> out_reactions.csv ...
analysis...
11999 -> analysis by 0_standard_traj|csv -> traj.csv ...
11999 -> analysis by 1_standard_traj|xyz -> traj.xyz ...
11999 -> analysis by 2_particleNumbers|csv -> out_particleNumbers.csv ...
11999 -> analysis by 3_standardReactionReporting|csv -> out_reactions.csv ...

top: 'step 12000'
analysis...
12099 -> analysis by 0_standard_traj|csv -> traj.csv ...
12099 -> analysis by 1_standard_traj|xyz -> traj.xyz ...
12099 -> analysis by 2_particleNumbers|csv -> out_particleNumbers.csv ...
12099 -> analysis by 3_standardReactionReporting|csv -> out_reactions.csv ...
analysis...
12199 -> analysis by 0_standard_traj|csv -> traj.csv ...
12199 -> analysis by 1_standard_traj|xyz -> traj.xyz ...
12199 -> analysis by 2_particleNumbers|csv -> out_particleNumbers.csv ...
12199 -> analysis by 3_standardReactionReporting|csv -> out_reactions.csv ...
analysis...
12299 -> analysis by 0_standard_traj|csv -> traj.csv ...
12299 -> analysis by 1_standard_traj|xyz -> traj.xyz ...
12299 -> analysis by 2_particleNumbers|csv -> out_particleNumbers.csv ...
12299 -> analysis by 3_standardReactionReporting|csv -> out_reactions.csv ...
analysis...
12399 -> analysis by 0_standard_traj|csv -> traj.csv ...
12399 -> analysis by 1_standard_traj|xyz -> traj.xyz ...
12399 -> analysis by 2_particleNumbers|csv -> out_particleNumbers.csv ...
12399 -> analysis by 3_standardReactionReporting|csv -> out_reactions.csv ...
analysis...
12499 -> analysis by 0_standard_traj|csv -> traj.csv ...
12499 -> analysis by 1_standard_traj|xyz -> traj.xyz ...
12499 -> analysis by 2_particleNumbers|csv -> out_particleNumbers.csv ...
12499 -> analysis by 3_standardReactionReporting|csv -> out_reactions.csv ...
analysis...
12599 -> analysis by 0_standard_traj|csv -> traj.csv ...
12599 -> analysis by 1_standard_traj|xyz -> traj.xyz ...
12599 -> analysis by 2_particleNumbers|csv -> out_particleNumbers.csv ...
12599 -> analysis by 3_standardReactionReporting|csv -> out_reactions.csv ...
analysis...
12699 -> analysis by 0_standard_traj|csv -> traj.csv ...
12699 -> analysis by 1_standard_traj|xyz -> traj.xyz ...
12699 -> analysis by 2_particleNumbers|csv -> out_particleNumbers.csv ...
12699 -> analysis by 3_standardReactionReporting|csv -> out_reactions.csv ...
analysis...
12799 -> analysis by 0_standard_traj|csv -> traj.csv ...
12799 -> analysis by 1_standard_traj|xyz -> traj.xyz ...
12799 -> analysis by 2_particleNumbers|csv -> out_particleNumbers.csv ...
12799 -> analysis by 3_standardReactionReporting|csv -> out_reactions.csv ...
analysis...
12899 -> analysis by 0_standard_traj|csv -> traj.csv ...
12899 -> analysis by 1_standard_traj|xyz -> traj.xyz ...
12899 -> analysis by 2_particleNumbers|csv -> out_particleNumbers.csv ...
12899 -> analysis by 3_standardReactionReporting|csv -> out_reactions.csv ...
analysis...
12999 -> analysis by 0_standard_traj|csv -> traj.csv ...
12999 -> analysis by 1_standard_traj|xyz -> traj.xyz ...
12999 -> analysis by 2_particleNumbers|csv -> out_particleNumbers.csv ...
12999 -> analysis by 3_standardReactionReporting|csv -> out_reactions.csv ...

top: 'step 13000'
analysis...
13099 -> analysis by 0_standard_traj|csv -> traj.csv ...
13099 -> analysis by 1_standard_traj|xyz -> traj.xyz ...
13099 -> analysis by 2_particleNumbers|csv -> out_particleNumbers.csv ...
13099 -> analysis by 3_standardReactionReporting|csv -> out_reactions.csv ...
analysis...
13199 -> analysis by 0_standard_traj|csv -> traj.csv ...
13199 -> analysis by 1_standard_traj|xyz -> traj.xyz ...
13199 -> analysis by 2_particleNumbers|csv -> out_particleNumbers.csv ...
13199 -> analysis by 3_standardReactionReporting|csv -> out_reactions.csv ...
analysis...
13299 -> analysis by 0_standard_traj|csv -> traj.csv ...
13299 -> analysis by 1_standard_traj|xyz -> traj.xyz ...
13299 -> analysis by 2_particleNumbers|csv -> out_particleNumbers.csv ...
13299 -> analysis by 3_standardReactionReporting|csv -> out_reactions.csv ...
analysis...
13399 -> analysis by 0_standard_traj|csv -> traj.csv ...
13399 -> analysis by 1_standard_traj|xyz -> traj.xyz ...
13399 -> analysis by 2_particleNumbers|csv -> out_particleNumbers.csv ...
13399 -> analysis by 3_standardReactionReporting|csv -> out_reactions.csv ...
analysis...
13499 -> analysis by 0_standard_traj|csv -> traj.csv ...
13499 -> analysis by 1_standard_traj|xyz -> traj.xyz ...
13499 -> analysis by 2_particleNumbers|csv -> out_particleNumbers.csv ...
13499 -> analysis by 3_standardReactionReporting|csv -> out_reactions.csv ...
analysis...
13599 -> analysis by 0_standard_traj|csv -> traj.csv ...
13599 -> analysis by 1_standard_traj|xyz -> traj.xyz ...
13599 -> analysis by 2_particleNumbers|csv -> out_particleNumbers.csv ...
13599 -> analysis by 3_standardReactionReporting|csv -> out_reactions.csv ...
analysis...
13699 -> analysis by 0_standard_traj|csv -> traj.csv ...
13699 -> analysis by 1_standard_traj|xyz -> traj.xyz ...
13699 -> analysis by 2_particleNumbers|csv -> out_particleNumbers.csv ...
13699 -> analysis by 3_standardReactionReporting|csv -> out_reactions.csv ...
analysis...
13799 -> analysis by 0_standard_traj|csv -> traj.csv ...
13799 -> analysis by 1_standard_traj|xyz -> traj.xyz ...
13799 -> analysis by 2_particleNumbers|csv -> out_particleNumbers.csv ...
13799 -> analysis by 3_standardReactionReporting|csv -> out_reactions.csv ...
analysis...
13899 -> analysis by 0_standard_traj|csv -> traj.csv ...
13899 -> analysis by 1_standard_traj|xyz -> traj.xyz ...
13899 -> analysis by 2_particleNumbers|csv -> out_particleNumbers.csv ...
13899 -> analysis by 3_standardReactionReporting|csv -> out_reactions.csv ...
analysis...
13999 -> analysis by 0_standard_traj|csv -> traj.csv ...
13999 -> analysis by 1_standard_traj|xyz -> traj.xyz ...
13999 -> analysis by 2_particleNumbers|csv -> out_particleNumbers.csv ...
13999 -> analysis by 3_standardReactionReporting|csv -> out_reactions.csv ...

top: 'step 14000'
analysis...
14099 -> analysis by 0_standard_traj|csv -> traj.csv ...
14099 -> analysis by 1_standard_traj|xyz -> traj.xyz ...
14099 -> analysis by 2_particleNumbers|csv -> out_particleNumbers.csv ...
14099 -> analysis by 3_standardReactionReporting|csv -> out_reactions.csv ...
analysis...
14199 -> analysis by 0_standard_traj|csv -> traj.csv ...
14199 -> analysis by 1_standard_traj|xyz -> traj.xyz ...
14199 -> analysis by 2_particleNumbers|csv -> out_particleNumbers.csv ...
14199 -> analysis by 3_standardReactionReporting|csv -> out_reactions.csv ...
analysis...
14299 -> analysis by 0_standard_traj|csv -> traj.csv ...
14299 -> analysis by 1_standard_traj|xyz -> traj.xyz ...
14299 -> analysis by 2_particleNumbers|csv -> out_particleNumbers.csv ...
14299 -> analysis by 3_standardReactionReporting|csv -> out_reactions.csv ...
analysis...
14399 -> analysis by 0_standard_traj|csv -> traj.csv ...
14399 -> analysis by 1_standard_traj|xyz -> traj.xyz ...
14399 -> analysis by 2_particleNumbers|csv -> out_particleNumbers.csv ...
14399 -> analysis by 3_standardReactionReporting|csv -> out_reactions.csv ...
analysis...
14499 -> analysis by 0_standard_traj|csv -> traj.csv ...
14499 -> analysis by 1_standard_traj|xyz -> traj.xyz ...
14499 -> analysis by 2_particleNumbers|csv -> out_particleNumbers.csv ...
14499 -> analysis by 3_standardReactionReporting|csv -> out_reactions.csv ...
analysis...
14599 -> analysis by 0_standard_traj|csv -> traj.csv ...
14599 -> analysis by 1_standard_traj|xyz -> traj.xyz ...
14599 -> analysis by 2_particleNumbers|csv -> out_particleNumbers.csv ...
14599 -> analysis by 3_standardReactionReporting|csv -> out_reactions.csv ...
analysis...
14699 -> analysis by 0_standard_traj|csv -> traj.csv ...
14699 -> analysis by 1_standard_traj|xyz -> traj.xyz ...
14699 -> analysis by 2_particleNumbers|csv -> out_particleNumbers.csv ...
14699 -> analysis by 3_standardReactionReporting|csv -> out_reactions.csv ...
analysis...
14799 -> analysis by 0_standard_traj|csv -> traj.csv ...
14799 -> analysis by 1_standard_traj|xyz -> traj.xyz ...
14799 -> analysis by 2_particleNumbers|csv -> out_particleNumbers.csv ...
14799 -> analysis by 3_standardReactionReporting|csv -> out_reactions.csv ...
analysis...
14899 -> analysis by 0_standard_traj|csv -> traj.csv ...
14899 -> analysis by 1_standard_traj|xyz -> traj.xyz ...
14899 -> analysis by 2_particleNumbers|csv -> out_particleNumbers.csv ...
14899 -> analysis by 3_standardReactionReporting|csv -> out_reactions.csv ...
analysis...
14999 -> analysis by 0_standard_traj|csv -> traj.csv ...
14999 -> analysis by 1_standard_traj|xyz -> traj.xyz ...
14999 -> analysis by 2_particleNumbers|csv -> out_particleNumbers.csv ...
14999 -> analysis by 3_standardReactionReporting|csv -> out_reactions.csv ...

top: 'step 15000'
analysis...
15099 -> analysis by 0_standard_traj|csv -> traj.csv ...
15099 -> analysis by 1_standard_traj|xyz -> traj.xyz ...
15099 -> analysis by 2_particleNumbers|csv -> out_particleNumbers.csv ...
15099 -> analysis by 3_standardReactionReporting|csv -> out_reactions.csv ...
analysis...
15199 -> analysis by 0_standard_traj|csv -> traj.csv ...
15199 -> analysis by 1_standard_traj|xyz -> traj.xyz ...
15199 -> analysis by 2_particleNumbers|csv -> out_particleNumbers.csv ...
15199 -> analysis by 3_standardReactionReporting|csv -> out_reactions.csv ...
analysis...
15299 -> analysis by 0_standard_traj|csv -> traj.csv ...
15299 -> analysis by 1_standard_traj|xyz -> traj.xyz ...
15299 -> analysis by 2_particleNumbers|csv -> out_particleNumbers.csv ...
15299 -> analysis by 3_standardReactionReporting|csv -> out_reactions.csv ...
analysis...
15399 -> analysis by 0_standard_traj|csv -> traj.csv ...
15399 -> analysis by 1_standard_traj|xyz -> traj.xyz ...
15399 -> analysis by 2_particleNumbers|csv -> out_particleNumbers.csv ...
15399 -> analysis by 3_standardReactionReporting|csv -> out_reactions.csv ...
analysis...
15499 -> analysis by 0_standard_traj|csv -> traj.csv ...
15499 -> analysis by 1_standard_traj|xyz -> traj.xyz ...
15499 -> analysis by 2_particleNumbers|csv -> out_particleNumbers.csv ...
15499 -> analysis by 3_standardReactionReporting|csv -> out_reactions.csv ...
check for fission product placement acceptance based on energy: 80.42377370786616 kJ/mol
analysis...
15599 -> analysis by 0_standard_traj|csv -> traj.csv ...
15599 -> analysis by 1_standard_traj|xyz -> traj.xyz ...
15599 -> analysis by 2_particleNumbers|csv -> out_particleNumbers.csv ...
15599 -> analysis by 3_standardReactionReporting|csv -> out_reactions.csv ...
analysis...
15699 -> analysis by 0_standard_traj|csv -> traj.csv ...
15699 -> analysis by 1_standard_traj|xyz -> traj.xyz ...
15699 -> analysis by 2_particleNumbers|csv -> out_particleNumbers.csv ...
15699 -> analysis by 3_standardReactionReporting|csv -> out_reactions.csv ...
analysis...
15799 -> analysis by 0_standard_traj|csv -> traj.csv ...
15799 -> analysis by 1_standard_traj|xyz -> traj.xyz ...
15799 -> analysis by 2_particleNumbers|csv -> out_particleNumbers.csv ...
15799 -> analysis by 3_standardReactionReporting|csv -> out_reactions.csv ...
analysis...
15899 -> analysis by 0_standard_traj|csv -> traj.csv ...
15899 -> analysis by 1_standard_traj|xyz -> traj.xyz ...
15899 -> analysis by 2_particleNumbers|csv -> out_particleNumbers.csv ...
15899 -> analysis by 3_standardReactionReporting|csv -> out_reactions.csv ...
analysis...
15999 -> analysis by 0_standard_traj|csv -> traj.csv ...
15999 -> analysis by 1_standard_traj|xyz -> traj.xyz ...
15999 -> analysis by 2_particleNumbers|csv -> out_particleNumbers.csv ...
15999 -> analysis by 3_standardReactionReporting|csv -> out_reactions.csv ...

top: 'step 16000'
analysis...
16099 -> analysis by 0_standard_traj|csv -> traj.csv ...
16099 -> analysis by 1_standard_traj|xyz -> traj.xyz ...
16099 -> analysis by 2_particleNumbers|csv -> out_particleNumbers.csv ...
16099 -> analysis by 3_standardReactionReporting|csv -> out_reactions.csv ...
analysis...
16199 -> analysis by 0_standard_traj|csv -> traj.csv ...
16199 -> analysis by 1_standard_traj|xyz -> traj.xyz ...
16199 -> analysis by 2_particleNumbers|csv -> out_particleNumbers.csv ...
16199 -> analysis by 3_standardReactionReporting|csv -> out_reactions.csv ...
analysis...
16299 -> analysis by 0_standard_traj|csv -> traj.csv ...
16299 -> analysis by 1_standard_traj|xyz -> traj.xyz ...
16299 -> analysis by 2_particleNumbers|csv -> out_particleNumbers.csv ...
16299 -> analysis by 3_standardReactionReporting|csv -> out_reactions.csv ...
analysis...
16399 -> analysis by 0_standard_traj|csv -> traj.csv ...
16399 -> analysis by 1_standard_traj|xyz -> traj.xyz ...
16399 -> analysis by 2_particleNumbers|csv -> out_particleNumbers.csv ...
16399 -> analysis by 3_standardReactionReporting|csv -> out_reactions.csv ...
analysis...
16499 -> analysis by 0_standard_traj|csv -> traj.csv ...
16499 -> analysis by 1_standard_traj|xyz -> traj.xyz ...
16499 -> analysis by 2_particleNumbers|csv -> out_particleNumbers.csv ...
16499 -> analysis by 3_standardReactionReporting|csv -> out_reactions.csv ...
analysis...
16599 -> analysis by 0_standard_traj|csv -> traj.csv ...
16599 -> analysis by 1_standard_traj|xyz -> traj.xyz ...
16599 -> analysis by 2_particleNumbers|csv -> out_particleNumbers.csv ...
16599 -> analysis by 3_standardReactionReporting|csv -> out_reactions.csv ...
analysis...
16699 -> analysis by 0_standard_traj|csv -> traj.csv ...
16699 -> analysis by 1_standard_traj|xyz -> traj.xyz ...
16699 -> analysis by 2_particleNumbers|csv -> out_particleNumbers.csv ...
16699 -> analysis by 3_standardReactionReporting|csv -> out_reactions.csv ...
analysis...
16799 -> analysis by 0_standard_traj|csv -> traj.csv ...
16799 -> analysis by 1_standard_traj|xyz -> traj.xyz ...
16799 -> analysis by 2_particleNumbers|csv -> out_particleNumbers.csv ...
16799 -> analysis by 3_standardReactionReporting|csv -> out_reactions.csv ...
analysis...
16899 -> analysis by 0_standard_traj|csv -> traj.csv ...
16899 -> analysis by 1_standard_traj|xyz -> traj.xyz ...
16899 -> analysis by 2_particleNumbers|csv -> out_particleNumbers.csv ...
16899 -> analysis by 3_standardReactionReporting|csv -> out_reactions.csv ...
analysis...
16999 -> analysis by 0_standard_traj|csv -> traj.csv ...
16999 -> analysis by 1_standard_traj|xyz -> traj.xyz ...
16999 -> analysis by 2_particleNumbers|csv -> out_particleNumbers.csv ...
16999 -> analysis by 3_standardReactionReporting|csv -> out_reactions.csv ...

top: 'step 17000'
analysis...
17099 -> analysis by 0_standard_traj|csv -> traj.csv ...
17099 -> analysis by 1_standard_traj|xyz -> traj.xyz ...
17099 -> analysis by 2_particleNumbers|csv -> out_particleNumbers.csv ...
17099 -> analysis by 3_standardReactionReporting|csv -> out_reactions.csv ...
analysis...
17199 -> analysis by 0_standard_traj|csv -> traj.csv ...
17199 -> analysis by 1_standard_traj|xyz -> traj.xyz ...
17199 -> analysis by 2_particleNumbers|csv -> out_particleNumbers.csv ...
17199 -> analysis by 3_standardReactionReporting|csv -> out_reactions.csv ...
analysis...
17299 -> analysis by 0_standard_traj|csv -> traj.csv ...
17299 -> analysis by 1_standard_traj|xyz -> traj.xyz ...
17299 -> analysis by 2_particleNumbers|csv -> out_particleNumbers.csv ...
17299 -> analysis by 3_standardReactionReporting|csv -> out_reactions.csv ...
analysis...
17399 -> analysis by 0_standard_traj|csv -> traj.csv ...
17399 -> analysis by 1_standard_traj|xyz -> traj.xyz ...
17399 -> analysis by 2_particleNumbers|csv -> out_particleNumbers.csv ...
17399 -> analysis by 3_standardReactionReporting|csv -> out_reactions.csv ...
analysis...
17499 -> analysis by 0_standard_traj|csv -> traj.csv ...
17499 -> analysis by 1_standard_traj|xyz -> traj.xyz ...
17499 -> analysis by 2_particleNumbers|csv -> out_particleNumbers.csv ...
17499 -> analysis by 3_standardReactionReporting|csv -> out_reactions.csv ...
analysis...
17599 -> analysis by 0_standard_traj|csv -> traj.csv ...
17599 -> analysis by 1_standard_traj|xyz -> traj.xyz ...
17599 -> analysis by 2_particleNumbers|csv -> out_particleNumbers.csv ...
17599 -> analysis by 3_standardReactionReporting|csv -> out_reactions.csv ...
analysis...
17699 -> analysis by 0_standard_traj|csv -> traj.csv ...
17699 -> analysis by 1_standard_traj|xyz -> traj.xyz ...
17699 -> analysis by 2_particleNumbers|csv -> out_particleNumbers.csv ...
17699 -> analysis by 3_standardReactionReporting|csv -> out_reactions.csv ...
analysis...
17799 -> analysis by 0_standard_traj|csv -> traj.csv ...
17799 -> analysis by 1_standard_traj|xyz -> traj.xyz ...
17799 -> analysis by 2_particleNumbers|csv -> out_particleNumbers.csv ...
17799 -> analysis by 3_standardReactionReporting|csv -> out_reactions.csv ...
analysis...
17899 -> analysis by 0_standard_traj|csv -> traj.csv ...
17899 -> analysis by 1_standard_traj|xyz -> traj.xyz ...
17899 -> analysis by 2_particleNumbers|csv -> out_particleNumbers.csv ...
17899 -> analysis by 3_standardReactionReporting|csv -> out_reactions.csv ...
analysis...
17999 -> analysis by 0_standard_traj|csv -> traj.csv ...
17999 -> analysis by 1_standard_traj|xyz -> traj.xyz ...
17999 -> analysis by 2_particleNumbers|csv -> out_particleNumbers.csv ...
17999 -> analysis by 3_standardReactionReporting|csv -> out_reactions.csv ...

top: 'step 18000'
analysis...
18099 -> analysis by 0_standard_traj|csv -> traj.csv ...
18099 -> analysis by 1_standard_traj|xyz -> traj.xyz ...
18099 -> analysis by 2_particleNumbers|csv -> out_particleNumbers.csv ...
18099 -> analysis by 3_standardReactionReporting|csv -> out_reactions.csv ...
analysis...
18199 -> analysis by 0_standard_traj|csv -> traj.csv ...
18199 -> analysis by 1_standard_traj|xyz -> traj.xyz ...
18199 -> analysis by 2_particleNumbers|csv -> out_particleNumbers.csv ...
18199 -> analysis by 3_standardReactionReporting|csv -> out_reactions.csv ...
analysis...
18299 -> analysis by 0_standard_traj|csv -> traj.csv ...
18299 -> analysis by 1_standard_traj|xyz -> traj.xyz ...
18299 -> analysis by 2_particleNumbers|csv -> out_particleNumbers.csv ...
18299 -> analysis by 3_standardReactionReporting|csv -> out_reactions.csv ...
analysis...
18399 -> analysis by 0_standard_traj|csv -> traj.csv ...
18399 -> analysis by 1_standard_traj|xyz -> traj.xyz ...
18399 -> analysis by 2_particleNumbers|csv -> out_particleNumbers.csv ...
18399 -> analysis by 3_standardReactionReporting|csv -> out_reactions.csv ...
analysis...
18499 -> analysis by 0_standard_traj|csv -> traj.csv ...
18499 -> analysis by 1_standard_traj|xyz -> traj.xyz ...
18499 -> analysis by 2_particleNumbers|csv -> out_particleNumbers.csv ...
18499 -> analysis by 3_standardReactionReporting|csv -> out_reactions.csv ...
analysis...
18599 -> analysis by 0_standard_traj|csv -> traj.csv ...
18599 -> analysis by 1_standard_traj|xyz -> traj.xyz ...
18599 -> analysis by 2_particleNumbers|csv -> out_particleNumbers.csv ...
18599 -> analysis by 3_standardReactionReporting|csv -> out_reactions.csv ...
analysis...
18699 -> analysis by 0_standard_traj|csv -> traj.csv ...
18699 -> analysis by 1_standard_traj|xyz -> traj.xyz ...
18699 -> analysis by 2_particleNumbers|csv -> out_particleNumbers.csv ...
18699 -> analysis by 3_standardReactionReporting|csv -> out_reactions.csv ...
analysis...
18799 -> analysis by 0_standard_traj|csv -> traj.csv ...
18799 -> analysis by 1_standard_traj|xyz -> traj.xyz ...
18799 -> analysis by 2_particleNumbers|csv -> out_particleNumbers.csv ...
18799 -> analysis by 3_standardReactionReporting|csv -> out_reactions.csv ...
analysis...
18899 -> analysis by 0_standard_traj|csv -> traj.csv ...
18899 -> analysis by 1_standard_traj|xyz -> traj.xyz ...
18899 -> analysis by 2_particleNumbers|csv -> out_particleNumbers.csv ...
18899 -> analysis by 3_standardReactionReporting|csv -> out_reactions.csv ...
analysis...
18999 -> analysis by 0_standard_traj|csv -> traj.csv ...
18999 -> analysis by 1_standard_traj|xyz -> traj.xyz ...
18999 -> analysis by 2_particleNumbers|csv -> out_particleNumbers.csv ...
18999 -> analysis by 3_standardReactionReporting|csv -> out_reactions.csv ...

top: 'step 19000'
analysis...
19099 -> analysis by 0_standard_traj|csv -> traj.csv ...
19099 -> analysis by 1_standard_traj|xyz -> traj.xyz ...
19099 -> analysis by 2_particleNumbers|csv -> out_particleNumbers.csv ...
19099 -> analysis by 3_standardReactionReporting|csv -> out_reactions.csv ...
analysis...
19199 -> analysis by 0_standard_traj|csv -> traj.csv ...
19199 -> analysis by 1_standard_traj|xyz -> traj.xyz ...
19199 -> analysis by 2_particleNumbers|csv -> out_particleNumbers.csv ...
19199 -> analysis by 3_standardReactionReporting|csv -> out_reactions.csv ...
analysis...
19299 -> analysis by 0_standard_traj|csv -> traj.csv ...
19299 -> analysis by 1_standard_traj|xyz -> traj.xyz ...
19299 -> analysis by 2_particleNumbers|csv -> out_particleNumbers.csv ...
19299 -> analysis by 3_standardReactionReporting|csv -> out_reactions.csv ...
analysis...
19399 -> analysis by 0_standard_traj|csv -> traj.csv ...
19399 -> analysis by 1_standard_traj|xyz -> traj.xyz ...
19399 -> analysis by 2_particleNumbers|csv -> out_particleNumbers.csv ...
19399 -> analysis by 3_standardReactionReporting|csv -> out_reactions.csv ...
analysis...
19499 -> analysis by 0_standard_traj|csv -> traj.csv ...
19499 -> analysis by 1_standard_traj|xyz -> traj.xyz ...
19499 -> analysis by 2_particleNumbers|csv -> out_particleNumbers.csv ...
19499 -> analysis by 3_standardReactionReporting|csv -> out_reactions.csv ...
analysis...
19599 -> analysis by 0_standard_traj|csv -> traj.csv ...
19599 -> analysis by 1_standard_traj|xyz -> traj.xyz ...
19599 -> analysis by 2_particleNumbers|csv -> out_particleNumbers.csv ...
19599 -> analysis by 3_standardReactionReporting|csv -> out_reactions.csv ...
analysis...
19699 -> analysis by 0_standard_traj|csv -> traj.csv ...
19699 -> analysis by 1_standard_traj|xyz -> traj.xyz ...
19699 -> analysis by 2_particleNumbers|csv -> out_particleNumbers.csv ...
19699 -> analysis by 3_standardReactionReporting|csv -> out_reactions.csv ...
analysis...
19799 -> analysis by 0_standard_traj|csv -> traj.csv ...
19799 -> analysis by 1_standard_traj|xyz -> traj.xyz ...
19799 -> analysis by 2_particleNumbers|csv -> out_particleNumbers.csv ...
19799 -> analysis by 3_standardReactionReporting|csv -> out_reactions.csv ...
analysis...
19899 -> analysis by 0_standard_traj|csv -> traj.csv ...
19899 -> analysis by 1_standard_traj|xyz -> traj.xyz ...
19899 -> analysis by 2_particleNumbers|csv -> out_particleNumbers.csv ...
19899 -> analysis by 3_standardReactionReporting|csv -> out_reactions.csv ...
analysis...
19999 -> analysis by 0_standard_traj|csv -> traj.csv ...
19999 -> analysis by 1_standard_traj|xyz -> traj.xyz ...
19999 -> analysis by 2_particleNumbers|csv -> out_particleNumbers.csv ...
19999 -> analysis by 3_standardReactionReporting|csv -> out_reactions.csv ...
raw runtime = 877399000 ns
avg time per step = 43869 ns
]]></system-out>
  <system-err><![CDATA[]]></system-err>
</testsuite>
